2020-09-17T10:04:52.881892056Z  running: (['/opt/scylladb/scripts/scylla_dev_mode_setup', '--developer-mode', '1'],)
2020-09-17T10:04:53.379236568Z  running: (['/opt/scylladb/scripts/scylla_io_setup'],)
2020-09-17T10:04:53.760157991Z  2020-09-17 10:04:53,759 CRIT Supervisor is running as root.  Privileges were not dropped because no user is specified in the config file.  If you intend to run as root, you can set user=root in the config file to avoid this message.
2020-09-17T10:04:53.760197987Z  2020-09-17 10:04:53,759 INFO Included extra file "/etc/supervisord.conf.d/node-exporter.conf" during parsing
2020-09-17T10:04:53.760516422Z  2020-09-17 10:04:53,760 INFO Included extra file "/etc/supervisord.conf.d/rsyslog.conf" during parsing
2020-09-17T10:04:53.760547192Z  2020-09-17 10:04:53,760 INFO Included extra file "/etc/supervisord.conf.d/scylla-housekeeping.conf" during parsing
2020-09-17T10:04:53.760883736Z  2020-09-17 10:04:53,760 INFO Included extra file "/etc/supervisord.conf.d/scylla-jmx.conf" during parsing
2020-09-17T10:04:53.760912500Z  2020-09-17 10:04:53,760 INFO Included extra file "/etc/supervisord.conf.d/scylla-server.conf" during parsing
2020-09-17T10:04:53.761144821Z  2020-09-17 10:04:53,760 INFO Included extra file "/etc/supervisord.conf.d/sshd-server.conf" during parsing
2020-09-17T10:04:53.794229124Z  2020-09-17 10:04:53,793 INFO RPC interface 'supervisor' initialized
2020-09-17T10:04:53.794495867Z  2020-09-17 10:04:53,794 CRIT Server 'inet_http_server' running without any HTTP authentication checking
2020-09-17T10:04:53.794867390Z  2020-09-17 10:04:53,794 INFO supervisord started with pid 25
2020-09-17T10:04:54.800362728Z  2020-09-17 10:04:54,799 INFO spawned: 'scylla' with pid 28
2020-09-17T10:04:54.810900039Z  2020-09-17 10:04:54,804 INFO spawned: 'scylla-housekeeping' with pid 29
2020-09-17T10:04:54.810926578Z  2020-09-17 10:04:54,807 INFO spawned: 'sshd' with pid 30
2020-09-17T10:04:54.811126036Z  2020-09-17 10:04:54,810 INFO spawned: 'scylla-jmx' with pid 31
2020-09-17T10:04:54.814542966Z  2020-09-17 10:04:54,814 INFO spawned: 'rsyslog' with pid 32
2020-09-17T10:04:54.817207458Z  2020-09-17 10:04:54,816 INFO spawned: 'node-exporter' with pid 34
2020-09-17T10:04:54.831499752Z  Generating public/private ed25519 key pair.
2020-09-17T10:04:54.831527265Z  Your identification has been saved in /etc/ssh/ssh_host_ed25519_key.
2020-09-17T10:04:54.831537537Z  Your public key has been saved in /etc/ssh/ssh_host_ed25519_key.pub.
2020-09-17T10:04:54.831546863Z  The key fingerprint is:
2020-09-17T10:04:54.831559059Z  SHA256:pxnErHDZpmOSSgVY/ZWnePQqflrmx+ukb2PlMKqx42Q root@765c7574ed44
2020-09-17T10:04:54.831568323Z  The key's randomart image is:
2020-09-17T10:04:54.831577055Z  +--[ED25519 256]--+
2020-09-17T10:04:54.831592852Z  | oo.     .       |
2020-09-17T10:04:54.831601568Z  |.  ..  =+ .      |
2020-09-17T10:04:54.831610286Z  |    o.o+*+       |
2020-09-17T10:04:54.831618858Z  |   . +o=o .      |
2020-09-17T10:04:54.831627554Z  |  . o =.S..      |
2020-09-17T10:04:54.831683714Z  | . . o...=o .    |
2020-09-17T10:04:54.831696671Z  |  .  .E.=o.=     |
2020-09-17T10:04:54.831705313Z  |     oo*oo* .    |
2020-09-17T10:04:54.831713888Z  |     .==o*+o     |
2020-09-17T10:04:54.831722540Z  +----[SHA256]-----+
2020-09-17T10:04:54.856925841Z  time="2020-09-17T10:04:54Z" level=info msg="Starting node_exporter (version=0.17.0, branch=HEAD, revision=f6f6194a436b9a63d0439abc585c76b19a206b21)" source="node_exporter.go:82"
2020-09-17T10:04:54.856955490Z  time="2020-09-17T10:04:54Z" level=info msg="Build context (go=go1.11.2, user=root@322511e06ced, date=20181130-15:51:33)" source="node_exporter.go:83"
2020-09-17T10:04:54.857904933Z  time="2020-09-17T10:04:54Z" level=info msg="Enabled collectors:" source="node_exporter.go:90"
2020-09-17T10:04:54.857924673Z  time="2020-09-17T10:04:54Z" level=info msg=" - arp" source="node_exporter.go:97"
2020-09-17T10:04:54.858243768Z  time="2020-09-17T10:04:54Z" level=info msg=" - bcache" source="node_exporter.go:97"
2020-09-17T10:04:54.858262302Z  time="2020-09-17T10:04:54Z" level=info msg=" - bonding" source="node_exporter.go:97"
2020-09-17T10:04:54.858272511Z  time="2020-09-17T10:04:54Z" level=info msg=" - conntrack" source="node_exporter.go:97"
2020-09-17T10:04:54.858282262Z  time="2020-09-17T10:04:54Z" level=info msg=" - cpu" source="node_exporter.go:97"
2020-09-17T10:04:54.858299195Z  time="2020-09-17T10:04:54Z" level=info msg=" - diskstats" source="node_exporter.go:97"
2020-09-17T10:04:54.858308782Z  time="2020-09-17T10:04:54Z" level=info msg=" - edac" source="node_exporter.go:97"
2020-09-17T10:04:54.858572812Z  time="2020-09-17T10:04:54Z" level=info msg=" - entropy" source="node_exporter.go:97"
2020-09-17T10:04:54.858590446Z  time="2020-09-17T10:04:54Z" level=info msg=" - filefd" source="node_exporter.go:97"
2020-09-17T10:04:54.858600576Z  time="2020-09-17T10:04:54Z" level=info msg=" - filesystem" source="node_exporter.go:97"
2020-09-17T10:04:54.858610243Z  time="2020-09-17T10:04:54Z" level=info msg=" - hwmon" source="node_exporter.go:97"
2020-09-17T10:04:54.858619744Z  time="2020-09-17T10:04:54Z" level=info msg=" - infiniband" source="node_exporter.go:97"
2020-09-17T10:04:54.858629423Z  time="2020-09-17T10:04:54Z" level=info msg=" - interrupts" source="node_exporter.go:97"
2020-09-17T10:04:54.858957975Z  time="2020-09-17T10:04:54Z" level=info msg=" - ipvs" source="node_exporter.go:97"
2020-09-17T10:04:54.858976982Z  time="2020-09-17T10:04:54Z" level=info msg=" - loadavg" source="node_exporter.go:97"
2020-09-17T10:04:54.858987085Z  time="2020-09-17T10:04:54Z" level=info msg=" - mdadm" source="node_exporter.go:97"
2020-09-17T10:04:54.858996541Z  time="2020-09-17T10:04:54Z" level=info msg=" - meminfo" source="node_exporter.go:97"
2020-09-17T10:04:54.859304113Z  time="2020-09-17T10:04:54Z" level=info msg=" - netclass" source="node_exporter.go:97"
2020-09-17T10:04:54.859322540Z  time="2020-09-17T10:04:54Z" level=info msg=" - netdev" source="node_exporter.go:97"
2020-09-17T10:04:54.859348396Z  time="2020-09-17T10:04:54Z" level=info msg=" - netstat" source="node_exporter.go:97"
2020-09-17T10:04:54.859359222Z  time="2020-09-17T10:04:54Z" level=info msg=" - nfs" source="node_exporter.go:97"
2020-09-17T10:04:54.859369294Z  time="2020-09-17T10:04:54Z" level=info msg=" - nfsd" source="node_exporter.go:97"
2020-09-17T10:04:54.859646300Z  time="2020-09-17T10:04:54Z" level=info msg=" - sockstat" source="node_exporter.go:97"
2020-09-17T10:04:54.859664034Z  time="2020-09-17T10:04:54Z" level=info msg=" - stat" source="node_exporter.go:97"
2020-09-17T10:04:54.859673846Z  time="2020-09-17T10:04:54Z" level=info msg=" - textfile" source="node_exporter.go:97"
2020-09-17T10:04:54.859683294Z  time="2020-09-17T10:04:54Z" level=info msg=" - time" source="node_exporter.go:97"
2020-09-17T10:04:54.859981961Z  time="2020-09-17T10:04:54Z" level=info msg=" - timex" source="node_exporter.go:97"
2020-09-17T10:04:54.860000191Z  time="2020-09-17T10:04:54Z" level=info msg=" - uname" source="node_exporter.go:97"
2020-09-17T10:04:54.860010650Z  time="2020-09-17T10:04:54Z" level=info msg=" - vmstat" source="node_exporter.go:97"
2020-09-17T10:04:54.860020710Z  time="2020-09-17T10:04:54Z" level=info msg=" - xfs" source="node_exporter.go:97"
2020-09-17T10:04:54.860318297Z  time="2020-09-17T10:04:54Z" level=info msg=" - zfs" source="node_exporter.go:97"
2020-09-17T10:04:54.860336173Z  time="2020-09-17T10:04:54Z" level=info msg="Listening on :9100" source="node_exporter.go:111"
2020-09-17T10:04:55.180987196Z  Scylla version 4.1.6-0.20200831.6d9ff622df with build-id c2ed04d00095c63b7456b5fcda6775c5a9f33b0b starting ...
2020-09-17T10:04:55.181017745Z  command used: "/usr/bin/scylla --log-to-syslog 0 --log-to-stdout 1 --default-log-level info --network-stack posix --developer-mode=1 --overprovisioned --listen-address 10.0.39.12 --rpc-address 10.0.39.12 --seed-provider-parameters seeds=10.0.39.12 --blocked-reactor-notify-ms 999999999"
2020-09-17T10:04:55.181028875Z  parsed command line options: [log-to-syslog: 0, log-to-stdout: 1, default-log-level: info, network-stack: posix, developer-mode: 1, overprovisioned, listen-address: 10.0.39.12, rpc-address: 10.0.39.12, seed-provider-parameters: seeds=10.0.39.12, blocked-reactor-notify-ms: 999999999]
2020-09-17T10:04:55.331925554Z  WARN  2020-09-17 10:04:55,331 [shard 0] seastar - Unable to set SCHED_FIFO scheduling policy for timer thread; latency impact possible. Try adding CAP_SYS_NICE
2020-09-17T10:04:55.402848100Z  INFO  2020-09-17 10:04:55,402 [shard 0] init - installing SIGHUP handler
2020-09-17T10:04:55.409618793Z  Generating public/private rsa key pair.
2020-09-17T10:04:55.409643409Z  Your identification has been saved in /etc/ssh/ssh_host_rsa_key.
2020-09-17T10:04:55.409653712Z  Your public key has been saved in /etc/ssh/ssh_host_rsa_key.pub.
2020-09-17T10:04:55.409663044Z  The key fingerprint is:
2020-09-17T10:04:55.409672144Z  SHA256:GuN3H4aLKGv168B0OXZgowk7ajvubbax8jVGHJagqaY root@765c7574ed44
2020-09-17T10:04:55.409681110Z  The key's randomart image is:
2020-09-17T10:04:55.409702240Z  +---[RSA 4096]----+
2020-09-17T10:04:55.409712484Z  |    .            |
2020-09-17T10:04:55.409721363Z  |   o . .         |
2020-09-17T10:04:55.409730164Z  |  o . + +        |
2020-09-17T10:04:55.409738935Z  | .   = = +       |
2020-09-17T10:04:55.409747823Z  |..  o O S .      |
2020-09-17T10:04:55.409756609Z  |o  . *.* o .     |
2020-09-17T10:04:55.409765318Z  |E o ..O.. o o    |
2020-09-17T10:04:55.409774130Z  | .oo== =.o + .   |
2020-09-17T10:04:55.409783042Z  | o+B*+..+.. .    |
2020-09-17T10:04:55.409792010Z  +----[SHA256]-----+
2020-09-17T10:04:55.413242631Z  INFO  2020-09-17 10:04:55,412 [shard 0] init - Scylla version 4.1.6-0.20200831.6d9ff622df with build-id c2ed04d00095c63b7456b5fcda6775c5a9f33b0b starting ...
2020-09-17T10:04:55.413274373Z  
2020-09-17T10:04:55.416686541Z  INFO  2020-09-17 10:04:55,416 [shard 0] init - starting prometheus API server
2020-09-17T10:04:55.422360567Z  INFO  2020-09-17 10:04:55,422 [shard 0] init - starting tokens manager
2020-09-17T10:04:55.422846475Z  INFO  2020-09-17 10:04:55,422 [shard 0] init - starting migration manager notifier
2020-09-17T10:04:55.423177081Z  INFO  2020-09-17 10:04:55,422 [shard 0] init - creating tracing
2020-09-17T10:04:55.423982641Z  INFO  2020-09-17 10:04:55,423 [shard 0] init - creating snitch
2020-09-17T10:04:55.426534733Z  INFO  2020-09-17 10:04:55,426 [shard 0] init - determining DNS name
2020-09-17T10:04:55.426557451Z  INFO  2020-09-17 10:04:55,426 [shard 0] init - starting API server
2020-09-17T10:04:55.427993234Z  INFO  2020-09-17 10:04:55,427 [shard 0] init - Scylla API server listening on 127.0.0.1:10000 ...
2020-09-17T10:04:55.430193379Z  INFO  2020-09-17 10:04:55,429 [shard 0] init - initializing storage service
2020-09-17T10:04:55.430765183Z  INFO  2020-09-17 10:04:55,430 [shard 0] init - starting per-shard database core
2020-09-17T10:04:55.437627185Z  WARN  2020-09-17 10:04:55,437 [shard 0] init - I/O Scheduler is not properly configured! This is a non-supported setup, and performance is expected to be unpredictably bad.
2020-09-17T10:04:55.437665337Z   Reason found: none of --max-io-requests, --io-properties and --io-properties-file are set.
2020-09-17T10:04:55.437677310Z  To properly configure the I/O Scheduler, run the scylla_io_setup utility shipped with Scylla.
2020-09-17T10:04:55.437686684Z  
2020-09-17T10:04:55.438268842Z  INFO  2020-09-17 10:04:55,438 [shard 0] init - creating and verifying directories
2020-09-17T10:04:55.445307506Z  Could not load host key: /etc/ssh/ssh_host_ecdsa_key
2020-09-17T10:04:55.520833113Z  Connecting to http://localhost:10000
2020-09-17T10:04:55.521764283Z  Starting the JMX server
2020-09-17T10:04:55.779534324Z  INFO  2020-09-17 10:04:55,779 [shard 0] database - Populating Keyspace system_schema
2020-09-17T10:04:55.779588318Z  INFO  2020-09-17 10:04:55,779 [shard 0] database - Keyspace system_schema: Reading CF computed_columns id=cc7c7069-3740-33c1-92a4-c3de78dbd2c4 version=2b8c4439-de76-31e0-807f-3b7290a975d7
2020-09-17T10:04:55.779618332Z  INFO  2020-09-17 10:04:55,779 [shard 0] database - Keyspace system_schema: Reading CF view_virtual_columns id=08843b63-45dc-3be2-9798-a0418295cfaa version=c777531c-15f7-326f-8ebe-39fd0265c8c9
2020-09-17T10:04:55.779629670Z  INFO  2020-09-17 10:04:55,779 [shard 0] database - Keyspace system_schema: Reading CF dropped_columns id=5e7583b5-f3f4-3af1-9a39-b7e1d6f5f11f version=7426bc6c-4c2f-3200-8ad8-4329610ed59a
2020-09-17T10:04:55.779639763Z  INFO  2020-09-17 10:04:55,779 [shard 0] database - Keyspace system_schema: Reading CF indexes id=0feb57ac-311f-382f-ba6d-9024d305702f version=99c40462-8687-304e-abe3-2bdbef1f25aa
2020-09-17T10:04:55.779898904Z  INFO  2020-09-17 10:04:55,779 [shard 0] database - Keyspace system_schema: Reading CF functions id=96489b79-80be-3e14-a701-66a0b9159450 version=329ed804-55b3-3eee-ad61-d85317b96097
2020-09-17T10:04:55.779924662Z  INFO  2020-09-17 10:04:55,779 [shard 0] database - Keyspace system_schema: Reading CF columns id=24101c25-a2ae-3af7-87c1-b40ee1aca33f version=d33236d4-9bdd-3c09-abf0-a0bc5edc2526
2020-09-17T10:04:55.779936080Z  INFO  2020-09-17 10:04:55,779 [shard 0] database - Keyspace system_schema: Reading CF scylla_tables id=5d912ff1-f759-3665-b2c8-8042ab5103dd version=38e5e56b-155d-39b5-a0d2-8e5dcad42a26
2020-09-17T10:04:55.779946256Z  INFO  2020-09-17 10:04:55,779 [shard 0] database - Keyspace system_schema: Reading CF tables id=afddfb9d-bc1e-3068-8056-eed6c302ba09 version=b6240810-eeb7-36d5-9411-43b2d68dddab
2020-09-17T10:04:55.779955979Z  INFO  2020-09-17 10:04:55,779 [shard 0] database - Keyspace system_schema: Reading CF keyspaces id=abac5682-dea6-31c5-b535-b3d6cffd0fb6 version=e79ca8ba-6556-3f7d-925a-7f20cf57938c
2020-09-17T10:04:55.779965848Z  INFO  2020-09-17 10:04:55,779 [shard 0] database - Keyspace system_schema: Reading CF triggers id=4df70b66-6b05-3251-95a1-32b54005fd48 version=582d7071-1ef0-37c8-adc6-471a13636139
2020-09-17T10:04:55.779975605Z  INFO  2020-09-17 10:04:55,779 [shard 0] database - Keyspace system_schema: Reading CF views id=9786ac1c-dd58-3201-a7cd-ad556410c985 version=5b58bb47-96e7-3f57-accf-0bfca4dbbc6e
2020-09-17T10:04:55.779985389Z  INFO  2020-09-17 10:04:55,779 [shard 0] database - Keyspace system_schema: Reading CF types id=5a8b1ca8-6602-3f77-a045-9273d308917a version=de51b2ce-5e4d-3b7d-a75f-2204332ce8d1
2020-09-17T10:04:55.779995116Z  INFO  2020-09-17 10:04:55,779 [shard 0] database - Keyspace system_schema: Reading CF aggregates id=924c5587-2e3a-345b-b10c-12f37c1ba895 version=4b53e92c-0368-3d5c-b959-2ec1bfd1a59f
2020-09-17T10:04:56.069378438Z  JMX is enabled to receive remote connections on port: 7199
2020-09-17T10:04:56.069685463Z  2020-09-17 10:04:56,069 INFO success: scylla entered RUNNING state, process has stayed up for > than 1 seconds (startsecs)
2020-09-17T10:04:56.069769206Z  2020-09-17 10:04:56,069 INFO success: scylla-housekeeping entered RUNNING state, process has stayed up for > than 1 seconds (startsecs)
2020-09-17T10:04:56.070112986Z  2020-09-17 10:04:56,069 INFO success: sshd entered RUNNING state, process has stayed up for > than 1 seconds (startsecs)
2020-09-17T10:04:56.070193649Z  2020-09-17 10:04:56,069 INFO success: scylla-jmx entered RUNNING state, process has stayed up for > than 1 seconds (startsecs)
2020-09-17T10:04:56.070493895Z  2020-09-17 10:04:56,070 INFO success: rsyslog entered RUNNING state, process has stayed up for > than 1 seconds (startsecs)
2020-09-17T10:04:56.070573220Z  2020-09-17 10:04:56,070 INFO success: node-exporter entered RUNNING state, process has stayed up for > than 1 seconds (startsecs)
2020-09-17T10:04:59.650082928Z  INFO  2020-09-17 10:04:59,649 [shard 0] database - Found temporary sstable directory: "/var/lib/scylla/data/system_schema/computed_columns-cc7c7069374033c192a4c3de78dbd2c4/0000000000000342.sstable", removing
2020-09-17T10:04:59.650115522Z  INFO  2020-09-17 10:04:59,649 [shard 0] database - Found temporary sstable directory: "/var/lib/scylla/data/system_schema/computed_columns-cc7c7069374033c192a4c3de78dbd2c4/0000000000000343.sstable", removing
2020-09-17T10:04:59.650623948Z  INFO  2020-09-17 10:04:59,649 [shard 0] database - Found temporary sstable directory: "/var/lib/scylla/data/system_schema/scylla_tables-5d912ff1f7593665b2c88042ab5103dd/0000000000000347.sstable", removing
2020-09-17T10:04:59.650648467Z  INFO  2020-09-17 10:04:59,649 [shard 0] database - Found temporary sstable directory: "/var/lib/scylla/data/system_schema/scylla_tables-5d912ff1f7593665b2c88042ab5103dd/0000000000000346.sstable", removing
2020-09-17T10:04:59.650659667Z  INFO  2020-09-17 10:04:59,649 [shard 0] database - Found temporary sstable directory: "/var/lib/scylla/data/system_schema/tables-afddfb9dbc1e30688056eed6c302ba09/0000000000000358.sstable", removing
2020-09-17T10:04:59.651542533Z  INFO  2020-09-17 10:04:59,650 [shard 0] database - Found temporary sstable directory: "/var/lib/scylla/data/system_schema/views-9786ac1cdd583201a7cdad556410c985/0000000000000291.sstable", removing
2020-09-17T10:04:59.651568012Z  INFO  2020-09-17 10:04:59,651 [shard 0] database - Found temporary sstable directory: "/var/lib/scylla/data/system_schema/views-9786ac1cdd583201a7cdad556410c985/0000000000000294.sstable", removing
2020-09-17T10:04:59.652180353Z  INFO  2020-09-17 10:04:59,651 [shard 0] database - Found temporary sstable directory: "/var/lib/scylla/data/system_schema/aggregates-924c55872e3a345bb10c12f37c1ba895/0000000000000279.sstable", removing
2020-09-17T10:04:59.652658092Z  INFO  2020-09-17 10:04:59,651 [shard 0] database - Found temporary sstable directory: "/var/lib/scylla/data/system_schema/aggregates-924c55872e3a345bb10c12f37c1ba895/0000000000000282.sstable", removing
2020-09-17T10:04:59.708508006Z  WARN  2020-09-17 10:04:59,708 [shard 0] sstable - Deleting components of sstable from system_schema.computed_columns of generation 342 that has a temporary TOC
2020-09-17T10:04:59.709333171Z  WARN  2020-09-17 10:04:59,709 [shard 0] sstable - Deleting components of sstable from system_schema.scylla_tables of generation 347 that has a temporary TOC
2020-09-17T10:04:59.760852556Z  WARN  2020-09-17 10:04:59,760 [shard 0] sstable - Deleting components of sstable from system_schema.tables of generation 358 that has a temporary TOC
2020-09-17T10:04:59.760914382Z  WARN  2020-09-17 10:04:59,760 [shard 0] sstable - Deleting components of sstable from system_schema.aggregates of generation 279 that has a temporary TOC
2020-09-17T10:04:59.761442005Z  WARN  2020-09-17 10:04:59,760 [shard 0] sstable - Deleting components of sstable from system_schema.views of generation 291 that has a temporary TOC
2020-09-17T10:04:59.854408478Z  WARN  2020-09-17 10:04:59,853 [shard 0] sstable - Deleting components of sstable from system_schema.computed_columns of generation 343 that has a temporary TOC
2020-09-17T10:05:00.452434695Z  Traceback (most recent call last):
2020-09-17T10:05:00.452464510Z    File "/opt/scylladb/scripts/libexec/scylla-housekeeping", line 208, in <module>
2020-09-17T10:05:00.452476124Z      args.func(args)
2020-09-17T10:05:00.452485173Z    File "/opt/scylladb/scripts/libexec/scylla-housekeeping", line 134, in check_version
2020-09-17T10:05:00.452494410Z      current_version = sanitize_version(get_api('/storage_service/scylla_release_version'))
2020-09-17T10:05:00.452503591Z    File "/opt/scylladb/scripts/libexec/scylla-housekeeping", line 93, in get_api
2020-09-17T10:05:00.452512646Z      return get_json_from_url("http://" + api_address + path)
2020-09-17T10:05:00.452521684Z    File "/opt/scylladb/scripts/libexec/scylla-housekeeping", line 88, in get_json_from_url
2020-09-17T10:05:00.452530942Z      raise RuntimeError(f'Failed to get "{path}" due to the following error: {retval}')
2020-09-17T10:05:00.452540378Z  RuntimeError: Failed to get "http://localhost:10000/storage_service/scylla_release_version" due to the following error: HTTP Error 404: Not Found
2020-09-17T10:05:00.464859833Z  WARN  2020-09-17 10:05:00,463 [shard 0] sstable - Deleting components of sstable from system_schema.aggregates of generation 282 that has a temporary TOC
2020-09-17T10:05:00.540098307Z  WARN  2020-09-17 10:05:00,539 [shard 0] sstable - Deleting components of sstable from system_schema.scylla_tables of generation 346 that has a temporary TOC
2020-09-17T10:05:00.540529655Z  WARN  2020-09-17 10:05:00,540 [shard 0] sstable - Deleting components of sstable from system_schema.views of generation 294 that has a temporary TOC
2020-09-17T10:05:01.188600290Z  INFO  2020-09-17 10:05:01,187 [shard 0] database - Populating Keyspace system
2020-09-17T10:05:01.189373445Z  INFO  2020-09-17 10:05:01,188 [shard 0] database - Keyspace system: Reading CF schema_aggregates id=a5fc57fc-9d6c-3bfd-a3fc-01ad54686fea version=d06c934f-9a69-374c-86f1-523ab26fb05c
2020-09-17T10:05:01.189417601Z  INFO  2020-09-17 10:05:01,188 [shard 0] database - Keyspace system: Reading CF schema_triggers id=0359bc71-7123-3ee1-9a4a-b9dfb11fc125 version=75e4ec4c-76da-3f59-984e-66810ba0c62b
2020-09-17T10:05:01.189438644Z  INFO  2020-09-17 10:05:01,188 [shard 0] database - Keyspace system: Reading CF compaction_history id=b4dbb7b4-dc49-3fb5-b3bf-ce6e434832ca version=25cae56a-8d75-39f3-a146-3756ab4981c7
2020-09-17T10:05:01.189971277Z  INFO  2020-09-17 10:05:01,188 [shard 0] database - Keyspace system: Reading CF compactions_in_progress id=55080ab0-5d9c-3886-90a4-acb25fe1f77b version=540263f1-40db-3869-8a38-3baadedc222d
2020-09-17T10:05:01.190017877Z  INFO  2020-09-17 10:05:01,188 [shard 0] database - Keyspace system: Reading CF range_xfers id=55d76438-4e55-3f8b-9f6e-676d4af3976d version=dd15a078-409b-350d-9bef-c5f3520832d8
2020-09-17T10:05:01.190039168Z  INFO  2020-09-17 10:05:01,188 [shard 0] database - Keyspace system: Reading CF scylla_views_builds_in_progress id=a04c7bfd-1e13-36c9-a44d-f22da352281d version=e3fb736c-6956-3990-a31d-9a482279e3fc
2020-09-17T10:05:01.190058411Z  INFO  2020-09-17 10:05:01,189 [shard 0] database - Keyspace system: Reading CF IndexInfo id=9f5c6374-d485-3229-9a0a-5094af9ad1e3 version=bbb3743b-351f-3023-b4fc-09a9be37d529
2020-09-17T10:05:01.190124106Z  INFO  2020-09-17 10:05:01,189 [shard 0] database - Keyspace system: Reading CF cdc_local id=0bcaffd4-0c83-3ead-ad13-dc1d5015b77c version=0aa4d3a2-ed95-3ecd-aba0-cd75622ad290
2020-09-17T10:05:01.190147599Z  INFO  2020-09-17 10:05:01,189 [shard 0] database - Keyspace system: Reading CF schema_columnfamilies id=45f5b360-24bc-3f83-a363-1034ea4fa697 version=7f7a5fea-07b7-304d-a6f8-f7aec72cabdb
2020-09-17T10:05:01.190166406Z  INFO  2020-09-17 10:05:01,189 [shard 0] database - Keyspace system: Reading CF batchlog id=0290003c-977e-397c-ac3e-fdfdc01d626b version=e2a2e804-49e4-3597-9f16-39fd9475835c
2020-09-17T10:05:01.190184722Z  INFO  2020-09-17 10:05:01,189 [shard 0] database - Keyspace system: Reading CF schema_functions id=d1b675fe-2b50-3ca4-8e49-c0f81989dcad version=a50959dd-2be0-3e4e-8bb5-cf40796e256a
2020-09-17T10:05:01.190203739Z  INFO  2020-09-17 10:05:01,189 [shard 0] database - Keyspace system: Reading CF peer_events id=59dfeaea-8db2-3341-91ef-109974d81484 version=7f874a05-72b8-3c21-9acb-baa164fc351a
2020-09-17T10:05:01.190222292Z  INFO  2020-09-17 10:05:01,189 [shard 0] database - Keyspace system: Reading CF local id=7ad54392-bcdd-35a6-8417-4e047860b377 version=7fa82c2e-5b67-37dd-8e5e-2079e18f1536
2020-09-17T10:05:01.190240476Z  INFO  2020-09-17 10:05:01,189 [shard 0] database - Keyspace system: Reading CF clients id=ca0f635d-8630-3609-8d93-a1fc06f2a5e5 version=51273ebf-e6f9-3cd5-b455-ea09ad29796f
2020-09-17T10:05:01.190261940Z  INFO  2020-09-17 10:05:01,189 [shard 0] database - Keyspace system: Reading CF size_estimates id=618f817b-005f-3678-b8a4-53f3930b8e86 version=6d4dbcff-f05b-3dc3-95ad-f79f7b10504d
2020-09-17T10:05:01.190281857Z  INFO  2020-09-17 10:05:01,189 [shard 0] database - Keyspace system: Reading CF large_partitions id=8a7fe624-96b0-34b1-b90e-f71bddcdd2d3 version=04fa9920-9369-3a96-be39-6dd9fdc816b6
2020-09-17T10:05:01.190300480Z  INFO  2020-09-17 10:05:01,189 [shard 0] database - Keyspace system: Reading CF schema_columns id=296e9c04-9bec-3085-827d-c17d3df2122a version=53cfbb66-ee0d-37be-97bb-b2afb3746f85
2020-09-17T10:05:01.190319021Z  INFO  2020-09-17 10:05:01,189 [shard 0] database - Keyspace system: Reading CF built_views id=4b3c50a9-ea87-3d76-9101-6dbc9c38494a version=a28aa0b3-6def-30a7-9fbe-ce78b3f3c9b9
2020-09-17T10:05:01.190675654Z  INFO  2020-09-17 10:05:01,189 [shard 0] database - Keyspace system: Reading CF peers id=37f71aca-7dc2-383b-a706-72528af04d4f version=f6f6871f-8c86-3eca-ac0b-2a2e848e395d
2020-09-17T10:05:01.190723175Z  INFO  2020-09-17 10:05:01,189 [shard 0] database - Keyspace system: Reading CF hints id=2666e205-73ef-38b3-90fe-fecf96e8f0c7 version=0b74fdd1-e96d-309e-a14e-a5bcd7ac885d
2020-09-17T10:05:01.190743538Z  INFO  2020-09-17 10:05:01,189 [shard 0] database - Keyspace system: Reading CF large_rows id=40550f66-0858-39a0-9430-f27fc08034e9 version=aee3acb0-7926-317b-848e-db7bc3721695
2020-09-17T10:05:01.190762118Z  INFO  2020-09-17 10:05:01,189 [shard 0] database - Keyspace system: Reading CF large_cells id=ead8bbc5-f146-3ae1-9f71-0b11f9a1d296 version=0d4a6937-a781-3f87-a192-b4e4a4a40acf
2020-09-17T10:05:01.190780588Z  INFO  2020-09-17 10:05:01,189 [shard 0] database - Keyspace system: Reading CF scylla_local id=2972ec7f-fb20-38dd-aac1-d876f2e3fcbd version=5f0b407d-eedf-3845-a48e-dbb9673d10e1
2020-09-17T10:05:01.190877433Z  INFO  2020-09-17 10:05:01,189 [shard 0] database - Keyspace system: Reading CF views_builds_in_progress id=b7f2c108-78cd-3c80-9cd5-d609b2bd149c version=b905cce5-1474-3085-819a-7592453e2fb9
2020-09-17T10:05:01.190899834Z  INFO  2020-09-17 10:05:01,189 [shard 0] database - Keyspace system: Reading CF schema_usertypes id=3aa75225-4f82-350b-8d5c-430fa221fa0a version=3c53e6bb-56d5-3618-a0b2-4ff5f18127d7
2020-09-17T10:05:01.190919024Z  INFO  2020-09-17 10:05:01,189 [shard 0] database - Keyspace system: Reading CF sstable_activity id=5a1ff267-ace0-3f12-8563-cfae6103c65e version=bdec57a3-b234-334b-be9c-7b1f33113995
2020-09-17T10:05:01.190937730Z  INFO  2020-09-17 10:05:01,189 [shard 0] database - Keyspace system: Reading CF truncated id=38c19fd0-fb86-3310-a4b7-0d0cc66628aa version=6da9a85c-7ae0-3917-aead-54a2f65a57a8
2020-09-17T10:05:01.190956797Z  INFO  2020-09-17 10:05:01,189 [shard 0] database - Keyspace system: Reading CF paxos id=b7b7f0c2-fd0a-3410-8c05-3ef614bb7c2d version=6dd372de-72fb-3e1b-9b8c-f97738a67fe9
2020-09-17T10:05:01.190975614Z  INFO  2020-09-17 10:05:01,189 [shard 0] database - Keyspace system: Reading CF schema_keyspaces id=b0f22357-4458-3cdb-9631-c43e59ce3676 version=84d28cef-59f9-34a9-9be5-31c684997f03
2020-09-17T10:05:13.126581027Z  INFO  2020-09-17 10:05:13,126 [shard 0] init - starting gossip
2020-09-17T10:05:13.126621419Z  WARN  2020-09-17 10:05:13,126 [shard 0] init - Using default cluster name is not recommended. Using a unique cluster name will reduce the chance of adding nodes to the wrong cluster by mistake
2020-09-17T10:05:13.127149872Z  INFO  2020-09-17 10:05:13,126 [shard 0] init - starting storage proxy
2020-09-17T10:05:13.141834489Z  INFO  2020-09-17 10:05:13,141 [shard 0] init - creating hints manager
2020-09-17T10:05:13.142184293Z  INFO  2020-09-17 10:05:13,141 [shard 3] init - creating hints manager
2020-09-17T10:05:13.142611605Z  INFO  2020-09-17 10:05:13,142 [shard 1] init - creating hints manager
2020-09-17T10:05:13.143324243Z  INFO  2020-09-17 10:05:13,143 [shard 2] init - creating hints manager
2020-09-17T10:05:13.144021988Z  INFO  2020-09-17 10:05:13,143 [shard 0] init - starting migration manager
2020-09-17T10:05:13.144551165Z  INFO  2020-09-17 10:05:13,144 [shard 0] init - starting query processor
2020-09-17T10:05:13.146000990Z  INFO  2020-09-17 10:05:13,145 [shard 0] init - initializing batchlog manager
2020-09-17T10:05:13.150390221Z  INFO  2020-09-17 10:05:13,150 [shard 0] legacy_schema_migrator - Moving 0 keyspaces from legacy schema tables to the new schema keyspace (system_schema)
2020-09-17T10:05:13.150881371Z  INFO  2020-09-17 10:05:13,150 [shard 0] legacy_schema_migrator - Dropping legacy schema tables
2020-09-17T10:05:29.177845725Z  INFO  2020-09-17 10:05:29,177 [shard 0] legacy_schema_migrator - Completed migration of legacy schema tables
2020-09-17T10:05:29.182004649Z  INFO  2020-09-17 10:05:29,181 [shard 0] init - loading system sstables
2020-09-17T10:05:43.382261903Z  INFO  2020-09-17 10:05:43,381 [shard 0] init - loading non-system sstables
2020-09-17T10:05:51.295424688Z  INFO  2020-09-17 10:05:51,294 [shard 0] database - Populating Keyspace dt
2020-09-17T10:05:51.295487480Z  INFO  2020-09-17 10:05:51,294 [shard 0] database - Keyspace dt: Reading CF element_twin_idx_index id=630ae8b0-d77b-11ea-9877-000000000001 version=bc3026fd-bc4e-318d-b6f4-ca0b566cb74b
2020-09-17T10:05:51.295529132Z  INFO  2020-09-17 10:05:51,294 [shard 0] database - Keyspace dt: Reading CF source_element_idx_index id=68593f10-d77b-11ea-9877-000000000001 version=33e3f927-f730-3081-88e1-6bed2962e42a
2020-09-17T10:05:51.295547777Z  INFO  2020-09-17 10:05:51,294 [shard 0] database - Keyspace dt: Reading CF source id=65ff2270-d77b-11ea-9877-000000000001 version=5f8471b7-7d19-31d4-9be5-0f153affb0bb
2020-09-17T10:05:51.295844139Z  INFO  2020-09-17 10:05:51,294 [shard 0] database - Keyspace dt: Reading CF source_data id=6af6cd50-d77b-11ea-9877-000000000001 version=b52400e3-b307-3141-b3fc-e5d63573f135
2020-09-17T10:05:51.295883420Z  INFO  2020-09-17 10:05:51,294 [shard 0] database - Keyspace dt: Reading CF element id=607549b0-d77b-11ea-9877-000000000001 version=f44a6c4b-69d8-37f2-b116-7260740acc6c
2020-09-17T10:05:51.295902540Z  INFO  2020-09-17 10:05:51,295 [shard 0] database - Keyspace dt: Reading CF twin id=5e00c740-d77b-11ea-9877-000000000001 version=6240633e-c8cc-3fea-a1e3-452eff1b9659
2020-09-17T10:05:51.295919060Z  INFO  2020-09-17 10:05:51,295 [shard 0] database - Keyspace dt: Reading CF user id=5c294820-d77b-11ea-9877-000000000001 version=02cce273-02f1-3e6a-8674-f1016e3f22d7
2020-09-17T10:05:51.295935292Z  INFO  2020-09-17 10:05:51,295 [shard 0] database - Populating Keyspace system_distributed
2020-09-17T10:05:51.295959915Z  INFO  2020-09-17 10:05:51,295 [shard 0] database - Keyspace system_distributed: Reading CF view_build_status id=5582b59f-8e4e-35e1-b913-3acada51eb04 version=e0b6e628-60e0-39a2-ada0-9b6c13bdd9bc
2020-09-17T10:05:51.295970218Z  INFO  2020-09-17 10:05:51,295 [shard 0] database - Keyspace system_distributed: Reading CF cdc_generations id=6a4df139-00b6-3d21-9efc-dade266dc3b7 version=2511b46b-df1d-39fa-9a77-f5cacf88af47
2020-09-17T10:05:51.295980591Z  INFO  2020-09-17 10:05:51,295 [shard 0] database - Keyspace system_distributed: Reading CF cdc_streams id=07405732-4620-34d6-a85e-947248dad9a4 version=b606cfa4-a37b-32bd-a624-e05cab2bed3c
2020-09-17T10:05:51.295991124Z  INFO  2020-09-17 10:05:51,295 [shard 0] database - Populating Keyspace system_auth
2020-09-17T10:05:51.296029254Z  INFO  2020-09-17 10:05:51,295 [shard 0] database - Keyspace system_auth: Reading CF roles id=5bc52802-de25-35ed-aeab-188eecebb090 version=d8f599da-7544-3f57-aa58-b229deea93e0
2020-09-17T10:05:51.296046164Z  INFO  2020-09-17 10:05:51,295 [shard 0] database - Keyspace system_auth: Reading CF role_members id=0ecdaa87-f8fb-3e60-88d1-74fb36fe5c0d version=2923b5bb-f2f8-36e8-9e73-19019900010c
2020-09-17T10:05:51.296062094Z  INFO  2020-09-17 10:05:51,295 [shard 0] database - Populating Keyspace system_traces
2020-09-17T10:05:51.296077447Z  INFO  2020-09-17 10:05:51,295 [shard 0] database - Keyspace system_traces: Reading CF sessions id=c5e99f16-8677-3914-b17e-960613512345 version=e0fc4b06-6cba-3b7b-bfb6-b42a77c370a9
2020-09-17T10:05:51.296142508Z  INFO  2020-09-17 10:05:51,295 [shard 0] database - Keyspace system_traces: Reading CF node_slow_log_time_idx id=f9706768-aa1e-3d87-9e5c-51a3927c2870 version=eaffc0bb-7b2c-3b64-8924-d8ba685120bc
2020-09-17T10:05:51.296173163Z  INFO  2020-09-17 10:05:51,295 [shard 0] database - Keyspace system_traces: Reading CF sessions_time_idx id=0ebf001c-c1d1-3693-9a63-c3d96ac53318 version=cd5d1e5f-1f42-3b9d-a8ba-3af39d59a7d5
2020-09-17T10:05:51.296205304Z  INFO  2020-09-17 10:05:51,295 [shard 0] database - Keyspace system_traces: Reading CF events id=8826e8e9-e16a-3728-8753-3bc1fc713c25 version=41a6b26e-a03b-3ae1-8a4a-b9446e7f9304
2020-09-17T10:05:51.296241694Z  INFO  2020-09-17 10:05:51,295 [shard 0] database - Keyspace system_traces: Reading CF node_slow_log id=bfcc4e62-5b63-3aa1-a1c3-6f5e47f3325c version=23e7a411-8414-340f-854d-20a3a637e438
2020-09-17T10:05:56.990868971Z  INFO  2020-09-17 10:05:56,990 [shard 0] init - starting view update generator
2020-09-17T10:05:56.991600474Z  INFO  2020-09-17 10:05:56,991 [shard 0] init - discovering staging sstables
2020-09-17T10:05:56.992468607Z  INFO  2020-09-17 10:05:56,992 [shard 0] init - setting up system keyspace
2020-09-17T10:05:57.016630909Z  INFO  2020-09-17 10:05:57,015 [shard 0] init - starting commit log
2020-09-17T10:05:57.016688670Z  INFO  2020-09-17 10:05:57,016 [shard 0] init - replaying commit log
2020-09-17T10:05:57.019813916Z  INFO  2020-09-17 10:05:57,019 [shard 0] commitlog_replayer - Replaying /var/lib/scylla/commitlog/CommitLog-1-576892481.log, /var/lib/scylla/commitlog/CommitLog-1-54043196105338436.log, /var/lib/scylla/commitlog/CommitLog-1-18014399086374466.log, /var/lib/scylla/commitlog/CommitLog-1-54043196105338437.log, /var/lib/scylla/commitlog/CommitLog-1-576892483.log, /var/lib/scylla/commitlog/CommitLog-1-18014399086374467.log, /var/lib/scylla/commitlog/CommitLog-1-36028797595856450.log, /var/lib/scylla/commitlog/CommitLog-1-36028797595856452.log, /var/lib/scylla/commitlog/CommitLog-1-36028797595856451.log, /var/lib/scylla/commitlog/CommitLog-1-54043196105338435.log, /var/lib/scylla/commitlog/CommitLog-1-576892482.log
2020-09-17T10:06:05.304994936Z  INFO  2020-09-17 10:06:05,304 [shard 0] commitlog_replayer - Log replay complete, 21325 replayed mutations (0 invalid, 0 skipped)
2020-09-17T10:06:05.305636536Z  INFO  2020-09-17 10:06:05,305 [shard 0] init - replaying commit log - flushing memtables
2020-09-17T10:06:20.716834183Z  INFO  2020-09-17 10:06:20,715 [shard 0] init - replaying commit log - removing old commitlog segments
2020-09-17T10:06:20.719844971Z  INFO  2020-09-17 10:06:20,718 [shard 0] compaction - Compacting [/var/lib/scylla/data/system/compaction_history-b4dbb7b4dc493fb5b3bfce6e434832ca/mc-492-big-Data.db:level=0, /var/lib/scylla/data/system/compaction_history-b4dbb7b4dc493fb5b3bfce6e434832ca/mc-488-big-Data.db:level=0, /var/lib/scylla/data/system/compaction_history-b4dbb7b4dc493fb5b3bfce6e434832ca/mc-484-big-Data.db:level=0, ]
2020-09-17T10:06:20.719877890Z  INFO  2020-09-17 10:06:20,719 [shard 0] compaction - Compacting [/var/lib/scylla/data/dt/source_data-6af6cd50d77b11ea9877000000000001/mc-72-big-Data.db:level=0, /var/lib/scylla/data/dt/source_data-6af6cd50d77b11ea9877000000000001/mc-68-big-Data.db:level=0, /var/lib/scylla/data/dt/source_data-6af6cd50d77b11ea9877000000000001/mc-64-big-Data.db:level=0, ]
2020-09-17T10:06:20.719893019Z  INFO  2020-09-17 10:06:20,719 [shard 1] compaction - Compacting [/var/lib/scylla/data/system/compaction_history-b4dbb7b4dc493fb5b3bfce6e434832ca/mc-505-big-Data.db:level=0, /var/lib/scylla/data/system/compaction_history-b4dbb7b4dc493fb5b3bfce6e434832ca/mc-501-big-Data.db:level=0, /var/lib/scylla/data/system/compaction_history-b4dbb7b4dc493fb5b3bfce6e434832ca/mc-497-big-Data.db:level=0, ]
2020-09-17T10:06:20.721240578Z  INFO  2020-09-17 10:06:20,719 [shard 0] compaction - Compacting [/var/lib/scylla/data/system/truncated-38c19fd0fb863310a4b70d0cc66628aa/mc-916-big-Data.db:level=0, /var/lib/scylla/data/system/truncated-38c19fd0fb863310a4b70d0cc66628aa/mc-920-big-Data.db:level=0, /var/lib/scylla/data/system/truncated-38c19fd0fb863310a4b70d0cc66628aa/mc-912-big-Data.db:level=0, ]
2020-09-17T10:06:20.721289812Z  INFO  2020-09-17 10:06:20,719 [shard 3] compaction - Compacting [/var/lib/scylla/data/system_schema/dropped_columns-5e7583b5f3f43af19a39b7e1d6f5f11f/mc-411-big-Data.db:level=0, /var/lib/scylla/data/system_schema/dropped_columns-5e7583b5f3f43af19a39b7e1d6f5f11f/mc-415-big-Data.db:level=0, /var/lib/scylla/data/system_schema/dropped_columns-5e7583b5f3f43af19a39b7e1d6f5f11f/mc-407-big-Data.db:level=0, ]
2020-09-17T10:06:20.721306468Z  INFO  2020-09-17 10:06:20,719 [shard 1] compaction - Compacting [/var/lib/scylla/data/system/local-7ad54392bcdd35a684174e047860b377/mc-1985-big-Data.db:level=0, /var/lib/scylla/data/system/local-7ad54392bcdd35a684174e047860b377/mc-1989-big-Data.db:level=0, /var/lib/scylla/data/system/local-7ad54392bcdd35a684174e047860b377/mc-1993-big-Data.db:level=0, /var/lib/scylla/data/system/local-7ad54392bcdd35a684174e047860b377/mc-1981-big-Data.db:level=0, ]
2020-09-17T10:06:20.721321230Z  INFO  2020-09-17 10:06:20,719 [shard 3] compaction - Compacting [/var/lib/scylla/data/system_schema/functions-96489b7980be3e14a70166a0b9159450/mc-347-big-Data.db:level=0, /var/lib/scylla/data/system_schema/functions-96489b7980be3e14a70166a0b9159450/mc-351-big-Data.db:level=0, /var/lib/scylla/data/system_schema/functions-96489b7980be3e14a70166a0b9159450/mc-343-big-Data.db:level=0, ]
2020-09-17T10:06:20.721337244Z  INFO  2020-09-17 10:06:20,720 [shard 3] compaction - Compacting [/var/lib/scylla/data/system/compaction_history-b4dbb7b4dc493fb5b3bfce6e434832ca/mc-507-big-Data.db:level=0, /var/lib/scylla/data/system/compaction_history-b4dbb7b4dc493fb5b3bfce6e434832ca/mc-503-big-Data.db:level=0, /var/lib/scylla/data/system/compaction_history-b4dbb7b4dc493fb5b3bfce6e434832ca/mc-499-big-Data.db:level=0, ]
2020-09-17T10:06:20.721351931Z  INFO  2020-09-17 10:06:20,720 [shard 3] compaction - Compacting [/var/lib/scylla/data/system_schema/indexes-0feb57ac311f382fba6d9024d305702f/mc-379-big-Data.db:level=0, /var/lib/scylla/data/system_schema/indexes-0feb57ac311f382fba6d9024d305702f/mc-375-big-Data.db:level=0, /var/lib/scylla/data/system_schema/indexes-0feb57ac311f382fba6d9024d305702f/mc-371-big-Data.db:level=0, ]
2020-09-17T10:06:20.721365556Z  INFO  2020-09-17 10:06:20,720 [shard 3] compaction - Compacting [/var/lib/scylla/data/dt/source_data-6af6cd50d77b11ea9877000000000001/mc-387-big-Data.db:level=0, /var/lib/scylla/data/dt/source_data-6af6cd50d77b11ea9877000000000001/mc-383-big-Data.db:level=0, /var/lib/scylla/data/dt/source_data-6af6cd50d77b11ea9877000000000001/mc-379-big-Data.db:level=0, ]
2020-09-17T10:06:20.721378571Z  INFO  2020-09-17 10:06:20,719 [shard 2] compaction - Compacting [/var/lib/scylla/data/system/peers-37f71aca7dc2383ba70672528af04d4f/mc-14-big-Data.db:level=0, /var/lib/scylla/data/system/peers-37f71aca7dc2383ba70672528af04d4f/mc-6-big-Data.db:level=0, /var/lib/scylla/data/system/peers-37f71aca7dc2383ba70672528af04d4f/mc-10-big-Data.db:level=0, ]
2020-09-17T10:06:20.721391663Z  INFO  2020-09-17 10:06:20,720 [shard 2] compaction - Compacting [/var/lib/scylla/data/system_schema/dropped_columns-5e7583b5f3f43af19a39b7e1d6f5f11f/mc-414-big-Data.db:level=0, /var/lib/scylla/data/system_schema/dropped_columns-5e7583b5f3f43af19a39b7e1d6f5f11f/mc-406-big-Data.db:level=0, /var/lib/scylla/data/system_schema/dropped_columns-5e7583b5f3f43af19a39b7e1d6f5f11f/mc-410-big-Data.db:level=0, ]
2020-09-17T10:06:20.721849967Z  INFO  2020-09-17 10:06:20,721 [shard 2] compaction - Compacting [/var/lib/scylla/data/system/clients-ca0f635d863036098d93a1fc06f2a5e5/mc-86-big-Data.db:level=0, /var/lib/scylla/data/system/clients-ca0f635d863036098d93a1fc06f2a5e5/mc-54-big-Data.db:level=0, /var/lib/scylla/data/system/clients-ca0f635d863036098d93a1fc06f2a5e5/mc-122-big-Data.db:level=0, /var/lib/scylla/data/system/clients-ca0f635d863036098d93a1fc06f2a5e5/mc-78-big-Data.db:level=0, /var/lib/scylla/data/system/clients-ca0f635d863036098d93a1fc06f2a5e5/mc-82-big-Data.db:level=0, /var/lib/scylla/data/system/clients-ca0f635d863036098d93a1fc06f2a5e5/mc-110-big-Data.db:level=0, /var/lib/scylla/data/system/clients-ca0f635d863036098d93a1fc06f2a5e5/mc-70-big-Data.db:level=0, /var/lib/scylla/data/system/clients-ca0f635d863036098d93a1fc06f2a5e5/mc-90-big-Data.db:level=0, /var/lib/scylla/data/system/clients-ca0f635d863036098d93a1fc06f2a5e5/mc-106-big-Data.db:level=0, /var/lib/scylla/data/system/clients-ca0f635d863036098d93a1fc06f2a5e5/mc-114-big-Data.db:level=0, /var/lib/scylla/data/system/clients-ca0f635d863036098d93a1fc06f2a5e5/mc-102-big-Data.db:level=0, /var/lib/scylla/data/system/clients-ca0f635d863036098d93a1fc06f2a5e5/mc-74-big-Data.db:level=0, /var/lib/scylla/data/system/clients-ca0f635d863036098d93a1fc06f2a5e5/mc-118-big-Data.db:level=0, /var/lib/scylla/data/system/clients-ca0f635d863036098d93a1fc06f2a5e5/mc-58-big-Data.db:level=0, /var/lib/scylla/data/system/clients-ca0f635d863036098d93a1fc06f2a5e5/mc-62-big-Data.db:level=0, /var/lib/scylla/data/system/clients-ca0f635d863036098d93a1fc06f2a5e5/mc-98-big-Data.db:level=0, /var/lib/scylla/data/system/clients-ca0f635d863036098d93a1fc06f2a5e5/mc-94-big-Data.db:level=0, /var/lib/scylla/data/system/clients-ca0f635d863036098d93a1fc06f2a5e5/mc-66-big-Data.db:level=0, ]
2020-09-17T10:06:20.721899430Z  INFO  2020-09-17 10:06:20,721 [shard 3] compaction - Compacting [/var/lib/scylla/data/system_schema/scylla_tables-5d912ff1f7593665b2c88042ab5103dd/mc-347-big-Data.db:level=0, /var/lib/scylla/data/system_schema/scylla_tables-5d912ff1f7593665b2c88042ab5103dd/mc-343-big-Data.db:level=0, ]
2020-09-17T10:06:20.721915119Z  INFO  2020-09-17 10:06:20,721 [shard 2] compaction - Compacting [/var/lib/scylla/data/system/compaction_history-b4dbb7b4dc493fb5b3bfce6e434832ca/mc-506-big-Data.db:level=0, /var/lib/scylla/data/system/compaction_history-b4dbb7b4dc493fb5b3bfce6e434832ca/mc-502-big-Data.db:level=0, /var/lib/scylla/data/system/compaction_history-b4dbb7b4dc493fb5b3bfce6e434832ca/mc-498-big-Data.db:level=0, ]
2020-09-17T10:06:20.722533454Z  INFO  2020-09-17 10:06:20,721 [shard 2] compaction - Compacting [/var/lib/scylla/data/system_schema/keyspaces-abac5682dea631c5b535b3d6cffd0fb6/mc-406-big-Data.db:level=0, /var/lib/scylla/data/system_schema/keyspaces-abac5682dea631c5b535b3d6cffd0fb6/mc-410-big-Data.db:level=0, /var/lib/scylla/data/system_schema/keyspaces-abac5682dea631c5b535b3d6cffd0fb6/mc-402-big-Data.db:level=0, ]
2020-09-17T10:06:20.722569499Z  INFO  2020-09-17 10:06:20,721 [shard 2] compaction - Compacting [/var/lib/scylla/data/system_schema/tables-afddfb9dbc1e30688056eed6c302ba09/mc-358-big-Data.db:level=0, /var/lib/scylla/data/system_schema/tables-afddfb9dbc1e30688056eed6c302ba09/mc-354-big-Data.db:level=0, ]
2020-09-17T10:06:20.722582731Z  INFO  2020-09-17 10:06:20,722 [shard 2] compaction - Compacting [/var/lib/scylla/data/system_schema/scylla_tables-5d912ff1f7593665b2c88042ab5103dd/mc-346-big-Data.db:level=0, /var/lib/scylla/data/system_schema/scylla_tables-5d912ff1f7593665b2c88042ab5103dd/mc-342-big-Data.db:level=0, ]
2020-09-17T10:06:20.724026242Z  INFO  2020-09-17 10:06:20,723 [shard 2] compaction - Compacting [/var/lib/scylla/data/system_schema/views-9786ac1cdd583201a7cdad556410c985/mc-294-big-Data.db:level=0, /var/lib/scylla/data/system_schema/views-9786ac1cdd583201a7cdad556410c985/mc-290-big-Data.db:level=0, ]
2020-09-17T10:06:20.726717015Z  INFO  2020-09-17 10:06:20,726 [shard 0] init - initializing migration manager RPC verbs
2020-09-17T10:06:20.727832464Z  INFO  2020-09-17 10:06:20,727 [shard 0] init - initializing storage proxy RPC verbs
2020-09-17T10:06:20.728946573Z  INFO  2020-09-17 10:06:20,728 [shard 0] init - starting streaming service
2020-09-17T10:06:20.731988294Z  INFO  2020-09-17 10:06:20,731 [shard 0] init - starting hinted handoff manager
2020-09-17T10:06:21.291448431Z  WARN  2020-09-17 10:06:21,290 [shard 3] large_data - Writing a partition with too many rows [dt/source_data:d0a71d84-b80f-4558-beac-8887750652e3] (111170 rows)
2020-09-17T10:06:21.740392865Z  INFO  2020-09-17 10:06:21,739 [shard 0] init - starting messaging service
2020-09-17T10:06:21.741612694Z  INFO  2020-09-17 10:06:21,740 [shard 0] repair - Setting max_repair_memory=168820736, max_repair_memory_per_range=33554432, max_repair_ranges_in_parallel=5
2020-09-17T10:06:21.742980351Z  INFO  2020-09-17 10:06:21,741 [shard 0] init - starting storage service
2020-09-17T10:06:21.744229718Z  INFO  2020-09-17 10:06:21,743 [shard 0] storage_service - Loading persisted ring state
2020-09-17T10:06:21.747527114Z  INFO  2020-09-17 10:06:21,747 [shard 0] storage_service - loaded_peer_features: peer_features size=0
2020-09-17T10:06:21.747551738Z  INFO  2020-09-17 10:06:21,747 [shard 0] storage_service - Checking remote features skipped, since this node is a new seed node which knows nothing about the cluster
2020-09-17T10:06:21.749405185Z  INFO  2020-09-17 10:06:21,749 [shard 0] storage_service - Restarting a node in NORMAL status
2020-09-17T10:06:21.787227912Z  INFO  2020-09-17 10:06:21,786 [shard 0] database - Schema version changed to 3f00f995-6495-3765-8599-4e76a2f4c6b2
2020-09-17T10:06:21.787707778Z  INFO  2020-09-17 10:06:21,787 [shard 0] storage_service - Starting up server gossip
2020-09-17T10:06:24.624873607Z  INFO  2020-09-17 10:06:24,624 [shard 3] compaction - Compacting [/var/lib/scylla/data/system_schema/view_virtual_columns-08843b6345dc3be29798a0418295cfaa/mc-359-big-Data.db:level=0, /var/lib/scylla/data/system_schema/view_virtual_columns-08843b6345dc3be29798a0418295cfaa/mc-355-big-Data.db:level=0, /var/lib/scylla/data/system_schema/view_virtual_columns-08843b6345dc3be29798a0418295cfaa/mc-351-big-Data.db:level=0, ]
2020-09-17T10:06:24.625488518Z  INFO  2020-09-17 10:06:24,625 [shard 3] compaction - Compacting [/var/lib/scylla/data/system_schema/triggers-4df70b666b05325195a132b54005fd48/mc-347-big-Data.db:level=0, /var/lib/scylla/data/system_schema/triggers-4df70b666b05325195a132b54005fd48/mc-339-big-Data.db:level=0, /var/lib/scylla/data/system_schema/triggers-4df70b666b05325195a132b54005fd48/mc-343-big-Data.db:level=0, ]
2020-09-17T10:06:24.626120700Z  INFO  2020-09-17 10:06:24,625 [shard 3] compaction - Compacting [/var/lib/scylla/data/system_schema/computed_columns-cc7c7069374033c192a4c3de78dbd2c4/mc-343-big-Data.db:level=0, /var/lib/scylla/data/system_schema/computed_columns-cc7c7069374033c192a4c3de78dbd2c4/mc-339-big-Data.db:level=0, ]
2020-09-17T10:06:24.626343674Z  INFO  2020-09-17 10:06:24,626 [shard 3] compaction - Compacting [/var/lib/scylla/data/system_schema/columns-24101c25a2ae3af787c1b40ee1aca33f/mc-415-big-Data.db:level=0, /var/lib/scylla/data/system_schema/columns-24101c25a2ae3af787c1b40ee1aca33f/mc-419-big-Data.db:level=0, /var/lib/scylla/data/system_schema/columns-24101c25a2ae3af787c1b40ee1aca33f/mc-411-big-Data.db:level=0, ]
2020-09-17T10:06:24.656219908Z  INFO  2020-09-17 10:06:24,655 [shard 2] compaction - Compacted 3 sstables to []. 16431 bytes to 0 (~0% of original) in 3ms = 0.00MB/s. ~384 total partitions merged to 0.
2020-09-17T10:06:25.165894301Z  INFO  2020-09-17 10:06:25,164 [shard 0] compaction - Compacted 3 sstables to [/var/lib/scylla/data/dt/source_data-6af6cd50d77b11ea9877000000000001/mc-76-big-Data.db:level=0, ]. 490686 bytes to 439769 (~89% of original) in 2951ms = 0.14MB/s. ~384 total partitions merged to 1.
2020-09-17T10:06:25.167576306Z  INFO  2020-09-17 10:06:25,166 [shard 0] compaction - Compacted 3 sstables to [/var/lib/scylla/data/system/compaction_history-b4dbb7b4dc493fb5b3bfce6e434832ca/mc-496-big-Data.db:level=0, ]. 294571 bytes to 113096 (~38% of original) in 2951ms = 0.04MB/s. ~512 total partitions merged to 219.
2020-09-17T10:06:25.168442078Z  INFO  2020-09-17 10:06:25,167 [shard 0] compaction - Compacted 3 sstables to [/var/lib/scylla/data/system/truncated-38c19fd0fb863310a4b70d0cc66628aa/mc-924-big-Data.db:level=0, ]. 158418 bytes to 76909 (~48% of original) in 2952ms = 0.02MB/s. ~384 total partitions merged to 2.
2020-09-17T10:06:25.266128796Z  INFO  2020-09-17 10:06:25,265 [shard 2] compaction - Compacted 18 sstables to []. 277268 bytes to 0 (~0% of original) in 27ms = 0.00MB/s. ~2304 total partitions merged to 0.
2020-09-17T10:06:25.311828709Z  INFO  2020-09-17 10:06:25,311 [shard 1] compaction - Compacted 4 sstables to [/var/lib/scylla/data/system/local-7ad54392bcdd35a684174e047860b377/mc-1997-big-Data.db:level=0, ]. 31190 bytes to 12595 (~40% of original) in 2948ms = 0.00MB/s. ~512 total partitions merged to 1.
2020-09-17T10:06:25.377599187Z  INFO  2020-09-17 10:06:25,376 [shard 1] compaction - Compacted 3 sstables to [/var/lib/scylla/data/system/compaction_history-b4dbb7b4dc493fb5b3bfce6e434832ca/mc-509-big-Data.db:level=0, ]. 270433 bytes to 116202 (~42% of original) in 2949ms = 0.04MB/s. ~512 total partitions merged to 238.
2020-09-17T10:06:25.379682128Z  INFO  2020-09-17 10:06:25,378 [shard 1] compaction - Compacting [/var/lib/scylla/data/system/local-7ad54392bcdd35a684174e047860b377/mc-2001-big-Data.db:level=0, /var/lib/scylla/data/system/local-7ad54392bcdd35a684174e047860b377/mc-1997-big-Data.db:level=0, ]
2020-09-17T10:06:25.379706470Z  INFO  2020-09-17 10:06:25,379 [shard 0] messaging_service - Starting Messaging Service on port 7000
2020-09-17T10:06:26.461873552Z  INFO  2020-09-17 10:06:26,460 [shard 2] compaction - Compacting [/var/lib/scylla/data/system_schema/view_virtual_columns-08843b6345dc3be29798a0418295cfaa/mc-358-big-Data.db:level=0, /var/lib/scylla/data/system_schema/view_virtual_columns-08843b6345dc3be29798a0418295cfaa/mc-350-big-Data.db:level=0, /var/lib/scylla/data/system_schema/view_virtual_columns-08843b6345dc3be29798a0418295cfaa/mc-354-big-Data.db:level=0, ]
2020-09-17T10:06:26.464768111Z  INFO  2020-09-17 10:06:26,461 [shard 2] compaction - Compacting [/var/lib/scylla/data/system_schema/aggregates-924c55872e3a345bb10c12f37c1ba895/mc-282-big-Data.db:level=0, /var/lib/scylla/data/system_schema/aggregates-924c55872e3a345bb10c12f37c1ba895/mc-278-big-Data.db:level=0, ]
2020-09-17T10:06:26.464803876Z  INFO  2020-09-17 10:06:26,461 [shard 2] compaction - Compacting [/var/lib/scylla/data/system/truncated-38c19fd0fb863310a4b70d0cc66628aa/mc-718-big-Data.db:level=0, /var/lib/scylla/data/system/truncated-38c19fd0fb863310a4b70d0cc66628aa/mc-714-big-Data.db:level=0, /var/lib/scylla/data/system/truncated-38c19fd0fb863310a4b70d0cc66628aa/mc-710-big-Data.db:level=0, ]
2020-09-17T10:06:26.464841272Z  INFO  2020-09-17 10:06:26,461 [shard 2] compaction - Compacting [/var/lib/scylla/data/system_schema/columns-24101c25a2ae3af787c1b40ee1aca33f/mc-414-big-Data.db:level=0, /var/lib/scylla/data/system_schema/columns-24101c25a2ae3af787c1b40ee1aca33f/mc-418-big-Data.db:level=0, /var/lib/scylla/data/system_schema/columns-24101c25a2ae3af787c1b40ee1aca33f/mc-410-big-Data.db:level=0, ]
2020-09-17T10:06:26.512945951Z  INFO  2020-09-17 10:06:26,512 [shard 3] compaction - Compacted 3 sstables to [/var/lib/scylla/data/system_schema/dropped_columns-5e7583b5f3f43af19a39b7e1d6f5f11f/mc-419-big-Data.db:level=0, ]. 16426 bytes to 5797 (~35% of original) in 3905ms = 0.00MB/s. ~384 total partitions merged to 1.
2020-09-17T10:06:26.512999302Z  INFO  2020-09-17 10:06:26,512 [shard 3] compaction - Compacted 3 sstables to [/var/lib/scylla/data/system_schema/functions-96489b7980be3e14a70166a0b9159450/mc-355-big-Data.db:level=0, ]. 16890 bytes to 5945 (~35% of original) in 3906ms = 0.00MB/s. ~384 total partitions merged to 1.
2020-09-17T10:06:26.513523490Z  INFO  2020-09-17 10:06:26,512 [shard 3] compaction - Compacted 2 sstables to [/var/lib/scylla/data/system_schema/scylla_tables-5d912ff1f7593665b2c88042ab5103dd/mc-351-big-Data.db:level=0, ]. 12571 bytes to 6429 (~51% of original) in 3903ms = 0.00MB/s. ~256 total partitions merged to 1.
2020-09-17T10:06:26.557207498Z  INFO  2020-09-17 10:06:26,556 [shard 3] compaction - Compacted 3 sstables to [/var/lib/scylla/data/dt/source_data-6af6cd50d77b11ea9877000000000001/mc-391-big-Data.db:level=0, ]. 8997344 bytes to 8946454 (~99% of original) in 3905ms = 2.18MB/s. ~384 total partitions merged to 1.
2020-09-17T10:06:26.557868285Z  INFO  2020-09-17 10:06:26,557 [shard 3] compaction - Compacted 3 sstables to [/var/lib/scylla/data/system/compaction_history-b4dbb7b4dc493fb5b3bfce6e434832ca/mc-511-big-Data.db:level=0, ]. 123703 bytes to 105425 (~85% of original) in 3906ms = 0.03MB/s. ~512 total partitions merged to 169.
2020-09-17T10:06:26.557903017Z  INFO  2020-09-17 10:06:26,557 [shard 3] compaction - Compacted 3 sstables to [/var/lib/scylla/data/system_schema/indexes-0feb57ac311f382fba6d9024d305702f/mc-383-big-Data.db:level=0, ]. 23295 bytes to 12790 (~54% of original) in 3905ms = 0.00MB/s. ~384 total partitions merged to 2.
2020-09-17T10:06:26.629896622Z  INFO  2020-09-17 10:06:26,629 [shard 1] compaction - Compacted 2 sstables to [/var/lib/scylla/data/system/local-7ad54392bcdd35a684174e047860b377/mc-2005-big-Data.db:level=0, ]. 18687 bytes to 12275 (~65% of original) in 1002ms = 0.01MB/s. ~256 total partitions merged to 1.
2020-09-17T10:06:27.733808624Z  INFO  2020-09-17 10:06:27,732 [shard 2] compaction - Compacted 3 sstables to [/var/lib/scylla/data/system_schema/dropped_columns-5e7583b5f3f43af19a39b7e1d6f5f11f/mc-418-big-Data.db:level=0, ]. 15985 bytes to 5643 (~35% of original) in 5740ms = 0.00MB/s. ~384 total partitions merged to 1.
2020-09-17T10:06:27.734578369Z  INFO  2020-09-17 10:06:27,734 [shard 3] compaction - Compacting [/var/lib/scylla/data/system/large_cells-ead8bbc5f1463ae19f710b11f9a1d296/mc-71-big-Data.db:level=0, /var/lib/scylla/data/system/large_cells-ead8bbc5f1463ae19f710b11f9a1d296/mc-75-big-Data.db:level=0, /var/lib/scylla/data/system/large_cells-ead8bbc5f1463ae19f710b11f9a1d296/mc-67-big-Data.db:level=0, ]
2020-09-17T10:06:27.735006774Z  INFO  2020-09-17 10:06:27,734 [shard 3] compaction - Compacting [/var/lib/scylla/data/system_schema/keyspaces-abac5682dea631c5b535b3d6cffd0fb6/mc-395-big-Data.db:level=0, /var/lib/scylla/data/system_schema/keyspaces-abac5682dea631c5b535b3d6cffd0fb6/mc-399-big-Data.db:level=0, /var/lib/scylla/data/system_schema/keyspaces-abac5682dea631c5b535b3d6cffd0fb6/mc-391-big-Data.db:level=0, ]
2020-09-17T10:06:27.736511913Z  INFO  2020-09-17 10:06:27,736 [shard 3] compaction - Compacting [/var/lib/scylla/data/system_schema/types-5a8b1ca866023f77a0459273d308917a/mc-303-big-Data.db:level=0, /var/lib/scylla/data/system_schema/types-5a8b1ca866023f77a0459273d308917a/mc-295-big-Data.db:level=0, /var/lib/scylla/data/system_schema/types-5a8b1ca866023f77a0459273d308917a/mc-299-big-Data.db:level=0, ]
2020-09-17T10:06:27.738756256Z  INFO  2020-09-17 10:06:27,737 [shard 3] compaction - Compacting [/var/lib/scylla/data/system_schema/tables-afddfb9dbc1e30688056eed6c302ba09/mc-355-big-Data.db:level=0, /var/lib/scylla/data/system_schema/tables-afddfb9dbc1e30688056eed6c302ba09/mc-359-big-Data.db:level=0, /var/lib/scylla/data/system_schema/tables-afddfb9dbc1e30688056eed6c302ba09/mc-351-big-Data.db:level=0, ]
2020-09-17T10:06:27.924732519Z  INFO  2020-09-17 10:06:27,923 [shard 2] compaction - Compacted 2 sstables to [/var/lib/scylla/data/system_schema/scylla_tables-5d912ff1f7593665b2c88042ab5103dd/mc-350-big-Data.db:level=0, ]. 11946 bytes to 6128 (~51% of original) in 5738ms = 0.00MB/s. ~256 total partitions merged to 1.
2020-09-17T10:06:27.968690894Z  INFO  2020-09-17 10:06:27,968 [shard 2] compaction - Compacted 2 sstables to [/var/lib/scylla/data/system_schema/views-9786ac1cdd583201a7cdad556410c985/mc-298-big-Data.db:level=0, ]. 13700 bytes to 7006 (~51% of original) in 5737ms = 0.00MB/s. ~256 total partitions merged to 1.
2020-09-17T10:06:27.969434702Z  INFO  2020-09-17 10:06:27,968 [shard 2] compaction - Compacted 2 sstables to [/var/lib/scylla/data/system_schema/tables-afddfb9dbc1e30688056eed6c302ba09/mc-362-big-Data.db:level=0, ]. 67712 bytes to 59785 (~88% of original) in 5739ms = 0.01MB/s. ~256 total partitions merged to 2.
2020-09-17T10:06:27.969686795Z  INFO  2020-09-17 10:06:27,969 [shard 2] compaction - Compacted 3 sstables to [/var/lib/scylla/data/system/compaction_history-b4dbb7b4dc493fb5b3bfce6e434832ca/mc-510-big-Data.db:level=0, ]. 144910 bytes to 114560 (~79% of original) in 5740ms = 0.02MB/s. ~512 total partitions merged to 225.
2020-09-17T10:06:27.969711197Z  INFO  2020-09-17 10:06:27,969 [shard 2] compaction - Compacted 3 sstables to [/var/lib/scylla/data/system_schema/keyspaces-abac5682dea631c5b535b3d6cffd0fb6/mc-414-big-Data.db:level=0, ]. 67314 bytes to 56727 (~84% of original) in 5740ms = 0.01MB/s. ~384 total partitions merged to 2.
2020-09-17T10:06:29.860216042Z  INFO  2020-09-17 10:06:29,859 [shard 2] compaction - Compacting [/var/lib/scylla/data/system_schema/computed_columns-cc7c7069374033c192a4c3de78dbd2c4/mc-342-big-Data.db:level=0, /var/lib/scylla/data/system_schema/computed_columns-cc7c7069374033c192a4c3de78dbd2c4/mc-338-big-Data.db:level=0, ]
2020-09-17T10:06:29.860450671Z  INFO  2020-09-17 10:06:29,860 [shard 2] compaction - Compacting [/var/lib/scylla/data/system_schema/functions-96489b7980be3e14a70166a0b9159450/mc-342-big-Data.db:level=0, /var/lib/scylla/data/system_schema/functions-96489b7980be3e14a70166a0b9159450/mc-346-big-Data.db:level=0, /var/lib/scylla/data/system_schema/functions-96489b7980be3e14a70166a0b9159450/mc-338-big-Data.db:level=0, ]
2020-09-17T10:06:30.214846435Z  INFO  2020-09-17 10:06:30,213 [shard 3] compaction - Compacted 3 sstables to [/var/lib/scylla/data/system_schema/view_virtual_columns-08843b6345dc3be29798a0418295cfaa/mc-363-big-Data.db:level=0, ]. 23510 bytes to 12926 (~54% of original) in 3109ms = 0.00MB/s. ~384 total partitions merged to 2.
2020-09-17T10:06:30.324379296Z  INFO  2020-09-17 10:06:30,323 [shard 3] compaction - Compacted 3 sstables to []. 17053 bytes to 0 (~0% of original) in 0ms = 0.00MB/s. ~384 total partitions merged to 0.
2020-09-17T10:06:30.433023468Z  INFO  2020-09-17 10:06:30,431 [shard 3] compaction - Compacted 2 sstables to [/var/lib/scylla/data/system_schema/computed_columns-cc7c7069374033c192a4c3de78dbd2c4/mc-347-big-Data.db:level=0, ]. 17544 bytes to 12459 (~71% of original) in 3110ms = 0.00MB/s. ~256 total partitions merged to 2.
2020-09-17T10:06:30.433623885Z  INFO  2020-09-17 10:06:30,433 [shard 3] compaction - Compacted 3 sstables to [/var/lib/scylla/data/system_schema/triggers-4df70b666b05325195a132b54005fd48/mc-351-big-Data.db:level=0, ]. 16092 bytes to 5679 (~35% of original) in 3110ms = 0.00MB/s. ~384 total partitions merged to 1.
2020-09-17T10:06:30.433869248Z  INFO  2020-09-17 10:06:30,433 [shard 3] compaction - Compacted 3 sstables to [/var/lib/scylla/data/system_schema/columns-24101c25a2ae3af787c1b40ee1aca33f/mc-423-big-Data.db:level=0, ]. 76171 bytes to 57504 (~75% of original) in 3111ms = 0.02MB/s. ~384 total partitions merged to 4.
2020-09-17T10:06:30.907387968Z  INFO  2020-09-17 10:06:30,906 [shard 2] compaction - Compacted 2 sstables to [/var/lib/scylla/data/system_schema/aggregates-924c55872e3a345bb10c12f37c1ba895/mc-286-big-Data.db:level=0, ]. 11134 bytes to 5723 (~51% of original) in 3398ms = 0.00MB/s. ~256 total partitions merged to 1.
2020-09-17T10:06:31.113669727Z  INFO  2020-09-17 10:06:31,113 [shard 2] compaction - Compacted 3 sstables to [/var/lib/scylla/data/system_schema/view_virtual_columns-08843b6345dc3be29798a0418295cfaa/mc-362-big-Data.db:level=0, ]. 16453 bytes to 5799 (~35% of original) in 3399ms = 0.00MB/s. ~384 total partitions merged to 1.
2020-09-17T10:06:31.114747768Z  INFO  2020-09-17 10:06:31,114 [shard 2] compaction - Compacted 3 sstables to [/var/lib/scylla/data/system/truncated-38c19fd0fb863310a4b70d0cc66628aa/mc-722-big-Data.db:level=0, ]. 167625 bytes to 56250 (~33% of original) in 3399ms = 0.02MB/s. ~384 total partitions merged to 4.
2020-09-17T10:06:31.114774531Z  INFO  2020-09-17 10:06:31,114 [shard 2] compaction - Compacted 3 sstables to [/var/lib/scylla/data/system_schema/columns-24101c25a2ae3af787c1b40ee1aca33f/mc-422-big-Data.db:level=0, ]. 78677 bytes to 61700 (~78% of original) in 3398ms = 0.02MB/s. ~384 total partitions merged to 2.
2020-09-17T10:06:31.307603738Z  INFO  2020-09-17 10:06:31,307 [shard 3] compaction - Compacting [/var/lib/scylla/data/system_schema/views-9786ac1cdd583201a7cdad556410c985/mc-291-big-Data.db:level=0, /var/lib/scylla/data/system_schema/views-9786ac1cdd583201a7cdad556410c985/mc-287-big-Data.db:level=0, ]
2020-09-17T10:06:31.309738128Z  INFO  2020-09-17 10:06:31,309 [shard 3] compaction - Compacting [/var/lib/scylla/data/system_schema/aggregates-924c55872e3a345bb10c12f37c1ba895/mc-279-big-Data.db:level=0, /var/lib/scylla/data/system_schema/aggregates-924c55872e3a345bb10c12f37c1ba895/mc-275-big-Data.db:level=0, ]
2020-09-17T10:06:31.682352897Z  INFO  2020-09-17 10:06:31,681 [shard 2] compaction - Compacting [/var/lib/scylla/data/system_schema/triggers-4df70b666b05325195a132b54005fd48/mc-346-big-Data.db:level=0, /var/lib/scylla/data/system_schema/triggers-4df70b666b05325195a132b54005fd48/mc-342-big-Data.db:level=0, /var/lib/scylla/data/system_schema/triggers-4df70b666b05325195a132b54005fd48/mc-338-big-Data.db:level=0, ]
2020-09-17T10:06:32.082839742Z  INFO  2020-09-17 10:06:32,081 [shard 3] compaction - Compacted 3 sstables to [/var/lib/scylla/data/system_schema/keyspaces-abac5682dea631c5b535b3d6cffd0fb6/mc-403-big-Data.db:level=0, ]. 61871 bytes to 51353 (~83% of original) in 3572ms = 0.01MB/s. ~384 total partitions merged to 4.
2020-09-17T10:06:32.285734792Z  INFO  2020-09-17 10:06:32,285 [shard 2] compaction - Compacted 3 sstables to [/var/lib/scylla/data/system_schema/functions-96489b7980be3e14a70166a0b9159450/mc-350-big-Data.db:level=0, ]. 16996 bytes to 5980 (~35% of original) in 1821ms = 0.00MB/s. ~384 total partitions merged to 1.
2020-09-17T10:06:32.285781875Z  INFO  2020-09-17 10:06:32,285 [shard 2] compaction - Compacted 2 sstables to [/var/lib/scylla/data/system_schema/computed_columns-cc7c7069374033c192a4c3de78dbd2c4/mc-346-big-Data.db:level=0, ]. 10552 bytes to 5432 (~51% of original) in 1822ms = 0.00MB/s. ~256 total partitions merged to 1.
2020-09-17T10:06:32.314461278Z  INFO  2020-09-17 10:06:32,313 [shard 3] compaction - Compacted 3 sstables to [/var/lib/scylla/data/system_schema/types-5a8b1ca866023f77a0459273d308917a/mc-307-big-Data.db:level=0, ]. 16275 bytes to 5740 (~35% of original) in 3573ms = 0.00MB/s. ~384 total partitions merged to 1.
2020-09-17T10:06:32.315945280Z  INFO  2020-09-17 10:06:32,315 [shard 3] compaction - Compacted 3 sstables to [/var/lib/scylla/data/system_schema/tables-afddfb9dbc1e30688056eed6c302ba09/mc-363-big-Data.db:level=0, ]. 74115 bytes to 56514 (~76% of original) in 3619ms = 0.01MB/s. ~384 total partitions merged to 4.
2020-09-17T10:06:32.924920485Z  INFO  2020-09-17 10:06:32,924 [shard 2] compaction - Compacting [/var/lib/scylla/data/system_schema/indexes-0feb57ac311f382fba6d9024d305702f/mc-390-big-Data.db:level=0, /var/lib/scylla/data/system_schema/indexes-0feb57ac311f382fba6d9024d305702f/mc-386-big-Data.db:level=0, /var/lib/scylla/data/system_schema/indexes-0feb57ac311f382fba6d9024d305702f/mc-382-big-Data.db:level=0, ]
2020-09-17T10:06:33.063970302Z  INFO  2020-09-17 10:06:33,063 [shard 3] compaction - Compacting [/var/lib/scylla/data/system/truncated-38c19fd0fb863310a4b70d0cc66628aa/mc-523-big-Data.db:level=0, /var/lib/scylla/data/system/truncated-38c19fd0fb863310a4b70d0cc66628aa/mc-519-big-Data.db:level=0, /var/lib/scylla/data/system/truncated-38c19fd0fb863310a4b70d0cc66628aa/mc-515-big-Data.db:level=0, ]
2020-09-17T10:06:33.413758885Z  INFO  2020-09-17 10:06:33,412 [shard 2] compaction - Compacted 3 sstables to [/var/lib/scylla/data/system_schema/triggers-4df70b666b05325195a132b54005fd48/mc-350-big-Data.db:level=0, ]. 16198 bytes to 5714 (~35% of original) in 1243ms = 0.00MB/s. ~384 total partitions merged to 1.
2020-09-17T10:06:33.454617338Z  INFO  2020-09-17 10:06:33,453 [shard 3] compaction - Compacted 2 sstables to [/var/lib/scylla/data/system_schema/views-9786ac1cdd583201a7cdad556410c985/mc-295-big-Data.db:level=0, ]. 21045 bytes to 14388 (~68% of original) in 1756ms = 0.01MB/s. ~256 total partitions merged to 2.
2020-09-17T10:06:33.624694350Z  INFO  2020-09-17 10:06:33,624 [shard 3] compaction - Compacted 2 sstables to [/var/lib/scylla/data/system_schema/aggregates-924c55872e3a345bb10c12f37c1ba895/mc-283-big-Data.db:level=0, ]. 11064 bytes to 5688 (~51% of original) in 1804ms = 0.00MB/s. ~256 total partitions merged to 1.
2020-09-17T10:06:33.906459338Z  INFO  2020-09-17 10:06:33,905 [shard 2] compaction - Compacting [/var/lib/scylla/data/system_schema/types-5a8b1ca866023f77a0459273d308917a/mc-306-big-Data.db:level=0, /var/lib/scylla/data/system_schema/types-5a8b1ca866023f77a0459273d308917a/mc-302-big-Data.db:level=0, /var/lib/scylla/data/system_schema/types-5a8b1ca866023f77a0459273d308917a/mc-298-big-Data.db:level=0, ]
2020-09-17T10:06:34.247576426Z  INFO  2020-09-17 10:06:34,246 [shard 2] compaction - Compacted 3 sstables to [/var/lib/scylla/data/system_schema/indexes-0feb57ac311f382fba6d9024d305702f/mc-394-big-Data.db:level=0, ]. 16336 bytes to 5760 (~35% of original) in 981ms = 0.01MB/s. ~384 total partitions merged to 1.
2020-09-17T10:06:34.356075138Z  INFO  2020-09-17 10:06:34,355 [shard 3] compaction - Compacted 3 sstables to [/var/lib/scylla/data/system/truncated-38c19fd0fb863310a4b70d0cc66628aa/mc-527-big-Data.db:level=0, ]. 188990 bytes to 63367 (~33% of original) in 997ms = 0.06MB/s. ~384 total partitions merged to 2.
2020-09-17T10:06:34.720257298Z  INFO  2020-09-17 10:06:34,719 [shard 2] compaction - Compacted 3 sstables to [/var/lib/scylla/data/system_schema/types-5a8b1ca866023f77a0459273d308917a/mc-310-big-Data.db:level=0, ]. 16381 bytes to 5775 (~35% of original) in 729ms = 0.01MB/s. ~384 total partitions merged to 1.
2020-09-17T10:06:37.383829677Z  INFO  2020-09-17 10:06:37,382 [shard 0] gossip - No gossip backlog; proceeding
2020-09-17T10:06:37.386360849Z  INFO  2020-09-17 10:06:37,385 [shard 0] features - Feature COMPUTED_COLUMNS is enabled
2020-09-17T10:06:37.386400492Z  INFO  2020-09-17 10:06:37,385 [shard 0] features - Feature CORRECT_COUNTER_ORDER is enabled
2020-09-17T10:06:37.386421259Z  INFO  2020-09-17 10:06:37,385 [shard 0] features - Feature CORRECT_NON_COMPOUND_RANGE_TOMBSTONES is enabled
2020-09-17T10:06:37.386439743Z  INFO  2020-09-17 10:06:37,385 [shard 0] features - Feature CORRECT_STATIC_COMPACT_IN_MC is enabled
2020-09-17T10:06:37.386458150Z  INFO  2020-09-17 10:06:37,385 [shard 0] features - Feature COUNTERS is enabled
2020-09-17T10:06:37.386476153Z  INFO  2020-09-17 10:06:37,385 [shard 0] features - Feature DIGEST_INSENSITIVE_TO_EXPIRY is enabled
2020-09-17T10:06:37.386776710Z  INFO  2020-09-17 10:06:37,385 [shard 0] features - Feature DIGEST_MULTIPARTITION_READ is enabled
2020-09-17T10:06:37.386877148Z  INFO  2020-09-17 10:06:37,385 [shard 0] features - Feature HINTED_HANDOFF_SEPARATE_CONNECTION is enabled
2020-09-17T10:06:37.386898558Z  INFO  2020-09-17 10:06:37,385 [shard 0] features - Feature INDEXES is enabled
2020-09-17T10:06:37.386917662Z  INFO  2020-09-17 10:06:37,385 [shard 0] features - Feature LARGE_PARTITIONS is enabled
2020-09-17T10:06:37.386967479Z  INFO  2020-09-17 10:06:37,385 [shard 0] features - Feature LWT is enabled
2020-09-17T10:06:37.386985883Z  INFO  2020-09-17 10:06:37,385 [shard 0] features - Feature MATERIALIZED_VIEWS is enabled
2020-09-17T10:06:37.387003726Z  INFO  2020-09-17 10:06:37,386 [shard 0] features - Feature MC_SSTABLE_FORMAT is enabled
2020-09-17T10:06:37.387021419Z  INFO  2020-09-17 10:06:37,386 [shard 0] features - Feature NONFROZEN_UDTS is enabled
2020-09-17T10:06:37.387038856Z  INFO  2020-09-17 10:06:37,386 [shard 0] features - Feature PER_TABLE_PARTITIONERS is enabled
2020-09-17T10:06:37.387056483Z  INFO  2020-09-17 10:06:37,386 [shard 0] features - Feature RANGE_TOMBSTONES is enabled
2020-09-17T10:06:37.387073787Z  INFO  2020-09-17 10:06:37,386 [shard 0] features - Feature ROLES is enabled
2020-09-17T10:06:37.387091358Z  INFO  2020-09-17 10:06:37,386 [shard 0] features - Feature ROW_LEVEL_REPAIR is enabled
2020-09-17T10:06:37.387307999Z  INFO  2020-09-17 10:06:37,386 [shard 0] features - Feature SCHEMA_TABLES_V3 is enabled
2020-09-17T10:06:37.387343393Z  INFO  2020-09-17 10:06:37,386 [shard 0] features - Feature STREAM_WITH_RPC_STREAM is enabled
2020-09-17T10:06:37.387362874Z  INFO  2020-09-17 10:06:37,386 [shard 0] features - Feature TRUNCATION_TABLE is enabled
2020-09-17T10:06:37.387409178Z  INFO  2020-09-17 10:06:37,386 [shard 0] system_keyspace - Got cluster agreement on truncation table feature. Removing legacy records.
2020-09-17T10:06:37.387693607Z  INFO  2020-09-17 10:06:37,387 [shard 0] features - Feature UNBOUNDED_RANGE_TOMBSTONES is enabled
2020-09-17T10:06:37.387728077Z  INFO  2020-09-17 10:06:37,387 [shard 0] features - Feature VIEW_VIRTUAL_COLUMNS is enabled
2020-09-17T10:06:37.388205937Z  INFO  2020-09-17 10:06:37,387 [shard 0] features - Feature WRITE_FAILURE_REPLY is enabled
2020-09-17T10:06:37.388241500Z  INFO  2020-09-17 10:06:37,387 [shard 0] features - Feature XXHASH is enabled
2020-09-17T10:06:37.389252288Z  INFO  2020-09-17 10:06:37,388 [shard 0] system_keyspace - Legacy records deleted.
2020-09-17T10:06:37.390876710Z  INFO  2020-09-17 10:06:37,390 [shard 0] init - starting system distributed keyspace
2020-09-17T10:06:37.397099249Z  INFO  2020-09-17 10:06:37,396 [shard 0] storage_service - Using saved tokens {943448605036726745, 9061580907506437136, 8957018461898327244, 8813999419995718088, 8775859223532977932, 873311388414975666, 8707696313600310498, 8675978575875245837, 855031166620283245, 8476533345381470087, 8413544620893079714, 8382283044476755854, 7804258889026263620, 778239093056833917, 7732629563319678675, 7564694057214588647, 747840302865059114, 7255484784972643852, 700944770677405149, 7009081579420542256, 7354219953741161264, 6974970471767945112, 6788034976878782500, 667581605220131528, 6496091893897576732, 6478032244021912394, 6420907855788431922, 8777890816944145805, 6381418245203458391, 6358173612251239308, 6302443190184390149, 6115776390551923703, 5906838239532612246, 5890706123786165213, 588034934972968299, 5848278814186320030, 5834675951458569055, 5796254206948921528, -6441145814158460549, 7172238068082229918, -6238625478980828395, -6199824488038647909, -572473923349256348, -5526097868254533829, -5508289632699420366, -6338043935148530859, 4738411181964629022, -5411685484465544274, 5103660925946342563, -5360532551957069796, -5246840897237646542, -8953406550820932827, -511676141100664160, -4872163430844150374, 5153854518462400651, -4829128129506020031, 6818717460470417221, -4735496583611878200, -7913213531410876291, -8612347190400988175, 3361838207769500988, -4770694758141334815, 3533570692245755170, -3014142033706378490, -6648258355715071793, 105268539462240253, 6448269612184381105, 3941245744356891698, -4925670906471950289, -6853270293933441203, -431455211546220291, -4106310081010891923, -4280461110562472301, -4231054370802445643, 4453520694484038438, -5140544052953576706, -7341700934491837716, -4177024142024341044, -2365586676906010085, -4368295386640868227, -6779834804380741154, 7103497347382660592, -471701403720839764, -2187125227394891465, -1593748153114868683, 8325613099551670589, -6017078328443447975, 408961909545308462, -3256341547923989103, 1911454556365012923, -2135119982021577211, -6104126434670973331, -1614584707908969492, -5285270377043925775, 194223785007163967, 3556932048290112968, 4378909036113166689, -2319706609635128471, 782580883702972777, -3880555618453256762, -2879534723161185431, 7469085752185829039, -8001902308657073600, -1522914538603683793, 784130423392421222, -3409621329811667263, -5136236598692180863, -2640475812391264528, 3907413558358164712, -2166731983266837511, -8529251962487546573, -5228242602708342126, -6263078841153087564, -1295419475388780424, 5311755414232655734, -4113405879925637368, 2104079815049743807, -105211415949921556, -1004253484774030395, -6093280019772326743, -1363472444035739717, 7772390126184307669, 3373616921334842984, -3428624778218969630, -4475005699924690030, -1207620414022812792, -4203952547861361192, -4895652206680369668, 5569071124009844993, -2800260328053956713, 1033733984444816800, -1761718599052329021, -6249520955674807415, -6810383749951706976, -2391018463907211455, -3729138346528579520, -3942245253345029362, -1032698423218536378, 2233495137371904435, -1970747149103226319, 2531294222158762011, 4445989245037378795, -2648919406212884980, 800062458669145892, -6586482614645135705, -8855822008500182327, -2076430708060394350, -6127879535600466936, 5017042126534426855, -6767019288334108993, -6985294397658573838, -2605645373691895986, 2542018259596577135, -2699231837109027988, -9132047842757487932, 9066588519930559993, -4601858807243735115, 1470306277250886071, 1688077838521597411, -2700796200994103492, -5656441245782528349, 3822141065635310082, -4415280594152455372, -1709100826419756065, -2732234699235264563, -3101294897153501639, 6933997554702494562, -4541237399207364623, 1251119865371637993, -3280527161887251879, -4007868363884276055, -4134923634748466107, -5595342098352848506, 533209426647054698, 285540986842976874, -4193553788022177878, -7111183380354176443, 7880345233810794046, -7190282066974323895, -7232953798633244985, -7512330892235471280, -889434854029329118, 9122882257136270100, 3909145942678699742, 2870638580126821409, -2685359252619347507, 4540975434217357056, 1912522665107890116, -1474028219808469861, -7767361191227918078, -8495384334141326469, -8024675672634848221, -8352632933072691056, -1084614158625469139, -8372022353883945178, -1171738939209168407, -8485257529464526975, -8549013321787275289, -7405825010257289618, -8694753427154041557, -9173155356561330710, -3164480873853500968, 1172299952227812636, 1535311813904826318, 156312151312654313, 2050968450175517454, 1018091569669202328, 1574734081023094222, 214428871588027420, -5095673126210616552, 2431756818088451524, -1208769590907790735, 3022913469242457337, 2609254198811139442, 5396954320704971060, 284028081363756156, -184157634332906914, 2879924223908633556, 3014475854062098037, 8280511155447462154, 3058186759042775792, 3100842289958262644, -769344519844763244, 3287699046743316011, 7743526815996532326, -7148146405116016542, 352278596429886466, 3606629961194077343, 3840184102447470012, -4623422606623793434, 3924960423780627192, 4660022660859336370, 5401470720317959250, 3979649323160207298, 4037379789709069307, 790424663468033093, 5150907166433009570, 4083460330442256183, 4262233236239091105, 4461207940793579131, 7222389702734437292, 4497639963855891379, 5935809959838255935, 525652295242460822, -9210810031089136649, 3145063885579200582, 5102381975608989830, 5104799485589097680, -467985751191813914, 5122450296475986719, 5256736089695841171, 5341717901052361821, 5441044328235651423, 5661405961885371428, -6303682351633097607, 5704999654143823990}
2020-09-17T10:06:37.424799767Z  INFO  2020-09-17 10:06:37,424 [shard 0] database - Schema version changed to e1b2d478-e5f2-30c4-b994-d93919918df3
2020-09-17T10:06:37.424824652Z  INFO  2020-09-17 10:06:37,424 [shard 0] database - Schema version changed to e1b2d478-e5f2-30c4-b994-d93919918df3
2020-09-17T10:06:37.425597438Z  INFO  2020-09-17 10:06:37,425 [shard 0] database - Schema version changed to 0e03d198-385b-3f36-8c34-c3f5846bbbac
2020-09-17T10:06:37.887472562Z  INFO  2020-09-17 10:06:37,886 [shard 1] compaction - Compacting [/var/lib/scylla/data/system/local-7ad54392bcdd35a684174e047860b377/mc-2009-big-Data.db:level=0, /var/lib/scylla/data/system/local-7ad54392bcdd35a684174e047860b377/mc-2005-big-Data.db:level=0, ]
2020-09-17T10:06:37.973119397Z  INFO  2020-09-17 10:06:37,972 [shard 0] storage_service - Node 10.0.39.12 state jump to normal
2020-09-17T10:06:37.973175035Z  INFO  2020-09-17 10:06:37,972 [shard 0] storage_service - Remove node 10.0.39.12 from pending replacing endpoint
2020-09-17T10:06:38.623663941Z  INFO  2020-09-17 10:06:38,622 [shard 0] storage_service - NORMAL: node is now in normal status
2020-09-17T10:06:38.623716299Z  INFO  2020-09-17 10:06:38,622 [shard 0] cdc - No generation seen during startup.
2020-09-17T10:06:38.625420051Z  INFO  2020-09-17 10:06:38,624 [shard 0] init - starting tracing
2020-09-17T10:06:38.626690755Z  INFO  2020-09-17 10:06:38,626 [shard 0] storage_service - SSTable data integrity checker is disabled.
2020-09-17T10:06:38.627639332Z  INFO  2020-09-17 10:06:38,627 [shard 0] init - starting batchlog manager
2020-09-17T10:06:38.628037973Z  INFO  2020-09-17 10:06:38,627 [shard 0] init - starting load meter
2020-09-17T10:06:38.628059013Z  INFO  2020-09-17 10:06:38,627 [shard 0] init - starting cf cache hit rate calculator
2020-09-17T10:06:38.628556473Z  INFO  2020-09-17 10:06:38,628 [shard 0] init - starting view update backlog broker
2020-09-17T10:06:38.629343260Z  INFO  2020-09-17 10:06:38,629 [shard 0] init - Waiting for gossip to settle before accepting client requests...
2020-09-17T10:06:38.686092819Z  INFO  2020-09-17 10:06:38,685 [shard 1] compaction - Compacted 2 sstables to [/var/lib/scylla/data/system/local-7ad54392bcdd35a684174e047860b377/mc-2017-big-Data.db:level=0, ]. 18354 bytes to 12103 (~65% of original) in 630ms = 0.02MB/s. ~256 total partitions merged to 1.
2020-09-17T10:06:38.686777016Z  INFO  2020-09-17 10:06:38,686 [shard 1] compaction - Compacting [/var/lib/scylla/data/system/local-7ad54392bcdd35a684174e047860b377/mc-2013-big-Data.db:level=0, /var/lib/scylla/data/system/local-7ad54392bcdd35a684174e047860b377/mc-2017-big-Data.db:level=0, ]
2020-09-17T10:06:39.159376389Z  INFO  2020-09-17 10:06:39,158 [shard 1] compaction - Compacted 2 sstables to [/var/lib/scylla/data/system/local-7ad54392bcdd35a684174e047860b377/mc-2021-big-Data.db:level=0, ]. 18200 bytes to 12073 (~66% of original) in 381ms = 0.03MB/s. ~256 total partitions merged to 1.
2020-09-17T10:06:50.630666644Z  INFO  2020-09-17 10:06:50,629 [shard 0] gossip - No gossip backlog; proceeding
2020-09-17T10:06:50.632250612Z  INFO  2020-09-17 10:06:50,631 [shard 0] init - allow replaying hints
2020-09-17T10:06:50.632300543Z  INFO  2020-09-17 10:06:50,631 [shard 0] init - Launching generate_mv_updates for non system tables
2020-09-17T10:06:50.633024221Z  INFO  2020-09-17 10:06:50,632 [shard 0] init - starting the view builder
2020-09-17T10:06:50.993882374Z  INFO  2020-09-17 10:06:50,993 [shard 0] init - starting native transport
2020-09-17T10:06:50.994446025Z  INFO  2020-09-17 10:06:50,994 [shard 0] compaction - Compacting [/var/lib/scylla/data/system/truncated-38c19fd0fb863310a4b70d0cc66628aa/mc-928-big-Data.db:level=0, /var/lib/scylla/data/system/truncated-38c19fd0fb863310a4b70d0cc66628aa/mc-924-big-Data.db:level=0, ]
2020-09-17T10:06:50.996418463Z  INFO  2020-09-17 10:06:50,996 [shard 0] storage_service - Starting listening for CQL clients on 10.0.39.12:9042 (unencrypted)
2020-09-17T10:06:50.999121491Z  INFO  2020-09-17 10:06:50,998 [shard 0] storage_service - Thrift server listening on 10.0.39.12:9160 ...
2020-09-17T10:06:51.000361174Z  INFO  2020-09-17 10:06:51,000 [shard 0] init - serving
2020-09-17T10:06:51.000894464Z  INFO  2020-09-17 10:06:51,000 [shard 0] init - Scylla version 4.1.6-0.20200831.6d9ff622df initialization completed.
2020-09-17T10:06:51.469732011Z  INFO  2020-09-17 10:06:51,469 [shard 0] compaction - Compacted 2 sstables to [/var/lib/scylla/data/system/truncated-38c19fd0fb863310a4b70d0cc66628aa/mc-932-big-Data.db:level=0, ]. 82142 bytes to 76742 (~93% of original) in 382ms = 0.19MB/s. ~256 total partitions merged to 2.
2020-09-17T10:07:46.105662221Z  INFO  2020-09-17 10:07:46,104 [shard 2] compaction - Compacting [/var/lib/scylla/data/system/clients-ca0f635d863036098d93a1fc06f2a5e5/mc-130-big-Data.db:level=0, /var/lib/scylla/data/system/clients-ca0f635d863036098d93a1fc06f2a5e5/mc-126-big-Data.db:level=0, ]
2020-09-17T10:07:46.596053703Z  INFO  2020-09-17 10:07:46,595 [shard 2] compaction - Compacted 2 sstables to [/var/lib/scylla/data/system/clients-ca0f635d863036098d93a1fc06f2a5e5/mc-134-big-Data.db:level=0, ]. 102849 bytes to 5996 (~5% of original) in 380ms = 0.02MB/s. ~256 total partitions merged to 1.
2020-09-17T10:08:04.721541224Z  INFO  2020-09-17 10:08:04,721 [shard 2] compaction - Compacting [/var/lib/scylla/data/system/clients-ca0f635d863036098d93a1fc06f2a5e5/mc-134-big-Data.db:level=0, /var/lib/scylla/data/system/clients-ca0f635d863036098d93a1fc06f2a5e5/mc-138-big-Data.db:level=0, ]
2020-09-17T10:08:05.196341977Z  INFO  2020-09-17 10:08:05,195 [shard 2] compaction - Compacted 2 sstables to [/var/lib/scylla/data/system/clients-ca0f635d863036098d93a1fc06f2a5e5/mc-142-big-Data.db:level=0, ]. 57514 bytes to 6511 (~11% of original) in 379ms = 0.02MB/s. ~256 total partitions merged to 1.
