2020-09-24T03:10:18.456193067Z,2020-09-24T03:10:18.461086129Z,0 QHZffGZVGCKnjQBjhCpR7DRvZjg3BZ8gsEieKQntqDUAF3S9iKqDWijyzAydzs
2020-09-24T03:10:18.467280845Z,2020-09-24T03:10:18.522478688Z,1 Amq8Pfmp0TRCyX8reJZBr5YwcFSOEjQvWGRwJCPtgs1WnbPDaypjIxme95Qb31
2020-09-24T03:10:18.478963322Z,2020-09-24T03:10:18.588840141Z,2 5v6iE52MiTsbAuBuw7TP8QGIQ2fRCmuHSSSMyUFrX4McuLt7XCeNtsLpLaZb07
2020-09-24T03:10:18.489922594Z,2020-09-24T03:10:18.654718755Z,3 bYHrL8NIexoBKX9TlcvZ2OCiBvsnJzUxRq1wuIhCiVgO0Q1wo1wAotc0SSmDBh
2020-09-24T03:10:18.501417236Z,2020-09-24T03:10:18.717113177Z,4 ovGK8FH3WZGuiYO0hXN96PlzgRZ8fYGKa2GOPo4yFxRH5ek44E9Smk3gaalFhM
2020-09-24T03:10:18.512562589Z,2020-09-24T03:10:18.775803890Z,5 gcdSWZDs1CtdZbvSukFv08YgsGCj6577zilQ3TqzDpbbB53sHmG5UmSTnXvCU9
2020-09-24T03:10:18.523969961Z,2020-09-24T03:10:18.835304045Z,6 f4CNGt9J5MexH3BS4ddwRh4XJUIpUmlm9Q2OuHEExbSSQpIRnMrqYW0hdk8tMT
2020-09-24T03:10:18.535655483Z,2020-09-24T03:10:18.898315431Z,7 iQo0qrZsZw0Mr2swDSVZHcrLas1NZPCz10FdttbUw3Lglcz72HW7qFWb2loqHT
2020-09-24T03:10:18.546015386Z,2020-09-24T03:10:18.961723510Z,8 GpgYEM2DqLxsv3CsjQ24opWpyE0nbBx0RiV31vGV4v2YymQkktS0wVxrM8481s
2020-09-24T03:10:18.557388495Z,2020-09-24T03:10:19.022614463Z,9 SUe3H95W8G9CpaUGxOy9uyDQCwBgsBmHRaoJR3m15mrgPOxH52Qjp7dUgu7NRp
2020-09-24T03:10:18.568293656Z,2020-09-24T03:10:19.089344874Z,10 PRMPiUfJcCYvJnWCybCr4OSGFRsJeDkfQx3s2J927UQqWZrBBG5jsDEIzXu3c
2020-09-24T03:10:18.579962377Z,2020-09-24T03:10:19.157459746Z,11 3i2LXvPyIG7BAmLqLOdvhIDSldcsrMP7N73LuOrMViQroctV0eErLqxDwZApW
2020-09-24T03:10:18.591514719Z,2020-09-24T03:10:19.223817022Z,12 CDvC5Opv0fkhaZ7sLjyIULaZAtdMGQgDzv1YjZqaLyL7kYDmTcbGAXSuGbx8R
2020-09-24T03:10:18.602452987Z,2020-09-24T03:10:19.289143725Z,13 s2dzZQXoqsSbIUi79kdEkCmqPdnFt9UYoAFHrTC8r3G7N1zlU9N2KRykkcpOA
2020-09-24T03:10:18.613719362Z,2020-09-24T03:10:19.355673659Z,14 yPiBzfIUEO0UYuFDi7Iu07W2HB5FS9DJPyUOG3UL5NEDZH0WA7xDk6KH15MOe
2020-09-24T03:10:18.625665271Z,2020-09-24T03:10:19.421200880Z,15 YxeYTUVw69EXmv595r2VdKh9u0ymDXOyafLWCvQlRMqXjOvi1acY1ZTH8kG2q
2020-09-24T03:10:18.637225223Z,2020-09-24T03:10:19.490735196Z,16 R4fayYuiWbxROcYLihINSogiGCYUXL6nePho3AMS4YYTbpgZSTszE07Em7JWB
2020-09-24T03:10:18.647985512Z,2020-09-24T03:10:19.557391462Z,17 PBTqNK965B2HBdPozSrxd4GPcNQc81hJqRB5W1JKkkKJpTLTeyNt166uZfATj
2020-09-24T03:10:18.659043428Z,2020-09-24T03:10:19.624319076Z,18 9piI0cu92novYBagwhGKVvau4mMyGc6GwrYse6eUqImG3QETmdnoWJfpNJKtR
2020-09-24T03:10:18.670574560Z,2020-09-24T03:10:19.692682209Z,19 KEGp55wlTCyepY7wDtJPeOBGTaKdkUdHCJONLrY7lFkjKcINC82EE20AsDBiJ
2020-09-24T03:10:18.681298536Z,2020-09-24T03:10:19.761820846Z,20 cd3SY1XxFTq7bC0O6pEnw6ZAxULFM3lGFmnxvU5oQOUo88pwJHLLVzDFBO6T6
2020-09-24T03:10:18.692761661Z,2020-09-24T03:10:19.825696076Z,21 S91MBEDuxavlJrPhv08qcg0MqfeR9DuTiieHZCwLKgJjxNjQ3j6jqXdEFOSfu
2020-09-24T03:10:18.703653334Z,2020-09-24T03:10:19.900155120Z,22 6ecq0Mz1yfX5NPow1sdFkGnotMN4WIiJOMTb5QUVqppEID6gZaCfoc9V83eB8
2020-09-24T03:10:18.714024142Z,2020-09-24T03:10:19.965516233Z,23 CnwL5oOE5JOPElORLhuxUkj8oakXZwzcSR8R1rW56CyQE6wbX3mDWDzHJaKCF
2020-09-24T03:10:18.725092248Z,2020-09-24T03:10:20.033203691Z,24 ZqeLkMyGzGqgKU7NhglaXxc9LB8fOOXoAwglXGihN0CCkTUh5F68S9wKtbte1
2020-09-24T03:10:18.736735049Z,2020-09-24T03:10:20.097713097Z,25 ElpDFYvmj67gND5tmFgT5YzcWQyyIB8Z24YCNHdgDIxqn5Hm2aHYchK6gkk3E
2020-09-24T03:10:18.747827984Z,2020-09-24T03:10:20.170843936Z,26 tjOIKIENQTktmzIwpml035zwKIvch9ey5EcYawM59TLHlrTwOvpAixwxvflZH
2020-09-24T03:10:18.759443194Z,2020-09-24T03:10:20.236520374Z,27 uZuokNqxgS9wdXdrNGftYFjsuGX0gNCDISuBSlg3lqH26bvh9SWyE3wcgohjP
2020-09-24T03:10:18.770052599Z,2020-09-24T03:10:20.298643721Z,28 28BQXsL4oZN932kgMSHOhilWehV6MRtED6A5uFkMui2KWOSxTCrzJ8p6Jq3Ed
2020-09-24T03:10:18.781757457Z,2020-09-24T03:10:20.368752434Z,29 Wj778v8qfn1fJLd2SaskHtaFqkUMCDXMsCbKEI1hHfRQJq2EqWLkeJYujSDMg
2020-09-24T03:10:18.793802021Z,2020-09-24T03:10:20.438916587Z,30 WCN9fXny6rmxyLc9mWvEuPnFwoB6YpjYN4fh9lsO300ocFuLWaspAq9sN5UMi
2020-09-24T03:10:18.805106404Z,2020-09-24T03:10:20.502908296Z,31 loJIBbqB0yNHIKBVl9gXDCKpoH1kENwbewKM21r4grAdNByYvS9Bjv1lMylk5
2020-09-24T03:10:18.816492103Z,2020-09-24T03:10:20.573414708Z,32 iQ31BESWhc2R3KtdBUCGicU8WUuMunoT1kT7hv05u8OkQ6RNMSYjdZdxko7c8
2020-09-24T03:10:18.827632939Z,2020-09-24T03:10:20.643313343Z,33 eqvOUvvFuVrNMM61u6APEw2dlPSpSIQFNNAXgCvy3e84OkJc2jA5A1h2sQ30J
2020-09-24T03:10:18.838583098Z,2020-09-24T03:10:20.707725426Z,34 vih0bukHVcSLDJrvaX9pquXeDlvKFmUQnhAgubxYIycF60iXYNbDdCGA7DicC
2020-09-24T03:10:18.849505501Z,2020-09-24T03:10:20.774278109Z,35 cLbgHiGpuCkclGIRc0rttKHvQYLh2R96mFlRoGRarlu7ms30X6e3E8mbP0Imn
2020-09-24T03:10:18.860472780Z,2020-09-24T03:10:20.844207440Z,36 v3miQwLR65OQfUtnUUzhMYhopnR4EsT5z6o5b5TrtbacK5neGsAzyl1mVus7m
2020-09-24T03:10:18.871359714Z,2020-09-24T03:10:20.916815486Z,37 z37qlkfXomh1esjlykGV3yaEM8fkHUuYxPwnuxAWja615ZGtHO6uePBW40CHj
2020-09-24T03:10:18.882489929Z,2020-09-24T03:10:20.984577706Z,38 8moySGHEYx571OuGRVPESCh3yizjPs4fb28T0vwseC91f6OjKxjBxhGuAChQD
2020-09-24T03:10:18.893326988Z,2020-09-24T03:10:21.055720671Z,39 tQcMkxTlFw4svBIbMqsDdaUVnOfs15VZupnsHzSBAwcvSfQCvBNzM95ggTILP
2020-09-24T03:10:18.904548950Z,2020-09-24T03:10:21.118959579Z,40 CMII389Hiphh21sC8RA96LmrNVwNV6FvguZv8XqbEalOFu2TJ55ikMS73CLun
2020-09-24T03:10:18.915827224Z,2020-09-24T03:10:21.188386285Z,41 Ndr2g5QkWoDYFGlM6LJgXj6UmR0qvY0eUhdzMJoez40cVFLW98ZH2GvANYY5O
2020-09-24T03:10:18.926889649Z,2020-09-24T03:10:21.261576860Z,42 o9QXU5I8SGkgsCGBJ0nIEcTLp2Q66zSY4JauvaPLiin1bFbkcYuvY2MFUQGTf
2020-09-24T03:10:18.938129357Z,2020-09-24T03:10:21.328281107Z,43 3XAyb9xIWbyV8sMFKtkOiyzzLIYLdA5mtMnCnnvejuKnLqkuGIYuSerF7BHda
2020-09-24T03:10:18.949620346Z,2020-09-24T03:10:21.395993870Z,44 a3ECRGzWh8VXyePpfgH5CAbtqtFXaPapHiWyg9RU5eywciOjP6Nt4FKQW8d1c
2020-09-24T03:10:18.960970521Z,2020-09-24T03:10:21.467537102Z,45 DOtSl8r1DohbkTll1UNYQ4fe6dmZoxDC5dZSUVltNbyhla5bB5JtcpRtWwy2K
2020-09-24T03:10:18.972692759Z,2020-09-24T03:10:21.536730268Z,46 Prqq474cnLlrughj1rZIp3jV1E5Z7k03omJQnU0MQkVQ31sUANGKkC2RZ2dma
2020-09-24T03:10:18.983135749Z,2020-09-24T03:10:21.601405326Z,47 NWOaWVEBN5GxkqU90ZEFbBL4y4kDCHjfr2ukw4ceZzz5Vjwe6hJoyM453d4hQ
2020-09-24T03:10:18.994627385Z,2020-09-24T03:10:21.676586010Z,48 6DeJzaBkmsGExTByOUSHltjRYdKRHdnJE4ChpC6G7jdwSGb5Cf8hPo7cBgC4I
2020-09-24T03:10:19.005395239Z,2020-09-24T03:10:21.743320488Z,49 Z1OeBqNGlNo4XfTNajl7aQC9Z2Wzxe828TYk3zeldtxR88i3dFNNeE5CyvK2H
2020-09-24T03:10:19.017469999Z,2020-09-24T03:10:21.811002040Z,50 kqfWKCQFwjDzZlEBYn1q89J8bxhu3P6iSreLRmgfAnQRX3scl7N5w4UGR3Fpc
2020-09-24T03:10:19.028210608Z,2020-09-24T03:10:21.883421892Z,51 qZdM4s6MmEcfLlw9FSBCvmuZAtRBa0BYZaQjc2mNAg6QrkjLyjf9hwsExFwAS
2020-09-24T03:10:19.039160948Z,2020-09-24T03:10:21.946605534Z,52 WWyiOd0dqTUxZZuL27LnsazNJOhtDpmhgtZbJs6ZpskTN4Dl1pRw9voJEuTOl
2020-09-24T03:10:19.050208468Z,2020-09-24T03:10:22.015335766Z,53 NenurrUY4AxsD27DQDIoqAGdCCEDeYFRmjbWzO5Ldk2KBGT1Lqj8xURCRRmSQ
2020-09-24T03:10:19.061720596Z,2020-09-24T03:10:22.081055192Z,54 US2CMkvFKqxjwmyGrQ5aEHHHuDE5Abh2GT3WTvjN7jV1Px0MW0U5J3yXRWxN6
2020-09-24T03:10:19.073048114Z,2020-09-24T03:10:22.148075932Z,55 Yeg8DL6JSMVR6c9csYXKnBsVR7WgIpH0Il8SL0TNf6WUpSLhTTcJ2zpWDace9
2020-09-24T03:10:19.084578412Z,2020-09-24T03:10:22.216752610Z,56 6vH8O4IXQrP7P8HBCmcU6d08tACTQIkxQtmmHc80ZJojKF3vErtxQZ9xTBVRX
2020-09-24T03:10:19.095367793Z,2020-09-24T03:10:22.288351369Z,57 ka7YrRFn4TERMt6bVsgghR5VQ0RCy9hR0syAe9IQ8fxtXQ2d6jF32ugP5Obwv
2020-09-24T03:10:19.106225868Z,2020-09-24T03:10:22.355271211Z,58 hbkq8absqqN1SYRjs4kL7xO3K90qsWFYvWosMQvIeaLeKJloHDzfaBP5dMXn6
2020-09-24T03:10:19.117204934Z,2020-09-24T03:10:22.417791539Z,59 i4x2rgxp80qp9lGR6ElMfFUX1km9aNWzpPuD2xJZWtlqDkgxMIjSHm1v5vzLH
2020-09-24T03:10:19.128413973Z,2020-09-24T03:10:22.484559050Z,60 ymXlhnZ98yc15L36hRz0BINNpyORP3eegyvffIu9HmvrqoF4yshauD16Rr1bR
2020-09-24T03:10:19.139817546Z,2020-09-24T03:10:22.554209168Z,61 err1LTTdHy5C8JnTP2AQ5ZdIf3BQlrRDmM3iEjci9hAM1b4VrbNePydIAQdRw
2020-09-24T03:10:19.150164549Z,2020-09-24T03:10:22.620864926Z,62 Ii2plwhjtJTTrFn8kdXvETKcc2yr5yUStWvm3ufqI5R9l4Ji8RS30viEICOZx
2020-09-24T03:10:19.161491221Z,2020-09-24T03:10:22.687134934Z,63 SH0Y0nKq3A3dy5E5jMMwYlpzkxI3hMINsbZFOUWv2duRXUq7nWq4ZAciIEPXc
2020-09-24T03:10:19.172689289Z,2020-09-24T03:10:22.755164364Z,64 ZMZMf6BOZbP6nsQkVBu4V3KAnQGzJ1Or64RR6KuLKuhRuNc47ZTYBA72lGi2A
2020-09-24T03:10:19.183739160Z,2020-09-24T03:10:22.823465422Z,65 z4jE6m6Kr2kmVOocQiJDmdtQrFwoMrtz36Uk52MLw3qVTNArpWhpHwuVaoPkN
2020-09-24T03:10:19.194020871Z,2020-09-24T03:10:22.892940586Z,66 vVXpNJkJDh7742rgrkU7vA4mpOI9KA0OZYGOOM9fNPIUulFXjsfjJnEY2ufRx
2020-09-24T03:10:19.205341534Z,2020-09-24T03:10:22.963348457Z,67 EP71KEF50lIGoR9z6aWs8bJynZHAzyLpBB3mimBU6p5s3FM3d4ewLA5CNItWT
2020-09-24T03:10:19.217097361Z,2020-09-24T03:10:23.030091178Z,68 D6Y21sqIXLu6DCVoV2RHiSpCCPVlLk5ngb1ZeR7nqDTDsSYJUqPfiEg1iKm36
2020-09-24T03:10:19.228881799Z,2020-09-24T03:10:23.097428481Z,69 if8yLvo9vntWOzUKEJljawJn06FQwNlLF6kJ8pOq92FFe99YiQnOp2fe1KK1V
2020-09-24T03:10:19.239117391Z,2020-09-24T03:10:23.165606137Z,70 Cm7BHspGrenH6czioG63v5nPcNy200fS3qy0GPxJEP984T4J61jwKknfzhYca
2020-09-24T03:10:19.250757341Z,2020-09-24T03:10:23.231667576Z,71 LDL0swLNlVzOflCYWudibUEUQ6sHqB1S3laOy7K9TUchtkYj90gbYYsNpnfm9
2020-09-24T03:10:19.261506805Z,2020-09-24T03:10:23.302523933Z,72 jx3zoG2AXtElkDNXb79e6uRSW9iLqoWAZu86AoCtFkV6E0aevj7RlukGG5EPb
2020-09-24T03:10:19.272881965Z,2020-09-24T03:10:23.365888689Z,73 oz0Th89x9MEDDBFZ1MVtIqgzI10n8iY9Et6ljY3GYE77a4QwyjTN3aSh10XA7
2020-09-24T03:10:19.284081915Z,2020-09-24T03:10:24.454770292Z,74 swOfK2bxY4a9AxoS4nN12pPV8aOsXxR3KNkMXVxMLOvI4pWN5XXGwui6djBFV
2020-09-24T03:10:19.295285606Z,2020-09-24T03:10:24.515955531Z,75 dJBLDTiwED8ay23Jc8ChoIz5habLsmpkXc9ximR3LmizhFsC52LJRPwAduCd0
2020-09-24T03:10:19.305912766Z,2020-09-24T03:10:24.581334420Z,76 hVwoUHmlukm1dnEa1hTmxKf8b38hppbBv2fVKG5AZtEnurJbU7rYQ5r8vOTbU
2020-09-24T03:10:19.317177899Z,2020-09-24T03:10:24.650871226Z,77 1W3OpSGkkLFYNbnkhYZ1R5Ky9yRLxNYAGMn8ncC6GISkSca1pq5BqcwaPzJGC
2020-09-24T03:10:19.328903578Z,2020-09-24T03:10:24.718589268Z,78 sIDoXpx5Z4HaCguJj9YAuvUYM4U9qFFXJA7bz94QTzExqsA8RlUXSWY4QeJ4w
2020-09-24T03:10:19.340390755Z,2020-09-24T03:10:24.785593136Z,79 eTNurobp6u4KyqbIOQvhyoCkKFMloAb8IGNE7LRHCVvDoyUfrkcdDYdu0OAOe
2020-09-24T03:10:19.351818042Z,2020-09-24T03:10:24.851354837Z,80 jAvFH0wgJUEw2NqrjQAYQNhQKFD62tcRGFOFpDKap1bp8DIojXkRO8Uw8gKDA
2020-09-24T03:10:19.363680769Z,2020-09-24T03:10:24.919255104Z,81 ZxjjGECVIQcyI2PutHDXRWGT0FRPc1nODbLLCXn5mlZomHgBz8UUr3eHC2GnU
2020-09-24T03:10:19.374501276Z,2020-09-24T03:10:24.987799389Z,82 KDCmQsxVS0ZjzmHS4j4tgyqzmhnFu2HutXSLj7J82T637CfNZhXkg7GkC3eSG
2020-09-24T03:10:19.385390428Z,2020-09-24T03:10:26.058049821Z,83 wY6hnl97tzQq1EFSTnGl3K7BX8qwAIePsOkQZL23riYRaGMbvjYISEgTzQg9P
2020-09-24T03:10:19.396639153Z,2020-09-24T03:10:26.123215882Z,84 mszgSNVMXVwDr7zsMZuUd4XiZMCtG3ytfqnviwKeyQYPS6Mtlv4PdEthioxKA
2020-09-24T03:10:19.407745665Z,2020-09-24T03:10:26.187994909Z,85 d7UQg7pSFZUPXii3xFfWfeNX0PdiJm01zAd807I1plLfuQibXBisgSkNEVhZj
2020-09-24T03:10:19.419647414Z,2020-09-24T03:10:26.255643903Z,86 4OwqX3C5I1ebUH1UKa0LiLxhJ8wItGMPELTYrnByKoxWYXMZ7pQs2WwTfogvp
2020-09-24T03:10:19.430596490Z,2020-09-24T03:10:26.322330764Z,87 81vY1MCi65BiXfNViY1TgDbf04kz7Vem8khRSNNOWUupYGqVrK5uxtOndMovw
2020-09-24T03:10:19.442076587Z,2020-09-24T03:10:26.391309036Z,88 fMFeG6PuQFS85GMrk3suXPbBbzF4WTTrlqmqKHHviKOWUJhqnEX8uu1X2fRVe
2020-09-24T03:10:19.453626426Z,2020-09-24T03:10:26.457924309Z,89 JCHvMFy8drf2XyIhnG0RpBJ6zApFwgHSZiO38UCT2MX9QmATpH9lcQi3OqNk4
2020-09-24T03:10:19.464213305Z,2020-09-24T03:10:26.523737195Z,90 ZOGEJRnQhnmc08hWxY7il91gxqNJ7qPoS1Z6YFbwkI4GTIy8RHjY6mNyZcASB
2020-09-24T03:10:19.475989365Z,2020-09-24T03:10:26.592785760Z,91 jyG0fUlDxZYlCDs7Ru0UqZnMdtzpw1zxp5YFaD8oU4R4RUJknbNrmckl9hDUB
2020-09-24T03:10:19.487411202Z,2020-09-24T03:10:26.659680979Z,92 BaCB2HsDhUdJcl4M3Wo4s53SOAAfkTIuyqEkBKRPuxz25jl50L1BdUjvQC39g
2020-09-24T03:10:19.498943565Z,2020-09-24T03:10:26.725856180Z,93 R1RRprNEEv9EEbc15hiP4MJhq8fPBKqsgZcCpfk7xx73Wgqby1cHRYuu2SpZM
2020-09-24T03:10:19.510246802Z,2020-09-24T03:10:26.792343086Z,94 vO26Iz2RiqklSrZCNfNeHvYKjrwGgOmH9kz64gmH9bYkvPREH8jINgaOD9LlD
2020-09-24T03:10:19.521167841Z,2020-09-24T03:10:26.858231740Z,95 iFAknwgykknBeuQEVJHWM3RI5KPjOtStFai2NOWULtWdAOvLZWUn8w4C2VuHl
2020-09-24T03:10:19.533534234Z,2020-09-24T03:10:26.923859970Z,96 cLOAVsDC9BnpxDoyo7ltuURbLitMHtP0tZbEod0UNVSgCMH8Llj0cADljtDSw
2020-09-24T03:10:19.544374094Z,2020-09-24T03:10:26.992644616Z,97 iDMxSHhrLA76S7F9ltA59IPdrrJpG9TuxFONLXgdnFDlTj1pJDbTYw3K83OGV
2020-09-24T03:10:19.555472347Z,2020-09-24T03:10:27.057208659Z,98 5x9krJy7Ys9D9H1IlAJfadjMmJckGlpVFVoYPczlTlyy5FUN1ZegvcUScHLyO
2020-09-24T03:10:19.566620363Z,2020-09-24T03:10:27.122718475Z,99 tj8eiAIkUFQn5b07w3i3a4w1XuRvmIOijG7pb4eZtKjB4kRd7lWg8eqeHvTG9
2020-09-24T03:10:19.578564316Z,2020-09-24T03:10:27.190925221Z,100 jAsdfMfjk0uvQltPN9lglv3CaGJVipotMyhhaNb8AOvCECC2IQHCQaN4Tjv8
2020-09-24T03:10:19.590495777Z,2020-09-24T03:10:27.254480196Z,101 JlwDtu9YammB6MwbkqEND2nAWuU48AhzAW0KwLS7WD0AuqkrAmpIhTkQeV7b
2020-09-24T03:10:19.601561693Z,2020-09-24T03:10:27.322028729Z,102 E0woelYWAvVc7qEOWb6PTglcQmCwnSqYCWHSVL1KPnCnnNjbpywwIBmnUmbU
2020-09-24T03:10:19.612791788Z,2020-09-24T03:10:27.388744460Z,103 xiNZAZn8IiV3PvqRvTqABVMllKr3xvlMPjL7et4ahz20cDB1oklO6S7mmcuw
2020-09-24T03:10:19.623817746Z,2020-09-24T03:10:27.456443308Z,104 tLw1N9y2YeNtHk2nOXglyRj7HMA8mnZnEuKl2zsNim8yGB6xRNInstCy4UK9
2020-09-24T03:10:19.634485034Z,2020-09-24T03:10:27.526411853Z,105 FX4WyRrQLcJsFy6mnFFJJV7S9wdTKJ6tA6TSMbaqderHMy5sbeAWu0vRkkHF
2020-09-24T03:10:19.645855558Z,2020-09-24T03:10:27.594087550Z,106 PJgKx0algXke8WGjHURw0cMslmO0zBIpV4ghNx1e9tRvGdXjhAgkXoE2r2OL
2020-09-24T03:10:19.657090635Z,2020-09-24T03:10:27.659170319Z,107 eFaIyfDxNcjLcGgKqD0IECT8CH0YDyFBFgLHUlcAMngSLNot7agzyxNeN2aL
2020-09-24T03:10:19.668658002Z,2020-09-24T03:10:27.729406156Z,108 j6uxedsf1irXvMITVoLfveDQZzuIEANNQHD3GlSYX8KJsWeDzKeDbroG4E0N
2020-09-24T03:10:19.679519007Z,2020-09-24T03:10:27.796880728Z,109 CiXNOszIkmEvJrdynT9K8EImnMLF3lOxDJQhzNI8SShZPawlATrOYJWL4BGn
2020-09-24T03:10:19.690080502Z,2020-09-24T03:10:27.865626586Z,110 W2dDDoNKECOFjQUmN4eOU0tZxFKVhdmZAvroje2vzxGFpNJG8AuQijF3Livz
2020-09-24T03:10:19.701270974Z,2020-09-24T03:10:27.930324636Z,111 t3sgwL7dK2iBCzhNR9qrfPmyt2qwshKAoJQrV9JHbDareQCG9PqOBjsatalk
2020-09-24T03:10:19.712856257Z,2020-09-24T03:10:27.996263052Z,112 kQEjdX4P8VIvfwXzUg4cNOjZ1WPl7Mts9EiYfMTybrA1pl2JSqATSFe559qM
2020-09-24T03:10:19.723992210Z,2020-09-24T03:10:28.065948219Z,113 PtR4wWrbIEl4n6bPHTuYVv21GgnjXY1p7qkNYiEXdXf7ubbdHHmdbDF5iZPs
2020-09-24T03:10:19.735466137Z,2020-09-24T03:10:28.133149419Z,114 85WwW3JVBj6PQLyUuaPB4KTL260mNke9ikNA5XCBJgdXnIC5RMziUGK5INux
2020-09-24T03:10:19.746639408Z,2020-09-24T03:10:29.224921923Z,115 srZBia3AcLCAtFrWM5A0SCP3p6QfmPapPZtFqGBHUebzBGaAbHpVh9nwqLtr
2020-09-24T03:10:19.758021530Z,2020-09-24T03:10:29.291407548Z,116 7GcSX0gNRw4ETDZ473LK467Een3E8osxtvFN6TlolqZj7HcNju3RK61sPzvE
2020-09-24T03:10:19.768192598Z,2020-09-24T03:10:29.356382417Z,117 es6Z8mHTgDaaLJ2Zbc2h095J3p1FVIueEL5omwdf3A2EZNBspPpFNxLPe5mS
2020-09-24T03:10:19.779223057Z,2020-09-24T03:10:29.423093293Z,118 AhGta8JstoOGYCvXDPZxAVfXGfeuC2WGZzJPxROWVjvIYJ9oFROAs8jmlg28
2020-09-24T03:10:19.790352190Z,2020-09-24T03:10:29.495283395Z,119 x2slPTlvzl0lzgJj9d6bwXEljTfI8P80fMeyzgPiEicyDQXm0RvWxVFttoQ9
2020-09-24T03:10:19.801749654Z,2020-09-24T03:10:29.561881080Z,120 RqowC9NE9w7fcJtswBd3NAUNQaDaDgjKVcBGKmwFYeqhY7ioSWh1KloW6edc
2020-09-24T03:10:19.813615683Z,2020-09-24T03:10:29.631404822Z,121 SurGTrP8pJWLH7l60YsEfPmGnrdsCwNCs45kehrlbJmapjcMTIuPBvS3XzJ9
2020-09-24T03:10:19.824791641Z,2020-09-24T03:10:29.699742961Z,122 aCR0fqXjA6BtdcxAQphEBsBNL3DPLXYKDRKaXQmVXwRpBYCrvPYjtgNinwGb
2020-09-24T03:10:19.836868780Z,2020-09-24T03:10:29.767657468Z,123 C1y8YQnTXbrdZIMiiHq7sngPUEVi9NERJi5dIhU9ZzrsRsFNAauHgAQ9XAmm
2020-09-24T03:10:19.847855602Z,2020-09-24T03:10:29.836599336Z,124 mJj237HaHx4YfiAJBTOwqn8H82TAXAiqE8pZ2ITabWZsWaPgRtmpQAV1MAqD
2020-09-24T03:10:19.858962873Z,2020-09-24T03:10:29.903989724Z,125 MtsetoBm421vNxPMkBvmg4T2ZhjEuHWDXwvmb5xQZQforTweP0o65KdHi3jU
2020-09-24T03:10:19.870496910Z,2020-09-24T03:10:29.972184168Z,126 YCuC5DyWNFqiA8rbHCTzD8kfT9MkxjrwDlPJ45lSmcPDfaykA78Mm6jZge49
2020-09-24T03:10:19.881782536Z,2020-09-24T03:10:30.037495495Z,127 V36WG3iLDe10Au6oGPVeh0Xb9B22aHrIIlLFod3f7FMoJ37W7qhyzxZV1BCo
2020-09-24T03:10:19.893256081Z,2020-09-24T03:10:30.105235893Z,128 N7vTA1xFf7J3Siqu1klsPPVyaQtSJLVnthDpIrU48iXMPSbp0njO6aDZCvqX
2020-09-24T03:10:19.905377423Z,2020-09-24T03:10:30.171103213Z,129 gcCO3SsUEga16fzdQL14pKJfM3zJRoQTYfY2xdHW0ITopOj156rjSTyAsZAt
2020-09-24T03:10:19.915941150Z,2020-09-24T03:10:30.239374417Z,130 T1ZcrNdAjNBanU8Okkg5SD6BjyEqW1TDEs37TmQILN6lhW5kUt1eFEI5AL1o
2020-09-24T03:10:19.927958086Z,2020-09-24T03:10:30.307613305Z,131 ORpGKht8338cTfdcsq2ha9wny0GhlrirxPiKhBVyv5KHevXh0fLtCIuABgTC
2020-09-24T03:10:19.939125785Z,2020-09-24T03:10:30.375781717Z,132 jVy7qnqeufhqHeEuIjVq1ix1igiTdVPFmKh6f6AtxTQZMrbVFa5GV1wH2ZQi
2020-09-24T03:10:19.950296255Z,2020-09-24T03:10:30.444370364Z,133 1lYt3PjxrPXnIeyWrn7upqINDpPvYjiepSvmLyvSqyNx2WKNwjlH5LysXG0W
2020-09-24T03:10:19.961249578Z,2020-09-24T03:10:30.512360160Z,134 1yV8rBbZ8b2FObP0BBxxnOLJ5hNTcnwU0XbiSobHSF7De3rBv38wXiEjCpzG
2020-09-24T03:10:19.972579895Z,2020-09-24T03:10:30.579002059Z,135 NdPHEVpC4kuEKI2fZwuzDjTS5jvnpH6eZJ9hKHE6afsmdfwA8aoZzvhZyEqV
2020-09-24T03:10:19.983603054Z,2020-09-24T03:10:30.644537818Z,136 ocNe81NjEjhk26owyOJMpitvcAaZo7jbOdcAkexQnX6Jq3sXlbFyiTCQykpS
2020-09-24T03:10:19.994991832Z,2020-09-24T03:10:30.714303621Z,137 it8BKpsFO8HiXtwmgQtPomKo8QIV8qBoxJjYYCpOpp8GEKI00S4bitnP67Fv
2020-09-24T03:10:20.006337141Z,2020-09-24T03:10:30.781593085Z,138 XqdGH6avtNvjR1J07BiDGJICCKDkUYcr9GCCHFHGFEwJMQupiRlsdBUK0NVD
2020-09-24T03:10:20.018170382Z,2020-09-24T03:10:30.847152583Z,139 9njnZ8Ge5zKgWnoU9glyHadlS7JZkaGIcxZGLWdgrBUyX2DfSHOm6w6eVRR5
2020-09-24T03:10:20.029226193Z,2020-09-24T03:10:30.914598658Z,140 2bGES4cGLU1bykgTMMsEJVqtDyVO76qFo6ULuolPidaNrqazk1doWnKS3HcY
2020-09-24T03:10:20.040563015Z,2020-09-24T03:10:30.981743145Z,141 dto4KXrnMJTyAe7mkTdz5yPRBw37XPhNvMQZbsNoACP3ka7cJPtmaxiFkCqI
2020-09-24T03:10:20.051017308Z,2020-09-24T03:10:31.048083533Z,142 4tdzEN6NhPZcWt9tA6cThVPeTlRnS4cdoM2RbNvywq3WnPorjsNNdzXrOQ3W
2020-09-24T03:10:20.062302941Z,2020-09-24T03:10:31.116177534Z,143 cyksFG2nhGbpz42fvfjjWuFngjIXviiGcJEfXMu7cs0FMD3tGw1XI8ZRxho4
2020-09-24T03:10:20.073709804Z,2020-09-24T03:10:31.182729541Z,144 qYiNudLLhiE0TBoccldZTeG9SCNLuRo2HgagvKapYvg7CO5PUvYCxzIBGx82
2020-09-24T03:10:20.084181703Z,2020-09-24T03:10:31.249604650Z,145 B7Y0deC7pcn1ltNAm3RvfSqPD6MlPLz1pfiJnmoRFJuYnqxS9h3y9si2ySCF
2020-09-24T03:10:20.095545115Z,2020-09-24T03:10:31.318907278Z,146 m04Hjjsjgb3VmK2Av3rpiMlrAPkILCOI86ZCTwxzhUElgyqAJ2pmTgKs2l0c
2020-09-24T03:10:20.106366848Z,2020-09-24T03:10:31.384119904Z,147 T1kwOxkzpJwEJgbLWzUR88TmFPhMZlk0yE9WTWnTOhk2sP2Zic8g5r0i4BG7
2020-09-24T03:10:20.116945163Z,2020-09-24T03:10:31.453245283Z,148 MN2fKgk4S3cVhh50Rhe9awmvvKgiSQOZOMMfeSloHqRXb6XQUPqKFmQ3uZty
2020-09-24T03:10:20.128366621Z,2020-09-24T03:10:31.520581409Z,149 zMDdAbA3alna1Qg0WoHIUgcQ6Cf3oKeYRTFZ8vbIbSjJkBHfBOnLYjHxiocE
2020-09-24T03:10:20.140012339Z,2020-09-24T03:10:31.586725848Z,150 jyx6kEDgSns1XUGoH61ErHiK11AbscaW5tnHSCekDbAR3sJHWoy3uKcbxNtR
2020-09-24T03:10:20.151474441Z,2020-09-24T03:10:31.649183297Z,151 4By2TDWmXtNuDSihmefgILM4os35xJCBqtsrUmJWdJyrJfRmED6aFBJGEBpL
2020-09-24T03:10:20.162097295Z,2020-09-24T03:10:31.714944465Z,152 QT0gP5QrvXHZjOtGyXUPrT7fJrfyhv6B079gokAkoSEAlPHz9oUaPFxdWFeL
2020-09-24T03:10:20.173254264Z,2020-09-24T03:10:31.781054243Z,153 PCORwF41eSQwG0mT0Ih1IQ9GwwpPTVjTiPa9T5HnJ0n28Vx88U6st9zPHUQL
2020-09-24T03:10:20.184792635Z,2020-09-24T03:10:31.844153177Z,154 rjIYr34zW6i4069HbJoYpxaqVFc3jfkYrUZ3kNBvcRb2c1ogZ4PUcCjQnCbd
2020-09-24T03:10:20.196878616Z,2020-09-24T03:10:31.906748451Z,155 BHk5VVFbIVfBPtj5UUqASmRK0wQlHLdQ5cTqZ4lAwgyt8H5RqeD5Wuk4ggV6
2020-09-24T03:10:20.208078985Z,2020-09-24T03:10:31.972959819Z,156 1jByIvvzfIeyLqfJ6t0mMcRX2ywmj3Zy8q89D4U6LCUId1KELaDAvGZe9ofE
2020-09-24T03:10:20.219562360Z,2020-09-24T03:10:32.037206034Z,157 oDhSmORBqj9WDE95Q20iMOz14U72dGMRXScd79rSzgPbAVkZABMfulXwBQfY
2020-09-24T03:10:20.231006721Z,2020-09-24T03:10:32.101387151Z,158 Jmt9L25oQPwvlSXNVZXhsFFPuP48xpZRb3hWIqz6Gf3aK8LywWQH28UuIhbk
2020-09-24T03:10:20.243013906Z,2020-09-24T03:10:32.168496311Z,159 m5HaoTRYPl5mLxUhb5DQ7AwvK3ABdneEzOV2E1sbOT4ORJ1JHyUPhbTzlpPS
2020-09-24T03:10:20.254044758Z,2020-09-24T03:10:32.236595219Z,160 Bool5gIVwVlvEvVdJBAIXyUQhFVSyHi8iNEA9ta09VknVUgCgkVtk7cEVvpU
2020-09-24T03:10:20.265328047Z,2020-09-24T03:10:32.304042107Z,161 LlH9VhgOR8N9ytOIg7rhMpU8s8MtTj3szjRL0ikFci7lLcwACI3BWegL7fOH
2020-09-24T03:10:20.276440568Z,2020-09-24T03:10:32.370345531Z,162 2kGmUndiaJ9FRtCiJKOQIkPo9NcEsX0b9N08TLxaN7fV4k7SlnKPvGYZO9YT
2020-09-24T03:10:20.287151551Z,2020-09-24T03:10:32.437986603Z,163 DlduN2a8lsTwemg2KmdECfNJd0sAqTEfEIAXejSKkw7Z6XFzwsOGZRjYS3WW
2020-09-24T03:10:20.299462584Z,2020-09-24T03:10:32.505802565Z,164 vpVrWcT1L7uqBeXcGHeeQJi544zsAC8pGU1jRR2StMKoPJPV0otSENLUbd30
2020-09-24T03:10:20.310658102Z,2020-09-24T03:10:32.572219286Z,165 9UyTSE4u01c4h0PX9Tv78dLMQRPY5yuXcScozq6B1ULH7k4n0mQRgJq4mTmH
2020-09-24T03:10:20.321607645Z,2020-09-24T03:10:32.640217563Z,166 h1ODgzdRdSKaKR7TlHF9H5rieOTGW4sfPzeSqwV6RfBgON3NIusAKFeB1p04
2020-09-24T03:10:20.332737928Z,2020-09-24T03:10:32.709421994Z,167 7TTieTDWDqZyNyjj01JcZLbhGkItsYyntByubMXKnclbOznTp6JTXlIP0FPi
2020-09-24T03:10:20.343209409Z,2020-09-24T03:10:32.776983238Z,168 Wq7wzp2VLxMkVi5091RcJ6uiceCAiNE1fpuQ7fhWb0FRbz8NSSXWxuydhBDO
2020-09-24T03:10:20.354275656Z,2020-09-24T03:10:32.843966382Z,169 5T53EKJJaA1Dv0WSrb4D6YFIQRtWVoSCrMqQrCho9pSCkMCOI7h5z6tMlRyL
2020-09-24T03:10:20.365257629Z,2020-09-24T03:10:32.912678472Z,170 guLMbT3qg6JJBGnbytSTLogDwwXXynAUuraJ6ndwvf75WvL6oohHf8ESj5TJ
2020-09-24T03:10:20.377871634Z,2020-09-24T03:10:32.978179470Z,171 wrzFjtu9e65zyPxrTmExqicWHbrp1UohOiih3eQZaUTyHLj7RZPmcaCn2FwB
2020-09-24T03:10:20.389117968Z,2020-09-24T03:10:33.046187432Z,172 KkSs8iCLLJfTpGevNkXhFkVkaaJTGc8V3Eh08Vhbl28nG6uAbZdyX16B2D1k
2020-09-24T03:10:20.400151342Z,2020-09-24T03:10:33.114063617Z,173 41jBHyJI3V7ZQpmOOMS3E3oBpb3AehTwREZqp3EcwvqYvImV9njKywjg2RzT
2020-09-24T03:10:20.411425502Z,2020-09-24T03:10:33.179229380Z,174 5JVnyFKXQ1ragPM8mt9VCa6H8tbcPdsTxg3uu0jvUJbUGtXXVTdhKDuo4Zsn
2020-09-24T03:10:20.422928725Z,2020-09-24T03:10:33.248175213Z,175 gjM7C4N4q6CSZa3Dn0tXgePT0138Eiotoof8OYMOPp2CsJ5ig2aJcJFvOXwS
2020-09-24T03:10:20.435505886Z,2020-09-24T03:10:33.315317967Z,176 p0oLQXYEmNisgWPcvger8x3fFgNLGFmoWy0ZFXw0htbrYsc1MG9DxWbzBxLY
2020-09-24T03:10:20.445123831Z,2020-09-24T03:10:33.384510435Z,177 WP9Us6PGLaUU4Wxc1lVDqDQ6Z6oHIJVUXVeJr3JWBkeYaSF2yoottBO9eR3p
2020-09-24T03:10:20.456876234Z,2020-09-24T03:10:33.452077729Z,178 Dq6O2vXeNjLOU9oDkZYPG6dpi0quGybpcUJ6KqlNI3GpgJE7C7MRnsi9wAxt
2020-09-24T03:10:20.468186259Z,2020-09-24T03:10:33.520735364Z,179 IvdMSA17f2RFLuwTpdTIXB0JgkLJ4i9SnHS06VGZNPkSnF8zbzgqvlteP4h1
2020-09-24T03:10:20.479849420Z,2020-09-24T03:10:33.587407660Z,180 G23fAql6X6tnBeEVFmL7zyqawZWJYfzYpE7nN63r7jrlDnMJFU0UlYbkprYu
2020-09-24T03:10:20.490119850Z,2020-09-24T03:10:33.655304350Z,181 pSbR0ipyNt7T5KL6CNcHdGdoRQqINnbi3TBBUTjXS4JL7ZxEDTZWaYw7wuZb
2020-09-24T03:10:20.501846166Z,2020-09-24T03:10:33.720337762Z,182 p7jynOYyvTQkrDNzsQU6OHqpIcnN3yL9njoSIfBYDGbAcifEezORGsSzuhgw
2020-09-24T03:10:20.512248753Z,2020-09-24T03:10:33.790899059Z,183 GcVoSsHLCP1pv8Lg4ZiiFH1NDGz0Y7UwVa4q5bEq4NpDAiA9GSiBWIsPwaq2
2020-09-24T03:10:20.526339761Z,2020-09-24T03:10:33.859118844Z,184 1nrDMTtVTMKFYlXzjhqVGbdG3fE37Rr05jGUnT7P0RtzuF7xU2nRrCLRmOcJ
2020-09-24T03:10:20.535106208Z,2020-09-24T03:10:33.926883469Z,185 psVmshbetpvhSol1rseO0TWzK3dfMgcYyPXLAeJtUjvh0pgidypxTiyuC74h
2020-09-24T03:10:20.546557197Z,2020-09-24T03:10:33.993786982Z,186 qX5GyRjjA15YrSfupuIAEBO9t83U0qhCbE2yLq1Fj6QaTmwWjfomFqzPrvbi
2020-09-24T03:10:20.557927491Z,2020-09-24T03:10:34.061543093Z,187 2b9AGsuthlzEev7vL9Adw17eqMc7qL3fBy1GWLfBRIQJXs0N7CzdKH29SNeG
2020-09-24T03:10:20.569758143Z,2020-09-24T03:10:34.127967552Z,188 DWi75b2Pqt9fkQpaO8q5o7zmj1c13pfPQiseRExm39Gb8kBuTWzU3FLPS8up
2020-09-24T03:10:20.581303874Z,2020-09-24T03:10:34.197405362Z,189 PbJJKzYmJ0cF1PsYlyKUIxbEOfS9tJAELmHnRHH8dUtnSB77F9YFJhrY8QjI
2020-09-24T03:10:20.592741077Z,2020-09-24T03:10:35.270640179Z,190 w9mdLjV975e9jPQgJmZX6u2S2M41tj1zyd0DEfj4TQMD4i6nylCCK6IUEkGY
2020-09-24T03:10:20.604936156Z,2020-09-24T03:10:35.331325864Z,191 XF3EbnImd8QsYEAoEObJ6wNctrez51VbNVh8TVT4fb5qSe7BMzHXUpbm3BcB
2020-09-24T03:10:20.616301201Z,2020-09-24T03:10:35.393147280Z,192 P4iIiFin2Q8XUiYqlV0UtKjWWopj1kSTy9q7iT1QOs1tihxH5CogcgPma6ja
2020-09-24T03:10:20.627838034Z,2020-09-24T03:10:35.455818430Z,193 04maAKjpFx62mdgaJNOhHSokjNu0qK3jYN7GinKeN1fkT0K2ffp2aoILKfc5
2020-09-24T03:10:20.639204641Z,2020-09-24T03:10:35.517308976Z,194 pFdSNepTjh9czphlvVfdTthFpeoXdgaKEVVoi05ufFV9788QN49KsUFFvk3o
2020-09-24T03:10:20.650648036Z,2020-09-24T03:10:35.581559223Z,195 WRl3nhQtc5MzbtaXbYXKYU9PD8BlhEw82lGJDSIi9lFfV3Cn9N6Djh44PIF5
2020-09-24T03:10:20.661198372Z,2020-09-24T03:10:35.649720531Z,196 qtaUY71YDS2Q4dVX8szYX37qJRFwpPUkfJ06zi2yQgY7cFGChZEdrXzHPR2D
2020-09-24T03:10:20.672365403Z,2020-09-24T03:10:35.716834986Z,197 vCUfvK5KJkZ0frVT6j4SENgVQZqXcYDKRq8mI4bwNAJNux1NwBcFnIejace1
2020-09-24T03:10:20.683826680Z,2020-09-24T03:10:35.780350366Z,198 oE3hU0MtbIJ8OknqJX20INvDbdcxDEsSEZafeEJbOU3vnJDDJ8evwxquW0tH
2020-09-24T03:10:20.694123180Z,2020-09-24T03:10:35.848821267Z,199 XeCv3PEi2xpdrIfr5agAiE8f7vTaI6jAG2z3iUzZYmuVHwkKi26zURI1ILH3
2020-09-24T03:10:20.705467375Z,2020-09-24T03:10:35.913648859Z,200 bxG39FWoDoo4MzqDqe4lJeK5xPqob5JRbLcnrPH5BlYOox06tqqnRmYwwOH1
2020-09-24T03:10:20.716783288Z,2020-09-24T03:10:35.976189064Z,201 7CG8VMc8CC4HX5piFF7okqApudqf4nPF9QmbKbFpYja1LKngeoG4sYNJ7C8s
2020-09-24T03:10:20.727707843Z,2020-09-24T03:10:36.039938799Z,202 1dEeXLtJAhm5VJLURTwvPACVjdRSltxdJ0FoRTbTL1Mj9pwQPIxPYaQAK6aI
2020-09-24T03:10:20.737985025Z,2020-09-24T03:10:36.103235107Z,203 1knfQFaKbsUGPxs0OdwUVHN9y5Q6bhIy7D2WWwsZWtDdgoNWmnPp1zppr56E
2020-09-24T03:10:20.749117611Z,2020-09-24T03:10:36.170475387Z,204 vvRH8GthJzNewLofRQcsBT6E4Ilyq0lY6pnbHmFQPlBk38FLmZEhaxyPK1DI
2020-09-24T03:10:20.760462319Z,2020-09-24T03:10:36.235721547Z,205 AAcLvKdyB9VMTOq1mSQEDwQXhKWVAOwDg0072WhaGtf1hrT3ddo8KpuYyyxr
2020-09-24T03:10:20.771933417Z,2020-09-24T03:10:36.302415690Z,206 1MY2DC1ThkMcvFsPIPcBDeMBKGakOB9sfJveKuX72yQXev87t5JKk8yt2T77
2020-09-24T03:10:20.782971682Z,2020-09-24T03:10:36.369446533Z,207 85ba8IKrbsa0tUTzYvFEX98MS1ZHBYf0WZK3kezP5YTl0Cd6m2pYyofNP5dX
2020-09-24T03:10:20.794190381Z,2020-09-24T03:10:36.436257161Z,208 REx9Cg1FXudOeeV8Wj397LNkAwU8hxI9hwtbP46Tpn3EEsg4AZbfNHuxHmRl
2020-09-24T03:10:20.805305883Z,2020-09-24T03:10:36.504808757Z,209 ERa47Vl9m9IE5v8AjPNuvhw2SPnOScDJ0NqffYgD5gAWYVWW7NdqNyRE0jK1
2020-09-24T03:10:20.816345677Z,2020-09-24T03:10:36.572976299Z,210 oOiXu8gtweH9n154eFQGMD8B7A77WLrUozfabIvt6HJ57G6y9Sdo3tpFWbBn
2020-09-24T03:10:20.827226657Z,2020-09-24T03:10:36.642107943Z,211 yszHFw0rT4QXcUzvwS19ZYf6a7AJzrS3uiM9s91D5JuRfjXtRa4s4amzt76y
2020-09-24T03:10:20.839027867Z,2020-09-24T03:10:36.708053908Z,212 W89QRF2rt37uLHFYpxs5o6L652p1WbfcC6n0PUWpzrPz5iGaKUGlRntRWMK9
2020-09-24T03:10:20.851277278Z,2020-09-24T03:10:36.774861443Z,213 WNoORUMLS8RncD2keFAjXaBbPsswHQE5COe8z7kU5oYr8jmMdCDLthY4f267
2020-09-24T03:10:20.861519994Z,2020-09-24T03:10:36.841452233Z,214 4dkLtTjeh1ORlpbIqNDKb4uOUECkhIJTg2oVj87VyXDOZcA0Eqfj8ORsSdRv
2020-09-24T03:10:20.872007599Z,2020-09-24T03:10:36.907900904Z,215 OaSTntUxJD3n4VGYR9aEufE7i6K5HKzAE5vjRVsfWZOgFCXb0tLv25ELcFNw
2020-09-24T03:10:20.883643764Z,2020-09-24T03:10:36.978649559Z,216 VHYe1qiIz1a3oifiNktQeI4xDYqh0vOCyy5gS0jfgjdSMGSPn8Y2aBvvm7xY
2020-09-24T03:10:20.894009844Z,2020-09-24T03:10:37.045933347Z,217 dIEY8SdjPpVDxmnxud4GM75wffjHapKDZrWN1jnNITzAwgsquaspeC3z86mT
2020-09-24T03:10:20.905636111Z,2020-09-24T03:10:37.112173334Z,218 NScTxdrxFtBWJP59WH53wFk8naQ0vrDYPzOG3fRw0pQikSWWtHX9LRNuWRJx
2020-09-24T03:10:20.916064302Z,2020-09-24T03:10:37.177549504Z,219 vJjvFTLfKNIqVeCpzRiIMKFlD4R0z17AtjnKsRFyHh6bYuBheeezm3HmgT8e
2020-09-24T03:10:20.927688428Z,2020-09-24T03:10:37.244626121Z,220 FKGWlPGza2qRfmtKWYRqGZSgzm96nR1CEUoxAyj1R4HgUQFOwF3RwzbfRhrx
2020-09-24T03:10:20.938900100Z,2020-09-24T03:10:37.313252156Z,221 QdHUhdFO8pSJGU4GDTgtYJj5MaUHXJqN0Go244aigzb0n8tEFzbDI6kHaWdQ
2020-09-24T03:10:20.950453704Z,2020-09-24T03:10:37.381337280Z,222 i8oTWfr3tQelSrsxn8r8trTTs2eNzT4NcYckYoznIEcchtP1uF1MPiZzkMyJ
2020-09-24T03:10:20.961781564Z,2020-09-24T03:10:37.449287237Z,223 oDChVuKc3kdo1KBPoBcth3rbczljOWpblS2AnwneAIOm0wUcHOK7AxPZ4agh
2020-09-24T03:10:20.972260698Z,2020-09-24T03:10:37.518190353Z,224 HeAqJvHdPv1NSemjfTjSbwMhmFGPbcdaw6DRuh6H6a78xmczQzXN4AXcrdFh
2020-09-24T03:10:20.983910695Z,2020-09-24T03:10:37.584557471Z,225 tPZ6AtfW890lTXLb1L1LdNa8r4XjqrmEVi6yyDu0wCVHi7rG8eW6FmPUkYnw
2020-09-24T03:10:20.995947424Z,2020-09-24T03:10:37.644821205Z,226 pqeH9y37RMTFCgILdRST68yatGX96wPWUUK3YawmRrZ112t4fXZPcfvH3cuk
2020-09-24T03:10:21.007319479Z,2020-09-24T03:10:38.779566325Z,227 mKe0hQFYUp3nIzO2SNWEr85R5WMGfIZQI6QPAngG8GIQZPlrlFObdectwglF
2020-09-24T03:10:21.018635667Z,2020-09-24T03:10:38.842173238Z,228 sp2w8sZbefSf2cURujLTkHuUtE5YuhCGRlznxUTeSpnTbERD8I4QSnzLUJjU
2020-09-24T03:10:21.029781373Z,2020-09-24T03:10:38.909079357Z,229 a1g8BzHQgwm9tWvx58NvgWbb3WfGFV4ZGbthsd9ONzoZWN0nhU5wbmi3ErEf
2020-09-24T03:10:21.040373663Z,2020-09-24T03:10:38.971699543Z,230 QiL1KygWDd4g81K5ZiYqAQapTbFL3JZUB1uy0hgV2AuMPA1Pi9jqAt8k4fJe
2020-09-24T03:10:21.051036211Z,2020-09-24T03:10:39.032537035Z,231 fs67Ij08YDDXF9IsArrGsgzcASc8nOmC8rpdCd7dYtjkFWN62yxpokzWQ7AP
2020-09-24T03:10:21.062489855Z,2020-09-24T03:10:39.097567936Z,232 EuSa09rexgW3ISkOEKVOQQCH4F4rcT5CoEmxlIakCHytIcTwmzsjqMoGUDlH
2020-09-24T03:10:21.073637863Z,2020-09-24T03:10:39.162597683Z,233 h3TNqbWvTu4KsKSIP7PJX0Q6JX1sCazOQrOlengvx0iPUrHCI5oqmfD46JCP
2020-09-24T03:10:21.084190000Z,2020-09-24T03:10:39.228163729Z,234 ETTB4aDqXLqTLRCa9v9zik82nOJV3RiaZCIxiT06xs7ct9go8ZTyWvAeJG3m
2020-09-24T03:10:21.095679256Z,2020-09-24T03:10:39.301382435Z,235 74k41cTCJaprUTOZKL6HaPZym5gMavEdxZe22QF7uZcHuap0ZEFDLOtleBjA
2020-09-24T03:10:21.107033522Z,2020-09-24T03:10:39.368184765Z,236 af6JbGmXWq8ejRc7kBMqDcODro0jTwT4LYOYy8gqQj4yAsGrk6wfjXArtnI6
2020-09-24T03:10:21.118647919Z,2020-09-24T03:10:39.435201511Z,237 hGZED48I8gWV5tBsI5c5koiwvujZibbfcV5U5vFjJs6I4yzfTDIjpwW9ensQ
2020-09-24T03:10:21.129113151Z,2020-09-24T03:10:39.502546156Z,238 Sz4CR6RXxOVg55HrKRfdpFx524BdQWgKN0lZ2sWRvQ1Ewy46EmRIQcpopi1g
2020-09-24T03:10:21.140467255Z,2020-09-24T03:10:39.571096148Z,239 WY47W34khcz2RO2VuuyjT3u4KNshA8tdhIBZJf8XtKFNNgMiFkPHQMUfAHij
2020-09-24T03:10:21.151054776Z,2020-09-24T03:10:39.636557730Z,240 NtaCa9PenyAPHsODtljEUDwbfhrUpnsT6n5v542p8SmaWkOBNv2Lw3iSERFY
2020-09-24T03:10:21.162571056Z,2020-09-24T03:10:39.703976435Z,241 OZ6YYJF7AglMXDkobAL8vxVbOmulnoNnjSk9meWZmllbTMHrjYM2LMceKTiZ
2020-09-24T03:10:21.173937846Z,2020-09-24T03:10:39.774754871Z,242 PP5JyMfkAiaGq3minqjnJWSfPmPBfWFjCYwWoTHhNkEKKwOA4zRfrHRkhL5Q
2020-09-24T03:10:21.185500669Z,2020-09-24T03:10:39.843968966Z,243 bzT8wOhaNcOEyGj602QXg6jqHtdKCRZBOi4Je5sMlUrs7SXLHBsStwVGFW5a
2020-09-24T03:10:21.196606345Z,2020-09-24T03:10:39.911066906Z,244 CJ3YCwUHIJQFZg1G4djHpq82VzCc54CzdlyKdpQaEU7jy7ls4Ea1kZxOBxga
2020-09-24T03:10:21.207860651Z,2020-09-24T03:10:39.976883408Z,245 cfxCq9XWZqejWoXaDSP5GughYRjwVKbXEeVqoaETdToJOwvyO2IvD1kMdiYX
2020-09-24T03:10:21.219754604Z,2020-09-24T03:10:40.045171421Z,246 uV7Cv5KQylpPrw9OPtaZJO8NEBCV6jUgFE1CqLV55avBZthrDlAucc93YxM2
2020-09-24T03:10:21.230200186Z,2020-09-24T03:10:40.110809816Z,247 cmy6QtFnX6GGyuu7N5l7dM3rcdlS66bxokLJRLHiZ8O150xmubPmC1UdzGmw
2020-09-24T03:10:21.241749611Z,2020-09-24T03:10:40.173671946Z,248 dOwtcPi9a7gLOQNWTepHXVMiMK2VAcucvrgi8BRcCT5JKKRccwbMMuPdSini
2020-09-24T03:10:21.252598363Z,2020-09-24T03:10:40.242018294Z,249 ml1Um4pYfmkcDZcbaawWgMhjMQJ2JQa5mOZJVfde58JB01AiOC5bYq3n729x
2020-09-24T03:10:21.263124624Z,2020-09-24T03:10:40.309348091Z,250 66Wra39zfmlNSoN77tBu0tHI6FD1Z5OORr6PXcUxl7onfFXGTvPinEtOIP6n
2020-09-24T03:10:21.274694910Z,2020-09-24T03:10:40.374733864Z,251 FE3FwhnycSqQlTCDKwtEsH5wHXU8yMzoRKtXMgJdLxW4uThW1JLI8xSo05Jf
2020-09-24T03:10:21.285920424Z,2020-09-24T03:10:40.440548364Z,252 oonM2IgJxx7hNX0OZ6E5rvvMzPkqzswaHZqJghQBIcCyJSEEximbYElfiut4
2020-09-24T03:10:21.297278474Z,2020-09-24T03:10:40.508223007Z,253 9ToEmlqN5e2DGPDnBoIMt9pkOaFsD6mTWh2F62QmmcU2aK1J0MmxHAwg3ERj
2020-09-24T03:10:21.308791835Z,2020-09-24T03:10:40.624600000Z,254 gaxuYyCbsBISqUIuEMrQXclMWL6GusLytHxoO06vGKFSW9wIjjc1w2UsbRPv
2020-09-24T03:10:21.319591589Z,2020-09-24T03:10:40.691024293Z,255 pFJ3T8lu6bqY67sRC1ajEIrQKStzI05l8io3q5jn14xZ3dDN1hNfsDoJnL6l
2020-09-24T03:10:21.330193913Z,2020-09-24T03:10:40.754604873Z,256 PFGkvYkvPDGxhPknub2dYYRXkMS7ql8srPrlajSvl3nJe0MW8JC5PK6eYITI
2020-09-24T03:10:21.341562031Z,2020-09-24T03:10:40.818839307Z,257 ZYOuPw8mP1sQNRYlWnFEeVnxoDGHZqfBOKQJOTIf3CHHZpnBm7Yj3EdDZqUa
2020-09-24T03:10:21.352957259Z,2020-09-24T03:10:40.883954572Z,258 3CO3XL1j7Gn7F49eLqaO5Ymtrnh7aTE1ADW9avA2LvCelEDvJh5lWOuOoCdV
2020-09-24T03:10:21.364440452Z,2020-09-24T03:10:40.947697657Z,259 UwUPR036i446DhlzMWQFnrkgnv0mOrqivXkhwN71tK0AU9WfPAqcVJdN0NvZ
2020-09-24T03:10:21.375736354Z,2020-09-24T03:10:41.015610001Z,260 ZPLB3WuuAbyaVDOfqQsWKRFUDCoXvhLvAbZXDiYGyH7TVb8JuuoAz2ewNfiQ
2020-09-24T03:10:21.386553155Z,2020-09-24T03:10:41.084390747Z,261 mwFCqyWeG2C1oT0CpfMGsmycryfTlCF8qYkd4qLhXgihFhn7P1MPDDHvBRkb
2020-09-24T03:10:21.397855821Z,2020-09-24T03:10:41.150280081Z,262 wgWsqkNvjatoLgyKoGuvu5qoOvFqgY3l5jkiReprgbHPx3oF6iIl9xRBpGQW
2020-09-24T03:10:21.409797431Z,2020-09-24T03:10:41.216608737Z,263 CuHJZVYBf8BFIvyQYjYUTT45UTPFP3pC3ts8tnABLt9ZTjehRYGQ4e9PzIGQ
2020-09-24T03:10:21.420019997Z,2020-09-24T03:10:41.287957842Z,264 e7XNmqIeu0a1nVaIb17oY21WvaSRz5E78qnjHha4QyuI0IcQ2IN1LbXzHUIH
2020-09-24T03:10:21.431357135Z,2020-09-24T03:10:41.354724411Z,265 oKAkTkiuvg4RijCZ4W7Xkam4uCx7lWpdP3WMPVAzprF53KVWCql5rdAgYAuV
2020-09-24T03:10:21.442589644Z,2020-09-24T03:10:41.426260235Z,266 N4dDoYtvKzSV3Iv4AOzqoe2JNuJU749BGc40B8n71PoMuxj2yMxQZNNHmPhh
2020-09-24T03:10:21.453133631Z,2020-09-24T03:10:41.494634222Z,267 91d41No3IMrxGzAVpWXZ3NFq24z74kd3CtFEqRT405XwurDZxzd7dVXFFQgm
2020-09-24T03:10:21.464367263Z,2020-09-24T03:10:41.563960996Z,268 ybKBsmb0DrLHMZRuRQt3SEXPK2GiuskIURs7fnZCl4tOxxlq2RaNDkClTmwj
2020-09-24T03:10:21.476169597Z,2020-09-24T03:10:41.630825372Z,269 pu477p28SXvQcwgQ9JgcoeOTG1YLdMVfMrjWBbQOG0OLFM0kf59CQqS0CO9b
2020-09-24T03:10:21.487102160Z,2020-09-24T03:10:41.697926426Z,270 WviiSWxoYLXcDRJDBFXMxIrmFKcXX4Cl58NaueLOu69gCaqFhKwRpcxHRH4f
2020-09-24T03:10:21.498271111Z,2020-09-24T03:10:41.764440872Z,271 KBa6zYt7lL9PxAhGKq1ZwCXwNWsNggCIYi8wtPgFybEPSlhryUEGIomNuTDD
2020-09-24T03:10:21.509684314Z,2020-09-24T03:10:41.831172091Z,272 4YKjf3iAjxqYxESKOIHBz1OC7MAUz5Yn5mL8dqPHvlkUcG3Fa0Pd542hcbC3
2020-09-24T03:10:21.520517332Z,2020-09-24T03:10:41.899416549Z,273 WN8t1GlYHc5Tx5KxFuoEXx3j24bWdHCgB2QZFIgVT7iKeE4oRMZ9YPqt5tuU
2020-09-24T03:10:21.531946523Z,2020-09-24T03:10:41.967702404Z,274 kdZndJJUCyx4CABerHeeqNTayegtrJjSd69bk9fnr8ftpgxjDEuByLHLjtt6
2020-09-24T03:10:21.543524687Z,2020-09-24T03:10:42.034257946Z,275 t9uSWigMlBp2Es8pCwOQsUlcvbujbp83VipGTkfqtazGv64PwWfbhVBTdV1P
2020-09-24T03:10:21.554467082Z,2020-09-24T03:10:42.099349091Z,276 tA9p4KM0n8e5q3APmR7RNDXgUPSa7fhTFStkPlpTItt8sXKZ2cyJWP4wVZAL
2020-09-24T03:10:21.565521111Z,2020-09-24T03:10:42.166209601Z,277 a8YPrLalS5WmfoVCliXAH4KQGmMBg7qUU1NApeK2vEkwINj5mIck7rCmWm0P
2020-09-24T03:10:21.576629340Z,2020-09-24T03:10:42.237706401Z,278 2J9TWv4E6ZUZiRTWKXhZIQn664hoYVKWYWH69GatAiIMoCfPIFGRKJ4U6eq0
2020-09-24T03:10:21.587120620Z,2020-09-24T03:10:42.305005377Z,279 rmzCA6qia76l0Ko9j4mCb8YAsCEhGyylAiNEnWipxXXnFLLmTj09o7okQjbT
2020-09-24T03:10:21.598672116Z,2020-09-24T03:10:42.370880836Z,280 365I1jSLxNj0koCzH4iftzlKAPlOTeTNwCEkLBIxUjAA6Gf6Q4jWnUvu4Whm
2020-09-24T03:10:21.609624608Z,2020-09-24T03:10:42.437942879Z,281 Zsa3Tjj5PwlOClcUhRS2WrL7fMH6GhV3zJ2tOFXLZuyoI2JOUgQgX40QpgmL
2020-09-24T03:10:21.620192916Z,2020-09-24T03:10:42.505914443Z,282 umlVMX6JkKW6xYgMB8Jzc8xs8GrJOMbG07P1czEcV41HDQW7U8p11He5aV6t
2020-09-24T03:10:21.631227869Z,2020-09-24T03:10:42.572833346Z,283 LV6xNpWkSlypkwRxcynynWF3Xx2QQeGEqhtTD89LNahOuW2I6rSpwC01rGC3
2020-09-24T03:10:21.642348563Z,2020-09-24T03:10:42.640932158Z,284 fy5MtSFMY2N68oi4s7p7OEZ0pZrjkP4i4yIirP3Aqmm2dj6vn8Ga8zSai06C
2020-09-24T03:10:21.653833008Z,2020-09-24T03:10:42.707792609Z,285 vDSD4HV0NolgYkc2XDgFhvv0UXAkiGc55A8n6hcJtFlZpscqy2TdBVIEuMk1
2020-09-24T03:10:21.665662866Z,2020-09-24T03:10:42.773432336Z,286 OzXFJcrTeaAKatVE2rmEwuWg7pTaHeqYZF7KUUQgUC5nUg4uz8wJlzqkav4U
2020-09-24T03:10:21.676740715Z,2020-09-24T03:10:42.842254782Z,287 kOgkVAEzV4V2icDihE7zgsPXeI9SkVNUux9YoOaRB80nEUyhpXH53Rab00ax
2020-09-24T03:10:21.686999427Z,2020-09-24T03:10:42.910714233Z,288 IJm6dy2zjOibm2lobq5ofZ4NsLFsfxfzHJz4d0K3RJmYUYRWpuMP86R1eAUP
2020-09-24T03:10:21.698414354Z,2020-09-24T03:10:42.976776227Z,289 3pdUTxyMAEfvnrxXhUUcAX8IGrC5WDmnrccfKb0oKmHn3yg2Jdfl4v2ePfpN
2020-09-24T03:10:21.709648929Z,2020-09-24T03:10:43.047814828Z,290 q8gx4bHcu44B2XRiAOhxKy5jslrs04SZK7P2fppTXgehPBJFMxin1NlxvAH6
2020-09-24T03:10:21.720198664Z,2020-09-24T03:10:43.116101350Z,291 EQWxkncOcfoMniW2LXu4G2BaeeEL0aqSEuNdFkfm6mphiS3KEckWO0Kc85Wf
2020-09-24T03:10:21.731919230Z,2020-09-24T03:10:43.182966894Z,292 hYnQlCbfz9OS3duAB82vtHl3K5UdgljN9Qa04BQ1aTH8bC9jXFI3ogUvGlWw
2020-09-24T03:10:21.744106157Z,2020-09-24T03:10:43.246884134Z,293 LA5JtFKSSt8Cb5yQAnZZBct7MVDlUwkmRA25tkEaXIS8Y0AInUWOwlflwSPb
2020-09-24T03:10:21.755646797Z,2020-09-24T03:10:43.315593816Z,294 t5qezG2OkMZqT5yTllFjIEAdD5xKIww8kVBkhgiCeeVpTh64S9GzCzAD2wpJ
2020-09-24T03:10:21.766704519Z,2020-09-24T03:10:43.381384912Z,295 9gBZcN6pZ1jrTSXPCAKG9ZLJlY4adbqW7LKPxmLQ7MUO0HXsnGrp3yYD9hML
2020-09-24T03:10:21.777061163Z,2020-09-24T03:10:43.449704290Z,296 hcKDnwLyPrLBCacmWOTncgvqH9iTD6HfzHNOiJZl95BqQxpXp7OelWH3XzL8
2020-09-24T03:10:21.788733991Z,2020-09-24T03:10:44.518919490Z,297 q5kswAUxWUxKOsisknJsD7Zz1Xh352bgmdowQpaCkPQ4nYQzDKrJg7XRjOo3
2020-09-24T03:10:21.799250615Z,2020-09-24T03:10:44.580902191Z,298 XFpM7x0EmNUvLowOWEJzd7yhyqvHKXCzchhpSyUtMkos20qQJRbfcqRdD9RM
2020-09-24T03:10:21.811018786Z,2020-09-24T03:10:44.642901342Z,299 OVORb7nUQmu2RsrFFjr7CvZ7XiGOCNr1xUT8xmgJVmvaDUuXpi3iRcDoeNGC
2020-09-24T03:10:21.822150754Z,2020-09-24T03:10:44.703692743Z,300 ya0eLUBSdmdRBegqNvV8eSloGSLdz50vaE9PW5L4jz0iNY8hHl9zjumQZJJH
2020-09-24T03:10:21.833332936Z,2020-09-24T03:10:44.766399913Z,301 rR9VQhONuMpYDWLKptYJi9mkkFa951OJlyLPKK0zXtrpwVyKzc0J89LMYPPO
2020-09-24T03:10:21.844447665Z,2020-09-24T03:10:44.826030077Z,302 gerUct49GE8StMy23LxI7NYOeYiGZ0yLfONvNfJCaO7c6Fomru5PgC0l3jOr
2020-09-24T03:10:21.855000201Z,2020-09-24T03:10:44.887736278Z,303 sssjLsSeACbkT8KsYii1PKUwpyfTJ7d6fgcW6pdQpHEsjwHFE123Cch9GQxo
2020-09-24T03:10:21.866924058Z,2020-09-24T03:10:44.951847821Z,304 kqUUvSH6ZxALVyTSwUocQnAE5BqPemVmIplTRkWZjthvIPIcAAAcL0LFIdr2
2020-09-24T03:10:21.878922567Z,2020-09-24T03:10:45.015432125Z,305 y7fqO4uwGTmbnogCRzNPW3se0IpMxRQl8Y0Hr0H8VUxy7ztZzCDe4WSR003V
2020-09-24T03:10:21.890596230Z,2020-09-24T03:10:45.081638379Z,306 OJvarOqXpqdfSUzPNhRiykLXXhlIm1MqD0P5TEA5NMPLRnBfM9TKoEKjP3ip
2020-09-24T03:10:21.901726853Z,2020-09-24T03:10:45.146503922Z,307 E7O5egyKlDs6tN3HPNd6VqrZrgDKXvoOYtdltVhiZ9Spi0b4ClzLKjOkZS9q
2020-09-24T03:10:21.912235084Z,2020-09-24T03:10:45.211170781Z,308 dLMc5vo0CiVdU2G6fJ3qI0m9kXt5Hy81npvAUexRlgKMUY3mG2MTSjTsN3CW
2020-09-24T03:10:21.923493609Z,2020-09-24T03:10:45.277140760Z,309 IdroAsOzKqMWmdVBRaJRUhO2cRygnfkEVYs2UHmEqBjlf4yEfsWILRHNRLbF
2020-09-24T03:10:21.935045667Z,2020-09-24T03:10:45.345157133Z,310 2YyJjEGiebfd4d5ZXfyvnJ4iYu9SlY2c9IuF7KbFOCS8MXeNST1vzni4RG3t
2020-09-24T03:10:21.946999382Z,2020-09-24T03:10:45.412590005Z,311 d11tXp0Fy1iutBPBy0FUhJNrLRCSggATCEuflq0vnaquyqPO5uRMmww2EsbQ
2020-09-24T03:10:21.958894558Z,2020-09-24T03:10:45.479666365Z,312 BHWWqgvvNhxi2EJ5SrUbCGpK4fELjD1iV0ocDd2JAnXUHMalXP5kg1ukLtYI
2020-09-24T03:10:21.970290959Z,2020-09-24T03:10:45.545376194Z,313 ubskVNHbTKqINIvegF8o01RUp3GcmDUGqHqxXNaln0EbfY1Xi2IY9XdiKNTQ
2020-09-24T03:10:21.981606083Z,2020-09-24T03:10:45.613669738Z,314 7F4JDP6WC8WPqdLGh2dxcMFgKPxQZTb5AvTGyxVd3cUJiGZS1UKPNyjhDFD1
2020-09-24T03:10:21.992079729Z,2020-09-24T03:10:45.679963524Z,315 aZX0cKyncePisMLBJRsOkcBAv8B0Wqo7ZvlFHenAOWBiATyfkpOeATs8Yw7H
2020-09-24T03:10:22.003802599Z,2020-09-24T03:10:45.745679658Z,316 e2tUN8VyvfvnQOfFflwoaFiEeRIeu4Mj7FV6n8ZZkqz4P7ePB6OQhkeZKuVA
2020-09-24T03:10:22.015679706Z,2020-09-24T03:10:45.815315398Z,317 reIEakcqHWX94z9TxTyCMxuLqGM5i9xLxS90b7Se9Pta4V0uJTHxKpDwxXyI
2020-09-24T03:10:22.027511412Z,2020-09-24T03:10:45.883806060Z,318 pinKuEQ9m1hI4iayy1O4etHyi8M60HWw4pdmB6WtzC97C0QjrL7ZByrMOPQ4
2020-09-24T03:10:22.038295682Z,2020-09-24T03:10:45.950307843Z,319 FRVNgp7CsaCUMJjhfy4an1Ed7CsrFMsZdPfe80JJV8dzd2lsZKKqsJnmHBfV
2020-09-24T03:10:22.049552859Z,2020-09-24T03:10:46.019311219Z,320 kqJ23x67c8nD8RLoxtP1MZVWFgCspcMPDlYGWozWPc3k8K2ZGTkszoIJEyhx
2020-09-24T03:10:22.060825154Z,2020-09-24T03:10:46.087362399Z,321 aEKhnxwWummMwpLMTqDR94xWYFYgo4U3N3jEnjMb0GXj84tpTVTDLH4YgfXN
2020-09-24T03:10:22.071499360Z,2020-09-24T03:10:46.154645321Z,322 7fw2bUMAvWrRuBR2xqDcIvJC7NH8YBgolbvySQTCVjFQYV5owMCiatSmxB91
2020-09-24T03:10:22.082756832Z,2020-09-24T03:10:46.221004953Z,323 QjaIam3L912ImJ5u7VRT31uCy82xLDShDZ1YIgxsWWhIX8B6Ceamth1JSQx3
2020-09-24T03:10:22.093553098Z,2020-09-24T03:10:46.289857891Z,324 LfbZcmPR3ux8aswYBWkg9kGQxH2ZWTAApGNmjwfOXTMGnhGFqZOQpLbrexlL
2020-09-24T03:10:22.104209440Z,2020-09-24T03:10:46.353163403Z,325 oel0naXHIxg9BKZyjLZ6aQWQL4CgF5LG7GIRTGk9rLCZbyKeck63BiEOLD5J
2020-09-24T03:10:22.115304472Z,2020-09-24T03:10:46.420779221Z,326 aDKEgFgTrlatac3fGJW0yrSa5Te3h7VeH84qDaEtTRq1213OBYfJOgF8WUTM
2020-09-24T03:10:22.126550936Z,2020-09-24T03:10:46.489381280Z,327 tWsSk7xUVYsiFBl4T1wUf0RPAsLgbLQiQpU0PJHWw3XvrfHPOWc9i4RkqG1V
2020-09-24T03:10:22.137795971Z,2020-09-24T03:10:46.555543148Z,328 ifjkxKuKUPYOIvWL2JliNExCigL324n4fYUoUhlevUJeWCp4C3NiVNbjRnSG
2020-09-24T03:10:22.147976140Z,2020-09-24T03:10:46.626725900Z,329 EikuiMDrD0QgOFEQ5TYm0YibyEGU7RpjwXbNpzhrzdKexqs4DGfF4z61ixeS
2020-09-24T03:10:22.159304676Z,2020-09-24T03:10:46.691390556Z,330 RRrrHINTm6th5kcGuB7YjJqAONeufLYKPhOd2RCURseffe6JcDyksd5kmRxx
2020-09-24T03:10:22.170329896Z,2020-09-24T03:10:46.757192679Z,331 g5PzQyN0kOQ5oCLUZDBoW69TBiF3UNxt8aAZunamzYdOSCp7DpHGMObiZOLt
2020-09-24T03:10:22.181582020Z,2020-09-24T03:10:46.824772252Z,332 jqV1v40mTX9Lhp0S6A8l61EY2zLbiqHhc4yxrgGvqtLOp7GbiHZNdwUAdIuQ
2020-09-24T03:10:22.192921525Z,2020-09-24T03:10:46.892635238Z,333 8RXRpQ8NCCjxOZjM5bCxmbFe3ffAw58D6gbSV4eEcnkBCyHY5zpV83eLKcdK
2020-09-24T03:10:22.204051520Z,2020-09-24T03:10:46.960849713Z,334 cRmwA6j13BwaiRJORySRaTw7ujdQHpmxY2zGyAkPZIAXbwQFgXBFRkUuSqu9
2020-09-24T03:10:22.215558799Z,2020-09-24T03:10:47.030037763Z,335 4vul7vZ6IvaRjrNpA4QemE2SY9pqXs7bU38VELbkN96b12Uy2XrA7FrpgWpd
2020-09-24T03:10:22.226178926Z,2020-09-24T03:10:47.095479111Z,336 a6H5L2TMnvbStp6ywp7K99qr7yhKn4ETkB4skjleutXEn3AZL3Dwn9CkHNEw
2020-09-24T03:10:22.237730142Z,2020-09-24T03:10:47.164204364Z,337 ZzRGtjaigc10nm4LsCI1hheZ36CZFUrRl0K26BvByEmmVl4Y2udrnS3vOPWO
2020-09-24T03:10:22.249305791Z,2020-09-24T03:10:47.230257131Z,338 n7COXXzQyP8m5lTy2kEUDdUX7rcHXi18X0AE6qJFTuUUBtnXRZyNA6DuonN5
2020-09-24T03:10:22.260254654Z,2020-09-24T03:10:47.300443842Z,339 nD1QkSRcgFdOuzrqSwTLPqYoMHAhAV0EHByJ36YRBs5kxq7f95uZVuFiGwFd
2020-09-24T03:10:22.271319371Z,2020-09-24T03:10:47.366669061Z,340 Ok6E1nKDCiaXc2uPeUwOZmzy8pVctkOC6NBgwqEgH5p7kbdD92hvZWlvttXx
2020-09-24T03:10:22.282547297Z,2020-09-24T03:10:47.433776248Z,341 UXLoYW9irCJHj7YDCwGKgHESHAoMzsEHOBIVatEZvca92jQ6vC8r3hyd9NlA
2020-09-24T03:10:22.293845207Z,2020-09-24T03:10:47.501328577Z,342 ZupOfzPTFiFaO6ncBnOjAvFrkLCugDnypHepMJv2qc12edUuovn6E2eQWysV
2020-09-24T03:10:22.304924622Z,2020-09-24T03:10:47.568147339Z,343 gqbgVV7kXGhz1Q1RKW0ggMan0HFKdq3Knj4MmwwzQPV8K2qLnluMOo2Zb4Vc
2020-09-24T03:10:22.316090638Z,2020-09-24T03:10:47.636198433Z,344 0j3CjJ5DZwhjKHXpyMRMbFOX6zG7lNbfsh8Y7XOpncR2ECPT9OE2b1xfn3T6
2020-09-24T03:10:22.327199336Z,2020-09-24T03:10:47.702991428Z,345 r4Y53mfSvTr4hMWjAAmc0VWabvaEoobOrCJivwzwqTrSqpOzibjVEJznK74i
2020-09-24T03:10:22.338485349Z,2020-09-24T03:10:47.783098005Z,346 rtHBhBLnyueUzE2SEfB33JXrkFVMYfNxKIJ3068nzU3pfg9j7Hc82zboUo71
2020-09-24T03:10:22.349509475Z,2020-09-24T03:10:47.844711475Z,347 zEbJY3LweoLwHAdvdT5RD146mlwYMYf7RR2UfLxDOw2H0LiBPvfawIJfnCQq
2020-09-24T03:10:22.360747966Z,2020-09-24T03:10:47.909861619Z,348 GjTm0SGVw0rewFlo48fl20cy6SjIktiE8jO1AWCORZP78B9I5zQ5Xq7WbLzI
2020-09-24T03:10:22.371837418Z,2020-09-24T03:10:47.976713919Z,349 DtNsVsPMH7lFdoMjo9pSGJ1XZrxQjLUwT8GWELjL3SqnMo2KJ59x6iCyaJRL
2020-09-24T03:10:22.383069003Z,2020-09-24T03:10:48.041932563Z,350 mj31ahk6ZZp2CugZ3wD5L99yROd8cljHwQu1mNqz8qhx7t3I6HUX9LjHlUDn
2020-09-24T03:10:22.394349225Z,2020-09-24T03:10:48.109127358Z,351 FNC66syyyRPMwoS3Vrp1RqvOpHurYu8BR9LDHaaiBo2W3VBf2FNQooLpuGYs
2020-09-24T03:10:22.405789483Z,2020-09-24T03:10:48.176972127Z,352 R3s7S6CBHijLwYnGRP3mpwZ7kZKtIcZbNzE6XoxZ1aNlQOxkdO5sF3KAMeyQ
2020-09-24T03:10:22.417417061Z,2020-09-24T03:10:48.244970857Z,353 OiFSTXv5kwOizcArVxjoqSXoErULhcRspBQ0N4fUs0X7R1hpcl7YNJ9eUZBS
2020-09-24T03:10:22.428520941Z,2020-09-24T03:10:48.308878468Z,354 2rl9E4RiqayRbwgyJ6Y2zrTlxrt0K9EVlRiV6rGEKkCp1yB1cx7JE4kCZ4rq
2020-09-24T03:10:22.438956393Z,2020-09-24T03:10:48.375418289Z,355 I7SJXe3S1T3xRVyXdlacolZcKVUWsqAG2xXkaSniwpEdwbsbEHpy3Izst2wr
2020-09-24T03:10:22.450002373Z,2020-09-24T03:10:48.441930826Z,356 uV5i0udwzbNF2ymZdLltBzVYCwy51RKWuSzwVBbqQknco7FEldtHoZOVtJ58
2020-09-24T03:10:22.461305082Z,2020-09-24T03:10:48.508361607Z,357 1etcflYTZ3dQtrOLzwS8A8ITK0pAo8Ri10rlOcpBBybX2MuYE7sOgglMyBnV
2020-09-24T03:10:22.472343297Z,2020-09-24T03:10:48.577204944Z,358 vJz4mmNEHvQ6Hb6ehypijPGRRIc0I1Wir9B7zIrgTGvh87PZ95aNXepFUGSt
2020-09-24T03:10:22.483701672Z,2020-09-24T03:10:48.642269877Z,359 2qkSGQ1SaurzDGQlb4CJLuG2PTSIVKOMgOZ7Gy3Oc6SFoMgIeyKPeCcZPWST
2020-09-24T03:10:22.494023548Z,2020-09-24T03:10:48.711109477Z,360 7vUh6fM3QU5atUsG23cZwbPDTUqadxwGMqh1dWO3QKnA31k8Xb0JbZqLrtBg
2020-09-24T03:10:22.505313648Z,2020-09-24T03:10:48.781015929Z,361 QetGeiIjIQ5uRee0m3eoxHWw8O22wjclEIR8fCdhpqGU0XNZ1b57UEJ5dk42
2020-09-24T03:10:22.516627095Z,2020-09-24T03:10:48.846429234Z,362 TDcy6MgAB7lnW80pyXHu8xqajRBuJF6lvZD7x36FH2DqtQ23cpCh9XXTHTBi
2020-09-24T03:10:22.527943940Z,2020-09-24T03:10:48.912025217Z,363 ftmVzXZTWpC5TsZDxsH8nTjHzUkfFjGES6ZN2wlGd1EkFEjJywjmSFkcRSYX
2020-09-24T03:10:22.539838838Z,2020-09-24T03:10:48.978293490Z,364 D3LiD8OQ0y6qYKa012jRM6lnD1w5OJ5COhtRJGgXmqXerCWGDh4YZ2XnJ1h7
2020-09-24T03:10:22.550652247Z,2020-09-24T03:10:49.043064134Z,365 V76uLabPteOiCCv6uFLlw0673TXzhUCe3Ai9Wvh8pxZyTzM343MxlZotph3F
2020-09-24T03:10:22.560977755Z,2020-09-24T03:10:49.108815559Z,366 yZXjxsnzzENURK9M1EcrRZDS4KRUK3UY8UcxdF4VFVFYbQtuE8WTrwIX1vBF
2020-09-24T03:10:22.572523046Z,2020-09-24T03:10:49.173438323Z,367 RceG7kVLJQ62rsTR2PVZX3D1DoKURaE9yHWnPsQbrmqeeVQjL2FzRGDLiogl
2020-09-24T03:10:22.583669763Z,2020-09-24T03:10:49.240367766Z,368 q7IlLNk7a9ePsuHP048ZGW7mvoyfJdFatQihHDx6FWVPmX4IQFoUZ8ApT6FW
2020-09-24T03:10:22.594131864Z,2020-09-24T03:10:49.309767378Z,369 3B4PBPdbLSYTYvlEnwYlghXuVtZqQ4i0r4C6CNmqqrZRVOCU6FCHyoC4odeA
2020-09-24T03:10:22.605574719Z,2020-09-24T03:10:49.378708940Z,370 ygskVdaVOnqafZpmDxtfTGRSLxxw43nXwwU9rBH1MGJUIH3kGvnOJeCLFvz8
2020-09-24T03:10:22.616251508Z,2020-09-24T03:10:49.447159121Z,371 vsWyi4y2NsObi14O2ZRygGfBUczNMMNmsH3u3UmM5dWKMDRmQp2xyuTy9hJf
2020-09-24T03:10:22.628446890Z,2020-09-24T03:10:49.515010994Z,372 7i3sKz7U0VS7TEbDHFkkRX1AL6yMXa86tH980Dg644ur3grA7kC3Cjk9loeE
2020-09-24T03:10:22.639764464Z,2020-09-24T03:10:49.585475960Z,373 mxoM1ybpFCs03gXpEYlsDsngKBHU0d7OOWpoDgJ4XXhFaJY7fofQRt7oXoQ7
2020-09-24T03:10:22.651802857Z,2020-09-24T03:10:49.650142460Z,374 UJdhYcuJpWz9VuLInsDDHEDCJAnEosloElxFQLWWwAWHMIqqLIMcKtxBjNF2
2020-09-24T03:10:22.663683355Z,2020-09-24T03:10:49.716249232Z,375 eS0kfqzwYsMDgOAJCjtpjJmDrKs81cXJ8pjC6yfShkYGH1UavHSNHN8MjWOp
2020-09-24T03:10:22.674742552Z,2020-09-24T03:10:49.784125449Z,376 fynU4kOtCrG8wP6ERT5ZcdLLNj0WO9BJEO3deSyMyatFonXBYl2YYRwOt9RN
2020-09-24T03:10:22.686593604Z,2020-09-24T03:10:49.851137219Z,377 ofkJA3G1uhScIknyJ8JtETWR9dIhZaOE8kh5LMwcmv3bRIayTkFvgdU6Y5l2
2020-09-24T03:10:22.697122466Z,2020-09-24T03:10:49.919933756Z,378 EEpcXRLrQJ2hbQs3W8f9XgeGRyrA8QVAwz930YgZgeFegfZym4fMb2b0Zb3X
2020-09-24T03:10:22.708234664Z,2020-09-24T03:10:49.987010128Z,379 ADfeECrUHxkJWrfMUrSWQJT556oraxtsWUhMVHyfNtxFHWiuppFposmuLZ59
2020-09-24T03:10:22.719727783Z,2020-09-24T03:10:50.055882944Z,380 q3YeL91BsQOnipOO0uunRkGlpD4yscvLuFyGJutG4qTr791qoi49dixmtMb9
2020-09-24T03:10:22.729965776Z,2020-09-24T03:10:50.125753107Z,381 38w9aYThzg6eBdm40ymvcdL9FcpvCEIadtcezqrFWwDthy2e84Dq8XOr4RZx
2020-09-24T03:10:22.741345776Z,2020-09-24T03:10:50.196212211Z,382 GQ8tOX9Ph5lvJVLwzVXFkEc3EylONQOPWbEn5QabVuFvqGoTQAqTH5GjFKyY
2020-09-24T03:10:22.752582235Z,2020-09-24T03:10:50.263356013Z,383 1OrampwnjtBpJwobBlGWq1h25N6Yww20LsrAiI03VbrG892tPcYuacS7UYIZ
2020-09-24T03:10:22.763941083Z,2020-09-24T03:10:50.333218482Z,384 CyORXTCVnwT7NgW6XvWGopsyj4ohI8rHFmraWNuamPepTepmRNtQpmd343ry
2020-09-24T03:10:22.775942426Z,2020-09-24T03:10:50.401563150Z,385 by6lrtbCxz3gS9ro23YhgowdUcnufkjxX2RXZsPhscrN1NfNZKEagu3oDnuL
2020-09-24T03:10:22.787098773Z,2020-09-24T03:10:50.467242181Z,386 ZfQunK2WtKVg4vDYctJv3DFajeECpwkRvGF5FQcRP5vKWAEFKHjHvEcPMUnh
2020-09-24T03:10:22.798531773Z,2020-09-24T03:10:50.532598397Z,387 nCTEzcPaR4xBqRNpWnLBsvtd4hhLJi99DSbNUUWjkPy6ni6s3o6MmQRq1IhP
2020-09-24T03:10:22.809141478Z,2020-09-24T03:10:50.599524500Z,388 1jhJLaf7diMxFpBGsPIDveTNveISA6FT7XLhu0gbfsCyaMUkUiTOdobXzOWj
2020-09-24T03:10:22.820800837Z,2020-09-24T03:10:50.664443172Z,389 dou6z0QqAsNd9xZ9Or8hNRcBzaoQCshZUKwPojiRmWm0LKSeIPAXQRCumvwL
2020-09-24T03:10:22.830982524Z,2020-09-24T03:10:50.732334625Z,390 96GjCXPNdKwELNZz9mOF6n94r05CXjtU2xGQMA51cuANfjBsP0Uyeq2utZE9
2020-09-24T03:10:22.841926058Z,2020-09-24T03:10:50.804860366Z,391 agwOrlb4ub9zEUdwudsgxPiusNEBv72PqjSPjqu3EDfKcia889aMa4bf809g
2020-09-24T03:10:22.853161888Z,2020-09-24T03:10:50.872966555Z,392 YLWt5qp66iugfjjXkatX2hZGs5zosVbBgN2zksIXCJbOY38yshoBJDbSHOOX
2020-09-24T03:10:22.864227502Z,2020-09-24T03:10:50.939276253Z,393 6R5wyzSAZ6krznkM2NLIzI0ZFobydrHMGC8iycwOMPAx2MSTVZGBN3pBol7L
2020-09-24T03:10:22.875458014Z,2020-09-24T03:10:51.006721382Z,394 5o3I5V4ZEOFSfO5vOmdpVZ6mHqjhRSrNHa7DxuapEwNyHeBlQhISxNXVyYyt
2020-09-24T03:10:22.886668819Z,2020-09-24T03:10:51.077724020Z,395 aqayOGAljqiDBSYVW7fWDd8bGX2ZIXWt6fHPHqaMkeck8dgmest1TYbXmgA9
2020-09-24T03:10:22.897349695Z,2020-09-24T03:10:51.143860669Z,396 fKIzqKORHgrHoYvH5NBwbZJVBFktwisQMylTJ4pu9DADU8X6GJHkWCioRYEM
2020-09-24T03:10:22.908582717Z,2020-09-24T03:10:51.211459290Z,397 TJB8stgKSrv2ZJsztHju981tHPiFzdpYCklWlJPCHYlvcH6tGSGyQgC6Ywrj
2020-09-24T03:10:22.919924717Z,2020-09-24T03:10:51.278709568Z,398 fW2lpMTgBJCnnHzR5hVJ7DLAkp7Ef1HVNRIhBAnPSxoEmIXRNZCn5cNhRo7M
2020-09-24T03:10:22.931303302Z,2020-09-24T03:10:51.345603251Z,399 RndHx2WkC51jvn3f3WUMf8QDuLorXPvrbE0eUDz4vu7O6PrlmtDs9J2J5Ei2
2020-09-24T03:10:22.942040230Z,2020-09-24T03:10:51.411610337Z,400 0mFVMUJr8LEGCqnXhbdc57MEcTVtWUkPTFlk4iLqpaQQnMuwbjG7x1FA4koI
2020-09-24T03:10:22.953625408Z,2020-09-24T03:10:51.480116963Z,401 TLp3lrKeP46lzbb8QKB2BbYZsjA4uuanVgoUT1uoQjn8ETqdzH5KRWzQBxcW
2020-09-24T03:10:22.964600063Z,2020-09-24T03:10:51.548011118Z,402 lMf8KqFUCPNb5G5CGyRxYhZA1uQ7XS4sNh1hvx3W0O1MINIEeYOZgkesbkTO
2020-09-24T03:10:22.975979429Z,2020-09-24T03:10:51.617247045Z,403 Y6TPGBr4fyiHwQZtmmTVBsE3PHsGbPbWTy29oVTrx4NDfVEhlJu8J040jYGn
2020-09-24T03:10:22.987034858Z,2020-09-24T03:10:51.684466961Z,404 vETD5ThXYN8GHvtGsyqNDnlszltc0Nj6r3iZTz4eJhHYxUEu6Jo6cjj1QJWi
2020-09-24T03:10:22.998618745Z,2020-09-24T03:10:51.751088546Z,405 rtSppteBnkcnqJAUaFxxeiNh3NDpNKHzmDT46594pJDtYHZtS3kEhslvu4Ab
2020-09-24T03:10:23.009294135Z,2020-09-24T03:10:51.818254660Z,406 rKRQpjO8Q1Sjt1WbBpsU4DbpDVKLPZ1bqJk7sh7lQro3oKRerobKjP5kcTVw
2020-09-24T03:10:23.020096215Z,2020-09-24T03:10:51.884722541Z,407 aNcPTGkOHO1RMDK4MZCIQYX44E4tl4riNa2r4h4RAgunGtGXytzXr05soo7X
2020-09-24T03:10:23.031999537Z,2020-09-24T03:10:51.949049144Z,408 WoR8N2wlnYipqXxEc5zAWwELwxC0Sy9YWhmX6EmvBOKGzjCwKQx02kAivwcZ
2020-09-24T03:10:23.043775134Z,2020-09-24T03:10:52.015272392Z,409 4kXLB7USSoBX6uwPqAe0edTCHwdk87FOSlgA4ZAi3NL0JKl8rO9UOYFhrLpp
2020-09-24T03:10:23.054984998Z,2020-09-24T03:10:52.082109195Z,410 pFwCFkZm3ydldx5wuAJBCUObdOlHufkWTuHoToIqMQqyNZuUEiBC7sizzNy0
2020-09-24T03:10:23.066662513Z,2020-09-24T03:10:52.150934360Z,411 vZQOkyOrKIQ1BcUcbIswZobZLNb3uBsh1UuIxlPLaZwpDT44QD6nRYIMYTHg
2020-09-24T03:10:23.077353205Z,2020-09-24T03:10:52.218021946Z,412 PMJH7YH4p6gX31VSLlF1Ek1QaLpWf1uYW9NXXINHDucsNOAo8pPIxWc9m6j0
2020-09-24T03:10:23.088814586Z,2020-09-24T03:10:52.286441705Z,413 wamvzYWSHajSO6CK8gfXL80rbCTqBkAKQnTSYYnz7y0S1uFGunZeYE1roELQ
2020-09-24T03:10:23.100392508Z,2020-09-24T03:10:52.350984565Z,414 kuiNFHGD0QsBFRB4GfMNmounqGt0PbVgK8MUsgI3CpO98ea6l5A4tQGdInc1
2020-09-24T03:10:23.111584248Z,2020-09-24T03:10:52.417374541Z,415 YPhd74K2gAUfzWftjaZM0u3AwWByTsamJZKpo5ra4JS2sJ94aaGpiuB5G7jK
2020-09-24T03:10:23.122580378Z,2020-09-24T03:10:52.479375603Z,416 ussleJxwWeOGx0e9TdXNMaVwFEKDwCRyGa29IUB27Kcwjize4S6RBvwXoVC6
2020-09-24T03:10:23.134014461Z,2020-09-24T03:10:52.545504765Z,417 Q2XwMoUOTdnOHWGlyo1aEhgcX3jksqhDFSp2y9tkxLtLrpqnTdl7zpgqYsCO
2020-09-24T03:10:23.145854355Z,2020-09-24T03:10:52.611572295Z,418 g3ez1vWnuPkFCXACMKKqcRAEeNk0ISZ3qjL9wvbOHLATfxgK7572WuuMCSng
2020-09-24T03:10:23.157686866Z,2020-09-24T03:10:52.673491973Z,419 hNMKguxvuJB7nxPfeCAa8Tr7Oq8igW2xIpUUH7s9GVibdENfC6CIcPIsWuTg
2020-09-24T03:10:23.168748540Z,2020-09-24T03:10:52.739905933Z,420 GQ7P6NALadoBKPrBW7171AXja2uCCbBT9RsW4VT0J1Up2JC3WAurjpICFZJd
2020-09-24T03:10:23.179017450Z,2020-09-24T03:10:52.801499874Z,421 XXJY8G3baptgcKR81OdVc1iyGGWqQ8mPMJzxTbedLU0wMf8lwVsjsoF125P7
2020-09-24T03:10:23.190319668Z,2020-09-24T03:10:53.897354582Z,422 kW81m9sdROKBLs3VxGoHxVVFCy8WBX252T61QGQm6sl1CTsA2l7rkddZlYdl
2020-09-24T03:10:23.201306645Z,2020-09-24T03:10:53.963254505Z,423 bfktmlZ1ZH01vz7EA1YJIlXMDqOSZf56QKmF9gPi7fhRqVEDwN1GVNQIRdCP
2020-09-24T03:10:23.212968664Z,2020-09-24T03:10:54.029012183Z,424 18bipwHdQCGrW7Ni5d49Q6Lde2NIeMiqk2ANkJ4LfvDTbIKXUKWLcjkt2DmQ
2020-09-24T03:10:23.224855162Z,2020-09-24T03:10:54.094426223Z,425 Rn66y4wsgxTVnunYdGFyZXBRVnJ1jvgoHUqsQZT1KoDw39zOjdhAlafokRUy
2020-09-24T03:10:23.235453317Z,2020-09-24T03:10:54.159630118Z,426 ap0qhxbMW2jen3WyCTUTgIxx2EVa0n9IPVrXtS9yYKcFBKMm8ytn3nA1ATo0
2020-09-24T03:10:23.246589316Z,2020-09-24T03:10:54.226367252Z,427 ey7ggz4fgD5ztkHalGG1vyje6a1TBCWYggFWRo3VfD2EiPI6hKao2wR8AJ21
2020-09-24T03:10:23.257757684Z,2020-09-24T03:10:54.292433141Z,428 189M0qIZQHIrdhYbROckSDfwvmeTLvgTa6ulxGBuKj8zChyHW5gkhr34nLiH
2020-09-24T03:10:23.269006642Z,2020-09-24T03:10:54.358762903Z,429 kfxzyMjVB1QhPEelwoG4GsnRsC1a2JAW6jvitKq8slqP41DPRLg8RNtZowM8
2020-09-24T03:10:23.280789895Z,2020-09-24T03:10:54.424977038Z,430 JriHMUYKwvmuxYYPv8fOQMkN8WgVxhAmccUn0ptZ8FPJet4v3phNMu71GbbH
2020-09-24T03:10:23.291435664Z,2020-09-24T03:10:54.491980846Z,431 Lg2oDAaAWWesO4k3zWXY4TBfN25RkP36MmLxo6NGF64wo0b5nE6U9STtFKw8
2020-09-24T03:10:23.302734468Z,2020-09-24T03:10:54.558032507Z,432 SBKhu7SESjjhI1j8K4Njqx0g8fBEnM7ZRHY6V6qc5BCGdaDMngx83irqvr1i
2020-09-24T03:10:23.313883981Z,2020-09-24T03:10:54.623160581Z,433 70OnIYNPK6BpmJUidNcWWM6qE9263pZcvR2A5Wazmvs4b2bAkLVWRkFMKw0r
2020-09-24T03:10:23.325287685Z,2020-09-24T03:10:54.688040674Z,434 QUGAFjzRcVrQBkbFxqItdZS35X8sISZ6Cd4v10GqUx2AplI6OWnQ1pePeEva
2020-09-24T03:10:23.336329121Z,2020-09-24T03:10:54.753671795Z,435 tnlbmA7EKjKEugtYrlAH2PwpVAHV2HRV7NDBK4JADI5EHELtKQvuTrwH2UER
2020-09-24T03:10:23.347593522Z,2020-09-24T03:10:54.819500580Z,436 ALEJw9T3xMDvUES0ops18BAb7YZ4o4vA8rfVnHk4GLsgC6R6wEXygsO7budm
2020-09-24T03:10:23.358340008Z,2020-09-24T03:10:54.884518684Z,437 B9Pri3mWx3gXP9ICpoLtNorVvVWIUCp6T46vpuzbwA1nbsUGqW0LBiMmSEde
2020-09-24T03:10:23.369612337Z,2020-09-24T03:10:54.946945579Z,438 8EcuXhmjExkd5f8Kx4mZ5IUAlaynkOtkhto8ADbC8tlQguR5tG5tEL8mhrLg
2020-09-24T03:10:23.380112655Z,2020-09-24T03:10:55.013429088Z,439 MQxfNKxImMOddbHb9QSRsqiPO2jBneS2yTH78DKIhUrQPgBwb2KWRYg6XRzj
2020-09-24T03:10:23.391215944Z,2020-09-24T03:10:55.079101367Z,440 vms5SvB07Ix6n1x9wCuodSM8zLm0sstjOiscNumvqRiycEBWqn3NaLYRLzBs
2020-09-24T03:10:23.402343010Z,2020-09-24T03:10:55.146354437Z,441 SMD8je2fdE4ifeLkdCHO6IQMengNCsTAAtCsaUmQrGDNICb5TIZh31qsKCoX
2020-09-24T03:10:23.413880394Z,2020-09-24T03:10:55.211625923Z,442 Y1qBFKXxdWeoXM1Gh2GLJWp4n4xbvTxKcd57iPQaba4lrllUeqrY6yb6KxVj
2020-09-24T03:10:23.425594662Z,2020-09-24T03:10:55.277254504Z,443 X7XmiBOo89hF11GiIVWceLX2beGem1Pma6XXp0TnXBzRAnSmStVMTr9loZx1
2020-09-24T03:10:23.436925812Z,2020-09-24T03:10:55.343826855Z,444 98szm2vrrDxzRBa79hJefBTrWzszN03r2xbyGemkvZNsWAOw7HIw2dkwclrc
2020-09-24T03:10:23.447142454Z,2020-09-24T03:10:56.426459894Z,445 mfpx8ZCvPAzdrT3NYdbs8lSWa97d1xld3kQXhIcAFHBmJxGIHMczBCJIcH3f
2020-09-24T03:10:23.458444462Z,2020-09-24T03:10:56.491624294Z,446 nhv01FcjE1d2FTnAqU6RrqYK28KFCpqaa8pDcW7aCnLOcYfEfsyyWgjxy2Jr
2020-09-24T03:10:23.469512109Z,2020-09-24T03:10:56.560415870Z,447 tLJg9BUGoyREkb15Tk3PODsyoa9HjjAmjhowQzmpmkukM2pKgEnVCF1sgpTB
2020-09-24T03:10:23.480784342Z,2020-09-24T03:10:56.628150331Z,448 HpxEEsQwmPdrkvlOO7PMhTV51yvXtlphZpdyhCvBf5BaaTC6L6sJsmETng8R
2020-09-24T03:10:23.492284119Z,2020-09-24T03:10:57.705735765Z,449 6W8Eat8YWDLq9GPEGNYUEHU6nvQo2CCfIVZJ6zM8cVAFO6TJ1sjV1GfuDvvp
2020-09-24T03:10:23.503373354Z,2020-09-24T03:10:57.771941377Z,450 BX5BThGnJHQxvzKQioTs03NYcAiLyJUohMqtHqv7bVptMPYYw7SChvmARQVI
2020-09-24T03:10:23.514667234Z,2020-09-24T03:10:57.837747753Z,451 OUIzeXRunRRs1lXZbfK7O1RLlxAEhqp0x7kW2crVDiJ0v61KIBhQaEaXWEJb
2020-09-24T03:10:23.525190497Z,2020-09-24T03:10:57.898770102Z,452 LEOe9hS736nqXqXsyjX998ur8bUKtEtqNJVGg4f567Z0RwDDHGBEXzIOtO80
2020-09-24T03:10:23.536517720Z,2020-09-24T03:10:57.963338344Z,453 LXjNcCa8A1zpgqo4NfCPqi93If29sHWHKaHramqqzSSS4dHu6aIcZikmcGhX
2020-09-24T03:10:23.548016521Z,2020-09-24T03:10:58.028469329Z,454 yxjPRFZX4QR7fEtxvej9MvjVzmJ5I2TxKNKvO7NPmhfqGe6TV1kH4P6Fc4uZ
2020-09-24T03:10:23.559489072Z,2020-09-24T03:10:58.094876569Z,455 9d8lGCjbZUihDOHexsbTzN9nGk2GmlH8IzA5kvqdiFUHPZeCYYolVkcSJqiB
2020-09-24T03:10:23.570388261Z,2020-09-24T03:10:58.164163184Z,456 9kZGH1fhpY8ZUnaI8XX5pMUkt1ESzPuJIVhQOlwaAd0W5AZcQ108r7NrOXA3
2020-09-24T03:10:23.581980141Z,2020-09-24T03:10:58.232198746Z,457 zJFrGKq4DxIisEWbGFgcooWWvejY5e9Oovhg98BbHcLSa2JbGhOW0bQf59Pd
2020-09-24T03:10:23.593138771Z,2020-09-24T03:10:58.297614277Z,458 BmCwG6rZ3u47HGugR6y9ebD8V321XjzVH2EGYggcxkFbZ6tlc7hukv7OwfJk
2020-09-24T03:10:23.604583802Z,2020-09-24T03:10:58.365760246Z,459 OXfhrI66zhUbzBO3nTxWZYhrT8UqaeVdd4VvAQ2YNAXDAQRwkl1gcFUqIsd6
2020-09-24T03:10:23.616044359Z,2020-09-24T03:10:58.433268943Z,460 WD62Txxhm1sdV7BeqWfMsQoNiXpGRTiRKaheqG8ZUON2HeAJv0zCxhAyjT4h
2020-09-24T03:10:23.627382566Z,2020-09-24T03:10:58.499393145Z,461 Ys3r54KEqeb8wrRzlw9ngLw0ISL28QXywUxY4nLGsetVAeDHRBNwzlvis1St
2020-09-24T03:10:23.639046148Z,2020-09-24T03:10:58.566756667Z,462 Hv3jvhLR5FX98GF5y2dMwwMz2gGuFblAUtLuzDlfBNl6aU4ShaG8XAtSiVe8
2020-09-24T03:10:23.650699516Z,2020-09-24T03:10:58.634217261Z,463 9BGvMl26z9UgCeonoOBDgCuFnT0m9pbqRhCq2AzCKJ83L1YHYkanYGr6TZtD
2020-09-24T03:10:23.661802655Z,2020-09-24T03:10:58.702080810Z,464 46IX1lyBzragdKd8rbjIQKhvt8fkGzCBkgWsL2u4OdQUVNok31FTLUiHuxly
2020-09-24T03:10:23.672326996Z,2020-09-24T03:10:58.768719188Z,465 E11jyPtNNDAyg9H6JCNoTVC4hPCPXzSxk7rJ1ULSWMUpgvLq7mFRcHo5tkVe
2020-09-24T03:10:23.684017413Z,2020-09-24T03:10:58.843756787Z,466 6afiqxSYliv6I7tvBkQpLe5Vq8oZZbbRYmhTVAVrwAT0QbXM1NhgzzkhtGF8
2020-09-24T03:10:23.694627948Z,2020-09-24T03:10:58.914856454Z,467 zmob8xFtzSbW6l3LlZWXOHLMuVVSsXp5ISMQgSsspN9O6qqwnGXINliOos4P
2020-09-24T03:10:23.705255426Z,2020-09-24T03:10:58.980078078Z,468 MhSeHujPlUsFZJtHHj7G33HyRmw2Vn9mHO8xdgBE8rdTd1akRWTpaHnBe0JL
2020-09-24T03:10:23.716522261Z,2020-09-24T03:10:59.045509441Z,469 dtxdqz1DWSuanKK0xsPcEnAOslJUtEwlOVwYNAH5uMmFAN8kUgm7NENEIxAz
2020-09-24T03:10:23.727858380Z,2020-09-24T03:10:59.110711108Z,470 HCnRZC373t10hXxiygMtenSWWSi2EjLeYU0jzqqrj6ys4G0YXEqzfIX2BqSc
2020-09-24T03:10:23.738306350Z,2020-09-24T03:10:59.177748957Z,471 aiBiI46nd7ODbW10DMewwAOk9EPkC4OTiO0hH3kfACHGKAnGaRZFakRMIdCr
2020-09-24T03:10:23.749224326Z,2020-09-24T03:10:59.244937231Z,472 WuDBCxySSaeQVqS3ItwSG22aKPr2IX14tX5gNKBgksf0mqYNIVTuplIt4uis
2020-09-24T03:10:23.760415139Z,2020-09-24T03:10:59.311154840Z,473 IVlIr0kCLUnHCjOmSuPepYKgbpDtqDjnCNRkQWZBm0dyUlU2FtyDsZMP7LiV
2020-09-24T03:10:23.771863236Z,2020-09-24T03:10:59.378893580Z,474 WR5qdftC4A5Sxsg1UuxZo50M2yK0pkrCw79EgUH2VDiwgnOkMn0LaLL1l5kQ
2020-09-24T03:10:23.783410967Z,2020-09-24T03:10:59.443531970Z,475 FnMmznuiyoaOBohsmLL1aMjlREoYZtWiD5oKUNpl6kG5rKea40W7uaayKoqs
2020-09-24T03:10:23.794132060Z,2020-09-24T03:10:59.510946674Z,476 rpn9vk64ZldZ2mVvVgGJIETdYZw5CwS7x3cDR4eucCiuhyHWF7wHyG91Qgr3
2020-09-24T03:10:23.805674850Z,2020-09-24T03:10:59.574433248Z,477 4XSDkbqAlhGnsB0ZDgLGtpZd8NNB9cDqGhZzuwroqzKMwedPst5JJBtCjtFt
2020-09-24T03:10:23.817200711Z,2020-09-24T03:10:59.640322228Z,478 PgOg3rAReMbe5Aq6tu6kipObcDBNruI6DiD7NcVdXS1JRbBUSbkOWbIJ20Mr
2020-09-24T03:10:23.828840686Z,2020-09-24T03:10:59.706879899Z,479 tnuHHu4vOfgKx79IhJeSIftCEGhBP9ufcozqff3zK9uK4sXNndhwFKYHjTON
2020-09-24T03:10:23.839717217Z,2020-09-24T03:10:59.771607283Z,480 TRgLa7KdZFf8v8xdtU8xm8ndBqhl5OXCH41FwTSHdF7QAxDEzfWwLYtIKk6S
2020-09-24T03:10:23.850062222Z,2020-09-24T03:10:59.842929152Z,481 cFreiF7EtigOZRCJKkYj6Q9S7IxDleMvEGJLEL6BbP3BgMv5GOMtZygvCnUs
2020-09-24T03:10:23.861640776Z,2020-09-24T03:10:59.909714937Z,482 ICsUDXO194pvm25yhInyANDUjzaZzSdIGu4nUS61gOIywn32qR2Ov3cfS9qd
2020-09-24T03:10:23.873162140Z,2020-09-24T03:10:59.974357298Z,483 52lZ2MpSkFyN1E4EPdIGMSGVsTG6tpDrMVp9tjy60TbziDHTHBmoDTrwtMJU
2020-09-24T03:10:23.884978227Z,2020-09-24T03:11:00.040082855Z,484 s1JNDFZmCPGkiguLIjsayOzJYHaLbabEXDj5aO4bAtQhUKXVAefHJ5zlrQS8
2020-09-24T03:10:23.895913107Z,2020-09-24T03:11:00.107149716Z,485 3naF7RvrOhtWLdBSNzdVjtqGAcnR718ETD37d0wU6lY74anveixV3xHwOe6q
2020-09-24T03:10:23.908049827Z,2020-09-24T03:11:00.173679389Z,486 JWfM4ehxHjAQZwdHWnc3GFlxiav2XlefU4K2jMAcbPmhU7zHv07wqLUGk8tV
2020-09-24T03:10:23.918853647Z,2020-09-24T03:11:00.238950210Z,487 jKJYZGM9VXv7qpc4QfeAK3xhTOjPnx65ZefHN27Iqph3mcjHrkhjgxt6PZuj
2020-09-24T03:10:23.930351516Z,2020-09-24T03:11:00.305693172Z,488 OpHLCE7xAqDILDknMbJl1JLSInlWWXhS3a3zlSDPlgp58IWpx0NX8rFiCjqC
2020-09-24T03:10:23.941375171Z,2020-09-24T03:11:00.372507850Z,489 rZDgtEObJFLCEPQbdpCFIMgtPaektsAnJkFOwTxB0VY4AnX2R2lxZ5yzfXFv
2020-09-24T03:10:23.953099672Z,2020-09-24T03:11:00.437579010Z,490 J68KocFkSMOduXcNjeJD9OvWKK1kwWTsorkwFMGIaY55i4P625lckXSJxQno
2020-09-24T03:10:23.965015041Z,2020-09-24T03:11:00.505182091Z,491 qRVQ8LE9tOPMi7YhbB9eSwu6ZgaL3scIzh0kdlDeFJ1fqoF30dc4n5DPiYAY
2020-09-24T03:10:23.977151078Z,2020-09-24T03:11:00.570254624Z,492 rGP4EjKYlJhjA18YQdCL1nYrW3qxdDDX170YwE2jdgSD1esUtrPzaSbxi8hU
2020-09-24T03:10:23.988081815Z,2020-09-24T03:11:00.638029502Z,493 1ZmYyk9mqm0fdPA5LU5RibiXzhUvuksz8CtFmHpQGk9aDikXqMIC6WDNlRuG
2020-09-24T03:10:23.999580757Z,2020-09-24T03:11:00.701485360Z,494 K6HGy35dE3mZyowGGTO47N7hfOKteloJGsPEfWBgucp3JUjIv629GwPWhtXr
2020-09-24T03:10:24.010916506Z,2020-09-24T03:11:00.770257049Z,495 Fb58i8hpBr9hTSj71fixhxUSNmEJhYKjkhdH5f8IlgjdPt98WbCCE6OQH4TU
2020-09-24T03:10:24.022445711Z,2020-09-24T03:11:00.837496870Z,496 bHSwuGvMWmx43sfbyRby6hSef3y9xvolGlwiqNUA0F24ctPN4ZjZge2U8p90
2020-09-24T03:10:24.033948829Z,2020-09-24T03:11:00.904624460Z,497 1eOdMNiW22m3gtfsfbniYeP0S3riMLCqexwwYj8h3w8JzScHeLjiaPWW3f77
2020-09-24T03:10:24.045650416Z,2020-09-24T03:11:00.967617136Z,498 ZJNX17VmZcOVUDEA5OLkZpsQqkBz9tS17hoU0A2uK4nGPX6jIwjSulOUmkde
2020-09-24T03:10:24.056019588Z,2020-09-24T03:11:01.034716817Z,499 R8fksNF20cGuvpd9X8AnQyFuWy5N81yc0cODyyJKr01GaADaOSqeZnw0D5Ur
