2020-09-06T14:01:22.145841967Z  running: (['/opt/scylladb/scripts/scylla_dev_mode_setup', '--developer-mode', '1'],)
2020-09-06T14:01:22.705016493Z  running: (['/opt/scylladb/scripts/scylla_io_setup'],)
2020-09-06T14:01:23.131728481Z  2020-09-06 14:01:23,124 CRIT Supervisor is running as root.  Privileges were not dropped because no user is specified in the config file.  If you intend to run as root, you can set user=root in the config file to avoid this message.
2020-09-06T14:01:23.131794286Z  2020-09-06 14:01:23,124 INFO Included extra file "/etc/supervisord.conf.d/node-exporter.conf" during parsing
2020-09-06T14:01:23.131829939Z  2020-09-06 14:01:23,125 INFO Included extra file "/etc/supervisord.conf.d/rsyslog.conf" during parsing
2020-09-06T14:01:23.131842009Z  2020-09-06 14:01:23,125 INFO Included extra file "/etc/supervisord.conf.d/scylla-housekeeping.conf" during parsing
2020-09-06T14:01:23.131852065Z  2020-09-06 14:01:23,125 INFO Included extra file "/etc/supervisord.conf.d/scylla-jmx.conf" during parsing
2020-09-06T14:01:23.131861795Z  2020-09-06 14:01:23,125 INFO Included extra file "/etc/supervisord.conf.d/scylla-server.conf" during parsing
2020-09-06T14:01:23.131871502Z  2020-09-06 14:01:23,125 INFO Included extra file "/etc/supervisord.conf.d/sshd-server.conf" during parsing
2020-09-06T14:01:23.167918011Z  2020-09-06 14:01:23,166 INFO RPC interface 'supervisor' initialized
2020-09-06T14:01:23.167953448Z  2020-09-06 14:01:23,167 CRIT Server 'inet_http_server' running without any HTTP authentication checking
2020-09-06T14:01:23.167965238Z  2020-09-06 14:01:23,167 INFO supervisord started with pid 26
2020-09-06T14:01:24.175459452Z  2020-09-06 14:01:24,172 INFO spawned: 'scylla' with pid 29
2020-09-06T14:01:24.178531752Z  2020-09-06 14:01:24,177 INFO spawned: 'scylla-housekeeping' with pid 30
2020-09-06T14:01:24.182108606Z  2020-09-06 14:01:24,181 INFO spawned: 'sshd' with pid 31
2020-09-06T14:01:24.184855570Z  2020-09-06 14:01:24,184 INFO spawned: 'scylla-jmx' with pid 32
2020-09-06T14:01:24.194195433Z  2020-09-06 14:01:24,193 INFO spawned: 'rsyslog' with pid 34
2020-09-06T14:01:24.201750710Z  2020-09-06 14:01:24,201 INFO spawned: 'node-exporter' with pid 36
2020-09-06T14:01:24.263963604Z  Generating public/private ed25519 key pair.
2020-09-06T14:01:24.263997382Z  Your identification has been saved in /etc/ssh/ssh_host_ed25519_key.
2020-09-06T14:01:24.264008952Z  Your public key has been saved in /etc/ssh/ssh_host_ed25519_key.pub.
2020-09-06T14:01:24.264019541Z  The key fingerprint is:
2020-09-06T14:01:24.264029619Z  SHA256:Zc9TLfmGE5TSu6H/9vU8Gep4yoyRrMsQw1mJFDfiPtI root@e83de3e00be8
2020-09-06T14:01:24.264039804Z  The key's randomart image is:
2020-09-06T14:01:24.264049689Z  +--[ED25519 256]--+
2020-09-06T14:01:24.264059616Z  |     +.o     ... |
2020-09-06T14:01:24.264069711Z  |    o + o   ..oo |
2020-09-06T14:01:24.264079458Z  |     o o  o  .=..|
2020-09-06T14:01:24.264089051Z  |    + o  o o .o= |
2020-09-06T14:01:24.264098688Z  |   . E  S   +.ooo|
2020-09-06T14:01:24.264119954Z  |    . + . . ...+ |
2020-09-06T14:01:24.264130841Z  |     .   +   .. +|
2020-09-06T14:01:24.264139999Z  |      o . = .o.++|
2020-09-06T14:01:24.264149361Z  |       +.. =+. oB|
2020-09-06T14:01:24.264158741Z  +----[SHA256]-----+
2020-09-06T14:01:24.266730427Z  time="2020-09-06T14:01:24Z" level=info msg="Starting node_exporter (version=0.17.0, branch=HEAD, revision=f6f6194a436b9a63d0439abc585c76b19a206b21)" source="node_exporter.go:82"
2020-09-06T14:01:24.267291326Z  time="2020-09-06T14:01:24Z" level=info msg="Build context (go=go1.11.2, user=root@322511e06ced, date=20181130-15:51:33)" source="node_exporter.go:83"
2020-09-06T14:01:24.268524301Z  time="2020-09-06T14:01:24Z" level=info msg="Enabled collectors:" source="node_exporter.go:90"
2020-09-06T14:01:24.268545519Z  time="2020-09-06T14:01:24Z" level=info msg=" - arp" source="node_exporter.go:97"
2020-09-06T14:01:24.268557690Z  time="2020-09-06T14:01:24Z" level=info msg=" - bcache" source="node_exporter.go:97"
2020-09-06T14:01:24.268568810Z  time="2020-09-06T14:01:24Z" level=info msg=" - bonding" source="node_exporter.go:97"
2020-09-06T14:01:24.268579538Z  time="2020-09-06T14:01:24Z" level=info msg=" - conntrack" source="node_exporter.go:97"
2020-09-06T14:01:24.268600894Z  time="2020-09-06T14:01:24Z" level=info msg=" - cpu" source="node_exporter.go:97"
2020-09-06T14:01:24.268611318Z  time="2020-09-06T14:01:24Z" level=info msg=" - diskstats" source="node_exporter.go:97"
2020-09-06T14:01:24.268621192Z  time="2020-09-06T14:01:24Z" level=info msg=" - edac" source="node_exporter.go:97"
2020-09-06T14:01:24.268631532Z  time="2020-09-06T14:01:24Z" level=info msg=" - entropy" source="node_exporter.go:97"
2020-09-06T14:01:24.268641496Z  time="2020-09-06T14:01:24Z" level=info msg=" - filefd" source="node_exporter.go:97"
2020-09-06T14:01:24.268651463Z  time="2020-09-06T14:01:24Z" level=info msg=" - filesystem" source="node_exporter.go:97"
2020-09-06T14:01:24.268661629Z  time="2020-09-06T14:01:24Z" level=info msg=" - hwmon" source="node_exporter.go:97"
2020-09-06T14:01:24.268671561Z  time="2020-09-06T14:01:24Z" level=info msg=" - infiniband" source="node_exporter.go:97"
2020-09-06T14:01:24.268681644Z  time="2020-09-06T14:01:24Z" level=info msg=" - interrupts" source="node_exporter.go:97"
2020-09-06T14:01:24.268691711Z  time="2020-09-06T14:01:24Z" level=info msg=" - ipvs" source="node_exporter.go:97"
2020-09-06T14:01:24.268701864Z  time="2020-09-06T14:01:24Z" level=info msg=" - loadavg" source="node_exporter.go:97"
2020-09-06T14:01:24.268711846Z  time="2020-09-06T14:01:24Z" level=info msg=" - mdadm" source="node_exporter.go:97"
2020-09-06T14:01:24.269091016Z  time="2020-09-06T14:01:24Z" level=info msg=" - meminfo" source="node_exporter.go:97"
2020-09-06T14:01:24.269109212Z  time="2020-09-06T14:01:24Z" level=info msg=" - netclass" source="node_exporter.go:97"
2020-09-06T14:01:24.269119547Z  time="2020-09-06T14:01:24Z" level=info msg=" - netdev" source="node_exporter.go:97"
2020-09-06T14:01:24.269139933Z  time="2020-09-06T14:01:24Z" level=info msg=" - netstat" source="node_exporter.go:97"
2020-09-06T14:01:24.269150807Z  time="2020-09-06T14:01:24Z" level=info msg=" - nfs" source="node_exporter.go:97"
2020-09-06T14:01:24.269160942Z  time="2020-09-06T14:01:24Z" level=info msg=" - nfsd" source="node_exporter.go:97"
2020-09-06T14:01:24.269170725Z  time="2020-09-06T14:01:24Z" level=info msg=" - sockstat" source="node_exporter.go:97"
2020-09-06T14:01:24.269180342Z  time="2020-09-06T14:01:24Z" level=info msg=" - stat" source="node_exporter.go:97"
2020-09-06T14:01:24.269189862Z  time="2020-09-06T14:01:24Z" level=info msg=" - textfile" source="node_exporter.go:97"
2020-09-06T14:01:24.269199525Z  time="2020-09-06T14:01:24Z" level=info msg=" - time" source="node_exporter.go:97"
2020-09-06T14:01:24.269209200Z  time="2020-09-06T14:01:24Z" level=info msg=" - timex" source="node_exporter.go:97"
2020-09-06T14:01:24.269219152Z  time="2020-09-06T14:01:24Z" level=info msg=" - uname" source="node_exporter.go:97"
2020-09-06T14:01:24.269229285Z  time="2020-09-06T14:01:24Z" level=info msg=" - vmstat" source="node_exporter.go:97"
2020-09-06T14:01:24.269239594Z  time="2020-09-06T14:01:24Z" level=info msg=" - xfs" source="node_exporter.go:97"
2020-09-06T14:01:24.269249632Z  time="2020-09-06T14:01:24Z" level=info msg=" - zfs" source="node_exporter.go:97"
2020-09-06T14:01:24.269259564Z  time="2020-09-06T14:01:24Z" level=info msg="Listening on :9100" source="node_exporter.go:111"
2020-09-06T14:01:24.806337740Z  Scylla version 4.1.6-0.20200831.6d9ff622df with build-id c2ed04d00095c63b7456b5fcda6775c5a9f33b0b starting ...
2020-09-06T14:01:24.806372660Z  command used: "/usr/bin/scylla --log-to-syslog 0 --log-to-stdout 1 --default-log-level info --network-stack posix --developer-mode=1 --overprovisioned --listen-address 10.0.54.3 --rpc-address 10.0.54.3 --seed-provider-parameters seeds=10.0.54.3 --blocked-reactor-notify-ms 999999999"
2020-09-06T14:01:24.806413102Z  parsed command line options: [log-to-syslog: 0, log-to-stdout: 1, default-log-level: info, network-stack: posix, developer-mode: 1, overprovisioned, listen-address: 10.0.54.3, rpc-address: 10.0.54.3, seed-provider-parameters: seeds=10.0.54.3, blocked-reactor-notify-ms: 999999999]
2020-09-06T14:01:24.856558857Z  WARN  2020-09-06 14:01:24,855 [shard 0] seastar - Unable to set SCHED_FIFO scheduling policy for timer thread; latency impact possible. Try adding CAP_SYS_NICE
2020-09-06T14:01:24.894997236Z  INFO  2020-09-06 14:01:24,894 [shard 0] init - installing SIGHUP handler
2020-09-06T14:01:24.902332982Z  INFO  2020-09-06 14:01:24,901 [shard 0] init - Scylla version 4.1.6-0.20200831.6d9ff622df with build-id c2ed04d00095c63b7456b5fcda6775c5a9f33b0b starting ...
2020-09-06T14:01:24.902360498Z  
2020-09-06T14:01:24.905111719Z  INFO  2020-09-06 14:01:24,904 [shard 0] init - starting prometheus API server
2020-09-06T14:01:24.908638365Z  INFO  2020-09-06 14:01:24,908 [shard 0] init - starting tokens manager
2020-09-06T14:01:24.910639812Z  INFO  2020-09-06 14:01:24,910 [shard 0] init - starting migration manager notifier
2020-09-06T14:01:24.911866548Z  INFO  2020-09-06 14:01:24,911 [shard 0] init - creating tracing
2020-09-06T14:01:24.914253124Z  INFO  2020-09-06 14:01:24,913 [shard 0] init - creating snitch
2020-09-06T14:01:24.915458746Z  INFO  2020-09-06 14:01:24,915 [shard 0] init - determining DNS name
2020-09-06T14:01:24.915481356Z  INFO  2020-09-06 14:01:24,915 [shard 0] init - starting API server
2020-09-06T14:01:24.916688716Z  INFO  2020-09-06 14:01:24,916 [shard 0] init - Scylla API server listening on 127.0.0.1:10000 ...
2020-09-06T14:01:24.919165799Z  INFO  2020-09-06 14:01:24,918 [shard 0] init - initializing storage service
2020-09-06T14:01:24.919610435Z  INFO  2020-09-06 14:01:24,918 [shard 0] init - starting per-shard database core
2020-09-06T14:01:24.927261251Z  WARN  2020-09-06 14:01:24,926 [shard 0] init - I/O Scheduler is not properly configured! This is a non-supported setup, and performance is expected to be unpredictably bad.
2020-09-06T14:01:24.927285289Z   Reason found: none of --max-io-requests, --io-properties and --io-properties-file are set.
2020-09-06T14:01:24.927297542Z  To properly configure the I/O Scheduler, run the scylla_io_setup utility shipped with Scylla.
2020-09-06T14:01:24.927308661Z  
2020-09-06T14:01:24.928596385Z  INFO  2020-09-06 14:01:24,928 [shard 0] init - creating and verifying directories
2020-09-06T14:01:25.855564039Z  INFO  2020-09-06 14:01:25,853 [shard 0] database - Populating Keyspace system_schema
2020-09-06T14:01:25.855620393Z  INFO  2020-09-06 14:01:25,853 [shard 0] database - Keyspace system_schema: Reading CF computed_columns id=cc7c7069-3740-33c1-92a4-c3de78dbd2c4 version=2b8c4439-de76-31e0-807f-3b7290a975d7
2020-09-06T14:01:25.855634373Z  INFO  2020-09-06 14:01:25,853 [shard 0] database - Keyspace system_schema: Reading CF view_virtual_columns id=08843b63-45dc-3be2-9798-a0418295cfaa version=c777531c-15f7-326f-8ebe-39fd0265c8c9
2020-09-06T14:01:25.855645988Z  INFO  2020-09-06 14:01:25,853 [shard 0] database - Keyspace system_schema: Reading CF dropped_columns id=5e7583b5-f3f4-3af1-9a39-b7e1d6f5f11f version=7426bc6c-4c2f-3200-8ad8-4329610ed59a
2020-09-06T14:01:25.855657273Z  INFO  2020-09-06 14:01:25,853 [shard 0] database - Keyspace system_schema: Reading CF indexes id=0feb57ac-311f-382f-ba6d-9024d305702f version=99c40462-8687-304e-abe3-2bdbef1f25aa
2020-09-06T14:01:25.855698476Z  INFO  2020-09-06 14:01:25,853 [shard 0] database - Keyspace system_schema: Reading CF functions id=96489b79-80be-3e14-a701-66a0b9159450 version=329ed804-55b3-3eee-ad61-d85317b96097
2020-09-06T14:01:25.855709916Z  INFO  2020-09-06 14:01:25,853 [shard 0] database - Keyspace system_schema: Reading CF columns id=24101c25-a2ae-3af7-87c1-b40ee1aca33f version=d33236d4-9bdd-3c09-abf0-a0bc5edc2526
2020-09-06T14:01:25.855721282Z  INFO  2020-09-06 14:01:25,853 [shard 0] database - Keyspace system_schema: Reading CF scylla_tables id=5d912ff1-f759-3665-b2c8-8042ab5103dd version=38e5e56b-155d-39b5-a0d2-8e5dcad42a26
2020-09-06T14:01:25.855732031Z  INFO  2020-09-06 14:01:25,853 [shard 0] database - Keyspace system_schema: Reading CF tables id=afddfb9d-bc1e-3068-8056-eed6c302ba09 version=b6240810-eeb7-36d5-9411-43b2d68dddab
2020-09-06T14:01:25.855743109Z  INFO  2020-09-06 14:01:25,853 [shard 0] database - Keyspace system_schema: Reading CF keyspaces id=abac5682-dea6-31c5-b535-b3d6cffd0fb6 version=e79ca8ba-6556-3f7d-925a-7f20cf57938c
2020-09-06T14:01:25.855790811Z  INFO  2020-09-06 14:01:25,853 [shard 0] database - Keyspace system_schema: Reading CF triggers id=4df70b66-6b05-3251-95a1-32b54005fd48 version=582d7071-1ef0-37c8-adc6-471a13636139
2020-09-06T14:01:25.855805968Z  INFO  2020-09-06 14:01:25,853 [shard 0] database - Keyspace system_schema: Reading CF views id=9786ac1c-dd58-3201-a7cd-ad556410c985 version=5b58bb47-96e7-3f57-accf-0bfca4dbbc6e
2020-09-06T14:01:25.855817154Z  INFO  2020-09-06 14:01:25,853 [shard 0] database - Keyspace system_schema: Reading CF types id=5a8b1ca8-6602-3f77-a045-9273d308917a version=de51b2ce-5e4d-3b7d-a75f-2204332ce8d1
2020-09-06T14:01:25.856086764Z  2020-09-06 14:01:25,855 INFO success: scylla entered RUNNING state, process has stayed up for > than 1 seconds (startsecs)
2020-09-06T14:01:25.856614131Z  2020-09-06 14:01:25,856 INFO success: scylla-housekeeping entered RUNNING state, process has stayed up for > than 1 seconds (startsecs)
2020-09-06T14:01:25.857025247Z  2020-09-06 14:01:25,856 INFO success: sshd entered RUNNING state, process has stayed up for > than 1 seconds (startsecs)
2020-09-06T14:01:25.857480081Z  2020-09-06 14:01:25,857 INFO success: scylla-jmx entered RUNNING state, process has stayed up for > than 1 seconds (startsecs)
2020-09-06T14:01:25.857950734Z  2020-09-06 14:01:25,857 INFO success: rsyslog entered RUNNING state, process has stayed up for > than 1 seconds (startsecs)
2020-09-06T14:01:25.858424036Z  2020-09-06 14:01:25,858 INFO success: node-exporter entered RUNNING state, process has stayed up for > than 1 seconds (startsecs)
2020-09-06T14:01:25.860141095Z  INFO  2020-09-06 14:01:25,854 [shard 0] database - Keyspace system_schema: Reading CF aggregates id=924c5587-2e3a-345b-b10c-12f37c1ba895 version=4b53e92c-0368-3d5c-b959-2ec1bfd1a59f
2020-09-06T14:01:25.943523302Z  Connecting to http://localhost:10000
2020-09-06T14:01:25.944626879Z  Starting the JMX server
2020-09-06T14:01:27.235949781Z  JMX is enabled to receive remote connections on port: 7199
2020-09-06T14:01:27.456977016Z  Generating public/private rsa key pair.
2020-09-06T14:01:27.457027356Z  Your identification has been saved in /etc/ssh/ssh_host_rsa_key.
2020-09-06T14:01:27.457041454Z  Your public key has been saved in /etc/ssh/ssh_host_rsa_key.pub.
2020-09-06T14:01:27.457052896Z  The key fingerprint is:
2020-09-06T14:01:27.457063831Z  SHA256:bpUgFLRKaJe6gVqLoNExEc2d/7TEmEKLsaMR5/DMTWk root@e83de3e00be8
2020-09-06T14:01:27.457074928Z  The key's randomart image is:
2020-09-06T14:01:27.457085777Z  +---[RSA 4096]----+
2020-09-06T14:01:27.457096426Z  |  o+ o++         |
2020-09-06T14:01:27.457107276Z  |  oo=oE.         |
2020-09-06T14:01:27.457118350Z  |  =O+Ooo.+       |
2020-09-06T14:01:27.457129448Z  | +.*O.+.+.+.     |
2020-09-06T14:01:27.457140196Z  |+ =o.. .S+o.     |
2020-09-06T14:01:27.457150823Z  |++.+   . .o      |
2020-09-06T14:01:27.457172534Z  |+ o     o        |
2020-09-06T14:01:27.457183679Z  |       .         |
2020-09-06T14:01:27.457193829Z  |                 |
2020-09-06T14:01:27.457203886Z  +----[SHA256]-----+
2020-09-06T14:01:27.479238132Z  Could not load host key: /etc/ssh/ssh_host_ecdsa_key
2020-09-06T14:01:30.071372760Z  Traceback (most recent call last):
2020-09-06T14:01:30.071433966Z    File "/opt/scylladb/scripts/libexec/scylla-housekeeping", line 208, in <module>
2020-09-06T14:01:30.071450097Z      args.func(args)
2020-09-06T14:01:30.071461405Z    File "/opt/scylladb/scripts/libexec/scylla-housekeeping", line 134, in check_version
2020-09-06T14:01:30.071472891Z      current_version = sanitize_version(get_api('/storage_service/scylla_release_version'))
2020-09-06T14:01:30.071483962Z    File "/opt/scylladb/scripts/libexec/scylla-housekeeping", line 93, in get_api
2020-09-06T14:01:30.071495142Z      return get_json_from_url("http://" + api_address + path)
2020-09-06T14:01:30.071506240Z    File "/opt/scylladb/scripts/libexec/scylla-housekeeping", line 88, in get_json_from_url
2020-09-06T14:01:30.071517611Z      raise RuntimeError(f'Failed to get "{path}" due to the following error: {retval}')
2020-09-06T14:01:30.071528905Z  RuntimeError: Failed to get "http://localhost:10000/storage_service/scylla_release_version" due to the following error: HTTP Error 404: Not Found
2020-09-06T14:01:30.908504639Z  INFO  2020-09-06 14:01:30,908 [shard 0] database - Populating Keyspace system
2020-09-06T14:01:30.908549687Z  INFO  2020-09-06 14:01:30,908 [shard 0] database - Keyspace system: Reading CF schema_aggregates id=a5fc57fc-9d6c-3bfd-a3fc-01ad54686fea version=d06c934f-9a69-374c-86f1-523ab26fb05c
2020-09-06T14:01:30.908563338Z  INFO  2020-09-06 14:01:30,908 [shard 0] database - Keyspace system: Reading CF schema_triggers id=0359bc71-7123-3ee1-9a4a-b9dfb11fc125 version=75e4ec4c-76da-3f59-984e-66810ba0c62b
2020-09-06T14:01:30.908575333Z  INFO  2020-09-06 14:01:30,908 [shard 0] database - Keyspace system: Reading CF compaction_history id=b4dbb7b4-dc49-3fb5-b3bf-ce6e434832ca version=25cae56a-8d75-39f3-a146-3756ab4981c7
2020-09-06T14:01:30.908586941Z  INFO  2020-09-06 14:01:30,908 [shard 0] database - Keyspace system: Reading CF compactions_in_progress id=55080ab0-5d9c-3886-90a4-acb25fe1f77b version=540263f1-40db-3869-8a38-3baadedc222d
2020-09-06T14:01:30.909012138Z  INFO  2020-09-06 14:01:30,908 [shard 0] database - Keyspace system: Reading CF range_xfers id=55d76438-4e55-3f8b-9f6e-676d4af3976d version=dd15a078-409b-350d-9bef-c5f3520832d8
2020-09-06T14:01:30.909032832Z  INFO  2020-09-06 14:01:30,908 [shard 0] database - Keyspace system: Reading CF scylla_views_builds_in_progress id=a04c7bfd-1e13-36c9-a44d-f22da352281d version=e3fb736c-6956-3990-a31d-9a482279e3fc
2020-09-06T14:01:30.909045292Z  INFO  2020-09-06 14:01:30,908 [shard 0] database - Keyspace system: Reading CF IndexInfo id=9f5c6374-d485-3229-9a0a-5094af9ad1e3 version=bbb3743b-351f-3023-b4fc-09a9be37d529
2020-09-06T14:01:30.909056852Z  INFO  2020-09-06 14:01:30,908 [shard 0] database - Keyspace system: Reading CF cdc_local id=0bcaffd4-0c83-3ead-ad13-dc1d5015b77c version=0aa4d3a2-ed95-3ecd-aba0-cd75622ad290
2020-09-06T14:01:30.909082493Z  INFO  2020-09-06 14:01:30,908 [shard 0] database - Keyspace system: Reading CF schema_columnfamilies id=45f5b360-24bc-3f83-a363-1034ea4fa697 version=7f7a5fea-07b7-304d-a6f8-f7aec72cabdb
2020-09-06T14:01:30.909095086Z  INFO  2020-09-06 14:01:30,908 [shard 0] database - Keyspace system: Reading CF batchlog id=0290003c-977e-397c-ac3e-fdfdc01d626b version=e2a2e804-49e4-3597-9f16-39fd9475835c
2020-09-06T14:01:30.909106246Z  INFO  2020-09-06 14:01:30,908 [shard 0] database - Keyspace system: Reading CF schema_functions id=d1b675fe-2b50-3ca4-8e49-c0f81989dcad version=a50959dd-2be0-3e4e-8bb5-cf40796e256a
2020-09-06T14:01:30.909117249Z  INFO  2020-09-06 14:01:30,908 [shard 0] database - Keyspace system: Reading CF peer_events id=59dfeaea-8db2-3341-91ef-109974d81484 version=7f874a05-72b8-3c21-9acb-baa164fc351a
2020-09-06T14:01:30.909128131Z  INFO  2020-09-06 14:01:30,908 [shard 0] database - Keyspace system: Reading CF local id=7ad54392-bcdd-35a6-8417-4e047860b377 version=7fa82c2e-5b67-37dd-8e5e-2079e18f1536
2020-09-06T14:01:30.909138934Z  INFO  2020-09-06 14:01:30,908 [shard 0] database - Keyspace system: Reading CF clients id=ca0f635d-8630-3609-8d93-a1fc06f2a5e5 version=51273ebf-e6f9-3cd5-b455-ea09ad29796f
2020-09-06T14:01:30.909149800Z  INFO  2020-09-06 14:01:30,908 [shard 0] database - Keyspace system: Reading CF size_estimates id=618f817b-005f-3678-b8a4-53f3930b8e86 version=6d4dbcff-f05b-3dc3-95ad-f79f7b10504d
2020-09-06T14:01:30.909162648Z  INFO  2020-09-06 14:01:30,908 [shard 0] database - Keyspace system: Reading CF large_partitions id=8a7fe624-96b0-34b1-b90e-f71bddcdd2d3 version=04fa9920-9369-3a96-be39-6dd9fdc816b6
2020-09-06T14:01:30.909174351Z  INFO  2020-09-06 14:01:30,908 [shard 0] database - Keyspace system: Reading CF schema_columns id=296e9c04-9bec-3085-827d-c17d3df2122a version=53cfbb66-ee0d-37be-97bb-b2afb3746f85
2020-09-06T14:01:30.909185380Z  INFO  2020-09-06 14:01:30,908 [shard 0] database - Keyspace system: Reading CF built_views id=4b3c50a9-ea87-3d76-9101-6dbc9c38494a version=a28aa0b3-6def-30a7-9fbe-ce78b3f3c9b9
2020-09-06T14:01:30.909196292Z  INFO  2020-09-06 14:01:30,908 [shard 0] database - Keyspace system: Reading CF peers id=37f71aca-7dc2-383b-a706-72528af04d4f version=f6f6871f-8c86-3eca-ac0b-2a2e848e395d
2020-09-06T14:01:30.909206988Z  INFO  2020-09-06 14:01:30,908 [shard 0] database - Keyspace system: Reading CF hints id=2666e205-73ef-38b3-90fe-fecf96e8f0c7 version=0b74fdd1-e96d-309e-a14e-a5bcd7ac885d
2020-09-06T14:01:30.909217769Z  INFO  2020-09-06 14:01:30,908 [shard 0] database - Keyspace system: Reading CF large_rows id=40550f66-0858-39a0-9430-f27fc08034e9 version=aee3acb0-7926-317b-848e-db7bc3721695
2020-09-06T14:01:30.909228635Z  INFO  2020-09-06 14:01:30,908 [shard 0] database - Keyspace system: Reading CF large_cells id=ead8bbc5-f146-3ae1-9f71-0b11f9a1d296 version=0d4a6937-a781-3f87-a192-b4e4a4a40acf
2020-09-06T14:01:30.909239509Z  INFO  2020-09-06 14:01:30,908 [shard 0] database - Keyspace system: Reading CF scylla_local id=2972ec7f-fb20-38dd-aac1-d876f2e3fcbd version=5f0b407d-eedf-3845-a48e-dbb9673d10e1
2020-09-06T14:01:30.909250421Z  INFO  2020-09-06 14:01:30,908 [shard 0] database - Keyspace system: Reading CF views_builds_in_progress id=b7f2c108-78cd-3c80-9cd5-d609b2bd149c version=b905cce5-1474-3085-819a-7592453e2fb9
2020-09-06T14:01:30.909261795Z  INFO  2020-09-06 14:01:30,908 [shard 0] database - Keyspace system: Reading CF schema_usertypes id=3aa75225-4f82-350b-8d5c-430fa221fa0a version=3c53e6bb-56d5-3618-a0b2-4ff5f18127d7
2020-09-06T14:01:30.909280923Z  INFO  2020-09-06 14:01:30,908 [shard 0] database - Keyspace system: Reading CF sstable_activity id=5a1ff267-ace0-3f12-8563-cfae6103c65e version=bdec57a3-b234-334b-be9c-7b1f33113995
2020-09-06T14:01:30.909293274Z  INFO  2020-09-06 14:01:30,908 [shard 0] database - Keyspace system: Reading CF truncated id=38c19fd0-fb86-3310-a4b7-0d0cc66628aa version=6da9a85c-7ae0-3917-aead-54a2f65a57a8
2020-09-06T14:01:30.910131634Z  INFO  2020-09-06 14:01:30,908 [shard 0] database - Keyspace system: Reading CF paxos id=b7b7f0c2-fd0a-3410-8c05-3ef614bb7c2d version=6dd372de-72fb-3e1b-9b8c-f97738a67fe9
2020-09-06T14:01:30.910151927Z  INFO  2020-09-06 14:01:30,908 [shard 0] database - Keyspace system: Reading CF schema_keyspaces id=b0f22357-4458-3cdb-9631-c43e59ce3676 version=84d28cef-59f9-34a9-9be5-31c684997f03
2020-09-06T14:01:40.803292320Z  INFO  2020-09-06 14:01:40,802 [shard 0] init - starting gossip
2020-09-06T14:01:40.804066790Z  WARN  2020-09-06 14:01:40,803 [shard 0] init - Using default cluster name is not recommended. Using a unique cluster name will reduce the chance of adding nodes to the wrong cluster by mistake
2020-09-06T14:01:40.804579388Z  INFO  2020-09-06 14:01:40,804 [shard 0] init - starting storage proxy
2020-09-06T14:01:40.816418026Z  INFO  2020-09-06 14:01:40,816 [shard 0] init - creating hints manager
2020-09-06T14:01:40.817594426Z  INFO  2020-09-06 14:01:40,817 [shard 1] init - creating hints manager
2020-09-06T14:01:40.818009445Z  INFO  2020-09-06 14:01:40,817 [shard 0] init - starting migration manager
2020-09-06T14:01:40.818508124Z  INFO  2020-09-06 14:01:40,818 [shard 0] init - starting query processor
2020-09-06T14:01:40.820176744Z  INFO  2020-09-06 14:01:40,819 [shard 0] init - initializing batchlog manager
2020-09-06T14:01:40.825510397Z  INFO  2020-09-06 14:01:40,825 [shard 0] legacy_schema_migrator - Moving 0 keyspaces from legacy schema tables to the new schema keyspace (system_schema)
2020-09-06T14:01:40.826104781Z  INFO  2020-09-06 14:01:40,825 [shard 0] legacy_schema_migrator - Dropping legacy schema tables
2020-09-06T14:01:50.918818153Z  INFO  2020-09-06 14:01:50,918 [shard 0] legacy_schema_migrator - Completed migration of legacy schema tables
2020-09-06T14:01:50.920909094Z  INFO  2020-09-06 14:01:50,920 [shard 0] init - loading system sstables
2020-09-06T14:02:01.186301403Z  INFO  2020-09-06 14:02:01,185 [shard 0] init - loading non-system sstables
2020-09-06T14:02:08.406617426Z  INFO  2020-09-06 14:02:08,405 [shard 0] database - Populating Keyspace dt
2020-09-06T14:02:08.407560545Z  INFO  2020-09-06 14:02:08,406 [shard 0] database - Keyspace dt: Reading CF source_element_idx_index id=68593f10-d77b-11ea-9877-000000000001 version=33e3f927-f730-3081-88e1-6bed2962e42a
2020-09-06T14:02:08.408132569Z  INFO  2020-09-06 14:02:08,407 [shard 0] database - Keyspace dt: Reading CF element_twin_idx_index id=630ae8b0-d77b-11ea-9877-000000000001 version=bc3026fd-bc4e-318d-b6f4-ca0b566cb74b
2020-09-06T14:02:08.408942779Z  INFO  2020-09-06 14:02:08,408 [shard 0] database - Keyspace dt: Reading CF source id=65ff2270-d77b-11ea-9877-000000000001 version=5f8471b7-7d19-31d4-9be5-0f153affb0bb
2020-09-06T14:02:08.409742355Z  INFO  2020-09-06 14:02:08,409 [shard 0] database - Keyspace dt: Reading CF source_data id=6af6cd50-d77b-11ea-9877-000000000001 version=b52400e3-b307-3141-b3fc-e5d63573f135
2020-09-06T14:02:08.410262902Z  INFO  2020-09-06 14:02:08,409 [shard 0] database - Keyspace dt: Reading CF element id=607549b0-d77b-11ea-9877-000000000001 version=f44a6c4b-69d8-37f2-b116-7260740acc6c
2020-09-06T14:02:08.410939159Z  INFO  2020-09-06 14:02:08,410 [shard 0] database - Keyspace dt: Reading CF twin id=5e00c740-d77b-11ea-9877-000000000001 version=6240633e-c8cc-3fea-a1e3-452eff1b9659
2020-09-06T14:02:08.411228854Z  INFO  2020-09-06 14:02:08,410 [shard 0] database - Keyspace dt: Reading CF user id=5c294820-d77b-11ea-9877-000000000001 version=02cce273-02f1-3e6a-8674-f1016e3f22d7
2020-09-06T14:02:08.411746824Z  INFO  2020-09-06 14:02:08,411 [shard 0] database - Populating Keyspace system_distributed
2020-09-06T14:02:08.412290533Z  INFO  2020-09-06 14:02:08,411 [shard 0] database - Keyspace system_distributed: Reading CF view_build_status id=5582b59f-8e4e-35e1-b913-3acada51eb04 version=e0b6e628-60e0-39a2-ada0-9b6c13bdd9bc
2020-09-06T14:02:08.413640437Z  INFO  2020-09-06 14:02:08,412 [shard 0] database - Keyspace system_distributed: Reading CF cdc_generations id=6a4df139-00b6-3d21-9efc-dade266dc3b7 version=2511b46b-df1d-39fa-9a77-f5cacf88af47
2020-09-06T14:02:08.413661386Z  INFO  2020-09-06 14:02:08,412 [shard 0] database - Keyspace system_distributed: Reading CF cdc_streams id=07405732-4620-34d6-a85e-947248dad9a4 version=b606cfa4-a37b-32bd-a624-e05cab2bed3c
2020-09-06T14:02:08.413673433Z  INFO  2020-09-06 14:02:08,412 [shard 0] database - Populating Keyspace system_auth
2020-09-06T14:02:08.413684192Z  INFO  2020-09-06 14:02:08,412 [shard 0] database - Keyspace system_auth: Reading CF roles id=5bc52802-de25-35ed-aeab-188eecebb090 version=d8f599da-7544-3f57-aa58-b229deea93e0
2020-09-06T14:02:08.413695118Z  INFO  2020-09-06 14:02:08,412 [shard 0] database - Keyspace system_auth: Reading CF role_members id=0ecdaa87-f8fb-3e60-88d1-74fb36fe5c0d version=2923b5bb-f2f8-36e8-9e73-19019900010c
2020-09-06T14:02:08.413705883Z  INFO  2020-09-06 14:02:08,412 [shard 0] database - Populating Keyspace system_traces
2020-09-06T14:02:08.413716234Z  INFO  2020-09-06 14:02:08,412 [shard 0] database - Keyspace system_traces: Reading CF sessions id=c5e99f16-8677-3914-b17e-960613512345 version=e0fc4b06-6cba-3b7b-bfb6-b42a77c370a9
2020-09-06T14:02:08.413727055Z  INFO  2020-09-06 14:02:08,412 [shard 0] database - Keyspace system_traces: Reading CF node_slow_log_time_idx id=f9706768-aa1e-3d87-9e5c-51a3927c2870 version=eaffc0bb-7b2c-3b64-8924-d8ba685120bc
2020-09-06T14:02:08.413738056Z  INFO  2020-09-06 14:02:08,412 [shard 0] database - Keyspace system_traces: Reading CF sessions_time_idx id=0ebf001c-c1d1-3693-9a63-c3d96ac53318 version=cd5d1e5f-1f42-3b9d-a8ba-3af39d59a7d5
2020-09-06T14:02:08.413748805Z  INFO  2020-09-06 14:02:08,412 [shard 0] database - Keyspace system_traces: Reading CF events id=8826e8e9-e16a-3728-8753-3bc1fc713c25 version=41a6b26e-a03b-3ae1-8a4a-b9446e7f9304
2020-09-06T14:02:08.413760032Z  INFO  2020-09-06 14:02:08,412 [shard 0] database - Keyspace system_traces: Reading CF node_slow_log id=bfcc4e62-5b63-3aa1-a1c3-6f5e47f3325c version=23e7a411-8414-340f-854d-20a3a637e438
2020-09-06T14:02:14.201151533Z  INFO  2020-09-06 14:02:14,200 [shard 0] init - starting view update generator
2020-09-06T14:02:14.201759059Z  INFO  2020-09-06 14:02:14,201 [shard 0] init - discovering staging sstables
2020-09-06T14:02:14.202354592Z  INFO  2020-09-06 14:02:14,202 [shard 0] init - setting up system keyspace
2020-09-06T14:02:14.216281967Z  INFO  2020-09-06 14:02:14,215 [shard 0] init - starting commit log
2020-09-06T14:02:14.217293307Z  INFO  2020-09-06 14:02:14,216 [shard 0] compaction - Compacting [/var/lib/scylla/data/system/compaction_history-b4dbb7b4dc493fb5b3bfce6e434832ca/mc-206-big-Data.db:level=0, /var/lib/scylla/data/system/compaction_history-b4dbb7b4dc493fb5b3bfce6e434832ca/mc-204-big-Data.db:level=0, ]
2020-09-06T14:02:14.217854696Z  INFO  2020-09-06 14:02:14,217 [shard 0] compaction - Compacting [/var/lib/scylla/data/system/local-7ad54392bcdd35a684174e047860b377/mc-880-big-Data.db:level=0, /var/lib/scylla/data/system/local-7ad54392bcdd35a684174e047860b377/mc-878-big-Data.db:level=0, /var/lib/scylla/data/system/local-7ad54392bcdd35a684174e047860b377/mc-876-big-Data.db:level=0, /var/lib/scylla/data/system/local-7ad54392bcdd35a684174e047860b377/mc-874-big-Data.db:level=0, ]
2020-09-06T14:02:14.217881778Z  INFO  2020-09-06 14:02:14,217 [shard 0] compaction - Compacting [/var/lib/scylla/data/system/truncated-38c19fd0fb863310a4b70d0cc66628aa/mc-382-big-Data.db:level=0, /var/lib/scylla/data/system/truncated-38c19fd0fb863310a4b70d0cc66628aa/mc-380-big-Data.db:level=0, ]
2020-09-06T14:02:14.218557873Z  INFO  2020-09-06 14:02:14,218 [shard 1] compaction - Compacting [/var/lib/scylla/data/system_schema/dropped_columns-5e7583b5f3f43af19a39b7e1d6f5f11f/mc-217-big-Data.db:level=0, /var/lib/scylla/data/system_schema/dropped_columns-5e7583b5f3f43af19a39b7e1d6f5f11f/mc-215-big-Data.db:level=0, ]
2020-09-06T14:02:14.219733336Z  INFO  2020-09-06 14:02:14,219 [shard 1] compaction - Compacting [/var/lib/scylla/data/system/clients-ca0f635d863036098d93a1fc06f2a5e5/mc-35-big-Data.db:level=0, /var/lib/scylla/data/system/clients-ca0f635d863036098d93a1fc06f2a5e5/mc-37-big-Data.db:level=0, ]
2020-09-06T14:02:14.220617451Z  INFO  2020-09-06 14:02:14,220 [shard 1] compaction - Compacting [/var/lib/scylla/data/system_schema/functions-96489b7980be3e14a70166a0b9159450/mc-151-big-Data.db:level=0, /var/lib/scylla/data/system_schema/functions-96489b7980be3e14a70166a0b9159450/mc-149-big-Data.db:level=0, ]
2020-09-06T14:02:14.221225073Z  INFO  2020-09-06 14:02:14,220 [shard 1] compaction - Compacting [/var/lib/scylla/data/system/compaction_history-b4dbb7b4dc493fb5b3bfce6e434832ca/mc-217-big-Data.db:level=0, /var/lib/scylla/data/system/compaction_history-b4dbb7b4dc493fb5b3bfce6e434832ca/mc-215-big-Data.db:level=0, ]
2020-09-06T14:02:14.221878762Z  INFO  2020-09-06 14:02:14,221 [shard 1] compaction - Compacting [/var/lib/scylla/data/dt/source_data-6af6cd50d77b11ea9877000000000001/mc-155-big-Data.db:level=0, /var/lib/scylla/data/dt/source_data-6af6cd50d77b11ea9877000000000001/mc-153-big-Data.db:level=0, ]
2020-09-06T14:02:14.222488657Z  INFO  2020-09-06 14:02:14,222 [shard 1] compaction - Compacting [/var/lib/scylla/data/system_schema/scylla_tables-5d912ff1f7593665b2c88042ab5103dd/mc-209-big-Data.db:level=0, /var/lib/scylla/data/system_schema/scylla_tables-5d912ff1f7593665b2c88042ab5103dd/mc-207-big-Data.db:level=0, ]
2020-09-06T14:02:14.223783791Z  INFO  2020-09-06 14:02:14,223 [shard 0] init - initializing migration manager RPC verbs
2020-09-06T14:02:14.224937769Z  INFO  2020-09-06 14:02:14,224 [shard 0] init - initializing storage proxy RPC verbs
2020-09-06T14:02:14.225884571Z  INFO  2020-09-06 14:02:14,225 [shard 0] init - starting streaming service
2020-09-06T14:02:14.228861411Z  INFO  2020-09-06 14:02:14,228 [shard 0] init - starting hinted handoff manager
2020-09-06T14:02:14.229707749Z  INFO  2020-09-06 14:02:14,229 [shard 1] compaction - Compacting [/var/lib/scylla/data/system_schema/columns-24101c25a2ae3af787c1b40ee1aca33f/mc-219-big-Data.db:level=0, /var/lib/scylla/data/system_schema/columns-24101c25a2ae3af787c1b40ee1aca33f/mc-217-big-Data.db:level=0, ]
2020-09-06T14:02:15.824392441Z  INFO  2020-09-06 14:02:15,817 [shard 0] init - starting messaging service
2020-09-06T14:02:15.824444019Z  INFO  2020-09-06 14:02:15,817 [shard 0] repair - Setting max_repair_memory=126248550, max_repair_memory_per_range=33554432, max_repair_ranges_in_parallel=3
2020-09-06T14:02:15.824459442Z  INFO  2020-09-06 14:02:15,818 [shard 0] init - starting storage service
2020-09-06T14:02:15.824482702Z  INFO  2020-09-06 14:02:15,818 [shard 0] storage_service - Loading persisted ring state
2020-09-06T14:02:15.824493604Z  INFO  2020-09-06 14:02:15,820 [shard 0] storage_service - loaded_peer_features: peer_features size=0
2020-09-06T14:02:15.824504449Z  INFO  2020-09-06 14:02:15,820 [shard 0] storage_service - Checking remote features skipped, since this node is a new seed node which knows nothing about the cluster
2020-09-06T14:02:15.824515636Z  INFO  2020-09-06 14:02:15,821 [shard 0] storage_service - Restarting a node in NORMAL status
2020-09-06T14:02:15.844387317Z  INFO  2020-09-06 14:02:15,843 [shard 0] database - Schema version changed to 3f00f995-6495-3765-8599-4e76a2f4c6b2
2020-09-06T14:02:15.844877692Z  INFO  2020-09-06 14:02:15,844 [shard 0] storage_service - Starting up server gossip
2020-09-06T14:02:17.152345983Z  INFO  2020-09-06 14:02:17,150 [shard 1] compaction - Compacted 2 sstables to []. 26031 bytes to 0 (~0% of original) in 9ms = 0.00MB/s. ~256 total partitions merged to 0.
2020-09-06T14:02:19.056795649Z  INFO  2020-09-06 14:02:19,053 [shard 1] compaction - Compacting [/var/lib/scylla/data/system_schema/triggers-4df70b666b05325195a132b54005fd48/mc-151-big-Data.db:level=0, /var/lib/scylla/data/system_schema/triggers-4df70b666b05325195a132b54005fd48/mc-149-big-Data.db:level=0, ]
2020-09-06T14:02:19.056830847Z  INFO  2020-09-06 14:02:19,054 [shard 1] compaction - Compacting [/var/lib/scylla/data/system_schema/keyspaces-abac5682dea631c5b535b3d6cffd0fb6/mc-231-big-Data.db:level=0, /var/lib/scylla/data/system_schema/keyspaces-abac5682dea631c5b535b3d6cffd0fb6/mc-229-big-Data.db:level=0, ]
2020-09-06T14:02:19.165603473Z  INFO  2020-09-06 14:02:19,164 [shard 0] messaging_service - Starting Messaging Service on port 7000
2020-09-06T14:02:19.177273507Z  INFO  2020-09-06 14:02:19,176 [shard 1] compaction - Compacting [/var/lib/scylla/data/system_schema/tables-afddfb9dbc1e30688056eed6c302ba09/mc-211-big-Data.db:level=0, /var/lib/scylla/data/system_schema/tables-afddfb9dbc1e30688056eed6c302ba09/mc-209-big-Data.db:level=0, ]
2020-09-06T14:02:19.803490803Z  INFO  2020-09-06 14:02:19,802 [shard 0] compaction - Compacted 4 sstables to [/var/lib/scylla/data/system/local-7ad54392bcdd35a684174e047860b377/mc-882-big-Data.db:level=0, ]. 30579 bytes to 12601 (~41% of original) in 3941ms = 0.00MB/s. ~512 total partitions merged to 1.
2020-09-06T14:02:19.804994063Z  INFO  2020-09-06 14:02:19,803 [shard 0] compaction - Compacted 2 sstables to [/var/lib/scylla/data/system/truncated-38c19fd0fb863310a4b70d0cc66628aa/mc-384-big-Data.db:level=0, ]. 82079 bytes to 76842 (~93% of original) in 3942ms = 0.02MB/s. ~256 total partitions merged to 3.
2020-09-06T14:02:19.805967952Z  INFO  2020-09-06 14:02:19,805 [shard 0] compaction - Compacted 2 sstables to [/var/lib/scylla/data/system/compaction_history-b4dbb7b4dc493fb5b3bfce6e434832ca/mc-208-big-Data.db:level=0, ]. 251246 bytes to 163455 (~65% of original) in 3943ms = 0.04MB/s. ~1152 total partitions merged to 1019.
2020-09-06T14:02:19.806740563Z  INFO  2020-09-06 14:02:19,806 [shard 0] compaction - Compacting [/var/lib/scylla/data/system/local-7ad54392bcdd35a684174e047860b377/mc-884-big-Data.db:level=0, /var/lib/scylla/data/system/local-7ad54392bcdd35a684174e047860b377/mc-882-big-Data.db:level=0, ]
2020-09-06T14:02:21.227274308Z  INFO  2020-09-06 14:02:21,226 [shard 0] compaction - Compacted 2 sstables to [/var/lib/scylla/data/system/local-7ad54392bcdd35a684174e047860b377/mc-886-big-Data.db:level=0, ]. 19207 bytes to 12279 (~63% of original) in 1016ms = 0.01MB/s. ~256 total partitions merged to 1.
2020-09-06T14:02:21.229256927Z  INFO  2020-09-06 14:02:21,228 [shard 1] compaction - Compacted 2 sstables to [/var/lib/scylla/data/system_schema/functions-96489b7980be3e14a70166a0b9159450/mc-153-big-Data.db:level=0, ]. 78944 bytes to 39628 (~50% of original) in 4833ms = 0.01MB/s. ~256 total partitions merged to 2.
2020-09-06T14:02:21.229855355Z  INFO  2020-09-06 14:02:21,228 [shard 1] compaction - Compacted 2 sstables to [/var/lib/scylla/data/system_schema/scylla_tables-5d912ff1f7593665b2c88042ab5103dd/mc-211-big-Data.db:level=0, ]. 80993 bytes to 40717 (~50% of original) in 4831ms = 0.01MB/s. ~256 total partitions merged to 2.
2020-09-06T14:02:21.230572095Z  INFO  2020-09-06 14:02:21,229 [shard 1] compaction - Compacted 2 sstables to [/var/lib/scylla/data/dt/source_data-6af6cd50d77b11ea9877000000000001/mc-157-big-Data.db:level=0, ]. 7143480 bytes to 7138359 (~99% of original) in 4831ms = 1.41MB/s. ~256 total partitions merged to 1.
2020-09-06T14:02:21.445504505Z  INFO  2020-09-06 14:02:21,444 [shard 1] compaction - Compacted 2 sstables to [/var/lib/scylla/data/system_schema/dropped_columns-5e7583b5f3f43af19a39b7e1d6f5f11f/mc-219-big-Data.db:level=0, ]. 78622 bytes to 39475 (~50% of original) in 4835ms = 0.01MB/s. ~256 total partitions merged to 2.
2020-09-06T14:02:21.547693890Z  INFO  2020-09-06 14:02:21,546 [shard 1] compaction - Compacted 2 sstables to [/var/lib/scylla/data/system/compaction_history-b4dbb7b4dc493fb5b3bfce6e434832ca/mc-219-big-Data.db:level=0, ]. 253976 bytes to 167537 (~65% of original) in 4835ms = 0.03MB/s. ~1280 total partitions merged to 1081.
2020-09-06T14:02:21.686057825Z  INFO  2020-09-06 14:02:21,685 [shard 1] compaction - Compacted 2 sstables to [/var/lib/scylla/data/system_schema/columns-24101c25a2ae3af787c1b40ee1aca33f/mc-221-big-Data.db:level=0, ]. 118312 bytes to 72733 (~61% of original) in 4947ms = 0.01MB/s. ~256 total partitions merged to 6.
2020-09-06T14:02:22.838119100Z  INFO  2020-09-06 14:02:22,837 [shard 1] compaction - Compacting [/var/lib/scylla/data/system_schema/indexes-0feb57ac311f382fba6d9024d305702f/mc-217-big-Data.db:level=0, /var/lib/scylla/data/system_schema/indexes-0feb57ac311f382fba6d9024d305702f/mc-215-big-Data.db:level=0, ]
2020-09-06T14:02:22.838892861Z  INFO  2020-09-06 14:02:22,837 [shard 1] compaction - Compacting [/var/lib/scylla/data/system_schema/types-5a8b1ca866023f77a0459273d308917a/mc-147-big-Data.db:level=0, /var/lib/scylla/data/system_schema/types-5a8b1ca866023f77a0459273d308917a/mc-149-big-Data.db:level=0, ]
2020-09-06T14:02:23.978958960Z  INFO  2020-09-06 14:02:23,978 [shard 1] compaction - Compacted 2 sstables to [/var/lib/scylla/data/system_schema/triggers-4df70b666b05325195a132b54005fd48/mc-153-big-Data.db:level=0, ]. 78412 bytes to 39362 (~50% of original) in 3782ms = 0.01MB/s. ~256 total partitions merged to 2.
2020-09-06T14:02:24.006147935Z  INFO  2020-09-06 14:02:24,005 [shard 1] compaction - Compacted 2 sstables to [/var/lib/scylla/data/system_schema/keyspaces-abac5682dea631c5b535b3d6cffd0fb6/mc-233-big-Data.db:level=0, ]. 100573 bytes to 61469 (~61% of original) in 3782ms = 0.02MB/s. ~256 total partitions merged to 6.
2020-09-06T14:02:24.118727188Z  INFO  2020-09-06 14:02:24,117 [shard 1] compaction - Compacted 2 sstables to [/var/lib/scylla/data/system_schema/tables-afddfb9dbc1e30688056eed6c302ba09/mc-213-big-Data.db:level=0, ]. 112333 bytes to 68668 (~61% of original) in 3664ms = 0.02MB/s. ~256 total partitions merged to 6.
2020-09-06T14:02:24.879435126Z  INFO  2020-09-06 14:02:24,878 [shard 1] compaction - Compacting [/var/lib/scylla/data/system_schema/views-9786ac1cdd583201a7cdad556410c985/mc-151-big-Data.db:level=0, /var/lib/scylla/data/system_schema/views-9786ac1cdd583201a7cdad556410c985/mc-149-big-Data.db:level=0, ]
2020-09-06T14:02:24.880379832Z  INFO  2020-09-06 14:02:24,878 [shard 1] compaction - Compacting [/var/lib/scylla/data/system_schema/aggregates-924c55872e3a345bb10c12f37c1ba895/mc-141-big-Data.db:level=0, /var/lib/scylla/data/system_schema/aggregates-924c55872e3a345bb10c12f37c1ba895/mc-143-big-Data.db:level=0, ]
2020-09-06T14:02:25.906119713Z  INFO  2020-09-06 14:02:25,905 [shard 1] compaction - Compacted 2 sstables to [/var/lib/scylla/data/system_schema/types-5a8b1ca866023f77a0459273d308917a/mc-151-big-Data.db:level=0, ]. 78534 bytes to 39423 (~50% of original) in 2040ms = 0.02MB/s. ~256 total partitions merged to 2.
2020-09-06T14:02:25.907832820Z  INFO  2020-09-06 14:02:25,907 [shard 1] compaction - Compacted 2 sstables to [/var/lib/scylla/data/system_schema/indexes-0feb57ac311f382fba6d9024d305702f/mc-219-big-Data.db:level=0, ]. 85563 bytes to 46467 (~54% of original) in 2040ms = 0.02MB/s. ~256 total partitions merged to 3.
2020-09-06T14:02:26.759536173Z  INFO  2020-09-06 14:02:26,758 [shard 1] compaction - Compacting [/var/lib/scylla/data/system/truncated-38c19fd0fb863310a4b70d0cc66628aa/mc-209-big-Data.db:level=0, /var/lib/scylla/data/system/truncated-38c19fd0fb863310a4b70d0cc66628aa/mc-207-big-Data.db:level=0, ]
2020-09-06T14:02:26.760377217Z  INFO  2020-09-06 14:02:26,759 [shard 1] compaction - Compacting [/var/lib/scylla/data/system_schema/computed_columns-cc7c7069374033c192a4c3de78dbd2c4/mc-207-big-Data.db:level=0, /var/lib/scylla/data/system_schema/computed_columns-cc7c7069374033c192a4c3de78dbd2c4/mc-205-big-Data.db:level=0, ]
2020-09-06T14:02:27.862890858Z  INFO  2020-09-06 14:02:27,862 [shard 1] compaction - Compacted 2 sstables to [/var/lib/scylla/data/system_schema/views-9786ac1cdd583201a7cdad556410c985/mc-153-big-Data.db:level=0, ]. 88726 bytes to 48225 (~54% of original) in 1880ms = 0.02MB/s. ~256 total partitions merged to 3.
2020-09-06T14:02:27.864655712Z  INFO  2020-09-06 14:02:27,864 [shard 1] compaction - Compacted 2 sstables to [/var/lib/scylla/data/system_schema/aggregates-924c55872e3a345bb10c12f37c1ba895/mc-145-big-Data.db:level=0, ]. 78750 bytes to 39531 (~50% of original) in 1881ms = 0.02MB/s. ~256 total partitions merged to 2.
2020-09-06T14:02:28.736286857Z  INFO  2020-09-06 14:02:28,735 [shard 1] compaction - Compacting [/var/lib/scylla/data/system_schema/view_virtual_columns-08843b6345dc3be29798a0418295cfaa/mc-159-big-Data.db:level=0, /var/lib/scylla/data/system_schema/view_virtual_columns-08843b6345dc3be29798a0418295cfaa/mc-157-big-Data.db:level=0, ]
2020-09-06T14:02:29.711805437Z  INFO  2020-09-06 14:02:29,709 [shard 1] compaction - Compacted 2 sstables to [/var/lib/scylla/data/system/truncated-38c19fd0fb863310a4b70d0cc66628aa/mc-211-big-Data.db:level=0, ]. 147926 bytes to 74128 (~50% of original) in 1976ms = 0.04MB/s. ~256 total partitions merged to 6.
2020-09-06T14:02:29.711847573Z  INFO  2020-09-06 14:02:29,710 [shard 1] compaction - Compacted 2 sstables to [/var/lib/scylla/data/system_schema/computed_columns-cc7c7069374033c192a4c3de78dbd2c4/mc-209-big-Data.db:level=0, ]. 85224 bytes to 46296 (~54% of original) in 1977ms = 0.02MB/s. ~256 total partitions merged to 3.
2020-09-06T14:02:31.168844987Z  INFO  2020-09-06 14:02:31,167 [shard 0] gossip - No gossip backlog; proceeding
2020-09-06T14:02:31.170133331Z  INFO  2020-09-06 14:02:31,169 [shard 0] features - Feature COMPUTED_COLUMNS is enabled
2020-09-06T14:02:31.170174725Z  INFO  2020-09-06 14:02:31,169 [shard 0] features - Feature CORRECT_COUNTER_ORDER is enabled
2020-09-06T14:02:31.170196895Z  INFO  2020-09-06 14:02:31,169 [shard 0] features - Feature CORRECT_NON_COMPOUND_RANGE_TOMBSTONES is enabled
2020-09-06T14:02:31.170218116Z  INFO  2020-09-06 14:02:31,169 [shard 0] features - Feature CORRECT_STATIC_COMPACT_IN_MC is enabled
2020-09-06T14:02:31.170238977Z  INFO  2020-09-06 14:02:31,169 [shard 0] features - Feature COUNTERS is enabled
2020-09-06T14:02:31.170259460Z  INFO  2020-09-06 14:02:31,169 [shard 0] features - Feature DIGEST_INSENSITIVE_TO_EXPIRY is enabled
2020-09-06T14:02:31.170616161Z  INFO  2020-09-06 14:02:31,169 [shard 0] features - Feature DIGEST_MULTIPARTITION_READ is enabled
2020-09-06T14:02:31.170650972Z  INFO  2020-09-06 14:02:31,169 [shard 0] features - Feature HINTED_HANDOFF_SEPARATE_CONNECTION is enabled
2020-09-06T14:02:31.170673005Z  INFO  2020-09-06 14:02:31,169 [shard 0] features - Feature INDEXES is enabled
2020-09-06T14:02:31.170693455Z  INFO  2020-09-06 14:02:31,169 [shard 0] features - Feature LARGE_PARTITIONS is enabled
2020-09-06T14:02:31.170713825Z  INFO  2020-09-06 14:02:31,169 [shard 0] features - Feature LWT is enabled
2020-09-06T14:02:31.170733809Z  INFO  2020-09-06 14:02:31,169 [shard 0] features - Feature MATERIALIZED_VIEWS is enabled
2020-09-06T14:02:31.171040253Z  INFO  2020-09-06 14:02:31,169 [shard 0] features - Feature MC_SSTABLE_FORMAT is enabled
2020-09-06T14:02:31.171074388Z  INFO  2020-09-06 14:02:31,170 [shard 0] features - Feature NONFROZEN_UDTS is enabled
2020-09-06T14:02:31.171095614Z  INFO  2020-09-06 14:02:31,170 [shard 0] features - Feature PER_TABLE_PARTITIONERS is enabled
2020-09-06T14:02:31.171116054Z  INFO  2020-09-06 14:02:31,170 [shard 0] features - Feature RANGE_TOMBSTONES is enabled
2020-09-06T14:02:31.171136381Z  INFO  2020-09-06 14:02:31,170 [shard 0] features - Feature ROLES is enabled
2020-09-06T14:02:31.171156509Z  INFO  2020-09-06 14:02:31,170 [shard 0] features - Feature ROW_LEVEL_REPAIR is enabled
2020-09-06T14:02:31.171539913Z  INFO  2020-09-06 14:02:31,170 [shard 0] features - Feature SCHEMA_TABLES_V3 is enabled
2020-09-06T14:02:31.171577141Z  INFO  2020-09-06 14:02:31,170 [shard 0] features - Feature STREAM_WITH_RPC_STREAM is enabled
2020-09-06T14:02:31.171625715Z  INFO  2020-09-06 14:02:31,170 [shard 0] features - Feature TRUNCATION_TABLE is enabled
2020-09-06T14:02:31.171647708Z  INFO  2020-09-06 14:02:31,170 [shard 0] system_keyspace - Got cluster agreement on truncation table feature. Removing legacy records.
2020-09-06T14:02:31.172218509Z  INFO  2020-09-06 14:02:31,171 [shard 0] features - Feature UNBOUNDED_RANGE_TOMBSTONES is enabled
2020-09-06T14:02:31.172253419Z  INFO  2020-09-06 14:02:31,171 [shard 0] features - Feature VIEW_VIRTUAL_COLUMNS is enabled
2020-09-06T14:02:31.172274096Z  INFO  2020-09-06 14:02:31,171 [shard 0] features - Feature WRITE_FAILURE_REPLY is enabled
2020-09-06T14:02:31.172293597Z  INFO  2020-09-06 14:02:31,171 [shard 0] features - Feature XXHASH is enabled
2020-09-06T14:02:31.173504920Z  INFO  2020-09-06 14:02:31,172 [shard 0] system_keyspace - Legacy records deleted.
2020-09-06T14:02:31.175163795Z  INFO  2020-09-06 14:02:31,174 [shard 0] init - starting system distributed keyspace
2020-09-06T14:02:31.180499452Z  INFO  2020-09-06 14:02:31,179 [shard 0] storage_service - Using saved tokens {943448605036726745, 9061580907506437136, 8957018461898327244, 8813999419995718088, 8775859223532977932, 873311388414975666, 8707696313600310498, 8675978575875245837, 855031166620283245, 8476533345381470087, 8413544620893079714, 8382283044476755854, 7804258889026263620, 778239093056833917, 7732629563319678675, 7564694057214588647, 747840302865059114, 7255484784972643852, 700944770677405149, 7009081579420542256, 7354219953741161264, 6974970471767945112, 6788034976878782500, 667581605220131528, 6496091893897576732, 6478032244021912394, 6420907855788431922, 8777890816944145805, 6381418245203458391, 6358173612251239308, 6302443190184390149, 6115776390551923703, 5906838239532612246, 5890706123786165213, 588034934972968299, 5848278814186320030, 5834675951458569055, 5796254206948921528, -6441145814158460549, 7172238068082229918, -6238625478980828395, -6199824488038647909, -572473923349256348, -5526097868254533829, -5508289632699420366, -6338043935148530859, 4738411181964629022, -5411685484465544274, 5103660925946342563, -5360532551957069796, -5246840897237646542, -8953406550820932827, -511676141100664160, -4872163430844150374, 5153854518462400651, -4829128129506020031, 6818717460470417221, -4735496583611878200, -7913213531410876291, -8612347190400988175, 3361838207769500988, -4770694758141334815, 3533570692245755170, -3014142033706378490, -6648258355715071793, 105268539462240253, 6448269612184381105, 3941245744356891698, -4925670906471950289, -6853270293933441203, -431455211546220291, -4106310081010891923, -4280461110562472301, -4231054370802445643, 4453520694484038438, -5140544052953576706, -7341700934491837716, -4177024142024341044, -2365586676906010085, -4368295386640868227, -6779834804380741154, 7103497347382660592, -471701403720839764, -2187125227394891465, -1593748153114868683, 8325613099551670589, -6017078328443447975, 408961909545308462, -3256341547923989103, 1911454556365012923, -2135119982021577211, -6104126434670973331, -1614584707908969492, -5285270377043925775, 194223785007163967, 3556932048290112968, 4378909036113166689, -2319706609635128471, 782580883702972777, -3880555618453256762, -2879534723161185431, 7469085752185829039, -8001902308657073600, -1522914538603683793, 784130423392421222, -3409621329811667263, -5136236598692180863, -2640475812391264528, 3907413558358164712, -2166731983266837511, -8529251962487546573, -5228242602708342126, -6263078841153087564, -1295419475388780424, 5311755414232655734, -4113405879925637368, 2104079815049743807, -105211415949921556, -1004253484774030395, -6093280019772326743, -1363472444035739717, 7772390126184307669, 3373616921334842984, -3428624778218969630, -4475005699924690030, -1207620414022812792, -4203952547861361192, -4895652206680369668, 5569071124009844993, -2800260328053956713, 1033733984444816800, -1761718599052329021, -6249520955674807415, -6810383749951706976, -2391018463907211455, -3729138346528579520, -3942245253345029362, -1032698423218536378, 2233495137371904435, -1970747149103226319, 2531294222158762011, 4445989245037378795, -2648919406212884980, 800062458669145892, -6586482614645135705, -8855822008500182327, -2076430708060394350, -6127879535600466936, 5017042126534426855, -6767019288334108993, -6985294397658573838, -2605645373691895986, 2542018259596577135, -2699231837109027988, -9132047842757487932, 9066588519930559993, -4601858807243735115, 1470306277250886071, 1688077838521597411, -2700796200994103492, -5656441245782528349, 3822141065635310082, -4415280594152455372, -1709100826419756065, -2732234699235264563, -3101294897153501639, 6933997554702494562, -4541237399207364623, 1251119865371637993, -3280527161887251879, -4007868363884276055, -4134923634748466107, -5595342098352848506, 533209426647054698, 285540986842976874, -4193553788022177878, -7111183380354176443, 7880345233810794046, -7190282066974323895, -7232953798633244985, -7512330892235471280, -889434854029329118, 9122882257136270100, 3909145942678699742, 2870638580126821409, -2685359252619347507, 4540975434217357056, 1912522665107890116, -1474028219808469861, -7767361191227918078, -8495384334141326469, -8024675672634848221, -8352632933072691056, -1084614158625469139, -8372022353883945178, -1171738939209168407, -8485257529464526975, -8549013321787275289, -7405825010257289618, -8694753427154041557, -9173155356561330710, -3164480873853500968, 1172299952227812636, 1535311813904826318, 156312151312654313, 2050968450175517454, 1018091569669202328, 1574734081023094222, 214428871588027420, -5095673126210616552, 2431756818088451524, -1208769590907790735, 3022913469242457337, 2609254198811139442, 5396954320704971060, 284028081363756156, -184157634332906914, 2879924223908633556, 3014475854062098037, 8280511155447462154, 3058186759042775792, 3100842289958262644, -769344519844763244, 3287699046743316011, 7743526815996532326, -7148146405116016542, 352278596429886466, 3606629961194077343, 3840184102447470012, -4623422606623793434, 3924960423780627192, 4660022660859336370, 5401470720317959250, 3979649323160207298, 4037379789709069307, 790424663468033093, 5150907166433009570, 4083460330442256183, 4262233236239091105, 4461207940793579131, 7222389702734437292, 4497639963855891379, 5935809959838255935, 525652295242460822, -9210810031089136649, 3145063885579200582, 5102381975608989830, 5104799485589097680, -467985751191813914, 5122450296475986719, 5256736089695841171, 5341717901052361821, 5441044328235651423, 5661405961885371428, -6303682351633097607, 5704999654143823990}
2020-09-06T14:02:31.208055585Z  INFO  2020-09-06 14:02:31,207 [shard 0] database - Schema version changed to e1b2d478-e5f2-30c4-b994-d93919918df3
2020-09-06T14:02:31.208095741Z  INFO  2020-09-06 14:02:31,207 [shard 0] database - Schema version changed to e1b2d478-e5f2-30c4-b994-d93919918df3
2020-09-06T14:02:31.209065866Z  INFO  2020-09-06 14:02:31,208 [shard 0] database - Schema version changed to 0e03d198-385b-3f36-8c34-c3f5846bbbac
2020-09-06T14:02:31.873812029Z  INFO  2020-09-06 14:02:31,873 [shard 1] compaction - Compacted 2 sstables to [/var/lib/scylla/data/system_schema/view_virtual_columns-08843b6345dc3be29798a0418295cfaa/mc-161-big-Data.db:level=0, ]. 85739 bytes to 46603 (~54% of original) in 1857ms = 0.02MB/s. ~256 total partitions merged to 3.
2020-09-06T14:02:33.259422358Z  INFO  2020-09-06 14:02:33,258 [shard 0] compaction - Compacting [/var/lib/scylla/data/system/local-7ad54392bcdd35a684174e047860b377/mc-888-big-Data.db:level=0, /var/lib/scylla/data/system/local-7ad54392bcdd35a684174e047860b377/mc-886-big-Data.db:level=0, ]
2020-09-06T14:02:33.474635937Z  INFO  2020-09-06 14:02:33,473 [shard 0] storage_service - Node 10.0.54.3 state jump to normal
2020-09-06T14:02:33.475631497Z  INFO  2020-09-06 14:02:33,475 [shard 0] storage_service - Remove node 10.0.54.3 from pending replacing endpoint
2020-09-06T14:02:34.724949800Z  INFO  2020-09-06 14:02:34,724 [shard 0] storage_service - NORMAL: node is now in normal status
2020-09-06T14:02:34.725913378Z  INFO  2020-09-06 14:02:34,724 [shard 0] cdc - No generation seen during startup.
2020-09-06T14:02:34.726440502Z  INFO  2020-09-06 14:02:34,726 [shard 0] init - starting tracing
2020-09-06T14:02:34.727003575Z  INFO  2020-09-06 14:02:34,726 [shard 0] storage_service - SSTable data integrity checker is disabled.
2020-09-06T14:02:34.727062390Z  INFO  2020-09-06 14:02:34,726 [shard 0] init - starting batchlog manager
2020-09-06T14:02:34.727623297Z  INFO  2020-09-06 14:02:34,726 [shard 0] init - starting load meter
2020-09-06T14:02:34.727680786Z  INFO  2020-09-06 14:02:34,726 [shard 0] init - starting cf cache hit rate calculator
2020-09-06T14:02:34.727695939Z  INFO  2020-09-06 14:02:34,727 [shard 0] init - starting view update backlog broker
2020-09-06T14:02:34.728220626Z  INFO  2020-09-06 14:02:34,727 [shard 0] init - Waiting for gossip to settle before accepting client requests...
2020-09-06T14:02:34.807704967Z  INFO  2020-09-06 14:02:34,807 [shard 0] compaction - Compacted 2 sstables to [/var/lib/scylla/data/system/local-7ad54392bcdd35a684174e047860b377/mc-892-big-Data.db:level=0, ]. 18358 bytes to 12070 (~65% of original) in 1397ms = 0.01MB/s. ~256 total partitions merged to 1.
2020-09-06T14:02:34.808399695Z  INFO  2020-09-06 14:02:34,807 [shard 0] compaction - Compacting [/var/lib/scylla/data/system/local-7ad54392bcdd35a684174e047860b377/mc-890-big-Data.db:level=0, /var/lib/scylla/data/system/local-7ad54392bcdd35a684174e047860b377/mc-892-big-Data.db:level=0, ]
2020-09-06T14:02:35.907611122Z  INFO  2020-09-06 14:02:35,907 [shard 0] compaction - Compacted 2 sstables to [/var/lib/scylla/data/system/local-7ad54392bcdd35a684174e047860b377/mc-894-big-Data.db:level=0, ]. 18169 bytes to 12075 (~66% of original) in 711ms = 0.02MB/s. ~256 total partitions merged to 1.
2020-09-06T14:02:46.729415073Z  INFO  2020-09-06 14:02:46,728 [shard 0] gossip - No gossip backlog; proceeding
2020-09-06T14:02:46.729725046Z  INFO  2020-09-06 14:02:46,729 [shard 0] init - allow replaying hints
2020-09-06T14:02:46.730223590Z  INFO  2020-09-06 14:02:46,729 [shard 0] init - Launching generate_mv_updates for non system tables
2020-09-06T14:02:46.730278017Z  INFO  2020-09-06 14:02:46,729 [shard 0] init - starting the view builder
2020-09-06T14:02:47.693117641Z  INFO  2020-09-06 14:02:47,691 [shard 0] init - starting native transport
2020-09-06T14:02:47.693177425Z  INFO  2020-09-06 14:02:47,692 [shard 0] compaction - Compacting [/var/lib/scylla/data/system/truncated-38c19fd0fb863310a4b70d0cc66628aa/mc-386-big-Data.db:level=0, /var/lib/scylla/data/system/truncated-38c19fd0fb863310a4b70d0cc66628aa/mc-384-big-Data.db:level=0, ]
2020-09-06T14:02:47.694636631Z  INFO  2020-09-06 14:02:47,694 [shard 0] storage_service - Starting listening for CQL clients on 10.0.54.3:9042 (unencrypted)
2020-09-06T14:02:47.695700491Z  INFO  2020-09-06 14:02:47,695 [shard 0] storage_service - Thrift server listening on 10.0.54.3:9160 ...
2020-09-06T14:02:47.696573360Z  INFO  2020-09-06 14:02:47,695 [shard 0] init - serving
2020-09-06T14:02:47.696612164Z  INFO  2020-09-06 14:02:47,695 [shard 0] init - Scylla version 4.1.6-0.20200831.6d9ff622df initialization completed.
2020-09-06T14:02:48.430732429Z  INFO  2020-09-06 14:02:48,429 [shard 0] compaction - Compacted 2 sstables to [/var/lib/scylla/data/system/truncated-38c19fd0fb863310a4b70d0cc66628aa/mc-388-big-Data.db:level=0, ]. 82075 bytes to 76842 (~93% of original) in 613ms = 0.12MB/s. ~256 total partitions merged to 3.
2020-09-06T14:04:21.607205216Z  INFO  2020-09-06 14:04:21,606 [shard 1] compaction - Compacting [/var/lib/scylla/data/system/clients-ca0f635d863036098d93a1fc06f2a5e5/mc-41-big-Data.db:level=0, /var/lib/scylla/data/system/clients-ca0f635d863036098d93a1fc06f2a5e5/mc-39-big-Data.db:level=0, ]
2020-09-06T14:04:22.130015852Z  INFO  2020-09-06 14:04:22,129 [shard 1] compaction - Compacted 2 sstables to [/var/lib/scylla/data/system/clients-ca0f635d863036098d93a1fc06f2a5e5/mc-43-big-Data.db:level=0, ]. 43798 bytes to 6171 (~14% of original) in 396ms = 0.01MB/s. ~256 total partitions merged to 1.
2020-09-06T14:04:28.407399738Z  INFO  2020-09-06 14:04:28,406 [shard 1] compaction - Compacting [/var/lib/scylla/data/system/clients-ca0f635d863036098d93a1fc06f2a5e5/mc-43-big-Data.db:level=0, /var/lib/scylla/data/system/clients-ca0f635d863036098d93a1fc06f2a5e5/mc-45-big-Data.db:level=0, ]
2020-09-06T14:04:28.867166894Z  INFO  2020-09-06 14:04:28,866 [shard 1] compaction - Compacted 2 sstables to [/var/lib/scylla/data/system/clients-ca0f635d863036098d93a1fc06f2a5e5/mc-47-big-Data.db:level=0, ]. 28003 bytes to 6065 (~21% of original) in 350ms = 0.02MB/s. ~256 total partitions merged to 1.
2020-09-06T14:04:35.289822839Z  INFO  2020-09-06 14:04:35,289 [shard 1] compaction - Compacting [/var/lib/scylla/data/system/clients-ca0f635d863036098d93a1fc06f2a5e5/mc-47-big-Data.db:level=0, /var/lib/scylla/data/system/clients-ca0f635d863036098d93a1fc06f2a5e5/mc-49-big-Data.db:level=0, ]
2020-09-06T14:04:35.979261014Z  INFO  2020-09-06 14:04:35,978 [shard 1] compaction - Compacted 2 sstables to [/var/lib/scylla/data/system/clients-ca0f635d863036098d93a1fc06f2a5e5/mc-51-big-Data.db:level=0, ]. 27921 bytes to 6006 (~21% of original) in 377ms = 0.02MB/s. ~256 total partitions merged to 1.
2020-09-06T14:04:42.116290110Z  INFO  2020-09-06 14:04:42,115 [shard 1] compaction - Compacting [/var/lib/scylla/data/system/clients-ca0f635d863036098d93a1fc06f2a5e5/mc-51-big-Data.db:level=0, /var/lib/scylla/data/system/clients-ca0f635d863036098d93a1fc06f2a5e5/mc-53-big-Data.db:level=0, ]
2020-09-06T14:04:42.602476118Z  INFO  2020-09-06 14:04:42,602 [shard 1] compaction - Compacted 2 sstables to [/var/lib/scylla/data/system/clients-ca0f635d863036098d93a1fc06f2a5e5/mc-55-big-Data.db:level=0, ]. 27938 bytes to 5924 (~21% of original) in 384ms = 0.01MB/s. ~256 total partitions merged to 1.
2020-09-06T14:04:48.984222155Z  INFO  2020-09-06 14:04:48,983 [shard 1] compaction - Compacting [/var/lib/scylla/data/system/clients-ca0f635d863036098d93a1fc06f2a5e5/mc-55-big-Data.db:level=0, /var/lib/scylla/data/system/clients-ca0f635d863036098d93a1fc06f2a5e5/mc-57-big-Data.db:level=0, ]
2020-09-06T14:04:49.414824916Z  INFO  2020-09-06 14:04:49,414 [shard 1] compaction - Compacted 2 sstables to [/var/lib/scylla/data/system/clients-ca0f635d863036098d93a1fc06f2a5e5/mc-59-big-Data.db:level=0, ]. 27724 bytes to 6761 (~24% of original) in 337ms = 0.02MB/s. ~256 total partitions merged to 1.
2020-09-06T14:04:55.977470264Z  INFO  2020-09-06 14:04:55,976 [shard 1] compaction - Compacting [/var/lib/scylla/data/system/clients-ca0f635d863036098d93a1fc06f2a5e5/mc-59-big-Data.db:level=0, /var/lib/scylla/data/system/clients-ca0f635d863036098d93a1fc06f2a5e5/mc-61-big-Data.db:level=0, ]
2020-09-06T14:04:56.718236277Z  INFO  2020-09-06 14:04:56,717 [shard 1] compaction - Compacted 2 sstables to [/var/lib/scylla/data/system/clients-ca0f635d863036098d93a1fc06f2a5e5/mc-63-big-Data.db:level=0, ]. 28693 bytes to 6693 (~23% of original) in 596ms = 0.01MB/s. ~256 total partitions merged to 1.
2020-09-06T14:05:02.808384530Z  INFO  2020-09-06 14:05:02,807 [shard 1] compaction - Compacting [/var/lib/scylla/data/system/clients-ca0f635d863036098d93a1fc06f2a5e5/mc-63-big-Data.db:level=0, /var/lib/scylla/data/system/clients-ca0f635d863036098d93a1fc06f2a5e5/mc-65-big-Data.db:level=0, ]
2020-09-06T14:05:03.272165068Z  INFO  2020-09-06 14:05:03,271 [shard 1] compaction - Compacted 2 sstables to [/var/lib/scylla/data/system/clients-ca0f635d863036098d93a1fc06f2a5e5/mc-67-big-Data.db:level=0, ]. 28544 bytes to 6511 (~22% of original) in 353ms = 0.02MB/s. ~256 total partitions merged to 1.
2020-09-06T14:05:09.636285014Z  INFO  2020-09-06 14:05:09,635 [shard 1] compaction - Compacting [/var/lib/scylla/data/system/clients-ca0f635d863036098d93a1fc06f2a5e5/mc-67-big-Data.db:level=0, /var/lib/scylla/data/system/clients-ca0f635d863036098d93a1fc06f2a5e5/mc-69-big-Data.db:level=0, ]
2020-09-06T14:05:10.115878327Z  INFO  2020-09-06 14:05:10,114 [shard 1] compaction - Compacted 2 sstables to [/var/lib/scylla/data/system/clients-ca0f635d863036098d93a1fc06f2a5e5/mc-71-big-Data.db:level=0, ]. 28364 bytes to 6357 (~22% of original) in 372ms = 0.02MB/s. ~256 total partitions merged to 1.
