2020-09-16T01:46:27.779770108Z,2020-09-16T01:46:27.783778554Z,0 u47mFBu1CYBmZFMQ9kRywms6kEnVjGvVQlVD7OYvylzhLN7edk2dCfVhQxgobX
2020-09-16T01:46:27.820078751Z,2020-09-16T01:46:27.848675130Z,1 aO2N4PcBkroXRfVMh6mBsBNn3JCQHdD1DeqLmcdsEQ9x009HGlKERMQrmJeMRO
2020-09-16T01:46:27.860531087Z,2020-09-16T01:46:27.910388114Z,2 HZWeOMLBHRW5XjAXmtUYFECTHELaH5msPbmQucjuZzf40mktfoyv0wBOVB7aeU
2020-09-16T01:46:27.901928395Z,2020-09-16T01:46:27.972225143Z,3 9bAzgLdJtC4mAsovzQzQJQd3AtLJ42Qb4IiH1dS7EefFggXUnFEMLcTrKQU5RX
2020-09-16T01:46:27.943676476Z,2020-09-16T01:46:28.034812969Z,4 kmfvBmqzTW6xBDD0BHGgpvg11MFdpmFEe5E9Qwr7wcMHu0YtWB6AJhU4juhAlK
2020-09-16T01:46:27.984256789Z,2020-09-16T01:46:28.097711124Z,5 xCQ8uxJ2m3baF8YDn4dYDuVPT3o3KDDNUQKuXoWMU7VaXp45OAogF7iekiulVO
2020-09-16T01:46:28.025611447Z,2020-09-16T01:46:28.163327178Z,6 61yRCwUXQlviimlvZv5Sz6dtClFMGPPtZr7HB6kNtdZIWcyXMmzpoXpJz4pR3o
2020-09-16T01:46:28.066684222Z,2020-09-16T01:46:28.227349763Z,7 Fp9hAWALvZDNskViBTV1pYAkaVQXhWPuRN5LMXvkNwndN3yejBxd5Xd0cDGApz
2020-09-16T01:46:28.108008932Z,2020-09-16T01:46:28.295682841Z,8 DXOhxivmmFtqbCxOtf8xaYjcf2X1vyva3HwP5T5DZjRePJvIjuiFHtyeE44g2a
2020-09-16T01:46:28.149314660Z,2020-09-16T01:46:28.362906252Z,9 uSHQzBEmUdk9lPQT4DSY5EPGXTy1wgFMWwj4wbENII0QM8LxUsX1qLTZfNSPMr
2020-09-16T01:46:28.189837008Z,2020-09-16T01:46:28.430643246Z,10 B6HwUmAyAQesBe1qsM1sWhoJmnK9HguGWLm7p96eBBBGzmDR06vuuWTBqTZWC
2020-09-16T01:46:28.230921814Z,2020-09-16T01:46:28.500205929Z,11 w2VnQIBLssWhaGGhZfnwpslvzQbq3jE02VjQ0DE2apVZgt469ghcKPwu0RgLt
2020-09-16T01:46:28.271685377Z,2020-09-16T01:46:28.565441018Z,12 Pje1Ani4kAaXfV4JW7pU5bg6jG9mV8guA7UBSieYo2n6sJpVF97mkG2fY64za
2020-09-16T01:46:28.312724033Z,2020-09-16T01:46:28.627762186Z,13 aWD7zjTFkdieLe0CM5CJf7DkhzR5pdM4vjx6f8olVTEXs3YYWxW1o8AqRFn2y
2020-09-16T01:46:28.354348347Z,2020-09-16T01:46:28.694259427Z,14 ZMSSLW7HBevo0SiJulGKBliASrF4z0O0VVd6JqCXeO12AxPY9y02FP0tzH4nZ
2020-09-16T01:46:28.395333757Z,2020-09-16T01:46:28.758919376Z,15 jO6KGjLAIW1wqi97joxVYRNMHuKQMS10WxHY7vDoVtHdegSOckHPFv5kTUGiV
2020-09-16T01:46:28.436070149Z,2020-09-16T01:46:28.822696325Z,16 wLMTIlyrfT3JOePcy9YQkWxTCH2oleFN7XXtjR8bk2LeLJySNCBKUuvd2dAiL
2020-09-16T01:46:28.476782723Z,2020-09-16T01:46:28.890588695Z,17 5KG4Yk5Ld0XLCRBP3IXuFxdjin4QZIW2W2YhCqVmEjrdy18pknF6r750asRI7
2020-09-16T01:46:28.518003933Z,2020-09-16T01:46:28.958092225Z,18 Bl2QUmQPkJDowNHeHsNbYeMXPL3z6956dz82AiolLRXd8OpaP8ZS7O76n4jHc
2020-09-16T01:46:28.559306924Z,2020-09-16T01:46:29.026030207Z,19 01ndJGDKxXxyxM6J0IBzKpWjMPfgNVYkfSRbhfhdneo0Gf6BI4phaRMUwVWRZ
2020-09-16T01:46:28.601539168Z,2020-09-16T01:46:29.091476868Z,20 bMB9xL3rTeesqqxOog06t4ijl9hfHuyoRAV9PAQuyPkrdHWLBFcm0SyxSoKGR
2020-09-16T01:46:28.643336675Z,2020-09-16T01:46:29.157453887Z,21 E2QXKxEmS8g5Cxa2ZnxISG6GaDjy9vDtPe7uI2GrMmxJQXTd9LjHqnartwyBM
2020-09-16T01:46:28.685542386Z,2020-09-16T01:46:29.221381800Z,22 oRVTyO6PbDR6O9HCvFQ1jj6RJQ6EetosIEyZZjFLLC7l3WmehFNzH70Q9TdXQ
2020-09-16T01:46:28.727333934Z,2020-09-16T01:46:29.285491422Z,23 5rAeE6QZTr6vD02s8n0wQ27XWI22D6E1OQaWxDljWv6uUvDmyYJRvvPdDCipF
2020-09-16T01:46:28.768495152Z,2020-09-16T01:46:29.353476760Z,24 qxM4llLanykAwAUfvadyj2X9E67wmk5zqvYDVSAZ1kDaRGibzyHweSvKjLtYi
2020-09-16T01:46:28.810175399Z,2020-09-16T01:46:29.420632136Z,25 mfE18goxNXqW5bUEdvE1SZyXFFNZGT8DJeZVCijuj80290tKgDN8n3wXtDYuE
2020-09-16T01:46:28.850699347Z,2020-09-16T01:46:29.487654860Z,26 ZYWcCzXvFDJsm1yhOAJUmM2rTehPBVCa0hAFzPL7JezFl39X9MO7Oyd05z02g
2020-09-16T01:46:28.893022110Z,2020-09-16T01:46:29.554445061Z,27 e20oSyYwwURbhLxQwomGmcypo8lzh1biUT4N0iyvnFqY9NUc17m2RynRTbohp
2020-09-16T01:46:28.932779623Z,2020-09-16T01:46:29.619838773Z,28 kishGkXUwSIFg2dskYmbfUxt6v68B397ICdiTWpTPvKNG95RrspcKiSLkWQIU
2020-09-16T01:46:28.973882738Z,2020-09-16T01:46:29.688721024Z,29 BNwLcuOHLvlIusPCuJcSiEviqvOQHhSxZhvRwVW0ooZ5oNEwhxqnO6I5MUWPZ
2020-09-16T01:46:29.015027400Z,2020-09-16T01:46:29.761588333Z,30 8PUN3lDiOlLe1POXSAevrTd4gfssg5BivU9B3bw8LPLXTbhqP23lMRso5Xwv8
2020-09-16T01:46:29.056014642Z,2020-09-16T01:46:29.828086479Z,31 feF4c2tMr7nbiNbKZLj70YXUqjTsCoSjKz8EHeNTszHX3DYd6X1xtOXG5HmhB
2020-09-16T01:46:29.097475349Z,2020-09-16T01:46:29.895881731Z,32 JwPU6CqcYJz5fh0ij9okTaMyp8Vahl6bpuxr4tD3wY43eJxCCrZgzBe8cN6Nv
2020-09-16T01:46:29.139010615Z,2020-09-16T01:46:29.965621769Z,33 xZ68G9Gva2zOCWgHnXqMtOF2h91FoJDNZSwgvtTNL6B5B20eOyl2xH1sNUjkS
2020-09-16T01:46:29.179403468Z,2020-09-16T01:46:30.032613049Z,34 4BPfsQajXN7aNxy1tdUaA0LXzYWNQJAH7U7RAmzpmPDm95UrlXTnG9BpSekOC
2020-09-16T01:46:29.221452155Z,2020-09-16T01:46:30.099894839Z,35 Uoz159Qx61UcQwYd72VzR0qVIER1LNefzACKxAwixeqnoGkrVr6LArcpIlq7t
2020-09-16T01:46:29.262139407Z,2020-09-16T01:46:30.168703836Z,36 E5HzuJmBBrzyRDnmTHEDVbMFmXytoHKuTmyWRyc6szuJPJAMgVu9CzFreWpdz
2020-09-16T01:46:29.304032674Z,2020-09-16T01:46:30.236504072Z,37 hd9BgCH1QnPjOb48LYS7XW4T0EZiroU56R8KAlpQRV6v6P4BwHhzSl5rcXCu9
2020-09-16T01:46:29.344694503Z,2020-09-16T01:46:30.302147370Z,38 mnxRgm8MQ7pDjl1D8sbQ6CFQpusVgg7ObhZiTE4xbGTh3VKBAt7qHw3M48GAA
2020-09-16T01:46:29.385475271Z,2020-09-16T01:46:30.369631256Z,39 kFVRClEDWkVORVJbLsxW6hgui3EVcrcCSpWuD5DAcHNyjf324lF7RywurE8aR
2020-09-16T01:46:29.427128321Z,2020-09-16T01:46:30.436815303Z,40 V5An0MLSQNo7gqwccvOh5A7E3lfQqkbS9XIuCpkJk10H7FnCIyyiRxnajmdLX
2020-09-16T01:46:29.468140063Z,2020-09-16T01:46:30.502902566Z,41 DEihCJFbhesHX1OwSPaNZkgNSW9qSJNQX4l3ZiBxkXYUXtWqaG0u6EQNrx4kI
2020-09-16T01:46:29.509256789Z,2020-09-16T01:46:30.567887228Z,42 yPUBzIlmthFgVrSy3RyaYZ3WmfdWj4y0gZUXWTuzZphdfzJCvnK8Wk7E4vMVw
2020-09-16T01:46:29.551028669Z,2020-09-16T01:46:30.634561169Z,43 rBj933blaIWP8jJ1rdYiO3qf1SsiqTUAY2nRj0GlKmxwANpRABnLW7UU8UEP4
2020-09-16T01:46:29.592002594Z,2020-09-16T01:46:30.701709693Z,44 mwJwDPbp3OAOBLIcwVxJM7lims9ibW95qbauvmZaSxoBPvPCgpnjwOllVh4Qp
2020-09-16T01:46:29.633084905Z,2020-09-16T01:46:30.769926971Z,45 Vl4xPItVBXchWBDrRb5HHi77vWxEPFANQnr9oTK3QPMZH0qtFdUqm83v1Ralh
2020-09-16T01:46:29.673750798Z,2020-09-16T01:46:30.837261246Z,46 aj95WAbBaT9E7fxy7Z8nzdzUCFMSuGYa0mHE9CBsWWQ2oStqikwBC9N13gr68
2020-09-16T01:46:29.714679946Z,2020-09-16T01:46:30.904361196Z,47 mSoZfXlVrkCCHquD1gWg6BqPxnatxdI7TxvusdDIxeUrUhYPZUxTY4tgUasML
2020-09-16T01:46:29.756107147Z,2020-09-16T01:46:30.971849689Z,48 P4bMrFyvDDg2GD8Vwt0auOFmKgyiPQkB7WKjHLkWqJXe7snrvvZZWTFqj5eOR
2020-09-16T01:46:29.797463280Z,2020-09-16T01:46:31.039723042Z,49 J4145x3DZDFwu707NY93qlk6MDCmnL7pyvLEcYkGbg9m7qJPzwgyfmnvZubQp
2020-09-16T01:46:29.838705974Z,2020-09-16T01:46:31.106747145Z,50 TAxGQTs4ZXF0mWc8WBBnuFTCRrpo5vl0M6EfBPio6V3ncuWArOV1zJbGR2uHp
2020-09-16T01:46:29.879959735Z,2020-09-16T01:46:31.174098052Z,51 vhROsYyPDrotzTS3QpQeoa3qeTTQNIBRpnVvrLaW70qxxKl72KbTNZnUmYAG3
2020-09-16T01:46:29.920557919Z,2020-09-16T01:46:31.242888720Z,52 S2GCqg3t044D7cTzAulV52Evfu3KBtEkjYdO5DsIOZF9CVux3SERR8FoQL64I
2020-09-16T01:46:29.962261865Z,2020-09-16T01:46:31.312942039Z,53 ewLrD70Z6yR95GLcspsdyf3nCLkxZOQNeo6Py4Ej9KJxo7noJH9RovzRAfnvA
2020-09-16T01:46:30.002703847Z,2020-09-16T01:46:31.379096849Z,54 NPVy3AQXBVsJiHO1OtkATveuIKpuNVgk2cukrL1ZkxeHMf5AYelxD9BUQzle3
2020-09-16T01:46:30.044601069Z,2020-09-16T01:46:31.443802534Z,55 evIM8ccT7NNPb0WqtmTlliO9Un32PqXQVwqS7bcBll4xrNC6KLz7PhH9vtUd6
2020-09-16T01:46:30.085587276Z,2020-09-16T01:46:31.511384586Z,56 3B22pj3Qk3RgbFMg5LkwVdVIPrGCSfXME8XSHKEPgaIlY9nHaqoeXm6Y27Ht9
2020-09-16T01:46:30.127089681Z,2020-09-16T01:46:31.581310619Z,57 7rGSX3cdJOjYIHpqeS9o4YO6Ul3XIq7g7oHfa0HjMYUecfLip1pGqNvB4UnFD
2020-09-16T01:46:30.168640357Z,2020-09-16T01:46:31.645720502Z,58 7GKtXYVnmjUNntcJall5Na16PtqEftAaXG8D3ZreMDz6FyvKWcXeePF6CPWIo
2020-09-16T01:46:30.209848211Z,2020-09-16T01:46:31.714896828Z,59 hXUS85p7hBMe8Iw3DmLSkk46Jzmo7aIIINrSRAWMHGhpShVY4m0SsIsc6m9CY
2020-09-16T01:46:30.251179981Z,2020-09-16T01:46:31.783083228Z,60 4ZpWIzUGHNBdo8em4Qs0dcyKnFQu3Ws2xwwTcwas15YTlNqXPRWvhu1p6lhBd
2020-09-16T01:46:30.292611805Z,2020-09-16T01:46:31.848204204Z,61 kZ3dxezjixUb4SfNnrcmvRjKSo13A9DOYL6KwSd9vSRXThfPRmAmcrxaXaEvT
2020-09-16T01:46:30.334415649Z,2020-09-16T01:46:31.914731543Z,62 JsPy09iFUpDnof6b5fvHGR491u1nUNhcttGGIGsXDfmsAEjdIxknympvisg9f
2020-09-16T01:46:30.375740192Z,2020-09-16T01:46:31.983976178Z,63 i91iTkOB5gssRL4zhEE8EZsKDuNNUlRA4v4uTgTd1ebphVEI2znBoWiYajJCz
2020-09-16T01:46:30.416811984Z,2020-09-16T01:46:32.053381113Z,64 leRwReyhrXxqD7IhiePG5KYGOtL6XEP6Zbz90t2B4H9ksOSTys1LPyCrB9QMT
2020-09-16T01:46:30.458027141Z,2020-09-16T01:46:32.123054180Z,65 Bu5jk3q0G9VIBhxLLZYRtMfmFQFvaGTlSauQeDzDMarEt92ObpUB5e6vryyEp
2020-09-16T01:46:30.499574344Z,2020-09-16T01:46:32.190705552Z,66 IH7UOh7VNcCII5O0DNcnQ6LFflrpvRJNT9iVOuNycmTczM4efaez88lQRtKJD
2020-09-16T01:46:30.541455450Z,2020-09-16T01:46:32.261369851Z,67 y821Syo05CxXjGtxoIPeXC0rOetO8XRjzeL6K7h4kyioruQOAIWNmLLBBxV12
2020-09-16T01:46:30.582904682Z,2020-09-16T01:46:32.331030013Z,68 49VOyYROi5JxaO4LZLqZxi5j9ABfpzJq3noKhODrxu9WrwCwLpmn9IK75jR52
2020-09-16T01:46:30.624156398Z,2020-09-16T01:46:32.398871795Z,69 bx8oNxIlOiKnGXdapGxc7BdtGTg2ofz8Kq37vGzM8jgu5JaLjdQnmnP3ZPnFE
2020-09-16T01:46:30.664662671Z,2020-09-16T01:46:32.468854173Z,70 4z16qjUHf3eipvBGbvEdwEydtjvuIjSY4AWoQL2DIvBAuVxhbNjpbn7rp7Mzt
2020-09-16T01:46:30.707032144Z,2020-09-16T01:46:32.536801719Z,71 u63QGYdOBBSD1Kmg5YsGYyoHDSDKquTKmWLDFPZiDMdreF4Sp2tHx3j9I2Nzv
2020-09-16T01:46:30.747931461Z,2020-09-16T01:46:32.602602386Z,72 ILOYt8lJkP7PZvqrnpSMcp2HOtXrfx25aztV314s3gceSCInuH8BBrffj1MiU
2020-09-16T01:46:30.788590307Z,2020-09-16T01:46:32.672728746Z,73 Sk8yFgts9QBnv3bMEQ0GU0Q3XsSIUFnN3QGX7ShrRJCpxLmBLteLVvqgw1YVN
2020-09-16T01:46:30.830201994Z,2020-09-16T01:46:32.740405565Z,74 YCftSxT5jaKBZC3iIIHzMfEYiCPKTtyNlis4RBjiBPL1mY3ONZ6cCww9pJQo9
2020-09-16T01:46:30.870727678Z,2020-09-16T01:46:32.807483340Z,75 sma7xc2x7jzE0LbOVLaBgphvQF3fY0wdC0J5wewBvwPPtsDgvZUczTZq9TQly
2020-09-16T01:46:30.911945778Z,2020-09-16T01:46:32.882919614Z,76 E8N6X7uQl6bJ9KSONh9LPDIWWKFc2jA7wjc3KKJ6p4FrAvP5HjPQsYR2COLNn
2020-09-16T01:46:30.952614669Z,2020-09-16T01:46:32.952060516Z,77 8RmRpey7GoM6TxXmIStOEcxaBbHS6658paJQcVkRmzSCOJNSMmYxr2DvcBQHd
2020-09-16T01:46:30.994167021Z,2020-09-16T01:46:33.017358462Z,78 kVvl2ZolGrWgxywA62W1NzavzSvVDBWbNkxpjs6h1XHy9z76NW5tc9xPhdWPc
2020-09-16T01:46:31.034898255Z,2020-09-16T01:46:33.089788425Z,79 8NkvGOFcmwolWHCdwOySrEWgpPf0x491KMz0rFaEPto05pym01suJZ0oKL2kP
2020-09-16T01:46:31.076399619Z,2020-09-16T01:46:33.156621290Z,80 dfD0ZsYJvRuHnXRygUCEXsJ68IMKofWUhCJ9QC2vB1qsSJmjzFk8m9T55tPIR
2020-09-16T01:46:31.118038983Z,2020-09-16T01:46:33.223996526Z,81 Q5Awl1UJOTjVPGvVefHXDkZmrmECowKs17M3dZfPEXRElranTH5KFv9wuACKz
2020-09-16T01:46:31.159389472Z,2020-09-16T01:46:33.295845267Z,82 b0bVfn8vR6mAQj07JrBWHJ9J8rGeKS1TstO1QirsBYWkmIpgq3z1eLxtpJnNA
2020-09-16T01:46:31.200586830Z,2020-09-16T01:46:33.362259496Z,83 rt3gTm8PIUABUTHuosu7pvmIziYrcCYAzccziDfwAI7wS7XLoveYRnGqqntBI
2020-09-16T01:46:31.242781689Z,2020-09-16T01:46:33.428354364Z,84 ABaQLGHnPKIc1qvqF7c0Ca2qN62vGbtPoIXllj1icWmmWoEFDzetm0cpvbjQ4
2020-09-16T01:46:31.283793643Z,2020-09-16T01:46:33.499288292Z,85 Hk36dbRnwp5DkT4yocLid5bs7I5vFQ0i1l4DeaGWPaFiPEHg80iW2l6PbpVi2
2020-09-16T01:46:31.324607658Z,2020-09-16T01:46:33.569232509Z,86 nnzdWP4bOWJJMO885hfounqm5tA19KcK4eeexExv5Q52iijRn9CiZNdkgZOkY
2020-09-16T01:46:31.366061139Z,2020-09-16T01:46:33.637137649Z,87 JZt7TT2rGVvRdglRyzz5DeFZZIabFpfFQj0eu3uxSMPYnM8B6RQj62HKdlGCE
2020-09-16T01:46:31.406735810Z,2020-09-16T01:46:33.710245895Z,88 Nf0WHUhdsuRIwzBQ7Ga3gdZQ8AYuwGqKk9usSMzQbGcfkGz6davOPVlRFTvfl
2020-09-16T01:46:31.448490793Z,2020-09-16T01:46:33.777389812Z,89 AAtzKaz80RQtaojhqLL28OldlnbjHfWuBdjYsDt5EHFPr8bhGGForlZpN1ulZ
2020-09-16T01:46:31.490273562Z,2020-09-16T01:46:33.842114759Z,90 Zh4Nod6cjGcVwgDoPvKPowvOYGtkCGfFbROkz02OwMtePGkYtCT4zYLEEw3Fu
2020-09-16T01:46:31.531224883Z,2020-09-16T01:46:33.922556113Z,91 B6QFIPo8G1B1pfL38OMMDYYiDr67cGc9KuPlPn16eFyCRoxE4G7M85DIOWeTN
2020-09-16T01:46:31.571678627Z,2020-09-16T01:46:33.991681663Z,92 Fqyfhecn1y7S2dtBiiIHOyHD1ZJjwvmbgF3q1j3fHzqT8yqsBaNl0Z4sN1MQc
2020-09-16T01:46:31.612873203Z,2020-09-16T01:46:34.057974014Z,93 AXex9GaG7l4oZECZJjZ7EA8OBYqgr0KjFAGCwPUcVxaY4JEnrTZXlQZAbvEXJ
2020-09-16T01:46:31.654676392Z,2020-09-16T01:46:34.129158607Z,94 OWTPKYT5Pbj5lXCeUmqDR7cfKIHhXkLcEuBwlnBZsBPn50O54hEAiSYbpFeR2
2020-09-16T01:46:31.696301974Z,2020-09-16T01:46:34.197606108Z,95 BGJJYJTT67dO8bgWTP7c1lJXxSaoCxtg762BGICEnQCpdqwEZj9yoA8Jgzz7w
2020-09-16T01:46:31.737034899Z,2020-09-16T01:46:34.264478215Z,96 nFAOHlgzeKAkigOpNQrpoh7tfSXTHYbWNcAszvAhooIBUDhYwMJzGuRdKiMVh
2020-09-16T01:46:31.777714259Z,2020-09-16T01:46:34.335381139Z,97 BWq6zIdSHJv7LNbBNbXUTHvFBmgULVeLOnLDtjBzjDJ9rU3PytXqLlMDQ61vv
2020-09-16T01:46:31.819559067Z,2020-09-16T01:46:34.402279360Z,98 u9UahGtr8KwJQZo5zPTTHgYGBEhkrt8QtydKOEIddBbsNGsexydGlzZc7Jr1K
2020-09-16T01:46:31.861076593Z,2020-09-16T01:46:34.468087624Z,99 LqMQ4V1BDErPaijtCslVtvVUW2CmpfdPK7BBYWTDHbxp8Eo3vdYq08LeK792H
2020-09-16T01:46:31.902405031Z,2020-09-16T01:46:34.539903139Z,100 jlwAgaxokceoouecfXiNiQVuEwO5EQDopM8vgNwNc0NLO82L07KkdF9vSaTq
2020-09-16T01:46:31.944461547Z,2020-09-16T01:46:34.610287249Z,101 HuEHjGJshHZFEdlVcFilZcOcylya1fulhPHvB4ee3wKa1pZdjToYqr9zOioG
2020-09-16T01:46:31.986045467Z,2020-09-16T01:46:34.676530477Z,102 fSVizGQwR7C6M150d0rLUENT38WYOFJ17Kcv4l3NXwY26HARqHjoDOXh7O7m
2020-09-16T01:46:32.027538793Z,2020-09-16T01:46:34.746277284Z,103 1BkWUpZV12aAjQT98Te78p1JFhvctjtJqo424ZZG5pEA94gkPBoRzR7EFwiv
2020-09-16T01:46:32.069128981Z,2020-09-16T01:46:34.815890292Z,104 Em57JgKkf9cA5y6ATYA3jX7fKakoqCBBxNELNKbypkMqF2YGQ4SWJdf5XRbI
2020-09-16T01:46:32.110922642Z,2020-09-16T01:46:34.882380633Z,105 k9qBDNmvdezoYEbFuFL6DfZDq345TIl0l5oSGU1QqV7EYkBh6tTIO7bZN8kY
2020-09-16T01:46:32.152103866Z,2020-09-16T01:46:34.956169607Z,106 dWdp4zILpIvqPvotNVccP1v8vC1cdPtKbLQVqKfVgLioZirXs4ZuLZ0H29VI
2020-09-16T01:46:32.193567629Z,2020-09-16T01:46:35.024678679Z,107 qJMi8XNX4vF4OxpjYy33Wpli6SofUBHYQsa3rQPEjUjd374YaUOKKcmzk3hJ
2020-09-16T01:46:32.234978460Z,2020-09-16T01:46:35.089335948Z,108 ANMaepWZtmTOADJ1tu7sCpmvIabS6nqH1rcNASnQGmq3LTO4Nm5QpQZziz8w
2020-09-16T01:46:32.276229398Z,2020-09-16T01:46:35.163595320Z,109 W4TIHMKXItFi9LWNcrHFsToPmUNNktIfJyTcBqUr8kLDX47uisVcwA4PIBww
2020-09-16T01:46:32.318840140Z,2020-09-16T01:46:35.227303368Z,110 8eic1vfmCjXCQIlSwVXsS4naf3iT42PNuPvEQ9QKWajzaSpQwW25jladNcAX
2020-09-16T01:46:32.360207954Z,2020-09-16T01:46:35.298056652Z,111 32FmG4PzXZyWLVd6JVgSw1fEaQhuq0fXmXSRyukz6tLc1nmcb4IRSSH2ON10
2020-09-16T01:46:32.401709821Z,2020-09-16T01:46:35.369669567Z,112 tdQ1PKaKyKNNlieanfYj2cev3JQI4TQKNpcYfJ5LFhO8ADZ6HsAkaW0ynacQ
2020-09-16T01:46:32.443047055Z,2020-09-16T01:46:35.436088790Z,113 gkQDWWNn8Z3znDtzNraQgtUSN65fomzonUB2gnII9TNDylnlQeUmNUo5u2Br
2020-09-16T01:46:32.484398605Z,2020-09-16T01:46:35.501222536Z,114 xJTeNsHevEh9766tNUCwuNut9femykwVUMiwhi0YE7x8iQG13VwzYB5dNlG0
2020-09-16T01:46:32.525737004Z,2020-09-16T01:46:35.569734578Z,115 HoJn5My1anl7cHFl3ro5AbM567zUK2pkWHfbo6j9Mod9YM9MWHQnwr42iUMG
2020-09-16T01:46:32.567219007Z,2020-09-16T01:46:35.639047115Z,116 aN1kZpwLzQE3xqMiTZpJVMZ5d4gpbhjWEaKrXLN76nML7chDffnVWemhJTQ5
2020-09-16T01:46:32.608458867Z,2020-09-16T01:46:35.708300571Z,117 omy2ojuMDupsIQtNaeb4eTXF9yopiNT3adb55HVdJCV7pKBYHpSriAp6fK2K
2020-09-16T01:46:32.650005324Z,2020-09-16T01:46:35.776939223Z,118 dWXZSxe9cFO0fP9B6tshEk9EI4ApYaoM9L5usy1UFcJiyHT7dlgMDshM4cFU
2020-09-16T01:46:32.691154400Z,2020-09-16T01:46:35.843319229Z,119 tzOv31AoznkSVAKqocJAGWtHHhjSBMQSYQSxh6l7BPSZZDWn9ORjeGZsBhll
2020-09-16T01:46:32.732607375Z,2020-09-16T01:46:35.910049646Z,120 MpwVAiaEbF7mT2W0u9bY13KIoIMwmLhK4oex5pJ7YGnvQob4oTZue2NQakAa
2020-09-16T01:46:32.774325758Z,2020-09-16T01:46:35.973327333Z,121 1eRuU1u5P0jytAPWeCjCfCyljhEn8Htb1F2eyYKhkLtSFkJAbXuXZb7ERHql
2020-09-16T01:46:32.815073647Z,2020-09-16T01:46:36.042017144Z,122 oOGP8E5vcsAzFlKD1tRbvKRMN9XMjsxeQ5Hu41ZsyCSoQpYhGrbLJPsFUeKL
2020-09-16T01:46:32.855942948Z,2020-09-16T01:46:36.109258940Z,123 jMDUn8IHIQtQXlKkIaQs2YeAbqDJlnQQakuikTJvcmwQ3UB77KGGxyN62Xaj
2020-09-16T01:46:32.896423595Z,2020-09-16T01:46:36.176650145Z,124 rWfPNADyDK3HDcFI77wWyQ1F3ZG7hhR8jCayZoUWygRkXvrYMtO6M7gTlknH
2020-09-16T01:46:32.938261202Z,2020-09-16T01:46:36.244554363Z,125 ZZjxfxLrvwaJ1ZOs10DjuNDTTWYvc7l8PtVviQKogQSZswNilAK9oUCOipNj
2020-09-16T01:46:32.978580926Z,2020-09-16T01:46:36.311470362Z,126 yDglJLF8DEbyLtZdPSPFNmVAEZCpW3vR473CEYKHCaPZ33Zd8cEDq3p5VM9k
2020-09-16T01:46:33.020339494Z,2020-09-16T01:46:36.377240616Z,127 xGufuh5PyEUdllekHnhOr6laAHsBfRvZbOeX6RUn44pxpDWEQ6WdPR0MPJkF
2020-09-16T01:46:33.061488596Z,2020-09-16T01:46:36.443178059Z,128 sQ1GJPoTbd1zkAHAJbKJ1veLw2gSRTqxvLVn5Vaa4AspYot00y5P5f5OGX0I
2020-09-16T01:46:33.102506631Z,2020-09-16T01:46:36.511916941Z,129 hcsm6kqEQEP6PgOLRLUBieuTA896dcMvzvBeB28h4GueoUSog3DRSFJgM9uN
2020-09-16T01:46:33.144069383Z,2020-09-16T01:46:36.580119654Z,130 XYgI47n03rlxx0z31vQfxVmJvHS0b0ivC8vgsEk5aUQIPnAWvMPwp81mWAqk
2020-09-16T01:46:33.184615437Z,2020-09-16T01:46:36.647607075Z,131 FqtkNBt7uMXFKSAyAJ7tPch9L9zYSmPTqs85qHGgnga7vrShkZdfhdYwVIAw
2020-09-16T01:46:33.226027305Z,2020-09-16T01:46:36.719098580Z,132 bwNtpPZrohNmSFQFxmofLPvOYHUTVQ7VDivrCKcaY69hro5t5mh6B40Wc02J
2020-09-16T01:46:33.267167358Z,2020-09-16T01:46:36.786446742Z,133 NqtVfns1mhpVSoKOAvO5FXEEyDccBuU8anZywBjeUBqMXpydZUZFDgsWgFuG
2020-09-16T01:46:33.309112825Z,2020-09-16T01:46:36.854755806Z,134 f12mOvTg5NwBVP0RByWHA1KcIvmvqgevFtJxea5EP8EkYqY83ei4nagWvo2e
2020-09-16T01:46:33.350439509Z,2020-09-16T01:46:36.925122901Z,135 AOlpo58wcwpeqEm0EO8XqflHHSiraibt2O5AMWRzarG5nQIiuAX0QXMl3kCV
2020-09-16T01:46:33.391534003Z,2020-09-16T01:46:36.993736639Z,136 z47cxe16IaXi7XBH2upHwUtUtkLahHXORpmxFefb1muWfNaq8w3AcZNfuiYQ
2020-09-16T01:46:33.433152570Z,2020-09-16T01:46:37.064049359Z,137 jatTGXB1Kts5I6bKDRfGLzb5lw7ND27fAn37OenzOUa27ewK7OCxPQRt34Qf
2020-09-16T01:46:33.473833036Z,2020-09-16T01:46:37.130492718Z,138 QW5dQOCWXU8D1bRBuxk7cHOaFPgylErOR11uxrdujfWR2JhovEDU9hARsdql
2020-09-16T01:46:33.515138085Z,2020-09-16T01:46:37.197354456Z,139 USCrju3m9aXdYGL8mu0k5Vr8rhR7K3ueocItx1lVWEqVcW1APHvy88mDBami
2020-09-16T01:46:33.555814756Z,2020-09-16T01:46:37.263454828Z,140 T8GzFE7p86ESnRijlx2Gl3e2jQpoXHSAkM5WGoNaWNkA0QipbVIFtqZ7vwYy
2020-09-16T01:46:33.597553025Z,2020-09-16T01:46:37.329266882Z,141 pbKbBuGCEbAgURoE41mgYGSG05OaxLBGopZvEezH5fujq7GmzGjGXsYQPeaF
2020-09-16T01:46:33.639385147Z,2020-09-16T01:46:37.399013130Z,142 Gc8FZ7rg4ZxJdHlzliyQe72KhpKzdAtNE5WyUepwwNRmPK6xPnYB9Lknc61E
2020-09-16T01:46:33.679763547Z,2020-09-16T01:46:37.469300640Z,143 mETj7REuBMGiPB8rwC9SKj33Ih84ECmgJ6sWdiuBMvothipGYAiStHHRtLnX
2020-09-16T01:46:33.720958030Z,2020-09-16T01:46:37.536407006Z,144 Lk92z6muJI3DdKUPLjKro2453zEu1XYVxebO85jrMkutGfPVDS8PmWArQWxP
2020-09-16T01:46:33.762612364Z,2020-09-16T01:46:37.603654391Z,145 9y54J25KuNil3grQv74VBoqnO9BeUYajvzNli6tnx1N4oRaL6023xJnkVe2t
2020-09-16T01:46:33.804309046Z,2020-09-16T01:46:37.669188434Z,146 4CyalRln6ehZcfT36oKF5jFgW8zqjBpVGWeGt3HuGdvQIGz66GtBvIcFRZT2
2020-09-16T01:46:33.845899626Z,2020-09-16T01:46:37.737475725Z,147 VnMHGfhTIcRb5sQNAHNqMtkfdGk7OtdGkDvTNiUvJiOD1pwVWBInujYeXzPs
2020-09-16T01:46:33.887561033Z,2020-09-16T01:46:37.806257500Z,148 Mqg9ISQytX0by8Q8EaweCihDWCV62qaLEZZKDWSxbHm6HzAjeXLmcA9ABojJ
2020-09-16T01:46:33.929376132Z,2020-09-16T01:46:37.869894876Z,149 A6r8Cyf0B5eoF8jFBE5LTVNW33amngpYtHknvcXckKnXjHmLzLHuPDNL4B8B
2020-09-16T01:46:33.970461388Z,2020-09-16T01:46:37.944697865Z,150 uia0XCur33FKHxbEzpSWMp7RDmHsHm4SDN5zlGZWjFRB724AJ1aDYCty7Cqt
2020-09-16T01:46:34.011503300Z,2020-09-16T01:46:38.011639636Z,151 odIUhVRmgRXHabFGhbjA5SkmOFeVtKrJtdmRO20jFEGM11hp8I3SBzErDbS6
2020-09-16T01:46:34.053459852Z,2020-09-16T01:46:38.077509997Z,152 R4xRahCQ6Cfay9qnVppPOUgVcdvSEX7e3OBxb5neFWO9jm6fMfL1qVJ7MSQJ
2020-09-16T01:46:34.094918358Z,2020-09-16T01:46:38.142947083Z,153 LGTK5gMYHJ0fM7Lr5hWRMYXe7Ht1rikVBr5mNaZBmtviPCoI302TPC01RnFf
2020-09-16T01:46:34.136479517Z,2020-09-16T01:46:38.205750517Z,154 UjhH3YzndCVmHYW5jcbq3zc4d6BO9hqVCXpDHA6oaYCarCPat9JogisT0JkY
2020-09-16T01:46:34.177583024Z,2020-09-16T01:46:38.272953376Z,155 SGEBGR2j1DrEgolOinULlrLJO0cljsxfQbO9J2kbTDzdqUbzNElK9WXmmj9Y
2020-09-16T01:46:34.219103564Z,2020-09-16T01:46:38.341268019Z,156 mFYyZScXrANRpuxOalXkT9uuQW3jz5EZmfh3Woiy5mnrK1rGwSvYRJ1wJ6mJ
2020-09-16T01:46:34.259693242Z,2020-09-16T01:46:38.407898979Z,157 hr3DItEM5ZPzkYQPovz1vyFKMvkJJ5HBS5rx9L31YJRO3e3xMFNNLcmRe5o6
2020-09-16T01:46:34.301340148Z,2020-09-16T01:46:38.477562566Z,158 dp5w0ZrBTp33tCepusJwAgs0CI7B3WQav3n9EZJYJ2tr6UPGB9pJj8lOBILZ
2020-09-16T01:46:34.342338633Z,2020-09-16T01:46:38.544810890Z,159 7DTSbivnke9NPVSMXvWbU9S0KmaHChiVf0eSY2CyhjocS3jPUkLvpPlAkcAL
2020-09-16T01:46:34.383950793Z,2020-09-16T01:46:38.614947638Z,160 ilK9d5wWKT9NwqemcuiFgABwE3zTBgCqshuMJUcaFMx5jXEah9LjeOPUFdz4
2020-09-16T01:46:34.424919166Z,2020-09-16T01:46:38.684666791Z,161 gvkxVFoXHnRMowOqEhUdUPxj0WP8efNOrgQ1iWnvKlWupABUlRrUDihTuHRQ
2020-09-16T01:46:34.466312380Z,2020-09-16T01:46:38.750027048Z,162 GPYMc0aZKk5ie8eK4lXeGVNZoxbBdrcC83V39ZbP3vUYYV2fdp1DWdsVYKQ0
2020-09-16T01:46:34.506949626Z,2020-09-16T01:46:38.819170722Z,163 HC3cbKJDtYZwL1MqX3QcYBO77cGt3bvNxMqpxU9EMw9lJqdVHYKWdhsB0IYA
2020-09-16T01:46:34.547916044Z,2020-09-16T01:46:38.883385043Z,164 IAjTgl2FwtteuLskhs12sEXPPtKWychEvQWIlqJGZ35Lqo4w3UNStsv17flq
2020-09-16T01:46:34.589427956Z,2020-09-16T01:46:38.951459961Z,165 qFxY1PFuR44nKfFKdjY33scZnhkqneR8sSB6M9rhvo0Y6Lq5V2aAmBklucGj
2020-09-16T01:46:34.631114753Z,2020-09-16T01:46:39.018034223Z,166 QWXECbs6yDhVatrSd69IwXqwSoMt3uk9F0dg31DXSXJkRGl5pNDBefPVP7if
2020-09-16T01:46:34.672433514Z,2020-09-16T01:46:39.083365541Z,167 KjoK8wZXdf9wGnb6qEDWsMfGu9Pbn0dz6Y0tO8teYY9hKRITzEYYwVovycw4
2020-09-16T01:46:34.714093136Z,2020-09-16T01:46:39.151412067Z,168 f4EKvnDoFf4AAru7GPLydiOGVcOgOnUSrfmBzylrCX798lbNAM2ghf7szh0M
2020-09-16T01:46:34.754863147Z,2020-09-16T01:46:39.218326210Z,169 RnKfzvUSEEUbS5lUn6k15bIdVUHtDgqCPYmmON9eruLslonUg2h5y8G0DaPX
2020-09-16T01:46:34.796216340Z,2020-09-16T01:46:39.285829264Z,170 qhqUarx5s03pO8185qFbYDJB3KX204Nt24NMuisNnveriYMToX95Wq7St3tG
2020-09-16T01:46:34.836671069Z,2020-09-16T01:46:39.353915115Z,171 KTo4As9OnewRoSP9zZ9DKtDF5hU0cIJJr3wiG4DSjFhGHDq4oyOSp0ey36f0
2020-09-16T01:46:34.877910070Z,2020-09-16T01:46:39.424349355Z,172 y1RGauiTj3afLmKYGWu11WozLhqDWqsb42V5bRUEXRFFPgkuvds4JcqPCLXo
2020-09-16T01:46:34.918616692Z,2020-09-16T01:46:39.491508435Z,173 p4j4LapAdMCUJvDzacpIwCLzTDUfasEIVNbmNtoOytpXJWnU7BpOIrmUFEMp
2020-09-16T01:46:34.960293565Z,2020-09-16T01:46:39.560318546Z,174 838NzQcHuFTyxOvpPUifTMgvn71K0taeIrpgHHdZ715o94XBkAAZkZxyZlsu
2020-09-16T01:46:35.001067029Z,2020-09-16T01:46:39.628035229Z,175 hwV6aIe8cK37nMWnVmXElOSZQQSR0g9KT0CVemsFewkajyX75fKqWjW59gOo
2020-09-16T01:46:35.041472342Z,2020-09-16T01:46:39.694927710Z,176 7hcrgVdVlcNC07dvrNeuczQ7h8Hh1GcAeIi52j2FA927iZwF4St3aPbX0fpI
2020-09-16T01:46:35.083157007Z,2020-09-16T01:46:39.766106085Z,177 8aGL9oXba2nNxtwhxx2NObAaLcbqBNoJU2cJdu5GdtB9xFEusYy110THJ9Sr
2020-09-16T01:46:35.124455302Z,2020-09-16T01:46:39.835088935Z,178 CT9TSMTaedQLlXiINugiLrlLsBG6ZmY5XRF7NxypQUZfQWc0XkmtEvvCeMK5
2020-09-16T01:46:35.166266062Z,2020-09-16T01:46:39.904031205Z,179 YAVw2UFoD3QhArSPacKtHydydp3jIKei4tbQLipBa3DT0C7M98sUIhcRj7lU
2020-09-16T01:46:35.206991728Z,2020-09-16T01:46:39.975028345Z,180 TnL5nZBF68qQKaodsCytg6zSoKPXjD5WqpA9kcEkunJ4rfcXC8ldhYGdoTYs
2020-09-16T01:46:35.248179104Z,2020-09-16T01:46:40.042189504Z,181 OIapgvfMXk7wGmc7VbyAqQi3EavAiBpPmUiUksy8PqrQ1F3VQ7aQa59Gj39K
2020-09-16T01:46:35.288797438Z,2020-09-16T01:46:40.110087515Z,182 vhOg4n7jSdv1zULGi9RPmbWSxzbdptwFCoxQsP6FREfTdg3Mimvlcx8iTpym
2020-09-16T01:46:35.330243728Z,2020-09-16T01:46:40.176563342Z,183 bmSHajFrt91qlHKUDgA54VbjkcwvgfTntCzRt5tP4iLzzBINGKSbl7VZc1Bt
2020-09-16T01:46:35.371744105Z,2020-09-16T01:46:40.239615176Z,184 6k6Rg3ojGDznxR2qGx8B2O8SgRuvWV0eP0lrCiZnE9Um48SrvfX7UDoVmNRc
2020-09-16T01:46:35.413586260Z,2020-09-16T01:46:40.306907763Z,185 jnSobaA65FiXq4UOGlFB62vfG0OYeHhUeVOeLcfNwOp6Cs91F2HWO06IStYv
2020-09-16T01:46:35.454938381Z,2020-09-16T01:46:40.371805387Z,186 jmIdMaicUQ1K48p61R4wR82abN60OqY8sUVrDP28D2MQGvIwVn5bwRclPMzc
2020-09-16T01:46:35.495899090Z,2020-09-16T01:46:40.437774705Z,187 8e7Q3aBan5FGxDk7gT0rsA4hUljHMb9PE8Mf6bEcU4qkAsALnvS6HV1OrJQn
2020-09-16T01:46:35.536749818Z,2020-09-16T01:46:40.503407039Z,188 INnpbVf8MS75DNgGenmirmkg0oUG98PBcZ87y5RmHlYCdO2TbE1AqFTLCJXa
2020-09-16T01:46:35.578215146Z,2020-09-16T01:46:40.570030436Z,189 ZZBjeLJffzkDkhtqBphcdKrJRJ6zuBbTPGVBcjhnZwU30leWbB7DziY328rr
2020-09-16T01:46:35.619577112Z,2020-09-16T01:46:40.639167333Z,190 dIr6rRjV7jNrBPIHrUp1z4gDEl1FijCsxhPuiIKHGJ6whQCvPp66l1b4OqnM
2020-09-16T01:46:35.661314006Z,2020-09-16T01:46:40.707844611Z,191 dkF258v0VPCOsF8lxzfydEarNSQPbRIXeRWTiXtlnjB54pTbnl9VrkTfsAKW
2020-09-16T01:46:35.703026963Z,2020-09-16T01:46:40.775835642Z,192 Anlt6alc6DO4h68kCkCwNyZWEdP79BQ1TQdWrN1suvraEQ53FzKuDdRPB3II
2020-09-16T01:46:35.743828139Z,2020-09-16T01:46:40.844066832Z,193 pMWRjJ4Scnnb0qgmIarMAn8HlzyQo0tY43eQfbcjDvMZgLYnwLjOIb084MeC
2020-09-16T01:46:35.784962827Z,2020-09-16T01:46:40.913332293Z,194 s64honlNpkQrXDyide4Uvmhhrbu6ayQbR7TxfzrWfvhODrdU12VUvqWdRe2K
2020-09-16T01:46:35.826343074Z,2020-09-16T01:46:40.980897570Z,195 hW73smPAbitt22ave3lzliXjt1tUADSROb3KMaxhquPBOR73klMG4YhwcXKe
2020-09-16T01:46:35.868536200Z,2020-09-16T01:46:41.049973973Z,196 ON4gYhz2EyuBYD68fWcqHXenM71C2joZpXlOg27sT7SWjD3CGRXr0NgkDkt9
2020-09-16T01:46:35.910908725Z,2020-09-16T01:46:41.115554957Z,197 qX2CPPXfhrDIwQJU22oSIfHfhuBHiELFvdpTzSAVBJVILTZPWJc4edwayUk9
2020-09-16T01:46:35.951865988Z,2020-09-16T01:46:41.179999544Z,198 GWjBfNwEcGsBoZxrS2dhYHHtqgOk6AeB84P6x3uUSq8u3CEp6wicZV87TCrc
2020-09-16T01:46:35.992948139Z,2020-09-16T01:46:41.245112428Z,199 YrnG9m9h4josV1PGdcIFSbo4wcDYO9q7TB710oc2ZUg9lwvqyhWYBZTqTEBY
2020-09-16T01:46:36.034308853Z,2020-09-16T01:46:41.310391417Z,200 GXctWIqlEsmFfufKeHMYB1ArSpNIUM4AgIR6VtRK34vrVDAqh2oINYDQZQKX
2020-09-16T01:46:36.076011487Z,2020-09-16T01:46:41.377409873Z,201 mzjUOstYtyKgNmdWoQcgN51v8XtwegDQKEkDaeZn5Z5Xqhv4F9HdIBU6j1sY
2020-09-16T01:46:36.116574243Z,2020-09-16T01:46:41.443872692Z,202 GVx3hk7ARlBC5qaH7mpogJnxRySlkH7tCIbsUjcJnrvXqFlZJoRhp6WmygHU
2020-09-16T01:46:36.157928935Z,2020-09-16T01:46:41.511439083Z,203 66bnX9uQ4NSa6nACP2kdNb4LPziqqTddGQdXlqsrpkCfraKdFMn2f8QQ3RUG
2020-09-16T01:46:36.199083660Z,2020-09-16T01:46:41.580845440Z,204 3o9ytfu5yC4vIkhqINAmPLvHtfVFmf1agKnk1lX5dt2HYNaMCPMRfnhyLzvk
2020-09-16T01:46:36.240366595Z,2020-09-16T01:46:41.647123196Z,205 Jv40H5gWiakOVGp97EOe7gZDcjVE1ohSf7ixowFE2azFN1yCY3SdgPkMpHmC
2020-09-16T01:46:36.282307474Z,2020-09-16T01:46:41.716304548Z,206 hIMvIW3uwfeRxDEitNpx21yKwgsStrEDeExnFhNnZq101GqAUJQJLImidLxs
2020-09-16T01:46:36.323058748Z,2020-09-16T01:46:41.784729494Z,207 lSlEbbqxEqFUbD0GZSCT9vCALgz3NtmgSZmszNJlU4pkvwjaiUf5jX4qtZdy
2020-09-16T01:46:36.363789926Z,2020-09-16T01:46:41.851362516Z,208 rDqpN3ZNkIT8wJ6stDFzONI2lV8JZPrQnHq4sV8etuVysci8UcxwkpRPbVLy
2020-09-16T01:46:36.405381144Z,2020-09-16T01:46:41.919760336Z,209 uUCjeTJnJJwrFHmcdgzzSL9MiXlFZL1Kd2dwwe9uKodzK2KQzboz4YzAhnOi
2020-09-16T01:46:36.446775852Z,2020-09-16T01:46:41.989359309Z,210 yziejwqYJ3SNeuE36N1oRtlPYUd5vRJI0DFNVRs6uxyIzVpYHBo9McwSThOn
2020-09-16T01:46:36.489035137Z,2020-09-16T01:46:42.057988248Z,211 v3xMR5FIlfId3thSKT8PmEb4kQGX57wdTxeOHoHbr42uMn8UTS3njnZwDYT0
2020-09-16T01:46:36.529943364Z,2020-09-16T01:46:42.125113665Z,212 XCSVD36nvwKDGIgh3BAognleXf4U1aKVMU6CWZ4ttRgRuZiPApMEij8cRku7
2020-09-16T01:46:36.571324346Z,2020-09-16T01:46:42.192664280Z,213 ahsIJidg5ioteE12olqQyeQlQGvPsJZokqYfqefwLd5sf76mz3saXdocDkFO
2020-09-16T01:46:36.612567391Z,2020-09-16T01:46:42.259852247Z,214 ggkkEQWWazHL1g4zme3kq8pB9E0JPRfvSQQbPJCovCeSaIF6NDSift4i8jrc
2020-09-16T01:46:36.654506328Z,2020-09-16T01:46:42.326326415Z,215 eoKkvhk4MHQY5b711d5kZU1jSIN6IqozDpmdKM7AGxBn9gLYaZmHhEED35Ne
2020-09-16T01:46:36.695777557Z,2020-09-16T01:46:42.393118738Z,216 HAhJLbeWJZEiuZ7MXiSXMlRuI2I0u3UCHWpfWdafE6xgjySyQNiejZ4aSNtx
2020-09-16T01:46:36.736815667Z,2020-09-16T01:46:42.461746394Z,217 R43akul3LN0vJHmCGygyaLGHrZ0H9ihRtfS54dK5YeW5hf5rPyoL1X8stgtd
2020-09-16T01:46:36.778422897Z,2020-09-16T01:46:42.532336796Z,218 c1wC91I3VdVuEsKgi1yEJqQFLbrNHFgZxuAM8NjFpqEk5VMG9smsnrnwgpVg
2020-09-16T01:46:36.819074875Z,2020-09-16T01:46:42.597199860Z,219 moarBnvNX3XH0rcEOHbHcsEiPihH83ywAHC3eUDII3UULiPIv9LnQFcrhQtI
2020-09-16T01:46:36.860578613Z,2020-09-16T01:46:42.709875381Z,220 bdkTu5Tu4Ngy8QQ2kuHyMJUy4tDBhSd9pQmtpcJ2H7ldDoJN3iYC7WZAwcth
2020-09-16T01:46:36.902168353Z,2020-09-16T01:46:42.778775513Z,221 iqJS6L21pqmu8dHWv64X4npJ6zltNTb2AIUSmuDX6kGG8eEsWAA7kKnEMmcU
2020-09-16T01:46:36.944378302Z,2020-09-16T01:46:42.848241201Z,222 mGA3CbRDlZcZNfr34TVEzYoM2ebHRCDPmwfwF57DTqsH0hzeNXw0e0Z4JCJ7
2020-09-16T01:46:36.985868800Z,2020-09-16T01:46:42.915768445Z,223 5RJGvn13pb48aM4aoZT9tzXmQRZWUFgripHGfa5AqKCsfNagrjpoO7Pq25j1
2020-09-16T01:46:37.026597977Z,2020-09-16T01:46:42.981689287Z,224 zwH9g179iW5iFP2L1o7to8gHLaiyJc5JyscfKzHPWKMltuI68yGRnCCVhcvD
2020-09-16T01:46:37.068354689Z,2020-09-16T01:46:43.050563753Z,225 qPbtdyq2fC9EKZ7UIYlehghKsX6EouvN7YA2KsWPUFbvGT0RKI0UkdDm4VdI
2020-09-16T01:46:37.110363716Z,2020-09-16T01:46:43.120559416Z,226 rZ991Aym6Clf2W4SAvF9L79ga02VjZHGdhZ1R3UaQUWFl5MXeeAZeqtRggzQ
2020-09-16T01:46:37.151490640Z,2020-09-16T01:46:43.187311629Z,227 Ql9L5DIJlWFkwuK4reVJ6tZus2Mg0LO9YE2TkzBoMul2RYZy2brPjpvYyA97
2020-09-16T01:46:37.192969811Z,2020-09-16T01:46:43.252720241Z,228 XfNtUxveNjDTgRhvMQnXYeC1UTP1PbSzSG6wsK7xKUagXOMy2aiSCaewvawC
2020-09-16T01:46:37.233825353Z,2020-09-16T01:46:43.320988465Z,229 DE1PhjNhzFIuRayk7PZ3iJvor5CAx5WWgTJNFp5T8DApwMaQiK5EG4sWnXiR
2020-09-16T01:46:37.275359503Z,2020-09-16T01:46:43.389064503Z,230 3aMRnjqbXeJyAgSpEOPZF3tx1iB1haLeA8J6OWRMlrfzerOs2pwvSaPWw9c0
2020-09-16T01:46:37.316728645Z,2020-09-16T01:46:43.458123321Z,231 99Im7ScE6lWN30aJCseclYz36cFOTMZB1gwVS8sd3I5jXEqmf5pKZf0c3zGj
2020-09-16T01:46:37.358508973Z,2020-09-16T01:46:43.524383004Z,232 Iv9ilJlbPShheJneB0YhYTl3ZnMpuEFzjPuOn4z4DBGnBiN4S7dTcf5tnyRD
2020-09-16T01:46:37.400669869Z,2020-09-16T01:46:43.589436817Z,233 ItydM5yleOMKQHKMmr8F39pMpOjgDRBDtRnxrNJDRJXWWzVgIgwsHZ8GjdvV
2020-09-16T01:46:37.442287764Z,2020-09-16T01:46:43.658733361Z,234 45e2ub2oqdeaXtgymYeUwyBnmP18RnSmEXD2EHqhj6AyNV1aWABYVytVTBaw
2020-09-16T01:46:37.482653007Z,2020-09-16T01:46:43.726311762Z,235 aO9xeEBNXZ8VB1HoKf45fZ3xPC47ofQvgkRyZ1nl2Zt9gzIMNkStfAvXaDuz
2020-09-16T01:46:37.523920822Z,2020-09-16T01:46:43.792412122Z,236 7317IsBfTEFtK3p0o9Pp1gW5oIdFTv4UnAWiT9cGfZmlcmByTAB1cp7ox0yr
2020-09-16T01:46:37.565335912Z,2020-09-16T01:46:43.863023978Z,237 d40Kz11DtTKM5nBmy939DBo3rvL6n0lqRU72r9zErSIf6XT9Ba8jEnYCnuN5
2020-09-16T01:46:37.605698588Z,2020-09-16T01:46:43.933917384Z,238 tYCerpYJJP0ICgSV1jlADmW5J60EYfe6LRVkDy1BO6JBlFcuoV69ByUsEcTW
2020-09-16T01:46:37.647559511Z,2020-09-16T01:46:43.999056270Z,239 0nCW4Xl7MwiXcr7ivIx3T6UiRFPfuhEORPOqv82npJj7KGUN7mCmBboq84GC
2020-09-16T01:46:37.689047594Z,2020-09-16T01:46:44.068545370Z,240 8bdrEhXoh8KxWSiMf1pxtvB0nJZi5CtWEYtuYexif36x4svNihEVdC55KWPB
2020-09-16T01:46:37.730484490Z,2020-09-16T01:46:44.135618311Z,241 gD9e5ydFO3py06mp1eTuZmGmwrsJaYOBNeyrFozWhpR5iEPfUgh3fRe6epDJ
2020-09-16T01:46:37.772352310Z,2020-09-16T01:46:44.202704274Z,242 INAWDmKixyjbYX1z2tMCxx6vbVuwrPzpZiqKJSl882U4CO03gDiEBpRZU4uu
2020-09-16T01:46:37.812929277Z,2020-09-16T01:46:44.272382740Z,243 wvUWAda3IDpiavWMZAMjgpdl9HdvBpS2ty7YcipLYPZJf7TuQemTFDT5jiP7
2020-09-16T01:46:37.854497740Z,2020-09-16T01:46:44.392508021Z,244 nbb6cibdyrvsCAi47am0ndyuj1UvY88J35i0UdH1Poj9Oo2O37zTxEMO9ohh
2020-09-16T01:46:37.896230324Z,2020-09-16T01:46:44.457057529Z,245 XdVAUMmQS8r0UMyYFoefGQzmLe1nLRhi3f270HuTSPu2Y5Cjl4nqfSXP4VlO
2020-09-16T01:46:37.937774414Z,2020-09-16T01:46:44.524985365Z,246 SugZCJJjHZm5pYYR3e0I79EoTer5rEzW1BwODeGWC4dG5ubSysUviNXuHg7b
2020-09-16T01:46:37.979440176Z,2020-09-16T01:46:44.592035574Z,247 MOEHlxpwjJqYxhJMbPcAr4sPK3i0AJhVNfssBPpG7aJPO8Whv5e8eJztKnwv
2020-09-16T01:46:38.021306389Z,2020-09-16T01:46:44.659809912Z,248 Yp8pv4gBNKDwgfgWFJpIlyikXgZJdKJUwuT9bZvWlEMx9jJE4q2CSTpg3ms5
2020-09-16T01:46:38.062695623Z,2020-09-16T01:46:44.728889466Z,249 liD3cLRwrH2l84UAfxsfk8oJ5ophbscEsaTJO9n1ZFC2mwSt8iyAjVx4cEqF
2020-09-16T01:46:38.103620426Z,2020-09-16T01:46:44.794124251Z,250 mH0ldD95HCBlSmMEO2IFNFLtnspmrqtU2FET3RiGMLdeq0d1ZBmNp4zvdWtB
2020-09-16T01:46:38.144492982Z,2020-09-16T01:46:44.861290420Z,251 6OtHb7K4fL40I97CrnsM53HUwiQ8oBIw3UzRN0o3btSLacwELzMYr6gioSOV
2020-09-16T01:46:38.185604119Z,2020-09-16T01:46:44.928382350Z,252 YoUtgYDoQXkjXHuATy74SHKIcFlnvmoQRtFpHis27rvOgJJe9N6G4bRHX6KV
2020-09-16T01:46:38.227162372Z,2020-09-16T01:46:44.995870960Z,253 CD7pz4WNDwOl3tg9eRD1MUmCQFx11mYOeyVA5zmVeGUDJiX08CUwRTqU1pqu
2020-09-16T01:46:38.268455482Z,2020-09-16T01:46:45.064648403Z,254 bPnumfa10BzSKyMC3d3Qj7vEd4uKdxt6QJG5n85mOFBYVsqwSu7JSJd6jgsZ
2020-09-16T01:46:38.310244600Z,2020-09-16T01:46:45.132260645Z,255 lRyTrtXZ4KJVPaUMvPVVBKgqhTApgt6b2fxNm7jwlSPnaJC5po7P67KYzFze
2020-09-16T01:46:38.351139208Z,2020-09-16T01:46:45.199909933Z,256 nxaCzlD2ZVEdMgmq5rZfSittvWRE2ru8qRD3lZlXBzydAq6U1WTjD0GLQnqG
2020-09-16T01:46:38.392129187Z,2020-09-16T01:46:45.268253052Z,257 LVvg5PmrAigak8a1OYzUjZckA6Rjh6R7tZtwPv3k6NV9SiagQibTIe6DkHCD
2020-09-16T01:46:38.432532389Z,2020-09-16T01:46:45.336967480Z,258 94hIszBi5quJQpoxoQ8grdq5qL8kBvOD9dUQOpPYFH5ra1cmcgd81XVlJJJu
2020-09-16T01:46:38.474016861Z,2020-09-16T01:46:45.402981899Z,259 1jCI4VDl9X13vdYMP3AXhTmsmyyKLnJU089M07BV0TXWcL9B8mRLg83KXM6c
2020-09-16T01:46:38.514847055Z,2020-09-16T01:46:45.470518456Z,260 fIs2LT3cShQOIHvdETv1ULpro74omughg2WDRttxJUPhCwLJ8CUc1tQ9pVOV
2020-09-16T01:46:38.557115314Z,2020-09-16T01:46:45.537443688Z,261 ZgM8ARxUDVgS3kR3qks6YTHqCUOMzheZZTSMDFyZFhQFEHLe6kERk4uGWKyy
2020-09-16T01:46:38.598322821Z,2020-09-16T01:46:45.601772771Z,262 GnbQmQMk7vl8EFUwr0EfZwdMIoNB05GrrTCQFJMu7TCETiDWSVMfIJ4mYri8
2020-09-16T01:46:38.638933447Z,2020-09-16T01:46:45.670619007Z,263 eiGnOjVp1mEVmjN5DnosYHZ69dCIXDduCfRIhkoL3fOKpzrGjA2SK8XtRdQ1
2020-09-16T01:46:38.680215184Z,2020-09-16T01:46:45.742087761Z,264 pRlz3ISeBfemL1DkltlzHkCNvVoDuFIgr0DP0Bz1BWd3DMK3VP2cx3rFmyCF
2020-09-16T01:46:38.721284880Z,2020-09-16T01:46:45.809886189Z,265 1NwfVA2muIjPAnGW7tBpcO86ao2ofAJogQqobR1gwFNIlYNnhHimG2r2Ln2a
2020-09-16T01:46:38.761915834Z,2020-09-16T01:46:45.877871375Z,266 CFhcjoCgKTY1XscDsiadN2xzrZOqZTTwImk9TjNKJJ9UXKhG50cg4fKRrpBj
2020-09-16T01:46:38.802837539Z,2020-09-16T01:46:45.942609908Z,267 lmjHEvy4JsuCQ76ZwXFzrKSfSaiWwNkg8cNz16A688EN7tQyCvd5vdcpbcp7
2020-09-16T01:46:38.844467673Z,2020-09-16T01:46:46.012333624Z,268 KK3BEGaoEwk5wnuoWlGNznBKQbCPdPIxMYv8sMrdNMZgHGkGxAUkMQdsTuCe
2020-09-16T01:46:38.886245658Z,2020-09-16T01:46:46.077390567Z,269 wtPkKDNyJ2CpUXFxrkv9XNlkkHAxPQUnuqAZJGFS7JHXO09gEGNovNxwRvtb
2020-09-16T01:46:38.926720145Z,2020-09-16T01:46:46.143408400Z,270 dfFdv84RTUn3Lwcpzs4nQ3zq2QGKY4xWn76pD9wdlflMp0llXN9snDgf0gpt
2020-09-16T01:46:38.968265890Z,2020-09-16T01:46:46.207263647Z,271 GZ3LkkjgrFCp4HlSrLhXeEloylBQYXJqVCYCrRafTY9gcPKmI6SqGHYsFH1p
2020-09-16T01:46:39.009481278Z,2020-09-16T01:46:46.271677055Z,272 fJhjVpBJGG1S25Hhy97oLInxQ9XCGEPws0ZhcAYurkKhx7qKFhhsAkS9xYQS
2020-09-16T01:46:39.051548332Z,2020-09-16T01:46:46.338429352Z,273 nUFZdPgHVreUqfdIxPkKKKekWUnHV3gWTsCNAQjZbs4R6olatIEn6qBoZF86
2020-09-16T01:46:39.093268780Z,2020-09-16T01:46:46.403952045Z,274 M0AFt0k8NQ9JezvOAUI5wDrN56FqYjhLoNhn42x3ugOgDG2SeJiliyKl1Dpg
2020-09-16T01:46:39.133990799Z,2020-09-16T01:46:46.468294390Z,275 ibEHdCkRe3appp6sY0IbYCvEtzvxI4jUchPSjLdNzrzPQUkouvWHFZK8SatZ
2020-09-16T01:46:39.175417522Z,2020-09-16T01:46:46.535218398Z,276 DdDQNwkO1sCtLTyTeSPWRAQuGEtoCbUHb5exTXMa9fRbm60dIZp8wMamKvit
2020-09-16T01:46:39.216721957Z,2020-09-16T01:46:46.602048566Z,277 fFMv3P4nTDuwt7TPdS4mc4Nfcu0GwEkJAQNz6luvLUfD01AgeXt5vQFaUf2T
2020-09-16T01:46:39.258511322Z,2020-09-16T01:46:46.669540915Z,278 1uOvis4UoRPOTBkWGuDOaanULi8U70E1mKtsc3k2KzJaf92IaP1bh5Kkv83x
2020-09-16T01:46:39.300322756Z,2020-09-16T01:46:46.736659216Z,279 nD7AgqxJw3C8RnplwtptRiYqNdzElbogEb7JX5I8O5M3IP2ygwEErcGjYY5U
2020-09-16T01:46:39.341749441Z,2020-09-16T01:46:46.806998224Z,280 UnO3FvGO1w82VUwRF4q5DYHl4jlSgQKjNlRkB7Y86Nuj2c85DVkGw1tNudFj
2020-09-16T01:46:39.383168903Z,2020-09-16T01:46:46.877875931Z,281 moAuwk5yuEK9NX3AB7bgtNiWHdKbqPkVrzvGOSxUZRltfuuAYbomf1EuQVEb
2020-09-16T01:46:39.424704029Z,2020-09-16T01:46:46.944156432Z,282 JaCg76c9mlez5C1Vlij273psTewcgb6ueFfYS8GpJsKqByJziTd3JGO8HGTJ
2020-09-16T01:46:39.466340742Z,2020-09-16T01:46:47.012206683Z,283 sYk0WC1I8wlvI1phBWt3Gdo5lVGJuAES4AqVHpYne9WxrNL7bFzNrfy8kgLd
2020-09-16T01:46:39.507795693Z,2020-09-16T01:46:47.079236325Z,284 QKz4FbIz0esuMCswDrtUkwXcPqwYTvOcz0yy0z5nXaVKLaz2OVh16axPZubs
2020-09-16T01:46:39.549273200Z,2020-09-16T01:46:47.146543245Z,285 4dimBHcVR4UencyALssTxCTEA8Ys1dSimf79OdobJjesLJ5Xvsor0hDpYlIo
2020-09-16T01:46:39.590183685Z,2020-09-16T01:46:47.213835397Z,286 Vs48bXVxGdhfSwJYj0TjCxjRXT2F8CHR9cp7Wjc2LvuDsLsMe1uLqgQdHh2R
2020-09-16T01:46:39.630594005Z,2020-09-16T01:46:47.280797049Z,287 XFRvz31gvYQSkicse9NlmdUPazeGiaEButFFddvHdsra27Z4g7ROhpv3is0P
2020-09-16T01:46:39.672146292Z,2020-09-16T01:46:47.351664409Z,288 DKqVQYmtkQHZfcevcCRyvLk4IQln6dfw30MeEMizNObj1MXLnAOHoSYnYXRm
2020-09-16T01:46:39.712561800Z,2020-09-16T01:46:47.419819720Z,289 ER6yfTWWXYDFCMFGrVbGlZnmWKn6CFi29LgqRtOpkMfBHbzLZujMRmT6sQ34
2020-09-16T01:46:39.754511966Z,2020-09-16T01:46:47.488016479Z,290 dg1AmrJUbyn9xYM1OYxegdZmG5iZfZHhwl8vMsqneFcQHNh5a3s7toKiL8AV
2020-09-16T01:46:39.796221938Z,2020-09-16T01:46:47.553256825Z,291 F7Z035WuZaHraG0mGofZQ0bIi37TVbbM9G8njBKqt4ALiSBZX2JqvztXbc4O
2020-09-16T01:46:39.837496686Z,2020-09-16T01:46:47.619597164Z,292 DyrgcNebkOJyYDlrpccN6MYEATCnjEz2RGFRubpQ04L1jxomo3EasC0ZrbWU
2020-09-16T01:46:39.878891044Z,2020-09-16T01:46:47.684691322Z,293 CrOj7cwEQZg2gou0Z3Z2BBHtSxbbdcP860Y2ccSNINv5s2qroTHuL1y6iee3
2020-09-16T01:46:39.919545369Z,2020-09-16T01:46:47.748277845Z,294 Addbjdi1oKty1RKJCVXEnWFyV9OkpoS9xIKxm5qti07DdODrS9IUtzVRkT5v
2020-09-16T01:46:39.960829731Z,2020-09-16T01:46:47.819153634Z,295 TfuY7SdspddRLLTg9QQxAGjMmyHRNrZCQlArSLeTQIVPGCrMo5ij9qcd8RW2
2020-09-16T01:46:40.001554402Z,2020-09-16T01:46:47.892393078Z,296 MKG8bjOW52bIsKedTuNrjybT1yD23dsvE0CIvUYQMR4BJgMVRqYd0Q27ybWL
2020-09-16T01:46:40.044128952Z,2020-09-16T01:46:47.956421951Z,297 771HjQ6Xw46r0JFhGmHTopBREdKgCESCzbIEidJrlD7ZS3f02wcupVFEpwIk
2020-09-16T01:46:40.084854251Z,2020-09-16T01:46:48.020357083Z,298 S8xPQZ95HLVZTSEMP5uU4DyMCiGl7mTvOegQ8pXfZvcqceSW5Nn6GYBUnJwn
2020-09-16T01:46:40.126395103Z,2020-09-16T01:46:48.086738199Z,299 mcT0kkAJ1vv5xvKBw8ZTRP2bLy7gtyACYdCpqff5UlDVwV2m3MjEd80gO8xT
2020-09-16T01:46:40.167916419Z,2020-09-16T01:46:48.155546456Z,300 xbQ9zl2f1N9qpdDxoBNLDKHq4mbVzzJVcmpYF1vLmcCHzT3bUWNBJoN5EKxn
2020-09-16T01:46:40.209559030Z,2020-09-16T01:46:48.224110648Z,301 gDKR6dPtwd2l9Vlnr099YjHMIZcvtlIc63T6Vcqc3dJQl2e08IDLgUdpdZxE
2020-09-16T01:46:40.251201177Z,2020-09-16T01:46:48.289448839Z,302 qb8Xj1I9FvyIJ2rNXIhiMLjR58NRJvosix9gUj82rXgqziJ6Qwv724VBD8tT
2020-09-16T01:46:40.292364851Z,2020-09-16T01:46:48.355537682Z,303 duYbo9UvkQjnfSuE7wot96Geekv0VlCHchOkqlMlRaw01CXLP2Dr8UwgDM7K
2020-09-16T01:46:40.333406505Z,2020-09-16T01:46:48.428450189Z,304 dWF7mpIEKjwjXCaCQFEMhHIN4J9u8QbCE2c3pyLoO0J9wrUW7rqxx3s6CU0h
2020-09-16T01:46:40.374595944Z,2020-09-16T01:46:48.494015691Z,305 bYQ9tJk1vgKmeDfUwZFzo4Cr9fhwD2fKbCED1ZBvI5izJcndWiYgpjjRQpjN
2020-09-16T01:46:40.416532592Z,2020-09-16T01:46:48.560612455Z,306 hyOqLCbtBbmhrMrGGje4L1tMV79pMf8J505T7GGIM6FurXU7AMwSlXRytW9w
2020-09-16T01:46:40.458317445Z,2020-09-16T01:46:48.627843351Z,307 ZjWRUi1u9OuSOxOm6uQO1V3vYGaQVbUr1rN2JbRgWwS4K0KYITVaRM6SeOjH
2020-09-16T01:46:40.499717710Z,2020-09-16T01:46:48.695522650Z,308 B85PYXDRHdVTdBXgSQcatxXVY8uEz7q5NBdKdY3ijmPsMhu1AubYCg4qif5R
2020-09-16T01:46:40.540684548Z,2020-09-16T01:46:48.765254521Z,309 aUcGU7qr90SdaqF7Xn8YlOQEUCz4B56bWBQTTZdLWDIbwnCg3ZmLDro5QuHh
2020-09-16T01:46:40.582068693Z,2020-09-16T01:46:48.830241398Z,310 0HEoTUDM1ChEXliQmeoCp1qP8nPRr3TXXpHxFBmR4FypEJeWvbCrCyLKgWGi
2020-09-16T01:46:40.623263167Z,2020-09-16T01:46:48.896317775Z,311 0mxqJyz4wYVxYOZ77aCZXVmKCCEPkfkGeeGYl9xzThtyTWpeOE7vsyDA6k6u
2020-09-16T01:46:40.664233896Z,2020-09-16T01:46:48.964652492Z,312 JuK15sx676Ucq6WSgyvpJfBN3Vy8V3ByH8cyhHvaHxYIHyVos2Y6RMuA9pob
2020-09-16T01:46:40.705197382Z,2020-09-16T01:46:49.031378046Z,313 Gc4rr4zDnr57VwJIMyICvsIW5eJYVmkUGJIJqwGgSeAspw9hor0i681S9Z44
2020-09-16T01:46:40.745926978Z,2020-09-16T01:46:49.098897100Z,314 vwC8LUUo47OStHGS8J5KHxK1KlIBPbX7hbJD8UdpHvHlbG9S97PG13dtQaeh
2020-09-16T01:46:40.786830010Z,2020-09-16T01:46:49.167143963Z,315 SoBnpgHlbXtexcqNnoV1M0rnWU2ktoXi4OF2HartXIyFwzhwJh3K53fmALpf
2020-09-16T01:46:40.828610539Z,2020-09-16T01:46:49.236714184Z,316 Q0zIgZb6ISUeVcgkVxafPXaG6FpEIwevsWfrsGsXwtJKmK8MjWu2BQDHuBBn
2020-09-16T01:46:40.870439736Z,2020-09-16T01:46:49.305544218Z,317 efYfzfLr8bg8Iwu3t5IALKefZ0mtREh0vmvQndQc976bj5vblz3xCIZhvbkn
2020-09-16T01:46:40.912483094Z,2020-09-16T01:46:49.371156035Z,318 2qOmGUBJ0oobMDpA0xQXz5zTGrZMD2yiPTwDoCmMFIxHojALvK89kyfpEtrZ
2020-09-16T01:46:40.952863027Z,2020-09-16T01:46:49.439965339Z,319 MngBkYZ6EIYaS9TDRYuKFFvsmusYUfJtrqWPgrwD5iQnO5kcokx1ZefsXIbm
2020-09-16T01:46:40.993475693Z,2020-09-16T01:46:49.509207856Z,320 GFYoXixnRbjckQdZmIDnhnH6UYBdu9D9RMr98BnD6bBflTTwiVD6xHIJOe03
2020-09-16T01:46:41.035449489Z,2020-09-16T01:46:49.578762522Z,321 v8L6nm1Zk3OzJVUCslmunoLFMtxa9LdcgP83PH4lP7W7cBxTT7pewHkSNd1U
2020-09-16T01:46:41.077345428Z,2020-09-16T01:46:49.645572657Z,322 d71RpjERLcribyT6O1e2lQSqRe7uyDMMq61CY3vj7KX1C1uUpAaKP5rSDyf6
2020-09-16T01:46:41.117779071Z,2020-09-16T01:46:49.712383557Z,323 LDZK9onl1JKNWTkKnmyB3ldt7X8bfHC9gv63xYlg7O4dOwsHpFrJU6qcBBWy
2020-09-16T01:46:41.159426194Z,2020-09-16T01:46:49.779508462Z,324 jpFQft9EVgbqTqNBeZg1CtOJlLuWpfrS4BsLvtizQkB8kzW1nUPvJlqCI5SJ
2020-09-16T01:46:41.199791465Z,2020-09-16T01:46:49.843702747Z,325 g6T4UWEEMBNOOz0X9rfztdngEzbIDdYQ6V55ks3wnM4cZtoe8x7HE6SC0HsQ
2020-09-16T01:46:41.241335049Z,2020-09-16T01:46:49.909563827Z,326 VlhqUP2LPJWeMOTPZ25SW48XZfsrL7yYjjtViZ8LZp5hRs7MDrjHXcKklkhB
2020-09-16T01:46:41.282279507Z,2020-09-16T01:46:49.978274015Z,327 iPDoEFZpEUbxBtcOS84a6vHVjk024V5v18LRgkR5PUYxHPFOtQJkJ157lnMK
2020-09-16T01:46:41.322396270Z,2020-09-16T01:46:50.049058473Z,328 bJLiboZBvv1GYRKVBRMumP9GR3yAgWRH32MltPPs6c2IaFFTDLtqoY7WT1VW
2020-09-16T01:46:41.363924458Z,2020-09-16T01:46:50.117205425Z,329 060kOUBRjjP2ePfHozUZqnR13NHsz3P9ZzVAdVREoHrsrYDWKyitoQEFinpk
2020-09-16T01:46:41.405312232Z,2020-09-16T01:46:50.182989319Z,330 Dm9PMFMO9F78V4qriuAg1dNOahkwgbO9GZknAEiDkYPtzJnUrxrJc7wX82hF
2020-09-16T01:46:41.446131985Z,2020-09-16T01:46:50.252882814Z,331 LVRW2s0eDUNH3HHpplXsaJsVu1tyDxA1ryZ40mMM17QzeG0gJBjZTDXfwLDp
2020-09-16T01:46:41.487308137Z,2020-09-16T01:46:50.320823795Z,332 S583xsfx8pCeGLhJXgps6kNPJJg84xTJWltZmC0Zlo0RicNd01DM2zbKNihR
2020-09-16T01:46:41.527552893Z,2020-09-16T01:46:50.389713696Z,333 9bGqSvdMlQH4EmaPilSxPmsz4I2Ab8BuTd0f5nfC6KAhBN0WsaPky5lPfLwd
2020-09-16T01:46:41.569334596Z,2020-09-16T01:46:50.456840563Z,334 tvQxv4pTgNlcKpKODL48GUsjU7zLzUmTLXuuYcGXcUicQsfdEBT8e3Ko3rzF
2020-09-16T01:46:41.609841945Z,2020-09-16T01:46:50.523892873Z,335 HCoLuWcXGIQwmpvyGFXXC63c4BdvmOk515nmNYNVJL2eTRgsWB4t6trgVCMD
2020-09-16T01:46:41.651401205Z,2020-09-16T01:46:50.592596236Z,336 uixg6EhIsEGnzXG8gVMxc5vFUj52pBZ9ToOUefvWM1En1x5YJz6zPkYFD1e6
2020-09-16T01:46:41.693260617Z,2020-09-16T01:46:50.661129403Z,337 yF2JfRuvuTuCl0PoIG15O5zPqjE2QFKd257xl4627zuv2KpDaK0Uxoi81tLR
2020-09-16T01:46:41.733932673Z,2020-09-16T01:46:50.726486519Z,338 pm4ur4FvKFvPzNE8sXWfmMluIKSZQDrdiUQ3165iCZIqXyCCm5wpAum2F7sl
2020-09-16T01:46:41.775158218Z,2020-09-16T01:46:50.791330061Z,339 EbZ2cffDCfyyzIg5YzF46jqzF0qk3653uKgNSsAQNV5mrGLJHukOfdfhjMQV
2020-09-16T01:46:41.816400874Z,2020-09-16T01:46:50.860144935Z,340 X2o2t8z0a0CvASDMINEeTa2eufFquorELFRC4ugIJJ3RuwDITuGjpp6jNgY0
2020-09-16T01:46:41.858182172Z,2020-09-16T01:46:50.928681950Z,341 xddFuLS8arESLJ3zaOqxwxaEbW0CKP9qnYO8b939czxft3QHFYVn2lBNCLsD
2020-09-16T01:46:41.900560663Z,2020-09-16T01:46:50.997729599Z,342 2nevu4Ucypl2YOC4ONXpd0GpQLeti3V92hHPPDr3uzXWTbnzyYQ90SCWnP5C
2020-09-16T01:46:41.942070050Z,2020-09-16T01:46:51.067870244Z,343 XjbyyLgZla13NaJGFdfeK8ZAFlRUw0j6JUM20FPQsZeTpM9cmPAkM5J8Ls6X
2020-09-16T01:46:41.983132934Z,2020-09-16T01:46:51.133644762Z,344 hpaEXyed4BvVPnEWLVFc5rOr2OI8WoMLAmhwA4t6i4QPBlKGRIhoAcq5WRrL
2020-09-16T01:46:42.024610755Z,2020-09-16T01:46:51.203545018Z,345 ZCWgyodcZ9cMjsGznLMb7WUw0fSKwTUl7HoN00p4lSwVlH1ntErnrsFSJNcX
2020-09-16T01:46:42.066367562Z,2020-09-16T01:46:51.267620397Z,346 wkaoqzKqeN3j3Orhc0wzIu0CE0XqC1b2PpytaIEUW3sPM3mjenZN4ifncSuP
2020-09-16T01:46:42.106900627Z,2020-09-16T01:46:51.335573601Z,347 9np5WijuEqFv1y3iAlgxeTTGe3RYbSG8NWyrfn4Pexc2ZjWggto88J8syZfW
2020-09-16T01:46:42.148418022Z,2020-09-16T01:46:51.399578895Z,348 tyEr6OpCU0bI3R71j0sSpZdl9c2wrvpPtSqXaXfG42dKnU7j6IOBeAVxeWdb
2020-09-16T01:46:42.190108659Z,2020-09-16T01:46:51.466622458Z,349 iP8AvnUHPq0dwsGowQ6vH2qxhxHNLRFKWci9FSjYUTjrnDg6naLTzOSNuooc
2020-09-16T01:46:42.230612169Z,2020-09-16T01:46:51.534744456Z,350 kf8aSQYQ9H0LRl994sGLpEKBNiPX55by3RkRkHY1c1iiDQoFnUHyuOevWZgS
2020-09-16T01:46:42.272276100Z,2020-09-16T01:46:51.605363680Z,351 JxK7kciJ613kemfrsPh2lUVrFmuwu4QXPcUS7aYbJFw8etHWM0o7GeDvqxF5
2020-09-16T01:46:42.313946108Z,2020-09-16T01:46:51.672848276Z,352 bW5BgimTl2xb3RHUM8TQPl435Ppl1fuyP4q0I8RdJIzGZGrwg3NuKoy2BlaI
2020-09-16T01:46:42.355164277Z,2020-09-16T01:46:51.740338310Z,353 bgy3haKtT7ALVaycpmjfWrIHdBdjWG2IbVM99VyEWnZUJOyugDdNXT8IhBtZ
2020-09-16T01:46:42.395958600Z,2020-09-16T01:46:51.806302299Z,354 1HifL1qbgm64yUX1sTwgA4RCibra1Y4qMF78BCMoxpdQDwjnCPFnu8A69Qcv
2020-09-16T01:46:42.437356664Z,2020-09-16T01:46:51.874712665Z,355 tLhdwGJvxlixIULgaIhoyU0c3qkONhwt91HtchaxtvvteWLedHmrr5sl5cA6
2020-09-16T01:46:42.478146009Z,2020-09-16T01:46:51.944049668Z,356 bdzCdKv2kt7gznnFMoMwZleJF5TbWbkPd0RszwjeWh2DeS8MvylYskJEe6PQ
2020-09-16T01:46:42.519383507Z,2020-09-16T01:46:52.010852218Z,357 qPT2FTLfcJ1M86xvGWsEJj93cypactUfLGs7ALiIbLBhDovL9sVrsWFGU8uG
2020-09-16T01:46:42.560446347Z,2020-09-16T01:46:52.078317423Z,358 wHnINTzd75xFq6jhbW2jPtwrXfBe7KHghEIUQqqP4IJmwPOQ3vHG2mqEdbYf
2020-09-16T01:46:42.601945205Z,2020-09-16T01:46:52.145280832Z,359 VqJN9iJqTudmpZIZmSDRIODrQPoMcOhiw0jyoc9YtmKy7P9vHbP0kIy33AWS
2020-09-16T01:46:42.643402795Z,2020-09-16T01:46:52.213461929Z,360 Qi5dqC7PFL9FAXZB9DvGesfum2BSJ7TeyNbhSOHpJBRgQyOQrZY6oEJwEruN
2020-09-16T01:46:42.684232086Z,2020-09-16T01:46:52.279651104Z,361 qNphpw6izwm2eMkGGNuhlvWT5QU9IKidykSYiBlIHHP8PjMSQzDaYizgrljn
2020-09-16T01:46:42.725996086Z,2020-09-16T01:46:52.347719386Z,362 8jRwHXtN29YlrIUivHkvmEHXSjfrP33RqVqiX1XI4otF2MFMKBShcXPBkDR5
2020-09-16T01:46:42.767487133Z,2020-09-16T01:46:52.414449368Z,363 Ejdhr0N5Xvi4wuaoOYmtKdV5LEafkX2jNzLn2zakCnFbM4n5F22F0IXGUIvZ
2020-09-16T01:46:42.807634611Z,2020-09-16T01:46:52.482661346Z,364 EouFHUa8TiVVeuYKOuVs8BukFzZbt9c1x3o8q69AmEr0n1eItlkOFEEYy88V
2020-09-16T01:46:42.849021406Z,2020-09-16T01:46:52.551924505Z,365 1VtLz5BDSpTT7rxa7ogNu1SAAQmBjPtKlnKH0BrVPX5QSCLtNT0QKe8PuGoZ
2020-09-16T01:46:42.889780085Z,2020-09-16T01:46:52.621172127Z,366 xQl32KjTG9odA7MqrAWPiZuq33l2AOFKBXQFkVmiQhxOg62hBSBpUpQe5Wth
2020-09-16T01:46:42.931030070Z,2020-09-16T01:46:52.686412066Z,367 CO4TQLejduMJceNI4Vrx8BAj3rPhW3w7nJsPUbI4lMURPYVXnIwytPYCL2yp
2020-09-16T01:46:42.972718326Z,2020-09-16T01:46:52.752118123Z,368 HN1VGedHDBCrEi8M52QXbRL7Cguep0kv8FRvbVaziqyBlkBmUFscpso1msDH
2020-09-16T01:46:43.014161863Z,2020-09-16T01:46:52.818398383Z,369 8S7Ah5c9FS1hHjGr1GvA18yWo3Y336NWXP0cKfdpaH5mgGpKZWmAhzoKpXj0
2020-09-16T01:46:43.055101478Z,2020-09-16T01:46:52.887144360Z,370 QU8MVvsdpCdIb3LeschEItoauZNgZdeuouVlXEOd409Aya8XFk2Ro7CEdePs
2020-09-16T01:46:43.096063875Z,2020-09-16T01:46:52.953480417Z,371 qqkgBhzQnun8q3gpRqfoxZwB0lAWX2DcCzHgTUH4DjZ8L93OlfZ1SVLIDwOO
2020-09-16T01:46:43.136783561Z,2020-09-16T01:46:53.022090793Z,372 yJWyErcUKoHfg2R7K5AXOS609bXdVi8SwuUXIEnzmzBBYGgbhsMliVosJHk9
2020-09-16T01:46:43.178306098Z,2020-09-16T01:46:53.087254426Z,373 pIgH0VjfpEf1vZU6kwN8lGG4f4MH9gB0hFXJyBYnb5F8GBiXFzBz6wmoA8f6
2020-09-16T01:46:43.219516071Z,2020-09-16T01:46:53.155613162Z,374 p0sNPA21x09gBHn5Q3EWAcQNUcRttotubDXDAomn7Prfes9fn7faiRkKaO8B
2020-09-16T01:46:43.260490703Z,2020-09-16T01:46:53.224806703Z,375 IdGldEXjBxmFCvgvHlgIde5FEAq0A2w6XZOpb5jO9hlwAKGiz40lFReR4fbB
2020-09-16T01:46:43.301672550Z,2020-09-16T01:46:53.291373851Z,376 wMe6HaiTXmj3AQUmwGo5Rh0Rh5lZEmabI67V9aosKAib5fmHSNLSqpNLol1H
2020-09-16T01:46:43.343097318Z,2020-09-16T01:46:53.362550334Z,377 nVYYBZKBgRtuWr1qtgkiSanZFRPFnalaOr20VdjfC1ByK5Gr3hOXwUbJmZux
2020-09-16T01:46:43.384713368Z,2020-09-16T01:46:53.429716225Z,378 81gW6yFaTPjgo1aOurNKsB51bXQRXdasuQ7YwxOsKVZvj1aJZFnZwUcvp8b3
2020-09-16T01:46:43.426511686Z,2020-09-16T01:46:53.494591206Z,379 E3rH3jsmtrgtDonTXbmKH8OStI4zjI4A33ULRObp485rDpML6i69gMBuHcuQ
2020-09-16T01:46:43.469026806Z,2020-09-16T01:46:53.559763750Z,380 XPPpXWKS2e5A0M46UGjQeSxCGRWJn2uWPBEEXPdvCdSJnM9xC1JU3vCrV13U
2020-09-16T01:46:43.509988345Z,2020-09-16T01:46:53.628521598Z,381 9FwhxFkfAmmRd9rMpPtHnysETkmg5Dy7Xmuw8GPxgxgnepz56wuyaLisGmUO
2020-09-16T01:46:43.551682997Z,2020-09-16T01:46:53.693861710Z,382 0ZDpnih0eLhhlweoay8pQQ5f0RnKlujuGOjzs4Z2Pr1qwErvxTkvBQg1uP49
2020-09-16T01:46:43.593259941Z,2020-09-16T01:46:53.763144590Z,383 aMEzoK1eGrOzJHXzPQZ3v4G3r2ps6Jx7vJ3jFcIfi8Mq9HD1rHmKfOyRKlcr
2020-09-16T01:46:43.634599366Z,2020-09-16T01:46:53.834051650Z,384 isAMq9IpMZQkatjpVUync75oVLY1EyALAjIRsIlVkcoZwGSRhZ2iYjjWsDzE
2020-09-16T01:46:43.676319659Z,2020-09-16T01:46:53.901251808Z,385 lDZrWugIamndO3Nit8Yb8Cwo4fref9NijvNFE4O8DTwEsS5STDbwzg8QnCbL
2020-09-16T01:46:43.717874503Z,2020-09-16T01:46:53.968487843Z,386 Z5AT4nlpFVO6iXEi2053OB7IQrB1LcPXqU6aIh408U7IslUnuIo8FDpPO8Aj
2020-09-16T01:46:43.759721127Z,2020-09-16T01:46:54.036806717Z,387 TfFaOSHjsGR6zFwodeAN5Wz3mv4ZH33SERbZjcGAC5r2DyJv4O9aCX3aI5Ay
2020-09-16T01:46:43.801114502Z,2020-09-16T01:46:54.103523502Z,388 9a6591hPrJVd0YIyczNzQe5dWws2UTQvRznhDa7VlzBsSNI7DhKAPgMCddCD
2020-09-16T01:46:43.842445387Z,2020-09-16T01:46:54.172674500Z,389 qQDTWYAPiaN9ZS9BMbLrHWHRXKVR5gLhfLltk73DV6Q7LNcz5xnCtUgWMdgn
2020-09-16T01:46:43.882878115Z,2020-09-16T01:46:54.238361369Z,390 8j3pFpwMBIbepLpKpVV2eLoZRGrMivoGlGr9uzBkO4VZR2dwNJD9eWi5jsKz
2020-09-16T01:46:43.924435529Z,2020-09-16T01:46:54.305574580Z,391 vgHs5Hj6lLC7qFCbZn0KBYAlCB7eOjSYNW13rI4xg3cZLC9OLacnNnMbtXkl
2020-09-16T01:46:43.965321375Z,2020-09-16T01:46:54.373816199Z,392 7836Z9OAlFA6KNuLMXf2FqD69EymUgI2g1ODOBVcfjfVUrLS7HwHd5O4Xdue
2020-09-16T01:46:44.006530243Z,2020-09-16T01:46:54.441306830Z,393 S0W8Oj5axkgzMi8qoHQGLRJnG1u5dQlJItC3OEYJASegPKnJ4mfpHu6BQhG5
2020-09-16T01:46:44.048700951Z,2020-09-16T01:46:54.507031525Z,394 VgMIG9F0l49lp4boBKUHoalCPqQ9vRG2SYxhqrLIEsIBJmZjxpdG091AtuSk
2020-09-16T01:46:44.090272551Z,2020-09-16T01:46:54.576437044Z,395 bdoXiH7M3QVhYUl31K5PqOd9Svr7vAEeDYZDCqaP6cE2QZmVJ2O0uHVeX4vU
2020-09-16T01:46:44.130738240Z,2020-09-16T01:46:54.642406212Z,396 OLyRkNUUno2MlNOqTRlfTTvqbCBAw1RRSzLPHJj8qisSgrxc8J2q9eMV1QzS
2020-09-16T01:46:44.171638605Z,2020-09-16T01:46:54.708122531Z,397 AmLjeknx965KH4EyV2gq4ZX90Il4FvollocrLFxi9jO7aeWCALnkOKO90sHh
2020-09-16T01:46:44.213407672Z,2020-09-16T01:46:54.774208044Z,398 tSM43yLVkqzMxr7e3DLvhoSo0JbR0fiLBUw9SGHlEWFAKLXiMWCYc5XhW17i
2020-09-16T01:46:44.253901357Z,2020-09-16T01:46:54.842223018Z,399 OW55nwb0VhdghpyTUqCMZ4zGusvny9gEENC6RzHnKb1HFkyzpnDJcBFiY2yH
2020-09-16T01:46:44.294562728Z,2020-09-16T01:46:54.909245865Z,400 knGEpZzvxX6YIbGAU5WCiL16uCvV6LeQF2mTZMzcLb6isxAJJ0l10QRLiR9b
2020-09-16T01:46:44.335746740Z,2020-09-16T01:46:54.977949389Z,401 2bkQdqsNUqln7b7SzpD4ul9LULQkm4EKWK9fCzm5LJzs1kIcP7RZLkECch3T
2020-09-16T01:46:44.376932874Z,2020-09-16T01:46:55.046472860Z,402 t83ZmZWJMDRYPw7d2DQVRkdIesxjIEywTZoI97reQP415kLhCr95uzvUDGn8
2020-09-16T01:46:44.417419477Z,2020-09-16T01:46:55.114031039Z,403 ihA8UQ9lE6NfSF3nXfY3M8f8kkmRY00jKYc28qdGXYpxyrEDhVHHWnDVgo5p
2020-09-16T01:46:44.458896445Z,2020-09-16T01:46:55.183175022Z,404 VUkMWx7UfKtyiAOXAzOZZtquRY6LobN9Ojx7JfGL8jjflYxRykxdBP5GbPlo
2020-09-16T01:46:44.499732988Z,2020-09-16T01:46:55.252955681Z,405 VkielIcH88dDPuD208NA2YjDFCKupsrIf8A2rYTCSJbFfg8b5m11faF1yICJ
2020-09-16T01:46:44.541333500Z,2020-09-16T01:46:55.316542614Z,406 XiA3dwdiWaMIPHQhK0II8oMv9IakoXlXAHVVVH1Ot27rCILUtqDF3bC5QeL6
2020-09-16T01:46:44.582873595Z,2020-09-16T01:46:55.385510548Z,407 7KAbsWas4JwmPdS68UWregPAOpaI9b629PYzHIO2Z05DcY7hnyBvmhe9giC8
2020-09-16T01:46:44.623770852Z,2020-09-16T01:46:55.451924788Z,408 zibWCXGbTRfs7FXzmwwHdpj2Ul4XYVJxn8W11zx3JUZNt8ePx5aQiVB4ZPPa
2020-09-16T01:46:44.665123239Z,2020-09-16T01:46:55.521466319Z,409 MEs7wwyIjbC3oXVUrRLg2DxQwiQh1OaMl2I4wZpQLM2pfrskWaQTWJrkz6BR
2020-09-16T01:46:44.706101537Z,2020-09-16T01:46:55.588859940Z,410 bcMcqc3BrsjTggCL0SQJBBE0WxgB71wEibLNGPjx3Kdmb9csZLwEZt0mz9y6
2020-09-16T01:46:44.746760957Z,2020-09-16T01:46:55.656427015Z,411 NtVYe0RcY6MuWPGB78zFMjjNie0m7rjMnqOHhen0pXOHDe4tgVZXADjTYxCO
2020-09-16T01:46:44.788334531Z,2020-09-16T01:46:55.724204636Z,412 6aVZ7juoI0moAUzq21vr74O98e4OUc0zOObpzSbZvfOw0yQ2sm4NMhhL1a6d
2020-09-16T01:46:44.829359537Z,2020-09-16T01:46:55.790508151Z,413 AE8tWcmPQ5EBToTqCmX85EL0vHh36GWfmaDLB6rfB8uaoaXH0O8IuWGGxDhU
2020-09-16T01:46:44.870310223Z,2020-09-16T01:46:55.858549275Z,414 qBemNZebmEBoEVtHTrUdoMpquxawyeP8jsLcFPPSGCE39iwta88kGLRsngAZ
2020-09-16T01:46:44.911579885Z,2020-09-16T01:46:55.926004434Z,415 LH2YiVtevXaQ1wGmimRBRrAiTZ9tmERUJ69vXHnZZ2cPQqmlNqWMAnI7XK0M
2020-09-16T01:46:44.953328452Z,2020-09-16T01:46:55.996836298Z,416 TdNqPGD6SCTmDiRUh47EW5ubtv1roeuUSWMSAzO4F4iLeBcWSDPke1W8U1MG
2020-09-16T01:46:44.994987909Z,2020-09-16T01:46:56.064379408Z,417 QvYV9MBgY6tUnh76OqhM9SpwzZrODvKTkchudDFnFf9XrglNvbiGVWdH4de9
2020-09-16T01:46:45.036612949Z,2020-09-16T01:46:56.131181659Z,418 eEGjHV0JxOxLgPwR8jbWKutXP4nfRuJ4AQ2e0CuA0UzlYBqBic9zWEkPpl71
2020-09-16T01:46:45.078078075Z,2020-09-16T01:46:56.198258349Z,419 HkzLYD4Unw2Z4LyMeObG2OZjjcnS8DcCXx4VKuothWnAopo3DjwWfBWyxRln
2020-09-16T01:46:45.119476142Z,2020-09-16T01:46:56.265133965Z,420 ng8bNEqnpY14a8OA5j3J7F1yiXwUImQC8qrQJj6OAcSRk0Y5UcejYGuKkASy
2020-09-16T01:46:45.160453883Z,2020-09-16T01:46:56.333150106Z,421 hi4v9lMy0iUHMqGBX9S5Rg2JgRlafdz5MylXbnYiNq0WJxO19jo6Pej5fzWh
2020-09-16T01:46:45.202306365Z,2020-09-16T01:46:56.403903922Z,422 3clblHgrpQfX2JA0Luow6sEy0B0bOBMqjgT1ZPKWwPVQIGSKwttlkbiqpgrF
2020-09-16T01:46:45.243046882Z,2020-09-16T01:46:56.469800661Z,423 wvD7pKGno67E8KBIOUMJ6dSiW21FIFgVMMhXn9wKGcGGurTxOXOBEGoJ3r1i
2020-09-16T01:46:45.283855302Z,2020-09-16T01:46:56.536221066Z,424 3KEWbSQUvPiMMOA8tdwv3hHN4ef9ItHcjqA6ZXJkYsjhdOha8EtJYBT8rQQC
2020-09-16T01:46:45.325441666Z,2020-09-16T01:46:56.602715323Z,425 8vE18WpLtj5KYtUkZgNDoxD5Sv2l12F19fLLWLBzlwJuk8zaGteKrRUKTkt1
2020-09-16T01:46:45.366414413Z,2020-09-16T01:46:56.670151351Z,426 b6GiGi3ezEQPdZCB7961P03FVbFxud5dlDyDAXCz7KlDACqYeLSZ9YPQ7Qs7
2020-09-16T01:46:45.408228740Z,2020-09-16T01:46:56.736403329Z,427 HHHV9qLLCXgcCaHtacVppE4xM1zl4piTDZqA4OmM1Akqz3eA8ZFc0JSIHWzi
2020-09-16T01:46:45.449551978Z,2020-09-16T01:46:56.803032732Z,428 UIMj2fXELSmUUbwrSuw9T8neEYlkA6S6iYRXoPPreOjXBYO73Ja0u1qL5UXs
2020-09-16T01:46:45.491135337Z,2020-09-16T01:46:56.870736449Z,429 2V4yQPd9AhgmDu892bpSSeRJjsjGMedtvahctGrbiHGV4NiSvpYGlrjxMDLy
2020-09-16T01:46:45.532425382Z,2020-09-16T01:46:56.932282375Z,430 yn8nNMQQXa7rom37c8YaFRoCXztk533avG59iUVAb8JPqv9uGG6kddkL6KPR
2020-09-16T01:46:45.572839090Z,2020-09-16T01:46:56.997084793Z,431 QVv3gibu8YcrVnV5zuMpohY7MJF4QLwaAIrUv4SvpDuDtA5rIdHN5SpDFP3V
2020-09-16T01:46:45.614320364Z,2020-09-16T01:46:57.063456603Z,432 9TxBgb2o6N27M3dky7zb2eZEYIlQMjRzwhZ7U8w3RjBw6l1W9h4Wclxun2hx
2020-09-16T01:46:45.654974590Z,2020-09-16T01:46:57.128849417Z,433 MXpqSQCa5mNMV7CyrHGqG7KDCGqFNckiG7L89lCjps7ldl0qwniOoIXfQjQA
2020-09-16T01:46:45.696238002Z,2020-09-16T01:46:57.194088715Z,434 cJXQQigj5njNiz8V0WgGW4lQ28bT2hg1ffC0frDR9FjyRf9em3Hx1NK7rr6Z
2020-09-16T01:46:45.737701067Z,2020-09-16T01:46:57.260446023Z,435 O5s8AvuOuXHQxKoKjtRvpppIGjLZ3tc4pQp6gJZof1zmQEDJbcDsXIfrEmIW
2020-09-16T01:46:45.778871225Z,2020-09-16T01:46:57.324746657Z,436 12gAcdtwxIF8X0PbzWrUDaHpWYTD5pbTnSa7oAFIt6aN0uBpjQ458zd0nxLG
2020-09-16T01:46:45.820247874Z,2020-09-16T01:46:57.391217931Z,437 aFKh9K8Nlrib0NrS9vJ25j8httCwt6g2dzbKt8YSA1GOJLsJ0fg9fB6wwmyS
2020-09-16T01:46:45.861347660Z,2020-09-16T01:46:57.458753224Z,438 QvJtxneIxKjURLrO3s7iEzPFUOevUwq3H1tQoPNI7f2edvveornCndwWFEbL
2020-09-16T01:46:45.902834233Z,2020-09-16T01:46:57.525476958Z,439 7Oh9RkY4SC7GGQrAG99kviQuYnwRiCdWxGTG3zgjco4nuDtFNmM4xOHjISo6
2020-09-16T01:46:45.944462929Z,2020-09-16T01:46:57.593199542Z,440 IOHakw5OcM6eR5gpMcYkz9L8aipXyWzAjOSsxYaUIuOSsBjqwmagrddFQCTn
2020-09-16T01:46:45.985745591Z,2020-09-16T01:46:57.658715479Z,441 RMqHBltcepj6EMWPn2yisypCderu2FNfVg2WTCHfGj0CXfahtjuITPpnsYTe
2020-09-16T01:46:46.027250185Z,2020-09-16T01:46:57.725778876Z,442 qv8h2anyYw4S9vcqmqcnnk8e2oqStnvWmUUWVcd5KeYEy4F0zM5KQnvQmiOZ
2020-09-16T01:46:46.068548439Z,2020-09-16T01:46:57.790569155Z,443 JfvaXbWK3ppUGcpHlBwsPMMYbYJvVkyI5SuNZOJZDEZiEnsDe2kL3UKNZJi1
2020-09-16T01:46:46.110202308Z,2020-09-16T01:46:57.857797826Z,444 avHBAxMBVMG1hYkCBzOJ1DfWSlUZfgRenA1FTrEjmD49Uv5aW1dGFQFtmVt1
2020-09-16T01:46:46.151353614Z,2020-09-16T01:46:57.927118272Z,445 lgGqTrd5kKz9SbB4NvbWSc25tsg2h7YJlxGBZKOJ36YqbQdJXVcr14LqvHqr
2020-09-16T01:46:46.192749904Z,2020-09-16T01:46:57.993013862Z,446 2uDFRHxGvXfqXswycrkbGVRuuuNTN2RJDhxVeiGuKQt7qN05KxJhBT3e3JUG
2020-09-16T01:46:46.233648422Z,2020-09-16T01:46:58.060849304Z,447 NITcgdnlIeU8FW8EShY6ZGSlCW8yxBxGKrJ84Abfd5dLD2TUwv03IT85W3Fd
2020-09-16T01:46:46.274995505Z,2020-09-16T01:46:58.128434347Z,448 Wl7eKjVynAbA9mk9CjGuRSL1UkMrQPOwoUhpg3OvIpcumLxgoeHBu3mdSSmV
2020-09-16T01:46:46.315940829Z,2020-09-16T01:46:58.197952422Z,449 2MSw0P32VNJKXlME1TBqJFBLB4sE5oK224miIHitbq2LfIh0u8GPToxal2Eh
2020-09-16T01:46:46.356844375Z,2020-09-16T01:46:58.265660024Z,450 cZ8mRe8KHIArXolKHulp8Yq9DPhn59scPEWyxMp0hUx8xZi1roCMP93HH3Hz
2020-09-16T01:46:46.398007313Z,2020-09-16T01:46:58.334026350Z,451 T56HsOATnmWPrZZjjOzEa6TB1b2fad630LpiuUJGmNamxKA4leYzW77SBftz
2020-09-16T01:46:46.438706001Z,2020-09-16T01:46:58.406100418Z,452 uyTNnPaqIVuHjlyawTrJ95VWo2q28Ub4JinmIAdNz4uijeQyH0gPAAs2hP6Q
2020-09-16T01:46:46.479885363Z,2020-09-16T01:46:58.471525866Z,453 bNAlzoqMtljIwaqOQWcYAErlytR0blM1KWKXZFcGWtQfuOcUzrNIGzjAUoWC
2020-09-16T01:46:46.520937364Z,2020-09-16T01:46:58.539426589Z,454 dWfXHHPRdgrTXX11U4arYTvCJVK2joFLIETjqRtOAqiwpQaEbWvQS2pyVEei
2020-09-16T01:46:46.561680232Z,2020-09-16T01:46:58.606865645Z,455 ZhEZcSPnPWOlXDR0G8IwncXGKOZ03x0K978xlMAuPk364ChrgYoZWgZnFx2N
2020-09-16T01:46:46.603429594Z,2020-09-16T01:46:58.673169759Z,456 XUp0UwbB13CedGKIhqIVzHeckihaq6DxYDzZILzVk1Bgo0Tiq8qGhoVucePz
2020-09-16T01:46:46.644347912Z,2020-09-16T01:46:58.737436372Z,457 oNyooMAs5CINI7WdgK1FyFykscvlSdDppDsb7AokfPrznn45rlTlXwOHGrw2
2020-09-16T01:46:46.686411741Z,2020-09-16T01:46:58.807201665Z,458 t5p6BthddJW4AXYeFjsX7SdfxeqHhII2nodv2h5lpyhcEzKnnPLjLfCsYZxB
2020-09-16T01:46:46.727926767Z,2020-09-16T01:46:58.872461218Z,459 eS9Lmgz78ln2xaFTOwNLsbpNDSQJRNgK1hQDXCcT5ziyo9cFXudk8G5MeCc2
2020-09-16T01:46:46.768704976Z,2020-09-16T01:46:58.941612682Z,460 7GuhRSVkfND7eLpYVgo2XSnxAl00OVWn19xtKD4Vaez4pgQr3fsNjzKe8x7o
2020-09-16T01:46:46.810180836Z,2020-09-16T01:46:59.011899195Z,461 stN30bWx96Y5R6i2xR7I6hXcus3Y8471mlpjg82Y539aXwtDGIaDOGgvFhW6
2020-09-16T01:46:46.851327889Z,2020-09-16T01:46:59.076315968Z,462 aVK4LE4hFGzEiFzGiIScakHhHKt3n7HON1FeW0OPGkqlXM2WPiRQ4fODTMoA
2020-09-16T01:46:46.893163867Z,2020-09-16T01:46:59.146167066Z,463 nVTVxwv1nEEEC2zhrammjAPO9RSvf5uzsGsCpKLRn2wREHqiudgLo7KGuunL
2020-09-16T01:46:46.934635078Z,2020-09-16T01:46:59.213078538Z,464 jUhqJwHT3pCxxZIrXA0AGVs5eDfSPeEvztNiibWNPeW0SwyUMSRr8TJnR0HF
2020-09-16T01:46:46.975667394Z,2020-09-16T01:46:59.280157698Z,465 eJS49Pm2uuwLGVI4vrkBsXbuUw5r409jqYM6XCEPgT001VaDQPPmG2AtFjCF
2020-09-16T01:46:47.017160224Z,2020-09-16T01:46:59.344438786Z,466 8P5tRn6OSgDbxRZ4p3W9hwajopwFIxOfL0KwjeN7fE3mHOdGdHE9Fl5k49zp
2020-09-16T01:46:47.058710071Z,2020-09-16T01:46:59.412107862Z,467 91gBlyeSrOPLxLULZe4VI691vVKZUxekTHcm4cjzVIhn9xiNbmPijRk3E0AG
2020-09-16T01:46:47.100170017Z,2020-09-16T01:46:59.478487504Z,468 neWoxgNFDAZ3NGoDdP8wHHe2qpUlwbbEVfgBYiRad8dvv7wi89lJmVzefshN
2020-09-16T01:46:47.141217094Z,2020-09-16T01:46:59.544221356Z,469 lb9GqQyDHEjIF1Vz55hlp3ETY52j8GjrYgXX0u7Tx32DG1gs0S5frbDKyzxo
2020-09-16T01:46:47.182229121Z,2020-09-16T01:46:59.609592886Z,470 Cz3jiH547LGFk9JGPMOgNUQywclWE1XY5Tad6tD0V7xRaUX0TOHopoXG8D4J
2020-09-16T01:46:47.223012019Z,2020-09-16T01:46:59.675209699Z,471 gxoimhCeuQ3QXspUFahRaeIcXjBWWRPSSVpMc7cVUbIAKXypiEGOyp3CpXir
2020-09-16T01:46:47.264519160Z,2020-09-16T01:46:59.740153349Z,472 VSxQxzka6PoKnqL1F7iPOl93taskSCIsKMFm9zi7WMbwuJ4qZeRrFGMOE0in
2020-09-16T01:46:47.304734230Z,2020-09-16T01:46:59.807128990Z,473 C0bAynWflmEthSRFsrh88HYsko47McS3D4ngOVcauMkmrkoHxKkF5a2lFQ1W
2020-09-16T01:46:47.346065748Z,2020-09-16T01:46:59.872832175Z,474 3cVxjCrGiX5THV6LeM8rUi7yYfgdfOC7R11gsZwSN1WNYa3l98eIdATZhaTe
2020-09-16T01:46:47.386843426Z,2020-09-16T01:46:59.938455914Z,475 V0H3ckOsmZcp0rWXFQPGCbpUTofpeTODOKM2eTuXQoFFbZ11IHIAAikoGMdV
2020-09-16T01:46:47.427540879Z,2020-09-16T01:47:00.007025786Z,476 0muWPSHqAOYmF2N41qoGwzJ0zqn0W35jRCQm12AoRr08WShwNRsDDmkEureK
2020-09-16T01:46:47.468900911Z,2020-09-16T01:47:00.073480226Z,477 RHhOwHKWJi4Og72jBfDAfoTK0DpolSaH4nXk8ugkSSGSaLwmGLzAmrcEXWRR
2020-09-16T01:46:47.510489633Z,2020-09-16T01:47:00.143535264Z,478 fq8Rlo4zVyQp2BOSb4UNcwQaqBKRJ6EPsmUboIDsGGMnuAszgQiqqcam7brn
2020-09-16T01:46:47.551963457Z,2020-09-16T01:47:00.211064720Z,479 2FVJoJ20reUhapNIqRrFrBvPpdYJcWCzs4amtUNXTH2wrSsiMJteCpSA7pdS
2020-09-16T01:46:47.592885134Z,2020-09-16T01:47:00.277695170Z,480 qMV44LidNLXRdmH4JagJkgWnfG9Vg1GPNG4yixmhsmLQSgGoo7UkNc3GM67H
2020-09-16T01:46:47.634307078Z,2020-09-16T01:47:00.343415440Z,481 IGFqCeEgLCve58BdOkuNOv04DTivxqi2kuGpzZo036HGKMWv9LnzGp4D80Rw
2020-09-16T01:46:47.675801483Z,2020-09-16T01:47:00.411513385Z,482 JZcQ9RtIFLTTmKUXSfDKTSSo3YaBUZsr9nCTDKqz1cIFjglriM7XgHHhUAfm
2020-09-16T01:46:47.717345125Z,2020-09-16T01:47:00.480558474Z,483 rwB3EhC2k6O99h2KFBfqAezrLMGscR2rM3abyZuNsDlzrPFeuHgSLgD5qhUG
2020-09-16T01:46:47.759014365Z,2020-09-16T01:47:00.548791356Z,484 myUIyUvC2FFizlzddr4XmcqU83HY0T1vSMsRqoQW9byXLs0hxPlNvTOckIdq
2020-09-16T01:46:47.800318225Z,2020-09-16T01:47:00.616180006Z,485 uypAWmy3cd8kwjBUvYMQybdEu842w3zy0aCpYiP3OajZo4vMwrOboCBaSOSn
2020-09-16T01:46:47.841252890Z,2020-09-16T01:47:00.683625627Z,486 sWV2IwEJ2L1bj5xg2RvtZm7TP0FDI4GGWqigCJD5AtBVR6f5zJoHz6fBLPyQ
2020-09-16T01:46:47.881984939Z,2020-09-16T01:47:00.751884313Z,487 oEBysRjZgnQ1PH5TiRLRyd54w2u5nLnOFbApAIb6fMNTDS1qBvjVbkEwueIM
2020-09-16T01:46:47.923374018Z,2020-09-16T01:47:00.819709601Z,488 4bentesA9F8BofiuzOXXEum1frInBtL6dFzGetlrcL1Ad6GlFhEVJ6kNtVu6
2020-09-16T01:46:47.963771671Z,2020-09-16T01:47:00.886922765Z,489 b3xx0WrQYNNlV5ByGUpYLwsukNlb7VL1bwpDL6fWWr2goFGBXGE6uNEOtkPK
2020-09-16T01:46:48.005335138Z,2020-09-16T01:47:00.954627606Z,490 gu57wKeJ3lihJrDpxqKrHN9wopMRLzg8aipB0LssfaMfbA0cWAKge8cLtZQZ
2020-09-16T01:46:48.046027208Z,2020-09-16T01:47:01.021390143Z,491 usGjFMVpSNymsnNpaaWQ06WGqJq8HZwf0ziZHolzdNeWXVZKljpS7yfO657u
2020-09-16T01:46:48.087462464Z,2020-09-16T01:47:01.088108284Z,492 n2pLqI0vTfKLFs3czzF9XoXoV9yLY7ANTv1sKdVLIbCZerrtsykzSrwKGHID
2020-09-16T01:46:48.128432624Z,2020-09-16T01:47:01.153530488Z,493 E7SvsYQ0ylqRV1OsdehLTezLF5hvAnrUD82L75FWgpdeOisaLQAMjzdJVF2v
2020-09-16T01:46:48.170037618Z,2020-09-16T01:47:01.219787079Z,494 f0DQxmVn6Tf2SK0lH5vi3njLQZjfddp4KLPpO6RE1N8XoROaUle1DYr6ZBbG
2020-09-16T01:46:48.211413725Z,2020-09-16T01:47:01.286544672Z,495 aHEQQIZ3n50Er7CtxGq7DSiRF7Eb1wXmYbIzMaBROUnB6IKexG9c3qlvYCRq
2020-09-16T01:46:48.253240977Z,2020-09-16T01:47:01.352557300Z,496 7rEWzppmXN89kFP4JTspI8vidCUTrJItxIsHVzfNYNqPtdPWbko85J1x8ZOT
2020-09-16T01:46:48.293893157Z,2020-09-16T01:47:01.418135819Z,497 bYfJqh6WpVohHozC1ZNBLvhCgZ7ejhUYxWl8SXnHObPYhHRujYRgd8UA2lzp
2020-09-16T01:46:48.335152116Z,2020-09-16T01:47:01.483984603Z,498 01sUuSAWkQpwNPbWUz0rQthJiFkNWx6ZTTEXT9sp7lLWqqCul3UgIBDg9GjU
2020-09-16T01:46:48.376015044Z,2020-09-16T01:47:01.550921687Z,499 7ELBimzcvepDZpxiQZ2hNoi7stsexxTaex7fuy02nuFx3IoN7uLoiZ94cr3f
