2020-09-10T14:43:16.097012539Z 0 VAscptoO5NaATpu3HSh0yqFejDu9gyYAVFqpcwUPhxlLUoOy9tb4KUflOYgsti
2020-09-10T14:43:16.149651442Z 1 bqonOdClG47BzIUNXQu4uf4N9gf25HnKuM2lW8BtIGGw8Eh98HqSKyqQJ4VyFU
2020-09-10T14:43:16.200790236Z 2 TzzTfztCqrHpodMr1FTG8GOqZcLq6l7SC139Z9jveFH2wpjTkqUwVPBKYR9eqR
2020-09-10T14:43:16.252899926Z 3 TczK6RTc8KtUiPtnsYB1YE4x0ZcEnhUy4WqHgTui6rfWigOUphBFSrW2AppRXy
2020-09-10T14:43:16.303151945Z 4 KisXbsYqjh14jj3KqHwV4HAlBYC80GcCWx2ftILwpwfhEyS7qidH7fKbfVTl8P
2020-09-10T14:43:16.354392324Z 5 5shij5xPT07elJ19Hod82KEYtryMD7sA0wCb2xuCIDwoxqCHyKIFXpPK8rhHMU
2020-09-10T14:43:16.405507569Z 6 zxHegkGjnXN4aA8d6fNRvUX0tx1edacuSPpksQG7Xqf2wyB7SE87hAB36KbE3S
2020-09-10T14:43:16.456204218Z 7 QmKhZLBYvz98hBfZGsoK832ir3tNrcmyhGaNuUO1OBOKeo1AlcIhqDaqYzEToe
2020-09-10T14:43:16.507030942Z 8 B8UdOFBkwspQSTrg110qKSHYJdNziDo7vc2YoIb0o4t77y8D3ovgze8yBAYnJy
2020-09-10T14:43:16.558358460Z 9 Gj1hUYZPcFVNFK0jia6LScpogVEVRitXEidTNSMbKsXAgWBZqoQgsJJfwqMLDn
2020-09-10T14:43:16.610072398Z 10 uPIAzKfT0U14ia4PzIy3woVvWej9iLiUttTK95JePzOnvdhlOGifH5Qnat2D7
2020-09-10T14:43:16.661253562Z 11 Df6WrTGMx0tYmoXY0KBiBUduZVLUqelORgWEEgxnKKtk8cpOUpRbaAYd14a6n
2020-09-10T14:43:16.712190680Z 12 uvcN5OyToUkdCComK9J8muURU7gd1TTLkJUka8zlcqiHarhXppYG8bujDlg72
2020-09-10T14:43:16.763580063Z 13 Ej3FEP1CP3G3sq28PKgaS8YBRpUTGcbsRHK51t7ue1kajmp4ooD0dTNLFtREj
2020-09-10T14:43:16.814976819Z 14 5DXfZJ3cJC8Xi01h1ODjPgHUmfyeoP0M02TuGd17UrsEWlAL9H0mQATmFjSPR
2020-09-10T14:43:16.866148758Z 15 UUuihVJoa8BddN0YiSOmy0AuDaFmFzrK8Ei3jP5054uSkotheJYHTy5MPVmOs
2020-09-10T14:43:16.917639221Z 16 bfYPG14bEci0fd8jxXtsqDo6DFxlXvjHZU5A38FK1lPNQK0Dnn1G4vv5EZr2U
2020-09-10T14:43:16.969602287Z 17 yyJvHCxDT0oG5l5KcoXhRbCLZoe9GlNj9BQTxjvOiz0jr4ssTVILPP4c9AW0W
2020-09-10T14:43:17.020765972Z 18 MLqDVGgbXCHE2zklpids2ocuGLZTKJATt6Kjpo12OXz6IsKJp5Ld7WLavNGVT
2020-09-10T14:43:17.072131961Z 19 bSnIxYZPqj8U5ORgpmWeMWUHmu9L6Ea3ZGVdDCqvsrxX1RQCRU7dQC6z9dtaB
2020-09-10T14:43:17.123826971Z 20 CkgvLmz43yL09X3olaRAU3aMHTZjFd9nBA5fwyPOnQqmxQI22Yd8srYWFyvoI
2020-09-10T14:43:17.175324669Z 21 YLhXpNbApW6snlMopPodzYSyNsAbWR3w8zMO20mC5menB9IUJPAFSPw6maDD0
2020-09-10T14:43:17.225916729Z 22 GXcwAhggIZfwgkU0ZHwLYEpEUMS0WnXzhnxSn5cw48KboCwOr5asMJDvUH14l
2020-09-10T14:43:17.277766786Z 23 IrWSGJRXLXKiWaag7TktuIs4vFrfse6i4cGjWmgbwEd88wwlmLbdiAWKb5cOu
2020-09-10T14:43:17.328808144Z 24 hP07Ye91zIM5Jcglg6ucxYCmtSQzhyrBUCe4XDU432bndSO7sWyBCwtUk8PyV
2020-09-10T14:43:17.380424552Z 25 AHGs1QieOvRj3XqyQ8Mq7rAU31aA9B07GkTwhsvJNcP5YRbZvFFzMnMZBwrql
2020-09-10T14:43:17.430990601Z 26 PU7ltPmpy6fHaNUSIUe91ZSY0zk5EaLoshgh3vzW6rOkHXdLCoO14rUxEhmL8
2020-09-10T14:43:17.482416183Z 27 ilpDwF2zUDX7brRZNbzmIwwMTpztBPa967wJqAmWHFceOtyMrVJT2wbIsC8px
2020-09-10T14:43:17.533909994Z 28 ar0djTsrC0xF8jvMHMJCa0nDZGGQvt4weprQRwIWZ5N6gAIKPdHnkwyMD1jaG
2020-09-10T14:43:17.585807083Z 29 s9toRV1MvyqGSHeknB1zu6sIshUx2KqSam8lhCDuuwjD8FZrm5m0EAl5OgCdm
2020-09-10T14:43:17.637815224Z 30 8V9waBaP0lyqPR1zdMBhenLM46K3ikYcLHLUXYRy0QsoQvb7qgVFzw9NKioG7
2020-09-10T14:43:17.689382906Z 31 CchZerWvGQqR1F6hu6vKQtIBdrlPwq7JX3RKjXXlu9LAp4CcyJJB8ETqvBJeu
2020-09-10T14:43:17.740788616Z 32 arF3Vsq588ChDwTpxrYc7tYI7NnGG5pIxGt8S7lbDJNP9brHaNObQCQ6MJAdo
2020-09-10T14:43:17.791134680Z 33 vzv5NElEeZqc9sBRFZpLBDiaX5lgoFePiqVRBNAEnwHLyDXT84ioYZVzoODzN
2020-09-10T14:43:17.842755481Z 34 NQMmcGsWnGmkIuuKKrRNvxrAH9dO66EwHUryfma76qDrolJKIOACEccXsHUIk
2020-09-10T14:43:17.894347901Z 35 9OOeCPJfFRe5WaVwTuW9Am3Xvla4XHX8U0VcLBgaStlRYcZsvEa6VJJW5F2LV
2020-09-10T14:43:17.945192765Z 36 xuuyrCa1taYtepe9ekOGdKfMZISvZm9IpqIjElOnInNJJmSMCtYo8rxaFkksp
2020-09-10T14:43:17.996198604Z 37 lNhrTm4MNyBtcDHhI5bAAF9xSY0tVcwg0qSHT8INzpCU4usk1dJq7R5Sa1a3x
2020-09-10T14:43:18.047837353Z 38 MPyWrrjxXhR6mddj6bMNVmB7D1JaOHrDHvvGPMNcUaC9D1SKTQQuFozXnb7TE
2020-09-10T14:43:18.099450068Z 39 OMnxgCaZzTesPxHtaiHCG8ohvxLBqZpVOTUbhEiRSJ7JDUXvK1wqy6tOGFHwR
2020-09-10T14:43:18.149925009Z 40 NJmC3EZoErn7AtHHd7DEJVyJ53iwmPkCoZlMm6bViBrZmuUN5QK3LU2LsLQMC
2020-09-10T14:43:18.201298747Z 41 rzTxNqICE7lNwUYqOZzTnAyUq1Ra3SYiUxk8QqSYEcNlcZsiWDLEeCeV39BJO
2020-09-10T14:43:18.252739994Z 42 VYJlwxlMxVOPXCVOB1beuiWpOD9HrMzppZa9NGpBZqvzMNtXaCT8rT87a8rhR
2020-09-10T14:43:18.304157646Z 43 n0AyTrLdAS2e0uZPr61O8QfRISkloSxsg974pz04chizEYfGJNxIGmGotQC8d
2020-09-10T14:43:18.354915459Z 44 mOqL28xbwXs4zgMRHKRYKRpGa9qz89QUNJ4L9D53l3tBdFy7EyWHkQ1gI931o
2020-09-10T14:43:18.406556763Z 45 6lOCBPR4dzFZKrdZMNQtUFoD2xM6NcbgmLM8nRsE8w1eQZCQFzoG4dZvhiB0Q
2020-09-10T14:43:18.458775413Z 46 xWVo1huZqAgBA1taonln0XF95l8bwCLnctSwLtWJ2idS5VWitIywON9SHOpFt
2020-09-10T14:43:18.510038564Z 47 1ZJgUFB8NLAkNtgAcy4Kn5SbubYN1ZsjT58B99jeXv133kOOXpsgHD9w81uCi
2020-09-10T14:43:18.561057414Z 48 E2fajlTbGJy4jl1bZCk5ZQpjqeuKRC7jHrYWhOOowfvBOsBWXxEFBJ2PcTSx8
2020-09-10T14:43:18.612110982Z 49 bQCDZIEdjBsQoio9H1Co4eJdHDsZtJ9TPXUgO3VGf4AbYNmQGTSH7ehjMcNOs
2020-09-10T14:43:18.663347085Z 50 3t4LWVCcL6RVIhKVjpUr4XVe6G5WwltZTiIZaQ0CU0Fj61q5qKVFJyenKByOY
2020-09-10T14:43:18.714171526Z 51 VAa4bwqW2FVKnyMyZrrhjSd4e5TnVXMrf60zgIV7f0yzGv3i5BmnzbtuiNQ2i
2020-09-10T14:43:18.765781595Z 52 9bgE8BQ3nKeKQWIwMWp743kMCMlEIFwyU5pBcKQaaFQ6pjIWatpMbXYmO1bWa
2020-09-10T14:43:18.817687105Z 53 T1oR9LVKtcn0rNPZjlnJbhhqefgGNpiUtEOPuQ94hoDetOyvkXDforfm4I9pi
2020-09-10T14:43:18.869517875Z 54 Q6OGHsd2Lf6kgN1i86okhzELyxyW5s2mt1tWucxkmPTfLyZVsvTTUxSnSs2M0
2020-09-10T14:43:18.920569366Z 55 3PniGZ0oZkiftv2qnSKr763UztnJ6ZgFXxhGSCFKNzVDBvoCvA9gNQ887mr4L
2020-09-10T14:43:18.972449747Z 56 72O8M3jpG4sUSG919QPAVIfMnUFZbDSWyeHFqVKZfEexh3xFQv8QbFfVfjVA9
2020-09-10T14:43:19.023272688Z 57 lcTcCQpYwINnNnwA62GS6F6X8NlsShJKFV8wEXipfHpRy8l4R6SqRMrYOJQCs
2020-09-10T14:43:19.074460127Z 58 oFLUGVjjTIipoFsQbnvJ1TvYFJU3kEwN0o4MxXnmD3ruTK870pPG6g0u9weBm
2020-09-10T14:43:19.124968862Z 59 6kKF6jEIuZJhfJOfpPAMHEwXL0Dca5vouApjqWiAgb55sC7SpwaXWjdIDJZ2r
2020-09-10T14:43:19.176265179Z 60 gAL6JhhqZx8HJxI20TEompQcoQfP3uNnaz8Y4hi73XsmMngk3BKaN74Emh5hI
2020-09-10T14:43:19.227031815Z 61 gHKyQf6574UPGW1aw4i1hikDGmniX4LCfYjGt2xaMpRoZmtz9bVNqrWgBExpe
2020-09-10T14:43:19.278747372Z 62 Etuv0wPhAtMmOOMsehg5a5yrtH6R8t0mPLvb6srhQ6hyN4ISJKZAVpjN9UmCQ
2020-09-10T14:43:19.330614894Z 63 lylZeVbg18rPQaCy7KIum2EBnxhoVEWicRuGeJZpdWOhqZg5dBpXO0rFszKGj
2020-09-10T14:43:19.382005008Z 64 REFQoYqlKpluXSGyD95Hx73ZXwn2cOYCHeIJDMpfd4CCgkAMY3hDBAg9wENQC
2020-09-10T14:43:19.433661254Z 65 OyMh9SdobIzfQB1a21nCy2EeHQFlp2Hc5mQBfkFTty5A9GBIV9OaPXo8iezvv
2020-09-10T14:43:19.484730681Z 66 3uej3XMnW7D5g5SXbmQwud6Gu9QIy82rZtZ0uKj3dBUZv20BSflNCgoBsieOp
2020-09-10T14:43:19.535879502Z 67 9di9P2CFkXMigdMhIGQ51spNvQL3WbedOGug7BeWx6LtdiqJfsc7TkqgeNjdj
2020-09-10T14:43:19.587982165Z 68 22AjofTwVA8sXy4Vazoxo2ENTmKMy77sM1M0bDKUT0sLEhi4NBy4aPRX0XNtd
2020-09-10T14:43:19.638611263Z 69 aiO97cbp8NUGVcTWB8s0dFf0Pc8e2NKArkQ1YLerdqhpAaWzlY36xvWof9NoM
2020-09-10T14:43:19.689947248Z 70 qnVetYekT5nWuJBrOuFfzNhc9Ty0Dsc9nZJzMjqdkEMpKthzVLtXCVioLCXDS
2020-09-10T14:43:19.740832958Z 71 8vEEfWrE84kfE3FfMLTj8cNK3PvpvTgy5JblNlSHBhlAMvyZGNNzs4wfW7w3i
2020-09-10T14:43:19.792369092Z 72 mudK2FULrAbKo366VD34liQFsI0IoQF2AFM62sIgZcEIjjJ6WrFQiI8fTDJr0
2020-09-10T14:43:19.844346006Z 73 GD6AV4yhXiBaV5Rt01Ln4Fg8sRrGyfzqc6JLPFg9TuDBzWJB61rxHHu16DBzz
2020-09-10T14:43:19.895596595Z 74 m37PxtUTSotShRf03Yei8luumNMUmwsDn8IPAakzz2l6Nly4GMgBPYxHpaeU1
2020-09-10T14:43:19.945717451Z 75 CMKauvQL57uj6eSskBBhlCh26Vg7n2Dj5iUlRkQnaOsMgKREi3IoIx7amGzNk
2020-09-10T14:43:19.996783184Z 76 jQexbf1lfQYYosuYC12qQJDPlBsmc2KBjKiLG8EJeo9tfKoFS7ndxObTkXNgT
2020-09-10T14:43:20.047966266Z 77 v46PIXmmiaDtKDIFa5hnBN9EYFii6zSoJKSENL7AFauoJQuHTYi856yZf4LOa
2020-09-10T14:43:20.099454745Z 78 ZnD6J2QAj8XFLWzhMFtT3kdG9n8LqnkoEzcIObB8BCT8YpOzSukOLOuSkaDSu
2020-09-10T14:43:20.150041319Z 79 p6XVrXxA1Bd3UwDuGcRmBxpjYNFaiHko0A5wL702tewoX7tB3eFEsAEmGyNya
2020-09-10T14:43:20.201100827Z 80 o3PKQti4lR7y6bzQFdnKsLPsT9OyUn5sVuKsyKBpRM1tm06p37WrtWVKcsMP8
2020-09-10T14:43:20.252749091Z 81 vikMfMXiqataAi7UOOQs3LYkeNahOU3jmJXYbNmwt6XAKwpurrGyCG0JaSokl
2020-09-10T14:43:20.304805852Z 82 GzRoC6vbM4wZZcA9dzPuksNZfdPW3MOPXd5NqLcEr5wdb2gqmRH0MdflAML1p
2020-09-10T14:43:20.356041129Z 83 TCR3FL4VlHGcZvbbguQfiq8HD6oX0aT0XLuQBswrGIB0tj4cTVUc3Y3GMdnKR
2020-09-10T14:43:20.407596492Z 84 A73xvyiGnZdjRfPNPOkXr9gnsxnUBInC5oniGfna5Djz5FScUkPsX5dEhwpPU
2020-09-10T14:43:20.458906074Z 85 JtrA0Yodcv3UasmPONs9gS3l6Wq3aYn606ZI0K5urlg0Sqlid0Onof8tEP9Zl
2020-09-10T14:43:20.510222429Z 86 zkXBe1lVUXcJh1j7DaSXU6dy0tIC971EnqEbj7hNV4Nmb6MabGbZVi9t92JPP
2020-09-10T14:43:20.561057638Z 87 kKvNfuuQwgbt6JrFJee2YncADGuHtA1aVFv6KiYEYm1lW4pBRzWBNi1GywPno
2020-09-10T14:43:20.612709643Z 88 sgmImXjlOkGaKXLyqYB2c6nM2zwC1KPfLK0IYqxo9Sjiw0P1A2Ab9bs9jA5YE
2020-09-10T14:43:20.664092075Z 89 PxfAR4GuQdrmQCca99K7KafbafZhvL9MTK7bbq5fpzxSjaGFFyrbHg0KfRC2j
2020-09-10T14:43:20.715685355Z 90 0HTqrnLqDKjvBhTwg0XnB8REqoInkq7X7W9nGZ6NmqDWKbHQTvv71KQGev3YT
2020-09-10T14:43:20.766334484Z 91 qdhMoJW01IVQMIkikU4IqgSRta2sfQZC7clv9uAnpjunatp0uWsnySGp1zDAa
2020-09-10T14:43:20.817058032Z 92 99yWK7ygHtIxOSvydbB47D6hi2PmhOdjtEVBfae3sVWaUOFew6mF8U557pGUG
2020-09-10T14:43:20.868503225Z 93 QC6d1CJ8uJ4XoIWpNfoZKT21aPZPPekjSkGEHwwd7VmiU4GGh9VBZAGyOBoJD
2020-09-10T14:43:20.920064427Z 94 i2zhloL2Q6K9MqCH9a9lOIsqvTVN3enfSyE1Ivaig2mWKJbTOtvUwPyxIZdvm
2020-09-10T14:43:20.971379748Z 95 nYz5LgsETjDRE26DMHPN89rRKsXXa6fCr9kiUtkjgvcp1JjO6Zqa7uFKQCZ8t
2020-09-10T14:43:21.022461345Z 96 YToCelXqXwsxqxw1ranNME4tXazma9UbEoYgjio1sHPv4ZQ2EAscXjSwoDRct
2020-09-10T14:43:21.072888955Z 97 7pTjlt3n4lcvZxWtgybIfGudfesGRE8aRvs3J2jAGaauyuzfmBs1jdagIvtVo
2020-09-10T14:43:21.124495111Z 98 5LFytGbmDYppZRAQMc5dcaZ6rv4Uey38vvSFjEDibo6v34MhIX92iSsQ5pACm
2020-09-10T14:43:21.176166367Z 99 jqMFSn8DYimNXnndscsjpvgsDgvTrpniPB4qtTUhw5ZdH77I713n8rExS6Z5B
2020-09-10T14:43:21.227413671Z 100 DbvjfzQ3BUhCGRz1lHQ164ffMr2nJVPJ65dYcYVfvIO867zn7QaIhI3exLHz
2020-09-10T14:43:21.278657966Z 101 O1pR9katI7OMZbXX0wm9DVlJR9vMquy1XGg6OQQ7s7a8BT9lA6PPfhvyb33i
2020-09-10T14:43:21.329504977Z 102 FTzbVYfRgd6TYXURZQ9ekuDS3lO7zfvwEmWQABD0xraYTYbAcviUMGHGrVDa
2020-09-10T14:43:21.380237260Z 103 dQIfqWk9hBBUKZrAGyLHpAXKy0vTQqhbE6cmIM8OHm8u2w84Fq29oBIjewoD
2020-09-10T14:43:21.430865518Z 104 zyKoocMX9wCl1t1SH4LMONjyRsf5UQtQCzFUWwErHYUplYyjMq33AHDjNnqQ
2020-09-10T14:43:21.482700488Z 105 rsSfvtvYGa1C2XkhfJXNi2RUxtjKxLaO0dZr4EvX3oBKAHLOEc0FyBYLCkj1
2020-09-10T14:43:21.533878491Z 106 rDJtz6XBa7bJ9qMKkjCJuH8d1iRvsU3NMd12gkGi5iwXUXgmNFnAWLdJ7r9Y
2020-09-10T14:43:21.585456597Z 107 ne7eqK7rt3lHEEH9FiTTT8SzYnbhXzi1Mb9fFinSwHu0kETEU5oTIcv2SClz
2020-09-10T14:43:21.636433527Z 108 KtlDbFFMGQOlCeDHkk6SlsC1sEMtWXIbTgCrTDqkZ73MG2w0NoIyRv9C5NN0
2020-09-10T14:43:21.687418211Z 109 cIeZfFy767Uh8vIeWBgqtKTe4mRsqgimkScq9hbxmQPUwDAAtALwHZdZOlEB
2020-09-10T14:43:21.737938925Z 110 tCRlNuI1ddwggM7C6ID4hTroqW8rZMxQ51Wax7rIlCVxG3H0mxDmiuG1Ahfu
2020-09-10T14:43:21.789498730Z 111 M3btGkz7wrW4n67k3xUWwxl6iQNez1Wm3aZl1GjGFCfoLrbWYdwsZYUPlzKS
2020-09-10T14:43:21.840776019Z 112 itB4JI0wZChZIYqM4ZdBKFbe5EppcxA0Lm7gQOs540UfTCsV8f75e1LnXSFG
2020-09-10T14:43:21.892887986Z 113 dgzGE9lRF21AVU6WPb2SfSbI0vb1PHH2tDPLTh1CFYuTXLoPgcgVjV9hBGH8
2020-09-10T14:43:21.943985457Z 114 wzmcuwbEIlOQ6YUJqsGlQtsiyg1cW3tVlGGHfx8LXvi800GY8ZBbl9sjAnis
2020-09-10T14:43:21.995030248Z 115 QGQztUt11nfZKlweabYwuPzVhDsVeYOc9JsNxm0l624wlGsAbeLE1bsBjhE4
2020-09-10T14:43:22.046635925Z 116 MFiIqPfoikXrC3w6irBcxExR12i4BeGC6Wl5ECPrxxuMJjhpGljBCAn2vCuR
2020-09-10T14:43:22.098244935Z 117 5HWs7eSLHcqdwOHFq33iVNbGHP0rxjGjVI3K46uoWVzIN4Kp72rklSmB8coM
2020-09-10T14:43:22.149902048Z 118 Qyv1El4oFF1hdHwN24H1ADm33x7fD3fj1pijc5laS6vycjOUdUGpkb0iJJOF
2020-09-10T14:43:22.200992429Z 119 W9im1mDGwhJs97fXVPoqdP0tTnApd9EixvUzDrEGE4lsvUxmzcGoR3owgabT
2020-09-10T14:43:22.252308011Z 120 pGM4YjilWA9pEnaXgLQoqd3R6eMb8pHiZejKSeRnUWfVQCDD3XjsHn9aTByy
2020-09-10T14:43:22.304165960Z 121 X8Q9XySTA8q2MaC0Ho9BsdP9M8wI5YZjFlF1oLoZodvqyQTBcRlcmZem2Ra8
2020-09-10T14:43:22.355343125Z 122 MwkTNWjMWxfvXT0TuLvep2Gm1tECgORabdaAtWXBaEXk4sKJmsE7xhdh9EQF
2020-09-10T14:43:22.406645107Z 123 6Woet1dOdv8zWwt9ZHpuBzkodUlJ2FL9QQSvrYyOj0SApLj6ZXN4qcLsOpwb
2020-09-10T14:43:22.458399499Z 124 lsKDdf3vd2HMOvVvZWWnvTnc1MSdDZDUtJ7XZOChP5SIKkfz4JzlhCfcYQES
2020-09-10T14:43:22.508812003Z 125 vOUAK9gJfavDZYBjLhTTojpktVm4UQC48xe6hrbXNkk2eptviTyyVSY9IYiL
2020-09-10T14:43:22.560722272Z 126 UPMb2811h4ga8TqlbJDzhPKiToyvYYpNkkLdkaCeUAQpIvNgKKtm7UAgTR35
2020-09-10T14:43:22.612663497Z 127 XKpm4upOMREx64w9NfXVmYhubKuqTXFea2j2ItYcX1LmXuqubCunc9fPsZem
2020-09-10T14:43:22.664524134Z 128 NiPUIubJjt7DVw8GsSHCYpZSyoccQZeEaDb2h42d02ZH1FcAFM56vEr2xaE3
2020-09-10T14:43:22.715083157Z 129 s5hcz0nRDLpZAwvSjOmCOwgAzd0iJKzQbR7fomY1DyYRY8f15Fbv3Biuy80K
2020-09-10T14:43:22.766632642Z 130 xiuaU41Law6PAvj8dseUKnXyLaGD8WIq7EDFmGZS90lCYTocy60TnWoClVLP
2020-09-10T14:43:22.817771048Z 131 0t6YVSMPZVhGU9VsHcp761R1RYg1xOjenYiDUeqTrulagKXrmbEJE5Ck8Be4
2020-09-10T14:43:22.868841104Z 132 GBsDDk9ujtT7gqxU3eUHouGeF7Ckc91dp6DU15CC7lMmp42vTEezcEx5olcH
2020-09-10T14:43:22.920560685Z 133 wfBW3uLkulqpuVpbWISeZP7tsd1Ki3NLelM3qwfc89nBNzZbAg76qfNTgH7t
2020-09-10T14:43:22.972453987Z 134 y03vfwwdvMD55AL1zdWqkjVJ8rD698hodk54BQtnT0EfG7vTJQuZlFNWT5XQ
2020-09-10T14:43:23.023049378Z 135 bzOmEiKmeaK8SlytwFP2gA07wloI7xxNe4Psq9hJNWTDPAGOtz5Q0inmZ9nv
2020-09-10T14:43:23.073952221Z 136 Lmkv1iyLjoMsLr80jkBOoABfzrZxZeui5LvAtf1OAkSquHZqLAeTxWMcQfXQ
2020-09-10T14:43:23.125216450Z 137 tYdQDYX1JQKn5jnpwQkaQiHvb93hqolZnZMtryNUWyR0siWn9RwAO4e1mlCR
2020-09-10T14:43:23.176692310Z 138 fALd3Clu4XAo3PkgShzEf92EMS6oBIZph6c93GoLoS0xpyNumhD3Km5uYV4s
2020-09-10T14:43:23.228189360Z 139 6yEwABHbxDT3myvik8BU0xNZaGjHD6XQ4z9RJMPFTytvvIQ54RwuQRHCmGT4
2020-09-10T14:43:23.278947885Z 140 XExQ3qBmCcqQd0gxF1mbXMjmbIqW7XoqPbLTY6g9S7Nqk7hELfRpJm3vFui5
2020-09-10T14:43:23.330519962Z 141 TBH7csQjbgx67vcUgjOn1kSXYLDjb9YRGudGbFgCyK4a1iG3hGARWIsLAbDn
2020-09-10T14:43:23.380925318Z 142 zcdPCQEgxAxZcDETELC7uEcGlU57iSUU8oSLkn0kMlVRNqe9cBf1x3LabLHo
2020-09-10T14:43:23.432684491Z 143 mlPx6uCKs6mgACv9ZfKfcDuYncTEc7KoyWXLentOSoAkGjNlJUobdmNXNtTA
2020-09-10T14:43:23.484337366Z 144 CRNDrckr5CmYdQZtsSs3ZNkwgOFwCkLwNSQbg6roasMbiYcN12yptSqUiQye
2020-09-10T14:43:23.535833902Z 145 KXV1POXeLrl5MlFLZZVodto45HRJ6sxZJYpxpLPxhqb01wBcAQdPkttzBu6e
2020-09-10T14:43:23.587433498Z 146 CRT8Q8frbLvAzgXtI4BmM092lLXuztzDczptcbPf5Fk7aZPBigRLw3PqBOGd
2020-09-10T14:43:23.638639249Z 147 hjuG9m5mNHEko0ugzBUXP3Qs46XwBsJHje7P6rWQZLO0MvM75bw8HRu4Zs9Q
2020-09-10T14:43:23.690069790Z 148 3ozyeda9ZKvRTil25RYEPXMG8mBYcXoNr1FEHWNSRUKVOfuDAgTREAxEePze
2020-09-10T14:43:23.741161908Z 149 5wVXqHf5KEayEFm1eurb82DOmXGYp8lTy1upgIwelUiI5Nw9oTbv35D1sr0q
2020-09-10T14:43:23.792058327Z 150 pwFhi3KtvbrtiDYqAItUIi21upsvXMdQr2be3mU9Fa0LtZAKtDAiWyPpYNgi
2020-09-10T14:43:23.843596907Z 151 xGU6vPGEWTxnTZ80Ovhu7j90JgCv9C2ZCUx4md7BB8cxmLPSHRrboGkX3N63
2020-09-10T14:43:23.895107965Z 152 bVzGHlicZqIDugB0pER5dRgVJZw6gnUfvozYTxDmv5ELf6V0k6NNNsW0Van6
2020-09-10T14:43:23.946089163Z 153 oHyOXeEluVFwnYzSO54y5zZNawHd02PR8QoPiaYyxEBXBqtmj0sRv7SYLt3y
2020-09-10T14:43:23.997099893Z 154 78UZcroO4kySZaxI9H27mf2lpu1GCpXnRXG7nvrXLDoesAXv3nTZSYJBr6P1
2020-09-10T14:43:24.048848990Z 155 V5fjjhFPWajryJSzbe9X2C8kg8v1jnx0Bpsykwx15jfsyQTGmIwgYSWsd1z8
2020-09-10T14:43:24.100396102Z 156 RcDxKzxgWoC1Mbjug8SFVRC0nllcXVrHij724usowWKxqmLsENk0h7YTZvc4
2020-09-10T14:43:24.151728105Z 157 QDSTch4eHeuEw5u7CAOyiMnM1MGnYYu177rBBx3kvwA1TFy4MPSaSlRR6ntw
2020-09-10T14:43:24.203501478Z 158 rVINfipioOABUWWMlb8voYyRVML8sozpgwMq7GRfEluLk58hvmsPkrJJgM88
2020-09-10T14:43:24.254578108Z 159 LjmN3Uts6QjKcWd64nefP45qwdlcNbwBTUjqLUrKGz8g41QxxMMfPfzbfKsf
2020-09-10T14:43:24.305892861Z 160 KbGTqnh6oQXpnhEkLFetnkr0g4EScSziU0f3Knz8laqiobLM0VEK284u22Wn
2020-09-10T14:43:24.357851765Z 161 m2tHzmfL9IJlYCcgk7qYhjj35W5HJBZMhAxWmVh0hgr9NONYoidsaZeZOmgp
2020-09-10T14:43:24.409889711Z 162 y5znfwwuVIhSdvmfwvtSO5fEJGvYwELgt9GhW6RUkgBsXpzNpVnrQm5F5Z8y
2020-09-10T14:43:24.460885434Z 163 6Fbvm01wuyXjwTnYD33Zj0YG7gO76E2Z3YN9Qd6XGVvhHIzMS70Yw32jsamU
2020-09-10T14:43:24.511921943Z 164 idTYNjY6WMYbMJAVjdrjtjlGAoAYXTKlervyajM3Fh2twpkauegwAAsqwvBF
2020-09-10T14:43:24.563552097Z 165 pdk0VzT1byU2UcfiGR2O6hAeKemwZ6fMIpngy1YWMCBPCZFozxlgm5TW40HQ
2020-09-10T14:43:24.615296592Z 166 tYZ3opaz3rd5TKu9YEx2G3iiWFmE8vPms8cy3U5e5gme5sRu6TZ51g9pTSPN
2020-09-10T14:43:24.665920578Z 167 HIvveXOXWp4CEkz4visx7WdhNUZPof1wARXl1Ngiq6dS5ZjuYEnFSZCJoNUI
2020-09-10T14:43:24.717605120Z 168 0PFwr4q9AZ0oLqFBSJalOMMTnBrNQsusQ9dFvbxNoSbIfRdKpQAAJRg4XoiQ
2020-09-10T14:43:24.769021575Z 169 pkqOwvtJ1OgEe7osfJIcwTdjqrml6yjjxznZjsRdUcyWO78q0OSUeiHX55az
2020-09-10T14:43:24.820941737Z 170 fBCsPTrxc1HgYAn9NB2JyUK001hwZ1uosejz6xlA91Qi2Q5HsEF84xp8mVbd
2020-09-10T14:43:24.872151543Z 171 ADzZndDDntTGiGbkw0Xf7axywc6XEQiEHX2hqjDdUNx96yvk4fbkqIVB0OVw
2020-09-10T14:43:24.923699615Z 172 gw5N0UHfqHPAuDgE08XpKjvrBeMud0hVTncvXalhelz1Z9TnVIG4or7EPBtm
2020-09-10T14:43:24.975624505Z 173 v7VI1IDqRwGEovvrxpZSWuX8WDowiNdI6gz01CfyZnEEpgqM3gj3OnJK8h3l
2020-09-10T14:43:25.027325144Z 174 VVGlPcgjSyfCmLHlndo4hUBYhV3RLPZrem7e0Bswz3uh8mMP1YWGW5rfSTqk
2020-09-10T14:43:25.078391484Z 175 BRSzqdLlv1hUCRzrSVSup7qZ824enmNrKYsTBH914Xc1XbUussP9CBrsqjPB
2020-09-10T14:43:25.128882151Z 176 rVT00TWkWuwn4SK2poF4CQOYhND006lUuM0nT6yDqHISFcwW7mMFTIHt2l16
2020-09-10T14:43:25.180261044Z 177 Y6ZApb0NYDVwVMekB9MnojWnxjAEukX2n6GIlxFRN0XVe2gwELh1sn1qv2DO
2020-09-10T14:43:25.232056023Z 178 lVsLuyOfcUhGOrNOeEZ6PF834a2fm8KiogN8wDeRncpjFKRwZRXDNFy1Vt8n
2020-09-10T14:43:25.283844392Z 179 GRWx4FAKIGuYfFmTRZPu5VQWU14NUyJYuQzH9hm6n4FreOpA9sRKYQJHH3Hm
2020-09-10T14:43:25.335599929Z 180 XuoOn5K3CVZ1PManQdz2wuW2bYSeL4kijH5LesjQy3qyvruxOzW0rhOEJnIT
2020-09-10T14:43:25.386966896Z 181 VjiaOrNQD6TuPF8VzHdjQ2QjDbDwzoDsqUkfPYhgXuu6YK3hiMN0zg5Skpxc
2020-09-10T14:43:25.438149873Z 182 APvUHDcrqnayiClOcCCwiS7pv2K7OvZPH0ogBNCZq20wstBKVeJ7ime4j5yw
2020-09-10T14:43:25.489176081Z 183 1BsMJNEFuqnLvFfdy7eAl1RaCPDYjOCbst70RuDiKrRU0iVxPFlkOfXF3gOC
2020-09-10T14:43:25.540378977Z 184 O5opuK4KdrDwLmyrOEOityJywXbL27nCgnWlgIxa9XjdGSypcXoR4eRnYV3h
2020-09-10T14:43:25.591032626Z 185 IMSxzwTozkdYoVVbSEh59QeaJhnLp79qSUC9FssFzp4JAUyN00yGAfe2N6Ow
2020-09-10T14:43:25.641803686Z 186 la7YKdKlpiCogzn1iwzXjsP3MKMEmPZXh9kcCsqrtpW09QMBmlQ5mJGJF6MO
2020-09-10T14:43:25.693012344Z 187 sNzRXa1HXTUykABwNpeCgmMSJJqoikkRbMeCkK0oLtNosfMGrehIe8DUaRSu
2020-09-10T14:43:25.744684538Z 188 epgycxrDnqgiNtN7HY0iSWEUJlYujyLVNnRMelEGDGAzg9dSeJZHcYJRCxOy
2020-09-10T14:43:25.796634024Z 189 8NnEP5rHptNBlXY6apaBQ9pKEaqByKUYZ5e5aJzyn1Sqq4ugj0XJ6dEXP0rp
2020-09-10T14:43:25.848283524Z 190 DAG6Wgjdnp0MJKmvlFqdqtJFUl7xv2Tj0y9IlxbgWh0sKvIIr8MMFPfB7ekr
2020-09-10T14:43:25.899750972Z 191 yLwmAmX8pwAqI2t0sd9LonbutMYNWmQk7GWLyKhShRDoaHC0hBWIDFCH3Cz9
2020-09-10T14:43:25.951269637Z 192 zwR0OPZcvxaohdnbjkdiPhFFPtAHmTx6GNzrJnmZAjRT5M9DZTAJ3IQzSsA7
2020-09-10T14:43:26.001957756Z 193 WVctrpZwmy53iPkp05Nz5yp51DGCvbmDHSl2hFWef53wEbBBwRFycym6LGpx
2020-09-10T14:43:26.053463215Z 194 i7i3H4jnLv1xdE7kA5xgF8LWeav1DXt7IpA7jXEPtfLvZCn6B37tqDjdEosN
2020-09-10T14:43:26.103965241Z 195 XwKEvTafgkybw6OyikwvN9gFKf4o2CTzWxxF2GC2Z25ZJq4UKPguuAfAOxxO
2020-09-10T14:43:26.155440205Z 196 1PmcDMumuCOOPhBSLq2za8cZ6ZCK0zG4KOEnd7Uz0qwrtdLekgNJ28y204qg
2020-09-10T14:43:26.206167775Z 197 dFDCLTPwdcnd9NS0BKO79fp8ozHW37bg8E8lWdapv0EX5VhrSNOZrRDqWM5u
2020-09-10T14:43:26.257783874Z 198 YyjXCnHN3mWojDahSqGotM0HaXrv0jnF15TsiIYMWEgiQF4XMhjVceWTSXa5
2020-09-10T14:43:26.308737296Z 199 J7LvGOFiw7TZVktme8wqcQN0y4y1gZrVbTnWQiQVTf7M3xUu7woBc1XBru5G
2020-09-10T14:43:26.360714145Z 200 NtVuURfhKmVFVwy2BiSrDlcFyYNLAajplRTijFL4GZocvGDM6aHK0R2uQqTL
2020-09-10T14:43:26.412592891Z 201 L2EmvrRV7EBxK5xqjfVXuzdScsCQEB0gKz4XBy6mDH7fW31GkPyBRcVBS154
2020-09-10T14:43:26.463551243Z 202 tXrn2tNaULl716Oe6BQKxfrmqvcQGO3z3cldstoHTXD7hEGIVAUZOrQchpVG
2020-09-10T14:43:26.514068559Z 203 rhStLhZPqYVkx1ApSfawEirXgDThqi4cXoztBEDVbKNspXZSKWNwWnVwuPpZ
2020-09-10T14:43:26.565522814Z 204 rkH9kQp3X8StxBHv7kCUVLPB8HJdTDTNyquG7GR0PGH7JITTQ0v2MJq57bB0
2020-09-10T14:43:26.615953991Z 205 VDFxXYEipQ1L4hYZqlaz9rVekzp3BBsD6vrmTOBZ5JzbaGe85abkJmsgnMvp
2020-09-10T14:43:26.667897223Z 206 ZUgau2Ftitgj2xFsMijumSMUz4AhspAH01osSBfGCn9TTIVptLJ2fO9ohpcw
2020-09-10T14:43:26.719822414Z 207 OxxGk06SJh6ZBdrWbucsjqx5yvjeqdXo2yRkYxfc7m2JUFbY4rD3mYGnmWQg
2020-09-10T14:43:26.771351334Z 208 YmpkrfAHov4sWg2lh4FgS6CcEOoQmXJDxZwnhmorPdsfiBfU3qfO7yLqaEwO
2020-09-10T14:43:26.822063115Z 209 w6PgvEv8lbBICKpwDRWSFuA1iAGmrwpKtGNNOfw6QgLQFFRz3EqMs5rcbf4q
2020-09-10T14:43:26.873523159Z 210 pFAf9GdkoTea1BtQWGZtdWUQZflJWcAP0ucPMZUHIvxRM2OMm4PdSyw9Qt6d
2020-09-10T14:43:26.924410509Z 211 66bGskkC1ywsaMqVnMUYsXb0AlyMZRyqMTBE1ZffPEaPXKe7wiHUkCTnJxta
2020-09-10T14:43:26.974912103Z 212 kmUzWvJLFMkR8MD22ASETZQ0fYNhpbPGjV2HvruOOsU5qwRHZjYSPrAxvKKY
2020-09-10T14:43:27.026558847Z 213 9bqv7xxEx0Y9KtpaAj9TE0YNMd70MY0WT2DQIjIxu3CSzg5YGcDefxY2xL8H
2020-09-10T14:43:27.078870623Z 214 DBqAgCWGL7VF4ogqh942szqeODl6PgYtpMttjvWT6Ctgm4nd9GSCnwsls3Ju
2020-09-10T14:43:27.130185248Z 215 fPnh1x8ugCAIvG1j5NfVbhWLxsaL3cVF9ukedtkTl5E1kbDoqzhNVEuZJG1V
2020-09-10T14:43:27.181771624Z 216 Jm8eyRoytgwF9fVzZnTs7uS2wFbalAQnlodiGZ4rlnEeFKJadmqsI5Ib2axb
2020-09-10T14:43:27.233852656Z 217 ELYVfWlwTH6IEDdmNYqsxyrCKP0YiX1SR3OpodrssSEHpr03wNBsTbbIffEW
2020-09-10T14:43:27.285217603Z 218 W0dQIwAsgXUwKDCGjvavnba1cWvwhvQKcxc5Uk4EOXfOxDivH0UGo7cIWm0e
2020-09-10T14:43:27.336662887Z 219 LDm72KuA8ke3fMr5cvIfdmFHf9ONo2joeaJVzJL9F2XjusVYrlutTA9MK8b5
2020-09-10T14:43:27.387294555Z 220 w7i2RcOWhsMJ3w4N6P9uoP6b3Mo5C3Kn5jpzsOu1JICkIfufuWqH2aMb1VZP
2020-09-10T14:43:27.438851239Z 221 4CEvXYJo2DsR9t3SNnC4jna3jdAwdvjCYj4vsAYSaXy5gUg7B2OGTpfsuWuS
2020-09-10T14:43:27.490552712Z 222 VPRKLvy1rjGNtFnIzBbbeCafSdI5VrEvepvXM1ggjzBLl8Z9WoFG06siTdPW
2020-09-10T14:43:27.541994833Z 223 pSpYUKBhurXdqChBNFUTErvCpjj40Y9DFzLGgTlkaIIdDm5SRCEPTa4hhFLo
2020-09-10T14:43:27.593817351Z 224 8JiEiBW7z6mKBNjog0Oeznr8HPUo2Tl7crTZTsSdhGFfBs4oe4AisYXdd1T6
2020-09-10T14:43:27.645794223Z 225 gAyicMDNs510KadjbG06yWJW0mdi8ktHA2H9rxU1NGEaXedWHvugwXxpX2qs
2020-09-10T14:43:27.697504711Z 226 yrMzNCuLLTWloS9CCCvbOB4GnO20p6FwJGnjX85JT5wVVXjJ9Fl2unnCJ8Ik
2020-09-10T14:43:27.748065892Z 227 7xVPBPmtJw0qmGVu7oP9mnJUyI9DXXNliuznnV0Js92Jls5wYTesBPpXiLvo
2020-09-10T14:43:27.799230679Z 228 UkcRkop8NyIJhk34DVz7gzXL2GGRaaKvrhMaFuUoWA4MxBVqphA37cm82U6x
2020-09-10T14:43:27.850172121Z 229 vNmLzbDX5P0uhPtn43CIlL6NWbNm6AnotX69RALyLqaJLcvAdxQmQHH00NR3
2020-09-10T14:43:27.900773174Z 230 sNBVSfk58zUD9tVuqjTdw4sFEapP4y4haeeAROv6SGZoVoM241l5fcbIgn2x
2020-09-10T14:43:27.952295553Z 231 NtC0bojxh8JK9CC1kvUv5ptulUFk3kSeksC4InvIdPcmkyX9duDQNZMU3C4Z
2020-09-10T14:43:28.003241224Z 232 ZbiSIgWYRNJMEX8Z6NHPzqwEsE4rQVnADB5TkwjjAleruCcSgKJfEPp168Rw
2020-09-10T14:43:28.054471824Z 233 FEQLjyO7LoLIn1jA3wu5Lkg1sZZJpnG2TNz7ZCqWQS2haAPgV4Z5S39LxgZk
2020-09-10T14:43:28.105390468Z 234 Y5U8UB0pF2BM0O5bHNByHOTxjOkWKjsSOLJcFTpw0FLQGNf7NgBibrRunHky
2020-09-10T14:43:28.156083335Z 235 vorggiUDuSXa0wVldvQuwb1dRDH7pjXkn0i31MPopzIVWjUCAIXBWjudMc9V
2020-09-10T14:43:28.207705969Z 236 Enw4uv7CBL01SmqnZfYNu8jucXjnTh7iUZjciCHGA8t3yvIFBmAj9jpRCe2d
2020-09-10T14:43:28.259577429Z 237 YToCcrWhjoALfeYpdojnmbxsNaB3mnAxUf7V5XbVD0Jzffy5Vl5ahm2yLePd
2020-09-10T14:43:28.309901331Z 238 xzUkA58CWAdrjC5FmF38anzaDMdDgOIrLswsQJz60vhNTh212DB5xabT6GrR
2020-09-10T14:43:28.361933681Z 239 CYwBcGWp933h4NoIDKnUtUw3RjYnVykdIWVt8UlS4U7Toak3UjaHLHDkK45Q
2020-09-10T14:43:28.413228849Z 240 HKyzNG1p7Q3lk9KkyteaBrJvJsPXba1du0JU1Y5xoMOGSdLL8RIaCrHZO5pB
2020-09-10T14:43:28.464469332Z 241 T2hnlym4NRTUiL7kQtd2iJkRUBmVGJVpZlqhSawUN60yoApOMIco6VqAjaRR
2020-09-10T14:43:28.515014926Z 242 hsoiixx4AohYALdP68jHSNmSuVILYGhXHlyj0IeJr69J0MQD3vPbFcVD2dEs
2020-09-10T14:43:28.565963133Z 243 luQM56odpf6nZW81UabjNoeM2cqtfEvTAr78IoBi7f2uNSRtQPVrzINGDeWB
2020-09-10T14:43:28.617485958Z 244 L5Q6TUxeQnGwgwhipwuL7S9KDVTPQfPyNr6rOt0umf00atOmEV3wDvPAfiEm
2020-09-10T14:43:28.667948335Z 245 cZY23Qtb3rn8nxHV7GvAeWfIaEkaOqFRtZoItRukRqdfHL6NC5QaJT5LYwtp
2020-09-10T14:43:28.719178523Z 246 Jg0GrS2D2NiRZ6ASPGe6wa8LpP2xxXOeB29TUHPIxRYP6PqUq2oRvcMDSS6s
2020-09-10T14:43:28.770404981Z 247 rR7KXaQl70nZHhNi6WhtMtNLU0ZQKg8YTMP2TFM3sKw9SYVHsxeTwq17deI6
2020-09-10T14:43:28.820944983Z 248 yIeLJC4W5CkF2YIanRb4cGpRy6wyEIcEE1ZQ769zqSEggq0SK6ITb6N6xvcd
2020-09-10T14:43:28.872470196Z 249 hQuMANjpS4HMfbdIGeNuITY7lN02s9Z33FT1cLzmClPrNYDsLizKgrxn8ErT
2020-09-10T14:43:28.922881520Z 250 of1wVWDHJdxKksRN643OHhMemYPSUQqIcbdA2F7g8OeW4aObpMiovHBpdZjs
2020-09-10T14:43:28.975000095Z 251 LUqQRiTI3K0ZFCiaHv54tKO94sHFPwBsVOo8RuQ9TDWHyBRVXswXLwVeDxTR
2020-09-10T14:43:29.025960339Z 252 vuPA89sV4VUCuHrEBEbZAM6LslL7k8FO2aT3T7sbLjIjhPY34VfVtY7dr82Y
2020-09-10T14:43:29.076873839Z 253 86grlVRGb3cdmBTeamSDJzUdKFCRxJqkxsqusUzhinjW9R6mqW9jUYoQRbYQ
2020-09-10T14:43:29.128561866Z 254 eHHTAAL1Ep40r7skh2ipWSBy3UioxQcOmGWKT7iFAZJg65tzAxwjf9Z3wqpj
2020-09-10T14:43:29.180143250Z 255 PUlKoaP0idLlYyNT83aJ2Vp2YtR9cX9pm7EEHixHRJl8ne9TEmts9cKCYaK2
2020-09-10T14:43:29.230918928Z 256 A2gzrstP9Z6UF7jZzbYB1LTOOFJ6m5n5whYQ2R0lmm0EiKT6EQFoW7mpTdoq
2020-09-10T14:43:29.281793996Z 257 KRWF0YJwzuXaytodOD9T0ELKDQWMCMjth3LvsAsuLtUnRiIu0dTrx6u66Ul2
2020-09-10T14:43:29.333633773Z 258 BUzkMloWqR1t0JkKYDRkpOZXXFzv8hW6LgHgE3p84pasQsldkEsN4caf4Hpt
2020-09-10T14:43:29.385513498Z 259 0oLShvlu7hfBbeUDwEEKLuknGOHa6lhvlQdAQ1JdKdTAd3liuN313ni0Pow1
2020-09-10T14:43:29.437808580Z 260 kzOo8eRb8N7ZKWV4tLCawWf1uAeSjvsLV9Ij2OY6W8qDoYseoqcvgglcfAk0
2020-09-10T14:43:29.489852005Z 261 xbUs1qQVZdZfdbMbFHNTDQ1ld9Of4q6F0jfi1iG8N52g4eMIhws874jkg5mJ
2020-09-10T14:43:29.540810604Z 262 M1fJLNqbiJt9wLsaE9SP3oLmh40ZWPeBGBpwIYU84BQTEP1MaAV9zZARawQu
2020-09-10T14:43:29.592633324Z 263 rgBbPWv0xuM6zx3kb5ftvxdkdVHMzbkSRQ34llQhwPnr41NFrahu11Bj1hfk
2020-09-10T14:43:29.644276577Z 264 DUhLVk80R6MW4FqNqCyGPXRscKNKoieliEwtrDkjJfxo891U1f1CqM5OYqL7
2020-09-10T14:43:29.696756979Z 265 BBgqujfsch5s00zHkX36Ej9TeYfEwxl4kmIKhWu8DQdfFGTsHX2VV1q7nCp6
2020-09-10T14:43:29.748031475Z 266 rppnt5JhmGN80sEmVDgoKEAsmToE0hJPmdXc7peuzOZ4razGF98sIg6QqUN0
2020-09-10T14:43:29.799013088Z 267 hvkFlHac6x1fjUaTAtIgoCEcXNPTdNxdNYC7inzDZA1UxHY0h79ZjtrJE1dn
2020-09-10T14:43:29.850375867Z 268 RhfIhlBZmMxrPogJ3VkyfQywVeorO6y2ktCUYI4r8NXPyGvWGZD9TNXztTgc
2020-09-10T14:43:29.901641136Z 269 DxLInbakiE8XkBC5gOT2V3YMjYHYTkzpMCsUxaiQqkDAE4xYtuVxrNSHGWfE
2020-09-10T14:43:29.953746791Z 270 CI4ogz32hKVPq6WBAmjh4w7rYfvtCAlj0RmyHa4b2XaoUJYffqPhDuLGjrzb
2020-09-10T14:43:30.005179150Z 271 9kklc0iOyOluIT8l5yHP7sR5dk4etV8FqCNNQmLyZtylnBO6FU8K62yKDieM
2020-09-10T14:43:30.056524071Z 272 m79svwJ0imxqR9pFBy7Yd0n7f86Kw6SuIbDSt52ntwVQ9fuh2lYQagqTJPu0
2020-09-10T14:43:30.107061834Z 273 8D2iYQ5iabWAMbXZCOIWKlJ4OwMz7f5uaJ46klBllJA4eIBWtZLu18zMC5FO
2020-09-10T14:43:30.158734628Z 274 J8p0J38LWMeFhQ9vUSeExEdtH9r9MG79ne5VwSfkFLNGIZY3aufhZXvSKMsY
2020-09-10T14:43:30.210898913Z 275 xq6XW4iQ2u2FmJx4efytvv2Hg6HGoK1rHkSxAz22EEFOqDnc2yOH4UCPavxr
2020-09-10T14:43:30.262004589Z 276 4EUBVOyF8XKZMTAGJHAZ0N8gJ7Oq9et80GPkqJD0h9tIX8I91HebSQF1o4S3
2020-09-10T14:43:30.313057988Z 277 ZM2ysOnZ6rLQwzO3e6b8vbiOqPJ5z2JDMtSKH5nplEpBtd0S9exYX8m91MXa
2020-09-10T14:43:30.364322190Z 278 08006nlQk8fDhpGl03PH2PUoeEbLPRSsu8SPmJi3bOgFYeIExXHqDAozBhAD
2020-09-10T14:43:30.415286616Z 279 UTvHhr3v5zF0l5020uZo58EaMJesJzSb6Vb00biIPZ3coyioEukilq9y88N2
2020-09-10T14:43:30.466732541Z 280 hhWORKvowVujM0cuMr0tAfC99XXY2q3BgQB6zIW6fIgwmk1gnqGLK8K7VCFC
2020-09-10T14:43:30.518471137Z 281 IBwOJm882FB1929E6nROeM3L92peAIljY8W1dJqawyo2b01JWnmQKuVYnMBl
2020-09-10T14:43:30.568994624Z 282 KBIdm1ihsKJPoTy9q1MH29ixqyTbAj6gesCIkaITY9sDulnXslhhu4DiVawI
2020-09-10T14:43:30.620903862Z 283 DWPpxR8pRvJVF15VqMyklqGhvbu2eWB47AoiERF3VWdhntNoLmtBNyiwGmZi
2020-09-10T14:43:30.672650359Z 284 5TIEWeo7ktMvjN9oYEnZiD6XZ5Bc3PmuKsRnz0TNDva80Kxbdp9LlRwAbAgo
2020-09-10T14:43:30.722912438Z 285 Ji7vzQbBe1X0WggRgBHyM3Hp5hTqSlOpD89W2BEVZN1VprpM2tyY556mNG6h
2020-09-10T14:43:30.774655256Z 286 cFjApZJQjRgcoIzfk12HaENxREYbJJYWszahOsfOThrJ9GbF5cK1OrQylb7N
2020-09-10T14:43:30.826394615Z 287 233bLhZUprTgExdnWX6EOIq69X9zW3LmFujwzqr7jgG3VhZrIGhBewCZUwVu
2020-09-10T14:43:30.877080781Z 288 ZRKcGaD3ftTMXOcuelEMgNfnxZdy2d9cauFMRqqiDviCov1vCMwLzswZaNPC
2020-09-10T14:43:30.928707200Z 289 TWWxZZD6Jmmuq05wP5RfouftZrGPw6gqoMmYhBQgtCTDbImqiwizltDeah3V
2020-09-10T14:43:30.980243988Z 290 Gx7LPvgd8YlK8MQ3GH3FnJQq8Tpj4DcqwJQoYSRtrJV08k510LMqL5vNo8uT
2020-09-10T14:43:31.031552855Z 291 CWdtfxUmTol8URUlNNoUhV2ILHZIHRIVKk3dP0WReilSAen5IYuAExck8Chz
2020-09-10T14:43:31.081931542Z 292 kc4BOhIFVqMnrKXArIZM1ymJpGUaH8BNOmpZKC8vuUuW6LcxthT8Sx8pKz4i
2020-09-10T14:43:31.133240688Z 293 1bEpIVJWi64RZSee5ZTVRs1agctw3Uf3AHpFBrCEbvZvzcefwlf8M3KdWYVV
2020-09-10T14:43:31.183912027Z 294 N4viAwsMCIvRvZkC6BQku7S6DVuB1HvDJI0Xo6yIqrgbBfSMKwZlFgutd5YP
2020-09-10T14:43:31.235134933Z 295 tjauUZTswFN2iEy98n8bygqJZgBoU1nxgavElwuU3f0Fe03VrUTe8tzuCrXb
2020-09-10T14:43:31.286251251Z 296 RGCtmZttyhiHOGQXJH7vWYrIz8BT1W8WUILRi13EUriJCOdbJrD4BGBoe3HT
2020-09-10T14:43:31.337586851Z 297 ZDVSn5sER9XCWDxNzmJmjK7hPMRQHpJasy5GYP9OKk1COJj6AMoEkDaZbPxi
2020-09-10T14:43:31.388733207Z 298 5AHBfkO4SCZ8Bsw4xq6vyDDgZCWzuUNaeCAL2MMflT4cOChIrv7xqtj0aNjd
2020-09-10T14:43:31.439240927Z 299 2VVNYUJTcVOPwHlQmFjiC4kwcGdOAz1e66oHvsVpj6SMbJtKuacULpoa1bWV
2020-09-10T14:43:31.490881763Z 300 yHkZ6Zzp8eTSPNPiwkF112ONAGgYQlyaTqCUVmDkRuUIi2bK6hGCpsf4zHA8
2020-09-10T14:43:31.542288881Z 301 xnEm4xpoVFHz7UxCcZS4iNebXQnUAbH6SOIJIDF4D7i703Ejdf4ou83MUdYU
2020-09-10T14:43:31.593574516Z 302 UujfH8KgQAzPqafBEXXxRsTECnOFNtCO40wKulmUmiGrfDuIBFDUFnic9ZAP
2020-09-10T14:43:31.643833800Z 303 tARXnpJyKWhHNgQVmNHDZRUKJm2kJI0e23nvFTGIR39ymnX9zQ8kBRCksl9b
2020-09-10T14:43:31.695517636Z 304 cIBCGzyATqAbfFSnMGBZS6ouGk2eSGLXAnKtlyWPICFTY5k52l5sNn9kPorX
2020-09-10T14:43:31.747091130Z 305 fHxOlFG4DKh1uwCkutILMIFLaIm8BYnvW1HL9Y8037k1oT3Op79SGZ9CYF0G
2020-09-10T14:43:31.798914901Z 306 DH5GGBV5qfRkTxBe37ySd3ojEHf6CGcFAu91Rx7z17dmAi8ajsp1fiw1wfO6
2020-09-10T14:43:31.850029763Z 307 yVsbPez80C6op0jSCbLQFbvEVH3ERRONqtldiDr5uhKRjnevpt2Ny7b9OSoI
2020-09-10T14:43:31.901567721Z 308 Mhw7mFIBVOwtHpZjrxR6IfALqWu0t14IU0txQQ2Pff9UJHIVP95pfDBh7KqP
2020-09-10T14:43:31.953835666Z 309 IsgKZZYlACUX3R23MKEongNaUtjPne3we0i0gv1DAbXdQDEfw8oxjPjSzARh
2020-09-10T14:43:32.005182327Z 310 4vPc8YMUFBn237oiwQi8XolWJrVnsQepOoKNMujbiCAUz8XdFSzMV8dewzub
2020-09-10T14:43:32.056654816Z 311 qazftJbPCto9EOpZzxAGyWs5bloKq8yXJJVjLvAmHkMSnW76M4bbtp79mwsF
2020-09-10T14:43:32.107794829Z 312 KMxmHv0rYJO7gEZED20dasnWDgAAdUL5JP30rLeKFfUo8zYCO7D5jzeM24LV
2020-09-10T14:43:32.159259523Z 313 05Jie1Zfb4DJ5wYEnQoTsFtT00g5yS1Yiel7lYwx22ihcjasWgcRKTCO2weW
2020-09-10T14:43:32.210317553Z 314 Hd9A8v8zjSUvzJfnRZ1oO3wejXnpx9xMMDlVYbNVFmENPGfMUWp9DYwYKXbN
2020-09-10T14:43:32.261577897Z 315 bYvl9xu99Zp23o3kfBvnhFTgYtSYk9XRcE7DCkOl2hNlqqzqMwYfZT0fm0CQ
2020-09-10T14:43:32.313515128Z 316 a5hpsX8mFf3hpln1mlupWSDGS9wD0M03FJdNVq2RQ3sbJInzWPomoTZDTwBH
2020-09-10T14:43:32.365069226Z 317 T4KidyKOg42ePSGglkNALZ49LbMqTY3md4uqPuqyvvEFUXHx1XxITQ2hAuKb
2020-09-10T14:43:32.416200752Z 318 ACdgpeY9MjtBF0Sd1tfXTK2Hbwbxaakv5rSJOgaL0lVzQjaGIUcemPit3BGC
2020-09-10T14:43:32.467244250Z 319 e7jbM7BJ4NckgDOaxScozN6uY14zg7CmMAnuUvHSyPyu2ZGPIdddIw9sBq4M
2020-09-10T14:43:32.517792348Z 320 fP59Ccgl5VfBXzCvuYokOVHMSgiGZWKDcPxXwZ91s4imSxLQGsvRdMRh5FX0
2020-09-10T14:43:32.568584211Z 321 kMStL8sZHNjone9QAf4wrH8I8jQgEUaUWRBXX8eG9IV2YvvtWzR5QMrKyMlZ
2020-09-10T14:43:32.620198957Z 322 mFu6BBdAR57ZiujIHSELAljg8aQrV3OC3eKEYItk1aCTkSb16VUBZhUycb3l
2020-09-10T14:43:32.670988477Z 323 NiVoOzO7TvaToebaKDGdx9juBinNzDq0OfiIYWWSQqzkj7XRDHWm94oIw0Ie
2020-09-10T14:43:32.721894998Z 324 tuK4xsI4Y4BgIgKT5MHN3BcGYpyq0kYMe0VZLaDKb3T2SlvZNt7zBLgdtfuP
2020-09-10T14:43:32.773128763Z 325 WZheBGLzvauRIDmBCwZb0q8C9Ew3SIWNTTgfQgZiNpFVwjlNh45inXCIFy7U
2020-09-10T14:43:32.824581831Z 326 ossDVq2OgelmRhol6v3Ppe2TrZ1tH8Eb6t2NOoJyV2unAUISDCTSnJARasL6
2020-09-10T14:43:32.875615640Z 327 Jjqmpa6eKKsCBOQhp14asRJM2v9MSMkPYbGiWZfnhges0t0uazOczIpvwUXw
2020-09-10T14:43:32.926732531Z 328 1xOdtVfZELRAsjy8HVfv5yXZvPGS7zsg7OplAT4nCqY2LWoSpehN7LUxs3Pi
2020-09-10T14:43:32.977174545Z 329 6VWtYw79yEeCeNVXUqtF7OagE2rjyguYpKsZY78Be0HE2MRy5E7SbUEoPSSI
2020-09-10T14:43:33.027740070Z 330 ntaFdxqczNmL6tNZb8gwyZD5gg8OgYsRS1Siq2YSSay902Y75GBb7czCNCJO
2020-09-10T14:43:33.079209340Z 331 iIm8Pa44MVEzOS6pIQwY9pLNeq0b8iYdbswAE8bdkkYkuO20wBgWivTuxWHD
2020-09-10T14:43:33.130603050Z 332 erdqZbJJf3xmg5x1Ton0TTrcfsNs6PgMZyP5ABro3JuUZABATMJFH3baYDAK
2020-09-10T14:43:33.181442259Z 333 wFUfD5Qjqh8v2dYGoyx1vyqtb3LdV3ickex5X7JEm1rI8GFlHaofPRbrg3fJ
2020-09-10T14:43:33.232019872Z 334 lDdjsMetPvhNQ1YKOhjxaOJ4a2Y28AxxGxmttUidBnYlGUXzzhTDQkzyFmH5
2020-09-10T14:43:33.283723246Z 335 LI2sMrLovX3buEXqeU47jdKSNqMJ9eNAV9pFqfi0I9AoRkeClR5FvgjMD6J5
2020-09-10T14:43:33.335796911Z 336 nM2OZVQnaJZ7m3LQT8xwNfn9NiSNBnu7QWUdVQhoo2t0EFG0wlUX3hGfIl8A
2020-09-10T14:43:33.388023120Z 337 P36ox1luVe02jCYJDkCqCkFYRzlnPREtNqglIgVkHv2eCtnDTzATUf7BUwlf
2020-09-10T14:43:33.439793251Z 338 MzgpU4NfiDJqfHxLkC9RjHR47D7BqIAien6tignfma1dR1Y7K3nDt4EBw2Eo
2020-09-10T14:43:33.491524587Z 339 F09bOzVBGWyV5Pe658o7uFB82zNfJ47UtuT7dfdFQeu1s9InIaucxQfGIbL5
2020-09-10T14:43:33.542934329Z 340 ihkzAoiYRt3YqIK2XBZFVLMovFV5s5D2eewHn0c0tOGyyoPHWxqmczf0CgTU
2020-09-10T14:43:33.595087371Z 341 rOX4n6d4ghyxj6rhE5oZPcFf4yygrd9IrteY4gHYFkl3m2zFqzFI6zikFPs1
2020-09-10T14:43:33.646095921Z 342 PzSYr9XDjAO04rnp7DpWAKYEEySvGzBgqhJ3hfKCYljbBk1c4yWoQopdEY9s
2020-09-10T14:43:33.696933714Z 343 D3O8D4i1Aq2HF4gF7j6mhGQ0xIg5A1inJ0bNMlcAS0GS3mcstb7nKcLf0kTx
2020-09-10T14:43:33.748422826Z 344 oN2p1nbAwqtde5lIhq0xwIAGeiylVFd9SPYdd7XfGE47fWi31zaj1RGdQZJb
2020-09-10T14:43:33.799146104Z 345 2RoDg6NwSicN2NMJ2m3xJz5WPbGp49Q7h44gdP1Rf0VxHzIHK8ThUISn14Tf
2020-09-10T14:43:33.850823895Z 346 j0RUL8N2sD7JcAa80vhX8NyTeQlSFXHBgKdw95ts9jjRlkjXFcy0Lqizjx4T
2020-09-10T14:43:33.902738382Z 347 cXCo0jXTUgeV126ETosk6JPycEeTR0xF598kl3Gg4wyRTlp85Zzfp38pwbLl
2020-09-10T14:43:33.954681396Z 348 IU2oq17konBVmkA77RAdtVnL0OxS3vIuXsxSSHvS2q9CUEXHCMhV5qqbKf7d
2020-09-10T14:43:34.006302692Z 349 cO01eqfKehdnUodiDFJjD4340auOD9vS8Dhf6JolwX4yCNQutHbML9beKoMy
2020-09-10T14:43:34.057663083Z 350 LpIh80QtQl7FiI5Q57JbiDV6WsEJ0zklZFuqJCfCJ8V9WkKq6IZD7lp3fz30
2020-09-10T14:43:34.109164414Z 351 vVKCoSnRFkchdpTrGNmzBvY2SbuElWU4zcEZ7iIw8EkC2bPCd7BIxdf9liKp
2020-09-10T14:43:34.160133336Z 352 g56r2w5paqspkvSSThZUjzBVNOLC3uWSbKzWhd8X9LMvQn1fLCaLYmXIj0W8
2020-09-10T14:43:34.211576085Z 353 3m03uM24DgQb7Q5fiIOEGFmQzf3HKuNQYKss6uhLVA2wVPOImwxL5QpauQ7Z
2020-09-10T14:43:34.262953198Z 354 qSfvfio6f6yS1gHU5nmnWRKTKWVYOHeJC1NxOOsk9jjYcKvQTm00ldfB6ZCn
2020-09-10T14:43:34.314317318Z 355 9o6NH4KxQXZehKhFcKxTErLu1EIHso0LhyvHgB6xwTN07PfAP046b0sG2mun
2020-09-10T14:43:34.365057741Z 356 TRMctPpzsc4PrOHu6q6T2kofT5FDV45xVRTkEszZDhGmMHDG8qNBIlhflAXC
2020-09-10T14:43:34.415893641Z 357 KnaDeUFEPmplxMRrQeXcOeiXQNKqqRWP5dddp98EBRboTIuRptLwNYUetYSN
2020-09-10T14:43:34.467413173Z 358 glNsZQywDUn7iWxy4kfq3flmMn7DdhYfKKjevjtVWCZVPC6hJgy6zeNzBfcQ
2020-09-10T14:43:34.517978850Z 359 Lhr7qXr3aVhIm9HwaXENCIOoJQpTHWBy7zTJnLChpQxFxORBZJHbPtBuPFhM
2020-09-10T14:43:34.569275169Z 360 J0kjwdcJOBTB6pVcUaRdKYdy0lDf97j1uBRENN0J6oRtTInFYwf5bH1ZSTNb
2020-09-10T14:43:34.619911790Z 361 id1T1AOXgzhOhtmkocLeoTgwPNUslu2XMz9ZDkkqefqzC3XuPXZhU7TAzCVW
2020-09-10T14:43:34.671147667Z 362 uDWkYVbvTXdoFMWhkwK8sdM6jqIC5b0Zs9fMuBh0D1B7BohMZPB3vChF4PLo
2020-09-10T14:43:34.722532984Z 363 kW3EmUG9uKHfQ0m1xku2aNICiiqbsyiJAhGAh3A1XssRemBVZbVq98BKzIvN
2020-09-10T14:43:34.773434334Z 364 IWWo76dsGg1AIiw0Z1efIrOPbqcSfW1eWLKim0pU9FnxVGDEGnmZEN2VeWRe
2020-09-10T14:43:34.824327963Z 365 RHRlBoucjaZTt8wGf5Ob1RUhfJZSPoxHFvTnh5t0lDm1MpwziySu2mpZk72c
2020-09-10T14:43:34.875721299Z 366 FTuivGHt0WQrF4nWROfrkxshLWdrGpqsZIzJxUXwNKo0Vx7nj90jHKbXepOV
2020-09-10T14:43:34.927398570Z 367 24wk4XPCybEj6s1NbZgan8RF3PVMpTHJNB8ZrqtuonrCTgRQiihKBFTcvnTs
2020-09-10T14:43:34.978072230Z 368 WCkPGdGxZjwgMtvnTJtWY2c3TtFeY77deF9uGn2SYzYs5XwLdt4lfs42oGSN
2020-09-10T14:43:35.029365321Z 369 WDsDTaFaww6bDYEnVkdIWaV2Xy3DGrFkUKhAwh0vWxCi5cyIrLajW7J82pdu
2020-09-10T14:43:35.080700091Z 370 HIziXmhLeZ3PWHwAmqdoYyOAphWQ1N3IBUcSHnYk7Q5RpqK91dPnAD0KPvjb
2020-09-10T14:43:35.132441927Z 371 Q8NW7Y1QoOjNS53sZTATZv8al8yyhtcf7egXK2VOgi1KNi0ha46gvjzLlpSy
2020-09-10T14:43:35.183197716Z 372 MoOzN4u5D6NDkvF6FaE7kcWomAxKi4gx7XOprGij9wzKaMtwjvevrNShvD9A
2020-09-10T14:43:35.234210027Z 373 KRW0FjXZFS7b6rHW9Sro6wPq0Yr8ycA6BCZXRkzfpjgiUMTV23K3apVagKWg
2020-09-10T14:43:35.284955044Z 374 5CIIxn73vOQoD3lp4BnyF30v4H0EhXkZn8aKaIprdLOLhspVr4qQlKC4xoCQ
2020-09-10T14:43:35.336801902Z 375 GPpm9Mn8QdhPBzGXrCzhcB5jUzhw9oPHlYdSiTrZqdilVxGacdPxZFIsVKop
2020-09-10T14:43:35.388449535Z 376 gWlxfv00ZdqYZGyXQARI6r3ipbLvgo5qcna0zU8fzQxVCNrqFLMrwZNc64dc
2020-09-10T14:43:35.439078635Z 377 qWgrTSprYEHP0VVrRHMUCj4sEdANfMARmrKMNqfxvux8BCfuZtWYNzVVvT7w
2020-09-10T14:43:35.490944515Z 378 WL3YdHajdJ4CHNhp07WZ2HjtWs19O9lRrtWUOBWj6RhcFbCux676Ol0uNE9u
2020-09-10T14:43:35.542638678Z 379 f17FevuwLqC4kRLt6Og0jYzFEALihczb5W5ZYjRokHX2rLL0QFAgXWCJpPq5
2020-09-10T14:43:35.593426199Z 380 6JCMXgWe1NphtODmuCd922JnJWhWjqbXoc4UY72zXV9kFxPlgWMlo84wlmrU
2020-09-10T14:43:35.643995442Z 381 Neg1WVGt93JXImeFYwK9Pa1hFkYQJA5oJbJ8tRlhbBdlC1BfeTUDpSsP8K0M
2020-09-10T14:43:35.695583024Z 382 nBkh5YnEsrngfrbpPaKtLNQKj02Uu750782HUj8PqWsi6q2pASs7q9IeV0nD
2020-09-10T14:43:35.746048231Z 383 yCUsaszWb1oIOWy7GfPdoUCbBpVzRi5482Nl5Er4N2H8tO6bh6WTRFGccBGv
2020-09-10T14:43:35.797776961Z 384 sp8lrZFNrk2g4zdo7q3hNodMGg2jGR7RMC9gD7ox5qTN1fQ0cwsb5WShmAnS
2020-09-10T14:43:35.849480009Z 385 HumUDhVJe1mAtXSBa62RoULLsWYmkZgJDWejiNr67AxHvziZB7CXBeBMStjs
2020-09-10T14:43:35.900247528Z 386 0dreNvthPbPyOwuk8jkaIpaPPEd3QouBHgUqMJL2rJbGuZUjt8GffTQ0AVYm
2020-09-10T14:43:35.951946840Z 387 WAu1UbQhDVJcjJHCuZd0mGbdunDVJaDHVKyUX18dkzACevpmk8bTZfUCvnd9
2020-09-10T14:43:36.003009101Z 388 SW3X9YSJSpAHMt4FE6QSVqEdWuOSVM2TL2UUy58sJnAp4g73lcgYUapTCyAi
2020-09-10T14:43:36.054944926Z 389 btWO16i8rHQpJXWtiiEU8GXUQ2a6h9ZXpgTs8uYbwyQtG6NXZV4zTS3g5xgd
2020-09-10T14:43:36.107037231Z 390 60w1IjYR04OHNArqOUvoMdXtb3bvraSvCpEWocDyf78W9gf3QCRYCZ55cReK
2020-09-10T14:43:36.158668909Z 391 jksaUW2MiQCuYPXl47vaaxnk25Cu8TXvH9BX75Eh0KEYcDUWGqKYTGjKnKZn
2020-09-10T14:43:36.209683689Z 392 kGp7sjRTfEZGhVDNKS7nhiu78L50ayey9CvDXeTcKPl26S4wF9c84TQixeEa
2020-09-10T14:43:36.260586312Z 393 UnkBoyxdfuvlvJN9872T8ZGpDYw23q7kQO363a66W6gvw0RoADpsVa8h6DAu
2020-09-10T14:43:36.311656117Z 394 pd8gNMKdsBCRalDy7WfHvqEgMFiyOXL0ApbpWIAcYxOqp2J7j8cPyykGhCBe
2020-09-10T14:43:36.364205241Z 395 LmUuiw5rdSa84Ba5ArBpvrjJxcng7h664wUCj8wfQirDsJuBeE0hTToKml9i
2020-09-10T14:43:36.415445527Z 396 ddfM3AXX8sbvuoepkV1KYZM5FKD68KrlZDICQyNeqj1E9OKIyoQDRZMBYdoa
2020-09-10T14:43:36.466267514Z 397 MNAW4pxAGOgxE9Cq1zAJ1Z6jWrY8JuDSr5NdIHsYR0vaZZhHUD08HjixtY4P
2020-09-10T14:43:36.517768756Z 398 3A60ZL2IHprR9ByNNavATR4GMUMbHg18qbPDRCUUgn6gYC5HMdqEna16Fe43
2020-09-10T14:43:36.568954438Z 399 ISVCW6E1ThIZi6DNQVbp8JuPZyKl3psrRojbMs2006aB09HX8hGhRiUnThRc
2020-09-10T14:43:36.620567850Z 400 vHOVM4Wil19Xxb7U18x8eseSvi3RkwNb9rKzp8tFMdAxZlPFJTDbHtvyMsaw
2020-09-10T14:43:36.671018655Z 401 9nBrFsNEChWKkdKXf2QOHTfCip7fIdr6ORgA1Jxo5EfMDAXoYD77VdK1Sh6b
2020-09-10T14:43:36.722189995Z 402 A97fpCWVs2VTJlcYPslw8yeoOMhHunAQfjXsDNBWz2rT5HmlnNFgoETXf7eN
2020-09-10T14:43:36.773061566Z 403 wWNqOrSV1DRsPXEPWcb2bLIkgjZj2PyKO8lCPforPeFH4z45Xy7VgrolHxic
2020-09-10T14:43:36.824947198Z 404 H0ORPQ925MxxY7mLUajjtehgZd1vq34xfcB6VehLIm772WJWXWQDC8hAmFV7
2020-09-10T14:43:36.876087018Z 405 prUJYHTFzj2U5CKmKubRoVowBZDXB3c0MOwb6GeNEftcXTTXfhwNQhkJPYeL
2020-09-10T14:43:36.927179627Z 406 LvlQWftMIrwednuQX1YrVQQWA6aw7nVMVRKiGKks93rlZRjcZIgVt1NDDO4j
2020-09-10T14:43:36.978063310Z 407 lM5qWVAcuv10WT3TNkSZmfwIpNmjGcOCpQ5lp3CIrw0A7RDfvtIMESjewxx8
2020-09-10T14:43:37.029405557Z 408 hcVbuwFMLOZVMb568VCf9euuZiPhkAUJEayF5hUDKFCKdN9hUcUqrYBmLbuA
2020-09-10T14:43:37.080136976Z 409 SlZg7L8a1kWDmFTpm4xuHo89yhu1lcfGp3IPjE8BlytUPQncRFGovYY9Jovv
2020-09-10T14:43:37.131890505Z 410 0A6EmfIVQpt7SgZfkJevpHiTGJLHxTblareOqyX2m0wgocZK8MXqOnpPO2OT
2020-09-10T14:43:37.183606941Z 411 oywL1s3PCkIVqjttnhMAwU00SPjA3ffYjWF6y40JbmY4lejGFolDIwZNN5J2
2020-09-10T14:43:37.234251602Z 412 oZ0XlxbWWE6sqChPDE5HtN9xBkr3gK8DjuRfDl07mm3qHuYdSFIp7RLS27Ni
2020-09-10T14:43:37.285011973Z 413 ZUHeMtRP68j8UUPMs1ccaDjg4N3Pau2Cy9SmmoNOudUNsuruWQqkhYdl8svB
2020-09-10T14:43:37.336872200Z 414 GkWdb469sURpnC70fuPt3tyOp1eo0qLDiUCskJAi6N65EVPfq88FuICStItq
2020-09-10T14:43:37.388748030Z 415 quAfRIsSnYIOpcIX4Bwc5EquAUrWCC3Z78G3fDj9rut8uTXJ8oD1btVDzVVg
2020-09-10T14:43:37.440358611Z 416 x2mjZfllETWQ4RIy8WfoIS4FieuTUjsK9gvqxj6hcCi32ugGLOg2t4E8QT04
2020-09-10T14:43:37.491399575Z 417 sa5edkobLxVRV0KhfOoxRX1nEUSHBQ8Bfps25R5JsT2ROIXSJKsr8ACOpR6H
2020-09-10T14:43:37.542464822Z 418 ucBxdP7AVFLphUD5oPkH1R4OqvRkfDwC9Wn1qhTrLAv65XtMNbllpJUcA0jL
2020-09-10T14:43:37.593652412Z 419 66qYMQh2YOjT9vfeBWEqaJbyOo5C3XcaFqigRcZskseLm7IFxgdERnKONtFZ
2020-09-10T14:43:37.644828300Z 420 Al3VdGH3z1IDsXwXfdgwAx0E99LhkXEH9cpMAiaN9U8n6NGpoVHheNQM7jBd
2020-09-10T14:43:37.696344728Z 421 pmgi0jQHqv2Nmp4LaFQhJkOczCgY4UIY39n6LZRs8PCIElQDMFCiesudf8uF
2020-09-10T14:43:37.747817957Z 422 NFw761LbDQd8evNOSokzX7JngsWznBm8LHj4QilY4CRUbB0VA67qCmSbIAvp
2020-09-10T14:43:37.799586030Z 423 VoHDsdLPiq8Hj4YM5feCWsvgoIaKvozyXq6P411LvejsAMQiH11Pk0vmsRsO
2020-09-10T14:43:37.851474637Z 424 8Olri62NzYcSzSej55GGplXyhKNCMQZ7UEIEJjW279u1orQecFyAk3vXjB7n
2020-09-10T14:43:37.902182071Z 425 arnOg5GyNFRnDcU1Afx0ezqZoU2NNITqBZyQhuQicA6hkVxPNP2atQasU4zX
2020-09-10T14:43:37.953838371Z 426 jO6eQ6aMFGhd34AlqPGr8T17ekeuUzvl61cROGeYPEO3outziPjQfX1C9fga
2020-09-10T14:43:38.005305736Z 427 4vlcfGYOWk4OAVQI0O8PFA0gs8DO0QROxthPtCcQ2nx5peJ5zApyRz2ewcMF
2020-09-10T14:43:38.056230867Z 428 yDQFoafH1qnrkmGEUERdnttNnYQNFHoJ7b9cIzo5em0Ad6iCCc3o9nrSl6Hk
2020-09-10T14:43:38.107811456Z 429 tAXaM9C3jfojYNpDKvCVAuCkCqOCEqImYFcNMpbBE7MG5G4CoOfvQlebbwsq
2020-09-10T14:43:38.157620893Z 430 JFVvn04ZBEP9bIF55g6OZAd8fH8iTBNhXtbfSvnNEgQIiMU9ZxAkfXqylaw9
2020-09-10T14:43:38.209398358Z 431 5QP5GunInRwJwNmoeGIiqFS0BAE5ruSTDVUnDO0a5ny9bF1IDh9iSSKenwVw
2020-09-10T14:43:38.260894841Z 432 FNwAneuMVTpoHdPV0LkqNu8Mk9YgkKwJGQ3qxrRUyrM4RWPAbTtoI8K3qs27
2020-09-10T14:43:38.312367704Z 433 0IAru5AB42yfLqImJAkU8U0sC17caZrSqeUI6eUrnGyOUjaRwIuKtO3tKmhM
2020-09-10T14:43:38.363705397Z 434 vWnM60vuHlJ8YY32jVugHmVRjeDlCuN42LtXY0wDprzU1Z35yZsSdDxjgznm
2020-09-10T14:43:38.415404114Z 435 FMerc9BwGeH5nxFsUqTiQCpnJs3bEHxRWJmSM6GwNHOW8AfyuPfIprJIOeZ2
2020-09-10T14:43:38.466145997Z 436 yI3sgpOqck542CQvtNlOvspfSMPgQDQZqlSTMZT9Qpxbls9AuWaNdyMG0NKr
2020-09-10T14:43:38.517092744Z 437 nkAkzE1pxm1nLO364l8dbSXmSOoYcouucoqViy0KafZacVgBeDT72ufuUzaf
2020-09-10T14:43:38.568482225Z 438 aJ1KrrLTelGWZkFUUKNAcYSMiBRW1fIUa6WfGQqCh6ZrJ6n4FqbPmC0sagPq
2020-09-10T14:43:38.619645477Z 439 KDeQfXotZoiFLPO3sw8K1d2SF0hZGMFhp5HePhZ8v3WWZCo6pEctvHLttvOL
2020-09-10T14:43:38.671817426Z 440 ey44NkZyviZnqweDI2L7AfTCSaGrq8eHOM46S5xR4GbLlJYov5afBm5aojPK
2020-09-10T14:43:38.723747266Z 441 xL5QdhpWfdrX0mjReozaQgnrIQaLdz7IFFAgxZAnk9bpVZvCAjjyrMiYiZJK
2020-09-10T14:43:38.775530764Z 442 clwBUQ1kNiIohe4ExHmstdHQ7NdWKuyHwskWbzVg5uWDSrrQ0E7oPwxnFqFv
2020-09-10T14:43:38.826112237Z 443 8u4OwaKoSeuquv5B33j18sxenaQweTvRTAY2OltJJHBFynxK2qDUwIMGOcz8
2020-09-10T14:43:38.877145705Z 444 Hz8QbroIJRyQ5eTPUhmwaYCsyy6VpnQaUZGanZyo1L08eF0ezs2mGnGn3dpY
2020-09-10T14:43:38.928249450Z 445 eJ6Ls2chwTpWQ1wVFdgM1Dnn6IG0uD4aDLl85tkVUIaHbFx0gj2ErBiKSXxZ
2020-09-10T14:43:38.979814872Z 446 I93ay8d13E3CfLAxghsG74AalvTYrlAeNCMRECioglbxk4KxxiwyRN4OlYih
2020-09-10T14:43:39.031375298Z 447 4k5ZXv2AtsemWj8QJOuCVVXKOwNTHZLORn68aDMEUv0W7Fs97rKRBSuRM4ZA
2020-09-10T14:43:39.082351380Z 448 CR12QKp8mF98kUztcW6PrtmE8axunKU2ZwD6s2CM05eLlj9mW3bcxaDCEWI2
2020-09-10T14:43:39.133475807Z 449 leOI3VpBKxZTzSFD6cGfc0jqnnk026vmxpBvl8stH9hzqQ3ZUg0OrXxJhQ1D
2020-09-10T14:43:39.184720959Z 450 H3szYl6PJXeCF0jIPb5CKm4aONvG4nt8QRJ9ZBgtHegzQEdZ0vWzgzSeOsXN
2020-09-10T14:43:39.236366475Z 451 F6uGC94YBvUXRtFpg16QfFBTuXpleKEXBKu3MW3JJGR71l4zpJFVvl6HNi50
2020-09-10T14:43:39.287711805Z 452 tnFwZ0YTTGqGNZahwMHuwCQHrcNZ4bEM7Q2ujbDhxK1OB16EHTSmXDH58VZf
2020-09-10T14:43:39.339258975Z 453 GFLL7c5jR3xKbfAlo3YagqBPSZb9DxprxhE2GQjRxuTjG3aIXtKtYDKaivZA
2020-09-10T14:43:39.390335901Z 454 Bi4i1yOzNGDl6bv51b6uxmV65xDeFZjeMqK9pO5w2IV8jTX1um4yoEtwoZPF
2020-09-10T14:43:39.442178085Z 455 XgO4RRu8KLxNrwraEEKuCr9jmaXBctCYJhDmK5zYwnXbLSGZkQ4kuw8Y1yYU
2020-09-10T14:43:39.493637529Z 456 wOZelENTC85oLZPCsChFUvjKyzi68dBUUmn6fYq26RY8yktE1djqRsErY64I
2020-09-10T14:43:39.543992327Z 457 eufehX1ZZHCEx0oID378nLmHw5BL1ycPhKzRg7eMqUlQAyUaWO5QriiqoObo
2020-09-10T14:43:39.595541956Z 458 JtSXIT7BivR9QB3cnvmDsghLVsSLFof1WUYLX9ZzDCIk1nV65sa4P39GzdF3
2020-09-10T14:43:39.646329395Z 459 HLoBbafOUOJGDZrmvFmhXipAdDDBxDwjAr06Kfaol83GzYFoRNBugvSu7kUC
2020-09-10T14:43:39.697602667Z 460 UY7oA8uY8uIBYCSOsvkbDsn8G8uObQ64fAIAXbtxmx3Wuotd0TatbjmNuTgI
2020-09-10T14:43:39.748309486Z 461 73iwUMjaYJBrwO6H4MkjOxLKvxCqgQeXUq2Q3lUQCPXKNTT7JDGG5W1BFRzh
2020-09-10T14:43:39.799787435Z 462 UdvBZtz3wUA17VzZVnWjcf5VlB3IsC41ck2zbWueVm9M8ib3MnzG4TCLGP9p
2020-09-10T14:43:39.851221335Z 463 S0BoyOtxnrDbf0ZKb4bdnBKfvLoGqLcm6QZI2PirfezjaHKZDsR6BgLLblqR
2020-09-10T14:43:39.902384715Z 464 aziMo2c6rmsqjRKrNu5Q9yOmY3JDqy8JAAjkP8orwsfJgUKzRGLr3BOTc2sH
2020-09-10T14:43:39.953786617Z 465 GXmsXBOAUztNNrPD3nS4grC2t2asebIcZQ4U4f6n4rt2GGD2xdtoVRr7TYQR
2020-09-10T14:43:40.004848001Z 466 fr3XU7HwzWOtaEbYLvcUE29TTo8patuMsHV94eMwMCP4OuED7BNuruaTFFSz
2020-09-10T14:43:40.055729247Z 467 u3rcVkrM6TYXtNGJ45duyMBMEH0yhOn5NtGNyo6lYgHimq8KyFYHnEccx1dz
2020-09-10T14:43:40.106975069Z 468 uzYEytkLCL9a1HtIAblXkB4sANlNuvnvmbiN6UdGHyFjBxg4mvANXdbLPFUB
2020-09-10T14:43:40.158607615Z 469 W3jKVMRKQA416I23L9gkcgPkpdlMCGVjiHHnxlQGxnCqqEOAnE0Kh82Jicfu
2020-09-10T14:43:40.209347673Z 470 UgooCdniBlhtEJZTOCr1ZPqdK0kWZxUEtKl1VMdJGkBjfMWRqwpUqxyOdg9G
2020-09-10T14:43:40.259921241Z 471 KxAhqaN9dhLr8CklkrhjyuI4vyauD3BYCfVaklj9TETUgkc37TH1vJzoaQ8q
2020-09-10T14:43:40.311711829Z 472 lfMtwxGmAPDjquJN1OAEQzY1cJHDFwOeKNUAkds8UAuf4N5UT0zI0f5zhVUG
2020-09-10T14:43:40.363542813Z 473 66dWtKcMlR9MntxXfCwlOVbQMcSn2vbAKi8IJ5KKoe8nthOswZUtAjH4Pywv
2020-09-10T14:43:40.414359385Z 474 HhlMikCjX6e0SPmkvM5sur7exyLFRlxV4gQA4hS0DTCp1RqQKZ9Jhsd3lQQl
2020-09-10T14:43:40.465815073Z 475 VI4AtUSAc7adzkZEKU62zkFgUpjpetpTs4LT1PtqUlFVlbuW9LUUrsl8eU1w
2020-09-10T14:43:40.517110096Z 476 8XAZ0aqsCE0AdiUDgETkk4ibBvT6odrBAVMHQSjZ9TdFfcxb124gvfAmzudv
2020-09-10T14:43:40.567869725Z 477 45TwVSmUk4MqgemDQobEc1kKwKfknxodxOFgGDpJ4aXVKhk2L3w46lDIdb6t
2020-09-10T14:43:40.619431385Z 478 xeQ5N0WiZc5r4HhmxwpAZGDcIOz5XEqXzK24wckPcJluYiZ1hmvVs7rQT80n
2020-09-10T14:43:40.670049284Z 479 jPYlCn4vUuRna7A00zN0M10r5QqPDZ2gj9YS77gNpCvJOPzzV2RueahNUBdI
2020-09-10T14:43:40.721622908Z 480 jYj1999njzJJkVJQjwc4FwrOtlrSXfSHKZAvcQnoSeLF4Dg9FL1AsQxluop3
2020-09-10T14:43:40.773105554Z 481 qzVm8ZzHImGr5TpLYnJGBlikgWv7VmJzH5pkHaOcPmDTErtkucSijpJGyRev
2020-09-10T14:43:40.824625794Z 482 YRc0VSm1E7L3L8gfWsOTlPPSJOVPiBEYGICuWNzUixxNEeI1bobYjfPVSeU2
2020-09-10T14:43:40.875152021Z 483 WmGyUTBj0ZaGOs37kLjSUiqruQ0S5Db3Mzb1wUc5YOeHuUZbiBnIHaZLfD1Y
2020-09-10T14:43:40.926696492Z 484 AhlkUwnQxoL28ahnjIiB2Jdrzr8veTUlgpmlwKP6sqMnYL669aLvQ5NTachi
2020-09-10T14:43:40.978455171Z 485 h6XCrUD4XWi5p9nv6w08eMqNXvZjLE8ryJQqpYvuqgomlY1yvlcay6KkOIF4
2020-09-10T14:43:41.029470595Z 486 9UrZDs3g7UVtJix3ek18gxsS6v6XBVoRNsH6E8G6YEfRVSzwFctDNyQ4TMkB
2020-09-10T14:43:41.080951065Z 487 F4nE6WhNWMksdv4FZ4MbMc2m9SM2oKiW1XODsNLtDzl5kn4zHVXJEv1MBIZm
2020-09-10T14:43:41.132008911Z 488 B3JDWrnG2IknUdl9jSd4pvaNqIJnsDjkD2eQjEJgjNjNbKrosU96aguqBHjj
2020-09-10T14:43:41.183327464Z 489 cV5k4WNZaWSuJ0hKPXTb42aYak61XhKBOm71wJOwmqDlnKGcpQPJMn6qZFSY
2020-09-10T14:43:41.234182877Z 490 DgoYxvqJS89Q3S2ovqhnetb0xVEJeKIxAFDCBJg07vxmaKB2S7Hg9hvRpI7v
2020-09-10T14:43:41.285836597Z 491 WuiBbztKiPQFx6xaHtpZyrJ1MdhlEYyPm8FFmdy1tVhplBQ0F4ebiXZJo3kD
2020-09-10T14:43:41.337479338Z 492 m2CiKXNHkEJrUFNNVo8L7GQhnKyISc9LrTQzd8QIUxS7jGZ1fBmUpBc1YGHF
2020-09-10T14:43:41.388000356Z 493 2IZHYjLt4OTj69GjF6rK0QYAF12h3wHNCoLLDEIzisOQp9UNW9PzWng4sF8o
2020-09-10T14:43:41.439810494Z 494 kFn4UoFHt0DQJzjsWS9vpey9jBPBMI1YlXPer2ahQKbzC1HV8NLclR6I0GrE
2020-09-10T14:43:41.491540714Z 495 ql4cmWKnlzA7LUQNnDeRqCPl3r461DydOXfC1n1o6vcWYZSN7wBJK4Y0qe54
2020-09-10T14:43:41.542323407Z 496 BRb5zAgHWeYkdUC5SQbijV5wIokYF1bqX7ZUVJ2xwGkuTZVQDo5aoEmKGW6B
2020-09-10T14:43:41.592916100Z 497 lULvmc0TFrrCJ2N9FoJO1YfuhUaTZ6OrV2UdPsx2N0DvBMQhoPc9FKDiVpY1
2020-09-10T14:43:41.644932132Z 498 DrlNb1EULH5CsGrsCs0NRD1pCKmx5bZAuaGLvMENtR8gcf6gW2IUFxgcFgIO
2020-09-10T14:43:41.696841030Z 499 RZyPoqAsC17ruNorp4rLNoG1JohwZXfx1TSzcqwHjXWdhtpwl1r1aXlSj2EU
2020-09-10T14:43:41.748589824Z 500 73alXJA3E57FgWJlQI6qyjtIQTffUIYUAZV96SmwTx4RSbGpR4IA40Htr21G
2020-09-10T14:43:41.799996136Z 501 maNjWNLaneEiBybmDCIZxeC4qHXWtmXkkxKiDmflJPrroMeYZZbj1jiIFmut
2020-09-10T14:43:41.851362809Z 502 6bmi5yU18YF3yECGNB0qwC33BEDf3k4w3RvGDknjUaC2Tv4CT0rt4mBVJf2m
2020-09-10T14:43:41.901925800Z 503 22FNVLeoEgH3lzcfEZHxptOCZZljxceAinp5VdYFaOaszvIvrI0yuoTHk0Up
2020-09-10T14:43:41.952996910Z 504 XiTNNP30H5GXzqDNA4qGjFawUqPm34O36AY8JS69KUyD2D1tzxERm8RszBnS
2020-09-10T14:43:42.004286257Z 505 dNfG6IqcU2FEcKgjsf96ZpZaOmn8RGkLyyV0TmhOMe5nt6kwnNSCRUvGajM4
2020-09-10T14:43:42.055923300Z 506 k8MiDHcrjTyIhUk3iz1nr78XFGEzTYbX83hjJ3XOGaihynbpovhmiuCMXUi0
2020-09-10T14:43:42.107206569Z 507 fXtEqAgZFSmjVhaw7QzCOiNZcJxeVadytxumgqNytOE6HCENLzH5kcpUfx8p
2020-09-10T14:43:42.157950426Z 508 dqlih3wHaTyaKBzGFjZTFsOsvwsrKqal0MY0IIeFZqXM8cadtMzhWOpE1iML
2020-09-10T14:43:42.209642950Z 509 yfLjy43MGgntid2JYSBwRSn8BwrxoCOS1qBM3nTvn0c5TyFWB1RTkAR2MSlI
2020-09-10T14:43:42.261224515Z 510 A0SzKp74sPiBzAotwLKizwBWT9U3tUOypPt36SJsZnThs5B5piBYocx8GlWJ
2020-09-10T14:43:42.312455872Z 511 iVGz1iH3yUJ3qkxxo1hLAZ4gImvMcu6hlH4ETgc4fMUurJvN8Hl1BvAYAdyG
2020-09-10T14:43:42.363253782Z 512 00Jgf2L6LNyO0TYbGqBLho1xvlnyowrZtvMkoXR337DL6YOo9OmoyNKeboGB
2020-09-10T14:43:42.414725837Z 513 CNbMthfT8aS67EQPCeFihO2QRirV5oygmg51qn8oi66G6FbdxH3pXrabqk5Q
2020-09-10T14:43:42.466403962Z 514 foXyQoWzhHrz8ypAnXqHXSaTGt0d48jS9KnXmAduxysRZ1csZRkSswmndiWX
2020-09-10T14:43:42.517502310Z 515 skBxSstGv23FIbHsGQgq2tMj4Px7kt0sLB6RnHoHHXKZTgMhls9NeKP34woj
2020-09-10T14:43:42.568230518Z 516 idJcovJO4NcNNHQzSR6IArydk3iTMyfb81Blx7QZy8jPc3BcQz13c20W69AA
2020-09-10T14:43:42.619661505Z 517 hxhIigk5AO4JAVBimcY1zydtZzRIm6E04CxGBCNyA4TTtdGiZYjkHze9DP1S
2020-09-10T14:43:42.671772416Z 518 KplxEsXI8C0lYoPlHvHAozCyhEj58Bumpx9N3425Dl32fj6SBp0P1BxMhRPK
2020-09-10T14:43:42.723263198Z 519 bxMCPMi7VRUqaST1el5lJt29x2aA8xafqOZmqe5zkfvBN7aNJJlww2lEqsqe
2020-09-10T14:43:42.774557759Z 520 qvedRPfnI7B7RjzNaMtHBtJTQ9EPWPKCN3KeJtORuQ6kvs29B5l7OQ8wVqVv
2020-09-10T14:43:42.826865500Z 521 iDAa3hJMPTtmhVSA44xayJDf31r0QCD99bulDQlHpi2nXGALOX7iKO6ZZXQO
2020-09-10T14:43:42.878910870Z 522 GCoQ9XDRXjy36lRE9Y2jzOj6cbzuvFRsFgyZxdTRK1aLbZGyuykyqbtzPs7K
2020-09-10T14:43:42.930909027Z 523 wLjCLAmCqvXDBzbPwhCfqjkgFT96qUAcDKImzgSfEO1L5kRM1Y5Pi8ZGiusF
2020-09-10T14:43:42.982759708Z 524 kaPbwzBzoCRnBpRZYJwvvRNhkASxnOpFEklQAdYJ3aOSm5HRQiYFdJOwr7PK
2020-09-10T14:43:43.034128374Z 525 dlxePsnZHuvgCuqmaemPOtoZrIRId5FKSSBDaambBNjcCyur0qhq4VtBY2R0
2020-09-10T14:43:43.085318814Z 526 H3T4oEQxXcqpsrd3dS5J3z5DkLh2pNc8iI1ERfHDQZI6Y3g5Kv9QfLgoApyD
2020-09-10T14:43:43.136008413Z 527 ggaKN5dLs4w6ObMXdRZwCMgsU3ILsqZpdmieT1tsRLE82NMFqbUOfMw0Y6xd
2020-09-10T14:43:43.187095663Z 528 ji4pBae5hA5MF538Fujmh4vDaSbt40kqc2fYrhXSFbjoKAIYyQUtftMEcqvx
2020-09-10T14:43:43.238042941Z 529 CNpkMzIMahiQ2WSK0boCslHMDDU9Vd7VggiqORmoLpbXRPIYtZqsxEquf0JV
2020-09-10T14:43:43.289333382Z 530 YwTJUztxMNpELXXHpdjjvDGeLjW3f0yE7U4rGwbOLQQvmYm1sBob7tGNamuz
2020-09-10T14:43:43.340360897Z 531 qQ34GcyLneSX9hIikJpv2xiCR45IN107pQnnRAH81sNvAnwTTomx4ws5d9pa
2020-09-10T14:43:43.390858888Z 532 AUT1YJXE58fZ39JttOUU9iY0lMDe29IoNxmyHAyA3o66LBMrIdOfuxatuPln
2020-09-10T14:43:43.442691455Z 533 b8sEZASqMxsRJSbTdZQ1GGEXSVVQBbx7ZQC3yDWnci6VhDoaaTyCWZZp77Cx
2020-09-10T14:43:43.494551715Z 534 5CXvKUbQJAbijxGJzrqXEVtZtHTNsAHp596F3Jua0tPjAPiuiGBhl6iPC31Z
2020-09-10T14:43:43.545200232Z 535 rTCoSxq6wK9q1SgsA7oRNxxJWxLehZJBaeyp4eqKzoAbEmICL6kq5C5YzXhH
2020-09-10T14:43:43.596887607Z 536 L8C9DDW7mkYVIw14at6cglyL6wJ01vPpQOuVhfQzBxQbmsY6MyodWIpFN3W2
2020-09-10T14:43:43.648661873Z 537 hMQSXhSvExd1qy57jF713FnaK5C8IPwo1QoNhTCHFj0Splg8wHzuYWphfnWl
2020-09-10T14:43:43.699938670Z 538 0vnmGeMdNLOBefNi8GDcIj5YC8uktbDmg786z4kkUtIo9oLn2T4G05dHcZVz
2020-09-10T14:43:43.751703328Z 539 dtJFsl56GX6nfgJisNvb12LbIvYi8ajVcNrTJaQtP5veG8JVpRZnIJ80gWY6
2020-09-10T14:43:43.803110352Z 540 bDfzOUFLYJULLZsDLzocxQ9jlp85SONQGWSjictA3l7FLPEWv102mCGeNHKo
2020-09-10T14:43:43.854542722Z 541 pKY9wgxf8SJaImJjN9ZlCBFYYFpXvUbvhDvKyhYCS2aL6wqhfV6OP3wMxi6w
2020-09-10T14:43:43.905118691Z 542 0W0j79WGyNWlqUzVyoH1yZF5EjxTbKwGjzGkjM9vjNOeeBgtL7lJxSUJzzmD
2020-09-10T14:43:43.956539443Z 543 Tt2nnJFMMepp13datNMX8GhokmXmcPaxJVUAmksZYuMd9wmt7Klx4SGDje7d
2020-09-10T14:43:44.007100088Z 544 XUzRLBOlkaCQPfQok8CDM9o69HYT8tb64AIcoAeSKy7g4kZRORu4qmIEaFAj
2020-09-10T14:43:44.058616549Z 545 HfYh3Csw8NzcBjn9dKGj7X53BUaGDeKiIyBdoDhWhbn44srYPt3Y3kknm1n2
2020-09-10T14:43:44.109632456Z 546 HHuPEeMWdkR8S59FASqQS4fpaJXaDy1vqtgBrC52cSPmG8JMy26OygqxNsMg
2020-09-10T14:43:44.161498490Z 547 2hl8aSJK0l9XFMfoBlkIsWwDwqgjPQAF5h4EpKLd5X1q0ZB0rVmqwkAFpVcm
2020-09-10T14:43:44.212124962Z 548 bSsL3sJelsAfUcMsNNEzNtg2zVwdYuZkWj1f8RNH3Jol1ujbFvmSa8e9gw4f
2020-09-10T14:43:44.262943300Z 549 n9cc7larrGzMXY9tuOQLwuuZd8WRSZdrGFJIAXubkfxEuxkRixjjkFTaTqrM
2020-09-10T14:43:44.314637328Z 550 UeQ6KWJBkI8dMmEIIwBBAteUj50JBIaFTeOyyioR4bShuR211CYvyci16Be1
2020-09-10T14:43:44.366695246Z 551 SR6xwKLif1kuVq6NTQLnYVYXqS8DlDSXIcaWTVGjOLV36Sn5WXGrwnSfKTI5
2020-09-10T14:43:44.418409698Z 552 brEyFxP8ZN1T3imCPO5gSizZcsEjIUq999RrBfeHdvJXFivzzvuJmKwezyXr
2020-09-10T14:43:44.469162009Z 553 1yz3y8Wqmg33SkiVIJcLvJH9r3nVbFbDXzxAm9uZb8TLEm1Is4PC1dHmwWvs
2020-09-10T14:43:44.520037358Z 554 CC5QbDUbaQDKlMSNIRLuzNCzJXkKa3LW2ga4ssVXrVFVsZOnKHBsAmRgDryV
2020-09-10T14:43:44.570992132Z 555 vPnGWeTxh8Cso9yPh4kK7hytWy23yjBAHPiJWWOAcYfXUVcUfywtxIxp2j06
2020-09-10T14:43:44.621862220Z 556 FT7wY4xkb2F40UGDTCLKLqB2Mlg7tzdZjJhfLndPjAAydQnfdxQGV0MTAs0d
2020-09-10T14:43:44.673530843Z 557 799440ZOvIsfdm7yGGDaZ1M9gSCBIW5ws5z5NdzwOAuUuyqKKYjRYu8LMnrv
2020-09-10T14:43:44.724262066Z 558 IZdhuv8JQ3GB06lHfRO2PyDeibnkZm0S8kEOaP5kGHgVyhGHkewiByIrLdnk
2020-09-10T14:43:44.775208779Z 559 dTF6UYZl52gzh74pehbBh7RIGLgw0kofFPItnVqV0k55cfVPwOnty278IH9p
2020-09-10T14:43:44.826850568Z 560 AWCSPfBaxsxcaTYj1OZcXDttzxcTVsik7BSPQvspvfVrY9OKwmOQeCuz6Sr9
2020-09-10T14:43:44.878665703Z 561 HIskWr0OrLQxavX9snuHxH9AaKychWWeSSwCafKTOX5xCJF3TBlgmXZNpGHx
2020-09-10T14:43:44.930142414Z 562 qLEn9SQKmtijUplHNf0OwhaC99admdZYBC7ZCYzcVOql903AtYCrDX6Mvi1A
2020-09-10T14:43:44.981172582Z 563 9rw7MXBkTzBsEHiBBf5y34VRnZhoGkd37Nz6qtANETHgJx7AZfRzqld4qflA
2020-09-10T14:43:45.032729857Z 564 hmriuAo2s7f5Jy5kyDxz5xnVinTSw77wZMnLqPHDEi9Rr7ZjjdasCIm15Co0
2020-09-10T14:43:45.084342024Z 565 VU9mv69CyubhX23qUJgIMWiQteDVCtiffNppAj3c68YT1KdF2MDHQH6n5iu2
2020-09-10T14:43:45.135974780Z 566 wxFDG8AN43f7SlVqrzNzXvZkWeHiMC7W3yLUQLFw6bud3hanCGkNM5UeI00a
2020-09-10T14:43:45.187315903Z 567 8UVlyclROEnwAQUHwhXZk9rHIuMDVWdy7cvpAlXj46FTgI6nLm7I28A5lO2F
2020-09-10T14:43:45.238760773Z 568 YsJGbm7BjsGmliSCC1gMyF58dvEeZW322QBBCzCyPhK2kJYnWdIihlzUdYXH
2020-09-10T14:43:45.290900171Z 569 7haWMLQf6YNlrpFydWIC1gXx7AZUWo8T5iqITfH5zeEo75QKXbfGkulEJXo6
2020-09-10T14:43:45.342655617Z 570 Ip0ulVWVsyijm8cF6B5NTMnbQN5ZBKqgrr45Ysn8uMV9rRH2WqxP0el2fgH6
2020-09-10T14:43:45.394130930Z 571 WMVoE8TeACQIPNPB3AY2p0bwmn59lX8hFnFYr6DSMBVMUtWMBWAVIFIEbV6y
2020-09-10T14:43:45.446046373Z 572 NdCFgudAqXzmx69biazX6wWSm0yEnOrxRiifcGfd2cNAikWjWJfM4UWu5Bn0
2020-09-10T14:43:45.496944532Z 573 rnG1myMIIcMATnJ1jXfA3lXIbjlFatGdORlyPOyCjC0N55T0Z9qIIj3Yxr6A
2020-09-10T14:43:45.548628805Z 574 aKwHDEe6sqJSE1Q1OdnxpMyQmg9pxWSp7u6GV4RqUWcw5jfNYwIunZYW7Wkp
2020-09-10T14:43:45.600609737Z 575 pSS0C5aYZMMzqIF6b28W3Waeu88SpkStJQzSkJIRZeGRJLxbpWpBUYxe7QZT
2020-09-10T14:43:45.651353813Z 576 mvRnMi9vlxmshxcP7ewnqLHJj4uHeCkA68rkJnuaL0Mv0FbKwG9BBqlZ3ySq
2020-09-10T14:43:45.702939367Z 577 kC6kWp2gv5xc4Ey3ZQ7hVvaoVpnvDUISW6I7SvNDHPYmLKf5ujVEn4qgLlV4
2020-09-10T14:43:45.754089314Z 578 ic2089Q8bcljTCxTXxNRcC51DN3IvnWt6WW1Z8nFgsIfEGmUsujkJrKgCqdF
2020-09-10T14:43:45.805077533Z 579 qtar0TBAPb0B1V6Tcijvsxp9uZCZ9t6qgKzpguESWIqfH45mfg0qOo1MZ2EX
2020-09-10T14:43:45.856426960Z 580 ZwZwTUbqEwfLdTaP14f6X2Ll6XVppV8gvxSqt4VwBMdf3jJ0A3IeNMDUuh8o
2020-09-10T14:43:45.907347807Z 581 QyQGENPOiH33Pn5vSlBAn1vOax8FVgAQnTUUp0mCIyQx7NuK1tO1uSWIemNA
2020-09-10T14:43:45.958063625Z 582 EJ0k8R3MJXizUnLnkULiFi1qOU4YjhvzyoRA2whli9npp20WgqUe3PlI0bbx
2020-09-10T14:43:46.009596038Z 583 7QRWCX57fExqZBxA34ZA4HP0EnLoIJsdRWeR7tvhV3Pftg6ankFAXb21tSZO
2020-09-10T14:43:46.061340217Z 584 HgmDR6MjsuPIxJ9LHmMpC41BpDQN1GoYefsDfDkgRBkS7Cl6kMI94mXrCADt
2020-09-10T14:43:46.112374528Z 585 VMxZr8Uhmv3a6empn76RIMdJUPoOqtrCLoOQJ9yeIBpd3VzxnpzZRz7hCTYs
2020-09-10T14:43:46.163737807Z 586 ghVraHvt134GU60KXcJE13skryQlW4Xe2euQGxmZwESKuYvXxSr1bGHPYyxH
2020-09-10T14:43:46.214937051Z 587 7kFtRXgJINY2QY8QjXjqC3wBq03TlXqmn9MJ9w9REwY3EP2WZdK2l1sPg7IC
2020-09-10T14:43:46.266714713Z 588 tSoctZ9PMYUx7SY1fUFp078OPnAQzuNzKukyEsQTEBz6h0fa7G0EFSWkIzxL
2020-09-10T14:43:46.318459539Z 589 J6qpt8XOBbXWpWfeG16G6cW4FAYpK4weC3VAewkt9KZrq8kTH8eoYwfzv1XY
2020-09-10T14:43:46.369835160Z 590 X2LUZGD4K8tGdBCz2RcLHAnrSHYxgjL0pjQlxcFYAhuCbslaNTcZVvR4JwRN
2020-09-10T14:43:46.421500010Z 591 4Dz5S0KC1QUYcazUgnfJFkvDHIVy4wuTXH7uKe9W1XTJhsySw8DowgEqANEB
2020-09-10T14:43:46.472154064Z 592 oTbkiSu19MyqPcJWZmbRVyQZmIMtHbdH9AXFa5FmBge3KT0A6mc4wzkcuDek
2020-09-10T14:43:46.523984855Z 593 kU51ApF7kkYKYNJDxl6Y4ohVA5nYm3yBE8MGvw841LTQ93HzToXCM2Mxgrrh
2020-09-10T14:43:46.575337336Z 594 RvfmMB7gXGTnh48V8AUE0ONoQdyQiLoikgXAGKle8FLiRMmOuU18SJysA5rI
2020-09-10T14:43:46.626840479Z 595 jRZaYuAx0F2QiZsQYDVZDgPskDbHs1uEDJuDK3hPhwwTxkNTVqKbG83RD5oY
2020-09-10T14:43:46.678738722Z 596 gQWLH61CAwUkSwBC7d3lBYLAw6Qd2Io82InkGIyslitOnrAYzILsglZaFlOA
2020-09-10T14:43:46.730671882Z 597 iwm2RZ7gHIwqSutKTsQ27CChrt0d8HkhNaAPdAaLekgTiPt9deRpRkoj9cgf
2020-09-10T14:43:46.782464014Z 598 pgkLATeDenvjTRihuuJU0KfyGEIlzZ0QV9gyhy3sxOFF6NKA3OIQYDeEy6nI
2020-09-10T14:43:46.833314072Z 599 rIqzFxmppWXtkv2G9chbjpx50iqZbCu0DPGkwcNrtSur659wo51uL4Ne5pam
2020-09-10T14:43:46.884831999Z 600 WVRV5z63CeteGo6bRYMfUXGWLjSr2lOtVtACs2rQW1PPy4kGAF1Lh0edsZtW
2020-09-10T14:43:46.936313223Z 601 NCUlGa1XRn2o3lDksBgwtp2nGzWo11KefTT312u0i6ZWB3ZivCCxhkH7R2Vp
2020-09-10T14:43:46.987345797Z 602 5WxghnA3e6Ml9hyBgU9U9uTBaivemRwd78WOWl2Od3OYC7ul4MF1EhPirZZm
2020-09-10T14:43:47.038329462Z 603 INThXzj060xVucgxXX17nknXSll8rTHjbzQfqa62owzN6NHclV7sTRk6w97i
2020-09-10T14:43:47.089715971Z 604 RAweMvLDoRUPw0pFHqqKjE5EmZVpdpxtyE2sCopPGuMPkU9okR3ng2ndDahX
2020-09-10T14:43:47.141443673Z 605 T339N2FL60TYlpgFWZmTFpUefpOW5INcZWYy4PGqyNINtwY8UFAiaUgrYQfm
2020-09-10T14:43:47.192551199Z 606 KW3QDGO7yeyuhhjK5P98JYGGZkKEMiJvXifWKvbkC3K9aOuzAX7yJPlnOOzQ
2020-09-10T14:43:47.242686503Z 607 KtaW12EMWU8VfpxfyDA1MPtSMINcwjgOYrwQyl65hcgrKrMGraMUE9hm12OC
2020-09-10T14:43:47.294681247Z 608 k4cIK1dgJBRNX9LudZoTReKdKUg2vTSEeC5aeMWU9NhLuEU3cdwAHVfOp7T0
2020-09-10T14:43:47.345824288Z 609 35FiiMycJAE9Y2SJGwUwbBtWA12fseonFaYjEKL2HzRxplwlRLUPbS5gqnbn
2020-09-10T14:43:47.397649170Z 610 X9Gf3Ewo1klHMBxSqqU0uVVpr96YNMXNkynk2fw4JvoMcTQkzV3TBaV2tPsM
2020-09-10T14:43:47.449405330Z 611 vDSfzs6eODWV4VvZxpDPn2wRawFnyIPYhbT06La4JknDDkOzNgTaoiOeLrzA
2020-09-10T14:43:47.501030630Z 612 1CkTghFIfvKlMbrpWUYoqtIwwrkZxnADToVwW2j2Qoc5aFAoG1M15JM0LDaa
2020-09-10T14:43:47.552648832Z 613 gSYdxQez1mPr84VoICordYed5C1LB1bGMOXj63cgksS4DVD34vzP4jt3cGZ5
2020-09-10T14:43:47.603490746Z 614 D5SSlvEGd4lWKyRoj8j6SmZnzmIi0KvpCSK9itXWamhd6Tl1C8IGhIMtVGER
2020-09-10T14:43:47.653918250Z 615 GdCumxQ8TQievHsjq7R5Hibn519lsQBIqjBfLukgy1mepBCAtEYSuBZVHyfo
2020-09-10T14:43:47.704939298Z 616 g6nm4toBwrbvX4SztUiv9GIvjsJvQP3dLZnqWyPACf4XmmGWJv1nZqVUGPRG
2020-09-10T14:43:47.756221712Z 617 og2lI99YrlPVT8TwYINpjyj1r2TkCRgFfO8cejBmz369rrNexPeQaFmKHjiS
2020-09-10T14:43:47.807960233Z 618 SPbFOjlbpwZXoL2uUqSAcjoYvknB8ZqDIdB0Dp5vGsnwbNAvuejK9BjlAutE
2020-09-10T14:43:47.859508749Z 619 Lbri58BThQeGbHcWSbxlbEnlKHs0YVs4jgUD1xbTIV8hSIOSZIvStjOMpl6h
2020-09-10T14:43:47.910183008Z 620 aLmGgUGAlzn8NVEtdV1FcLB2SmKbFjbL5WuODcC91RKYYJKqILZaqTN8phLV
2020-09-10T14:43:47.962158977Z 621 Wo6x10dPk0zmcERPu21Et5XSVIYx8QwQmEGGZwqJTNtuVQXGlN2nfuGfsrl9
2020-09-10T14:43:48.013089389Z 622 tPUwjaEAHjcIaF5QWQOhbQ1sPH1uRv1LaUXvp7d0HIeL1ICkjyP0H1tFijUV
2020-09-10T14:43:48.064722384Z 623 lPR0c4VEllVK7nRZ1R7Evl4vx8Bsl3gtJKvOktB5MXTnrfbDALuVAaAOs445
2020-09-10T14:43:48.116574583Z 624 w4FHAWO2QR0pkvSAMz3114SBawSGtbHM30dTKHuuLm5BdMqA7f9Z8FZnlMzf
2020-09-10T14:43:48.168030400Z 625 ZN3Kh8udeqRN4JIZ0AGYGo1Uunejn2JIuY0lDjCctNihlLlXyk7iRs7pq8Pa
2020-09-10T14:43:48.219776273Z 626 fDkkxm9jUzYxhAsSeWm5GkrbXUBK1ssNiVreu3yX5DQlgrxAdkEBBCJhAd54
2020-09-10T14:43:48.271446699Z 627 rGJkBZ5j90Z9IricnMq4WmoC06F0uvbzplqoOnLufwtclejE6p4r2fOqPDuh
2020-09-10T14:43:48.322103541Z 628 aodJUZ5laHC832ue5PHchCC34cXAdypGpkwIT8VOjGg20WSXuzT9NuDowEfJ
2020-09-10T14:43:48.372695188Z 629 0KZ6XsDBhNTB5HwOFrJt2eMc8CtPvmcnUFVBjdhIOSlqCEIerSiJtRjs8XUb
2020-09-10T14:43:48.424118689Z 630 7hsoiVJfshWxkHh4QqyLM2f1th3ZeLl757WR8fnw3X1Hgh9IyBFsOfw9mNGy
2020-09-10T14:43:48.475788793Z 631 msGwX9wEzd54pG5YmDt0ngqxLDPZwXfsHD3nL4v0IktKyGkltwMUgyjCgf6C
2020-09-10T14:43:48.527487702Z 632 jLJPZyJUOAb8D2jKoLX6OK93L7Jw21DwEhhBTDsgLEJKGf2c8qCtcunuXi0N
2020-09-10T14:43:48.578024039Z 633 mu8dwpzAqP5Xa4oAoB4gxQnPJZCOxhsRL040yOSg3br85476jO4QegpSdw7S
2020-09-10T14:43:48.629932776Z 634 wT2hmAmkCCQejnfMHmZCxhEJuutVGeVnJHnzDDjd6InRor9A3EJbYe6RhFni
2020-09-10T14:43:48.681570131Z 635 twUAvzQkQ0AUmYtBNVFT9meDfEOPK2Vc3lPXiKGRIVGKpLkRpkr4WmQVo71v
2020-09-10T14:43:48.732950646Z 636 CREv3cmGyMM9ik3qzOqSQxHffLaJd5osvQnc3fET4YPat4TJgZ4ZBkyh8Nd4
2020-09-10T14:43:48.784475890Z 637 51xHMSKkN0s9txKePALOLjf2hYalGqJ1xVwOepHja2xL7I2Ljc3ysXYmWRop
2020-09-10T14:43:48.835276775Z 638 Q70Nnmzly1W1GwIINof3y377UjMTklDw1X7rXh5B4Rl558kzHlWzgQU5gXsN
2020-09-10T14:43:48.886166295Z 639 gFEMnvm4dN8IfP4xYxE8nIIQuZkmuG49hJ7AOxU5hutdXwpNQkSBTEmaWI8S
2020-09-10T14:43:48.937407798Z 640 jTrkf72FSb3UoKUNcLQwWDq6VRUIGcyiuUUjgxDNvusGrXthpUSKx4zq9G1j
2020-09-10T14:43:48.987885952Z 641 0hyzVkzpa3ZbpXjNv6sZczysmq6pq9RqpOHpdVJnrInVv4yYGPGacuqH3ULx
2020-09-10T14:43:49.039277815Z 642 ZONUvcms6memIWvJkvFPy0gwCfC6WYL9LBvlkbTzoqKxTqMNTuSQYM262cOE
2020-09-10T14:43:49.090465949Z 643 xBW0PUDw0khg2hQt7jibebcErcUugZVY1nkgkbiu5STqaLFn7R7Cft9o2p0t
2020-09-10T14:43:49.141919295Z 644 BDU4iwZKM8jxGQui2CKF5YDgxbnXGDuClzmJwGq4wXVz6KfAf0toe7SLewvQ
2020-09-10T14:43:49.193545609Z 645 j2XcPcArzSACm37OcxcZKHvI0t9Rl8fnXI4MtKPjy2UK1XPE9cdiNKvVNpKJ
2020-09-10T14:43:49.243891621Z 646 E60buren3l1nJc4nw6TWSSyvytE0XEPrDn0WnFruMW2Yl4yUwQS4RoLGksXu
2020-09-10T14:43:49.295153066Z 647 mZ9fDLwWfJWV934q7lZd0HyBbteAZU4xWXQOWbQJnCKOJ9YWCgnjnQ4AEs0U
2020-09-10T14:43:49.345956068Z 648 hj4dDB8pcgTkzoP7nOg9CG4pcOYAZUh2yavr9yXxrW6Abz4CtOkCmB7AaewO
2020-09-10T14:43:49.397574166Z 649 I0AlDXh3AK65vODtLTd2axH4DKNvYrl3yxx4zYTGONFjcjWncmKTXAYLDNDa
2020-09-10T14:43:49.448464953Z 650 udlw6aLHTRAG1jnIyOWRx509Nf0vps8YkTe65guk4q9h9ZqqRZpDBzpf3CJz
2020-09-10T14:43:49.499163800Z 651 UDX8tL1f9jHIUpZRIJoxtSrVznwEqDKJXwnXSfHwjkjkYKqF8BQPeZKqhO2T
2020-09-10T14:43:49.549853913Z 652 yiYTjQejx5vBjgEqpn5PuOxUH3WVwDaEFOUIWip81c30znjFes4djPw1Zggp
2020-09-10T14:43:49.601107873Z 653 U8j4fwKTPtlgeu54rORWvZlDwLjrOeuymkWB9mcpcbvRcENPejCg6irxFz6i
2020-09-10T14:43:49.652207026Z 654 oUzzJmJDRQLxKB5QBwIz6qMcXsosX8zYYuW4IXRLvDOJWumjYlO2y9yv6NyY
2020-09-10T14:43:49.703714508Z 655 33QY6Te6a7oQQ4dJqLAvEQaKZTJpwMvBynopX8PzMgndQjWL2FSTRZBiyzOE
2020-09-10T14:43:49.755295455Z 656 EytLqju4YfdYAbdN7VtxsAuK5Qn5jnm6CIeodjOcmAdugfjpmaLPgnYwWXgS
2020-09-10T14:43:49.806372742Z 657 Hd3bNidlfoiJeTGmSjFQn042byRnr5u6XddmZfylIrYZ0YYSpIYd5yGLD92N
2020-09-10T14:43:49.857548631Z 658 Ld5fvbnStqbb822hvmMp2iJpnwld4GPbx76QnUD4r8oTClgwdo2k832kKBk3
2020-09-10T14:43:49.907954928Z 659 MVxge4rzLmVJcj5rcBvQyhUFMSHjD9ETAijivqb31y1itDncIzI2SFULASau
2020-09-10T14:43:49.959361077Z 660 FBp8e3PP4kHTKAc0RKxZRZLj4V6jHKMCIqn0tq79zBYYy7m8EXVrHvQSdW1O
2020-09-10T14:43:50.010901336Z 661 BfwU958o5GYJGCbx4mtns4wRfi0VKjiXkOYWAs6UbdIkGSNDCiuX1No6cqnn
2020-09-10T14:43:50.062499909Z 662 3zekfUFQpJBhEchkibzLJ7vjpsZXH52lxMaUgEeTJVxevkk8ESAGcol0Cy8a
2020-09-10T14:43:50.113684719Z 663 QobZf4N65lkw8u1vcUS6NKHIJO7eerodDencFdAqLZKCMGnzAFYVnXxx41ci
2020-09-10T14:43:50.165470357Z 664 HH8IhTqogRGUjKhcZndtZQcD5I3WGcwBoaVjKH22RrGCnSAjIKvmpBlNnYh9
2020-09-10T14:43:50.217045473Z 665 miSsOR21mKWdayhqFrihcOj1Ezan7ZGmycRkngBzSxGLn7dc4RFNxfD73lcN
2020-09-10T14:43:50.268195156Z 666 prCPOnFIoE5i0Pz0i3JiU2Xtaa85q4ElIxuAZTkSnISBDG8pX5AEwOEWOEH5
2020-09-10T14:43:50.318924229Z 667 W6YmYJaZlUxYjyLGc0X8Oo6jEebr8buWKmUu6MQJM2CHAcaLi7Wiu4e9ZYEm
2020-09-10T14:43:50.369946461Z 668 nUNgS0YeQaXuikLIutYaeaLYVAx19QmPAck2rnQ5yuXj8Rulu0EMevsprhO8
2020-09-10T14:43:50.421160833Z 669 Yrq6P3ntEdax3kVMEoJe091cUufeYXBNGsCPd39cq2Q4ZPrdF1DW9onWNTaA
2020-09-10T14:43:50.472517714Z 670 0KMsQEOZS3orluyXNHIAm35gVhKko7gl0x2V9KXVzAo718Zm2Yb5NsQVZK6w
2020-09-10T14:43:50.524600232Z 671 OiTgGX7Meqbwy0dZY2Foo5P9HaPGV8Rtke6nVau0PzrmkHD6c37nilj9WlTP
2020-09-10T14:43:50.575469600Z 672 veJsVkHVnfk433eN9HJJ7JAGNFc3tgcApVYpuAuw7jiti3iUwuVYPgUHXVnN
2020-09-10T14:43:50.626872847Z 673 zrSJn8oZZCZMIv67SIarSCknInJD5cYrXXZbR6daIajvqjUegNR9Fp4czPLk
2020-09-10T14:43:50.678655563Z 674 HuxwcOSwKnhMLbRFAO6nBznQgHEX86JpPtJmPaDsdOv56GgCo78jSY9xS5xe
2020-09-10T14:43:50.730610394Z 675 KYXvt9Q5DiWpwLi0hIVsHYuXT6LGOgrGopjWDGfl8CdLvxjLZAdbhBtXSkG2
2020-09-10T14:43:50.782339475Z 676 F9rgRHDJX6gCEVlEZhEYp8SmaExgToEBEQvnJWW4jXF7XQxpjOKiWrC3iofM
2020-09-10T14:43:50.833352686Z 677 623EyBSahBDdJVqDOd06TGrryic3YUaYAL2cn1WjRb0Rh1xtodcVKArL2QEu
2020-09-10T14:43:50.884407337Z 678 uJvYbz3ikyltX9o2z1MmELSFFtjdyHi8NCV1eB1uR89Xj4UCQovBvMk9Rvux
2020-09-10T14:43:50.936053728Z 679 93Os0HfB2YrtHZqPqFBXkemJf5U0Tbycl6L4HY4Qeet9easOMWavXi3ltsLZ
2020-09-10T14:43:50.987349744Z 680 6ZSlIZWDQw9E926WIto5sBkl3cRbtopm2sYisZk9LToLXimKKemv9SkSd12o
2020-09-10T14:43:51.038137909Z 681 INC61JUkxJc4YQvcH0S9AjWSA1OP9tdUY5z2GUv89Vtc3ogcmv53uV6vRKkl
2020-09-10T14:43:51.088779769Z 682 OJkRZ3zC4dH3sicgefOL7EGtJAvXfmClM5K58Cu87vGtJHJtHEcXQp2sg4is
2020-09-10T14:43:51.139792715Z 683 HHdA63eNlAPiJImd5v485ygpld74nRkg0SLCbHi3nsGsijWQxlxhlpLXKxVD
2020-09-10T14:43:51.191506469Z 684 x8j9yNypvh3Yn1ncq9ZEPub0Q2cSg9Eppc2WYg4p7saFhcAovXD4lGHuUdlh
2020-09-10T14:43:51.242560440Z 685 wZsTTvralyyWDenaGc2d4XBIl4zcuLlGqwynlIvf2GsDEnom0jeyBVA1ldFe
2020-09-10T14:43:51.294387267Z 686 rwHXSi5nX9gxgdUttxODTLpGdtzgVib2fZnaURz8DmdNPu5LXMNbTt9MoKqZ
2020-09-10T14:43:51.345463068Z 687 rOKw6sfKhwaXc80Q7VsracJYVYLNVLwbTJzTyMavMYogUNTd3s43wS5SKclY
2020-09-10T14:43:51.396418803Z 688 1iSw9URQD67ZDlHlJ0cHOVPUm5gNFTL3V7Gs2IPZoQkYC9tpUFHJy0OTm0Tn
2020-09-10T14:43:51.447120163Z 689 jBGvq8HLxG0HhcyKxVySaaGQGiG6scS8JtIoPb0d7HVejRKxbxS5INJHblgu
2020-09-10T14:43:51.498195608Z 690 cuKDbpOaqSsxoBmjkX92jgkOnd0CzCWKOOtULxeHUkI8YF5g2tB17zRN7gcs
2020-09-10T14:43:51.549107011Z 691 GLb6OhVOBV9qUKQFxYdaxEzGu3GreQMNSrYaMk3fcDWz3EbYPGxLgbPuYJRG
2020-09-10T14:43:51.599807565Z 692 cRjdoMuZBGsWHDkUOAaWs0nNT1vfhhDyiZ2pwOTt107cq5LlyNxwTCYbKIwt
2020-09-10T14:43:51.651281263Z 693 dVbJ6Yn6m8T3HmSIu8jXCSnBZkZ89S0PDi7UU4slE4Is83M3zoJtJb1IY5sE
2020-09-10T14:43:51.702687837Z 694 7FzBalnhiAGUXxiuoODKdpxl4VIBEwf3nCDFFneviT18qXtLXXve8H9I8jSo
2020-09-10T14:43:51.753883363Z 695 bNusFGpCA2ZCt3ObDUbYlTH1kTcNu25BESdCMkskTv4sS6cL4dAeKujgk5ci
2020-09-10T14:43:51.804886140Z 696 spuod2jQF9u1NzZUgApjt5vcZ6S7mkZ4epOEeN2pfeiJBjYAvdOOiOe2aAaj
2020-09-10T14:43:51.856411078Z 697 ADebaJgxL6uCWXOOvC4RTKUfAykKtkbUMi7ZHa5SpjoEknKpGG7LhX1hw7GP
2020-09-10T14:43:51.908161749Z 698 v72qDGY5xt6KCwaim7fwAkfE7Vn7VUJ9h3CL57r28KvCCfUHGpXkc7qzL9rH
2020-09-10T14:43:51.959499450Z 699 Q918rIK3cIpJv5qI0WesSGla3o1STOhsy6moFZD2WhGDUiGg43Q8PeT53vf4
2020-09-10T14:43:52.011319554Z 700 yXVFLdRsFP0VKo8ROwLkfxcilwU7jBJOMXPsosbXP3dg7UvbFU0rtMf3yc39
2020-09-10T14:43:52.062723254Z 701 5BL3eUm8Xl3zOnZ8P7CdPwLXBCaTNhdf4BdZYRQeylFPnNiqiCs2nNK5E2yk
2020-09-10T14:43:52.113204883Z 702 w4wVHsQCFXlXbzHOjBKGNKfftFsREI1NCmb9SXdGEdnZasygxyMXo5FsnD1S
2020-09-10T14:43:52.164507414Z 703 OC4FQ83rUhq22QxKjbgyZOWo1wF8S1KOwiDZrLtlzbxGyobi9jX1Q0ES1FJY
2020-09-10T14:43:52.216362523Z 704 Id2RF6PflzYlHwimQMw0cwetDXKEriygOavUDRnga1C72Axk49Maz1kK2PIn
2020-09-10T14:43:52.267697638Z 705 GaEnSUUOLDMvZOuuJvpCj1zAeJQSENUjiMWXCgTFT1RblI6B58gVypTkvVGw
2020-09-10T14:43:52.319701651Z 706 ekUOoWaREvTIOIeOfhN1wi90kCABjH0ARjkaPImAkxC9rjSjfXUDygw6p3hR
2020-09-10T14:43:52.371215576Z 707 RqKsXZXAfPFdlGDT4cOH3UPkMFDKl2HrHhTyR65WlFNQNngPfNAliFoy1gK7
2020-09-10T14:43:52.422865401Z 708 g4xgjXk3BmvENmxKe88qL3pRGDamjlCKtBSUZETTMLEiZhpu7r4PhyMymXNz
2020-09-10T14:43:52.474719711Z 709 x22yXWzJdJma1PbwLFDCASlrPElz4NuvuzEsQJbKfr7NjrlfnuK1GQqEPwbU
2020-09-10T14:43:52.525197045Z 710 lBkaPYtwiaqrqcuSkCYDz1SOAgbTgcPF6ezyC17mOOrssVDO6qeSHYVKnxAr
2020-09-10T14:43:52.576538505Z 711 MxFkKjOuRu9DDpiPP7cy4MvRcGmR9IVgwIgYi0y2dNqhPHSdGQdhE86tjXFu
2020-09-10T14:43:52.627342618Z 712 53JxdlJCvhc6eMpSeHTJppPRi4kWYSitx6yG4gcKNoABwHO6cYRkOGK94SgI
2020-09-10T14:43:52.678394798Z 713 jmEAFeOeGk3QYCHH4N4UTnhz36mNXdBRrBdPrbNCJG6MnnqAoL4kW17Avak6
2020-09-10T14:43:52.729111245Z 714 ZEXBgbZ2GEtMpnEE04o3gvobpiQsEZEwpdru46UFxt0ecllvPNXQD3Ci7IrY
2020-09-10T14:43:52.780699603Z 715 8utX4QZyLDk3LWjZ0uolSzjGWsVPViOPhq3Cl8IOU4KDT5EH00THjnkKLHcH
2020-09-10T14:43:52.832419470Z 716 RFsPhVQF22jEkw38p8Bfp5GRo0uGutPafpnXZprIhLcRHm2nb0jlNztePBPY
2020-09-10T14:43:52.883268771Z 717 RVq0yKGm7WEJZ8nasrm0pY5RE9xWoI4pubiH49V3Wyrl2LB2yBhGXtwmaK78
2020-09-10T14:43:52.934761277Z 718 q9fztzUSTFXWDE6ri2j1308tMiAxe9SNDoWQfheEUa9n81RcVfvCRU0X2bGj
2020-09-10T14:43:52.986019520Z 719 0yDc1opQzucGAx7LjSnQEsANZiXHS11walTBfShGpAoyFxYDRRmlbkOnD7Tc
2020-09-10T14:43:53.037646675Z 720 pOmpxBYApJUUdekPTReZa5svWFelm1YkKciL9TeRsLpjc3MwNZQEDHWb2NgS
2020-09-10T14:43:53.088477219Z 721 35uzK8DJT3V0aLlRYfNUzGG9gJdQH2XuBChiDtB8Abd2jCr76ZQ6UH9tUeJx
2020-09-10T14:43:53.139600334Z 722 m6pBkxf6oU0bj4OeztqfziKLFbhtTCnV7J9CQH7I03IOFyqpcSjKuYqWKi6l
2020-09-10T14:43:53.191087029Z 723 tALC4X9gTAwx1S13eNOIccxfVzwWw4bxKAnXssF8jS0IVvUgkCIOFEOOeyDO
2020-09-10T14:43:53.242329681Z 724 YBUDSKBIzzCImv5NnQ5HLgAbL3ViiMdqovamdXpKx7inKH1qo8J3Cs8pR5CY
2020-09-10T14:43:53.293804442Z 725 LW8dA7wYYEecvPFhJp4UhnOPtziqwbLcYqT9dJkodEDL3M0DOREEqBYdblfX
2020-09-10T14:43:53.345305729Z 726 EWFTtde73R7sGXQBORgi874ExJgscVzLxVhNL55S3ZHpsewQij6RGzfeiBfb
2020-09-10T14:43:53.396461920Z 727 0JOCeCvjPsUGQNQShJg2wydAJzhZxk9D4WdNoebPLJ2KbA8KkHEtbWRSGqbd
2020-09-10T14:43:53.447397493Z 728 cVOgHcAy5h9TDtPVZthKO5R3QJnNQn6OJqoQPR1dSvtVEWcB1ZPoRbJ6fAZg
2020-09-10T14:43:53.498400689Z 729 ifcBObKx7mGmHvQupoTMybbOeCSQshN8Fce263lQzOw64jTo7wFPbPNlbf66
2020-09-10T14:43:53.549517939Z 730 wvipwPQtxsMCuJIc0xRmpuQhmAWWQM8EKKBFfI1THmUgPRpV0HMNa5TElROJ
2020-09-10T14:43:53.599858054Z 731 4teJAC8e4wXNl2mX09I5RpG1J61BchnohnaqmZyfhmULDe0lpTPZdzcFNOvI
2020-09-10T14:43:53.651653636Z 732 1hU9Q9q2qGF1Qcdy9twx4UjJId00VR1tGiNWfzSgAo7zTLaMqOX5sgtrMUw7
2020-09-10T14:43:53.703516863Z 733 kpfRKogA2unxRUdqBbA6dEBnxzboAbeOyB00LUgeHVyW5sfnpEgySG5AfAL2
2020-09-10T14:43:53.753789249Z 734 luulSxAXatVHpVuQ4K80GnQyzubmMC4EodCsZwSofEaib2OWwLtbyCwfIlTM
2020-09-10T14:43:53.805235730Z 735 tJsCWD8GcF8a3pdu7T1nsIpPMbO0ZiKi5klucw49IrsHwkL5EH7Rj97vA5WW
2020-09-10T14:43:53.856408363Z 736 Uc9sMknhiNPNIWmj37jsV7fvm72doYGrfkCp55gaq2XWsdVZfLUX05JB6Ngh
2020-09-10T14:43:53.906855585Z 737 mnWq4ByYS9MwuLz2RAADWgTBWcMx5jcX4vAch91UgzU6UPxpu11PjVIOOAV5
2020-09-10T14:43:53.958456151Z 738 8WvaoEYwEFJjY8CtiWlv4MvVCArxl2g28I18gwExlO3he5TwAIfsdGDzJXl8
2020-09-10T14:43:54.009143195Z 739 fXeuBPAo8Qa1eFcyhVEQurtPwGD48mfxefqC3acjpjCvtT9RH0iPVOefGb6V
2020-09-10T14:43:54.060168253Z 740 8oSgAD1EMBfFQZ1OF9QD9rqypBKNNpoURF1873eTSOYxv8lb63DYZIT9lMjr
2020-09-10T14:43:54.111086347Z 741 6DKmVgP3A7Zywm3qC5UB36wweUkErOW2Vs3atmjz4Iy7HXGgWlXz43hQnVrk
2020-09-10T14:43:54.161930312Z 742 358kBBcxKyLc4rpq6yZSLLhWp56pj0w2IwONIJGUbmlehXm0u148F5BjCNH4
2020-09-10T14:43:54.213660611Z 743 MdqWKzbu89iLyTN55wxTszoTTXIzXfIG4FvoJjthS8wZzJA3LpCuEWtClH9n
2020-09-10T14:43:54.265062221Z 744 cMRrYPO4QYLGhhkqIxIZzalPVVi0oHXK7qrmWkH2GSgvvPLtNRouE5EcealP
2020-09-10T14:43:54.316843522Z 745 ejhW9G6dhSaqlRZn5wOK4TysaulQlvd0DYvCAPQJn4fezTq5IKT7imWLIPUT
2020-09-10T14:43:54.367210881Z 746 eYDBimzMMQuGfgkb2lXxeqMrZww4yIw98sgGv33JGeeqV9SxX55eMpRvc7eL
2020-09-10T14:43:54.417924025Z 747 BMMmh5iR8sOFt14JXjsDNAUVKakMLUEm0FaewnkspKYWGoMqEVyQjP8HZTd6
2020-09-10T14:43:54.469720533Z 748 l2cEGdIjTYq1W9XndFpKSBDDZxW3tWZLCRUTawdJzPp2HsuGDcD2uIvhfPLH
2020-09-10T14:43:54.521738113Z 749 n7t6edYSNJjLwKJqiD8BMqksAO6fHwcn5JvyKlNx5byZDQVavOXf14bChk0A
2020-09-10T14:43:54.573591986Z 750 QVCdyzTJWwEmSnBcPLjwd8LRjVZgqBTk1JxW1LFr6FH212RhRuezKjyEGuS6
2020-09-10T14:43:54.625783660Z 751 7MNCnE6hGP7DIySxx6gP48vrvjWVmkQgCiV9nQlA7WMFcWTjRbYE5avOW2lY
2020-09-10T14:43:54.677564835Z 752 FH8IehuZeQ87FbaToa1UEZu6MVSSS0ILdIczLc9EcqoHaXjS8d9gvmdU5d8B
2020-09-10T14:43:54.729502351Z 753 rbtCHl7Ez2QXEm3qJbm5rg3Eqx7jqRRsMnAoQ2vBguBW7JwSMvgn9uBGMQfp
2020-09-10T14:43:54.780489380Z 754 23lfrsWbOUKlQy6HJSyMfid4mvsQTa2tObizvpNUDJhZtHVj3YqzapXEfIkh
2020-09-10T14:43:54.831469204Z 755 Ky66HGGu8DswLbjjs95jblJzmg8yGYdHkA7xyA68hWEQvOtB51Z1RGaCV0rX
2020-09-10T14:43:54.882472603Z 756 ZlTggcLdK8EhgXvriKNeUePGdGHPKxvZJlWvmarpZt2uRgL0lnYK4SxuSZwT
2020-09-10T14:43:54.934547534Z 757 JMMNgBo5SZ7BYVMk2ypTX7FGQvdJ2w7oIBF2ab1oeeHsnfC11MZ8zOs4pFM5
2020-09-10T14:43:54.986478836Z 758 ZURMi2wpGdHU9e2rFUGv1GR8Wxrj2f0tRAzrdThPOYb8HwDs2eaY5om9MO4N
2020-09-10T14:43:55.037382081Z 759 tp6gB8unLWbz5UBevuLBaY1q8UJ1HRgVb9Pwqg6R9XsgRd42mwzkF1NGG8s3
2020-09-10T14:43:55.087917786Z 760 68eieCzNRlSjMLWmNhteN3qAM2FGfXmCO3IrForimPgn44rR2wtZsyhnK6zE
2020-09-10T14:43:55.139711337Z 761 NDzipA9ORIDmAGeGXP7Ztace3mZAUnV8eQmmYX9msdOfuos9NP0a6KV2Y82p
2020-09-10T14:43:55.191130173Z 762 Uej0G3j2x1ZAvxsb8EfJz4yilOp2NzTXgdL68iwVlZdP4unXhEZwjjNMAFcF
2020-09-10T14:43:55.242967733Z 763 0FPW85SULZcZIHDn2aMvwQrzHgelsjuVXVXjqJVlKfLvFlmoK9MU5nPe22qO
2020-09-10T14:43:55.294531373Z 764 2yrGmuGBFq430KAFjOisFZ36tsILPc4N5gkvvTvmSM5lVQIDQtrxRIX8OA8H
2020-09-10T14:43:55.345545499Z 765 VOwlXBPwT4XgfJmi9PFyHzutL7PSGKSBEZM5Ppy91UyfNj989C19N8YqZfsf
2020-09-10T14:43:55.397123756Z 766 uPKFQRyt1qoDxFjcoKj02wL101XPQ74GPjUcNti59aVcmF253ZDi37XgmFF0
2020-09-10T14:43:55.448452322Z 767 29I8ck47aqTufmths3STTvrdmWJzOu6POPNMZl3uZady9P8roSxOvttlzd7n
2020-09-10T14:43:55.499120145Z 768 CYPfVyCJV4xrRG2BjHatPDxDu9vhEaAfbc8nZ94WRWKT9khfagAqVz1TcCix
2020-09-10T14:43:55.550545903Z 769 fDJQhd2RDvwzuTBpP1WZbWGI3FlS0ImDxJPyrLdVre8IkgvRBn4KXmM6lhrq
2020-09-10T14:43:55.601784932Z 770 XCrOPV9FIgVrEd3992YXE3uz6cMZOLLJ3LGjNNoZUAIoXzM15TTxaRSAmTN5
2020-09-10T14:43:55.653492422Z 771 Fh3j3yWsFePGi3GaRHuQQbxmR7LUdJBw6GSYR9mSYFjFnXIzOpI2SSPewVvb
2020-09-10T14:43:55.703988985Z 772 sjWe7UCVIVXq7GY2W4h9PMfsZR1ibvb2uUsfcNJU5lcmqeVCQZrM5nTeS0Dp
2020-09-10T14:43:55.754895664Z 773 ZAF2FVTB32ppgccZzrbXiARi4AxN70R8vDwBj1vyvJDVC1SVhh7TgHmrdZJG
2020-09-10T14:43:55.806218065Z 774 Bm4TOgPGDmUphvdr7b3IXBLTEvSS3SgwnV4FnqPObSxFRuZF9VEsPYPBlEgp
2020-09-10T14:43:55.857008029Z 775 FnlF7ChvWRfvcNujg2RfVxlcwYHxvT8pHMZ1wtfW5CbtfqNVkW7rg1nMTLyX
2020-09-10T14:43:55.907926747Z 776 q28w8KtAnQ2VOY2sihtCHpTnBFgwsOXfyIJ5JfBjeCzFfxasuDymWTQzD47T
2020-09-10T14:43:55.959455806Z 777 C3JnPf9Ve2Aer43y39TcRmPXvlaa5U3X6IOtvMZ9hSd55fACGmBT66fyf3U5
2020-09-10T14:43:56.010069580Z 778 Rkf2AjX56C9LiSBca77EgO0fE4SzEj1k6Yds2Vi9xKTvS0DEPgMWnITwuPwQ
2020-09-10T14:43:56.061495969Z 779 D4Esp0AGqjIcXcxpHksu4FU4z8HhlP0hNOER5N2DvyHKLi7tO69Bj2GKfRBe
2020-09-10T14:43:56.112181289Z 780 WlwoU5aVQxU4qlqAKVK6Xu7qujXNOawcsnqId2TEQYVBcvds5ggbUJADJBIN
2020-09-10T14:43:56.163255268Z 781 57GUUjLwGr3mqgl778NahHZLTfXQgWi4tCmKITA42ICatv4lBXOxYjYfzSCh
2020-09-10T14:43:56.214429417Z 782 XF6cq9qrSvWSIYB63Qz08Fzorn8EEgPaFYs3NY8vckxCGcq4cQwNmHPgMAkm
2020-09-10T14:43:56.265256755Z 783 MIli9Om3KrBu8taX54wDTavDT4geJPDspydZn8NpiccvNuFBj4ud6MQzWqwS
2020-09-10T14:43:56.316602655Z 784 HgIXI89fYWMR2KAzMovPBeQwAisiTjUCT5ZY0mkSH3Y6Vwxw3aPCzlyBH9Nj
2020-09-10T14:43:56.368584610Z 785 U4E8IZesEokpMpRzw3EFDkJwHFTMsCH1mnFCklLLUNd2PXGrNsSlAwGFBAdL
2020-09-10T14:43:56.419831725Z 786 9Q99jea0pJDSVYjTBOCwd0HfeljAUuCAEfR8zZQgMuZtYRmyi9AAUrK5MzRQ
2020-09-10T14:43:56.471297497Z 787 CDx10TbcsUAlnoDxj6Lwp9i9zCozE6cPbJTsO43ryzUQVMlRtVoGElMRI3Nn
2020-09-10T14:43:56.522485351Z 788 PD7XSk0cHwiWteTLm5RHYbNVJR9bedhi5aZEJGUkAUUIRxoZZFpIKO7U6RFy
2020-09-10T14:43:56.573802903Z 789 1FANAqKWa147aMp4rGyTTCmr9j2dxQc7kxrZ0mGPPCgsWPOdJLVf9ZHARdCI
2020-09-10T14:43:56.625675976Z 790 sTinbzMMhs71lQsFrPN8I5v4ZQGoj3Bo5yR3SexiqvPt1nq2gXQU78kvOjex
2020-09-10T14:43:56.677541423Z 791 ZOuIc8nGQyW4c5AgK7HowUDP195JWIZY2JsHI23ZvddnrdbsXG93kXS1yPRM
2020-09-10T14:43:56.729204367Z 792 cTlMXrFhQHZYyZTRUv5XFFCU1Mm51rhtrgg08IxnebR1ciFxSzJdXwaXLUxn
2020-09-10T14:43:56.780128404Z 793 LcxobnJA05iYlDei7YyMJYSc7PSeM7ufv3yZlD2xVATF39AlsIRbxdTdebvU
2020-09-10T14:43:56.830972410Z 794 VdHAR7MTgOYxr7h7zmTZABUxsKbk3xb3A0ZlLqIjo8yCVOESZsj6xxghkyQw
2020-09-10T14:43:56.882370163Z 795 KaatCN2Yd6UUZ2bkLEkp9cM1j5JCleZSJUllEHdnha2Ugfv3xgr9OTKWSMy6
2020-09-10T14:43:56.932711540Z 796 trc2N3CniHf49zLPkANo7tr7MVY44RLORXV3xNtnLjLswcxCpB128SqCSlKM
2020-09-10T14:43:56.983903840Z 797 orhRQmZOmbOTFyc9LbFTRHlRgC5ggs0YbzToWoB0AMwtZ1jBtBBqS3SpbJd0
2020-09-10T14:43:57.035796445Z 798 TMMl219ufsY0rR8wOIB3UQ7tNh3EarngQkYJDkHBJLWwqcrvni4t1FhJcQiC
2020-09-10T14:43:57.086757769Z 799 XKyWnNDEW0kHrFqDldZpumUm82fV8VTGFAwvID1o1Z1NmLp8ojZKirZWBLm4
2020-09-10T14:43:57.137923905Z 800 TDqaGgxAQ0RKscdfj5Hs9GyF90FCSAMQkLG4p8GB9ylEYjkSGzbVm8prH73v
2020-09-10T14:43:57.189415772Z 801 pceEvo2v9MZXhf7H72ce1qEuDEYLqGfIZh1QyCZ38iDNzJMQYY8KXWWlwi3O
2020-09-10T14:43:57.241312752Z 802 ZhoKtEtXfqHnzcrpx9MOS16UD5ytSCTboZWs8kVzsMmTNxnb4Xawkq37X5Yv
2020-09-10T14:43:57.292392136Z 803 c6fAlk9Ihb8BC6BC56HaSQFjV8OHEHgwzUhBsRk6JmWCPuXqI03fK5sH3gwx
2020-09-10T14:43:57.343755720Z 804 NGwElGCgQPnkk01P8DkenKQsu4crYY5fVJRshMCL9EbGSaiFrFnJmjiO5lE3
2020-09-10T14:43:57.395561522Z 805 9GCxTVCRcfOhG9Aa2B9v1xjo89jZwVYQQtwXOF96wyAE0fX12bYUYY5fKHLB
2020-09-10T14:43:57.447500174Z 806 MRn0oTfxyk5ROY2DejTmziHybu0DZChMCmwi5VYjRUgLc41fYohbFvQSM6Pq
2020-09-10T14:43:57.499025050Z 807 07R8cNgSxIHr07ImbjjxfCAb64o1opnp8LnfGkOuCiPYx6sNIvGFpi8YrKSG
2020-09-10T14:43:57.550051977Z 808 b9aIDtwIBMlCwJKsk8RvK3ccmNCIeSt0POpcF09r9kFSYKfZDwRadKJ1Z27N
2020-09-10T14:43:57.601047816Z 809 tw8qPgYKxBExb9Igqbht307MnRvtd0ADUHmrzw8shTyEGzGftpLpmR1O3jFr
2020-09-10T14:43:57.652683778Z 810 6HzKGDjJwvByhuPZsX3f3PgKmWvF2KO9lDA5mvEDyHH0vQjEcJhYrJmcUnpI
2020-09-10T14:43:57.704304970Z 811 vjnXHQDkbZgDspFpvP6xmyCWttYJsOJY5jC0Gvg2MKkEZR42KyrswB5sTwby
2020-09-10T14:43:57.756759849Z 812 9bDhTjuDs55eYigz836O5TH1iujfuZjIH9wEUp26ieWDFZ0H3jPsaFniOss4
2020-09-10T14:43:57.808380368Z 813 NWC9we6Nm5O2T8nKcav0k6cdadnDyBURvw8aHYqtKmrYDGNmvpo1glA8NBNQ
2020-09-10T14:43:57.859515598Z 814 BKfBtaCE6NHVTPS6JNKYOgWNJwITZEAco0titmV4YdBGjOkiR0BMF5JiKg97
2020-09-10T14:43:57.910319820Z 815 AgJxQqrAsjBtQfq9jFsj8PImv2vZFS0CNBIUjWjp6CX8QbrjbKedZOzjh0zA
2020-09-10T14:43:57.961173557Z 816 BH1uCzQoF4qNJ6ULYKJ9afGwrtS4hIvY6TwRMYCC2A5bIxJlqoUAaLYA4HpK
2020-09-10T14:43:58.012252562Z 817 6kGMzDAReFKh8SIgXWPOhmItOdwUZ6ZqtsJi9ZxNUX1mOO3v2QO3boJbZAyv
2020-09-10T14:43:58.062851001Z 818 YwCUboP2UjE0DEXfyJJZ6Xm8uPVx6MOUZicbtM0i40lJYOxEeyfFZ4OSX9S0
2020-09-10T14:43:58.114238935Z 819 Mtjoc0Kj8I92AqnKA3ZzvJf0UdIjwaK8z93gIMR2enFB0TtoKfZOqwssuN14
2020-09-10T14:43:58.165820840Z 820 M2xEMDma3Ba2jurSCrZXtMg0URHEZnryNLrwBcxJzXQnkdJIiENH5l7FSfmO
2020-09-10T14:43:58.217781819Z 821 jgi6hCxNaBa2FXPFKInlpfddN1nPfFd23THnBr4OwxdW50MW2P2emGBzNptk
2020-09-10T14:43:58.268217997Z 822 y5yZOMvKHtZZQNgSRsRVIjcPbRx6xYGPsbfHR3GAcIhlgXbD4lhaOAd4wzP3
2020-09-10T14:43:58.318776243Z 823 BfgkHFTVMgzuQe3WT45CBqOTr1inpubPIYjUAUHB6RGab9uFEh81i1DyzqSu
2020-09-10T14:43:58.370498124Z 824 scNaJp5zivlaIfZw597KcyQaCtfokHaMZ8JhnZsUaKKIdgKJrmEfTPhTtw65
2020-09-10T14:43:58.422670496Z 825 X4eauEXZTB5e2UYp8TurMxeQ6tWSuUg93O8VYH2TOAlJfpkNAXzIasCEN0b5
2020-09-10T14:43:58.473593385Z 826 zZgrwxEAGpbPHi9E1T3y9Xw667JvcCxmQHplkTK9jIe5qQgTN3UY4Bznr6LM
2020-09-10T14:43:58.524840285Z 827 THu5rqTlEziltnw1ZRnFcNsquxvlqTNzJe8w1shNq19wis6twya5hexOUB5f
2020-09-10T14:43:58.576076787Z 828 peff0NvczPGCFwJnoskNCSQP7yUhLtZ5nfny4nYb6wrEXtABm9MBylti8vuv
2020-09-10T14:43:58.627512308Z 829 WqM8gadDEOkGvXAKcjnqaue3q0dGza1ne40OjISsMClzRat1SJTaFDSKNF1s
2020-09-10T14:43:58.678994736Z 830 vUYWWWlb8GxHMsjqw9NATROqVqNX9psl9B7QEX7fE74QoZfdoy6fQZImDgfI
2020-09-10T14:43:58.730677518Z 831 1ATRiQPB5l6MoV5H8Zxi9EHWbxxknDTteYrHOP8tSMJrJC9BoBNICzL9CjHj
2020-09-10T14:43:58.782077441Z 832 3Wv6wKEyAY1oNSz3188WmPPqZY0MUFAguaENQ0GTGaNik5pkOTBU7bpPcmVO
2020-09-10T14:43:58.833688241Z 833 ZA0juTht6rXrtzuQ4fhDXuUVmZAOlRD2On6FFHWa8ukdy4CLxj1y0himGOVp
2020-09-10T14:43:58.885485171Z 834 HLUqZ8xVNkELdwbHEohEZTQSLvBqkn4NF7tQ2BskJ3yRTeJLFKpltHmjDxik
2020-09-10T14:43:58.936519365Z 835 PMFs442vhnPzn2mCGX402puxDePPkAk3kxkBMMsp5wcfoHDxxYPduNpuFlT8
2020-09-10T14:43:58.987556253Z 836 2pRZnv5lrnm8pFrbKS5WywjlgeB2I3jxy80sm9SQddou109M0aemy2MzZN3c
2020-09-10T14:43:59.038777132Z 837 YbTjIAocPtgOYW1CG1Jgx44uZp0qBVYiMAOyyaFcSrV2J2YJwjYgN9yQrUKT
2020-09-10T14:43:59.090049074Z 838 cu4V3Qz36lPwnMJFGnBq9AVpV3UFve5ZXwnbpFPUsksUS8Ve3O6ybSZqur8g
2020-09-10T14:43:59.141013706Z 839 Km3mnYNHVN5RTKU21zaD1Zrvqhs194gwL3uOmJyA0EzilYBIXWHhTVerKiiw
2020-09-10T14:43:59.192043049Z 840 4hRAQaHFSJXdblcNzctSCxAjNr66pSZodDOtVl9e9xcX23tY4V7h6W8RgORu
2020-09-10T14:43:59.243761490Z 841 8MJzoICFfrk00dkbr4HT8x9aykmoScxFHF8s8BYq69wUSuiarpzGsQPQ638w
2020-09-10T14:43:59.294937959Z 842 3ppZ1Ap6VDlXtkoPRdyH76yXpgQTZKWVUbmHy5r70qRs8DqDmTjopk0Wnvvr
2020-09-10T14:43:59.347016048Z 843 AeNX3OeXfb9P3fZkmlloMZUReQGTi3jHAqqYsqlnZ0cIVIbA5bbZ2GFqLVEk
2020-09-10T14:43:59.398947979Z 844 m34OyPIWxtzWtRBm7xkNKGXOBWGZDUUKDlOJAOdgsc6z8NNl3JY89Qxnz26v
2020-09-10T14:43:59.450668326Z 845 mmItz00Y8uiJHhlJzdPcOGX8X8iMgbRFQIDNfc10AsLWHXZANrvwF4jub8sr
2020-09-10T14:43:59.502531000Z 846 jbZPyqM0tjZ7PaXBNIrNTFkXZPZqvgwBVTZLo9cmRhOm3VzxekdaIZSXfjvw
2020-09-10T14:43:59.552987399Z 847 dRFgu0y1dU45uGsSwuCjKS2Iwfu9tUivraSyI6lzFPIUyO2YE8nUndOeuYTy
2020-09-10T14:43:59.604093427Z 848 A7bWbdphjzNCsNEJSnOEvGNEDmw1UrOeZsxYXX6btYFOnrQTHoRHt5JHaoIt
2020-09-10T14:43:59.654988383Z 849 jiEpFaqxs8s99TlZNv29k1U3ozcZXEwcqvIfmhDryZmAMgbgACcVX2yZoCUx
2020-09-10T14:43:59.706576608Z 850 mTvzKQ4OFjqzYha0Miwvo3C29CvR1CvIwjuRjlgOnuNPwRjFDfUOSPTptC1g
2020-09-10T14:43:59.757898616Z 851 I5Gv9uceRZHGOuoB9OPWv7tcKuPnUMjz1b4Tge6Q7Ci62LSXp14pjGWcMp7B
2020-09-10T14:43:59.809635575Z 852 ONyW1MijoWkeF0pGX3zD8fqVKDSXtdie7OUuaRTmG3bHZKgfseuF1cjNSWhJ
2020-09-10T14:43:59.861202183Z 853 yD1o7ZCNnktw4OyQUcXzhFcovdCOxu5qzvMEsBENJrmWhyu0UhYVTw7vlTvt
2020-09-10T14:43:59.912217570Z 854 dFX7PvUGUB1wQzaC6i4x7DyCljXWyexyH5DlmJjyCoT7pgCAwRfTEckfB7zm
2020-09-10T14:43:59.962931925Z 855 b4q7sDS56CaYkrLvLc0bbrJxeSHjdRHHSIRoEscAk1sefwQAIKI3wStkVOWG
2020-09-10T14:44:00.014440001Z 856 dX78hzhqY4T4w7cjZMcW1MIIWBEBJdXm2xcgyGmUw5jjLS0yZObTDaUc9hQp
2020-09-10T14:44:00.065121455Z 857 16TTjLSZ63QeEXdAadUnenGRSHxmc6y9OuA2GExSsWt1lZrxNHF7J4yTraQe
2020-09-10T14:44:00.116512068Z 858 I9n99hc5jux8u2f1Oe4GDMiMgKicuYzvcSS50O7atqFgdqGFy61x4Jlsq0xb
2020-09-10T14:44:00.167524584Z 859 vE9vs9ooU5vpjteyk3M4k0dJ5ciipg3pzomaxXHZ4Nn2YuoEF6ckTlxFrUjC
2020-09-10T14:44:00.218135581Z 860 oqCiic47qp2dBq9nTybTbVKcqn4QWvjIbePPukCZQ457xkTLmRTsz7n0fwz0
2020-09-10T14:44:00.269668294Z 861 3boMH7uPDeXniHKzrhyVaHe0wKPWElgjiRR6exmj5MSeDNQVKrDyI5cKsA4l
2020-09-10T14:44:00.320690815Z 862 RvciYaOhnzf4HzAhCJZj6trTnGsLSmBhL661DionH2LxzxA81pp9rBhnUnrT
2020-09-10T14:44:00.371001885Z 863 kgg4SE7nbKJYVRxETdAZsXxMMxZq2RMrr6hVLbOH3n2JvJzfUHL8JFZMU5BF
2020-09-10T14:44:00.422281692Z 864 8sQaV2NmPFZ2c7c3MMyY9Rjo0sixazPfQaH631sjjHblXi2ykBs7zD11L1rO
2020-09-10T14:44:00.474416574Z 865 sGrkzzvtYSdROwDU6da0omaRGA9vtc5nSkC6UKNsbOFP48wcMsSUWJInYzwM
2020-09-10T14:44:00.526054442Z 866 K2CgpqhJcBoUVKm0vSkrMZHxRjnZ2MEqknhWmwOfT5js5dg7Qs3WhqXswYCE
2020-09-10T14:44:00.576978758Z 867 OAMHkCq4N6zrpgM84ziNkr2y30zkzqeGouzJpK6GBBKVclPdcvi3izdl7hPu
2020-09-10T14:44:00.628315112Z 868 w5p37DmWPUrdzr4RYp6TdPDpbdm0bGZxmS1qWEgzywYI14NXfH7Ttc0M2YBU
2020-09-10T14:44:00.678873435Z 869 U0ArmgrLDOTRVyukfnvvtiwdi3A8yhhBs5TaPYvMB0MSAU1sOO3HQy7MKGdS
2020-09-10T14:44:00.730258973Z 870 tpdissDbVxuNmfQdLdTeDnD3SJxrZf7BJuXVjKRtPUhIb83E5HFj7ZIu56zd
2020-09-10T14:44:00.781854258Z 871 JTUYYYJ6AAMFpsi2Br9E7U8H9Ay9rVad0HCFJwbfsHkp2IogTZWjnvWTRenT
2020-09-10T14:44:00.833589578Z 872 rKti71L6BneY3YpsuUCTvaLJPEuZJHv2PKikekZCb8XqcdvARqugVc9RKDj4
2020-09-10T14:44:00.884910027Z 873 sSSVKHr7wmE3jYGGVnYwPmp5FoJM6VDXPgFSscs9ZRySqFgt8J8QlM3mEHr2
2020-09-10T14:44:00.936534355Z 874 vmtArfimrgHumQwHIfOIBCwVtKzbPreJjBW5WuXmT9IQmeJJaahY3QjhOTdy
2020-09-10T14:44:00.987802410Z 875 0ueIznvHFiPxsHxNw1WIRC4uNZ1GgrQmT1OlNSNxNPxpr7STU7tLwNgqjyVO
2020-09-10T14:44:01.039481777Z 876 Tx3Hlrf4bu2Po8T7RmhMrJ7ekIMZc4sAR7eO6QU9EkBX2KHdSt8BpJ1zBBZg
2020-09-10T14:44:01.090018593Z 877 9ujambyGj7qHfttdE6n1DBqoZUpKqiAEH6VzIDuTnGYCq3LvvY5Kd1Y2hyzH
2020-09-10T14:44:01.141204479Z 878 xXZeP0qhmB5lenyI5wN2Wx6zeKWq0vpgraTNWmQ3VcLfnRea5XNUyAzp72ZN
2020-09-10T14:44:01.192507168Z 879 jLjIjjbsdrfzOqTBcBQ5pJsR6f8aPSi5ZtEWVKfRUlsWW9vBkfWuqo8UMKQO
2020-09-10T14:44:01.243454844Z 880 Fqq9pLGi9ObbuE3RKCGn9r55DNYtmZq2tlzONs4m26GYAZdjG90xJU3xlC97
2020-09-10T14:44:01.295524741Z 881 X7u10XRh65ogN6wdDm1tpThBZZJ38jWNQKGnpqqBnUblHiS3fZ1M2WRAdN4D
2020-09-10T14:44:01.346244782Z 882 cd2welmKjjYG227wEkroXaomWQvUIIvQUvCEzxyuyUIKryd0Amfl0uzDvHQW
2020-09-10T14:44:01.397528660Z 883 G3A2euo7ujVowiXl9ePKcUvD57iIFClK2pv93zVNSgzarpELZNqZVV6oUcEK
2020-09-10T14:44:01.449162183Z 884 ZZRkTW25bfsrxeEpafnI9U05u0gsWYER3RlGcKBmrKpa32o8bnkgs7sesW31
2020-09-10T14:44:01.500092544Z 885 jNyXuOV6zwfDGs2buafNPtKmJRdh3voRvBrXFjE6aJ2UUKls3BFr6OOv7nBV
2020-09-10T14:44:01.551109976Z 886 lnoDcPjd8BEZf93Q5g5FUTiXgBcwEBmCOUXzJObdFFmVBPb8cbKkIP9eTe8Q
2020-09-10T14:44:01.601708665Z 887 gD1FHED3YKRzq9u8tSAZo5Kts38ScepFCNO1rHmJRGnbzCvpaVjQkpsRFae5
2020-09-10T14:44:01.653826643Z 888 A39AdXpHY2vw9pHMUxHDTPsi0bZHEQEnRYugz48vvZEgQPx8uNDQd2Pizrwv
2020-09-10T14:44:01.705286735Z 889 XcEAGEy0g5gk3hT91xGAWBllGAKCvta7DcnAc9oeUthBecf98HqlNYYVJejk
2020-09-10T14:44:01.755929976Z 890 1gz5o0aBt1v9a8zxll7L1BPDDM1ZYksqnDC5jtkSqeSP7uzGfU1ETY7782Vi
2020-09-10T14:44:01.806885386Z 891 KO1pg0XQBAZ4cxbjVhUhzh3Ukn4juDXvQU5db9G5fSMuYeh5GINq15A4KpFF
2020-09-10T14:44:01.858078269Z 892 5odVIAw5n4rSAcSQ0AhPE1mTn7ecqSCaO0AYz6qMflsW4qmxuqFnxgRe8l7e
2020-09-10T14:44:01.909904716Z 893 cTvQ72RaNEsDflIICyps0IkVAj7KtV4VfPVtKAfLNUfOmPLdw45CZk2UoVkD
2020-09-10T14:44:01.961857485Z 894 eppr6Rqd03XqzrsuBB9YZukCjxdr6O15jOUuHJpiEEf61AS1wHol1KYPtgVZ
2020-09-10T14:44:02.013852424Z 895 VqwPEqnJ4Pq4RXrv12C9K04BlalHbLWUsdojcNMJg5KdEOMYg4rVi8avsUDC
2020-09-10T14:44:02.065401127Z 896 BO3WhssXl5cfzMGcZ9hxH5HDlknZQmnzKRvgHow2nx7wPdHseYDMLwTQNDFw
2020-09-10T14:44:02.115909950Z 897 jnf9rW8tzu40N70IwVwQ2OT4tfmvUAA27coEnVbN6HkrFsCngAxLct2FJWMn
2020-09-10T14:44:02.167591497Z 898 O0zxbTHkNKqy09uL9UGj4eyBdIEwDe30FYnEzNa71XCmV1lFVKSSN6qIXEfI
2020-09-10T14:44:02.218629312Z 899 PRvQxiMNECkrYxNJdreTtunwmoFqZtMN1k89Z73MZXFW3M0cIenYjS94eSmm
2020-09-10T14:44:02.270584510Z 900 jxYqjs8a2umRBL6m01IA3nlbKdyUlrfWDPAmxdde3c7Ws4dl8gHcsf1aXz01
2020-09-10T14:44:02.322608058Z 901 znrZCAoQYQAcjPbFsqa2oKupwSdYLd6rUiLH4nBxhHIq7GlMSqdnf8SH8aHw
2020-09-10T14:44:02.374295477Z 902 BUOqQUPruhQf1ilxDqfEtmILLMTvPRQ8929Cm58kFjVtUDsbKPRh8QWERTV3
2020-09-10T14:44:02.425583671Z 903 f8WSWc3a2jx21f5G5CTLvj0dLVUoPxwYZ8fBFrjcXQHPcc7ygdgReKl6lEyb
2020-09-10T14:44:02.475895895Z 904 R21ONyalLZ3w5BxKU5DqehpzwtL3hHNyaO1UDqSUJrP17ZCiBXN005r2PISN
2020-09-10T14:44:02.527044227Z 905 xGPbG4CDr9wADGtldnuVtA8uc1un2qqzhXJes4Oo3oTwrsBboFCsetEC2Nfx
2020-09-10T14:44:02.578503168Z 906 8StT7u1mJTpr3dIYmrxzVsE4sqoXFO7wuxcYW3RwPzV18jgnfJDTxZ7oFO2T
2020-09-10T14:44:02.629599619Z 907 278rXmjdI5CWRP3XB5zq4lyPsEvwzx5Ltp8lCYhBevJlZgYkbmszssbt03Yy
2020-09-10T14:44:02.680476516Z 908 FgnvanDaFSTDdocJLsWfnnIBrA3FAM1qP6NwszPrtHI4UKQSoU9puLtxCENo
2020-09-10T14:44:02.731611158Z 909 P5oTQ06mbVQzCM06GXdUV45GD9FxAPdF80ZkLT7eDa7vZF7vBSAvZ3lJCCmx
2020-09-10T14:44:02.783207375Z 910 YJgexISqtwOaGD9jMp9Fr9svWrdUQSkqk98a5JeX6boPRNzK7SE1kUyfcnkh
2020-09-10T14:44:02.834594795Z 911 eMjXdLf1yDFrhFe1V4xsbm1HTBBJ5xqAjd13tbImGqDXXVMeflsoylT1FexD
2020-09-10T14:44:02.885822746Z 912 yHxielZ1nALtCYI6UuvW0pIIDzGuKVbbFsyCljzES43f0kAvZiK4cTS2SRKM
2020-09-10T14:44:02.936884058Z 913 1pfz5wgZxLeshzauWxe8869RzTM7JacFAeGTFTXsdqEfPu2Vv6wXK0fEESBE
2020-09-10T14:44:02.988579814Z 914 TAEcbdycP2CtytivLlPJqF8nt8trEFet6kmPFbSzpbJu8ZU1yzpSlWiXduu8
2020-09-10T14:44:03.040829295Z 915 I3XdAQndoZVVjs8p0ex6ik4GJy4QGtkfUr8GIHdq8r3cnKkXSeyUMcQkT92U
2020-09-10T14:44:03.092796611Z 916 mvTb5JpAPAwy6B3NmrgY4H4FEw7zDIFZrYDTJRi3KCwbWovYX4DpoIDE9g18
2020-09-10T14:44:03.144813019Z 917 GxoIH4eP2XU7Nqdff5OjNCFg0AxY6zA7UOuepylCIcq7Ua6S099vKLTJKCtF
2020-09-10T14:44:03.196330403Z 918 kRhwvxv5nxwc3sZCXjKVoxQ6IIcfc1G49fWxDAt68H39yUSB5n41RWHFXxLT
2020-09-10T14:44:03.246807246Z 919 tFb5yLhraB0eYeF0jD9raBbGn40YZCiosQY3YyGPThaHIyRE0e951tdoeojo
2020-09-10T14:44:03.299166929Z 920 HHZT96TsQ9gCJQPEnbCQnjLNVwDQGDeSeck36EMkDe4DfwsFbQwTKV3qUQgp
2020-09-10T14:44:03.350627799Z 921 ILYCt0bTDILY9Tis2FXu1VxswPBnC4eJk5u1ODAo8x3RT69oqP0cWpkg4ZPY
2020-09-10T14:44:03.402631830Z 922 SSQ0HyfWWOYqfDzL649LhqmCcr0a82388M69OqgDQyp63FJcjvZopDlmHair
2020-09-10T14:44:03.454488731Z 923 pZtdDDukkBGRXbXMWQieuUcXYdRhddr4SJHsks2S1ENC62j5O1rHUeDelMcP
2020-09-10T14:44:03.505877207Z 924 9FabVsS9CfVxxLxNa13mz7OK6vq1PKzBLpNAsM7uoTlkIQEYiZOtw4AJaMgo
2020-09-10T14:44:03.557468418Z 925 Fh6WrUdNmKqNat8wwLVwjF0KYQO1sKuIB6HBQUU4ui51Hq7LtCh3E8Ba4RBq
2020-09-10T14:44:03.608146590Z 926 OsAdR3gSQ6O2ZeTbrq2gNpsBSvJ0fwZ6H4z7Aqk3w9TCzlL7Rm6zN1IJrBQa
2020-09-10T14:44:03.659241845Z 927 eGypfeI5wi9Hs0ETamMpkSUYd24LRgbDuDsMGllgtsIBa98sgOl2h8H24IYz
2020-09-10T14:44:03.709903035Z 928 zYuCSiUfP2T4ADwFD9b3jwWD59gamuNX4rYAx1lEcMwuO10amH8n1HcpHf6j
2020-09-10T14:44:03.760811978Z 929 DyyqGG62TrQLyvt3kfwEAjBDQHMfl2cNXK57I0kTmLwNpFU2YHvoXODQsJIl
2020-09-10T14:44:03.812051175Z 930 5eoGsSXrL0chjozGumbOllwEAU4bXOgGxUzysoMjaMZN7BEIDikHQs5jK7F2
2020-09-10T14:44:03.863786304Z 931 L9zLld5t5OBvIPhhn5c4UPGf3eejzWPiUaAnmguSp0yEi0OkUex9ZBVVQ0dm
2020-09-10T14:44:03.915487688Z 932 8TFkQYw7tuWPawyit9jb0JXRIrbmsdHa5BGMm8Aj9EK8FCcpT2Luxg3OunOJ
2020-09-10T14:44:03.965960522Z 933 G5NMY8prbAgBSinb9bO4UdsgOY8oo2ARedhwjwUwNp3VVpyX3odSqssCrEjr
2020-09-10T14:44:04.017429309Z 934 iItzge401t1ELTjyjzREdWy9GVNA86OSsbeEJncAmGZaWCEQDumC1DxQv8Nw
2020-09-10T14:44:04.068174894Z 935 aTTuhFQHU2mMAJGoV9eJvdO8LyBDLc4Yu2K3hzbQv6L98T90oSV2eECrx2KU
2020-09-10T14:44:04.119051080Z 936 jCyIMx649ZR6IEhFxShJ1HH27NHW4Kia6Zbn0antsLozBOxtqfCeK2OwjFg0
2020-09-10T14:44:04.170524868Z 937 N7XswVtBRENvrslOJhlPFkvwluIdYIcO5cYwWBiqQyYlc81DhJGWXgujd3Wc
2020-09-10T14:44:04.222030020Z 938 ysasyiT1Ohf0qV9p3MaBwHJCAg07l1SSUku7d2rEzPJYh6OOSHyzDAGOYxZV
2020-09-10T14:44:04.272917751Z 939 iYRwVSvCnM7bQBdxxiNMBiIBWZ3s9JYPaFbsfWFWH0z1oerJfbRmfn8ZqC5O
2020-09-10T14:44:04.324149756Z 940 NSSxKunmDZsKRqgAyAEVFRdMj3Gwu0bRqm1RiwurPPdDTwZaJKy1Mcugwi82
2020-09-10T14:44:04.375713217Z 941 sstDf4H3dfUNDpXRhLbwuXHKdhNSq1ObKfeOztuLF3pXANWTSxubD393R3Mx
2020-09-10T14:44:04.428523110Z 942 VX8rhDisnq50qlAKfLt2C6CdKVriNDcKTFwTkUK1WZ3UKEkXxRS9BfKHK1Yl
2020-09-10T14:44:04.479684303Z 943 8HVJi3qwf16udx2CkPW9HnnqxkWlNo4P6UGiaUeludq1ToRgoSSHPOz4IZp6
2020-09-10T14:44:04.531798590Z 944 uVzcvuniBtLQqCQBL3WkQBjWskwhrbz41nRj3PUTl5jEaV3mrSk3zdiCTy72
2020-09-10T14:44:04.582956851Z 945 uvvAxJDgdz4AMmx0BoKZ5T3ZszPR6rFCC1Sd0V84KhBslX8hwUieGdCjbVK6
2020-09-10T14:44:04.634274613Z 946 R0fAKM8a7wxE7zz79u4ll0NIcCuJz8eKoReUTKdoxNsh7Fk8mBbHWricicYC
2020-09-10T14:44:04.685108877Z 947 YEt0IwTQLLxNz2ulg11DDBqO6QvsGTn38F9EOct1vf9e5i7NwkVNAY6YN1NT
2020-09-10T14:44:04.736728700Z 948 kWcRJoP0XFg1gjOyFPJDsaQmCBzNZciAJ4nfWokxjP1fWuBJklbmhNdVQdjF
2020-09-10T14:44:04.788003082Z 949 iDdKbvewNViaQ840zzMFr8yV7WPEYCSC0XWwH58pGNoADWZNk9pceU4wHQGt
2020-09-10T14:44:04.839205916Z 950 VnpDQ8PjG4eNgPzm0crIjTzrXs3JmhEcyhtwyEylhsVbPhMl9okmMbXQqIau
2020-09-10T14:44:04.890142909Z 951 8Zhh3KbssSDFZqCzcMIjhNxYthKWfhvee9ih2xyO8PFhrMBJLuuRrvzcK6ok
2020-09-10T14:44:04.940912407Z 952 o9EcShPuUFgDgsyC9f6jASFHUJV6RtkZbvMDKK8uhyiMwidXI2SVPnLY1Ukw
2020-09-10T14:44:04.992374528Z 953 Ayr85lKfzTBpNpI1t32fueuQ6QoL5cu57gecnX42Ahl2tCYeWY5TZXGr8fks
2020-09-10T14:44:05.044617210Z 954 apotvNslMWEjsrHAc2EsD0zXmSuBYgcc4W9YihFhoREQ6J0829q57pAavnWJ
2020-09-10T14:44:05.096648561Z 955 Fmjs3VYRqnNH244VDh9gi6ruGqjkcT3HI4W280gt2d9nUsp3jpx2OsgNhLCp
2020-09-10T14:44:05.148812671Z 956 m5VL56q4GNg15SkLrRZii9g3gY38rr4YLdfx8uLxMBs9ZXODWPPyVuvMyh8Z
2020-09-10T14:44:05.199934438Z 957 SzzPKsCwhxfz4HyK6rih1efvxJrqScBlkYgizzTEgbYytjIwHyLvDsogjnHC
2020-09-10T14:44:05.251250511Z 958 YSz6Y0cV9dvk8olvOgp0uM3liGEAcIQ2XQxT6kVLrNwxiC7dt59cSEjp6QYW
2020-09-10T14:44:05.302871500Z 959 HVz9TfkBZve7OcjZp3ptiaL14DTZ7Ir4lMxa1clG7b6HfxEVGmuVgyE7fiIf
2020-09-10T14:44:05.353560143Z 960 TMxTkdosFfnR74c0DWdaAfSSpCBtpWkCpLowoGLze8iV6R1xv0WNUOEC4Er2
2020-09-10T14:44:05.405563814Z 961 SRPhXmKaUDbxCs17g8LnpTc2JasbInqqwbtUAJLHZ8otOWE8OXXEFg3yLzbI
2020-09-10T14:44:05.456356160Z 962 0aEHgpN5Sg3qG4nzuElp9OMpS6MD8WoO6N7AOmXsr6dJW9qCdOqC4ZkcweuF
2020-09-10T14:44:05.508618259Z 963 ZSbHuHmLw5FTXyytsRwRfbOFCRjze32Jv63Hf8Mu5VOtGcddmtS4hwMEyYsG
2020-09-10T14:44:05.560182042Z 964 YnVuYs1cvRq7T09gcj34KHHZVBGaeOjoDqorZF8msH6qvk8eWGoCawQqFYl1
2020-09-10T14:44:05.611318431Z 965 xBPwphJ7TLwmkifxDvWBeVUxMwP58SFxJqMHgmBSFgXNjgIn6H9oSbeKPX9b
2020-09-10T14:44:05.662363305Z 966 YWRNEiE3X2O6YtqeYNUCpqExtL71wy4z2rUiGVQqogymbDJ37N3COUJlvt6n
2020-09-10T14:44:05.713156697Z 967 Z8bnFhvM0zHqcMObquXJPYfOPxkODWedqWKV9q5CwNxRY2fDoP7MoEwBEN9z
2020-09-10T14:44:05.764560588Z 968 mep4spv8vW05ONOGVKeAk0MOjVasqPZqizE7dLlVF3E4PWsnB0PsMgXvLv3T
2020-09-10T14:44:05.815288611Z 969 YrMmiaxlCOpacwYbeT74nGAWCpHFbHdfN5Q4lTC9wXAoHMXKCXilOsOmrvyI
2020-09-10T14:44:05.867039215Z 970 o0qKFeYDoXz4oDTIQM94qq5ZeQyQvcGxPx2jCMFqAyD1SOnocsN7wK9my2zH
2020-09-10T14:44:05.918576831Z 971 AUUajz8M672DgT4q3sQ5LKpjSbmbMpcmTm2Pd1WdGvvCBykMgpBJ0dcdNfI3
2020-09-10T14:44:05.968734925Z 972 NJFiF8BUxUe1ENDRW0jhGmNrNLt6KOHTurdoteYaPsnWqM8Dedu236owpFTn
2020-09-10T14:44:06.020573972Z 973 n94jmZaCM6NsyeOi8800smqfdbA5Jt50DoO78Jpsb3Tpte4Kk6GFzBNUg55d
2020-09-10T14:44:06.072193845Z 974 XyPaj3mITYm1puOhEfRiLD82GvIfeK8oBcutZBUlW9xYeUI7jPQLFMtGbDp6
2020-09-10T14:44:06.123165336Z 975 ysV36s2vTg8GAReG930OkwKezcMMeLvjbyJKuL0NFDVVsN8lmYKTIIy83Ay9
2020-09-10T14:44:06.174103835Z 976 FbHqmrvRbhwsAEDsCcU02GsKE1bAzGVvQX1K066kDVK16nAguAmTCswOlnyx
2020-09-10T14:44:06.225196412Z 977 F0wnSZysXzfB6TShlr604qmu4sqAzKdvXKCxdEkZBEqrlw27jFflQCnQa9Tr
2020-09-10T14:44:06.275825684Z 978 VXNn73JACC5HYMwVmUcSMxZ4VgeIBiXQwFlbkMhMZxDo0vW3GOmrfGRgBaiD
2020-09-10T14:44:06.327438581Z 979 rZmSDZzBck47ld2nCXMwNc5iPdsW9SGq4WOfxlWBzydUidqIdRBk8iDTG1WU
2020-09-10T14:44:06.377993193Z 980 nlwQmn99LabPhmFcwDHj5bJhBBJrLNygkasLqMaTnMWXzTRwH9jpHnS15zK7
2020-09-10T14:44:06.429733548Z 981 nnWw1ATBV5ZJTVnrQTcP4oaItOSVt01kUisimptbVHk0RtLoox7jv3ypckZx
2020-09-10T14:44:06.481572895Z 982 KhQqTJmd89yFmz0roHlLReEEL7ye8MnjzQ1bcoP6PbQpYo9xPEuu0afpHVHG
2020-09-10T14:44:06.533133579Z 983 SvTu9XsXlwLO49OXh3RcDmJUNpa1wkh47n5lQJZ1paVaQf7lfJAcUGYqmAGZ
2020-09-10T14:44:06.584701815Z 984 acv5gcCudJ2esJDAdmNDRZrjdqF80rR4lJ30HF7gkrkrgWeMZ80r40b0ClKt
2020-09-10T14:44:06.635985543Z 985 HGth6LQYET4DdeL9pVbKQtWOZ7h963XyT7rYRDLZndRoryXpNbDTW9mZwrTk
2020-09-10T14:44:06.687594819Z 986 CWfFXeH4ZM9xfWQrKEhnYieFGG9CS1lB5V22r0EFFMT9O39o4QiEPZziGkQy
2020-09-10T14:44:06.739368338Z 987 Hmb3c81Z4xVlDyzSXhEWy4YVTKlEw3PNvPNJmlwCY0bJws8Z69Jw7kYlHq53
2020-09-10T14:44:06.791262854Z 988 RPFu14njhv0GtzGqeIRr2x1xRYDQ8UdEseVDsSMug79DZec18tPydnev7zed
2020-09-10T14:44:06.842712482Z 989 UnLvcRaXWK3ttmbf9QN0rCiAx8HwCuP0q7TTA5pjYM0r4bSaKwvQK5pZT4ck
2020-09-10T14:44:06.894613246Z 990 bNYVAcZTrdKGEFlo5beauTxB7CI4HQghEXSdTGDheoGxFdVNMYPAMraYBLIz
2020-09-10T14:44:06.946428107Z 991 W5EWdkAtHkwGqOQmDrwbojoyeR0T5pQKkf5ZnvGHEVjeOywKaAJ0iakvzwba
2020-09-10T14:44:06.996807932Z 992 0blv3f5SE2Y8wqoRyHe2TCSlwNcgqDEZ2m3Zwt9bIWrqOVFauqz8dec76cFI
2020-09-10T14:44:07.048675523Z 993 rFh2aSpDtDeB81wQt7yBFXBbDIq3jWSEFFTQfqSI73QjFbZqFxwcC36jIZ3I
2020-09-10T14:44:07.099578404Z 994 BbMCw6rJtUOzBHTiJg0q7iHsafhQ5FCjebS5Q7bGyPLNbfd5CQ9QNy6VsJjN
2020-09-10T14:44:07.150653618Z 995 3cn2MWwpo6NXBgfuMuMA0QhdKlO4DoQXyuNhBjLzP5l0EppG5P2YZtxXirod
2020-09-10T14:44:07.201531533Z 996 rfgdC5DHotAJ1EhVPkKdqseHm8tTjyVwZGN8ZvWvHFh9UYCuv2SZMiE9vA5F
2020-09-10T14:44:07.252022702Z 997 2E60LqwC4Fxo0hIM2dVqms5u9zIWcYzkwJEZ9GPEMw9IeRFALirSdEgjhy5m
2020-09-10T14:44:07.303876741Z 998 Gq2BcG5p1WZU3krus1Qvraa516WmJYkNI1zBh7V0HFFVC4Ty1wmpErUgvYez
2020-09-10T14:44:07.355445982Z 999 p8dM3Oz9CwXoH6UbUXdOUZMGB5wrQnxQkWOXFAi4zyx4oQni6btQVKI9ieH4
