2020-09-11T23:02:22.437540516Z  running: (['/opt/scylladb/scripts/scylla_dev_mode_setup', '--developer-mode', '1'],)
2020-09-11T23:02:22.906373843Z  running: (['/opt/scylladb/scripts/scylla_io_setup'],)
2020-09-11T23:02:23.282891273Z  2020-09-11 23:02:23,282 CRIT Supervisor is running as root.  Privileges were not dropped because no user is specified in the config file.  If you intend to run as root, you can set user=root in the config file to avoid this message.
2020-09-11T23:02:23.282936105Z  2020-09-11 23:02:23,282 INFO Included extra file "/etc/supervisord.conf.d/node-exporter.conf" during parsing
2020-09-11T23:02:23.282949182Z  2020-09-11 23:02:23,282 INFO Included extra file "/etc/supervisord.conf.d/rsyslog.conf" during parsing
2020-09-11T23:02:23.283153396Z  2020-09-11 23:02:23,282 INFO Included extra file "/etc/supervisord.conf.d/scylla-housekeeping.conf" during parsing
2020-09-11T23:02:23.283181180Z  2020-09-11 23:02:23,282 INFO Included extra file "/etc/supervisord.conf.d/scylla-jmx.conf" during parsing
2020-09-11T23:02:23.283222518Z  2020-09-11 23:02:23,283 INFO Included extra file "/etc/supervisord.conf.d/scylla-server.conf" during parsing
2020-09-11T23:02:23.283260341Z  2020-09-11 23:02:23,283 INFO Included extra file "/etc/supervisord.conf.d/sshd-server.conf" during parsing
2020-09-11T23:02:23.316520037Z  2020-09-11 23:02:23,316 INFO RPC interface 'supervisor' initialized
2020-09-11T23:02:23.316612521Z  2020-09-11 23:02:23,316 CRIT Server 'inet_http_server' running without any HTTP authentication checking
2020-09-11T23:02:23.316977431Z  2020-09-11 23:02:23,316 INFO supervisord started with pid 26
2020-09-11T23:02:24.327015807Z  2020-09-11 23:02:24,321 INFO spawned: 'scylla' with pid 29
2020-09-11T23:02:24.327080252Z  2020-09-11 23:02:24,325 INFO spawned: 'scylla-housekeeping' with pid 30
2020-09-11T23:02:24.330898877Z  2020-09-11 23:02:24,329 INFO spawned: 'sshd' with pid 31
2020-09-11T23:02:24.332066659Z  2020-09-11 23:02:24,331 INFO spawned: 'scylla-jmx' with pid 32
2020-09-11T23:02:24.334771082Z  2020-09-11 23:02:24,334 INFO spawned: 'rsyslog' with pid 33
2020-09-11T23:02:24.337193334Z  2020-09-11 23:02:24,336 INFO spawned: 'node-exporter' with pid 34
2020-09-11T23:02:24.359889760Z  Generating public/private ed25519 key pair.
2020-09-11T23:02:24.359923752Z  Your identification has been saved in /etc/ssh/ssh_host_ed25519_key.
2020-09-11T23:02:24.359935101Z  Your public key has been saved in /etc/ssh/ssh_host_ed25519_key.pub.
2020-09-11T23:02:24.359945371Z  The key fingerprint is:
2020-09-11T23:02:24.359954810Z  SHA256:ihK6IihZM723Exs4j7K9CClaN2tLqHG9GyaM718f640 root@58ff14d1a743
2020-09-11T23:02:24.359977360Z  The key's randomart image is:
2020-09-11T23:02:24.359987069Z  +--[ED25519 256]--+
2020-09-11T23:02:24.359996288Z  |                 |
2020-09-11T23:02:24.360005740Z  |                 |
2020-09-11T23:02:24.360015225Z  |                 |
2020-09-11T23:02:24.360024572Z  |                 |
2020-09-11T23:02:24.360033723Z  |  .. .  S        |
2020-09-11T23:02:24.360055263Z  | =+++.o.         |
2020-09-11T23:02:24.360065395Z  |OoBoO=o+.        |
2020-09-11T23:02:24.360074368Z  |OO.O+*=. =       |
2020-09-11T23:02:24.360083128Z  |B.==O=.+E .      |
2020-09-11T23:02:24.360091886Z  +----[SHA256]-----+
2020-09-11T23:02:24.367530850Z  time="2020-09-11T23:02:24Z" level=info msg="Starting node_exporter (version=0.17.0, branch=HEAD, revision=f6f6194a436b9a63d0439abc585c76b19a206b21)" source="node_exporter.go:82"
2020-09-11T23:02:24.369048828Z  time="2020-09-11T23:02:24Z" level=info msg="Build context (go=go1.11.2, user=root@322511e06ced, date=20181130-15:51:33)" source="node_exporter.go:83"
2020-09-11T23:02:24.369069276Z  time="2020-09-11T23:02:24Z" level=info msg="Enabled collectors:" source="node_exporter.go:90"
2020-09-11T23:02:24.369253070Z  time="2020-09-11T23:02:24Z" level=info msg=" - arp" source="node_exporter.go:97"
2020-09-11T23:02:24.369524847Z  time="2020-09-11T23:02:24Z" level=info msg=" - bcache" source="node_exporter.go:97"
2020-09-11T23:02:24.369840925Z  time="2020-09-11T23:02:24Z" level=info msg=" - bonding" source="node_exporter.go:97"
2020-09-11T23:02:24.370126570Z  time="2020-09-11T23:02:24Z" level=info msg=" - conntrack" source="node_exporter.go:97"
2020-09-11T23:02:24.370427884Z  time="2020-09-11T23:02:24Z" level=info msg=" - cpu" source="node_exporter.go:97"
2020-09-11T23:02:24.370695275Z  time="2020-09-11T23:02:24Z" level=info msg=" - diskstats" source="node_exporter.go:97"
2020-09-11T23:02:24.371068713Z  time="2020-09-11T23:02:24Z" level=info msg=" - edac" source="node_exporter.go:97"
2020-09-11T23:02:24.371368479Z  time="2020-09-11T23:02:24Z" level=info msg=" - entropy" source="node_exporter.go:97"
2020-09-11T23:02:24.371648337Z  time="2020-09-11T23:02:24Z" level=info msg=" - filefd" source="node_exporter.go:97"
2020-09-11T23:02:24.371963705Z  time="2020-09-11T23:02:24Z" level=info msg=" - filesystem" source="node_exporter.go:97"
2020-09-11T23:02:24.372219190Z  time="2020-09-11T23:02:24Z" level=info msg=" - hwmon" source="node_exporter.go:97"
2020-09-11T23:02:24.372559786Z  time="2020-09-11T23:02:24Z" level=info msg=" - infiniband" source="node_exporter.go:97"
2020-09-11T23:02:24.372812830Z  time="2020-09-11T23:02:24Z" level=info msg=" - interrupts" source="node_exporter.go:97"
2020-09-11T23:02:24.373815244Z  time="2020-09-11T23:02:24Z" level=info msg=" - ipvs" source="node_exporter.go:97"
2020-09-11T23:02:24.373846054Z  time="2020-09-11T23:02:24Z" level=info msg=" - loadavg" source="node_exporter.go:97"
2020-09-11T23:02:24.373857369Z  time="2020-09-11T23:02:24Z" level=info msg=" - mdadm" source="node_exporter.go:97"
2020-09-11T23:02:24.373866754Z  time="2020-09-11T23:02:24Z" level=info msg=" - meminfo" source="node_exporter.go:97"
2020-09-11T23:02:24.373875950Z  time="2020-09-11T23:02:24Z" level=info msg=" - netclass" source="node_exporter.go:97"
2020-09-11T23:02:24.373885398Z  time="2020-09-11T23:02:24Z" level=info msg=" - netdev" source="node_exporter.go:97"
2020-09-11T23:02:24.373908235Z  time="2020-09-11T23:02:24Z" level=info msg=" - netstat" source="node_exporter.go:97"
2020-09-11T23:02:24.373918375Z  time="2020-09-11T23:02:24Z" level=info msg=" - nfs" source="node_exporter.go:97"
2020-09-11T23:02:24.373934747Z  time="2020-09-11T23:02:24Z" level=info msg=" - nfsd" source="node_exporter.go:97"
2020-09-11T23:02:24.373943964Z  time="2020-09-11T23:02:24Z" level=info msg=" - sockstat" source="node_exporter.go:97"
2020-09-11T23:02:24.373953160Z  time="2020-09-11T23:02:24Z" level=info msg=" - stat" source="node_exporter.go:97"
2020-09-11T23:02:24.373962684Z  time="2020-09-11T23:02:24Z" level=info msg=" - textfile" source="node_exporter.go:97"
2020-09-11T23:02:24.373972033Z  time="2020-09-11T23:02:24Z" level=info msg=" - time" source="node_exporter.go:97"
2020-09-11T23:02:24.373988323Z  time="2020-09-11T23:02:24Z" level=info msg=" - timex" source="node_exporter.go:97"
2020-09-11T23:02:24.373997537Z  time="2020-09-11T23:02:24Z" level=info msg=" - uname" source="node_exporter.go:97"
2020-09-11T23:02:24.374006709Z  time="2020-09-11T23:02:24Z" level=info msg=" - vmstat" source="node_exporter.go:97"
2020-09-11T23:02:24.374023165Z  time="2020-09-11T23:02:24Z" level=info msg=" - xfs" source="node_exporter.go:97"
2020-09-11T23:02:24.374032337Z  time="2020-09-11T23:02:24Z" level=info msg=" - zfs" source="node_exporter.go:97"
2020-09-11T23:02:24.374041871Z  time="2020-09-11T23:02:24Z" level=info msg="Listening on :9100" source="node_exporter.go:111"
2020-09-11T23:02:24.705060557Z  Scylla version 4.1.6-0.20200831.6d9ff622df with build-id c2ed04d00095c63b7456b5fcda6775c5a9f33b0b starting ...
2020-09-11T23:02:24.705104365Z  command used: "/usr/bin/scylla --log-to-syslog 0 --log-to-stdout 1 --default-log-level info --network-stack posix --developer-mode=1 --overprovisioned --listen-address 10.0.7.6 --rpc-address 10.0.7.6 --seed-provider-parameters seeds=10.0.7.6 --blocked-reactor-notify-ms 999999999"
2020-09-11T23:02:24.705116085Z  parsed command line options: [log-to-syslog: 0, log-to-stdout: 1, default-log-level: info, network-stack: posix, developer-mode: 1, overprovisioned, listen-address: 10.0.7.6, rpc-address: 10.0.7.6, seed-provider-parameters: seeds=10.0.7.6, blocked-reactor-notify-ms: 999999999]
2020-09-11T23:02:24.752154252Z  WARN  2020-09-11 23:02:24,751 [shard 0] seastar - Unable to set SCHED_FIFO scheduling policy for timer thread; latency impact possible. Try adding CAP_SYS_NICE
2020-09-11T23:02:24.765406483Z  INFO  2020-09-11 23:02:24,764 [shard 0] init - installing SIGHUP handler
2020-09-11T23:02:24.771472022Z  INFO  2020-09-11 23:02:24,771 [shard 0] init - Scylla version 4.1.6-0.20200831.6d9ff622df with build-id c2ed04d00095c63b7456b5fcda6775c5a9f33b0b starting ...
2020-09-11T23:02:24.771506337Z  
2020-09-11T23:02:24.772851750Z  INFO  2020-09-11 23:02:24,772 [shard 0] init - starting prometheus API server
2020-09-11T23:02:24.774901255Z  INFO  2020-09-11 23:02:24,774 [shard 0] init - starting tokens manager
2020-09-11T23:02:24.775848363Z  INFO  2020-09-11 23:02:24,775 [shard 0] init - starting migration manager notifier
2020-09-11T23:02:24.776454523Z  INFO  2020-09-11 23:02:24,776 [shard 0] init - creating tracing
2020-09-11T23:02:24.777696014Z  INFO  2020-09-11 23:02:24,777 [shard 0] init - creating snitch
2020-09-11T23:02:24.784428433Z  INFO  2020-09-11 23:02:24,779 [shard 0] init - determining DNS name
2020-09-11T23:02:24.784451404Z  INFO  2020-09-11 23:02:24,779 [shard 0] init - starting API server
2020-09-11T23:02:24.784462007Z  INFO  2020-09-11 23:02:24,780 [shard 0] init - Scylla API server listening on 127.0.0.1:10000 ...
2020-09-11T23:02:24.784471366Z  INFO  2020-09-11 23:02:24,780 [shard 0] init - initializing storage service
2020-09-11T23:02:24.784480409Z  INFO  2020-09-11 23:02:24,781 [shard 0] init - starting per-shard database core
2020-09-11T23:02:24.786590966Z  WARN  2020-09-11 23:02:24,786 [shard 0] init - I/O Scheduler is not properly configured! This is a non-supported setup, and performance is expected to be unpredictably bad.
2020-09-11T23:02:24.786612610Z   Reason found: none of --max-io-requests, --io-properties and --io-properties-file are set.
2020-09-11T23:02:24.786624116Z  To properly configure the I/O Scheduler, run the scylla_io_setup utility shipped with Scylla.
2020-09-11T23:02:24.786634001Z  
2020-09-11T23:02:24.788131942Z  INFO  2020-09-11 23:02:24,786 [shard 0] init - creating and verifying directories
2020-09-11T23:02:25.031547882Z  INFO  2020-09-11 23:02:25,030 [shard 0] database - Populating Keyspace system_schema
2020-09-11T23:02:25.031598178Z  INFO  2020-09-11 23:02:25,031 [shard 0] database - Keyspace system_schema: Reading CF computed_columns id=cc7c7069-3740-33c1-92a4-c3de78dbd2c4 version=2b8c4439-de76-31e0-807f-3b7290a975d7
2020-09-11T23:02:25.031620803Z  INFO  2020-09-11 23:02:25,031 [shard 0] database - Keyspace system_schema: Reading CF view_virtual_columns id=08843b63-45dc-3be2-9798-a0418295cfaa version=c777531c-15f7-326f-8ebe-39fd0265c8c9
2020-09-11T23:02:25.031630849Z  INFO  2020-09-11 23:02:25,031 [shard 0] database - Keyspace system_schema: Reading CF dropped_columns id=5e7583b5-f3f4-3af1-9a39-b7e1d6f5f11f version=7426bc6c-4c2f-3200-8ad8-4329610ed59a
2020-09-11T23:02:25.031647724Z  INFO  2020-09-11 23:02:25,031 [shard 0] database - Keyspace system_schema: Reading CF indexes id=0feb57ac-311f-382f-ba6d-9024d305702f version=99c40462-8687-304e-abe3-2bdbef1f25aa
2020-09-11T23:02:25.031664577Z  INFO  2020-09-11 23:02:25,031 [shard 0] database - Keyspace system_schema: Reading CF functions id=96489b79-80be-3e14-a701-66a0b9159450 version=329ed804-55b3-3eee-ad61-d85317b96097
2020-09-11T23:02:25.032059266Z  INFO  2020-09-11 23:02:25,031 [shard 0] database - Keyspace system_schema: Reading CF columns id=24101c25-a2ae-3af7-87c1-b40ee1aca33f version=d33236d4-9bdd-3c09-abf0-a0bc5edc2526
2020-09-11T23:02:25.032082144Z  INFO  2020-09-11 23:02:25,031 [shard 0] database - Keyspace system_schema: Reading CF scylla_tables id=5d912ff1-f759-3665-b2c8-8042ab5103dd version=38e5e56b-155d-39b5-a0d2-8e5dcad42a26
2020-09-11T23:02:25.032093107Z  INFO  2020-09-11 23:02:25,031 [shard 0] database - Keyspace system_schema: Reading CF tables id=afddfb9d-bc1e-3068-8056-eed6c302ba09 version=b6240810-eeb7-36d5-9411-43b2d68dddab
2020-09-11T23:02:25.032102943Z  INFO  2020-09-11 23:02:25,031 [shard 0] database - Keyspace system_schema: Reading CF keyspaces id=abac5682-dea6-31c5-b535-b3d6cffd0fb6 version=e79ca8ba-6556-3f7d-925a-7f20cf57938c
2020-09-11T23:02:25.032130207Z  INFO  2020-09-11 23:02:25,031 [shard 0] database - Keyspace system_schema: Reading CF triggers id=4df70b66-6b05-3251-95a1-32b54005fd48 version=582d7071-1ef0-37c8-adc6-471a13636139
2020-09-11T23:02:25.032141268Z  INFO  2020-09-11 23:02:25,031 [shard 0] database - Keyspace system_schema: Reading CF views id=9786ac1c-dd58-3201-a7cd-ad556410c985 version=5b58bb47-96e7-3f57-accf-0bfca4dbbc6e
2020-09-11T23:02:25.032151011Z  INFO  2020-09-11 23:02:25,031 [shard 0] database - Keyspace system_schema: Reading CF types id=5a8b1ca8-6602-3f77-a045-9273d308917a version=de51b2ce-5e4d-3b7d-a75f-2204332ce8d1
2020-09-11T23:02:25.032160840Z  INFO  2020-09-11 23:02:25,031 [shard 0] database - Keyspace system_schema: Reading CF aggregates id=924c5587-2e3a-345b-b10c-12f37c1ba895 version=4b53e92c-0368-3d5c-b959-2ec1bfd1a59f
2020-09-11T23:02:25.078681474Z  Connecting to http://localhost:10000
2020-09-11T23:02:25.079481596Z  Starting the JMX server
2020-09-11T23:02:25.609244174Z  JMX is enabled to receive remote connections on port: 71992020-09-11 23:02:25,609 INFO success: scylla entered RUNNING state, process has stayed up for > than 1 seconds (startsecs)
2020-09-11T23:02:25.609342827Z  2020-09-11 23:02:25,609 INFO success: scylla-housekeeping entered RUNNING state, process has stayed up for > than 1 seconds (startsecs)
2020-09-11T23:02:25.609459508Z  2020-09-11 23:02:25,609 INFO success: sshd entered RUNNING state, process has stayed up for > than 1 seconds (startsecs)
2020-09-11T23:02:25.609558994Z  2020-09-11 23:02:25,609 INFO success: scylla-jmx entered RUNNING state, process has stayed up for > than 1 seconds (startsecs)
2020-09-11T23:02:25.609677647Z  2020-09-11 23:02:25,609 INFO success: rsyslog entered RUNNING state, process has stayed up for > than 1 seconds (startsecs)
2020-09-11T23:02:25.609823592Z  2020-09-11 23:02:25,609 INFO success: node-exporter entered RUNNING state, process has stayed up for > than 1 seconds (startsecs)
2020-09-11T23:02:25.610144001Z  
2020-09-11T23:02:26.040147464Z  Generating public/private rsa key pair.
2020-09-11T23:02:26.040175613Z  Your identification has been saved in /etc/ssh/ssh_host_rsa_key.
2020-09-11T23:02:26.040197122Z  Your public key has been saved in /etc/ssh/ssh_host_rsa_key.pub.
2020-09-11T23:02:26.040215778Z  The key fingerprint is:
2020-09-11T23:02:26.040225666Z  SHA256:qGy1//Sgh0rbr6EIISOriSZHb6+ulUMS7Gh76dzXNA8 root@58ff14d1a743
2020-09-11T23:02:26.040234695Z  The key's randomart image is:
2020-09-11T23:02:26.040243442Z  +---[RSA 4096]----+
2020-09-11T23:02:26.040252005Z  |                 |
2020-09-11T23:02:26.040260634Z  | .               |
2020-09-11T23:02:26.040269422Z  |  o              |
2020-09-11T23:02:26.040278126Z  | o .   .         |
2020-09-11T23:02:26.040286734Z  |=.+ . o S        |
2020-09-11T23:02:26.040295274Z  |o+o=.+ . E       |
2020-09-11T23:02:26.040315082Z  |.o.+B o +.*      |
2020-09-11T23:02:26.040335066Z  |+o=+++ *.=.+     |
2020-09-11T23:02:26.040344624Z  |*..*++*.==o .    |
2020-09-11T23:02:26.040353496Z  +----[SHA256]-----+
2020-09-11T23:02:26.055312076Z  Could not load host key: /etc/ssh/ssh_host_ecdsa_key
2020-09-11T23:02:29.993755452Z  Traceback (most recent call last):
2020-09-11T23:02:29.993788844Z    File "/opt/scylladb/scripts/libexec/scylla-housekeeping", line 208, in <module>
2020-09-11T23:02:29.993801119Z      args.func(args)
2020-09-11T23:02:29.993810856Z    File "/opt/scylladb/scripts/libexec/scylla-housekeeping", line 134, in check_version
2020-09-11T23:02:29.993820847Z      current_version = sanitize_version(get_api('/storage_service/scylla_release_version'))
2020-09-11T23:02:29.993830850Z    File "/opt/scylladb/scripts/libexec/scylla-housekeeping", line 93, in get_api
2020-09-11T23:02:29.993840584Z      return get_json_from_url("http://" + api_address + path)
2020-09-11T23:02:29.993850461Z    File "/opt/scylladb/scripts/libexec/scylla-housekeeping", line 88, in get_json_from_url
2020-09-11T23:02:29.993860383Z      raise RuntimeError(f'Failed to get "{path}" due to the following error: {retval}')
2020-09-11T23:02:29.993870319Z  RuntimeError: Failed to get "http://localhost:10000/storage_service/scylla_release_version" due to the following error: HTTP Error 404: Not Found
2020-09-11T23:02:33.220045971Z  INFO  2020-09-11 23:02:33,219 [shard 0] database - Found temporary sstable directory: "/var/lib/scylla/data/system_schema/indexes-0feb57ac311f382fba6d9024d305702f/0000000000000275.sstable", removing
2020-09-11T23:02:33.220076967Z  INFO  2020-09-11 23:02:33,219 [shard 0] database - Found temporary sstable directory: "/var/lib/scylla/data/system_schema/indexes-0feb57ac311f382fba6d9024d305702f/0000000000000278.sstable", removing
2020-09-11T23:02:33.220498342Z  INFO  2020-09-11 23:02:33,219 [shard 0] database - Found temporary sstable directory: "/var/lib/scylla/data/system_schema/scylla_tables-5d912ff1f7593665b2c88042ab5103dd/0000000000000262.sstable", removing
2020-09-11T23:02:33.220518968Z  INFO  2020-09-11 23:02:33,219 [shard 0] database - Found temporary sstable directory: "/var/lib/scylla/data/system_schema/tables-afddfb9dbc1e30688056eed6c302ba09/0000000000000266.sstable", removing
2020-09-11T23:02:33.220530701Z  INFO  2020-09-11 23:02:33,220 [shard 0] database - Found temporary sstable directory: "/var/lib/scylla/data/system_schema/tables-afddfb9dbc1e30688056eed6c302ba09/0000000000000263.sstable", removing
2020-09-11T23:02:33.220934093Z  INFO  2020-09-11 23:02:33,220 [shard 0] database - Found temporary sstable directory: "/var/lib/scylla/data/system_schema/keyspaces-abac5682dea631c5b535b3d6cffd0fb6/0000000000000291.sstable", removing
2020-09-11T23:02:33.220959664Z  INFO  2020-09-11 23:02:33,220 [shard 0] database - Found temporary sstable directory: "/var/lib/scylla/data/system_schema/views-9786ac1cdd583201a7cdad556410c985/0000000000000202.sstable", removing
2020-09-11T23:02:33.221246340Z  INFO  2020-09-11 23:02:33,220 [shard 0] database - Found temporary sstable directory: "/var/lib/scylla/data/system_schema/types-5a8b1ca866023f77a0459273d308917a/0000000000000206.sstable", removing
2020-09-11T23:02:33.221317017Z  INFO  2020-09-11 23:02:33,220 [shard 0] database - Found temporary sstable directory: "/var/lib/scylla/data/system_schema/types-5a8b1ca866023f77a0459273d308917a/0000000000000203.sstable", removing
2020-09-11T23:02:33.266535653Z  WARN  2020-09-11 23:02:33,266 [shard 0] sstable - Deleting components of sstable from system_schema.indexes of generation 275 that has a temporary TOC
2020-09-11T23:02:33.315970848Z  WARN  2020-09-11 23:02:33,315 [shard 0] sstable - Deleting components of sstable from system_schema.scylla_tables of generation 262 that has a temporary TOC
2020-09-11T23:02:33.316028951Z  WARN  2020-09-11 23:02:33,315 [shard 0] sstable - Deleting components of sstable from system_schema.tables of generation 263 that has a temporary TOC
2020-09-11T23:02:33.316045938Z  WARN  2020-09-11 23:02:33,315 [shard 0] sstable - Deleting components of sstable from system_schema.views of generation 202 that has a temporary TOC
2020-09-11T23:02:33.316061082Z  WARN  2020-09-11 23:02:33,315 [shard 0] sstable - Deleting components of sstable from system_schema.types of generation 203 that has a temporary TOC
2020-09-11T23:02:33.316076111Z  WARN  2020-09-11 23:02:33,315 [shard 0] sstable - Deleting components of sstable from system_schema.keyspaces of generation 291 that has a temporary TOC
2020-09-11T23:02:33.433681199Z  WARN  2020-09-11 23:02:33,433 [shard 0] sstable - Deleting components of sstable from system_schema.indexes of generation 278 that has a temporary TOC
2020-09-11T23:02:34.118139851Z  WARN  2020-09-11 23:02:34,117 [shard 0] sstable - Deleting components of sstable from system_schema.tables of generation 266 that has a temporary TOC
2020-09-11T23:02:34.210623095Z  WARN  2020-09-11 23:02:34,209 [shard 0] sstable - Deleting components of sstable from system_schema.types of generation 206 that has a temporary TOC
2020-09-11T23:02:34.990639130Z  INFO  2020-09-11 23:02:34,989 [shard 0] database - Populating Keyspace system
2020-09-11T23:02:34.990688104Z  INFO  2020-09-11 23:02:34,989 [shard 0] database - Keyspace system: Reading CF schema_aggregates id=a5fc57fc-9d6c-3bfd-a3fc-01ad54686fea version=d06c934f-9a69-374c-86f1-523ab26fb05c
2020-09-11T23:02:34.990709461Z  INFO  2020-09-11 23:02:34,990 [shard 0] database - Keyspace system: Reading CF schema_triggers id=0359bc71-7123-3ee1-9a4a-b9dfb11fc125 version=75e4ec4c-76da-3f59-984e-66810ba0c62b
2020-09-11T23:02:34.990729541Z  INFO  2020-09-11 23:02:34,990 [shard 0] database - Keyspace system: Reading CF compaction_history id=b4dbb7b4-dc49-3fb5-b3bf-ce6e434832ca version=25cae56a-8d75-39f3-a146-3756ab4981c7
2020-09-11T23:02:34.990748588Z  INFO  2020-09-11 23:02:34,990 [shard 0] database - Keyspace system: Reading CF compactions_in_progress id=55080ab0-5d9c-3886-90a4-acb25fe1f77b version=540263f1-40db-3869-8a38-3baadedc222d
2020-09-11T23:02:34.991643463Z  INFO  2020-09-11 23:02:34,990 [shard 0] database - Keyspace system: Reading CF range_xfers id=55d76438-4e55-3f8b-9f6e-676d4af3976d version=dd15a078-409b-350d-9bef-c5f3520832d8
2020-09-11T23:02:34.991707879Z  INFO  2020-09-11 23:02:34,990 [shard 0] database - Keyspace system: Reading CF scylla_views_builds_in_progress id=a04c7bfd-1e13-36c9-a44d-f22da352281d version=e3fb736c-6956-3990-a31d-9a482279e3fc
2020-09-11T23:02:34.991719253Z  INFO  2020-09-11 23:02:34,990 [shard 0] database - Keyspace system: Reading CF IndexInfo id=9f5c6374-d485-3229-9a0a-5094af9ad1e3 version=bbb3743b-351f-3023-b4fc-09a9be37d529
2020-09-11T23:02:34.991741523Z  INFO  2020-09-11 23:02:34,990 [shard 0] database - Keyspace system: Reading CF cdc_local id=0bcaffd4-0c83-3ead-ad13-dc1d5015b77c version=0aa4d3a2-ed95-3ecd-aba0-cd75622ad290
2020-09-11T23:02:34.991752520Z  INFO  2020-09-11 23:02:34,990 [shard 0] database - Keyspace system: Reading CF schema_columnfamilies id=45f5b360-24bc-3f83-a363-1034ea4fa697 version=7f7a5fea-07b7-304d-a6f8-f7aec72cabdb
2020-09-11T23:02:34.991762443Z  INFO  2020-09-11 23:02:34,990 [shard 0] database - Keyspace system: Reading CF batchlog id=0290003c-977e-397c-ac3e-fdfdc01d626b version=e2a2e804-49e4-3597-9f16-39fd9475835c
2020-09-11T23:02:34.991772393Z  INFO  2020-09-11 23:02:34,990 [shard 0] database - Keyspace system: Reading CF schema_functions id=d1b675fe-2b50-3ca4-8e49-c0f81989dcad version=a50959dd-2be0-3e4e-8bb5-cf40796e256a
2020-09-11T23:02:34.991782430Z  INFO  2020-09-11 23:02:34,990 [shard 0] database - Keyspace system: Reading CF peer_events id=59dfeaea-8db2-3341-91ef-109974d81484 version=7f874a05-72b8-3c21-9acb-baa164fc351a
2020-09-11T23:02:34.991792397Z  INFO  2020-09-11 23:02:34,990 [shard 0] database - Keyspace system: Reading CF local id=7ad54392-bcdd-35a6-8417-4e047860b377 version=7fa82c2e-5b67-37dd-8e5e-2079e18f1536
2020-09-11T23:02:34.991802460Z  INFO  2020-09-11 23:02:34,990 [shard 0] database - Keyspace system: Reading CF clients id=ca0f635d-8630-3609-8d93-a1fc06f2a5e5 version=51273ebf-e6f9-3cd5-b455-ea09ad29796f
2020-09-11T23:02:34.991812377Z  INFO  2020-09-11 23:02:34,990 [shard 0] database - Keyspace system: Reading CF size_estimates id=618f817b-005f-3678-b8a4-53f3930b8e86 version=6d4dbcff-f05b-3dc3-95ad-f79f7b10504d
2020-09-11T23:02:34.991824142Z  INFO  2020-09-11 23:02:34,990 [shard 0] database - Keyspace system: Reading CF large_partitions id=8a7fe624-96b0-34b1-b90e-f71bddcdd2d3 version=04fa9920-9369-3a96-be39-6dd9fdc816b6
2020-09-11T23:02:34.991834564Z  INFO  2020-09-11 23:02:34,990 [shard 0] database - Keyspace system: Reading CF schema_columns id=296e9c04-9bec-3085-827d-c17d3df2122a version=53cfbb66-ee0d-37be-97bb-b2afb3746f85
2020-09-11T23:02:34.991855087Z  INFO  2020-09-11 23:02:34,990 [shard 0] database - Keyspace system: Reading CF built_views id=4b3c50a9-ea87-3d76-9101-6dbc9c38494a version=a28aa0b3-6def-30a7-9fbe-ce78b3f3c9b9
2020-09-11T23:02:34.991864624Z  INFO  2020-09-11 23:02:34,990 [shard 0] database - Keyspace system: Reading CF peers id=37f71aca-7dc2-383b-a706-72528af04d4f version=f6f6871f-8c86-3eca-ac0b-2a2e848e395d
2020-09-11T23:02:34.991873967Z  INFO  2020-09-11 23:02:34,990 [shard 0] database - Keyspace system: Reading CF hints id=2666e205-73ef-38b3-90fe-fecf96e8f0c7 version=0b74fdd1-e96d-309e-a14e-a5bcd7ac885d
2020-09-11T23:02:34.991883233Z  INFO  2020-09-11 23:02:34,990 [shard 0] database - Keyspace system: Reading CF large_rows id=40550f66-0858-39a0-9430-f27fc08034e9 version=aee3acb0-7926-317b-848e-db7bc3721695
2020-09-11T23:02:34.991892685Z  INFO  2020-09-11 23:02:34,991 [shard 0] database - Keyspace system: Reading CF large_cells id=ead8bbc5-f146-3ae1-9f71-0b11f9a1d296 version=0d4a6937-a781-3f87-a192-b4e4a4a40acf
2020-09-11T23:02:34.991924917Z  INFO  2020-09-11 23:02:34,991 [shard 0] database - Keyspace system: Reading CF scylla_local id=2972ec7f-fb20-38dd-aac1-d876f2e3fcbd version=5f0b407d-eedf-3845-a48e-dbb9673d10e1
2020-09-11T23:02:34.991956395Z  INFO  2020-09-11 23:02:34,991 [shard 0] database - Keyspace system: Reading CF views_builds_in_progress id=b7f2c108-78cd-3c80-9cd5-d609b2bd149c version=b905cce5-1474-3085-819a-7592453e2fb9
2020-09-11T23:02:34.991986269Z  INFO  2020-09-11 23:02:34,991 [shard 0] database - Keyspace system: Reading CF schema_usertypes id=3aa75225-4f82-350b-8d5c-430fa221fa0a version=3c53e6bb-56d5-3618-a0b2-4ff5f18127d7
2020-09-11T23:02:34.992006322Z  INFO  2020-09-11 23:02:34,991 [shard 0] database - Keyspace system: Reading CF sstable_activity id=5a1ff267-ace0-3f12-8563-cfae6103c65e version=bdec57a3-b234-334b-be9c-7b1f33113995
2020-09-11T23:02:34.992024489Z  INFO  2020-09-11 23:02:34,991 [shard 0] database - Keyspace system: Reading CF truncated id=38c19fd0-fb86-3310-a4b7-0d0cc66628aa version=6da9a85c-7ae0-3917-aead-54a2f65a57a8
2020-09-11T23:02:34.992045023Z  INFO  2020-09-11 23:02:34,991 [shard 0] database - Keyspace system: Reading CF paxos id=b7b7f0c2-fd0a-3410-8c05-3ef614bb7c2d version=6dd372de-72fb-3e1b-9b8c-f97738a67fe9
2020-09-11T23:02:34.992173430Z  INFO  2020-09-11 23:02:34,991 [shard 0] database - Keyspace system: Reading CF schema_keyspaces id=b0f22357-4458-3cdb-9631-c43e59ce3676 version=84d28cef-59f9-34a9-9be5-31c684997f03
2020-09-11T23:02:47.129586993Z  WARN  2020-09-11 23:02:47,129 [shard 0] sstable - Deleting components of sstable from system.large_cells of generation 35 that has a temporary TOC
2020-09-11T23:02:47.304922765Z  INFO  2020-09-11 23:02:47,304 [shard 0] init - starting gossip
2020-09-11T23:02:47.304971321Z  WARN  2020-09-11 23:02:47,304 [shard 0] init - Using default cluster name is not recommended. Using a unique cluster name will reduce the chance of adding nodes to the wrong cluster by mistake
2020-09-11T23:02:47.305884771Z  INFO  2020-09-11 23:02:47,305 [shard 0] init - starting storage proxy
2020-09-11T23:02:47.322547868Z  INFO  2020-09-11 23:02:47,321 [shard 0] init - creating hints manager
2020-09-11T23:02:47.323057037Z  INFO  2020-09-11 23:02:47,322 [shard 1] init - creating hints manager
2020-09-11T23:02:47.323521441Z  INFO  2020-09-11 23:02:47,322 [shard 3] init - creating hints manager
2020-09-11T23:02:47.323551323Z  INFO  2020-09-11 23:02:47,322 [shard 2] init - creating hints manager
2020-09-11T23:02:47.323999071Z  INFO  2020-09-11 23:02:47,323 [shard 0] init - starting migration manager
2020-09-11T23:02:47.324586121Z  INFO  2020-09-11 23:02:47,324 [shard 0] init - starting query processor
2020-09-11T23:02:47.325953319Z  INFO  2020-09-11 23:02:47,325 [shard 0] init - initializing batchlog manager
2020-09-11T23:02:47.331344107Z  INFO  2020-09-11 23:02:47,330 [shard 0] legacy_schema_migrator - Moving 0 keyspaces from legacy schema tables to the new schema keyspace (system_schema)
2020-09-11T23:02:47.331760476Z  INFO  2020-09-11 23:02:47,331 [shard 0] legacy_schema_migrator - Dropping legacy schema tables
2020-09-11T23:02:59.745380168Z  INFO  2020-09-11 23:02:59,744 [shard 0] legacy_schema_migrator - Completed migration of legacy schema tables
2020-09-11T23:02:59.749408498Z  INFO  2020-09-11 23:02:59,749 [shard 0] init - loading system sstables
2020-09-11T23:03:17.173903589Z  INFO  2020-09-11 23:03:17,173 [shard 0] init - loading non-system sstables
2020-09-11T23:03:25.074817478Z  INFO  2020-09-11 23:03:25,074 [shard 0] database - Populating Keyspace dt
2020-09-11T23:03:25.074871901Z  INFO  2020-09-11 23:03:25,074 [shard 0] database - Keyspace dt: Reading CF element_twin_idx_index id=630ae8b0-d77b-11ea-9877-000000000001 version=bc3026fd-bc4e-318d-b6f4-ca0b566cb74b
2020-09-11T23:03:25.074884249Z  INFO  2020-09-11 23:03:25,074 [shard 0] database - Keyspace dt: Reading CF source_element_idx_index id=68593f10-d77b-11ea-9877-000000000001 version=33e3f927-f730-3081-88e1-6bed2962e42a
2020-09-11T23:03:25.074894443Z  INFO  2020-09-11 23:03:25,074 [shard 0] database - Keyspace dt: Reading CF source id=65ff2270-d77b-11ea-9877-000000000001 version=5f8471b7-7d19-31d4-9be5-0f153affb0bb
2020-09-11T23:03:25.074904131Z  INFO  2020-09-11 23:03:25,074 [shard 0] database - Keyspace dt: Reading CF source_data id=6af6cd50-d77b-11ea-9877-000000000001 version=b52400e3-b307-3141-b3fc-e5d63573f135
2020-09-11T23:03:25.074913830Z  INFO  2020-09-11 23:03:25,074 [shard 0] database - Keyspace dt: Reading CF element id=607549b0-d77b-11ea-9877-000000000001 version=f44a6c4b-69d8-37f2-b116-7260740acc6c
2020-09-11T23:03:25.075704171Z  INFO  2020-09-11 23:03:25,074 [shard 0] database - Keyspace dt: Reading CF twin id=5e00c740-d77b-11ea-9877-000000000001 version=6240633e-c8cc-3fea-a1e3-452eff1b9659
2020-09-11T23:03:25.075732280Z  INFO  2020-09-11 23:03:25,074 [shard 0] database - Keyspace dt: Reading CF user id=5c294820-d77b-11ea-9877-000000000001 version=02cce273-02f1-3e6a-8674-f1016e3f22d7
2020-09-11T23:03:25.075743774Z  INFO  2020-09-11 23:03:25,074 [shard 0] database - Populating Keyspace system_distributed
2020-09-11T23:03:25.075753613Z  INFO  2020-09-11 23:03:25,074 [shard 0] database - Keyspace system_distributed: Reading CF view_build_status id=5582b59f-8e4e-35e1-b913-3acada51eb04 version=e0b6e628-60e0-39a2-ada0-9b6c13bdd9bc
2020-09-11T23:03:25.075763582Z  INFO  2020-09-11 23:03:25,074 [shard 0] database - Keyspace system_distributed: Reading CF cdc_generations id=6a4df139-00b6-3d21-9efc-dade266dc3b7 version=2511b46b-df1d-39fa-9a77-f5cacf88af47
2020-09-11T23:03:25.075784626Z  INFO  2020-09-11 23:03:25,074 [shard 0] database - Keyspace system_distributed: Reading CF cdc_streams id=07405732-4620-34d6-a85e-947248dad9a4 version=b606cfa4-a37b-32bd-a624-e05cab2bed3c
2020-09-11T23:03:25.075794020Z  INFO  2020-09-11 23:03:25,074 [shard 0] database - Populating Keyspace system_auth
2020-09-11T23:03:25.075803094Z  INFO  2020-09-11 23:03:25,074 [shard 0] database - Keyspace system_auth: Reading CF roles id=5bc52802-de25-35ed-aeab-188eecebb090 version=d8f599da-7544-3f57-aa58-b229deea93e0
2020-09-11T23:03:25.075863876Z  INFO  2020-09-11 23:03:25,074 [shard 0] database - Keyspace system_auth: Reading CF role_members id=0ecdaa87-f8fb-3e60-88d1-74fb36fe5c0d version=2923b5bb-f2f8-36e8-9e73-19019900010c
2020-09-11T23:03:25.075877066Z  INFO  2020-09-11 23:03:25,074 [shard 0] database - Populating Keyspace system_traces
2020-09-11T23:03:25.075886162Z  INFO  2020-09-11 23:03:25,074 [shard 0] database - Keyspace system_traces: Reading CF sessions id=c5e99f16-8677-3914-b17e-960613512345 version=e0fc4b06-6cba-3b7b-bfb6-b42a77c370a9
2020-09-11T23:03:25.075907073Z  INFO  2020-09-11 23:03:25,074 [shard 0] database - Keyspace system_traces: Reading CF node_slow_log_time_idx id=f9706768-aa1e-3d87-9e5c-51a3927c2870 version=eaffc0bb-7b2c-3b64-8924-d8ba685120bc
2020-09-11T23:03:25.075917775Z  INFO  2020-09-11 23:03:25,074 [shard 0] database - Keyspace system_traces: Reading CF sessions_time_idx id=0ebf001c-c1d1-3693-9a63-c3d96ac53318 version=cd5d1e5f-1f42-3b9d-a8ba-3af39d59a7d5
2020-09-11T23:03:25.075940583Z  INFO  2020-09-11 23:03:25,074 [shard 0] database - Keyspace system_traces: Reading CF events id=8826e8e9-e16a-3728-8753-3bc1fc713c25 version=41a6b26e-a03b-3ae1-8a4a-b9446e7f9304
2020-09-11T23:03:25.075951529Z  INFO  2020-09-11 23:03:25,074 [shard 0] database - Keyspace system_traces: Reading CF node_slow_log id=bfcc4e62-5b63-3aa1-a1c3-6f5e47f3325c version=23e7a411-8414-340f-854d-20a3a637e438
2020-09-11T23:03:31.081877850Z  INFO  2020-09-11 23:03:31,081 [shard 0] init - starting view update generator
2020-09-11T23:03:31.082311681Z  INFO  2020-09-11 23:03:31,081 [shard 0] init - discovering staging sstables
2020-09-11T23:03:31.082960274Z  INFO  2020-09-11 23:03:31,082 [shard 0] init - setting up system keyspace
2020-09-11T23:03:31.101200185Z  INFO  2020-09-11 23:03:31,100 [shard 0] init - starting commit log
2020-09-11T23:03:31.101235274Z  INFO  2020-09-11 23:03:31,100 [shard 0] init - replaying commit log
2020-09-11T23:03:31.103676566Z  INFO  2020-09-11 23:03:31,103 [shard 0] commitlog_replayer - Replaying /var/lib/scylla/commitlog/CommitLog-1-36028797138915609.log, /var/lib/scylla/commitlog/CommitLog-1-54043195648397593.log, /var/lib/scylla/commitlog/CommitLog-1-36028797138915610.log, /var/lib/scylla/commitlog/CommitLog-1-54043195648397594.log, /var/lib/scylla/commitlog/CommitLog-1-36028797138915608.log, /var/lib/scylla/commitlog/CommitLog-1-119951640.log, /var/lib/scylla/commitlog/CommitLog-1-119951638.log, /var/lib/scylla/commitlog/CommitLog-1-119951639.log, /var/lib/scylla/commitlog/CommitLog-1-18014398629433623.log, /var/lib/scylla/commitlog/CommitLog-1-54043195648397595.log, /var/lib/scylla/commitlog/CommitLog-1-18014398629433624.log
2020-09-11T23:03:40.930680923Z  INFO  2020-09-11 23:03:40,929 [shard 0] commitlog_replayer - Log replay complete, 22608 replayed mutations (0 invalid, 0 skipped)
2020-09-11T23:03:40.931919545Z  INFO  2020-09-11 23:03:40,931 [shard 0] init - replaying commit log - flushing memtables
2020-09-11T23:03:55.438610185Z  INFO  2020-09-11 23:03:55,437 [shard 0] init - replaying commit log - removing old commitlog segments
2020-09-11T23:03:55.440385223Z  INFO  2020-09-11 23:03:55,439 [shard 0] compaction - Compacting [/var/lib/scylla/data/system/compaction_history-b4dbb7b4dc493fb5b3bfce6e434832ca/mc-304-big-Data.db:level=0, /var/lib/scylla/data/system/compaction_history-b4dbb7b4dc493fb5b3bfce6e434832ca/mc-300-big-Data.db:level=0, /var/lib/scylla/data/system/compaction_history-b4dbb7b4dc493fb5b3bfce6e434832ca/mc-296-big-Data.db:level=0, ]
2020-09-11T23:03:55.440994793Z  INFO  2020-09-11 23:03:55,440 [shard 0] compaction - Compacting [/var/lib/scylla/data/system/truncated-38c19fd0fb863310a4b70d0cc66628aa/mc-548-big-Data.db:level=0, /var/lib/scylla/data/system/truncated-38c19fd0fb863310a4b70d0cc66628aa/mc-552-big-Data.db:level=0, /var/lib/scylla/data/system/truncated-38c19fd0fb863310a4b70d0cc66628aa/mc-544-big-Data.db:level=0, ]
2020-09-11T23:03:55.441027967Z  INFO  2020-09-11 23:03:55,440 [shard 1] compaction - Compacting [/var/lib/scylla/data/system/compaction_history-b4dbb7b4dc493fb5b3bfce6e434832ca/mc-317-big-Data.db:level=0, /var/lib/scylla/data/system/compaction_history-b4dbb7b4dc493fb5b3bfce6e434832ca/mc-313-big-Data.db:level=0, /var/lib/scylla/data/system/compaction_history-b4dbb7b4dc493fb5b3bfce6e434832ca/mc-309-big-Data.db:level=0, ]
2020-09-11T23:03:55.441065274Z  INFO  2020-09-11 23:03:55,440 [shard 1] compaction - Compacting [/var/lib/scylla/data/system/local-7ad54392bcdd35a684174e047860b377/mc-1221-big-Data.db:level=0, /var/lib/scylla/data/system/local-7ad54392bcdd35a684174e047860b377/mc-1225-big-Data.db:level=0, /var/lib/scylla/data/system/local-7ad54392bcdd35a684174e047860b377/mc-1229-big-Data.db:level=0, /var/lib/scylla/data/system/local-7ad54392bcdd35a684174e047860b377/mc-1217-big-Data.db:level=0, ]
2020-09-11T23:03:55.441698313Z  INFO  2020-09-11 23:03:55,441 [shard 2] compaction - Compacting [/var/lib/scylla/data/system/peers-37f71aca7dc2383ba70672528af04d4f/mc-14-big-Data.db:level=0, /var/lib/scylla/data/system/peers-37f71aca7dc2383ba70672528af04d4f/mc-10-big-Data.db:level=0, /var/lib/scylla/data/system/peers-37f71aca7dc2383ba70672528af04d4f/mc-6-big-Data.db:level=0, ]
2020-09-11T23:03:55.442300040Z  INFO  2020-09-11 23:03:55,441 [shard 3] compaction - Compacting [/var/lib/scylla/data/system_schema/dropped_columns-5e7583b5f3f43af19a39b7e1d6f5f11f/mc-287-big-Data.db:level=0, /var/lib/scylla/data/system_schema/dropped_columns-5e7583b5f3f43af19a39b7e1d6f5f11f/mc-291-big-Data.db:level=0, /var/lib/scylla/data/system_schema/dropped_columns-5e7583b5f3f43af19a39b7e1d6f5f11f/mc-283-big-Data.db:level=0, ]
2020-09-11T23:03:55.443040142Z  INFO  2020-09-11 23:03:55,442 [shard 3] compaction - Compacting [/var/lib/scylla/data/system/clients-ca0f635d863036098d93a1fc06f2a5e5/mc-79-big-Data.db:level=0, /var/lib/scylla/data/system/clients-ca0f635d863036098d93a1fc06f2a5e5/mc-103-big-Data.db:level=0, /var/lib/scylla/data/system/clients-ca0f635d863036098d93a1fc06f2a5e5/mc-107-big-Data.db:level=0, /var/lib/scylla/data/system/clients-ca0f635d863036098d93a1fc06f2a5e5/mc-127-big-Data.db:level=0, /var/lib/scylla/data/system/clients-ca0f635d863036098d93a1fc06f2a5e5/mc-95-big-Data.db:level=0, /var/lib/scylla/data/system/clients-ca0f635d863036098d93a1fc06f2a5e5/mc-83-big-Data.db:level=0, /var/lib/scylla/data/system/clients-ca0f635d863036098d93a1fc06f2a5e5/mc-143-big-Data.db:level=0, /var/lib/scylla/data/system/clients-ca0f635d863036098d93a1fc06f2a5e5/mc-119-big-Data.db:level=0, /var/lib/scylla/data/system/clients-ca0f635d863036098d93a1fc06f2a5e5/mc-111-big-Data.db:level=0, /var/lib/scylla/data/system/clients-ca0f635d863036098d93a1fc06f2a5e5/mc-131-big-Data.db:level=0, /var/lib/scylla/data/system/clients-ca0f635d863036098d93a1fc06f2a5e5/mc-135-big-Data.db:level=0, /var/lib/scylla/data/system/clients-ca0f635d863036098d93a1fc06f2a5e5/mc-99-big-Data.db:level=0, /var/lib/scylla/data/system/clients-ca0f635d863036098d93a1fc06f2a5e5/mc-87-big-Data.db:level=0, /var/lib/scylla/data/system/clients-ca0f635d863036098d93a1fc06f2a5e5/mc-139-big-Data.db:level=0, /var/lib/scylla/data/system/clients-ca0f635d863036098d93a1fc06f2a5e5/mc-123-big-Data.db:level=0, /var/lib/scylla/data/system/clients-ca0f635d863036098d93a1fc06f2a5e5/mc-115-big-Data.db:level=0, /var/lib/scylla/data/system/clients-ca0f635d863036098d93a1fc06f2a5e5/mc-91-big-Data.db:level=0, ]
2020-09-11T23:03:55.444146210Z  INFO  2020-09-11 23:03:55,442 [shard 3] compaction - Compacting [/var/lib/scylla/data/system_schema/functions-96489b7980be3e14a70166a0b9159450/mc-227-big-Data.db:level=0, /var/lib/scylla/data/system_schema/functions-96489b7980be3e14a70166a0b9159450/mc-223-big-Data.db:level=0, /var/lib/scylla/data/system_schema/functions-96489b7980be3e14a70166a0b9159450/mc-219-big-Data.db:level=0, ]
2020-09-11T23:03:55.444198910Z  INFO  2020-09-11 23:03:55,443 [shard 3] compaction - Compacting [/var/lib/scylla/data/system/compaction_history-b4dbb7b4dc493fb5b3bfce6e434832ca/mc-319-big-Data.db:level=0, /var/lib/scylla/data/system/compaction_history-b4dbb7b4dc493fb5b3bfce6e434832ca/mc-315-big-Data.db:level=0, /var/lib/scylla/data/system/compaction_history-b4dbb7b4dc493fb5b3bfce6e434832ca/mc-311-big-Data.db:level=0, ]
2020-09-11T23:03:55.444231913Z  INFO  2020-09-11 23:03:55,443 [shard 3] compaction - Compacting [/var/lib/scylla/data/system_schema/indexes-0feb57ac311f382fba6d9024d305702f/mc-275-big-Data.db:level=0, /var/lib/scylla/data/system_schema/indexes-0feb57ac311f382fba6d9024d305702f/mc-271-big-Data.db:level=0, ]
2020-09-11T23:03:55.444249993Z  INFO  2020-09-11 23:03:55,443 [shard 3] compaction - Compacting [/var/lib/scylla/data/dt/source_data-6af6cd50d77b11ea9877000000000001/mc-235-big-Data.db:level=0, /var/lib/scylla/data/dt/source_data-6af6cd50d77b11ea9877000000000001/mc-239-big-Data.db:level=0, /var/lib/scylla/data/dt/source_data-6af6cd50d77b11ea9877000000000001/mc-231-big-Data.db:level=0, ]
2020-09-11T23:03:55.444266780Z  INFO  2020-09-11 23:03:55,443 [shard 2] compaction - Compacting [/var/lib/scylla/data/system/compaction_history-b4dbb7b4dc493fb5b3bfce6e434832ca/mc-318-big-Data.db:level=0, /var/lib/scylla/data/system/compaction_history-b4dbb7b4dc493fb5b3bfce6e434832ca/mc-314-big-Data.db:level=0, /var/lib/scylla/data/system/compaction_history-b4dbb7b4dc493fb5b3bfce6e434832ca/mc-310-big-Data.db:level=0, ]
2020-09-11T23:03:55.444285562Z  INFO  2020-09-11 23:03:55,443 [shard 3] compaction - Compacting [/var/lib/scylla/data/system_schema/scylla_tables-5d912ff1f7593665b2c88042ab5103dd/mc-263-big-Data.db:level=0, /var/lib/scylla/data/system_schema/scylla_tables-5d912ff1f7593665b2c88042ab5103dd/mc-259-big-Data.db:level=0, ]
2020-09-11T23:03:55.445266626Z  INFO  2020-09-11 23:03:55,444 [shard 2] compaction - Compacting [/var/lib/scylla/data/system_schema/keyspaces-abac5682dea631c5b535b3d6cffd0fb6/mc-290-big-Data.db:level=0, /var/lib/scylla/data/system_schema/keyspaces-abac5682dea631c5b535b3d6cffd0fb6/mc-294-big-Data.db:level=0, /var/lib/scylla/data/system_schema/keyspaces-abac5682dea631c5b535b3d6cffd0fb6/mc-286-big-Data.db:level=0, ]
2020-09-11T23:03:55.445296223Z  INFO  2020-09-11 23:03:55,444 [shard 2] compaction - Compacting [/var/lib/scylla/data/system_schema/indexes-0feb57ac311f382fba6d9024d305702f/mc-278-big-Data.db:level=0, /var/lib/scylla/data/system_schema/indexes-0feb57ac311f382fba6d9024d305702f/mc-274-big-Data.db:level=0, ]
2020-09-11T23:03:55.445312626Z  INFO  2020-09-11 23:03:55,444 [shard 2] compaction - Compacting [/var/lib/scylla/data/system_schema/tables-afddfb9dbc1e30688056eed6c302ba09/mc-266-big-Data.db:level=0, /var/lib/scylla/data/system_schema/tables-afddfb9dbc1e30688056eed6c302ba09/mc-262-big-Data.db:level=0, ]
2020-09-11T23:03:55.445328520Z  INFO  2020-09-11 23:03:55,444 [shard 2] compaction - Compacting [/var/lib/scylla/data/system_schema/scylla_tables-5d912ff1f7593665b2c88042ab5103dd/mc-262-big-Data.db:level=0, /var/lib/scylla/data/system_schema/scylla_tables-5d912ff1f7593665b2c88042ab5103dd/mc-258-big-Data.db:level=0, ]
2020-09-11T23:03:55.447649067Z  INFO  2020-09-11 23:03:55,445 [shard 2] compaction - Compacting [/var/lib/scylla/data/system_schema/dropped_columns-5e7583b5f3f43af19a39b7e1d6f5f11f/mc-290-big-Data.db:level=0, /var/lib/scylla/data/system_schema/dropped_columns-5e7583b5f3f43af19a39b7e1d6f5f11f/mc-282-big-Data.db:level=0, /var/lib/scylla/data/system_schema/dropped_columns-5e7583b5f3f43af19a39b7e1d6f5f11f/mc-286-big-Data.db:level=0, ]
2020-09-11T23:03:55.448612563Z  INFO  2020-09-11 23:03:55,448 [shard 0] init - initializing migration manager RPC verbs
2020-09-11T23:03:55.449624727Z  INFO  2020-09-11 23:03:55,449 [shard 0] init - initializing storage proxy RPC verbs
2020-09-11T23:03:55.450572318Z  INFO  2020-09-11 23:03:55,450 [shard 0] init - starting streaming service
2020-09-11T23:03:55.453549424Z  INFO  2020-09-11 23:03:55,453 [shard 0] init - starting hinted handoff manager
2020-09-11T23:03:56.896430402Z  WARN  2020-09-11 23:03:56,895 [shard 3] large_data - Writing a partition with too many rows [dt/source_data:d0a71d84-b80f-4558-beac-8887750652e3] (101131 rows)
2020-09-11T23:03:57.220186419Z  INFO  2020-09-11 23:03:57,219 [shard 0] init - starting messaging service
2020-09-11T23:03:57.221976741Z  INFO  2020-09-11 23:03:57,221 [shard 0] repair - Setting max_repair_memory=168820736, max_repair_memory_per_range=33554432, max_repair_ranges_in_parallel=5
2020-09-11T23:03:57.222458582Z  INFO  2020-09-11 23:03:57,222 [shard 0] init - starting storage service
2020-09-11T23:03:57.223913709Z  INFO  2020-09-11 23:03:57,223 [shard 0] storage_service - Loading persisted ring state
2020-09-11T23:03:57.227473307Z  INFO  2020-09-11 23:03:57,227 [shard 0] storage_service - loaded_peer_features: peer_features size=0
2020-09-11T23:03:57.227497882Z  INFO  2020-09-11 23:03:57,227 [shard 0] storage_service - Checking remote features skipped, since this node is a new seed node which knows nothing about the cluster
2020-09-11T23:03:57.228827493Z  INFO  2020-09-11 23:03:57,228 [shard 0] storage_service - Restarting a node in NORMAL status
2020-09-11T23:03:57.259796740Z  INFO  2020-09-11 23:03:57,259 [shard 0] database - Schema version changed to 3f00f995-6495-3765-8599-4e76a2f4c6b2
2020-09-11T23:03:57.260275957Z  INFO  2020-09-11 23:03:57,259 [shard 0] storage_service - Starting up server gossip
2020-09-11T23:03:58.542500578Z  INFO  2020-09-11 23:03:58,541 [shard 2] compaction - Compacted 3 sstables to []. 16431 bytes to 0 (~0% of original) in 0ms = 0.00MB/s. ~384 total partitions merged to 0.
2020-09-11T23:03:59.228097352Z  INFO  2020-09-11 23:03:59,227 [shard 0] compaction - Compacted 3 sstables to [/var/lib/scylla/data/system/compaction_history-b4dbb7b4dc493fb5b3bfce6e434832ca/mc-308-big-Data.db:level=0, ]. 224663 bytes to 111607 (~49% of original) in 3104ms = 0.03MB/s. ~512 total partitions merged to 199.
2020-09-11T23:03:59.228703867Z  INFO  2020-09-11 23:03:59,228 [shard 0] compaction - Compacted 3 sstables to [/var/lib/scylla/data/system/truncated-38c19fd0fb863310a4b70d0cc66628aa/mc-556-big-Data.db:level=0, ]. 158418 bytes to 76909 (~48% of original) in 3104ms = 0.02MB/s. ~384 total partitions merged to 2.
2020-09-11T23:03:59.349286098Z  INFO  2020-09-11 23:03:59,348 [shard 3] compaction - Compacted 17 sstables to []. 274629 bytes to 0 (~0% of original) in 29ms = 0.00MB/s. ~2176 total partitions merged to 0.
2020-09-11T23:03:59.795436577Z  INFO  2020-09-11 23:03:59,794 [shard 1] compaction - Compacted 4 sstables to [/var/lib/scylla/data/system/local-7ad54392bcdd35a684174e047860b377/mc-1233-big-Data.db:level=0, ]. 31114 bytes to 12595 (~40% of original) in 3172ms = 0.00MB/s. ~512 total partitions merged to 1.
2020-09-11T23:03:59.892873992Z  INFO  2020-09-11 23:03:59,892 [shard 1] compaction - Compacted 3 sstables to [/var/lib/scylla/data/system/compaction_history-b4dbb7b4dc493fb5b3bfce6e434832ca/mc-321-big-Data.db:level=0, ]. 260241 bytes to 110347 (~42% of original) in 3174ms = 0.03MB/s. ~512 total partitions merged to 179.
2020-09-11T23:04:00.121130417Z  INFO  2020-09-11 23:04:00,120 [shard 1] compaction - Compacting [/var/lib/scylla/data/system/local-7ad54392bcdd35a684174e047860b377/mc-1237-big-Data.db:level=0, /var/lib/scylla/data/system/local-7ad54392bcdd35a684174e047860b377/mc-1233-big-Data.db:level=0, ]
2020-09-11T23:04:00.121900695Z  INFO  2020-09-11 23:04:00,120 [shard 0] messaging_service - Starting Messaging Service on port 7000
2020-09-11T23:04:00.155244947Z  INFO  2020-09-11 23:04:00,153 [shard 2] compaction - Compacting [/var/lib/scylla/data/system_schema/types-5a8b1ca866023f77a0459273d308917a/mc-206-big-Data.db:level=0, /var/lib/scylla/data/system_schema/types-5a8b1ca866023f77a0459273d308917a/mc-202-big-Data.db:level=0, ]
2020-09-11T23:04:00.155275792Z  INFO  2020-09-11 23:04:00,154 [shard 2] compaction - Compacting [/var/lib/scylla/data/system_schema/view_virtual_columns-08843b6345dc3be29798a0418295cfaa/mc-234-big-Data.db:level=0, /var/lib/scylla/data/system_schema/view_virtual_columns-08843b6345dc3be29798a0418295cfaa/mc-226-big-Data.db:level=0, /var/lib/scylla/data/system_schema/view_virtual_columns-08843b6345dc3be29798a0418295cfaa/mc-230-big-Data.db:level=0, ]
2020-09-11T23:04:00.155288989Z  INFO  2020-09-11 23:04:00,154 [shard 2] compaction - Compacting [/var/lib/scylla/data/system/truncated-38c19fd0fb863310a4b70d0cc66628aa/mc-506-big-Data.db:level=0, /var/lib/scylla/data/system/truncated-38c19fd0fb863310a4b70d0cc66628aa/mc-502-big-Data.db:level=0, /var/lib/scylla/data/system/truncated-38c19fd0fb863310a4b70d0cc66628aa/mc-498-big-Data.db:level=0, ]
2020-09-11T23:04:00.155988735Z  INFO  2020-09-11 23:04:00,155 [shard 2] compaction - Compacting [/var/lib/scylla/data/system_schema/columns-24101c25a2ae3af787c1b40ee1aca33f/mc-290-big-Data.db:level=0, /var/lib/scylla/data/system_schema/columns-24101c25a2ae3af787c1b40ee1aca33f/mc-294-big-Data.db:level=0, /var/lib/scylla/data/system_schema/columns-24101c25a2ae3af787c1b40ee1aca33f/mc-286-big-Data.db:level=0, ]
2020-09-11T23:04:00.666882075Z  INFO  2020-09-11 23:04:00,665 [shard 3] compaction - Compacting [/var/lib/scylla/data/system_schema/view_virtual_columns-08843b6345dc3be29798a0418295cfaa/mc-235-big-Data.db:level=0, /var/lib/scylla/data/system_schema/view_virtual_columns-08843b6345dc3be29798a0418295cfaa/mc-231-big-Data.db:level=0, /var/lib/scylla/data/system_schema/view_virtual_columns-08843b6345dc3be29798a0418295cfaa/mc-227-big-Data.db:level=0, ]
2020-09-11T23:04:00.667393646Z  INFO  2020-09-11 23:04:00,666 [shard 3] compaction - Compacting [/var/lib/scylla/data/system_schema/computed_columns-cc7c7069374033c192a4c3de78dbd2c4/mc-259-big-Data.db:level=0, /var/lib/scylla/data/system_schema/computed_columns-cc7c7069374033c192a4c3de78dbd2c4/mc-255-big-Data.db:level=0, ]
2020-09-11T23:04:00.667614930Z  INFO  2020-09-11 23:04:00,666 [shard 3] compaction - Compacting [/var/lib/scylla/data/system_schema/triggers-4df70b666b05325195a132b54005fd48/mc-227-big-Data.db:level=0, /var/lib/scylla/data/system_schema/triggers-4df70b666b05325195a132b54005fd48/mc-223-big-Data.db:level=0, /var/lib/scylla/data/system_schema/triggers-4df70b666b05325195a132b54005fd48/mc-219-big-Data.db:level=0, ]
2020-09-11T23:04:00.668119679Z  INFO  2020-09-11 23:04:00,667 [shard 3] compaction - Compacting [/var/lib/scylla/data/system_schema/columns-24101c25a2ae3af787c1b40ee1aca33f/mc-291-big-Data.db:level=0, /var/lib/scylla/data/system_schema/columns-24101c25a2ae3af787c1b40ee1aca33f/mc-295-big-Data.db:level=0, /var/lib/scylla/data/system_schema/columns-24101c25a2ae3af787c1b40ee1aca33f/mc-287-big-Data.db:level=0, ]
2020-09-11T23:04:01.358488700Z  INFO  2020-09-11 23:04:01,357 [shard 1] compaction - Compacted 2 sstables to [/var/lib/scylla/data/system/local-7ad54392bcdd35a684174e047860b377/mc-1241-big-Data.db:level=0, ]. 18687 bytes to 12273 (~65% of original) in 934ms = 0.01MB/s. ~256 total partitions merged to 1.
2020-09-11T23:04:01.838091269Z  INFO  2020-09-11 23:04:01,837 [shard 2] compaction - Compacted 2 sstables to [/var/lib/scylla/data/system_schema/indexes-0feb57ac311f382fba6d9024d305702f/mc-282-big-Data.db:level=0, ]. 11047 bytes to 5599 (~50% of original) in 4709ms = 0.00MB/s. ~256 total partitions merged to 1.
2020-09-11T23:04:01.839568138Z  INFO  2020-09-11 23:04:01,839 [shard 2] compaction - Compacted 3 sstables to [/var/lib/scylla/data/system_schema/keyspaces-abac5682dea631c5b535b3d6cffd0fb6/mc-298-big-Data.db:level=0, ]. 67314 bytes to 56727 (~84% of original) in 4710ms = 0.01MB/s. ~384 total partitions merged to 2.
2020-09-11T23:04:01.844500648Z  INFO  2020-09-11 23:04:01,844 [shard 2] compaction - Compacted 3 sstables to [/var/lib/scylla/data/system_schema/dropped_columns-5e7583b5f3f43af19a39b7e1d6f5f11f/mc-294-big-Data.db:level=0, ]. 15984 bytes to 5642 (~35% of original) in 4709ms = 0.00MB/s. ~384 total partitions merged to 1.
2020-09-11T23:04:01.844932109Z  INFO  2020-09-11 23:04:01,844 [shard 2] compaction - Compacted 2 sstables to [/var/lib/scylla/data/system_schema/tables-afddfb9dbc1e30688056eed6c302ba09/mc-270-big-Data.db:level=0, ]. 67872 bytes to 59785 (~88% of original) in 4710ms = 0.01MB/s. ~256 total partitions merged to 2.
2020-09-11T23:04:01.845447976Z  INFO  2020-09-11 23:04:01,845 [shard 2] compaction - Compacted 2 sstables to [/var/lib/scylla/data/system_schema/scylla_tables-5d912ff1f7593665b2c88042ab5103dd/mc-266-big-Data.db:level=0, ]. 11945 bytes to 6128 (~51% of original) in 4710ms = 0.00MB/s. ~256 total partitions merged to 1.
2020-09-11T23:04:01.845951182Z  INFO  2020-09-11 23:04:01,845 [shard 2] compaction - Compacted 3 sstables to [/var/lib/scylla/data/system/compaction_history-b4dbb7b4dc493fb5b3bfce6e434832ca/mc-322-big-Data.db:level=0, ]. 245689 bytes to 114315 (~46% of original) in 4712ms = 0.02MB/s. ~512 total partitions merged to 221.
2020-09-11T23:04:02.086226758Z  INFO  2020-09-11 23:04:02,085 [shard 3] compaction - Compacted 3 sstables to [/var/lib/scylla/data/system_schema/dropped_columns-5e7583b5f3f43af19a39b7e1d6f5f11f/mc-295-big-Data.db:level=0, ]. 16420 bytes to 5794 (~35% of original) in 5223ms = 0.00MB/s. ~384 total partitions merged to 1.
2020-09-11T23:04:02.165673543Z  INFO  2020-09-11 23:04:02,164 [shard 3] compaction - Compacted 2 sstables to [/var/lib/scylla/data/system_schema/indexes-0feb57ac311f382fba6d9024d305702f/mc-279-big-Data.db:level=0, ]. 18043 bytes to 12630 (~69% of original) in 5222ms = 0.00MB/s. ~256 total partitions merged to 2.
2020-09-11T23:04:02.166879235Z  INFO  2020-09-11 23:04:02,166 [shard 3] compaction - Compacted 3 sstables to [/var/lib/scylla/data/system/compaction_history-b4dbb7b4dc493fb5b3bfce6e434832ca/mc-323-big-Data.db:level=0, ]. 217483 bytes to 111585 (~51% of original) in 5224ms = 0.02MB/s. ~512 total partitions merged to 180.
2020-09-11T23:04:02.166924100Z  INFO  2020-09-11 23:04:02,166 [shard 3] compaction - Compacted 3 sstables to [/var/lib/scylla/data/system_schema/functions-96489b7980be3e14a70166a0b9159450/mc-231-big-Data.db:level=0, ]. 16891 bytes to 5945 (~35% of original) in 5224ms = 0.00MB/s. ~384 total partitions merged to 1.
2020-09-11T23:04:02.167596895Z  INFO  2020-09-11 23:04:02,166 [shard 3] compaction - Compacted 2 sstables to [/var/lib/scylla/data/system_schema/scylla_tables-5d912ff1f7593665b2c88042ab5103dd/mc-267-big-Data.db:level=0, ]. 12572 bytes to 6441 (~51% of original) in 5223ms = 0.00MB/s. ~256 total partitions merged to 1.
2020-09-11T23:04:02.167639231Z  INFO  2020-09-11 23:04:02,166 [shard 3] compaction - Compacted 3 sstables to [/var/lib/scylla/data/dt/source_data-6af6cd50d77b11ea9877000000000001/mc-243-big-Data.db:level=0, ]. 8220776 bytes to 8124241 (~98% of original) in 5224ms = 1.48MB/s. ~384 total partitions merged to 1.
2020-09-11T23:04:02.751340584Z  INFO  2020-09-11 23:04:02,750 [shard 2] compaction - Compacting [/var/lib/scylla/data/system_schema/views-9786ac1cdd583201a7cdad556410c985/mc-202-big-Data.db:level=0, /var/lib/scylla/data/system_schema/views-9786ac1cdd583201a7cdad556410c985/mc-198-big-Data.db:level=0, ]
2020-09-11T23:04:02.751611226Z  INFO  2020-09-11 23:04:02,751 [shard 2] compaction - Compacting [/var/lib/scylla/data/system_schema/functions-96489b7980be3e14a70166a0b9159450/mc-222-big-Data.db:level=0, /var/lib/scylla/data/system_schema/functions-96489b7980be3e14a70166a0b9159450/mc-218-big-Data.db:level=0, /var/lib/scylla/data/system_schema/functions-96489b7980be3e14a70166a0b9159450/mc-214-big-Data.db:level=0, ]
2020-09-11T23:04:02.903885659Z  INFO  2020-09-11 23:04:02,903 [shard 3] compaction - Compacting [/var/lib/scylla/data/system_schema/types-5a8b1ca866023f77a0459273d308917a/mc-203-big-Data.db:level=0, /var/lib/scylla/data/system_schema/types-5a8b1ca866023f77a0459273d308917a/mc-199-big-Data.db:level=0, ]
2020-09-11T23:04:02.904174673Z  INFO  2020-09-11 23:04:02,903 [shard 3] compaction - Compacting [/var/lib/scylla/data/system/large_cells-ead8bbc5f1463ae19f710b11f9a1d296/mc-35-big-Data.db:level=0, /var/lib/scylla/data/system/large_cells-ead8bbc5f1463ae19f710b11f9a1d296/mc-31-big-Data.db:level=0, ]
2020-09-11T23:04:02.904219496Z  INFO  2020-09-11 23:04:02,903 [shard 3] compaction - Compacting [/var/lib/scylla/data/system_schema/keyspaces-abac5682dea631c5b535b3d6cffd0fb6/mc-291-big-Data.db:level=0, /var/lib/scylla/data/system_schema/keyspaces-abac5682dea631c5b535b3d6cffd0fb6/mc-287-big-Data.db:level=0, ]
2020-09-11T23:04:02.905090805Z  INFO  2020-09-11 23:04:02,904 [shard 3] compaction - Compacting [/var/lib/scylla/data/system_schema/tables-afddfb9dbc1e30688056eed6c302ba09/mc-263-big-Data.db:level=0, /var/lib/scylla/data/system_schema/tables-afddfb9dbc1e30688056eed6c302ba09/mc-259-big-Data.db:level=0, ]
2020-09-11T23:04:03.592329244Z  INFO  2020-09-11 23:04:03,591 [shard 2] compaction - Compacted 2 sstables to [/var/lib/scylla/data/system_schema/types-5a8b1ca866023f77a0459273d308917a/mc-210-big-Data.db:level=0, ]. 11077 bytes to 5614 (~50% of original) in 2597ms = 0.00MB/s. ~256 total partitions merged to 1.
2020-09-11T23:04:03.746016419Z  INFO  2020-09-11 23:04:03,745 [shard 3] compaction - Compacted 2 sstables to [/var/lib/scylla/data/system_schema/computed_columns-cc7c7069374033c192a4c3de78dbd2c4/mc-263-big-Data.db:level=0, ]. 17544 bytes to 12458 (~71% of original) in 2236ms = 0.01MB/s. ~256 total partitions merged to 2.
2020-09-11T23:04:03.791230685Z  INFO  2020-09-11 23:04:03,790 [shard 2] compaction - Compacted 3 sstables to [/var/lib/scylla/data/system_schema/view_virtual_columns-08843b6345dc3be29798a0418295cfaa/mc-238-big-Data.db:level=0, ]. 16452 bytes to 5798 (~35% of original) in 2596ms = 0.00MB/s. ~384 total partitions merged to 1.
2020-09-11T23:04:03.792377487Z  INFO  2020-09-11 23:04:03,791 [shard 2] compaction - Compacted 3 sstables to [/var/lib/scylla/data/system/truncated-38c19fd0fb863310a4b70d0cc66628aa/mc-510-big-Data.db:level=0, ]. 167625 bytes to 56247 (~33% of original) in 2597ms = 0.02MB/s. ~384 total partitions merged to 4.
2020-09-11T23:04:03.793585758Z  INFO  2020-09-11 23:04:03,793 [shard 2] compaction - Compacted 3 sstables to [/var/lib/scylla/data/system_schema/columns-24101c25a2ae3af787c1b40ee1aca33f/mc-298-big-Data.db:level=0, ]. 78679 bytes to 61694 (~78% of original) in 2597ms = 0.02MB/s. ~384 total partitions merged to 2.
2020-09-11T23:04:04.174991148Z  INFO  2020-09-11 23:04:04,174 [shard 3] compaction - Compacted 3 sstables to [/var/lib/scylla/data/system_schema/triggers-4df70b666b05325195a132b54005fd48/mc-231-big-Data.db:level=0, ]. 16093 bytes to 5679 (~35% of original) in 2237ms = 0.00MB/s. ~384 total partitions merged to 1.
2020-09-11T23:04:04.175053234Z  INFO  2020-09-11 23:04:04,174 [shard 3] compaction - Compacted 2 sstables to []. 11370 bytes to 0 (~0% of original) in 0ms = 0.00MB/s. ~256 total partitions merged to 0.
2020-09-11T23:04:04.175072050Z  INFO  2020-09-11 23:04:04,174 [shard 3] compaction - Compacted 3 sstables to [/var/lib/scylla/data/system_schema/view_virtual_columns-08843b6345dc3be29798a0418295cfaa/mc-239-big-Data.db:level=0, ]. 23511 bytes to 12927 (~54% of original) in 2237ms = 0.01MB/s. ~384 total partitions merged to 2.
2020-09-11T23:04:04.235953240Z  INFO  2020-09-11 23:04:04,234 [shard 3] compaction - Compacted 3 sstables to [/var/lib/scylla/data/system_schema/columns-24101c25a2ae3af787c1b40ee1aca33f/mc-299-big-Data.db:level=0, ]. 76167 bytes to 57505 (~75% of original) in 2237ms = 0.02MB/s. ~384 total partitions merged to 4.
2020-09-11T23:04:04.305792520Z  INFO  2020-09-11 23:04:04,305 [shard 2] compaction - Compacting [/var/lib/scylla/data/system_schema/aggregates-924c55872e3a345bb10c12f37c1ba895/mc-194-big-Data.db:level=0, /var/lib/scylla/data/system_schema/aggregates-924c55872e3a345bb10c12f37c1ba895/mc-190-big-Data.db:level=0, ]
2020-09-11T23:04:04.307187815Z  INFO  2020-09-11 23:04:04,306 [shard 2] compaction - Compacting [/var/lib/scylla/data/system_schema/triggers-4df70b666b05325195a132b54005fd48/mc-226-big-Data.db:level=0, /var/lib/scylla/data/system_schema/triggers-4df70b666b05325195a132b54005fd48/mc-218-big-Data.db:level=0, /var/lib/scylla/data/system_schema/triggers-4df70b666b05325195a132b54005fd48/mc-222-big-Data.db:level=0, ]
2020-09-11T23:04:05.001298984Z  INFO  2020-09-11 23:04:05,000 [shard 3] compaction - Compacting [/var/lib/scylla/data/system_schema/aggregates-924c55872e3a345bb10c12f37c1ba895/mc-195-big-Data.db:level=0, /var/lib/scylla/data/system_schema/aggregates-924c55872e3a345bb10c12f37c1ba895/mc-191-big-Data.db:level=0, ]
2020-09-11T23:04:05.002327089Z  INFO  2020-09-11 23:04:05,001 [shard 3] compaction - Compacting [/var/lib/scylla/data/system_schema/views-9786ac1cdd583201a7cdad556410c985/mc-203-big-Data.db:level=0, /var/lib/scylla/data/system_schema/views-9786ac1cdd583201a7cdad556410c985/mc-199-big-Data.db:level=0, ]
2020-09-11T23:04:05.167831851Z  INFO  2020-09-11 23:04:05,167 [shard 2] compaction - Compacted 2 sstables to [/var/lib/scylla/data/system_schema/views-9786ac1cdd583201a7cdad556410c985/mc-206-big-Data.db:level=0, ]. 13699 bytes to 7005 (~51% of original) in 1555ms = 0.00MB/s. ~256 total partitions merged to 1.
2020-09-11T23:04:05.230005326Z  INFO  2020-09-11 23:04:05,229 [shard 2] compaction - Compacted 3 sstables to [/var/lib/scylla/data/system_schema/functions-96489b7980be3e14a70166a0b9159450/mc-226-big-Data.db:level=0, ]. 16995 bytes to 5979 (~35% of original) in 1554ms = 0.00MB/s. ~384 total partitions merged to 1.
2020-09-11T23:04:05.839671357Z  INFO  2020-09-11 23:04:05,839 [shard 2] compaction - Compacting [/var/lib/scylla/data/system_schema/computed_columns-cc7c7069374033c192a4c3de78dbd2c4/mc-258-big-Data.db:level=0, /var/lib/scylla/data/system_schema/computed_columns-cc7c7069374033c192a4c3de78dbd2c4/mc-254-big-Data.db:level=0, ]
2020-09-11T23:04:05.940591457Z  INFO  2020-09-11 23:04:05,939 [shard 3] compaction - Compacted 2 sstables to [/var/lib/scylla/data/system_schema/types-5a8b1ca866023f77a0459273d308917a/mc-207-big-Data.db:level=0, ]. 10848 bytes to 5580 (~51% of original) in 2097ms = 0.00MB/s. ~256 total partitions merged to 1.
2020-09-11T23:04:06.009262312Z  INFO  2020-09-11 23:04:06,008 [shard 3] compaction - Compacted 2 sstables to [/var/lib/scylla/data/system_schema/keyspaces-abac5682dea631c5b535b3d6cffd0fb6/mc-295-big-Data.db:level=0, ]. 56615 bytes to 51193 (~90% of original) in 2098ms = 0.02MB/s. ~256 total partitions merged to 4.
2020-09-11T23:04:06.009849176Z  INFO  2020-09-11 23:04:06,008 [shard 3] compaction - Compacted 2 sstables to [/var/lib/scylla/data/system_schema/tables-afddfb9dbc1e30688056eed6c302ba09/mc-267-big-Data.db:level=0, ]. 65496 bytes to 56354 (~86% of original) in 2097ms = 0.03MB/s. ~256 total partitions merged to 4.
2020-09-11T23:04:06.521540804Z  INFO  2020-09-11 23:04:06,520 [shard 2] compaction - Compacted 2 sstables to [/var/lib/scylla/data/system_schema/aggregates-924c55872e3a345bb10c12f37c1ba895/mc-198-big-Data.db:level=0, ]. 11133 bytes to 5722 (~51% of original) in 1534ms = 0.00MB/s. ~256 total partitions merged to 1.
2020-09-11T23:04:06.522168889Z  INFO  2020-09-11 23:04:06,521 [shard 2] compaction - Compacted 3 sstables to [/var/lib/scylla/data/system_schema/triggers-4df70b666b05325195a132b54005fd48/mc-230-big-Data.db:level=0, ]. 16197 bytes to 5713 (~35% of original) in 1532ms = 0.00MB/s. ~384 total partitions merged to 1.
2020-09-11T23:04:06.663981416Z  INFO  2020-09-11 23:04:06,663 [shard 3] compaction - Compacting [/var/lib/scylla/data/system/truncated-38c19fd0fb863310a4b70d0cc66628aa/mc-311-big-Data.db:level=0, /var/lib/scylla/data/system/truncated-38c19fd0fb863310a4b70d0cc66628aa/mc-307-big-Data.db:level=0, /var/lib/scylla/data/system/truncated-38c19fd0fb863310a4b70d0cc66628aa/mc-303-big-Data.db:level=0, ]
2020-09-11T23:04:07.158157010Z  INFO  2020-09-11 23:04:07,157 [shard 2] compaction - Compacted 2 sstables to [/var/lib/scylla/data/system_schema/computed_columns-cc7c7069374033c192a4c3de78dbd2c4/mc-262-big-Data.db:level=0, ]. 10551 bytes to 5431 (~51% of original) in 1098ms = 0.00MB/s. ~256 total partitions merged to 1.
2020-09-11T23:04:07.211514690Z  INFO  2020-09-11 23:04:07,211 [shard 3] compaction - Compacted 2 sstables to [/var/lib/scylla/data/system_schema/views-9786ac1cdd583201a7cdad556410c985/mc-207-big-Data.db:level=0, ]. 21047 bytes to 14388 (~68% of original) in 1661ms = 0.01MB/s. ~256 total partitions merged to 2.
2020-09-11T23:04:07.211544437Z  INFO  2020-09-11 23:04:07,211 [shard 3] compaction - Compacted 2 sstables to [/var/lib/scylla/data/system_schema/aggregates-924c55872e3a345bb10c12f37c1ba895/mc-199-big-Data.db:level=0, ]. 11064 bytes to 5688 (~51% of original) in 1663ms = 0.00MB/s. ~256 total partitions merged to 1.
2020-09-11T23:04:07.659905552Z  INFO  2020-09-11 23:04:07,659 [shard 3] compaction - Compacted 3 sstables to [/var/lib/scylla/data/system/truncated-38c19fd0fb863310a4b70d0cc66628aa/mc-315-big-Data.db:level=0, ]. 188988 bytes to 63364 (~33% of original) in 802ms = 0.08MB/s. ~384 total partitions merged to 2.
2020-09-11T23:04:12.124722899Z  INFO  2020-09-11 23:04:12,124 [shard 0] gossip - No gossip backlog; proceeding
2020-09-11T23:04:12.126141080Z  INFO  2020-09-11 23:04:12,125 [shard 0] features - Feature COMPUTED_COLUMNS is enabled
2020-09-11T23:04:12.126170274Z  INFO  2020-09-11 23:04:12,125 [shard 0] features - Feature CORRECT_COUNTER_ORDER is enabled
2020-09-11T23:04:12.126181796Z  INFO  2020-09-11 23:04:12,125 [shard 0] features - Feature CORRECT_NON_COMPOUND_RANGE_TOMBSTONES is enabled
2020-09-11T23:04:12.126191968Z  INFO  2020-09-11 23:04:12,125 [shard 0] features - Feature CORRECT_STATIC_COMPACT_IN_MC is enabled
2020-09-11T23:04:12.126223258Z  INFO  2020-09-11 23:04:12,125 [shard 0] features - Feature COUNTERS is enabled
2020-09-11T23:04:12.126234037Z  INFO  2020-09-11 23:04:12,125 [shard 0] features - Feature DIGEST_INSENSITIVE_TO_EXPIRY is enabled
2020-09-11T23:04:12.126244374Z  INFO  2020-09-11 23:04:12,125 [shard 0] features - Feature DIGEST_MULTIPARTITION_READ is enabled
2020-09-11T23:04:12.126253874Z  INFO  2020-09-11 23:04:12,125 [shard 0] features - Feature HINTED_HANDOFF_SEPARATE_CONNECTION is enabled
2020-09-11T23:04:12.126263375Z  INFO  2020-09-11 23:04:12,125 [shard 0] features - Feature INDEXES is enabled
2020-09-11T23:04:12.126272831Z  INFO  2020-09-11 23:04:12,125 [shard 0] features - Feature LARGE_PARTITIONS is enabled
2020-09-11T23:04:12.126282243Z  INFO  2020-09-11 23:04:12,125 [shard 0] features - Feature LWT is enabled
2020-09-11T23:04:12.126291629Z  INFO  2020-09-11 23:04:12,125 [shard 0] features - Feature MATERIALIZED_VIEWS is enabled
2020-09-11T23:04:12.126301303Z  INFO  2020-09-11 23:04:12,125 [shard 0] features - Feature MC_SSTABLE_FORMAT is enabled
2020-09-11T23:04:12.126310792Z  INFO  2020-09-11 23:04:12,125 [shard 0] features - Feature NONFROZEN_UDTS is enabled
2020-09-11T23:04:12.126320103Z  INFO  2020-09-11 23:04:12,125 [shard 0] features - Feature PER_TABLE_PARTITIONERS is enabled
2020-09-11T23:04:12.126329558Z  INFO  2020-09-11 23:04:12,125 [shard 0] features - Feature RANGE_TOMBSTONES is enabled
2020-09-11T23:04:12.126338986Z  INFO  2020-09-11 23:04:12,125 [shard 0] features - Feature ROLES is enabled
2020-09-11T23:04:12.126348277Z  INFO  2020-09-11 23:04:12,125 [shard 0] features - Feature ROW_LEVEL_REPAIR is enabled
2020-09-11T23:04:12.126357680Z  INFO  2020-09-11 23:04:12,125 [shard 0] features - Feature SCHEMA_TABLES_V3 is enabled
2020-09-11T23:04:12.126367172Z  INFO  2020-09-11 23:04:12,125 [shard 0] features - Feature STREAM_WITH_RPC_STREAM is enabled
2020-09-11T23:04:12.126376643Z  INFO  2020-09-11 23:04:12,125 [shard 0] features - Feature TRUNCATION_TABLE is enabled
2020-09-11T23:04:12.126386325Z  INFO  2020-09-11 23:04:12,125 [shard 0] system_keyspace - Got cluster agreement on truncation table feature. Removing legacy records.
2020-09-11T23:04:12.126397455Z  INFO  2020-09-11 23:04:12,125 [shard 0] features - Feature UNBOUNDED_RANGE_TOMBSTONES is enabled
2020-09-11T23:04:12.126407417Z  INFO  2020-09-11 23:04:12,125 [shard 0] features - Feature VIEW_VIRTUAL_COLUMNS is enabled
2020-09-11T23:04:12.126416834Z  INFO  2020-09-11 23:04:12,125 [shard 0] features - Feature WRITE_FAILURE_REPLY is enabled
2020-09-11T23:04:12.126444346Z  INFO  2020-09-11 23:04:12,125 [shard 0] features - Feature XXHASH is enabled
2020-09-11T23:04:12.126733317Z  INFO  2020-09-11 23:04:12,126 [shard 0] system_keyspace - Legacy records deleted.
2020-09-11T23:04:12.128445210Z  INFO  2020-09-11 23:04:12,127 [shard 0] init - starting system distributed keyspace
2020-09-11T23:04:12.131937840Z  INFO  2020-09-11 23:04:12,131 [shard 0] storage_service - Using saved tokens {943448605036726745, 9061580907506437136, 8957018461898327244, 8813999419995718088, 8775859223532977932, 873311388414975666, 8707696313600310498, 8675978575875245837, 855031166620283245, 8476533345381470087, 8413544620893079714, 8382283044476755854, 7804258889026263620, 778239093056833917, 7732629563319678675, 7564694057214588647, 747840302865059114, 7255484784972643852, 700944770677405149, 7009081579420542256, 7354219953741161264, 6974970471767945112, 6788034976878782500, 667581605220131528, 6496091893897576732, 6478032244021912394, 6420907855788431922, 8777890816944145805, 6381418245203458391, 6358173612251239308, 6302443190184390149, 6115776390551923703, 5906838239532612246, 5890706123786165213, 588034934972968299, 5848278814186320030, 5834675951458569055, 5796254206948921528, -6441145814158460549, 7172238068082229918, -6238625478980828395, -6199824488038647909, -572473923349256348, -5526097868254533829, -5508289632699420366, -6338043935148530859, 4738411181964629022, -5411685484465544274, 5103660925946342563, -5360532551957069796, -5246840897237646542, -8953406550820932827, -511676141100664160, -4872163430844150374, 5153854518462400651, -4829128129506020031, 6818717460470417221, -4735496583611878200, -7913213531410876291, -8612347190400988175, 3361838207769500988, -4770694758141334815, 3533570692245755170, -3014142033706378490, -6648258355715071793, 105268539462240253, 6448269612184381105, 3941245744356891698, -4925670906471950289, -6853270293933441203, -431455211546220291, -4106310081010891923, -4280461110562472301, -4231054370802445643, 4453520694484038438, -5140544052953576706, -7341700934491837716, -4177024142024341044, -2365586676906010085, -4368295386640868227, -6779834804380741154, 7103497347382660592, -471701403720839764, -2187125227394891465, -1593748153114868683, 8325613099551670589, -6017078328443447975, 408961909545308462, -3256341547923989103, 1911454556365012923, -2135119982021577211, -6104126434670973331, -1614584707908969492, -5285270377043925775, 194223785007163967, 3556932048290112968, 4378909036113166689, -2319706609635128471, 782580883702972777, -3880555618453256762, -2879534723161185431, 7469085752185829039, -8001902308657073600, -1522914538603683793, 784130423392421222, -3409621329811667263, -5136236598692180863, -2640475812391264528, 3907413558358164712, -2166731983266837511, -8529251962487546573, -5228242602708342126, -6263078841153087564, -1295419475388780424, 5311755414232655734, -4113405879925637368, 2104079815049743807, -105211415949921556, -1004253484774030395, -6093280019772326743, -1363472444035739717, 7772390126184307669, 3373616921334842984, -3428624778218969630, -4475005699924690030, -1207620414022812792, -4203952547861361192, -4895652206680369668, 5569071124009844993, -2800260328053956713, 1033733984444816800, -1761718599052329021, -6249520955674807415, -6810383749951706976, -2391018463907211455, -3729138346528579520, -3942245253345029362, -1032698423218536378, 2233495137371904435, -1970747149103226319, 2531294222158762011, 4445989245037378795, -2648919406212884980, 800062458669145892, -6586482614645135705, -8855822008500182327, -2076430708060394350, -6127879535600466936, 5017042126534426855, -6767019288334108993, -6985294397658573838, -2605645373691895986, 2542018259596577135, -2699231837109027988, -9132047842757487932, 9066588519930559993, -4601858807243735115, 1470306277250886071, 1688077838521597411, -2700796200994103492, -5656441245782528349, 3822141065635310082, -4415280594152455372, -1709100826419756065, -2732234699235264563, -3101294897153501639, 6933997554702494562, -4541237399207364623, 1251119865371637993, -3280527161887251879, -4007868363884276055, -4134923634748466107, -5595342098352848506, 533209426647054698, 285540986842976874, -4193553788022177878, -7111183380354176443, 7880345233810794046, -7190282066974323895, -7232953798633244985, -7512330892235471280, -889434854029329118, 9122882257136270100, 3909145942678699742, 2870638580126821409, -2685359252619347507, 4540975434217357056, 1912522665107890116, -1474028219808469861, -7767361191227918078, -8495384334141326469, -8024675672634848221, -8352632933072691056, -1084614158625469139, -8372022353883945178, -1171738939209168407, -8485257529464526975, -8549013321787275289, -7405825010257289618, -8694753427154041557, -9173155356561330710, -3164480873853500968, 1172299952227812636, 1535311813904826318, 156312151312654313, 2050968450175517454, 1018091569669202328, 1574734081023094222, 214428871588027420, -5095673126210616552, 2431756818088451524, -1208769590907790735, 3022913469242457337, 2609254198811139442, 5396954320704971060, 284028081363756156, -184157634332906914, 2879924223908633556, 3014475854062098037, 8280511155447462154, 3058186759042775792, 3100842289958262644, -769344519844763244, 3287699046743316011, 7743526815996532326, -7148146405116016542, 352278596429886466, 3606629961194077343, 3840184102447470012, -4623422606623793434, 3924960423780627192, 4660022660859336370, 5401470720317959250, 3979649323160207298, 4037379789709069307, 790424663468033093, 5150907166433009570, 4083460330442256183, 4262233236239091105, 4461207940793579131, 7222389702734437292, 4497639963855891379, 5935809959838255935, 525652295242460822, -9210810031089136649, 3145063885579200582, 5102381975608989830, 5104799485589097680, -467985751191813914, 5122450296475986719, 5256736089695841171, 5341717901052361821, 5441044328235651423, 5661405961885371428, -6303682351633097607, 5704999654143823990}
2020-09-11T23:04:12.160814615Z  INFO  2020-09-11 23:04:12,160 [shard 0] database - Schema version changed to e1b2d478-e5f2-30c4-b994-d93919918df3
2020-09-11T23:04:12.160847206Z  INFO  2020-09-11 23:04:12,160 [shard 0] database - Schema version changed to e1b2d478-e5f2-30c4-b994-d93919918df3
2020-09-11T23:04:12.161534297Z  INFO  2020-09-11 23:04:12,161 [shard 0] database - Schema version changed to 0e03d198-385b-3f36-8c34-c3f5846bbbac
2020-09-11T23:04:13.151858492Z  INFO  2020-09-11 23:04:13,151 [shard 1] compaction - Compacting [/var/lib/scylla/data/system/local-7ad54392bcdd35a684174e047860b377/mc-1245-big-Data.db:level=0, /var/lib/scylla/data/system/local-7ad54392bcdd35a684174e047860b377/mc-1241-big-Data.db:level=0, ]
2020-09-11T23:04:13.264769892Z  INFO  2020-09-11 23:04:13,264 [shard 0] storage_service - Node 10.0.7.6 state jump to normal
2020-09-11T23:04:13.264812058Z  INFO  2020-09-11 23:04:13,264 [shard 0] storage_service - Remove node 10.0.7.6 from pending replacing endpoint
2020-09-11T23:04:15.033301260Z  INFO  2020-09-11 23:04:15,032 [shard 0] storage_service - NORMAL: node is now in normal status
2020-09-11T23:04:15.033343895Z  INFO  2020-09-11 23:04:15,032 [shard 0] cdc - No generation seen during startup.
2020-09-11T23:04:15.034886939Z  INFO  2020-09-11 23:04:15,034 [shard 0] init - starting tracing
2020-09-11T23:04:15.035843028Z  INFO  2020-09-11 23:04:15,035 [shard 0] storage_service - SSTable data integrity checker is disabled.
2020-09-11T23:04:15.036794829Z  INFO  2020-09-11 23:04:15,036 [shard 0] init - starting batchlog manager
2020-09-11T23:04:15.037461091Z  INFO  2020-09-11 23:04:15,037 [shard 0] init - starting load meter
2020-09-11T23:04:15.037492198Z  INFO  2020-09-11 23:04:15,037 [shard 0] init - starting cf cache hit rate calculator
2020-09-11T23:04:15.038472416Z  INFO  2020-09-11 23:04:15,037 [shard 0] init - starting view update backlog broker
2020-09-11T23:04:15.039416966Z  INFO  2020-09-11 23:04:15,039 [shard 0] init - Waiting for gossip to settle before accepting client requests...
2020-09-11T23:04:15.098090603Z  INFO  2020-09-11 23:04:15,097 [shard 1] compaction - Compacted 2 sstables to [/var/lib/scylla/data/system/local-7ad54392bcdd35a684174e047860b377/mc-1253-big-Data.db:level=0, ]. 18352 bytes to 12073 (~65% of original) in 1811ms = 0.01MB/s. ~256 total partitions merged to 1.
2020-09-11T23:04:15.099401414Z  INFO  2020-09-11 23:04:15,098 [shard 1] compaction - Compacting [/var/lib/scylla/data/system/local-7ad54392bcdd35a684174e047860b377/mc-1249-big-Data.db:level=0, /var/lib/scylla/data/system/local-7ad54392bcdd35a684174e047860b377/mc-1253-big-Data.db:level=0, ]
2020-09-11T23:04:15.640493094Z  INFO  2020-09-11 23:04:15,639 [shard 1] compaction - Compacted 2 sstables to [/var/lib/scylla/data/system/local-7ad54392bcdd35a684174e047860b377/mc-1257-big-Data.db:level=0, ]. 18172 bytes to 12075 (~66% of original) in 415ms = 0.03MB/s. ~256 total partitions merged to 1.
2020-09-11T23:04:27.041352161Z  INFO  2020-09-11 23:04:27,039 [shard 0] gossip - No gossip backlog; proceeding
2020-09-11T23:04:27.042385676Z  INFO  2020-09-11 23:04:27,040 [shard 0] init - allow replaying hints
2020-09-11T23:04:27.042474463Z  INFO  2020-09-11 23:04:27,041 [shard 0] init - Launching generate_mv_updates for non system tables
2020-09-11T23:04:27.042500104Z  INFO  2020-09-11 23:04:27,041 [shard 0] init - starting the view builder
2020-09-11T23:04:27.460599872Z  INFO  2020-09-11 23:04:27,459 [shard 0] init - starting native transport
2020-09-11T23:04:27.461190864Z  INFO  2020-09-11 23:04:27,460 [shard 0] compaction - Compacting [/var/lib/scylla/data/system/truncated-38c19fd0fb863310a4b70d0cc66628aa/mc-560-big-Data.db:level=0, /var/lib/scylla/data/system/truncated-38c19fd0fb863310a4b70d0cc66628aa/mc-556-big-Data.db:level=0, ]
2020-09-11T23:04:27.463791767Z  INFO  2020-09-11 23:04:27,463 [shard 0] storage_service - Starting listening for CQL clients on 10.0.7.6:9042 (unencrypted)
2020-09-11T23:04:27.466723180Z  INFO  2020-09-11 23:04:27,465 [shard 0] storage_service - Thrift server listening on 10.0.7.6:9160 ...
2020-09-11T23:04:27.467226588Z  INFO  2020-09-11 23:04:27,466 [shard 0] init - serving
2020-09-11T23:04:27.467262690Z  INFO  2020-09-11 23:04:27,466 [shard 0] init - Scylla version 4.1.6-0.20200831.6d9ff622df initialization completed.
2020-09-11T23:04:27.922658556Z  INFO  2020-09-11 23:04:27,921 [shard 0] compaction - Compacted 2 sstables to [/var/lib/scylla/data/system/truncated-38c19fd0fb863310a4b70d0cc66628aa/mc-564-big-Data.db:level=0, ]. 82142 bytes to 76744 (~93% of original) in 326ms = 0.22MB/s. ~256 total partitions merged to 2.
2020-09-11T23:06:42.377010023Z  INFO  2020-09-11 23:06:42,376 [shard 2] compaction - Compacting [/var/lib/scylla/data/system/clients-ca0f635d863036098d93a1fc06f2a5e5/mc-6-big-Data.db:level=0, /var/lib/scylla/data/system/clients-ca0f635d863036098d93a1fc06f2a5e5/mc-10-big-Data.db:level=0, ]
2020-09-11T23:06:42.892486922Z  INFO  2020-09-11 23:06:42,891 [shard 2] compaction - Compacted 2 sstables to [/var/lib/scylla/data/system/clients-ca0f635d863036098d93a1fc06f2a5e5/mc-14-big-Data.db:level=0, ]. 102886 bytes to 5997 (~5% of original) in 413ms = 0.01MB/s. ~256 total partitions merged to 1.
2020-09-11T23:07:00.952040831Z  INFO  2020-09-11 23:07:00,951 [shard 2] compaction - Compacting [/var/lib/scylla/data/system/clients-ca0f635d863036098d93a1fc06f2a5e5/mc-14-big-Data.db:level=0, /var/lib/scylla/data/system/clients-ca0f635d863036098d93a1fc06f2a5e5/mc-18-big-Data.db:level=0, ]
2020-09-11T23:07:01.429955797Z  INFO  2020-09-11 23:07:01,429 [shard 2] compaction - Compacted 2 sstables to [/var/lib/scylla/data/system/clients-ca0f635d863036098d93a1fc06f2a5e5/mc-22-big-Data.db:level=0, ]. 57446 bytes to 6757 (~11% of original) in 355ms = 0.02MB/s. ~256 total partitions merged to 1.
