2020-09-11T22:38:00.884772465Z  running: (['/opt/scylladb/scripts/scylla_dev_mode_setup', '--developer-mode', '1'],)
2020-09-11T22:38:01.356043986Z  running: (['/opt/scylladb/scripts/scylla_io_setup'],)
2020-09-11T22:38:01.725753986Z  2020-09-11 22:38:01,725 CRIT Supervisor is running as root.  Privileges were not dropped because no user is specified in the config file.  If you intend to run as root, you can set user=root in the config file to avoid this message.
2020-09-11T22:38:01.725929355Z  2020-09-11 22:38:01,725 INFO Included extra file "/etc/supervisord.conf.d/node-exporter.conf" during parsing
2020-09-11T22:38:01.726012045Z  2020-09-11 22:38:01,725 INFO Included extra file "/etc/supervisord.conf.d/rsyslog.conf" during parsing
2020-09-11T22:38:01.726080536Z  2020-09-11 22:38:01,725 INFO Included extra file "/etc/supervisord.conf.d/scylla-housekeeping.conf" during parsing
2020-09-11T22:38:01.726114227Z  2020-09-11 22:38:01,725 INFO Included extra file "/etc/supervisord.conf.d/scylla-jmx.conf" during parsing
2020-09-11T22:38:01.726125289Z  2020-09-11 22:38:01,725 INFO Included extra file "/etc/supervisord.conf.d/scylla-server.conf" during parsing
2020-09-11T22:38:01.726138151Z  2020-09-11 22:38:01,725 INFO Included extra file "/etc/supervisord.conf.d/sshd-server.conf" during parsing
2020-09-11T22:38:01.759544016Z  2020-09-11 22:38:01,759 INFO RPC interface 'supervisor' initialized
2020-09-11T22:38:01.759682015Z  2020-09-11 22:38:01,759 CRIT Server 'inet_http_server' running without any HTTP authentication checking
2020-09-11T22:38:01.760007551Z  2020-09-11 22:38:01,759 INFO supervisord started with pid 26
2020-09-11T22:38:02.763468907Z  2020-09-11 22:38:02,762 INFO spawned: 'scylla' with pid 29
2020-09-11T22:38:02.766721302Z  2020-09-11 22:38:02,766 INFO spawned: 'scylla-housekeeping' with pid 30
2020-09-11T22:38:02.770896539Z  2020-09-11 22:38:02,770 INFO spawned: 'sshd' with pid 31
2020-09-11T22:38:02.776719585Z  2020-09-11 22:38:02,775 INFO spawned: 'scylla-jmx' with pid 32
2020-09-11T22:38:02.784056082Z  2020-09-11 22:38:02,783 INFO spawned: 'rsyslog' with pid 34
2020-09-11T22:38:02.788043159Z  2020-09-11 22:38:02,787 INFO spawned: 'node-exporter' with pid 36
2020-09-11T22:38:02.809861232Z  Generating public/private ed25519 key pair.
2020-09-11T22:38:02.809893551Z  Your identification has been saved in /etc/ssh/ssh_host_ed25519_key.
2020-09-11T22:38:02.809904135Z  Your public key has been saved in /etc/ssh/ssh_host_ed25519_key.pub.
2020-09-11T22:38:02.809913558Z  The key fingerprint is:
2020-09-11T22:38:02.809922548Z  SHA256:cCJdgHrBd5QsGMGSvVT0Gakrik7qgRSu5sMGRpMpQyM root@1b9f2bce559e
2020-09-11T22:38:02.809931515Z  The key's randomart image is:
2020-09-11T22:38:02.809940409Z  +--[ED25519 256]--+
2020-09-11T22:38:02.809949275Z  |   =oB+++o       |
2020-09-11T22:38:02.809958094Z  |Eoo O.oo=o       |
2020-09-11T22:38:02.809966670Z  |o.++.++++        |
2020-09-11T22:38:02.809975448Z  |+=o o..+         |
2020-09-11T22:38:02.809984102Z  |o+..   .S        |
2020-09-11T22:38:02.810005508Z  |=.  . .          |
2020-09-11T22:38:02.810015709Z  |*= . .           |
2020-09-11T22:38:02.810024652Z  |*+o              |
2020-09-11T22:38:02.810033783Z  |=+.              |
2020-09-11T22:38:02.810042882Z  +----[SHA256]-----+
2020-09-11T22:38:02.822616461Z  time="2020-09-11T22:38:02Z" level=info msg="Starting node_exporter (version=0.17.0, branch=HEAD, revision=f6f6194a436b9a63d0439abc585c76b19a206b21)" source="node_exporter.go:82"
2020-09-11T22:38:02.822652145Z  time="2020-09-11T22:38:02Z" level=info msg="Build context (go=go1.11.2, user=root@322511e06ced, date=20181130-15:51:33)" source="node_exporter.go:83"
2020-09-11T22:38:02.822663505Z  time="2020-09-11T22:38:02Z" level=info msg="Enabled collectors:" source="node_exporter.go:90"
2020-09-11T22:38:02.822673290Z  time="2020-09-11T22:38:02Z" level=info msg=" - arp" source="node_exporter.go:97"
2020-09-11T22:38:02.822683149Z  time="2020-09-11T22:38:02Z" level=info msg=" - bcache" source="node_exporter.go:97"
2020-09-11T22:38:02.822692887Z  time="2020-09-11T22:38:02Z" level=info msg=" - bonding" source="node_exporter.go:97"
2020-09-11T22:38:02.822702286Z  time="2020-09-11T22:38:02Z" level=info msg=" - conntrack" source="node_exporter.go:97"
2020-09-11T22:38:02.822711796Z  time="2020-09-11T22:38:02Z" level=info msg=" - cpu" source="node_exporter.go:97"
2020-09-11T22:38:02.822721159Z  time="2020-09-11T22:38:02Z" level=info msg=" - diskstats" source="node_exporter.go:97"
2020-09-11T22:38:02.822730576Z  time="2020-09-11T22:38:02Z" level=info msg=" - edac" source="node_exporter.go:97"
2020-09-11T22:38:02.822740006Z  time="2020-09-11T22:38:02Z" level=info msg=" - entropy" source="node_exporter.go:97"
2020-09-11T22:38:02.822749340Z  time="2020-09-11T22:38:02Z" level=info msg=" - filefd" source="node_exporter.go:97"
2020-09-11T22:38:02.822758848Z  time="2020-09-11T22:38:02Z" level=info msg=" - filesystem" source="node_exporter.go:97"
2020-09-11T22:38:02.822768224Z  time="2020-09-11T22:38:02Z" level=info msg=" - hwmon" source="node_exporter.go:97"
2020-09-11T22:38:02.822777601Z  time="2020-09-11T22:38:02Z" level=info msg=" - infiniband" source="node_exporter.go:97"
2020-09-11T22:38:02.822824216Z  time="2020-09-11T22:38:02Z" level=info msg=" - interrupts" source="node_exporter.go:97"
2020-09-11T22:38:02.822836582Z  time="2020-09-11T22:38:02Z" level=info msg=" - ipvs" source="node_exporter.go:97"
2020-09-11T22:38:02.822846319Z  time="2020-09-11T22:38:02Z" level=info msg=" - loadavg" source="node_exporter.go:97"
2020-09-11T22:38:02.822855867Z  time="2020-09-11T22:38:02Z" level=info msg=" - mdadm" source="node_exporter.go:97"
2020-09-11T22:38:02.822865326Z  time="2020-09-11T22:38:02Z" level=info msg=" - meminfo" source="node_exporter.go:97"
2020-09-11T22:38:02.822874759Z  time="2020-09-11T22:38:02Z" level=info msg=" - netclass" source="node_exporter.go:97"
2020-09-11T22:38:02.822884264Z  time="2020-09-11T22:38:02Z" level=info msg=" - netdev" source="node_exporter.go:97"
2020-09-11T22:38:02.822908258Z  time="2020-09-11T22:38:02Z" level=info msg=" - netstat" source="node_exporter.go:97"
2020-09-11T22:38:02.822919366Z  time="2020-09-11T22:38:02Z" level=info msg=" - nfs" source="node_exporter.go:97"
2020-09-11T22:38:02.822929090Z  time="2020-09-11T22:38:02Z" level=info msg=" - nfsd" source="node_exporter.go:97"
2020-09-11T22:38:02.822938729Z  time="2020-09-11T22:38:02Z" level=info msg=" - sockstat" source="node_exporter.go:97"
2020-09-11T22:38:02.822948381Z  time="2020-09-11T22:38:02Z" level=info msg=" - stat" source="node_exporter.go:97"
2020-09-11T22:38:02.822957904Z  time="2020-09-11T22:38:02Z" level=info msg=" - textfile" source="node_exporter.go:97"
2020-09-11T22:38:02.822967386Z  time="2020-09-11T22:38:02Z" level=info msg=" - time" source="node_exporter.go:97"
2020-09-11T22:38:02.822976847Z  time="2020-09-11T22:38:02Z" level=info msg=" - timex" source="node_exporter.go:97"
2020-09-11T22:38:02.822986458Z  time="2020-09-11T22:38:02Z" level=info msg=" - uname" source="node_exporter.go:97"
2020-09-11T22:38:02.822996139Z  time="2020-09-11T22:38:02Z" level=info msg=" - vmstat" source="node_exporter.go:97"
2020-09-11T22:38:02.823005806Z  time="2020-09-11T22:38:02Z" level=info msg=" - xfs" source="node_exporter.go:97"
2020-09-11T22:38:02.823015470Z  time="2020-09-11T22:38:02Z" level=info msg=" - zfs" source="node_exporter.go:97"
2020-09-11T22:38:02.823025099Z  time="2020-09-11T22:38:02Z" level=info msg="Listening on :9100" source="node_exporter.go:111"
2020-09-11T22:38:03.120967964Z  Scylla version 4.1.6-0.20200831.6d9ff622df with build-id c2ed04d00095c63b7456b5fcda6775c5a9f33b0b starting ...
2020-09-11T22:38:03.120999464Z  command used: "/usr/bin/scylla --log-to-syslog 0 --log-to-stdout 1 --default-log-level info --network-stack posix --developer-mode=1 --overprovisioned --listen-address 10.0.5.10 --rpc-address 10.0.5.10 --seed-provider-parameters seeds=10.0.5.10 --blocked-reactor-notify-ms 999999999"
2020-09-11T22:38:03.121011370Z  parsed command line options: [log-to-syslog: 0, log-to-stdout: 1, default-log-level: info, network-stack: posix, developer-mode: 1, overprovisioned, listen-address: 10.0.5.10, rpc-address: 10.0.5.10, seed-provider-parameters: seeds=10.0.5.10, blocked-reactor-notify-ms: 999999999]
2020-09-11T22:38:03.197367823Z  Generating public/private rsa key pair.
2020-09-11T22:38:03.197401197Z  Your identification has been saved in /etc/ssh/ssh_host_rsa_key.
2020-09-11T22:38:03.197412564Z  Your public key has been saved in /etc/ssh/ssh_host_rsa_key.pub.
2020-09-11T22:38:03.197423287Z  The key fingerprint is:
2020-09-11T22:38:03.197433146Z  SHA256:tAYs3OLvQMVoOqkk2nZdYC7GzTR0Fe4Xy+9mOVqjwr4 root@1b9f2bce559e
2020-09-11T22:38:03.197443432Z  The key's randomart image is:
2020-09-11T22:38:03.197453237Z  +---[RSA 4096]----+
2020-09-11T22:38:03.197462810Z  |      . ..o.     |
2020-09-11T22:38:03.197472586Z  |   . * . .       |
2020-09-11T22:38:03.197482352Z  |    * @ . . .    |
2020-09-11T22:38:03.197504180Z  |   * X = o . o   |
2020-09-11T22:38:03.197514977Z  |..+ * + S . +    |
2020-09-11T22:38:03.197524719Z  |+o + + o   . .   |
2020-09-11T22:38:03.197534491Z  |o o o o  .    +. |
2020-09-11T22:38:03.197544236Z  | . . o    o  +=. |
2020-09-11T22:38:03.197553971Z  |      .  .Eoo+.. |
2020-09-11T22:38:03.197563586Z  +----[SHA256]-----+
2020-09-11T22:38:03.212622389Z  Could not load host key: /etc/ssh/ssh_host_ecdsa_key
2020-09-11T22:38:03.441506651Z  Connecting to http://localhost:10000
2020-09-11T22:38:03.441575922Z  Starting the JMX server
2020-09-11T22:38:03.482472576Z  WARN  2020-09-11 22:38:03,470 [shard 0] seastar - Unable to set SCHED_FIFO scheduling policy for timer thread; latency impact possible. Try adding CAP_SYS_NICE
2020-09-11T22:38:03.594528977Z  INFO  2020-09-11 22:38:03,594 [shard 0] init - installing SIGHUP handler
2020-09-11T22:38:03.609547666Z  INFO  2020-09-11 22:38:03,609 [shard 0] init - Scylla version 4.1.6-0.20200831.6d9ff622df with build-id c2ed04d00095c63b7456b5fcda6775c5a9f33b0b starting ...
2020-09-11T22:38:03.609574662Z  
2020-09-11T22:38:03.613046521Z  INFO  2020-09-11 22:38:03,612 [shard 0] init - starting prometheus API server
2020-09-11T22:38:03.628736738Z  INFO  2020-09-11 22:38:03,628 [shard 0] init - starting tokens manager
2020-09-11T22:38:03.629046771Z  INFO  2020-09-11 22:38:03,628 [shard 0] init - starting migration manager notifier
2020-09-11T22:38:03.629618959Z  INFO  2020-09-11 22:38:03,629 [shard 0] init - creating tracing
2020-09-11T22:38:03.631161144Z  INFO  2020-09-11 22:38:03,630 [shard 0] init - creating snitch
2020-09-11T22:38:03.632767161Z  INFO  2020-09-11 22:38:03,632 [shard 0] init - determining DNS name
2020-09-11T22:38:03.633097080Z  INFO  2020-09-11 22:38:03,632 [shard 0] init - starting API server
2020-09-11T22:38:03.639619761Z  INFO  2020-09-11 22:38:03,639 [shard 0] init - Scylla API server listening on 127.0.0.1:10000 ...
2020-09-11T22:38:03.640974492Z  INFO  2020-09-11 22:38:03,640 [shard 0] init - initializing storage service
2020-09-11T22:38:03.641818507Z  INFO  2020-09-11 22:38:03,641 [shard 0] init - starting per-shard database core
2020-09-11T22:38:03.655351811Z  WARN  2020-09-11 22:38:03,654 [shard 0] init - I/O Scheduler is not properly configured! This is a non-supported setup, and performance is expected to be unpredictably bad.
2020-09-11T22:38:03.655383263Z   Reason found: none of --max-io-requests, --io-properties and --io-properties-file are set.
2020-09-11T22:38:03.655393854Z  To properly configure the I/O Scheduler, run the scylla_io_setup utility shipped with Scylla.
2020-09-11T22:38:03.655403059Z  
2020-09-11T22:38:03.656056501Z  INFO  2020-09-11 22:38:03,655 [shard 0] init - creating and verifying directories
2020-09-11T22:38:03.919924638Z  INFO  2020-09-11 22:38:03,919 [shard 0] database - Populating Keyspace system_schema
2020-09-11T22:38:03.919980748Z  INFO  2020-09-11 22:38:03,919 [shard 0] database - Keyspace system_schema: Reading CF computed_columns id=cc7c7069-3740-33c1-92a4-c3de78dbd2c4 version=2b8c4439-de76-31e0-807f-3b7290a975d7
2020-09-11T22:38:03.920009386Z  INFO  2020-09-11 22:38:03,919 [shard 0] database - Keyspace system_schema: Reading CF view_virtual_columns id=08843b63-45dc-3be2-9798-a0418295cfaa version=c777531c-15f7-326f-8ebe-39fd0265c8c9
2020-09-11T22:38:03.920020506Z  INFO  2020-09-11 22:38:03,919 [shard 0] database - Keyspace system_schema: Reading CF dropped_columns id=5e7583b5-f3f4-3af1-9a39-b7e1d6f5f11f version=7426bc6c-4c2f-3200-8ad8-4329610ed59a
2020-09-11T22:38:03.920030574Z  INFO  2020-09-11 22:38:03,919 [shard 0] database - Keyspace system_schema: Reading CF indexes id=0feb57ac-311f-382f-ba6d-9024d305702f version=99c40462-8687-304e-abe3-2bdbef1f25aa
2020-09-11T22:38:03.920040567Z  INFO  2020-09-11 22:38:03,919 [shard 0] database - Keyspace system_schema: Reading CF functions id=96489b79-80be-3e14-a701-66a0b9159450 version=329ed804-55b3-3eee-ad61-d85317b96097
2020-09-11T22:38:03.920254825Z  2020-09-11 22:38:03,919 INFO success: scylla entered RUNNING state, process has stayed up for > than 1 seconds (startsecs)
2020-09-11T22:38:03.920477830Z  2020-09-11 22:38:03,920 INFO success: scylla-housekeeping entered RUNNING state, process has stayed up for > than 1 seconds (startsecs)
2020-09-11T22:38:03.921133041Z  2020-09-11 22:38:03,920 INFO success: sshd entered RUNNING state, process has stayed up for > than 1 seconds (startsecs)
2020-09-11T22:38:03.921180739Z  2020-09-11 22:38:03,921 INFO success: scylla-jmx entered RUNNING state, process has stayed up for > than 1 seconds (startsecs)
2020-09-11T22:38:03.921412156Z  2020-09-11 22:38:03,921 INFO success: rsyslog entered RUNNING state, process has stayed up for > than 1 seconds (startsecs)
2020-09-11T22:38:03.921516390Z  2020-09-11 22:38:03,921 INFO success: node-exporter entered RUNNING state, process has stayed up for > than 1 seconds (startsecs)
2020-09-11T22:38:03.921940491Z  INFO  2020-09-11 22:38:03,919 [shard 0] database - Keyspace system_schema: Reading CF columns id=24101c25-a2ae-3af7-87c1-b40ee1aca33f version=d33236d4-9bdd-3c09-abf0-a0bc5edc2526
2020-09-11T22:38:03.921964947Z  INFO  2020-09-11 22:38:03,919 [shard 0] database - Keyspace system_schema: Reading CF scylla_tables id=5d912ff1-f759-3665-b2c8-8042ab5103dd version=38e5e56b-155d-39b5-a0d2-8e5dcad42a26
2020-09-11T22:38:03.921975862Z  INFO  2020-09-11 22:38:03,919 [shard 0] database - Keyspace system_schema: Reading CF tables id=afddfb9d-bc1e-3068-8056-eed6c302ba09 version=b6240810-eeb7-36d5-9411-43b2d68dddab
2020-09-11T22:38:03.921985555Z  INFO  2020-09-11 22:38:03,919 [shard 0] database - Keyspace system_schema: Reading CF keyspaces id=abac5682-dea6-31c5-b535-b3d6cffd0fb6 version=e79ca8ba-6556-3f7d-925a-7f20cf57938c
2020-09-11T22:38:03.921995159Z  INFO  2020-09-11 22:38:03,919 [shard 0] database - Keyspace system_schema: Reading CF triggers id=4df70b66-6b05-3251-95a1-32b54005fd48 version=582d7071-1ef0-37c8-adc6-471a13636139
2020-09-11T22:38:03.922004869Z  INFO  2020-09-11 22:38:03,919 [shard 0] database - Keyspace system_schema: Reading CF views id=9786ac1c-dd58-3201-a7cd-ad556410c985 version=5b58bb47-96e7-3f57-accf-0bfca4dbbc6e
2020-09-11T22:38:03.922014415Z  INFO  2020-09-11 22:38:03,919 [shard 0] database - Keyspace system_schema: Reading CF types id=5a8b1ca8-6602-3f77-a045-9273d308917a version=de51b2ce-5e4d-3b7d-a75f-2204332ce8d1
2020-09-11T22:38:03.922034806Z  INFO  2020-09-11 22:38:03,919 [shard 0] database - Keyspace system_schema: Reading CF aggregates id=924c5587-2e3a-345b-b10c-12f37c1ba895 version=4b53e92c-0368-3d5c-b959-2ec1bfd1a59f
2020-09-11T22:38:04.069850936Z  JMX is enabled to receive remote connections on port: 7199
2020-09-11T22:38:07.665369864Z  INFO  2020-09-11 22:38:07,664 [shard 0] database - Found temporary sstable directory: "/var/lib/scylla/data/system_schema/computed_columns-cc7c7069374033c192a4c3de78dbd2c4/0000000000000251.sstable", removing
2020-09-11T22:38:07.665397912Z  INFO  2020-09-11 22:38:07,664 [shard 0] database - Found temporary sstable directory: "/var/lib/scylla/data/system_schema/computed_columns-cc7c7069374033c192a4c3de78dbd2c4/0000000000000250.sstable", removing
2020-09-11T22:38:07.666412845Z  INFO  2020-09-11 22:38:07,665 [shard 0] database - Found temporary sstable directory: "/var/lib/scylla/data/system_schema/tables-afddfb9dbc1e30688056eed6c302ba09/0000000000000255.sstable", removing
2020-09-11T22:38:07.668160020Z  INFO  2020-09-11 22:38:07,667 [shard 0] database - Found temporary sstable directory: "/var/lib/scylla/data/system_schema/views-9786ac1cdd583201a7cdad556410c985/0000000000000194.sstable", removing
2020-09-11T22:38:07.668634543Z  INFO  2020-09-11 22:38:07,668 [shard 0] database - Found temporary sstable directory: "/var/lib/scylla/data/system_schema/views-9786ac1cdd583201a7cdad556410c985/0000000000000195.sstable", removing
2020-09-11T22:38:07.670100115Z  INFO  2020-09-11 22:38:07,669 [shard 0] database - Found temporary sstable directory: "/var/lib/scylla/data/system_schema/types-5a8b1ca866023f77a0459273d308917a/0000000000000195.sstable", removing
2020-09-11T22:38:07.672407756Z  INFO  2020-09-11 22:38:07,671 [shard 0] database - Found temporary sstable directory: "/var/lib/scylla/data/system_schema/aggregates-924c55872e3a345bb10c12f37c1ba895/0000000000000186.sstable", removing
2020-09-11T22:38:07.697482831Z  WARN  2020-09-11 22:38:07,697 [shard 0] sstable - Deleting components of sstable from system_schema.scylla_tables of generation 254 that has a temporary TOC
2020-09-11T22:38:07.741828193Z  WARN  2020-09-11 22:38:07,741 [shard 0] sstable - Deleting components of sstable from system_schema.computed_columns of generation 250 that has a temporary TOC
2020-09-11T22:38:07.741858732Z  WARN  2020-09-11 22:38:07,741 [shard 0] sstable - Deleting components of sstable from system_schema.tables of generation 255 that has a temporary TOC
2020-09-11T22:38:07.741885390Z  WARN  2020-09-11 22:38:07,741 [shard 0] sstable - Deleting components of sstable from system_schema.types of generation 195 that has a temporary TOC
2020-09-11T22:38:07.742272478Z  WARN  2020-09-11 22:38:07,741 [shard 0] sstable - Deleting components of sstable from system_schema.views of generation 195 that has a temporary TOC
2020-09-11T22:38:07.742296395Z  WARN  2020-09-11 22:38:07,741 [shard 0] sstable - Deleting components of sstable from system_schema.aggregates of generation 186 that has a temporary TOC
2020-09-11T22:38:08.300220825Z  WARN  2020-09-11 22:38:08,299 [shard 0] sstable - Deleting components of sstable from system_schema.views of generation 194 that has a temporary TOC
2020-09-11T22:38:08.300276809Z  WARN  2020-09-11 22:38:08,299 [shard 0] sstable - Deleting components of sstable from system_schema.computed_columns of generation 251 that has a temporary TOC
2020-09-11T22:38:08.401502729Z  Traceback (most recent call last):
2020-09-11T22:38:08.401554425Z    File "/opt/scylladb/scripts/libexec/scylla-housekeeping", line 208, in <module>
2020-09-11T22:38:08.401575536Z      args.func(args)
2020-09-11T22:38:08.401592870Z    File "/opt/scylladb/scripts/libexec/scylla-housekeeping", line 134, in check_version
2020-09-11T22:38:08.401611000Z      current_version = sanitize_version(get_api('/storage_service/scylla_release_version'))
2020-09-11T22:38:08.401628840Z    File "/opt/scylladb/scripts/libexec/scylla-housekeeping", line 93, in get_api
2020-09-11T22:38:08.401646736Z      return get_json_from_url("http://" + api_address + path)
2020-09-11T22:38:08.401664256Z    File "/opt/scylladb/scripts/libexec/scylla-housekeeping", line 88, in get_json_from_url
2020-09-11T22:38:08.401681923Z      raise RuntimeError(f'Failed to get "{path}" due to the following error: {retval}')
2020-09-11T22:38:08.401700023Z  RuntimeError: Failed to get "http://localhost:10000/storage_service/scylla_release_version" due to the following error: HTTP Error 404: Not Found
2020-09-11T22:38:08.873605939Z  INFO  2020-09-11 22:38:08,872 [shard 0] database - Populating Keyspace system
2020-09-11T22:38:08.873633749Z  INFO  2020-09-11 22:38:08,872 [shard 0] database - Keyspace system: Reading CF schema_aggregates id=a5fc57fc-9d6c-3bfd-a3fc-01ad54686fea version=d06c934f-9a69-374c-86f1-523ab26fb05c
2020-09-11T22:38:08.873667460Z  INFO  2020-09-11 22:38:08,872 [shard 0] database - Keyspace system: Reading CF schema_triggers id=0359bc71-7123-3ee1-9a4a-b9dfb11fc125 version=75e4ec4c-76da-3f59-984e-66810ba0c62b
2020-09-11T22:38:08.873823034Z  INFO  2020-09-11 22:38:08,872 [shard 0] database - Keyspace system: Reading CF compaction_history id=b4dbb7b4-dc49-3fb5-b3bf-ce6e434832ca version=25cae56a-8d75-39f3-a146-3756ab4981c7
2020-09-11T22:38:08.873836584Z  INFO  2020-09-11 22:38:08,872 [shard 0] database - Keyspace system: Reading CF compactions_in_progress id=55080ab0-5d9c-3886-90a4-acb25fe1f77b version=540263f1-40db-3869-8a38-3baadedc222d
2020-09-11T22:38:08.873905162Z  INFO  2020-09-11 22:38:08,873 [shard 0] database - Keyspace system: Reading CF range_xfers id=55d76438-4e55-3f8b-9f6e-676d4af3976d version=dd15a078-409b-350d-9bef-c5f3520832d8
2020-09-11T22:38:08.873919769Z  INFO  2020-09-11 22:38:08,873 [shard 0] database - Keyspace system: Reading CF scylla_views_builds_in_progress id=a04c7bfd-1e13-36c9-a44d-f22da352281d version=e3fb736c-6956-3990-a31d-9a482279e3fc
2020-09-11T22:38:08.873942269Z  INFO  2020-09-11 22:38:08,873 [shard 0] database - Keyspace system: Reading CF IndexInfo id=9f5c6374-d485-3229-9a0a-5094af9ad1e3 version=bbb3743b-351f-3023-b4fc-09a9be37d529
2020-09-11T22:38:08.873961129Z  INFO  2020-09-11 22:38:08,873 [shard 0] database - Keyspace system: Reading CF cdc_local id=0bcaffd4-0c83-3ead-ad13-dc1d5015b77c version=0aa4d3a2-ed95-3ecd-aba0-cd75622ad290
2020-09-11T22:38:08.874159443Z  INFO  2020-09-11 22:38:08,873 [shard 0] database - Keyspace system: Reading CF schema_columnfamilies id=45f5b360-24bc-3f83-a363-1034ea4fa697 version=7f7a5fea-07b7-304d-a6f8-f7aec72cabdb
2020-09-11T22:38:08.874172295Z  INFO  2020-09-11 22:38:08,873 [shard 0] database - Keyspace system: Reading CF batchlog id=0290003c-977e-397c-ac3e-fdfdc01d626b version=e2a2e804-49e4-3597-9f16-39fd9475835c
2020-09-11T22:38:08.874193757Z  INFO  2020-09-11 22:38:08,873 [shard 0] database - Keyspace system: Reading CF schema_functions id=d1b675fe-2b50-3ca4-8e49-c0f81989dcad version=a50959dd-2be0-3e4e-8bb5-cf40796e256a
2020-09-11T22:38:08.874235442Z  INFO  2020-09-11 22:38:08,873 [shard 0] database - Keyspace system: Reading CF peer_events id=59dfeaea-8db2-3341-91ef-109974d81484 version=7f874a05-72b8-3c21-9acb-baa164fc351a
2020-09-11T22:38:08.874246816Z  INFO  2020-09-11 22:38:08,873 [shard 0] database - Keyspace system: Reading CF local id=7ad54392-bcdd-35a6-8417-4e047860b377 version=7fa82c2e-5b67-37dd-8e5e-2079e18f1536
2020-09-11T22:38:08.874256330Z  INFO  2020-09-11 22:38:08,873 [shard 0] database - Keyspace system: Reading CF clients id=ca0f635d-8630-3609-8d93-a1fc06f2a5e5 version=51273ebf-e6f9-3cd5-b455-ea09ad29796f
2020-09-11T22:38:08.874265629Z  INFO  2020-09-11 22:38:08,873 [shard 0] database - Keyspace system: Reading CF size_estimates id=618f817b-005f-3678-b8a4-53f3930b8e86 version=6d4dbcff-f05b-3dc3-95ad-f79f7b10504d
2020-09-11T22:38:08.874277366Z  INFO  2020-09-11 22:38:08,873 [shard 0] database - Keyspace system: Reading CF large_partitions id=8a7fe624-96b0-34b1-b90e-f71bddcdd2d3 version=04fa9920-9369-3a96-be39-6dd9fdc816b6
2020-09-11T22:38:08.874287384Z  INFO  2020-09-11 22:38:08,873 [shard 0] database - Keyspace system: Reading CF schema_columns id=296e9c04-9bec-3085-827d-c17d3df2122a version=53cfbb66-ee0d-37be-97bb-b2afb3746f85
2020-09-11T22:38:08.874317736Z  INFO  2020-09-11 22:38:08,873 [shard 0] database - Keyspace system: Reading CF built_views id=4b3c50a9-ea87-3d76-9101-6dbc9c38494a version=a28aa0b3-6def-30a7-9fbe-ce78b3f3c9b9
2020-09-11T22:38:08.874329288Z  INFO  2020-09-11 22:38:08,873 [shard 0] database - Keyspace system: Reading CF peers id=37f71aca-7dc2-383b-a706-72528af04d4f version=f6f6871f-8c86-3eca-ac0b-2a2e848e395d
2020-09-11T22:38:08.874339084Z  INFO  2020-09-11 22:38:08,873 [shard 0] database - Keyspace system: Reading CF hints id=2666e205-73ef-38b3-90fe-fecf96e8f0c7 version=0b74fdd1-e96d-309e-a14e-a5bcd7ac885d
2020-09-11T22:38:08.874361049Z  INFO  2020-09-11 22:38:08,873 [shard 0] database - Keyspace system: Reading CF large_rows id=40550f66-0858-39a0-9430-f27fc08034e9 version=aee3acb0-7926-317b-848e-db7bc3721695
2020-09-11T22:38:08.874379277Z  INFO  2020-09-11 22:38:08,873 [shard 0] database - Keyspace system: Reading CF large_cells id=ead8bbc5-f146-3ae1-9f71-0b11f9a1d296 version=0d4a6937-a781-3f87-a192-b4e4a4a40acf
2020-09-11T22:38:08.874436024Z  INFO  2020-09-11 22:38:08,873 [shard 0] database - Keyspace system: Reading CF scylla_local id=2972ec7f-fb20-38dd-aac1-d876f2e3fcbd version=5f0b407d-eedf-3845-a48e-dbb9673d10e1
2020-09-11T22:38:08.874457820Z  INFO  2020-09-11 22:38:08,873 [shard 0] database - Keyspace system: Reading CF views_builds_in_progress id=b7f2c108-78cd-3c80-9cd5-d609b2bd149c version=b905cce5-1474-3085-819a-7592453e2fb9
2020-09-11T22:38:08.874476110Z  INFO  2020-09-11 22:38:08,873 [shard 0] database - Keyspace system: Reading CF schema_usertypes id=3aa75225-4f82-350b-8d5c-430fa221fa0a version=3c53e6bb-56d5-3618-a0b2-4ff5f18127d7
2020-09-11T22:38:08.874533624Z  INFO  2020-09-11 22:38:08,873 [shard 0] database - Keyspace system: Reading CF sstable_activity id=5a1ff267-ace0-3f12-8563-cfae6103c65e version=bdec57a3-b234-334b-be9c-7b1f33113995
2020-09-11T22:38:08.874568532Z  INFO  2020-09-11 22:38:08,873 [shard 0] database - Keyspace system: Reading CF truncated id=38c19fd0-fb86-3310-a4b7-0d0cc66628aa version=6da9a85c-7ae0-3917-aead-54a2f65a57a8
2020-09-11T22:38:08.874632716Z  INFO  2020-09-11 22:38:08,873 [shard 0] database - Keyspace system: Reading CF paxos id=b7b7f0c2-fd0a-3410-8c05-3ef614bb7c2d version=6dd372de-72fb-3e1b-9b8c-f97738a67fe9
2020-09-11T22:38:08.874657036Z  INFO  2020-09-11 22:38:08,873 [shard 0] database - Keyspace system: Reading CF schema_keyspaces id=b0f22357-4458-3cdb-9631-c43e59ce3676 version=84d28cef-59f9-34a9-9be5-31c684997f03
2020-09-11T22:38:21.077606297Z  INFO  2020-09-11 22:38:21,077 [shard 0] init - starting gossip
2020-09-11T22:38:21.077642056Z  WARN  2020-09-11 22:38:21,077 [shard 0] init - Using default cluster name is not recommended. Using a unique cluster name will reduce the chance of adding nodes to the wrong cluster by mistake
2020-09-11T22:38:21.078046912Z  INFO  2020-09-11 22:38:21,077 [shard 0] init - starting storage proxy
2020-09-11T22:38:21.088284239Z  INFO  2020-09-11 22:38:21,087 [shard 0] init - creating hints manager
2020-09-11T22:38:21.088666635Z  INFO  2020-09-11 22:38:21,088 [shard 2] init - creating hints manager
2020-09-11T22:38:21.089241269Z  INFO  2020-09-11 22:38:21,088 [shard 3] init - creating hints manager
2020-09-11T22:38:21.089932207Z  INFO  2020-09-11 22:38:21,089 [shard 1] init - creating hints manager
2020-09-11T22:38:21.090578578Z  INFO  2020-09-11 22:38:21,090 [shard 0] init - starting migration manager
2020-09-11T22:38:21.091065062Z  INFO  2020-09-11 22:38:21,090 [shard 0] init - starting query processor
2020-09-11T22:38:21.092666696Z  INFO  2020-09-11 22:38:21,092 [shard 0] init - initializing batchlog manager
2020-09-11T22:38:21.097621290Z  INFO  2020-09-11 22:38:21,097 [shard 0] legacy_schema_migrator - Moving 0 keyspaces from legacy schema tables to the new schema keyspace (system_schema)
2020-09-11T22:38:21.098251589Z  INFO  2020-09-11 22:38:21,097 [shard 0] legacy_schema_migrator - Dropping legacy schema tables
2020-09-11T22:38:32.584927262Z  INFO  2020-09-11 22:38:32,584 [shard 0] legacy_schema_migrator - Completed migration of legacy schema tables
2020-09-11T22:38:32.589111411Z  INFO  2020-09-11 22:38:32,588 [shard 0] init - loading system sstables
2020-09-11T22:38:47.098670571Z  INFO  2020-09-11 22:38:47,097 [shard 0] init - loading non-system sstables
2020-09-11T22:38:54.158076565Z  INFO  2020-09-11 22:38:54,157 [shard 0] database - Populating Keyspace dt
2020-09-11T22:38:54.158115693Z  INFO  2020-09-11 22:38:54,157 [shard 0] database - Keyspace dt: Reading CF source_element_idx_index id=68593f10-d77b-11ea-9877-000000000001 version=33e3f927-f730-3081-88e1-6bed2962e42a
2020-09-11T22:38:54.158127460Z  INFO  2020-09-11 22:38:54,157 [shard 0] database - Keyspace dt: Reading CF element_twin_idx_index id=630ae8b0-d77b-11ea-9877-000000000001 version=bc3026fd-bc4e-318d-b6f4-ca0b566cb74b
2020-09-11T22:38:54.158138311Z  INFO  2020-09-11 22:38:54,157 [shard 0] database - Keyspace dt: Reading CF source id=65ff2270-d77b-11ea-9877-000000000001 version=5f8471b7-7d19-31d4-9be5-0f153affb0bb
2020-09-11T22:38:54.158148533Z  INFO  2020-09-11 22:38:54,157 [shard 0] database - Keyspace dt: Reading CF source_data id=6af6cd50-d77b-11ea-9877-000000000001 version=b52400e3-b307-3141-b3fc-e5d63573f135
2020-09-11T22:38:54.158345611Z  INFO  2020-09-11 22:38:54,157 [shard 0] database - Keyspace dt: Reading CF element id=607549b0-d77b-11ea-9877-000000000001 version=f44a6c4b-69d8-37f2-b116-7260740acc6c
2020-09-11T22:38:54.158363646Z  INFO  2020-09-11 22:38:54,157 [shard 0] database - Keyspace dt: Reading CF twin id=5e00c740-d77b-11ea-9877-000000000001 version=6240633e-c8cc-3fea-a1e3-452eff1b9659
2020-09-11T22:38:54.158374070Z  INFO  2020-09-11 22:38:54,157 [shard 0] database - Keyspace dt: Reading CF user id=5c294820-d77b-11ea-9877-000000000001 version=02cce273-02f1-3e6a-8674-f1016e3f22d7
2020-09-11T22:38:54.158384030Z  INFO  2020-09-11 22:38:54,157 [shard 0] database - Populating Keyspace system_distributed
2020-09-11T22:38:54.158393533Z  INFO  2020-09-11 22:38:54,157 [shard 0] database - Keyspace system_distributed: Reading CF view_build_status id=5582b59f-8e4e-35e1-b913-3acada51eb04 version=e0b6e628-60e0-39a2-ada0-9b6c13bdd9bc
2020-09-11T22:38:54.158403660Z  INFO  2020-09-11 22:38:54,157 [shard 0] database - Keyspace system_distributed: Reading CF cdc_generations id=6a4df139-00b6-3d21-9efc-dade266dc3b7 version=2511b46b-df1d-39fa-9a77-f5cacf88af47
2020-09-11T22:38:54.158413651Z  INFO  2020-09-11 22:38:54,157 [shard 0] database - Keyspace system_distributed: Reading CF cdc_streams id=07405732-4620-34d6-a85e-947248dad9a4 version=b606cfa4-a37b-32bd-a624-e05cab2bed3c
2020-09-11T22:38:54.158423529Z  INFO  2020-09-11 22:38:54,157 [shard 0] database - Populating Keyspace system_auth
2020-09-11T22:38:54.158432899Z  INFO  2020-09-11 22:38:54,157 [shard 0] database - Keyspace system_auth: Reading CF roles id=5bc52802-de25-35ed-aeab-188eecebb090 version=d8f599da-7544-3f57-aa58-b229deea93e0
2020-09-11T22:38:54.158542873Z  INFO  2020-09-11 22:38:54,158 [shard 0] database - Keyspace system_auth: Reading CF role_members id=0ecdaa87-f8fb-3e60-88d1-74fb36fe5c0d version=2923b5bb-f2f8-36e8-9e73-19019900010c
2020-09-11T22:38:54.158753814Z  INFO  2020-09-11 22:38:54,158 [shard 0] database - Populating Keyspace system_traces
2020-09-11T22:38:54.158770818Z  INFO  2020-09-11 22:38:54,158 [shard 0] database - Keyspace system_traces: Reading CF sessions id=c5e99f16-8677-3914-b17e-960613512345 version=e0fc4b06-6cba-3b7b-bfb6-b42a77c370a9
2020-09-11T22:38:54.159082447Z  INFO  2020-09-11 22:38:54,158 [shard 0] database - Keyspace system_traces: Reading CF node_slow_log_time_idx id=f9706768-aa1e-3d87-9e5c-51a3927c2870 version=eaffc0bb-7b2c-3b64-8924-d8ba685120bc
2020-09-11T22:38:54.159121710Z  INFO  2020-09-11 22:38:54,158 [shard 0] database - Keyspace system_traces: Reading CF sessions_time_idx id=0ebf001c-c1d1-3693-9a63-c3d96ac53318 version=cd5d1e5f-1f42-3b9d-a8ba-3af39d59a7d5
2020-09-11T22:38:54.159133163Z  INFO  2020-09-11 22:38:54,158 [shard 0] database - Keyspace system_traces: Reading CF events id=8826e8e9-e16a-3728-8753-3bc1fc713c25 version=41a6b26e-a03b-3ae1-8a4a-b9446e7f9304
2020-09-11T22:38:54.159142826Z  INFO  2020-09-11 22:38:54,158 [shard 0] database - Keyspace system_traces: Reading CF node_slow_log id=bfcc4e62-5b63-3aa1-a1c3-6f5e47f3325c version=23e7a411-8414-340f-854d-20a3a637e438
2020-09-11T22:38:57.703759238Z  INFO  2020-09-11 22:38:57,703 [shard 0] init - starting view update generator
2020-09-11T22:38:57.704153565Z  INFO  2020-09-11 22:38:57,703 [shard 0] init - discovering staging sstables
2020-09-11T22:38:57.704970496Z  INFO  2020-09-11 22:38:57,704 [shard 0] init - setting up system keyspace
2020-09-11T22:38:57.726566316Z  INFO  2020-09-11 22:38:57,726 [shard 0] init - starting commit log
2020-09-11T22:38:57.726608790Z  INFO  2020-09-11 22:38:57,726 [shard 0] init - replaying commit log
2020-09-11T22:38:57.729963622Z  INFO  2020-09-11 22:38:57,729 [shard 0] commitlog_replayer - Replaying /var/lib/scylla/commitlog/CommitLog-1-54043195544955658.log, /var/lib/scylla/commitlog/CommitLog-1-18014398525991689.log, /var/lib/scylla/commitlog/CommitLog-1-18014398525991688.log, /var/lib/scylla/commitlog/CommitLog-1-16509705.log, /var/lib/scylla/commitlog/CommitLog-1-36028797035473673.log, /var/lib/scylla/commitlog/CommitLog-1-54043195544955657.log, /var/lib/scylla/commitlog/CommitLog-1-16509703.log, /var/lib/scylla/commitlog/CommitLog-1-54043195544955659.log, /var/lib/scylla/commitlog/CommitLog-1-36028797035473675.log, /var/lib/scylla/commitlog/CommitLog-1-16509704.log, /var/lib/scylla/commitlog/CommitLog-1-36028797035473674.log
2020-09-11T22:39:07.122260555Z  INFO  2020-09-11 22:39:07,121 [shard 0] commitlog_replayer - Log replay complete, 21325 replayed mutations (0 invalid, 0 skipped)
2020-09-11T22:39:07.122902859Z  INFO  2020-09-11 22:39:07,122 [shard 0] init - replaying commit log - flushing memtables
2020-09-11T22:39:25.599580023Z  INFO  2020-09-11 22:39:25,599 [shard 0] init - replaying commit log - removing old commitlog segments
2020-09-11T22:39:25.601663733Z  INFO  2020-09-11 22:39:25,601 [shard 0] compaction - Compacting [/var/lib/scylla/data/system/peers-37f71aca7dc2383ba70672528af04d4f/mc-4-big-Data.db:level=0, /var/lib/scylla/data/system/peers-37f71aca7dc2383ba70672528af04d4f/mc-12-big-Data.db:level=0, /var/lib/scylla/data/system/peers-37f71aca7dc2383ba70672528af04d4f/mc-8-big-Data.db:level=0, ]
2020-09-11T22:39:25.601990323Z  INFO  2020-09-11 22:39:25,601 [shard 0] compaction - Compacting [/var/lib/scylla/data/system/compaction_history-b4dbb7b4dc493fb5b3bfce6e434832ca/mc-280-big-Data.db:level=0, /var/lib/scylla/data/system/compaction_history-b4dbb7b4dc493fb5b3bfce6e434832ca/mc-284-big-Data.db:level=0, /var/lib/scylla/data/system/compaction_history-b4dbb7b4dc493fb5b3bfce6e434832ca/mc-276-big-Data.db:level=0, ]
2020-09-11T22:39:25.602324720Z  INFO  2020-09-11 22:39:25,601 [shard 1] compaction - Compacting [/var/lib/scylla/data/system/compaction_history-b4dbb7b4dc493fb5b3bfce6e434832ca/mc-293-big-Data.db:level=0, /var/lib/scylla/data/system/compaction_history-b4dbb7b4dc493fb5b3bfce6e434832ca/mc-297-big-Data.db:level=0, /var/lib/scylla/data/system/compaction_history-b4dbb7b4dc493fb5b3bfce6e434832ca/mc-289-big-Data.db:level=0, ]
2020-09-11T22:39:25.602345782Z  INFO  2020-09-11 22:39:25,602 [shard 0] compaction - Compacting [/var/lib/scylla/data/system/truncated-38c19fd0fb863310a4b70d0cc66628aa/mc-512-big-Data.db:level=0, /var/lib/scylla/data/system/truncated-38c19fd0fb863310a4b70d0cc66628aa/mc-516-big-Data.db:level=0, /var/lib/scylla/data/system/truncated-38c19fd0fb863310a4b70d0cc66628aa/mc-508-big-Data.db:level=0, ]
2020-09-11T22:39:25.602658066Z  INFO  2020-09-11 22:39:25,602 [shard 1] compaction - Compacting [/var/lib/scylla/data/dt/element-607549b0d77b11ea9877000000000001/mc-9-big-Data.db:level=0, ]
2020-09-11T22:39:25.602678589Z  INFO  2020-09-11 22:39:25,602 [shard 1] compaction - Compacting [/var/lib/scylla/data/system/local-7ad54392bcdd35a684174e047860b377/mc-1145-big-Data.db:level=0, /var/lib/scylla/data/system/local-7ad54392bcdd35a684174e047860b377/mc-1149-big-Data.db:level=0, /var/lib/scylla/data/system/local-7ad54392bcdd35a684174e047860b377/mc-1153-big-Data.db:level=0, /var/lib/scylla/data/system/local-7ad54392bcdd35a684174e047860b377/mc-1141-big-Data.db:level=0, ]
2020-09-11T22:39:25.603248146Z  INFO  2020-09-11 22:39:25,602 [shard 2] compaction - Compacting [/var/lib/scylla/data/system_schema/dropped_columns-5e7583b5f3f43af19a39b7e1d6f5f11f/mc-278-big-Data.db:level=0, /var/lib/scylla/data/system_schema/dropped_columns-5e7583b5f3f43af19a39b7e1d6f5f11f/mc-274-big-Data.db:level=0, /var/lib/scylla/data/system_schema/dropped_columns-5e7583b5f3f43af19a39b7e1d6f5f11f/mc-270-big-Data.db:level=0, ]
2020-09-11T22:39:25.603826552Z  INFO  2020-09-11 22:39:25,603 [shard 3] compaction - Compacting [/var/lib/scylla/data/system_schema/dropped_columns-5e7583b5f3f43af19a39b7e1d6f5f11f/mc-275-big-Data.db:level=0, /var/lib/scylla/data/system_schema/dropped_columns-5e7583b5f3f43af19a39b7e1d6f5f11f/mc-271-big-Data.db:level=0, /var/lib/scylla/data/system_schema/dropped_columns-5e7583b5f3f43af19a39b7e1d6f5f11f/mc-279-big-Data.db:level=0, ]
2020-09-11T22:39:25.604310518Z  INFO  2020-09-11 22:39:25,604 [shard 3] compaction - Compacting [/var/lib/scylla/data/system/clients-ca0f635d863036098d93a1fc06f2a5e5/mc-63-big-Data.db:level=0, /var/lib/scylla/data/system/clients-ca0f635d863036098d93a1fc06f2a5e5/mc-95-big-Data.db:level=0, /var/lib/scylla/data/system/clients-ca0f635d863036098d93a1fc06f2a5e5/mc-119-big-Data.db:level=0, /var/lib/scylla/data/system/clients-ca0f635d863036098d93a1fc06f2a5e5/mc-91-big-Data.db:level=0, /var/lib/scylla/data/system/clients-ca0f635d863036098d93a1fc06f2a5e5/mc-111-big-Data.db:level=0, /var/lib/scylla/data/system/clients-ca0f635d863036098d93a1fc06f2a5e5/mc-127-big-Data.db:level=0, /var/lib/scylla/data/system/clients-ca0f635d863036098d93a1fc06f2a5e5/mc-87-big-Data.db:level=0, /var/lib/scylla/data/system/clients-ca0f635d863036098d93a1fc06f2a5e5/mc-103-big-Data.db:level=0, /var/lib/scylla/data/system/clients-ca0f635d863036098d93a1fc06f2a5e5/mc-79-big-Data.db:level=0, /var/lib/scylla/data/system/clients-ca0f635d863036098d93a1fc06f2a5e5/mc-83-big-Data.db:level=0, /var/lib/scylla/data/system/clients-ca0f635d863036098d93a1fc06f2a5e5/mc-115-big-Data.db:level=0, /var/lib/scylla/data/system/clients-ca0f635d863036098d93a1fc06f2a5e5/mc-67-big-Data.db:level=0, /var/lib/scylla/data/system/clients-ca0f635d863036098d93a1fc06f2a5e5/mc-71-big-Data.db:level=0, /var/lib/scylla/data/system/clients-ca0f635d863036098d93a1fc06f2a5e5/mc-107-big-Data.db:level=0, /var/lib/scylla/data/system/clients-ca0f635d863036098d93a1fc06f2a5e5/mc-123-big-Data.db:level=0, /var/lib/scylla/data/system/clients-ca0f635d863036098d93a1fc06f2a5e5/mc-99-big-Data.db:level=0, /var/lib/scylla/data/system/clients-ca0f635d863036098d93a1fc06f2a5e5/mc-75-big-Data.db:level=0, ]
2020-09-11T22:39:25.604672963Z  INFO  2020-09-11 22:39:25,604 [shard 2] compaction - Compacting [/var/lib/scylla/data/system/compaction_history-b4dbb7b4dc493fb5b3bfce6e434832ca/mc-298-big-Data.db:level=0, /var/lib/scylla/data/system/compaction_history-b4dbb7b4dc493fb5b3bfce6e434832ca/mc-294-big-Data.db:level=0, /var/lib/scylla/data/system/compaction_history-b4dbb7b4dc493fb5b3bfce6e434832ca/mc-290-big-Data.db:level=0, ]
2020-09-11T22:39:25.605056914Z  INFO  2020-09-11 22:39:25,604 [shard 3] compaction - Compacting [/var/lib/scylla/data/system_schema/functions-96489b7980be3e14a70166a0b9159450/mc-215-big-Data.db:level=0, /var/lib/scylla/data/system_schema/functions-96489b7980be3e14a70166a0b9159450/mc-207-big-Data.db:level=0, /var/lib/scylla/data/system_schema/functions-96489b7980be3e14a70166a0b9159450/mc-211-big-Data.db:level=0, ]
2020-09-11T22:39:25.605586606Z  INFO  2020-09-11 22:39:25,605 [shard 3] compaction - Compacting [/var/lib/scylla/data/system_schema/indexes-0feb57ac311f382fba6d9024d305702f/mc-267-big-Data.db:level=0, /var/lib/scylla/data/system_schema/indexes-0feb57ac311f382fba6d9024d305702f/mc-263-big-Data.db:level=0, /var/lib/scylla/data/system_schema/indexes-0feb57ac311f382fba6d9024d305702f/mc-259-big-Data.db:level=0, ]
2020-09-11T22:39:25.605976341Z  INFO  2020-09-11 22:39:25,605 [shard 2] compaction - Compacting [/var/lib/scylla/data/system_schema/keyspaces-abac5682dea631c5b535b3d6cffd0fb6/mc-278-big-Data.db:level=0, /var/lib/scylla/data/system_schema/keyspaces-abac5682dea631c5b535b3d6cffd0fb6/mc-282-big-Data.db:level=0, /var/lib/scylla/data/system_schema/keyspaces-abac5682dea631c5b535b3d6cffd0fb6/mc-274-big-Data.db:level=0, ]
2020-09-11T22:39:25.606464710Z  INFO  2020-09-11 22:39:25,605 [shard 3] compaction - Compacting [/var/lib/scylla/data/dt/source_data-6af6cd50d77b11ea9877000000000001/mc-219-big-Data.db:level=0, /var/lib/scylla/data/dt/source_data-6af6cd50d77b11ea9877000000000001/mc-215-big-Data.db:level=0, /var/lib/scylla/data/dt/source_data-6af6cd50d77b11ea9877000000000001/mc-211-big-Data.db:level=0, ]
2020-09-11T22:39:25.606762732Z  INFO  2020-09-11 22:39:25,606 [shard 3] compaction - Compacting [/var/lib/scylla/data/system_schema/scylla_tables-5d912ff1f7593665b2c88042ab5103dd/mc-251-big-Data.db:level=0, /var/lib/scylla/data/system_schema/scylla_tables-5d912ff1f7593665b2c88042ab5103dd/mc-255-big-Data.db:level=0, ]
2020-09-11T22:39:25.607332631Z  INFO  2020-09-11 22:39:25,606 [shard 2] compaction - Compacting [/var/lib/scylla/data/system_schema/scylla_tables-5d912ff1f7593665b2c88042ab5103dd/mc-250-big-Data.db:level=0, /var/lib/scylla/data/system_schema/scylla_tables-5d912ff1f7593665b2c88042ab5103dd/mc-254-big-Data.db:level=0, ]
2020-09-11T22:39:25.607675806Z  INFO  2020-09-11 22:39:25,607 [shard 3] compaction - Compacting [/var/lib/scylla/data/system/compaction_history-b4dbb7b4dc493fb5b3bfce6e434832ca/mc-299-big-Data.db:level=0, /var/lib/scylla/data/system/compaction_history-b4dbb7b4dc493fb5b3bfce6e434832ca/mc-295-big-Data.db:level=0, /var/lib/scylla/data/system/compaction_history-b4dbb7b4dc493fb5b3bfce6e434832ca/mc-291-big-Data.db:level=0, ]
2020-09-11T22:39:25.608655986Z  INFO  2020-09-11 22:39:25,607 [shard 2] compaction - Compacting [/var/lib/scylla/data/system_schema/views-9786ac1cdd583201a7cdad556410c985/mc-194-big-Data.db:level=0, /var/lib/scylla/data/system_schema/views-9786ac1cdd583201a7cdad556410c985/mc-190-big-Data.db:level=0, ]
2020-09-11T22:39:25.610545591Z  INFO  2020-09-11 22:39:25,610 [shard 0] init - initializing migration manager RPC verbs
2020-09-11T22:39:25.611546518Z  INFO  2020-09-11 22:39:25,611 [shard 0] init - initializing storage proxy RPC verbs
2020-09-11T22:39:25.612381262Z  INFO  2020-09-11 22:39:25,612 [shard 0] init - starting streaming service
2020-09-11T22:39:25.615560115Z  INFO  2020-09-11 22:39:25,615 [shard 0] init - starting hinted handoff manager
2020-09-11T22:39:27.183882506Z  INFO  2020-09-11 22:39:27,183 [shard 0] compaction - Compacted 3 sstables to []. 16431 bytes to 0 (~0% of original) in 0ms = 0.00MB/s. ~384 total partitions merged to 0.
2020-09-11T22:39:27.438139898Z  INFO  2020-09-11 22:39:27,437 [shard 0] init - starting messaging service
2020-09-11T22:39:27.438540768Z  INFO  2020-09-11 22:39:27,438 [shard 0] repair - Setting max_repair_memory=168820736, max_repair_memory_per_range=33554432, max_repair_ranges_in_parallel=5
2020-09-11T22:39:27.438988671Z  INFO  2020-09-11 22:39:27,438 [shard 0] init - starting storage service
2020-09-11T22:39:27.440276267Z  INFO  2020-09-11 22:39:27,439 [shard 0] storage_service - Loading persisted ring state
2020-09-11T22:39:27.444734910Z  INFO  2020-09-11 22:39:27,444 [shard 0] storage_service - loaded_peer_features: peer_features size=0
2020-09-11T22:39:27.444760652Z  INFO  2020-09-11 22:39:27,444 [shard 0] storage_service - Checking remote features skipped, since this node is a new seed node which knows nothing about the cluster
2020-09-11T22:39:27.446471120Z  INFO  2020-09-11 22:39:27,446 [shard 0] storage_service - Restarting a node in NORMAL status
2020-09-11T22:39:27.477094477Z  INFO  2020-09-11 22:39:27,476 [shard 0] database - Schema version changed to 3f00f995-6495-3765-8599-4e76a2f4c6b2
2020-09-11T22:39:27.477517897Z  INFO  2020-09-11 22:39:27,476 [shard 0] storage_service - Starting up server gossip
2020-09-11T22:39:27.793083582Z  INFO  2020-09-11 22:39:27,792 [shard 2] compaction - Compacting [/var/lib/scylla/data/system_schema/view_virtual_columns-08843b6345dc3be29798a0418295cfaa/mc-222-big-Data.db:level=0, /var/lib/scylla/data/system_schema/view_virtual_columns-08843b6345dc3be29798a0418295cfaa/mc-218-big-Data.db:level=0, /var/lib/scylla/data/system_schema/view_virtual_columns-08843b6345dc3be29798a0418295cfaa/mc-214-big-Data.db:level=0, ]
2020-09-11T22:39:27.793651509Z  INFO  2020-09-11 22:39:27,793 [shard 2] compaction - Compacting [/var/lib/scylla/data/system_schema/aggregates-924c55872e3a345bb10c12f37c1ba895/mc-186-big-Data.db:level=0, /var/lib/scylla/data/system_schema/aggregates-924c55872e3a345bb10c12f37c1ba895/mc-182-big-Data.db:level=0, ]
2020-09-11T22:39:27.794174729Z  INFO  2020-09-11 22:39:27,793 [shard 2] compaction - Compacting [/var/lib/scylla/data/system/truncated-38c19fd0fb863310a4b70d0cc66628aa/mc-486-big-Data.db:level=0, /var/lib/scylla/data/system/truncated-38c19fd0fb863310a4b70d0cc66628aa/mc-482-big-Data.db:level=0, /var/lib/scylla/data/system/truncated-38c19fd0fb863310a4b70d0cc66628aa/mc-478-big-Data.db:level=0, ]
2020-09-11T22:39:27.794673267Z  INFO  2020-09-11 22:39:27,793 [shard 2] compaction - Compacting [/var/lib/scylla/data/system_schema/columns-24101c25a2ae3af787c1b40ee1aca33f/mc-278-big-Data.db:level=0, /var/lib/scylla/data/system_schema/columns-24101c25a2ae3af787c1b40ee1aca33f/mc-282-big-Data.db:level=0, /var/lib/scylla/data/system_schema/columns-24101c25a2ae3af787c1b40ee1aca33f/mc-274-big-Data.db:level=0, ]
2020-09-11T22:39:28.041928266Z  INFO  2020-09-11 22:39:28,041 [shard 3] compaction - Compacted 17 sstables to []. 271679 bytes to 0 (~0% of original) in 28ms = 0.00MB/s. ~2176 total partitions merged to 0.
2020-09-11T22:39:28.635201640Z  INFO  2020-09-11 22:39:28,634 [shard 0] compaction - Compacted 3 sstables to [/var/lib/scylla/data/system/truncated-38c19fd0fb863310a4b70d0cc66628aa/mc-520-big-Data.db:level=0, ]. 158419 bytes to 76911 (~48% of original) in 2351ms = 0.03MB/s. ~384 total partitions merged to 2.
2020-09-11T22:39:28.635251562Z  INFO  2020-09-11 22:39:28,634 [shard 0] compaction - Compacted 3 sstables to [/var/lib/scylla/data/system/compaction_history-b4dbb7b4dc493fb5b3bfce6e434832ca/mc-288-big-Data.db:level=0, ]. 163055 bytes to 110546 (~67% of original) in 2352ms = 0.04MB/s. ~512 total partitions merged to 185.
2020-09-11T22:39:28.860766588Z  INFO  2020-09-11 22:39:28,860 [shard 1] compaction - Compacted 4 sstables to [/var/lib/scylla/data/system/local-7ad54392bcdd35a684174e047860b377/mc-1157-big-Data.db:level=0, ]. 31129 bytes to 12605 (~40% of original) in 2189ms = 0.01MB/s. ~512 total partitions merged to 1.
2020-09-11T22:39:28.860815705Z  INFO  2020-09-11 22:39:28,860 [shard 1] compaction - Compacted 3 sstables to [/var/lib/scylla/data/system/compaction_history-b4dbb7b4dc493fb5b3bfce6e434832ca/mc-301-big-Data.db:level=0, ]. 278498 bytes to 108957 (~39% of original) in 2256ms = 0.05MB/s. ~512 total partitions merged to 163.
2020-09-11T22:39:28.861503867Z  INFO  2020-09-11 22:39:28,861 [shard 1] compaction - Compacted 1 sstables to [/var/lib/scylla/data/dt/element-607549b0d77b11ea9877000000000001/mc-13-big-Data.db:level=0, ]. 12759 bytes to 12809 (~100% of original) in 2255ms = 0.01MB/s. ~128 total partitions merged to 2.
2020-09-11T22:39:29.146598309Z  INFO  2020-09-11 22:39:29,146 [shard 3] compaction - Compacting [/var/lib/scylla/data/system_schema/view_virtual_columns-08843b6345dc3be29798a0418295cfaa/mc-219-big-Data.db:level=0, /var/lib/scylla/data/system_schema/view_virtual_columns-08843b6345dc3be29798a0418295cfaa/mc-223-big-Data.db:level=0, /var/lib/scylla/data/system_schema/view_virtual_columns-08843b6345dc3be29798a0418295cfaa/mc-215-big-Data.db:level=0, ]
2020-09-11T22:39:29.147019110Z  INFO  2020-09-11 22:39:29,146 [shard 3] compaction - Compacting [/var/lib/scylla/data/system_schema/triggers-4df70b666b05325195a132b54005fd48/mc-215-big-Data.db:level=0, /var/lib/scylla/data/system_schema/triggers-4df70b666b05325195a132b54005fd48/mc-207-big-Data.db:level=0, /var/lib/scylla/data/system_schema/triggers-4df70b666b05325195a132b54005fd48/mc-211-big-Data.db:level=0, ]
2020-09-11T22:39:29.149023446Z  INFO  2020-09-11 22:39:29,147 [shard 3] compaction - Compacting [/var/lib/scylla/data/system_schema/computed_columns-cc7c7069374033c192a4c3de78dbd2c4/mc-251-big-Data.db:level=0, /var/lib/scylla/data/system_schema/computed_columns-cc7c7069374033c192a4c3de78dbd2c4/mc-247-big-Data.db:level=0, ]
2020-09-11T22:39:29.149649484Z  INFO  2020-09-11 22:39:29,149 [shard 3] compaction - Compacting [/var/lib/scylla/data/system_schema/columns-24101c25a2ae3af787c1b40ee1aca33f/mc-279-big-Data.db:level=0, /var/lib/scylla/data/system_schema/columns-24101c25a2ae3af787c1b40ee1aca33f/mc-283-big-Data.db:level=0, /var/lib/scylla/data/system_schema/columns-24101c25a2ae3af787c1b40ee1aca33f/mc-275-big-Data.db:level=0, ]
2020-09-11T22:39:29.240504979Z  INFO  2020-09-11 22:39:29,239 [shard 2] compaction - Compacted 3 sstables to [/var/lib/scylla/data/system_schema/dropped_columns-5e7583b5f3f43af19a39b7e1d6f5f11f/mc-282-big-Data.db:level=0, ]. 15984 bytes to 5643 (~35% of original) in 2189ms = 0.00MB/s. ~384 total partitions merged to 1.
2020-09-11T22:39:29.310923774Z  INFO  2020-09-11 22:39:29,309 [shard 1] compaction - Compacting [/var/lib/scylla/data/system/local-7ad54392bcdd35a684174e047860b377/mc-1161-big-Data.db:level=0, /var/lib/scylla/data/system/local-7ad54392bcdd35a684174e047860b377/mc-1157-big-Data.db:level=0, ]
2020-09-11T22:39:29.311305869Z  INFO  2020-09-11 22:39:29,310 [shard 0] messaging_service - Starting Messaging Service on port 7000
2020-09-11T22:39:29.357551780Z  INFO  2020-09-11 22:39:29,356 [shard 2] compaction - Compacted 2 sstables to [/var/lib/scylla/data/system_schema/scylla_tables-5d912ff1f7593665b2c88042ab5103dd/mc-258-big-Data.db:level=0, ]. 11945 bytes to 6130 (~51% of original) in 2185ms = 0.00MB/s. ~256 total partitions merged to 1.
2020-09-11T22:39:29.357600110Z  INFO  2020-09-11 22:39:29,357 [shard 2] compaction - Compacted 2 sstables to [/var/lib/scylla/data/system_schema/views-9786ac1cdd583201a7cdad556410c985/mc-198-big-Data.db:level=0, ]. 13699 bytes to 7006 (~51% of original) in 2185ms = 0.00MB/s. ~256 total partitions merged to 1.
2020-09-11T22:39:29.357889097Z  INFO  2020-09-11 22:39:29,357 [shard 2] compaction - Compacted 3 sstables to [/var/lib/scylla/data/system/compaction_history-b4dbb7b4dc493fb5b3bfce6e434832ca/mc-302-big-Data.db:level=0, ]. 206241 bytes to 112940 (~54% of original) in 2189ms = 0.05MB/s. ~512 total partitions merged to 206.
2020-09-11T22:39:29.357946591Z  INFO  2020-09-11 22:39:29,357 [shard 2] compaction - Compacted 3 sstables to [/var/lib/scylla/data/system_schema/keyspaces-abac5682dea631c5b535b3d6cffd0fb6/mc-286-big-Data.db:level=0, ]. 67316 bytes to 56726 (~84% of original) in 2186ms = 0.02MB/s. ~384 total partitions merged to 2.
2020-09-11T22:39:30.548535041Z  INFO  2020-09-11 22:39:30,547 [shard 1] compaction - Compacted 2 sstables to [/var/lib/scylla/data/system/local-7ad54392bcdd35a684174e047860b377/mc-1165-big-Data.db:level=0, ]. 18697 bytes to 12285 (~65% of original) in 997ms = 0.01MB/s. ~256 total partitions merged to 1.
2020-09-11T22:39:30.611542351Z  INFO  2020-09-11 22:39:30,610 [shard 2] compaction - Compacting [/var/lib/scylla/data/system_schema/functions-96489b7980be3e14a70166a0b9159450/mc-206-big-Data.db:level=0, /var/lib/scylla/data/system_schema/functions-96489b7980be3e14a70166a0b9159450/mc-210-big-Data.db:level=0, /var/lib/scylla/data/system_schema/functions-96489b7980be3e14a70166a0b9159450/mc-202-big-Data.db:level=0, ]
2020-09-11T22:39:30.612513582Z  INFO  2020-09-11 22:39:30,611 [shard 2] compaction - Compacting [/var/lib/scylla/data/system_schema/computed_columns-cc7c7069374033c192a4c3de78dbd2c4/mc-250-big-Data.db:level=0, /var/lib/scylla/data/system_schema/computed_columns-cc7c7069374033c192a4c3de78dbd2c4/mc-246-big-Data.db:level=0, ]
2020-09-11T22:39:30.614122347Z  INFO  2020-09-11 22:39:30,613 [shard 2] compaction - Compacting [/var/lib/scylla/data/system_schema/tables-afddfb9dbc1e30688056eed6c302ba09/mc-254-big-Data.db:level=0, /var/lib/scylla/data/system_schema/tables-afddfb9dbc1e30688056eed6c302ba09/mc-258-big-Data.db:level=0, /var/lib/scylla/data/system_schema/tables-afddfb9dbc1e30688056eed6c302ba09/mc-250-big-Data.db:level=0, ]
2020-09-11T22:39:31.083216273Z  INFO  2020-09-11 22:39:31,082 [shard 3] compaction - Compacted 3 sstables to [/var/lib/scylla/data/system_schema/dropped_columns-5e7583b5f3f43af19a39b7e1d6f5f11f/mc-283-big-Data.db:level=0, ]. 16421 bytes to 5791 (~35% of original) in 3543ms = 0.00MB/s. ~384 total partitions merged to 1.
2020-09-11T22:39:31.128704241Z  INFO  2020-09-11 22:39:31,128 [shard 3] compaction - Compacted 3 sstables to [/var/lib/scylla/data/system_schema/functions-96489b7980be3e14a70166a0b9159450/mc-219-big-Data.db:level=0, ]. 16891 bytes to 5945 (~35% of original) in 3542ms = 0.00MB/s. ~384 total partitions merged to 1.
2020-09-11T22:39:31.128733050Z  INFO  2020-09-11 22:39:31,128 [shard 3] compaction - Compacted 2 sstables to [/var/lib/scylla/data/system_schema/scylla_tables-5d912ff1f7593665b2c88042ab5103dd/mc-259-big-Data.db:level=0, ]. 12577 bytes to 6443 (~51% of original) in 3541ms = 0.00MB/s. ~256 total partitions merged to 1.
2020-09-11T22:39:31.129671372Z  INFO  2020-09-11 22:39:31,129 [shard 3] compaction - Compacted 3 sstables to [/var/lib/scylla/data/dt/source_data-6af6cd50d77b11ea9877000000000001/mc-223-big-Data.db:level=0, ]. 8047946 bytes to 7956444 (~98% of original) in 3541ms = 2.14MB/s. ~384 total partitions merged to 1.
2020-09-11T22:39:31.130309910Z  INFO  2020-09-11 22:39:31,129 [shard 3] compaction - Compacted 3 sstables to [/var/lib/scylla/data/system/compaction_history-b4dbb7b4dc493fb5b3bfce6e434832ca/mc-303-big-Data.db:level=0, ]. 231544 bytes to 110148 (~47% of original) in 3542ms = 0.03MB/s. ~512 total partitions merged to 164.
2020-09-11T22:39:31.130330672Z  INFO  2020-09-11 22:39:31,129 [shard 3] compaction - Compacted 3 sstables to [/var/lib/scylla/data/system_schema/indexes-0feb57ac311f382fba6d9024d305702f/mc-271-big-Data.db:level=0, ]. 23136 bytes to 12790 (~55% of original) in 3541ms = 0.00MB/s. ~384 total partitions merged to 2.
2020-09-11T22:39:31.870246890Z  INFO  2020-09-11 22:39:31,869 [shard 3] compaction - Compacting [/var/lib/scylla/data/system/large_cells-ead8bbc5f1463ae19f710b11f9a1d296/mc-27-big-Data.db:level=0, /var/lib/scylla/data/system/large_cells-ead8bbc5f1463ae19f710b11f9a1d296/mc-19-big-Data.db:level=0, /var/lib/scylla/data/system/large_cells-ead8bbc5f1463ae19f710b11f9a1d296/mc-23-big-Data.db:level=0, ]
2020-09-11T22:39:31.870285513Z  INFO  2020-09-11 22:39:31,869 [shard 3] compaction - Compacting [/var/lib/scylla/data/system_schema/keyspaces-abac5682dea631c5b535b3d6cffd0fb6/mc-279-big-Data.db:level=0, /var/lib/scylla/data/system_schema/keyspaces-abac5682dea631c5b535b3d6cffd0fb6/mc-283-big-Data.db:level=0, /var/lib/scylla/data/system_schema/keyspaces-abac5682dea631c5b535b3d6cffd0fb6/mc-275-big-Data.db:level=0, ]
2020-09-11T22:39:31.870310106Z  INFO  2020-09-11 22:39:31,869 [shard 3] compaction - Compacting [/var/lib/scylla/data/system_schema/types-5a8b1ca866023f77a0459273d308917a/mc-195-big-Data.db:level=0, /var/lib/scylla/data/system_schema/types-5a8b1ca866023f77a0459273d308917a/mc-191-big-Data.db:level=0, ]
2020-09-11T22:39:31.870321364Z  INFO  2020-09-11 22:39:31,869 [shard 3] compaction - Compacting [/var/lib/scylla/data/system_schema/tables-afddfb9dbc1e30688056eed6c302ba09/mc-255-big-Data.db:level=0, /var/lib/scylla/data/system_schema/tables-afddfb9dbc1e30688056eed6c302ba09/mc-251-big-Data.db:level=0, ]
2020-09-11T22:39:31.948840786Z  INFO  2020-09-11 22:39:31,948 [shard 2] compaction - Compacted 3 sstables to [/var/lib/scylla/data/system_schema/view_virtual_columns-08843b6345dc3be29798a0418295cfaa/mc-226-big-Data.db:level=0, ]. 16452 bytes to 5799 (~35% of original) in 2818ms = 0.00MB/s. ~384 total partitions merged to 1.
2020-09-11T22:39:31.948873066Z  INFO  2020-09-11 22:39:31,948 [shard 2] compaction - Compacted 2 sstables to [/var/lib/scylla/data/system_schema/aggregates-924c55872e3a345bb10c12f37c1ba895/mc-190-big-Data.db:level=0, ]. 11133 bytes to 5723 (~51% of original) in 2818ms = 0.00MB/s. ~256 total partitions merged to 1.
2020-09-11T22:39:31.949316758Z  INFO  2020-09-11 22:39:31,948 [shard 2] compaction - Compacted 3 sstables to [/var/lib/scylla/data/system/truncated-38c19fd0fb863310a4b70d0cc66628aa/mc-490-big-Data.db:level=0, ]. 167628 bytes to 56250 (~33% of original) in 2818ms = 0.02MB/s. ~384 total partitions merged to 4.
2020-09-11T22:39:32.009960138Z  INFO  2020-09-11 22:39:32,009 [shard 2] compaction - Compacted 3 sstables to [/var/lib/scylla/data/system_schema/columns-24101c25a2ae3af787c1b40ee1aca33f/mc-286-big-Data.db:level=0, ]. 78724 bytes to 61694 (~78% of original) in 2819ms = 0.02MB/s. ~384 total partitions merged to 2.
2020-09-11T22:39:32.753559986Z  INFO  2020-09-11 22:39:32,752 [shard 2] compaction - Compacting [/var/lib/scylla/data/system_schema/triggers-4df70b666b05325195a132b54005fd48/mc-214-big-Data.db:level=0, /var/lib/scylla/data/system_schema/triggers-4df70b666b05325195a132b54005fd48/mc-210-big-Data.db:level=0, /var/lib/scylla/data/system_schema/triggers-4df70b666b05325195a132b54005fd48/mc-206-big-Data.db:level=0, ]
2020-09-11T22:39:32.829923830Z  INFO  2020-09-11 22:39:32,829 [shard 3] compaction - Compacted 3 sstables to [/var/lib/scylla/data/system_schema/triggers-4df70b666b05325195a132b54005fd48/mc-219-big-Data.db:level=0, ]. 16093 bytes to 5679 (~35% of original) in 2722ms = 0.00MB/s. ~384 total partitions merged to 1.
2020-09-11T22:39:32.832137848Z  INFO  2020-09-11 22:39:32,831 [shard 3] compaction - Compacted 3 sstables to []. 17055 bytes to 0 (~0% of original) in 0ms = 0.00MB/s. ~384 total partitions merged to 0.
2020-09-11T22:39:32.832483892Z  INFO  2020-09-11 22:39:32,831 [shard 3] compaction - Compacted 3 sstables to [/var/lib/scylla/data/system_schema/view_virtual_columns-08843b6345dc3be29798a0418295cfaa/mc-227-big-Data.db:level=0, ]. 23511 bytes to 12927 (~54% of original) in 2722ms = 0.00MB/s. ~384 total partitions merged to 2.
2020-09-11T22:39:32.832505752Z  INFO  2020-09-11 22:39:32,831 [shard 3] compaction - Compacted 2 sstables to [/var/lib/scylla/data/system_schema/computed_columns-cc7c7069374033c192a4c3de78dbd2c4/mc-255-big-Data.db:level=0, ]. 17543 bytes to 12459 (~71% of original) in 2722ms = 0.00MB/s. ~256 total partitions merged to 2.
2020-09-11T22:39:32.832548624Z  INFO  2020-09-11 22:39:32,832 [shard 3] compaction - Compacted 3 sstables to [/var/lib/scylla/data/system_schema/columns-24101c25a2ae3af787c1b40ee1aca33f/mc-287-big-Data.db:level=0, ]. 76326 bytes to 57504 (~75% of original) in 2720ms = 0.02MB/s. ~384 total partitions merged to 4.
2020-09-11T22:39:33.498711123Z  INFO  2020-09-11 22:39:33,497 [shard 3] compaction - Compacting [/var/lib/scylla/data/system_schema/views-9786ac1cdd583201a7cdad556410c985/mc-195-big-Data.db:level=0, /var/lib/scylla/data/system_schema/views-9786ac1cdd583201a7cdad556410c985/mc-191-big-Data.db:level=0, ]
2020-09-11T22:39:33.498774691Z  INFO  2020-09-11 22:39:33,497 [shard 3] compaction - Compacting [/var/lib/scylla/data/system_schema/aggregates-924c55872e3a345bb10c12f37c1ba895/mc-187-big-Data.db:level=0, /var/lib/scylla/data/system_schema/aggregates-924c55872e3a345bb10c12f37c1ba895/mc-183-big-Data.db:level=0, ]
2020-09-11T22:39:33.546683461Z  INFO  2020-09-11 22:39:33,546 [shard 2] compaction - Compacted 3 sstables to [/var/lib/scylla/data/system_schema/functions-96489b7980be3e14a70166a0b9159450/mc-214-big-Data.db:level=0, ]. 16995 bytes to 5980 (~35% of original) in 2142ms = 0.00MB/s. ~384 total partitions merged to 1.
2020-09-11T22:39:33.548067423Z  INFO  2020-09-11 22:39:33,547 [shard 2] compaction - Compacted 3 sstables to [/var/lib/scylla/data/system_schema/tables-afddfb9dbc1e30688056eed6c302ba09/mc-262-big-Data.db:level=0, ]. 75518 bytes to 59945 (~79% of original) in 2139ms = 0.03MB/s. ~384 total partitions merged to 2.
2020-09-11T22:39:33.548091575Z  INFO  2020-09-11 22:39:33,547 [shard 2] compaction - Compacted 2 sstables to [/var/lib/scylla/data/system_schema/computed_columns-cc7c7069374033c192a4c3de78dbd2c4/mc-254-big-Data.db:level=0, ]. 10551 bytes to 5432 (~51% of original) in 2142ms = 0.00MB/s. ~256 total partitions merged to 1.
2020-09-11T22:39:33.966165491Z  INFO  2020-09-11 22:39:33,965 [shard 3] compaction - Compacted 2 sstables to [/var/lib/scylla/data/system_schema/types-5a8b1ca866023f77a0459273d308917a/mc-199-big-Data.db:level=0, ]. 10848 bytes to 5580 (~51% of original) in 1628ms = 0.00MB/s. ~256 total partitions merged to 1.
2020-09-11T22:39:34.056875887Z  INFO  2020-09-11 22:39:34,056 [shard 3] compaction - Compacted 3 sstables to [/var/lib/scylla/data/system_schema/keyspaces-abac5682dea631c5b535b3d6cffd0fb6/mc-287-big-Data.db:level=0, ]. 61872 bytes to 51353 (~82% of original) in 1628ms = 0.03MB/s. ~384 total partitions merged to 4.
2020-09-11T22:39:34.057353194Z  INFO  2020-09-11 22:39:34,056 [shard 3] compaction - Compacted 2 sstables to [/var/lib/scylla/data/system_schema/tables-afddfb9dbc1e30688056eed6c302ba09/mc-259-big-Data.db:level=0, ]. 65483 bytes to 56354 (~86% of original) in 1629ms = 0.03MB/s. ~256 total partitions merged to 4.
2020-09-11T22:39:34.088688994Z  INFO  2020-09-11 22:39:34,087 [shard 2] compaction - Compacting [/var/lib/scylla/data/system_schema/indexes-0feb57ac311f382fba6d9024d305702f/mc-270-big-Data.db:level=0, /var/lib/scylla/data/system_schema/indexes-0feb57ac311f382fba6d9024d305702f/mc-266-big-Data.db:level=0, /var/lib/scylla/data/system_schema/indexes-0feb57ac311f382fba6d9024d305702f/mc-262-big-Data.db:level=0, ]
2020-09-11T22:39:34.599052920Z  INFO  2020-09-11 22:39:34,598 [shard 2] compaction - Compacted 3 sstables to [/var/lib/scylla/data/system_schema/triggers-4df70b666b05325195a132b54005fd48/mc-218-big-Data.db:level=0, ]. 16197 bytes to 5714 (~35% of original) in 1335ms = 0.00MB/s. ~384 total partitions merged to 1.
2020-09-11T22:39:34.600404974Z  INFO  2020-09-11 22:39:34,599 [shard 3] compaction - Compacting [/var/lib/scylla/data/system/truncated-38c19fd0fb863310a4b70d0cc66628aa/mc-291-big-Data.db:level=0, /var/lib/scylla/data/system/truncated-38c19fd0fb863310a4b70d0cc66628aa/mc-287-big-Data.db:level=0, /var/lib/scylla/data/system/truncated-38c19fd0fb863310a4b70d0cc66628aa/mc-283-big-Data.db:level=0, ]
2020-09-11T22:39:34.998451007Z  INFO  2020-09-11 22:39:34,997 [shard 3] compaction - Compacted 2 sstables to [/var/lib/scylla/data/system_schema/views-9786ac1cdd583201a7cdad556410c985/mc-199-big-Data.db:level=0, ]. 21047 bytes to 14388 (~68% of original) in 1102ms = 0.01MB/s. ~256 total partitions merged to 2.
2020-09-11T22:39:34.999442946Z  INFO  2020-09-11 22:39:34,998 [shard 3] compaction - Compacted 2 sstables to [/var/lib/scylla/data/system_schema/aggregates-924c55872e3a345bb10c12f37c1ba895/mc-191-big-Data.db:level=0, ]. 11064 bytes to 5688 (~51% of original) in 1101ms = 0.00MB/s. ~256 total partitions merged to 1.
2020-09-11T22:39:35.039618022Z  INFO  2020-09-11 22:39:35,039 [shard 2] compaction - Compacting [/var/lib/scylla/data/system_schema/types-5a8b1ca866023f77a0459273d308917a/mc-198-big-Data.db:level=0, /var/lib/scylla/data/system_schema/types-5a8b1ca866023f77a0459273d308917a/mc-190-big-Data.db:level=0, /var/lib/scylla/data/system_schema/types-5a8b1ca866023f77a0459273d308917a/mc-194-big-Data.db:level=0, ]
2020-09-11T22:39:35.589304500Z  INFO  2020-09-11 22:39:35,588 [shard 2] compaction - Compacted 3 sstables to [/var/lib/scylla/data/system_schema/indexes-0feb57ac311f382fba6d9024d305702f/mc-274-big-Data.db:level=0, ]. 16335 bytes to 5760 (~35% of original) in 951ms = 0.01MB/s. ~384 total partitions merged to 1.
2020-09-11T22:39:35.912455485Z  INFO  2020-09-11 22:39:35,911 [shard 3] compaction - Compacted 3 sstables to [/var/lib/scylla/data/system/truncated-38c19fd0fb863310a4b70d0cc66628aa/mc-295-big-Data.db:level=0, ]. 188993 bytes to 63368 (~33% of original) in 992ms = 0.06MB/s. ~384 total partitions merged to 2.
2020-09-11T22:39:36.064350308Z  INFO  2020-09-11 22:39:36,063 [shard 2] compaction - Compacted 3 sstables to [/var/lib/scylla/data/system_schema/types-5a8b1ca866023f77a0459273d308917a/mc-202-big-Data.db:level=0, ]. 16220 bytes to 5775 (~35% of original) in 915ms = 0.01MB/s. ~384 total partitions merged to 1.
2020-09-11T22:39:41.316383607Z  INFO  2020-09-11 22:39:41,315 [shard 0] gossip - No gossip backlog; proceeding
2020-09-11T22:39:41.318264621Z  INFO  2020-09-11 22:39:41,317 [shard 0] features - Feature COMPUTED_COLUMNS is enabled
2020-09-11T22:39:41.318291093Z  INFO  2020-09-11 22:39:41,317 [shard 0] features - Feature CORRECT_COUNTER_ORDER is enabled
2020-09-11T22:39:41.318302650Z  INFO  2020-09-11 22:39:41,317 [shard 0] features - Feature CORRECT_NON_COMPOUND_RANGE_TOMBSTONES is enabled
2020-09-11T22:39:41.318312890Z  INFO  2020-09-11 22:39:41,317 [shard 0] features - Feature CORRECT_STATIC_COMPACT_IN_MC is enabled
2020-09-11T22:39:41.318341672Z  INFO  2020-09-11 22:39:41,317 [shard 0] features - Feature COUNTERS is enabled
2020-09-11T22:39:41.318352475Z  INFO  2020-09-11 22:39:41,317 [shard 0] features - Feature DIGEST_INSENSITIVE_TO_EXPIRY is enabled
2020-09-11T22:39:41.318362342Z  INFO  2020-09-11 22:39:41,317 [shard 0] features - Feature DIGEST_MULTIPARTITION_READ is enabled
2020-09-11T22:39:41.318371990Z  INFO  2020-09-11 22:39:41,317 [shard 0] features - Feature HINTED_HANDOFF_SEPARATE_CONNECTION is enabled
2020-09-11T22:39:41.318382032Z  INFO  2020-09-11 22:39:41,317 [shard 0] features - Feature INDEXES is enabled
2020-09-11T22:39:41.318391675Z  INFO  2020-09-11 22:39:41,317 [shard 0] features - Feature LARGE_PARTITIONS is enabled
2020-09-11T22:39:41.318401286Z  INFO  2020-09-11 22:39:41,317 [shard 0] features - Feature LWT is enabled
2020-09-11T22:39:41.318410880Z  INFO  2020-09-11 22:39:41,317 [shard 0] features - Feature MATERIALIZED_VIEWS is enabled
2020-09-11T22:39:41.318433808Z  INFO  2020-09-11 22:39:41,317 [shard 0] features - Feature MC_SSTABLE_FORMAT is enabled
2020-09-11T22:39:41.318445707Z  INFO  2020-09-11 22:39:41,317 [shard 0] features - Feature NONFROZEN_UDTS is enabled
2020-09-11T22:39:41.318455387Z  INFO  2020-09-11 22:39:41,317 [shard 0] features - Feature PER_TABLE_PARTITIONERS is enabled
2020-09-11T22:39:41.318465091Z  INFO  2020-09-11 22:39:41,317 [shard 0] features - Feature RANGE_TOMBSTONES is enabled
2020-09-11T22:39:41.318474684Z  INFO  2020-09-11 22:39:41,317 [shard 0] features - Feature ROLES is enabled
2020-09-11T22:39:41.318485165Z  INFO  2020-09-11 22:39:41,317 [shard 0] features - Feature ROW_LEVEL_REPAIR is enabled
2020-09-11T22:39:41.318494773Z  INFO  2020-09-11 22:39:41,317 [shard 0] features - Feature SCHEMA_TABLES_V3 is enabled
2020-09-11T22:39:41.318504368Z  INFO  2020-09-11 22:39:41,317 [shard 0] features - Feature STREAM_WITH_RPC_STREAM is enabled
2020-09-11T22:39:41.318513982Z  INFO  2020-09-11 22:39:41,317 [shard 0] features - Feature TRUNCATION_TABLE is enabled
2020-09-11T22:39:41.318523747Z  INFO  2020-09-11 22:39:41,317 [shard 0] system_keyspace - Got cluster agreement on truncation table feature. Removing legacy records.
2020-09-11T22:39:41.318898859Z  INFO  2020-09-11 22:39:41,317 [shard 0] features - Feature UNBOUNDED_RANGE_TOMBSTONES is enabled
2020-09-11T22:39:41.318913160Z  INFO  2020-09-11 22:39:41,317 [shard 0] features - Feature VIEW_VIRTUAL_COLUMNS is enabled
2020-09-11T22:39:41.318923149Z  INFO  2020-09-11 22:39:41,317 [shard 0] features - Feature WRITE_FAILURE_REPLY is enabled
2020-09-11T22:39:41.318932876Z  INFO  2020-09-11 22:39:41,317 [shard 0] features - Feature XXHASH is enabled
2020-09-11T22:39:41.318942499Z  INFO  2020-09-11 22:39:41,318 [shard 0] system_keyspace - Legacy records deleted.
2020-09-11T22:39:41.319605696Z  INFO  2020-09-11 22:39:41,319 [shard 0] init - starting system distributed keyspace
2020-09-11T22:39:41.323822184Z  INFO  2020-09-11 22:39:41,323 [shard 0] storage_service - Using saved tokens {943448605036726745, 9061580907506437136, 8957018461898327244, 8813999419995718088, 8775859223532977932, 873311388414975666, 8707696313600310498, 8675978575875245837, 855031166620283245, 8476533345381470087, 8413544620893079714, 8382283044476755854, 7804258889026263620, 778239093056833917, 7732629563319678675, 7564694057214588647, 747840302865059114, 7255484784972643852, 700944770677405149, 7009081579420542256, 7354219953741161264, 6974970471767945112, 6788034976878782500, 667581605220131528, 6496091893897576732, 6478032244021912394, 6420907855788431922, 8777890816944145805, 6381418245203458391, 6358173612251239308, 6302443190184390149, 6115776390551923703, 5906838239532612246, 5890706123786165213, 588034934972968299, 5848278814186320030, 5834675951458569055, 5796254206948921528, -6441145814158460549, 7172238068082229918, -6238625478980828395, -6199824488038647909, -572473923349256348, -5526097868254533829, -5508289632699420366, -6338043935148530859, 4738411181964629022, -5411685484465544274, 5103660925946342563, -5360532551957069796, -5246840897237646542, -8953406550820932827, -511676141100664160, -4872163430844150374, 5153854518462400651, -4829128129506020031, 6818717460470417221, -4735496583611878200, -7913213531410876291, -8612347190400988175, 3361838207769500988, -4770694758141334815, 3533570692245755170, -3014142033706378490, -6648258355715071793, 105268539462240253, 6448269612184381105, 3941245744356891698, -4925670906471950289, -6853270293933441203, -431455211546220291, -4106310081010891923, -4280461110562472301, -4231054370802445643, 4453520694484038438, -5140544052953576706, -7341700934491837716, -4177024142024341044, -2365586676906010085, -4368295386640868227, -6779834804380741154, 7103497347382660592, -471701403720839764, -2187125227394891465, -1593748153114868683, 8325613099551670589, -6017078328443447975, 408961909545308462, -3256341547923989103, 1911454556365012923, -2135119982021577211, -6104126434670973331, -1614584707908969492, -5285270377043925775, 194223785007163967, 3556932048290112968, 4378909036113166689, -2319706609635128471, 782580883702972777, -3880555618453256762, -2879534723161185431, 7469085752185829039, -8001902308657073600, -1522914538603683793, 784130423392421222, -3409621329811667263, -5136236598692180863, -2640475812391264528, 3907413558358164712, -2166731983266837511, -8529251962487546573, -5228242602708342126, -6263078841153087564, -1295419475388780424, 5311755414232655734, -4113405879925637368, 2104079815049743807, -105211415949921556, -1004253484774030395, -6093280019772326743, -1363472444035739717, 7772390126184307669, 3373616921334842984, -3428624778218969630, -4475005699924690030, -1207620414022812792, -4203952547861361192, -4895652206680369668, 5569071124009844993, -2800260328053956713, 1033733984444816800, -1761718599052329021, -6249520955674807415, -6810383749951706976, -2391018463907211455, -3729138346528579520, -3942245253345029362, -1032698423218536378, 2233495137371904435, -1970747149103226319, 2531294222158762011, 4445989245037378795, -2648919406212884980, 800062458669145892, -6586482614645135705, -8855822008500182327, -2076430708060394350, -6127879535600466936, 5017042126534426855, -6767019288334108993, -6985294397658573838, -2605645373691895986, 2542018259596577135, -2699231837109027988, -9132047842757487932, 9066588519930559993, -4601858807243735115, 1470306277250886071, 1688077838521597411, -2700796200994103492, -5656441245782528349, 3822141065635310082, -4415280594152455372, -1709100826419756065, -2732234699235264563, -3101294897153501639, 6933997554702494562, -4541237399207364623, 1251119865371637993, -3280527161887251879, -4007868363884276055, -4134923634748466107, -5595342098352848506, 533209426647054698, 285540986842976874, -4193553788022177878, -7111183380354176443, 7880345233810794046, -7190282066974323895, -7232953798633244985, -7512330892235471280, -889434854029329118, 9122882257136270100, 3909145942678699742, 2870638580126821409, -2685359252619347507, 4540975434217357056, 1912522665107890116, -1474028219808469861, -7767361191227918078, -8495384334141326469, -8024675672634848221, -8352632933072691056, -1084614158625469139, -8372022353883945178, -1171738939209168407, -8485257529464526975, -8549013321787275289, -7405825010257289618, -8694753427154041557, -9173155356561330710, -3164480873853500968, 1172299952227812636, 1535311813904826318, 156312151312654313, 2050968450175517454, 1018091569669202328, 1574734081023094222, 214428871588027420, -5095673126210616552, 2431756818088451524, -1208769590907790735, 3022913469242457337, 2609254198811139442, 5396954320704971060, 284028081363756156, -184157634332906914, 2879924223908633556, 3014475854062098037, 8280511155447462154, 3058186759042775792, 3100842289958262644, -769344519844763244, 3287699046743316011, 7743526815996532326, -7148146405116016542, 352278596429886466, 3606629961194077343, 3840184102447470012, -4623422606623793434, 3924960423780627192, 4660022660859336370, 5401470720317959250, 3979649323160207298, 4037379789709069307, 790424663468033093, 5150907166433009570, 4083460330442256183, 4262233236239091105, 4461207940793579131, 7222389702734437292, 4497639963855891379, 5935809959838255935, 525652295242460822, -9210810031089136649, 3145063885579200582, 5102381975608989830, 5104799485589097680, -467985751191813914, 5122450296475986719, 5256736089695841171, 5341717901052361821, 5441044328235651423, 5661405961885371428, -6303682351633097607, 5704999654143823990}
2020-09-11T22:39:41.353328495Z  INFO  2020-09-11 22:39:41,352 [shard 0] database - Schema version changed to e1b2d478-e5f2-30c4-b994-d93919918df3
2020-09-11T22:39:41.353368928Z  INFO  2020-09-11 22:39:41,352 [shard 0] database - Schema version changed to e1b2d478-e5f2-30c4-b994-d93919918df3
2020-09-11T22:39:41.354025921Z  INFO  2020-09-11 22:39:41,353 [shard 0] database - Schema version changed to 0e03d198-385b-3f36-8c34-c3f5846bbbac
2020-09-11T22:39:43.235363449Z  INFO  2020-09-11 22:39:43,234 [shard 1] compaction - Compacting [/var/lib/scylla/data/system/local-7ad54392bcdd35a684174e047860b377/mc-1169-big-Data.db:level=0, /var/lib/scylla/data/system/local-7ad54392bcdd35a684174e047860b377/mc-1165-big-Data.db:level=0, ]
2020-09-11T22:39:43.363498217Z  INFO  2020-09-11 22:39:43,362 [shard 0] storage_service - Node 10.0.5.10 state jump to normal
2020-09-11T22:39:43.363545985Z  INFO  2020-09-11 22:39:43,363 [shard 0] storage_service - Remove node 10.0.5.10 from pending replacing endpoint
2020-09-11T22:39:45.368218954Z  INFO  2020-09-11 22:39:45,367 [shard 0] storage_service - NORMAL: node is now in normal status
2020-09-11T22:39:45.368293796Z  INFO  2020-09-11 22:39:45,367 [shard 0] cdc - No generation seen during startup.
2020-09-11T22:39:45.370315309Z  INFO  2020-09-11 22:39:45,369 [shard 0] init - starting tracing
2020-09-11T22:39:45.372148689Z  INFO  2020-09-11 22:39:45,370 [shard 0] storage_service - SSTable data integrity checker is disabled.
2020-09-11T22:39:45.372171261Z  INFO  2020-09-11 22:39:45,370 [shard 0] init - starting batchlog manager
2020-09-11T22:39:45.372181938Z  INFO  2020-09-11 22:39:45,371 [shard 0] init - starting load meter
2020-09-11T22:39:45.372204969Z  INFO  2020-09-11 22:39:45,371 [shard 0] init - starting cf cache hit rate calculator
2020-09-11T22:39:45.372223582Z  INFO  2020-09-11 22:39:45,371 [shard 0] init - starting view update backlog broker
2020-09-11T22:39:45.373265493Z  INFO  2020-09-11 22:39:45,372 [shard 0] init - Waiting for gossip to settle before accepting client requests...
2020-09-11T22:39:45.538035448Z  INFO  2020-09-11 22:39:45,536 [shard 1] compaction - Compacted 2 sstables to [/var/lib/scylla/data/system/local-7ad54392bcdd35a684174e047860b377/mc-1177-big-Data.db:level=0, ]. 18364 bytes to 12071 (~65% of original) in 2066ms = 0.01MB/s. ~256 total partitions merged to 1.
2020-09-11T22:39:45.538085164Z  INFO  2020-09-11 22:39:45,537 [shard 1] compaction - Compacting [/var/lib/scylla/data/system/local-7ad54392bcdd35a684174e047860b377/mc-1173-big-Data.db:level=0, /var/lib/scylla/data/system/local-7ad54392bcdd35a684174e047860b377/mc-1177-big-Data.db:level=0, ]
2020-09-11T22:39:46.409318149Z  INFO  2020-09-11 22:39:46,408 [shard 1] compaction - Compacted 2 sstables to [/var/lib/scylla/data/system/local-7ad54392bcdd35a684174e047860b377/mc-1181-big-Data.db:level=0, ]. 18170 bytes to 12075 (~66% of original) in 746ms = 0.02MB/s. ~256 total partitions merged to 1.
2020-09-11T22:39:57.374190440Z  INFO  2020-09-11 22:39:57,373 [shard 0] gossip - No gossip backlog; proceeding
2020-09-11T22:39:57.374239957Z  INFO  2020-09-11 22:39:57,373 [shard 0] init - allow replaying hints
2020-09-11T22:39:57.374876573Z  INFO  2020-09-11 22:39:57,373 [shard 0] init - Launching generate_mv_updates for non system tables
2020-09-11T22:39:57.375275915Z  INFO  2020-09-11 22:39:57,374 [shard 0] init - starting the view builder
2020-09-11T22:39:58.185271723Z  INFO  2020-09-11 22:39:58,184 [shard 0] init - starting native transport
2020-09-11T22:39:58.185306388Z  INFO  2020-09-11 22:39:58,184 [shard 0] compaction - Compacting [/var/lib/scylla/data/system/truncated-38c19fd0fb863310a4b70d0cc66628aa/mc-524-big-Data.db:level=0, /var/lib/scylla/data/system/truncated-38c19fd0fb863310a4b70d0cc66628aa/mc-520-big-Data.db:level=0, ]
2020-09-11T22:39:58.186927591Z  INFO  2020-09-11 22:39:58,186 [shard 0] storage_service - Starting listening for CQL clients on 10.0.5.10:9042 (unencrypted)
2020-09-11T22:39:58.188465440Z  INFO  2020-09-11 22:39:58,188 [shard 0] storage_service - Thrift server listening on 10.0.5.10:9160 ...
2020-09-11T22:39:58.189177137Z  INFO  2020-09-11 22:39:58,188 [shard 0] init - serving
2020-09-11T22:39:58.189197908Z  INFO  2020-09-11 22:39:58,188 [shard 0] init - Scylla version 4.1.6-0.20200831.6d9ff622df initialization completed.
2020-09-11T22:39:58.863959199Z  INFO  2020-09-11 22:39:58,863 [shard 0] compaction - Compacted 2 sstables to [/var/lib/scylla/data/system/truncated-38c19fd0fb863310a4b70d0cc66628aa/mc-528-big-Data.db:level=0, ]. 82143 bytes to 76746 (~93% of original) in 578ms = 0.13MB/s. ~256 total partitions merged to 2.
2020-09-11T22:40:38.304741646Z  INFO  2020-09-11 22:40:38,303 [shard 1] compaction - Compacting [/var/lib/scylla/data/system/clients-ca0f635d863036098d93a1fc06f2a5e5/mc-5-big-Data.db:level=0, /var/lib/scylla/data/system/clients-ca0f635d863036098d93a1fc06f2a5e5/mc-9-big-Data.db:level=0, ]
2020-09-11T22:40:38.745143325Z  INFO  2020-09-11 22:40:38,744 [shard 1] compaction - Compacted 2 sstables to [/var/lib/scylla/data/system/clients-ca0f635d863036098d93a1fc06f2a5e5/mc-13-big-Data.db:level=0, ]. 102891 bytes to 5996 (~5% of original) in 346ms = 0.02MB/s. ~256 total partitions merged to 1.
2020-09-11T22:40:57.372568347Z  INFO  2020-09-11 22:40:57,371 [shard 1] compaction - Compacting [/var/lib/scylla/data/system/clients-ca0f635d863036098d93a1fc06f2a5e5/mc-13-big-Data.db:level=0, /var/lib/scylla/data/system/clients-ca0f635d863036098d93a1fc06f2a5e5/mc-17-big-Data.db:level=0, ]
2020-09-11T22:40:57.827825872Z  INFO  2020-09-11 22:40:57,827 [shard 1] compaction - Compacted 2 sstables to [/var/lib/scylla/data/system/clients-ca0f635d863036098d93a1fc06f2a5e5/mc-21-big-Data.db:level=0, ]. 57537 bytes to 6033 (~10% of original) in 347ms = 0.02MB/s. ~256 total partitions merged to 1.
