2020-09-06T07:48:27.157771715Z  running: (['/opt/scylladb/scripts/scylla_dev_mode_setup', '--developer-mode', '1'],)
2020-09-06T07:48:27.681845653Z  running: (['/opt/scylladb/scripts/scylla_io_setup'],)
2020-09-06T07:48:28.084702600Z  2020-09-06 07:48:28,084 CRIT Supervisor is running as root.  Privileges were not dropped because no user is specified in the config file.  If you intend to run as root, you can set user=root in the config file to avoid this message.
2020-09-06T07:48:28.084854466Z  2020-09-06 07:48:28,084 INFO Included extra file "/etc/supervisord.conf.d/node-exporter.conf" during parsing
2020-09-06T07:48:28.084870099Z  2020-09-06 07:48:28,084 INFO Included extra file "/etc/supervisord.conf.d/rsyslog.conf" during parsing
2020-09-06T07:48:28.084909902Z  2020-09-06 07:48:28,084 INFO Included extra file "/etc/supervisord.conf.d/scylla-housekeeping.conf" during parsing
2020-09-06T07:48:28.085020428Z  2020-09-06 07:48:28,084 INFO Included extra file "/etc/supervisord.conf.d/scylla-jmx.conf" during parsing
2020-09-06T07:48:28.085036802Z  2020-09-06 07:48:28,084 INFO Included extra file "/etc/supervisord.conf.d/scylla-server.conf" during parsing
2020-09-06T07:48:28.085155303Z  2020-09-06 07:48:28,084 INFO Included extra file "/etc/supervisord.conf.d/sshd-server.conf" during parsing
2020-09-06T07:48:28.123461615Z  2020-09-06 07:48:28,123 INFO RPC interface 'supervisor' initialized
2020-09-06T07:48:28.123595851Z  2020-09-06 07:48:28,123 CRIT Server 'inet_http_server' running without any HTTP authentication checking
2020-09-06T07:48:28.123986204Z  2020-09-06 07:48:28,123 INFO supervisord started with pid 25
2020-09-06T07:48:29.135378370Z  2020-09-06 07:48:29,127 INFO spawned: 'scylla' with pid 28
2020-09-06T07:48:29.135449852Z  2020-09-06 07:48:29,130 INFO spawned: 'scylla-housekeeping' with pid 29
2020-09-06T07:48:29.141976014Z  2020-09-06 07:48:29,139 INFO spawned: 'sshd' with pid 30
2020-09-06T07:48:29.152288352Z  2020-09-06 07:48:29,151 INFO spawned: 'scylla-jmx' with pid 32
2020-09-06T07:48:29.166083308Z  2020-09-06 07:48:29,165 INFO spawned: 'rsyslog' with pid 34
2020-09-06T07:48:29.184818495Z  2020-09-06 07:48:29,178 INFO spawned: 'node-exporter' with pid 38
2020-09-06T07:48:29.231765929Z  Generating public/private ed25519 key pair.
2020-09-06T07:48:29.231816922Z  Your identification has been saved in /etc/ssh/ssh_host_ed25519_key.
2020-09-06T07:48:29.231830324Z  Your public key has been saved in /etc/ssh/ssh_host_ed25519_key.pub.
2020-09-06T07:48:29.231841884Z  The key fingerprint is:
2020-09-06T07:48:29.231853339Z  SHA256:JPWJZPAkzzBrk00sJ1AL0rPv2Iay7KSNVKLlcLJ+NWw root@d8e3f70fc377
2020-09-06T07:48:29.231864879Z  The key's randomart image is:
2020-09-06T07:48:29.231875990Z  +--[ED25519 256]--+
2020-09-06T07:48:29.231887122Z  |  ..oo*o*        |
2020-09-06T07:48:29.231898069Z  |   .o.o^oo .     |
2020-09-06T07:48:29.231909146Z  |     oB+B o      |
2020-09-06T07:48:29.231919907Z  |    .. +         |
2020-09-06T07:48:29.231930640Z  |o.o...  S        |
2020-09-06T07:48:29.231953879Z  |.Bo  E.          |
2020-09-06T07:48:29.231965562Z  |o.o o=.          |
2020-09-06T07:48:29.231975621Z  |o*..o +          |
2020-09-06T07:48:29.231986005Z  |oo*o .           |
2020-09-06T07:48:29.231996238Z  +----[SHA256]-----+
2020-09-06T07:48:29.285681442Z  time="2020-09-06T07:48:29Z" level=info msg="Starting node_exporter (version=0.17.0, branch=HEAD, revision=f6f6194a436b9a63d0439abc585c76b19a206b21)" source="node_exporter.go:82"
2020-09-06T07:48:29.285743033Z  time="2020-09-06T07:48:29Z" level=info msg="Build context (go=go1.11.2, user=root@322511e06ced, date=20181130-15:51:33)" source="node_exporter.go:83"
2020-09-06T07:48:29.286840441Z  time="2020-09-06T07:48:29Z" level=info msg="Enabled collectors:" source="node_exporter.go:90"
2020-09-06T07:48:29.286886457Z  time="2020-09-06T07:48:29Z" level=info msg=" - arp" source="node_exporter.go:97"
2020-09-06T07:48:29.287232720Z  time="2020-09-06T07:48:29Z" level=info msg=" - bcache" source="node_exporter.go:97"
2020-09-06T07:48:29.287255601Z  time="2020-09-06T07:48:29Z" level=info msg=" - bonding" source="node_exporter.go:97"
2020-09-06T07:48:29.287293426Z  time="2020-09-06T07:48:29Z" level=info msg=" - conntrack" source="node_exporter.go:97"
2020-09-06T07:48:29.287306792Z  time="2020-09-06T07:48:29Z" level=info msg=" - cpu" source="node_exporter.go:97"
2020-09-06T07:48:29.287317732Z  time="2020-09-06T07:48:29Z" level=info msg=" - diskstats" source="node_exporter.go:97"
2020-09-06T07:48:29.287328572Z  time="2020-09-06T07:48:29Z" level=info msg=" - edac" source="node_exporter.go:97"
2020-09-06T07:48:29.288886366Z  time="2020-09-06T07:48:29Z" level=info msg=" - entropy" source="node_exporter.go:97"
2020-09-06T07:48:29.288934725Z  time="2020-09-06T07:48:29Z" level=info msg=" - filefd" source="node_exporter.go:97"
2020-09-06T07:48:29.288948565Z  time="2020-09-06T07:48:29Z" level=info msg=" - filesystem" source="node_exporter.go:97"
2020-09-06T07:48:29.288959876Z  time="2020-09-06T07:48:29Z" level=info msg=" - hwmon" source="node_exporter.go:97"
2020-09-06T07:48:29.288971029Z  time="2020-09-06T07:48:29Z" level=info msg=" - infiniband" source="node_exporter.go:97"
2020-09-06T07:48:29.288982665Z  time="2020-09-06T07:48:29Z" level=info msg=" - interrupts" source="node_exporter.go:97"
2020-09-06T07:48:29.288993961Z  time="2020-09-06T07:48:29Z" level=info msg=" - ipvs" source="node_exporter.go:97"
2020-09-06T07:48:29.289005222Z  time="2020-09-06T07:48:29Z" level=info msg=" - loadavg" source="node_exporter.go:97"
2020-09-06T07:48:29.289016140Z  time="2020-09-06T07:48:29Z" level=info msg=" - mdadm" source="node_exporter.go:97"
2020-09-06T07:48:29.289027037Z  time="2020-09-06T07:48:29Z" level=info msg=" - meminfo" source="node_exporter.go:97"
2020-09-06T07:48:29.289037931Z  time="2020-09-06T07:48:29Z" level=info msg=" - netclass" source="node_exporter.go:97"
2020-09-06T07:48:29.289049059Z  time="2020-09-06T07:48:29Z" level=info msg=" - netdev" source="node_exporter.go:97"
2020-09-06T07:48:29.289073725Z  time="2020-09-06T07:48:29Z" level=info msg=" - netstat" source="node_exporter.go:97"
2020-09-06T07:48:29.289086100Z  time="2020-09-06T07:48:29Z" level=info msg=" - nfs" source="node_exporter.go:97"
2020-09-06T07:48:29.289097019Z  time="2020-09-06T07:48:29Z" level=info msg=" - nfsd" source="node_exporter.go:97"
2020-09-06T07:48:29.289107848Z  time="2020-09-06T07:48:29Z" level=info msg=" - sockstat" source="node_exporter.go:97"
2020-09-06T07:48:29.289118604Z  time="2020-09-06T07:48:29Z" level=info msg=" - stat" source="node_exporter.go:97"
2020-09-06T07:48:29.289457973Z  time="2020-09-06T07:48:29Z" level=info msg=" - textfile" source="node_exporter.go:97"
2020-09-06T07:48:29.289479266Z  time="2020-09-06T07:48:29Z" level=info msg=" - time" source="node_exporter.go:97"
2020-09-06T07:48:29.289516122Z  time="2020-09-06T07:48:29Z" level=info msg=" - timex" source="node_exporter.go:97"
2020-09-06T07:48:29.289529366Z  time="2020-09-06T07:48:29Z" level=info msg=" - uname" source="node_exporter.go:97"
2020-09-06T07:48:29.289540044Z  time="2020-09-06T07:48:29Z" level=info msg=" - vmstat" source="node_exporter.go:97"
2020-09-06T07:48:29.289550746Z  time="2020-09-06T07:48:29Z" level=info msg=" - xfs" source="node_exporter.go:97"
2020-09-06T07:48:29.289561229Z  time="2020-09-06T07:48:29Z" level=info msg=" - zfs" source="node_exporter.go:97"
2020-09-06T07:48:29.289572195Z  time="2020-09-06T07:48:29Z" level=info msg="Listening on :9100" source="node_exporter.go:111"
2020-09-06T07:48:30.140745482Z  Scylla version 4.1.6-0.20200831.6d9ff622df with build-id c2ed04d00095c63b7456b5fcda6775c5a9f33b0b starting ...
2020-09-06T07:48:30.140802940Z  command used: "/usr/bin/scylla --log-to-syslog 0 --log-to-stdout 1 --default-log-level info --network-stack posix --developer-mode=1 --overprovisioned --listen-address 10.0.49.3 --rpc-address 10.0.49.3 --seed-provider-parameters seeds=10.0.49.3 --blocked-reactor-notify-ms 999999999"
2020-09-06T07:48:30.140820220Z  parsed command line options: [log-to-syslog: 0, log-to-stdout: 1, default-log-level: info, network-stack: posix, developer-mode: 1, overprovisioned, listen-address: 10.0.49.3, rpc-address: 10.0.49.3, seed-provider-parameters: seeds=10.0.49.3, blocked-reactor-notify-ms: 999999999]
2020-09-06T07:48:30.141173924Z  2020-09-06 07:48:30,140 INFO success: scylla entered RUNNING state, process has stayed up for > than 1 seconds (startsecs)
2020-09-06T07:48:30.141386650Z  2020-09-06 07:48:30,141 INFO success: scylla-housekeeping entered RUNNING state, process has stayed up for > than 1 seconds (startsecs)
2020-09-06T07:48:30.141638663Z  2020-09-06 07:48:30,141 INFO success: sshd entered RUNNING state, process has stayed up for > than 1 seconds (startsecs)
2020-09-06T07:48:30.331348460Z  WARN  2020-09-06 07:48:30,329 [shard 0] seastar - Unable to set SCHED_FIFO scheduling policy for timer thread; latency impact possible. Try adding CAP_SYS_NICE
2020-09-06T07:48:30.331729676Z  2020-09-06 07:48:30,331 INFO success: scylla-jmx entered RUNNING state, process has stayed up for > than 1 seconds (startsecs)
2020-09-06T07:48:30.331877209Z  2020-09-06 07:48:30,331 INFO success: rsyslog entered RUNNING state, process has stayed up for > than 1 seconds (startsecs)
2020-09-06T07:48:30.332142607Z  2020-09-06 07:48:30,331 INFO success: node-exporter entered RUNNING state, process has stayed up for > than 1 seconds (startsecs)
2020-09-06T07:48:30.415675012Z  INFO  2020-09-06 07:48:30,414 [shard 0] init - installing SIGHUP handler
2020-09-06T07:48:30.425021642Z  INFO  2020-09-06 07:48:30,424 [shard 0] init - Scylla version 4.1.6-0.20200831.6d9ff622df with build-id c2ed04d00095c63b7456b5fcda6775c5a9f33b0b starting ...
2020-09-06T07:48:30.425094042Z  
2020-09-06T07:48:30.428983520Z  INFO  2020-09-06 07:48:30,427 [shard 0] init - starting prometheus API server
2020-09-06T07:48:30.431981157Z  INFO  2020-09-06 07:48:30,431 [shard 0] init - starting tokens manager
2020-09-06T07:48:30.432764528Z  INFO  2020-09-06 07:48:30,432 [shard 0] init - starting migration manager notifier
2020-09-06T07:48:30.434403173Z  INFO  2020-09-06 07:48:30,432 [shard 0] init - creating tracing
2020-09-06T07:48:30.435141826Z  INFO  2020-09-06 07:48:30,434 [shard 0] init - creating snitch
2020-09-06T07:48:30.436663572Z  INFO  2020-09-06 07:48:30,436 [shard 0] init - determining DNS name
2020-09-06T07:48:30.436689494Z  INFO  2020-09-06 07:48:30,436 [shard 0] init - starting API server
2020-09-06T07:48:30.438389245Z  INFO  2020-09-06 07:48:30,437 [shard 0] init - Scylla API server listening on 127.0.0.1:10000 ...
2020-09-06T07:48:30.440023032Z  INFO  2020-09-06 07:48:30,439 [shard 0] init - initializing storage service
2020-09-06T07:48:30.440427829Z  INFO  2020-09-06 07:48:30,440 [shard 0] init - starting per-shard database core
2020-09-06T07:48:30.446358086Z  WARN  2020-09-06 07:48:30,445 [shard 0] init - I/O Scheduler is not properly configured! This is a non-supported setup, and performance is expected to be unpredictably bad.
2020-09-06T07:48:30.446381946Z   Reason found: none of --max-io-requests, --io-properties and --io-properties-file are set.
2020-09-06T07:48:30.446394272Z  To properly configure the I/O Scheduler, run the scylla_io_setup utility shipped with Scylla.
2020-09-06T07:48:30.446416213Z  
2020-09-06T07:48:30.446428029Z  INFO  2020-09-06 07:48:30,446 [shard 0] init - creating and verifying directories
2020-09-06T07:48:30.984172084Z  Connecting to http://localhost:10000
2020-09-06T07:48:30.985144988Z  Starting the JMX server
2020-09-06T07:48:32.463401428Z  JMX is enabled to receive remote connections on port: 7199
2020-09-06T07:48:33.222340016Z  Generating public/private rsa key pair.
2020-09-06T07:48:33.222376940Z  Your identification has been saved in /etc/ssh/ssh_host_rsa_key.
2020-09-06T07:48:33.222390190Z  Your public key has been saved in /etc/ssh/ssh_host_rsa_key.pub.
2020-09-06T07:48:33.222401694Z  The key fingerprint is:
2020-09-06T07:48:33.222412959Z  SHA256:uAQE/LpOyrmVNbdd5kegbynEkzAIUoyP6G8agIhqD3g root@d8e3f70fc377
2020-09-06T07:48:33.222424041Z  The key's randomart image is:
2020-09-06T07:48:33.222445913Z  +---[RSA 4096]----+
2020-09-06T07:48:33.222457478Z  | o=+.            |
2020-09-06T07:48:33.222467692Z  | .oo. .          |
2020-09-06T07:48:33.222477695Z  |. o... o   .     |
2020-09-06T07:48:33.222487704Z  |=. ... .+ o .    |
2020-09-06T07:48:33.222497918Z  |*  . oo.S* o .   |
2020-09-06T07:48:33.222508297Z  |+.. o.o.+ * o    |
2020-09-06T07:48:33.222518284Z  |o+E+  .. o = .   |
2020-09-06T07:48:33.222528321Z  |o+Bo      o .    |
2020-09-06T07:48:33.222538478Z  |.*=.             |
2020-09-06T07:48:33.222548582Z  +----[SHA256]-----+
2020-09-06T07:48:33.249381013Z  Could not load host key: /etc/ssh/ssh_host_ecdsa_key
2020-09-06T07:48:33.727886329Z  INFO  2020-09-06 07:48:33,725 [shard 0] database - Populating Keyspace system_schema
2020-09-06T07:48:33.727922022Z  INFO  2020-09-06 07:48:33,725 [shard 0] database - Keyspace system_schema: Reading CF computed_columns id=cc7c7069-3740-33c1-92a4-c3de78dbd2c4 version=2b8c4439-de76-31e0-807f-3b7290a975d7
2020-09-06T07:48:33.727936396Z  INFO  2020-09-06 07:48:33,725 [shard 0] database - Keyspace system_schema: Reading CF view_virtual_columns id=08843b63-45dc-3be2-9798-a0418295cfaa version=c777531c-15f7-326f-8ebe-39fd0265c8c9
2020-09-06T07:48:33.727948974Z  INFO  2020-09-06 07:48:33,725 [shard 0] database - Keyspace system_schema: Reading CF dropped_columns id=5e7583b5-f3f4-3af1-9a39-b7e1d6f5f11f version=7426bc6c-4c2f-3200-8ad8-4329610ed59a
2020-09-06T07:48:33.727961453Z  INFO  2020-09-06 07:48:33,725 [shard 0] database - Keyspace system_schema: Reading CF indexes id=0feb57ac-311f-382f-ba6d-9024d305702f version=99c40462-8687-304e-abe3-2bdbef1f25aa
2020-09-06T07:48:33.727973654Z  INFO  2020-09-06 07:48:33,725 [shard 0] database - Keyspace system_schema: Reading CF functions id=96489b79-80be-3e14-a701-66a0b9159450 version=329ed804-55b3-3eee-ad61-d85317b96097
2020-09-06T07:48:33.727986146Z  INFO  2020-09-06 07:48:33,725 [shard 0] database - Keyspace system_schema: Reading CF columns id=24101c25-a2ae-3af7-87c1-b40ee1aca33f version=d33236d4-9bdd-3c09-abf0-a0bc5edc2526
2020-09-06T07:48:33.727998528Z  INFO  2020-09-06 07:48:33,725 [shard 0] database - Keyspace system_schema: Reading CF scylla_tables id=5d912ff1-f759-3665-b2c8-8042ab5103dd version=38e5e56b-155d-39b5-a0d2-8e5dcad42a26
2020-09-06T07:48:33.728010991Z  INFO  2020-09-06 07:48:33,725 [shard 0] database - Keyspace system_schema: Reading CF tables id=afddfb9d-bc1e-3068-8056-eed6c302ba09 version=b6240810-eeb7-36d5-9411-43b2d68dddab
2020-09-06T07:48:33.728034542Z  INFO  2020-09-06 07:48:33,725 [shard 0] database - Keyspace system_schema: Reading CF keyspaces id=abac5682-dea6-31c5-b535-b3d6cffd0fb6 version=e79ca8ba-6556-3f7d-925a-7f20cf57938c
2020-09-06T07:48:33.728046275Z  INFO  2020-09-06 07:48:33,725 [shard 0] database - Keyspace system_schema: Reading CF triggers id=4df70b66-6b05-3251-95a1-32b54005fd48 version=582d7071-1ef0-37c8-adc6-471a13636139
2020-09-06T07:48:33.728059479Z  INFO  2020-09-06 07:48:33,725 [shard 0] database - Keyspace system_schema: Reading CF views id=9786ac1c-dd58-3201-a7cd-ad556410c985 version=5b58bb47-96e7-3f57-accf-0bfca4dbbc6e
2020-09-06T07:48:33.728085745Z  INFO  2020-09-06 07:48:33,725 [shard 0] database - Keyspace system_schema: Reading CF types id=5a8b1ca8-6602-3f77-a045-9273d308917a version=de51b2ce-5e4d-3b7d-a75f-2204332ce8d1
2020-09-06T07:48:33.728098614Z  INFO  2020-09-06 07:48:33,725 [shard 0] database - Keyspace system_schema: Reading CF aggregates id=924c5587-2e3a-345b-b10c-12f37c1ba895 version=4b53e92c-0368-3d5c-b959-2ec1bfd1a59f
2020-09-06T07:48:35.022606863Z  Traceback (most recent call last):
2020-09-06T07:48:35.022654953Z    File "/opt/scylladb/scripts/libexec/scylla-housekeeping", line 208, in <module>
2020-09-06T07:48:35.022668493Z      args.func(args)
2020-09-06T07:48:35.022679638Z    File "/opt/scylladb/scripts/libexec/scylla-housekeeping", line 134, in check_version
2020-09-06T07:48:35.022690702Z      current_version = sanitize_version(get_api('/storage_service/scylla_release_version'))
2020-09-06T07:48:35.022701526Z    File "/opt/scylladb/scripts/libexec/scylla-housekeeping", line 93, in get_api
2020-09-06T07:48:35.022712613Z      return get_json_from_url("http://" + api_address + path)
2020-09-06T07:48:35.022723685Z    File "/opt/scylladb/scripts/libexec/scylla-housekeeping", line 88, in get_json_from_url
2020-09-06T07:48:35.022734994Z      raise RuntimeError(f'Failed to get "{path}" due to the following error: {retval}')
2020-09-06T07:48:35.022746537Z  RuntimeError: Failed to get "http://localhost:10000/storage_service/scylla_release_version" due to the following error: HTTP Error 404: Not Found
2020-09-06T07:48:38.138644376Z  INFO  2020-09-06 07:48:38,138 [shard 0] database - Populating Keyspace system
2020-09-06T07:48:38.138695690Z  INFO  2020-09-06 07:48:38,138 [shard 0] database - Keyspace system: Reading CF schema_aggregates id=a5fc57fc-9d6c-3bfd-a3fc-01ad54686fea version=d06c934f-9a69-374c-86f1-523ab26fb05c
2020-09-06T07:48:38.138709073Z  INFO  2020-09-06 07:48:38,138 [shard 0] database - Keyspace system: Reading CF schema_triggers id=0359bc71-7123-3ee1-9a4a-b9dfb11fc125 version=75e4ec4c-76da-3f59-984e-66810ba0c62b
2020-09-06T07:48:38.138720800Z  INFO  2020-09-06 07:48:38,138 [shard 0] database - Keyspace system: Reading CF compaction_history id=b4dbb7b4-dc49-3fb5-b3bf-ce6e434832ca version=25cae56a-8d75-39f3-a146-3756ab4981c7
2020-09-06T07:48:38.139024737Z  INFO  2020-09-06 07:48:38,138 [shard 0] database - Keyspace system: Reading CF compactions_in_progress id=55080ab0-5d9c-3886-90a4-acb25fe1f77b version=540263f1-40db-3869-8a38-3baadedc222d
2020-09-06T07:48:38.139051749Z  INFO  2020-09-06 07:48:38,138 [shard 0] database - Keyspace system: Reading CF range_xfers id=55d76438-4e55-3f8b-9f6e-676d4af3976d version=dd15a078-409b-350d-9bef-c5f3520832d8
2020-09-06T07:48:38.139064634Z  INFO  2020-09-06 07:48:38,138 [shard 0] database - Keyspace system: Reading CF scylla_views_builds_in_progress id=a04c7bfd-1e13-36c9-a44d-f22da352281d version=e3fb736c-6956-3990-a31d-9a482279e3fc
2020-09-06T07:48:38.139076170Z  INFO  2020-09-06 07:48:38,138 [shard 0] database - Keyspace system: Reading CF IndexInfo id=9f5c6374-d485-3229-9a0a-5094af9ad1e3 version=bbb3743b-351f-3023-b4fc-09a9be37d529
2020-09-06T07:48:38.139087251Z  INFO  2020-09-06 07:48:38,138 [shard 0] database - Keyspace system: Reading CF cdc_local id=0bcaffd4-0c83-3ead-ad13-dc1d5015b77c version=0aa4d3a2-ed95-3ecd-aba0-cd75622ad290
2020-09-06T07:48:38.139114142Z  INFO  2020-09-06 07:48:38,138 [shard 0] database - Keyspace system: Reading CF schema_columnfamilies id=45f5b360-24bc-3f83-a363-1034ea4fa697 version=7f7a5fea-07b7-304d-a6f8-f7aec72cabdb
2020-09-06T07:48:38.139126217Z  INFO  2020-09-06 07:48:38,138 [shard 0] database - Keyspace system: Reading CF batchlog id=0290003c-977e-397c-ac3e-fdfdc01d626b version=e2a2e804-49e4-3597-9f16-39fd9475835c
2020-09-06T07:48:38.139136894Z  INFO  2020-09-06 07:48:38,138 [shard 0] database - Keyspace system: Reading CF schema_functions id=d1b675fe-2b50-3ca4-8e49-c0f81989dcad version=a50959dd-2be0-3e4e-8bb5-cf40796e256a
2020-09-06T07:48:38.139147402Z  INFO  2020-09-06 07:48:38,138 [shard 0] database - Keyspace system: Reading CF peer_events id=59dfeaea-8db2-3341-91ef-109974d81484 version=7f874a05-72b8-3c21-9acb-baa164fc351a
2020-09-06T07:48:38.139157946Z  INFO  2020-09-06 07:48:38,138 [shard 0] database - Keyspace system: Reading CF local id=7ad54392-bcdd-35a6-8417-4e047860b377 version=7fa82c2e-5b67-37dd-8e5e-2079e18f1536
2020-09-06T07:48:38.139168412Z  INFO  2020-09-06 07:48:38,138 [shard 0] database - Keyspace system: Reading CF clients id=ca0f635d-8630-3609-8d93-a1fc06f2a5e5 version=51273ebf-e6f9-3cd5-b455-ea09ad29796f
2020-09-06T07:48:38.139655635Z  INFO  2020-09-06 07:48:38,138 [shard 0] database - Keyspace system: Reading CF size_estimates id=618f817b-005f-3678-b8a4-53f3930b8e86 version=6d4dbcff-f05b-3dc3-95ad-f79f7b10504d
2020-09-06T07:48:38.139698200Z  INFO  2020-09-06 07:48:38,138 [shard 0] database - Keyspace system: Reading CF large_partitions id=8a7fe624-96b0-34b1-b90e-f71bddcdd2d3 version=04fa9920-9369-3a96-be39-6dd9fdc816b6
2020-09-06T07:48:38.139712203Z  INFO  2020-09-06 07:48:38,138 [shard 0] database - Keyspace system: Reading CF schema_columns id=296e9c04-9bec-3085-827d-c17d3df2122a version=53cfbb66-ee0d-37be-97bb-b2afb3746f85
2020-09-06T07:48:38.139723452Z  INFO  2020-09-06 07:48:38,138 [shard 0] database - Keyspace system: Reading CF built_views id=4b3c50a9-ea87-3d76-9101-6dbc9c38494a version=a28aa0b3-6def-30a7-9fbe-ce78b3f3c9b9
2020-09-06T07:48:38.139735772Z  INFO  2020-09-06 07:48:38,138 [shard 0] database - Keyspace system: Reading CF peers id=37f71aca-7dc2-383b-a706-72528af04d4f version=f6f6871f-8c86-3eca-ac0b-2a2e848e395d
2020-09-06T07:48:38.139746684Z  INFO  2020-09-06 07:48:38,139 [shard 0] database - Keyspace system: Reading CF hints id=2666e205-73ef-38b3-90fe-fecf96e8f0c7 version=0b74fdd1-e96d-309e-a14e-a5bcd7ac885d
2020-09-06T07:48:38.139757283Z  INFO  2020-09-06 07:48:38,139 [shard 0] database - Keyspace system: Reading CF large_rows id=40550f66-0858-39a0-9430-f27fc08034e9 version=aee3acb0-7926-317b-848e-db7bc3721695
2020-09-06T07:48:38.139768288Z  INFO  2020-09-06 07:48:38,139 [shard 0] database - Keyspace system: Reading CF large_cells id=ead8bbc5-f146-3ae1-9f71-0b11f9a1d296 version=0d4a6937-a781-3f87-a192-b4e4a4a40acf
2020-09-06T07:48:38.139792121Z  INFO  2020-09-06 07:48:38,139 [shard 0] database - Keyspace system: Reading CF scylla_local id=2972ec7f-fb20-38dd-aac1-d876f2e3fcbd version=5f0b407d-eedf-3845-a48e-dbb9673d10e1
2020-09-06T07:48:38.139803045Z  INFO  2020-09-06 07:48:38,139 [shard 0] database - Keyspace system: Reading CF views_builds_in_progress id=b7f2c108-78cd-3c80-9cd5-d609b2bd149c version=b905cce5-1474-3085-819a-7592453e2fb9
2020-09-06T07:48:38.139813840Z  INFO  2020-09-06 07:48:38,139 [shard 0] database - Keyspace system: Reading CF schema_usertypes id=3aa75225-4f82-350b-8d5c-430fa221fa0a version=3c53e6bb-56d5-3618-a0b2-4ff5f18127d7
2020-09-06T07:48:38.139838165Z  INFO  2020-09-06 07:48:38,139 [shard 0] database - Keyspace system: Reading CF sstable_activity id=5a1ff267-ace0-3f12-8563-cfae6103c65e version=bdec57a3-b234-334b-be9c-7b1f33113995
2020-09-06T07:48:38.139850637Z  INFO  2020-09-06 07:48:38,139 [shard 0] database - Keyspace system: Reading CF truncated id=38c19fd0-fb86-3310-a4b7-0d0cc66628aa version=6da9a85c-7ae0-3917-aead-54a2f65a57a8
2020-09-06T07:48:38.139861214Z  INFO  2020-09-06 07:48:38,139 [shard 0] database - Keyspace system: Reading CF paxos id=b7b7f0c2-fd0a-3410-8c05-3ef614bb7c2d version=6dd372de-72fb-3e1b-9b8c-f97738a67fe9
2020-09-06T07:48:38.139871890Z  INFO  2020-09-06 07:48:38,139 [shard 0] database - Keyspace system: Reading CF schema_keyspaces id=b0f22357-4458-3cdb-9631-c43e59ce3676 version=84d28cef-59f9-34a9-9be5-31c684997f03
2020-09-06T07:48:46.335504872Z  INFO  2020-09-06 07:48:46,335 [shard 0] init - starting gossip
2020-09-06T07:48:46.336064397Z  WARN  2020-09-06 07:48:46,335 [shard 0] init - Using default cluster name is not recommended. Using a unique cluster name will reduce the chance of adding nodes to the wrong cluster by mistake
2020-09-06T07:48:46.336660110Z  INFO  2020-09-06 07:48:46,336 [shard 0] init - starting storage proxy
2020-09-06T07:48:46.348275265Z  INFO  2020-09-06 07:48:46,347 [shard 0] init - creating hints manager
2020-09-06T07:48:46.349358625Z  INFO  2020-09-06 07:48:46,349 [shard 1] init - creating hints manager
2020-09-06T07:48:46.349859355Z  INFO  2020-09-06 07:48:46,349 [shard 0] init - starting migration manager
2020-09-06T07:48:46.350391900Z  INFO  2020-09-06 07:48:46,350 [shard 0] init - starting query processor
2020-09-06T07:48:46.352175713Z  INFO  2020-09-06 07:48:46,351 [shard 0] init - initializing batchlog manager
2020-09-06T07:48:46.356754366Z  INFO  2020-09-06 07:48:46,356 [shard 0] legacy_schema_migrator - Moving 0 keyspaces from legacy schema tables to the new schema keyspace (system_schema)
2020-09-06T07:48:46.357705833Z  INFO  2020-09-06 07:48:46,357 [shard 0] legacy_schema_migrator - Dropping legacy schema tables
2020-09-06T07:48:55.564187088Z  INFO  2020-09-06 07:48:55,563 [shard 0] legacy_schema_migrator - Completed migration of legacy schema tables
2020-09-06T07:48:55.568197513Z  INFO  2020-09-06 07:48:55,567 [shard 0] init - loading system sstables
2020-09-06T07:49:04.757511573Z  INFO  2020-09-06 07:49:04,756 [shard 0] init - loading non-system sstables
2020-09-06T07:49:11.971405379Z  INFO  2020-09-06 07:49:11,970 [shard 0] database - Populating Keyspace dt
2020-09-06T07:49:11.971454193Z  INFO  2020-09-06 07:49:11,971 [shard 0] database - Keyspace dt: Reading CF source_element_idx_index id=68593f10-d77b-11ea-9877-000000000001 version=33e3f927-f730-3081-88e1-6bed2962e42a
2020-09-06T07:49:11.971468232Z  INFO  2020-09-06 07:49:11,971 [shard 0] database - Keyspace dt: Reading CF element_twin_idx_index id=630ae8b0-d77b-11ea-9877-000000000001 version=bc3026fd-bc4e-318d-b6f4-ca0b566cb74b
2020-09-06T07:49:11.971868145Z  INFO  2020-09-06 07:49:11,971 [shard 0] database - Keyspace dt: Reading CF source id=65ff2270-d77b-11ea-9877-000000000001 version=5f8471b7-7d19-31d4-9be5-0f153affb0bb
2020-09-06T07:49:11.971900858Z  INFO  2020-09-06 07:49:11,971 [shard 0] database - Keyspace dt: Reading CF source_data id=6af6cd50-d77b-11ea-9877-000000000001 version=b52400e3-b307-3141-b3fc-e5d63573f135
2020-09-06T07:49:11.971912740Z  INFO  2020-09-06 07:49:11,971 [shard 0] database - Keyspace dt: Reading CF element id=607549b0-d77b-11ea-9877-000000000001 version=f44a6c4b-69d8-37f2-b116-7260740acc6c
2020-09-06T07:49:11.971923147Z  INFO  2020-09-06 07:49:11,971 [shard 0] database - Keyspace dt: Reading CF twin id=5e00c740-d77b-11ea-9877-000000000001 version=6240633e-c8cc-3fea-a1e3-452eff1b9659
2020-09-06T07:49:11.971948015Z  INFO  2020-09-06 07:49:11,971 [shard 0] database - Keyspace dt: Reading CF user id=5c294820-d77b-11ea-9877-000000000001 version=02cce273-02f1-3e6a-8674-f1016e3f22d7
2020-09-06T07:49:11.971959767Z  INFO  2020-09-06 07:49:11,971 [shard 0] database - Populating Keyspace system_distributed
2020-09-06T07:49:11.971969503Z  INFO  2020-09-06 07:49:11,971 [shard 0] database - Keyspace system_distributed: Reading CF view_build_status id=5582b59f-8e4e-35e1-b913-3acada51eb04 version=e0b6e628-60e0-39a2-ada0-9b6c13bdd9bc
2020-09-06T07:49:11.971979543Z  INFO  2020-09-06 07:49:11,971 [shard 0] database - Keyspace system_distributed: Reading CF cdc_generations id=6a4df139-00b6-3d21-9efc-dade266dc3b7 version=2511b46b-df1d-39fa-9a77-f5cacf88af47
2020-09-06T07:49:11.971989595Z  INFO  2020-09-06 07:49:11,971 [shard 0] database - Keyspace system_distributed: Reading CF cdc_streams id=07405732-4620-34d6-a85e-947248dad9a4 version=b606cfa4-a37b-32bd-a624-e05cab2bed3c
2020-09-06T07:49:11.971999707Z  INFO  2020-09-06 07:49:11,971 [shard 0] database - Populating Keyspace system_auth
2020-09-06T07:49:11.972008953Z  INFO  2020-09-06 07:49:11,971 [shard 0] database - Keyspace system_auth: Reading CF roles id=5bc52802-de25-35ed-aeab-188eecebb090 version=d8f599da-7544-3f57-aa58-b229deea93e0
2020-09-06T07:49:11.972018585Z  INFO  2020-09-06 07:49:11,971 [shard 0] database - Keyspace system_auth: Reading CF role_members id=0ecdaa87-f8fb-3e60-88d1-74fb36fe5c0d version=2923b5bb-f2f8-36e8-9e73-19019900010c
2020-09-06T07:49:11.972030337Z  INFO  2020-09-06 07:49:11,971 [shard 0] database - Populating Keyspace system_traces
2020-09-06T07:49:11.972041453Z  INFO  2020-09-06 07:49:11,971 [shard 0] database - Keyspace system_traces: Reading CF sessions id=c5e99f16-8677-3914-b17e-960613512345 version=e0fc4b06-6cba-3b7b-bfb6-b42a77c370a9
2020-09-06T07:49:11.972051770Z  INFO  2020-09-06 07:49:11,971 [shard 0] database - Keyspace system_traces: Reading CF node_slow_log_time_idx id=f9706768-aa1e-3d87-9e5c-51a3927c2870 version=eaffc0bb-7b2c-3b64-8924-d8ba685120bc
2020-09-06T07:49:11.972061647Z  INFO  2020-09-06 07:49:11,971 [shard 0] database - Keyspace system_traces: Reading CF sessions_time_idx id=0ebf001c-c1d1-3693-9a63-c3d96ac53318 version=cd5d1e5f-1f42-3b9d-a8ba-3af39d59a7d5
2020-09-06T07:49:11.972071308Z  INFO  2020-09-06 07:49:11,971 [shard 0] database - Keyspace system_traces: Reading CF events id=8826e8e9-e16a-3728-8753-3bc1fc713c25 version=41a6b26e-a03b-3ae1-8a4a-b9446e7f9304
2020-09-06T07:49:11.972080897Z  INFO  2020-09-06 07:49:11,971 [shard 0] database - Keyspace system_traces: Reading CF node_slow_log id=bfcc4e62-5b63-3aa1-a1c3-6f5e47f3325c version=23e7a411-8414-340f-854d-20a3a637e438
2020-09-06T07:49:17.269742142Z  INFO  2020-09-06 07:49:17,269 [shard 0] init - starting view update generator
2020-09-06T07:49:17.270453335Z  INFO  2020-09-06 07:49:17,270 [shard 0] init - discovering staging sstables
2020-09-06T07:49:17.271020063Z  INFO  2020-09-06 07:49:17,270 [shard 0] init - setting up system keyspace
2020-09-06T07:49:17.283818200Z  INFO  2020-09-06 07:49:17,283 [shard 0] init - starting commit log
2020-09-06T07:49:17.284656817Z  INFO  2020-09-06 07:49:17,284 [shard 0] compaction - Compacting [/var/lib/scylla/data/system/peers-37f71aca7dc2383ba70672528af04d4f/mc-4-big-Data.db:level=0, /var/lib/scylla/data/system/peers-37f71aca7dc2383ba70672528af04d4f/mc-2-big-Data.db:level=0, ]
2020-09-06T07:49:17.285168044Z  INFO  2020-09-06 07:49:17,284 [shard 0] compaction - Compacting [/var/lib/scylla/data/system/clients-ca0f635d863036098d93a1fc06f2a5e5/mc-10-big-Data.db:level=0, /var/lib/scylla/data/system/clients-ca0f635d863036098d93a1fc06f2a5e5/mc-12-big-Data.db:level=0, ]
2020-09-06T07:49:17.285192698Z  INFO  2020-09-06 07:49:17,284 [shard 0] compaction - Compacting [/var/lib/scylla/data/system/compaction_history-b4dbb7b4dc493fb5b3bfce6e434832ca/mc-190-big-Data.db:level=0, /var/lib/scylla/data/system/compaction_history-b4dbb7b4dc493fb5b3bfce6e434832ca/mc-188-big-Data.db:level=0, ]
2020-09-06T07:49:17.285206013Z  INFO  2020-09-06 07:49:17,284 [shard 0] compaction - Compacting [/var/lib/scylla/data/system/local-7ad54392bcdd35a684174e047860b377/mc-802-big-Data.db:level=0, /var/lib/scylla/data/system/local-7ad54392bcdd35a684174e047860b377/mc-804-big-Data.db:level=0, /var/lib/scylla/data/system/local-7ad54392bcdd35a684174e047860b377/mc-800-big-Data.db:level=0, ]
2020-09-06T07:49:17.285503390Z  INFO  2020-09-06 07:49:17,285 [shard 0] compaction - Compacting [/var/lib/scylla/data/system/truncated-38c19fd0fb863310a4b70d0cc66628aa/mc-350-big-Data.db:level=0, /var/lib/scylla/data/system/truncated-38c19fd0fb863310a4b70d0cc66628aa/mc-348-big-Data.db:level=0, ]
2020-09-06T07:49:17.286128705Z  INFO  2020-09-06 07:49:17,285 [shard 1] compaction - Compacting [/var/lib/scylla/data/system_schema/dropped_columns-5e7583b5f3f43af19a39b7e1d6f5f11f/mc-201-big-Data.db:level=0, /var/lib/scylla/data/system_schema/dropped_columns-5e7583b5f3f43af19a39b7e1d6f5f11f/mc-199-big-Data.db:level=0, ]
2020-09-06T07:49:17.286641424Z  INFO  2020-09-06 07:49:17,286 [shard 1] compaction - Compacting [/var/lib/scylla/data/system_schema/functions-96489b7980be3e14a70166a0b9159450/mc-133-big-Data.db:level=0, /var/lib/scylla/data/system_schema/functions-96489b7980be3e14a70166a0b9159450/mc-135-big-Data.db:level=0, ]
2020-09-06T07:49:17.287212374Z  INFO  2020-09-06 07:49:17,286 [shard 1] compaction - Compacting [/var/lib/scylla/data/system/compaction_history-b4dbb7b4dc493fb5b3bfce6e434832ca/mc-201-big-Data.db:level=0, /var/lib/scylla/data/system/compaction_history-b4dbb7b4dc493fb5b3bfce6e434832ca/mc-199-big-Data.db:level=0, ]
2020-09-06T07:49:17.287762638Z  INFO  2020-09-06 07:49:17,287 [shard 1] compaction - Compacting [/var/lib/scylla/data/system_schema/columns-24101c25a2ae3af787c1b40ee1aca33f/mc-203-big-Data.db:level=0, /var/lib/scylla/data/system_schema/columns-24101c25a2ae3af787c1b40ee1aca33f/mc-201-big-Data.db:level=0, ]
2020-09-06T07:49:17.288309418Z  INFO  2020-09-06 07:49:17,288 [shard 1] compaction - Compacting [/var/lib/scylla/data/system_schema/scylla_tables-5d912ff1f7593665b2c88042ab5103dd/mc-193-big-Data.db:level=0, /var/lib/scylla/data/system_schema/scylla_tables-5d912ff1f7593665b2c88042ab5103dd/mc-191-big-Data.db:level=0, ]
2020-09-06T07:49:17.288818755Z  INFO  2020-09-06 07:49:17,288 [shard 1] compaction - Compacting [/var/lib/scylla/data/dt/source_data-6af6cd50d77b11ea9877000000000001/mc-139-big-Data.db:level=0, /var/lib/scylla/data/dt/source_data-6af6cd50d77b11ea9877000000000001/mc-137-big-Data.db:level=0, ]
2020-09-06T07:49:17.291536652Z  INFO  2020-09-06 07:49:17,291 [shard 0] init - initializing migration manager RPC verbs
2020-09-06T07:49:17.292388281Z  INFO  2020-09-06 07:49:17,292 [shard 0] init - initializing storage proxy RPC verbs
2020-09-06T07:49:17.293062949Z  INFO  2020-09-06 07:49:17,292 [shard 0] init - starting streaming service
2020-09-06T07:49:17.294520960Z  INFO  2020-09-06 07:49:17,294 [shard 0] init - starting hinted handoff manager
2020-09-06T07:49:18.764474695Z  INFO  2020-09-06 07:49:18,763 [shard 0] compaction - Compacted 2 sstables to []. 10951 bytes to 0 (~0% of original) in 0ms = 0.00MB/s. ~256 total partitions merged to 0.
2020-09-06T07:49:18.990627773Z  INFO  2020-09-06 07:49:18,989 [shard 0] init - starting messaging service
2020-09-06T07:49:18.991428180Z  INFO  2020-09-06 07:49:18,990 [shard 0] repair - Setting max_repair_memory=126248550, max_repair_memory_per_range=33554432, max_repair_ranges_in_parallel=3
2020-09-06T07:49:18.992387725Z  INFO  2020-09-06 07:49:18,991 [shard 0] init - starting storage service
2020-09-06T07:49:18.992422827Z  INFO  2020-09-06 07:49:18,991 [shard 0] compaction - Compacted 2 sstables to []. 25455 bytes to 0 (~0% of original) in 5ms = 0.00MB/s. ~256 total partitions merged to 0.
2020-09-06T07:49:18.994543411Z  INFO  2020-09-06 07:49:18,993 [shard 0] storage_service - Loading persisted ring state
2020-09-06T07:49:18.997471066Z  INFO  2020-09-06 07:49:18,996 [shard 0] storage_service - loaded_peer_features: peer_features size=0
2020-09-06T07:49:18.997509434Z  INFO  2020-09-06 07:49:18,996 [shard 0] storage_service - Checking remote features skipped, since this node is a new seed node which knows nothing about the cluster
2020-09-06T07:49:18.999507689Z  INFO  2020-09-06 07:49:18,999 [shard 0] storage_service - Restarting a node in NORMAL status
2020-09-06T07:49:19.032220283Z  INFO  2020-09-06 07:49:19,031 [shard 0] database - Schema version changed to 3f00f995-6495-3765-8599-4e76a2f4c6b2
2020-09-06T07:49:19.032555582Z  INFO  2020-09-06 07:49:19,031 [shard 0] storage_service - Starting up server gossip
2020-09-06T07:49:20.644359866Z  INFO  2020-09-06 07:49:20,643 [shard 1] compaction - Compacting [/var/lib/scylla/data/system_schema/view_virtual_columns-08843b6345dc3be29798a0418295cfaa/mc-143-big-Data.db:level=0, /var/lib/scylla/data/system_schema/view_virtual_columns-08843b6345dc3be29798a0418295cfaa/mc-141-big-Data.db:level=0, ]
2020-09-06T07:49:20.644900955Z  INFO  2020-09-06 07:49:20,644 [shard 1] compaction - Compacting [/var/lib/scylla/data/system_schema/triggers-4df70b666b05325195a132b54005fd48/mc-133-big-Data.db:level=0, /var/lib/scylla/data/system_schema/triggers-4df70b666b05325195a132b54005fd48/mc-135-big-Data.db:level=0, ]
2020-09-06T07:49:20.646097417Z  INFO  2020-09-06 07:49:20,645 [shard 1] compaction - Compacting [/var/lib/scylla/data/system_schema/tables-afddfb9dbc1e30688056eed6c302ba09/mc-195-big-Data.db:level=0, /var/lib/scylla/data/system_schema/tables-afddfb9dbc1e30688056eed6c302ba09/mc-193-big-Data.db:level=0, ]
2020-09-06T07:49:21.725156543Z  INFO  2020-09-06 07:49:21,724 [shard 0] messaging_service - Starting Messaging Service on port 7000
2020-09-06T07:49:22.489991542Z  INFO  2020-09-06 07:49:22,489 [shard 0] compaction - Compacted 3 sstables to [/var/lib/scylla/data/system/local-7ad54392bcdd35a684174e047860b377/mc-806-big-Data.db:level=0, ]. 24429 bytes to 12434 (~50% of original) in 4067ms = 0.00MB/s. ~384 total partitions merged to 1.
2020-09-06T07:49:22.490547430Z  INFO  2020-09-06 07:49:22,490 [shard 0] compaction - Compacted 2 sstables to [/var/lib/scylla/data/system/truncated-38c19fd0fb863310a4b70d0cc66628aa/mc-352-big-Data.db:level=0, ]. 82080 bytes to 76843 (~93% of original) in 4067ms = 0.02MB/s. ~256 total partitions merged to 3.
2020-09-06T07:49:22.490589477Z  INFO  2020-09-06 07:49:22,490 [shard 0] compaction - Compacted 2 sstables to [/var/lib/scylla/data/system/compaction_history-b4dbb7b4dc493fb5b3bfce6e434832ca/mc-192-big-Data.db:level=0, ]. 243544 bytes to 158816 (~65% of original) in 4068ms = 0.04MB/s. ~1152 total partitions merged to 965.
2020-09-06T07:49:22.491782321Z  INFO  2020-09-06 07:49:22,491 [shard 0] compaction - Compacting [/var/lib/scylla/data/system/local-7ad54392bcdd35a684174e047860b377/mc-808-big-Data.db:level=0, /var/lib/scylla/data/system/local-7ad54392bcdd35a684174e047860b377/mc-806-big-Data.db:level=0, ]
2020-09-06T07:49:22.946407118Z  INFO  2020-09-06 07:49:22,945 [shard 1] compaction - Compacted 2 sstables to [/var/lib/scylla/data/dt/source_data-6af6cd50d77b11ea9877000000000001/mc-141-big-Data.db:level=0, ]. 6759241 bytes to 6754130 (~99% of original) in 3353ms = 1.92MB/s. ~256 total partitions merged to 1.
2020-09-06T07:49:22.946471342Z  INFO  2020-09-06 07:49:22,945 [shard 1] compaction - Compacted 2 sstables to [/var/lib/scylla/data/system_schema/dropped_columns-5e7583b5f3f43af19a39b7e1d6f5f11f/mc-203-big-Data.db:level=0, ]. 78613 bytes to 39475 (~50% of original) in 3357ms = 0.01MB/s. ~256 total partitions merged to 2.
2020-09-06T07:49:22.947610055Z  INFO  2020-09-06 07:49:22,946 [shard 1] compaction - Compacted 2 sstables to [/var/lib/scylla/data/system_schema/functions-96489b7980be3e14a70166a0b9159450/mc-137-big-Data.db:level=0, ]. 78943 bytes to 39627 (~50% of original) in 3357ms = 0.01MB/s. ~256 total partitions merged to 2.
2020-09-06T07:49:22.947651788Z  INFO  2020-09-06 07:49:22,947 [shard 1] compaction - Compacted 2 sstables to [/var/lib/scylla/data/system/compaction_history-b4dbb7b4dc493fb5b3bfce6e434832ca/mc-203-big-Data.db:level=0, ]. 263022 bytes to 162364 (~61% of original) in 3358ms = 0.05MB/s. ~1152 total partitions merged to 1024.
2020-09-06T07:49:22.947700508Z  INFO  2020-09-06 07:49:22,947 [shard 1] compaction - Compacted 2 sstables to [/var/lib/scylla/data/system_schema/scylla_tables-5d912ff1f7593665b2c88042ab5103dd/mc-195-big-Data.db:level=0, ]. 80994 bytes to 40716 (~50% of original) in 3357ms = 0.01MB/s. ~256 total partitions merged to 2.
2020-09-06T07:49:22.950969966Z  INFO  2020-09-06 07:49:22,950 [shard 1] compaction - Compacted 2 sstables to [/var/lib/scylla/data/system_schema/columns-24101c25a2ae3af787c1b40ee1aca33f/mc-205-big-Data.db:level=0, ]. 118314 bytes to 72734 (~61% of original) in 3358ms = 0.02MB/s. ~256 total partitions merged to 6.
2020-09-06T07:49:24.079331115Z  INFO  2020-09-06 07:49:24,078 [shard 1] compaction - Compacting [/var/lib/scylla/data/system_schema/keyspaces-abac5682dea631c5b535b3d6cffd0fb6/mc-215-big-Data.db:level=0, /var/lib/scylla/data/system_schema/keyspaces-abac5682dea631c5b535b3d6cffd0fb6/mc-213-big-Data.db:level=0, ]
2020-09-06T07:49:24.081089981Z  INFO  2020-09-06 07:49:24,080 [shard 1] compaction - Compacting [/var/lib/scylla/data/system_schema/types-5a8b1ca866023f77a0459273d308917a/mc-133-big-Data.db:level=0, /var/lib/scylla/data/system_schema/types-5a8b1ca866023f77a0459273d308917a/mc-131-big-Data.db:level=0, ]
2020-09-06T07:49:24.108784775Z  INFO  2020-09-06 07:49:24,108 [shard 0] compaction - Compacted 2 sstables to [/var/lib/scylla/data/system/local-7ad54392bcdd35a684174e047860b377/mc-810-big-Data.db:level=0, ]. 19039 bytes to 12272 (~64% of original) in 1175ms = 0.01MB/s. ~256 total partitions merged to 1.
2020-09-06T07:49:25.292988359Z  INFO  2020-09-06 07:49:25,292 [shard 1] compaction - Compacted 2 sstables to [/var/lib/scylla/data/system_schema/tables-afddfb9dbc1e30688056eed6c302ba09/mc-197-big-Data.db:level=0, ]. 112330 bytes to 68668 (~61% of original) in 3431ms = 0.02MB/s. ~256 total partitions merged to 6.
2020-09-06T07:49:25.326388446Z  INFO  2020-09-06 07:49:25,325 [shard 1] compaction - Compacted 2 sstables to [/var/lib/scylla/data/system_schema/view_virtual_columns-08843b6345dc3be29798a0418295cfaa/mc-145-big-Data.db:level=0, ]. 85737 bytes to 46603 (~54% of original) in 3434ms = 0.01MB/s. ~256 total partitions merged to 3.
2020-09-06T07:49:25.405142785Z  INFO  2020-09-06 07:49:25,404 [shard 1] compaction - Compacted 2 sstables to [/var/lib/scylla/data/system_schema/triggers-4df70b666b05325195a132b54005fd48/mc-137-big-Data.db:level=0, ]. 78411 bytes to 39361 (~50% of original) in 3435ms = 0.01MB/s. ~256 total partitions merged to 2.
2020-09-06T07:49:26.171723535Z  INFO  2020-09-06 07:49:26,170 [shard 1] compaction - Compacting [/var/lib/scylla/data/system_schema/aggregates-924c55872e3a345bb10c12f37c1ba895/mc-127-big-Data.db:level=0, /var/lib/scylla/data/system_schema/aggregates-924c55872e3a345bb10c12f37c1ba895/mc-125-big-Data.db:level=0, ]
2020-09-06T07:49:26.173310662Z  INFO  2020-09-06 07:49:26,172 [shard 1] compaction - Compacting [/var/lib/scylla/data/system_schema/indexes-0feb57ac311f382fba6d9024d305702f/mc-201-big-Data.db:level=0, /var/lib/scylla/data/system_schema/indexes-0feb57ac311f382fba6d9024d305702f/mc-199-big-Data.db:level=0, ]
2020-09-06T07:49:27.041490432Z  INFO  2020-09-06 07:49:27,040 [shard 1] compaction - Compacted 2 sstables to [/var/lib/scylla/data/system_schema/types-5a8b1ca866023f77a0459273d308917a/mc-135-big-Data.db:level=0, ]. 78533 bytes to 39422 (~50% of original) in 2090ms = 0.02MB/s. ~256 total partitions merged to 2.
2020-09-06T07:49:27.042586171Z  INFO  2020-09-06 07:49:27,042 [shard 1] compaction - Compacted 2 sstables to [/var/lib/scylla/data/system_schema/keyspaces-abac5682dea631c5b535b3d6cffd0fb6/mc-217-big-Data.db:level=0, ]. 100572 bytes to 61469 (~61% of original) in 2094ms = 0.03MB/s. ~256 total partitions merged to 6.
2020-09-06T07:49:27.821148457Z  INFO  2020-09-06 07:49:27,820 [shard 1] compaction - Compacting [/var/lib/scylla/data/system_schema/computed_columns-cc7c7069374033c192a4c3de78dbd2c4/mc-191-big-Data.db:level=0, /var/lib/scylla/data/system_schema/computed_columns-cc7c7069374033c192a4c3de78dbd2c4/mc-189-big-Data.db:level=0, ]
2020-09-06T07:49:27.823351096Z  INFO  2020-09-06 07:49:27,822 [shard 1] compaction - Compacting [/var/lib/scylla/data/system_schema/views-9786ac1cdd583201a7cdad556410c985/mc-135-big-Data.db:level=0, /var/lib/scylla/data/system_schema/views-9786ac1cdd583201a7cdad556410c985/mc-133-big-Data.db:level=0, ]
2020-09-06T07:49:28.782519848Z  INFO  2020-09-06 07:49:28,782 [shard 1] compaction - Compacted 2 sstables to [/var/lib/scylla/data/system_schema/aggregates-924c55872e3a345bb10c12f37c1ba895/mc-129-big-Data.db:level=0, ]. 78749 bytes to 39530 (~50% of original) in 1650ms = 0.02MB/s. ~256 total partitions merged to 2.
2020-09-06T07:49:29.242795351Z  INFO  2020-09-06 07:49:29,242 [shard 1] compaction - Compacted 2 sstables to [/var/lib/scylla/data/system_schema/indexes-0feb57ac311f382fba6d9024d305702f/mc-203-big-Data.db:level=0, ]. 85562 bytes to 46467 (~54% of original) in 1650ms = 0.03MB/s. ~256 total partitions merged to 3.
2020-09-06T07:49:31.003652090Z  INFO  2020-09-06 07:49:31,002 [shard 1] compaction - Compacting [/var/lib/scylla/data/system/truncated-38c19fd0fb863310a4b70d0cc66628aa/mc-193-big-Data.db:level=0, /var/lib/scylla/data/system/truncated-38c19fd0fb863310a4b70d0cc66628aa/mc-191-big-Data.db:level=0, ]
2020-09-06T07:49:32.502299256Z  INFO  2020-09-06 07:49:32,501 [shard 1] compaction - Compacted 2 sstables to [/var/lib/scylla/data/system_schema/views-9786ac1cdd583201a7cdad556410c985/mc-137-big-Data.db:level=0, ]. 88726 bytes to 48225 (~54% of original) in 3179ms = 0.01MB/s. ~256 total partitions merged to 3.
2020-09-06T07:49:32.502917827Z  INFO  2020-09-06 07:49:32,502 [shard 1] compaction - Compacted 2 sstables to [/var/lib/scylla/data/system_schema/computed_columns-cc7c7069374033c192a4c3de78dbd2c4/mc-193-big-Data.db:level=0, ]. 85222 bytes to 46295 (~54% of original) in 3181ms = 0.01MB/s. ~256 total partitions merged to 3.
2020-09-06T07:49:33.499487846Z  INFO  2020-09-06 07:49:33,498 [shard 1] compaction - Compacted 2 sstables to [/var/lib/scylla/data/system/truncated-38c19fd0fb863310a4b70d0cc66628aa/mc-195-big-Data.db:level=0, ]. 147936 bytes to 74116 (~50% of original) in 2167ms = 0.03MB/s. ~256 total partitions merged to 6.
2020-09-06T07:49:33.729189471Z  INFO  2020-09-06 07:49:33,728 [shard 0] gossip - No gossip backlog; proceeding
2020-09-06T07:49:33.731225530Z  INFO  2020-09-06 07:49:33,730 [shard 0] features - Feature COMPUTED_COLUMNS is enabled
2020-09-06T07:49:33.731275170Z  INFO  2020-09-06 07:49:33,730 [shard 0] features - Feature CORRECT_COUNTER_ORDER is enabled
2020-09-06T07:49:33.731297726Z  INFO  2020-09-06 07:49:33,730 [shard 0] features - Feature CORRECT_NON_COMPOUND_RANGE_TOMBSTONES is enabled
2020-09-06T07:49:33.731317853Z  INFO  2020-09-06 07:49:33,730 [shard 0] features - Feature CORRECT_STATIC_COMPACT_IN_MC is enabled
2020-09-06T07:49:33.731337413Z  INFO  2020-09-06 07:49:33,730 [shard 0] features - Feature COUNTERS is enabled
2020-09-06T07:49:33.731357080Z  INFO  2020-09-06 07:49:33,730 [shard 0] features - Feature DIGEST_INSENSITIVE_TO_EXPIRY is enabled
2020-09-06T07:49:33.732105901Z  INFO  2020-09-06 07:49:33,730 [shard 0] features - Feature DIGEST_MULTIPARTITION_READ is enabled
2020-09-06T07:49:33.732125478Z  INFO  2020-09-06 07:49:33,730 [shard 0] features - Feature HINTED_HANDOFF_SEPARATE_CONNECTION is enabled
2020-09-06T07:49:33.732136341Z  INFO  2020-09-06 07:49:33,730 [shard 0] features - Feature INDEXES is enabled
2020-09-06T07:49:33.732146579Z  INFO  2020-09-06 07:49:33,730 [shard 0] features - Feature LARGE_PARTITIONS is enabled
2020-09-06T07:49:33.732169995Z  INFO  2020-09-06 07:49:33,730 [shard 0] features - Feature LWT is enabled
2020-09-06T07:49:33.732189979Z  INFO  2020-09-06 07:49:33,730 [shard 0] features - Feature MATERIALIZED_VIEWS is enabled
2020-09-06T07:49:33.732210086Z  INFO  2020-09-06 07:49:33,731 [shard 0] features - Feature MC_SSTABLE_FORMAT is enabled
2020-09-06T07:49:33.732229759Z  INFO  2020-09-06 07:49:33,731 [shard 0] features - Feature NONFROZEN_UDTS is enabled
2020-09-06T07:49:33.732249333Z  INFO  2020-09-06 07:49:33,731 [shard 0] features - Feature PER_TABLE_PARTITIONERS is enabled
2020-09-06T07:49:33.732296061Z  INFO  2020-09-06 07:49:33,731 [shard 0] features - Feature RANGE_TOMBSTONES is enabled
2020-09-06T07:49:33.732318084Z  INFO  2020-09-06 07:49:33,731 [shard 0] features - Feature ROLES is enabled
2020-09-06T07:49:33.732336894Z  INFO  2020-09-06 07:49:33,731 [shard 0] features - Feature ROW_LEVEL_REPAIR is enabled
2020-09-06T07:49:33.732355937Z  INFO  2020-09-06 07:49:33,731 [shard 0] features - Feature SCHEMA_TABLES_V3 is enabled
2020-09-06T07:49:33.732374877Z  INFO  2020-09-06 07:49:33,731 [shard 0] features - Feature STREAM_WITH_RPC_STREAM is enabled
2020-09-06T07:49:33.732393924Z  INFO  2020-09-06 07:49:33,731 [shard 0] features - Feature TRUNCATION_TABLE is enabled
2020-09-06T07:49:33.732413375Z  INFO  2020-09-06 07:49:33,731 [shard 0] system_keyspace - Got cluster agreement on truncation table feature. Removing legacy records.
2020-09-06T07:49:33.732433748Z  INFO  2020-09-06 07:49:33,731 [shard 0] features - Feature UNBOUNDED_RANGE_TOMBSTONES is enabled
2020-09-06T07:49:33.732453502Z  INFO  2020-09-06 07:49:33,731 [shard 0] features - Feature VIEW_VIRTUAL_COLUMNS is enabled
2020-09-06T07:49:33.732472698Z  INFO  2020-09-06 07:49:33,731 [shard 0] features - Feature WRITE_FAILURE_REPLY is enabled
2020-09-06T07:49:33.732492549Z  INFO  2020-09-06 07:49:33,731 [shard 0] features - Feature XXHASH is enabled
2020-09-06T07:49:33.733357865Z  INFO  2020-09-06 07:49:33,731 [shard 0] system_keyspace - Legacy records deleted.
2020-09-06T07:49:33.735146863Z  INFO  2020-09-06 07:49:33,734 [shard 0] init - starting system distributed keyspace
2020-09-06T07:49:33.740072536Z  INFO  2020-09-06 07:49:33,739 [shard 0] storage_service - Using saved tokens {943448605036726745, 9061580907506437136, 8957018461898327244, 8813999419995718088, 8775859223532977932, 873311388414975666, 8707696313600310498, 8675978575875245837, 855031166620283245, 8476533345381470087, 8413544620893079714, 8382283044476755854, 7804258889026263620, 778239093056833917, 7732629563319678675, 7564694057214588647, 747840302865059114, 7255484784972643852, 700944770677405149, 7009081579420542256, 7354219953741161264, 6974970471767945112, 6788034976878782500, 667581605220131528, 6496091893897576732, 6478032244021912394, 6420907855788431922, 8777890816944145805, 6381418245203458391, 6358173612251239308, 6302443190184390149, 6115776390551923703, 5906838239532612246, 5890706123786165213, 588034934972968299, 5848278814186320030, 5834675951458569055, 5796254206948921528, -6441145814158460549, 7172238068082229918, -6238625478980828395, -6199824488038647909, -572473923349256348, -5526097868254533829, -5508289632699420366, -6338043935148530859, 4738411181964629022, -5411685484465544274, 5103660925946342563, -5360532551957069796, -5246840897237646542, -8953406550820932827, -511676141100664160, -4872163430844150374, 5153854518462400651, -4829128129506020031, 6818717460470417221, -4735496583611878200, -7913213531410876291, -8612347190400988175, 3361838207769500988, -4770694758141334815, 3533570692245755170, -3014142033706378490, -6648258355715071793, 105268539462240253, 6448269612184381105, 3941245744356891698, -4925670906471950289, -6853270293933441203, -431455211546220291, -4106310081010891923, -4280461110562472301, -4231054370802445643, 4453520694484038438, -5140544052953576706, -7341700934491837716, -4177024142024341044, -2365586676906010085, -4368295386640868227, -6779834804380741154, 7103497347382660592, -471701403720839764, -2187125227394891465, -1593748153114868683, 8325613099551670589, -6017078328443447975, 408961909545308462, -3256341547923989103, 1911454556365012923, -2135119982021577211, -6104126434670973331, -1614584707908969492, -5285270377043925775, 194223785007163967, 3556932048290112968, 4378909036113166689, -2319706609635128471, 782580883702972777, -3880555618453256762, -2879534723161185431, 7469085752185829039, -8001902308657073600, -1522914538603683793, 784130423392421222, -3409621329811667263, -5136236598692180863, -2640475812391264528, 3907413558358164712, -2166731983266837511, -8529251962487546573, -5228242602708342126, -6263078841153087564, -1295419475388780424, 5311755414232655734, -4113405879925637368, 2104079815049743807, -105211415949921556, -1004253484774030395, -6093280019772326743, -1363472444035739717, 7772390126184307669, 3373616921334842984, -3428624778218969630, -4475005699924690030, -1207620414022812792, -4203952547861361192, -4895652206680369668, 5569071124009844993, -2800260328053956713, 1033733984444816800, -1761718599052329021, -6249520955674807415, -6810383749951706976, -2391018463907211455, -3729138346528579520, -3942245253345029362, -1032698423218536378, 2233495137371904435, -1970747149103226319, 2531294222158762011, 4445989245037378795, -2648919406212884980, 800062458669145892, -6586482614645135705, -8855822008500182327, -2076430708060394350, -6127879535600466936, 5017042126534426855, -6767019288334108993, -6985294397658573838, -2605645373691895986, 2542018259596577135, -2699231837109027988, -9132047842757487932, 9066588519930559993, -4601858807243735115, 1470306277250886071, 1688077838521597411, -2700796200994103492, -5656441245782528349, 3822141065635310082, -4415280594152455372, -1709100826419756065, -2732234699235264563, -3101294897153501639, 6933997554702494562, -4541237399207364623, 1251119865371637993, -3280527161887251879, -4007868363884276055, -4134923634748466107, -5595342098352848506, 533209426647054698, 285540986842976874, -4193553788022177878, -7111183380354176443, 7880345233810794046, -7190282066974323895, -7232953798633244985, -7512330892235471280, -889434854029329118, 9122882257136270100, 3909145942678699742, 2870638580126821409, -2685359252619347507, 4540975434217357056, 1912522665107890116, -1474028219808469861, -7767361191227918078, -8495384334141326469, -8024675672634848221, -8352632933072691056, -1084614158625469139, -8372022353883945178, -1171738939209168407, -8485257529464526975, -8549013321787275289, -7405825010257289618, -8694753427154041557, -9173155356561330710, -3164480873853500968, 1172299952227812636, 1535311813904826318, 156312151312654313, 2050968450175517454, 1018091569669202328, 1574734081023094222, 214428871588027420, -5095673126210616552, 2431756818088451524, -1208769590907790735, 3022913469242457337, 2609254198811139442, 5396954320704971060, 284028081363756156, -184157634332906914, 2879924223908633556, 3014475854062098037, 8280511155447462154, 3058186759042775792, 3100842289958262644, -769344519844763244, 3287699046743316011, 7743526815996532326, -7148146405116016542, 352278596429886466, 3606629961194077343, 3840184102447470012, -4623422606623793434, 3924960423780627192, 4660022660859336370, 5401470720317959250, 3979649323160207298, 4037379789709069307, 790424663468033093, 5150907166433009570, 4083460330442256183, 4262233236239091105, 4461207940793579131, 7222389702734437292, 4497639963855891379, 5935809959838255935, 525652295242460822, -9210810031089136649, 3145063885579200582, 5102381975608989830, 5104799485589097680, -467985751191813914, 5122450296475986719, 5256736089695841171, 5341717901052361821, 5441044328235651423, 5661405961885371428, -6303682351633097607, 5704999654143823990}
2020-09-06T07:49:33.764929722Z  INFO  2020-09-06 07:49:33,764 [shard 0] database - Schema version changed to e1b2d478-e5f2-30c4-b994-d93919918df3
2020-09-06T07:49:33.765914005Z  INFO  2020-09-06 07:49:33,765 [shard 0] database - Schema version changed to e1b2d478-e5f2-30c4-b994-d93919918df3
2020-09-06T07:49:33.767356657Z  INFO  2020-09-06 07:49:33,767 [shard 0] database - Schema version changed to 0e03d198-385b-3f36-8c34-c3f5846bbbac
2020-09-06T07:49:35.105091196Z  INFO  2020-09-06 07:49:35,104 [shard 0] compaction - Compacting [/var/lib/scylla/data/system/local-7ad54392bcdd35a684174e047860b377/mc-812-big-Data.db:level=0, /var/lib/scylla/data/system/local-7ad54392bcdd35a684174e047860b377/mc-810-big-Data.db:level=0, ]
2020-09-06T07:49:35.109263858Z  INFO  2020-09-06 07:49:35,108 [shard 0] storage_service - Node 10.0.49.3 state jump to normal
2020-09-06T07:49:35.109302488Z  INFO  2020-09-06 07:49:35,108 [shard 0] storage_service - Remove node 10.0.49.3 from pending replacing endpoint
2020-09-06T07:49:36.043395936Z  INFO  2020-09-06 07:49:36,042 [shard 1] compaction - Compacting [/var/lib/scylla/data/system/peers-37f71aca7dc2383ba70672528af04d4f/mc-9-big-Data.db:level=0, /var/lib/scylla/data/system/peers-37f71aca7dc2383ba70672528af04d4f/mc-7-big-Data.db:level=0, ]
2020-09-06T07:49:36.044978036Z  INFO  2020-09-06 07:49:36,044 [shard 0] storage_service - NORMAL: node is now in normal status
2020-09-06T07:49:36.045005258Z  INFO  2020-09-06 07:49:36,044 [shard 0] cdc - No generation seen during startup.
2020-09-06T07:49:36.046796933Z  INFO  2020-09-06 07:49:36,046 [shard 0] init - starting tracing
2020-09-06T07:49:36.047665083Z  INFO  2020-09-06 07:49:36,047 [shard 0] storage_service - SSTable data integrity checker is disabled.
2020-09-06T07:49:36.048246742Z  INFO  2020-09-06 07:49:36,047 [shard 0] init - starting batchlog manager
2020-09-06T07:49:36.049100311Z  INFO  2020-09-06 07:49:36,048 [shard 0] init - starting load meter
2020-09-06T07:49:36.049124746Z  INFO  2020-09-06 07:49:36,048 [shard 0] init - starting cf cache hit rate calculator
2020-09-06T07:49:36.049815478Z  INFO  2020-09-06 07:49:36,049 [shard 0] init - starting view update backlog broker
2020-09-06T07:49:36.050797308Z  INFO  2020-09-06 07:49:36,050 [shard 0] init - Waiting for gossip to settle before accepting client requests...
2020-09-06T07:49:36.315700859Z  INFO  2020-09-06 07:49:36,315 [shard 1] compaction - Compacted 2 sstables to []. 10954 bytes to 0 (~0% of original) in 0ms = 0.00MB/s. ~256 total partitions merged to 0.
2020-09-06T07:49:36.316382417Z  INFO  2020-09-06 07:49:36,315 [shard 0] compaction - Compacted 2 sstables to [/var/lib/scylla/data/system/local-7ad54392bcdd35a684174e047860b377/mc-816-big-Data.db:level=0, ]. 18351 bytes to 12070 (~65% of original) in 938ms = 0.01MB/s. ~256 total partitions merged to 1.
2020-09-06T07:49:36.317101471Z  INFO  2020-09-06 07:49:36,316 [shard 0] compaction - Compacting [/var/lib/scylla/data/system/local-7ad54392bcdd35a684174e047860b377/mc-814-big-Data.db:level=0, /var/lib/scylla/data/system/local-7ad54392bcdd35a684174e047860b377/mc-816-big-Data.db:level=0, ]
2020-09-06T07:49:36.770030055Z  INFO  2020-09-06 07:49:36,769 [shard 0] compaction - Compacted 2 sstables to [/var/lib/scylla/data/system/local-7ad54392bcdd35a684174e047860b377/mc-818-big-Data.db:level=0, ]. 18169 bytes to 12074 (~66% of original) in 353ms = 0.03MB/s. ~256 total partitions merged to 1.
2020-09-06T07:49:48.052989316Z  INFO  2020-09-06 07:49:48,051 [shard 0] gossip - No gossip backlog; proceeding
2020-09-06T07:49:48.053071501Z  INFO  2020-09-06 07:49:48,051 [shard 0] init - allow replaying hints
2020-09-06T07:49:48.053126611Z  INFO  2020-09-06 07:49:48,051 [shard 0] init - Launching generate_mv_updates for non system tables
2020-09-06T07:49:48.053149988Z  INFO  2020-09-06 07:49:48,052 [shard 0] init - starting the view builder
2020-09-06T07:49:48.733439377Z  INFO  2020-09-06 07:49:48,730 [shard 0] init - starting native transport
2020-09-06T07:49:48.733490008Z  INFO  2020-09-06 07:49:48,730 [shard 0] compaction - Compacting [/var/lib/scylla/data/system/truncated-38c19fd0fb863310a4b70d0cc66628aa/mc-354-big-Data.db:level=0, /var/lib/scylla/data/system/truncated-38c19fd0fb863310a4b70d0cc66628aa/mc-352-big-Data.db:level=0, ]
2020-09-06T07:49:48.733506046Z  INFO  2020-09-06 07:49:48,731 [shard 0] storage_service - Starting listening for CQL clients on 10.0.49.3:9042 (unencrypted)
2020-09-06T07:49:48.733517276Z  INFO  2020-09-06 07:49:48,732 [shard 0] storage_service - Thrift server listening on 10.0.49.3:9160 ...
2020-09-06T07:49:48.733527644Z  INFO  2020-09-06 07:49:48,732 [shard 0] init - serving
2020-09-06T07:49:48.733537706Z  INFO  2020-09-06 07:49:48,733 [shard 0] init - Scylla version 4.1.6-0.20200831.6d9ff622df initialization completed.
2020-09-06T07:49:49.800365789Z  INFO  2020-09-06 07:49:49,799 [shard 0] compaction - Compacted 2 sstables to [/var/lib/scylla/data/system/truncated-38c19fd0fb863310a4b70d0cc66628aa/mc-356-big-Data.db:level=0, ]. 82076 bytes to 76842 (~93% of original) in 590ms = 0.12MB/s. ~256 total partitions merged to 3.
2020-09-06T08:00:44.942893693Z  INFO  2020-09-06 08:00:44,942 [shard 0] compaction - Compacting [/var/lib/scylla/data/system/clients-ca0f635d863036098d93a1fc06f2a5e5/mc-16-big-Data.db:level=0, /var/lib/scylla/data/system/clients-ca0f635d863036098d93a1fc06f2a5e5/mc-14-big-Data.db:level=0, ]
2020-09-06T08:00:45.391253899Z  INFO  2020-09-06 08:00:45,390 [shard 0] compaction - Compacted 2 sstables to [/var/lib/scylla/data/system/clients-ca0f635d863036098d93a1fc06f2a5e5/mc-18-big-Data.db:level=0, ]. 107099 bytes to 5995 (~5% of original) in 362ms = 0.02MB/s. ~256 total partitions merged to 1.
2020-09-06T08:05:23.440862989Z  INFO  2020-09-06 08:05:23,440 [shard 0] compaction - Compacting [/var/lib/scylla/data/system/clients-ca0f635d863036098d93a1fc06f2a5e5/mc-18-big-Data.db:level=0, /var/lib/scylla/data/system/clients-ca0f635d863036098d93a1fc06f2a5e5/mc-20-big-Data.db:level=0, ]
2020-09-06T08:05:23.829987603Z  INFO  2020-09-06 08:05:23,829 [shard 0] compaction - Compacted 2 sstables to [/var/lib/scylla/data/system/clients-ca0f635d863036098d93a1fc06f2a5e5/mc-22-big-Data.db:level=0, ]. 59596 bytes to 6033 (~10% of original) in 303ms = 0.02MB/s. ~256 total partitions merged to 1.
2020-09-06T08:10:02.869074755Z  INFO  2020-09-06 08:10:02,868 [shard 0] compaction - Compacting [/var/lib/scylla/data/system/clients-ca0f635d863036098d93a1fc06f2a5e5/mc-22-big-Data.db:level=0, /var/lib/scylla/data/system/clients-ca0f635d863036098d93a1fc06f2a5e5/mc-24-big-Data.db:level=0, ]
2020-09-06T08:10:03.309027451Z  INFO  2020-09-06 08:10:03,307 [shard 0] compaction - Compacted 2 sstables to [/var/lib/scylla/data/system/clients-ca0f635d863036098d93a1fc06f2a5e5/mc-26-big-Data.db:level=0, ]. 59706 bytes to 6081 (~10% of original) in 321ms = 0.02MB/s. ~256 total partitions merged to 1.
