2020-09-22T10:39:04.489494353Z 0 ubDlF3Fvabrl4qzHyACgkm6sbpboxAzdyn0qZRAkB17aD9G2Uhd8TtHi1ZjvWe
2020-09-22T10:39:04.500160150Z 1 8XNEYeP2YbTr0UGHRO45sO64hVtIFc3WcYz4CYqH7dFLgdiTJ0vFNcXlIgXCV4
2020-09-22T10:39:04.511582891Z 2 zCk7szKlPzl20SNII3EFdtOC2olmufyVtCIFkiYy8Rs0kRpnmaAXC2O5R7BRw8
2020-09-22T10:39:04.523181886Z 3 0oRUnRXiP00whx4oSTDS49UZ4puA1eN7wLRJQsTqoVmdkb9rAwxq7H4asaVV0A
2020-09-22T10:39:04.534017657Z 4 VTok9iY41QpbpsN1a8Dqzd7O6beoxjcPpOBkbSbxaCQqh8GXMlmqiQotYveHPo
2020-09-22T10:39:04.545377746Z 5 XfTKGtLzoTdW9Txehdeldg4t4VRUWJRADrhV2Ks1JghzI2Wnm1y3vyfGim83dO
2020-09-22T10:39:04.556937752Z 6 VpDPSq7akSlGyq2cOQssgPTUgdFTIX9vmHd7ODiUDfYRwTzG8hILcMm5MhLGfw
2020-09-22T10:39:04.567867756Z 7 nBlT43UajyVJUjDyr8cogEoz7JLFTb3UDNO20WMEhPrRzFDaj2mdo9cA95fgUB
2020-09-22T10:39:04.578866450Z 8 tvEZFPniiD0DFskeigs54f3VOlIKZtHgGqUxNhCqbnTJ08IXSxgroacLVpM9lE
2020-09-22T10:39:04.590148520Z 9 pKt69ZL4Yfv06uzL2j77qA4axYBURLEkr7EClrckXrN0UDJ2ZfvjFcyZGG7DyB
2020-09-22T10:39:04.602285890Z 10 Pp7QdfFw7lZntRjCQ7mbKhITsZTzUezt73MQrbq35pYydg6HR5UqlstRHzhCU
2020-09-22T10:39:04.614035197Z 11 Sh5xoHlCufvqp66JHKKHIy3dU9Ox1i9nPQdqEtdsOBmEzefGiISyH0wQPl9cz
2020-09-22T10:39:04.624940731Z 12 ckWm2OTHV03YlyQ048JoYsztuMiZxTmmuUkkqNDDdBOKkTHxUqoMiJZVo9UVN
2020-09-22T10:39:04.636414743Z 13 TSqNdSTRgW1m77CKzTlQfQtBjfSSpJ0Y4tpWEavv6eYcAOdZ0Gpgnlmc8EwxZ
2020-09-22T10:39:04.646690202Z 14 JbzKmvfcXQF0M5Im6kQxo0GEx6GmM3I287y6Yrg05pOHlqw8hjHBma12EX53O
2020-09-22T10:39:04.657671142Z 15 3NvXXaUsfZuvfIfRbCkvimAzKvMm6tDESXVf0SZISgAHUEACwarIrRTpWraaB
2020-09-22T10:39:04.668955240Z 16 4R6PegLRZDntmjBsTzeKzXH1MK9Mtl64aKvvTMz5gRQRbEmUlqtMHh93mXTln
2020-09-22T10:39:04.680177569Z 17 bTwPgKlGpNPIrDmj5dn14GO52HbkGcuQT1e8BbVlzvjdD7FmKDYXECyhjuQZg
2020-09-22T10:39:04.691606918Z 18 wsWiyeHVQs8Hr584zVEDZb8hXPoCvFtlf9BrojqXGLLUt60Q9l8JORjOb1SRf
2020-09-22T10:39:04.703153351Z 19 RJj6H7sYeJODhag8IbxySwg8pYuDawLRORWukWvS6L2gtJZZ52dEowB7I0EOU
2020-09-22T10:39:04.714484890Z 20 ShJ7BJ052nYzPbO0rzjC1pA5Pj096B1vilW733qiJZn2w1orIVfjR20sLhsXV
2020-09-22T10:39:04.725619696Z 21 UL9J44gBMoOlxVQUcD5EUEysrzLCy4B1cm5g1yq971WuMcr05ALLwf3WiD9dn
2020-09-22T10:39:04.738005853Z 22 7h6uvKkbFWV1abJ24Zwws2HWK51b5hplviOjQS9VXEgca6VLXARMypfZT7y3H
2020-09-22T10:39:04.749810092Z 23 uD0PyOAQiaX81d70eBN835YOvDgK8y7NlKg1ESMVxjitH5avDFSWEdDjhS4yi
2020-09-22T10:39:04.760617889Z 24 SvJO74scjlEEL7DmYjPMtzwmTNO1m3geJLBsGiJ4p9RMIyizF3CqJS2fcDEzh
2020-09-22T10:39:04.771555269Z 25 vKLmp0Ws8FtTUXw0TeZPA2IMWChTsjdw2zaLqJDknkjyZzYiUmtCmFyLdJe77
2020-09-22T10:39:04.782714130Z 26 2Z5Hh6sZFYnHQLAxbXZXd6HTZSN30zB84ZAl3d8PQlXz6KxzOk8na5xDnoMsO
2020-09-22T10:39:04.793992288Z 27 sYSF0jgG5feqg1t17JMmQ7VbIKFTsoK7VPOqByljMWAbNTj88s8YFuZu2vmnk
2020-09-22T10:39:04.805260947Z 28 Wqt1WLkQBH8M0w93UNktzcxdfRd7I8J579CUXxZUZO2S3MrCklAy2AWdkVjoG
2020-09-22T10:39:04.816829332Z 29 ENEXY4vmBQTCRrgFcPd3u5xJ34hyAKKUzAWmjczlhSGLDAE9Bpgh8b5k2uyGU
2020-09-22T10:39:04.827851652Z 30 NcbgaCDgJ5V641fesqe78X9C14dQaTfDQUxG2ydi5Ug6EM7ly88gBSLu1hCP3
2020-09-22T10:39:04.839052378Z 31 UlUakIx5wH9RTAAKihWChOqxQZbODou1gxAWlSOSWyt08yVUDlNQ9EaExmOe9
2020-09-22T10:39:04.850107029Z 32 H50KxfqNmChUmA9zipu3tCpwP9CsXycq1JJDNN6jkOpKYqzNUV9Mla3LixlW9
2020-09-22T10:39:04.860912109Z 33 EdhQQGTjrrL1SIa1ldVXpHQdxovv4jRXEJ5acT3VVzjzoCVPVWpGEzDGMf1tx
2020-09-22T10:39:04.871886694Z 34 Hse6rs3uW72QRz8Ir6CelkXdk51n2cXmBOCkK9C5LkkVEIBW1CqV3zhBUVroD
2020-09-22T10:39:04.882936692Z 35 62crj8CJsyIXoybgZTYfdzMD1g4Cw78tJasznJ6mJ1plJPb4h4X0rLD9G4tsO
2020-09-22T10:39:04.893981251Z 36 hZXVAjYv0hRw4NFrQEoGFKvDpMOHQXNeNpB9tms96YsbtoefgfJuheSCaT3f8
2020-09-22T10:39:04.904216156Z 37 NQna1Lc6Wp93OrimXNXhFF7CKRcqpvqR7eONRqI6ras3pKg8wQVQX7VhSrQm2
2020-09-22T10:39:04.915390966Z 38 SrAoBiDwusLm1D10DHz4mdGA2DRTnh9XuVmSv0ffJ4gi23hiPk5mwcD3PoDWK
2020-09-22T10:39:04.926421774Z 39 pPAAdUJYZUbxL7tdCOGEAC9BOsKYl9q4exEsUbztYn04G1PBobYOw3pX1gI4R
2020-09-22T10:39:04.937578596Z 40 Kg13T3NCBQooaCHcvwCP9Ea7SZyabaao6Z3YnOJVVOjPGIoOCP9Nde2F0xiJ5
2020-09-22T10:39:04.948350974Z 41 EiE0Xa142SkW0nNCizwro1U8GMYIcnMuGd8CsgXIpW8EgOwK9451ZKmFbaCbB
2020-09-22T10:39:04.959497244Z 42 3eoafqJlylwhnnhHP0uWxhU2GJgBJPpxQfo6yUQZqLmVUIQFqLzW40tJjdaAd
2020-09-22T10:39:04.970581649Z 43 LGJIGVxixv3Ato9uG6ritlZ86AsgG8bbjzUjlkOc3BTaYpsvjfUOLxVvWhn7N
2020-09-22T10:39:04.982063558Z 44 pkqXnWPd4u53ykC9p7OiJYD5OtNW1MPlKON1l1DRoPg6HBuvf7SylZpRFWZIm
2020-09-22T10:39:04.992484722Z 45 igBOW6q1Yu7opzw1c0jF16FKuaBoTDnZSi7OaDLOmvDSndVmCVqOZzlQWXczi
2020-09-22T10:39:05.004207485Z 46 Wp6RNu4ZpfSczg6ZhbEMnorIddGu2wRbxARxQnpS4A1SxO3ohYRbWg2DgX7v0
2020-09-22T10:39:05.015992044Z 47 05MzszfIJL5yR3qTFG3S7SK9uX7dth8USI6NE0eWlYzpOuOnZQXOxWr5p9SAY
2020-09-22T10:39:05.026894220Z 48 omimeV6vyaeATTZrMNxiwYmv08EdOO8xgB444eEjg9l1UBOiH9dtHaN8abBnF
2020-09-22T10:39:05.037905222Z 49 oH06Rzicr3h5DtTUYxNNmeLZRw483ebPHTpkblkVjPVK1ylT7tx2FVOntDzYu
2020-09-22T10:39:05.048972128Z 50 DwaQ9DXvHYPDLAai7nftw81WvF8opjcOk2kMDP5ZayF3jRlWYSQltKBabGzEZ
2020-09-22T10:39:05.059986200Z 51 IixKZTEJF6SPnVfApopV9PDnm1ez1TEstW2stRxD3XODjcNnZdQBPLI9H3dc6
2020-09-22T10:39:05.070435066Z 52 yGxlhG1qvzouMxo81CkE7okaSLsVEyxULDy2i6lM0Hh5rwWkQ51xK4cc7oB9D
2020-09-22T10:39:05.081396319Z 53 aCtAQxciJ8CmofmTv4axtKr9dYIImreXUAZiTyHvteQqI21EIBVRvT7PXGKno
2020-09-22T10:39:05.092655858Z 54 yH37dlYT3xzfVeBezWtkjRiaZdjiYMXKGXoLlqAzMw6iZw3SpM164B3Sn9Ya7
2020-09-22T10:39:05.103945918Z 55 ItadSu6eUO6da6UwrPlo0V0uF8l4AoEdn379hC47T5uoyj26Dj8wyZw0UO7ec
2020-09-22T10:39:05.114261499Z 56 rehvjJGL5wtzDZTWuumTpDx72kEBWhR2MmIU2eIrVEetg2KryUUu7j0k5QQYr
2020-09-22T10:39:05.126659784Z 57 A1muQ9EssNGMbSxMgqOsKCtXS6GxzP3JY5JT3LCN6z3V5oAxPlOKHZJfZrqkn
2020-09-22T10:39:05.137891671Z 58 8o8kj9LHqZfOLOmyt78rJmWJ5mFue7iUyeNw96c3x0NPpngMouJ9a4Q9WdXO1
2020-09-22T10:39:05.149175159Z 59 6mTyZ4Gd0WEalzi8ZFjFsKim01ehtnwIUXj1YMeVMLCOytlvyivZmS3jnO10m
2020-09-22T10:39:05.161340005Z 60 F1SqQuWozZdXwWjB88mP1l4vjWT4hzbieFeITFMbeQRT86KVgqOlbOT2jXFFv
2020-09-22T10:39:05.171399441Z 61 ybzvadTLWDjqcSzUnZ7WZ46xnil4rfsGyTXWK7UjwtQo1PW8nhL6FdpB6E2ri
2020-09-22T10:39:05.182844013Z 62 VP7SmQE1JkYDngsortBqfjtkpjD8ngtM83JopYcA8iU6wBlXHDHUUJ74w5QOo
2020-09-22T10:39:05.194110762Z 63 JIZHaPp5r4WS7mVXeJQh5K1VEYtCFDm5gdTkXbmr4FSaF8OUaYk0J3YgeDx10
2020-09-22T10:39:05.205909594Z 64 dkdBdyXnKzUrz9i4Z2BHkfDecPBd9TzanODHTxbPFxTwza3Ll6sEFTHaRjkGJ
2020-09-22T10:39:05.216755307Z 65 iWOTmgnt8Zh05KCOcAJvOwg2EOInaYpAdwurbwQbZ0DcrYWf0YuxEbC4iyiWL
2020-09-22T10:39:05.227955140Z 66 0zZJoD8FNIfGfmbC8kAF8HRUf7D2sbnL40Nra0otY0Fn92GIajlQkq0nQmiFs
2020-09-22T10:39:05.238681481Z 67 pVYTI2wFVuG4cZTsJaS80s4hCRGAe6dffsbZ0fcCp5AkVWRMz8HwdRas8e5E8
2020-09-22T10:39:05.249303611Z 68 FV4uG1WUwqeZpjpelMzTpqTNImqy0H7psitIrQxCs1TApVmPVaAMPSVSotc4x
2020-09-22T10:39:05.260379215Z 69 2M6HtOtKl91SNsbJpKH1ILjB1tMZ6XEdRt3rEV6IMUOjst70fqjJlTMTcNEY8
2020-09-22T10:39:05.271651998Z 70 1JI1llp1lJGBc8pkL9JBrkyg20VDEhyjLY16JU8bYtsMf9AYmxTT2xkiC2d8s
2020-09-22T10:39:05.282474755Z 71 95o9GkAn22GJ4bqXA7SwSFVsDxfXfWMB90s11KASQEGFLE2WXfNHFrPjWU7zA
2020-09-22T10:39:05.293371345Z 72 zBU0zoPZh8QsGdr6sfpKmCUPCuIV6WdcNsGmhbQkUk4w5Zkh74daFhC2UOvAs
2020-09-22T10:39:05.304877750Z 73 FIDAfPpwPHrNIw8yrRr7lztKEmnIuNibUYdq6CldVZLY64hNhRVMVhIk9LuKK
2020-09-22T10:39:05.315814506Z 74 vII2nO9SSXDwyIXGttW6w9Vj3a8ll8M2TQTKdEpsbZYRKYTRrJBeWxL5ksFFL
2020-09-22T10:39:05.326824337Z 75 Qz4ANPpsNwwXdth3HGJFbhl5GoIsBicFhhjFbaJMSaT3FDgc5DpKiSlo1U0yd
2020-09-22T10:39:05.337757294Z 76 x2sgS8TzBHMdZrEFunk3VhZovQ2qpEGPDmwa3WtZTM6HCXxRkb6khhS4ep7d1
2020-09-22T10:39:05.349149756Z 77 kB5Vj6VJrA1WNa5bsTSon4PlCiFCbu6jL2UXJaZZrPqMKScJVYSCMDQxm8H70
2020-09-22T10:39:05.361291160Z 78 NpYgGxvxW4AaNnmPaxlp3dwxPfZ9DJBpKGpHoo1bz2GiyNU92rlUELmpHv3C7
2020-09-22T10:39:05.372787643Z 79 ZkcWLKvB5VGa1l9Sk5tDzKcbQUQ9EGKQ3YiZSF2luZJQHVOwl6OegFMOu8coJ
2020-09-22T10:39:05.384162142Z 80 MFaM4cR1Y96bTKkUlRLxNraQjl0ZXdGrpHYfKUwI0Zd1zj7vmc7lLxxYQeuLx
2020-09-22T10:39:05.395295581Z 81 QkszHzMOkcHUtL1UiTCy8e7328HQ46UBFfoOA13LDX9yVYYqm0QjWbjD3oJwd
2020-09-22T10:39:05.406740751Z 82 C7nonag8CFh1c3rcA1othqJNPJDsqfYIX5a97wlxCYgP9h7WwHQZyDcAHpDZ8
2020-09-22T10:39:05.417359762Z 83 gbKEf43F17WUdbSYH7vLuCKrubnrJyy9yfnJG1S5Y0z5HpFelF792cVbkb2gt
2020-09-22T10:39:05.429067478Z 84 IPQxiziQ8kffgMhCxetc7DHde4FZmxGZYNnFoWcg1lEpnhaTjTj7BS9YexDfj
2020-09-22T10:39:05.440008937Z 85 nMwu2JhVqMsWo2zbCxxovxYotnkusjG81qe9aqFlPVKjhmw4Wr9JSqw1RuXQB
2020-09-22T10:39:05.451282448Z 86 Ssc8EzSAhCVJsFu3rgf6GJM1FcVedxn1fXkoe8e4RpUYBl478D7A7aqW9z5eR
2020-09-22T10:39:05.462889848Z 87 72UuU5ctUL2Rzl0JfodRAtSqvSjFJdlMuMWgHbL3SjNdYOdhrxjep9iPqRdY6
2020-09-22T10:39:05.474257304Z 88 abnrY4xjsQcj2W1sr9yjc6kFnw4EX0vEqktT8ACzpOUSlbsjYuWMvp4fXYjK9
2020-09-22T10:39:05.485769958Z 89 0CIqxTzTuckbvaM7dS6wKa1IJs8uwCsg6J5KsN7Yf6bvIIZs6ZI3pi6XwlNvT
2020-09-22T10:39:05.497315291Z 90 WwBtlFuMas1jf65xmyX9TJEVDPzoQ35fWkCpRPwAWoOAObR11Sbgvg2HEpsD4
2020-09-22T10:39:05.508751399Z 91 odfD7DPNnAvUCpX9pi6wUp3YjgBRjm7wLof0KW99Y3iB2gvuAbvluR8aqLQty
2020-09-22T10:39:05.519631588Z 92 66Z5rv6q9dBGpSpHLBc8j9WAbf6WDj6NG0pXMJdlAFscbMBSNTrQT2Kg0JQvS
2020-09-22T10:39:05.530440956Z 93 1J5DZnxw7Tyv0Rzy4CoIHccKPSfdI8mec39hb99EINe0deyYKefFSz6OzuFOM
2020-09-22T10:39:05.541682974Z 94 TeBl9gPJoxzId7EyWETHGHM6gnPJ4sWZ8YgE5bKXqTr4MwIcwGYhqLUIUa2dX
2020-09-22T10:39:05.552799054Z 95 vv7oY0bya1fbXHNhYXe5o41AqOaBvGwpLkK7mg1tZCV9HGc9u9vc3H56kspg0
2020-09-22T10:39:05.563431782Z 96 ToNCpDAp0rMmOHj9pefMYYG56zMy4WNszEDMSxFNSoybERksnYW0h3rwn9VWA
2020-09-22T10:39:05.575322612Z 97 64VsoqGAfvMwz04yv57QmUwrvjfAIOrUbxIVwtLpRvKl1BLzO1Q9dOzx56LFg
2020-09-22T10:39:05.586986452Z 98 vpT5sKtplrwvWaA3k0nsB2rMo7tHEuTaF6MOi7rCkezYuzpNFxV0YHD4ikrAv
2020-09-22T10:39:05.598723269Z 99 mZDQlAaBPY2QjlRvYd8lXDndXp0dLthsn9jfSQI0bdQTfiksiwbi47CZPHFi5
2020-09-22T10:39:05.609697176Z 100 g5PJzPcke7e5lZ1k52dC8mJ2bQNcwU6fBL4Rhi6Zgt13cEwzUilwYT2bzZUE
2020-09-22T10:39:05.620579093Z 101 yuwEn0N4WZNjhUn7fYwx3WDGWNScGfbje4QS7nK7AE23qRJY7P7nga3qZrHD
2020-09-22T10:39:05.631892399Z 102 KcSujDWg9vhigDkWPWQvCeqE7L8zppHpOedEQ51aLsxVuXuMrkkZoNH2Ny6U
2020-09-22T10:39:05.642753558Z 103 XmEm4MJFEOQmxxSQ6sg2E6E1GSKSe7TUYEoB5v4l39e89ZCXFimlROzwtC0T
2020-09-22T10:39:05.654118011Z 104 PzzgHzwPOy6vKv3mr29mPFgL7eLNIp9WTCtAwXcYKrhSV1ZCxTBlomrzHpca
2020-09-22T10:39:05.665037702Z 105 2K06eWro8EHqSwpdAHGSVFBD97RMSN1JdJsbr29jaRXtgNjD6Tt2r6rpid1V
2020-09-22T10:39:05.677551225Z 106 b1XnP4upTjWQkwG10J0UVhhJx0GyBUyIODlC32BktgAhA94Cb5xMIhgZWPXX
2020-09-22T10:39:05.688686310Z 107 v3aclXseuKS948dxOAOJpvgzwXv5x7dEB74INTLEo6OffrJw5iyQnbnZqKry
2020-09-22T10:39:05.699676590Z 108 u7w9eEX3e5NHvvtEXlKpbRlSSk4Ii0Sf7TRpKm3RumUV87xRiSqY1WV9KCnQ
2020-09-22T10:39:05.711244226Z 109 0aTvZeXaXXCnZH9b0Wm9GgY8dSnkwpL2XLuPLpSAYCuYf6Qygneiu4krM3kv
2020-09-22T10:39:05.721443432Z 110 HfkkHUHgA0XE2QJgmR8J52vnxaqBqON0i8rgPGznaUEL5HyVSrCkupEVmZEM
2020-09-22T10:39:05.732629854Z 111 SM9jVlPyqr0VG0nnPxqU79nd8HdeAR0QgJW1QkdYDxXzABxo3qOB7zwyEDLl
2020-09-22T10:39:05.743728489Z 112 9YiGdGto0saGpQz53NWC6Bjybvkxex54MVN2wdwYbvfASItiAoaFJsO8qKPA
2020-09-22T10:39:05.754633472Z 113 ScyOjrbQjnXaWIB4M5lvyXhDoUhr2lt38S8Z6A3cD16wbIggo9yEKi0D8qQa
2020-09-22T10:39:05.765653510Z 114 sJd1WZ7hHRFSxQRZJSX0FtN4frjAlzElthNOrSXcPjnoXZi561gZOagIpb3s
2020-09-22T10:39:05.777295380Z 115 iE0dGQKQ3I9BNj2RVCObOrGTSbFYuHGToD4I4MmWrcz5pIukRiE4QalVkpAt
2020-09-22T10:39:05.787711602Z 116 NjXLtaW9FjJQYuxHHAovxHIWlNrOp4Pc74vinlVqkug0liEQlfMyUXu2h8b6
2020-09-22T10:39:05.798230030Z 117 pcBqyy7ZEbvCNHJCkRdEiHUMHFhoTONtWFWW1N2KxreAWn9MQGZi961LZr2X
2020-09-22T10:39:05.809471890Z 118 dSPppkGf1ZFZciaVJYKTuMmlj1LEUjwkyAyKNOW963uG80mSEMivveT6RYwE
2020-09-22T10:39:05.820863620Z 119 0yI7Z45xRajqLVjybf2VmmECYqYGKc30wneZ7ImWB9GsEpiW2cK7jSKHeHRS
2020-09-22T10:39:05.831984392Z 120 orK6QWknoiljbxV0JEirPGaFTrfxEC34JvNYU85ktiWIvJ7oJ12S0XlozeAH
2020-09-22T10:39:05.843407681Z 121 fqIPdbyY34qASwt9EILbD8AMp6hNvOuaxOrpjMd6RvXzJmvm0m8nDfLmErAK
2020-09-22T10:39:05.855033087Z 122 Bfzgr5Pe5x7V3TZQ7n5mdJNSMJX8QBPymcMj2nN256lODbt7QWnoI7CVINb0
2020-09-22T10:39:05.865976048Z 123 NfYdAJ9hKv3icZyvEPnwkyrUkjfFUgEYLhilJ6wyNeOxJH62tLovOpQaQWgr
2020-09-22T10:39:05.876370429Z 124 xw8YHmEAYQq8fNM0j5gEtolLEviN3BOWntzkErbve0sPaYy7yW5AN9yHLvzA
2020-09-22T10:39:05.887651214Z 125 HawOphAs5Pr6X0WTHQcQKttYs6HSI9unuBXrfO4f4Zzs2tIF4ClksqXADveN
2020-09-22T10:39:05.898697581Z 126 Lmi7KlIiuW8nUyWxHDhhXLakJNi3cWiJyOk1oR5qXxGjK6qOb9izLhDB78kq
2020-09-22T10:39:05.910032378Z 127 5FL9LlqByhLBkDqjl0goptRUcXhqif8MyVbeUcX7FMhQwWjhQtkgRDWXgIhn
2020-09-22T10:39:05.921191712Z 128 DCFPKSHNWE1lsVoartGOmaufrw6kU7h5b38mikLxXX3r5IgTKGnPdjNjjkql
2020-09-22T10:39:05.931841258Z 129 hb6KJb7JcDkRRsgHiuuox75wzK4BoSmFX57uKHOlmjv4u51R6PJ43GJEnuSH
2020-09-22T10:39:05.942421496Z 130 hH8Q5azvtc2zpvDGYLHqYMERoUEZhqczCRpvfH23djQ9UoUVlHwf0qFWmKtp
2020-09-22T10:39:05.953353435Z 131 HUQgbZ4zssBmomMySGi9MGdz7lt1b89nwovZjdFz2FTnmJQQC248IMweED8W
2020-09-22T10:39:05.964702313Z 132 BGTFydjLhzEvPrutpozCrTx77NJOKCjDwROEBhQQt0XP8tELZx11WTUbpWED
2020-09-22T10:39:05.976800354Z 133 LmGZIr74gx9mY10EXDcF01aAi8DtFMNU151U2kawRMDhSmVdS5VtSs5lt3Fx
2020-09-22T10:39:05.988203195Z 134 KL4MVMThyw61TvsXwH3Pgc77xIYXLoDX6I5a0TW8nfNEj0wXaSHQ38JzdHTk
2020-09-22T10:39:06.002541343Z 135 tCc6jRZMCOLXfDPW1QDJX7GwAhtFdUd3bqElDG5Lw9Wca2ZcxI4jDD6ojYGJ
2020-09-22T10:39:06.014056040Z 136 WbXvrzs8Nen07H2Jct6tGhJMRQtBZyIGrvf33OODxFdXhbrZRw0BFebuAyve
2020-09-22T10:39:06.024811662Z 137 RlUtbAsdjE8nroPm5r2UKrEHI8kgP3kaLziwc3FNllXWSlu6ZMpwBi9Ls8lJ
2020-09-22T10:39:06.036426214Z 138 wFA9tRJjCOdk7uYbgdMVWffbjQBYiOYJnHVaGhBcYftNvF5XbSHPD8DW1cpr
2020-09-22T10:39:06.047811286Z 139 e5455UClFSR3AwcX0sBHoBDmWDNrQ5XX1EnpntWTJY1aywgXm2FZTFzI0A6y
2020-09-22T10:39:06.059267535Z 140 WSRSqVJdDApZWTZOXQe9OpUZIN0a9js3pQpMgpdDxpa1B6rGtgwqXTswEdzh
2020-09-22T10:39:06.071000638Z 141 DKq2gofh8BYyVFsAJytEq5QmFGYcSRhoKXUNPSBa93mR8Kjd6JMAzFUtZpoT
2020-09-22T10:39:06.082081637Z 142 QvH6wrwyaKVPbYQVHBEPfbLg3oqDviHvyWaJ8P2KnVIaNlLHlCIt9U5smpoh
2020-09-22T10:39:06.094242846Z 143 ozRGRTLGnL1SZzs9LWPzkw9vQuFw7CYL0UiiO3gYj4k5H06vnALkv2fky95c
2020-09-22T10:39:06.105516303Z 144 Am6lZf16sJW3MrDmgtFYnPnx5maYBdFCkUMb7gHSIBlA60ePawtW5Gqf1YMa
2020-09-22T10:39:06.116638840Z 145 gUziE36bwpoFC58FrXl4LnyjvwJtNekE3706ZRpWvmd0V8soBof5qieK4L1N
2020-09-22T10:39:06.127665970Z 146 VXnxwu5wQkxuKPuHxSXdGYWG83dAfgy0PzYTSvKJiLB1d9HQ1vfeAfAFstwN
2020-09-22T10:39:06.138814167Z 147 NTYj9De2liH2eJWw50g3jZ3SMAw7lUeuBafkdKSkSKhzPNcMr5c6lmUiAfPP
2020-09-22T10:39:06.149899363Z 148 ebd0aguuTSSpgQz6U5V2wrvtfLvEephNKqMDocRrUltl3CESHswxg3Z3t3sd
2020-09-22T10:39:06.162199323Z 149 06bDebhtzHWPjbLjr3gTmAkn3CpQ3K3tIFgLfSlfHy5YfIH8py0ILVz64ptn
2020-09-22T10:39:06.173822182Z 150 AtfRPtZszjfG7Gtg2qL4kqKzaY6fuvRpMDpXe7B9dhk5R6BnhifIrQMWcm4V
2020-09-22T10:39:06.184657847Z 151 R0tp1KFUNifPqrm0pJbqQh2VrG1PEg48tRUdYwMjbCso7yTTweF915gshOEY
2020-09-22T10:39:06.195802602Z 152 ymzfLrWq6DWK0nGFgJ5GJvLuLoSIZ2Xld0sEbNkro32njztTJh8dj6eFO6Pp
2020-09-22T10:39:06.207049688Z 153 XrOci4wgg658BCpOoEQECa4RVeV2iHMmk4ZeQwQTc3686ugEyMkqwYeyZc27
2020-09-22T10:39:06.217656354Z 154 PpVOvKOMMtzXfw2mEGVtOMbuGQPU4azjnQZHzZ8mNDGPM4BeIc7TmcAsxO2T
2020-09-22T10:39:06.228767158Z 155 MHEsZBkkdKBmD4civvUFXhrRz17EO9etD2hGeYtjvRl4PzZb8RIl8ClNpXK8
2020-09-22T10:39:06.247034951Z 156 R3nmnF0h88IvEYDoy0yIwp2dv34CTgcPRh9BO5eczpSIqoIg2vUWcbPwvmHf
2020-09-22T10:39:06.258305688Z 157 nwNS7yB7o58dnir8ssOIyPW7YbXObfdF6AuMKPto61iLJf5lfGF4hSjvMKf3
2020-09-22T10:39:06.269649131Z 158 8xMCTiIQHvoJZslyTNARMXsvxjxiXNTNSvgl3Alm58PFanEtNA6N9xY17gda
2020-09-22T10:39:06.283192074Z 159 ew2iSsgPg5hMUBIv8KuWyiFgjn1lebsVyF8SBpMNVVPqry1DE2IiBrEySvs6
2020-09-22T10:39:06.294365297Z 160 fI49Up90jLCzB9Ldzp7065BlaNagXkabCNez4JWghf3Pg4nLO1wgIm2Lm9sS
2020-09-22T10:39:06.304626102Z 161 vKfXvGgshNTpLEPodnFTCxXOdD4dCmLLV4QY7uRtrXGJuIDqJ8mJecqhpHEC
2020-09-22T10:39:06.316672878Z 162 vwj0nWuvoXu2mGfLOUVzylOUwqs5xKfb0gN5gKC5xqxnT4o1rq3vU1Qkwl9p
2020-09-22T10:39:06.326902112Z 163 S1DHZhDFu7ZJ5G04D3aVa1sVGh08XczVzPE86t4BgtQU5kcz6kyW6rzJHFER
2020-09-22T10:39:06.338042880Z 164 mcSseP5oOS323QHBSmsgqHKOZwhrDASXxTNzEZKqzgYvIoL90fKVG2skYbW2
2020-09-22T10:39:06.349875739Z 165 xIfrYTBmeS6iVQjDxeFqSJWzpcdGdHr55Boq0LirLoRCubyLwGZG1UMx0sSV
2020-09-22T10:39:06.361724720Z 166 HNCvY1hH9lXOcxuapmxVBpy6Sx2BasgDr4MkbkC7TtEwPbkTLTvrbXvDei9o
2020-09-22T10:39:06.373022315Z 167 jgYpG1dljfdXw8pWeGc9zyMtark2z7b2u4Bn7eZzCJV2NleUbeYznrSqrQHO
2020-09-22T10:39:06.384060367Z 168 83t1Yg0Nj7TYgr0ysWFmweuvmZWp7I9mdnvecigYUWKXDWrC86rrGVjNDx2c
2020-09-22T10:39:06.396331285Z 169 MghgPNmWjYtczA5NmxqZnbyRUrAndKLijd1A10gfu3qdfg9k8yTAhxKSHVOu
2020-09-22T10:39:06.407483503Z 170 Mxyq9g2iY4vzXlzhCqmaVATa5urtx0BJ4vQjM1wH4l9uNVI44aDDXs6oNpEe
2020-09-22T10:39:06.418984309Z 171 SS0qotYTHoxTBHX5fINKdWkWq1RCAU1Wi7RASSDSdNNj7g265HOMoTUNbAN7
2020-09-22T10:39:06.429440865Z 172 ZSlhMMoWnKKPeHr7WmW4SZmnwGOPn4JAJX6k6A9JFSuhACKt6M6CMJK7LWEJ
2020-09-22T10:39:06.440639217Z 173 QYETRwUx3KI1hwO3SUQhyJ8tRYIl8KeIuMokPHSOd02YsV6KQqCP7XFzFJ9R
2020-09-22T10:39:06.451649567Z 174 uodjkRHcnKA8u2yhzRPtHfejqGWBCSGQiGz3aDii7rQ4ZhiNCxUivgo8Rvf1
2020-09-22T10:39:06.462676958Z 175 6SlGlXtE1eVveesXy8RwhB8gDp7PJZXh3SSdKrxGbuTcOdw48flvm7nDEHQN
2020-09-22T10:39:06.473943011Z 176 muxuTDJAqOFo65fxoNXw3vB6ufTnBldGrn57RA99QwyOe7TsSlTCnFk81Tu8
2020-09-22T10:39:06.484618315Z 177 wCQMkODp7OXpO6dVxmfuOUs8X9pn3JYzjukykPUfDmQig2azo2IygbUkoqAD
2020-09-22T10:39:06.495965442Z 178 QnuUj3cg6Oy1macfsBwtkcDPOh7qhlStPGIaYJkFh6kuRdSz94TWGhcZG1WZ
2020-09-22T10:39:06.506872903Z 179 ZhHuDpr1ZDZA7ZFTYE7S4Negku5eHqs8gUH3R599T0bc7NoEVzkSwgUdZydw
2020-09-22T10:39:06.517989396Z 180 PIXiuFCYk9HTotF9bghYrVcahGJqCbjCAhdk56VE8FmOOca307DWLsKU9gx7
2020-09-22T10:39:06.529212447Z 181 jt19AC6LMR3BomkqIS6PZkuezcjIZTNDx2nhjhk6D1ebQRUfCQCJQL6dWeC2
2020-09-22T10:39:06.539643909Z 182 SAO9KrBwuX9nyCv7u2fnttDicHcJqqDxhKufcWHnRgt9Cm2NFG9XKHdHJO49
2020-09-22T10:39:06.550623064Z 183 kOlqmOD5a4lAzZimpzl6I5mqaodG0wW5jO2C0YBHanfdvZX2GIOIe6AYrgdU
2020-09-22T10:39:06.561880053Z 184 8fOcVEuEcx7TwaVI1cgsjt3CaoC8oobExnKX00lVdkSlcy02aEyqhm4EbaTb
2020-09-22T10:39:06.572431861Z 185 rtE0tmOQ6vBCuykyHBYJggjvL3jX8BGbeCycMxxiorOA96kQ8ZDRfUyXpeX0
2020-09-22T10:39:06.583726363Z 186 6hndMfiZVejAhENWqhTXsQv27BOu3HMZJv1GykMIYfwFG2jhR4S5uC4GfHm6
2020-09-22T10:39:06.594820694Z 187 z4RH5EuICbEENHDMlVeKcTS5kWQO4BVgvj3yQnTOnO7p0JXzOjlKjI5Y0pkS
2020-09-22T10:39:06.606039986Z 188 VP31KzXNXrZYEkI2y1nrJBpH5LO4SqzDcJMvgj6V4LgMbTrdSrsdgVGzZkIB
2020-09-22T10:39:06.616333639Z 189 0pZzfp8UCU2EDDKgmrF0ot6tZZDYPro8xfkkApMeL6LYIF1lJdcOyEJpLBRw
2020-09-22T10:39:06.627481614Z 190 zjPouyZGNQ55ax82OCdSD9bOXD1SbO1E2d8SXvTYUOlHdl7XE3C11X7eAnL8
2020-09-22T10:39:06.638498911Z 191 bOhv7ku6aCMrVoTZY5EQ5btWjy2LeegBR9yY9lNi2DPWklZTcHiLoEciWhKx
2020-09-22T10:39:06.650401440Z 192 3gm9wYk9EsX7v6dJxzMmEg8S6YyvZptRmnaGkcOrWye5oTG9pHZwX8DLk4c4
2020-09-22T10:39:06.661566391Z 193 8chm1uVoS0ZnbjPqwtL7j9asaf3NeIqbutKlhEIv2CUJs81bfHlgWuLd8J52
2020-09-22T10:39:06.672669831Z 194 RrfuntCpC21xW5owKJDDslDOGSaB1gPAbassDgPYnNwDSGBFHSZCZqHzmRZu
2020-09-22T10:39:06.683646857Z 195 nZAoPmjMotnxzfgXjPHWF9PrmpkKdnWKT5F0orlhY2VcVwa7ayB3n8JkbZhb
2020-09-22T10:39:06.694915890Z 196 JJZMsCmD2tScQkM50w9Ks1PXSMPR0pZ5iJfquAlNXdNVSf7DhzcHF8bZBdEO
2020-09-22T10:39:06.705961891Z 197 dld5qrqUal1heaMMeOIbeJ4IN0mFfXl35DrlJ4y9Sc0ZXENKYahFSGmuq5Ru
2020-09-22T10:39:06.716834216Z 198 vaTtat5u6T7N4SrxmOhHF24Io8kOIn2IOhQypZl0zd0MOCpl1qHkDSSabjfz
2020-09-22T10:39:06.727822662Z 199 P4i1Vo66o9fVmQ98Y4foTKdl2nImN0flZ4FMf6lnTpn5MbgIih3uXnE2tZXq
2020-09-22T10:39:06.738916057Z 200 qdopoNSvBKFHvf623DAR3SZeQxVp0MFffAkymu8QZmFWqWAaDj0wttgKun1D
2020-09-22T10:39:06.749936823Z 201 egsJLWMLI0oWsyAeDsJYdJmLrvNaxLodqZDn03Bg22pPzp3MPlDrxKjv7bAU
2020-09-22T10:39:06.761236208Z 202 xSxNvlBMa7OfgOt8IkdMD0GneQj2BkPiRw2Q0rcjIHtcidUxXfiHFZWkaTTV
2020-09-22T10:39:06.773185590Z 203 67zZBre7RYMUz5NEfAe0yW2QbfkWL4bscn8KHMXpMYKEt50qpQawN1libBGg
2020-09-22T10:39:06.784111582Z 204 qjWY5aPenDHPYjoVp5XrTwvgbDx8O0HHvsHdOG8xngkaxszxAMJOVIxqsjoE
2020-09-22T10:39:06.795182563Z 205 zP49HUPTn4v0nwqZqJTwDOMLRKejcLL95UPDzIr1EokU9y2fstC4YXvMawco
2020-09-22T10:39:06.806293793Z 206 ViisbPOW5CRcf4RRDALekLBUHTzqed9QmvNls9hFw3VE2sQXNYHe348ezUVX
2020-09-22T10:39:06.817238621Z 207 2A962d4ogAW2FdAW55GqdME9x7uLTQiVMBGjLO66vzJ1bxsZS16mNIq8dS5o
2020-09-22T10:39:06.829199420Z 208 XwR03noJpwAoDNGn2TluB4SEowlEU2RkyFhpaFQhhyXQfvnZ8RqvxICZHg8h
2020-09-22T10:39:06.840959840Z 209 qtkNXpdOUQJi1tm7vaHQyFI7dGPEpfj6J5ZMuJdbZIq8cWRn4bm125vxzWHa
2020-09-22T10:39:06.851428414Z 210 VwNGuPxmhDGnuRlRf9yMlZzMVO5xICVbJJqLGLYowd79i7VFBGNy8iCiqswZ
2020-09-22T10:39:06.862635687Z 211 4bbnSRK9jsyUHDgMFXNie3tNXJxXJ7iyRaww4mL45GKhih8VmGenNFFZhGbM
2020-09-22T10:39:06.873785117Z 212 BSGdHqA7s2a165Z2iCXgQsww40LoieMm9C5GjTsJPEN3LOyzhRRqPJXQ9VGI
2020-09-22T10:39:06.884823509Z 213 7ComGSydEUyGJ85L17anN4DZF1AykeSWGXoTw42DrEXPtRVzsicKGYLsic7U
2020-09-22T10:39:06.896280379Z 214 QQaRuUw3qzH6loBauMChU9fTQQl5xNoEjIIYR0gpgc2ssbZtAnsFRJ44L9UO
2020-09-22T10:39:06.907978638Z 215 Fktu5aCSTJ9Xafx6TtI9HXyeXqwZwthVsXbJ9K10RmaY4KQkINK3aEHVCxdv
2020-09-22T10:39:06.919253117Z 216 6VicmM1eAV4YBlEYzp1yQdtF3tlhq2gh9E0FXemhBtVE3h6Imxbt30Z7Zvfr
2020-09-22T10:39:06.930623364Z 217 GMYXruNGGBfGVxYr2shuEQ9TTJaogd6P3FCFTEHJZYxArAHCVadl9z6rxKh4
2020-09-22T10:39:06.941706721Z 218 RBGnxo3khu16wtCxrdhOrWNI5JpUlQNEPWrt5gqCaPMOoG0gPHNtqiwS8G5j
2020-09-22T10:39:06.953008970Z 219 NKl2vISPGs4dtqWPksKUYZvwggun3SS0xI4WMAJJD2v9UIfTQhypQU4nLCYj
2020-09-22T10:39:06.963750449Z 220 Tp8UEkvtruuniqQYU0mZBtgd5vbn990NmrB9pLBoIHhEB3GycDbUnsRRdNAT
2020-09-22T10:39:06.975150307Z 221 CFpMlRIL5rjtddPfBPCxmLWVaak0UOdHHbvpxNIpQSoqWGxB52IIMoivH0nz
2020-09-22T10:39:06.986606271Z 222 RX1x9fa5sNMNPP4PYmucn3IZif4yus2XEpoZkWeOEMTl4EcJpakIyb9R02hA
2020-09-22T10:39:06.997948250Z 223 qKFa1dvsF8vClfXKlA99WYNxO9p3Jz0fEKR4b3R3jWgvRCeCFCrDSecvzvtg
2020-09-22T10:39:07.009844845Z 224 SGZzSm89d5IhX7qBLVohaH6leFmZ5PfCG3gBU67USwymc2aY6u7Aspxn2u4d
2020-09-22T10:39:07.019301741Z 225 2TugJ4yqnl3ybOSFtkrGOCQ95GfclEn5H60bqnJxVg8pxjCVaMJEzbC3I9Y0
2020-09-22T10:39:07.030430651Z 226 CPc9DT2AXJXhdtYaRIPnGsKGDTaSFLDC3IzTx0RtGKBwROoJ9m5TkhwXhH6t
2020-09-22T10:39:07.041628989Z 227 LbeJiqIXjeFqkrIjb0KWhOw9i4ChJAilZvoL9n31eZGLdbzKaEmWGiqLrSU4
2020-09-22T10:39:07.052647519Z 228 2L7yJNDD2GHdLJ1ILRVycxoWlbq2mfIQ0Dh9WDHqE4whvhrCKbMz4C0DNDT0
2020-09-22T10:39:07.064560419Z 229 mVIFrNfrZbwEGdsrdzoVgjhauiw45JsPmwKTkEaQVFBC3gfLRBq84CDkdDlB
2020-09-22T10:39:07.075705662Z 230 sOONNgAWK696uasm1pcJUYFIbkUEwiXNm1rtrFuSV0Mukr26aQeDONeYWM6W
2020-09-22T10:39:07.086603265Z 231 reB9nTpDgS26GjEQZ8CWaZjYwIlUtZuDFynaqoaDNElQXQApiYjhw4jMdkFH
2020-09-22T10:39:07.098199670Z 232 DVrLP5DyrxETfMZztxO6eDVsDNrKa768A0ORAPvEPX5PISj2Y0gu9mcasTcV
2020-09-22T10:39:07.109616939Z 233 SOXlJ4RgcaQDw2HFQyq1kX3xQBdElKdKIO7LjIyhauEuKbRtBVAEQaZQC6wD
2020-09-22T10:39:07.120648320Z 234 k2pzDKIcyWUq1efFiA5Ntue65z9hxhZRb3JARhIRsKwhYk8cvyLwFt8ZCX4R
2020-09-22T10:39:07.131945995Z 235 hxm1TBSqbF7h2ZCRGHtXsNV3QCw4CbhFMMZ9tKN81bKAoH5AQ8jUaIkGLINg
2020-09-22T10:39:07.142730084Z 236 QaZJhGfoqVvsvldA2hMZOnbYh6kruX8xk2tVBuVQiWfZY2aMierRtMT72ttV
2020-09-22T10:39:07.154248386Z 237 i9q94FJ00ZHhnS3RDJ6rGD3PQFica62NgOBVC37pdaFMTFx7FgWbRbd1TVfK
2020-09-22T10:39:07.166106259Z 238 pgWKf54xLsQJvd3gGIaTx2w3XBz0th2zxYgS42u1rBUywg1vSYGhce9cdA8R
2020-09-22T10:39:07.177312686Z 239 i9otZEBz9ymzkYQDpBTWfcuCt4Ai50ZWWsrWN0mya4xoTRXOzcVZGUIEL4Cr
2020-09-22T10:39:07.188771372Z 240 PIh6QzMH97meBzdvIiyWA1Xt8QPXS4AAhQwiQPSqAGuo330nm6L4QzX5WG5r
2020-09-22T10:39:07.203185858Z 241 I9uKWcLIycCf4I9QJNRZB8Q6KKri39IVw6xmzo8iDJnNSpBTtrpUqIgMnLeJ
2020-09-22T10:39:07.214614825Z 242 nnPPtvQHHQsdz6i7dajYCcayfFfjWzJplLmiuxCUqcGTfoSXAExdtNTlTyRz
2020-09-22T10:39:07.224834958Z 243 5KJoA7rNP0Vfz0r3XhIzsl9dh3DIYG7BomwaMuMYmcUKOZLZHmouvVhztRKx
2020-09-22T10:39:07.235814095Z 244 LnCAHoxFLaxDlBc5FtKqeNGDwX1lpbnBeBsODIyNAjEnGsXWXrCHELT53i3p
2020-09-22T10:39:07.246468151Z 245 BV9MRhjXTqXMXoksQNSdekyPQgNmPkMqEWUL1DNQxZkCdkU0BcYtIsmqIA5w
2020-09-22T10:39:07.258274793Z 246 aqt1oFqNpvXctc8wigpCnCTsxctvgGF0Vc7P2sW4nmPc3Q4Fkg9YBh45iEGB
2020-09-22T10:39:07.269113621Z 247 DH2bTtxL6e4iLY5W24VbjG8zHM7yMCSKEM7VZSNKOxIxqXu3OuSbvRV9ftfh
2020-09-22T10:39:07.279628534Z 248 1wqPpQgiIsT8uEFs2SmFWcPWBWnRDcOPfFdAiDaP7z5W4upAjkG8hxSvE2lX
2020-09-22T10:39:07.290391560Z 249 CvSZKLdA2NMwsB9gzYSQHwc1MtrqQ0o7lCoEyCW69b5TFLWzuvQdqncAzTBI
