2020-09-22T10:37:15.972498717Z  [2020-09-22T10:37:15Z INFO  dt_instance] Current Twin: 38162cb0-e585-43d7-b55d-5c240b2bfb7c
2020-09-22T10:37:15.972564133Z  [2020-09-22T10:37:15Z INFO  dt_instance] Connecting to broker at mqtt-broker_3:1883
2020-09-22T10:37:15.976559545Z  [2020-09-22T10:37:15Z INFO  dt_instance] Refreshing topics for twin 38162cb0-e585-43d7-b55d-5c240b2bfb7c - Listen to 38162cb0-e585-43d7-b55d-5c240b2bfb7c/+/+
2020-09-22T10:37:16.079156531Z  [2020-09-22T10:37:16Z INFO  dt_instance] SubAck { pkid: 1, return_codes: [Success(AtLeastOnce)] }
2020-09-22T10:37:46.025607576Z  [2020-09-22T10:37:46Z ERROR dt_instance] Unhandled incoming.
2020-09-22T10:38:16.027339020Z  [2020-09-22T10:38:16Z ERROR dt_instance] Unhandled incoming.
2020-09-22T10:38:46.029479904Z  [2020-09-22T10:38:46Z ERROR dt_instance] Unhandled incoming.
2020-09-22T10:39:04.961477172Z  [2020-09-22T10:39:04Z INFO  dt_instance] d0a71d84-b80f-4558-beac-8887750652e3 "0 DOheVHYbClI10fVJ6pG8PdVd23R5LnS3ARsAFc3RFt8lSjx6zhDbDuCa6eOJnC"
2020-09-22T10:39:04.974401866Z  [2020-09-22T10:39:04Z INFO  dt_instance] Inserted data for source d0a71d84-b80f-4558-beac-8887750652e3.
2020-09-22T10:39:05.026424009Z  [2020-09-22T10:39:05Z INFO  dt_instance] d0a71d84-b80f-4558-beac-8887750652e3 "1 144Go2bRceJWwasewrv3i1Z9aMHnQlrQj30js7lSnapgNCVdNCuDP7QTP2yj0I"
2020-09-22T10:39:05.039383532Z  [2020-09-22T10:39:05Z INFO  dt_instance] Inserted data for source d0a71d84-b80f-4558-beac-8887750652e3.
2020-09-22T10:39:05.091568586Z  [2020-09-22T10:39:05Z INFO  dt_instance] d0a71d84-b80f-4558-beac-8887750652e3 "2 jUC3QDsMiNbBgmZkSMVs2hmrTZUsZ3uxz8JpWqN16XndNv8DYHDnvUbBSrFUiX"
2020-09-22T10:39:05.113049016Z  [2020-09-22T10:39:05Z INFO  dt_instance] Inserted data for source d0a71d84-b80f-4558-beac-8887750652e3.
2020-09-22T10:39:05.165315438Z  [2020-09-22T10:39:05Z INFO  dt_instance] d0a71d84-b80f-4558-beac-8887750652e3 "3 PotJKXXnlx7TCd7sblEPma0X9WfZ6UVzGJJBakIe1iTkXvlTL34kpZQetDfTHK"
2020-09-22T10:39:05.181173474Z  [2020-09-22T10:39:05Z INFO  dt_instance] Inserted data for source d0a71d84-b80f-4558-beac-8887750652e3.
2020-09-22T10:39:05.231823101Z  [2020-09-22T10:39:05Z INFO  dt_instance] d0a71d84-b80f-4558-beac-8887750652e3 "4 YYLTZd3BZMGWdJXxZtBrkbPi4gDc7IkudNawUT6zddsOkBIvRbAjRSqqCWVuLF"
2020-09-22T10:39:05.244955664Z  [2020-09-22T10:39:05Z INFO  dt_instance] Inserted data for source d0a71d84-b80f-4558-beac-8887750652e3.
2020-09-22T10:39:05.296680932Z  [2020-09-22T10:39:05Z INFO  dt_instance] d0a71d84-b80f-4558-beac-8887750652e3 "5 iNGGKStCJS6AjFPHxlWbUY6RghUjnbANZgbfNyQWlvD8xfH2OEOFimxfFQSwFa"
2020-09-22T10:39:05.313607968Z  [2020-09-22T10:39:05Z INFO  dt_instance] Inserted data for source d0a71d84-b80f-4558-beac-8887750652e3.
2020-09-22T10:39:05.364935581Z  [2020-09-22T10:39:05Z INFO  dt_instance] d0a71d84-b80f-4558-beac-8887750652e3 "6 l8esG2B5GWWc0Z9ZQXib9OEmSJb5mWSeiVyP5VjA0ckixr17wcMC2BWaBddDmQ"
2020-09-22T10:39:05.384994175Z  [2020-09-22T10:39:05Z INFO  dt_instance] Inserted data for source d0a71d84-b80f-4558-beac-8887750652e3.
2020-09-22T10:39:05.437355557Z  [2020-09-22T10:39:05Z INFO  dt_instance] d0a71d84-b80f-4558-beac-8887750652e3 "7 Cxd9BtyHZMgIjHaC57XFp5VKs5WGQDmXoe4134JEQkPz39G4q24wUmEVAratG4"
2020-09-22T10:39:06.449977564Z  [2020-09-22T10:39:06Z INFO  dt_instance] Inserted data for source d0a71d84-b80f-4558-beac-8887750652e3.
2020-09-22T10:39:06.501999068Z  [2020-09-22T10:39:06Z INFO  dt_instance] d0a71d84-b80f-4558-beac-8887750652e3 "8 8YbcPhbvoK71CvP1HKZY8sf4grmRPhpFJe55NTdcdHFAPleI4my5Yf9M8xFSJE"
2020-09-22T10:39:06.510045149Z  [2020-09-22T10:39:06Z INFO  dt_instance] Inserted data for source d0a71d84-b80f-4558-beac-8887750652e3.
2020-09-22T10:39:06.561800468Z  [2020-09-22T10:39:06Z INFO  dt_instance] d0a71d84-b80f-4558-beac-8887750652e3 "9 YArpHb1LAgv1zH9EmeFN1Npc92osZezx5O5ueFalRIp7Y3GTdglkN5v26SEEGq"
2020-09-22T10:39:06.576500943Z  [2020-09-22T10:39:06Z INFO  dt_instance] Inserted data for source d0a71d84-b80f-4558-beac-8887750652e3.
2020-09-22T10:39:06.628374329Z  [2020-09-22T10:39:06Z INFO  dt_instance] d0a71d84-b80f-4558-beac-8887750652e3 "10 re0usET4LXUWGUArdOyDtqzfMiI7Q8pstzrICnIjIi0d82M39qyQ2qQoGZWkI"
2020-09-22T10:39:06.643941886Z  [2020-09-22T10:39:06Z INFO  dt_instance] Inserted data for source d0a71d84-b80f-4558-beac-8887750652e3.
2020-09-22T10:39:06.696159701Z  [2020-09-22T10:39:06Z INFO  dt_instance] d0a71d84-b80f-4558-beac-8887750652e3 "11 kEL3hoMg4MUKnXFKF9SkuS5Pszrl19d9LQSuuETCWPGt7hnKdiqpK0DfwKs8f"
2020-09-22T10:39:06.715127305Z  [2020-09-22T10:39:06Z INFO  dt_instance] Inserted data for source d0a71d84-b80f-4558-beac-8887750652e3.
2020-09-22T10:39:06.767196452Z  [2020-09-22T10:39:06Z INFO  dt_instance] d0a71d84-b80f-4558-beac-8887750652e3 "12 Pxq48eywPYwkcAlS0rBtXWyWZYUi3Rg9UwCFCUo70SSBudB5Ff4uT86Clpv6B"
2020-09-22T10:39:06.787408379Z  [2020-09-22T10:39:06Z INFO  dt_instance] Inserted data for source d0a71d84-b80f-4558-beac-8887750652e3.
2020-09-22T10:39:06.839571849Z  [2020-09-22T10:39:06Z INFO  dt_instance] d0a71d84-b80f-4558-beac-8887750652e3 "13 ajxsEXBsMXAmNseOrciVEMvSjH3UO9yt0mc9MBYl20lhvhGGXR1QEkEMY4kn7"
2020-09-22T10:39:06.854971551Z  [2020-09-22T10:39:06Z INFO  dt_instance] Inserted data for source d0a71d84-b80f-4558-beac-8887750652e3.
2020-09-22T10:39:06.906966438Z  [2020-09-22T10:39:06Z INFO  dt_instance] d0a71d84-b80f-4558-beac-8887750652e3 "14 0KaQBp9Vi8CDSQK1FXEHdNfg19f5eULBGMKTS6x4y8DnH8q6cM7IrwVjXNMP6"
2020-09-22T10:39:06.929904244Z  [2020-09-22T10:39:06Z INFO  dt_instance] Inserted data for source d0a71d84-b80f-4558-beac-8887750652e3.
2020-09-22T10:39:06.982308261Z  [2020-09-22T10:39:06Z INFO  dt_instance] d0a71d84-b80f-4558-beac-8887750652e3 "15 oN32jIYfrCcQFhtJWznaJg8rLWMiKGNdePjrOJl2CQKz6ZU1CVEryaYhMpL3Z"
2020-09-22T10:39:07.006072739Z  [2020-09-22T10:39:07Z INFO  dt_instance] Inserted data for source d0a71d84-b80f-4558-beac-8887750652e3.
2020-09-22T10:39:07.058384975Z  [2020-09-22T10:39:07Z INFO  dt_instance] d0a71d84-b80f-4558-beac-8887750652e3 "16 N5sM1ZDM9qoeM1yMpIwAZPZRVyR8cUvMclJep5c2fqChThGx4KBcNLUMbwmCL"
2020-09-22T10:39:07.081795091Z  [2020-09-22T10:39:07Z INFO  dt_instance] Inserted data for source d0a71d84-b80f-4558-beac-8887750652e3.
2020-09-22T10:39:07.134602048Z  [2020-09-22T10:39:07Z INFO  dt_instance] d0a71d84-b80f-4558-beac-8887750652e3 "17 cIVr4b6xeDLkRkslkprXDVN9zwZOXqXmqVbcj0fdQREGu7p062Fkx0Cx0QuMH"
2020-09-22T10:39:07.158655177Z  [2020-09-22T10:39:07Z INFO  dt_instance] Inserted data for source d0a71d84-b80f-4558-beac-8887750652e3.
2020-09-22T10:39:07.209538161Z  [2020-09-22T10:39:07Z INFO  dt_instance] d0a71d84-b80f-4558-beac-8887750652e3 "18 3LCY2WJHQTfnLcMMtgHCZJ31Z0z4bsdHJGzieOFH4l8mNfIDiDD9YcvZloQrc"
2020-09-22T10:39:07.228877674Z  [2020-09-22T10:39:07Z INFO  dt_instance] Inserted data for source d0a71d84-b80f-4558-beac-8887750652e3.
2020-09-22T10:39:07.281407652Z  [2020-09-22T10:39:07Z INFO  dt_instance] d0a71d84-b80f-4558-beac-8887750652e3 "19 gfOsw9XW8ZiuLQI2eXAikrkyJom8HhHSVmbbsE0MapBpKkT43uAOOgIJLDdDc"
2020-09-22T10:39:07.304184485Z  [2020-09-22T10:39:07Z INFO  dt_instance] Inserted data for source d0a71d84-b80f-4558-beac-8887750652e3.
2020-09-22T10:39:07.356467989Z  [2020-09-22T10:39:07Z INFO  dt_instance] d0a71d84-b80f-4558-beac-8887750652e3 "20 Csko1qiZUKAgLISZ5UVMVZSG0mw5OUKrQDtJNoEZuzjuCoa2Aye0v1MeEICRe"
2020-09-22T10:39:07.380682700Z  [2020-09-22T10:39:07Z INFO  dt_instance] Inserted data for source d0a71d84-b80f-4558-beac-8887750652e3.
2020-09-22T10:39:07.432911897Z  [2020-09-22T10:39:07Z INFO  dt_instance] d0a71d84-b80f-4558-beac-8887750652e3 "21 OSDnEiDyvO2Et7n5DtMh4qlpou5lcGDJ0CtNxD3N9hWUskXAXmY373Pv2ffcS"
2020-09-22T10:39:07.454008665Z  [2020-09-22T10:39:07Z INFO  dt_instance] Inserted data for source d0a71d84-b80f-4558-beac-8887750652e3.
2020-09-22T10:39:07.507220986Z  [2020-09-22T10:39:07Z INFO  dt_instance] d0a71d84-b80f-4558-beac-8887750652e3 "22 2OypbhKKkEsyTJgS5ISIldxyXY02LYaTLelKuKKjlfR6nCjFekCOuTihh3OMm"
2020-09-22T10:39:07.526159852Z  [2020-09-22T10:39:07Z INFO  dt_instance] Inserted data for source d0a71d84-b80f-4558-beac-8887750652e3.
2020-09-22T10:39:07.578607653Z  [2020-09-22T10:39:07Z INFO  dt_instance] d0a71d84-b80f-4558-beac-8887750652e3 "23 J0UUjIfGhx9YRbYq9ccdAOWZJWC2tRTYvECIR1RC3oAhzQudwfsk5bdYQzSl2"
2020-09-22T10:39:07.597794828Z  [2020-09-22T10:39:07Z INFO  dt_instance] Inserted data for source d0a71d84-b80f-4558-beac-8887750652e3.
2020-09-22T10:39:07.650066929Z  [2020-09-22T10:39:07Z INFO  dt_instance] d0a71d84-b80f-4558-beac-8887750652e3 "24 2OKbznYYUtOHRhlSg5yitthy2m0aCfvdcWSg7px6Xlo9IFaHbQHiKzt6e1gPW"
2020-09-22T10:39:07.673704889Z  [2020-09-22T10:39:07Z INFO  dt_instance] Inserted data for source d0a71d84-b80f-4558-beac-8887750652e3.
2020-09-22T10:39:07.725746869Z  [2020-09-22T10:39:07Z INFO  dt_instance] d0a71d84-b80f-4558-beac-8887750652e3 "25 wXfqI3Mc5kT9d61SUW4fzG0dOtfjkhNPHoxw8nBvqmOZHUFSCw1u1b86oq7ou"
2020-09-22T10:39:07.749358391Z  [2020-09-22T10:39:07Z INFO  dt_instance] Inserted data for source d0a71d84-b80f-4558-beac-8887750652e3.
2020-09-22T10:39:07.802179604Z  [2020-09-22T10:39:07Z INFO  dt_instance] d0a71d84-b80f-4558-beac-8887750652e3 "26 7VvavAGcpBdo9w1uSEV9F5DTizue4XFi3bVdmMdNfzshWDKHFei05Ff7yYuR8"
2020-09-22T10:39:07.823601452Z  [2020-09-22T10:39:07Z INFO  dt_instance] Inserted data for source d0a71d84-b80f-4558-beac-8887750652e3.
2020-09-22T10:39:07.878172277Z  [2020-09-22T10:39:07Z INFO  dt_instance] d0a71d84-b80f-4558-beac-8887750652e3 "27 Jus2LcHaDw9CS0vp1myNlfJJZDSFMvrCMYNFrnCfl2bAhoeEFZIYlJm42gyoH"
2020-09-22T10:39:07.898825732Z  [2020-09-22T10:39:07Z INFO  dt_instance] Inserted data for source d0a71d84-b80f-4558-beac-8887750652e3.
2020-09-22T10:39:07.950699666Z  [2020-09-22T10:39:07Z INFO  dt_instance] d0a71d84-b80f-4558-beac-8887750652e3 "28 oUQwW3QygtAFSPwUQsmCkkVEfkArlS4lvEY272CcoeM2rNwDDEHbkFDuPaA6u"
2020-09-22T10:39:07.968491360Z  [2020-09-22T10:39:07Z INFO  dt_instance] Inserted data for source d0a71d84-b80f-4558-beac-8887750652e3.
2020-09-22T10:39:08.019795597Z  [2020-09-22T10:39:08Z INFO  dt_instance] d0a71d84-b80f-4558-beac-8887750652e3 "29 XUbgrL63phLhJHh5cAdACuWtajfOaG7Xooyfbex2YbNptpvjpPcVZPeRKvlBQ"
2020-09-22T10:39:08.041864989Z  [2020-09-22T10:39:08Z INFO  dt_instance] Inserted data for source d0a71d84-b80f-4558-beac-8887750652e3.
2020-09-22T10:39:08.094001861Z  [2020-09-22T10:39:08Z INFO  dt_instance] d0a71d84-b80f-4558-beac-8887750652e3 "30 DAU9nsDOYcKloekC0sjpLm4VI5Rvs04PkyST5WUSUFdLaXnjhZXq60Ght05lh"
2020-09-22T10:39:08.120843001Z  [2020-09-22T10:39:08Z INFO  dt_instance] Inserted data for source d0a71d84-b80f-4558-beac-8887750652e3.
2020-09-22T10:39:08.173103199Z  [2020-09-22T10:39:08Z INFO  dt_instance] d0a71d84-b80f-4558-beac-8887750652e3 "31 qTIFYTSOw18ndsAk3C6kRFiNvPYwpyMXzxkCt1qRgo303jzmedSAxH6QOs4dp"
2020-09-22T10:39:08.194935585Z  [2020-09-22T10:39:08Z INFO  dt_instance] Inserted data for source d0a71d84-b80f-4558-beac-8887750652e3.
2020-09-22T10:39:08.246898608Z  [2020-09-22T10:39:08Z INFO  dt_instance] d0a71d84-b80f-4558-beac-8887750652e3 "32 NCxOZOuLVMPPJZpjsImkFePnkZ8bPCyUzgwmd3xpUB9L1KJSX1LfFarH1MJzP"
2020-09-22T10:39:08.268978553Z  [2020-09-22T10:39:08Z INFO  dt_instance] Inserted data for source d0a71d84-b80f-4558-beac-8887750652e3.
2020-09-22T10:39:08.320986732Z  [2020-09-22T10:39:08Z INFO  dt_instance] d0a71d84-b80f-4558-beac-8887750652e3 "33 sh09fbYG6Nd4Xk49fEnflhuY9qheTmFRznt5ZvogWlH8AiXKeeybvVumH86Hk"
2020-09-22T10:39:08.346194764Z  [2020-09-22T10:39:08Z INFO  dt_instance] Inserted data for source d0a71d84-b80f-4558-beac-8887750652e3.
2020-09-22T10:39:08.398306906Z  [2020-09-22T10:39:08Z INFO  dt_instance] d0a71d84-b80f-4558-beac-8887750652e3 "34 mBX38mc3pLTVYbUF0Z811zedqHTCvpXpxeYn8wEHLjR0JxESUzWR416LuvuA2"
2020-09-22T10:39:08.419327203Z  [2020-09-22T10:39:08Z INFO  dt_instance] Inserted data for source d0a71d84-b80f-4558-beac-8887750652e3.
2020-09-22T10:39:08.471752113Z  [2020-09-22T10:39:08Z INFO  dt_instance] d0a71d84-b80f-4558-beac-8887750652e3 "35 kQa6LQvX93fFQlQGaMnXtD6a2Shgy2nMcnaFqcrwBz4kz1mepQkDNUPoE0lal"
2020-09-22T10:39:08.488955599Z  [2020-09-22T10:39:08Z INFO  dt_instance] Inserted data for source d0a71d84-b80f-4558-beac-8887750652e3.
2020-09-22T10:39:08.540866685Z  [2020-09-22T10:39:08Z INFO  dt_instance] d0a71d84-b80f-4558-beac-8887750652e3 "36 wavRikYctud4JVCpiBpjEZBoC37KSDLkM2Irad8zwvgrK5q5TojaSR7ui4p8z"
2020-09-22T10:39:08.562989896Z  [2020-09-22T10:39:08Z INFO  dt_instance] Inserted data for source d0a71d84-b80f-4558-beac-8887750652e3.
2020-09-22T10:39:08.615056218Z  [2020-09-22T10:39:08Z INFO  dt_instance] d0a71d84-b80f-4558-beac-8887750652e3 "37 x38NKJdZqvGG7yLfb9W2uXO9wTGftu5UWUaCaESSQoZ1gFH2eDFLE0L0eLVjq"
2020-09-22T10:39:08.632631450Z  [2020-09-22T10:39:08Z INFO  dt_instance] Inserted data for source d0a71d84-b80f-4558-beac-8887750652e3.
2020-09-22T10:39:08.684964204Z  [2020-09-22T10:39:08Z INFO  dt_instance] d0a71d84-b80f-4558-beac-8887750652e3 "38 hUZGvxMy3thEDDv7zXGUuNWPmFtR0ZFwiVlFzhacan3b17Rlbc1h932xnRcp2"
2020-09-22T10:39:08.699546520Z  [2020-09-22T10:39:08Z INFO  dt_instance] Inserted data for source d0a71d84-b80f-4558-beac-8887750652e3.
2020-09-22T10:39:08.751923187Z  [2020-09-22T10:39:08Z INFO  dt_instance] d0a71d84-b80f-4558-beac-8887750652e3 "39 ehQUBMCRMUi3pYFazudtOxH9askb1FWA8s2pOXTxBENJLzSRXfXyDluEpQsB6"
2020-09-22T10:39:08.766467721Z  [2020-09-22T10:39:08Z INFO  dt_instance] Inserted data for source d0a71d84-b80f-4558-beac-8887750652e3.
2020-09-22T10:39:08.819096907Z  [2020-09-22T10:39:08Z INFO  dt_instance] d0a71d84-b80f-4558-beac-8887750652e3 "40 VwbnL9p4bQDOJseoUz5LPgPn389RRzlCrM5TgAhoWvCwKWbQIePVV28kYVDBY"
2020-09-22T10:39:08.833465657Z  [2020-09-22T10:39:08Z INFO  dt_instance] Inserted data for source d0a71d84-b80f-4558-beac-8887750652e3.
2020-09-22T10:39:08.884675768Z  [2020-09-22T10:39:08Z INFO  dt_instance] d0a71d84-b80f-4558-beac-8887750652e3 "41 tBEIXVL8DMiPCWrOLAonOXtMkEJm1XrPJYcogv8TNrWmCzjlQUiEtn8WlglU9"
2020-09-22T10:39:08.902448315Z  [2020-09-22T10:39:08Z INFO  dt_instance] Inserted data for source d0a71d84-b80f-4558-beac-8887750652e3.
2020-09-22T10:39:08.954359649Z  [2020-09-22T10:39:08Z INFO  dt_instance] d0a71d84-b80f-4558-beac-8887750652e3 "42 YJxOXAfJH3FaWnFqDK69uetYOixx1rqvSEtHtseChZPEv2S8XZfmkFaFsPIej"
2020-09-22T10:39:08.972519399Z  [2020-09-22T10:39:08Z INFO  dt_instance] Inserted data for source d0a71d84-b80f-4558-beac-8887750652e3.
2020-09-22T10:39:09.024585408Z  [2020-09-22T10:39:09Z INFO  dt_instance] d0a71d84-b80f-4558-beac-8887750652e3 "43 lWJ2n9gU40EerstO9MnMrqpYUuqJEf5dyzu01eJ2nHtXauteWCC2rPbO7guPt"
2020-09-22T10:39:09.040786595Z  [2020-09-22T10:39:09Z INFO  dt_instance] Inserted data for source d0a71d84-b80f-4558-beac-8887750652e3.
2020-09-22T10:39:09.091876409Z  [2020-09-22T10:39:09Z INFO  dt_instance] d0a71d84-b80f-4558-beac-8887750652e3 "44 sY8MKAVwh4SIDL7XatXQhRYSZ0sWfhvJOvsSTfuJI9d8n27cnjfLBbiRRUbP7"
2020-09-22T10:39:09.113408111Z  [2020-09-22T10:39:09Z INFO  dt_instance] Inserted data for source d0a71d84-b80f-4558-beac-8887750652e3.
2020-09-22T10:39:09.165261349Z  [2020-09-22T10:39:09Z INFO  dt_instance] d0a71d84-b80f-4558-beac-8887750652e3 "45 fNMenpABaY61DGH6lEMIlHofOXq3uF00cY9uDCQAGfK4iQ0SbPKGn5krY6kmL"
2020-09-22T10:39:09.188914780Z  [2020-09-22T10:39:09Z INFO  dt_instance] Inserted data for source d0a71d84-b80f-4558-beac-8887750652e3.
2020-09-22T10:39:09.241467979Z  [2020-09-22T10:39:09Z INFO  dt_instance] d0a71d84-b80f-4558-beac-8887750652e3 "46 uSsZrcliQolJUE9cnBuL4S7j0A7XvlKI6LRTs6fHgpcfTzjUxbCUyrc8k7qj5"
2020-09-22T10:39:09.257294790Z  [2020-09-22T10:39:09Z INFO  dt_instance] Inserted data for source d0a71d84-b80f-4558-beac-8887750652e3.
2020-09-22T10:39:09.309521653Z  [2020-09-22T10:39:09Z INFO  dt_instance] d0a71d84-b80f-4558-beac-8887750652e3 "47 3zEsdonn2EpSeOWgnhbOXtWwuz45WIxOyn0Mx16VYZoWs6mit6M26reQKhVaj"
2020-09-22T10:39:09.328040973Z  [2020-09-22T10:39:09Z INFO  dt_instance] Inserted data for source d0a71d84-b80f-4558-beac-8887750652e3.
2020-09-22T10:39:09.379968027Z  [2020-09-22T10:39:09Z INFO  dt_instance] d0a71d84-b80f-4558-beac-8887750652e3 "48 hDtBkqT2Nim76TF6Wr1tQBFr1rhlNiGDazp5V0jeFHhqvh3d4t8jjWCn6oJnW"
2020-09-22T10:39:09.404135138Z  [2020-09-22T10:39:09Z INFO  dt_instance] Inserted data for source d0a71d84-b80f-4558-beac-8887750652e3.
2020-09-22T10:39:09.456162811Z  [2020-09-22T10:39:09Z INFO  dt_instance] d0a71d84-b80f-4558-beac-8887750652e3 "49 ts44qdi69PwJkrLaPbwTb4A6vuicgHggpa0cpOgnd7TuF4nxft4wJIAw94LFg"
2020-09-22T10:39:09.474828817Z  [2020-09-22T10:39:09Z INFO  dt_instance] Inserted data for source d0a71d84-b80f-4558-beac-8887750652e3.
2020-09-22T10:39:09.527334606Z  [2020-09-22T10:39:09Z INFO  dt_instance] d0a71d84-b80f-4558-beac-8887750652e3 "50 L49yLkK3mBCGmES43sHbVwrjECqb9BVvGZytf1q2VqhKa4WgyVcsSI17h7OXR"
2020-09-22T10:39:09.551682054Z  [2020-09-22T10:39:09Z INFO  dt_instance] Inserted data for source d0a71d84-b80f-4558-beac-8887750652e3.
2020-09-22T10:39:09.603837445Z  [2020-09-22T10:39:09Z INFO  dt_instance] d0a71d84-b80f-4558-beac-8887750652e3 "51 s77wsrtefUIh3POE3gkffrlHHZnH9FNhgw05qgAqnZNsmA4bbWasnNt5Z0CGw"
2020-09-22T10:39:09.622256221Z  [2020-09-22T10:39:09Z INFO  dt_instance] Inserted data for source d0a71d84-b80f-4558-beac-8887750652e3.
2020-09-22T10:39:09.674237218Z  [2020-09-22T10:39:09Z INFO  dt_instance] d0a71d84-b80f-4558-beac-8887750652e3 "52 49fvFYI0mySeY5pp1BItMdeT4pLesxmq1nnByNiqnOEmXU6cRZSpUvo6WVemT"
2020-09-22T10:39:09.701205629Z  [2020-09-22T10:39:09Z INFO  dt_instance] Inserted data for source d0a71d84-b80f-4558-beac-8887750652e3.
2020-09-22T10:39:09.753131555Z  [2020-09-22T10:39:09Z INFO  dt_instance] d0a71d84-b80f-4558-beac-8887750652e3 "53 J0PhOQ7Sg9iccH66fiFgE9jaYhVDkB4BjahobgHfGqbPFjGB70cBSVxpZH789"
2020-09-22T10:39:09.773329924Z  [2020-09-22T10:39:09Z INFO  dt_instance] Inserted data for source d0a71d84-b80f-4558-beac-8887750652e3.
2020-09-22T10:39:09.825116225Z  [2020-09-22T10:39:09Z INFO  dt_instance] d0a71d84-b80f-4558-beac-8887750652e3 "54 LZdxzCP6hCWCVVBsbQnyv7pYydHdqosm84b3hMhjngtTXM3DDNX0hQJUy4Gzs"
2020-09-22T10:39:09.843607787Z  [2020-09-22T10:39:09Z INFO  dt_instance] Inserted data for source d0a71d84-b80f-4558-beac-8887750652e3.
2020-09-22T10:39:09.895689329Z  [2020-09-22T10:39:09Z INFO  dt_instance] d0a71d84-b80f-4558-beac-8887750652e3 "55 XoKDlhG2b8HRprQbF1gdSLqj1K8hbYopyED4cBGQFa6kYfNWMsjpav1Ud9odn"
2020-09-22T10:39:09.915614977Z  [2020-09-22T10:39:09Z INFO  dt_instance] Inserted data for source d0a71d84-b80f-4558-beac-8887750652e3.
2020-09-22T10:39:09.967388783Z  [2020-09-22T10:39:09Z INFO  dt_instance] d0a71d84-b80f-4558-beac-8887750652e3 "56 DyrGBYdRNzMvkKd9nNQozRLQvlRZGGi8tMK2AgY73kBkbZyGlBXEgYMeH846l"
2020-09-22T10:39:09.986760443Z  [2020-09-22T10:39:09Z INFO  dt_instance] Inserted data for source d0a71d84-b80f-4558-beac-8887750652e3.
2020-09-22T10:39:10.038814486Z  [2020-09-22T10:39:10Z INFO  dt_instance] d0a71d84-b80f-4558-beac-8887750652e3 "57 guYlKEvWB2ExnmYDvzBTU82hStYqzJnaAko4EtOnryO3EVpGcoTZIGLhT9lGS"
2020-09-22T10:39:10.053792554Z  [2020-09-22T10:39:10Z INFO  dt_instance] Inserted data for source d0a71d84-b80f-4558-beac-8887750652e3.
2020-09-22T10:39:10.105751559Z  [2020-09-22T10:39:10Z INFO  dt_instance] d0a71d84-b80f-4558-beac-8887750652e3 "58 3fmQSoLzTXMudVJzOuavAEHqFJc0YHPj1kAHn0aerGh7pK1d13wHV2pAjML2n"
2020-09-22T10:39:10.121071025Z  [2020-09-22T10:39:10Z INFO  dt_instance] Inserted data for source d0a71d84-b80f-4558-beac-8887750652e3.
2020-09-22T10:39:10.173136442Z  [2020-09-22T10:39:10Z INFO  dt_instance] d0a71d84-b80f-4558-beac-8887750652e3 "59 h1905Z98a26X5QYaAsAOhrcWg46vHxjKFJOshxpSeyf1CQ9rJ5sPNsaeEx9dy"
2020-09-22T10:39:10.187830594Z  [2020-09-22T10:39:10Z INFO  dt_instance] Inserted data for source d0a71d84-b80f-4558-beac-8887750652e3.
2020-09-22T10:39:10.239910419Z  [2020-09-22T10:39:10Z INFO  dt_instance] d0a71d84-b80f-4558-beac-8887750652e3 "60 XcvJTi5bDhBI67LDtNsXP3pNKf9lBMgPrxaEyslESs8NViTlC0x09D3oKrdp5"
2020-09-22T10:39:10.258777444Z  [2020-09-22T10:39:10Z INFO  dt_instance] Inserted data for source d0a71d84-b80f-4558-beac-8887750652e3.
2020-09-22T10:39:10.310999778Z  [2020-09-22T10:39:10Z INFO  dt_instance] d0a71d84-b80f-4558-beac-8887750652e3 "61 zLoqx4yXfX5Z3kwq5pg9HVjARgXig6NycwanbsXtsHsEHj2b09Y6UC0487bea"
2020-09-22T10:39:10.329738016Z  [2020-09-22T10:39:10Z INFO  dt_instance] Inserted data for source d0a71d84-b80f-4558-beac-8887750652e3.
2020-09-22T10:39:10.381903000Z  [2020-09-22T10:39:10Z INFO  dt_instance] d0a71d84-b80f-4558-beac-8887750652e3 "62 Vvu0JH1sUtWOps1gBSldZ62jb7AYtz57XTg1YtFO65mXGNsvK4Nv78KQrclhN"
2020-09-22T10:39:10.404154818Z  [2020-09-22T10:39:10Z INFO  dt_instance] Inserted data for source d0a71d84-b80f-4558-beac-8887750652e3.
2020-09-22T10:39:10.456279698Z  [2020-09-22T10:39:10Z INFO  dt_instance] d0a71d84-b80f-4558-beac-8887750652e3 "63 aPkqMhYODWaNqpWOZHUYzrZBoFddO2uHstXMSCV6T9PBLeyBxD2lpSPldFp2I"
2020-09-22T10:39:10.473082950Z  [2020-09-22T10:39:10Z INFO  dt_instance] Inserted data for source d0a71d84-b80f-4558-beac-8887750652e3.
2020-09-22T10:39:10.530710384Z  [2020-09-22T10:39:10Z INFO  dt_instance] d0a71d84-b80f-4558-beac-8887750652e3 "64 RUwjszV65dHbyKxXxnO4BUA52d3IUoXhUZfTt57srMZzyNx9bPspbxnh82x2X"
2020-09-22T10:39:10.550953283Z  [2020-09-22T10:39:10Z INFO  dt_instance] Inserted data for source d0a71d84-b80f-4558-beac-8887750652e3.
2020-09-22T10:39:10.603224221Z  [2020-09-22T10:39:10Z INFO  dt_instance] d0a71d84-b80f-4558-beac-8887750652e3 "65 CAT6JY3O9azr0L0M8TABU7kTKb8o64QL4luioCiLR8Ak8f4Q5IXvvbo8i1zzd"
2020-09-22T10:39:10.617392185Z  [2020-09-22T10:39:10Z INFO  dt_instance] Inserted data for source d0a71d84-b80f-4558-beac-8887750652e3.
2020-09-22T10:39:10.669563006Z  [2020-09-22T10:39:10Z INFO  dt_instance] d0a71d84-b80f-4558-beac-8887750652e3 "66 oV6SvfUZHENs3lJ5HVeIuh3EgBFMvuxtWQkIiYTgF7hkpvnOT1JbZwNdECIM6"
2020-09-22T10:39:10.685061911Z  [2020-09-22T10:39:10Z INFO  dt_instance] Inserted data for source d0a71d84-b80f-4558-beac-8887750652e3.
2020-09-22T10:39:10.736969445Z  [2020-09-22T10:39:10Z INFO  dt_instance] d0a71d84-b80f-4558-beac-8887750652e3 "67 73Gdw0wpCsrGzR9AVmetxmYxdDZkLd9c0EHtJtoKDiYkOrdUaEPUnSRH7qcPr"
2020-09-22T10:39:10.752250531Z  [2020-09-22T10:39:10Z INFO  dt_instance] Inserted data for source d0a71d84-b80f-4558-beac-8887750652e3.
2020-09-22T10:39:10.804145466Z  [2020-09-22T10:39:10Z INFO  dt_instance] d0a71d84-b80f-4558-beac-8887750652e3 "68 gTwRSpJxHVgb1Jpaga9CjdlNKcfdX2SfPfDcd5c6Ae6hej2M6jczQ1OHK6xFR"
2020-09-22T10:39:10.824085494Z  [2020-09-22T10:39:10Z INFO  dt_instance] Inserted data for source d0a71d84-b80f-4558-beac-8887750652e3.
2020-09-22T10:39:10.876865633Z  [2020-09-22T10:39:10Z INFO  dt_instance] d0a71d84-b80f-4558-beac-8887750652e3 "69 SoGhbvATDJ6gKNkrnHpAogg1XcSkHQDN77PMWwpvMR93MceX5opGI6tUTs4ol"
2020-09-22T10:39:10.895065699Z  [2020-09-22T10:39:10Z INFO  dt_instance] Inserted data for source d0a71d84-b80f-4558-beac-8887750652e3.
2020-09-22T10:39:10.947090062Z  [2020-09-22T10:39:10Z INFO  dt_instance] d0a71d84-b80f-4558-beac-8887750652e3 "70 AANrmsSMi1OcDgo4sYygqGgqf0xl4RSitDhBf7sFtwp5cMfS8xK3gPhzKc4R7"
2020-09-22T10:39:10.963895073Z  [2020-09-22T10:39:10Z INFO  dt_instance] Inserted data for source d0a71d84-b80f-4558-beac-8887750652e3.
2020-09-22T10:39:11.015807355Z  [2020-09-22T10:39:11Z INFO  dt_instance] d0a71d84-b80f-4558-beac-8887750652e3 "71 TOoCS4SB7iMQWPymld8xxOmKnVZ2y90MmFXaL5br94MY6i1nJeZ3AVe93Ho1Q"
2020-09-22T10:39:11.034266358Z  [2020-09-22T10:39:11Z INFO  dt_instance] Inserted data for source d0a71d84-b80f-4558-beac-8887750652e3.
2020-09-22T10:39:11.086372361Z  [2020-09-22T10:39:11Z INFO  dt_instance] d0a71d84-b80f-4558-beac-8887750652e3 "72 62ckCSnYSne0kfQJ82awUt62cKqaZAkBNq1VT9yeHKUcthNFQCcgwutKuxx0H"
2020-09-22T10:39:11.103423819Z  [2020-09-22T10:39:11Z INFO  dt_instance] Inserted data for source d0a71d84-b80f-4558-beac-8887750652e3.
2020-09-22T10:39:11.156476260Z  [2020-09-22T10:39:11Z INFO  dt_instance] d0a71d84-b80f-4558-beac-8887750652e3 "73 Qiu1atxrfTu3y77QmXOoNUtoNTPeLZ8LYQ35E56ooWye6IfgoHwQ1nBHhofnT"
2020-09-22T10:39:11.176595271Z  [2020-09-22T10:39:11Z INFO  dt_instance] Inserted data for source d0a71d84-b80f-4558-beac-8887750652e3.
2020-09-22T10:39:11.228530019Z  [2020-09-22T10:39:11Z INFO  dt_instance] d0a71d84-b80f-4558-beac-8887750652e3 "74 KrrU5YaUBFFX3gbRiQGyBKY0RX7asDnYMmMAGoWkPEJU2bB4MVYwfdmNO6219"
2020-09-22T10:39:11.247550177Z  [2020-09-22T10:39:11Z INFO  dt_instance] Inserted data for source d0a71d84-b80f-4558-beac-8887750652e3.
2020-09-22T10:39:11.299877941Z  [2020-09-22T10:39:11Z INFO  dt_instance] d0a71d84-b80f-4558-beac-8887750652e3 "75 xG8GXtMClUGhFvNSiIXmUnYyrPkYXREvLrQ71uBPPGQa5nsAVlS9CrHV7Ky9X"
2020-09-22T10:39:11.324467916Z  [2020-09-22T10:39:11Z INFO  dt_instance] Inserted data for source d0a71d84-b80f-4558-beac-8887750652e3.
2020-09-22T10:39:11.376828686Z  [2020-09-22T10:39:11Z INFO  dt_instance] d0a71d84-b80f-4558-beac-8887750652e3 "76 MUZmfuHFIlPjJn3GjVN1z8PDhrBOsczVqLnz7iPEV3kcQH7FxVWR0Hd6kgXBC"
2020-09-22T10:39:11.397270379Z  [2020-09-22T10:39:11Z INFO  dt_instance] Inserted data for source d0a71d84-b80f-4558-beac-8887750652e3.
2020-09-22T10:39:11.449485977Z  [2020-09-22T10:39:11Z INFO  dt_instance] d0a71d84-b80f-4558-beac-8887750652e3 "77 Ae24tKhGwZpSTZNz25BtzqRFpPyhVGWHuNRGdM96yjcK5heoedSPCsd1Tvy2N"
2020-09-22T10:39:11.471856165Z  [2020-09-22T10:39:11Z INFO  dt_instance] Inserted data for source d0a71d84-b80f-4558-beac-8887750652e3.
2020-09-22T10:39:11.523987479Z  [2020-09-22T10:39:11Z INFO  dt_instance] d0a71d84-b80f-4558-beac-8887750652e3 "78 s1yFRkH84812oVr2TECwAyOBlNTKm18yrUl8HSiPCFZYIRjihH5i8Go5xWuGD"
2020-09-22T10:39:11.543656431Z  [2020-09-22T10:39:11Z INFO  dt_instance] Inserted data for source d0a71d84-b80f-4558-beac-8887750652e3.
2020-09-22T10:39:11.594833387Z  [2020-09-22T10:39:11Z INFO  dt_instance] d0a71d84-b80f-4558-beac-8887750652e3 "79 tUHpkBjvhL4F0w3NUttxgJsyNaRoG1rkL0BM1d7kldjlNFZQA4W3VaC4RhgXI"
2020-09-22T10:39:11.619375394Z  [2020-09-22T10:39:11Z INFO  dt_instance] Inserted data for source d0a71d84-b80f-4558-beac-8887750652e3.
2020-09-22T10:39:11.671032727Z  [2020-09-22T10:39:11Z INFO  dt_instance] d0a71d84-b80f-4558-beac-8887750652e3 "80 9HdV1vnANd1xDogQWdTdFz1bvLIzTecZS7EEnIyESU1Cn7U4L5mOkr0VAbsrp"
2020-09-22T10:39:11.688339180Z  [2020-09-22T10:39:11Z INFO  dt_instance] Inserted data for source d0a71d84-b80f-4558-beac-8887750652e3.
2020-09-22T10:39:11.740235444Z  [2020-09-22T10:39:11Z INFO  dt_instance] d0a71d84-b80f-4558-beac-8887750652e3 "81 ryLoeUaD8kHBxEQMOeCfavAefIb2BUaKHnJpt7fgbPTnVFReGeYVsOTWktzqa"
2020-09-22T10:39:11.760185126Z  [2020-09-22T10:39:11Z INFO  dt_instance] Inserted data for source d0a71d84-b80f-4558-beac-8887750652e3.
2020-09-22T10:39:11.812137360Z  [2020-09-22T10:39:11Z INFO  dt_instance] d0a71d84-b80f-4558-beac-8887750652e3 "82 QRBvvk6LbpqmTCnVBDrEEKopjLQzihQjLGNMGhZdMupWobfr0sZcOQdmT9tCK"
2020-09-22T10:39:11.827729670Z  [2020-09-22T10:39:11Z INFO  dt_instance] Inserted data for source d0a71d84-b80f-4558-beac-8887750652e3.
2020-09-22T10:39:11.878826705Z  [2020-09-22T10:39:11Z INFO  dt_instance] d0a71d84-b80f-4558-beac-8887750652e3 "83 x0yfvSqUJZtVNz1feeUCeyZElht9iEBjqOR06lkm7PzDqKwyAknR1W0zUbHom"
2020-09-22T10:39:11.898010370Z  [2020-09-22T10:39:11Z INFO  dt_instance] Inserted data for source d0a71d84-b80f-4558-beac-8887750652e3.
2020-09-22T10:39:11.949959791Z  [2020-09-22T10:39:11Z INFO  dt_instance] d0a71d84-b80f-4558-beac-8887750652e3 "84 Gmrk8H9bL4x7Ol2p8yEs6lHnQbN1LPPld5fwWQXlyzM7dzxmsL3sqvmpwZr3h"
2020-09-22T10:39:11.968115649Z  [2020-09-22T10:39:11Z INFO  dt_instance] Inserted data for source d0a71d84-b80f-4558-beac-8887750652e3.
2020-09-22T10:39:12.020151709Z  [2020-09-22T10:39:12Z INFO  dt_instance] d0a71d84-b80f-4558-beac-8887750652e3 "85 GLtGYviZnwUBTiHl8aNcNsYEWudfANOcsPfLiVjfRmXHYWLOy5JsWoTWz38VV"
2020-09-22T10:39:13.043381164Z  [2020-09-22T10:39:13Z INFO  dt_instance] Inserted data for source d0a71d84-b80f-4558-beac-8887750652e3.
2020-09-22T10:39:13.096374484Z  [2020-09-22T10:39:13Z INFO  dt_instance] d0a71d84-b80f-4558-beac-8887750652e3 "86 0YVSVFVywb7Xp8yDE9AHloXdjVU7RBBPaInZhA6qX0THoO2Tp1BquhGlymoNU"
2020-09-22T10:39:13.106858604Z  [2020-09-22T10:39:13Z INFO  dt_instance] Inserted data for source d0a71d84-b80f-4558-beac-8887750652e3.
2020-09-22T10:39:13.158835716Z  [2020-09-22T10:39:13Z INFO  dt_instance] d0a71d84-b80f-4558-beac-8887750652e3 "87 bG0lnwYQ42bx9X8gLTaI4rCYcBbYFvFGlw0UPN0pCubKU7P2cKCt8OdADYEsG"
2020-09-22T10:39:13.165539165Z  [2020-09-22T10:39:13Z INFO  dt_instance] Inserted data for source d0a71d84-b80f-4558-beac-8887750652e3.
2020-09-22T10:39:13.217355701Z  [2020-09-22T10:39:13Z INFO  dt_instance] d0a71d84-b80f-4558-beac-8887750652e3 "88 JSR1JRDj7r2EnhIrMlQyrYh6mvPM2UPB7DrRMbJEgHzUxRSdD6IKXVM6LP6az"
2020-09-22T10:39:13.227450934Z  [2020-09-22T10:39:13Z INFO  dt_instance] Inserted data for source d0a71d84-b80f-4558-beac-8887750652e3.
2020-09-22T10:39:13.279397985Z  [2020-09-22T10:39:13Z INFO  dt_instance] d0a71d84-b80f-4558-beac-8887750652e3 "89 v0lfRAvZVr8BHhxh6fJBL25KhRFc4ejHFEXDMvfB9wqGPKjrQeD3pL0QVvjft"
2020-09-22T10:39:13.301479928Z  [2020-09-22T10:39:13Z INFO  dt_instance] Inserted data for source d0a71d84-b80f-4558-beac-8887750652e3.
2020-09-22T10:39:13.352898215Z  [2020-09-22T10:39:13Z INFO  dt_instance] d0a71d84-b80f-4558-beac-8887750652e3 "90 rw28AP6BUFJXqSE85iVAmBoij5FlqLBOT0fnOKKcrAIkHNnzzVlto19c1RF3r"
2020-09-22T10:39:13.369939533Z  [2020-09-22T10:39:13Z INFO  dt_instance] Inserted data for source d0a71d84-b80f-4558-beac-8887750652e3.
2020-09-22T10:39:13.421857823Z  [2020-09-22T10:39:13Z INFO  dt_instance] d0a71d84-b80f-4558-beac-8887750652e3 "91 mf6BOqfJv6x3j0X4qOucSELNMwGkNIuFgUOwUcx5DiLKtBhYwsQNab817ftCQ"
2020-09-22T10:39:13.437587433Z  [2020-09-22T10:39:13Z INFO  dt_instance] Inserted data for source d0a71d84-b80f-4558-beac-8887750652e3.
2020-09-22T10:39:13.488651128Z  [2020-09-22T10:39:13Z INFO  dt_instance] d0a71d84-b80f-4558-beac-8887750652e3 "92 G1A60TxAmwb3ikLSWGtfAZfIpTxhNJuSsJAB1JIOudCfCeujFT4BEtl19VbEC"
2020-09-22T10:39:13.508900868Z  [2020-09-22T10:39:13Z INFO  dt_instance] Inserted data for source d0a71d84-b80f-4558-beac-8887750652e3.
2020-09-22T10:39:13.560817024Z  [2020-09-22T10:39:13Z INFO  dt_instance] d0a71d84-b80f-4558-beac-8887750652e3 "93 9HwXH4IWqT17SmdVzHaPdSyDgGQ8GRkomnEXgSXHBRceLBpAjP5WfQlzD2MyI"
2020-09-22T10:39:13.580213945Z  [2020-09-22T10:39:13Z INFO  dt_instance] Inserted data for source d0a71d84-b80f-4558-beac-8887750652e3.
2020-09-22T10:39:13.632001155Z  [2020-09-22T10:39:13Z INFO  dt_instance] d0a71d84-b80f-4558-beac-8887750652e3 "94 thX5JI75YFgD6LoRqxhg3oxFJ6FFd3j2SfB2GOvys957K1hA9y2InbWmvZe0l"
2020-09-22T10:39:13.646210158Z  [2020-09-22T10:39:13Z INFO  dt_instance] Inserted data for source d0a71d84-b80f-4558-beac-8887750652e3.
2020-09-22T10:39:13.698935931Z  [2020-09-22T10:39:13Z INFO  dt_instance] d0a71d84-b80f-4558-beac-8887750652e3 "95 pgrG5fgEIChsE32ToAAp4Z6cTJuLp9JIt4dyLWaUXih5iv7yjf94y4X6My7ks"
2020-09-22T10:39:13.715248182Z  [2020-09-22T10:39:13Z INFO  dt_instance] Inserted data for source d0a71d84-b80f-4558-beac-8887750652e3.
2020-09-22T10:39:13.767815993Z  [2020-09-22T10:39:13Z INFO  dt_instance] d0a71d84-b80f-4558-beac-8887750652e3 "96 nOJ2kpDE1zDFgbzM0n0CyFZWoGTHjedos7aGcVo1wZb4M05y3RMNiN7MZSP5K"
2020-09-22T10:39:13.782448142Z  [2020-09-22T10:39:13Z INFO  dt_instance] Inserted data for source d0a71d84-b80f-4558-beac-8887750652e3.
2020-09-22T10:39:13.834339409Z  [2020-09-22T10:39:13Z INFO  dt_instance] d0a71d84-b80f-4558-beac-8887750652e3 "97 kGtsBfiABraQ1ziESHjhBNmaFZ5AD9QiPQnnwQuQqo23WVRPgnc65L941RQ05"
2020-09-22T10:39:13.854805690Z  [2020-09-22T10:39:13Z INFO  dt_instance] Inserted data for source d0a71d84-b80f-4558-beac-8887750652e3.
2020-09-22T10:39:13.907538671Z  [2020-09-22T10:39:13Z INFO  dt_instance] d0a71d84-b80f-4558-beac-8887750652e3 "98 bd4hYAiRvt1MFaEijHEriWRntAYbexHWclyokVm3cjzq0VBaWSpQgg17MKG6O"
2020-09-22T10:39:13.926665468Z  [2020-09-22T10:39:13Z INFO  dt_instance] Inserted data for source d0a71d84-b80f-4558-beac-8887750652e3.
2020-09-22T10:39:13.978893858Z  [2020-09-22T10:39:13Z INFO  dt_instance] d0a71d84-b80f-4558-beac-8887750652e3 "99 3oWuqKKxYT6gbjibnvNWm9l2snGokaU6hYoetYibNPapn49ljKco5ixcX5tfn"
2020-09-22T10:39:13.998436325Z  [2020-09-22T10:39:13Z INFO  dt_instance] Inserted data for source d0a71d84-b80f-4558-beac-8887750652e3.
2020-09-22T10:39:14.051094555Z  [2020-09-22T10:39:14Z INFO  dt_instance] d0a71d84-b80f-4558-beac-8887750652e3 "100 zP1QVWPt4PDLi6XeywA7kSRqK8x4tyzl4DCI7oVk4r5sbUM4D4BBVrpPHPJS"
2020-09-22T10:39:14.068675140Z  [2020-09-22T10:39:14Z INFO  dt_instance] Inserted data for source d0a71d84-b80f-4558-beac-8887750652e3.
2020-09-22T10:39:14.120853926Z  [2020-09-22T10:39:14Z INFO  dt_instance] d0a71d84-b80f-4558-beac-8887750652e3 "101 4OQ41CCUEfm0vmGN7RNafiJ8ZypcAkPagjVhlVADnlZBVFkffVZAjjvWmlCf"
2020-09-22T10:39:14.140164302Z  [2020-09-22T10:39:14Z INFO  dt_instance] Inserted data for source d0a71d84-b80f-4558-beac-8887750652e3.
2020-09-22T10:39:14.192305682Z  [2020-09-22T10:39:14Z INFO  dt_instance] d0a71d84-b80f-4558-beac-8887750652e3 "102 wQTiUDPyU6XH2izDEt2hwsUIu6LC9v1scKv9xodAgaxHn4rUuOWJVLHpB8Sr"
2020-09-22T10:39:14.209745431Z  [2020-09-22T10:39:14Z INFO  dt_instance] Inserted data for source d0a71d84-b80f-4558-beac-8887750652e3.
2020-09-22T10:39:14.261672243Z  [2020-09-22T10:39:14Z INFO  dt_instance] d0a71d84-b80f-4558-beac-8887750652e3 "103 PZ4oj2wEfHAAHKFNgzcf8ICeldByPw0w9OyXA6WziXlhUkl2Fr0rSvMtF9jv"
2020-09-22T10:39:14.283210487Z  [2020-09-22T10:39:14Z INFO  dt_instance] Inserted data for source d0a71d84-b80f-4558-beac-8887750652e3.
2020-09-22T10:39:14.336034811Z  [2020-09-22T10:39:14Z INFO  dt_instance] d0a71d84-b80f-4558-beac-8887750652e3 "104 juEU6mzVQ6Qz9aeFYKdVT2i6DpeCAqyx6eEi27nVAtq4AhVUDn5tL8Rh7vow"
2020-09-22T10:39:14.355026248Z  [2020-09-22T10:39:14Z INFO  dt_instance] Inserted data for source d0a71d84-b80f-4558-beac-8887750652e3.
2020-09-22T10:39:14.410447632Z  [2020-09-22T10:39:14Z INFO  dt_instance] d0a71d84-b80f-4558-beac-8887750652e3 "105 AWxXySR4EQwutSl6OmV12t3gacyIPlDvLEKWgnRsNWh1nv7xB0ycuBWgY8kj"
2020-09-22T10:39:14.427136730Z  [2020-09-22T10:39:14Z INFO  dt_instance] Inserted data for source d0a71d84-b80f-4558-beac-8887750652e3.
2020-09-22T10:39:14.479893284Z  [2020-09-22T10:39:14Z INFO  dt_instance] d0a71d84-b80f-4558-beac-8887750652e3 "106 mYWK7VvAPHeIj0La3vEb65jZC07meZ76tFUjfW8K8yJSAUKjdSfOoUbpDEs9"
2020-09-22T10:39:14.498842790Z  [2020-09-22T10:39:14Z INFO  dt_instance] Inserted data for source d0a71d84-b80f-4558-beac-8887750652e3.
2020-09-22T10:39:14.549701030Z  [2020-09-22T10:39:14Z INFO  dt_instance] d0a71d84-b80f-4558-beac-8887750652e3 "107 PzGIuddApDJNNG6Ugi7FoUaiOdqKcTJHbpypUTxd60VVLxHLi83A8jzaM5Ri"
2020-09-22T10:39:14.570340644Z  [2020-09-22T10:39:14Z INFO  dt_instance] Inserted data for source d0a71d84-b80f-4558-beac-8887750652e3.
2020-09-22T10:39:14.622159298Z  [2020-09-22T10:39:14Z INFO  dt_instance] d0a71d84-b80f-4558-beac-8887750652e3 "108 gpT6QCShK3h4rmqcFHXa3qOJLA8fOAl00j0rntudASsmn9wjwaUV2IMs8Jgd"
2020-09-22T10:39:14.644638574Z  [2020-09-22T10:39:14Z INFO  dt_instance] Inserted data for source d0a71d84-b80f-4558-beac-8887750652e3.
2020-09-22T10:39:14.696057579Z  [2020-09-22T10:39:14Z INFO  dt_instance] d0a71d84-b80f-4558-beac-8887750652e3 "109 1l8mTz5Ny3nxsZmzagMTleIsfwgsahkdOyDq2lQsJR9a3OHDOj6UA3P2bayW"
2020-09-22T10:39:14.720294613Z  [2020-09-22T10:39:14Z INFO  dt_instance] Inserted data for source d0a71d84-b80f-4558-beac-8887750652e3.
2020-09-22T10:39:14.772540401Z  [2020-09-22T10:39:14Z INFO  dt_instance] d0a71d84-b80f-4558-beac-8887750652e3 "110 EqBIYXzBVMPYZotRS21TtkWcbnOZlFDA1DHny773CpvyYeP77NgyKomREw2p"
2020-09-22T10:39:14.795414482Z  [2020-09-22T10:39:14Z INFO  dt_instance] Inserted data for source d0a71d84-b80f-4558-beac-8887750652e3.
2020-09-22T10:39:14.847504790Z  [2020-09-22T10:39:14Z INFO  dt_instance] d0a71d84-b80f-4558-beac-8887750652e3 "111 jA3O0U1NVhNiXojCL1YJg2XIkEUMQ1h2RaJbJCTzgbNzGyn12iydOIreQxfJ"
2020-09-22T10:39:14.869310409Z  [2020-09-22T10:39:14Z INFO  dt_instance] Inserted data for source d0a71d84-b80f-4558-beac-8887750652e3.
2020-09-22T10:39:14.921440047Z  [2020-09-22T10:39:14Z INFO  dt_instance] d0a71d84-b80f-4558-beac-8887750652e3 "112 JNwrE7JMwe7v6JnDtbwdfxMuWgE2xrSWM41V1r0oRPmcmN4RpFbQJJl8dEKq"
2020-09-22T10:39:14.939304397Z  [2020-09-22T10:39:14Z INFO  dt_instance] Inserted data for source d0a71d84-b80f-4558-beac-8887750652e3.
2020-09-22T10:39:14.991875512Z  [2020-09-22T10:39:14Z INFO  dt_instance] d0a71d84-b80f-4558-beac-8887750652e3 "113 vEgCfyXs9tFT7LLYQ7Jb2bbnhoQ8q54X8W3jn4QeayYMU3CzkTwsblHJkM3Q"
2020-09-22T10:39:15.011733109Z  [2020-09-22T10:39:15Z INFO  dt_instance] Inserted data for source d0a71d84-b80f-4558-beac-8887750652e3.
2020-09-22T10:39:15.063703183Z  [2020-09-22T10:39:15Z INFO  dt_instance] d0a71d84-b80f-4558-beac-8887750652e3 "114 5JLfC6xT033Xe41dFGwV369LCoth6cF6qR9A1vHv76ZBxf4rDDB03FeRVVQL"
2020-09-22T10:39:15.085424054Z  [2020-09-22T10:39:15Z INFO  dt_instance] Inserted data for source d0a71d84-b80f-4558-beac-8887750652e3.
2020-09-22T10:39:15.137672200Z  [2020-09-22T10:39:15Z INFO  dt_instance] d0a71d84-b80f-4558-beac-8887750652e3 "115 cCumyDYNJyTJqJR4JmgYz34xaX2KfFZz6PlOakxS3qrEG9lSLg1Rv5UYbtes"
2020-09-22T10:39:15.156740193Z  [2020-09-22T10:39:15Z INFO  dt_instance] Inserted data for source d0a71d84-b80f-4558-beac-8887750652e3.
2020-09-22T10:39:15.207752761Z  [2020-09-22T10:39:15Z INFO  dt_instance] d0a71d84-b80f-4558-beac-8887750652e3 "116 7RrvOnI1oU5ZtkkfmUlU6xuPQmeMSSnSniy7xysgL5qVf4OkqPLKtN6Q4yh8"
2020-09-22T10:39:15.226156396Z  [2020-09-22T10:39:15Z INFO  dt_instance] Inserted data for source d0a71d84-b80f-4558-beac-8887750652e3.
2020-09-22T10:39:15.277968437Z  [2020-09-22T10:39:15Z INFO  dt_instance] d0a71d84-b80f-4558-beac-8887750652e3 "117 tZc5hK8IzAmOWe6bbEh0NujYSBkkcgrBZg62JrrzTT96bBJ8u8lNoKwhGS4A"
2020-09-22T10:39:15.294416001Z  [2020-09-22T10:39:15Z INFO  dt_instance] Inserted data for source d0a71d84-b80f-4558-beac-8887750652e3.
2020-09-22T10:39:15.346386197Z  [2020-09-22T10:39:15Z INFO  dt_instance] d0a71d84-b80f-4558-beac-8887750652e3 "118 thyDpkUMJjwdFOzFmwmw9IfrIJtOUhZai85BoKzQOODwor6Pwu8RNdridq1u"
2020-09-22T10:39:15.364630978Z  [2020-09-22T10:39:15Z INFO  dt_instance] Inserted data for source d0a71d84-b80f-4558-beac-8887750652e3.
2020-09-22T10:39:15.415721727Z  [2020-09-22T10:39:15Z INFO  dt_instance] d0a71d84-b80f-4558-beac-8887750652e3 "119 0c9JwjMvi89BUaiVLAODi0rv0zOEfd0d0eZjsr9TRqPFVIC2C2wCUdzZSE5k"
2020-09-22T10:39:15.435319623Z  [2020-09-22T10:39:15Z INFO  dt_instance] Inserted data for source d0a71d84-b80f-4558-beac-8887750652e3.
2020-09-22T10:39:15.487451633Z  [2020-09-22T10:39:15Z INFO  dt_instance] d0a71d84-b80f-4558-beac-8887750652e3 "120 0NBXdvUD6o3UCHl6HlIzzMR6tVjua9h5VLhCdEbhzwSC3ED3vAkkENQMO0E9"
2020-09-22T10:39:15.506706892Z  [2020-09-22T10:39:15Z INFO  dt_instance] Inserted data for source d0a71d84-b80f-4558-beac-8887750652e3.
2020-09-22T10:39:15.558894846Z  [2020-09-22T10:39:15Z INFO  dt_instance] d0a71d84-b80f-4558-beac-8887750652e3 "121 yTYpj6h3zgRINpHpKscfOlhyx7rQ1mCBk0VMV1VvY1EQpwR8JK3Q77nKnNB0"
2020-09-22T10:39:15.581964019Z  [2020-09-22T10:39:15Z INFO  dt_instance] Inserted data for source d0a71d84-b80f-4558-beac-8887750652e3.
2020-09-22T10:39:15.634023848Z  [2020-09-22T10:39:15Z INFO  dt_instance] d0a71d84-b80f-4558-beac-8887750652e3 "122 gbh01MBPWHMbRCk2pp87dHLfxqUkGtknjWCLn8Bi8VXw5u3nfIf0AoNs3dfa"
2020-09-22T10:39:15.655396433Z  [2020-09-22T10:39:15Z INFO  dt_instance] Inserted data for source d0a71d84-b80f-4558-beac-8887750652e3.
2020-09-22T10:39:15.707315033Z  [2020-09-22T10:39:15Z INFO  dt_instance] d0a71d84-b80f-4558-beac-8887750652e3 "123 KLVRaMshKh5wvl5hedQzKcQNwDoiPnPzBFfbCyRdSyVQbWqVtEsc1L4paEkM"
2020-09-22T10:39:15.726877692Z  [2020-09-22T10:39:15Z INFO  dt_instance] Inserted data for source d0a71d84-b80f-4558-beac-8887750652e3.
2020-09-22T10:39:15.779159453Z  [2020-09-22T10:39:15Z INFO  dt_instance] d0a71d84-b80f-4558-beac-8887750652e3 "124 uFwhxCzF30ixxOVTidW6CluvoLTl03aToC8WkA3Ip0L4fZaxwGFwVWyTA4LV"
2020-09-22T10:39:15.798517656Z  [2020-09-22T10:39:15Z INFO  dt_instance] Inserted data for source d0a71d84-b80f-4558-beac-8887750652e3.
2020-09-22T10:39:15.849714742Z  [2020-09-22T10:39:15Z INFO  dt_instance] d0a71d84-b80f-4558-beac-8887750652e3 "125 p2gkW0v9hQwb32Rw9dianJFd37VBk4M6rOtCCneOcEDz1xcXhmXGHPagOdEX"
2020-09-22T10:39:15.866275153Z  [2020-09-22T10:39:15Z INFO  dt_instance] Inserted data for source d0a71d84-b80f-4558-beac-8887750652e3.
2020-09-22T10:39:15.918276297Z  [2020-09-22T10:39:15Z INFO  dt_instance] d0a71d84-b80f-4558-beac-8887750652e3 "126 0SOYg68Vt0XgoBOGwXBS9evoYax2NVB4XqEQuzZTCuUeNH4ZzFxe2axbodwa"
2020-09-22T10:39:15.943035443Z  [2020-09-22T10:39:15Z INFO  dt_instance] Inserted data for source d0a71d84-b80f-4558-beac-8887750652e3.
2020-09-22T10:39:16.047265481Z  [2020-09-22T10:39:16Z INFO  dt_instance] d0a71d84-b80f-4558-beac-8887750652e3 "127 VY4jyaiYzVP0fUMQo89px16wujGM9kk2DJ7QuWgNmQsHKv49PfICPyB9m6GW"
2020-09-22T10:39:16.063997869Z  [2020-09-22T10:39:16Z INFO  dt_instance] Inserted data for source d0a71d84-b80f-4558-beac-8887750652e3.
2020-09-22T10:39:16.116335291Z  [2020-09-22T10:39:16Z INFO  dt_instance] d0a71d84-b80f-4558-beac-8887750652e3 "128 xyuBTd9LYOtTGDdGbazS81W8ooWlAtquoaF0kbKvRMDp9g9J7abYMNivucmq"
2020-09-22T10:39:16.126864187Z  [2020-09-22T10:39:16Z INFO  dt_instance] Inserted data for source d0a71d84-b80f-4558-beac-8887750652e3.
2020-09-22T10:39:16.179126727Z  [2020-09-22T10:39:16Z INFO  dt_instance] d0a71d84-b80f-4558-beac-8887750652e3 "129 OSgxRx0LeipDZ5BvXDcxIpUu7t1Cgqm4EQAvE6fZHYZ9hRwUJoDIJDq5D30v"
2020-09-22T10:39:16.192570901Z  [2020-09-22T10:39:16Z INFO  dt_instance] Inserted data for source d0a71d84-b80f-4558-beac-8887750652e3.
2020-09-22T10:39:16.244681625Z  [2020-09-22T10:39:16Z INFO  dt_instance] d0a71d84-b80f-4558-beac-8887750652e3 "130 qYScBoq8RUdBdupDroQeuuNWzF7synlBR8x2lXmxGUmumWm7fP4zvnSFo3nd"
2020-09-22T10:39:16.257544430Z  [2020-09-22T10:39:16Z INFO  dt_instance] Inserted data for source d0a71d84-b80f-4558-beac-8887750652e3.
2020-09-22T10:39:16.309873276Z  [2020-09-22T10:39:16Z INFO  dt_instance] d0a71d84-b80f-4558-beac-8887750652e3 "131 ZwDmKqcVneRLxBBqfhlmd2wrYgO45NXivv4tTdpAM7TSqi1EIiOUYbq5FwvK"
2020-09-22T10:39:16.322508781Z  [2020-09-22T10:39:16Z INFO  dt_instance] Inserted data for source d0a71d84-b80f-4558-beac-8887750652e3.
2020-09-22T10:39:16.375196817Z  [2020-09-22T10:39:16Z INFO  dt_instance] d0a71d84-b80f-4558-beac-8887750652e3 "132 FRRRofakvObNeI5g340dpGvlXpg6dEex0wVnuNF5kM4Qs1ueWWARcuqajWvU"
2020-09-22T10:39:16.389420330Z  [2020-09-22T10:39:16Z INFO  dt_instance] Inserted data for source d0a71d84-b80f-4558-beac-8887750652e3.
2020-09-22T10:39:16.442266880Z  [2020-09-22T10:39:16Z INFO  dt_instance] d0a71d84-b80f-4558-beac-8887750652e3 "133 gGBTuhe4oJy5bgPgb3tZgl0S2sVH0jc2pu0tuDCaLczzFFv11dkdo4rERBWV"
2020-09-22T10:39:16.456352441Z  [2020-09-22T10:39:16Z INFO  dt_instance] Inserted data for source d0a71d84-b80f-4558-beac-8887750652e3.
2020-09-22T10:39:16.508479164Z  [2020-09-22T10:39:16Z INFO  dt_instance] d0a71d84-b80f-4558-beac-8887750652e3 "134 4GA4fVUDiLGQUS7eluKL6r5SLx4yx3uAo9iiLvGKkm0Q9xAjEklEYS7ppm7R"
2020-09-22T10:39:16.522012476Z  [2020-09-22T10:39:16Z INFO  dt_instance] Inserted data for source d0a71d84-b80f-4558-beac-8887750652e3.
2020-09-22T10:39:16.574262217Z  [2020-09-22T10:39:16Z INFO  dt_instance] d0a71d84-b80f-4558-beac-8887750652e3 "135 pdaYFZznTcfOoVsyohibFrRYhkCWLVXfOyuZ7hDuVQf4i31W0EAUtgA7KuLr"
2020-09-22T10:39:16.586259637Z  [2020-09-22T10:39:16Z INFO  dt_instance] Inserted data for source d0a71d84-b80f-4558-beac-8887750652e3.
2020-09-22T10:39:16.640110005Z  [2020-09-22T10:39:16Z INFO  dt_instance] d0a71d84-b80f-4558-beac-8887750652e3 "136 USg0Ou6vj0dmQVBp8svruqV6djdoqawkHgUWb74MVzGlzmC8sDV995pTsunV"
2020-09-22T10:39:16.652066781Z  [2020-09-22T10:39:16Z INFO  dt_instance] Inserted data for source d0a71d84-b80f-4558-beac-8887750652e3.
2020-09-22T10:39:16.704047945Z  [2020-09-22T10:39:16Z INFO  dt_instance] d0a71d84-b80f-4558-beac-8887750652e3 "137 yvtyTLeqaRAusj7rOOdStPvmeo6LiEjXhxr0HmIfWoXRqKlCM1U3HM3Nf1xe"
2020-09-22T10:39:16.715767639Z  [2020-09-22T10:39:16Z INFO  dt_instance] Inserted data for source d0a71d84-b80f-4558-beac-8887750652e3.
2020-09-22T10:39:16.768056223Z  [2020-09-22T10:39:16Z INFO  dt_instance] d0a71d84-b80f-4558-beac-8887750652e3 "138 JQLKoTSZspUmMMhYecossiWLMjqBVrLzugWJop4Lnyh2h5axZbiGjCkIZVsI"
2020-09-22T10:39:16.780369672Z  [2020-09-22T10:39:16Z INFO  dt_instance] Inserted data for source d0a71d84-b80f-4558-beac-8887750652e3.
2020-09-22T10:39:16.832274674Z  [2020-09-22T10:39:16Z INFO  dt_instance] d0a71d84-b80f-4558-beac-8887750652e3 "139 5sQIFGUJkdz7VxTjW7b7R6EYB00PT6W1wZbXl3mjBYaJZawULFBR6XwPMl8Q"
2020-09-22T10:39:16.843203046Z  [2020-09-22T10:39:16Z INFO  dt_instance] Inserted data for source d0a71d84-b80f-4558-beac-8887750652e3.
2020-09-22T10:39:16.894592628Z  [2020-09-22T10:39:16Z INFO  dt_instance] d0a71d84-b80f-4558-beac-8887750652e3 "140 sTp3z3S8661GOorgzyX9wQEkb9UuZX7ucNrs2AJrVI87VCufl9xSyylIPeaA"
2020-09-22T10:39:16.903781369Z  [2020-09-22T10:39:16Z INFO  dt_instance] Inserted data for source d0a71d84-b80f-4558-beac-8887750652e3.
2020-09-22T10:39:16.955934496Z  [2020-09-22T10:39:16Z INFO  dt_instance] d0a71d84-b80f-4558-beac-8887750652e3 "141 fIkLuqmhXDZdRiimG0SSE8zTZ1qhsrviV7UqP5MnqRnYSdRya0CwWCRFi1BA"
2020-09-22T10:39:16.965042654Z  [2020-09-22T10:39:16Z INFO  dt_instance] Inserted data for source d0a71d84-b80f-4558-beac-8887750652e3.
2020-09-22T10:39:17.017274342Z  [2020-09-22T10:39:17Z INFO  dt_instance] d0a71d84-b80f-4558-beac-8887750652e3 "142 todBDMVWn09U4DaLfdHl47uVjpTxTah9J7l7DdyDhfVnJXPeznKjJzbtvGQ2"
2020-09-22T10:39:17.028137251Z  [2020-09-22T10:39:17Z INFO  dt_instance] Inserted data for source d0a71d84-b80f-4558-beac-8887750652e3.
2020-09-22T10:39:17.080295814Z  [2020-09-22T10:39:17Z INFO  dt_instance] d0a71d84-b80f-4558-beac-8887750652e3 "143 2UM3dmIoKmdva3E7QF9XZfbgjFiAX53xXTPKgSiIWKu6YMQsuAb95tuSJSCE"
2020-09-22T10:39:17.093374918Z  [2020-09-22T10:39:17Z INFO  dt_instance] Inserted data for source d0a71d84-b80f-4558-beac-8887750652e3.
2020-09-22T10:39:17.145493334Z  [2020-09-22T10:39:17Z INFO  dt_instance] d0a71d84-b80f-4558-beac-8887750652e3 "144 w8GAnHHkBFbJb3jYfEzgEyofvfzWmLwbToEsPVwnBmXy56iC2NP6Z7OHNMbt"
2020-09-22T10:39:17.159445559Z  [2020-09-22T10:39:17Z INFO  dt_instance] Inserted data for source d0a71d84-b80f-4558-beac-8887750652e3.
2020-09-22T10:39:17.211337659Z  [2020-09-22T10:39:17Z INFO  dt_instance] d0a71d84-b80f-4558-beac-8887750652e3 "145 sjVEgbrcy2sduWzkBkTZnj9rxj5yAtA7mSrhpLl0noDtETZKVZuqNQQDYJPV"
2020-09-22T10:39:17.229030537Z  [2020-09-22T10:39:17Z INFO  dt_instance] Inserted data for source d0a71d84-b80f-4558-beac-8887750652e3.
2020-09-22T10:39:17.281013924Z  [2020-09-22T10:39:17Z INFO  dt_instance] d0a71d84-b80f-4558-beac-8887750652e3 "146 sIQKvuWHo0DLOZTii0cDP6s7n8RZr85FibSAV4uUbRccAz3DAhbSzC6Z9i5C"
2020-09-22T10:39:17.297642602Z  [2020-09-22T10:39:17Z INFO  dt_instance] Inserted data for source d0a71d84-b80f-4558-beac-8887750652e3.
2020-09-22T10:39:17.349570458Z  [2020-09-22T10:39:17Z INFO  dt_instance] d0a71d84-b80f-4558-beac-8887750652e3 "147 pMGDe3yDF5ney0w7cSfgy8ngQAobysU5lqvz6IjlaQQPSuwbVJMXZWfvk0UV"
2020-09-22T10:39:17.363412554Z  [2020-09-22T10:39:17Z INFO  dt_instance] Inserted data for source d0a71d84-b80f-4558-beac-8887750652e3.
2020-09-22T10:39:17.415554757Z  [2020-09-22T10:39:17Z INFO  dt_instance] d0a71d84-b80f-4558-beac-8887750652e3 "148 hmgrgpg7LPdEJhWDuSrdHtuTXkq7cenHHR59QC2VZ7gRs6GV5yiXdXvHJDzr"
2020-09-22T10:39:17.445122996Z  [2020-09-22T10:39:17Z INFO  dt_instance] Inserted data for source d0a71d84-b80f-4558-beac-8887750652e3.
2020-09-22T10:39:17.497042126Z  [2020-09-22T10:39:17Z INFO  dt_instance] d0a71d84-b80f-4558-beac-8887750652e3 "149 mzKycgoN5Th7ibSDKTquyhN9CyEyXZIzeB0QsNB46raI5m1FASlKaRy10Tbw"
2020-09-22T10:39:17.513168653Z  [2020-09-22T10:39:17Z INFO  dt_instance] Inserted data for source d0a71d84-b80f-4558-beac-8887750652e3.
2020-09-22T10:39:17.565197930Z  [2020-09-22T10:39:17Z INFO  dt_instance] d0a71d84-b80f-4558-beac-8887750652e3 "150 JoaWyZJ7Oc1wvhiBUSiIiGx3PybGb6nleQvg6YUeDP4NF2MeMzGXlqcJzZ59"
2020-09-22T10:39:17.577475361Z  [2020-09-22T10:39:17Z INFO  dt_instance] Inserted data for source d0a71d84-b80f-4558-beac-8887750652e3.
2020-09-22T10:39:17.629158436Z  [2020-09-22T10:39:17Z INFO  dt_instance] d0a71d84-b80f-4558-beac-8887750652e3 "151 1N13Gmk7mEcL9udQloaFvrbj1istTLdZwWkJGfDOv2Ye4CJEinbYB0z9ShQB"
2020-09-22T10:39:17.638245746Z  [2020-09-22T10:39:17Z INFO  dt_instance] Inserted data for source d0a71d84-b80f-4558-beac-8887750652e3.
2020-09-22T10:39:17.689993171Z  [2020-09-22T10:39:17Z ERROR dt_instance] Unhandled incoming.
2020-09-22T10:39:17.741505471Z  [2020-09-22T10:39:17Z INFO  dt_instance] d0a71d84-b80f-4558-beac-8887750652e3 "152 h68oVQO0g9Js0qO2zhyQuig33ePWKsXbV8ImeOcCiFSHtsbvjg4QA2KCY2Bd"
2020-09-22T10:39:18.774303201Z  [2020-09-22T10:39:18Z INFO  dt_instance] Inserted data for source d0a71d84-b80f-4558-beac-8887750652e3.
2020-09-22T10:39:18.826381792Z  [2020-09-22T10:39:18Z INFO  dt_instance] d0a71d84-b80f-4558-beac-8887750652e3 "153 cO9Wt6hp4ggzVDGRhbGbdMauyymiCOg5h2CITKf51ypXARmrcrwaOq9eL30Y"
2020-09-22T10:39:18.838312886Z  [2020-09-22T10:39:18Z INFO  dt_instance] Inserted data for source d0a71d84-b80f-4558-beac-8887750652e3.
2020-09-22T10:39:18.890372435Z  [2020-09-22T10:39:18Z INFO  dt_instance] d0a71d84-b80f-4558-beac-8887750652e3 "154 P1UQRGdAmsVZ3u4jtuQO8J5E0lBUC2sGmdo1RSFj1fmw3M1KAbZovwVtdMOr"
2020-09-22T10:39:18.904047755Z  [2020-09-22T10:39:18Z INFO  dt_instance] Inserted data for source d0a71d84-b80f-4558-beac-8887750652e3.
2020-09-22T10:39:18.956893919Z  [2020-09-22T10:39:18Z INFO  dt_instance] d0a71d84-b80f-4558-beac-8887750652e3 "155 YoW0jdTv4b86JM0WVC7w8GL2zaPOfhQjvnPBIM9tRCepV4tdbfY7fVWE8iMz"
2020-09-22T10:39:18.972129393Z  [2020-09-22T10:39:18Z INFO  dt_instance] Inserted data for source d0a71d84-b80f-4558-beac-8887750652e3.
2020-09-22T10:39:19.023973673Z  [2020-09-22T10:39:19Z INFO  dt_instance] d0a71d84-b80f-4558-beac-8887750652e3 "156 putFfTL8z3yQRf6rohcRe2E7XOSh14oQeir3IRfMVKdopBwSZ4P1Kt9UIQsu"
2020-09-22T10:39:19.039387151Z  [2020-09-22T10:39:19Z INFO  dt_instance] Inserted data for source d0a71d84-b80f-4558-beac-8887750652e3.
2020-09-22T10:39:19.091325111Z  [2020-09-22T10:39:19Z INFO  dt_instance] d0a71d84-b80f-4558-beac-8887750652e3 "157 nO0kr1xUBUYihKOsud65RxTJOxHRFmTp6xbKhjSmxJ9bO3ldRjTJseWh4IJb"
2020-09-22T10:39:19.115258457Z  [2020-09-22T10:39:19Z INFO  dt_instance] Inserted data for source d0a71d84-b80f-4558-beac-8887750652e3.
2020-09-22T10:39:19.166980820Z  [2020-09-22T10:39:19Z INFO  dt_instance] d0a71d84-b80f-4558-beac-8887750652e3 "158 pJv92zub5cde6SbJzUkeLu8TEXvaqy85YMy6lcVTr5NiQvRKL7ovZx4Lg3AD"
2020-09-22T10:39:19.182570605Z  [2020-09-22T10:39:19Z INFO  dt_instance] Inserted data for source d0a71d84-b80f-4558-beac-8887750652e3.
2020-09-22T10:39:19.234695562Z  [2020-09-22T10:39:19Z INFO  dt_instance] d0a71d84-b80f-4558-beac-8887750652e3 "159 3fiJgTd9qkE7Q6n677szQLUfIdMVPijP4jq62zwvqHAoPzGHIU7vEVItWdL5"
2020-09-22T10:39:19.244254148Z  [2020-09-22T10:39:19Z INFO  dt_instance] Inserted data for source d0a71d84-b80f-4558-beac-8887750652e3.
2020-09-22T10:39:19.296028732Z  [2020-09-22T10:39:19Z INFO  dt_instance] d0a71d84-b80f-4558-beac-8887750652e3 "160 MLsvCSnQaqaOE1X1WdsUa5rM5sfSLgIXxp6Uqgy1HxFU0qPH8kOakR4IBp7X"
2020-09-22T10:39:19.311858793Z  [2020-09-22T10:39:19Z INFO  dt_instance] Inserted data for source d0a71d84-b80f-4558-beac-8887750652e3.
2020-09-22T10:39:19.362479897Z  [2020-09-22T10:39:19Z INFO  dt_instance] d0a71d84-b80f-4558-beac-8887750652e3 "161 mSMWROhO3FBIKgFqaRgF56bLar5fdiv3LpLoOwgMkpGDmjCtaIDBILmCPW6Q"
2020-09-22T10:39:19.376075644Z  [2020-09-22T10:39:19Z INFO  dt_instance] Inserted data for source d0a71d84-b80f-4558-beac-8887750652e3.
2020-09-22T10:39:19.428249936Z  [2020-09-22T10:39:19Z INFO  dt_instance] d0a71d84-b80f-4558-beac-8887750652e3 "162 DiDDuGI7cSBwsxRCQHmpgCa4XieShG5HmHZOfKOwZFTaDUdaXsVeUdClnSAK"
2020-09-22T10:39:19.439246536Z  [2020-09-22T10:39:19Z INFO  dt_instance] Inserted data for source d0a71d84-b80f-4558-beac-8887750652e3.
2020-09-22T10:39:19.491254142Z  [2020-09-22T10:39:19Z INFO  dt_instance] d0a71d84-b80f-4558-beac-8887750652e3 "163 u80gpOS2FMayuJvwsLa2XFzCSeEmV6tqcFbb3XsyKLbS5Lo6VdxuxMOmrGyg"
2020-09-22T10:39:19.505151137Z  [2020-09-22T10:39:19Z INFO  dt_instance] Inserted data for source d0a71d84-b80f-4558-beac-8887750652e3.
2020-09-22T10:39:19.557026640Z  [2020-09-22T10:39:19Z INFO  dt_instance] d0a71d84-b80f-4558-beac-8887750652e3 "164 VAl6b0JuWv40N7lsyjifW4hAqvvcEWjM2n9OsqZdtoxsT5TT5iaTosgwPW4x"
2020-09-22T10:39:19.573626469Z  [2020-09-22T10:39:19Z INFO  dt_instance] Inserted data for source d0a71d84-b80f-4558-beac-8887750652e3.
2020-09-22T10:39:19.625598013Z  [2020-09-22T10:39:19Z INFO  dt_instance] d0a71d84-b80f-4558-beac-8887750652e3 "165 Sp5xpVfIrn5u0Kll7p6nN2yMsXrDz3vIyvvSFKLDVRr3phJsIcSAgOP5fgVy"
2020-09-22T10:39:19.636983460Z  [2020-09-22T10:39:19Z INFO  dt_instance] Inserted data for source d0a71d84-b80f-4558-beac-8887750652e3.
2020-09-22T10:39:19.689134287Z  [2020-09-22T10:39:19Z INFO  dt_instance] d0a71d84-b80f-4558-beac-8887750652e3 "166 Iv4CwsaTbgH57VJQMdb7UTsqwkCw2Y2QAEsavXy1U7e0SdYHzeTk7Wyk7mMU"
2020-09-22T10:39:19.703906119Z  [2020-09-22T10:39:19Z INFO  dt_instance] Inserted data for source d0a71d84-b80f-4558-beac-8887750652e3.
2020-09-22T10:39:19.756540741Z  [2020-09-22T10:39:19Z INFO  dt_instance] d0a71d84-b80f-4558-beac-8887750652e3 "167 BsIrfsO2yQcM6bIb31MNUA4AwbKNxEouPgbAzy3s9wh6m0R4Fj5qFxol0oMp"
2020-09-22T10:39:19.769415493Z  [2020-09-22T10:39:19Z INFO  dt_instance] Inserted data for source d0a71d84-b80f-4558-beac-8887750652e3.
2020-09-22T10:39:19.821649245Z  [2020-09-22T10:39:19Z INFO  dt_instance] d0a71d84-b80f-4558-beac-8887750652e3 "168 X4omiFtugu8GbUk2Q76VKjM9exenXy7RbMElnr9mKziqUDVf4mn4dDKq9WQv"
2020-09-22T10:39:19.835222000Z  [2020-09-22T10:39:19Z INFO  dt_instance] Inserted data for source d0a71d84-b80f-4558-beac-8887750652e3.
2020-09-22T10:39:19.887293074Z  [2020-09-22T10:39:19Z INFO  dt_instance] d0a71d84-b80f-4558-beac-8887750652e3 "169 fie8bmRFDfErAgCK1kFWopUEBw23xldAuVyN4P9oEUkeXbOBlf0Y3VH3YjZK"
2020-09-22T10:39:19.904565044Z  [2020-09-22T10:39:19Z INFO  dt_instance] Inserted data for source d0a71d84-b80f-4558-beac-8887750652e3.
2020-09-22T10:39:19.956439504Z  [2020-09-22T10:39:19Z INFO  dt_instance] d0a71d84-b80f-4558-beac-8887750652e3 "170 7jn6FjFAJK7LAnKDNDKnl1Zo24n21bWaHW6Hk2M9PBzGsNGNqiEq9DS3E4Aj"
2020-09-22T10:39:19.973454345Z  [2020-09-22T10:39:19Z INFO  dt_instance] Inserted data for source d0a71d84-b80f-4558-beac-8887750652e3.
2020-09-22T10:39:20.024858259Z  [2020-09-22T10:39:20Z INFO  dt_instance] d0a71d84-b80f-4558-beac-8887750652e3 "171 hzuRqx3EPHsa3zT3pjfJWNSU0IJBJ80Z0IXBndTqXzijJAmAXN9uWMapdKdZ"
2020-09-22T10:39:20.042631667Z  [2020-09-22T10:39:20Z INFO  dt_instance] Inserted data for source d0a71d84-b80f-4558-beac-8887750652e3.
2020-09-22T10:39:20.093764931Z  [2020-09-22T10:39:20Z INFO  dt_instance] d0a71d84-b80f-4558-beac-8887750652e3 "172 nbzWRBRt5zjAbILIHjLsFDSoYuN9HfnnaKtewqkBRoaUkC6cZq4zqCReVb1b"
2020-09-22T10:39:20.112967369Z  [2020-09-22T10:39:20Z INFO  dt_instance] Inserted data for source d0a71d84-b80f-4558-beac-8887750652e3.
2020-09-22T10:39:20.165399197Z  [2020-09-22T10:39:20Z INFO  dt_instance] d0a71d84-b80f-4558-beac-8887750652e3 "173 Tw9RbIaxaQzQjV38uITETQAEODjBESu3EIdPkkPOIALwa4sq33XCdeC6FKbq"
2020-09-22T10:39:20.183576875Z  [2020-09-22T10:39:20Z INFO  dt_instance] Inserted data for source d0a71d84-b80f-4558-beac-8887750652e3.
2020-09-22T10:39:20.235648353Z  [2020-09-22T10:39:20Z INFO  dt_instance] d0a71d84-b80f-4558-beac-8887750652e3 "174 MWo0Uj1fTeYjZJhDOtLloIj0m5cYqbb9GqxcQKUUnhdCoPhhs5mG1jpu7sXA"
2020-09-22T10:39:20.253021576Z  [2020-09-22T10:39:20Z INFO  dt_instance] Inserted data for source d0a71d84-b80f-4558-beac-8887750652e3.
2020-09-22T10:39:20.304831064Z  [2020-09-22T10:39:20Z INFO  dt_instance] d0a71d84-b80f-4558-beac-8887750652e3 "175 hopnoGkNGx1rMPeAe2Ag3LatBDqRlDtuHfUC7IBpRRj45MmRKLJXGe8mW2vt"
2020-09-22T10:39:20.318621282Z  [2020-09-22T10:39:20Z INFO  dt_instance] Inserted data for source d0a71d84-b80f-4558-beac-8887750652e3.
2020-09-22T10:39:20.370742685Z  [2020-09-22T10:39:20Z INFO  dt_instance] d0a71d84-b80f-4558-beac-8887750652e3 "176 QHgkef706tMKVY3xv1y4WSf7ahCADzX6DUFEld7JhE50APJpds3Zpf9iKnIb"
2020-09-22T10:39:20.384353579Z  [2020-09-22T10:39:20Z INFO  dt_instance] Inserted data for source d0a71d84-b80f-4558-beac-8887750652e3.
2020-09-22T10:39:20.436385708Z  [2020-09-22T10:39:20Z INFO  dt_instance] d0a71d84-b80f-4558-beac-8887750652e3 "177 ZRxclgWAkjK6wOXCD1e0JHqdZFHyR1lYQa3BG9oRGqUy950QJWC0EbwSdHFH"
2020-09-22T10:39:20.451518526Z  [2020-09-22T10:39:20Z INFO  dt_instance] Inserted data for source d0a71d84-b80f-4558-beac-8887750652e3.
2020-09-22T10:39:20.502849120Z  [2020-09-22T10:39:20Z INFO  dt_instance] d0a71d84-b80f-4558-beac-8887750652e3 "178 8Go8T45NaK8nf0bM91WGOGUZL6bs3hWg6Vv3WjVia6wu4LIr4c07D65uZ7Cy"
2020-09-22T10:39:20.517400245Z  [2020-09-22T10:39:20Z INFO  dt_instance] Inserted data for source d0a71d84-b80f-4558-beac-8887750652e3.
2020-09-22T10:39:20.569276651Z  [2020-09-22T10:39:20Z INFO  dt_instance] d0a71d84-b80f-4558-beac-8887750652e3 "179 ZEwgCTCaW5SQqtcYhUekTQB07vmMbhyUrnec2xCHV2Dz7jGW6vD2QDdOJK20"
2020-09-22T10:39:20.581197947Z  [2020-09-22T10:39:20Z INFO  dt_instance] Inserted data for source d0a71d84-b80f-4558-beac-8887750652e3.
2020-09-22T10:39:20.632979786Z  [2020-09-22T10:39:20Z INFO  dt_instance] d0a71d84-b80f-4558-beac-8887750652e3 "180 SHHAISY49CaU9Um9hVlTaqhXYNWzyJbhYKdlndRb30UPYaoQSto9MdvI0H7W"
2020-09-22T10:39:20.645517549Z  [2020-09-22T10:39:20Z INFO  dt_instance] Inserted data for source d0a71d84-b80f-4558-beac-8887750652e3.
2020-09-22T10:39:20.697403113Z  [2020-09-22T10:39:20Z INFO  dt_instance] d0a71d84-b80f-4558-beac-8887750652e3 "181 5SeFG3CIwOZ4CMTcEX3yONXtJMJwoADgxvRY7CfCfRZi1O9BZkY7UKbCF5yO"
2020-09-22T10:39:20.708997636Z  [2020-09-22T10:39:20Z INFO  dt_instance] Inserted data for source d0a71d84-b80f-4558-beac-8887750652e3.
2020-09-22T10:39:20.761121081Z  [2020-09-22T10:39:20Z INFO  dt_instance] d0a71d84-b80f-4558-beac-8887750652e3 "182 rp50pAXtVw5hRt69ksZfRgLooWD8dfuyZKeewqP2qXJKjkAtLW6z2PFxWfSI"
2020-09-22T10:39:20.776633369Z  [2020-09-22T10:39:20Z INFO  dt_instance] Inserted data for source d0a71d84-b80f-4558-beac-8887750652e3.
2020-09-22T10:39:20.828340059Z  [2020-09-22T10:39:20Z INFO  dt_instance] d0a71d84-b80f-4558-beac-8887750652e3 "183 63dav0MoWDi5PK5qbSRxcmHqBxrb25zoGfaCLUV88sN9J3ywEeuvtH0hVIfW"
2020-09-22T10:39:20.837509180Z  [2020-09-22T10:39:20Z INFO  dt_instance] Inserted data for source d0a71d84-b80f-4558-beac-8887750652e3.
2020-09-22T10:39:20.889174743Z  [2020-09-22T10:39:20Z INFO  dt_instance] d0a71d84-b80f-4558-beac-8887750652e3 "184 5NtTOzz17M7TbYItHNYu6Yj3llH1qoqPBXMsrIICSScAqlTCBIoOF0mxXUSv"
2020-09-22T10:39:20.899379891Z  [2020-09-22T10:39:20Z INFO  dt_instance] Inserted data for source d0a71d84-b80f-4558-beac-8887750652e3.
2020-09-22T10:39:20.951158036Z  [2020-09-22T10:39:20Z INFO  dt_instance] d0a71d84-b80f-4558-beac-8887750652e3 "185 KSE5ChlxZKAgsm69fxaWrTNs1cZzHvlCkFRrE2IWmaENQAIVr1jqF0LxKWWh"
2020-09-22T10:39:20.964536948Z  [2020-09-22T10:39:20Z INFO  dt_instance] Inserted data for source d0a71d84-b80f-4558-beac-8887750652e3.
2020-09-22T10:39:21.016462348Z  [2020-09-22T10:39:21Z INFO  dt_instance] d0a71d84-b80f-4558-beac-8887750652e3 "186 2F76ghNVYs0iO55zSekAmfkLEgkhcbDtlrQOpoOqBguIKgBp4WqQyvyTx6Kq"
2020-09-22T10:39:21.032002379Z  [2020-09-22T10:39:21Z INFO  dt_instance] Inserted data for source d0a71d84-b80f-4558-beac-8887750652e3.
2020-09-22T10:39:21.084622375Z  [2020-09-22T10:39:21Z INFO  dt_instance] d0a71d84-b80f-4558-beac-8887750652e3 "187 0BKeNqK4lpbPwQSNq5IK7JEPUZPK9ifTEqmSXGfBiUgBhGVBFHmusklzzTDf"
2020-09-22T10:39:21.094195642Z  [2020-09-22T10:39:21Z INFO  dt_instance] Inserted data for source d0a71d84-b80f-4558-beac-8887750652e3.
2020-09-22T10:39:21.146713485Z  [2020-09-22T10:39:21Z INFO  dt_instance] d0a71d84-b80f-4558-beac-8887750652e3 "188 EPbl8Z7U06ApjkkhPze7hKBusoddRI23VfSnepsLiqgb9fPT0cdzMGNyE9vj"
2020-09-22T10:39:21.163452374Z  [2020-09-22T10:39:21Z INFO  dt_instance] Inserted data for source d0a71d84-b80f-4558-beac-8887750652e3.
2020-09-22T10:39:21.215326330Z  [2020-09-22T10:39:21Z INFO  dt_instance] d0a71d84-b80f-4558-beac-8887750652e3 "189 2C9jWKR4uSMWdAqvkG9o5ItdkOYWINl8vqSVwVbMVJOdgSQO2EzrisVJIHTA"
2020-09-22T10:39:21.228128342Z  [2020-09-22T10:39:21Z INFO  dt_instance] Inserted data for source d0a71d84-b80f-4558-beac-8887750652e3.
2020-09-22T10:39:21.279923049Z  [2020-09-22T10:39:21Z INFO  dt_instance] d0a71d84-b80f-4558-beac-8887750652e3 "190 rUy3ZAJAd94EHdhjJv1MYD0UeFFNnVbkYI04sKoI5gTHnuppY0rUwgf3VUOC"
2020-09-22T10:39:21.297770893Z  [2020-09-22T10:39:21Z INFO  dt_instance] Inserted data for source d0a71d84-b80f-4558-beac-8887750652e3.
2020-09-22T10:39:21.349455902Z  [2020-09-22T10:39:21Z INFO  dt_instance] d0a71d84-b80f-4558-beac-8887750652e3 "191 rHTmV1OBMkKBn2G25i85NjCvfc3zOvrd4O4BUxik9kJ3SmjRzJGWK3rSu299"
2020-09-22T10:39:21.368348351Z  [2020-09-22T10:39:21Z INFO  dt_instance] Inserted data for source d0a71d84-b80f-4558-beac-8887750652e3.
2020-09-22T10:39:21.420401168Z  [2020-09-22T10:39:21Z INFO  dt_instance] d0a71d84-b80f-4558-beac-8887750652e3 "192 d91OLuxJNAB8qI39ZO7R3c4KZ4ZtGVxrCnbwDc0GfFTjSTiwmkPDgakFn05h"
2020-09-22T10:39:21.434249234Z  [2020-09-22T10:39:21Z INFO  dt_instance] Inserted data for source d0a71d84-b80f-4558-beac-8887750652e3.
2020-09-22T10:39:21.486195708Z  [2020-09-22T10:39:21Z INFO  dt_instance] d0a71d84-b80f-4558-beac-8887750652e3 "193 nl3y5naMcrbh3r6DyFX4DK3xa4NtFg3geNQS2XZ6EEiEP7C2M9ouVYT461vO"
2020-09-22T10:39:21.499071608Z  [2020-09-22T10:39:21Z INFO  dt_instance] Inserted data for source d0a71d84-b80f-4558-beac-8887750652e3.
2020-09-22T10:39:21.550921166Z  [2020-09-22T10:39:21Z INFO  dt_instance] d0a71d84-b80f-4558-beac-8887750652e3 "194 cm8EJYD8cUbtVY8JEJX0tXACuTlctmTxxvmS9qFoXmbyBrV7N988jHYp5i2D"
2020-09-22T10:39:21.564702235Z  [2020-09-22T10:39:21Z INFO  dt_instance] Inserted data for source d0a71d84-b80f-4558-beac-8887750652e3.
2020-09-22T10:39:21.615501467Z  [2020-09-22T10:39:21Z INFO  dt_instance] d0a71d84-b80f-4558-beac-8887750652e3 "195 yKGZeoT5qamkjZg4ZjxHvZI6rAuMAlBsyEsjbpIK4lh2KAhYzbdkssT5lTgF"
2020-09-22T10:39:21.625971445Z  [2020-09-22T10:39:21Z INFO  dt_instance] Inserted data for source d0a71d84-b80f-4558-beac-8887750652e3.
2020-09-22T10:39:21.678247551Z  [2020-09-22T10:39:21Z INFO  dt_instance] d0a71d84-b80f-4558-beac-8887750652e3 "196 R55pm3QATekoEue9XKUfGGN41KMybGVlH29LIOXLPjAJ9wFgqvGGoeQ49Wx7"
2020-09-22T10:39:21.693295424Z  [2020-09-22T10:39:21Z INFO  dt_instance] Inserted data for source d0a71d84-b80f-4558-beac-8887750652e3.
2020-09-22T10:39:21.746904918Z  [2020-09-22T10:39:21Z INFO  dt_instance] d0a71d84-b80f-4558-beac-8887750652e3 "197 nOOkv1sqZP78PuM3DiUnCkRgBrrwwz0QjdiClMRYQ6qvlVTCUYzfGkNvavb5"
2020-09-22T10:39:21.761798441Z  [2020-09-22T10:39:21Z INFO  dt_instance] Inserted data for source d0a71d84-b80f-4558-beac-8887750652e3.
2020-09-22T10:39:21.815484035Z  [2020-09-22T10:39:21Z INFO  dt_instance] d0a71d84-b80f-4558-beac-8887750652e3 "198 UrIKvp94pOItmv7NHyBjPxef99CWXOhQbIqcvjQXztjPgE0JBqBYFW3xU4Xs"
2020-09-22T10:39:21.832637895Z  [2020-09-22T10:39:21Z INFO  dt_instance] Inserted data for source d0a71d84-b80f-4558-beac-8887750652e3.
2020-09-22T10:39:21.884597398Z  [2020-09-22T10:39:21Z INFO  dt_instance] d0a71d84-b80f-4558-beac-8887750652e3 "199 vTcQOG9D1mxb9uUtKaXoVqQiCHZFygYtD9TeWLsY9QARj6RwytboS2GX5Y8p"
2020-09-22T10:39:21.900140957Z  [2020-09-22T10:39:21Z INFO  dt_instance] Inserted data for source d0a71d84-b80f-4558-beac-8887750652e3.
2020-09-22T10:39:21.952376308Z  [2020-09-22T10:39:21Z INFO  dt_instance] d0a71d84-b80f-4558-beac-8887750652e3 "200 TP5nhNdR1Lf8y0NuHm5ESDNgmh6EZQIZ2SectRJmLKFG7a0hl50gvxbXLbCQ"
2020-09-22T10:39:21.966418151Z  [2020-09-22T10:39:21Z INFO  dt_instance] Inserted data for source d0a71d84-b80f-4558-beac-8887750652e3.
2020-09-22T10:39:22.018436263Z  [2020-09-22T10:39:22Z INFO  dt_instance] d0a71d84-b80f-4558-beac-8887750652e3 "201 HNwb79UxgM6e5MhQTUkbi2PLpsuO2tzEUugpnAskKlcqRj7L2cjGr2DynwWO"
2020-09-22T10:39:22.036790124Z  [2020-09-22T10:39:22Z INFO  dt_instance] Inserted data for source d0a71d84-b80f-4558-beac-8887750652e3.
2020-09-22T10:39:22.087819965Z  [2020-09-22T10:39:22Z INFO  dt_instance] d0a71d84-b80f-4558-beac-8887750652e3 "202 3tjv9xJZbyHQTVu6xPidJ8V9a0n7669AlaXcBOtCHASqrk3Z3ZEPxVN7HzSk"
2020-09-22T10:39:22.101184357Z  [2020-09-22T10:39:22Z INFO  dt_instance] Inserted data for source d0a71d84-b80f-4558-beac-8887750652e3.
2020-09-22T10:39:22.152951226Z  [2020-09-22T10:39:22Z INFO  dt_instance] d0a71d84-b80f-4558-beac-8887750652e3 "203 mqHccVCd4he1fmsuVvSSNzJ0nddtAJrOBTQ0MSYscNIE2zIKLuAZet2RGw77"
2020-09-22T10:39:22.162289896Z  [2020-09-22T10:39:22Z INFO  dt_instance] Inserted data for source d0a71d84-b80f-4558-beac-8887750652e3.
2020-09-22T10:39:22.214182736Z  [2020-09-22T10:39:22Z INFO  dt_instance] d0a71d84-b80f-4558-beac-8887750652e3 "204 ZYmCTQstikMomC07p1JdcX9VpEZAv45PHns1t4LJVAQMdl0UM1qvtzOXJrey"
2020-09-22T10:39:22.225668361Z  [2020-09-22T10:39:22Z INFO  dt_instance] Inserted data for source d0a71d84-b80f-4558-beac-8887750652e3.
2020-09-22T10:39:22.276828336Z  [2020-09-22T10:39:22Z INFO  dt_instance] d0a71d84-b80f-4558-beac-8887750652e3 "205 V7WO3HHopAwhC0292rJeQ4k77SJTtUO1IfZTgw4wYXvUsy7jzc8a0D59Jsg3"
2020-09-22T10:39:22.291514708Z  [2020-09-22T10:39:22Z INFO  dt_instance] Inserted data for source d0a71d84-b80f-4558-beac-8887750652e3.
2020-09-22T10:39:22.343555241Z  [2020-09-22T10:39:22Z INFO  dt_instance] d0a71d84-b80f-4558-beac-8887750652e3 "206 teG6EPDINGlwGeK2Ps6IodpI6MsBTjhqHCT3dEYGOgJuRFjC92DBuk3CEeSA"
2020-09-22T10:39:22.358988111Z  [2020-09-22T10:39:22Z INFO  dt_instance] Inserted data for source d0a71d84-b80f-4558-beac-8887750652e3.
2020-09-22T10:39:22.411311362Z  [2020-09-22T10:39:22Z INFO  dt_instance] d0a71d84-b80f-4558-beac-8887750652e3 "207 mD1hRyYbRDwz7ylRyBMUIT42mrG7MV9wNyIyYVhjiFnioaVsiH8dwuosyA6c"
2020-09-22T10:39:22.425224303Z  [2020-09-22T10:39:22Z INFO  dt_instance] Inserted data for source d0a71d84-b80f-4558-beac-8887750652e3.
2020-09-22T10:39:22.477490999Z  [2020-09-22T10:39:22Z INFO  dt_instance] d0a71d84-b80f-4558-beac-8887750652e3 "208 ZfTGOn2PSa61bud1Iz0t3Ti4gChLJT8gEprmgdkgFiNNpC9dMQPQUSwDbDq6"
2020-09-22T10:39:22.491309013Z  [2020-09-22T10:39:22Z INFO  dt_instance] Inserted data for source d0a71d84-b80f-4558-beac-8887750652e3.
2020-09-22T10:39:22.543385307Z  [2020-09-22T10:39:22Z INFO  dt_instance] d0a71d84-b80f-4558-beac-8887750652e3 "209 PzV4BCeEeED5PWMJ55szF7pE5HtYZZpy8UCY3Ps0APVJXl3EopAA1x8KNekQ"
2020-09-22T10:39:22.560861554Z  [2020-09-22T10:39:22Z INFO  dt_instance] Inserted data for source d0a71d84-b80f-4558-beac-8887750652e3.
2020-09-22T10:39:22.612977341Z  [2020-09-22T10:39:22Z INFO  dt_instance] d0a71d84-b80f-4558-beac-8887750652e3 "210 kYBK1EiNymkb0sGMBlE7u4GVezosqeAP63K0ccrHAIYNVu9VROrWdCc6S4Zz"
2020-09-22T10:39:22.625079881Z  [2020-09-22T10:39:22Z INFO  dt_instance] Inserted data for source d0a71d84-b80f-4558-beac-8887750652e3.
2020-09-22T10:39:22.677194669Z  [2020-09-22T10:39:22Z INFO  dt_instance] d0a71d84-b80f-4558-beac-8887750652e3 "211 jYLzm2sDQxLMqpB361lSt55fMKGxPNvFrqOYuthU8tmjN7RwsnVKwNX3kTfB"
2020-09-22T10:39:22.691873937Z  [2020-09-22T10:39:22Z INFO  dt_instance] Inserted data for source d0a71d84-b80f-4558-beac-8887750652e3.
2020-09-22T10:39:22.743922047Z  [2020-09-22T10:39:22Z INFO  dt_instance] d0a71d84-b80f-4558-beac-8887750652e3 "212 4mUoVmz8uOPfZv3xb3VHyb2mwWsn6tb4I5ozzMOj9tZ1FHFpOGrmo4tvG5ng"
2020-09-22T10:39:22.762248419Z  [2020-09-22T10:39:22Z INFO  dt_instance] Inserted data for source d0a71d84-b80f-4558-beac-8887750652e3.
2020-09-22T10:39:22.814578559Z  [2020-09-22T10:39:22Z INFO  dt_instance] d0a71d84-b80f-4558-beac-8887750652e3 "213 SFXWDebf2g24Cds6xvWyWa2lqFfwLDH7KFmgJ4yoUBXmFpeEADGQM1cM006x"
2020-09-22T10:39:22.833882013Z  [2020-09-22T10:39:22Z INFO  dt_instance] Inserted data for source d0a71d84-b80f-4558-beac-8887750652e3.
2020-09-22T10:39:22.886137322Z  [2020-09-22T10:39:22Z INFO  dt_instance] d0a71d84-b80f-4558-beac-8887750652e3 "214 55fHdpx9avgVQmMOb2dk62y1IjCa0Nn2tuYNwmewSww5ydRtXlLtvAMMp3Ij"
2020-09-22T10:39:22.905009417Z  [2020-09-22T10:39:22Z INFO  dt_instance] Inserted data for source d0a71d84-b80f-4558-beac-8887750652e3.
2020-09-22T10:39:22.957055854Z  [2020-09-22T10:39:22Z INFO  dt_instance] d0a71d84-b80f-4558-beac-8887750652e3 "215 xMyFo8KkeRBSiqNCPMhLIZxB88fFhicTcheagJwvmJpbKbWiTS3fSdv9eiNp"
2020-09-22T10:39:22.974633393Z  [2020-09-22T10:39:22Z INFO  dt_instance] Inserted data for source d0a71d84-b80f-4558-beac-8887750652e3.
2020-09-22T10:39:23.025728439Z  [2020-09-22T10:39:23Z INFO  dt_instance] d0a71d84-b80f-4558-beac-8887750652e3 "216 qNXTBScK1PkEgmvpjJvLrESLpqYoXrbYroEEtWa4HcRnCesUzmo6NJR5EpuY"
2020-09-22T10:39:23.041991926Z  [2020-09-22T10:39:23Z INFO  dt_instance] Inserted data for source d0a71d84-b80f-4558-beac-8887750652e3.
2020-09-22T10:39:23.094578225Z  [2020-09-22T10:39:23Z INFO  dt_instance] d0a71d84-b80f-4558-beac-8887750652e3 "217 vEvXg3dYiNqio2FzS9BiXlF9dqIpfzFSVYk2rNmG6huA5Nt9mAtXLbiSrWAC"
2020-09-22T10:39:23.115268212Z  [2020-09-22T10:39:23Z INFO  dt_instance] Inserted data for source d0a71d84-b80f-4558-beac-8887750652e3.
2020-09-22T10:39:23.167392848Z  [2020-09-22T10:39:23Z INFO  dt_instance] d0a71d84-b80f-4558-beac-8887750652e3 "218 rGazaEl1Q9XvyjaSRgTjPohUlS55G1ABSwLeCeKnebHRedMINxBbkE5wn6aa"
2020-09-22T10:39:23.185468321Z  [2020-09-22T10:39:23Z INFO  dt_instance] Inserted data for source d0a71d84-b80f-4558-beac-8887750652e3.
2020-09-22T10:39:23.237391370Z  [2020-09-22T10:39:23Z INFO  dt_instance] d0a71d84-b80f-4558-beac-8887750652e3 "219 x9FdxVIcl0wrc8EtnZTryAuUnrTQxvmy6hrwqPnX6qWMgjuqAUuNdY9z8qmE"
2020-09-22T10:39:23.253370662Z  [2020-09-22T10:39:23Z INFO  dt_instance] Inserted data for source d0a71d84-b80f-4558-beac-8887750652e3.
2020-09-22T10:39:23.305789506Z  [2020-09-22T10:39:23Z INFO  dt_instance] d0a71d84-b80f-4558-beac-8887750652e3 "220 BW9hZ9i4iEKwZxyp8Dd1TprgUQDtykrt0vemZAtLRMwyJo1fubAUnzDExqc5"
2020-09-22T10:39:23.322496526Z  [2020-09-22T10:39:23Z INFO  dt_instance] Inserted data for source d0a71d84-b80f-4558-beac-8887750652e3.
2020-09-22T10:39:23.374389260Z  [2020-09-22T10:39:23Z INFO  dt_instance] d0a71d84-b80f-4558-beac-8887750652e3 "221 1VnOPOohbPkV1CGzMKBtG0nI8Ig8BxZDpB6kBHp6piqDohAgoZqUYztpTVAi"
2020-09-22T10:39:23.394903994Z  [2020-09-22T10:39:23Z INFO  dt_instance] Inserted data for source d0a71d84-b80f-4558-beac-8887750652e3.
2020-09-22T10:39:23.447074943Z  [2020-09-22T10:39:23Z INFO  dt_instance] d0a71d84-b80f-4558-beac-8887750652e3 "222 PRa847Xwig7cjUGdn0PuKAeTSNw5mWJMsw7Sn5sYe4Gyb4eP5R02E0yVpOFE"
2020-09-22T10:39:24.473429944Z  [2020-09-22T10:39:24Z INFO  dt_instance] Inserted data for source d0a71d84-b80f-4558-beac-8887750652e3.
2020-09-22T10:39:24.525661099Z  [2020-09-22T10:39:24Z INFO  dt_instance] d0a71d84-b80f-4558-beac-8887750652e3 "223 o5NWgnRzCVPnBOpgNHVip6OeUiwHk9Ujoif7LCHRx0E4HIZ6cYJFNQQivm4J"
2020-09-22T10:39:24.548549663Z  [2020-09-22T10:39:24Z INFO  dt_instance] Inserted data for source d0a71d84-b80f-4558-beac-8887750652e3.
2020-09-22T10:39:24.600908769Z  [2020-09-22T10:39:24Z INFO  dt_instance] d0a71d84-b80f-4558-beac-8887750652e3 "224 gqbo5qx06p2YTxdJ9twfbrbnaE1Y00qbqfPr3kg4wWsUdb5AeR5sk8Bf9kGN"
2020-09-22T10:39:24.620379525Z  [2020-09-22T10:39:24Z INFO  dt_instance] Inserted data for source d0a71d84-b80f-4558-beac-8887750652e3.
2020-09-22T10:39:24.672717618Z  [2020-09-22T10:39:24Z INFO  dt_instance] d0a71d84-b80f-4558-beac-8887750652e3 "225 wRJBvVoBMLDA6dwz6jmAAREFXw4xBTFd3DPNaufvSKYmnm2KozfiZM0gYynr"
2020-09-22T10:39:24.686547474Z  [2020-09-22T10:39:24Z INFO  dt_instance] Inserted data for source d0a71d84-b80f-4558-beac-8887750652e3.
2020-09-22T10:39:24.738694023Z  [2020-09-22T10:39:24Z INFO  dt_instance] d0a71d84-b80f-4558-beac-8887750652e3 "226 NNAhxJuD5RQnknAmmPVbbxAc4ebaZhvBxouP3TSXd2CjDzVxZQhAw7SaRUV1"
2020-09-22T10:39:24.760895522Z  [2020-09-22T10:39:24Z INFO  dt_instance] Inserted data for source d0a71d84-b80f-4558-beac-8887750652e3.
2020-09-22T10:39:24.813036176Z  [2020-09-22T10:39:24Z INFO  dt_instance] d0a71d84-b80f-4558-beac-8887750652e3 "227 xzbMzAPfQ1aJcRBfLzZinEKLYVsoO2exurBht2f9jEhMfp8eapasCdhuo546"
2020-09-22T10:39:24.832389580Z  [2020-09-22T10:39:24Z INFO  dt_instance] Inserted data for source d0a71d84-b80f-4558-beac-8887750652e3.
2020-09-22T10:39:24.884284533Z  [2020-09-22T10:39:24Z INFO  dt_instance] d0a71d84-b80f-4558-beac-8887750652e3 "228 yCU8OJFlVoV5LKvtRandpNGGevGrxAfDMJnNTZD17gDY2jMnjcTcsDjMOs1s"
2020-09-22T10:39:24.898332072Z  [2020-09-22T10:39:24Z INFO  dt_instance] Inserted data for source d0a71d84-b80f-4558-beac-8887750652e3.
2020-09-22T10:39:24.950681356Z  [2020-09-22T10:39:24Z INFO  dt_instance] d0a71d84-b80f-4558-beac-8887750652e3 "229 wi42fHh8AaPnQWJzvc2IQdf3O0Rr8RMbGHihb0FUatIHMx2G6XhugmQBEFiv"
2020-09-22T10:39:24.972886740Z  [2020-09-22T10:39:24Z INFO  dt_instance] Inserted data for source d0a71d84-b80f-4558-beac-8887750652e3.
2020-09-22T10:39:25.025192853Z  [2020-09-22T10:39:25Z INFO  dt_instance] d0a71d84-b80f-4558-beac-8887750652e3 "230 41PX1QLYYsXQ1vd3pB66E5tYTM5JOccSDw212fFD3xu6qXj6Wy9pq3tLLPAH"
2020-09-22T10:39:25.040394309Z  [2020-09-22T10:39:25Z INFO  dt_instance] Inserted data for source d0a71d84-b80f-4558-beac-8887750652e3.
2020-09-22T10:39:25.092359905Z  [2020-09-22T10:39:25Z INFO  dt_instance] d0a71d84-b80f-4558-beac-8887750652e3 "231 KXqougGeybSXkcWxW9UjjZVJXVEhIA54NUFHUk3VxESBTcee6R3b0resHmI7"
2020-09-22T10:39:25.106886110Z  [2020-09-22T10:39:25Z INFO  dt_instance] Inserted data for source d0a71d84-b80f-4558-beac-8887750652e3.
2020-09-22T10:39:25.158866620Z  [2020-09-22T10:39:25Z INFO  dt_instance] d0a71d84-b80f-4558-beac-8887750652e3 "232 jNb8VeOAXx1hxF8bNP2YAYR6HoTqtIRGSRYNFAxnsnnpHO6IlKWp03w4m56O"
2020-09-22T10:39:25.177348199Z  [2020-09-22T10:39:25Z INFO  dt_instance] Inserted data for source d0a71d84-b80f-4558-beac-8887750652e3.
2020-09-22T10:39:25.229462810Z  [2020-09-22T10:39:25Z INFO  dt_instance] d0a71d84-b80f-4558-beac-8887750652e3 "233 12gvTIxNYluD1qNgtrMKJIXkIh7YhjThxdrOn6Rtb37zirbAo5tJyA2wZ6BQ"
2020-09-22T10:39:25.245103358Z  [2020-09-22T10:39:25Z INFO  dt_instance] Inserted data for source d0a71d84-b80f-4558-beac-8887750652e3.
2020-09-22T10:39:25.297440932Z  [2020-09-22T10:39:25Z INFO  dt_instance] d0a71d84-b80f-4558-beac-8887750652e3 "234 vSvpAWmu9AVJsxew8cboGstzq4OGwVspWMvpNhtKE1Usawbfz10dxkcp3LqS"
2020-09-22T10:39:25.311949958Z  [2020-09-22T10:39:25Z INFO  dt_instance] Inserted data for source d0a71d84-b80f-4558-beac-8887750652e3.
2020-09-22T10:39:25.363968237Z  [2020-09-22T10:39:25Z INFO  dt_instance] d0a71d84-b80f-4558-beac-8887750652e3 "235 8xNfjX4q85LvRrFoFRO57d1blExvXKqgoaTwXOav8qQJOAtvUOxPOtqD2Qsp"
2020-09-22T10:39:25.381250561Z  [2020-09-22T10:39:25Z INFO  dt_instance] Inserted data for source d0a71d84-b80f-4558-beac-8887750652e3.
2020-09-22T10:39:25.433191291Z  [2020-09-22T10:39:25Z INFO  dt_instance] d0a71d84-b80f-4558-beac-8887750652e3 "236 lDJXfAi8MUQoRkBwZJ2AYewCSprdybjGrWmrLhvlC2YoAS0qLOvrHC0mWXjz"
2020-09-22T10:39:25.449352388Z  [2020-09-22T10:39:25Z INFO  dt_instance] Inserted data for source d0a71d84-b80f-4558-beac-8887750652e3.
2020-09-22T10:39:25.501760981Z  [2020-09-22T10:39:25Z INFO  dt_instance] d0a71d84-b80f-4558-beac-8887750652e3 "237 YjpIyBPvMxuEjrm6dwkKQ4N7nxmw534KBJZzEf9sKtFEapQKrWIqdzocCfOc"
2020-09-22T10:39:25.514914364Z  [2020-09-22T10:39:25Z INFO  dt_instance] Inserted data for source d0a71d84-b80f-4558-beac-8887750652e3.
2020-09-22T10:39:25.566899174Z  [2020-09-22T10:39:25Z INFO  dt_instance] d0a71d84-b80f-4558-beac-8887750652e3 "238 qfKg2NGcKmeNzVd1rt0SuYMP9f8QAnBqo962Uw9JVzFYY4Myqutdmzti4Tg2"
2020-09-22T10:39:25.583465394Z  [2020-09-22T10:39:25Z INFO  dt_instance] Inserted data for source d0a71d84-b80f-4558-beac-8887750652e3.
2020-09-22T10:39:25.635657423Z  [2020-09-22T10:39:25Z INFO  dt_instance] d0a71d84-b80f-4558-beac-8887750652e3 "239 6f8vA8M0XNFQoqI4TzoFSh3ZcN2Ptf7taXwQ7Q7ngMj5F7ZlJNiAYGJEkeQr"
2020-09-22T10:39:25.654095652Z  [2020-09-22T10:39:25Z INFO  dt_instance] Inserted data for source d0a71d84-b80f-4558-beac-8887750652e3.
2020-09-22T10:39:25.706324062Z  [2020-09-22T10:39:25Z INFO  dt_instance] d0a71d84-b80f-4558-beac-8887750652e3 "240 9A3OMgKm0tlSIx72btTTfAgxS5GiE9PZH9GbkfirVSj4cNwcwa1gWQTydpsn"
2020-09-22T10:39:25.719675058Z  [2020-09-22T10:39:25Z INFO  dt_instance] Inserted data for source d0a71d84-b80f-4558-beac-8887750652e3.
2020-09-22T10:39:25.772216013Z  [2020-09-22T10:39:25Z INFO  dt_instance] d0a71d84-b80f-4558-beac-8887750652e3 "241 XP0Qf95mB0Ffj5Zy4ruVW1FhrGZ91p4xSlbMMjeQnZ3m4A3oRFCGXu9LzgEw"
2020-09-22T10:39:25.785790375Z  [2020-09-22T10:39:25Z INFO  dt_instance] Inserted data for source d0a71d84-b80f-4558-beac-8887750652e3.
2020-09-22T10:39:25.838551434Z  [2020-09-22T10:39:25Z INFO  dt_instance] d0a71d84-b80f-4558-beac-8887750652e3 "242 no8Pvlm97VKnelqPSt2d8Vp9kzh6t3eZ9F66oyFgt12UhNr2A0eM7sLFF2Pc"
2020-09-22T10:39:25.854085143Z  [2020-09-22T10:39:25Z INFO  dt_instance] Inserted data for source d0a71d84-b80f-4558-beac-8887750652e3.
2020-09-22T10:39:25.906198300Z  [2020-09-22T10:39:25Z INFO  dt_instance] d0a71d84-b80f-4558-beac-8887750652e3 "243 Tu2ULKeFALbLUjvY4wwYoSYt3sWjU1GeWT25GISMFtUvVXWa3dMLqmuQ17jP"
2020-09-22T10:39:25.918524068Z  [2020-09-22T10:39:25Z INFO  dt_instance] Inserted data for source d0a71d84-b80f-4558-beac-8887750652e3.
2020-09-22T10:39:25.971315900Z  [2020-09-22T10:39:25Z INFO  dt_instance] d0a71d84-b80f-4558-beac-8887750652e3 "244 EHSq3bIDe5faIyN4dKfO55JT6VyANAr8eKb3j8soBWoXDsiHM21yN1VTQnS0"
2020-09-22T10:39:25.982650665Z  [2020-09-22T10:39:25Z INFO  dt_instance] Inserted data for source d0a71d84-b80f-4558-beac-8887750652e3.
2020-09-22T10:39:26.033518098Z  [2020-09-22T10:39:26Z INFO  dt_instance] d0a71d84-b80f-4558-beac-8887750652e3 "245 qXTpitl5ZPo6OIdQS88aZu0cYiSno8Rwlv8msObN9VPzD5VcYHTkpPK7cIcj"
2020-09-22T10:39:26.044691958Z  [2020-09-22T10:39:26Z INFO  dt_instance] Inserted data for source d0a71d84-b80f-4558-beac-8887750652e3.
2020-09-22T10:39:26.095611051Z  [2020-09-22T10:39:26Z INFO  dt_instance] d0a71d84-b80f-4558-beac-8887750652e3 "246 cirOX7UQUbj65SVg5ejQjKJDKvqPGyWEfKa4awFYOVF2CykkBtjhstyldf7q"
2020-09-22T10:39:26.110054972Z  [2020-09-22T10:39:26Z INFO  dt_instance] Inserted data for source d0a71d84-b80f-4558-beac-8887750652e3.
2020-09-22T10:39:26.162145067Z  [2020-09-22T10:39:26Z INFO  dt_instance] d0a71d84-b80f-4558-beac-8887750652e3 "247 BaRi5Qtcv8nZVDVt7JifAdkqyy1BZLoCvSMh0RIaQj4cPH97nr32GGxEU8eS"
2020-09-22T10:39:26.179042274Z  [2020-09-22T10:39:26Z INFO  dt_instance] Inserted data for source d0a71d84-b80f-4558-beac-8887750652e3.
2020-09-22T10:39:26.231119581Z  [2020-09-22T10:39:26Z INFO  dt_instance] d0a71d84-b80f-4558-beac-8887750652e3 "248 d6duoMvZHqPkQ24NWHjCAOugSmr8o4x1qaXxZShEYSEDkmbb7SjyT5xNMKm9"
2020-09-22T10:39:26.242034902Z  [2020-09-22T10:39:26Z INFO  dt_instance] Inserted data for source d0a71d84-b80f-4558-beac-8887750652e3.
2020-09-22T10:39:26.294076561Z  [2020-09-22T10:39:26Z INFO  dt_instance] d0a71d84-b80f-4558-beac-8887750652e3 "249 dep7Zitcc7RLZgLz2WtcoRcqhqlHqvScjXLjEKrcujZDet80cmp3KhNbu1lg"
2020-09-22T10:39:26.308021218Z  [2020-09-22T10:39:26Z INFO  dt_instance] Inserted data for source d0a71d84-b80f-4558-beac-8887750652e3.
2020-09-22T10:39:46.049020232Z  [2020-09-22T10:39:46Z ERROR dt_instance] Unhandled incoming.
2020-09-22T10:40:16.049646940Z  [2020-09-22T10:40:16Z ERROR dt_instance] Unhandled incoming.
