2020-09-22T10:37:17.373537822Z  [2020-09-22T10:37:17Z INFO  dt_instance] Current Twin: 38162cb0-e585-43d7-b55d-5c240b2bfb7c
2020-09-22T10:37:17.373604854Z  [2020-09-22T10:37:17Z INFO  dt_instance] Connecting to broker at mqtt-broker_2:1883
2020-09-22T10:37:17.377115891Z  [2020-09-22T10:37:17Z INFO  dt_instance] Refreshing topics for twin 38162cb0-e585-43d7-b55d-5c240b2bfb7c - Listen to 38162cb0-e585-43d7-b55d-5c240b2bfb7c/+/+
2020-09-22T10:37:17.480469843Z  [2020-09-22T10:37:17Z INFO  dt_instance] SubAck { pkid: 1, return_codes: [Success(AtLeastOnce)] }
2020-09-22T10:37:47.426634376Z  [2020-09-22T10:37:47Z ERROR dt_instance] Unhandled incoming.
2020-09-22T10:38:17.427679426Z  [2020-09-22T10:38:17Z ERROR dt_instance] Unhandled incoming.
2020-09-22T10:38:47.428804385Z  [2020-09-22T10:38:47Z ERROR dt_instance] Unhandled incoming.
2020-09-22T10:39:03.460670037Z  [2020-09-22T10:39:03Z INFO  dt_instance] d0a71d84-b80f-4558-beac-8887750652e3 "0 x2JEQv5ZVf1DiWQ14pseg12PkydmFmqyzUbOUzjS2fBdiftS3xp77PI58HP6d9"
2020-09-22T10:39:03.474313921Z  [2020-09-22T10:39:03Z INFO  dt_instance] Inserted data for source d0a71d84-b80f-4558-beac-8887750652e3.
2020-09-22T10:39:03.526531294Z  [2020-09-22T10:39:03Z INFO  dt_instance] d0a71d84-b80f-4558-beac-8887750652e3 "1 3rZNILab9wKQR3fG4fw75w0yRtiCVV0gHtXXdhPuUgPDOoaSV1j7EG3mjbgPyq"
2020-09-22T10:39:03.546115454Z  [2020-09-22T10:39:03Z INFO  dt_instance] Inserted data for source d0a71d84-b80f-4558-beac-8887750652e3.
2020-09-22T10:39:03.599455780Z  [2020-09-22T10:39:03Z INFO  dt_instance] d0a71d84-b80f-4558-beac-8887750652e3 "2 rYw8gUAWgTuo9HnH9ByAjl1DVmTe69yXKmZxkYx8DdfieplGPCjdMo7KgOlltz"
2020-09-22T10:39:03.607296738Z  [2020-09-22T10:39:03Z INFO  dt_instance] Inserted data for source d0a71d84-b80f-4558-beac-8887750652e3.
2020-09-22T10:39:03.661116474Z  [2020-09-22T10:39:03Z INFO  dt_instance] d0a71d84-b80f-4558-beac-8887750652e3 "3 zXwm8s6R7T5SAyEV7EwbV6WMhwORxrlChhTgwRT8NX5Yv9BNl9OBnVWJFWYpOC"
2020-09-22T10:39:03.673124937Z  [2020-09-22T10:39:03Z INFO  dt_instance] Inserted data for source d0a71d84-b80f-4558-beac-8887750652e3.
2020-09-22T10:39:03.723978975Z  [2020-09-22T10:39:03Z INFO  dt_instance] d0a71d84-b80f-4558-beac-8887750652e3 "4 FYS3ZEB0ltSJJPgT2AYMUi1512IqAI3msZbhzTVDxGX0pnXaG1pCWNpCk8odW8"
2020-09-22T10:39:03.741988490Z  [2020-09-22T10:39:03Z INFO  dt_instance] Inserted data for source d0a71d84-b80f-4558-beac-8887750652e3.
2020-09-22T10:39:03.791964061Z  [2020-09-22T10:39:03Z INFO  dt_instance] d0a71d84-b80f-4558-beac-8887750652e3 "5 oM8ITtr375jkm3Wt3X3GuXF9yo9Tn4xgUS1eGumpnlOuZM2SPqOTCluxohuIRb"
2020-09-22T10:39:03.800210441Z  [2020-09-22T10:39:03Z INFO  dt_instance] Inserted data for source d0a71d84-b80f-4558-beac-8887750652e3.
2020-09-22T10:39:03.851942682Z  [2020-09-22T10:39:03Z INFO  dt_instance] d0a71d84-b80f-4558-beac-8887750652e3 "6 2ZKHQlmYPfG0DEz8fzG3Ayhp5A3pnTO3SuFsLv2eoBb8vBHZNVxR1z3VzoJ8Xc"
2020-09-22T10:39:03.870902983Z  [2020-09-22T10:39:03Z INFO  dt_instance] Inserted data for source d0a71d84-b80f-4558-beac-8887750652e3.
2020-09-22T10:39:03.916950050Z  [2020-09-22T10:39:03Z INFO  dt_instance] d0a71d84-b80f-4558-beac-8887750652e3 "7 Z7cv0tITJdC3LsYasYkd7DDjOUN6OImNiphMjoSNjEztl2JNElas5zN0IuY03Z"
2020-09-22T10:39:03.926352657Z  [2020-09-22T10:39:03Z INFO  dt_instance] Inserted data for source d0a71d84-b80f-4558-beac-8887750652e3.
2020-09-22T10:39:03.979772090Z  [2020-09-22T10:39:03Z INFO  dt_instance] d0a71d84-b80f-4558-beac-8887750652e3 "8 q4vMPgUQUUKqg4CVaRzCFCoIWNNWRPLfr3170jGEOuaVObnHyGTB7fZiz8npD4"
2020-09-22T10:39:03.992717351Z  [2020-09-22T10:39:03Z INFO  dt_instance] Inserted data for source d0a71d84-b80f-4558-beac-8887750652e3.
2020-09-22T10:39:04.047235359Z  [2020-09-22T10:39:04Z INFO  dt_instance] d0a71d84-b80f-4558-beac-8887750652e3 "9 OjfDjtDwfSVGBAaI6ikp1zOz3e7oeNoWvYSukOCgVmfbedvAU2s4eSYqqdVCu2"
2020-09-22T10:39:04.069387924Z  [2020-09-22T10:39:04Z INFO  dt_instance] Inserted data for source d0a71d84-b80f-4558-beac-8887750652e3.
2020-09-22T10:39:04.120095948Z  [2020-09-22T10:39:04Z INFO  dt_instance] d0a71d84-b80f-4558-beac-8887750652e3 "10 bmEeetVtcNWbaSnR0N62bHVz34wppLo3hcvxVolkAY95ZYIAips93Nmp10ECr"
2020-09-22T10:39:04.131332255Z  [2020-09-22T10:39:04Z INFO  dt_instance] Inserted data for source d0a71d84-b80f-4558-beac-8887750652e3.
2020-09-22T10:39:04.184592492Z  [2020-09-22T10:39:04Z INFO  dt_instance] d0a71d84-b80f-4558-beac-8887750652e3 "11 YhCAJRq3KUUc6WK0TRcG1RQtC624zq1Pb0wOI0U6lpQ6xKLO382dZEgFHvEUw"
2020-09-22T10:39:04.197040944Z  [2020-09-22T10:39:04Z INFO  dt_instance] Inserted data for source d0a71d84-b80f-4558-beac-8887750652e3.
2020-09-22T10:39:04.249130069Z  [2020-09-22T10:39:04Z INFO  dt_instance] d0a71d84-b80f-4558-beac-8887750652e3 "12 lAMCin5x43w70C36qEXKHK3kQL7OJ3ddLKLc1cn9YfsCL7dPYBKuXl1PDuaLH"
2020-09-22T10:39:04.274283593Z  [2020-09-22T10:39:04Z INFO  dt_instance] Inserted data for source d0a71d84-b80f-4558-beac-8887750652e3.
2020-09-22T10:39:04.324295836Z  [2020-09-22T10:39:04Z INFO  dt_instance] d0a71d84-b80f-4558-beac-8887750652e3 "13 JDRLgKT7lUtocdDQD3MxaVQdFDOYURAJ5t2lS3G3YSpbfl8ZmlTq25BGift55"
2020-09-22T10:39:04.338722424Z  [2020-09-22T10:39:04Z INFO  dt_instance] Inserted data for source d0a71d84-b80f-4558-beac-8887750652e3.
2020-09-22T10:39:04.388482687Z  [2020-09-22T10:39:04Z INFO  dt_instance] d0a71d84-b80f-4558-beac-8887750652e3 "14 uvIQlBBSM4aNr9wJ9r8fWaMKUgaDdQ0g62hs6qBR1q9eaWCoViqFhtIQSjCmD"
2020-09-22T10:39:04.402736534Z  [2020-09-22T10:39:04Z INFO  dt_instance] Inserted data for source d0a71d84-b80f-4558-beac-8887750652e3.
2020-09-22T10:39:04.453248451Z  [2020-09-22T10:39:04Z INFO  dt_instance] d0a71d84-b80f-4558-beac-8887750652e3 "15 ZBa65QZgsoeU3gm6ZRAkw6osiQkJxoWrzyOtWEP5MyMa1NNwI2MrV38tXJuKl"
2020-09-22T10:39:04.466566175Z  [2020-09-22T10:39:04Z INFO  dt_instance] Inserted data for source d0a71d84-b80f-4558-beac-8887750652e3.
2020-09-22T10:39:04.517620476Z  [2020-09-22T10:39:04Z INFO  dt_instance] d0a71d84-b80f-4558-beac-8887750652e3 "16 VxsPoJvdTIE7A3THqzbMomAmEigpicUDlNXMdA4HLBHfczeYUxBqogW4Lj440"
2020-09-22T10:39:04.529392074Z  [2020-09-22T10:39:04Z INFO  dt_instance] Inserted data for source d0a71d84-b80f-4558-beac-8887750652e3.
2020-09-22T10:39:04.579967419Z  [2020-09-22T10:39:04Z INFO  dt_instance] d0a71d84-b80f-4558-beac-8887750652e3 "17 3LrMk64CA5yRbo2q2qFUL8PUNOwajzKECKv6Wxhc8X8GB1AxvU3kiAksijZsl"
2020-09-22T10:39:04.593277885Z  [2020-09-22T10:39:04Z INFO  dt_instance] Inserted data for source d0a71d84-b80f-4558-beac-8887750652e3.
2020-09-22T10:39:04.644063001Z  [2020-09-22T10:39:04Z INFO  dt_instance] d0a71d84-b80f-4558-beac-8887750652e3 "18 RTgg5w9PXOQ5fxFBmldadVOcMzg7h9tMFXDMtcQChDhh3u5oK8R23xJPaIHdV"
2020-09-22T10:39:04.653919448Z  [2020-09-22T10:39:04Z INFO  dt_instance] Inserted data for source d0a71d84-b80f-4558-beac-8887750652e3.
2020-09-22T10:39:04.704792728Z  [2020-09-22T10:39:04Z INFO  dt_instance] d0a71d84-b80f-4558-beac-8887750652e3 "19 IaZaD99x41jN0fAGjxX76tSKDCwTr8X0Irqv6EIuFBEjyWok4J0pro8YJiaKn"
2020-09-22T10:39:04.713142626Z  [2020-09-22T10:39:04Z INFO  dt_instance] Inserted data for source d0a71d84-b80f-4558-beac-8887750652e3.
2020-09-22T10:39:04.764915722Z  [2020-09-22T10:39:04Z INFO  dt_instance] d0a71d84-b80f-4558-beac-8887750652e3 "20 Auf8C2FK6vkzziK4o9J6fwr4L2nUayz7pQiO0E0KYmLnZxXv1OTacLJf4UZHx"
2020-09-22T10:39:04.773110192Z  [2020-09-22T10:39:04Z INFO  dt_instance] Inserted data for source d0a71d84-b80f-4558-beac-8887750652e3.
2020-09-22T10:39:04.825039399Z  [2020-09-22T10:39:04Z INFO  dt_instance] d0a71d84-b80f-4558-beac-8887750652e3 "21 J6JeQ69741CRF9GihjVhYV1rdurd4lCTFd8riweMqBBQCAETLxcDjZwqnZlhn"
2020-09-22T10:39:04.834842433Z  [2020-09-22T10:39:04Z INFO  dt_instance] Inserted data for source d0a71d84-b80f-4558-beac-8887750652e3.
2020-09-22T10:39:04.887359561Z  [2020-09-22T10:39:04Z INFO  dt_instance] d0a71d84-b80f-4558-beac-8887750652e3 "22 SZFRcB1pOXOt3ADxdWK4jEuijDovY6ebQOpLHZbOIxFvCskJeth7lhxmnRNQQ"
2020-09-22T10:39:04.903783867Z  [2020-09-22T10:39:04Z INFO  dt_instance] Inserted data for source d0a71d84-b80f-4558-beac-8887750652e3.
2020-09-22T10:39:04.956415505Z  [2020-09-22T10:39:04Z INFO  dt_instance] d0a71d84-b80f-4558-beac-8887750652e3 "23 3e8uQ4mmpkS4okFICMQmTENX3rsHVwZx7YMCThPzkbvaJ5eUkjXY0F60OdSr9"
2020-09-22T10:39:04.970892844Z  [2020-09-22T10:39:04Z INFO  dt_instance] Inserted data for source d0a71d84-b80f-4558-beac-8887750652e3.
2020-09-22T10:39:05.022886888Z  [2020-09-22T10:39:05Z INFO  dt_instance] d0a71d84-b80f-4558-beac-8887750652e3 "24 Ex3XHAR3diAdIzeRIkeuBjmkREpaWFuo0nyzIPuybPwjYjXYBIVW9bhMKKH2M"
2020-09-22T10:39:05.036546030Z  [2020-09-22T10:39:05Z INFO  dt_instance] Inserted data for source d0a71d84-b80f-4558-beac-8887750652e3.
2020-09-22T10:39:05.088353058Z  [2020-09-22T10:39:05Z INFO  dt_instance] d0a71d84-b80f-4558-beac-8887750652e3 "25 oIUeL7E3xohzv0EuvhB4ygTiE56h0IzyKQgcEuTlxd1Hu9Hxhn2gPL2CrwZH7"
2020-09-22T10:39:05.106888467Z  [2020-09-22T10:39:05Z INFO  dt_instance] Inserted data for source d0a71d84-b80f-4558-beac-8887750652e3.
2020-09-22T10:39:05.159187541Z  [2020-09-22T10:39:05Z INFO  dt_instance] d0a71d84-b80f-4558-beac-8887750652e3 "26 gKchT7IYpq2R5on0UGtGmM2ioHbZlLq9aGCfXU3PgvL4FPIDLY0EeFUd09Ryf"
2020-09-22T10:39:05.176473888Z  [2020-09-22T10:39:05Z INFO  dt_instance] Inserted data for source d0a71d84-b80f-4558-beac-8887750652e3.
2020-09-22T10:39:05.228492831Z  [2020-09-22T10:39:05Z INFO  dt_instance] d0a71d84-b80f-4558-beac-8887750652e3 "27 J8uB1P8NSCpEE5rWlYSQsTiJiHmdHmThnuUFdtKr5k5srlyRwxp13VV9LekBU"
2020-09-22T10:39:05.242367570Z  [2020-09-22T10:39:05Z INFO  dt_instance] Inserted data for source d0a71d84-b80f-4558-beac-8887750652e3.
2020-09-22T10:39:05.294150706Z  [2020-09-22T10:39:05Z INFO  dt_instance] d0a71d84-b80f-4558-beac-8887750652e3 "28 3JKtc1irmglhCK7HBa5j6XLnKNDcU00RvkJNE54rOdNKbokbLPmDv4ztnN1sN"
2020-09-22T10:39:05.312555943Z  [2020-09-22T10:39:05Z INFO  dt_instance] Inserted data for source d0a71d84-b80f-4558-beac-8887750652e3.
2020-09-22T10:39:05.364609062Z  [2020-09-22T10:39:05Z INFO  dt_instance] d0a71d84-b80f-4558-beac-8887750652e3 "29 taQv0MnuZ0341i2jSZk8HAtgGwpv79yBTFdPR1QG8GQjGBt6vfpqrDbjx3Hck"
2020-09-22T10:39:05.382589080Z  [2020-09-22T10:39:05Z INFO  dt_instance] Inserted data for source d0a71d84-b80f-4558-beac-8887750652e3.
2020-09-22T10:39:05.434454114Z  [2020-09-22T10:39:05Z INFO  dt_instance] d0a71d84-b80f-4558-beac-8887750652e3 "30 y7nRRQTDSMTvqKWU4rUzr0XQFIVP0yAV157s0R96DiSgCsRgFSVM5v7lyQH64"
2020-09-22T10:39:05.456838964Z  [2020-09-22T10:39:05Z INFO  dt_instance] Inserted data for source d0a71d84-b80f-4558-beac-8887750652e3.
2020-09-22T10:39:05.509181531Z  [2020-09-22T10:39:05Z INFO  dt_instance] d0a71d84-b80f-4558-beac-8887750652e3 "31 fe2P5NRlKqKpICniX1LimwMJSBUKh4FOCM70y1KKH45liJzzP1xWi5W0rXkVX"
2020-09-22T10:39:05.527059535Z  [2020-09-22T10:39:05Z INFO  dt_instance] Inserted data for source d0a71d84-b80f-4558-beac-8887750652e3.
2020-09-22T10:39:05.579049661Z  [2020-09-22T10:39:05Z INFO  dt_instance] d0a71d84-b80f-4558-beac-8887750652e3 "32 IU8kp0ddYpYrdi3qOlXRLeo8acwFETa25jnqDBWVBAi7HnFXtNnKiwUzsPym6"
2020-09-22T10:39:05.596106456Z  [2020-09-22T10:39:05Z INFO  dt_instance] Inserted data for source d0a71d84-b80f-4558-beac-8887750652e3.
2020-09-22T10:39:05.648227592Z  [2020-09-22T10:39:05Z INFO  dt_instance] d0a71d84-b80f-4558-beac-8887750652e3 "33 A7jizg7TLcekpMm0J4RJ3EPQQ41v8rCm2IWBsTc5Dw6Gg6pG0V39QFgFSAdoQ"
2020-09-22T10:39:05.661048882Z  [2020-09-22T10:39:05Z INFO  dt_instance] Inserted data for source d0a71d84-b80f-4558-beac-8887750652e3.
2020-09-22T10:39:05.712911752Z  [2020-09-22T10:39:05Z INFO  dt_instance] d0a71d84-b80f-4558-beac-8887750652e3 "34 CnB2K11wAF4xhl0P0X6JXwRM8VPMC0yWa46V9Ir2pgzkd6mCNtzgIvQtzkvZA"
2020-09-22T10:39:05.738348379Z  [2020-09-22T10:39:05Z INFO  dt_instance] Inserted data for source d0a71d84-b80f-4558-beac-8887750652e3.
2020-09-22T10:39:05.790325569Z  [2020-09-22T10:39:05Z INFO  dt_instance] d0a71d84-b80f-4558-beac-8887750652e3 "35 W8y0HjjskBlGQa5t3kQckw0dkC17AoSGsFBzXhlHpMa6nMV3ji6UCxsgffLDy"
2020-09-22T10:39:05.808520377Z  [2020-09-22T10:39:05Z INFO  dt_instance] Inserted data for source d0a71d84-b80f-4558-beac-8887750652e3.
2020-09-22T10:39:05.861250105Z  [2020-09-22T10:39:05Z INFO  dt_instance] d0a71d84-b80f-4558-beac-8887750652e3 "36 Hi3WHZOTVah8DD6iYMs2klML5dC7Rso77AJ3GvdI7ZfhcnokKLRIarNh6Jcej"
2020-09-22T10:39:05.875935048Z  [2020-09-22T10:39:05Z INFO  dt_instance] Inserted data for source d0a71d84-b80f-4558-beac-8887750652e3.
2020-09-22T10:39:05.928519586Z  [2020-09-22T10:39:05Z INFO  dt_instance] d0a71d84-b80f-4558-beac-8887750652e3 "37 eFaIjuuyXn97mjB6Jm46BZaORLzytk9MKLmz9HN5VBCypqcH3v0Eh3lpKyG3A"
2020-09-22T10:39:05.943288258Z  [2020-09-22T10:39:05Z INFO  dt_instance] Inserted data for source d0a71d84-b80f-4558-beac-8887750652e3.
2020-09-22T10:39:05.995187582Z  [2020-09-22T10:39:05Z INFO  dt_instance] d0a71d84-b80f-4558-beac-8887750652e3 "38 IStq58l6YcnC64WvaxfkSgDawkbKn0Wq4JrbHG9dMo4J8HM6VTt6OMShSR0V7"
2020-09-22T10:39:06.011734515Z  [2020-09-22T10:39:06Z INFO  dt_instance] Inserted data for source d0a71d84-b80f-4558-beac-8887750652e3.
2020-09-22T10:39:06.064140674Z  [2020-09-22T10:39:06Z INFO  dt_instance] d0a71d84-b80f-4558-beac-8887750652e3 "39 skYfpClfqM5X8JaLTIqR1zwI7tdJXBPrH5epvOoWru4kCJ852QnQeKqHz6mSR"
2020-09-22T10:39:06.078900009Z  [2020-09-22T10:39:06Z INFO  dt_instance] Inserted data for source d0a71d84-b80f-4558-beac-8887750652e3.
2020-09-22T10:39:06.133721518Z  [2020-09-22T10:39:06Z INFO  dt_instance] d0a71d84-b80f-4558-beac-8887750652e3 "40 6AqypMvxIhQoVJdUKuQFGE9DHbKCeQ6Vb3ffSTh1IdNxJupI9FJMIS7MflaLW"
2020-09-22T10:39:06.157238747Z  [2020-09-22T10:39:06Z INFO  dt_instance] Inserted data for source d0a71d84-b80f-4558-beac-8887750652e3.
2020-09-22T10:39:06.209042227Z  [2020-09-22T10:39:06Z INFO  dt_instance] d0a71d84-b80f-4558-beac-8887750652e3 "41 RwzqXXmJSvlfKGUvQJILRyCCI0sg67HclrFqNh6RNvKwVexp8teAxx636vIRP"
2020-09-22T10:39:06.225291459Z  [2020-09-22T10:39:06Z INFO  dt_instance] Inserted data for source d0a71d84-b80f-4558-beac-8887750652e3.
2020-09-22T10:39:06.277223406Z  [2020-09-22T10:39:06Z INFO  dt_instance] d0a71d84-b80f-4558-beac-8887750652e3 "42 uI6tidZn1leV9bzYsPyUcoSfzqxMqNjJOSgRqBulLqkrk77TkraNGdQw6pOIV"
2020-09-22T10:39:06.291091186Z  [2020-09-22T10:39:06Z INFO  dt_instance] Inserted data for source d0a71d84-b80f-4558-beac-8887750652e3.
2020-09-22T10:39:06.342918364Z  [2020-09-22T10:39:06Z INFO  dt_instance] d0a71d84-b80f-4558-beac-8887750652e3 "43 Ocmea7f2S4nLVJhf4Eeo5EnTk7hWvVOXBXydrEcBIdWfNbE4TUlTXgE1T6sOH"
2020-09-22T10:39:06.360166996Z  [2020-09-22T10:39:06Z INFO  dt_instance] Inserted data for source d0a71d84-b80f-4558-beac-8887750652e3.
2020-09-22T10:39:06.412488258Z  [2020-09-22T10:39:06Z INFO  dt_instance] d0a71d84-b80f-4558-beac-8887750652e3 "44 DvR5O0tUiroCtlpTMGaHe4tHXao7WQo8N6Ci7Bg7MakqDKSML7ltf1gTSTDle"
2020-09-22T10:39:06.424836489Z  [2020-09-22T10:39:06Z INFO  dt_instance] Inserted data for source d0a71d84-b80f-4558-beac-8887750652e3.
2020-09-22T10:39:06.476740831Z  [2020-09-22T10:39:06Z INFO  dt_instance] d0a71d84-b80f-4558-beac-8887750652e3 "45 UjyvSLuS5geQL141aC37aCwyRgBecycNCEiNqdkI023rNBS1ppfvYrM2U0Epe"
2020-09-22T10:39:06.490310636Z  [2020-09-22T10:39:06Z INFO  dt_instance] Inserted data for source d0a71d84-b80f-4558-beac-8887750652e3.
2020-09-22T10:39:06.541654115Z  [2020-09-22T10:39:06Z INFO  dt_instance] d0a71d84-b80f-4558-beac-8887750652e3 "46 jg4bBXw86bK5evsaU39h9sqLTNuaNaioCEJyXx8i0tUh2DU6CsK2Yg2aKci4B"
2020-09-22T10:39:06.555535234Z  [2020-09-22T10:39:06Z INFO  dt_instance] Inserted data for source d0a71d84-b80f-4558-beac-8887750652e3.
2020-09-22T10:39:06.606888359Z  [2020-09-22T10:39:06Z INFO  dt_instance] d0a71d84-b80f-4558-beac-8887750652e3 "47 5eJNN3noTMvLfBIaer2Mg2RfayEZh7BHwvEuZWnsQLJDtycrUcffC0QFTcZ09"
2020-09-22T10:39:06.616409080Z  [2020-09-22T10:39:06Z INFO  dt_instance] Inserted data for source d0a71d84-b80f-4558-beac-8887750652e3.
2020-09-22T10:39:06.667759795Z  [2020-09-22T10:39:06Z INFO  dt_instance] d0a71d84-b80f-4558-beac-8887750652e3 "48 8oZbnzBqpL6oMEgkPs7V4DuIFI6ZJpD685ToFMLP6l1ZJ77MrqpYbMVgp9hQj"
2020-09-22T10:39:06.680669762Z  [2020-09-22T10:39:06Z INFO  dt_instance] Inserted data for source d0a71d84-b80f-4558-beac-8887750652e3.
2020-09-22T10:39:06.732705066Z  [2020-09-22T10:39:06Z INFO  dt_instance] d0a71d84-b80f-4558-beac-8887750652e3 "49 29SKRdiVVfqakoFlIHgNz2QEkDDGhh0mEVhTmtb7He5LXUF7rPrbfCiEyu39n"
2020-09-22T10:39:06.743623533Z  [2020-09-22T10:39:06Z INFO  dt_instance] Inserted data for source d0a71d84-b80f-4558-beac-8887750652e3.
2020-09-22T10:39:06.795680251Z  [2020-09-22T10:39:06Z INFO  dt_instance] d0a71d84-b80f-4558-beac-8887750652e3 "50 KD6k1oYskA4UBGM1OJ1aX6pBqjeQIFwOnZlgz5p0PH37Pxf5UwrFh2ErUryB4"
2020-09-22T10:39:06.805025494Z  [2020-09-22T10:39:06Z INFO  dt_instance] Inserted data for source d0a71d84-b80f-4558-beac-8887750652e3.
2020-09-22T10:39:06.857016700Z  [2020-09-22T10:39:06Z INFO  dt_instance] d0a71d84-b80f-4558-beac-8887750652e3 "51 uJZWr0w4cORfXR1SFcvm8SZFlIqDRl1Ln5csJMoTOioXYhfB46pQnnFKmfgK9"
2020-09-22T10:39:06.867147104Z  [2020-09-22T10:39:06Z INFO  dt_instance] Inserted data for source d0a71d84-b80f-4558-beac-8887750652e3.
2020-09-22T10:39:06.919217780Z  [2020-09-22T10:39:06Z INFO  dt_instance] d0a71d84-b80f-4558-beac-8887750652e3 "52 RKgzIaaG7txk8C2SWqsnGbvyKCQi8LWTMZoUV5f06mKJMyKjz3CPg6JiPuJhn"
2020-09-22T10:39:06.936015042Z  [2020-09-22T10:39:06Z INFO  dt_instance] Inserted data for source d0a71d84-b80f-4558-beac-8887750652e3.
2020-09-22T10:39:06.988017675Z  [2020-09-22T10:39:06Z INFO  dt_instance] d0a71d84-b80f-4558-beac-8887750652e3 "53 DMmUW9zPUGBHc4YLZ5TfqmHTbnxh85Yhi0T3JbmIRoQXh6fhChAxk3NMO7ii0"
2020-09-22T10:39:07.015348806Z  [2020-09-22T10:39:07Z INFO  dt_instance] Inserted data for source d0a71d84-b80f-4558-beac-8887750652e3.
2020-09-22T10:39:07.067710698Z  [2020-09-22T10:39:07Z INFO  dt_instance] d0a71d84-b80f-4558-beac-8887750652e3 "54 lzxoGifqxbPCLtKrn52okMl73Bo9q1xHtVHgbMkhqfmFpI1WI6GCfTMvfrcEe"
2020-09-22T10:39:07.086569083Z  [2020-09-22T10:39:07Z INFO  dt_instance] Inserted data for source d0a71d84-b80f-4558-beac-8887750652e3.
2020-09-22T10:39:07.139108041Z  [2020-09-22T10:39:07Z INFO  dt_instance] d0a71d84-b80f-4558-beac-8887750652e3 "55 BGfH1vrVvtwEhbs2iAUcckW9ohxiaRBoIChkcYrHCUhmOAB9HFj5TrIg6t1aK"
2020-09-22T10:39:07.159486092Z  [2020-09-22T10:39:07Z INFO  dt_instance] Inserted data for source d0a71d84-b80f-4558-beac-8887750652e3.
2020-09-22T10:39:07.211223768Z  [2020-09-22T10:39:07Z INFO  dt_instance] d0a71d84-b80f-4558-beac-8887750652e3 "56 b0SmRsfdCAVw2wn0pHDkHDxNXNL3KffHCvDioyQ5E8arUe3yr3Wys3dTnUsVW"
2020-09-22T10:39:07.230084859Z  [2020-09-22T10:39:07Z INFO  dt_instance] Inserted data for source d0a71d84-b80f-4558-beac-8887750652e3.
2020-09-22T10:39:07.282545852Z  [2020-09-22T10:39:07Z INFO  dt_instance] d0a71d84-b80f-4558-beac-8887750652e3 "57 cl6Z8Oianj11WiPDqUgMSZed1PBvFJphIRYm4AP944Y8z3hFAdyJS1ZORt03R"
2020-09-22T10:39:07.308647517Z  [2020-09-22T10:39:07Z INFO  dt_instance] Inserted data for source d0a71d84-b80f-4558-beac-8887750652e3.
2020-09-22T10:39:07.360636724Z  [2020-09-22T10:39:07Z INFO  dt_instance] d0a71d84-b80f-4558-beac-8887750652e3 "58 tOmvfwKPfXxRsfrZue25wNERryUZeoguLNXYuUXeqGCx86sFn2cn7KdUywK4B"
2020-09-22T10:39:07.379656820Z  [2020-09-22T10:39:07Z INFO  dt_instance] Inserted data for source d0a71d84-b80f-4558-beac-8887750652e3.
2020-09-22T10:39:07.430692258Z  [2020-09-22T10:39:07Z INFO  dt_instance] d0a71d84-b80f-4558-beac-8887750652e3 "59 Jn9jJgx9VWsAd9C7hO6zkWZYuOp1BtsDfwkk6vdNt2E4GSGrYY8sWYUvokAim"
2020-09-22T10:39:07.452467715Z  [2020-09-22T10:39:07Z INFO  dt_instance] Inserted data for source d0a71d84-b80f-4558-beac-8887750652e3.
2020-09-22T10:39:07.505497901Z  [2020-09-22T10:39:07Z INFO  dt_instance] d0a71d84-b80f-4558-beac-8887750652e3 "60 nYdIx91nAKM5q3GmqTVyGtC5JYjLKvXkOk2fKsIVUs75wZ7rtOuMwgqqqG8bP"
2020-09-22T10:39:07.530767013Z  [2020-09-22T10:39:07Z INFO  dt_instance] Inserted data for source d0a71d84-b80f-4558-beac-8887750652e3.
2020-09-22T10:39:07.582777278Z  [2020-09-22T10:39:07Z INFO  dt_instance] d0a71d84-b80f-4558-beac-8887750652e3 "61 HY15ODlr970IqFGCPwC3kP9zkBhBiQE8I26NE1FH1SRYBoLNyFg2n2VLnZm4l"
2020-09-22T10:39:07.599425944Z  [2020-09-22T10:39:07Z INFO  dt_instance] Inserted data for source d0a71d84-b80f-4558-beac-8887750652e3.
2020-09-22T10:39:07.651642121Z  [2020-09-22T10:39:07Z INFO  dt_instance] d0a71d84-b80f-4558-beac-8887750652e3 "62 G9QTuwob3MxLcch3HhIv9GMRMC4CwDZrrRMptutNfkLzafaU2KGR69u1nDpXH"
2020-09-22T10:39:07.671247035Z  [2020-09-22T10:39:07Z INFO  dt_instance] Inserted data for source d0a71d84-b80f-4558-beac-8887750652e3.
2020-09-22T10:39:07.723328513Z  [2020-09-22T10:39:07Z INFO  dt_instance] d0a71d84-b80f-4558-beac-8887750652e3 "63 BHpIkrrmfQC0SeAHx5Z72U0qrLAxQJZwUgjAKex5Rh9eTtqrn0ByeT0lIvtep"
2020-09-22T10:39:07.751870152Z  [2020-09-22T10:39:07Z INFO  dt_instance] Inserted data for source d0a71d84-b80f-4558-beac-8887750652e3.
2020-09-22T10:39:07.803940440Z  [2020-09-22T10:39:07Z INFO  dt_instance] d0a71d84-b80f-4558-beac-8887750652e3 "64 bOSDv5Dbgps0tQTixs6K9ZZ0nu1UOaKE8zryNEM4MaCAiuWLGP7n3hGW06Ivr"
2020-09-22T10:39:07.824857963Z  [2020-09-22T10:39:07Z INFO  dt_instance] Inserted data for source d0a71d84-b80f-4558-beac-8887750652e3.
2020-09-22T10:39:07.875791619Z  [2020-09-22T10:39:07Z INFO  dt_instance] d0a71d84-b80f-4558-beac-8887750652e3 "65 CIkbBSKuvbq25dkrL6knYBYIskbgcvyEjztuM3GGivb7bjm58GSmoTjQANvWe"
2020-09-22T10:39:07.898878986Z  [2020-09-22T10:39:07Z INFO  dt_instance] Inserted data for source d0a71d84-b80f-4558-beac-8887750652e3.
2020-09-22T10:39:07.952289847Z  [2020-09-22T10:39:07Z INFO  dt_instance] d0a71d84-b80f-4558-beac-8887750652e3 "66 3sM4wWKRVFzCnAYIXrifUKQnOXxeSgbFJUclutTmmilnKbSyltOD5XCJbQhnH"
2020-09-22T10:39:07.972832865Z  [2020-09-22T10:39:07Z INFO  dt_instance] Inserted data for source d0a71d84-b80f-4558-beac-8887750652e3.
2020-09-22T10:39:08.025034233Z  [2020-09-22T10:39:08Z INFO  dt_instance] d0a71d84-b80f-4558-beac-8887750652e3 "67 bXoCASrIJqiREiwBigbyxXPk4GZYogjqW999Il8VlwSBJP4KLNjRbRRciNizg"
2020-09-22T10:39:08.045021108Z  [2020-09-22T10:39:08Z INFO  dt_instance] Inserted data for source d0a71d84-b80f-4558-beac-8887750652e3.
2020-09-22T10:39:08.097222260Z  [2020-09-22T10:39:08Z INFO  dt_instance] d0a71d84-b80f-4558-beac-8887750652e3 "68 AGmB128o5Zplur5H8Khz5msgTwEZYMgcwbesiKWTT67YwhY7yFeLvEYxibREB"
2020-09-22T10:39:08.118741647Z  [2020-09-22T10:39:08Z INFO  dt_instance] Inserted data for source d0a71d84-b80f-4558-beac-8887750652e3.
2020-09-22T10:39:08.171479180Z  [2020-09-22T10:39:08Z INFO  dt_instance] d0a71d84-b80f-4558-beac-8887750652e3 "69 nd1xARbG4JpLcvm7ZCMeALzPp72dwRtQMdRPeT7CXzX95S6zFzMgBFjLcfKwz"
2020-09-22T10:39:08.192244935Z  [2020-09-22T10:39:08Z INFO  dt_instance] Inserted data for source d0a71d84-b80f-4558-beac-8887750652e3.
2020-09-22T10:39:08.244128740Z  [2020-09-22T10:39:08Z INFO  dt_instance] d0a71d84-b80f-4558-beac-8887750652e3 "70 WA2Vs1Wmq86GHOlXfJKOiwlGBTq4ByyzgLQ5Bp6802fmkPF56pkebtzimzDpM"
2020-09-22T10:39:08.265366815Z  [2020-09-22T10:39:08Z INFO  dt_instance] Inserted data for source d0a71d84-b80f-4558-beac-8887750652e3.
2020-09-22T10:39:08.317566662Z  [2020-09-22T10:39:08Z INFO  dt_instance] d0a71d84-b80f-4558-beac-8887750652e3 "71 XsVNinog1Jzqa7AxpyDZP6Grf8X31OptonH2HdjCI8BsLbvF0k8hDOAOw3NmI"
2020-09-22T10:39:08.348663256Z  [2020-09-22T10:39:08Z INFO  dt_instance] Inserted data for source d0a71d84-b80f-4558-beac-8887750652e3.
2020-09-22T10:39:08.399594044Z  [2020-09-22T10:39:08Z INFO  dt_instance] d0a71d84-b80f-4558-beac-8887750652e3 "72 nIjWChhKhdUWHwZQxR7YUr6bmN9Lm662Pef7PhMftCec5z51KVP4W6wkoQ9T5"
2020-09-22T10:39:08.419105497Z  [2020-09-22T10:39:08Z INFO  dt_instance] Inserted data for source d0a71d84-b80f-4558-beac-8887750652e3.
2020-09-22T10:39:08.471523898Z  [2020-09-22T10:39:08Z INFO  dt_instance] d0a71d84-b80f-4558-beac-8887750652e3 "73 cWHzxXOJnD5cykR24vtS7qZjzDZcL9RiBFM0wbx8h73WiItWs0bBxX3Kcobh2"
2020-09-22T10:39:08.492918997Z  [2020-09-22T10:39:08Z INFO  dt_instance] Inserted data for source d0a71d84-b80f-4558-beac-8887750652e3.
2020-09-22T10:39:08.544722546Z  [2020-09-22T10:39:08Z INFO  dt_instance] d0a71d84-b80f-4558-beac-8887750652e3 "74 HNYzT0caCC5ODxoHA7mmW5bDforDmoO963Ikrs6kfOIowGYibTXlwjmuPp2hN"
2020-09-22T10:39:08.565081277Z  [2020-09-22T10:39:08Z INFO  dt_instance] Inserted data for source d0a71d84-b80f-4558-beac-8887750652e3.
2020-09-22T10:39:08.617119084Z  [2020-09-22T10:39:08Z INFO  dt_instance] d0a71d84-b80f-4558-beac-8887750652e3 "75 FE799YR2SBOWlllqfRebVh7uzhBFwTcYUyEg1QN3iQKZM5y6kYcmOOUuPOQZd"
2020-09-22T10:39:08.637129856Z  [2020-09-22T10:39:08Z INFO  dt_instance] Inserted data for source d0a71d84-b80f-4558-beac-8887750652e3.
2020-09-22T10:39:08.689126395Z  [2020-09-22T10:39:08Z INFO  dt_instance] d0a71d84-b80f-4558-beac-8887750652e3 "76 1wTp1rCcpqRbn4kkWNQxJITdGrKL7SSO0aDnD9BK1Sonf5XwPYbnxB4NZtT9N"
2020-09-22T10:39:08.703414867Z  [2020-09-22T10:39:08Z INFO  dt_instance] Inserted data for source d0a71d84-b80f-4558-beac-8887750652e3.
2020-09-22T10:39:08.755340600Z  [2020-09-22T10:39:08Z INFO  dt_instance] d0a71d84-b80f-4558-beac-8887750652e3 "77 FswKL3y1YrVkrOp1KG0lK0MOxLfR7dtFn9WlU9MtW0kGn6jm99tlPzVPLfCmr"
2020-09-22T10:39:08.768725949Z  [2020-09-22T10:39:08Z INFO  dt_instance] Inserted data for source d0a71d84-b80f-4558-beac-8887750652e3.
2020-09-22T10:39:08.819724388Z  [2020-09-22T10:39:08Z INFO  dt_instance] d0a71d84-b80f-4558-beac-8887750652e3 "78 iwuhh2uTEuIJfnjGYDy9Or2nWx9SE5PsrNC7qaaUzSeahHTny6U1it5E4WU5F"
2020-09-22T10:39:08.833701605Z  [2020-09-22T10:39:08Z INFO  dt_instance] Inserted data for source d0a71d84-b80f-4558-beac-8887750652e3.
2020-09-22T10:39:08.884642427Z  [2020-09-22T10:39:08Z INFO  dt_instance] d0a71d84-b80f-4558-beac-8887750652e3 "79 cw0tUtFuUBQnTSNHa3uzmZ95tQqpqX7MG8Em4JMhIZPBTPJ8HyNmGz5GLbdAn"
2020-09-22T10:39:08.901679267Z  [2020-09-22T10:39:08Z INFO  dt_instance] Inserted data for source d0a71d84-b80f-4558-beac-8887750652e3.
2020-09-22T10:39:08.952610425Z  [2020-09-22T10:39:08Z INFO  dt_instance] d0a71d84-b80f-4558-beac-8887750652e3 "80 sTaHfBxcK5tOeJdovX2kmuR6jN1eJbKRU7w2PT7k40FqF6gCc2HtcnmH6mibo"
2020-09-22T10:39:08.970407133Z  [2020-09-22T10:39:08Z INFO  dt_instance] Inserted data for source d0a71d84-b80f-4558-beac-8887750652e3.
2020-09-22T10:39:09.022448349Z  [2020-09-22T10:39:09Z INFO  dt_instance] d0a71d84-b80f-4558-beac-8887750652e3 "81 QENjXcF8gtqiSCZbJsylRjhTmkW2W9TlAyjrfsxmrTZrdt5A9rhALofLBpHxD"
2020-09-22T10:39:09.041415783Z  [2020-09-22T10:39:09Z INFO  dt_instance] Inserted data for source d0a71d84-b80f-4558-beac-8887750652e3.
2020-09-22T10:39:09.093409290Z  [2020-09-22T10:39:09Z INFO  dt_instance] d0a71d84-b80f-4558-beac-8887750652e3 "82 vBfHqmDIokCQLH34aeQY5UnqL3K8fVBUJtzmIrZxX3c1JlQFk3FnKHtHjguJO"
2020-09-22T10:39:09.112141720Z  [2020-09-22T10:39:09Z INFO  dt_instance] Inserted data for source d0a71d84-b80f-4558-beac-8887750652e3.
2020-09-22T10:39:09.164546166Z  [2020-09-22T10:39:09Z INFO  dt_instance] d0a71d84-b80f-4558-beac-8887750652e3 "83 vf7TcuyZMMPAafv6EzplJiUuYJ0t4mDvg2Lk4KnOCrKjSpLzaDkNVgRKj3X2L"
2020-09-22T10:39:09.183592536Z  [2020-09-22T10:39:09Z INFO  dt_instance] Inserted data for source d0a71d84-b80f-4558-beac-8887750652e3.
2020-09-22T10:39:09.235458744Z  [2020-09-22T10:39:09Z INFO  dt_instance] d0a71d84-b80f-4558-beac-8887750652e3 "84 GUEo28qL5eeVfLR1cJzaICdmap9lJfOIihPiowSzDPGHjfNlVRj5mIDwOcs3g"
2020-09-22T10:39:09.254840608Z  [2020-09-22T10:39:09Z INFO  dt_instance] Inserted data for source d0a71d84-b80f-4558-beac-8887750652e3.
2020-09-22T10:39:09.306753119Z  [2020-09-22T10:39:09Z INFO  dt_instance] d0a71d84-b80f-4558-beac-8887750652e3 "85 y7mkZWAReDXyyUwqWxqCZeDt6lgaOaOCoxp8KaHBU3WtcrErU63DSBdlO3NAu"
2020-09-22T10:39:09.330598582Z  [2020-09-22T10:39:09Z INFO  dt_instance] Inserted data for source d0a71d84-b80f-4558-beac-8887750652e3.
2020-09-22T10:39:09.382544800Z  [2020-09-22T10:39:09Z INFO  dt_instance] d0a71d84-b80f-4558-beac-8887750652e3 "86 lcx7aSoqitWI0RZQVsaIAgOTW4tbS401N2uOPPS0dhkeoFJdiD3H4AFhxJIpn"
2020-09-22T10:39:09.401176294Z  [2020-09-22T10:39:09Z INFO  dt_instance] Inserted data for source d0a71d84-b80f-4558-beac-8887750652e3.
2020-09-22T10:39:09.453377364Z  [2020-09-22T10:39:09Z INFO  dt_instance] d0a71d84-b80f-4558-beac-8887750652e3 "87 ZZXfQtJJcG49Z8D0l0WWPhYQuwi306TGqewsSajWHmUWkmb11hGrKD2ZylcgO"
2020-09-22T10:39:09.472964385Z  [2020-09-22T10:39:09Z INFO  dt_instance] Inserted data for source d0a71d84-b80f-4558-beac-8887750652e3.
2020-09-22T10:39:09.525137000Z  [2020-09-22T10:39:09Z INFO  dt_instance] d0a71d84-b80f-4558-beac-8887750652e3 "88 4R6op2Yxx7pjbyD2TVd3itfqVdTEij2ymz79w3Z8DdprC0qikdXik5uRbUYjh"
2020-09-22T10:39:09.549129557Z  [2020-09-22T10:39:09Z INFO  dt_instance] Inserted data for source d0a71d84-b80f-4558-beac-8887750652e3.
2020-09-22T10:39:09.601124134Z  [2020-09-22T10:39:09Z INFO  dt_instance] d0a71d84-b80f-4558-beac-8887750652e3 "89 ft2VdB4WhIMECxtEmhTzqLQWr2KR7fFVBdina0ZpnrAMoJS4ceKLkZS23gdh8"
2020-09-22T10:39:09.623982656Z  [2020-09-22T10:39:09Z INFO  dt_instance] Inserted data for source d0a71d84-b80f-4558-beac-8887750652e3.
2020-09-22T10:39:09.676135775Z  [2020-09-22T10:39:09Z INFO  dt_instance] d0a71d84-b80f-4558-beac-8887750652e3 "90 TUhxAukFAM25uJvCNrQ6pI1oXYpxovuiUfd1vDfV3PQQiOf5Ucg3R1QkTk0R3"
2020-09-22T10:39:09.703775581Z  [2020-09-22T10:39:09Z INFO  dt_instance] Inserted data for source d0a71d84-b80f-4558-beac-8887750652e3.
2020-09-22T10:39:09.755579429Z  [2020-09-22T10:39:09Z INFO  dt_instance] d0a71d84-b80f-4558-beac-8887750652e3 "91 8yrVuxrVdbYP9pz9ae7Ryj0UqPQx3trlNHbPok3XWnV11lQ26Wvkj4rk0u5nH"
2020-09-22T10:39:09.773125031Z  [2020-09-22T10:39:09Z INFO  dt_instance] Inserted data for source d0a71d84-b80f-4558-beac-8887750652e3.
2020-09-22T10:39:09.826165758Z  [2020-09-22T10:39:09Z INFO  dt_instance] d0a71d84-b80f-4558-beac-8887750652e3 "92 kJveCvHO9hNmbENCnwuT0395wjMPfcMFsm7FK0zo97rWRpnDocE5qewDoH4tE"
2020-09-22T10:39:09.846211438Z  [2020-09-22T10:39:09Z INFO  dt_instance] Inserted data for source d0a71d84-b80f-4558-beac-8887750652e3.
2020-09-22T10:39:09.898224686Z  [2020-09-22T10:39:09Z INFO  dt_instance] d0a71d84-b80f-4558-beac-8887750652e3 "93 Ob9VV1uWoOqf6R6cpIleg7jpalwnWzn41ajgRaOJUzH9hIH8xtfOAaD8xRnbe"
2020-09-22T10:39:09.914408824Z  [2020-09-22T10:39:09Z INFO  dt_instance] Inserted data for source d0a71d84-b80f-4558-beac-8887750652e3.
2020-09-22T10:39:09.966525395Z  [2020-09-22T10:39:09Z INFO  dt_instance] d0a71d84-b80f-4558-beac-8887750652e3 "94 9xe98J6OJK8Nl3toklln8TisDmSJQovBOcpy1A7nXnu1fXfqFkma1RaEUUCIl"
2020-09-22T10:39:09.984750341Z  [2020-09-22T10:39:09Z INFO  dt_instance] Inserted data for source d0a71d84-b80f-4558-beac-8887750652e3.
2020-09-22T10:39:10.036960289Z  [2020-09-22T10:39:10Z INFO  dt_instance] d0a71d84-b80f-4558-beac-8887750652e3 "95 CvWDDka2hzRk5IOYyvwuKJHO9PoXttR6TX34lHw2TEPKzlE8YNC93CQSOBDVP"
2020-09-22T10:39:10.051834179Z  [2020-09-22T10:39:10Z INFO  dt_instance] Inserted data for source d0a71d84-b80f-4558-beac-8887750652e3.
2020-09-22T10:39:10.104483621Z  [2020-09-22T10:39:10Z INFO  dt_instance] d0a71d84-b80f-4558-beac-8887750652e3 "96 SmDf3rQVodnFT3jaMScJAA1ZCffKf8BOsZzkAzQGFlLE3RL2H3gcdtt9oj6QV"
2020-09-22T10:39:10.121168485Z  [2020-09-22T10:39:10Z INFO  dt_instance] Inserted data for source d0a71d84-b80f-4558-beac-8887750652e3.
2020-09-22T10:39:10.173085708Z  [2020-09-22T10:39:10Z INFO  dt_instance] d0a71d84-b80f-4558-beac-8887750652e3 "97 fno4NTEgJ0bVddWYR7WhLxhYPCiH7g1TP6H1BwckKkwBrTQTfRJlWffuX1jDa"
2020-09-22T10:39:10.186401844Z  [2020-09-22T10:39:10Z INFO  dt_instance] Inserted data for source d0a71d84-b80f-4558-beac-8887750652e3.
2020-09-22T10:39:10.238571806Z  [2020-09-22T10:39:10Z INFO  dt_instance] d0a71d84-b80f-4558-beac-8887750652e3 "98 LsViYyWYNTZQHhpTLtwDgy4voCoXS3KzA4UXhw8Ta1sUUS0dSxuWEhnnz0W4h"
2020-09-22T10:39:10.256863446Z  [2020-09-22T10:39:10Z INFO  dt_instance] Inserted data for source d0a71d84-b80f-4558-beac-8887750652e3.
2020-09-22T10:39:10.308995526Z  [2020-09-22T10:39:10Z INFO  dt_instance] d0a71d84-b80f-4558-beac-8887750652e3 "99 8KX4TUkL4XzCISBuGu4cQTWFmXLFSbt2i5hENW600yl92hcdNwLUOfhmwvAQc"
2020-09-22T10:39:10.327820180Z  [2020-09-22T10:39:10Z INFO  dt_instance] Inserted data for source d0a71d84-b80f-4558-beac-8887750652e3.
2020-09-22T10:39:10.379949376Z  [2020-09-22T10:39:10Z INFO  dt_instance] d0a71d84-b80f-4558-beac-8887750652e3 "100 T8RUSM9OZZwjYN16zEpGGLe1c1BGJ6AswjK1Wjb3Bb39qyAsUxwMzoaHTQKx"
2020-09-22T10:39:10.399042656Z  [2020-09-22T10:39:10Z INFO  dt_instance] Inserted data for source d0a71d84-b80f-4558-beac-8887750652e3.
2020-09-22T10:39:10.451161420Z  [2020-09-22T10:39:10Z INFO  dt_instance] d0a71d84-b80f-4558-beac-8887750652e3 "101 lY2Z0JDCtEomUaomRxmN4gMPnbfs4Tj4763tmvmbtVN4nyUl8sKM0jawjMYS"
2020-09-22T10:39:10.471390744Z  [2020-09-22T10:39:10Z INFO  dt_instance] Inserted data for source d0a71d84-b80f-4558-beac-8887750652e3.
2020-09-22T10:39:10.524774604Z  [2020-09-22T10:39:10Z INFO  dt_instance] d0a71d84-b80f-4558-beac-8887750652e3 "102 IjPOCckSWr9KW6M1w1gLG2MzQFXB4PdXoPwoxQq5WCCBPORuqgB4RzYjKOxb"
2020-09-22T10:39:10.545563165Z  [2020-09-22T10:39:10Z INFO  dt_instance] Inserted data for source d0a71d84-b80f-4558-beac-8887750652e3.
2020-09-22T10:39:10.596703832Z  [2020-09-22T10:39:10Z INFO  dt_instance] d0a71d84-b80f-4558-beac-8887750652e3 "103 khyfnFDHlIGuluEw6gmEiwVIOLlS7r7p3T3iUZcpDiNchK71CZ6D3y377Sf0"
2020-09-22T10:39:10.613809458Z  [2020-09-22T10:39:10Z INFO  dt_instance] Inserted data for source d0a71d84-b80f-4558-beac-8887750652e3.
2020-09-22T10:39:10.665989526Z  [2020-09-22T10:39:10Z INFO  dt_instance] d0a71d84-b80f-4558-beac-8887750652e3 "104 uln2r1RBuwA5P1nLqpyPrgbLKYrzhIUUrk0CJ1zrIZIIvAP6DqLVAR2mpQeR"
2020-09-22T10:39:10.686500047Z  [2020-09-22T10:39:10Z INFO  dt_instance] Inserted data for source d0a71d84-b80f-4558-beac-8887750652e3.
2020-09-22T10:39:10.738864053Z  [2020-09-22T10:39:10Z INFO  dt_instance] d0a71d84-b80f-4558-beac-8887750652e3 "105 KCUjSmRDZwQpOfzftvyIj9zZEnElMB9HAFewMBeL7guv03bP9mowcHQTyc0z"
2020-09-22T10:39:10.754424903Z  [2020-09-22T10:39:10Z INFO  dt_instance] Inserted data for source d0a71d84-b80f-4558-beac-8887750652e3.
2020-09-22T10:39:10.807448022Z  [2020-09-22T10:39:10Z INFO  dt_instance] d0a71d84-b80f-4558-beac-8887750652e3 "106 9zwNBSGa4qk53fsgTRFbHVfe9u68OAJCTei2ul0B2m9x6Jg27hBpNaKKrpOh"
2020-09-22T10:39:10.823814767Z  [2020-09-22T10:39:10Z INFO  dt_instance] Inserted data for source d0a71d84-b80f-4558-beac-8887750652e3.
2020-09-22T10:39:10.875206596Z  [2020-09-22T10:39:10Z INFO  dt_instance] d0a71d84-b80f-4558-beac-8887750652e3 "107 V8n8560TYVj8y8PUqJvEo2zd2mWNFRkey1g90KNNrMaWopFXS3pmhMGqkQHh"
2020-09-22T10:39:10.889235750Z  [2020-09-22T10:39:10Z INFO  dt_instance] Inserted data for source d0a71d84-b80f-4558-beac-8887750652e3.
2020-09-22T10:39:10.941323800Z  [2020-09-22T10:39:10Z INFO  dt_instance] d0a71d84-b80f-4558-beac-8887750652e3 "108 Xp7H8aXKYQs2GkmGa8ZvmSEuIyZSC40SmkHSWEpIxsOhulUTdzfCMBFmD2d2"
2020-09-22T10:39:10.961125783Z  [2020-09-22T10:39:10Z INFO  dt_instance] Inserted data for source d0a71d84-b80f-4558-beac-8887750652e3.
2020-09-22T10:39:11.013261508Z  [2020-09-22T10:39:11Z INFO  dt_instance] d0a71d84-b80f-4558-beac-8887750652e3 "109 0rWmWxyes2zyu65Op5gWmPGWKMLBC5Gmpi5BXRKHXgagNQfeIBz07ps07pm0"
2020-09-22T10:39:11.030364366Z  [2020-09-22T10:39:11Z INFO  dt_instance] Inserted data for source d0a71d84-b80f-4558-beac-8887750652e3.
2020-09-22T10:39:11.082661514Z  [2020-09-22T10:39:11Z INFO  dt_instance] d0a71d84-b80f-4558-beac-8887750652e3 "110 vB3vzQ2Y3QfgbJ069kvg9f6WJhrrdwMz5z4EYe2JbxEA3eQPDmT0qVouKMRc"
2020-09-22T10:39:11.100851892Z  [2020-09-22T10:39:11Z INFO  dt_instance] Inserted data for source d0a71d84-b80f-4558-beac-8887750652e3.
2020-09-22T10:39:11.152795480Z  [2020-09-22T10:39:11Z INFO  dt_instance] d0a71d84-b80f-4558-beac-8887750652e3 "111 DAzc09Tow8wzY3Aycv6VMhC6OHMcQ95YugKN23c6eOpRSVnlvlbOyi4cMOlS"
2020-09-22T10:39:11.175010313Z  [2020-09-22T10:39:11Z INFO  dt_instance] Inserted data for source d0a71d84-b80f-4558-beac-8887750652e3.
2020-09-22T10:39:11.227032944Z  [2020-09-22T10:39:11Z INFO  dt_instance] d0a71d84-b80f-4558-beac-8887750652e3 "112 xwOdjIhffyEE6n2QpTS9pdoxoMSYUYYgpUy99qVd9dl9QsyVm6u1tIMUcTFz"
2020-09-22T10:39:11.246557659Z  [2020-09-22T10:39:11Z INFO  dt_instance] Inserted data for source d0a71d84-b80f-4558-beac-8887750652e3.
2020-09-22T10:39:11.298829928Z  [2020-09-22T10:39:11Z INFO  dt_instance] d0a71d84-b80f-4558-beac-8887750652e3 "113 TOLtMd24qqKn3bdqMB0KctqPXi1voNDYqMS1v5eM81sC1eyb0AezbNAjKAo3"
2020-09-22T10:39:11.319797276Z  [2020-09-22T10:39:11Z INFO  dt_instance] Inserted data for source d0a71d84-b80f-4558-beac-8887750652e3.
2020-09-22T10:39:11.372200960Z  [2020-09-22T10:39:11Z INFO  dt_instance] d0a71d84-b80f-4558-beac-8887750652e3 "114 OCpkrTgm3QKt9okkLio6Lrbc0rXvkFBvLuaCHQfnAA1LCh2gi5EGojzFlTXK"
2020-09-22T10:39:11.393881659Z  [2020-09-22T10:39:11Z INFO  dt_instance] Inserted data for source d0a71d84-b80f-4558-beac-8887750652e3.
2020-09-22T10:39:11.446026426Z  [2020-09-22T10:39:11Z INFO  dt_instance] d0a71d84-b80f-4558-beac-8887750652e3 "115 EgLsw8ufroCuiI7OQDvEAA0u2pMVBVY8gVFjgEbKl2riyYaUtVWEiqtmLkCk"
2020-09-22T10:39:11.474010377Z  [2020-09-22T10:39:11Z INFO  dt_instance] Inserted data for source d0a71d84-b80f-4558-beac-8887750652e3.
2020-09-22T10:39:11.526195853Z  [2020-09-22T10:39:11Z INFO  dt_instance] d0a71d84-b80f-4558-beac-8887750652e3 "116 Hy1Wz3QqOEj0fpOPpqQ2LKrvGBpsbljH0JJOipzrS1rFDq8fykJFGnR5OGYP"
2020-09-22T10:39:11.544637418Z  [2020-09-22T10:39:11Z INFO  dt_instance] Inserted data for source d0a71d84-b80f-4558-beac-8887750652e3.
2020-09-22T10:39:11.596029927Z  [2020-09-22T10:39:11Z INFO  dt_instance] d0a71d84-b80f-4558-beac-8887750652e3 "117 1VhtUuy2L4BK7jxWMRuuaNUZbk4dveUPCxU0XgzMqanauYtawVK0sRNAWQnR"
2020-09-22T10:39:11.616809353Z  [2020-09-22T10:39:11Z INFO  dt_instance] Inserted data for source d0a71d84-b80f-4558-beac-8887750652e3.
2020-09-22T10:39:11.669021732Z  [2020-09-22T10:39:11Z INFO  dt_instance] d0a71d84-b80f-4558-beac-8887750652e3 "118 sImSX1yZ86iD9eHz0tNmBZDCkj3pPhauCPDt5BhKuUIpJTuoC5YoRRIzK0gy"
2020-09-22T10:39:11.685286372Z  [2020-09-22T10:39:11Z INFO  dt_instance] Inserted data for source d0a71d84-b80f-4558-beac-8887750652e3.
2020-09-22T10:39:11.737124145Z  [2020-09-22T10:39:11Z INFO  dt_instance] d0a71d84-b80f-4558-beac-8887750652e3 "119 RUvC1v0jYzCLzxhdeCfSGPe2X2McSO02SGBpSD8zP5vxJuBHO2HE1RxsFs9e"
2020-09-22T10:39:11.757612346Z  [2020-09-22T10:39:11Z INFO  dt_instance] Inserted data for source d0a71d84-b80f-4558-beac-8887750652e3.
2020-09-22T10:39:11.808942018Z  [2020-09-22T10:39:11Z INFO  dt_instance] d0a71d84-b80f-4558-beac-8887750652e3 "120 vltrswY7YTYL93IKsLQMibiuthsHwJGM6aUhBserAlcdS76iaEvF51qAF58Y"
2020-09-22T10:39:11.828953483Z  [2020-09-22T10:39:11Z INFO  dt_instance] Inserted data for source d0a71d84-b80f-4558-beac-8887750652e3.
2020-09-22T10:39:11.881256847Z  [2020-09-22T10:39:11Z INFO  dt_instance] d0a71d84-b80f-4558-beac-8887750652e3 "121 7Oit6duHsNwDGAXOSBQXzzSMhSZNr2ZNIc8tfdQcclg5GP6Hfeq54C0Q8cXg"
2020-09-22T10:39:11.899993949Z  [2020-09-22T10:39:11Z INFO  dt_instance] Inserted data for source d0a71d84-b80f-4558-beac-8887750652e3.
2020-09-22T10:39:11.952015372Z  [2020-09-22T10:39:11Z INFO  dt_instance] d0a71d84-b80f-4558-beac-8887750652e3 "122 BFpdb6KofcOIG1TZQ865jQmezfJOr1sjBwKxBTAD5ZSC7nozgHPb9woD2IXk"
2020-09-22T10:39:11.972208725Z  [2020-09-22T10:39:11Z INFO  dt_instance] Inserted data for source d0a71d84-b80f-4558-beac-8887750652e3.
2020-09-22T10:39:12.023972075Z  [2020-09-22T10:39:12Z INFO  dt_instance] d0a71d84-b80f-4558-beac-8887750652e3 "123 EyuLGAKNSHls2ij3scUgafeYTeTDvSFz7gAUzB6wZkGGFC0oRoiphOI7VkKZ"
2020-09-22T10:39:12.043770398Z  [2020-09-22T10:39:12Z INFO  dt_instance] Inserted data for source d0a71d84-b80f-4558-beac-8887750652e3.
2020-09-22T10:39:12.094584774Z  [2020-09-22T10:39:12Z INFO  dt_instance] d0a71d84-b80f-4558-beac-8887750652e3 "124 ePM69njyeUEkHun6vW9c9DOARUxif3xXmS2zUvxEohj7RYOWCO3hBONJgdR4"
2020-09-22T10:39:12.114248198Z  [2020-09-22T10:39:12Z INFO  dt_instance] Inserted data for source d0a71d84-b80f-4558-beac-8887750652e3.
2020-09-22T10:39:12.166869444Z  [2020-09-22T10:39:12Z INFO  dt_instance] d0a71d84-b80f-4558-beac-8887750652e3 "125 KRyiHfIcQCZuwCrjJGXuOcJyj2djHoTfK3c4qYJgMKL5rC4xd6qr2nOYSznc"
2020-09-22T10:39:12.181365911Z  [2020-09-22T10:39:12Z INFO  dt_instance] Inserted data for source d0a71d84-b80f-4558-beac-8887750652e3.
2020-09-22T10:39:12.233354306Z  [2020-09-22T10:39:12Z INFO  dt_instance] d0a71d84-b80f-4558-beac-8887750652e3 "126 Sj3sgNGHRDFq0P9QbCrn3tK8MWL8n1nfLEVFEffzYsLMzSjQuR5ew4S1XNuD"
2020-09-22T10:39:12.251152918Z  [2020-09-22T10:39:12Z INFO  dt_instance] Inserted data for source d0a71d84-b80f-4558-beac-8887750652e3.
2020-09-22T10:39:12.302525929Z  [2020-09-22T10:39:12Z INFO  dt_instance] d0a71d84-b80f-4558-beac-8887750652e3 "127 Cda4OixuVQT2jwktpvjb2TamcmTjtTL8p0fwEPn1XKoZ0nL8NpR3A5DAKiPo"
2020-09-22T10:39:12.319163743Z  [2020-09-22T10:39:12Z INFO  dt_instance] Inserted data for source d0a71d84-b80f-4558-beac-8887750652e3.
2020-09-22T10:39:12.371040736Z  [2020-09-22T10:39:12Z INFO  dt_instance] d0a71d84-b80f-4558-beac-8887750652e3 "128 ZPmfX5kmuBZ3abPGA50Ki6fasKm7NwX1Y2kZZuLtKoog4JTCakkSrgBQvMyh"
2020-09-22T10:39:12.385153887Z  [2020-09-22T10:39:12Z INFO  dt_instance] Inserted data for source d0a71d84-b80f-4558-beac-8887750652e3.
2020-09-22T10:39:12.436990970Z  [2020-09-22T10:39:12Z INFO  dt_instance] d0a71d84-b80f-4558-beac-8887750652e3 "129 ABHhU45QHSs8mA2gthhHlsEmWPvFFZvoUJSSlBOXk7d4uehS40xc6iIBtjj7"
2020-09-22T10:39:12.453962790Z  [2020-09-22T10:39:12Z INFO  dt_instance] Inserted data for source d0a71d84-b80f-4558-beac-8887750652e3.
2020-09-22T10:39:12.506078029Z  [2020-09-22T10:39:12Z INFO  dt_instance] d0a71d84-b80f-4558-beac-8887750652e3 "130 HPPQiCNOSLCsm4yyw2XPtXp7R59IyMmNjYgDPOPI4YIFMYbQnxLtx5fN8Czx"
2020-09-22T10:39:12.523615362Z  [2020-09-22T10:39:12Z INFO  dt_instance] Inserted data for source d0a71d84-b80f-4558-beac-8887750652e3.
2020-09-22T10:39:12.574688200Z  [2020-09-22T10:39:12Z INFO  dt_instance] d0a71d84-b80f-4558-beac-8887750652e3 "131 4yQCfmDbmVsKTKCIS6aY9ysh3yAQ5ZQpvjwX1KS7B9raHad9LmhdYZd8slZc"
2020-09-22T10:39:12.593105888Z  [2020-09-22T10:39:12Z INFO  dt_instance] Inserted data for source d0a71d84-b80f-4558-beac-8887750652e3.
2020-09-22T10:39:12.645237073Z  [2020-09-22T10:39:12Z INFO  dt_instance] d0a71d84-b80f-4558-beac-8887750652e3 "132 RoRKAYHqFLYlxalWf3cMBtPaXH1iSeB5c2tGHVmOk6QzwTv5jxbKhn97ATVS"
2020-09-22T10:39:12.660441381Z  [2020-09-22T10:39:12Z INFO  dt_instance] Inserted data for source d0a71d84-b80f-4558-beac-8887750652e3.
2020-09-22T10:39:12.712601477Z  [2020-09-22T10:39:12Z INFO  dt_instance] d0a71d84-b80f-4558-beac-8887750652e3 "133 5MDYuoixKFg7AKdDvXVmML850zyoXS63Kcct4FchBgA7zVDMYz7KPHpnajgJ"
2020-09-22T10:39:12.730470041Z  [2020-09-22T10:39:12Z INFO  dt_instance] Inserted data for source d0a71d84-b80f-4558-beac-8887750652e3.
2020-09-22T10:39:12.782772462Z  [2020-09-22T10:39:12Z INFO  dt_instance] d0a71d84-b80f-4558-beac-8887750652e3 "134 hdjf7rCXNpFaU9iqo4oRyYrAEluA0AExoUPC3omdfs4E1977IWjCXXUD8z8K"
2020-09-22T10:39:12.800979361Z  [2020-09-22T10:39:12Z INFO  dt_instance] Inserted data for source d0a71d84-b80f-4558-beac-8887750652e3.
2020-09-22T10:39:12.852907900Z  [2020-09-22T10:39:12Z INFO  dt_instance] d0a71d84-b80f-4558-beac-8887750652e3 "135 0S5kDvsjeihGmWjJvdMUnNwVRaJaAR5ZRBhRSpEkRRDmLtWYGTN8wz1FfBgt"
2020-09-22T10:39:12.871997707Z  [2020-09-22T10:39:12Z INFO  dt_instance] Inserted data for source d0a71d84-b80f-4558-beac-8887750652e3.
2020-09-22T10:39:12.924422115Z  [2020-09-22T10:39:12Z INFO  dt_instance] d0a71d84-b80f-4558-beac-8887750652e3 "136 dMUPGbvREz2kIfHx4kZa7ZHqqJJR8DydFKfQitb49KM0tEx2KYhfVvi0Ygxx"
2020-09-22T10:39:12.942466172Z  [2020-09-22T10:39:12Z INFO  dt_instance] Inserted data for source d0a71d84-b80f-4558-beac-8887750652e3.
2020-09-22T10:39:12.995070379Z  [2020-09-22T10:39:12Z INFO  dt_instance] d0a71d84-b80f-4558-beac-8887750652e3 "137 XGKNT3YNc4FB30G4Vdf0X0IaQtBPV0VF8DLAL1jMK4e9kv58cbnVLQNef5cG"
2020-09-22T10:39:13.010264502Z  [2020-09-22T10:39:13Z INFO  dt_instance] Inserted data for source d0a71d84-b80f-4558-beac-8887750652e3.
2020-09-22T10:39:13.062174778Z  [2020-09-22T10:39:13Z INFO  dt_instance] d0a71d84-b80f-4558-beac-8887750652e3 "138 IL5phAx7ZPXC8qL4kuhPoXOZZnxAwcCW9TAUG1U7Inpd3wOL0UDjcubgA9zz"
2020-09-22T10:39:13.080619512Z  [2020-09-22T10:39:13Z INFO  dt_instance] Inserted data for source d0a71d84-b80f-4558-beac-8887750652e3.
2020-09-22T10:39:13.132644818Z  [2020-09-22T10:39:13Z INFO  dt_instance] d0a71d84-b80f-4558-beac-8887750652e3 "139 uZ2Vk0gD5lhdhQw7pYgNa3WPq9wIxLsba9rOnAulEEYAhE6EVijsRrVpamla"
2020-09-22T10:39:13.148385286Z  [2020-09-22T10:39:13Z INFO  dt_instance] Inserted data for source d0a71d84-b80f-4558-beac-8887750652e3.
2020-09-22T10:39:13.200347005Z  [2020-09-22T10:39:13Z INFO  dt_instance] d0a71d84-b80f-4558-beac-8887750652e3 "140 tLlgs7pGSeAMb6eD1atx92ZrE3hHigfWaIdoGu5HLtJHlGZFLa2Obd5vmJdj"
2020-09-22T10:39:13.217843077Z  [2020-09-22T10:39:13Z INFO  dt_instance] Inserted data for source d0a71d84-b80f-4558-beac-8887750652e3.
2020-09-22T10:39:13.269806810Z  [2020-09-22T10:39:13Z INFO  dt_instance] d0a71d84-b80f-4558-beac-8887750652e3 "141 yaCiBULkUBAITq3Hd07RZfMV1fMlSABulrqFbci5HmMueZSXg82oEtckgeNE"
2020-09-22T10:39:13.290167086Z  [2020-09-22T10:39:13Z INFO  dt_instance] Inserted data for source d0a71d84-b80f-4558-beac-8887750652e3.
2020-09-22T10:39:13.342208266Z  [2020-09-22T10:39:13Z INFO  dt_instance] d0a71d84-b80f-4558-beac-8887750652e3 "142 fKJ6Gvuv1OOSjHuA3zesKow9zK40CPIvhS7WhP5TvZqOQ9tjcDt716NQHZ2u"
2020-09-22T10:39:13.354872055Z  [2020-09-22T10:39:13Z INFO  dt_instance] Inserted data for source d0a71d84-b80f-4558-beac-8887750652e3.
2020-09-22T10:39:13.407049944Z  [2020-09-22T10:39:13Z INFO  dt_instance] d0a71d84-b80f-4558-beac-8887750652e3 "143 KwUYvTFy8yuYfXnRhJZCcT8178ysqdfLDqiOpktGcNMzKUOyYYFqUewgO2KO"
2020-09-22T10:39:13.418521500Z  [2020-09-22T10:39:13Z INFO  dt_instance] Inserted data for source d0a71d84-b80f-4558-beac-8887750652e3.
2020-09-22T10:39:13.469516995Z  [2020-09-22T10:39:13Z INFO  dt_instance] d0a71d84-b80f-4558-beac-8887750652e3 "144 mjRHZDvDuV7cajFlaexX2T90j2RDF6B4UQ21ZvrsA5IlBl9c4x6veSD3uPw3"
2020-09-22T10:39:13.479097771Z  [2020-09-22T10:39:13Z INFO  dt_instance] Inserted data for source d0a71d84-b80f-4558-beac-8887750652e3.
2020-09-22T10:39:13.531120669Z  [2020-09-22T10:39:13Z INFO  dt_instance] d0a71d84-b80f-4558-beac-8887750652e3 "145 WBpQjakKXfJYlMKxqPGsNTjxLM6kS5IM7lXWln23QCk2cTgGpC1gD0Kq9FWm"
2020-09-22T10:39:13.543449308Z  [2020-09-22T10:39:13Z INFO  dt_instance] Inserted data for source d0a71d84-b80f-4558-beac-8887750652e3.
2020-09-22T10:39:13.595304926Z  [2020-09-22T10:39:13Z INFO  dt_instance] d0a71d84-b80f-4558-beac-8887750652e3 "146 atjYGp1cI80uDxpsH0GcwEyIWKNypMCzNFokzYExJCqVRKVeHAb07eKZ6vns"
2020-09-22T10:39:13.605429452Z  [2020-09-22T10:39:13Z INFO  dt_instance] Inserted data for source d0a71d84-b80f-4558-beac-8887750652e3.
2020-09-22T10:39:13.657211048Z  [2020-09-22T10:39:13Z INFO  dt_instance] d0a71d84-b80f-4558-beac-8887750652e3 "147 urDZT7shUjHZ81X86fkmuvc3nz7Tnuu2f05OFjieWU26wnxgmFIwgUjn7Dp0"
2020-09-22T10:39:13.670129336Z  [2020-09-22T10:39:13Z INFO  dt_instance] Inserted data for source d0a71d84-b80f-4558-beac-8887750652e3.
2020-09-22T10:39:13.721890473Z  [2020-09-22T10:39:13Z INFO  dt_instance] d0a71d84-b80f-4558-beac-8887750652e3 "148 maUnGeSLdA5WbOfPXidNkQ5Dx5lM4X1b6UpYPYOgMLLVbCDQ8m8v2mp9hBGC"
2020-09-22T10:39:13.730760342Z  [2020-09-22T10:39:13Z INFO  dt_instance] Inserted data for source d0a71d84-b80f-4558-beac-8887750652e3.
2020-09-22T10:39:13.782639642Z  [2020-09-22T10:39:13Z INFO  dt_instance] d0a71d84-b80f-4558-beac-8887750652e3 "149 UMPDPG1RhAudOEpJxwwIljvTYt6GLoQFWNFusZZaxFflmSF6bn8ZBi3cSz84"
2020-09-22T10:39:13.793320269Z  [2020-09-22T10:39:13Z INFO  dt_instance] Inserted data for source d0a71d84-b80f-4558-beac-8887750652e3.
2020-09-22T10:39:13.846207459Z  [2020-09-22T10:39:13Z INFO  dt_instance] d0a71d84-b80f-4558-beac-8887750652e3 "150 bgguxFewObrxmI8BvWOlsxtYZGwwmX97pqRoIdPAI0E7UQTDTNckjmfA351G"
2020-09-22T10:39:13.859387415Z  [2020-09-22T10:39:13Z INFO  dt_instance] Inserted data for source d0a71d84-b80f-4558-beac-8887750652e3.
2020-09-22T10:39:13.912166355Z  [2020-09-22T10:39:13Z INFO  dt_instance] d0a71d84-b80f-4558-beac-8887750652e3 "151 ht4OBaW1wWgRHIst70Rj2QyGapUpGKBbT3Rc3k81Oz8rEUKqHRV7cwRmhn5E"
2020-09-22T10:39:13.930669513Z  [2020-09-22T10:39:13Z INFO  dt_instance] Inserted data for source d0a71d84-b80f-4558-beac-8887750652e3.
2020-09-22T10:39:13.983516388Z  [2020-09-22T10:39:13Z INFO  dt_instance] d0a71d84-b80f-4558-beac-8887750652e3 "152 PSM35s3tH5UYCwMvLxJ94yGIc6iVhGcvFzmSywIQUKIEsMqT30tcFvDvHL0a"
2020-09-22T10:39:14.000375767Z  [2020-09-22T10:39:14Z INFO  dt_instance] Inserted data for source d0a71d84-b80f-4558-beac-8887750652e3.
2020-09-22T10:39:14.052307409Z  [2020-09-22T10:39:14Z INFO  dt_instance] d0a71d84-b80f-4558-beac-8887750652e3 "153 YIlpJ4nF2BrvbVHKs5Xad3MlpIcGFKR9GozeCdbyEaEvJVjhajykEChGkWzm"
2020-09-22T10:39:14.066890071Z  [2020-09-22T10:39:14Z INFO  dt_instance] Inserted data for source d0a71d84-b80f-4558-beac-8887750652e3.
2020-09-22T10:39:14.118776192Z  [2020-09-22T10:39:14Z INFO  dt_instance] d0a71d84-b80f-4558-beac-8887750652e3 "154 ErRmZRNmXieiLm71SUgqZap8JS8nDyGSXI4HXFM096QFdY027SZC5JK7RgDt"
2020-09-22T10:39:14.137609940Z  [2020-09-22T10:39:14Z INFO  dt_instance] Inserted data for source d0a71d84-b80f-4558-beac-8887750652e3.
2020-09-22T10:39:14.189755976Z  [2020-09-22T10:39:14Z INFO  dt_instance] d0a71d84-b80f-4558-beac-8887750652e3 "155 LuAwWT4EtKXA09tzzhzyJIsIlrpJvLwEx8YvOKoKLrg8uTygq1fJ2YWlRDc3"
2020-09-22T10:39:14.212081270Z  [2020-09-22T10:39:14Z INFO  dt_instance] Inserted data for source d0a71d84-b80f-4558-beac-8887750652e3.
2020-09-22T10:39:14.264717239Z  [2020-09-22T10:39:14Z INFO  dt_instance] d0a71d84-b80f-4558-beac-8887750652e3 "156 19ZivWgCFSLj8YVRVaHKsktNJ6IKBYu6fZKgQ4Un3qDUVAehrmH4PDy8uRsZ"
2020-09-22T10:39:14.283023248Z  [2020-09-22T10:39:14Z INFO  dt_instance] Inserted data for source d0a71d84-b80f-4558-beac-8887750652e3.
2020-09-22T10:39:14.334746018Z  [2020-09-22T10:39:14Z INFO  dt_instance] d0a71d84-b80f-4558-beac-8887750652e3 "157 UZ3VWqSMSaVDXJKxrVXx12qkpe1QBpxb2KkqqtsAsp9pugFslnbPFgdrqwOg"
2020-09-22T10:39:14.354725729Z  [2020-09-22T10:39:14Z INFO  dt_instance] Inserted data for source d0a71d84-b80f-4558-beac-8887750652e3.
2020-09-22T10:39:14.407161257Z  [2020-09-22T10:39:14Z INFO  dt_instance] d0a71d84-b80f-4558-beac-8887750652e3 "158 YuAIgnbYv0DOCTeyivruYU6dQMOmZuCrZX3zB9bPMaTD9WUNDKUqlNCxqv3U"
2020-09-22T10:39:14.423336457Z  [2020-09-22T10:39:14Z INFO  dt_instance] Inserted data for source d0a71d84-b80f-4558-beac-8887750652e3.
2020-09-22T10:39:14.475507345Z  [2020-09-22T10:39:14Z INFO  dt_instance] d0a71d84-b80f-4558-beac-8887750652e3 "159 CVrO1F6qRBgfhHTlr5GPZPwDxqlOBqTKK9qSm9s1PN8ZTan0s4A1UIhQx06n"
2020-09-22T10:39:14.496836890Z  [2020-09-22T10:39:14Z INFO  dt_instance] Inserted data for source d0a71d84-b80f-4558-beac-8887750652e3.
2020-09-22T10:39:14.552239355Z  [2020-09-22T10:39:14Z INFO  dt_instance] d0a71d84-b80f-4558-beac-8887750652e3 "160 ww7mFUoCJDyml3xlyfwuyDlqsiQ9AUIqHc1okGoI39xClXkLqAPf39sCmPWQ"
2020-09-22T10:39:14.568103950Z  [2020-09-22T10:39:14Z INFO  dt_instance] Inserted data for source d0a71d84-b80f-4558-beac-8887750652e3.
2020-09-22T10:39:14.620218501Z  [2020-09-22T10:39:14Z INFO  dt_instance] d0a71d84-b80f-4558-beac-8887750652e3 "161 r6yCQzsp3B5XrRI6D5S8OPOZbIhdEYDWZWNCXLQQ1dXgo8Wley139jX6gRBl"
2020-09-22T10:39:14.643727377Z  [2020-09-22T10:39:14Z INFO  dt_instance] Inserted data for source d0a71d84-b80f-4558-beac-8887750652e3.
2020-09-22T10:39:14.698396348Z  [2020-09-22T10:39:14Z INFO  dt_instance] d0a71d84-b80f-4558-beac-8887750652e3 "162 ebTOXjKAhIzYBmWZIIkPyahodRxQiz1206rq5z9cOg3Wsxfx2MN8tMbr46nK"
2020-09-22T10:39:14.724674102Z  [2020-09-22T10:39:14Z INFO  dt_instance] Inserted data for source d0a71d84-b80f-4558-beac-8887750652e3.
2020-09-22T10:39:14.775723970Z  [2020-09-22T10:39:14Z INFO  dt_instance] d0a71d84-b80f-4558-beac-8887750652e3 "163 ahmFZklkcnbwwu8zvvLcotIShTWlCfivvWDnpkUF4R8zucqLSDAtsajxX8Sq"
2020-09-22T10:39:14.795465669Z  [2020-09-22T10:39:14Z INFO  dt_instance] Inserted data for source d0a71d84-b80f-4558-beac-8887750652e3.
2020-09-22T10:39:14.846864303Z  [2020-09-22T10:39:14Z INFO  dt_instance] d0a71d84-b80f-4558-beac-8887750652e3 "164 kTCKZmOUe6ii49eOG37q1LPQAMsjmuLYW0nIAkENFYJBeSLIaQecqbQi8q25"
2020-09-22T10:39:14.870229125Z  [2020-09-22T10:39:14Z INFO  dt_instance] Inserted data for source d0a71d84-b80f-4558-beac-8887750652e3.
2020-09-22T10:39:14.922627782Z  [2020-09-22T10:39:14Z INFO  dt_instance] d0a71d84-b80f-4558-beac-8887750652e3 "165 GQVtQXG5RthbepdJ5qmNR17ibFktQfjp9tsHpben8OPHAeC0gcNKJwKzd3iZ"
2020-09-22T10:39:14.943297846Z  [2020-09-22T10:39:14Z INFO  dt_instance] Inserted data for source d0a71d84-b80f-4558-beac-8887750652e3.
2020-09-22T10:39:14.995077865Z  [2020-09-22T10:39:14Z INFO  dt_instance] d0a71d84-b80f-4558-beac-8887750652e3 "166 hYH8KBBQgNriVnqqBVOWCwdOxuXmMqjZ4qVl68wRp7LE2AiN2ceLKGEeudCl"
2020-09-22T10:39:15.013251170Z  [2020-09-22T10:39:15Z INFO  dt_instance] Inserted data for source d0a71d84-b80f-4558-beac-8887750652e3.
2020-09-22T10:39:15.065084014Z  [2020-09-22T10:39:15Z INFO  dt_instance] d0a71d84-b80f-4558-beac-8887750652e3 "167 h3Ae90cPwcPs8dIFbXI2ZUycwe3kIEpbChWJZ50UHsqWhxuq6KHvQbtE519u"
2020-09-22T10:39:15.083592801Z  [2020-09-22T10:39:15Z INFO  dt_instance] Inserted data for source d0a71d84-b80f-4558-beac-8887750652e3.
2020-09-22T10:39:15.135983446Z  [2020-09-22T10:39:15Z INFO  dt_instance] d0a71d84-b80f-4558-beac-8887750652e3 "168 PqQU9ec4QrEClMmWfLUx4wUZcyuh3PGRErnRXfhAgCY4TpNAiR6Mk8oNM3v8"
2020-09-22T10:39:15.158708347Z  [2020-09-22T10:39:15Z INFO  dt_instance] Inserted data for source d0a71d84-b80f-4558-beac-8887750652e3.
2020-09-22T10:39:15.210667861Z  [2020-09-22T10:39:15Z INFO  dt_instance] d0a71d84-b80f-4558-beac-8887750652e3 "169 nbhe3x3bdXNiDoVcDGmG1qLtBcjaYUGkVwqYBXj0N4THyTR7wP3dl4bEFLg9"
2020-09-22T10:39:15.231058684Z  [2020-09-22T10:39:15Z INFO  dt_instance] Inserted data for source d0a71d84-b80f-4558-beac-8887750652e3.
2020-09-22T10:39:15.283377690Z  [2020-09-22T10:39:15Z INFO  dt_instance] d0a71d84-b80f-4558-beac-8887750652e3 "170 3fNeJX7ZJoayN8tm8y2BHJi4aGjbx94vm0ON7H8a3CxrzNTupW5XtreIoCEO"
2020-09-22T10:39:15.299932614Z  [2020-09-22T10:39:15Z INFO  dt_instance] Inserted data for source d0a71d84-b80f-4558-beac-8887750652e3.
2020-09-22T10:39:15.351859978Z  [2020-09-22T10:39:15Z INFO  dt_instance] d0a71d84-b80f-4558-beac-8887750652e3 "171 ZGGcbUW55s9qW7acp4SAZOzgHTVdPSoNY9kt6NfaVBftuNJLHTWY1kwf9ETc"
2020-09-22T10:39:15.368187187Z  [2020-09-22T10:39:15Z INFO  dt_instance] Inserted data for source d0a71d84-b80f-4558-beac-8887750652e3.
2020-09-22T10:39:15.420040819Z  [2020-09-22T10:39:15Z INFO  dt_instance] d0a71d84-b80f-4558-beac-8887750652e3 "172 ovO4OOecbGG2zSSOyQ12MDB3jNzAl40sO2gz5edFN8fj5wAy1nD8q1fU26ET"
2020-09-22T10:39:15.439350416Z  [2020-09-22T10:39:15Z INFO  dt_instance] Inserted data for source d0a71d84-b80f-4558-beac-8887750652e3.
2020-09-22T10:39:15.491240232Z  [2020-09-22T10:39:15Z INFO  dt_instance] d0a71d84-b80f-4558-beac-8887750652e3 "173 vyzqb781IHNQgNV1pNi4F8Ai4mFd8WrMRJJnJ84AKgTADZb53OReGukwsT9D"
2020-09-22T10:39:15.510226233Z  [2020-09-22T10:39:15Z INFO  dt_instance] Inserted data for source d0a71d84-b80f-4558-beac-8887750652e3.
2020-09-22T10:39:15.562181428Z  [2020-09-22T10:39:15Z INFO  dt_instance] d0a71d84-b80f-4558-beac-8887750652e3 "174 4s6d1yBocmZNAtpqNs4Y3MKhR98IRNmfW50SDOf0b4Q7GdDjaexa9xq6oTTv"
2020-09-22T10:39:15.579416936Z  [2020-09-22T10:39:15Z INFO  dt_instance] Inserted data for source d0a71d84-b80f-4558-beac-8887750652e3.
2020-09-22T10:39:15.631276947Z  [2020-09-22T10:39:15Z INFO  dt_instance] d0a71d84-b80f-4558-beac-8887750652e3 "175 sD5TR1Vmj6bRSl0LpEjzQcjLk6hJWVdk5KBlLUObO1lyS3luiby2u70jrc5u"
2020-09-22T10:39:15.649619062Z  [2020-09-22T10:39:15Z INFO  dt_instance] Inserted data for source d0a71d84-b80f-4558-beac-8887750652e3.
2020-09-22T10:39:15.701558059Z  [2020-09-22T10:39:15Z INFO  dt_instance] d0a71d84-b80f-4558-beac-8887750652e3 "176 b5nQyrWh43DQtcRnmJXvf8NyZMrjYYUEEIXhiRugcAVlQQmMNlrz2k2nAW5S"
2020-09-22T10:39:15.723803293Z  [2020-09-22T10:39:15Z INFO  dt_instance] Inserted data for source d0a71d84-b80f-4558-beac-8887750652e3.
2020-09-22T10:39:15.775837500Z  [2020-09-22T10:39:15Z INFO  dt_instance] d0a71d84-b80f-4558-beac-8887750652e3 "177 ZrwbfzoclMC8w3W6MBvB8iNqZzbmQiq7zc3M88fu2jOIAzkxMZjfKgEoCoy7"
2020-09-22T10:39:15.794215457Z  [2020-09-22T10:39:15Z INFO  dt_instance] Inserted data for source d0a71d84-b80f-4558-beac-8887750652e3.
2020-09-22T10:39:15.846762962Z  [2020-09-22T10:39:15Z INFO  dt_instance] d0a71d84-b80f-4558-beac-8887750652e3 "178 EBiXwKbXlrIk3Ec14IBJWjKLtG0FhYSj1Wuq8k9I6Pbe7iZcdQWrX8rc7OAQ"
2020-09-22T10:39:15.867046849Z  [2020-09-22T10:39:15Z INFO  dt_instance] Inserted data for source d0a71d84-b80f-4558-beac-8887750652e3.
2020-09-22T10:39:15.919524346Z  [2020-09-22T10:39:15Z INFO  dt_instance] d0a71d84-b80f-4558-beac-8887750652e3 "179 1icj53na7PVUkkPPyj6FdRuX2QQAO8fW81k4TrDt85IcEAbiClx5dVHPwMGp"
2020-09-22T10:39:15.940720647Z  [2020-09-22T10:39:15Z INFO  dt_instance] Inserted data for source d0a71d84-b80f-4558-beac-8887750652e3.
2020-09-22T10:39:15.991589989Z  [2020-09-22T10:39:15Z INFO  dt_instance] d0a71d84-b80f-4558-beac-8887750652e3 "180 VuRrJ10E0GMhr7WeEwLxGWFEGUCRIUe9HhJX3TEw6DRN9RqLNQCxX3eblAOk"
2020-09-22T10:39:16.013714735Z  [2020-09-22T10:39:16Z INFO  dt_instance] Inserted data for source d0a71d84-b80f-4558-beac-8887750652e3.
2020-09-22T10:39:16.065824010Z  [2020-09-22T10:39:16Z INFO  dt_instance] d0a71d84-b80f-4558-beac-8887750652e3 "181 yeGsDQRUejBH0LlccvLXkVFcfc1LY7HTEa8itn4zp9GqW9295xczRAAJaglN"
2020-09-22T10:39:16.078514061Z  [2020-09-22T10:39:16Z INFO  dt_instance] Inserted data for source d0a71d84-b80f-4558-beac-8887750652e3.
2020-09-22T10:39:16.129619856Z  [2020-09-22T10:39:16Z INFO  dt_instance] d0a71d84-b80f-4558-beac-8887750652e3 "182 slx3X4nwyYlLJczO30UyTdOwfwWzphbHutrw0fJA65uSahuwFw63H6AyrdWj"
2020-09-22T10:39:16.145981223Z  [2020-09-22T10:39:16Z INFO  dt_instance] Inserted data for source d0a71d84-b80f-4558-beac-8887750652e3.
2020-09-22T10:39:16.197822601Z  [2020-09-22T10:39:16Z INFO  dt_instance] d0a71d84-b80f-4558-beac-8887750652e3 "183 Eobs8TZQO8z2xETomVDqAqSFxSXY6fXEp8qBxgVteue0IAEuwJSAfG7Nsi6q"
2020-09-22T10:39:16.213050858Z  [2020-09-22T10:39:16Z INFO  dt_instance] Inserted data for source d0a71d84-b80f-4558-beac-8887750652e3.
2020-09-22T10:39:16.264986655Z  [2020-09-22T10:39:16Z INFO  dt_instance] d0a71d84-b80f-4558-beac-8887750652e3 "184 xl0r2iS4nlsauxzZcOp2QSJJNo3L3I36KGh31TmdttSeJDOsnwfxOWCqpFh6"
2020-09-22T10:39:16.279403906Z  [2020-09-22T10:39:16Z INFO  dt_instance] Inserted data for source d0a71d84-b80f-4558-beac-8887750652e3.
2020-09-22T10:39:16.331287060Z  [2020-09-22T10:39:16Z INFO  dt_instance] d0a71d84-b80f-4558-beac-8887750652e3 "185 WLnmGcd1XfC4upevMNBZPEeru5QYdgcy6I53g9JnbZK8FjXDbhqFkzVmkzyW"
2020-09-22T10:39:16.345721896Z  [2020-09-22T10:39:16Z INFO  dt_instance] Inserted data for source d0a71d84-b80f-4558-beac-8887750652e3.
2020-09-22T10:39:16.397880345Z  [2020-09-22T10:39:16Z INFO  dt_instance] d0a71d84-b80f-4558-beac-8887750652e3 "186 AK0iaC5aU8EQuWp5b7RNECNe8T3I2fzikS2PKPgrq3VwdvvC0cbNu24It8nm"
2020-09-22T10:39:16.411426334Z  [2020-09-22T10:39:16Z INFO  dt_instance] Inserted data for source d0a71d84-b80f-4558-beac-8887750652e3.
2020-09-22T10:39:16.463245281Z  [2020-09-22T10:39:16Z INFO  dt_instance] d0a71d84-b80f-4558-beac-8887750652e3 "187 7QD1n9BCAtfY2r8YFt13D2R5FK74f3T321DwcRQXKPZ5LVDDzzxJNQAuHs4D"
2020-09-22T10:39:16.480319679Z  [2020-09-22T10:39:16Z INFO  dt_instance] Inserted data for source d0a71d84-b80f-4558-beac-8887750652e3.
2020-09-22T10:39:16.532330388Z  [2020-09-22T10:39:16Z INFO  dt_instance] d0a71d84-b80f-4558-beac-8887750652e3 "188 xDJggLI5cXlD9EuTx8nR6It983QZipT1PkCFTgu9xZQeKlRq3Tn3xNTElrsU"
2020-09-22T10:39:16.550852394Z  [2020-09-22T10:39:16Z INFO  dt_instance] Inserted data for source d0a71d84-b80f-4558-beac-8887750652e3.
2020-09-22T10:39:16.602837314Z  [2020-09-22T10:39:16Z INFO  dt_instance] d0a71d84-b80f-4558-beac-8887750652e3 "189 FWVxr2xVGaK5mtjRXTmmIu1dGUIA0N5opCzyebxC59G11gD6ixpaJnrBQsC1"
2020-09-22T10:39:16.614408591Z  [2020-09-22T10:39:16Z INFO  dt_instance] Inserted data for source d0a71d84-b80f-4558-beac-8887750652e3.
2020-09-22T10:39:16.666405682Z  [2020-09-22T10:39:16Z INFO  dt_instance] d0a71d84-b80f-4558-beac-8887750652e3 "190 PWIffHIGFebbIvuIhEqERUmEliXuoQtVlhoCVihYznRSKxmK5tz8qeji46lo"
2020-09-22T10:39:16.678878900Z  [2020-09-22T10:39:16Z INFO  dt_instance] Inserted data for source d0a71d84-b80f-4558-beac-8887750652e3.
2020-09-22T10:39:16.731054973Z  [2020-09-22T10:39:16Z INFO  dt_instance] d0a71d84-b80f-4558-beac-8887750652e3 "191 06UVl80L9tc8715HwmA8VKKni6oD8WLQb6VWqK76fxaeymlOsGgSd4r1rJgS"
2020-09-22T10:39:16.747244971Z  [2020-09-22T10:39:16Z INFO  dt_instance] Inserted data for source d0a71d84-b80f-4558-beac-8887750652e3.
2020-09-22T10:39:16.799267365Z  [2020-09-22T10:39:16Z INFO  dt_instance] d0a71d84-b80f-4558-beac-8887750652e3 "192 JTjGqrK7RgpS0OSC7m1CBoGvPm3Ok8MILNZvfd4E0WxxNemJTII9Y6iZlOa9"
2020-09-22T10:39:16.814160076Z  [2020-09-22T10:39:16Z INFO  dt_instance] Inserted data for source d0a71d84-b80f-4558-beac-8887750652e3.
2020-09-22T10:39:16.866390183Z  [2020-09-22T10:39:16Z INFO  dt_instance] d0a71d84-b80f-4558-beac-8887750652e3 "193 4UtqRmrNCFKWkgJFtvRwEof71nkw91EERB11N2Wx4CJaqJVy8Y98w6MmAqBL"
2020-09-22T10:39:16.880480405Z  [2020-09-22T10:39:16Z INFO  dt_instance] Inserted data for source d0a71d84-b80f-4558-beac-8887750652e3.
2020-09-22T10:39:16.932537295Z  [2020-09-22T10:39:16Z INFO  dt_instance] d0a71d84-b80f-4558-beac-8887750652e3 "194 imSyuHWWan6zwzpMnHStjdAGctltpjtnLCAVBQpXyG5JEsA77KO41pgdN7kn"
2020-09-22T10:39:16.948943513Z  [2020-09-22T10:39:16Z INFO  dt_instance] Inserted data for source d0a71d84-b80f-4558-beac-8887750652e3.
2020-09-22T10:39:17.001132206Z  [2020-09-22T10:39:17Z INFO  dt_instance] d0a71d84-b80f-4558-beac-8887750652e3 "195 WDdLcHOXkDIiLVu6FeaFs3fV57CCTubWIRIdSCJbgTKwxNqrhljBfX7MSLjH"
2020-09-22T10:39:17.019916623Z  [2020-09-22T10:39:17Z INFO  dt_instance] Inserted data for source d0a71d84-b80f-4558-beac-8887750652e3.
2020-09-22T10:39:17.072352590Z  [2020-09-22T10:39:17Z INFO  dt_instance] d0a71d84-b80f-4558-beac-8887750652e3 "196 lfvmnJ9Ooa9y8ucIIrw25caswMPiaooh7IIs5oUsBDShv27STtjbEVfj2ebv"
2020-09-22T10:39:17.085274817Z  [2020-09-22T10:39:17Z INFO  dt_instance] Inserted data for source d0a71d84-b80f-4558-beac-8887750652e3.
2020-09-22T10:39:17.136711578Z  [2020-09-22T10:39:17Z INFO  dt_instance] d0a71d84-b80f-4558-beac-8887750652e3 "197 KnJwkZxtY0r9gyRUneDEN2ZlOHNBBaGdGUYr4mXtZk3T5SbnS3o8QGMTYw28"
2020-09-22T10:39:17.153825864Z  [2020-09-22T10:39:17Z INFO  dt_instance] Inserted data for source d0a71d84-b80f-4558-beac-8887750652e3.
2020-09-22T10:39:17.204955405Z  [2020-09-22T10:39:17Z INFO  dt_instance] d0a71d84-b80f-4558-beac-8887750652e3 "198 2kBmogAGrCKzFFI1sZl0SWTTKiCDYvSN73dpNvuuJQu2PBUjg5wHrnSbo5X6"
2020-09-22T10:39:17.223128755Z  [2020-09-22T10:39:17Z INFO  dt_instance] Inserted data for source d0a71d84-b80f-4558-beac-8887750652e3.
2020-09-22T10:39:17.275276957Z  [2020-09-22T10:39:17Z INFO  dt_instance] d0a71d84-b80f-4558-beac-8887750652e3 "199 FM8l3zm9Sj7zb4gW61iEDEQYrAOAbR8UNtMb4G8rbwM7TS698S4EliC3ot5N"
2020-09-22T10:39:17.294762558Z  [2020-09-22T10:39:17Z INFO  dt_instance] Inserted data for source d0a71d84-b80f-4558-beac-8887750652e3.
2020-09-22T10:39:17.347286452Z  [2020-09-22T10:39:17Z INFO  dt_instance] d0a71d84-b80f-4558-beac-8887750652e3 "200 7tzVyQPIGTPlkbU0Jeuxa6jewNvzHCruDXYWt2SIe6rkBSiLTP1UeODWeuir"
2020-09-22T10:39:17.364649410Z  [2020-09-22T10:39:17Z INFO  dt_instance] Inserted data for source d0a71d84-b80f-4558-beac-8887750652e3.
2020-09-22T10:39:17.467088395Z  [2020-09-22T10:39:17Z INFO  dt_instance] d0a71d84-b80f-4558-beac-8887750652e3 "201 LAUnHKWgeD9zwUW8fkzie4m6ikxH4dImG0puH9E6TgHqcsbvRDe2XBUv8SGU"
2020-09-22T10:39:17.478861488Z  [2020-09-22T10:39:17Z INFO  dt_instance] Inserted data for source d0a71d84-b80f-4558-beac-8887750652e3.
2020-09-22T10:39:17.530991018Z  [2020-09-22T10:39:17Z INFO  dt_instance] d0a71d84-b80f-4558-beac-8887750652e3 "202 pYqp5Sfs7RmESipJYwQTEUKSDfkpUo4LeXT4xPjGnMamfKJN26fqsJCOBQDv"
2020-09-22T10:39:17.543001424Z  [2020-09-22T10:39:17Z INFO  dt_instance] Inserted data for source d0a71d84-b80f-4558-beac-8887750652e3.
2020-09-22T10:39:17.595159191Z  [2020-09-22T10:39:17Z INFO  dt_instance] d0a71d84-b80f-4558-beac-8887750652e3 "203 7ao2H6vRaalM8bjVC4C6GyxBSmvGCeDAWdA56nEAf4mtxzSUKlh01th6Eu9Q"
2020-09-22T10:39:17.607051891Z  [2020-09-22T10:39:17Z INFO  dt_instance] Inserted data for source d0a71d84-b80f-4558-beac-8887750652e3.
2020-09-22T10:39:17.659446360Z  [2020-09-22T10:39:17Z INFO  dt_instance] d0a71d84-b80f-4558-beac-8887750652e3 "204 ppEJsw1mE4Zu6ZYSo0EZMheUbzxyNEIl1TGrgp3U0MqMRVX4pN6CaxXu8Pxu"
2020-09-22T10:39:17.669819415Z  [2020-09-22T10:39:17Z INFO  dt_instance] Inserted data for source d0a71d84-b80f-4558-beac-8887750652e3.
2020-09-22T10:39:17.721765252Z  [2020-09-22T10:39:17Z INFO  dt_instance] d0a71d84-b80f-4558-beac-8887750652e3 "205 8IgjqVCRyKYWmIfoRxyFHc3NFQq92JYxYNjRKkANRyYoQ1OvK1APFYVGCPST"
2020-09-22T10:39:17.734005156Z  [2020-09-22T10:39:17Z INFO  dt_instance] Inserted data for source d0a71d84-b80f-4558-beac-8887750652e3.
2020-09-22T10:39:17.786527740Z  [2020-09-22T10:39:17Z INFO  dt_instance] d0a71d84-b80f-4558-beac-8887750652e3 "206 tJBvd4HTV79n1I9KOXhyFELtkiPIeJMMDjHMlDi4Rm8dqNLjGmV7foLCwGg1"
2020-09-22T10:39:17.798063479Z  [2020-09-22T10:39:17Z INFO  dt_instance] Inserted data for source d0a71d84-b80f-4558-beac-8887750652e3.
2020-09-22T10:39:17.851290990Z  [2020-09-22T10:39:17Z INFO  dt_instance] d0a71d84-b80f-4558-beac-8887750652e3 "207 9e3xBwyI8asgmbs5tTzBK9kOgd1WTnXdl6z6B2REZOC7mjywwKvgK7LOtxg9"
2020-09-22T10:39:17.861782503Z  [2020-09-22T10:39:17Z INFO  dt_instance] Inserted data for source d0a71d84-b80f-4558-beac-8887750652e3.
2020-09-22T10:39:17.914068731Z  [2020-09-22T10:39:17Z INFO  dt_instance] d0a71d84-b80f-4558-beac-8887750652e3 "208 hSHULHaLpuMgS3mPwotniXRc9in73pevEelS19TXVc7cV3TviPpVQ3FsFeIp"
2020-09-22T10:39:17.924317048Z  [2020-09-22T10:39:17Z INFO  dt_instance] Inserted data for source d0a71d84-b80f-4558-beac-8887750652e3.
2020-09-22T10:39:17.976554583Z  [2020-09-22T10:39:17Z INFO  dt_instance] d0a71d84-b80f-4558-beac-8887750652e3 "209 V7XqsMtwXX47d4Rb1CF3aDGSE8XZRvn7fj3JJ7R1hWkGc5KtSB3w4wTZC3aI"
2020-09-22T10:39:17.986926268Z  [2020-09-22T10:39:17Z INFO  dt_instance] Inserted data for source d0a71d84-b80f-4558-beac-8887750652e3.
2020-09-22T10:39:18.039035200Z  [2020-09-22T10:39:18Z INFO  dt_instance] d0a71d84-b80f-4558-beac-8887750652e3 "210 3a8G8onJctVKvlWsIfPHo5tZpWNcfGWVHEs4E6fc52fpMiOes51koXYiD5KJ"
2020-09-22T10:39:18.046571532Z  [2020-09-22T10:39:18Z INFO  dt_instance] Inserted data for source d0a71d84-b80f-4558-beac-8887750652e3.
2020-09-22T10:39:18.099007188Z  [2020-09-22T10:39:18Z INFO  dt_instance] d0a71d84-b80f-4558-beac-8887750652e3 "211 nkHBHJH7Q32oTx6NwCkFM2jq0j1bfvmM6wfSMMXoobuXI7ll5xvXVgKAM9rs"
2020-09-22T10:39:18.108061742Z  [2020-09-22T10:39:18Z INFO  dt_instance] Inserted data for source d0a71d84-b80f-4558-beac-8887750652e3.
2020-09-22T10:39:18.159939645Z  [2020-09-22T10:39:18Z INFO  dt_instance] d0a71d84-b80f-4558-beac-8887750652e3 "212 SQgFIW2TxRPE2M1sHSDJjLiGljnNlueRUbnhPqQmfknX1j06iPeUPohtjTGh"
2020-09-22T10:39:18.171452354Z  [2020-09-22T10:39:18Z INFO  dt_instance] Inserted data for source d0a71d84-b80f-4558-beac-8887750652e3.
2020-09-22T10:39:18.223473028Z  [2020-09-22T10:39:18Z INFO  dt_instance] d0a71d84-b80f-4558-beac-8887750652e3 "213 MZ8FtnP6VItu0z6Lirp1cRFbTVuiuuwsdKmnTI57UepR8nqQMoLlKk7CHlzN"
2020-09-22T10:39:18.237751966Z  [2020-09-22T10:39:18Z INFO  dt_instance] Inserted data for source d0a71d84-b80f-4558-beac-8887750652e3.
2020-09-22T10:39:18.289695624Z  [2020-09-22T10:39:18Z INFO  dt_instance] d0a71d84-b80f-4558-beac-8887750652e3 "214 i7R6J1IcYm7sPQC1UZCVVnFVI1tubzDiFEPHefAADB3Wiy0tFnkzEzNvIkf4"
2020-09-22T10:39:18.304394753Z  [2020-09-22T10:39:18Z INFO  dt_instance] Inserted data for source d0a71d84-b80f-4558-beac-8887750652e3.
2020-09-22T10:39:18.356605331Z  [2020-09-22T10:39:18Z INFO  dt_instance] d0a71d84-b80f-4558-beac-8887750652e3 "215 M6vHKfXHkG31hWBFdY7co5COISqGxb7UR9PaWzUJTlcj0V6Uyp7g2SuyYuRi"
2020-09-22T10:39:18.371389484Z  [2020-09-22T10:39:18Z INFO  dt_instance] Inserted data for source d0a71d84-b80f-4558-beac-8887750652e3.
2020-09-22T10:39:18.423583615Z  [2020-09-22T10:39:18Z INFO  dt_instance] d0a71d84-b80f-4558-beac-8887750652e3 "216 S1Se0418LloxZSCITf2zEDtzo8TGsLdtnTUEFzsgtrH9C6VJzyQQ8PisUOEs"
2020-09-22T10:39:18.438625825Z  [2020-09-22T10:39:18Z INFO  dt_instance] Inserted data for source d0a71d84-b80f-4558-beac-8887750652e3.
2020-09-22T10:39:18.489938073Z  [2020-09-22T10:39:18Z INFO  dt_instance] d0a71d84-b80f-4558-beac-8887750652e3 "217 lwjmiPO62P8vvShDqSd42PhxsPnsEq2XiHTQLeEyr6DTChvj99A5ZivlRKMV"
2020-09-22T10:39:18.507633131Z  [2020-09-22T10:39:18Z INFO  dt_instance] Inserted data for source d0a71d84-b80f-4558-beac-8887750652e3.
2020-09-22T10:39:18.559025694Z  [2020-09-22T10:39:18Z INFO  dt_instance] d0a71d84-b80f-4558-beac-8887750652e3 "218 DbGRBcPR8IaHcNpGZ6uObChG4PCPlPSVXtlxd7lzPip7PH80ZF5LqnJmk3vf"
2020-09-22T10:39:18.572537690Z  [2020-09-22T10:39:18Z INFO  dt_instance] Inserted data for source d0a71d84-b80f-4558-beac-8887750652e3.
2020-09-22T10:39:18.624595252Z  [2020-09-22T10:39:18Z INFO  dt_instance] d0a71d84-b80f-4558-beac-8887750652e3 "219 UEbkEcU9PIFnSfY6DJu8GWKHxLl0yPWVdpSNDlyqjG7O65BsqPS55XmdZfiV"
2020-09-22T10:39:18.634657843Z  [2020-09-22T10:39:18Z INFO  dt_instance] Inserted data for source d0a71d84-b80f-4558-beac-8887750652e3.
2020-09-22T10:39:18.685668826Z  [2020-09-22T10:39:18Z INFO  dt_instance] d0a71d84-b80f-4558-beac-8887750652e3 "220 46W5HV5yzXPEXXh90oGg0Uz9DRTwqdncWkqxvGnMcyxGZIkZvrL90Y32q9Zs"
2020-09-22T10:39:18.699850860Z  [2020-09-22T10:39:18Z INFO  dt_instance] Inserted data for source d0a71d84-b80f-4558-beac-8887750652e3.
2020-09-22T10:39:18.751913057Z  [2020-09-22T10:39:18Z INFO  dt_instance] d0a71d84-b80f-4558-beac-8887750652e3 "221 iWkV0SGW4aG4MqOMo14KCC9EOURBlUPvlphyyNoQ4Jxr3Wnj8ONlKh4o98nz"
2020-09-22T10:39:18.764417722Z  [2020-09-22T10:39:18Z INFO  dt_instance] Inserted data for source d0a71d84-b80f-4558-beac-8887750652e3.
2020-09-22T10:39:18.816674742Z  [2020-09-22T10:39:18Z INFO  dt_instance] d0a71d84-b80f-4558-beac-8887750652e3 "222 YorGptoGd8pRdxy402oFrXwCF7nbD0z1ezybzWJrGl80pEFyMr9NkYeyXyFY"
2020-09-22T10:39:18.832238596Z  [2020-09-22T10:39:18Z INFO  dt_instance] Inserted data for source d0a71d84-b80f-4558-beac-8887750652e3.
2020-09-22T10:39:18.884446912Z  [2020-09-22T10:39:18Z INFO  dt_instance] d0a71d84-b80f-4558-beac-8887750652e3 "223 D78pJC9MeGiWvH9EQEkXGn692Iufwwax1KTOtqOVe0oDQkfXDeRpHdhSTZpV"
2020-09-22T10:39:18.904071769Z  [2020-09-22T10:39:18Z INFO  dt_instance] Inserted data for source d0a71d84-b80f-4558-beac-8887750652e3.
2020-09-22T10:39:18.955738797Z  [2020-09-22T10:39:18Z INFO  dt_instance] d0a71d84-b80f-4558-beac-8887750652e3 "224 LL6AIiPQ4RaASZu4i8Gc023dpG8nyGpjh3phZAULfXtDAY6Wial5aam79M3r"
2020-09-22T10:39:18.971376553Z  [2020-09-22T10:39:18Z INFO  dt_instance] Inserted data for source d0a71d84-b80f-4558-beac-8887750652e3.
2020-09-22T10:39:19.023607925Z  [2020-09-22T10:39:19Z INFO  dt_instance] d0a71d84-b80f-4558-beac-8887750652e3 "225 erFEkL1ucJUqzps3ZBa14AQMdrdZKJB8SzYtarqmhUCXcRehYmCx8q4bEytq"
2020-09-22T10:39:19.041130470Z  [2020-09-22T10:39:19Z INFO  dt_instance] Inserted data for source d0a71d84-b80f-4558-beac-8887750652e3.
2020-09-22T10:39:19.093321862Z  [2020-09-22T10:39:19Z INFO  dt_instance] d0a71d84-b80f-4558-beac-8887750652e3 "226 5EWLo4rPS9wci57P5z4F27qDBrc2IDIZx9LRavSI4tyHpHUTE5mHCXd9Tu29"
2020-09-22T10:39:19.110111937Z  [2020-09-22T10:39:19Z INFO  dt_instance] Inserted data for source d0a71d84-b80f-4558-beac-8887750652e3.
2020-09-22T10:39:19.162309788Z  [2020-09-22T10:39:19Z INFO  dt_instance] d0a71d84-b80f-4558-beac-8887750652e3 "227 N5fq1hHxYbMPshd3d2BZ4AKG3enJqt1RnJqjzKu1a0L1HrrTosKWo9tYStFV"
2020-09-22T10:39:19.179985148Z  [2020-09-22T10:39:19Z INFO  dt_instance] Inserted data for source d0a71d84-b80f-4558-beac-8887750652e3.
2020-09-22T10:39:19.231951944Z  [2020-09-22T10:39:19Z ERROR dt_instance] Unhandled incoming.
2020-09-22T10:39:19.283256616Z  [2020-09-22T10:39:19Z INFO  dt_instance] d0a71d84-b80f-4558-beac-8887750652e3 "228 sw8R9uSmeyl79Ac6akri44cMxTPunYVg70Hzt0hRoSQIHazNrsseIVYhOV8Q"
2020-09-22T10:39:19.296326399Z  [2020-09-22T10:39:19Z INFO  dt_instance] Inserted data for source d0a71d84-b80f-4558-beac-8887750652e3.
2020-09-22T10:39:19.349079919Z  [2020-09-22T10:39:19Z INFO  dt_instance] d0a71d84-b80f-4558-beac-8887750652e3 "229 CuehefRmycQ3howA2HAGfWIfQ2On1sUlRiZeyA9tS8nGW1P6xeNmHgPUYY5C"
2020-09-22T10:39:19.359882796Z  [2020-09-22T10:39:19Z INFO  dt_instance] Inserted data for source d0a71d84-b80f-4558-beac-8887750652e3.
2020-09-22T10:39:19.411600698Z  [2020-09-22T10:39:19Z INFO  dt_instance] d0a71d84-b80f-4558-beac-8887750652e3 "230 CKqD1fAsEga1HBhTNASVHdUocF3qgVspc39hokdlMvDfrIgYogLfyDVENJkU"
2020-09-22T10:39:19.421242533Z  [2020-09-22T10:39:19Z INFO  dt_instance] Inserted data for source d0a71d84-b80f-4558-beac-8887750652e3.
2020-09-22T10:39:19.473244249Z  [2020-09-22T10:39:19Z INFO  dt_instance] d0a71d84-b80f-4558-beac-8887750652e3 "231 tDBvqyD11BYVgexyrxpPv7ly3Md5YmvoBucGOGSCvfm93YKrqyBoeMlB6Gxz"
2020-09-22T10:39:19.483907828Z  [2020-09-22T10:39:19Z INFO  dt_instance] Inserted data for source d0a71d84-b80f-4558-beac-8887750652e3.
2020-09-22T10:39:19.536119076Z  [2020-09-22T10:39:19Z INFO  dt_instance] d0a71d84-b80f-4558-beac-8887750652e3 "232 noEjgp230fGFY5TEL7SZLBWW3GJNgkLF8hk2ygY28GUSZjFVXFn5yvTi1wno"
2020-09-22T10:39:19.547967446Z  [2020-09-22T10:39:19Z INFO  dt_instance] Inserted data for source d0a71d84-b80f-4558-beac-8887750652e3.
2020-09-22T10:39:19.599867866Z  [2020-09-22T10:39:19Z INFO  dt_instance] d0a71d84-b80f-4558-beac-8887750652e3 "233 mRKCSA5n4X0G4dvt9CUY53XKIevRbduKLO3ZzKLYyZEUbYqHCfkBTQN83RrH"
2020-09-22T10:39:19.611285399Z  [2020-09-22T10:39:19Z INFO  dt_instance] Inserted data for source d0a71d84-b80f-4558-beac-8887750652e3.
2020-09-22T10:39:19.663407238Z  [2020-09-22T10:39:19Z INFO  dt_instance] d0a71d84-b80f-4558-beac-8887750652e3 "234 Oen1rN6YFdbciMKrLIRn2LcVEL8AcFXxZFzwrAOwNDjkic0y0aUHhUuX760w"
2020-09-22T10:39:19.677963768Z  [2020-09-22T10:39:19Z INFO  dt_instance] Inserted data for source d0a71d84-b80f-4558-beac-8887750652e3.
2020-09-22T10:39:19.730444728Z  [2020-09-22T10:39:19Z INFO  dt_instance] d0a71d84-b80f-4558-beac-8887750652e3 "235 toI0dTK6ZctEzAYLmQpsgUofMqTn987LHC1FaRXjypniILKjRTgfhiutiZrm"
2020-09-22T10:39:19.739453361Z  [2020-09-22T10:39:19Z INFO  dt_instance] Inserted data for source d0a71d84-b80f-4558-beac-8887750652e3.
2020-09-22T10:39:19.791384266Z  [2020-09-22T10:39:19Z INFO  dt_instance] d0a71d84-b80f-4558-beac-8887750652e3 "236 9EbyHKZqRH1bhTVGiQTzJYzLfwbYGrWAi7CpsMXtQmNPWazftVhzqj9oUOAx"
2020-09-22T10:39:19.802966250Z  [2020-09-22T10:39:19Z INFO  dt_instance] Inserted data for source d0a71d84-b80f-4558-beac-8887750652e3.
2020-09-22T10:39:19.855224591Z  [2020-09-22T10:39:19Z INFO  dt_instance] d0a71d84-b80f-4558-beac-8887750652e3 "237 sXsdXMQn0cUMlXJKkZ9bavAQl7xsVkDBMI8e7GA8nd7KEbX8G88MP0UxBxUJ"
2020-09-22T10:39:19.868569180Z  [2020-09-22T10:39:19Z INFO  dt_instance] Inserted data for source d0a71d84-b80f-4558-beac-8887750652e3.
2020-09-22T10:39:19.920728005Z  [2020-09-22T10:39:19Z INFO  dt_instance] d0a71d84-b80f-4558-beac-8887750652e3 "238 5VILsCC5vZ1f9dNN0ZeBrCBhGUvZfWNWavKvtmHzw5Tu3SfZfN0z8hGhGK49"
2020-09-22T10:39:19.932673901Z  [2020-09-22T10:39:19Z INFO  dt_instance] Inserted data for source d0a71d84-b80f-4558-beac-8887750652e3.
2020-09-22T10:39:19.984819781Z  [2020-09-22T10:39:19Z INFO  dt_instance] d0a71d84-b80f-4558-beac-8887750652e3 "239 CyN78KvZfTbUfOUm0mpL1NuIoEvzogXgb2bfJy9ArYfoyGpc3Xa3sdOksoAW"
2020-09-22T10:39:19.994269492Z  [2020-09-22T10:39:19Z INFO  dt_instance] Inserted data for source d0a71d84-b80f-4558-beac-8887750652e3.
2020-09-22T10:39:20.046276948Z  [2020-09-22T10:39:20Z INFO  dt_instance] d0a71d84-b80f-4558-beac-8887750652e3 "240 mDgsGyQSMZ2nUzKZTP7jbHXj9y2HiLI2cgYXEVYXFgxJArGD26cAG6lkp2gs"
2020-09-22T10:39:20.055067736Z  [2020-09-22T10:39:20Z INFO  dt_instance] Inserted data for source d0a71d84-b80f-4558-beac-8887750652e3.
2020-09-22T10:39:20.107049276Z  [2020-09-22T10:39:20Z INFO  dt_instance] d0a71d84-b80f-4558-beac-8887750652e3 "241 9ga8KItmilb0fZ3kpKgqTLFH4d5tyaNsXQVtRKOXYa9UMYxeZeBzZuVYTo8p"
2020-09-22T10:39:20.118248642Z  [2020-09-22T10:39:20Z INFO  dt_instance] Inserted data for source d0a71d84-b80f-4558-beac-8887750652e3.
2020-09-22T10:39:20.170250150Z  [2020-09-22T10:39:20Z INFO  dt_instance] d0a71d84-b80f-4558-beac-8887750652e3 "242 GdWOu2qitznpcNm4N7v9riTylgNdsgbZ1M3Rww9HH7tuK99Gfl6stKx5sSf6"
2020-09-22T10:39:20.186064392Z  [2020-09-22T10:39:20Z INFO  dt_instance] Inserted data for source d0a71d84-b80f-4558-beac-8887750652e3.
2020-09-22T10:39:20.238235324Z  [2020-09-22T10:39:20Z INFO  dt_instance] d0a71d84-b80f-4558-beac-8887750652e3 "243 OfKsznJTGnacmeA1AVbsSMY2GB7sMd6a78nkMYxdfwl3PBw7WK8F87nIbvoc"
2020-09-22T10:39:20.256067222Z  [2020-09-22T10:39:20Z INFO  dt_instance] Inserted data for source d0a71d84-b80f-4558-beac-8887750652e3.
2020-09-22T10:39:20.307944686Z  [2020-09-22T10:39:20Z INFO  dt_instance] d0a71d84-b80f-4558-beac-8887750652e3 "244 9sRlZCn491j5f7DjbyhqVcNed9NAVf26UZoPU4s6YL1sqdv11TJQgqJNycJ1"
2020-09-22T10:39:20.320668262Z  [2020-09-22T10:39:20Z INFO  dt_instance] Inserted data for source d0a71d84-b80f-4558-beac-8887750652e3.
2020-09-22T10:39:20.372265714Z  [2020-09-22T10:39:20Z INFO  dt_instance] d0a71d84-b80f-4558-beac-8887750652e3 "245 9RaPfQlirsVqsdTaNvG8zkFWYSK5p3dkkTWeK24E7i65lkzJs7D7Jl6IZIFj"
2020-09-22T10:39:20.386826844Z  [2020-09-22T10:39:20Z INFO  dt_instance] Inserted data for source d0a71d84-b80f-4558-beac-8887750652e3.
2020-09-22T10:39:20.438471598Z  [2020-09-22T10:39:20Z INFO  dt_instance] d0a71d84-b80f-4558-beac-8887750652e3 "246 4ibd6uhsa6Gph1dXOfPSmDXVO2pqXgamVi7zWZknWqEKj1bk5Pl5vHcC0Cd0"
2020-09-22T10:39:20.452350801Z  [2020-09-22T10:39:20Z INFO  dt_instance] Inserted data for source d0a71d84-b80f-4558-beac-8887750652e3.
2020-09-22T10:39:20.504234652Z  [2020-09-22T10:39:20Z INFO  dt_instance] d0a71d84-b80f-4558-beac-8887750652e3 "247 HkVHw06yMhdFHQmkoq6dRVwvzhwXhBAhMcRZJwJvBWErkq4BaoxEfNoIIV6D"
2020-09-22T10:39:20.515906193Z  [2020-09-22T10:39:20Z INFO  dt_instance] Inserted data for source d0a71d84-b80f-4558-beac-8887750652e3.
2020-09-22T10:39:20.567989664Z  [2020-09-22T10:39:20Z INFO  dt_instance] d0a71d84-b80f-4558-beac-8887750652e3 "248 HvjSug0Mu3rWAXYghx6gmkK67BGMpexsq6PQ5rn0TQoP53JD3EazO8SAP8mh"
2020-09-22T10:39:20.578976277Z  [2020-09-22T10:39:20Z INFO  dt_instance] Inserted data for source d0a71d84-b80f-4558-beac-8887750652e3.
2020-09-22T10:39:20.630808183Z  [2020-09-22T10:39:20Z INFO  dt_instance] d0a71d84-b80f-4558-beac-8887750652e3 "249 5iYSVIa2TvUPMDsogP0VuPKIo2TlVVFUazSHv2DLpNzQVZ4OT0AKSFDQ7EDH"
2020-09-22T10:39:20.644151682Z  [2020-09-22T10:39:20Z INFO  dt_instance] Inserted data for source d0a71d84-b80f-4558-beac-8887750652e3.
2020-09-22T10:39:47.468424317Z  [2020-09-22T10:39:47Z ERROR dt_instance] Unhandled incoming.
2020-09-22T10:40:17.469530996Z  [2020-09-22T10:40:17Z ERROR dt_instance] Unhandled incoming.
