2020-09-09T10:52:43.790400834Z 0 eJocgO5V5Q7QpM2p7IYgwBfIkfQN0CeFiJajdXERpNOxyklkwpBs2u2XJRcFaE
2020-09-09T10:52:44.041794333Z 1 noLHegyTGWeQLiOOyrotAiDVBwSVmtbWY0yI7xTkrJ6ZqvOdm2G12jnB1ZtxPw
2020-09-09T10:52:44.290339529Z 2 bRfzcpai0vXvNnd2yydEMlzzRK8SWFRaPK2a480bWDmLb17vITlDLTfUjv0dEI
2020-09-09T10:52:44.543081313Z 3 hokWXGsHu5m3rhX7D23iukaLtX47NLvI6f8CVhwBm4F9go1uNluE4MFp0GQRhF
2020-09-09T10:52:44.795412331Z 4 0vzCtPjWRx9ZCsA4SL0KN3OqI4zB0IlSRGDq3CRMl0WyCYu9LVK6KUnpKzwwEn
2020-09-09T10:52:45.048188798Z 5 C5FEKp3hX7bJyH3TLnSz18NOcK951Y8FRYgeMZWeg9jUiYJlVGjC2EqEmYlUpb
2020-09-09T10:52:45.299067979Z 6 RpfQc2hsTDCRPKVxvAJzJlCrgWfnytIVpYaNtTIEEenvy0G01vNxNNhHjZXMXm
2020-09-09T10:52:45.550750277Z 7 JZ2cVvEA3Bh8avGu0PSs65LEovLKqSD1fMx8Z4RSTAktTWIZdSoZAQqdsmS42f
2020-09-09T10:52:45.801766577Z 8 wo85BOezZgc6lCxE0gby8A6IKl8kFiCjC0BDhCPJjmdxD5RI3Zgo085USF5uHa
2020-09-09T10:52:46.052309257Z 9 ZDZVD0jX1YLUH40ny3LHeNf0Rp4pYpAn6b7gvjAYq928JFlcD3X2S5yjzguD7j
2020-09-09T10:52:46.303768314Z 10 089AgWL1Yk7sgh7HGurfRXrnBpZYPSjND1rKLD2r9tlFImIfk2PFbebFlngbr
2020-09-09T10:52:46.554847386Z 11 W6LotttcSH61J6LxNoLbIz27Mi85Hx7Nl4EWZVsfrleN94W3ezRjcCpOUsmQ7
2020-09-09T10:52:46.806788625Z 12 niiZFy0yZhxgfQS2NhF93DNkp4CO9dc4R2xRVvf4EMUV6LTPiShiLrEuetVDk
2020-09-09T10:52:47.058433076Z 13 c0h50xBzlE5vMAiKfkLzFm6Zw3j6WM6vbDJpU9iKxPyl72fjLCzbzXHFRvdFK
2020-09-09T10:52:47.310888672Z 14 Ti3nvlaKntglNbYlVS6jYHqDul5LPWD5swes7meSEyJg6jvQAqHEUfwWSnI1u
2020-09-09T10:52:47.560334565Z 15 5EjYcAKRFnWLRLlQjGbrPnsBU6kli5SzY6vdoprsq37uNuEoCoc5oYjJnybmL
2020-09-09T10:52:47.812013030Z 16 4SD0PUoScWAHuZ8VAfwKttmWeqRXw3kr6GzpTfJ4qyLGKbflEOQX5OZe12l8N
2020-09-09T10:52:48.062867692Z 17 Zcra9bXSygGs8DPUdaX35ZwnrxPIuPxxKnfwTECntBJzGpiuXiTXG2eX0rCve
2020-09-09T10:52:48.314255948Z 18 SEOFb2TOL7zu8XewpnC4MxqOwgA3Y46h52Bw8ESXu2qrR4qslYwzbPuqYwA8q
2020-09-09T10:52:48.564597699Z 19 rmAtd0NjdsYRf4KPvlq1Ja4fydVNA9SFHSOlpVkyRqoEqYbF5cStDWPQJS7Ap
2020-09-09T10:52:48.816574360Z 20 reflHJAAZVSfB9RLVXv10fi8oTTws2kBsLyWdfIgJkaKFtIOqes5FsHaQaB2Y
2020-09-09T10:52:49.067568483Z 21 EEt4zBU3YRR9yTOAtXXiCnwdPXYEQmW42nlJnKUNqlCglVXhCaf5lkRQdoRy4
2020-09-09T10:52:49.319109478Z 22 OO78YjOzu7s3VvEPWwXmmeg0koeGzQd01JsMMIvQNL3DxvqDYNnuX9xWCv7dH
2020-09-09T10:52:49.571091017Z 23 sdd4FNAQcEsYW8gf0pfYK8yzu84HrTqPhycdPzvIKYCymAVcdgmXSSZMpQAJy
2020-09-09T10:52:49.822864332Z 24 4m9QwJRRYCAbqycRSqToYcp19qi3roXJbN609wCyaH0QWdSSHlGG2tkYjy4Yd
2020-09-09T10:52:50.073067340Z 25 gqFMUBuIwc3WIuUEWfZvyxYaF51aOk7cHLG1wJoB9eouRJtoVQrJM1AyCzEkX
2020-09-09T10:52:50.324826181Z 26 tMGiF6071W2yU2185manckcYVcHGp8JG9nIxH4hPD4TkRrOZDSpDY4XYsjHvJ
2020-09-09T10:52:50.575567529Z 27 8cV9OpIagFADfwto5INHbJ59qhL7V8MnN509kyo0Fyh22gnLnmryLxN8HXZUu
2020-09-09T10:52:50.827410711Z 28 PJZSZhjTlCvYR6LFkWt9rUxXW83cbHWLwlfruBanzSWeASWZMDCfe76rKk828
2020-09-09T10:52:51.078227534Z 29 hYI2bCMDTO3u7nhk6rwIHyaDj9A3LQzT1vynFIHwubdF4FdU829sW0zvusSwz
2020-09-09T10:52:51.329451004Z 30 NPtCRSW0U39ZziGkOyogrvzoTQsqZj6z5aCwAEDq0chm5NveeN9AYxoFrhupz
2020-09-09T10:52:51.580935901Z 31 JIHACNLOrcjLuvPAAVIMUzCu9HutCSHWXzruxSKEnf1jJDC3HEQ8yG1dEMVUy
2020-09-09T10:52:51.832388714Z 32 yTQlXWH5JANxVupBnDQnjbbfxCVFCOhj6U2BaqbxIdJQn3LhkyN5VFfa8YRJY
2020-09-09T10:52:52.083886273Z 33 is6wXukO92ZmLtO3mJ05oHWtGlsVWcWHZ7bmYeO4dxjXshGLTJaHuJpgx1tfK
2020-09-09T10:52:52.335305860Z 34 o5QamOdTepApJ0KKlG5MFYmptYKplZNVEoR1Nx2mYVeYv9zTbs17C0zJb4S73
2020-09-09T10:52:52.587382974Z 35 r2fvr3kqvlNScXv3GCbxKYAhX46rOLbbdDHEE6SMQkoY5lvWZEenVa2JLjaeI
2020-09-09T10:52:52.838923428Z 36 phrB2JsP1Y1vqvALl4NjAYsA5D5kmLcYTPaE8FvE0ahnQtIW4UPCWCUhbY7bN
2020-09-09T10:52:53.089865851Z 37 F0VvAdWrrfwHnbifDTmKBHvGwpwR49VjGcDWIxbjMnKPLWkUuHHaw8qxGe80U
2020-09-09T10:52:53.341601263Z 38 IHHoPwWgHNiuF5g5UOjEDqyDlubhFuP36JCXweynjKgC9c7krdw7DC9dE2F0N
2020-09-09T10:52:53.593278612Z 39 tQykKyKlDwYl2tJxLdAYZoAF6dRon2ZzgGvLHCU8C7am5yYOICuzHEjDHfggp
2020-09-09T10:52:53.844480127Z 40 g1o2rJ2GF55OOWkyGR3AhLtlLitd9OwfGv1pEbr5p1lCkHUevTaGJBtq2w03G
2020-09-09T10:52:54.097214598Z 41 EhMn0kVx8eXZUoCD8wjEn4cblgp9enr6IGqLR8brCuWAisUz4AUzUHX6ONO3P
2020-09-09T10:52:54.349051487Z 42 UOcStnivOzICF7KJ5F2q5a9eROYTNTelIFtkCGoYT5NYFxFvCCeyxubYd1tLY
2020-09-09T10:52:54.600563697Z 43 KX2a4rfb15YdD9f5H4NKE2NW9rndNheyMMIcv8GjZm1J5eir3zaFgYlYKFKpF
2020-09-09T10:52:54.851778912Z 44 c0zMO3wep4badOfiMD6593kYz6H9iPeadgpEhd3RsDWWydo5pS3WWUH8dj8v4
2020-09-09T10:52:55.102712401Z 45 GSsAJ3313VeTIKXS4y9nnfFBn968grokxyYO0ynihKmDrGlh5By5z9hJeyCwB
2020-09-09T10:52:55.354234621Z 46 ScA1tQaBOSJf9318WYDGV1NQEfS3kqqkxTObiOmR25RQOYxl2jpKaHyaWvtd4
2020-09-09T10:52:55.605922196Z 47 KgCxhFez8QJ7meGs39igVk87XV3ekxfaR1qijB84NQr2plMt3uHHyEjxxZEp8
2020-09-09T10:52:55.857811212Z 48 D8u4vacq0PgthuiEX54tPiVbB29nqhLwEkT4XuQg399Wqa7z82fmcbjngkmow
2020-09-09T10:52:56.108400299Z 49 eDtujNcVrVCcbMPL81yoRePxlg1F6gqothYPp8kjxVr1gQ3mVbCF0n3v1yGtr
2020-09-09T10:52:56.359599909Z 50 qCaWVKgqB5lCsCywLcSG2Q5l5FEBDR9KfwMaQxUfJoT9LWXSc61MrYGujXRRv
2020-09-09T10:52:56.611598284Z 51 TbNiulsdyVAlAKHOdXODaYhPlsW5zguwej083rG5FIh6TXeRTc01ImivezD81
2020-09-09T10:52:56.862347248Z 52 4RbWAIPtfd1fQXPXtesgwQVI7erKUuz5ZDcUBioDMTC8cFg0GFEAakYOwTCsX
2020-09-09T10:52:57.115248093Z 53 RVq4r01KE4vZLYRfelT0x8ZDzujrmduigXeIFFqqMDftGHXykYv34g4aAJtMe
2020-09-09T10:52:57.365072672Z 54 LHZsCjM018Ae3Vqf59TVfCpCFEE3bHhYAuuN0pO4eHX0YFnDGHHHYdaQDg4Bi
2020-09-09T10:52:57.616346614Z 55 lyLbYn6rMNowdTwQR9kwB0Ml4PfmZ0cLeXdzoKtbNUL9B3MmZTiKBt8moTwD1
2020-09-09T10:52:57.867248983Z 56 m2QTMbM4v2pn0oCebaCNnPh5861eenQ8xPaw7CFA7BaQlgbFomO78a5K3ZAsb
2020-09-09T10:52:58.118381145Z 57 FwcOfKNK2mviOQXc9YjQv7opUVyH9kH6avvULSmXqNBnTJmIlDki6SJZKCd0v
2020-09-09T10:52:58.369659556Z 58 rNPUPydnxf3KRm5YYoaNtJc60XKIJDSYbE8okl9Hhf6F45d8tKaq3JF7VHyNg
2020-09-09T10:52:58.620766445Z 59 jXOhVFIIqxpI1enrXKpbEF4jkQkEJoCDfhsyUxAEUxhxq9hOaXtps5Gz5lM3M
2020-09-09T10:52:58.871700970Z 60 MnTuhmfaP83XDXEQ87Y0HnO1phfaQdUt1HSniuDO83n2RmKftZvZbV2Wc8y3h
2020-09-09T10:52:59.123653046Z 61 0RcP0L3zkWjVmxi5b0PzkmpYOqdv3LcfkI9klkoNztpbcKvjVUgkcW5BA8TPf
2020-09-09T10:52:59.374456903Z 62 CB2jwl86aOAme081N2m0NTkQGurCqmQHD7LniWm8Rl8zbeJcDSA60fzujxLdg
2020-09-09T10:52:59.625589371Z 63 hr4b3tvKcctfFUaY2oguGVF5WTei6JPARg0un5Fj0wXPsoNwIbJV3ODZCjqCe
2020-09-09T10:52:59.877264805Z 64 eU5AEsT4Kni4F5QD002ZQ5F8PWaGvmPBJpn5OYRCEGo2Ol60u9V8DvI8g230C
2020-09-09T10:53:00.128869970Z 65 r9hkbn7uky5o2DvbFgMZ2u6V2Jgh77x84yArAjUTOaiUvN1LPcEfmy7POtiAv
2020-09-09T10:53:00.380628095Z 66 wia26tX6uXTb12SnXDbJWAek1sxVZGzhiK8LrvCXqfebRsdBYeOuUeENHhWdZ
2020-09-09T10:53:00.631524763Z 67 7kBFDgAPtteKd87eqhuaG9bUQtf6JsMikUqDGH4chcU1lC1ZeTEDqXCzsCpL8
2020-09-09T10:53:00.884082977Z 68 AwJiykngq4wUY3OT01vr18e63WkEpnClSLo8W9bAJWSPch1Dz5cec638qKyZV
2020-09-09T10:53:01.135333510Z 69 Dmikkqo4HEOKeoem0asjCJ3AM3RjGanIhIOjS8I6r1JoZPGO9la9xz6WqTPyL
2020-09-09T10:53:01.387014756Z 70 slMnR2CjWCG7gGxxRjPhDXhrfT9wbokrkK56AWqgHmq7Xk756PwYG2wT45XSD
2020-09-09T10:53:01.639235637Z 71 DNvwuErzZ4pGr1H8HkW7u1MzSvo52VwUNZEOTI1s5IY5s7nT7P96HB0uRPpdJ
2020-09-09T10:53:01.890292420Z 72 9TeqDrikP56wPejM7mXqJ4AJix68kLjxfufa259MxlEkpgJQ3iLHJt0UmSLhx
2020-09-09T10:53:02.141508435Z 73 y6tW9bugQAhR68i2dW7cBiZ3MbdSoO9VaRyuaJ3bXZCPx004SiaKimFcuSMJE
2020-09-09T10:53:02.393383266Z 74 7SzptF961fvDAHYODy6zWbPyM5RADz8foqdJibCZHOoS8S3fvVfGTSdeqnNau
2020-09-09T10:53:02.644875800Z 75 665yqSzm1UloJTfQ98p0ZfAD9d6yYpnPybTFStcORXFRRKkDp3bS0eWJMOtsk
2020-09-09T10:53:02.896479229Z 76 hKfBfSfg8Z9J9KGB5u5JkxoIhoLu95hOYgcWiQ0IHLmhmN6yOE4ULboBsfh1K
2020-09-09T10:53:03.147640329Z 77 62AvVNSht92IEbMpQIFM5kqIdgPPm9AGPRqP8E5TLwAJj2GkJwninvtBNzCqt
2020-09-09T10:53:03.398779148Z 78 REk6qH4Ur8fpPN15gOkx6LUH7kqGGsWzMtWLYs8BSUbfhEi04ih8unW0IbP71
2020-09-09T10:53:03.650317337Z 79 0HzYbcnO1xpztRzPvVjpfr2rlGq7y5zlO32dAXj2eQPUxJSAK0mulBvAVjjDh
2020-09-09T10:53:03.902024522Z 80 A0GgZMprCmu2DwKZYFCAbCGqbH2yOmJmuRlzbWuNfVFnGXuVnib6nCr39vKsM
2020-09-09T10:53:04.152104301Z 81 FeXnba7W3wc0tjxWxnBYhOICHZ9Jyh4SeS9yVTtwwzJoztGim4YDAZemQqWms
2020-09-09T10:53:04.403745699Z 82 wRqjxsrvssKaP18cW9r3wyctni7qQn8k74iYXa2ByZWdOGODI6uIDKoB81QUJ
2020-09-09T10:53:04.656458339Z 83 DL5WKXo1LtSmDc5lFhx9lnURLRw7QIP1HHFjdzm30IbZPzzadgDEz5iW8KS2V
2020-09-09T10:53:04.906956356Z 84 iAcI391vCyGGZ0E5EAxs1hxIgGci8qBKfp0StHofOna74uy5EFRg2m4KPU3j6
2020-09-09T10:53:05.156927341Z 85 5mvqK1OxtTe48ukNAspI0i3yNf5tj6FAsu0UWCWvzcNr899qK3Sv6w3Ra3ES9
2020-09-09T10:53:05.410403936Z 86 ZXadjECigB8Fj0RWzmJVbgG1b14gJMtHZi9IaTmy7XhpyMqAdW744JWopjSj2
2020-09-09T10:53:05.661567362Z 87 j0ajXi8bGl9571NqRHnP62NbLJYkO6xX4RdjpFQyl9n6tRjejFlEETkPeKaeo
2020-09-09T10:53:05.911417113Z 88 LQi4aMeWyjJKKGJ9LBUNENDADcQY5apVrztEX0Y2tLeLH2iIzMFKvG1eK9Dt9
2020-09-09T10:53:06.162422789Z 89 mme9c1YeFnTaV7mmdIFK4uGsGukMkQN5FiL32v8wK0BVcD1jOzpXg4XyGlpGc
2020-09-09T10:53:06.413492600Z 90 TDmlVl5NSOvYfsQXscxbDdcIaJ88D8PFjgwN2Nd1YAFkLlQuIFAnDgRmrq2YZ
2020-09-09T10:53:06.665851222Z 91 fW40NcLc3oUX6dnatkqs3EwhluPMyyTL4uc0ZTQVvCnWY9zX3lVJr99Bd6Qxm
2020-09-09T10:53:06.916567485Z 92 DdcHEEteiWkZK875uiDlr9U1vh4DtrVrHnUO3KxOOHt653uXcNgjekbsY5pbR
2020-09-09T10:53:07.167448698Z 93 h6upk4dymjAgpYVDmy264DjKeE0KqAaqsQydbGrJQuSGtZbWR5yH8MO5OX6tX
2020-09-09T10:53:07.419163239Z 94 YenPxuTIOyaVijRBqciDR7bxzOInHTBBjQQfWGsA093vZ8xApeVnTH3lftgOg
2020-09-09T10:53:07.670350256Z 95 4shY1dMvcZAVmUzZix8s4znzcT7HmkQK44sW2kPfKXUOudAk5HClefJF6SNiV
2020-09-09T10:53:07.921314555Z 96 Eo6ehtU8bERxtgyMjFRpaj4B683X7Y6bBFvUwQiImlGpU95y9D34j5TG41Mt2
2020-09-09T10:53:08.172700212Z 97 c5XmV05E61fwP7DUCuGnXKSVLoEQJSpkajkvn0pfPEZ3ndHeXjQWwUU3Rg0LU
2020-09-09T10:53:08.424222572Z 98 3A5T1NIKz5NzlQ5I4Zd3iagNRZHSAYuuj7j4xptdRmDV4mPOWhfLVE5iKO4UC
2020-09-09T10:53:08.675728174Z 99 K6sTrLmiRhcvU2Y3f6DEDAPTXJG91I6xnmZe3ziLpminrPEsmHvx2oPNAh3S8
2020-09-09T10:53:08.926880557Z 100 fvIsv2lmrFSobMcp9dZQwXTEKpHxC9KONbSaQnmpGqJumTRLbHfVC5ezOtAJ
2020-09-09T10:53:09.179132546Z 101 pnl5NWDUrKFHP2avG4l8eaiKOfGUGV6d1Q2D18XJFaG35DJ9NpBx9D7j21z1
2020-09-09T10:53:09.430376510Z 102 2L6ErjzAR3hTZJViZW7ohhfKuQ8ZrP5D2aP3lOvV9rjs75hdCwEst1AumRGJ
2020-09-09T10:53:09.681961730Z 103 DvetoQffYCPYkQp2nSBenKoT7TiEV1da9gSRrW2hQNh38j3cA5Bg7p4AoFOd
2020-09-09T10:53:09.934284436Z 104 Ua5pV5sxtZtcYd1K2JGrSSR5ys6kjz9RVxfgbq3vo4Qo0m6Xlq0So5Tv9bsn
2020-09-09T10:53:10.184297898Z 105 39nyc7fUlyeDKYKNEncFfY6iLbi51iFOmKP4T9wlRwRtfZMH1GB0lC9psqCq
2020-09-09T10:53:10.435844725Z 106 k416Di9CWpJGWFaWnF0jLNguD3rxz8pdUuGQiUJga2bhPBFxNqNEy411wfXF
2020-09-09T10:53:10.687289934Z 107 aV4NoU8mA9X6LZmUjqgH5WKXrshxZeMHorEXxDlAQwAjbavC9yFZ9PG2cDbJ
2020-09-09T10:53:10.938891985Z 108 mbVaX20lbZobLnpEYjBfwCHdGghiPPnVJ6H6o0D9Q5xvSRyrwbHUWoby3dJB
2020-09-09T10:53:11.189805360Z 109 zztUe9NXfEZ1Q7y74i0102SIXY2Y5J3KyrTihonFCVFl4mgRTbKh53yDD3F8
2020-09-09T10:53:11.441043976Z 110 QWzmvncdIHfmbxadu8zaJoNTj8JK2VYKqvjhu64xDRRn4OXYKcmE25KA0LSB
2020-09-09T10:53:11.692293449Z 111 UyOLjqltGiJqIXge5YMgnNEOgb0wCSlB3P3DOKDF2ZCZt9YZPokN9kQGlfRh
2020-09-09T10:53:11.943677641Z 112 2zbmpholk0ULWazgpznkNBeeyVZ99HfE1fxLDUXiGEjJy4Lxv2LnrnV765Rr
2020-09-09T10:53:12.195626212Z 113 mB2Z6ODToISHDbcWfzVDKK0640EaV6nSHEmyHu9dUBLW1YUBachAqbehQAiX
2020-09-09T10:53:12.447701158Z 114 MQXGt1auJbBtNYtdgytSeR8JjdYJQgDY1KDJIIXwETykxfBAYgv0wM9QXJQ0
2020-09-09T10:53:12.697877766Z 115 mCcANkpcO5PKM6INMJvfXRKlsBc4HUWlNDFWYoQJwyCHxFfnF0I1un0w4mwB
2020-09-09T10:53:12.949718349Z 116 ZHLfuotxjKdiU3gh01Whf6NQEwh3YqHc8y7ZcnedAoqBXVbTHHItYJi7ZGBZ
2020-09-09T10:53:13.201022448Z 117 4zGrUiW85SeBoh99bslePpu0vT884FG373khp5yZ4mHeErHUXdmCZnrTeZr8
2020-09-09T10:53:13.452698252Z 118 UP5E4anlKHbZfwQZIrLGj0p8GZwrNBqvRlAsMnYAbJt57zLTmjTFGqjwis5E
2020-09-09T10:53:13.704747381Z 119 GawiEXPSjJCUkvDUhEzI3f5O8jW0lBwdP3zNKHfBreMygz4DDQ3vq3fgGxoI
2020-09-09T10:53:13.954884645Z 120 7zO5YUd0xIwEx7ovmgXDIiC3ZzBN0kumVwEfdRE45Onw3nxOhrTlEawIqQVk
2020-09-09T10:53:14.207722067Z 121 XnFtIdRP6axzrsPsUfUQJ2zGqHw8KNPJeQZ6FvMawK8P1d28KTDJcxZs4OUB
2020-09-09T10:53:14.458562253Z 122 chnxKeVStFmwqJYfMOrnbmyJs5gKAjAfp5XFFciv7soEQWT1zfYYgqu4uva8
2020-09-09T10:53:14.709481350Z 123 ZpfQXcAlCWQHmw8R87E2LvMZelWbvFiMX3EGNeQN2Hwu8krTdLpdMFwvz2Dv
2020-09-09T10:53:14.960734108Z 124 JyZPYG7q8jyOT5Mqel2OoXnKmAeUh91f9rGw65UqsIymhM7bQy2xYowbVqPL
2020-09-09T10:53:15.212213846Z 125 SiQ0Oyuv7BNw7oaxRSdvmwEs4UPW9oQ1QuGYsrAZe9BeIa4BnySbPcLuwbPc
2020-09-09T10:53:15.464032322Z 126 k4rtnWY4y2iVg8chpb0QlX2VTp9UYKERqJzHyKttvaCJ29WantgWt6zVMhhG
2020-09-09T10:53:15.715583988Z 127 oCvhpmW4QNJOrczDmrz7tbEszsbZC3gW5nPB5WCRVxcZtRl087hJSJnd5Ub9
2020-09-09T10:53:15.967583620Z 128 0KYc0bzQPBG8PGsQEfvCNFJbGorWdyQUtEgUHt86Wqf1gT2wnjckl6xFINtT
2020-09-09T10:53:16.218613018Z 129 NxvaRrng0d5gwQ88XgRVCYUuTbdeJhBB6USMOZ3qY1EquUmRKUD6BJdtoPAi
2020-09-09T10:53:16.469652768Z 130 MEJg4D0OF2Ld9zyzs8v9Sv2GtHAbCGxJphp8xsftpz9sQBjhbgPN2yAugXwa
2020-09-09T10:53:16.720212163Z 131 3CKPBeZEbMV71sEADPkhYFPbhLTHxZzjg1BILi6lJVBWDEXGBjPBt4JgZmcR
2020-09-09T10:53:16.972034736Z 132 2X8kpGmXgVZ6j8SZVM6Svv9TlN6Q98F2sjBAzu15RRGc0LjDhptA8iFdeVtL
2020-09-09T10:53:17.223925885Z 133 cvQVOFjIXiMqmBBtGbF4L0xWwkuf994eDMJQJyHLoUdlOxLtr95dZ4144VSD
2020-09-09T10:53:17.474362570Z 134 DOzIXopeqWZkYw7dgrdZ5MiH2GXniyTGvcZnQaWGDYp1hufLrVbviHsQNijJ
2020-09-09T10:53:17.725615641Z 135 COjTbcFvZkJcHTSTP55tqQuUp2cTUYBzBvopSGTogrWqRf7FiTUyFkCUPLSb
2020-09-09T10:53:17.978003578Z 136 sBXBNIVTIsjKzVnXQxsAja2bBzyvdtY9WhxlzrwbqwheZReNRIIPtMnyJI9W
2020-09-09T10:53:18.229667716Z 137 PuRh0EgO6c2dulbtD21yzN2mKfdygXDHRpCcIFBB1CTH51shUFRKUCbtRY9w
2020-09-09T10:53:18.480903883Z 138 wkmizu142Wzgz5ibk9wLRu1tVGsvGrOoM8pzqcHKAFbjBe6BO5oVoUvUUU9B
2020-09-09T10:53:18.732291765Z 139 MX9Icz6ZahkOQNLb3Vbu50aG7UOpE5QAQ2WJgcPTCuDEMONthEpU1ctFGRej
2020-09-09T10:53:18.984171842Z 140 HgjlUsKXLegC6LboxiITH5ac2rjFto5JJycIrGXczCgAhJ513VSvibVCTfHt
2020-09-09T10:53:19.235503031Z 141 Z5fiG25yBxIgvCjAF3GDlzd1E6r8xIerJD9napfXmB3bTQNYidVipkyMHUhs
2020-09-09T10:53:19.487213999Z 142 L20kyijCEYRJOAlFkBDKnyV0WaNd7sFpoTq55VfHZFgsLYNPJSfSF04aWKdc
2020-09-09T10:53:19.738613546Z 143 wgiZQHkPZgt0f2YIUI9RXbFA2zf41FFF5iVdyjfwoJF3hUJLPbwqBCSd5ms5
2020-09-09T10:53:19.990130831Z 144 OjgFZU7NsIKZdPI2Apj5vnGqwg1N5BH71uslrpFbeVGEtUrNY5yv4IrvXq8I
2020-09-09T10:53:20.241027682Z 145 ZdbJhcBJq312S0Bl00AG8mdC3YnHCuRwvq8OVE1O3gxJInuScZSeZTsopnXB
2020-09-09T10:53:20.493011089Z 146 uy2OLxyEDu0AH0IZJPe0d50sEyJSbnwaw6Et4fI1aokBBkYqKrVrM4Q52vk6
2020-09-09T10:53:20.745086321Z 147 iaktMsL4CIkKiDDvDRnAiLiQHMco7kTdb56XF1YjhrrljfEcZKr7CyUrCmGo
2020-09-09T10:53:20.997261826Z 148 DqQePDLIWpCY7RdIaOO2ecSQxOWAZLNo7DgEW9x0dRRTIvB7pbbMo8FacjgZ
2020-09-09T10:53:21.247251388Z 149 uHnByS7aX6ttiQe9evgACfIBnoYp4lbyssiMVlN5zCy4GIJthMO7DNvZ4DKf
2020-09-09T10:53:21.498622151Z 150 YeWzz6paZlUFrbiwE9TUZGMAEypyZe0PAVc7w4V8TxazzPTOXl1WvtATyQ07
2020-09-09T10:53:21.750890394Z 151 vCk3aG9OGiPnosor7svKTnkrpZNQTat3GqtcM4lildsuNFfcIYcqD6LcvSKy
2020-09-09T10:53:22.001797267Z 152 XY4FpahcaxKV9csDMfP65imZy4UMEk51fnZ0d56fKXSG2864UK8LV8Lu7uiB
2020-09-09T10:53:22.254959768Z 153 eZAK6RtlOQs82VAZYQqot0LVkzVbi24PVSOyiUQOz2PvXvRx5dgWXx2KTU6f
2020-09-09T10:53:22.503285596Z 154 U9sw63UWduzrrVuBRpUNgx0ETBPgsvUx9Cbj1ZcHrdduFJa7ZL0TOF7G5A3L
2020-09-09T10:53:22.755277978Z 155 q4y1h40Ru3pySOXlPZhK5AlRYeifoXwaQ7TmQ22rZje6OwOftlyfbZzy1ecp
2020-09-09T10:53:23.007440500Z 156 sodDCbR79Kc7VeqRdNM41FYDnk6KuJe4nDu7CDvftARTObzWSZXhPuDVsZ3J
2020-09-09T10:53:23.258440193Z 157 lxQRrrrFKnpGbl0UVfEncBv3rwSSkW2IiWHr6QW8nvYfhcocwCugcPQ4aXaL
2020-09-09T10:53:23.510148202Z 158 pU690EvexKk32nYh7TxOpScyLcgdTSthfwQB9636u6MNDggrWmvu3ntIK8bM
2020-09-09T10:53:23.762435673Z 159 4gL2jZMDqUIXEztGNRkJznp08FgGgXwx047vU6wHsibZPVJg0r3PGTZaazfs
2020-09-09T10:53:24.013440174Z 160 YsRK0REtsrcM4diKX5PHHHuvHUbWHnpAFSPYY5mKNHwJAYfYTlyNYrlYV3nK
2020-09-09T10:53:24.265277704Z 161 wXKroXgziH8ktr1txHaW5gaawY2wo5xNEO5lKV1TispjOhHCViy6F7fI35lE
2020-09-09T10:53:24.517142130Z 162 3obUpUMXhhFIrj4Zgq92KB2HjqtIJPwuNIcFCQknPQOINSrfU3F5QWupfwO7
2020-09-09T10:53:24.768572458Z 163 GN90rdy4Wtc9pE4RJkx5Wf9pUSLZZOiQGPXQ8sP874l1T4vXIAnm401SJwhk
2020-09-09T10:53:25.020346210Z 164 eP4Y8plpuHEYBg7KUfAywLpfjp8DAbdo1VgjLqgyZxqyCdpqw3ZY6O3IWOW6
2020-09-09T10:53:25.270660807Z 165 AWVkAWyEEDhgB0rVkeDR3jSBd0QCTSWeGFjpcBKLyAxmLOQqCs0SQy0deM43
2020-09-09T10:53:25.522603408Z 166 UsRzVKQR5E0Gfgsp9GCYRlBLH30L2q12GBIBPHk6TDtiO1JUoWeHEu32LcsO
2020-09-09T10:53:25.774919685Z 167 DohR5goYMGVq1jwMrdRyTgeqJ2KvJUDfJySQpkYhF0AkSXkaUFlW9FvADrME
2020-09-09T10:53:26.026718802Z 168 Lc9MTbYNGNCkgqRqEMiv88SX0oP1O4D1LEnUWJTAIz9ej6Ie6IXrMH3uliWg
2020-09-09T10:53:26.279333877Z 169 dwNzbsR46L4CyIgdASa5xXJF66OmWF9adkMMjiGOB0Kk80kbjBzD9QkW3fUN
2020-09-09T10:53:26.530373813Z 170 sdT68ROOqpTWzMLdwXqQ6uo6xiWS3ds5lrxyakd4voYuwQnzrJ6mVeTuDpUv
2020-09-09T10:53:26.781703164Z 171 pXfztZUTV7rG84C2F0hv0JBznSPxtWlR5vEYUQC01SoMfmwe8QxBkyOrES4u
2020-09-09T10:53:27.033952289Z 172 ONOuZb4UQfl8wV6SoFp4MUQRmI7JHMav1fqf8nhNRXTdlRGKpvcUDCbJyPMI
2020-09-09T10:53:27.284807521Z 173 3vWESD9YZXcdauOsnbF4OV3KKJozlhV90Wax6CDIaAKkn2WWfHcGBavdzShR
2020-09-09T10:53:27.537009149Z 174 fSyNfMtv2VQHoDmg3zN5jpW2z9ONWKajAwjf1u1lNTLdl9tUnePKMWk9x548
2020-09-09T10:53:27.787713052Z 175 6LZhoq2Dad2BSBuZUP5UZNqsFhcWqO9qFPNYEMrGXnR56G0pfgpHmLwSqYqM
2020-09-09T10:53:28.039936742Z 176 F2Innvci7YyzfZEOOGG00gyEGtckzgTrJn0qwdWwmC8JdscwOViizIEbevh9
2020-09-09T10:53:28.291937887Z 177 lCOuFvYw3v1TXuHf0AqXfKsdTpPip0CCZaCsoP3iu83v6JLmiKwoTnvQfTGQ
2020-09-09T10:53:28.543071266Z 178 D7cmTyFmKLfr3udpNXHGEAVZLFYrlsLj0rqcVPtY5wytK9OkZjaZDxeLwnif
2020-09-09T10:53:28.794578407Z 179 kPeEcZBxHyd16xH4rf7uVSagZ2GWWxZHgQFLeeZIfFeWdTOwMOhDSEaGUfJ3
2020-09-09T10:53:29.046442991Z 180 28QMrJu5LehWxerqP3osJnz5VJJmVlcsjCJf7C56rycDv0SsMAbYSxjnBcKq
2020-09-09T10:53:29.296582407Z 181 NTkI1Tvp1xajXVA3ZekJlguZhDO1dZXY8bsUPtkcaUbnp3NLEdH1UkKfYSuw
2020-09-09T10:53:29.548312220Z 182 SXat2x4Jp7EECHtOfRfMfAipsISPR9BHEsPoXsSAha0398sXcfVKwPhWnmqe
2020-09-09T10:53:29.800443157Z 183 l0tGU8B0EFLgdadtVJC1m5wefX6VZOCheMwnEMNX0ny7OSHAVYno1yTVUiKf
2020-09-09T10:53:30.051325063Z 184 Bz9OgkOzv6B6v6D37NrOrjquCQ1VJi9sWNLhiNb1rzCYvjpsyne2krgXAflj
2020-09-09T10:53:30.303067884Z 185 4CQtvZYYTcGcDt7JnS34EWAWUt2kEWvfW9ocYWO4Am0iFZKnwJrEpypMhfLn
2020-09-09T10:53:30.554862136Z 186 g6pvhTsVdqThGV8WHVsSwiaUX0kABs91prsvUCy26GsysGmrRIQqWgnHcMhc
2020-09-09T10:53:30.805441178Z 187 jPztKsgze9GZL46DgSBE3lvlgdYCzt6fJ3EZnvFESUxBNJF2UPAda21oOyK0
2020-09-09T10:53:31.056993678Z 188 4Yc2RokYP5k1pMhW9Xgj24a2by9U1goqAe426LRTpsbndg7VujP2FWZbhbc7
2020-09-09T10:53:31.308889388Z 189 10m4i7TP9ilevmyKL0dNDNpYdFP6nnjwEbI2GuJPOuigU5HeGWlEJaW7ASiF
2020-09-09T10:53:31.560046402Z 190 mEn3LcRmaffL2zHxAfN3XEhUZnDLgm0EhhyWXrgLLRRlGAfCJ7vquidhZsuA
2020-09-09T10:53:31.811706806Z 191 rDYeSVCWXJJhsdEyozIoDmVc7oeVYWS4ej69XwpzSfdtXkiV6mTsyaUeFt7f
2020-09-09T10:53:32.063879029Z 192 rG0CcZeppy7ih6sGnRDZBBUDVk9OtIj67MA96f7px9fEzO2QN1ItUzLzIhUD
2020-09-09T10:53:32.316057058Z 193 X0N6PdZ8byDRo04tDGgL6VGQly1DWMhaGkAe2KtFdRRAUlez762KJOb5p1QY
2020-09-09T10:53:32.568041843Z 194 AaeGCNx6h5grQbgnnu0RdlNgbuEP1cmKPMg78iWPePApOdfvC5OmU0hNcGnK
2020-09-09T10:53:32.820023338Z 195 EXQ95rD3YsE4YW4kD2vMhm53KtjMLcz8iDXipAOKCZcbdoumT3B5bpmxAuT5
2020-09-09T10:53:33.071615226Z 196 M9XRI21gEQAm9Mfsd5thjy4RyTJ9S0wcWJuJv8RE6POqnmxaY6ebBPXf6ged
2020-09-09T10:53:33.323231605Z 197 ITED6xE9vismMpeBg68f5J78aslDOE6WUIaLxBrtIhc9pWhtdAvXMQ38YX0c
2020-09-09T10:53:33.574521625Z 198 HXa7WRlV5UdygPw62abT2o8t2hehUU42E6LMQpKI8B7ouXrlVHYOYe0BIfRT
2020-09-09T10:53:33.826215613Z 199 GJz0JhMP2TXQPMhqoc4THD0xEp5KSwYNGV0iQBVBdHyHDMMuI6WL3NhYM7vu
2020-09-09T10:53:34.078036128Z 200 fWaKkUUqFf7ntVJFt2EkTQDjmoMAy1cXnyDNBf6KcZBbYkGQxfRQGG3KcC7Q
2020-09-09T10:53:34.329934979Z 201 CpeUFOZWoIwVTab4eqpLqXCmOCiKC7vDbWv02dk1h26gxcW9K4VZzBRkFbnS
2020-09-09T10:53:34.582014728Z 202 HV4KUjJox2xouFGlMQ1ch3GQPEnWxpY7hFiqksWZexfYZ1nNxC6mAitAbh1l
2020-09-09T10:53:34.833179587Z 203 zULfYbQaW71lDVSszxOgU2d8jjpVxVZ6WTYNs1ZDT2VpqVTL49BtScKne0hc
2020-09-09T10:53:35.083731631Z 204 mHRT8cSZs3ouwxXtLeYIy8TQ5AVKjc3owax6yQfFznAWJudqPlAw68hJsXaX
2020-09-09T10:53:35.334285268Z 205 SDa9yC7aWGayc9hzyoynOgbap0YseB8kh8etxJkS7exIGAfcrHA6jsiregZE
2020-09-09T10:53:35.585645025Z 206 35qpziMfICH6qCHprvLRdmdom7cP6FLKiZOSbKuTbHeFWXgejRTSOZ8RFm9x
2020-09-09T10:53:35.837847453Z 207 3QWLWOkcAuo2xKARvWNwkiWyuC5oRS2DNgifrMG81bwlHM3amDqx3ucIpsmR
2020-09-09T10:53:36.088024859Z 208 If2Y5eEZAdlBzpdIBtmlXXAlV1SQcHY1nmAmQeUiezEeCbq7XYG9LiMlAA0z
2020-09-09T10:53:36.339007442Z 209 ezyZ8CjrgLck6uKqjguf4n2pUqPIotiXJI4efmFmUhoASOznOI93s5JAtPDP
2020-09-09T10:53:36.589760233Z 210 KH6DaHmzQNVZriIUU15tS8tkXaetqLn82meEbWJiBrcBb8IS8WT6XLVLTvWC
2020-09-09T10:53:36.842075555Z 211 tEjHSuKR0qOfnX6MRsvGfjWP1KC765DkEMaXEZlOC1X89ERmY6AJIgfqP4Aa
2020-09-09T10:53:37.092516220Z 212 QXhylFaATTw7sZZchWnzZcAXytZW9dsrd6ZkoZz8VZeBhSCTvaYrtPHRqyNA
2020-09-09T10:53:37.344011952Z 213 9Xth8MuVTtt1oc3UwDk1LKaMgZO89WKkpSRWh0kOwgQLJawV04TD1jVUGiBF
2020-09-09T10:53:37.594275496Z 214 m9zdin1vjmCgSjnJTdpn3SxrzWkJeB5cn808bDYGK3wEwckzbKfRCCh1xFex
2020-09-09T10:53:37.846232207Z 215 vuh8egWpAyo1JfLfOSu7ElSGFl7IzUzTtv3tP8vjmgO9k3cnutclTIe2FHit
2020-09-09T10:53:38.096591688Z 216 cKMvgkQZ8ILD4ojlxcov7hk7fxQCdPrptDTX5EMaSToJOmvdRZPMOm1Xc9Ck
2020-09-09T10:53:38.347116781Z 217 OyZKEndVDtEJvSQxDOeawqpDaclfThvTgLOOMfWqlT9cGzxiZHPaabOw62Tl
2020-09-09T10:53:38.599116325Z 218 jAKSCLpbqs1d1FPputLX1oNtXYvFaUekEjqh67AoKURu7ao4wD5IEvidKUSV
2020-09-09T10:53:38.850434181Z 219 uFzTj4Gjf1zoJGeWSm5hcH2x8KpPaU98adPz50qrA16cCLxUUXWKbPPjCoIK
2020-09-09T10:53:39.101354992Z 220 0qu0LufAsbjX2xWT77nIKgXjkxacVYJdi3LmbQe7YKBFFwbazF6WJRBiaaSU
2020-09-09T10:53:39.352686021Z 221 UYNAnt8ZZj0lDIJs1kZX9VOB2Jk3o42BPJrR7OGUXcbiglilRPhWpKcMplKa
2020-09-09T10:53:39.603665782Z 222 CMGcYtjo0aqNMhFPhmioivfrgjVHvkM4Zg63q55TessiWTsnlFvFtwYCrnFB
2020-09-09T10:53:39.856078008Z 223 b8R3dlTHaYtk2sdQhsYRxIBJFTP60CFVLOzjChmZSzPbZFZRxNO9piq48Fcw
2020-09-09T10:53:40.106202305Z 224 NK62FSMWcuLZZpLMdNrFplCArZesreZeMvBDdOLFXvzZQgl5k8z9e7RNQdDc
2020-09-09T10:53:40.357560396Z 225 8T9bBBMysczoZWUcO42caJvBnv4YAdxGasxyqbENfZj8Y79QKfqLr43BgK9Q
2020-09-09T10:53:40.608686009Z 226 aonK440HnHbbuVG1gShQra8m8o2VcmDm5HbA2acagtbwNhNSBowL5xThfSs2
2020-09-09T10:53:40.859785510Z 227 ayVt33CmMOB4KANarORgUxM73R6u0wO9AutrnjHzTD82aLRtQk6Zjm02F6nA
2020-09-09T10:53:41.110721698Z 228 e9k6fckyJusbxQb5Dip7fLaKcIEMqTlQ7NAsjSKTlHMPhCntZslnumUxqw4y
2020-09-09T10:53:41.362291929Z 229 x7TU1oIbz3hN0uNQYOPQmxFHwjrLbRuzEotoocrp4SMermuBesBcBPoaIOg3
2020-09-09T10:53:41.612768447Z 230 0EjvvEYDDmkHxYKfxuXARya1gjtWJGh4TroDuwxJJleyiOZjZfHrVw8Y3B8U
2020-09-09T10:53:41.864373155Z 231 2Nmbcdx00VKPT1Cf1DzaXoV3sQA2N7PLn9KZTxwYcR9x7kpAkuc9KwLVUSTf
2020-09-09T10:53:42.115318890Z 232 oZXONJlu4ORqf7hrJeO4BtXLUvaBGSRqLOYpD95asAFv4AXMovavThaK8A1w
2020-09-09T10:53:42.366569140Z 233 IVVqir7C5oxOLUu4ueKlpj5s1icIZMkcsPGlvdl69pA8MtCaWkb3OwPqzGEv
2020-09-09T10:53:42.618397861Z 234 OliwBULSyHiqQvxYNxxyhoGa1rHIWVbtTr1z6FtqdL5ooqeqLElvRovRua1n
2020-09-09T10:53:42.869298986Z 235 LSy957G7BQ1Mda12Xi7zQnZmdG79RDxN15CrFAaxnEP7YoEnuXEX9vFZmwFB
2020-09-09T10:53:43.120559962Z 236 nzHdGybF6wI4gXv6q30Qq9ymJf0dQHhOBOcpRdQLxs8LOz8BuQ1xlW5QEFEv
2020-09-09T10:53:43.371671096Z 237 TSruKfHNnxPWOJfJANgyFxHunULk4Mu95LOUgwfkAgfOqY6oypr49ffL1wqE
2020-09-09T10:53:43.622413639Z 238 oBtzi4eCFynI5GOCa9aYoNaOIIEGMESq1kPKOGPsDsJrwWw10XMQ7MgT9WCg
2020-09-09T10:53:43.873592917Z 239 H3GNjoQdGyeYspgx7P212C7iNI2jzm2SEiW7v0GBO6ih162kbSfnMqJB027G
2020-09-09T10:53:44.125086512Z 240 jqjAVTS6iDEWOUs4fdFr5uRVujtURnXNw14mj8L4RFKaibC8F0d6wXmZv1rY
2020-09-09T10:53:44.376981939Z 241 8yij2iB5k4HuYzsR8B7dy3fNDsChHKJcfR2NOdz5AdYCxx3DLJb37bGpnbIg
2020-09-09T10:53:44.627797719Z 242 kgInWrqZ9YyYZ5bIBHnN3oBgag9MbVYQIBeLtCogtd8nevHdcWBW3ICkfi9N
2020-09-09T10:53:44.878710313Z 243 EBVy5RbltQejgvBXBCeVw1RYya40GWiW8ZE60zPGcsY2az7i0JSuyt4fADFo
2020-09-09T10:53:45.132104908Z 244 Xvo5WREbKkHcXJDiour3C24g9UWryjlUiPgljrsAgyJhpLWinAMIzKkSFZs5
2020-09-09T10:53:45.382366815Z 245 jDGvY6lAJBC6kJ749jIhpddWLGyHZpgcQss0lW4tPHUTDV0mDZsw687xWiJ9
2020-09-09T10:53:45.633214381Z 246 PCycGbrU5jfrqVoY2UTsfzSEAC8LnOjTBQaxXJ8lcGguPHJhUx2FrrdYwLc7
2020-09-09T10:53:45.884620571Z 247 eMhZG5QjmliJqeNmiD86yHB64lgz53WubIyHErG9SgREosihOJHARxiiNn7V
2020-09-09T10:53:46.135833371Z 248 wgwh18i4E7sclzXOUP26K4HzWiOULioXnfoUTOcanPgFFB6c3pZPpDH8RCxF
2020-09-09T10:53:46.388125680Z 249 C331mc4rRV6k5cDmmzJXtGYepzWDA9p2RpOIHWk9jqG9Up8v34kIJYE3AOa9
2020-09-09T10:53:46.639334006Z 250 o4yGkyYvsERbSEx7oQ8Urm8VSl1yHez3UjykGhM5VRuYb7IRQHBbaAmtHLve
2020-09-09T10:53:46.890993972Z 251 12KILlFAHWbjobn7i4FozlGYCcFXCt3ypVu7F0O3fb6aMnDEkfYqLzpBV35w
2020-09-09T10:53:47.144020236Z 252 HiKseTxt9kddaDW8xqwLBxFfCQWImMAntoBsBBgjHiy91GTqw78gYeuD2WHV
2020-09-09T10:53:47.393532881Z 253 u5NTQkUfTWzJn279dd95SV5VRhAKBeOm8sFLAftZzC3VRgtUR1YhitUsSY0T
2020-09-09T10:53:47.645499780Z 254 BdzWjcb1pMGuI72blFWFxJwJZsvDXicM9QCwrFY8pgxxmII1MREQkrppykcw
2020-09-09T10:53:47.896219144Z 255 72pr8E9Kwu8h0uc9Pb6mQKnPY0IXQY4obhB7hPLDGvPBeHpYmLLUSrptu3p5
2020-09-09T10:53:48.148942053Z 256 dtceqseKPVDSDUP6jHJ7QIznHHVAZ8kZV7shkh4U9T9euboegaVsiJWRKP2T
2020-09-09T10:53:48.398894413Z 257 nNwUSO1H1ocz3W2dp2Y4BpyY2S39rjfsNJ6e1iYj4SjASWfrEmFT4qnDkN7d
2020-09-09T10:53:48.650950689Z 258 H45kZz6jTUmNg6hJENcYs3sJjnWSlsrnjP7EMeMgL1HvYPxvll6naohMkhVS
2020-09-09T10:53:48.902913382Z 259 jgSSRTypa7e3IUE0Agb7XinVcf9eQxsdZeZtqMk5fxFdYVepbFvvmtAS4aaq
2020-09-09T10:53:49.155492924Z 260 pS2fmDX8tLppv5tkNIzv9KUBtxMUZoysyl7WNwMDP8Y7Dor5zN0X5hJV9JYv
2020-09-09T10:53:49.405178372Z 261 gHeZrChhICPu1KLQjPXnh73qdG7fveq9irA7NNiCxrSfzN7dzs5ONk61qnig
2020-09-09T10:53:49.656693231Z 262 TmKe61frkl2M5BQbPcHIv1dpynJ9nAFjAsjQb36dDvG5kswyJ6AdzrViPY3P
2020-09-09T10:53:49.908201954Z 263 dsB6oQcgi3JPvqRcb32l8KbSmGHm48TY5jjw1WFbMY95DEXUkDGAT1qlOpOu
2020-09-09T10:53:50.160958798Z 264 kSc0EMt8MSHyYPRGmJOVu9BK8H0Z85Fl8WZukMRqvfjk4oRJDJABDifkjg4Y
2020-09-09T10:53:50.411232924Z 265 mkq90Bo1X6PFEpb14ZMeJGgza4M2XEvpUbhMcYeMIYvQTXbty33dvb3pM1RG
2020-09-09T10:53:50.663100970Z 266 lLl2KSXAU9tHLw9FoefJQOdFFLUQDpScQ2SAbnrrhif56i1RkDY8r5BqFhiA
2020-09-09T10:53:50.914208172Z 267 Q1soqGxRaMguAByws9Dmkt2BzOjTtcWtqWkd0VXR4bCiOKUePoDWOoPges0U
2020-09-09T10:53:51.165565925Z 268 ob7JP9D4eCSDq19C5CX9m2GdS6EUzC0F5oNoBr5jAjadEqWannJtsYlWUNsu
2020-09-09T10:53:51.416750672Z 269 8OlmG53wVeti302RcXPFVQn2xfiIgMDS4kBW31DeDdoxruGMrfihVSAAhWkd
2020-09-09T10:53:51.668666569Z 270 BlysIZtn8p41gvGRM7YRSytbDdi6YzqME2RnowvywwDBdUe5hqYGFtyd5dbv
2020-09-09T10:53:51.919533686Z 271 v7gaXovUFet7VekMUrqYHHqOWGXIPvw2YkVlMWoLbDXVxjLTfNJdMWG4xJ2B
2020-09-09T10:53:52.170881002Z 272 vlqGMxKTtVWS33F29bpT33v78rGaUDD5vbvfIyOcktrn5JO2wEipwy7NCoUG
2020-09-09T10:53:52.422125461Z 273 ObAp4vQipqYPVBJE3FNy9tENau6szpyvDPedaAPAVnpESp5EATDJr1kyM5El
2020-09-09T10:53:52.673986786Z 274 An0LnZWrCOr1isqHywaBZbIZGdTW3H8bDKTKytWVm1OEOkqRuXjkGMeMXN3O
2020-09-09T10:53:52.925713839Z 275 3c8PYtqMzQDIRthtmZMSVfGjgUgqvOMxMDXO88s2D8hjqUHdyaKBIadMYff2
2020-09-09T10:53:53.176862122Z 276 JHkxC9HLodSd6IMRkABqWeTtIJ2jwFoNVF0xOhcpg6YnvALTzRcGoa5XcWU5
2020-09-09T10:53:53.427963098Z 277 7LG0x63OpBsmQeBc05U7nVFWp1DzYMydmaDNM07ZLdznaCsCrvjfYJH0IXn7
2020-09-09T10:53:53.679612377Z 278 0oZoNTVgs1Q8lqQTtIt1Y81KygJGgLujRWtMZnah8fSLb2HCfTT1cfUoZWUJ
2020-09-09T10:53:53.931420621Z 279 KU7A2Xf7JvIKlO7K8dyfDLFORP8PnPwhGYAKjMozDwSYp7ICmjA0OBZgiGKw
2020-09-09T10:53:54.182733959Z 280 d5WyKLERvxSCeNP5hk62nGrZWRr5Ce9jXFKXnWBRpgwrjAS1XUHXYEzRGsJR
2020-09-09T10:53:54.433333472Z 281 1uhzuA41nDhjpPRc4s2wGbtT46EJctOxTCl2NjSffZTfhBfcDnmAhb0MBWp4
2020-09-09T10:53:54.685159846Z 282 lOt03hUzd4Fxvrqp83RFuY4ZpJk6c6kjXiElwFjroPeRe35eLF7I22KXXoIU
2020-09-09T10:53:54.936844941Z 283 kTxDx7rvCcipLTVPK6QawXdX0dzmrZbmJeuNAF9XFG8twQwHZGyZUj3NyATr
2020-09-09T10:53:55.187865704Z 284 JVCC52Y5LwOcxw2ACD9gYqlo6VztYYumCAbIh1GbRuNtTehEE0WBZFYlYuKn
2020-09-09T10:53:55.439348004Z 285 eJpbhIt3uJr4RYo1sVGnmO3r04xJJG3tejDyhEFGBEHgtKTanZMQdjddVpe4
2020-09-09T10:53:55.690593104Z 286 ePIlcyFqePyhOe6j2tGIqphYBYgXxgZFV2EqbSWoc5aOb2SObGvh6i6HBcum
2020-09-09T10:53:55.943084282Z 287 wbSc9U1qfRPmUcw6a4RAs7uiHqkR9TDM3LpnTGFDUP0HMEMF2btGaFfACUzh
2020-09-09T10:53:56.195962657Z 288 XonP9jmyV26mFMBBdg1A50npmJZ8wNvV7Wwl5PbzvQUglpEwz4sNJ1B7NU61
2020-09-09T10:53:56.446281056Z 289 hMb5O94UHqd9V43084x6DIfokXdM6aeQ2ppVaHUxT8bMhj0z6ntB98ZdvunP
2020-09-09T10:53:56.697294806Z 290 wLZ2Szw8GbOOB4ihNf7h0KAEO0I9cJrk2KYpEaC1ELLXaJZJBe1Muw2E6GD2
2020-09-09T10:53:56.948984104Z 291 nhkof5UBxAljm8NwNW5i4ex1t5QiQ7pFwaFFGe3bTFY97OmTwpHgLejFNX3M
2020-09-09T10:53:57.203477937Z 292 kh9upT8e4DRPn8JoLCDSrrV3bDb7qyeqYRGWqoSWLbr3YrcXtQIrw4WQuLgi
2020-09-09T10:53:57.451452365Z 293 HDNhxnTYYaxT37kTvRyjI3LzgwKktDQcIKWxj3GoGW1wt5G64rfnidoxwN6M
2020-09-09T10:53:57.702166174Z 294 A59Y0GFjiBYoTsJLWVNbJ0a1PoY1C4irHknuyILgxFzWPmdhpvC1FbYeSimE
2020-09-09T10:53:57.953683575Z 295 AcyblgsbNUgOhjbylkdHQ8k1aiHIbfkwzMWUFyAYCx4f2kqBAmklhxlMLdEn
2020-09-09T10:53:58.204645577Z 296 SK9w20maCTxAd93dIJH4QVGu9bZzX19x4BIbvNkZVqs1EQlXq6xzgrhtTtUo
2020-09-09T10:53:58.456918774Z 297 2gViq9NBh2l0tR6mr92ZRJgjm9atils6RtuzgT8QoDZ3qDytcSSa8Y9wmIhW
2020-09-09T10:53:58.708857071Z 298 VmLtlKtEpfchzgyvyhNLqm4I7P2BnBpFwrqkDW1BB7hpz7N4SyNfmaGmuqNC
2020-09-09T10:53:58.960987576Z 299 TbG1NKGoe9Nu7im3NfBL5UOrTirIqyIZYuaE5Ayv4OOVyLLR3aKflIMnoBfz
2020-09-09T10:53:59.212472319Z 300 ewOSFeWOVDrHouQZehsaG514eRSJAfWt0d08gZjejLlE7aNpzUzBlT11ulw7
2020-09-09T10:53:59.465315942Z 301 hmp7sAJbyheQSHLJXixPed1T8qvJLtAF1tecAAhojmUqoXbzTzUnAVcAN4f0
2020-09-09T10:53:59.716525732Z 302 ybjC6JbtwRybugIZTdA39mU95fCC4CoFdkRulAAIOhh9Hax6I2NdeOWliBL2
2020-09-09T10:53:59.967347199Z 303 giLaD0DL2id5KaeL1UVJNLP7qTRWeOCCri33LK8zdQiVvgwVpfQIDnvO3bwQ
2020-09-09T10:54:00.218407320Z 304 KPbM4O2Iv0ZVuNnwWMrlH9A9Hjr3Ps7mDXf3NMnpLEevSLXnJ2dNDDzwW7bs
2020-09-09T10:54:00.470506954Z 305 8IYu9P9Z20FrqVgD5uNoP2tazD64eP2AqspskgkpRSXPiX0SP0GUWsbthIcb
2020-09-09T10:54:00.720181282Z 306 aAEsTgvPuVwM6aXDio69gmYqNaomSMMF1dhsbfc5c8FsAZrHvXIvNP8f21Pp
2020-09-09T10:54:00.971602911Z 307 7kHqdJccWFdzuxYUoFjMWq12LmBUW7dlbPGwT4mOuGcdNFETxrH6lW2gCWFF
2020-09-09T10:54:01.222989520Z 308 k7m6omGf1hrs1TWQ0gEHFoo9QRmDsl391X9tnEVPnoV8g7h2CQMvhHbqlAMw
2020-09-09T10:54:01.474945952Z 309 dZvjKDPZjdEX6dMAJW3X0M12b9ncaPDLUwMk9kO0ERDukUEfrHh9xm1RGOxX
2020-09-09T10:54:01.726284643Z 310 OPQTSe04qwDMhWokxsDO7nLyUgwxiUgqtCitgBQWUtgnSpZSthrzknwAnwwt
2020-09-09T10:54:01.976936512Z 311 IODgIdz8ZQBRNIqnrueWsUBJMC0NLOyHkDo2ZlBsooOtzzZnrGaZDpYFssm4
2020-09-09T10:54:02.230637126Z 312 PChyO9lUob181KAitKkfr8S1HsHBPuAF2iLWWoWu39jAwQT69ZuDgA9znj5B
2020-09-09T10:54:02.481785595Z 313 dvk5iWH0OTpuOHqIBzHuvGJSqJp5hGvJ87XUR3of2o8kbcNoepzUdGkZi5Ak
2020-09-09T10:54:02.732278788Z 314 N5RuST3v4wSuHK0noAUwY9y4VYzXIfzavyiv6u226WmO87aRHtnx1C7kmM2C
2020-09-09T10:54:02.983516516Z 315 umqydVxmTZklB5oz0QRcw7K8o1s0qkhg40tiXGMomcoTahCAhMmfI7TOaNsh
2020-09-09T10:54:03.234932805Z 316 U3C6IQPafVfuR2lRYOW42gfZWNoT86BQF20zj8prIcsm5cP88wgjnYicApHC
2020-09-09T10:54:03.487028768Z 317 Tag3Qtdo6SJbNpXgMsYZo4VTHyI1ICH4ACE4u7o1R4YDACX6FEjqNI00QHQB
2020-09-09T10:54:03.738082414Z 318 MEcjllmHaJGSTJGnLCLj0pG8PJMZyCyPpAa7isyh3yKgKdOA7Ix4aijSYG8s
2020-09-09T10:54:03.989845913Z 319 wy9vav909CAegGlH6hrRPZjMrXYLvQImzBWKc3Wkn76XoqzXh0cL0Ffmg7hC
2020-09-09T10:54:04.240391700Z 320 W1fZ5kzBDIljkK2feOcaZZS7zriMy8XYFLR6gWm17VmyvODSBpLgzYJFffJj
2020-09-09T10:54:04.492017904Z 321 qaXQ7yB0uoIvlTTDPn2N93UTWW17neF5oNCkKY830IKEDgvkYEtScZkTK7wY
2020-09-09T10:54:04.743469254Z 322 Y0OE234VvI4iVbect3vmFokZT9ForT01G7pAS0adzJaotJc95vHgQWelIq34
2020-09-09T10:54:04.994602532Z 323 e49Wq8fHJGzighsFfK1XkxW75n3JifSvlgnHVW1lPsXVt7FCiGQitJctUHKb
2020-09-09T10:54:05.246766544Z 324 NESAnp9MkBnYStw29yziUdME0m7clBzxZvQ9IDQqHV8HjeaHMzpSafbmfSTl
2020-09-09T10:54:05.498761308Z 325 aXycmtoYgbh56ZUUvDMmVkvCqLRvMGLc8gAhFiDZwgESEC2YqUyqiog31CJy
2020-09-09T10:54:05.748324165Z 326 qv4sYOSTAqeJubcXNYlytZf2AvYEU9p1BpbZoSB4uBMRRNgvVyZFucaOzHxC
2020-09-09T10:54:05.999787945Z 327 4FTsxW9KlDkE8tvi3Or71WDU3i239i13uWNzdHhLBtEQbjFlVZvzEsocZ1A8
2020-09-09T10:54:06.250239911Z 328 YP213SaJWY6OKrBS1VGGiaeT4xosYRL4IfGunkDDM382OOyi6tX61R6gMFLx
2020-09-09T10:54:06.501657644Z 329 PbdzmtN9o93KKAAYNECsU1UfbEsJENWUwNtwMcIVitXiYbfW3wALfod98vzc
2020-09-09T10:54:06.752836763Z 330 qJRpte4akb6ntfxckmXZFEjGFAYoA2DhsT4JqFuAKIp1qXoMja5iDzftoNFw
2020-09-09T10:54:07.003541798Z 331 FHhNLVp3Rw8drM14JG42vPjdRfZl8GRVrThX1NbbcSQ3jV3NQTGdus8A6ADr
2020-09-09T10:54:07.254969740Z 332 f8Wc1RfTguts4wiuPk160kTUlnqG43Kp9a9ggtyOV5ujGgtNpgP2Efa2Gx0R
2020-09-09T10:54:07.506560281Z 333 eT2W204pwEeSWxCuq27KPAd7UiQ06XeI5W7HvyFz6SFb9qruUx5QYArzyG5w
2020-09-09T10:54:07.757745825Z 334 2nlHxCkgU1oPc4w0TK1gug7HvLFxbDcw01d6iL8dvoZ1JW3OlVWMDN8dMWpk
2020-09-09T10:54:08.008247059Z 335 5KvfmIpgGXYu9hzix7BwjJM5TYrnwOlNSBpFAAWKPb1GWorADpINlxmFPDZD
2020-09-09T10:54:08.259625101Z 336 taHPc9ExkbAwQl36cbnDZ8kD83x8a4LVTyoTjuUAUB82S9x4GYYIOLsZ0hGQ
2020-09-09T10:54:08.512599382Z 337 B9JYOhjZFVQpqLThRCh95GZ1A555V3K0SSNnmjB0aoN1crrtA3xywcClXfAC
2020-09-09T10:54:08.762697649Z 338 AQ0FtLeEuGWn8XOqwxRgwdDthRHSahMCZOB4ju2hvudygaHd9mZMhmyXd09I
2020-09-09T10:54:09.013702616Z 339 WkV4HqF2mXFbutRYpTDU8ehn8fyPIpSVvAT5WAgx6kvTzVrT2HVzuB0tbD1b
2020-09-09T10:54:09.264877637Z 340 WQaGoaRYq1wsHPfQYVxJnpMAvZcw5wQYEu1dGN2VIZOFctowpxbyIu9xRR7T
2020-09-09T10:54:09.516224891Z 341 A1NVHCWFH2PUac6uIK8TWOH7SWH01mtAetuYQGJVimp6cZkOsBGdJx5hoB5j
2020-09-09T10:54:09.766631693Z 342 TbQNb7Vjwdk1YkAZmXtk3a7W3TSC2doRa1g8qA7XLgxLBwhf8F8axbymh1jk
2020-09-09T10:54:10.017929732Z 343 qQ0vPfhimnTF2QNrMiIoyGrbIajCNxe7eu3pnnRrbrblU3egrv6GWxQQv0JC
2020-09-09T10:54:10.268754393Z 344 tdmec8lCs5h9Biuk5vTZI9XcFAoUzpR3vt4ZaPQDcji7jfsOLcDWnwTdbc4W
2020-09-09T10:54:10.520569519Z 345 kbCNvgbkoDpKK4fc0bA8Zu5wW7IU64NvIyseXgfZnLCkkj7lT5q1gLFpYSJQ
2020-09-09T10:54:10.770873970Z 346 dAhRgm0hw27KaTeGipDloaws9VkmSxZxOCI4A5UnfVvgrxUhKdMSVbdpcUwF
2020-09-09T10:54:11.022848644Z 347 87pDkRP1Igiy8J6g4mIUxBxOQYQ5VI8Bev2C8uzc1y48VIi1GqR1v9kyCgJg
2020-09-09T10:54:11.273310393Z 348 RG8nTutPhBrHZp58ItBjA8ppWqmOojm3NHrg829zf4MRnmp9PjQKPt2Yur8F
2020-09-09T10:54:11.530181803Z 349 YIi1nyAu0v6MKbG4o3RTVnOteOVHAdVqt9oaFUNnc4zDYLqrsEj5nA0YW3Qf
2020-09-09T10:54:11.776141444Z 350 K4ApON0fl7m3JW1kseqBqRVgqs5oQGkXspeVVu8GTbLQPoNgK9nDb3LufLno
2020-09-09T10:54:12.027619249Z 351 LUUfSqGRrKRC2HX5PbTuuaGzcbD0o1KKOubZF0TRA9NFNrKZAfnZNffWNXpU
2020-09-09T10:54:12.278355084Z 352 CpdPHWPRL1ZD6jdi83ZXfaIuUgWuxoxtQcWAMiXopNOYCh6YPehgVRMMDehE
2020-09-09T10:54:12.529896875Z 353 6FfWYS8qpLai9Pze6Wjtbtcl6QGrN643EMeoVBrTRIrz1vEkpixHADS7H1cv
2020-09-09T10:54:12.781053182Z 354 5HkStoeGs8HbpDWMDgX1ALbEa9wwxlWzIOo1USxOqpFw2LAGqWsyEUPx85bQ
2020-09-09T10:54:13.032127928Z 355 vW4HTq1SvWYvS3gM15HpiqtAuaEbpGN5RXYcfoH67kBF0cIDZWYWDeMnYYcc
2020-09-09T10:54:13.284225325Z 356 w4P18TeFNlhotsFPyKhZYsaHsSZs1o5CZpXjJczkulFfkYxwQoWM0fgn1rZr
2020-09-09T10:54:13.535596758Z 357 Zv4ArbA9SKVCKa3R9ZvRyVNtqG63lVXU744wNQxLnSpxW5onK3sVQgoS7QeF
2020-09-09T10:54:13.786658073Z 358 l0rndXSePlsjLou8v3PdEONDluKlCzw4vyr9cqZaxOIgHodCL0zck8O2GOMd
2020-09-09T10:54:14.038831289Z 359 IPgjobSZjZHNaWtUuFFjUU4zpnuXorlzIju4Vh4gv5ok02huoLcfmSYwKhQ6
2020-09-09T10:54:14.289500192Z 360 8d6SWHHFDAqvizEwh28u8tQmOgTbpa119kR9q9WnnhhMlUBg5R7NRXrNdFwu
2020-09-09T10:54:14.542020301Z 361 sZrP9oTDBJHw4bAC6wypEYfEgo7rQ44QkHko7fHeeCHybIypo4vTz6cfX2aH
2020-09-09T10:54:14.793796372Z 362 OluICrVzuCWcrguTlCNHm4ShW1rIaDbLAvVgkb2zhBsqYdMebyoNvJSFkbnA
2020-09-09T10:54:15.044594653Z 363 tCsABNx8fsDcQzHZ9Ger0s33dWyjUdu2rXJHmrT38py2rJfqGmsj5ihl2Rwd
2020-09-09T10:54:15.296717383Z 364 xXvOghH8nYcAL5lYHADV6VXwFx1k3rhY5xh9bZSC1CIRkD2ylUhc6Bo9TQjz
2020-09-09T10:54:15.547972494Z 365 6IM0XocxNkUyhaC7bI8GSIG5XMghEHmH55lyHVDL9B6X3BOZspACGDihjJe2
2020-09-09T10:54:15.800484349Z 366 XOu2rQcMGfTJXbTvKzpONOKOvVKVYKrVTxidSUrmMnyt6Y7bwLJNzpNYmoWM
2020-09-09T10:54:16.050461982Z 367 m7eCFoVaVnVMUj07ozs53Xlv9utyVKoMXRczyBKmiOArsN0sw6luPLy7KrlY
2020-09-09T10:54:16.302742805Z 368 Eb6dRCEsp0Jbb4ghHot3wg4DIeIqZSEuigh23pYxbsWvZ6v3WVt5JKxxelga
2020-09-09T10:54:16.554124237Z 369 GB9zu0wElsBsXV9OWckJHQ0H4Cm1mQ531mhFQCfvz7qn6mb3plJHERV7p8gw
2020-09-09T10:54:16.805204179Z 370 0kwsp7AKqvJ6wlyXoSOkWi1jKZ4Qzo3YZ8NZrJa8UGtxJpLT1LbpZZs4QKAn
2020-09-09T10:54:17.058360382Z 371 g6QsuGzInHxmAOYPvKc47kWIVeOf6R7nbpMxicZWGhBlTfuLtgR7ZgMgxZfm
2020-09-09T10:54:17.309197113Z 372 EgrFK9rP5nfMCn2RGlwR9U6oZ0YwTuA9JPnj22sUnTnecnd6W9w7WpAG8VpQ
2020-09-09T10:54:17.560436584Z 373 EsNk3swFpGdyUn5YzkAkjXUNVTtHoljskys4RyQ9iOqH5Lo8dyjlTfT0LgmN
2020-09-09T10:54:17.813196507Z 374 RHdWBygJCozP8tR1jST849NVI85YtUDIqRZHaWECyQWIeen2Y5sLLqUOBoHk
2020-09-09T10:54:18.064401815Z 375 B1AxGw6Qiz9kFt9EtGRCM9kmDQi2S4zSgcC25USMTaVsXVwl4oSdMIj1JHx6
2020-09-09T10:54:18.315618820Z 376 t3vqXK9XpnOKcHYTSDytNe1kpCc5gSJxKPi4kTbaYVOyUWpGcIKyQnYlxP7l
2020-09-09T10:54:18.567353791Z 377 jJGlYNpzgGoQ8zPExFbTZAMlDPYmVFj5O73QjK2L2dYq8I12wdvGFnilgnhT
2020-09-09T10:54:18.819020061Z 378 cLknXTKX5j70FcNzCGUozHYg50ocyHeX9OOvZ6RBcjBtKzLri2fynRSuyF8a
2020-09-09T10:54:19.070033116Z 379 puJ10Pbf7rJRV17zMvCu1VMnU9NsHtSx1Rk5OGXVPLvCOabqNRcFd6OVycWp
2020-09-09T10:54:19.321355318Z 380 SfuE8eEF2xSvytasnOaJWO6QLaZ5RjCKtZkpJ2DWwdFTFHJK4zLAwpic6JrH
2020-09-09T10:54:19.572291705Z 381 1QfBBPrW2LQUbe2hL1ubks5QT30H4PvDo7ILDZkv5kmN6AVjIvjDVHvdPT96
2020-09-09T10:54:19.825186474Z 382 wuR3iT4jOHtfyAYLj8JrXjccYhaO41vyarekYtBrN2GLkZ0MbJclMyxL6WXR
2020-09-09T10:54:20.076769836Z 383 ycQK5hlsm7quUzoeDHiICRGC5H197Il15kKDmLY4jGhdGU8DT5pe1CdYP6Hq
2020-09-09T10:54:20.328746163Z 384 qWRf174RZ3dF9BqXLsAPOon1f9mNlvVkcTlpmq3Kmyzi6M2rX6Q2ZuUvaRXh
2020-09-09T10:54:20.580802350Z 385 T4ONHXxdU839Jb17URyMgQ6Kh7zu8Uh689Yr7zZNG4U9jOgeRX1mzS9Kpzdb
2020-09-09T10:54:20.832544850Z 386 tRxTwtwsaRsV4K2fbwJeuVpPFTTJYdTLMehdpdNBXPd0JBmC1bJC100GwZJ9
2020-09-09T10:54:21.082504588Z 387 1FsK5pk8gFgM5w4EtNOHnwAA95Rx9cQ1geudSX5nafLssPIrfJsRrpJyZk4R
2020-09-09T10:54:21.333470766Z 388 IJ65E5v6AQUxyp3XvDa9DNhVaca3Y1OP2Ik0gbVbDtZbHYkkscZew1Gp7mBN
2020-09-09T10:54:21.584368535Z 389 coXVa87OdhSsTBv8idFvzSvjqiNsE11NDN5PtNsIsFEU5fl3a6gZlOv9Oz9a
2020-09-09T10:54:21.836959201Z 390 jx45tBO3TpejApRLndeiJY2qAwCoX1N8iSwhYftnhKYbzdELFeX2l3UhMBPM
2020-09-09T10:54:22.087920395Z 391 hOCYP29WVfxUai9xZlmE5hJivR2Q5S9PXV8xL0sqD8BaUlWrm9CLWPj1LUI2
2020-09-09T10:54:22.340082000Z 392 mfY5HIUa2BtE0QnCATCH8nIuZp8BmDYEkK56CZBGyXiyzD7VlHYc5AyFuUKh
2020-09-09T10:54:22.591217651Z 393 R7iBNstB0bz1KB6tk3YzWBvS9YMoYCUxU2jhLG1cUjJWq8pMjJKdl114un4w
2020-09-09T10:54:22.843130675Z 394 Wf3QLjUMEnBU0XsuAQP7w3u9ZGxFVrdeVZ9DiQU4c5EzcxVgIeXJAdY2qqu6
2020-09-09T10:54:23.093765972Z 395 YQnMCt5raWkpfV78fNhqfgGh2E407ub4pRryvqH5IcrehFGcoloGwM6a9ewN
2020-09-09T10:54:23.344594775Z 396 FAFnmCTcagmbamgITpezPOqJaOwKFSh0SjIeVPlXtF3FaUM1RlE6SVBQMT6C
2020-09-09T10:54:23.595463619Z 397 OPcy8ypnQJhK7AK5RjQg20g247854ODcmNSOLk5hQWc9a0i7tzQoFyEbsy3P
2020-09-09T10:54:23.846827804Z 398 6NjzhJIDggnTVwyc9lh2AgDpBD94L4G5LngvUXNtLEc73QzTXsMKhSV6OL7M
2020-09-09T10:54:24.097650724Z 399 5HqHPkEtAmL5Hjif0JgJ45oUzJWuYFmz2Ovj7xt68AjlXD3dEFB3Z5QKudUv
2020-09-09T10:54:24.349120849Z 400 6gweBMCwfrdr0FL0MFdYCUZ8qZgKe4Qrz0S7XoMHJnKVUHZHuvRkdfOymTQU
2020-09-09T10:54:24.600736236Z 401 6zp1IFtE921J1k65Xlx80qvCFjXaCmrCBgxu3GJGy9uEhGGVmbXEZcOOallP
2020-09-09T10:54:24.851361730Z 402 MZZ8bwoGriGfRf4aAaCycui1FB2a23iwkwwUSezyw21WD0LWnDnA4UUbV9aT
2020-09-09T10:54:25.102793048Z 403 pk8yi9M9G6G6o2DffHtUTXjw0FFhVBk596c5a4iN4psF4NvZ9xG52tQa97AM
2020-09-09T10:54:25.354411201Z 404 jl6U1JzaKBJXjDku2yNWoAgPqQK1JQVWkULqdfcvBfZYfv2FdCMaiXTL05oE
2020-09-09T10:54:25.605915488Z 405 PCAGq66ysVA7myBA2F7bYNaGkA0sBOCcq9rQffut0Eeg7YQVTO3v0rXrKbIO
2020-09-09T10:54:25.858455652Z 406 OxPoG9wsMphBEdTuFfXvoTFJ03oidZtt3VL5KnycLnLoqL2ahlmW8KdLoUV4
2020-09-09T10:54:26.110187704Z 407 nG8xnVkxQZfvweRMFWSndlKG1T187kaLD2MTpUBALmUcqBgKPO6AAHJ8fc3r
2020-09-09T10:54:26.361357810Z 408 JWBYFoFJp1BJqaTIP6kn55yzSMeFBCXcL1ehP4ZH3jst2OpCOAyyKGHTyLeg
2020-09-09T10:54:26.612988086Z 409 n9DKRFBa6v0gLO31ntPJv5pMFCtg0agxhtL78D7ikdjdimAhDSjx2wlsJ4dv
2020-09-09T10:54:26.864571652Z 410 AcUqGaNrYBpKorwVQKME3pEONAGD4JeZGfFXU2LE6jFYnycT1khYd3WPgiM2
2020-09-09T10:54:27.115684611Z 411 TCe89vDpVYI4BxulWwCwDn4IwahVFrphtuzwSNt3s1qBUHISoYQtzlv3Fa4E
2020-09-09T10:54:27.367157412Z 412 BXDthbvPohnzgM0SglRIBkhvCS9MgYXg40JdvebYTgkPgWEZTyZ3ExzyaNQR
2020-09-09T10:54:27.618393399Z 413 GYilLSh8Qr88EBZcjCTungXM7bvYmgoLiWRgZTc80yu5tX6mmfiPB8QqNDJP
2020-09-09T10:54:27.872405904Z 414 D6Famf3BZVrmsqgEsXByiTDh7jQH3wb26prlao5XOF7M0BhqpLrCFMH9IBBb
2020-09-09T10:54:28.121030445Z 415 QjtC5qfCEF3R7nrDZtGvaFk751gLS4lovpS22fTpZAZM1mr6LGQzXfk5EoHM
2020-09-09T10:54:28.372498636Z 416 qn34w4MTjrldAp6tWnWvg5u5MJiUAuHUk2uJksKLo9gMVSSWbkWr3EGcoV1P
2020-09-09T10:54:28.623615484Z 417 GoWAy2mcn4bog6kX6atqQsqbYLHD6e7LWeYF1eGL9qcyoAQC5AC3cGp20YHu
2020-09-09T10:54:28.875513742Z 418 yw5aaGDqFuvCjSMonJg8iseGqXbRu1H8Z6zdjmvu7QDD9o6DYEmneBbk0bEY
2020-09-09T10:54:29.126693702Z 419 B6FfpOz9V8ze49ZET97S8OSSprxVL1cvkrCdwwxRccjVIQe0ZWEeeURL8omu
2020-09-09T10:54:29.378045356Z 420 saJbHGyiGadm5krEZJwgdyXzGX7bU59UtG8S4M6RLICejCwDrVY5cFWiE9Qj
2020-09-09T10:54:29.629630729Z 421 nbCJsNKGz3xwgpYYKw6ZQ63xdydogRas0s2UznRZi5Jcm29vmCuv7hCbfZfo
2020-09-09T10:54:29.880546389Z 422 U3X74cJQS8REhQ9iUfIMnOalEjCXPeGCBKpNlhE8jR1rrDt3pcafn8h8Oy62
2020-09-09T10:54:30.132452770Z 423 zdP5iPbSvNj5wX8xHOWZHqFXYKPucWKohWH7IVv568xl1mkjltDOlHMEw4Bg
2020-09-09T10:54:30.383757343Z 424 uXd642QjR339ljXDtCZZFLySALksrrvAHMxRCyQBxnuGS3TcdqA2RniZJDNi
2020-09-09T10:54:30.635129798Z 425 rEzZINrn5OBfEiCB2KitilMNp6GE469u7KfM801stdL4yqS3ygitgHaaRwvF
2020-09-09T10:54:30.886229358Z 426 9BlnpqxaOvKd5LPrWHMujieRNJv85jDr8q2v8iSqMquDrQ5Ym7jPv1o4bFxT
2020-09-09T10:54:31.137231685Z 427 Qufw7KbTn5UmFVVLD9WM8UE4YpKQ6olkeg8JVITNSZi147MPA6cw1TZ4f1Wo
2020-09-09T10:54:31.388506546Z 428 AXFp16xvsbqRgBDsvCg6Q8DiBE3OeFkPmqutzjOQQqh6Vt0VWCnqxZj01wXq
2020-09-09T10:54:31.641522425Z 429 H2bDetQjtPS0NLYQSHeS90QMCtqlVt5Bs08vFJ5trnXZd1mHFl1LGFrtXKFj
2020-09-09T10:54:31.892332032Z 430 1oRQSXTM6oiidrZHpVUMSNAbuPtIxbGN4AB70rSQE0axPLdEsF34rxUM9uK7
2020-09-09T10:54:32.143422905Z 431 bSrq99AQUEbgMSHomtocmBBwoLFtyBD92qT12HaUu4s1mU4zkeGD9QhkrZil
2020-09-09T10:54:32.395457164Z 432 kjt8v5JaliSUHtMiDjA0qpsivLuxqz1GrBBCtea6PsTnPRX5Otmey0K1qfcS
2020-09-09T10:54:32.646470426Z 433 G4JzbsZB5Btj3PBSX2Mo5IP9MCaTwmSUv6HcBHF9qL9C9qM5JDsFuP4bRCl7
2020-09-09T10:54:32.897774864Z 434 w46u7eHFohaLC594ItNy3ZPgQ5A8GTC06AYUIYJkbqa5Sna3XJ8Vzm3KPqSf
2020-09-09T10:54:33.148880331Z 435 YgtSVUgdoTh0twIS9yE5tCIJRGiFgiH3i9mFtfjBL35bozpxQSZjEC5cCagl
2020-09-09T10:54:33.400737969Z 436 7UotRWzIOL5CoevFhEVj4RaNnKDU2Yb5SVJtsRhHaBBUBwYLyudOkZTDzLdO
2020-09-09T10:54:33.651340731Z 437 kHhFWOt8lkl145ZBmYrqSjQkUocI0nQYjxCZsGRyWs2D1nUjyYZEnATCc3Z4
2020-09-09T10:54:33.903028088Z 438 ygHpOMmwCuhVbo4kcZ8vxqz17yufeIt6BlD1oJTmGtkFQKWf7dbIE1xRxbq9
2020-09-09T10:54:34.154237064Z 439 vNHRUxzZq81qIdNoBp1NFFHCzcBxm8au6b9iQPS5CPw3mahpjtNnwWsAQmDy
2020-09-09T10:54:34.405581235Z 440 xHhjfbhskaDZfEV4ZZCBM2dUjvgQiDrK2IoVTb3zXM6Dsrqj3EO6EYAzuza5
2020-09-09T10:54:34.656379634Z 441 0oH3J6UdzuiGHeMnOTwrEJcLv1SikuwsWOrOVP3WDnfSRiPNe94cPD8es91U
2020-09-09T10:54:34.907409535Z 442 QuqTjfe6HS0YpqqdmlAy48GbmqdGnYeDkIDYYelP1Zaw7bmJrbQXN91iWvVq
2020-09-09T10:54:35.158326282Z 443 m9OTg4knt5aPazOkRPRJzL2XEl3QX8HGyGBiQqkKxSth0oBJJk15NsU4Wgnj
2020-09-09T10:54:35.410035484Z 444 fd1jF6fg3lG6IXUty6gV00nRZs4esgzOVoqjmkJ2dJ11U8ZvoKbHMEgj6FWh
2020-09-09T10:54:35.662115552Z 445 Cd43RAuMDwhDWMDO1OcSTmPCZJtE9AdwhIuIsevQhvESXBRTRU3NxQ9v6SPa
2020-09-09T10:54:35.913654042Z 446 OOPJ0whXZ3lBJB7gQe7kxUyCBkIMi0Q1Xxt2AGIDuJBTUI898Q8MV1wzwZ0H
2020-09-09T10:54:36.165387645Z 447 8ZpeqzIpCkWeDoKWKT39PtMC76gjp6pKGO4bv9iHg7nllbRUfCzTA80Jgxek
2020-09-09T10:54:36.416847598Z 448 GWENlISoF9o5RX2k5vxcvrJ9Yd5aGrW6MH5K9g4tnaB4OCVqlBZIQcGGmeh0
2020-09-09T10:54:36.669212829Z 449 TnENqYTL8CRJ5z9fqbhs80f4ipibg2ODZTODLYw48mmjR7Sk9OYiHkrDWw5y
2020-09-09T10:54:36.919353144Z 450 WUELuPKtdJSoIPm8UDD4fjI5P5WutBGynhxb046qetymavMQYXVF1MWJ3Icy
2020-09-09T10:54:37.171061120Z 451 murMcY7r5xPP7Qx8G1Z4ceQRA3JaL8lgQIY3KmPw4xOE3mU3HwfPnOZCQ6va
2020-09-09T10:54:37.422336405Z 452 oEVWHJggl3130uD1DQ7yKjoMBZGch0dTH90agOIXQSOVOEgQpIuyADHj5Pd2
2020-09-09T10:54:37.673672613Z 453 i9A4rcBQpkpJMb5t1FBOzVqWzHtTfa36FloK3NE9GswM8tmTi8aGwl8eai4w
2020-09-09T10:54:37.924291425Z 454 jSvLOANYSN6XcmbMEaHbiaccoPgNcz0lQWrBspaD6PTsx5Ov7m1n2QfsJ8KV
2020-09-09T10:54:38.175600795Z 455 G4URAEo7tJe3btomMdMZv3hvyCIrMKlRBFk7unE49dJUJrTG0aPKGtisPTUt
2020-09-09T10:54:38.426246176Z 456 DfA3mArxlXOi6lRWTn2sDhHKpNL9zQ5wjx7Ysr9AhS4tFzsdMU5SLhLAqkyJ
2020-09-09T10:54:38.677651401Z 457 0YJqCc60YlAGAyGP0QDI0YlwBALDYxESqWgCfoBXH7Fxx2nsOXcpuVAS72mW
2020-09-09T10:54:38.929942099Z 458 Nq8JR22RmjpS3zf6BNRzeCYENyXW44KHN7nYyb1Rkt5NTXziY7bfphx0rudN
2020-09-09T10:54:39.181465195Z 459 z8PZU6e2OLJVM3eTX79lz3fJCXfahStcM2FxbLru5OBFVByRoT5HpHLmXrXk
2020-09-09T10:54:39.432397279Z 460 G46iDvsokQ6dQC2j7B5yYlXMe1f9ruWjVAS5fDFIeNBs428yQvO0ZuKLDXmA
2020-09-09T10:54:39.686244693Z 461 jC0Eskl9gpHtQvdoIjDsAW0aX0wLHPcRhUWykqwDp9nqyY2L57mGEuHjVkyH
2020-09-09T10:54:39.935153619Z 462 a4TJdBtlmZNOR8sojPMQakpjNnaDzGAQ7bqV1AsFv9SpwM1Hr3DJbHnndqIg
2020-09-09T10:54:40.189431204Z 463 20KZGFxRLjbOhncYa9vkuM9epUYjx9QpdUQLE96jg5vzZE47Bmg5E9vry6SV
2020-09-09T10:54:40.439044002Z 464 vHmSafxI1k99RE3hyBkDcQp4SsgXqIYFbFnLjAnSVoZ8g1wpt4K1xkbWG9AZ
2020-09-09T10:54:40.691594607Z 465 OAr9980knDcuBs1WWw9zmfX3lNGSjbQ2XVqar183NqCM5lwGlA7ao33j4auT
2020-09-09T10:54:40.941642590Z 466 9M2Q5EQ8cGnnPtB9Z4tsumDTn343FeYCtIjGh7MBntrqZkcur4GQ1CcFB8PC
2020-09-09T10:54:41.193052411Z 467 WIBq572vLv4eBM7vXmPulg1wSb1Ruu6NiGXblvlM7O8S81b4qX9IYmH4ukqk
2020-09-09T10:54:41.444731356Z 468 SG3sHTf5m6XYIJZfHHpMxGuAxw7cNW4HOJ9JRNUvH2zEDSSCt8WZpFZaq1p0
2020-09-09T10:54:41.696605478Z 469 tk1WwFAAXQPbrKLzQx7kqBJbrV3SU5venb5KIyXE75CtjMPlqrlVgloS1szF
2020-09-09T10:54:41.948816112Z 470 nXHt7ChCP85AUYx4E2UQ99Ads4Vc0O1xqvlN1W5WLP5auuU7iQBfuSfGsyME
2020-09-09T10:54:42.199954608Z 471 S50Wy0JXshGIkHbR4TFQ1Dy3M4g2GXMSeWMZFTnmUcYO9WEMW02coxxyX2bh
2020-09-09T10:54:42.451053476Z 472 8XXg10usahIsFq8rZ234EfGIaP7A7nk5nuC80qeFiIdCI2MoZIHzQky5CjLr
2020-09-09T10:54:42.702074860Z 473 ZYHI6XryykbwEKpqit6yo5UpXLEODjaOkiz6rYq16obSLVw8fR49f0iNooqM
2020-09-09T10:54:42.953555529Z 474 pJYTmvwEn78gLWUSciHnhX2wPmu0BPO05VpupxCn0wfULre64hOoIscihwII
2020-09-09T10:54:43.205833823Z 475 T7O8C2TiZB55GqYRPQjGT7xcvKmj5ftXUvnS5dgOw7HQNIvzSE2NCd9Pxwyg
2020-09-09T10:54:43.456759709Z 476 RT1lazjFxHx6In0rg41JDI3QVOHOLV3zIOAVEGP27e79UJomPClqc5mrSdda
2020-09-09T10:54:43.708038976Z 477 yeh7BZlo2rMWlkj8yFrE947vlAFKdnLxrPPDHnAahuA0EFwsNlK8WVKxwVFe
2020-09-09T10:54:43.959269505Z 478 dR0B9XXgF7IujuJT329PsCpVQ0z1Ng3PrAYsbV2bldztdBXJT3rslpsdZdRs
2020-09-09T10:54:44.210391853Z 479 jJfZufCN1Pz8xHtNZacBrBv6lqtBzEueLizdF8hY7BNN5uLdJk5kFDSzDP6u
2020-09-09T10:54:44.462750453Z 480 0Atik1R1WmhDFhBAZhZGS18yNSNtdMIn8umMQ4jNlFy9iec4Hbt8xklZGjUx
2020-09-09T10:54:44.713404932Z 481 9PR4HEmM1dYja6wfAoCirePA1tDxt5w6egFoMsm0EPe4y7mKaJVXLXsZrkk0
2020-09-09T10:54:44.965562840Z 482 2UamUNLgGbAhBiGwCit9b6Ajs5WmgA8NgnvfnWqwIABNBqjnFLiXpE5fiuOq
2020-09-09T10:54:45.216467435Z 483 fLpm09BQqmo56dDCrXmDdRRnY0Q1CSnatbcl0BToBVOeGJvbuAeWktOZEUSf
2020-09-09T10:54:45.467862336Z 484 BWlLGFQqyM7BXShsGmQVH3enxzXgt9QeF6YdRXJNTVydXCHcOAl7X14JrDCm
2020-09-09T10:54:45.718590692Z 485 8Euo7Pj7uPeoODlf6eHvn2dudPQz0FAhErg1H05mTLxBHz0921cSzgYH5G3N
2020-09-09T10:54:45.969406492Z 486 lxkKGN5mKNC0J7ook3iFnBZOsUqeUp2eM2ekQIx35TBJOAhhfk1M8n7m7cFL
2020-09-09T10:54:46.221101002Z 487 LXsEPGQL0UYxr1KKQpKSgMHU3OHUAljBRTRBVDCKtTMWtXgKFx99vep1zYc6
2020-09-09T10:54:46.475945936Z 488 LPWwUKyq4XGnsYdOyRaGw16CUEbcRa7bTMOofYrH59qlvYzoohcR7JXck5jA
2020-09-09T10:54:46.723324127Z 489 c6hfioA5E060Qn9rKnn2ZNcGdlV6cyEttr9lmMdm5nOqyTxKmBSb5oRLkKrO
2020-09-09T10:54:46.974667902Z 490 0ldHp1E9jy7TXy0hc3vnYVutdnf7wdvkFZGixtlSAEv6rNw4BjsSPdIkXcxu
2020-09-09T10:54:47.226052339Z 491 AuQhyKGgRH7QJJE1wThXM7D4jZNBc288RaOKUCJEZDyGlOFSGMCH0N5T3XLQ
2020-09-09T10:54:47.478096888Z 492 WIxMVPaObRvOtgXSolvfW10nB626ZQT2YVAHHSgoJ8UahS0VErwxebFaw523
2020-09-09T10:54:47.729649986Z 493 IrkfM3L2D2e5WwEUyVOofqlrgMq5JiY0go8DHnYNkJRg1QAnDtBt6g55X297
2020-09-09T10:54:47.979918429Z 494 lizmsyV0mH2flWbrnz1YQq7DXJ0JPng4DCmFeJ0vy7NwR8kjdMJkarX5UtX9
2020-09-09T10:54:48.232136636Z 495 JOlwa2lyG6jq69erEaTzoJTI3elMONyPtCDaG5wg1PUMoic6IjAtxDvEScFH
2020-09-09T10:54:48.483539696Z 496 STVONyGd8ex2omhAl51PCuTkunFW5uWiitWThbrJ2188RxuGTbMtiPHRBZq1
2020-09-09T10:54:48.734557663Z 497 K91BetbCMwOUq2WbMPBqutBrP4rPQi1cFrnPgPMozjIiotrcxIFSiaETFNJJ
2020-09-09T10:54:48.985352133Z 498 muOioyQkm0zWtmVQPA5Qvh3CQZIRzFAwlLVkg1rWn1uT78CuzEqEG7pe0dJ1
2020-09-09T10:54:49.236884225Z 499 VAkGtcysHAtaCUe3d8lM2E91Gk1dfpgvz26KIkmiRSyTlS625EGuGzxDkuQD
2020-09-09T10:54:49.489410572Z 500 167qdAEbrntSC09STFT77YRa4SKlOBkkdtU7I9cf6MhNkh8jQ1em5VtFpZ5p
2020-09-09T10:54:49.739247016Z 501 6C8IFkGoD2sRsMph9IkGZSqoLaZdeGYknenZt2SBPNOltQpD6GSNni3QvC4V
2020-09-09T10:54:49.990351831Z 502 VFi02AxjrCx7gfnlVBcAk2aL4KMncyyE1eytUZ4hmrPwBfK6mcsoZ3LqUBz8
2020-09-09T10:54:50.241274781Z 503 RMFr2PKEgjpdD9vpL3Z3BVtYBbw9oEZqrESEWVqFnnZ75Eq9DufTR0zjYa5j
2020-09-09T10:54:50.493495976Z 504 wxBRZ5YElWs3Vv6oVpRsv8rDuaeC7VOdk6XOFDOBVljhCwG2PAR8aTMm6RPo
2020-09-09T10:54:50.743870594Z 505 8Mh7YFOkYVN2BCjBsGF5hrLrJ4QfT5fKN8zNVcCvx95KZKM4S7jqUudykR7K
2020-09-09T10:54:50.994702955Z 506 KYtc7CSczyoJ5Hs14HiJq9XczKHJ3e2W9fEpl6AWXSB0PwKfPAOxu3Bcw3ib
2020-09-09T10:54:51.245640162Z 507 dDuEewIMUO8ZH2L2dNqFuUvAKaTmCpjkvmtcX4F9C7Tt5vIusC5NdnAuJFK0
2020-09-09T10:54:51.496820833Z 508 3aQ6iEODqfOMkYpSvPc8A4MM1vp2fKPWYns8It0mJd6MTTLNklbWZCjVBuDq
2020-09-09T10:54:51.747789358Z 509 GDXktBvTq5yLdHems74KmcTlGSXPwMq0QrGRfczMpq2oeYryhgqawLwkxlLf
2020-09-09T10:54:51.999818288Z 510 jw1o5VtOXvUuCyxmXktkm7ih8qf0apQfiyN8L2XFxUW4iCP6ViI0NFw5xvrz
2020-09-09T10:54:52.251233409Z 511 xExqTQCkQphfw4C1t0ntxhBQ9OSjWVAy2LGj2rn21MexLqccZJW3vkIOwk5I
2020-09-09T10:54:52.502548557Z 512 2TsNDSdRUvJbzzqJGjHndOyIDt0MUDkCoLfVF1sogYKCYyQy9XpBC6uap6K8
2020-09-09T10:54:52.753672774Z 513 19iZirILtqJXln5zREqi14y0T6C0kOQyFDywhBgL5hGQSAR6w25HmktXOdaM
2020-09-09T10:54:53.004385660Z 514 Bfo30BjmE0zEOGlupaA2iNbTCSv1TgueoJJxAjgXqmpsQ7oyzYiX2GhBJqrG
2020-09-09T10:54:53.255974946Z 515 MaD1LRKjZpueONIPyc5fcQzP1LnU1W8CmtmwFAWQmvuzSLR3ZJXybFDen4Qq
2020-09-09T10:54:53.507815088Z 516 uybMNgP3TxkqC6ZymoJHyVzSYfwnGDTtGc5Iqm324Ot193RzatwzJ0nEZ6yZ
2020-09-09T10:54:53.758699026Z 517 U6fiyMlEq5MPI1tcOuEqLiETCAMMhUJxuxRliM3mDuc0zliyISC4KUhkd5uZ
2020-09-09T10:54:54.010683263Z 518 ZGWuzDjU5QqGONYeiaentyTu9B209ZA8oXr7elfzP40DUpn5hNrm95uk17Wd
2020-09-09T10:54:54.262202512Z 519 Vkat5XaSavHLAhxVUMFUxyzGtj3xPqzpbgUtKU073Kt0PxRGFgH9BRThEff2
2020-09-09T10:54:54.513107174Z 520 ZMQ3LmqGytRAuAWP0x9KRUyZOjK6slsb4pxTBuFk7cgiOTrWO8ykts7ABdqU
2020-09-09T10:54:54.765097284Z 521 gPEYyI7owzz07OAHW3ZBTPN4ap7xrtlwIr6WXBC7gKM8FSAY33LBhg1dX8a3
2020-09-09T10:54:55.016314576Z 522 AuPRRcz5QTX25zDU7T1o3bQ3RnQBPELoLsPbiBkKiX02bTluqqGrLU8DnUKc
2020-09-09T10:54:55.267378644Z 523 AzM22GRnJEaflIcpmDIQksXOB610RbS2qTmC8SGwmBH2glxU8kjiv1axAVxJ
2020-09-09T10:54:55.518493994Z 524 Mguk8DVlBuE6hHg8iHH3aTMb84o4yiCCyQCmIkQ4sW5CZj4NRKgMoboLxayf
2020-09-09T10:54:55.769306234Z 525 41DWn3XZet88TJBHk6LVw8V1OXO5BhxcyG2wURyYuISmnOHEH8Uqo7qVsWB8
2020-09-09T10:54:56.020827998Z 526 vFeKik6b2h7Vu90SDao8s3pT3qnLtVkgnGFUVWmHUbGM5bbjkys2y7w3ZGpU
2020-09-09T10:54:56.272343379Z 527 XlScFTpTvXRm57IVsREd2zcUe2TQp2gtoMfjVbhDOdIm7LYYtUxZdEwvw2Je
2020-09-09T10:54:56.523683788Z 528 cGfVo0rFJwMoppUskEHzuiPavexA0uhAZ0ESimZC9I6H5WBY1jS72CHdHAT2
2020-09-09T10:54:56.774470736Z 529 AAceHw6Hhy1wX1za5JR6reKSponU8d7TsMp2wtx5j8tfry9HnH1mG0rv9pig
2020-09-09T10:54:57.026726116Z 530 yY6NDnrtUM7tmQ03tJO0ik8sQ5fUnwB8m2k6nvalxNeSCUQ9WpaOUTrtBWcD
2020-09-09T10:54:57.279520078Z 531 6ziO0yWrlTIu8GHucTULV7bkcZu0FLpXZOFrqkZxjuvQqeUdrspyxa0PxSiJ
2020-09-09T10:54:57.530332998Z 532 5HCrz26yGaeHlFxwDjNR9uVq6SAovtx1hI5qEIWt6Y4h5WLafCeWTgA1poDv
2020-09-09T10:54:57.781852944Z 533 jndvvYr5ysCBF3dUAuPPeY0ddLG8MIQGyg5GejL3UJX7nLJkBmhEtOyqJ340
2020-09-09T10:54:58.032360332Z 534 6hYvtJDs7eYhC7ebxrTZI3xkw5conTjPInepf6NFJkjWO7lJV2JeOgde144I
2020-09-09T10:54:58.284872604Z 535 UlVE00zoITQFomoQH88Z4nxuoOpReio9JrYQJtE0ct417m9kkjGrV1tddEBw
2020-09-09T10:54:58.539862326Z 536 rTMnT0DWk4PKUNFJbNGFxfIYWg44AABVq4j3OXG2YI01NVE7LSMpl9UBBuDX
2020-09-09T10:54:58.786120988Z 537 M3a04Kkh8rx7s0QcXfwq9cz9Lx3FhKWwOEi01Ayb9KRskSHZ7JuSe6DtGyU7
2020-09-09T10:54:59.037675039Z 538 LEFlL8Yu7SoSVV51XAc8RIy8Hy4KXuSu35WnAksHZvQcldrRlsrmH15HRQGH
2020-09-09T10:54:59.290110602Z 539 UlW3xFIOQeb62yLdGkpohLC4rTAFAQ2CH43gREygWdduyudPJNgz0CdlmGYJ
2020-09-09T10:54:59.541174416Z 540 YH4pTiWqLCLiik4jKQWv4F6NT4pW73sabf66DAb58v25lX6w8C9QeNyinkhl
2020-09-09T10:54:59.794664160Z 541 gm2inPyWLVnWbnO3Pm47ebtq2BHNyW2CjPwDK7CrNMgyVHKgWAwkJJp4De8q
2020-09-09T10:55:00.044556010Z 542 xTtQApcy59ikdwSuLxx0LHR0aS0rizXWIvgAIYR9dPMRVc2cYux6ot7wLwIO
2020-09-09T10:55:00.296285447Z 543 yhV7XR4UPP3zSpacpIHwW7hkaHFrCq1c75OgNlpnL28EUKlIG8PoUvdq3FXR
2020-09-09T10:55:00.547717309Z 544 3mnEmffayF03PhXxUsg5aKyU96bt8tgHWDqjMlwXFqboQyr8U66oJh2nKELS
2020-09-09T10:55:00.798661548Z 545 BhVUu2Br2YrifaIP37eja47T85lIm7yJdBjJMLMLskDiQDhVVeE1K9uX3RWH
2020-09-09T10:55:01.049334506Z 546 YJKS8VAS9dHYb7mtzh0NCGPCNBE8pFB8pHE3PZelJzpgK5vepbMqTh3TTcZX
2020-09-09T10:55:01.301060151Z 547 aN6yPigv5gNvjmzKZiv0Sl9b5xqtRNJzvIv5Kq6SMuFYtLJGDf8fYMHogUoU
2020-09-09T10:55:01.552686494Z 548 e4VA3XSXxCmVE7SUiSvMkahBCNN92mMb0pJPv8r25Mcyqkok4NfxPiwmWliO
2020-09-09T10:55:01.804663338Z 549 2zq19VtJI5FhWxUorzZHyY6ni6vKKjr3XrHHcN3xrgCSJydiqhubAAUvM0ts
2020-09-09T10:55:02.055552335Z 550 RObb6hVIGIercn5Di48tBQMkJFKQE0L0EiXb2fRgyNkYcHob2jm9fndq9YVt
2020-09-09T10:55:02.307820131Z 551 UCHe4yRJNarcF1H7aVdLL4Lyms8JBCIubdTXV8JgFHBEahncP6EaP37SvPLd
2020-09-09T10:55:02.559739180Z 552 HsbI4cAj2wCtB66aW4nTRBfTRJBiOqJR8skHjso1JnvlgkcShv4cUiOne3oo
2020-09-09T10:55:02.811139146Z 553 USEk4mzPZhUTSJqVCkFgH70dw3aRiWNO3ZKH1pC1et7UW82ZMBz5wJNMNXJC
2020-09-09T10:55:03.061866264Z 554 5uj8pZL3pLpH56VgHfkPvF4RnBuGSh6tEFTSHOpYuOOvtJ4slVA8EetTwIx1
2020-09-09T10:55:03.313872415Z 555 jccyFod588DisSOw6zmWzGWNHYJSj2cLeITqrsL0JDwS24I2nWvFFZEJ31PE
2020-09-09T10:55:03.565917219Z 556 67HIqfPn0IgJP1Zqmuu3ukZNwS5jIGgIUP1o4IZvFeDZBXE8GE31bC4GHOKf
2020-09-09T10:55:03.818745799Z 557 rz2P2Uy4jS9okPCcZLH1iQUqC3jfRNEXo52pjysQ9BPDQ07FkHzpRq1tAPsj
2020-09-09T10:55:04.068887090Z 558 cFk73V12d8hXOhyJZVwdiUvReEefNOueStjsgRbQdHK4PwAemPt3xhKxVdHi
2020-09-09T10:55:04.320979203Z 559 ujdm5TfoDt6knqocBARlDkhVTY1TsLnEbsayDnKx15VWE4zqEIGl0wNrcper
2020-09-09T10:55:04.572928010Z 560 5IX24LvTy6OU1muJNZ1laIZYI7uwB2GrRduuUwgYZ84k9Kb7cERFgZ3qFcsI
2020-09-09T10:55:04.825260664Z 561 dsxlvpds0raR5jdWJFY6IEroSsqp3pjNDhJkKjnEo6LIRiAIFxQHx1BZ9Ixb
2020-09-09T10:55:05.075633526Z 562 cXWMpeIyTpNJXWRnaaZxrLmyqlXUSjbDp6rZrlXh36ImkJe8dJT9icDwfDSm
2020-09-09T10:55:05.326724768Z 563 OHQhfIv3Gd4qdd4dzdWpFZFu5hhtvqp5fvc2fis1jcREATIzI8xlJ2jJFCzP
2020-09-09T10:55:05.577742259Z 564 IRvSNVMgDeK4u9fwBY4GlLPxgCEJll6j7U8ciTmM7hdAoWkgJrSqWbFHu7sn
2020-09-09T10:55:05.831063038Z 565 bGpbw6ajwOwiN5ZKIup0P5kswOCnDdgUc4VSNnKSVqAvGiJB4z4NcRsPPlvh
2020-09-09T10:55:06.081491311Z 566 S4up05aq0nwCnbcbML7I2M68qMZzekBQuxjOPjNdw29TF4lo06Rt1eZXsYBu
2020-09-09T10:55:06.334245300Z 567 pVGY413k2FHb5rxnAgHIIpggZIWHUKSxXZjEU6eWBWnRI7BfjDxTPI7myIj4
2020-09-09T10:55:06.586559136Z 568 M7ehmyHx1ERDFeMsZziin9s0VwsKqQRKx4NXAudTk3MnZ1OF2LPDscHXUs4D
2020-09-09T10:55:06.838177434Z 569 trN1UXPl5N8dCSLdmcidKZlBriNaFExAABt845IIIwxxyKxAn8kTE0lsTseb
2020-09-09T10:55:07.090020805Z 570 tsPZNUtpVvZQXKx12x37MOUM3cNu0zOhsjy2BuwQzfzTqAEARFgdMYWsW4ow
2020-09-09T10:55:07.342075350Z 571 ifZJdQdp36Gyz6YgsDLgSkf0mhfbKdi07eayOxK6B0ne5H3q4iZRPqMCqyz9
2020-09-09T10:55:07.593482278Z 572 1yZkuIaQYlgz7Z7JrE7ETGsWaMWicn13PqUf2ATMZEbPvyewf59dBccdMTui
2020-09-09T10:55:07.845000560Z 573 paBymyLXLAhBxxUXN7yxubnva6IhKcvY1Ld14INr6Pyl8DGWL5YTo9gRwZkb
2020-09-09T10:55:08.095927495Z 574 t15eirV45JLhiCdcDRjx6nBGgzfgQIopElwn7mj1pUIhcWtVRf6SQvloRa9T
2020-09-09T10:55:08.348210427Z 575 ssiI5Gm1gyUPpFwDBW9IqDmazzqBqoBQo1v03J2P5aieMEMcUHb2pyRHWrVJ
2020-09-09T10:55:08.599470366Z 576 xuGLinyqp3KD1Oucr1PAH44v3MdXavMPGxEOBLFWtZrt1An8vIJRbjOcX06u
2020-09-09T10:55:08.850276816Z 577 F33Jen6E6ps4rsyoFqBsOFIuoT4C8vDTX1TLMFghVG29Sy8ZqX6rBsvJ1kg6
2020-09-09T10:55:09.102077451Z 578 2v6dqirbyOLN2BLwSIr1fwDGFSYCYEuIDsxvZrODXkWHfFZkR6rh57fAOfPT
2020-09-09T10:55:09.354037131Z 579 boQZ5MsmoN4H9JXUiOkcIBvZySiyz4KEnAKqUAEMrUZm5a3e76eXvuVjbgL4
2020-09-09T10:55:09.605489032Z 580 BlKwscEQ3OhMctQE1GUvLy0c8lDARiSE5qcvbh5zVW8ZDdbmFnMjfZZtQKjC
2020-09-09T10:55:09.856211725Z 581 AouowcXbwph7gDVsAfsACsj8DAV9wxTa5MWYPwZxm9opIowTYr2W7oEJNSGh
2020-09-09T10:55:10.106616739Z 582 1PigGpA48Zac49cUHXZWnTWBt4q5IwivEEGXfI9zmMnCp8s8wuJsfsL1subz
2020-09-09T10:55:10.357468302Z 583 bNEsEkgPE5WhMMwILWDr69ixYYOLWp5biIa2nEzyAzjc94MYP4kCAcYHe4Fj
2020-09-09T10:55:10.608804969Z 584 9URjLWGKcIA963Yxm23VJCrEE5E7vTmnSwghjwOGByZbEgkcqBc6eC8R2NXe
2020-09-09T10:55:10.860513640Z 585 g04UqYxiTeQsjdWembeCRGULxM5zeBFIRutW37jcq3xU0W4PklAVu6EhsmUr
2020-09-09T10:55:11.111125881Z 586 NhHq8pKoIPfMCnDQHTy2XJCjreLLNgX2Nl8qbjMigsXVX6a6ZVfNAgtFeg95
2020-09-09T10:55:11.362453007Z 587 zcXHD4YK1NcFG1GvcuLBPUTQfv0Dl6P7WTpgScyz5GQwXkEkV8J4DZfpMvID
2020-09-09T10:55:11.613820845Z 588 tIhBMg9l94tSPqxi08MjtEzHVpPEBLP6t4ocENWaNdUVZS7j7YqHTYjc9Y6R
2020-09-09T10:55:11.865303980Z 589 ad213PygCSjQPyt4dhuE6K3Sg3NawybQzyxDERqfJgkY4sADburHjzVmiPMo
2020-09-09T10:55:12.115692593Z 590 mi0KEIkMgiDsFQ72TsFBLp29ex7UrX5QUe755xU8ifujhXIoBdEsBtan3FQG
2020-09-09T10:55:12.367842711Z 591 kIuOgvhxt7VcDTY3zrbR6rkFaVAu6utMoG8B4HOjLXGHRK4Maq0hZtCdNwsv
2020-09-09T10:55:12.618814535Z 592 AXgMDhY3JjyyHibMhIEQOdUxqi2gvwNlGaUulkG6PTMPNcKvofvc86EDYrwv
2020-09-09T10:55:12.871961414Z 593 dZT1hqOpq2NGivsBpMmC9SfKGCgQqPVwChg9fwVGSw1EPv127gIy8TFqsBVz
2020-09-09T10:55:13.122924732Z 594 W8hMPzhNlhUWQWeksiy7Byyz3IrHdFvLaYcuYAky2uYv3Qjg7hSPpmNUrc5W
2020-09-09T10:55:13.375030985Z 595 OKeHX0xjtxM8txAhQb7cuD1YGD32QCRVYgozspm9hV0NHpn3HCjx9SeuHXlm
2020-09-09T10:55:13.627073922Z 596 atiQvkZKFWzYaZw6EjGUk4begTnAaLqtivAxovtJjvgkCPeOlKNx4RVepWln
2020-09-09T10:55:13.879673169Z 597 MzmN4g9P9WBKvnTuxrPLH8W0e4xMJEQ02bneuTuaDxlRnWH6lP2FoogumoH1
2020-09-09T10:55:14.129226745Z 598 TKpwkDf1eauMwe8KVo1lzMAdvMSlgv6qKt8CD4V1jT1rvu0GukqHT5WSXGu9
2020-09-09T10:55:14.380722980Z 599 ksx8ccdwo7szZhpPEiF1xFjdfNajl4wCE3PgfjWt2fpQ1gIQbQ6bApHAySCD
2020-09-09T10:55:14.632169329Z 600 yvxw0etJZUN6xSGuS8Rx0YkYyMEbVvtG7rUF7aUTa3YiRTizUgvtkP8V4QTH
2020-09-09T10:55:14.883818740Z 601 BejPdNs9yjFvABUQF7b6ZjYGAbGBFU9f7jK3TPMirnmVGW6ET8DR4fZhBWSJ
2020-09-09T10:55:15.135357403Z 602 lYiHyCPW0g6xyYQ6H4DyxdTaQXoaRBneD7pHkpAPnPhS0urThEqFwzXY5GQG
2020-09-09T10:55:15.387149009Z 603 853ahh6m1m9w87QimD15E2Z34dxsLjKsW0wmcZIKzNKf0RSZm1jdbfKWRFum
2020-09-09T10:55:15.638516063Z 604 5LlGWNfGwCWvgPx4NSEhxAZ1a0zr6a3r2VpaSFDgQLnl4TvcV3CxS6W1jwlG
2020-09-09T10:55:15.891051192Z 605 yFSVmX0eGZsschqeuRsWzU5XmDQntVaIn23o2Ob84F0iwWoXov7HyxYBdaon
2020-09-09T10:55:16.143051600Z 606 U7FHAyowoQeyfZW5t9dByYlcK8NnfHp9tvkuwKouGbm6S2i2rK11EGuu29Au
2020-09-09T10:55:16.393769432Z 607 r1wDWHtloPGbY4wkgDJCIqcJ1Vlygi0D4S3YWUWKiMtZVKp4Ukr1hwsnX7OC
2020-09-09T10:55:16.644551491Z 608 HvPiqHnQKyZDjAN2y42Mq5lRYLF3fNaqoAg1sudfjTD0xCpzTArcCmbYGkcF
2020-09-09T10:55:16.896216221Z 609 l4i5eUglQYJZFjrlzxlYW3nvKeWCqMumP7BAiI9H4mejuVPLW8qmYtJQlYIa
2020-09-09T10:55:17.147438527Z 610 ceFQ6n9y9w7DNwH4an8Kvf6wD6coRoFHfbUTkU3lCyhQ1t6zQjOKWeKmemUQ
2020-09-09T10:55:17.398266934Z 611 ositQJtrvwLMAuKCLTrNbmg3QBjWXsDKPthmOL4ZI8LNhXMx5EBP4KfCNYcw
2020-09-09T10:55:17.649487997Z 612 STaLryYr1FAo5VunvICZd8qzzkoSbJ05OfLoh7bgvn9OL1c2Wxo24qxWF1Wy
2020-09-09T10:55:17.900384334Z 613 pEwK0NVhviinCWY9TxtNvHQl9kK7B2ywqk44eoBSFrrQE246D2nKL6P9NNsx
2020-09-09T10:55:18.151848898Z 614 vuW7AXbqoMD1T1t7uxWfubZqfEKoFJKE8pTKuSd1fYYPSzSCCUoq5aBsoRXr
2020-09-09T10:55:18.402685538Z 615 8j55IpCXrsMRff97uGDlVFxkrzNmsVkeZL7taX2OPkgVckaI0aGgdFL06ipF
2020-09-09T10:55:18.653677881Z 616 H5gAUZi7GDIyPDKBCtTWyo32y15IdnuVczqIiX1SPGlZg7XxqqwUOvGKB3z3
2020-09-09T10:55:18.904747962Z 617 GqeJV8r3RsdO6OtJpeMnVnj5dyoKxjjHxJiwsvIPMOCXBByEpDtiPPrSeVzC
2020-09-09T10:55:19.156062585Z 618 ax4MTY7bg8B37r3eTZZxofBe9LbNn84IBP8p8p4E3pdPpZFgvfW0RyFdLL9D
2020-09-09T10:55:19.407271189Z 619 QbDeS9PhYEB4sk6bPyrsWsKmlm5IcoQDYsKe1Abnsk0BmrNgL9g8BaKP1wtt
2020-09-09T10:55:19.659154292Z 620 PVXScijqAGBgt78atEmoRdS0BOoQT1KMQb9hwrqMqDAFu6aWgHwK46tlL6fy
2020-09-09T10:55:19.910931043Z 621 fAoZl9EGLlVO7NfhaVJjiwg7akRLFpgdxt2AtBLBSunzKavybjgH0El6rwBD
2020-09-09T10:55:20.163732560Z 622 1xRvH6uEn5AJa4cZbbCEYuXbNm025GYv60ODppMY2wnUGNUMONAHJ5zBIOnH
2020-09-09T10:55:20.414432802Z 623 msG4FrnKwR2MXu8m9xh4a78XQTk6oodXy7PWMtDzy6rUcDIkSlDpfSCHju13
2020-09-09T10:55:20.666847597Z 624 JJ49SAzLU8Z5oqSNyEorSg5bjNEf3PKPuHvXtOPKMro515E679v0ZCPS7dr4
2020-09-09T10:55:20.918366878Z 625 pCYHnOHjdqj74dVKIpryUtcmVeubYTR8B15g9l9cC2tr3HpIla6W24m6SgVT
2020-09-09T10:55:21.170182342Z 626 eU5rL4Pt74769ZNGkAN9CjgteqpPo92ND0GNEeKHl2KdKGXVyrSkTNbirRZk
2020-09-09T10:55:21.421986432Z 627 0Ucqocb1gWKVz2D3OwdZJxOWjq19VhlBtWFKditHcZvkOReZmZBcHJQeMXn0
2020-09-09T10:55:21.673622844Z 628 Q2T1rKbT9rfyFfcU7lcRhzWLSAjK2J2EMQBmWUtist9sFW9KxVBkXG9exnko
2020-09-09T10:55:21.924710291Z 629 Ax3MBNpHXQGlXJ80GbI0ll6AsySIcdQmqfhHmmgdMFHtwMfO1Bbu5S8NMvcV
2020-09-09T10:55:22.175790966Z 630 VY0Jr3o3rlrIS3YfaYHMSO98N36Ex3pEP5Bf737GpqokedvlPQkjJVSsAhl0
2020-09-09T10:55:22.427015951Z 631 LcICR8KJDChaKxLgXWvNegJlicdecXWzafmeOvUFa7QDgHcWzAsVPZi69hrt
2020-09-09T10:55:22.677883173Z 632 08AhgwtyNM6dtc6unQenGfVt24Ymknhk8QTdtVEKmhMhpq8iwPShC2MFN7zR
2020-09-09T10:55:22.928406051Z 633 BHAJob79CW6TUQiuTBChzeVniuNZFkGJHSSedtCAh74pvt5BKtQcWvC3vLdo
2020-09-09T10:55:23.179791311Z 634 ZVNfYKnauHaTp41JASbrpKIFdSNnZ6DGXYfHe3xYZvE0IwUFbRyD64pmndfO
2020-09-09T10:55:23.430284191Z 635 BbSJCugVWXb3XxOffUFwcu7Ko6NVBO9SWEKdrAGF2Twteh8vUgxJb1AUoNLa
2020-09-09T10:55:23.683050235Z 636 cVLrWoaP6b6EUDiZAd78Njkx9wJxpKi9GmfioMaicPcDWHMzWbZSuV5JJEoS
2020-09-09T10:55:23.934095223Z 637 9BPBxSE9Pr0GD9vQWbZtrH1THuxcU5IEN3tASbnZV4jUPQU7uvym1ZeSq3yv
2020-09-09T10:55:24.190855801Z 638 rCIj2nvYEHNRY1KhUKXIfLXmzhnb4jTTIFWq2payeVdwtTletzQfPBiOE7Su
2020-09-09T10:55:24.437400982Z 639 8rvfAtZQXprseTKpm7JYvRw96pCksolKVia7p9qq55pr9zMDdGH9q7racx5r
2020-09-09T10:55:24.690100838Z 640 Y7J7vBxEjmVxK4BLh46hVLC6KUYWy0ZfvFlWzYuvCWuVZVvKx5vFgdQ9HhXA
2020-09-09T10:55:24.940562082Z 641 e8aYooHxQcYTk3DhT1c7klje1rKNZk8PUj1QNMoqit2ioO1guZF1rnTInibZ
2020-09-09T10:55:25.191322448Z 642 xGZUwLpoMeTxOaH9usfOqloz0brSo0aVQYvaTVGqV8COHv6BNyL121e3I9QM
2020-09-09T10:55:25.443055721Z 643 MeleEwXLx51X4pep2TxH1F664EBiQEhgbfO0V5KzMMNvcJVQBVkF9bdOPADN
2020-09-09T10:55:25.693743465Z 644 LSFwZEJLcujOjJnlsK9yJLq07RPcmIeTLqQysOG2rup7ohVJ30ZY7fwvAl7N
2020-09-09T10:55:25.944605302Z 645 9c2Lo0RJXXwm1UMLtaDgZCacf7S2L9BMgAF3rsj0tI9EAge7cOn85uRyHmTk
2020-09-09T10:55:26.197857206Z 646 miProu0sQ4N2NohVW5qwLF3a6C9QxQZA2U9PuLCJGGEFUjCvu99sY1UGzDuE
2020-09-09T10:55:26.448377975Z 647 ZOaNiMutqonPqwZkws8A0vKLkaOGdeW1SH6HEOAok5gn8562gr7NUazQM2ZL
2020-09-09T10:55:26.699854334Z 648 PUvMjoHc1HMWKseptrb8BvYTiWMkOA2gwy7MueclWOWzUceVpLcdeoBBZBbK
2020-09-09T10:55:26.951976869Z 649 eRKob5s4vkWm5mmD4wFdKvKu5S1OFaSbgotxEcHLIPVxsbDj8Br0tUGjbx9B
2020-09-09T10:55:27.202167312Z 650 P7iAyP8XMa5pY00ZKpvngSKSrvfz149rj5gbJ83TYSChneT4XZuAlKCYq3BC
2020-09-09T10:55:27.454043376Z 651 t2JyrGKYGIFZQZwcyxl40CQCqFmwWrKOVWJWxMcDPvok9NS2rqQj6k8417TA
2020-09-09T10:55:27.705837999Z 652 LI4hp6kliWpeLQpwEgDjzYMbXIOSSv9LgGURVJEQjrZvMEJLLVcfM0P7rc4f
2020-09-09T10:55:27.957200071Z 653 TNk2MFsfyoBFRt9BBpSq1U09Sxoa0j4XgMYhd7lJyjA6Cye7xRqpY0GRA81I
2020-09-09T10:55:28.212083316Z 654 G6NhJTkee3lJyzQfs4EXWp5l3SRh9A5K6lEkAQTWDm9PSV8w9A1sXWm4nAbb
2020-09-09T10:55:28.461625133Z 655 RJWwnFbWmyGmK1TCOiaPnk7jZ1D9mLZDVH2EqUvNHbs0Hd3sZGOAC3jOhvYJ
2020-09-09T10:55:28.711660971Z 656 3o3PUh5BTgKjMNPA56X05165DY2Ra46BlQj8KyePtU5DXxjM9ETzE6rJpFGc
2020-09-09T10:55:28.962683038Z 657 eJZSKGZdQcaSjcgaXmyxmxmdDnBrlYC7wYHxNik1LtBHr9pw9ariBb5SbVi9
2020-09-09T10:55:29.213632765Z 658 j9EhazMk9xqbEb3DnjCDc8qE1phn755s4iKT0N88DHpIHA7mJ4AV7Gq2UQ2X
2020-09-09T10:55:29.465028384Z 659 YrUKRHtKW8kDmTDUB3YpaEQat6NQIurqKI1DIjCFJMlW6k6gKIEr7mjozjKx
2020-09-09T10:55:29.715844748Z 660 AqyHXmcs3sUjJ9Kmap4sCMvAXmwMHiN7JlHWonifVJVwzKcLGgP8iLxragKG
2020-09-09T10:55:29.968688631Z 661 NfZbne4gEyoVauTTTnsT9zuqX8kuSfY0hFH3OZYk9DmfWkU7Nng57qQ7agbx
2020-09-09T10:55:30.220037129Z 662 44dbZs2woUUAlnB6CUuvyTKiIKgzE4CGPrGI2Jlgozogf3p9VoSQGVhDRyqr
2020-09-09T10:55:30.471417957Z 663 NucL7Edm3Bxaj8xkuu75LO7mLPzkyDgyjjypMKxxXCVjyuq0ElFLBN0ZB0Ib
2020-09-09T10:55:30.723755391Z 664 Bcn3q2sIdvlzHQ5IxucFZGJyB9VzNEGx3bGdRnREgLY1Ywkhr4md0btcBCR1
2020-09-09T10:55:30.973576838Z 665 x2kguQPcgyTeBIrKzoBMwhPbOQdzBBMAsNa0QUeDLo24uskz6PiYUrWzbarS
2020-09-09T10:55:31.224511283Z 666 bQAFFeDrAaE7sL012wxFV67t2DttsQ6Y7nR0xcTNEftOPNRILf4QdICQ6bub
2020-09-09T10:55:31.476198434Z 667 AE7LVTfGNSwAHcuNnXpj9XiiqmFoAc6WI9LxCUwmEdPPJlvdLgjfza4d37HK
2020-09-09T10:55:31.726886714Z 668 wYbe6VYJdkQevmBumt7EWYBOCSsLm1q4vyGaqqm20qh5BYKSlnbPbHX01fx2
2020-09-09T10:55:31.979279769Z 669 jcdrEeN32mqC6gqBZfubXUKhskVVE2e6mUY9DBdeayVKJavn5GfXavvteKNN
2020-09-09T10:55:32.230504113Z 670 EFs2jMjK70BkI3yunIH8nxKpxpZ797UgpjevPBvPagBHS3YdF73J5YjN0kq7
2020-09-09T10:55:32.482027494Z 671 4bidzNqcRDszOVwg5ZIKHrID4n59ilwex3QSLJ1vdbHR1lO3QdX58mJzVPo0
2020-09-09T10:55:32.732478637Z 672 ZWoc6Z6aamypPL8S8Wf8dwxXHQj5Jteydq9mAqVjA9vxhNGYdhyEKwm2E5di
2020-09-09T10:55:32.983471206Z 673 V8c4XTDqaVoUJExH4QUgc4alrMC61zeyJnYpw30a4gEEkv4crdOAEWVr0qoG
2020-09-09T10:55:33.234698524Z 674 1KbZxfV2DxfYmqojQzq4FpOOWpS2vEPbBqaTLEgb1yWRMvFlsn6OXMoBriJH
2020-09-09T10:55:33.488047790Z 675 t9gVhDYCpY5TC9bRDMzqG3OCdTTuQbYvHcoGKpc9vGaIBq60mGfsOwVADWku
2020-09-09T10:55:33.737558358Z 676 vUvaz8XCJzCpRdvdnpbJ6jvWTswpls3p4QsD6FMfuoAakzGWWSYrqAEioMvh
2020-09-09T10:55:33.988640165Z 677 7zNja9QIExOAuaa1dgh1xHSoc3y6Kze7g33EZZh4rAwjGuvzKlDz1lPTk0kV
2020-09-09T10:55:34.240264976Z 678 DXnyjoR1GfhhlfPDfUPxTbKzhIW0w5f5rAB5xSfs381jbJtRuSCcvDmHt6Wo
2020-09-09T10:55:34.492153392Z 679 MYSuWHx8TDAQ6ytpTiVa7W6MFXd4OamRy1bCtGyZKrRbVRhnF7woHQH5tDCJ
2020-09-09T10:55:34.743271495Z 680 0AIr8VkX1IVqUbNonzCoiTksNaTWYZRDGwnYyrpXwMgcPp1dJefQ5wKSvF2X
2020-09-09T10:55:34.994156252Z 681 IUBC40hP5KcnzmhJ56vwWc7FVe0l6N7LJuea9bzM29mYHp5gff2N8KOskNMz
2020-09-09T10:55:35.245955739Z 682 bBwjm2PD7H7gPk8pMqVBmK2v51oDFkHVAiXrfb53toVLJJsWWt0CQpQTYvIa
2020-09-09T10:55:35.498250473Z 683 616FZLJBpMFT6UtjoYBTG3opR3irpjIVcii3J7TTCbVWeZwnDY5Eed49MFGk
2020-09-09T10:55:35.749250518Z 684 IYrjyPLX9egAlFpkyCM1MuoCPfyNVCR8WBRokZmwU5jpJYsyd9PxCgWaHkXL
2020-09-09T10:55:35.999339000Z 685 mccPAwELkxw5EmOtqWtufw6scouuxBzN0UJEU8N1mPgNscSna7cVWoiGKWxG
2020-09-09T10:55:36.251449862Z 686 MuqhhC95ONQQuW5qev729haRlgVKuKaBdMN0ZMMUsxAI9yrzRXVVSzqPbh7n
2020-09-09T10:55:36.505690085Z 687 io53EG9g7gBy1A7nAF46blK0SVovUWIcufZGKmhsPc3flZAFS0ztrv8yv6fp
2020-09-09T10:55:36.754173628Z 688 ze25J8PCBtTTAVJNhBzWVHgJKfKJX7wGe89Xd8Zh6gb0s3e7Le0yyNUBYhmm
2020-09-09T10:55:37.005780849Z 689 ZTLSq8qBCxPSV2prkiTQmQOjSbrP4iS2KqqOtQutBZ8dQnkvN3jK63H8FGeD
2020-09-09T10:55:37.259442882Z 690 UhKTfolL6x7DZ0bJzTnG0D6HXFbpHPwtu81F132FnhTMEdzhhUYWqTr0TDvs
2020-09-09T10:55:37.508939894Z 691 keAOgKy8HvHPTgQnfMXvJQVl6KUcVTHZunhqWqA0mMY8UjspQUxQJJcGOiHw
2020-09-09T10:55:37.759738028Z 692 Ix3WuO9rMHXJcZf6ihO1eOH5FDdJVsAz5ZxJWMnzP9WpgVSaNp27QVb7cOGb
2020-09-09T10:55:38.011468554Z 693 qD6uIWdofQkLN8qIgIt6HFPWKXbgaGwL8FIvalp8SaPW8Ns9z0Aw6gpzoyAf
2020-09-09T10:55:38.262909953Z 694 aexYtZkB1JSpmEeUk8uB7iCgvwC985p5dkdSiBbGdjbSzNLYZLF01QwFDXzZ
2020-09-09T10:55:38.515358627Z 695 Q75ggXSWKt0lErWJp9jlKAb6HPItrAUKgD1IIlYi5Fm0SvBgD3RVoTRfpCuQ
2020-09-09T10:55:38.766978571Z 696 hIKGwYWasFNinpKFwY5PBFyUh2smoNyuEiu2itaoBWEl8ZslcWxNLBN5y3UL
2020-09-09T10:55:39.019037090Z 697 3pzO7ZcmR7alI6DX6PkNscR6s7j4mgKJtQAiUBfYsVCcq3pA6kOFqqAxPOXS
2020-09-09T10:55:39.270420354Z 698 xATjSzcxPLHcW5t9Nb7E7vcFjpswgumfTc7cnFb9bCjKvR7MlDXNUDDawHd1
2020-09-09T10:55:39.522712630Z 699 TWhGgqLhDAccc8gHtwuHE6t9DWEywyEiCsvk9ld5lq2k4Wy5k5GsLqqy4YZX
2020-09-09T10:55:39.772649255Z 700 tg0qnvPn17YLl78t24hSCFngvK1U1RVTKaNPz7gyWuC7aD7eHicavzZnENyW
2020-09-09T10:55:40.025116106Z 701 jihCha7uCUc0niJHgQCFXNk3eKkzY0IMjgCGZVn0CJlO1nVjdcEYNKGmMFn8
2020-09-09T10:55:40.276623259Z 702 M0IkL0GHdRi6tLkHiGhFTu3FH6yCCQmM1sOekp5MtOZn04q0Sdv1NPuCjBwV
2020-09-09T10:55:40.527491205Z 703 sWPENJ6sB0bnx1P9DYS1gh6CZa6YA4Ca4tc5IRMdbw6VLXUMWzdkn3rCCDUH
2020-09-09T10:55:40.779024154Z 704 TdhNmrPVeZioKLhBg8tykFHpM7bL4oB8JfaU5DcFfOw2XTQNRo0qs3z9bGlY
2020-09-09T10:55:41.030258762Z 705 pAK87MS03KCgdBa6mYMF8NBtk3hz0aImnM2Ge6C5mwyQTRIUTQE1TLLrGn1B
2020-09-09T10:55:41.281581225Z 706 9UyC7kUcs93jwXtX84DnNCfvRGvjDWi0bvTOFO0LoJAcVx4QL4hHTeNr7pD2
2020-09-09T10:55:41.532739592Z 707 KFNxRd0AdbuixIvWIVHrxHjR7ZNZIWFz4TatLrDIHr2GgrcRoAePSSOweKQv
2020-09-09T10:55:41.783836529Z 708 4dHaBxoululyA70eskiSAfylTm5n4n9dZgFhwuHkX7KiSuY4iPjDLUmJyRgR
2020-09-09T10:55:42.035420974Z 709 vtSPEtxKA07vytkGURQKef0PYcO2fkV3NpCb1053bpAw6VmGNu4Z1vw9o18g
2020-09-09T10:55:42.286144449Z 710 eI8qiNdz3lZiyNsQZGk2HFX8prBVtiYCiPqBYFuMHjGixS9MnzLNkoYkRvKg
2020-09-09T10:55:42.537241703Z 711 bENnrA4Mh8BBbbrQU4jXJORMc8wIM0N4np3kdN5VYuUJ13p73PiiS05h8hsf
2020-09-09T10:55:42.788765457Z 712 HMqj3xPG6XgCDSF62llC6E0GTiHHUXdyfzGpur0hvI5pQiaSBkiCpWnDTNpE
2020-09-09T10:55:43.039405040Z 713 El35Y6SwHZqJNNiwTsdM30rlqWRAnNU4EART6ZY4nHwiS8oG2EXqR6aT8ITU
2020-09-09T10:55:43.290299709Z 714 op3hn6q82ss3LUPkIZi4bbpc0uc8Pweek7cp7Y1HcCWyYGcs6h3TMGO4yPg9
2020-09-09T10:55:43.541611227Z 715 owPzF1HWnXtGk1OeLAFjjPQU3QCllZRHAwu04Otjr9Ztnk0W0Q7H8nTgmAYO
2020-09-09T10:55:43.792461483Z 716 vmQqYJJrCCXgGBFsf5edkTBcJKo7sFEcUogSAfurEc4IlnPzMFz70lQa8sKz
2020-09-09T10:55:44.043844736Z 717 LHSiKEiFc2TKsB7RmCZ91OumehcKZxGCHU1MVrTfPiVcHZ0Q6Xl4P0aVdQio
2020-09-09T10:55:44.294215806Z 718 gbUHJ4BmkWnbj48sr89RCvJ571ikmThsS35F948AswG5YYFHVF6X4oXwGN6c
2020-09-09T10:55:44.547947690Z 719 AgZfc0eppYlR2j4zwtKvIYDhjP9dtbTGQ4RP0UkoX6A0bdldCrjSCIUoUjcj
2020-09-09T10:55:44.798443585Z 720 AhokEkSXCVl9dTPFvON1s6eU2wgAiCCuMZPhhAqjBp27GYMK7y8IP2Fi2FQB
2020-09-09T10:55:45.048321067Z 721 rKz8VWeCrcDwr13iPrwT6bk18zLAgYX6iduKElA6geMIEG0OXNO6y2oG9f6J
2020-09-09T10:55:45.300159869Z 722 v77T2buFOPm6TmPgnbur5inaR0iyQXb3mEjyls3fO4og5H8RPTNyy2gKEf8I
2020-09-09T10:55:45.551908921Z 723 lR5pWODjYrYOCn7Ulqr2L09VvcAC7j8oQDx1hAuUJBxPreVjGyWXv5ufAd1V
2020-09-09T10:55:45.804989504Z 724 lDgP2FBzfvERXSUIql5Aetg813fB4rLWoNxETGTEOBsmTXnOSsasZPjqELaC
2020-09-09T10:55:46.055684203Z 725 Vbk6QNwnx7C9qMUZA8aVmTOvzDz9jlTE6TCiy1AKadwtZ8MtFOmUEeTCfmvr
2020-09-09T10:55:46.306130839Z 726 rxOzMYYylFuu75Wb0zAGwpIhuSZ1sEvLj2lJ0TsB5vIcWSMhvJe8HadHZQvq
2020-09-09T10:55:46.557321489Z 727 CqHZmEXPZJ44Q279ZzV2nvBC1isrrGNF5cmqy9u2KtDdLloG6sR0QAL3SibD
2020-09-09T10:55:46.809905422Z 728 BXKcKAxPo37uqaRCwSrvKqUHtrLmu0FbtUK9tprABfX3tcfnhQbL0gtNHlKW
2020-09-09T10:55:47.061282249Z 729 t3jRBQAm3GlnQHUifLhoB9kb7RCGrQ87S6jk6xU9sChUAb7FVwjqkTGr5xj1
2020-09-09T10:55:47.312916182Z 730 r85JaW7YhWQ7oB3CZW3cvsj6zVPEf46jyppnJtjr0JlJvt2lLMQacFCU6WYE
2020-09-09T10:55:47.564981555Z 731 Xv9hAw9NNMgzZGoMN9nWqwz9LWVCeP3uYOxkCDGrTE4BfRybxc1ujUemOOV6
2020-09-09T10:55:47.816818404Z 732 sQEjoGX3EhnvlsHZgtfVU2G3IL4OyjclMDw8FQ7eEsRwuD0yW81k6vKOsk18
2020-09-09T10:55:48.067974232Z 733 LB1TazaomLA24A2GA3v3zpi8okXMjy1frzn2D2UEPZ8OWyucUluDB4RvxVGH
2020-09-09T10:55:48.319627937Z 734 MKkJTEIEZ6HGPzXZLIDRsE7xNjkoH6xcT3OoGZqcf6cqMoHvffUwUXjhw95G
2020-09-09T10:55:48.570337955Z 735 ceHKVj9gR5zAI4kNyvm5TnJXQwQFZMMpLXMUv5U9NPnioivh4vgS6sSZY3pF
2020-09-09T10:55:48.822926380Z 736 ga5zw7IruBArNksqdCyfw4EvnsEJn3BGvd9QIcvutRPYd000oRLVt1pZbfu6
2020-09-09T10:55:49.072600573Z 737 UG4iBfdI82gg1HWQRIC5EUYZY0bSRnyveqfAuMJibAFoVsAaOozEkBlr5iE1
2020-09-09T10:55:49.323296664Z 738 MZI7ODTY7vVSQ1WBHa68CV1HqbErKeM6a2Tlm2hiLOkDowk3INP4x37f0sRx
2020-09-09T10:55:49.575169497Z 739 podMXbl3ZUMLZx7xjruVwY0VNSqaKayZyBnVNwgKP70mUIOi4BMzhh4WXbMc
2020-09-09T10:55:49.827764362Z 740 ScbKzinySWF4BA5qWOT5AZwmLnXSsHIaxaiMrqY7I1Eq2sBM61HQbemZG1WO
2020-09-09T10:55:50.077424280Z 741 xVvjaUqdIPd0VvSwOQ8JmwbSXzpN1VOM6ZhOxZwjizX3peRnprNIrhF9OvV7
2020-09-09T10:55:50.328666315Z 742 yrAb4WzBfaSSnPhjY1T4c9XBFEe4iuxmY1HAbohqg365qXG09VWiGWz8Qssg
2020-09-09T10:55:50.579516548Z 743 3ZmKZcUxwR0LDkpkv5sPpnfBOLXlP0ucATdvaWbDogGcpM6VfPWh7wXXhZxa
2020-09-09T10:55:50.830799680Z 744 6G1z3BUSxesMXdx26BJvtiU41Kd7DESbhB5poeCisBECJOmo3YEGgDsJWB5q
2020-09-09T10:55:51.081996960Z 745 5wv270AZ0bLQQnKjiXyVyMMFCo892iBQPjniTsHKa0ip71FI4TVWXoQsvSF6
2020-09-09T10:55:51.334153462Z 746 pRlvU5Y4VUQ4ZXQ3YjcYM7lYWe1pOe3Wgtuen07DBgrJfFzSXLp5eCRSSebl
2020-09-09T10:55:51.586095634Z 747 RZgFb3bqIFyyh49asPQouT0CPbqhiJKwYp63olOreDkUEXT4ZsifHlnVnR1r
2020-09-09T10:55:51.838844404Z 748 PVT7x6uagzUXRJFRqi9vwBSZ1tChMUoDJOz0h22vgbVuFE21qM7ygi0f3MzH
2020-09-09T10:55:52.088619161Z 749 sqXJr1bW0Ypu7Ej2NVScuemV6sBH1jIz4b9pjy184ns573DWGMwqMTfnzD8U
2020-09-09T10:55:52.339477447Z 750 4Nxm6lEWBV1ZFa81XtaWLTB3D2CW1VhrX4cPOTkqZnFrJ4bQQRXPlcwsSd42
2020-09-09T10:55:52.590266368Z 751 RkQgMH6uXHrDYYgPzyhDDtFFI1RLF5a6mPZRZWf8khZ78jikmCoGOBlacWAz
2020-09-09T10:55:52.842742459Z 752 FzO985FwVK4ASswQCaSeLSsaAgWJfLZItHYlxNmiWjBhPtevNMsI5yQFFgLU
2020-09-09T10:55:53.092553769Z 753 omF4OpqBczlsq0zkoQjpRv2s57BQLTqyks7RXbB3kkgGRWHgarkLc4Pxdtrn
2020-09-09T10:55:53.344114693Z 754 VY1hdV6PX5OVJNGJTRVdlKHYivrLDAyA3NDcYnnSw4sv9CF5WBhCTtSeF5Io
2020-09-09T10:55:53.596060021Z 755 4BhiM7birbZIXgdoJRytiBTrQT5oRaqFQBjlk0UrSzW8LrMuW7GYmvUQKtHf
2020-09-09T10:55:53.848545967Z 756 glmnAcaeNWavL7YNBG1who7RwaHpUT629kS2SH9jWDaklgGTnGvRprN4nSYm
2020-09-09T10:55:54.099169322Z 757 5alzZlHpSESERRP2fKCVXduqJyH8O9pBDymuRqdN1eSu4SInkx2gJpcCH4Ta
2020-09-09T10:55:54.350905972Z 758 MFCf9FBg5LIWqTz0umBdacBc4u1tq8vszwZTOVlr7FJEPS76tyxo6bWci8u3
2020-09-09T10:55:54.602355782Z 759 SB9hcgQO5LtyLBJPF1WritViA22iUWrVK5e5KUA1akroCMvbZl3Z3JTN9nF2
2020-09-09T10:55:54.856726746Z 760 8b6s3WTRC7NoYy7ZBNjC7s2EulsXoRm7rWjoTuDyFBswIxoekTL5KYFbg2rf
2020-09-09T10:55:55.105993823Z 761 9Q16xqvgjwgPfmVNZgYVAB2f17lC3R3YF2mnqsEFLAfwUr76WqEgKNpnyKcs
2020-09-09T10:55:55.357560476Z 762 8vh3aZa4Fq818v3VgzYUjziizgcDuZI5rTaIlqXyzaJVvadjbVDGgKDAiP7P
2020-09-09T10:55:55.610714615Z 763 IG2nVq3ok7GNcEka3YOq7XuZHwHHUeQxgHHfAWS2pbL1SaRFZYLkoNN2ILto
2020-09-09T10:55:55.860958353Z 764 Bfbi4ajzT6qFwlokLzvagj5adXd7gqaN3LCRKteqjE42SYhgCeNpKjDdmZAF
2020-09-09T10:55:56.111479203Z 765 AZsjjZc7C6OPnHsX1j3VNqWawgNN6GFztkhvSrUuvEN9HGgC6G8F2usUdyyh
2020-09-09T10:55:56.362306823Z 766 98u3YmkGbwHwAjkS3nCOFeGmIjIN2HyX4dYXtvVarz18qJVSEeEnrUZmeulN
2020-09-09T10:55:56.614064875Z 767 cdhsJsDWDWn1jr33LRt9c40gmwLTPqEqK7HH6mBDctSph8qdGZ6iRjrUJxI7
2020-09-09T10:55:56.866400390Z 768 3wu3rmKVGLHZHU0Abxjccc7WAUm26QT3d2R1YN9s7qDPJGzMyDlgXJsDJlJG
2020-09-09T10:55:57.119691167Z 769 j5Fqh2895HgzjtR0Bl8OSPNJkWfEEY4uTIjWb4LXBrpMg4jfTGd6CZL6iRtB
2020-09-09T10:55:57.368173753Z 770 jJ9HsCL84BoNna6NWoSVbMPE8jjT04Io9owAxENfLObCSE3KcgZcOVIMCgjQ
2020-09-09T10:55:57.619791795Z 771 fsTMt7HELFtYOlJUDK22Iy6OGkkyjz1pBTSTIxW755yPqypI195kvVkOrKT8
2020-09-09T10:55:57.872254278Z 772 RHE5CZdybILNmbidG4ZBt64tQVhpjyjfhSy4FrJ13ztoJLXcDOxqHx247RXF
2020-09-09T10:55:58.122694086Z 773 wE60SbGxexeAFRHv6jz24XlDbr2DPqEF1K2UWd4VnXvIwHl2pqwa9pjf6mlN
2020-09-09T10:55:58.373695752Z 774 HlYRL8KwOtUcvttM9X9F9idvRGPNOI4m4U1zG98Wwd2ZtLTbAzwAkk3iYPXJ
2020-09-09T10:55:58.624360103Z 775 JK3SxNnIJ0YlV0jBBojykqIvYkUaLKQlhZz31VkKdImKkv5GnpqUwRCv1tPl
2020-09-09T10:55:58.875581017Z 776 dzpSEYW7rE6WpsZdx5NjeKY743y5ny8aCe7Kj8O0RpMa196TPZSTnYXlS2m7
2020-09-09T10:55:59.126849218Z 777 6cEGGUmrZNF3GBrLXolf2ZiUluOzKm9PnZI3C0IaCyqcTnm8E3gOPbQCbCBp
2020-09-09T10:55:59.377559853Z 778 kpbilabGsdNs2ncLIk4ar2Pv4OEZt2jMCDL2NG0wWyNWKRHZsMIhpPkJOayd
2020-09-09T10:55:59.628248894Z 779 XhjomvKKIyqR0Ee8BZMsKakaiAvCikjItox1ChzFL9NDiL4EbXZwHU8tQQMo
2020-09-09T10:55:59.879558543Z 780 KLqlfP73g8Y7b60tWbhtD1AwzbmxFfde6eXtZEChIEE6GeBU7ME0VYjsDrZt
2020-09-09T10:56:00.130380964Z 781 hGo4LIUX9feJkxS1nzxJuhgrEES1o7jB93xdNuUDs8EkEYCUSxCQqznrykmD
2020-09-09T10:56:00.381466047Z 782 cX1GnFMnOoqlPTaL4miAKwgp329X9pt2wolYp38r0OuXxp3bBOSz6x2B2TYT
2020-09-09T10:56:00.632860926Z 783 a2F7xhQjGWFEn36ZHYlRlxNNyAJEZQR78MRzsLXaB1YrxY53HxAULjr490gX
2020-09-09T10:56:00.884457624Z 784 y6ellFbRMlFQpUPu3N2i41zBDCQSCYr9ytPRUzli50ktBMp7ATOoDuBpILSg
2020-09-09T10:56:01.136480287Z 785 j0x9DJ7Z6eAem4nEwrRF7Y95EuH8nZEDeggpWgG18yzILwRxwNgr744G9TIv
2020-09-09T10:56:01.387436284Z 786 m8WdeaCIpSPUg9hYcDnI9f7f8AVtJCY2Z792jq6cvFuvtiGD75s6A06ha2jy
2020-09-09T10:56:01.638842305Z 787 nITy00N4Hx0LyusxdnfwCKmGNUAo1fxX1gGxp6wDC8lbjvRvfagYVvbkUWvM
2020-09-09T10:56:01.890894022Z 788 RGo5pt7sSWm4rTo0ChoidY681ir1iaR5ldVL4skGZbJIQ9vUoAqQ9Aq673Ld
2020-09-09T10:56:02.142274344Z 789 P6y5UGAkqpfEYEspO8nWcKc3Cp0if3CjQ9N1AWu9CgdvVw9cobu04aQGVwnF
2020-09-09T10:56:02.392246321Z 790 lC4D9xfLkumf3L0cazlUBba1aUGkF2oC46hy4mapO7UNJrdjieSM5h77cFE2
2020-09-09T10:56:02.644136508Z 791 2gz2nIkCwUl4GoToAegkB9EdlS7bT9epuyk6FprR2biZxRoCZAHK7TRiVSs3
2020-09-09T10:56:02.895472943Z 792 LyoAcfch7MhWEiQblPcneGb9VzSNW1Iwx0fiM2G95UPj7mlifAvRAdgTgn6Q
2020-09-09T10:56:03.147800323Z 793 6SHWrQbky4tz7PWuDzuebJRg7zaBpPXjdkqF40y4MdZLtlRQ3NadUrLMCEmH
2020-09-09T10:56:03.397683516Z 794 kgSqJe0wyD1haQgFBXVYN6KZTkcUwHZ5QqKkJuX1Vpk95O3g31rT5LjNoXAs
2020-09-09T10:56:03.648648267Z 795 LlowYtGjFfaFqCKIcxOjyjABiX14fs6OVSYtJSBGZPkW8eXdmfWy3F2jIjit
2020-09-09T10:56:03.902384856Z 796 aOQcylkvoQBCMe5IwRBYqYb35D6xIuIMBzguSyoE18gl6D3Hav3uDE9Xlmxt
2020-09-09T10:56:04.152757154Z 797 RUCnae4vsRXIWVVBx4y8UGmLafppiueqiOyca9diwJRw5G66M4R29dakeRfG
2020-09-09T10:56:04.403792046Z 798 8wwfhPsTenmXFb4ovmTXQTRPwgM46wx3wAhmuGM8qLK03WiXiwC502H3MOZl
2020-09-09T10:56:04.655097401Z 799 h37QyS2ui64oiVISM6Py2DpSF5XDb3mHBUszes4mwQ7vf7NMoWPEAnWb8MdS
2020-09-09T10:56:04.907274654Z 800 p1TGzNfsQswUheatQfUDp6mLF1Lbe08cK1dLfauorD9MC9a0ZxczuWzmZnrc
2020-09-09T10:56:05.159353192Z 801 vtweECxbZPc07QfQMWXIG5OHT4QndLjQsttipKp1AnNqm7jieD4oRk54IIbm
2020-09-09T10:56:05.410153825Z 802 qfzEofPuklZG2FUAVckXKy9bnj38KYhsJKPBmRQ7qVsW7r5hNqbyQuSFbhlB
2020-09-09T10:56:05.661943251Z 803 yEXLOT6oYuTV8IKS017i02QWdlOpJzg82xcjF77xW16B2NTiy3pNQ9KuoRFB
2020-09-09T10:56:05.912573018Z 804 TeU1gSjgmoFSs6PYmtcnaCQvlc2XUt9N4mR6tKLG7Bi9kz62eyTiLhAu40wZ
2020-09-09T10:56:06.164948926Z 805 SsYM4AkohSbFhtfBtVfswGektWj0kvw16c5DV6nVrkR57XISWTXMtn3VWXoO
2020-09-09T10:56:06.415785347Z 806 oX5Qda9UJT8LySf5Of49XEBu3AljubsE2XeuSWuu1JnDaAzmKptZFadZGbNU
2020-09-09T10:56:06.667421518Z 807 11siOri5Z0JN0DUeaeDRqJWCMUQpY3jGcPn9EObcY4bjVpFGhY9Wte5E2XeY
2020-09-09T10:56:06.918376029Z 808 7GShg5TOMuebrOexxGaeaAXUoxszWbHnt7O3Uo9sPtlntXAy8y477UoWNdnt
2020-09-09T10:56:07.169354552Z 809 MUk8CAiWF310i79PlPJPDlB5XxhXFI7pof1geZ6jrWA5yV1gOQDw7NtU6I3b
2020-09-09T10:56:07.420465078Z 810 dQPsru1GsLxrTFlj9PzbPBvK8CDodQQeYZfFMpAznRpkdiiwgKFb5YGmNrEn
2020-09-09T10:56:07.671977100Z 811 ljYBK3qMOQVzAmaV2G7Ak0RcxWaoyfpHAKPDEBLXzZYsGGoAx84ct6TxUhAu
2020-09-09T10:56:07.923303333Z 812 gDuJzdRhzuI4QW918i9BTbqG0oHqHT2G8wHU6UCPgkX3Lg0acyT5pV5y0ymb
2020-09-09T10:56:08.175080902Z 813 6Y396O2dBIFLdmq7mYllwG9I0xlA2MGBccuDKXCae7YKqreQVzqMwmjMRAyq
2020-09-09T10:56:08.425548675Z 814 LwMGCS2d8pdv058qeAJYA49Ei6eVDt1fGhWxfiKRgLQY0iO0YoNJMqv7yEUz
2020-09-09T10:56:08.677610291Z 815 qdceDuhZyJ1CtJxte8LqAIMseMqocYbcBIJP1266wjkQHybHZ4ZiA694OClC
2020-09-09T10:56:08.928516808Z 816 vT5fdOheAtouMF1QV1y5QeHVE5FfkQzwZCJYnXcDIuVv6ehjy0OsUG6yTgrA
2020-09-09T10:56:09.179667324Z 817 9URf4O0PfBmlubz8SwL0XrxYVc4pWv3rsLqcu7rZO8gkxg4zRFJgZDUsKp9a
2020-09-09T10:56:09.430622421Z 818 4Eq7vZDvEqjpqaEFP4PBhaZVRPNXgcGnr5uejk2R1kK9JaPs88DQwleLxnDZ
2020-09-09T10:56:09.681458833Z 819 ZmnOisnffvUqnSwian6UmIoSo9FzrO0fxKV7yFdSJAsgARDAZWvELuIrokry
2020-09-09T10:56:09.932900096Z 820 JuPKgCIE3SsRCSDg626OBOkGypFTzJ2faS5WfAEACw8GhPav7YiGJk5KgSLu
2020-09-09T10:56:10.185057131Z 821 kbYALFR8MMK4yrAJ5JJ1hvQ5dH1qJuw87TDuosiAz86rHpb4eWeOqXBSuhrm
2020-09-09T10:56:10.435939319Z 822 cSXpu0jYSvvG4nVPeglDOlswoTHUJUYhjkzuXdAoqd05dlp3nCrVlbAlujDg
2020-09-09T10:56:10.687586511Z 823 WoZUZiLNk9cYWcRwTllDQLkLNoxAv3tqbr26Nm5orLOxidCUBKTiHtRJS2Zq
2020-09-09T10:56:10.938704953Z 824 cysB4HCFFohAQHKda05xAxGKiX2KM95b8GPaE8q1R8tR2EGyovqiwTNWU4U0
2020-09-09T10:56:11.190481206Z 825 PQw0BEx2GFs5GgjFxVr7aqAQAr9OPLx4tJYFAWWlKT9ZA6mm80h2XGrHdykX
2020-09-09T10:56:11.441062310Z 826 pabUiSZqVL6TdT2qURrX3cAwTTlSPjTEG7HRQ21x0whQOQnMQeXZPK6HGn7n
2020-09-09T10:56:11.693343167Z 827 yoLMpXqjGydRswynnWzCR9cPhqmLkXoyOwWEYLEzaMPm4x0DtEsO21j02pgG
2020-09-09T10:56:11.943334794Z 828 ozQgV5tNbHeGn0Nt0BBKeEiBv4CKniEr9QNA9i3dWrrhjPqjnFqNX4jOZTeD
2020-09-09T10:56:12.195644378Z 829 IWRlDEgKkER3mWYPRxpaSIQoLVTgUF3xDOyYteXjY6WpGZCOptXpjSM2Ybrr
2020-09-09T10:56:12.446739120Z 830 KHea7TRgcd3BZmYYNnL0Pll7hVIu2nUx673SMAXagTDqSMSgV1FBDijbfqa0
2020-09-09T10:56:12.698824400Z 831 SiNej68yewOuDEGC6AD44fAUJGn1u4vo84ztIumt5Pp39rh6JFYaXs2oYPS9
2020-09-09T10:56:12.949385877Z 832 oiEzS2ef3IdLyS25fKQGdU96WHxzZi5PMkUa54XAdDmZ8yeZ4xL8JIrr47Rp
2020-09-09T10:56:13.201698228Z 833 PqWewnUJvnhta78Y3yBAlDnTK2OxMEuj6WyrjGQJF9YnThrYGmaIjVMWtSRU
2020-09-09T10:56:13.452093855Z 834 rX6FlnT2PIi5Q1CAgko1laCCToRZ6CfW03NMBTudiLVPo6u1ZmrKGE7AC24p
2020-09-09T10:56:13.703947811Z 835 24jo9Wtgwt7sud9eRHJfTn3els1wJ4P6zm3m0OEDsb4xgbY8cQCiYDwmdXt8
2020-09-09T10:56:13.955831655Z 836 s8SnDQFZakU5XC6jVIMOBiuSnq4XUM3BnCKQ0eqtvoYJOgYQVj92XNbs0PpS
2020-09-09T10:56:14.207628629Z 837 pn7ZFo9gi2o8l3ckVCVrXAs0c1zMALq42KakHEZwDXTQnm7q7XTEh5qg72jO
2020-09-09T10:56:14.458624318Z 838 p0wV8KQVhYyA6GG055BWzOKuDHXT30ueUqcVFxqset3T5YlK1KY06jbIDyvb
2020-09-09T10:56:14.711091978Z 839 H82idtK2JzSSdZYHGeBJXX6Yj9ToRog6VcovRj5jbsTVokW6zH5ge2vCcjOd
2020-09-09T10:56:14.962744156Z 840 c7iVTrCOz9odupLbKOrAL4nh6A3ib5ILwb5SfaRJuHjeeTnab9YGp0XxkNlZ
2020-09-09T10:56:15.213792274Z 841 QGrzDS5igQZwtpjXu2xIVax2Z9reNYzK3jFYzCo5uZBRONDPsKe5jeH46nrc
2020-09-09T10:56:15.466194487Z 842 05z5xvIHnTZkAHs0zsHaHsS5QQs11m4yL3Crg4jkFG4rG1FbFs5BoQQQQh6d
2020-09-09T10:56:15.718981320Z 843 Xl4pUzZVKZSB6Q7uOcI81vv1qScq11Dobrg26roI7jVRYrQVMRN1ZKG8P2AX
2020-09-09T10:56:15.971126182Z 844 zk0E3v4VjpoqaeHSrXGHF2Vaz5b5Kc5d2QIwIKfDDd2BRAOw5ZmpXNpiclVP
2020-09-09T10:56:16.222735716Z 845 KFjlJOzoHjHMCETtMNHxJ9Fa3SEHiWBvYyEDTWFdfaKC8Xisw9CNGVxOg1Ix
2020-09-09T10:56:16.473498360Z 846 YxxOMGezkLlwQxedtBDAu5LQMF8vpTRscbZieuGSgC6p40DbmHZb2WizvSWX
2020-09-09T10:56:16.725105863Z 847 ioeJ6z7MDBqqjVHIAHbB0MaXnhUDa4gUkQRF57camgyRK231Bd6WpdFDYSU2
2020-09-09T10:56:16.977324159Z 848 VMQ3YaVKvND9KsOEeKPyfgjjwfO9tnxjYkOXE8LPuI3cffL1YMPh9hlIORdv
2020-09-09T10:56:17.228990327Z 849 F3E2Nrg9CzrpjL5YoBRVPcsDOQDoR0g3nqqZzh8vNrOmgu6HPgM7i64tm3ni
2020-09-09T10:56:17.480408554Z 850 TnFgBfjfPQ7lLy1z5l7dsRcfJYeJV6PqxS09J5BQmnP1dA3bSHXirsUKDHNK
2020-09-09T10:56:17.732768831Z 851 BMRGi2j0gX9XXdPDY9JWqYmKhkQTfNaBgaPEs8zAgwWwG6hOtbXHYrQ6MsDo
2020-09-09T10:56:17.983379587Z 852 HGEsc1AZni3DRyX7jbxRRigSMWvu9Q7T3SRAfUBtteUOLe9Zzq6TGpuAlu4z
2020-09-09T10:56:18.234603321Z 853 lCdlipgg0KGa5dFLCqw3QGK1b05ZWLR0kn0pxdtSCOIKPYASaMGWbLfT3S1E
2020-09-09T10:56:18.486365771Z 854 x7QDGRBESlMrQlnJ9Vk5vFdnvagMl492HHY1MCl2Y6It2pCASz2FEJmb8duO
2020-09-09T10:56:18.738203598Z 855 I8XhrJFXELFigt8l0nEpRBErmpY20kpQF48z4284Dy8Jo6JR2E80iRDmmuMc
2020-09-09T10:56:18.989555140Z 856 vC1XDU38n2cicjVvymCsTrdA9eBt5u6YQV2EjyWKgHGt6XohEaAz8VYNax80
2020-09-09T10:56:19.241110777Z 857 XXMw8xnrlaR4bAP5XJKXK2f69EB736j51smxUCS6W6c9bCKl5PY30wyTTSsn
2020-09-09T10:56:19.492333339Z 858 zKUareqkBA9gyh563XFvnJEovSjd49xhPnoCepUhlHJWXjLaDpVR1bh9PZL7
2020-09-09T10:56:19.743544456Z 859 SczPds1E3p9q0YqvymPGMSkTSd1kmGqeZ5gnH8tZMrLkvF1rSvdDrDS7Cee0
2020-09-09T10:56:19.994743789Z 860 xfliw7SaFxUuwQksN627M0DD90nfbX1GggMieq6ZVRKHmY2wLbHBkocoG6j8
2020-09-09T10:56:20.245958036Z 861 l1o7DbmebrxXt70B5eCU42nj617hR3tCKIXHSJoTG0RqxBTe8zBbhVczWOmk
2020-09-09T10:56:20.498061146Z 862 nYU0GsLv6ZXh895RdtKAltg55hd574vqhd1SP7cqCstak7hrDO65NjO3CEzv
2020-09-09T10:56:20.748918166Z 863 Xfdg26EpOJt2S3pBQ9fzNXZr0kSELlKFsEmV5gz70S199EjHVLyfoAjp2wZV
2020-09-09T10:56:21.001278955Z 864 85WmER7Z5wvyPbKRfcra5GA98EAH1mvoEgErvv5aXb5e0iMuFOPddlPKmSBl
2020-09-09T10:56:21.251553499Z 865 4GC7iZ98JmMbBu20SzzqSebRs3ViK9hxFwfnsoXboqRE0EJzAPQUyjwfLYNF
2020-09-09T10:56:21.503074574Z 866 uXRFopKIYq0ThJV7pETmqGQYeW4CXv3x0EveYTIuJ8WxDwZPpv7qBCHwLepR
2020-09-09T10:56:21.754653555Z 867 JQnIcRy9CHOpgjbUNaaQPsK8LOc2IHATH8iG6aVSygVoZQlzDFy6WrgjVMBw
2020-09-09T10:56:22.005899264Z 868 LPedP13AT8sz9TRvqPCLNQxF90vIZ1YIYwZnD6PURKZ5JKJz3FSmn5XTANfU
2020-09-09T10:56:22.258201316Z 869 hWcsAdsccEMZS8N8J5GFVNjVnRvHF69OTKhlamANGB7Wo4J0up9O5pKyTYRn
2020-09-09T10:56:22.510004231Z 870 bFctcXgVxvQbc9G1gRvRL9D3nIDSgSV9buxVkSO0eYHHKWzeFpRiSYsCTFQN
2020-09-09T10:56:22.760833179Z 871 Kw9sxeyVlSB5V8bgtpe8ULGFdEytsgVy7HfnZ3gKJNul4eemz81lW0sD7cIM
2020-09-09T10:56:23.011787624Z 872 unWVspuYNSiRNvLjOf4osGVWz1HxsNUlZZ1uZUWZ8Kb24lt8rkcilC3SbgRK
2020-09-09T10:56:23.264632159Z 873 tNR590rgAninuNTiNgBMgVohQGCdFvyIaZZIHtqROPjsBmsbSUfb19twjKAo
2020-09-09T10:56:23.516550201Z 874 zslAeDyhJwYzZ3bWi2vUQz7Pg2wO7nld9aqciBj0bFkKYLf3KiAP71QbBAep
2020-09-09T10:56:23.767284347Z 875 jW4RD9IMyNJVxKcHQ8UTncoyQoZIQMIjwR0sEwHBtV8pztcJhOm7yXwuL75A
2020-09-09T10:56:24.018481084Z 876 tpxuGYBwhP9BWjh0cpi9mKdyOfUtbJjm977xCtAWxgf0gRE9jjx8VVnGyZGb
2020-09-09T10:56:24.269629702Z 877 OAvBKX1TRF24TOc0NUWQpCHlkiO9WnpjsFMAgp2FMvL1LlukcI8vFLLixVbC
2020-09-09T10:56:24.521638761Z 878 4VPClbB3l7fRhCwu2kqCPR1Opit7JtJQr86U7OzuBVvkDswIUz1rcxmpQSqZ
2020-09-09T10:56:24.773319465Z 879 aXhSdRkBG7iD1lDnKdgNmLcALSBbk6IaHkopGAb7PShsz33GtdN99vt8uM0R
2020-09-09T10:56:25.024449002Z 880 4dYrJwUBCTNCFrMqwjWjkpO9hLKSuEAKJD0uy6PvDUQZBwMqW5M9gtwJFOkA
2020-09-09T10:56:25.276335691Z 881 YvKA5VMvtjUbNhbGhziUgqI8vUbYlz7uC3XR8lRDIP4fF4E3fHgvyZrhGw8K
2020-09-09T10:56:25.528434762Z 882 FeQ9gatMZc2gtapMKWlFny1gqo39x4QOiBJIr4LOOSdJwYt41rHoTGclZiTh
2020-09-09T10:56:25.779884773Z 883 P2rRCHPkuhDyQmH91SVsb5LmQ1X0POwpm7FS062xRd2W0ZBAQJaemF3f1xwf
2020-09-09T10:56:26.031865652Z 884 96nkfZuom016qujx3luNaTSEcEo5KS7T1i1fv2hOCPDqAbagiPB2uaQgRFxd
2020-09-09T10:56:26.283453521Z 885 APJiG9oj0YMm2zAg7qNv1gw40KC2hHcozACk7PfFx7k2bXI0rUP9cywmxIAO
2020-09-09T10:56:26.534617349Z 886 EfV7ycn9r3mE883Kk8pCMtZ4m6xigpCp4rSffOAUxb5hEB5Pu0QdqkcCYc64
2020-09-09T10:56:26.785917755Z 887 CbA9Mc70zkYXGXKHiYaFXWPMr6FZaVc9MqrvHK7WDMzIP3nwKitQSDj8GMmi
2020-09-09T10:56:27.036732341Z 888 aHdAlZiJViySYFoFcGCCEdsuutJuwcK0eQ0XDOVojbado01kQE2L5LTleZEH
2020-09-09T10:56:27.287516225Z 889 jF01MAfhadYodCH5L8JhKgwtnDMehwnAw40Jv0umI6lJacNsX1rDwTOsr2VX
2020-09-09T10:56:27.538877795Z 890 CoMN5sbn992CXGKQpt0x9nOdjfiHcTMhHgbHzbjsslQToiIOeAd8ytY7jP2a
2020-09-09T10:56:27.790764628Z 891 37rvSKCDfhzGbcb3zZpLqa7cypx5B4bgekRHXB8cClvwUl90yQgRWGq6WgZT
2020-09-09T10:56:28.042513637Z 892 AWgrGLN5Jo0fMKNSdRtDKHtfA27IJhUvHT84Cn7yYMrIZXFgRLePmFF3zr93
2020-09-09T10:56:28.294063345Z 893 I4k8UgXQFhsLnCFeuFiIZe7J45FOKkzBkX9AYlJUuxzC7PFatv4yLxprCOjt
2020-09-09T10:56:28.546153845Z 894 H5Q5jwPGfajz8LzRnF9ZtrtztkkqQhK1I4flghJgHsYtj5TwxK7aqNcNf4Ov
2020-09-09T10:56:28.796830354Z 895 YbCiAdweK2y2LS0hUxqz8c1ICtna6TbvpIDUTAJbSnQzewT2aGZ48NSdClwr
2020-09-09T10:56:29.047849497Z 896 jDzTsvEuxKZ9wNFYtz1WJqZUrHvgNry0HTvBkSb4SP5dFAOYbIlRwPdId0nS
2020-09-09T10:56:29.298537133Z 897 ckeGmoIdH6i8n5nswGenUX5vB0MTf2Tr98Ht27m9rQttTnsxcIH8ThLuXnS0
2020-09-09T10:56:29.551343019Z 898 BM7TarpLnFnvVH3NjtWXFydouL2oUsUVRN4S5yAapclINL8Imu4Am1kaezjF
2020-09-09T10:56:29.802323238Z 899 jsT4vrjmbsVel78qdNRxfeNebdgxklYP9fvq2bL9KbPHQx3EQqggN8bQcThU
2020-09-09T10:56:30.053193500Z 900 GpEctPm2UOpvbjzK9LkH2sbhf3Mm4i2GNkz50XH2MSAcJ01rwLdrW6JO1Z2Y
2020-09-09T10:56:30.304232257Z 901 Wl4AVscOXjgtnKmXJXXNscjuyPur77S2DV1tXew6pspMhtD2N3FF7SK3q5yZ
2020-09-09T10:56:30.555533432Z 902 o6pMYUG9On7Ajv9nA1DEEbk89Tm8cqI14T9AWzvPZOqYzYrHEB1DUrpLUZgM
2020-09-09T10:56:30.807413616Z 903 XFoK6qWNVu8u5hiH21Iq2YjlQFWlFXbYig9oOVb7DspO1siZEPugvHW3snR3
2020-09-09T10:56:31.058449554Z 904 hJZOkOcoDEja7vzXFJFj2H9p646pcs55FG30lNyfbMIK5mYl757hFExK2Y6T
2020-09-09T10:56:31.309630734Z 905 hUBgRoyLG9eHNtF3qrIOLexQgQtXZWHjgz4EwqAIBEwWFtQWKc4sxwQvZpUr
2020-09-09T10:56:31.560681567Z 906 drxKTt1nhPat5JKRQ3jb0QJaX0yY1NjmpbtJfYkVmqrm56zk6ol0ZGLpTyHg
2020-09-09T10:56:31.812034447Z 907 Xw88LCrMFXax8WxbS2DQ4BiWSiIajhMhdgdThkk9BSDhqcePNOO2YDaXOeif
2020-09-09T10:56:32.063515528Z 908 yz96nrlETLW7kGbaGd61IfdR9lc96tKaKCShIo35MgTO4aYA3dgPwKdkq0pW
2020-09-09T10:56:32.314377193Z 909 FFTBoepqM8ONL0swcgtaA3MCfVBRUxOlOyKQ4hUpjT3Aj3hnqbiAt3d3doBy
2020-09-09T10:56:32.565442829Z 910 y3VkPflTShd2XJO9naLWLTroL13Da90XWQYq4r4Ivp2WV9kM8GRrR9ytDeyE
2020-09-09T10:56:32.817508470Z 911 KWZgzZft83YkwxKOiLERKH4hQG6V6DFTClXRoge9UrXIPmIsHdq7xvbs2yLS
2020-09-09T10:56:33.068731685Z 912 nA4qBBt4AqwEZXYIAsxXwW8ZCZJUdEiOVQrGcnO8OwM9fJfJmOlnguivc75l
2020-09-09T10:56:33.319668185Z 913 dgSr2xk5ChGUAIX8eK4zz1oP2nX7XeS2nlyzbnDB3DNT6cjRl0ImtLtgGati
2020-09-09T10:56:33.570481628Z 914 EhlPBe5xUrBMtRV0JDQR6gIztKj7GVpDgOuDOMvA4GuRh22k6vfEkpvmz6fg
2020-09-09T10:56:33.821999734Z 915 88DO2nL0a7bb8SR4vVO3ZUIcARlIgT49g4zN6UUeikxEW9Xbyfc4HvB4QNGj
2020-09-09T10:56:34.072913460Z 916 HDYGpCW5AWbef31Ph8GMyLkvvAoGIVbHJjic2GqqY5TqDEdxxjWDAZ6EKKSR
2020-09-09T10:56:34.324207391Z 917 RPpYThFzBri0uHA0VSIlIJ4vY5zX3dsKAoGuIWXUOrOOKBveze4ANVMkZvaS
2020-09-09T10:56:34.575905774Z 918 mw7gWZiSrNFg902fCdwDvGKm8TXU0arusMn3RnY9OBwoOsuhoThaBEh9hgAi
2020-09-09T10:56:34.829037806Z 919 OylxE6B8tb0n8eNW3omHbz4PFJxBJGEutO8v4NyzCvIubGJDXhCbI8t1Ih5e
2020-09-09T10:56:35.079729446Z 920 98tNmOOycI3mHosMSvQdbLmuhCl0AMUeqAuquLc24b299J97KGyqc0dK0r6I
2020-09-09T10:56:35.331420996Z 921 uKr6bedAZxgY2EhAIzrGG1JagERP1a47iZBXZecYOamUoI7HbtdsCZ48rJUv
2020-09-09T10:56:35.582223234Z 922 OBpFcWSPUXF3onQoxzlP9bfQrfxl8DcHOg23vya8SQAvx2t2Sgr1plpS8iIR
2020-09-09T10:56:35.834411957Z 923 p708FuZORiELuBhVXcOeF9BpwhoAqJmuSFJai2F5Q288svHwTJA3b78ZM9Ea
2020-09-09T10:56:36.084763030Z 924 BMMcXpsfGhDVv8fd8nLOgZydQqxxaoStXhiYGUzd9Pa5SRz9XIv1QdnNFmBc
2020-09-09T10:56:36.336269212Z 925 SzJWxrlmIcagCifTlpv5GzI25P5l1I1KzzQfyntvOWgWhl5E8NyGfyfiLeZH
2020-09-09T10:56:36.587305696Z 926 HZobibhVTmHtW5qje1CKzzllzcRIOp4OnqRo3phUbS4wWBKy5htE7p3ETS5Y
2020-09-09T10:56:36.838697389Z 927 q8IXGay7GkFyQ7tYhdD5musyi67lAalO5QbkEL19pDvHQkbKxxiWvDiQEcSH
2020-09-09T10:56:37.090999423Z 928 MTWZZJNcNXUG8XsBD2LtZR24LdPQLeY9CgstL63scYTEbWoOZ7c5ElyNqUbU
2020-09-09T10:56:37.341016954Z 929 NYcuqysNeFKqOJmWdOqPmjruYZaOo2VvDuEjaxAcIyaBC3GAyAR36YacEc9P
2020-09-09T10:56:37.592864623Z 930 S7FwLUhRghqWr6PVo4EmhhmlJ4DdAbqBsYnQMx2QrgCpI1LtDVdHBGH0mjVJ
2020-09-09T10:56:37.845285741Z 931 VX9VsU5SVkJV1HuuRgG26n0b1YztjPzF0VGeOoTI1scBVOcQDaLUeYC6lJUR
2020-09-09T10:56:38.096779328Z 932 WOmbASkBs7vNLa2Dcnw4oxY6B0o8WOV2k0PaixjVvLcI1W204p21agBUwlS3
2020-09-09T10:56:38.349004135Z 933 x14BjK7EMQtJJOWLGJtPT9pGA8DY2wX2VY7MaU82YbFDuTgpz7yjCh3sTtw2
2020-09-09T10:56:38.600277295Z 934 E1DYh6gFazW1Ni6wPsUkdo5lqfL1vdvwWvI9okZdk6dQx3JIWpEbzynQVf6F
2020-09-09T10:56:38.852363442Z 935 MprXR438CjY6MkU2t0eKtSgqsidtBwA3kXVUJeoDpQgsbMb93zLluFz3J76w
2020-09-09T10:56:39.102900732Z 936 lZOebUm4ucFHtIXK5r4YPwMlgGIfQujvAlNyKXhYmk3YVkxD5VTcNVwhdhKC
2020-09-09T10:56:39.353404430Z 937 8M1bNvng4h1DpiabDu2LFGHnNK6ieafhcJ5Rqcc1g7SoHf1IQfZlQT7BVelu
2020-09-09T10:56:39.604791664Z 938 tGMv1vNlmQuT9RmHlKNTE4YnwuCwe2Akcv7gRlnCRoVjaReYHMJeV0XM8Mal
2020-09-09T10:56:39.856340962Z 939 89bbzO7Efl5Qqyk88SmBVotWyYkQuXxnZZa6K32DQBPNimqCHaZyazsoDUBE
2020-09-09T10:56:40.107339693Z 940 XBSjoJBDaKWDCz7ibdN16qLOxHrQ11Nmkhj1eAVkRAvJ0G4FDzKRTYVMT1bu
2020-09-09T10:56:40.359217138Z 941 9rug0ztkLGXJq6HStopTSBzPCTsbwbeHQmikjl7pSzUM27uuUWOS78961Hz5
2020-09-09T10:56:40.610376806Z 942 easZ2KaaLjFdRQYYZFlyjvfP0MpXmLw7wsTIZ5OII0OtfLmjOkgWOISGcZHc
2020-09-09T10:56:40.862138248Z 943 V0jZYajiyqlptgt7dIFS2WO70aHgepC5Eb90Bdz1lgm9bYBkFqZYL52HM5G3
2020-09-09T10:56:41.112456909Z 944 M87wOeJxCIC6V9ypgFv7jsWeoqVMMe91ENlPPHJDxCswJbEVke5yMvFr4yB5
2020-09-09T10:56:41.363730555Z 945 yJQTZaa4GXTtm7uyju5cXU9Dsvoo3pxGgDKN0whasTCUetjjE2xcifL9s2Tt
2020-09-09T10:56:41.614230165Z 946 Bd75S8rfhnocxuBqAfYtpuwPew6PwaYvgeJD2EBjt8UBACjwdVzgIuskUY2u
2020-09-09T10:56:41.867675615Z 947 8FqAySXO6BUdDncZUTvJGJ41KX4iTHjGdjIcv5giE8nNLL4cqMSlHawYEdG9
2020-09-09T10:56:42.116165087Z 948 HLtZ9xzdOWppCVBiZJFhoFLNpjHIEa3SkNTcBeXkeBnm9AuGGIGSGSlXKHGt
2020-09-09T10:56:42.369199303Z 949 KokSjRigmhFe1RFxiBv3zwUoRV0Vaemt5oSoomnVoGHQcXDD6Pp1I1UsPoS3
2020-09-09T10:56:42.619779246Z 950 4bYC1R0lC4GSH7RucUkF6wJK0CnIhkAAzxH6rVPtiYjyYurH0lAyWFKx562o
2020-09-09T10:56:42.871910709Z 951 qgxPRtGeXBSWePFPTgFaxGmVzJbzdFrm1tkaWNvsQ7PJXx5JUoJ4Vrg0Zcms
2020-09-09T10:56:43.122537516Z 952 VtuRKd4HehAxxl7hVBJofh2JMKVrbKJylCCkCRiuvqbfcrTnOFA1uSgADAOQ
2020-09-09T10:56:43.373067874Z 953 dcd8dcqeVRpCevddTPJaGxUuotNDNPMYJm3HrE9f42P3qjCfL5CI51bDyZsH
2020-09-09T10:56:43.625051204Z 954 HAHPTW0y2RtZgOSxyIcxBtzyJj6kE0hzRqLS1zzdc8myimYMRoc2xn4bKz8M
2020-09-09T10:56:43.884494105Z 955 PpdbLAs18HzuL8QoHZeHctXbaAJ1zbmJ9oCdhZdJ0ldBZQeU0r8cRiAeeHSQ
2020-09-09T10:56:44.132915565Z 956 v5lqcuhbPNMmeqfgqO0vfPVG7KqUak38XdgQmxpaeHAitzKqV4fxpeZxed5e
2020-09-09T10:56:44.382446605Z 957 Eq2zz69fERC3I7PPx7qHPXWRSDtxY3w9s7KbWRunI78fXyuqrs0J4H8p1k18
2020-09-09T10:56:44.632513874Z 958 xc4LwXkU7HWkvrDT1zGot4GZgrHAEAsQQSTwnUpQvrtNeOcytU2QSJ9cUmfo
2020-09-09T10:56:44.883572933Z 959 dUOa9jowQNr7r5qk5ruQe4zgGzM75IWmaixWMswRl4A553MxMOM0SsKoycBt
2020-09-09T10:56:45.134593967Z 960 e5Y3VotB92Dp4mcHOCGe08eFZKGqNcXr7RI2ezQgKXPIefMLskfSw5DEDEIk
2020-09-09T10:56:45.385448306Z 961 AH6pyUgH66aVIeHXpPwQ9ga1woib0gfkmwaqvSt1y49ExkSHU2AqvIy6pJhW
2020-09-09T10:56:45.636699177Z 962 PW8vJPEgE8JgXFm3CGIRWCuyt3lqX7DFdEa9GNosuvRbshiViHZWT4CEG8xj
2020-09-09T10:56:45.888072785Z 963 0I80E5v6djrAiOweIOOuDWSzvnHbNQcWU0p7Pdr8iQY4Pl17UHwpLHCjbnUl
2020-09-09T10:56:46.139868145Z 964 ncjKDS4ZTxEu8LF0goMHhhlP6v2JrM8LouB4Jh2WNy1CQtJUBmNkE2F0Dwpc
2020-09-09T10:56:46.390787758Z 965 mwhBlYutFUTSH0oetQxsq9dqlehd8LBpNWlpjOuTTqByGMgV5nCaAMo6wqNo
2020-09-09T10:56:46.642160393Z 966 KjdfP70ZGsuF8EAdfwkRzgX30VWUgR9w9UIOCm6HIeJJUK2xKHG5s52so292
2020-09-09T10:56:46.893915631Z 967 Y89GHMSw9amApZp7KX8WXpL4tPHtZw3wYyAaG3ZRDdy5ivxUgrFO2uBUDrwu
2020-09-09T10:56:47.145081730Z 968 LWqJiMUSz4LD6bJHa2Chn5lMA0J4VmYwXANbh1udFVeGFc9yOx2j0i0YzrYF
2020-09-09T10:56:47.396452692Z 969 TFDMSKy2I1UV9tpvyPxpqJsA6Jp739CYMW1Ojxb30GUdmTQpsusRN0Vs2EQf
2020-09-09T10:56:47.647844917Z 970 0HcHPVlIWREcLhwafTNjXGWSxCIERj5wyawYMBMH7JXk0HtMXitl4ZRBRUhi
2020-09-09T10:56:47.899377844Z 971 93NFLyLsSLWhYw6zD5GfwzwxIRUyBKNWe5hRwTWY4lgORrS42wILcKFQstrb
2020-09-09T10:56:48.151395295Z 972 NMJwgIXqslDBkQaZ5QSVPSHByzXSulySkcoP8gWe1F83ouA84nXfznN31rtP
2020-09-09T10:56:48.401347805Z 973 4x044cMyeQQSSXpmXTAoJg4fxDkMHcWsqGQAhpGbkwJDge8F3vKEGHUER4C5
2020-09-09T10:56:48.652640746Z 974 M7GM9hiz9waF05gjs604f3x25p0DIIDDXnft7ddBrWWuUfr5jUB4HDva6wOI
2020-09-09T10:56:48.904529296Z 975 KHSE5w43arXn5isVcvf54zeXgk6Vdkj90T3F2qmeU52IAnFe6iidEFgwSNGx
2020-09-09T10:56:49.156172343Z 976 RLb4XmFsCpwicEZFidjHHoTO9bj2y9IbGOE883pccTUCCJxQvFumtwHdkiFE
2020-09-09T10:56:49.406457019Z 977 DfxL8rzBnXhJeTQmKd7aSLV7YRuKSgrQFgwkt3N1p7zdJRS05YjShSWkb4oo
2020-09-09T10:56:49.658979323Z 978 xpxzEHAXlaXAH95pc4nlgpUolwwMB165w43MwgHyglCEmLYFSdN9Q6FaCCsf
2020-09-09T10:56:49.909584441Z 979 edwvvZTLbjE7Q6kIK26c0EV1Hb2f1swoTNGsOvQEjybeLCEZ9ThANWArES5u
2020-09-09T10:56:50.163458928Z 980 XWRIjqZJeYpmvNgIsJQBszUiCdEDVHBlWQ66100KHiAW8gCiFNOCI1jVDsN7
2020-09-09T10:56:50.412835028Z 981 HUC7U8BzDnGCnoVcUrUEP5iikDePQMU091i8yxHfSf7jXmdYU0H2rv10ZgBk
2020-09-09T10:56:50.664509068Z 982 VZDIUtGcQa5KrBYB8TfHPzrhEmEcoI0K6MVv334WDkzFsRVnLT5YwUHmPnMt
2020-09-09T10:56:50.916398497Z 983 baFU6LMGpPy4YKvwCBupDyWeekSKboeNLqfZD1ABZYpfgEUsfMcuc0QRzGyz
2020-09-09T10:56:51.168490800Z 984 MI3dLqB0sk4GFzQlbCd1maqFBLc9ySRxOktkzbgVP3CcfU1lOdPCcVOWqen4
2020-09-09T10:56:51.418641640Z 985 qJVtMGAj98XE6Hm73e1DKUnDuJhSXZBVJr32x7a3ouGdazu5jWdWAgNFaV0U
2020-09-09T10:56:51.669716283Z 986 nFITzAICZ4cp2inlRijFJcqU5HVy2EqBMhHcBWsHWMtUqu5odQiBFs6enS2o
2020-09-09T10:56:51.920358627Z 987 wQ3VoYMMnoZLXUF81w59WCZ1jiaCNJ5CDTMZ7Oqthl8oa9MZAJVms03kMiRM
2020-09-09T10:56:52.172349411Z 988 Bi3fGJwaUaC3KSAKizxKLKziL3ey1oOpXG611Cq2Wc3t2Cxka0xY7Lw1bDUk
2020-09-09T10:56:52.423379063Z 989 uCpai2yHvF8aGsMB5fbyHLL621hWAbkEJlY0h2S0sOq9KiKJaObWaurF6yZ5
2020-09-09T10:56:52.674810264Z 990 P0h94UFSfP2a7bDUj52hILZi3d1cJ447V8Vm5ATrpQVmgmCFnha15eTu6IV8
2020-09-09T10:56:52.925312312Z 991 S1mljeI4yexJSA5cgcSZikE7pUuwyVPbwgreKDPq8xI0NEKEHXLPia4cZ1ct
2020-09-09T10:56:53.178090124Z 992 6IAlux5xOSMwv9oVuhZFXoW91YHij7f0zjP2c85Ltj6OMGICXnvhNwz8H7LS
2020-09-09T10:56:53.427601357Z 993 ydSOso143PIETdeoGOXQTFNbpjsPuU9Kp2zKuYEAnvqyITwcpMDQ5RxW5gzQ
2020-09-09T10:56:53.678454132Z 994 86hrE125fiyhViSjm3ecFQgudU0jvQOg20n1SF8uaSaX81Hr01m9FyC8Hoou
2020-09-09T10:56:53.929348929Z 995 5hvic2JMaXf4OIM5bHUNUstSBKJtrpCb8qsouUCure5ekjSIi5dseF6h6Ak1
2020-09-09T10:56:54.181543962Z 996 OZcmunsYmDbCzjh4woM7OX09QFSRkEFzsgPh5rl16fgVqfBiGEbYjZxlg9Mo
2020-09-09T10:56:54.432647504Z 997 YYqHTc6wLuHlX74m9lm6Cak9OsQnHsjR1lJ9lMtsORcW0nEJ24yLfkP14mu4
2020-09-09T10:56:54.684944357Z 998 SZN8zedbdnHYRN4QvJ5iwIfPeqhjXOuo0rD4FNV3A2XCo3J4QRtyQWwE513y
2020-09-09T10:56:54.936752338Z 999 vDgP4HgdwPJzzbkEOI8pUiVIdIayJxnlGHTTDYCtJX3uHxargSLdP0yKSgJS
