2020-09-17T10:39:02.443049683Z,2020-09-17T10:39:02.447741409Z,0 6C1SzNNfXsc2Pl6HR6iWMjvZhbRXdAqYAdmFRdvVjBZ6EjYRLSPJgHsEkrA2Xm
2020-09-17T10:39:02.493599494Z,2020-09-17T10:39:02.515380661Z,1 Y3CykyALcKWzO5EjisTXVQ8DCdFLJbQrrExvnY6Mi182jhXHqzeJnwqnurmopv
2020-09-17T10:39:02.545470838Z,2020-09-17T10:39:02.587325320Z,2 iEjIm1P0iuHVJCHShSRF4HC6EtxRA8vlJETIi624I8c8cT5Y1Bm3r3M7rl3QKY
2020-09-17T10:39:02.596106108Z,2020-09-17T10:39:02.654705719Z,3 YlJsRwYRPq3WCOXFnrhdzcx7LB0n6CaSbUU6Ry0Qm8NeA3FTkdwUDVTyWMVY97
2020-09-17T10:39:02.647418922Z,2020-09-17T10:39:02.721720003Z,4 SwEGCYBl5IoZ2SsOMjNpJyaA44JH5hrJbJrWstQat6ats6cCDhqFh0v3n4v3Hc
2020-09-17T10:39:02.698597776Z,2020-09-17T10:39:02.789802593Z,5 Odv6er4TORAAmTS1Cl1fqMuKmbqlgWTt3OvJldEDyfQ3Dq5glTovCYIhJcXsZg
2020-09-17T10:39:02.750422150Z,2020-09-17T10:39:02.855027226Z,6 SZ8OcodR9dTcNfWqHSRuci2WCU8BOm0l9tAvwtVSiYws7MTqOclfvSBSfnL5Qd
2020-09-17T10:39:02.801897031Z,2020-09-17T10:39:02.921208243Z,7 o7rY3np7tfSURdm052NluiVhRDV0zEl6fVhClN1Z5IP1LazP8BS7ziHVAJVgw6
2020-09-17T10:39:02.853790905Z,2020-09-17T10:39:02.993826941Z,8 WhDrrRVDOAfYLehwETH5KfUt33H0uIRICYgSQO7rGETN88mxly1LydeW4ZUsO8
2020-09-17T10:39:02.905184036Z,2020-09-17T10:39:03.059270695Z,9 gZKdbn618pSS9SsCuPjxAe9O5mIHu3kbeBjlALQnl4vcAYSZxIntgz3rbxHAx7
2020-09-17T10:39:02.955989507Z,2020-09-17T10:39:03.124648909Z,10 vImvhbbAt1rhaiHdKY1HicYM1L2oIiuKWv8VJQACUMcU7HV52xo0fvM3dw6nJ
2020-09-17T10:39:03.007255118Z,2020-09-17T10:39:03.194024602Z,11 EsrjrEEjFYy6nMEJptVvyQa7cPricnwP3hfO9nNEbflsUV5Z3EE7AfyXNUGCq
2020-09-17T10:39:03.057785662Z,2020-09-17T10:39:03.261612930Z,12 Nb2QjTMLlz3Zj75EV0IseCLruFJAsuzdHl3cm5K5UmN9R5KhqfjVt5SLrt7uZ
2020-09-17T10:39:03.108952798Z,2020-09-17T10:39:03.330097126Z,13 HjpOCmWEsGuXb3GjVFwGjvdhUBzio0NI7of0bIZZxAdF4tJwFis8HU4abxdg0
2020-09-17T10:39:03.160038525Z,2020-09-17T10:39:03.399272919Z,14 0Rj6GqlTfc4CMQT5jdv5DWRiaAB3MikPjRjXKzWMaahxx6bhrcYJUJh9gVtP1
2020-09-17T10:39:03.211465548Z,2020-09-17T10:39:03.466147523Z,15 puNgAQMLNRRO8uE7OjyfyLGBtN4Lm3SQE0taCBVU9qh3lrmj1gvoHu3Av0fiF
2020-09-17T10:39:03.263635090Z,2020-09-17T10:39:03.535035664Z,16 1KnhNwZ06I47IMqiz2sGKf8Qd1sfHobnWXv7OfeweOeA1upAfjN9mdwNELwu6
2020-09-17T10:39:03.315684762Z,2020-09-17T10:39:03.602777549Z,17 f7PqugzBpTWyjguPbXrv0u1sJvkRnSpJ17E0MPIUrLYZ4fK2ni7q0jyuu2LRQ
2020-09-17T10:39:03.367359376Z,2020-09-17T10:39:03.669596825Z,18 YKozs1ZHXvKVnTtr56bT9DGJ6C8p9TdDk93OxxNwRyUdOROVd1l6o6XPUgErA
2020-09-17T10:39:03.418049754Z,2020-09-17T10:39:03.735737677Z,19 89ULFTksa4577xm2QLd4J5Skvg4B4lLzYxV8l4xQseKRFYrsKfEyzlgdj0YvO
2020-09-17T10:39:03.469653976Z,2020-09-17T10:39:03.807694890Z,20 01a5ZEVbF2uOLtrjPWiZIxfVyGrT6OEwXOq4sBcCN7S4OtBO0B36yhD9nE3vb
2020-09-17T10:39:03.520882380Z,2020-09-17T10:39:03.875534867Z,21 myrpOPQmc19B1WEjlMIIv3aPrAPLOUjF2ffL9mgdm5xr3z3VEe9Rsbw2uAltj
2020-09-17T10:39:03.572747400Z,2020-09-17T10:39:03.943937181Z,22 2hEHMLlK7fXoojok4OO0N4u65BXnkXXe9iDK2WmJyKv9cPkQA3W0EojGi2yna
2020-09-17T10:39:03.624499964Z,2020-09-17T10:39:04.013498513Z,23 v0UmRYdhDxqPY9nL9hSFULF3LT28e5v8XZ3bbioFENXgvC3ykefughnbpMEgh
2020-09-17T10:39:03.675058765Z,2020-09-17T10:39:04.080864221Z,24 iEIoqf9aHEBAr56sAjYh2YqOjj7g1zQSDEiH8K0LKK6Dmvy3krP1u3KxOA0Lp
2020-09-17T10:39:03.726242313Z,2020-09-17T10:39:04.150095266Z,25 01e12yosQ9nsyyUUJBpmdkUjaulSBYGSS7VW7qwJ03suIZV2UzdGNBMtHhLrY
2020-09-17T10:39:03.777459904Z,2020-09-17T10:39:04.216215466Z,26 Whx6XN8U9P2MxENELpSro82m7hh7EJsVgCh7gm187l3kWgGfJSJIBGdTr8P32
2020-09-17T10:39:03.828239603Z,2020-09-17T10:39:04.289462295Z,27 nvPdD2zzuRggzOeX9k7NjyzkOThQ5zVduNDYxOewcEJWQk91LwG5rUCXI7cGU
2020-09-17T10:39:03.879683177Z,2020-09-17T10:39:04.355761322Z,28 UI5Xckh9g7G0FE4MWbw2lU1pmf4btX8yEgKE5GBHCGYsmRUjyF3GeuSU6IPXZ
2020-09-17T10:39:03.931089480Z,2020-09-17T10:39:04.427038588Z,29 vAwhcIQ554nui2LrIIX4RsSDYNnu3gvVKb9tNevRQ5C8ZLM7Ip7wdVfgkcwXv
2020-09-17T10:39:03.982636539Z,2020-09-17T10:39:04.493773122Z,30 AYlvMfwwKKkYfWDd86ABNRu1RTbizxr1YOwpIqCPRTm2emVGHkShfvaoHR3k3
2020-09-17T10:39:04.033977695Z,2020-09-17T10:39:04.560511882Z,31 DOUYAiqRO3KU5KcfrQWbvAXFJtlhsxLj5VJCdvGJokTLE7jXPNzPjzFKyDY4P
2020-09-17T10:39:04.086302273Z,2020-09-17T10:39:04.630033549Z,32 VpHvn0mLty4KNYSOOK9AXKHkuBC3zGSGh8YA0Xg5z710RNTRim8xfoA6DLYda
2020-09-17T10:39:04.138711764Z,2020-09-17T10:39:04.696737800Z,33 Nr2Vo5AM6oTDnIgUFoQP6M5J0VRQ9R8pUVAKrTpB181FynS49Xt05Pp4GivAO
2020-09-17T10:39:04.189833198Z,2020-09-17T10:39:04.765019435Z,34 N7bgVfFHMkE4lrGLbQVXq8Mp71a7qidAFvgf9B0XUJ6gPxRW0Cb9Iul5S9pSR
2020-09-17T10:39:04.241449021Z,2020-09-17T10:39:04.832175123Z,35 rTs4otOwudUDXrrZBrlhyxUTRwwnPmY8VVr39NsdvMIVdRO8cXc8pwt8Dq04y
2020-09-17T10:39:04.293962150Z,2020-09-17T10:39:04.897504997Z,36 yo8cDDIkdWJzvLTxVq8S4NPWrD5nsHOH9atVUkVJpQFzCcz8Dah6FUuPMCI9n
2020-09-17T10:39:04.345026875Z,2020-09-17T10:39:04.964692831Z,37 0bKN0MfnULL5qd4OPRJtOV43Kp3gGE2LmxAHjHMyqDPicrayDTA0FpAg8TVxL
2020-09-17T10:39:04.396003658Z,2020-09-17T10:39:05.034883372Z,38 0ENDapgpyibrqzHoLmuuyLcv7k9edqJMNyGN1IKaYvGevVrDVEw2MVubO56Zw
2020-09-17T10:39:04.447329803Z,2020-09-17T10:39:05.099778526Z,39 UuEAan6yJWTZyhPBwzhOOG0njQpwrtyZzWOX54lfJ3yNnekDan0EUpwqClknf
2020-09-17T10:39:04.497877439Z,2020-09-17T10:39:05.166774190Z,40 fFrLvtziUAY9DtTi2mPgW5NbBnkWST9iLJc5KbfNM94Ro1n6z6ynWhbwqkFG9
2020-09-17T10:39:04.549414809Z,2020-09-17T10:39:05.235116920Z,41 WBEJYr4gTItOkEozgLtfRylQBC0xv5L0CNIzKEeEq6v1QkgR0CiwqjDJFa5AB
2020-09-17T10:39:04.600140170Z,2020-09-17T10:39:05.298086763Z,42 GHGzDNEn2MbaY2OZJAdcO5Mom37648wGie6h9Kjja34giO39hAzEnoSQnm4Gc
2020-09-17T10:39:04.651586364Z,2020-09-17T10:39:05.361521726Z,43 WqVRfjOKI6GndECcOtcgBX0GM6ijaRG6kjKSRw2qoIYA4TWicpOsLB8xaIWMc
2020-09-17T10:39:04.704180556Z,2020-09-17T10:39:05.425362400Z,44 JBKP4Q33V8COsSB5riHk9CvvMGDIPDnrqRKgagLRgDUvh6r6Onq4xRugprHXD
2020-09-17T10:39:04.755473392Z,2020-09-17T10:39:05.496793125Z,45 eEYxTSIWVPtjVzc9L1RmVWtNFs3XaKYpJETvU9SeVoQYAP0Fe3ezloau3PI3X
2020-09-17T10:39:04.806127142Z,2020-09-17T10:39:05.564509176Z,46 Krzyen5AZddbQEbhQvW6sL72vVlbVBb54NhyKWJEPNCmEQCMfWiI6SGYNgkCI
2020-09-17T10:39:04.857598964Z,2020-09-17T10:39:05.631555062Z,47 MwvVZrOMiiECZIWhaty69OW7ji5IsP1j8iODNhZZfu9rH52STliqoA7Sm04Bt
2020-09-17T10:39:04.908744807Z,2020-09-17T10:39:05.697624487Z,48 YvG9ixoEruHwUq1bXJ3cEsgMwlxjmviqn0QEJA2VEYw3CMYghhJjxu6N6Hnox
2020-09-17T10:39:04.960419742Z,2020-09-17T10:39:05.764689168Z,49 hOKOpvEjlHxq1ReLElWzQ5Zj4K7DLxUC9cZCrHV0c9TBkw272IW9oingx3eqb
2020-09-17T10:39:05.011058934Z,2020-09-17T10:39:05.833978976Z,50 09DgIE1WiGZCgFu93pt6qlFGZMLH979tHPfZvYk8PEf0YERRIZ3DvFgKLFNDN
2020-09-17T10:39:05.062300888Z,2020-09-17T10:39:05.904053816Z,51 8psoqHyo925bHLmCoZUrgL4ISUrQ3DMvGOjB1vxf6lI1NLtuxw7CZPrjl7YR9
2020-09-17T10:39:05.112701985Z,2020-09-17T10:39:05.970727117Z,52 k264DJVklteXRwjM8ICq4wI8TEwVU1XqMGDVG6nb83Nt9HmmjlYISAEeUkf73
2020-09-17T10:39:05.164328515Z,2020-09-17T10:39:06.036872768Z,53 hvliqYxBtJfX2NDJcs55KpQJaGHJMGptv416A7t8aG5MPrNPXS0AmnVH8nz6U
2020-09-17T10:39:05.214688635Z,2020-09-17T10:39:06.106914352Z,54 EMqzpG7vN1MRGhtHPIp3hMGHFLdrWiFUw8vJhz34Qi5Hu8Zz4v2XKMV8wieg7
2020-09-17T10:39:05.265988081Z,2020-09-17T10:39:06.175597253Z,55 TtRJUk7Xcv9g9EcHvZjFLZqhCDLeyg9GQXTWpf7heXUOH6CW9AmV4LKLYt4Yr
2020-09-17T10:39:05.317447595Z,2020-09-17T10:39:06.244505844Z,56 17ClHZJVurjEtHPet6VTis7giXvBbpblvHjQq0cODVBxmbpYqTO1IpJ5JdcjB
2020-09-17T10:39:05.368900787Z,2020-09-17T10:39:06.314686917Z,57 cd2FVetSV0DBZr71Q2wLEIPrFYIyGBQKLXCvZKD20Hrxwi2YB9iDdzYOpHIhK
2020-09-17T10:39:05.420275783Z,2020-09-17T10:39:06.382638187Z,58 dn62HVuBqS5ZTAUtZbvP74afN5cd8C833GaaM9xXTvtTjdXH4d9LCpvGEfj9w
2020-09-17T10:39:05.471670775Z,2020-09-17T10:39:06.450106180Z,59 Gnink3hmTav5BATezRStOKlqiM5KWEHj57C1d7OpEuC3uIGVvpopDot0z5upz
2020-09-17T10:39:05.522926506Z,2020-09-17T10:39:06.521187700Z,60 x3Q9Wjp5yksZ8yUKYLwMaBsThjriihGvZDEkThj8ki2248uNF7XJRmnUhWjtM
2020-09-17T10:39:05.574221852Z,2020-09-17T10:39:06.591291415Z,61 bz0Y9Weg4lBUdEc8raK1bJlCpgBbSFMq8LXhtDm4Go3RWitK1F7XETkgNeT1A
2020-09-17T10:39:05.624727361Z,2020-09-17T10:39:06.659912464Z,62 4Fg1coAVxYBKCIuLhMKPf19xTHhCZhcBMDpOd4GryWM11akw0bV0EpMUUwssq
2020-09-17T10:39:05.677079220Z,2020-09-17T10:39:06.731034143Z,63 SwrtFxmcF75qPwP9pA58BlEnmLpxxsJjZMXzNK2EcKwhZYaw6UyVhsUcLxPk4
2020-09-17T10:39:05.727382654Z,2020-09-17T10:39:06.797489266Z,64 y6jelXw28XDWGClm7hDQLl7aFvXoZYCsjRh1qbXmqyyBcnHA7aPfNeWrxsJKG
2020-09-17T10:39:05.777601742Z,2020-09-17T10:39:06.864306563Z,65 NTAC1YxsNUOH94vonerJgXCHxIalYCAyIiwYFJriCejKYakRHWanWKE80O3s4
2020-09-17T10:39:05.829164700Z,2020-09-17T10:39:06.934515757Z,66 89ryhd52OI5Z1mb35YNpg9PPtrgwM6q4ybHZYaVIjoP02fBr1haa5tbXtEd5V
2020-09-17T10:39:05.880158477Z,2020-09-17T10:39:07.001637508Z,67 Zwf5KM0RH9aY7pvBJWBPah25JJu5ifYMX9SzOBk268jP0DksHMLx2s2k87RrJ
2020-09-17T10:39:05.931721934Z,2020-09-17T10:39:07.069055565Z,68 8hpBGtWvHxaIBfzyryZeNTfkuHiv6lujMl3b2OAGoPooCcDqfyZJwHidX5qJc
2020-09-17T10:39:05.983051509Z,2020-09-17T10:39:07.138927749Z,69 07vNYrrI0lkINy5CwIc7f2QwcKy0LXDxrOlCc6CXWMXPK53uys76G0aHH3ef4
2020-09-17T10:39:06.034967752Z,2020-09-17T10:39:07.204666508Z,70 dEv3muTXqtdSz8xA0F9x868U3plxoCKgw2wKOPYuGq0ZaktQjDqvFG4gLrnqm
2020-09-17T10:39:06.085797229Z,2020-09-17T10:39:07.271763848Z,71 kfdnIuF9MdzN8kJaGBwus1qQCEikp6HumDj6dcFvip8zagd7smpnpUNgVrauF
2020-09-17T10:39:06.137668113Z,2020-09-17T10:39:07.342655792Z,72 sVXpldbGV1y6vR5fJXP1B90trSj9UQBrzseQpZsYXq19uW55B0EIeqz6f7w2w
2020-09-17T10:39:06.189248994Z,2020-09-17T10:39:07.408391474Z,73 jCnGHI9MvCl33SudIrQCHP5iwvDJ2mZy6MHEcgG4ee9DQZrFgowlgWXRCGl69
2020-09-17T10:39:06.239998947Z,2020-09-17T10:39:07.475294394Z,74 2TXdwHWxj5utFzOxDrEhGseNJOT6JaDyTm56v5X7tH3VF5aNzFaU26Srnq1zR
2020-09-17T10:39:06.290826067Z,2020-09-17T10:39:07.543578247Z,75 dTthSXCe2y9OWYN3wY05BQaT8uqHEeHT7PONq0TGetTKhDezCE2j85X7skF3p
2020-09-17T10:39:06.342677232Z,2020-09-17T10:39:07.609225377Z,76 SVdc1oZNnkGIorio0ncqlZFl9ZXUP3VUSa5EwIQbmcmWY0xtXcusI8x9mmWKD
2020-09-17T10:39:06.394024288Z,2020-09-17T10:39:07.678608238Z,77 QoX5uu2aXUNZfMlcUewTpJQUCszJjbZBY5ey95H1oRZj4D3xyermwapenOiEA
2020-09-17T10:39:06.445550632Z,2020-09-17T10:39:07.743559241Z,78 6jRH3qgpptOh7pK70O8NRyAHSnbMgCO4OMdr5uMDb831IMu2J4hAVoqonnUHQ
2020-09-17T10:39:06.496207316Z,2020-09-17T10:39:07.811972462Z,79 3Yw4im6uugP52DxQ9qoF2q7ttBPhihfj4g8zyU0Oum7eQb8WojoweIY4mxNoM
2020-09-17T10:39:06.547056404Z,2020-09-17T10:39:07.879511003Z,80 Htwcq5vO10Qh2rvKYEZ66OnKvErKaZRRXj2eK7DakUjZL9t5QCwYA8P9odr0D
2020-09-17T10:39:06.598919239Z,2020-09-17T10:39:07.944550246Z,81 8Q0x3PJsP9ftjDnNWrmqCL42zGH97M5JzxmgbrWPslbpEBAapOwkiMTPXhOHV
2020-09-17T10:39:06.650572690Z,2020-09-17T10:39:08.012610368Z,82 79sbX9nHAEdxMcU0SpZOjGEdoBggTFg4xH60JtlFbkyUsmRDrZCXpejmsU57w
2020-09-17T10:39:06.702596716Z,2020-09-17T10:39:08.074330661Z,83 vvDXhxs9wHrN975VV9dyMTV0rzK1krJkejwRLbbQfKiJYN8EnkInCpRUrVa8v
2020-09-17T10:39:06.753205965Z,2020-09-17T10:39:08.138306078Z,84 vYkp1O5K9fShYRc91sP4vUXytvYrSON3bUqzEGx8fIA3bmWnvVkladLHf29BO
2020-09-17T10:39:06.804261376Z,2020-09-17T10:39:08.201802336Z,85 pc2bvmqwizXT4EyAHCPAy3ti1tQeWUeFAZRG6Pj2H52yejVEF1xoult0pKpEk
2020-09-17T10:39:06.855510315Z,2020-09-17T10:39:08.268843935Z,86 3JrB8gsnTd3BfJlQSDhmiCAu05SaEcOX8INYAs61SkzCdugP9uWl2hB325XoJ
2020-09-17T10:39:06.906473883Z,2020-09-17T10:39:08.335589458Z,87 RzJN5xAGcxhiUByAM4iScDGfyhgzBPZRUpDDMf0pwygWL4HH0itpZhpLwFL7f
2020-09-17T10:39:06.956972486Z,2020-09-17T10:39:08.403757723Z,88 sMttbIcblv8IudZTTMQFuWzTitJ27eGIDKcMwpyZGavYFmLfwe15v6fpSsfPr
2020-09-17T10:39:07.008971132Z,2020-09-17T10:39:08.473215116Z,89 hDNT1Fe5z7L4K1yFa0ZUUCUqe7Ye4FHSfpRJxqUfx71FVXFWXMGpGW1055n6n
2020-09-17T10:39:07.059970679Z,2020-09-17T10:39:08.540578159Z,90 lktubUEmMpdhPe526MFz4xMMgdqPH7U8AMTvxds1atnK1mOSRURidD9Muf4Ak
2020-09-17T10:39:07.111218388Z,2020-09-17T10:39:08.610437184Z,91 Xg9rezRdtlCiubvSLxVR9pzGgTpsOKzFIKkAixswVDqgxeUFedd1BUIE9RD5J
2020-09-17T10:39:07.162601206Z,2020-09-17T10:39:08.676518600Z,92 vLc7MNRK9v4t62KNu90bg9DpOxwzyh13SggS5RdankufpJukdPupPy86yprkh
2020-09-17T10:39:07.214378654Z,2020-09-17T10:39:08.741868408Z,93 CUPtbHrH5S3zCCrem5DfcVXJMbxXvMxgKloX7rQpXykG7YiMIQvVk558yI8pO
2020-09-17T10:39:07.265247284Z,2020-09-17T10:39:08.811396867Z,94 6Qn2zdIrYvH8vDpGBY6RD0shRAIfquRqhw0GQVYWnAZZFFQ0I3SjplwJ3uP3Q
2020-09-17T10:39:07.316383112Z,2020-09-17T10:39:08.877687884Z,95 AMM3uMxFUthlLzafolWLQnq4Pl5OmxKuY3MdiJIosqLnBZk93aZOgbkygh88y
2020-09-17T10:39:07.367333694Z,2020-09-17T10:39:08.948486323Z,96 qD3UJqOxRmE8F2n1K8zwl5gykJvMn2CJBHmc5Vkef72fOvjzuXXQ1mR5j6IXw
2020-09-17T10:39:07.418521842Z,2020-09-17T10:39:09.013050147Z,97 otbSdJcHeLn85Aaw7LHzTZOcQN49qr0aM2F9ree9qOU3j3VeyFq5obrJDIgRg
2020-09-17T10:39:07.470011526Z,2020-09-17T10:39:09.132583469Z,98 qTqyYVNqmkRYM4wgWrMQ7Myos81xtZgjKHrUBb6VO6FO7ZiC776kmgEt9sPwQ
2020-09-17T10:39:07.520941541Z,2020-09-17T10:39:09.195822540Z,99 fCiesaoDMvafXOr8qqDEfxJsW8ppYU0JleLYWDxwoI1vwDvcrFbom8ZK1YxaW
2020-09-17T10:39:07.572459694Z,2020-09-17T10:39:09.255918648Z,100 S58ra1Xv8tWCMQOFb7ciIV03fv4AHbNlhJBu77XinMfn8erwgVqGYZa1dDyw
2020-09-17T10:39:07.622686930Z,2020-09-17T10:39:09.315393886Z,101 T9efxu5k61Tqi23GxkvEIhtjlKwksfOT9MMUT4kg8jUcFlWWhkEfRRI0I01X
2020-09-17T10:39:07.674537409Z,2020-09-17T10:39:09.381879253Z,102 vr0QEIQkd3KsJxdYKkVzDroV7qvYWXNuDXEmcp79a7M0KYSUhTQ4SAvT6WXU
2020-09-17T10:39:07.725221536Z,2020-09-17T10:39:09.446381598Z,103 uaPYqck69gj3LJoYA9u2oXVcs3neveECDYbAgZgim6sgq7acAO9JzOf2n4Ui
2020-09-17T10:39:07.776117130Z,2020-09-17T10:39:09.511901684Z,104 sZh71ADM2i2TRK7d0VFClkfwMcFLOBaiVhvJFTtT4mZVor2UNZw8PuXuDGDG
2020-09-17T10:39:07.827507234Z,2020-09-17T10:39:09.577546209Z,105 neaNiksNV7WK0NjWfRqHvlZJURpvzHW4Crf0qltYedz7MmE8K4PTzEoIz0Ee
2020-09-17T10:39:07.879499077Z,2020-09-17T10:39:09.651764194Z,106 o8of337yFWLro9ZcDEHQEAA29EvnDxp1QNlTr87UGdC1E6bH2c34ki6dkvmO
2020-09-17T10:39:07.930145726Z,2020-09-17T10:39:09.717527933Z,107 eqOTDYRNCQtN8AryMNxedhzwSHePZ4DIqswKlnQrIDwIPKSf3ydPP37F6ov9
2020-09-17T10:39:07.981370798Z,2020-09-17T10:39:09.786240656Z,108 XuPieTuUpkemcivSwDjbBqq6CRnX3aFA8HlGvCdcAfrWwKfKEynjGqCu9UQ8
2020-09-17T10:39:08.032048536Z,2020-09-17T10:39:09.855843413Z,109 6e37ZGIJzrAvkQegaHhyzeIofUjsGxCh5UEMLcvqkSZ1U6O3aGkTly8aoKQT
2020-09-17T10:39:08.083461222Z,2020-09-17T10:39:09.924204094Z,110 0t10Q4bgdbvhmAQmgZMFsnX90YYanmwhEZua9V65iL6n4zD44vmVZ284rTNT
2020-09-17T10:39:08.133763904Z,2020-09-17T10:39:09.994237817Z,111 kpGO0b5VM6utXHRbQJJqujEffEbWUKyWehexbRJCA9muvHzv7NZNOj9PyQjN
2020-09-17T10:39:08.185558768Z,2020-09-17T10:39:10.062842620Z,112 ow2Zeb6ONr7QpHdFilOJQXcmvmrhL1Kn8QVjtIgIwURNqrZfKFFTqqhUeV8S
2020-09-17T10:39:08.236749538Z,2020-09-17T10:39:10.132147552Z,113 ZVgxrVhrUY0QQE4RPelXLMcQzE7QxtTPOuz6p077K2MzBasEwjthtq3ZGWyc
2020-09-17T10:39:08.288690345Z,2020-09-17T10:39:10.201070663Z,114 HPZR8Nl8Ky6if30M1LKZm8ZnN8h13uFbIa8YleNOecBZYwyj0zZwidlIny89
2020-09-17T10:39:08.341284743Z,2020-09-17T10:39:10.270423171Z,115 kTT5PdLEGL86zhPCAOXYJt9pfzPlKp6HbUlbWFoGCnuLxqQ9Ns0RHYbyNg79
2020-09-17T10:39:08.392874629Z,2020-09-17T10:39:10.336752529Z,116 c83gnZiYpl8e1sOurNtuaQWwYhu8UhV8AL0yO1zj8zzE3WZf3OmFujNwkoel
2020-09-17T10:39:08.443455326Z,2020-09-17T10:39:10.403655566Z,117 fbKYRtxwTr5VL6Rw4vUyS9T6UUh1UGLxxcefq7MskyGqZpPFBqXYtCe2KMRA
2020-09-17T10:39:08.494343375Z,2020-09-17T10:39:10.474868057Z,118 NAZitZBoi0WsL4cbVpKgMJfI554CCPj6613p0jazRVsRT4jb6R20R6zw4JmG
2020-09-17T10:39:08.546850902Z,2020-09-17T10:39:10.543825505Z,119 22gjpIyHu6e0HOE7JnP5hkZhozFXIAvbykn7IBNST0nqvnnrpvO2MXWpDcpE
2020-09-17T10:39:08.597616619Z,2020-09-17T10:39:10.609379682Z,120 Tc7nHyF1bVgVM3TqH5WkgbnaNYQSjQA24wB3XvOIvU35RheXdAuJIEv9TLek
2020-09-17T10:39:08.648604374Z,2020-09-17T10:39:10.680894037Z,121 cwq1bkPW013XvoMZ7A1lJ906lC8x1NYEnZdk9i7ll9aoRiEGNJT6xSrSePqv
2020-09-17T10:39:08.699640895Z,2020-09-17T10:39:10.750115380Z,122 ef41PgXtecT4AtMQyb9Wj3gJEbGFkL8T6jTDTmTgnj6wicMFS2vI81aZn93r
2020-09-17T10:39:08.750300469Z,2020-09-17T10:39:10.816427573Z,123 AHoF38mt3s03TNRCq6lVjgqjfeyufRe3GgOGQmAYE0kbtMbHnKI8iYgNSruo
2020-09-17T10:39:08.800998730Z,2020-09-17T10:39:10.888080673Z,124 3uwvjtgjOZt74pOIlcLxe3yzADQ9r0D9rMcgeZIzazbc6MHHBlGDnTjvOMQQ
2020-09-17T10:39:08.852044969Z,2020-09-17T10:39:11.006840275Z,125 Zj7wXHtcgy9p8zvo6PKGaDr9iyPNSkKXTAWVFxMlj2QHyRgk0xBmEP98kUA1
2020-09-17T10:39:08.902691568Z,2020-09-17T10:39:11.072259967Z,126 c5LEDeYgiq0BpXIQaTAsWlqBsnfsrYqUv61KczCxHzJaH62nDTtRobrhZYdx
2020-09-17T10:39:08.953812641Z,2020-09-17T10:39:11.137618560Z,127 iPl7KSTsreOzKqvNx50gfiAzqVrCkpiJkmzWcWnYUOimtTlNfWQnXmxaFFxW
2020-09-17T10:39:09.004897997Z,2020-09-17T10:39:11.209537894Z,128 SDBKPV8OK4OERErNMfGFGIGmcgvBY8Rzq4IQMyhXxC6Hv7TWNYya9jwTXKMz
2020-09-17T10:39:09.056001931Z,2020-09-17T10:39:11.275996706Z,129 MTAzZy4kX66ZkF85qii5KdmrShIpPYNBYY2HPuDLZDuXM1KV1Aw99vYemtgG
2020-09-17T10:39:09.106915076Z,2020-09-17T10:39:11.338433688Z,130 xJuCmJskfwHxxrbaMZbnhUpIwOWOe0HZMqutSoXffFjiq2caLkenEagt7tTr
2020-09-17T10:39:09.158355318Z,2020-09-17T10:39:11.408452890Z,131 8ON25BEF50QXAN5rFvmIgWx9vFWCQENY92Jc2WnHpFBesMcy2HPpW8yTJLlT
2020-09-17T10:39:09.209563467Z,2020-09-17T10:39:11.475333805Z,132 6hK4UYet3dcpiLpSIniR1XM0ulb5t23LyvjvNeWma06DRwAMlEDxxYN8uvkz
2020-09-17T10:39:09.261139448Z,2020-09-17T10:39:11.541443112Z,133 0AxXuro3BufbuScyJFezSybipCritZutWtyCt9wxwFWQC7JsSfyz3P2yR4TD
2020-09-17T10:39:09.312501759Z,2020-09-17T10:39:11.609166933Z,134 3zDljSYcfXKnaHoyuPfZ09ODUYrYN6Jc0HikWYUYxFRNRjPr0Lly7t23UCxV
2020-09-17T10:39:09.363317188Z,2020-09-17T10:39:11.675607986Z,135 Licjsp6s274zMZXep7mP6bHbwmJKeHtow8Uwrrnoh1YcMbhtVAKiNl060ZZu
2020-09-17T10:39:09.414835890Z,2020-09-17T10:39:11.744287102Z,136 eadl5h5mJMlDdQ4lc2BSnm0rVqTQBvOa6FLW5sTtYOin2lTuFizjcX96owg1
2020-09-17T10:39:09.464839137Z,2020-09-17T10:39:11.811420199Z,137 PILN97Qd3koyPg0oyeiRppD4JWu2339ZEQGW3dqvxxfCn9ULG9Ook44xqKZX
2020-09-17T10:39:09.516047185Z,2020-09-17T10:39:11.880370956Z,138 p5ujYp6wBRoMGUIzzBInVb5ae2W5IFN5a9lsrovi7QeV5JhkiZgbG5vs4t6h
2020-09-17T10:39:09.567422310Z,2020-09-17T10:39:11.945366279Z,139 Q7VzGnzpK3p1DVt8i3eLSGFZMvJdcjtZjCVfTC4kRfzL4SkkXDSiHdcV151i
2020-09-17T10:39:09.618924195Z,2020-09-17T10:39:12.012439554Z,140 zxb7vj5rpIqSyiYFw6nVTLnAtsNT7Mui7hBoF8FTjJuv0gxHEKLK3eG1arj8
2020-09-17T10:39:09.670087806Z,2020-09-17T10:39:12.079747255Z,141 7HdbqpWMhFpDSONazraSEYTr818mhOf5gvb1AEs0JhM1g7dV5UIvETh2BGJb
2020-09-17T10:39:09.721442861Z,2020-09-17T10:39:12.145403501Z,142 BUJzhY4jtsFmNSMWNC3NaSxh99wpnPmM4sqfH7HRlK3VOLqGJKdqzdUUJHtj
2020-09-17T10:39:09.772226181Z,2020-09-17T10:39:12.214567161Z,143 BQWYTpx91HYa6lZKNRkjTkTaYQQav5kod7oeOiJGUgXkIqgxhJ2rMhVDxUer
2020-09-17T10:39:09.823548800Z,2020-09-17T10:39:12.281688643Z,144 SWvOeI22J2zjke9MbPJT7Y8Iog7bjNKKWlKkWGxG8sfHTSaJG2ZMaPkwpJF2
2020-09-17T10:39:09.874300678Z,2020-09-17T10:39:12.351722802Z,145 FxEVqrUqkzK3zKC3PxRyaL7HomjrfuWiuIb5JBqi3oW5V3NNfVOTfiO7y9C9
2020-09-17T10:39:09.925512878Z,2020-09-17T10:39:12.414459807Z,146 8EBS3DZnLLCKnkvulHcwWfTfBmplfWUXa7rGg6bZ7kXznJnK2e6IUjeW2NTU
2020-09-17T10:39:09.976414545Z,2020-09-17T10:39:12.480216995Z,147 xYh0ujdctA8oLpFb9TnZMpdPgxNeFRw7nfpmk1Slry8Eg6prSautrjMHBU9a
2020-09-17T10:39:10.027541410Z,2020-09-17T10:39:12.547007513Z,148 RUJf4MYASG0OlWCqogj2TF6a2nf7dHn9hU6P5Yuy1uEyXUfLhEm4nW358B2B
2020-09-17T10:39:10.078662709Z,2020-09-17T10:39:12.614622449Z,149 mVMzC3tHRrBEFQa91ntSexAfGGX3lzsysLEwPbxVPgCKOXwZaI9docns3QWB
2020-09-17T10:39:10.130238796Z,2020-09-17T10:39:12.683812817Z,150 MZCIHEHEzC1o6wApQheGUqhyaxxTL8tWBDtBU6VO9lC1CAH0QEkoxPVrF0xN
2020-09-17T10:39:10.181843883Z,2020-09-17T10:39:12.750867404Z,151 UiXqhp1Fe4VHK80dWeMUtQWNrZHuKyVbnO1DyR0qlhEI95jscW6KptvZAGqG
2020-09-17T10:39:10.233586770Z,2020-09-17T10:39:12.818193495Z,152 OsEAUshgiOdUt1nXkFL9sg6sxbaxnNWc0BGpXrC0r1uAfhB8aiAIvkTsbqlg
2020-09-17T10:39:10.284492239Z,2020-09-17T10:39:12.882008255Z,153 V2ZjuniYD1XoTJNVtOnf5FSLLHg2L1vCU9SgxmYUW8Sgc0H7Cew7L9Rvg59h
2020-09-17T10:39:10.336714382Z,2020-09-17T10:39:12.947177755Z,154 8g1SHOMPvAFoS86OzJhaQB43ZmCIibebgk5JndRQm8uLgtOthwcVegPm955X
2020-09-17T10:39:10.388414611Z,2020-09-17T10:39:13.014114033Z,155 Af9Ve0WpF58ZfgDTEkUeLmUlHjc1ozB3L3fUJESR0ovWKoJZ8EVAPM7sKwDK
2020-09-17T10:39:10.438915875Z,2020-09-17T10:39:13.081339477Z,156 RbvwF0FTnzuDIf9W9bmSTzrJCYnTIu1Kf4oOLqtvQjBXh9qqsPOeTxs4E4b1
2020-09-17T10:39:10.490495692Z,2020-09-17T10:39:13.151027740Z,157 EaYeRvN5UAsi5kR2LwcejkzBgKE8b4VGfa1XvOTAg9mkbSheeJfYiD8VRprr
2020-09-17T10:39:10.543056952Z,2020-09-17T10:39:13.221247715Z,158 M0Qc9LpfEDklJkqXyIzzsrl1ErwbdYuXdO0lqmTccX3caGPhF3cwUeMrXlq7
2020-09-17T10:39:10.594585106Z,2020-09-17T10:39:13.289120717Z,159 l0IOsxMit93a0z3GlMTRoMoUlYsJFiVA1vl3OZSooxZs3JTDQEIlWRfB8WhW
2020-09-17T10:39:10.645122623Z,2020-09-17T10:39:13.356033458Z,160 UNeZGdCwdlkaVK32vTR0CVfXfqrDtCSX4yKNcdms1RN77ooqLEIfO54FnNPF
2020-09-17T10:39:10.696500762Z,2020-09-17T10:39:13.423963831Z,161 OxuZR1cWmWBcM2cnp9BNSUtyH5023DPi0EyBOtRwZhyzKIU5lAkHQP52IYvo
2020-09-17T10:39:10.748064072Z,2020-09-17T10:39:13.492416363Z,162 Z4O4Tw2G8qz1LRSEnaAdVlr6CApZaHe6ypTuskIUp57odE1LYxjpJCReUDq3
2020-09-17T10:39:10.799485013Z,2020-09-17T10:39:13.558877969Z,163 30hMJ2sBlSyveTecJecvgmVatRyL1jXCRGKIayzCjPRIOVzmgojMZOS5KsKt
2020-09-17T10:39:10.849946080Z,2020-09-17T10:39:13.626271457Z,164 j6sv79GSfyYXlQQWjAezig5JRRPUDEvl3cVrJKHjOBMYOfxZVXahyk0m7nEh
2020-09-17T10:39:10.901294348Z,2020-09-17T10:39:13.692266046Z,165 aZbTjdmh5UltZZ7SzqJSlVSqBS0ZPPHPATiQO3qQTugy8476ltUGEI1TuTmB
2020-09-17T10:39:10.951916426Z,2020-09-17T10:39:13.758883614Z,166 KaD5bL48Z9GFdurcUrnlXlQmiCYUjvRpjUkFsUerbCYrC7YVM3RYcvu7ypEs
2020-09-17T10:39:11.003584774Z,2020-09-17T10:39:13.828693641Z,167 kyResQddOPgPlKxOtZ6LPgk1rCjRbEUnroYSgyn2ZYjfYiNkgILvHy6Znync
2020-09-17T10:39:11.054443338Z,2020-09-17T10:39:13.896129511Z,168 xYFBdeu8sDEgBrkfMdOPZz8ppMOYLDDs1JDtWj4Rdp63WG16bpSAAsXshW4K
2020-09-17T10:39:11.105670302Z,2020-09-17T10:39:13.964510993Z,169 imzlDQ6dOGFSl8BHluyIHKQO71RzKWWomD8xl0hvhKqF0rjh6BnOOEuPMR5G
2020-09-17T10:39:11.157466991Z,2020-09-17T10:39:14.032591093Z,170 FtBB5vduOFBKNQuBXUeDxtwV8SvbGnPCQfNjC7u21YxUdJB9QCloiUI4Vf66
2020-09-17T10:39:11.208566649Z,2020-09-17T10:39:14.099797380Z,171 NQEokOXG8kBWqwhuE8C2lh4tXYvpA8nGujfEGCkJwdQfelFF2F3zItg0EdPf
2020-09-17T10:39:11.260089752Z,2020-09-17T10:39:14.167981494Z,172 r3e4Z0aOcUmCvleDTbdhhqK3CSpMth1VPIZlmDAhcR7U9aSPlAf443pYD98e
2020-09-17T10:39:11.311258243Z,2020-09-17T10:39:14.234338842Z,173 ke73ICjlz5uvJJMgT2YHmNWs4Lofp8tZCLK0VlBho5014j7TElQOjwTRcH6E
2020-09-17T10:39:11.361850896Z,2020-09-17T10:39:14.304408295Z,174 RtLux7PlvTGoaN36f5QvucverMLbTkvbjSxp5zgpYF6JVDMIvPyoXFphdsFO
2020-09-17T10:39:11.413926331Z,2020-09-17T10:39:14.371577337Z,175 up9hHgEO0gcxUBu8VmfjisYSxakux6BNbCsIe9EUgwawAprgIa9MwYRJ5vGl
2020-09-17T10:39:11.464235764Z,2020-09-17T10:39:14.438682296Z,176 ED4nJ2oKntZTFX66os0WWDVketWMPoW6xHcQ0XOeDXshOtzIBG5UCVSN565u
2020-09-17T10:39:11.515692923Z,2020-09-17T10:39:14.506255944Z,177 0JjyjzktTrGDez9ehzANwlZsaCz6c5HTy2HOQIK3qO24UYAMethrDDrVtb3x
2020-09-17T10:39:11.567549351Z,2020-09-17T10:39:14.575797108Z,178 uzwCKIqHYYqiadtmo7FsfCatt0Pd8J0cwHlinVDT0Uy4deQwBGw3G6xdzu5x
2020-09-17T10:39:11.618049148Z,2020-09-17T10:39:14.641508026Z,179 vjlhNwqiS53ad7JvexsiAuzQgxXal3DR5xX8LlLipw1FTpRRdzIxa6yOeX2Z
2020-09-17T10:39:11.669728804Z,2020-09-17T10:39:14.711463815Z,180 YJrITYaabAEbdDG7XLUm4y1JzXNuDUeCeCwyxGqAhqX6EPC2Plr2NuJuzgOn
2020-09-17T10:39:11.721680616Z,2020-09-17T10:39:14.776751745Z,181 6FBgTq6XEInvSjYtVKEYeOrwsg8PheCGOgBJXbMCfksCmSVnKgnrylSKyVgJ
2020-09-17T10:39:11.772379193Z,2020-09-17T10:39:14.843173737Z,182 E9smP3hOWI0Gon2hDvsAN4ooWKgVJpKU6DE9VTiN0hdjrUELent2J9ilpiA9
2020-09-17T10:39:11.823254186Z,2020-09-17T10:39:14.910074624Z,183 NgxxboQbhlD8vDpxZMTIUNrctkHjGvX9bKQooduRHG1ZhDQiSyJwxTk7478b
2020-09-17T10:39:11.874732919Z,2020-09-17T10:39:14.977643966Z,184 4fC2Vw3qDRkKaS66jsU7WqRbcqKns2BU1xpI0m9oST7skT14pJNCY6TgfvSj
2020-09-17T10:39:11.926646553Z,2020-09-17T10:39:15.044496840Z,185 dC7WRtL9XIX1b1uHxj9qGzGV55mw3qbpOCVF6SAQ5UFoMVZpxEnAJAcJFU4O
2020-09-17T10:39:11.978374607Z,2020-09-17T10:39:15.110025958Z,186 PDx9WEn4KV2EoMNJG4RQv6X2hMGqAuo9I58OscdNDsGFfoXxQZJ2UBZOCJIf
2020-09-17T10:39:12.029466879Z,2020-09-17T10:39:15.179820766Z,187 ZMLTmXeQpEj8nt67l6I4vQPUZStaBax0BsDQ9SWzJy9UbF3vqNIpBzyKBfRi
2020-09-17T10:39:12.081649200Z,2020-09-17T10:39:15.246884029Z,188 RxwLKFSKWBES9XDCkkN8bkxMGkRPIfIMLtqmno19Xmd8QF17GsUn0wZxpX8R
2020-09-17T10:39:12.133329245Z,2020-09-17T10:39:15.316670321Z,189 TFjxKBXRX1tFfO6okOXdeRme0j6nITJ62w8wVLACml7xPKHWiXMrQHcujN0q
2020-09-17T10:39:12.184597748Z,2020-09-17T10:39:15.382871121Z,190 QWacMm4PCSnlMMtt7LVFOg4VwE1kb1ntrwJG1uLVWHUct2IiLBOjU9AUN7yV
2020-09-17T10:39:12.234950947Z,2020-09-17T10:39:15.453644003Z,191 aFI4MDCnTpzAPRLpZNPEKhIiiDgCZWlJ9Sk859LSf5kCBHtKUiCdzH7e5Zak
2020-09-17T10:39:12.286725083Z,2020-09-17T10:39:15.520677011Z,192 Q8Mdh230BkgxbkqLymEQcJRyizbQ75bej7X4t9LGUzRvS64pnTRytTHPbY9v
2020-09-17T10:39:12.338290821Z,2020-09-17T10:39:15.587667932Z,193 bgbuFOfVy5KO3BFW4iOFddTKRRB76VJa3AYf9S75pyNzaPsBbRVACmkT1UNi
2020-09-17T10:39:12.389947454Z,2020-09-17T10:39:15.656388488Z,194 k8OqjEtspd2Sw0fPHLk0HNE2BeXzpxR75ypwbl8pEoILd6uvOH8yNWJ6MJkl
2020-09-17T10:39:12.441293988Z,2020-09-17T10:39:15.722971949Z,195 4RcUjoYDTqOraG3py8filWaev4DP2x5q20zPjblDAqI7tccuHhdIX5lOonCH
2020-09-17T10:39:12.491663400Z,2020-09-17T10:39:15.787792358Z,196 KfnKFHdRsFRnrx6nuBqTt0v9ERKGxQHwfK1MEiIcWSwLtauQPL654Q4WnNmX
2020-09-17T10:39:12.542898007Z,2020-09-17T10:39:15.854845974Z,197 cyDo3dyVBrYy4xu6XofLBJKubenH7phO32GHyYVQOvnkQyCs8FF8IWh3y993
2020-09-17T10:39:12.593940262Z,2020-09-17T10:39:15.921997871Z,198 rgTLq93i7B67UwRxfxYlSMbB3KABVUcU0bXQWQKoCV4fEB39Zub6MxtFx5pO
2020-09-17T10:39:12.645675514Z,2020-09-17T10:39:15.985122711Z,199 i8FgTjxc0X9eSLjEXUazHo1ghsenwEJKqYqnCyIJaRDaJv6cx99U74c3cucb
2020-09-17T10:39:12.697186424Z,2020-09-17T10:39:16.050958041Z,200 8tVvUB93s0kg0D3nJuug3ks2vBEw92BUQKlikIBGs9ixFJsdyj7kz5pL2u4h
2020-09-17T10:39:12.747740695Z,2020-09-17T10:39:16.117670909Z,201 e74SoHbJFcLwG2m4LYX9U2XyJsfRx3rMSwlFCyHg54hdCkkyQcam0PjqnzF6
2020-09-17T10:39:12.798890618Z,2020-09-17T10:39:16.187075269Z,202 zQDyJ0MJMvMoe6c2whcwcRkmsBuj3kPfNe7gz0rXYHpQ5QoJ3PhM1d222SgI
2020-09-17T10:39:12.850467007Z,2020-09-17T10:39:16.252104614Z,203 9W9kko1BUj5hLtvD7jYkfXKK0c82nkO0XLDwkih3sXs26xdRpWcFUYnEFB2P
2020-09-17T10:39:12.901006199Z,2020-09-17T10:39:16.315623434Z,204 0peGKgKrCVnCKlYtrKTCF5moH02vGzXLZsg9klwmL0jZOoOV7Dh7raDzvwh0
2020-09-17T10:39:12.952463788Z,2020-09-17T10:39:16.380051459Z,205 VhslKfCCkfWcGyGz1yHlwDY5TlUmQFu8YAOQrixaycRUjdMjoVKA74CcqgUs
2020-09-17T10:39:13.003127684Z,2020-09-17T10:39:16.441223173Z,206 0oc5YTijXRV6J5OIc4uc2BCGu0cCCgUiFVyA0q0uAuEPgLtfbesRt9caQOW5
2020-09-17T10:39:13.054716592Z,2020-09-17T10:39:16.507293482Z,207 p74tkJHrClS0YXQoBjBq8KIb73agkrbzsYkBfiHk7spyvwOiX84qs9ay2Bdq
2020-09-17T10:39:13.106419260Z,2020-09-17T10:39:16.575843237Z,208 W4j0ryaFkbuim4J7wcuG98HKBmN7Y1hd5mEXTksSmlBpMwt1i5Uue5iIiMyg
2020-09-17T10:39:13.156971232Z,2020-09-17T10:39:16.645346004Z,209 pHcTWcYlDYrihJe3dh0IJDnUoT3BkbCbGRlToOGWwJIf7mLDqBjKOTr0eVUE
2020-09-17T10:39:13.208718582Z,2020-09-17T10:39:16.712297233Z,210 HBsUPC88PQ6rmcTSOzl5dAACSRDgrQcJ3mCX2QYY476HiR0k27odjjhaf3PN
2020-09-17T10:39:13.260650507Z,2020-09-17T10:39:16.778679047Z,211 2YTMN0G71lKrFwgvUzeAyCMU5lV1L0JlenRpnJg0BECWVALxKWh12LFqqgE7
2020-09-17T10:39:13.311137764Z,2020-09-17T10:39:16.846898850Z,212 jEwzMW3qFUucGIk1aU8i0ip05QdciAaSShSy81I9GyIOw5M9FZC5ma2KzcqQ
2020-09-17T10:39:13.363045847Z,2020-09-17T10:39:16.916546872Z,213 57iRwjG94XBt8RAG6Y3EM2ffDlpetGnir07Zv3D9LXvmdkSG40uzqIDzAk9k
2020-09-17T10:39:13.414744636Z,2020-09-17T10:39:16.984129941Z,214 lAVFBJIuaGTro4k5qyZYSFKpCFgCOXaJ1VtFGXRPgJKjLZwbZhGetFB6M2Ef
2020-09-17T10:39:13.466496439Z,2020-09-17T10:39:17.053005302Z,215 TkH0AHphA7WmfyOe9u6N6JW7ufFKD8UdDXc7FbQOx7WogJoRK0IqlvQlKFW3
2020-09-17T10:39:13.517695664Z,2020-09-17T10:39:17.121123543Z,216 lRF1WIyi2xDoMyHg32294EWZxXWbD6fsmIW8nS5YIE7SvKiLhQkIPxdBiHmI
2020-09-17T10:39:13.568984857Z,2020-09-17T10:39:17.188309001Z,217 Oal9YrWZ7ebVGbegQ7FK7nQfv9jxZroe3LoqBOzkKStXdl9DLMEjj7MpLTlN
2020-09-17T10:39:13.620429445Z,2020-09-17T10:39:17.257499035Z,218 GC3aN3e84IZrSoMjTKGOasBMRQtJzWQHRbRYp1ZT9waUIfAkugJE29VeZHGl
2020-09-17T10:39:13.671389604Z,2020-09-17T10:39:17.325939805Z,219 SrFfvHsoyEx2pV0tXPVVZ6KHjpE4ILJjTC5v3NrOPVT3KMeLLiC5CTCQIIGc
2020-09-17T10:39:13.722533792Z,2020-09-17T10:39:17.393181197Z,220 jxIEfVzdxBW5GHXyI4ecGOPG4YvW2FnFYiF30AvuaQTezFY0PuuapBTr5Noc
2020-09-17T10:39:13.774106063Z,2020-09-17T10:39:17.461321759Z,221 ncw5TuIr1Gt9CO1CoxyfmRXWE1Rg4r9hLjshRxyeeWPlWsNfOHIbbbqY0bAj
2020-09-17T10:39:13.825717491Z,2020-09-17T10:39:17.532236187Z,222 SBoFfVVXaM7D6uAqDz3uQyZ9Z9pxpwHaC6jBdDcv0OI0sKwzL9WZBeCDsNTb
2020-09-17T10:39:13.877364242Z,2020-09-17T10:39:17.599844380Z,223 uchuI9z0FSXXzgyanAjiETDTJ85HlFychThT9Rhhla8Xm8jyT5nohOVKbdEo
2020-09-17T10:39:13.928075420Z,2020-09-17T10:39:17.665490919Z,224 gxS2ATSv6DJceYc76gBwzRKPGk3dA5DBE9NmOHRZCDfNKGYsIF5mWdDwsJHH
2020-09-17T10:39:13.978673599Z,2020-09-17T10:39:17.735044132Z,225 rQyTI9ghHo8FX02mtCylGiUy7crWNEmrklr3uS7wWRqPrZVkVcOQeP1W2TN3
2020-09-17T10:39:14.030541181Z,2020-09-17T10:39:17.799256892Z,226 FR6n2e59oFfhLqVhLyi0A2fej5rwghYgMUPThNas8uI4DSAcz08cbzUnH0zb
2020-09-17T10:39:14.081612565Z,2020-09-17T10:39:17.867951630Z,227 I5ZvkoBdXcsYMWfjIjNS5UUCaN6P1wnGfKZdXToKuwNP8keB3fa6CSSWgJOk
2020-09-17T10:39:14.133508546Z,2020-09-17T10:39:17.935096605Z,228 TCj1clz6iwFa7QbHYTdrkeuH1HlIDoVcnD02lbBR9ETiNMx65eR8hhxBMTK6
2020-09-17T10:39:14.185482360Z,2020-09-17T10:39:18.001758248Z,229 VntMh46fjrUvuyTR3TGJK8Tb1waoyMehSHfVZtPQc4cvuccgAi0omx76ct0r
2020-09-17T10:39:14.235898038Z,2020-09-17T10:39:18.069640374Z,230 isrl9PHVBXwMyrCojtMxTMQ8EUTpFAt2Y8YvBTT1fwtEs84fc3JyD4UqbXqC
2020-09-17T10:39:14.286962097Z,2020-09-17T10:39:18.138566439Z,231 UKXcwqECvluJGCpnVHxqpqa4JQoZhnEUHe3kDKMpwq7701IHWTDvdFUlEsPK
2020-09-17T10:39:14.338628764Z,2020-09-17T10:39:18.204019224Z,232 Pebb7isKwB3KDZwF2Ojotdcde4tKAdvodtsT0fUoPbqrvEiVtyIzddxedyKK
2020-09-17T10:39:14.390494827Z,2020-09-17T10:39:18.272477732Z,233 cYhWeLURpHXz5WYseUdLFRqhc68dB9SHKXxlt1YUyqmMimlSQpiTVsIaopz4
2020-09-17T10:39:14.441829194Z,2020-09-17T10:39:18.345659180Z,234 rW6ysTGBF5YmrTolc96QI9HQAV84tmVgvV9DZfDcpqHmD15Ik5y5EYnqVBKV
2020-09-17T10:39:14.492241456Z,2020-09-17T10:39:18.410351039Z,235 dDWyorX8HEAElNteVT7nUPKbV4O0FMEFfDVuWt0lNH2QxEGEFoUy3kKShXt1
2020-09-17T10:39:14.542750386Z,2020-09-17T10:39:18.477535974Z,236 s47rORHEZgLH9Qx7HdrKpG1pPNH5FnaGHUJlJDQSG9xFY8m2kNwTrVCZpeaI
2020-09-17T10:39:14.594273258Z,2020-09-17T10:39:18.545223557Z,237 yVmf0hOKPVcsI6K4oS1iwHueMOg0kw9ybMod3o6csRVQBpuuC4tidpWGOHki
2020-09-17T10:39:14.645016966Z,2020-09-17T10:39:18.613109377Z,238 MTNI8Oc9tTBOjDnmNVzAV0kWgrsTr0TyhodlrHu8PMtezWrjYMyPkffsB6UG
2020-09-17T10:39:14.696372904Z,2020-09-17T10:39:18.682289499Z,239 qlbBMwohOWBlzHxL4OQHxMhuPKWm1h3H68WGNRYZrkYMjKldGagK6QcHt0JC
2020-09-17T10:39:14.747536155Z,2020-09-17T10:39:18.751971294Z,240 U0iMEE2ap3cRfGDPPQR1oHVshQuUPEJl9gmFmzAOYS8BIouT41AOeWaf2a3g
2020-09-17T10:39:14.798525928Z,2020-09-17T10:39:18.818952593Z,241 JWlBrz7qXnYvLeN4XK9ps1Jxnh70ewfYcqoJgbzMcf1n9tc34hhHMp07UpHe
2020-09-17T10:39:14.850507316Z,2020-09-17T10:39:18.887879799Z,242 9mSzNfitQ5hQiLpZgvOXeODOmgnqJwo6ir6rPLS7Qsdc4zpZJ7zgSuIacTPX
2020-09-17T10:39:14.901902011Z,2020-09-17T10:39:18.955015709Z,243 hgkYMt3c0Oi5vFRh5gCLJY9qPl2wgqdySiZWqG9kQCVc4zDsiyt2sfAef7xC
2020-09-17T10:39:14.953617025Z,2020-09-17T10:39:19.019797081Z,244 Z5WWVtpjzQhdeh270M234n5h8ymKqZLDWTxVupT9WmXcbbCfMFXVSwIet2Cy
2020-09-17T10:39:15.003951651Z,2020-09-17T10:39:19.086427338Z,245 UFubasPHUA3iGCcyKoV78zUboSW53tssRjmFRR1kEapZ13N32EMMwwPwRRdS
2020-09-17T10:39:15.055225863Z,2020-09-17T10:39:19.152392969Z,246 udPGZPAPjRzLsxEvsjHxf5LYmsH7ztyfy8asBtJfS9IxAtER7qxpMO6Le6dS
2020-09-17T10:39:15.106825946Z,2020-09-17T10:39:19.216957671Z,247 O2UHnZRWChReSMRIqSSmTSGu5F9pRQP3tVnHsdL3li6bFHQF4mQKlSj1hyi1
2020-09-17T10:39:15.158341088Z,2020-09-17T10:39:19.278227762Z,248 ox4zbqWQj6IZ62kyachMbMQeVQnZUKrI4W9HbICVs4OYPEh5jEwIuTlOj2Ty
2020-09-17T10:39:15.209013163Z,2020-09-17T10:39:19.345486861Z,249 erERXAgT15lMwcny9VDwddsgkyKzQosaEB5tdrKJaSTJUZ7BYShl8hQWRcHv
2020-09-17T10:39:15.260401049Z,2020-09-17T10:39:19.411086069Z,250 nhaBZocQXYiTrE9sG5f93nJWKYI9NJiqvksnnsK03L5OXjfWC8ZNIZtR0p1a
2020-09-17T10:39:15.311836728Z,2020-09-17T10:39:19.474879699Z,251 2Xsslr2BozgYo9gegxYHVBINUD6IwueeJKSCrbrWCuLA48tYZoRtNVrEKlmq
2020-09-17T10:39:15.363520731Z,2020-09-17T10:39:19.536456724Z,252 UqVSs2EQS36eWp1LClorYDDRCLjBnaVV5jDDOe5t5DWNMkkXKWQ01LSHOEEL
2020-09-17T10:39:15.413957904Z,2020-09-17T10:39:19.602251203Z,253 i0vKMcJrbjIm95cXE8EUs1j25ZCC9sJBbvGP7e5EiY1bh4SFFCWngYknmEMk
2020-09-17T10:39:15.464819415Z,2020-09-17T10:39:19.666617433Z,254 jrlHN3wo0VzAKRp8JoYmnxkfGvtrfGY38He84B97lGrayLyZRhD9l0IofkwO
2020-09-17T10:39:15.516588525Z,2020-09-17T10:39:19.737571427Z,255 AgTuqrdAhKa0Fgk5TDSkjDtyntmRJLd43wNdLAQabzGi8dEC3NkvfzlDa0mU
2020-09-17T10:39:15.567806932Z,2020-09-17T10:39:19.801081454Z,256 c0TLQlh38kFdMMJW9EtoX9e3qEmGEogEe7SUizNpnIMWnP4zGPCZVKcUn4ZC
2020-09-17T10:39:15.619593574Z,2020-09-17T10:39:19.871285780Z,257 iaXszi8vJR3Yp9qjLx4kPCDdjGzHI0LYuilaKfUmM3269GfSP6HIUiEnuVum
2020-09-17T10:39:15.671090239Z,2020-09-17T10:39:19.949146612Z,258 zXpfSqjeUFiEdvAxJpWcobUpxpqhFtB26EwLk9OZFizv2DXOdqmRGZMwfH0h
2020-09-17T10:39:15.722494716Z,2020-09-17T10:39:20.015357999Z,259 Sqn6MizDDZUfBAI9BhJgY7edKavK41FrsBrYm1G6i70Uq7b8g5xFdPH03A1j
2020-09-17T10:39:15.773358987Z,2020-09-17T10:39:20.083303724Z,260 KIrJW6K98mZCUE3EHtNPIsJ8xYiN1brOwe5LeCU146OzPeNO0Rfkcvtwe7bh
2020-09-17T10:39:15.823893327Z,2020-09-17T10:39:20.150358917Z,261 DGa6y5moz6dFKMfljNTOzJ0WNI2NTifehmb2FQff38k3o3xzGzB2Nx8jzb0e
2020-09-17T10:39:15.875151860Z,2020-09-17T10:39:20.216836570Z,262 LGVBzB0eErbKgIsVLPe0j33cpZBb4ev8b7uX8e2hL53rJTx401gF0XyoK7uN
2020-09-17T10:39:15.926475962Z,2020-09-17T10:39:20.285290201Z,263 LPM3nza2ffEFUWkCi5GSNHQ8RXeSV5deNmisZ2pkQtAQv0jBefaP7cYHIEHn
2020-09-17T10:39:15.977352235Z,2020-09-17T10:39:20.350627942Z,264 Ull4OvtxEmGwGB2thpU0OE5538Gjm4d1dDTe09ybJsFK6phd84YbtypSKUgy
2020-09-17T10:39:16.028097340Z,2020-09-17T10:39:20.419273829Z,265 96oIexRiJZ1jmkyVnK8P1yMURijGnAEBFynR6gF73EXu98apgHC33qZl5Yfd
2020-09-17T10:39:16.079401963Z,2020-09-17T10:39:20.487277641Z,266 o4uhTQVJzbImueSbQ476qd1kIIvbgPBYDsUg5XCrsju8Wx5xJ9pqUl8IDPRN
2020-09-17T10:39:16.130283052Z,2020-09-17T10:39:20.560047446Z,267 OZxHcD32xZyRhRi7hryAfJSyPLVD2RSOIPGhnRUFEykK3RAIUs0bJzTdcAU7
2020-09-17T10:39:16.180758496Z,2020-09-17T10:39:20.625145917Z,268 5fLcbDHkSH6CP3nNKnEtlQt8oudKy82iKkl8j31qfTk1PdomdA3Q513GCaya
2020-09-17T10:39:16.231767529Z,2020-09-17T10:39:20.693092511Z,269 DWFjd6jTnxsH6m4w1i15FgJUCItSt0fBIhCDTbJWHNhFhyNOx9OdfXEJj9QH
2020-09-17T10:39:16.283389952Z,2020-09-17T10:39:20.758591955Z,270 kGM3H1CQ5AKiLH7vkL4iCo7TDELkUXcqES1oa5jNVFNsTOJL2NeRiHLpBYzQ
2020-09-17T10:39:16.333863237Z,2020-09-17T10:39:20.824756095Z,271 n44jORxFHjnyNBEH5XamHjNzgSXC13zOE26iKgDtmPtlpJAh04sfeOi0dAt9
2020-09-17T10:39:16.385139734Z,2020-09-17T10:39:20.892879982Z,272 qclickFoYd1IC2167Qe2qq5rLjOINP4c3OqH6CD4wOiushNvkpgBNw7zzKq5
2020-09-17T10:39:16.436708592Z,2020-09-17T10:39:20.960892710Z,273 GnEftP9lD0XTYiQWjdGpU8OsoR9B71RyUGdF86VzIhJ2o88fXYo5CQHXb4p2
2020-09-17T10:39:16.488724193Z,2020-09-17T10:39:21.026314941Z,274 r2FZkYoP1D3a85pzEJ5c8qopmqpWwLrMI2fiPgd9FnLQTP9zxdaG3CJAVpO6
2020-09-17T10:39:16.540351564Z,2020-09-17T10:39:21.095967660Z,275 7GOIpJZZsEGxrg5gacShXla6CiLY19v43ItNAE3KJow0gVZPvnGtxsiXWEwB
2020-09-17T10:39:16.591638801Z,2020-09-17T10:39:21.163304749Z,276 H722MkIsUugEhb7fvK53NucggMooU69VW4ujEAIRSnlLZB6vmu9FziTuxY0n
2020-09-17T10:39:16.643257651Z,2020-09-17T10:39:21.231263185Z,277 k4lKA15Tap1syAlMZlmAtfLjhdUbUGd5a4EZU6uLPKLXnATb05A6Im2m3L6Y
2020-09-17T10:39:16.694771395Z,2020-09-17T10:39:21.299073981Z,278 WE4oYvfrF0g11dA42Q2asyjPToXiJuUpcF99bGgI3mKplsUY7r8mpv2Er6yw
2020-09-17T10:39:16.746329565Z,2020-09-17T10:39:21.365957743Z,279 uaoDyWLRoPj3GeZavM0ElJRsbte2RG9CqB7T1csH5fF2mu3k4O1WS9CHdcY5
2020-09-17T10:39:16.796757233Z,2020-09-17T10:39:21.434761443Z,280 pQcX0L70wg1KWP5TgDo0CPfh1c7Nwo7hI6dcLvZdlKFcHVZqMOK81NQ4pzdx
2020-09-17T10:39:16.848577664Z,2020-09-17T10:39:21.501794752Z,281 siK5yTpNPJoZMR75UYMzr4HTPG9cT8UlzU0XrpMXKoSRmezy4mqbGvYTQS94
2020-09-17T10:39:16.900580901Z,2020-09-17T10:39:21.569120427Z,282 YutMb2LLZNMTIPOlSht5txj17jRUipQ29SQ7LL86HW3smw8POn4Sh9dZFOWp
2020-09-17T10:39:16.950970563Z,2020-09-17T10:39:21.637221442Z,283 ihQbtuMQL9hDTFkKrxhuzGypn26HCfpM5oWL8uOlsIC5ziMmZ0ReejpWhxlp
2020-09-17T10:39:17.001646172Z,2020-09-17T10:39:21.702432880Z,284 PV39XY20frVgIj7lyrr4coIQgw07OQmtG3hRHtLNUQ28ywvRIdIkQxRb9nSH
2020-09-17T10:39:17.053153125Z,2020-09-17T10:39:21.772619312Z,285 29H8HPnCjK6zdkzngFB4xagsGNbejRTHMtI5IrmEU86rLQmDYkZMUgCAz6of
2020-09-17T10:39:17.104545650Z,2020-09-17T10:39:21.839963283Z,286 Kz98kXZGL17rx4ngV9XICg9eLRSc3oNxybL32jatec4ZHgmXUvQ6D5lLqIfO
2020-09-17T10:39:17.155437382Z,2020-09-17T10:39:21.905568182Z,287 vmvBZ1XCyiz7LSSPuEMzExSzSouZ7Zqqz4I3SpS5SVL4jrGNi6ITZKqaTWmO
2020-09-17T10:39:17.205856222Z,2020-09-17T10:39:21.975152749Z,288 cY9h5vgoE3xILmG2e6mgE4UddEKxc8jVV73TGOH9AIXgTt6jlTgxK218JWvY
2020-09-17T10:39:17.258253219Z,2020-09-17T10:39:22.042930574Z,289 CMvaD7F7fVdYZsKC8R1KnCOpji2XsAYNpHtnqhYGEOMLq9Z2W8Z8NgAseCTU
2020-09-17T10:39:17.309344527Z,2020-09-17T10:39:22.111707741Z,290 U1a28HGyx5qkWShUJDqF10BxGlkivBWufSjg2phvLHZRJBd3T4Zn5dZThlIt
2020-09-17T10:39:17.360153279Z,2020-09-17T10:39:22.179963518Z,291 4ZtYYgj8jNCxxtATPZlnzvKX6I8Ay9XlJIa5DpmQMHoKsDo6759qyQ194ojK
2020-09-17T10:39:17.411322411Z,2020-09-17T10:39:22.245560127Z,292 s1a2jRycCZacY6FkvqGJonJQqfsGoJFLTUuj1A6QPpu8LaR60NZ43G21qf6D
2020-09-17T10:39:17.463117406Z,2020-09-17T10:39:22.312966613Z,293 qiDLU5NMbruBByCDh9vFqJ8A1NgUBn5j27shYUSGpBU2rfwqTo3rx6YiLQjt
2020-09-17T10:39:17.514860851Z,2020-09-17T10:39:22.380462301Z,294 yyv0azBvHZf7rhLpqlXKGHFOdVhAWVnmGqyZKSnwla2MBL0tXUl6W0ziC7Ez
2020-09-17T10:39:17.566711411Z,2020-09-17T10:39:22.442676776Z,295 0iTqTxeMIXA36PcRhu3G0vi48NuA6Z6WQ7GvpJOnDm12k05CeSX4VYjZ4r19
2020-09-17T10:39:17.618507010Z,2020-09-17T10:39:22.507026910Z,296 ABBTw32OgxtRvWOfwzPqCwwyu1GUInSvAIggDjlWTgdYoEhI0Q3sqgc7XFmj
2020-09-17T10:39:17.669852178Z,2020-09-17T10:39:22.571451432Z,297 cgmjwVUe5R9qTCqr9AkQaIS1CD1ysecctozoMpX4fKB9RgRskeNcetXW4A8K
2020-09-17T10:39:17.721382613Z,2020-09-17T10:39:22.633367846Z,298 XKk7a3StyaOSz73tzYtU0IlX7cXQ9JOLtU0XuDgDsIoJPejDtFu5zGI0dJMV
2020-09-17T10:39:17.772340235Z,2020-09-17T10:39:22.697010109Z,299 L3qnD5n9utLnCKwayAe4BTPNTWxlGqRjhLxUtj9LzUMfS1yA3rvvmneybBHq
2020-09-17T10:39:17.822918057Z,2020-09-17T10:39:22.762164847Z,300 8S3saFdIuwgaJ47UdP8D2YlwnzB8ktikLAgEPVApZQYyzdSfYdIvkRcsWhLY
2020-09-17T10:39:17.874308855Z,2020-09-17T10:39:22.825099246Z,301 6CCZeHKoV9htcAnNebixWdsCtapFLsbAY6ZRMvq4IFu8d3S7wBneN2yt5UsU
2020-09-17T10:39:17.925807672Z,2020-09-17T10:39:22.894524973Z,302 4Jge2bOypZxbOf9YHLenAd1PAV01p6lmyIeJSKvZRRfPWYHUL80yyfbS8AjS
2020-09-17T10:39:17.977462400Z,2020-09-17T10:39:22.958509697Z,303 tJIU1aQ7e62KSjExVldRkhNKwlJzQNH5kaCRiTPdsm9DxUljsKt9Z2RSU7cR
2020-09-17T10:39:18.027668963Z,2020-09-17T10:39:23.022610250Z,304 rRH09DpXZHswLJDMqQgKqPcHMRaS5YeYBt6l1BmbviFIh6HZ3EmpEgJmHohO
2020-09-17T10:39:18.078886951Z,2020-09-17T10:39:23.086900306Z,305 NgYkmgNKq7jSxKHk5vHXv9gM5KNPXU0MOkcXaodNufp8MBcc10yLMjHNkqQn
2020-09-17T10:39:18.130321141Z,2020-09-17T10:39:23.150003581Z,306 Y5W7URwgvg0F6sYW4Dhu05tBra6c03EqWJPDFlQc5G7lvQUNGa2BAEKvXemv
2020-09-17T10:39:18.181256157Z,2020-09-17T10:39:23.212554802Z,307 vdVX7dZB4Ub7bk1jYTDFqxD4fx73oPSDNp5qVo9rQFY7p9rPETxzVnuCGNTP
2020-09-17T10:39:18.232044048Z,2020-09-17T10:39:23.276522856Z,308 9yvhrYD8uHJw9Dls7qgO1fsNVI2hvhp7w9DuHt83CtBWPFpaBDzQHaKdH58B
2020-09-17T10:39:18.283144057Z,2020-09-17T10:39:23.337903776Z,309 v2HlhpY8MAW6YUklNZEwPcWVXFGqS8qyZoSTH0Z75BEfwdeFFsCd8jOVBCdJ
2020-09-17T10:39:18.334165330Z,2020-09-17T10:39:23.400759375Z,310 8fIP6k3RqNzq5vHWr07sqU69x87w7c6QbKS1jL0BCZbyllvipesLASNYGdzV
2020-09-17T10:39:18.385850857Z,2020-09-17T10:39:23.473398315Z,311 qOqqaXaeehlpB6Loy2UsKboedmgPCqHRInoimLcwxYeDYqrueKgrO0LhbcEa
2020-09-17T10:39:18.437298751Z,2020-09-17T10:39:23.539924325Z,312 bVqigdtUwHcQH5ne9Fj14RfQmgqKyA0IrE2LoeDW4JYhcUj9kk9ytVK4RCBq
2020-09-17T10:39:18.488479365Z,2020-09-17T10:39:23.602764057Z,313 BvoCGQvbedKaO6GrrwbGOCVq2h7PZydStWLg5BgdR5hS8wdouDw3QpTYUiD5
2020-09-17T10:39:18.539126365Z,2020-09-17T10:39:23.666055325Z,314 nFDlELrRSUhnk2yAwHY4R19px4rZe0tda4cQXNMgvC0SkW1YdDJn9vSUdmee
2020-09-17T10:39:18.590054890Z,2020-09-17T10:39:23.727853367Z,315 lKp2ynSHNyM8AOEalvxnkrWW7Q9352hBzsl7aAFERn80XpSivcXOZv9LFyYm
2020-09-17T10:39:18.641763776Z,2020-09-17T10:39:23.790257818Z,316 cwZLFWGPchK4FcdEKc5C6837qMI5m5KIIK0qc0JhQ08IjbzDwHu6nk9H3ywT
2020-09-17T10:39:18.693239451Z,2020-09-17T10:39:23.857551662Z,317 8AJFPtaGyuMoIHP9VKXQfIXojngne0X2WdGZCD9Gb2NXu14QbYoX8SkFBwff
2020-09-17T10:39:18.744728045Z,2020-09-17T10:39:23.927708354Z,318 qrryagDj8TrLG7ewZ4ecKg3aNb20adetMH4mXKJJqgxw5kiAZlkzpcxIcOTL
2020-09-17T10:39:18.796398335Z,2020-09-17T10:39:23.991967885Z,319 B0BFg3yQiG2Ei1ABlsV2BAbBg0Qxj5YcjpGX1yA9ijCLXR1rCJ1MrLB7S0ax
2020-09-17T10:39:18.847163880Z,2020-09-17T10:39:24.064758173Z,320 tvY3nsQbORtRiy2T6vpTQUya8CYZQp2t489SgntC4eW6mM8sf94F7O4ksofy
2020-09-17T10:39:18.897586568Z,2020-09-17T10:39:24.128376901Z,321 SEs42VbCC6Mv3i5sHsJDMtgRNXupZzS3yJJHqh7UJ09LgFJeQHqDowBRsg9P
2020-09-17T10:39:18.949537916Z,2020-09-17T10:39:24.199209682Z,322 T0aBvBItZbQZ8PEyh8RCgejXELDxlbZfWl3KizSEeqlq6mCMGFuafQCwVTfJ
2020-09-17T10:39:19.000832760Z,2020-09-17T10:39:24.266582758Z,323 Q0iPZyjfFFGmXs5skvnEveeDo7t1xvzWbieYzQWuTPSzYGxWm0zNXT0fQ2d6
2020-09-17T10:39:19.052232302Z,2020-09-17T10:39:24.331376888Z,324 1ninDim7UVwAwt6xzh0b3b0q8W7qFltYGBZKq8vYQ5D9Qzt7xrHLrYJGoz8P
2020-09-17T10:39:19.103461438Z,2020-09-17T10:39:24.399237423Z,325 HtcLJcE1uFwEAgzSdXyhVxXYvCEQiwKrHCYlVbgGyUQq5kEFCWTSNnv7FgsK
2020-09-17T10:39:19.154747801Z,2020-09-17T10:39:24.468315715Z,326 yvP2Rmnrv2RaDIyNF7Doob4L6QeIiaQd7q9ltt8ezDzDi4VteFGRAaAGEJ73
2020-09-17T10:39:19.205843174Z,2020-09-17T10:39:24.537816770Z,327 V70oMkbq4XKAaH3n6gIlcDjAVHH73TgZmgkSdzhoLEfKmlHbzO7Y8BWLTjkF
2020-09-17T10:39:19.257050158Z,2020-09-17T10:39:24.602244142Z,328 2B5M6Bj8nnRYYD1jKFCRCHWkKA6zqOttNjRAaIAIAwKgNpEOIiBz6VyKW96z
2020-09-17T10:39:19.308329568Z,2020-09-17T10:39:24.669825265Z,329 u1YRBvp6b4HP54FDTttcatHp72kDXSbyIaRa7aoya9dgGOfRutDdSDmWm0HA
2020-09-17T10:39:19.359411642Z,2020-09-17T10:39:24.740551018Z,330 QkvoopvgVfpP1SmAj9aWLj5p0SET0wYZXXNMygU8WuW1q49cB1X4c9vuj4df
2020-09-17T10:39:19.409763247Z,2020-09-17T10:39:24.806655887Z,331 exW4zsLZDcEsRJ0mDbbbaXcLLOUAI7pgs3QODrJRbQEQdDrwTOVhUMhHIGeL
2020-09-17T10:39:19.460992207Z,2020-09-17T10:39:24.874678127Z,332 XqwOykcZBf9Nu8gIMyOG4SDd6aa3biU5hxzZmjTD6wFOtpkano8DjgmSiAlX
2020-09-17T10:39:19.512240543Z,2020-09-17T10:39:24.943610911Z,333 UZ6HGhGaYIwWjlSQFas3Nz6xmjwYcPBmzFidKlgQOg5dTg7K0e1SCOgUYrhb
2020-09-17T10:39:19.563495862Z,2020-09-17T10:39:25.011711028Z,334 7rxotmTR68jnTCZrKUcjtu1ceGQAaLfAlHpVSfIwxuRFDNfJMhDfNtDVBUD1
2020-09-17T10:39:19.613932382Z,2020-09-17T10:39:25.079418948Z,335 VBctajZHU5jFUrTnLOLIB97wcUxPMBZa055iz5dg17Ik97NRE5yFv0cnLhpt
2020-09-17T10:39:19.665579870Z,2020-09-17T10:39:25.148900129Z,336 DfIfmcWxlLvvU2epIKLzDfycPc5VTixbZbs6M9NTxuSPpt75zFcxvkOmcapl
2020-09-17T10:39:19.716319045Z,2020-09-17T10:39:25.217658848Z,337 qdxCZL3133qAGwXkU1dtKHExmAMiR6KEq7QBsBrdPF1cTmopzABIJiMj82n0
2020-09-17T10:39:19.767677435Z,2020-09-17T10:39:25.286118790Z,338 19Lgv3s59VgiFn0ccUnqsx827Mbi8QGquyJNtRgQ4Dhh78VCYnlTQ4Ty3DJx
2020-09-17T10:39:19.819325965Z,2020-09-17T10:39:25.355581914Z,339 eMg7Ru9CaEvU5OH1iVtjvLDHoCt4Mtbxrv5JB254s5BsAFIiEqcnPivb8H5M
2020-09-17T10:39:19.869965222Z,2020-09-17T10:39:25.425600848Z,340 lZeD7y9IiiEqRLhEnScb0VyTbqFrSAQAMrfLDbGLLfNPYa4mi5oAsvBb3kOO
2020-09-17T10:39:19.921518510Z,2020-09-17T10:39:25.493339884Z,341 t5PRAnWyQjsNu5ryHCGmdTMMazG5lPSMOCIYyNJxzK9NgNOFd9cFKoW38Vc7
2020-09-17T10:39:19.972079726Z,2020-09-17T10:39:25.557947185Z,342 cOFjXuqOQq9uqr26G7F4LdeJ8PVDXfLhGmCCZJUBBHcqNoElO9BTD6y4MS9F
2020-09-17T10:39:20.023582594Z,2020-09-17T10:39:25.628068274Z,343 5WI6C2L4DwrY4DrAE4En54bUPHH3ABe6AOo49JTWvNDDFz3Aw25RVdT274jw
2020-09-17T10:39:20.074197697Z,2020-09-17T10:39:25.696274825Z,344 YkgDRztrpzIfMAWwQ9fUGOnZJPixqdgQi5UjYoZQfAyDL0TAiYuSMwY6HrJ1
2020-09-17T10:39:20.125390449Z,2020-09-17T10:39:25.762235920Z,345 3hoCncLF3ebI9z4XbRjYA4cezJFDjLffdD91vIT4tMW3LFOgmnw5jR2iwrxw
2020-09-17T10:39:20.176133124Z,2020-09-17T10:39:25.826657858Z,346 3m3gIc1cdXZeunzHgNxZvYhnNcpQG84cf8pmAMg59h3hWdSy4rjbTJQAz3RZ
2020-09-17T10:39:20.227274352Z,2020-09-17T10:39:25.893599774Z,347 1cLPzk6YnBqo5EwqJKDsg2u4HNFipwM48e2K7LMfVtV6b97Eol3uhd4Qn4Tt
2020-09-17T10:39:20.278484733Z,2020-09-17T10:39:25.955587181Z,348 w5kqCBlUATaspv2nQiAsYu8qH3BYm1ITMwF6USTR1wdPNPp8qu4iAqLCnnbN
2020-09-17T10:39:20.330375634Z,2020-09-17T10:39:26.020064622Z,349 ZALa8t3jz25qv36b907k2iQcgXYD9X9a9X7WYsO4aT6ghprpSRV8LeRtA3P4
2020-09-17T10:39:20.381013687Z,2020-09-17T10:39:26.082998535Z,350 seyuluP31NTPp7CC1oHlhkvPI6iyWHiYCcw8gb4hoceA7KDofEbaEgZ9we40
2020-09-17T10:39:20.432435594Z,2020-09-17T10:39:26.150034677Z,351 j2mdMPfQglIduCb2nULdxxslkG04Fb1TbojmBeyxrLHNktkuVv5j6fCA3eGC
2020-09-17T10:39:20.483839239Z,2020-09-17T10:39:26.218957274Z,352 rFyMqddeqUAR6BOqhSLZQlNxxyH6o69FJmCQB2zeaP9pCvGQHcFuJm91ztGN
2020-09-17T10:39:20.535828838Z,2020-09-17T10:39:26.284647127Z,353 ScmuXOKIGOdqLhRuN8H7D7WZQ7htg1zNUBwVTNOdXCYfV6D08bLsqLtD7KWG
2020-09-17T10:39:20.587617020Z,2020-09-17T10:39:26.351970740Z,354 kd5yrDUKK0YlHRAYoQtIeOudHUultxYsZdcJjdtqWCXDXA8prjCzsOkR0fl5
2020-09-17T10:39:20.638949384Z,2020-09-17T10:39:26.417818151Z,355 4LmfPVdWGRPqNCsdbwI59IMrsZNrFYMCcS97MbaQ9z12QfccnJR2B7LgAnKM
2020-09-17T10:39:20.690223099Z,2020-09-17T10:39:26.484995676Z,356 eY6COr2qDfyN0rY1utQ1swi72pZMmRx3IaHyRT3DEzOWqVS1ZMqjRagseBkR
2020-09-17T10:39:20.740888276Z,2020-09-17T10:39:26.552776903Z,357 AkWG9x6p9Llt1vWYTO3Z3FTiz4YjJVy23SYpvJFWOvCM0M0TV4fMboEj22ln
2020-09-17T10:39:20.792558787Z,2020-09-17T10:39:26.619734692Z,358 ATphBf8fBM9finFfcHOoRpbPr1K7StNiDFQgBBzmdcv8qwFUJm9Ep1UHMkjs
2020-09-17T10:39:20.843933942Z,2020-09-17T10:39:26.685350911Z,359 8yU6nk4uSzoxCDpmff19Na6zKzOWBUDBrdvxeGEmjMEHYVACrQztTUCyidjx
2020-09-17T10:39:20.895640627Z,2020-09-17T10:39:26.751748957Z,360 Y1guEmv968ojasFSLG6WBh0lIIqihOXAMJhGpEbUNMVHXjcB4LMBQ4CZCkGE
2020-09-17T10:39:20.947576928Z,2020-09-17T10:39:26.818545735Z,361 80ozbPtalGnlZPSFMEmGNUx8uJ1OR3kz5IUx89jyRZzuUfCkejsYrux4mqzq
2020-09-17T10:39:20.998513143Z,2020-09-17T10:39:26.883560233Z,362 c4MmTrqSJ7rzRRfQRcgcoZHDNB1Kupo1D1vWyIE7MUGRu3VWgGC6qgJR3kQh
2020-09-17T10:39:21.048773768Z,2020-09-17T10:39:26.948821847Z,363 8LV2t6R39XSt6mvSNyBC1blwsvTCGEbgb8XAsYnsddKA283ZwThODLj5jes8
2020-09-17T10:39:21.099846044Z,2020-09-17T10:39:27.012731807Z,364 IEMMoChVpY9unENkf3BoaMJeuTWHYfQwWZyaBB2Afi3ZTcXzZOUj6wjayyH7
2020-09-17T10:39:21.151189212Z,2020-09-17T10:39:27.078742299Z,365 r7HgCX75kvk3YJMxBUmMFbElbkcSCvKTbjhqGO6mJzOXId69v5qXdDV0sCY7
2020-09-17T10:39:21.202525657Z,2020-09-17T10:39:27.143523810Z,366 7QNZ2vyFRhi6HPggPw3h9Nj2TeCVSup1pXOXqfDOkF14hRssGDeFeC76vsCM
2020-09-17T10:39:21.253150948Z,2020-09-17T10:39:27.212261811Z,367 V3XBoQ9mtblf9wENjMnmbpGI3CC6wEY6hOaY2udRZWzEnQa2FgoZQncVOkYc
2020-09-17T10:39:21.304461961Z,2020-09-17T10:39:27.277832056Z,368 HUaljtULZ9kVfukCT5OeVhSZhNDhdt0O8zjRL2oWR3ClUXChuYirQeuhK054
2020-09-17T10:39:21.355688223Z,2020-09-17T10:39:27.344935587Z,369 Bzcw85fu6WJJtRH6v4q04qoJmNt3PVb9Dt9CtEo3jRgEivhElZdnVyZ88ADm
2020-09-17T10:39:21.407182986Z,2020-09-17T10:39:28.424887525Z,370 66srlr6Lk0iMfAurLowlUmK5kC66iZSffG7srsnSlGhkeAHBE3lWjTYg6Y6O
2020-09-17T10:39:21.457672175Z,2020-09-17T10:39:29.511787116Z,371 OpPMjlP4M00T6N2nUIigAWYgVvn7QeKSgJm2JwUIYqz8KRfOhyrPLrwIxSJU
2020-09-17T10:39:21.509311920Z,2020-09-17T10:39:29.571524269Z,372 VLyaRdcFFP73b5eSR0ShCJiZ9oHywumkY1LqvUG1Q4EpdxLTWC32826WGe5u
2020-09-17T10:39:21.560319847Z,2020-09-17T10:39:29.633919184Z,373 mtQuukUbPJJHpKTMaUe86pDksM5Lo7KKetJiswAdDDoUJx9fCdfKli7VPhv9
2020-09-17T10:39:21.611119761Z,2020-09-17T10:39:29.698767532Z,374 j9Rg7PwXY86eT2wCkl4XC6dgoCypeDbDxv1Ye06YXoxs1PP10Y8smo80RxFk
2020-09-17T10:39:21.662741792Z,2020-09-17T10:39:29.761418684Z,375 Mc1rFQd1FyTrY5kSp74AiNzJ0fzMVkqAmtT8GcHEK7M00wjuz4lhicuWNZM5
2020-09-17T10:39:21.714114123Z,2020-09-17T10:39:30.856711165Z,376 9fEgHoCbi3uA68YZ4xwvBHuELqO4tyTKjxodRymnkhl8jyDKJn9YeIRqD1Lj
2020-09-17T10:39:21.765011335Z,2020-09-17T10:39:30.923227583Z,377 Pn266q93F9ecKWMscQVKU71thekQAAIexzvWX5v1i1roN0G1MRThH6mEx53c
2020-09-17T10:39:21.815937585Z,2020-09-17T10:39:30.988704346Z,378 lD2grhpMbUoGox75guHDB4bPlzOb5BM7YfguKv8Ta9cuuAjbjeOwoYhMs7Sy
2020-09-17T10:39:21.866727430Z,2020-09-17T10:39:31.053885385Z,379 r0OXk5Rc3IgIIShoju1VcnKaPFFFiN2Q8g7tbGYBGfEQEFzdsUB2C0De1tth
2020-09-17T10:39:21.918055747Z,2020-09-17T10:39:31.118750738Z,380 XKz0xGiCJrcJ6vrCDTC8Vmb0OHE1k3U4giTHapRtwcpS3jZ6SoLZ1R6zDWzA
2020-09-17T10:39:21.969564649Z,2020-09-17T10:39:31.180272781Z,381 eq53wYsY3JhxxhpUUAkca4wzj8eqmaXwIsixTtz0STBrcXEUlUQVYYqREBLI
2020-09-17T10:39:22.020800220Z,2020-09-17T10:39:31.245178746Z,382 UgX6btn3TwFpcTSQfhZ78RpfBVdhs0yPrl4p41KQWc8Mas4n83hgC5pBgVsz
2020-09-17T10:39:22.072364891Z,2020-09-17T10:39:31.311478755Z,383 IyjSx2Jtlj604x0dYcLlotrApOCR3N8ZpDhXHsPXtnXX75IyejzagEWh8FMv
2020-09-17T10:39:22.123657326Z,2020-09-17T10:39:31.373688964Z,384 wMMusePJsDlr0L1KlbgfVQcJInXvwTG45OwfcPLC11eVibo7uzqPkEiOpo2K
2020-09-17T10:39:22.175234288Z,2020-09-17T10:39:31.437575730Z,385 mWFHxJlXspgu5TzOIVDDEubQxgDXfasn6XuGD4uSZWHhMiHL3EnAGgjg6dIR
2020-09-17T10:39:22.226315399Z,2020-09-17T10:39:31.500435157Z,386 1PvPKP1pdniwEtLZH0fm0YMlwa93of3Ouc45gtyCOAEFeosga3kPslZDPybY
2020-09-17T10:39:22.276813028Z,2020-09-17T10:39:31.562242228Z,387 ifnu3gqRkS4F9PtXpaTRHlYTNK0Tngb3uOh341CiHzTo453knDygLpK5jEn9
2020-09-17T10:39:22.328456855Z,2020-09-17T10:39:31.623931894Z,388 MuLLish3Bh6VVI69jOH6ZM6AlSmzJmX2WbsOrXDFPkTKoy8PUKQvemqg8GYl
2020-09-17T10:39:22.379651363Z,2020-09-17T10:39:31.684612415Z,389 tRik8Ye53KW5LLEUT9Hcxieu3PoTQklygMX9yxXe26NyM99wcwaeSTMtIriX
2020-09-17T10:39:22.431468855Z,2020-09-17T10:39:31.746005189Z,390 7wGIhPjALymzL5I3qBxJA3aUncwGRNwiBamCg0dd6XOkQCWbOa4ab6ztFQzj
2020-09-17T10:39:22.482401290Z,2020-09-17T10:39:31.808490016Z,391 KnOn2khdWd5wkPw8YVd7R0ZnQ0JD0k73dLdz3aedCxJ5B8RpLxAjr69EEb4I
2020-09-17T10:39:22.533641403Z,2020-09-17T10:39:31.871174031Z,392 6Fmo9L1e3JshCuB518RoGMIj02bk4a8Z5EiIrNPTSf08KGV2IKpw6XJXmazQ
2020-09-17T10:39:22.584644208Z,2020-09-17T10:39:31.932208292Z,393 znJAyxtsUpGqaclfFdNDN3EpZegyjXiqszPMCNHvlBEKeRPfQzqXY6rEl6a2
2020-09-17T10:39:22.635894262Z,2020-09-17T10:39:31.997027098Z,394 7COjPpIfnMLMfAtcWzCyMwyYoUGZadP0fR4uyfVcb5PqPGvjt0DRydrigFXx
2020-09-17T10:39:22.687267418Z,2020-09-17T10:39:32.062894108Z,395 3WS4Umxf0ZlspeXy0Fp03n9JkpzGuHqNjuaNgrhtjExkhz9hmIqEb0zb5M6P
2020-09-17T10:39:22.737701458Z,2020-09-17T10:39:32.129736986Z,396 4fjGtl5xDUzPznWWEHaDvC4htirfDa9lqgz6xfKUO39v4dGl8R1654lRpSek
2020-09-17T10:39:22.788711688Z,2020-09-17T10:39:32.196445391Z,397 DFXvoW1QAzSWVnoG3Pg346P11RtgTHoSLnwc2mAUm4FNzUlQh7IFUjOqsse8
2020-09-17T10:39:22.839838041Z,2020-09-17T10:39:32.264143094Z,398 9C0Iyf7m3McERB89o0Et6I7J1VLoDaqcGpqd7mVIqFVoZPDh1yBh3aP7Zjlh
2020-09-17T10:39:22.891297665Z,2020-09-17T10:39:32.331786222Z,399 ryMsgnDP4yXibRTYKFpZMlUdU23TTKvMAPbvw2adkFRxSMQGGsY3SBWcqYi9
2020-09-17T10:39:22.942673260Z,2020-09-17T10:39:32.399615903Z,400 5q7zNinxii1tU3zQjnU8eqOuvO9bz8VdaKJ9OXfaitql9447AtWr2rt7tQTU
2020-09-17T10:39:22.993643685Z,2020-09-17T10:39:32.466528258Z,401 rIjQ9T31EjWceGMs04RS2z3ralcLfq2yQdIPPcOdWficbtK6nHMPOYamZoM6
2020-09-17T10:39:23.044968237Z,2020-09-17T10:39:32.536496480Z,402 1JSjA5rfUsNN47ulxFrqld03klCdvB0VNZS3X0wdEWlmN0gRsP6bN1zWOa9W
2020-09-17T10:39:23.096418525Z,2020-09-17T10:39:32.601937977Z,403 wHyus7i6HUHOetKrxWXj6enVHEpj4eurYrV3x7BBIeERYcExjQEvwioxnKGi
2020-09-17T10:39:23.148376786Z,2020-09-17T10:39:32.669314243Z,404 XNrnZx3TXBJUyJxmr2RG1CtoH7ZCIcm4r1YC5wJR6B3tk9ljmP3gioI6mNBd
2020-09-17T10:39:23.198872653Z,2020-09-17T10:39:32.739010960Z,405 kgmuXLc54ydthxYcZPOTNlG9kHfDYWuYu3nKusRMIF5c6V63wUAvfNRPxGkM
2020-09-17T10:39:23.250019279Z,2020-09-17T10:39:33.799419616Z,406 buYloWsNt2qPVFJcxphPipJhtbp4R6oMsTmtMF6o54aEggizVfFL1vsswWy7
2020-09-17T10:39:23.301230871Z,2020-09-17T10:39:33.865867316Z,407 Hm1g4rdxE0Egy6ybXfycYeaReOf4VlRasROCz3L1vCR1jVVkeGC4fAGMQIk2
2020-09-17T10:39:23.352422978Z,2020-09-17T10:39:33.934113975Z,408 YgB4Z32MQEajIKffxRXzBK0nwtOE321uiWsBHwUlCIBAnuzeg0fDAiu2OvGB
2020-09-17T10:39:23.402727028Z,2020-09-17T10:39:34.002047978Z,409 1qIWhtssDvOZ3I77HWA9hu4VVSdMgpa4I7iFX0CRpxYdOB3aQdZaBkgZPrrG
2020-09-17T10:39:23.454382169Z,2020-09-17T10:39:34.068934721Z,410 tHztBhSYqOA5vLCN80vtMMkK6D3I5m4exsbP15V14PkFQl2ee21Ew2M70TN8
2020-09-17T10:39:23.505607521Z,2020-09-17T10:39:34.137937598Z,411 uOsFN2Q0WZj08mrMje8LavCASic1MbCeUpklBgiLGOj2V388FU5s5bLmMwv1
2020-09-17T10:39:23.557010868Z,2020-09-17T10:39:34.204923967Z,412 WNPzTxsFGTK5Evk68VP8gbQZIIjCre7CWkLSs3NfpfrGPMsoV7nyiH5CYrMi
2020-09-17T10:39:23.608219290Z,2020-09-17T10:39:34.271714304Z,413 XJlr4UvIqdbRU34PHGgwbh3yVyLCBjkXgPxVIxF8EQ3q59VFffjZCb6b8wVW
2020-09-17T10:39:23.659650094Z,2020-09-17T10:39:34.338939355Z,414 OUr84JOeHCKuzZQPxNRr31zfZXRL9Y49oenclWQiNYNBLWmlgWJ6JGc1hFVG
2020-09-17T10:39:23.711379727Z,2020-09-17T10:39:35.401044951Z,415 pipWJGK0VfX07jNXjnjYjdvXnpeKSC1qivoTUcE3Q1zyMjGRKNmn8a1jxne8
2020-09-17T10:39:23.761942411Z,2020-09-17T10:39:35.470618029Z,416 2dkxSdlcbsX70eHbqYn3XkXel6UoFtQbnvto1QB2IRm0eAzX6zxK5KaUN2cY
2020-09-17T10:39:23.813537850Z,2020-09-17T10:39:35.536811024Z,417 6gakxOaEf3hUfNqHH6W5HghTDGQGDtbOFfdp10iQyqhIK3vNdWU0ZyH6XjT9
2020-09-17T10:39:23.864617514Z,2020-09-17T10:39:35.599987612Z,418 RwGckbBlf0HgHN8GHp0ert4CaIzZIaYoi9BPngFk6c3ZLpA8uZWP8mi7Q6or
2020-09-17T10:39:23.916228972Z,2020-09-17T10:39:36.680725103Z,419 mNg4JNe7Syl066SpHjGTcGIX4HohdtgXfay5iLegGKFcoCojfzC0TvYt6WC2
2020-09-17T10:39:23.967820236Z,2020-09-17T10:39:36.746043523Z,420 eOi0d5O0wloZHLwablpTVjgiMUO4fLw6oLmg6UmSZ1WuspqC2wtwxL3Z73VK
2020-09-17T10:39:24.018922402Z,2020-09-17T10:39:36.812350333Z,421 lrXUmxwDn4x28304wq6xfW08BLsWmHaq9WG6RzSVUtFmv52X3uFGIrDKMBvt
2020-09-17T10:39:24.070170930Z,2020-09-17T10:39:36.879148719Z,422 GKYgWeGAEtv1fy6NwsbRgxGAsNHm35Zri6hLMeUkvjGu9sSrnp0bOSFMU4UK
2020-09-17T10:39:24.121890642Z,2020-09-17T10:39:36.949053234Z,423 9jGOhCsLDvvhzZZGMCa22jwFeWpcmQ4TUr63pY4OkrgEKiwmANDxH7T3sT8G
2020-09-17T10:39:24.173341264Z,2020-09-17T10:39:37.010496170Z,424 WaQbtDRNamkyvPtW7UEeXdPpLHJMoWJOG94hzvsgbi2LskZFyFEaybYS1uHa
2020-09-17T10:39:24.224037124Z,2020-09-17T10:39:37.075344624Z,425 B7Z8J4DxXZ9Q1N2kg4OH0gjPaag47i08P3mXGEz7aHEt38dQ4rXtXahvTpPM
2020-09-17T10:39:24.275442328Z,2020-09-17T10:39:37.141229084Z,426 81hGwx4BjfNr3zldoq2iL8lbVIOQwMG0RpQ1wQtH6v8nS62ZygFU2i2Jc3C0
2020-09-17T10:39:24.326894730Z,2020-09-17T10:39:37.205715201Z,427 tj9M3e0habUAwVHZE386htFh1Vepa8svNOu5vxDE5hTPDaf7jyW1QVn2jyR3
2020-09-17T10:39:24.378851640Z,2020-09-17T10:39:37.272334255Z,428 9sQJpV9oJIbgI4sbfa6SfcSpo9VLWoGuU2yIUx1VMzdiNMGLCyg557F6ghGN
2020-09-17T10:39:24.430423880Z,2020-09-17T10:39:37.340913044Z,429 C55TL7XBTT31RS7F4Qy5kJCfkZSgVaoVmyQb1zLTTK5qzyC3hzryqFUqol6f
2020-09-17T10:39:24.480990141Z,2020-09-17T10:39:37.404409821Z,430 yrYGwIpTOb1OOcxbVwRa7DD7Jqwbs3Y7Ke8PYY8aOfn22o3luGuHTd1MpVkF
2020-09-17T10:39:24.532436351Z,2020-09-17T10:39:37.471261543Z,431 9ZTKxI8gxK9Sm4aMiLw7YX34S0cDOWxNU74N6B2UUAdRJRN3Dvt8T6XNTaHZ
2020-09-17T10:39:24.583887545Z,2020-09-17T10:39:37.538030140Z,432 KKOIqLUQiKhCnwHgoVz0DGUvsZ2mUV9pXjYO5BqUIwhlubf5T8pRKsH33Yqj
2020-09-17T10:39:24.634855086Z,2020-09-17T10:39:37.603628969Z,433 ZCG63VpaAh1wtgIrLWxchuwGodzpCD4zOMgSR8z0UleAjJFVmlrR72nSDc9W
2020-09-17T10:39:24.686203523Z,2020-09-17T10:39:37.669939580Z,434 DbG5Iw8amJgUIjHfS0uQpU5gsFhQYXw07Zs7tq0tHjqrfEOBoUvifYRJuJrj
2020-09-17T10:39:24.737664142Z,2020-09-17T10:39:37.738463896Z,435 OXPzSJdAL9mBCAibG1o1mtCKT62mpVT32sTbLR62DgbhIuloQuSCb2ZRyUrc
2020-09-17T10:39:24.787992504Z,2020-09-17T10:39:37.805645333Z,436 eMFYzqxW9X8C3EipkUjBLp0ctfMoMqU10J5qUTrs8Rcqz3WPbNMQmGtZp3Nk
2020-09-17T10:39:24.839762138Z,2020-09-17T10:39:37.870169970Z,437 gY78ZxPhMItoAJavRQqCs0dhvNZlSFfWQQd75p6WYjLbyvCcCZT3ZEKlFXf4
2020-09-17T10:39:24.891219807Z,2020-09-17T10:39:37.939111787Z,438 Ync9HZCtI4mU5nLtlZh9kaP9nZyDdLSJA8UI9KMvRBHWIAKUCE4bKEW3aWYD
2020-09-17T10:39:24.943100585Z,2020-09-17T10:39:38.005826244Z,439 7BQzyv5rFrY9et4tFqxTOztTW7dPNjI2X9IR8iAVVRFC3fNbYfXFQLGcaNlF
2020-09-17T10:39:24.994157954Z,2020-09-17T10:39:38.072688884Z,440 TnWZqXGnZ5fAVe34NxAGKGO6smXmO8GAwStwDP74w8GY2DXU7zIBpuzLLJLM
2020-09-17T10:39:25.045828144Z,2020-09-17T10:39:38.136739376Z,441 YrcVT7lvPEDv9eXSgY9DWJOGo1KswcX5k9fr9E3Jn4K9F8mTwrOc2un1ZzeG
2020-09-17T10:39:25.097254689Z,2020-09-17T10:39:38.203229160Z,442 EHQA5ucYDPJiYHHflcKCKvSnznlg7HMBACGyDC5Wrd8vEQjJD2IpFR1DBtDz
2020-09-17T10:39:25.148606676Z,2020-09-17T10:39:38.268444283Z,443 E3gUIGyKKTHT3HF1PeOjhThhOm2SeWrXqKw1BOKqIzwmPbAQS1sgBEqbSiFe
2020-09-17T10:39:25.199929190Z,2020-09-17T10:39:38.331676769Z,444 6yEIZrnX0euU0rBcE9EgmfXAy4DcWUFHHZ6zCcrajdrIWj3jGM5S1XOShi0Z
2020-09-17T10:39:25.251673942Z,2020-09-17T10:39:38.397529371Z,445 q9pIwMKUhg2clh0F2NABBSOaep7aSL1IJn3bAYZZdK0GJE1C5uhC3xt5UXTB
2020-09-17T10:39:25.303695018Z,2020-09-17T10:39:38.462216314Z,446 YjYQ87LEGJFUHgP6ELAhOwHpijxLEttdaFVqsyfu7nhEufHUjbYBnmCCJlxm
2020-09-17T10:39:25.355138901Z,2020-09-17T10:39:38.529463986Z,447 VuvGRIsiKYsDvi3qkPPRfWMOvl3lUXHhSRnfr7NAWzWUczTSwaRTs89fDUmH
2020-09-17T10:39:25.406032148Z,2020-09-17T10:39:38.594463118Z,448 Rry6cD3Stx7FGyIl0wnk9yddZlxQ5I8h3HJiMRVnjWvX1avTZ7xKXHyQMBpT
2020-09-17T10:39:25.457080109Z,2020-09-17T10:39:38.663250923Z,449 F08wzlccVtner7NWY2HB2kSjYWHVEdUdgwBhPXlOuJ0bSN83QMxRYje6UWpr
2020-09-17T10:39:25.508641022Z,2020-09-17T10:39:38.728416494Z,450 jROHot2WQzxikfcTYS8yD2HONgYo7ZA0KHCkrk6mbRcdASH4xJciCiordl5o
2020-09-17T10:39:25.560411520Z,2020-09-17T10:39:38.797834107Z,451 aML0F042pzCWGCaijdOd1vvxtKIkfjLtYef1aH6I3glQ2eEZNJ00hwTkvij4
2020-09-17T10:39:25.611607853Z,2020-09-17T10:39:38.863667856Z,452 F8TiYN3bxu9WPHEQEV5EEClGzlt4zoJ3mukvZzBv4MVTkgsufe1qlRqud2IQ
2020-09-17T10:39:25.661877481Z,2020-09-17T10:39:38.934374113Z,453 UODphNVEQfJY4x8Y7F4EsbxG3P9PEmauVAP7UpcFjut3qAtNhFuxU2DCGd88
2020-09-17T10:39:25.713237023Z,2020-09-17T10:39:38.998037247Z,454 r0Py2eJ5uDKNLG6dtzmQ2ghRnq4ZuKdE3F1KPs8JYTuQkUtbRWSMuDgZmfPd
2020-09-17T10:39:25.763779540Z,2020-09-17T10:39:39.062778107Z,455 t9zWvnXFsNtRlXg80qtOR9xD9RcHlp6AmhCVwH4ScmNZxByykjuHV35P4i6V
2020-09-17T10:39:25.814976059Z,2020-09-17T10:39:39.180145709Z,456 wiLMSYK1g1rSjqTqm8hrIn65HqtjakZ7S7Gs0EWXNvpe8kfFMAFDqLrzA26a
2020-09-17T10:39:25.866142345Z,2020-09-17T10:39:39.245419712Z,457 xmqEx6hr3RIIA7cXunv62ADtdnkR4xYRnPaU0SAz9zEjYp9o3CqTQs0L4PN1
2020-09-17T10:39:25.917611948Z,2020-09-17T10:39:39.310344243Z,458 yHHw7Ki5LtEPuXFoGHBcqu3qUH8e7vJl0OjrGdJjfUxesGD2Zafn6jF7lxu4
2020-09-17T10:39:25.969385889Z,2020-09-17T10:39:39.379170045Z,459 R5By2bBG2Jk3Js8V78LoEnoZtHPySLK3xb0htQqsrQUUTKsifA7PGZZSwDYv
2020-09-17T10:39:26.020601022Z,2020-09-17T10:39:39.446760318Z,460 193SHAnBpgR49JBvs4JfgMOhzHnnYnv05c4oV6WpsYhbrtJaotxY9MvYlGqq
2020-09-17T10:39:26.071047744Z,2020-09-17T10:39:39.512539383Z,461 RpHKblayo8M17oWIvO5U7SBvCg9MzyIuuwbkHNkcN67Z11U1UwqCtwK0xHIp
2020-09-17T10:39:26.122281559Z,2020-09-17T10:39:39.577382137Z,462 Ul4sjH4ih9iSRiCoBgLVKFSvlrOC90v2P2j5xKxOFuzdghIe0ZQkhdHJftKb
2020-09-17T10:39:26.173380252Z,2020-09-17T10:39:39.642652452Z,463 RiUOpPxQzcRxEoj7MNkdhBdRqfTR5SlqKfYdQcbR08F2wSrQan6X3pJuRYgV
2020-09-17T10:39:26.224722759Z,2020-09-17T10:39:39.708626016Z,464 MSCKwzcqwRHVKbNME3hDBdm5jETkbWo73K6DgvKJ9oRliIxTx0FfLKuv7HFD
2020-09-17T10:39:26.276001077Z,2020-09-17T10:39:39.774430077Z,465 vAdOoyTm9WYFNJGYRbnt2q1oIbfImM56tbHmFoMNWExyr2DzJHWcOMZKUdVe
2020-09-17T10:39:26.327046209Z,2020-09-17T10:39:39.842217519Z,466 DYyaTUgM7MVxDV05KcRGwqugG7WO54bzJ2SABSddBjk6vVYCKKpIqDQHKHcc
2020-09-17T10:39:26.377888924Z,2020-09-17T10:39:39.909561108Z,467 o3bXZY1is5bftu3K3XKODgZxO6VxsNWLBIseLQ17dsoM4tWwocX59IOFmao2
2020-09-17T10:39:26.429331506Z,2020-09-17T10:39:39.975755578Z,468 w0MiTaVpE8MfeC0d2JV5tp4FWNUMxmaE5JxqP0YBSRZ1RpHwuRnxIPPn3Ji9
2020-09-17T10:39:26.480903973Z,2020-09-17T10:39:40.041214695Z,469 tKAhKdMKSGcDCHsuhJmGQns6Ukm4vBmDS2l1P2KxzrAsbyST5NdY2fAyz8ZU
2020-09-17T10:39:26.532169385Z,2020-09-17T10:39:40.107814039Z,470 XZZwXGe4ZJcwXd5PiErJ1zUMgbVoq9uS0kr9QzANeLKgn3trFhd8GRBqFNxP
2020-09-17T10:39:26.583669066Z,2020-09-17T10:39:40.174608163Z,471 mK2Q5ZPDdbINDAQixq55aemTqWvYwWnAWzz3zkjz277V5DH6xpqf0o2DvXEP
2020-09-17T10:39:26.635541001Z,2020-09-17T10:39:40.240347354Z,472 7DmFE07ye9GANX5wvqCABxEc8YkZAz3yqTaFsrIWghCE41mIgSYJ2JbnZhSt
2020-09-17T10:39:26.686931115Z,2020-09-17T10:39:40.307775961Z,473 XUfabpt4v5ZwtvyO9wgNmncfwM51MV9dSaUlZYnFmDQPFITq0uBktqldt1Co
2020-09-17T10:39:26.738073164Z,2020-09-17T10:39:40.375705938Z,474 nPu0LqnYBA5OOwPdnFQ1NGggM1ZDsDpCRUQGaRIkzyvqcYeS4zY9CxG1HlcK
2020-09-17T10:39:26.788873941Z,2020-09-17T10:39:40.441253859Z,475 DrUfECcIUScB4JFQkyAkV29LurL16I4FFynl2srBdz4Bzq19aWeuNG3UJ1dI
2020-09-17T10:39:26.839787091Z,2020-09-17T10:39:40.507024613Z,476 1gCW1r6xCWzSX0ppZGBu00gXJ3xVB3L6xfl8roc8TVO8NIxQPAEKxEKzgdI1
2020-09-17T10:39:26.891486903Z,2020-09-17T10:39:40.573246270Z,477 w7leb4U40cDcUYz6ZT5M2s4gBboW8ZF0SeNwZt73RFJ74qKtA49mjNJA082q
2020-09-17T10:39:26.942617940Z,2020-09-17T10:39:40.691255315Z,478 FVQehIpGTlDiuCIwZBpYhvaFhFZN4d9r0be1NmjZBYlDtcFUB7bTSzFD8dHY
2020-09-17T10:39:26.993124775Z,2020-09-17T10:39:40.763261477Z,479 iSrufRndiPcGQJlEkquefwqNQOCJjyTXVNmNLt1a4GtSlOsl8HalUnJaIY26
2020-09-17T10:39:27.044190264Z,2020-09-17T10:39:40.828758281Z,480 ZEt6IW7Uv8liSGkhkghgK9JQ7U2xSIhMouVU4a4AIhKSokEZAh1ZFqxPQ9s5
2020-09-17T10:39:27.095456133Z,2020-09-17T10:39:40.893398968Z,481 RKG1lPf6NRdsS4qJanbdUr8bhFkksSUrzOI59DX46pFVmEbBgzfcm6rjgO7x
2020-09-17T10:39:27.145956302Z,2020-09-17T10:39:41.960406378Z,482 78ZCSP1xbdar8MJYpKkwwbxUr4Ngo30A26QqcwJpwBazLjNEP4KK1rMRwp8K
2020-09-17T10:39:27.197234548Z,2020-09-17T10:39:43.049786619Z,483 96TNu4lmp858TQXC4OYafiyRLvZL3FwWvnSTpI2KmshoxAT4vA36UY8plnmL
2020-09-17T10:39:27.248741792Z,2020-09-17T10:39:43.115631657Z,484 9uODi04mXZpcerpBIz3ItIQ2l4lfVgfuNWkExAWDkaGCk7sKC91MicZK3Uoj
2020-09-17T10:39:27.300447195Z,2020-09-17T10:39:43.179953654Z,485 kVJeZVz7gjeNRGEUWGyL1bCEXoUMmmFA2aTq4FIQDLv5DCNT9xWXCVxPEUGI
2020-09-17T10:39:27.351083120Z,2020-09-17T10:39:44.265626776Z,486 cwwNKg84CAb8CRctUDqYA8GjMWrBCzc8Z76NXH4teWkSbXef0o9zFRjYWk1S
2020-09-17T10:39:27.402377777Z,2020-09-17T10:39:44.330612947Z,487 Ix5YQAL4jZku3WjvlQfQGrmBEdYEvf7lRIHHPMZ5bbaJ4fARNvWL0Yk4yuwA
2020-09-17T10:39:27.453800028Z,2020-09-17T10:39:44.398495920Z,488 aZe7E9UcqszOUTdvM2zuFh3xPELy6m8W8OzALlGAHE68dS5CXsE8eqFfqsS7
2020-09-17T10:39:27.505742225Z,2020-09-17T10:39:44.465507761Z,489 yrpCnUIE7E3BNwewYakn19Cz66HxhHTTW0wvMUD7IIX7YAlZKww1qkDfs36Q
2020-09-17T10:39:27.556770319Z,2020-09-17T10:39:44.532521548Z,490 SxkoyLd1IPBO8yJ2bqoJ02WgaEMrQWgP2IHjqoasdTqiw4biSwa6obRO6ktG
2020-09-17T10:39:27.608811094Z,2020-09-17T10:39:44.597800533Z,491 CQNAqMD18DWoxh2Dd2X3RqifF5rJxln9LWODeOVcLt2v1trPngezHRA723XU
2020-09-17T10:39:27.660708253Z,2020-09-17T10:39:44.665715463Z,492 Ey2b1GylHVQir4t2GKMCRoXc0LKpMYwF6dWAlyXIUYwTWaZGEcylOx79FuOU
2020-09-17T10:39:27.712267423Z,2020-09-17T10:39:44.731257781Z,493 xY7DTWPs5fkFwUPydT3y5sxlkINWMQqUn8H1AJbMkUJ5WXjfQde6e1dsINZT
2020-09-17T10:39:27.762875673Z,2020-09-17T10:39:44.797850372Z,494 iGUpGI4MY5aFS1SiROLqWKz3lt2emP0LwRcV7H623ljvVJZPe4hDnKs7qINU
2020-09-17T10:39:27.814973482Z,2020-09-17T10:39:44.862864787Z,495 SQJFTAjbHk8U5If7s4SfYRdEwpGAdjBoj4HrxCwVpYKMW8lqRcKFi2ycz1WB
2020-09-17T10:39:27.866724999Z,2020-09-17T10:39:44.930855134Z,496 ZZjDepwizcfV1EVYP2WtBnFsYUJD9c29xuzIQWUN4DdK6dqN99ro8xW840qw
2020-09-17T10:39:27.918555834Z,2020-09-17T10:39:44.996877486Z,497 Ixhpk1ZcKQXC6f2uUDKZc7P78HEzTD1HjChGI116mdn0BfvDmEeE52a9tQQQ
2020-09-17T10:39:27.969334008Z,2020-09-17T10:39:45.064443373Z,498 XVxlU1uj0ZPgH86nGbY4mhUyPMuhwgqlXi9925qOcwgXvJnmIXzZXrZJ0xGf
2020-09-17T10:39:28.020120558Z,2020-09-17T10:39:45.133391931Z,499 DhnvHydB2v2nj3oeW3znVrfR4Be0iqr56Zd0Bnm7cmSrhKHEEdXVVaZ8y8rT
