2020-09-17T10:39:01.025947140Z 0 kHacOkhRNFeG6qeGvaeAwm0DNsOwkeVVXc0HQ8aaFeQj9YkTSBLRXgKPJcPhwL
2020-09-17T10:39:01.077396561Z 1 WYepfeMcX4AGF70b9RMJrhuOi59ocMgsqUf6Bj5GHUQilVTdAPyOeV9zOz0dim
2020-09-17T10:39:01.128665298Z 2 JrHf5AJnY1oanm4UslOUWxe3ZhZa7NVIseAP6tX4A1QAYNcgFgYYXWUwftk9Co
2020-09-17T10:39:01.179682716Z 3 EYxrlual14jU7eqWCP96ErNRnzsu87PGXulLYaP1kRKTdnjTzffvkfRh2hBpfq
2020-09-17T10:39:01.231840307Z 4 zOJaSB43qLywA4Mza6yNHDb4RJyFOWWuVqwwSXIJZNb08YQjny0yWB2sdWWHjs
2020-09-17T10:39:01.283026960Z 5 aquU73OIAWwFifIHwHrZIR0KLvePrwn4d7fQPXovbSU8DrSlu1Yiji5iY4iQoY
2020-09-17T10:39:01.334311299Z 6 KxUNswIxFLtvuZBL2iu35wX18zj0iKo2VQtSdrQuDYhJLNwPg2ahziDC0Re11P
2020-09-17T10:39:01.385737858Z 7 tsOU1BbWDiaQjvTTiAgx7KXsohdNTglVxgG8FYZ14INJMiupUJy8HEi9wsLw9p
2020-09-17T10:39:01.437564051Z 8 g6JLgboejcSIz2lVTDYts6DSA4pbmsVmEMsvZDYDpu7wPGpBIFPZHOK4K2q5BU
2020-09-17T10:39:01.489056288Z 9 GvPko66O8RLoMPhYehEaP1uTARiGBXGNSs8rKhFkSWQdPIFebtsEZgbgAtE1Zc
2020-09-17T10:39:01.540642136Z 10 q4DTnz0HWY0tIpomyGx9AEVZAADrI3faDQ59EGycTO4BE167JNrt2MalcuH0H
2020-09-17T10:39:01.592008630Z 11 gSyQQOGCfnvgQL6Qg7nO6hiGyjYvRXegmOBWVnnjBgrLlXckQ8caFkfQ42YW0
2020-09-17T10:39:01.642728111Z 12 1byiPp7I7Ct4wd4x4auuvOEOu6vEvbMVmPNdI0T10mH7WCULABYw2REqFc75I
2020-09-17T10:39:01.694265198Z 13 CTgUABIeya6MlaFHOSm3ZxaPyLnMFud03YgmjAuBuvtSFYqEfb2wM4YRgu68V
2020-09-17T10:39:01.745764193Z 14 zYZqDlwl5SkWcaD6QGeZUCcuW6uiPBNYnic5wTmE5sKxfem1ENmVQGliqfCuK
2020-09-17T10:39:01.797180586Z 15 tEnccsl72BItqaYOC1W9u6qLABCgaS2IwHsFeeayYShnmEovHYBBHNdgjle3G
2020-09-17T10:39:01.848387446Z 16 jmfxNJrLLMNPxp0TcqzatHoPVEMJ0QO6uqlZj0mn6rSIaaf5wGAAWR8k3uHp9
2020-09-17T10:39:01.898885512Z 17 6pnl319EalcukgA2GzVBNxY2weU0QUXfuvBJzBqHfAl9xKEeJTpaueOopcKuU
2020-09-17T10:39:01.949965536Z 18 EzWnKjoWosG37ybK5JfM8z92ASFbaWMSGtGqaITO6j8OFpqStT5daVJkUzyLl
2020-09-17T10:39:02.001924296Z 19 mlzqmYjb0RwshsG0DzVxaC9aEsaOJFh7ITMqJh6bA31r2seb3fKTYYGVC8hUg
2020-09-17T10:39:02.053563404Z 20 vmLSPe26ESeKGZZUQAv8BlJmW47JckoJDIkj17Swuh7rsoNBTiktnA1IvnvYh
2020-09-17T10:39:02.104774523Z 21 rRLncDsDWIlNM5rNHzehAPRmkJhbe5ZP1d4T4Jfqtnx5Q7ynm6UtXQlLKeVqz
2020-09-17T10:39:02.155892951Z 22 R82NksV2xQZpMfvdVvyXEqn4WF66qcP8d5OruJi3v7Mw6oM6p5pLUJHYXlEJ5
2020-09-17T10:39:02.207537960Z 23 r7F67cj37Nllah9akWDVnopIrW5Prvbm5AvK32GtsXitajn71XSjnDdSI5bFj
2020-09-17T10:39:02.259733711Z 24 NxKa41GltkuhFCm0Zww439hfad6JcrfAn0gbrFQ69wB37M6DzB2VGFb5xJYHy
2020-09-17T10:39:02.311049198Z 25 1wy6KcWOirvEgokbbPqYdjr2wBNOMsZkXPRStAxa5BGq9dESA1ns4LY9KSdn7
2020-09-17T10:39:02.362558921Z 26 WEIZj0myJqJ5tNt90zSOuyASh7kNtW6V0lWCokSRaJmM60z7PhnHrUWbb5smu
2020-09-17T10:39:02.415859399Z 27 tX2Fh3jHn1p9fVgR41xmj6A2RzlsTyTOfoQGuDnfXBXVb897P9PvAGEVdJaG0
2020-09-17T10:39:02.465209140Z 28 lAw6cOhavccbh8m0NQ5W7vLbdhmimK8IW3FVbj6xZULNPJ3pdfuMJeh09aofD
2020-09-17T10:39:02.516970312Z 29 OnLjn8rzmsBns9SR9HljSLpbHiwBbjunEonAFvy9DpATiGSGAZmWeeQqPGQoB
2020-09-17T10:39:02.568311759Z 30 xMteK6wyhstgVLiqYBle6I6VAbZDLWex4h242pULxp5hYsYWA4IiiqDi0zXzl
2020-09-17T10:39:02.619405901Z 31 F83ABvRJBNjv5tBwLunx1HEXGBrG7sUsYuKjhgmJllOielcjBEWm6Bf9DQIua
2020-09-17T10:39:02.670343867Z 32 AruXfaYRLhoyZRx7GktqrSjQCg1HGHQeEqMOapQSKViTpokQrjIRvAYOtNHJN
2020-09-17T10:39:02.721780031Z 33 oqIX79ouecYqQKZNSi1VWWE8BRXpiv988lY5gvOKqaeIcbawyR0gQsIGqug0H
2020-09-17T10:39:02.773128879Z 34 vnV6ibiHPFSa0vMVdaEHtjh5X7wmcMtSw4DNlXkUhgJ8g2xyWxkbK1n3cqxpH
2020-09-17T10:39:02.824107550Z 35 ldeFgumfvwtXMf4D3C5cwPK8uijvtfN78KGUMHPCCk7CQv4Vr65UuGU8pXYom
2020-09-17T10:39:02.875600199Z 36 IhNZ0zCSuJSYqtlkgqYVyhUWp7EUfjDR2FGcIkrMQ9eh5eE4v9QANE9INbfiI
2020-09-17T10:39:02.926968968Z 37 VKIEFYFXs21CWTpcnpW3l5TpAwJPqjGOWUseTnIxoUMko17FywHm35C2XfK99
2020-09-17T10:39:02.978020497Z 38 JvtZGfM0OUm6tbYan26i2CSDbhrlLopBmAfspYXvBMPdJ2Me6pB7uShRQC5dZ
2020-09-17T10:39:03.029690780Z 39 uOoZJDyZYemw2jn7ZVarVk8XaJmzs66Ihm9FdfrAIdOKngPXZdo55WON45zUq
2020-09-17T10:39:03.081645536Z 40 HA9MmvlXvbREX7QNZZ3PN9qowl9rH5k8HRUyfBT7hS2EgAJHAItCaktLyZp0I
2020-09-17T10:39:03.133501093Z 41 NiJ3vxNHsL6nnfggVd65Hxv2LNaSRBGjJJSj4iwEEWsvETlC1LMUFR1maIPJu
2020-09-17T10:39:03.184051513Z 42 L9NBKGTdl3KUhry8gwx7Wy4fmQAhBW6dN2Oi5yWEwtGfuDohIMWP5in6qSwSH
2020-09-17T10:39:03.235630610Z 43 sjSrIVFIs3OfMWrEUKN4jfk1xoCxg1NIAmaLwaPfVIYdrmACiEAhOmGlOPmod
2020-09-17T10:39:03.286055905Z 44 ULhUNVnE8mfcmQQW6vjLZGin16wygn5jHryVyDWTfD13xywvskFrVaf4nxQ1K
2020-09-17T10:39:03.337889658Z 45 XqvKSX7DpLYvimbCPhqkCSgoE3xU3Urvi1z3KTyXllchS06L5LbCfiejqPOOg
2020-09-17T10:39:03.389613626Z 46 J6bQryx8U4MO7MQCZ0pvDacLXcR9uW3E1YMODF5DAoNf4mXwb81qBiBiG47K5
2020-09-17T10:39:03.440377860Z 47 Kg5KHk6LAwMCz6K9RBFL3skwm1ZSOwk7EEbIGqyHlI4iTgUPw7q2sfD4BHJA4
2020-09-17T10:39:03.491013535Z 48 iPFE0cMwi8XPzwLxpyRZfcUhHVPqyQ276JyHi80C4ZhdNV2qkt75U9gMLfR2k
2020-09-17T10:39:03.542646607Z 49 2y0kYU93HlT6GUYwArVIbzb6YwZSqjQ47DDxWFAKdsRxhjGFA8dRdCYXcK0Sf
2020-09-17T10:39:03.593895927Z 50 hkjvix9egUDeyvno2qhlixi2Y76GXIUq30ZVHTX90darU998jeZJ7rEs9zBy3
2020-09-17T10:39:03.644884961Z 51 YZhkYWrI4QBfFBRGsMyuhSzRWZjIWsLOvCC8gZRBwacfT1GX1ARwTeTDwIwmA
2020-09-17T10:39:03.696583975Z 52 HoJZ3hArSRYsikWnlys4yS32aqgxdFLEsQ9FNWv7wlSXeRkoDWHQYXwkUiWch
2020-09-17T10:39:03.748197077Z 53 bFcKNecaOxumdeJnb5OBQ80hESIWQTZx2uybNC1WLYO3BMnnAqyKcqYDA6P2r
2020-09-17T10:39:03.799203567Z 54 K2GP3B01itvnxJNx100NiDtQ1jQOU3k9sLibULMNXGzkeudqMjjBpLBvZ5syj
2020-09-17T10:39:03.850654259Z 55 hTOmoSaKyelNEQXF6ky2YenFgJW85CVAZFDHJIwtgJZxXEnnOmLuTbDfT6KUO
2020-09-17T10:39:03.901484164Z 56 EAvH5I29FliLjqWXE1vPHU84cnB3fjnVDURtCNonS80gUvllqY1BYqPCeT0H6
2020-09-17T10:39:03.952597842Z 57 Kq7CpySGuOVUKgrW54WAWSiG3NrVdZ1yT5FUrivPmX69Jrz5UhdcBzoDYcnw1
2020-09-17T10:39:04.003209247Z 58 WFUHgRd2nuD1NMHae0JzLMRfqBg06AzLQ4v5fWUEmwEzvUGRYkQTyxXSFnev5
2020-09-17T10:39:04.054223961Z 59 l9XVHPcuqcqRYHok5NfQoAuKnLo9vXmHnZKsjan3SqeCfqd9u6dmZyY67Twcb
2020-09-17T10:39:04.105673824Z 60 8NzUaVXlvJSlwokdP8HWXE1zkh7CoqMJzS3OPeJSKMH02ga51icDNI5jUUHua
2020-09-17T10:39:04.157347534Z 61 6xXHgo5LDk7OrLJzlQ2x3XqQHEewDC9rkscB2pKT5arSVntS7idOeMKetWk1P
2020-09-17T10:39:04.208181493Z 62 XO3dFc8yZwyivwg7565wDJnM215tSTxOPaHQyO76QWbFXBfx0SvjqEzRy6l5k
2020-09-17T10:39:04.259141077Z 63 gJYNT9Yv2GG5wWge2wgsEmB7nbZski13J2WwPpEQ8wXHbSG1UmbG1DjH4su0S
2020-09-17T10:39:04.310450516Z 64 pfyYup70xzbKmr6haC2dhUQSzoyo0d5ItC6T2JNBHXTAihrNeWZkOWPFZeBKa
2020-09-17T10:39:04.361177459Z 65 6T0q1Gw1EOMG2VVKsEKKasslur4RNfzYpMnXZ6OLbEUdTXCBqxntSUpCD92mC
2020-09-17T10:39:04.412602835Z 66 vPGiMqNg9HVxYkdQlGsK1DOOJ0DsWUbXs1W5NFSlkLoq55ZxDRncECt8r7y1p
2020-09-17T10:39:04.464594157Z 67 7ox2GK0oWlzRTvbJu38tkEEcjBEvkOMnWt2gjTU1S20NKmY296uwlZJQsVsdF
2020-09-17T10:39:04.515732379Z 68 7RudBFHbgeWujcshycOhqYPb2NWoEhIsmeDrrxv9ttx93JlytNu3RGmAJz0ad
2020-09-17T10:39:04.567208915Z 69 wiebR3qw1O5lcZazdprsGoVIGQrPvwHIyykL6W96T8pNqXgLifDsUec7P4CYK
2020-09-17T10:39:04.617981063Z 70 H0KzJOGOiMIOw4gjZvXFUiL7UDMBpzmQXWWVRu6FrON2lMGUAbDAW1fbThn02
2020-09-17T10:39:04.669480394Z 71 wGZpYRFZihdF3A2sDyeArpvqly1R6y5sA9X0visoQoZ4UXOP5uJFMQNz9MyUT
2020-09-17T10:39:04.720540047Z 72 B8bigyPpwzgEkkTVDtklwyS6JabsIxVF3rnYvxRiTg9dX0bGkS4PbRpno9zjq
2020-09-17T10:39:04.771123737Z 73 5rikmrDeDMeOI7eYhO8rvmzq5RfMrteEHqhDLirHYTSr6Seu2GuCj8kWVXdJl
2020-09-17T10:39:04.822614852Z 74 oqDaMs49h8bGMgewUUIIIyluQCZDgLyvbrtHSkng5iJoBgy3zBbkJ2sMqb1nt
2020-09-17T10:39:04.873481768Z 75 wxXeErKBwvammkqSfkjNpnZGkbZ07FIh8dyWAOo1GOc58A2ukZ1IJsaVgVBOh
2020-09-17T10:39:04.924975946Z 76 PZFZcXxSxJ3mOxayzBt7FwmH2GTiEzE4m4bEkZhLLusLoDamaOwllcn2SstAb
2020-09-17T10:39:04.976460453Z 77 Bo3CUlRCClk1ZW8SAT2LeOuoCle3syGwnuixGbnpGtIReBaARmfgERvdgizJK
2020-09-17T10:39:05.027516399Z 78 8NBszoiL0WzfZkDqQYVz1IwcXZe45A1L6O9tXjFH08VwUHFJxDnPZlk7rYtgc
2020-09-17T10:39:05.078888710Z 79 19cMakcLSDzwPpfn7C6jydlu4XMuRFzenGRbsRrNoTMvjMn8yyooUFi0z9akA
2020-09-17T10:39:05.130661870Z 80 P2p0RYDKe54ot75hqXQhwZpCRq3Gnxf3swvgtROaseJ63eTqYnbHuxkOvbGiC
2020-09-17T10:39:05.182113323Z 81 DdJ6SgeMxcBwso5I8EGDqXsbxdbxGXvY07l11W3QdfRkmikuyB50TEwCnOCTz
2020-09-17T10:39:05.233244887Z 82 EZRJTXZU4T92NI91SfVsCYiSz8oVMYJekkv7TLwpNZqBgE8xa9ZRoANaNGvcp
2020-09-17T10:39:05.284659505Z 83 fRxBVrzX4j95HgBn8GJiwFJeIcqHn3WvOt9yNq6C3IcuB1k0DtoLpl9RfqMYA
2020-09-17T10:39:05.336605981Z 84 1iY7VjjHVLB3fkWSZSW8CwTxiTfkCv5bZyhIHzS8DWhs5dLd3U9zUHAoE7rhn
2020-09-17T10:39:05.388735645Z 85 eiby302X8vPaxyPrPPvWj8U26WwCCmT7JcmNnXUKoyGmNhKnecfbCD31YsQxJ
2020-09-17T10:39:05.440388509Z 86 lK6AImYpTP39RqQf7DlwlEBKbjWXKjESvsAvQcuSp4pdeqYQZxhZUCjeRCDdG
2020-09-17T10:39:05.491310117Z 87 ungaDFBS6Ouwn6qEIPEOTlXhvusruJkM29i9697M3hsWKm7xT09KY6cmJkwCj
2020-09-17T10:39:05.542599278Z 88 zcdkrNKkMaNv5yS6N3NNB7HYLlqmbPJ2fo6UzFO1T6Rq5re2fCGoQHLBjRBBO
2020-09-17T10:39:05.593326207Z 89 mj1v0KfTq8EQW4IIARFcxvMDcpinzFxP04XWjJZ8tL0sJbf6mJ9zSNlPsOIJO
2020-09-17T10:39:05.644604774Z 90 z9XG2eqPI3oHUyUSVIVO7PrkWa4wEuduLHqput9yjdY5YO1df3pGuOQ398oLY
2020-09-17T10:39:05.697007638Z 91 qXZhdfeQjU2Ye1yShlOVINDvihA2rBDdBzN3n8cPDPeDsc7PGnuxBlpTIktlC
2020-09-17T10:39:05.748173060Z 92 AZ14IwPS9vAAycn4ReY52IarZuhMl0UTSYmwUILmq0usvgx0qVtQ5n2xHxKHS
2020-09-17T10:39:05.798876141Z 93 rlbGNfQTavz6JLW46dhQxU7wEoBqhkN2058rAwVVtRLjHZShrzqYgfYAGdlT0
2020-09-17T10:39:05.850491895Z 94 N2qReZ2v9wKT2FM1dQIzUevxMrc1UX4R0GQtIAHzu9GhKNhu9wNgW2UVSEN38
2020-09-17T10:39:05.901407734Z 95 UasUzMBVpEpSQM9DZflxSqJqncsX2eOYNtZHkr2wC4v2YUAs67sBSmE9qkPh3
2020-09-17T10:39:05.952713987Z 96 sq2kuuvsktOed5NBISsyyZL5iIrRnTdtedaSSR8Q3ofD1UckUcA9XABqVJ2D7
2020-09-17T10:39:06.004629372Z 97 sa2harFAkZQhiMxkQhbCcCy9jeGoNz9xQoAYFHt5psKaQxzfgqMoVsDII7qbE
2020-09-17T10:39:06.056282640Z 98 O2vugmJlDnPM9jAMF2JRldAxAbCBSkIRGdC5fIfhGVCY4Jbpg2eU1vePxhlgm
2020-09-17T10:39:06.107666013Z 99 D0Hs8guRon8cGU1aNUJWpZt7oPn400uPY2jK8rMXwGJwcz44S3nqrEYcawpuT
2020-09-17T10:39:06.159760293Z 100 FaT2ZrPd6IjPIfLTMqq8QlrHNRRFNh4MSLb6kE64P8pIqkfwy2Vw2mhjCKUZ
2020-09-17T10:39:06.211450840Z 101 4KWsxl3Y88XPIEFQYhNAszRF0qT6kLJoePqKwFIyPi1JGOlN4EZla7q4aU1a
2020-09-17T10:39:06.262697937Z 102 yx7TOrEdv7csaE15hnNP3dmzQM1BjJJav7NTTV72om2HSN0AsZF1unfxbR5I
2020-09-17T10:39:06.314332091Z 103 HgcUUFBEjOOweo6vZVrXxyt7KImJyDTa9At31PnfRBpYoHzUZSVRVF0fd7rk
2020-09-17T10:39:06.365915241Z 104 dAf3ioF2JP7V4aenp7NfJzgYvw7NfVMdgZeJDbgxsazA56W0jvgxrHpIG6KJ
2020-09-17T10:39:06.416903643Z 105 Q2OXrbkD0qeCKrdUjXxVaASdVsG8XzF1XVTKY7D60QjExm2i3x5tzpwQHzjc
2020-09-17T10:39:06.468585789Z 106 mCyXL1qdjnu3siyi06TJ99KMtU42sDFvJh3mkdzRzDFPAK4PjMQTtfJWKldR
2020-09-17T10:39:06.521021611Z 107 X4bXNafPrxCSxx99UMByXgiVDFp7ykgI7oDIkprrv2AMBcSw1Lp0PcNqRugR
2020-09-17T10:39:06.572729864Z 108 VcTuzvo948QOqY4EmAolshjFgQ5VSFhAvdTDAYUlOViuZRUrV54USkmkFGFP
2020-09-17T10:39:06.624460523Z 109 VLuy4VitGsSjur0mcIkOX5gKLdujmO2caYqFWX3MqyLKsGoaA7fDga4QL1q0
2020-09-17T10:39:06.675200104Z 110 ksX1V3PYZkZVWWfhOlGjKWBxtj3EnkGOqLiC49aoGwWQ0HzPjNdiTomBIjvn
2020-09-17T10:39:06.726738990Z 111 ekT1F2St9AwpPTsoX9vjsoFwDZ6vgq7qdbVu3CPigp6yZSbIEzTVTtMfO5Eh
2020-09-17T10:39:06.777873324Z 112 0ZG3DRQUnwa7jvcgftDvQqlT1ELTzFIQiHsHGZ5XeqMRtQ4pyEFC5M855GY0
2020-09-17T10:39:06.829821746Z 113 8n8KqAAkUeMsVRZiG6OU5Ojt0mbyrF7G8bEgfb30B7jzivoCiB9mSbNqCA9F
2020-09-17T10:39:06.881381923Z 114 nUIhPZx7PG5kYfftNOAugJuxqAtHRwKeVYsdVjFDk2kigeYVYGQL2xZVf2PR
2020-09-17T10:39:06.932746111Z 115 OB6qgBGkzeAIxrjgEcawEL3ui4MtGRirpdeni3HRZzMvlZ5D34zWKgOG5Szs
2020-09-17T10:39:06.984865238Z 116 ojEA1dhRdodCdv01qO3VxVhzyokrP5rNtrUzdFJbsBunNz7F6sFB5gWRl6HT
2020-09-17T10:39:07.036671543Z 117 Aneoi416i8REI6AiSQhkhdKwtP8XYN4zqF5tegwDaRIuRHEhxf9uqwTaEy0i
2020-09-17T10:39:07.087705971Z 118 g5fur4HInhbsw2K1PSFDc5yTre8kfMM2fcZ83cbiYV1gEfgw6e9nlFmoGyp4
2020-09-17T10:39:07.138981441Z 119 4SPp7Fz2DwZPk9PVmAAEsEPxuxCP9gNhcr9x8ACknTt7YW4vtRMKgvJvaoL0
2020-09-17T10:39:07.190191788Z 120 pVOPKejoEUZDQvMzm0dAK42VdimCGbLoIOsdEu5rypMGTpDUGFZZjcUBppRN
2020-09-17T10:39:07.241643732Z 121 KGrgklulNuWXZMukzPMDfH7NCH6v5HcKlDbkpwrpMxwFOibqB2BFsEcEUmsK
2020-09-17T10:39:07.292020254Z 122 GtxMH4L3OmYEK3ZkvDJDYQyoXxNgKKMwPkYpUxIOMNm0n89PuLRndQEmmxdf
2020-09-17T10:39:07.342835767Z 123 dydue4yYfLjVJL7H78BuxX16zadOfkSM10sRUOysFrQ2QoNq8EFeIduPVP7X
2020-09-17T10:39:07.394665203Z 124 NegZM8kortSjcW9q7oGM7mUYSMSM6ctQXFRsP4R1oI1PTBaKXaX7h4U9RVMg
2020-09-17T10:39:07.445212474Z 125 EFsefgpSPOasbgGIYv0Er3Sn7Dw0E9a36UEWIykFjuw0i7lx8bw2C6im5Ksi
2020-09-17T10:39:07.496380714Z 126 vs9cOvWbeQTRQRtU6fKllRyNPzOq6r8HyCGrtngNRDffuVL5WnJYCxA1dI0l
2020-09-17T10:39:07.547863864Z 127 z13toysRP6mmxuDi0j62mNGxRfYaFfQYU6HA89v9wrtRpaN24wGgEiprc1A4
2020-09-17T10:39:07.599179894Z 128 WmnGlgCAlF5TcI8wVW6kD61LygOOYzZJqLlA3zmx4m2o6AmSbDUlPdI8McF8
2020-09-17T10:39:07.650389728Z 129 PjaGoXbabE3fFJKcxno0CkpFVAVj9ABCWcmwU4ZboIGGPiUa5YayINoyC7hZ
2020-09-17T10:39:07.701467149Z 130 PLaF8v1Adea2R0heWd0E6u9eBpczdpN0D6YasJ1gt48gzVmleS78asUA7Re9
2020-09-17T10:39:07.752752700Z 131 QtorBoVo2JXEgBidq44T8tkdWKWDWjin3TQoZmOIgmVMzsibUSbCFRMgXX1M
2020-09-17T10:39:07.804643603Z 132 0K6XzdnIzmv9I4cYsoT2PLeU61bIBcc0HIbgtOd38LcXfrosbx2oVkm9eO1r
2020-09-17T10:39:07.855456722Z 133 zdJIQaMcVwSQ8s4kfWV3qQhjFITu1QTmJkrZGR0cPovAMAyrk20bGPjJW5Zn
2020-09-17T10:39:07.906114807Z 134 zym11J1MF1AcwYpRzz8vOndhu49KB8FzhowJFnHaa3gmJQkMJaLX1KDpc4eh
2020-09-17T10:39:07.957288311Z 135 Zky81aR9Lj2c4x3T8HdyVJBar9Gw6LpLF1lzd5DYMuifKcesTACbB7HgKSta
2020-09-17T10:39:08.008851634Z 136 EOV5syZR1gWVsmQXkihRHHM1w3Kq4ktzkODp2CkRPJJzHMd8IcvskzoWkoNF
2020-09-17T10:39:08.060504222Z 137 RrtREvpF3NXby8V0lwvau8Gi3Xr1zUWdSNPWEEMS5PNgEYwiHMI3tYe8Woap
2020-09-17T10:39:08.111346634Z 138 2FOBQtmNWpPpCwJIXNuQnFXcV9IcZdeV7F7Dh2Eh2F7DGViynTDpinVIllPV
2020-09-17T10:39:08.162861078Z 139 otRWOrCy31r0LH9xqsuHmtvzR2oHZI5jMAZZpWYkyjw4JoMpNbokv9fY9MuR
2020-09-17T10:39:08.214275292Z 140 ZyfSorKhHgmeRqpwdioSBX269uqUHayaNSSD6kUCH5LqjeLO7ykCGaK4zPlw
2020-09-17T10:39:08.265927522Z 141 E6v8SqsLJv0jMpfXXvnbdHr0GcYy5tgnOlOmiC5O1kORhfozKJy87dEqkB8A
2020-09-17T10:39:08.317789862Z 142 AX8JMKyQ72M68E6Oww6AwCGo6y1tNBQ0JSahj11yacYZO91uzpeWm0KisUsd
2020-09-17T10:39:08.369638887Z 143 ifLGIraulZE1f6Wg1e4OviuwL8g3kAkc0owQSz07n6oIuodgFDaNY2rDWYTu
2020-09-17T10:39:08.420504529Z 144 T8Z0d7LUlnQo6WUNSBaVEOzOdo7MfLYDs9cm8OYj8owgVvGjHHzvSq6puqXT
2020-09-17T10:39:08.472119607Z 145 GihWM0Ru2HGTTIbRlSMLJDJ73gOBwTZlaVg8CtouLQ25iGy3TNlwl2NHiYPz
2020-09-17T10:39:08.523163413Z 146 keWfCUX0rjIslv9IynOpm96covc9d0nZF8XPWNtVeZhyWtm8AUUHghXb2CIL
2020-09-17T10:39:08.574633281Z 147 jxGv7Rw5TJdCKBIKoPamC8xbDBhLz8MzotOOx0lE0DBfeqjPSz76ywk0jzoe
2020-09-17T10:39:08.625475278Z 148 paXEQ3mBK3do4VoQToBQlvB3pTwf8fHoLZ885vwWDEjiMJnBlf0kuNOOK64E
2020-09-17T10:39:08.676712634Z 149 hHCcrW3kLVQ6qbwFr20BXxs3c3qBdS4l2GAJDjE1LGC1f5vjR6qvaE7SY5eO
2020-09-17T10:39:08.728068097Z 150 aNLiAbYmSRBiLQGYiCTR074rh3es5eekHR4P1uXeYBWt0Ca0anQKSK2TZgae
2020-09-17T10:39:08.779680926Z 151 zVtolsX3eEBpvssEKUEjfxXmC1WqDQGMPKAjAG3RcxWK7OHLKSt1ht9CA4Pp
2020-09-17T10:39:08.830213476Z 152 SoFNdXt9RYYuFby38GqGaoifa7kAI1gllqt3XoAg1J3gxrMYdHUOmCX4rcSL
2020-09-17T10:39:08.881509392Z 153 4GvFuZ5u9k9psKjK4ndJMMzflzC0BXlxwEWV7o47fLeHgtmiOv8lX06DcYEL
2020-09-17T10:39:08.932083678Z 154 0Y6Bkmn3EVnIibyY2IWZjXv0fHcXyZtNcirdhsuvI4cowKjRWhk9TzUGHoRs
2020-09-17T10:39:08.982986011Z 155 sk7vHs84AmcAdn7pFWFaE8ziZU5xQSznum7rBBkQlFjzGTY3yKJyL4YQq8mx
2020-09-17T10:39:09.033781395Z 156 4xqfMMeCzSJrHVnWQ0xLqGrbJiYpxLSheRHeYQodPyBxaiEIury321usG5YM
2020-09-17T10:39:09.084891378Z 157 AQSIDfp2BHDwzeaOjrEo8JQFejRrqiKQQ6AZshsTp2f1mwI2qca2aweQbjML
2020-09-17T10:39:09.136408721Z 158 aqjzMVu0EheGjq1wT5j0TUGqPtYijgPP5NfsKpZGEYhXxvvYbnfNE9dI4d7D
2020-09-17T10:39:09.187386573Z 159 hjZTBmh1EZZU1iZyPYzw3g0bEZJY6oAa0d7ZuaZaFtc6ApgIv32Jx6tsJJMp
2020-09-17T10:39:09.237948699Z 160 8mL4YyxKPZcOcZ8wuNsZVGgrdW8wtMJYxrLw7Mi9KeJzpGdYeQQlVQwpZFsM
2020-09-17T10:39:09.289676141Z 161 8sE1dtRtMUztDr1kHbmkkfFyW6vWRlMu9Pj646BHUxQvtMOpAAbZA4KjPbm7
2020-09-17T10:39:09.341012146Z 162 1AiUElNNYYJKx8GPowquVLSgt1PyoZgVRtscmUWTK0JsNFEcVvFB5ggA0nBb
2020-09-17T10:39:09.392507258Z 163 ltQz088hFyqLIk7EkWVQRQ4yKgFqS20itu7yF0GjZolj4Wt67QfD7amw4zNa
2020-09-17T10:39:09.443932430Z 164 6Zox2pNcLw6zEWPfKDqszv8WN6bUSRU5rY7i5qMyICSW2Tyhes5D9T08ukDJ
2020-09-17T10:39:09.495717107Z 165 1vTDxteuHvfGfDqU5lvKKmg6UyuTM1ZQF8kl7WEaNOhxzolVl7j3J7Y8C07W
2020-09-17T10:39:09.547649479Z 166 nx6ixSpRbWOueCVzP9mQhHLQg0jMycYNddLQanWlBSHg2KvPZnuYHKNyncYj
2020-09-17T10:39:09.598117475Z 167 jAonRyHZgCNjiHixgC4oqZJDkKb5VyVa1QJZtnaLcuGDzjVEftQI7fwqiGXb
2020-09-17T10:39:09.649462247Z 168 WJdoj1mjuWPaBynF6jlmVOvjZDSC9fPwbuQbJcdTJ8PSHffF9eQVnGYZIyC4
2020-09-17T10:39:09.700239890Z 169 2Or5jMgRcUfVGT6jpYKmxL882mLrSj54zD5XhaENwLXSMLsAcFakiJdTtdD6
2020-09-17T10:39:09.751774372Z 170 hDc9ffMulubNCwwVMXgBpxHfURUhfNDmQ0JbEIJDZTP5kqY3W4thSxaq4AfW
2020-09-17T10:39:09.803307235Z 171 nI1zap9zdEEYMtozeg0ueQm05gClnb8DyTjinkCImtMlYZrAD1idv2HlMu6M
2020-09-17T10:39:09.854654527Z 172 I2D7lryCF7hpp51SIdvHARAX6BtVbTK57Yx9cJYxqjOeZPMN532Plot3jtGv
2020-09-17T10:39:09.904968482Z 173 BmmMO3mGXjVNHSeq24e2b3kp1nYBLA5wLCLbxlr9K0ARFWBUfimvLY5FUwqb
2020-09-17T10:39:09.956809636Z 174 KKwWFJQjwbXnqtLnb3oq5ksdBJGDGF5kKJShgURHYvHcvQkB1YUjdcPe0Y1m
2020-09-17T10:39:10.008467987Z 175 ombcdypRI5c5JUdDhCfcsjaECjKOdK9EioRLHJsbFlZanv6ILTAa3iXdjRxa
2020-09-17T10:39:10.059982538Z 176 a6zb6ja35x37QVyjVl4V9FMUtwVBfyAcmGzM0vRIKzDLdZT9n07dyyuZkjEp
2020-09-17T10:39:10.111797850Z 177 jqldAqF1bU7OutlKYu2FASBCJYnsxc3QaNqtewPQR0wN2vVcFlVfzbaW6hcT
2020-09-17T10:39:10.163578290Z 178 4IMuUZ6SokBo8baHG9gvfXksWnRlNo2yRLwxHDbOVYHZi4vGidstwuvpIKqb
2020-09-17T10:39:10.214226629Z 179 ubIiNOBavHHlLz9nh8PJWqRwaLPq3QB7tiG7UgqpJ3CjC4RByNiGCfUfGhON
2020-09-17T10:39:10.266110369Z 180 wit4iwW3uIngdS1tDYnydQPrWcYSOQ3hocACcKzb6Tsem72thqc3SmONS2RO
2020-09-17T10:39:10.317983362Z 181 c3xSTKgrZwW1M7wX9xTbU32fkSJuOWY3RTBQHGkaFQVETxgxjqB7Dh3yLIPV
2020-09-17T10:39:10.369012524Z 182 EeILVhs8t469gvMrgQK1Iz9svgfNbJSXleSKoPfkTpWwsfszXSrNvk8FUkYK
2020-09-17T10:39:10.421021312Z 183 Xj91DTCrbnUsMk8VWFjJdXaI3FYVR2dE3ixwuelMmmEfxGJnQ8xLLPdYqm4K
2020-09-17T10:39:10.471963784Z 184 0XV4AkYVmhcnA8P2YNsHiUSJGSVQNU7dFZgahmciTveUIcXM7Bjl0TjOPCSh
2020-09-17T10:39:10.523165404Z 185 eQSKRxlkdVU6d0qCHSgUfNGCyw8WzxhUBuVhnaI0ASrnHdhQey6knwrWIt2g
2020-09-17T10:39:10.574761990Z 186 KQwB1WhgUC59yVa5VKyGTJdLaNcdD72LXBQH3zKLN1xNO8OilC4u7sGhX94S
2020-09-17T10:39:10.626293691Z 187 AAz3FIEaGpSnR0XJW36XHikL1rmVB7oNTiCfe5jch3DNChJsml2G9JowPfRs
2020-09-17T10:39:10.676872864Z 188 lMH48A2YigWK5NlAyk3aaDhqpx8kCwWiAweySZmFvMmVAjQLrqarJkUX249U
2020-09-17T10:39:10.728124285Z 189 xtYzlzXxUAxW7t1KxoxiSRuoz9sW1Tcklz3NJZEKhwSYwUvtNyGoX1X9Q7LV
2020-09-17T10:39:10.779528936Z 190 ZQBCAwjUwKQyJ4YwzshJHVjdx6Pybs1M38N0veWSniJjPdcs7Hb5c8G9pZ8l
2020-09-17T10:39:10.831160989Z 191 YjBdSnrjbAjgo4BMPrKAOAMG4JqdPTMDODTQPkJdHs8tpjvEk3VFyF5dM67q
2020-09-17T10:39:10.882726820Z 192 YcnfnwLXY3RPrtjlvOnZxKNBs9CHdpGmfGweZ37FJ2xDW8LYq2Tk5dxCA0w2
2020-09-17T10:39:10.934567444Z 193 bykpubwIOpNuXF1yzPnfvezCIQzbeIoTlbrWDwx8hpLoJcUghCzBskhMUwYb
2020-09-17T10:39:10.985484870Z 194 Ibl3xKBNaZgkjFmG2ADa0kq2BfSS0c3NYfY5t1kmOvtf4WidSSDhlsRuxmws
2020-09-17T10:39:11.036266263Z 195 fobuDp5vhX7TBulYjjEEXXr4r2wXzxDtyn8yqFSoiBSyl7s4Puvvpw4GF3RM
2020-09-17T10:39:11.087105748Z 196 AtjbbHlmStCc18Syj3PYSBGr1g4WEjxV8pEql5I8MH7VPFF0YjMuaA1EY3gu
2020-09-17T10:39:11.138132590Z 197 ljaOWTq7M0Kqa0LDgpkTNdNhGbQj3VjiXRajKypOu63fDLUhgo0tbj5SCTrl
2020-09-17T10:39:11.188855614Z 198 wAGIKGolypuMTt3oswWbYNZubkhM4pR3KMEHPWjKK7KCHPet49xIXTMBWAm2
2020-09-17T10:39:11.240318937Z 199 TZvuGsHcY3gEbCFcSnUJ1beFahaKm8tivK5t6cBkTGlluUWTVwTKtJM5dPfq
2020-09-17T10:39:11.291324758Z 200 B439RtEksB0y6sJAq9CJhGokJvzyQleQsSkMbAtlmTzuAsny6xtpdARFFig4
2020-09-17T10:39:11.342904080Z 201 0pAdxEHDuge8DKmOeZY7uWDLj8t6aL4Q1cShtWbzyWymHveMe1L39eXTHFP5
2020-09-17T10:39:11.395134522Z 202 gBXoFYmC0fnek033aH8KcOkTrQYy8IiWffVCTzjIqf0uQhWvfhc79PyUtQa2
2020-09-17T10:39:11.446875123Z 203 Cd7aAitLgi6vkEgXHFXC0pc16Ziz9H9C7ACqI6VXMyCSKulf26Q7r81xYSUy
2020-09-17T10:39:11.498189470Z 204 KJhjMUMxUENndfRMA6oD27q7uJzwDMNa2uxehJH0xinDrTZ6Uws0UWb5wWYE
2020-09-17T10:39:11.549659298Z 205 GOMNsEKqYehMzT1j6E6a9Yeyl5Vgky0ltI1JHjkJ3zOYP7E3cXR9i4fYS1mv
2020-09-17T10:39:11.601733149Z 206 ow1nYLe3J0Y8SoHXiRpJngotOxJAeWc3w5PbbtbTMjHqD6iW1nRXb1GYX3cv
2020-09-17T10:39:11.653814886Z 207 cUUY1s6rpJSZtzjztF9J85lSN2AHfqrOG59AE7LIYD7bBH1kwWj3mwFUmQHi
2020-09-17T10:39:11.705631472Z 208 Vk6CeWYhAROjlCKU5Buo3x0sSkatulU9IrtQoiZ8dH1sSACCt7GTxxngc0Qp
2020-09-17T10:39:11.757349324Z 209 1l9fZQO7IXx71BOaJawjPiAyZmSqC3TSncuP59HDNMxZIp9Zz3X3chmO0lZ4
2020-09-17T10:39:11.808779023Z 210 e0gMLuttO0t9MYelohVK2Ng7DTwdpSxDVOBjv8WgD7Dl1jSGtipa5EJaZS68
2020-09-17T10:39:11.860218983Z 211 WckkmcHt1o4ObtpWSd0mi5BhvBdyZKCIEZ14YHaZ6YS3kr4d3sSX6gfG9ynU
2020-09-17T10:39:11.910980513Z 212 0qzDNMeAjv8KLakHaWWx4vC3v19ah487hDormtDY5X04AUl2qa9D11ySprQN
2020-09-17T10:39:11.962329595Z 213 i0FlUBRvvBN4WdJjI4YSB6jBtkVgJwIScAso6dTaSSWgFBGMeHO2jSQMdAge
2020-09-17T10:39:12.013765275Z 214 hHQxXWJagRqjTUX6P00DNdikYHBzlnwT5RoQ0CccEexrEtc2Or5PcAgfzVCz
2020-09-17T10:39:12.065562986Z 215 Qtyp9gfQQwZwZ15R9yEjv47DRbl9Iqw7vUAnyqYpWA3tcrZyiGZAx8VdkbNB
2020-09-17T10:39:12.116498581Z 216 ECJFRXH0sakLk5q6oE3wBrZG8sDpUGdze3AfYhdAReg9Tppcz5YFP4YSbJ8N
2020-09-17T10:39:12.167046025Z 217 g6NvCkWxHMAxjahRQrVV9P2ZW1ooJSGGJzXMSUIPS76aYRQ3IXDYHoh7YnOI
2020-09-17T10:39:12.218290515Z 218 wxb7nu7Mls61DXIHl1IQeDodxKXFQfHanhUiYPXRN6Lyf3MPSq2RJQ7w1VM8
2020-09-17T10:39:12.269360778Z 219 1lPK7zEGd0c1JKLGuq6TFFXmPqyAsbgHonvjXw6qKCB1lHMyUBbM7PTPGqTA
2020-09-17T10:39:12.320016240Z 220 TGgekHydN7YMLYTVheHifsGQcIogecNujzxB2F1MQdEQ6SJzmCr0jxXIL9hC
2020-09-17T10:39:12.371443618Z 221 jdxQCTjq7bZ3QWxsMCESqtkk1zrV541PTIEDshwU4oOLJDwd8sLgOawx7Dfj
2020-09-17T10:39:12.422412664Z 222 0a6rtbqwmZ629T3DnC3waAExajwlfGmWUO063Po1HIe0iUcNqWB2ENkhmZ4O
2020-09-17T10:39:12.473122856Z 223 5aNiAauayDmfQTp3uAt8jLWcX2UiNQseD2cTcTr3BIAilFeIA4fupvVCWIUG
2020-09-17T10:39:12.524597151Z 224 fuPnF3MGvYgAhlrM9PzhcyosWLaJ1oGve9vuKFxKVq7dCUnVhzh57z7fznq4
2020-09-17T10:39:12.576067683Z 225 DLGLc3znzoG6N3Ur9G0DMKxuEQH0pKQlbk2ENbvueFOiJfMtmHHSiqGjZI8l
2020-09-17T10:39:12.627259844Z 226 6X5Q60fdjMpv4LfHL1h4TzVF9zOTzsvMHfqBKunkTGdZBwDh6ZHAlxiu0SRW
2020-09-17T10:39:12.677814626Z 227 3SpE08k70b77IIvoxH956bobsjHVXuQwjHnENiXQa37myf4Kly22ArtIX451
2020-09-17T10:39:12.729480394Z 228 w5r11U36FwYKjeZClCAvBzAjS3f3FmHkerXcLkjrRFZET8AkPm6IhpsGFyLY
2020-09-17T10:39:12.779951834Z 229 zAdKE3DOihlPxdav7z87OYTE4lHq25wdGxR4r5nkj1WuhyuKSBn7kUyfB1na
2020-09-17T10:39:12.831394737Z 230 xIFxk2tQGhxFsbCskDqV857lflfsUPAFGsjk0hbE6XXDU6mJ0Xjfo6KJkDxA
2020-09-17T10:39:12.882875908Z 231 yUS3WaL8KFpJt0UTWAiKgNBg5Wdn1cnYstFLlncagWPJtvBUtGBQMoOsZs21
2020-09-17T10:39:12.933865980Z 232 J1HrqBvqqXOzIstZMQVxnGekP8vTGtJJBrkB71Xf2V7l4ass0cfjHFJkvLmB
2020-09-17T10:39:12.985561945Z 233 SFgL0lsZRtyiiV9AFHz7G8fomUoUmG3fkoH8ZrgKOshxpCUB2FWX0dPywOXg
2020-09-17T10:39:13.036295727Z 234 G7UZy3E7US2nBIWljOPff6a96LfPQFYMSNdurjNLHQzrSPTbRhj0JsIHF7Q9
2020-09-17T10:39:13.087629048Z 235 J1NrsE4GIpBRSkqWAtsLxDM5pwZuFvG2KTXZNWvb9CLMM2g6vlD1Z0lyUgM2
2020-09-17T10:39:13.139840801Z 236 LCAsar0E4I2hbPmPgvM6n7q6eV1IXkPqWALD8drFtAkNakMCgMBepaLtwOTq
2020-09-17T10:39:13.191174381Z 237 nI7weYJkwoCeWS2Vlc8EBTYRs3h49fGzACOYCziPoWmorVUKwJvcyXqKITkz
2020-09-17T10:39:13.242505387Z 238 3KFGxJ3rO0B7Mfj6TCh4ytg9BvFCJaOEccL5CqheX0M3Xwz0UQuodacuO3Jb
2020-09-17T10:39:13.294252492Z 239 EI5wz1tgQS3mdJb22zpJbmFDZUuv8ZT2KY8MFegXG62oRC85k9aWMKKMa5ka
2020-09-17T10:39:13.345224237Z 240 Tv2BlMGglfGSqtvE3czALjQpvJPTh8H6dT7YSQ1pMaFBNeRzOC6bGH2sIuGa
2020-09-17T10:39:13.396093971Z 241 O4ojdv9mE5l7tPQTKMx4VB4bw8IYQpjGrh2uKWiqOYFZUW5SliNpzUIpehnt
2020-09-17T10:39:13.447825521Z 242 ldXPJfNXkrR22JmcgIwaJt8fdI3prsuK7tIW45SPPUUyirZjLuFDgLCXti2H
2020-09-17T10:39:13.499397366Z 243 idMpul5ACI5daQzMCUOR7NLuy9s96lre7ISW8NCZ3yuQzQSDTLw4oG7rED4I
2020-09-17T10:39:13.550750579Z 244 4QPt975FgwYkSa14i9HZiCnDpZfnPJsE9uVcriVFLAxIn8VZZbCD3JBo38PC
2020-09-17T10:39:13.602713440Z 245 xAuZHzyaJcA35NRIc46fEpllsqOwBbEVMhiRJczTY4l1ZjzMzj4jSLAbgMZY
2020-09-17T10:39:13.654592823Z 246 YXvKgBjJvE4rnBhjwAtKJxRKqlgEIAhtEK6h3A102FwlVsRAV6O0lU4TUZCh
2020-09-17T10:39:13.705331244Z 247 E36eyx2FbBq9vczM6jIdC6h31YbABtA1nU6FymMi8Bgbuwhqf7VpgBg9vwMX
2020-09-17T10:39:13.756781003Z 248 UyUiVAJOKS442EaV0knQzjS0gOOgzWPD9kjguACByFI5ceZabuzwCZDQ2Pb0
2020-09-17T10:39:13.808730964Z 249 82XrnXTPmGpv6xuumgnb1L5fZYFGqBdxgzU4jWQySoY7WOK6Yd7sWxG9lA2S
2020-09-17T10:39:13.860392757Z 250 yFD6IbGBtu0BEGakyMDenaK7vfGvpLKh0y9jSDClMouxM8rm86g0Kg27nXPy
2020-09-17T10:39:13.911217411Z 251 W5z1VgYfN624N1Ai4AqRVVGBpEKAd1bU7hlf0aEn8KoApriOFQ31cQGvVpQh
2020-09-17T10:39:13.962967058Z 252 FiwsR9iAVC0d3CImWYGOqsJHmGEhv02XLmRc42maOcQTTczlcRDF6HAqZnTa
2020-09-17T10:39:14.014199533Z 253 LW4WO41RtoUOT0k4J7i79LDYtsVMMPeUsTDvP8im9O0xZIKxnx6dWSOcsUDB
2020-09-17T10:39:14.065047870Z 254 SB8YDal2ttK0ZpjmQXSSaMPtXcIo5Zk4j8qkjoCBiHgTtqNgKBQqeRHPYEYD
2020-09-17T10:39:14.116459442Z 255 5He5q7ac8Ylr8F7wIv7WmKaVt70p4XtSqMTPUArMEdPMSdjDElRl02wcEFOO
2020-09-17T10:39:14.167963826Z 256 eLiMHbOSMUrltVG3FKngLQIQx4XT2pokzGLpOJrxDmWAJWupIJ1xDGaKrC3u
2020-09-17T10:39:14.219481667Z 257 ZoJ424PC0mIvE5QlBb3itntrt8hM9w13joI4egXTyOMegkoq47aQtrabXOvJ
2020-09-17T10:39:14.270240577Z 258 6sffzELXIhmAoYK7wUXYU5oie3da3e1OxK5pshQtOmfcwnGFa1gEBidinRWF
2020-09-17T10:39:14.321397474Z 259 6TLS5wB5ZzOXDVnBUq16GW6JlGl32mveDvCowhdFpZz7dCCqfodq37pqDMlv
2020-09-17T10:39:14.373111411Z 260 6iNTldNVkSM6vXKYnzJlxjjSStc8qweFQdV69I1eztbkOekXTOYLNPioCs3p
2020-09-17T10:39:14.424647516Z 261 0qRSG8wLiulWVrGkhzFng6ATrwwgY5zSEiRDxnNsgQFuZXTBICxCCeTwGBGR
2020-09-17T10:39:14.475936483Z 262 g49zUqyqG6UzpFvyLS0epUigJ1KNR3Du2l2r2BWnisNJ6UnVeYXNDh2bXzMp
2020-09-17T10:39:14.527480122Z 263 2duhwLqDCDw1WjGotIjuvELUFuu5F9z5FTFGCRCTdbxApsgwLiw3eMeHvDf5
2020-09-17T10:39:14.578519587Z 264 fi9Y3TnM2uAlF7qRVEtuOdKogaqYaPPiLPaycxbDC9jDWxMGHnjcbtxVItvF
2020-09-17T10:39:14.631090483Z 265 491ef5gN1SDIN4rkTUnlOhWPB4HZxLYtUxsYxog5d0N3WwARBaugkbzhVVQd
2020-09-17T10:39:14.682428041Z 266 ZR2M3Zq7Re9zoskhTdZfJqyFapUKARLUUDZBuu4G2FAp1UBt6Kt79ZlRNzRh
2020-09-17T10:39:14.733620742Z 267 4jnoW754USgCqOx3WApIKJtxhnxL3LE61n1BOdO3ADDU6NC8mRXIy1Sv80nN
2020-09-17T10:39:14.785720345Z 268 2WoLHQUtX2XuQFoXL9U1U1WmVfoAFPEmEYkZeW5IluA1N7GRFBTW8zwCJGT2
2020-09-17T10:39:14.837859587Z 269 E3uh4vdGMkjx9Mfps9NfNOYUUpSWLBNVMaKnX5GnUMyMuPBiPr1c33kYhvoQ
2020-09-17T10:39:14.889042049Z 270 1cjCLfSunFA8susRkynWnZVRS43Ms3rWayDSiXeHdR8Bf4OBYnvRMIKQPJzx
2020-09-17T10:39:14.939938839Z 271 D46cd6DxEv7YngTS8nDEyS2ujgDh0Ec5uMULEWBlKuAZ8hlnnS8MzlZEkaur
2020-09-17T10:39:14.991399966Z 272 darerG9VnLvot711zd6AFUVhkhbD4AFX9LMFLZx1MgHsHnkvuf8zFLlj6w5x
2020-09-17T10:39:15.042701762Z 273 hgiiYTZ5smaSkMm1c0BQUCfjEy3qMqTdnWnymQNoUBXjaFkAWamNzjInDtWJ
2020-09-17T10:39:15.094394185Z 274 Uxt4HwgXH34ttakhbS90tBvYUKPNRUzOZ5G2jwC74VHTU38RhH2rMlBDLL3o
2020-09-17T10:39:15.145079143Z 275 kEklH6s6Cr8HoqWlxOkz4yx8JnDG9ql0Etl2Iqb583IFFIe6WbjWTMC8yHB0
2020-09-17T10:39:15.196411751Z 276 QhpgSZmYBCMubANheKckUbb08HG7BytZWldBC4Mb547QzOJcYZJZNfDQkgKD
2020-09-17T10:39:15.247762829Z 277 Uh5muQPiBBEDclpjt87oQ7SKDLmraP5SWheWMHovkK8Qv1ThUaFFXrL7ekQz
2020-09-17T10:39:15.299693997Z 278 aNShM2siacvWgw6yG48k64eMNPjHqJ5okVuHrylfWeaRL7EkS3CuzLma5fNt
2020-09-17T10:39:15.350201376Z 279 webOKYGENob2Mb3MNnzyosCNB09YJQiEoq87OHh3WjxsjTS8PZR5YK205Sz2
2020-09-17T10:39:15.400937545Z 280 YWT2X2fNF1Kqhc86hluWU0pZoYFKiuoYUosI98kiXGMu2wqISAqyiMWNlVES
2020-09-17T10:39:15.452615162Z 281 V0ia6a7akqLUQj5oYmNA3sgseKcRYqBaCvIsUoIaf7Ig0r4cj5YSYDjGTrvt
2020-09-17T10:39:15.503908875Z 282 GM6BEtT5hErghJpaqHju4iGU52UIj9DoEOZ1cG2V1qRuYDdvSPT1bItoOkuJ
2020-09-17T10:39:15.555885670Z 283 ZiER2N5i6HnQUV5nswJX8snCuwMA67WROrDKQRQK1TsAcO6VpC9BMjqEqtF5
2020-09-17T10:39:15.607304900Z 284 50iaV9L7T7nrHbHkcfM3YLqwT1pVpezthLzDtpKTurCcZaVB3giypBi9A54c
2020-09-17T10:39:15.659032997Z 285 tt0az3ATD4q6dQwLztRWGuSH7IvIAdiSaP2kRPqCC9PzETziA7bND67yX7Ln
2020-09-17T10:39:15.710145714Z 286 eQpLk4ZYVqgRcakkDDmPStokIL6kMTPqtCP2dOHyrzCmUfO9EDPMsARx8noo
2020-09-17T10:39:15.761793096Z 287 fhdYlmBKw9W4xLUh80XzzqIInBVkTU5pc0RkS0AbvhzEVR9mO09LQ1v77rVH
2020-09-17T10:39:15.813551188Z 288 RXYtI9D7G5Lu7wD5OCQVmdBdatZMy76YTFprhUNkM1uI9Cx2GBTZhPA59cv0
2020-09-17T10:39:15.863752755Z 289 Lu0bcMTpkZw9wfHFwArufv2r7IkhtDyRDHNCGsN4LnnqnQGvOqdBKsyg8b4K
2020-09-17T10:39:15.915279029Z 290 qsKyVZV816PZCJUh8qTTkhrx7RAyEwSv7CQ8s7eQUrVaP8gSXh0GXY5u5bA8
2020-09-17T10:39:15.966108379Z 291 bhb4Pxv3zxcwjcWtdlmamqv5X5omehGah3WZeqXrSrAP55USfRo3XdBuQ5o0
2020-09-17T10:39:16.017730708Z 292 0Qh47ZLxxcmEZi5qYWfXqyJYw1wGtNKf5Pd6xjYe0lV9a2XFyrSRYlV74bAA
2020-09-17T10:39:16.069431908Z 293 vG1zl0QsAVksOBZM6qSDE6Kg8X6uSwmrSLH6l8i3CmuwJAuqgUE0SD7ld3gf
2020-09-17T10:39:16.120727411Z 294 nwiit1tBahyr9rYiaOTs2vSmX3JtB9MljbCx7P9VCzxnne42bC7tLndlrHdS
2020-09-17T10:39:16.172184836Z 295 xGPh5MRhxJ0MaOzXwnHRGCeJSHWU5iYHTmMfDTYPoE95qErRHxf95DYDdeSB
2020-09-17T10:39:16.223655422Z 296 GyqMXdcVy70eHlS0V1m0yDPUmmbonmSAh8AxesbOd3y1zq6qNc9SAADxMG3i
2020-09-17T10:39:16.275042153Z 297 AS8PoSIDCtI8ZMbo5szC8ulh1HaVzsY78jNcJUnfUhDzluOrunMPoTgAkSUw
2020-09-17T10:39:16.326184951Z 298 8RrN8RMMnlyUWzqUtsxfmPlmrz0RbkJOtEPLNzSg8lQBBCbLE8VcUc0J4eX5
2020-09-17T10:39:16.377437639Z 299 TmoI6iIvmzIvcdCl8kKpGY4P3WVGAZjtSOuGx9K7R9zQowbU8b7ZKINNK4rc
2020-09-17T10:39:16.428359899Z 300 7yYOLSD12lPmXoDjHaoUvGhw8Hbl2BTOxj5BHOiUpPHkLlDJeBY5CyZG8Nm8
2020-09-17T10:39:16.479316201Z 301 zWBi4mMVJZ1G8YAMLDI0tMr3pEM6i7E0cNcGP68b3iusmkWRfstxjGlu60Wg
2020-09-17T10:39:16.529795139Z 302 2b7bNU7qxJXflHY2LLTFgs8WuqDiy6dofa8utCAm3XRfLjrBBYOp0qbrGhRk
2020-09-17T10:39:16.581084743Z 303 tn3uF7eKaxFgA8LFszeACM0cmLitcCZdg572n3WAzzGYsja3o7j4Ae4Tiy0E
2020-09-17T10:39:16.631896445Z 304 Zrk6yfPRIjoyQlC9J5LEVuLHwZubQl5hzQWtwQt747qEY5uSlhJ4ntrSfHLw
2020-09-17T10:39:16.683661802Z 305 evVIoqVEYWawQn8sTJyX67t5vKMXSE0ri5UnbYDXu0Y7VpxJNs1KTMK436AX
2020-09-17T10:39:16.735490817Z 306 uqhJNbMJdMVZRA1A2aog0Xy2oiFe4wonMgLmziUAaqQYXywzvG6AjjhbrGXY
2020-09-17T10:39:16.786004178Z 307 RMkJCoPoJ6Ed2dSyA3kQjqiho8kGtV5HxGIsxrt9TEM4hiLvYe7TIpTjviaU
2020-09-17T10:39:16.837328234Z 308 cfZ4fxv9F93hPTwoHDp5gD60HHLNcArXOR4mNDYnoqzlyPsox8m2QzAFwxlG
2020-09-17T10:39:16.888123988Z 309 447ir9VRxcfNT3zxnFgmUbY18I9nf8bwmedNoZBG6fqGSSZCGMTTvIZrXTgi
2020-09-17T10:39:16.939495985Z 310 w5ccHnEob8923H30vo0ks2eIogXmo89VNFqyM3pM1yOvBfZDfqiEYjE3ZwLK
2020-09-17T10:39:16.990554383Z 311 dAovNyZYNWeEvzj6hREBV3TlPNtVsjAVBLjEFHG2nRHSzixWcR6fj9NUNjyI
2020-09-17T10:39:17.042604088Z 312 tx4PDIqwoirkD1WXNFvgjsdmA5eg3xgErj3DjQR0Upl2WSxnplEKVLlZdk5f
2020-09-17T10:39:17.093297920Z 313 n2FTMU42W0veOgOurkkbY6RAQyCuMR6o6CFQTbUHt2q7ssiO1bCxySIPcrnc
2020-09-17T10:39:17.144633331Z 314 BnMIdzWbapysLyYMDKjXgv2gpLAu5RuUUt0WPt11box6zluRPfTe5fgtfL65
2020-09-17T10:39:17.195092697Z 315 62Ov3gcIRW9dlyde0wTVSaVwyEpzAtBKT4WE8JoYVOE2DR8WSlDPbgbCASTp
2020-09-17T10:39:17.246134146Z 316 E0TPIG5SgMXUFhRcipyFZYZS030fvEsVi3wlDoEpQ280jdBgnLkHYgnwZKU4
2020-09-17T10:39:17.297766115Z 317 sKTut2QSRl1v22kXE2obHgFJQrzpwWiYVMz44gGWjd97rEuAp2jduxoSU6Rz
2020-09-17T10:39:17.349671861Z 318 IQbpaaH6ymDOqWCi8HafzXBVDg5lkdwn2HE3slzNgui3zZbJuBhxtgHzFkou
2020-09-17T10:39:17.401410338Z 319 f8MvkewWYsCE9UzCzwqSjmR10pKIMr3pCimospTltQLa8sBpNnBKsFvnni4N
2020-09-17T10:39:17.452191415Z 320 b9JOVsj2LtFKGBkOzj7kp71C8FkbDo6K5wkJ7q2dbIY156YOWdEhjp2Vtjdm
2020-09-17T10:39:17.503004712Z 321 oXuz99WtTGKytArDwBRky318gbgiFPQVQl31rB8IczOBz1YCDoYK1vRaFaEU
2020-09-17T10:39:17.554374320Z 322 MJAd9fZcw1fIB485tV1KFV017ariNsDNeqxcq7VC29MQqMkuzPcfS22Aq1UQ
2020-09-17T10:39:17.604853804Z 323 WvY4AtSR9bKW7PMNVC7DFrNvGC3FsmGsSeN8CQi8w3KnWvvHErebdxtJB7nd
2020-09-17T10:39:17.656508475Z 324 90qsgU9nNgyenQm5KlOr078bc52SGK62xQwUYlNwPvBiZL1k7Dmm1qdOwbkn
2020-09-17T10:39:17.707472393Z 325 52LJ481yWBmVzaLSbxWAkV7NbmJFKZ7EY9mmnVCs2XwM8gedd8hC9b6JU8Bm
2020-09-17T10:39:17.758534388Z 326 WjEqQrn9s7uTYpDh7c4jWEmq7CwQEiMwF6E2Y7uroYBoZwJzyQCwde9AFwUq
2020-09-17T10:39:17.808936355Z 327 ozZTSFnrgjzN9Y0R62KuvUixxxud5ZFVTIM2oGr0eIKrNqreSdmaO7k3cBSe
2020-09-17T10:39:17.860669824Z 328 JFBQoX351hoqgxI8gZzJxMIGbETam1rBgPPEbV5jBp2vYXcykpK9Ty3zp5FN
2020-09-17T10:39:17.911819368Z 329 vkhtXn5aATZmTiT7AN5yJ5eUrOnJq4IJDlcIKDaRJ7yBZmwbZOb12dpQqPde
2020-09-17T10:39:17.963765186Z 330 rHu8KvjYeOaVtJGdJQPjnhRU205025ravhDwKa7YF4SFdfpS5JzzmVKqk0a1
2020-09-17T10:39:18.015281685Z 331 nueDE93gZsJgL0nRpBfCwU6TpnzmJD4tJ0vHzvyyDRUirGjFxavAmrx27czd
2020-09-17T10:39:18.066532181Z 332 Ry3LrzOLKLj4z4VKPwSsGsl2PAttABnSfttnF3hMbjAKiBwdvgB2cWDgI9QI
2020-09-17T10:39:18.117583784Z 333 E1rtejHUPo4TB9PmeYcmZSortioduONmJ3ssKAmB69hABMpcgG5EB58ergCi
2020-09-17T10:39:18.169215402Z 334 NwUmZ5wPrZoeh5neSK46EdSvN6sSI9RDWsYt4wa3Sw1tolRKgldgnLrMfxdV
2020-09-17T10:39:18.220408008Z 335 nBIfCMKy1Czklc8G3ORBXBlrA11fX1A9N9rbYbpzsAgeng5Hs0ZXQLmkEIJj
2020-09-17T10:39:18.271191923Z 336 Ei6eFVE05v6seMZefr8Ms5viYOMktGzcQ3951rLNfI6X5KJHc4OWdsQC1IoC
2020-09-17T10:39:18.323087035Z 337 vepQ9Gn0HNetH6bjT59WbZ29PM78F2g0bkrvXNKztvF4SE1uyX2D4YjRejk6
2020-09-17T10:39:18.374842360Z 338 3Bdn7BAA1BST6jj8e7kB0dRKq2ia1rA1ASvDAyH0qXf3xgxBMlsPzdzrzddi
2020-09-17T10:39:18.426565237Z 339 u1HLodnyfeQwPDqyCgfIqa2V1B0p3l8ZGJjqNivBCLYzwuhX0Bded0u75w94
2020-09-17T10:39:18.478480048Z 340 96KekIhcN757adsicvPsACQ3WAgVRDvZnlgD8Lg5397rIlhilfLdNLO9LHXl
2020-09-17T10:39:18.529550189Z 341 ztPJfX9ZWPEXiPzNEnqfSXIMCYVN9m3y1dAYd5anNFqfuWcHmmbMjB7mPqcR
2020-09-17T10:39:18.581245972Z 342 SjimUr5rWhQUEk7q8kdpAS4OtZZfnuRc57Bs8v3JZRUpnlOMPbzu4ZaFb1qL
2020-09-17T10:39:18.632679093Z 343 ohnn9xtjV2b13YNPp08u0sKy05uhq7XigjDLDteZHxvX2kV1RXWO7FdUc6FL
2020-09-17T10:39:18.684924856Z 344 VZRWKjIszRsjLVw9qXJhPLeIlUyf5tGWcRGDxWyVN34VgvDCRMGhg2OIlGfz
2020-09-17T10:39:18.736139846Z 345 85MGSTxDTxFZJYY2fCIGqEyt0GIWyScXwXpF0N2iW9Y60LNqn3fdQqsJYaZp
2020-09-17T10:39:18.787234738Z 346 jGXvIRw0fYzhIX7A0yopvPrGFsjsdSve6Es3sYGym1Zhi1wkpCjbmZ7JIPuA
2020-09-17T10:39:18.838208571Z 347 g5rDnydHoDO9eOTfX8AzRbaVY9sPSUrDi0ObA2hwuqvPwygDbxPszYyxlwUo
2020-09-17T10:39:18.889762530Z 348 tgzD9wHIYAv9YbsvvCKK62KEiqSufJceRYf0DluhRNSMwjUs0UvD09zLfPT8
2020-09-17T10:39:18.941248450Z 349 MRAKZACEaPxeFy2G4Io61vF4efpAXzbTaaLOgmacFudExh5u8NaehL0fF9z9
2020-09-17T10:39:18.992602591Z 350 jFQ9VXxLwrYoH2cK1LHQaoRGAlMy8pYi9KC0ei7pk1QHvTxaNNFS4IpTQIoE
2020-09-17T10:39:19.042849914Z 351 slgBUZln6YajFfb5g8cLfsGjTCdDfqSdS2cpRe7Tn0ztd67k7ieiML2QVyxt
2020-09-17T10:39:19.093973711Z 352 BOPsqYga7xpYKfoMQea1SGp6f0D6g8a51s6ukTGFZzRl6gvo27tbbsecoKdW
2020-09-17T10:39:19.145455977Z 353 odAgwf3B6hbLbchcJsE2b1VUUhjvexuuYkQ22k32JQ2ZLuF1uCM2tBJu5FA3
2020-09-17T10:39:19.196778628Z 354 Zs4rMrANxLZdNP6Z8Khn2WzhrolbutnktfKiRhQ6jEsKwiFGtY3q8okc3rp2
2020-09-17T10:39:19.248459677Z 355 XpDwpYe7559RVkoXlDxgNNEfQwQ8IglWz14ebnEZdnbrGwMaEndH2x6K5IIk
2020-09-17T10:39:19.299656399Z 356 2EMVEkQ26xKhS9FMamZVcTMlrREnFlvCKFMMjjbkzL78CVNUwyMyCJCM43l6
2020-09-17T10:39:19.351135597Z 357 i91J5ffjugeHHuOOruhSEZxjk73PsxgCQID6ow3bwbMjaN7TwjPP3gd1W1nQ
2020-09-17T10:39:19.402374646Z 358 yI9fnzoi4rXl9phtA0bnfy7iD6OLzO3G5mDqiL0KvsLIpMIzL25YWac5posz
2020-09-17T10:39:19.453778709Z 359 5s8SximTsPQxiGADXiRIKoE7O7TC5Fu5j4iT83oH0TomXKOtMTgtrDb6WZl7
2020-09-17T10:39:19.505117564Z 360 lsXWHgxNzHJiIYdI5A7XFasyI1mr0SnP1vLIkuFEr3uUkm5LyOlmhDdQIH8g
2020-09-17T10:39:19.555737141Z 361 xrtDm19M7f5UhCYgdLwcu8G5wXDJvlb0wIfqQRNj47SLp0erRQ1iGjWaXdUd
2020-09-17T10:39:19.607178629Z 362 CsfUmBQViO7ykFbLKajN9BaRunQFNK8P0JKhRnCaH83RqFOFnEsd9DhBDmCB
2020-09-17T10:39:19.658083298Z 363 4EQt7BdgIv7KhAqcgNTcMxqlG3nhgrz1XG1jLnXcoFEWzCSDEUraDKBxmvwx
2020-09-17T10:39:19.708869173Z 364 330eNDScGJeRFirrFYQW2xDHLrj5GFZlIM5jtXgmOYgwVlEH99NXVKn1hAXD
2020-09-17T10:39:19.759873452Z 365 wPeQUqHkUPMbCcUp19c2l7dDTyyBpmAfdUNmIJk0YDe6GCDf9fgXWtoLnqe9
2020-09-17T10:39:19.811374522Z 366 h7RavFGNaQbwjzsidGzTUUDgVWmGqyZVxDI0wJhfsO4qKnyKLcXLZKgbgoH4
2020-09-17T10:39:19.862354555Z 367 N84ySpxAQNGQj91WCoHIfwNBap1SmjjiFxBdDKb3Z35KyqrQyZk9bclFkMBL
2020-09-17T10:39:19.913691447Z 368 VlBYmZHrbEbepSLnXSjTOryy5IVuiuz25N98XYNxV2VzjwDGMHJYK640kRjX
2020-09-17T10:39:19.965193071Z 369 udmDs4aGeE9SZVaGmiMzeCCDNrULOXVTedytal22Lem7Yo3AHHxbRd4vnLRP
2020-09-17T10:39:20.016612735Z 370 iScA9RnVSnKDuYSEn5LfdPHSmUMQuakdyXydUjYsQDv8ur2bnknYwCArUQEz
2020-09-17T10:39:20.068837005Z 371 Smg0kmKV5xJ0pMDoqz35nTVKSpwI0f0bQbGsWxGRl0y778QoKooQmE1aDuu3
2020-09-17T10:39:20.120621084Z 372 hrBgjdaV6wRoddf5XjPMmUe36NpKDEhpLBnMJ6QF1cCczl0URGFBp2lhFNwa
2020-09-17T10:39:20.172107764Z 373 KJsZm4zz3lLkEwU8Fz8OwgdiqVFbRdeqxoa0AqAugnKY76xZ9lCtoTHzY8Ul
2020-09-17T10:39:20.223318772Z 374 fG3GP8AAQrqijBZ9I5DLWm7OwAiaedubALp9zMVpCRAIazhjpc2HxNsxe790
2020-09-17T10:39:20.275265435Z 375 TZT27znJKjOhF5aLRTGPt7D5TYo1mqKLvYHlg1W6Jti2ms4DwB83ymcJBDGs
2020-09-17T10:39:20.325781827Z 376 UJrjujikYALiOgCQwcEShIP2cB1RcPgjkIT4gqJwLZQCuqdeegqXX9aFvx4v
2020-09-17T10:39:20.376828310Z 377 Gxu2exGg4j1zVHTYO9tvwx0wKRR2XXZ1r698tUN1eFsKdiEAmNuRJdd4jY5t
2020-09-17T10:39:20.429501406Z 378 cJO94VHiInpLhPLkjyUIxB9jUbA5aCKNBeKw0uarzYl69pXSgAc1qQ49mkqp
2020-09-17T10:39:20.481628897Z 379 9oYzLq0emRR3FFoVaii3N1RPKuqLeZiZeKaQk98PjujRzFDW6l6qBT6JMuCQ
2020-09-17T10:39:20.532504030Z 380 gVw6S6Z4OJIt6QDjkkd4EPOfgk3u7t8VRbTiEDaaHKGuCtCmO50wkMEVnii9
2020-09-17T10:39:20.583743602Z 381 JHT16dNY5T20rW3NSTBR6QSQWYz0lErwLVt4jV4SvGAlv1qEGXhA6XprfdfX
2020-09-17T10:39:20.635467626Z 382 GVC6nNnXNkCmh90NV6b8qoiNChzh8EjJTXJVD1Bn73s3KwSUOgh1NmsvlWVs
2020-09-17T10:39:20.686210901Z 383 ZWEGEPOOxIdPjU6bx7jcEh2CdzN8ebQTuXF080Oh284FnzlUbKMlnsFWCSjj
2020-09-17T10:39:20.736941750Z 384 y9hf7h3g9YRxRLxweTTYWSO99Zsqj0wihnbEGWgQUM2Swp5ogK5tFystAIuw
2020-09-17T10:39:20.787810729Z 385 ybLM4PRTOUDJ4x2NHo1WgFNKu6NcBzSyV9ZZpSUMPph9iEoiitgKlF4EAm9E
2020-09-17T10:39:20.839129576Z 386 JI9e8K9PKKRwSkTMaaPRs0zFK17NHwoutumozgYwuZt9R6L8liMbtsZJYgcs
2020-09-17T10:39:20.890848923Z 387 UklbukKRO5MNR0PJfVdAOvsCgRXP4nStmLcEjseUhEs8T1eKPeuWr5J3l5zn
2020-09-17T10:39:20.942685536Z 388 T8PYv20FuHLr2a9M3sgEqFUzPmehiZyWTPFp1MoxDu9XGYYth9CaV4unmb6f
2020-09-17T10:39:20.994733799Z 389 IWRxuQad2MOgh8cki4wGJarCcRQ9VB4ZCn4gUEVUL0srTNsqHojIViNlEbgi
2020-09-17T10:39:21.046302314Z 390 iP5RaEV4hx205WIeg5H1CheXmpMiDgeBh3XwrvexfaxIJ8B5KKhLwcLRHJvh
2020-09-17T10:39:21.098018666Z 391 lEnvPPyqu75YB2vvGludqg2R0iuAyAm9eTID5vwHc8lPYqG4KbRzyBIXiMi7
2020-09-17T10:39:21.149078170Z 392 3u0ItwdvtaNQrBdHf4knpkDdZrSPvxDROiW7e9GW9QTHbyTZQSvzt2ZUnsEg
2020-09-17T10:39:21.200764724Z 393 s4AGdFfJrmeUWrwpTu3DpxWg2MVNcJxfntlKCmrSje4HxMEmmQsEJ9FJM2Sw
2020-09-17T10:39:21.252491547Z 394 huesCowWs1dHzYg8ouMCYCM5UhACXrJ6QOuVbmEY5nutM4hE3Lp8MSXCExqg
2020-09-17T10:39:21.303171295Z 395 Nc0D9wENebhz22Ez8wgxgKL12QBQc23LVdJl6kSv9loMtphemhK6riwHFwKJ
2020-09-17T10:39:21.354316309Z 396 aI4dbfuP2GUtscQOYYbw4575lXpadpnzGfDGKzdwyJYeysCqxROsZ9K7tTF2
2020-09-17T10:39:21.405649538Z 397 tFY1IOu1SAVMAmYpDJzSP6ixQh6CxGJaOXAqnYYu8h8e4KYbb84XnXP30MN6
2020-09-17T10:39:21.457096575Z 398 eQwQkMhH0MtE2k2Bx1JBiN040HfAPBIrnircJ7awc8YTXq0Axuxq1mHxNG1K
2020-09-17T10:39:21.508417600Z 399 Npcwznk6qo6KrrX8iouqiPOXJTCR3FuV7bqrOmdRQU1I1iX2kYEAHJSSadGg
2020-09-17T10:39:21.560915843Z 400 AkylB4gaUpRCmlpyC7UnHo5F6Px9TYdfSiFJM2lxX3tzTxEeBhqfKxRAI19l
2020-09-17T10:39:21.612700861Z 401 L4ZbsB8HffA3WZSJWQXbLx2mGba6ApZcclBzcmh8ToWr08r5q3FIlrTxbKkc
2020-09-17T10:39:21.663770374Z 402 sH0Oqdkw8Ep1NobEu98f5olC6CALFU3yC1x7tiBym4nH6UxZe69ct5rK1OnI
2020-09-17T10:39:21.715342530Z 403 lhBVPwr3P9vGg7expdkFOnh08q6atGdpzlGqhKWzmE74AaOyQvHTm9xLSpCq
2020-09-17T10:39:21.766772799Z 404 DoRB9XMtI4DLji5Q2JbwOftQYJKEaGvgwXRLCZfvJ9Ofs7EccNSowdCJ8S7Y
2020-09-17T10:39:21.818375592Z 405 MP5Yt70kyjjYBI0xR9IOoRS4BbRNV2qPXyxGT8TGK1ftPNGjhPYSkIcSeBAY
2020-09-17T10:39:21.869528776Z 406 ROYirt8Jbn4spZESQgW1sy8Ouoybj6wXj6cucpiNvF9owU64CE9rJWS6lU66
2020-09-17T10:39:21.919732802Z 407 tGj3EJqQ6R3a7LwMmkjUMHRZwnPIzsfeTpSPiR6x0dX3AbSwhGMjETxlIi2O
2020-09-17T10:39:21.971727860Z 408 jFJBeP4a3SqSURiown72HaGlNZobGWJW2oI1myjQ999Sryki69xQh5XkbaJx
2020-09-17T10:39:22.022515875Z 409 NxZmgGpE1pPimiCuPf8KtWN8DzFZWYYkKo7hmBe9ZicHbbnv3ujB2UPZZwwl
2020-09-17T10:39:22.073412904Z 410 gQNFGvVKiYrnyfoamTK5YKwvNFuw9mByZvOSuu4RLbMDnQGdsBHyzO7e4nQ5
2020-09-17T10:39:22.123857072Z 411 VUhIChJpeiIysqd9ObzvUvTKrRnUgAKXKztWBv5fpA5SJiaQ4xkeW2pQ6uLA
2020-09-17T10:39:22.175711920Z 412 MNwdPSDiml2KH5CQkcyu9LCFcXyiJU14ALrSlh7aBzHIJD4pb6bqF8ihOq5R
2020-09-17T10:39:22.227204679Z 413 XPHvECElRwa8NRkJwMSPYYEKKbVGvXD7vBXbHDJh6i6vtfl7ZpwrydiSA371
2020-09-17T10:39:22.277776404Z 414 KFIeaLlWMoNVplgG47CA9QBFqgElRZTowlPgjbUcrOpTJoe5JigqqYbq4MeO
2020-09-17T10:39:22.329303143Z 415 HbQwBZvFfW5iZiLKCAaiQIdO6SqHmzcX3Ngc0cy5DU7EHeUtnIxVEJlbI5gL
2020-09-17T10:39:22.380666149Z 416 EvO5rHZ5PCRdzkRGceZdYFBKaa1NQVzgL1TYHYmMNcAMUKysWzTza0cc4COe
2020-09-17T10:39:22.431902508Z 417 SIMBKtj5Zgml0P2TFue24jWgN92OYUQJctPjj51fPGqm9KmzQ3B8xiRRS91D
2020-09-17T10:39:22.483477688Z 418 q7CglhFGxjLV1QOVRgUy4fgfxemMdljMRExH1LW8y7T0UVQYHlVSMiu3TdBv
2020-09-17T10:39:22.534635354Z 419 J72FXafrU2YDzyXyITpPKJyAwdlnSnP6EnTKc6HkXunVjstmZYpyh4EBHdcn
2020-09-17T10:39:22.586266863Z 420 z299gsT1QGFRw7zs8QIm5cjupyuLsbj84xCQiu0ofSo9Tlhmqc1lpRHNX879
2020-09-17T10:39:22.637667641Z 421 g61mJ2xLoCxuESqfkDJ00bXMSEUVR0AY92GFURpOPQHSWDu0QpI8oT9bvvts
2020-09-17T10:39:22.688774794Z 422 r7oIuAikKk60TpzfLCUaUscuQaAmfnE68e7xYhBvT1dyTsVw85laah5bbXES
2020-09-17T10:39:22.740071629Z 423 9P8tIOa9yVP4S3oRusJ3l7v379gEy9Sy21OzojIGXdKKPw6adGFXtJBuVKCk
2020-09-17T10:39:22.791366511Z 424 4VqHIG0J8iPgjYpk1kyZsXAFWUTQiOa9Nd6ZywPwvgyuWd1EIuQo5v4MsdCw
2020-09-17T10:39:22.842662429Z 425 0mZm2kEDyEw5zCZc5vfKpNg8efVdWgFx3i6hdYloCCEluEpLu3cwKVQ4dVuw
2020-09-17T10:39:22.894135266Z 426 5QSYz7jvNguozMsf94Pvzt5ZB1NcXbenysz2wX5wzTchpPmCqfmoNzgKzjRM
2020-09-17T10:39:22.945102060Z 427 BRWspK00AtkhLo9lHJyChoBdPaa9ECwaGU7gR1dY8hSzUqfs5udn4U0EaWGh
2020-09-17T10:39:22.996287538Z 428 rmIiui95GhZTwocdmHePlaDodLnI22ZLKmioWmIR8YQ2TGPnyHeVJAaq2Yir
2020-09-17T10:39:23.046758054Z 429 br5kMdkNKS4aTtS3xNZXAj7sAbP5fDM73nvtEDPYNqFjcocIQRKGr3fuvofg
2020-09-17T10:39:23.097959898Z 430 qtFSpbdVf7BhBhkRIlFrTAWbBdj2s1EWqM4X9QGv7Do5KEMt0qbctHKcnKpz
2020-09-17T10:39:23.149615921Z 431 k2pGOMAFYd2bjwzraqkCm4KpiGERnOdU0tKN2atEwIGx9aIvzknttXbCrUfU
2020-09-17T10:39:23.201158770Z 432 YhN5cNKy86sNowYOR9lgyrzXHm0tS6c6zldMr8lVsWAUq5MNHyheA4SsmxAU
2020-09-17T10:39:23.252274890Z 433 mlq9rx6TMO3s3k6YfjkZKCG9Mar7OfmAIp3r0cKzcMjMA6ZwJ1L0hMo48wSk
2020-09-17T10:39:23.302663156Z 434 yrHxgzdxfQLk9KO0xrEXHffXHZ81omtvyBncr4ZFDZhbNdttCIYnKjHMZBeu
2020-09-17T10:39:23.354654295Z 435 ixqOJzEiZ6lqrhtEOK5IRq3GRRBfozvDo26FjToywylhpoWuNSvPOlR10auT
2020-09-17T10:39:23.406075586Z 436 pNtXcsyCzEMITgnnfz8DdRw8VXsZEQSO5RuVTCtCqTsW4VzXaAshObUpWIrb
2020-09-17T10:39:23.456953205Z 437 t4mnpa5JEs5jA1jS5TY20zoiVS2fyqCC5k9dsT6F6Gp2zLLGOfVd2JhyfCCL
2020-09-17T10:39:23.508264278Z 438 GtAEVUIAhB4raOam0NqCTpP5BVKwvA1B16InQyK4kln4eLAq1m4OrdPwQQJ0
2020-09-17T10:39:23.558655420Z 439 zsQt37qEbkEAabfgBfdhW5QZwPxakefGSSJ54LFVXkMS5d6E8SVLNnrMUC1F
2020-09-17T10:39:23.610338818Z 440 Oz0JsjKkictH2LjeIvSKhLPqsATMOADhwYDqcVWWYPvRwR4gc5vJJcg0BrUB
2020-09-17T10:39:23.660939826Z 441 pefJGHNnOCRY5EchUNfj32D6vNhrz3xvwFdj1khXaEGHbldG75BAn1czHoxY
2020-09-17T10:39:23.712425822Z 442 OjQi5flAw0kGXPgLnjdkiWV5P6P2gWcle5cMXHmbBWnGVHcOppLdhOg20eTL
2020-09-17T10:39:23.763917718Z 443 7MLJytix0SdrQpMOHlJxAkriI7iTMSECHdsE5Wrhrsei5Sn55KzgX3g62vAR
2020-09-17T10:39:23.815146610Z 444 ZcUXeMpLzbs8GCUtKrSOHX0U11Rj4WRsvEsV0md42KYBHffE5cqH6iuYTzzV
2020-09-17T10:39:23.866431471Z 445 TGmiZh0e5191VgmfDv9uKzPGCKKTEKJm1jFlBJlLFsnpuYc7QRgnXFUZoUMg
2020-09-17T10:39:23.917867645Z 446 3HYzI5pqJK9tIgTKl8uPrGvBVOU0GHDhw5B5PNvcPkGpVgW73zItMV0kA2zQ
2020-09-17T10:39:23.969629740Z 447 UI915dOYq096b61jxQ5zXveffQarhiWXvqvDccnI6VMpltpQem17xhaVfC6O
2020-09-17T10:39:24.021273032Z 448 bEPMXVogvweTTwODdSZsSB1blYkfe9Sco8vUA8qABU7IyJ2ALl9WBRcl8vdL
2020-09-17T10:39:24.072508975Z 449 sMv2n8wwbgUCzhVbEG6TlXDOks4pCg1XXSCzrSy9iZZ7GvMqjdWCwMc973M1
2020-09-17T10:39:24.124826471Z 450 tJLrafdFegL7INg4pTxOSjrZBiYAMcYQhqelOgnUZ8BEp9ixGelVlzSZDF7C
2020-09-17T10:39:24.176383392Z 451 4alckS9Na31CAUqhGR7zz3KCagf4EbRQCXmfiz6CQSJXi2KyVP5Crn9cQQRW
2020-09-17T10:39:24.227101964Z 452 ElWFTCdq4PqXxIXg4K8n4bW1wvfsN13hh9M6t8M2aZkbN7h7ZMFpik6sMpFO
2020-09-17T10:39:24.278375798Z 453 rH0AYc79XJ3o7XjCsw8Cht5X3qODsrqEUgiSgcnrvtjFGVASIZejSmCW6fD9
2020-09-17T10:39:24.329055221Z 454 370LweodnifyFLOYqlsRpel3Mb0YnWj8k7AB5PnRGFAIAVYMYyktIb8wiIr3
2020-09-17T10:39:24.380781900Z 455 CCmBSrjszNuDhINRauzJ56rt28n4Sg5Z4FZ7cLvqTiadYWt7EPFLl2wrcMTZ
2020-09-17T10:39:24.432855173Z 456 Wxdv26TgIzvu6pT3VL6LCudXy8Bfqncnhfb8jPQJoifOTstU2BsvngKWWvAR
2020-09-17T10:39:24.484251994Z 457 ft5t4Xh3pxDB8OOd0WBTA4hKGkx3i1mK5gsxunF3dVyqCVRsb0yul3scKl3A
2020-09-17T10:39:24.534993015Z 458 qd2qVkzgIZRBERxxVP3WwUXAzgWCIP3p0v2xZ0zERvT9Dn6eCU36Mi58EJht
2020-09-17T10:39:24.586196843Z 459 66OQLhKRFyqqcW1qJZvRixBOnvCBpcyXDfPfK6Wg6QeRbpLFaMBVLLsc2oSs
2020-09-17T10:39:24.637030795Z 460 2T61KUmTB6szfCprLDw01VDRkLtGAfPZfaN1OsSmxaqaI9fm0d20FZHbZTHX
2020-09-17T10:39:24.688400330Z 461 SFbaQs50q7Almu2jctk4gmisTlcRWiO0lW3WRubCqYT64WgG4umTJHtmrttp
2020-09-17T10:39:24.738925490Z 462 5VYo17H7SmJ1tAdUHB6WRSrlE3ouH6sML9JOELAVeG4jxNG0ywDLr0kccOGw
2020-09-17T10:39:24.790914527Z 463 eyZHTUzzj0Uuz8u2D7AHA5jqpTR6Ib0fusyZHn5zHFGzOvoLwvIuSBbVhzbE
2020-09-17T10:39:24.842676844Z 464 Har6C6mwKh9KqHHlZBUMzdhyjtu8vj5YN5TPWXppUqQZsg4RVNW4LSAUhIxT
2020-09-17T10:39:24.894414190Z 465 1Qjp3vbX5tngGB5APdhbvrgQNsitV9sI3v8aWaRjVeQbpGCh1OT4E0x7fsuD
2020-09-17T10:39:24.945729172Z 466 I9wPovw0UYNuKVefalTY33xOXYIVYmhY5lw5Iju7HohVdXMvZqaFfOG81Xzo
2020-09-17T10:39:24.997946603Z 467 qMgOKQ1OOuLHvc5eVVVGOje9dib9rRquCARGTeBGsRRy64t0jMxf5Rr2xJVa
2020-09-17T10:39:25.049441308Z 468 oImLm9qHyZaqJ60HB7nGaxoPmFNminQ6h0aVIKgzmRGYmfQWYKrE9JLyNlTs
2020-09-17T10:39:25.100223564Z 469 s7E0Eu8d9LsxuVTFkJlLjR28cAosnyIjmDMiI8V9bacn40oN7n68P3hAJl7y
2020-09-17T10:39:25.151544276Z 470 7TMAlRYue1PUuN9XVeyFY9KMkhQoTgDxz4hyVoH0ULtsPoi6jlYvvHvp0mv4
2020-09-17T10:39:25.202777521Z 471 OqDNwV6g0m9qxJ16s0WcNpVGGNKl3dUXiQaaU87ubUkYxCMbrrmFqBpybezG
2020-09-17T10:39:25.254544289Z 472 4Y3vxIvxrO6pN4DiCQtb70cjw2EMtpnWEIMjUtx0KPES6LjRqTeVjrW2mjhk
2020-09-17T10:39:25.305272130Z 473 b6jyClyPF5OSjJb35DwSRfo6v5zZOOjqh7Klav3g3tjI3RlwCQHKb18iOf24
2020-09-17T10:39:25.357134578Z 474 fkANmA9LBcH7wXGivaFKgdQh54QszqykIxOwafzxAons4yRog8KavGlfgVcC
2020-09-17T10:39:25.407972293Z 475 lOBexm2jbvbrWy9exDumcSkuihPKhwoUc1bM3egyP4NXQXro5x9qR2tafmpT
2020-09-17T10:39:25.459523550Z 476 NTrKYfRLUG8iAB74iAfrs9jj27p0NoWeDYM48lC2MjHsLI1ypWUGvIrERQHt
2020-09-17T10:39:25.510245617Z 477 3IEryWqJ4tWyiwC51OlIQegZmtmpzxaKHWbwPz1fwb5ipBpJvvhwqCv7ct8V
2020-09-17T10:39:25.561638344Z 478 r8CcvRLC1sVKuqXX209LuJsBxcvJTd0qg0LvIyeBhZhMy9T8BHB7hE3o7m4M
2020-09-17T10:39:25.612268644Z 479 Qnq9DR8nTVDbGSEG70oQOccJTgayz95teB1xldPBTt7upUyJKLUtE4RNoFkw
2020-09-17T10:39:25.662821915Z 480 9r6VeSp3ThAKtCt2bYOFzrgh6guaXVDKdvGhORCJVu2M459EPJMHoWwraGse
2020-09-17T10:39:25.714240824Z 481 fPlcBix3n4DM0YWVQ1rOBXA2GFDsSQUr2le7Y6It53clMVCcejM9oaggbt62
2020-09-17T10:39:25.765243397Z 482 et8jOx56mCrTuP0hLa2kFurMh27ftxpYwKBDkwW7qOw3BtGFNAJd3qFCwnC3
2020-09-17T10:39:25.816022503Z 483 o3grSobs5ZuTyNOvpowLcZoSwR8HpbzyMpg2pzlFDNl7beMaDAxh2T6dbXxO
2020-09-17T10:39:25.868688114Z 484 flOz6OJiPraXGqMaF6nViDv4xH9JD5RNoCOraz49E1LlkKBV2QwiwbecG8Kl
2020-09-17T10:39:25.919842056Z 485 7E8PkoxG3Hpf0cH6XIFqtSdkviFB7Xa8tloN11xGOThzlvs9tUP3z2z3ZuvQ
2020-09-17T10:39:25.971170170Z 486 e5kQTvQpMt6yHNRDGxOIMSQZ1of8J8RNsGz729AFJW9bHr1WuOMraJ4gFwgU
2020-09-17T10:39:26.021951275Z 487 BHeD7vBQd7ifdcRmCGxl6pOY4I8frKyvzCmcSOui4ZyjUVDybtVL9Dfa81Jx
2020-09-17T10:39:26.073104679Z 488 pKcTTOZTYUTfSzzLMScceZBsI52zGTnJGpve8mZGdn6Tsu1cQIO1arKtaaCX
2020-09-17T10:39:26.124671476Z 489 lhcR9ckasq8SfcuaEmuVHxtiZM9ZTFdEssJv4aBgc9Kxb6FM9Euyhe6y2MKp
2020-09-17T10:39:26.176413243Z 490 K1lyRL1tg2m8QOdwZIsg3Vp43K1jhHpMnSjHy5Ps3pUuC3oVpNIS9qRtUPgg
2020-09-17T10:39:26.227672631Z 491 3OmQswY652c5Ph8aU7uMdJuMZtCzHohKkpsTGKfvLJT6yRAI6cOw3kgsY70t
2020-09-17T10:39:26.279710425Z 492 f6RPzjFERZvgjP4LOyjFNQHGdRF4vrfn7zhoLWYZKumaopN9wf0UhHz9ibU3
2020-09-17T10:39:26.331603167Z 493 sseUa8eZsmabOXFuaARbWWWCYrYiWZCtreRzPfofDIdruKbo4vl3Q3C8pFJZ
2020-09-17T10:39:26.383464271Z 494 qlFwC1VoLNkhxvZmOoQx036MqSIKUbqjfNCv0UK5pAirvz887BqfLNFIQksf
2020-09-17T10:39:26.433895412Z 495 KtWkUTKiG2K2hAZ7GFz9iUA4S6OMKqreFPjk9M4gXWp0BvI3IUfdp0ZVY42e
2020-09-17T10:39:26.485671043Z 496 pIJUmQnDUtAHHJ0qpPfGVaQdA9qQKsCRmvDOS4ZJjhFrVadRgQNUdq83zl0Q
2020-09-17T10:39:26.536548581Z 497 cJ3EQLlKgPiuvBu3vjuh27gyPPhzPjZGOtoRQwBz5ZEg4P8jKRbAHUpK9dIs
2020-09-17T10:39:26.587339461Z 498 DIKQdFZfelUn3Fyi8EWTTArQQFxveUETKwlK8KQSi6ZhmBUe82tFpIMSqCF3
2020-09-17T10:39:26.638058342Z 499 2lHktfD4uqpUPpWYeW8iVdAMxEqOPwX5GkXexapeq0pBp8XjrpFfj0dFq7t5
