2020-09-22T10:25:33.483010445Z  running: (['/opt/scylladb/scripts/scylla_dev_mode_setup', '--developer-mode', '1'],)
2020-09-22T10:25:34.002876641Z  running: (['/opt/scylladb/scripts/scylla_io_setup'],)
2020-09-22T10:25:34.401021452Z  2020-09-22 10:25:34,400 CRIT Supervisor is running as root.  Privileges were not dropped because no user is specified in the config file.  If you intend to run as root, you can set user=root in the config file to avoid this message.
2020-09-22T10:25:34.401200482Z  2020-09-22 10:25:34,400 INFO Included extra file "/etc/supervisord.conf.d/node-exporter.conf" during parsing
2020-09-22T10:25:34.401219006Z  2020-09-22 10:25:34,400 INFO Included extra file "/etc/supervisord.conf.d/rsyslog.conf" during parsing
2020-09-22T10:25:34.401314083Z  2020-09-22 10:25:34,400 INFO Included extra file "/etc/supervisord.conf.d/scylla-housekeeping.conf" during parsing
2020-09-22T10:25:34.401325974Z  2020-09-22 10:25:34,400 INFO Included extra file "/etc/supervisord.conf.d/scylla-jmx.conf" during parsing
2020-09-22T10:25:34.401336779Z  2020-09-22 10:25:34,401 INFO Included extra file "/etc/supervisord.conf.d/scylla-server.conf" during parsing
2020-09-22T10:25:34.401373191Z  2020-09-22 10:25:34,401 INFO Included extra file "/etc/supervisord.conf.d/sshd-server.conf" during parsing
2020-09-22T10:25:34.439761793Z  2020-09-22 10:25:34,439 INFO RPC interface 'supervisor' initialized
2020-09-22T10:25:34.439901315Z  2020-09-22 10:25:34,439 CRIT Server 'inet_http_server' running without any HTTP authentication checking
2020-09-22T10:25:34.440300557Z  2020-09-22 10:25:34,440 INFO supervisord started with pid 26
2020-09-22T10:25:35.446504069Z  2020-09-22 10:25:35,444 INFO spawned: 'scylla' with pid 29
2020-09-22T10:25:35.454944196Z  2020-09-22 10:25:35,449 INFO spawned: 'scylla-housekeeping' with pid 30
2020-09-22T10:25:35.454971383Z  2020-09-22 10:25:35,454 INFO spawned: 'sshd' with pid 31
2020-09-22T10:25:35.458909032Z  2020-09-22 10:25:35,456 INFO spawned: 'scylla-jmx' with pid 32
2020-09-22T10:25:35.460253707Z  2020-09-22 10:25:35,459 INFO spawned: 'rsyslog' with pid 33
2020-09-22T10:25:35.462988120Z  2020-09-22 10:25:35,462 INFO spawned: 'node-exporter' with pid 34
2020-09-22T10:25:35.489338881Z  Generating public/private ed25519 key pair.
2020-09-22T10:25:35.489364752Z  Your identification has been saved in /etc/ssh/ssh_host_ed25519_key.
2020-09-22T10:25:35.489376880Z  Your public key has been saved in /etc/ssh/ssh_host_ed25519_key.pub.
2020-09-22T10:25:35.489387921Z  The key fingerprint is:
2020-09-22T10:25:35.489398095Z  SHA256:MGJ4pZMrLjAKs6gCX897SgWEoMiTen0rzpXD/Uc8Y5Q root@1e5abd10874c
2020-09-22T10:25:35.489408401Z  The key's randomart image is:
2020-09-22T10:25:35.489418620Z  +--[ED25519 256]--+
2020-09-22T10:25:35.489428546Z  |  .. .o          |
2020-09-22T10:25:35.489438595Z  |o....=           |
2020-09-22T10:25:35.489448600Z  |o+. B +      .   |
2020-09-22T10:25:35.489458638Z  |. .+ + +    E    |
2020-09-22T10:25:35.489468395Z  |* o o . S  o     |
2020-09-22T10:25:35.489491994Z  |** ..o =    *    |
2020-09-22T10:25:35.489503237Z  |*....oB .  o o   |
2020-09-22T10:25:35.489513082Z  |o..o +o...  .    |
2020-09-22T10:25:35.489522757Z  |o   o o+  ..     |
2020-09-22T10:25:35.489532399Z  +----[SHA256]-----+
2020-09-22T10:25:35.489986528Z  time="2020-09-22T10:25:35Z" level=info msg="Starting node_exporter (version=0.17.0, branch=HEAD, revision=f6f6194a436b9a63d0439abc585c76b19a206b21)" source="node_exporter.go:82"
2020-09-22T10:25:35.490009850Z  time="2020-09-22T10:25:35Z" level=info msg="Build context (go=go1.11.2, user=root@322511e06ced, date=20181130-15:51:33)" source="node_exporter.go:83"
2020-09-22T10:25:35.490889219Z  time="2020-09-22T10:25:35Z" level=info msg="Enabled collectors:" source="node_exporter.go:90"
2020-09-22T10:25:35.490911268Z  time="2020-09-22T10:25:35Z" level=info msg=" - arp" source="node_exporter.go:97"
2020-09-22T10:25:35.490922436Z  time="2020-09-22T10:25:35Z" level=info msg=" - bcache" source="node_exporter.go:97"
2020-09-22T10:25:35.491155668Z  time="2020-09-22T10:25:35Z" level=info msg=" - bonding" source="node_exporter.go:97"
2020-09-22T10:25:35.491176389Z  time="2020-09-22T10:25:35Z" level=info msg=" - conntrack" source="node_exporter.go:97"
2020-09-22T10:25:35.491187299Z  time="2020-09-22T10:25:35Z" level=info msg=" - cpu" source="node_exporter.go:97"
2020-09-22T10:25:35.491197358Z  time="2020-09-22T10:25:35Z" level=info msg=" - diskstats" source="node_exporter.go:97"
2020-09-22T10:25:35.491207291Z  time="2020-09-22T10:25:35Z" level=info msg=" - edac" source="node_exporter.go:97"
2020-09-22T10:25:35.491217123Z  time="2020-09-22T10:25:35Z" level=info msg=" - entropy" source="node_exporter.go:97"
2020-09-22T10:25:35.491226987Z  time="2020-09-22T10:25:35Z" level=info msg=" - filefd" source="node_exporter.go:97"
2020-09-22T10:25:35.491431692Z  time="2020-09-22T10:25:35Z" level=info msg=" - filesystem" source="node_exporter.go:97"
2020-09-22T10:25:35.491450628Z  time="2020-09-22T10:25:35Z" level=info msg=" - hwmon" source="node_exporter.go:97"
2020-09-22T10:25:35.491460705Z  time="2020-09-22T10:25:35Z" level=info msg=" - infiniband" source="node_exporter.go:97"
2020-09-22T10:25:35.491470593Z  time="2020-09-22T10:25:35Z" level=info msg=" - interrupts" source="node_exporter.go:97"
2020-09-22T10:25:35.491480134Z  time="2020-09-22T10:25:35Z" level=info msg=" - ipvs" source="node_exporter.go:97"
2020-09-22T10:25:35.491489790Z  time="2020-09-22T10:25:35Z" level=info msg=" - loadavg" source="node_exporter.go:97"
2020-09-22T10:25:35.491499433Z  time="2020-09-22T10:25:35Z" level=info msg=" - mdadm" source="node_exporter.go:97"
2020-09-22T10:25:35.491509229Z  time="2020-09-22T10:25:35Z" level=info msg=" - meminfo" source="node_exporter.go:97"
2020-09-22T10:25:35.491518942Z  time="2020-09-22T10:25:35Z" level=info msg=" - netclass" source="node_exporter.go:97"
2020-09-22T10:25:35.491602245Z  time="2020-09-22T10:25:35Z" level=info msg=" - netdev" source="node_exporter.go:97"
2020-09-22T10:25:35.491631831Z  time="2020-09-22T10:25:35Z" level=info msg=" - netstat" source="node_exporter.go:97"
2020-09-22T10:25:35.491643119Z  time="2020-09-22T10:25:35Z" level=info msg=" - nfs" source="node_exporter.go:97"
2020-09-22T10:25:35.491652802Z  time="2020-09-22T10:25:35Z" level=info msg=" - nfsd" source="node_exporter.go:97"
2020-09-22T10:25:35.491662409Z  time="2020-09-22T10:25:35Z" level=info msg=" - sockstat" source="node_exporter.go:97"
2020-09-22T10:25:35.491672151Z  time="2020-09-22T10:25:35Z" level=info msg=" - stat" source="node_exporter.go:97"
2020-09-22T10:25:35.491681616Z  time="2020-09-22T10:25:35Z" level=info msg=" - textfile" source="node_exporter.go:97"
2020-09-22T10:25:35.491829800Z  time="2020-09-22T10:25:35Z" level=info msg=" - time" source="node_exporter.go:97"
2020-09-22T10:25:35.491847984Z  time="2020-09-22T10:25:35Z" level=info msg=" - timex" source="node_exporter.go:97"
2020-09-22T10:25:35.491858267Z  time="2020-09-22T10:25:35Z" level=info msg=" - uname" source="node_exporter.go:97"
2020-09-22T10:25:35.491867880Z  time="2020-09-22T10:25:35Z" level=info msg=" - vmstat" source="node_exporter.go:97"
2020-09-22T10:25:35.492040303Z  time="2020-09-22T10:25:35Z" level=info msg=" - xfs" source="node_exporter.go:97"
2020-09-22T10:25:35.492058906Z  time="2020-09-22T10:25:35Z" level=info msg=" - zfs" source="node_exporter.go:97"
2020-09-22T10:25:35.492068831Z  time="2020-09-22T10:25:35Z" level=info msg="Listening on :9100" source="node_exporter.go:111"
2020-09-22T10:25:35.652148003Z  Generating public/private rsa key pair.
2020-09-22T10:25:35.652174546Z  Your identification has been saved in /etc/ssh/ssh_host_rsa_key.
2020-09-22T10:25:35.652186241Z  Your public key has been saved in /etc/ssh/ssh_host_rsa_key.pub.
2020-09-22T10:25:35.652196142Z  The key fingerprint is:
2020-09-22T10:25:35.652205943Z  SHA256:cQhU8mdjTDrUFUUFhNy3W/Ay64JswKYMwYKjT1yjVlY root@1e5abd10874c
2020-09-22T10:25:35.652215692Z  The key's randomart image is:
2020-09-22T10:25:35.652225057Z  +---[RSA 4096]----+
2020-09-22T10:25:35.652234412Z  |     .+.o..ooB=o.|
2020-09-22T10:25:35.652243601Z  |      E= =. o o .|
2020-09-22T10:25:35.652252645Z  | . . .  * B    +.|
2020-09-22T10:25:35.652261966Z  |o . B    B .  o.o|
2020-09-22T10:25:35.652271369Z  |.o * o .S      +o|
2020-09-22T10:25:35.652280605Z  |. = .   +     .. |
2020-09-22T10:25:35.652289683Z  | +   o o o . .   |
2020-09-22T10:25:35.652298747Z  |  .   o   + . .  |
2020-09-22T10:25:35.652307862Z  |         .   .   |
2020-09-22T10:25:35.652317011Z  +----[SHA256]-----+
2020-09-22T10:25:35.665008717Z  Could not load host key: /etc/ssh/ssh_host_ecdsa_key
2020-09-22T10:25:35.833238521Z  Scylla version 4.1.7-0.20200918.2251a1c577 with build-id 36f8a7b490fb7f7638d7828dfe92eecc2c31cbd9 starting ...
2020-09-22T10:25:35.833284805Z  command used: "/usr/bin/scylla --log-to-syslog 0 --log-to-stdout 1 --default-log-level info --network-stack posix --developer-mode=1 --overprovisioned --listen-address 10.0.56.15 --rpc-address 10.0.56.15 --seed-provider-parameters seeds=10.0.56.15 --blocked-reactor-notify-ms 999999999"
2020-09-22T10:25:35.833297963Z  parsed command line options: [log-to-syslog: 0, log-to-stdout: 1, default-log-level: info, network-stack: posix, developer-mode: 1, overprovisioned, listen-address: 10.0.56.15, rpc-address: 10.0.56.15, seed-provider-parameters: seeds=10.0.56.15, blocked-reactor-notify-ms: 999999999]
2020-09-22T10:25:35.863619069Z  WARN  2020-09-22 10:25:35,862 [shard 0] seastar - Unable to set SCHED_FIFO scheduling policy for timer thread; latency impact possible. Try adding CAP_SYS_NICE
2020-09-22T10:25:35.887591349Z  INFO  2020-09-22 10:25:35,887 [shard 0] init - installing SIGHUP handler
2020-09-22T10:25:35.892317149Z  INFO  2020-09-22 10:25:35,891 [shard 0] init - Scylla version 4.1.7-0.20200918.2251a1c577 with build-id 36f8a7b490fb7f7638d7828dfe92eecc2c31cbd9 starting ...
2020-09-22T10:25:35.892351947Z  
2020-09-22T10:25:35.893521470Z  INFO  2020-09-22 10:25:35,893 [shard 0] init - starting prometheus API server
2020-09-22T10:25:35.895260804Z  INFO  2020-09-22 10:25:35,894 [shard 0] init - starting tokens manager
2020-09-22T10:25:35.895740282Z  INFO  2020-09-22 10:25:35,895 [shard 0] init - starting migration manager notifier
2020-09-22T10:25:35.896205402Z  INFO  2020-09-22 10:25:35,895 [shard 0] init - creating tracing
2020-09-22T10:25:35.896871752Z  INFO  2020-09-22 10:25:35,896 [shard 0] init - creating snitch
2020-09-22T10:25:35.897841781Z  INFO  2020-09-22 10:25:35,897 [shard 0] init - determining DNS name
2020-09-22T10:25:35.898391141Z  INFO  2020-09-22 10:25:35,897 [shard 0] init - starting API server
2020-09-22T10:25:35.899349161Z  INFO  2020-09-22 10:25:35,899 [shard 0] init - Scylla API server listening on 127.0.0.1:10000 ...
2020-09-22T10:25:35.900135894Z  INFO  2020-09-22 10:25:35,899 [shard 0] init - initializing storage service
2020-09-22T10:25:35.900721770Z  INFO  2020-09-22 10:25:35,900 [shard 0] init - starting per-shard database core
2020-09-22T10:25:35.904241275Z  WARN  2020-09-22 10:25:35,903 [shard 0] init - I/O Scheduler is not properly configured! This is a non-supported setup, and performance is expected to be unpredictably bad.
2020-09-22T10:25:35.904289030Z   Reason found: none of --max-io-requests, --io-properties and --io-properties-file are set.
2020-09-22T10:25:35.904301942Z  To properly configure the I/O Scheduler, run the scylla_io_setup utility shipped with Scylla.
2020-09-22T10:25:35.904312403Z  
2020-09-22T10:25:35.904781224Z  INFO  2020-09-22 10:25:35,904 [shard 0] init - creating and verifying directories
2020-09-22T10:25:36.089611029Z  Connecting to http://localhost:10000
2020-09-22T10:25:36.089671227Z  Starting the JMX server
2020-09-22T10:25:36.595492705Z  JMX is enabled to receive remote connections on port: 7199
2020-09-22T10:25:36.595791375Z  2020-09-22 10:25:36,595 INFO success: scylla entered RUNNING state, process has stayed up for > than 1 seconds (startsecs)
2020-09-22T10:25:36.595999683Z  2020-09-22 10:25:36,595 INFO success: scylla-housekeeping entered RUNNING state, process has stayed up for > than 1 seconds (startsecs)
2020-09-22T10:25:36.596156268Z  2020-09-22 10:25:36,595 INFO success: sshd entered RUNNING state, process has stayed up for > than 1 seconds (startsecs)
2020-09-22T10:25:36.596277021Z  2020-09-22 10:25:36,596 INFO success: scylla-jmx entered RUNNING state, process has stayed up for > than 1 seconds (startsecs)
2020-09-22T10:25:36.596421124Z  2020-09-22 10:25:36,596 INFO success: rsyslog entered RUNNING state, process has stayed up for > than 1 seconds (startsecs)
2020-09-22T10:25:36.596528897Z  2020-09-22 10:25:36,596 INFO success: node-exporter entered RUNNING state, process has stayed up for > than 1 seconds (startsecs)
2020-09-22T10:25:36.916991522Z  INFO  2020-09-22 10:25:36,916 [shard 0] database - Populating Keyspace system_schema
2020-09-22T10:25:36.917534337Z  INFO  2020-09-22 10:25:36,917 [shard 0] database - Keyspace system_schema: Reading CF computed_columns id=cc7c7069-3740-33c1-92a4-c3de78dbd2c4 version=2b8c4439-de76-31e0-807f-3b7290a975d7
2020-09-22T10:25:36.917554902Z  INFO  2020-09-22 10:25:36,917 [shard 0] database - Keyspace system_schema: Reading CF view_virtual_columns id=08843b63-45dc-3be2-9798-a0418295cfaa version=c777531c-15f7-326f-8ebe-39fd0265c8c9
2020-09-22T10:25:36.917565934Z  INFO  2020-09-22 10:25:36,917 [shard 0] database - Keyspace system_schema: Reading CF dropped_columns id=5e7583b5-f3f4-3af1-9a39-b7e1d6f5f11f version=7426bc6c-4c2f-3200-8ad8-4329610ed59a
2020-09-22T10:25:36.917576082Z  INFO  2020-09-22 10:25:36,917 [shard 0] database - Keyspace system_schema: Reading CF indexes id=0feb57ac-311f-382f-ba6d-9024d305702f version=99c40462-8687-304e-abe3-2bdbef1f25aa
2020-09-22T10:25:36.917585842Z  INFO  2020-09-22 10:25:36,917 [shard 0] database - Keyspace system_schema: Reading CF functions id=96489b79-80be-3e14-a701-66a0b9159450 version=329ed804-55b3-3eee-ad61-d85317b96097
2020-09-22T10:25:36.917607184Z  INFO  2020-09-22 10:25:36,917 [shard 0] database - Keyspace system_schema: Reading CF columns id=24101c25-a2ae-3af7-87c1-b40ee1aca33f version=d33236d4-9bdd-3c09-abf0-a0bc5edc2526
2020-09-22T10:25:36.917618032Z  INFO  2020-09-22 10:25:36,917 [shard 0] database - Keyspace system_schema: Reading CF scylla_tables id=5d912ff1-f759-3665-b2c8-8042ab5103dd version=38e5e56b-155d-39b5-a0d2-8e5dcad42a26
2020-09-22T10:25:36.917628671Z  INFO  2020-09-22 10:25:36,917 [shard 0] database - Keyspace system_schema: Reading CF tables id=afddfb9d-bc1e-3068-8056-eed6c302ba09 version=b6240810-eeb7-36d5-9411-43b2d68dddab
2020-09-22T10:25:36.917639258Z  INFO  2020-09-22 10:25:36,917 [shard 0] database - Keyspace system_schema: Reading CF keyspaces id=abac5682-dea6-31c5-b535-b3d6cffd0fb6 version=e79ca8ba-6556-3f7d-925a-7f20cf57938c
2020-09-22T10:25:36.917649752Z  INFO  2020-09-22 10:25:36,917 [shard 0] database - Keyspace system_schema: Reading CF triggers id=4df70b66-6b05-3251-95a1-32b54005fd48 version=582d7071-1ef0-37c8-adc6-471a13636139
2020-09-22T10:25:36.918054297Z  INFO  2020-09-22 10:25:36,917 [shard 0] database - Keyspace system_schema: Reading CF views id=9786ac1c-dd58-3201-a7cd-ad556410c985 version=5b58bb47-96e7-3f57-accf-0bfca4dbbc6e
2020-09-22T10:25:36.918100641Z  INFO  2020-09-22 10:25:36,917 [shard 0] database - Keyspace system_schema: Reading CF types id=5a8b1ca8-6602-3f77-a045-9273d308917a version=de51b2ce-5e4d-3b7d-a75f-2204332ce8d1
2020-09-22T10:25:36.918111942Z  INFO  2020-09-22 10:25:36,917 [shard 0] database - Keyspace system_schema: Reading CF aggregates id=924c5587-2e3a-345b-b10c-12f37c1ba895 version=4b53e92c-0368-3d5c-b959-2ec1bfd1a59f
2020-09-22T10:25:41.114998011Z  Traceback (most recent call last):
2020-09-22T10:25:41.115038586Z    File "/opt/scylladb/scripts/libexec/scylla-housekeeping", line 208, in <module>
2020-09-22T10:25:41.115054426Z      args.func(args)
2020-09-22T10:25:41.115067201Z    File "/opt/scylladb/scripts/libexec/scylla-housekeeping", line 134, in check_version
2020-09-22T10:25:41.115079997Z      current_version = sanitize_version(get_api('/storage_service/scylla_release_version'))
2020-09-22T10:25:41.115092717Z    File "/opt/scylladb/scripts/libexec/scylla-housekeeping", line 93, in get_api
2020-09-22T10:25:41.115105195Z      return get_json_from_url("http://" + api_address + path)
2020-09-22T10:25:41.115117845Z    File "/opt/scylladb/scripts/libexec/scylla-housekeeping", line 88, in get_json_from_url
2020-09-22T10:25:41.115130509Z      raise RuntimeError(f'Failed to get "{path}" due to the following error: {retval}')
2020-09-22T10:25:41.115143332Z  RuntimeError: Failed to get "http://localhost:10000/storage_service/scylla_release_version" due to the following error: HTTP Error 404: Not Found
2020-09-22T10:25:41.531244176Z  INFO  2020-09-22 10:25:41,530 [shard 0] database - Found temporary sstable directory: "/var/lib/scylla/data/system_schema/computed_columns-cc7c7069374033c192a4c3de78dbd2c4/0000000000000383.sstable", removing
2020-09-22T10:25:41.531277116Z  INFO  2020-09-22 10:25:41,530 [shard 0] database - Found temporary sstable directory: "/var/lib/scylla/data/system_schema/computed_columns-cc7c7069374033c192a4c3de78dbd2c4/0000000000000382.sstable", removing
2020-09-22T10:25:41.531673100Z  INFO  2020-09-22 10:25:41,531 [shard 0] database - Found temporary sstable directory: "/var/lib/scylla/data/system_schema/scylla_tables-5d912ff1f7593665b2c88042ab5103dd/0000000000000386.sstable", removing
2020-09-22T10:25:41.531696109Z  INFO  2020-09-22 10:25:41,531 [shard 0] database - Found temporary sstable directory: "/var/lib/scylla/data/system_schema/tables-afddfb9dbc1e30688056eed6c302ba09/0000000000000398.sstable", removing
2020-09-22T10:25:41.531708439Z  INFO  2020-09-22 10:25:41,531 [shard 0] database - Found temporary sstable directory: "/var/lib/scylla/data/system_schema/tables-afddfb9dbc1e30688056eed6c302ba09/0000000000000399.sstable", removing
2020-09-22T10:25:41.531720633Z  INFO  2020-09-22 10:25:41,531 [shard 0] database - Found temporary sstable directory: "/var/lib/scylla/data/system_schema/views-9786ac1cdd583201a7cdad556410c985/0000000000000334.sstable", removing
2020-09-22T10:25:41.531731289Z  INFO  2020-09-22 10:25:41,531 [shard 0] database - Found temporary sstable directory: "/var/lib/scylla/data/system_schema/views-9786ac1cdd583201a7cdad556410c985/0000000000000331.sstable", removing
2020-09-22T10:25:41.531741790Z  INFO  2020-09-22 10:25:41,531 [shard 0] database - Found temporary sstable directory: "/var/lib/scylla/data/system_schema/aggregates-924c55872e3a345bb10c12f37c1ba895/0000000000000319.sstable", removing
2020-09-22T10:25:41.531764184Z  INFO  2020-09-22 10:25:41,531 [shard 0] database - Found temporary sstable directory: "/var/lib/scylla/data/system_schema/aggregates-924c55872e3a345bb10c12f37c1ba895/0000000000000322.sstable", removing
2020-09-22T10:25:41.593808616Z  WARN  2020-09-22 10:25:41,593 [shard 0] sstable - Deleting components of sstable from system_schema.computed_columns of generation 383 that has a temporary TOC
2020-09-22T10:25:41.653669595Z  WARN  2020-09-22 10:25:41,653 [shard 0] sstable - Deleting components of sstable from system_schema.tables of generation 399 that has a temporary TOC
2020-09-22T10:25:41.653708768Z  WARN  2020-09-22 10:25:41,653 [shard 0] sstable - Deleting components of sstable from system_schema.aggregates of generation 319 that has a temporary TOC
2020-09-22T10:25:41.653724316Z  WARN  2020-09-22 10:25:41,653 [shard 0] sstable - Deleting components of sstable from system_schema.scylla_tables of generation 386 that has a temporary TOC
2020-09-22T10:25:41.653738268Z  WARN  2020-09-22 10:25:41,653 [shard 0] sstable - Deleting components of sstable from system_schema.views of generation 334 that has a temporary TOC
2020-09-22T10:25:42.146050989Z  WARN  2020-09-22 10:25:42,145 [shard 0] sstable - Deleting components of sstable from system_schema.aggregates of generation 322 that has a temporary TOC
2020-09-22T10:25:42.238885729Z  WARN  2020-09-22 10:25:42,238 [shard 0] sstable - Deleting components of sstable from system_schema.views of generation 331 that has a temporary TOC
2020-09-22T10:25:42.441253881Z  WARN  2020-09-22 10:25:42,440 [shard 0] sstable - Deleting components of sstable from system_schema.tables of generation 398 that has a temporary TOC
2020-09-22T10:25:42.980400187Z  INFO  2020-09-22 10:25:42,979 [shard 0] database - Populating Keyspace system
2020-09-22T10:25:42.980430435Z  INFO  2020-09-22 10:25:42,979 [shard 0] database - Keyspace system: Reading CF schema_aggregates id=a5fc57fc-9d6c-3bfd-a3fc-01ad54686fea version=d06c934f-9a69-374c-86f1-523ab26fb05c
2020-09-22T10:25:42.980441648Z  INFO  2020-09-22 10:25:42,979 [shard 0] database - Keyspace system: Reading CF schema_triggers id=0359bc71-7123-3ee1-9a4a-b9dfb11fc125 version=75e4ec4c-76da-3f59-984e-66810ba0c62b
2020-09-22T10:25:42.980451320Z  INFO  2020-09-22 10:25:42,979 [shard 0] database - Keyspace system: Reading CF compaction_history id=b4dbb7b4-dc49-3fb5-b3bf-ce6e434832ca version=25cae56a-8d75-39f3-a146-3756ab4981c7
2020-09-22T10:25:42.980461053Z  INFO  2020-09-22 10:25:42,979 [shard 0] database - Keyspace system: Reading CF compactions_in_progress id=55080ab0-5d9c-3886-90a4-acb25fe1f77b version=540263f1-40db-3869-8a38-3baadedc222d
2020-09-22T10:25:42.980470995Z  INFO  2020-09-22 10:25:42,980 [shard 0] database - Keyspace system: Reading CF range_xfers id=55d76438-4e55-3f8b-9f6e-676d4af3976d version=dd15a078-409b-350d-9bef-c5f3520832d8
2020-09-22T10:25:42.981156063Z  INFO  2020-09-22 10:25:42,980 [shard 0] database - Keyspace system: Reading CF scylla_views_builds_in_progress id=a04c7bfd-1e13-36c9-a44d-f22da352281d version=e3fb736c-6956-3990-a31d-9a482279e3fc
2020-09-22T10:25:42.981196146Z  INFO  2020-09-22 10:25:42,980 [shard 0] database - Keyspace system: Reading CF IndexInfo id=9f5c6374-d485-3229-9a0a-5094af9ad1e3 version=bbb3743b-351f-3023-b4fc-09a9be37d529
2020-09-22T10:25:42.981207572Z  INFO  2020-09-22 10:25:42,980 [shard 0] database - Keyspace system: Reading CF cdc_local id=0bcaffd4-0c83-3ead-ad13-dc1d5015b77c version=0aa4d3a2-ed95-3ecd-aba0-cd75622ad290
2020-09-22T10:25:42.981229404Z  INFO  2020-09-22 10:25:42,980 [shard 0] database - Keyspace system: Reading CF schema_columnfamilies id=45f5b360-24bc-3f83-a363-1034ea4fa697 version=7f7a5fea-07b7-304d-a6f8-f7aec72cabdb
2020-09-22T10:25:42.981240463Z  INFO  2020-09-22 10:25:42,980 [shard 0] database - Keyspace system: Reading CF batchlog id=0290003c-977e-397c-ac3e-fdfdc01d626b version=e2a2e804-49e4-3597-9f16-39fd9475835c
2020-09-22T10:25:42.981250262Z  INFO  2020-09-22 10:25:42,980 [shard 0] database - Keyspace system: Reading CF schema_functions id=d1b675fe-2b50-3ca4-8e49-c0f81989dcad version=a50959dd-2be0-3e4e-8bb5-cf40796e256a
2020-09-22T10:25:42.981260201Z  INFO  2020-09-22 10:25:42,980 [shard 0] database - Keyspace system: Reading CF peer_events id=59dfeaea-8db2-3341-91ef-109974d81484 version=7f874a05-72b8-3c21-9acb-baa164fc351a
2020-09-22T10:25:42.981270206Z  INFO  2020-09-22 10:25:42,980 [shard 0] database - Keyspace system: Reading CF local id=7ad54392-bcdd-35a6-8417-4e047860b377 version=7fa82c2e-5b67-37dd-8e5e-2079e18f1536
2020-09-22T10:25:42.981280054Z  INFO  2020-09-22 10:25:42,980 [shard 0] database - Keyspace system: Reading CF clients id=ca0f635d-8630-3609-8d93-a1fc06f2a5e5 version=51273ebf-e6f9-3cd5-b455-ea09ad29796f
2020-09-22T10:25:42.981289926Z  INFO  2020-09-22 10:25:42,980 [shard 0] database - Keyspace system: Reading CF size_estimates id=618f817b-005f-3678-b8a4-53f3930b8e86 version=6d4dbcff-f05b-3dc3-95ad-f79f7b10504d
2020-09-22T10:25:42.981299609Z  INFO  2020-09-22 10:25:42,980 [shard 0] database - Keyspace system: Reading CF large_partitions id=8a7fe624-96b0-34b1-b90e-f71bddcdd2d3 version=04fa9920-9369-3a96-be39-6dd9fdc816b6
2020-09-22T10:25:42.981323750Z  INFO  2020-09-22 10:25:42,980 [shard 0] database - Keyspace system: Reading CF schema_columns id=296e9c04-9bec-3085-827d-c17d3df2122a version=53cfbb66-ee0d-37be-97bb-b2afb3746f85
2020-09-22T10:25:42.981343783Z  INFO  2020-09-22 10:25:42,980 [shard 0] database - Keyspace system: Reading CF built_views id=4b3c50a9-ea87-3d76-9101-6dbc9c38494a version=a28aa0b3-6def-30a7-9fbe-ce78b3f3c9b9
2020-09-22T10:25:42.981362147Z  INFO  2020-09-22 10:25:42,980 [shard 0] database - Keyspace system: Reading CF peers id=37f71aca-7dc2-383b-a706-72528af04d4f version=f6f6871f-8c86-3eca-ac0b-2a2e848e395d
2020-09-22T10:25:42.981380493Z  INFO  2020-09-22 10:25:42,980 [shard 0] database - Keyspace system: Reading CF hints id=2666e205-73ef-38b3-90fe-fecf96e8f0c7 version=0b74fdd1-e96d-309e-a14e-a5bcd7ac885d
2020-09-22T10:25:42.981398827Z  INFO  2020-09-22 10:25:42,980 [shard 0] database - Keyspace system: Reading CF large_rows id=40550f66-0858-39a0-9430-f27fc08034e9 version=aee3acb0-7926-317b-848e-db7bc3721695
2020-09-22T10:25:42.981417150Z  INFO  2020-09-22 10:25:42,980 [shard 0] database - Keyspace system: Reading CF large_cells id=ead8bbc5-f146-3ae1-9f71-0b11f9a1d296 version=0d4a6937-a781-3f87-a192-b4e4a4a40acf
2020-09-22T10:25:42.981435237Z  INFO  2020-09-22 10:25:42,980 [shard 0] database - Keyspace system: Reading CF scylla_local id=2972ec7f-fb20-38dd-aac1-d876f2e3fcbd version=5f0b407d-eedf-3845-a48e-dbb9673d10e1
2020-09-22T10:25:42.981453387Z  INFO  2020-09-22 10:25:42,980 [shard 0] database - Keyspace system: Reading CF views_builds_in_progress id=b7f2c108-78cd-3c80-9cd5-d609b2bd149c version=b905cce5-1474-3085-819a-7592453e2fb9
2020-09-22T10:25:42.981483791Z  INFO  2020-09-22 10:25:42,980 [shard 0] database - Keyspace system: Reading CF schema_usertypes id=3aa75225-4f82-350b-8d5c-430fa221fa0a version=3c53e6bb-56d5-3618-a0b2-4ff5f18127d7
2020-09-22T10:25:42.981503587Z  INFO  2020-09-22 10:25:42,980 [shard 0] database - Keyspace system: Reading CF sstable_activity id=5a1ff267-ace0-3f12-8563-cfae6103c65e version=bdec57a3-b234-334b-be9c-7b1f33113995
2020-09-22T10:25:42.981522163Z  INFO  2020-09-22 10:25:42,980 [shard 0] database - Keyspace system: Reading CF truncated id=38c19fd0-fb86-3310-a4b7-0d0cc66628aa version=6da9a85c-7ae0-3917-aead-54a2f65a57a8
2020-09-22T10:25:42.981540370Z  INFO  2020-09-22 10:25:42,980 [shard 0] database - Keyspace system: Reading CF paxos id=b7b7f0c2-fd0a-3410-8c05-3ef614bb7c2d version=6dd372de-72fb-3e1b-9b8c-f97738a67fe9
2020-09-22T10:25:42.981569703Z  INFO  2020-09-22 10:25:42,980 [shard 0] database - Keyspace system: Reading CF schema_keyspaces id=b0f22357-4458-3cdb-9631-c43e59ce3676 version=84d28cef-59f9-34a9-9be5-31c684997f03
2020-09-22T10:25:53.444678742Z  INFO  2020-09-22 10:25:53,443 [shard 0] init - starting gossip
2020-09-22T10:25:53.444721737Z  WARN  2020-09-22 10:25:53,443 [shard 0] init - Using default cluster name is not recommended. Using a unique cluster name will reduce the chance of adding nodes to the wrong cluster by mistake
2020-09-22T10:25:53.445113312Z  INFO  2020-09-22 10:25:53,444 [shard 0] init - starting storage proxy
2020-09-22T10:25:53.456201287Z  INFO  2020-09-22 10:25:53,455 [shard 0] init - creating hints manager
2020-09-22T10:25:53.457109697Z  INFO  2020-09-22 10:25:53,456 [shard 1] init - creating hints manager
2020-09-22T10:25:53.457138000Z  INFO  2020-09-22 10:25:53,456 [shard 2] init - creating hints manager
2020-09-22T10:25:53.457150013Z  INFO  2020-09-22 10:25:53,456 [shard 3] init - creating hints manager
2020-09-22T10:25:53.457546019Z  INFO  2020-09-22 10:25:53,457 [shard 0] init - starting migration manager
2020-09-22T10:25:53.457836229Z  INFO  2020-09-22 10:25:53,457 [shard 0] init - starting query processor
2020-09-22T10:25:53.459386977Z  INFO  2020-09-22 10:25:53,459 [shard 0] init - initializing batchlog manager
2020-09-22T10:25:53.465369075Z  INFO  2020-09-22 10:25:53,464 [shard 0] legacy_schema_migrator - Moving 0 keyspaces from legacy schema tables to the new schema keyspace (system_schema)
2020-09-22T10:25:53.465748176Z  INFO  2020-09-22 10:25:53,465 [shard 0] legacy_schema_migrator - Dropping legacy schema tables
2020-09-22T10:26:06.457412196Z  INFO  2020-09-22 10:26:06,456 [shard 0] legacy_schema_migrator - Completed migration of legacy schema tables
2020-09-22T10:26:06.464957628Z  INFO  2020-09-22 10:26:06,461 [shard 0] init - loading system sstables
2020-09-22T10:26:24.408022428Z  INFO  2020-09-22 10:26:24,407 [shard 0] init - loading non-system sstables
2020-09-22T10:26:31.203922773Z  INFO  2020-09-22 10:26:31,203 [shard 0] database - Populating Keyspace dt
2020-09-22T10:26:31.204565108Z  INFO  2020-09-22 10:26:31,204 [shard 0] database - Keyspace dt: Reading CF element_twin_idx_index id=630ae8b0-d77b-11ea-9877-000000000001 version=bc3026fd-bc4e-318d-b6f4-ca0b566cb74b
2020-09-22T10:26:31.204614854Z  INFO  2020-09-22 10:26:31,204 [shard 0] database - Keyspace dt: Reading CF source_element_idx_index id=68593f10-d77b-11ea-9877-000000000001 version=33e3f927-f730-3081-88e1-6bed2962e42a
2020-09-22T10:26:31.205321388Z  INFO  2020-09-22 10:26:31,204 [shard 0] database - Keyspace dt: Reading CF source id=65ff2270-d77b-11ea-9877-000000000001 version=5f8471b7-7d19-31d4-9be5-0f153affb0bb
2020-09-22T10:26:31.205359427Z  INFO  2020-09-22 10:26:31,204 [shard 0] database - Keyspace dt: Reading CF source_data id=6af6cd50-d77b-11ea-9877-000000000001 version=b52400e3-b307-3141-b3fc-e5d63573f135
2020-09-22T10:26:31.205379860Z  INFO  2020-09-22 10:26:31,204 [shard 0] database - Keyspace dt: Reading CF element id=607549b0-d77b-11ea-9877-000000000001 version=f44a6c4b-69d8-37f2-b116-7260740acc6c
2020-09-22T10:26:31.205399507Z  INFO  2020-09-22 10:26:31,204 [shard 0] database - Keyspace dt: Reading CF twin id=5e00c740-d77b-11ea-9877-000000000001 version=6240633e-c8cc-3fea-a1e3-452eff1b9659
2020-09-22T10:26:31.205418160Z  INFO  2020-09-22 10:26:31,204 [shard 0] database - Keyspace dt: Reading CF user id=5c294820-d77b-11ea-9877-000000000001 version=02cce273-02f1-3e6a-8674-f1016e3f22d7
2020-09-22T10:26:31.205436463Z  INFO  2020-09-22 10:26:31,204 [shard 0] database - Populating Keyspace system_distributed
2020-09-22T10:26:31.205454543Z  INFO  2020-09-22 10:26:31,204 [shard 0] database - Keyspace system_distributed: Reading CF view_build_status id=5582b59f-8e4e-35e1-b913-3acada51eb04 version=e0b6e628-60e0-39a2-ada0-9b6c13bdd9bc
2020-09-22T10:26:31.205473072Z  INFO  2020-09-22 10:26:31,204 [shard 0] database - Keyspace system_distributed: Reading CF cdc_generations id=6a4df139-00b6-3d21-9efc-dade266dc3b7 version=2511b46b-df1d-39fa-9a77-f5cacf88af47
2020-09-22T10:26:31.205492009Z  INFO  2020-09-22 10:26:31,204 [shard 0] database - Keyspace system_distributed: Reading CF cdc_streams id=07405732-4620-34d6-a85e-947248dad9a4 version=b606cfa4-a37b-32bd-a624-e05cab2bed3c
2020-09-22T10:26:31.205510765Z  INFO  2020-09-22 10:26:31,204 [shard 0] database - Populating Keyspace system_auth
2020-09-22T10:26:31.205528671Z  INFO  2020-09-22 10:26:31,204 [shard 0] database - Keyspace system_auth: Reading CF roles id=5bc52802-de25-35ed-aeab-188eecebb090 version=d8f599da-7544-3f57-aa58-b229deea93e0
2020-09-22T10:26:31.205547274Z  INFO  2020-09-22 10:26:31,204 [shard 0] database - Keyspace system_auth: Reading CF role_members id=0ecdaa87-f8fb-3e60-88d1-74fb36fe5c0d version=2923b5bb-f2f8-36e8-9e73-19019900010c
2020-09-22T10:26:31.205566114Z  INFO  2020-09-22 10:26:31,204 [shard 0] database - Populating Keyspace system_traces
2020-09-22T10:26:31.205586447Z  INFO  2020-09-22 10:26:31,204 [shard 0] database - Keyspace system_traces: Reading CF sessions id=c5e99f16-8677-3914-b17e-960613512345 version=e0fc4b06-6cba-3b7b-bfb6-b42a77c370a9
2020-09-22T10:26:31.205606194Z  INFO  2020-09-22 10:26:31,204 [shard 0] database - Keyspace system_traces: Reading CF node_slow_log_time_idx id=f9706768-aa1e-3d87-9e5c-51a3927c2870 version=eaffc0bb-7b2c-3b64-8924-d8ba685120bc
2020-09-22T10:26:31.205624937Z  INFO  2020-09-22 10:26:31,204 [shard 0] database - Keyspace system_traces: Reading CF sessions_time_idx id=0ebf001c-c1d1-3693-9a63-c3d96ac53318 version=cd5d1e5f-1f42-3b9d-a8ba-3af39d59a7d5
2020-09-22T10:26:31.205659744Z  INFO  2020-09-22 10:26:31,204 [shard 0] database - Keyspace system_traces: Reading CF events id=8826e8e9-e16a-3728-8753-3bc1fc713c25 version=41a6b26e-a03b-3ae1-8a4a-b9446e7f9304
2020-09-22T10:26:31.205693293Z  INFO  2020-09-22 10:26:31,204 [shard 0] database - Keyspace system_traces: Reading CF node_slow_log id=bfcc4e62-5b63-3aa1-a1c3-6f5e47f3325c version=23e7a411-8414-340f-854d-20a3a637e438
2020-09-22T10:26:38.481801725Z  INFO  2020-09-22 10:26:38,481 [shard 0] init - starting view update generator
2020-09-22T10:26:38.482336632Z  INFO  2020-09-22 10:26:38,481 [shard 0] init - discovering staging sstables
2020-09-22T10:26:38.482721861Z  INFO  2020-09-22 10:26:38,482 [shard 0] init - setting up system keyspace
2020-09-22T10:26:38.501591064Z  INFO  2020-09-22 10:26:38,501 [shard 0] init - starting commit log
2020-09-22T10:26:38.501629168Z  INFO  2020-09-22 10:26:38,501 [shard 0] init - replaying commit log
2020-09-22T10:26:38.505040369Z  INFO  2020-09-22 10:26:38,504 [shard 0] commitlog_replayer - Replaying /var/lib/scylla/commitlog/CommitLog-1-1021994320.log, /var/lib/scylla/commitlog/CommitLog-1-36028798040958290.log, /var/lib/scylla/commitlog/CommitLog-1-18014399531476306.log, /var/lib/scylla/commitlog/CommitLog-1-54043196550440276.log, /var/lib/scylla/commitlog/CommitLog-1-54043196550440275.log, /var/lib/scylla/commitlog/CommitLog-1-54043196550440274.log, /var/lib/scylla/commitlog/CommitLog-1-36028798040958289.log, /var/lib/scylla/commitlog/CommitLog-1-36028798040958291.log, /var/lib/scylla/commitlog/CommitLog-1-1021994321.log, /var/lib/scylla/commitlog/CommitLog-1-1021994322.log, /var/lib/scylla/commitlog/CommitLog-1-18014399531476305.log
2020-09-22T10:26:42.043180544Z  INFO  2020-09-22 10:26:42,042 [shard 0] commitlog_replayer - Log replay complete, 21317 replayed mutations (0 invalid, 0 skipped)
2020-09-22T10:26:42.044304974Z  INFO  2020-09-22 10:26:42,043 [shard 0] init - replaying commit log - flushing memtables
2020-09-22T10:26:57.498076741Z  INFO  2020-09-22 10:26:57,497 [shard 0] init - replaying commit log - removing old commitlog segments
2020-09-22T10:26:57.500077974Z  INFO  2020-09-22 10:26:57,499 [shard 0] compaction - Compacting [/var/lib/scylla/data/system/peers-37f71aca7dc2383ba70672528af04d4f/mc-20-big-Data.db:level=0, /var/lib/scylla/data/system/peers-37f71aca7dc2383ba70672528af04d4f/mc-12-big-Data.db:level=0, /var/lib/scylla/data/system/peers-37f71aca7dc2383ba70672528af04d4f/mc-16-big-Data.db:level=0, ]
2020-09-22T10:26:57.500302145Z  INFO  2020-09-22 10:26:57,499 [shard 0] compaction - Compacting [/var/lib/scylla/data/system/compaction_history-b4dbb7b4dc493fb5b3bfce6e434832ca/mc-580-big-Data.db:level=0, /var/lib/scylla/data/system/compaction_history-b4dbb7b4dc493fb5b3bfce6e434832ca/mc-576-big-Data.db:level=0, /var/lib/scylla/data/system/compaction_history-b4dbb7b4dc493fb5b3bfce6e434832ca/mc-572-big-Data.db:level=0, ]
2020-09-22T10:26:57.500578139Z  INFO  2020-09-22 10:26:57,500 [shard 0] compaction - Compacting [/var/lib/scylla/data/system/truncated-38c19fd0fb863310a4b70d0cc66628aa/mc-1080-big-Data.db:level=0, /var/lib/scylla/data/system/truncated-38c19fd0fb863310a4b70d0cc66628aa/mc-1084-big-Data.db:level=0, /var/lib/scylla/data/system/truncated-38c19fd0fb863310a4b70d0cc66628aa/mc-1076-big-Data.db:level=0, ]
2020-09-22T10:26:57.500754477Z  INFO  2020-09-22 10:26:57,500 [shard 1] compaction - Compacting [/var/lib/scylla/data/system/clients-ca0f635d863036098d93a1fc06f2a5e5/mc-21-big-Data.db:level=0, /var/lib/scylla/data/system/clients-ca0f635d863036098d93a1fc06f2a5e5/mc-53-big-Data.db:level=0, /var/lib/scylla/data/system/clients-ca0f635d863036098d93a1fc06f2a5e5/mc-49-big-Data.db:level=0, /var/lib/scylla/data/system/clients-ca0f635d863036098d93a1fc06f2a5e5/mc-45-big-Data.db:level=0, /var/lib/scylla/data/system/clients-ca0f635d863036098d93a1fc06f2a5e5/mc-61-big-Data.db:level=0, /var/lib/scylla/data/system/clients-ca0f635d863036098d93a1fc06f2a5e5/mc-37-big-Data.db:level=0, /var/lib/scylla/data/system/clients-ca0f635d863036098d93a1fc06f2a5e5/mc-41-big-Data.db:level=0, /var/lib/scylla/data/system/clients-ca0f635d863036098d93a1fc06f2a5e5/mc-25-big-Data.db:level=0, /var/lib/scylla/data/system/clients-ca0f635d863036098d93a1fc06f2a5e5/mc-57-big-Data.db:level=0, /var/lib/scylla/data/system/clients-ca0f635d863036098d93a1fc06f2a5e5/mc-33-big-Data.db:level=0, /var/lib/scylla/data/system/clients-ca0f635d863036098d93a1fc06f2a5e5/mc-29-big-Data.db:level=0, ]
2020-09-22T10:26:57.501138166Z  INFO  2020-09-22 10:26:57,500 [shard 1] compaction - Compacting [/var/lib/scylla/data/system/compaction_history-b4dbb7b4dc493fb5b3bfce6e434832ca/mc-581-big-Data.db:level=0, /var/lib/scylla/data/system/compaction_history-b4dbb7b4dc493fb5b3bfce6e434832ca/mc-577-big-Data.db:level=0, /var/lib/scylla/data/system/compaction_history-b4dbb7b4dc493fb5b3bfce6e434832ca/mc-573-big-Data.db:level=0, ]
2020-09-22T10:26:57.501961202Z  INFO  2020-09-22 10:26:57,501 [shard 2] compaction - Compacting [/var/lib/scylla/data/system_schema/dropped_columns-5e7583b5f3f43af19a39b7e1d6f5f11f/mc-470-big-Data.db:level=0, /var/lib/scylla/data/system_schema/dropped_columns-5e7583b5f3f43af19a39b7e1d6f5f11f/mc-462-big-Data.db:level=0, /var/lib/scylla/data/system_schema/dropped_columns-5e7583b5f3f43af19a39b7e1d6f5f11f/mc-466-big-Data.db:level=0, ]
2020-09-22T10:26:57.501987879Z  INFO  2020-09-22 10:26:57,501 [shard 1] compaction - Compacting [/var/lib/scylla/data/system/local-7ad54392bcdd35a684174e047860b377/mc-2333-big-Data.db:level=0, /var/lib/scylla/data/system/local-7ad54392bcdd35a684174e047860b377/mc-2337-big-Data.db:level=0, /var/lib/scylla/data/system/local-7ad54392bcdd35a684174e047860b377/mc-2341-big-Data.db:level=0, /var/lib/scylla/data/system/local-7ad54392bcdd35a684174e047860b377/mc-2329-big-Data.db:level=0, ]
2020-09-22T10:26:57.502189278Z  INFO  2020-09-22 10:26:57,501 [shard 2] compaction - Compacting [/var/lib/scylla/data/system/compaction_history-b4dbb7b4dc493fb5b3bfce6e434832ca/mc-594-big-Data.db:level=0, /var/lib/scylla/data/system/compaction_history-b4dbb7b4dc493fb5b3bfce6e434832ca/mc-590-big-Data.db:level=0, /var/lib/scylla/data/system/compaction_history-b4dbb7b4dc493fb5b3bfce6e434832ca/mc-586-big-Data.db:level=0, ]
2020-09-22T10:26:57.502208845Z  INFO  2020-09-22 10:26:57,501 [shard 2] compaction - Compacting [/var/lib/scylla/data/system_schema/keyspaces-abac5682dea631c5b535b3d6cffd0fb6/mc-462-big-Data.db:level=0, /var/lib/scylla/data/system_schema/keyspaces-abac5682dea631c5b535b3d6cffd0fb6/mc-466-big-Data.db:level=0, /var/lib/scylla/data/system_schema/keyspaces-abac5682dea631c5b535b3d6cffd0fb6/mc-458-big-Data.db:level=0, ]
2020-09-22T10:26:57.508711828Z  INFO  2020-09-22 10:26:57,502 [shard 2] compaction - Compacting [/var/lib/scylla/data/system_schema/tables-afddfb9dbc1e30688056eed6c302ba09/mc-398-big-Data.db:level=0, /var/lib/scylla/data/system_schema/tables-afddfb9dbc1e30688056eed6c302ba09/mc-394-big-Data.db:level=0, ]
2020-09-22T10:26:57.508738114Z  INFO  2020-09-22 10:26:57,502 [shard 2] compaction - Compacting [/var/lib/scylla/data/system_schema/scylla_tables-5d912ff1f7593665b2c88042ab5103dd/mc-386-big-Data.db:level=0, /var/lib/scylla/data/system_schema/scylla_tables-5d912ff1f7593665b2c88042ab5103dd/mc-382-big-Data.db:level=0, ]
2020-09-22T10:26:57.508750632Z  INFO  2020-09-22 10:26:57,502 [shard 3] compaction - Compacting [/var/lib/scylla/data/system_schema/dropped_columns-5e7583b5f3f43af19a39b7e1d6f5f11f/mc-467-big-Data.db:level=0, /var/lib/scylla/data/system_schema/dropped_columns-5e7583b5f3f43af19a39b7e1d6f5f11f/mc-471-big-Data.db:level=0, /var/lib/scylla/data/system_schema/dropped_columns-5e7583b5f3f43af19a39b7e1d6f5f11f/mc-463-big-Data.db:level=0, ]
2020-09-22T10:26:57.508773952Z  INFO  2020-09-22 10:26:57,502 [shard 2] compaction - Compacting [/var/lib/scylla/data/system_schema/views-9786ac1cdd583201a7cdad556410c985/mc-334-big-Data.db:level=0, /var/lib/scylla/data/system_schema/views-9786ac1cdd583201a7cdad556410c985/mc-330-big-Data.db:level=0, ]
2020-09-22T10:26:57.508786503Z  INFO  2020-09-22 10:26:57,502 [shard 3] compaction - Compacting [/var/lib/scylla/data/system_schema/functions-96489b7980be3e14a70166a0b9159450/mc-399-big-Data.db:level=0, /var/lib/scylla/data/system_schema/functions-96489b7980be3e14a70166a0b9159450/mc-407-big-Data.db:level=0, /var/lib/scylla/data/system_schema/functions-96489b7980be3e14a70166a0b9159450/mc-403-big-Data.db:level=0, ]
2020-09-22T10:26:57.508798290Z  INFO  2020-09-22 10:26:57,503 [shard 3] compaction - Compacting [/var/lib/scylla/data/system/compaction_history-b4dbb7b4dc493fb5b3bfce6e434832ca/mc-595-big-Data.db:level=0, /var/lib/scylla/data/system/compaction_history-b4dbb7b4dc493fb5b3bfce6e434832ca/mc-591-big-Data.db:level=0, /var/lib/scylla/data/system/compaction_history-b4dbb7b4dc493fb5b3bfce6e434832ca/mc-587-big-Data.db:level=0, ]
2020-09-22T10:26:57.508811532Z  INFO  2020-09-22 10:26:57,503 [shard 3] compaction - Compacting [/var/lib/scylla/data/system_schema/columns-24101c25a2ae3af787c1b40ee1aca33f/mc-471-big-Data.db:level=0, /var/lib/scylla/data/system_schema/columns-24101c25a2ae3af787c1b40ee1aca33f/mc-475-big-Data.db:level=0, /var/lib/scylla/data/system_schema/columns-24101c25a2ae3af787c1b40ee1aca33f/mc-467-big-Data.db:level=0, ]
2020-09-22T10:26:57.508823433Z  INFO  2020-09-22 10:26:57,503 [shard 3] compaction - Compacting [/var/lib/scylla/data/system_schema/indexes-0feb57ac311f382fba6d9024d305702f/mc-427-big-Data.db:level=0, /var/lib/scylla/data/system_schema/indexes-0feb57ac311f382fba6d9024d305702f/mc-423-big-Data.db:level=0, /var/lib/scylla/data/system_schema/indexes-0feb57ac311f382fba6d9024d305702f/mc-419-big-Data.db:level=0, ]
2020-09-22T10:26:57.508834736Z  INFO  2020-09-22 10:26:57,503 [shard 3] compaction - Compacting [/var/lib/scylla/data/dt/source_data-6af6cd50d77b11ea9877000000000001/mc-447-big-Data.db:level=0, /var/lib/scylla/data/dt/source_data-6af6cd50d77b11ea9877000000000001/mc-443-big-Data.db:level=0, /var/lib/scylla/data/dt/source_data-6af6cd50d77b11ea9877000000000001/mc-439-big-Data.db:level=0, ]
2020-09-22T10:26:57.508845921Z  INFO  2020-09-22 10:26:57,504 [shard 3] compaction - Compacting [/var/lib/scylla/data/system_schema/scylla_tables-5d912ff1f7593665b2c88042ab5103dd/mc-387-big-Data.db:level=0, /var/lib/scylla/data/system_schema/scylla_tables-5d912ff1f7593665b2c88042ab5103dd/mc-383-big-Data.db:level=0, ]
2020-09-22T10:26:57.508867974Z  INFO  2020-09-22 10:26:57,507 [shard 0] init - initializing migration manager RPC verbs
2020-09-22T10:26:57.508877534Z  INFO  2020-09-22 10:26:57,508 [shard 0] init - initializing storage proxy RPC verbs
2020-09-22T10:26:57.510161722Z  INFO  2020-09-22 10:26:57,509 [shard 0] init - starting streaming service
2020-09-22T10:26:57.512991428Z  INFO  2020-09-22 10:26:57,512 [shard 0] init - starting hinted handoff manager
2020-09-22T10:26:58.663984479Z  WARN  2020-09-22 10:26:58,663 [shard 3] large_data - Writing a partition with too many rows [dt/source_data:d0a71d84-b80f-4558-beac-8887750652e3] (114670 rows)
2020-09-22T10:26:59.872725269Z  INFO  2020-09-22 10:26:59,872 [shard 0] compaction - Compacted 3 sstables to []. 16431 bytes to 0 (~0% of original) in 1ms = 0.00MB/s. ~384 total partitions merged to 0.
2020-09-22T10:27:00.030978973Z  INFO  2020-09-22 10:27:00,030 [shard 0] init - starting messaging service
2020-09-22T10:27:00.032045544Z  INFO  2020-09-22 10:27:00,031 [shard 0] repair - Setting max_repair_memory=168820736, max_repair_memory_per_range=33554432, max_repair_ranges_in_parallel=5
2020-09-22T10:27:00.032820666Z  INFO  2020-09-22 10:27:00,032 [shard 0] init - starting storage service
2020-09-22T10:27:00.035279370Z  INFO  2020-09-22 10:27:00,034 [shard 0] storage_service - Loading persisted ring state
2020-09-22T10:27:00.040494404Z  INFO  2020-09-22 10:27:00,039 [shard 0] storage_service - loaded_peer_features: peer_features size=0
2020-09-22T10:27:00.040550431Z  INFO  2020-09-22 10:27:00,040 [shard 0] storage_service - Checking remote features skipped, since this node is a new seed node which knows nothing about the cluster
2020-09-22T10:27:00.042082084Z  INFO  2020-09-22 10:27:00,041 [shard 0] storage_service - Restarting a node in NORMAL status
2020-09-22T10:27:00.077162155Z  INFO  2020-09-22 10:27:00,076 [shard 0] database - Schema version changed to 3f00f995-6495-3765-8599-4e76a2f4c6b2
2020-09-22T10:27:00.077467794Z  INFO  2020-09-22 10:27:00,076 [shard 0] storage_service - Starting up server gossip
2020-09-22T10:27:00.378645930Z  INFO  2020-09-22 10:27:00,377 [shard 1] compaction - Compacted 11 sstables to []. 251631 bytes to 0 (~0% of original) in 24ms = 0.00MB/s. ~1408 total partitions merged to 0.
2020-09-22T10:27:01.361249568Z  INFO  2020-09-22 10:27:01,360 [shard 2] compaction - Compacting [/var/lib/scylla/data/system_schema/aggregates-924c55872e3a345bb10c12f37c1ba895/mc-322-big-Data.db:level=0, /var/lib/scylla/data/system_schema/aggregates-924c55872e3a345bb10c12f37c1ba895/mc-318-big-Data.db:level=0, ]
2020-09-22T10:27:01.361940683Z  INFO  2020-09-22 10:27:01,361 [shard 2] compaction - Compacting [/var/lib/scylla/data/system_schema/view_virtual_columns-08843b6345dc3be29798a0418295cfaa/mc-414-big-Data.db:level=0, /var/lib/scylla/data/system_schema/view_virtual_columns-08843b6345dc3be29798a0418295cfaa/mc-406-big-Data.db:level=0, /var/lib/scylla/data/system_schema/view_virtual_columns-08843b6345dc3be29798a0418295cfaa/mc-410-big-Data.db:level=0, ]
2020-09-22T10:27:01.362435868Z  INFO  2020-09-22 10:27:01,361 [shard 2] compaction - Compacting [/var/lib/scylla/data/system_schema/columns-24101c25a2ae3af787c1b40ee1aca33f/mc-470-big-Data.db:level=0, /var/lib/scylla/data/system_schema/columns-24101c25a2ae3af787c1b40ee1aca33f/mc-474-big-Data.db:level=0, /var/lib/scylla/data/system_schema/columns-24101c25a2ae3af787c1b40ee1aca33f/mc-466-big-Data.db:level=0, ]
2020-09-22T10:27:01.362485789Z  INFO  2020-09-22 10:27:01,361 [shard 2] compaction - Compacting [/var/lib/scylla/data/system/truncated-38c19fd0fb863310a4b70d0cc66628aa/mc-810-big-Data.db:level=0, /var/lib/scylla/data/system/truncated-38c19fd0fb863310a4b70d0cc66628aa/mc-806-big-Data.db:level=0, /var/lib/scylla/data/system/truncated-38c19fd0fb863310a4b70d0cc66628aa/mc-802-big-Data.db:level=0, ]
2020-09-22T10:27:01.719239649Z  INFO  2020-09-22 10:27:01,718 [shard 3] compaction - Compacting [/var/lib/scylla/data/system_schema/view_virtual_columns-08843b6345dc3be29798a0418295cfaa/mc-415-big-Data.db:level=0, /var/lib/scylla/data/system_schema/view_virtual_columns-08843b6345dc3be29798a0418295cfaa/mc-411-big-Data.db:level=0, /var/lib/scylla/data/system_schema/view_virtual_columns-08843b6345dc3be29798a0418295cfaa/mc-407-big-Data.db:level=0, ]
2020-09-22T10:27:01.721626452Z  INFO  2020-09-22 10:27:01,720 [shard 3] compaction - Compacting [/var/lib/scylla/data/system_schema/triggers-4df70b666b05325195a132b54005fd48/mc-399-big-Data.db:level=0, /var/lib/scylla/data/system_schema/triggers-4df70b666b05325195a132b54005fd48/mc-391-big-Data.db:level=0, /var/lib/scylla/data/system_schema/triggers-4df70b666b05325195a132b54005fd48/mc-395-big-Data.db:level=0, ]
2020-09-22T10:27:01.722285111Z  INFO  2020-09-22 10:27:01,721 [shard 3] compaction - Compacting [/var/lib/scylla/data/system_schema/computed_columns-cc7c7069374033c192a4c3de78dbd2c4/mc-383-big-Data.db:level=0, /var/lib/scylla/data/system_schema/computed_columns-cc7c7069374033c192a4c3de78dbd2c4/mc-379-big-Data.db:level=0, ]
2020-09-22T10:27:01.723778120Z  INFO  2020-09-22 10:27:01,723 [shard 3] compaction - Compacting [/var/lib/scylla/data/system_schema/tables-afddfb9dbc1e30688056eed6c302ba09/mc-399-big-Data.db:level=0, /var/lib/scylla/data/system_schema/tables-afddfb9dbc1e30688056eed6c302ba09/mc-395-big-Data.db:level=0, ]
2020-09-22T10:27:02.163331491Z  INFO  2020-09-22 10:27:02,162 [shard 0] compaction - Compacted 3 sstables to [/var/lib/scylla/data/system/compaction_history-b4dbb7b4dc493fb5b3bfce6e434832ca/mc-584-big-Data.db:level=0, ]. 205666 bytes to 111098 (~54% of original) in 3534ms = 0.03MB/s. ~512 total partitions merged to 212.
2020-09-22T10:27:02.164391094Z  INFO  2020-09-22 10:27:02,163 [shard 0] compaction - Compacted 3 sstables to [/var/lib/scylla/data/system/truncated-38c19fd0fb863310a4b70d0cc66628aa/mc-1088-big-Data.db:level=0, ]. 158418 bytes to 76909 (~48% of original) in 3533ms = 0.02MB/s. ~384 total partitions merged to 2.
2020-09-22T10:27:02.914357432Z  INFO  2020-09-22 10:27:02,913 [shard 0] messaging_service - Starting Messaging Service on port 7000
2020-09-22T10:27:03.486118966Z  INFO  2020-09-22 10:27:03,485 [shard 1] compaction - Compacted 4 sstables to [/var/lib/scylla/data/system/local-7ad54392bcdd35a684174e047860b377/mc-2345-big-Data.db:level=0, ]. 31140 bytes to 12596 (~40% of original) in 4950ms = 0.00MB/s. ~512 total partitions merged to 1.
2020-09-22T10:27:03.486663869Z  INFO  2020-09-22 10:27:03,486 [shard 1] compaction - Compacted 3 sstables to [/var/lib/scylla/data/system/compaction_history-b4dbb7b4dc493fb5b3bfce6e434832ca/mc-585-big-Data.db:level=0, ]. 148789 bytes to 111891 (~75% of original) in 5043ms = 0.02MB/s. ~512 total partitions merged to 199.
2020-09-22T10:27:03.487201805Z  INFO  2020-09-22 10:27:03,486 [shard 1] compaction - Compacting [/var/lib/scylla/data/system/local-7ad54392bcdd35a684174e047860b377/mc-2349-big-Data.db:level=0, /var/lib/scylla/data/system/local-7ad54392bcdd35a684174e047860b377/mc-2345-big-Data.db:level=0, ]
2020-09-22T10:27:03.488949763Z  INFO  2020-09-22 10:27:03,488 [shard 2] compaction - Compacted 2 sstables to [/var/lib/scylla/data/system_schema/scylla_tables-5d912ff1f7593665b2c88042ab5103dd/mc-390-big-Data.db:level=0, ]. 11946 bytes to 6128 (~51% of original) in 3858ms = 0.00MB/s. ~256 total partitions merged to 1.
2020-09-22T10:27:03.488975516Z  INFO  2020-09-22 10:27:03,488 [shard 2] compaction - Compacted 3 sstables to [/var/lib/scylla/data/system/compaction_history-b4dbb7b4dc493fb5b3bfce6e434832ca/mc-598-big-Data.db:level=0, ]. 254890 bytes to 109453 (~42% of original) in 3860ms = 0.03MB/s. ~512 total partitions merged to 176.
2020-09-22T10:27:03.488988203Z  INFO  2020-09-22 10:27:03,488 [shard 2] compaction - Compacted 3 sstables to [/var/lib/scylla/data/system_schema/keyspaces-abac5682dea631c5b535b3d6cffd0fb6/mc-470-big-Data.db:level=0, ]. 67154 bytes to 56727 (~84% of original) in 3860ms = 0.01MB/s. ~384 total partitions merged to 2.
2020-09-22T10:27:03.489544433Z  INFO  2020-09-22 10:27:03,488 [shard 2] compaction - Compacted 2 sstables to [/var/lib/scylla/data/system_schema/tables-afddfb9dbc1e30688056eed6c302ba09/mc-402-big-Data.db:level=0, ]. 67711 bytes to 59785 (~88% of original) in 3858ms = 0.01MB/s. ~256 total partitions merged to 2.
2020-09-22T10:27:03.489586082Z  INFO  2020-09-22 10:27:03,488 [shard 2] compaction - Compacted 2 sstables to [/var/lib/scylla/data/system_schema/views-9786ac1cdd583201a7cdad556410c985/mc-338-big-Data.db:level=0, ]. 13700 bytes to 7006 (~51% of original) in 3858ms = 0.00MB/s. ~256 total partitions merged to 1.
2020-09-22T10:27:03.489606112Z  INFO  2020-09-22 10:27:03,488 [shard 2] compaction - Compacted 3 sstables to [/var/lib/scylla/data/system_schema/dropped_columns-5e7583b5f3f43af19a39b7e1d6f5f11f/mc-474-big-Data.db:level=0, ]. 15825 bytes to 5643 (~35% of original) in 3860ms = 0.00MB/s. ~384 total partitions merged to 1.
2020-09-22T10:27:04.093743451Z  INFO  2020-09-22 10:27:04,092 [shard 3] compaction - Compacted 3 sstables to [/var/lib/scylla/data/system_schema/dropped_columns-5e7583b5f3f43af19a39b7e1d6f5f11f/mc-475-big-Data.db:level=0, ]. 16265 bytes to 5795 (~35% of original) in 4216ms = 0.00MB/s. ~384 total partitions merged to 1.
2020-09-22T10:27:04.154555864Z  INFO  2020-09-22 10:27:04,153 [shard 3] compaction - Compacted 2 sstables to [/var/lib/scylla/data/system_schema/scylla_tables-5d912ff1f7593665b2c88042ab5103dd/mc-391-big-Data.db:level=0, ]. 12572 bytes to 6441 (~51% of original) in 4214ms = 0.00MB/s. ~256 total partitions merged to 1.
2020-09-22T10:27:04.155542506Z  INFO  2020-09-22 10:27:04,155 [shard 3] compaction - Compacted 3 sstables to [/var/lib/scylla/data/dt/source_data-6af6cd50d77b11ea9877000000000001/mc-451-big-Data.db:level=0, ]. 9323345 bytes to 9231744 (~99% of original) in 4215ms = 2.09MB/s. ~384 total partitions merged to 1.
2020-09-22T10:27:04.156363074Z  INFO  2020-09-22 10:27:04,155 [shard 3] compaction - Compacted 3 sstables to [/var/lib/scylla/data/system_schema/functions-96489b7980be3e14a70166a0b9159450/mc-411-big-Data.db:level=0, ]. 16730 bytes to 5945 (~35% of original) in 4218ms = 0.00MB/s. ~384 total partitions merged to 1.
2020-09-22T10:27:04.157066650Z  INFO  2020-09-22 10:27:04,156 [shard 3] compaction - Compacted 3 sstables to [/var/lib/scylla/data/system_schema/indexes-0feb57ac311f382fba6d9024d305702f/mc-431-big-Data.db:level=0, ]. 23136 bytes to 12790 (~55% of original) in 4216ms = 0.00MB/s. ~384 total partitions merged to 2.
2020-09-22T10:27:04.157766713Z  INFO  2020-09-22 10:27:04,157 [shard 3] compaction - Compacted 3 sstables to [/var/lib/scylla/data/system_schema/columns-24101c25a2ae3af787c1b40ee1aca33f/mc-479-big-Data.db:level=0, ]. 76009 bytes to 57504 (~75% of original) in 4219ms = 0.01MB/s. ~384 total partitions merged to 4.
2020-09-22T10:27:04.159387154Z  INFO  2020-09-22 10:27:04,158 [shard 3] compaction - Compacted 3 sstables to [/var/lib/scylla/data/system/compaction_history-b4dbb7b4dc493fb5b3bfce6e434832ca/mc-599-big-Data.db:level=0, ]. 261308 bytes to 107698 (~41% of original) in 4219ms = 0.02MB/s. ~512 total partitions merged to 168.
2020-09-22T10:27:04.605346295Z  INFO  2020-09-22 10:27:04,604 [shard 2] compaction - Compacting [/var/lib/scylla/data/system_schema/functions-96489b7980be3e14a70166a0b9159450/mc-402-big-Data.db:level=0, /var/lib/scylla/data/system_schema/functions-96489b7980be3e14a70166a0b9159450/mc-398-big-Data.db:level=0, /var/lib/scylla/data/system_schema/functions-96489b7980be3e14a70166a0b9159450/mc-394-big-Data.db:level=0, ]
2020-09-22T10:27:04.605839341Z  INFO  2020-09-22 10:27:04,605 [shard 2] compaction - Compacting [/var/lib/scylla/data/system_schema/computed_columns-cc7c7069374033c192a4c3de78dbd2c4/mc-382-big-Data.db:level=0, /var/lib/scylla/data/system_schema/computed_columns-cc7c7069374033c192a4c3de78dbd2c4/mc-378-big-Data.db:level=0, ]
2020-09-22T10:27:04.679346776Z  INFO  2020-09-22 10:27:04,678 [shard 1] compaction - Compacted 2 sstables to [/var/lib/scylla/data/system/local-7ad54392bcdd35a684174e047860b377/mc-2353-big-Data.db:level=0, ]. 18688 bytes to 12273 (~65% of original) in 868ms = 0.01MB/s. ~256 total partitions merged to 1.
2020-09-22T10:27:04.953600658Z  INFO  2020-09-22 10:27:04,952 [shard 3] compaction - Compacting [/var/lib/scylla/data/system_schema/types-5a8b1ca866023f77a0459273d308917a/mc-351-big-Data.db:level=0, /var/lib/scylla/data/system_schema/types-5a8b1ca866023f77a0459273d308917a/mc-347-big-Data.db:level=0, /var/lib/scylla/data/system_schema/types-5a8b1ca866023f77a0459273d308917a/mc-343-big-Data.db:level=0, ]
2020-09-22T10:27:04.954349242Z  INFO  2020-09-22 10:27:04,953 [shard 3] compaction - Compacting [/var/lib/scylla/data/system_schema/keyspaces-abac5682dea631c5b535b3d6cffd0fb6/mc-447-big-Data.db:level=0, /var/lib/scylla/data/system_schema/keyspaces-abac5682dea631c5b535b3d6cffd0fb6/mc-451-big-Data.db:level=0, /var/lib/scylla/data/system_schema/keyspaces-abac5682dea631c5b535b3d6cffd0fb6/mc-443-big-Data.db:level=0, ]
2020-09-22T10:27:05.414526487Z  INFO  2020-09-22 10:27:05,413 [shard 2] compaction - Compacted 3 sstables to [/var/lib/scylla/data/system_schema/view_virtual_columns-08843b6345dc3be29798a0418295cfaa/mc-418-big-Data.db:level=0, ]. 16293 bytes to 5799 (~35% of original) in 3243ms = 0.00MB/s. ~384 total partitions merged to 1.
2020-09-22T10:27:05.415714561Z  INFO  2020-09-22 10:27:05,415 [shard 2] compaction - Compacted 3 sstables to [/var/lib/scylla/data/system_schema/columns-24101c25a2ae3af787c1b40ee1aca33f/mc-478-big-Data.db:level=0, ]. 78518 bytes to 61698 (~78% of original) in 3243ms = 0.02MB/s. ~384 total partitions merged to 2.
2020-09-22T10:27:05.416319022Z  INFO  2020-09-22 10:27:05,415 [shard 2] compaction - Compacted 2 sstables to [/var/lib/scylla/data/system_schema/aggregates-924c55872e3a345bb10c12f37c1ba895/mc-326-big-Data.db:level=0, ]. 11134 bytes to 5723 (~51% of original) in 3244ms = 0.00MB/s. ~256 total partitions merged to 1.
2020-09-22T10:27:05.416353690Z  INFO  2020-09-22 10:27:05,416 [shard 2] compaction - Compacted 3 sstables to [/var/lib/scylla/data/system/truncated-38c19fd0fb863310a4b70d0cc66628aa/mc-814-big-Data.db:level=0, ]. 167643 bytes to 56251 (~33% of original) in 3244ms = 0.02MB/s. ~384 total partitions merged to 4.
2020-09-22T10:27:05.956243407Z  INFO  2020-09-22 10:27:05,955 [shard 2] compaction - Compacting [/var/lib/scylla/data/system_schema/triggers-4df70b666b05325195a132b54005fd48/mc-402-big-Data.db:level=0, /var/lib/scylla/data/system_schema/triggers-4df70b666b05325195a132b54005fd48/mc-394-big-Data.db:level=0, /var/lib/scylla/data/system_schema/triggers-4df70b666b05325195a132b54005fd48/mc-398-big-Data.db:level=0, ]
2020-09-22T10:27:06.014712414Z  INFO  2020-09-22 10:27:06,013 [shard 3] compaction - Compacted 3 sstables to [/var/lib/scylla/data/system_schema/triggers-4df70b666b05325195a132b54005fd48/mc-403-big-Data.db:level=0, ]. 15932 bytes to 5679 (~35% of original) in 3231ms = 0.00MB/s. ~384 total partitions merged to 1.
2020-09-22T10:27:06.017932296Z  INFO  2020-09-22 10:27:06,017 [shard 3] compaction - Compacted 2 sstables to [/var/lib/scylla/data/system_schema/computed_columns-cc7c7069374033c192a4c3de78dbd2c4/mc-387-big-Data.db:level=0, ]. 17544 bytes to 12458 (~71% of original) in 3232ms = 0.00MB/s. ~256 total partitions merged to 2.
2020-09-22T10:27:06.019526143Z  INFO  2020-09-22 10:27:06,018 [shard 3] compaction - Compacted 3 sstables to [/var/lib/scylla/data/system_schema/view_virtual_columns-08843b6345dc3be29798a0418295cfaa/mc-419-big-Data.db:level=0, ]. 23351 bytes to 12927 (~55% of original) in 3235ms = 0.00MB/s. ~384 total partitions merged to 2.
2020-09-22T10:27:06.019604266Z  INFO  2020-09-22 10:27:06,018 [shard 3] compaction - Compacted 2 sstables to [/var/lib/scylla/data/system_schema/tables-afddfb9dbc1e30688056eed6c302ba09/mc-403-big-Data.db:level=0, ]. 65494 bytes to 56355 (~86% of original) in 3231ms = 0.02MB/s. ~256 total partitions merged to 4.
2020-09-22T10:27:06.544182082Z  INFO  2020-09-22 10:27:06,543 [shard 2] compaction - Compacted 2 sstables to [/var/lib/scylla/data/system_schema/computed_columns-cc7c7069374033c192a4c3de78dbd2c4/mc-386-big-Data.db:level=0, ]. 10552 bytes to 5432 (~51% of original) in 1350ms = 0.00MB/s. ~256 total partitions merged to 1.
2020-09-22T10:27:06.546330067Z  INFO  2020-09-22 10:27:06,545 [shard 2] compaction - Compacted 3 sstables to [/var/lib/scylla/data/system_schema/functions-96489b7980be3e14a70166a0b9159450/mc-406-big-Data.db:level=0, ]. 16836 bytes to 5980 (~35% of original) in 1351ms = 0.00MB/s. ~384 total partitions merged to 1.
2020-09-22T10:27:06.599307748Z  INFO  2020-09-22 10:27:06,598 [shard 3] compaction - Compacting [/var/lib/scylla/data/system_schema/views-9786ac1cdd583201a7cdad556410c985/mc-331-big-Data.db:level=0, /var/lib/scylla/data/system_schema/views-9786ac1cdd583201a7cdad556410c985/mc-327-big-Data.db:level=0, ]
2020-09-22T10:27:06.599334219Z  INFO  2020-09-22 10:27:06,598 [shard 3] compaction - Compacting [/var/lib/scylla/data/system_schema/aggregates-924c55872e3a345bb10c12f37c1ba895/mc-319-big-Data.db:level=0, /var/lib/scylla/data/system_schema/aggregates-924c55872e3a345bb10c12f37c1ba895/mc-315-big-Data.db:level=0, ]
2020-09-22T10:27:07.027358151Z  INFO  2020-09-22 10:27:07,026 [shard 2] compaction - Compacting [/var/lib/scylla/data/system_schema/indexes-0feb57ac311f382fba6d9024d305702f/mc-446-big-Data.db:level=0, /var/lib/scylla/data/system_schema/indexes-0feb57ac311f382fba6d9024d305702f/mc-442-big-Data.db:level=0, /var/lib/scylla/data/system_schema/indexes-0feb57ac311f382fba6d9024d305702f/mc-438-big-Data.db:level=0, ]
2020-09-22T10:27:07.334948791Z  INFO  2020-09-22 10:27:07,334 [shard 2] compaction - Compacted 3 sstables to [/var/lib/scylla/data/system_schema/triggers-4df70b666b05325195a132b54005fd48/mc-406-big-Data.db:level=0, ]. 16038 bytes to 5714 (~35% of original) in 1071ms = 0.01MB/s. ~384 total partitions merged to 1.
2020-09-22T10:27:07.334985056Z  INFO  2020-09-22 10:27:07,334 [shard 3] compaction - Compacted 3 sstables to [/var/lib/scylla/data/system_schema/types-5a8b1ca866023f77a0459273d308917a/mc-355-big-Data.db:level=0, ]. 16115 bytes to 5740 (~35% of original) in 1646ms = 0.00MB/s. ~384 total partitions merged to 1.
2020-09-22T10:27:07.376131200Z  INFO  2020-09-22 10:27:07,375 [shard 3] compaction - Compacted 3 sstables to [/var/lib/scylla/data/system_schema/keyspaces-abac5682dea631c5b535b3d6cffd0fb6/mc-455-big-Data.db:level=0, ]. 61710 bytes to 51353 (~83% of original) in 1645ms = 0.03MB/s. ~384 total partitions merged to 4.
2020-09-22T10:27:08.009947628Z  INFO  2020-09-22 10:27:08,009 [shard 2] compaction - Compacting [/var/lib/scylla/data/system_schema/types-5a8b1ca866023f77a0459273d308917a/mc-342-big-Data.db:level=0, /var/lib/scylla/data/system_schema/types-5a8b1ca866023f77a0459273d308917a/mc-350-big-Data.db:level=0, /var/lib/scylla/data/system_schema/types-5a8b1ca866023f77a0459273d308917a/mc-346-big-Data.db:level=0, ]
2020-09-22T10:27:08.096573384Z  INFO  2020-09-22 10:27:08,096 [shard 3] compaction - Compacting [/var/lib/scylla/data/system/truncated-38c19fd0fb863310a4b70d0cc66628aa/mc-619-big-Data.db:level=0, /var/lib/scylla/data/system/truncated-38c19fd0fb863310a4b70d0cc66628aa/mc-615-big-Data.db:level=0, /var/lib/scylla/data/system/truncated-38c19fd0fb863310a4b70d0cc66628aa/mc-611-big-Data.db:level=0, ]
2020-09-22T10:27:08.291123029Z  INFO  2020-09-22 10:27:08,290 [shard 2] compaction - Compacted 3 sstables to [/var/lib/scylla/data/system_schema/indexes-0feb57ac311f382fba6d9024d305702f/mc-450-big-Data.db:level=0, ]. 16176 bytes to 5760 (~35% of original) in 983ms = 0.01MB/s. ~384 total partitions merged to 1.
2020-09-22T10:27:08.561959785Z  INFO  2020-09-22 10:27:08,561 [shard 3] compaction - Compacted 2 sstables to [/var/lib/scylla/data/system_schema/views-9786ac1cdd583201a7cdad556410c985/mc-335-big-Data.db:level=0, ]. 21045 bytes to 14387 (~68% of original) in 1497ms = 0.01MB/s. ~256 total partitions merged to 2.
2020-09-22T10:27:08.562545292Z  INFO  2020-09-22 10:27:08,561 [shard 3] compaction - Compacted 2 sstables to [/var/lib/scylla/data/system_schema/aggregates-924c55872e3a345bb10c12f37c1ba895/mc-323-big-Data.db:level=0, ]. 11063 bytes to 5688 (~51% of original) in 1498ms = 0.00MB/s. ~256 total partitions merged to 1.
2020-09-22T10:27:09.086656543Z  INFO  2020-09-22 10:27:09,086 [shard 2] compaction - Compacted 3 sstables to [/var/lib/scylla/data/system_schema/types-5a8b1ca866023f77a0459273d308917a/mc-354-big-Data.db:level=0, ]. 16221 bytes to 5775 (~35% of original) in 868ms = 0.01MB/s. ~384 total partitions merged to 1.
2020-09-22T10:27:09.138612973Z  INFO  2020-09-22 10:27:09,137 [shard 3] compaction - Compacted 3 sstables to [/var/lib/scylla/data/system/truncated-38c19fd0fb863310a4b70d0cc66628aa/mc-623-big-Data.db:level=0, ]. 188991 bytes to 63367 (~33% of original) in 954ms = 0.06MB/s. ~384 total partitions merged to 2.
2020-09-22T10:27:14.920739545Z  INFO  2020-09-22 10:27:14,919 [shard 0] gossip - No gossip backlog; proceeding
2020-09-22T10:27:14.923282845Z  INFO  2020-09-22 10:27:14,922 [shard 0] features - Feature COMPUTED_COLUMNS is enabled
2020-09-22T10:27:14.923338691Z  INFO  2020-09-22 10:27:14,922 [shard 0] features - Feature CORRECT_COUNTER_ORDER is enabled
2020-09-22T10:27:14.923359744Z  INFO  2020-09-22 10:27:14,922 [shard 0] features - Feature CORRECT_NON_COMPOUND_RANGE_TOMBSTONES is enabled
2020-09-22T10:27:14.923378331Z  INFO  2020-09-22 10:27:14,922 [shard 0] features - Feature CORRECT_STATIC_COMPACT_IN_MC is enabled
2020-09-22T10:27:14.923396363Z  INFO  2020-09-22 10:27:14,922 [shard 0] features - Feature COUNTERS is enabled
2020-09-22T10:27:14.923414610Z  INFO  2020-09-22 10:27:14,922 [shard 0] features - Feature DIGEST_INSENSITIVE_TO_EXPIRY is enabled
2020-09-22T10:27:14.924274031Z  INFO  2020-09-22 10:27:14,922 [shard 0] features - Feature DIGEST_MULTIPARTITION_READ is enabled
2020-09-22T10:27:14.924319744Z  INFO  2020-09-22 10:27:14,922 [shard 0] features - Feature HINTED_HANDOFF_SEPARATE_CONNECTION is enabled
2020-09-22T10:27:14.924340597Z  INFO  2020-09-22 10:27:14,922 [shard 0] features - Feature INDEXES is enabled
2020-09-22T10:27:14.924358981Z  INFO  2020-09-22 10:27:14,922 [shard 0] features - Feature LARGE_PARTITIONS is enabled
2020-09-22T10:27:14.924376814Z  INFO  2020-09-22 10:27:14,922 [shard 0] features - Feature LWT is enabled
2020-09-22T10:27:14.924424130Z  INFO  2020-09-22 10:27:14,922 [shard 0] features - Feature MATERIALIZED_VIEWS is enabled
2020-09-22T10:27:14.924445140Z  INFO  2020-09-22 10:27:14,923 [shard 0] features - Feature MC_SSTABLE_FORMAT is enabled
2020-09-22T10:27:14.924463342Z  INFO  2020-09-22 10:27:14,923 [shard 0] features - Feature NONFROZEN_UDTS is enabled
2020-09-22T10:27:14.924481355Z  INFO  2020-09-22 10:27:14,923 [shard 0] features - Feature PER_TABLE_PARTITIONERS is enabled
2020-09-22T10:27:14.924499295Z  INFO  2020-09-22 10:27:14,923 [shard 0] features - Feature RANGE_TOMBSTONES is enabled
2020-09-22T10:27:14.924517179Z  INFO  2020-09-22 10:27:14,923 [shard 0] features - Feature ROLES is enabled
2020-09-22T10:27:14.924535321Z  INFO  2020-09-22 10:27:14,923 [shard 0] features - Feature ROW_LEVEL_REPAIR is enabled
2020-09-22T10:27:14.924553201Z  INFO  2020-09-22 10:27:14,923 [shard 0] features - Feature SCHEMA_TABLES_V3 is enabled
2020-09-22T10:27:14.924571638Z  INFO  2020-09-22 10:27:14,923 [shard 0] features - Feature STREAM_WITH_RPC_STREAM is enabled
2020-09-22T10:27:14.924589882Z  INFO  2020-09-22 10:27:14,923 [shard 0] features - Feature TRUNCATION_TABLE is enabled
2020-09-22T10:27:14.924608167Z  INFO  2020-09-22 10:27:14,923 [shard 0] system_keyspace - Got cluster agreement on truncation table feature. Removing legacy records.
2020-09-22T10:27:14.924626881Z  INFO  2020-09-22 10:27:14,923 [shard 0] features - Feature UNBOUNDED_RANGE_TOMBSTONES is enabled
2020-09-22T10:27:14.924645121Z  INFO  2020-09-22 10:27:14,923 [shard 0] features - Feature VIEW_VIRTUAL_COLUMNS is enabled
2020-09-22T10:27:14.924663331Z  INFO  2020-09-22 10:27:14,923 [shard 0] features - Feature WRITE_FAILURE_REPLY is enabled
2020-09-22T10:27:14.924685560Z  INFO  2020-09-22 10:27:14,923 [shard 0] features - Feature XXHASH is enabled
2020-09-22T10:27:14.926051658Z  INFO  2020-09-22 10:27:14,925 [shard 0] system_keyspace - Legacy records deleted.
2020-09-22T10:27:14.926829762Z  INFO  2020-09-22 10:27:14,926 [shard 0] init - starting system distributed keyspace
2020-09-22T10:27:14.934689009Z  INFO  2020-09-22 10:27:14,933 [shard 0] storage_service - Using saved tokens {943448605036726745, 9061580907506437136, 8957018461898327244, 8813999419995718088, 8775859223532977932, 873311388414975666, 8707696313600310498, 8675978575875245837, 855031166620283245, 8476533345381470087, 8413544620893079714, 8382283044476755854, 7804258889026263620, 778239093056833917, 7732629563319678675, 7564694057214588647, 747840302865059114, 7255484784972643852, 700944770677405149, 7009081579420542256, 7354219953741161264, 6974970471767945112, 6788034976878782500, 667581605220131528, 6496091893897576732, 6478032244021912394, 6420907855788431922, 8777890816944145805, 6381418245203458391, 6358173612251239308, 6302443190184390149, 6115776390551923703, 5906838239532612246, 5890706123786165213, 588034934972968299, 5848278814186320030, 5834675951458569055, 5796254206948921528, -6441145814158460549, 7172238068082229918, -6238625478980828395, -6199824488038647909, -572473923349256348, -5526097868254533829, -5508289632699420366, -6338043935148530859, 4738411181964629022, -5411685484465544274, 5103660925946342563, -5360532551957069796, -5246840897237646542, -8953406550820932827, -511676141100664160, -4872163430844150374, 5153854518462400651, -4829128129506020031, 6818717460470417221, -4735496583611878200, -7913213531410876291, -8612347190400988175, 3361838207769500988, -4770694758141334815, 3533570692245755170, -3014142033706378490, -6648258355715071793, 105268539462240253, 6448269612184381105, 3941245744356891698, -4925670906471950289, -6853270293933441203, -431455211546220291, -4106310081010891923, -4280461110562472301, -4231054370802445643, 4453520694484038438, -5140544052953576706, -7341700934491837716, -4177024142024341044, -2365586676906010085, -4368295386640868227, -6779834804380741154, 7103497347382660592, -471701403720839764, -2187125227394891465, -1593748153114868683, 8325613099551670589, -6017078328443447975, 408961909545308462, -3256341547923989103, 1911454556365012923, -2135119982021577211, -6104126434670973331, -1614584707908969492, -5285270377043925775, 194223785007163967, 3556932048290112968, 4378909036113166689, -2319706609635128471, 782580883702972777, -3880555618453256762, -2879534723161185431, 7469085752185829039, -8001902308657073600, -1522914538603683793, 784130423392421222, -3409621329811667263, -5136236598692180863, -2640475812391264528, 3907413558358164712, -2166731983266837511, -8529251962487546573, -5228242602708342126, -6263078841153087564, -1295419475388780424, 5311755414232655734, -4113405879925637368, 2104079815049743807, -105211415949921556, -1004253484774030395, -6093280019772326743, -1363472444035739717, 7772390126184307669, 3373616921334842984, -3428624778218969630, -4475005699924690030, -1207620414022812792, -4203952547861361192, -4895652206680369668, 5569071124009844993, -2800260328053956713, 1033733984444816800, -1761718599052329021, -6249520955674807415, -6810383749951706976, -2391018463907211455, -3729138346528579520, -3942245253345029362, -1032698423218536378, 2233495137371904435, -1970747149103226319, 2531294222158762011, 4445989245037378795, -2648919406212884980, 800062458669145892, -6586482614645135705, -8855822008500182327, -2076430708060394350, -6127879535600466936, 5017042126534426855, -6767019288334108993, -6985294397658573838, -2605645373691895986, 2542018259596577135, -2699231837109027988, -9132047842757487932, 9066588519930559993, -4601858807243735115, 1470306277250886071, 1688077838521597411, -2700796200994103492, -5656441245782528349, 3822141065635310082, -4415280594152455372, -1709100826419756065, -2732234699235264563, -3101294897153501639, 6933997554702494562, -4541237399207364623, 1251119865371637993, -3280527161887251879, -4007868363884276055, -4134923634748466107, -5595342098352848506, 533209426647054698, 285540986842976874, -4193553788022177878, -7111183380354176443, 7880345233810794046, -7190282066974323895, -7232953798633244985, -7512330892235471280, -889434854029329118, 9122882257136270100, 3909145942678699742, 2870638580126821409, -2685359252619347507, 4540975434217357056, 1912522665107890116, -1474028219808469861, -7767361191227918078, -8495384334141326469, -8024675672634848221, -8352632933072691056, -1084614158625469139, -8372022353883945178, -1171738939209168407, -8485257529464526975, -8549013321787275289, -7405825010257289618, -8694753427154041557, -9173155356561330710, -3164480873853500968, 1172299952227812636, 1535311813904826318, 156312151312654313, 2050968450175517454, 1018091569669202328, 1574734081023094222, 214428871588027420, -5095673126210616552, 2431756818088451524, -1208769590907790735, 3022913469242457337, 2609254198811139442, 5396954320704971060, 284028081363756156, -184157634332906914, 2879924223908633556, 3014475854062098037, 8280511155447462154, 3058186759042775792, 3100842289958262644, -769344519844763244, 3287699046743316011, 7743526815996532326, -7148146405116016542, 352278596429886466, 3606629961194077343, 3840184102447470012, -4623422606623793434, 3924960423780627192, 4660022660859336370, 5401470720317959250, 3979649323160207298, 4037379789709069307, 790424663468033093, 5150907166433009570, 4083460330442256183, 4262233236239091105, 4461207940793579131, 7222389702734437292, 4497639963855891379, 5935809959838255935, 525652295242460822, -9210810031089136649, 3145063885579200582, 5102381975608989830, 5104799485589097680, -467985751191813914, 5122450296475986719, 5256736089695841171, 5341717901052361821, 5441044328235651423, 5661405961885371428, -6303682351633097607, 5704999654143823990}
2020-09-22T10:27:14.960207972Z  INFO  2020-09-22 10:27:14,959 [shard 0] database - Schema version changed to e1b2d478-e5f2-30c4-b994-d93919918df3
2020-09-22T10:27:14.960235319Z  INFO  2020-09-22 10:27:14,959 [shard 0] database - Schema version changed to e1b2d478-e5f2-30c4-b994-d93919918df3
2020-09-22T10:27:14.961241000Z  INFO  2020-09-22 10:27:14,960 [shard 0] database - Schema version changed to 0e03d198-385b-3f36-8c34-c3f5846bbbac
2020-09-22T10:27:15.502170843Z  INFO  2020-09-22 10:27:15,501 [shard 1] compaction - Compacting [/var/lib/scylla/data/system/local-7ad54392bcdd35a684174e047860b377/mc-2357-big-Data.db:level=0, /var/lib/scylla/data/system/local-7ad54392bcdd35a684174e047860b377/mc-2353-big-Data.db:level=0, ]
2020-09-22T10:27:15.508713974Z  INFO  2020-09-22 10:27:15,508 [shard 0] storage_service - Node 10.0.56.15 state jump to normal
2020-09-22T10:27:15.508742385Z  INFO  2020-09-22 10:27:15,508 [shard 0] storage_service - Remove node 10.0.56.15 from pending replacing endpoint
2020-09-22T10:27:16.268732410Z  INFO  2020-09-22 10:27:16,268 [shard 0] storage_service - NORMAL: node is now in normal status
2020-09-22T10:27:16.268773583Z  INFO  2020-09-22 10:27:16,268 [shard 0] cdc - No generation seen during startup.
2020-09-22T10:27:16.269847064Z  INFO  2020-09-22 10:27:16,269 [shard 0] init - starting tracing
2020-09-22T10:27:16.270432548Z  INFO  2020-09-22 10:27:16,270 [shard 0] storage_service - SSTable data integrity checker is disabled.
2020-09-22T10:27:16.270833648Z  INFO  2020-09-22 10:27:16,270 [shard 0] init - starting batchlog manager
2020-09-22T10:27:16.271260169Z  INFO  2020-09-22 10:27:16,270 [shard 0] init - starting load meter
2020-09-22T10:27:16.271279797Z  INFO  2020-09-22 10:27:16,270 [shard 0] init - starting cf cache hit rate calculator
2020-09-22T10:27:16.271629276Z  INFO  2020-09-22 10:27:16,271 [shard 0] init - starting view update backlog broker
2020-09-22T10:27:16.272188536Z  INFO  2020-09-22 10:27:16,271 [shard 0] init - Waiting for gossip to settle before accepting client requests...
2020-09-22T10:27:16.346281751Z  INFO  2020-09-22 10:27:16,345 [shard 1] compaction - Compacted 2 sstables to [/var/lib/scylla/data/system/local-7ad54392bcdd35a684174e047860b377/mc-2365-big-Data.db:level=0, ]. 18352 bytes to 12073 (~65% of original) in 721ms = 0.02MB/s. ~256 total partitions merged to 1.
2020-09-22T10:27:16.347557149Z  INFO  2020-09-22 10:27:16,347 [shard 1] compaction - Compacting [/var/lib/scylla/data/system/local-7ad54392bcdd35a684174e047860b377/mc-2361-big-Data.db:level=0, /var/lib/scylla/data/system/local-7ad54392bcdd35a684174e047860b377/mc-2365-big-Data.db:level=0, ]
2020-09-22T10:27:16.760734201Z  INFO  2020-09-22 10:27:16,759 [shard 1] compaction - Compacted 2 sstables to [/var/lib/scylla/data/system/local-7ad54392bcdd35a684174e047860b377/mc-2369-big-Data.db:level=0, ]. 18172 bytes to 12076 (~66% of original) in 329ms = 0.04MB/s. ~256 total partitions merged to 1.
2020-09-22T10:27:28.273694422Z  INFO  2020-09-22 10:27:28,272 [shard 0] gossip - No gossip backlog; proceeding
2020-09-22T10:27:28.274837711Z  INFO  2020-09-22 10:27:28,273 [shard 0] init - allow replaying hints
2020-09-22T10:27:28.275363436Z  INFO  2020-09-22 10:27:28,274 [shard 0] init - Launching generate_mv_updates for non system tables
2020-09-22T10:27:28.276122964Z  INFO  2020-09-22 10:27:28,275 [shard 0] init - starting the view builder
2020-09-22T10:27:28.680171387Z  INFO  2020-09-22 10:27:28,679 [shard 0] init - starting native transport
2020-09-22T10:27:28.680234230Z  INFO  2020-09-22 10:27:28,679 [shard 0] compaction - Compacting [/var/lib/scylla/data/system/truncated-38c19fd0fb863310a4b70d0cc66628aa/mc-1092-big-Data.db:level=0, /var/lib/scylla/data/system/truncated-38c19fd0fb863310a4b70d0cc66628aa/mc-1088-big-Data.db:level=0, ]
2020-09-22T10:27:28.682653826Z  INFO  2020-09-22 10:27:28,682 [shard 0] storage_service - Starting listening for CQL clients on 10.0.56.15:9042 (unencrypted)
2020-09-22T10:27:28.685854567Z  INFO  2020-09-22 10:27:28,685 [shard 0] storage_service - Thrift server listening on 10.0.56.15:9160 ...
2020-09-22T10:27:28.687084373Z  INFO  2020-09-22 10:27:28,686 [shard 0] init - serving
2020-09-22T10:27:28.687108869Z  INFO  2020-09-22 10:27:28,686 [shard 0] init - Scylla version 4.1.7-0.20200918.2251a1c577 initialization completed.
2020-09-22T10:27:29.158635331Z  INFO  2020-09-22 10:27:29,158 [shard 0] compaction - Compacted 2 sstables to [/var/lib/scylla/data/system/truncated-38c19fd0fb863310a4b70d0cc66628aa/mc-1096-big-Data.db:level=0, ]. 82142 bytes to 76744 (~93% of original) in 354ms = 0.21MB/s. ~256 total partitions merged to 2.
2020-09-22T10:29:56.814954121Z  INFO  2020-09-22 10:29:56,814 [shard 0] compaction - Compacting [/var/lib/scylla/data/system/clients-ca0f635d863036098d93a1fc06f2a5e5/mc-8-big-Data.db:level=0, /var/lib/scylla/data/system/clients-ca0f635d863036098d93a1fc06f2a5e5/mc-4-big-Data.db:level=0, ]
2020-09-22T10:29:57.337204836Z  INFO  2020-09-22 10:29:57,336 [shard 0] compaction - Compacted 2 sstables to [/var/lib/scylla/data/system/clients-ca0f635d863036098d93a1fc06f2a5e5/mc-12-big-Data.db:level=0, ]. 102143 bytes to 6931 (~6% of original) in 420ms = 0.02MB/s. ~256 total partitions merged to 1.
2020-09-22T10:30:06.119745168Z  INFO  2020-09-22 10:30:06,119 [shard 0] compaction - Compacting [/var/lib/scylla/data/system/clients-ca0f635d863036098d93a1fc06f2a5e5/mc-12-big-Data.db:level=0, /var/lib/scylla/data/system/clients-ca0f635d863036098d93a1fc06f2a5e5/mc-16-big-Data.db:level=0, ]
2020-09-22T10:30:06.621660920Z  INFO  2020-09-22 10:30:06,620 [shard 0] compaction - Compacted 2 sstables to [/var/lib/scylla/data/system/clients-ca0f635d863036098d93a1fc06f2a5e5/mc-20-big-Data.db:level=0, ]. 57949 bytes to 5976 (~10% of original) in 398ms = 0.01MB/s. ~256 total partitions merged to 1.
