2020-09-17T10:12:32.495452757Z 0 WWvqh7VmGf81vwsIY4qkpfnpxWwA0iIoIYBbMBqMFPbMQ6Rqu94Ior2iFy6QLD
2020-09-17T10:12:32.575283716Z 1 7ciyjCUIePmw3h36SRBYzTRYNUlUeKGTa6WympYuXySVK4jbksP91JtxY9pmtG
2020-09-17T10:12:32.656651219Z 2 lQJnPYAzTLhjCZAMq9wKTK6wttejYULq19xCRRiBQkIkcqUE8b4njC1noeDs2K
2020-09-17T10:12:32.741495133Z 3 jSdAOirAH4flbglRekcrkO38EBQEOB4KKQUno4ZAP6I3NpS9cDB5FBp9RlQfH6
2020-09-17T10:12:32.822829497Z 4 chhbqDfDTyfYcx1KXrBJ982dyU7BhZdtvobhRJiu6dvkrqMCEVAU6seIis366r
2020-09-17T10:12:32.903028814Z 5 5CYekvlCDuAc1I5NajV7Z614o6l8My9kcJ8OQBbUX6wIbHGlnTxdb0aZ89zond
2020-09-17T10:12:32.985089294Z 6 c5e4UcEYcpNrceaPXGKe67V8sHtjLxnUOOqhSHyrTKiBE22YMJgYf8YciaR9X6
2020-09-17T10:12:33.066740067Z 7 98iF6qCLE2m66pAd28w52rcHApvT1TMHKN7N0cwYcPH6zWRNBkGf3wb2VGoRJt
2020-09-17T10:12:33.147922187Z 8 Q4dcOF8NWXfYbs8f5tZ0HAook3gJB787T5gNOLTBUskj5zKiYX5Dnw83T2zbBA
2020-09-17T10:12:33.229251246Z 9 YASkOkttJs3HWm1xxfXeT8mSFnCQuIDFnvpsTCK9m7DI9wGUV6MuT4bVijQ9BJ
2020-09-17T10:12:33.310480719Z 10 UVTiG32tw4cy2PSCqYqI8U7yBdNNvanTuRRl3Gv8nms8PmH380dT4lqHjGA0R
2020-09-17T10:12:33.391352006Z 11 zxiENvoAuArV0Nj61NKAvug774j0pyEIuXO9kzgfilYKij5nNaKUjvrqwusi8
2020-09-17T10:12:33.472715327Z 12 qYvSGtWujOnGLpm490DP1Hqf0B4DmfGMEY94mkIAPqVw6rIuGPcCIx4hkaLOD
2020-09-17T10:12:33.555183057Z 13 TysEPjionhON7r9FtNSiU1N6Me49xlQMkzldKd4bG2Z2XEsDTeDc44gJOgxrO
2020-09-17T10:12:33.636620313Z 14 io20UlY3SuGHt1JhYr9b9dds9YQhJDJhYaUfYqIRXygYQDmkQEUiDv4bjipKp
2020-09-17T10:12:33.716944331Z 15 fB6RBPVVSD8rEMQcig9oNOk8XO9UDITbzKtpDmJZtr7KLiHKjWWuob6lG4Bn2
2020-09-17T10:12:33.798514763Z 16 oqyZBLbyWQy5MqaGmcRB7rJpwN3LPnv4xczEh0UCblMjBnCN5mVYzExTopWNn
2020-09-17T10:12:33.879727653Z 17 z5OcYAbmpeYmwOwAzvEB2I8RuTW8ObPYhxDCD6P0BltqB9a46mLxiyU2mZuef
2020-09-17T10:12:33.960919534Z 18 9uuOdFHBynlsGsJqtNMR2S6LTArVCvp5cm9ERJsw8ogPJIXr8LJqLNF60R43D
2020-09-17T10:12:34.042624243Z 19 qnCdR4GD9TQPJnUsiGqCWT9BOJCn2xGOTawydtHfHDWpnx0sNciCJLDbHU00h
2020-09-17T10:12:34.124374604Z 20 I0olWbkcMhpJyX5ydJQECxlCwSFiGmGx3FUYSAL1Ixg5T4BimKm4gSqQbGYGO
2020-09-17T10:12:34.205934830Z 21 3TRuxIdqCgXCDIud4px247Ziz6J92AdrmCvjoaRxqNnV02wkPRumLueHdm5HX
2020-09-17T10:12:34.287908701Z 22 pE7SnFxzCJ0n9vPh3KyOxWds4yUOhLFwZ8IqqbkDxApYJgmUm8yQfwLsPEYDC
2020-09-17T10:12:34.369840934Z 23 Xsyzc9LYAU7IRd0nmh8wGmXmNQtMtVNNLDQa8biy30raaAmgjI5aS6P0e0Oz3
2020-09-17T10:12:34.451895473Z 24 9LR1oD2L43omZ5INdblCWMjjBhJHKr1vezl0Q8tve5lv7twoOLKSzkyddHbUq
2020-09-17T10:12:34.533205830Z 25 xttps9RY2hHRyj1mV4Z35SnDRblGtH3Eiqu4Hd2f16S4srmc1mWqODJVEhS8Q
2020-09-17T10:12:34.615098035Z 26 qQ7RoMY0i8A8XI5GyeyH5t9Eefn9tbUF2j9xu2WZa5cacV3BUHa2a1W64dFlU
2020-09-17T10:12:34.696083913Z 27 JXDsylj8ndU8gkwUqucF4S2IJMhoDmTKeBeIoYZNe9H4B9rh2O3Qo0MtGtvkU
2020-09-17T10:12:34.777706326Z 28 DtP6sy1XDEnCFlMVngE0ylI9W8YGVTDCUh4skJMQL9JA6Tk1a7X2XxCKsELFn
2020-09-17T10:12:34.859374959Z 29 hI95bPzMiLiKNJiNYt4QhkKaD1Pkckx6LISo6dU2f0Ib147xrZZVOZG5BPh0y
2020-09-17T10:12:34.940745710Z 30 b4ousm7tKhZVOjWuhYnI65Gw13PayyI3MDxSCOznM3lC367HctmW1gPrRnFGf
2020-09-17T10:12:35.021879841Z 31 lwO6412jKRy7NIGeezNYsRU3tsPfcQoe4H8DyeceB4KRBCcBat8Lb6MX1ldrb
2020-09-17T10:12:35.103691161Z 32 pzpjsuYqwoe6Hn6zmWouwkyTLTuqYPxOkpCYv9BPoCmy6GSfUyxwh6oThS5b6
2020-09-17T10:12:35.184155777Z 33 jq7oKpnEOGjhXOmmu2K9D63SdZvADfOKB3qUU2ocPlsrBr9jw4Fcw3r8S01vd
2020-09-17T10:12:35.265329857Z 34 wIBFB7QI6zFVf7HhswJRkQdI3lZDObsqksT1lLBoV0uHDTCDbkWhpREcxZ9ho
2020-09-17T10:12:35.347004523Z 35 cXkSa39xh9wJP45CYuM89PIYEEEX09HVD6WDW4tGBTX4VkRmVNhnTyDKDiyQt
2020-09-17T10:12:35.428219607Z 36 cuYM2BIroM8pGAn3t7nXeyxJTpHIxJswymMFHNmVMrH4QcqVfyzMOQUNo3LFz
2020-09-17T10:12:35.509688221Z 37 uv8iGD7YhpffmYoD6Vvac7c0dhXqqDc7O0FC44FVvd3oHfuHNvqdzyKhqZRlR
2020-09-17T10:12:35.590435352Z 38 TifwK3932kMlsMYUVFoCSk17coBXhhsvQToTCqnAei7caGUiNIngkpLGbiPeg
2020-09-17T10:12:35.671610380Z 39 Ua8MEWLXTTbzPhgX311w99sw3xQAoBpRqXkR1qZx3Y5TfW0whfr2fW8gYaA4q
2020-09-17T10:12:35.753431779Z 40 0h6p0B4eoUef06Uj8vNrrFR1BOtrHzg9juGmkOdjl7ONiOlrqLBFe3Q7ybRDD
2020-09-17T10:12:35.834645726Z 41 zhcRXNEz5FS547yXRTL6weq3ZXzU8KN1b5OewnZsqgsYoawmV5bZYXIokybSp
2020-09-17T10:12:35.916641481Z 42 NmVK4LWVizyYif1GFQfYptDOH9xBiyMQlArcdKtZdthIYwJz06LyMeze48CI6
2020-09-17T10:12:35.997121540Z 43 fo9p1mmgfuoW2JJY9Uzur4sZ9VDb52CbEUm3TMP2kelYMnedzOuO2iIMd2aF7
2020-09-17T10:12:36.078033381Z 44 qHKxmzc92s4QOBQG5UHmYWj1MlvJp2OWXEgxd72w4Sg0amrE2cFsSlJ1wDCi1
2020-09-17T10:12:36.159469060Z 45 uVOmpdXkGb1JQ90N97ymGoTXFZnHWN9Wojz66TlA3nfS0xtt8NmK6sqZLrXIM
2020-09-17T10:12:36.240361158Z 46 w5htqFqVzx5RW48XznSAMI1Cmk3xoXCLoERNt1ydSpUmS0coccgPZC642fCfx
2020-09-17T10:12:36.321082319Z 47 BkCrSWlzsjOewqhq54X07UDqx0sY2WODdJvTtBCKgtADgmMSk5q3JB75pcts3
2020-09-17T10:12:36.402020417Z 48 6gd9vEoSebyQEupxSFyBc6GT7XMmm4k0ZZMxwJAhcIc8nJFbenk1Oe7H5CuKH
2020-09-17T10:12:36.483642949Z 49 0SGj80s3pYzvdyI1w0wdCxiHbe3IfjTk44YwghYWpOry41BW3w2bClZmo5gjx
2020-09-17T10:12:36.565521146Z 50 YUJg42WGokxixQ3ksEkXsl8z6ApsEfwThBVqDcrc3CBjAr1qb9ECQbnaD2coQ
2020-09-17T10:12:36.646867052Z 51 Nwub0CxF1sfSTmTwgpBeUwtqVZdSnkU5eBtesnsz5DbYrG7iudIDkeaFiZebf
2020-09-17T10:12:36.728579516Z 52 V6APQepmFAFhYTy5wjKl0wYuYChkkfPQgGIIhN7V67ihTU75SkgKLocTtngA4
2020-09-17T10:12:36.809262159Z 53 R1sjvOqF7zYMUrk5nBacyNWBQRdxSsTKZ7s7GQGiD3eKsHM7GOu4VPL2qrClO
2020-09-17T10:12:36.890723367Z 54 M8cJhe6YR9HrCk6lZRT2hsTcQ8sp76KTH7d0x79FLEfn3br7Sh6ZoEKpYD3mM
2020-09-17T10:12:36.972701431Z 55 UrTG6WnfvNApvhev67VxRWr72ZYfqNSOZhANauFaRafoyFrb0H7gTSNPWgUM2
2020-09-17T10:12:37.053369757Z 56 fx9IIKmVPxHCzP1TZcflUaUJdHAMsoNLkzBdswnXy45XvSPhXcA1tvskQhreM
2020-09-17T10:12:37.134869706Z 57 AYDfKf9Kb0ka5MhxffWqceXBLPN1dtrASDaFLlTQlkAKXDvOngYT1pw4gTTLR
2020-09-17T10:12:37.216289969Z 58 v0uhb8etg7JFBUOcopktWieaEUbF3xNnqfgxoMKG12joy7SLeKAYswY6PQhar
2020-09-17T10:12:37.297498848Z 59 sUNIPsAGqptD6dlTm0d6lPpbHL7j0VRQD07pshrapu162KlASXqfU39WIqRTs
2020-09-17T10:12:37.378892159Z 60 X4yVPXuW12Oh2ogz3CVrwbgDyAJ31zAcc7wNB9svNHP2GhwxAakw1fifkVdG1
2020-09-17T10:12:37.459933417Z 61 2STX34xbOsrLmoLtzOFKwQahvKJKcULsoTmtTt2dlU34l00Zw60MVYlIOz8wP
2020-09-17T10:12:37.541495954Z 62 msJcUo9NBROkJk4U0xtFlCYR9K1B38KZE42pByscgPv8ZrLpIxYj1fwg7XCLA
2020-09-17T10:12:37.622233326Z 63 VlZGwCm0MAAhJBABZFcUlxzsfvzS86ORfaPpWN0TNtT1vZ0JJKCX68PLKvdos
2020-09-17T10:12:37.703741924Z 64 pol13FfghfEvUWkpEWqhBZoA7UZDEkKR3kr5ONdTXV2U936fGcw9PW5qBeqp7
2020-09-17T10:12:37.785796331Z 65 0LeMzswDHlTpLb7wTv8o2SqiDJPIWrlawaVRmou3zKK8dnd5hm4DZSDLEw5c6
2020-09-17T10:12:37.867132882Z 66 Z4rbNuKgdKrdeksnO3zP4SJbQo5z5Kb8tbEceI4idx2Y6el7BpbXKnfTrT4jD
2020-09-17T10:12:37.948118586Z 67 8dF4ZAvGVLagBINnVBEIOEtYOijJkql0XksmyeaB4sZSgojflMTCKX04kAnUx
2020-09-17T10:12:38.029409289Z 68 jDoZTTQSqU0nrl0jG63md9B8x7bvzbHVdDNLrDLqLV9XIhagB4WMWqAFbwqd3
2020-09-17T10:12:38.111053872Z 69 ZeIsDE5A6TvzBUcfLDXQUqfr903n7WrupQaLLRfeH4AcDDYciot3fOm3PAkSj
2020-09-17T10:12:38.192346415Z 70 CZ5DqIM06YlfMp3XpidKql4nhalU2Wkqsl9EvnOCdbjdZ5I7XRFvTiwNp3e0r
2020-09-17T10:12:38.273437547Z 71 pFwfgZGErTeo7DLoPlwbT1axsUgtrrCeFa9AUWRp9pt1Goi4CmJPn0Q01ehwh
2020-09-17T10:12:38.354482699Z 72 lf1GoqdEPm4ccPtssFatbdNvEkg0k5wWgPrEF6jgZ8SMdOJHluA9fBtKnOvXk
2020-09-17T10:12:38.435940841Z 73 8kvTNlakwgvPktrgsTJNZskSdYRmRaZ18PNtZw6z8vSo3uT098gf2VwZmTqMk
2020-09-17T10:12:38.517763441Z 74 LCMZDtj0X2DEcEA8rS3Z1Z2Sxwpu3j2s4rmA55vHA381AUbUvnuuVpsAmwzzb
2020-09-17T10:12:38.599014977Z 75 qKRgRKgdB9Ms6CcPuF3nGgwpD9ZWZWlKrfiQxGsAvtVbH7e8VLm62iIxfrhUN
2020-09-17T10:12:38.680681380Z 76 Zc97aVtRF45vAj6gmXOXB8GxDo2bymJpXfnL55E21hE2ocjg8m25S6JXD8uPt
2020-09-17T10:12:38.762667703Z 77 hHHaxBrMFQWrZ5ZM3jhldADQ5d9OPKo3AKnuh8jK0auuSRcU6RQDfRmYBGcMX
2020-09-17T10:12:38.844247398Z 78 805E48Rt3wD2B9qYua2JvASUmMKr8JN6t4g6PTKL1UVEHhaRxoJcJCkLNzsG0
2020-09-17T10:12:38.924944153Z 79 i0FqvbuRTrGYTT2PWecYTkq9jXUQYleHy3idGKb4JWLnjS4tpgFsInmxfLXWy
2020-09-17T10:12:39.007181070Z 80 TogfGUCdUe0kjmVBQkasDnsQWkRxz6R6KFLkcfflbVss5a0cDjGNqQKfOWnpE
2020-09-17T10:12:39.087932743Z 81 vy2aCNiR4yaYGE3lUOnC6JoLjKuTjTmwPW7lU9XAcd7fFn8LxPNAVgMZsSRTM
2020-09-17T10:12:39.169430065Z 82 q35HTeL927e6IsscoygGdEYuRDm9ARqw3tB0lZH25Xb95kClkZtbH6uw3cNqe
2020-09-17T10:12:39.251117849Z 83 bOJaeDGsdM6C3oVle7jvMezsQUEyikkMeOgL0gz5HuP6FLLYMElvS1ooGSPig
2020-09-17T10:12:39.333031733Z 84 3r68AKAGa9a1Cjr1z6VFyfSsjjyhcUiqQT0I3KoRdNOUfm2kVQnZ9QfWXq5LN
2020-09-17T10:12:39.414293523Z 85 QoKpy86tR5w2jZMnFU0ll2ofQ2HIHZpmZtemin0HZ2KD8ssDJc05Ng1Xnca8I
2020-09-17T10:12:39.495736201Z 86 MzZyU2z0GSXKHnTO4o4JtLsN64sbVJMmrDD5OPUyA3pESjDZjr6YoAvLnX9jA
2020-09-17T10:12:39.576236040Z 87 4FIKgWfQnQ8e1M0HwO9f8qbkXQ5BeOs8Gc2m3BznQTNROjiAjiLEDGb2Z1FvA
2020-09-17T10:12:39.657612351Z 88 vsfDt3qNxgb74ladP5TSfsHhqIVAY6LjbNedIJjmgpUPjNCuqnsvPU4K6EsWm
2020-09-17T10:12:39.738406265Z 89 QBBVErqt1V2naecj1RQpK3PIvZvkboUiJWxq4ZxsLfXtK4hwgTLSySpZZywt4
2020-09-17T10:12:39.819611887Z 90 87xRzV71FGLP5H2JUwd9nG1cCrrBZYZBLDINCuUK5zWOgn9o7mGtbfcmUTIcp
2020-09-17T10:12:39.900179902Z 91 mErHHBQhqINuSoWsRZJJqedmaEeKLpFO91KznODAky0NmbG37yMbBKMjX0xrm
2020-09-17T10:12:39.980907624Z 92 NbwqT714NzELKUVI0IwDHzqH0TkEjxXo73EfB1jVcMPgu2unQrpmGfa4pTX5x
2020-09-17T10:12:40.062102359Z 93 6zaU6dFsOh8qeLyJMZ2PLY4BAnCPpYzKTHtngcZwdxtJ9uSF5c7PF0TdAPUrX
2020-09-17T10:12:40.143123214Z 94 AvTcePsA5YOxmldbxH62NzYLQayRFyQc1CFT1KCJCUukS3qRTcpZamq1tGLn1
2020-09-17T10:12:40.224305888Z 95 Ptp0oMgEgpsUV7p3249cHAxYAvfDVHJcRl3bGLJK7duzrFyfNOtOPZPz6sEaj
2020-09-17T10:12:40.305098942Z 96 B8jlSsP0M5bdS9s2Yfs2r1UsRZphF1X5K9VVB9usfBbeiCHhPnLErZipYx7dT
2020-09-17T10:12:40.385926070Z 97 pBb7QCEPyGeLyDqHwsXFOb3FCSEnbNv31N8YnPnqbWT2aLErlZAdBn4QpGXB6
2020-09-17T10:12:40.467350942Z 98 jUjUbtEHFBqCFE4vYHuEDQTY7mUi8OAUBROT4jOrlF13VhytvVz2R7RXUO4Zg
2020-09-17T10:12:40.548401441Z 99 aV0bchhMshWTHh9Q1RMPJmdUdIDpq0s7iYv3KTmqvgWwVBOONlNzIvTgorb7c
2020-09-17T10:12:40.629153398Z 100 onoGGg8UPjVsZ3gHlJtU5PGTJCVFHeQZSQvU7qBGrQpkAHMoqhJZAxzGEz39
2020-09-17T10:12:40.710902825Z 101 7IYbRnOGqZBjR8pZ9s0iLeZdemmJagj4sdwNTUypGsay2rVHhzolCNgYvdzN
2020-09-17T10:12:40.792260421Z 102 UC3SIvGBJaiYo4OunOLR3qiv6t5nAesGEIcPi2GLmZwuTykshyuhCvDwL2MF
2020-09-17T10:12:40.874457102Z 103 w2nExQs4T6Gs1LAsgmxtmpIVtKtI55PfuJ4teaBGwtvfVg1llIvGAr4wvXGQ
2020-09-17T10:12:40.955254829Z 104 gUuTGZLS01bbJ03E3NZ5ZvMR0JRzJjD0dooHDFG0GqxKvfOZtB1mZi4AdjP7
2020-09-17T10:12:41.036536253Z 105 W7X0JSiC9gytNYZNaI4dG4CTZExziEeSQLdkm9ECnTUJq94Vlf0pnADE7HQM
2020-09-17T10:12:41.117833986Z 106 Fot8krpDiF1pWPU94Yuaa6uOFqf1bLqePEs6SiW0PL8qFIgFYwCyFHPOKfGT
2020-09-17T10:12:41.199658555Z 107 C5fbebNelb221sA6KBul5CqehOx95ucO37pf8dzHtMNQP5PmhZckCZXPjqGM
2020-09-17T10:12:41.280558240Z 108 0t364wx9GIppDJCFdevs2cM6YUhVyQLMgcZUUGTe8wwr07wPUXNyHtcJbgJg
2020-09-17T10:12:41.361530304Z 109 uVFMIo8FjkpUlYHDueYFz2lO2OUR0tyKKbbtEYLHCprTCQCqoCUWERKY4O1I
2020-09-17T10:12:41.443020265Z 110 OUpyJ1bOrNFCAiaRn9OZbEeKsMN6GbD5ae0T1yDzMfI6pMfriPIs7QdWI8aP
2020-09-17T10:12:41.523940774Z 111 LWatWl6lnQJtpFmsUlerO8JhSJZ99hSK9sT4iNh2KtqWbRtqgb6j0pXSxvex
2020-09-17T10:12:41.606131552Z 112 yAL63mMzLgKRAp2rRvhTMeaJjsVGrXT0J44PNoRuZiBLkm2Sg4jjzxmhR1e6
2020-09-17T10:12:41.686904932Z 113 URsUlTI8vSwBEcKzHaA4q3KnmgcQ8l1b8N00ftE2P5bSEOW3NZFOWfuECRbC
2020-09-17T10:12:41.768472711Z 114 FU6oB09ZHhBP7NKqxa4rAEHNXMwN4F2Edq2fkOPhHrnMEpeL6F4DXP3M9m6Z
2020-09-17T10:12:41.849394867Z 115 jH4AtqzqpuepxJlryyhitghboWzAJAF6xHfe15zyfp48fACkVxkTrvkTPjQn
2020-09-17T10:12:41.930356242Z 116 CoCRAOTHMaNx0siRkNAdiEJCqdBZxIFEFZhlkCgCokItV6mCho1cB7BUz0xr
2020-09-17T10:12:42.011707644Z 117 4UOGh2kV4H2N3etVtKhs9PBjorx6ni3i0GAsDavjo9lHZVsWhCYnjR9OMnyB
2020-09-17T10:12:42.092118391Z 118 irQvUGypxeQOxyiv1xqeFc5ublmojeIs9gRQs61hZIqclS2uW1tJOJBTAMbP
2020-09-17T10:12:42.173195839Z 119 xryHUiJ5TzfeD102uwjgDpKu4uz6LUywQ0k0CFLMrRIa35keL0Ik3SWGDgyM
2020-09-17T10:12:42.254570641Z 120 7PfnO1s3xxumTmbv5vjQuZ8YiTJRH3qsq03sk70tL5Pp3WoZFvOezfJK2MAN
2020-09-17T10:12:42.335311304Z 121 UEZ48aENl0JllPjLCQRqglHbVviDlwRXbDQn155aYiwxMZsg0KkGE1OkG8Jg
2020-09-17T10:12:42.416393446Z 122 k5DOvDGoz3AACnDjxaObiuImsuDHc1Cqs2k16R6XnNWRzmAPibYxPeHC0lSd
2020-09-17T10:12:42.498844289Z 123 56GPWt7ci465PRxnboRReL0HEWXAlkHmwy9UUNuwcA7nCgjriiQuRNuBa59H
2020-09-17T10:12:42.580969459Z 124 QMI8VoVRdNMrgihTjRvIpnAZA8GHw7SRDwDsOLWRofrW9M4Jf6Gpti4kYr5Y
2020-09-17T10:12:42.662700936Z 125 rh7MVvcu0TnMNai9FoKPupvHgWsTTGL5hmHsMuJ2QnetSTbCq0sqXcKKQV3Y
2020-09-17T10:12:42.744368404Z 126 afYLjiFebZmxamd0TZKTaYVi8aNQ0Ya2xEQB1K6zHSVGDMEr1zvBt1SKEfOB
2020-09-17T10:12:42.825953893Z 127 uwaKppEp4P5tKHm2moMWmQQlHT5YiVkV30VHLGlEL9huyITE1ajRGlwWDzMA
2020-09-17T10:12:42.907832085Z 128 vDFG07mIJOnWjZEzw4LTehshPLK6RIUviLgWMwVIFNlPZudciKpQCC7K6OpQ
2020-09-17T10:12:42.988676652Z 129 hbSG2zVG8GsaSQCuxDZY9XxTiIaJbLj3DqgFh1TKmWDTDoExTBjktvyA9VKb
2020-09-17T10:12:43.071136596Z 130 9ImGFO7iFWx91ANXFHK9Llmr1rYfmnT66KZKbMjRGp2iBdZ2y81zFcVDXdw1
2020-09-17T10:12:43.152697309Z 131 fjzQ9TtSvmYh5faSa1pDihG7ZVOuJCLMbtirAb4uZWnL2iZjfQn2K08MIiej
2020-09-17T10:12:43.234167817Z 132 TQfcp3P9o0KvuBvcGdHfz8eXeE2CuBM1lERC8rQopu7lKQ3X32Y92fstbvcG
2020-09-17T10:12:43.315294372Z 133 7l1BvBac5fB2DjHiT5wOmaQZimEzReaY4RxVjvo1yPxUhhbqZ4xHNxIWBFib
2020-09-17T10:12:43.395898210Z 134 09Sn4Pi9OLoREwjT2GR8WkvKPvpja6HkbE0veHqGaWs5DAJqFpBAiyEAVEpP
2020-09-17T10:12:43.477987212Z 135 eKpYvvlFMU5f616sZoCAXl52y9kEgl3WDvej6I8JTfIU4uDHZgKPPzY9VQbV
2020-09-17T10:12:43.559764818Z 136 V9U4m2t9YiCppq9qEBAj2EIPgPt3kw1Wjs0eyA0aiPsYcLLkUYLINFrnAJgI
2020-09-17T10:12:43.640639544Z 137 dpAJXCazhpMzQJN0IOSc7W1us6kFvhkStitAgAlRiw4dYr2bzQfOPhyD25SB
2020-09-17T10:12:43.720913075Z 138 aP7Mjf1CgHN33uFsthGYLEhFhC517T6dDVkyvOHA48b9w44QPXejw3iWN1Fv
2020-09-17T10:12:43.802091649Z 139 aNZcTC3uziuIbuJMNrBnEsuAnB0iwDAHWTSsKu4NYxrfJ8hzGj1D62CL5wW8
2020-09-17T10:12:43.883456485Z 140 zFnmrDUdKLv8uyKgMZWQoNbg9Ifa4KaTklKbuiAiDir9CVmopayJbsiJ4TLq
2020-09-17T10:12:43.964843392Z 141 udW1RX6s8FSpvqZXhs86BAliq6qAdp5HBFZ0tuOdb3ZgK9hHP8U4kuXI7pu3
2020-09-17T10:12:44.046300444Z 142 qZpIhqRyrrBLoySorUTOIyEXch5to25s3UsnBtcwoE1Npe0XSOafoOcCvLXV
2020-09-17T10:12:44.127674414Z 143 42fdaSpeTjogK9UbbWT85KP85nprIBjSgpGos5qjvCp7cGFHkVSLTaRlMEfS
2020-09-17T10:12:44.209212053Z 144 qnIj14mUu9UFuq0FbHVPGHW2InnkjEOgokQIDLMH3P5QZSXiLaOH7UnUP57Z
2020-09-17T10:12:44.290059722Z 145 ZICjp8Qos7JEg5a9jKN2aAPC79FAMT2HM7UNDTXw7gOb91FhhtWe3zNTXOZL
2020-09-17T10:12:44.371216821Z 146 ESw3EbRJI6swKMOI8Ks0puitTpKQDoCoKRw5zyhw8Rv7NrUbngAoBF2OHJCF
2020-09-17T10:12:44.452442650Z 147 AcCvX95pJP5uEesiTyR9t7XJ1R5KLatNSTleMp6Sb8itQ64NgI0EQ5CAishx
2020-09-17T10:12:44.533062468Z 148 JtkErDWPvLY9COAoppChc5PxOkBrhJyN1NVeO5httiWD3nZ64mNkr2vXtdO0
2020-09-17T10:12:44.614736364Z 149 onsj4Cl4Q0T6esxcdZ81WWykHNhQYPGZJ4nk8cD86fjpAJ0nkaRC3o8KPk3M
2020-09-17T10:12:44.696257466Z 150 9atXCS2PtsBT4Q9AofhmAwpNStt4dxet4nGElvO3Pa2M4c8CPkLH1S6gSkmd
2020-09-17T10:12:44.777329979Z 151 xCySMvncqL4h8Lc00F4cWXt7dH3UXpclvTuHKHqupdXbCRSgo5IS9aX4JvZc
2020-09-17T10:12:44.858388445Z 152 eYbQRU5JAP6xMBFfama2bMu0mutPpCBvO0UaAJwvlT0KcN27ArczjiU7JfsP
2020-09-17T10:12:44.939742397Z 153 xwPQiMnt08p6J9CbgQMCfoOZt3FxI8roPpaVBHlyLPisdoIz5XHIS3uIFdsJ
2020-09-17T10:12:45.021763787Z 154 ABMscFkBt8x1hyp2dLo49TMDLoy1BiOM0Q448MkIiRGbBXN2pVVrwkVKszaQ
2020-09-17T10:12:45.103210891Z 155 qXBedVvq3GA0hOrcM1iGLhlQM2MKkM8wNLwVeKS0OsrApFL3mq3uGxXH4szW
2020-09-17T10:12:45.184065917Z 156 e1hVkaXYeghudXrLLi0YiRSaiYrhADHde5HNJNPkJLhd1VpwB1qjqSwrmVXw
2020-09-17T10:12:45.265146665Z 157 C2x2kAHaNUMw4lAPnMZCYKrdx91REscEVobusuZfB7rO6AtVHGZ6Z47fK4f0
2020-09-17T10:12:45.346901074Z 158 iiZcu6ce5GfnrmBA7O8ikoXb0NyPboREqLkE66AVVKNG8r6bXSNeRzgswCoH
2020-09-17T10:12:45.428804138Z 159 qYkhRsBgOgJgIixcB6gruLPjeP70ABQKsKLAoy75Y7M1lr2pjkGhqffjSrDO
2020-09-17T10:12:45.510671216Z 160 wzomCNxFoLeq8Sy29F9t7iaN9Lr0wmhOGvVJhwAFmaznpAwOBzguJsP6VGou
2020-09-17T10:12:45.592380400Z 161 wkFltfgf9mJWQVEm6kE0RpIejAqXdiEksuPBXT9iMYNiUROOf2VqVyKYdCa8
2020-09-17T10:12:45.673312488Z 162 nrQL7yqFobIhNpTn230dlL28MRDw18r0Qq9DQ0D2ffgokrjpuT5Ak0inVCUV
2020-09-17T10:12:45.754289148Z 163 fu9FQYIe7mHIaaLrqmbtABkPgSFI5XluYmAQGZSjzWjufAoDTt8zOUQ4uyWq
2020-09-17T10:12:45.835315485Z 164 D2CKK96DtTr7hthXeiPA0dhL6tzNVBGl8HZtDQrmYwfRR3ZwAJp2UYjd48lc
2020-09-17T10:12:45.916714443Z 165 4tMFl9kqZiup3pvXV3e7FJjJWZD4ZjH3F2rZ8LHaOsJDk5uJR2ZFHbCu1tCP
2020-09-17T10:12:45.997003898Z 166 CboHbcLKsVyUudODfKTpxndJSPjOrdETTGqZvl7NHZytWghrzJn6FB5yQSGC
2020-09-17T10:12:46.078595406Z 167 4ZZWpLsuRkvbhQTqJMm3OB0EM5tc4MvINxFfIixZif57CEktBqdljTLXcyhb
2020-09-17T10:12:46.159943777Z 168 dec4bJORiG36Orm99WJz1hjciVq23KPnXQAfNPYtTyfrHMfIs9t7jigxOoco
2020-09-17T10:12:46.242296141Z 169 UN9sCCrgdQnlHVcfMVdvrTcNcLDEWeKCzMpYrzRy17lGPiWbAoYJroUzxdm5
2020-09-17T10:12:46.323482862Z 170 QQArx9mBhXCbsNKVpBSLfhe4kY2q1TiJ2eDxSSvOgDBdtFSE0QogoiTY78p8
2020-09-17T10:12:46.404907145Z 171 zsRd1EAFaW0LA7WsGotmOjpBvflyEpPEVsGXF8yBAdBvdf9c8bML6nmIr1t6
2020-09-17T10:12:46.486657826Z 172 1bKkqBURbRNJVRXnOXPSdjeFtaC9JWAkYgxcmU9Q84H5UxP8Qztbzhp9nZDu
2020-09-17T10:12:46.567882826Z 173 SNeS3E9yBekun9DlVXp1DuG5ScC4q1VEHQwEkDauKZyqEy10iS3OOcmXqDlU
2020-09-17T10:12:46.649553868Z 174 z6Ojczmg7hAagcMZErIZBuKXFbo7UhhYzeFhWpw0bn9MuJtxszXoM6U4Dimm
2020-09-17T10:12:46.730922432Z 175 TVQ8SUPkxj18on9IhmRDmKLBS8pThDO8khod6Xf1yOHKCXFLeFoD1iKa3Okh
2020-09-17T10:12:46.812691641Z 176 xH4TanQQNbtyfRpXzsoK5M7pCZtGn9Z5lSISJscBJNjkGcjoE3yvFtEH07Wv
2020-09-17T10:12:46.892966948Z 177 eF1mO9aPeekVeyNsIqBSr50CQVCxsqYAi12shfGkWOQjRRHPKwFZtM1cGGxn
2020-09-17T10:12:46.974066842Z 178 CkJtyzNx6xnr0iyoPKXXPSuXgwr4CCsBuqynXs7nZnQvqzcvhIxP5KBWFU0U
2020-09-17T10:12:47.055988822Z 179 RXt0USeeccX1yoj9RVmpShOiSltOzrOf6gUFBacIygtXScazsweWF3dwfQVv
2020-09-17T10:12:47.137688895Z 180 FroNRQGblBxURM8tDnPOaIiNVw8Fyxta7qf8twv1AufwNzSkXaeUPNCs6kSd
2020-09-17T10:12:47.218686751Z 181 Q7F6DpY0VlAXkj1KHw5OAWr0Y3OUdloZJOwdqiPo4EIOEAKEh8z9wMrVusNX
2020-09-17T10:12:47.300161684Z 182 6nsqrQX0EZ84Mll8RL6wM2vzOppm9nax7rL2B3yrWqbOy7kT9uvoAIpZR6Cs
2020-09-17T10:12:47.381650822Z 183 s1RA2no8IirTRVi2vZQhGjNR85fYUtAJjOQHTi7w53vAmn0dxEmS6QEJYcvw
2020-09-17T10:12:47.463762734Z 184 3J9QJ3IEcdFj3KvxsEHBR6tV0BmYtQkDnthxsUrGmE6ZKpUhRxHGpheAS7kt
2020-09-17T10:12:47.544905608Z 185 UmP737RJOaKERIsqr6p2Nc7DckYvzLP28ECpgOREE1Nyr60bG9HJF7zFIHt7
2020-09-17T10:12:47.626724179Z 186 loXzSxTfowZCCsfoVTBWeESH2QVEnoWXoYHNZmu9NrHlOa0lgaVIiEG9MMXT
2020-09-17T10:12:47.708096140Z 187 52yvzX0ztRVQ3XDWc1JmhR7J5Nk4SZg1Nf6FXICvaJDvioStcCJTrWZsEZBf
2020-09-17T10:12:47.789743228Z 188 5mysIB6kBahecwMtJMu3vrQSWaVT2MY5GYkr6J4zzvgpV5hxLzJkb3W2kejU
2020-09-17T10:12:47.871108479Z 189 Moh93NYR5dKxgMBZD8MO00nNvmVQ4CUks0kyXaZ5ATZzNnfotZIILBaVK1mP
2020-09-17T10:12:47.952043611Z 190 RF1eLXKwf4EuX4L8XdBNDyRyfFc63VeKrrBC9K7sVsllQjyYTa1EpfYBvKSz
2020-09-17T10:12:48.032982977Z 191 GafponCxokXcaWCDIfhh9lyBpLnErUuRyFjfcHaz5gQTwCPbakHYHnQmDLG6
2020-09-17T10:12:48.113885299Z 192 WMbJIIjjh6JvbzMMOxW37pP2Tszpesx3ob9YeXzA7PZjUc7esqSEVMKve8AX
2020-09-17T10:12:48.195213365Z 193 V3CuLntfS6uL54L7rf2m4Jbf1XZnkv2C6WkTMYFTueoHyrMUd7mDcqIUhFXR
2020-09-17T10:12:48.276462321Z 194 vo6YoDXllnHGv5exBPy5kN5ohciHVtWpjbUCEu5bkbewsBv7vIkOJwIBGA5i
2020-09-17T10:12:48.356912060Z 195 wp1FHGFNVD8xguyblc6aNPX96njzq2y6EDPdlAAKtdv1oVggl5CIsq0DjHSa
2020-09-17T10:12:48.438172245Z 196 cDkjfs0VCAFnsF254EPwj0aQ7GMjVpdptcFpLwqX1PdvzAmbZEg13C5wzrZs
2020-09-17T10:12:48.519331759Z 197 gn3IhVxWJKtyJs4FKg7S5HYsyP7aQTK793HU5jasgZvqg0K68tl3z3ie04wE
2020-09-17T10:12:48.600132274Z 198 l6nW2rWu5k5ALJhPwmD4l0PcNWBF9GdEYm91WFAMkf62bWLZBLwkj0U8mahZ
2020-09-17T10:12:48.681669827Z 199 Hea9zGhTulXBhYQdwO2QUeBr3G4ylkqNoslAJZfFW49rAgAMz2mKZr4131Pq
2020-09-17T10:12:48.763067307Z 200 zINS3ORI18NX6imbPSOcoErellCBa2JtQOg9k5ykYTgi0PCWU7pf1Tl2Ia4c
2020-09-17T10:12:48.844049635Z 201 kCRZbT37eydrSLUBZ48sZ3vAxw1bLMAdUU5rXI0BphqHk5oFaRmAs2BnwF52
2020-09-17T10:12:48.925556793Z 202 ECZypMXyCZstyMj8qfMWOGTAuCbr8NaBxmljbRmgo2JX6lzG5fNGLHdWcupR
2020-09-17T10:12:49.005890548Z 203 qQNlp992wfpHrX6NtLC8GUQBuhb16SJG8vbYM5LY69PWs9nKqvCXNSW8tKWa
2020-09-17T10:12:49.087017512Z 204 4ysMhctY3jj35ivcLrKU4d9QK9aSmNua26hXIVlFwt537x33jTfvydgEblbS
2020-09-17T10:12:49.168803810Z 205 fZYw5FMcbMYNLnVQG5V67zIXeIaVU4NBJ7EldC6danNPo4iF26BiOJgKwMdl
2020-09-17T10:12:49.250929451Z 206 DvTeUuwnF1QftCufcpQL3E7eSiB6ROtn19Q9rnxT5rBYjg8f8DuaCsistRqv
2020-09-17T10:12:49.332242429Z 207 jz4EKUEl9Zd7ztF245PPDVa8KcVeDw7Pe7dD19eSSt1xJ5vxbHvPijnkWWnc
2020-09-17T10:12:49.413223916Z 208 vMflz2C1cvdbKlKN1W8TZEo9yhpPO15JlwpSb0ag1KWIlYVfHQhW9yjDtwPp
2020-09-17T10:12:49.494642018Z 209 gyvA2BachWTL4QLFtHp0tTos8oUIFvMt5kBAdnc6M6s5xR4745hHhik94sBM
2020-09-17T10:12:49.576577663Z 210 pfxAcTmxnopPUWSxhJi7dLftufFRX2bSrYAhK1tLnhYnIB22FliCCUva8Hbn
2020-09-17T10:12:49.657672922Z 211 SKKrxUDuk8s7fQS4qdewkoB4MBjxo1qdrFx609aCW3aTiz7htPLzQq3z3rIp
2020-09-17T10:12:49.739035455Z 212 zwGSTWnejsNG4C9DqCutKJc7U2ErDdYc2Ou2IDfdat3ofSChiS5PoaIXAMmC
2020-09-17T10:12:49.820502599Z 213 qkT0z8C8bH2gez2CWwUpgM0LE9jwWMmERNlsFgqujpASciQCs5YxYyLieJvb
2020-09-17T10:12:49.901701973Z 214 yiJRVF9Eb3t9XvRD2BcHiqB3hOSimsaiuetXhrCC7vZ4k9xtQ5PdomVRUmIO
2020-09-17T10:12:49.983091133Z 215 Kjmas0vcOCcsmHH3P0NYuOMrASfbHj6dHXv7gV0PupWIcKI0fBkdeytyeH9P
2020-09-17T10:12:50.064977185Z 216 mdhfVGGx6ULyFIVWGKf8RVMQnS6dLyvDWjP6ilv7IlANjl9kmnzMax5Z0hER
2020-09-17T10:12:50.146208818Z 217 9DcOlqvmUzi5miGPVjzYcEIllfmPJwaKcwxdDu220mXODpqHhrFZkl1AYAmL
2020-09-17T10:12:50.226859704Z 218 J9cjstH2k1E2RdaDeHIZXnLk6TjSvfaUyIxPXvoqJqKrbACA5eeB8ygZwdOz
2020-09-17T10:12:50.308376987Z 219 znfg8wYXFaAZAXbm3CMc13QMTUxBmrL4csmOjVAE2nq1bp6ih4ZD50jRD5w1
2020-09-17T10:12:50.389315116Z 220 jk2o0rldyZ4E95pSLYdqK2DhEWkCbiIAcdQgkau3x4zEg8LrnIkDPyUmGEVR
2020-09-17T10:12:50.470051356Z 221 RuynXeXzfnmDHYNrkIDobfa3OsuOLw8CrGcOqflqwMu32IlJOjxZNzoxTCFT
2020-09-17T10:12:50.552609985Z 222 YlHQEf582tGM7L6R4jCMfrJZ3APf2Rh0nBMJBKTQFB0HcouO9DcuBT5TTH01
2020-09-17T10:12:50.633457081Z 223 L8taEoK01Ag4BN4p594vk9QWq7BUCYwNqjka59puQCxoz9nCfwaka0r0H86Z
2020-09-17T10:12:50.714912397Z 224 lY8FGe1vnPuPmHQfKB6decmG1f5JnkI9kRUYWiqsG25Zs1mVB73e2HZmOKnO
2020-09-17T10:12:50.795989279Z 225 JWPwUpzzqonuUM5QOWuATjiLjEMlscoVad9hxriGxp31CxvsdLSmrJmpJsxa
2020-09-17T10:12:50.877167610Z 226 dMWofDn19Jk1G8DBer8YknSMT2TO2Ly4xgZwswVzVyAwKHjmnFQorIveyVev
2020-09-17T10:12:50.958057361Z 227 baHHtbs05VlNdGmoqW3KJBygGnEN4FskXSMvH3LYJymxks3bNK30lht9aOCd
2020-09-17T10:12:51.039111467Z 228 IgbAlTG51jNIby1DFLf1ap4IF1bmRYYiBXvp0RBD0T72wQTN5ii6NDiiIaFA
2020-09-17T10:12:51.120305537Z 229 uxnhrA13SYyuG1qG8rCLxK5DG4EzXgGQ9ZI5OBEPxTn5RqkteysKebkcWn85
2020-09-17T10:12:51.201340223Z 230 CoR5wh6vAmFcF75FREULngygksjJYV4gMx0VTsSthLrzV9RzHtYFnW72hbgv
2020-09-17T10:12:51.282472408Z 231 VzeiJuK7leXjcHPshT1IxHEAa2qtZVZFXvApnTHIWCOU8Taf2HhTG2J7pv6X
2020-09-17T10:12:51.363498891Z 232 RZYgqHwBDJtDkUCSXEFnvCv1zil8Iz32k4bBAF6oQx2GayyOEEdqISXHUmMm
2020-09-17T10:12:51.444285473Z 233 c2eTuXB5UiZsizu9W0qxOO7LkfFv43V6tEpM8YPw5YiGUtetTZgK5nY0NBcm
2020-09-17T10:12:51.526651559Z 234 0VFzh0lJgtPq4lTcuFrSERB0VJCVGPmujuVqgkOcXPEJ0aJ4CbgCNCy1tLnR
2020-09-17T10:12:51.608515515Z 235 gHyEbZkys9Ak0Xmv223OfBeWZ0NnyxiY5Qq7Y8VAK7GYYJSp5tcuaJ6YXbwp
2020-09-17T10:12:51.689182168Z 236 JmnyOtoSucaBjd9SQkwub3oUVA8NG2XBT3uwv1sW2N3dsNKmCL4nyCrrezXj
2020-09-17T10:12:51.770377413Z 237 qjH2PWVC5VZHMrHCzVQso0ezpN6onW9dHJ1kJGUVOfBX2slsykOlNjDxR8mm
2020-09-17T10:12:51.852021403Z 238 zgOvFRG0nzRT6GkWrKogVSNtmzlutCRINbwnSmIZTpSX6WDuDPJZTHZn4del
2020-09-17T10:12:51.933111599Z 239 joM4znvt8uhr4RP3HUFthf4BuX45MJ1m1wwH9HDjvPZlQ0sdxzIpBsCndryV
2020-09-17T10:12:52.014869035Z 240 nQfsmow7jnVh7xQtfy7UIJZ7BFvd1FZorZTpD3eA6JhqQG5dv0VLSM2bZWCl
2020-09-17T10:12:52.096405690Z 241 IXU0kAkr8T6j58IC526qeeS1KCCkArZaKVMV8DSyLJC8i6AVnJGyC2RGLxv9
2020-09-17T10:12:52.177877990Z 242 lFpvZpBm91SXe0PuFOtv5KtJud76xaIVyWoD9HY3FokWPdsn5bLJqeJePujP
2020-09-17T10:12:52.259817941Z 243 ONB1EjspYVWJO6uZsU9mQ0l6BYPId2Ao15mFstmmDN7i5AcI6pjQ6645oTMN
2020-09-17T10:12:52.341023691Z 244 V4bFuWIPEvuiHCa1uV3TWUUxu9tDeyFKwNeYHQ7n3ArOgKyeD7thJmNEEbl0
2020-09-17T10:12:52.422484522Z 245 9a4IuT9T1IJRxhT2ElGgj46Bh5EoaSEpSOazqBS3dE67FmhX0NvH3EWEUjlI
2020-09-17T10:12:52.503727909Z 246 7nbEBCvZ9BtWbrYu7swxsWb95fDlFCGWrJ8sKMFmRRKC02TcbhQjPdDKKZcB
2020-09-17T10:12:52.584983335Z 247 LknJ5WXIXma1aeyNg3eX5mrACLAyrCME6XkxbpBVDUC3oiaHvzqVOui8PaoN
2020-09-17T10:12:52.666180317Z 248 ru3c5the3T50gPBvI281LjFO2XfQSahvB9oSSMPHTHTyvYeNZO8Piij326LK
2020-09-17T10:12:52.747863081Z 249 puptyNzZQ5J3pLBZSrZApcQw85I1IY16Lb3oxeBXP1zvVwueEL7V6Fnl4VP2
2020-09-17T10:12:52.829751597Z 250 BsrOCERV7aKhyKy8NkWfzmQsE1l6KN6jIk4ohliGH1Duyolt4lYRhyTkdOSv
2020-09-17T10:12:52.910514483Z 251 HHkDx8wJ5rJmgkEHMilkbr0FYZPAiPaHMw7vqmDlQnL1G1N4E8qM5XqqZdXt
2020-09-17T10:12:52.990859224Z 252 56aJvCVjRzQqMwvWTeCcatMrAQglyiLnSQ8jXiWscEfUtroYwlkEUaPK20Z4
2020-09-17T10:12:53.072732210Z 253 5f2XPJ9IPtUcDFaWgVNZUEmAEJUywwQLWWnQ3Lyph5E1dS8HkdYnAsveR94q
2020-09-17T10:12:53.153223430Z 254 KeIVpP4EtSvpoBpFEIl7JaBp99zeWGCojpSC6A8YbFjFEJ1ifP2Af3HTIPkI
2020-09-17T10:12:53.234407901Z 255 GsBsZ3JZ59OCetfpgoikOyKOwlQcvLayFFkE7N9PCJSf8tgX032k2YSXZcB8
2020-09-17T10:12:53.315162755Z 256 qfvWRSKkprdY7uB9jLVMjn5mpz86mXWQ10XaoPAAoGzASslmZUI3OgphfFGa
2020-09-17T10:12:53.396560141Z 257 LkkOcqbPmU0ZzBllLOjkV0LiKA87jLG3saUBav3SEeOv1W4s0R7uQNPng4QJ
2020-09-17T10:12:53.477424728Z 258 5fwVgV6ndR8OceVl9zsJp2YjlKqsh0UfFsG3Kk6bhKWigVLiqQmEkIElmkq2
2020-09-17T10:12:53.558598956Z 259 GxaQBZjJ6Cq4B5OojG7Do9bgVPeeqWCcHekV4N8ppieJJv5frixZuji0TlQS
2020-09-17T10:12:53.641109693Z 260 9mzKpIeBOLD90UnABVjfscF2e4sb1CeAj9cAgXlF4mjLwdzjl1iujRvrXUWx
2020-09-17T10:12:53.722070806Z 261 xXgef6VVTVnhEn160qNXtwSz8YpL9rktSTjN2Q1lslmgP9UeHCYVBATv9vfO
2020-09-17T10:12:53.803021777Z 262 KOTCP18NZnWD8LgWY3bmUmy7BN3x0KhAYMiXorMrWeg1L3UEKPIP01VLUHOb
2020-09-17T10:12:53.885091523Z 263 j9W5iu1hzeUFqfoN7aRtcvOszJQUAO568aEQCwrkvGtklSZgLrOYMXsmzwLp
2020-09-17T10:12:53.967582199Z 264 54i0s2G5H5TrQJQaVAwMF4wcz3ljS5MWzjKKty2UOQ8nRXbN2S7jhAxoRSGj
2020-09-17T10:12:54.048116427Z 265 0VRdUdoUYwUYsCbSHpwk0BJzRIgRGC9vJdzAVOYvd2XbNA8TBFNhdMf3uHGb
2020-09-17T10:12:54.129715579Z 266 9suJeJXLHaVjexoEF2mfH49ASrK1jbvbeVE9eCWrQAFWKnjA2ZrvJKpL0Zup
2020-09-17T10:12:54.211510882Z 267 2HPkpf4w0nKPn24mmcyf6JkiuTg1Aa12o5cg5v4JbjIcNLGYG2mhrpoxmq79
2020-09-17T10:12:54.292232870Z 268 JJsnGUzkQOTXKVQP6zLcvimsonCkkUJUn5Q52lPYRuues3b2Hn009dB6WQmP
2020-09-17T10:12:54.373309003Z 269 JtMHfRJ27x2Sulfkb59lGZne25WsT3W5u29r1gnQ19fcggs9Xlq5gV1PubES
2020-09-17T10:12:54.454980283Z 270 0sROie6BSq2JXRrPyDeDlbM7F5kgIswrvDtbs5UDFl4a5QkftEjb7vVN3Fqv
2020-09-17T10:12:54.536536852Z 271 DDGhllIOqcLCfyPo65uK2TpEVLE8gklT5a8RbdSTD2QvfHfzpJckFzhlLyOV
2020-09-17T10:12:54.617432006Z 272 JVcURzC6L4ucoXpVsrnae7FEclksmDR6WWVbWPPRlqOlDTDfuFXTnvzQE21d
2020-09-17T10:12:54.699094347Z 273 RHQfa6F4n7zhLBvMRVcX2opNlgQL2VTbUqAB3TSOsmWj4fXINyCZzaM5UVta
2020-09-17T10:12:54.780877121Z 274 qOYpRvsksIHuO0fDRdDMMbzu8rHByU0SDL8I87rZ6IgPTFRxXufeH1Tngh7V
2020-09-17T10:12:54.862171736Z 275 fsHR1PQgZI6Hxl5Nincg5J9QqgroSp8PtgNM1snmcFQPAvaFOoQPBZNsDePX
2020-09-17T10:12:54.943913544Z 276 MkaqEsWEP6gOTThdP1QGuZuPpEBazUmSFvMy1Ffoo4mR1avFU98shyFSsHAl
2020-09-17T10:12:55.025742095Z 277 cBFOod0WAkjZNpT7kuHi8ycaop5yHgCSQgqWNbsUr7hvNJJTwW5pLCpIolMu
2020-09-17T10:12:55.107491065Z 278 CHK4WRmI2VTBt9FUOZql9FyXPtuinD1LIvckSSf6MhSPKGH8L2s6CT5496Cj
2020-09-17T10:12:55.188198677Z 279 PIPShnkoOCRIqBfob7yJlFZuy1ZIYdWS47v39Y7Z92l2a5JJnyNXR6aFkSik
2020-09-17T10:12:55.269357283Z 280 8MqLvL14DLZk3QJSYdq5re3RphAaewCBEFvNl3x2QI1klBi3xtEIglCJdPd6
2020-09-17T10:12:55.351007857Z 281 5pVyJy3sFcG5zus5jzXglNJKWuVaLlK2X3a4GCt6n73tV4SGuLN2JVu0oDPU
2020-09-17T10:12:55.432430012Z 282 brDu0V11tQW6CIjSUpi6gIBVgL7xmkBwGrV1KSoPqHISpRVkN3iVd7tn2mJe
2020-09-17T10:12:55.512956066Z 283 n1B6nx9Fck6jMQu7G8OPh8uvlhh7xb4Z2rdZicGLEXEKGQeoUgS4UAd8cs8Z
2020-09-17T10:12:55.594936383Z 284 YFBnXqKGZQO5D7M7uyRlViAVfmTsqlkGR91hJXBOy07TZHrPaSAnY3i2N3xb
2020-09-17T10:12:55.677331825Z 285 vtiV3OT5rP05SiZPdWDPV5oMn1iyc3Y6dW5a10NqAqEUXGCj2ubY7v7ACs86
2020-09-17T10:12:55.759168939Z 286 pPoPGvyqpSAc0VSa06TGTN6pH6HIiKQYhlv8uhhKjeFoGIBM2ZqNRPPoqzRs
2020-09-17T10:12:55.839461333Z 287 jvOWEBgAGTZeWU6o5KOlN3UNLT6TGFQInbLdAkbXOityhpw2UcuV8iJ1uqoB
2020-09-17T10:12:55.920023013Z 288 ILaYlBBWl1Tawl8mZMvd2toX93HBxlMukQtpNAB51oPfhWW8ZU3HBNMm2SUz
2020-09-17T10:12:56.001755070Z 289 XUaKkD45RYXV1jHKvISOAnCv9o4HsMWXLpCZ1tuka0t4RzFl3TI1h7A7V2Cl
2020-09-17T10:12:56.082710993Z 290 D4iouID1PDiGollT3uqWElrw3ZeNBXmSIg2jqQBGkLaWih5dpQPhyEiKKbQo
2020-09-17T10:12:56.163770003Z 291 nHXwHSDbV9w8tXfbRJdMuQQJY47FymLbp0lFdDqghxmIiF3UqCBtN3agkux1
2020-09-17T10:12:56.245016008Z 292 FJkWutSbbFFfutqNEnYxcaaKaQcpaO3j84drpcJRqqTOSq6exMUs0Ds8AY7C
2020-09-17T10:12:56.326666490Z 293 cBbgMfboHVIpJybY8PBeByfkjgF73PoDElPT64n31tktBhyJMWiwMv28E2tn
2020-09-17T10:12:56.408351371Z 294 Q3I6foOXnxReNc3OGhjG4b4lKMK6QNmZg5RrzFG1y4sI7NC9pZpY1EAYoKMU
2020-09-17T10:12:56.490049955Z 295 JTMyTpRq6EifYleagWXaua7PJEj1meavOnpYTijsCOUTFnanwUmThVIreBRU
2020-09-17T10:12:56.571826708Z 296 6vNDpIl8LB46FJFSzPxsPuvwSeMKvtW2dfCPvVSZ3jQsnqQCXlIsZFg7kLwA
2020-09-17T10:12:56.653185381Z 297 BvQMaquxNIi9y4GZtRwLuGcchmYcovOo5QEtzYHN111GTdHTq5Twl85qoYBH
2020-09-17T10:12:56.734835650Z 298 3PfwUX9Bsu5OpOhOxB7iKBeOgzEHPsguzdU2ZFXeEnBevjA6u2q0QXnAYjjZ
2020-09-17T10:12:56.816059578Z 299 A4KCynH396MWDtfy6bLvFGTW04pNCSenw0nikp5CdVqqDTvYlbH8CDw81QHp
2020-09-17T10:12:56.898221530Z 300 IatPGTnGyXo5283OSaPlZNoXsSx7yJvJj7SFhV0CnyiopP2Xq6yyJypyQaLS
2020-09-17T10:12:56.979319663Z 301 6uVHaXE09u8Li3N0yx8XAGjTK60WkriRuDiGvabdHTySo8oCvxP2hyHbuJYh
2020-09-17T10:12:57.060737418Z 302 IkkXRa57JYMDO36KzU34SoWaqs8FVTfRA5R2D8XkBtZs8dH1ONEouJTbCeTg
2020-09-17T10:12:57.141943748Z 303 PK3cT6odSHSJtV2ir3vaaMlvwX56zV1xSVw9M5lkupEdb9Om6IdrGxzGsmel
2020-09-17T10:12:57.223826118Z 304 m8JXvkfMjmu0E43XuKzQakqdf84nq5zmLOqAK1U2CMaSDuFgcM14kHl6cG6F
2020-09-17T10:12:57.304985320Z 305 NTn5uFO1VhPvOJu7cWNIOdiIfVudnTGtVttvg9HeDzsVzqvrZ06i5FOusI5D
2020-09-17T10:12:57.386644598Z 306 gGhsQQVVl2wmPR2qNAYcySjFUmXbMVKv85rY0ZqFIbEsVUWK2vTTyXELKCfh
2020-09-17T10:12:57.467442369Z 307 6fVvSdytdksonr5oFzn8WztD76FVSALeAxF9Y53O3o5CtSWYMILHnEC3oKoR
2020-09-17T10:12:57.549006407Z 308 Y2ek91EnnZe5YDij4GftAePtMKDKWPOs3fAut0a8VOJjz5IOqZCHYpe7kwIO
2020-09-17T10:12:57.631023695Z 309 x7GTT78w3kK3FG1kWLBv2XnMCwAi0cb8EvciQdZcGM0Nuc3NRsoSZV0ImJOH
2020-09-17T10:12:57.712216213Z 310 IRjfFGlNK9wq9BIzi37jhY8smupH8oSOvV9z2LekHo4exRFaMVUnLtEvj9kG
2020-09-17T10:12:57.793618245Z 311 CFxwSddIa7QIUA6DE2pVIcE4fZMNA5jIia6MlwZHUM57WbDSsXMxlH146hQh
2020-09-17T10:12:57.874332295Z 312 EIOMWOiz7kExDkzt2QgVf79ShADWZRV9BruY3k6HT7bBxL5RLwkdo219fmkl
2020-09-17T10:12:57.956011185Z 313 jmrvFp7XdTPkDugFjDA0J0TiOD4KK7Fw3YYKUy5HQbiegdjDIFA5DchRFzXl
2020-09-17T10:12:58.037675292Z 314 2tgrQu8LJ7ZMWkiJx4PAEERJ3ehS6XtgARBSphaGt4yyJrhshEn29MMTBXfb
2020-09-17T10:12:58.118603228Z 315 iqZaptyFiiaBJHj6QfzZMbDtjFW8JGCyB9Lg3WfkDbkH3Rz1kVBnKbR0SiQY
2020-09-17T10:12:58.200124067Z 316 vw26QwCcAh7iNBwOYD2qVECHKUq0KRNbhehNAHmxz3FMAmkIgY5NDI0EQr8W
2020-09-17T10:12:58.282062470Z 317 jO5Kuvx9dzhFp0F3WWW0bIAyIRs2yXpozUfUo2h09nVrqoNlTsuYYSFccS7s
2020-09-17T10:12:58.363180655Z 318 GS7RXjn3yWlFakdBfvXvWVdZgvvP4iwHx1lMqNxBQqVGIxaNywDpFdvAfiot
2020-09-17T10:12:58.443936677Z 319 gQViyR0QrQjg2QB920jcxORV4GeTEztLB3ilLc1UxQ3Pku1BfaefGMsebnf7
2020-09-17T10:12:58.525560531Z 320 KVyRnQ2qq2tJNUE4Mn20lKbWSyKxdiuxsi4Pf2gT0rXDLrG2uKKXgwV2aFzK
2020-09-17T10:12:58.606390462Z 321 1mPt65q6xwIrg1cLdZDnXy5BOuubQU3vtvmYQEbeb5gdCYjpJNJc4kbCoa9i
2020-09-17T10:12:58.688068496Z 322 qeOX2gy2AoNe8XBXVO6wkm6RDbnvOWStloCLYXLgkxGBuLJMftOLMEVnrrzK
2020-09-17T10:12:58.768982048Z 323 N74h499CP4wlPp3mo8SIPwWAeWVzDx44IFI1nBT1PuSjV718n6xVDdwMQi3G
2020-09-17T10:12:58.850481246Z 324 NlV5CBaf5lI57Zoc5JKHNGmEckKPXeIoRxKkfQ6QXXEkpo5kgIE2vxldAUJz
2020-09-17T10:12:58.931645139Z 325 8ZirrEv5YAPrxdeUgUdaTfJjWUjEmSXDmnjHJpvKxYvII9XamGB6fYVXdQ04
2020-09-17T10:12:59.013846379Z 326 RAPFhx43h0FNKwJNXLGiYlpWL7MYVhxHEZjMI9rRtjrEXW4qCHEOXRM6RoTg
2020-09-17T10:12:59.095473094Z 327 6pt0UkR9lzMh0RxHgbWyQJJloZrTymXWgbdKzB0OIA7wSZmLPiDgDE292YGp
2020-09-17T10:12:59.176279031Z 328 LYskvPYhBCTgdwrnmmiUb9ATf3u3ZdONIKyE4Fwe2zi3b59Ad0E6jX1iMIsw
2020-09-17T10:12:59.257747409Z 329 MSiTbJ3YbhT90aWXHLgQLYu8JvkVkXtXnM7Ab8bXDTxMDJs2hEJwgsgKn6zv
2020-09-17T10:12:59.338283880Z 330 vwhHzywQ9OknZczEx6T7BNktZZcQ8BJ24mfk4hz0qK4Q70gSTFhJm4eE5flZ
2020-09-17T10:12:59.420023450Z 331 9qvR4fKm7XdIX12YxKTSJ4XiAW2g8Ma5RIYw9W8U7sxDyWsJyMb5zVUfcJZi
2020-09-17T10:12:59.501647494Z 332 ZKO231gXcAurqsX8XCwycu5xOnXbqYaLSvkRF6Rf86hKQWCcQDl0xWMd8GnJ
2020-09-17T10:12:59.582364326Z 333 FkunKhd2LQIL4XOP3hzDYi8Blp3L0RQDEra5WLM6XKdAEFLr1TmWHx5Bvo4I
2020-09-17T10:12:59.663994822Z 334 fMjWrUanzvzT1l6nLVxOHfHIFJjmmToyMaor8mCHmo8e5se5eeIh2lQHpCGt
2020-09-17T10:12:59.745758666Z 335 ad15FmVYRn8Qc7dqCF47UNWvE3OMNJ95zf79Drvqk2jKdgI7lCRY1tkfTHhJ
2020-09-17T10:12:59.826001097Z 336 oPfiJcmGv58WfbbribRz4P4PgFkDu0MLi31we2JSD70ekS3ma0P20TtPTXKa
2020-09-17T10:12:59.907415090Z 337 jgy5WlqBDZptvx2LqDBdAFs3LADRLPwlWi2RVWW2QIf2lgdk2QK7a8WH8ypE
2020-09-17T10:12:59.988307920Z 338 VTPl6sx8qpbYWc6lsybHMTqaHYH5jouJWZHxnWLfXnxhEObc3t1OJJLv1VNi
2020-09-17T10:13:00.069663860Z 339 A67cm7RbibcLKd5X0MfbhuxU7gOa0rW9jDLHwpvFgK8X3mfS8Gm5Cp03ISDd
2020-09-17T10:13:00.150484597Z 340 7TYyBCt4vMsGOyYbDreyo9JkyEpMAy4Z8OPnPFXeRBdDvktgzP3WRBtI5oqf
2020-09-17T10:13:00.231234033Z 341 8sYOoidWEoyMXndVkPqBMJYHbTq9OkpmPKqWevRjkgWOLycvpuithRVqg33j
2020-09-17T10:13:00.312863597Z 342 TfbYp9TNjZ7Wsqc0V01SX8gyCNEz8TCPU9S7kSGzVQdNUjjoSpjLgLE535GF
2020-09-17T10:13:00.394078016Z 343 WYZRGhsSeXO61rzO0Ho44WI6icxUiRGkOyiA7lopH0wavbnC0n3UaE8YZ96V
2020-09-17T10:13:00.475252392Z 344 I763tRkAJs2VAvRqq3nIZZNWPLfwmAHJNKmWjdqLLwMvXgQO0tIYlKtV8STk
2020-09-17T10:13:00.557237854Z 345 YbtM96IJLPgXs5opujhAgBCPCvExrae34mkR5QsQxVeX1fDu1ORFR3okVjo5
2020-09-17T10:13:00.638991068Z 346 dTJwmSbGpPPahSYdxajYvhltTwAh56g0hbT3HBReKwur4taznyaA4KgXBqyV
2020-09-17T10:13:00.720715728Z 347 U30ZKTI1fSLKHb0tK2qQVwyUx8WQaO4zMIDPQPO3PuD50UQKgQhBCuCY5cir
2020-09-17T10:13:00.801588025Z 348 mj5SaiRRsqfP64zdvJE5uENoJeYd4doEMR63d2S87UC34D0RNn3Ug62btmNX
2020-09-17T10:13:00.882443204Z 349 Lds3nHLK6HSSEd9jzNz2fPc64cUvBjlT0ofLzTPqYmscgfmYguvsGBgjOQIl
2020-09-17T10:13:00.962982490Z 350 F6YOdDptzrYCGYw9MJf0IBbmTqcTQhZiMIiEdzwPvbBdSuMwTmj9hBXyzaoY
2020-09-17T10:13:01.044424208Z 351 XNiW6hDrbK6yLjUlRfi2D6ofOmkAxPnRY8QxQFA7WXMrpUVIzu2l5i0qCNQB
2020-09-17T10:13:01.125273517Z 352 ojSEdwmjPW1TuoPOIAqjfV7awJJxNdRNTVI8nN5mPj35YAG77rqTyMS3yCGK
2020-09-17T10:13:01.206230653Z 353 UVdTDwQR2DmvaFcXrKdEc5hzYMkzrfIWTV9sFEWRwGEz9OHlga0jrE1vr76y
2020-09-17T10:13:01.287457058Z 354 dMuS2UsfjvWkV0lGVBf1ukQK1yJWZICoQJ52gRst8Gb8S97JBobc1h8p5dzc
2020-09-17T10:13:01.368644076Z 355 ucJ9BFFFZ9JZdLmNCJhNmgsx21VwSTnew8SrpfOMFGVQk6tERkr568pFB2xx
2020-09-17T10:13:01.449169427Z 356 bZA9wqnJpqNhh4iwaIBXPqlNE3uoRvmDvqlCYEi3mOaeRUgav54hUKVi7EV0
2020-09-17T10:13:01.530903184Z 357 4Z8eD1tiQNTHDbNPH4uLfSsSqfy45UGV6jsj3NPs4FNWvocJIkhajb5VKAfo
2020-09-17T10:13:01.612313431Z 358 rtJTv6mZBYkFEwEhWDdrjZCQrkENIQf9Nl7C5F1oMiB4P6x0AqjBFHCRaaS2
2020-09-17T10:13:01.693159375Z 359 mZzi7tZVmJHPxCHW2YscwFWs3jcGKmXduF8dG2Ug18BppqxkJSAILCchhDjf
2020-09-17T10:13:01.774681486Z 360 Oc1bn6CVW69cnr6d8Cz96QqeHWfzwvWmztsXTQO3Qlw7Fv17DmbOe73OmznA
2020-09-17T10:13:01.855492005Z 361 G7aTPhoyrgVhxFkjAToK7dY8ULYBnRKIdbVMgoxQgj8hCxraFQuMjGzk3UrJ
2020-09-17T10:13:01.937975280Z 362 DPo1SMooDzBPepr3mbeBlrSVmpUXhnEYT0eZB6ldH2rUmwSwUPePO8pmmcFB
2020-09-17T10:13:02.019140634Z 363 q9S5hWcZ4qp1XTDkzrtR4Kox4eEopqyISXWiEtmYuMWpx2PVMwJPgUb3Z8lp
2020-09-17T10:13:02.100414503Z 364 dp5g3zjcUe7BYa3KlQliIJwDjFaMUHFqgs0ljHRhYChWWArfcLtFoZQzCT1X
2020-09-17T10:13:02.181283970Z 365 8yzy0AtvCVMc8wHPGUKp6UIBHBZ3Gy4A1wiE2wIFFOd4oICIGfAGD4Hxtr7d
2020-09-17T10:13:02.262835515Z 366 5a7raBJYCkJQNlh7wTQufXBvj65qneSYBp45uF5y3wFzgCe7DeeqN93dZtMS
2020-09-17T10:13:02.343397302Z 367 YJ0gXg6ls9qdb24JGJdXHm7JEmRrbIpvb89rPw7TOZFj9rh4O43V6LGtdw5d
2020-09-17T10:13:02.424010342Z 368 hSZlxXQDCjjbvqQjTtAD4K7YiQ05bgeXKKl1RuZU6ACXxW8quSzHioRizoq8
2020-09-17T10:13:02.505879609Z 369 Zlna2sFfVF7v1ex9etw0b0E6K9Z8qnA8OOdA8w5ATmHz6NT3LNhjpNaJbOI7
2020-09-17T10:13:02.587691093Z 370 j7yj176o6bhBXgHOKCzwFkYjPEmt2rNUfz35er4493JHUWbYBZxpR8VB0DVB
2020-09-17T10:13:02.668236930Z 371 snEswHgGHYRaVuLKPgGMPXrVWRneFAXw2OfkWWMctoYgqWadWZQub99NrhTT
2020-09-17T10:13:02.749593244Z 372 nIRAzUL7j1tZ2h6Yx3XbHkRV1JZHUINkevpTGb5mWGPRR88SfQHVDD6BRZzQ
2020-09-17T10:13:02.830441869Z 373 dKS3A4Sng21k3sd3WsM2fC95rc3fzoJtQUxUf9i1AkESU8nXOuEWa2uxlIUL
2020-09-17T10:13:02.912050204Z 374 2XJMQlQdhpbg6L76Yu0ShjfEUYMmFHKJwkEISTA0zN3P8Gh0TobAqGnYKgwX
2020-09-17T10:13:02.993731180Z 375 qmwXyuhwXsr6wZ9fwhXxUO63vVIXaO7oKJxoAHSYI7afFrp1Fxk21FtapqOo
2020-09-17T10:13:03.074518873Z 376 IB72HiKCGnaAcLRtkQOXnpxVmgZtZcuwXtxHi1AEcA0WhgwkHiFgpvbCDOAH
2020-09-17T10:13:03.155092565Z 377 xFDVynvCr5fb22Wra1Cqx6sxEh8xFBgYi5mvKLTbBoAWIDgxSf2f2tRmhWYg
2020-09-17T10:13:03.236786939Z 378 uXAueDu2dKLjHn2Vwgs3RRybIywpE3JZ5yspiHLU9m16qt9kTaCn5o3tt6lE
2020-09-17T10:13:03.317294259Z 379 pMWSTSbqPpl2CgdMNZBDobd8LOEb4XpJqjRUDwFcBBWcDlytRRNfpH0vBSy9
2020-09-17T10:13:03.398258332Z 380 aPu5bmsB9rOn1StBB4IJ02Av6p6VkbqDBZm9FljhJFoLh6INec1GznDkEtTw
2020-09-17T10:13:03.480049237Z 381 u7YHzNdW6C73tUq9RhQ0SXKnRxD7Ckyn9RlPyyZFDMXwbRnMVUU87uI9lexv
2020-09-17T10:13:03.561826684Z 382 pTKUQe6HtREc6Kpm5QLWin7caPZBNPrNvLUDukUkXHRLYojysbVKhzY6PUjJ
2020-09-17T10:13:03.643199187Z 383 Vn6jIjXgi4ipVYoYQYuNJYA12YO9deQsgFRJ0J8VrpPZ0LFeNb4x0qb1GkBd
2020-09-17T10:13:03.724429728Z 384 BHyFxpRWuOIlCyykp8pROMIhKF7YHPFrTQ3i2NIqOyZ9GmDlngI8wilIJJaj
2020-09-17T10:13:03.806233269Z 385 yf2BRzNnl01P0lAm5uJVky6TNmE7AhA7EkdPumyyAMUluIFqWzshexXUpbkO
2020-09-17T10:13:03.887585314Z 386 oneA0q1XY5BSYQLe8Za261EJfrBZ2bNrx3uxPnIWOGNsnPXi7cFuBFl0GYYc
2020-09-17T10:13:03.968101917Z 387 Crqw0GnsACOTVt2s2JrHjiOBzRDWuW9EIGkZV1o4YRqsVtUnunul4YLu9RYl
2020-09-17T10:13:04.049130206Z 388 9Fy02bdcxKcyBKojxdkyG7GS6JQWQ2mGGvSE6CpeSbn9F5ccA7aoZuFZFhjG
2020-09-17T10:13:04.130475885Z 389 MufJAw8frj6uc51YpJoim4tqSW4h7d1TP2UtL8COPWCTNeIdVr9XkQDJ3AHy
2020-09-17T10:13:04.211252861Z 390 aL3GBmSPyjIKwW3jfgqmCLMHyMhtbSJM9tbjBCudev6Nq7SJAmcRUnCtdngI
2020-09-17T10:13:04.292537000Z 391 NGZIZIs9VvLvFkY1bOQCZqXt0VFA5RJ9reyPqAD8HIgWpRQlZGs5YVgSCnEc
2020-09-17T10:13:04.373279417Z 392 QaKlmoDscoFy35ccYp3tvsZHZLEon3H7OKkx4b1QTPKUtwb3RQxKFFFg3Ewc
2020-09-17T10:13:04.454392884Z 393 mhGNwNrKaitpM5zC9G7iOlVjZJOjezCDrkreFPl716HC894IaRSAEfjjxRLz
2020-09-17T10:13:04.535200731Z 394 sDjqaJSKdQbHGSxcneYRN5N8YFpjCMJUnGmErrgoT6ngbL7HTf6TpSo8HnrY
2020-09-17T10:13:04.616639829Z 395 ynoJ3nOHgwT4X85q6GxWdTwVYqA4EbdzB4hdeMr3rAYzZborLIURHfDa9GQH
2020-09-17T10:13:04.698454320Z 396 P9Q3OCmtMtpqWjNzx7eWlcS4TNRcgagxFlG0B1fmHW046phX5FFtcWB6UTEj
2020-09-17T10:13:04.779753692Z 397 h9X45u17Zrrw4IZyHFNRNHxIdPWAwMOwENygIlKnl6PYmFsefilJIcWT2BPe
2020-09-17T10:13:04.862029747Z 398 qxqKYJAJZeJ2ZWu7wb24nG0OQmxeZKl5Fezp0cGzA8L1zzjsl684kBSn3in7
2020-09-17T10:13:04.943161115Z 399 vCrHiX5ILFfGBIxDI1vdruwsUV4Q3L9uJ1kJTz4hNLstETvOtGmXmpUsc3qS
2020-09-17T10:13:05.024429598Z 400 VKPXOkJcfrVz7sJBIBJJJRqVc126Lr33WV57uVUiNTYmMPh2jzRwSmbMhqJe
2020-09-17T10:13:05.106430132Z 401 8AN2HjDkRsqHY1uOi5RbHvHRUzVFLQXXeIRz9t6K5kExu0SqOb2wsYcxE5ui
2020-09-17T10:13:05.187354198Z 402 Kbc1aq7yGrV6Af8M6bS7BLnjZ5wjG1dP8Y0lnjdIfXBA3g9Otox8SVF2awYV
2020-09-17T10:13:05.268212211Z 403 IsBlCREwYJWwSIrLDtp2mx1vq7iLB5EfsfboV53VWArsX55eXczSYpD0habf
2020-09-17T10:13:05.349182679Z 404 ShyJEKHO7eZPyQsXYwJV9C2gqEwwoulI2QHCa7gpsxLTr9mj41ul32vRZDVK
2020-09-17T10:13:05.430178753Z 405 tFIfNxGTJ4hLF90iQgEJBxad4QKULOcPjwV8HWvsiAaDWSHqqUt6ZURM341O
2020-09-17T10:13:05.511624391Z 406 0jg6uRMg4dhymeIGhoh1jwMNKEFGDCZECOKULpvHb56Sn1k7biHCp2ehRAAb
2020-09-17T10:13:05.592511757Z 407 7GPkWGkTarKBwuynatc7QgnuSuLWWpFuPpNvaSEvgx9UEr3HBqTeaWayYQL3
2020-09-17T10:13:05.673198153Z 408 5ddjqDPIW8L10YuOcE9TMtOkYseqBlyoP2spEI79dOAC3d0rRnCQPENuDb5o
2020-09-17T10:13:05.754762426Z 409 uVgl8jvZFEwt6LeR6WMA9OI2g9zYaR4YKlIW27g78TNqwJ8lrimaEaBmaMQJ
2020-09-17T10:13:05.835147779Z 410 6rfiPpNsMVfFThohDRocF5az8ljdxlOW3SvhSERb8ODLKRiLwPN11Hub9p7V
2020-09-17T10:13:05.916837744Z 411 LqtZ6OYnIovIgkYjwt3mYTQG2fuNOEDXYx36SLyLN0rWYxSxxdSHXGlnJgZW
2020-09-17T10:13:05.997494077Z 412 Es9zK97286Z3MC97VgQyszW9X6ahUiTveb4DIGPnH6LXfZTold5qYK7UU6fB
2020-09-17T10:13:06.078137161Z 413 5v9ankEdqZeonxWOn37gnvXx0kMGKIrB4KM2qhKTvgeaXSmKqCaNtCg2mI0S
2020-09-17T10:13:06.159592152Z 414 X6lFuIEsjlEWewZvlZdatKcSGkMw8ZpJrkvCyFtz70mhmUR6aMumxUeb2CDq
2020-09-17T10:13:06.240974349Z 415 QqMdveJXxfsjAFQxrCaediyly3S0WFp4P01WcunFYpvUjzKMF4LBJ3okMtby
2020-09-17T10:13:06.322402468Z 416 xkfQWzmnYc13IhcLFfgppTmMpjc057oFqf3si58ZkVsZ3M0TP2tTsqCfdsLD
2020-09-17T10:13:06.403068129Z 417 3jEoR2rCYDWvTABLGZzGsL3j9eLj3f1VdFrMtQ61CMGuRYzeqWp3yifCBCaj
2020-09-17T10:13:06.483980305Z 418 u5DLfSrNkQ4yZNoIpY5VfqOX1hTHpRdlUmRMVvoHd2SReEEtLur5g5pCv2So
2020-09-17T10:13:06.565983813Z 419 xJ1SysnsitDjbl51NQWv60AzSZDQ2yTklHDiKM8C4EYFB5PsTWimqBXbTcHg
2020-09-17T10:13:06.647687398Z 420 JwPsojpAsVAFNtkMGiVvEb7mI4c6o6rA4YXNgq1Yp4CtgV8II2pVvrZIXKRe
2020-09-17T10:13:06.729645479Z 421 SNDYgnplmPFbwZaximtM1cpLumKNQJLMQK5dbqbmXBni3jqpsHS1BwR0e4jO
2020-09-17T10:13:06.810190369Z 422 DEciZ8qtP4DlRn33hXkGi2kwHImxBYqc3IdHpKnW5VquJKAcMlMkd9eWCs2t
2020-09-17T10:13:06.891789053Z 423 2nX97cABXQomxhcOy3DPrsBqfyMV4DoELyK8seqn71osOtYYSSdPh1LLjRFZ
2020-09-17T10:13:06.973570577Z 424 liVbSUzicZIDOL0XAsswSu3YumwnKlGYtNBN4VxPMOqAhmsmWhXBN6OAuIRu
2020-09-17T10:13:07.055971035Z 425 F1i2DqjVnP1mad1Z5XWkdAYBxlXpZUOsYBPpW5nnAMoseK7BFcwsOtC0pIiC
2020-09-17T10:13:07.138552701Z 426 SaZn88Nylg1FMBUmHPUxM0bkv5GgvyrJkka0W1qLjY9L02iujceTJ12ctBn0
2020-09-17T10:13:07.219539691Z 427 tlWsKTMmKp5rB4Vnzvmh7SzamWeWZvgamd2vLxVH18pZjV6TQR8b1KApBJee
2020-09-17T10:13:07.300609925Z 428 zxAPdOJNbrN9AiL4YsILAadDRj5AQoQL5z6ey1iuHgAMF858CTE5ENxYx4Ec
2020-09-17T10:13:07.381753244Z 429 rY1WTZL85YdJ7dqCnwNXSaxlqnGavdZhPSu8aMdWpJvuwxx58lZSQlDuFkBz
2020-09-17T10:13:07.462596137Z 430 3jhuIoxT30XfxCb8F6jgQa7sa1YSNu0ORCkXqtmeiY4Ms3xG0PN9Fmanvl9e
2020-09-17T10:13:07.543520442Z 431 02bLXnVkm9wnSpRyAZ893k5T7UwuTymqIPTJOFoEr2aJT1CSUEIsQyw84NTT
2020-09-17T10:13:07.624909787Z 432 AIm9CSotgVAbOZ4CeDMB4mxgVy9C4TLDDqwmNCNV9Hui0sc6v5o9OaCmG5WE
2020-09-17T10:13:07.706685221Z 433 jFCdlssvocKTd9EurBFLJDoNg0b7BiLE1WMkkZVnFCPXLKlTjQV3FP86oqhc
2020-09-17T10:13:07.787736769Z 434 cHh5rCt9fNLeWujwGlsBuOCn6yAHsd0u30TwhztEsGjELtmT1Y3RovItTAEp
2020-09-17T10:13:07.870229904Z 435 EuVrO0SaLIMs6kjPPhHlYkfpXyG9lszJavEscul0n5bLxIlzdbKGPjGwbgf8
2020-09-17T10:13:07.951378134Z 436 tz0XV5A28I05dm19jjK1qO43SNsH7wbpmrGT3rAEKU3KWslLmHGvN3qK7R92
2020-09-17T10:13:08.032776793Z 437 KWNXOwbP41SHlkz4j8ZmDDQMsYz6s5WxTcw7fssIdZFSSqgkVXu41Qh1WmcW
2020-09-17T10:13:08.113069639Z 438 fIa2bDDxNkQgY7SoU1IX5vPjzUrAJ9dbQE6e0XDbnIw5XeAKWlDTRnlmPEzD
2020-09-17T10:13:08.194236436Z 439 36Izzz0npXzZR68AF2EiisAW0Ib0RwjWZ8orMxEzbKrmNDQAhMkBgnh1bXNd
2020-09-17T10:13:08.275051856Z 440 ORh4D9Kcve0GbwHsBIiSLCPZKNtspl9pOuTBIzfPp7RAmom99c5WzYRXR6wj
2020-09-17T10:13:08.356091883Z 441 xgoDpjCqdlypIWSzPJtB883ypPNfF7TOmhQqInQgasQ48CzEGodbwFe5iFhF
2020-09-17T10:13:08.437983427Z 442 DkR5ygAIQuTfPU7nUg0ABeZZk8oh3ckxawevu4FbwC3ujUncErXVOGS1v59f
2020-09-17T10:13:08.519373777Z 443 GPW2sEG4L89dS7ASDjRmYJFrVocUfxYVfdDs0CF78RBh7xOYwgvnBM35Zs44
2020-09-17T10:13:08.600304062Z 444 qcpZomVLijtuXWK0d5T2a5SZVpCDTtwD1HmRnaH22QgkwAwOR0rB0Rc4geLq
2020-09-17T10:13:08.680994701Z 445 1ScXyzJfMBWF9vTraaczhbOlf9zPhatP80f2txhKe9QGrsf8mszRajBvPJaU
2020-09-17T10:13:08.762471452Z 446 V2O3HU5k0xxUerABavHHXUsrDSpEA4HBhzp8vIMR59WlR61tXJBLfywiT3LZ
2020-09-17T10:13:08.843341056Z 447 HBQ6PjqQE6vfWHVvC1CYwT1MotnPbuh1vxng0HU5q69WKgtgVCJCdXqAR9wR
2020-09-17T10:13:08.925870180Z 448 5trVwjYAaY6XIne6n4RbB8HVtyUtWedLylo8VmTVbCzK9KaNO6aUeMK5E5ne
2020-09-17T10:13:09.007930980Z 449 lqi0EcPgN82VA69UowtcJVTdFeFWWOORQwhDhDsIsQrJQYfqNSpckmkwBFEm
2020-09-17T10:13:09.089152608Z 450 ndmiiSsAsgleOLGzwAjeILge3eWPbvxGhYdePzEeklGJoS5UA238TqlQTUQV
2020-09-17T10:13:09.170832988Z 451 Uvk1iZmA9roRdAlhNzE47uzYcLZshVz0UNc7GHSJV3xm4mkn39ZXUU9pF2ou
2020-09-17T10:13:09.252418070Z 452 gaPuS9Bxu1pv7T7EWThkoMaLitwtEkZXvMeHHtxG5hb4662YGg8LQoXmoM2t
2020-09-17T10:13:09.333079853Z 453 ZbQ3uVgTetE8RQgwBAvTT8wFDZPYeNT0rKnmhhmhJq3ApoCRYNItS0sK1SiF
2020-09-17T10:13:09.414517561Z 454 H76NTHrkaRD4NjlDo1VtQJfKMwpj0aUVh1veI99vWijK2yDzeblZDStscEDY
2020-09-17T10:13:09.495695254Z 455 umsoPIQpQcxfpw5wbTTq47sScx0wenwBA9FcnChNRwR36Gev5zLCJuQabVny
2020-09-17T10:13:09.577597073Z 456 OziFtnGfrEkg2KHQkSslBkwDtqVrUNZZmidJ5clJxPiApMmAs6z97oSE9SGj
2020-09-17T10:13:09.658096082Z 457 8u2Mt46EHpzHEP7WhJdlJhCwwHjz13OHX0nfH5hIzaIjuzDvXy9HvNQH7VRk
2020-09-17T10:13:09.739674338Z 458 YxSvcAQ53xUJTxdWAzhTZOBqWuPZfvdnj2xKw7PhbJ7FYzc4HjIdT4QR7M8u
2020-09-17T10:13:09.820573842Z 459 blV5ydJ4iOHWXHaEQgtY5nMUBYHPQnD0CN0trYMXpi5SGjTTGaObzbLgoKrI
2020-09-17T10:13:09.902372892Z 460 yzGT8cbjVOnIdOFceDDsWbdKT9vogkvgnKbNYmeZNetgOnapjLWwbsoBU6nx
2020-09-17T10:13:09.983094980Z 461 q2SNgaaWh664cshbQnJAOuzQddUWG3TsFjdWsBo0i4J90PDJCiVIyUqcXe2S
2020-09-17T10:13:10.064537479Z 462 FZJlvDHtw7gTsRPBoApnxmhA2yc6s7UajfeiaFi6ydEzZ2Eu3kaJgm6gSnmc
2020-09-17T10:13:10.145343919Z 463 ICGkc2sFXFRRJHtH4tGflmIXIX2TxIjsPXjf3NIyBlg8wsSS78taeejGl748
2020-09-17T10:13:10.227026289Z 464 DNd7Hi6J2CZVcAjubCWrv9Y0rnqEoFcF5njmxSbr3G3cBp0CcQEZJpAjAQUs
2020-09-17T10:13:10.308175018Z 465 iQasw8ScjMPF0Mb68fqOVF2ZlOVxhEEFs5Xk0vonrDqMlqNH5vhdvXxUDwGe
2020-09-17T10:13:10.389689119Z 466 LwbNlUGqNRrWu1YiNRMnb4T6tfcudWduIwebSgncWMSFsYPu78mTJQJWeQE7
2020-09-17T10:13:10.471709420Z 467 JiLcIuDhjR2lhetBi7i3SC4j8uMJ2so8ic66TuoWt7ncjM96HgZNnDh2n5NA
2020-09-17T10:13:10.552609028Z 468 dxgvlNq1JJJk7x2Xb2VU6mWmWm4f0ucFGECq53m8p0K3QXkEBRctEBXtIbov
2020-09-17T10:13:10.633447944Z 469 nbdGBN8vlMZMk6vWHPPlhiMqhUx1pg3ltVJrLRni8fuvvFR62RdeErRGhRiX
2020-09-17T10:13:10.714569571Z 470 If7xYrwmjPD81Sfrl53Spg0tTPSPfYCkIEiPxgA2QDkK3oAuQJbpZheaz5iU
2020-09-17T10:13:10.795911068Z 471 O7UIYHWj6EyABsr0BlP7zIHHlaMLPn00ZrUvxtupnzoJhjyO6ycuiLSYuyxM
2020-09-17T10:13:10.877373986Z 472 3ZE8AR2NAIKvuuc1PxsIWeklZY66SzWTvtmr22Ry8pQfxUiOtZdYBaoOcogS
2020-09-17T10:13:10.958987150Z 473 aQlUgYYWQX4YwZSH100yDfCstVgpH0aa6eO7yrMVLTAuFu0mBaEAjQEQpMRl
2020-09-17T10:13:11.039784153Z 474 b3uXPm02sSXCuhs8xBOjvDEA7MBgqqovrbvFDCdMcWZ1Hcx9jjE8RFhziqmP
2020-09-17T10:13:11.121282138Z 475 Km4HoDCb8uGPL8PglGlKtRoyZc2gf07m4LVrnjer7bPUmayIr9EbgYc3EObV
2020-09-17T10:13:11.202405302Z 476 wrjWMlR2IKPqnUp8Hfzeto9KXVkUj7wr9zIGREEoq75qhrqcj128jVdi05Pv
2020-09-17T10:13:11.283324154Z 477 Xo8y8uRQeBOkpLesCANiL9bQQXiLIsU6vDRf1qTC7ehZI6LyxhG0vUAFzXri
2020-09-17T10:13:11.364228071Z 478 qDRJmn0xkTMc6rLCDskFA8IR6v21KwB7Ux7p1NaRfIKoWFqKej7orCXV2wY6
2020-09-17T10:13:11.445235461Z 479 wWFmyeSVsSjbQAr6ky7XQQ2bMLhGwPGBHcn1psQrYAkGzziv5kn8wa8UEAOv
2020-09-17T10:13:11.526169338Z 480 V9zhR0yIdzSoccSc1HCOrz1PLCURsDM5JXH3iJtBlQs1ewLp3uf2ZUVDkzX6
2020-09-17T10:13:11.607936284Z 481 u8r203wy3zOYUg8irwYZPR6g8y0W9GKDCZX7cKKLRHeQjOQbqZNF8FFANn13
2020-09-17T10:13:11.689089686Z 482 KGrJAD1WEjQFH5TOiyrGeenn1s3BSwJfYmo1zvTun44c5fx8yrrDBfgjKbYU
2020-09-17T10:13:11.770315447Z 483 S1JhtHFGm8ZS19MS3mXOrf22aOIFHDKagUkbW8OGfrNKjhGLX9ZHjkpbg3RT
2020-09-17T10:13:11.851804234Z 484 K0askViuBFmgapzZ9s4KbgbXbYBt03RiOzkRkLJtjELAjTxP7F7es7Sokfqt
2020-09-17T10:13:11.933923561Z 485 YVISTe7ZyBA0ixvi5etTTIHA1YjXAKvEpmhHvv8c1xXjTwfOt23o2Gl0uacX
2020-09-17T10:13:12.015890290Z 486 tJo38VTB8xdzVwNEu9SChXgjcHDD83p2kk9DPnDfW1XeFb1vHYDRxhDOKL9p
2020-09-17T10:13:12.096402836Z 487 Jd4RzDKKW3ZgNoZV3JFrJdsuyn2z8BCbBxCKhosvYi93u1btKPyhSyDa6r12
2020-09-17T10:13:12.176982830Z 488 o92eSnMNUW7oY7dnQdQRlGWLYyl4E8nalL6ed9FFHHgukpBO8BBWFr2ir10b
2020-09-17T10:13:12.258719312Z 489 a4X5MhFiyTWu9ZGIcu2bxJN1OVOGmkkbckM8eKSyWHATSANKie4COjiVVPtq
2020-09-17T10:13:12.339387879Z 490 ipmSpFN1Jppc3v15qjIi3ZCafl0txd2eSYjVBmnMc1YVlbrIAUVsmcTCLVcc
2020-09-17T10:13:12.420697112Z 491 uKPxiTtedC0zCOMEYv6LRWiRZFpI67ucDZqwGFmT6mVmIS3iamc7VnK395Uq
2020-09-17T10:13:12.502376715Z 492 JkTKg27cxdajrZsuB6t8gZzvzPSMS328WB4uyD7ylumnWrTGJQ5oJSEmChet
2020-09-17T10:13:12.583306923Z 493 GkpGJIzIQIaR6Zm7HhVl0bB0HjWXgprblR3zr0m2u8OQuRAwiV5cW6viGTgU
2020-09-17T10:13:12.664279843Z 494 sgYezQr4OWX2xGC3r3jFPeMnOjZbZYePo4J6WFp9oLnkjbT8bzQ2agPDiZWD
2020-09-17T10:13:12.745974387Z 495 Z6BATBjGHgHeTatMUaH7PpR5Bstliw5S9Kj8E5L2wlLASyk5B9TZ7TzlHJCV
2020-09-17T10:13:12.826921434Z 496 HYorLq9BJQPY0FqZr630gCF6xFgaAqs1NYbpdSwqL1m9LkQhag1QUB8neUKk
2020-09-17T10:13:12.908397764Z 497 SRE7RtZKMxZr3M9bNHdx8wV8NeUGB01lH932gxbqJs1DuMxEqRqk63cfQWnp
2020-09-17T10:13:12.989884990Z 498 XUCIkCxgQV0jY5ANCLbFqbDJhCK6xFtMR4dU7HZlPJHcAPEi7lrRia5IiHVc
2020-09-17T10:13:13.070177848Z 499 9TylZ8TYNPcROHrsFTpQPLKoZy1qOIXiRhiJT2e3NjXk7E7VBfpOvjloKgw7
2020-09-17T10:12:31.361646449Z 0 KwXkEaommiZFCJYg8iqY21SZIskmBM5vnIqFLJIp1MZSqWKbkskhtKqoj9oMMI
2020-09-17T10:12:31.442045273Z 1 Ks3s4Zo7WazGwq8LWtVlOCNn1Jr1xSu1gKU5g0JGiVhXsifhkolaGFMNzhBQwW
2020-09-17T10:12:31.523311501Z 2 doZqDmlA8y7P06q5J4qvdHxnp99WFg8H5C8z5lDs67hKepUQFYWLfrWwJuRSS0
2020-09-17T10:12:31.604509801Z 3 YIcIs7VscDZpePTx3vYYOSxRHWsad3DJAqy9otPCRU5UUOZF4RAwLe8Fpmvjqg
2020-09-17T10:12:31.685139095Z 4 494cIEd3ArF2ZdmQWvMFwBuMsDHQL6Z4AJD6B7dXLiWR1ysiWjcOV4ajbANi2C
2020-09-17T10:12:31.766294188Z 5 B0raL3hxp7hXWPCts3d8cnuyS8F2ZiUvj1R85EIjv43hwFAqR925lg06VSoyQv
2020-09-17T10:12:31.847455653Z 6 p8IpMSz4b51pKRAo8e63j23GjpxQxxH3Gf88snNiPHzsiUUFQfQQj0uPoRmmCK
2020-09-17T10:12:31.928184391Z 7 oOzIf08tuTQdbtmvYFfxkLG5ZbG13hmt4kLIUhcucP1iFMhWc51X0o0nTDzb65
2020-09-17T10:12:32.009566926Z 8 9NnmXRaEoerkBRKszv4olLjzULwwyuwSbQS8RHIcAW6RzojU8J7IVoyjNj3zj1
2020-09-17T10:12:32.090365784Z 9 wtVwYh1fy1xwN9DTSuuQK9mAclp1kzucik3qGhxu0qa6s0GEYXPXgyYxIUlgZb
2020-09-17T10:12:32.172098224Z 10 M42A5zP3XyWjk3WnVUhQ7dxrfnwiNqWevX4fel0Wmp5ql30swByvm81W4S3aC
2020-09-17T10:12:32.253979668Z 11 FNMIhjsQlzAToLJszFgwPcZ2mkcdGm1o0pM84aqQvtTRv6DehBWTN2lsQpoXx
2020-09-17T10:12:32.335808679Z 12 AQ069NvZDpj37WDNhnGO0VuPYCQSNfnyaviaV2w8QK4uXhs8t8D4h7ehaDlRD
2020-09-17T10:12:32.416403558Z 13 wgfDuxxj4H4kYWhPS1qAhFusryYMO48fc9ebnj68bJuDLAHX75R7ilHxudkWI
2020-09-17T10:12:32.497199212Z 14 2S7cwFlmH3PrU3VKwHvDzm4aG8edlupcUZj7fGG2fTnqnIsgUgj1pvbAylZ1O
2020-09-17T10:12:32.578718717Z 15 Ok3Zp6wjdstxYmaduPbgRYAS8ugpQMBcaF51SLuMnWumPph6ClFgmpjR1ZnRp
2020-09-17T10:12:32.659107233Z 16 lJpmAdLhL4nAyWij5FnIxHiaGTvEPz3YY36hulkFbJVPziJzIxw01DUNKyXKM
2020-09-17T10:12:32.740829013Z 17 AIplpHQJPaDfRLyOOirOlMtELBSXPcmsbGDHUPSl0fzEdVQFkNuf9r04rbgxL
2020-09-17T10:12:32.822171431Z 18 iIpFzUkV8pecc4kcVso7g56qY7piCUHm9NkUOFlUZKjiHHJWEIGgzmcPr6D9O
2020-09-17T10:12:32.903032846Z 19 J4q7vgNqje2jxECwSGzNz63YRzXfDrv5mXNgD0dIgUp0GjhMeLAN9ll6ElK03
2020-09-17T10:12:32.984244604Z 20 yTPyDWI6vJqHVDd8Ni22D5sCpmiZo54B2WrCr51XaVm4cuImDB6cfiqYoAcpa
2020-09-17T10:12:33.065136465Z 21 5w3FIE8LEI9WRECeMt1v04gWayniYPdjVxHVj8jPO4tgjWsJQ4TquKVrGn3wm
2020-09-17T10:12:33.147152666Z 22 IoLWUVQ6zkRU3mMqPE1jDywAvh2WoeWRJ5NvomM7TgTz0iBX7QJGtE5kwKDGP
2020-09-17T10:12:33.228486897Z 23 9CL6AMnWS7qdPyaWO07aAlyQpeknKSs8Hl1xPRoDHwbZ4727iUBLoRczFqWRA
2020-09-17T10:12:33.309906257Z 24 ahk2iZRLsJ00Rm46Wzf0m18AguCsYA8Mxb3HDl1mzlWjV0t1U9U0nSkj7E8hk
2020-09-17T10:12:33.391226374Z 25 rweFE05WhjFFsRrcZL5RBVG7eFQsEOG6esR0oieQHCRNiWFWRyQRzoEMpaDNV
2020-09-17T10:12:33.472808468Z 26 5brhuZ4hhRUp7tTLIUsI0BYjyTkEua1BmiVehzCf8DskasIYhuvewtM5iRMe0
2020-09-17T10:12:33.554601191Z 27 3otzcN86u45zCAHv1R6yZmLa4iCJ8GfmnzWs032Zrw2GahlyxrtltRBBYnlxU
2020-09-17T10:12:33.635713147Z 28 Sld3HSYZASzmSD75jxfLB0afbfUNBPx7uTHSBXYMMqE4MMDYfLjV6MjPs6tpZ
2020-09-17T10:12:33.716201514Z 29 9ra0EmIpdGoPQyddKVBPVLZg9wVvCAJ7BRMshug8kG1OMS68yLXw6S3AlQUP0
2020-09-17T10:12:33.797649451Z 30 0OS9JTZ03CbD1ZA2RYxK3bAL1najP6AWP2M6VIfpkJJ78a5pYXoleQL3kcEaa
2020-09-17T10:12:33.878361920Z 31 okTSIi4ACooTJKLbkDklpEbkj8kHwImB0zbE0wIMPyNrHeM3UjLi0s8IlIJLZ
2020-09-17T10:12:33.959563954Z 32 nbNa08lF3N6DaL6PQjdEy4ILmB5IPDCpYrDngj2kkZkHRQLjwFr0wjKgQfzNM
2020-09-17T10:12:34.040764585Z 33 I2dgCkTCTRghm2afVlL3i3H8RXGDZXcfYg7BECFHSP1rqG04AiSlgQZYZ3ISa
2020-09-17T10:12:34.121823795Z 34 J2dJxu135c3SFcpprYMQhq5MKrb6w11UAdH7uEwqOU835EoDFYpvauNRGv8FQ
2020-09-17T10:12:34.203504194Z 35 hURkoln690iedqsaqEIsOfq59mFKQ3hilIio792bPKzRiusmGEF6M8VnqmnmU
2020-09-17T10:12:34.284353737Z 36 G8dxjaLFDsEjtOVGIr5fO41zYreTfY4dxmPcGauuZmi30iUsWH45gZmcj9DaY
2020-09-17T10:12:34.365548026Z 37 ZGL3hJ5vZCRWgPYAbqlyhP53WwPYZs1MQ1I9yt0V629IYZauCj7R6aJgJ0Jkz
2020-09-17T10:12:34.446151130Z 38 jWJYMo1TiBarbjiSFoC8yBLlHKt1rf2czdf8pBwFdcm3PCdHtckPONHG34VLE
2020-09-17T10:12:34.527737881Z 39 hiLOqDGnlCNMunmzggWr7MxIeuwh2OBc5nqU84IvMUpf25GArlmUaJy3tJMdh
2020-09-17T10:12:34.608224566Z 40 YmGVZNZmC6go1hCjYFnWJXZXKtgHb2MGVcd6gK19QNZhpIVQrCBtvGukBzynR
2020-09-17T10:12:34.689099694Z 41 I6D71fwxolNUTCrqXKPXFo1ctEA8xBIa4IkcnRWnjafcQ7P0dBn6NxByChOoD
2020-09-17T10:12:34.770217204Z 42 tLBjdbbO43vwMGQlZsd5wVpXUBrkqKHMZpjPOtW6e8bXaI69XevnS61Qtknh2
2020-09-17T10:12:34.851456130Z 43 MDDz5tg92hw9F8sP0cKYZGSSXJhj1IRUapSBQVxZbPOeDwyoS3ZtB14URg2b5
2020-09-17T10:12:34.933030255Z 44 ootgnw5RpnLUl0U07r3S2EnRBUyGXrA0UkIaZuCDrpVJvPHjNZmuqRtZzUFPj
2020-09-17T10:12:35.015342403Z 45 TbNOpGoOVIYmkHGLhjBef2vPT7uendiBJJXYI29r2D1krrZcmvE4vyZ2q6WTs
2020-09-17T10:12:35.097439711Z 46 B1wYMxNejbvUkSKxRVmVwJbjbDZ4kbKss5IJxsm3vTjUMwjIjXohFqIoqx5TU
2020-09-17T10:12:35.178092890Z 47 35DW8YQxGNm96b5LVQaEmOgYgBx0PT7ZlqBcyJzCBn0mDE5eenPAWgHFVyB9u
2020-09-17T10:12:35.259962441Z 48 0jdSZ4SwdA6S8LKxp6hGL3WjXW5i30YOr2us1S7bs9fmrjSvo6yLWQsDxQEOn
2020-09-17T10:12:35.342048689Z 49 6Y8mfBDWK0EAaDZWUtZD1PJTWwMU4W2OofWteg6ZceMYbi8WFSnruboKNRkdX
2020-09-17T10:12:35.423468669Z 50 WuMuUNlNTEFpErAiDnBQOujkfeJKEl1fQZ8TKLGGpsfpFZNsxSnYi8qeXBFUB
2020-09-17T10:12:35.505237467Z 51 nInn1PXAFSAEQ7yqdNUraMLlAGVct8ToRxXGu70RMOmpK4BgAgC2REARLSCuY
2020-09-17T10:12:35.587129903Z 52 hCblHKnfDXuNV3qTCDAzGaVXiUlxYYm7wTpHIE8fh0JJPxKwx5hD4trKQ5ace
2020-09-17T10:12:35.668119086Z 53 UbwR1uhk3cuSgPEN86dl4R9kyjV6ZkZqE0CB4siPtWHKvoV3oVZqOMsCZoZj3
2020-09-17T10:12:35.749218990Z 54 LUn64DK4KAJxxWmyzqXFsdzm6ytuDfyet3spDYSZMHS3LV1xBWr6fkHUlKX2B
2020-09-17T10:12:35.830118382Z 55 W6lfypfSjC390POoAiTVOjrm3J7uaK2L6KPohv5TZyVm4aJKqCbc6J6eyIPxm
2020-09-17T10:12:35.911800112Z 56 4R8vjXv5QniWFsyvOaLV07eYyh0epXjdo5Ggv0KXB7n3CdXP3SLc6eydogzN3
2020-09-17T10:12:35.993938408Z 57 3MfbhwLMDFxQqUYpkOGcm9aBXonYbcPBQj9gN4DZSKVphovoWAFSdiWucyTHh
2020-09-17T10:12:36.075822030Z 58 IyzANNMWwR6I2wvAcoqfp21yvbarQ9xsqkh2v7U7DjPLC8ejJTJ59Q4dkthjM
2020-09-17T10:12:36.157220300Z 59 KRqW1UPcLA0rxnMsClm7ItdTuGImLJHDWdDhK7rrPst5XOncdThJeXS6g0vib
2020-09-17T10:12:36.238147667Z 60 TA4mq28deR6JsdaWfWAhPgvXqweWuaSEJx3L1Qo6cUsIRhTLftnLdxZ0oTDVf
2020-09-17T10:12:36.319867127Z 61 9SosPGtKQ3KfXuBNvRba1DV35X1C48Xzp1pHvWQBiJigyUwtZCk6L5a5n0ExY
2020-09-17T10:12:36.401931483Z 62 modz6F9rykLOMDO2ZxYdP4b6zCqbuwBXE2XqFDwGxpcw3rvmbgNCtGse2g4d0
2020-09-17T10:12:36.483447523Z 63 5IZUyuME7YrR1ftkAUYIGS5TecaVoaO546im5lvZV60JClKPBYcaMYIxY8jz2
2020-09-17T10:12:36.564959385Z 64 4BTVnzvcGPq1OJ7aoWjOuzHyTP6F59hKl0bVH9ICWT0uDCXg5whDHYlFA34XU
2020-09-17T10:12:36.646113643Z 65 2SiWKyHI4rz3qYW0WiwsLjDZQiQtn8sZZKUv0DsFHOAqagkncR3kQxp7kJAfj
2020-09-17T10:12:36.727259430Z 66 5ESOKQPjxxCGZ7MDS6Wk3Z3FH244Drw3M0zKtFnqqWSuiadJTAPmmOaUKkn4M
2020-09-17T10:12:36.808084870Z 67 Gc3ejrGHqJ5t5WE44v6tF5ZlO0USm6QBpR4E12COQjkjM7Aibmn22MzSd00BE
2020-09-17T10:12:36.889026387Z 68 ZGag8riIJ1c10rf4ss3pSBOgqO28LYVJZl3pju3GmPf5vPxeBbnJOVj7CyNz2
2020-09-17T10:12:36.971068455Z 69 qKtNaPZmGnjSfFWAScbDYezssH6QRlwTxp3mmXA43MArF0vgwH3MZsuOAnnhP
2020-09-17T10:12:37.052571195Z 70 Nb4ExAYd6E1tqP2EakyDvBG9ZI7Xk2qrEPMN1ocE5b7b0AE9YpL50TrL45YUM
2020-09-17T10:12:37.133962036Z 71 45PCqLH3etHW3Yztnf0ZSiLONonzuvtOlWGiovBi3PZZFJh427WJbeUP0XJsg
2020-09-17T10:12:37.215460893Z 72 RF6gJ55SWOnpvHlRsGm8oLIaWYI3mneEiaAlnMn4FCCbwq8AgfggE2bjuZL00
2020-09-17T10:12:37.296235430Z 73 kRA4qxa6V3rIL8rq4eIWE7lo9Tfl5x1ZuFa1FIVbbLF7HT3A1FRbepwl4fs67
2020-09-17T10:12:37.378057228Z 74 DuycqMeubVhiVA4IJ3wuy89K9QIvHvWKlCo8CVItmFtXjTMZPwM26XfczfBhb
2020-09-17T10:12:37.459839438Z 75 54nlLXoSb08xmC5B7oEujNdu3fyvmYSJBBuONMRL2QlLf6L5JqfcmFTwmdTIs
2020-09-17T10:12:37.540688838Z 76 GI6GB7LIxUM4YPP2MrNCDj1kEVbmPesoFAzZikwTNcODYyQj7V0kMJRz7OWnA
2020-09-17T10:12:37.621305142Z 77 FuTuQqepszqMY2mki5iKe54Vz9nUiBlFwXguabYFAKw1xdRLJNwdTisPn1qvl
2020-09-17T10:12:37.702741426Z 78 igtrRjM5mA3GQ73Wcf4X4OS9nDUIXZHY8xNAv9cPJR2vKv7OsJbLUQbudQeY1
2020-09-17T10:12:37.784893721Z 79 te2CPLFWdA8qZKDVQ6kWObEVLUFEjKSGVRtDAx4p3GqmmKKRvurMKecQSOcFo
2020-09-17T10:12:37.866077325Z 80 EbFwkX98sQbbiQ8frQ5AFv5zWhggb5KcwUI9E7WXREXvegB3QFqYi9W32BAMV
2020-09-17T10:12:37.946926029Z 81 96fHJbj7SpcVOj5yYWrJbrNGkOizV0Kfy2uU3uHtopSMzEOM1bk8o0vKqHQiz
2020-09-17T10:12:38.028786996Z 82 XJ7KLWzfFf2P5hYyhLocsfbHzPraVEHhtJUXSnmq2z6xHF8w27PiWGFtc7e6u
2020-09-17T10:12:38.109479239Z 83 uPd6QBCdKkC6u9iyWpQ1YXWoPvEIcQHq3IMqOOgjV9163MvBHBfxoQnOzVxLy
2020-09-17T10:12:38.190993985Z 84 rVmksNiDlzOUgWfmoUSJ5q2c0BCrfhm4x3JEDIQhfcwvLlfNfr3ZGLn8sAv6W
2020-09-17T10:12:38.271936244Z 85 4VLpN2CfmHOQyGyHoaSMXBeAO2vy8mZsXWZd1STNKUtrhaEu8fHeslrk1vOxZ
2020-09-17T10:12:38.352301845Z 86 hBj7x61ePgk4qZSRhZrh0Va78hkzBGIX2QhxmQP0CZ18vOwXojhO2V3X7nIMu
2020-09-17T10:12:38.433737642Z 87 LlT6N96E27HVsKnmFPROJjr7HxExinFQibyObLrMgfm6BijGAWg3K6ngjW9FA
2020-09-17T10:12:38.514607648Z 88 8AR7Skcr3q0jBaROBtwS627VDLc7RJOnBe8hbbeOHRh1DQhDhpSVVgpWm4dtF
2020-09-17T10:12:38.595526965Z 89 6LN8dBOW3no5I8YkNkcg8nvuktmfD8kYAJV11ON2j8H7VBJlulUSK1C92c3pS
2020-09-17T10:12:38.676680319Z 90 tyICqtlgR393oXkfZ7EkUzcKJJ3kqbOSvbadNVnbhf83vbJ1TpTcEH4jADCgN
2020-09-17T10:12:38.757162126Z 91 ZFUpNXpkRWO45DMUexRUJK5XAvjyWpwbkKGZL72UV8QxP0zj8tpr01ZB7tzVB
2020-09-17T10:12:38.838614919Z 92 iG8HCDlu9TipialQnRyw2E1AAn9Ts5GRbUVPtvEBQFl10oSWO1SD79dodig6S
2020-09-17T10:12:38.919645314Z 93 ze4gGm3IsvG1z2UWIYAJmsYMRU44oXrf2i3sTi68he3308xYrUA8GyuNJBUTe
2020-09-17T10:12:39.002297256Z 94 7O0Z2Ep9Y8wPuMeoWtGP0Az2ogrCv03ubkRWVZ3TPbt18zGMTgfRMNWZePcMX
2020-09-17T10:12:39.083782049Z 95 guC2PRrKIarAEliFPJmLT09laOgj4Up0rzVOrzCT0wTX19IHr35Yx4tIX9dvJ
2020-09-17T10:12:39.165116374Z 96 xuA8OCrFydthufx5X8kjGbmKw2e9iGQiFr1rMotfiKpTv5maief3DEYL0rI8V
2020-09-17T10:12:39.246937520Z 97 aB2EKDn3LZod1DYMBYcb5A9TxjX0GCThGhVDjf6b1y2plOvR8LxUAPUGo1OOy
2020-09-17T10:12:39.327622402Z 98 Zt16y2nVRtp6ytgIkII1HAW34yDMCKIcrgJTk0kBwyCnCZy3gAhMDvMi85NOp
2020-09-17T10:12:39.409481722Z 99 5LhS02VSWaVx33MsgMl16sVNnTyv8qwXyGsmaPvy2Wn9G2DLKG2PupNTWJj14
2020-09-17T10:12:39.490356554Z 100 Rck2lGuRLJS9YqYgst5OnSfU2VmIBWeSfTaw1LJ0QpYs93j4aGtrBoO5C2j0
2020-09-17T10:12:39.571740728Z 101 PF0SXD8Y7ifmCsCKenfaQ18ColJdpu4UdlThSWtDO51bL2jo9SBe4Lq8BuQ7
2020-09-17T10:12:39.653036447Z 102 xhNmMMG5pp92eitHS65NwkyCEVfKo5p2gfXlgUfMdsObVav7xGtaR15pqz4D
2020-09-17T10:12:39.734933951Z 103 I0axRYSrXrmpp19pKZGDqdGLPbffIBp73C8irzIrbp3q1BeAPLlaXPOV7ULA
2020-09-17T10:12:39.815431861Z 104 Q7SXZnf4w05RF7iwTMhls8F5TjO1oTB25vPszSgbvd3F2ojcK52YNiZdIp8d
2020-09-17T10:12:39.897031119Z 105 Z9wbW2WHfmts1ndGuRysiNSuZPxUQh74lICDELhZIhiwrJKCSrIOWLK9xAI6
2020-09-17T10:12:39.978023045Z 106 QKWStKmcG5AR6bmj5L0QCzPxqqrhg6aKfHOvWrxW4AZRJJEEDAQHJtOI0YcG
2020-09-17T10:12:40.059672892Z 107 fnsSPEiMQWfuE9EfJHf6SCNowSwYnUmOx655DE7upp9AEfeAtQNeklk63tzw
2020-09-17T10:12:40.140937750Z 108 k2ixHbbSfwqEkYqeBzuNVEaQ3ZDeL1oSY17bwZYyLDFKpqXl5YSMiNfVjuhY
2020-09-17T10:12:40.222997278Z 109 kBNpVFrKO9XKeiq1Jvwxq7wjuptwFWstuc66xBCM1br5jlkp6TKs8aZrssF8
2020-09-17T10:12:40.304906918Z 110 0SBIpvc75Y0TH6K33QPeMhcGPpzAV91QbmNX0o8e1DAlvdWoNYwpEzoDD6IC
2020-09-17T10:12:40.386535996Z 111 kfkeumLSom0KG7j2TLTBd0YxUkQe8Xa2w06f8QOVNfrOIamKhyDLgd53Epxm
2020-09-17T10:12:40.467272709Z 112 3afH6WfWPCOPZYsjW0zNYuTh02J7m77hzlWxmgGgg66Yu5DedvJLEWiOk0Yp
2020-09-17T10:12:40.548263719Z 113 zU7knZRYKXGVWvI8E5UkapQKRHjYC8Kweb3585dl0jhZKYRCIk8pdMcbs6Wj
2020-09-17T10:12:40.630088256Z 114 X949daeVlMFIaRHbH9cla7x8EhSBuKDpMhW2x8CtLh2MVPyVGGCUvur8pOfM
2020-09-17T10:12:40.711356671Z 115 bZ7hTf1QkkTZ0ElK4k6zIqgTOq2IAbkJaxNyM8Idi62oAQ91dTpzJyzBVUb3
2020-09-17T10:12:40.792618451Z 116 tJSQFRBpEMLkHN9rQXJRwD3YcM26Ys8ckhcliQV8La5RuAgYsqzNgB9pAesT
2020-09-17T10:12:40.873797913Z 117 sDCHsX6wPDJymtlgmlX0XBcVL2OR479oGLBrU8jNwAgcpWLs2brtr3g6Cnzn
2020-09-17T10:12:40.954448122Z 118 SefYbm6fluCkhVDMTcpCNpqlN6LC3fvmz7qvUo2VgjXI00wORK5ugoUIT8bP
2020-09-17T10:12:41.035355154Z 119 JKH1RXJdt4mw2sERM04kT6owdecl21ki2Fj67h8ilGcnV20aPe0ZVZPhvOnk
2020-09-17T10:12:41.116458559Z 120 bGKe9gWl2XRk7EL4GwRCWzE9llLFQ0tRZeAGjy5PAWpebPn2IibTkgPgFzry
2020-09-17T10:12:41.197406044Z 121 cKiqb1QVSkE2XoYXNVo0x8MPTb4a5MMrJXYwq4iVKhedPg4Rqzr1zefUDfse
2020-09-17T10:12:41.278822113Z 122 L2yHZ4o0G0oqXz1V3P56i804qDgbEwuYVYicvEZXVLNF3h0pxfL2q705f0Js
2020-09-17T10:12:41.359353130Z 123 uKsZWxmrEPmhUVewLOmhG0UPFNG3UPRFcqIj7d00WDJEiE8QdQEIrXVGiFG2
2020-09-17T10:12:41.440707145Z 124 twrAJ7kbuPxW7zioEhDZ8zDXaOEXlP7RECeLH4JqkfLufh4Gzk2IFkYxoWhR
2020-09-17T10:12:41.522777923Z 125 DEeLdP7VDEfft7qzduK7Tw0NLBqTzpQk2wN2jFi1StcNa3CR2exAk40cCEDd
2020-09-17T10:12:41.603542482Z 126 fVE5fXRxgCiOF8c5uYBgzy1pjYdJk2tkBlILH7wwV0jDqtEEAwZTzUUUmDjo
2020-09-17T10:12:41.685138469Z 127 39pi6m8wZiQR7T9vqVlMXsY3Gk3pojGwFuPLvTHuTewSou7fnTK3XLh4FxSY
2020-09-17T10:12:41.766839775Z 128 fh7HgGDs7Pu42Ok8xYPl3QW9DzGZFVDEM5SX9lhUeyu3a3fcO8HL8eArz33r
2020-09-17T10:12:41.849006854Z 129 a4EqIj3e0pFeUV49lcBcC8Pkvo53Hqmcgi3XfuYi8qtCj8rypDLM5epuaate
2020-09-17T10:12:41.931085255Z 130 7MsturlxyQTK4q0xor1GPYT99cDGZ6rYqkXNf1XPo5WEM2QPqRcf9ngjQCkW
2020-09-17T10:12:42.012285377Z 131 jnxVErVkV9c81XxkXVmo2PcRGFJbyOzQUzmZl0Psmvds4gg0IkjVuCAYfReh
2020-09-17T10:12:42.093211421Z 132 JLKEKnJuCMQms6BwyISRV8zJl9cINWVTNvpX1sOQG70FoxYP9f6e3gnAcPYA
2020-09-17T10:12:42.174505208Z 133 rpem3Jo2WvjgixnAtSZL6Cy0BXbZSFlNShVe1rpQZ1XdzdenHSQ2eJ4NmUDf
2020-09-17T10:12:42.255320773Z 134 nNq721wISeZKS0X83d8WGlHmSzvZkePSXoxmHsKzys4PdVkD1fCDN9FIJJeR
2020-09-17T10:12:42.336483472Z 135 BGBj0WVwEjhABpPm3i1VLwX0fZN0FzekvqoLrzz0spEVQUHDP4hGHOYeJ9mh
2020-09-17T10:12:42.417903573Z 136 hjIaBaW0c3MtfQ2IWAg8d1pn5R195vLUdLhvzjwoZ3MTLONobChVyp4utkc1
2020-09-17T10:12:42.498494438Z 137 3CvLoNhZ3VqrVcHoIu4F0zuP3pLdjhbs0ilnZgtomDWubaYejWvt7ytEPnZA
2020-09-17T10:12:42.579596471Z 138 efLUeFGwstleYVPbcphWlpHZLELuGSotHu0ypBkthjaUahek8hdlmILxH6EW
2020-09-17T10:12:42.660027945Z 139 QHJoLDb333lsc95bm5Lcm173TZVu7hd85PqGJIUwjJYcHJanquFePjQoymmz
2020-09-17T10:12:42.741477407Z 140 XfAR1oovbR86Tkd08MnJWKsSTekhK9MRfDUUAyB4UHx3hheVnlkqGGH9NtrZ
2020-09-17T10:12:42.822111517Z 141 qs9GPNg77NCFCGHLGL3Wj2k7CEIl5LLie4ElzmQ6BJDni5YQzlzbsfcTJETH
2020-09-17T10:12:42.904263893Z 142 RC0zzXRRR2WKQq5DfYbJiCGejsa1HWmvZYo3a3GvduO4buoGkV8IF9YMy37a
2020-09-17T10:12:42.985926019Z 143 Zq68hKqFUq8eWOBMlQzLxri0MFCB2qoqhVvunFI5Thrh1ekiV3HUVsCNfu4t
2020-09-17T10:12:43.067123021Z 144 dCxY6r0BSUiREMUNvMP6p3MgxwsWS0hJrnd2BKMDumKglVudrGjgFChqiB1Z
2020-09-17T10:12:43.148437111Z 145 xh0uNUk3OULQWnpKBW5aKECRbks5GxPXvOlj8FJwGSYEatE93pZGItsdPOd9
2020-09-17T10:12:43.230019524Z 146 sGwGTLg7iik1cjMRaP2AnRKXU2p0ZWJhDlsUtq745jPBfbEc2y1cWWnqDjVi
2020-09-17T10:12:43.311172710Z 147 PoawowRrB3KF0FDuWewuB8Dx1CREQIogmUTbCLfh8ItpTcj3WHsdN3HAAVQo
2020-09-17T10:12:43.392049918Z 148 z6ZPvYRKTbPmYSY4rmz6WtQhiaEUzifMRXFR18i9vopWGETJMuQL8cEzxP5i
2020-09-17T10:12:43.473244080Z 149 iwa3HHixLPOaMntZ91ZKO8lFU3guKE6eeZanSQNkYtAJrjy0W1UyjKIOIBSY
2020-09-17T10:12:43.555218108Z 150 K7LA1GVYpi3b1KeIIrtcXC6QudeHgiK8uiTzL3jMTP81tlyDk2TNHpkE7Rtu
2020-09-17T10:12:43.637124423Z 151 rC2tbRRyTA9HjiRTGQ0YpVVtvJ0GHYRyIcCobVJOp06lxTL1iIWb5WMGy4no
2020-09-17T10:12:43.718421864Z 152 bD77DxVdLLNdpWPOwMV34y9PO2k6RZtOuxK7rrQImPxexlfsFqKCkgC1mamD
2020-09-17T10:12:43.799084917Z 153 U3veEEVdNf0frVfjxnKIpNfbhXGP6EZMnMXXgWEJn1C1yCyXqch2uHLEMc0P
2020-09-17T10:12:43.880766301Z 154 hzP0SpkWF30NBRvCXFuP0b9rWiKJEhQnWkMbDgrR14FxyNmWNaCqGqmG1gUz
2020-09-17T10:12:43.962431034Z 155 kSWFARWi9B5eVqT6aSHW4DHpT5g17IUDlBCEcOJZjWKBlD1PzU5nuEZ7zPez
2020-09-17T10:12:44.043925616Z 156 ecv7l6qQ79EiviBiuMDxSmXJGSIAm3zQQsBKcWxYa4obSbU054Yt3jjUfUdk
2020-09-17T10:12:44.125131400Z 157 ORT0QIo0M4vZzg6PJvVIXUxlA0a37dvbQHSK4ZWoVjNe5wD25wrydHB6BcaE
2020-09-17T10:12:44.206761118Z 158 b3pfiqmqtBuguCDLDg542fQBmN4K7U1ILbAtUjVmtiBDMSghh1pxnNaEqgFs
2020-09-17T10:12:44.287602889Z 159 GS47je1FVOmGF45eUkGJOKQFgZsQ741AxtbYfND26zW04NcZSkomookSZrFi
2020-09-17T10:12:44.369307201Z 160 R2EHjizVXhxXTjv9janOnJKmfbG5CT973BKZmQAS4o0VViqX8osiVwYgAnJb
2020-09-17T10:12:44.450827860Z 161 Jtc1rmi7prreEL3ISEZMpSjljsnSpIzoZIYg7noVbGtLonaufW3glNLpY4qa
2020-09-17T10:12:44.532406468Z 162 UnxK4uDyH2fZH5nj8nN0EASCoVoWGX8NrY9ooQEBnVxgnrqYxoKoQXHiErEO
2020-09-17T10:12:44.613176343Z 163 clWrz8WAm8aqwHEJ8mSX54D4y8uZbzbMiaHxOIGN3Qak4J3GTWofEDYiRaBw
2020-09-17T10:12:44.694708468Z 164 widme5O6ryhWLsfrk7Fq9YFc3XEMagGVZ27ifSz6zuGl3IuoswIYZvTJLU7h
2020-09-17T10:12:44.775878855Z 165 xrodc7ZblczPPrpuCJVv8Xv5BlLxFv86cz8ZYaLfFEzh5mVjZKwJoZZy8GUK
2020-09-17T10:12:44.857960805Z 166 pqjYOxg5jnq83oAIuYwY53iLzom8dPRPpkRXIh6OsTAar2mnNfVFnEUNLxbu
2020-09-17T10:12:44.939427838Z 167 ByppZJ8EGn5y7obgGnftdzhXYG3sDFsqDJcgKYAsHYS4r1qx5YXO68McC1dj
2020-09-17T10:12:45.020504642Z 168 l67LGDFdZ9iS5nZpVCFVuYgGzsmjL0BbxouLBzTT28wNkFZuQmMeUjDit1Qn
2020-09-17T10:12:45.102419022Z 169 zGyiXxVsyGNNooRa2NPFfCWmuyhju1b7UYN1vo4qKUWa6b3GCSTolXNqcVbM
2020-09-17T10:12:45.183406145Z 170 tiFiw0kyZYx0ri4x08SmY8OxoEYoXEYnSZLi709NAGB7sGQsUycSQar35UCR
2020-09-17T10:12:45.264720448Z 171 WlK4UTm9XBTuW2YJGstsbq7ko5NBINyBB49WgZsHylsl48bhf1ChRRmiO2Yr
2020-09-17T10:12:45.345343686Z 172 qQe9f7nIw7MxfbWWuD6FfAPFTc9jCp3Ecua35GxUmUhwr2ryahFaZLrQS0YK
2020-09-17T10:12:45.426922172Z 173 a6n13dImwM1OqtNZCl1nFM7w7BtySwB2qrQQYtuFbZo9PXeuFKnbKVPNb1AV
2020-09-17T10:12:45.507323925Z 174 PvfrHm9vYKOvnha2XdzwsdEHUBUHbOR1kdgnG6Fih3GVIwH3fDRahD1IMbXk
2020-09-17T10:12:45.588087153Z 175 4AgfkM3U7Yxv6NQlSkiVVBlhB0Fh2S68pyGruZiXUn4aTsNe3taQpJzCyYMw
2020-09-17T10:12:45.669023864Z 176 10i8GD1w5pDzLcoGFU8a5txlIQa0b2K65sps7C7FYO6gvfEWsxxgSk6baxto
2020-09-17T10:12:45.751219281Z 177 KSq0qhcSBH7bul0sz9KGNDQnY4O5JDmwRNPOndXT3dkyPjxcp9ElmnhEJ3OR
2020-09-17T10:12:45.832168414Z 178 MPahTpLAS2lsqBeZfuJk55ShC6NQnjHF6me0gBukeGIC8O9i2EVRSjDFhKw7
2020-09-17T10:12:45.913209229Z 179 Lr2487rqJVsifCROg62Qrx2WrJzwnv18yMzJOKCoNSzcm133ecnaDGEATQU0
2020-09-17T10:12:45.994333377Z 180 mPQn17YqmETtHq522x9oNlIKzoixE0zb6GA2Rw2io6ztPvjNc7YNFhT9ftkw
2020-09-17T10:12:46.075944650Z 181 N3qKCUeW9miHQu4dkrxIzmnMztvlacFBqdrikK3MsBuZi4x4xrWqz6WoapH2
2020-09-17T10:12:46.157782125Z 182 Pco4oWjeHSZcghkRGGlbWrElyzPN0TzchFG71RGsFvVoHRxYnX96CegAlQZv
2020-09-17T10:12:46.239356315Z 183 r8BjEpTEwrkfgq4WyZ9NyktXImGAw956XbtWwODHMIYS92a9op4sP7aJ6uLe
2020-09-17T10:12:46.320459088Z 184 8nsroqLlPBbHrGMhhspQLlv4VBcmqJAthxBDZi2PoWmB9xEG27R0xLPd9TnZ
2020-09-17T10:12:46.401148153Z 185 POtaqGe6DAd23p6ttjSMgNqkVwkvcorPRTM7LCSErEJHrPUSjjdAtEKmOel4
2020-09-17T10:12:46.482832794Z 186 UVuozFLcsvWYADycPmDAVmz0mxshk0fGEy8gIXCoQma24SNimLtYARVsGKvT
2020-09-17T10:12:46.564728421Z 187 PMECImQeR8IAjRz8MkjqC0GMYujyD20ZoSu6d3msfiKvg6WzEGUG5SehYZoc
2020-09-17T10:12:46.645727691Z 188 nj8R0me6Sym3n8hr3JmiS2LkDShwh1QhRh91oXbt0XFfkMb0123bsSDfxD9X
2020-09-17T10:12:46.727579232Z 189 nIgbwUw759hkpX70NMrdts2GbZAzcwwKIh2W7RElEClXNZlgUjcNU6gl92q7
2020-09-17T10:12:46.809617304Z 190 lqbHSohhkP8M6mkDj8PNQolqrD5ZyQ6qsCGDV6Q4gmnzYDNQkML71H1pkjvn
2020-09-17T10:12:46.890592287Z 191 yaoUwJsYtRAaALmgzisjtJWltbQ5sBS9rL4yW53stR0ckyVLzoJgP3Ph8Ui4
2020-09-17T10:12:46.971788610Z 192 rJXwvCCY8rCSFEOl1k0BvZrn2Uj8vEJPMgeBtTG8I4HaGkRC5aefIw2zZC1j
2020-09-17T10:12:47.053148925Z 193 LertPhG07uK4HGnVJH92GTkNYcIZ9iVi0Ur51w1rqyTHjhVL0bXCa95hvdiZ
2020-09-17T10:12:47.134950996Z 194 xGNJ90LBeZzHlI6njLL5SFCXKuAMMiusnzOEmtc5lf8Pd3N7zpGVQ8YSx7rb
2020-09-17T10:12:47.217000451Z 195 nkBA7PCGzhZXz5wjvq6F89O5tdSAOwQLLWu7GiN3CKAtKlFmvCOJO0zUSaiy
2020-09-17T10:12:47.298200956Z 196 zQo9xawb0uJpGhPVw2qtSJedDnArdBFAAv8no2W2Oh5zbFZI2bgxJuqiJSxr
2020-09-17T10:12:47.379964014Z 197 CeOBJf6z40o7GsdCgvIeKjDAZxUrqiGbyD3NtLyDplWhOZgiUllo0L9ey0R6
2020-09-17T10:12:47.461728961Z 198 wcZRYXxvhsUcnWcZv7kc0HiwqGQFgNqxQauiSubPjo4gjA0TVOdwTESct9WK
2020-09-17T10:12:47.543158227Z 199 TcXALEfiTeTxwnyxbDEcwlQOYGSDP0DTbNDqRyTAfIY57hGuNBD8xLjOfJ14
2020-09-17T10:12:47.624157538Z 200 Oj8naoBo2hxGiYPX8baN4mZBCJztDHgE5wfBpwdp7hsvCrQ40rSrj4WlRHWb
2020-09-17T10:12:47.705831936Z 201 4qGnTYqCRoPxu396y4xrlzUbjS8seDiwp2rF64kAoEfIUFEMvWbnkgF85Z08
2020-09-17T10:12:47.787486571Z 202 XTVGAwZevMu7gQVIFTx57AGtTLPBveaZ2l0Cf0OggGn9QTEavbp63fOLGQdy
2020-09-17T10:12:47.869295554Z 203 RxAFe6n6ULvQm8IAEt32qUvDRUAhhvwoZSCHuLwc4jlBjJMjolQyOoBSQT1Y
2020-09-17T10:12:47.950196199Z 204 EEh7y85Vuj60q5fPlIY7KJobEuZYEuH9ORmUZUFKnTBIUrjD4tZum7RwjdYp
2020-09-17T10:12:48.031846278Z 205 krE1gBgSzafPEro600t2Nnk8XlbihmfDZ3ltDJZNqeA0m0y5qP7hynvp99tp
2020-09-17T10:12:48.113626952Z 206 g5NpUgBXCckVLhyHWvrLtAwxkO3OASimefrl9be0TxIvpJRN3aDjeC2Efhbx
2020-09-17T10:12:48.194913772Z 207 Ay9ldhSqN9qAoEApxVU7IcsZaWoH4FNfZ0GFe3hYvgH3ZcsZSQftNPJq8GXe
2020-09-17T10:12:48.275287379Z 208 8oqQDBa1RF46AprNK1cR3vGygGON0TgJyMvwQ00Kc0xQ2FDxPl36MKFEbxwB
2020-09-17T10:12:48.356024473Z 209 FQ2pECnj0S4M54kSQVmOj5slS8UBjuszUjfu9g1lNKvUNsKXtkIPUmwopcao
2020-09-17T10:12:48.437573868Z 210 auXBMIXxArl97JhO9EyzZook1pAu14mIPYOAMJ3aVYyT5bTjOcFGwFX7wRhk
2020-09-17T10:12:48.518278949Z 211 nilE8FPBLugTIODVFVCk6LvKWs9kEJ7L2HzgPjsBiEJP2gFuOFCbCn0iIOmq
2020-09-17T10:12:48.600234225Z 212 lph3XqcAtEIaQ0MAGJodJFGM9I9AlWfJOZgEziWIlikFuFjRi9cgFjMkGYo7
2020-09-17T10:12:48.682417552Z 213 GWcecXBo4yGK52UCTawag7HGJ7IAZhdl9wADzhtyvzLLtrKe4chKU40j5Sih
2020-09-17T10:12:48.763571460Z 214 RrkWHCam515zMBiO7Lf3aXbtx9WobdTq0Q3XODcstdIoJ1Pw4OX5WLorhArO
2020-09-17T10:12:48.845476796Z 215 BEVduUrvTylc74tJXl5paDzoYmJPQ0Ha3QbIbF1J4LjqnTsVaR8i4Ul7gEKQ
2020-09-17T10:12:48.926276389Z 216 x4tTXQ90QVpNJPhvEeOliX6cv01Ebg0l7zpIHLKU0yrXKbYqVdNi8P8j7Rvl
2020-09-17T10:12:49.007251800Z 217 sKBWB0P4CPmo6M6vcKj2ZlGj6geTtUwdoKhe6OZ2XOxC0bYOoPQQ6t5A9HIy
2020-09-17T10:12:49.088667323Z 218 zqsL8EgsZ7TpaOwk7Sq8QWOjmlaTDPo8slohezdycYcChvttOPLn32of4KFy
2020-09-17T10:12:49.170199838Z 219 TOq424o6pdSruJiIjF8vMQnTc6mAligPnnIDAPGuTWha8AjNuGcVEGVSvJ2n
2020-09-17T10:12:49.251516413Z 220 LlVWYFm4K52r6LBZktopqiVmp5wLqYOA98qxfhbxCULHDXC0YA8ZERr8N0gE
2020-09-17T10:12:49.332702114Z 221 zcn5bP7ZCKcKlzDege01GHW8SRufnRb3NywlBzIhyDPpYiBYamlhk2Pv9s3x
2020-09-17T10:12:49.413706221Z 222 h6zmkghoH7Dj97GwBWWoZIWlJYxu7jdRrzsi7sv5lX7lclRa986M2JIEBdeN
2020-09-17T10:12:49.494416267Z 223 r2rh5GTwVjgHxcRGLrJ90OQBEIyA8WXwrvCmClYbOziJ7MLnnScer4Ejr4sP
2020-09-17T10:12:49.576049492Z 224 Q2uydjDzuyvppIUZN7nmBlnUjW5ygUgivLXisAU7MYdO5i0AwTlRpc2fC5gm
2020-09-17T10:12:49.657534435Z 225 tM6u2ZjXCNUDqVEudshfsdqBKtHfRewE9awo3hciUdZpKORvyL6ETa7GF06k
2020-09-17T10:12:49.738494089Z 226 PqsTqla30btZFXXkeuJC45NTBbNKUdyaBjf5dNFwCJdxjUdrPkHjAS1BZPBu
2020-09-17T10:12:49.819497828Z 227 kGl1K1aUcF43CeMAKcPUurYWL5cTE9VgxQvZyvLwWg7dojBlHwKY6RTBZUGl
2020-09-17T10:12:49.900614760Z 228 WZrUC3rznxa2IcOTj8Dpie8fVvDdRPnIs7yDPcWTiBBc7kZSmCuLUACXLNm6
2020-09-17T10:12:49.982205137Z 229 S4RaFiGrKKHqPxB4tquWlz0HA3mOU7PeuzBcVwV0i1UtR4dztsImRRjg6aFK
2020-09-17T10:12:50.063374156Z 230 GrKgEhCLjpAqDQBKCqAvDC3o7ZVnpC83FORIfzUXbBk2jAgdklNIyg4pK2gW
2020-09-17T10:12:50.144797224Z 231 6xi7JrzGQwsP1QTZmh9pXKfrgPbLTCHlEBN6KvEkn1L4P9yn7el2ARtcL8Fn
2020-09-17T10:12:50.226519159Z 232 If2Ij4sicTp7ClALzy2RuP0UEYBBrS1AV23UTIuYYy6XppdD67tBxwNXlsom
2020-09-17T10:12:50.307464254Z 233 NB59gxAB3t1Qf1oOhwtcKMUmPLJPzeNxhLDlR7NiLnD3kXvhbs1uyIPIMxpH
2020-09-17T10:12:50.388680264Z 234 2g43DgQXRCCIfz2MQ32iI8veGQ5rTjkimWpMiZHlWC0IxNnTiCSCvEdECOU3
2020-09-17T10:12:50.470129750Z 235 clnZmUU4WCGAGlaLr9JGFKOWyPoEaYUOzlov8LbOTmSItzP24XQl77y8TMX0
2020-09-17T10:12:50.551131444Z 236 5gTFUzoQr6VuzcPnAfe63CHgsdlBl8NmwCY3HpQFtYModEe8gte8hVZwPYjA
2020-09-17T10:12:50.632495997Z 237 1ye65AXfT9xHXrsyi5XYvQTCXWHjkVAtZx9Vj5UPcsWDnUO42zCtaiObh1Md
2020-09-17T10:12:50.713399766Z 238 v9T2sx7VaYmxp1kF7fyzNx4dWZGWto1jnKnn0OZ40pnTTy8mMSC0dJMm0f08
2020-09-17T10:12:50.795448282Z 239 Tne6oSxmgpawEG0HPYPi3f7U9IohgNLxBmrz63rL4ZtQ9l3cHygCEdVRseeN
2020-09-17T10:12:50.876883076Z 240 bgHk5vjleA9lsilyy20JQObiAraOQPRkfdNZKT8jfECNi8mJUwbEV88GoRGs
2020-09-17T10:12:50.958445934Z 241 AKpYjNXy2UNCsN621afgNUWTwBVvBLl0aHbrEHZukIo13KcKA2mOTV5rJe54
2020-09-17T10:12:51.039340318Z 242 K4MnNkp2AeRODBHqnRpNHepRaW4EtYKJNiSkqpk53vanLYkCS0k7UUga52JG
2020-09-17T10:12:51.121176639Z 243 sYG9EniWx88fduF7WrzKGWxBvRYYGyY67YTvrjmkh8sC9yeuuSCto7J0y6lK
2020-09-17T10:12:51.202329440Z 244 uFSTbXLSWIHodw2E8sIpfeuQjknTefORjSigW0EHeKhc5mDAsuFgJ7Eksgjv
2020-09-17T10:12:51.283292354Z 245 Xc76iahBypen2QXi3tTVHrN9ubs70B4ma3GbMpCQWhFEprRes5y8vzO9e7nu
2020-09-17T10:12:51.364783590Z 246 hefUMlXfmjN1GLbDPgG9lKZ8WXMtlva7WtwjwrBBu3uPRjdeBuDTyPuSmUnX
2020-09-17T10:12:51.445694688Z 247 kTWFidefDrnyfjRKZO0RWRdL0EdPXKodV6b87AMSq1klVdNplweavcKLVlyr
2020-09-17T10:12:51.526780980Z 248 yTFU3zmWE2vQsOajSYywHp0e8WqlbtWgMQVy1POdJqefFxUNQCqErJEgby6N
2020-09-17T10:12:51.607367470Z 249 OQx71eOnT92aUBvixmbq9fIsi8nycx44JLTxMmNINyZ7TimERNHXbSYRrEfK
2020-09-17T10:12:51.688104700Z 250 ZPI6qi6O2vsuYrUxs9l0HWHD82iuHVjCBM79mliVONvjqWa5uxItVObdvzhu
2020-09-17T10:12:51.769852913Z 251 yQl8MnNLsXO0wPSyM4sxCf2iuZo2L0p7RJUa2ODaDKH0Y6rgeIAWXRiPRMy3
2020-09-17T10:12:51.850424394Z 252 PGV7iVrzxNdE4Q2z3YnFc014tzxytKAJVE6gIrfhMuFtCM0efZarftnI33q1
2020-09-17T10:12:51.931293657Z 253 v0lQlGGxKMxEh3VFaP43esMDl5UwRb4I0VMLh2qz8Agg3rI4EhGOtYzrLwdN
2020-09-17T10:12:52.012359259Z 254 cjUsjnZtT4P1cwOBB5ycGsIjocAojBKmZCr349ctPZWSKG2cCB6vuwthq07q
2020-09-17T10:12:52.093880338Z 255 pCaLXD9bnSnrtaSDdCGffpHTQ5MpL4lAiMqEsbbK4wCVTEpKLBtyZtYjAuIs
2020-09-17T10:12:52.176182940Z 256 3wrCYpRYDGLhj5hnE0ksdVAkKIJ3DC9OwAhHeP6nHC2oKnQYhCgrw0oY9R00
2020-09-17T10:12:52.257731346Z 257 avgT1xiyLBW2C3KB4ADGDHHLnHUWywsUJfaW2tYNL1MDjB5NGhZAwjORFyie
2020-09-17T10:12:52.339067866Z 258 6uNwlxppkLxRdsgqbGSl7AXpjh002mDPtueSorEmM3WZniqr7jYEAlQKrL93
2020-09-17T10:12:52.420397886Z 259 fBtUVTmJONqtuLLszZrIomlbiia5OxVvEoChSg9KrWYVPhW0cnjVzKp10I4G
2020-09-17T10:12:52.501326497Z 260 pQ1tescbmvj4m3QTwPmAA5mgEcQEaAzm7bG0tYZrTJHhrc4Ahfj3xweNBroC
2020-09-17T10:12:52.583250211Z 261 kThtxrehrRkci5GlPAWA77lB3JkCe6rj9PCQtb9VKkBlJYMChTv4aY7MlhYu
2020-09-17T10:12:52.663981305Z 262 GUDVWNui2X579JzqshYaI42WiOUDbnhdVDJqArA4YC3pwoUMPaRLrdkervKa
2020-09-17T10:12:52.745548706Z 263 AcoSgwznA495iDxOiCzgYCxCEjpwaO7RmaYpir46lTIyHrmK7BMxVF4O5UvU
2020-09-17T10:12:52.826215874Z 264 CdEN9KlxbWxMz0h4CHheHspJ2sfkQTvLyYEEPTLDYq6ioZs0I79vl8TDYQgJ
2020-09-17T10:12:52.907305379Z 265 BmA8FGBcWMC0hCyWDhfGMzWFzUmladnnvi2NpkSBUaXoBzLgBUU4NEYN4rqa
2020-09-17T10:12:52.988590374Z 266 iekCT2c16q0st0oUNEdAIJTvehmjmGMhFLfbk9XzfJLCSt9Pumx1ZPVOgApk
2020-09-17T10:12:53.069965183Z 267 4N7uGu5cZbpfNcp02NZ4Nsjhvk5qWaNCxUmyZ91IrQAxUChiZtpQ10hExq1L
2020-09-17T10:12:53.151338787Z 268 vs5AVyNGUoFXwp8wOqbL6M0JBlA31X4MjQTzXgHc10Bnf0x4MTbUKDvZwtbH
2020-09-17T10:12:53.232459005Z 269 4hgxFyyInoFIF3TlBUavKxhJomKH3R5QItCvOTgB0Tnw57cM1X0IRTROKj9t
2020-09-17T10:12:53.314597146Z 270 e7cQSuff7CWiDmRqBebRy24aGMIRBIyzbMixqLrZGWHoEuCdXk1vjpPQaImZ
2020-09-17T10:12:53.395261897Z 271 sgpckJpfFJT9GirWNdYtNEyDiCEJoKeAYRxc43yTOVnefQlKU0KTrOmmhJRK
2020-09-17T10:12:53.476810395Z 272 amQU4tcJib9TlttmnM9GkTzQD5e50x9B8y0NdWaj6CT5cqVhe7X5q4tiWGqz
2020-09-17T10:12:53.559115699Z 273 KlGozr0gHlZHLNJyT8zU1H3RoCbX0JkDRGgbceudLvJcKhCdzNgILQvbaePA
2020-09-17T10:12:53.640430079Z 274 B0HwEZ8f2hXdeqkB5v5JQbzRKFRLiAAjKn9dvFahuMgPDp2gelv2J8Dfzm6O
2020-09-17T10:12:53.722777871Z 275 BxM9hDGqPUnCBWBbVJ6QOuxYG8jwqKiKmMu3dXQaXFQohWwdWglbhndszcv8
2020-09-17T10:12:53.804493627Z 276 GiC8F4l4Xn0B4v8CkyalGX7kcfE00pHxELqQZ5yCs2QDSW0XScIEkehQw3mO
2020-09-17T10:12:53.885155297Z 277 vWRyBe8gtmyuVHGJNkTPkwxUmOZWoyoE3TwIRksvt06fXaR3sXbIP9YO2o2o
2020-09-17T10:12:53.966416676Z 278 zmRN1BSosGmQEFCDQpB1Z8r03cm4sj2lKDGN6wsCE2oRasicY73ZW6byQB1l
2020-09-17T10:12:54.047359357Z 279 0pfwkoWITkM5ZRW3Ut2Enxfxdnk4zlb4JoYY1Nji1EvInV3qdGVmmuSBuVo0
2020-09-17T10:12:54.128591952Z 280 9OMQLaZrjB1pPN9TYl6jzxC1eul6fPzGIXjTOqCq3QArMRdbQmfoQjqTm37t
2020-09-17T10:12:54.209462310Z 281 YEWXNVCROPYclVb31miPEmvw5kRwBQP45x3YfmioYAxcraLgZ0rpKYZ0lJdh
2020-09-17T10:12:54.290549611Z 282 VXybDmpwtucf4jfPUQLaahetsFUP1HD0jayfzOOtQekc7CwooEMcDiYcfECL
2020-09-17T10:12:54.371229501Z 283 Sk81GyqhH4gXFL21q54jAG8cgoz6GNCQCx2jvArpXwQotbF9q5DFAZZpsozZ
2020-09-17T10:12:54.452899726Z 284 FdLR7wCR2pz2c6abR6NtGuFJV2HedR7ODiGUTHJm4cwFrOYLJJim2rqsXDl6
2020-09-17T10:12:54.534043253Z 285 kBFYzgYyJzD9cmkaQ94qvhyLyJwTvoiSIVnp29sc1nRpsvOb4XB1spfVeoz9
2020-09-17T10:12:54.616188225Z 286 6ks3NXhuANLvXpHDi4uqqVaEOenqmULp4mwFdaz1VkAbdaMDTA6KX52bjD4X
2020-09-17T10:12:54.697386216Z 287 atPwr75xgksz8USdlLhVOZ6YQJs0K6wa795hlYg2wnfyGhTODz7NCLRSaIUc
2020-09-17T10:12:54.777907171Z 288 P9kaxuCRg4WKfYGx8do5Ari8Iu3IptubI9inyvZtdKcsyH02ilTF6FfxXyg2
2020-09-17T10:12:54.859654969Z 289 ejfGvZkb0C7y8WLEz6SbiZjmIKwJTnMmXtaMMw8iZfhkf6tFZW00B9dyrBqh
2020-09-17T10:12:54.941622592Z 290 3VXg3yJkFAdFYos8ZrK6L0XMobpVNN1t5D0PUflvF2df5p6UncwjYSihqGjd
2020-09-17T10:12:55.022682620Z 291 goMMUfE1KB7WNzCxhnGjeL2P1IN1VIoy4x4cvl4xvstVOi13jkJU2j4TOj70
2020-09-17T10:12:55.103179931Z 292 pf9HWN1hU9NkCDxFeeO2MUmv8pK1NbcO7Hq6N4W2wjnCVlc62owTxqZp5ZGH
2020-09-17T10:12:55.185046025Z 293 gC0uondWPT84qWurWlrhiKr3tiqVdTtXNeVRpKCOBpOCjSQhD5KEOlTzlwPI
2020-09-17T10:12:55.266773332Z 294 aTyM8l7319LxfaFg39FUVEV2YJvpBt146H0w9BBsMCsATGBayCIqLmcUxRff
2020-09-17T10:12:55.347839762Z 295 So01X0DKca2RAZ7eRuFpt8WjkIh9hpdqThl0X1M62MRy7PHwv3ObowWXa1XQ
2020-09-17T10:12:55.428875722Z 296 66rjNdmG7bD9FMWVV8zVM01x40vzogHvKyj7aNHyLkhMWNZF6P3Pf4Cf5ZM4
2020-09-17T10:12:55.509225512Z 297 p6vvftkFrEY9RRYeS7od47CaNhnZPKXuI6NWfVaGxIEPz7IimBaur9Fq2oV3
2020-09-17T10:12:55.590455934Z 298 j31w9dfyUwbv45vIRbZxDyPvt8dVREm4ciGaK8vgTZETJ0xLd2X0UXwZSbLh
2020-09-17T10:12:55.672111207Z 299 NULouRc1vV7BxMTna2brUz6LonKMSCjefwzyVDYvfktlNNYtkKT0GhUx4ZPN
2020-09-17T10:12:55.752759107Z 300 v6YbgKPeOVMx2Q5c6N3RxTXC9ShrDP7ZmptxNPm9TYCfceSuVmpcO0RKdLm1
2020-09-17T10:12:55.833692923Z 301 7EmwOCjqLk5ZZbZI9RIg62Re8ul3JNSIMpUHC77tYXLspO8rCXXJMbNcQtiL
2020-09-17T10:12:55.914621157Z 302 StKonF04bh8LzKEfXytC1zbA3mJdzgILEvO0v31aHHtinzUFLxqvp4Zb5JqI
2020-09-17T10:12:55.995194498Z 303 rmoXQiBXBGCU8f4U5Z2u3rHCbrQjONzHLWXm7CACdnh460mCZzwzEL8AuYeZ
2020-09-17T10:12:56.076932867Z 304 eFvqiB4H2y6p43JuAb4clCJRRFRlUzEqjhyXUKx4200TIiwVO13XNDfK0Gdv
2020-09-17T10:12:56.159341744Z 305 RbB0rMsQ8egDqwn9zdi3begjdaHA8oSBy8nGSHiLXqgHoLyMR0SleMdaD00V
2020-09-17T10:12:56.239494404Z 306 9zaiR6P2EjskqPKvjNHUefA36UFnv62eNgy6lDi1vYiLWEOHKdgyVI9crLZJ
2020-09-17T10:12:56.320982380Z 307 KvBxHjJuakWEJYzkM4Tkw2gDbyIyykqsMOavLzRZf2DFnh22j016aMJCX2FD
2020-09-17T10:12:56.402738469Z 308 N05JkmedMIaJXa2sIT09Sl4PY41MZ92B46iwQhDupO0I9myt2DQObSkbG792
2020-09-17T10:12:56.484374142Z 309 lmbZ5KrRtQddi3BnRc2bQA1CdupwvENeVaHwretQ1amyhGuFA5h9urKrqMww
2020-09-17T10:12:56.566361599Z 310 d7A5pVpG1M0baoB1Zkvzi5bARWYqQi4ycQdwwIyuMzDZseXHMkyS7BRdejhh
2020-09-17T10:12:56.647871727Z 311 zyULhjaaYHmD3LbPmXGwKmr5uyQmBHbYVJqLdoloIubsBxMkf69v5zXzskiE
2020-09-17T10:12:56.729201614Z 312 m38D1PzXgGH9gM2cyYFukwmoOBgDKixUT8dEyy2Dq8oRSuL44DKKUa3ew825
2020-09-17T10:12:56.810316036Z 313 Kdysspp3IWA66Nc4kPS4O6W3iUpYcEyIky4Nv9fIiK3oubqLtdXZE9MWf2op
2020-09-17T10:12:56.891926904Z 314 8RuWJDl8cXaUDXh5oKlvDwWaIcEQEwtV9crQETqns5Ka2NhCwBZEzXaFMOWx
2020-09-17T10:12:56.972571464Z 315 d1xWNZ5r0C5XcUyCVgBhwDnvfnk1PQyXLLjLEmnDUJB9j12qyZVJqc5kGV3z
2020-09-17T10:12:57.053146010Z 316 FhDU7kwyH8Yo2RuRdzl44X84bx35VId83oQdsQLc7nxP1NVJHueaax1GCP2Y
2020-09-17T10:12:57.134856760Z 317 XivBgkzbrDb7ks5Dx7xGOAneAX6qf0Zvds7cRJVBcx6ZielTd4VEeCckt60P
2020-09-17T10:12:57.215464232Z 318 xIyHPJvdOPt6bQwHNZkAVn5MuDs3K7BJXfbOmOvrC27k28jnB7GEk7R7mVpD
2020-09-17T10:12:57.296905340Z 319 9JsuzNZZWticUZci5rvrdPUInROINlTsvVzzEx714Iu40ggCeKdAwvGRg56R
2020-09-17T10:12:57.378356182Z 320 zqcmQSsXuyfyBV4YmATHZ2RGTPi8MaCEgCOYcqbP5o9qsYEAF4IHAsWTzJQc
2020-09-17T10:12:57.459961200Z 321 cSYNSFLTWfnz5YmmaRjWq6O2U206KzgHDyh03adgNjjYuTnX61j6dg3gtelN
2020-09-17T10:12:57.541958077Z 322 KhqN0B4MB9fZToZszxfaNvAuDJRnCzGjiovxYHSN0QayYr7i6cOvDmUmUFqp
2020-09-17T10:12:57.623790738Z 323 Q0ywUBBvXBn7UtkR1nRSVTM86bKn2Ri3bQSt71Gj3mpOo6R1srz0lMQT5mkJ
2020-09-17T10:12:57.704009770Z 324 0GygzlnvyhWgNsMu0wh2LloH6VTbwsSHovk2zoCSmDyhvuNn6dCGfnAmGxL4
2020-09-17T10:12:57.785297177Z 325 1nO7m07Y2nwVo7uwexQJzGtq8BTdZuAqqIgL24NZPLwowPHBJX0IorRQ83Kj
2020-09-17T10:12:57.867114729Z 326 62rtXTUnxskAF0LEFGdSZcFiWkjCO75uQTXlpPI4VVaYkBcsfIk7U4C11dKW
2020-09-17T10:12:57.948697547Z 327 gbOsjd9UoZBE0K1TRRBXdXX5FurT8CqRowab9bP4cZ6I5nwl8GmVVLQ8pWGC
2020-09-17T10:12:58.029154200Z 328 IaOeFraljwbRCo2CSH585fjBR1qNjSxCgNnAo65zo9CmBc27GTAJfBYuERVG
2020-09-17T10:12:58.110365092Z 329 6voyDgAdJhQHegtddU3dk8tgw56xf4CZOU9U0YqpYYltFP7gQ0nTCZnFU7i5
2020-09-17T10:12:58.191662596Z 330 QKuU0VvjKsQ2UTvcTOtv556HWYW4F0VRZDaQmNcP3NKQKamXTbi7YciqI6Di
2020-09-17T10:12:58.272826101Z 331 Hw9vcE3eeQSwdh7xgdOGhZ5fuVEWgw4ler7EOpJ6ovkiD1Ijz7iziheF4J0r
2020-09-17T10:12:58.353998215Z 332 ZPIU0hqoAhDTzusfMtDIvXC85PMYMegZV2AZXqvlPwIYEAa5XPkjAQjEopSO
2020-09-17T10:12:58.435484840Z 333 ZLKrfMMQCBrZmylWog7z6pIJiAPBLQzMtsL3Uh46lSQ20w5UzrswAHWYCdGm
2020-09-17T10:12:58.516890189Z 334 06CBwLiYlSyA97Wt2yvSRT7xMHkHSvjkGrAtC9mgpY6Sws6XQfOWAe7j1G3H
2020-09-17T10:12:58.598902846Z 335 JJXExYbn8jDBrT2Hvnlcfc44taVrMMcwdhvvf5ZOulak8JLcPHISJJQrEJLy
2020-09-17T10:12:58.681208118Z 336 0AnUWkChRQUYN4dVGPHhcCcILci5H8OTcxSF2QxxS9OPQZ2NNe4rJqEc3KqH
2020-09-17T10:12:58.762411506Z 337 jaqjXyUsrsJHgdki2Vqk3AeNwQVdDJvPGDc7sA1uIzIQyBqN1XwTkvVJZjoD
2020-09-17T10:12:58.842933139Z 338 ghA5n9q3AjLmhjYZdfjfdsF2k6pb3xmLkuw6nlwPDImB5PdNOysd27ISuu6e
2020-09-17T10:12:58.924585266Z 339 iTAWxLck9kDC5y7vJmgmUV2ojrO4S47d2pEcSMnPPPAfUHfHOxBgqsqk1K1b
2020-09-17T10:12:59.005711916Z 340 yls4u27IzSfSicRSXnov4hZ6mkSLax4cFFaYetwp1wAGi2t8YtiYlw60mz9u
2020-09-17T10:12:59.087506977Z 341 OktrDyMdj45RrMPl3V5B99IZR4QYT4HtYW1u5AZ0RC7ooTEbGFIZgwPghusK
2020-09-17T10:12:59.168213838Z 342 YhFJJ5dOpPKgP8Mlq7jsrGWp92VnqtI9rbK5oSpwonHOrQXinPdu75LwSeuV
2020-09-17T10:12:59.249586052Z 343 ocO2V1Fij8FeQvApvIZkVKakoS5uQyG8JwqM7wQO0wAuuu2pQzq8C7mWfGm9
2020-09-17T10:12:59.330990333Z 344 829mfbI1ed6M6uRlxvwDWiSTgL9CtCgefGzGfoLbMCcIJNuqjGKO0cqKYvUR
2020-09-17T10:12:59.413063056Z 345 nz2nvmnYSzdQLKg7Yr3iamT3FoWIOGOwjTBlWkXKdNAh7xaHQ4aKM0DGJumh
2020-09-17T10:12:59.494834168Z 346 RKGeE8MLlTwUJkLygyxOVt3UiN30Gcv1ag09de84bEpGKGA2D73FtUQ1LTFx
2020-09-17T10:12:59.576454466Z 347 JTrtUjc7KnbbJPHhaodArP3lNvLfp9GHev13H3tf4A8c7JCqZg5bWS80yQa0
2020-09-17T10:12:59.657337406Z 348 YdEMXsWKS0ZnqYf1Zstoi0YaaV6PSFYDrqiFzVgzYDBMdYLzvpUQWi75Obei
2020-09-17T10:12:59.738888566Z 349 dURM9lcc54wPqSUE5DQVT0nAdMtMojNJ5PFGsiKsaaLjG16mXVHgVHsBiGye
2020-09-17T10:12:59.819365733Z 350 FUnHP63TVAPOnTxAgiYE64X9G2FMBsU4g4uyPhd2bl82zj6iotJnwRc8sE8w
2020-09-17T10:12:59.901154021Z 351 e3zqGDFOeJ3DAaxZ88AMJYtQvwvzw3CPv4mviCnu8f1G0Vt2HCEbHCkfaFvx
2020-09-17T10:12:59.982738441Z 352 c0KmlW4PnTpRSqKD4vglic2PuBjij1p1oUHoXsCYpNcVVHwREEUTzA9DEyoJ
2020-09-17T10:13:00.064060803Z 353 ft0aQYHeBw3k9yDy7VgK9EHcG0Hb1781JB49XpelJku8ndnymyLmIjabXG69
2020-09-17T10:13:00.145320153Z 354 2DOnkHuGOkQnQp4zajoGoroSx9tL3sRTTAlQNPob03A85d1ioxrBJrwhD7OA
2020-09-17T10:13:00.226909182Z 355 52YG6r0DxQODViTkKqdFXgFGaSLvWqpKef0jqKySeETBLTME45S6dzR77MRf
2020-09-17T10:13:00.308762206Z 356 AaoZv2fTVpnbzW6gQFMOR3bWIBBGnAa8XHptctf5DlXX17AD76iOSqi2DvsZ
2020-09-17T10:13:00.389945510Z 357 XpdBU7IcA2RJmi0AV9zwsXTGZAlSPHMVBfcdK7gp8Z4ogDxFVI3Pf3i9t4R3
2020-09-17T10:13:00.471829622Z 358 0d323o0v3wBFT1L4SeuhYY4p4sGmf8LIAgrDSpjA78bvlyJXh05qp0NucBoD
2020-09-17T10:13:00.553039273Z 359 uZsTsThHhoNxT0nHFlcobaSyt60DqfLPkvTWUJSWvz1NCKcahSjuEqhcMHKY
2020-09-17T10:13:00.634842930Z 360 DSEFAUBq0K1BOeFiSzMPpN45QcubbrdwSqV3QtL92xmr7VnGrvxjvagrUbl8
2020-09-17T10:13:00.716701525Z 361 uYn6NMO5plaAXoBqokT1C96FqOPFHHXcW8EAYMws9SDq90zoymyavBAz6mNz
2020-09-17T10:13:00.797462696Z 362 6TmZfbRdbVBWQJjG7ljQ27y0CuKzCndnNC764lcTUJNafjNRyOnWwH8Y03SX
2020-09-17T10:13:00.878456492Z 363 dICbCQzkCq0rpKRsLjHUmhX6UswpZ3ebicMkatpwQXhqFWxFm5ly70ORllIG
2020-09-17T10:13:00.959141681Z 364 sAn9FvAZ9i2mGftCtvIjELHEE2wMN2dukSlXdiPDbhfxS6JH91oCJkjFm4wS
2020-09-17T10:13:01.040704952Z 365 4ptJ6qnLyRpGkFMOHeK7cQ9mdO3GhG8w3armjaHGIlqb8DHB72lcfGJ2x4uq
2020-09-17T10:13:01.121294725Z 366 SNH4F2SAeCwFSOxQDK1RlqimxeF1Gc5why5ti9Ablt8ZhFtCaILf7D8jOtsH
2020-09-17T10:13:01.202202450Z 367 NLZzheyLRoE7hTDfBVzwSfvGIJBdP1F6w41J8ka8A2d0MU3KI9yWprcm7sPX
2020-09-17T10:13:01.283189379Z 368 JrUeXjeECA7bKQVVO3hxLyd42HK3jsL10ZjoNX6L8QsF2GtTEiIjIsX8beXC
2020-09-17T10:13:01.364816787Z 369 4SUxQAOZDCp7quLhfLtXvCwuMcFPkWeH5iV2CEY3bs2ICtIOB7lz3uZgwmh8
2020-09-17T10:13:01.447335480Z 370 dz5l7L4YNJdeQJbYv5UoS3OKtmacVSP9ZYV8dKG5GtwBvzFudNKdRTt7YFyd
2020-09-17T10:13:01.528461693Z 371 SZGnroDPk47cuwuDIFWl4Fy7yq3N1ZX6gZgdrQ3kimXuA0fuTx2w6XJIYMfa
2020-09-17T10:13:01.609711079Z 372 ivzuGPjva4nqImbstzFBQw3vrPzWT7aH7SnZ0qAGYrTalYVhK3FbLHPhoKR5
2020-09-17T10:13:01.690342916Z 373 tz3WdRRpbCnWhEfk7YArw3RLZdJTQFIEj6j0Gj8yuqaoAfo1FZUuIJnfpkkT
2020-09-17T10:13:01.772044221Z 374 lKbq2q0cssGyakzE9CUtrJjnSGzBrlVx98dBaX6O3vwshYQJatRh5YjVor3g
2020-09-17T10:13:01.853982007Z 375 X09GpjcMDGnkl3lBcMyO1SoWHAm41C0NzHSIDf493WzHqkZeZ0FbzQTO6LnV
2020-09-17T10:13:01.934889497Z 376 salQUGEZdvH5KbE2hL7Qn7hD0HxB7XGKPLKACJTujqVq6lu2MOdOL2O603Gj
2020-09-17T10:13:02.016771895Z 377 eY7eYhbTYOEIWhMrBynPCyfG7sWCbGjTGXzrTAQPM4NOzuZxfj0YXZM0DJsk
2020-09-17T10:13:02.097414417Z 378 oOSjU0pvv6bXbXsSfuIO3Tk0Pxe9P1CbKYC8RyVwsBXH9z9i2OsvLwyFBEZs
2020-09-17T10:13:02.178151712Z 379 75bUDB7OTWNB9490bPMUGTc4Q34MkrFPod7QcM6xJ5xsmzZoGwpogtrABjZx
2020-09-17T10:13:02.259834639Z 380 YjsCngtdgWI1TXOONEnNK4TIwGBXwb2cCyRBGFRikAIoGNMD5ZXCJRXyeZ2b
2020-09-17T10:13:02.340428515Z 381 DUQ4jcqtD7KIMfmjFZcq6846vTw6SVqoWpEuYkMvfOD15RS6EM4ac1qFO1lc
2020-09-17T10:13:02.420823858Z 382 Nb4qTxHbMkWwxxpJxmuJwZM37C7HWlXY0pB8pD08g895Yh4mXkxuCXt3Oh7n
2020-09-17T10:13:02.502598982Z 383 cGN0IDnZStBoIuIUmL5NtjaCENGkpSgZOOYY44Frg9PzEKdGWdQV8nvz5HYg
2020-09-17T10:13:02.584703150Z 384 BAGZ8uRxxUagOWYd1rBrduhLebWNmMZQKlZtTVmGQWbOt2oVRH8TkIeDUos7
2020-09-17T10:13:02.665538480Z 385 d4kgFsfqlIv2HnFQBeBgT4OZoYwFQGAHrfHDin8jBW2sNbjBgGsE1B6v0lgC
2020-09-17T10:13:02.746613684Z 386 bDEFCvkhtu77P58oUTTg5y2t0ryuikU8FxudhYUytnkh2RrRX9m9I1TWqLfu
2020-09-17T10:13:02.827296041Z 387 a7gb7MNYQRZAG0mNtZ1tKq8ieUUqR5mMuHCdM6TUec4hFlAa1NbfOtpgs65U
2020-09-17T10:13:02.908581046Z 388 15Uz8zCC5LnZoJGszGkV5g2i0QYY51S1TRcjvExRH7Hg0OUTChilxTunvzmx
2020-09-17T10:13:02.989731003Z 389 96RRhcgjqrFBTOiQDEOqxdnHqFmmiB2C7JYusaPKHuWZ0t5Wz9qZbwjlwrkq
2020-09-17T10:13:03.070462093Z 390 H0i4Ngcmo8Bubx6lE4W0qh00aXEk88pem6XTvymGhXpkYKY01oxtgG0Tv2hM
2020-09-17T10:13:03.151068228Z 391 pP3kJl4D1KvzVZLdwUPvykK1wzpUsCOZyuXQ9EXZ9Mrq9bBcOLacz5dQxY62
2020-09-17T10:13:03.232740051Z 392 wxo1zZM55Uk52HSVplUVZon3GoAsZEiPrbH42hAVVkV4qGol7LgbUM4w6c8U
2020-09-17T10:13:03.313173362Z 393 9vqyxzMxh3QdiKhxJ1EolnqHsYnxtAkxxY09mFK3KIMnGtwdTgFpc270zcyW
2020-09-17T10:13:03.394898216Z 394 ZUuxUhA7DYYbO9tOYZqsGWimZaQMjbMItVIlAZZlnJGzbkXfw7tX8hsDKn99
2020-09-17T10:13:03.476721481Z 395 ZL8ZPP1ZeAZWLFa0Jo2w425bsAxeZqMrLdcGPAiTnx3P1Mprq5wXMkqkD7r5
2020-09-17T10:13:03.558883478Z 396 yFHxEzGGVlAl6el7iV4bbCiVps0EWA3bCBXeC12PlEXGYOcUbihUHsyDB6zz
2020-09-17T10:13:03.640507645Z 397 YSUz7WRZRQK2H62ePbKtyeRnmGdM5EAJ0NcNTaXFuKKLIKksWzksP2otzR5P
2020-09-17T10:13:03.721347674Z 398 ImrYyK8e0g8LPwCFlm0haFPw3Ly8JBW5UfY0OBVEa6UKf923TrkrXzjINNv8
2020-09-17T10:13:03.802526099Z 399 u5Be5rR4kMNOMJKzXauZbSyilhn6EZFqY5kepZPeE2WZiiwj2SiaGk66Tghi
2020-09-17T10:13:03.883665059Z 400 gmT67qCEGNNvcjluWKcloup3zENlP0la68qL9r67CjiTgH0X68i2FArGlVQP
2020-09-17T10:13:03.965214450Z 401 EvjDEXH1K0LW8Rs8p7nJJMkscwRTkxrwGO3QrkuudT09RqKg0tfI41FOGzSR
2020-09-17T10:13:04.047132475Z 402 DbHiuwdkigsuuirTR5xHjrCzT6XOqVzw7vcyT55naig0SsxxVMX0xEkk29f4
2020-09-17T10:13:04.128253654Z 403 5C0oQAQ1QZfI7qc6kCyEmSHB2ddX4Itx6FdeLu4BF39BlcYKeGOsr9liC4A9
2020-09-17T10:13:04.209187713Z 404 ywRjUX0OkVYvU4AbDgs891nL6lP4d4U33XtFN6Y4GY2ZIiQ0KwVNnluvU4bQ
2020-09-17T10:13:04.290285007Z 405 03lMNjRNPPTSg4UUDTGSBoMhiJPjeyMOxvLFLx3L4Y5XHb7li4nM0yDUGnHr
2020-09-17T10:13:04.371391931Z 406 m1HkBmAXnXJkOlaE2wlIg6PJvoDNiUCuTlMSMYGAA3z32wgaiwJC9avjn4Ue
2020-09-17T10:13:04.452907698Z 407 0I6nwGidpmWFXaMRa5RuLU2XOhX0sPjV0j6oNPWFhA49hnUW1Pf528bCw3k4
2020-09-17T10:13:04.534471688Z 408 24TnVGFIEnj3K9nPL47sXJmfAgjeZSq8AkYlEvNqYIZr0flzwuTJ1RS0VA6F
2020-09-17T10:13:04.615365269Z 409 l8rQeUY6q64ji1Cmr7KqWSjfS0dIj3WTPVJyndsl3M6HIxtfokOzyp3fF8VF
2020-09-17T10:13:04.696190720Z 410 6iK1urrmVhhol24shXuuDnvkcxc8wTDYIp2dAkodxQxcoqP0mPGjD21Ar2Nd
2020-09-17T10:13:04.777570707Z 411 y7HPJCXprK8ojAYUBr8wRM6xFZJifPVBoLpqCaXN5JaPnC23MKenQHzgncAQ
2020-09-17T10:13:04.858255051Z 412 W9V3v714Siiikc8yK3Fkvx47aP6xwiG6dmoqaGilnCd3UUESiamB5rSUB3Xi
2020-09-17T10:13:04.939363103Z 413 rQkVrAOJLiEnupczwYdXsCEJMqa8cBm8L91AAfSB9DhmMvUCuXFb6N1nR2Ze
2020-09-17T10:13:05.020221362Z 414 49VJNKNQP6FejBFPbKK0Vuk3K1GyXLpgR5A8nCGxQiWN7hDNYg2TosyAsNww
2020-09-17T10:13:05.101457782Z 415 hBo8PcEFZnuhwejy2ccvDXs5g8xoTAnPlU7bOwmYPaas5tkK1Fp5AiX0sE4u
2020-09-17T10:13:05.182975902Z 416 xEwZMMhVdFaOlWORyh545cxbIpJbAUYE1srPvqu3BYoabXVJbzhREV4ppjJe
2020-09-17T10:13:05.264921377Z 417 lrQHGUgbGcmmEMzGhYG99LE9JV1baTvPpLid8KqDplOgKkkfriutWBGhNSJA
2020-09-17T10:13:05.346560664Z 418 e5bWnf46GKN4ct1c7rrKvlVwClAVGhmWUduecbA1zlOYN91s0ZqmD73WBho9
2020-09-17T10:13:05.427525169Z 419 oKJAaXYf4awzAHKJQ4aKNmiiNuMpHvSmAaHhoonouioI724rqeD1YTmbwkRV
2020-09-17T10:13:05.508932986Z 420 GUrXqhOG4YOlFqPkjK3lzomoG2uGgKbCA6JakMOexS249hlkdumTv5ImvVka
2020-09-17T10:13:05.590652039Z 421 w6u51I6dnUaiMh2meagkE8LXhPqrviCXhazC8pfoOHKhmu9XWlVwrxRZik4B
2020-09-17T10:13:05.671793086Z 422 oOvBh0QC9ne0OdV2f4G8ovWTKm2PoPCMosqMTqojWeiOnBLdETOJgLmpA9wY
2020-09-17T10:13:05.753552780Z 423 Vzs8th6kg1PbpBoBT4tgFcteHnpF1sVvMfBpTAFqfRcFhBbHrjPTnyOMgfrV
2020-09-17T10:13:05.834227991Z 424 FA5c6vERBBk8XmdsCgwbSpnGFg34srD0EiHQtgybdptuum3BuHLa3dDxlKLI
2020-09-17T10:13:05.915866588Z 425 gwzXIPusFT7NL0mymubfOvhESL3YzJdgVc8j2QN1T8qJXbZRXktnEn6peMl6
2020-09-17T10:13:05.997551159Z 426 gSDXPB5U8LW89Mbcmt7un7PriEP2VJN7FikB78xPnrFphhJoZQXr7Nubo8P2
2020-09-17T10:13:06.078416463Z 427 b5aWxiAq00MhJkMopWd6zRpe5kPfGv7tu80Y9NV2LoC6n8v4F0dxDcEuZm9k
2020-09-17T10:13:06.159017634Z 428 ygAEj3HjHEumuT8AFcLN7MUl6BO8E1OXNQzat63BStZMTb2bO7vyoPe6j9n4
2020-09-17T10:13:06.240177117Z 429 OK2LUHn2H0MLjeT68tpB6QnE2pa5JDkzYqOCZGzj0fDPBlasZqM4MhECGC9y
2020-09-17T10:13:06.321240349Z 430 7pt6ewxjcMQjzjogPjeYNmjH12bUIu47Cf2c96qia80Cv1XJwDLfOwXvihdz
2020-09-17T10:13:06.402628620Z 431 DwhL1V4p5d4HVWVVbkvzTfZEhjiwtFTfLLGQOyTRXjOEh9zYibyznz5U9yHH
2020-09-17T10:13:06.483914184Z 432 lUU5TJR9wTmmps3tmZ6MqUZmwHiAQgOPjwlWKtjrBRggKItyRaOFaIVUXQPH
2020-09-17T10:13:06.565389018Z 433 eLeRaDp1USTN7vIfKesNfK4L7GAHEzdWfRemPvJhUgzrB0f80pTvEqycTnht
2020-09-17T10:13:06.646983677Z 434 bpp67EpvfnRF70DQ5tecibVKJCiwM3AenJGb4OabjBkBB50HnmmXJXikONFa
2020-09-17T10:13:06.728953101Z 435 LuMkfXgIDUtFmaU0MeeA2Xw37f4c7hsCDywmWU31S9wWCiIbAvJc7cO3o9J4
2020-09-17T10:13:06.810442379Z 436 iSh9xFq0m4tvvsUt06xkwTLGUNzoMgzCCZXgDyrifBwWNv5ZiR5WAvDQctW3
2020-09-17T10:13:06.891130591Z 437 h5cbQkJy0ghL8sVrLxjEC0ctyoSMaSwGQnr8lNepQVVliZumE8OaVGVkXK8p
2020-09-17T10:13:06.972437315Z 438 HLG0wm96rzZGZmFzjxmdqPw9hTgA2b0th4jWjB1sRwgiPrOqjUHEoBxprR0f
2020-09-17T10:13:07.053161873Z 439 Kb1DdttdojA3wt86U3hNnxKAGrTHLJpa0JyoeLGKlX0YyM3loSLDdscnRNpV
2020-09-17T10:13:07.135160071Z 440 vCqOrzqdvL62SxVzLAnfRzrwxUduKkILO3PK6u8RzCQtrTFh1q1PJpL5eka4
2020-09-17T10:13:07.216434568Z 441 hxeJK47h6myuvveqnbyOgK5umhkIb0PLmEdZme2qavHKdElodDeNL5N74TSW
2020-09-17T10:13:07.297756594Z 442 2njOnFqnhM4jGx5Tx3yJ91fFHnaMHNdz2TkE9wytX15Gxxm0yYtRYAqR1dsP
2020-09-17T10:13:07.379061027Z 443 6FrF4yaD72iXOget1R4EkpKNAicdzycN8P8r3aLehcht1ZNTYQgyZUMf8Ay9
2020-09-17T10:13:07.460048396Z 444 GV4dfJehOe3WvTXy6pwczLGYqjxjZ4JaW2BSBhQ2MRHbZ8AYt3Gq7uz5txkG
2020-09-17T10:13:07.541691974Z 445 yYch2tZaBQvrJtkTIiu7NZbNY2KGI4wzB9X7zS8kMOstBrfUJjwsLduhIz6f
2020-09-17T10:13:07.622949509Z 446 mzeOVsE3URNOsRhSDiXyhSi2szObjD5Zvtat2wgKzxb5YU75uJtMZ7AjC6sj
2020-09-17T10:13:07.704439619Z 447 1OfoCX6mY3F70UqGMshJrW4riQmmt0TRRaOuqfUBYmHdsuGan47qJrqGsmU9
2020-09-17T10:13:07.785709216Z 448 uRK15ee2oMs1VlxwbXMnD6fpMgOzxCvJpYmNrxpMi9kzKDK2K3aRFqUVwkic
2020-09-17T10:13:07.867062594Z 449 6MV37DXAvaBoh15M9VdAAbqx5OrCo4iKzvJuB3p7NIhVPpDYZGF6sRNhCzn7
2020-09-17T10:13:07.948435872Z 450 lzGjq0h9S44o9OcbLkfsFmxxnnzLfYI9flIXHbZtc82wTXG6L9smCkTKrbUv
2020-09-17T10:13:08.029883327Z 451 2b8GPtGD5QXEWfiOC8uCt402jDwId7SO4WOGwlZApe2QA3t65AXUxyc71Ht6
2020-09-17T10:13:08.111299140Z 452 HOjiz8GVsphCkEfcarTYcqJ4XFQ4oE1zCurAwftz1vE9TsaVyykjbCKv8R1r
2020-09-17T10:13:08.192065988Z 453 7Mod6ywKVfsIAT4dQtqgQZ8pTeZI2tdLVLFYZ0Owy6wpIkcAp1VYu1t5SOHF
2020-09-17T10:13:08.273658179Z 454 grHttb8K3kVJlPCrULnVCSrvGouyhRWKhWgVGLmqcbKO9Fd4OJiwmqbuQqTC
2020-09-17T10:13:08.354136965Z 455 3gJROhkzWCeRO6DKS0DCpLJyvqoiB4hIPVkJ5D4fORxdlF9y8dCf4pixWpwd
2020-09-17T10:13:08.436105762Z 456 XpuLHYltlXV2LC2c1wWb02JLQSRiYcU2EHEkwYVp4KiBBTUCN9GBnnZ0rPTf
2020-09-17T10:13:08.517939843Z 457 5fMJMJ1MRSj8BbfiuGDgDtgJkppFwR9xanRgU2WNvm68KPZfb2yKavKUtnj2
2020-09-17T10:13:08.598755280Z 458 3rBb3xmHdufpJMPwRmb0rrXG7ViNgBoJKhM8cmv1nqLQJ1Rntx3SGDEcer2d
2020-09-17T10:13:08.679726090Z 459 FHEZ4EdsTfupsn5hQ12TtqWoAskCMLj6WqJiUJ3a4uWKMObp4td1t6p5hv51
2020-09-17T10:13:08.761258884Z 460 gycdUlE1OCGGDJucIqO4OKhCdnigvnBiHInmn9qhhI08ehM7wTGpCEXVFooC
2020-09-17T10:13:08.842451938Z 461 RW9cJi1XadRq56XzaCcg8yRaxxgeRXtnhQ0zIgwmrhgNVbC3rFwetDyE9Bmc
2020-09-17T10:13:08.923452833Z 462 7LtsCqLJhH08DT6AKaDYYf5ivzXoYIbw1bULsX3lr3xtx7Il6UPZYk55zsZm
2020-09-17T10:13:09.004155712Z 463 66g7WLWK65JgfSNOHJtxy5x6MEe6OwhDWkK3SPmi9Bj7H4GQeCBR11fJJgmW
2020-09-17T10:13:09.084957350Z 464 mG2rz5u6Gh1Fe9XBICPVOcN9S1pKBsVTJEBj70oI1bDaaWKvluvU8HblSJG9
2020-09-17T10:13:09.166699874Z 465 gGxIcdUL5UlxqV7gDyloI9jTeVkJq3VBNpjVl1QRKtPEiPKbf9zmj724oYME
2020-09-17T10:13:09.248795905Z 466 448GTe1ZZcwyeg0oA6zLOjpvFZJH0AkdHmjf1K9XZMupJo7IyMFBVL21NVkQ
2020-09-17T10:13:09.329173665Z 467 gQuMUTHxrYBetSZtATNfWsVTWe0y9ogqrcqzYLtLrcPxI6mD7o87W23SHx1P
2020-09-17T10:13:09.410236017Z 468 szXpt1w2MlhIqzEqx1rI1YPW2gkLE5Rom0kJ6fuqBa6fEaEcuOTyZ6R0b4EB
2020-09-17T10:13:09.491699468Z 469 RPE6gKmykuRl23YJ6kBwKsqSZGXEeQPnfvZoY4VNOZfvNk7VWt3H4e6Nxid8
2020-09-17T10:13:09.572331554Z 470 d9iYrSBKZCrEqzRMVtvnMNS17vUrn6j8SHDxnMBZxtoRfgDzYstFHKTXB937
2020-09-17T10:13:09.652964797Z 471 R2xyeNKeCJPnl4CkyUfgwgrOnk0WEU5fbkF88pCbHlcj806slQSwejIESRHT
2020-09-17T10:13:09.734513499Z 472 vF0g473dUqq6k6B7gEtmsppXMECyfAvWTqNcOoCCw8eH8rkIisXGXg3Tvpfs
2020-09-17T10:13:09.815778223Z 473 q5b6unNHTAxkhr6lxanfE3eZQoUZFVmPMykATe3qm0FVfTBezulLK1T3GmuW
2020-09-17T10:13:09.896810679Z 474 Q4wQKIH0ocBW7oaHCtCkq0psF0SGZVB4u8z2LzDX9FoXh8tgI5NlcQmrD7wl
2020-09-17T10:13:09.977683484Z 475 OWWg6P1EnaWYfaLUvIPOWqqg40gBBySoAYJ3ik29DDiPtQmTWIo4giub3YPv
2020-09-17T10:13:10.058654576Z 476 47h036lWbgUCmnW2sUCbOWuRDD4cZGZ95QddzX9woMZtgkPC079g2prqgejR
2020-09-17T10:13:10.139449418Z 477 gfUE7imErxacZZFsS0PBd8Al46UTjg8I6Oklg4Ft6yqq0WFL8dF9acWlW18P
2020-09-17T10:13:10.220762964Z 478 L6qPPaIERaUWXXZv1pl27K6ipwcv2cYJ12ga51UxX2FoPDMt7G5DXxdD7Fap
2020-09-17T10:13:10.301392984Z 479 hITPgACiVIAx6iIYCIlOGeIOdvM1EMRv3ERzIndkyX68on5x181jJNXywWif
2020-09-17T10:13:10.382757858Z 480 xYMB0utCJflodhFksDhc8iOYo0E0CotJTNMR2xBNJmDaWNiX1C4cjzACBthn
2020-09-17T10:13:10.464618562Z 481 3S3pyPUXwPbNmU066uIZ2UFH84ItL9QGaA1k963Ya7jc2Jg8mxu9EdzCRiiK
2020-09-17T10:13:10.545389727Z 482 f2In117Df1XzdKgjywo82PC66WQUQxyMMJTrWEyen8xdJOgZpWSzIVok6k5t
2020-09-17T10:13:10.626363141Z 483 SPxnz4WOJN95hL57mvVn9rdiqJusRlNcwy4y6oc4s5ezbuAss4FPgrEACJlT
2020-09-17T10:13:10.707956970Z 484 3opJw8USk7XVwXp6SBo9mSJbcygEiY6ILatxyYSs6d38px5tNXuRbVbjcpOu
2020-09-17T10:13:10.789767549Z 485 wfJTRm1evFWTW2uR4i7rn5Jt8mXlhO8WR67tmzyHClTspusAJ4rPZK8YICMG
2020-09-17T10:13:10.870489767Z 486 kwu62vHPVScZCy5HnEKQLVq5pkiPmYLePut1r6i6ZjqN57qEJNaaadjx4EW3
2020-09-17T10:13:10.951466385Z 487 7vPGnlK6F6yPkuYUJvLwcKSaTFXt025AzW5xx53Zex2N26LFgh5Aiynethba
2020-09-17T10:13:11.032624075Z 488 XK5vLEXOqjH7M9CvfkqzxGhKwNXnJMxAamPUDFytiVi09pPt18MmRP6nh8BF
2020-09-17T10:13:11.113183017Z 489 qFdWWEMQPLo0FtHQ6wrqXORXSbuDsquQtEV9TIvjEjVP4XNbfVFMuCeOlOI1
2020-09-17T10:13:11.194909699Z 490 0smjh2VRMPclVJPDvjW3OwZ3VqHwMSjvyETvVLCou4ZVl4HpKVJLbAM92P6i
2020-09-17T10:13:11.276300612Z 491 r6emcERXTASH1YjDZkRfqnJKWMHNntNopuMXUHWxHqgf9ZgMMrYRzWlMW5hp
2020-09-17T10:13:11.357730248Z 492 8F2alZSmc5z5zeq0Yl3yjVLG36ICMlGBc1AouMF1HdkHRPKLX7NRcMvU11BY
2020-09-17T10:13:11.439036735Z 493 kPJO2ffsd2gHWicZHvC7viC34cHiWajOy8N7K8MyxSz6afBBW7cwpzk2ChGa
2020-09-17T10:13:11.520867973Z 494 8KZBCy6RSHfOhJjbopQ8PJOf5CPxp71XTU1GbuAgoxvITPEJW9p9NJDJDdkS
2020-09-17T10:13:11.602323700Z 495 wMXKqPtBJb1rG1rWwJ7QkweOVkEVpCw73Mjsv7VQzIiPcYbDk3Gz2iXN4anx
2020-09-17T10:13:11.683615986Z 496 vECEg6sakr4pnBtUeiRYnVnsoesPB6g9CVauKrhyLkwGJNFzo20rrxyXNLfN
2020-09-17T10:13:11.764143427Z 497 yIvmuUuLSywBLlq6iCRL4UNpxj7X9ZUyy2eAmpMf20Twl7gGkacOBqqSPSQL
2020-09-17T10:13:11.845751713Z 498 9xHwJCMk2YGGpa9jhxQrwtv11yDzHgolYEkPYEP1ERGhonmlBPEHaK7fOZ4e
2020-09-17T10:13:11.926301478Z 499 UVQGDWyTWiTw1EmCjOVff4cg9swHfHOj4SzqkRAMb9bvPgqiaYUeXn7ehF1h
