2020-09-22T08:56:31.594935197Z 0 lRFmH42HUToLyT82k9orcJ77MGlbraqRjWEWf0nxAGK8lbcIao5quUSTVn1gE1
2020-09-22T08:56:31.604570352Z 1 P5bXm4WNvsiiykogGvWe4hMJK8yqWUQZK1tPXdCEe605AwD1a0FfCl6ocTa38M
2020-09-22T08:56:31.618071277Z 2 z6XLMgeZO49aYhwMOh2xX87sKKxZgSMWlM4KS3ArFYuwoEn3tbSSymdA5YArmX
2020-09-22T08:56:31.629105567Z 3 k1SKsAg5Juv7hbvfouNPaedihuQBZZiAEPbhMwYgMfMdW2dSKJBVdXORcVJUKC
2020-09-22T08:56:31.640581990Z 4 PC7HMe0ZYVHLJ4rn5OPlSDxShUSRglqQVbMa68qCKpaUwI6iKlDlC3iZyFazB3
2020-09-22T08:56:31.650695977Z 5 Bwi2slRmfjvEzPmjIIcc3TtBaxBEBA6XaaPB8wwQtCcLMB1670xMph1PyiDLWF
2020-09-22T08:56:31.662073269Z 6 JlPToXxMpjpcjKkuxbJlI9AxpvuNb7dd9Wxgsvf6NXvjVW1qnksKIFQnvnXqCZ
2020-09-22T08:56:31.673983098Z 7 qJ3dCdibfKDJiHQAoiQylFM3WvWfUa1bzaBLcTOyNO4IO9ajQzLsejFkGpYanr
2020-09-22T08:56:31.690870514Z 8 kzLhZSfSRSUxlMxPLpGVkmU7udoP4bJ6jOYMlU7qVRwcXOgBMp8eFi8k6NJlAf
2020-09-22T08:56:31.698476779Z 9 AXZ23ovozk0jkOpJSD9rZwEnwcEr0EpT68SwRdmjkDYcP8Zt9TE0D9pVHsfOaX
2020-09-22T08:56:31.709488282Z 10 qTcSEIrORAk2faZmcEs5JRSMTiqu88o9BOEubRwOt0hzFaxSVUoa5tkxXnhBe
2020-09-22T08:56:31.721697929Z 11 CfX8AuUx00iVYAr190q78YnnPDOJzikkHQXL9I1LA2EyT4onrWW1qqyA9lg9n
2020-09-22T08:56:31.730793726Z 12 0Xb4ngMOBvuv4TcrNRXhGnb1Khg9ivVDZJqL0laIBTDNgUBj3owA1VxYDzBGu
2020-09-22T08:56:31.742369233Z 13 M1Kaj27fsnV7hhrYL83kAzD5OICbbLLdp4u1E6g2PKj0PQhwYRmx45vbWk0GS
2020-09-22T08:56:31.755683540Z 14 wH8J2pl2jWSzLdss2slAqrI5GXzXU25Rrx6UocHITbKVwBbqVnLpkbl6jqG18
2020-09-22T08:56:31.767571311Z 15 C48MCZtyaos4uj4MEkn2t01zkzNe4bCcnAc0TJyWsDunl4zGYo7PLDnQX2rgV
2020-09-22T08:56:31.781537644Z 16 mRBecvbJfvhhCo6ijk9nVYlCQVAbxIC7l2aFRPk3FYtbKxxxqjYyYJ345a3cY
2020-09-22T08:56:31.787653383Z 17 y01JxtuXAD4LAnSZHRnRgNpNws2iv0R1WAPk1brdPbOJx73v2wYXUd4XISaAG
2020-09-22T08:56:31.798652273Z 18 b0GVlbJoxv4D2hgVmnGFuofLSguFlL0nXjNIlnvsUaabXfynQVWQBrut3BYQV
2020-09-22T08:56:31.809223546Z 19 LQbaUHAD1T77mApluAC0RSBFW8j06supVjTp0cd7qCCdaZpa9y21LIzzWqtsH
2020-09-22T08:56:31.824072986Z 20 yo5tIG7nll7hgzDdAvUVklHbVIiDN5lJJwL0xRyTJ8cJUjKEXoHWoHj4ei5RB
2020-09-22T08:56:31.833677093Z 21 IaWzM1zL5pNmDZd5iAaungjXvCqo0eKipoBGt7NRd0gt581q8DH3N4le1edvT
2020-09-22T08:56:31.841919295Z 22 ZuQUqSGSxFiN0SJDvhDitq7wejxUbxuyXTyIp1oYORgzBj6vm4wuR4sSZGeU4
2020-09-22T08:56:31.853237348Z 23 22GK6PhP8oQ2v79pQ2fdFeR0avd4kr0yHF90XGWISA2whO0gg6BJiEAfClM5n
2020-09-22T08:56:31.864100753Z 24 dD1sYv3TFRgVwxpRcUrd3U4fVzyy3zmrE68McQutOP9TLLfAGFGPVpJJeaLrR
2020-09-22T08:56:31.875687141Z 25 8arEjG4hsbRUyJt62eFz9NjIIWiUaxKw1Pa3OIcefcFvXyMFtkFCykQ1F1VeG
2020-09-22T08:56:31.887191226Z 26 R2dcKS3nOGvMDuW5xtUOOCyiWBUDAYY63RFGYTKFjQhIxYk9duvRZkG6zMU0X
2020-09-22T08:56:31.897238238Z 27 Idj8owPxjWDba55hoOTeKzo0CYz2yHUpXYxpvDimwtBR8dLOY1V8dJgViivj1
2020-09-22T08:56:31.907794459Z 28 O0Zhw2uMVQo7DxtYoEliQdrjoDZG2Dn8Nxz9F4pAbu9WTQvR1kFpncwgHecbG
2020-09-22T08:56:31.919147973Z 29 CCoCz3FArS2BDWPyBxSUKZTdKegr3bylfJRDyODv22MKEpdPrFCWTccRVXIBa
2020-09-22T08:56:31.933134663Z 30 hAPWvT0jojuQOGlLT5u22PEMnYM4QIfKKvUHeFMhgzWUC3BIy3iUi29M388dd
2020-09-22T08:56:31.943590775Z 31 9cEGWRyrMzx2aPiGu2CxMcjE85hSNXgNoDBlHhJlKAcZQxTsP0dDfXDi1vrpK
2020-09-22T08:56:31.954869890Z 32 1ZTYFtSJdHQ1PvGJNwMpHtDvuMytrheaDQLmJEaIFLbaB55JNzjPNJIPYC9vL
2020-09-22T08:56:31.970492484Z 33 XmVlOOa5MnYSTuj0FPqi4luUzyGu2VthU9b6f2tEZket1fB1IHbojaPvXqVCh
2020-09-22T08:56:31.980926918Z 34 qbhotQMIsBqeFiZ3z90HwOSh5CC77CwsVyauruqyB1WmgP5IjwH3QllyRxdGP
2020-09-22T08:56:31.992179043Z 35 fdHFMYE9BbjNV1e4V17Ezuq3nL0IiMbUNLru39wk5CvdsMKYnbFcrcMdivL12
2020-09-22T08:56:32.003399486Z 36 gWL1eFwUCaRJUxFZXJHUSkCXi5ThM7AmYGJtnOPIjv6dl6dYpKPeT557eMJWd
2020-09-22T08:56:32.013653598Z 37 cCieyRMxFJHDYcoSxFWlFtksmYoRW3UTJhnXpcfcOkpyNDLX97DAQzHoRcqzG
2020-09-22T08:56:32.025206771Z 38 jnNvbia7Ekp8Mt1LquHORsU6SUabGoglv7yOuRDJPAbERzwnJjfKsMXaiWdAP
2020-09-22T08:56:32.036510235Z 39 X52dNZDuRUEasA3eBhLWxKf2ObVZn7Mc7BrCtUHafXuNwhImHhleQ9AOUCBvC
2020-09-22T08:56:32.047859214Z 40 UJE5Jxi3QCZZ2yqTDyeykdikVCh9BCeMZaAoUadLrOYHGJ30DJacgo3Y3yUJT
2020-09-22T08:56:32.058924271Z 41 v7i8HOuDhXJ4Cy9u00bgb3tvmk69OeuMnV79nBnpqiPC3BvgGKUszYrGvdH8q
2020-09-22T08:56:32.069933975Z 42 5hmndURLtq2VB5DhAByU0NhzYKykBmTmthvYAIZyBNwNoNz7u5EtUIRRDkFWu
2020-09-22T08:56:32.080912064Z 43 OLbZoE6XhYn5BPvssvGPRvjpkSqfyUYZNxwAcSeS1L889rcLW36G8Pgv2eBEM
2020-09-22T08:56:32.092342086Z 44 hqGd3CyAZXD6sdb5OnlOqcrfW3qgAEreYbWjy5YQTY4FUOBlHHutsLR6Ax4db
2020-09-22T08:56:32.104016248Z 45 vb5ucOosnb9YO7kLpN4xjJ4c8xCoba4jlaMEzgMrgXXrTDCnm2uRXgsBgiWCW
2020-09-22T08:56:32.113931720Z 46 f9OGPbvuNm8lPih7KQOaZLltdzkB5nN0hpVnyB4VAXC4Tz1lqbkQlxtK6a9VQ
2020-09-22T08:56:32.125296697Z 47 hCX92w8qWIUgJZGidhA0C7fT2tFJPn0s81058yCqRHH3jGGUwDELRQEvUeO8S
2020-09-22T08:56:32.136394197Z 48 9xaDeMw6aJJTblRIM31R2yuj4fQ71GArxSopR9hdiIhymZwa2OSUSKhfzGBbO
2020-09-22T08:56:32.147608755Z 49 m53o03znlKZVOeAslRjMu88rhwB24xeSASlmc6ygVGxaLyWVuvM9TkGcScqjS
2020-09-22T08:56:32.160186141Z 50 8RSo5Z0HI0SVuXwKqX6EKqsyvhV572kqXMzxNPQwj6S532xZfi4fXP1dfizok
2020-09-22T08:56:32.171612046Z 51 8hiJwRcZ8CKx2S0sTKIeU12vqPaHDf1kH5ykrP7FunzarTT4VJNKCdnNc9Ru4
2020-09-22T08:56:32.182272443Z 52 Yk6okP4L4nLcvw55Wwfr42lZUWgAHSvxsWIIqANruFPXUgBsCmu8CSfundf4j
2020-09-22T08:56:32.193305877Z 53 E1wXHeb1ZDzkcspuXFz0uND3aXPISRZ2fI0vborUE6X96ODQzTZ9tWy81BaKy
2020-09-22T08:56:32.204879859Z 54 FB1zGBMmdxlYYxLvgyh5Uu3d2CzZuIsy1EMYrJfO3E3vC9cFRPa6kmNESHkb0
2020-09-22T08:56:32.216355938Z 55 rfGX8BBVBJQmSnpRHFWsYtN548ds6IOAKGz8Jj7FKOceVn4g7QoHpb7BYWhQS
2020-09-22T08:56:32.227191450Z 56 k8iUiWuHf4d7zCcN1ZXvGfS5lqopNTjMjrp91iD8kVIw6GNGTi5qHuOZZlUIj
2020-09-22T08:56:32.238223189Z 57 yfCZU3rY8MIoZjKJbosKluBKzD3zlmBNOxH7GlyCKgUdTWyel6BlTAobTweFA
2020-09-22T08:56:32.248893261Z 58 cAlij7svRoVwKbNrTggukGVslqxebplwSrtxtiVzl9eb1nglcGtKRzkSCmRxb
2020-09-22T08:56:32.260637369Z 59 PtwsuLk5fe0ab8tmSkwAhdmtZlLd6DiFKEyq4mYyZBGLZgGkK1LkRNCsa0q2b
2020-09-22T08:56:32.271469726Z 60 T51QtVv2ublTJYacjVZJa9zSS27wZ3vVSBiG5EYtx1ZPBHHxPuB7Vi7HPSDqo
2020-09-22T08:56:32.281987607Z 61 YYq8sVwYpvC76PDL5iIsebKQCPJplB5LLoZWa3l9tQgCCX43EIYYIzi7b0tR2
2020-09-22T08:56:32.293422313Z 62 WiM8OHkSbhgqnOsTGY27XnGQKyGTbKUR185UgOH36r6ZzUfe4BZlpL9dMJ4kq
2020-09-22T08:56:32.304409066Z 63 aXHUVtF7pCFBxL4tmeWZMEufZzawMuHgJZUmXxZsrcjNc8rUYw5sGLc33dL3i
2020-09-22T08:56:32.315903410Z 64 Z9ZLddN6ZWDkO2gAsp95B3qEmxKD6wI0z0mvXDQRZuOcpCPrCAqj7yPuxe8B8
2020-09-22T08:56:32.327128394Z 65 LGE3bnq113Z6LG0tkClOAM5wWQMFlOVFEtZJaEqAPq4oFbK0E8eJT3zoEsZDu
2020-09-22T08:56:32.338395474Z 66 fKBERpv9wxukrpOABaZQGXRuTJh14Bh0OdYuofC1tp1llIvvkXtvhCXMkt0Sn
2020-09-22T08:56:32.349025971Z 67 P5k44M78k6XfF8Aiw6yPWVdUEn9RU1ByUtpuULSr37br26LZ0qCPEpzrnoigE
2020-09-22T08:56:32.361000040Z 68 Jgg87NFNQMsZnpWnmykdj0TD9SgMn1dTBPkvaHQg2K0zNruYWhhR3agS9Mx1i
2020-09-22T08:56:32.371917558Z 69 xFCuvDZVBdxqxUexeu0W82TYRh9UJHZy3XICYJ1D3A470jcT4yC3EwtmqDoxr
2020-09-22T08:56:32.383447117Z 70 A0TZIDaeMYW5ujCYz3CKNdaNhPX64t8AI3Zk5J4b2udGkFyow3j6OAYmQNLpV
2020-09-22T08:56:32.395100469Z 71 9gJXrDIEnEkZYxOD7e4Y0ObQWB5roSF5hEY6gM8G3Z8siOdVmVM6IiYCx9UFR
2020-09-22T08:56:32.411155080Z 72 G3pMrsKyxqfObldwOnImaVGciTD95RQ7eOgxH8wOiuhfNxVsI7OC3GHs5yS7a
2020-09-22T08:56:32.424410029Z 73 JYNahP3kPi8wt9TboD6NqxUNmeIfifQpeIAxI1gB8TQtA1013gPVoGhMXSweu
2020-09-22T08:56:32.432760641Z 74 bjfccekHMvzAllBS53s0JXtYFNV92rhek7dKMU753z1ttuv3XZoie2VQ9d6vP
2020-09-22T08:56:32.444294868Z 75 2JRqajUvD1Dui8IfgWBI79vIAHnNeebibWiOktX6fI33DM20aZXabxkHGuWDu
2020-09-22T08:56:32.455030954Z 76 thpretZduZx2hGeKieSmibspZDHAmQXibuL2jSzDs41mjBBbqQO4FZQQhjdaG
2020-09-22T08:56:32.465734978Z 77 CueDx5H75y9Brpue3n8biITSaIpHjUIHjalLPFWYOKWR9bOtJ7GFr4EeC7oJ5
2020-09-22T08:56:32.476723545Z 78 dkuPgNJkNoSEERi3YayXMv25Fc0TK17kYghkUdL52F67iWo6XohjF334MpBvX
2020-09-22T08:56:32.489900172Z 79 19HuYAHgxSzgko6D313Q0vSeJlrIVLkxMiEmUfgAKsiUj5vdoXfmrsCg07Yzi
2020-09-22T08:56:32.502792867Z 80 eftOIxbsmNqb5Pud5mSpxev1dlHkL3xpeCsgoQViLXGHXPhA6nUd25MR0wDAU
2020-09-22T08:56:32.513997112Z 81 b6YyTQ0jS74PU41c8DbeuL5IXOGQIUUhmEumM3nxvGzX90L1AE15wQrmKEjHr
2020-09-22T08:56:32.524631406Z 82 r16vfp49NekWK2vpZhOQedDEa05L7OouknpXYt494vw4Q1LnSMtG3jqc55paJ
2020-09-22T08:56:32.536430745Z 83 d03LnOcQqQEOLz50zUPU4x7ilfsw0jdWh95AtmASoRnEQBJAxDMQvYX2DgC1G
2020-09-22T08:56:32.547291160Z 84 jaBDiKLfpXiGfpuMkfUIdVXI498plIqKBvtzWWovYtpqykECmxH7BGAEtWqRU
2020-09-22T08:56:32.558199081Z 85 wY9fdVHSbZUpBHATd1vZtyYhdyunE8ULn1wX9IJopqmKcUL0VCmGzruymPqRb
2020-09-22T08:56:32.568613497Z 86 r6RpilpwqCsjelGlFEAF7K10MtOUmsyZe49OLOqR1VKUK5MYYufZMeQ1seukt
2020-09-22T08:56:32.579786803Z 87 4SPjLKcStU2AMaowIXTR9qWLdC9jvvcqV6txgDR2FXXtsCmLIjw4uEr3Aa5zS
2020-09-22T08:56:32.591453293Z 88 1ICQ25hT3t85UF9nnvH2EIMQfq4edFOB0xjsTLNDeX0RB7QuzT2Lwlwa5DKcc
2020-09-22T08:56:32.602249515Z 89 ZtPal8BjE2FpWPKrPenfCKspjjgtbiTEodfRLa07KC0OkvREWXT32vtNQDXKy
2020-09-22T08:56:32.613339692Z 90 dNGIKrbVQXaJMC7EiBgTO4kxNse46wNw7ojABtykD5gUcWIDEHBmGVTZumgTF
2020-09-22T08:56:32.625198478Z 91 Hz4MyuHZeg3BCAuWx2fXX95XkKy2WKgzhFFDTJXGY89kAdN7xbZdgl5DBQyfS
2020-09-22T08:56:32.636085606Z 92 O8a2KEdbA2sI1uiSlRD7pZwvtjo8lzhAPmF6ZKd6QSudJG13Zs69T8JmXdkUj
2020-09-22T08:56:32.647193613Z 93 0O1dfGcFwxBy8jeU4Lktrx05YryK31VwHEBmW0jWsiJn4oaOqooybpe89uuOs
2020-09-22T08:56:32.658786078Z 94 wKanZM5Ko3bMQ9ApK2dF1c6g40CE0w1IRcTQtTLivU0iFC9D4xCnZBBtzlogD
2020-09-22T08:56:32.669719407Z 95 zcQl9pcqjQfh2G4WXSIvU291CeplTVejJ0GeNeejcBZhCkR9DK63AAQown2Ds
2020-09-22T08:56:32.681382976Z 96 gg9vdpAMV4nSb8QFnASFk8he9WbPOHPAswtjoPwBsGYm9NtTb4c5rT2XZnRh3
2020-09-22T08:56:32.692216166Z 97 hvKWRC4hXRPPyYHFrR0nz34Xf5J37p9U6Hims9OtK7BHLzgzFaZgLutrbml4n
2020-09-22T08:56:32.702812724Z 98 dxBygKzyjGGs2Xxu5cyfS4QcRLPJxdx6RLZnYcoESSdrUstT7x81aHkzRw5Vz
2020-09-22T08:56:32.714069734Z 99 Rrb6ihvKufGHqSlotFDEGNYl1bisBT4qOPZB0ACkXTuEppwwk7AohzGaizPh2
2020-09-22T08:56:32.725166002Z 100 st9CR2Swo3W6Ny2YsR29Mq5KvjpGhwAPcwP4v9HA4cDQSkN8Lg6XsNPeMJ70
2020-09-22T08:56:32.737058703Z 101 9WsYvdevFzVkXtEPy5E53rOZVeziWUuGb133pBv5Fh3EApWDZHZDI7115FeY
2020-09-22T08:56:32.754897498Z 102 T3fumonfiLG1QOqIoQyD3vge4X4oLLhH6CDLLBXHVlwY53a2fU47hrqdaXDS
2020-09-22T08:56:32.764723515Z 103 KOuWOsHgEO4u46joYb1ZcqAn5KzEZ4qEEOHLDdFPiKKrz02DgjakiH4psdW1
2020-09-22T08:56:32.772798038Z 104 u6RqgkLdtLa7cHQxciz0Y40h2cndllQghCb0H9L9qtHRp5THzaGEEHOyzntw
2020-09-22T08:56:32.784586928Z 105 ezE9K69tnNNU42cECWFDfDuSEJj97I5llO6U9oPklZRbhXoIgACiIUIqrr0K
2020-09-22T08:56:32.795247747Z 106 47vYXJn9EBwyUUk0IBgyeqQ3P1ATddqgOSgIrT6pgJZnENyeFl1tA4cJoMwD
2020-09-22T08:56:32.806176540Z 107 UwpZH9IKdyFPMepLI0HPfpuvsrUR5ycsKB8HsLcpcSAdhnPsmKn4VqXumRjs
2020-09-22T08:56:32.817471393Z 108 zpYMFqhjTjzPgrdGJDFIj3kadnIHQEBEjnMLevOQ18o3kWoS1HXaaQ8EIXmn
2020-09-22T08:56:32.828665244Z 109 4uslxi7rZwCUuZpI3zA8ry7ygAABNKGMyUrEiRmBL2I0ILADE4ww3BSrQ85E
2020-09-22T08:56:32.844971261Z 110 M6j6gz9pSJNRzHDA2qzZY9GAzeYstUfVHwFsKkfguDhDSDn3hZuOVgNP59Pe
2020-09-22T08:56:32.854411015Z 111 J5THxkWgFCK5aSLXoItYyi8Ym4IXZHoUQpUJ8g25uyN2Lrwg3bue6P50ucfw
2020-09-22T08:56:32.864556701Z 112 cDWc03DVsI5eu0TwrBWeR1nKBvSH7cXsJePCMXb0InHRhSZTatpaZs5eVurK
2020-09-22T08:56:32.875916019Z 113 dwKs0S6YprJLuCxmgwjoVGpXYtqBocDtgbaLkDANGXu7VOBwQVgqVscnJW3J
2020-09-22T08:56:32.886913418Z 114 Pb3S0omvx3fu33gqsH4It5BM16LyaQL5B2RTN2xflFwA4t28pzyt0KhTgeGX
2020-09-22T08:56:32.897818475Z 115 6prBJ9zK9mPdBOXb0fJmlMqmf6GLoeSVeUroymy6j7sm8IMdNTZNnHzIMN59
2020-09-22T08:56:32.908913536Z 116 86cToXgFZu985szBfjhy0JQ22bW3NGWyV7NXyqXa33tJqlrkjpx042tnYHX9
2020-09-22T08:56:32.920254974Z 117 ngQ4a2cs2S5ho4Ich34x014FexKnswZBwMkTTWfaUBz6baBkWacB9Pl27ZMd
2020-09-22T08:56:32.931494462Z 118 3ISuWS7Nj5RdHOAAR6g3aOmEDJKSp9vFIR49yROcwUNC4qbMk2gjIZQbpMUZ
2020-09-22T08:56:32.943044045Z 119 nZYFcyAdNXvePe1GeFc7b5e5qSF5zZ5o2hbsL3RMz3cGgAHZ99cE0TEI8w5y
2020-09-22T08:56:32.954431711Z 120 ks35RsMxSGx3oiVIqEa6taYO2yBDycCy2W3H5U4qmmfSchXjtZFZ3mJDzlzP
2020-09-22T08:56:32.965679456Z 121 hShNLMVPyS7UyjvAZ7rIIQiusKgH5VxilkMRvK4bL84Di6aAuInUgSu6hnTF
2020-09-22T08:56:32.977002900Z 122 AAzIkFCftUXqjI9LRw9ZQrb7VE4Yl95aCwiYxlvSq4nZRSaPrK72S3Qk3ASO
2020-09-22T08:56:32.987882793Z 123 qIYjxk6iuDwEkeDf8HrH18Ye92rIHV1bahvJxbA1L2GGOsNuknyseVejzXHb
2020-09-22T08:56:32.998566053Z 124 vw0VtFup8WOoAkdmLDCfQWJJ12YgsmkgfoeeoHP5borOUmNYNDgUpgzPsxJV
2020-09-22T08:56:33.010404874Z 125 ZJs2DqLQkJ8KxiCAeau0L9grOy0JkxlGQVx8dbOSA7Kkpo1YeVDAvFECGk60
2020-09-22T08:56:33.021784272Z 126 XzUb4qnlrQ1tsy1HY1oQzeYuAGG74E5msGtn3pD1cDQ2NnZsZVynkwtkf6wN
2020-09-22T08:56:33.033138151Z 127 gp5dXFBpVzq89fSTl0vTeLMogMnjLscsMIx0NdjnKEclLAhmkgci606t48Hp
2020-09-22T08:56:33.044727071Z 128 pQhy60z37RnnNiVFVDuXftlJrKAWlOkI3b7VIbSOVzW9rCGw5gkdFv3qN9C2
2020-09-22T08:56:33.056036793Z 129 cQL4wEMP1vo62lzMGcZYovkZshqXhLNmfH5h9j13NNhRDhMixa2v2NO1zuqE
2020-09-22T08:56:33.067379071Z 130 stabxn73o1q2HT5aDsrG39oQXqGRUlKcCjlrVUK0gAmVaJaXprfWBzjyOKgt
2020-09-22T08:56:33.078622712Z 131 e8myC19RrxlTWgCKBEzc7W70fvER98vXZIrESmv6HHakuHuQImIM8o1nw4SM
2020-09-22T08:56:33.090019689Z 132 dhnCSiZ0GbWrUCBE3BQllj32ez6FieT7BS6zT54XAwNkBcUIbY3hcxahyeTC
2020-09-22T08:56:33.100814022Z 133 jY2ui2IWhEVtO3z1FVLwolZCOAT4YDRA6nklhJevTEUExNyg3kmuUSfr9E9r
2020-09-22T08:56:33.112167529Z 134 RAYAOGeFg7B1w28ABCYBsT57nNcBykZdzUhYx98OcHdvBD2p0jghRfEUfADB
2020-09-22T08:56:33.124501861Z 135 qcGLCWz4gUQfOl0PDKmxRAzcEscttdw3fktHL6dFwrjOAtfoYvfUgH1BCcuN
2020-09-22T08:56:33.136068763Z 136 5O8tDygq1btU9Z6sIvBgjF9a8sZ5xFioKUN32Cv85EnhPkcOwCKQVG63odzy
2020-09-22T08:56:33.147231075Z 137 hznmTxD09NVRidL0iIGscneNwIW7aRQzbRHeXFrYbpvDg2Y3BMCdNvcm6kSY
2020-09-22T08:56:33.157656167Z 138 WWMmZbz3riJR34zsEJesKVmUoWWvaYD3IgIXyFZtnv7NnGY8JUrhFJqpVv1F
2020-09-22T08:56:33.168945707Z 139 KhHszd3eSrx6lDrO93tjkXoE9jfEMzmGnfv6eeMASdOzY5qNRA2ILgUe25Gu
2020-09-22T08:56:33.180679755Z 140 EV5F3Dd9tn04DcMWe1FuukW7xsW5eD1NnDaJAscWfl2sxi8JaMdOoYyyKz2h
2020-09-22T08:56:33.193820557Z 141 68AKV9M1zTJ3Xj4Gz3J5pzdsgOFYbBwsLstngWMWv4JsjY51TopM6uI9qtRE
2020-09-22T08:56:33.205590442Z 142 kRQnO6FQ8NHuHUmPCHkFT7RIid52woxOYuyAhbzro8PuOtL8bHMvIkiI6a1P
2020-09-22T08:56:33.215880115Z 143 1mHf29WZIsrM1UkoxVbVQPMi3biY0bsWQ7RkMiYjZjJFjnnzo6PVHKgKdoRN
2020-09-22T08:56:33.227177591Z 144 OFztI6jGdnW36oCOSsGXEk0W00qYCuuatOOiigsQMl0JAHbfcnjaxHUtMGa2
2020-09-22T08:56:33.238640681Z 145 TuTYu6ugKYAZReDzIlOMwCWFYK8qrUtcf4eIg9jwaI7xQx1n7ODm8yRVqPNX
2020-09-22T08:56:33.250339080Z 146 JHohwQwIF2mIi4L2vAsPRl7ih7oGD1vMFjenIg8e8icnOnfE3QTVdURee7sJ
2020-09-22T08:56:33.261100808Z 147 tMgti0wDnEJkdPsVBQKwsnc3W8kQ9OJ98ejEHL3NUrOKtBL4hC9PEBxJk1e9
2020-09-22T08:56:33.273585861Z 148 fWgdlYo0W2mCeYuE4J9WKwvshfLJs43XT6Ah0b0GfrerYCCkX1xswUyk69s8
2020-09-22T08:56:33.283497192Z 149 v3CpG4Cc1AIqOT3f8bJige5RfcBXA48AoqHKMAurgre74LWuUNN9wStLugol
2020-09-22T08:56:33.294346096Z 150 zisjq2e4ziYRLJtJwfbg1PPmmTD9hF4B1XsXdx3OKc68kWTJoQGteSiPo2M9
2020-09-22T08:56:33.305006847Z 151 noBvmmNJvPepaON067GiX2qhuB51PTxRF86FNJKzs3zidxl5cuJwFCpavJwh
2020-09-22T08:56:33.315633141Z 152 BTBp1QtD1ggsxjAaQABjn4Ktd9wsuqaa4Ltf8vwhuBDrAdzClbwRJNN8XNLM
2020-09-22T08:56:33.327763860Z 153 7Dhhk5Zm9yRcDmjce5rTsztBaAbmEJPpP3WBHJSnO3esDiBHJ7mWnBNdCmVJ
2020-09-22T08:56:33.339429407Z 154 BvsiysqtQ15VGdp00PdUUhPIuxw7DvBdxPaRiniJ6JNrpqdNWB39caKTPqrV
2020-09-22T08:56:33.349709771Z 155 6tSsUOky07CjwTI2Fey2TkYjbu289se4o2VNzp1yRqpExYi2AoNveU7quGZD
2020-09-22T08:56:33.360656308Z 156 V1f9j7zZ4hoRNwmIfALislGtcstKWdiAiHgq11wGKhBHTUmlcPTeAH6IfEI3
2020-09-22T08:56:33.372428943Z 157 jt8uGHxVgMgFuHgSCnH8FIgkiPHyXesu9rCH8mXgI4RkfEYi1u7gelHqg2SU
2020-09-22T08:56:33.383680976Z 158 vjNwntCQXsaU67mCnk6t6pnwq2hzaWd3QE6pPzc8QPCAWw7JEozR9PUjGeuo
2020-09-22T08:56:33.394797912Z 159 HsVCOcL2puBWInXWa8sWalYlBBiESosaNWA5W22jiIc3aGBkGz6pHdV5BIa2
2020-09-22T08:56:33.409249916Z 160 NxijeNaHWM5LkaZzDjIvRdKqL8brqySDpLc3iNHDdcef3hYdUDoabyDoCUtE
2020-09-22T08:56:33.418298088Z 161 FMGIzIoKMPp4JIG1mP4s2EHv4j0HxGepFwP9kTeArglJgBq8ivGYVWUIxdQL
2020-09-22T08:56:33.432008765Z 162 ETLLZDi7C1k1xBaBjR1xm5GbkrWBsBKvrzxG1gXLlf3JzPaTVj1oTMUYF1dN
2020-09-22T08:56:33.444001459Z 163 pbY1RaQdNwddJe68nIZ13jcAbGU7E6vyHZhkMvwZsPXgLNeZHoKZLPy1Lyui
2020-09-22T08:56:33.452547472Z 164 iPzdV2KW1eii9wC05UUvT1U6bhyjb6Rl2UfrAm3cYXP71dzFBip3LGVSZGDL
2020-09-22T08:56:33.468987195Z 165 ro8JZQpXTyrfHeNrTCMmr9D12tCvZH3W1qZaD0RwClLIvqNINuDjMZyZU3np
2020-09-22T08:56:33.477731973Z 166 SlJPe8zGIcHAgzTN2CFMwIFlYjTAftEPf9pwLNiqmls7uMV2qr7EEDfJeSsV
2020-09-22T08:56:33.488655871Z 167 HnBfccFVjZEL8COzxVxs31C75nEWLhP5lXRuNSyFoZKNb0cMw7Shf9n4b25P
2020-09-22T08:56:33.500522584Z 168 0dFfQgwUPYFuy315SRKG4LWAUJruOTlVYgmnuOG1AUze1bIqf2oO76TnKdNG
2020-09-22T08:56:33.510974338Z 169 Hb15jTQccyZlgGlhbtQ0XGheXCECnhFF2otcl2iqvgWFBPRgiZhDI0FKfJM5
2020-09-22T08:56:33.521725323Z 170 KQoRkriFG5RYf1Epomuqp6vVIOwrZL4QN4aJNnZ0w9LoIE3rcJQqsuontV10
2020-09-22T08:56:33.533514667Z 171 xkNcuSMIsHkIGHorZQ2PVKkHe6JtjMub1bcQHLsuRg5R9tAQnRuivhzKLHkT
2020-09-22T08:56:33.545222151Z 172 FOimpKuAiPLSD5GX29VBN3DCSa5sN9xvArZzi9F2gEDIIZQpNVFZSUQPDlrs
2020-09-22T08:56:33.555782490Z 173 ykrYRxlTntbyAzxmAiGPqSE6ivizaT46HjwJSklAdtOrH75hIw4D6VayVT5N
2020-09-22T08:56:33.567517776Z 174 Hq49mRkB95i6r65WpqADnf89Tr4vYJaSfwE6wfv2N6GLSUS6cwCJFRLXgUb3
2020-09-22T08:56:33.579085997Z 175 8NYlTVDSmiQueVTJdcX7uvbctAHcgGdvHcyRI4T6RGa6Xn6KhexgRrlZ7NMv
2020-09-22T08:56:33.589616293Z 176 d7If2IqsVlp7OlCpQFLEU9rBUUP9fT5d5mFt1HlmIotCQW4MLTZ4haEVm2qe
2020-09-22T08:56:33.600453513Z 177 PA321FdZaz7aCBMlnNS8nzh5t9xBlZWwrBlDQYLb27XQHPv0QSHTfUOmTlj2
2020-09-22T08:56:33.611958057Z 178 LFHiIfMoeiFOcE4bpNBFRfqcr6xVIyw5VUVBTMnJghytPayX0g4FdO4OIA4n
2020-09-22T08:56:33.623475780Z 179 lDbW3GV702FpksaAXeyvpHpmTPLGHfDCfGl5iN9NPQwlY8XEc9bbVPrblKef
2020-09-22T08:56:33.635403611Z 180 TMaAC9PFSwJl9Cm1SyUl9v7mk7Wk6zRR60VkQE7BwROTQaIwiiESNIXPDF9m
2020-09-22T08:56:33.647530332Z 181 ftHbDj8VDJ0Hy1XyXlfMxs8TBeB4XHfpIkDjZiqbWoIvdxOjXyksIrP2ANVW
2020-09-22T08:56:33.659399733Z 182 D9k7znmazkWojsrwjkVdBG6CwqVFR7FCZOKSXJo0n2mwCSwNzkhFjyHMWqqr
2020-09-22T08:56:33.670557155Z 183 pLY5zlvvdfPQ1YfIpq9ajS0WvH1GARaTjKZ7aIoKTiBYfKHYCZHNrup3GzVP
2020-09-22T08:56:33.681683348Z 184 wsE4AAc0c0C7EWdUz3kxScLRH7EgPXFplf5ysj36tpFYdPhxNcBT2yLUEfIo
2020-09-22T08:56:33.693256301Z 185 9vVxWzmwfvWFyi921kcLSOFvVggjNCW2vmWr0j6Y2cu7PpVeJOmfMUzOQgzO
2020-09-22T08:56:33.704070159Z 186 gTHInvtdICbLslXv0RqgGLIVNF9g25sCvTRiPdDVL4F8geLwykponCZ1v9KN
2020-09-22T08:56:33.715332394Z 187 pJ1gP4bSbGdGIoXmKocgaTwR7IfnTRPcKQ2rvv5BQVFtqrla6LI7ZiV7A6jL
2020-09-22T08:56:33.727676378Z 188 5yblBDSSBUdcpKHF0ycAzGSQYvKHdw6qYUrbf9X7MMTi3FtI2eCbrQaWl4AZ
2020-09-22T08:56:33.739274295Z 189 63h4Q5kkEpcZ7CVvjhGWoMB34TJTJU45O4Z3aRvrCrgDc12ivpr3T8RIPb5G
2020-09-22T08:56:33.749740107Z 190 omOhkVo3ThRwn1BkXZnLNYnDDvK53dCwWAf7cAfxb1Rp1V3UVIn4M6m9ixcs
2020-09-22T08:56:33.761147155Z 191 ur4qhDhbSA0t1NAdOQr5iTtwXNJ2BEFowXlAMqKC72DEePaKaoDe5OcVZrjm
2020-09-22T08:56:33.771775344Z 192 x6JUobBykHco1uJfpLdk9EJ8XnuKMh92ZRdDtFzPiFEvAEiOsb4A0mYuz57H
2020-09-22T08:56:33.784071392Z 193 2BlKDm0V2j7VeHgc3Qfg0xqsV1uY7ddL7g8503AXKP8A2AAFVwaO5BfyPDYt
2020-09-22T08:56:33.794596582Z 194 9THK6ORG2lRKqPemDkrRsDRPWAnsLYadS41a5XrYrLZJqpoVpEC2QoPCGAao
2020-09-22T08:56:33.806204396Z 195 f1tELwfOHp27F8BL0Uw7CUGn023umKrUOwEPQa61BYsWUcdnou4xZJiq3hKO
2020-09-22T08:56:33.816989172Z 196 JMngtAPDek6N3AZ2bODhyKCfAVEZRAAl748mM1hpvNS81GAkIvif7vkRNsMl
2020-09-22T08:56:33.828356771Z 197 1P45s7TxWTVLNMPqrIZKi7br8VifyqqRte72fuv5tK3GWNzgATG7lSnBAWWP
2020-09-22T08:56:33.838552708Z 198 EFWvvp5UzqHUGnw1iz2tsN2rQd9hyyqX709ENfusXuaciPi2D8a0wZ9PLB2W
2020-09-22T08:56:33.849978917Z 199 i47eRfJWm346Dnn7HwnUVhUPJLp7kIputQB2Xt0mtBiE4o0sIkKAQTcyUZh0
2020-09-22T08:56:33.861802098Z 200 jLZwhL5iYvozEm4M6Mqiq82liUHnkfyp0Z6ZGME0mPCQclYKJmDuVuH4xSkI
2020-09-22T08:56:33.873281237Z 201 ysslm7oJHlZZadhcEzVJcrkXCpr9kdeat68nhAsHGmJkH11aJ6aTMa7WbRXy
2020-09-22T08:56:33.884460018Z 202 PbXtOMmB6DqNgsZvqi5kTsOnxfg6jV1Qb8lGORWLCqm1CNbMvjDaHR8kcXk3
2020-09-22T08:56:33.896185364Z 203 BFlf9eSVJVbxNaZ60rbt5n4rpa4j2HMDX0gcQFxsbMiY9VJLOaFbiIypgaTZ
2020-09-22T08:56:33.910102850Z 204 4CJawPIFDpc5K6WpDxNfiQylYvMTcNamLahRSkgyLgIDHlzzkMTAbN94Isox
2020-09-22T08:56:33.926155564Z 205 j81gwjGnXpP04Ck0qhgLaBikxnTxUZHnurW0iOLc5WyLsQfSQsp4OncwLVKt
2020-09-22T08:56:33.936993418Z 206 xMERpsFJx7Vt0B6fUk2eY44iDU4xQicWLF6yFakoH4fht1FtOOljlIDI3u8x
2020-09-22T08:56:33.947968426Z 207 txR2p4XHcPVTsFn4u6w4WlwAfhw7TsQwX2khTtm2rXQab09e32FMB5tNCYIV
2020-09-22T08:56:33.960419008Z 208 Tb3GEnUdHkAUWelQcXRNF2PnaLYVG4qQPaEpxI4Q4TQa1poALjFsN1fbVXWG
2020-09-22T08:56:33.971954253Z 209 7szsIRYDO0LkwD1I2GtQOjhB4IBxTABbbE4o0DxxwM4TtXoJMiaXTHh6o6ES
2020-09-22T08:56:33.982718894Z 210 wokFCftKqqjIshgQFfZDzUnUdn6nszV0Vk42zzBojCHV30vWhJvjjabow9ve
2020-09-22T08:56:33.993492426Z 211 rZuTcSnnCKRL20b8xKqJAIViMxes0gHjGb4a8GBy3eQ3wfrANooDFvTznu6s
2020-09-22T08:56:34.005078571Z 212 cIg7Tj1Hy5rPekBf53KmR15MYcvoMQz02wASUcB77J5roLBcU8hMzfWUf2kj
2020-09-22T08:56:34.016257793Z 213 MJHGo4zQbElmJiqTFGqQz9E7MhcWrKnMvwCtOKUAvb4lkSfEiYagVydc996R
2020-09-22T08:56:34.028521333Z 214 VtBVDB2knYHlOSQHF2wl85BR85GDNQblhPjJBHAzE87psm4WnLL0nMFo1Ngc
2020-09-22T08:56:34.037565156Z 215 KkBnNbSxk5H7PmvYWq74OJw0HyGpYrYA5NuMw72mEaArMbMQRTKxZtburkAW
2020-09-22T08:56:34.049291782Z 216 IKw7JkZAAJioJbwYJFqM7v58yq1tdHdH9l41X6iF0BBHtZo9sSE617YVk6qA
2020-09-22T08:56:34.060308748Z 217 weK6vf2aPeG3prN0qIMylqSQ0Ajg8tXkaoTbMuXLghvXpyhiigGZs1iwJjyj
2020-09-22T08:56:34.072019542Z 218 89bYBDDmOR915FlZfCMhFlHzk5sJQOmE5BVfvPugdlRwBh2nSkQuczLZPsZZ
2020-09-22T08:56:34.083360723Z 219 kGsLyd4YWauzKisFM12G0Y7fGP0JFhKdhmfJH3BuBG3Tr6uuLui8iLgwFq8c
2020-09-22T08:56:34.094436019Z 220 xPr6fO7m4U96mF9Rdy4eVqj0oVTih0st9BMzMIQpZw1o46aGZSkfgBCth26R
2020-09-22T08:56:34.116830515Z 221 sdEUFr4MnnJhhTJ7Ja5WufylRB8M9kvS2sn2OYgFmMwbFzCo3ekgVikkvlXN
2020-09-22T08:56:34.116873673Z 222 59QFwJJwuD86bmjy2nEACMawAlYhICEkMyx5hY9cjDsVIGGLTxWUiTBdjjoG
2020-09-22T08:56:34.126707282Z 223 Pq3UmRGJ2WYIR6bz1jVMwG4beWbdDh5OZY2NAitxnbQdSLk654kVnzdEnWrU
2020-09-22T08:56:34.142428503Z 224 32BYVQVFNEBW3xB17DjNs8uSk7eTaARuJf0VGCnJf7V6NF6CuvqKdaiBzwgO
2020-09-22T08:56:34.151502876Z 225 JrbpglGEbrQklRdkqw8tcSzvPMgXUXi0P79HBEKUsDBZe7lqBA22ywZsFPDS
2020-09-22T08:56:34.162968580Z 226 ev3FWN9oc2Nx5iS3QxotUXgxSbDM1bWeJCYjIMlsN3wUldGqnarVceO7XQ5S
2020-09-22T08:56:34.174197530Z 227 o7Qej7H0gYPn6sCWBeEPp2NlrWLqf2JvSElbZZP6aVH0HYb8iytw79J2QP0Q
2020-09-22T08:56:34.184689880Z 228 oEN066xa3O28yAAEfMbknpVjRowrKwDkAC0UKfxERN0VjsCkhmKXFeIjrApQ
2020-09-22T08:56:34.195975914Z 229 vNNUHVKdXIEZNKhgbOLUvg8ReogaJ90KpsSkupx4oVDbbpjMHQzUU6zMKQRo
2020-09-22T08:56:34.207071281Z 230 pGrDihx5InWKW7d0rZek46M8qLJ0rZI4FbiDu1ekp3JjCUHjX9GzrufgO6a9
2020-09-22T08:56:34.217460601Z 231 dvclFpuHIpbFfyzqySlwfxGhdyweaRGwQewMK4GoSUWLgov8n3oQPsN7tZrh
2020-09-22T08:56:34.229493095Z 232 7vI6t75ud2A1Z9bCBzKuKA1sKUbJDpB5etllw9lwVm6DQgv9NKQlQvOg5A48
2020-09-22T08:56:34.245550352Z 233 mXbP1vT9J0zCU7T6705m98b53S1VM1vgbRui8IYuYfaF8jxocnMurBSV2VCl
2020-09-22T08:56:34.256994011Z 234 uZgMD8IhVDhyTzmTc4Ckllr5bxmYSWGB2044CMGrNmAnMCCa6j6iDA9fHGb7
2020-09-22T08:56:34.268277753Z 235 EC77FSAGhEIt2kCe5gw8A3xh5M81riPDmXvaZIxC4vDerPNiZx5Y6BvQB1yE
2020-09-22T08:56:34.280037857Z 236 2wbBe6KVESYih71po9LnsxycDIhliQFCT7ZxjCKSGFO7zSRQdcSzxIKP0mot
2020-09-22T08:56:34.291696583Z 237 bpFeAbqE6M0NWUzIa0muyBVeZqSWaCAaYFsP1SC6KPYsnEiIlrsNCiHT9bBF
2020-09-22T08:56:34.301908992Z 238 4j4JBDIgiejba7gXhGAZmNa0s8ZWX2lgFtuI5dV9y1X6ilvQyYvMoePH6EIS
2020-09-22T08:56:34.314098664Z 239 ExptSwGOwnARm6FUecZx61JiFfDIYIKVZyhuUGaC6X81Ze2HNXbyJ93WBT59
2020-09-22T08:56:34.325559523Z 240 N8fowqhWIv6o6ip9SBlbftEFCTR17og2zCBVahKLTFAVGs8hwrSmbBxYoa8F
2020-09-22T08:56:34.337860872Z 241 6UvnnpqM5zYL33G6rPxAQmYYKNyFnLXTuN6170yWwCbanYowx0vsdV1iCaxU
2020-09-22T08:56:34.348251830Z 242 flMfM2lcTfGeUSt3c3sl3JSkfMs2v6cqkbs8o3dL5Schxef7C6rfpkZZxFDz
2020-09-22T08:56:34.358676667Z 243 fbyAh6hOASyhSkoccZFMQoFViytvHpQZyIvqGP4A58KngVZR8Ays1Gtzbgdg
2020-09-22T08:56:34.369852197Z 244 Yd7qaSzBLuMsps1K3jlxexP3yqk8EZ01OjAlHpIX3YbrhGvEF4AeN1pTpnnk
2020-09-22T08:56:34.380686861Z 245 WBik6kuk1q7JdpTNEYx9FfcomTqvNSj2BLAnRHSYImsSsPOoLR2MgVg1ttX8
2020-09-22T08:56:34.392812291Z 246 ZOaErRbORfZpgLKxmBrAhxhZy04s0ecBtapxnsSrgJ4hMwo0vwBtX6yl05zC
2020-09-22T08:56:34.404178237Z 247 Ulo4ZdNNQf8uzVMERSxeOGikNhLNKxL14iLv3qkR0FoFUxltZ3ZTcoSfm088
2020-09-22T08:56:34.415986842Z 248 Q3XfkvaKyPDTM85kWG5EO2hpxQTiIQwiiOcNWYru0T7aeChTbwDJnlmcd5WH
2020-09-22T08:56:34.428052450Z 249 46ATdZSYTMFQsAlwwBGZ87Aj3tOMhi0D64aCRBQuaRFm8w1M7ZQ0HBMh6gG5
