2020-09-22T08:53:39.021674036Z  [2020-09-22T08:53:39Z INFO  dt_instance] Current Twin: 38162cb0-e585-43d7-b55d-5c240b2bfb7c
2020-09-22T08:53:39.021737189Z  [2020-09-22T08:53:39Z INFO  dt_instance] Connecting to broker at mqtt-broker_4:1883
2020-09-22T08:53:39.026100678Z  [2020-09-22T08:53:39Z INFO  dt_instance] Refreshing topics for twin 38162cb0-e585-43d7-b55d-5c240b2bfb7c - Listen to 38162cb0-e585-43d7-b55d-5c240b2bfb7c/+/+
2020-09-22T08:53:39.127928648Z  [2020-09-22T08:53:39Z INFO  dt_instance] SubAck { pkid: 1, return_codes: [Success(AtLeastOnce)] }
2020-09-22T08:54:09.074906946Z  [2020-09-22T08:54:09Z ERROR dt_instance] Unhandled incoming.
2020-09-22T08:54:39.076162835Z  [2020-09-22T08:54:39Z ERROR dt_instance] Unhandled incoming.
2020-09-22T08:55:09.077366959Z  [2020-09-22T08:55:09Z ERROR dt_instance] Unhandled incoming.
2020-09-22T08:55:39.079075204Z  [2020-09-22T08:55:39Z ERROR dt_instance] Unhandled incoming.
2020-09-22T08:56:09.080622225Z  [2020-09-22T08:56:09Z ERROR dt_instance] Unhandled incoming.
2020-09-22T08:56:32.684544182Z  [2020-09-22T08:56:32Z INFO  dt_instance] d0a71d84-b80f-4558-beac-8887750652e3 "0 22LbRwYrOvisenJELX4kIBmZjoz3bwIBnUf23yAHTBL9AkJwva6LxFxIW4u5eV"
2020-09-22T08:56:32.701706292Z  [2020-09-22T08:56:32Z INFO  dt_instance] Inserted data for source d0a71d84-b80f-4558-beac-8887750652e3.
2020-09-22T08:56:32.754855335Z  [2020-09-22T08:56:32Z INFO  dt_instance] d0a71d84-b80f-4558-beac-8887750652e3 "1 5ZYiaO4KZyDdgQRKhv69hzLsu0SeC3XVcXqBJMvXXRT86tzPt6aZKjHPGZkKsV"
2020-09-22T08:56:32.782053161Z  [2020-09-22T08:56:32Z INFO  dt_instance] Inserted data for source d0a71d84-b80f-4558-beac-8887750652e3.
2020-09-22T08:56:32.834107367Z  [2020-09-22T08:56:32Z INFO  dt_instance] d0a71d84-b80f-4558-beac-8887750652e3 "2 dsuKU2JSJhldaqmeo5DitjZNGCO2pxJN79FkUwR2ZCohY5MpWbeAERUqGAuPGt"
2020-09-22T08:56:32.856363828Z  [2020-09-22T08:56:32Z INFO  dt_instance] Inserted data for source d0a71d84-b80f-4558-beac-8887750652e3.
2020-09-22T08:56:32.907951739Z  [2020-09-22T08:56:32Z INFO  dt_instance] d0a71d84-b80f-4558-beac-8887750652e3 "3 Jkm7v32cz0IiDBGT6Gobabzu6oQNGaXlYCYRGrGsWIPVH2CManKTI9kUrWacdr"
2020-09-22T08:56:32.925314745Z  [2020-09-22T08:56:32Z INFO  dt_instance] Inserted data for source d0a71d84-b80f-4558-beac-8887750652e3.
2020-09-22T08:56:32.976931759Z  [2020-09-22T08:56:32Z INFO  dt_instance] d0a71d84-b80f-4558-beac-8887750652e3 "4 RowRbOEez9AFvWutnzmA5Y3Gv2Xi90iQ38vt3iU8kp24wDFCMR0QLi4NkDEjGv"
2020-09-22T08:56:33.000211609Z  [2020-09-22T08:56:33Z INFO  dt_instance] Inserted data for source d0a71d84-b80f-4558-beac-8887750652e3.
2020-09-22T08:56:33.052141286Z  [2020-09-22T08:56:33Z INFO  dt_instance] d0a71d84-b80f-4558-beac-8887750652e3 "5 SLJoXABZzChDR9ZcdFK8wKbkomHlpG1Nvs0bGKA2oczAtPpuuD9hUMouHl8LZe"
2020-09-22T08:56:33.069846899Z  [2020-09-22T08:56:33Z INFO  dt_instance] Inserted data for source d0a71d84-b80f-4558-beac-8887750652e3.
2020-09-22T08:56:33.122043619Z  [2020-09-22T08:56:33Z INFO  dt_instance] d0a71d84-b80f-4558-beac-8887750652e3 "6 UKhIjHOu8Bk5I0pby5tbPHMWfN50qaw6efepnRTd9G2BcwuwheTtZ49zmSfEkv"
2020-09-22T08:56:33.146325922Z  [2020-09-22T08:56:33Z INFO  dt_instance] Inserted data for source d0a71d84-b80f-4558-beac-8887750652e3.
2020-09-22T08:56:33.198339193Z  [2020-09-22T08:56:33Z INFO  dt_instance] d0a71d84-b80f-4558-beac-8887750652e3 "7 mqUoAnQiYi3eneM3gkh4MJxdRl9BDcjI2G0nHyZpNZHZLKVItRZxYxuq3EGws4"
2020-09-22T08:56:33.219180336Z  [2020-09-22T08:56:33Z INFO  dt_instance] Inserted data for source d0a71d84-b80f-4558-beac-8887750652e3.
2020-09-22T08:56:33.273428162Z  [2020-09-22T08:56:33Z INFO  dt_instance] d0a71d84-b80f-4558-beac-8887750652e3 "8 vv5r5ppaBYWj0pi2xTuZWuEoMnzwPJ7nTYPGt9Hh4y9tub1Doq0yHutYrjHKcl"
2020-09-22T08:56:33.295121745Z  [2020-09-22T08:56:33Z INFO  dt_instance] Inserted data for source d0a71d84-b80f-4558-beac-8887750652e3.
2020-09-22T08:56:33.347063425Z  [2020-09-22T08:56:33Z INFO  dt_instance] d0a71d84-b80f-4558-beac-8887750652e3 "9 OjevVIWl4TrmJSnUzAF9VeRKaZHCrIgWVlqy1KKJyrPUCqtZjPcBDuHAZckNun"
2020-09-22T08:56:33.369219731Z  [2020-09-22T08:56:33Z INFO  dt_instance] Inserted data for source d0a71d84-b80f-4558-beac-8887750652e3.
2020-09-22T08:56:33.422513620Z  [2020-09-22T08:56:33Z INFO  dt_instance] d0a71d84-b80f-4558-beac-8887750652e3 "10 nbZ1rQvEoP0DFXrcyjDI6bGC6ebrIGmK8vPuwlBeawgG6MXsbvqmel1QWNLxt"
2020-09-22T08:56:33.447990220Z  [2020-09-22T08:56:33Z INFO  dt_instance] Inserted data for source d0a71d84-b80f-4558-beac-8887750652e3.
2020-09-22T08:56:33.499085595Z  [2020-09-22T08:56:33Z INFO  dt_instance] d0a71d84-b80f-4558-beac-8887750652e3 "11 JZbMunWp5ZjZoyD0FGuXGofdJrmApcP6YGuqUKXrLH9XiLBMxE35jAZcsLKDe"
2020-09-22T08:56:33.518019895Z  [2020-09-22T08:56:33Z INFO  dt_instance] Inserted data for source d0a71d84-b80f-4558-beac-8887750652e3.
2020-09-22T08:56:33.570526777Z  [2020-09-22T08:56:33Z INFO  dt_instance] d0a71d84-b80f-4558-beac-8887750652e3 "12 9p7m5hAFz7DvlDoKp26yUKR0oRjzBUnNU4jTWCsJuoq2XcaqnDIyIq1fhSsk3"
2020-09-22T08:56:33.590237649Z  [2020-09-22T08:56:33Z INFO  dt_instance] Inserted data for source d0a71d84-b80f-4558-beac-8887750652e3.
2020-09-22T08:56:33.642326780Z  [2020-09-22T08:56:33Z INFO  dt_instance] d0a71d84-b80f-4558-beac-8887750652e3 "13 9wmzRZwxz3GERQ6stiCQmEeME3w8xysRC3YI9UULvyw5HHvDI6PgRuoBpaGnT"
2020-09-22T08:56:33.673775164Z  [2020-09-22T08:56:33Z INFO  dt_instance] Inserted data for source d0a71d84-b80f-4558-beac-8887750652e3.
2020-09-22T08:56:33.727636978Z  [2020-09-22T08:56:33Z INFO  dt_instance] d0a71d84-b80f-4558-beac-8887750652e3 "14 MuCsUDnkAYzW7HmLx1MSzPQCHLQlS5JMFLyRTApsVEw3qmxleP0puJwe9t56y"
2020-09-22T08:56:33.754331402Z  [2020-09-22T08:56:33Z INFO  dt_instance] Inserted data for source d0a71d84-b80f-4558-beac-8887750652e3.
2020-09-22T08:56:33.805840879Z  [2020-09-22T08:56:33Z INFO  dt_instance] d0a71d84-b80f-4558-beac-8887750652e3 "15 pC3B20bykEBFZRKyyRLyLMtHH0OQQUdWLZkNJ7PbLATRSvMMpR7X8BJ3YztDw"
2020-09-22T08:56:33.828154674Z  [2020-09-22T08:56:33Z INFO  dt_instance] Inserted data for source d0a71d84-b80f-4558-beac-8887750652e3.
2020-09-22T08:56:33.881642770Z  [2020-09-22T08:56:33Z INFO  dt_instance] d0a71d84-b80f-4558-beac-8887750652e3 "16 NCKb24fdAMARjEQ2vANP5d6SCgta0L8LPR569RnQ5Ru7ghTL0qzpKgjZylcsD"
2020-09-22T08:56:33.915440541Z  [2020-09-22T08:56:33Z INFO  dt_instance] Inserted data for source d0a71d84-b80f-4558-beac-8887750652e3.
2020-09-22T08:56:33.968515634Z  [2020-09-22T08:56:33Z INFO  dt_instance] d0a71d84-b80f-4558-beac-8887750652e3 "17 8pAftQL1AcDdymggflUhpMlhtXpASf0padDvK5jQLjIRXaNxYHJe2rKVUZgkX"
2020-09-22T08:56:33.997382501Z  [2020-09-22T08:56:33Z INFO  dt_instance] Inserted data for source d0a71d84-b80f-4558-beac-8887750652e3.
2020-09-22T08:56:34.051147271Z  [2020-09-22T08:56:34Z INFO  dt_instance] d0a71d84-b80f-4558-beac-8887750652e3 "18 7Rw5BEyzT1dDTkOJst78MwdCU8d8BteNOVXPmWNq7QrwNntmbBM5HCa6AiKGQ"
2020-09-22T08:56:34.088055030Z  [2020-09-22T08:56:34Z INFO  dt_instance] Inserted data for source d0a71d84-b80f-4558-beac-8887750652e3.
2020-09-22T08:56:34.143065494Z  [2020-09-22T08:56:34Z INFO  dt_instance] d0a71d84-b80f-4558-beac-8887750652e3 "19 gmTwKsorrc1xhpUdDgQxnWF7q3UXeUJq1RoDlfa58y4IsKXR8XYeRSkexEOp1"
2020-09-22T08:56:34.178113699Z  [2020-09-22T08:56:34Z INFO  dt_instance] Inserted data for source d0a71d84-b80f-4558-beac-8887750652e3.
2020-09-22T08:56:34.230058791Z  [2020-09-22T08:56:34Z INFO  dt_instance] d0a71d84-b80f-4558-beac-8887750652e3 "20 FIsX8z5WL2S6hw0x9irOF2eTwQuPVwu7ewpWGSnkAu70wFW9Eb0MTMXPYgUJw"
2020-09-22T08:56:34.274141357Z  [2020-09-22T08:56:34Z INFO  dt_instance] Inserted data for source d0a71d84-b80f-4558-beac-8887750652e3.
2020-09-22T08:56:34.325353455Z  [2020-09-22T08:56:34Z INFO  dt_instance] d0a71d84-b80f-4558-beac-8887750652e3 "21 tPkRJeecni2JEOsCISLB6MFynWeq5fdGVFP0kofrvyiMn8J1DAE9W2zIooPcG"
2020-09-22T08:56:34.386632782Z  [2020-09-22T08:56:34Z INFO  dt_instance] Inserted data for source d0a71d84-b80f-4558-beac-8887750652e3.
2020-09-22T08:56:34.437204417Z  [2020-09-22T08:56:34Z INFO  dt_instance] d0a71d84-b80f-4558-beac-8887750652e3 "22 SK3eolGlBLH2inzbxrlbmGsKprYJzzErId3F2PqTR6HZkZlF2oJjp4HS8EnMt"
2020-09-22T08:56:34.473277768Z  [2020-09-22T08:56:34Z INFO  dt_instance] Inserted data for source d0a71d84-b80f-4558-beac-8887750652e3.
2020-09-22T08:56:34.525944380Z  [2020-09-22T08:56:34Z INFO  dt_instance] d0a71d84-b80f-4558-beac-8887750652e3 "23 AbDBOdNKNLvOtNVHZjmHwPq3WiXtwdFGBKVJGftJzMZcBVv6xc5Q6MpNwSCj1"
2020-09-22T08:56:34.553191246Z  [2020-09-22T08:56:34Z INFO  dt_instance] Inserted data for source d0a71d84-b80f-4558-beac-8887750652e3.
2020-09-22T08:56:34.605384652Z  [2020-09-22T08:56:34Z INFO  dt_instance] d0a71d84-b80f-4558-beac-8887750652e3 "24 b4LhraOOfHKuJyIZA8t0Wvoq3Gw5KGbyhbjZg9QgnuVgG8TC5r6tzOVDkX5lV"
2020-09-22T08:56:34.647542688Z  [2020-09-22T08:56:34Z INFO  dt_instance] Inserted data for source d0a71d84-b80f-4558-beac-8887750652e3.
2020-09-22T08:56:34.701640637Z  [2020-09-22T08:56:34Z INFO  dt_instance] d0a71d84-b80f-4558-beac-8887750652e3 "25 zu5L3KvOMQ43MYPpXMQpd1xLMpGx1JMHrHmVq8rxM4FDbBzAly5Ev3G0JcYHI"
2020-09-22T08:56:34.731810232Z  [2020-09-22T08:56:34Z INFO  dt_instance] Inserted data for source d0a71d84-b80f-4558-beac-8887750652e3.
2020-09-22T08:56:34.785527313Z  [2020-09-22T08:56:34Z INFO  dt_instance] d0a71d84-b80f-4558-beac-8887750652e3 "26 XvHnui6R8QFqDit8RUpCecNAfqSPiUAH1jMkQ0RhKbywlPDQOeJ4eLvTl8q4E"
2020-09-22T08:56:34.819453573Z  [2020-09-22T08:56:34Z INFO  dt_instance] Inserted data for source d0a71d84-b80f-4558-beac-8887750652e3.
2020-09-22T08:56:34.870914807Z  [2020-09-22T08:56:34Z INFO  dt_instance] d0a71d84-b80f-4558-beac-8887750652e3 "27 HUGTs51RWpbwsH2MAGMI7g7v0sdY7OFrvCxjrZOqifPG0AcsJUgdLIo5J6n5t"
2020-09-22T08:56:34.905588531Z  [2020-09-22T08:56:34Z INFO  dt_instance] Inserted data for source d0a71d84-b80f-4558-beac-8887750652e3.
2020-09-22T08:56:34.957539666Z  [2020-09-22T08:56:34Z INFO  dt_instance] d0a71d84-b80f-4558-beac-8887750652e3 "28 THASmxHzqxJT6Gx0gcBWoGLKtWnezH0JgmHc1zCyq94RGIRqOUhfIhgjKSW0x"
2020-09-22T08:56:35.000376114Z  [2020-09-22T08:56:35Z INFO  dt_instance] Inserted data for source d0a71d84-b80f-4558-beac-8887750652e3.
2020-09-22T08:56:35.052681705Z  [2020-09-22T08:56:35Z INFO  dt_instance] d0a71d84-b80f-4558-beac-8887750652e3 "29 INwSDu6C2L6fhenqkrWZtQBmL7ii9zPZytHsnucwXlbZTR2rLAVaVNIaP4GMm"
2020-09-22T08:56:35.086687629Z  [2020-09-22T08:56:35Z INFO  dt_instance] Inserted data for source d0a71d84-b80f-4558-beac-8887750652e3.
2020-09-22T08:56:35.138969694Z  [2020-09-22T08:56:35Z INFO  dt_instance] d0a71d84-b80f-4558-beac-8887750652e3 "30 Z1rtNZO1sFOSwe2Gm4Mjx4Fd8FWb4umblHHsDExegvAILeglO43ViDrdZSHR7"
2020-09-22T08:56:35.173268823Z  [2020-09-22T08:56:35Z INFO  dt_instance] Inserted data for source d0a71d84-b80f-4558-beac-8887750652e3.
2020-09-22T08:56:35.225554584Z  [2020-09-22T08:56:35Z INFO  dt_instance] d0a71d84-b80f-4558-beac-8887750652e3 "31 DSrZQSu9cqfQGZETbl1rhQgKbP0cl270PBbB5GmbRPGGZm9sV5abzaWymtAXd"
2020-09-22T08:56:35.265586830Z  [2020-09-22T08:56:35Z INFO  dt_instance] Inserted data for source d0a71d84-b80f-4558-beac-8887750652e3.
2020-09-22T08:56:35.318259596Z  [2020-09-22T08:56:35Z INFO  dt_instance] d0a71d84-b80f-4558-beac-8887750652e3 "32 8uL27Xwl7dpET8blWCMxrhHCShHKkhTCAZkxNk1ZZONSbzfYsmO3F7kWzZaqq"
2020-09-22T08:56:35.357222745Z  [2020-09-22T08:56:35Z INFO  dt_instance] Inserted data for source d0a71d84-b80f-4558-beac-8887750652e3.
2020-09-22T08:56:35.411200168Z  [2020-09-22T08:56:35Z INFO  dt_instance] d0a71d84-b80f-4558-beac-8887750652e3 "33 CDBbykjuXD6z989GN0ssLTimun59xxiIMaxiH93WgFbYa095o4FDy8SUJV4zz"
2020-09-22T08:56:35.443688642Z  [2020-09-22T08:56:35Z INFO  dt_instance] Inserted data for source d0a71d84-b80f-4558-beac-8887750652e3.
2020-09-22T08:56:35.496605180Z  [2020-09-22T08:56:35Z INFO  dt_instance] d0a71d84-b80f-4558-beac-8887750652e3 "34 gnYG9fIoGgnlliFbSczWytv1L4iDHzhMiwFoskPjeYDDLeCXTbJAgeKOFjldE"
2020-09-22T08:56:35.539163452Z  [2020-09-22T08:56:35Z INFO  dt_instance] Inserted data for source d0a71d84-b80f-4558-beac-8887750652e3.
2020-09-22T08:56:35.591181309Z  [2020-09-22T08:56:35Z INFO  dt_instance] d0a71d84-b80f-4558-beac-8887750652e3 "35 sMRQmvhAR1VVt8zSDrXlVPsXqpbMvB19TXnuaNAaRZQ9BjWYsrsBn1aJdN8Tn"
2020-09-22T08:56:35.616420803Z  [2020-09-22T08:56:35Z INFO  dt_instance] Inserted data for source d0a71d84-b80f-4558-beac-8887750652e3.
2020-09-22T08:56:35.667769690Z  [2020-09-22T08:56:35Z INFO  dt_instance] d0a71d84-b80f-4558-beac-8887750652e3 "36 77o94ZUSP1nOaz9ZeMOlFefJ7EV2tw85jtY9sGSjE2LLCHz5bf0eiHegWaGYe"
2020-09-22T08:56:35.697821297Z  [2020-09-22T08:56:35Z INFO  dt_instance] Inserted data for source d0a71d84-b80f-4558-beac-8887750652e3.
2020-09-22T08:56:35.749818831Z  [2020-09-22T08:56:35Z INFO  dt_instance] d0a71d84-b80f-4558-beac-8887750652e3 "37 gxOO8ThIwAY85TJStIYG4BGCHOaF5LRXNmrawwJQt7rYbhIafbHtXUnpV6Fab"
2020-09-22T08:56:35.787749121Z  [2020-09-22T08:56:35Z INFO  dt_instance] Inserted data for source d0a71d84-b80f-4558-beac-8887750652e3.
2020-09-22T08:56:35.841146389Z  [2020-09-22T08:56:35Z INFO  dt_instance] d0a71d84-b80f-4558-beac-8887750652e3 "38 KYs3efJQ0lrGvHywYrHn9JH5vcZeYirbCQmOFSUEMFYHvg0kRF6cPO1MeyqhC"
2020-09-22T08:56:35.873665937Z  [2020-09-22T08:56:35Z INFO  dt_instance] Inserted data for source d0a71d84-b80f-4558-beac-8887750652e3.
2020-09-22T08:56:35.926109742Z  [2020-09-22T08:56:35Z INFO  dt_instance] d0a71d84-b80f-4558-beac-8887750652e3 "39 YzzyskF23M6awcoL8LJIIrCt94ZDMsh8teGUVXzuzLckO6E4faq28HGoVnvfj"
2020-09-22T08:56:35.954858659Z  [2020-09-22T08:56:35Z INFO  dt_instance] Inserted data for source d0a71d84-b80f-4558-beac-8887750652e3.
2020-09-22T08:56:36.007557953Z  [2020-09-22T08:56:36Z INFO  dt_instance] d0a71d84-b80f-4558-beac-8887750652e3 "40 CYL08RbPm2EudK6nPX2G89nMulrTC6ikdVoqm8OR3aUDzyeGG0uwZQlz9rLvv"
2020-09-22T08:56:36.042658477Z  [2020-09-22T08:56:36Z INFO  dt_instance] Inserted data for source d0a71d84-b80f-4558-beac-8887750652e3.
2020-09-22T08:56:36.094834927Z  [2020-09-22T08:56:36Z INFO  dt_instance] d0a71d84-b80f-4558-beac-8887750652e3 "41 D4MzeS8nkMuSeU9zGu6DpGIfwCsrnFWuaNhhUaiNij6hAeMJogBLqx2aQAvcV"
2020-09-22T08:56:36.129967678Z  [2020-09-22T08:56:36Z INFO  dt_instance] Inserted data for source d0a71d84-b80f-4558-beac-8887750652e3.
2020-09-22T08:56:36.181946546Z  [2020-09-22T08:56:36Z INFO  dt_instance] d0a71d84-b80f-4558-beac-8887750652e3 "42 oBZxSXYARwaBgZXQIZyecovcT5LKxYyg24FpY0pGd6pToxFV96XlWzpbpb6FC"
2020-09-22T08:56:36.213635968Z  [2020-09-22T08:56:36Z INFO  dt_instance] Inserted data for source d0a71d84-b80f-4558-beac-8887750652e3.
2020-09-22T08:56:36.266844677Z  [2020-09-22T08:56:36Z INFO  dt_instance] d0a71d84-b80f-4558-beac-8887750652e3 "43 n5lvu0ZkzwGv09RUtbubrIq0VeVgXDsvNkMNZUQA9WzYdpmnToU29SvrDHubs"
2020-09-22T08:56:36.298867613Z  [2020-09-22T08:56:36Z INFO  dt_instance] Inserted data for source d0a71d84-b80f-4558-beac-8887750652e3.
2020-09-22T08:56:36.351461045Z  [2020-09-22T08:56:36Z INFO  dt_instance] d0a71d84-b80f-4558-beac-8887750652e3 "44 zhvyaNRDJwmuLeGgbOXLYuTcCGgfps8cCAtHMWa5Y28GCDl6AkhQ5BjDi1YWZ"
2020-09-22T08:56:36.369865931Z  [2020-09-22T08:56:36Z INFO  dt_instance] Inserted data for source d0a71d84-b80f-4558-beac-8887750652e3.
2020-09-22T08:56:36.421652186Z  [2020-09-22T08:56:36Z INFO  dt_instance] d0a71d84-b80f-4558-beac-8887750652e3 "45 6RgdowEiHMJZioG0ywxf9qsbBs7p3ee9TqZJYxcDdbeirTafxXPvF6hLi2v0p"
2020-09-22T08:56:36.445959756Z  [2020-09-22T08:56:36Z INFO  dt_instance] Inserted data for source d0a71d84-b80f-4558-beac-8887750652e3.
2020-09-22T08:56:36.498165854Z  [2020-09-22T08:56:36Z INFO  dt_instance] d0a71d84-b80f-4558-beac-8887750652e3 "46 b2OXZNfgUvUNp3mU0DsLL7bhP0SO8O1HCn2PrlJUz0l9VazeHlEaGCI7uMbxT"
2020-09-22T08:56:36.522182644Z  [2020-09-22T08:56:36Z INFO  dt_instance] Inserted data for source d0a71d84-b80f-4558-beac-8887750652e3.
2020-09-22T08:56:36.574488338Z  [2020-09-22T08:56:36Z INFO  dt_instance] d0a71d84-b80f-4558-beac-8887750652e3 "47 7CahD258rIiR8SNOqTIuMB5azL56DcuYCQpcDxYIgpKdcyxWDjmundqsh6uzY"
2020-09-22T08:56:36.606911546Z  [2020-09-22T08:56:36Z INFO  dt_instance] Inserted data for source d0a71d84-b80f-4558-beac-8887750652e3.
2020-09-22T08:56:36.659366589Z  [2020-09-22T08:56:36Z INFO  dt_instance] d0a71d84-b80f-4558-beac-8887750652e3 "48 VU8TQzlyoP4juW0O0IJEVnd3iPJGmvg03eZDKkD2YN7AImkHxeFG3bOeee7RF"
2020-09-22T08:56:36.686360725Z  [2020-09-22T08:56:36Z INFO  dt_instance] Inserted data for source d0a71d84-b80f-4558-beac-8887750652e3.
2020-09-22T08:56:36.738288627Z  [2020-09-22T08:56:36Z INFO  dt_instance] d0a71d84-b80f-4558-beac-8887750652e3 "49 GEGROZl7gKDx1tU6NV9NNJShJVh9BAnREwC5x6VAkFmEUZJMouVu39LfHvYHw"
2020-09-22T08:56:36.770183449Z  [2020-09-22T08:56:36Z INFO  dt_instance] Inserted data for source d0a71d84-b80f-4558-beac-8887750652e3.
2020-09-22T08:56:36.822385650Z  [2020-09-22T08:56:36Z INFO  dt_instance] d0a71d84-b80f-4558-beac-8887750652e3 "50 197JgbRyzDztE2VhxDx1zhwE9y8Nkwecugp10Z0wPNxSYGur4HVcZCdu83MN0"
2020-09-22T08:56:36.854618126Z  [2020-09-22T08:56:36Z INFO  dt_instance] Inserted data for source d0a71d84-b80f-4558-beac-8887750652e3.
2020-09-22T08:56:36.906958704Z  [2020-09-22T08:56:36Z INFO  dt_instance] d0a71d84-b80f-4558-beac-8887750652e3 "51 Vhbq5fd7NacNAA3RUqJkM5IM063Ceqt2IZyQqtV35GDqNxfJWjxJjLx3L3Zqs"
2020-09-22T08:56:36.933655933Z  [2020-09-22T08:56:36Z INFO  dt_instance] Inserted data for source d0a71d84-b80f-4558-beac-8887750652e3.
2020-09-22T08:56:36.986103221Z  [2020-09-22T08:56:36Z INFO  dt_instance] d0a71d84-b80f-4558-beac-8887750652e3 "52 yGTUuxXruQ8MB74gvdLrItDyV8HPNjbvDC9XAAydqL67sxhuyKKxnF9b9uzxI"
2020-09-22T08:56:37.016539791Z  [2020-09-22T08:56:37Z INFO  dt_instance] Inserted data for source d0a71d84-b80f-4558-beac-8887750652e3.
2020-09-22T08:56:37.068645562Z  [2020-09-22T08:56:37Z INFO  dt_instance] d0a71d84-b80f-4558-beac-8887750652e3 "53 enCQAhHF7PXNSu9sSmNzSH9jIkIBIKdfHeTU0EcoQM6phZm23FosPd7ynVeWX"
2020-09-22T08:56:37.099613086Z  [2020-09-22T08:56:37Z INFO  dt_instance] Inserted data for source d0a71d84-b80f-4558-beac-8887750652e3.
2020-09-22T08:56:37.151954026Z  [2020-09-22T08:56:37Z INFO  dt_instance] d0a71d84-b80f-4558-beac-8887750652e3 "54 veDuCqS3L8XTx2FxRuyOabeHixdZKmddG8OlUI1FxfYq7W3EZij7FuNDKzesy"
2020-09-22T08:56:37.179234684Z  [2020-09-22T08:56:37Z INFO  dt_instance] Inserted data for source d0a71d84-b80f-4558-beac-8887750652e3.
2020-09-22T08:56:37.231437625Z  [2020-09-22T08:56:37Z INFO  dt_instance] d0a71d84-b80f-4558-beac-8887750652e3 "55 bOldhkwOJEFXIj9sAguurjDrTdIXmmNcuUrS4iI1p2pQ377zvT4KX2IWiRRxG"
2020-09-22T08:56:37.262578044Z  [2020-09-22T08:56:37Z INFO  dt_instance] Inserted data for source d0a71d84-b80f-4558-beac-8887750652e3.
2020-09-22T08:56:37.314854911Z  [2020-09-22T08:56:37Z INFO  dt_instance] d0a71d84-b80f-4558-beac-8887750652e3 "56 PizghXcqrGDi9tsXISdZHLtCOn7I7lwN89wmd0yIdLmbXrhCiACRy8HVPfmRE"
2020-09-22T08:56:37.342369602Z  [2020-09-22T08:56:37Z INFO  dt_instance] Inserted data for source d0a71d84-b80f-4558-beac-8887750652e3.
2020-09-22T08:56:37.393352719Z  [2020-09-22T08:56:37Z INFO  dt_instance] d0a71d84-b80f-4558-beac-8887750652e3 "57 1H624EkaafpcXYRbZJsLrgfuZHORC23Fo0gUSu3wv1SjpC8GR4WneFvuxSDbW"
2020-09-22T08:56:37.417659496Z  [2020-09-22T08:56:37Z INFO  dt_instance] Inserted data for source d0a71d84-b80f-4558-beac-8887750652e3.
2020-09-22T08:56:37.469747177Z  [2020-09-22T08:56:37Z INFO  dt_instance] d0a71d84-b80f-4558-beac-8887750652e3 "58 85pIzXycIEVWcz98XYlgeLk5tGX1Esnvl7BX0kvJaHhR4GgQPOqMNCNYthUss"
2020-09-22T08:56:37.493165964Z  [2020-09-22T08:56:37Z INFO  dt_instance] Inserted data for source d0a71d84-b80f-4558-beac-8887750652e3.
2020-09-22T08:56:37.545557812Z  [2020-09-22T08:56:37Z INFO  dt_instance] d0a71d84-b80f-4558-beac-8887750652e3 "59 GDOOLaW9b1bgsLMXhQ8tv061iITS5Gk2WJ8fhWfNRgRg5LEWxtwrLW9EmSduo"
2020-09-22T08:56:37.581248998Z  [2020-09-22T08:56:37Z INFO  dt_instance] Inserted data for source d0a71d84-b80f-4558-beac-8887750652e3.
2020-09-22T08:56:37.633380391Z  [2020-09-22T08:56:37Z INFO  dt_instance] d0a71d84-b80f-4558-beac-8887750652e3 "60 iARcLgiVqPT9dnGohkwBS1DVGYLyTzaD5YdHjeCIcwNcRDwspBYXMpyw0S7iZ"
2020-09-22T08:56:37.662072466Z  [2020-09-22T08:56:37Z INFO  dt_instance] Inserted data for source d0a71d84-b80f-4558-beac-8887750652e3.
2020-09-22T08:56:37.714514117Z  [2020-09-22T08:56:37Z INFO  dt_instance] d0a71d84-b80f-4558-beac-8887750652e3 "61 QUMkvH41vBXUUJHBdv9bCl8apDdj6ezwmqx0r7sFmc7n1D15KqUzNtSdA1QEp"
2020-09-22T08:56:37.743710412Z  [2020-09-22T08:56:37Z INFO  dt_instance] Inserted data for source d0a71d84-b80f-4558-beac-8887750652e3.
2020-09-22T08:56:37.795974813Z  [2020-09-22T08:56:37Z INFO  dt_instance] d0a71d84-b80f-4558-beac-8887750652e3 "62 CScAWcNS4UDtZOlscekWqh2KVxU2junfC882S9hUKEQc9JBsJUVbjcL1Eo6OL"
2020-09-22T08:56:37.825387592Z  [2020-09-22T08:56:37Z INFO  dt_instance] Inserted data for source d0a71d84-b80f-4558-beac-8887750652e3.
2020-09-22T08:56:37.877459989Z  [2020-09-22T08:56:37Z INFO  dt_instance] d0a71d84-b80f-4558-beac-8887750652e3 "63 gTbHJ22IUWAr9fu9niA4JwgUvMv5U9Z0b1dCwfVME8fcEGGT2SswaNVNCUKV4"
2020-09-22T08:56:37.907577714Z  [2020-09-22T08:56:37Z INFO  dt_instance] Inserted data for source d0a71d84-b80f-4558-beac-8887750652e3.
2020-09-22T08:56:37.959255018Z  [2020-09-22T08:56:37Z INFO  dt_instance] d0a71d84-b80f-4558-beac-8887750652e3 "64 4e232q6uASHOIZlid4emxAEJaLUH0xau5WBSegt4VCDLgYSKivt66EaoAwSz8"
2020-09-22T08:56:37.984532101Z  [2020-09-22T08:56:37Z INFO  dt_instance] Inserted data for source d0a71d84-b80f-4558-beac-8887750652e3.
2020-09-22T08:56:38.037158228Z  [2020-09-22T08:56:38Z INFO  dt_instance] d0a71d84-b80f-4558-beac-8887750652e3 "65 oWDBUrlO0jC7QCMrs8qvgQcqNtV7atZbi8ad3dAjlgCdeg2HjlmJ1SBtBZxdb"
2020-09-22T08:56:38.072420394Z  [2020-09-22T08:56:38Z INFO  dt_instance] Inserted data for source d0a71d84-b80f-4558-beac-8887750652e3.
2020-09-22T08:56:38.125135175Z  [2020-09-22T08:56:38Z INFO  dt_instance] d0a71d84-b80f-4558-beac-8887750652e3 "66 dcLizw8Z3vNBlxUtNlwbdCRu7cA9ECcnWUAIUNLRFUY4TaqxRaXrgQ78oys4j"
2020-09-22T08:56:38.153446823Z  [2020-09-22T08:56:38Z INFO  dt_instance] Inserted data for source d0a71d84-b80f-4558-beac-8887750652e3.
2020-09-22T08:56:38.206145051Z  [2020-09-22T08:56:38Z INFO  dt_instance] d0a71d84-b80f-4558-beac-8887750652e3 "67 QlgPowMroaSqPEK5pHlIp9ViRxCfDOlnuaoQBZfPdHOm2EFLFZnmnmYFNnInj"
2020-09-22T08:56:38.233304257Z  [2020-09-22T08:56:38Z INFO  dt_instance] Inserted data for source d0a71d84-b80f-4558-beac-8887750652e3.
2020-09-22T08:56:38.285559468Z  [2020-09-22T08:56:38Z INFO  dt_instance] d0a71d84-b80f-4558-beac-8887750652e3 "68 iwCbhekkRORhPo89sEOnLJ7VPhk2x3xarrGrlEOZJG7DLQKPpjZ9b3D7VchSJ"
2020-09-22T08:56:38.311027316Z  [2020-09-22T08:56:38Z INFO  dt_instance] Inserted data for source d0a71d84-b80f-4558-beac-8887750652e3.
2020-09-22T08:56:38.363401571Z  [2020-09-22T08:56:38Z INFO  dt_instance] d0a71d84-b80f-4558-beac-8887750652e3 "69 oD7Dx2d8HMPtq6ek4dTvShSU746Xuy8w9tJo7VUdJjdGPQISFYfKe4rKVlUB1"
2020-09-22T08:56:38.381116247Z  [2020-09-22T08:56:38Z INFO  dt_instance] Inserted data for source d0a71d84-b80f-4558-beac-8887750652e3.
2020-09-22T08:56:38.433382073Z  [2020-09-22T08:56:38Z INFO  dt_instance] d0a71d84-b80f-4558-beac-8887750652e3 "70 wcKBASZCye6gbl2Af1Squ45QJA7fQbkqn3bIXmOsMcn7uPFoZerti9x1KAloQ"
2020-09-22T08:56:38.451018341Z  [2020-09-22T08:56:38Z INFO  dt_instance] Inserted data for source d0a71d84-b80f-4558-beac-8887750652e3.
2020-09-22T08:56:38.502974851Z  [2020-09-22T08:56:38Z INFO  dt_instance] d0a71d84-b80f-4558-beac-8887750652e3 "71 EJ5BszyHKmLODMxbO0aAROtBGvm8XqEqLgiWg8S5a2Wa5sMmIEmCocomttgof"
2020-09-22T08:56:38.516586463Z  [2020-09-22T08:56:38Z INFO  dt_instance] Inserted data for source d0a71d84-b80f-4558-beac-8887750652e3.
2020-09-22T08:56:38.569032601Z  [2020-09-22T08:56:38Z INFO  dt_instance] d0a71d84-b80f-4558-beac-8887750652e3 "72 eNRMcL6poHgStxKi54p8vL1CqB8CnhgI50mpkHZqpANk5C0umo2Jjrl0sKfBo"
2020-09-22T08:56:38.591951212Z  [2020-09-22T08:56:38Z INFO  dt_instance] Inserted data for source d0a71d84-b80f-4558-beac-8887750652e3.
2020-09-22T08:56:38.643956818Z  [2020-09-22T08:56:38Z INFO  dt_instance] d0a71d84-b80f-4558-beac-8887750652e3 "73 yq8NSlGeTRUD2AIMQJ43tcmYtw9p8ciYuxxLLAhLUBnnAuQaOuuc6rqw8MTLu"
2020-09-22T08:56:38.677599639Z  [2020-09-22T08:56:38Z INFO  dt_instance] Inserted data for source d0a71d84-b80f-4558-beac-8887750652e3.
2020-09-22T08:56:38.729726611Z  [2020-09-22T08:56:38Z INFO  dt_instance] d0a71d84-b80f-4558-beac-8887750652e3 "74 4SY31GCrJJWVQcEhOttEIboQuphZxmuiQSLYrZAuwzop0O0KtzpVofJjIgPUQ"
2020-09-22T08:56:38.762031303Z  [2020-09-22T08:56:38Z INFO  dt_instance] Inserted data for source d0a71d84-b80f-4558-beac-8887750652e3.
2020-09-22T08:56:38.814382099Z  [2020-09-22T08:56:38Z INFO  dt_instance] d0a71d84-b80f-4558-beac-8887750652e3 "75 Dx3UdeSNFe3wHiIpViDif8t3TOFs1uL8KnpgkggqDcp5dwPSoDmwMD7kHfBzg"
2020-09-22T08:56:38.838892187Z  [2020-09-22T08:56:38Z INFO  dt_instance] Inserted data for source d0a71d84-b80f-4558-beac-8887750652e3.
2020-09-22T08:56:38.891531293Z  [2020-09-22T08:56:38Z INFO  dt_instance] d0a71d84-b80f-4558-beac-8887750652e3 "76 fD0PRQEB6P4y81oZl7Z46rjESCE5AFbZL3Xnfam5Xs5fb6tckuDSayMXWFvX9"
2020-09-22T08:56:38.923486625Z  [2020-09-22T08:56:38Z INFO  dt_instance] Inserted data for source d0a71d84-b80f-4558-beac-8887750652e3.
2020-09-22T08:56:38.974742838Z  [2020-09-22T08:56:38Z INFO  dt_instance] d0a71d84-b80f-4558-beac-8887750652e3 "77 O6B3KosJZzuBlmoI6sE0Nk0f6NnJI55j4htaxgEP6dDClUa8oPHTKbOHeNyxT"
2020-09-22T08:56:39.007926075Z  [2020-09-22T08:56:39Z INFO  dt_instance] Inserted data for source d0a71d84-b80f-4558-beac-8887750652e3.
2020-09-22T08:56:39.112253838Z  [2020-09-22T08:56:39Z INFO  dt_instance] d0a71d84-b80f-4558-beac-8887750652e3 "78 BZwjTzmyZiX5Xl817J4vKEomHF4aeP593OyIlWiYhmuMW9t5wmcqRzVDRL9n1"
2020-09-22T08:56:39.125118877Z  [2020-09-22T08:56:39Z INFO  dt_instance] Inserted data for source d0a71d84-b80f-4558-beac-8887750652e3.
2020-09-22T08:56:39.177212983Z  [2020-09-22T08:56:39Z INFO  dt_instance] d0a71d84-b80f-4558-beac-8887750652e3 "79 Xk8snCLeXT039DBKA0bDf8y37euqfnMWzN71eV8IWKSaeiQjvIv2Xy6naTfds"
2020-09-22T08:56:39.189787003Z  [2020-09-22T08:56:39Z INFO  dt_instance] Inserted data for source d0a71d84-b80f-4558-beac-8887750652e3.
2020-09-22T08:56:39.241670461Z  [2020-09-22T08:56:39Z INFO  dt_instance] d0a71d84-b80f-4558-beac-8887750652e3 "80 OyCFNepy6fq0dawcnE3ppv1GQ7ooLrAV7CnVEy5b2stGImw7BrWghluq2LYs7"
2020-09-22T08:56:39.250892604Z  [2020-09-22T08:56:39Z INFO  dt_instance] Inserted data for source d0a71d84-b80f-4558-beac-8887750652e3.
2020-09-22T08:56:39.302849807Z  [2020-09-22T08:56:39Z INFO  dt_instance] d0a71d84-b80f-4558-beac-8887750652e3 "81 wp3nKO4UXAehlLn4wad9nt3Y7OIW0waEtc2BupWLrzGRD9YImkkGIlaqjtfqs"
2020-09-22T08:56:39.319632152Z  [2020-09-22T08:56:39Z INFO  dt_instance] Inserted data for source d0a71d84-b80f-4558-beac-8887750652e3.
2020-09-22T08:56:39.371572066Z  [2020-09-22T08:56:39Z INFO  dt_instance] d0a71d84-b80f-4558-beac-8887750652e3 "82 aoxUWPCxCAjxcOoLegkC2yRFF3OTKC4Svv4unIHSZjsLhuUP1unADth5VLKOL"
2020-09-22T08:56:39.405352870Z  [2020-09-22T08:56:39Z INFO  dt_instance] Inserted data for source d0a71d84-b80f-4558-beac-8887750652e3.
2020-09-22T08:56:39.457251348Z  [2020-09-22T08:56:39Z INFO  dt_instance] d0a71d84-b80f-4558-beac-8887750652e3 "83 0W6f2KXMjSi6c6zmIOKWRgQhYzJNVCUBpHqGnT8kULYo2tsgYqXi8M4QCA4KA"
2020-09-22T08:56:39.483950019Z  [2020-09-22T08:56:39Z INFO  dt_instance] Inserted data for source d0a71d84-b80f-4558-beac-8887750652e3.
2020-09-22T08:56:39.536131897Z  [2020-09-22T08:56:39Z INFO  dt_instance] d0a71d84-b80f-4558-beac-8887750652e3 "84 rAztL01Gzk0DmdsUBl3RYBU82gCjbIYk9jfkIn3cgX3PpyqUUQzR0XVGaO7TB"
2020-09-22T08:56:39.560690624Z  [2020-09-22T08:56:39Z INFO  dt_instance] Inserted data for source d0a71d84-b80f-4558-beac-8887750652e3.
2020-09-22T08:56:39.613206045Z  [2020-09-22T08:56:39Z INFO  dt_instance] d0a71d84-b80f-4558-beac-8887750652e3 "85 fOypygNZgWAcpOUI2vuTqLXJTGIV3eC20APhIYnaworlkHrIxfLGaqeyHu9Ka"
2020-09-22T08:56:39.645349001Z  [2020-09-22T08:56:39Z INFO  dt_instance] Inserted data for source d0a71d84-b80f-4558-beac-8887750652e3.
2020-09-22T08:56:39.696875905Z  [2020-09-22T08:56:39Z INFO  dt_instance] d0a71d84-b80f-4558-beac-8887750652e3 "86 4j4W228PTiyLdLuoqhf12oiGAcNDIFSHxdoXp0wB0q20WaTk8tsi9rd8NVCIB"
2020-09-22T08:56:39.729321791Z  [2020-09-22T08:56:39Z INFO  dt_instance] Inserted data for source d0a71d84-b80f-4558-beac-8887750652e3.
2020-09-22T08:56:39.782282850Z  [2020-09-22T08:56:39Z INFO  dt_instance] d0a71d84-b80f-4558-beac-8887750652e3 "87 u93JKTmCdxSvKwMJcynkUDSKbKHdqCRpoGu3ug5PiFSDC5QDexSjmymZRfpMQ"
2020-09-22T08:56:39.807931956Z  [2020-09-22T08:56:39Z INFO  dt_instance] Inserted data for source d0a71d84-b80f-4558-beac-8887750652e3.
2020-09-22T08:56:39.860704951Z  [2020-09-22T08:56:39Z INFO  dt_instance] d0a71d84-b80f-4558-beac-8887750652e3 "88 2yGJcIA9oYf7JCVTiYmnWcAScBMdakhpTz8KkUeCHehexGBinYTaBJ6arXhih"
2020-09-22T08:56:39.890240225Z  [2020-09-22T08:56:39Z INFO  dt_instance] Inserted data for source d0a71d84-b80f-4558-beac-8887750652e3.
2020-09-22T08:56:39.942214948Z  [2020-09-22T08:56:39Z INFO  dt_instance] d0a71d84-b80f-4558-beac-8887750652e3 "89 ZxfAhC7brmRVNpJn7EnhLurxS9XaUMVhGbncMiRloMzqgrtmt4nN9CO2wUFA1"
2020-09-22T08:56:39.976116377Z  [2020-09-22T08:56:39Z INFO  dt_instance] Inserted data for source d0a71d84-b80f-4558-beac-8887750652e3.
2020-09-22T08:56:40.028365070Z  [2020-09-22T08:56:40Z INFO  dt_instance] d0a71d84-b80f-4558-beac-8887750652e3 "90 HcLEhdWFeJpwL9wyXYOdny1vXR1LXYHK1VZudwQGvM2m9nJGsnWg3axNpquYP"
2020-09-22T08:56:40.058782709Z  [2020-09-22T08:56:40Z INFO  dt_instance] Inserted data for source d0a71d84-b80f-4558-beac-8887750652e3.
2020-09-22T08:56:40.111393017Z  [2020-09-22T08:56:40Z INFO  dt_instance] d0a71d84-b80f-4558-beac-8887750652e3 "91 chKmomUa67xas4H0mo7fwC9hZvPtHMd8JONljvlY6XngsBCgBzipVREDH9WRW"
2020-09-22T08:56:40.137213586Z  [2020-09-22T08:56:40Z INFO  dt_instance] Inserted data for source d0a71d84-b80f-4558-beac-8887750652e3.
2020-09-22T08:56:40.189299138Z  [2020-09-22T08:56:40Z INFO  dt_instance] d0a71d84-b80f-4558-beac-8887750652e3 "92 o1TLhSluJ3HykKTQ5LpJ4QX2Uyc5Y5Rdrt5eZCAXkHnCq2572hocK2tKLTbiz"
2020-09-22T08:56:40.224664104Z  [2020-09-22T08:56:40Z INFO  dt_instance] Inserted data for source d0a71d84-b80f-4558-beac-8887750652e3.
2020-09-22T08:56:40.277356423Z  [2020-09-22T08:56:40Z INFO  dt_instance] d0a71d84-b80f-4558-beac-8887750652e3 "93 Bn5iFHUbDOEHgbekMzlagYoRpIwfbO8sA2QY7be2U5PD0wZKA8RK3VTDol811"
2020-09-22T08:56:40.304269099Z  [2020-09-22T08:56:40Z INFO  dt_instance] Inserted data for source d0a71d84-b80f-4558-beac-8887750652e3.
2020-09-22T08:56:40.356424049Z  [2020-09-22T08:56:40Z INFO  dt_instance] d0a71d84-b80f-4558-beac-8887750652e3 "94 JrRp7N258qXgBtoFakvzsqr8NsjJUgSbOiA9oXGlDsrV7KRrnlsU4inXLDyH9"
2020-09-22T08:56:40.382924673Z  [2020-09-22T08:56:40Z INFO  dt_instance] Inserted data for source d0a71d84-b80f-4558-beac-8887750652e3.
2020-09-22T08:56:40.434986300Z  [2020-09-22T08:56:40Z INFO  dt_instance] d0a71d84-b80f-4558-beac-8887750652e3 "95 3XNrHfLbcXC6rra6dCKwYOH7HTLrW9arYcelWeQx9w3PWUVbwMznfcCF38xdm"
2020-09-22T08:56:40.459086467Z  [2020-09-22T08:56:40Z INFO  dt_instance] Inserted data for source d0a71d84-b80f-4558-beac-8887750652e3.
2020-09-22T08:56:40.511066964Z  [2020-09-22T08:56:40Z INFO  dt_instance] d0a71d84-b80f-4558-beac-8887750652e3 "96 nzm9Je8lcwo2RGJ4ZnFJzsOREAPsyhLLROJlAGisfYhcLkO2bJyulsmDI0TiB"
2020-09-22T08:56:40.529016927Z  [2020-09-22T08:56:40Z INFO  dt_instance] Inserted data for source d0a71d84-b80f-4558-beac-8887750652e3.
2020-09-22T08:56:40.580720931Z  [2020-09-22T08:56:40Z INFO  dt_instance] d0a71d84-b80f-4558-beac-8887750652e3 "97 lje6UEL37SXUGlS1Szhl7K2NLNRkqZzMDL0Hw0e3ugRxb29gqfzqD52n3py0I"
2020-09-22T08:56:40.597691307Z  [2020-09-22T08:56:40Z INFO  dt_instance] Inserted data for source d0a71d84-b80f-4558-beac-8887750652e3.
2020-09-22T08:56:40.649627965Z  [2020-09-22T08:56:40Z INFO  dt_instance] d0a71d84-b80f-4558-beac-8887750652e3 "98 uVdXLGWY82wNLjhxoaVAJQPaC6ofbZjuLNdK642aiwTkGKAthUmzdtnmta6Fx"
2020-09-22T08:56:40.679501428Z  [2020-09-22T08:56:40Z INFO  dt_instance] Inserted data for source d0a71d84-b80f-4558-beac-8887750652e3.
2020-09-22T08:56:40.730396119Z  [2020-09-22T08:56:40Z INFO  dt_instance] d0a71d84-b80f-4558-beac-8887750652e3 "99 XK1mqmpS1wHtnpjoSD24uJ5emjBVvwgbz6hmjNmkMWZSBh1TRaACbmu8BT7ck"
2020-09-22T08:56:40.763531492Z  [2020-09-22T08:56:40Z INFO  dt_instance] Inserted data for source d0a71d84-b80f-4558-beac-8887750652e3.
2020-09-22T08:56:40.815556159Z  [2020-09-22T08:56:40Z INFO  dt_instance] d0a71d84-b80f-4558-beac-8887750652e3 "100 sSt0EyL0tv9k9yCwTXSJbSGUOHh3o8Nr4MqFG5sqbLgEn31RrmJpLghvbWKn"
2020-09-22T08:56:40.849102459Z  [2020-09-22T08:56:40Z INFO  dt_instance] Inserted data for source d0a71d84-b80f-4558-beac-8887750652e3.
2020-09-22T08:56:40.901525458Z  [2020-09-22T08:56:40Z INFO  dt_instance] d0a71d84-b80f-4558-beac-8887750652e3 "101 3dyKTlH34dMPdMpO8sZK2SDMmpzyP8UdrbeghdyXcMzEavqmOv9L0q2y5pJP"
2020-09-22T08:56:40.929101228Z  [2020-09-22T08:56:40Z INFO  dt_instance] Inserted data for source d0a71d84-b80f-4558-beac-8887750652e3.
2020-09-22T08:56:40.982036488Z  [2020-09-22T08:56:40Z INFO  dt_instance] d0a71d84-b80f-4558-beac-8887750652e3 "102 PtRYN7dqZaNNZt3IOJpix83Y4NN8xM8bqGxu80OWO9bZVHT5N2Fr9DitjgaZ"
2020-09-22T08:56:41.010521620Z  [2020-09-22T08:56:41Z INFO  dt_instance] Inserted data for source d0a71d84-b80f-4558-beac-8887750652e3.
2020-09-22T08:56:41.061740644Z  [2020-09-22T08:56:41Z INFO  dt_instance] d0a71d84-b80f-4558-beac-8887750652e3 "103 8p0G7U1yISSR8jc2Y16JxOjxZvrZIH0j1dLZgG2BBoiYmwWubTZkMmpKOeRk"
2020-09-22T08:56:41.098801676Z  [2020-09-22T08:56:41Z INFO  dt_instance] Inserted data for source d0a71d84-b80f-4558-beac-8887750652e3.
2020-09-22T08:56:41.151183649Z  [2020-09-22T08:56:41Z INFO  dt_instance] d0a71d84-b80f-4558-beac-8887750652e3 "104 pwabqCjTJQ2dqOn8wnqIlsZSKm2s7vBDx1Jo8LcO0jk1cOxHdYHiOPkaU0py"
2020-09-22T08:56:41.175457215Z  [2020-09-22T08:56:41Z INFO  dt_instance] Inserted data for source d0a71d84-b80f-4558-beac-8887750652e3.
2020-09-22T08:56:41.229040224Z  [2020-09-22T08:56:41Z INFO  dt_instance] d0a71d84-b80f-4558-beac-8887750652e3 "105 NRwk2heiWo9RdCINTSSzBL03wJEbjuYOsSu5XsVvoKeCG6YwOUU57C8zQgjh"
2020-09-22T08:56:41.256346425Z  [2020-09-22T08:56:41Z INFO  dt_instance] Inserted data for source d0a71d84-b80f-4558-beac-8887750652e3.
2020-09-22T08:56:41.308604692Z  [2020-09-22T08:56:41Z ERROR dt_instance] Unhandled incoming.
2020-09-22T08:56:41.360207130Z  [2020-09-22T08:56:41Z INFO  dt_instance] d0a71d84-b80f-4558-beac-8887750652e3 "106 VtWejHOpoI4QYZakW3t6cgbKDKY1lOow3GY5Z0sPM5IANz6iSz87IpvqiqBE"
2020-09-22T08:56:41.373185946Z  [2020-09-22T08:56:41Z INFO  dt_instance] Inserted data for source d0a71d84-b80f-4558-beac-8887750652e3.
2020-09-22T08:56:41.425809883Z  [2020-09-22T08:56:41Z INFO  dt_instance] d0a71d84-b80f-4558-beac-8887750652e3 "107 xxsiVXyTRvQC2WZoCSmHqWdZ43l4LfuKFT7bB12XZP4QBjo8zdZ8OD1UEcYt"
2020-09-22T08:56:41.439196093Z  [2020-09-22T08:56:41Z INFO  dt_instance] Inserted data for source d0a71d84-b80f-4558-beac-8887750652e3.
2020-09-22T08:56:41.491316590Z  [2020-09-22T08:56:41Z INFO  dt_instance] d0a71d84-b80f-4558-beac-8887750652e3 "108 sOMfnJztz07lpO8fAGHF5EHIxRBMx9a3VtaXJcSpsgqQ5urFaBgHcR1im680"
2020-09-22T08:56:41.502936475Z  [2020-09-22T08:56:41Z INFO  dt_instance] Inserted data for source d0a71d84-b80f-4558-beac-8887750652e3.
2020-09-22T08:56:41.555430972Z  [2020-09-22T08:56:41Z INFO  dt_instance] d0a71d84-b80f-4558-beac-8887750652e3 "109 49k9ehu2Y8lUskrq5b9kTYoPXNweAGh7Qc7FrGdtUKIRsNTpo6uPHIg4SAaD"
2020-09-22T08:56:41.570695262Z  [2020-09-22T08:56:41Z INFO  dt_instance] Inserted data for source d0a71d84-b80f-4558-beac-8887750652e3.
2020-09-22T08:56:41.623152795Z  [2020-09-22T08:56:41Z INFO  dt_instance] d0a71d84-b80f-4558-beac-8887750652e3 "110 C0hEmUL1TL9Qg7SXdRo1h3oRxk6hhQydkbMLTkXMyw7SgZ8fRhRkiGOW8vLM"
2020-09-22T08:56:41.642579291Z  [2020-09-22T08:56:41Z INFO  dt_instance] Inserted data for source d0a71d84-b80f-4558-beac-8887750652e3.
2020-09-22T08:56:41.694898335Z  [2020-09-22T08:56:41Z INFO  dt_instance] d0a71d84-b80f-4558-beac-8887750652e3 "111 lBeMJTUAthEOKUCtsVEd9RB4ug8JMNevknVXzsiITiPsFWptuEAMppuo7grM"
2020-09-22T08:56:41.728220879Z  [2020-09-22T08:56:41Z INFO  dt_instance] Inserted data for source d0a71d84-b80f-4558-beac-8887750652e3.
2020-09-22T08:56:41.780572865Z  [2020-09-22T08:56:41Z INFO  dt_instance] d0a71d84-b80f-4558-beac-8887750652e3 "112 0Sv5I3Nmc8Q34P8mjRXRff3TmtnbX7lfkIDIHooOyYCNcMJSf1szdfnU6cHE"
2020-09-22T08:56:41.806494939Z  [2020-09-22T08:56:41Z INFO  dt_instance] Inserted data for source d0a71d84-b80f-4558-beac-8887750652e3.
2020-09-22T08:56:41.858890129Z  [2020-09-22T08:56:41Z INFO  dt_instance] d0a71d84-b80f-4558-beac-8887750652e3 "113 tFE1SLDBXC5qKWBnP2ocJqVOSmjBb4AWdosOTGqnz5MDEdlxOaw7lfCIKglG"
2020-09-22T08:56:41.886867643Z  [2020-09-22T08:56:41Z INFO  dt_instance] Inserted data for source d0a71d84-b80f-4558-beac-8887750652e3.
2020-09-22T08:56:41.939624518Z  [2020-09-22T08:56:41Z INFO  dt_instance] d0a71d84-b80f-4558-beac-8887750652e3 "114 sGwzK2Lp110XLoiqfWB9bqDC2rZFSpbqJXcHNru2838yoHBozbLQjffRChhu"
2020-09-22T08:56:41.966601511Z  [2020-09-22T08:56:41Z INFO  dt_instance] Inserted data for source d0a71d84-b80f-4558-beac-8887750652e3.
2020-09-22T08:56:42.019278039Z  [2020-09-22T08:56:42Z INFO  dt_instance] d0a71d84-b80f-4558-beac-8887750652e3 "115 dljI1s4R5mmmYpA6UHpuwkmuGxlcQ1AWPAIHY2L2R6gFUcyQ8qqvAOXbFHbo"
2020-09-22T08:56:42.052468781Z  [2020-09-22T08:56:42Z INFO  dt_instance] Inserted data for source d0a71d84-b80f-4558-beac-8887750652e3.
2020-09-22T08:56:42.105589592Z  [2020-09-22T08:56:42Z INFO  dt_instance] d0a71d84-b80f-4558-beac-8887750652e3 "116 2riORdQlbfN754ioajON71zG2VAOMHJFPxHUMhSzFosfWVqUOP7l3uFoyZYU"
2020-09-22T08:56:42.134494344Z  [2020-09-22T08:56:42Z INFO  dt_instance] Inserted data for source d0a71d84-b80f-4558-beac-8887750652e3.
2020-09-22T08:56:42.186663301Z  [2020-09-22T08:56:42Z INFO  dt_instance] d0a71d84-b80f-4558-beac-8887750652e3 "117 27umrpz5iXFZPwmS12W3gxogiQW5fGjfrFBbHvqvZhesz4x48XU4WFE20H1K"
2020-09-22T08:56:42.216995809Z  [2020-09-22T08:56:42Z INFO  dt_instance] Inserted data for source d0a71d84-b80f-4558-beac-8887750652e3.
2020-09-22T08:56:42.268984164Z  [2020-09-22T08:56:42Z INFO  dt_instance] d0a71d84-b80f-4558-beac-8887750652e3 "118 Aec27Zs6RelWsUfizoAn4YoDVO9eUKzHCElXwXqz67i7y9e6ep6HOHAIeupL"
2020-09-22T08:56:42.312087820Z  [2020-09-22T08:56:42Z INFO  dt_instance] Inserted data for source d0a71d84-b80f-4558-beac-8887750652e3.
2020-09-22T08:56:42.363237469Z  [2020-09-22T08:56:42Z INFO  dt_instance] d0a71d84-b80f-4558-beac-8887750652e3 "119 xvkwLWA2efbnXo5m1H8vWWH8IzarNiFtlBEBsw2U96WlXRLqOJ6hALOBp5mA"
2020-09-22T08:56:42.392873695Z  [2020-09-22T08:56:42Z INFO  dt_instance] Inserted data for source d0a71d84-b80f-4558-beac-8887750652e3.
2020-09-22T08:56:42.444610902Z  [2020-09-22T08:56:42Z INFO  dt_instance] d0a71d84-b80f-4558-beac-8887750652e3 "120 zvPEpZyQssgqpGpvUktGbEXAg9PlXnjqhZj639Innxe6KvswqCRwDIMcb03h"
2020-09-22T08:56:42.475675540Z  [2020-09-22T08:56:42Z INFO  dt_instance] Inserted data for source d0a71d84-b80f-4558-beac-8887750652e3.
2020-09-22T08:56:42.527663318Z  [2020-09-22T08:56:42Z INFO  dt_instance] d0a71d84-b80f-4558-beac-8887750652e3 "121 bzU5OTWfwLTcpw54ABoErLKbJpldMkoKftnhAREWPLPLdsQ90exAIUqYVvQq"
2020-09-22T08:56:42.550708945Z  [2020-09-22T08:56:42Z INFO  dt_instance] Inserted data for source d0a71d84-b80f-4558-beac-8887750652e3.
2020-09-22T08:56:42.602927490Z  [2020-09-22T08:56:42Z INFO  dt_instance] d0a71d84-b80f-4558-beac-8887750652e3 "122 JVMYut5QiM4ZiDrDqSyTRSJkeJEJtRiUgOsV4lwj8JyLNLeh8NbcwmC6EzvF"
2020-09-22T08:56:42.628458243Z  [2020-09-22T08:56:42Z INFO  dt_instance] Inserted data for source d0a71d84-b80f-4558-beac-8887750652e3.
2020-09-22T08:56:42.679319515Z  [2020-09-22T08:56:42Z INFO  dt_instance] d0a71d84-b80f-4558-beac-8887750652e3 "123 4ChyCwAVW1ww5DPbO3YjlNyTWq7LIU9qbNW6ODdNGqUsV5cFY9oavNXZq9ax"
2020-09-22T08:56:42.697173805Z  [2020-09-22T08:56:42Z INFO  dt_instance] Inserted data for source d0a71d84-b80f-4558-beac-8887750652e3.
2020-09-22T08:56:42.749502837Z  [2020-09-22T08:56:42Z INFO  dt_instance] d0a71d84-b80f-4558-beac-8887750652e3 "124 Mi4ETCkLq8F0sWuVwhxnQn6LXMg5IcJ0NNDalob16Y0DsUAb6K5UMkbR9zl7"
2020-09-22T08:56:42.772287767Z  [2020-09-22T08:56:42Z INFO  dt_instance] Inserted data for source d0a71d84-b80f-4558-beac-8887750652e3.
2020-09-22T08:56:42.823983543Z  [2020-09-22T08:56:42Z INFO  dt_instance] d0a71d84-b80f-4558-beac-8887750652e3 "125 BowE4a9kJQNMVnjP7gCmULlaA81VGsycIPJXc9qmasYXdZZv5KKmsbEZZdnw"
2020-09-22T08:56:42.846097346Z  [2020-09-22T08:56:42Z INFO  dt_instance] Inserted data for source d0a71d84-b80f-4558-beac-8887750652e3.
2020-09-22T08:56:42.898012589Z  [2020-09-22T08:56:42Z INFO  dt_instance] d0a71d84-b80f-4558-beac-8887750652e3 "126 qXWOdjLi4pGEYgw6f5XF4u45hl3ubhqitqUtojvyf0YXpmSxsB3kKQWj1FMu"
2020-09-22T08:56:42.928886709Z  [2020-09-22T08:56:42Z INFO  dt_instance] Inserted data for source d0a71d84-b80f-4558-beac-8887750652e3.
2020-09-22T08:56:42.981427736Z  [2020-09-22T08:56:42Z INFO  dt_instance] d0a71d84-b80f-4558-beac-8887750652e3 "127 QF06DszpDbSzEv7U26SF19YIwC4jasuavRKWKZHttSZgvtJ4Zdnh3QBNx8Rt"
2020-09-22T08:56:43.007288648Z  [2020-09-22T08:56:43Z INFO  dt_instance] Inserted data for source d0a71d84-b80f-4558-beac-8887750652e3.
2020-09-22T08:56:43.060018307Z  [2020-09-22T08:56:43Z INFO  dt_instance] d0a71d84-b80f-4558-beac-8887750652e3 "128 FdrrCthQ6LoJFYhbroOMnLOtpxmX1cuAWnXeM0F8bmrLpDrsVQJkYZbl6XdU"
2020-09-22T08:56:43.094371203Z  [2020-09-22T08:56:43Z INFO  dt_instance] Inserted data for source d0a71d84-b80f-4558-beac-8887750652e3.
2020-09-22T08:56:43.146894102Z  [2020-09-22T08:56:43Z INFO  dt_instance] d0a71d84-b80f-4558-beac-8887750652e3 "129 si8ZA1KG5KvKJcEba0GaAsjHjsuR9OSUa2nY2ZBO9cYqTMGCYsJ4aaj8Au4G"
2020-09-22T08:56:43.176985547Z  [2020-09-22T08:56:43Z INFO  dt_instance] Inserted data for source d0a71d84-b80f-4558-beac-8887750652e3.
2020-09-22T08:56:43.229256556Z  [2020-09-22T08:56:43Z INFO  dt_instance] d0a71d84-b80f-4558-beac-8887750652e3 "130 YKSJg9XkA6PTaxmNikCuUX09hzxrft48AJYIcwvQ1kMUAMUwtAmmiJ0GcFAg"
2020-09-22T08:56:43.262346122Z  [2020-09-22T08:56:43Z INFO  dt_instance] Inserted data for source d0a71d84-b80f-4558-beac-8887750652e3.
2020-09-22T08:56:43.313345097Z  [2020-09-22T08:56:43Z INFO  dt_instance] d0a71d84-b80f-4558-beac-8887750652e3 "131 fV1Ci3IdDi0nmhfQ5vokcNjXt2UINHVa2wQGUfqjsXpir23BIQP5FjOHRirA"
2020-09-22T08:56:43.339729093Z  [2020-09-22T08:56:43Z INFO  dt_instance] Inserted data for source d0a71d84-b80f-4558-beac-8887750652e3.
2020-09-22T08:56:43.391933360Z  [2020-09-22T08:56:43Z INFO  dt_instance] d0a71d84-b80f-4558-beac-8887750652e3 "132 eGSPowsUlzItndf9rlTiFYwdtH5zyiEGy3vE89xL7FfnWigCAWc2Lllrg6SQ"
2020-09-22T08:56:43.430705451Z  [2020-09-22T08:56:43Z INFO  dt_instance] Inserted data for source d0a71d84-b80f-4558-beac-8887750652e3.
2020-09-22T08:56:43.482663205Z  [2020-09-22T08:56:43Z INFO  dt_instance] d0a71d84-b80f-4558-beac-8887750652e3 "133 KEjhbGXj4aS9VaruJQrHDCPwuwdJAUqN1PhgrKNaOoo4qzNiER2MdhChyOae"
2020-09-22T08:56:43.508100257Z  [2020-09-22T08:56:43Z INFO  dt_instance] Inserted data for source d0a71d84-b80f-4558-beac-8887750652e3.
2020-09-22T08:56:43.560326803Z  [2020-09-22T08:56:43Z INFO  dt_instance] d0a71d84-b80f-4558-beac-8887750652e3 "134 bUGZVAyORSlTlxNLaVblIUuNsMsh12gk7pu3S9LMqbFtkaFudqqal3UcfXq6"
2020-09-22T08:56:43.588950091Z  [2020-09-22T08:56:43Z INFO  dt_instance] Inserted data for source d0a71d84-b80f-4558-beac-8887750652e3.
2020-09-22T08:56:43.640992435Z  [2020-09-22T08:56:43Z INFO  dt_instance] d0a71d84-b80f-4558-beac-8887750652e3 "135 DH4MU9sPCW5v4boHzZQuDJoiEKqPdlk2tiIAiwrkJ577ZnMpMQOEwnJFOQkm"
2020-09-22T08:56:43.674388949Z  [2020-09-22T08:56:43Z INFO  dt_instance] Inserted data for source d0a71d84-b80f-4558-beac-8887750652e3.
2020-09-22T08:56:43.726660798Z  [2020-09-22T08:56:43Z INFO  dt_instance] d0a71d84-b80f-4558-beac-8887750652e3 "136 8jY73nOxyuXDNEU2cA0Hka7d3pdsG5IkvsgdMxGO0uap9Yr8TOWuWQFLYO4M"
2020-09-22T08:56:43.762190442Z  [2020-09-22T08:56:43Z INFO  dt_instance] Inserted data for source d0a71d84-b80f-4558-beac-8887750652e3.
2020-09-22T08:56:43.814031405Z  [2020-09-22T08:56:43Z INFO  dt_instance] d0a71d84-b80f-4558-beac-8887750652e3 "137 5tlMklk9AFMoSWqGlZHqr29UfONsLE3sMuL58qbSrpu56f10uDht9IchZ7DQ"
2020-09-22T08:56:43.843929966Z  [2020-09-22T08:56:43Z INFO  dt_instance] Inserted data for source d0a71d84-b80f-4558-beac-8887750652e3.
2020-09-22T08:56:43.896221809Z  [2020-09-22T08:56:43Z INFO  dt_instance] d0a71d84-b80f-4558-beac-8887750652e3 "138 huTQyA6N8UnZCD6mCqtW8EqFqErDyzB8SSsxHFqLiToGWffbHkGoDhtMBdVE"
2020-09-22T08:56:43.924160767Z  [2020-09-22T08:56:43Z INFO  dt_instance] Inserted data for source d0a71d84-b80f-4558-beac-8887750652e3.
2020-09-22T08:56:43.976175241Z  [2020-09-22T08:56:43Z INFO  dt_instance] d0a71d84-b80f-4558-beac-8887750652e3 "139 cBBsYV8bvdLRnOdkpOgAUlyNFwEFeOGf1ezC3cfFINsY1UmzVQfQoZ4EY2Al"
2020-09-22T08:56:44.009992196Z  [2020-09-22T08:56:44Z INFO  dt_instance] Inserted data for source d0a71d84-b80f-4558-beac-8887750652e3.
2020-09-22T08:56:44.062750568Z  [2020-09-22T08:56:44Z INFO  dt_instance] d0a71d84-b80f-4558-beac-8887750652e3 "140 toNIDPJWsfpzhbnUoqM3rj6PvGpFncIerPo1WeWGNivnolGH9ld8FZnLAJUw"
2020-09-22T08:56:44.089188801Z  [2020-09-22T08:56:44Z INFO  dt_instance] Inserted data for source d0a71d84-b80f-4558-beac-8887750652e3.
2020-09-22T08:56:44.141934186Z  [2020-09-22T08:56:44Z INFO  dt_instance] d0a71d84-b80f-4558-beac-8887750652e3 "141 dC9CmYUmesXtAauctm4mqcFJl6Ik5y3pH1Vv21Xndc7zX32gWm9f4DNcSsjq"
2020-09-22T08:56:44.169971310Z  [2020-09-22T08:56:44Z INFO  dt_instance] Inserted data for source d0a71d84-b80f-4558-beac-8887750652e3.
2020-09-22T08:56:44.222073751Z  [2020-09-22T08:56:44Z INFO  dt_instance] d0a71d84-b80f-4558-beac-8887750652e3 "142 TrTTcswzUytOQgZ3gBybUyQGGURsFU7J7VCqHipy5u738wpxJm5PACBtvBJZ"
2020-09-22T08:56:44.247193693Z  [2020-09-22T08:56:44Z INFO  dt_instance] Inserted data for source d0a71d84-b80f-4558-beac-8887750652e3.
2020-09-22T08:56:44.299209661Z  [2020-09-22T08:56:44Z INFO  dt_instance] d0a71d84-b80f-4558-beac-8887750652e3 "143 PzyHckV7xQvR5UaYByV5SSrzauRnIj0vENuRzv9tPE4M6wzHBylQblCmZopi"
2020-09-22T08:56:44.333201581Z  [2020-09-22T08:56:44Z INFO  dt_instance] Inserted data for source d0a71d84-b80f-4558-beac-8887750652e3.
2020-09-22T08:56:44.385474071Z  [2020-09-22T08:56:44Z INFO  dt_instance] d0a71d84-b80f-4558-beac-8887750652e3 "144 BVfy1cJv1prPVJFS61t6HkkRKkUYyzcg5jqc4cu1OWxsk2iOsaOW4uX4H0X3"
2020-09-22T08:56:44.416834107Z  [2020-09-22T08:56:44Z INFO  dt_instance] Inserted data for source d0a71d84-b80f-4558-beac-8887750652e3.
2020-09-22T08:56:44.470239417Z  [2020-09-22T08:56:44Z INFO  dt_instance] d0a71d84-b80f-4558-beac-8887750652e3 "145 ydDKua7Qypx4qOiKhqct8SryMaGAqPUNVxXLXzmGSMeuEzxso4qByBGzoL4u"
2020-09-22T08:56:44.495451885Z  [2020-09-22T08:56:44Z INFO  dt_instance] Inserted data for source d0a71d84-b80f-4558-beac-8887750652e3.
2020-09-22T08:56:44.547390633Z  [2020-09-22T08:56:44Z INFO  dt_instance] d0a71d84-b80f-4558-beac-8887750652e3 "146 DJF5YTOMr5hMZQSGRqstcCqgJY15DmWgOuTMlwKRXqlmkEUDnEalOeDge9mA"
2020-09-22T08:56:44.587171782Z  [2020-09-22T08:56:44Z INFO  dt_instance] Inserted data for source d0a71d84-b80f-4558-beac-8887750652e3.
2020-09-22T08:56:44.639122050Z  [2020-09-22T08:56:44Z INFO  dt_instance] d0a71d84-b80f-4558-beac-8887750652e3 "147 7Xy7LLVAZcqOmSQzu6ySCI41HrK2d9SgZwTimdSqVmjlBP6XDpSdhEA4YAa1"
2020-09-22T08:56:44.671737739Z  [2020-09-22T08:56:44Z INFO  dt_instance] Inserted data for source d0a71d84-b80f-4558-beac-8887750652e3.
2020-09-22T08:56:44.724630717Z  [2020-09-22T08:56:44Z INFO  dt_instance] d0a71d84-b80f-4558-beac-8887750652e3 "148 DVXhAE6YhJxiXz94PxzNOkd1mVmKvMcpeScrUNaNsJkihTmYZH1aRLEhGqop"
2020-09-22T08:56:44.753670259Z  [2020-09-22T08:56:44Z INFO  dt_instance] Inserted data for source d0a71d84-b80f-4558-beac-8887750652e3.
2020-09-22T08:56:44.805657156Z  [2020-09-22T08:56:44Z INFO  dt_instance] d0a71d84-b80f-4558-beac-8887750652e3 "149 9MjYlJaH1wh7JfPMpO3zfOlb8wPvBxZIM6Tn7Qzb0WFfWXC6FSepwpeF6Gia"
2020-09-22T08:56:44.832732837Z  [2020-09-22T08:56:44Z INFO  dt_instance] Inserted data for source d0a71d84-b80f-4558-beac-8887750652e3.
2020-09-22T08:56:44.885263466Z  [2020-09-22T08:56:44Z INFO  dt_instance] d0a71d84-b80f-4558-beac-8887750652e3 "150 auuZC1D51vyGRxRvp66VsgtpvLAJlei53c7uN3EofJN0fJq0D9AC3yxGrRws"
2020-09-22T08:56:44.911144144Z  [2020-09-22T08:56:44Z INFO  dt_instance] Inserted data for source d0a71d84-b80f-4558-beac-8887750652e3.
2020-09-22T08:56:44.963250068Z  [2020-09-22T08:56:44Z INFO  dt_instance] d0a71d84-b80f-4558-beac-8887750652e3 "151 atNFPkpn2pRig1dGnfpTBaMqH4gZ64JR7gNNbiMfQj7ZwynLbxSgZ1kfLVT0"
2020-09-22T08:56:44.993582894Z  [2020-09-22T08:56:44Z INFO  dt_instance] Inserted data for source d0a71d84-b80f-4558-beac-8887750652e3.
2020-09-22T08:56:45.046713174Z  [2020-09-22T08:56:45Z INFO  dt_instance] d0a71d84-b80f-4558-beac-8887750652e3 "152 LRTvP3NGcNU1iiL5RXD8w3o5q14d3kU96NE9pIHkhofEv7051EMYnYoGACEY"
2020-09-22T08:56:45.081456960Z  [2020-09-22T08:56:45Z INFO  dt_instance] Inserted data for source d0a71d84-b80f-4558-beac-8887750652e3.
2020-09-22T08:56:45.133338873Z  [2020-09-22T08:56:45Z INFO  dt_instance] d0a71d84-b80f-4558-beac-8887750652e3 "153 DfhkQfrX8JYjuyJaqbBgFYYVnvyxhkfgJdtv7a0ojmGLagTBUPvG7TZQvMJ3"
2020-09-22T08:56:45.166210719Z  [2020-09-22T08:56:45Z INFO  dt_instance] Inserted data for source d0a71d84-b80f-4558-beac-8887750652e3.
2020-09-22T08:56:45.218216529Z  [2020-09-22T08:56:45Z INFO  dt_instance] d0a71d84-b80f-4558-beac-8887750652e3 "154 jhJA85IoLJwAxsdyenBqIUN8X5as7u2Nx8Z2j9cxSaxaZTZWEEbDu2mr3OwN"
2020-09-22T08:56:45.244868446Z  [2020-09-22T08:56:45Z INFO  dt_instance] Inserted data for source d0a71d84-b80f-4558-beac-8887750652e3.
2020-09-22T08:56:45.297175561Z  [2020-09-22T08:56:45Z INFO  dt_instance] d0a71d84-b80f-4558-beac-8887750652e3 "155 gWPNEJLZKhVXGRwq7xhXq3OdbQjQ8AwceRGPo8t9N7eCdNIEqWe69TjWnU3H"
2020-09-22T08:56:45.327068177Z  [2020-09-22T08:56:45Z INFO  dt_instance] Inserted data for source d0a71d84-b80f-4558-beac-8887750652e3.
2020-09-22T08:56:45.378812098Z  [2020-09-22T08:56:45Z INFO  dt_instance] d0a71d84-b80f-4558-beac-8887750652e3 "156 skrdDYdsOftXJzMglquHiVi9vVmaxfrxkxXFiM7sj3fsB9LEovqJrMv4iVbp"
2020-09-22T08:56:45.405895481Z  [2020-09-22T08:56:45Z INFO  dt_instance] Inserted data for source d0a71d84-b80f-4558-beac-8887750652e3.
2020-09-22T08:56:45.458282212Z  [2020-09-22T08:56:45Z INFO  dt_instance] d0a71d84-b80f-4558-beac-8887750652e3 "157 5MmhiKMoB4P7BrZXgOcTfXXXnv88TfxyzjG8WdgwgpvuXx9IiImrQuW9A4gj"
2020-09-22T08:56:45.486341796Z  [2020-09-22T08:56:45Z INFO  dt_instance] Inserted data for source d0a71d84-b80f-4558-beac-8887750652e3.
2020-09-22T08:56:45.538302442Z  [2020-09-22T08:56:45Z INFO  dt_instance] d0a71d84-b80f-4558-beac-8887750652e3 "158 MmrUmJnjJOsC21Xx5Pm9IeMlrrOHevSqlFwyloeMJp8R9ywO2BVj549zAyCD"
2020-09-22T08:56:45.569742924Z  [2020-09-22T08:56:45Z INFO  dt_instance] Inserted data for source d0a71d84-b80f-4558-beac-8887750652e3.
2020-09-22T08:56:45.621882599Z  [2020-09-22T08:56:45Z INFO  dt_instance] d0a71d84-b80f-4558-beac-8887750652e3 "159 YEzfzt1pTVlpE8HAPyM4OyRTGCvfkbQsxwV5wDryFm6PcHKhvB5leqTWXgJ5"
2020-09-22T08:56:45.650348964Z  [2020-09-22T08:56:45Z INFO  dt_instance] Inserted data for source d0a71d84-b80f-4558-beac-8887750652e3.
2020-09-22T08:56:45.702737245Z  [2020-09-22T08:56:45Z INFO  dt_instance] d0a71d84-b80f-4558-beac-8887750652e3 "160 q5HgnsRV9hlkLWwGOQspQ20XbH6yPyj7oiVRXAgLwnkGYBkP5se0pWArRypF"
2020-09-22T08:56:45.732426551Z  [2020-09-22T08:56:45Z INFO  dt_instance] Inserted data for source d0a71d84-b80f-4558-beac-8887750652e3.
2020-09-22T08:56:45.783616634Z  [2020-09-22T08:56:45Z INFO  dt_instance] d0a71d84-b80f-4558-beac-8887750652e3 "161 j2XPHMClGT88bKBAyMmFfc7045jAuTsGc7Qg4qM6WB8s0J30fEZNoRm6WVuL"
2020-09-22T08:56:45.814488080Z  [2020-09-22T08:56:45Z INFO  dt_instance] Inserted data for source d0a71d84-b80f-4558-beac-8887750652e3.
2020-09-22T08:56:45.867346517Z  [2020-09-22T08:56:45Z INFO  dt_instance] d0a71d84-b80f-4558-beac-8887750652e3 "162 zgaRkIlkpQQIUcCzYef5hTwjTyUOBN9HXpJr7ayPOyDmQzLp2rKtE1vJTwM3"
2020-09-22T08:56:45.894790547Z  [2020-09-22T08:56:45Z INFO  dt_instance] Inserted data for source d0a71d84-b80f-4558-beac-8887750652e3.
2020-09-22T08:56:45.947081617Z  [2020-09-22T08:56:45Z INFO  dt_instance] d0a71d84-b80f-4558-beac-8887750652e3 "163 rP1RAL6VSWZho5cFQN96f2FjZfAK3aAh80p9epRjJpVBbgY5PdXP2Ve2RtW9"
2020-09-22T08:56:45.973030232Z  [2020-09-22T08:56:45Z INFO  dt_instance] Inserted data for source d0a71d84-b80f-4558-beac-8887750652e3.
2020-09-22T08:56:46.025092897Z  [2020-09-22T08:56:46Z INFO  dt_instance] d0a71d84-b80f-4558-beac-8887750652e3 "164 FnWmBmWvhNi7WHyWxZw1of8noZweQv3yFGC6e3BVRmFvJBXVJTfpTt58i7RT"
2020-09-22T08:56:46.057563300Z  [2020-09-22T08:56:46Z INFO  dt_instance] Inserted data for source d0a71d84-b80f-4558-beac-8887750652e3.
2020-09-22T08:56:46.109809199Z  [2020-09-22T08:56:46Z INFO  dt_instance] d0a71d84-b80f-4558-beac-8887750652e3 "165 4I2FiKK0SmkdfwxrCt05RY30z1ifRNbYcin4Z4RGITOeX0GxAK6P2pkuSPPu"
2020-09-22T08:56:46.139841748Z  [2020-09-22T08:56:46Z INFO  dt_instance] Inserted data for source d0a71d84-b80f-4558-beac-8887750652e3.
2020-09-22T08:56:46.192570027Z  [2020-09-22T08:56:46Z INFO  dt_instance] d0a71d84-b80f-4558-beac-8887750652e3 "166 zNEozivjbAvy7VcCctRE866cSXziyw1EJOVAdWil4YLmfyFjcnL1X6eikg2e"
2020-09-22T08:56:46.221507170Z  [2020-09-22T08:56:46Z INFO  dt_instance] Inserted data for source d0a71d84-b80f-4558-beac-8887750652e3.
2020-09-22T08:56:46.273548488Z  [2020-09-22T08:56:46Z INFO  dt_instance] d0a71d84-b80f-4558-beac-8887750652e3 "167 tZ8YAHIzT6v6lACcUkcgGjYZ2Tlv6lF890HfTOHtb6PtHed3sEuPDlYf0dEz"
2020-09-22T08:56:46.302471346Z  [2020-09-22T08:56:46Z INFO  dt_instance] Inserted data for source d0a71d84-b80f-4558-beac-8887750652e3.
2020-09-22T08:56:46.354936697Z  [2020-09-22T08:56:46Z INFO  dt_instance] d0a71d84-b80f-4558-beac-8887750652e3 "168 0FvtRnzstTSHsREYkHCMUJgDKSOf1pt57TcX4mey1ZIILZyyiYeT9oA1cYNf"
2020-09-22T08:56:46.387526757Z  [2020-09-22T08:56:46Z INFO  dt_instance] Inserted data for source d0a71d84-b80f-4558-beac-8887750652e3.
2020-09-22T08:56:46.438900725Z  [2020-09-22T08:56:46Z INFO  dt_instance] d0a71d84-b80f-4558-beac-8887750652e3 "169 lHB04pYhjKGF3Ht07VhuGytjbDwsROv5JKAfBUfA9ZEEgW9gGYLbsWuS38Bf"
2020-09-22T08:56:46.466529685Z  [2020-09-22T08:56:46Z INFO  dt_instance] Inserted data for source d0a71d84-b80f-4558-beac-8887750652e3.
2020-09-22T08:56:46.517608386Z  [2020-09-22T08:56:46Z INFO  dt_instance] d0a71d84-b80f-4558-beac-8887750652e3 "170 rjVaCRHSMxVtU5jcXv1zFgeLr9da5o4vukqMI3KaEV4WiOQ7DW6TzWjOM9lW"
2020-09-22T08:56:46.548248531Z  [2020-09-22T08:56:46Z INFO  dt_instance] Inserted data for source d0a71d84-b80f-4558-beac-8887750652e3.
2020-09-22T08:56:46.600289580Z  [2020-09-22T08:56:46Z INFO  dt_instance] d0a71d84-b80f-4558-beac-8887750652e3 "171 2gbwI9JEN3GsNbdkppR82kpubtVNk8vepF2ILXBFI5NBVm7oQtJ48s7Z8pMI"
2020-09-22T08:56:46.635618062Z  [2020-09-22T08:56:46Z INFO  dt_instance] Inserted data for source d0a71d84-b80f-4558-beac-8887750652e3.
2020-09-22T08:56:46.687662913Z  [2020-09-22T08:56:46Z INFO  dt_instance] d0a71d84-b80f-4558-beac-8887750652e3 "172 SzuZu0nojickc8ZIf922JluPope6izH72U3vmQsRm5RFtSv28WfJVjKbsou1"
2020-09-22T08:56:46.716311791Z  [2020-09-22T08:56:46Z INFO  dt_instance] Inserted data for source d0a71d84-b80f-4558-beac-8887750652e3.
2020-09-22T08:56:46.768493128Z  [2020-09-22T08:56:46Z INFO  dt_instance] d0a71d84-b80f-4558-beac-8887750652e3 "173 YDgNuEuQ9zl5H1UPucixtiVoyHtPM81uz6c6loZrsEVc1g2qNh4D1rOm5o8B"
2020-09-22T08:56:46.796140823Z  [2020-09-22T08:56:46Z INFO  dt_instance] Inserted data for source d0a71d84-b80f-4558-beac-8887750652e3.
2020-09-22T08:56:46.848188600Z  [2020-09-22T08:56:46Z INFO  dt_instance] d0a71d84-b80f-4558-beac-8887750652e3 "174 U12Ya3uCTeQwFOllojFQdE02MWZkSSrUkio7ShmOS2lDXDOAS6kST2SKrogc"
2020-09-22T08:56:46.876859645Z  [2020-09-22T08:56:46Z INFO  dt_instance] Inserted data for source d0a71d84-b80f-4558-beac-8887750652e3.
2020-09-22T08:56:46.928951075Z  [2020-09-22T08:56:46Z INFO  dt_instance] d0a71d84-b80f-4558-beac-8887750652e3 "175 2MQ8ErEgS8E7GuWpGdaDfDtOwvefUEsbjSlWGQxKGXf4miPQbzxXBFdP3BAC"
2020-09-22T08:56:46.959839333Z  [2020-09-22T08:56:46Z INFO  dt_instance] Inserted data for source d0a71d84-b80f-4558-beac-8887750652e3.
2020-09-22T08:56:47.012180801Z  [2020-09-22T08:56:47Z INFO  dt_instance] d0a71d84-b80f-4558-beac-8887750652e3 "176 e845ZYUbx0dz1EAmekUJ58wGRDVRMNVAZ3i6w7rIC2cPhHcljY9Blw6mIBWV"
2020-09-22T08:56:47.043109881Z  [2020-09-22T08:56:47Z INFO  dt_instance] Inserted data for source d0a71d84-b80f-4558-beac-8887750652e3.
2020-09-22T08:56:47.095329823Z  [2020-09-22T08:56:47Z INFO  dt_instance] d0a71d84-b80f-4558-beac-8887750652e3 "177 ZtkDVWA5CJS83Qz4hhItARnOiIMClVdovexIfTsduNu1zffiQ1Q5BIAr2tyB"
2020-09-22T08:56:47.124025586Z  [2020-09-22T08:56:47Z INFO  dt_instance] Inserted data for source d0a71d84-b80f-4558-beac-8887750652e3.
2020-09-22T08:56:47.176257176Z  [2020-09-22T08:56:47Z INFO  dt_instance] d0a71d84-b80f-4558-beac-8887750652e3 "178 LfL6csFsmkMNtFQ2sj9JKx7RSJgXmxTUUdvkEE8LMj1xs0Kd93vsKI78VvrR"
2020-09-22T08:56:47.205681857Z  [2020-09-22T08:56:47Z INFO  dt_instance] Inserted data for source d0a71d84-b80f-4558-beac-8887750652e3.
2020-09-22T08:56:47.258096938Z  [2020-09-22T08:56:47Z INFO  dt_instance] d0a71d84-b80f-4558-beac-8887750652e3 "179 Km8C9KTS0Yz7rTeGD91qBpFUz6WbjYYAWeZvg0mGFOV051ZZD6yxXKJsH2PU"
2020-09-22T08:56:47.287060133Z  [2020-09-22T08:56:47Z INFO  dt_instance] Inserted data for source d0a71d84-b80f-4558-beac-8887750652e3.
2020-09-22T08:56:47.339984005Z  [2020-09-22T08:56:47Z INFO  dt_instance] d0a71d84-b80f-4558-beac-8887750652e3 "180 oKtdPeZeobciwg51Gftr9XygyzsLMb1jjCyjWveQiwDvCBJe5uAjNVecKKWR"
2020-09-22T08:56:47.365856583Z  [2020-09-22T08:56:47Z INFO  dt_instance] Inserted data for source d0a71d84-b80f-4558-beac-8887750652e3.
2020-09-22T08:56:47.418525906Z  [2020-09-22T08:56:47Z INFO  dt_instance] d0a71d84-b80f-4558-beac-8887750652e3 "181 7UgCtMV9g1PYWh1nI4rS0D90XNjupJAW4HCdi21YNc2ft7sQVMATZoXE8WYp"
2020-09-22T08:56:47.446311331Z  [2020-09-22T08:56:47Z INFO  dt_instance] Inserted data for source d0a71d84-b80f-4558-beac-8887750652e3.
2020-09-22T08:56:47.498059438Z  [2020-09-22T08:56:47Z INFO  dt_instance] d0a71d84-b80f-4558-beac-8887750652e3 "182 4yYJ5NJPOIYR3Dq6EVseRQ5oYro1lqeJ1CyLJPiyWZR5ozZ0i5bRxutiHrNc"
2020-09-22T08:56:47.529689019Z  [2020-09-22T08:56:47Z INFO  dt_instance] Inserted data for source d0a71d84-b80f-4558-beac-8887750652e3.
2020-09-22T08:56:47.581590364Z  [2020-09-22T08:56:47Z INFO  dt_instance] d0a71d84-b80f-4558-beac-8887750652e3 "183 F0Tfm9yAombM3fLCOvtJn46XW2vF9yoUzhCdn9UQ5W5Ph8v2SjYxXa8PWeIk"
2020-09-22T08:56:47.620094492Z  [2020-09-22T08:56:47Z INFO  dt_instance] Inserted data for source d0a71d84-b80f-4558-beac-8887750652e3.
2020-09-22T08:56:47.672165603Z  [2020-09-22T08:56:47Z INFO  dt_instance] d0a71d84-b80f-4558-beac-8887750652e3 "184 V71QoFCUa36moVvs5LBj14ap0UlR0dVWM9yW0ucMiTbwJZxKx0IZtYm34T9Q"
2020-09-22T08:56:47.697145423Z  [2020-09-22T08:56:47Z INFO  dt_instance] Inserted data for source d0a71d84-b80f-4558-beac-8887750652e3.
2020-09-22T08:56:47.749123056Z  [2020-09-22T08:56:47Z INFO  dt_instance] d0a71d84-b80f-4558-beac-8887750652e3 "185 TmckMXFPBz04NSxRDq1JGclT7kc9LoNmSg7pSgCrCbY3shRRwqG04rXnmwjr"
2020-09-22T08:56:47.782071167Z  [2020-09-22T08:56:47Z INFO  dt_instance] Inserted data for source d0a71d84-b80f-4558-beac-8887750652e3.
2020-09-22T08:56:47.836680890Z  [2020-09-22T08:56:47Z INFO  dt_instance] d0a71d84-b80f-4558-beac-8887750652e3 "186 2Nu3mEEft6G6u0aosBTiRtLU4h2f24eOvyNznRxEiEC46KE1S2GQVYSTNhUi"
2020-09-22T08:56:47.863308120Z  [2020-09-22T08:56:47Z INFO  dt_instance] Inserted data for source d0a71d84-b80f-4558-beac-8887750652e3.
2020-09-22T08:56:47.915533912Z  [2020-09-22T08:56:47Z INFO  dt_instance] d0a71d84-b80f-4558-beac-8887750652e3 "187 ahqcT0uChg8TGQZBqqPv2S4UTkVTWkktJqGLJNDqb8B1ckKFyUBzwcPLbged"
2020-09-22T08:56:47.948406384Z  [2020-09-22T08:56:47Z INFO  dt_instance] Inserted data for source d0a71d84-b80f-4558-beac-8887750652e3.
2020-09-22T08:56:48.001347813Z  [2020-09-22T08:56:48Z INFO  dt_instance] d0a71d84-b80f-4558-beac-8887750652e3 "188 SJeqHmdqn8Kc2IIpDe4TOOylTTLwvvcFQ3eVObuqfulLILPGI1AlWVWvmVN3"
2020-09-22T08:56:48.041429801Z  [2020-09-22T08:56:48Z INFO  dt_instance] Inserted data for source d0a71d84-b80f-4558-beac-8887750652e3.
2020-09-22T08:56:48.093949101Z  [2020-09-22T08:56:48Z INFO  dt_instance] d0a71d84-b80f-4558-beac-8887750652e3 "189 MdsAPZoY2NJTJMFRUF18joKKLQpKxF1OxHf0W8NuMUJ2SLQgLJh2lRl37B58"
2020-09-22T08:56:48.124733457Z  [2020-09-22T08:56:48Z INFO  dt_instance] Inserted data for source d0a71d84-b80f-4558-beac-8887750652e3.
2020-09-22T08:56:48.176833053Z  [2020-09-22T08:56:48Z INFO  dt_instance] d0a71d84-b80f-4558-beac-8887750652e3 "190 hhYYQ6wEDEJt7OjoLByEaJ1CmSiG8jmJpRIECKKNUtw6hgIZpn3CUxCbX9Ld"
2020-09-22T08:56:48.200513355Z  [2020-09-22T08:56:48Z INFO  dt_instance] Inserted data for source d0a71d84-b80f-4558-beac-8887750652e3.
2020-09-22T08:56:48.253181200Z  [2020-09-22T08:56:48Z INFO  dt_instance] d0a71d84-b80f-4558-beac-8887750652e3 "191 ahwyoTnNJ1GaYYxuBiVyYwACpkL20GX9IBgNgGJpJQrG4HBeug0Xi4Mt8psX"
2020-09-22T08:56:48.283167673Z  [2020-09-22T08:56:48Z INFO  dt_instance] Inserted data for source d0a71d84-b80f-4558-beac-8887750652e3.
2020-09-22T08:56:48.334705545Z  [2020-09-22T08:56:48Z INFO  dt_instance] d0a71d84-b80f-4558-beac-8887750652e3 "192 GuLzuMKegRIPT9J2OT4d3Rx61BUiU9QFIZR69FH3LwNojh9NxOVbfztSihbJ"
2020-09-22T08:56:48.366878760Z  [2020-09-22T08:56:48Z INFO  dt_instance] Inserted data for source d0a71d84-b80f-4558-beac-8887750652e3.
2020-09-22T08:56:48.419358053Z  [2020-09-22T08:56:48Z INFO  dt_instance] d0a71d84-b80f-4558-beac-8887750652e3 "193 eRcdBcOjo39lQwFn5GNjiwxvX3B1RX4cJ2XZYtefy5WTedyFXHjLZ8C132Ls"
2020-09-22T08:56:48.448826862Z  [2020-09-22T08:56:48Z INFO  dt_instance] Inserted data for source d0a71d84-b80f-4558-beac-8887750652e3.
2020-09-22T08:56:48.501760655Z  [2020-09-22T08:56:48Z INFO  dt_instance] d0a71d84-b80f-4558-beac-8887750652e3 "194 RAQhTRVc1kmIG3KSxFwUEljNkGVeFZQoavJoV99lmkIQBh5sJZXO0msAERr1"
2020-09-22T08:56:48.533829301Z  [2020-09-22T08:56:48Z INFO  dt_instance] Inserted data for source d0a71d84-b80f-4558-beac-8887750652e3.
2020-09-22T08:56:48.585904747Z  [2020-09-22T08:56:48Z INFO  dt_instance] d0a71d84-b80f-4558-beac-8887750652e3 "195 MjGA8wXBLgbAPUgICdFpRWr4XB7CKg77S0CPUTdRKqJ1FCd9B121RYrJ9C6L"
2020-09-22T08:56:48.610788226Z  [2020-09-22T08:56:48Z INFO  dt_instance] Inserted data for source d0a71d84-b80f-4558-beac-8887750652e3.
2020-09-22T08:56:48.663741944Z  [2020-09-22T08:56:48Z INFO  dt_instance] d0a71d84-b80f-4558-beac-8887750652e3 "196 8izJpTDjtvRh6yVMUHvOFmsfFnnuBw0IT2BKwrDNsQiROdwen5POyBqA7w8B"
2020-09-22T08:56:48.694186986Z  [2020-09-22T08:56:48Z INFO  dt_instance] Inserted data for source d0a71d84-b80f-4558-beac-8887750652e3.
2020-09-22T08:56:48.747086703Z  [2020-09-22T08:56:48Z INFO  dt_instance] d0a71d84-b80f-4558-beac-8887750652e3 "197 sGsjA50NNAJ3mMp3Jvyd1GqOOtPRz5BL2ZBfdJL3aQMy96wqbbsxapaiGCjt"
2020-09-22T08:56:48.776600197Z  [2020-09-22T08:56:48Z INFO  dt_instance] Inserted data for source d0a71d84-b80f-4558-beac-8887750652e3.
2020-09-22T08:56:48.827827217Z  [2020-09-22T08:56:48Z INFO  dt_instance] d0a71d84-b80f-4558-beac-8887750652e3 "198 ZhLZNMdHuCOSlzGlo90BsGycjj5Dbh07x60wqZ7NPqqAfEnvJ3POJdWMxXq5"
2020-09-22T08:56:48.861029741Z  [2020-09-22T08:56:48Z INFO  dt_instance] Inserted data for source d0a71d84-b80f-4558-beac-8887750652e3.
2020-09-22T08:56:48.913101680Z  [2020-09-22T08:56:48Z INFO  dt_instance] d0a71d84-b80f-4558-beac-8887750652e3 "199 lqs0azaP8C7FJxQtzod5fMC550Jnq5eIQU9sL6wcLvKRyQon7IjilqPmK3FF"
2020-09-22T08:56:48.942316094Z  [2020-09-22T08:56:48Z INFO  dt_instance] Inserted data for source d0a71d84-b80f-4558-beac-8887750652e3.
2020-09-22T08:56:48.994509692Z  [2020-09-22T08:56:48Z INFO  dt_instance] d0a71d84-b80f-4558-beac-8887750652e3 "200 NoaUZBTiymqlYIvzgfxVHUL8YjjtuM1fxHTCJ2WsXjDcfUohbudBaAJ3otbA"
2020-09-22T08:56:49.023837652Z  [2020-09-22T08:56:49Z INFO  dt_instance] Inserted data for source d0a71d84-b80f-4558-beac-8887750652e3.
2020-09-22T08:56:49.076089369Z  [2020-09-22T08:56:49Z INFO  dt_instance] d0a71d84-b80f-4558-beac-8887750652e3 "201 Mlk6FxkJt6tHkiCSI6inZyYrujU9Q21FK0p7JiEpZC63QHcKqgMeKXSOA4gr"
2020-09-22T08:56:49.104191744Z  [2020-09-22T08:56:49Z INFO  dt_instance] Inserted data for source d0a71d84-b80f-4558-beac-8887750652e3.
2020-09-22T08:56:49.156293766Z  [2020-09-22T08:56:49Z INFO  dt_instance] d0a71d84-b80f-4558-beac-8887750652e3 "202 umrITjVmCNM3KnJhi9usofH6zg7CmRdIUEwE7CdlwKKDE6ujGHOSpKzchVwo"
2020-09-22T08:56:49.186111378Z  [2020-09-22T08:56:49Z INFO  dt_instance] Inserted data for source d0a71d84-b80f-4558-beac-8887750652e3.
2020-09-22T08:56:49.238424434Z  [2020-09-22T08:56:49Z INFO  dt_instance] d0a71d84-b80f-4558-beac-8887750652e3 "203 OpleglrXAA7NyZwHHASJexW56GceYAKOIDTy6qTOkfU4vV7lqqbEngzIKvHZ"
2020-09-22T08:56:49.270320426Z  [2020-09-22T08:56:49Z INFO  dt_instance] Inserted data for source d0a71d84-b80f-4558-beac-8887750652e3.
2020-09-22T08:56:49.324887157Z  [2020-09-22T08:56:49Z INFO  dt_instance] d0a71d84-b80f-4558-beac-8887750652e3 "204 75UIzg1byUpD4w9IJW7SHtoDtE9FeUptOqhNYWxQhAO6VMJ2LcqzGrugLIJr"
2020-09-22T08:56:49.350390161Z  [2020-09-22T08:56:49Z INFO  dt_instance] Inserted data for source d0a71d84-b80f-4558-beac-8887750652e3.
2020-09-22T08:56:49.401479612Z  [2020-09-22T08:56:49Z INFO  dt_instance] d0a71d84-b80f-4558-beac-8887750652e3 "205 bNmk1kPl0ds4xy9NMUVxZowpI1XkV4Jw34WtpCPUXNgmdH8c4CMB00YovUxF"
2020-09-22T08:56:49.428760266Z  [2020-09-22T08:56:49Z INFO  dt_instance] Inserted data for source d0a71d84-b80f-4558-beac-8887750652e3.
2020-09-22T08:56:49.480638751Z  [2020-09-22T08:56:49Z INFO  dt_instance] d0a71d84-b80f-4558-beac-8887750652e3 "206 w8ZxTV0D373NUbrlXpOmD7asLCXyfOJOy8epBTPX5D4upJmsaXgX8r28cDCI"
2020-09-22T08:56:49.527306011Z  [2020-09-22T08:56:49Z INFO  dt_instance] Inserted data for source d0a71d84-b80f-4558-beac-8887750652e3.
2020-09-22T08:56:49.579191710Z  [2020-09-22T08:56:49Z INFO  dt_instance] d0a71d84-b80f-4558-beac-8887750652e3 "207 h3jOKm4JqjQXg81TL33AgZuZi2ofBk9NX6UAgxoJgobmGkBMZi7VaOqJ863R"
2020-09-22T08:56:49.600341306Z  [2020-09-22T08:56:49Z INFO  dt_instance] Inserted data for source d0a71d84-b80f-4558-beac-8887750652e3.
2020-09-22T08:56:49.652704964Z  [2020-09-22T08:56:49Z INFO  dt_instance] d0a71d84-b80f-4558-beac-8887750652e3 "208 Gt3Pn3QX5qw4vAIIowoRMJkx1yyTsSDP1NiimwRtOSyaGWCCEpyXPRTjedKy"
2020-09-22T08:56:49.678326859Z  [2020-09-22T08:56:49Z INFO  dt_instance] Inserted data for source d0a71d84-b80f-4558-beac-8887750652e3.
2020-09-22T08:56:49.730109072Z  [2020-09-22T08:56:49Z INFO  dt_instance] d0a71d84-b80f-4558-beac-8887750652e3 "209 b3Qm2nBCtDdAw1WET89wt6xWO0TISi7FGYDW0zd4ZswAeRsp9t8c3JCPJEKM"
2020-09-22T08:56:49.750871061Z  [2020-09-22T08:56:49Z INFO  dt_instance] Inserted data for source d0a71d84-b80f-4558-beac-8887750652e3.
2020-09-22T08:56:49.802865700Z  [2020-09-22T08:56:49Z INFO  dt_instance] d0a71d84-b80f-4558-beac-8887750652e3 "210 9CKICqJzocJUX2yfiq0lSEYnobNnelyX9nWkOEAcS6NRkeXXDgfSzANMUKlt"
2020-09-22T08:56:49.827546234Z  [2020-09-22T08:56:49Z INFO  dt_instance] Inserted data for source d0a71d84-b80f-4558-beac-8887750652e3.
2020-09-22T08:56:49.878613616Z  [2020-09-22T08:56:49Z INFO  dt_instance] d0a71d84-b80f-4558-beac-8887750652e3 "211 cpixCzcTGV6AkfTmVx1munbF9OjSQsnR0Cfs1lE7dR6fknd4q7rlVjtZBDbO"
2020-09-22T08:56:49.908790569Z  [2020-09-22T08:56:49Z INFO  dt_instance] Inserted data for source d0a71d84-b80f-4558-beac-8887750652e3.
2020-09-22T08:56:49.961434726Z  [2020-09-22T08:56:49Z INFO  dt_instance] d0a71d84-b80f-4558-beac-8887750652e3 "212 n1ji70938zicCewlZpNS14KwrMZpTVjOUrmWGbVNS6x2moPoL5nqTiXXvC6W"
2020-09-22T08:56:49.983985289Z  [2020-09-22T08:56:49Z INFO  dt_instance] Inserted data for source d0a71d84-b80f-4558-beac-8887750652e3.
2020-09-22T08:56:50.035816119Z  [2020-09-22T08:56:50Z INFO  dt_instance] d0a71d84-b80f-4558-beac-8887750652e3 "213 MeyON4WfqSRJiL13OqYlLcKJAQMW16hZRFfh8V4jjHVD9vWu25IEkFVKwmHj"
2020-09-22T08:56:50.060213284Z  [2020-09-22T08:56:50Z INFO  dt_instance] Inserted data for source d0a71d84-b80f-4558-beac-8887750652e3.
2020-09-22T08:56:50.112507180Z  [2020-09-22T08:56:50Z INFO  dt_instance] d0a71d84-b80f-4558-beac-8887750652e3 "214 Q4dpRw6oRZYQ6y1c2FGFBqoRrsXnLkua69RVcRxiEN4OTqU6mJ2dt135o9ot"
2020-09-22T08:56:50.135679631Z  [2020-09-22T08:56:50Z INFO  dt_instance] Inserted data for source d0a71d84-b80f-4558-beac-8887750652e3.
2020-09-22T08:56:50.187388809Z  [2020-09-22T08:56:50Z INFO  dt_instance] d0a71d84-b80f-4558-beac-8887750652e3 "215 YLCBdpY7NRQkJCzqRuMneWq3Fp2zwGlqx5MmTVDI1EPf1XmvaV1y5AReQ2H9"
2020-09-22T08:56:50.209243499Z  [2020-09-22T08:56:50Z INFO  dt_instance] Inserted data for source d0a71d84-b80f-4558-beac-8887750652e3.
2020-09-22T08:56:50.261517192Z  [2020-09-22T08:56:50Z INFO  dt_instance] d0a71d84-b80f-4558-beac-8887750652e3 "216 30CiE0WOlIIfR4aFHWCMnIVrtnDljEnOIzxsz2dm541jFeg1Ra3Irc8wmiki"
2020-09-22T08:56:50.283259288Z  [2020-09-22T08:56:50Z INFO  dt_instance] Inserted data for source d0a71d84-b80f-4558-beac-8887750652e3.
2020-09-22T08:56:50.335399779Z  [2020-09-22T08:56:50Z INFO  dt_instance] d0a71d84-b80f-4558-beac-8887750652e3 "217 cEyPD2TcCnsbqnzAAU6veAHMiIZ5fU4mCPhWOHejbcIP3XbkSapmyGpV5IWK"
2020-09-22T08:56:50.361075451Z  [2020-09-22T08:56:50Z INFO  dt_instance] Inserted data for source d0a71d84-b80f-4558-beac-8887750652e3.
2020-09-22T08:56:50.413526152Z  [2020-09-22T08:56:50Z INFO  dt_instance] d0a71d84-b80f-4558-beac-8887750652e3 "218 pzxSEJEfiOd1enOBgJi0z2c1crbt1vNpemhCQ7H7nVd0l4mJpOLuDAffYArG"
2020-09-22T08:56:50.445415514Z  [2020-09-22T08:56:50Z INFO  dt_instance] Inserted data for source d0a71d84-b80f-4558-beac-8887750652e3.
2020-09-22T08:56:50.497628630Z  [2020-09-22T08:56:50Z INFO  dt_instance] d0a71d84-b80f-4558-beac-8887750652e3 "219 n7DPerPWqgwDGdgqjS6nqdKM05mbaSme3Nf67ckMjoIBscfBRdcczQVAy5uk"
2020-09-22T08:56:50.520707759Z  [2020-09-22T08:56:50Z INFO  dt_instance] Inserted data for source d0a71d84-b80f-4558-beac-8887750652e3.
2020-09-22T08:56:50.572890638Z  [2020-09-22T08:56:50Z INFO  dt_instance] d0a71d84-b80f-4558-beac-8887750652e3 "220 uXmWgsoUCJdCrPdnFLeU6GuHpx20VThaJaPth1bXOoD8jJldIYQEGDOiOAV9"
2020-09-22T08:56:50.599262634Z  [2020-09-22T08:56:50Z INFO  dt_instance] Inserted data for source d0a71d84-b80f-4558-beac-8887750652e3.
2020-09-22T08:56:50.651436695Z  [2020-09-22T08:56:50Z INFO  dt_instance] d0a71d84-b80f-4558-beac-8887750652e3 "221 ZLApXzE7CgenXzHC4MQzMdbnJRHPuAqlBLQyQvbAS4GU6JV9NeRADe1H4uzj"
2020-09-22T08:56:50.678443076Z  [2020-09-22T08:56:50Z INFO  dt_instance] Inserted data for source d0a71d84-b80f-4558-beac-8887750652e3.
2020-09-22T08:56:50.731317241Z  [2020-09-22T08:56:50Z INFO  dt_instance] d0a71d84-b80f-4558-beac-8887750652e3 "222 brPk913H863kwasocMEjzvexFXlvMxJs6re1uJscIKF8G6LK5symleZSkkWa"
2020-09-22T08:56:50.766374569Z  [2020-09-22T08:56:50Z INFO  dt_instance] Inserted data for source d0a71d84-b80f-4558-beac-8887750652e3.
2020-09-22T08:56:50.818666544Z  [2020-09-22T08:56:50Z INFO  dt_instance] d0a71d84-b80f-4558-beac-8887750652e3 "223 3DimqqSAPoSqOzvcnrJACJk98Dkd7pJPssKKcx2iAMUfjrqWBmaByu2pAlXf"
2020-09-22T08:56:50.846221102Z  [2020-09-22T08:56:50Z INFO  dt_instance] Inserted data for source d0a71d84-b80f-4558-beac-8887750652e3.
2020-09-22T08:56:50.900251173Z  [2020-09-22T08:56:50Z INFO  dt_instance] d0a71d84-b80f-4558-beac-8887750652e3 "224 va7CSYhUu2Emw2a9546UpBG4p4uV6YWaMehPrD2if8q9JvzFZxKhGDgA6oG9"
2020-09-22T08:56:50.929336584Z  [2020-09-22T08:56:50Z INFO  dt_instance] Inserted data for source d0a71d84-b80f-4558-beac-8887750652e3.
2020-09-22T08:56:50.981652085Z  [2020-09-22T08:56:50Z INFO  dt_instance] d0a71d84-b80f-4558-beac-8887750652e3 "225 nOrt5Wp0NCiEWTp4IIP38KjAEupoBvJcrXvssLgdhbKnY8vkbxj7IFeSGOg2"
2020-09-22T08:56:51.008882255Z  [2020-09-22T08:56:51Z INFO  dt_instance] Inserted data for source d0a71d84-b80f-4558-beac-8887750652e3.
2020-09-22T08:56:51.061044193Z  [2020-09-22T08:56:51Z INFO  dt_instance] d0a71d84-b80f-4558-beac-8887750652e3 "226 MUpcJGKMqasDxAYeoc77qP0Bkytb383Qhw3A00zIYFYdUIZIWLPehaweXP4m"
2020-09-22T08:56:51.097183374Z  [2020-09-22T08:56:51Z INFO  dt_instance] Inserted data for source d0a71d84-b80f-4558-beac-8887750652e3.
2020-09-22T08:56:51.149326607Z  [2020-09-22T08:56:51Z INFO  dt_instance] d0a71d84-b80f-4558-beac-8887750652e3 "227 Nk45RTOXp3EInDaydsmyHzYLUgoHIRWYF7j9fBvfzsevaEJ7mypGQce12BK8"
2020-09-22T08:56:51.180374516Z  [2020-09-22T08:56:51Z INFO  dt_instance] Inserted data for source d0a71d84-b80f-4558-beac-8887750652e3.
2020-09-22T08:56:51.231501732Z  [2020-09-22T08:56:51Z INFO  dt_instance] d0a71d84-b80f-4558-beac-8887750652e3 "228 zTmt0wxeo8NyF0kMu7mVAT1KYiQrXgT7GdnRPXOuNQGY7XRictWqEHX1THg8"
2020-09-22T08:56:51.256973691Z  [2020-09-22T08:56:51Z INFO  dt_instance] Inserted data for source d0a71d84-b80f-4558-beac-8887750652e3.
2020-09-22T08:56:51.309247560Z  [2020-09-22T08:56:51Z INFO  dt_instance] d0a71d84-b80f-4558-beac-8887750652e3 "229 XzD6zBT6PDpW9rrDoNYoKKQmF8K1yWp3w2Yzln9slculNtFxrMwml7YRwqES"
2020-09-22T08:56:52.342231741Z  [2020-09-22T08:56:52Z INFO  dt_instance] Inserted data for source d0a71d84-b80f-4558-beac-8887750652e3.
2020-09-22T08:56:52.394474772Z  [2020-09-22T08:56:52Z INFO  dt_instance] d0a71d84-b80f-4558-beac-8887750652e3 "230 1Fy6bzeM7uoJJrDOa6pp6vqh8BAZxx2OlX2M5LlhXRYeaRVaZm7djmK3rGFC"
2020-09-22T08:56:52.421759635Z  [2020-09-22T08:56:52Z INFO  dt_instance] Inserted data for source d0a71d84-b80f-4558-beac-8887750652e3.
2020-09-22T08:56:52.473976028Z  [2020-09-22T08:56:52Z INFO  dt_instance] d0a71d84-b80f-4558-beac-8887750652e3 "231 DzyW1JPwz1WTJuXQiOnDgtk8xIf2kgRrqfzgYLwbQtcqcEmryVAEKwpCREia"
2020-09-22T08:56:52.496113720Z  [2020-09-22T08:56:52Z INFO  dt_instance] Inserted data for source d0a71d84-b80f-4558-beac-8887750652e3.
2020-09-22T08:56:52.547887555Z  [2020-09-22T08:56:52Z INFO  dt_instance] d0a71d84-b80f-4558-beac-8887750652e3 "232 Vpd7uc7gplX6XLhHIax3vQ6hew3fJgOHdElxoWb6aRkW2BEXv5WRj7g9mG4T"
2020-09-22T08:56:52.570269523Z  [2020-09-22T08:56:52Z INFO  dt_instance] Inserted data for source d0a71d84-b80f-4558-beac-8887750652e3.
2020-09-22T08:56:52.622124725Z  [2020-09-22T08:56:52Z INFO  dt_instance] d0a71d84-b80f-4558-beac-8887750652e3 "233 PnAVKakfjDoVcpH0riNTVWUKWJ0tyH5lKT4WW8Q8sX8HOIJs6xyDOO5574Jk"
2020-09-22T08:56:52.640350466Z  [2020-09-22T08:56:52Z INFO  dt_instance] Inserted data for source d0a71d84-b80f-4558-beac-8887750652e3.
2020-09-22T08:56:52.692507791Z  [2020-09-22T08:56:52Z INFO  dt_instance] d0a71d84-b80f-4558-beac-8887750652e3 "234 L4dbQ9RV9ouLPKhqQy0o3KxLgJHYxGaJYKOEEriLrxHg7qGrbvISx32tkU6z"
2020-09-22T08:56:52.717416575Z  [2020-09-22T08:56:52Z INFO  dt_instance] Inserted data for source d0a71d84-b80f-4558-beac-8887750652e3.
2020-09-22T08:56:52.769617032Z  [2020-09-22T08:56:52Z INFO  dt_instance] d0a71d84-b80f-4558-beac-8887750652e3 "235 0vuJY0QaIJruH0ExlRoqnb0ToePlsyaa9liQj4yy35aBwmaVsbHQKcl9VjpR"
2020-09-22T08:56:52.796659310Z  [2020-09-22T08:56:52Z INFO  dt_instance] Inserted data for source d0a71d84-b80f-4558-beac-8887750652e3.
2020-09-22T08:56:52.849231938Z  [2020-09-22T08:56:52Z INFO  dt_instance] d0a71d84-b80f-4558-beac-8887750652e3 "236 j37ABzmGoFqzLdBw8BTp5tfYJ3a4wpYZgYQtboSqidLYh0hJizPN8MED8f7J"
2020-09-22T08:56:52.872046910Z  [2020-09-22T08:56:52Z INFO  dt_instance] Inserted data for source d0a71d84-b80f-4558-beac-8887750652e3.
2020-09-22T08:56:52.924041287Z  [2020-09-22T08:56:52Z INFO  dt_instance] d0a71d84-b80f-4558-beac-8887750652e3 "237 AcH1xGXM9W0CjTyNF1p5gRRFmgRUuVmhY8hVrR9sRsUs97jPvDgD14J2yaer"
2020-09-22T08:56:52.947050151Z  [2020-09-22T08:56:52Z INFO  dt_instance] Inserted data for source d0a71d84-b80f-4558-beac-8887750652e3.
2020-09-22T08:56:52.998860552Z  [2020-09-22T08:56:52Z INFO  dt_instance] d0a71d84-b80f-4558-beac-8887750652e3 "238 yL6LWjY1SMbJVYPXortVIAG9neJrqRuBqjcVMGrDKgXsFPTkJUzkMTrOV97H"
2020-09-22T08:56:53.021846620Z  [2020-09-22T08:56:53Z INFO  dt_instance] Inserted data for source d0a71d84-b80f-4558-beac-8887750652e3.
2020-09-22T08:56:53.074122082Z  [2020-09-22T08:56:53Z INFO  dt_instance] d0a71d84-b80f-4558-beac-8887750652e3 "239 6zh5N4vFQkps4tEtaKg974eN3QbutHPtYqBDlJ80lr1yETXG4NGxaxURB5hH"
2020-09-22T08:56:53.098361035Z  [2020-09-22T08:56:53Z INFO  dt_instance] Inserted data for source d0a71d84-b80f-4558-beac-8887750652e3.
2020-09-22T08:56:53.150809941Z  [2020-09-22T08:56:53Z INFO  dt_instance] d0a71d84-b80f-4558-beac-8887750652e3 "240 FzZNnO8B5XqLqbM9Fj8OXxsRvYu3747H1aYZ7J59UOLGag7ZCXYOdiMI3H4Y"
2020-09-22T08:56:53.169036994Z  [2020-09-22T08:56:53Z INFO  dt_instance] Inserted data for source d0a71d84-b80f-4558-beac-8887750652e3.
2020-09-22T08:56:53.221163528Z  [2020-09-22T08:56:53Z INFO  dt_instance] d0a71d84-b80f-4558-beac-8887750652e3 "241 GBbDryZ42UmyM8E8wllP2T9s7JqZSwsQYGJclTiELHwqXyRrDb2eJdaxgpoy"
2020-09-22T08:56:53.245172435Z  [2020-09-22T08:56:53Z INFO  dt_instance] Inserted data for source d0a71d84-b80f-4558-beac-8887750652e3.
2020-09-22T08:56:53.297274994Z  [2020-09-22T08:56:53Z INFO  dt_instance] d0a71d84-b80f-4558-beac-8887750652e3 "242 if7ntA5uJ50Mjq6UtIyKltdZqNoKaKbkmkUSYgPEFGG4OwyLwBzsxYxpwznu"
2020-09-22T08:56:53.327094716Z  [2020-09-22T08:56:53Z INFO  dt_instance] Inserted data for source d0a71d84-b80f-4558-beac-8887750652e3.
2020-09-22T08:56:53.380609254Z  [2020-09-22T08:56:53Z INFO  dt_instance] d0a71d84-b80f-4558-beac-8887750652e3 "243 tuKgBEXCleOcstcpQva8EdHvOsY4FECPIiaCm1SNlWy1aL8UjvFEjOy9U605"
2020-09-22T08:56:53.416480739Z  [2020-09-22T08:56:53Z INFO  dt_instance] Inserted data for source d0a71d84-b80f-4558-beac-8887750652e3.
2020-09-22T08:56:53.469105209Z  [2020-09-22T08:56:53Z INFO  dt_instance] d0a71d84-b80f-4558-beac-8887750652e3 "244 UJHfJ9YIFVmtw1KHrAUEGCgUUL5IsrRgZ3DrQLR2RZkYWRruSuJ3A6BXL4R9"
2020-09-22T08:56:53.488186680Z  [2020-09-22T08:56:53Z INFO  dt_instance] Inserted data for source d0a71d84-b80f-4558-beac-8887750652e3.
2020-09-22T08:56:53.541086694Z  [2020-09-22T08:56:53Z INFO  dt_instance] d0a71d84-b80f-4558-beac-8887750652e3 "245 8Aw8ZndCY4LYTmYE7aSha57QyLHcqxHHuzcRyNbPhFaLjRq0rvvCbzjDe8je"
2020-09-22T08:56:53.565105809Z  [2020-09-22T08:56:53Z INFO  dt_instance] Inserted data for source d0a71d84-b80f-4558-beac-8887750652e3.
2020-09-22T08:56:53.616884214Z  [2020-09-22T08:56:53Z INFO  dt_instance] d0a71d84-b80f-4558-beac-8887750652e3 "246 1EDoKN7nY3ZT1WKtVhVpyvSlMHmjaOYEVoE7EeQQ4MumcDRHAf5wp1x9RcYw"
2020-09-22T08:56:53.640428935Z  [2020-09-22T08:56:53Z INFO  dt_instance] Inserted data for source d0a71d84-b80f-4558-beac-8887750652e3.
2020-09-22T08:56:53.691590877Z  [2020-09-22T08:56:53Z INFO  dt_instance] d0a71d84-b80f-4558-beac-8887750652e3 "247 vq9Jy3tkY6bdhtGYmsT9qPV0U4zBfluEr6YwP1yVE731MB8gtPnKlMuKXTHN"
2020-09-22T08:56:53.711314822Z  [2020-09-22T08:56:53Z INFO  dt_instance] Inserted data for source d0a71d84-b80f-4558-beac-8887750652e3.
2020-09-22T08:56:53.763182097Z  [2020-09-22T08:56:53Z INFO  dt_instance] d0a71d84-b80f-4558-beac-8887750652e3 "248 7ATPKZG73hJO82MAkuiCne7mMShpRHh4XUDtcqUqeL0ZuEeVDOuXhv8nFQ1F"
2020-09-22T08:56:53.786972574Z  [2020-09-22T08:56:53Z INFO  dt_instance] Inserted data for source d0a71d84-b80f-4558-beac-8887750652e3.
2020-09-22T08:56:53.839191859Z  [2020-09-22T08:56:53Z INFO  dt_instance] d0a71d84-b80f-4558-beac-8887750652e3 "249 qc39uZ0euFI9Q9bzln5LJFl2Qk0HWwFCdORtzqsa7f2xcdNeYxq2qXkcUJHI"
2020-09-22T08:56:53.870406475Z  [2020-09-22T08:56:53Z INFO  dt_instance] Inserted data for source d0a71d84-b80f-4558-beac-8887750652e3.
2020-09-22T08:57:09.112856955Z  [2020-09-22T08:57:09Z ERROR dt_instance] Unhandled incoming.
