2020-09-22T08:56:33.454177517Z,2020-09-22T08:56:33.460276285Z,0 ECGOUh2stAkENWl6KGgSqLeqXOZm87LXtz99p9DlYVcNaJ42GpqTmVzvpoBtql
2020-09-22T08:56:33.469124741Z,2020-09-22T08:56:33.531708955Z,1 Lr1OH8Ss29wTl7Xt92EMcTkzRspsMWi9F0g22KXmsuyEtRYIzdKhi85sCRnJVi
2020-09-22T08:56:33.476444328Z,2020-09-22T08:56:33.600122917Z,2 0gcwqSg3KwgihPx2Lf69GzixM6E1UUECLlwIamHfOzEKvbJpVbU22AT5Lv6Dnd
2020-09-22T08:56:33.487753687Z,2020-09-22T08:56:33.664996171Z,3 CldnzdqNJqh8VpWXOqhqjtQhdQMNRXnhog5eGq39olgBgb1Sha1YjkFLJIghPl
2020-09-22T08:56:33.498495531Z,2020-09-22T08:56:33.736085609Z,4 DKbL2JrOyICo9mqQ0DWTw9FfbRWWs9mbX2RWcj9Ec8Wlr8dOwyvStRB7NAfmOK
2020-09-22T08:56:33.509649620Z,2020-09-22T08:56:33.807297411Z,5 rKYogWW745eZAEfjxlpyE1mgVEZMVTchabG6ESknEljr2rPhFi3omS5nrehT07
2020-09-22T08:56:33.521511700Z,2020-09-22T08:56:33.881316147Z,6 7UjhjYRGNlbtZzcLuVh4n9AX8Qwo2dTgABBRhcpjNZFRlICNmfnMDJpEc5ZpYF
2020-09-22T08:56:33.532412108Z,2020-09-22T08:56:33.970991481Z,7 iyMRrzf4NUlw5gnJwng7m7KTuQs9kPjZBRCtWu5FjmNtqu3E6UctYR3qKHUkpo
2020-09-22T08:56:33.544020980Z,2020-09-22T08:56:34.048295720Z,8 Ocp1Ov2tvxXpZhXrhNz8mpthQ1G7gQ4lKzpACuzteVgrEdeNnCDyw53OHIcHC9
2020-09-22T08:56:33.555804565Z,2020-09-22T08:56:34.140870902Z,9 UmyYUeIwGBpm1bV7pMS9DJCKQalH4OXVmicyJ2NPcAK3ayes0GU3ECWdVcD2AO
2020-09-22T08:56:33.566395228Z,2020-09-22T08:56:34.232029087Z,10 Q2l3pds0TjQUp5I6K1J1BRQCxabNnEsGsyzk5Pkk6UeR9UZpWHQEDcIGbt3GP
2020-09-22T08:56:33.577431852Z,2020-09-22T08:56:34.314552169Z,11 3Pi0I8Omv4vn58Hv7P1mqnE2jrdPh2IMNFpj4bRcu3KXRuQcl7VTZV7DUz1nR
2020-09-22T08:56:33.588245582Z,2020-09-22T08:56:34.394666203Z,12 4V0V9jxsWJbcMEYcDMLBAb0fhD6ioDkma9MFYIQKMAcUEuVoiqK3O9mlAm8Vp
2020-09-22T08:56:33.599922811Z,2020-09-22T08:56:34.461958539Z,13 dL1mqrvv9wlFdrEM1MuvfoUZjsZkpDSMIPszAFWCCt8Owy4HiC3hWm4OxHIE6
2020-09-22T08:56:33.610263478Z,2020-09-22T08:56:34.535645793Z,14 RWzsexyGcSvagGHLJLFO0yIhLpR15iKtcPqzA8BeCYNqnL87xKyyhbcr3mJmP
2020-09-22T08:56:33.621801481Z,2020-09-22T08:56:34.607406028Z,15 sNiBc8sTBj07yWVYkD0e7Q5KQl4c011nBzQRTvLsOAL8XtVLU6z3KT0HrVM13
2020-09-22T08:56:33.632430402Z,2020-09-22T08:56:34.688419611Z,16 Ml3UOH9V2iwtlwfsrUOVF1ivkdv8xasU4uKfzp9NyudMj66UvZRX2en3EyftK
2020-09-22T08:56:33.646771951Z,2020-09-22T08:56:34.779711414Z,17 PncUPYs11b8oEdEzpNwWB9zT6Fe7ecZo0zztwAX2Sg7rlD4JwNfifOcTUM6id
2020-09-22T08:56:33.657886780Z,2020-09-22T08:56:34.870507009Z,18 1OmCaOu5NsobXbYPZFTmtF8X8VRV1oY0pP1heAjMRGuL0TBZvulbyd1KwZmKe
2020-09-22T08:56:33.669061672Z,2020-09-22T08:56:34.961953181Z,19 BrPjqfZJZKEIyJFCZKAQJEaaxMRkH7XbYZOP1PAIzmyeHiVxsMlgXKpk3nqCG
2020-09-22T08:56:33.680704851Z,2020-09-22T08:56:35.053842202Z,20 y86UOpU9fBjO9abRE7c3MR9fThiypjirVSdXbVBYZuqZLXOt2z1hZIdoeO9aB
2020-09-22T08:56:33.691745254Z,2020-09-22T08:56:35.134516422Z,21 zVtxArTRiA7R7kga1QZNyZ7BqNehlVZgVagktBbOwfmbZzpPvIOzTmzG3hGai
2020-09-22T08:56:33.703134026Z,2020-09-22T08:56:35.223885741Z,22 fR7gAN9rgGCt9LA3cgQQ7zWJEJxjUBEEVuNGamt49zJn4xwvQw17jr4dlG8gZ
2020-09-22T08:56:33.714564392Z,2020-09-22T08:56:35.313984435Z,23 wfQ9FMt5LrfefKE69e47iIGkm8DH0dO9IcB6dziRA3VWppe2ZV7hc3HTJRdSt
2020-09-22T08:56:33.725324317Z,2020-09-22T08:56:35.405756836Z,24 FSoJ6tl5X400Ry1PDwx6YBzXC9U3WjnFNPJQ29YLcARP3VduvN0yD9BLdQKDz
2020-09-22T08:56:33.736954487Z,2020-09-22T08:56:35.491742495Z,25 eWZOLYi7YVBGNvPb95TbnjX1xchN6lzYPdaxqIbN37coD1vp04p0lZpaQ81OE
2020-09-22T08:56:33.748396664Z,2020-09-22T08:56:35.585205894Z,26 fenemNGgj0ZxzIPZ0iNSbfIdLLxl11hT5Rh0mb8pDMZISr1LM6ojuFkdsVBje
2020-09-22T08:56:33.760105280Z,2020-09-22T08:56:35.667496466Z,27 VXAW0oRtDScUwXNrBrJgt9TmOMRWeYULUqbFh1tejUo4L5rhMc454Xl8uK6Zz
2020-09-22T08:56:33.772232002Z,2020-09-22T08:56:35.748965919Z,28 cJdsMFyolIq4Eiqv94OHXC5XmlZiCif0H3hmBSbHG3tEkziMEU5nryEVUcnLa
2020-09-22T08:56:33.783512285Z,2020-09-22T08:56:35.835970598Z,29 2E89aavBfPYGeQCrhLiRuu1Vd9b3ujPWqeBQMQ0zmblXRhP2CN2aHVUvT4MJJ
2020-09-22T08:56:33.794296820Z,2020-09-22T08:56:35.923218078Z,30 buCTuh8duH8DRBQtEHm94V3etFe5zIjBdOgcYHwt8ke8skXUKRk79sv4ekiBr
2020-09-22T08:56:33.805118978Z,2020-09-22T08:56:36.010897926Z,31 Wz87JYqHxva9CFCGA0NkQY6XFeyv6LsBWmkPoWW5hXV7gx256bmkiCULaJwWk
2020-09-22T08:56:33.817521367Z,2020-09-22T08:56:36.095855611Z,32 2J0J2KueEGLgWFOTE8U2d2eCgH9iXb6Tw7R6rVMOm4s0nmTmPHL4uKxhFeOg7
2020-09-22T08:56:33.828882402Z,2020-09-22T08:56:36.188934239Z,33 d7hsPRcl9Z1ClbM8u5N1A46Ap894o9evxA81hr4BUZMcntUs0fcxkgT66F2tV
2020-09-22T08:56:33.840685959Z,2020-09-22T08:56:36.271455297Z,34 kwwNgur8b7rlyCG7jfebOfTtRiZcneQ3BEvdaEW5ucCo4aXsmz0obOGCoJxXs
2020-09-22T08:56:33.852129409Z,2020-09-22T08:56:36.354724110Z,35 x9ZNpKrQqo0kYwTkAPDncf3ssQQpBBcBwFGzgRb5TCOolleUNCuNSIA7EuPvK
2020-09-22T08:56:33.863781489Z,2020-09-22T08:56:36.426949223Z,36 Fua0IL2CuSTEsjzqhrGngcJWtFRmiKjoNtTfGduApjHn5Ypot6wXgt2Sc7Y1U
2020-09-22T08:56:33.874422721Z,2020-09-22T08:56:36.503921152Z,37 cYgJN07KWbmvZyqZ9IAtOMHObI6hSe2oKwoZpfDDmnuwsydodmlY3nVaqE5mA
2020-09-22T08:56:33.885587007Z,2020-09-22T08:56:36.576415284Z,38 EhLfAd9nmpyISCnDyQAOoDbkW6SH1RnJc2muVdmVH5bZ4ht3L3noB6RKKAaG8
2020-09-22T08:56:33.896386224Z,2020-09-22T08:56:36.657933300Z,39 CJqg8APcH1ck4kM4pFAY0mNL0243CLPRx0v7TuzizHfwPQI4Ayfiv250S4qd9
2020-09-22T08:56:33.909874066Z,2020-09-22T08:56:36.742001090Z,40 9ZcTYOEpeLwFYzHVXH9IBb3BiGytgtmtrBn9Tq0nMDRnkw1ghKT9pRqShZPrj
2020-09-22T08:56:33.920176275Z,2020-09-22T08:56:36.826564159Z,41 5X05W3iNxFlF77yI25wkl3M3pYR67ew20o0wD6JBh57BrYoxCoZHS2VdO8WpO
2020-09-22T08:56:33.931166840Z,2020-09-22T08:56:36.904204270Z,42 TBSWMEAuozmHtFWYsIAlX6jyTLtKiOhBqFEo6yBOMxEMRLP7Re0JMIMQI7QXP
2020-09-22T08:56:33.941343355Z,2020-09-22T08:56:36.986931586Z,43 he9r8uWhLdyFqUfZnqJRpSEF563o8OZ0OoIm2Z4MxIKNidt7ndINWYGi8Gpcw
2020-09-22T08:56:33.952355846Z,2020-09-22T08:56:37.071105408Z,44 VhMKVsN0JDFCnCpjxtV6KJGkNY2rwI1aikT7a0uMx81quKpy3yY4rnc9LXmAs
2020-09-22T08:56:33.963258833Z,2020-09-22T08:56:37.154949128Z,45 nd07mLFlxVv3PMQYekyDQe2NykSEQEuyz5brqq8OftNRAWxEHzPEf5NjrHHlW
2020-09-22T08:56:33.974847777Z,2020-09-22T08:56:37.235860532Z,46 IlDjFpXLH2m8OJemwR7Qq8NO1DwOqpaQIUn9FIv1NTamZJLSt9qjujNIYHEd9
2020-09-22T08:56:33.990011538Z,2020-09-22T08:56:37.318427432Z,47 NvyIpf5BkXXkG1cmEFsS6yjOQcQ1C1WxMxkHRBbbP6ld4PdDfg7gNEtxrm4qx
2020-09-22T08:56:34.002101675Z,2020-09-22T08:56:37.396112250Z,48 Ngx0tUHl9A8l8FzkVVSLzySzbZjydZ2NGkIP0ejAxBoYULKyNjc0vwTNJcOWR
2020-09-22T08:56:34.013320512Z,2020-09-22T08:56:37.467231934Z,49 42wkwXEuc2vtF96lqFWc1pLoIOyV2V0A8tVWpjA6Pz7aztotUyNPLtluXWpZ8
2020-09-22T08:56:34.024157084Z,2020-09-22T08:56:37.542335826Z,50 hiAA9vy3X2QLMyQ3gO1W52AWtu2MjHRXb3Jva4DVsCrG2IeKbKIpfWL4jN8Z3
2020-09-22T08:56:34.035861193Z,2020-09-22T08:56:37.625995307Z,51 g5zSgIM8jDsZucjwF8keVG5BLWDfviAWQxFdaJvOQpeoLXag5gpbKKkvZpGiC
2020-09-22T08:56:34.046345986Z,2020-09-22T08:56:37.715359840Z,52 IyrpEiM6LO82I0i7fqj0Hl7voREzKUaERZMHE2Xi0B3VJfd5AirDyAnGyU5xp
2020-09-22T08:56:34.057631462Z,2020-09-22T08:56:37.797454517Z,53 mqXoSEvZjmNhVQWjh7fT3ZjOardStoKYjhkQQhBTlpQlgJzUzsZ6ZNOl4Ny20
2020-09-22T08:56:34.069814471Z,2020-09-22T08:56:37.880531408Z,54 gK7srgRYrRxT27FR0xnGuTR2TC5XiHXEfL6mymrXMqxgQSew4mDxdNq9tfXzV
2020-09-22T08:56:34.079527983Z,2020-09-22T08:56:37.959448992Z,55 8n510kK4mlhLeM1301DtzMPSltwaOD1EryBlfTivYTdyYOPWkP5suplmFCLP0
2020-09-22T08:56:34.092818355Z,2020-09-22T08:56:38.039429343Z,56 Ir4BpY2mIoHjeQwMpjSHxvT9tQmaUcsALGZcZBtGsL4W6roDkPNrNj5Z7yac9
2020-09-22T08:56:34.103175411Z,2020-09-22T08:56:38.122696523Z,57 IzprAmkYiF2kUvRCcqdYHYkMA8ny58JllpmMuILZxJkPdvffpz8MAHtfpqKq2
2020-09-22T08:56:34.114511703Z,2020-09-22T08:56:38.202978006Z,58 itDx5uDmkQHbz0sPhuVvep1bbeE7lfdOK4vrsAYilMWbWxOFlff6UcUKN7Oxo
2020-09-22T08:56:34.125397447Z,2020-09-22T08:56:38.331743148Z,59 7qAqIEr8ZIb83QgrqPkwzn1FgxfSEGLixEIsvo4mtobZXDQNLG1SeMz5RVgOC
2020-09-22T08:56:34.136365471Z,2020-09-22T08:56:38.392512528Z,60 VQvyC11svReXtPZUrEWqnzo6W56G9C5xIT3TFNU1K53kKM0PgwYWGLxFWXjJn
2020-09-22T08:56:34.147800528Z,2020-09-22T08:56:38.455502694Z,61 MCZULvNZDTGjn5zgz3f4XSkFI8FHcntQSA5Nz4OiMhGxwWWjWPxgFUQt0OXPi
2020-09-22T08:56:34.158783760Z,2020-09-22T08:56:38.516810651Z,62 P58uwCWblfIb8nKvVB6xiBUzGZVjWvrTYfGgctdV8kPSaWoMDgeHELe4V6Qgl
2020-09-22T08:56:34.169877491Z,2020-09-22T08:56:38.583493769Z,63 2v3raVAaHDLClSMzzRgFu9fm4fv12hhNaONUuI1Csf3aveGU87JTeCRiZn8Vz
2020-09-22T08:56:34.180405861Z,2020-09-22T08:56:38.651734591Z,64 HaJ7oqZQvV1Es7Y0dekysITNzS3V0kT476QutraicK7gy3BAs3QlVeU6nc4yw
2020-09-22T08:56:34.191514698Z,2020-09-22T08:56:38.726879121Z,65 8xs8NV2diKAnAUPwBd6ap4nyIGNIg1s0TdLHNw6bC272MO4x3f3fNkI1FpfpM
2020-09-22T08:56:34.202474064Z,2020-09-22T08:56:38.810872167Z,66 TZ7F4WiXVuiVFeLwknwgFP27iPM50AeQhdkJyR8LOA1Z7KtY15G5NKNhQf2tJ
2020-09-22T08:56:34.213705915Z,2020-09-22T08:56:38.893569335Z,67 bN7TLPDp1GcOEUHUtqosLiDyd1vkF3xSZIimxbdJ4kFw53MPVPejCtUc9JXoU
2020-09-22T08:56:34.224402372Z,2020-09-22T08:56:38.976895849Z,68 HyXggFMH4hHuGo41a7FR8C1qDXp5JwYGFsMNCM4W1uj35wXus57V95QuuyKW5
2020-09-22T08:56:34.235957838Z,2020-09-22T08:56:39.058328024Z,69 f861k16i7JqrgobHGhDZvw8Ih33fW0mWBq6nSlzulNEgrDX7V5Gsy91lSxDCn
2020-09-22T08:56:34.246860640Z,2020-09-22T08:56:39.135772418Z,70 jbGRrZVECxl6bqIzhXtihLd3JFZfSjV7nBVqyYKXOqVlFGJgyS3c2v7iBO9oJ
2020-09-22T08:56:34.257751536Z,2020-09-22T08:56:39.208580831Z,71 tVuv9B2iLYCRn8GdXcj7H1mIdCm3s61uepxpITlFhmfim1PKLykwhf5hNSVLk
2020-09-22T08:56:34.269162897Z,2020-09-22T08:56:39.284975522Z,72 YAJ2IQTDF1eamM76ctTNBzYinPveHROYR05Bx6mo0dOTStFnwgfhWugTx0BJy
2020-09-22T08:56:34.280730558Z,2020-09-22T08:56:39.367406312Z,73 ZJaSyQwfehQD4pJSdM5hbEvm5tyHwUY8XyrhCDCzNA5PR0pHwr60v0DoQbUY2
2020-09-22T08:56:34.292165833Z,2020-09-22T08:56:39.452425367Z,74 i08oJU9hqxokc2tp1s3hFrKq2GIy9sRvj20pkuRUai96ODOJRsyW95yUkzDiX
2020-09-22T08:56:34.302956667Z,2020-09-22T08:56:39.527726180Z,75 AGYvkp5k4qUQTkFHr00U3ck8DmQqbBB4nwhR3qhcGp5hsK07UekvkYFRQc6ZW
2020-09-22T08:56:34.313976845Z,2020-09-22T08:56:39.608568693Z,76 Nq9qqKI6FpgQC7Mq4qqwuxa6GawU4n6XA7lsLs2NhdYBgcjQuEJOB1lj6NqUw
2020-09-22T08:56:34.324456000Z,2020-09-22T08:56:39.703549687Z,77 wJEGCD8ixYghq5AZhypp6KsPz3MhBAPwPCq6pzbP2ncSCf1juJiUWhhVsB3Rn
2020-09-22T08:56:34.335192264Z,2020-09-22T08:56:39.778833464Z,78 YO7WSFX0LRLpVsJulWw78GX5qQsJYyojXv2fuTKLgPl62bEvxBwBVEf6YXP0N
2020-09-22T08:56:34.346341699Z,2020-09-22T08:56:39.854039883Z,79 MrhWJEJkLoJpQTfAZptNbVh7spjWmJh49Buqwa5wKAhS0YbGqtQHm1LQDbG0C
2020-09-22T08:56:34.358135662Z,2020-09-22T08:56:39.943395338Z,80 q0gaSLav6kXQP0feD3BGxEqS370UnHQIaVccB4GC0aWKnRN5aWC2F5kbpGk7s
2020-09-22T08:56:34.369571251Z,2020-09-22T08:56:40.023079276Z,81 tFcBK5lW3mDLdRcixLjQfya9hE2kD5IoSSMqMI7LupqJY9ldMwvhX2Yn6Rxcs
2020-09-22T08:56:34.380802314Z,2020-09-22T08:56:40.109975901Z,82 bXUfsl6goJbDvjAguW8Q0B1iIeyEYloxaL4NlljCrptRHytWYN3siZXwLIP2d
2020-09-22T08:56:34.391855090Z,2020-09-22T08:56:40.189771323Z,83 eKgkzwMLXsvYB1J3XW173PYkQz5bZolPQNad0XlvXy3WHLy4aQ5ZJoBzc5QZx
2020-09-22T08:56:34.402388159Z,2020-09-22T08:56:40.274445621Z,84 TkJbQJRmFS2fHgnryaySvwlNQk614WquAdKvhZj6wvtoQ64mt5aUfu6s2bL19
2020-09-22T08:56:34.413623081Z,2020-09-22T08:56:40.355162457Z,85 GQ37PM4Fvqu0oLVlAmqyos1sKggZRqp5t7B0IFUNrk7x9A6Q23DRXKutpYHff
2020-09-22T08:56:34.424849494Z,2020-09-22T08:56:40.489778073Z,86 xflNVa45okqkBsYN30KzjQZJOv3jqqXBTv4WFxoNsLO9ETiErhPZ3oiPjBq5B
2020-09-22T08:56:34.436089323Z,2020-09-22T08:56:40.550837240Z,87 IaIUyL6DCSpoe1dEFa88edzQDUYG8VTuNFe1eAuAtOGJmmYHYKfRvcdG90KF1
2020-09-22T08:56:34.447713485Z,2020-09-22T08:56:40.611915862Z,88 0Vavb63ZuRtfPViJdzBgXIxEnrDGqiQe75FaMeQJ8Mv9lw4MfBNbLomlPGgU0
2020-09-22T08:56:34.459132250Z,2020-09-22T08:56:40.673914839Z,89 iKkriPYsOIjxk8mD64GYTVPaGlFQBOvEQFC1GlSSNQZ0qZVfNiq1QZ1IwNA0W
2020-09-22T08:56:34.470845752Z,2020-09-22T08:56:40.742529102Z,90 179uClyhzVgMuzA5lQz8tkhA59a85MKY8JSJoUtQNO6Q2ZFHNUIoL7abjnEef
2020-09-22T08:56:34.483552172Z,2020-09-22T08:56:40.823488119Z,91 6VVxyXT0a1hbQTVWASMsoxuOzp0pRs3Xoo4iQ4y4VWbBP5QuZNF4Sq2tYE4Ls
2020-09-22T08:56:34.494737657Z,2020-09-22T08:56:40.899992008Z,92 FwDgjZoheafRg1zbvohLlasjDz7TtRxWRNulsY9PbyMh1t88xJzurWUaBjU0P
2020-09-22T08:56:34.505922399Z,2020-09-22T08:56:40.980292067Z,93 txGrkpCwaM5230IhSUOmr52FrYSuf9934TxmgfY59ixCtaJvnzEIbpS0Lck5e
2020-09-22T08:56:34.517286527Z,2020-09-22T08:56:41.065042379Z,94 nXf7sqUZcrfnGyRXrFfL1RjHbafpIBYmOjrxPF3FDdQCrxe0vtVQ9pkA5x4lZ
2020-09-22T08:56:34.529638587Z,2020-09-22T08:56:41.144130768Z,95 QVWHHB9dHXHLCd5DPw126krQTQSjO39Pl9BnpcyIDRoU3bNcj21IqgTU7mTPd
2020-09-22T08:56:34.541278101Z,2020-09-22T08:56:41.223586489Z,96 yL2jAZgJIibwmalPyJO3pLJHKOWxGfBtqDJIZp7N1H1RXH5A93cCrhD8YEt2e
2020-09-22T08:56:34.552426730Z,2020-09-22T08:56:41.305343051Z,97 WSTLeEURn3SQZ7SkaVYVDUslqZ1SxpJzlP8AXwvU064IJrt2BySlXvs5TsFA3
2020-09-22T08:56:34.563416697Z,2020-09-22T08:56:41.379332730Z,98 qxb1U3JrkPqeXpOyF7iS1xs8HGu4WivFGt9DaCSVvcehhHTUgNRVIG0cF1IrL
2020-09-22T08:56:34.574488361Z,2020-09-22T08:56:41.458459597Z,99 ketJPY5U5zRiXltV3D6aUZsV4dfIdZ4y6oldpEgRN4TXaSpxHt0ar2vh6Gc8r
2020-09-22T08:56:34.585936605Z,2020-09-22T08:56:41.532058711Z,100 fHqn1lUYxHrcYb3ihW3FvttJLOxl83xQIOfLCL8fZosnzv9J8ytw1e35OxP2
2020-09-22T08:56:34.596228685Z,2020-09-22T08:56:41.610970835Z,101 S6ab2IJlie8NcpZuIbUQq3KK1vwrTm6pbgjAcdX8SfXkh9jvSFAisLfrnwXr
2020-09-22T08:56:34.608244705Z,2020-09-22T08:56:41.696690741Z,102 iMNfkty6qjvS9zFod333c2B7DMadsY3QQrHczB2phyhN0AK3s0O0Fo6sINHC
2020-09-22T08:56:34.619207844Z,2020-09-22T08:56:41.782468514Z,103 felLBPjwp3Wgqgnc9pRIpC75kiMYliaroeMMmYx7gZ5EBunRuZZnl318abXA
2020-09-22T08:56:34.630357510Z,2020-09-22T08:56:41.859103259Z,104 kkOE47VTuluTdAs5Bo9YoHB0fXVnzG5WqejGckoo0WiPaFD5klEX4mI4kRmD
2020-09-22T08:56:34.641122581Z,2020-09-22T08:56:41.937032856Z,105 X1TN17vQaJWXABFEKkudTLdquN7Wjz5CyVwFW7ahUOf1PD6RQcPyBuZnOUU9
2020-09-22T08:56:34.652254479Z,2020-09-22T08:56:42.016841338Z,106 e6mvIeWdG32hhZVA2csrzfX2wr9vEB2nO7dAJpA86xgMKGgOrEW9aoXNXyEc
2020-09-22T08:56:34.663659794Z,2020-09-22T08:56:42.099199685Z,107 vciijP6acNHtr9WCvXk34R7YNcx9SBrgbROtkfwnQMOVOgcAWz0lhL5KWmJ8
2020-09-22T08:56:34.674680880Z,2020-09-22T08:56:42.184230801Z,108 lmtPnKELI998MTNyf41KeozMTRslHCSfTQ1VdydDaabfVu9uloXMTZJ7yxGu
2020-09-22T08:56:34.685826471Z,2020-09-22T08:56:42.265691479Z,109 II2csWjelNDYNlRS32SoWjZ9lc31athIiOxlYgYhRn2J4yiait7ZMOtqDIlG
2020-09-22T08:56:34.697099326Z,2020-09-22T08:56:42.363534216Z,110 BoKcaCoJ0gyz66kiBq2N27A0Bils8cJZm0bSR1dES4T9lXctziqwb3EsnTGS
2020-09-22T08:56:34.707669973Z,2020-09-22T08:56:42.441424771Z,111 1fzYBlk3KVibCbXxjXrqwlZmWSiJutVNrDqeIwDXZMO5XjHojEIBO9TuLzlg
2020-09-22T08:56:34.718838542Z,2020-09-22T08:56:42.518391015Z,112 qGxx2h7Aol3njc4l9JWMNX9GSgPaZ0QoIJqe7eHYiWk1o2ZOeIFuBLx6Vk2U
2020-09-22T08:56:34.729965353Z,2020-09-22T08:56:42.591648913Z,113 LfBknK9ZPU5mZwUDcUB0r76avNE2iSDpeEBLDTPb8zKt9tg38bR3X8BLR3FO
2020-09-22T08:56:34.741054935Z,2020-09-22T08:56:42.659683150Z,114 4m4lLFMUqX5cELT8MCLArxwIU2JilbgMSr0RqDHSsX9zRgwnzGX4F1cLS2uY
2020-09-22T08:56:34.751277809Z,2020-09-22T08:56:42.722364941Z,115 Vjiojsb4x4z9Q6b8SXdcddwhhrIMfzYG72WUYmcofL7Jq1FazJUIOPL9DuZK
2020-09-22T08:56:34.762279891Z,2020-09-22T08:56:42.787552677Z,116 bAqem5E8nWBKpLJbHbS4wtcWoxjbkFzwPJ6NGTBMZAAks5hbnw1ZsDBYLjru
2020-09-22T08:56:34.774098654Z,2020-09-22T08:56:42.850788139Z,117 z5JKvudkWBF7972gEQRqIZBRDgZVuvBCtst09prL1FbGVMzMXI5c5AuXVPEs
2020-09-22T08:56:34.784847517Z,2020-09-22T08:56:42.911775023Z,118 qhHQukihpJx0wJixgbwBQVn9XIMzhhQFbK59W2tukiVe0hfsxvcfHSWM0cvj
2020-09-22T08:56:34.795422938Z,2020-09-22T08:56:42.985055444Z,119 CpK0arLn9UtpqO6w66jR21w1l3BZyeZlIzQ8AsRIq7lDoyPmeFxLlOjdLV8N
2020-09-22T08:56:34.806430220Z,2020-09-22T08:56:43.062893534Z,120 duY76mlgNE7KBLIUBrkb0yHzil5kE2fE2vdfbl2uRWfE7krXFtbbOlLu2dCr
2020-09-22T08:56:34.818360860Z,2020-09-22T08:56:43.146061965Z,121 R3cwZvvMyyaqp6h8O7xGxssQkZy9qUeFXR5EDjSs9GChmvXUTxjHA2LAZBu5
2020-09-22T08:56:34.830117802Z,2020-09-22T08:56:43.231145317Z,122 ATMJm1qu60xsrR06BPfUn8bkz3Ex1uX5NlKscTtPcJ1622KgeJjoZgyZr8sl
2020-09-22T08:56:34.841615934Z,2020-09-22T08:56:43.318693291Z,123 KqDh8E70WjKuvXZgzUt4BqrRI5m5UiQWD3q3RDCJMcJDHP5kwDmOeDN6tHki
2020-09-22T08:56:34.853058802Z,2020-09-22T08:56:43.395532040Z,124 DAw3s7P9Y7GqzJoJ2a4KAZSZ9ZuBfliTA9e0Paz9mTwwQpVsl59ZLvLhrbPI
2020-09-22T08:56:34.864673054Z,2020-09-22T08:56:43.476515752Z,125 s3RSD9sqBjyQX3a5ZxwrUJuGCKaEzKxMCKx99GFfLL98Z3FWkuyWtI9F4mgU
2020-09-22T08:56:34.876209204Z,2020-09-22T08:56:43.561921681Z,126 HjSvRTiMW8pcWKR7upwM8LG5EOjsD4XYjFMMuRf75DLsUS8Ff4PLMCjdGKJC
2020-09-22T08:56:34.888822533Z,2020-09-22T08:56:43.644882879Z,127 xPwWfuuqmFVZ71OtZPCpIHBURtgk7yNEEAKu7Kaww2fHu2djpD9tXoWMEWIv
2020-09-22T08:56:34.899437130Z,2020-09-22T08:56:43.728176193Z,128 kvymStCKOHj3wCnidUgAPddECWNjmvFxe9nh3WqbP7qWopaklJ321aMkXlub
2020-09-22T08:56:34.910187184Z,2020-09-22T08:56:43.809567729Z,129 m8bFCncjnzIrjiGF8NCf6KeSMtulLt7DAsgeJ0aia9moE5VmO1j7yQpBhIrs
2020-09-22T08:56:34.921606399Z,2020-09-22T08:56:43.892669025Z,130 OWBLNVHXC1omhu0lESBW04uuyCYBegj1Bz0fI7Y8zjtaAs6fAlmvXEcSh2MB
2020-09-22T08:56:34.932878828Z,2020-09-22T08:56:43.977209524Z,131 21gqWEjp03J0Y5Zg9COjjJfHtmSc1DC1kLQnsfQqPB3mlT9nPKxGaqB6CF6q
2020-09-22T08:56:34.944015752Z,2020-09-22T08:56:44.059583299Z,132 1UHGEFjIvISsKGaQdXmoZ2s7szcwdaWQaFN6mPponsXces1UeebBl3uukrFG
2020-09-22T08:56:34.955466740Z,2020-09-22T08:56:44.140515454Z,133 vGDEbyJWD8xfazp2a6V5EFHAeyH2Fw8zEmSOrU50leVW4bvj8t0NOVTpiBFe
2020-09-22T08:56:34.966721574Z,2020-09-22T08:56:44.218457143Z,134 0oaaygCbQuvPqCb8WQRnGv6oQI8SiMJOQuYaaRGCR3NvtY5C1fhV6xoZ1F8t
2020-09-22T08:56:34.978041992Z,2020-09-22T08:56:44.302197221Z,135 kL0So5q8Qo7yAxP0sJxgKfPZ7sfafZrEuM8yoPCdYLtJ03FLHsT0tQlwLSvH
2020-09-22T08:56:34.989500595Z,2020-09-22T08:56:44.382929924Z,136 uIFjbv35fnQScxDZVeEKEDoFiVglFIZ5TSfgBjlmgYQd9zm6LFgIyOGvl73I
2020-09-22T08:56:35.001468267Z,2020-09-22T08:56:44.466576965Z,137 0iKm4Bq2c5K3Vsd5IQmvgb2QE7DvdBee6sQ4ZJHcnjOalM7BucEONW2nh3aV
2020-09-22T08:56:35.013039726Z,2020-09-22T08:56:44.552897768Z,138 XoCHveFlyWnPZwuJQU7h7fMTd3m4G9uDc7rGi5URCPXnMIy7ljSPpI18S7Uk
2020-09-22T08:56:35.024466520Z,2020-09-22T08:56:44.638538445Z,139 BjcGaG9ZqOBbD0z6zViBbPQyvCSWMb71m4nR93rtI7NoYsvJYJzS4KKsto1w
2020-09-22T08:56:35.036475648Z,2020-09-22T08:56:44.720280624Z,140 Us26DqIktrwXzZO363maK2325eVvaDfondqoVLIVI2RuPDf0HNPT9Uby2xu7
2020-09-22T08:56:35.047589702Z,2020-09-22T08:56:44.806597160Z,141 njgJz4PtpEgDhiXjABeQAO1ohpHTGB8sRsMl4jPH79HK4vxuxAoUIjMqgEiU
2020-09-22T08:56:35.059138263Z,2020-09-22T08:56:44.885854918Z,142 V0vH4bcA6dbOhyGc6dSbsR52vPezbujx0C9ICOLy6wUO6biCGTpPB1auZpgY
2020-09-22T08:56:35.070112701Z,2020-09-22T08:56:44.965568755Z,143 ZW2huyPy9Gm3FuyjhxZejcbj7vGUAbbruTv2FLVPbqkTGoUIos8dd8uGWhDa
2020-09-22T08:56:35.082294991Z,2020-09-22T08:56:45.050172314Z,144 GKhnw14mSdt2ouTj2wHBFj89RBdLRL0LDZh3s4Djz9mGTI6LGKlHJJ699lnB
2020-09-22T08:56:35.094031028Z,2020-09-22T08:56:45.136746468Z,145 ND9SQPJMgMa2wQf0kVVR4I52TBMtdUB2UCLVieM8pSWoNwtTD3JckhfMAWr4
2020-09-22T08:56:35.106054038Z,2020-09-22T08:56:45.215780287Z,146 lEYJbSNtwKb5BzCc16s5inPs8uqyobJvKRCjFugkD5SO94tmzxVVrDPlgqpL
2020-09-22T08:56:35.117509900Z,2020-09-22T08:56:45.297500780Z,147 1HPbKTp0vpD0EMqRn0zQy8PSBHzTpAH9iYDRtvLkcARb3n318RvHIXSfp9rm
2020-09-22T08:56:35.128678725Z,2020-09-22T08:56:45.375773221Z,148 seaCbyt4qKXhtBTPRIeVyNv0bMJPft3U6ioGhiNnKxvYmnkNCdjiDEVtnSwt
2020-09-22T08:56:35.143626186Z,2020-09-22T08:56:45.457533623Z,149 ld3Xg3fiRka4XRwz9QCXmejDvVxoAZFgNAv4U1lrJ9JL3bNTNzhCdKipiWrz
2020-09-22T08:56:35.154970909Z,2020-09-22T08:56:45.540299349Z,150 0E1VPkYmp0DjTKS3QlRWNGZ3GeBYaumH3fCBpKB7nD8jGCz9iJ0ciFGSSHEl
2020-09-22T08:56:35.165536646Z,2020-09-22T08:56:45.615675301Z,151 sQ85KogRQ1hWnBkbzezTHpMr2RjeFxqGB59rj7GB0DC5vQtG5hArbJAKKrtg
2020-09-22T08:56:35.176350203Z,2020-09-22T08:56:45.698047162Z,152 u9Quup7xdpJSZz0spP0sHTITDD4fRU7fXJiGyP59zlRVWqjgDbCGUfoa9sIV
2020-09-22T08:56:35.188145914Z,2020-09-22T08:56:45.779295315Z,153 Qx9b9sRqcGS9d5BZ5ldXnlEsGz9ZE3KPqXyyDcuIOFYo6gocXH5KvJjtJDJb
2020-09-22T08:56:35.198559353Z,2020-09-22T08:56:45.861746067Z,154 2pGozhRtLiMdF6SXPxiOaG7mgd2wIwi176asKW5mpysoDBA53wd6HhOQrSEH
2020-09-22T08:56:35.209677297Z,2020-09-22T08:56:45.943874542Z,155 nHvzsx2jjBqQjGTqPIoz0TyE0TXyKRjzBnHS9qU0dFKrpVETuMYXue0zweFn
2020-09-22T08:56:35.221121984Z,2020-09-22T08:56:46.027536125Z,156 U8MFhOyHUwL8Q081RkhX2L62jiXuZ8KX6SQB82EDPVNuGJd7VHUZYjH4yEeo
2020-09-22T08:56:35.232651038Z,2020-09-22T08:56:46.109257728Z,157 ZClFFmi0FHw7JMrCCxWYSnfRY8Zhh9ytyYytlQgDlkrHvMW6uJgimoQpWc6b
2020-09-22T08:56:35.243882631Z,2020-09-22T08:56:46.191257874Z,158 PT876XZCWq8ykmJ0utpNoBCgNP4vcItXbIGjM9fq3G83F1BHHkfFFCLpedBW
2020-09-22T08:56:35.254450153Z,2020-09-22T08:56:46.281064043Z,159 xu0fimlQrPq28u02CHuoUbEWtmIHHUDSx0BZlF0paIMEZ4oseHWYegASrDl4
2020-09-22T08:56:35.265206508Z,2020-09-22T08:56:46.356766103Z,160 fnwMF5lC4HE6yuojt5A3miwEDdOiUNPq4arUFu8cXGrHCuODLOPlxFVPZ4bG
2020-09-22T08:56:35.277262300Z,2020-09-22T08:56:46.438425196Z,161 tb926P9JhD9XyoCkw3s60WQYlewH35mTfU0W3ReEzClYFa8DXnZfvxSUx7cX
2020-09-22T08:56:35.288653771Z,2020-09-22T08:56:46.521635057Z,162 ujmrafhjwjDRYV6SExNYtJlilzbBYw73Gp9Dnm7T94JGZm0IQdqJmR4aLHyg
2020-09-22T08:56:35.299619512Z,2020-09-22T08:56:46.604620868Z,163 Eh9hA3XKTWc9ez6b1T97nmq5HTI7ULgWDlh3qYcrIgpg88ZnDCsIxqReLpA5
2020-09-22T08:56:35.310971266Z,2020-09-22T08:56:46.684541070Z,164 QXtCykoFfQ1s1RwhHQkxQ4Lx3dKQRwDw7ULp7ZHsy5DBnkWv6Sm11H3OBFVi
2020-09-22T08:56:35.322863366Z,2020-09-22T08:56:46.766426673Z,165 qcXkU8buzeu4Z8Z8450xdxf3YHfIU5kplaKLWgXur2DmaCOE5Ov3qpuosIE6
2020-09-22T08:56:35.334387920Z,2020-09-22T08:56:46.850642181Z,166 KA2bX0wwTA81xae7RqFVPCWW4lmZHdXouUgco5aWAnsBEC9E1PXqjIkdZI8H
2020-09-22T08:56:35.345742273Z,2020-09-22T08:56:46.932001219Z,167 UA2FPrBz4Ol82IYnsMr6qmhygEnho1BA9J4gmrMrewMPMae7NKbfngUIi7PF
2020-09-22T08:56:35.356955721Z,2020-09-22T08:56:47.017548649Z,168 ppnPNy1q4ZdtnetjW0JcvHkvOmTF3eVGirIww0WMcPkkkqpla2vO9p8wuiVY
2020-09-22T08:56:35.368236839Z,2020-09-22T08:56:47.096970846Z,169 o2axPPoqyzOwA5aRAD3cwv6t6U1MLJqiHfHD6LzTTVEoLXm5pI457VOahmbn
2020-09-22T08:56:35.379690980Z,2020-09-22T08:56:47.177597026Z,170 8oCBAeC3cGo0hNEm4SYhHPUZ45Migk1N9QAaoJf8xj1VaKtSQUwsWNyQMJEh
2020-09-22T08:56:35.390519834Z,2020-09-22T08:56:47.257681021Z,171 MyOlaSETqOZsu93OqWlVoupSaJi23ZCalehV6cJGmfzOGWWAi0B7Ty7G0j24
2020-09-22T08:56:35.401884403Z,2020-09-22T08:56:47.339809450Z,172 xPaJvzIOs9nJMmhdUsYorfsIa2b50X1xqSIiXJ62kFQTXdJe26O1wZ6VpCK7
2020-09-22T08:56:35.412158223Z,2020-09-22T08:56:47.414779397Z,173 lhF5UDMV2ibM9QFY9kNKecFFqnbv4KWDJgl6rQB1qFJCgKBWMJnk1SywRpkA
2020-09-22T08:56:35.423375592Z,2020-09-22T08:56:47.500845441Z,174 SrfTERtGzpSRFKRsc8LcYaJi8iv4JjFWYFjfoWZKuuqoJpXX32aHJmfCks9o
2020-09-22T08:56:35.435280862Z,2020-09-22T08:56:47.588529019Z,175 flesYRmeG38lMJinlmdDycESagk4zo2Mlmmcu0Da8Cn9AaPeNTc7s1PW7vEk
2020-09-22T08:56:35.446607420Z,2020-09-22T08:56:47.671153475Z,176 9KoVovRbmXjUKLZtyFYHx3gLF3Vy8nDZUvLv9CWYiPHsiTtFGo4zy8Wz4Qrh
2020-09-22T08:56:35.457922875Z,2020-09-22T08:56:47.751794726Z,177 fcLQaGA9FekQ3KS7h539TKyg2r5mcGDndgpp9PwYz9Xk4eogEimieBpNYh7Z
2020-09-22T08:56:35.470107240Z,2020-09-22T08:56:47.832638941Z,178 jWkyDUjpN2MxoA06AmyKQvd2wT65IaVmgzV6xpxfa8Cv2DaSTzorZWWm3tfG
2020-09-22T08:56:35.482013261Z,2020-09-22T08:56:47.920996539Z,179 EhBOhunr7WBceTonurKY4gxWWDLZXWnKANCTmKE6dZLWFxtTzV0y6y8rmHQF
2020-09-22T08:56:35.495206822Z,2020-09-22T08:56:48.002428864Z,180 VDTIuo8DmRZS7QR1JjtlqAoFAaZsDMU7QrnJ8231VAhuP2U2PzafQbiJDThQ
2020-09-22T08:56:35.506310109Z,2020-09-22T08:56:48.092987757Z,181 3MA3owuXM1IjGFsD2lJ0mkkd6vvnm6bBfdtCcnEnpvGOFwCqLWu13ABgqISL
2020-09-22T08:56:35.517957621Z,2020-09-22T08:56:48.176294091Z,182 clwcYpnWcOBRpWgdExLzeFitx0wlY8YiDFPCFRDqQpWqT2n67OvLgbZDbCFS
2020-09-22T08:56:35.529366885Z,2020-09-22T08:56:48.252828017Z,183 nx3Hm70JWbAAwPSOPvyZlKpIfaRtSG8idWwYdkGkX4JI9D1wjlkhrGoPhaLS
2020-09-22T08:56:35.540769876Z,2020-09-22T08:56:48.337452571Z,184 5DyWC6Cf2T7qn37Rr8rhyGyFaJzkQNx9rzjBikRQaCLUSAi2IosOUnlXHT7S
2020-09-22T08:56:35.552089483Z,2020-09-22T08:56:48.414877113Z,185 nkNeRARMfDFFxkWJuWfH7LBToHXcEOvBZfXTxvZdaK9y0oXM5f3hj9h7SUUF
2020-09-22T08:56:35.563324415Z,2020-09-22T08:56:48.498325785Z,186 jdAfN4StXvlz3hJBqz6Zjr6XGwtXZ8rMceIFfMCT9idBvAqfnolC576Xnsqn
2020-09-22T08:56:35.575125364Z,2020-09-22T08:56:48.579066199Z,187 9Y328vyRNoDy86U4wQ3Sd1VLYiF8HPKoLUmKkVjTjRVUCUKhJkdBee0CcweL
2020-09-22T08:56:35.587192980Z,2020-09-22T08:56:48.658082082Z,188 MJaginSCWBA25FIKass56MUs3mSwqpdUFelqOgg68LJ2DmgHZUwNvY0KZDwu
2020-09-22T08:56:35.598048348Z,2020-09-22T08:56:48.750173881Z,189 ixJTqnzelIRCRKnxPGA29L8WUMYm5Y0GquZVqjJDr1BMySDPNoFBpixnk4fH
2020-09-22T08:56:35.609257429Z,2020-09-22T08:56:48.829946429Z,190 yxXD6LvFvbzEBj8L7dg82Rn5vXHhvX3A9sOxaOm9AZV9r49o3FoH3eQEolLC
2020-09-22T08:56:35.620405414Z,2020-09-22T08:56:48.913670671Z,191 BTPVfhEOHXCZowR82eBlRI7Q2B1HYQVAh1zXf08vILEnX1Jts1HWncWtC8k9
2020-09-22T08:56:35.631647561Z,2020-09-22T08:56:48.996832771Z,192 DSMNUTNyAWnVTt8pipsAInNnpnYLI0TG4fUTkCvTph2tkit0hCCQIhYadPRD
2020-09-22T08:56:35.643254854Z,2020-09-22T08:56:49.076419894Z,193 0ZgEIYIP5Evq1Yd9hULFffxqnpGfLJrDOhNiWXuRJpbe2BbSkWe5fk5EzoRW
2020-09-22T08:56:35.654967078Z,2020-09-22T08:56:49.155299240Z,194 0lQoyBrz2ALs9iNHkhcKzmnYLzlHLOjmjmpqkxrN1ekktkI0jY6C2VG23hIv
2020-09-22T08:56:35.666800795Z,2020-09-22T08:56:49.235491747Z,195 misT3ij3jd7OPcdfeZL3gt86talQL3l9O61hIlofU8UHynxcdAUzJtXA3Ujd
2020-09-22T08:56:35.678748518Z,2020-09-22T08:56:49.322695141Z,196 MjBe5n9AjQOwCM1L8JflRifpJ9kWqoQlXIxfUL8lUrCBesSKGcjBdFWtOvaI
2020-09-22T08:56:35.689305945Z,2020-09-22T08:56:49.400246608Z,197 F4tEkrVC2K9704JfHQirGdS2llTcxAgpRaPMlVBlPD2YRUiZzMfZyG58ebp1
2020-09-22T08:56:35.700939305Z,2020-09-22T08:56:49.482769945Z,198 IrHOtzRhqhdhkSSAdl8xSTkdjd1799XTHt0yKvGDgwZL0jczRpOyKm8GaxEF
2020-09-22T08:56:35.712231484Z,2020-09-22T08:56:49.574042499Z,199 c3IlacZKN4q0UXq8aPZifVm60p2O9biUkJFvn5EbUzjLVB83FxE0qT2OguuO
2020-09-22T08:56:35.723739349Z,2020-09-22T08:56:50.657327228Z,200 b592cGr2m0QbkYsg6BJWCDVpvZL95UuBX7ADfSNjyhjyaKHNHmNRR3FzZRbv
2020-09-22T08:56:35.735205196Z,2020-09-22T08:56:50.735668767Z,201 89gGmeELh3ZYjQ9dd3GmSSqVt8zd7slmcg6AvivJ6c0QvE6HfnvjWQhRqGhY
2020-09-22T08:56:35.746663870Z,2020-09-22T08:56:50.813929609Z,202 jofh0A3RFgI9DqrkV1mQvY7XlJRZtwsoq1LKWlWoSM0v6dFC5iQw493X0pAh
2020-09-22T08:56:35.757306773Z,2020-09-22T08:56:50.899085245Z,203 UpWcV0UAa7nr74bedxVuz3QBbpTORi85DscOsVxjBKImZb9eWLuCIHsf1C5O
2020-09-22T08:56:35.768752122Z,2020-09-22T08:56:50.981986000Z,204 bEHmlDMUo8kmiJ3o1FanE8n2rkivupOIHPJXQf0yHXYogZjTQDux8II2Mk8A
2020-09-22T08:56:35.779102766Z,2020-09-22T08:56:51.066828882Z,205 dZi86SdUZg3cn4LUkymdht8K4oVzYfRbYfRByJDWR5VFrPCgmOpMA58tlWo9
2020-09-22T08:56:35.790817436Z,2020-09-22T08:56:51.149211474Z,206 yKZHE5sMmRFSdM2PwGjmpV6jUtyIjE6hyPYLlC5wlLco4KAgso6kD9TgUeHz
2020-09-22T08:56:35.802163790Z,2020-09-22T08:56:51.230888957Z,207 KJ7ffkwewbHUegZqRfC4gwNtXhfUPOKzaHz7H2o1oQ6b9huogFvNcQtLs5io
2020-09-22T08:56:35.813864661Z,2020-09-22T08:56:51.307863977Z,208 cUduev755q5RljmqQmLd7rDbPYmzEk3b43DTR1HP4PNE4KOMuy32fJrs7ybe
2020-09-22T08:56:35.824345624Z,2020-09-22T08:56:51.390969163Z,209 4q9vpRPf0opj00jziCJGI4YB1kvfrGhGTXVeyvPW5OcMbKtuN2La3PFEouN1
2020-09-22T08:56:35.835516318Z,2020-09-22T08:56:51.465792032Z,210 cacAaLpFDEE3MMac8E0tAAmQ4DqWSBfNdurezBEXCh9UKKfc8fOo6XPvY1zw
2020-09-22T08:56:35.848979355Z,2020-09-22T08:56:51.545270669Z,211 aYkeWXai7I4sR7xHYiUiiNwg4MIvtmOzesIu9hYcj74QrWTrvet7RwCdn9jH
2020-09-22T08:56:35.860783612Z,2020-09-22T08:56:51.625343097Z,212 tCYASTktTpafHPmpdxqPo1mFdRYvaCde4As7rS3ez0ySdXlgWgNdgqOH3qeh
2020-09-22T08:56:35.872162252Z,2020-09-22T08:56:51.695725188Z,213 tYT5ITUzbcLXFGXvlwvkb8T1d1X56mFYdcBS0ah5lduCirTKRQ96taVamG50
2020-09-22T08:56:35.883770419Z,2020-09-22T08:56:51.767626898Z,214 Z6ZUtSpRzIDlqYfFpDKEa03psue4mBclEgOO3KD6lbswvXV9adKDuMOjoBCI
2020-09-22T08:56:35.895457423Z,2020-09-22T08:56:51.838656510Z,215 w9QHS8SRHhX6KeFiwrxixZp3oLUjifNIkPWTdCJzooN7FYtYLM5FacabVDe4
2020-09-22T08:56:35.907184346Z,2020-09-22T08:56:51.911444646Z,216 dNSn64hqjXZ9ykGOqxbZY1fH5CAo19zAVlK42C2IuAjaleCw9v4n8AfxO4kr
2020-09-22T08:56:35.918403192Z,2020-09-22T08:56:51.986024183Z,217 2jvmatJ7KiIuCw8mGMMzHdi4r63an0404a1TEmuIq8eR66Rt386FhHKmWDZk
2020-09-22T08:56:35.936842741Z,2020-09-22T08:56:52.059189404Z,218 1Su76U90QnnLvLJDiih0WCsDsPJx4EMUEGGsk3g9nNSbuf2J6RDoqvnVLbee
2020-09-22T08:56:35.947869089Z,2020-09-22T08:56:52.126561168Z,219 4bklQHAA3nbDid2oZqS11hfkWYCxaoEEYarFHD6atovkwc0x4fSQBJ6prlbs
2020-09-22T08:56:35.958921079Z,2020-09-22T08:56:52.193251635Z,220 nVTjBaqKidJQC9YXyiWGN78XBF94CC7jfnUbOi7L32m6BXHpT5igQF4GJwBt
2020-09-22T08:56:35.970971943Z,2020-09-22T08:56:52.259760525Z,221 lLh5PBoFOU5Qml9DU93TBd6SH0qZYOsNNf5HyOSBompWhkXbS1eu7NJ6nDrK
2020-09-22T08:56:35.981652751Z,2020-09-22T08:56:52.333294530Z,222 xJdg93pBRb0GkvlwpBMXvA6k1n1nUhXvZsBxHkZf5xO1J9n7AnatvtaUi0TR
2020-09-22T08:56:35.993785195Z,2020-09-22T08:56:52.406266906Z,223 0z7T8zyGRlDgCBHHA5gj15Zy6LVJtUe5O2CP37wEe7RUFxzxTfYE8Retj7uR
2020-09-22T08:56:36.005251675Z,2020-09-22T08:56:52.477127667Z,224 DaEmDwxI8CWlPj686rIX8Mc2UCyOiL7SfPwVhAhEKKjgSxgtomWUH2EW95o3
2020-09-22T08:56:36.016766787Z,2020-09-22T08:56:52.551218691Z,225 vZsg76g2lruZvB7A7EwFdKM2jGZn4Z6oSNgtNnegH98q3pAuF1Ztz0ClgEO1
2020-09-22T08:56:36.028542306Z,2020-09-22T08:56:52.628373570Z,226 qMHQViJ1FuN1FLueiNLiXu5hbJ2JPHMBe10mGZrA39WYaLIS7XXesR2qtiXE
2020-09-22T08:56:36.039603267Z,2020-09-22T08:56:52.700185636Z,227 QkXgqrX1uh1zkCZj6etcvz8i5asJ3kojckwxWfqkCFJs9RRwEboYo7ABaRhq
2020-09-22T08:56:36.050602271Z,2020-09-22T08:56:52.773213326Z,228 5WB7iFWOLGKNR6eCYpSplxnjQcLcyGrHt19JioyYMEJX9DB2HGiYoR8eCjkR
2020-09-22T08:56:36.061979956Z,2020-09-22T08:56:52.852348012Z,229 HhmUicrHgmWJ9sZHMCQvdqskSFPLhOik3JrnPUc1DIGCPtEq9fNmh4jKcdLU
2020-09-22T08:56:36.074016812Z,2020-09-22T08:56:52.922526759Z,230 FqG8ITCwW1dHCblYVeHFdRde7sUwYSxleAvDgpC8kVoz5hjrI5DFXrnRswsh
2020-09-22T08:56:36.086002275Z,2020-09-22T08:56:53.000723173Z,231 S7Th9D71P3K7bXVUcwt6pylUZ4uBC4ZpVm1iWcArz79kpGUuFGT0Wd9EhQlx
2020-09-22T08:56:36.098232676Z,2020-09-22T08:56:53.072075664Z,232 LRt4blVtkHSKUEd3fQsfjEOlwoGOhrakRVymhWbny0sylyexDoUaO0ePmoMQ
2020-09-22T08:56:36.109975859Z,2020-09-22T08:56:53.146193973Z,233 kVjVOFRkNJpgysSR1huYRH0mw2kxdxhfUFBLP4UPkxicL9Sc2HdKDz55PY0q
2020-09-22T08:56:36.121984484Z,2020-09-22T08:56:53.223157038Z,234 YhfmjE4YxKVmRyj5vszkUyEO7xPYxI6Xce9TVxyVGYnzvnK8xewbsUERJ12E
2020-09-22T08:56:36.133598901Z,2020-09-22T08:56:53.296469123Z,235 LUafLIv5nmbNZux2MBdB7lYabDsATaiypnS1GhUVOkaYTvnIsf6lEEhynHzo
2020-09-22T08:56:36.144085922Z,2020-09-22T08:56:53.376890618Z,236 u3ylI2g76VqsYlW00HsVQgKkZRRyRJRbh298EpjBl9aGbAMaEKUN8VEbitUt
2020-09-22T08:56:36.155753277Z,2020-09-22T08:56:53.465588021Z,237 lgzdfTrkjrpBsmfN6xKAwDsnwweiyafYfpHs4HHvzOzlcXmADGmU41PMfIeY
2020-09-22T08:56:36.166547708Z,2020-09-22T08:56:53.540631479Z,238 2WcVjeekCNoG8X16Epk5tZFkDuRMtZvTWezdAOZyarkqa7eeUlxoVjCCMqbF
2020-09-22T08:56:36.177359155Z,2020-09-22T08:56:53.615240627Z,239 OoT2FHzA741SqEEznThLWrkT8cFvqBbUuQmYlNiwbKCjufbJPLtnN4HNfNKw
2020-09-22T08:56:36.193068266Z,2020-09-22T08:56:53.689301003Z,240 MR6n8d2hmri369KFzqdfunYRsJDkfQc1DdBm2uVggvmfC3IhlNopDRrQAipc
2020-09-22T08:56:36.204776878Z,2020-09-22T08:56:53.766768117Z,241 zblhV1PCkIV7sR7Kv7vLYdnvwjVOn7O08qWcvppwWV0kMxi3JmB8DIEg5qJS
2020-09-22T08:56:36.215814837Z,2020-09-22T08:56:53.843534077Z,242 bXLySifbKZDkquDbgD2eK2VBwzJr4BknC1tDngxHeVlzRKA5oORJpbQ98eXs
2020-09-22T08:56:36.226796231Z,2020-09-22T08:56:53.921774393Z,243 T2uZwIdEZ0w0U9JorxfkqzgjdQm3oN7gBETUuOmYI67aArv0Z6yyeF5PlWDT
2020-09-22T08:56:36.237927906Z,2020-09-22T08:56:53.991932360Z,244 7SqbrqItKY1e9ExdKNJ7NIky7z5HHvTPYszZZgfVVPYJHVK9nnUGx98b2w8n
2020-09-22T08:56:36.248720461Z,2020-09-22T08:56:54.064236556Z,245 6ZjjeRp8A21skA6XOTEx5mGVkXxfqkthl6Z6vaMpNMPR0u04kW5FpTh1jFeT
2020-09-22T08:56:36.259495935Z,2020-09-22T08:56:54.135740820Z,246 mELnE6juLJbBmLtIaA2FVkczI4W3IZ3261Mxa0RLuLmT3KBLxVf6WlWBwrng
2020-09-22T08:56:36.270522210Z,2020-09-22T08:56:54.206074374Z,247 7J74XYTXAFZXK4bUtRWJgKokwOOUcjtkKK06rhVejKyvZPRxMcP2fKORBHnS
2020-09-22T08:56:36.282011488Z,2020-09-22T08:56:54.272412969Z,248 2hJMOKNbRTuuFDXACNuX8PC2nJQziJVRgY4oBYimQzwXIiDvcGVZa5UDclAw
2020-09-22T08:56:36.294165389Z,2020-09-22T08:56:54.337798083Z,249 8kCjMn7lTozsUp577F2PuFVErAw0Uh1PWzsneL9XmCYojLYnUu41aDbEidCo
