2020-09-22T08:56:32.678891760Z,2020-09-22T08:56:32.684544182Z,0 22LbRwYrOvisenJELX4kIBmZjoz3bwIBnUf23yAHTBL9AkJwva6LxFxIW4u5eV
2020-09-22T08:56:32.692013323Z,2020-09-22T08:56:32.754855335Z,1 5ZYiaO4KZyDdgQRKhv69hzLsu0SeC3XVcXqBJMvXXRT86tzPt6aZKjHPGZkKsV
2020-09-22T08:56:32.705854376Z,2020-09-22T08:56:32.834107367Z,2 dsuKU2JSJhldaqmeo5DitjZNGCO2pxJN79FkUwR2ZCohY5MpWbeAERUqGAuPGt
2020-09-22T08:56:32.717094429Z,2020-09-22T08:56:32.907951739Z,3 Jkm7v32cz0IiDBGT6Gobabzu6oQNGaXlYCYRGrGsWIPVH2CManKTI9kUrWacdr
2020-09-22T08:56:32.728340100Z,2020-09-22T08:56:32.976931759Z,4 RowRbOEez9AFvWutnzmA5Y3Gv2Xi90iQ38vt3iU8kp24wDFCMR0QLi4NkDEjGv
2020-09-22T08:56:32.739726229Z,2020-09-22T08:56:33.052141286Z,5 SLJoXABZzChDR9ZcdFK8wKbkomHlpG1Nvs0bGKA2oczAtPpuuD9hUMouHl8LZe
2020-09-22T08:56:32.752034347Z,2020-09-22T08:56:33.122043619Z,6 UKhIjHOu8Bk5I0pby5tbPHMWfN50qaw6efepnRTd9G2BcwuwheTtZ49zmSfEkv
2020-09-22T08:56:32.766950916Z,2020-09-22T08:56:33.198339193Z,7 mqUoAnQiYi3eneM3gkh4MJxdRl9BDcjI2G0nHyZpNZHZLKVItRZxYxuq3EGws4
2020-09-22T08:56:32.779237522Z,2020-09-22T08:56:33.273428162Z,8 vv5r5ppaBYWj0pi2xTuZWuEoMnzwPJ7nTYPGt9Hh4y9tub1Doq0yHutYrjHKcl
2020-09-22T08:56:32.789575151Z,2020-09-22T08:56:33.347063425Z,9 OjevVIWl4TrmJSnUzAF9VeRKaZHCrIgWVlqy1KKJyrPUCqtZjPcBDuHAZckNun
2020-09-22T08:56:32.800389658Z,2020-09-22T08:56:33.422513620Z,10 nbZ1rQvEoP0DFXrcyjDI6bGC6ebrIGmK8vPuwlBeawgG6MXsbvqmel1QWNLxt
2020-09-22T08:56:32.815522533Z,2020-09-22T08:56:33.499085595Z,11 JZbMunWp5ZjZoyD0FGuXGofdJrmApcP6YGuqUKXrLH9XiLBMxE35jAZcsLKDe
2020-09-22T08:56:32.826639621Z,2020-09-22T08:56:33.570526777Z,12 9p7m5hAFz7DvlDoKp26yUKR0oRjzBUnNU4jTWCsJuoq2XcaqnDIyIq1fhSsk3
2020-09-22T08:56:32.838244701Z,2020-09-22T08:56:33.642326780Z,13 9wmzRZwxz3GERQ6stiCQmEeME3w8xysRC3YI9UULvyw5HHvDI6PgRuoBpaGnT
2020-09-22T08:56:32.848958631Z,2020-09-22T08:56:33.727636978Z,14 MuCsUDnkAYzW7HmLx1MSzPQCHLQlS5JMFLyRTApsVEw3qmxleP0puJwe9t56y
2020-09-22T08:56:32.859193860Z,2020-09-22T08:56:33.805840879Z,15 pC3B20bykEBFZRKyyRLyLMtHH0OQQUdWLZkNJ7PbLATRSvMMpR7X8BJ3YztDw
2020-09-22T08:56:32.870975601Z,2020-09-22T08:56:33.881642770Z,16 NCKb24fdAMARjEQ2vANP5d6SCgta0L8LPR569RnQ5Ru7ghTL0qzpKgjZylcsD
2020-09-22T08:56:32.883441270Z,2020-09-22T08:56:33.968515634Z,17 8pAftQL1AcDdymggflUhpMlhtXpASf0padDvK5jQLjIRXaNxYHJe2rKVUZgkX
2020-09-22T08:56:32.893906367Z,2020-09-22T08:56:34.051147271Z,18 7Rw5BEyzT1dDTkOJst78MwdCU8d8BteNOVXPmWNq7QrwNntmbBM5HCa6AiKGQ
2020-09-22T08:56:32.904582793Z,2020-09-22T08:56:34.143065494Z,19 gmTwKsorrc1xhpUdDgQxnWF7q3UXeUJq1RoDlfa58y4IsKXR8XYeRSkexEOp1
2020-09-22T08:56:32.915863796Z,2020-09-22T08:56:34.230058791Z,20 FIsX8z5WL2S6hw0x9irOF2eTwQuPVwu7ewpWGSnkAu70wFW9Eb0MTMXPYgUJw
2020-09-22T08:56:32.926810719Z,2020-09-22T08:56:34.325353455Z,21 tPkRJeecni2JEOsCISLB6MFynWeq5fdGVFP0kofrvyiMn8J1DAE9W2zIooPcG
2020-09-22T08:56:32.938043488Z,2020-09-22T08:56:34.437204417Z,22 SK3eolGlBLH2inzbxrlbmGsKprYJzzErId3F2PqTR6HZkZlF2oJjp4HS8EnMt
2020-09-22T08:56:32.949244821Z,2020-09-22T08:56:34.525944380Z,23 AbDBOdNKNLvOtNVHZjmHwPq3WiXtwdFGBKVJGftJzMZcBVv6xc5Q6MpNwSCj1
2020-09-22T08:56:32.960343151Z,2020-09-22T08:56:34.605384652Z,24 b4LhraOOfHKuJyIZA8t0Wvoq3Gw5KGbyhbjZg9QgnuVgG8TC5r6tzOVDkX5lV
2020-09-22T08:56:32.971492413Z,2020-09-22T08:56:34.701640637Z,25 zu5L3KvOMQ43MYPpXMQpd1xLMpGx1JMHrHmVq8rxM4FDbBzAly5Ev3G0JcYHI
2020-09-22T08:56:32.983695865Z,2020-09-22T08:56:34.785527313Z,26 XvHnui6R8QFqDit8RUpCecNAfqSPiUAH1jMkQ0RhKbywlPDQOeJ4eLvTl8q4E
2020-09-22T08:56:32.994133763Z,2020-09-22T08:56:34.870914807Z,27 HUGTs51RWpbwsH2MAGMI7g7v0sdY7OFrvCxjrZOqifPG0AcsJUgdLIo5J6n5t
2020-09-22T08:56:33.005216196Z,2020-09-22T08:56:34.957539666Z,28 THASmxHzqxJT6Gx0gcBWoGLKtWnezH0JgmHc1zCyq94RGIRqOUhfIhgjKSW0x
2020-09-22T08:56:33.018393099Z,2020-09-22T08:56:35.052681705Z,29 INwSDu6C2L6fhenqkrWZtQBmL7ii9zPZytHsnucwXlbZTR2rLAVaVNIaP4GMm
2020-09-22T08:56:33.029613353Z,2020-09-22T08:56:35.138969694Z,30 Z1rtNZO1sFOSwe2Gm4Mjx4Fd8FWb4umblHHsDExegvAILeglO43ViDrdZSHR7
2020-09-22T08:56:33.040397423Z,2020-09-22T08:56:35.225554584Z,31 DSrZQSu9cqfQGZETbl1rhQgKbP0cl270PBbB5GmbRPGGZm9sV5abzaWymtAXd
2020-09-22T08:56:33.052230821Z,2020-09-22T08:56:35.318259596Z,32 8uL27Xwl7dpET8blWCMxrhHCShHKkhTCAZkxNk1ZZONSbzfYsmO3F7kWzZaqq
2020-09-22T08:56:33.062806698Z,2020-09-22T08:56:35.411200168Z,33 CDBbykjuXD6z989GN0ssLTimun59xxiIMaxiH93WgFbYa095o4FDy8SUJV4zz
2020-09-22T08:56:33.073905671Z,2020-09-22T08:56:35.496605180Z,34 gnYG9fIoGgnlliFbSczWytv1L4iDHzhMiwFoskPjeYDDLeCXTbJAgeKOFjldE
2020-09-22T08:56:33.085918838Z,2020-09-22T08:56:35.591181309Z,35 sMRQmvhAR1VVt8zSDrXlVPsXqpbMvB19TXnuaNAaRZQ9BjWYsrsBn1aJdN8Tn
2020-09-22T08:56:33.096333563Z,2020-09-22T08:56:35.667769690Z,36 77o94ZUSP1nOaz9ZeMOlFefJ7EV2tw85jtY9sGSjE2LLCHz5bf0eiHegWaGYe
2020-09-22T08:56:33.107653527Z,2020-09-22T08:56:35.749818831Z,37 gxOO8ThIwAY85TJStIYG4BGCHOaF5LRXNmrawwJQt7rYbhIafbHtXUnpV6Fab
2020-09-22T08:56:33.119254688Z,2020-09-22T08:56:35.841146389Z,38 KYs3efJQ0lrGvHywYrHn9JH5vcZeYirbCQmOFSUEMFYHvg0kRF6cPO1MeyqhC
2020-09-22T08:56:33.132040056Z,2020-09-22T08:56:35.926109742Z,39 YzzyskF23M6awcoL8LJIIrCt94ZDMsh8teGUVXzuzLckO6E4faq28HGoVnvfj
2020-09-22T08:56:33.143507173Z,2020-09-22T08:56:36.007557953Z,40 CYL08RbPm2EudK6nPX2G89nMulrTC6ikdVoqm8OR3aUDzyeGG0uwZQlz9rLvv
2020-09-22T08:56:33.154496141Z,2020-09-22T08:56:36.094834927Z,41 D4MzeS8nkMuSeU9zGu6DpGIfwCsrnFWuaNhhUaiNij6hAeMJogBLqx2aQAvcV
2020-09-22T08:56:33.165895408Z,2020-09-22T08:56:36.181946546Z,42 oBZxSXYARwaBgZXQIZyecovcT5LKxYyg24FpY0pGd6pToxFV96XlWzpbpb6FC
2020-09-22T08:56:33.178027863Z,2020-09-22T08:56:36.266844677Z,43 n5lvu0ZkzwGv09RUtbubrIq0VeVgXDsvNkMNZUQA9WzYdpmnToU29SvrDHubs
2020-09-22T08:56:33.192376538Z,2020-09-22T08:56:36.351461045Z,44 zhvyaNRDJwmuLeGgbOXLYuTcCGgfps8cCAtHMWa5Y28GCDl6AkhQ5BjDi1YWZ
2020-09-22T08:56:33.200351409Z,2020-09-22T08:56:36.421652186Z,45 6RgdowEiHMJZioG0ywxf9qsbBs7p3ee9TqZJYxcDdbeirTafxXPvF6hLi2v0p
2020-09-22T08:56:33.212334334Z,2020-09-22T08:56:36.498165854Z,46 b2OXZNfgUvUNp3mU0DsLL7bhP0SO8O1HCn2PrlJUz0l9VazeHlEaGCI7uMbxT
2020-09-22T08:56:33.223623074Z,2020-09-22T08:56:36.574488338Z,47 7CahD258rIiR8SNOqTIuMB5azL56DcuYCQpcDxYIgpKdcyxWDjmundqsh6uzY
2020-09-22T08:56:33.234888921Z,2020-09-22T08:56:36.659366589Z,48 VU8TQzlyoP4juW0O0IJEVnd3iPJGmvg03eZDKkD2YN7AImkHxeFG3bOeee7RF
2020-09-22T08:56:33.245521289Z,2020-09-22T08:56:36.738288627Z,49 GEGROZl7gKDx1tU6NV9NNJShJVh9BAnREwC5x6VAkFmEUZJMouVu39LfHvYHw
2020-09-22T08:56:33.256602804Z,2020-09-22T08:56:36.822385650Z,50 197JgbRyzDztE2VhxDx1zhwE9y8Nkwecugp10Z0wPNxSYGur4HVcZCdu83MN0
2020-09-22T08:56:33.270103492Z,2020-09-22T08:56:36.906958704Z,51 Vhbq5fd7NacNAA3RUqJkM5IM063Ceqt2IZyQqtV35GDqNxfJWjxJjLx3L3Zqs
2020-09-22T08:56:33.279645508Z,2020-09-22T08:56:36.986103221Z,52 yGTUuxXruQ8MB74gvdLrItDyV8HPNjbvDC9XAAydqL67sxhuyKKxnF9b9uzxI
2020-09-22T08:56:33.291623778Z,2020-09-22T08:56:37.068645562Z,53 enCQAhHF7PXNSu9sSmNzSH9jIkIBIKdfHeTU0EcoQM6phZm23FosPd7ynVeWX
2020-09-22T08:56:33.303361954Z,2020-09-22T08:56:37.151954026Z,54 veDuCqS3L8XTx2FxRuyOabeHixdZKmddG8OlUI1FxfYq7W3EZij7FuNDKzesy
2020-09-22T08:56:33.314747585Z,2020-09-22T08:56:37.231437625Z,55 bOldhkwOJEFXIj9sAguurjDrTdIXmmNcuUrS4iI1p2pQ377zvT4KX2IWiRRxG
2020-09-22T08:56:33.325819952Z,2020-09-22T08:56:37.314854911Z,56 PizghXcqrGDi9tsXISdZHLtCOn7I7lwN89wmd0yIdLmbXrhCiACRy8HVPfmRE
2020-09-22T08:56:33.336958527Z,2020-09-22T08:56:37.393352719Z,57 1H624EkaafpcXYRbZJsLrgfuZHORC23Fo0gUSu3wv1SjpC8GR4WneFvuxSDbW
2020-09-22T08:56:33.348274521Z,2020-09-22T08:56:37.469747177Z,58 85pIzXycIEVWcz98XYlgeLk5tGX1Esnvl7BX0kvJaHhR4GgQPOqMNCNYthUss
2020-09-22T08:56:33.359943283Z,2020-09-22T08:56:37.545557812Z,59 GDOOLaW9b1bgsLMXhQ8tv061iITS5Gk2WJ8fhWfNRgRg5LEWxtwrLW9EmSduo
2020-09-22T08:56:33.371072175Z,2020-09-22T08:56:37.633380391Z,60 iARcLgiVqPT9dnGohkwBS1DVGYLyTzaD5YdHjeCIcwNcRDwspBYXMpyw0S7iZ
2020-09-22T08:56:33.382928462Z,2020-09-22T08:56:37.714514117Z,61 QUMkvH41vBXUUJHBdv9bCl8apDdj6ezwmqx0r7sFmc7n1D15KqUzNtSdA1QEp
2020-09-22T08:56:33.394173022Z,2020-09-22T08:56:37.795974813Z,62 CScAWcNS4UDtZOlscekWqh2KVxU2junfC882S9hUKEQc9JBsJUVbjcL1Eo6OL
2020-09-22T08:56:33.405848008Z,2020-09-22T08:56:37.877459989Z,63 gTbHJ22IUWAr9fu9niA4JwgUvMv5U9Z0b1dCwfVME8fcEGGT2SswaNVNCUKV4
2020-09-22T08:56:33.418229434Z,2020-09-22T08:56:37.959255018Z,64 4e232q6uASHOIZlid4emxAEJaLUH0xau5WBSegt4VCDLgYSKivt66EaoAwSz8
2020-09-22T08:56:33.430082115Z,2020-09-22T08:56:38.037158228Z,65 oWDBUrlO0jC7QCMrs8qvgQcqNtV7atZbi8ad3dAjlgCdeg2HjlmJ1SBtBZxdb
2020-09-22T08:56:33.444056238Z,2020-09-22T08:56:38.125135175Z,66 dcLizw8Z3vNBlxUtNlwbdCRu7cA9ECcnWUAIUNLRFUY4TaqxRaXrgQ78oys4j
2020-09-22T08:56:33.453365443Z,2020-09-22T08:56:38.206145051Z,67 QlgPowMroaSqPEK5pHlIp9ViRxCfDOlnuaoQBZfPdHOm2EFLFZnmnmYFNnInj
2020-09-22T08:56:33.469332794Z,2020-09-22T08:56:38.285559468Z,68 iwCbhekkRORhPo89sEOnLJ7VPhk2x3xarrGrlEOZJG7DLQKPpjZ9b3D7VchSJ
2020-09-22T08:56:33.478260646Z,2020-09-22T08:56:38.363401571Z,69 oD7Dx2d8HMPtq6ek4dTvShSU746Xuy8w9tJo7VUdJjdGPQISFYfKe4rKVlUB1
2020-09-22T08:56:33.489811777Z,2020-09-22T08:56:38.433382073Z,70 wcKBASZCye6gbl2Af1Squ45QJA7fQbkqn3bIXmOsMcn7uPFoZerti9x1KAloQ
2020-09-22T08:56:33.500598307Z,2020-09-22T08:56:38.502974851Z,71 EJ5BszyHKmLODMxbO0aAROtBGvm8XqEqLgiWg8S5a2Wa5sMmIEmCocomttgof
2020-09-22T08:56:33.511267759Z,2020-09-22T08:56:38.569032601Z,72 eNRMcL6poHgStxKi54p8vL1CqB8CnhgI50mpkHZqpANk5C0umo2Jjrl0sKfBo
2020-09-22T08:56:33.522624185Z,2020-09-22T08:56:38.643956818Z,73 yq8NSlGeTRUD2AIMQJ43tcmYtw9p8ciYuxxLLAhLUBnnAuQaOuuc6rqw8MTLu
2020-09-22T08:56:33.533230541Z,2020-09-22T08:56:38.729726611Z,74 4SY31GCrJJWVQcEhOttEIboQuphZxmuiQSLYrZAuwzop0O0KtzpVofJjIgPUQ
2020-09-22T08:56:33.544512628Z,2020-09-22T08:56:38.814382099Z,75 Dx3UdeSNFe3wHiIpViDif8t3TOFs1uL8KnpgkggqDcp5dwPSoDmwMD7kHfBzg
2020-09-22T08:56:33.555167838Z,2020-09-22T08:56:38.891531293Z,76 fD0PRQEB6P4y81oZl7Z46rjESCE5AFbZL3Xnfam5Xs5fb6tckuDSayMXWFvX9
2020-09-22T08:56:33.567162763Z,2020-09-22T08:56:38.974742838Z,77 O6B3KosJZzuBlmoI6sE0Nk0f6NnJI55j4htaxgEP6dDClUa8oPHTKbOHeNyxT
2020-09-22T08:56:33.579894664Z,2020-09-22T08:56:39.112253838Z,78 BZwjTzmyZiX5Xl817J4vKEomHF4aeP593OyIlWiYhmuMW9t5wmcqRzVDRL9n1
2020-09-22T08:56:33.591977531Z,2020-09-22T08:56:39.177212983Z,79 Xk8snCLeXT039DBKA0bDf8y37euqfnMWzN71eV8IWKSaeiQjvIv2Xy6naTfds
2020-09-22T08:56:33.603992062Z,2020-09-22T08:56:39.241670461Z,80 OyCFNepy6fq0dawcnE3ppv1GQ7ooLrAV7CnVEy5b2stGImw7BrWghluq2LYs7
2020-09-22T08:56:33.615720947Z,2020-09-22T08:56:39.302849807Z,81 wp3nKO4UXAehlLn4wad9nt3Y7OIW0waEtc2BupWLrzGRD9YImkkGIlaqjtfqs
2020-09-22T08:56:33.627044050Z,2020-09-22T08:56:39.371572066Z,82 aoxUWPCxCAjxcOoLegkC2yRFF3OTKC4Svv4unIHSZjsLhuUP1unADth5VLKOL
2020-09-22T08:56:33.639085172Z,2020-09-22T08:56:39.457251348Z,83 0W6f2KXMjSi6c6zmIOKWRgQhYzJNVCUBpHqGnT8kULYo2tsgYqXi8M4QCA4KA
2020-09-22T08:56:33.650414148Z,2020-09-22T08:56:39.536131897Z,84 rAztL01Gzk0DmdsUBl3RYBU82gCjbIYk9jfkIn3cgX3PpyqUUQzR0XVGaO7TB
2020-09-22T08:56:33.661322577Z,2020-09-22T08:56:39.613206045Z,85 fOypygNZgWAcpOUI2vuTqLXJTGIV3eC20APhIYnaworlkHrIxfLGaqeyHu9Ka
2020-09-22T08:56:33.672996365Z,2020-09-22T08:56:39.696875905Z,86 4j4W228PTiyLdLuoqhf12oiGAcNDIFSHxdoXp0wB0q20WaTk8tsi9rd8NVCIB
2020-09-22T08:56:33.685071159Z,2020-09-22T08:56:39.782282850Z,87 u93JKTmCdxSvKwMJcynkUDSKbKHdqCRpoGu3ug5PiFSDC5QDexSjmymZRfpMQ
2020-09-22T08:56:33.696191181Z,2020-09-22T08:56:39.860704951Z,88 2yGJcIA9oYf7JCVTiYmnWcAScBMdakhpTz8KkUeCHehexGBinYTaBJ6arXhih
2020-09-22T08:56:33.707897132Z,2020-09-22T08:56:39.942214948Z,89 ZxfAhC7brmRVNpJn7EnhLurxS9XaUMVhGbncMiRloMzqgrtmt4nN9CO2wUFA1
2020-09-22T08:56:33.718460706Z,2020-09-22T08:56:40.028365070Z,90 HcLEhdWFeJpwL9wyXYOdny1vXR1LXYHK1VZudwQGvM2m9nJGsnWg3axNpquYP
2020-09-22T08:56:33.729546105Z,2020-09-22T08:56:40.111393017Z,91 chKmomUa67xas4H0mo7fwC9hZvPtHMd8JONljvlY6XngsBCgBzipVREDH9WRW
2020-09-22T08:56:33.740971137Z,2020-09-22T08:56:40.189299138Z,92 o1TLhSluJ3HykKTQ5LpJ4QX2Uyc5Y5Rdrt5eZCAXkHnCq2572hocK2tKLTbiz
2020-09-22T08:56:33.752255348Z,2020-09-22T08:56:40.277356423Z,93 Bn5iFHUbDOEHgbekMzlagYoRpIwfbO8sA2QY7be2U5PD0wZKA8RK3VTDol811
2020-09-22T08:56:33.763718912Z,2020-09-22T08:56:40.356424049Z,94 JrRp7N258qXgBtoFakvzsqr8NsjJUgSbOiA9oXGlDsrV7KRrnlsU4inXLDyH9
2020-09-22T08:56:33.774697009Z,2020-09-22T08:56:40.434986300Z,95 3XNrHfLbcXC6rra6dCKwYOH7HTLrW9arYcelWeQx9w3PWUVbwMznfcCF38xdm
2020-09-22T08:56:33.785963908Z,2020-09-22T08:56:40.511066964Z,96 nzm9Je8lcwo2RGJ4ZnFJzsOREAPsyhLLROJlAGisfYhcLkO2bJyulsmDI0TiB
2020-09-22T08:56:33.796848544Z,2020-09-22T08:56:40.580720931Z,97 lje6UEL37SXUGlS1Szhl7K2NLNRkqZzMDL0Hw0e3ugRxb29gqfzqD52n3py0I
2020-09-22T08:56:33.807945840Z,2020-09-22T08:56:40.649627965Z,98 uVdXLGWY82wNLjhxoaVAJQPaC6ofbZjuLNdK642aiwTkGKAthUmzdtnmta6Fx
2020-09-22T08:56:33.819632490Z,2020-09-22T08:56:40.730396119Z,99 XK1mqmpS1wHtnpjoSD24uJ5emjBVvwgbz6hmjNmkMWZSBh1TRaACbmu8BT7ck
2020-09-22T08:56:33.830729414Z,2020-09-22T08:56:40.815556159Z,100 sSt0EyL0tv9k9yCwTXSJbSGUOHh3o8Nr4MqFG5sqbLgEn31RrmJpLghvbWKn
2020-09-22T08:56:33.841368454Z,2020-09-22T08:56:40.901525458Z,101 3dyKTlH34dMPdMpO8sZK2SDMmpzyP8UdrbeghdyXcMzEavqmOv9L0q2y5pJP
2020-09-22T08:56:33.852642093Z,2020-09-22T08:56:40.982036488Z,102 PtRYN7dqZaNNZt3IOJpix83Y4NN8xM8bqGxu80OWO9bZVHT5N2Fr9DitjgaZ
2020-09-22T08:56:33.864304859Z,2020-09-22T08:56:41.061740644Z,103 8p0G7U1yISSR8jc2Y16JxOjxZvrZIH0j1dLZgG2BBoiYmwWubTZkMmpKOeRk
2020-09-22T08:56:33.875536704Z,2020-09-22T08:56:41.151183649Z,104 pwabqCjTJQ2dqOn8wnqIlsZSKm2s7vBDx1Jo8LcO0jk1cOxHdYHiOPkaU0py
2020-09-22T08:56:33.886667476Z,2020-09-22T08:56:41.229040224Z,105 NRwk2heiWo9RdCINTSSzBL03wJEbjuYOsSu5XsVvoKeCG6YwOUU57C8zQgjh
2020-09-22T08:56:33.897630854Z,2020-09-22T08:56:41.360207130Z,106 VtWejHOpoI4QYZakW3t6cgbKDKY1lOow3GY5Z0sPM5IANz6iSz87IpvqiqBE
2020-09-22T08:56:33.909816835Z,2020-09-22T08:56:41.425809883Z,107 xxsiVXyTRvQC2WZoCSmHqWdZ43l4LfuKFT7bB12XZP4QBjo8zdZ8OD1UEcYt
2020-09-22T08:56:33.926206667Z,2020-09-22T08:56:41.491316590Z,108 sOMfnJztz07lpO8fAGHF5EHIxRBMx9a3VtaXJcSpsgqQ5urFaBgHcR1im680
2020-09-22T08:56:33.934667139Z,2020-09-22T08:56:41.555430972Z,109 49k9ehu2Y8lUskrq5b9kTYoPXNweAGh7Qc7FrGdtUKIRsNTpo6uPHIg4SAaD
2020-09-22T08:56:33.945719747Z,2020-09-22T08:56:41.623152795Z,110 C0hEmUL1TL9Qg7SXdRo1h3oRxk6hhQydkbMLTkXMyw7SgZ8fRhRkiGOW8vLM
2020-09-22T08:56:33.958980943Z,2020-09-22T08:56:41.694898335Z,111 lBeMJTUAthEOKUCtsVEd9RB4ug8JMNevknVXzsiITiPsFWptuEAMppuo7grM
2020-09-22T08:56:33.970991673Z,2020-09-22T08:56:41.780572865Z,112 0Sv5I3Nmc8Q34P8mjRXRff3TmtnbX7lfkIDIHooOyYCNcMJSf1szdfnU6cHE
2020-09-22T08:56:33.982066472Z,2020-09-22T08:56:41.858890129Z,113 tFE1SLDBXC5qKWBnP2ocJqVOSmjBb4AWdosOTGqnz5MDEdlxOaw7lfCIKglG
2020-09-22T08:56:33.992584541Z,2020-09-22T08:56:41.939624518Z,114 sGwzK2Lp110XLoiqfWB9bqDC2rZFSpbqJXcHNru2838yoHBozbLQjffRChhu
2020-09-22T08:56:34.004014004Z,2020-09-22T08:56:42.019278039Z,115 dljI1s4R5mmmYpA6UHpuwkmuGxlcQ1AWPAIHY2L2R6gFUcyQ8qqvAOXbFHbo
2020-09-22T08:56:34.016300976Z,2020-09-22T08:56:42.105589592Z,116 2riORdQlbfN754ioajON71zG2VAOMHJFPxHUMhSzFosfWVqUOP7l3uFoyZYU
2020-09-22T08:56:34.028460063Z,2020-09-22T08:56:42.186663301Z,117 27umrpz5iXFZPwmS12W3gxogiQW5fGjfrFBbHvqvZhesz4x48XU4WFE20H1K
2020-09-22T08:56:34.037641998Z,2020-09-22T08:56:42.268984164Z,118 Aec27Zs6RelWsUfizoAn4YoDVO9eUKzHCElXwXqz67i7y9e6ep6HOHAIeupL
2020-09-22T08:56:34.048837234Z,2020-09-22T08:56:42.363237469Z,119 xvkwLWA2efbnXo5m1H8vWWH8IzarNiFtlBEBsw2U96WlXRLqOJ6hALOBp5mA
2020-09-22T08:56:34.059351178Z,2020-09-22T08:56:42.444610902Z,120 zvPEpZyQssgqpGpvUktGbEXAg9PlXnjqhZj639Innxe6KvswqCRwDIMcb03h
2020-09-22T08:56:34.072060301Z,2020-09-22T08:56:42.527663318Z,121 bzU5OTWfwLTcpw54ABoErLKbJpldMkoKftnhAREWPLPLdsQ90exAIUqYVvQq
2020-09-22T08:56:34.081158988Z,2020-09-22T08:56:42.602927490Z,122 JVMYut5QiM4ZiDrDqSyTRSJkeJEJtRiUgOsV4lwj8JyLNLeh8NbcwmC6EzvF
2020-09-22T08:56:34.092889285Z,2020-09-22T08:56:42.679319515Z,123 4ChyCwAVW1ww5DPbO3YjlNyTWq7LIU9qbNW6ODdNGqUsV5cFY9oavNXZq9ax
2020-09-22T08:56:34.116807405Z,2020-09-22T08:56:42.749502837Z,124 Mi4ETCkLq8F0sWuVwhxnQn6LXMg5IcJ0NNDalob16Y0DsUAb6K5UMkbR9zl7
2020-09-22T08:56:34.116861680Z,2020-09-22T08:56:42.823983543Z,125 BowE4a9kJQNMVnjP7gCmULlaA81VGsycIPJXc9qmasYXdZZv5KKmsbEZZdnw
2020-09-22T08:56:34.126859841Z,2020-09-22T08:56:42.898012589Z,126 qXWOdjLi4pGEYgw6f5XF4u45hl3ubhqitqUtojvyf0YXpmSxsB3kKQWj1FMu
2020-09-22T08:56:34.141598231Z,2020-09-22T08:56:42.981427736Z,127 QF06DszpDbSzEv7U26SF19YIwC4jasuavRKWKZHttSZgvtJ4Zdnh3QBNx8Rt
2020-09-22T08:56:34.150029807Z,2020-09-22T08:56:43.060018307Z,128 FdrrCthQ6LoJFYhbroOMnLOtpxmX1cuAWnXeM0F8bmrLpDrsVQJkYZbl6XdU
2020-09-22T08:56:34.160358405Z,2020-09-22T08:56:43.146894102Z,129 si8ZA1KG5KvKJcEba0GaAsjHjsuR9OSUa2nY2ZBO9cYqTMGCYsJ4aaj8Au4G
2020-09-22T08:56:34.171345718Z,2020-09-22T08:56:43.229256556Z,130 YKSJg9XkA6PTaxmNikCuUX09hzxrft48AJYIcwvQ1kMUAMUwtAmmiJ0GcFAg
2020-09-22T08:56:34.182527450Z,2020-09-22T08:56:43.313345097Z,131 fV1Ci3IdDi0nmhfQ5vokcNjXt2UINHVa2wQGUfqjsXpir23BIQP5FjOHRirA
2020-09-22T08:56:34.193546047Z,2020-09-22T08:56:43.391933360Z,132 eGSPowsUlzItndf9rlTiFYwdtH5zyiEGy3vE89xL7FfnWigCAWc2Lllrg6SQ
2020-09-22T08:56:34.205117987Z,2020-09-22T08:56:43.482663205Z,133 KEjhbGXj4aS9VaruJQrHDCPwuwdJAUqN1PhgrKNaOoo4qzNiER2MdhChyOae
2020-09-22T08:56:34.216359578Z,2020-09-22T08:56:43.560326803Z,134 bUGZVAyORSlTlxNLaVblIUuNsMsh12gk7pu3S9LMqbFtkaFudqqal3UcfXq6
2020-09-22T08:56:34.227220049Z,2020-09-22T08:56:43.640992435Z,135 DH4MU9sPCW5v4boHzZQuDJoiEKqPdlk2tiIAiwrkJ577ZnMpMQOEwnJFOQkm
2020-09-22T08:56:34.238110463Z,2020-09-22T08:56:43.726660798Z,136 8jY73nOxyuXDNEU2cA0Hka7d3pdsG5IkvsgdMxGO0uap9Yr8TOWuWQFLYO4M
2020-09-22T08:56:34.250506327Z,2020-09-22T08:56:43.814031405Z,137 5tlMklk9AFMoSWqGlZHqr29UfONsLE3sMuL58qbSrpu56f10uDht9IchZ7DQ
2020-09-22T08:56:34.268898763Z,2020-09-22T08:56:43.896221809Z,138 huTQyA6N8UnZCD6mCqtW8EqFqErDyzB8SSsxHFqLiToGWffbHkGoDhtMBdVE
2020-09-22T08:56:34.279944375Z,2020-09-22T08:56:43.976175241Z,139 cBBsYV8bvdLRnOdkpOgAUlyNFwEFeOGf1ezC3cfFINsY1UmzVQfQoZ4EY2Al
2020-09-22T08:56:34.291836726Z,2020-09-22T08:56:44.062750568Z,140 toNIDPJWsfpzhbnUoqM3rj6PvGpFncIerPo1WeWGNivnolGH9ld8FZnLAJUw
2020-09-22T08:56:34.301616248Z,2020-09-22T08:56:44.141934186Z,141 dC9CmYUmesXtAauctm4mqcFJl6Ik5y3pH1Vv21Xndc7zX32gWm9f4DNcSsjq
2020-09-22T08:56:34.312370485Z,2020-09-22T08:56:44.222073751Z,142 TrTTcswzUytOQgZ3gBybUyQGGURsFU7J7VCqHipy5u738wpxJm5PACBtvBJZ
2020-09-22T08:56:34.323416772Z,2020-09-22T08:56:44.299209661Z,143 PzyHckV7xQvR5UaYByV5SSrzauRnIj0vENuRzv9tPE4M6wzHBylQblCmZopi
2020-09-22T08:56:34.336855559Z,2020-09-22T08:56:44.385474071Z,144 BVfy1cJv1prPVJFS61t6HkkRKkUYyzcg5jqc4cu1OWxsk2iOsaOW4uX4H0X3
2020-09-22T08:56:34.347254862Z,2020-09-22T08:56:44.470239417Z,145 ydDKua7Qypx4qOiKhqct8SryMaGAqPUNVxXLXzmGSMeuEzxso4qByBGzoL4u
2020-09-22T08:56:34.358393785Z,2020-09-22T08:56:44.547390633Z,146 DJF5YTOMr5hMZQSGRqstcCqgJY15DmWgOuTMlwKRXqlmkEUDnEalOeDge9mA
2020-09-22T08:56:34.369928093Z,2020-09-22T08:56:44.639122050Z,147 7Xy7LLVAZcqOmSQzu6ySCI41HrK2d9SgZwTimdSqVmjlBP6XDpSdhEA4YAa1
2020-09-22T08:56:34.382121016Z,2020-09-22T08:56:44.724630717Z,148 DVXhAE6YhJxiXz94PxzNOkd1mVmKvMcpeScrUNaNsJkihTmYZH1aRLEhGqop
2020-09-22T08:56:34.393005592Z,2020-09-22T08:56:44.805657156Z,149 9MjYlJaH1wh7JfPMpO3zfOlb8wPvBxZIM6Tn7Qzb0WFfWXC6FSepwpeF6Gia
2020-09-22T08:56:34.403944402Z,2020-09-22T08:56:44.885263466Z,150 auuZC1D51vyGRxRvp66VsgtpvLAJlei53c7uN3EofJN0fJq0D9AC3yxGrRws
2020-09-22T08:56:34.415326522Z,2020-09-22T08:56:44.963250068Z,151 atNFPkpn2pRig1dGnfpTBaMqH4gZ64JR7gNNbiMfQj7ZwynLbxSgZ1kfLVT0
2020-09-22T08:56:34.428129503Z,2020-09-22T08:56:45.046713174Z,152 LRTvP3NGcNU1iiL5RXD8w3o5q14d3kU96NE9pIHkhofEv7051EMYnYoGACEY
2020-09-22T08:56:34.439117619Z,2020-09-22T08:56:45.133338873Z,153 DfhkQfrX8JYjuyJaqbBgFYYVnvyxhkfgJdtv7a0ojmGLagTBUPvG7TZQvMJ3
2020-09-22T08:56:34.450052339Z,2020-09-22T08:56:45.218216529Z,154 jhJA85IoLJwAxsdyenBqIUN8X5as7u2Nx8Z2j9cxSaxaZTZWEEbDu2mr3OwN
2020-09-22T08:56:34.462039153Z,2020-09-22T08:56:45.297175561Z,155 gWPNEJLZKhVXGRwq7xhXq3OdbQjQ8AwceRGPo8t9N7eCdNIEqWe69TjWnU3H
2020-09-22T08:56:34.473623393Z,2020-09-22T08:56:45.378812098Z,156 skrdDYdsOftXJzMglquHiVi9vVmaxfrxkxXFiM7sj3fsB9LEovqJrMv4iVbp
2020-09-22T08:56:34.486004578Z,2020-09-22T08:56:45.458282212Z,157 5MmhiKMoB4P7BrZXgOcTfXXXnv88TfxyzjG8WdgwgpvuXx9IiImrQuW9A4gj
2020-09-22T08:56:34.497417283Z,2020-09-22T08:56:45.538302442Z,158 MmrUmJnjJOsC21Xx5Pm9IeMlrrOHevSqlFwyloeMJp8R9ywO2BVj549zAyCD
2020-09-22T08:56:34.509153063Z,2020-09-22T08:56:45.621882599Z,159 YEzfzt1pTVlpE8HAPyM4OyRTGCvfkbQsxwV5wDryFm6PcHKhvB5leqTWXgJ5
2020-09-22T08:56:34.520796679Z,2020-09-22T08:56:45.702737245Z,160 q5HgnsRV9hlkLWwGOQspQ20XbH6yPyj7oiVRXAgLwnkGYBkP5se0pWArRypF
2020-09-22T08:56:34.532171153Z,2020-09-22T08:56:45.783616634Z,161 j2XPHMClGT88bKBAyMmFfc7045jAuTsGc7Qg4qM6WB8s0J30fEZNoRm6WVuL
2020-09-22T08:56:34.543764996Z,2020-09-22T08:56:45.867346517Z,162 zgaRkIlkpQQIUcCzYef5hTwjTyUOBN9HXpJr7ayPOyDmQzLp2rKtE1vJTwM3
2020-09-22T08:56:34.555422935Z,2020-09-22T08:56:45.947081617Z,163 rP1RAL6VSWZho5cFQN96f2FjZfAK3aAh80p9epRjJpVBbgY5PdXP2Ve2RtW9
2020-09-22T08:56:34.566463122Z,2020-09-22T08:56:46.025092897Z,164 FnWmBmWvhNi7WHyWxZw1of8noZweQv3yFGC6e3BVRmFvJBXVJTfpTt58i7RT
2020-09-22T08:56:34.577710740Z,2020-09-22T08:56:46.109809199Z,165 4I2FiKK0SmkdfwxrCt05RY30z1ifRNbYcin4Z4RGITOeX0GxAK6P2pkuSPPu
2020-09-22T08:56:34.589653995Z,2020-09-22T08:56:46.192570027Z,166 zNEozivjbAvy7VcCctRE866cSXziyw1EJOVAdWil4YLmfyFjcnL1X6eikg2e
2020-09-22T08:56:34.600194422Z,2020-09-22T08:56:46.273548488Z,167 tZ8YAHIzT6v6lACcUkcgGjYZ2Tlv6lF890HfTOHtb6PtHed3sEuPDlYf0dEz
2020-09-22T08:56:34.612059357Z,2020-09-22T08:56:46.354936697Z,168 0FvtRnzstTSHsREYkHCMUJgDKSOf1pt57TcX4mey1ZIILZyyiYeT9oA1cYNf
2020-09-22T08:56:34.623566627Z,2020-09-22T08:56:46.438900725Z,169 lHB04pYhjKGF3Ht07VhuGytjbDwsROv5JKAfBUfA9ZEEgW9gGYLbsWuS38Bf
2020-09-22T08:56:34.634081625Z,2020-09-22T08:56:46.517608386Z,170 rjVaCRHSMxVtU5jcXv1zFgeLr9da5o4vukqMI3KaEV4WiOQ7DW6TzWjOM9lW
2020-09-22T08:56:34.645428041Z,2020-09-22T08:56:46.600289580Z,171 2gbwI9JEN3GsNbdkppR82kpubtVNk8vepF2ILXBFI5NBVm7oQtJ48s7Z8pMI
2020-09-22T08:56:34.656634556Z,2020-09-22T08:56:46.687662913Z,172 SzuZu0nojickc8ZIf922JluPope6izH72U3vmQsRm5RFtSv28WfJVjKbsou1
2020-09-22T08:56:34.667793900Z,2020-09-22T08:56:46.768493128Z,173 YDgNuEuQ9zl5H1UPucixtiVoyHtPM81uz6c6loZrsEVc1g2qNh4D1rOm5o8B
2020-09-22T08:56:34.678332160Z,2020-09-22T08:56:46.848188600Z,174 U12Ya3uCTeQwFOllojFQdE02MWZkSSrUkio7ShmOS2lDXDOAS6kST2SKrogc
2020-09-22T08:56:34.689800059Z,2020-09-22T08:56:46.928951075Z,175 2MQ8ErEgS8E7GuWpGdaDfDtOwvefUEsbjSlWGQxKGXf4miPQbzxXBFdP3BAC
2020-09-22T08:56:34.700279901Z,2020-09-22T08:56:47.012180801Z,176 e845ZYUbx0dz1EAmekUJ58wGRDVRMNVAZ3i6w7rIC2cPhHcljY9Blw6mIBWV
2020-09-22T08:56:34.711886400Z,2020-09-22T08:56:47.095329823Z,177 ZtkDVWA5CJS83Qz4hhItARnOiIMClVdovexIfTsduNu1zffiQ1Q5BIAr2tyB
2020-09-22T08:56:34.722227978Z,2020-09-22T08:56:47.176257176Z,178 LfL6csFsmkMNtFQ2sj9JKx7RSJgXmxTUUdvkEE8LMj1xs0Kd93vsKI78VvrR
2020-09-22T08:56:34.733193424Z,2020-09-22T08:56:47.258096938Z,179 Km8C9KTS0Yz7rTeGD91qBpFUz6WbjYYAWeZvg0mGFOV051ZZD6yxXKJsH2PU
2020-09-22T08:56:34.744682022Z,2020-09-22T08:56:47.339984005Z,180 oKtdPeZeobciwg51Gftr9XygyzsLMb1jjCyjWveQiwDvCBJe5uAjNVecKKWR
2020-09-22T08:56:34.755338762Z,2020-09-22T08:56:47.418525906Z,181 7UgCtMV9g1PYWh1nI4rS0D90XNjupJAW4HCdi21YNc2ft7sQVMATZoXE8WYp
2020-09-22T08:56:34.766579546Z,2020-09-22T08:56:47.498059438Z,182 4yYJ5NJPOIYR3Dq6EVseRQ5oYro1lqeJ1CyLJPiyWZR5ozZ0i5bRxutiHrNc
2020-09-22T08:56:34.778293673Z,2020-09-22T08:56:47.581590364Z,183 F0Tfm9yAombM3fLCOvtJn46XW2vF9yoUzhCdn9UQ5W5Ph8v2SjYxXa8PWeIk
2020-09-22T08:56:34.789287036Z,2020-09-22T08:56:47.672165603Z,184 V71QoFCUa36moVvs5LBj14ap0UlR0dVWM9yW0ucMiTbwJZxKx0IZtYm34T9Q
2020-09-22T08:56:34.800788354Z,2020-09-22T08:56:47.749123056Z,185 TmckMXFPBz04NSxRDq1JGclT7kc9LoNmSg7pSgCrCbY3shRRwqG04rXnmwjr
2020-09-22T08:56:34.811296321Z,2020-09-22T08:56:47.836680890Z,186 2Nu3mEEft6G6u0aosBTiRtLU4h2f24eOvyNznRxEiEC46KE1S2GQVYSTNhUi
2020-09-22T08:56:34.822163572Z,2020-09-22T08:56:47.915533912Z,187 ahqcT0uChg8TGQZBqqPv2S4UTkVTWkktJqGLJNDqb8B1ckKFyUBzwcPLbged
2020-09-22T08:56:34.833202187Z,2020-09-22T08:56:48.001347813Z,188 SJeqHmdqn8Kc2IIpDe4TOOylTTLwvvcFQ3eVObuqfulLILPGI1AlWVWvmVN3
2020-09-22T08:56:34.844759595Z,2020-09-22T08:56:48.093949101Z,189 MdsAPZoY2NJTJMFRUF18joKKLQpKxF1OxHf0W8NuMUJ2SLQgLJh2lRl37B58
2020-09-22T08:56:34.855738816Z,2020-09-22T08:56:48.176833053Z,190 hhYYQ6wEDEJt7OjoLByEaJ1CmSiG8jmJpRIECKKNUtw6hgIZpn3CUxCbX9Ld
2020-09-22T08:56:34.866390364Z,2020-09-22T08:56:48.253181200Z,191 ahwyoTnNJ1GaYYxuBiVyYwACpkL20GX9IBgNgGJpJQrG4HBeug0Xi4Mt8psX
2020-09-22T08:56:34.878016257Z,2020-09-22T08:56:48.334705545Z,192 GuLzuMKegRIPT9J2OT4d3Rx61BUiU9QFIZR69FH3LwNojh9NxOVbfztSihbJ
2020-09-22T08:56:34.889790002Z,2020-09-22T08:56:48.419358053Z,193 eRcdBcOjo39lQwFn5GNjiwxvX3B1RX4cJ2XZYtefy5WTedyFXHjLZ8C132Ls
2020-09-22T08:56:34.901273179Z,2020-09-22T08:56:48.501760655Z,194 RAQhTRVc1kmIG3KSxFwUEljNkGVeFZQoavJoV99lmkIQBh5sJZXO0msAERr1
2020-09-22T08:56:34.912134095Z,2020-09-22T08:56:48.585904747Z,195 MjGA8wXBLgbAPUgICdFpRWr4XB7CKg77S0CPUTdRKqJ1FCd9B121RYrJ9C6L
2020-09-22T08:56:34.923398533Z,2020-09-22T08:56:48.663741944Z,196 8izJpTDjtvRh6yVMUHvOFmsfFnnuBw0IT2BKwrDNsQiROdwen5POyBqA7w8B
2020-09-22T08:56:34.935384993Z,2020-09-22T08:56:48.747086703Z,197 sGsjA50NNAJ3mMp3Jvyd1GqOOtPRz5BL2ZBfdJL3aQMy96wqbbsxapaiGCjt
2020-09-22T08:56:34.946919005Z,2020-09-22T08:56:48.827827217Z,198 ZhLZNMdHuCOSlzGlo90BsGycjj5Dbh07x60wqZ7NPqqAfEnvJ3POJdWMxXq5
2020-09-22T08:56:34.958078505Z,2020-09-22T08:56:48.913101680Z,199 lqs0azaP8C7FJxQtzod5fMC550Jnq5eIQU9sL6wcLvKRyQon7IjilqPmK3FF
2020-09-22T08:56:34.970004365Z,2020-09-22T08:56:48.994509692Z,200 NoaUZBTiymqlYIvzgfxVHUL8YjjtuM1fxHTCJ2WsXjDcfUohbudBaAJ3otbA
2020-09-22T08:56:34.982109368Z,2020-09-22T08:56:49.076089369Z,201 Mlk6FxkJt6tHkiCSI6inZyYrujU9Q21FK0p7JiEpZC63QHcKqgMeKXSOA4gr
2020-09-22T08:56:34.993808612Z,2020-09-22T08:56:49.156293766Z,202 umrITjVmCNM3KnJhi9usofH6zg7CmRdIUEwE7CdlwKKDE6ujGHOSpKzchVwo
2020-09-22T08:56:35.005953044Z,2020-09-22T08:56:49.238424434Z,203 OpleglrXAA7NyZwHHASJexW56GceYAKOIDTy6qTOkfU4vV7lqqbEngzIKvHZ
2020-09-22T08:56:35.017056592Z,2020-09-22T08:56:49.324887157Z,204 75UIzg1byUpD4w9IJW7SHtoDtE9FeUptOqhNYWxQhAO6VMJ2LcqzGrugLIJr
2020-09-22T08:56:35.028446856Z,2020-09-22T08:56:49.401479612Z,205 bNmk1kPl0ds4xy9NMUVxZowpI1XkV4Jw34WtpCPUXNgmdH8c4CMB00YovUxF
2020-09-22T08:56:35.039998566Z,2020-09-22T08:56:49.480638751Z,206 w8ZxTV0D373NUbrlXpOmD7asLCXyfOJOy8epBTPX5D4upJmsaXgX8r28cDCI
2020-09-22T08:56:35.051965153Z,2020-09-22T08:56:49.579191710Z,207 h3jOKm4JqjQXg81TL33AgZuZi2ofBk9NX6UAgxoJgobmGkBMZi7VaOqJ863R
2020-09-22T08:56:35.062120361Z,2020-09-22T08:56:49.652704964Z,208 Gt3Pn3QX5qw4vAIIowoRMJkx1yyTsSDP1NiimwRtOSyaGWCCEpyXPRTjedKy
2020-09-22T08:56:35.073499586Z,2020-09-22T08:56:49.730109072Z,209 b3Qm2nBCtDdAw1WET89wt6xWO0TISi7FGYDW0zd4ZswAeRsp9t8c3JCPJEKM
2020-09-22T08:56:35.085362867Z,2020-09-22T08:56:49.802865700Z,210 9CKICqJzocJUX2yfiq0lSEYnobNnelyX9nWkOEAcS6NRkeXXDgfSzANMUKlt
2020-09-22T08:56:35.096766486Z,2020-09-22T08:56:49.878613616Z,211 cpixCzcTGV6AkfTmVx1munbF9OjSQsnR0Cfs1lE7dR6fknd4q7rlVjtZBDbO
2020-09-22T08:56:35.107308137Z,2020-09-22T08:56:49.961434726Z,212 n1ji70938zicCewlZpNS14KwrMZpTVjOUrmWGbVNS6x2moPoL5nqTiXXvC6W
2020-09-22T08:56:35.118503784Z,2020-09-22T08:56:50.035816119Z,213 MeyON4WfqSRJiL13OqYlLcKJAQMW16hZRFfh8V4jjHVD9vWu25IEkFVKwmHj
2020-09-22T08:56:35.129884750Z,2020-09-22T08:56:50.112507180Z,214 Q4dpRw6oRZYQ6y1c2FGFBqoRrsXnLkua69RVcRxiEN4OTqU6mJ2dt135o9ot
2020-09-22T08:56:35.142580910Z,2020-09-22T08:56:50.187388809Z,215 YLCBdpY7NRQkJCzqRuMneWq3Fp2zwGlqx5MmTVDI1EPf1XmvaV1y5AReQ2H9
2020-09-22T08:56:35.153343577Z,2020-09-22T08:56:50.261517192Z,216 30CiE0WOlIIfR4aFHWCMnIVrtnDljEnOIzxsz2dm541jFeg1Ra3Irc8wmiki
2020-09-22T08:56:35.165052651Z,2020-09-22T08:56:50.335399779Z,217 cEyPD2TcCnsbqnzAAU6veAHMiIZ5fU4mCPhWOHejbcIP3XbkSapmyGpV5IWK
2020-09-22T08:56:35.176993311Z,2020-09-22T08:56:50.413526152Z,218 pzxSEJEfiOd1enOBgJi0z2c1crbt1vNpemhCQ7H7nVd0l4mJpOLuDAffYArG
2020-09-22T08:56:35.188853422Z,2020-09-22T08:56:50.497628630Z,219 n7DPerPWqgwDGdgqjS6nqdKM05mbaSme3Nf67ckMjoIBscfBRdcczQVAy5uk
2020-09-22T08:56:35.200771912Z,2020-09-22T08:56:50.572890638Z,220 uXmWgsoUCJdCrPdnFLeU6GuHpx20VThaJaPth1bXOoD8jJldIYQEGDOiOAV9
2020-09-22T08:56:35.212711131Z,2020-09-22T08:56:50.651436695Z,221 ZLApXzE7CgenXzHC4MQzMdbnJRHPuAqlBLQyQvbAS4GU6JV9NeRADe1H4uzj
2020-09-22T08:56:35.225666387Z,2020-09-22T08:56:50.731317241Z,222 brPk913H863kwasocMEjzvexFXlvMxJs6re1uJscIKF8G6LK5symleZSkkWa
2020-09-22T08:56:35.239102875Z,2020-09-22T08:56:50.818666544Z,223 3DimqqSAPoSqOzvcnrJACJk98Dkd7pJPssKKcx2iAMUfjrqWBmaByu2pAlXf
2020-09-22T08:56:35.251136114Z,2020-09-22T08:56:50.900251173Z,224 va7CSYhUu2Emw2a9546UpBG4p4uV6YWaMehPrD2if8q9JvzFZxKhGDgA6oG9
2020-09-22T08:56:35.263077823Z,2020-09-22T08:56:50.981652085Z,225 nOrt5Wp0NCiEWTp4IIP38KjAEupoBvJcrXvssLgdhbKnY8vkbxj7IFeSGOg2
2020-09-22T08:56:35.274237498Z,2020-09-22T08:56:51.061044193Z,226 MUpcJGKMqasDxAYeoc77qP0Bkytb383Qhw3A00zIYFYdUIZIWLPehaweXP4m
2020-09-22T08:56:35.285800989Z,2020-09-22T08:56:51.149326607Z,227 Nk45RTOXp3EInDaydsmyHzYLUgoHIRWYF7j9fBvfzsevaEJ7mypGQce12BK8
2020-09-22T08:56:35.297289815Z,2020-09-22T08:56:51.231501732Z,228 zTmt0wxeo8NyF0kMu7mVAT1KYiQrXgT7GdnRPXOuNQGY7XRictWqEHX1THg8
2020-09-22T08:56:35.308244723Z,2020-09-22T08:56:51.309247560Z,229 XzD6zBT6PDpW9rrDoNYoKKQmF8K1yWp3w2Yzln9slculNtFxrMwml7YRwqES
2020-09-22T08:56:35.320625896Z,2020-09-22T08:56:52.394474772Z,230 1Fy6bzeM7uoJJrDOa6pp6vqh8BAZxx2OlX2M5LlhXRYeaRVaZm7djmK3rGFC
2020-09-22T08:56:35.331223348Z,2020-09-22T08:56:52.473976028Z,231 DzyW1JPwz1WTJuXQiOnDgtk8xIf2kgRrqfzgYLwbQtcqcEmryVAEKwpCREia
2020-09-22T08:56:35.343039502Z,2020-09-22T08:56:52.547887555Z,232 Vpd7uc7gplX6XLhHIax3vQ6hew3fJgOHdElxoWb6aRkW2BEXv5WRj7g9mG4T
2020-09-22T08:56:35.353929416Z,2020-09-22T08:56:52.622124725Z,233 PnAVKakfjDoVcpH0riNTVWUKWJ0tyH5lKT4WW8Q8sX8HOIJs6xyDOO5574Jk
2020-09-22T08:56:35.364957586Z,2020-09-22T08:56:52.692507791Z,234 L4dbQ9RV9ouLPKhqQy0o3KxLgJHYxGaJYKOEEriLrxHg7qGrbvISx32tkU6z
2020-09-22T08:56:35.376044943Z,2020-09-22T08:56:52.769617032Z,235 0vuJY0QaIJruH0ExlRoqnb0ToePlsyaa9liQj4yy35aBwmaVsbHQKcl9VjpR
2020-09-22T08:56:35.387388025Z,2020-09-22T08:56:52.849231938Z,236 j37ABzmGoFqzLdBw8BTp5tfYJ3a4wpYZgYQtboSqidLYh0hJizPN8MED8f7J
2020-09-22T08:56:35.399082985Z,2020-09-22T08:56:52.924041287Z,237 AcH1xGXM9W0CjTyNF1p5gRRFmgRUuVmhY8hVrR9sRsUs97jPvDgD14J2yaer
2020-09-22T08:56:35.410897507Z,2020-09-22T08:56:52.998860552Z,238 yL6LWjY1SMbJVYPXortVIAG9neJrqRuBqjcVMGrDKgXsFPTkJUzkMTrOV97H
2020-09-22T08:56:35.422701020Z,2020-09-22T08:56:53.074122082Z,239 6zh5N4vFQkps4tEtaKg974eN3QbutHPtYqBDlJ80lr1yETXG4NGxaxURB5hH
2020-09-22T08:56:35.433291731Z,2020-09-22T08:56:53.150809941Z,240 FzZNnO8B5XqLqbM9Fj8OXxsRvYu3747H1aYZ7J59UOLGag7ZCXYOdiMI3H4Y
2020-09-22T08:56:35.444189563Z,2020-09-22T08:56:53.221163528Z,241 GBbDryZ42UmyM8E8wllP2T9s7JqZSwsQYGJclTiELHwqXyRrDb2eJdaxgpoy
2020-09-22T08:56:35.455277245Z,2020-09-22T08:56:53.297274994Z,242 if7ntA5uJ50Mjq6UtIyKltdZqNoKaKbkmkUSYgPEFGG4OwyLwBzsxYxpwznu
2020-09-22T08:56:35.466738922Z,2020-09-22T08:56:53.380609254Z,243 tuKgBEXCleOcstcpQva8EdHvOsY4FECPIiaCm1SNlWy1aL8UjvFEjOy9U605
2020-09-22T08:56:35.478081212Z,2020-09-22T08:56:53.469105209Z,244 UJHfJ9YIFVmtw1KHrAUEGCgUUL5IsrRgZ3DrQLR2RZkYWRruSuJ3A6BXL4R9
2020-09-22T08:56:35.488273639Z,2020-09-22T08:56:53.541086694Z,245 8Aw8ZndCY4LYTmYE7aSha57QyLHcqxHHuzcRyNbPhFaLjRq0rvvCbzjDe8je
2020-09-22T08:56:35.501077218Z,2020-09-22T08:56:53.616884214Z,246 1EDoKN7nY3ZT1WKtVhVpyvSlMHmjaOYEVoE7EeQQ4MumcDRHAf5wp1x9RcYw
2020-09-22T08:56:35.511560723Z,2020-09-22T08:56:53.691590877Z,247 vq9Jy3tkY6bdhtGYmsT9qPV0U4zBfluEr6YwP1yVE731MB8gtPnKlMuKXTHN
2020-09-22T08:56:35.522516764Z,2020-09-22T08:56:53.763182097Z,248 7ATPKZG73hJO82MAkuiCne7mMShpRHh4XUDtcqUqeL0ZuEeVDOuXhv8nFQ1F
2020-09-22T08:56:35.533898743Z,2020-09-22T08:56:53.839191859Z,249 qc39uZ0euFI9Q9bzln5LJFl2Qk0HWwFCdORtzqsa7f2xcdNeYxq2qXkcUJHI
