2020-09-17T10:26:13.312957363Z,2020-09-17T10:26:13.318001010Z,0 FNaIVHPsCaA0PgjKEE1VifMC4pNzlscuQcIAMT2fYiJZFaQI2NbtncnDf2j0ga
2020-09-17T10:26:13.340681652Z,2020-09-17T10:26:13.382343708Z,1 qvDSBVVZjf9a5NKXeyCr194nt9G6HKniWwa6II7quXwomxKx9rI9Hg45G9NdFP
2020-09-17T10:26:13.367023243Z,2020-09-17T10:26:13.447463680Z,2 QHBDKyb279Z33SRczHhgS8Xie8byvrxJL5ylfYDHYuB0HuLgItRXpqEus0niZW
2020-09-17T10:26:13.394954281Z,2020-09-17T10:26:13.508898437Z,3 62RnkiS1orvCI2xY3SDMdWW97vbO736n5HsBUCRFJVt1L6GR9669TE9fmjl8hJ
2020-09-17T10:26:13.421167753Z,2020-09-17T10:26:13.572560279Z,4 TnzsrCFjYJxRXMi6vFt9DWt2QF4P6H2GW5e9RoGonMnil1gxIKr7VsyfNFfNYF
2020-09-17T10:26:13.449683820Z,2020-09-17T10:26:13.638598672Z,5 t21Zf4mKdlPJK9UI0Eu1AwPLtgGMH5VSdzrvezHPAclVPgu8mFsnYaXC6S9r4m
2020-09-17T10:26:13.475201686Z,2020-09-17T10:26:13.706460913Z,6 08uSiDtomHEBb1u4ao9K44WTa8Hwv3e3OKwjlcw6nQPmtypUbQrOgBhOFoWA7T
2020-09-17T10:26:13.501516445Z,2020-09-17T10:26:13.773762062Z,7 nd9fnd8gXbYcOGT64CZZwfehh9Fnaio9cXr3NpbQm2qqYolY6iyxv4CUuySxsY
2020-09-17T10:26:13.527652123Z,2020-09-17T10:26:13.839757374Z,8 0kV28PmgfWugVu6vnu889z0gZSwOJgVtUx9gDODx2wO8tP22Auo5fvsGm4VVeo
2020-09-17T10:26:13.553041103Z,2020-09-17T10:26:13.906739897Z,9 YQtMPU5w0KiCty7CfrvNLGyUqpPxo82XWKvigfElFFbxi5dqobzHi7ItwpBg6l
2020-09-17T10:26:13.579769539Z,2020-09-17T10:26:13.971409276Z,10 zyEuf5j9WZSkHUtRqw5IB2nqcd1HTpnPno6IJkYD5YVKBTVEVpBvNc0oKHSS6
2020-09-17T10:26:13.606026594Z,2020-09-17T10:26:14.033707161Z,11 UfJW5ZNHGlSbZfHbxXY5B68WSvlCeWnwbRJJpThXMfDC0L7ls4xG7zOZzvJU8
2020-09-17T10:26:13.632118269Z,2020-09-17T10:26:14.096614095Z,12 BYly60Swe90RWmphQIUL4ukzCNr5FR5GgJt9BIsqC4v7HSqy6ffiiOz5KR0NR
2020-09-17T10:26:13.658353600Z,2020-09-17T10:26:14.165307809Z,13 8YDCdBHHvtR5NKlZsSoe57UU1OpD6sD50Y0LwKe8aW40674MIbpPS2pyb2SA3
2020-09-17T10:26:13.684675632Z,2020-09-17T10:26:14.229673439Z,14 3K7AEwORo9LTk4ISIwpBdNcn9jVc8DJyorXQKAvtLe4lwpBH1aewIylWimO0K
2020-09-17T10:26:13.710013380Z,2020-09-17T10:26:14.295852687Z,15 bFjZZhzisJZTR6R1z32yRSLSVJ4CuWvJGCmtbN3fWBYXvbDB1yrf3UJw8t1w3
2020-09-17T10:26:13.736089241Z,2020-09-17T10:26:14.361448327Z,16 A1QtsGYdr3W3kyMxf0AZf6zp89KuMKfAOuSCUT4Pu70ebFkhWKQU6oZqfRtpr
2020-09-17T10:26:13.762590095Z,2020-09-17T10:26:14.428602402Z,17 jgbn8uc4dDiEuJ6ZdObBQDIfCeRRV8yRvWfmqYPP2HyjoZTyUy5Z4nNOSj06o
2020-09-17T10:26:13.788103257Z,2020-09-17T10:26:14.495626713Z,18 NtCtsFKbGXHjcb0Nme26216CNZEsNnGwt6to3JWzaQuAd9bigwnjVF4PuNu6R
2020-09-17T10:26:13.814650916Z,2020-09-17T10:26:14.561592788Z,19 3bSIt54t6aH8jcPnDP2LGYCYi0IaTwHxsgujus8Uvnqjo1xkPLNElmj0NDJtZ
2020-09-17T10:26:13.841070669Z,2020-09-17T10:26:14.623668888Z,20 1DWmHPzXafyWPSwqXhnMCQyC2PvintLHgdQ8sn6dJIMsl52irgPg4DjLQfRjj
2020-09-17T10:26:13.867676073Z,2020-09-17T10:26:14.688993430Z,21 96ZTczRTmyuVBg2j0itCPtInd4CXqoUIMImr9PPaRM8W5HTMBvLNYsHTpHBzt
2020-09-17T10:26:13.894674163Z,2020-09-17T10:26:14.757557538Z,22 wqHWc8tQFy1rc7Hhv8Hzt9jhKniXX1XtkMVo5EVuezERyQzxA8naNh53kgWlD
2020-09-17T10:26:13.921582377Z,2020-09-17T10:26:14.820823715Z,23 YyhQ6NRcAMS3aqwGwoC6iNUZERM9zMEi5UBnecxAugmCuKkbPRjCVQCR0W2R5
2020-09-17T10:26:13.948655420Z,2020-09-17T10:26:14.886065751Z,24 0EqDDO03n2CnttFVbEc8bzv92Ry2WZOYkgBnyXxQYNpqKRX1c2IjlNuIajpjU
2020-09-17T10:26:13.974086487Z,2020-09-17T10:26:14.952153922Z,25 ECk7TeCibKJWp2W67tWvqxgKX92RJsGUW9u1Bqy67tO9icTTrEtZK7ZAaT72g
2020-09-17T10:26:14.000274317Z,2020-09-17T10:26:15.020562508Z,26 e2QYmj3YZEAASf3hCLKo177cu3sLjLslbJQYyyhsJ4rZ3ukctY1X4UVq4Wyrz
2020-09-17T10:26:14.026623498Z,2020-09-17T10:26:15.087419978Z,27 KXJJMc2ZHIrkZvFIr2vPFLSXlz4M9cCZc9IRdqaDJISJEJS6UQ2FN85B2QvRN
2020-09-17T10:26:14.052769668Z,2020-09-17T10:26:15.155526768Z,28 v3PgpvaJehHmt4KjXlX1y43eaqVLNPaN47LuTYx2TzusQvF7ufdWDr5IjlZJ5
2020-09-17T10:26:14.079429853Z,2020-09-17T10:26:15.225116801Z,29 pK8LRHiaPFINvVwNtMeIAkPY8vQQbHwT4miutK2dXGcX30IkA4JTeFM56q9fl
2020-09-17T10:26:14.105557371Z,2020-09-17T10:26:15.291640192Z,30 DMJjOfBD6tSCJU1os9L4PlVbf2YrwCzv9Nh2KN0WfMsW1SeWxKmZLkUkyEiuF
2020-09-17T10:26:14.131477641Z,2020-09-17T10:26:15.358354327Z,31 c75sVyQbtWsYac24UR1NZVWUBRHmOfwzY9gSAgIIZdDzlEmW92OYETpT29KA9
2020-09-17T10:26:14.157331984Z,2020-09-17T10:26:15.427464427Z,32 MHgl2lKfGGZGK95qpRftWB33Yd5eIJYTNcXes339HrX7R0CS2GvCwadsGtsWf
2020-09-17T10:26:14.182955683Z,2020-09-17T10:26:15.495900720Z,33 c2eElikNBp5AseOtaljPBw2uhRUsqg6GXfRmiIDCm4VUJuSetL51uABGHcwl3
2020-09-17T10:26:14.209680077Z,2020-09-17T10:26:15.561346086Z,34 0CBYLvP8o1aAmDyfp2n90jHMQ9aCfPqEtE8usTrIHA30oK1nJ6A7udokfZIfU
2020-09-17T10:26:14.236671129Z,2020-09-17T10:26:15.628251259Z,35 KW4EzEObk3FpD9X35oXZprx0brvlMhoU9DVf68sVtlUai1ptULK9s8iEc7xj9
2020-09-17T10:26:14.263454337Z,2020-09-17T10:26:15.696903679Z,36 4D3ol64cn0yEnCFXsORCs2tt850Yh0yhy2oZZy5X1UL1S7T11pg7p79BeltQ6
2020-09-17T10:26:14.290024427Z,2020-09-17T10:26:15.767022558Z,37 kE4wLujvDvtbVCsA60QoNpmm9vCEaQdt3oe0HjwmIg0MQsNvYXO5h163FTXGG
2020-09-17T10:26:14.315995173Z,2020-09-17T10:26:15.833978514Z,38 KEXtc89OPX7Uul3OHiu8XGKXDGX8xDjBOxz69EIXmbEFPepfOn2BMPry8Cp8R
2020-09-17T10:26:14.342475420Z,2020-09-17T10:26:15.903592724Z,39 7YUi4ZsPvGbHjM6IeaJK4dkRDGGqbzauXk1nv04S5Mmtw7qYh8i74RW4wGbJr
2020-09-17T10:26:14.368488978Z,2020-09-17T10:26:15.971373009Z,40 jijpNcWROEg6dOIGDSkAfRNOaQL3qRseaBdwjTl8ARb0Z6KlgAL5X4vFsAWDb
2020-09-17T10:26:14.394527767Z,2020-09-17T10:26:16.037981611Z,41 r54mYrgcDtNSktJSmhZlDqx5ZFav2CGKPZa0vKaBobC9FUbkO810itgmVk8gm
2020-09-17T10:26:14.420789293Z,2020-09-17T10:26:16.108284898Z,42 4mldQmay3mHab6cRTqXiBjex1e4B05YGLaqjGwZbbgQ7bpQ18N7E4lghBybhY
2020-09-17T10:26:14.447695728Z,2020-09-17T10:26:16.175254956Z,43 lIAAz7MsNmrupH8EsACwQFRM6w0piwciOn0wDVlTJEzS5JgsYhFpjNDzE2yQ9
2020-09-17T10:26:14.474671048Z,2020-09-17T10:26:16.245854827Z,44 s36n4YvskpQp6t8sV6v4EePDoJQ2FBukTCvGIZXuuSrSroPPL76hVw6voUE97
2020-09-17T10:26:14.500562082Z,2020-09-17T10:26:16.312280108Z,45 KNszalc4MXNVPp58N5GCooftiEYddIv9cmAGtEof3EpwMYgeD4cDHMF4twYk3
2020-09-17T10:26:14.526681382Z,2020-09-17T10:26:16.382760317Z,46 CecX2f99yENAc8I1F3mkXC8eMeBjAqZ5y6uenyoPdoOWZrlhrjehNyF6kxQpf
2020-09-17T10:26:14.552266882Z,2020-09-17T10:26:16.451037343Z,47 vFhjRi3lFgd7o3byy1XmnVXgDM61yr3PV0svoup74KwnlpkpIVcTkqCPJMUPU
2020-09-17T10:26:14.578607510Z,2020-09-17T10:26:16.521519926Z,48 oei4o7j2d8rEvIg9Whs3wHmD5cVrMScpjuUyZjZF8UioPxjZlNCvgtKpq5myO
2020-09-17T10:26:14.607636136Z,2020-09-17T10:26:16.598368401Z,49 1w3PMBPkxdcFkC8xarEhmU2G7SKP37PuMehKcaz5bZ8FytXECIiPvoyTthZdF
2020-09-17T10:26:14.629843328Z,2020-09-17T10:26:16.663203867Z,50 6mDGcI22HELqNIAnBJWiFnIyKLTnMd2DbruZtnG7ezN4stpoolaZwAcxTo4BO
2020-09-17T10:26:14.656189889Z,2020-09-17T10:26:16.736629187Z,51 RIcyEj7PjnABGYQy4x4Sno63ZcoYqbHrvyiZny1MextVzPcmRBeLGx4faX9GT
2020-09-17T10:26:14.682929928Z,2020-09-17T10:26:16.804498485Z,52 oF7BhOrMxOgPSpotQckPjxi021pEMq24p63N8iuRjsr1e8AwwDqXECEDFwd35
2020-09-17T10:26:14.709536124Z,2020-09-17T10:26:16.873142824Z,53 RrCvbFbXh7mwJJrxf6s9foenVG23VxwKahpVG52zlvixDAxIkMxlukPFwh5wR
2020-09-17T10:26:14.735028975Z,2020-09-17T10:26:16.944093642Z,54 95vNYjANm7LpXG1li2JEwKJbkhBR5RGsuzy4muSdeSBa2wN5KftiVzJ4Fc2ws
2020-09-17T10:26:14.760877015Z,2020-09-17T10:26:17.011791795Z,55 6ThiiTPIz680WO3fhBwIlzjBuwpfIsR59kgbR3Hsu0SzgrQkThew7LGrUAFyr
2020-09-17T10:26:14.787776496Z,2020-09-17T10:26:17.079801131Z,56 ANdmSrDeei052X6vScWzHYoPpuOy64n2OwtgcUcm1FowKKs9RsgCfgqTgQH4F
2020-09-17T10:26:14.814332734Z,2020-09-17T10:26:17.149431488Z,57 R651fhw764edL4pAIJJ1tp9tVdoQEEtxJi45wXSPIeHDznRdMsB2sCLjNQY7M
2020-09-17T10:26:14.840382201Z,2020-09-17T10:26:17.215854846Z,58 2xTdZKHMnTzi0LrZSjsNboWITHAX42cUa1eKdD1mTv6WZxclDQVqobZY10dlY
2020-09-17T10:26:14.866870106Z,2020-09-17T10:26:17.282825609Z,59 j2i2E75gU7d5sp1lSQ9bfKzN7QynYQgqb9SkCl0dEBMU0Xq8Bo8x6DB68E8CJ
2020-09-17T10:26:14.892500349Z,2020-09-17T10:26:17.355675733Z,60 GX3RkgnkY4yqO8sNcWlytcp7GSY3EDGYRPY7C2zLFqLTSwjQaRTXGvYwbtbLq
2020-09-17T10:26:14.918854619Z,2020-09-17T10:26:17.425470863Z,61 DkhKiKF7PTHKfQUm2sbO8tyJotsWpKWpt5yuZ8on6POtrVD7vIaJDZwmBdbYy
2020-09-17T10:26:14.945185695Z,2020-09-17T10:26:17.492708893Z,62 J0g4BMhvj3VDYZaA4L3NhEaKUucUiZEimP4xMdMSnayZrK5DcrdfxySpgy6GK
2020-09-17T10:26:14.971680447Z,2020-09-17T10:26:17.563788418Z,63 iNhhlGiuEMW5bn2zc6KOsFS3n65yMhEpqYPIAO4wOKjSM4kryFws6KK4JsPl6
2020-09-17T10:26:14.997990585Z,2020-09-17T10:26:17.628759675Z,64 nRJY29QQgLcasFSIRKu1Y8DhN3aE6YeAJyPmz36iCwsTLFDetHFyu0RvYZu5T
2020-09-17T10:26:15.023931485Z,2020-09-17T10:26:17.696757911Z,65 91mgUB8U2JFz0wHRhbHI7v9bdePQ7LXLjrDXfcs3P4umpi5MDDKG0XFaN6not
2020-09-17T10:26:15.049987953Z,2020-09-17T10:26:17.766180013Z,66 O1QS8z2LUZWR4YyDvMqSXUZSewDGWEQfnFiKouu8e6YYoEYhJotxHRAY5Xiw2
2020-09-17T10:26:15.076491201Z,2020-09-17T10:26:17.837468346Z,67 1tdvZrpwxBdWgJNK4pyw8nG4A7qwaGQtv4EUlRYwYJ0W3vCJ0a2JHHVD69u11
2020-09-17T10:26:15.102453985Z,2020-09-17T10:26:17.903501149Z,68 2p6RkHUV6xnNyXSIyUAItsFSw8cmSCE5q9s5tlkMtmU9OMZ8xoMoFVw54XqGb
2020-09-17T10:26:15.128030529Z,2020-09-17T10:26:17.974953390Z,69 9aNrrcz4Pypr7bYkDFS5LqdG0y8Z2XzTxBuwgwwMJiqCFJIMKrewQePCk8Kgm
2020-09-17T10:26:15.154907081Z,2020-09-17T10:26:18.040397236Z,70 pnxi7TevpiyG0VScmFatb8b07V4K2bvmBiZ52T5M9QkqmHxozRNPLhAopyYPq
2020-09-17T10:26:15.179891292Z,2020-09-17T10:26:18.110423565Z,71 m5CLaOJ9C0J5YdNoHtXQTJVdzuY2Uc5ihzs3q38hVyBEafaxTPOmT4ymEfQQA
2020-09-17T10:26:15.206568194Z,2020-09-17T10:26:18.178484862Z,72 MBWesZElD8gQVAM1gcY9BWCBHYISqZGTHSvJaxA2GS5eBoOpaSMPLZdep1AkP
2020-09-17T10:26:15.231961508Z,2020-09-17T10:26:18.249524008Z,73 NMlUZ4r55NcOQ4dVAyrGTfAiTH0HHjyFU7jZ3I3Ip3wVgarb9v0Phgts7MT5G
2020-09-17T10:26:15.258025672Z,2020-09-17T10:26:18.317237220Z,74 8JThm6bZXIrje0vL71eTV66s1UypV1EYP6sJz6dMAjVswIJZo6QBXmghx3JNs
2020-09-17T10:26:15.284616732Z,2020-09-17T10:26:18.387989676Z,75 WTz1iYJvmdwDYx5CuMHX1kvDG5alLKgjGqErjQuyev3ZrbeIscJUpCKUEjQJG
2020-09-17T10:26:15.310240275Z,2020-09-17T10:26:18.455694810Z,76 sC6yed9koXKFzPDlU3CsnAg8cNtEzT7nPLWeVBj20zyv71W6ArG2QLXUvaY0z
2020-09-17T10:26:15.336627583Z,2020-09-17T10:26:18.526290471Z,77 u3ER2bBHzL7cfCRh7ZycW6cOoGXN3u8hPawMCKpMhP3IDJwPD3KkpQP2FWtdy
2020-09-17T10:26:15.363093919Z,2020-09-17T10:26:18.594686394Z,78 gsNv3iEnJdL9jZBbJ14beXLwdwLW0SvdXj2JxmgG7BtYWxMnGl0Cb2seSMnSE
2020-09-17T10:26:15.389111751Z,2020-09-17T10:26:18.664425114Z,79 6CCiPuPsxSfacS7O3qejDipHqt5WL72wA6LNwwOKha28EpZnHQmXirJe210gn
2020-09-17T10:26:15.415592307Z,2020-09-17T10:26:18.733152327Z,80 rdy2PhxQ0cI5W0yIlcRzsI3UkYmq4raEeT9MHOVbcU3FDc4xNoMscpkiolisn
2020-09-17T10:26:15.441528383Z,2020-09-17T10:26:18.804683183Z,81 Vnqmw5lfOlpoiyy1qHTznTWddbbHs1mRlOembQr2Z3MFOByFU40KRMz6QHdsc
2020-09-17T10:26:15.467509270Z,2020-09-17T10:26:18.870738310Z,82 H0sDXWbzL1h9W35wIfD5DKHMXtd0QrUxzUnTGwVeae73oeHlEottndkAef76b
2020-09-17T10:26:15.494013075Z,2020-09-17T10:26:18.936989276Z,83 agV6Rb0Psurawo3wd7z80LCqlxypGqEbSFuDipfgsq0aPKlepryo0UTV4KJTA
2020-09-17T10:26:15.519933454Z,2020-09-17T10:26:19.008344819Z,84 NCzBaSUyIs9tPlbwSMdScMm4cdQifxpvVPqqywHf6WkR0PnKBKml4dwCTtfIO
2020-09-17T10:26:15.546455706Z,2020-09-17T10:26:19.080685584Z,85 4gthmVatEIzCo4mJ37HfZj55Gj2AL9I82Va3nQ0I1pbXvOp3GWi0wA07SKxg0
2020-09-17T10:26:15.572075825Z,2020-09-17T10:26:19.145563668Z,86 D6O7fFeJJDGqAReWx4FmIrwpiIxbibVvYXQzZrwjnem6EZX69cT42aZ8Ax5Bh
2020-09-17T10:26:15.598356940Z,2020-09-17T10:26:19.217172200Z,87 tRmrdIoRilfa1csPXMdvbinTvf3J5dK1kbq1yB03cP776zqo1sagyRHKz8m8V
2020-09-17T10:26:15.624085883Z,2020-09-17T10:26:19.283097749Z,88 jQKUcuTiZMfe3EVhlP6ZWBpTSxQ1IdBg5Tp4F36gO5dQi8bcJVbSi4gW22PDJ
2020-09-17T10:26:15.650770136Z,2020-09-17T10:26:19.353798228Z,89 0sEBsZT9zNB9CRrYUCz7enn3UlKk8JF82yHhGUeVJcrgkYT32N0OFC5kkTSqA
2020-09-17T10:26:15.677874386Z,2020-09-17T10:26:19.429118513Z,90 zIuLPpsa1FkYDNgWabGjtvdmHrW4HouqBtXkgNqMiDtsFnV7ivEQH47XxXmtl
2020-09-17T10:26:15.704313506Z,2020-09-17T10:26:19.499954280Z,91 JvuzWPC3FsVPawUc53MyDnE2sc35NJpyFClomAtESSztYCPaQwL2r9Ztfz6le
2020-09-17T10:26:15.729945180Z,2020-09-17T10:26:19.563605841Z,92 VCub8CrJaAriCqCo86UR8Xar6bR37Rz3M0OFDrih5QO3Vs3XlImRVYAH2SuzC
2020-09-17T10:26:15.756568262Z,2020-09-17T10:26:19.635468422Z,93 qfgbQjDVQ9Y6RagNhsUbjbhg8TC26TL1oRZJCzxu0R2QWwUFZE0IeGGQ17yJ4
2020-09-17T10:26:15.782553386Z,2020-09-17T10:26:19.704371387Z,94 W73wIc1kUod4vprN4NPBoWEmkXMnD8KDZeaAQDaESEj5VCktLfXg9ODHiK8H0
2020-09-17T10:26:15.807791864Z,2020-09-17T10:26:19.769581737Z,95 KuCvzacOz8iY9ClydT7mxHL3VkKhgWlrAV1Bdgew34Igt4PYMFWw3pvbicZ05
2020-09-17T10:26:15.834648060Z,2020-09-17T10:26:19.837916018Z,96 IQdrOVE6Klzd99c0nf6NLIauWMeDuL7Sj395yAg8eLLTt3Q19AD437iEnAUpx
2020-09-17T10:26:15.860595836Z,2020-09-17T10:26:19.908549142Z,97 jgtiyhCrHlmzng4ZKZJcvFZs07zt8qBD9EI3aTjwlLF2ljiGNXr8BvylpHLgT
2020-09-17T10:26:15.887219962Z,2020-09-17T10:26:19.976007878Z,98 8dry8WjyKTRa7bjZipaO8PbWQUnUmX2mv8M0fnwH3TOioEieialqi0hX7sv4V
2020-09-17T10:26:15.914101774Z,2020-09-17T10:26:20.048426598Z,99 N6QSyMnDlF0Zdi1bbObOBUvOHYVCa7llTWxjrXJWyftKPVMGDp0pM23aPWO9E
2020-09-17T10:26:15.940793800Z,2020-09-17T10:26:20.115776042Z,100 kSdNxFCfP3AGmxA3y1pDGBCjilpifvUI8AREFQUnYmuUQ7gVNUmqiKBLopAI
2020-09-17T10:26:15.967178532Z,2020-09-17T10:26:20.181319578Z,101 GIuVWmxbnvZz4RHpJT7gJDVgFi2CcxTKTuN4opPyiGPqTCogS8A1idleXNXY
2020-09-17T10:26:15.993416077Z,2020-09-17T10:26:20.248352485Z,102 4F7nN00wVbfIRHYGU9InRQ8BNySu74HZj5MeUP8NhXqowIVHqx8ucKWesgYa
2020-09-17T10:26:16.019859884Z,2020-09-17T10:26:20.308703833Z,103 Gq0M5Lx4F9gwNe0wdr3OnB38O0LYDGrdHwjXQwTAOkDquP3mrjhf7Lg48Dew
2020-09-17T10:26:16.046637895Z,2020-09-17T10:26:20.373085587Z,104 UDsMrAh3un0puwt9uP5MJEHlgPORxJQ9ycHQkEcPnwgJdUKvjWDwdMOfNNg9
2020-09-17T10:26:16.072870924Z,2020-09-17T10:26:20.437824065Z,105 0P0zO4UnNDOwdor8I1yCKOobWo3iaG6T0lM1FoH0rpyRnFBEG8GlHLbatC4d
2020-09-17T10:26:16.099364922Z,2020-09-17T10:26:20.507527326Z,106 I32hAzCubXZ34nj19ZbBOGMO0o1hQdUUcZoenuiELGYfcurj5serXC98sKME
2020-09-17T10:26:16.126674096Z,2020-09-17T10:26:20.575873688Z,107 q4WujlkkDfNptghbpkwNnODyVGs1Mj6otrpCPneVZXvky3Jt1KolfvANqRJE
2020-09-17T10:26:16.152953077Z,2020-09-17T10:26:20.642151326Z,108 NYqdn18OQd8ois9rOo5fw78pUfJQEQhArXIwNGZ2WuEETRFQmdIjKxAASUr3
2020-09-17T10:26:16.178949771Z,2020-09-17T10:26:20.709571396Z,109 E3MbXzZONn3zdAnflKa27sGcwOLUMIYQ9ZnEu23p16Jq0KuLhx8M3EifKZMG
2020-09-17T10:26:16.205510810Z,2020-09-17T10:26:20.777682360Z,110 6fNlWBgiTwVJZmaZ16OrhxogNRcQN4UIRUFCLvgyCps0eCtwSvV2HD7ifsfA
2020-09-17T10:26:16.231953326Z,2020-09-17T10:26:20.842199425Z,111 YIM8jRCz0GtL3YCVXrg7QKKRPLbKcO6j0Y27EhPGxS22FIaL2TlzcJkSIbha
2020-09-17T10:26:16.258973222Z,2020-09-17T10:26:20.911649194Z,112 u1eO4iMHdqKjp2KJtlfAujWVg1NPVW7jrog5BdP5xR0RrRo7Y5I3f6WmI2Fh
2020-09-17T10:26:16.284905123Z,2020-09-17T10:26:20.980350398Z,113 uMIcdxRddszPbj3S1YtQpsJZQGgoMoxA7W6RCuFlnFI6WUUyJW60oyxYkxqG
2020-09-17T10:26:16.311494415Z,2020-09-17T10:26:21.050474708Z,114 2DTvMXoUHhgS2MroN2Uz9viw85rLF2lmuXMd1rLMFGZwnWEN6hgHptptDyZO
2020-09-17T10:26:16.337270666Z,2020-09-17T10:26:21.114075236Z,115 7PQ8errAebcUse1QyDHnDYVtbP8WjQyf59GOy74WecCue5IDf7RbuxX0r7T7
2020-09-17T10:26:16.363389156Z,2020-09-17T10:26:21.181748691Z,116 cMXYD7Y6gmPMsfaZ5B8NxAfAgzmtr44TFsSZlAgU8oryZu6qRaLWcFZ1jOX8
2020-09-17T10:26:16.388892999Z,2020-09-17T10:26:21.246159858Z,117 g5bl43OEvvxhBtshjOJJmer1GTH61LnVIDR0h0WIwQwPoja5ips4n8q6v5eI
2020-09-17T10:26:16.415181075Z,2020-09-17T10:26:21.313236191Z,118 LGgmxDsvOvndIn33K7WNkNmxQIGYqWjIXCPmDWhOcwghqOlGJ0Mm7nOdFaLj
2020-09-17T10:26:16.441659324Z,2020-09-17T10:26:21.382275870Z,119 zyEv1tOvpFl9bylu9GolD9lmpPMhcQckomGkoVPID9xtjYB73a51ZP4D1GAu
2020-09-17T10:26:16.466917409Z,2020-09-17T10:26:21.500798722Z,120 kJ5nSQgtyg9Ss0DTaWSTj776CJWJrqSINudmd91ogLk634khNO2p42Zr61Ox
2020-09-17T10:26:16.493315992Z,2020-09-17T10:26:21.567298006Z,121 zEhkEDL15bDiJVGZ4e9clVGjeU7DjjHNK6R8AwCyHDS7BMkkGEptmpAny1so
2020-09-17T10:26:16.520010080Z,2020-09-17T10:26:21.636437435Z,122 t2OM7Cqi5XT20h9x5RnrcmQ1rsWfAKny766gtGNm7Bh2696DKruLxbzPoZ3i
2020-09-17T10:26:16.545928588Z,2020-09-17T10:26:21.705225856Z,123 HZdhMboCDgfJSuRh5mjaQJTcbZpre89QrAFXGpgUvlsHiCkX2L1cmxBpPmiy
2020-09-17T10:26:16.572269160Z,2020-09-17T10:26:21.774078810Z,124 nEElwopWEvyJzcLX2fUsYRpfdFUvp3U3HNn1eHTaiku2B3vleRfGogsTmK8D
2020-09-17T10:26:16.598049869Z,2020-09-17T10:26:21.851211230Z,125 UZT7opkNtINUzR26jDY0eVQ5hKqDD5qjUjLC90WXgPx9l8yGBSvFusieUQey
2020-09-17T10:26:16.624586184Z,2020-09-17T10:26:21.919028412Z,126 5DaAzDdYCU1cn8Rw27FAUTU1meOucLAU2NIYYS25MVUCQv5Ct4HlNrWwwYGn
2020-09-17T10:26:16.650279408Z,2020-09-17T10:26:21.983380747Z,127 Ku5PgQ7FejCK5dlllIGMPhJ5Ks9s3UKgaHtSrYU5BIgemTEvM0mCVQQwolpb
2020-09-17T10:26:16.676651113Z,2020-09-17T10:26:22.043984866Z,128 k7i9bzjh9Rr1GADYlE8F14yF6P6MrJQ35lfuLc0Pf0QlO4NMUpxRRpMZXbjc
2020-09-17T10:26:16.703189744Z,2020-09-17T10:26:22.103692898Z,129 fppsxEHoKEAARiV9c9F5kGOZWZpJrqouxBazHzBSXxZPImEaBy8DQyFwVWsK
2020-09-17T10:26:16.729574679Z,2020-09-17T10:26:22.166111591Z,130 ahGqXR2W4NCx9KGDYDjl4SYa3dHPwCPnNZIvF6bL1fezvFfcubJnxozDsQ5W
2020-09-17T10:26:16.755190963Z,2020-09-17T10:26:22.228746215Z,131 64maOLEXxqW03szi3rlkYf1oAQeNK3dINmnoqMhRQc8DavKyvYgFADBrcTF5
2020-09-17T10:26:16.781403760Z,2020-09-17T10:26:22.291632633Z,132 O0jTYizWrqGSb2MPMFuQX5pzPaldq9ufLssOBdiD6KOlUR5wqLoRLVRLvj6E
2020-09-17T10:26:16.808013698Z,2020-09-17T10:26:22.355285866Z,133 np3BJPt5d8QrPUL8SmUVq78ihigwP8Kpcp6RDCJHjlyrDDzk7zZxHz9xpPIJ
2020-09-17T10:26:16.834865854Z,2020-09-17T10:26:22.421045059Z,134 AP4Q31yACXa26nKjpGSU8Ss6qAWs0oRD0xYah3kGDz18uCmzyzsTXzzT6dww
2020-09-17T10:26:16.861656566Z,2020-09-17T10:26:22.489472658Z,135 Kd0ekMQdcMp7o7ZT0B7ARjvAhDXLV6eJqDRSIf2UKHwG2V28xEp7OC025jx0
2020-09-17T10:26:16.887143797Z,2020-09-17T10:26:22.554682353Z,136 KwMr97hkO5Nfx7wIrcXfBQyC8pEMpPpjuZbHPF4D4t1rmlJ4UVME1DeDDpxP
2020-09-17T10:26:16.913661479Z,2020-09-17T10:26:22.619309551Z,137 GonMv8XDXmpksdGlJdK2gRnKsaXvTzKorU28c581FcewouOuz9x8eDk8yotI
2020-09-17T10:26:16.939591599Z,2020-09-17T10:26:22.688227499Z,138 NZ77rJMwwCJyDdGCzYjVxpjdYn17dqN0YazYmlXsjqD6aRidnAYfQ0qmsTFh
2020-09-17T10:26:16.965035955Z,2020-09-17T10:26:22.758748408Z,139 sHizvozg51k13BvL4WALFEPLJlPPBb39EdwW0yXph5bIaB4VqTFvYkXDTBu9
2020-09-17T10:26:16.991378907Z,2020-09-17T10:26:22.828331497Z,140 7o9IO47gcUV4uykNeBWqRTZgihYJFl0UqOmqjUmjL4jid2gGUOkg1jRL9wNW
2020-09-17T10:26:17.016998989Z,2020-09-17T10:26:22.896540879Z,141 PyQHPHib83eF5abvqTdRaptWYh8xSgwS7RNsoSRXlpv2DQnKVnfXy4lCrynf
2020-09-17T10:26:17.043454421Z,2020-09-17T10:26:23.015109068Z,142 sKuml2mtwdWAnR9sNX2ophVEGqYDny4vxtljSXngtY6cIj8yHu3Jlbq0tq2u
2020-09-17T10:26:17.069141992Z,2020-09-17T10:26:23.080884337Z,143 9j4GJ8IQSlL00bOMAK5eyho4TXuYieOXrrPZB4u1h3mrOb81ghjew7UAiic0
2020-09-17T10:26:17.095651329Z,2020-09-17T10:26:23.146249971Z,144 xwGZ4hRuUMGBMZDe7vFx1ItV884TfnZsMzTkFKHkGz48BprgQE2x2ZllScnZ
2020-09-17T10:26:17.121931686Z,2020-09-17T10:26:23.212406343Z,145 MZVuaYZ2nxHmpkD79NZOzcOGfBQOXawLa4fKdqLd7mIjDMud4GGfUYQ1KH9c
2020-09-17T10:26:17.148439835Z,2020-09-17T10:26:23.283938789Z,146 D3xvtJ4Q0nU6vZqBPMAagPlcL3fzdKqEYYgscBb6NSM5RXaBvpf54aced64l
2020-09-17T10:26:17.174299164Z,2020-09-17T10:26:23.349413406Z,147 xDeHyDwJwRVme4PJQg46Wo2rbKiEW7fdsw5g8WmKJo9ZgigHsbeVDvHsPml2
2020-09-17T10:26:17.201012287Z,2020-09-17T10:26:23.417927809Z,148 Ckbr3dYtupqdNkHwwZq4vJDZH7EfpaG96sgPl7Qeef1JCSjAigxHpcOEKss6
2020-09-17T10:26:17.227594428Z,2020-09-17T10:26:23.485152875Z,149 TegZi5GbuOtwEGvHO5VpCgULkDi3E5ZzjOEEXc2VesOkh0SGqpID53WpQ8xf
2020-09-17T10:26:17.252958038Z,2020-09-17T10:26:23.554621546Z,150 ZteoLpUJ9MbDOmFoDUzEvW4PIbT5rKCNmHExH7mo1F9oUMWpKe2pHPVjzBxJ
2020-09-17T10:26:17.279574294Z,2020-09-17T10:26:23.623398181Z,151 NxJXZHV690ajHJCedLC72ZthOl4Z0tn2IT013NWGSIBqVkuWMocvPclwThAh
2020-09-17T10:26:17.305508555Z,2020-09-17T10:26:23.692038053Z,152 HH6yTbH0t6DBqrd4CpJvDIfvIDGqricCFwag2Q5fqnWj1izrIqJvomZWmKVs
2020-09-17T10:26:17.331749777Z,2020-09-17T10:26:23.760073359Z,153 Q6XZlZyv3VfbPDNfmITPD4eXckaTBS43YRH6QK5vgl5PFeqaQGXTjwnNdAX4
2020-09-17T10:26:17.358537416Z,2020-09-17T10:26:23.829809707Z,154 KrgFEoq3ioZ2WRe5auqHxbZJTfEc6yWucwm49KG9kL2aJGQJv2Om7lQ0VLFO
2020-09-17T10:26:17.384748772Z,2020-09-17T10:26:23.900755509Z,155 Yzig1L3lNzBvejH3FiuGgfJYWLayxbBWbjxGFKH5P355WtQ4tVi5PmBtSm70
2020-09-17T10:26:17.411579372Z,2020-09-17T10:26:23.966149347Z,156 wZxbK03FwAsn2UII5V1xXJUSAFV6SrOJ9XgRI3gLiEXF0peyjZ280XFVxYuC
2020-09-17T10:26:17.437077237Z,2020-09-17T10:26:24.033071398Z,157 rJf0xQvEZMketgOEcMyRpu0CjIxQQjv5OgVOJFvTHwQSQR4gCIoS5qyqoLhz
2020-09-17T10:26:17.463301219Z,2020-09-17T10:26:24.101712131Z,158 85XADzWfOqfSQkkVvBVe89eyMQ0hAeFGxoH7iTtYF2BDpwvSxYZFY5yJOCTv
2020-09-17T10:26:17.489785334Z,2020-09-17T10:26:24.167579566Z,159 VmNbePspTUpQVqHYYB8zzErkkJwBcWwCgpUBmotv6Ra9hA3NANeg89Z8dQue
2020-09-17T10:26:17.516447305Z,2020-09-17T10:26:24.233142197Z,160 xwhA3P9NO1DfWgdFTUwuYSSIGeWZglTdD1UOCnHpoCEsjyWuOcye1OlOFLwV
2020-09-17T10:26:17.543037243Z,2020-09-17T10:26:24.299992070Z,161 K7qGEx1enyfrbbQGX4fjjOpdQbBisyZrxrluYFdIOwc3JGySDHid3zIsbzEg
2020-09-17T10:26:17.569536878Z,2020-09-17T10:26:24.369353228Z,162 6mGkrwE8e6QP5zx2Vkx2z3A5IjQnddyoV4eJHIfjs6VNSbqKZCA7Z97CfIQ1
2020-09-17T10:26:17.596815214Z,2020-09-17T10:26:24.438508351Z,163 AyWrF0C8DqsbfqjvVOoAAsJOe6LcbbTKISkaogp3mtQzKQSy7h3Kb7bGoVbH
2020-09-17T10:26:17.623408677Z,2020-09-17T10:26:24.505023252Z,164 Zj5zmP1yBTZulqthccTAep3sJlW1euhfU3wC1Pf92yrNATZH7YHM1tP6P682
2020-09-17T10:26:17.649433381Z,2020-09-17T10:26:24.573144886Z,165 Ja7xvrjY4RNGWagDEouZVFqJRUReBQC7HNIb0TosPAPFIvLD3wnDx5kx4H24
2020-09-17T10:26:17.675883538Z,2020-09-17T10:26:24.644507899Z,166 Ma7Mes2qntbOdTJf0EO5PprBd3tG4mbBY3MehmwVxz0JzpX6ZGqcEjMtk7UX
2020-09-17T10:26:17.702915335Z,2020-09-17T10:26:24.710133336Z,167 smn3yqoSGfLJ0UsZHhEDgh0GOcxZ9BizMkT2ArBkjZnC9OQvQ1ODCP8R9hf7
2020-09-17T10:26:17.729052129Z,2020-09-17T10:26:24.777708053Z,168 9RO2XuVJb8WZLVHQivIYA8qEJUEN7wcPBBubDHVlnXtl4gibZil8QCLoqOn3
2020-09-17T10:26:17.755756871Z,2020-09-17T10:26:24.849667577Z,169 Umxz9lRteOvLAP8Pdtzt6PWDCa0AxWty6VAUJd7CVGoB5MGoXztSUR01M19b
2020-09-17T10:26:17.781399907Z,2020-09-17T10:26:24.916262517Z,170 eBtlOkAJOeQrno3VBMdrA7JTJNxL5OBlOmBO3632GZbIiCrpqYvcEd6PPHbh
2020-09-17T10:26:17.807534127Z,2020-09-17T10:26:24.982194788Z,171 akbXbVs4aEFaKg4jj3SmGjNirNHqoeB0KfISGGsqNp3kqFIST7npancyFqw5
2020-09-17T10:26:17.833136642Z,2020-09-17T10:26:25.054599543Z,172 zLj2YP6JD2QJeiGGbcfKXiQBlZPyliVuEnyIWcnsDpMg1j23lCeKJqwxbyvR
2020-09-17T10:26:17.859774014Z,2020-09-17T10:26:25.122121967Z,173 BvPvfa5e0TuDM9XEqRhvTVpBxffjHmvzOhoy9m0ET1K8c2202mRMFnDOqzbu
2020-09-17T10:26:17.886071338Z,2020-09-17T10:26:25.190681806Z,174 5me9yTAoFwliMcflK41zYmolWERNu8PHCKLm3lUkdGOvr3VBhKCTW87UBEGC
2020-09-17T10:26:17.912295156Z,2020-09-17T10:26:25.262046590Z,175 8B5bSHh7XvXF8JSvtN50CWh86I6Gj9VPKGTba4STxBB8N4Kys69uBW3QM3CU
2020-09-17T10:26:17.938779019Z,2020-09-17T10:26:25.332609210Z,176 GNEMMM42jWKuuoYFCwhzF61I9YIOv0vzpIx5a0hXSuzEI5QRz1ZTYJ3d3o4O
2020-09-17T10:26:17.965237178Z,2020-09-17T10:26:25.400560219Z,177 CweJfFIYFU65bpygTfXxPf8mVkYzUGvSCAN4KaXHhLMgVLj2AB2O2sYUaGCE
2020-09-17T10:26:17.991201766Z,2020-09-17T10:26:25.463958383Z,178 LktscjbgakYSj176wemnBxHVxFTJZWDGD3GUvN0hbkizPPA43rmYiAcZmRBG
2020-09-17T10:26:18.017229819Z,2020-09-17T10:26:25.532975431Z,179 7FgRYDLz0vQWUhGR4b6ZqRV5xeBAz4tHCXODPWrq50REf6qZ1X9JW2ijdIJr
2020-09-17T10:26:18.043733813Z,2020-09-17T10:26:25.599404915Z,180 aeftNislCXPFTb4XD5eAkVo0nFKDavJoDJt3YSj9jhIiiwyl3rxUVpglJReC
2020-09-17T10:26:18.068871627Z,2020-09-17T10:26:25.665676625Z,181 OnmCDP1geENTTJSGS8v6mRAB7Uz7k8US3SdjdfTd0NOzcX9wOve5c2Bc2NYt
2020-09-17T10:26:18.094965095Z,2020-09-17T10:26:25.733023062Z,182 EwEq89LRuan6RBLEvw99K2wiQoAzFZ2OdpyTeXoHRDfs8gu5DxY15mBMl1Z1
2020-09-17T10:26:18.121262344Z,2020-09-17T10:26:25.803402679Z,183 Wb0DAn8DxGl3Q8J1hVqqE9KWDqc6FhIOpgvpg04x9Usv8MvEQAgE48fesZty
2020-09-17T10:26:18.147198058Z,2020-09-17T10:26:25.866314756Z,184 TqxuIiEgElGU8DnyAiv6JGBer9E9zW4TnltyqIEiEjnooUeDU8B2Ttyy9Mms
2020-09-17T10:26:18.173758428Z,2020-09-17T10:26:25.931676310Z,185 NyfTatyXZP14dzmiFAMBKTsGlt4QzTmxidwTvuh0zjlzNlnoUKzuTRN1kbd3
2020-09-17T10:26:18.199099946Z,2020-09-17T10:26:26.000941040Z,186 4oSgVrj2rQ56rDxbrQbixwfK4NPQ4QTn0b9difQwxQiEmmnI11duCJlf5cyr
2020-09-17T10:26:18.225354760Z,2020-09-17T10:26:26.067546639Z,187 qMUqe25lgOIWXy2KwY101eaCJLt8I0t6tg5tfCgi4f0YE5lpabf7KJV1AW9b
2020-09-17T10:26:18.251180720Z,2020-09-17T10:26:26.135613020Z,188 Iy9XS5zQpKbGMv1Gu0E4A8otTd7gfIkID8gcXtDgn3DByoZ2Vqi5fJW83yYa
2020-09-17T10:26:18.277011895Z,2020-09-17T10:26:26.206487588Z,189 Gq2BQnBrsMBxzyImiNLxbyU2s9ZhHu8qBkJdjOg39RU7fYm1JhJVPXZt8JPa
2020-09-17T10:26:18.303287966Z,2020-09-17T10:26:26.272206257Z,190 R18ZUO088Mq6haIPUu9CCjGMvpMvmIrAn2kDcHOJ4zBiwTA4ziWMyUzbjANm
2020-09-17T10:26:18.329334282Z,2020-09-17T10:26:26.339054255Z,191 XKTLlnZacSaffplVo33KNFBkNbTmbkd6A0oM2yrh5TtK3aHrVbWOrdHp8ynh
2020-09-17T10:26:18.355025700Z,2020-09-17T10:26:26.403799094Z,192 m6VLLqvyP4syRjbUKpURx5H2UxgR1oBVczj4GiCoZdirjHaajI4XBXjllj8a
2020-09-17T10:26:18.381720090Z,2020-09-17T10:26:26.469084887Z,193 xNCZCBbuEeMLbpYGA7SnKqTQ5mBgaB243yej20zUYcND64jJHBy1AbXETHSC
2020-09-17T10:26:18.407562398Z,2020-09-17T10:26:26.533703570Z,194 gWCRUSfo1NolUTNgmxoke7WRWQOlKBMhUWSUeRiCu52SYVqdiEzWYYkn9qv1
2020-09-17T10:26:18.434384875Z,2020-09-17T10:26:26.600723731Z,195 rMReP75NWxQPd4X7ZqgSxWG2xZP517nnGvzyK3MiwS2yO7wyOLG2rOBuSzzM
2020-09-17T10:26:18.461006628Z,2020-09-17T10:26:26.668401568Z,196 4A2UINAE7Uv4M4J8UD77KZ1DqmfUeY15BgdfwMXHhrHVOLV3bqSs6j5Dhpkv
2020-09-17T10:26:18.487294141Z,2020-09-17T10:26:26.737506371Z,197 I0fnCjBZN5Q2JvrqheSfoy7uo9Y7owLZs0e4v1Kn3xNoO2x1KPzQlEKPJ0X2
2020-09-17T10:26:18.513544674Z,2020-09-17T10:26:26.806766952Z,198 ArWrCiU5qQCQHV9emFV03DLGVZJL8jJAI8uwIijYyG1FVrkZR0WtGO5AHB8Q
2020-09-17T10:26:18.539381545Z,2020-09-17T10:26:26.871804649Z,199 7B8sWfBP9zdrOC4vMs0QGrpPHhQWqOqJekDVtHu5lttA2NvIQ1GACWpRfzUF
2020-09-17T10:26:18.565977504Z,2020-09-17T10:26:26.939250603Z,200 weCe38iwhWjCcVb45VkIumxS9kAo7hicAUt2XiqV7t06hFVfeuPIahdePYwn
2020-09-17T10:26:18.592668058Z,2020-09-17T10:26:27.008741882Z,201 VsbldyPZcjFKRTMatsk5A2qy3Svm9tMaBUxptB94z6FStMJJTM2Ulmqsnal6
2020-09-17T10:26:18.618286599Z,2020-09-17T10:26:27.075330481Z,202 mEHChm5UfhqCTj99ZOfkltG1HTzXEBGlGOlkOB0yLyg5L3yHFqYN914zwKPq
2020-09-17T10:26:18.644796512Z,2020-09-17T10:26:27.142571860Z,203 YJiqzm5ja7SA2UN6xdfLZP4fMycgPTrnGjuJJQoZzVS5WUMCThhCDiPx4J8t
2020-09-17T10:26:18.671660956Z,2020-09-17T10:26:27.209610599Z,204 wrKmVNu3IbbcBITODeewBkUe1naAaHCvRtiy360y77350NxGSF1e6ufihJo6
2020-09-17T10:26:18.698068039Z,2020-09-17T10:26:27.280077403Z,205 BM8wFyXZUf3hko4Prz8CuCUd9HIOz7f8T480i0za7SkfRwdEuBAnafnqvLRg
2020-09-17T10:26:18.724702926Z,2020-09-17T10:26:27.347659241Z,206 4QGnzlLQ6g5uyuIyb11aPxKuAkSYSbW7XBN19iGYgG1H9i5U7Tway7C8HE9I
2020-09-17T10:26:18.750585108Z,2020-09-17T10:26:27.413657071Z,207 Jk0GNEA7RkIryOAq0CEe2cExH9myMjdimhvrnaVkrRC6xjLBdyJvm2jHv2L5
2020-09-17T10:26:18.776003481Z,2020-09-17T10:26:27.481393824Z,208 q2fwgZhTVGgpF8LTgpkSY4Hclt8I71XssRao6KfP8Y4JeB7fFlgn19ggBH9K
2020-09-17T10:26:18.802465543Z,2020-09-17T10:26:27.548768206Z,209 D3PdSd0a2S9FfgUccIt7vFVkJvZkH8GW9mwghB5d71w000eEUzUWig9KyHHb
2020-09-17T10:26:18.828386823Z,2020-09-17T10:26:27.616793022Z,210 mNaqQ4zvp6GNTXKFJehpi1X08U5RjDBQy7Nr46Lfjc2vxIxWrGvqfwqtNo03
2020-09-17T10:26:18.854508300Z,2020-09-17T10:26:27.682593736Z,211 0YwXFKTLHbkWvb2rcBmsfhx8tRMnGu9phWrUp3ixhbwkrJBiht5rbeoRas1W
2020-09-17T10:26:18.880710831Z,2020-09-17T10:26:27.749920127Z,212 lbnazIpwgvBthsaqridR5yf8p1rPpFx4TG3aLsPzAfgzZ597AF74n201ftbZ
2020-09-17T10:26:18.907051183Z,2020-09-17T10:26:27.816166465Z,213 5s3c5015CmOENfGVtI2tpvWC6diV4rAMkQiWoRzGRO6Twb9IkWfYUcvr2MAn
2020-09-17T10:26:18.933466509Z,2020-09-17T10:26:27.885415421Z,214 HWIeo32indkAbDmyiYwYUdy3OHMteNsJNQYNlD4aHn4opXEwBV6K67F8Z2BL
2020-09-17T10:26:18.959233966Z,2020-09-17T10:26:27.952551727Z,215 0zEhHQpthhUzK64L9pJfBmkfE8RBs4cNtMLRBwFTdSbLMmu1gm1ZyuBQxbXe
2020-09-17T10:26:18.985523495Z,2020-09-17T10:26:28.019475888Z,216 ruzJys0B8CQ7LB11tSlZE7tvOibHuz7UHfklBCgQ0qB6ApMvwj4dJC10LUqC
2020-09-17T10:26:19.012055982Z,2020-09-17T10:26:28.086865881Z,217 baEUda8Y1ymZYoOdRYrNVlUqwCVgsJhHPgZdSrl33CLT60ItXiv2KDu5fyOH
2020-09-17T10:26:19.038044671Z,2020-09-17T10:26:28.160063093Z,218 pOmxaVaCSUkG3eT2laHkjNqzvfFt1O64WB1Kn4j8MGkQHZiK1s8r8andAFZP
2020-09-17T10:26:19.064172616Z,2020-09-17T10:26:28.224866385Z,219 UZ6wN8LbmjGRP6C3d2riBWM8Hrfob8xrdq9U1ic6sNSjclLg5fCB3fq5RaXf
2020-09-17T10:26:19.090825372Z,2020-09-17T10:26:28.291746435Z,220 yTQhANgHMzE9StEFSElsPiSCgMnE5fTkizw0HogAB7sb6cGOIXLBauvOPCuo
2020-09-17T10:26:19.118008979Z,2020-09-17T10:26:28.362505338Z,221 uXYJ0hvgAyrQsHWSaQMIWh9YpuJwC4K6vrYoS3N4ccjQUraBdS46g0ETcv0X
2020-09-17T10:26:19.144855963Z,2020-09-17T10:26:28.428079902Z,222 RB9DV1UCSF0jqm6KB60Vrx9xvfCMeLOM3GhBU4aHvIRjFdxbklClnB0mybLm
2020-09-17T10:26:19.171116678Z,2020-09-17T10:26:28.498089572Z,223 5DTBdRRubBUQnOSFkb6PUFgQRIsVFuhSMmClG7vOW6njY6pySZHQCzpoUwSF
2020-09-17T10:26:19.197536112Z,2020-09-17T10:26:28.574162027Z,224 2m33XXEeMVHwcguOUJUh0NQVaMtfa0bRUlU1JHtrmstKcuALTDbpOzWHJZWh
2020-09-17T10:26:19.223469988Z,2020-09-17T10:26:28.641385487Z,225 xouJu2El944XbybROwZyZzUFCIK42p8bwfekogqvUr3L4SvMBmJWaJm0BQdC
2020-09-17T10:26:19.249360803Z,2020-09-17T10:26:28.707000016Z,226 XjToJZafdzswnQztZw5mM2F53NDRVo8hYDKpPnFzv3y5G1By7oKaM2vhbG3B
2020-09-17T10:26:19.275347438Z,2020-09-17T10:26:28.776051850Z,227 YaqrjhUqLbQ5APg3ikIH2HpcLmhgrIY2FNRrTkv2sC5ZWi6XNPMBzaQIVfdQ
2020-09-17T10:26:19.300883035Z,2020-09-17T10:26:28.842002123Z,228 Eb3OTAmatQu9suLjNY4egHODuEw8nMX0fhdZpNAjx8i9XRFWGLywNVvVcJNd
2020-09-17T10:26:19.326953231Z,2020-09-17T10:26:28.909825512Z,229 QJgADdlybDZC2eSFKmq7vrysVm9ILhtOQF55ZhljRu8KvBmMkDPiZIxonn0y
2020-09-17T10:26:19.353827119Z,2020-09-17T10:26:28.976953610Z,230 P16ggtVXSDJlQA4GpsNf6efisevcl7I9qeBXw0TuuXaEdtEcfRhVbuAExwgH
2020-09-17T10:26:19.379128091Z,2020-09-17T10:26:29.044251354Z,231 q6UqMKKuffBCULEMfMHV4TBHLCd82grftDrV1AApykrY4ZImSOrhN4sUKrMh
2020-09-17T10:26:19.405370229Z,2020-09-17T10:26:29.110601423Z,232 enJmrwJKpmqwXwj8CVd84z1BZGfCR5F7w7rKQDFJc1miQLWb2P1R2P23StFJ
2020-09-17T10:26:19.431217586Z,2020-09-17T10:26:29.179090525Z,233 y62i8lJgi3tUg5FT4kle0DDeI7gOf6Gag4MTA2NJm0hlQCtBxbuz4PgMvumL
2020-09-17T10:26:19.457578350Z,2020-09-17T10:26:29.247252216Z,234 oIwLZaSeupxAiDlk7vSfKDy4OdryaI3WzqaxpJZxyak5UzoPVIahzfyRyPYN
2020-09-17T10:26:19.483169120Z,2020-09-17T10:26:29.315256258Z,235 ufFUgk30wTa3DTQII7VSKHdTRn3uIeCrmpeaJTdZho8cU20IuApzitgOyyiP
2020-09-17T10:26:19.508873625Z,2020-09-17T10:26:29.382443594Z,236 lI99mIyGVRwZfzDq8MRxiErwWTIuRUwBcX6anwxoBdM7VBT7UsGPge6CcfXY
2020-09-17T10:26:19.535532087Z,2020-09-17T10:26:29.449892643Z,237 uVgzv2XqN2WzCeo8DpyM6dxhUWcW880UFHzZVSOUE4OO6w2jQwMINPahJZB1
2020-09-17T10:26:19.561225133Z,2020-09-17T10:26:29.516957190Z,238 Rb1EucLQwUfhB0Jy1FKxTtElKKoR7qFamcV7InFwoflaXWhXtTKEtlSI2NGW
2020-09-17T10:26:19.587103795Z,2020-09-17T10:26:29.584165673Z,239 Th0w6rGAtOirJeXuy9fWuLM3oby9t3BnxLBZ3i5qeowH65xZANj0HZeImYzL
2020-09-17T10:26:19.613545595Z,2020-09-17T10:26:29.650522954Z,240 gN0x7u6GZcTdq1PT4sTx9bH8Nxn30Weq2NicQ3wxL7sW8EUUsXLeYskmymfd
2020-09-17T10:26:19.639266470Z,2020-09-17T10:26:29.719950147Z,241 f8yi96tbdJ49vmkZGIjjwY5SDfN8Dj6j12vh5AKrpVPbc5Ch7wuMoUZq2Qmt
2020-09-17T10:26:19.665759242Z,2020-09-17T10:26:29.782022170Z,242 hdD170hPCPTe3EuzwENmzrpQlt73GTvLMeYIa9pMPY9POf5Q7Pbh1X6R07SW
2020-09-17T10:26:19.692237437Z,2020-09-17T10:26:29.851651616Z,243 apFP0yPvh3PKo0lGQOuUdvaUJMMy4yi7qsX0zQvSTG1eHGyriKxtgeq3pkFN
2020-09-17T10:26:19.718087053Z,2020-09-17T10:26:29.917547793Z,244 2rc6KCezMuwDIwOQNPzTdh1URPpjNST1UBniOUbrpi5fl7KZHE9MHjRFZq2O
2020-09-17T10:26:19.744605234Z,2020-09-17T10:26:29.981694440Z,245 vsXyFGJNOsnSBCO4do5lvIi4EJxiEuN3IY57EnIq7sHrd9ysVw12VkevVLgW
2020-09-17T10:26:19.770924896Z,2020-09-17T10:26:30.045922540Z,246 EE4UvaNiSDWOowvZHlbOJV5c2iumw3pjJKs3pisamxIuvxpgJlkMW4tgklFz
2020-09-17T10:26:19.796626151Z,2020-09-17T10:26:30.112215236Z,247 LRh01X6GGbpNXFEnzoJHURj6PntDR8mSmevUaP3fOi8blX87e5h9MRz10EAb
2020-09-17T10:26:19.822264620Z,2020-09-17T10:26:30.179474098Z,248 S8V8GRVkgCXqjLWdsxWxtDEzo8aci8WZPeuLav2l0V92amhvcXfLd9aeO3gD
2020-09-17T10:26:19.848495238Z,2020-09-17T10:26:30.245622382Z,249 8WDoHUAqXLvEXvyHjByNen7ssa7SHCOH9sUBkL4JhyemuH9hrcUXnTX70aKK
2020-09-17T10:26:19.874873507Z,2020-09-17T10:26:30.311842555Z,250 1VsDmNjDH14pjtPoYYST9ebyTF8TKX1OLQQ1JdrxiuOsJzylMKPSMyH1ohp9
2020-09-17T10:26:19.901643725Z,2020-09-17T10:26:30.378118059Z,251 EZENdPXAxmvkbHdTKnitv6M7VMgxI03aL5wbhTFPmdhyrglYpzqisw3cuG9x
2020-09-17T10:26:19.927700151Z,2020-09-17T10:26:30.447270779Z,252 dGyns16SG64sKtOHvDK0yhtZPmMJjykdplSmfTQY7s5k7x18vqnTno3HQsP4
2020-09-17T10:26:19.954966500Z,2020-09-17T10:26:30.516491760Z,253 SVfyCMeUMoo1dg38BTBHbiJ3n6I5YKD63Vr5iCibkmc5ZDoRHY8fApOCUhQl
2020-09-17T10:26:19.982480870Z,2020-09-17T10:26:30.584344630Z,254 84PPLUWI3U7ks6dM26UIAnsgEl9aOBRJf7LiM7D7H53G22MviiENhieUi1fp
2020-09-17T10:26:20.009180658Z,2020-09-17T10:26:30.655474144Z,255 XJszcmtf1k9gWzqgEeOlkpjsoEQBvb5wy5ZRDzd1is9PVt4XERDEXJrtrh7N
2020-09-17T10:26:20.035761446Z,2020-09-17T10:26:30.725623854Z,256 WkgFOShx38gKPerTTfjqBR2hzIeK15eI3LV4AOK8SNbfs6BpFFNAR1QF4z3L
2020-09-17T10:26:20.061055914Z,2020-09-17T10:26:30.792520854Z,257 tBGX5aUkqsO19zxUL2XRKmdfC30JMxpS6luOXGf9wL1OfUscvL6iinLM7nCg
2020-09-17T10:26:20.087213370Z,2020-09-17T10:26:30.870843633Z,258 aNxCIo8q6M7lq4Zyd5It4oLnbQuB8EOVsN6xSTAYVZ8OZAUH8nq7HZvIcpF9
2020-09-17T10:26:20.114968552Z,2020-09-17T10:26:30.937097253Z,259 aFkWw3WvCid6YxAzoBjgI6MMG7YlrxFtqnIsZnlavBIwjjWIMtCkBm43AfBv
2020-09-17T10:26:20.141050082Z,2020-09-17T10:26:31.005488702Z,260 s3jRfYGfakzQ457y9ruzvnenlNMDz8x93fhaBz6stsvh1yMybG6gdPF6x7u9
2020-09-17T10:26:20.167735578Z,2020-09-17T10:26:31.071313996Z,261 7RYtoMokCFMMeExmAEC96DEpKFV8hTlSnu1e5ByFKJD6gsk4SXO1gLFohsgw
2020-09-17T10:26:20.193136850Z,2020-09-17T10:26:31.139228717Z,262 SuSf6RNKTKM5XlU9UbtxfMeqQPAIFm9syKSqcqQaYydOc0rke1TEJolhOG8D
2020-09-17T10:26:20.219444543Z,2020-09-17T10:26:31.207360834Z,263 AAxzkJ5S1kF75gP9vIONNMoisIwvulEgkDqeSIyGZp399I7QgXb4XS0IYDje
2020-09-17T10:26:20.244950328Z,2020-09-17T10:26:31.272945182Z,264 PiVeCq3pOtOUXyioRAX5REY2sKqIezAmveLx0sIqYitErF8DiPtlUjqWVSRA
2020-09-17T10:26:20.271465781Z,2020-09-17T10:26:31.342243525Z,265 nLZYu34bTQjCk5Xm7m2N82U4GHNBAVRdFCE2cQoFaNKgNxJerNAYjxTvF94O
2020-09-17T10:26:20.297795672Z,2020-09-17T10:26:31.408884628Z,266 twg6WCcVfMdo9X4FeCUPMpqgM1kmHgPiCzuRJKFO0Hbi5ciCPkSSrZJyWiil
2020-09-17T10:26:20.323064123Z,2020-09-17T10:26:31.473470612Z,267 wMWeQ7mO7qb55vjWeHEGIpSbMtdt4cB3kING4BYdhrMSjG2NeD9ldXOoVHSu
2020-09-17T10:26:20.349270972Z,2020-09-17T10:26:31.541479325Z,268 WgeV972rgH2zyrZTqhXOndgV3eT7IPBCoHzIVVjpdtm8RvbbRlritx969zDS
2020-09-17T10:26:20.375766166Z,2020-09-17T10:26:31.611641634Z,269 80v3olRhdzQExoHgOhgAysHNM0GRa1zVy881y9OpTNvo66yNZBAcrehJS7co
2020-09-17T10:26:20.402002975Z,2020-09-17T10:26:31.678242138Z,270 A6G6lWUdLY6BzqXrOanB0E3bcUxShAgNPvHhNvVXhPikrABSmUKlysljtNVo
2020-09-17T10:26:20.428887668Z,2020-09-17T10:26:31.743879268Z,271 9EcydFSVchdSS71R3vzC11NJOtD6Sa7nXWt2HeJ4Uf6Nlq1GGOq1gMRykHR2
2020-09-17T10:26:20.453979890Z,2020-09-17T10:26:31.812769732Z,272 SKwktyQHoldBISvC7nbyu9SMVEBiIH6YGWVBwCuKRgCa908mtNcayYdFWmA5
2020-09-17T10:26:20.480086795Z,2020-09-17T10:26:31.880847593Z,273 9v1KomvpTH6Vp1NH8Cg04r5zrDPdfg2AYrG19zGptMsldNujHLQDNupH4N72
2020-09-17T10:26:20.506678430Z,2020-09-17T10:26:31.948765220Z,274 kdkM8Ylnjd5IMWuPNew6fXF2DR10Kv3pOikkWTDJPe1AJH05NpJg4OCyChmp
2020-09-17T10:26:20.532942649Z,2020-09-17T10:26:32.020970560Z,275 nqcQUYshIqx6sUfsUHI8Dt1KwHuBNeDNsBrSw50syzYfjYkni4fqz0oqnydz
2020-09-17T10:26:20.559308776Z,2020-09-17T10:26:32.089576901Z,276 u2hGpVVtfGmVz8EJQ3LEXckTgDmdZZsiyDUDgF6y1cmq5V09TvWbGmjUNdsl
2020-09-17T10:26:20.585597443Z,2020-09-17T10:26:32.153349551Z,277 BY75QBCiMc6fP8ClcHxkd5uOWmG7dHutXPdNS12uIrYADiiI76ZgPf2lHFVi
2020-09-17T10:26:20.612827129Z,2020-09-17T10:26:32.218455047Z,278 cgVJsgANJxB4FIoXmKtOhejhEKqkpYNcHbvmp1wnQp5BmooHZ2htAvamtnHr
2020-09-17T10:26:20.639504938Z,2020-09-17T10:26:32.283471166Z,279 smywE7q7N5pXBiV0GujXlUPIugqrNruQOQ0vRafa0HDjWYT134tJlBdwMTtV
2020-09-17T10:26:20.665012533Z,2020-09-17T10:26:32.352527404Z,280 pF7GnE5JIGXXNdc9IYwCYXRFNwRG0Y5bH8TqxputjQzTYT16Aj7Phb9UMBHj
2020-09-17T10:26:20.691623336Z,2020-09-17T10:26:32.420506958Z,281 hFEYXViru1e9oow1g8J7KXZrANluJqDXxQ2fx6rhluq83Jm7wW6SELPNw8A9
2020-09-17T10:26:20.716929170Z,2020-09-17T10:26:32.488861094Z,282 R7hoXfiuY4BTpu9Y5HMQ2aruTsCgUdsQe9MJUoYqJWsXoqEdd9K1xifLqeV5
2020-09-17T10:26:20.743503452Z,2020-09-17T10:26:32.556676074Z,283 u9kTMGf0u1Ia342qHgMaAT3JPhC2YlPIQVk3Q5VFVE9F6qpXGMZVl0IUNGG0
2020-09-17T10:26:20.769614402Z,2020-09-17T10:26:32.627171842Z,284 VIfqucsiYkGXhklVfgNdR1QsauW20cpgbK1JjL5P8GlVsIIg6hztlSHG6v4M
2020-09-17T10:26:20.795489287Z,2020-09-17T10:26:32.693729304Z,285 e8MH4hjz5k0HVoz0sy6igUJzWpO3mtlThlFINRXtDF6fc3Mxl0F5HN8yS627
2020-09-17T10:26:20.821984079Z,2020-09-17T10:26:32.761384106Z,286 WA1BBSygT7D2OqF6NWYTwzfYVsOlGMbraI8WaZ5HKTpwInkAE1gxCFiCrNtv
2020-09-17T10:26:20.848854856Z,2020-09-17T10:26:32.827818924Z,287 DN5QB1GH0uUZY1ShKNHLkJRpnb263lcKvlrG2uLOH5y8y2k8PdDiVfp9U7CF
2020-09-17T10:26:20.875113871Z,2020-09-17T10:26:32.894423205Z,288 rrPsyFfGRfNU6QSmWQNDGiVLr8PKCzqIZR0C9YVANRnpYkCOirwPxpgR97DR
2020-09-17T10:26:20.901651356Z,2020-09-17T10:26:32.963392155Z,289 HwQjWJqLbBmGg664g3veNzpRpaAFPd56YZnnzBvflqScSAA7rsLtOrZigvFm
2020-09-17T10:26:20.927271385Z,2020-09-17T10:26:33.028673486Z,290 UWMm4h2H1FlmPVXdY2y2woe9ZrMbcyrRglpg1qwyhCdhlZdQTrHRnecKZIfa
2020-09-17T10:26:20.953508316Z,2020-09-17T10:26:33.097214998Z,291 Z8aEkWeZYUTLO6vbl3wrL48SAP3oeA8LDhCXACwYuFL9EvgIVxzYiPgymUnR
2020-09-17T10:26:20.979863220Z,2020-09-17T10:26:33.164011038Z,292 llmK94c1D4h8XgKJ87NxJO7Zpa1fqBJyQKdQhRxbGYkFFQemWcCnCMuplQUv
2020-09-17T10:26:21.007086568Z,2020-09-17T10:26:33.230538857Z,293 L08n1Y7CRgXv86OpryNkEtGaRUILgFSIY60SqFChbZNSmdjH1nE0ubn3GqNC
2020-09-17T10:26:21.033606977Z,2020-09-17T10:26:33.299600738Z,294 gQCKuEwWhwaZiQe7jKFcmWDzrgBOaxDDwkXUbCKb9aj1ua6BcB3ClxVw50SC
2020-09-17T10:26:21.059677056Z,2020-09-17T10:26:33.365146491Z,295 tmhIMt5msChhOsduyVamxCKC0YXYrKeybZHtP7kqlKRd3MXFQeh6GQiVrHgC
2020-09-17T10:26:21.085487961Z,2020-09-17T10:26:33.431637632Z,296 s1zFfw5jqBSFABMuGTrpt8dqmm0AsHBgtK0BjzrQOHF8iwxIB7Zpb2FvInBQ
2020-09-17T10:26:21.111863973Z,2020-09-17T10:26:33.496009152Z,297 c82sLSwTbFuyOFlKNU8aob6nrQoCCG8EwtWwliAqJSH9gMPXSnrhhgVN3QMu
2020-09-17T10:26:21.138747971Z,2020-09-17T10:26:33.565159810Z,298 rfFFaCWqWSMO7Y7xDvXkr6i0QFkfmu2Rxq3lhsRCOuyjkBtTFgIEfZwEsYoU
2020-09-17T10:26:21.164139843Z,2020-09-17T10:26:33.632665567Z,299 94RxIH7q1A0LkQsnW5AtNcuBN2umIwol90AEYzfWEDVMbjPWTGE5SrEDBbBa
2020-09-17T10:26:21.190758680Z,2020-09-17T10:26:33.698276908Z,300 jA8pjUDWcTtJpS4YrsBQccPeJVHEXKaX4Hr0QHARZj7BRO0xyIZT6koQWUcX
2020-09-17T10:26:21.217388136Z,2020-09-17T10:26:33.764654132Z,301 ioxo5PXz8jz41rf3D1rGeJ8B5XUOfYZpFieGb8cx29L3ysvGO3Wyif1ZGiSu
2020-09-17T10:26:21.243429349Z,2020-09-17T10:26:33.831611132Z,302 TtrmkXFhG8cWcIIK4IRx9q6DhTaQmkrATCUjbkLqBRpFX2BU28dxJAwEdGRy
2020-09-17T10:26:21.269636216Z,2020-09-17T10:26:33.896229520Z,303 X7VjfCK8gBnBXzhha8efryR3e53Iqppmz9UEfqWU8giMXByu7m92dH7mUcZv
2020-09-17T10:26:21.296098089Z,2020-09-17T10:26:33.959312590Z,304 rnwN4bLDn8wj7XvngbYLaTKCZmjc29XprcHqhZipaF2ZCiDf1f2dRqMTXfLf
2020-09-17T10:26:21.322458150Z,2020-09-17T10:26:34.024700225Z,305 3Cv01o4QYL8pEngKuf95td496qpaaGKtDDQ1eGMTvt4ctNpnfrmzMQnwbQNc
2020-09-17T10:26:21.348070804Z,2020-09-17T10:26:34.086791844Z,306 Dl30nC72Vc36vOkZOyoAxSjhWVZb9hRc5HrGAKo18TvjID17ZwkBgbKkr6SP
2020-09-17T10:26:21.374551639Z,2020-09-17T10:26:34.150664977Z,307 cpJbiZ3FyTicMMoVrpyN43u7ce7l2PNHjfG4NYaiPT6vKgWEpVa6pWfTwREx
2020-09-17T10:26:21.399813308Z,2020-09-17T10:26:34.217008368Z,308 1sQfZkRBmMnUsbinHgnzxiAWo39qXa7ZpwvkUSKXEOI8JJynyZvodjQbBs4a
2020-09-17T10:26:21.426497266Z,2020-09-17T10:26:34.285546764Z,309 mMCJDBJnu5hhjSdveP4DfJsTbFBJqqDrPf44wXucpTzl1CSw1uFNWj995EPD
2020-09-17T10:26:21.452729624Z,2020-09-17T10:26:34.351983299Z,310 iAtYt3wUVt9PaDmL5ZMNm6UIl2ipFJRY1ra95r5SZgPqVyqayXqexwhwvPZg
2020-09-17T10:26:21.478300796Z,2020-09-17T10:26:34.421665069Z,311 V94UVwz7s2ymb1rpbFon8BE8S1tb5JMCfrkrb5FLgMZfBnTdMcfRVPq24HnY
2020-09-17T10:26:21.504733479Z,2020-09-17T10:26:34.488535248Z,312 gHmRKylNkuOJE3kUhh9tgqgS65Mb9u5pWvrnp7Pc5zsg0RdHD6ZTUO3rSXSi
2020-09-17T10:26:21.530272901Z,2020-09-17T10:26:34.555084963Z,313 I1ccbOyz2ulT4zz0ch6GnDxtFfZw89e1UPnclg2hyn486X0dtkUKz3Z3JNbs
2020-09-17T10:26:21.556070698Z,2020-09-17T10:26:34.625175395Z,314 xxeg8DoKp1QK4EIcYDqZj1lql2DrEmhM3iNmsHiC6Pv1Znh9Sq5zhPnCag3c
2020-09-17T10:26:21.582582126Z,2020-09-17T10:26:34.691675411Z,315 YCvSX3XnSMYN7RKJqJWiJhLknUr2vvt7jMXzbamSts2GuWWtrL7TC6CC89cV
2020-09-17T10:26:21.608730742Z,2020-09-17T10:26:34.759160150Z,316 0rUBp8BfBs0Tpid3Bchrejlm6nvZuH0uerAOrxOHL6okgziwFgvvCFvCgjEm
2020-09-17T10:26:21.634365414Z,2020-09-17T10:26:34.827052040Z,317 ZGXUJsZFDi8cu4JkL4kU7JNP9uqDCOPCkMJQuOzQ8IuegtZFy2cLenSG5Ejk
2020-09-17T10:26:21.659815278Z,2020-09-17T10:26:34.895104934Z,318 OHdkpuSXvZ5gJ6hLJPirUyFICuBcPXlL0VsL0zjpLgxLYS4IUizYcLb7O90z
2020-09-17T10:26:21.686848102Z,2020-09-17T10:26:34.962085090Z,319 dqEV22EJItk6VCPoXxW4anMQWdpWmABBqi9RaxfacjfSlDrFo9bHFwED3RDN
2020-09-17T10:26:21.713570275Z,2020-09-17T10:26:35.028900762Z,320 I4OBIspTvJIqYrzumDWLxagIvy62p7EB1C3wFaIOIwGENjEjtzPFFcJpkGDX
2020-09-17T10:26:21.738908717Z,2020-09-17T10:26:35.096245652Z,321 XJ4JpQLSPlybMeBVnRVWNx8T6ieWc9zFRoS2RFUwjtcjhGWJF4x59xLc3E09
2020-09-17T10:26:21.765538370Z,2020-09-17T10:26:35.160560736Z,322 BUPbOY3yeymP9d5UI0cm5OnD8OmnbIoAB9KplbPWwXgeLozCy9nswPaivrlW
2020-09-17T10:26:21.792351210Z,2020-09-17T10:26:35.228818109Z,323 Qy5yIuCNm0xUJjsdsw4OTawoEgPtGQIwCJtJCIYoKNFQvFr9UOf4pMeiTz2V
2020-09-17T10:26:21.818042658Z,2020-09-17T10:26:35.294903764Z,324 56z1hHoG0phvYx6fTu4VpiWldXxhraDRQEjk3cmXIog5CSolgh5n4DejKcd9
2020-09-17T10:26:21.844404799Z,2020-09-17T10:26:35.363750550Z,325 PUfkOXXmBBZ99KBRsXOoU8YolRVSomWB9EFsLcWuFQtvLbfNMnd8htt3qjey
2020-09-17T10:26:21.869815204Z,2020-09-17T10:26:35.431041500Z,326 Zvy5oqb5S9fmLGrLuxV1hgm56xE7etwHPEC9TATZg5PIPehZFq6Rb63pdyDh
2020-09-17T10:26:21.896392211Z,2020-09-17T10:26:35.499505813Z,327 uyIOpBgVRedgK5umMaDut88CiQPmtVOHwCJN52z8eyTPlLy8uX8nxghCUNQ3
2020-09-17T10:26:21.922092134Z,2020-09-17T10:26:35.568129361Z,328 SNxqi5njiWfMVUXWE8FT2M2BObu7KMQGdVkWO77GSXAvESXraQAuqEdFPTzM
2020-09-17T10:26:21.947831960Z,2020-09-17T10:26:35.635777040Z,329 yh9tWnRKenHteGqs2tD8lrifGNCOISOgVONNBw7W649RRPu2U03n2uKfeSOU
2020-09-17T10:26:21.973830887Z,2020-09-17T10:26:36.711113996Z,330 xvhK54wdbEAZEqCHddFoB0saN6d6VwBnSFQpvchxmH4qNOrqcMDBB1Mikmm8
2020-09-17T10:26:22.000236691Z,2020-09-17T10:26:36.772651720Z,331 m8rcIOzFPAMDOVD6Uyh4mxS7ISbgRATglSTcnDG7YXPP1TRiENGt2XaSwkqi
2020-09-17T10:26:22.026842293Z,2020-09-17T10:26:36.838991017Z,332 v2nXyur6O9yiS2F2HayEGcGYLavnSAjwGz4TJhCyISvdWRNctfcSRkuW1TQW
2020-09-17T10:26:22.052998137Z,2020-09-17T10:26:36.907343654Z,333 UgGhU5WFfTWEZt2nNZcJeFUsjmIJYRAVbKQX3FGVr2mWy20vcWY56vSq3FGm
2020-09-17T10:26:22.079023668Z,2020-09-17T10:26:36.976067423Z,334 QaBMyce7c4JgkzCPo6LFKzU7PO8c2LOkdWSczbfuaW2eFU59jLbA7OspTj4W
2020-09-17T10:26:22.105203121Z,2020-09-17T10:26:37.044422008Z,335 qu5R6wkGxFM3HDuOnXwUdK08nQzHBanf51pTf5kuomCDyaKeWke1xsJqIjrm
2020-09-17T10:26:22.131289571Z,2020-09-17T10:26:37.110736488Z,336 g78oZ7qUwFZB1ySd1efdB4KkbFD4vwU0jeo5qs3uI15xUJuE8g159iJnV4lr
2020-09-17T10:26:22.157702099Z,2020-09-17T10:26:37.180636918Z,337 7cNpBzuTIx0nDFSTYG0dJPQEapVfMq0UVJ5kjCVqPZsW1BGrJfuIEPBUwIsI
2020-09-17T10:26:22.183844491Z,2020-09-17T10:26:37.247487003Z,338 hHxmK9GV0LztVNGiUsRGUXYdnf7N1WZsp7EagH7WGjWd9LgT0SYEa2HHqzRo
2020-09-17T10:26:22.210612227Z,2020-09-17T10:26:37.314643221Z,339 utDpsJYW2TtxwyehQ3WKkL2ggIGB5aVqAiSzGIel5CcGj9TH6WkfanlHjqej
2020-09-17T10:26:22.236605827Z,2020-09-17T10:26:37.381517172Z,340 hVCBWzx4JpPDgBqRkwddcLBzdIxYtDyFujn8n8w1lc1MEWImxKVrYQK7MbrB
2020-09-17T10:26:22.261922210Z,2020-09-17T10:26:37.449450310Z,341 PePyXcDIhe2iKOt8NlAP4Hxn6ejpjbR4fazXBPmqgzDA9EjVBWhvzj812kJv
2020-09-17T10:26:22.288484701Z,2020-09-17T10:26:37.515269329Z,342 qdNLSyM8ga8rhKV3EQJq1VfotQ1bY9hgPbXDx8vPWOJ48OtfYQ38ypD6M7SW
2020-09-17T10:26:22.314275474Z,2020-09-17T10:26:37.582268523Z,343 xvJray7beTZjeDrD72K2De89IXepv83ejHd0B5rxwYDb2UGs1KQFDpSoCI7S
2020-09-17T10:26:22.340396269Z,2020-09-17T10:26:37.651593219Z,344 rXUS8RulHAGZcmb5ZKbWKqzFXI4xFqZCDDX95BmtKHu1Pd2ikRQ7mnNyfy1Y
2020-09-17T10:26:22.365912178Z,2020-09-17T10:26:37.716686766Z,345 5Px6IRWBT4At5GIRDN5IPJyEcFcZiOqql2Xumhja5SY2G8utS6TC1JN6SWYI
2020-09-17T10:26:22.392026307Z,2020-09-17T10:26:37.784423029Z,346 NB22x8CLh772vmXSyktfqL45D5cwNQ0Ha2CYWNDOFrkYGgVZSH4ZreiqriDI
2020-09-17T10:26:22.418159940Z,2020-09-17T10:26:37.849966225Z,347 p1JUJTBIOHpHs8klSXGWkewxWcK1fjN0FRPDLpzeREYmJC6uPfCyVdHMv8Ru
2020-09-17T10:26:22.444635999Z,2020-09-17T10:26:37.917548255Z,348 YO4zOEZwUKlpQJLmaqDLFfj550U1Cx6qqHLyzp4PNyoJjqd00vKnRkvw28he
2020-09-17T10:26:22.470078145Z,2020-09-17T10:26:37.985016602Z,349 1xVw2mkfX66GUDI47myBZ2yCuukeTHIF6kkgOMrFcLtllh5mX3kPt5OUM1XB
2020-09-17T10:26:22.496351792Z,2020-09-17T10:26:38.051102959Z,350 XLj7EU0U8XP2pX4tRmr35UQuk5evdKtI7MZX2sUZfmfx4IDriwpxykooIrF2
2020-09-17T10:26:22.522818983Z,2020-09-17T10:26:38.117713866Z,351 xU4avaUlZA6sq4tD6Icb2mbXVOO13XdmQl1oLMRdISnAj03z3ZMoVP5VRWXp
2020-09-17T10:26:22.548467728Z,2020-09-17T10:26:38.193256184Z,352 nFH1Yzjs063ApDvmEBlZW7RAppfQwNiRmNH51GZ1hvQjEsJ7pWo1geQu3bdi
2020-09-17T10:26:22.574697812Z,2020-09-17T10:26:38.257668634Z,353 Fl4oaiG7TEUlFRxZCWYbCxTlK6hqMktOwT7gg14NncwZARv5Jl0n3ABHFGGj
2020-09-17T10:26:22.601151732Z,2020-09-17T10:26:39.336438656Z,354 yZKAYC5oYQHdek7tZCZvwQe6WlOcs7Stz4gVxIxVk9XPudGpbPCgb1FXSo51
2020-09-17T10:26:22.627319837Z,2020-09-17T10:26:39.400835865Z,355 vGhkhMUmav3ARKNnP4oN04vcwJj1WU4p24BJI7aq168x1ST2WXh9nBg4FX9k
2020-09-17T10:26:22.653384257Z,2020-09-17T10:26:39.465151847Z,356 oxlmBEJpbSFk0gOznOiYezCrREjYjjbC0XWPbYku9oDMpBMbmrDMsTMhEDXu
2020-09-17T10:26:22.679419842Z,2020-09-17T10:26:39.530229966Z,357 yV1K0mhlSFmlsTGc1lpPtdjqOL3z8RtaSzOuwSkm9SPJflc3VhYVMbje6dLY
2020-09-17T10:26:22.705344184Z,2020-09-17T10:26:39.593589743Z,358 Da9nvF5Iut8tcAepXLS62WNpYI7tcSQOR78Mcxcx07rFA1yJr76RRiKABKwA
2020-09-17T10:26:22.731568685Z,2020-09-17T10:26:39.658977086Z,359 J5dfE3k8cb4RsqETbMIJgCVqOZWGGzq9ktduI5mZeVd7ZOGEfD0nfoyEmI0E
2020-09-17T10:26:22.757674372Z,2020-09-17T10:26:39.723106269Z,360 pj0hhCEgZXEZejoD0IDLrsQuKD5re2BVHeZ6BaF38FunRY9knr8gRsRdUqoB
2020-09-17T10:26:22.783223792Z,2020-09-17T10:26:39.787169337Z,361 nICfY7I9PK8wht3OlYmD6PdMAyG7FxYj6iyspGkkZClYN8eZDDCTOUFdYdSy
2020-09-17T10:26:22.809542858Z,2020-09-17T10:26:39.852543759Z,362 dIzgO4DeiadZMVYyx1F9FBokwNCPBJuj7Ynd0VxyngOC5ukrgQfjxoOARH3g
2020-09-17T10:26:22.835211408Z,2020-09-17T10:26:39.919050587Z,363 37TnqrgwppSChf0ZbRW0IoVQK39uThvIRLr8eP3vnxQ16gt1nKlTwgFi4SqQ
2020-09-17T10:26:22.861433776Z,2020-09-17T10:26:39.984941496Z,364 VQ4J4I2VmVJTYfRfgCHQ8spHgNbwUuNqhcvJ49Xj1RpvY8S77e7MtM5yZ10V
2020-09-17T10:26:22.887875877Z,2020-09-17T10:26:40.046690118Z,365 RGMIvGtq9fIV7KhRWHWlROLVQKSqZiqWVgbLfvkd2srufeErYtHW9erCTaPN
2020-09-17T10:26:22.914387649Z,2020-09-17T10:26:40.112893249Z,366 Y8jFwAAsg3vhjRe0RPLI051zxkoUgunjNRXgaOBQoOckpKXYGdnVmJcV5pd3
2020-09-17T10:26:22.940870607Z,2020-09-17T10:26:40.179230849Z,367 4H6opAlWyoKvhCFU1DjFsEKUmpXJDFvpdOG07RqDkRMCAszZorjP3wgcLwvo
2020-09-17T10:26:22.968983006Z,2020-09-17T10:26:40.244747709Z,368 K5Ykn9h1qMN0FGuqE0B9dcIU4dMLkzq7mRJuNvstvGaczptYa3RsR0B5Qo6z
2020-09-17T10:26:22.995325605Z,2020-09-17T10:26:40.311864835Z,369 T5V8HDo1k2LWRtPWyqdHc2wL67deHjfyGMfDmq0YDd7nFJaY5OpnUI4Ebol8
2020-09-17T10:26:23.021025824Z,2020-09-17T10:26:40.380989390Z,370 pb9hQoX1D7NC0HNSxZxcw7YR526S00uEM73hqbabdoNLxHglh52Z8XqxvHfD
2020-09-17T10:26:23.047529168Z,2020-09-17T10:26:40.451235957Z,371 43hosFLhiu2ePLTVGtusREVaymIRrJMDoMCB6QUXIKZndcvbJKubJ5K4c61v
2020-09-17T10:26:23.073702155Z,2020-09-17T10:26:40.517109255Z,372 MnoRcZORx4IDGfHbqnh1hUJHMwwTc8eQvw3U1myrFkN9OHhNU3wFGandFUB9
2020-09-17T10:26:23.100473405Z,2020-09-17T10:26:40.582159890Z,373 x5PJm2L83ZjAxOtNczNrcGdQExpjps9Jjckp0LHqlHAbwTCNFk1hHq0311D7
2020-09-17T10:26:23.126371605Z,2020-09-17T10:26:40.650728365Z,374 mTk4mgPbfd3b0zwvg5237SeZiTRucpTySYz9sXgAMzqdFg3GaQrOzstswDAm
2020-09-17T10:26:23.152391090Z,2020-09-17T10:26:40.720043424Z,375 pD4rqt8NVGhOn1QyCnE5YA1KgPfcGiu3t2RkrSXozmzpvG5iQ9twXnWJPWnM
2020-09-17T10:26:23.177973395Z,2020-09-17T10:26:40.785852950Z,376 bB1HBwB02TzCGRxrIV4fTnZ5Q6bwCPkursJaBom2l0IssNpOEkyWKnrNbY19
2020-09-17T10:26:23.204028678Z,2020-09-17T10:26:40.851979648Z,377 0ZT3KaKNPYHxamvHbIxAVESRjpZHGXSKBLhNybvXYUYGp4amx7nL4y2U2Mbn
2020-09-17T10:26:23.230937677Z,2020-09-17T10:26:40.920490260Z,378 hIpu2PjPpMAMdTnhnGDUlTvY8jfr6d5MjwzzE3SFvcgxBSDguvf7AFmov1Pm
2020-09-17T10:26:23.257470214Z,2020-09-17T10:26:40.986350896Z,379 xk2eqiNx8cFFWXav2bzO0XXrpFblJhiA4jbSgTX3w2rFQOu86XrRk7wr9xcN
2020-09-17T10:26:23.283113486Z,2020-09-17T10:26:41.053468335Z,380 L5vSHhsttqfniX6Wx5KOSbNIYIYwofuXNmVUMozk4O5Jy2896hWl8oRHoeOP
2020-09-17T10:26:23.309211172Z,2020-09-17T10:26:41.121821546Z,381 Yib8h9sH2pNFNJjSP4JSScW9igz7Ew4rAzK8Q63v5yhtPsQ1nnrvUTAFYq3M
2020-09-17T10:26:23.335533619Z,2020-09-17T10:26:41.188427143Z,382 F8FRDgb7n5gvLmEDgRcQnZ6eMPbNaPy4G00nGbVVx8RihEUvEZdhhyEIU0j5
2020-09-17T10:26:23.360878740Z,2020-09-17T10:26:41.254931291Z,383 l1aq3anPBmz5Fbd9t2UmFSXXOnUfZNFSsxGqPGxyGLvQPOewAA62dVt5fyOG
2020-09-17T10:26:23.387679243Z,2020-09-17T10:26:41.320730179Z,384 DuAHObo8Fj1f6RJRmU7Pu2z1hCE99hJTJc3GTRiUfxaqCNTmJ56nDNPFzwyv
2020-09-17T10:26:23.413346903Z,2020-09-17T10:26:41.388309916Z,385 dv81h6ZQd3WuJ4ti21SJRFAGtoll73nHzszGjFqJ2hv0XK9y41cZsHl66beL
2020-09-17T10:26:23.439045790Z,2020-09-17T10:26:41.454505811Z,386 emF5rL1M10kEShlesClEHkQI5Mr8Qzm9q0Y6u7IIzxxy0P7BXUJriMl0YJzW
2020-09-17T10:26:23.465368196Z,2020-09-17T10:26:41.520367414Z,387 GUe6ltUNAs0hAyiCta0r5UArdxDm6alkIHhf017vND9yU2O9v8rKnyoAJJJL
2020-09-17T10:26:23.491105730Z,2020-09-17T10:26:41.587873529Z,388 30qEOiwWJLLTQgAiM0gSgXjOD6fNvNzcDcDyPDI0keGrZXzIUpz9vRsRxNrI
2020-09-17T10:26:23.517048246Z,2020-09-17T10:26:42.662133343Z,389 SnRYji9eI2iJ719zP7GA1EEAPrMllfGPQSnahU6jUI4EAG1QVGDAJ4tR4tXK
2020-09-17T10:26:23.543594020Z,2020-09-17T10:26:42.729950644Z,390 rthL8K951vLDZE5IgAfFne6JtG14vS5nJgoavau2XfWHJfv6rXYE8NlIF9JZ
2020-09-17T10:26:23.570154436Z,2020-09-17T10:26:42.796781929Z,391 sCh3mhiA9d3j0ZuS8HZOwhg4Xrdoc8loFh9wYu9xwNkNsJSRffcSDvQKhWhA
2020-09-17T10:26:23.596466096Z,2020-09-17T10:26:42.863448750Z,392 bqRB2Mjbi5AtK5ZePTAv1WIy0zeNPdVBmNg8ZOn2FbZLDaQN1izyUnPlcjKV
2020-09-17T10:26:23.623618749Z,2020-09-17T10:26:42.931237188Z,393 oUPKetxrFGecxd7iokwEwEFXwVQHr4PVtg2gQuKkkOtc5cHvJqzLrNhNKCuj
2020-09-17T10:26:23.649489982Z,2020-09-17T10:26:42.997225880Z,394 DWODW4lkNPPE6UxL0MCNhliLtUWkCZGCDAoJh2pdJgTl5OarGr9rM9CkR3iI
2020-09-17T10:26:23.676662578Z,2020-09-17T10:26:43.061718773Z,395 DJrpsYWT5IjK9ve5San0i66u5QHDtCGiaKUa3xfDlfTkeIRBFlPWmDnjPxoO
2020-09-17T10:26:23.702447902Z,2020-09-17T10:26:43.127763153Z,396 yzPQDULttiZb1zErbX4OfKCfVChefJNAT1I3ts902UHRiaMNDNvAAY7FuBea
2020-09-17T10:26:23.727947517Z,2020-09-17T10:26:43.194779578Z,397 zPQsmKitZjVFC7x82A5IjCMcJl3gSqk6DMSN5rwykUhEdQ6mBql64vl6c2BW
2020-09-17T10:26:23.754757408Z,2020-09-17T10:26:43.259827658Z,398 zbT8MUsgKStxxO2G2Wm9rwIce4qirNZarfneRG7AI59jh6VTHd0zKmmVlWme
2020-09-17T10:26:23.781216266Z,2020-09-17T10:26:43.323678425Z,399 RFC0l1hae6q5LstU0di0c2mzCCpsaLUz14auhuPTPtZHymuQJ0p6xzY1hyKW
2020-09-17T10:26:23.807787893Z,2020-09-17T10:26:43.390695337Z,400 1W45GvvjbKXZBRYSd5DLw6SABdesMwJAorYAzR5GtJImJXGklrAwuG3mfqrO
2020-09-17T10:26:23.834515408Z,2020-09-17T10:26:43.456484456Z,401 XTP3KSBq6Hu4KyAIrmmJ3js5CLotADtrWbGI1UQUaGIc7Mk0Mm86TyGoo5fy
2020-09-17T10:26:23.860089761Z,2020-09-17T10:26:43.525322629Z,402 io6nJ9Ydiemn8BzrMdtcOnLDW7HEZX7S68hFIpORHU6cGWOBAmpH6gvXMYVu
2020-09-17T10:26:23.887037055Z,2020-09-17T10:26:43.594018932Z,403 3hQHwmJZNjTxgoUezTk7GCKgURoiegucPCch90m4IYSY7BsEjSAlj6eWhmAU
2020-09-17T10:26:23.913495773Z,2020-09-17T10:26:43.660178329Z,404 8OVSvVqVJTAml125iPJ7QOb7FvhBqfF4qFuEOZ4UFWiKNvXjzg7cJdTXjIGj
2020-09-17T10:26:23.940087553Z,2020-09-17T10:26:43.730879434Z,405 6uc1bYG77QRIweO77MJvCK7EBQTbTVbOqbNclko2yJahFvhWJiBhLaDLgXL7
2020-09-17T10:26:23.966210714Z,2020-09-17T10:26:43.797263659Z,406 DUuAVFFPrKJE47ONRASmuIbb8aFpsN5iZNVux2anilANAMOABi5Fid8NnLV0
2020-09-17T10:26:23.991815404Z,2020-09-17T10:26:43.861815018Z,407 VZywaLMea78gJIYHPAFtKlR9WzjvTcv2XmxZdeQq2LmUWdCwPdlsGHVZVLGh
2020-09-17T10:26:24.018484768Z,2020-09-17T10:26:43.928478372Z,408 XSLHC3XG6ARzIUPt0J94AsZIoad9jkWtEoICUwfSp8jQBPjnSnnwFRCIxTPw
2020-09-17T10:26:24.044317413Z,2020-09-17T10:26:43.993604299Z,409 qM6GlljmiMOJuz3BbGaJLhhDWvlbn0Qix0fXjaDUD56fqnRppPFiw0g309Nw
2020-09-17T10:26:24.070013325Z,2020-09-17T10:26:44.060674974Z,410 tGXWFcmtujSDANtLh8776e4ZpBHYhvXy05YKvHYeYDrlQqMmm3q1eyeq3pfv
2020-09-17T10:26:24.096862881Z,2020-09-17T10:26:44.127000835Z,411 7xEvoW69WNODp73SZQkXmylhRVbBOZOzo8PiahiZW1mlUT0ZJtx54CsuBIF3
2020-09-17T10:26:24.123461443Z,2020-09-17T10:26:44.191717349Z,412 cHJhbcX4yBRdbUpWZi57iYE9wNTThD1FzWdSV5Qow0xVqa2r0AOVm0CEmAEk
2020-09-17T10:26:24.149511670Z,2020-09-17T10:26:44.260142024Z,413 615JZ5L8erOErvHKAADmTxAFQaZJ2Cih8l3f8F3cG8XUeqLnaMCvn9Pamt83
2020-09-17T10:26:24.174879980Z,2020-09-17T10:26:44.328806985Z,414 LH9gLwFSWYJs2BSxrovMCV95239t3HhkwXWJCwD65q8hiX8533lxYOUUWe6h
2020-09-17T10:26:24.201083466Z,2020-09-17T10:26:44.396616475Z,415 fYEmHmUxt1rhZtTMWlDpx8Sq3gPtiUAk136aAPdE0Bn6IqhFvoYJ3SOsxZBg
2020-09-17T10:26:24.227596413Z,2020-09-17T10:26:44.464298456Z,416 f87H9RubUikD3s9BQr4ELkDo4kdKxmYQz9MgCGfTLN253ZbCbY4Q4I4r6dEL
2020-09-17T10:26:24.252914141Z,2020-09-17T10:26:44.532039518Z,417 0ZfootfgS0PKTiseWPNEjZYMHGsFhOd3AisMSWNy301UqsWO87X6qXVLzCEQ
2020-09-17T10:26:24.279202841Z,2020-09-17T10:26:44.598650313Z,418 ZpeRgwW5pJytSjHhBUQ5swY70Cd1MQXyzllGY1tTReVmopoKTaYy3BVPZ994
2020-09-17T10:26:24.305272624Z,2020-09-17T10:26:44.666731090Z,419 zon1ZGH1WL8p5Qu8dilEKOPVwoDDRTSmcmI8MvRVEzCMlOB8bx3uN3OkCmFt
2020-09-17T10:26:24.331681643Z,2020-09-17T10:26:44.736484564Z,420 6fRkbYC6ekq2JK4WFvG2wG37ycxwF3l61HbGrPIlXfyL4sDmHuwVvvhL2u9X
2020-09-17T10:26:24.358100950Z,2020-09-17T10:26:44.806954698Z,421 KlZFdgRgF0yTn6S4dUkK5WvmOfNvmLAinw1B2FIXA7tTBejpheoG4fnnwJWe
2020-09-17T10:26:24.384673813Z,2020-09-17T10:26:44.875033532Z,422 ZoRoUmaPCXSdANdMfivZjv1uodCMYCMAuG76O0t2PeCDitFfKWzx77MPZWIm
2020-09-17T10:26:24.411769111Z,2020-09-17T10:26:44.944554615Z,423 IQu2kLBqd69d08EM1iRyuAg3TFprBg3UXCjs0djGrrpQ7lZr8Ez7KzTrE97o
2020-09-17T10:26:24.439265503Z,2020-09-17T10:26:45.011279832Z,424 l7TtIoqTX6yjuyA7WLARhHD19qxZn0zXmPDNF1cyJmQAD2EKsPKSVJ7ul1ql
2020-09-17T10:26:24.465251421Z,2020-09-17T10:26:45.077868481Z,425 idPzJ5Mmyb7IYcz4T9y9KbaE86L3M7xYVHS6jHFer7SP7fHdclDv3kwV0JJn
2020-09-17T10:26:24.491672964Z,2020-09-17T10:26:45.146731121Z,426 XTc2BuNO67NShhypSKUDgnuLlO10pCDM0Jy4v9NpZMPWl3oelFZ34BMFD8b5
2020-09-17T10:26:24.516836272Z,2020-09-17T10:26:45.214496873Z,427 cXZDF6VJKVxuvIeF7o3PGq9MmQfEFJQIWEBe8Pk54Cu8xXLKpeDkuvYeHJJu
2020-09-17T10:26:24.543199973Z,2020-09-17T10:26:45.279305328Z,428 sRFFkHAvIvmEW5S21FhVXBb6nc3FBycE2TV0waFDE29vvF1qh3xYJpGhBMST
2020-09-17T10:26:24.570064537Z,2020-09-17T10:26:45.347270483Z,429 fl743syIOFEuyJQlBZX9G5qgG9rtvg0Tg6RBsKuOLh0gu3Od43dKzpSFTXls
2020-09-17T10:26:24.595883868Z,2020-09-17T10:26:45.413487344Z,430 T1RsU3x0oAFiLxgP9mTt0AhrY7fzGtlT0znHmfVR7OKncYeawGgBg6jZjs7G
2020-09-17T10:26:24.622899597Z,2020-09-17T10:26:45.479875159Z,431 MKKR8HhMIqR1snpMdyGE1JVktlAmReomm9ntcHGO4dwO70q20c1Ul0djUFVT
2020-09-17T10:26:24.648940942Z,2020-09-17T10:26:45.546378006Z,432 jzQgaaBBdcv1yIjCFga3acHi6V80A8TP9wGB2SKkyaX9pSB1EbVjWnJi52iv
2020-09-17T10:26:24.675811651Z,2020-09-17T10:26:45.614911253Z,433 WG6T8Wp7ykpYnhgKxM96KfY6YVO7dtco2DqcI0zQMEt96yQMkbEg0G5kGlmj
2020-09-17T10:26:24.702604206Z,2020-09-17T10:26:45.682768222Z,434 AO0Z0QCb5dVmg3BXjvQYJl8LmLhMvpMygMdyVUFrDs953qPPYQdZieaSi26h
2020-09-17T10:26:24.729738038Z,2020-09-17T10:26:45.748813547Z,435 RGrMxXZLLxDgHbaLGyE4fS1CSkU5x6nZwv7D1iF56ekpr6lPAXll6plAm5bh
2020-09-17T10:26:24.756340713Z,2020-09-17T10:26:45.817982925Z,436 TG0eTTFYbs3tHi6upVaa3S39SBLf6HuxEf9HhtBFKhewGebiMT6RcWH2Wcik
2020-09-17T10:26:24.782686296Z,2020-09-17T10:26:45.886978609Z,437 CvFegrNACdmcrvhNlC6ATL8py4HBpOWtvVpaWRoCSun8Z2KXaU7rZb1hBOed
2020-09-17T10:26:24.809745195Z,2020-09-17T10:26:45.954228060Z,438 YVEN6vfQEyysnWzVtVvz9xGXPbBKljX8POYnHD97SwYN1RaIIL9PsFahUWsS
2020-09-17T10:26:24.836501359Z,2020-09-17T10:26:46.021072560Z,439 ACEJJbtR5SGk0BMHcYVT8tC1uTxrXiZwQMsT9xN4yu0WwUsr54fZlrjoLjgA
2020-09-17T10:26:24.862719065Z,2020-09-17T10:26:46.086924711Z,440 t37rpPWpe2aQLizaEbPEqTY5iY23SVQW9OWNGvip5wbnftjgVHF4nGpmkqjw
2020-09-17T10:26:24.889938109Z,2020-09-17T10:26:46.153965486Z,441 rFskDfPBzTsaJnM4oYtLgHi1VE5pKWlzt9g3nW9I2T6XIEGPy095OVGMFbkg
2020-09-17T10:26:24.917957160Z,2020-09-17T10:26:46.221465027Z,442 LDhX71OhYWPaENmMNQL9Bnlk9GHTOlRybILFqyuVRLxk4fPWqCzwO2lJYANE
2020-09-17T10:26:24.944764734Z,2020-09-17T10:26:46.291604574Z,443 141mFHQdkvaf9CK0oge8vuBNdahsr0WdsaQQfc51ZnVveSs5SUUpppVIApE1
2020-09-17T10:26:24.971693946Z,2020-09-17T10:26:46.357662812Z,444 reykiTjiqPzyhpBA8oqLHRPPrmNnZ76K6LzcFyLvXeE85lM9htGvMRvWnhbY
2020-09-17T10:26:24.997781340Z,2020-09-17T10:26:46.423743701Z,445 sDjGAAShaAr25acAyCPzHJWSACUdtnC0H0eClU5NLNAHC4OCvyefwzkjXXMA
2020-09-17T10:26:25.024352391Z,2020-09-17T10:26:46.491971694Z,446 QP20OTiOIoSyXn8WmCtsxqNNI5Yoij3oGnveG8xgCG9dMqv33EpJEhfrUp7B
2020-09-17T10:26:25.050764253Z,2020-09-17T10:26:46.557890710Z,447 LKqZV98OrNgm1alSpwTByPBLQFetBTwWlnx8rr1o8KddRjioEBkC5F8u002t
2020-09-17T10:26:25.077412594Z,2020-09-17T10:26:46.625357937Z,448 Gok5WGSK90HH5Bohxt5KzZ0qB4d2gdOGFgF9PmYD5lhobL2UtDbtB7b2y4yN
2020-09-17T10:26:25.103812808Z,2020-09-17T10:26:46.689980697Z,449 ZK4eFS7iVmDpD63o15uHP3IFChYDCPqz1sx87rOgC4WWX0zWEGtPNaPBSncQ
2020-09-17T10:26:25.130440312Z,2020-09-17T10:26:46.754540250Z,450 JltBcxaCQpX4REwRug8krBMZYjAmOZbdWHIFpGr4Ku7f2HBSUnxO469co9PC
2020-09-17T10:26:25.156476869Z,2020-09-17T10:26:46.822360434Z,451 8cfSk2ozry7JJ7Sb0uRAj2ZB49rM10ZD1VEWDdJU6AHY1J8w4cZSSwSctvWT
2020-09-17T10:26:25.183031140Z,2020-09-17T10:26:46.886139532Z,452 338KFOuCG6gSBNiI024pYOAnJcOOT5xoWpHJPyydviXp4Uw01lIjEqi0pZ6d
2020-09-17T10:26:25.209637137Z,2020-09-17T10:26:46.953377205Z,453 Jd0IPIso5UbWEdwuCq7lKYpdnQyspCnlsdbks2Q7HFdrQTDUdlxtmvhIZqMf
2020-09-17T10:26:25.236123903Z,2020-09-17T10:26:47.017181647Z,454 xnbbuao3Pdg3pjMSrHe1vnchazUAAfEbfYZ5c8s6V6vOSJGORVpRBqrisqCu
2020-09-17T10:26:25.262574528Z,2020-09-17T10:26:47.084217682Z,455 VJFCVlGbHNo8FvH78miuvpy4llijmCWeSw03IaDIFyBVUOcL2HDw9adcm6Hb
2020-09-17T10:26:25.288316036Z,2020-09-17T10:26:47.144345034Z,456 Hxk2P3EgGpx4RYOxyF4Tt9GxUqKjomQhWsoVIivonymCCtZJwNMhtjoiVIy0
2020-09-17T10:26:25.314855037Z,2020-09-17T10:26:47.210594412Z,457 yhIDodqMMnNAKW6HtmVgbIuwIqWCYeCoRpbC6uJd2Dy4huGzjT9ftLrNMb2M
2020-09-17T10:26:25.340550195Z,2020-09-17T10:26:47.277135331Z,458 34mFFwoFcWqWaHoXgfqRYn6SQ3D5cQhnzvmYbsdw80r2CQoKhtz20BVdJebu
2020-09-17T10:26:25.366882687Z,2020-09-17T10:26:47.348313906Z,459 82CwcyppNAxXPVLiS7xCJlTRifPLZM3v2FfZhF9WIbves7ybCnYw1PQCvDkd
2020-09-17T10:26:25.392469257Z,2020-09-17T10:26:47.416438134Z,460 AzQc8lvwijcbYG7s5n5ehaotydLEC9jG7sKLtTTtICQVxntnQyNBNzEbZWOy
2020-09-17T10:26:25.418395312Z,2020-09-17T10:26:47.483536241Z,461 gKK9k0LXlWejoksGUVP4FhBhrnUHMaol9R9Es8p8T9CeRLZeDBNxz17BkJ2q
2020-09-17T10:26:25.444830240Z,2020-09-17T10:26:47.553423409Z,462 djaJL7Un0u7zvUXlefGJX3WA96Ql92IpcwgBE3NxOKTDlTndrw4s7r5xiwBW
2020-09-17T10:26:25.470428345Z,2020-09-17T10:26:47.621052146Z,463 L2bKOBNRb4cEDcUItrsoZFxC1bN0L4icXCA3VYAywOQgZ8yvWpnN08BvljZ1
2020-09-17T10:26:25.497062043Z,2020-09-17T10:26:47.689121371Z,464 0n5olNylCtCr9t0Wgw2PF4vA19FQ4XyDSYCREqp9OT2nDkNfNO5hbyAntQxn
2020-09-17T10:26:25.523438773Z,2020-09-17T10:26:47.755957284Z,465 6fDzNVjqbmMfrwHqBBv31QPQBegMehH2uXKZIP5KfCghidnBspzZrwMrYijS
2020-09-17T10:26:25.549687133Z,2020-09-17T10:26:48.841436253Z,466 PeMhkkXu7Z054RlrkadaDZO7fvJhSu1PAveXddaPsclFVFo6Hq5Ikq94D0Vh
2020-09-17T10:26:25.575808065Z,2020-09-17T10:26:48.908305872Z,467 8mueA2wfweE5QqoRUjGekvFBJ3S1d6lZLc8XK0dGMOWDnZQBeev2Sp6aTWAq
2020-09-17T10:26:25.601461539Z,2020-09-17T10:26:48.975856842Z,468 vzXxPE7MUthtyYXBGB3KLfsj8zAQUlHNytMAMkqnOs8t4gIgYU6eZxU18mWx
2020-09-17T10:26:25.627771225Z,2020-09-17T10:26:49.041934688Z,469 WaStztpjYMof6iCCCuruTsh0vonK5ieV3REihS9htn1j5W4oVqaoWe6IP2Dn
2020-09-17T10:26:25.653211116Z,2020-09-17T10:26:49.107726739Z,470 wF1DitGOI25hMjo2demIsxcNsFx4XAMBbODfLLlHoTGEJWtAa4vrt9pOIPan
2020-09-17T10:26:25.678847431Z,2020-09-17T10:26:49.171080869Z,471 N2ZSZRjtVLFNim6NbvHZn29xeVhSVeZejfEq1r9RWkM2RAuE2ErVJ93MXM0u
2020-09-17T10:26:25.705722647Z,2020-09-17T10:26:49.236144624Z,472 Zc0shQKGsppq0LzwmoZKlvXPDoPIDIc6zRTjwPGSKscNCnmJzvQPtNiAhC30
2020-09-17T10:26:25.731352568Z,2020-09-17T10:26:49.301701719Z,473 cyGjs8jVpcoLmK97Jl5ozxo77hmY6Q3CovKudv42S8u8CQmMcN8XFWI5TYiS
2020-09-17T10:26:25.757656989Z,2020-09-17T10:26:49.366738542Z,474 gXrI67vI9jNsrOrVtwpy33WbjN0dQB2DWMfL7saBEq2uz5gFPEHWydwyvzxS
2020-09-17T10:26:25.783800284Z,2020-09-17T10:26:49.433527471Z,475 64uLBdPSe9wZu9QseSIFXreuhOYSIbxQ7WMI4GesjyWNDFcZXWjr3CkH5QDV
2020-09-17T10:26:25.810062323Z,2020-09-17T10:26:49.499957941Z,476 QAMjQbNcLTfh2ewoFDmuar6FZVCOaFWZr7H5wrIL9oXXNe8BJcXrb00pO1xW
2020-09-17T10:26:25.836547217Z,2020-09-17T10:26:49.571022746Z,477 LAJTsnerQRIXdyuOoDTqGgvywhOqASmakAGYMKgrs9gyX2Zxb9WccpEgKtcn
2020-09-17T10:26:25.862854463Z,2020-09-17T10:26:49.637792776Z,478 9htUQCpIBTn5z2JN7ftcvtmWOgqTDWch6RItTgffxB0YD5wZ4W2laXAYpVv1
2020-09-17T10:26:25.889049634Z,2020-09-17T10:26:49.707160067Z,479 YHMiacYHuouWJwXY2GJ8DsEvc7w24Rl94gbvQQ3fFNuqKce3bBklq29sVUgl
2020-09-17T10:26:25.915507065Z,2020-09-17T10:26:49.775183335Z,480 9CAoNv9aRqzvob3ZM66oeiHb32KODph9Cf3Ua4eWMcOgLshroOuIyusFLAB2
2020-09-17T10:26:25.941603693Z,2020-09-17T10:26:50.856901694Z,481 1Q5zq6OVJe0qlxTpAhppox2BaqLFRptqRQVN7VTclWLsVdyiRnneR28AlSHN
2020-09-17T10:26:25.967691148Z,2020-09-17T10:26:50.922838312Z,482 sRYFIKejIXJdfH6UTMzrXlC9D68Viy8ZAiCAKqgZaJWIp5ULkvmoiug4iOaU
2020-09-17T10:26:25.994265055Z,2020-09-17T10:26:50.987818244Z,483 jIyPG2CBxFBgQSAK714rVTfxRRB0Klv65RFcWSzc74W8SwHaILpVBVxdod8c
2020-09-17T10:26:26.020029365Z,2020-09-17T10:26:51.055641593Z,484 PODf4ce3T8T9qhfQkt4TdPwWu8P9m8h3DRvmdYWJGNNwRUfjDqxu1f1gk3P9
2020-09-17T10:26:26.046308541Z,2020-09-17T10:26:51.122916404Z,485 vcOtAjxzZy4Jvrmp1n40KuAd7CCR0vBaTldHRkZJn4UoEFrWBTu5wKQ5pTCp
2020-09-17T10:26:26.072791512Z,2020-09-17T10:26:51.189937528Z,486 RaNlRJboayd1C31Xry9vJZzTwQPxWxnGjf54vPpKbNMKCWTLn6g4AqXsPoo0
2020-09-17T10:26:26.099295527Z,2020-09-17T10:26:52.314051855Z,487 Y31H11jMkuH2P2lNbewN0AJyZ0rsLy0Kl0O4zPF1Dag8CbBImT9CG24Gtjqd
2020-09-17T10:26:26.125803650Z,2020-09-17T10:26:52.377595068Z,488 z0KxJp00xDG8V8bcprYNweCFBUd44srvw2Fd5JB1ixzEn2PH5hAiKyR8nkCJ
2020-09-17T10:26:26.151333371Z,2020-09-17T10:26:52.445115897Z,489 gGclkBIDaAMNwIA0x7T0iyG0JxR2M566T3ASnPQA0MYB4Y4FHURJrQcKl6PH
2020-09-17T10:26:26.177398442Z,2020-09-17T10:26:52.510747703Z,490 oAoCO4YXfRsLICMkTcl0K6dzYpHq5ylIYXNQov5npCwKQvjUJtB6eXY8n4h0
2020-09-17T10:26:26.203489651Z,2020-09-17T10:26:52.579919499Z,491 wNW7zNxCRequYzWBispPWtQGKqTIPiJYP4fuxblyhpWzq7PrS5aM8Xf0AlqM
2020-09-17T10:26:26.229519886Z,2020-09-17T10:26:52.646514339Z,492 jSpApQkJLCXuF56jG8IdoFBMnYbOUJTksGctVwVfwz5FsK34LDYSNpmoijAr
2020-09-17T10:26:26.255090705Z,2020-09-17T10:26:52.714056082Z,493 nzbIQpg1iXyXfIDnx0mNUuAy3LnaapTZirpexUybNbDmn6HcFPZt6RdYRbN0
2020-09-17T10:26:26.281899652Z,2020-09-17T10:26:52.780152773Z,494 WqgiuCpptgiQ5DKDo7H5vI4Oh2qbAP39eCntUpQo65gQcChwghnaCTUrzb0F
2020-09-17T10:26:26.308090258Z,2020-09-17T10:26:52.847056362Z,495 uXp07FltGxaHEIKggtUIcNFlTZozw0R80kUEaNjwc13Vqgt5gYPpXuPSd8W4
2020-09-17T10:26:26.334418333Z,2020-09-17T10:26:52.913073612Z,496 5XcilCOYkj72Ab7ePjVHNdntTxR67127AqgKfqltvF4uHCnlFqQyEC0wipJT
2020-09-17T10:26:26.360636041Z,2020-09-17T10:26:52.977820073Z,497 Lat0yTHQHWdCZBFfxIxuYbIkqqfkhsdP8pFmqH6zG8Vfm2nAN3ivK0kqYJyE
2020-09-17T10:26:26.385963489Z,2020-09-17T10:26:53.043918155Z,498 mvH4L8pgrxW9itMouE8BtXcMjZbiyuKm5CEHEYKJXjkV9EmkYZBDOkFsRJX5
2020-09-17T10:26:26.411875685Z,2020-09-17T10:26:53.111207422Z,499 AtO82U3cAqa6OD5DrGGhn7hINKUZ1ozI4uniBKVRY7Y81Tpd1BFBIVzuWXpX
