2020-09-17T10:24:03.918390682Z  running: (['/opt/scylladb/scripts/scylla_dev_mode_setup', '--developer-mode', '1'],)
2020-09-17T10:24:04.402416042Z  running: (['/opt/scylladb/scripts/scylla_io_setup'],)
2020-09-17T10:24:04.786080597Z  2020-09-17 10:24:04,785 CRIT Supervisor is running as root.  Privileges were not dropped because no user is specified in the config file.  If you intend to run as root, you can set user=root in the config file to avoid this message.
2020-09-17T10:24:04.786177550Z  2020-09-17 10:24:04,785 INFO Included extra file "/etc/supervisord.conf.d/node-exporter.conf" during parsing
2020-09-17T10:24:04.786360719Z  2020-09-17 10:24:04,785 INFO Included extra file "/etc/supervisord.conf.d/rsyslog.conf" during parsing
2020-09-17T10:24:04.786378573Z  2020-09-17 10:24:04,785 INFO Included extra file "/etc/supervisord.conf.d/scylla-housekeeping.conf" during parsing
2020-09-17T10:24:04.786389481Z  2020-09-17 10:24:04,786 INFO Included extra file "/etc/supervisord.conf.d/scylla-jmx.conf" during parsing
2020-09-17T10:24:04.786399964Z  2020-09-17 10:24:04,786 INFO Included extra file "/etc/supervisord.conf.d/scylla-server.conf" during parsing
2020-09-17T10:24:04.786439495Z  2020-09-17 10:24:04,786 INFO Included extra file "/etc/supervisord.conf.d/sshd-server.conf" during parsing
2020-09-17T10:24:04.819353581Z  2020-09-17 10:24:04,819 INFO RPC interface 'supervisor' initialized
2020-09-17T10:24:04.819464837Z  2020-09-17 10:24:04,819 CRIT Server 'inet_http_server' running without any HTTP authentication checking
2020-09-17T10:24:04.819835900Z  2020-09-17 10:24:04,819 INFO supervisord started with pid 26
2020-09-17T10:24:05.824943551Z  2020-09-17 10:24:05,823 INFO spawned: 'scylla' with pid 29
2020-09-17T10:24:05.834865371Z  2020-09-17 10:24:05,828 INFO spawned: 'scylla-housekeeping' with pid 30
2020-09-17T10:24:05.834893312Z  2020-09-17 10:24:05,833 INFO spawned: 'sshd' with pid 31
2020-09-17T10:24:05.838957478Z  2020-09-17 10:24:05,835 INFO spawned: 'scylla-jmx' with pid 32
2020-09-17T10:24:05.839112306Z  2020-09-17 10:24:05,838 INFO spawned: 'rsyslog' with pid 33
2020-09-17T10:24:05.841796946Z  2020-09-17 10:24:05,841 INFO spawned: 'node-exporter' with pid 34
2020-09-17T10:24:05.870398269Z  Generating public/private ed25519 key pair.
2020-09-17T10:24:05.870455110Z  Your identification has been saved in /etc/ssh/ssh_host_ed25519_key.
2020-09-17T10:24:05.870467257Z  Your public key has been saved in /etc/ssh/ssh_host_ed25519_key.pub.
2020-09-17T10:24:05.870477624Z  The key fingerprint is:
2020-09-17T10:24:05.870487636Z  SHA256:HQgiETXWQqf/D7OG87xNFwtdwhqxX7dtNlkHWFvGhE8 root@60b3a16e21d7
2020-09-17T10:24:05.870497782Z  The key's randomart image is:
2020-09-17T10:24:05.870507521Z  +--[ED25519 256]--+
2020-09-17T10:24:05.870517481Z  |  +=*.o   .  oo++|
2020-09-17T10:24:05.870538421Z  |   o.=.. . +. .=E|
2020-09-17T10:24:05.870547772Z  |    ..  . + o +o+|
2020-09-17T10:24:05.870558938Z  |     .   . * + .B|
2020-09-17T10:24:05.870568135Z  |      . S + +  ++|
2020-09-17T10:24:05.870588904Z  |       .   . o o.|
2020-09-17T10:24:05.870599307Z  |       .+ . o    |
2020-09-17T10:24:05.870608147Z  |      o..B .     |
2020-09-17T10:24:05.870617151Z  |       +=.o      |
2020-09-17T10:24:05.870626130Z  +----[SHA256]-----+
2020-09-17T10:24:05.873498273Z  time="2020-09-17T10:24:05Z" level=info msg="Starting node_exporter (version=0.17.0, branch=HEAD, revision=f6f6194a436b9a63d0439abc585c76b19a206b21)" source="node_exporter.go:82"
2020-09-17T10:24:05.873548033Z  time="2020-09-17T10:24:05Z" level=info msg="Build context (go=go1.11.2, user=root@322511e06ced, date=20181130-15:51:33)" source="node_exporter.go:83"
2020-09-17T10:24:05.874453982Z  time="2020-09-17T10:24:05Z" level=info msg="Enabled collectors:" source="node_exporter.go:90"
2020-09-17T10:24:05.874472976Z  time="2020-09-17T10:24:05Z" level=info msg=" - arp" source="node_exporter.go:97"
2020-09-17T10:24:05.874718483Z  time="2020-09-17T10:24:05Z" level=info msg=" - bcache" source="node_exporter.go:97"
2020-09-17T10:24:05.874736136Z  time="2020-09-17T10:24:05Z" level=info msg=" - bonding" source="node_exporter.go:97"
2020-09-17T10:24:05.874773853Z  time="2020-09-17T10:24:05Z" level=info msg=" - conntrack" source="node_exporter.go:97"
2020-09-17T10:24:05.874882572Z  time="2020-09-17T10:24:05Z" level=info msg=" - cpu" source="node_exporter.go:97"
2020-09-17T10:24:05.874968342Z  time="2020-09-17T10:24:05Z" level=info msg=" - diskstats" source="node_exporter.go:97"
2020-09-17T10:24:05.874981620Z  time="2020-09-17T10:24:05Z" level=info msg=" - edac" source="node_exporter.go:97"
2020-09-17T10:24:05.874991812Z  time="2020-09-17T10:24:05Z" level=info msg=" - entropy" source="node_exporter.go:97"
2020-09-17T10:24:05.875001780Z  time="2020-09-17T10:24:05Z" level=info msg=" - filefd" source="node_exporter.go:97"
2020-09-17T10:24:05.875011817Z  time="2020-09-17T10:24:05Z" level=info msg=" - filesystem" source="node_exporter.go:97"
2020-09-17T10:24:05.875044869Z  time="2020-09-17T10:24:05Z" level=info msg=" - hwmon" source="node_exporter.go:97"
2020-09-17T10:24:05.875059198Z  time="2020-09-17T10:24:05Z" level=info msg=" - infiniband" source="node_exporter.go:97"
2020-09-17T10:24:05.875069598Z  time="2020-09-17T10:24:05Z" level=info msg=" - interrupts" source="node_exporter.go:97"
2020-09-17T10:24:05.875112689Z  time="2020-09-17T10:24:05Z" level=info msg=" - ipvs" source="node_exporter.go:97"
2020-09-17T10:24:05.875187941Z  time="2020-09-17T10:24:05Z" level=info msg=" - loadavg" source="node_exporter.go:97"
2020-09-17T10:24:05.875201429Z  time="2020-09-17T10:24:05Z" level=info msg=" - mdadm" source="node_exporter.go:97"
2020-09-17T10:24:05.875211420Z  time="2020-09-17T10:24:05Z" level=info msg=" - meminfo" source="node_exporter.go:97"
2020-09-17T10:24:05.875221292Z  time="2020-09-17T10:24:05Z" level=info msg=" - netclass" source="node_exporter.go:97"
2020-09-17T10:24:05.875231030Z  time="2020-09-17T10:24:05Z" level=info msg=" - netdev" source="node_exporter.go:97"
2020-09-17T10:24:05.875276972Z  time="2020-09-17T10:24:05Z" level=info msg=" - netstat" source="node_exporter.go:97"
2020-09-17T10:24:05.875289689Z  time="2020-09-17T10:24:05Z" level=info msg=" - nfs" source="node_exporter.go:97"
2020-09-17T10:24:05.875310810Z  time="2020-09-17T10:24:05Z" level=info msg=" - nfsd" source="node_exporter.go:97"
2020-09-17T10:24:05.875320392Z  time="2020-09-17T10:24:05Z" level=info msg=" - sockstat" source="node_exporter.go:97"
2020-09-17T10:24:05.875330051Z  time="2020-09-17T10:24:05Z" level=info msg=" - stat" source="node_exporter.go:97"
2020-09-17T10:24:05.875339604Z  time="2020-09-17T10:24:05Z" level=info msg=" - textfile" source="node_exporter.go:97"
2020-09-17T10:24:05.875380885Z  time="2020-09-17T10:24:05Z" level=info msg=" - time" source="node_exporter.go:97"
2020-09-17T10:24:05.875394218Z  time="2020-09-17T10:24:05Z" level=info msg=" - timex" source="node_exporter.go:97"
2020-09-17T10:24:05.875403998Z  time="2020-09-17T10:24:05Z" level=info msg=" - uname" source="node_exporter.go:97"
2020-09-17T10:24:05.875413560Z  time="2020-09-17T10:24:05Z" level=info msg=" - vmstat" source="node_exporter.go:97"
2020-09-17T10:24:05.875423112Z  time="2020-09-17T10:24:05Z" level=info msg=" - xfs" source="node_exporter.go:97"
2020-09-17T10:24:05.875432615Z  time="2020-09-17T10:24:05Z" level=info msg=" - zfs" source="node_exporter.go:97"
2020-09-17T10:24:05.875441993Z  time="2020-09-17T10:24:05Z" level=info msg="Listening on :9100" source="node_exporter.go:111"
2020-09-17T10:24:06.073932757Z  Generating public/private rsa key pair.
2020-09-17T10:24:06.073972830Z  Your identification has been saved in /etc/ssh/ssh_host_rsa_key.
2020-09-17T10:24:06.073985064Z  Your public key has been saved in /etc/ssh/ssh_host_rsa_key.pub.
2020-09-17T10:24:06.073995366Z  The key fingerprint is:
2020-09-17T10:24:06.074005251Z  SHA256:3hWIy0F4aGwFnYZZng5bpfhH92Rd7pvqO8JoNEQq5TI root@60b3a16e21d7
2020-09-17T10:24:06.074015097Z  The key's randomart image is:
2020-09-17T10:24:06.074024787Z  +---[RSA 4096]----+
2020-09-17T10:24:06.074034435Z  |     ..X+..     .|
2020-09-17T10:24:06.074044246Z  |      O==* .   o.|
2020-09-17T10:24:06.074053590Z  |     o=oX o o o o|
2020-09-17T10:24:06.074063244Z  |     E X = . = . |
2020-09-17T10:24:06.074072813Z  |      = S . . . .|
2020-09-17T10:24:06.074082282Z  |       . = .    o|
2020-09-17T10:24:06.074091817Z  |        o =    o |
2020-09-17T10:24:06.074101144Z  |         o o ..  |
2020-09-17T10:24:06.074110507Z  |        .   o+o  |
2020-09-17T10:24:06.074119841Z  +----[SHA256]-----+
2020-09-17T10:24:06.086797325Z  Could not load host key: /etc/ssh/ssh_host_ecdsa_key
2020-09-17T10:24:06.229014056Z  Scylla version 4.1.6-0.20200831.6d9ff622df with build-id c2ed04d00095c63b7456b5fcda6775c5a9f33b0b starting ...
2020-09-17T10:24:06.229329421Z  command used: "/usr/bin/scylla --log-to-syslog 0 --log-to-stdout 1 --default-log-level info --network-stack posix --developer-mode=1 --overprovisioned --listen-address 10.0.42.3 --rpc-address 10.0.42.3 --seed-provider-parameters seeds=10.0.42.3 --blocked-reactor-notify-ms 999999999"
2020-09-17T10:24:06.229609837Z  parsed command line options: [log-to-syslog: 0, log-to-stdout: 1, default-log-level: info, network-stack: posix, developer-mode: 1, overprovisioned, listen-address: 10.0.42.3, rpc-address: 10.0.42.3, seed-provider-parameters: seeds=10.0.42.3, blocked-reactor-notify-ms: 999999999]
2020-09-17T10:24:06.321761874Z  WARN  2020-09-17 10:24:06,320 [shard 0] seastar - Unable to set SCHED_FIFO scheduling policy for timer thread; latency impact possible. Try adding CAP_SYS_NICE
2020-09-17T10:24:06.382833606Z  INFO  2020-09-17 10:24:06,382 [shard 0] init - installing SIGHUP handler
2020-09-17T10:24:06.388294401Z  INFO  2020-09-17 10:24:06,387 [shard 0] init - Scylla version 4.1.6-0.20200831.6d9ff622df with build-id c2ed04d00095c63b7456b5fcda6775c5a9f33b0b starting ...
2020-09-17T10:24:06.388332412Z  
2020-09-17T10:24:06.393346183Z  INFO  2020-09-17 10:24:06,392 [shard 0] init - starting prometheus API server
2020-09-17T10:24:06.402023233Z  INFO  2020-09-17 10:24:06,401 [shard 0] init - starting tokens manager
2020-09-17T10:24:06.402704892Z  INFO  2020-09-17 10:24:06,402 [shard 0] init - starting migration manager notifier
2020-09-17T10:24:06.403397619Z  INFO  2020-09-17 10:24:06,403 [shard 0] init - creating tracing
2020-09-17T10:24:06.404368991Z  INFO  2020-09-17 10:24:06,404 [shard 0] init - creating snitch
2020-09-17T10:24:06.405576354Z  INFO  2020-09-17 10:24:06,405 [shard 0] init - determining DNS name
2020-09-17T10:24:06.405979429Z  INFO  2020-09-17 10:24:06,405 [shard 0] init - starting API server
2020-09-17T10:24:06.407388210Z  INFO  2020-09-17 10:24:06,407 [shard 0] init - Scylla API server listening on 127.0.0.1:10000 ...
2020-09-17T10:24:06.408508300Z  INFO  2020-09-17 10:24:06,408 [shard 0] init - initializing storage service
2020-09-17T10:24:06.409349617Z  INFO  2020-09-17 10:24:06,409 [shard 0] init - starting per-shard database core
2020-09-17T10:24:06.425927213Z  WARN  2020-09-17 10:24:06,420 [shard 0] init - I/O Scheduler is not properly configured! This is a non-supported setup, and performance is expected to be unpredictably bad.
2020-09-17T10:24:06.425963822Z   Reason found: none of --max-io-requests, --io-properties and --io-properties-file are set.
2020-09-17T10:24:06.425976158Z  To properly configure the I/O Scheduler, run the scylla_io_setup utility shipped with Scylla.
2020-09-17T10:24:06.425986674Z  
2020-09-17T10:24:06.430596417Z  INFO  2020-09-17 10:24:06,430 [shard 0] init - creating and verifying directories
2020-09-17T10:24:06.569041241Z  Connecting to http://localhost:10000
2020-09-17T10:24:06.570531385Z  Starting the JMX server
2020-09-17T10:24:07.112187848Z  JMX is enabled to receive remote connections on port: 7199
2020-09-17T10:24:07.112368169Z  2020-09-17 10:24:07,112 INFO success: scylla entered RUNNING state, process has stayed up for > than 1 seconds (startsecs)
2020-09-17T10:24:07.112596048Z  2020-09-17 10:24:07,112 INFO success: scylla-housekeeping entered RUNNING state, process has stayed up for > than 1 seconds (startsecs)
2020-09-17T10:24:07.112628233Z  2020-09-17 10:24:07,112 INFO success: sshd entered RUNNING state, process has stayed up for > than 1 seconds (startsecs)
2020-09-17T10:24:07.112779249Z  2020-09-17 10:24:07,112 INFO success: scylla-jmx entered RUNNING state, process has stayed up for > than 1 seconds (startsecs)
2020-09-17T10:24:07.113007255Z  2020-09-17 10:24:07,112 INFO success: rsyslog entered RUNNING state, process has stayed up for > than 1 seconds (startsecs)
2020-09-17T10:24:07.113164669Z  2020-09-17 10:24:07,112 INFO success: node-exporter entered RUNNING state, process has stayed up for > than 1 seconds (startsecs)
2020-09-17T10:24:07.527641039Z  INFO  2020-09-17 10:24:07,526 [shard 0] database - Populating Keyspace system_schema
2020-09-17T10:24:07.527677973Z  INFO  2020-09-17 10:24:07,527 [shard 0] database - Keyspace system_schema: Reading CF computed_columns id=cc7c7069-3740-33c1-92a4-c3de78dbd2c4 version=2b8c4439-de76-31e0-807f-3b7290a975d7
2020-09-17T10:24:07.527689386Z  INFO  2020-09-17 10:24:07,527 [shard 0] database - Keyspace system_schema: Reading CF view_virtual_columns id=08843b63-45dc-3be2-9798-a0418295cfaa version=c777531c-15f7-326f-8ebe-39fd0265c8c9
2020-09-17T10:24:07.527699303Z  INFO  2020-09-17 10:24:07,527 [shard 0] database - Keyspace system_schema: Reading CF dropped_columns id=5e7583b5-f3f4-3af1-9a39-b7e1d6f5f11f version=7426bc6c-4c2f-3200-8ad8-4329610ed59a
2020-09-17T10:24:07.527708989Z  INFO  2020-09-17 10:24:07,527 [shard 0] database - Keyspace system_schema: Reading CF indexes id=0feb57ac-311f-382f-ba6d-9024d305702f version=99c40462-8687-304e-abe3-2bdbef1f25aa
2020-09-17T10:24:07.527718825Z  INFO  2020-09-17 10:24:07,527 [shard 0] database - Keyspace system_schema: Reading CF functions id=96489b79-80be-3e14-a701-66a0b9159450 version=329ed804-55b3-3eee-ad61-d85317b96097
2020-09-17T10:24:07.527728550Z  INFO  2020-09-17 10:24:07,527 [shard 0] database - Keyspace system_schema: Reading CF columns id=24101c25-a2ae-3af7-87c1-b40ee1aca33f version=d33236d4-9bdd-3c09-abf0-a0bc5edc2526
2020-09-17T10:24:07.527738412Z  INFO  2020-09-17 10:24:07,527 [shard 0] database - Keyspace system_schema: Reading CF scylla_tables id=5d912ff1-f759-3665-b2c8-8042ab5103dd version=38e5e56b-155d-39b5-a0d2-8e5dcad42a26
2020-09-17T10:24:07.528225405Z  INFO  2020-09-17 10:24:07,527 [shard 0] database - Keyspace system_schema: Reading CF tables id=afddfb9d-bc1e-3068-8056-eed6c302ba09 version=b6240810-eeb7-36d5-9411-43b2d68dddab
2020-09-17T10:24:07.528244308Z  INFO  2020-09-17 10:24:07,527 [shard 0] database - Keyspace system_schema: Reading CF keyspaces id=abac5682-dea6-31c5-b535-b3d6cffd0fb6 version=e79ca8ba-6556-3f7d-925a-7f20cf57938c
2020-09-17T10:24:07.528254448Z  INFO  2020-09-17 10:24:07,527 [shard 0] database - Keyspace system_schema: Reading CF triggers id=4df70b66-6b05-3251-95a1-32b54005fd48 version=582d7071-1ef0-37c8-adc6-471a13636139
2020-09-17T10:24:07.528264155Z  INFO  2020-09-17 10:24:07,527 [shard 0] database - Keyspace system_schema: Reading CF views id=9786ac1c-dd58-3201-a7cd-ad556410c985 version=5b58bb47-96e7-3f57-accf-0bfca4dbbc6e
2020-09-17T10:24:07.528289294Z  INFO  2020-09-17 10:24:07,527 [shard 0] database - Keyspace system_schema: Reading CF types id=5a8b1ca8-6602-3f77-a045-9273d308917a version=de51b2ce-5e4d-3b7d-a75f-2204332ce8d1
2020-09-17T10:24:07.528300245Z  INFO  2020-09-17 10:24:07,527 [shard 0] database - Keyspace system_schema: Reading CF aggregates id=924c5587-2e3a-345b-b10c-12f37c1ba895 version=4b53e92c-0368-3d5c-b959-2ec1bfd1a59f
2020-09-17T10:24:11.543631438Z  Traceback (most recent call last):
2020-09-17T10:24:11.543679289Z    File "/opt/scylladb/scripts/libexec/scylla-housekeeping", line 208, in <module>
2020-09-17T10:24:11.543699847Z      args.func(args)
2020-09-17T10:24:11.543716680Z    File "/opt/scylladb/scripts/libexec/scylla-housekeeping", line 134, in check_version
2020-09-17T10:24:11.543734300Z      current_version = sanitize_version(get_api('/storage_service/scylla_release_version'))
2020-09-17T10:24:11.543751155Z    File "/opt/scylladb/scripts/libexec/scylla-housekeeping", line 93, in get_api
2020-09-17T10:24:11.543768747Z      return get_json_from_url("http://" + api_address + path)
2020-09-17T10:24:11.543785829Z    File "/opt/scylladb/scripts/libexec/scylla-housekeeping", line 88, in get_json_from_url
2020-09-17T10:24:11.543802776Z      raise RuntimeError(f'Failed to get "{path}" due to the following error: {retval}')
2020-09-17T10:24:11.543891501Z  RuntimeError: Failed to get "http://localhost:10000/storage_service/scylla_release_version" due to the following error: HTTP Error 404: Not Found
2020-09-17T10:24:16.531297510Z  INFO  2020-09-17 10:24:16,530 [shard 0] database - Populating Keyspace system
2020-09-17T10:24:16.531357526Z  INFO  2020-09-17 10:24:16,530 [shard 0] database - Keyspace system: Reading CF schema_aggregates id=a5fc57fc-9d6c-3bfd-a3fc-01ad54686fea version=d06c934f-9a69-374c-86f1-523ab26fb05c
2020-09-17T10:24:16.531371183Z  INFO  2020-09-17 10:24:16,530 [shard 0] database - Keyspace system: Reading CF schema_triggers id=0359bc71-7123-3ee1-9a4a-b9dfb11fc125 version=75e4ec4c-76da-3f59-984e-66810ba0c62b
2020-09-17T10:24:16.531638303Z  INFO  2020-09-17 10:24:16,530 [shard 0] database - Keyspace system: Reading CF compaction_history id=b4dbb7b4-dc49-3fb5-b3bf-ce6e434832ca version=25cae56a-8d75-39f3-a146-3756ab4981c7
2020-09-17T10:24:16.531692213Z  INFO  2020-09-17 10:24:16,531 [shard 0] database - Keyspace system: Reading CF compactions_in_progress id=55080ab0-5d9c-3886-90a4-acb25fe1f77b version=540263f1-40db-3869-8a38-3baadedc222d
2020-09-17T10:24:16.531704105Z  INFO  2020-09-17 10:24:16,531 [shard 0] database - Keyspace system: Reading CF range_xfers id=55d76438-4e55-3f8b-9f6e-676d4af3976d version=dd15a078-409b-350d-9bef-c5f3520832d8
2020-09-17T10:24:16.531715505Z  INFO  2020-09-17 10:24:16,531 [shard 0] database - Keyspace system: Reading CF scylla_views_builds_in_progress id=a04c7bfd-1e13-36c9-a44d-f22da352281d version=e3fb736c-6956-3990-a31d-9a482279e3fc
2020-09-17T10:24:16.531726656Z  INFO  2020-09-17 10:24:16,531 [shard 0] database - Keyspace system: Reading CF IndexInfo id=9f5c6374-d485-3229-9a0a-5094af9ad1e3 version=bbb3743b-351f-3023-b4fc-09a9be37d529
2020-09-17T10:24:16.531809044Z  INFO  2020-09-17 10:24:16,531 [shard 0] database - Keyspace system: Reading CF cdc_local id=0bcaffd4-0c83-3ead-ad13-dc1d5015b77c version=0aa4d3a2-ed95-3ecd-aba0-cd75622ad290
2020-09-17T10:24:16.531837276Z  INFO  2020-09-17 10:24:16,531 [shard 0] database - Keyspace system: Reading CF schema_columnfamilies id=45f5b360-24bc-3f83-a363-1034ea4fa697 version=7f7a5fea-07b7-304d-a6f8-f7aec72cabdb
2020-09-17T10:24:16.531850692Z  INFO  2020-09-17 10:24:16,531 [shard 0] database - Keyspace system: Reading CF batchlog id=0290003c-977e-397c-ac3e-fdfdc01d626b version=e2a2e804-49e4-3597-9f16-39fd9475835c
2020-09-17T10:24:16.531895212Z  INFO  2020-09-17 10:24:16,531 [shard 0] database - Keyspace system: Reading CF schema_functions id=d1b675fe-2b50-3ca4-8e49-c0f81989dcad version=a50959dd-2be0-3e4e-8bb5-cf40796e256a
2020-09-17T10:24:16.531909556Z  INFO  2020-09-17 10:24:16,531 [shard 0] database - Keyspace system: Reading CF peer_events id=59dfeaea-8db2-3341-91ef-109974d81484 version=7f874a05-72b8-3c21-9acb-baa164fc351a
2020-09-17T10:24:16.531938529Z  INFO  2020-09-17 10:24:16,531 [shard 0] database - Keyspace system: Reading CF local id=7ad54392-bcdd-35a6-8417-4e047860b377 version=7fa82c2e-5b67-37dd-8e5e-2079e18f1536
2020-09-17T10:24:16.531954008Z  INFO  2020-09-17 10:24:16,531 [shard 0] database - Keyspace system: Reading CF clients id=ca0f635d-8630-3609-8d93-a1fc06f2a5e5 version=51273ebf-e6f9-3cd5-b455-ea09ad29796f
2020-09-17T10:24:16.531991912Z  INFO  2020-09-17 10:24:16,531 [shard 0] database - Keyspace system: Reading CF size_estimates id=618f817b-005f-3678-b8a4-53f3930b8e86 version=6d4dbcff-f05b-3dc3-95ad-f79f7b10504d
2020-09-17T10:24:16.532003379Z  INFO  2020-09-17 10:24:16,531 [shard 0] database - Keyspace system: Reading CF large_partitions id=8a7fe624-96b0-34b1-b90e-f71bddcdd2d3 version=04fa9920-9369-3a96-be39-6dd9fdc816b6
2020-09-17T10:24:16.532013924Z  INFO  2020-09-17 10:24:16,531 [shard 0] database - Keyspace system: Reading CF schema_columns id=296e9c04-9bec-3085-827d-c17d3df2122a version=53cfbb66-ee0d-37be-97bb-b2afb3746f85
2020-09-17T10:24:16.532024507Z  INFO  2020-09-17 10:24:16,531 [shard 0] database - Keyspace system: Reading CF built_views id=4b3c50a9-ea87-3d76-9101-6dbc9c38494a version=a28aa0b3-6def-30a7-9fbe-ce78b3f3c9b9
2020-09-17T10:24:16.532035106Z  INFO  2020-09-17 10:24:16,531 [shard 0] database - Keyspace system: Reading CF peers id=37f71aca-7dc2-383b-a706-72528af04d4f version=f6f6871f-8c86-3eca-ac0b-2a2e848e395d
2020-09-17T10:24:16.532045470Z  INFO  2020-09-17 10:24:16,531 [shard 0] database - Keyspace system: Reading CF hints id=2666e205-73ef-38b3-90fe-fecf96e8f0c7 version=0b74fdd1-e96d-309e-a14e-a5bcd7ac885d
2020-09-17T10:24:16.532080827Z  INFO  2020-09-17 10:24:16,531 [shard 0] database - Keyspace system: Reading CF large_rows id=40550f66-0858-39a0-9430-f27fc08034e9 version=aee3acb0-7926-317b-848e-db7bc3721695
2020-09-17T10:24:16.532091539Z  INFO  2020-09-17 10:24:16,531 [shard 0] database - Keyspace system: Reading CF large_cells id=ead8bbc5-f146-3ae1-9f71-0b11f9a1d296 version=0d4a6937-a781-3f87-a192-b4e4a4a40acf
2020-09-17T10:24:16.532101979Z  INFO  2020-09-17 10:24:16,531 [shard 0] database - Keyspace system: Reading CF scylla_local id=2972ec7f-fb20-38dd-aac1-d876f2e3fcbd version=5f0b407d-eedf-3845-a48e-dbb9673d10e1
2020-09-17T10:24:16.532112532Z  INFO  2020-09-17 10:24:16,531 [shard 0] database - Keyspace system: Reading CF views_builds_in_progress id=b7f2c108-78cd-3c80-9cd5-d609b2bd149c version=b905cce5-1474-3085-819a-7592453e2fb9
2020-09-17T10:24:16.532124579Z  INFO  2020-09-17 10:24:16,531 [shard 0] database - Keyspace system: Reading CF schema_usertypes id=3aa75225-4f82-350b-8d5c-430fa221fa0a version=3c53e6bb-56d5-3618-a0b2-4ff5f18127d7
2020-09-17T10:24:16.532168030Z  INFO  2020-09-17 10:24:16,531 [shard 0] database - Keyspace system: Reading CF sstable_activity id=5a1ff267-ace0-3f12-8563-cfae6103c65e version=bdec57a3-b234-334b-be9c-7b1f33113995
2020-09-17T10:24:16.532180679Z  INFO  2020-09-17 10:24:16,531 [shard 0] database - Keyspace system: Reading CF truncated id=38c19fd0-fb86-3310-a4b7-0d0cc66628aa version=6da9a85c-7ae0-3917-aead-54a2f65a57a8
2020-09-17T10:24:16.532191162Z  INFO  2020-09-17 10:24:16,531 [shard 0] database - Keyspace system: Reading CF paxos id=b7b7f0c2-fd0a-3410-8c05-3ef614bb7c2d version=6dd372de-72fb-3e1b-9b8c-f97738a67fe9
2020-09-17T10:24:16.532201629Z  INFO  2020-09-17 10:24:16,531 [shard 0] database - Keyspace system: Reading CF schema_keyspaces id=b0f22357-4458-3cdb-9631-c43e59ce3676 version=84d28cef-59f9-34a9-9be5-31c684997f03
2020-09-17T10:24:30.010189763Z  INFO  2020-09-17 10:24:30,009 [shard 0] init - starting gossip
2020-09-17T10:24:30.010808042Z  WARN  2020-09-17 10:24:30,010 [shard 0] init - Using default cluster name is not recommended. Using a unique cluster name will reduce the chance of adding nodes to the wrong cluster by mistake
2020-09-17T10:24:30.011662547Z  INFO  2020-09-17 10:24:30,011 [shard 0] init - starting storage proxy
2020-09-17T10:24:30.023061387Z  INFO  2020-09-17 10:24:30,022 [shard 0] init - creating hints manager
2020-09-17T10:24:30.023525009Z  INFO  2020-09-17 10:24:30,023 [shard 1] init - creating hints manager
2020-09-17T10:24:30.023961381Z  INFO  2020-09-17 10:24:30,023 [shard 3] init - creating hints manager
2020-09-17T10:24:30.024325198Z  INFO  2020-09-17 10:24:30,023 [shard 2] init - creating hints manager
2020-09-17T10:24:30.024752830Z  INFO  2020-09-17 10:24:30,024 [shard 0] init - starting migration manager
2020-09-17T10:24:30.025172955Z  INFO  2020-09-17 10:24:30,024 [shard 0] init - starting query processor
2020-09-17T10:24:30.026450370Z  INFO  2020-09-17 10:24:30,026 [shard 0] init - initializing batchlog manager
2020-09-17T10:24:30.031362931Z  INFO  2020-09-17 10:24:30,031 [shard 0] legacy_schema_migrator - Moving 0 keyspaces from legacy schema tables to the new schema keyspace (system_schema)
2020-09-17T10:24:30.032122546Z  INFO  2020-09-17 10:24:30,031 [shard 0] legacy_schema_migrator - Dropping legacy schema tables
2020-09-17T10:24:41.722077137Z  INFO  2020-09-17 10:24:41,721 [shard 0] legacy_schema_migrator - Completed migration of legacy schema tables
2020-09-17T10:24:41.726867627Z  INFO  2020-09-17 10:24:41,725 [shard 0] init - loading system sstables
2020-09-17T10:24:58.442665180Z  INFO  2020-09-17 10:24:58,442 [shard 0] init - loading non-system sstables
2020-09-17T10:25:06.178387011Z  INFO  2020-09-17 10:25:06,177 [shard 0] database - Populating Keyspace dt
2020-09-17T10:25:06.178854220Z  INFO  2020-09-17 10:25:06,178 [shard 0] database - Keyspace dt: Reading CF source_element_idx_index id=68593f10-d77b-11ea-9877-000000000001 version=33e3f927-f730-3081-88e1-6bed2962e42a
2020-09-17T10:25:06.178875401Z  INFO  2020-09-17 10:25:06,178 [shard 0] database - Keyspace dt: Reading CF element_twin_idx_index id=630ae8b0-d77b-11ea-9877-000000000001 version=bc3026fd-bc4e-318d-b6f4-ca0b566cb74b
2020-09-17T10:25:06.178928340Z  INFO  2020-09-17 10:25:06,178 [shard 0] database - Keyspace dt: Reading CF source id=65ff2270-d77b-11ea-9877-000000000001 version=5f8471b7-7d19-31d4-9be5-0f153affb0bb
2020-09-17T10:25:06.178948313Z  INFO  2020-09-17 10:25:06,178 [shard 0] database - Keyspace dt: Reading CF source_data id=6af6cd50-d77b-11ea-9877-000000000001 version=b52400e3-b307-3141-b3fc-e5d63573f135
2020-09-17T10:25:06.179421707Z  INFO  2020-09-17 10:25:06,178 [shard 0] database - Keyspace dt: Reading CF element id=607549b0-d77b-11ea-9877-000000000001 version=f44a6c4b-69d8-37f2-b116-7260740acc6c
2020-09-17T10:25:06.179474287Z  INFO  2020-09-17 10:25:06,178 [shard 0] database - Keyspace dt: Reading CF twin id=5e00c740-d77b-11ea-9877-000000000001 version=6240633e-c8cc-3fea-a1e3-452eff1b9659
2020-09-17T10:25:06.179494270Z  INFO  2020-09-17 10:25:06,178 [shard 0] database - Keyspace dt: Reading CF user id=5c294820-d77b-11ea-9877-000000000001 version=02cce273-02f1-3e6a-8674-f1016e3f22d7
2020-09-17T10:25:06.179511575Z  INFO  2020-09-17 10:25:06,178 [shard 0] database - Populating Keyspace system_distributed
2020-09-17T10:25:06.179528113Z  INFO  2020-09-17 10:25:06,178 [shard 0] database - Keyspace system_distributed: Reading CF view_build_status id=5582b59f-8e4e-35e1-b913-3acada51eb04 version=e0b6e628-60e0-39a2-ada0-9b6c13bdd9bc
2020-09-17T10:25:06.179556639Z  INFO  2020-09-17 10:25:06,178 [shard 0] database - Keyspace system_distributed: Reading CF cdc_generations id=6a4df139-00b6-3d21-9efc-dade266dc3b7 version=2511b46b-df1d-39fa-9a77-f5cacf88af47
2020-09-17T10:25:06.179572663Z  INFO  2020-09-17 10:25:06,178 [shard 0] database - Keyspace system_distributed: Reading CF cdc_streams id=07405732-4620-34d6-a85e-947248dad9a4 version=b606cfa4-a37b-32bd-a624-e05cab2bed3c
2020-09-17T10:25:06.179588443Z  INFO  2020-09-17 10:25:06,178 [shard 0] database - Populating Keyspace system_auth
2020-09-17T10:25:06.179657120Z  INFO  2020-09-17 10:25:06,178 [shard 0] database - Keyspace system_auth: Reading CF roles id=5bc52802-de25-35ed-aeab-188eecebb090 version=d8f599da-7544-3f57-aa58-b229deea93e0
2020-09-17T10:25:06.179676127Z  INFO  2020-09-17 10:25:06,178 [shard 0] database - Keyspace system_auth: Reading CF role_members id=0ecdaa87-f8fb-3e60-88d1-74fb36fe5c0d version=2923b5bb-f2f8-36e8-9e73-19019900010c
2020-09-17T10:25:06.179692097Z  INFO  2020-09-17 10:25:06,178 [shard 0] database - Populating Keyspace system_traces
2020-09-17T10:25:06.179779526Z  INFO  2020-09-17 10:25:06,178 [shard 0] database - Keyspace system_traces: Reading CF sessions id=c5e99f16-8677-3914-b17e-960613512345 version=e0fc4b06-6cba-3b7b-bfb6-b42a77c370a9
2020-09-17T10:25:06.179800164Z  INFO  2020-09-17 10:25:06,178 [shard 0] database - Keyspace system_traces: Reading CF node_slow_log_time_idx id=f9706768-aa1e-3d87-9e5c-51a3927c2870 version=eaffc0bb-7b2c-3b64-8924-d8ba685120bc
2020-09-17T10:25:06.179840316Z  INFO  2020-09-17 10:25:06,178 [shard 0] database - Keyspace system_traces: Reading CF sessions_time_idx id=0ebf001c-c1d1-3693-9a63-c3d96ac53318 version=cd5d1e5f-1f42-3b9d-a8ba-3af39d59a7d5
2020-09-17T10:25:06.179862704Z  INFO  2020-09-17 10:25:06,178 [shard 0] database - Keyspace system_traces: Reading CF events id=8826e8e9-e16a-3728-8753-3bc1fc713c25 version=41a6b26e-a03b-3ae1-8a4a-b9446e7f9304
2020-09-17T10:25:06.179926037Z  INFO  2020-09-17 10:25:06,179 [shard 0] database - Keyspace system_traces: Reading CF node_slow_log id=bfcc4e62-5b63-3aa1-a1c3-6f5e47f3325c version=23e7a411-8414-340f-854d-20a3a637e438
2020-09-17T10:25:14.428449399Z  INFO  2020-09-17 10:25:14,427 [shard 0] init - starting view update generator
2020-09-17T10:25:14.428852645Z  INFO  2020-09-17 10:25:14,428 [shard 0] init - discovering staging sstables
2020-09-17T10:25:14.429604379Z  INFO  2020-09-17 10:25:14,429 [shard 0] init - setting up system keyspace
2020-09-17T10:25:14.458843726Z  INFO  2020-09-17 10:25:14,458 [shard 0] init - starting commit log
2020-09-17T10:25:14.459467189Z  INFO  2020-09-17 10:25:14,459 [shard 0] compaction - Compacting [/var/lib/scylla/data/system/compaction_history-b4dbb7b4dc493fb5b3bfce6e434832ca/mc-520-big-Data.db:level=0, /var/lib/scylla/data/system/compaction_history-b4dbb7b4dc493fb5b3bfce6e434832ca/mc-516-big-Data.db:level=0, ]
2020-09-17T10:25:14.459748290Z  INFO  2020-09-17 10:25:14,459 [shard 0] compaction - Compacting [/var/lib/scylla/data/system/truncated-38c19fd0fb863310a4b70d0cc66628aa/mc-972-big-Data.db:level=0, /var/lib/scylla/data/system/truncated-38c19fd0fb863310a4b70d0cc66628aa/mc-968-big-Data.db:level=0, ]
2020-09-17T10:25:14.460193366Z  INFO  2020-09-17 10:25:14,459 [shard 1] compaction - Compacting [/var/lib/scylla/data/system/compaction_history-b4dbb7b4dc493fb5b3bfce6e434832ca/mc-521-big-Data.db:level=0, /var/lib/scylla/data/system/compaction_history-b4dbb7b4dc493fb5b3bfce6e434832ca/mc-517-big-Data.db:level=0, ]
2020-09-17T10:25:14.460457069Z  INFO  2020-09-17 10:25:14,459 [shard 2] compaction - Compacting [/var/lib/scylla/data/system/peers-37f71aca7dc2383ba70672528af04d4f/mc-6-big-Data.db:level=0, /var/lib/scylla/data/system/peers-37f71aca7dc2383ba70672528af04d4f/mc-10-big-Data.db:level=0, ]
2020-09-17T10:25:14.460479314Z  INFO  2020-09-17 10:25:14,460 [shard 1] compaction - Compacting [/var/lib/scylla/data/system/local-7ad54392bcdd35a684174e047860b377/mc-2101-big-Data.db:level=0, /var/lib/scylla/data/system/local-7ad54392bcdd35a684174e047860b377/mc-2105-big-Data.db:level=0, /var/lib/scylla/data/system/local-7ad54392bcdd35a684174e047860b377/mc-2097-big-Data.db:level=0, ]
2020-09-17T10:25:14.460493414Z  INFO  2020-09-17 10:25:14,460 [shard 2] compaction - Compacting [/var/lib/scylla/data/system/compaction_history-b4dbb7b4dc493fb5b3bfce6e434832ca/mc-534-big-Data.db:level=0, /var/lib/scylla/data/system/compaction_history-b4dbb7b4dc493fb5b3bfce6e434832ca/mc-530-big-Data.db:level=0, ]
2020-09-17T10:25:14.460930590Z  INFO  2020-09-17 10:25:14,460 [shard 2] compaction - Compacting [/var/lib/scylla/data/system/truncated-38c19fd0fb863310a4b70d0cc66628aa/mc-746-big-Data.db:level=0, /var/lib/scylla/data/system/truncated-38c19fd0fb863310a4b70d0cc66628aa/mc-742-big-Data.db:level=0, ]
2020-09-17T10:25:14.461691707Z  INFO  2020-09-17 10:25:14,461 [shard 3] compaction - Compacting [/var/lib/scylla/data/system/clients-ca0f635d863036098d93a1fc06f2a5e5/mc-23-big-Data.db:level=0, /var/lib/scylla/data/system/clients-ca0f635d863036098d93a1fc06f2a5e5/mc-27-big-Data.db:level=0, ]
2020-09-17T10:25:14.462728864Z  INFO  2020-09-17 10:25:14,462 [shard 3] compaction - Compacting [/var/lib/scylla/data/system/compaction_history-b4dbb7b4dc493fb5b3bfce6e434832ca/mc-535-big-Data.db:level=0, /var/lib/scylla/data/system/compaction_history-b4dbb7b4dc493fb5b3bfce6e434832ca/mc-531-big-Data.db:level=0, ]
2020-09-17T10:25:14.463590364Z  INFO  2020-09-17 10:25:14,463 [shard 3] compaction - Compacting [/var/lib/scylla/data/dt/source_data-6af6cd50d77b11ea9877000000000001/mc-395-big-Data.db:level=0, /var/lib/scylla/data/dt/source_data-6af6cd50d77b11ea9877000000000001/mc-391-big-Data.db:level=0, ]
2020-09-17T10:25:14.464073233Z  INFO  2020-09-17 10:25:14,463 [shard 3] compaction - Compacting [/var/lib/scylla/data/system/truncated-38c19fd0fb863310a4b70d0cc66628aa/mc-551-big-Data.db:level=0, /var/lib/scylla/data/system/truncated-38c19fd0fb863310a4b70d0cc66628aa/mc-547-big-Data.db:level=0, ]
2020-09-17T10:25:14.466367869Z  INFO  2020-09-17 10:25:14,466 [shard 0] init - initializing migration manager RPC verbs
2020-09-17T10:25:14.467265189Z  INFO  2020-09-17 10:25:14,466 [shard 0] init - initializing storage proxy RPC verbs
2020-09-17T10:25:14.468291229Z  INFO  2020-09-17 10:25:14,468 [shard 0] init - starting streaming service
2020-09-17T10:25:14.471254430Z  INFO  2020-09-17 10:25:14,470 [shard 0] init - starting hinted handoff manager
2020-09-17T10:25:15.812304653Z  WARN  2020-09-17 10:25:15,811 [shard 3] large_data - Writing a partition with too many rows [dt/source_data:d0a71d84-b80f-4558-beac-8887750652e3] (111670 rows)
2020-09-17T10:25:16.464395902Z  INFO  2020-09-17 10:25:16,463 [shard 0] init - starting messaging service
2020-09-17T10:25:16.465431431Z  INFO  2020-09-17 10:25:16,464 [shard 0] repair - Setting max_repair_memory=168820736, max_repair_memory_per_range=33554432, max_repair_ranges_in_parallel=5
2020-09-17T10:25:16.465579790Z  INFO  2020-09-17 10:25:16,465 [shard 0] init - starting storage service
2020-09-17T10:25:16.466753510Z  INFO  2020-09-17 10:25:16,466 [shard 0] storage_service - Loading persisted ring state
2020-09-17T10:25:16.470083411Z  INFO  2020-09-17 10:25:16,469 [shard 0] storage_service - loaded_peer_features: peer_features size=0
2020-09-17T10:25:16.470513931Z  INFO  2020-09-17 10:25:16,470 [shard 0] storage_service - Checking remote features skipped, since this node is a new seed node which knows nothing about the cluster
2020-09-17T10:25:16.472201809Z  INFO  2020-09-17 10:25:16,471 [shard 0] storage_service - Restarting a node in NORMAL status
2020-09-17T10:25:16.505634189Z  INFO  2020-09-17 10:25:16,505 [shard 0] database - Schema version changed to 3f00f995-6495-3765-8599-4e76a2f4c6b2
2020-09-17T10:25:16.506186606Z  INFO  2020-09-17 10:25:16,505 [shard 0] storage_service - Starting up server gossip
2020-09-17T10:25:16.718722656Z  INFO  2020-09-17 10:25:16,717 [shard 2] compaction - Compacted 2 sstables to []. 10951 bytes to 0 (~0% of original) in 0ms = 0.00MB/s. ~256 total partitions merged to 0.
2020-09-17T10:25:17.215900999Z  INFO  2020-09-17 10:25:17,215 [shard 3] compaction - Compacted 2 sstables to []. 37904 bytes to 0 (~0% of original) in 10ms = 0.00MB/s. ~256 total partitions merged to 0.
2020-09-17T10:25:19.336494760Z  INFO  2020-09-17 10:25:19,335 [shard 0] compaction - Compacted 2 sstables to [/var/lib/scylla/data/system/compaction_history-b4dbb7b4dc493fb5b3bfce6e434832ca/mc-524-big-Data.db:level=0, ]. 192221 bytes to 114939 (~59% of original) in 3498ms = 0.03MB/s. ~384 total partitions merged to 244.
2020-09-17T10:25:19.338184941Z  INFO  2020-09-17 10:25:19,336 [shard 0] compaction - Compacted 2 sstables to [/var/lib/scylla/data/system/truncated-38c19fd0fb863310a4b70d0cc66628aa/mc-976-big-Data.db:level=0, ]. 81980 bytes to 76749 (~93% of original) in 3498ms = 0.02MB/s. ~256 total partitions merged to 2.
2020-09-17T10:25:19.589745969Z  INFO  2020-09-17 10:25:19,588 [shard 2] compaction - Compacted 2 sstables to [/var/lib/scylla/data/system/truncated-38c19fd0fb863310a4b70d0cc66628aa/mc-750-big-Data.db:level=0, ]. 112016 bytes to 56087 (~50% of original) in 4258ms = 0.01MB/s. ~256 total partitions merged to 4.
2020-09-17T10:25:19.589779753Z  INFO  2020-09-17 10:25:19,589 [shard 2] compaction - Compacted 2 sstables to [/var/lib/scylla/data/system/compaction_history-b4dbb7b4dc493fb5b3bfce6e434832ca/mc-538-big-Data.db:level=0, ]. 202734 bytes to 116784 (~57% of original) in 4259ms = 0.03MB/s. ~384 total partitions merged to 253.
2020-09-17T10:25:20.133016730Z  INFO  2020-09-17 10:25:20,132 [shard 1] compaction - Compacted 3 sstables to [/var/lib/scylla/data/system/local-7ad54392bcdd35a684174e047860b377/mc-2109-big-Data.db:level=0, ]. 24461 bytes to 12440 (~50% of original) in 4634ms = 0.00MB/s. ~384 total partitions merged to 1.
2020-09-17T10:25:20.133489108Z  INFO  2020-09-17 10:25:20,133 [shard 1] compaction - Compacted 2 sstables to [/var/lib/scylla/data/system/compaction_history-b4dbb7b4dc493fb5b3bfce6e434832ca/mc-525-big-Data.db:level=0, ]. 192446 bytes to 117415 (~61% of original) in 4636ms = 0.02MB/s. ~384 total partitions merged to 254.
2020-09-17T10:25:20.134621780Z  INFO  2020-09-17 10:25:20,134 [shard 1] compaction - Compacting [/var/lib/scylla/data/system/local-7ad54392bcdd35a684174e047860b377/mc-2113-big-Data.db:level=0, /var/lib/scylla/data/system/local-7ad54392bcdd35a684174e047860b377/mc-2109-big-Data.db:level=0, ]
2020-09-17T10:25:20.135429460Z  INFO  2020-09-17 10:25:20,135 [shard 0] messaging_service - Starting Messaging Service on port 7000
2020-09-17T10:25:20.285192294Z  INFO  2020-09-17 10:25:20,284 [shard 3] compaction - Compacted 2 sstables to [/var/lib/scylla/data/system/compaction_history-b4dbb7b4dc493fb5b3bfce6e434832ca/mc-539-big-Data.db:level=0, ]. 200155 bytes to 110135 (~55% of original) in 4704ms = 0.02MB/s. ~384 total partitions merged to 195.
2020-09-17T10:25:20.285224015Z  INFO  2020-09-17 10:25:20,284 [shard 3] compaction - Compacted 2 sstables to [/var/lib/scylla/data/dt/source_data-6af6cd50d77b11ea9877000000000001/mc-399-big-Data.db:level=0, ]. 8992334 bytes to 8987058 (~99% of original) in 4703ms = 1.82MB/s. ~256 total partitions merged to 1.
2020-09-17T10:25:20.285973817Z  INFO  2020-09-17 10:25:20,285 [shard 3] compaction - Compacted 2 sstables to [/var/lib/scylla/data/system/truncated-38c19fd0fb863310a4b70d0cc66628aa/mc-555-big-Data.db:level=0, ]. 126264 bytes to 63207 (~50% of original) in 4702ms = 0.01MB/s. ~256 total partitions merged to 2.
2020-09-17T10:25:21.920929967Z  INFO  2020-09-17 10:25:21,920 [shard 1] compaction - Compacted 2 sstables to [/var/lib/scylla/data/system/local-7ad54392bcdd35a684174e047860b377/mc-2117-big-Data.db:level=0, ]. 19046 bytes to 12276 (~64% of original) in 1209ms = 0.01MB/s. ~256 total partitions merged to 1.
2020-09-17T10:25:32.139797716Z  INFO  2020-09-17 10:25:32,138 [shard 0] gossip - No gossip backlog; proceeding
2020-09-17T10:25:32.141906483Z  INFO  2020-09-17 10:25:32,141 [shard 0] features - Feature COMPUTED_COLUMNS is enabled
2020-09-17T10:25:32.141955751Z  INFO  2020-09-17 10:25:32,141 [shard 0] features - Feature CORRECT_COUNTER_ORDER is enabled
2020-09-17T10:25:32.141976751Z  INFO  2020-09-17 10:25:32,141 [shard 0] features - Feature CORRECT_NON_COMPOUND_RANGE_TOMBSTONES is enabled
2020-09-17T10:25:32.141995545Z  INFO  2020-09-17 10:25:32,141 [shard 0] features - Feature CORRECT_STATIC_COMPACT_IN_MC is enabled
2020-09-17T10:25:32.142040473Z  INFO  2020-09-17 10:25:32,141 [shard 0] features - Feature COUNTERS is enabled
2020-09-17T10:25:32.142060526Z  INFO  2020-09-17 10:25:32,141 [shard 0] features - Feature DIGEST_INSENSITIVE_TO_EXPIRY is enabled
2020-09-17T10:25:32.142384529Z  INFO  2020-09-17 10:25:32,141 [shard 0] features - Feature DIGEST_MULTIPARTITION_READ is enabled
2020-09-17T10:25:32.142430547Z  INFO  2020-09-17 10:25:32,141 [shard 0] features - Feature HINTED_HANDOFF_SEPARATE_CONNECTION is enabled
2020-09-17T10:25:32.142450610Z  INFO  2020-09-17 10:25:32,141 [shard 0] features - Feature INDEXES is enabled
2020-09-17T10:25:32.142469094Z  INFO  2020-09-17 10:25:32,141 [shard 0] features - Feature LARGE_PARTITIONS is enabled
2020-09-17T10:25:32.142682863Z  INFO  2020-09-17 10:25:32,141 [shard 0] features - Feature LWT is enabled
2020-09-17T10:25:32.142709793Z  INFO  2020-09-17 10:25:32,141 [shard 0] features - Feature MATERIALIZED_VIEWS is enabled
2020-09-17T10:25:32.142728420Z  INFO  2020-09-17 10:25:32,141 [shard 0] features - Feature MC_SSTABLE_FORMAT is enabled
2020-09-17T10:25:32.142746797Z  INFO  2020-09-17 10:25:32,141 [shard 0] features - Feature NONFROZEN_UDTS is enabled
2020-09-17T10:25:32.142764660Z  INFO  2020-09-17 10:25:32,141 [shard 0] features - Feature PER_TABLE_PARTITIONERS is enabled
2020-09-17T10:25:32.142821831Z  INFO  2020-09-17 10:25:32,141 [shard 0] features - Feature RANGE_TOMBSTONES is enabled
2020-09-17T10:25:32.142851645Z  INFO  2020-09-17 10:25:32,141 [shard 0] features - Feature ROLES is enabled
2020-09-17T10:25:32.142870452Z  INFO  2020-09-17 10:25:32,141 [shard 0] features - Feature ROW_LEVEL_REPAIR is enabled
2020-09-17T10:25:32.142888599Z  INFO  2020-09-17 10:25:32,141 [shard 0] features - Feature SCHEMA_TABLES_V3 is enabled
2020-09-17T10:25:32.142906635Z  INFO  2020-09-17 10:25:32,141 [shard 0] features - Feature STREAM_WITH_RPC_STREAM is enabled
2020-09-17T10:25:32.142924359Z  INFO  2020-09-17 10:25:32,141 [shard 0] features - Feature TRUNCATION_TABLE is enabled
2020-09-17T10:25:32.142942490Z  INFO  2020-09-17 10:25:32,141 [shard 0] system_keyspace - Got cluster agreement on truncation table feature. Removing legacy records.
2020-09-17T10:25:32.142971230Z  INFO  2020-09-17 10:25:32,142 [shard 0] features - Feature UNBOUNDED_RANGE_TOMBSTONES is enabled
2020-09-17T10:25:32.142991723Z  INFO  2020-09-17 10:25:32,142 [shard 0] features - Feature VIEW_VIRTUAL_COLUMNS is enabled
2020-09-17T10:25:32.143009760Z  INFO  2020-09-17 10:25:32,142 [shard 0] features - Feature WRITE_FAILURE_REPLY is enabled
2020-09-17T10:25:32.143027633Z  INFO  2020-09-17 10:25:32,142 [shard 0] features - Feature XXHASH is enabled
2020-09-17T10:25:32.144749447Z  INFO  2020-09-17 10:25:32,144 [shard 0] system_keyspace - Legacy records deleted.
2020-09-17T10:25:32.145926160Z  INFO  2020-09-17 10:25:32,145 [shard 0] init - starting system distributed keyspace
2020-09-17T10:25:32.151604452Z  INFO  2020-09-17 10:25:32,150 [shard 0] storage_service - Using saved tokens {943448605036726745, 9061580907506437136, 8957018461898327244, 8813999419995718088, 8775859223532977932, 873311388414975666, 8707696313600310498, 8675978575875245837, 855031166620283245, 8476533345381470087, 8413544620893079714, 8382283044476755854, 7804258889026263620, 778239093056833917, 7732629563319678675, 7564694057214588647, 747840302865059114, 7255484784972643852, 700944770677405149, 7009081579420542256, 7354219953741161264, 6974970471767945112, 6788034976878782500, 667581605220131528, 6496091893897576732, 6478032244021912394, 6420907855788431922, 8777890816944145805, 6381418245203458391, 6358173612251239308, 6302443190184390149, 6115776390551923703, 5906838239532612246, 5890706123786165213, 588034934972968299, 5848278814186320030, 5834675951458569055, 5796254206948921528, -6441145814158460549, 7172238068082229918, -6238625478980828395, -6199824488038647909, -572473923349256348, -5526097868254533829, -5508289632699420366, -6338043935148530859, 4738411181964629022, -5411685484465544274, 5103660925946342563, -5360532551957069796, -5246840897237646542, -8953406550820932827, -511676141100664160, -4872163430844150374, 5153854518462400651, -4829128129506020031, 6818717460470417221, -4735496583611878200, -7913213531410876291, -8612347190400988175, 3361838207769500988, -4770694758141334815, 3533570692245755170, -3014142033706378490, -6648258355715071793, 105268539462240253, 6448269612184381105, 3941245744356891698, -4925670906471950289, -6853270293933441203, -431455211546220291, -4106310081010891923, -4280461110562472301, -4231054370802445643, 4453520694484038438, -5140544052953576706, -7341700934491837716, -4177024142024341044, -2365586676906010085, -4368295386640868227, -6779834804380741154, 7103497347382660592, -471701403720839764, -2187125227394891465, -1593748153114868683, 8325613099551670589, -6017078328443447975, 408961909545308462, -3256341547923989103, 1911454556365012923, -2135119982021577211, -6104126434670973331, -1614584707908969492, -5285270377043925775, 194223785007163967, 3556932048290112968, 4378909036113166689, -2319706609635128471, 782580883702972777, -3880555618453256762, -2879534723161185431, 7469085752185829039, -8001902308657073600, -1522914538603683793, 784130423392421222, -3409621329811667263, -5136236598692180863, -2640475812391264528, 3907413558358164712, -2166731983266837511, -8529251962487546573, -5228242602708342126, -6263078841153087564, -1295419475388780424, 5311755414232655734, -4113405879925637368, 2104079815049743807, -105211415949921556, -1004253484774030395, -6093280019772326743, -1363472444035739717, 7772390126184307669, 3373616921334842984, -3428624778218969630, -4475005699924690030, -1207620414022812792, -4203952547861361192, -4895652206680369668, 5569071124009844993, -2800260328053956713, 1033733984444816800, -1761718599052329021, -6249520955674807415, -6810383749951706976, -2391018463907211455, -3729138346528579520, -3942245253345029362, -1032698423218536378, 2233495137371904435, -1970747149103226319, 2531294222158762011, 4445989245037378795, -2648919406212884980, 800062458669145892, -6586482614645135705, -8855822008500182327, -2076430708060394350, -6127879535600466936, 5017042126534426855, -6767019288334108993, -6985294397658573838, -2605645373691895986, 2542018259596577135, -2699231837109027988, -9132047842757487932, 9066588519930559993, -4601858807243735115, 1470306277250886071, 1688077838521597411, -2700796200994103492, -5656441245782528349, 3822141065635310082, -4415280594152455372, -1709100826419756065, -2732234699235264563, -3101294897153501639, 6933997554702494562, -4541237399207364623, 1251119865371637993, -3280527161887251879, -4007868363884276055, -4134923634748466107, -5595342098352848506, 533209426647054698, 285540986842976874, -4193553788022177878, -7111183380354176443, 7880345233810794046, -7190282066974323895, -7232953798633244985, -7512330892235471280, -889434854029329118, 9122882257136270100, 3909145942678699742, 2870638580126821409, -2685359252619347507, 4540975434217357056, 1912522665107890116, -1474028219808469861, -7767361191227918078, -8495384334141326469, -8024675672634848221, -8352632933072691056, -1084614158625469139, -8372022353883945178, -1171738939209168407, -8485257529464526975, -8549013321787275289, -7405825010257289618, -8694753427154041557, -9173155356561330710, -3164480873853500968, 1172299952227812636, 1535311813904826318, 156312151312654313, 2050968450175517454, 1018091569669202328, 1574734081023094222, 214428871588027420, -5095673126210616552, 2431756818088451524, -1208769590907790735, 3022913469242457337, 2609254198811139442, 5396954320704971060, 284028081363756156, -184157634332906914, 2879924223908633556, 3014475854062098037, 8280511155447462154, 3058186759042775792, 3100842289958262644, -769344519844763244, 3287699046743316011, 7743526815996532326, -7148146405116016542, 352278596429886466, 3606629961194077343, 3840184102447470012, -4623422606623793434, 3924960423780627192, 4660022660859336370, 5401470720317959250, 3979649323160207298, 4037379789709069307, 790424663468033093, 5150907166433009570, 4083460330442256183, 4262233236239091105, 4461207940793579131, 7222389702734437292, 4497639963855891379, 5935809959838255935, 525652295242460822, -9210810031089136649, 3145063885579200582, 5102381975608989830, 5104799485589097680, -467985751191813914, 5122450296475986719, 5256736089695841171, 5341717901052361821, 5441044328235651423, 5661405961885371428, -6303682351633097607, 5704999654143823990}
2020-09-17T10:25:32.175693451Z  INFO  2020-09-17 10:25:32,175 [shard 0] database - Schema version changed to e1b2d478-e5f2-30c4-b994-d93919918df3
2020-09-17T10:25:32.175725289Z  INFO  2020-09-17 10:25:32,175 [shard 0] database - Schema version changed to e1b2d478-e5f2-30c4-b994-d93919918df3
2020-09-17T10:25:32.177632410Z  INFO  2020-09-17 10:25:32,177 [shard 0] database - Schema version changed to 0e03d198-385b-3f36-8c34-c3f5846bbbac
2020-09-17T10:25:33.775387927Z  INFO  2020-09-17 10:25:33,774 [shard 1] compaction - Compacting [/var/lib/scylla/data/system/local-7ad54392bcdd35a684174e047860b377/mc-2121-big-Data.db:level=0, /var/lib/scylla/data/system/local-7ad54392bcdd35a684174e047860b377/mc-2117-big-Data.db:level=0, ]
2020-09-17T10:25:33.779712795Z  INFO  2020-09-17 10:25:33,779 [shard 0] storage_service - Node 10.0.42.3 state jump to normal
2020-09-17T10:25:33.779761784Z  INFO  2020-09-17 10:25:33,779 [shard 0] storage_service - Remove node 10.0.42.3 from pending replacing endpoint
2020-09-17T10:25:34.800660607Z  INFO  2020-09-17 10:25:34,800 [shard 0] storage_service - NORMAL: node is now in normal status
2020-09-17T10:25:34.800773737Z  INFO  2020-09-17 10:25:34,800 [shard 0] cdc - No generation seen during startup.
2020-09-17T10:25:34.802761184Z  INFO  2020-09-17 10:25:34,802 [shard 0] init - starting tracing
2020-09-17T10:25:34.803451437Z  INFO  2020-09-17 10:25:34,803 [shard 0] storage_service - SSTable data integrity checker is disabled.
2020-09-17T10:25:34.803842984Z  INFO  2020-09-17 10:25:34,803 [shard 0] init - starting batchlog manager
2020-09-17T10:25:34.804191947Z  INFO  2020-09-17 10:25:34,803 [shard 0] init - starting load meter
2020-09-17T10:25:34.804243759Z  INFO  2020-09-17 10:25:34,803 [shard 0] init - starting cf cache hit rate calculator
2020-09-17T10:25:34.804436779Z  INFO  2020-09-17 10:25:34,804 [shard 0] init - starting view update backlog broker
2020-09-17T10:25:34.805186177Z  INFO  2020-09-17 10:25:34,804 [shard 0] init - Waiting for gossip to settle before accepting client requests...
2020-09-17T10:25:34.883732495Z  INFO  2020-09-17 10:25:34,883 [shard 1] compaction - Compacted 2 sstables to [/var/lib/scylla/data/system/local-7ad54392bcdd35a684174e047860b377/mc-2129-big-Data.db:level=0, ]. 18355 bytes to 12072 (~65% of original) in 1025ms = 0.01MB/s. ~256 total partitions merged to 1.
2020-09-17T10:25:34.884438533Z  INFO  2020-09-17 10:25:34,883 [shard 1] compaction - Compacting [/var/lib/scylla/data/system/local-7ad54392bcdd35a684174e047860b377/mc-2125-big-Data.db:level=0, /var/lib/scylla/data/system/local-7ad54392bcdd35a684174e047860b377/mc-2129-big-Data.db:level=0, ]
2020-09-17T10:25:35.298661292Z  INFO  2020-09-17 10:25:35,297 [shard 1] compaction - Compacted 2 sstables to [/var/lib/scylla/data/system/local-7ad54392bcdd35a684174e047860b377/mc-2133-big-Data.db:level=0, ]. 18170 bytes to 12073 (~66% of original) in 330ms = 0.03MB/s. ~256 total partitions merged to 1.
2020-09-17T10:25:46.806332052Z  INFO  2020-09-17 10:25:46,805 [shard 0] gossip - No gossip backlog; proceeding
2020-09-17T10:25:46.807372311Z  INFO  2020-09-17 10:25:46,806 [shard 0] init - allow replaying hints
2020-09-17T10:25:46.808285531Z  INFO  2020-09-17 10:25:46,807 [shard 0] init - Launching generate_mv_updates for non system tables
2020-09-17T10:25:46.809300556Z  INFO  2020-09-17 10:25:46,808 [shard 0] init - starting the view builder
2020-09-17T10:25:47.184431155Z  INFO  2020-09-17 10:25:47,183 [shard 0] init - starting native transport
2020-09-17T10:25:47.184470054Z  INFO  2020-09-17 10:25:47,183 [shard 0] compaction - Compacting [/var/lib/scylla/data/system/truncated-38c19fd0fb863310a4b70d0cc66628aa/mc-980-big-Data.db:level=0, /var/lib/scylla/data/system/truncated-38c19fd0fb863310a4b70d0cc66628aa/mc-976-big-Data.db:level=0, ]
2020-09-17T10:25:47.187333123Z  INFO  2020-09-17 10:25:47,186 [shard 0] storage_service - Starting listening for CQL clients on 10.0.42.3:9042 (unencrypted)
2020-09-17T10:25:47.190199774Z  INFO  2020-09-17 10:25:47,189 [shard 0] storage_service - Thrift server listening on 10.0.42.3:9160 ...
2020-09-17T10:25:47.191802013Z  INFO  2020-09-17 10:25:47,191 [shard 0] init - serving
2020-09-17T10:25:47.191854709Z  INFO  2020-09-17 10:25:47,191 [shard 0] init - Scylla version 4.1.6-0.20200831.6d9ff622df initialization completed.
2020-09-17T10:25:47.621121817Z  INFO  2020-09-17 10:25:47,620 [shard 0] compaction - Compacted 2 sstables to [/var/lib/scylla/data/system/truncated-38c19fd0fb863310a4b70d0cc66628aa/mc-984-big-Data.db:level=0, ]. 81982 bytes to 76744 (~93% of original) in 353ms = 0.21MB/s. ~256 total partitions merged to 2.
2020-09-17T10:26:22.138393163Z  INFO  2020-09-17 10:26:22,137 [shard 2] compaction - Compacting [/var/lib/scylla/data/system/clients-ca0f635d863036098d93a1fc06f2a5e5/mc-10-big-Data.db:level=0, /var/lib/scylla/data/system/clients-ca0f635d863036098d93a1fc06f2a5e5/mc-6-big-Data.db:level=0, ]
2020-09-17T10:26:22.631986570Z  INFO  2020-09-17 10:26:22,631 [shard 2] compaction - Compacted 2 sstables to [/var/lib/scylla/data/system/clients-ca0f635d863036098d93a1fc06f2a5e5/mc-14-big-Data.db:level=0, ]. 47834 bytes to 6035 (~12% of original) in 358ms = 0.02MB/s. ~256 total partitions merged to 1.
2020-09-17T10:26:26.373047059Z  INFO  2020-09-17 10:26:26,372 [shard 2] compaction - Compacting [/var/lib/scylla/data/system/clients-ca0f635d863036098d93a1fc06f2a5e5/mc-14-big-Data.db:level=0, /var/lib/scylla/data/system/clients-ca0f635d863036098d93a1fc06f2a5e5/mc-18-big-Data.db:level=0, ]
2020-09-17T10:26:26.858259424Z  INFO  2020-09-17 10:26:26,857 [shard 2] compaction - Compacted 2 sstables to [/var/lib/scylla/data/system/clients-ca0f635d863036098d93a1fc06f2a5e5/mc-22-big-Data.db:level=0, ]. 29992 bytes to 6080 (~20% of original) in 355ms = 0.02MB/s. ~256 total partitions merged to 1.
2020-09-17T10:26:29.875720235Z  INFO  2020-09-17 10:26:29,875 [shard 2] compaction - Compacting [/var/lib/scylla/data/system/clients-ca0f635d863036098d93a1fc06f2a5e5/mc-22-big-Data.db:level=0, /var/lib/scylla/data/system/clients-ca0f635d863036098d93a1fc06f2a5e5/mc-26-big-Data.db:level=0, ]
2020-09-17T10:26:30.337830735Z  INFO  2020-09-17 10:26:30,337 [shard 2] compaction - Compacted 2 sstables to [/var/lib/scylla/data/system/clients-ca0f635d863036098d93a1fc06f2a5e5/mc-30-big-Data.db:level=0, ]. 29991 bytes to 7443 (~24% of original) in 355ms = 0.02MB/s. ~256 total partitions merged to 1.
2020-09-17T10:26:33.712985858Z  INFO  2020-09-17 10:26:33,712 [shard 2] compaction - Compacting [/var/lib/scylla/data/system/clients-ca0f635d863036098d93a1fc06f2a5e5/mc-30-big-Data.db:level=0, /var/lib/scylla/data/system/clients-ca0f635d863036098d93a1fc06f2a5e5/mc-34-big-Data.db:level=0, ]
2020-09-17T10:26:34.135279032Z  INFO  2020-09-17 10:26:34,134 [shard 2] compaction - Compacted 2 sstables to [/var/lib/scylla/data/system/clients-ca0f635d863036098d93a1fc06f2a5e5/mc-38-big-Data.db:level=0, ]. 31518 bytes to 7135 (~22% of original) in 329ms = 0.02MB/s. ~256 total partitions merged to 1.
2020-09-17T10:26:38.134214671Z  INFO  2020-09-17 10:26:38,133 [shard 2] compaction - Compacting [/var/lib/scylla/data/system/clients-ca0f635d863036098d93a1fc06f2a5e5/mc-38-big-Data.db:level=0, /var/lib/scylla/data/system/clients-ca0f635d863036098d93a1fc06f2a5e5/mc-42-big-Data.db:level=0, ]
2020-09-17T10:26:38.573766593Z  INFO  2020-09-17 10:26:38,572 [shard 2] compaction - Compacted 2 sstables to [/var/lib/scylla/data/system/clients-ca0f635d863036098d93a1fc06f2a5e5/mc-46-big-Data.db:level=0, ]. 31126 bytes to 6026 (~19% of original) in 363ms = 0.02MB/s. ~256 total partitions merged to 1.
2020-09-17T10:26:43.093446338Z  INFO  2020-09-17 10:26:43,092 [shard 2] compaction - Compacting [/var/lib/scylla/data/system/clients-ca0f635d863036098d93a1fc06f2a5e5/mc-46-big-Data.db:level=0, /var/lib/scylla/data/system/clients-ca0f635d863036098d93a1fc06f2a5e5/mc-50-big-Data.db:level=0, ]
2020-09-17T10:26:43.959504085Z  INFO  2020-09-17 10:26:43,958 [shard 2] compaction - Compacted 2 sstables to [/var/lib/scylla/data/system/clients-ca0f635d863036098d93a1fc06f2a5e5/mc-54-big-Data.db:level=0, ]. 30168 bytes to 6073 (~20% of original) in 546ms = 0.01MB/s. ~256 total partitions merged to 1.
2020-09-17T10:26:46.686359803Z  INFO  2020-09-17 10:26:46,685 [shard 2] compaction - Compacting [/var/lib/scylla/data/system/clients-ca0f635d863036098d93a1fc06f2a5e5/mc-54-big-Data.db:level=0, /var/lib/scylla/data/system/clients-ca0f635d863036098d93a1fc06f2a5e5/mc-58-big-Data.db:level=0, ]
2020-09-17T10:26:47.253886852Z  INFO  2020-09-17 10:26:47,253 [shard 2] compaction - Compacted 2 sstables to [/var/lib/scylla/data/system/clients-ca0f635d863036098d93a1fc06f2a5e5/mc-62-big-Data.db:level=0, ]. 30015 bytes to 6815 (~22% of original) in 432ms = 0.02MB/s. ~256 total partitions merged to 1.
