2020-09-12T20:39:53.845082911Z  running: (['/opt/scylladb/scripts/scylla_dev_mode_setup', '--developer-mode', '1'],)
2020-09-12T20:39:55.912198511Z  running: (['/opt/scylladb/scripts/scylla_io_setup'],)
2020-09-12T20:39:58.249682523Z  2020-09-12 20:39:58,248 CRIT Supervisor is running as root.  Privileges were not dropped because no user is specified in the config file.  If you intend to run as root, you can set user=root in the config file to avoid this message.
2020-09-12T20:39:58.249729110Z  2020-09-12 20:39:58,248 INFO Included extra file "/etc/supervisord.conf.d/node-exporter.conf" during parsing
2020-09-12T20:39:58.249742197Z  2020-09-12 20:39:58,248 INFO Included extra file "/etc/supervisord.conf.d/rsyslog.conf" during parsing
2020-09-12T20:39:58.249752650Z  2020-09-12 20:39:58,248 INFO Included extra file "/etc/supervisord.conf.d/scylla-housekeeping.conf" during parsing
2020-09-12T20:39:58.249762986Z  2020-09-12 20:39:58,248 INFO Included extra file "/etc/supervisord.conf.d/scylla-jmx.conf" during parsing
2020-09-12T20:39:58.249773136Z  2020-09-12 20:39:58,248 INFO Included extra file "/etc/supervisord.conf.d/scylla-server.conf" during parsing
2020-09-12T20:39:58.249783282Z  2020-09-12 20:39:58,248 INFO Included extra file "/etc/supervisord.conf.d/sshd-server.conf" during parsing
2020-09-12T20:39:58.314923405Z  2020-09-12 20:39:58,314 INFO RPC interface 'supervisor' initialized
2020-09-12T20:39:58.315585509Z  2020-09-12 20:39:58,315 CRIT Server 'inet_http_server' running without any HTTP authentication checking
2020-09-12T20:39:58.315801374Z  2020-09-12 20:39:58,315 INFO supervisord started with pid 25
2020-09-12T20:39:59.327145734Z  2020-09-12 20:39:59,318 INFO spawned: 'scylla' with pid 28
2020-09-12T20:39:59.327203059Z  2020-09-12 20:39:59,321 INFO spawned: 'scylla-housekeeping' with pid 29
2020-09-12T20:39:59.332724761Z  2020-09-12 20:39:59,331 INFO spawned: 'sshd' with pid 30
2020-09-12T20:39:59.343228457Z  2020-09-12 20:39:59,341 INFO spawned: 'scylla-jmx' with pid 31
2020-09-12T20:39:59.359206108Z  2020-09-12 20:39:59,357 INFO spawned: 'rsyslog' with pid 34
2020-09-12T20:39:59.361530798Z  2020-09-12 20:39:59,360 INFO spawned: 'node-exporter' with pid 35
2020-09-12T20:40:00.374700204Z  2020-09-12 20:40:00,374 INFO success: scylla entered RUNNING state, process has stayed up for > than 1 seconds (startsecs)
2020-09-12T20:40:00.375336014Z  2020-09-12 20:40:00,374 INFO success: scylla-housekeeping entered RUNNING state, process has stayed up for > than 1 seconds (startsecs)
2020-09-12T20:40:00.375704117Z  2020-09-12 20:40:00,375 INFO success: sshd entered RUNNING state, process has stayed up for > than 1 seconds (startsecs)
2020-09-12T20:40:00.376056302Z  2020-09-12 20:40:00,375 INFO success: scylla-jmx entered RUNNING state, process has stayed up for > than 1 seconds (startsecs)
2020-09-12T20:40:00.376299987Z  2020-09-12 20:40:00,376 INFO success: rsyslog entered RUNNING state, process has stayed up for > than 1 seconds (startsecs)
2020-09-12T20:40:00.376526949Z  2020-09-12 20:40:00,376 INFO success: node-exporter entered RUNNING state, process has stayed up for > than 1 seconds (startsecs)
2020-09-12T20:40:00.555501065Z  Generating public/private ed25519 key pair.
2020-09-12T20:40:00.555541907Z  Your identification has been saved in /etc/ssh/ssh_host_ed25519_key.
2020-09-12T20:40:00.555552795Z  Your public key has been saved in /etc/ssh/ssh_host_ed25519_key.pub.
2020-09-12T20:40:00.555562418Z  The key fingerprint is:
2020-09-12T20:40:00.555580000Z  SHA256:7jt0lVfA9dzrGEeqYu0SQhTLkOkvvVIlv+RC2qXAspo root@9d7b6352f032
2020-09-12T20:40:00.555590049Z  The key's randomart image is:
2020-09-12T20:40:00.555599056Z  +--[ED25519 256]--+
2020-09-12T20:40:00.555608019Z  |     .o..    ..o.|
2020-09-12T20:40:00.555616971Z  |     oo..     ..+|
2020-09-12T20:40:00.555625996Z  |    . .o     . o+|
2020-09-12T20:40:00.555635168Z  |     . o .  o + .|
2020-09-12T20:40:00.555644261Z  |    . + S  . + o |
2020-09-12T20:40:00.555653343Z  |   . + B.=o . =  |
2020-09-12T20:40:00.555664903Z  |    o B.O+oo . . |
2020-09-12T20:40:00.555673885Z  |  .. o *o+o      |
2020-09-12T20:40:00.555682716Z  | E.   . +o..     |
2020-09-12T20:40:00.555691806Z  +----[SHA256]-----+
2020-09-12T20:40:01.003279433Z  time="2020-09-12T20:40:00Z" level=info msg="Starting node_exporter (version=0.17.0, branch=HEAD, revision=f6f6194a436b9a63d0439abc585c76b19a206b21)" source="node_exporter.go:82"
2020-09-12T20:40:01.003326431Z  time="2020-09-12T20:40:01Z" level=info msg="Build context (go=go1.11.2, user=root@322511e06ced, date=20181130-15:51:33)" source="node_exporter.go:83"
2020-09-12T20:40:01.004230019Z  time="2020-09-12T20:40:01Z" level=info msg="Enabled collectors:" source="node_exporter.go:90"
2020-09-12T20:40:01.004250065Z  time="2020-09-12T20:40:01Z" level=info msg=" - arp" source="node_exporter.go:97"
2020-09-12T20:40:01.004573380Z  time="2020-09-12T20:40:01Z" level=info msg=" - bcache" source="node_exporter.go:97"
2020-09-12T20:40:01.004591985Z  time="2020-09-12T20:40:01Z" level=info msg=" - bonding" source="node_exporter.go:97"
2020-09-12T20:40:01.004602500Z  time="2020-09-12T20:40:01Z" level=info msg=" - conntrack" source="node_exporter.go:97"
2020-09-12T20:40:01.004612223Z  time="2020-09-12T20:40:01Z" level=info msg=" - cpu" source="node_exporter.go:97"
2020-09-12T20:40:01.004621882Z  time="2020-09-12T20:40:01Z" level=info msg=" - diskstats" source="node_exporter.go:97"
2020-09-12T20:40:01.004631372Z  time="2020-09-12T20:40:01Z" level=info msg=" - edac" source="node_exporter.go:97"
2020-09-12T20:40:01.004640848Z  time="2020-09-12T20:40:01Z" level=info msg=" - entropy" source="node_exporter.go:97"
2020-09-12T20:40:01.004650278Z  time="2020-09-12T20:40:01Z" level=info msg=" - filefd" source="node_exporter.go:97"
2020-09-12T20:40:01.004659648Z  time="2020-09-12T20:40:01Z" level=info msg=" - filesystem" source="node_exporter.go:97"
2020-09-12T20:40:01.004913234Z  time="2020-09-12T20:40:01Z" level=info msg=" - hwmon" source="node_exporter.go:97"
2020-09-12T20:40:01.004942311Z  time="2020-09-12T20:40:01Z" level=info msg=" - infiniband" source="node_exporter.go:97"
2020-09-12T20:40:01.004953502Z  time="2020-09-12T20:40:01Z" level=info msg=" - interrupts" source="node_exporter.go:97"
2020-09-12T20:40:01.004962750Z  time="2020-09-12T20:40:01Z" level=info msg=" - ipvs" source="node_exporter.go:97"
2020-09-12T20:40:01.004972119Z  time="2020-09-12T20:40:01Z" level=info msg=" - loadavg" source="node_exporter.go:97"
2020-09-12T20:40:01.004981334Z  time="2020-09-12T20:40:01Z" level=info msg=" - mdadm" source="node_exporter.go:97"
2020-09-12T20:40:01.004990636Z  time="2020-09-12T20:40:01Z" level=info msg=" - meminfo" source="node_exporter.go:97"
2020-09-12T20:40:01.005266314Z  time="2020-09-12T20:40:01Z" level=info msg=" - netclass" source="node_exporter.go:97"
2020-09-12T20:40:01.005283972Z  time="2020-09-12T20:40:01Z" level=info msg=" - netdev" source="node_exporter.go:97"
2020-09-12T20:40:01.005294023Z  time="2020-09-12T20:40:01Z" level=info msg=" - netstat" source="node_exporter.go:97"
2020-09-12T20:40:01.005601042Z  time="2020-09-12T20:40:01Z" level=info msg=" - nfs" source="node_exporter.go:97"
2020-09-12T20:40:01.005619696Z  time="2020-09-12T20:40:01Z" level=info msg=" - nfsd" source="node_exporter.go:97"
2020-09-12T20:40:01.005629709Z  time="2020-09-12T20:40:01Z" level=info msg=" - sockstat" source="node_exporter.go:97"
2020-09-12T20:40:01.005639058Z  time="2020-09-12T20:40:01Z" level=info msg=" - stat" source="node_exporter.go:97"
2020-09-12T20:40:01.005648567Z  time="2020-09-12T20:40:01Z" level=info msg=" - textfile" source="node_exporter.go:97"
2020-09-12T20:40:01.005657884Z  time="2020-09-12T20:40:01Z" level=info msg=" - time" source="node_exporter.go:97"
2020-09-12T20:40:01.005667205Z  time="2020-09-12T20:40:01Z" level=info msg=" - timex" source="node_exporter.go:97"
2020-09-12T20:40:01.005676536Z  time="2020-09-12T20:40:01Z" level=info msg=" - uname" source="node_exporter.go:97"
2020-09-12T20:40:01.005954434Z  time="2020-09-12T20:40:01Z" level=info msg=" - vmstat" source="node_exporter.go:97"
2020-09-12T20:40:01.005972421Z  time="2020-09-12T20:40:01Z" level=info msg=" - xfs" source="node_exporter.go:97"
2020-09-12T20:40:01.005982521Z  time="2020-09-12T20:40:01Z" level=info msg=" - zfs" source="node_exporter.go:97"
2020-09-12T20:40:01.005991943Z  time="2020-09-12T20:40:01Z" level=info msg="Listening on :9100" source="node_exporter.go:111"
2020-09-12T20:40:01.916208986Z  Generating public/private rsa key pair.
2020-09-12T20:40:01.916243386Z  Your identification has been saved in /etc/ssh/ssh_host_rsa_key.
2020-09-12T20:40:01.916253390Z  Your public key has been saved in /etc/ssh/ssh_host_rsa_key.pub.
2020-09-12T20:40:01.916262270Z  The key fingerprint is:
2020-09-12T20:40:01.916270833Z  SHA256:Os154AVK8xv99mAjXYDvkoVgtAyEpdFN0MBOKs6o5eA root@9d7b6352f032
2020-09-12T20:40:01.916279293Z  The key's randomart image is:
2020-09-12T20:40:01.916299149Z  +---[RSA 4096]----+
2020-09-12T20:40:01.916308515Z  |    .***o        |
2020-09-12T20:40:01.916316642Z  |    .o++o. .     |
2020-09-12T20:40:01.916324850Z  |    .+o * . .    |
2020-09-12T20:40:01.916333037Z  |  . ...= + o .   |
2020-09-12T20:40:01.916341109Z  | + .  . S + o .  |
2020-09-12T20:40:01.916349344Z  |o +    = * * .   |
2020-09-12T20:40:01.916357349Z  |o+    o * = O    |
2020-09-12T20:40:01.916365375Z  |.E.    . . = +   |
2020-09-12T20:40:01.916373400Z  |              .  |
2020-09-12T20:40:01.916381724Z  +----[SHA256]-----+
2020-09-12T20:40:02.898778367Z  Could not load host key: /etc/ssh/ssh_host_ecdsa_key
2020-09-12T20:40:07.702321864Z  Traceback (most recent call last):
2020-09-12T20:40:07.702371215Z    File "/opt/scylladb/scripts/libexec/scylla-housekeeping", line 208, in <module>
2020-09-12T20:40:07.702390234Z      args.func(args)
2020-09-12T20:40:07.702406010Z    File "/opt/scylladb/scripts/libexec/scylla-housekeeping", line 134, in check_version
2020-09-12T20:40:07.702421962Z      current_version = sanitize_version(get_api('/storage_service/scylla_release_version'))
2020-09-12T20:40:07.702437848Z    File "/opt/scylladb/scripts/libexec/scylla-housekeeping", line 93, in get_api
2020-09-12T20:40:07.702453342Z      return get_json_from_url("http://" + api_address + path)
2020-09-12T20:40:07.702468812Z    File "/opt/scylladb/scripts/libexec/scylla-housekeeping", line 88, in get_json_from_url
2020-09-12T20:40:07.702484129Z      raise RuntimeError(f'Failed to get "{path}" due to the following error: {retval}')
2020-09-12T20:40:07.702499495Z  RuntimeError: Failed to get "http://localhost:10000/storage_service/scylla_release_version" due to the following error: <urlopen error [Errno 99] Cannot assign requested address>
2020-09-12T20:40:07.840212302Z  Scylla version 4.1.6-0.20200831.6d9ff622df with build-id c2ed04d00095c63b7456b5fcda6775c5a9f33b0b starting ...
2020-09-12T20:40:07.840686205Z  command used: "/usr/bin/scylla --log-to-syslog 0 --log-to-stdout 1 --default-log-level info --network-stack posix --developer-mode=1 --overprovisioned --listen-address 10.0.8.6 --rpc-address 10.0.8.6 --seed-provider-parameters seeds=10.0.8.6 --blocked-reactor-notify-ms 999999999"
2020-09-12T20:40:07.840712841Z  parsed command line options: [log-to-syslog: 0, log-to-stdout: 1, default-log-level: info, network-stack: posix, developer-mode: 1, overprovisioned, listen-address: 10.0.8.6, rpc-address: 10.0.8.6, seed-provider-parameters: seeds=10.0.8.6, blocked-reactor-notify-ms: 999999999]
2020-09-12T20:40:08.021792026Z  WARN  2020-09-12 20:40:08,020 [shard 0] seastar - Unable to set SCHED_FIFO scheduling policy for timer thread; latency impact possible. Try adding CAP_SYS_NICE
2020-09-12T20:40:08.106741038Z  INFO  2020-09-12 20:40:08,104 [shard 0] init - installing SIGHUP handler
2020-09-12T20:40:08.130899545Z  INFO  2020-09-12 20:40:08,130 [shard 0] init - Scylla version 4.1.6-0.20200831.6d9ff622df with build-id c2ed04d00095c63b7456b5fcda6775c5a9f33b0b starting ...
2020-09-12T20:40:08.130971990Z  
2020-09-12T20:40:08.131975660Z  INFO  2020-09-12 20:40:08,131 [shard 0] init - starting prometheus API server
2020-09-12T20:40:08.144706919Z  INFO  2020-09-12 20:40:08,144 [shard 0] init - starting tokens manager
2020-09-12T20:40:08.146410941Z  INFO  2020-09-12 20:40:08,146 [shard 0] init - starting migration manager notifier
2020-09-12T20:40:08.147089175Z  INFO  2020-09-12 20:40:08,146 [shard 0] init - creating tracing
2020-09-12T20:40:08.147840375Z  INFO  2020-09-12 20:40:08,147 [shard 0] init - creating snitch
2020-09-12T20:40:08.148615497Z  INFO  2020-09-12 20:40:08,148 [shard 0] init - determining DNS name
2020-09-12T20:40:08.148635628Z  INFO  2020-09-12 20:40:08,148 [shard 0] init - starting API server
2020-09-12T20:40:08.151281629Z  INFO  2020-09-12 20:40:08,151 [shard 0] init - Scylla API server listening on 127.0.0.1:10000 ...
2020-09-12T20:40:08.154300314Z  INFO  2020-09-12 20:40:08,153 [shard 0] init - initializing storage service
2020-09-12T20:40:08.176149784Z  INFO  2020-09-12 20:40:08,175 [shard 0] init - starting per-shard database core
2020-09-12T20:40:08.185421199Z  WARN  2020-09-12 20:40:08,184 [shard 0] init - I/O Scheduler is not properly configured! This is a non-supported setup, and performance is expected to be unpredictably bad.
2020-09-12T20:40:08.185459725Z   Reason found: none of --max-io-requests, --io-properties and --io-properties-file are set.
2020-09-12T20:40:08.185477628Z  To properly configure the I/O Scheduler, run the scylla_io_setup utility shipped with Scylla.
2020-09-12T20:40:08.185493110Z  
2020-09-12T20:40:08.186583256Z  INFO  2020-09-12 20:40:08,186 [shard 0] init - creating and verifying directories
2020-09-12T20:40:09.926158871Z  INFO  2020-09-12 20:40:09,925 [shard 0] database - Populating Keyspace system_schema
2020-09-12T20:40:09.926184062Z  INFO  2020-09-12 20:40:09,925 [shard 0] database - Keyspace system_schema: Reading CF computed_columns id=cc7c7069-3740-33c1-92a4-c3de78dbd2c4 version=2b8c4439-de76-31e0-807f-3b7290a975d7
2020-09-12T20:40:09.926195044Z  INFO  2020-09-12 20:40:09,925 [shard 0] database - Keyspace system_schema: Reading CF view_virtual_columns id=08843b63-45dc-3be2-9798-a0418295cfaa version=c777531c-15f7-326f-8ebe-39fd0265c8c9
2020-09-12T20:40:09.926205021Z  INFO  2020-09-12 20:40:09,925 [shard 0] database - Keyspace system_schema: Reading CF dropped_columns id=5e7583b5-f3f4-3af1-9a39-b7e1d6f5f11f version=7426bc6c-4c2f-3200-8ad8-4329610ed59a
2020-09-12T20:40:09.926214629Z  INFO  2020-09-12 20:40:09,925 [shard 0] database - Keyspace system_schema: Reading CF indexes id=0feb57ac-311f-382f-ba6d-9024d305702f version=99c40462-8687-304e-abe3-2bdbef1f25aa
2020-09-12T20:40:09.926224202Z  INFO  2020-09-12 20:40:09,925 [shard 0] database - Keyspace system_schema: Reading CF functions id=96489b79-80be-3e14-a701-66a0b9159450 version=329ed804-55b3-3eee-ad61-d85317b96097
2020-09-12T20:40:09.926233867Z  INFO  2020-09-12 20:40:09,925 [shard 0] database - Keyspace system_schema: Reading CF columns id=24101c25-a2ae-3af7-87c1-b40ee1aca33f version=d33236d4-9bdd-3c09-abf0-a0bc5edc2526
2020-09-12T20:40:09.926243472Z  INFO  2020-09-12 20:40:09,925 [shard 0] database - Keyspace system_schema: Reading CF scylla_tables id=5d912ff1-f759-3665-b2c8-8042ab5103dd version=38e5e56b-155d-39b5-a0d2-8e5dcad42a26
2020-09-12T20:40:09.926267143Z  INFO  2020-09-12 20:40:09,925 [shard 0] database - Keyspace system_schema: Reading CF tables id=afddfb9d-bc1e-3068-8056-eed6c302ba09 version=b6240810-eeb7-36d5-9411-43b2d68dddab
2020-09-12T20:40:09.926277893Z  INFO  2020-09-12 20:40:09,925 [shard 0] database - Keyspace system_schema: Reading CF keyspaces id=abac5682-dea6-31c5-b535-b3d6cffd0fb6 version=e79ca8ba-6556-3f7d-925a-7f20cf57938c
2020-09-12T20:40:09.926287395Z  INFO  2020-09-12 20:40:09,925 [shard 0] database - Keyspace system_schema: Reading CF triggers id=4df70b66-6b05-3251-95a1-32b54005fd48 version=582d7071-1ef0-37c8-adc6-471a13636139
2020-09-12T20:40:09.926298104Z  INFO  2020-09-12 20:40:09,925 [shard 0] database - Keyspace system_schema: Reading CF views id=9786ac1c-dd58-3201-a7cd-ad556410c985 version=5b58bb47-96e7-3f57-accf-0bfca4dbbc6e
2020-09-12T20:40:09.926308049Z  INFO  2020-09-12 20:40:09,925 [shard 0] database - Keyspace system_schema: Reading CF types id=5a8b1ca8-6602-3f77-a045-9273d308917a version=de51b2ce-5e4d-3b7d-a75f-2204332ce8d1
2020-09-12T20:40:09.926317390Z  INFO  2020-09-12 20:40:09,925 [shard 0] database - Keyspace system_schema: Reading CF aggregates id=924c5587-2e3a-345b-b10c-12f37c1ba895 version=4b53e92c-0368-3d5c-b959-2ec1bfd1a59f
2020-09-12T20:40:13.210918252Z  Connecting to http://localhost:10000
2020-09-12T20:40:13.211760501Z  Starting the JMX server
2020-09-12T20:40:15.543406323Z  INFO  2020-09-12 20:40:15,542 [shard 0] database - Populating Keyspace system
2020-09-12T20:40:15.543461060Z  INFO  2020-09-12 20:40:15,542 [shard 0] database - Keyspace system: Reading CF schema_aggregates id=a5fc57fc-9d6c-3bfd-a3fc-01ad54686fea version=d06c934f-9a69-374c-86f1-523ab26fb05c
2020-09-12T20:40:15.543473984Z  INFO  2020-09-12 20:40:15,542 [shard 0] database - Keyspace system: Reading CF schema_triggers id=0359bc71-7123-3ee1-9a4a-b9dfb11fc125 version=75e4ec4c-76da-3f59-984e-66810ba0c62b
2020-09-12T20:40:15.543484107Z  INFO  2020-09-12 20:40:15,542 [shard 0] database - Keyspace system: Reading CF compaction_history id=b4dbb7b4-dc49-3fb5-b3bf-ce6e434832ca version=25cae56a-8d75-39f3-a146-3756ab4981c7
2020-09-12T20:40:15.544107037Z  INFO  2020-09-12 20:40:15,543 [shard 0] database - Keyspace system: Reading CF compactions_in_progress id=55080ab0-5d9c-3886-90a4-acb25fe1f77b version=540263f1-40db-3869-8a38-3baadedc222d
2020-09-12T20:40:15.544132545Z  INFO  2020-09-12 20:40:15,543 [shard 0] database - Keyspace system: Reading CF range_xfers id=55d76438-4e55-3f8b-9f6e-676d4af3976d version=dd15a078-409b-350d-9bef-c5f3520832d8
2020-09-12T20:40:15.544144489Z  INFO  2020-09-12 20:40:15,543 [shard 0] database - Keyspace system: Reading CF scylla_views_builds_in_progress id=a04c7bfd-1e13-36c9-a44d-f22da352281d version=e3fb736c-6956-3990-a31d-9a482279e3fc
2020-09-12T20:40:15.544155222Z  INFO  2020-09-12 20:40:15,543 [shard 0] database - Keyspace system: Reading CF IndexInfo id=9f5c6374-d485-3229-9a0a-5094af9ad1e3 version=bbb3743b-351f-3023-b4fc-09a9be37d529
2020-09-12T20:40:15.544165559Z  INFO  2020-09-12 20:40:15,543 [shard 0] database - Keyspace system: Reading CF cdc_local id=0bcaffd4-0c83-3ead-ad13-dc1d5015b77c version=0aa4d3a2-ed95-3ecd-aba0-cd75622ad290
2020-09-12T20:40:15.544175622Z  INFO  2020-09-12 20:40:15,543 [shard 0] database - Keyspace system: Reading CF schema_columnfamilies id=45f5b360-24bc-3f83-a363-1034ea4fa697 version=7f7a5fea-07b7-304d-a6f8-f7aec72cabdb
2020-09-12T20:40:15.544198476Z  INFO  2020-09-12 20:40:15,543 [shard 0] database - Keyspace system: Reading CF batchlog id=0290003c-977e-397c-ac3e-fdfdc01d626b version=e2a2e804-49e4-3597-9f16-39fd9475835c
2020-09-12T20:40:15.544209360Z  INFO  2020-09-12 20:40:15,543 [shard 0] database - Keyspace system: Reading CF schema_functions id=d1b675fe-2b50-3ca4-8e49-c0f81989dcad version=a50959dd-2be0-3e4e-8bb5-cf40796e256a
2020-09-12T20:40:15.544219536Z  INFO  2020-09-12 20:40:15,543 [shard 0] database - Keyspace system: Reading CF peer_events id=59dfeaea-8db2-3341-91ef-109974d81484 version=7f874a05-72b8-3c21-9acb-baa164fc351a
2020-09-12T20:40:15.544229412Z  INFO  2020-09-12 20:40:15,543 [shard 0] database - Keyspace system: Reading CF local id=7ad54392-bcdd-35a6-8417-4e047860b377 version=7fa82c2e-5b67-37dd-8e5e-2079e18f1536
2020-09-12T20:40:15.544239192Z  INFO  2020-09-12 20:40:15,543 [shard 0] database - Keyspace system: Reading CF clients id=ca0f635d-8630-3609-8d93-a1fc06f2a5e5 version=51273ebf-e6f9-3cd5-b455-ea09ad29796f
2020-09-12T20:40:15.544250660Z  INFO  2020-09-12 20:40:15,543 [shard 0] database - Keyspace system: Reading CF size_estimates id=618f817b-005f-3678-b8a4-53f3930b8e86 version=6d4dbcff-f05b-3dc3-95ad-f79f7b10504d
2020-09-12T20:40:15.544261043Z  INFO  2020-09-12 20:40:15,543 [shard 0] database - Keyspace system: Reading CF large_partitions id=8a7fe624-96b0-34b1-b90e-f71bddcdd2d3 version=04fa9920-9369-3a96-be39-6dd9fdc816b6
2020-09-12T20:40:15.544282039Z  INFO  2020-09-12 20:40:15,543 [shard 0] database - Keyspace system: Reading CF schema_columns id=296e9c04-9bec-3085-827d-c17d3df2122a version=53cfbb66-ee0d-37be-97bb-b2afb3746f85
2020-09-12T20:40:15.544291602Z  INFO  2020-09-12 20:40:15,543 [shard 0] database - Keyspace system: Reading CF built_views id=4b3c50a9-ea87-3d76-9101-6dbc9c38494a version=a28aa0b3-6def-30a7-9fbe-ce78b3f3c9b9
2020-09-12T20:40:15.544301084Z  INFO  2020-09-12 20:40:15,543 [shard 0] database - Keyspace system: Reading CF peers id=37f71aca-7dc2-383b-a706-72528af04d4f version=f6f6871f-8c86-3eca-ac0b-2a2e848e395d
2020-09-12T20:40:15.544310492Z  INFO  2020-09-12 20:40:15,543 [shard 0] database - Keyspace system: Reading CF hints id=2666e205-73ef-38b3-90fe-fecf96e8f0c7 version=0b74fdd1-e96d-309e-a14e-a5bcd7ac885d
2020-09-12T20:40:15.544320022Z  INFO  2020-09-12 20:40:15,543 [shard 0] database - Keyspace system: Reading CF large_rows id=40550f66-0858-39a0-9430-f27fc08034e9 version=aee3acb0-7926-317b-848e-db7bc3721695
2020-09-12T20:40:15.544329470Z  INFO  2020-09-12 20:40:15,543 [shard 0] database - Keyspace system: Reading CF large_cells id=ead8bbc5-f146-3ae1-9f71-0b11f9a1d296 version=0d4a6937-a781-3f87-a192-b4e4a4a40acf
2020-09-12T20:40:15.544339003Z  INFO  2020-09-12 20:40:15,543 [shard 0] database - Keyspace system: Reading CF scylla_local id=2972ec7f-fb20-38dd-aac1-d876f2e3fcbd version=5f0b407d-eedf-3845-a48e-dbb9673d10e1
2020-09-12T20:40:15.544348571Z  INFO  2020-09-12 20:40:15,543 [shard 0] database - Keyspace system: Reading CF views_builds_in_progress id=b7f2c108-78cd-3c80-9cd5-d609b2bd149c version=b905cce5-1474-3085-819a-7592453e2fb9
2020-09-12T20:40:15.544358069Z  INFO  2020-09-12 20:40:15,543 [shard 0] database - Keyspace system: Reading CF schema_usertypes id=3aa75225-4f82-350b-8d5c-430fa221fa0a version=3c53e6bb-56d5-3618-a0b2-4ff5f18127d7
2020-09-12T20:40:15.544383742Z  INFO  2020-09-12 20:40:15,543 [shard 0] database - Keyspace system: Reading CF sstable_activity id=5a1ff267-ace0-3f12-8563-cfae6103c65e version=bdec57a3-b234-334b-be9c-7b1f33113995
2020-09-12T20:40:15.544611671Z  INFO  2020-09-12 20:40:15,543 [shard 0] database - Keyspace system: Reading CF truncated id=38c19fd0-fb86-3310-a4b7-0d0cc66628aa version=6da9a85c-7ae0-3917-aead-54a2f65a57a8
2020-09-12T20:40:15.544630700Z  INFO  2020-09-12 20:40:15,543 [shard 0] database - Keyspace system: Reading CF paxos id=b7b7f0c2-fd0a-3410-8c05-3ef614bb7c2d version=6dd372de-72fb-3e1b-9b8c-f97738a67fe9
2020-09-12T20:40:15.544641313Z  INFO  2020-09-12 20:40:15,543 [shard 0] database - Keyspace system: Reading CF schema_keyspaces id=b0f22357-4458-3cdb-9631-c43e59ce3676 version=84d28cef-59f9-34a9-9be5-31c684997f03
2020-09-12T20:40:16.675359806Z  JMX is enabled to receive remote connections on port: 7199
2020-09-12T20:40:24.325293595Z  INFO  2020-09-12 20:40:24,324 [shard 0] init - starting gossip
2020-09-12T20:40:24.326014041Z  WARN  2020-09-12 20:40:24,325 [shard 0] init - Using default cluster name is not recommended. Using a unique cluster name will reduce the chance of adding nodes to the wrong cluster by mistake
2020-09-12T20:40:24.357578665Z  INFO  2020-09-12 20:40:24,357 [shard 0] init - starting storage proxy
2020-09-12T20:40:24.444475470Z  INFO  2020-09-12 20:40:24,444 [shard 0] init - creating hints manager
2020-09-12T20:40:24.459429027Z  INFO  2020-09-12 20:40:24,458 [shard 1] init - creating hints manager
2020-09-12T20:40:24.460582905Z  INFO  2020-09-12 20:40:24,460 [shard 0] init - starting migration manager
2020-09-12T20:40:24.461642852Z  INFO  2020-09-12 20:40:24,461 [shard 0] init - starting query processor
2020-09-12T20:40:24.485012533Z  INFO  2020-09-12 20:40:24,484 [shard 0] init - initializing batchlog manager
2020-09-12T20:40:24.896107333Z  INFO  2020-09-12 20:40:24,895 [shard 0] legacy_schema_migrator - Moving 0 keyspaces from legacy schema tables to the new schema keyspace (system_schema)
2020-09-12T20:40:24.896841450Z  INFO  2020-09-12 20:40:24,896 [shard 0] legacy_schema_migrator - Dropping legacy schema tables
2020-09-12T20:40:32.877064436Z  INFO  2020-09-12 20:40:32,876 [shard 0] legacy_schema_migrator - Completed migration of legacy schema tables
2020-09-12T20:40:32.938967229Z  INFO  2020-09-12 20:40:32,938 [shard 0] init - loading system sstables
2020-09-12T20:40:46.827256162Z  INFO  2020-09-12 20:40:46,826 [shard 0] init - loading non-system sstables
2020-09-12T20:40:52.973516031Z  INFO  2020-09-12 20:40:52,972 [shard 0] database - Populating Keyspace dt
2020-09-12T20:40:52.974064545Z  INFO  2020-09-12 20:40:52,973 [shard 0] database - Keyspace dt: Reading CF source_element_idx_index id=68593f10-d77b-11ea-9877-000000000001 version=33e3f927-f730-3081-88e1-6bed2962e42a
2020-09-12T20:40:52.974658006Z  INFO  2020-09-12 20:40:52,974 [shard 0] database - Keyspace dt: Reading CF element_twin_idx_index id=630ae8b0-d77b-11ea-9877-000000000001 version=bc3026fd-bc4e-318d-b6f4-ca0b566cb74b
2020-09-12T20:40:52.975273253Z  INFO  2020-09-12 20:40:52,974 [shard 0] database - Keyspace dt: Reading CF source id=65ff2270-d77b-11ea-9877-000000000001 version=5f8471b7-7d19-31d4-9be5-0f153affb0bb
2020-09-12T20:40:52.976053224Z  INFO  2020-09-12 20:40:52,975 [shard 0] database - Keyspace dt: Reading CF source_data id=6af6cd50-d77b-11ea-9877-000000000001 version=b52400e3-b307-3141-b3fc-e5d63573f135
2020-09-12T20:40:52.976669037Z  INFO  2020-09-12 20:40:52,975 [shard 0] database - Keyspace dt: Reading CF element id=607549b0-d77b-11ea-9877-000000000001 version=f44a6c4b-69d8-37f2-b116-7260740acc6c
2020-09-12T20:40:52.977290915Z  INFO  2020-09-12 20:40:52,976 [shard 0] database - Keyspace dt: Reading CF twin id=5e00c740-d77b-11ea-9877-000000000001 version=6240633e-c8cc-3fea-a1e3-452eff1b9659
2020-09-12T20:40:52.977788266Z  INFO  2020-09-12 20:40:52,977 [shard 0] database - Keyspace dt: Reading CF user id=5c294820-d77b-11ea-9877-000000000001 version=02cce273-02f1-3e6a-8674-f1016e3f22d7
2020-09-12T20:40:52.978482789Z  INFO  2020-09-12 20:40:52,977 [shard 0] database - Populating Keyspace system_distributed
2020-09-12T20:40:52.979175230Z  INFO  2020-09-12 20:40:52,978 [shard 0] database - Keyspace system_distributed: Reading CF view_build_status id=5582b59f-8e4e-35e1-b913-3acada51eb04 version=e0b6e628-60e0-39a2-ada0-9b6c13bdd9bc
2020-09-12T20:40:52.979215989Z  INFO  2020-09-12 20:40:52,978 [shard 0] database - Keyspace system_distributed: Reading CF cdc_generations id=6a4df139-00b6-3d21-9efc-dade266dc3b7 version=2511b46b-df1d-39fa-9a77-f5cacf88af47
2020-09-12T20:40:52.979292030Z  INFO  2020-09-12 20:40:52,978 [shard 0] database - Keyspace system_distributed: Reading CF cdc_streams id=07405732-4620-34d6-a85e-947248dad9a4 version=b606cfa4-a37b-32bd-a624-e05cab2bed3c
2020-09-12T20:40:52.980811116Z  INFO  2020-09-12 20:40:52,979 [shard 0] database - Populating Keyspace system_auth
2020-09-12T20:40:52.980878016Z  INFO  2020-09-12 20:40:52,979 [shard 0] database - Keyspace system_auth: Reading CF roles id=5bc52802-de25-35ed-aeab-188eecebb090 version=d8f599da-7544-3f57-aa58-b229deea93e0
2020-09-12T20:40:52.980888942Z  INFO  2020-09-12 20:40:52,979 [shard 0] database - Keyspace system_auth: Reading CF role_members id=0ecdaa87-f8fb-3e60-88d1-74fb36fe5c0d version=2923b5bb-f2f8-36e8-9e73-19019900010c
2020-09-12T20:40:52.980898561Z  INFO  2020-09-12 20:40:52,979 [shard 0] database - Populating Keyspace system_traces
2020-09-12T20:40:52.980907179Z  INFO  2020-09-12 20:40:52,979 [shard 0] database - Keyspace system_traces: Reading CF sessions id=c5e99f16-8677-3914-b17e-960613512345 version=e0fc4b06-6cba-3b7b-bfb6-b42a77c370a9
2020-09-12T20:40:52.980916444Z  INFO  2020-09-12 20:40:52,979 [shard 0] database - Keyspace system_traces: Reading CF node_slow_log_time_idx id=f9706768-aa1e-3d87-9e5c-51a3927c2870 version=eaffc0bb-7b2c-3b64-8924-d8ba685120bc
2020-09-12T20:40:52.980949246Z  INFO  2020-09-12 20:40:52,979 [shard 0] database - Keyspace system_traces: Reading CF sessions_time_idx id=0ebf001c-c1d1-3693-9a63-c3d96ac53318 version=cd5d1e5f-1f42-3b9d-a8ba-3af39d59a7d5
2020-09-12T20:40:52.980958875Z  INFO  2020-09-12 20:40:52,979 [shard 0] database - Keyspace system_traces: Reading CF events id=8826e8e9-e16a-3728-8753-3bc1fc713c25 version=41a6b26e-a03b-3ae1-8a4a-b9446e7f9304
2020-09-12T20:40:52.980967940Z  INFO  2020-09-12 20:40:52,979 [shard 0] database - Keyspace system_traces: Reading CF node_slow_log id=bfcc4e62-5b63-3aa1-a1c3-6f5e47f3325c version=23e7a411-8414-340f-854d-20a3a637e438
2020-09-12T20:41:04.383863570Z  INFO  2020-09-12 20:41:04,383 [shard 0] init - starting view update generator
2020-09-12T20:41:04.384756013Z  INFO  2020-09-12 20:41:04,384 [shard 0] init - discovering staging sstables
2020-09-12T20:41:04.385752010Z  INFO  2020-09-12 20:41:04,385 [shard 0] init - setting up system keyspace
2020-09-12T20:41:04.629194944Z  INFO  2020-09-12 20:41:04,628 [shard 0] init - starting commit log
2020-09-12T20:41:04.703824394Z  INFO  2020-09-12 20:41:04,703 [shard 0] compaction - Compacting [/var/lib/scylla/data/system/peers-37f71aca7dc2383ba70672528af04d4f/mc-29-big-Data.db:level=0, /var/lib/scylla/data/system/peers-37f71aca7dc2383ba70672528af04d4f/mc-30-big-Data.db:level=0, ]
2020-09-12T20:41:04.704514747Z  INFO  2020-09-12 20:41:04,703 [shard 0] compaction - Compacting [/var/lib/scylla/data/system/clients-ca0f635d863036098d93a1fc06f2a5e5/mc-45-big-Data.db:level=0, ]
2020-09-12T20:41:04.705297424Z  INFO  2020-09-12 20:41:04,704 [shard 1] compaction - Compacting [/var/lib/scylla/data/dt/source_data-6af6cd50d77b11ea9877000000000001/mc-76-big-Data.db:level=0, /var/lib/scylla/data/dt/source_data-6af6cd50d77b11ea9877000000000001/mc-75-big-Data.db:level=0, ]
2020-09-12T20:41:04.766535524Z  INFO  2020-09-12 20:41:04,765 [shard 0] compaction - Compacting [/var/lib/scylla/data/system/local-7ad54392bcdd35a684174e047860b377/mc-458-big-Data.db:level=0, /var/lib/scylla/data/system/local-7ad54392bcdd35a684174e047860b377/mc-456-big-Data.db:level=0, /var/lib/scylla/data/system/local-7ad54392bcdd35a684174e047860b377/mc-454-big-Data.db:level=0, /var/lib/scylla/data/system/local-7ad54392bcdd35a684174e047860b377/mc-453-big-Data.db:level=0, ]
2020-09-12T20:41:04.767267015Z  INFO  2020-09-12 20:41:04,766 [shard 0] init - initializing migration manager RPC verbs
2020-09-12T20:41:04.847746630Z  INFO  2020-09-12 20:41:04,847 [shard 0] init - initializing storage proxy RPC verbs
2020-09-12T20:41:04.848423540Z  INFO  2020-09-12 20:41:04,847 [shard 0] init - starting streaming service
2020-09-12T20:41:04.850796385Z  INFO  2020-09-12 20:41:04,850 [shard 0] init - starting hinted handoff manager
2020-09-12T20:41:07.174519255Z  INFO  2020-09-12 20:41:07,174 [shard 0] compaction - Compacted 2 sstables to []. 10953 bytes to 0 (~0% of original) in 2ms = 0.00MB/s. ~256 total partitions merged to 0.
2020-09-12T20:41:07.255585342Z  INFO  2020-09-12 20:41:07,254 [shard 0] compaction - Compacted 1 sstables to []. 9588 bytes to 0 (~0% of original) in 61ms = 0.00MB/s. ~128 total partitions merged to 0.
2020-09-12T20:41:07.359244349Z  INFO  2020-09-12 20:41:07,358 [shard 0] init - starting messaging service
2020-09-12T20:41:07.360401745Z  INFO  2020-09-12 20:41:07,359 [shard 0] repair - Setting max_repair_memory=126248550, max_repair_memory_per_range=33554432, max_repair_ranges_in_parallel=3
2020-09-12T20:41:07.379055796Z  INFO  2020-09-12 20:41:07,378 [shard 0] init - starting storage service
2020-09-12T20:41:07.495401319Z  INFO  2020-09-12 20:41:07,494 [shard 0] storage_service - Loading persisted ring state
2020-09-12T20:41:07.498193219Z  INFO  2020-09-12 20:41:07,497 [shard 0] storage_service - loaded_peer_features: peer_features size=0
2020-09-12T20:41:07.521522010Z  INFO  2020-09-12 20:41:07,520 [shard 0] storage_service - Checking remote features skipped, since this node is a new seed node which knows nothing about the cluster
2020-09-12T20:41:07.523508236Z  INFO  2020-09-12 20:41:07,522 [shard 0] storage_service - Restarting a node in NORMAL status
2020-09-12T20:41:07.632709241Z  INFO  2020-09-12 20:41:07,632 [shard 0] compaction - Resharding [/var/lib/scylla/data/system_schema/dropped_columns-5e7583b5f3f43af19a39b7e1d6f5f11f/mc-148-big-Data.db:level=0, ]
2020-09-12T20:41:07.972443996Z  INFO  2020-09-12 20:41:07,971 [shard 0] database - Schema version changed to 3f00f995-6495-3765-8599-4e76a2f4c6b2
2020-09-12T20:41:07.973349059Z  INFO  2020-09-12 20:41:07,972 [shard 0] storage_service - Starting up server gossip
2020-09-12T20:41:08.448894344Z  INFO  2020-09-12 20:41:08,448 [shard 1] compaction - Compacted 2 sstables to [/var/lib/scylla/data/dt/source_data-6af6cd50d77b11ea9877000000000001/mc-79-big-Data.db:level=0, ]. 1409949 bytes to 1405197 (~99% of original) in 2471ms = 0.54MB/s. ~256 total partitions merged to 1.
2020-09-12T20:41:12.226007799Z  INFO  2020-09-12 20:41:12,225 [shard 0] compaction - Compacted 4 sstables to [/var/lib/scylla/data/system/local-7ad54392bcdd35a684174e047860b377/mc-460-big-Data.db:level=0, ]. 30542 bytes to 12595 (~41% of original) in 5115ms = 0.00MB/s. ~512 total partitions merged to 1.
2020-09-12T20:41:13.609244273Z  INFO  2020-09-12 20:41:13,608 [shard 0] messaging_service - Starting Messaging Service on port 7000
2020-09-12T20:41:13.609507946Z  INFO  2020-09-12 20:41:13,608 [shard 0] compaction - Compacting [/var/lib/scylla/data/system/local-7ad54392bcdd35a684174e047860b377/mc-462-big-Data.db:level=0, /var/lib/scylla/data/system/local-7ad54392bcdd35a684174e047860b377/mc-460-big-Data.db:level=0, ]
2020-09-12T20:41:13.637026521Z  INFO  2020-09-12 20:41:13,636 [shard 0] compaction - Resharded 1 sstables to [/var/lib/scylla/data/system_schema/dropped_columns-5e7583b5f3f43af19a39b7e1d6f5f11f/mc-151-big-Data.db:level=0, ]. 5355 bytes to 39219 (~732% of original) in 6004ms = 0.01MB/s. ~128 total partitions merged to 2.
2020-09-12T20:41:13.638711962Z  INFO  2020-09-12 20:41:13,638 [shard 1] compaction - Compacting [/var/lib/scylla/data/system_schema/dropped_columns-5e7583b5f3f43af19a39b7e1d6f5f11f/mc-147-big-Data.db:level=0, /var/lib/scylla/data/system_schema/dropped_columns-5e7583b5f3f43af19a39b7e1d6f5f11f/mc-151-big-Data.db:level=0, ]
2020-09-12T20:41:15.554962494Z  INFO  2020-09-12 20:41:15,554 [shard 0] compaction - Resharding [/var/lib/scylla/data/system_schema/view_virtual_columns-08843b6345dc3be29798a0418295cfaa/mc-90-big-Data.db:level=0, ]
2020-09-12T20:41:15.555044868Z  INFO  2020-09-12 20:41:15,554 [shard 0] compaction - Resharded 1 sstables to []. 5342 bytes to 0 (~0% of original) in 0ms = 0.00MB/s. ~128 total partitions merged to 0.
2020-09-12T20:41:16.648232647Z  INFO  2020-09-12 20:41:16,647 [shard 0] compaction - Resharding [/var/lib/scylla/data/system_schema/functions-96489b7980be3e14a70166a0b9159450/mc-81-big-Data.db:level=0, ]
2020-09-12T20:41:16.648280607Z  INFO  2020-09-12 20:41:16,647 [shard 0] compaction - Resharded 1 sstables to []. 5523 bytes to 0 (~0% of original) in 0ms = 0.00MB/s. ~128 total partitions merged to 0.
2020-09-12T20:41:16.949334434Z  INFO  2020-09-12 20:41:16,948 [shard 1] compaction - Compacted 2 sstables to [/var/lib/scylla/data/system_schema/dropped_columns-5e7583b5f3f43af19a39b7e1d6f5f11f/mc-153-big-Data.db:level=0, ]. 44837 bytes to 5615 (~12% of original) in 2357ms = 0.00MB/s. ~256 total partitions merged to 1.
2020-09-12T20:41:18.332528570Z  INFO  2020-09-12 20:41:18,331 [shard 0] compaction - Resharding [/var/lib/scylla/data/system/compaction_history-b4dbb7b4dc493fb5b3bfce6e434832ca/mc-115-big-Data.db:level=0, ]
2020-09-12T20:41:19.195068320Z  INFO  2020-09-12 20:41:19,194 [shard 0] compaction - Compacted 2 sstables to [/var/lib/scylla/data/system/local-7ad54392bcdd35a684174e047860b377/mc-464-big-Data.db:level=0, ]. 19203 bytes to 12273 (~63% of original) in 4179ms = 0.00MB/s. ~256 total partitions merged to 1.
2020-09-12T20:41:21.608979442Z  INFO  2020-09-12 20:41:21,607 [shard 0] compaction - Resharded 1 sstables to [/var/lib/scylla/data/system/compaction_history-b4dbb7b4dc493fb5b3bfce6e434832ca/mc-117-big-Data.db:level=0, /var/lib/scylla/data/system/compaction_history-b4dbb7b4dc493fb5b3bfce6e434832ca/mc-116-big-Data.db:level=0, ]. 9249 bytes to 176337 (~1906% of original) in 3276ms = 0.05MB/s. ~128 total partitions merged to 42.
2020-09-12T20:41:22.122329504Z  INFO  2020-09-12 20:41:22,121 [shard 1] compaction - Resharding [/var/lib/scylla/data/system_schema/columns-24101c25a2ae3af787c1b40ee1aca33f/mc-150-big-Data.db:level=0, ]
2020-09-12T20:41:22.285596163Z  INFO  2020-09-12 20:41:22,284 [shard 0] compaction - Resharding [/var/lib/scylla/data/system_schema/columns-24101c25a2ae3af787c1b40ee1aca33f/mc-149-big-Data.db:level=0, ]
2020-09-12T20:41:24.375080364Z  INFO  2020-09-12 20:41:24,374 [shard 1] compaction - Resharded 1 sstables to [/var/lib/scylla/data/system_schema/columns-24101c25a2ae3af787c1b40ee1aca33f/mc-153-big-Data.db:level=0, ]. 11791 bytes to 45655 (~387% of original) in 2252ms = 0.02MB/s. ~128 total partitions merged to 2.
2020-09-12T20:41:24.595507630Z  INFO  2020-09-12 20:41:24,594 [shard 0] compaction - Resharded 1 sstables to [/var/lib/scylla/data/system_schema/columns-24101c25a2ae3af787c1b40ee1aca33f/mc-155-big-Data.db:level=0, ]. 17085 bytes to 72462 (~424% of original) in 2310ms = 0.03MB/s. ~128 total partitions merged to 6.
2020-09-12T20:41:25.074687120Z  INFO  2020-09-12 20:41:25,073 [shard 1] compaction - Compacting [/var/lib/scylla/data/system_schema/columns-24101c25a2ae3af787c1b40ee1aca33f/mc-153-big-Data.db:level=0, /var/lib/scylla/data/system_schema/columns-24101c25a2ae3af787c1b40ee1aca33f/mc-155-big-Data.db:level=0, ]
2020-09-12T20:41:25.637905217Z  INFO  2020-09-12 20:41:25,637 [shard 0] gossip - No gossip backlog; proceeding
2020-09-12T20:41:25.639202490Z  INFO  2020-09-12 20:41:25,638 [shard 0] features - Feature COMPUTED_COLUMNS is enabled
2020-09-12T20:41:25.639281970Z  INFO  2020-09-12 20:41:25,638 [shard 0] features - Feature CORRECT_COUNTER_ORDER is enabled
2020-09-12T20:41:25.639304384Z  INFO  2020-09-12 20:41:25,638 [shard 0] features - Feature CORRECT_NON_COMPOUND_RANGE_TOMBSTONES is enabled
2020-09-12T20:41:25.639322787Z  INFO  2020-09-12 20:41:25,638 [shard 0] features - Feature CORRECT_STATIC_COMPACT_IN_MC is enabled
2020-09-12T20:41:25.639827005Z  INFO  2020-09-12 20:41:25,638 [shard 0] features - Feature COUNTERS is enabled
2020-09-12T20:41:25.639857888Z  INFO  2020-09-12 20:41:25,638 [shard 0] features - Feature DIGEST_INSENSITIVE_TO_EXPIRY is enabled
2020-09-12T20:41:25.640340013Z  INFO  2020-09-12 20:41:25,638 [shard 0] features - Feature DIGEST_MULTIPARTITION_READ is enabled
2020-09-12T20:41:25.640400543Z  INFO  2020-09-12 20:41:25,638 [shard 0] features - Feature HINTED_HANDOFF_SEPARATE_CONNECTION is enabled
2020-09-12T20:41:25.640421887Z  INFO  2020-09-12 20:41:25,638 [shard 0] features - Feature INDEXES is enabled
2020-09-12T20:41:25.640440020Z  INFO  2020-09-12 20:41:25,638 [shard 0] features - Feature LARGE_PARTITIONS is enabled
2020-09-12T20:41:25.640482549Z  INFO  2020-09-12 20:41:25,639 [shard 0] features - Feature LWT is enabled
2020-09-12T20:41:25.641478223Z  INFO  2020-09-12 20:41:25,640 [shard 0] features - Feature MATERIALIZED_VIEWS is enabled
2020-09-12T20:41:25.642467020Z  INFO  2020-09-12 20:41:25,641 [shard 0] features - Feature MC_SSTABLE_FORMAT is enabled
2020-09-12T20:41:25.643280225Z  INFO  2020-09-12 20:41:25,642 [shard 0] features - Feature NONFROZEN_UDTS is enabled
2020-09-12T20:41:25.643319440Z  INFO  2020-09-12 20:41:25,642 [shard 0] features - Feature PER_TABLE_PARTITIONERS is enabled
2020-09-12T20:41:25.644015765Z  INFO  2020-09-12 20:41:25,642 [shard 0] features - Feature RANGE_TOMBSTONES is enabled
2020-09-12T20:41:25.644049908Z  INFO  2020-09-12 20:41:25,642 [shard 0] features - Feature ROLES is enabled
2020-09-12T20:41:25.644069678Z  INFO  2020-09-12 20:41:25,642 [shard 0] features - Feature ROW_LEVEL_REPAIR is enabled
2020-09-12T20:41:25.644087245Z  INFO  2020-09-12 20:41:25,642 [shard 0] features - Feature SCHEMA_TABLES_V3 is enabled
2020-09-12T20:41:25.644104660Z  INFO  2020-09-12 20:41:25,643 [shard 0] features - Feature STREAM_WITH_RPC_STREAM is enabled
2020-09-12T20:41:25.644151494Z  INFO  2020-09-12 20:41:25,643 [shard 0] features - Feature TRUNCATION_TABLE is enabled
2020-09-12T20:41:25.644171974Z  INFO  2020-09-12 20:41:25,643 [shard 0] system_keyspace - Got cluster agreement on truncation table feature. Removing legacy records.
2020-09-12T20:41:25.644189808Z  INFO  2020-09-12 20:41:25,643 [shard 0] features - Feature UNBOUNDED_RANGE_TOMBSTONES is enabled
2020-09-12T20:41:25.644793457Z  INFO  2020-09-12 20:41:25,643 [shard 0] features - Feature VIEW_VIRTUAL_COLUMNS is enabled
2020-09-12T20:41:25.644819285Z  INFO  2020-09-12 20:41:25,643 [shard 0] features - Feature WRITE_FAILURE_REPLY is enabled
2020-09-12T20:41:25.644833206Z  INFO  2020-09-12 20:41:25,643 [shard 0] features - Feature XXHASH is enabled
2020-09-12T20:41:25.646122128Z  INFO  2020-09-12 20:41:25,645 [shard 0] system_keyspace - Legacy records deleted.
2020-09-12T20:41:25.648217488Z  INFO  2020-09-12 20:41:25,647 [shard 0] init - starting system distributed keyspace
2020-09-12T20:41:25.781075048Z  INFO  2020-09-12 20:41:25,780 [shard 0] storage_service - Using saved tokens {943448605036726745, 9061580907506437136, 8957018461898327244, 8813999419995718088, 8775859223532977932, 873311388414975666, 8707696313600310498, 8675978575875245837, 855031166620283245, 8476533345381470087, 8413544620893079714, 8382283044476755854, 7804258889026263620, 778239093056833917, 7732629563319678675, 7564694057214588647, 747840302865059114, 7255484784972643852, 700944770677405149, 7009081579420542256, 7354219953741161264, 6974970471767945112, 6788034976878782500, 667581605220131528, 6496091893897576732, 6478032244021912394, 6420907855788431922, 8777890816944145805, 6381418245203458391, 6358173612251239308, 6302443190184390149, 6115776390551923703, 5906838239532612246, 5890706123786165213, 588034934972968299, 5848278814186320030, 5834675951458569055, 5796254206948921528, -6441145814158460549, 7172238068082229918, -6238625478980828395, -6199824488038647909, -572473923349256348, -5526097868254533829, -5508289632699420366, -6338043935148530859, 4738411181964629022, -5411685484465544274, 5103660925946342563, -5360532551957069796, -5246840897237646542, -8953406550820932827, -511676141100664160, -4872163430844150374, 5153854518462400651, -4829128129506020031, 6818717460470417221, -4735496583611878200, -7913213531410876291, -8612347190400988175, 3361838207769500988, -4770694758141334815, 3533570692245755170, -3014142033706378490, -6648258355715071793, 105268539462240253, 6448269612184381105, 3941245744356891698, -4925670906471950289, -6853270293933441203, -431455211546220291, -4106310081010891923, -4280461110562472301, -4231054370802445643, 4453520694484038438, -5140544052953576706, -7341700934491837716, -4177024142024341044, -2365586676906010085, -4368295386640868227, -6779834804380741154, 7103497347382660592, -471701403720839764, -2187125227394891465, -1593748153114868683, 8325613099551670589, -6017078328443447975, 408961909545308462, -3256341547923989103, 1911454556365012923, -2135119982021577211, -6104126434670973331, -1614584707908969492, -5285270377043925775, 194223785007163967, 3556932048290112968, 4378909036113166689, -2319706609635128471, 782580883702972777, -3880555618453256762, -2879534723161185431, 7469085752185829039, -8001902308657073600, -1522914538603683793, 784130423392421222, -3409621329811667263, -5136236598692180863, -2640475812391264528, 3907413558358164712, -2166731983266837511, -8529251962487546573, -5228242602708342126, -6263078841153087564, -1295419475388780424, 5311755414232655734, -4113405879925637368, 2104079815049743807, -105211415949921556, -1004253484774030395, -6093280019772326743, -1363472444035739717, 7772390126184307669, 3373616921334842984, -3428624778218969630, -4475005699924690030, -1207620414022812792, -4203952547861361192, -4895652206680369668, 5569071124009844993, -2800260328053956713, 1033733984444816800, -1761718599052329021, -6249520955674807415, -6810383749951706976, -2391018463907211455, -3729138346528579520, -3942245253345029362, -1032698423218536378, 2233495137371904435, -1970747149103226319, 2531294222158762011, 4445989245037378795, -2648919406212884980, 800062458669145892, -6586482614645135705, -8855822008500182327, -2076430708060394350, -6127879535600466936, 5017042126534426855, -6767019288334108993, -6985294397658573838, -2605645373691895986, 2542018259596577135, -2699231837109027988, -9132047842757487932, 9066588519930559993, -4601858807243735115, 1470306277250886071, 1688077838521597411, -2700796200994103492, -5656441245782528349, 3822141065635310082, -4415280594152455372, -1709100826419756065, -2732234699235264563, -3101294897153501639, 6933997554702494562, -4541237399207364623, 1251119865371637993, -3280527161887251879, -4007868363884276055, -4134923634748466107, -5595342098352848506, 533209426647054698, 285540986842976874, -4193553788022177878, -7111183380354176443, 7880345233810794046, -7190282066974323895, -7232953798633244985, -7512330892235471280, -889434854029329118, 9122882257136270100, 3909145942678699742, 2870638580126821409, -2685359252619347507, 4540975434217357056, 1912522665107890116, -1474028219808469861, -7767361191227918078, -8495384334141326469, -8024675672634848221, -8352632933072691056, -1084614158625469139, -8372022353883945178, -1171738939209168407, -8485257529464526975, -8549013321787275289, -7405825010257289618, -8694753427154041557, -9173155356561330710, -3164480873853500968, 1172299952227812636, 1535311813904826318, 156312151312654313, 2050968450175517454, 1018091569669202328, 1574734081023094222, 214428871588027420, -5095673126210616552, 2431756818088451524, -1208769590907790735, 3022913469242457337, 2609254198811139442, 5396954320704971060, 284028081363756156, -184157634332906914, 2879924223908633556, 3014475854062098037, 8280511155447462154, 3058186759042775792, 3100842289958262644, -769344519844763244, 3287699046743316011, 7743526815996532326, -7148146405116016542, 352278596429886466, 3606629961194077343, 3840184102447470012, -4623422606623793434, 3924960423780627192, 4660022660859336370, 5401470720317959250, 3979649323160207298, 4037379789709069307, 790424663468033093, 5150907166433009570, 4083460330442256183, 4262233236239091105, 4461207940793579131, 7222389702734437292, 4497639963855891379, 5935809959838255935, 525652295242460822, -9210810031089136649, 3145063885579200582, 5102381975608989830, 5104799485589097680, -467985751191813914, 5122450296475986719, 5256736089695841171, 5341717901052361821, 5441044328235651423, 5661405961885371428, -6303682351633097607, 5704999654143823990}
2020-09-12T20:41:25.898216180Z  INFO  2020-09-12 20:41:25,897 [shard 0] database - Schema version changed to e1b2d478-e5f2-30c4-b994-d93919918df3
2020-09-12T20:41:25.898734201Z  INFO  2020-09-12 20:41:25,898 [shard 0] database - Schema version changed to 0e03d198-385b-3f36-8c34-c3f5846bbbac
2020-09-12T20:41:25.899602203Z  INFO  2020-09-12 20:41:25,899 [shard 0] database - Schema version changed to e1b2d478-e5f2-30c4-b994-d93919918df3
2020-09-12T20:41:26.733055986Z  INFO  2020-09-12 20:41:26,732 [shard 0] compaction - Resharding [/var/lib/scylla/data/dt/element-607549b0d77b11ea9877000000000001/mc-5-big-Data.db:level=0, ]
2020-09-12T20:41:28.573637053Z  INFO  2020-09-12 20:41:28,572 [shard 1] compaction - Compacted 2 sstables to [/var/lib/scylla/data/system_schema/columns-24101c25a2ae3af787c1b40ee1aca33f/mc-157-big-Data.db:level=0, ]. 118117 bytes to 72700 (~61% of original) in 2442ms = 0.03MB/s. ~256 total partitions merged to 6.
2020-09-12T20:41:30.958687736Z  INFO  2020-09-12 20:41:30,957 [shard 0] compaction - Compacting [/var/lib/scylla/data/system/local-7ad54392bcdd35a684174e047860b377/mc-466-big-Data.db:level=0, /var/lib/scylla/data/system/local-7ad54392bcdd35a684174e047860b377/mc-464-big-Data.db:level=0, ]
2020-09-12T20:41:30.964468242Z  INFO  2020-09-12 20:41:30,963 [shard 0] storage_service - Node 10.0.8.6 state jump to normal
2020-09-12T20:41:30.964533825Z  INFO  2020-09-12 20:41:30,963 [shard 0] storage_service - Remove node 10.0.8.6 from pending replacing endpoint
2020-09-12T20:41:32.804960797Z  INFO  2020-09-12 20:41:32,804 [shard 0] compaction - Resharded 1 sstables to [/var/lib/scylla/data/dt/element-607549b0d77b11ea9877000000000001/mc-6-big-Data.db:level=0, /var/lib/scylla/data/dt/element-607549b0d77b11ea9877000000000001/mc-7-big-Data.db:level=0, ]. 5648 bytes to 73177 (~1295% of original) in 6072ms = 0.01MB/s. ~128 total partitions merged to 5.
2020-09-12T20:41:35.394519336Z  INFO  2020-09-12 20:41:35,393 [shard 0] compaction - Resharding [/var/lib/scylla/data/system_schema/triggers-4df70b666b05325195a132b54005fd48/mc-81-big-Data.db:level=0, ]
2020-09-12T20:41:35.395202182Z  INFO  2020-09-12 20:41:35,394 [shard 0] compaction - Resharded 1 sstables to []. 5257 bytes to 0 (~0% of original) in 0ms = 0.00MB/s. ~128 total partitions merged to 0.
2020-09-12T20:41:35.720065160Z  INFO  2020-09-12 20:41:35,719 [shard 0] storage_service - NORMAL: node is now in normal status
2020-09-12T20:41:35.720931194Z  INFO  2020-09-12 20:41:35,719 [shard 0] cdc - No generation seen during startup.
2020-09-12T20:41:35.801585631Z  INFO  2020-09-12 20:41:35,801 [shard 0] init - starting tracing
2020-09-12T20:41:35.802019752Z  INFO  2020-09-12 20:41:35,801 [shard 0] storage_service - SSTable data integrity checker is disabled.
2020-09-12T20:41:35.802063054Z  INFO  2020-09-12 20:41:35,801 [shard 0] init - starting batchlog manager
2020-09-12T20:41:35.802073518Z  INFO  2020-09-12 20:41:35,801 [shard 0] init - starting load meter
2020-09-12T20:41:35.802082597Z  INFO  2020-09-12 20:41:35,801 [shard 0] init - starting cf cache hit rate calculator
2020-09-12T20:41:35.802104674Z  INFO  2020-09-12 20:41:35,801 [shard 0] init - starting view update backlog broker
2020-09-12T20:41:35.859519580Z  INFO  2020-09-12 20:41:35,858 [shard 0] init - Waiting for gossip to settle before accepting client requests...
2020-09-12T20:41:37.046342674Z  INFO  2020-09-12 20:41:37,045 [shard 0] compaction - Resharding [/var/lib/scylla/data/dt/source_element_idx_index-68593f10d77b11ea9877000000000001/mc-4-big-Data.db:level=0, ]
2020-09-12T20:41:38.575677112Z  INFO  2020-09-12 20:41:38,574 [shard 0] compaction - Compacted 2 sstables to [/var/lib/scylla/data/system/local-7ad54392bcdd35a684174e047860b377/mc-470-big-Data.db:level=0, ]. 18352 bytes to 12070 (~65% of original) in 5185ms = 0.00MB/s. ~256 total partitions merged to 1.
2020-09-12T20:41:38.578009611Z  INFO  2020-09-12 20:41:38,577 [shard 0] compaction - Compacting [/var/lib/scylla/data/system/local-7ad54392bcdd35a684174e047860b377/mc-468-big-Data.db:level=0, /var/lib/scylla/data/system/local-7ad54392bcdd35a684174e047860b377/mc-470-big-Data.db:level=0, ]
2020-09-12T20:41:42.642250646Z  INFO  2020-09-12 20:41:42,641 [shard 0] compaction - Resharded 1 sstables to [/var/lib/scylla/data/dt/source_element_idx_index-68593f10d77b11ea9877000000000001/mc-6-big-Data.db:level=0, /var/lib/scylla/data/dt/source_element_idx_index-68593f10d77b11ea9877000000000001/mc-7-big-Data.db:level=0, ]. 5927 bytes to 73261 (~1236% of original) in 5595ms = 0.01MB/s. ~128 total partitions merged to 5.
2020-09-12T20:41:43.346165008Z  INFO  2020-09-12 20:41:43,345 [shard 1] compaction - Resharding [/var/lib/scylla/data/system_schema/keyspaces-abac5682dea631c5b535b3d6cffd0fb6/mc-162-big-Data.db:level=0, ]
2020-09-12T20:41:43.474540027Z  INFO  2020-09-12 20:41:43,473 [shard 0] compaction - Compacted 2 sstables to [/var/lib/scylla/data/system/local-7ad54392bcdd35a684174e047860b377/mc-472-big-Data.db:level=0, ]. 18169 bytes to 12075 (~66% of original) in 4066ms = 0.00MB/s. ~256 total partitions merged to 1.
2020-09-12T20:41:43.562610773Z  INFO  2020-09-12 20:41:43,561 [shard 0] compaction - Resharding [/var/lib/scylla/data/system_schema/keyspaces-abac5682dea631c5b535b3d6cffd0fb6/mc-161-big-Data.db:level=0, ]
2020-09-12T20:41:44.176541286Z  INFO  2020-09-12 20:41:44,175 [shard 1] compaction - Resharded 1 sstables to [/var/lib/scylla/data/system_schema/keyspaces-abac5682dea631c5b535b3d6cffd0fb6/mc-165-big-Data.db:level=0, ]. 5311 bytes to 39175 (~737% of original) in 830ms = 0.05MB/s. ~128 total partitions merged to 2.
2020-09-12T20:41:44.289448874Z  INFO  2020-09-12 20:41:44,288 [shard 0] compaction - Resharded 1 sstables to [/var/lib/scylla/data/system_schema/keyspaces-abac5682dea631c5b535b3d6cffd0fb6/mc-167-big-Data.db:level=0, ]. 5832 bytes to 61209 (~1049% of original) in 726ms = 0.08MB/s. ~128 total partitions merged to 6.
2020-09-12T20:41:44.338561063Z  INFO  2020-09-12 20:41:44,337 [shard 1] compaction - Compacting [/var/lib/scylla/data/system_schema/keyspaces-abac5682dea631c5b535b3d6cffd0fb6/mc-165-big-Data.db:level=0, /var/lib/scylla/data/system_schema/keyspaces-abac5682dea631c5b535b3d6cffd0fb6/mc-167-big-Data.db:level=0, ]
2020-09-12T20:41:44.529688361Z  INFO  2020-09-12 20:41:44,529 [shard 0] compaction - Resharding [/var/lib/scylla/data/system_schema/indexes-0feb57ac311f382fba6d9024d305702f/mc-148-big-Data.db:level=0, ]
2020-09-12T20:41:44.530264949Z  INFO  2020-09-12 20:41:44,529 [shard 0] compaction - Resharded 1 sstables to []. 5303 bytes to 0 (~0% of original) in 0ms = 0.00MB/s. ~128 total partitions merged to 0.
2020-09-12T20:41:44.792519388Z  INFO  2020-09-12 20:41:44,792 [shard 0] compaction - Resharding [/var/lib/scylla/data/system_schema/types-5a8b1ca866023f77a0459273d308917a/mc-79-big-Data.db:level=0, ]
2020-09-12T20:41:44.792914683Z  INFO  2020-09-12 20:41:44,792 [shard 0] compaction - Resharded 1 sstables to []. 5318 bytes to 0 (~0% of original) in 0ms = 0.00MB/s. ~128 total partitions merged to 0.
2020-09-12T20:41:44.969420774Z  INFO  2020-09-12 20:41:44,968 [shard 1] compaction - Resharding [/var/lib/scylla/data/system_schema/tables-afddfb9dbc1e30688056eed6c302ba09/mc-144-big-Data.db:level=0, ]
2020-09-12T20:41:45.042708938Z  INFO  2020-09-12 20:41:45,042 [shard 0] compaction - Resharding [/var/lib/scylla/data/system_schema/tables-afddfb9dbc1e30688056eed6c302ba09/mc-143-big-Data.db:level=0, ]
2020-09-12T20:41:45.434067655Z  INFO  2020-09-12 20:41:45,433 [shard 1] compaction - Compacted 2 sstables to [/var/lib/scylla/data/system_schema/keyspaces-abac5682dea631c5b535b3d6cffd0fb6/mc-169-big-Data.db:level=0, ]. 100384 bytes to 61448 (~61% of original) in 631ms = 0.09MB/s. ~256 total partitions merged to 6.
2020-09-12T20:41:45.844206542Z  INFO  2020-09-12 20:41:45,843 [shard 0] compaction - Resharded 1 sstables to [/var/lib/scylla/data/system_schema/tables-afddfb9dbc1e30688056eed6c302ba09/mc-149-big-Data.db:level=0, ]. 13024 bytes to 68401 (~525% of original) in 801ms = 0.08MB/s. ~128 total partitions merged to 6.
2020-09-12T20:41:45.860843891Z  INFO  2020-09-12 20:41:45,860 [shard 1] compaction - Resharded 1 sstables to [/var/lib/scylla/data/system_schema/tables-afddfb9dbc1e30688056eed6c302ba09/mc-147-big-Data.db:level=0, ]. 9871 bytes to 43735 (~443% of original) in 892ms = 0.05MB/s. ~128 total partitions merged to 2.
2020-09-12T20:41:45.864051821Z  INFO  2020-09-12 20:41:45,863 [shard 1] compaction - Compacting [/var/lib/scylla/data/system_schema/tables-afddfb9dbc1e30688056eed6c302ba09/mc-147-big-Data.db:level=0, /var/lib/scylla/data/system_schema/tables-afddfb9dbc1e30688056eed6c302ba09/mc-149-big-Data.db:level=0, ]
2020-09-12T20:41:46.032756056Z  INFO  2020-09-12 20:41:46,032 [shard 0] compaction - Resharding [/var/lib/scylla/data/system_schema/scylla_tables-5d912ff1f7593665b2c88042ab5103dd/mc-141-big-Data.db:level=0, ]
2020-09-12T20:41:46.158614214Z  INFO  2020-09-12 20:41:46,157 [shard 1] compaction - Resharding [/var/lib/scylla/data/system_schema/scylla_tables-5d912ff1f7593665b2c88042ab5103dd/mc-142-big-Data.db:level=0, ]
2020-09-12T20:41:47.104744279Z  INFO  2020-09-12 20:41:47,103 [shard 0] compaction - Resharded 1 sstables to [/var/lib/scylla/data/system_schema/scylla_tables-5d912ff1f7593665b2c88042ab5103dd/mc-145-big-Data.db:level=0, ]. 6778 bytes to 40322 (~594% of original) in 1071ms = 0.04MB/s. ~128 total partitions merged to 2.
2020-09-12T20:41:47.461677907Z  INFO  2020-09-12 20:41:47,460 [shard 1] compaction - Resharded 1 sstables to [/var/lib/scylla/data/system_schema/scylla_tables-5d912ff1f7593665b2c88042ab5103dd/mc-147-big-Data.db:level=0, ]. 6486 bytes to 40350 (~622% of original) in 1301ms = 0.03MB/s. ~128 total partitions merged to 2.
2020-09-12T20:41:47.463610663Z  INFO  2020-09-12 20:41:47,462 [shard 1] compaction - Compacted 2 sstables to [/var/lib/scylla/data/system_schema/tables-afddfb9dbc1e30688056eed6c302ba09/mc-151-big-Data.db:level=0, ]. 112136 bytes to 68643 (~61% of original) in 1309ms = 0.05MB/s. ~256 total partitions merged to 6.
2020-09-12T20:41:47.465193220Z  INFO  2020-09-12 20:41:47,464 [shard 1] compaction - Compacting [/var/lib/scylla/data/system_schema/scylla_tables-5d912ff1f7593665b2c88042ab5103dd/mc-145-big-Data.db:level=0, /var/lib/scylla/data/system_schema/scylla_tables-5d912ff1f7593665b2c88042ab5103dd/mc-147-big-Data.db:level=0, ]
2020-09-12T20:41:47.471596377Z  INFO  2020-09-12 20:41:47,471 [shard 0] compaction - Resharding [/var/lib/scylla/data/system_schema/views-9786ac1cdd583201a7cdad556410c985/mc-84-big-Data.db:level=0, ]
2020-09-12T20:41:47.471619960Z  INFO  2020-09-12 20:41:47,471 [shard 0] compaction - Resharded 1 sstables to []. 6709 bytes to 0 (~0% of original) in 0ms = 0.00MB/s. ~128 total partitions merged to 0.
2020-09-12T20:41:47.675578483Z  INFO  2020-09-12 20:41:47,675 [shard 0] compaction - Resharding [/var/lib/scylla/data/system_schema/aggregates-924c55872e3a345bb10c12f37c1ba895/mc-75-big-Data.db:level=0, ]
2020-09-12T20:41:47.675624102Z  INFO  2020-09-12 20:41:47,675 [shard 0] compaction - Resharded 1 sstables to []. 5426 bytes to 0 (~0% of original) in 0ms = 0.00MB/s. ~128 total partitions merged to 0.
2020-09-12T20:41:47.861483078Z  INFO  2020-09-12 20:41:47,860 [shard 0] gossip - No gossip backlog; proceeding
2020-09-12T20:41:47.862201517Z  INFO  2020-09-12 20:41:47,861 [shard 0] init - allow replaying hints
2020-09-12T20:41:47.862238569Z  INFO  2020-09-12 20:41:47,861 [shard 0] init - Launching generate_mv_updates for non system tables
2020-09-12T20:41:47.862868813Z  INFO  2020-09-12 20:41:47,861 [shard 0] init - starting the view builder
2020-09-12T20:41:48.011839714Z  INFO  2020-09-12 20:41:48,011 [shard 0] compaction - Resharding [/var/lib/scylla/data/system/truncated-38c19fd0fb863310a4b70d0cc66628aa/mc-203-big-Data.db:level=0, ]
2020-09-12T20:41:48.728946657Z  INFO  2020-09-12 20:41:48,728 [shard 1] compaction - Compacted 2 sstables to [/var/lib/scylla/data/system_schema/scylla_tables-5d912ff1f7593665b2c88042ab5103dd/mc-149-big-Data.db:level=0, ]. 80672 bytes to 40569 (~50% of original) in 873ms = 0.04MB/s. ~256 total partitions merged to 2.
2020-09-12T20:41:49.000264200Z  INFO  2020-09-12 20:41:48,999 [shard 0] init - starting native transport
2020-09-12T20:41:49.001126321Z  INFO  2020-09-12 20:41:48,999 [shard 0] compaction - Compacting [/var/lib/scylla/data/system/truncated-38c19fd0fb863310a4b70d0cc66628aa/mc-206-big-Data.db:level=0, /var/lib/scylla/data/system/truncated-38c19fd0fb863310a4b70d0cc66628aa/mc-204-big-Data.db:level=0, ]
2020-09-12T20:41:49.002843665Z  INFO  2020-09-12 20:41:49,002 [shard 0] storage_service - Starting listening for CQL clients on 10.0.8.6:9042 (unencrypted)
2020-09-12T20:41:49.004879053Z  INFO  2020-09-12 20:41:49,004 [shard 0] storage_service - Thrift server listening on 10.0.8.6:9160 ...
2020-09-12T20:41:49.005651966Z  INFO  2020-09-12 20:41:49,005 [shard 0] init - serving
2020-09-12T20:41:49.005704923Z  INFO  2020-09-12 20:41:49,005 [shard 0] init - Scylla version 4.1.6-0.20200831.6d9ff622df initialization completed.
2020-09-12T20:41:49.096015756Z  INFO  2020-09-12 20:41:49,095 [shard 0] compaction - Resharded 1 sstables to [/var/lib/scylla/data/system/truncated-38c19fd0fb863310a4b70d0cc66628aa/mc-208-big-Data.db:level=0, /var/lib/scylla/data/system/truncated-38c19fd0fb863310a4b70d0cc66628aa/mc-207-big-Data.db:level=0, ]. 6087 bytes to 150485 (~2472% of original) in 1084ms = 0.13MB/s. ~128 total partitions merged to 9.
2020-09-12T20:41:49.100115605Z  INFO  2020-09-12 20:41:49,099 [shard 1] compaction - Compacting [/var/lib/scylla/data/system/truncated-38c19fd0fb863310a4b70d0cc66628aa/mc-205-big-Data.db:level=0, /var/lib/scylla/data/system/truncated-38c19fd0fb863310a4b70d0cc66628aa/mc-207-big-Data.db:level=0, ]
2020-09-12T20:41:50.617724593Z  INFO  2020-09-12 20:41:50,617 [shard 0] compaction - Resharding [/var/lib/scylla/data/system_schema/computed_columns-cc7c7069374033c192a4c3de78dbd2c4/mc-142-big-Data.db:level=0, ]
2020-09-12T20:41:50.617776643Z  INFO  2020-09-12 20:41:50,617 [shard 0] compaction - Resharded 1 sstables to []. 5135 bytes to 0 (~0% of original) in 0ms = 0.00MB/s. ~128 total partitions merged to 0.
2020-09-12T20:41:50.896870330Z  INFO  2020-09-12 20:41:50,896 [shard 1] compaction - Compacted 2 sstables to [/var/lib/scylla/data/system/truncated-38c19fd0fb863310a4b70d0cc66628aa/mc-209-big-Data.db:level=0, ]. 147703 bytes to 74120 (~50% of original) in 1630ms = 0.04MB/s. ~256 total partitions merged to 6.
2020-09-12T20:41:50.897672078Z  INFO  2020-09-12 20:41:50,897 [shard 0] compaction - Resharding [/var/lib/scylla/data/system_distributed/view_build_status-5582b59f8e4e35e1b9133acada51eb04/mc-4-big-Data.db:level=0, ]
2020-09-12T20:41:51.146544525Z  INFO  2020-09-12 20:41:51,145 [shard 0] compaction - Compacted 2 sstables to [/var/lib/scylla/data/system/truncated-38c19fd0fb863310a4b70d0cc66628aa/mc-210-big-Data.db:level=0, ]. 10470 bytes to 76741 (~732% of original) in 1897ms = 0.04MB/s. ~256 total partitions merged to 2.
2020-09-12T20:41:51.147235218Z  INFO  2020-09-12 20:41:51,146 [shard 0] compaction - Compacting [/var/lib/scylla/data/system/truncated-38c19fd0fb863310a4b70d0cc66628aa/mc-210-big-Data.db:level=0, /var/lib/scylla/data/system/truncated-38c19fd0fb863310a4b70d0cc66628aa/mc-208-big-Data.db:level=0, ]
2020-09-12T20:41:51.988229385Z  INFO  2020-09-12 20:41:51,987 [shard 0] compaction - Resharded 1 sstables to [/var/lib/scylla/data/system_distributed/view_build_status-5582b59f8e4e35e1b9133acada51eb04/mc-6-big-Data.db:level=0, /var/lib/scylla/data/system_distributed/view_build_status-5582b59f8e4e35e1b9133acada51eb04/mc-7-big-Data.db:level=0, ]. 5693 bytes to 10756 (~188% of original) in 1090ms = 0.01MB/s. ~128 total partitions merged to 2.
2020-09-12T20:41:52.207716809Z  INFO  2020-09-12 20:41:52,207 [shard 0] compaction - Compacted 2 sstables to [/var/lib/scylla/data/system/truncated-38c19fd0fb863310a4b70d0cc66628aa/mc-212-big-Data.db:level=0, ]. 153342 bytes to 76841 (~50% of original) in 965ms = 0.08MB/s. ~256 total partitions merged to 3.
2020-09-12T20:41:52.208597664Z  INFO  2020-09-12 20:41:52,208 [shard 0] compaction - Resharding [/var/lib/scylla/data/dt/source-65ff2270d77b11ea9877000000000001/mc-4-big-Data.db:level=0, ]
2020-09-12T20:41:52.582705709Z  INFO  2020-09-12 20:41:52,581 [shard 0] compaction - Resharded 1 sstables to [/var/lib/scylla/data/dt/source-65ff2270d77b11ea9877000000000001/mc-6-big-Data.db:level=0, /var/lib/scylla/data/dt/source-65ff2270d77b11ea9877000000000001/mc-7-big-Data.db:level=0, ]. 5950 bytes to 118954 (~1999% of original) in 373ms = 0.30MB/s. ~128 total partitions merged to 7.
2020-09-12T20:46:28.306177836Z  INFO  2020-09-12 20:46:28,305 [shard 0] compaction - Compacting [/var/lib/scylla/data/system/clients-ca0f635d863036098d93a1fc06f2a5e5/mc-46-big-Data.db:level=0, /var/lib/scylla/data/system/clients-ca0f635d863036098d93a1fc06f2a5e5/mc-48-big-Data.db:level=0, ]
2020-09-12T20:46:28.740923084Z  INFO  2020-09-12 20:46:28,740 [shard 0] compaction - Compacted 2 sstables to [/var/lib/scylla/data/system/clients-ca0f635d863036098d93a1fc06f2a5e5/mc-50-big-Data.db:level=0, ]. 101866 bytes to 5992 (~5% of original) in 343ms = 0.02MB/s. ~256 total partitions merged to 1.
2020-09-12T20:46:47.372806320Z  INFO  2020-09-12 20:46:47,372 [shard 0] compaction - Compacting [/var/lib/scylla/data/system/clients-ca0f635d863036098d93a1fc06f2a5e5/mc-50-big-Data.db:level=0, /var/lib/scylla/data/system/clients-ca0f635d863036098d93a1fc06f2a5e5/mc-52-big-Data.db:level=0, ]
2020-09-12T20:46:47.922221607Z  INFO  2020-09-12 20:46:47,916 [shard 0] compaction - Compacted 2 sstables to [/var/lib/scylla/data/system/clients-ca0f635d863036098d93a1fc06f2a5e5/mc-54-big-Data.db:level=0, ]. 56932 bytes to 6030 (~10% of original) in 461ms = 0.01MB/s. ~256 total partitions merged to 1.
