2020-09-17T05:44:54.169420272Z 0 hxJ4QOZZ0r0zegHkLbK0fyQ4y5j54d722BtLuP3YfJ70qVvRbANdFyv2kGtPGr
2020-09-17T05:44:54.209341755Z 1 eSXp7UuA3U9P7izCymPyXQLO8FWU0nEJoU1wcoauo1fMGmXMDmlKkaKNu49bZm
2020-09-17T05:44:54.250859208Z 2 yYMJvmfkwPdYlrGbi10DwfQemx0phS4E8ukMY9HW5uEN863lwBq3X4vSbwVIO6
2020-09-17T05:44:54.294123249Z 3 2I5LF3SaCLym9rkBxjL2QQ2nHwRjbpAMQg75iR7GOMI4NMGAjjo4BdWOAIQpRS
2020-09-17T05:44:54.335456804Z 4 mIya67kKVyrFuxRvobmz8wGte96EKrqRrj2YuhUu6XZRgG22HoAJdR7TIM0yGZ
2020-09-17T05:44:54.376337117Z 5 0qxXAynZoRJVnppjEfn8KbHnSnClPPqGqVwnl0GI6YkPEyeaIq8a49NNDfUvfB
2020-09-17T05:44:54.417852156Z 6 lvU4XDErVW5U1Ib5ZK120O8EYbueDboPUjZtz633X7UBLqwIpIGRmvhdUqcdBK
2020-09-17T05:44:54.459716171Z 7 AulL2mjQNG8AbLPTA3BIXYSlm0Z1dIZ3VuUYEjUTPveNxD9TKoEu44xPs8cU2e
2020-09-17T05:44:54.501434341Z 8 Om9g9ytA6WP5TbPYHxUYuPVegT4bpk1zepPstZdcW8BGT5prbPbK8PsSSUHFcm
2020-09-17T05:44:54.542697593Z 9 UtxWpPDwL0mlePeAaoFuwz7sVuw2HtgZ2B35nZ9cyqx4qhLJ4HhXYnHkdztsz9
2020-09-17T05:44:54.584723001Z 10 rTijLxO8hJE74KVHiF2YaFLF0Mwk684ntSbkR4aW9MhwveFTHH1eraZG2Q7Ks
2020-09-17T05:44:54.626520609Z 11 qapWhOLwFgpA65OBgn2hQxA6Y6C6JUJROzOc5IuUIIRfyEd2zkIShvLXbxBED
2020-09-17T05:44:54.667141570Z 12 DF76rJo94lU9Zk7fEt9QbAcQ11MwiR10IwwbuzNy8jngSbTwSCcCnpgwImO2v
2020-09-17T05:44:54.708841227Z 13 yx52Ea3NlR5J9LTXW2EoQ4wDKUDkgnyzBGZBF2rVcAfVvScDWi0WqYLLbpbCc
2020-09-17T05:44:54.750379341Z 14 sjUDpscUs7uAIKv5k12lEj7iH8NbSlpp5mftaheVrkSt7ChnjSN9wTJjPZVHV
2020-09-17T05:44:54.790962774Z 15 C1pi2ZcVrr71aosjthnMDJhneOSOMQtSKnNQcwuVDpFA5WrdLfwT5PO146wJo
2020-09-17T05:44:54.832815201Z 16 agEhpydVFD2nHtbSy1npuog436xYpJ7Kgc8Wkd5OxaGXEs15ye24XEXFdPJ2C
2020-09-17T05:44:54.873886289Z 17 tHNgwB54F0rdVPvNkIdgmFLrxXNyIzDtOFowB6FTNVtwxLVBINdHUREWhJuY3
2020-09-17T05:44:54.915310353Z 18 D8x2o7zKfwA2APtpnXV30NpCUsIuLnG52buGCgs2rCUBYxmNl5RNr7zm05gSr
2020-09-17T05:44:54.956777730Z 19 SXWJt8yufzSGQIV9raDRW0HqYKK2ztl941gcg9x39mg8fVZlRJlStRbtxuTSW
2020-09-17T05:44:54.998233084Z 20 H885J2VKddpE06YBvriHbOcqyKxBem09FZGw9PLNevxx7f0cYaZaZygbtQoNR
2020-09-17T05:44:55.039501407Z 21 2HDxCwuASPNiCgZ3FiBqAfBX4dEXTlMyO7YI3IWEpdVSrxavHGzesqViWvBjy
2020-09-17T05:44:55.080071288Z 22 Onf0DeJ164t2dbVm9fzkrlJTpaxyXdlvfvNX8R42sSuTQeJLnYIfPA62W28PW
2020-09-17T05:44:55.121552630Z 23 Hzluew0VIxHk2yiwuouj19YilZJi4Z4Dpj2ff4xUkWEo6A72nmf8LCZMmjea7
2020-09-17T05:44:55.162545659Z 24 gr7ifWqNvy9bTatFx7BT62e5JJfjeSmSHZFaCvCx6hEu2s9mF8KD4b3alJ7CO
2020-09-17T05:44:55.203858262Z 25 PDd3H0aePuKagsljKhO9o2T9TP87xzKauAoq6Ewu5VHH2ExY41O8QEieVh9jb
2020-09-17T05:44:55.245553594Z 26 vPoCTjnAbz7n7jJSBLkBG71LJtpbq9hXZvSZbEniCs2oEwvgt4MjHaHkkmTCc
2020-09-17T05:44:55.286263002Z 27 nlKxpdA5FUuhHARQ9YBiO8UbrotlXPXnlvBf5a1vpBYohxs7Ha648B3iCRwos
2020-09-17T05:44:55.327097075Z 28 6kz5urDcnloSkt95jIL7hKKpiDaPZE0bv3LlXanZFCGS4MYnlstXB0jGdvnbe
2020-09-17T05:44:55.368780947Z 29 KFoRz2OFB971v06MNftE0ZbhmEuIvZJbrwC4jqLc9Ji7YBtKnqy8sXPhSbF3Z
2020-09-17T05:44:55.409787134Z 30 1a3jYLUNPgFnF5WLWVKm9bOT0SO0aLHRDlxx4kTZH6NXhx6XpRD1ihHHFpPjR
2020-09-17T05:44:55.451757219Z 31 Co6ci6ncbrHScsUXu9YS3rZrMOfZ2P98Zhzx4cijQvS0udn7s66AyWE7lpf0W
2020-09-17T05:44:55.493212270Z 32 tKgXCtUGjyQKDDnA9wXdcwOdRtKC74cpKjHUPMj1ZSOnpQHqpGBw7a1ydRNZR
2020-09-17T05:44:55.534124954Z 33 I70N7YY33Jeofox17ONdCwJwmWu3RuUON4d0fGbW3tkTdmq2OBlqW1ft5Bmx3
2020-09-17T05:44:55.575302431Z 34 iJyblozdO8NvSl9Imyka2oNbwV1P8l14o6UT1fL55adVh2ApXXJ1wu2O3qVFJ
2020-09-17T05:44:55.616803718Z 35 VlSj9MV3o2r3U3ugyk8epbQbgwCcdZbkZRJMOtUgr1dvDldGHCY9k6QBYfU5a
2020-09-17T05:44:55.657405201Z 36 IVN4vFtmrXJmSgqqCjX6CGXsYk2VilPHRYmFmDoQk5r1TOep6QpIiaxAEEvVi
2020-09-17T05:44:55.697929634Z 37 tWG5OKE9Fsx4XYCS07HWMMpmSZVXHEUx0DaWyM114ibrTQT2C4kDggPmQ2bXi
2020-09-17T05:44:55.738995905Z 38 66u7CavwKLQWDkHploCRDE1gV9LzTdvfUI0YIC2HTUdCIUIVzaqfeR85PxIHF
2020-09-17T05:44:55.780865861Z 39 QKTfq0eca32lSv22SoQ5UlyOBXQjAzzUP9QH0luKOY7tvgyO1IO0TgXh2kMHb
2020-09-17T05:44:55.822177063Z 40 7WV3OdBMuIGjhVK5qYYQ9Wi60xJko6kK1l4r7c6HFNRFx1EKopmqn842qw0l5
2020-09-17T05:44:55.863217784Z 41 4J2UICz49UP4s2FEzss2vxiOUxYFQYEu1YMh4qJuPKkOuBVeHnMbIURAe5oEo
2020-09-17T05:44:55.904594853Z 42 g0PW4G1L23g8Czm0xLUqeVBwYas16wz1NUrYGguudfrBq9Yo4f5tJMYN4Onbd
2020-09-17T05:44:55.946075307Z 43 n81s77ame54sth2qZo4DDqoGDkE8H1BCxdoA2H8xX3dRAsllzifHEEpcThRKe
2020-09-17T05:44:55.987739119Z 44 2o6NeK07ivGMakUpTQxAvPAJ61yRmsvoeA2DFjjbSASHnNiHwu78UvdDGFlHl
2020-09-17T05:44:56.028311765Z 45 nKAGLhJOJG68nv69jTfmvvn3niYdjL3EuGff8fsJkVtsNsQdQGHkj2kr5CKUM
2020-09-17T05:44:56.069173985Z 46 KMRBIE8f79XK4LRtedIi9iJVplnw0WT1URZAhDU1A3SHXfiAnojdAYHJMNYSq
2020-09-17T05:44:56.110767285Z 47 RtDzvFIOImi0EEU6rLiTMEvOIdi5xMz4XGIM7YIORX51JHfcaDU5Ce5Vue9ca
2020-09-17T05:44:56.151857391Z 48 If7dCeS7ApveUH5VVRUtUal9iinfdWmS0Vgcxi7zDN6ssDQwq8NI61Ghmk6q7
2020-09-17T05:44:56.192476650Z 49 dNTEpgx8IBAP3LPp7Z0AG9U79BwBtLS7t3VwtcZNzrbCqIVTKX6Lnj6AaLLgF
2020-09-17T05:44:56.233898138Z 50 2EuiKWuFPs4IrIihgnDIjbSMH2jom58jTA0Wjw371AxG6bxOHVCbNgovz4P6p
2020-09-17T05:44:56.275926684Z 51 aXC0nnO9VQPh8ZxJ5bKuCGSkoUwvTUqkYT3yaJI13S23yM6tHg5d4y9hRX9h0
2020-09-17T05:44:56.317408594Z 52 RRld8X3CcdDmpCsDfYq73go3rfypB9mhQqt9r3RxRReseiU49xSppI9T0wtlF
2020-09-17T05:44:56.358053033Z 53 w4ADLQRjCRhNZG73WFzczOh5mBIqPDBTizBWF8RnIP52oOIDQwCCHm0lJgWIs
2020-09-17T05:44:56.398990591Z 54 Wg9kVrVswPJ8vNIPZKQZfCQGoD3SQg0Uu8A4p1EKBccL5eDWOm2ZprqS1WL9R
2020-09-17T05:44:56.440819673Z 55 JF9sxqplW30y42PaSCLC2zpfU1kdCrXjPFXD7PfBvtWlI11KT0qYlagSDf7HU
2020-09-17T05:44:56.481998976Z 56 dTHmGpme1xLp27L1Tin3MPec9Bvb9DtBLYOIfDT0YE9Fm2AHEaZKKgYVF4x5a
2020-09-17T05:44:56.523463357Z 57 BZ7Ye2vGkuMwWsaSbyGimmPJB8xyG2VTyoQfmnHuRwmSqbKl8ftXL6PP8eGEn
2020-09-17T05:44:56.564842969Z 58 4HjaMXh6vev0JCnq8offFMrpbKPz41zxhrYWpmsCJe9nkRAKgH9uEI6w1RGQk
2020-09-17T05:44:56.606547775Z 59 cLKZUUpTBuIqhWuEwhyruCH1p6FRpIcjv4UWi5sT9OnvUclONjAjSRShRY15o
2020-09-17T05:44:56.647712885Z 60 J6l5mzoPngJQMU8mHQRtiYUHQ5ylss4aSaieEmdcdLLmhSYZvYLyNNgecfe7J
2020-09-17T05:44:56.688192742Z 61 enEzqihVXtljRQhvgUi43EfIkSwVYwgnd1rUdGCQ5OkpTBT1MPgeWVJ5W9rK4
2020-09-17T05:44:56.729520364Z 62 2ERRycONGrRCmoNqmCpfXXBLqcpnP6HbDD4kvA6pvj1VZ10PPWCqIOQOS8Wsc
2020-09-17T05:44:56.771021867Z 63 FhK7qRFnzLGxM9VsvHkcpOvHpw7hLpGqpUV6ncN0nyo0oiws7UflB2WmW7BVa
2020-09-17T05:44:56.812815631Z 64 CEsAsCR4CGGwkTB4X8N7pefp3sk7hYWW0f8KCU0N0h5uIlK6R11G5KxOogxCj
2020-09-17T05:44:56.853578694Z 65 bCzQRkkge7utR2qVBAWT2M8JKoHwTWoQb1llZfjEYqpAnScNgJCz9NAPgsYOW
2020-09-17T05:44:56.895044580Z 66 mfs1QisINMrKv9ZsFxvEAb1q9DNoMio9UvVLWpvHmvhcDNiNYrNZwKFFRh9nK
2020-09-17T05:44:56.937379531Z 67 OwLBNzrtjmqL7ZI6ZpRCIYw2sxP2Jxjv7R68TXNFV5ZY00vNABz7K7lNZzUth
2020-09-17T05:44:56.978567363Z 68 nTihI67DyIGEL1hMIaZ4CYcP3C4hVrsSlNYzdtF0je28jRoAF4mnDOZO2tU0Q
2020-09-17T05:44:57.019875097Z 69 uQtEQEJiW8t1teXXcO8iqLPwyGyHjwtzjcwSe4WKKNlMtHHPBNr44pM61Yg3V
2020-09-17T05:44:57.060966677Z 70 2TWwCoAdEW3CROls1RlxB5zrYEfS6X357pyQNcYvUJApDFMPJeiUdoRGuFWED
2020-09-17T05:44:57.102575738Z 71 5YuzBbWt2fM1tOXzTJRwWjlPRep9k8wGMha7Y1evHjZ4p7n7y8k6iP3NzJYg4
2020-09-17T05:44:57.144422101Z 72 kVs3YiaE7mGiZhZW1YPQZn1CPardOwm3fKVFESqG3AaG6Ykt3c8oEo4vQuuQT
2020-09-17T05:44:57.185622294Z 73 dgSe8gKZh30rvlbFQXKl7UyIIaBfshqEclgIq848hlybH1OA7xwAAN01oVpoJ
2020-09-17T05:44:57.227036977Z 74 g2COtxWpyLtneXQfW3oOLXBew2J5LWWgujfjhi5Juj6hhZiIzg9jJgERuszYm
2020-09-17T05:44:57.267913034Z 75 VRAaIa8OmoCcgR8YiAmPk7x6nshLPgQSCHltNiJDpGqFzBzNFlHY6PCpjA36Q
2020-09-17T05:44:57.309659002Z 76 4NPWwjUN92FCbqSd2L3N3PyWGve407jjt9fLNXOmPeBBJ7u9z6jzmb6dMto6Q
2020-09-17T05:44:57.351636287Z 77 v4aT1icfge0cTzIl6nN0FsNB19jg4HzjQZIyWIh2dCxkLvVX2easr6srBvv2t
2020-09-17T05:44:57.392407603Z 78 dDDKORR1pEwpOp8rEsoD4l10MZMHhVTG4jDa71bXm1SuiYHx4KHJNCm1dCxQM
2020-09-17T05:44:57.433117259Z 79 oy4pTUXuVCixjzGWHN1rViIMVNhMTzbHjNu7NS227wmBFuQ8mmTBSKS9xV3Lp
2020-09-17T05:44:57.474917108Z 80 JypZ2Es3JnsBmStq1AqPLHva4EPrDOFuEEWMiNb5OPP8KoBrDHoU71RWxrqal
2020-09-17T05:44:57.516050553Z 81 NsbEbyzhSJBgevaYNzbrWGBXwyOo6JsPkNKQ06eaBfqmv2SDjLRybziKSQqWU
2020-09-17T05:44:57.558447117Z 82 V0P76TcVJvbDio1fkXQAnGIaMRiO5YRV2zpH1ocTR9m5ojYt5FDrxq3KReiKM
2020-09-17T05:44:57.601035109Z 83 gACHG8G7nU0QXQYl8l6Te45KaHkOy3suWv2sP6lWhGkLbTXyvmvfD6RahVXG0
2020-09-17T05:44:57.643146981Z 84 8PReCw2JInP4bFwIfGZDWcM681RYQ2zUOjWkAx5v2TUaVs3YD2xU16osZSraf
2020-09-17T05:44:57.683795507Z 85 MrJVSk93oGNnGnmX9F4DFoalicrQm4hLarzXawMUuJnJ8PeOz2W63H5K1Mhgg
2020-09-17T05:44:57.724387019Z 86 ucCaB0ktz8uD7DgKSeAjSWiUMbpbUhwl4fBP14JsFdWSRDGRz9JhefB1SWoOA
2020-09-17T05:44:57.765937544Z 87 1IfKEbV2ZGFWOiLNLLkUyJD2ne4AJLMHZXDgLpFCFnhHxBZDMEAmvsDEHHCFo
2020-09-17T05:44:57.807241052Z 88 MwNI6U4HZQvv97RgvGo25nZQZgDaAH3F5jsqiOj7cXfndOlYcF72L0o5PYF2L
2020-09-17T05:44:57.847930119Z 89 WvYOju6Yq5hMqlWLEA7bziqpvg9HyO3vjBa2x8ldB4qERuEcuuFQByokizIak
2020-09-17T05:44:57.889330918Z 90 0wwgU2w9glD3wwPg095jFXpa1CEbGGNfMFfre9DSmOddtsTdvtMk09aw23rqM
2020-09-17T05:44:57.930714105Z 91 ggAzgVEXQaoUVelO754vNUmK6lYVIuyckvpzP4AjvfpNVml09nVU5ZxjfQ7h1
2020-09-17T05:44:57.971775372Z 92 ZPTdxviyONSd7bd3JdlU3w9M1x94xH4s40ZyKqcDPqkDKBSeFR5bLubH7IUCZ
2020-09-17T05:44:58.012676841Z 93 LGN7A2COV2szEzYUTJdnz8hRhe1UOpIUyE7aevHwZatR5CldR7EiFv0guLE3x
2020-09-17T05:44:58.053289518Z 94 6C4pn5jDjdORnJhdNrqthLgBH421J05J3Dqz7pvOGsqc0sUcK4mko5nDdGnhq
2020-09-17T05:44:58.094833490Z 95 tW92jtljTqlcPPP6xpr4VvIbnbXNb7m5tVj8LcEoFmUl3todCdoPlZh8gvOmi
2020-09-17T05:44:58.135614824Z 96 yPhxbzvdMBa7WCC1cOOceIndiOvALbCcTbufpmIKL3PjJdVo7ZWrfXOIJRIcx
2020-09-17T05:44:58.176153817Z 97 8EYLQQxbSlNndxRhIWvNA2zpQGscpfQmpaQeLHNQeEMiSvVXu7KMTDoR9WGTr
2020-09-17T05:44:58.218151107Z 98 H48F8aLUTGZCJyr6xeJXyl82ygIFgJN2GFzCJur0Zy6QzeZ4IJkRH6QRtsUVI
2020-09-17T05:44:58.259734941Z 99 Ezx88mrxzSrYC6Sf28VmUZOVPGcwZS3mRqJ4gymZimxyM5sYrNm2OUwJ3ukjX
2020-09-17T05:44:58.301324099Z 100 VyhxHEYN4HHoJiGlygD6X45q7yJNjZ7T5p1rfb7vicYEywSM3IGr9bwCmytR
2020-09-17T05:44:58.342941797Z 101 4wGYgl6XNlowItduxjA5SLOsBvJ7m3dPpDjL1mtk5wMKkPvso7mRRGre2exk
2020-09-17T05:44:58.384651163Z 102 L2gz1LakURYyrd85lYHwK0JsSHHyHcX06bXMZtrJIVeRZ28T1GIowIiht2Ue
2020-09-17T05:44:58.425889183Z 103 COKyzZF7N9TpysRlkkmVnsndlYWfsW7EjNx8TkYj0xbnqg0t4dmQid7MALLZ
2020-09-17T05:44:58.467701590Z 104 okcTi7x4RbCCjRPRJ2jGGdY50s84lzdDkuHy4qkcvQup8jEua6ObetWCYlUZ
2020-09-17T05:44:58.509759612Z 105 e9kCGx2j9mZEOQIL2Gqe7AP6rUSrLlvXex6IX4oo2cUPSYXTQxajAt6QQPLu
2020-09-17T05:44:58.551294305Z 106 QIccFg8cIHODx9GVYdRU4um4GmvB6cOtHIZVhVHZpivsP3j04mO5dN5iIwci
2020-09-17T05:44:58.592153432Z 107 dyCsYGhlh2rknO6tJzgewa2jF4DIC5gTHALAxCOZPf19256GLh6wSlitZK0O
2020-09-17T05:44:58.633829209Z 108 9OOioOVcFIu4ijlBJVoyyO9tHlcUAu4YJRBA5j22InixHODrMLa6ZN4u7xxj
2020-09-17T05:44:58.675903873Z 109 FPvrsbYLDa2YX56NKhJMtSNrETKUsSneg5zq3SFuFt3vl7LsjIIQ039Mt4Qn
2020-09-17T05:44:58.717987393Z 110 vATQlBLl5bpMxFtfEMwROV6TsQKFa04LapPcoE0MKnGBqBGT3qv25WhjejX6
2020-09-17T05:44:58.758237799Z 111 CVd7eI54anuJtnyxOZDcPATfxFrSwvYIqGXx9JRpUoZy9avSdZ2ka3BTrSix
2020-09-17T05:44:58.799689024Z 112 ms6aqUBdnqm6i95o4LE8VCt2SGRZRxFxwDhmXCRKaBknSgvqTfwrnD1gEtA2
2020-09-17T05:44:58.840678138Z 113 ZepSFCxMRBOvwMjm4Hh3Qbp5oFrq3QuwNDuHeCUtKDnIdbHnqiawKpKBEYNx
2020-09-17T05:44:58.881646352Z 114 XaWgoC0oWfobGLfUXzeTjP9XopihnpJoqvrhL9ZKKwWMahRqhVi9j6qWiLuv
2020-09-17T05:44:58.922249301Z 115 G8gaC3pdB6filOmt6acOt2nUsijEqQiqoxKht6aambTdoKGjUvpgpKaAQUc9
2020-09-17T05:44:58.963734536Z 116 fw4MAiwNBtCldwEPPcPdO3pqX49VTM6lUxymzMgVuAEpztgAiw9KWo50Cbmh
2020-09-17T05:44:59.004559219Z 117 JgV89O3YLhCzcieXX6YDu9qdWZe1gUdQ9MDyaPZWoHewJXe8N0sKZXYuy1ef
2020-09-17T05:44:59.045521772Z 118 prYde2Gl2llVeJU9gQvxdrwAArCM6Odu8dTBuGO7wkN1Y26LeujXz5rOS0qZ
2020-09-17T05:44:59.087025092Z 119 IC9Ano5bBnUPA4SeTqghmr9NIxgHmGqTlWB0dOcdVl7qsqfWCRtlbZziH9gz
2020-09-17T05:44:59.128809817Z 120 CcntFyCWYXaR2g74DpfvDR3mfmtoO02s1oGo1dUJvjcHSmsWG39Ua2SiM8FR
2020-09-17T05:44:59.170514748Z 121 qfjz1sW5XbcdBwxEVggC4QLxqKegx2Q7uk5yRPMXU6N2jAcznTmBKzZR5FFU
2020-09-17T05:44:59.211270416Z 122 yFHaCD3BETasWiVw6k3BfdHltiDk2g2s68eD53G3sAIgmVqYYfOv3VNdDzsw
2020-09-17T05:44:59.252123557Z 123 nCKrEO9IWlBc72va74dVucxcz5URYCx3jCp8wQiZKsHtnuFRiPIJjd4JA6Ge
2020-09-17T05:44:59.293350571Z 124 2HsEyUFFkCFumMubCYX8Qmf6rJXKG9bkQ7vmLQC9ZlgXfFrX1bHIk02TMkH7
2020-09-17T05:44:59.334947485Z 125 5BzaECkC92QiWHg02RJR8oKEzosf4Nkc73ak5uh4oCuQr6NgWbbluO4hL46A
2020-09-17T05:44:59.376454521Z 126 KanIIJ4DcKuLIIPnZSINbXcgZApew4QbpctfoKwOsZCnul6TWcJuFybaqK7G
2020-09-17T05:44:59.417434640Z 127 5mXp9rbHlEZZCQJK0soLFA93hqb2Sf1L1Jv4ZOAUbkKyFvO89gIWVuwJH4vD
2020-09-17T05:44:59.458414131Z 128 txwQ45rzTmODsfGFrJCoSo5eTN30rpkHlQ2h5HGAdtYAXlsAWkPlEIxCplfS
2020-09-17T05:44:59.499596601Z 129 gLGxdLF0MIYo6zhHaf5ROT3Ba7NwD55krW8ADaP0g1Olv2j24kvLSxcdeeM2
2020-09-17T05:44:59.540957704Z 130 b4l9u57BPHOIAgisQ9GcWD8EgXZsJUuOr5u2GIBtsyq7fcBS1DoRWzb5GZjH
2020-09-17T05:44:59.582359504Z 131 dzDQ2bcss3Iu9ZpiiceaqN2gXAuDws9kjbxY1bPXMDZybbgAfniliqy978yr
2020-09-17T05:44:59.623230697Z 132 9M1M8xqQPfKEXvVxGjV7XEGQirRkIU9CA5Y6cIaZm4lYnPvSrTXCtt6JmcbZ
2020-09-17T05:44:59.664528245Z 133 MBiiITqBWHSVHvDOFTZmPvzlJsoB47C428hibiuiB6OTY7zmQnvUeFSsniKq
2020-09-17T05:44:59.705477825Z 134 T7gGQR26v52b8ADyTKqTzfsGzAwlfwRS9VE3xV4JTT7bxguKOpwbc9zAwPXq
2020-09-17T05:44:59.746169258Z 135 yV2HIUMya3XrMWcblhOJmwrweCdLeSd00Ue9N8rLoVqVnKNlXh5km0aZ7WnH
2020-09-17T05:44:59.787651568Z 136 wGtp55X05tiSG5wbKXrMod4jx9gjUV8godFAOtytcvj9QXbJDB7cS2MOeZPf
2020-09-17T05:44:59.828652764Z 137 QVJOtvL1eOrUKShEz8fg26q3TH6wbIJ3Rc1Wf8q7zMeStsjasceZrrUXizw5
2020-09-17T05:44:59.869507393Z 138 PFYYkXuaTxf9L75SWsWdyPRQ3QtGaM1CA6SQ8qRjyQpcOCQPKogHuetTvTQT
2020-09-17T05:44:59.910746425Z 139 kDqbCVcSJhyzs8SqSfSQkBJJMha6FMNLJL0km0rL9E80E1jnHuzFLgpC6UeS
2020-09-17T05:44:59.951789569Z 140 yr1WzjQEv9EnHA8yZnk1kXEqQjeu6uOVos9sgQV9Tb33qmaXReeg7coyHORq
2020-09-17T05:44:59.992647783Z 141 S7uww4KxZOw0JkeeGf2WAg8LtSVA1WqQhOfB96mUtI093slnQDTX4PS2MtKa
2020-09-17T05:45:00.033319274Z 142 CiBJNl0aU9t9mX74U7xzGV85qmOFozqn1r7ZQ492YkiuSh4fU4d0P1LAkKDR
2020-09-17T05:45:00.074602408Z 143 bbuBNldpzxwcxi44LkkX1TJmRzb5wg5Y8LhHOeDoXZvjwFCYrtHDM1Znp62c
2020-09-17T05:45:00.116042217Z 144 yWhP5tatfZsecV2zUZf4FCR3FYQtrhnWHieJP8FTNAGKnEoZnl1ydcD97Tux
2020-09-17T05:45:00.157643317Z 145 xn3Tb21QyiTyGcheIRwGWPJtFbRyr63tgOgJsJRJ28s2w1U3hVbEWh7x8sQw
2020-09-17T05:45:00.198001174Z 146 DRp4ngA3Fj5u9Dtct0Wni6HvsU1i1s1ZSUTyxrs1aVUarrRIJroa5Ogib6hK
2020-09-17T05:45:00.240262345Z 147 r8BClZKVuXzQAsApGQPav7TgmECOqrGbxxIEJYFGzAbz5pv42DFz4pN8SyfY
2020-09-17T05:45:00.281634434Z 148 LHYZmwMGoWnF8A8gJM54m5bDlQdEMVB3GUsi8IZjQt5ucrUVGv6lz0DBtBwL
2020-09-17T05:45:00.323307304Z 149 OzArc8kRhEFUXi0SqBHxtTh8x97L9TJQYDiNfGM5RBFDMFstIlRevVzwvrLk
2020-09-17T05:45:00.364135165Z 150 BFCC6BMTj00oJeNLFVR9loSDbi32bP0wNdnMOL636udm4LV9yS8IZ8AY0xvn
2020-09-17T05:45:00.405705718Z 151 8FvpNAhetiZ2fbxO7g3lhdciCFDXehgunHoauNE19IHVAwWeC5ngP6s39iXC
2020-09-17T05:45:00.446913145Z 152 TitbollXLwX6Zc5QtCML1ubyKOp3vPkKcwkESUYqyynZZphfP3hxs8S4SYrY
2020-09-17T05:45:00.488260768Z 153 IgfkKM5rlVUgKAf9puOM1IJV3S89tXa1r5xgQW2IUurNpBuAIlypkJnivPBr
2020-09-17T05:45:00.529067191Z 154 FWKvbKeOkbPLRLYaw5GUyNjudQqhf4ASQPuNJS1ZsRd59LZqsfYbISG9oTiY
2020-09-17T05:45:00.570912449Z 155 V04y3iY3Y44V1o0bLvJIYXo2OO0PXEyxwezxmDISzIUvsQUTAXAaxHiTPIyE
2020-09-17T05:45:00.612009302Z 156 c0al1rG5G37SSSLZnW5uwdYQTPjivl4aSs5zraWepfeteMCq07r3j3EIKXOq
2020-09-17T05:45:00.654033650Z 157 gJzfOGvlkfQtgLCGCTB49jO8I4Zv5t0SVvlXNVuHPqKqJOJxlQxKkIXGhtMG
2020-09-17T05:45:00.695438940Z 158 g1xtZLCkwaLrxiw1Es9GIdXsvc0RSn4QKfGToXSXsRXZeig5e6m5dCOLWZx5
2020-09-17T05:45:00.736814915Z 159 UI6c6YvfRaSdzFhy6m4flcwvUCaKPNXqOAI0Jq5NJQQtOSGVMyMKjyhyeaHn
2020-09-17T05:45:00.779040107Z 160 eQv18Ql9ikGjuAwt9rGT9k62VJ02ZsY5Nm5d09LGFYZ9fBiWBPAhxCvkHoNe
2020-09-17T05:45:00.820538860Z 161 oqinaAEiXTiULrgplRpkUhAZNMea6hbhXESrISv4ZgVsYNHKHJuQYLKybMYA
2020-09-17T05:45:00.861778771Z 162 AwzbuOM8DguvxYv8USnWSBS3GZFjt7nAMKHZLREFuVxtDKolmDLF3tsKtg4T
2020-09-17T05:45:00.903363540Z 163 wfnudjzX7MZ77HqkO4CLGY00PYtH8EAQoA0jcDkE90u0GHwkzA9K3QfdCB5i
2020-09-17T05:45:00.944329544Z 164 9XO3mVO38Qjvyk7068AUh64bQHOoep3ZH6cocj3yhNDRJLXKLxrrye6UMjE9
2020-09-17T05:45:00.985902499Z 165 DV9nALvRXwQIic3aAaloIDyHvtMvuLXtrIta5AYVmqjKJs81da0d55znU2WK
2020-09-17T05:45:01.027713309Z 166 d30IaiAxlYEn9SpjPQtzaNZ6EK8IGMhx6XhZBY4EeYZFR1WL7SySpl3KWYZi
2020-09-17T05:45:01.068369048Z 167 CZ49H1fZpXnNg2IZcDpnDw8JJMbuAMzuLipntbB8HUzcHd5MJh8I2JMpqdOW
2020-09-17T05:45:01.109844089Z 168 WIDr3S2hdJ3MwhGD24v6wmuROAPfsIi528jJFDvwy6117hZglAVUvSWXPKQa
2020-09-17T05:45:01.151293807Z 169 oynweL1aqQ9yNRU1N5lzze383HqWhHttVGMpXRrOSrA7B533AhGsBVhtbuLJ
2020-09-17T05:45:01.192144539Z 170 KW6pcCVTAFyCv8nf13W1K6EmVYQGC4nNekebIngsK1FjuuWvsO7vLENP3b1x
2020-09-17T05:45:01.233675178Z 171 okjSibSjBwY9zO6vEi2TJYz2R6Yy3bFbTu6Uw2kDl8G9odN6uDozZQTYfdpa
2020-09-17T05:45:01.274107949Z 172 RRVxVCYBEmqeIVFwvAxkFQjMOdG2T8Yf4JVjKgKzoRcOSLRYH3M7ioMVK0wU
2020-09-17T05:45:01.315255164Z 173 fkYCwTU2UCKCgtkVEvpF9H5WQqqKcrSbEzXj13sgAynSewTZer5351m4j4gO
2020-09-17T05:45:01.356373576Z 174 s1ipluOd7cXbPc3FXIMn5okyXJDNvh7VShSdSuvCQkl4GCGaR0aO2jBuu222
2020-09-17T05:45:01.397861501Z 175 e3sJZ90Plnv3Nv2DQfvpGZhYkpvToHDcDKrzhVRKHVYwRcjbBu79W1oUpvpN
2020-09-17T05:45:01.439243528Z 176 t0wrnQsPKwZJsCKdJNVfTSV8T5kJmRM9cUdlWF29ZsDoerOaKGLiaGpforIh
2020-09-17T05:45:01.480994240Z 177 7ClIM0ycDCmqy9GsamjljvlArsAVZXuOL7yWmBcpuLiVAkmUBAMK2uDVbKas
2020-09-17T05:45:01.522746655Z 178 ZAWvNpSe8FIm8BbEnt5R6jKka0e9ZnFABhCnBydK5p1mcDNH4a8pTptXZRXV
2020-09-17T05:45:01.563919555Z 179 MjxLHjFOxDldaDnnRLAkHfh10hcosxLkisfP3GWiRLMLdBL1CLg5DyFVvDkT
2020-09-17T05:45:01.605716232Z 180 Q0ygUOXpcaxNqFeYnebO7ZezTMrMRhnPk5g6aLmtllmDHiH6EOufpGEdWKwG
2020-09-17T05:45:01.647436447Z 181 iSbTcVqhok4GMmwIY8yGVNeHT6Vy4XdsT1jJLYmUtajXkVizxH31SVeEF4Am
2020-09-17T05:45:01.688399513Z 182 eJhF0iIg6A2i5IQa0lttmneFRchkTIocPjPC6yV4wR2CNmzyCBBuXfJX7L2t
2020-09-17T05:45:01.729921273Z 183 96FR7ZFXhcpcNlS0GWfJoRTvi67Ea3gdmVWeG5jkIpJey9wSddet0OLFrjez
2020-09-17T05:45:01.771824884Z 184 AkiVFfBBsCnhmoCx2EsAFPWcqnz4zDT0YVq1WbwNIFLOARnootYvv2OH901R
2020-09-17T05:45:01.813888973Z 185 1WsZM7IbSV1dBhOBx9S40cYj2LtCM1QSXwORQRb7a3FtARSD9ZBuui55TVYj
2020-09-17T05:45:01.855231832Z 186 7JIX7YaUCWjFPtyPG1UfavdulINTt6yFiqqpZGQyA47WoW0Q4UmELeSy4Fin
2020-09-17T05:45:01.896191815Z 187 LEjn2tLHEgBeTxHS5H4Aic3YYKhVGPltrqI1ihJCekLk2i5BiEmsIEUYgsYh
2020-09-17T05:45:01.937112759Z 188 jZRf7yCaLTuqrLLnxKzYYOh7L8eZWGZvP06PhK7E6oi6TovYDPgn9ogqQu3R
2020-09-17T05:45:01.978629648Z 189 K1Mdng2iUKlwfJS6CItsAac5Wi3ADdJWCMBvrjpi6OXPg39PNY1EYtwEMPjk
2020-09-17T05:45:02.020369220Z 190 l9jzA2mnkTKqfOgKrqfNV9Q2yzdal7pbJ5VMR8DOcJtvWiPUWLutwoeqMr09
2020-09-17T05:45:02.061732290Z 191 HkBeqZdgux4Dp3yZrLtGYSy4x5WcZlzxoNTjGjz2cbG98xgZ3XDcx1ENKMfR
2020-09-17T05:45:02.103824117Z 192 fwvjjJzWEqmzX7TArZMzaASoc8a5AE3qniltVq0aUKUXyq05OIu35aNhFAVQ
2020-09-17T05:45:02.143876632Z 193 LMcSKchYuqvajNTHzQFFtAZJYntGvTzVXYkqLTuUpdEwvbDQ43YD9YwwaGvU
2020-09-17T05:45:02.186028129Z 194 7G3vGVZxZZWv0Ag8t1Cdl0jKMIzWMmEVurL86BnzkurRmzwLKUm5RFYZjtW3
2020-09-17T05:45:02.227090896Z 195 JslyRMalpV2p1JdxbckUrDhCcF55rAqdlk4hx0dFVpxOZ2bDgpjUUisyJWlH
2020-09-17T05:45:02.267943868Z 196 1Uq5mWELtsylbXT8uGr3ixQgcf5LWvwBTKY9j8e9Ek31nkW9yIbFZVzb92O9
2020-09-17T05:45:02.309451372Z 197 iw3H01J0eq6c3DgpsDWMromyUa6AEvHHnfCfXtbBx0Img35M93253nQqqDdZ
2020-09-17T05:45:02.350766980Z 198 KFU7J48tgDbq86DLWT9KGJbNN2mklbTBEYO1MyN7cEGtuY6ZTpZKDKchpDUk
2020-09-17T05:45:02.391681423Z 199 JZIFjCSohqi4mM2bztfCX0NRlKcdGwaoqkqoBrfbW167HMYuPTpfSE5PRGGZ
2020-09-17T05:45:02.433515444Z 200 nvKbfhP22v9F5h7XjnF17F59kdiTuQSWRESt3wNN5QLsBXtdW4p926OyWwhz
2020-09-17T05:45:02.474908091Z 201 JI6FfTSAh2dQmeW8f9kFcRPgXCkqOmIMXgfdmOxLYTYGy0Ig8oBnhAqJPBnb
2020-09-17T05:45:02.516575908Z 202 6t4yzQrpqjH0IHJMosF5uLsgi8xrgvtKv1te0ucprfuJ6SWdiDFZxUqnXcrF
2020-09-17T05:45:02.558113221Z 203 s4SjSIynRBrNtXGvprHbexNytXtsp3a1smZ49RiWxRDIWgHv2Fwu8z33rItC
2020-09-17T05:45:02.599822140Z 204 Nmhpp1ETi2dBfeDOb8x0FYi8SONWAYe8MyxZVW5YYF9FAoga1aLIgofsPKJp
2020-09-17T05:45:02.640391420Z 205 2ayLL30VQvtRSNrSiASfCGOTjP5wbZiTmYATnOktFKQn83KJxrVqNN4MygSN
2020-09-17T05:45:02.681197673Z 206 oXI5bhTJtiwprFfNlFqieLbIwshxpJnDzdbUQyXry63morgHNCIzCa26xFlY
2020-09-17T05:45:02.722876386Z 207 OzHHRrK6fW9z6bDTMG2Xjllrl0L5fB2iG43htTyWNC2BKyCuywgkRgLG3jTs
2020-09-17T05:45:02.765011805Z 208 dflV5XclsHVuJOMgyTlbU2ym6ZsoKiLd3MppigvG5DTxgpM7wk93FZIIw93L
2020-09-17T05:45:02.806774158Z 209 5mDRrU1AF6vIFTZTrQUVE5sds5xEFnIRJ3SWurrwxg3X9ImAXp88yD8iJPrL
2020-09-17T05:45:02.848611078Z 210 XuBMZvZnXTmsC1EAKH31IRlrMCUzikcSfuRUj49c0HsmNa1vwiIVsW5UJVdL
2020-09-17T05:45:02.889281947Z 211 1jT4JnnDn2aAGYJygBoMJpeOSsw9d0F5gBETO2GmXeDiL4nD9uo6E9RcMfid
2020-09-17T05:45:02.930707690Z 212 1BxDpPBOOpvjfDZfSybl1JPtOvaNASvBGrdOTBOHKOCdhojTQPWHL83Tn9qM
2020-09-17T05:45:02.971453342Z 213 2hYcJvgxrx1kLnfpU6ZfNb9DJW297Mx2qSS0Hoa7M4Y6UnP1SDiGXXjoPb18
2020-09-17T05:45:03.012862735Z 214 rxIn2SzS4K9xVHU8majEBZtojrGZJlUYK8Fyw2nrMAyC6NxwHk7Be9obHns8
2020-09-17T05:45:03.053774664Z 215 ip3y3CBd4h5N92hyw32RCoh8XHmJXdNMcMKSrrmT7YNugC7reQU67msgLJ1U
2020-09-17T05:45:03.095458604Z 216 0JgQ1XorRHD8HCVVADMgStWuum35t2DN7PHTBDj2oyZbezgcq3NlAoTGikmO
2020-09-17T05:45:03.136343176Z 217 Ru5uUDyvVb6PQOIwxuqP6siEOBvOufk0ofIvqE9qKTArHY8KNVzQMQqnyNzg
2020-09-17T05:45:03.177843122Z 218 o5olcCr7L4mxQieyUDWaHX62EhPVYIuh3SfnyshnlabU8Qp0J6SVSkKPEltY
2020-09-17T05:45:03.218619331Z 219 vJXhkCifs8jN7vALqt4TbTkZgHOKBGhngMtPeNbfsKvlZJ2jsbywF3FRjCIV
2020-09-17T05:45:03.258912348Z 220 cG1cGk8jE1bZsak3f5XeUKjOVg6dlzhpxeGdNQGaSqe1PS1Jg4x1F8vwumdS
2020-09-17T05:45:03.300535361Z 221 ltAQGDTD1lZ5BDrw8mW5JSxGciasev0EBB7x9gINZxYhkuZyFNd2tnaDNFhp
2020-09-17T05:45:03.341821656Z 222 CA0SWKomLuE2yu3zHnDaAmxZ06diUAkoEbbIda9nGyXH7NIK3C1rdfudi6h1
2020-09-17T05:45:03.382375600Z 223 FSWUAFBoQByxKiBbOG2TpWjGHa3VaUXUxIpvPjm9w9sc50zkqLYXC77280Vk
2020-09-17T05:45:03.423986385Z 224 j6vx99bZjKdFF5AXsxg17NAxjDqS4pHxuKSv2KtjOBteFqOb12neyin0OHcc
2020-09-17T05:45:03.465862594Z 225 Q6eR5liRZIEyAFWlcx3MMK8CEWUJQ8KlYacJ0xOueOTmlp6xP219kIzvmIrX
2020-09-17T05:45:03.507219829Z 226 iLHxcv8lthShqEWqZWCAUF0CQLCBEA3WpJ68Q3atEnLnnaWXabA0pujoGR7m
2020-09-17T05:45:03.548952896Z 227 gFHw91dYgDuEqxLyhfYvyoGCm4qWXIpQ7heI7XoQjsug7YvitRMQrCwP8jk0
2020-09-17T05:45:03.590952898Z 228 XxCCOUCU1AESjOlX8H7ccxgfww23L3WF2oXX0fRtNO27SzvWX7JeyTQ14YKh
2020-09-17T05:45:03.631548078Z 229 utL9TMVLEYCv4h8RHiSZluQlO3MOuRVVISCLqIP7FTc2eP6rPriFqTvl2IUD
2020-09-17T05:45:03.672320140Z 230 f9exU5JjJdCu3UahqEZc3QjsGn4gfut4AyRgbz8RL2MN2qZP7a9G5nmZoGQS
2020-09-17T05:45:03.714539974Z 231 ADuikZZfuF71JbVAzPiRfE2ff7MwxE7Qw2BAPWL51Y4UAvU5GfQOVF2UuOuU
2020-09-17T05:45:03.755321925Z 232 jhlVISGj4GqM1BuEQdpHApB9ubjmolLf3IbSAyHdr5FqYrI9aPme2apebmKA
2020-09-17T05:45:03.795993701Z 233 USJfAk4CTXDM358fWUplriDVZ9Os8bnKJeVVDtwzvCZv5urplB1VXyiYLMH5
2020-09-17T05:45:03.837772713Z 234 x4ePaWOq8zrO9N3AS80M9bNzFDEuUhnkbFCX60RsCVsQMIRTX2rkwPMGMIPt
2020-09-17T05:45:03.878866390Z 235 2FNp6mGfY1SAlWoMngQWGXsanPI5xv0KZeKRddJGsmH0xU1Ujdkc3zFhxkTu
2020-09-17T05:45:03.919259998Z 236 DC8E1pmpikwwbc8zFVBAWKGkXvCbdCAwhuDvzI4KySs2ZZjg7GWanwagMusJ
2020-09-17T05:45:03.960932471Z 237 QrLcBwCVfFni6TCdCVZGGk9aOAtVgrVeeVBt597RwLWNuBeGJAEPeQWVOW8J
2020-09-17T05:45:04.002093296Z 238 UC7pMJFSSKL4cZPrytWjcAX4vKnGFBysHyS8hzot5YfSz1JUcnFFFYI1o1mG
2020-09-17T05:45:04.043705395Z 239 y3Pkes04vpWTFfz6ViHDcReQanljqYRk0igyhnF7mGwXjE7Vq3WGqIQKgKCf
2020-09-17T05:45:04.084336641Z 240 RJjB24JoY1pM8i3jhHqYO2SjCjW2VfEk2jz0bYjJX72A3rB9KlgVblDZM0a5
2020-09-17T05:45:04.125580184Z 241 0yu5dxCzGdlzwMTDrJBZRvQ76mxW6ugU1dZrreivKgYTgFkOvFiqFtNLZA9e
2020-09-17T05:45:04.166313653Z 242 yjlSZo3uA9Y60Uvv5f6X5xx33w6agSMsVxFlTzWMOoTz0gcvjdYwpozd3L64
2020-09-17T05:45:04.207750307Z 243 ji2pUp2EZtXCfi7mlrx3IXx6tMhacCd5DWdjMOuZIdupPayw6NIr5KzOSewU
2020-09-17T05:45:04.249264944Z 244 RGmzMTHfNWFVxG8gjablkkaDeykrARlR0Ja2asJIyzzPCRtRwhq5S2wfKCPm
2020-09-17T05:45:04.290576801Z 245 JiuP0IiK2laavqBgaKAL3UrWBQShyq1gcovbmSw4iZsSHW1BitUxjVvMlgSK
2020-09-17T05:45:04.331119559Z 246 JKyikXJ7NCHxG0BBOfQz2pPBdgIHSappOKcJk8g5RR7p6DCSQTbT06cl4Af0
2020-09-17T05:45:04.372914912Z 247 ebsdksim8GidIePviUb7KBBUL3g0OjAEHtN1tFoueQneaJ0oB1XVjMNSf5mx
2020-09-17T05:45:04.413937188Z 248 sHNxJ7eHNMiPhibSK7fx6qu3JesnCzumcN0On1JjL8UXIRLMbNQdrHZ9B10F
2020-09-17T05:45:04.455422793Z 249 1oHroS6FofRAqHgQfHr3HBV6zroOPVH8hP9Czf26lK5n9s8ye7j0F6yvwDgm
2020-09-17T05:45:04.496961416Z 250 9XiuzCZg0kTtYIw6Pwe5FRVXQLzWRXxL4NSOtcmKwKkh8n32hX5gtMPSdUTz
2020-09-17T05:45:04.538827720Z 251 jDbJVRzdYM6MT2fTWMpg7OU36wmADR54R1kRWnn5gPLygTrx7OnGo7dTwmit
2020-09-17T05:45:04.579129967Z 252 9YcdvEGdb578FQMorGSotDoqPPtuXbEnIm36u96PE9dcfRitT4sSySrj6K3L
2020-09-17T05:45:04.620852606Z 253 0eXA5AWzyssz8gLyBh8fURp8dKKjOiGtTqbJDaarDvNH1D1POMdLZZHfWRBm
2020-09-17T05:45:04.662430168Z 254 QfqLdmmvAnXOesIuNJc4qeVofyh6cAiV9FPx6DfOOhIUzMDNR2q2sQJEpunj
2020-09-17T05:45:04.703941534Z 255 wLpVpT8m1Rh5YINcd9RPjzwdms20sv4DAzBdF4NXltgmcou93Fqu1HMSpog3
2020-09-17T05:45:04.746086888Z 256 zZGC5b8frECpKUjTrkET3PdE3K1iaPxTuVcmFcV4pFFZUWiA3ff2u2xFAQQA
2020-09-17T05:45:04.787486163Z 257 PZQFDj4h1CyT5YLegTEqbSy0z7hBP0Ay9JbfzW0hHmnI88rdyLdMXk2bQoE6
2020-09-17T05:45:04.829065417Z 258 sV55qSfpH0IuvPeBivYsNxVSDszF8ozSVtMnawys2lecpeLMp2bcF1ZyIkqf
2020-09-17T05:45:04.870752843Z 259 2SGGlUoUK44eP2azkUA45hJ53l2zYJAN1zRGhKLdTEyeENQ3cMC7n6ynzvIM
2020-09-17T05:45:04.912510477Z 260 IeN5xNCk11UCNX7ztMpm7o5AXE74ePdsJi8DlV7AKEU2BgqT2RrapxZD5sbe
2020-09-17T05:45:04.954600253Z 261 mOmpVp26OAyV6GUjqi5PjKsb56K9XKZV3Z1wCSroBRochrD0ZJk6o4eeJoI7
2020-09-17T05:45:04.994034216Z 262 40XG7C6oSkd8ZuipUwmQb3QR1imTftUA62dR49uZTvDRxoMiWx4JdctCheZL
2020-09-17T05:45:05.035443560Z 263 jz5Wa1UIN6tP6Vf4OiE7LNRuGYugYkGsGXgmz4kAWzDBnh8dQV4YHhX4fqbE
2020-09-17T05:45:05.076298714Z 264 SPsclHZAQZqonut3WDtPaFZIGE5wxuGu3UqHmk4Bdmz2TnFZVr0qCsdtWgxL
2020-09-17T05:45:05.117709835Z 265 7jVHoelb4ilZgs8n1h145FDiMZ0Km0yXmqD5AmXKzusxCTWVDcSdnTiE8ER1
2020-09-17T05:45:05.159184848Z 266 JAA6LOzkCayX8lCo6FjudteGQ3oXVbxoNphk5B4qEVSJXVpRug57PEm0F1lz
2020-09-17T05:45:05.200132652Z 267 6wtqAUvXFxQ4llDd9OfwjcKSu6DEdFL5lX5Tq4mbQsgNIpNV9TFQG7z1nVTU
2020-09-17T05:45:05.241304677Z 268 B0krwU4frV9ro4z6ZoefTiTBqHNKHfdQJB2AyKcACsGlB4NJjQEt4IvAaZsJ
2020-09-17T05:45:05.282880460Z 269 DsV2bGSb1MDd7u7iiXWO5SkTuLsFdEsBJ3UTI8xWwAtIzK4aDCk3eVb8g8aL
2020-09-17T05:45:05.324601383Z 270 QsF38OBVs5QSI5dzcJGuCvlX8JCEVJyiE6SpcuaMh7sq6AptQVF4QLBxDADF
2020-09-17T05:45:05.365302323Z 271 yLqXs4RLp79Fdy2Utim0Jsrqx13rp81gF4Q3qidts8SYnuqzDHRuiDMPRT6T
2020-09-17T05:45:05.406218440Z 272 pPvUPCWu6OjVA379j2b2d1dnX5WXFgijrpgKCCVemEzTKkoElQcA6GTFReUW
2020-09-17T05:45:05.447753081Z 273 ScCnPSaDWGNeyUDov1o1VbazJtkWdXl13ZIerypPdbqjVJiHOpe94jFx1Ivj
2020-09-17T05:45:05.489585116Z 274 R9pmv68gopNucvw2iyoviS5uNAeSVyyzq2lVjI4OpynHxsvbltPsFqOogF2J
2020-09-17T05:45:05.531665681Z 275 kHHYsCyYdyWwL2rYn0Gj568oN5g7qTHTip6sF5wxi5fTUsMbsmVl9z7q0CtB
2020-09-17T05:45:05.574114455Z 276 hWQlhRVY1lsBewxmLh9nsgIs8oDnahFCSqDGR3mWcr7Afv9p9drlJHbToOUj
2020-09-17T05:45:05.615280222Z 277 EZ3Ln0pDa4V5GnoLKWpcJWyuXFCamNvnItlF8obnd5R2PoqR8TzVGRcIUJMW
2020-09-17T05:45:05.656735257Z 278 3tUSZYgJHHIXkGPkb58HYlzrVI0F1d1oFcoVowJCbanLPQ3nZGTwBKWghaKW
2020-09-17T05:45:05.698807289Z 279 yqJp8FEHIjIqIcuQZsltaqj9FbxwBdkX1ooBHz520yoLeisMTCpfTz8u7t9K
2020-09-17T05:45:05.739349823Z 280 7pmDDbQjSa0OWZCLs6yFE87hvUS9T3QRlEEDOK5UNjPy50AGSVULLBO1Rpu4
2020-09-17T05:45:05.780546548Z 281 brTkmEd8pvu1F9Mihd4aSN5Soj8fVxZTdTzs45l9bvvX1KfAatG60nU18J02
2020-09-17T05:45:05.821236907Z 282 iiMx4K8fyGFSzoJNvMqJkv8MPKeYzT8MizafCSUQV2vemyiitM2p4NJgDCPE
2020-09-17T05:45:05.862780532Z 283 CreJuzMGwN8X81hVRUsAkpuEzOtGmqcRYgvFhAJvDwpJ7JLaWWIVqBaZOu6v
2020-09-17T05:45:05.903419317Z 284 ltenPop1ZQNNbmxEgX0rxIXY37qPLjdGb84g7kXzEPOAGARipAnxYf7qpxCF
2020-09-17T05:45:05.943950613Z 285 RDAPgTPNEbshpsuW6peI8Pikxiu880KpUTGMpTcZNlCwC3kZijlqdlxxYPFO
2020-09-17T05:45:05.985441927Z 286 uPgW7nU8JyDXkyVZLzcXAo1lKyMUYPgV4JUA9p32MoLUzm2izcPVoWUmPdSp
2020-09-17T05:45:06.026312094Z 287 W7zrbTagTMkGRfjZE8bNTRhYvykRHNkEK7jpvRcjmVaLuni8cWxk7MkvnZcj
2020-09-17T05:45:06.067764213Z 288 fVzqmmGZUBHZwiTxAuGBukcV9obonVrmE6geDgLk6fmOSEeDXV3HB4RB7B4g
2020-09-17T05:45:06.108236007Z 289 p20hPOa96W3rKvrma03stykUDj7eUDqu8SVebS525KoRl08BUgcjgwXP8dBn
2020-09-17T05:45:06.149459641Z 290 1QSRLW3wnsFTKwt35O7PKwXqsGuSjMlBSM8Z1TQ19nykqLZIMIaHev9XtDN1
2020-09-17T05:45:06.189920924Z 291 BKGeEf0bsokusjID6tw0ZdEvF50qVojynaUQy2z92xw4BlKy5I2EacXfOBdQ
2020-09-17T05:45:06.231726428Z 292 WFHLCvvUnIOfjMHtkUyqA7AU3iDkrjfHI3QDEKr32oqO6r6HRN41R9kOkcae
2020-09-17T05:45:06.273303551Z 293 niJa6qE1w2uixC7tVbAA9kTMo3l8V3tl5kKgquUiwgwNz7vkCRPEmNg4wl42
2020-09-17T05:45:06.314867863Z 294 U19cqZxnAiKd8Q6RuVd34M9RoQc6uLFJL3iS9LlqU3YvlyC3G2Ikqjl4UKjp
2020-09-17T05:45:06.356559162Z 295 2lAxM9JWMyTmVPF0KaL2GX7h8JZxxed6ifTgqqiEMBlaHdF4GgnoicuYFk90
2020-09-17T05:45:06.397751567Z 296 usCe3VSzSO9ttVSQ2hg1eVgk6TU12rYAl2zg2996NuMmdAh2fLJQDT4zpEc1
2020-09-17T05:45:06.438047463Z 297 hFrSviK8UBmop5jpnoC1IZ8wFIILlbd7QCWwpuqatHMOVI36DQ3Ydm8A1pG3
2020-09-17T05:45:06.479334925Z 298 DwP4SQNM0GeaXInyHCwVQdYXFu2iRhxvBHjgZPZHHGEcMMbhGxBD6drLsYy2
2020-09-17T05:45:06.520343432Z 299 1BVcLXd2654Uiist3QpZdp3ZECOGSjdXBvvrDMhBlXXJlOQbjFJmUiVQqH4F
2020-09-17T05:45:06.561909126Z 300 2zGTQM6vLTsBdOFqorjrcU8bEkzl9G8PyNJojfTspxGDdsl9DPIQEzKZKuCU
2020-09-17T05:45:06.603303313Z 301 tAuRFyHbAcXoL6reSzyQIxg3qkzzmKvWiiEsJOVAOHNDUUh0rPZHZDQXYAy5
2020-09-17T05:45:06.644083407Z 302 n00RMnNMeGIBMwR4XfKo0sogJQc7fAWCdG8KDMREmodDAPehJAzFfKV6AKYn
2020-09-17T05:45:06.685437580Z 303 S6l1wVt7V8H7KnL8hcOYrA7wUjYTY8cNL5bHfcspiXzfVu8d5jzzjD99q2FV
2020-09-17T05:45:06.726441617Z 304 iI8xDVlsjzV9jkPW475E93BcokGu2f67GLO2FD8Mv4tgIQlFLAX46ik2bckM
2020-09-17T05:45:06.767292643Z 305 6hH1b7T9JlSY5hNbZ6JV30YOqHElVzPEx9gp3nXynJf26pfVB8UeOzVQkkQ5
2020-09-17T05:45:06.808467777Z 306 VhvbHIDqsWJtkzV66jGtBAdbSMvuuOGLaoF8O6HC8QWIVI0Cvp6nq8LIm59X
2020-09-17T05:45:06.849531071Z 307 ceHH2LMjNFR5F4otebWp3MJ27ZN9YzZKiy40gAzII9EFFTWWRoA6SCTDfnLK
2020-09-17T05:45:06.890855172Z 308 3qgapRnwJusGdKZ25OJQSF4xcGtOoehNh9SlLHHSotdcX6R5yhpaQAsJbW7K
2020-09-17T05:45:06.932627336Z 309 UexdoswdhO5B7NYsrnjyld9nJ2aJjNVQJ7VHB2w5eQeh5GlJU0FMN9R9M4Lf
2020-09-17T05:45:06.973515535Z 310 WWJYEkPxrRq948NR1ai5ml8tYKoxu6OgjrcSuH3hCzTmYHw8sc0C0W5rYVdL
2020-09-17T05:45:07.014868337Z 311 ynvQX3Zb04ITXLvBoR8bAYKXrOqGWcmZ6FbEozqrgAIFuk4HhwTzXGqRc7YP
2020-09-17T05:45:07.056225650Z 312 Ipc31pLNw1Wf8OeaB3AsNSnVzciFgQwIHhuWxH1tYChHLAuqCuNCDW0pDhCz
2020-09-17T05:45:07.097020326Z 313 DTpJs1rJTLQPb9N85WqAZOJrW7ZZGmkMRhkcnVasNL1KGEA7Yp2i7lxV2MSb
2020-09-17T05:45:07.138877651Z 314 Fj6Ub0yn12aThChkPCsVVYmoDic4Txs6SWCZaBZWmANmGAHw2r5Jax1hRjzW
2020-09-17T05:45:07.179898241Z 315 aZ35GZZfB3r6XOPxgXmYPEjpG02Pchs81O0npVxWjdlXcOBlgPE5GQbyKAT4
2020-09-17T05:45:07.221633250Z 316 SfAf3kb4Y1142yuWIS5xyPqJ1mxB1vI1XIi7VRkvGXj3LWSQQujXv8MlBcPf
2020-09-17T05:45:07.263555567Z 317 RIH6IQGRLEBLo4VxD3RPeEgyqIf3HwXI111HicfHqLMrs0URcOso45V24vbV
2020-09-17T05:45:07.305507801Z 318 Y8NC8S69fY444edMwPl1e8GdOCUDKi3ZoUvF9hZM2qz715irkMe0Ag5D3TcF
2020-09-17T05:45:07.346993145Z 319 LTumJo4m28aj4YW8dSh1RDZ37mHMI8UpoJMlfyjAWdAwhVx28nGbLT94MVTZ
2020-09-17T05:45:07.387843710Z 320 0UjCQ2eqB5TTMUaJhbDvfPc2bVD5iEZTqemI2bcy1yrPCkfRuzczo35V56st
2020-09-17T05:45:07.429812450Z 321 8NThzr7ZcD07jAkb5cpGo8adnFs4HVWcJ4Vdnb5wmBkfUsggF7vPyp20e8o5
2020-09-17T05:45:07.471530666Z 322 KAhZX9hdxAZfwRRv74zJBAXvMor3989Ltel8VElm2tvobA9W8xJVpbtJ7SZF
2020-09-17T05:45:07.512058349Z 323 gtt2lI3XRFsLYNLgj84TLKGrgbHNDaOXyEhWtuvIYAVq08Xiqx5CtSgZR9Yy
2020-09-17T05:45:07.553567169Z 324 gWWT8w1mBHXAobAmXkDg0qQ9hZPvQHMoDXaiNFPrRPvxpNTiVUGOIQrZUY4M
2020-09-17T05:45:07.594318061Z 325 Z04Vj9u94vCUVSibOuaW09JNl3Mgm6ghBBwvin9RtO7eouSOOoX2KvZtmpgk
2020-09-17T05:45:07.635380354Z 326 HRioyA2j2FRLIaUSqvpDRjjoIjRABe11y09scrBND2NmUN2k6ifIYhDBecs1
2020-09-17T05:45:07.678110993Z 327 oxyA2XmaJZovX0NWLRX4MlA3HjXw4a3MeiEIM7ZNs9hvFHi4IjeyzdJu4RHN
2020-09-17T05:45:07.719767151Z 328 zfG68YOrOTBvk8ln50OBUY2ga35XxomHAxS309G0rMKxekhOmYu6WNQpMMX5
2020-09-17T05:45:07.761718522Z 329 E11XElS1i7jUiRUfSsA42Q2bbu0WzvapnYJ1xkg4dFrxqRv49rmv5Lq0qppx
2020-09-17T05:45:07.803378039Z 330 D1xHqw1Q3vYo9K0395tapkxrhWyIJshjQN2E1Fwp3NC6dHKNtTrh5ueFm9lv
2020-09-17T05:45:07.844777414Z 331 4HLKksAA4jeUGtOKcbHkSQ3jZjU88jHE89xG5Ml8s5bcOtWyoc3S32gjXFHQ
2020-09-17T05:45:07.886485923Z 332 pFVKJ2KHzBoE077LjuUxzIvUkvW17Io2Q1qWZz5W1fPvcCkP6yQTM0n2BzKL
2020-09-17T05:45:07.927377376Z 333 4FSW8UtW7rfiFJf3v9As0HNxxiQZUglLfGBZigF2P1sR3hyTb0Ol8kA6tFBk
2020-09-17T05:45:07.968107384Z 334 diDkR3ommYaJMgjd2SaPbJpe9NM4JkrW4RoCmDSJkZ4678y59VrFIXp5EnOE
2020-09-17T05:45:08.010001904Z 335 v6YuY5DWOu9yaFMWcNL9tUauJMzKbhkMt2G8MYiA2awoRqHhwBp8aN04Yq1k
2020-09-17T05:45:08.051739904Z 336 yxnIICSf7Utb8Vos3K9K4NzHWjZsTx6TQ7GTCy7Vl8uMz0mvfDbSqU0S8B0T
2020-09-17T05:45:08.092477342Z 337 zMRWCb2a6NiAJ1Dx9IAe1LEzm2LpwNfAROiL9aOM8VJspWrvUtdEs0hrhf9A
2020-09-17T05:45:08.133989715Z 338 vm5mFV0BJjKFVJ0KQR7cWAG09GKZP9rVzkjkLFMPKXp7m2BfrFfAQRxbm66R
2020-09-17T05:45:08.175993400Z 339 YhBO8MiKzPYfvUObfA6us1bTiXGsKTKDX9lVVdg5rh6phnztT3TgLOeDPpZe
2020-09-17T05:45:08.217972962Z 340 WoJgrokZ22rMO3nByvRLvdfjId9izwHL14L3FqJy9vE0n0d5AvEodRzjKpJP
2020-09-17T05:45:08.259199921Z 341 8e6ebW93dGwgbll6gla5z3IhYBbjfQu4CDR5KDcKf46DHFA6hwmDHC8sOEQ1
2020-09-17T05:45:08.299906315Z 342 wIMiws52W6DfS7bPqWpTdKxHr555DA0nAC9uodydvfK5ynpPBv0W4qdN97FV
2020-09-17T05:45:08.341627077Z 343 8qeM3lKxb8C4tyhdhVfSQCP5ShrdvQ56EPI6QdoT3eVEwjk4Ga3NutkjYyvQ
2020-09-17T05:45:08.382224313Z 344 Geoz0VeI9bvpbwvEsjinLqP3qZbHP1heEDlvelUS4cB7PYJjXm7FPWhqN0HJ
2020-09-17T05:45:08.423894555Z 345 hqaD6DENrKJrvHnnHjJjFlIU3dvMgSbZid2VzJoRuZ83QsYB3GigL9tm0eXk
2020-09-17T05:45:08.465183774Z 346 ADcKhFuaInM1NyfQETKbPES1UCS7TMphbgrpdJ2fYfrMiafIhRsWWNRXNIYM
2020-09-17T05:45:08.506634737Z 347 cHiRKBowjA1RBq6mPejnIbjdnHGRuELuYc0tKWRRHn3fwrptVaogFcpvotdt
2020-09-17T05:45:08.547184206Z 348 IiXZztR38OW1sdMah0r3mvXb1jQZuHn54qjIyfxQcqFiPnSdX1zuuhV8Z133
2020-09-17T05:45:08.588218042Z 349 UXzjPCWkdgCTgot7tfPKfwacfKv7kxNNpNxORZ02bKRNFtmgrVPuhHurm3Ch
2020-09-17T05:45:08.629952262Z 350 ZIsZRLW3PhkiaQznKJxyTBCcNo28bY0ZmcHHfQrmNPQ6BqYQvmV1GXXH1jpc
2020-09-17T05:45:08.671264798Z 351 uEPMMc7Y1kJlY51V1Zm3L3y5ylqGoYjfFlrFjJwMyMy7FCcnrflLCBIWcbUr
2020-09-17T05:45:08.712378842Z 352 JnRtRxR3Q684FYi8bysyE6xypTwatWEAmgEsP44VJgLZavZWZVQdIWkHhxmA
2020-09-17T05:45:08.753077442Z 353 qRYfGvVaRkyEIHwMms0NkL3nbMSqEM0N2C6OAHgLk2OCuzj8VS5JhdOL0aGp
2020-09-17T05:45:08.794678570Z 354 wyCyMoGxTfN6oUalRScwnm6y31K53Zdy6LJByh4XagMYhoZKvCXD7D46qhAw
2020-09-17T05:45:08.835081594Z 355 Fy8FqkSrY32kAz6c4QDTjBgELFGC8NqNOj8N5tLh6XYfbDG78Ve3uLtACzXf
2020-09-17T05:45:08.876761886Z 356 MjUw1OTc6dK7FWhmvXBxo7vt4cARsErHEwLOP4AiBneBdqteRLNB2cSAliUL
2020-09-17T05:45:08.918383032Z 357 C1vQuKwNz0V3wAFUIthruuC1XHofvX8SYARPZ9Gwl8rFqDCgUw8zNi3WwR1P
2020-09-17T05:45:08.959466235Z 358 Ckm2Tpwk8OolFrKhx0bJdPKs5Vr6OsGyj1J4naVH5pMpoRgpLZxesulgcXPo
2020-09-17T05:45:09.000135219Z 359 Vi5IDqauHR7AXoje6MwPVLFiCaQJD82CiXMUrNURIffc73T2DvKFsQczoCAy
2020-09-17T05:45:09.041196438Z 360 07Pq728Yn9oxWECsXCSx8YCau5eK8bmR9pM7KTx6Tgxo5l8hqSSBt6xsPZGu
2020-09-17T05:45:09.082453364Z 361 3SjYHcGemfLKcK1eOTXoSMZF95XSyIwy6nbrbXB0ReFGxLDfXlfKOtRFFnMT
2020-09-17T05:45:09.123582549Z 362 y2WANb1CydNss0POKHeVxzPHZ92sSP6NbdLdkBnWTzfxmdEku963jKDmS4fn
2020-09-17T05:45:09.165641331Z 363 W6PLkEkAFuYvOG1mg3RE1G8box9G6dqeUeyacdDvmEzhqV7nVPXweLWl3wXc
2020-09-17T05:45:09.206215042Z 364 cKP16NGs1PeyBF5o4YwzQ4Ff5eeH3XE6heywDqpDVhtnSdIaYR6axFyK6iNV
2020-09-17T05:45:09.246850529Z 365 xB1ZNG26zylQhYcSn0or3jWJjMULpBqnWHv14fflJRFOo7ztvkr6qYpS8Jqe
2020-09-17T05:45:09.288566890Z 366 p9ZUP1clhwIKq6rGRqQBNW6jFdUtU1mdbv5rprVE675SzPajtvU0cEFjsvwI
2020-09-17T05:45:09.329214717Z 367 w8uz9HKXVyT1Pv1HgmNlv5aqzgt4RtmNtKcFuIAfvJr4DAYOqI661pU6OZBl
2020-09-17T05:45:09.370322323Z 368 4YZhUKQkwZzrx8VS5wZRThtWanE29G2wtJtUGTe2XhshF09xmtiYJMXyc1Fl
2020-09-17T05:45:09.411161704Z 369 CkaJ7KmCpxkLaLzfYMqFk2676eSQA75mxz8TVUKoIK9M7htPX2EgxBNk0qSb
2020-09-17T05:45:09.452359969Z 370 ZtxjidFMwSqcKw3KB9lxzCYQ3bCf3NNhY7J7eLDLBw10LhYJ1r5RVH7hazla
2020-09-17T05:45:09.493047903Z 371 oWwwIuiacuK8vY5izZolZzT47WUiuVhGjs8Od3lIAdqZAZZ5XtOAwbx20Evj
2020-09-17T05:45:09.535075542Z 372 aMIPkjdJJn9tF64Akk0JMh5xdHe3oqyZk0ElBoR63JCXFMF7bMfZBuUyrQYs
2020-09-17T05:45:09.576666924Z 373 s7I66OEBCTe7SJdTfJSEmSKxq3N6v1bJRcwaNLV2lazA9SI5buf0PEDUMpLW
2020-09-17T05:45:09.617446435Z 374 DMty9LBHY1ojthtR440RbIjuN09z15yBYQXEyyJXxFPYzDoah9u27t09mgAf
2020-09-17T05:45:09.659237275Z 375 MevbB7UgIoW98DlNoNDoJhlpks2VI2GHxCX9PEkj8LrAQXcEAqk6LPba8WvR
2020-09-17T05:45:09.700789184Z 376 zD7Yn7vcIVE5RyOiyunCLqvv0yN8bw3SNxxwZZCMNMxnSF9xLijh8TWqBUnP
2020-09-17T05:45:09.741931061Z 377 wTQH8U4XzDofaIhV9B0xzM4mLt2GTg1h0IXwIgX5uqQGUaaITxuryPrdhtrC
2020-09-17T05:45:09.783939526Z 378 qniqxcSP4ne21E1ahQqtXmqY5Co8RSHO1KdKqCeKhkX4adaDrP2MT8gtNC11
2020-09-17T05:45:09.825945526Z 379 BTgkWiiIdTkDSNzK41f7HOXlkip81536WR8Yl6229rPHqW67oBpbJAQirVJi
2020-09-17T05:45:09.867250865Z 380 llB4VSlTbmAGQjXwEwpDYhHvfgLxQS2ZHK5sDLGY0ChQWKbnQMmGPkcDWXRb
2020-09-17T05:45:09.908328438Z 381 JQFOhPNNrQ7qhSxRkFToIXxRl6fz8QrBSaag7Tk8xQsnZwlgDYkjfhjSsDvG
2020-09-17T05:45:09.949812916Z 382 DGpmTH7iJljpTERl7boiJu3P5XlXFOLbIsko0pP0TrhNeAtgF3hv69LCWfOI
2020-09-17T05:45:09.990180533Z 383 nWein85IBc4mSZfPcfiw0gV2z3Axdq5z1PVnaZZRPk6uJfP4r1rKxfAMHG3m
2020-09-17T05:45:10.032065884Z 384 9vDUZmukfTw6RsG6CWLr8okImHZML4kCa8MYozvlgQcxG3wURRQbN0y8tJl8
2020-09-17T05:45:10.073857898Z 385 Q68bQfiqoslNHzyaUVSE15PqfDPlGBbgAnJEwm3FjfVjqZdYWvv5TD66doTQ
2020-09-17T05:45:10.115674740Z 386 4SHvVEL3rSHL0ZAGnc0dVrvoZcXImPkVuSNnJ0aqwhUyVx22f4WXsY0Cww24
2020-09-17T05:45:10.156446443Z 387 ZULVOrA1g4h1pILcmHyQzpJzrD1edLwRCdRkiPtL2heRfQ4YEmF2NVO9StKn
2020-09-17T05:45:10.197330442Z 388 Ju4TnM6Zc4OiBS5KUqoGzJmsROdK8Mmxt4DhU3vhoaBgY9L60EdOVhLA4oZN
2020-09-17T05:45:10.238963342Z 389 xD0Czopj7DgLenIotHTkCrfaHDYGLjr463S1eE7BI4vJwTNw9WrGdMAs1hU6
2020-09-17T05:45:10.281084945Z 390 HsRvbUBQWwTa9SMQKL0yNyjTJbhjk8Vf9uSod2UF09Hd9FNtRVpj2EmUDbp3
2020-09-17T05:45:10.323331266Z 391 PS9p2GLlQGTkRKiqcMuAi6uOGFEEmob1RC3vwNJclxBE9MnVvAy9rWaF0s7v
2020-09-17T05:45:10.364800090Z 392 jfPFkBI50oEXBsbk69Md5fcbFjSLsvcsJmKLY7zoaSlTRcrg2ZnpqlWuzZzt
2020-09-17T05:45:10.405120954Z 393 82Xm6cwYbqz21L6l17IWZ0wpQSPbfiVj0A5WFekVdGHZMUUbPXIZHgzmq0Xa
2020-09-17T05:45:10.446896633Z 394 u1XOoeUR9ynWDdGTjMAcsPvnjuYWwF6va5TwiFeTk9pPj9euqIwid4NMb58R
2020-09-17T05:45:10.488010516Z 395 Fdv6bE9EAvriHr73e3gahQjZFDLZbvpDYD0SVQ6NF469OLz5xJaBQlCqVWSa
2020-09-17T05:45:10.529717384Z 396 CwjR5VSwxzD9dd36ISGCdxiUvPHBH5KR595vUMM5QAnCumBvUGsvRZI3ATqB
2020-09-17T05:45:10.571288972Z 397 C1Aekpahgjnbj46THZ3EyQBscjTQKEPVPACURyfmYXGeiLX2KUQQUFA0OmSm
2020-09-17T05:45:10.612251115Z 398 fGzn8qW9mQlt1CQpg0aNDK0ewajFaQIaRi6FJzDCFtYeJc7eXTfWbd874PHw
2020-09-17T05:45:10.653654670Z 399 LIualJIid2izqrwWBqF7JY88P4rh0Au9GE1nIhV9vdVdqJHFSesxHPFYHgU8
2020-09-17T05:45:10.695229419Z 400 mlK2yi2AYQLwDn1WCuLidAhJtUoAVoAsNDPxie2GhNJi3y9WcSAa6zsw6L7R
2020-09-17T05:45:10.736708193Z 401 DHrIgFCWzXXSFKL2XwTQbCi08ancZwoXWMBtaOocjGtyydx3FEKuY9qEgBVP
2020-09-17T05:45:10.777426338Z 402 QjnXjsjwzXcQ6yQIKJ3McBlRWU5INZmnqv774U5bLTiLhcgW46uqD47IxUwj
2020-09-17T05:45:10.819053044Z 403 HKhNYFK7iZyTLRWGiYzZC0BAlI7J5VRZURa59hY4mKrwmi1z7qNeOMYB4kok
2020-09-17T05:45:10.860422588Z 404 Ydt6g4qaIc7IztYjVXwZPLIMSqMEMoRgpUuYLZ4OBmyMxvnaKTacrNqLeiuk
2020-09-17T05:45:10.901790161Z 405 8vrdZ8XavNtaz4NSoKsqTOjkKhWG8nqEyqkBN9L9HP7qChFfBHU8B1O4g7bc
2020-09-17T05:45:10.943257080Z 406 rD7Rh8mgeyM6dFw1GeaqM7UfjeY8MBvVNkedMX0gw414A6Gvi4rLLS9I003D
2020-09-17T05:45:10.985057407Z 407 0JAGHBney7UbEvTsgECuNpShoQIUVrkXrSTj3OzivjvlpsomXLYqHPB3s02c
2020-09-17T05:45:11.027139914Z 408 XdPHyCg7ZFi8AoEcw2L9DQ7pTbbhum5yy4Kob04nmIx8O9yUPm8cefgGTF1y
2020-09-17T05:45:11.069092795Z 409 45lMcLPkP2rrVI78g1DjojslRVhis8FApvpk4xk5EbzcnYiFrS54PdLnionG
2020-09-17T05:45:11.110949647Z 410 RNHjiMbW4awnoz98z5lfuATPPI19Z947ow6qXGgRFDSTKimfhJXkU1OFiNCQ
2020-09-17T05:45:11.152870799Z 411 Y0CmNXSRGWo1D0ZWvmzm53OPUjmO7Thbt76ArwTrO4l86xOnCEfKhGOZSBhz
2020-09-17T05:45:11.193892760Z 412 fFQJOWXWgm3eWaQp7m0uyOaNaWkETY7vvPQWSSeV2ofJVGBBEBbbDaWQ9QGv
2020-09-17T05:45:11.234202063Z 413 tkd2CSJbMkbn9U5DtgUP5t980YYDe5T3HGEWJebhlbxeRitW9Phm289B4WtI
2020-09-17T05:45:11.276134521Z 414 Xpn43Pkf0EvyYoDXzmHPyVnAgLUW7avSc7U0e3E2w28JAMifWB7MUyZziCIT
2020-09-17T05:45:11.317641883Z 415 VirnUBUGh0tWLc7QrLyx5WK9kq8DIuw1AYnGDEqRCUX0m0uxdxPbI70iOCG6
2020-09-17T05:45:11.358736210Z 416 tLEXZV9PZuAqi0S0MopdmtH7iJPt7wLM11cfpVPTdATVqU9c6J1lHwQesJF8
2020-09-17T05:45:11.399853066Z 417 Wh5F0UXRhBiNUgDTbmA8IiXzG1gMCuNugqaA9UXO7ThgFnSYVOh8UxRwxEtk
2020-09-17T05:45:11.441601085Z 418 Nk5EpbuvcSqNhgqbca9gjY5D4oUDYPezjD1dWNIVHDJ4hja60f9gX1yFvaLq
2020-09-17T05:45:11.482883035Z 419 L6GSWU3pckBp20pGJm7I7dMY7WCylE7dhRAa0EGgmEr5UVWEK2i13cTLyLhR
2020-09-17T05:45:11.523706726Z 420 QeJ9ywVZbJVvVvxHDwh79TpF0eEfXYutUWQS58MBKn6gQWYY5zycoJ3ooMPl
2020-09-17T05:45:11.564551851Z 421 xmd3XJBerc8ewjU9Qb1uKAKk2GBR84rAOYbI5vA0H1zvFLVpVhbK425iCdL5
2020-09-17T05:45:11.605998219Z 422 UV9sJPjgZNln6sYtweYxR9wESeoO4dDINpCJ0r9CzjJCty7vK9iScTwZ14ew
2020-09-17T05:45:11.647617562Z 423 VHoY9Uqc3nxDQTtxp0Wj4HRigIVnMqI1nWNvQRVdHdkVEGz0mxDAkklOl0kx
2020-09-17T05:45:11.688179113Z 424 KpKQFFc46XTeu0v3tAmrarsLZHexofgWjjSOakDLWSxiNjl15WMxEK57VZNy
2020-09-17T05:45:11.730004425Z 425 4GQ0julbUwqXACTUIBlDyWXNKodmNcIGUHTegT01uKT2235v78EMhl6yLtFC
2020-09-17T05:45:11.771265228Z 426 1mz6XqEDOGhWG0OlbtQfuo3E4aSpbtxcJtPJbPXA8jdMtUYFRRVvyFKnqt0P
2020-09-17T05:45:11.813038621Z 427 oHipjR5SjGzXW83GFanEE8X0b7mCIKvwJXGcy7ALdH1XZbaR3OZL47p3r2y8
2020-09-17T05:45:11.854421928Z 428 ZbvL2o7XYl8fEbpPS8Wf8Lng549vlQIZmcUirFb6OcfbYQM8j98zQEagj9OC
2020-09-17T05:45:11.895416451Z 429 Tc9g8f6rBQZxjkfKEHeeCW1KdBrEDHv9l6zx4uSFVI4Tste8UPBlun6WAgs8
2020-09-17T05:45:11.936809062Z 430 2t2wE8uptigeTHK4t1pZ16U1Hm3BG4kKSGXdkitAX9IL01y0TlUIdfCAs5KL
2020-09-17T05:45:11.979029386Z 431 clYiql8MFrKepwK4taK5Fo9HVHIyVt9krlQBddEdjWTNUBP0vSfRJZEpWjSq
2020-09-17T05:45:12.020745493Z 432 E2Kmaa3hrSjXPZSk2k9B8Dc2gePKqfYOuSEsia6IYzEXM6HST666i5KJ74VE
2020-09-17T05:45:12.061085945Z 433 TWmRrxOKDanogswvzEKqr0rd8hLhpL3SPpgnNFCI714Dg52vLKmpb4YHeao2
2020-09-17T05:45:12.102751163Z 434 hdOWRtJdf8gHSqoPXaL1geG8Rr9FcLHQ3t8YLM1kZE74MKN3yeNStWFdaLr6
2020-09-17T05:45:12.143594319Z 435 INPBJ2U5sKMaGbBr6rsKQvVj0zqhS5AuCRX8sULJt0Llk9oH9c25Jf6401mO
2020-09-17T05:45:12.184204241Z 436 3QgcswHr81YrDMpcaFK4VywYtbvibizVrk6k0Pu4hLqPGc44zdqwGyyVFmMG
2020-09-17T05:45:12.225963871Z 437 Yo71cPRqMxGotvq2h9qXFzTZkghASQQQCfL2jjRayiKLMwLCLSicNdktE8BC
2020-09-17T05:45:12.267495738Z 438 9nvq2fYTJJAveecE43pDf6RrgBdTqlX8uIdZ7lYKbSa65Cp8neZWAtaoeMzg
2020-09-17T05:45:12.308749887Z 439 ZuZLcMGPkIE8J7wECJUy8Hymm1EEeFJvIpQ8JHUiZ4xopTBwbH568lPxFUTK
2020-09-17T05:45:12.349769730Z 440 8gkztbvPdRnZOHkD72URHZgdMLrkXktvv3PvD4TmmOwzSXfJdIXZ4E1KOfFi
2020-09-17T05:45:12.390066841Z 441 Rh5DSe6kWUpqaJMe6h8uXZdLH4CoIDf1JCXqBhjy33MGu0gdEsrVV6xxXlxL
2020-09-17T05:45:12.431820034Z 442 mfF4aU6z4L6d2QWj92aWZBRUtVilERSAmHWS9D9AzvMRpHk5MB2utigKYY77
2020-09-17T05:45:12.473755550Z 443 SbzeReRgZj3Fy5mEu5TecmFelGtqsQCun8MzM6ywe3PCD9mdn83Rf0khjS66
2020-09-17T05:45:12.515332113Z 444 4jYVUcaGfN6JXRFunB4SLd8aaKeNCukGBO5jJkaKUlpFBb2GcjMqxklntGR8
2020-09-17T05:45:12.556828811Z 445 U7ubOgMDQ3wVfEyZfjtuWcn23tGA2cXvWMofVad43ZJP0C9H0CONd2tEdQDS
2020-09-17T05:45:12.598071957Z 446 X4Qr01r3m21PXfFak69Bx80CuTXZyUXNmLEZCnhc1Qp5QEe8stP3aWPltXay
2020-09-17T05:45:12.639279335Z 447 xxzN9ByI57AQhzpafjsfdLug65dstZh0usHsVLfMKJCss2k7vrNa0NcB0uEF
2020-09-17T05:45:12.680232162Z 448 dQ3RCa2D7Mgrx7f7CMHMwnPOrWHxJMaqPfKSzpsDO5HkwryIaBnZe9ITzwLk
2020-09-17T05:45:12.721345920Z 449 pWCYDmuI2VVUFwrqSmFksewGZnska5ntDFrzNQ9S4mrK0LAJE3paZB54nZq9
2020-09-17T05:45:12.762342303Z 450 qZbDM7K5588TmtAMpQktXIDmxKb8FpSsWgNOFXocKXHpUOcaYUaCYwp4XzLU
2020-09-17T05:45:12.804034726Z 451 4wdwH1BXgw667yxCuuVW3QbeVQNGNrq7H1CHjYJYPrAp8CEosdHHtVqpe1YV
2020-09-17T05:45:12.845541911Z 452 Hk5eQaCdTHg97UaK9G33YXcejps1MyY9NYrg6jgz8aYB6IGA96DmodkT26No
2020-09-17T05:45:12.886424044Z 453 3wIv4WtO3vxevkdLcV21nxx9lOri1eOa1yG8nyCxrgLqduSSFErkq5BkIAIY
2020-09-17T05:45:12.927091310Z 454 2qE001nVlMy1kFcIPX3OQQOMOLZ9RWZhas2yASaN36buoyDik7iLn9iz8Ly2
2020-09-17T05:45:12.968926781Z 455 Z07WfByotpbWowe84XUrN18fleZsmoqlzx1TjzMsZREE4ffUSJEwBjDZwjXX
2020-09-17T05:45:13.010864487Z 456 mgBIdDiqRSza0BEsD6caLGBc6NIYpm8s2h6fV7ZZnvdK7aktIIYhMARf3m6D
2020-09-17T05:45:13.053180740Z 457 HopN7Z7XEkyuxNVJB8cMZiB3hQhRx3YcQSIODRbObkE80PNILzDEcfZorKs6
2020-09-17T05:45:13.094726772Z 458 PFCxPwyN3O67NmaljvqBqsNXSzYOgNQMAZAmgi79uo6uvWfzVetaDMRtd8UU
2020-09-17T05:45:13.135949231Z 459 suzlAWikyFmVqzg4dYoXeXHwNs63JZLGfz7NvhODfyaWiE7W8RDXMPdcGg1X
2020-09-17T05:45:13.176560691Z 460 Hadl7z7RDnlt6as4DeMfs3HYgvUQfq3N80AptUpajFNrn3rzG6oDNfyRrHUS
2020-09-17T05:45:13.217982112Z 461 BkGzxgd2f1RGOomh9nJKiENIxXLMxDx0gVTwSshcZKyYjkaHfw0lNqwBInBw
2020-09-17T05:45:13.260086616Z 462 DXNO63K3lrtIXQINW26cNp18bQln965lpYp4iMjSGzjstQkUWUL3hNNPIyzl
2020-09-17T05:45:13.301644272Z 463 49vDC6w3WNpZVzSs0x2hk3Gg4zqMhQvYXlKPJKy5J9LQX2DhkQJmEWbq3Wfe
2020-09-17T05:45:13.342522215Z 464 QSjWu2n6FXi1SVQ4Jdo6HH7HRE8TghKAqRYdC6eOomtBLWmpFbbO9sfY0f2a
2020-09-17T05:45:13.383821127Z 465 9mGdGWX0BozcLC2vSj06Po6YcXI3rKty3HhHOfyfsi8GtKYxIKtLKHZ9hutj
2020-09-17T05:45:13.424724556Z 466 KdLSS5vvpwbbxx0okvXEnBbvwMNI7kmlhj08Op0ce59pJr5ZIs5jq5qNXAJU
2020-09-17T05:45:13.465021379Z 467 W6ThKq4GA8dB2sX2QsByNFvX8kAvK6k4TzthradcjaZtUMk8QdceG0Qf8Fj7
2020-09-17T05:45:13.506906345Z 468 fK2Z5W5k3wqMIG6mQq292SNyN79pbLfDz7XsZtFNtTh2yG0Gf7RF9oXx94qz
2020-09-17T05:45:13.547547904Z 469 j9xNEkxrH2uzVad6lltQdiQBjRZjNyySRqql5FCPegkAiR1IEGJVgdnXs1o4
2020-09-17T05:45:13.588375002Z 470 Upc3HTjtVZzDiIJ8579tnETcnZXz7M1PMS5CPNUIgQGnyKUg6JsMhJPAijVN
2020-09-17T05:45:13.628990008Z 471 lN9Mi9tvmEuGplbJOVsRzgwjF34Yn9xyjSHVMBp3stbuL4P4oIzjhwnksxYM
2020-09-17T05:45:13.669849663Z 472 14J6RlqstXc9XsgftpKpO5hgOvWlIydM3i9XYb6aR1G5Y6q810yCDkzbWtDj
2020-09-17T05:45:13.711669388Z 473 w1r10qhjzK6nrxdagpmcp7yivhsYoQeX6GON1j416gX3HWJN4bXkVlGNG9tC
2020-09-17T05:45:13.752432654Z 474 ipqci3srflARya8KaEomT9w6lR9WzvcuIVbn4XXdJTHEzqx6EpPkZw0YfEOm
2020-09-17T05:45:13.793459315Z 475 kdxCD1aj20U1UmgKgPFRHnopDSB7UVKMzeEptZlVV3bYHASmJFswM3v3WIPa
2020-09-17T05:45:13.834702474Z 476 Zxn9elKvHgZuLAfg8jzLHPfddmSYk1IDf6iGPLyIuXcZdHO1qiqKsBQ0RH3b
2020-09-17T05:45:13.875501139Z 477 PpaMnt4Pc7675TsElUPv2uxPfPX3zbdEKg5docYXvRDxqc57Yjf18fFJbrws
2020-09-17T05:45:13.916111809Z 478 8YJo8jOmDGrlHuHDeyRPCmCvlrs75lMYVP8cm0f9lBFKcR5f5mupgoFBAFWJ
2020-09-17T05:45:13.958013631Z 479 ua4WWNyVZ8wdCOAv1eb95zntVbVTn35Gs8eJXCsP0j4c2hZN857XWT5POz1E
2020-09-17T05:45:13.999873398Z 480 pOX4C2KUdrfNszFoVpokc8LkQeQIKPJezHTuizvxQXgM2WE2wcuYL4gjipD7
2020-09-17T05:45:14.041239949Z 481 pT9f8IetmH7wNHo5GzCjFqiGtDIg89jm6HHyOMJuWB5oMJblqFesR3FWAF8A
2020-09-17T05:45:14.082152528Z 482 BGqtjPrUw8lTHHKLr6Qbz8NrmNHJom4gbKqBz2KX6UPU3CiPGULoflq9oDJX
2020-09-17T05:45:14.123469852Z 483 OUenxopXU5GS30co1dTpmCe0G6cnBubrNS39N7OFV3jGATm8nh96D0jihjvz
2020-09-17T05:45:14.164965468Z 484 h3CHSHx0PLfRMwfkq2pzJATQvkCfoIqwELvlyfDlwstTHIVskp2Cm96GCKod
2020-09-17T05:45:14.207052162Z 485 6oGh9kT5J2bPnBotSltfS9B0EolYxTxBtv7vGNV4Y6csJmZQRInPcK8bDuOm
2020-09-17T05:45:14.248708402Z 486 4c1uBVIAX0TZFbSOzygg1iGIUiDh5o2TqVJ90YOlj5xHj6bJTYCicn5yzFtd
2020-09-17T05:45:14.289688812Z 487 BcGv0RiaSfvw3AzhO1Hud5cacXTsX4HthPzAMgGjO2hcV02Iu7ZNcR5lg4vg
2020-09-17T05:45:14.330870138Z 488 pNnsAmrDvx6a2pEAiGKiACT0ftL1I8hIU6SeJvgiUNeQRHlDtWc5ijYrhSF2
2020-09-17T05:45:14.372261069Z 489 uZmNS6NWmgmOmOOZG2ldB6eX8tBHRoXG8Ck4MeXJ6p5jCCQlyWTC9EzzcUsn
2020-09-17T05:45:14.413303319Z 490 PXcBzVw3S7kjA5YvW1d6PZmsjXRmVse9PXwPT32RZu6UIxUKuatu6LncHHVh
2020-09-17T05:45:14.454217319Z 491 qMhyHpROGnund5fgywWf0VdgWEfxHiPkkthhktxSNwNlBJ5XeSrksFsEAAOv
2020-09-17T05:45:14.496032328Z 492 6LQ5fkJxBcWiF62q9j9b4hWCWAj0qWDFwvhUiPgmCTIrESJtJbET9QXjS5y8
2020-09-17T05:45:14.537169526Z 493 MR9v4sryGdOnbn1U1iF0uT9hqqH1U4NVgCxko8qfDOKRyD556wiGaAsIMigK
2020-09-17T05:45:14.578213377Z 494 zyE0BuAGwEIupwHuU16a3IDcaNMni5kVaB6vrt9l5Gr727JcHAi8ui9yaWk1
2020-09-17T05:45:14.619380972Z 495 9jNZzfubN3Q6v75DOqo8f2MkkiKwKcl9VTiZqik9AwwF6KQZPjqCRgbCpdGP
2020-09-17T05:45:14.660674963Z 496 SoYOq1fcZoxBmXzKw0JcDRsEpht2uYX86U8GlgWvMwyvGHklg4UplfZAskbu
2020-09-17T05:45:14.701812797Z 497 kqkmKoHtwACVix8VmmIrkfpIyaRIwQTKE1n2TNnCjebbf7LH35NbAzawEeFz
2020-09-17T05:45:14.743967871Z 498 aEALoxaBcZI2HqAg1Iy6dLgHoFin3XKmmYTet4DIFUyacsj83oGztvbC2vln
2020-09-17T05:45:14.785789043Z 499 sbGxJFenKIbEB2eqyRoybuse8MMXjXmoj8QamcBRPqHu3yJeSGet04n2ThBz
2020-09-17T05:44:53.835885684Z 0 meSpZu1UAbJaIuZU12JNWtpkqgzqNg7WSLhO2MMfFXgEODGW6jovCqi1AM2UJW
2020-09-17T05:44:53.877562471Z 1 PsYzz6krQZK0FnHx27oiVQOfkTFgwu2VPGqo9Hai3uqaUTcN2eXm3XZIWQGx5X
2020-09-17T05:44:53.923386177Z 2 k0HbZArndtcyjBpQNUeJfG7cxIbyO9wcjsHpwVd1ZJOayhZaNQtcfE2hs5i1sX
2020-09-17T05:44:53.964181825Z 3 HjxatJgcNrWbBn2hgEaJ9GKUBGuqg5DRD9lHvUlDhDPqGW0dgYunTc44sfVyi2
2020-09-17T05:44:54.005178230Z 4 9752xxerYx48hrHqSavBw8fbgZ8FalEtrDAyGA8u6JSLigJ5xic2xXPLI9kIsa
2020-09-17T05:44:54.047063391Z 5 Z9WciY3AGoJEdE6ua7OmscAgpbEeE1vxdUYbw7o5MvOakLEWOya4oeBxfExUEf
2020-09-17T05:44:54.087774307Z 6 q8ZFwAVUeN1qyAdADBK11wz2nZAcEMczaOFrDyDslbjN8rqAw8AV5Cd1lAfP3T
2020-09-17T05:44:54.128592647Z 7 r5pQEZQVaUzRNM1pMa6dLJyKx6rk70HVBpb5r1cYJXtjQrFXX49VY9GjLZ0LgM
2020-09-17T05:44:54.170889930Z 8 P8V0CU1DI2pysgkt657CXSR02kYQAKGztq5U0XVMkOWHRsz2ZW8j826SEZM8B4
2020-09-17T05:44:54.211467187Z 9 XThRWHU4SUH1nef1fECzPrWqqalvs26oGZ8UG5cddoTY1tcZTebcUSqhALkPss
2020-09-17T05:44:54.253235438Z 10 ACvo7pU36mp99QkS5Qx8DZhW1GvHOOGmlDFRjntsxL1jUPKBsillHMNrfOxPa
2020-09-17T05:44:54.294103819Z 11 spYyLRp0KjANKEv7yL3AcIAPHSNdGxF76yUmLfg1j6BZ2K5wIiKnpXamLyz2u
2020-09-17T05:44:54.335568859Z 12 MrRhjUSrUgikGgn3yfX0kw1hqt1aD3lcY7GdNQ1123fM0q0I9BsM8FtOiTjsO
2020-09-17T05:44:54.376252719Z 13 4991A27Gk0nbnRf8Dk9Uizvh3JJwQfmlcBhHbF07Um9ZfMD49j89suvCzZS3J
2020-09-17T05:44:54.417815618Z 14 QiomvYGBRFgxrmCZ6q8u2OeRYsxTa0IUo0nMxQe9aM3ATrMzMP02iOaFzoXYw
2020-09-17T05:44:54.459146903Z 15 SCjPi0L7ZvksqboI0VfsEUvW8gMuBkTcd74ZMQq7OYE97QF8SZ1yWSpZnAYDt
2020-09-17T05:44:54.500639456Z 16 13PPxcpTIF4LKtUV6w85JVre8GJaLWNNmk4GtWhIhmrXfErQsErlExLtkgVPK
2020-09-17T05:44:54.541588350Z 17 knSOzTBS1lLOo8QS4zH2YAPTcQ1dpTAzeoJo7OnZHrAF9b8VQ9Bc4Sdla4E12
2020-09-17T05:44:54.582597268Z 18 vIgDpQKupMJ2tWDraBbhP7P9tC45CuIoDLkh56sL4hw5SDDFsNHEAUiEQp9ve
2020-09-17T05:44:54.623954417Z 19 gNkeeE2vcIH9D4pCYVi7nPq1AmLYzTqzsvEkEbUwLPx2iTQSEmhhzaVs2XZP2
2020-09-17T05:44:54.664663641Z 20 CD0iQYkG44z0IK0BA44UJ1J2UTiVnGqac1TeYStmmw8qs18cPJSyeDA37a86V
2020-09-17T05:44:54.706118630Z 21 E14mkB5KS8oMRBL8c0eUV4pCyI9ZaNL17Cm0dZD6aC2QWOlu011rYGDYyO7pL
2020-09-17T05:44:54.747162559Z 22 kJrCvoWflhGEz6uw9MTE5OFP4pXoo9LvYFCVjijm5oJEwMY89lpM1ARkoRQdY
2020-09-17T05:44:54.787218993Z 23 NyiYfmpimiUdTnJrnWjs9kPPr3wCCIy8waSSFPnReJw56I5f7mqpG1LkycU1X
2020-09-17T05:44:54.828887209Z 24 39RAhuWSE7NC6cHWWZQdvNojMK8pidd0BoobVsRLFAxqsXRJ47BSpcsxMmhex
2020-09-17T05:44:54.869545856Z 25 ZEivEkMJ0fxvreADombv42ToyqWAeLB35gHy7ggcNv8WFCtKoVaKT48S9roD5
2020-09-17T05:44:54.910970392Z 26 5yJLNJ63mVu6QjzPsqPIHn7RFE7WK3Dhx2pdeqAdtZHbTg1K48WuxJ92PTqQ4
2020-09-17T05:44:54.951620929Z 27 CwFHx1sYiNNy2mKYL4wkItxREkgsbGQZf3VaQXKUAOt5S3JtF6qqaR1U4GAHO
2020-09-17T05:44:54.992368736Z 28 Q6Wh8nVqhtcNM8eW5oG3Q1y7YrkCN2ZxA0TbiqbfLBtII6axZV6NUwMK0wVhx
2020-09-17T05:44:55.033437846Z 29 OY7QdmHW9jIzxNf7QvgbWIeVQy1SGetoTM5gMkYUn72FO0rSv3ihYpucLL48N
2020-09-17T05:44:55.075341765Z 30 jvk6AROEYDkwis9KxknqGDEup1LswjswEjJ8BjI9sxitNMKXZ9gQtOPjhMJFz
2020-09-17T05:44:55.116897708Z 31 PqSnfz0N29wMSwbegAUoRIiCWxhVLUuII8f4V9TGlG7u9azsM3SjDvsFtoFh1
2020-09-17T05:44:55.157495811Z 32 xzyJ3381PIvRHkp8fsdOpOO2gIZadVw7TNMdircsy7MgtE8cmNFB6jdS9Qyb0
2020-09-17T05:44:55.198497227Z 33 rN62fmiQnDIwr0844CmlzuKmj9HkaikyBCICOo90fM9qa645Tw8fIeqqU4o7Q
2020-09-17T05:44:55.239989385Z 34 oBJ9Tywagaqh9JAdymBuwI7wZugG5m5WlmvKfWNMKDzQfYmFlzUjqSyn3eRO9
2020-09-17T05:44:55.281281333Z 35 0J3NUhfh7I53xnxs6E9Kdwvwko5IByx0lWF5OHZAUMB8SSy4grduxL6qACrBD
2020-09-17T05:44:55.322873363Z 36 nlNrDpdJZUCpfZ0Van6rPNRSE08zCjdxxA1il90Nf1yekhToTSPBzj40LIqyy
2020-09-17T05:44:55.364344925Z 37 uOpI2QNy38RMCraVCsR6jsMOlOXSK7g2kcGa5oVNfdHRXKXvrVqEH873NCx6O
2020-09-17T05:44:55.405878545Z 38 oZE2QpDrLOhg4Pn0txI9hwdTHu39JFIUIHgHy4unA4WijECR1GwUaN2AMXr1W
2020-09-17T05:44:55.446420237Z 39 g0cUtDyktIEsZcpQnPciIAB8aO17PrFkCddJBBSF7SF4ovAaYUr0N8fij0af8
2020-09-17T05:44:55.487774231Z 40 QSPrWUibJeXk0hvS1OF3j6yVHyjzR7gI43siqjRxb7XiZgA1gLYdiLEhfzwSj
2020-09-17T05:44:55.529221525Z 41 6K051u7ItfDByu0l79N1gnc67W2aUVUw6sZmo1d7pSRltpqR0AqrTzbkPs0ou
2020-09-17T05:44:55.571088909Z 42 IQnDEJYVL0NDJNJoVhbNBFcIjmVvbJOdYOzeHPaIc0wtLcwihoryr5121xDWi
2020-09-17T05:44:55.611597800Z 43 6hEpKEcY2xRLX6IH8XCBEsY3FkcdxeqQRbiGJSnwWF3pHXgp4Y2sPNaJdgz59
2020-09-17T05:44:55.654642624Z 44 0qBvsC2zS3yFLmqsxA4rK1SdsKAaZxQT54OVAIjUeQelvJcGTVU7XLke2NAYU
2020-09-17T05:44:55.693743425Z 45 qR1paGefwSJYKXfTLmE1iZu35W8Z3maxYkT83SH9eaV2um9sHoX0Qsl3QC3Ud
2020-09-17T05:44:55.735122519Z 46 KgtR2by5bqthzyWJMoTYwZhXBHgPzAxMOKLNoXyZhxsSKYBS7mEIdJ7qlp1iX
2020-09-17T05:44:55.777279412Z 47 7M20CrinwYw2LGSt6HDCqfFLCQ72V9F44JYmZHtejKeguZpxLwaqu34NHiKSM
2020-09-17T05:44:55.818354114Z 48 GA9ZYf9kiqvRjXev5eu3Xl0pfr2TH3XGuWv0Y1laIsdL401A7tNDmGbntjMZm
2020-09-17T05:44:55.859901435Z 49 31hgfxQllduf6iBoh3CBLwEvejXegMaFLpALjod0vXoGkBs3W7hWnnLsqUEXp
2020-09-17T05:44:55.900859087Z 50 qJMq8gwNwxdyLhtDu8T6neEbOHk63Mssfqk9jMt51gzIzAWE2Kuo2Xg0FkISk
2020-09-17T05:44:55.942097517Z 51 6uj1ltqGkKeow9TMhh7TsnZPFJzajnA1yAJMbrGADSzxAyiHYjd8aWPTOijag
2020-09-17T05:44:55.982645562Z 52 E0ewBHVyHpnV3426VGbEk9hBwp7LhhYcblppywVFrX9baN5fl6SVaeYUMVMjw
2020-09-17T05:44:56.024028432Z 53 1q5iFxghLmz2gPL1sqdpTfJY9rITYyBUOsjmpT4l9VPXPlwbDw0XbxvUNowD4
2020-09-17T05:44:56.065286045Z 54 YbEorBbJNU2hpYtl00Wfy7ReToFjeUaCsr63OFfKUIWSBe0sTgPsu4NbvHZo7
2020-09-17T05:44:56.105967707Z 55 3bFYWxdOCKIV9JNHhf5O5C3jeLMIbU58ZMqj3CrI4Ssby1fnhEOWguYCeJfeK
2020-09-17T05:44:56.146499199Z 56 8LdggozxR1Sy5oyjnl310ADXb03bFY1WF5xccIXnFqnwBPAf8fKy87XQJLN5k
2020-09-17T05:44:56.187953631Z 57 cv46JRUfLi39JQmhniFbmQW6lbMU0lO5YcL63fYAoknf2ZejWxmFFh3MpK9Gf
2020-09-17T05:44:56.229150675Z 58 rza3CnLeGRDrxjJjthNvSXStFelmaUIuR7mzFr5OhAbAkuFgTPJE4hXP9KTiC
2020-09-17T05:44:56.270311289Z 59 7oeBAw4vsiXC5qnoixBGvaJe7ICAxMNFwxLQDdmKWz0uqxgux6w1wYu36ttRl
2020-09-17T05:44:56.311292557Z 60 PBBABMHr53iO2wunUKqN0ACGpd21rQg6AIN2Gc0thr40L8DELkRjsaBSX6BXg
2020-09-17T05:44:56.353173483Z 61 IZ7FD5CEr5D8qA0bPKkhqBKVwCWdMYDJhwgZ36qwpiefFSDwGSTR3Ex8uqGwh
2020-09-17T05:44:56.393810996Z 62 FWhFbYtfPrfSPia5Li7BzP38HsbrG8qHnNqDr63NZZsjOyD1NY7z77jhmAD7U
2020-09-17T05:44:56.435162145Z 63 VUnLXyRQJh7YM7JQyIiBTDabOrqlCKHGPyoxcVCm6wdqlx25dWi8fWrcZHEgq
2020-09-17T05:44:56.476015371Z 64 d7aTuQvBCusBf5SmAM2ZX1IQOyylJfUCvH5Ri2VLAvglGxuYxT3c6CtV6wYbW
2020-09-17T05:44:56.516591043Z 65 oUubyTjh0QHrYc48JwL9beIWDe8VCdDjiHJLLmczBit1PxU9B4zc1ifcEMHhL
2020-09-17T05:44:56.558048628Z 66 jk7MY8fVbf4dKzPF8DEW9D95lbazAgQ0AxRYjmTGD6DMPqou4M5RD2sqvhWqj
2020-09-17T05:44:56.598715034Z 67 J8qj0266v3PcGbkJeixUmW49xvSEG64OHaJ7H5PaA9sDlXCkfoGM6ESMNV661
2020-09-17T05:44:56.639989360Z 68 apeLEvkfqzAhpOObjkhynG0DZcLM4iyou5KDN4bUL0b7WFhKzSHFODpkzNtge
2020-09-17T05:44:56.680511017Z 69 nsLQ9talGB6QNpbkyesrDHxIce7VE3YYhEKgUeI0bsax8PVevOzUQKsOUHXbT
2020-09-17T05:44:56.722301313Z 70 mrnoXAWFZ3TPebcz0EHSJvBUjkqavzownPOFRwyDJwELJ75q6biTqTmNosmQv
2020-09-17T05:44:56.764072749Z 71 gYkjEXa47TmDDliNq8M3rfKQ8znp5wWRmPLruSre3DyBbFGawVc0tkkrhBygZ
2020-09-17T05:44:56.805134948Z 72 2H5ZZfTSB8R8y2rI6vOLNNpOYASZllO44pD0xRm72vippHUQe4wDQLSLeitoK
2020-09-17T05:44:56.846178210Z 73 2jWneSWnZm180MLpUGLlHAadzPrnoBo3W1RARPOtblWUFyzZZt8botpAHFCY1
2020-09-17T05:44:56.887398922Z 74 2xNDagJwpmX0gDZQCJF3rp686cktHb1ASSMmUZhdPWNZqaGdvCKKIvaMzRN8l
2020-09-17T05:44:56.928253712Z 75 UBOK5Ex8zmtrn4PYAx7BPi4QGNkCBmyqrZ9StXSAGTBlThG10hFcXRtX8aiIw
2020-09-17T05:44:56.969558260Z 76 zq3hy0gD3zClH6koLE3THMFdrhIBtCDKFaWYe9GjPVX03GgzJ7fSIKr6D8bGL
2020-09-17T05:44:57.011320601Z 77 dcKGK2uIUz7uiShmbP2hGKWNs2kGYEEveFC3iKiRQrMxXYhdZDo26zEjjHnAB
2020-09-17T05:44:57.052991811Z 78 Git42nBVVXiD6QAkQ4SVy22ob1XxqENqG1lfhBwnhipyqOjphrlHpVdLGQB7M
2020-09-17T05:44:57.093578436Z 79 HswLp9otm0dyAG4RxJa2oA82LYdgyOOvwc00UNDMZk9byXvVJrFhhFhAv8DAi
2020-09-17T05:44:57.134560784Z 80 eOsfAxkZQRpozbwZIzKXMYiT3h3OW3oIOSO6SEUs14DFRHjkAeMxZoSsqyPLS
2020-09-17T05:44:57.175736362Z 81 Iw4us3B944FDOyM8annLepMnugShPanupbwzYGQhteaUx0WBWwNdPxASmMAmf
2020-09-17T05:44:57.217253286Z 82 5rUqeEVp03gDgLC5zaqSWGiV6HzViL1SbbTagSR4ZFbXxxR4u4SoPGMHmQB8k
2020-09-17T05:44:57.259106098Z 83 GkEEu9xJY0xmRquc9WgRDpcMzheqDAGJ9VBFoaNHLwSNR21BLlgfhyyVePbKC
2020-09-17T05:44:57.299615397Z 84 L8LwtWDVsfm6gDHXX2bzcyCNkPEeldjTQyKCTMl65hXkJFXjxae8bD5YTiGDw
2020-09-17T05:44:57.340248567Z 85 rtV18CCgeGzfxRWEh6VQsVCLAnqwTCfsUlUq6vn7OPpOI8u3jFP25zxiNVCJC
2020-09-17T05:44:57.381574774Z 86 AdlF0XUvXbBZYG6nSIkoEBpGsCHdzpx3bgtabAgVUQEnet0KJLIoHgJkDIvNG
2020-09-17T05:44:57.422705980Z 87 Ive92qtQB5d8hRmaj0s4c8aGl5th7NuCCBxEst5fyFPVlT3pFlGTphEiV4whD
2020-09-17T05:44:57.464178432Z 88 1tWS5prCYm37MNv8VFJSauI7MMN0KEFS7rl5Ewi5B8U7JiXRMJP5hJbzJ1Z3O
2020-09-17T05:44:57.505999561Z 89 lBRXEWX81QVcTNvvirx6HxYlChDrYCLX0suepErhXwlmkwWsiMWcfkfORSoHm
2020-09-17T05:44:57.546707804Z 90 wwE6HeKPBEf1aoVH0IozkdsAaH5zgnQx7qQmyg1Q2zlD2xDfslTffBK8w1EkN
2020-09-17T05:44:57.587829997Z 91 MDF6jcRz13gGQnhLUfvJRmLlakFR37M6qfSLlayREeCVQBenji3ejji5su1iG
2020-09-17T05:44:57.629380394Z 92 ZUzRLy0F4LZnHiiWY72XmDrtZ3vL6jhkkjRvTESZrPJsSV0gB8AM4miVf7qGd
2020-09-17T05:44:57.670982356Z 93 OZZIyoG28KpRp5FepJZqL7k4E5VeZCeH86z2a1yageUwKviDoSGrnbvCgnk67
2020-09-17T05:44:57.711424801Z 94 dSSUVqC9FnBSToIUHrqnknqhXmFmMeY3Ng1r0aYJr1MFBcohl89DPNyoIyibL
2020-09-17T05:44:57.753167636Z 95 22DVu8k2MRrAW34X5aeHjvTYcqtZztJ6HVaMu3SXdnlWrLjRqtbNCPiL1DolC
2020-09-17T05:44:57.793839333Z 96 k6VD5vObi6YzLSpID6wpwJ6A7d9b3IIGuPMBj2AMHuJ3vZp3Zioddw3jRAGSd
2020-09-17T05:44:57.834869548Z 97 lRLy0w1NbJWySfsDeWIES0BIoV71wW1kAwuxv8Jx1QzkclOTVWDSF06Ueuc21
2020-09-17T05:44:57.875600301Z 98 TqayFGTWJCEfTeA9jgBHDvXMouq7q7aBxj6nVUwc1Kxz5fLAbMHgokA8b8xrN
2020-09-17T05:44:57.916913181Z 99 cQpAGnNA7pZ7Mn1n2kebP7YOwsCfoBol53VyAPk0ZkyGVyVePvyotIG5EqmDB
2020-09-17T05:44:57.957573781Z 100 Bgep1Y78aKSvhXJWnjDIpCh8mltKF80K2RcMt2ZDjUqdWZABT5xzNgypgM6N
2020-09-17T05:44:57.998565131Z 101 2fDbxxRfJp4647hdhP05BRAVWVGrUDueXOvtBwDyzuThP1PEtQ02HpRu0GFC
2020-09-17T05:44:58.040122795Z 102 sE98oBJVXm5cVeljglObNa3Yb5bk6dcH0pg8Kyt0Mg1gLzuFIacGIk3n4hPR
2020-09-17T05:44:58.082133392Z 103 SEXHEBCATTpIUoZmv4yslm381bzK02Jzlgd8FCZC0dNTo9NhX0FUBAYcAqaH
2020-09-17T05:44:58.122991776Z 104 wJD06mXX4dC1ODbVE26HfTghcPzlenDZOAtZJd8PxAoYPUK7Zu2lj9mRd58U
2020-09-17T05:44:58.163492107Z 105 g6A3OMcZMkeBEmLa5QgGn2N0q5f227UAH014PzqPRe2ZqfQZBZ69431zAaCF
2020-09-17T05:44:58.204756550Z 106 UPkrhDEcmqgL6S2xvs7qpLfic2RtqrBc5cODKtwih29vUGITd2TTU3lTkweL
2020-09-17T05:44:58.245310695Z 107 kpwH7yp1tEagquSTL47V6aJkxCp1RHq8dLmWoKVNWPnzXv7h0rLdfoRSohWw
2020-09-17T05:44:58.287467241Z 108 ISUizqJ3OPs7BSR3WMMYpK17paP4hLvlXZolC2IxS9Dl2zmSEp0k3nF5aFkl
2020-09-17T05:44:58.329214347Z 109 ZhspXvFqVZIpYGptzrforEqWN20y69NBaCPSmTuvlx3dfAnxtJgnjsBsFJ4m
2020-09-17T05:44:58.370510438Z 110 s1f7NKoMkrYTf42x3Wn3OMG4cUCC2DRl2Ca7oRmNPNoVtYIiHUVlJdBP3x2E
2020-09-17T05:44:58.411961418Z 111 CIds2Y7UcRaowv9RcUgJHSfhL1mqNIqpRfbdI3qx95gs7CQZc8L4QKR80zOE
2020-09-17T05:44:58.453836156Z 112 9ZJLXfmZ1vUbpN1SVgsjLq5Xxwo4kmrixCKYKejePP4yCZ9XuLHECyOnr9Kt
2020-09-17T05:44:58.494427979Z 113 J2ni9hCcuee7LadTyfTyGSNxA9zmKAqaCbkBAFGTopVUOYy5AFR2khGonOZ6
2020-09-17T05:44:58.535598675Z 114 VNdqW1LgI281mryEjtOrJtgd50GAnEUyCV5GYN7a2QopewB3KNf4RIizSeSI
2020-09-17T05:44:58.576619721Z 115 PgeonqGq1tLM6RNlp43jpn8MpLDApAPlWVREaZ70wUntqzlzQW4ml3SCObjd
2020-09-17T05:44:58.618293422Z 116 48r1yYdWvBZjnkRdKKr8Z2oo8I6Y6Wkz2ft8qPlItCBqLPC5NUk7kRXq9HF7
2020-09-17T05:44:58.659230889Z 117 WeZDwvmJc4Q6E9VQPGmjhv9AXWGCaZin7HwqGPa31IElZL8ww2AefhaN5WRc
2020-09-17T05:44:58.701360093Z 118 USqOHUKYSBmAexnhk1ClTFK5Utprzr5jgLeIQwSuOFyQGEt8No0lGiCISmrJ
2020-09-17T05:44:58.743156155Z 119 Noc945zswdkHJ04jV8crHgzk0c0nAeg1MNDyo4ONMZjKJ58P0lBswIOBSJVY
2020-09-17T05:44:58.784922445Z 120 8OQlddrcddP0JsQKLfvLiPlhGZs2Nl3JrKFFo2OXCehxp1yJvDN9aWgYJcHx
2020-09-17T05:44:58.826496654Z 121 aMMKNsruflYC678sx7AkxfoN9fZdiPG4ROijT10zuCUeFMg75Tmr206AddYP
2020-09-17T05:44:58.868213521Z 122 aMmqZSy8IzmlqRp6WHKaHapqiIdeKivCtI2LDV0bZI9nYXXC2koo9urFrvyK
2020-09-17T05:44:58.909829348Z 123 CpvRGLRDwg0eUMQSNkaeiVRoqEyR2sXKHPYbdjE4t6XIAiup9VORTzKxZUy5
2020-09-17T05:44:58.951387962Z 124 sYRWMrApcV9aX6D95eetZhduyiooD0v4n3V5NFAhqluDTQSU7n8uSfs0iOEG
2020-09-17T05:44:58.992364335Z 125 fSZO2KS6o7ejWFYpwTnQ47Uc30YifwzKCauJijWTkIx1yKh6GsmHZb7Nfvsm
2020-09-17T05:44:59.033941630Z 126 882hJtXDnU5IhCRYiAmFtWgM1x9X3YS2iYX67t0zOxEHChkn4BfIMPcAWYRt
2020-09-17T05:44:59.076089872Z 127 Kb8g6ee8P7dyRLPT2lGBQM9JnzW1lBAqL7VMBxKHbdh9pThcxvmjbWM2gLs2
2020-09-17T05:44:59.117989271Z 128 98olmVSwU5uoBpPdwsmOwlaBV6HyuUz5aACth968Fip7qHqoVMmVf3fTZ2fc
2020-09-17T05:44:59.158621254Z 129 Ef4DUrrXs2oFg43ZBfnUrSeolJirZBGvm99BxVcEq6ulGa6wyInJ91avuSSW
2020-09-17T05:44:59.199578570Z 130 4u4x6BbWuqorFcePQgsj4bGwrpOKjo94WSLalT7fwKIOZvq68IeIBBfGAwKx
2020-09-17T05:44:59.241153869Z 131 trmCBQHBm8SioFiKzvuLRLViOGoGdYe8k1vtZTE7N92ATUpQUXkvf228R1Ha
2020-09-17T05:44:59.282676757Z 132 zLMJlOhW8US9aKQXkUACzIb4NieRMKdRdleKPBTLiewHUVpuVFUm0pFJ2Cvo
2020-09-17T05:44:59.323998197Z 133 Ew4IjjBx3Sv8XQ2CWIaBOfq43hg7cHwfqB47hXzr3Yet2O8xR4PD706nYLMM
2020-09-17T05:44:59.364502408Z 134 gP1vEJ14BgfEFQ5DU2tyiEtx9WUJEh5AJXuQhqqcTWU6DdnKiuiJqgxqhQMq
2020-09-17T05:44:59.406300371Z 135 7Srii9t2uymIol2ajl0KXgS86AbUHQd7wD9sOJZ6GaFB3bpcho9xmWRrUogo
2020-09-17T05:44:59.447712011Z 136 KIldLVNbPQmSvL3njQ1XgHGYYgcofPe6oAltLihys8qFJoSgWBViliFxXjEV
2020-09-17T05:44:59.488528786Z 137 GM24OC3sAfzH0LhZyUbK6vbXksSdjwzkP7uHa1LUaPgpKhZ9euBBUD4bCtOL
2020-09-17T05:44:59.529964027Z 138 qSjR06bWXI8SlgjujZfa5ijfKuD0hzN9jPOrOUAe4R6VUJ6e22x7TRMZMEho
2020-09-17T05:44:59.570525931Z 139 rrO2lqpyN7RH1zLddyc9VCojcFr8cUNDCZruEmgBjTBGchR6WAYXHaflUxTN
2020-09-17T05:44:59.612350875Z 140 BvG9fH0qGNpSDjKPUia4ESxYW3JZcVCzAE2yqY0UXtA4JYsxDAwMAeJHBrwb
2020-09-17T05:44:59.654189546Z 141 5hdGO7Ri5zGWRhp1eukiJZ5JG0NOA2d0js6Uwi6owTaPkSfhoyoYKlhWGOIw
2020-09-17T05:44:59.695809777Z 142 WAmlfHeRcOssmhkXIibEot0PDCDz6rsrVAmAWJBaO0ITGGBpdf1N6ateM8gB
2020-09-17T05:44:59.737078927Z 143 5q4nTPwgr7hjaf7qxYC1hxzJUrHRMErgfWPnqQi3SGH3RqeQfGlo27xYshvM
2020-09-17T05:44:59.778027610Z 144 sMdRJfllbcsWvNlYZnJgW9LmLSP4uROUB3sPukjV0e6Xp4OlA3gsANXOFDcd
2020-09-17T05:44:59.818476833Z 145 YXHzwdyKXIQOITLhbYoqxsl2JTar5D9OuW81yxgZ9cOWkWdUm9lKHmMNjPnC
2020-09-17T05:44:59.859832318Z 146 H3Neex0bofPxzdbj6FuKHExdPh2ph2Bv9KvcVH86xc5Oa4KwDj5CKFL4M01n
2020-09-17T05:44:59.900492541Z 147 Y1sp2mDy4gfVXie0NpZ3MwfOH1mLaoSHWNV1eFxs4Ts3pHKVc8McJIEvuFWY
2020-09-17T05:44:59.942056913Z 148 4bz1PdoKNFkqd99SfTqTA2iwpIczL3l4xOR0vAgeRUDFVI8XejP59Yc1y7xK
2020-09-17T05:44:59.983188763Z 149 pAbkGUW9OFLfaMeNTHZMRfWXoPGjSNSQmRy5UkAczzteZZaAp78kig8QNQEn
2020-09-17T05:45:00.024893139Z 150 7cucGndQp18H4TORcAFLxRXnJm35ytKTVY6HjKpJVm0wakRnBOs603cYDgXk
2020-09-17T05:45:00.065582178Z 151 3APNb6F9vNmea70KMCKKA3iaQ25VmEfEOhkg1ZY9ufuqAQ0g4Hqf1z7jOgAg
2020-09-17T05:45:00.106812513Z 152 GKQRtB1UQto6Nv5Ubx38MNKY5x4Zp0vq8plWT2wiyt4ddDq8a1QtObFPr060
2020-09-17T05:45:00.147944258Z 153 2MRvw1hn6M3LCECkYh6QvASbeeWTWRhIPl83jM29ZxisUW8wMhlRcqXHJuj0
2020-09-17T05:45:00.188903069Z 154 AnWJJoWc1fbfz7NJvuDMSF4xQH1Ff2s9K18nKE7u1dfquWzLOO2vGxTOL8HI
2020-09-17T05:45:00.229511506Z 155 83a4NrYql61KpNt7XycxprVf9Bnvhy2ppRtko4PQRDt2UHGBhb7HkOQ6X8Q1
2020-09-17T05:45:00.271084108Z 156 TqQQHx0JvEaMin6BpqwQHw35LDL5fnhJOfg2B9D3UO3HwIVhkgUdjiqt5rDk
2020-09-17T05:45:00.313209783Z 157 QWevnwRX1BuVViZcaNlLYPM7923zF5Yj2KUaniLN8xaCMKPkD6nUIqEzXVTi
2020-09-17T05:45:00.354074321Z 158 SpMXhASadtD1xqcbK18Zv7Xsp2pYneLRNy0RBwbYvk432kZQmgvzz1ub52h5
2020-09-17T05:45:00.395185967Z 159 xjQsBfpoWoUyvOoFXAEcnVd3SDhwj7ZrYX5opScmLc4QzHpy6xIuZqrRtmG7
2020-09-17T05:45:00.436825054Z 160 AF0LycZJyT6QmiEy0lUnyzyfbmrf3heK6EkQ3SNVRfFrm1OyN2YWnOhnpjzm
2020-09-17T05:45:00.477485556Z 161 UCAn7B0Nag3KDNSpxY4PDlDD3maAGO3eJgAxZpO3mG6DFe3LI98STWFbuin7
2020-09-17T05:45:00.519132197Z 162 ZZDqrb1qac0GK7FXrWxGYRRdz2PaVqJAtKXaXhvNHywsEeBzun7MO26A6o1x
2020-09-17T05:45:00.560523994Z 163 aSVZ3e2stLBA3YpKluRgaWNTCEcKA7Sax3zqfKwLF4EncZM2CJXmyGhqzBv7
2020-09-17T05:45:00.601372016Z 164 1wlsY42Cy0F3DNuOOrk3g75tI9z1YmRjpgc6GfaRx4TOfyxk3s4lHDp6hVGb
2020-09-17T05:45:00.642461024Z 165 r5o2KRTxqvGRY91mLSP58Pp5hEFODujdpI7mb7JU3CEeLWSmwYKpI0bzngMh
2020-09-17T05:45:00.683475526Z 166 BFFoTWXNRIxhqdj7o8wZnmfgp18ACcRtvyA0UidprP2hmK8Ufji4d8YcVVk4
2020-09-17T05:45:00.724431746Z 167 gNyxDwZOIlm3yEy120SJNeQyHOQcnwKVuzEyV4up2NqxDxnTLySkORkg8nFh
2020-09-17T05:45:00.766428011Z 168 i3lc2e4MzM6852DnmfNQgvbsimS6U0aTRlN5cfkPon9B7M7f2xd02zid4fZX
2020-09-17T05:45:00.807613627Z 169 b2NbmaM9Kb3rrPe21P83kjW14y6egGXT8JMIVNOb0VN3s9cEeGwGDtMPRdOH
2020-09-17T05:45:00.848610901Z 170 5uW2rcd2ihoAMRlT7kf7Ok8TKTrP8qxwdexkU2zjrme7QAN9Y794OwCKGTTj
2020-09-17T05:45:00.890018846Z 171 2vuD0dhGLk6XtkT4IcucbrnE8dkC9jJQvGyp8VFh0Sljj02KxI1zXHOgnQDt
2020-09-17T05:45:00.931939467Z 172 3CNv0OQhWyKlqjkwLhfeee1HjDqciZ1LhjVtMKEZytAFpT2baMThecgg4FVf
2020-09-17T05:45:00.973791093Z 173 O6Om1vELEeJ0UrcVIFQsGnsOZUdL84aI7aUY0fIy0csdkNKVKcci07pZxAJH
2020-09-17T05:45:01.015187487Z 174 JZv6RrAliGkf1xYKHblix0CiJ3mwJkDpJfLSX4FfjO0WOguGRUUBfoj32Gap
2020-09-17T05:45:01.056846689Z 175 n9KheAh8nbOdHlL9fkpQ4YU1jaiNR8eoQKHYRXA6BN2t1gg0vDLnV9Jlz5k9
2020-09-17T05:45:01.097600302Z 176 C9XYecqnosHoqZzIgKoO0FXVPIPJX8KEJsSSLLmO83Ly2cLDZ8qpTcYOLx1a
2020-09-17T05:45:01.139042293Z 177 9oWhTrCgqhmsz3WDbQD1oJJSf3KI79a7Qa0fQXz5kQzeknXd4UkQGM5vfOOS
2020-09-17T05:45:01.180259064Z 178 GcOPE2EduSv5Va0l8PnZLgBpx81X5jcwqP57hoIj5ASdqyGfIPNGnSmXN0XY
2020-09-17T05:45:01.222156032Z 179 sPKMid383wVPHvwEjfIMspdipWHW5l2RBHEWlNJG8n6yX3VYLXiwiEFuJW7y
2020-09-17T05:45:01.263138071Z 180 zLif5Cv16MeIFvUjVqZ70uXIxSW1rsgn1oKQG4cCL7R26tivBEm0xp82YaH7
2020-09-17T05:45:01.304573675Z 181 YtDPhWAWTO4ljAPuj2ScXfPttOKdk7bA4ON37nEaiGRCcTYIPCfjPGBWmmlF
2020-09-17T05:45:01.346321417Z 182 NmQTgIJRLHoYAXvia6vFaqYvizc0nyjsLtZimDGCtEW1YhfIfxTyd393xxU4
2020-09-17T05:45:01.388063857Z 183 gag3ZfRza4w2wNz3FFyJBFid3XCB7gY5wo7HYf5tA8LZA54gSLyicWT0jjMK
2020-09-17T05:45:01.429562842Z 184 BpQhvvdk2ijY4iAmzwUP7j67dh0mNSJJLBk7EbHZMI3e32rvFy3osd6POCLF
2020-09-17T05:45:01.471038024Z 185 hTnb48vqiRdEvlzGa8tu3hqtSpAsRaRLYHaqWjiEFXgIAGOaZzftnS5S4y9M
2020-09-17T05:45:01.512547437Z 186 hkudeqOjqEJSX8pI9KqERZ02O1hvpcumBl7m0HeKR3CaThkKac3fR2GziaQx
2020-09-17T05:45:01.554129927Z 187 G5LqG4P5IinQgyE6faMR2P6W9kxvTxMG4OOTWZNLn5fTzv7E5YQldD7wQjzd
2020-09-17T05:45:01.596151622Z 188 aA26yWaNLBrs71Pn9G4xwv1h2mNrcmTpPADM3g5CHhn1yyIUfxqj7NIAmExH
2020-09-17T05:45:01.637879906Z 189 jf9qPdOHc9SODkNzphSWv6OhOELM8JWnGNGITcYrLomKFYGTFX7XXQuF96Jm
2020-09-17T05:45:01.679314608Z 190 2ZeOEiFNfKPkGFWV8ngqZgKbbLZHo1dYomEMzug0cJPsexCFuDbUWBusb6k0
2020-09-17T05:45:01.721203847Z 191 lXCV06xvDnbHlvNZkAPBAv8Go2YqATWxXtfItZDKC3Lp9bWRf0YP19dKae9b
2020-09-17T05:45:01.763114079Z 192 tXZbToCr8dpVh9wn0uuPjntlhPBQLnJGWFg6YrCoOiVpHTX7LyHsgGGyYoVQ
2020-09-17T05:45:01.803284363Z 193 f2gSAWqJTuVFCnN478HrRux9b0ZQEB4IuWxlp5Z9bFrJPe277JQPq2OCT9go
2020-09-17T05:45:01.845283400Z 194 Kmj9t1yybe2TGMs4AASmF69qVvG7MoBmzICr0aWPcfsVvelIsqqIe184SI0j
2020-09-17T05:45:01.886578291Z 195 7YAp662x7sR8au9Qn1zwI8mjSEuIeBIUWhcL8597DWEgS2iATRSy57xUkJ4a
2020-09-17T05:45:01.928162538Z 196 W77UCz6m5XxCKWhtR2lBGR1zjuaX3FpKvWqM41wCtlOWpiRE2DsTNAiZ9Umz
2020-09-17T05:45:01.969769065Z 197 AmSP0IWEUzmBpzrSHoLeaeNsR3qBx0hTRk8lmSiR5KE3C3KGeQFGSmXLywvu
2020-09-17T05:45:02.010322248Z 198 hu7R7ZmlDNW1ZdrNxYoSeTRgEAzfEPSIcqMhSUtUpxGPIvue5TF45B3Zhvnl
2020-09-17T05:45:02.052961563Z 199 Conmddgur8xuKCGcgFrvXQychYAN3pOfDtZ5HiOHlkLlozZntv0Cl2QhFo50
2020-09-17T05:45:02.094036881Z 200 XnCeYRbTFbJjJXSD55WKAReXFkh9XxwzMVuI6NNP5DKRc3Y5gGuZl1WVzkdP
2020-09-17T05:45:02.135135284Z 201 8ue44pSWBAyfzc8ksAB2sXHv3pqBrbXCqNWu7RPdaNelQlO8MXP6OhEyPVnD
2020-09-17T05:45:02.177278487Z 202 0Ej9MskDTkZ0rxJRmcMoqA3Jm1WGVYXSmnb11vmEYQ0Wo7TnzO5peuQXgzeY
2020-09-17T05:45:02.218220494Z 203 sxOBbXX24TEASByyS2q0RfMP2AF3WTUl5qdxFN2NU4QhTKDa4AwxkvnC88Vv
2020-09-17T05:45:02.259918867Z 204 igZ26tKJM8zcLofJg6Fjd8G8uYhGRt1GxYwnL87k8mRPEsqXqO9HlxnTAbjy
2020-09-17T05:45:02.301446400Z 205 1KKxNmTc6VxGGOaJCByDol2tQnnEhnqLrH4ib5P4Wn7dvLCAu6fA1gHWsNdI
2020-09-17T05:45:02.343275257Z 206 QNu2hbSd4vFB9ZHl4F0AxTxgTrmNj713n1pLuGHjIcSkxxQ4GjWwvjRKK066
2020-09-17T05:45:02.384363449Z 207 OMWpCYXTh3IR9KTsk44E8XPE4YU62hyopK83xGQeGPCH5KJrTlmFXyOOg2iT
2020-09-17T05:45:02.425507889Z 208 gZdQOD4iTLHu7YHlLkD3LpxQGIFWRMIDexzcBOwRhZFy0eUAxcRAaJMR8kvr
2020-09-17T05:45:02.466626659Z 209 K2ZFmmFtQGgEXNrMTbJ7pO5XbOdqstVdB0hBhY9XEADk9z4YT1GOtFrw0QBE
2020-09-17T05:45:02.508277483Z 210 inZm0EGmSi5hteQhi9BKAq6g9TEP0ijUQCCCzox0TNU9KUMP323nieoVY6k2
2020-09-17T05:45:02.549835130Z 211 KQwvUunvdgtmUM8HQCXRTuuWp6OaSxpPBWWsNlbwlK8s8YMrtupLfl8pJRWq
2020-09-17T05:45:02.591095391Z 212 pdp1vzy7smBVEcLoIgxTICzrVcAyZbVOrzzA6BNXOrgp5QONTTPDrTmVNrqk
2020-09-17T05:45:02.632910682Z 213 sVFJu6QIMKRRAl9v0Fy8pmkIB2nAlbj69tgi0X2moGeOEsVkb9XzQnZWtdNI
2020-09-17T05:45:02.674417216Z 214 s7hP6hFhjPZDaVyR8rQLJKTxoXyAW87qkyWgZA8AVpslDWZorgXtyUoLSrhu
2020-09-17T05:45:02.715717557Z 215 ORkNsKL5dzQcwu7OvyA4CA6DizHcZGCLN3iEOhQs6ye4pyHx7GiAbjqMDgpI
2020-09-17T05:45:02.756928823Z 216 yhMBMII6STGR7fLwsqhRSUdqwjWqD8TFJbC7n9ERy2eHTY014PJ8jCKEyOWV
2020-09-17T05:45:02.798214944Z 217 eas2v0g3ALeaiGjEXPfb66D9ChbT4WZGyjVwZPjtVvA6rqDvaqnRg6KIxpEd
2020-09-17T05:45:02.839996768Z 218 XoWh2uLsW6KIx3lgkqRg0ndb3ZocqweVISuEquyic2oz2IebJIZlAiahRkST
2020-09-17T05:45:02.880823088Z 219 7905bX3qivSirM2fTcjv8oLxv3CzpwMKjdQMbwgw7NKypKU1xJhPo0N44tMH
2020-09-17T05:45:02.921346240Z 220 KxHTSCB2tip97BrtITiuDuQwqrv5s7AhYdQ7of1XT6DZ2PvRdhxOQ1V0yMwk
2020-09-17T05:45:02.963243009Z 221 M8Ply5LVmvx50v1tWrKTWS5d9Wqss2hhdG5Ht3Ypwgm6o6F0GGSXAlGOAxJ3
2020-09-17T05:45:03.003768004Z 222 FD4kJotjTqw0VK2G9URuPhtFQVjUp9Wwcb7EWj21kTUxOeSZqmEt4zQ9kVp4
2020-09-17T05:45:03.044538606Z 223 MfpHcH6FzccIqBuBNo3BPODQ4GqiCSLW7ZLSEOVsqHPWeWAcaOnCAEDMHz3q
2020-09-17T05:45:03.086136061Z 224 lNqew2ctEcseLbp5tjxoEeVHfn4a3cWO8a81ZaeaI5vhPBLaoXfefpA2rJJe
2020-09-17T05:45:03.127070122Z 225 ZmHIRI1OqjIAnE5LjgbEqz2rstGJWQfcg1LD5RiV8nOi0tnPKgc1w8rJgmt9
2020-09-17T05:45:03.168076724Z 226 jTqnqV5YIHQLVh79e4AqsjCOXspDRjlA37Zf8GLXAG94qX4Ef2cS2lLccZRo
2020-09-17T05:45:03.208937377Z 227 plhUOFYjXLmO1EwaSBIPEE1gFYzluHl9j9JwmSrvKeGNZwZKRz0w0CSjxtwr
2020-09-17T05:45:03.249381355Z 228 f0Y0r3qG4oaRK2a1jO6OdFxOUE0DvJTlUW92ypbYyKtqiUV3Z1NPRqgJhKpJ
2020-09-17T05:45:03.291178390Z 229 viQXj2JDZRKttBzBxAwdSLbNVm12toCkqIYfHpgVgsReYlxhzGOtvndpydoE
2020-09-17T05:45:03.331600630Z 230 neXHVwVDoLFVkrgrOa3nSW58xloFAUWPLuWCGBZaaHKhlCS94a77R9CXBwmh
2020-09-17T05:45:03.373232331Z 231 pbQp7655POkgfXUrgN5XtyDvUvnrttaLcvprpoTPRymLiqlWAGKl4NwNr2GD
2020-09-17T05:45:03.415084824Z 232 BBCjf35mqOFYeIYmxasRAzezKCLvFScYXhJrnhBXWOVztFxP3pfuY0R6uUnh
2020-09-17T05:45:03.456517880Z 233 iRhyr9p58SJ2RWviuUWala1oT5wQoMBsjSl22EChK9pUytFuIKkAz8sMrL21
2020-09-17T05:45:03.497880694Z 234 nPaK2uW1XKj0NLlp4h8uaBjeWfJvrY9h24Wcg5o9Q0XKuCImgM000vCHWm4h
2020-09-17T05:45:03.539073355Z 235 1fdNMkjbhBQfiy8TalfTPb84dUMrr9CfcmUhjk262Qf4w9j8FzDSVihUXNLs
2020-09-17T05:45:03.579946930Z 236 rK9MbqG4ktBlhyfYoRHkVYo1B4FAzw8Teet8bPZE9XyHH7IqoRQHnzuT8FUe
2020-09-17T05:45:03.620642548Z 237 viM7w9m0HwJbJFSO2YcY5t6nYhNNu5860ZG2WNgg25DW5ZEa1qEhyjfuYb3j
2020-09-17T05:45:03.661867669Z 238 fN5OUe3Ts19BootN66f8x6sVx8HYdTMzS0M0uDPiY6fUrfOm5UHm9lP9m5Oc
2020-09-17T05:45:03.702589714Z 239 ldB4gmmOLWB3NhBLOlLD9xlLpHj5NgRMpcJjdQGSxIYefpHLNFBILyPChKgp
2020-09-17T05:45:03.744246746Z 240 k7d3X1YR4vvZXsYRqworofcCB2r8AK7CUerTpaFLhagb12lKxMwAZOjGjFD0
2020-09-17T05:45:03.785865949Z 241 85DS9W3pfFx1lwdDPl1fybvvhuNZXJBFO7yc2OZ9AQIlZtjf29S688idUGHv
2020-09-17T05:45:03.826604291Z 242 tWx8k9V0ZIznLv3X5X5qyFVgaVVXWWwlPxBecShedqFA63bIQnsJEZCBE09V
2020-09-17T05:45:03.867956339Z 243 yubbGSvHvUJJojWiYA0Qe7yXfRIgw0WPSFBLCdd0nL2nLPcznhHhVYEUAUFd
2020-09-17T05:45:03.908751103Z 244 mMfTivsv1w4cGpw1pMnOUJvYUPR8Citg69C0Waio6cNRS5c7o21zyuT2Gvqf
2020-09-17T05:45:03.950291114Z 245 2OjUzKD0CG7OA03JTK1kU8GmbuxVfyTHDl7l9I47yZMHVIoHu4tEOIf3Rz4c
2020-09-17T05:45:03.991588670Z 246 c5YSSUgIQiO7A0MLN5Zdrj0nIimitMOenal5XkwLHel5u54xPhhvSnTkt6BV
2020-09-17T05:45:04.033287810Z 247 ghfiW2IqogrlgTScLIIxpbCjbRQV56u8a8xeiXFdo2K7cJFSXRNK3iBMr0Cp
2020-09-17T05:45:04.074842724Z 248 xGDIYrRtVDEVApThAcBkLIXUGMimTYFPqxUvRPU9CnNQFAYE0zwYzWi774Aq
2020-09-17T05:45:04.115970112Z 249 72SYOtMhRK1dTcEsIlE6W5R7MursLc2DetdBDSmMXBRWmefYoJjDtW9UGFdi
2020-09-17T05:45:04.157195682Z 250 SFbET422HSLrDX2LVmm6xrW9zVC9s7raXnIpy3s9eZhRcYrq3fOtezSnfvvJ
2020-09-17T05:45:04.197826335Z 251 kfthpCGg147ljIbNc1ZDP67KfF9PUOiZVUCxBLBLLK88SXsfQgIRXdciLxEx
2020-09-17T05:45:04.239286563Z 252 MOHy0NgI38YB79ZsvQRymwR0eV0DJmAlmzfg1r52eIUezVJsa3AO2Lc2F1KZ
2020-09-17T05:45:04.281096991Z 253 tEHTTjgB1ykv1qGMzB1NWHXVLbjR40rOyJc1tIYGpFFjb8MyY6Nwxpt0AX0D
2020-09-17T05:45:04.322098864Z 254 iLdEaXgpdnzhaaqAcV5MROKMFn6hbF5iJKCnQJ3PfRCRduJUKMZwcB7LBYrF
2020-09-17T05:45:04.362669990Z 255 vSMhuicFKhotJ8PuShs1ZLaDq4xX2jpoqFqTFlxHXWMjgYi9sM9x4yE5KkU4
2020-09-17T05:45:04.404414272Z 256 pv5zIEqlpZyMOtVXGkItWVp1zjGgAoqv87QU5YMPRibSFDcMklnNmZEb5mxF
2020-09-17T05:45:04.446224374Z 257 xuhKpJShtZZfS8s8nY5YOgWQ5W0C9iceU4Y8ifjq7n5dFrzQlheWzevGIHEb
2020-09-17T05:45:04.487989095Z 258 M2wXIrzfnijGvPcDdW8jNFqOkVlnF1vuAC146x4ygdQqh6YWU250isauQ0kg
2020-09-17T05:45:04.529429194Z 259 gmbazmsGpyMVaNJqYvCN6k1B3qvEzgKobDIo1E4dC9BiAonTebAiXG0m262G
2020-09-17T05:45:04.570764080Z 260 A1hQRclLfjlF4GvwJYoPCxxMfAuAWv2u0syPhDcmZTZeHdfvAK71DVoF6CMG
2020-09-17T05:45:04.612106822Z 261 5OgleZgT4oewhZBNIi2jv0ApCA1YsMcTQ6TiPpzJAO8fiNZayiVGPwgb5ars
2020-09-17T05:45:04.653307785Z 262 gshNSiVu4NjpZ6wxcYkJwZ8hPQ4Mpo2MWUQ5wXsE2Qx6RxAs2mC4zcJYthss
2020-09-17T05:45:04.694407904Z 263 Em9DKOYs0JWV5OTD3oNNUbdAW8XAMd6uHdmBsn3fxz6YvMEWnaqFspGovtNK
2020-09-17T05:45:04.736351314Z 264 pjSen7phleiqFHj47EnQfd8vm93NLmwe9gg8YJ3sCwYxYsVjcCv5JJwdyVE3
2020-09-17T05:45:04.777989542Z 265 x7MhVlUTosfDlj5eDJkmU03rGxL2rW8g8gBVRvJJeYSdm6XsxwNPTqzfz8qP
2020-09-17T05:45:04.818819325Z 266 VldwywxnmODT5U1QY5TZ42sn6IpDxhdPgdL88928ZDXjhFkOwvVpWL6mvw4M
2020-09-17T05:45:04.860377822Z 267 qP7h0cy4RPk1LcjfVfjdI1hcAIUN2zjChYjmIp9L13PgpfHfWj9xoUX8JBt4
2020-09-17T05:45:04.901050595Z 268 kW49Hk7PnEs2ynwEvvSL91ktmxylwUaF1c8otun8UmyHvIdt0C6f2fpiNb77
2020-09-17T05:45:04.941455938Z 269 lW08UgJOYuLVP2kXcLP8YcLrN0YjqgX18Y57onxcCuZ8d9adka2GodsokOSQ
2020-09-17T05:45:04.983179092Z 270 VnMqVNe1AumUd2GACtpAKn5DhLxRLX0qgeIz3xd261l7lPwP97wA1RUSO8pk
2020-09-17T05:45:05.024431547Z 271 52fb4JFkudiRxctXi5wqPCKTYzygcGZVV691D9WousnDLjwia6Gj518V0n3O
2020-09-17T05:45:05.065963032Z 272 jeE5Io9KqPGLCvSt9jumOYQnm9TnbB3PmentnREsAVY1xAg9QWSgvpgGiNo8
2020-09-17T05:45:05.106718820Z 273 V4kl5KUbr1njH5mWv1YEqo5QIAzPZ4E7KFNspILAM6OY58MQUli4jrlpEVmI
2020-09-17T05:45:05.147902168Z 274 ZGDndtHkcniu7asEGbTkbC3UA3JGXdLNZlEnCZPERWV5MqDxmnwY6ASPuCez
2020-09-17T05:45:05.188528760Z 275 DUKJ602tGeHDjhYjMzCjw4PF5eRzOYDV7rw5iuCvQXH8lpKIcA5WLWWGsopp
2020-09-17T05:45:05.230100148Z 276 lzzXyZB2pbY9fV8l9Q4yfvR2ZeyLygyVwNOx0cCEhVZ7FK3Eyqy7MfvpJdk7
2020-09-17T05:45:05.271335591Z 277 8sFF4nfjOGpiIFiqNJmpuFyj4pO0ppxWUQQZNt4pRqfpZKGX2F4WRegNd3aZ
2020-09-17T05:45:05.313041586Z 278 1e95K7oyBuPN0YhoiGYkZdWloaJvDvqSh3hQgGvTfl1DGYOlrhkEe7M5KM4K
2020-09-17T05:45:05.354013751Z 279 a432r2ea3koLAxIRd7m6xpGtGduafQnAQIRTflDhf9Xw2PN0xUD2A0jlX6og
2020-09-17T05:45:05.394836114Z 280 SDxcOx0r14gOQb6pPBMO5SATDIRh14yOLmdsNjLG3oPFnIVkmcV871m2jRd5
2020-09-17T05:45:05.436320464Z 281 xesSmrO6M3BEGS2EuGGpwO0gWZyXdDeVQiBby3mzitg4WDFKxYty3tuO2BxE
2020-09-17T05:45:05.476562103Z 282 OYS4LdeUyUV6RPUL8oFfcnbA1qFCM1gOx9lRgC06NDWXXy3YFwpXXKDS0oow
2020-09-17T05:45:05.517592588Z 283 NqJKb5Ru8QLnVnNN5Iiqwrfv0caDSDpyb0jE0uWIzU0FOlfjxqudYrBOT1Ey
2020-09-17T05:45:05.558506946Z 284 rnkoESI782HraereDXLjeiJWMtKFqkQRDTmd5qtIDsIjwZx573OEcYu4zb3D
2020-09-17T05:45:05.599289929Z 285 BRzXo9ZPGnA3jkZvIiEwbDIWiUV5SCaKeo2GvZ94gCvub7kjoNdUSoftAf1g
2020-09-17T05:45:05.640825724Z 286 RwJaJNDFogODqxP50JRySqwwxvKm17KQkfc8VAdeDMEecdWf6aTlgCmNj9bm
2020-09-17T05:45:05.683100978Z 287 zP6Nud52Z9QtZrbSi8TWKyostsyU6nXDo0LRXlFLHLn79y5xKzJWt2FpJ5Oo
2020-09-17T05:45:05.724536160Z 288 IhLgkZDJQQnNJhDpwGrH7gwLWWpxJLGlidq8olyRpP0ODJu6uk8iAAo94NqD
2020-09-17T05:45:05.765864156Z 289 23XbuS9quz6pwQIbtboCe3jpotL0JdRv4LINRPZRWuiSz7xU4HMgulqyShif
2020-09-17T05:45:05.806808832Z 290 82jVpC2rn8W4U2LYNvwAmmj778nXwdR2obWtm7agHYDqtUumLdDbTBnwPsZ2
2020-09-17T05:45:05.855106292Z 291 wRnnnptCT41NMQh3o8ST9F47oci2n3rz9IKdRt97J4hsEqjopOxWLdB6ji8A
2020-09-17T05:45:05.898077013Z 292 FB8pHDVoxqlGf74fKVQOZ2YBFSAGFHwSJUIO3vHxsqeQVksmpdbnnLKN5Lf4
2020-09-17T05:45:05.939339811Z 293 mSTIyDskmQ1svphysjDrXZG4GYisxYImONqcnLagzRSlLJfsZVgWM3ibqnqK
2020-09-17T05:45:05.980979952Z 294 KlcHlMMO4iMDqDGTP4pHXZYK1Gy8BESLcFntykmyFfDYxzyZ0nZN5wtb6CSD
2020-09-17T05:45:06.022555057Z 295 R6OyVn6k1yWGm8nsGfTDMOdQtUqwoiX6sQ01m0IUJwhoomGffVzaelb5GvTs
2020-09-17T05:45:06.064295796Z 296 dZtLlXAG2pK5Bb3xyW8TVeq29dLnfvPmqZXWl527uoPlNLd71T9lk9w7qDYp
2020-09-17T05:45:06.105616655Z 297 DBhtMXhMGfEzgcEn1LXDzwNR4VECFMq7CXHmErQwBlL8myhIfpgzzQ63GUh4
2020-09-17T05:45:06.146716860Z 298 1mFOZwiH3w5bgI0J8cZ4YTu1kfNSXdDRBT4bCYBrDBVF6oOkXxFPU8owhmMy
2020-09-17T05:45:06.188198861Z 299 3eWI2awwqdB6rV7azGToxq3qxLontE1xqD17ap55hbrl02HnkuY99bHCTIA5
2020-09-17T05:45:06.229174840Z 300 I57RSCziBnEFuJItUlJsQXOyd2dXx0x73f4d2V2r1S2ZiCvzt4d3kK5DDHj7
2020-09-17T05:45:06.270907918Z 301 4RPHnUbF2cHVdPu6XFSsTfO2fl1WyFMYg3mm4fUexUKIujabRatQ90yXmUzx
2020-09-17T05:45:06.311803932Z 302 0JcYNBPJ6XNf81Hr3yb5X56OJ117BFivJ1Om5LrjuhsHRimXPYXstcUkdw8r
2020-09-17T05:45:06.352129444Z 303 eukVzwwXhz8aVGkrKuLnc8IaRpomtjyzxBebdaj8f3y6vx2BYzKBGapfsZVc
2020-09-17T05:45:06.393712536Z 304 jOQAj774M7xanEdZbA7gcrk0wAdr2VT1peIXztiBYG8uhmw8vDHIQIsraomX
2020-09-17T05:45:06.434732878Z 305 S8mo2Sf6s7pUw4fKMIZGWAGEJyvJa1tE0KulfwPMDytuBmDJXIcFiSjg5Wpd
2020-09-17T05:45:06.476057280Z 306 bNBnqlfyWPXFPdBZlgk5CgeD33GqqVlBFMy1RVNpBEjWVfC0tBhaFxKVqDs4
2020-09-17T05:45:06.517799355Z 307 LFavFTBjGTJQxt2OcpmbuixbSiwFBB8VTSF0VtjwKXur7sEuGLJAi0qz3qUK
2020-09-17T05:45:06.559042976Z 308 s2knE176yaXlXh7paNRS2tkbRc0SrEKIA2TQteR95x7LOpzkAYxmcxoguj8m
2020-09-17T05:45:06.600715380Z 309 xjZtKU7809II8OrMMIyIvShTUAsN1qxPy5VwTGmnklbAxUSADyvfPmej8rK0
2020-09-17T05:45:06.642074896Z 310 bEPrfnvgeZysmyFAJrL0HGLFbusXW3b0ckJxit1qq7kEO9mKwL4vjy1u0etU
2020-09-17T05:45:06.683006949Z 311 XnejZX5KQXgw2GYnqKVM4M6KCpZOuPhhdt9u2Qm1PWg6fEAkOwcqYUa9sLLw
2020-09-17T05:45:06.724301339Z 312 iIDr8MwzXbLktNV2WjVHv3DOUpWEF2cFkwo7VSt3V0VsqTDYBqetmTFBOPtb
2020-09-17T05:45:06.765721335Z 313 biqHeCi5kmJUIoWr4CJ9Icmy7W23cwa1lQvIN0H9hb61ZnRR3gj3W2ajZNu1
2020-09-17T05:45:06.807026888Z 314 X13IJtx9mWDqubIK04OR4OVHo1JxY0PCh4LtuwIJcTPkRGDfl5Q4jW8lGYAB
2020-09-17T05:45:06.847419395Z 315 Ppby6i3JLqWi4UpiVyomX4qPbCCUxqJoedFiHK82DfFX8mHmVVRHIdlaq4HP
2020-09-17T05:45:06.889518133Z 316 hb2m1S6ZdVlTyNeKxL3qtdCM0D1v6GAnh9B4J38cY0sAC4BmcMPBX0UCzi2V
2020-09-17T05:45:06.930896637Z 317 D45nX52rkH6B1UBK5XSJTJ1Pc3ntpokLjO724ge1RSghHOtNxLMDfdOPAsAN
2020-09-17T05:45:06.972218456Z 318 auTGSIO2PRz7LWE370rCpBYvRxJsaW9I5h29RXBurCQAJutsgXJjBMiO2ro8
2020-09-17T05:45:07.013509344Z 319 augZ3MJynlXcjiRNQn9u7O1iHLh4odWC488463C6HJKntvlXj7ny8d58BhEP
2020-09-17T05:45:07.055150259Z 320 PWfY84aDkuZvVj4odzTep6JW7dEMqsPZQEQrz1TT1eA1BzRN8hBeB7GRpVoW
2020-09-17T05:45:07.096410155Z 321 ugc4MUNbjdW7J2auIuM9v5sZpYzwX4HhSPZyW7hsEXa2CpdyRuhM70q0IF32
2020-09-17T05:45:07.138137524Z 322 JWRYXoV90OwDo7eJUFybKukuISDTYUHzht7nGk2qd4FkJnrR5xaBkTmSkBDz
2020-09-17T05:45:07.178638908Z 323 oQb0lTQ9YcjNQhpv1uA6oGV72JNnRGORb7CSgkQjQ7FsjquG3hveEIu9bqqI
2020-09-17T05:45:07.220171960Z 324 zptpuHV1WU404s20nKfv9V4Om2aKyXdrkGUqBaWdLzaJdhqr1LVNtvXSoKEM
2020-09-17T05:45:07.261850848Z 325 gtslaAYZOMykVJTavGHV6rAkq5ur6sdcSMHDFzEkb43wKILWRDyl66N6cgTX
2020-09-17T05:45:07.302451055Z 326 qXu9mEwncvB1UIWp8ZYoebgCVHFeFdOghJNcSFdQl68Pf1sZN7sAymcobiZs
2020-09-17T05:45:07.344664811Z 327 TG8L5A6qqCo1ITIhBq8bH8PAd90AEciVYJmiJNu8QQDvusZFoPTX4ArISks2
2020-09-17T05:45:07.386311774Z 328 td0ZuPoDG2XeWp2GejTz5f09l9vVDUsef7DkcUSjgRoeNjnIox1ZlVrRP3NR
2020-09-17T05:45:07.427800828Z 329 seQUkSC3mW9nBQmsgBTdy8HhhG6LhU7q4172Hid3vaeO4Fpz91EEyNqVXLjc
2020-09-17T05:45:07.468731273Z 330 PeiTvvCt6QQlMgCvS4qFj8Carh4QvocbdmUPJashJhtQBJmxYk16AJp0N1XH
2020-09-17T05:45:07.509299357Z 331 OxAxrdXljCIV6mPNNzRGPFIaHGDkg3A18QGlLTSXHzLdkysneo2KQ5bZjGeR
2020-09-17T05:45:07.550816345Z 332 qGCpXSPc64yGw8lGjXujLO1g25THGzv571v1VAj4YfYWO2UeRpczfCAhCm9t
2020-09-17T05:45:07.591665683Z 333 goYEnNCayBRD5BVSr5XJd1HGMaanh79sSbfvau7FKGiI5i1nS4vEm4Bm0gMZ
2020-09-17T05:45:07.632335623Z 334 iu1bGSddX5SJYMzShHn0BTFH0fBp62xecBjPysarLTeRitnEGUSKOvoVZ44s
2020-09-17T05:45:07.674120550Z 335 dqHwoqG11BIccE6l2mgN0I1PA5aQDdfPY2xCkJtPMxvAhjU64zaIMDOSgUpJ
2020-09-17T05:45:07.714831452Z 336 ouzNxIU1lrc8BTgF7UnSVhy8me7bCZ7RVrLQrK60ffjnHjUDREeJy4pijXMx
2020-09-17T05:45:07.755483936Z 337 QqjrAiEvsM3HfaTcp4usyeBwesV4ZAfjb20qv2EQNqamA7tCREJc1KMX0Lb7
2020-09-17T05:45:07.796989407Z 338 uNIV12h8wKjgfYGx2MntTN8GM6aYo79JtrfPisLALDWYrCvYWligxtG8VvSR
2020-09-17T05:45:07.837812864Z 339 B5wYofufqBH7lUt1tDzFbsalHQSziDkToOyB4ecBTP8wBl7RSuwBFPCxx8bI
2020-09-17T05:45:07.878920748Z 340 1erpziY5TjUnJBrL5U11QABaBNoeIULXzL06Z557zI44HAvvjO1lySmuj076
2020-09-17T05:45:07.919918669Z 341 QdyEA1Ui4zBk3oF1iAJKJdJ8RyposT7tGBhe4OvfBbQ7eb4dshK8OnCvTR7K
2020-09-17T05:45:07.960483950Z 342 xmlvZvS6RLlTDxHOcnqwrZ3Ks0FKWiVPlAgP9Yfo2K1P73t45GzHzaQ5S50F
2020-09-17T05:45:08.002062071Z 343 f1Shp3ab0Str2kBTZlyN5FnkqRrD2s2lywgrhZ6n5LHjLMTlBf63hqtJ5pLM
2020-09-17T05:45:08.043146975Z 344 VY6axIoJWItSDZmyNgURDi0hrB1JfmGExMC2C4O9J0XwCdYyWkUgUJYS7xDX
2020-09-17T05:45:08.085191102Z 345 C8aFOwUkued0JBi5yz1SpfgqqbOlHmLO3Dj1S2td3Z8sNSkZelNULoHsvc40
2020-09-17T05:45:08.127038017Z 346 ThP42NmRJrcQiu6rnixZdG2if8nldAHTEFheRD9lOm8dq8ILxAfAKd41kBdu
2020-09-17T05:45:08.168090497Z 347 3vPCenT96z6tsG9F9shG6ePYhRTmx30G376ySaIKsCj0v5HU1LvmWqRGWJmN
2020-09-17T05:45:08.208822331Z 348 yRX0JE7zHFlaIE7iBJ9khV8YWhmcgBNkFmockObv6mrASafdsM9DRtZp426V
2020-09-17T05:45:08.250215310Z 349 OWSVJ9DMiHk0gdi5KYernNgTHJ1IriQTVGAXPe12Tq1a3sT0pIPbz2pS6OMb
2020-09-17T05:45:08.292179697Z 350 VHZvv2f9nmXICO08C7EqVp0jmz0cU5Tnc9siMiSwCVcKAf1XIuJ0cwmV3TkA
2020-09-17T05:45:08.333466275Z 351 lAzwlHhs5pwdrOE5ny4oTMvJfHZnypnbqCj9bdMPkIfTuahlrcKsjn1Gr83W
2020-09-17T05:45:08.375404053Z 352 dFUiWwNeG6yXuKEJtlw1LyAL1VxTxy6FzAxga5JpqH2q39lMe49hQtos2Ddd
2020-09-17T05:45:08.416710595Z 353 5aNubmzcwKwz6TACxDEgAPwF5G7VsfMRwQfs3ZOhp46pR4VmoyB1IyVafLUy
2020-09-17T05:45:08.457636446Z 354 OsjLCHgjUWwD5SQkbnYspYFmUciKfADKThK3wKygcSHnsh6iIj2d3uVIBVDN
2020-09-17T05:45:08.498651275Z 355 2NZnEeWRfG8DklnXfIEBlxL5SVyyzhRW5FFD0XFSflE9tiAeJ7iwS3fdTjDI
2020-09-17T05:45:08.539520418Z 356 ZawnfKsPun8cNtKgd5GzrelDparUiQJ2zJ20vPvsNtss5waBbxEx2NUHPH0G
2020-09-17T05:45:08.580512661Z 357 2d0p2AXNlWbBPDIZXq0LlmepJ9uqbgFqiB6ON1wfQ3bWnaQLqPYNhJOJtXGk
2020-09-17T05:45:08.621706269Z 358 13dKua0qR2i4agvyWHv9FbizaL6gHD6licHRFTgImuoQ9ssIrSw2dL7wPbxt
2020-09-17T05:45:08.663403188Z 359 GZFBctmNItCMacFntMUp61nRKnNhO5uyuOXsXDDmoHOCHGf9VwDoaQySkCHp
2020-09-17T05:45:08.704843342Z 360 G6jOLsZssQ3ZoPlzF7GHfT7HEqo2NsJOttL4PqHsYLWT0jFh702iI8bDQrtG
2020-09-17T05:45:08.746444220Z 361 Vz98yODhFxb8JU9lq3ZUi88NWEXvyc9eCiLB4qFprEq3VBPrhtodUNKqXa9f
2020-09-17T05:45:08.787788677Z 362 iyExK1hzYezbGdsZ7FoYliiTLzSCbdT5WpYLUWuDQYQHSG15ydMFiqV262fE
2020-09-17T05:45:08.829227433Z 363 agCSdwGvuRTSd87vA22c0Yumpea4ZLMhPo2jeo9n2E8pakfACmcddsl5Lvos
2020-09-17T05:45:08.870399126Z 364 1y19Ood75iypvZZAleTrJrCMIjwL6VEcmxLpQx96O6CPwyNx5VvinGWmriuv
2020-09-17T05:45:08.911083244Z 365 IOgXCbEyDxFv81eo0JxJy0VcoZtaz3cHcinBWti4eSOSKxtqKxdns17eUBEC
2020-09-17T05:45:08.951642699Z 366 eTOSBkSs2Il53PPA5gfdNONLrtDaZKinCnLQkdJDJDa3RJmAYGdGnhUxGhRv
2020-09-17T05:45:08.993212718Z 367 duDH6JNh0GZ1ZQzR0pvxvm35FuLGCQTlVtobWO7CwBtTRU4CyFah9x5c1LdS
2020-09-17T05:45:09.034026632Z 368 1kHyDRGI8KVpNgZwMziQJhqAhyLAss3d6gfpsKSpdy4ufkn5GmzSSVzsq2lt
2020-09-17T05:45:09.075775969Z 369 hfiuds8xxuPKBKo1a7mjNvk3Yglzz9DkbaQKnu9RCffrjWjd7Dp4o1IBMwwz
2020-09-17T05:45:09.115701600Z 370 VQ5bymQ6niaqiMAxxcIzYGiDj2UtxQlVJHuWoH63Tutaff0SBOkaI3qCJeRJ
2020-09-17T05:45:09.157170826Z 371 kDzLywLzkrHcJBUdj9TCd50gVpvMKbiosRNzfI7nmv9XFKEj1yWuTHpebjQh
2020-09-17T05:45:09.197367145Z 372 BIy1JH5VpU9Dn0pPV4rCghTWSeH4iW0xeBsfs71d7WWMmmdPwKQ1QriFdj8s
2020-09-17T05:45:09.239182849Z 373 bqVLqUitvX9pR1AR02mkxwaN4qIpUwYIl0zzAZbd5bJtAeDCpUM7cmtMHDM7
2020-09-17T05:45:09.281037964Z 374 anILX9w4k5KwEkNpoAlkP9XKq4AiBdRf7rZVk4BD0yp5G9CVsfgK8c5S4H7b
2020-09-17T05:45:09.321997701Z 375 j96KxWMEiHY7S5KBUiH0qsprWbg03ZYOILUMK2AhBdy8BNnfsCrHoDfA8Ubn
2020-09-17T05:45:09.363262271Z 376 DpeNfGUEAOrZjawXreUb4p14UAFTWwzk1BoclFzMjBVO9QtjVr3tLWIBYqiZ
2020-09-17T05:45:09.404057435Z 377 rUG0Qmif6UaO0CUB8ISznT6oz2jzVq4LlPGyN9as3g0WNq20f9cgkczIjYhZ
2020-09-17T05:45:09.444782892Z 378 SIT5Cw306MbUgTJUQ3aMCbgVRGJQG7ZfstWDay7fbkEmR6OD3gAQrVqvWZV0
2020-09-17T05:45:09.486402196Z 379 1sl91ETAlGIfInOIccuvO1vDpSxNdKE4iUL1IWxRuGu65meRy8YWo9KMBXtf
2020-09-17T05:45:09.527273196Z 380 JSb2Kuy4AQdNIueWHaxm4RlUFNWhXpsnfg22hNQxh6SUgz7m7fUaUkElVenm
2020-09-17T05:45:09.568120134Z 381 2gImipU1WdG9uWnDUP20inikEyuEuQMchIY7GvI39ujjntMBSK4B7itDguUx
2020-09-17T05:45:09.608890192Z 382 rjdLIw2HB9gxjOEzUIRMbkzTOaReQ7NmW2GFgyvoo5lgl8AwVdUN2u9qg8Vb
2020-09-17T05:45:09.650740203Z 383 MqJJ3SlxFF6nFKhtL4Kn7AGCiqYBIpasiBi8fA8pP7MIEruaTVcizaEe7pQe
2020-09-17T05:45:09.692130409Z 384 AEPv3O43C4VGwot7OKfVpLbbxaAYM1afIviogXEJ1HrfToREiAZYOTwDecox
2020-09-17T05:45:09.733388273Z 385 uCjLyNyaFg1iNl9k8ZHrUrmX58uJZCuFebxvxhAwvmBLzhTaTZyHWIKSkpJa
2020-09-17T05:45:09.775722246Z 386 8SgOpjYDF9l3Cw0RMCEjdQxmy1IcsrOtGiJtIE0VvYx9oR7XBE7GaoTFJdbt
2020-09-17T05:45:09.817066213Z 387 2hwKOZl8vTiwLnlbBIFf8UbjEABCc0O2a16u5xqsJoCDPwQv2BJINHqP02HF
2020-09-17T05:45:09.858251527Z 388 k8eeCyjtH5b0vXoaH5LNto8i8BdNX4UX4HKaufu8XycGguVlFSFUs84T2uxS
2020-09-17T05:45:09.900357100Z 389 oEY2bMsLhHtElGFsTKOCzVfdR78H6gqBR1oIM8zQzGJqkTKuACzjKhx2RUJP
2020-09-17T05:45:09.942262875Z 390 4iUnIRC05j83UCxLmN6I6fAh23d6CrY8e1Vdws76fh7wjfRnqFndFZsic3HP
2020-09-17T05:45:09.983532661Z 391 GkVfVxyLnE2le9R0jsqkZLr0k4s2DaC897mLeUNeIJhe9YbK9TnbC7uoyL9h
2020-09-17T05:45:10.024995128Z 392 6rsZOv5V9GzGCOZvUISvrQcQ8ihnbjOr3tL4wSXIOOAI0eXehgBQWVpQfaLG
2020-09-17T05:45:10.067195489Z 393 StxuKEAnuIREEfVoQytWqFtgtzqX7EyH3bFQW3k27HZDBDmN5oJtOdjwwcuB
2020-09-17T05:45:10.109156379Z 394 3inntOy65IIIPd0c6W2pJqo4jajQ0vIs10lEjbg7tnUuAMbIiaCcyzakQPD6
2020-09-17T05:45:10.150075554Z 395 oENDGfy99MGXNffZB6G5LnXE0jQhz7ehp6wVVLoGPvWtriPQgBROCR66RkBG
2020-09-17T05:45:10.191696136Z 396 luKhSC7WS59HhKNZ12SrpJNtDK7mTC31xA0JZ9okjqK0VeA4cpsoyJ3P81Kc
2020-09-17T05:45:10.232781037Z 397 OohPndsRzDOY9NRvaefvT4MPX1RMVy7M0eX0WF0lOO1D051F65GWM7hchH58
2020-09-17T05:45:10.273549754Z 398 cnjv8AqwzkPRgWZ7cBQNDko3PzZEcCxZkqkSZTR4MMr4PifAMJmktllqWjxP
2020-09-17T05:45:10.314459163Z 399 nmxCBtLzlDzKF05m0LCrS0t94xHR2L9ZUnEP0VD7jhOM2Qpc0oETs7kLrmrp
2020-09-17T05:45:10.355823176Z 400 WD4JBLld3o4A8ieLAb35p4JDmyXF4dVVnWOb51k09kUy4br49ykcjHn3tEDh
2020-09-17T05:45:10.396184377Z 401 62G9xdry7tZOZ2YUG8xQMu8E4q29sQ1SEKIOBgvSueBsyQpSb40qB58pUgsx
2020-09-17T05:45:10.437835783Z 402 iqDnlrgqPhku0wVWmc9f0qU3ub4zmhkShRgTqUQkSySl7iCOIBs2VBe6poj5
2020-09-17T05:45:10.478306555Z 403 DLo4ALtWn5iZtbvjD1QI7tQmRf3KpT9RLNvmRCbVIjuzvB7WQzqShqt47j6i
2020-09-17T05:45:10.520035679Z 404 70I0Aa8S10adUXdnBVhM5Zx2rscWazKfe9GkLjkAdsITGBk3YqhepbZc8wDU
2020-09-17T05:45:10.561724619Z 405 e1tjPPtlGMjmLmFdotKkp4Rrecw1RljW0OHYwcSF9y6nIZJSvHBFspJTxp80
2020-09-17T05:45:10.602980449Z 406 lvSCZw8tZv84udpXGBwhGU6OeJpia3CdhYuGqPlIDGtZ0wiBIw4KNJpzptnv
2020-09-17T05:45:10.643514658Z 407 tfCyrZxgykegJBkSu3p9QaWcLJzr5OL9YPymsQ51dtwC0efX3zbPHX1UuvWK
2020-09-17T05:45:10.685094917Z 408 smcNnsFmaDtmKn7ZbqODtQ0WZPA8dJJWPJkmQRYam8ppm1nGLt9PUiplUKFM
2020-09-17T05:45:10.725358094Z 409 cGw9KLaYPWA2tdXgto80qHFxJw65zJkaY5CIBXEcEFYUU4WUHqzVNAsLDLOB
2020-09-17T05:45:10.767039638Z 410 Ss7jeokrTGfcpUfLVxsFrl6OKPB6kD7BdFbOYOo3M8KiSJhFt7T174TdVp8R
2020-09-17T05:45:10.807445816Z 411 A81ATkuh9RnaPcvInjsYuEgPscwhxcWnNuqdDvryfnkyfOGBflQkt1qecEoP
2020-09-17T05:45:10.848330362Z 412 qaHDRV6ZdWKJLsOHko678BUBwPJp9KKSGtFIRMO30K2pf8XVlKjmRdmgRCSb
2020-09-17T05:45:10.890173887Z 413 wmbp7u6joRYSa5pk85T85VUO2As7XeF8Ugdo86j3cOEkVv6aiSNxggkuP58P
2020-09-17T05:45:10.931657575Z 414 2pPTL1kQYkwiRzVdkHWWlPbE1q8IWpA0XTlnWdGwwe09VgZxWpadz4WFqfKJ
2020-09-17T05:45:10.973235473Z 415 aqFnO6lHC4j3u77LEzGQpSuMvWEwS8OkJYjKJDRHCUuA7T7mvHDLlTC3qT9M
2020-09-17T05:45:11.013453930Z 416 2YUifd58Zud2msrj3DyIXSpJnSrsH7RlMgV3FFM19WRz230hoUWwHSzJpnXl
2020-09-17T05:45:11.054845863Z 417 RMU7TA5QHVvBf3RPh2z6qBsGEO8r3M2503uyPqt4ssBZSJEEnBIkV6KMHbdg
2020-09-17T05:45:11.095582323Z 418 Qa9HBwgC44Bv0x3bB1IRp6DbACwdKiHvvTfbiZ729Rhe5WMPMsXkr5dV6kuo
2020-09-17T05:45:11.136780155Z 419 0xMab6AHCfofcccU5zmt6DkuUIo3GppIAJ1CLz8v0gZcO3wsFqegsSRVWnlo
2020-09-17T05:45:11.177611624Z 420 dI97M8u9zmov2DUi3LtwL0D9kdY6R4ZBAFkSjF8yBpXM8URavIIwFZX4kuDa
2020-09-17T05:45:11.219036311Z 421 hDC9TYzclrGl9mSr4xPjBs8aiuQ6GrF4TcK5bXqEhOSyRVbtXWKkUK2PSGua
2020-09-17T05:45:11.259647571Z 422 y0AKqa54eCvHhQB6tpBDKG06FJzKKKY1GeH8nZqdDh4WhXYRBIi2ZXzZsIgC
2020-09-17T05:45:11.301014174Z 423 0hvqCGg4pVhq0xhkArO6ZmHucgLO8dGUSfgNFdF8kf8pE1N6tF4mF7Y2Bk7W
2020-09-17T05:45:11.343418755Z 424 Hal6LlbfGPJy3YkcKU89iAqTKPtydNWsbGJZkUzn2Brp5nTzwKvbgPizWIBo
2020-09-17T05:45:11.385104880Z 425 bCBUgXcF17OQiW0lvkxSgETrhxoPhHaFz0YEFMDn8JEJZGjeVKiszYUjayTJ
2020-09-17T05:45:11.425823638Z 426 wirHMCGmFTUVm1k1E1Uo1mm3ipWrYVMnDmY22wW4jAIgrJmHU2Iua1dldxQJ
2020-09-17T05:45:11.466673890Z 427 7HS2Y3iG3Sdj5FbS20fVMt76eq7iG5WRHXHlUuChLytWB0vS5Pqo105rmL7Y
2020-09-17T05:45:11.507582807Z 428 3P1XmoLZZbQ2h3EGARciiQUWLwrzjt9QSeJkQjmvz0ywqVfMPmSlKF9yZj4F
2020-09-17T05:45:11.549215825Z 429 ulLmLo5sxCSpEYrUvsUqfM8Eeo1Pi6ntoqkMKfhws3vtwsracN9tRxrPqivi
2020-09-17T05:45:11.590422634Z 430 1A82zbUZ0rcyc8Wf0YfkhNo4mmOQAcfbVpktlGvgDmjBVklThwu1J3OneY26
2020-09-17T05:45:11.631627102Z 431 ePGqG2v7IrB66UeEypSFqWBIaLO45oDKevCSmMrCTjCv7rZF65X0rsjGWRLA
2020-09-17T05:45:11.672946311Z 432 NKssSMS6EhDJN86vGtF6ZZPUyj0h90svXxWoLwBtMnPyyX1cAbZud2kwpLnE
2020-09-17T05:45:11.713600085Z 433 sWvrndigS5saXdL0LnfVwFP6q282KoCileNQRn7oyUrC3mylC3AiIAuogb7c
2020-09-17T05:45:11.754476503Z 434 xhy0btppKc9z20y6irPWpwe3U80F5kSxko2irlUEBEj9nJBMjVTBM5mgrG7E
2020-09-17T05:45:11.795531094Z 435 Kqv18iFhfC2Df2Oh8HLwoNTwyjwHnNU0NY3jtZeSPhfkhCEFChsJCv8VsTw8
2020-09-17T05:45:11.837197937Z 436 15Y8R7oqtY3gbx7mBpsEwYzQQd0t9UldB6JATtPLpSgDTZTN9AZtMdDstJpe
2020-09-17T05:45:11.879287530Z 437 VBG0XaEOEh0cBnxa3p73JXNoLZTJC66OYoH2haFPEvqgZ5hML6UZwab1F5ka
2020-09-17T05:45:11.921238076Z 438 ThK3y8lY1YIbWBbbz5ua8FlUcEPVp3dAFPVRhTYUTsCdKQAaB5RyYd9cEAk9
2020-09-17T05:45:11.963363315Z 439 NEPZhYaGIYcdozW9mPifwkuJk0BwysckNwOTwww7JEgCyVDFO4u09Y1yUmVp
2020-09-17T05:45:12.005157259Z 440 ro7P43nWSwG47XhBWU8p44SndgbjlCpHcsEfng3pkG60KSDWS8XDhPRlBOx6
2020-09-17T05:45:12.047057596Z 441 WicWeWVZEPzwopG2ggCknj5NSGFedObMHKOCpjLTErISc0aQ9YlWQRM8UZkq
2020-09-17T05:45:12.088090373Z 442 0FRRxhWF9nM6D1NUqxhg3sJKD8suhJfMA2MQlSnon2D8IZqUYMjysCdnnJZG
2020-09-17T05:45:12.129912388Z 443 xHC6Y883AEfduZuL0QZotYsVme7igtcbuP0ZPUMkRzTf0ebi96pm06g7eyrM
2020-09-17T05:45:12.171459392Z 444 NtLzZD1uFjZsByzkqccVHiB9BAUpp6Ymtzdv8cMKc2xN46KM1RLp5IaquDRh
2020-09-17T05:45:12.212474532Z 445 zUFAIqcS7K1xeBDjxeU00X7jMNEvqM5IlwA18GGmmuUe1xRfyzfL3xxm8VLH
2020-09-17T05:45:12.253820371Z 446 fdc30ty3KMiZfLxjyzeboBq0FiO6mWDMi8UIHphWtKsqwyHJSoVdEAT0dM1E
2020-09-17T05:45:12.294846878Z 447 oJXwsGuFg9LNrSL8VKYYoqTJZwuOrzmVH6kUu9p4vISlLTyG951kvVtZN75k
2020-09-17T05:45:12.335486501Z 448 Aj8jdYq607xyDlMkJ5Z2fl5k1g3v5eMBSU6YzJbg9wCnjgHjoNSptAjHfVnJ
2020-09-17T05:45:12.376861401Z 449 i4M9LvC7PptztjUke4KIlZhoUQ8CulKlUOw1CVDh16bjYAt5kBRWkDT2SqNM
2020-09-17T05:45:12.417793707Z 450 mquf0mU8AGrI9GfNP0YPAj6ysHA8UT4TFovUJxMlsZcKuyTby9dFFNAS2n37
2020-09-17T05:45:12.458417663Z 451 I20kZ7NkRaQrOzLhsI5R9AmYceUl8aJEEWS78fPoQrSRvfDNPmamOsxQ8ZqV
2020-09-17T05:45:12.500127434Z 452 45Hcx2mSSzE0eaRUe6LTVzousMOB4kG9WTWnDNwxthevC9HqHn79y3Skp05g
2020-09-17T05:45:12.541435777Z 453 7MevDq2yFj7MbG5IRwOe3IIp7kBNNJKrxxlfMCEpLTbvpgcLReAvIx0YPplf
2020-09-17T05:45:12.582642919Z 454 3fasc1tT7UuXR7kBRZqkni3JRjRQOaOv45PGzrHQwbJWGNwPu4Sxf2b5kIZA
2020-09-17T05:45:12.623619619Z 455 0UBfgVjxWWILQsBUQ8YVbOeSm91e7uZSt20aGBwJNMPmwAokiL6r7bZoY4VP
2020-09-17T05:45:12.664550709Z 456 QyYKft2qgFQwiQyR2pSWXYhY5BD18yEMxnDMLtukh5KChugwXhyTa7C09aFH
2020-09-17T05:45:12.706061013Z 457 hOrcGun8jQkR9gtsOn4Vt1YLGBGaEm8AbZdEKuFa6GsVjYczIMoQozSl1P49
2020-09-17T05:45:12.747261239Z 458 IBp9Fa54BmxfMwpsQaujRV6YEUcBK3eh6Y9pkB8r94a9HBCH9QyqsuQSYFWC
2020-09-17T05:45:12.789327572Z 459 Re3TPJMuSMExEDcvy562x0nhdXnIKdSdU4qmAsLnendZfs6ZYhFZZQGNilpx
2020-09-17T05:45:12.830444391Z 460 b6HTdXXs9V5vz4MteLhvxdo5hcF0cmr3KSaH77v4upEBc78ZnEWT6LvWr9cd
2020-09-17T05:45:12.871387466Z 461 c2HakfFmKEPC52GicCb0Nh4MRyTTZmEtoZeuPIxKajc7soJT1hWNwVdVBZnd
2020-09-17T05:45:12.913385812Z 462 o3XThOjwvX6BSWkwnRBsAYB81uCAANuu364OEjj9virrvkP9aTsU2OjNiJdF
2020-09-17T05:45:12.954471451Z 463 oySsnxIxA5BbIERIpNqUCz0NX0cvb1kVoxAmgpBq8Gd6G9wm1Q4iR0859SZ2
2020-09-17T05:45:12.996030932Z 464 CSualGYTDPD4wijGkk7rFj0ieO4At0aPm2i7XwI6QyjNk0JtY2DyYZRFOVgf
2020-09-17T05:45:13.036457540Z 465 rJjF5iAsES0iw2DLT3YrMmYnV1X3mOMIoSJQgnAuqXce0CeR8y1hEKLWOPuM
2020-09-17T05:45:13.078367492Z 466 9KnCI5QAvkvCO5gXDkMyrmVe5MyQCAVFXjWwkl7U4JRkll354JcHs4oNBIaW
2020-09-17T05:45:13.119448323Z 467 h2qT59UWNg9Evsb8yaZaDtuSgZnz9NDjWDffUooiUbk0A6B5cUzVcyxJC7MQ
2020-09-17T05:45:13.161291361Z 468 JD1yO03VeHyj6CVTWWJep7kpbGoPqTf6L0yyh2wVVx6XBLgH8gLZMocouPXE
2020-09-17T05:45:13.202317705Z 469 yIVb23pAx3CTUZydxAVsevHL2x9TtQhyIII81wLbv06FnqZT0BGpIU81LTFs
2020-09-17T05:45:13.243675706Z 470 QEjzryNiLhMaon9CjW70h52V1OixdKZBQEMn7uMH74Zjs0YOE1nYBKwAQh0w
2020-09-17T05:45:13.285308079Z 471 7BMWvT78b3eoxSGTDQ0bPs5FrjCSgIew003ZO1PHUGlo4dnxBNFrOGN2jw1M
2020-09-17T05:45:13.327945961Z 472 pftxr0vXB3qOpyU34seV9Lhz7n3PJmJsUnmejaWBu08QB6q6vRQvPTTFrQ1W
2020-09-17T05:45:13.368772328Z 473 TrS8wgkuza04sAEGLwGFotqNGvNutWN8qCVmji2eE72LB6Sqw9KCl4x4GGma
2020-09-17T05:45:13.409274380Z 474 6MThDfJCgtUqssAubFWsDSINrARAH5aiV9ZLwSeBoGFDw7jJ1wtz9Hgyd1wF
2020-09-17T05:45:13.451304219Z 475 jELXuPs2GiTOMPYPF9FEvSbV2ZG2KDCQFE5A4is53kG2wf6ZdEQuepPhVN92
2020-09-17T05:45:13.492494285Z 476 Ng1YRGlkdwcBfhynksjm35ImSroO9jOkPQnqgv3GWDPDIr7AmTlhDWzXOpI0
2020-09-17T05:45:13.533288106Z 477 o3G6Vi2SzQWIgV2qHOTE2mrRDZBKnbTY6cnuUAAKEjQ04QFWTj1XKHRumMct
2020-09-17T05:45:13.574753199Z 478 8tSL9U1OLm9rxn8Q4Qm8lkjYq32OiBOWl8qJ1lUnI3Z3IlXi8Ik9IfP1dflN
2020-09-17T05:45:13.615672664Z 479 XXRI6U87WcClksIiQV8kqv1eEXLTvwUurQIwLHHz3N5E287HXtSz9ZIOAIfm
2020-09-17T05:45:13.657061357Z 480 vkG8Zo2tAPMRjiX3o9zcEXAm2rZ0zQpZ6v44oTJvBqHHA8kzpXKgRziCXvbu
2020-09-17T05:45:13.697948596Z 481 oNL11YBPAwCF6rcEyyjs5kpVb9d7szFLGwEeiCZvHG04IbMuA6T9jYKlIMc6
2020-09-17T05:45:13.738734382Z 482 z1SM88n4Lajosg8n5kr05CwnvPbvxLadpFJ7IRdnvMEGksore7WALYEajwUN
2020-09-17T05:45:13.779727275Z 483 geNYQLbBaMca6HHpm68WFjsJJrRpTD9JrOwxu1uhp8AdOUT1tLy65RGrfpTU
2020-09-17T05:45:13.821047358Z 484 71j7JLHPPzngNnhLOOdAyC5aXHJRSJ2eCmFo3kWxWazE37G1fW1r8nEbstxB
2020-09-17T05:45:13.861566080Z 485 NWfxZkRZWWzUYG1RjchUAbyK4znPwigpBo3fsbXuBcJStlwueCMCxNUv4yQJ
2020-09-17T05:45:13.903027176Z 486 bY7EuGnreJ7SnFf2EibNNSaVwy96DNAoPJ0AuPdujmJXt3F8hM4LkxxOmnN3
2020-09-17T05:45:13.943998034Z 487 nioXokdLMKhEvEfyn4ryuJS7FacoEpZrmq3wa8nNrsAEXQ78le2xAU90ss5b
2020-09-17T05:45:13.984915923Z 488 wCs3SLc6JBqUSSOuFPJlab68qEWRBrZRyDGOyBJdZBsSQiBXbgl0fKo7TIcO
2020-09-17T05:45:14.026310876Z 489 VofUN3GuBpvHsNe1EBY14nf0nFqXQfSBbIXnqUzTCIlU6jH3nv8h2jgEww2k
2020-09-17T05:45:14.068141325Z 490 xyb6Dpw8t0WkSi4XENWOdTf2Ibpo9bGcxIoy4bKajB7Wk6TSuqxhv6lX0edW
2020-09-17T05:45:14.110304369Z 491 yM5zNcWDkdzY3kkZW6WxAOBrFnwt73AtmDRAfWDcA7701GGNetT8BOVoPAOm
2020-09-17T05:45:14.152276816Z 492 cZEUy8B2e0DfV4kr2EofGDrBJGvDDqSUBw56KCiHlmtrtytSJErZ1bFlojjb
2020-09-17T05:45:14.193440710Z 493 A0sDKMALlw9MZsQ8qEm9LlzqTDwX9cxy203YFxoX2RXm0tvKqLvJqJLXWDfK
2020-09-17T05:45:14.234484468Z 494 ZINKt9nt9vzQTDVft8eNspgN6l6gAoI0jhTIc6cWvRdqjSafbqacsepiM5Qq
2020-09-17T05:45:14.275701851Z 495 1EChCeJ62woXZrqRaCyg2zllpvnY2wAEsLnkmFTmmTxORn0q0126huqzKTJi
2020-09-17T05:45:14.316736656Z 496 GsBIEquIKaX0OIGMGPKYiCO66rgAMQO5B9hautXSz5vijTBpnohJUOFzTpau
2020-09-17T05:45:14.358011479Z 497 GBSV0QtLBl58kS3NDMorZnrv1vuuFvqCl2xVjE8VpX4Kxzfp5OAaZM9QnSW6
2020-09-17T05:45:14.399500813Z 498 HiR9JPjy9yqoCUxtiIvsbbawiFCHauWgEGJCSBTvGu8ZPY9crK795W4KF38N
2020-09-17T05:45:14.441113239Z 499 g6giNRq9yt93TOXLMosYILds9DrkbXdNJ1OS5fxXbriXqaBomL0KgybRGtXg
