2020-09-24T03:28:17.254975309Z  [2020-09-24T03:28:17Z INFO  dt_instance] Current Twin: 38162cb0-e585-43d7-b55d-5c240b2bfb7c
2020-09-24T03:28:17.255050466Z  [2020-09-24T03:28:17Z INFO  dt_instance] Connecting to broker at mqtt-broker_3:1883
2020-09-24T03:28:17.258898240Z  [2020-09-24T03:28:17Z INFO  dt_instance] Refreshing topics for twin 38162cb0-e585-43d7-b55d-5c240b2bfb7c - Listen to 38162cb0-e585-43d7-b55d-5c240b2bfb7c/+/+
2020-09-24T03:28:17.361095525Z  [2020-09-24T03:28:17Z INFO  dt_instance] SubAck { pkid: 1, return_codes: [Success(AtLeastOnce)] }
2020-09-24T03:28:47.308577297Z  [2020-09-24T03:28:47Z ERROR dt_instance] Unhandled incoming.
2020-09-24T03:29:17.309373317Z  [2020-09-24T03:29:17Z ERROR dt_instance] Unhandled incoming.
2020-09-24T03:29:47.309521173Z  [2020-09-24T03:29:47Z ERROR dt_instance] Unhandled incoming.
2020-09-24T03:30:17.311361313Z  [2020-09-24T03:30:17Z ERROR dt_instance] Unhandled incoming.
2020-09-24T03:30:41.931584429Z  [2020-09-24T03:30:41Z INFO  dt_instance] d0a71d84-b80f-4558-beac-8887750652e3 "0 Ld0CMSlzNWhdf3RCRQ3t5ORzBriSvfKuk9HxoEIpcsgfQuXMy8Y9a5AMzhenEr"
2020-09-24T03:30:41.950581771Z  [2020-09-24T03:30:41Z INFO  dt_instance] Inserted data for source d0a71d84-b80f-4558-beac-8887750652e3.
2020-09-24T03:30:42.003619419Z  [2020-09-24T03:30:42Z INFO  dt_instance] d0a71d84-b80f-4558-beac-8887750652e3 "1 0KBjIGfqvuY0t0TQbFiXoiC5FdUcSckbTeS0GvdbYbEv5xz9auCe5vAct3kbUh"
2020-09-24T03:30:42.021789138Z  [2020-09-24T03:30:42Z INFO  dt_instance] Inserted data for source d0a71d84-b80f-4558-beac-8887750652e3.
2020-09-24T03:30:42.074223201Z  [2020-09-24T03:30:42Z INFO  dt_instance] d0a71d84-b80f-4558-beac-8887750652e3 "2 9t79SZb1YyPO6z2lTbaYkKE1FDuhcLN8R6v6XBTtU8POyqadid4DxmEjdxwvlq"
2020-09-24T03:30:42.096809003Z  [2020-09-24T03:30:42Z INFO  dt_instance] Inserted data for source d0a71d84-b80f-4558-beac-8887750652e3.
2020-09-24T03:30:42.148963603Z  [2020-09-24T03:30:42Z INFO  dt_instance] d0a71d84-b80f-4558-beac-8887750652e3 "3 GX1vCMF5DOpL6JFzki56om2gRzUpUhEPfnjkWHDScVk7LQ7InlnnqmvJbxwppm"
2020-09-24T03:30:42.178018311Z  [2020-09-24T03:30:42Z INFO  dt_instance] Inserted data for source d0a71d84-b80f-4558-beac-8887750652e3.
2020-09-24T03:30:42.229839342Z  [2020-09-24T03:30:42Z INFO  dt_instance] d0a71d84-b80f-4558-beac-8887750652e3 "4 0ldb7jcHwivfCBb2JPy2jPHWwApcE8cXVHV35EAhKo1gTHV89gPoXpjxmtG0qg"
2020-09-24T03:30:42.252486536Z  [2020-09-24T03:30:42Z INFO  dt_instance] Inserted data for source d0a71d84-b80f-4558-beac-8887750652e3.
2020-09-24T03:30:42.305006431Z  [2020-09-24T03:30:42Z INFO  dt_instance] d0a71d84-b80f-4558-beac-8887750652e3 "5 jtd5OTlsiMXZ3xbREfaRRAKqtKjTQPfqwZTRKBkif9z598JYYXtYXgbHbYzVYG"
2020-09-24T03:30:42.334913727Z  [2020-09-24T03:30:42Z INFO  dt_instance] Inserted data for source d0a71d84-b80f-4558-beac-8887750652e3.
2020-09-24T03:30:42.386987551Z  [2020-09-24T03:30:42Z INFO  dt_instance] d0a71d84-b80f-4558-beac-8887750652e3 "6 8Gok7gOzesFPSSW4DnN9Jevyyc9IAyReMewwaMq5mMqkkRhFnRRzmfmg5148B2"
2020-09-24T03:30:42.412659202Z  [2020-09-24T03:30:42Z INFO  dt_instance] Inserted data for source d0a71d84-b80f-4558-beac-8887750652e3.
2020-09-24T03:30:42.464532490Z  [2020-09-24T03:30:42Z INFO  dt_instance] d0a71d84-b80f-4558-beac-8887750652e3 "7 9jAmOrqFC5PcQoQAnHah02NELcKnx0YotDOdgGYlG2QlLDdExSqCT1yBgpTQWp"
2020-09-24T03:30:42.490538342Z  [2020-09-24T03:30:42Z INFO  dt_instance] Inserted data for source d0a71d84-b80f-4558-beac-8887750652e3.
2020-09-24T03:30:42.543126410Z  [2020-09-24T03:30:42Z INFO  dt_instance] d0a71d84-b80f-4558-beac-8887750652e3 "8 URNgRduCA1XQ3uABE4b5xWOEXS07n0QD8FqxBp0Ga6bOhBWwy8gLwXesx4C8IZ"
2020-09-24T03:30:42.564895844Z  [2020-09-24T03:30:42Z INFO  dt_instance] Inserted data for source d0a71d84-b80f-4558-beac-8887750652e3.
2020-09-24T03:30:42.617705055Z  [2020-09-24T03:30:42Z INFO  dt_instance] d0a71d84-b80f-4558-beac-8887750652e3 "9 lERQqZ30AqmcUztDvf93JpavLe7U3Eyq4beVbFKQzWryRGezOoUrQZLNGcDmxE"
2020-09-24T03:30:42.671268320Z  [2020-09-24T03:30:42Z INFO  dt_instance] Inserted data for source d0a71d84-b80f-4558-beac-8887750652e3.
2020-09-24T03:30:42.723036333Z  [2020-09-24T03:30:42Z INFO  dt_instance] d0a71d84-b80f-4558-beac-8887750652e3 "10 JxWnqA8uYdgAPcFpAhVYBwvqfF0xO9maSoi2ymJyCFbZsyei035fhQ0zsA5rC"
2020-09-24T03:30:42.751525935Z  [2020-09-24T03:30:42Z INFO  dt_instance] Inserted data for source d0a71d84-b80f-4558-beac-8887750652e3.
2020-09-24T03:30:42.809777540Z  [2020-09-24T03:30:42Z INFO  dt_instance] d0a71d84-b80f-4558-beac-8887750652e3 "11 1dCITzKyYzi1dxIRjJgdnf69J2HdGxouvzVSNgbGqQHtsNxTYz8gSyor6NzbE"
2020-09-24T03:30:42.886361770Z  [2020-09-24T03:30:42Z INFO  dt_instance] Inserted data for source d0a71d84-b80f-4558-beac-8887750652e3.
2020-09-24T03:30:42.937130246Z  [2020-09-24T03:30:42Z INFO  dt_instance] d0a71d84-b80f-4558-beac-8887750652e3 "12 jEXqIYrAKrElrlgBGv17KyosTQoapADP0xMIOVmPbpni11WmajEP7fY0k6qvR"
2020-09-24T03:30:42.950951280Z  [2020-09-24T03:30:42Z INFO  dt_instance] Inserted data for source d0a71d84-b80f-4558-beac-8887750652e3.
2020-09-24T03:30:43.003343669Z  [2020-09-24T03:30:43Z INFO  dt_instance] d0a71d84-b80f-4558-beac-8887750652e3 "13 g1ullBUbMsjTaOB6bnJcLwa4LakRRRRZeaoTcU1zFbqDMjBkWmVvYWmLpU2Aa"
2020-09-24T03:30:43.019383037Z  [2020-09-24T03:30:43Z INFO  dt_instance] Inserted data for source d0a71d84-b80f-4558-beac-8887750652e3.
2020-09-24T03:30:43.075997901Z  [2020-09-24T03:30:43Z INFO  dt_instance] d0a71d84-b80f-4558-beac-8887750652e3 "14 1rKuO210C9onEVxBWs5YxLZjnJIpsvkJvPJQMypeN0JE5lM3MAUMEnn4naQ2G"
2020-09-24T03:30:43.106269446Z  [2020-09-24T03:30:43Z INFO  dt_instance] Inserted data for source d0a71d84-b80f-4558-beac-8887750652e3.
2020-09-24T03:30:43.156656826Z  [2020-09-24T03:30:43Z INFO  dt_instance] d0a71d84-b80f-4558-beac-8887750652e3 "15 yzqPKLHA6nokeRHqRDWSqhR8n6YwjilKW99Ew7QHg3S9cSSidURVrx5okyUYF"
2020-09-24T03:30:43.171972254Z  [2020-09-24T03:30:43Z INFO  dt_instance] Inserted data for source d0a71d84-b80f-4558-beac-8887750652e3.
2020-09-24T03:30:43.230337730Z  [2020-09-24T03:30:43Z INFO  dt_instance] d0a71d84-b80f-4558-beac-8887750652e3 "16 Ho7IClSsmcXFcNQX95vc6J8GNJeyiyaYHlWQvkz5gC8yjy0BWf39EGguTEYFu"
2020-09-24T03:30:43.297409105Z  [2020-09-24T03:30:43Z INFO  dt_instance] Inserted data for source d0a71d84-b80f-4558-beac-8887750652e3.
2020-09-24T03:30:43.351554125Z  [2020-09-24T03:30:43Z INFO  dt_instance] d0a71d84-b80f-4558-beac-8887750652e3 "17 lOYeoMKseDuT6oWaDKKjgTThbMsPMzvHoBp2VjbCIM6nwbGyVXBXoMq1E9KOF"
2020-09-24T03:30:43.366036623Z  [2020-09-24T03:30:43Z INFO  dt_instance] Inserted data for source d0a71d84-b80f-4558-beac-8887750652e3.
2020-09-24T03:30:43.418398769Z  [2020-09-24T03:30:43Z INFO  dt_instance] d0a71d84-b80f-4558-beac-8887750652e3 "18 ugncBp4Anh9pSkscXY6ydSJf034N6CpVYhfDukU1nQkKGse5n0WXIZgUKFJSW"
2020-09-24T03:30:43.436652563Z  [2020-09-24T03:30:43Z INFO  dt_instance] Inserted data for source d0a71d84-b80f-4558-beac-8887750652e3.
2020-09-24T03:30:43.488561654Z  [2020-09-24T03:30:43Z INFO  dt_instance] d0a71d84-b80f-4558-beac-8887750652e3 "19 YMEaDHMqdpAD0En9NoRBi7F0cpFpMfaj6qDMOBAUP9LGOw14vvojhMyRLgdvG"
2020-09-24T03:30:43.510205171Z  [2020-09-24T03:30:43Z INFO  dt_instance] Inserted data for source d0a71d84-b80f-4558-beac-8887750652e3.
2020-09-24T03:30:43.562634728Z  [2020-09-24T03:30:43Z INFO  dt_instance] d0a71d84-b80f-4558-beac-8887750652e3 "20 A9HcVhgHUXYRL1woRKS1pbbI6tmdgRpSMRhK6R9bwosW9DTcrJKxmKhJkdEvP"
2020-09-24T03:30:43.583590835Z  [2020-09-24T03:30:43Z INFO  dt_instance] Inserted data for source d0a71d84-b80f-4558-beac-8887750652e3.
2020-09-24T03:30:43.635409517Z  [2020-09-24T03:30:43Z INFO  dt_instance] d0a71d84-b80f-4558-beac-8887750652e3 "21 5OCitbmZoyewnCQw3mcXlHuiIUWueS1cL6Q5b22uh2S9KHgEA0zEgSYN7c6iq"
2020-09-24T03:30:43.658145135Z  [2020-09-24T03:30:43Z INFO  dt_instance] Inserted data for source d0a71d84-b80f-4558-beac-8887750652e3.
2020-09-24T03:30:43.711181871Z  [2020-09-24T03:30:43Z INFO  dt_instance] d0a71d84-b80f-4558-beac-8887750652e3 "22 Tt7olfoxAED8sFGCFlSxsmb1hTwCaFOVyMUklyxMk1cNrLxBUeAxJ91NXUfus"
2020-09-24T03:30:43.737922431Z  [2020-09-24T03:30:43Z INFO  dt_instance] Inserted data for source d0a71d84-b80f-4558-beac-8887750652e3.
2020-09-24T03:30:43.790202360Z  [2020-09-24T03:30:43Z INFO  dt_instance] d0a71d84-b80f-4558-beac-8887750652e3 "23 SJbj5E4eehSAv3gbu9mtMAV5ww1sV2Zf6mROSz3Qn08O6civ24lqd9bgdeJyl"
2020-09-24T03:30:43.812603794Z  [2020-09-24T03:30:43Z INFO  dt_instance] Inserted data for source d0a71d84-b80f-4558-beac-8887750652e3.
2020-09-24T03:30:43.864940023Z  [2020-09-24T03:30:43Z INFO  dt_instance] d0a71d84-b80f-4558-beac-8887750652e3 "24 3TIneMvfZOBFux0VsyrB7uFPwNWHvTcn4c3zBmgYNUBMHWwFqnhPvSctEvcJR"
2020-09-24T03:30:43.883334528Z  [2020-09-24T03:30:43Z INFO  dt_instance] Inserted data for source d0a71d84-b80f-4558-beac-8887750652e3.
2020-09-24T03:30:43.935175610Z  [2020-09-24T03:30:43Z INFO  dt_instance] d0a71d84-b80f-4558-beac-8887750652e3 "25 BQGUVglCQSYni3c3qnzy2pBFutVy59mguic1InAoEcTNvSJnrYC6Aj5m3FpL7"
2020-09-24T03:30:43.956828156Z  [2020-09-24T03:30:43Z INFO  dt_instance] Inserted data for source d0a71d84-b80f-4558-beac-8887750652e3.
2020-09-24T03:30:44.008714091Z  [2020-09-24T03:30:44Z INFO  dt_instance] d0a71d84-b80f-4558-beac-8887750652e3 "26 KsAW26AOmoXv7RDRpLmTKQyJDOdkCZKtZwgWaqvu7MHLc7JgGn3OIOZxkemdw"
2020-09-24T03:30:44.038033357Z  [2020-09-24T03:30:44Z INFO  dt_instance] Inserted data for source d0a71d84-b80f-4558-beac-8887750652e3.
2020-09-24T03:30:44.090295531Z  [2020-09-24T03:30:44Z INFO  dt_instance] d0a71d84-b80f-4558-beac-8887750652e3 "27 Vs5TS3S2DPoN2yLna7WPWUtW4zHZWFq6sJElZfGlvxnD0sJe5cIAF6q89ihDZ"
2020-09-24T03:30:44.112753399Z  [2020-09-24T03:30:44Z INFO  dt_instance] Inserted data for source d0a71d84-b80f-4558-beac-8887750652e3.
2020-09-24T03:30:44.164876583Z  [2020-09-24T03:30:44Z INFO  dt_instance] d0a71d84-b80f-4558-beac-8887750652e3 "28 gNjefMWSbhPu8dy7DLknfm3EtcANba7Dda0uXglkUomVvkRYBlUXZEXFANiCj"
2020-09-24T03:30:44.192708230Z  [2020-09-24T03:30:44Z INFO  dt_instance] Inserted data for source d0a71d84-b80f-4558-beac-8887750652e3.
2020-09-24T03:30:44.244966457Z  [2020-09-24T03:30:44Z INFO  dt_instance] d0a71d84-b80f-4558-beac-8887750652e3 "29 aDQIZoPnghCENhAaJA5JtT39tJQBBmyTbRVRrmfTRE1DbU3bED4OsD341vF8h"
2020-09-24T03:30:44.272052358Z  [2020-09-24T03:30:44Z INFO  dt_instance] Inserted data for source d0a71d84-b80f-4558-beac-8887750652e3.
2020-09-24T03:30:44.323963286Z  [2020-09-24T03:30:44Z INFO  dt_instance] d0a71d84-b80f-4558-beac-8887750652e3 "30 iQtHJbHrlBbaNCXsou5qnbbscF9SAFOknKl3cnYHzOTP2WTLya3o0QV13t7Q8"
2020-09-24T03:30:44.341270478Z  [2020-09-24T03:30:44Z INFO  dt_instance] Inserted data for source d0a71d84-b80f-4558-beac-8887750652e3.
2020-09-24T03:30:44.393443075Z  [2020-09-24T03:30:44Z INFO  dt_instance] d0a71d84-b80f-4558-beac-8887750652e3 "31 JArB5Ybha1KhOZru6s9cUkGqMwTX295Lu5ke6btHvWR28plWfOeJW1boJTPjv"
2020-09-24T03:30:44.413484879Z  [2020-09-24T03:30:44Z INFO  dt_instance] Inserted data for source d0a71d84-b80f-4558-beac-8887750652e3.
2020-09-24T03:30:44.465956551Z  [2020-09-24T03:30:44Z INFO  dt_instance] d0a71d84-b80f-4558-beac-8887750652e3 "32 tCPb0WMw9iPStB8pijmBI66UsaXzyFjJI5TQlYBNsnzXRrOuE4U1d1WHIAfZI"
2020-09-24T03:30:44.485746243Z  [2020-09-24T03:30:44Z INFO  dt_instance] Inserted data for source d0a71d84-b80f-4558-beac-8887750652e3.
2020-09-24T03:30:44.536877133Z  [2020-09-24T03:30:44Z INFO  dt_instance] d0a71d84-b80f-4558-beac-8887750652e3 "33 VwpzXv95pdGtsDslpN128X8bUrHojobRU8nxF9LTHonZseDorY1lOzrwqTwBT"
2020-09-24T03:30:44.556710142Z  [2020-09-24T03:30:44Z INFO  dt_instance] Inserted data for source d0a71d84-b80f-4558-beac-8887750652e3.
2020-09-24T03:30:44.608903336Z  [2020-09-24T03:30:44Z INFO  dt_instance] d0a71d84-b80f-4558-beac-8887750652e3 "34 Tqair69tb6124FjzfOBHl1xoUauffcheidpn4uftkwFOPG6FPzqVb6kfoVr4U"
2020-09-24T03:30:44.632431387Z  [2020-09-24T03:30:44Z INFO  dt_instance] Inserted data for source d0a71d84-b80f-4558-beac-8887750652e3.
2020-09-24T03:30:44.684758543Z  [2020-09-24T03:30:44Z INFO  dt_instance] d0a71d84-b80f-4558-beac-8887750652e3 "35 scPwkftpasRNp54t41lPhFSxQWvMQCX8AtCxHbjIX5bnos3Ywbee325PSqb5d"
2020-09-24T03:30:44.707429195Z  [2020-09-24T03:30:44Z INFO  dt_instance] Inserted data for source d0a71d84-b80f-4558-beac-8887750652e3.
2020-09-24T03:30:44.759662596Z  [2020-09-24T03:30:44Z INFO  dt_instance] d0a71d84-b80f-4558-beac-8887750652e3 "36 11XvFAfmlaa4EFy5f0KsoqT1y50PRSrQzJwowKltusZV18RXlozibsCM6qaqf"
2020-09-24T03:30:44.784599335Z  [2020-09-24T03:30:44Z INFO  dt_instance] Inserted data for source d0a71d84-b80f-4558-beac-8887750652e3.
2020-09-24T03:30:44.836361997Z  [2020-09-24T03:30:44Z INFO  dt_instance] d0a71d84-b80f-4558-beac-8887750652e3 "37 6AC5NPChASE7urnGE9LmiAk88vlpzdlYg706hSENyTdq6jaOfSl6sJgm0J9Ur"
2020-09-24T03:30:44.856516958Z  [2020-09-24T03:30:44Z INFO  dt_instance] Inserted data for source d0a71d84-b80f-4558-beac-8887750652e3.
2020-09-24T03:30:44.908905816Z  [2020-09-24T03:30:44Z INFO  dt_instance] d0a71d84-b80f-4558-beac-8887750652e3 "38 L1flGuThQxwSH20OPVF89zUxyhTNqGHHM6bqkkkXd80YhCpxNgQi44G2aKnCt"
2020-09-24T03:30:44.932560653Z  [2020-09-24T03:30:44Z INFO  dt_instance] Inserted data for source d0a71d84-b80f-4558-beac-8887750652e3.
2020-09-24T03:30:44.986275317Z  [2020-09-24T03:30:44Z INFO  dt_instance] d0a71d84-b80f-4558-beac-8887750652e3 "39 Tp4UYSb7bBDQ9tSBb3j7uIhgqvJ0BsUuNEvt2WtWQKVsMYwlspTJglRKd5PZL"
2020-09-24T03:30:45.003904269Z  [2020-09-24T03:30:45Z INFO  dt_instance] Inserted data for source d0a71d84-b80f-4558-beac-8887750652e3.
2020-09-24T03:30:45.056824445Z  [2020-09-24T03:30:45Z INFO  dt_instance] d0a71d84-b80f-4558-beac-8887750652e3 "40 cEYup50ALBjiqSPoZvQJToUBQzvs4RH9vqa526jiTSDvJpkutCmR0WJcKF7eC"
2020-09-24T03:30:45.081208154Z  [2020-09-24T03:30:45Z INFO  dt_instance] Inserted data for source d0a71d84-b80f-4558-beac-8887750652e3.
2020-09-24T03:30:45.133225793Z  [2020-09-24T03:30:45Z INFO  dt_instance] d0a71d84-b80f-4558-beac-8887750652e3 "41 hsm3EpJodp1ZPf9Z2JYEHDUe262vsIXAGB0JCyhL5j2Q2hQ7Qy7BYocDLsYhU"
2020-09-24T03:30:45.153143135Z  [2020-09-24T03:30:45Z INFO  dt_instance] Inserted data for source d0a71d84-b80f-4558-beac-8887750652e3.
2020-09-24T03:30:45.205141484Z  [2020-09-24T03:30:45Z INFO  dt_instance] d0a71d84-b80f-4558-beac-8887750652e3 "42 LkdyOs4PhFpAJjB0muti4jQuRdHv92wnXJkUtE4jFi6pXTb90o2TcpwaYL9OL"
2020-09-24T03:30:45.227776203Z  [2020-09-24T03:30:45Z INFO  dt_instance] Inserted data for source d0a71d84-b80f-4558-beac-8887750652e3.
2020-09-24T03:30:45.279344078Z  [2020-09-24T03:30:45Z INFO  dt_instance] d0a71d84-b80f-4558-beac-8887750652e3 "43 IohWkXGCzXwYrVLghAzbsUZvdUKdXDkCWnxPmrvHXgZs98GdVDUmi2cNhYq0n"
2020-09-24T03:30:45.299328717Z  [2020-09-24T03:30:45Z INFO  dt_instance] Inserted data for source d0a71d84-b80f-4558-beac-8887750652e3.
2020-09-24T03:30:45.351289448Z  [2020-09-24T03:30:45Z INFO  dt_instance] d0a71d84-b80f-4558-beac-8887750652e3 "44 Xnoc7e2srSS9Vn60LCZftGSCt4Af7wwbNTMAU9Z3jzBS9vjXUDq8cy0EzU4g7"
2020-09-24T03:30:46.390666752Z  [2020-09-24T03:30:46Z INFO  dt_instance] Inserted data for source d0a71d84-b80f-4558-beac-8887750652e3.
2020-09-24T03:30:46.441944954Z  [2020-09-24T03:30:46Z INFO  dt_instance] d0a71d84-b80f-4558-beac-8887750652e3 "45 FgdXovn1gUyr741zjh3Mpp9HbOlkq61g0IGtHadE0tnDXm669lhz5fArG3ood"
2020-09-24T03:30:46.457247853Z  [2020-09-24T03:30:46Z INFO  dt_instance] Inserted data for source d0a71d84-b80f-4558-beac-8887750652e3.
2020-09-24T03:30:46.509464851Z  [2020-09-24T03:30:46Z INFO  dt_instance] d0a71d84-b80f-4558-beac-8887750652e3 "46 AJtWjLCxZMHE35KUNmJozhaCs2JB4XO75NP2ob2uuVvnYkfGZZabZ95r1VE2U"
2020-09-24T03:30:46.531517495Z  [2020-09-24T03:30:46Z INFO  dt_instance] Inserted data for source d0a71d84-b80f-4558-beac-8887750652e3.
2020-09-24T03:30:46.583323964Z  [2020-09-24T03:30:46Z INFO  dt_instance] d0a71d84-b80f-4558-beac-8887750652e3 "47 8JVhIAflhzNMKY11pZWKHyDW7G9qd9JyIMieQ4vlzN66Kjw40z3TowQNR50u3"
2020-09-24T03:30:46.603120079Z  [2020-09-24T03:30:46Z INFO  dt_instance] Inserted data for source d0a71d84-b80f-4558-beac-8887750652e3.
2020-09-24T03:30:46.655959348Z  [2020-09-24T03:30:46Z INFO  dt_instance] d0a71d84-b80f-4558-beac-8887750652e3 "48 kYCYZvJ2QM0jKmXteQ3pDuQ7iAlawySQ4ApzSv5NjvDpYCzwngUjfxrWNFh7i"
2020-09-24T03:30:46.674091164Z  [2020-09-24T03:30:46Z INFO  dt_instance] Inserted data for source d0a71d84-b80f-4558-beac-8887750652e3.
2020-09-24T03:30:46.726122347Z  [2020-09-24T03:30:46Z INFO  dt_instance] d0a71d84-b80f-4558-beac-8887750652e3 "49 gHyounnvIF7ZnSc4zy9gHgBUvnwPvXoQ0v3MJ0Mf4Q4VTNbYsdD6K44WdyUvO"
2020-09-24T03:30:46.741105563Z  [2020-09-24T03:30:46Z INFO  dt_instance] Inserted data for source d0a71d84-b80f-4558-beac-8887750652e3.
2020-09-24T03:30:46.792960937Z  [2020-09-24T03:30:46Z INFO  dt_instance] d0a71d84-b80f-4558-beac-8887750652e3 "50 1xRVfOvN6PIHOM7U3602dJtRJClc1aL1w4FqwjDK6xP5jVzAmXTkJODX3rSaI"
2020-09-24T03:30:46.808418986Z  [2020-09-24T03:30:46Z INFO  dt_instance] Inserted data for source d0a71d84-b80f-4558-beac-8887750652e3.
2020-09-24T03:30:46.860310406Z  [2020-09-24T03:30:46Z INFO  dt_instance] d0a71d84-b80f-4558-beac-8887750652e3 "51 cVoE7LKRbXRnnfZx9IYhqeEat2ZQfNo2uhqOyoYBnJyVe9bLSYL4xB0wr0jEz"
2020-09-24T03:30:46.881516590Z  [2020-09-24T03:30:46Z INFO  dt_instance] Inserted data for source d0a71d84-b80f-4558-beac-8887750652e3.
2020-09-24T03:30:46.933691125Z  [2020-09-24T03:30:46Z INFO  dt_instance] d0a71d84-b80f-4558-beac-8887750652e3 "52 qUSjqF5urmjlCO9HwTkVCr6HUdZKqRI0TUtD6tyKpyFZWcuQTTqRUPIxZzZmx"
2020-09-24T03:30:46.948637135Z  [2020-09-24T03:30:46Z INFO  dt_instance] Inserted data for source d0a71d84-b80f-4558-beac-8887750652e3.
2020-09-24T03:30:47.000604079Z  [2020-09-24T03:30:47Z INFO  dt_instance] d0a71d84-b80f-4558-beac-8887750652e3 "53 FCOxtrdvbRb0ODjeslDRg7wtEJ9eu1TVIyN38IluV23PLd5pLghfTCndYOQlc"
2020-09-24T03:30:47.018758513Z  [2020-09-24T03:30:47Z INFO  dt_instance] Inserted data for source d0a71d84-b80f-4558-beac-8887750652e3.
2020-09-24T03:30:47.070474862Z  [2020-09-24T03:30:47Z INFO  dt_instance] d0a71d84-b80f-4558-beac-8887750652e3 "54 5lsKb9GwAqXTw98n4f1eUFVra4bfMPd6SpV1zHId9MnOc7eA7pK2z7VWxk8OF"
2020-09-24T03:30:47.085879823Z  [2020-09-24T03:30:47Z INFO  dt_instance] Inserted data for source d0a71d84-b80f-4558-beac-8887750652e3.
2020-09-24T03:30:47.138099424Z  [2020-09-24T03:30:47Z INFO  dt_instance] d0a71d84-b80f-4558-beac-8887750652e3 "55 c6Nks4SbDkFXuDPOl4a6xtJd04imm9LAcZzPLvEz01WlBjYUPNQfIxZf8qXyM"
2020-09-24T03:30:47.158459942Z  [2020-09-24T03:30:47Z INFO  dt_instance] Inserted data for source d0a71d84-b80f-4558-beac-8887750652e3.
2020-09-24T03:30:47.210477256Z  [2020-09-24T03:30:47Z INFO  dt_instance] d0a71d84-b80f-4558-beac-8887750652e3 "56 CYPK2S6BTinCLzvhVTeL613IDLlOGvgrQG4F3tc2RhJ4YJ9ToRzuHHBZboioj"
2020-09-24T03:30:47.224861243Z  [2020-09-24T03:30:47Z INFO  dt_instance] Inserted data for source d0a71d84-b80f-4558-beac-8887750652e3.
2020-09-24T03:30:47.327727396Z  [2020-09-24T03:30:47Z INFO  dt_instance] d0a71d84-b80f-4558-beac-8887750652e3 "57 mFfxD8I7qnSOasnL9MLsRGr1l8S0yRtEA6AyE4cuBwlBvXkAse6hFBZZrq8ub"
2020-09-24T03:30:47.338735056Z  [2020-09-24T03:30:47Z INFO  dt_instance] Inserted data for source d0a71d84-b80f-4558-beac-8887750652e3.
2020-09-24T03:30:47.390484995Z  [2020-09-24T03:30:47Z INFO  dt_instance] d0a71d84-b80f-4558-beac-8887750652e3 "58 Zpp6L21gltqosGTB90SjxvLr7hcQc8UefVaz9k2C6Dz4BW2teF0Uc6rnozrRu"
2020-09-24T03:30:47.398347621Z  [2020-09-24T03:30:47Z INFO  dt_instance] Inserted data for source d0a71d84-b80f-4558-beac-8887750652e3.
2020-09-24T03:30:47.450343968Z  [2020-09-24T03:30:47Z INFO  dt_instance] d0a71d84-b80f-4558-beac-8887750652e3 "59 882M5VIWHbkgAytIddMJsiSKu6vQ2EIlWCvyx01q4Fp2ySZEADh1ncQ6DojNj"
2020-09-24T03:30:47.463047965Z  [2020-09-24T03:30:47Z INFO  dt_instance] Inserted data for source d0a71d84-b80f-4558-beac-8887750652e3.
2020-09-24T03:30:47.514933170Z  [2020-09-24T03:30:47Z INFO  dt_instance] d0a71d84-b80f-4558-beac-8887750652e3 "60 rnanojocUod4KOkZbhxyKSeDmHoxLDQIYHqyVRjso0YnQlhDiEdSLcwBZnluL"
2020-09-24T03:30:47.526692086Z  [2020-09-24T03:30:47Z INFO  dt_instance] Inserted data for source d0a71d84-b80f-4558-beac-8887750652e3.
2020-09-24T03:30:47.580146313Z  [2020-09-24T03:30:47Z INFO  dt_instance] d0a71d84-b80f-4558-beac-8887750652e3 "61 DWczffBAkNhNOLlerTXmYwMEzqe4EXnarftS0sVmuEELe4Zvex88Tc1vr5WOs"
2020-09-24T03:30:48.594048860Z  [2020-09-24T03:30:48Z INFO  dt_instance] Inserted data for source d0a71d84-b80f-4558-beac-8887750652e3.
2020-09-24T03:30:48.646820239Z  [2020-09-24T03:30:48Z INFO  dt_instance] d0a71d84-b80f-4558-beac-8887750652e3 "62 rbOcESUiDN2gPXFpz16u9HXEXV4AonnQQjfeKo4Yaio8qOYyddsAb3OkR2YT0"
2020-09-24T03:30:48.664497888Z  [2020-09-24T03:30:48Z INFO  dt_instance] Inserted data for source d0a71d84-b80f-4558-beac-8887750652e3.
2020-09-24T03:30:48.716347712Z  [2020-09-24T03:30:48Z INFO  dt_instance] d0a71d84-b80f-4558-beac-8887750652e3 "63 A6o9yYqzYMDjRYHoPm005BODy9fZI5whtwpM3FfncOK17X7ryzMKUFVE8Ctsy"
2020-09-24T03:30:48.730024973Z  [2020-09-24T03:30:48Z INFO  dt_instance] Inserted data for source d0a71d84-b80f-4558-beac-8887750652e3.
2020-09-24T03:30:48.780781226Z  [2020-09-24T03:30:48Z INFO  dt_instance] d0a71d84-b80f-4558-beac-8887750652e3 "64 UNANyMCaqYZIjWqTVVXRhQdxder084FMZzjytJoBjm1wX8EZH5RKiQF9Pkh0g"
2020-09-24T03:30:48.798180296Z  [2020-09-24T03:30:48Z INFO  dt_instance] Inserted data for source d0a71d84-b80f-4558-beac-8887750652e3.
2020-09-24T03:30:48.851061391Z  [2020-09-24T03:30:48Z INFO  dt_instance] d0a71d84-b80f-4558-beac-8887750652e3 "65 Rxpn2kkLOGYJyNOMBf6QnyiDZO5vp3Y02RLDruQgY0CtEyBnOfUsWaQHE8O7P"
2020-09-24T03:30:48.869843885Z  [2020-09-24T03:30:48Z INFO  dt_instance] Inserted data for source d0a71d84-b80f-4558-beac-8887750652e3.
2020-09-24T03:30:48.921128879Z  [2020-09-24T03:30:48Z INFO  dt_instance] d0a71d84-b80f-4558-beac-8887750652e3 "66 fPczyZMbKkhinjno7olwV1jkCucFJnyiCQSpQUtaBUw1LWcN4gj1clbswovgH"
2020-09-24T03:30:48.941026782Z  [2020-09-24T03:30:48Z INFO  dt_instance] Inserted data for source d0a71d84-b80f-4558-beac-8887750652e3.
2020-09-24T03:30:48.994439797Z  [2020-09-24T03:30:48Z INFO  dt_instance] d0a71d84-b80f-4558-beac-8887750652e3 "67 T1Kv6ICVLsT0H6vvyDaikHyoRhNOf1LGiS0EODBrqfm2FLwLw5zld35Gp6ILr"
2020-09-24T03:30:49.015887265Z  [2020-09-24T03:30:49Z INFO  dt_instance] Inserted data for source d0a71d84-b80f-4558-beac-8887750652e3.
2020-09-24T03:30:49.068032378Z  [2020-09-24T03:30:49Z INFO  dt_instance] d0a71d84-b80f-4558-beac-8887750652e3 "68 0apps0qj1RV1PMxE3pNX2wkcdiixLbNyP6L7aGIsyT0lk88Ewz2RARbCJMhoy"
2020-09-24T03:30:49.081110529Z  [2020-09-24T03:30:49Z INFO  dt_instance] Inserted data for source d0a71d84-b80f-4558-beac-8887750652e3.
2020-09-24T03:30:49.133258123Z  [2020-09-24T03:30:49Z INFO  dt_instance] d0a71d84-b80f-4558-beac-8887750652e3 "69 LcTCnRB57SHxX5eJ8SvAfWCrbzBvflCVytVpLxiJjWkGJboKlv9wvHQSVFrYM"
2020-09-24T03:30:49.153286983Z  [2020-09-24T03:30:49Z INFO  dt_instance] Inserted data for source d0a71d84-b80f-4558-beac-8887750652e3.
2020-09-24T03:30:49.205209603Z  [2020-09-24T03:30:49Z INFO  dt_instance] d0a71d84-b80f-4558-beac-8887750652e3 "70 LVT60rIZrJZhepVON0JoSnfA6hT5eDSzloO1K6GGgoIF7m8qTKVxhFMSx56xc"
2020-09-24T03:30:49.220634511Z  [2020-09-24T03:30:49Z INFO  dt_instance] Inserted data for source d0a71d84-b80f-4558-beac-8887750652e3.
2020-09-24T03:30:49.272452707Z  [2020-09-24T03:30:49Z INFO  dt_instance] d0a71d84-b80f-4558-beac-8887750652e3 "71 oTyHE5ft4KntdH3nAgIY6rL1rgTzzrXaqO9hetjQcQ1crMRXUwY1oIdcsvIwD"
2020-09-24T03:30:49.286553998Z  [2020-09-24T03:30:49Z INFO  dt_instance] Inserted data for source d0a71d84-b80f-4558-beac-8887750652e3.
2020-09-24T03:30:49.339048086Z  [2020-09-24T03:30:49Z INFO  dt_instance] d0a71d84-b80f-4558-beac-8887750652e3 "72 l6mXZi93NTMUX8KglB1YFYbZd88JdrQYem968LXKQUPDs7vD6QZA16svJR0ao"
2020-09-24T03:30:49.356568201Z  [2020-09-24T03:30:49Z INFO  dt_instance] Inserted data for source d0a71d84-b80f-4558-beac-8887750652e3.
2020-09-24T03:30:49.408631158Z  [2020-09-24T03:30:49Z INFO  dt_instance] d0a71d84-b80f-4558-beac-8887750652e3 "73 Zm6WnmOWO6Uxrq9REMsvPNotAvXpWSLJ0jTybtgZLWhxZmVnXAPYfACG1EHSW"
2020-09-24T03:30:49.425389764Z  [2020-09-24T03:30:49Z INFO  dt_instance] Inserted data for source d0a71d84-b80f-4558-beac-8887750652e3.
2020-09-24T03:30:49.477605603Z  [2020-09-24T03:30:49Z INFO  dt_instance] d0a71d84-b80f-4558-beac-8887750652e3 "74 IfmXJnd12QFnRhYX3sxmSrkcWSr3NKMiKHB0Q8iyueYzpySrTmaB4KJeq6fx2"
2020-09-24T03:30:49.492565476Z  [2020-09-24T03:30:49Z INFO  dt_instance] Inserted data for source d0a71d84-b80f-4558-beac-8887750652e3.
2020-09-24T03:30:49.544662987Z  [2020-09-24T03:30:49Z INFO  dt_instance] d0a71d84-b80f-4558-beac-8887750652e3 "75 XI85pyp4zfS5l80lV7Suh5787SQnQzWSSBwzY6eXaeeJecSD4DuJ4FhzwPVyv"
2020-09-24T03:30:49.567898028Z  [2020-09-24T03:30:49Z INFO  dt_instance] Inserted data for source d0a71d84-b80f-4558-beac-8887750652e3.
2020-09-24T03:30:49.619391794Z  [2020-09-24T03:30:49Z INFO  dt_instance] d0a71d84-b80f-4558-beac-8887750652e3 "76 RxepnIu2z0NBF8o17gc032SLbTMK4aatXd1OKvkiZJ6oc6nFxTODroLX4cN3y"
2020-09-24T03:30:49.642544643Z  [2020-09-24T03:30:49Z INFO  dt_instance] Inserted data for source d0a71d84-b80f-4558-beac-8887750652e3.
2020-09-24T03:30:49.694670145Z  [2020-09-24T03:30:49Z INFO  dt_instance] d0a71d84-b80f-4558-beac-8887750652e3 "77 w00sZulo2iJO12yBgjUB1Voq1ILg5Utg0CJf0b5UnS2EwUVlT0oQW2bjLIzSK"
2020-09-24T03:30:49.715330870Z  [2020-09-24T03:30:49Z INFO  dt_instance] Inserted data for source d0a71d84-b80f-4558-beac-8887750652e3.
2020-09-24T03:30:49.767567503Z  [2020-09-24T03:30:49Z INFO  dt_instance] d0a71d84-b80f-4558-beac-8887750652e3 "78 UJDk1J8zng7lxMnEVbycTXJScrRdQ76RdXy1jMV8cAahc8rMDNVDrLi9Z0mR5"
2020-09-24T03:30:49.787771139Z  [2020-09-24T03:30:49Z INFO  dt_instance] Inserted data for source d0a71d84-b80f-4558-beac-8887750652e3.
2020-09-24T03:30:49.838927746Z  [2020-09-24T03:30:49Z INFO  dt_instance] d0a71d84-b80f-4558-beac-8887750652e3 "79 mFjn3wlltWJ8FeREJJvxVtzcPXjXVLhlvyL7uRzZKfm1A2OdikHnRU7xRIceu"
2020-09-24T03:30:49.862040693Z  [2020-09-24T03:30:49Z INFO  dt_instance] Inserted data for source d0a71d84-b80f-4558-beac-8887750652e3.
2020-09-24T03:30:49.914200898Z  [2020-09-24T03:30:49Z INFO  dt_instance] d0a71d84-b80f-4558-beac-8887750652e3 "80 Ia08hvLPXmKE4uMfb6Sy3ZZfpBzQWOT6RadZNCq80V0NUcljhnINwVgUEln4O"
2020-09-24T03:30:49.933141423Z  [2020-09-24T03:30:49Z INFO  dt_instance] Inserted data for source d0a71d84-b80f-4558-beac-8887750652e3.
2020-09-24T03:30:49.985575997Z  [2020-09-24T03:30:49Z INFO  dt_instance] d0a71d84-b80f-4558-beac-8887750652e3 "81 qZQEROJ4OgPbT1EA6LbaT1ro2K95pwQjIRpvVkuu6as13SFlMz5MCRDKge6cj"
2020-09-24T03:30:50.002677117Z  [2020-09-24T03:30:50Z INFO  dt_instance] Inserted data for source d0a71d84-b80f-4558-beac-8887750652e3.
2020-09-24T03:30:50.054551147Z  [2020-09-24T03:30:50Z INFO  dt_instance] d0a71d84-b80f-4558-beac-8887750652e3 "82 qNCfIyufLgcm4UNBwKH6yIAeHsiTCAuxYb06HA1ihvMLxDHZmAEoEK7inVtX5"
2020-09-24T03:30:50.072357108Z  [2020-09-24T03:30:50Z INFO  dt_instance] Inserted data for source d0a71d84-b80f-4558-beac-8887750652e3.
2020-09-24T03:30:50.124334237Z  [2020-09-24T03:30:50Z INFO  dt_instance] d0a71d84-b80f-4558-beac-8887750652e3 "83 6wrEtbDJ6XLbadNvdul4rkZcc56k0r3VGXP959Phr4O4627icKMor944MO1PF"
2020-09-24T03:30:50.143498447Z  [2020-09-24T03:30:50Z INFO  dt_instance] Inserted data for source d0a71d84-b80f-4558-beac-8887750652e3.
2020-09-24T03:30:50.195991970Z  [2020-09-24T03:30:50Z INFO  dt_instance] d0a71d84-b80f-4558-beac-8887750652e3 "84 ZgYMEjWhXW3l6xZzrCBB5ObTbuq6jpIdhA4DBHw8F4utIyFCyExEqcFZam2BC"
2020-09-24T03:30:50.220474679Z  [2020-09-24T03:30:50Z INFO  dt_instance] Inserted data for source d0a71d84-b80f-4558-beac-8887750652e3.
2020-09-24T03:30:50.272214609Z  [2020-09-24T03:30:50Z INFO  dt_instance] d0a71d84-b80f-4558-beac-8887750652e3 "85 zdkTkRk47UpO442vJ601uMF55yLeEy14uzKe0uLsZndhaRpXETvV6x9rkrzp3"
2020-09-24T03:30:50.296195372Z  [2020-09-24T03:30:50Z INFO  dt_instance] Inserted data for source d0a71d84-b80f-4558-beac-8887750652e3.
2020-09-24T03:30:50.348414319Z  [2020-09-24T03:30:50Z ERROR dt_instance] Unhandled incoming.
2020-09-24T03:30:50.399835029Z  [2020-09-24T03:30:50Z INFO  dt_instance] d0a71d84-b80f-4558-beac-8887750652e3 "86 UC6UG4gVyq0u8SnwEpf2V0D60pscZfL4PJGYKngIJTKCUdCgQ2xti0OM583lu"
2020-09-24T03:30:50.416519380Z  [2020-09-24T03:30:50Z INFO  dt_instance] Inserted data for source d0a71d84-b80f-4558-beac-8887750652e3.
2020-09-24T03:30:50.470192570Z  [2020-09-24T03:30:50Z INFO  dt_instance] d0a71d84-b80f-4558-beac-8887750652e3 "87 2tQJSwaHClnrm1AjyDVgkjxKgVP4GFcxmfa3h0W9o7NlxIkSlLhvTKw6xkLPC"
2020-09-24T03:30:50.495462365Z  [2020-09-24T03:30:50Z INFO  dt_instance] Inserted data for source d0a71d84-b80f-4558-beac-8887750652e3.
2020-09-24T03:30:50.546999714Z  [2020-09-24T03:30:50Z INFO  dt_instance] d0a71d84-b80f-4558-beac-8887750652e3 "88 LJInQjKrk8obVfXMc9h2Rggukp9vhKUTRq5MMWDxUnbe1sHBRxz2E5A1MKzNU"
2020-09-24T03:30:50.578591705Z  [2020-09-24T03:30:50Z INFO  dt_instance] Inserted data for source d0a71d84-b80f-4558-beac-8887750652e3.
2020-09-24T03:30:50.629809324Z  [2020-09-24T03:30:50Z INFO  dt_instance] d0a71d84-b80f-4558-beac-8887750652e3 "89 bNJXVkVPG3x1LlFPoNxjZ6Rndu9Zt2ziHJ6un0E6fnkAmWMbNdW8EBh3Bgp5c"
2020-09-24T03:30:50.649630789Z  [2020-09-24T03:30:50Z INFO  dt_instance] Inserted data for source d0a71d84-b80f-4558-beac-8887750652e3.
2020-09-24T03:30:50.701683360Z  [2020-09-24T03:30:50Z INFO  dt_instance] d0a71d84-b80f-4558-beac-8887750652e3 "90 0OUvSqcTE7sh8w8ILSHAtxAY1vGqaog2TvwqeK8ohkrmLOYQ834GjiTEdyxUC"
2020-09-24T03:30:50.724862894Z  [2020-09-24T03:30:50Z INFO  dt_instance] Inserted data for source d0a71d84-b80f-4558-beac-8887750652e3.
2020-09-24T03:30:50.777074015Z  [2020-09-24T03:30:50Z INFO  dt_instance] d0a71d84-b80f-4558-beac-8887750652e3 "91 Y1XaNtKf7aR0hrbOEmXrQolXLJSj6sP7doWUZhKsGeCaacnOQ3g6FZKHmj82W"
2020-09-24T03:30:50.801904942Z  [2020-09-24T03:30:50Z INFO  dt_instance] Inserted data for source d0a71d84-b80f-4558-beac-8887750652e3.
2020-09-24T03:30:50.853791227Z  [2020-09-24T03:30:50Z INFO  dt_instance] d0a71d84-b80f-4558-beac-8887750652e3 "92 0wiNxq7QhvI0lzJS7ySVJOnWBcInK9b9rYjVwt5ITVMLWyR4v3hq71EAV3QvN"
2020-09-24T03:30:50.873096414Z  [2020-09-24T03:30:50Z INFO  dt_instance] Inserted data for source d0a71d84-b80f-4558-beac-8887750652e3.
2020-09-24T03:30:50.925143574Z  [2020-09-24T03:30:50Z INFO  dt_instance] d0a71d84-b80f-4558-beac-8887750652e3 "93 Q1uwyapMaOlvPBC8dahGOghusOpwznoyv3wugsW3L69O90FVwIm3e4VUGZ0hN"
2020-09-24T03:30:50.941834162Z  [2020-09-24T03:30:50Z INFO  dt_instance] Inserted data for source d0a71d84-b80f-4558-beac-8887750652e3.
2020-09-24T03:30:50.993001857Z  [2020-09-24T03:30:50Z INFO  dt_instance] d0a71d84-b80f-4558-beac-8887750652e3 "94 gJjJ7zgikAGeOTROsnw6v81rosEs3wtsZDp29tVncVHxFZFXB4VRwfdVrFIRZ"
2020-09-24T03:30:51.014120055Z  [2020-09-24T03:30:51Z INFO  dt_instance] Inserted data for source d0a71d84-b80f-4558-beac-8887750652e3.
2020-09-24T03:30:51.066210515Z  [2020-09-24T03:30:51Z INFO  dt_instance] d0a71d84-b80f-4558-beac-8887750652e3 "95 x6AsbohyDvjo3Djpmw0FjRHzn6xVG7ROrgSrmmLCOtn9JiHXSo93E3mB6CcCo"
2020-09-24T03:30:51.079614570Z  [2020-09-24T03:30:51Z INFO  dt_instance] Inserted data for source d0a71d84-b80f-4558-beac-8887750652e3.
2020-09-24T03:30:51.132367037Z  [2020-09-24T03:30:51Z INFO  dt_instance] d0a71d84-b80f-4558-beac-8887750652e3 "96 6VjibdeRc6FaiZQRDvI7Q8xxYwzq7cSKFc07NW380zfOrmlCICMZu1keppIpL"
2020-09-24T03:30:51.145519909Z  [2020-09-24T03:30:51Z INFO  dt_instance] Inserted data for source d0a71d84-b80f-4558-beac-8887750652e3.
2020-09-24T03:30:51.196907154Z  [2020-09-24T03:30:51Z INFO  dt_instance] d0a71d84-b80f-4558-beac-8887750652e3 "97 658tH3BHlw1DftRHBAVB95Ucd0FC781yaTjzw8n7xxsRw759McBYZHCnM8NUd"
2020-09-24T03:30:51.219683094Z  [2020-09-24T03:30:51Z INFO  dt_instance] Inserted data for source d0a71d84-b80f-4558-beac-8887750652e3.
2020-09-24T03:30:51.270768125Z  [2020-09-24T03:30:51Z INFO  dt_instance] d0a71d84-b80f-4558-beac-8887750652e3 "98 EGH4tcSxVianfIgzkOAew4m88TaorgZh9K1fJk3P103pXCpmbsBaiqfYi6y7a"
2020-09-24T03:30:51.295088461Z  [2020-09-24T03:30:51Z INFO  dt_instance] Inserted data for source d0a71d84-b80f-4558-beac-8887750652e3.
2020-09-24T03:30:51.346938846Z  [2020-09-24T03:30:51Z INFO  dt_instance] d0a71d84-b80f-4558-beac-8887750652e3 "99 h06TxCqJcRGKPwFFjHxnJa0vl0iVGbVYIFcu3sv2pWBEofS1gh8YfroGxjw5q"
2020-09-24T03:30:51.360988217Z  [2020-09-24T03:30:51Z INFO  dt_instance] Inserted data for source d0a71d84-b80f-4558-beac-8887750652e3.
2020-09-24T03:30:51.413151333Z  [2020-09-24T03:30:51Z INFO  dt_instance] d0a71d84-b80f-4558-beac-8887750652e3 "100 ghS4Nrypb9PH9mfJ6zbDXgM2N2QGUvqu9cUzlq8oGQIEPo1c6VNo8sDnOoDM"
2020-09-24T03:30:51.439260701Z  [2020-09-24T03:30:51Z INFO  dt_instance] Inserted data for source d0a71d84-b80f-4558-beac-8887750652e3.
2020-09-24T03:30:51.491309598Z  [2020-09-24T03:30:51Z INFO  dt_instance] d0a71d84-b80f-4558-beac-8887750652e3 "101 GvwoOi2IH1eigEFoREyVYw9UD94kpyj0ejJuS1ceRviN6dOODrFRN6CXBykM"
2020-09-24T03:30:51.510595731Z  [2020-09-24T03:30:51Z INFO  dt_instance] Inserted data for source d0a71d84-b80f-4558-beac-8887750652e3.
2020-09-24T03:30:51.563022031Z  [2020-09-24T03:30:51Z INFO  dt_instance] d0a71d84-b80f-4558-beac-8887750652e3 "102 8McJwEK2pTUV23zEShikmZxhuOiVjKNpDlNKu7RDl46F3fXS9dwW3wNqmhml"
2020-09-24T03:30:51.583705560Z  [2020-09-24T03:30:51Z INFO  dt_instance] Inserted data for source d0a71d84-b80f-4558-beac-8887750652e3.
2020-09-24T03:30:51.635801585Z  [2020-09-24T03:30:51Z INFO  dt_instance] d0a71d84-b80f-4558-beac-8887750652e3 "103 3QjNLYb3S97j77H05PoY62mzfA8shzD4ADcakwwrJzKGBktzUQNryN6vZ2ST"
2020-09-24T03:30:51.652855807Z  [2020-09-24T03:30:51Z INFO  dt_instance] Inserted data for source d0a71d84-b80f-4558-beac-8887750652e3.
2020-09-24T03:30:51.705306616Z  [2020-09-24T03:30:51Z INFO  dt_instance] d0a71d84-b80f-4558-beac-8887750652e3 "104 zTrrn7zQaVKBiy40FfOgOYHq1oWyCxWzxW8voqIVxw3DHqCIC8MbhHRZe9Ib"
2020-09-24T03:30:51.727013085Z  [2020-09-24T03:30:51Z INFO  dt_instance] Inserted data for source d0a71d84-b80f-4558-beac-8887750652e3.
2020-09-24T03:30:51.779487943Z  [2020-09-24T03:30:51Z INFO  dt_instance] d0a71d84-b80f-4558-beac-8887750652e3 "105 4fuVLYLPCuYQ1CEJzmEpV1vQHB0qkscXEDAxgHH78jEyvbrTTkBxG4NGJeCX"
2020-09-24T03:30:51.805628504Z  [2020-09-24T03:30:51Z INFO  dt_instance] Inserted data for source d0a71d84-b80f-4558-beac-8887750652e3.
2020-09-24T03:30:51.858709518Z  [2020-09-24T03:30:51Z INFO  dt_instance] d0a71d84-b80f-4558-beac-8887750652e3 "106 oAjMJ5mqbYkyoAH7WOY5bCxQ5L6sqPvq1KmbYR2uPIilIuYtOiTXBAXYUCsD"
2020-09-24T03:30:51.877696394Z  [2020-09-24T03:30:51Z INFO  dt_instance] Inserted data for source d0a71d84-b80f-4558-beac-8887750652e3.
2020-09-24T03:30:51.930863994Z  [2020-09-24T03:30:51Z INFO  dt_instance] d0a71d84-b80f-4558-beac-8887750652e3 "107 QYc1PuO8E7Glvw56mSWzZJSK4BRVKiceJslbDjYCZMrq4ciSmIqC4aw7S5sN"
2020-09-24T03:30:51.952353938Z  [2020-09-24T03:30:51Z INFO  dt_instance] Inserted data for source d0a71d84-b80f-4558-beac-8887750652e3.
2020-09-24T03:30:52.004206703Z  [2020-09-24T03:30:52Z INFO  dt_instance] d0a71d84-b80f-4558-beac-8887750652e3 "108 sNDMpF3WJ2qK70feu0Pdds5xLfFSofLdS2m2a4TvnX86mFeXIjGqhf5qlF4Z"
2020-09-24T03:30:52.022736018Z  [2020-09-24T03:30:52Z INFO  dt_instance] Inserted data for source d0a71d84-b80f-4558-beac-8887750652e3.
2020-09-24T03:30:52.075402827Z  [2020-09-24T03:30:52Z INFO  dt_instance] d0a71d84-b80f-4558-beac-8887750652e3 "109 Cqp5UojnsUJtJJBZ2Yy3xa7KVQlulJ4OkdEOlUYweKNKcM9Ps4d1KdN6HD39"
2020-09-24T03:30:52.097783691Z  [2020-09-24T03:30:52Z INFO  dt_instance] Inserted data for source d0a71d84-b80f-4558-beac-8887750652e3.
2020-09-24T03:30:52.150351040Z  [2020-09-24T03:30:52Z INFO  dt_instance] d0a71d84-b80f-4558-beac-8887750652e3 "110 1C2KqZnyHHgLH2lspiOvKghfw2ilZcbjlZiXevnn9njGViYihVCm6w1oMuta"
2020-09-24T03:30:52.172628154Z  [2020-09-24T03:30:52Z INFO  dt_instance] Inserted data for source d0a71d84-b80f-4558-beac-8887750652e3.
2020-09-24T03:30:52.226520118Z  [2020-09-24T03:30:52Z INFO  dt_instance] d0a71d84-b80f-4558-beac-8887750652e3 "111 Yi40UkEH3bfQvPtRsuKuvLkHalgyWWb6L8SGyOJLPPMWb4RRpzBil7sJ6yJr"
2020-09-24T03:30:52.252682246Z  [2020-09-24T03:30:52Z INFO  dt_instance] Inserted data for source d0a71d84-b80f-4558-beac-8887750652e3.
2020-09-24T03:30:52.305130541Z  [2020-09-24T03:30:52Z INFO  dt_instance] d0a71d84-b80f-4558-beac-8887750652e3 "112 frVVYwykbmwhZvot18iJ9SeMErH5qVHeP3mVhGTdciRUJUDuU3SJ3KHcvGIa"
2020-09-24T03:30:52.321544161Z  [2020-09-24T03:30:52Z INFO  dt_instance] Inserted data for source d0a71d84-b80f-4558-beac-8887750652e3.
2020-09-24T03:30:52.373640945Z  [2020-09-24T03:30:52Z INFO  dt_instance] d0a71d84-b80f-4558-beac-8887750652e3 "113 v2w8D6XaI5DRxHeedfyhduny0a9nSTawdUY0PnNSmIqLQJoPmqSWExOKXQrU"
2020-09-24T03:30:52.396616659Z  [2020-09-24T03:30:52Z INFO  dt_instance] Inserted data for source d0a71d84-b80f-4558-beac-8887750652e3.
2020-09-24T03:30:52.448883306Z  [2020-09-24T03:30:52Z INFO  dt_instance] d0a71d84-b80f-4558-beac-8887750652e3 "114 oBePyLVeI3cQCN4XFJdOME1j4GB2O2O30RGaFjdnRoA2OIK8EpB1OAudHZfI"
2020-09-24T03:30:52.467407270Z  [2020-09-24T03:30:52Z INFO  dt_instance] Inserted data for source d0a71d84-b80f-4558-beac-8887750652e3.
2020-09-24T03:30:52.519345467Z  [2020-09-24T03:30:52Z INFO  dt_instance] d0a71d84-b80f-4558-beac-8887750652e3 "115 YCK7Ut86LznF8FeE82LRt2dmxSCn0VDU8OqP763u2X7o0jeDS2kWm4N6J451"
2020-09-24T03:30:52.541517774Z  [2020-09-24T03:30:52Z INFO  dt_instance] Inserted data for source d0a71d84-b80f-4558-beac-8887750652e3.
2020-09-24T03:30:52.593773778Z  [2020-09-24T03:30:52Z INFO  dt_instance] d0a71d84-b80f-4558-beac-8887750652e3 "116 XjaM5qQc8Kplgq0BLtaOGFh6KuLhwKJmuJIO1qeyhzdnYbkPQgFYvQ9EjR0a"
2020-09-24T03:30:52.610924709Z  [2020-09-24T03:30:52Z INFO  dt_instance] Inserted data for source d0a71d84-b80f-4558-beac-8887750652e3.
2020-09-24T03:30:52.661977390Z  [2020-09-24T03:30:52Z INFO  dt_instance] d0a71d84-b80f-4558-beac-8887750652e3 "117 fcI717H8ZwtwTLtmaZgeTU6UOWis1w0WzNSQpa60JDyN0r3v7X1dfCnGRvKQ"
2020-09-24T03:30:52.684221736Z  [2020-09-24T03:30:52Z INFO  dt_instance] Inserted data for source d0a71d84-b80f-4558-beac-8887750652e3.
2020-09-24T03:30:52.736155016Z  [2020-09-24T03:30:52Z INFO  dt_instance] d0a71d84-b80f-4558-beac-8887750652e3 "118 kxTx5VizeEYhHe3k0lQE5J5TRlUmoZ3lAj1D0DOF9E2Zvip1IeZ5ggeWsbI9"
2020-09-24T03:30:52.752247948Z  [2020-09-24T03:30:52Z INFO  dt_instance] Inserted data for source d0a71d84-b80f-4558-beac-8887750652e3.
2020-09-24T03:30:52.804308585Z  [2020-09-24T03:30:52Z INFO  dt_instance] d0a71d84-b80f-4558-beac-8887750652e3 "119 073MnNDUD6F0csWR5SqxDBksZmJPMf7MypgmsrSVYZdQdThrl46CJcwZO5sf"
2020-09-24T03:30:52.826893799Z  [2020-09-24T03:30:52Z INFO  dt_instance] Inserted data for source d0a71d84-b80f-4558-beac-8887750652e3.
2020-09-24T03:30:52.878869331Z  [2020-09-24T03:30:52Z INFO  dt_instance] d0a71d84-b80f-4558-beac-8887750652e3 "120 P3rnykHOvuSpxOQTvsyX9xZquDtHGeUdK8zl6XFrmxmz2PJ6ktxWfwfV2DvU"
2020-09-24T03:30:52.897576929Z  [2020-09-24T03:30:52Z INFO  dt_instance] Inserted data for source d0a71d84-b80f-4558-beac-8887750652e3.
2020-09-24T03:30:52.951378859Z  [2020-09-24T03:30:52Z INFO  dt_instance] d0a71d84-b80f-4558-beac-8887750652e3 "121 VjKU4RqKpAb3BV4IPmajns6ERbgQmNqNBs3TupC3lYccKdNMIzIvFqdkN0ds"
2020-09-24T03:30:52.968187631Z  [2020-09-24T03:30:52Z INFO  dt_instance] Inserted data for source d0a71d84-b80f-4558-beac-8887750652e3.
2020-09-24T03:30:53.020741729Z  [2020-09-24T03:30:53Z INFO  dt_instance] d0a71d84-b80f-4558-beac-8887750652e3 "122 Xe79WkmdGsAiRDixnw0xpK4XldBTKJ2hoVXCevE2H4H97csDxGTZBbsLE4GM"
2020-09-24T03:30:53.038610243Z  [2020-09-24T03:30:53Z INFO  dt_instance] Inserted data for source d0a71d84-b80f-4558-beac-8887750652e3.
2020-09-24T03:30:53.091089682Z  [2020-09-24T03:30:53Z INFO  dt_instance] d0a71d84-b80f-4558-beac-8887750652e3 "123 EhngdfdnKn644l095gdp8yrmYoJiGxM3BXZWCQpOu15LAdWkhJT0Nhksfy0m"
2020-09-24T03:30:53.113097255Z  [2020-09-24T03:30:53Z INFO  dt_instance] Inserted data for source d0a71d84-b80f-4558-beac-8887750652e3.
2020-09-24T03:30:53.164936229Z  [2020-09-24T03:30:53Z INFO  dt_instance] d0a71d84-b80f-4558-beac-8887750652e3 "124 O1Xn4XmXVJ0XmHvKcO6mINAAZj4qpmyP6oqcexSdpxSsvvYC0ORlt2DVlQDq"
2020-09-24T03:30:53.185067812Z  [2020-09-24T03:30:53Z INFO  dt_instance] Inserted data for source d0a71d84-b80f-4558-beac-8887750652e3.
2020-09-24T03:30:53.237244378Z  [2020-09-24T03:30:53Z INFO  dt_instance] d0a71d84-b80f-4558-beac-8887750652e3 "125 IVKLwf7XSB1fcDqTubkuXiCmbIanEjaOmKxHGhPotfVwhDipXbC0AHlkk4Ui"
2020-09-24T03:30:53.254386058Z  [2020-09-24T03:30:53Z INFO  dt_instance] Inserted data for source d0a71d84-b80f-4558-beac-8887750652e3.
2020-09-24T03:30:53.306488158Z  [2020-09-24T03:30:53Z INFO  dt_instance] d0a71d84-b80f-4558-beac-8887750652e3 "126 o2okARd60W2TYiT1ek3XdzeiOX628ZMbJY2iP8HN9QhYMhxmwjZNulq6dBF8"
2020-09-24T03:30:53.325475315Z  [2020-09-24T03:30:53Z INFO  dt_instance] Inserted data for source d0a71d84-b80f-4558-beac-8887750652e3.
2020-09-24T03:30:53.377519840Z  [2020-09-24T03:30:53Z INFO  dt_instance] d0a71d84-b80f-4558-beac-8887750652e3 "127 uupqhPlo8MW2LhA33JD6WzEOeOgVKx1gF6gOf2EE2FS5DDjNZClF7XMyquj8"
2020-09-24T03:30:53.398393500Z  [2020-09-24T03:30:53Z INFO  dt_instance] Inserted data for source d0a71d84-b80f-4558-beac-8887750652e3.
2020-09-24T03:30:53.450394762Z  [2020-09-24T03:30:53Z INFO  dt_instance] d0a71d84-b80f-4558-beac-8887750652e3 "128 lvsTKN7zvReqsitdpg2t7X25nwoXMf33b77ME0BsG4STa2LNxIqN17wSIu96"
2020-09-24T03:30:53.469546410Z  [2020-09-24T03:30:53Z INFO  dt_instance] Inserted data for source d0a71d84-b80f-4558-beac-8887750652e3.
2020-09-24T03:30:53.521625929Z  [2020-09-24T03:30:53Z INFO  dt_instance] d0a71d84-b80f-4558-beac-8887750652e3 "129 m2tbBeHe17Ugxx9rnJGaoZxvZ4ELBgbqddSudyydHjGns6LqgV61PpHA4N5F"
2020-09-24T03:30:53.543284815Z  [2020-09-24T03:30:53Z INFO  dt_instance] Inserted data for source d0a71d84-b80f-4558-beac-8887750652e3.
2020-09-24T03:30:53.595216335Z  [2020-09-24T03:30:53Z INFO  dt_instance] d0a71d84-b80f-4558-beac-8887750652e3 "130 RcJOJtfbLadAMsVCLiIiB4KaEmEprHin1TRDWbDT7XxaAmJxuI9j4Dq8xh92"
2020-09-24T03:30:53.617176673Z  [2020-09-24T03:30:53Z INFO  dt_instance] Inserted data for source d0a71d84-b80f-4558-beac-8887750652e3.
2020-09-24T03:30:53.668911642Z  [2020-09-24T03:30:53Z INFO  dt_instance] d0a71d84-b80f-4558-beac-8887750652e3 "131 1IHbTDCPvhXRO0u7jVzMPdRIBpw61gmHK6B6Ge6UT9EJk7Y3GD1vdnpKFtgT"
2020-09-24T03:30:53.685870404Z  [2020-09-24T03:30:53Z INFO  dt_instance] Inserted data for source d0a71d84-b80f-4558-beac-8887750652e3.
2020-09-24T03:30:53.738291692Z  [2020-09-24T03:30:53Z INFO  dt_instance] d0a71d84-b80f-4558-beac-8887750652e3 "132 rH5DLuBap3SvGgF0T8qqVz2fBMU1VeVaLxjhe9I5b3zK1k5I4J6HZO30recm"
2020-09-24T03:30:53.760319401Z  [2020-09-24T03:30:53Z INFO  dt_instance] Inserted data for source d0a71d84-b80f-4558-beac-8887750652e3.
2020-09-24T03:30:53.812468775Z  [2020-09-24T03:30:53Z INFO  dt_instance] d0a71d84-b80f-4558-beac-8887750652e3 "133 Qxi60O8F5yZW4msvOg9782SflcN4p1FSpbDUmqzEb6Ii2VmxqMzX9oBo0d7A"
2020-09-24T03:30:53.830766235Z  [2020-09-24T03:30:53Z INFO  dt_instance] Inserted data for source d0a71d84-b80f-4558-beac-8887750652e3.
2020-09-24T03:30:53.882750493Z  [2020-09-24T03:30:53Z INFO  dt_instance] d0a71d84-b80f-4558-beac-8887750652e3 "134 ItlHSvTzNLcwCSwzTEphVFE9gfK6v5fcU7kx1OaedGPby19IYQxNsjaM4p7v"
2020-09-24T03:30:53.905098239Z  [2020-09-24T03:30:53Z INFO  dt_instance] Inserted data for source d0a71d84-b80f-4558-beac-8887750652e3.
2020-09-24T03:30:53.956968960Z  [2020-09-24T03:30:53Z INFO  dt_instance] d0a71d84-b80f-4558-beac-8887750652e3 "135 QzC5vzdr594zzFCCOusA3neg7dzPa0KjVKp1cLZ1ePdokKgdh34KecXyvCH4"
2020-09-24T03:30:53.978118763Z  [2020-09-24T03:30:53Z INFO  dt_instance] Inserted data for source d0a71d84-b80f-4558-beac-8887750652e3.
2020-09-24T03:30:54.030152647Z  [2020-09-24T03:30:54Z INFO  dt_instance] d0a71d84-b80f-4558-beac-8887750652e3 "136 d1T9Y9CJ6oVLgO0pu01wvjFsdvm3HPqzAk6wpiW9dXwvpkTYad42fzfh19kP"
2020-09-24T03:30:54.049211300Z  [2020-09-24T03:30:54Z INFO  dt_instance] Inserted data for source d0a71d84-b80f-4558-beac-8887750652e3.
2020-09-24T03:30:54.101449805Z  [2020-09-24T03:30:54Z INFO  dt_instance] d0a71d84-b80f-4558-beac-8887750652e3 "137 WqO60HNdpIgmv3rOXdbjpJ8BmhNtvHAKHPPlLejQHpeQ8amoMJHBtCj9Q3eT"
2020-09-24T03:30:54.122432539Z  [2020-09-24T03:30:54Z INFO  dt_instance] Inserted data for source d0a71d84-b80f-4558-beac-8887750652e3.
2020-09-24T03:30:54.174444446Z  [2020-09-24T03:30:54Z INFO  dt_instance] d0a71d84-b80f-4558-beac-8887750652e3 "138 AfUG2Wwq7TudD38UvdjtNZL1hjOQmqi3OmlE1usdUCBJ3FxkONKAblHo1K5A"
2020-09-24T03:30:54.197553910Z  [2020-09-24T03:30:54Z INFO  dt_instance] Inserted data for source d0a71d84-b80f-4558-beac-8887750652e3.
2020-09-24T03:30:54.249639041Z  [2020-09-24T03:30:54Z INFO  dt_instance] d0a71d84-b80f-4558-beac-8887750652e3 "139 4zZRIIm0CyCR7LMLAaGWalo7DqKu25wd2PUWsH8nPJt4wVxn3EsVTOam1Hbc"
2020-09-24T03:30:54.271994768Z  [2020-09-24T03:30:54Z INFO  dt_instance] Inserted data for source d0a71d84-b80f-4558-beac-8887750652e3.
2020-09-24T03:30:54.324828191Z  [2020-09-24T03:30:54Z INFO  dt_instance] d0a71d84-b80f-4558-beac-8887750652e3 "140 1JMBBRojz67ddJW1kKaCrPoY7gDK2qjzlNf1xg47hcDJoil0haWponH4PsEM"
2020-09-24T03:30:54.346607502Z  [2020-09-24T03:30:54Z INFO  dt_instance] Inserted data for source d0a71d84-b80f-4558-beac-8887750652e3.
2020-09-24T03:30:54.398636701Z  [2020-09-24T03:30:54Z INFO  dt_instance] d0a71d84-b80f-4558-beac-8887750652e3 "141 S7H4MiivL3gwxHlWwzEZJWpKxl8USNTIrrIBgUuTSiBwt7CKaIz1YmNNeeIP"
2020-09-24T03:30:54.419847486Z  [2020-09-24T03:30:54Z INFO  dt_instance] Inserted data for source d0a71d84-b80f-4558-beac-8887750652e3.
2020-09-24T03:30:54.473555791Z  [2020-09-24T03:30:54Z INFO  dt_instance] d0a71d84-b80f-4558-beac-8887750652e3 "142 dR5bkh1SDhfXcKkSgGcyyFEQ7SwwpTjjLhLlT0hZkQAsDP6pRGuzdijD5l18"
2020-09-24T03:30:54.493225551Z  [2020-09-24T03:30:54Z INFO  dt_instance] Inserted data for source d0a71d84-b80f-4558-beac-8887750652e3.
2020-09-24T03:30:54.545918764Z  [2020-09-24T03:30:54Z INFO  dt_instance] d0a71d84-b80f-4558-beac-8887750652e3 "143 ZT0dsbTyfFWVN4yCoF5xFqTioPNdqprxyVUx9udHB7KfqcHvIEzIEi4PMI5x"
2020-09-24T03:30:54.566183256Z  [2020-09-24T03:30:54Z INFO  dt_instance] Inserted data for source d0a71d84-b80f-4558-beac-8887750652e3.
2020-09-24T03:30:54.617883412Z  [2020-09-24T03:30:54Z INFO  dt_instance] d0a71d84-b80f-4558-beac-8887750652e3 "144 j89ouNHdOJv7XVMMvQbSHFLxgSGQKmbTMDz4Ky014PoNaCCqnkPwQjk5Sstr"
2020-09-24T03:30:54.640228958Z  [2020-09-24T03:30:54Z INFO  dt_instance] Inserted data for source d0a71d84-b80f-4558-beac-8887750652e3.
2020-09-24T03:30:54.692057959Z  [2020-09-24T03:30:54Z INFO  dt_instance] d0a71d84-b80f-4558-beac-8887750652e3 "145 JASjzUOvkRwekOWYQRUd0DWJ1xaH3WtluVC3arnjr9cjF0igKH2vsWmjlcUK"
2020-09-24T03:30:54.712309275Z  [2020-09-24T03:30:54Z INFO  dt_instance] Inserted data for source d0a71d84-b80f-4558-beac-8887750652e3.
2020-09-24T03:30:54.764498032Z  [2020-09-24T03:30:54Z INFO  dt_instance] d0a71d84-b80f-4558-beac-8887750652e3 "146 8EqrmpTmUpPfIWe5lcripJCytMMUqj1uk3lTephJiSkqrAcjhvEXmpbHcFss"
2020-09-24T03:30:54.784102395Z  [2020-09-24T03:30:54Z INFO  dt_instance] Inserted data for source d0a71d84-b80f-4558-beac-8887750652e3.
2020-09-24T03:30:54.836256950Z  [2020-09-24T03:30:54Z INFO  dt_instance] d0a71d84-b80f-4558-beac-8887750652e3 "147 R7M2S7Nerup1HA4phXbn36Adaa8U7taBoFN38Yhr1x0FLhDX8JgYvG99Zb12"
2020-09-24T03:30:54.858488944Z  [2020-09-24T03:30:54Z INFO  dt_instance] Inserted data for source d0a71d84-b80f-4558-beac-8887750652e3.
2020-09-24T03:30:54.910598460Z  [2020-09-24T03:30:54Z INFO  dt_instance] d0a71d84-b80f-4558-beac-8887750652e3 "148 SEbLSIbx56KE2ms528n8OobgBCSlhrNRoX0K4NzKVD6L8ameUJP1vOmN6asX"
2020-09-24T03:30:54.933613611Z  [2020-09-24T03:30:54Z INFO  dt_instance] Inserted data for source d0a71d84-b80f-4558-beac-8887750652e3.
2020-09-24T03:30:54.985181354Z  [2020-09-24T03:30:54Z INFO  dt_instance] d0a71d84-b80f-4558-beac-8887750652e3 "149 CD61t9a7uFJRgqZOiatdA9bHJxbYCZAuggATjHDirgx8FoTCqitI6jZO2Vzy"
2020-09-24T03:30:55.004703940Z  [2020-09-24T03:30:55Z INFO  dt_instance] Inserted data for source d0a71d84-b80f-4558-beac-8887750652e3.
2020-09-24T03:30:55.056997843Z  [2020-09-24T03:30:55Z INFO  dt_instance] d0a71d84-b80f-4558-beac-8887750652e3 "150 IULGS4ay0n1pgZ1iM29XrRX5IVd14CwSiZWjGSKMU5B5WqGG85X1RfUz7tgt"
2020-09-24T03:30:55.081162599Z  [2020-09-24T03:30:55Z INFO  dt_instance] Inserted data for source d0a71d84-b80f-4558-beac-8887750652e3.
2020-09-24T03:30:55.132925957Z  [2020-09-24T03:30:55Z INFO  dt_instance] d0a71d84-b80f-4558-beac-8887750652e3 "151 HhMVXLEgSw0mpTWoN6vJo5L0fv2QeNlaA5GA7n7bUbxuF7dKjrlFzOWV8Adh"
2020-09-24T03:30:55.156923686Z  [2020-09-24T03:30:55Z INFO  dt_instance] Inserted data for source d0a71d84-b80f-4558-beac-8887750652e3.
2020-09-24T03:30:55.208036949Z  [2020-09-24T03:30:55Z INFO  dt_instance] d0a71d84-b80f-4558-beac-8887750652e3 "152 PTUAoCouznUo24IDMvG8OUP3tKe4NKPmT7V0relc603HaKCGHp03paoR0HOm"
2020-09-24T03:30:55.230889617Z  [2020-09-24T03:30:55Z INFO  dt_instance] Inserted data for source d0a71d84-b80f-4558-beac-8887750652e3.
2020-09-24T03:30:55.282028927Z  [2020-09-24T03:30:55Z INFO  dt_instance] d0a71d84-b80f-4558-beac-8887750652e3 "153 Rs9cYT1rIUz1mSHocsXBh3Io6gzuR6TY18dnrQBz0XZXrrPsduTlUQuLDtEx"
2020-09-24T03:30:55.304308191Z  [2020-09-24T03:30:55Z INFO  dt_instance] Inserted data for source d0a71d84-b80f-4558-beac-8887750652e3.
2020-09-24T03:30:55.356301388Z  [2020-09-24T03:30:55Z INFO  dt_instance] d0a71d84-b80f-4558-beac-8887750652e3 "154 NgpL5DUOmyphY9SpFA50BGZigiB8cyecAE9oW9iiTTEJPeewIMBUPRCPikFi"
2020-09-24T03:30:55.377413417Z  [2020-09-24T03:30:55Z INFO  dt_instance] Inserted data for source d0a71d84-b80f-4558-beac-8887750652e3.
2020-09-24T03:30:55.429570173Z  [2020-09-24T03:30:55Z INFO  dt_instance] d0a71d84-b80f-4558-beac-8887750652e3 "155 5DvT9I6GGKC0AYnnLJIJYroPENx3opPizZ3liK1FCMF9QuCsJmaaRlMOZt47"
2020-09-24T03:30:55.442766507Z  [2020-09-24T03:30:55Z INFO  dt_instance] Inserted data for source d0a71d84-b80f-4558-beac-8887750652e3.
2020-09-24T03:30:55.495634164Z  [2020-09-24T03:30:55Z INFO  dt_instance] d0a71d84-b80f-4558-beac-8887750652e3 "156 0zt1KQUXsNfFwfzJdBKOQ4GXYE7pHps6cGZp5u4HJK8L7nsmAxTR5eOp1mMl"
2020-09-24T03:30:55.509719120Z  [2020-09-24T03:30:55Z INFO  dt_instance] Inserted data for source d0a71d84-b80f-4558-beac-8887750652e3.
2020-09-24T03:30:55.561090482Z  [2020-09-24T03:30:55Z INFO  dt_instance] d0a71d84-b80f-4558-beac-8887750652e3 "157 6dydv5Wv3OuNAr8v4efepXSxMVkeH4z5TUxFKRkcY1hbU3tQLFv8qThFHorU"
2020-09-24T03:30:55.579953088Z  [2020-09-24T03:30:55Z INFO  dt_instance] Inserted data for source d0a71d84-b80f-4558-beac-8887750652e3.
2020-09-24T03:30:55.632201512Z  [2020-09-24T03:30:55Z INFO  dt_instance] d0a71d84-b80f-4558-beac-8887750652e3 "158 ezGGDRULC0cdzNgHvuX0vH2VmD9VnY2BbnlCnPOKlJfu5dB3VsruOHiVqfgW"
2020-09-24T03:30:55.648921208Z  [2020-09-24T03:30:55Z INFO  dt_instance] Inserted data for source d0a71d84-b80f-4558-beac-8887750652e3.
2020-09-24T03:30:55.701050779Z  [2020-09-24T03:30:55Z INFO  dt_instance] d0a71d84-b80f-4558-beac-8887750652e3 "159 SpBzv2TAO7dh7CN8UXSIGh27X5dbYxe91pCBVJHiPrdyE71ByCdS8FsxQYeR"
2020-09-24T03:30:55.718233869Z  [2020-09-24T03:30:55Z INFO  dt_instance] Inserted data for source d0a71d84-b80f-4558-beac-8887750652e3.
2020-09-24T03:30:55.770056093Z  [2020-09-24T03:30:55Z INFO  dt_instance] d0a71d84-b80f-4558-beac-8887750652e3 "160 rfnfP0BW2zhFCB2oks5sPKqbxkRFtjdzm08Vrmx9Ry1AeR96JpR17tDBClKD"
2020-09-24T03:30:55.788414570Z  [2020-09-24T03:30:55Z INFO  dt_instance] Inserted data for source d0a71d84-b80f-4558-beac-8887750652e3.
2020-09-24T03:30:55.840280291Z  [2020-09-24T03:30:55Z INFO  dt_instance] d0a71d84-b80f-4558-beac-8887750652e3 "161 UERNPwrKrIYtH3azuhNSJ6Dk0OpRDIhXQx1ROIUTNJ47mXzV15NbnY1TPxHs"
2020-09-24T03:30:55.854606228Z  [2020-09-24T03:30:55Z INFO  dt_instance] Inserted data for source d0a71d84-b80f-4558-beac-8887750652e3.
2020-09-24T03:30:55.907018558Z  [2020-09-24T03:30:55Z INFO  dt_instance] d0a71d84-b80f-4558-beac-8887750652e3 "162 32qQDBWwMHiLMPRuKKQtIUa4ZqpQVvv9cwL6t1wlPRptdsN8NHFgsgiBY25H"
2020-09-24T03:30:55.922543997Z  [2020-09-24T03:30:55Z INFO  dt_instance] Inserted data for source d0a71d84-b80f-4558-beac-8887750652e3.
2020-09-24T03:30:55.974410311Z  [2020-09-24T03:30:55Z INFO  dt_instance] d0a71d84-b80f-4558-beac-8887750652e3 "163 vObSoxMvMIdnrouQgTuWsR71oWwHFENdIoQqkF0vyRyLJMTCXrH938qOILCR"
2020-09-24T03:30:55.990156673Z  [2020-09-24T03:30:55Z INFO  dt_instance] Inserted data for source d0a71d84-b80f-4558-beac-8887750652e3.
2020-09-24T03:30:56.042436251Z  [2020-09-24T03:30:56Z INFO  dt_instance] d0a71d84-b80f-4558-beac-8887750652e3 "164 yY90mPJy5WI89yUKIEIdOVjz0RepVrlNCR43ZbGtr9c4xFVeVHLZleeSpNhk"
2020-09-24T03:30:56.056753548Z  [2020-09-24T03:30:56Z INFO  dt_instance] Inserted data for source d0a71d84-b80f-4558-beac-8887750652e3.
2020-09-24T03:30:56.108679324Z  [2020-09-24T03:30:56Z INFO  dt_instance] d0a71d84-b80f-4558-beac-8887750652e3 "165 0Izc8pBSbbH011lwGirJVoGThaoR1NhKqTo3l8ekkcJo6MqELz1g9IyKiXC6"
2020-09-24T03:30:56.122876239Z  [2020-09-24T03:30:56Z INFO  dt_instance] Inserted data for source d0a71d84-b80f-4558-beac-8887750652e3.
2020-09-24T03:30:56.175189753Z  [2020-09-24T03:30:56Z INFO  dt_instance] d0a71d84-b80f-4558-beac-8887750652e3 "166 LAeN3PkkO4bptx4EopYGOz3RRFi4M6DuLYm2TMqxZWM8swpxFwaF5CfVNWHS"
2020-09-24T03:30:56.192984277Z  [2020-09-24T03:30:56Z INFO  dt_instance] Inserted data for source d0a71d84-b80f-4558-beac-8887750652e3.
2020-09-24T03:30:56.245275921Z  [2020-09-24T03:30:56Z INFO  dt_instance] d0a71d84-b80f-4558-beac-8887750652e3 "167 hBDH2o4JWa328QNuDOyOWxSwRRP7RxjqIikjYqeYH0UmmHoqGNgrYQWjS1iY"
2020-09-24T03:30:56.260245440Z  [2020-09-24T03:30:56Z INFO  dt_instance] Inserted data for source d0a71d84-b80f-4558-beac-8887750652e3.
2020-09-24T03:30:56.312731516Z  [2020-09-24T03:30:56Z INFO  dt_instance] d0a71d84-b80f-4558-beac-8887750652e3 "168 6HvfkPwQGFW8i5qDFZvPiPeQBQ0OGQJniRDd2UvEZGilQvaaa7iHsn06Cv2c"
2020-09-24T03:30:56.326215405Z  [2020-09-24T03:30:56Z INFO  dt_instance] Inserted data for source d0a71d84-b80f-4558-beac-8887750652e3.
2020-09-24T03:30:56.378359640Z  [2020-09-24T03:30:56Z INFO  dt_instance] d0a71d84-b80f-4558-beac-8887750652e3 "169 JonTF0UreuBwZkBYdsvtQxVrBeuu14PTCHMfgFbMlU9l6eP3VuG0k0sh4gbY"
2020-09-24T03:30:56.394760154Z  [2020-09-24T03:30:56Z INFO  dt_instance] Inserted data for source d0a71d84-b80f-4558-beac-8887750652e3.
2020-09-24T03:30:56.446727920Z  [2020-09-24T03:30:56Z INFO  dt_instance] d0a71d84-b80f-4558-beac-8887750652e3 "170 Battk9hptlS2W66nNLJNa25ftS8jbm7RC01zZBgbM1GCjczlZd9QCNjwKmwZ"
2020-09-24T03:30:56.460059185Z  [2020-09-24T03:30:56Z INFO  dt_instance] Inserted data for source d0a71d84-b80f-4558-beac-8887750652e3.
2020-09-24T03:30:56.512191272Z  [2020-09-24T03:30:56Z INFO  dt_instance] d0a71d84-b80f-4558-beac-8887750652e3 "171 LwQ9dog6R4ZAdHiWWqPVAEVr2s6CdHUX5hOQRWZpBuBF65rQOtZCDOS3pfEL"
2020-09-24T03:30:56.531371023Z  [2020-09-24T03:30:56Z INFO  dt_instance] Inserted data for source d0a71d84-b80f-4558-beac-8887750652e3.
2020-09-24T03:30:56.583425844Z  [2020-09-24T03:30:56Z INFO  dt_instance] d0a71d84-b80f-4558-beac-8887750652e3 "172 FEiWzSjp5BM6JSW5cBjCyeMVCpBdnVGkkvwSgU6zABDjqXyy2HHAxYGJB4PU"
2020-09-24T03:30:56.602580362Z  [2020-09-24T03:30:56Z INFO  dt_instance] Inserted data for source d0a71d84-b80f-4558-beac-8887750652e3.
2020-09-24T03:30:56.654711912Z  [2020-09-24T03:30:56Z INFO  dt_instance] d0a71d84-b80f-4558-beac-8887750652e3 "173 UUQC2XK3LAQN9hFbHCBiZMbabUIVvjk6OuHzIGUpt21nHuJrpT10hp1Biy2U"
2020-09-24T03:30:56.671498800Z  [2020-09-24T03:30:56Z INFO  dt_instance] Inserted data for source d0a71d84-b80f-4558-beac-8887750652e3.
2020-09-24T03:30:56.723620774Z  [2020-09-24T03:30:56Z INFO  dt_instance] d0a71d84-b80f-4558-beac-8887750652e3 "174 H8K8SmKxO6YfXYEvpULxY5DxQUpLobKyFargdbBpRxtVctrOByvZsRFeaVTh"
2020-09-24T03:30:56.744107348Z  [2020-09-24T03:30:56Z INFO  dt_instance] Inserted data for source d0a71d84-b80f-4558-beac-8887750652e3.
2020-09-24T03:30:56.796035419Z  [2020-09-24T03:30:56Z INFO  dt_instance] d0a71d84-b80f-4558-beac-8887750652e3 "175 3UioTq72Hp3sNTKarB7LTamsFDT7GQGLizxYPFZFrV0w1edvYbP2uG5XBLZA"
2020-09-24T03:30:56.813563865Z  [2020-09-24T03:30:56Z INFO  dt_instance] Inserted data for source d0a71d84-b80f-4558-beac-8887750652e3.
2020-09-24T03:30:56.865644519Z  [2020-09-24T03:30:56Z INFO  dt_instance] d0a71d84-b80f-4558-beac-8887750652e3 "176 CWj6BvwXtnQPcl1cgwQ6YMh6HBdy5y29zAqw6kqhKk2h6MqiLG1fbx1FXrfz"
2020-09-24T03:30:56.887154508Z  [2020-09-24T03:30:56Z INFO  dt_instance] Inserted data for source d0a71d84-b80f-4558-beac-8887750652e3.
2020-09-24T03:30:56.939462000Z  [2020-09-24T03:30:56Z INFO  dt_instance] d0a71d84-b80f-4558-beac-8887750652e3 "177 lcZSxNvRTbITqNIfrAN6BKBOakE6E40SihUPUvk1OPcyQGeIMY2HKT1TU3mQ"
2020-09-24T03:30:56.959074434Z  [2020-09-24T03:30:56Z INFO  dt_instance] Inserted data for source d0a71d84-b80f-4558-beac-8887750652e3.
2020-09-24T03:30:57.011326161Z  [2020-09-24T03:30:57Z INFO  dt_instance] d0a71d84-b80f-4558-beac-8887750652e3 "178 ywENgG58ojrMZK7hO9B3dvwBOtRz1NGCQpme3Wt370dl3qY48O4vHY7pdDGF"
2020-09-24T03:30:57.031032783Z  [2020-09-24T03:30:57Z INFO  dt_instance] Inserted data for source d0a71d84-b80f-4558-beac-8887750652e3.
2020-09-24T03:30:57.082159740Z  [2020-09-24T03:30:57Z INFO  dt_instance] d0a71d84-b80f-4558-beac-8887750652e3 "179 YuH1ngT0GpE2RurC2wQWYAVyt3jmtH0bg6gjaTtVR7XyBzuSiCVXldNFoNa2"
2020-09-24T03:30:57.100546914Z  [2020-09-24T03:30:57Z INFO  dt_instance] Inserted data for source d0a71d84-b80f-4558-beac-8887750652e3.
2020-09-24T03:30:57.153200879Z  [2020-09-24T03:30:57Z INFO  dt_instance] d0a71d84-b80f-4558-beac-8887750652e3 "180 BvqzPACpGVOx2KTpQ0Q6Brr68SQsb9BkfHkdA4FboANechxyI0USaCiHXyYg"
2020-09-24T03:30:57.171460568Z  [2020-09-24T03:30:57Z INFO  dt_instance] Inserted data for source d0a71d84-b80f-4558-beac-8887750652e3.
2020-09-24T03:30:57.223720983Z  [2020-09-24T03:30:57Z INFO  dt_instance] d0a71d84-b80f-4558-beac-8887750652e3 "181 4bPde7aS7kRTB6Q1dOHui4YC3yPUMr9kpsL5MOJRiyRNUItHd97kqycuPPfD"
2020-09-24T03:30:57.244341439Z  [2020-09-24T03:30:57Z INFO  dt_instance] Inserted data for source d0a71d84-b80f-4558-beac-8887750652e3.
2020-09-24T03:30:57.296203592Z  [2020-09-24T03:30:57Z INFO  dt_instance] d0a71d84-b80f-4558-beac-8887750652e3 "182 klhHUfLsajULY7hyGPlaTb5ohSYln9NIR8KUyCpzXBeglJgPDZVFS307tOgV"
2020-09-24T03:30:58.329892067Z  [2020-09-24T03:30:58Z INFO  dt_instance] Inserted data for source d0a71d84-b80f-4558-beac-8887750652e3.
2020-09-24T03:30:58.382511566Z  [2020-09-24T03:30:58Z INFO  dt_instance] d0a71d84-b80f-4558-beac-8887750652e3 "183 6aHvJixPCwlQUgn3B7KFbZ1rMHRkfm0HfPCnle5IjlQ6KFh4TxVQwwtqargs"
2020-09-24T03:30:58.398576069Z  [2020-09-24T03:30:58Z INFO  dt_instance] Inserted data for source d0a71d84-b80f-4558-beac-8887750652e3.
2020-09-24T03:30:58.451110296Z  [2020-09-24T03:30:58Z INFO  dt_instance] d0a71d84-b80f-4558-beac-8887750652e3 "184 Rtdw7sLQEbhXv8ctAc7I2FUjF8VT9RN2aNFERirsk4Z6RxKUGB0uoGz1wLlC"
2020-09-24T03:30:58.471008857Z  [2020-09-24T03:30:58Z INFO  dt_instance] Inserted data for source d0a71d84-b80f-4558-beac-8887750652e3.
2020-09-24T03:30:58.522705026Z  [2020-09-24T03:30:58Z INFO  dt_instance] d0a71d84-b80f-4558-beac-8887750652e3 "185 C8PBkIoUmlse1OijOZivn9igdmZziMan1vlJGD5XPIcs7JOou2dyrdTsesG8"
2020-09-24T03:30:58.538865337Z  [2020-09-24T03:30:58Z INFO  dt_instance] Inserted data for source d0a71d84-b80f-4558-beac-8887750652e3.
2020-09-24T03:30:58.590676843Z  [2020-09-24T03:30:58Z INFO  dt_instance] d0a71d84-b80f-4558-beac-8887750652e3 "186 M3XszdlVSYj55sBv5FbiHElIQpAjpt25vpCbXyqrvsBwa92p7sgYLFxbjSTs"
2020-09-24T03:30:58.609958278Z  [2020-09-24T03:30:58Z INFO  dt_instance] Inserted data for source d0a71d84-b80f-4558-beac-8887750652e3.
2020-09-24T03:30:58.661852232Z  [2020-09-24T03:30:58Z INFO  dt_instance] d0a71d84-b80f-4558-beac-8887750652e3 "187 Yr0wYTVWADfxSkkUuePzPRFmmUGRADtL07l5PzUYNQ5rWUfOrYArbTE3xHnE"
2020-09-24T03:30:58.679107222Z  [2020-09-24T03:30:58Z INFO  dt_instance] Inserted data for source d0a71d84-b80f-4558-beac-8887750652e3.
2020-09-24T03:30:58.731458885Z  [2020-09-24T03:30:58Z INFO  dt_instance] d0a71d84-b80f-4558-beac-8887750652e3 "188 yw99U2j2YSYeOPcqjjrTu9hURXSNHFdk6wnS8dOsJQaAhfX5OvK9YNvRoXBf"
2020-09-24T03:30:58.749824080Z  [2020-09-24T03:30:58Z INFO  dt_instance] Inserted data for source d0a71d84-b80f-4558-beac-8887750652e3.
2020-09-24T03:30:58.801811188Z  [2020-09-24T03:30:58Z INFO  dt_instance] d0a71d84-b80f-4558-beac-8887750652e3 "189 PQ5PuaHyjxurKJ836BMZyVO5ileOxSSHwXC0nbN0M5QjhPz6O8YsAknqo1ai"
2020-09-24T03:30:58.820415380Z  [2020-09-24T03:30:58Z INFO  dt_instance] Inserted data for source d0a71d84-b80f-4558-beac-8887750652e3.
2020-09-24T03:30:58.872383126Z  [2020-09-24T03:30:58Z INFO  dt_instance] d0a71d84-b80f-4558-beac-8887750652e3 "190 MIxUGPEY9vYrvWlRMlygykMLFLcNgIIGKiPTg7NDWP8HcsXqEXYcpGACbIUt"
2020-09-24T03:30:58.891774200Z  [2020-09-24T03:30:58Z INFO  dt_instance] Inserted data for source d0a71d84-b80f-4558-beac-8887750652e3.
2020-09-24T03:30:58.942768596Z  [2020-09-24T03:30:58Z INFO  dt_instance] d0a71d84-b80f-4558-beac-8887750652e3 "191 Onvc2Dpz95l84qfSfRQxi2ZZ2OA4liZyAP7LXltx7YoVfulcoxM7eX3nA8ly"
2020-09-24T03:30:58.959699300Z  [2020-09-24T03:30:58Z INFO  dt_instance] Inserted data for source d0a71d84-b80f-4558-beac-8887750652e3.
2020-09-24T03:30:59.011783332Z  [2020-09-24T03:30:59Z INFO  dt_instance] d0a71d84-b80f-4558-beac-8887750652e3 "192 ek9DNMUHuRHl0T1LQEfkBvsaMUMzot4z2o9kkSgGUla4qMP1RjON9uKPNWj0"
2020-09-24T03:30:59.028202619Z  [2020-09-24T03:30:59Z INFO  dt_instance] Inserted data for source d0a71d84-b80f-4558-beac-8887750652e3.
2020-09-24T03:30:59.080153027Z  [2020-09-24T03:30:59Z INFO  dt_instance] d0a71d84-b80f-4558-beac-8887750652e3 "193 ybODhitn9SXlS20fXNsIfYbjo2MomcjqFzoXfI7dxgZ11SKHMZffh4P71F70"
2020-09-24T03:30:59.099835588Z  [2020-09-24T03:30:59Z INFO  dt_instance] Inserted data for source d0a71d84-b80f-4558-beac-8887750652e3.
2020-09-24T03:30:59.150966165Z  [2020-09-24T03:30:59Z INFO  dt_instance] d0a71d84-b80f-4558-beac-8887750652e3 "194 iAEM1ItPUVCOXHIiZtQRTiFE2muAifcZvwTdEFmjovTMJwAc5yR8gvRPKje4"
2020-09-24T03:30:59.165958079Z  [2020-09-24T03:30:59Z INFO  dt_instance] Inserted data for source d0a71d84-b80f-4558-beac-8887750652e3.
2020-09-24T03:30:59.217061785Z  [2020-09-24T03:30:59Z INFO  dt_instance] d0a71d84-b80f-4558-beac-8887750652e3 "195 POsaTbAJOwq4Nf6vHMJtx78vpN3Bd4CvOlJeAuGcY6dr9LfPSXtVPaA2Ubze"
2020-09-24T03:30:59.233856976Z  [2020-09-24T03:30:59Z INFO  dt_instance] Inserted data for source d0a71d84-b80f-4558-beac-8887750652e3.
2020-09-24T03:30:59.288802193Z  [2020-09-24T03:30:59Z INFO  dt_instance] d0a71d84-b80f-4558-beac-8887750652e3 "196 9ySatU78qreAEqQ8wJTLO8dNAwQO5rPRahXhWINyxBYtj4SYTxYAQeJrEPU3"
2020-09-24T03:30:59.304200929Z  [2020-09-24T03:30:59Z INFO  dt_instance] Inserted data for source d0a71d84-b80f-4558-beac-8887750652e3.
2020-09-24T03:30:59.356117195Z  [2020-09-24T03:30:59Z INFO  dt_instance] d0a71d84-b80f-4558-beac-8887750652e3 "197 1vTeAoZ0WXwHKFqlNbO7JCwIe3OkWnMTklb2naTP8MJpk2vWw5Nm47aS9SH0"
2020-09-24T03:30:59.372381788Z  [2020-09-24T03:30:59Z INFO  dt_instance] Inserted data for source d0a71d84-b80f-4558-beac-8887750652e3.
2020-09-24T03:30:59.424372512Z  [2020-09-24T03:30:59Z INFO  dt_instance] d0a71d84-b80f-4558-beac-8887750652e3 "198 srJgO1ZPhI3Ew4FIe0lVAtbRh1mMx7X2IZIlF23DRe0zg9TEhkVnKQtkiqUE"
2020-09-24T03:30:59.439510095Z  [2020-09-24T03:30:59Z INFO  dt_instance] Inserted data for source d0a71d84-b80f-4558-beac-8887750652e3.
2020-09-24T03:30:59.491191202Z  [2020-09-24T03:30:59Z INFO  dt_instance] d0a71d84-b80f-4558-beac-8887750652e3 "199 3eras5QrpvMEQ1XaFY9H8nBQdht0LK6iNDpf8h6wdgGcpZpIJcgJUrTcG0YY"
2020-09-24T03:30:59.508358445Z  [2020-09-24T03:30:59Z INFO  dt_instance] Inserted data for source d0a71d84-b80f-4558-beac-8887750652e3.
2020-09-24T03:30:59.560276137Z  [2020-09-24T03:30:59Z INFO  dt_instance] d0a71d84-b80f-4558-beac-8887750652e3 "200 5MEaz03ZBzdqm8nyKBgmzLzN4GqGwysFsV8Rmh12DZINSQdJzySDx1vWRjzc"
2020-09-24T03:30:59.573843352Z  [2020-09-24T03:30:59Z INFO  dt_instance] Inserted data for source d0a71d84-b80f-4558-beac-8887750652e3.
2020-09-24T03:30:59.624709842Z  [2020-09-24T03:30:59Z INFO  dt_instance] d0a71d84-b80f-4558-beac-8887750652e3 "201 MLTcmob7clZvIKhXb6pPAMxiHLV8PuP1Cp4N6wQKe28a3dqSnNoQRSLb8p7x"
2020-09-24T03:30:59.639701548Z  [2020-09-24T03:30:59Z INFO  dt_instance] Inserted data for source d0a71d84-b80f-4558-beac-8887750652e3.
2020-09-24T03:30:59.691730495Z  [2020-09-24T03:30:59Z INFO  dt_instance] d0a71d84-b80f-4558-beac-8887750652e3 "202 UL0KKn1Lhn6g1tLSmrGmcMQul1sZOk054W8FqUrWamwyvWUWhv43cI9qg4Jf"
2020-09-24T03:30:59.709573770Z  [2020-09-24T03:30:59Z INFO  dt_instance] Inserted data for source d0a71d84-b80f-4558-beac-8887750652e3.
2020-09-24T03:30:59.761693645Z  [2020-09-24T03:30:59Z INFO  dt_instance] d0a71d84-b80f-4558-beac-8887750652e3 "203 EzeMwLqEPLNd3X8vFmCnnrXBEzNtQMkHIIgsjSPeyeVB74WkFMVCsklpkqQl"
2020-09-24T03:30:59.778353480Z  [2020-09-24T03:30:59Z INFO  dt_instance] Inserted data for source d0a71d84-b80f-4558-beac-8887750652e3.
2020-09-24T03:30:59.830434050Z  [2020-09-24T03:30:59Z INFO  dt_instance] d0a71d84-b80f-4558-beac-8887750652e3 "204 TRke7ZeNt48DZ6GGVmLavFH1AyDH2Zcmj0ZjgeapItBEhAtkweE6o8mdS35E"
2020-09-24T03:30:59.844131663Z  [2020-09-24T03:30:59Z INFO  dt_instance] Inserted data for source d0a71d84-b80f-4558-beac-8887750652e3.
2020-09-24T03:30:59.896376622Z  [2020-09-24T03:30:59Z INFO  dt_instance] d0a71d84-b80f-4558-beac-8887750652e3 "205 EvLIYCbkQ2D7YXjFepbxr4XkPgRIJOCV7pGkQf5WfUBpJdn3hVGhikdFQHtI"
2020-09-24T03:30:59.912425334Z  [2020-09-24T03:30:59Z INFO  dt_instance] Inserted data for source d0a71d84-b80f-4558-beac-8887750652e3.
2020-09-24T03:30:59.964734052Z  [2020-09-24T03:30:59Z INFO  dt_instance] d0a71d84-b80f-4558-beac-8887750652e3 "206 vwJVSdpisQ2HpPfSqwsulxrgRUMEuL5AFyXOxwbCUgX0qVFT2sPhJRLVtSoe"
2020-09-24T03:30:59.979310702Z  [2020-09-24T03:30:59Z INFO  dt_instance] Inserted data for source d0a71d84-b80f-4558-beac-8887750652e3.
2020-09-24T03:31:00.031520028Z  [2020-09-24T03:31:00Z INFO  dt_instance] d0a71d84-b80f-4558-beac-8887750652e3 "207 7rEJyyNoEwymbvNNNGCn3rSK1EDGjP1H5l3O51Q9YT9EOT9MzvNZNHM2Tf4t"
2020-09-24T03:31:00.049095840Z  [2020-09-24T03:31:00Z INFO  dt_instance] Inserted data for source d0a71d84-b80f-4558-beac-8887750652e3.
2020-09-24T03:31:00.101546847Z  [2020-09-24T03:31:00Z INFO  dt_instance] d0a71d84-b80f-4558-beac-8887750652e3 "208 NGn64LmJlPyT3PwB25R0R4HfSaLzyjL69scAZctEKr7FaqvzgCvGkClE5RbT"
2020-09-24T03:31:00.116466594Z  [2020-09-24T03:31:00Z INFO  dt_instance] Inserted data for source d0a71d84-b80f-4558-beac-8887750652e3.
2020-09-24T03:31:00.168870286Z  [2020-09-24T03:31:00Z INFO  dt_instance] d0a71d84-b80f-4558-beac-8887750652e3 "209 WBvez7SWFSoUmRLDRoVeo9X9Bm7auxwzSMGO0lG2jrecggDRCHF6Hmq5wOBI"
2020-09-24T03:31:00.182705307Z  [2020-09-24T03:31:00Z INFO  dt_instance] Inserted data for source d0a71d84-b80f-4558-beac-8887750652e3.
2020-09-24T03:31:00.234019053Z  [2020-09-24T03:31:00Z INFO  dt_instance] d0a71d84-b80f-4558-beac-8887750652e3 "210 CcY948h5DxiTEd3LaXoeCc0SLwZJGkyK0acBIsl93wTi4r6UpjCrJUgoAsQf"
2020-09-24T03:31:00.250157213Z  [2020-09-24T03:31:00Z INFO  dt_instance] Inserted data for source d0a71d84-b80f-4558-beac-8887750652e3.
2020-09-24T03:31:00.302443670Z  [2020-09-24T03:31:00Z INFO  dt_instance] d0a71d84-b80f-4558-beac-8887750652e3 "211 MHHFj6pllU1yCXsIjNAAW64jWSjdEPn0ELZrBD9OYSgbhdFiwOXo4AKeaH6F"
2020-09-24T03:31:00.320312996Z  [2020-09-24T03:31:00Z INFO  dt_instance] Inserted data for source d0a71d84-b80f-4558-beac-8887750652e3.
2020-09-24T03:31:00.372342916Z  [2020-09-24T03:31:00Z INFO  dt_instance] d0a71d84-b80f-4558-beac-8887750652e3 "212 0BZd9TUR8I9VO4I9vdC1AhOzIjCEJ33khVeL3vvHNGmlmfgmWHlWzvBJ2nk7"
2020-09-24T03:31:00.386763515Z  [2020-09-24T03:31:00Z INFO  dt_instance] Inserted data for source d0a71d84-b80f-4558-beac-8887750652e3.
2020-09-24T03:31:00.438194280Z  [2020-09-24T03:31:00Z INFO  dt_instance] d0a71d84-b80f-4558-beac-8887750652e3 "213 ndYQelouWcJWDsH1J7Hh2wNkSSm4iGXOWRgUYAqkUHW51zLKM5uKrGfv7Kvx"
2020-09-24T03:31:00.454675784Z  [2020-09-24T03:31:00Z INFO  dt_instance] Inserted data for source d0a71d84-b80f-4558-beac-8887750652e3.
2020-09-24T03:31:00.506597698Z  [2020-09-24T03:31:00Z INFO  dt_instance] d0a71d84-b80f-4558-beac-8887750652e3 "214 2SU3kp7bANhWEgW3hLylS5S98K7kPE5w0ITpCDJVZmwXrfPBq2HEMB7FtZhf"
2020-09-24T03:31:00.519436038Z  [2020-09-24T03:31:00Z INFO  dt_instance] Inserted data for source d0a71d84-b80f-4558-beac-8887750652e3.
2020-09-24T03:31:00.571619493Z  [2020-09-24T03:31:00Z INFO  dt_instance] d0a71d84-b80f-4558-beac-8887750652e3 "215 OpQrQiF6nAWNdlWcn4rqEYyBtpzpxapcxy7kYNESGXE9AgQCHSlsHkmVxe5J"
2020-09-24T03:31:00.585534913Z  [2020-09-24T03:31:00Z INFO  dt_instance] Inserted data for source d0a71d84-b80f-4558-beac-8887750652e3.
2020-09-24T03:31:00.637524983Z  [2020-09-24T03:31:00Z INFO  dt_instance] d0a71d84-b80f-4558-beac-8887750652e3 "216 nC1iQBl8LRjh00lDC5PG5AyTNw2ExUfIjtdkz25QlOtd4tdtGUxsNisG35J9"
2020-09-24T03:31:00.653909142Z  [2020-09-24T03:31:00Z INFO  dt_instance] Inserted data for source d0a71d84-b80f-4558-beac-8887750652e3.
2020-09-24T03:31:00.710339424Z  [2020-09-24T03:31:00Z INFO  dt_instance] d0a71d84-b80f-4558-beac-8887750652e3 "217 ftUo0xfxvXsvGTPDEy4EeF0VAbAd3pKTZtIRrAkO0ByolLfkogoAJQvrvCaf"
2020-09-24T03:31:00.722946242Z  [2020-09-24T03:31:00Z INFO  dt_instance] Inserted data for source d0a71d84-b80f-4558-beac-8887750652e3.
2020-09-24T03:31:00.775375651Z  [2020-09-24T03:31:00Z INFO  dt_instance] d0a71d84-b80f-4558-beac-8887750652e3 "218 lFGAJfocDSWkix1bE0wT3iO7yuGNfZmktT90z8ScaAGS8NGX7GtXvKOUi6IE"
2020-09-24T03:31:00.789368251Z  [2020-09-24T03:31:00Z INFO  dt_instance] Inserted data for source d0a71d84-b80f-4558-beac-8887750652e3.
2020-09-24T03:31:00.841667780Z  [2020-09-24T03:31:00Z INFO  dt_instance] d0a71d84-b80f-4558-beac-8887750652e3 "219 T6cm3lr2ffTrEcbkDPpDrPtRY4hDULKbR59jbYArkUlF13TjvtCI331rkA3V"
2020-09-24T03:31:00.858919574Z  [2020-09-24T03:31:00Z INFO  dt_instance] Inserted data for source d0a71d84-b80f-4558-beac-8887750652e3.
2020-09-24T03:31:00.911048807Z  [2020-09-24T03:31:00Z INFO  dt_instance] d0a71d84-b80f-4558-beac-8887750652e3 "220 wxOYVy6auRRYfK6psrPWxPQu5LChNTsxwtXMrXC3RXNHx2YMIgENr9YyIrwQ"
2020-09-24T03:31:01.940993814Z  [2020-09-24T03:31:01Z INFO  dt_instance] Inserted data for source d0a71d84-b80f-4558-beac-8887750652e3.
2020-09-24T03:31:01.993601260Z  [2020-09-24T03:31:01Z INFO  dt_instance] d0a71d84-b80f-4558-beac-8887750652e3 "221 64PcAWK9oCijqru8TxD7cLWTrd2LxdIzhFulMt1k4jb6OUSavbgJWSTeQNOl"
2020-09-24T03:31:02.010086285Z  [2020-09-24T03:31:02Z INFO  dt_instance] Inserted data for source d0a71d84-b80f-4558-beac-8887750652e3.
2020-09-24T03:31:02.062266677Z  [2020-09-24T03:31:02Z INFO  dt_instance] d0a71d84-b80f-4558-beac-8887750652e3 "222 r49dA2etnDCFgx1RPoHNy3wu2HfuTylxm8BaOl0m6i6pCmx6xDiVO1u0tbZ7"
2020-09-24T03:31:02.076324132Z  [2020-09-24T03:31:02Z INFO  dt_instance] Inserted data for source d0a71d84-b80f-4558-beac-8887750652e3.
2020-09-24T03:31:02.128749923Z  [2020-09-24T03:31:02Z INFO  dt_instance] d0a71d84-b80f-4558-beac-8887750652e3 "223 LkxiqghcLSnfoTBu0fE9jDjsm3HXqKCtbNtHvDYrGvUtmg6YwblTyEOpXy7p"
2020-09-24T03:31:02.141803223Z  [2020-09-24T03:31:02Z INFO  dt_instance] Inserted data for source d0a71d84-b80f-4558-beac-8887750652e3.
2020-09-24T03:31:02.195661070Z  [2020-09-24T03:31:02Z INFO  dt_instance] d0a71d84-b80f-4558-beac-8887750652e3 "224 TNl94hsg0MsOynmqqjr4oYqDzwS3uGNtJISpOqtaayE4VXmIgQEiWBpko1BZ"
2020-09-24T03:31:03.221274660Z  [2020-09-24T03:31:03Z INFO  dt_instance] Inserted data for source d0a71d84-b80f-4558-beac-8887750652e3.
2020-09-24T03:31:03.273494110Z  [2020-09-24T03:31:03Z INFO  dt_instance] d0a71d84-b80f-4558-beac-8887750652e3 "225 F7foIF9nvq5xr9uO7kGLs2uRP1awkDAJE9k82zBCMY90J2GROC8RcIV8rMxv"
2020-09-24T03:31:03.288684683Z  [2020-09-24T03:31:03Z INFO  dt_instance] Inserted data for source d0a71d84-b80f-4558-beac-8887750652e3.
2020-09-24T03:31:03.340957473Z  [2020-09-24T03:31:03Z INFO  dt_instance] d0a71d84-b80f-4558-beac-8887750652e3 "226 iI2heCev28kARbSopz1ThnUdNmKb30KvfVWtGmHTlFCkU0tc4C1F7oCGy9NY"
2020-09-24T03:31:03.353315574Z  [2020-09-24T03:31:03Z INFO  dt_instance] Inserted data for source d0a71d84-b80f-4558-beac-8887750652e3.
2020-09-24T03:31:03.405436168Z  [2020-09-24T03:31:03Z INFO  dt_instance] d0a71d84-b80f-4558-beac-8887750652e3 "227 fqRWYWYHK2HH4xvUwNwPjyfWWMGXtYIjMeghPh1QwwV91f7aHIhMjyYji4ay"
2020-09-24T03:31:03.421058810Z  [2020-09-24T03:31:03Z INFO  dt_instance] Inserted data for source d0a71d84-b80f-4558-beac-8887750652e3.
2020-09-24T03:31:03.474445223Z  [2020-09-24T03:31:03Z INFO  dt_instance] d0a71d84-b80f-4558-beac-8887750652e3 "228 Gnz5yWmns0hbe6rLnDeW1AF7DdA65HwKpiOAsmmHrwzyfm066YPtdORUzxkC"
2020-09-24T03:31:03.488542771Z  [2020-09-24T03:31:03Z INFO  dt_instance] Inserted data for source d0a71d84-b80f-4558-beac-8887750652e3.
2020-09-24T03:31:03.540696149Z  [2020-09-24T03:31:03Z INFO  dt_instance] d0a71d84-b80f-4558-beac-8887750652e3 "229 M8uY7hgR8yWHzV8HEolD6QWacH3v7NPxuIVYnm3GiTFzR5QeV8CcyQQQJP3q"
2020-09-24T03:31:03.552946603Z  [2020-09-24T03:31:03Z INFO  dt_instance] Inserted data for source d0a71d84-b80f-4558-beac-8887750652e3.
2020-09-24T03:31:03.606176642Z  [2020-09-24T03:31:03Z INFO  dt_instance] d0a71d84-b80f-4558-beac-8887750652e3 "230 G2kvy4d5qmG6fZINPGoKNumIISxAvfDkGig8dw06V4GHTJXjZLLSgvS0SPpE"
2020-09-24T03:31:03.618535439Z  [2020-09-24T03:31:03Z INFO  dt_instance] Inserted data for source d0a71d84-b80f-4558-beac-8887750652e3.
2020-09-24T03:31:03.671929055Z  [2020-09-24T03:31:03Z INFO  dt_instance] d0a71d84-b80f-4558-beac-8887750652e3 "231 2SsWqhMeMocziqEzUuWFWguZIFaIuHYQ6KFB94cOhgU1xFYRUvwkwGsdzcnL"
2020-09-24T03:31:03.684871500Z  [2020-09-24T03:31:03Z INFO  dt_instance] Inserted data for source d0a71d84-b80f-4558-beac-8887750652e3.
2020-09-24T03:31:03.738667025Z  [2020-09-24T03:31:03Z INFO  dt_instance] d0a71d84-b80f-4558-beac-8887750652e3 "232 Q7MrjYjb3nl4hjHKxD0NW9Rf2w8AW5waoczWb8uK2BGZu1wZMvkeB028jnYI"
2020-09-24T03:31:03.753572810Z  [2020-09-24T03:31:03Z INFO  dt_instance] Inserted data for source d0a71d84-b80f-4558-beac-8887750652e3.
2020-09-24T03:31:03.805817678Z  [2020-09-24T03:31:03Z INFO  dt_instance] d0a71d84-b80f-4558-beac-8887750652e3 "233 QEocEhOc4P7YMs6MIKYc2cjawbWTiH3zm9MMkZ1VHMXbSmft15lfnGBxeiKC"
2020-09-24T03:31:03.820863039Z  [2020-09-24T03:31:03Z INFO  dt_instance] Inserted data for source d0a71d84-b80f-4558-beac-8887750652e3.
2020-09-24T03:31:03.872247857Z  [2020-09-24T03:31:03Z INFO  dt_instance] d0a71d84-b80f-4558-beac-8887750652e3 "234 iF4WavkODtVkqaID9uQZ5UZPqnQcdl94kE5VeVKiyV8AIGtrvsxSW3WK427h"
2020-09-24T03:31:03.883877500Z  [2020-09-24T03:31:03Z INFO  dt_instance] Inserted data for source d0a71d84-b80f-4558-beac-8887750652e3.
2020-09-24T03:31:03.937457388Z  [2020-09-24T03:31:03Z INFO  dt_instance] d0a71d84-b80f-4558-beac-8887750652e3 "235 WahjfjxJ8zu1D4AzY4miKFsn9XeJ75y8EtwQH0mtd1V4YNCWy56wD51zBUIm"
2020-09-24T03:31:03.949147506Z  [2020-09-24T03:31:03Z INFO  dt_instance] Inserted data for source d0a71d84-b80f-4558-beac-8887750652e3.
2020-09-24T03:31:04.001410653Z  [2020-09-24T03:31:04Z INFO  dt_instance] d0a71d84-b80f-4558-beac-8887750652e3 "236 6FXVHw0oNHvBI7AIKWFaOXwgqBFnDIqpeXhLHgwL1EjcTMoGv4IWOLoYTJ9c"
2020-09-24T03:31:04.015596646Z  [2020-09-24T03:31:04Z INFO  dt_instance] Inserted data for source d0a71d84-b80f-4558-beac-8887750652e3.
2020-09-24T03:31:04.067066352Z  [2020-09-24T03:31:04Z INFO  dt_instance] d0a71d84-b80f-4558-beac-8887750652e3 "237 J79HjBzFzBqMzSYqWmm1Us1lYnaJEd3d6MbXPt4XaCoi9xzJTeVO4v1kDojx"
2020-09-24T03:31:04.080054241Z  [2020-09-24T03:31:04Z INFO  dt_instance] Inserted data for source d0a71d84-b80f-4558-beac-8887750652e3.
2020-09-24T03:31:04.132245102Z  [2020-09-24T03:31:04Z INFO  dt_instance] d0a71d84-b80f-4558-beac-8887750652e3 "238 NP0Urj4Ru8OARaCqrX4v8CqfVaqHfC87DNloJYiKlBynt3JAgFodqiF7vXzo"
2020-09-24T03:31:04.144038384Z  [2020-09-24T03:31:04Z INFO  dt_instance] Inserted data for source d0a71d84-b80f-4558-beac-8887750652e3.
2020-09-24T03:31:04.196322036Z  [2020-09-24T03:31:04Z INFO  dt_instance] d0a71d84-b80f-4558-beac-8887750652e3 "239 DTMjDoIZCfkvPBMSGDESLJUl0iy1py8E61M5yBn9c9pTu9SFagxICaD9TeSy"
2020-09-24T03:31:04.213034452Z  [2020-09-24T03:31:04Z INFO  dt_instance] Inserted data for source d0a71d84-b80f-4558-beac-8887750652e3.
2020-09-24T03:31:04.265315452Z  [2020-09-24T03:31:04Z INFO  dt_instance] d0a71d84-b80f-4558-beac-8887750652e3 "240 J26k2mJ1sxQKLCxW72AENUT3Y7z20lcvYPHbN6kWRlOWSbLsPSpeUrNoweom"
2020-09-24T03:31:04.279088770Z  [2020-09-24T03:31:04Z INFO  dt_instance] Inserted data for source d0a71d84-b80f-4558-beac-8887750652e3.
2020-09-24T03:31:04.332236934Z  [2020-09-24T03:31:04Z INFO  dt_instance] d0a71d84-b80f-4558-beac-8887750652e3 "241 ZzcvR3vGxT7MouYNxUVzRGafGsZB3aBgHotHots2rh0mPuRst3ikMwlscssA"
2020-09-24T03:31:04.345179754Z  [2020-09-24T03:31:04Z INFO  dt_instance] Inserted data for source d0a71d84-b80f-4558-beac-8887750652e3.
2020-09-24T03:31:04.402701709Z  [2020-09-24T03:31:04Z INFO  dt_instance] d0a71d84-b80f-4558-beac-8887750652e3 "242 aKcPQHR6DrJKNmOvUtQijyU1WMeAs3GuHAbKkCNsDTjP0SSG5cDW7y7fObdl"
2020-09-24T03:31:04.417227368Z  [2020-09-24T03:31:04Z INFO  dt_instance] Inserted data for source d0a71d84-b80f-4558-beac-8887750652e3.
2020-09-24T03:31:04.469427331Z  [2020-09-24T03:31:04Z INFO  dt_instance] d0a71d84-b80f-4558-beac-8887750652e3 "243 SNUsI02trTamKaBHdX12QaM1Yr06umw32jq1r5OY3mSgYyP0z8CzmIj87ZF1"
2020-09-24T03:31:04.483083797Z  [2020-09-24T03:31:04Z INFO  dt_instance] Inserted data for source d0a71d84-b80f-4558-beac-8887750652e3.
2020-09-24T03:31:04.538507131Z  [2020-09-24T03:31:04Z INFO  dt_instance] d0a71d84-b80f-4558-beac-8887750652e3 "244 fZLWLysuHmezvoQ5TNQAjQC4D2UfShVmvPJbiqg7qY2oou3EISHXOCWZ3FLg"
2020-09-24T03:31:04.552066106Z  [2020-09-24T03:31:04Z INFO  dt_instance] Inserted data for source d0a71d84-b80f-4558-beac-8887750652e3.
2020-09-24T03:31:04.605705497Z  [2020-09-24T03:31:04Z INFO  dt_instance] d0a71d84-b80f-4558-beac-8887750652e3 "245 EJUpMULXdsYfOMRYLMsJfVGytu1UhFr1TNSG66B328SLAfAwql4VmyqHNoym"
2020-09-24T03:31:04.618918860Z  [2020-09-24T03:31:04Z INFO  dt_instance] Inserted data for source d0a71d84-b80f-4558-beac-8887750652e3.
2020-09-24T03:31:04.669948689Z  [2020-09-24T03:31:04Z INFO  dt_instance] d0a71d84-b80f-4558-beac-8887750652e3 "246 nvxa4orBskutQbFyBsnkYZchOM02EV75anrrZAiKHYk9E6ByqCyFfqRWnJKA"
2020-09-24T03:31:04.686224947Z  [2020-09-24T03:31:04Z INFO  dt_instance] Inserted data for source d0a71d84-b80f-4558-beac-8887750652e3.
2020-09-24T03:31:04.738298643Z  [2020-09-24T03:31:04Z INFO  dt_instance] d0a71d84-b80f-4558-beac-8887750652e3 "247 TUtDh4iNAQqNSIODJgYCO3D1YrOFYdiOl1Uig6KY6b34YTOy7PzDompLJg0I"
2020-09-24T03:31:04.752432292Z  [2020-09-24T03:31:04Z INFO  dt_instance] Inserted data for source d0a71d84-b80f-4558-beac-8887750652e3.
2020-09-24T03:31:04.804622464Z  [2020-09-24T03:31:04Z INFO  dt_instance] d0a71d84-b80f-4558-beac-8887750652e3 "248 Hgbs24haikqVQiqN9ze1XtpbCZrRhAjI6DNU2EaEWRiSjd4CeSWx09NDwzd5"
2020-09-24T03:31:04.819608879Z  [2020-09-24T03:31:04Z INFO  dt_instance] Inserted data for source d0a71d84-b80f-4558-beac-8887750652e3.
2020-09-24T03:31:04.871548209Z  [2020-09-24T03:31:04Z INFO  dt_instance] d0a71d84-b80f-4558-beac-8887750652e3 "249 3kSHGVeVFPh0JTvjsKdZCrZgaIuNG9q512Wj31ktZKdKg7wseR9VrXgfm4hz"
2020-09-24T03:31:04.885190872Z  [2020-09-24T03:31:04Z INFO  dt_instance] Inserted data for source d0a71d84-b80f-4558-beac-8887750652e3.
2020-09-24T03:31:17.329159726Z  [2020-09-24T03:31:17Z ERROR dt_instance] Unhandled incoming.
2020-09-24T03:31:47.330375460Z  [2020-09-24T03:31:47Z ERROR dt_instance] Unhandled incoming.
2020-09-24T03:32:17.330504893Z  [2020-09-24T03:32:17Z ERROR dt_instance] Unhandled incoming.
2020-09-24T03:32:47.331210456Z  [2020-09-24T03:32:47Z ERROR dt_instance] Unhandled incoming.
2020-09-24T03:33:17.333465466Z  [2020-09-24T03:33:17Z ERROR dt_instance] Unhandled incoming.
2020-09-24T03:33:47.334421629Z  [2020-09-24T03:33:47Z ERROR dt_instance] Unhandled incoming.
2020-09-24T03:34:17.334628895Z  [2020-09-24T03:34:17Z ERROR dt_instance] Unhandled incoming.
2020-09-24T03:34:47.336480098Z  [2020-09-24T03:34:47Z ERROR dt_instance] Unhandled incoming.
2020-09-24T03:35:17.336676475Z  [2020-09-24T03:35:17Z ERROR dt_instance] Unhandled incoming.
2020-09-24T03:35:47.337876340Z  [2020-09-24T03:35:47Z ERROR dt_instance] Unhandled incoming.
2020-09-24T03:36:17.339338243Z  [2020-09-24T03:36:17Z ERROR dt_instance] Unhandled incoming.
2020-09-24T03:36:47.339714332Z  [2020-09-24T03:36:47Z ERROR dt_instance] Unhandled incoming.
2020-09-24T03:37:17.342847848Z  [2020-09-24T03:37:17Z ERROR dt_instance] Unhandled incoming.
2020-09-24T03:37:47.343649643Z  [2020-09-24T03:37:47Z ERROR dt_instance] Unhandled incoming.
2020-09-24T03:38:17.345573819Z  [2020-09-24T03:38:17Z ERROR dt_instance] Unhandled incoming.
2020-09-24T03:38:47.347647753Z  [2020-09-24T03:38:47Z ERROR dt_instance] Unhandled incoming.
2020-09-24T03:39:17.349170877Z  [2020-09-24T03:39:17Z ERROR dt_instance] Unhandled incoming.
2020-09-24T03:39:47.349755426Z  [2020-09-24T03:39:47Z ERROR dt_instance] Unhandled incoming.
2020-09-24T03:40:17.350780009Z  [2020-09-24T03:40:17Z ERROR dt_instance] Unhandled incoming.
2020-09-24T03:40:47.351059575Z  [2020-09-24T03:40:47Z ERROR dt_instance] Unhandled incoming.
2020-09-24T03:41:17.352070537Z  [2020-09-24T03:41:17Z ERROR dt_instance] Unhandled incoming.
2020-09-24T03:41:47.353962433Z  [2020-09-24T03:41:47Z ERROR dt_instance] Unhandled incoming.
2020-09-24T03:42:17.354597754Z  [2020-09-24T03:42:17Z ERROR dt_instance] Unhandled incoming.
2020-09-24T03:42:47.355081720Z  [2020-09-24T03:42:47Z ERROR dt_instance] Unhandled incoming.
2020-09-24T03:43:17.356108223Z  [2020-09-24T03:43:17Z ERROR dt_instance] Unhandled incoming.
2020-09-24T03:43:47.357945506Z  [2020-09-24T03:43:47Z ERROR dt_instance] Unhandled incoming.
2020-09-24T03:44:17.359245971Z  [2020-09-24T03:44:17Z ERROR dt_instance] Unhandled incoming.
2020-09-24T03:44:47.359757289Z  [2020-09-24T03:44:47Z ERROR dt_instance] Unhandled incoming.
2020-09-24T03:45:17.361357368Z  [2020-09-24T03:45:17Z ERROR dt_instance] Unhandled incoming.
2020-09-24T03:45:47.362450570Z  [2020-09-24T03:45:47Z ERROR dt_instance] Unhandled incoming.
2020-09-24T03:46:17.363188304Z  [2020-09-24T03:46:17Z ERROR dt_instance] Unhandled incoming.
2020-09-24T03:46:47.364120265Z  [2020-09-24T03:46:47Z ERROR dt_instance] Unhandled incoming.
2020-09-24T03:47:17.365665342Z  [2020-09-24T03:47:17Z ERROR dt_instance] Unhandled incoming.
2020-09-24T03:47:47.367235087Z  [2020-09-24T03:47:47Z ERROR dt_instance] Unhandled incoming.
2020-09-24T03:48:17.368520830Z  [2020-09-24T03:48:17Z ERROR dt_instance] Unhandled incoming.
2020-09-24T03:48:47.370021946Z  [2020-09-24T03:48:47Z ERROR dt_instance] Unhandled incoming.
2020-09-24T03:49:17.371388438Z  [2020-09-24T03:49:17Z ERROR dt_instance] Unhandled incoming.
2020-09-24T03:49:47.371747423Z  [2020-09-24T03:49:47Z ERROR dt_instance] Unhandled incoming.
2020-09-24T03:50:17.372113949Z  [2020-09-24T03:50:17Z ERROR dt_instance] Unhandled incoming.
2020-09-24T03:50:47.374459807Z  [2020-09-24T03:50:47Z ERROR dt_instance] Unhandled incoming.
2020-09-24T03:51:17.376532030Z  [2020-09-24T03:51:17Z ERROR dt_instance] Unhandled incoming.
2020-09-24T03:51:47.376942687Z  [2020-09-24T03:51:47Z ERROR dt_instance] Unhandled incoming.
2020-09-24T03:52:17.377877085Z  [2020-09-24T03:52:17Z ERROR dt_instance] Unhandled incoming.
2020-09-24T03:52:47.378666029Z  [2020-09-24T03:52:47Z ERROR dt_instance] Unhandled incoming.
2020-09-24T03:53:17.379132456Z  [2020-09-24T03:53:17Z ERROR dt_instance] Unhandled incoming.
2020-09-24T03:53:47.380782748Z  [2020-09-24T03:53:47Z ERROR dt_instance] Unhandled incoming.
2020-09-24T03:54:17.381734506Z  [2020-09-24T03:54:17Z ERROR dt_instance] Unhandled incoming.
2020-09-24T03:54:47.382714053Z  [2020-09-24T03:54:47Z ERROR dt_instance] Unhandled incoming.
2020-09-24T03:55:17.383178295Z  [2020-09-24T03:55:17Z ERROR dt_instance] Unhandled incoming.
2020-09-24T03:55:47.384699506Z  [2020-09-24T03:55:47Z ERROR dt_instance] Unhandled incoming.
2020-09-24T03:56:17.385689021Z  [2020-09-24T03:56:17Z ERROR dt_instance] Unhandled incoming.
2020-09-24T03:56:47.388022419Z  [2020-09-24T03:56:47Z ERROR dt_instance] Unhandled incoming.
2020-09-24T03:57:17.388966204Z  [2020-09-24T03:57:17Z ERROR dt_instance] Unhandled incoming.
2020-09-24T03:57:47.391541091Z  [2020-09-24T03:57:47Z ERROR dt_instance] Unhandled incoming.
2020-09-24T03:58:17.393132010Z  [2020-09-24T03:58:17Z ERROR dt_instance] Unhandled incoming.
2020-09-24T03:58:47.393633762Z  [2020-09-24T03:58:47Z ERROR dt_instance] Unhandled incoming.
2020-09-24T03:59:17.395256727Z  [2020-09-24T03:59:17Z ERROR dt_instance] Unhandled incoming.
2020-09-24T03:59:47.394960238Z  [2020-09-24T03:59:47Z ERROR dt_instance] Unhandled incoming.
2020-09-24T04:00:17.397130512Z  [2020-09-24T04:00:17Z ERROR dt_instance] Unhandled incoming.
2020-09-24T04:00:47.398261503Z  [2020-09-24T04:00:47Z ERROR dt_instance] Unhandled incoming.
2020-09-24T04:01:17.399222986Z  [2020-09-24T04:01:17Z ERROR dt_instance] Unhandled incoming.
2020-09-24T04:01:47.401786086Z  [2020-09-24T04:01:47Z ERROR dt_instance] Unhandled incoming.
2020-09-24T04:02:17.402709565Z  [2020-09-24T04:02:17Z ERROR dt_instance] Unhandled incoming.
2020-09-24T04:02:47.403516525Z  [2020-09-24T04:02:47Z ERROR dt_instance] Unhandled incoming.
2020-09-24T04:03:17.405544567Z  [2020-09-24T04:03:17Z ERROR dt_instance] Unhandled incoming.
2020-09-24T04:03:47.406646573Z  [2020-09-24T04:03:47Z ERROR dt_instance] Unhandled incoming.
2020-09-24T04:04:17.407716325Z  [2020-09-24T04:04:17Z ERROR dt_instance] Unhandled incoming.
2020-09-24T04:04:47.408126319Z  [2020-09-24T04:04:47Z ERROR dt_instance] Unhandled incoming.
2020-09-24T04:05:17.410934413Z  [2020-09-24T04:05:17Z ERROR dt_instance] Unhandled incoming.
2020-09-24T04:05:47.411388664Z  [2020-09-24T04:05:47Z ERROR dt_instance] Unhandled incoming.
2020-09-24T04:06:17.413807598Z  [2020-09-24T04:06:17Z ERROR dt_instance] Unhandled incoming.
2020-09-24T04:06:47.414338872Z  [2020-09-24T04:06:47Z ERROR dt_instance] Unhandled incoming.
2020-09-24T04:07:17.414163138Z  [2020-09-24T04:07:17Z ERROR dt_instance] Unhandled incoming.
2020-09-24T04:07:47.415606978Z  [2020-09-24T04:07:47Z ERROR dt_instance] Unhandled incoming.
2020-09-24T04:08:17.416748065Z  [2020-09-24T04:08:17Z ERROR dt_instance] Unhandled incoming.
2020-09-24T04:08:47.417857554Z  [2020-09-24T04:08:47Z ERROR dt_instance] Unhandled incoming.
2020-09-24T04:09:17.419571456Z  [2020-09-24T04:09:17Z ERROR dt_instance] Unhandled incoming.
2020-09-24T04:09:47.420957272Z  [2020-09-24T04:09:47Z ERROR dt_instance] Unhandled incoming.
2020-09-24T04:10:17.422223419Z  [2020-09-24T04:10:17Z ERROR dt_instance] Unhandled incoming.
2020-09-24T04:10:47.423422713Z  [2020-09-24T04:10:47Z ERROR dt_instance] Unhandled incoming.
2020-09-24T04:11:17.424025232Z  [2020-09-24T04:11:17Z ERROR dt_instance] Unhandled incoming.
2020-09-24T04:11:47.425616827Z  [2020-09-24T04:11:47Z ERROR dt_instance] Unhandled incoming.
2020-09-24T04:12:17.427409902Z  [2020-09-24T04:12:17Z ERROR dt_instance] Unhandled incoming.
2020-09-24T04:12:47.429261515Z  [2020-09-24T04:12:47Z ERROR dt_instance] Unhandled incoming.
2020-09-24T04:13:17.429168055Z  [2020-09-24T04:13:17Z ERROR dt_instance] Unhandled incoming.
2020-09-24T04:13:47.431100838Z  [2020-09-24T04:13:47Z ERROR dt_instance] Unhandled incoming.
2020-09-24T04:14:17.431733549Z  [2020-09-24T04:14:17Z ERROR dt_instance] Unhandled incoming.
2020-09-24T04:14:47.433140725Z  [2020-09-24T04:14:47Z ERROR dt_instance] Unhandled incoming.
2020-09-24T04:15:17.434509694Z  [2020-09-24T04:15:17Z ERROR dt_instance] Unhandled incoming.
2020-09-24T04:15:47.435205775Z  [2020-09-24T04:15:47Z ERROR dt_instance] Unhandled incoming.
2020-09-24T04:16:17.436981473Z  [2020-09-24T04:16:17Z ERROR dt_instance] Unhandled incoming.
2020-09-24T04:16:47.437191103Z  [2020-09-24T04:16:47Z ERROR dt_instance] Unhandled incoming.
2020-09-24T04:17:17.439363038Z  [2020-09-24T04:17:17Z ERROR dt_instance] Unhandled incoming.
2020-09-24T04:17:47.439714465Z  [2020-09-24T04:17:47Z ERROR dt_instance] Unhandled incoming.
2020-09-24T04:18:17.440640624Z  [2020-09-24T04:18:17Z ERROR dt_instance] Unhandled incoming.
2020-09-24T04:18:47.442250463Z  [2020-09-24T04:18:47Z ERROR dt_instance] Unhandled incoming.
2020-09-24T04:19:17.443602806Z  [2020-09-24T04:19:17Z ERROR dt_instance] Unhandled incoming.
2020-09-24T04:19:47.445208428Z  [2020-09-24T04:19:47Z ERROR dt_instance] Unhandled incoming.
2020-09-24T04:20:17.446498230Z  [2020-09-24T04:20:17Z ERROR dt_instance] Unhandled incoming.
2020-09-24T04:20:47.447853394Z  [2020-09-24T04:20:47Z ERROR dt_instance] Unhandled incoming.
2020-09-24T04:21:17.449293697Z  [2020-09-24T04:21:17Z ERROR dt_instance] Unhandled incoming.
2020-09-24T04:21:47.450635348Z  [2020-09-24T04:21:47Z ERROR dt_instance] Unhandled incoming.
2020-09-24T04:22:17.451025341Z  [2020-09-24T04:22:17Z ERROR dt_instance] Unhandled incoming.
2020-09-24T04:22:47.452191525Z  [2020-09-24T04:22:47Z ERROR dt_instance] Unhandled incoming.
2020-09-24T04:23:17.453494425Z  [2020-09-24T04:23:17Z ERROR dt_instance] Unhandled incoming.
2020-09-24T04:23:47.454055083Z  [2020-09-24T04:23:47Z ERROR dt_instance] Unhandled incoming.
2020-09-24T04:24:17.455800563Z  [2020-09-24T04:24:17Z ERROR dt_instance] Unhandled incoming.
2020-09-24T04:24:47.456859811Z  [2020-09-24T04:24:47Z ERROR dt_instance] Unhandled incoming.
2020-09-24T04:25:17.457641402Z  [2020-09-24T04:25:17Z ERROR dt_instance] Unhandled incoming.
2020-09-24T04:25:47.459563356Z  [2020-09-24T04:25:47Z ERROR dt_instance] Unhandled incoming.
2020-09-24T04:26:17.461504185Z  [2020-09-24T04:26:17Z ERROR dt_instance] Unhandled incoming.
2020-09-24T04:26:47.462651837Z  [2020-09-24T04:26:47Z ERROR dt_instance] Unhandled incoming.
2020-09-24T04:27:17.463888146Z  [2020-09-24T04:27:17Z ERROR dt_instance] Unhandled incoming.
2020-09-24T04:27:47.464786555Z  [2020-09-24T04:27:47Z ERROR dt_instance] Unhandled incoming.
2020-09-24T04:28:17.465104407Z  [2020-09-24T04:28:17Z ERROR dt_instance] Unhandled incoming.
2020-09-24T04:28:47.466642808Z  [2020-09-24T04:28:47Z ERROR dt_instance] Unhandled incoming.
2020-09-24T04:29:17.469663223Z  [2020-09-24T04:29:17Z ERROR dt_instance] Unhandled incoming.
2020-09-24T04:29:47.470780627Z  [2020-09-24T04:29:47Z ERROR dt_instance] Unhandled incoming.
2020-09-24T04:30:17.470986700Z  [2020-09-24T04:30:17Z ERROR dt_instance] Unhandled incoming.
2020-09-24T04:30:47.472274740Z  [2020-09-24T04:30:47Z ERROR dt_instance] Unhandled incoming.
2020-09-24T04:31:17.474259502Z  [2020-09-24T04:31:17Z ERROR dt_instance] Unhandled incoming.
2020-09-24T04:31:47.476553334Z  [2020-09-24T04:31:47Z ERROR dt_instance] Unhandled incoming.
2020-09-24T04:32:17.477812457Z  [2020-09-24T04:32:17Z ERROR dt_instance] Unhandled incoming.
2020-09-24T04:32:47.478850136Z  [2020-09-24T04:32:47Z ERROR dt_instance] Unhandled incoming.
2020-09-24T04:33:17.479528871Z  [2020-09-24T04:33:17Z ERROR dt_instance] Unhandled incoming.
2020-09-24T04:33:47.479987821Z  [2020-09-24T04:33:47Z ERROR dt_instance] Unhandled incoming.
2020-09-24T04:34:17.481992227Z  [2020-09-24T04:34:17Z ERROR dt_instance] Unhandled incoming.
2020-09-24T04:34:47.482172740Z  [2020-09-24T04:34:47Z ERROR dt_instance] Unhandled incoming.
2020-09-24T04:35:17.483003244Z  [2020-09-24T04:35:17Z ERROR dt_instance] Unhandled incoming.
2020-09-24T04:35:47.485903223Z  [2020-09-24T04:35:47Z ERROR dt_instance] Unhandled incoming.
2020-09-24T04:36:17.487499185Z  [2020-09-24T04:36:17Z ERROR dt_instance] Unhandled incoming.
2020-09-24T04:36:47.489308061Z  [2020-09-24T04:36:47Z ERROR dt_instance] Unhandled incoming.
2020-09-24T04:37:17.491422880Z  [2020-09-24T04:37:17Z ERROR dt_instance] Unhandled incoming.
2020-09-24T04:37:47.490988031Z  [2020-09-24T04:37:47Z ERROR dt_instance] Unhandled incoming.
2020-09-24T04:38:17.493525738Z  [2020-09-24T04:38:17Z ERROR dt_instance] Unhandled incoming.
2020-09-24T04:38:47.494064200Z  [2020-09-24T04:38:47Z ERROR dt_instance] Unhandled incoming.
2020-09-24T04:39:17.494915150Z  [2020-09-24T04:39:17Z ERROR dt_instance] Unhandled incoming.
2020-09-24T04:39:47.496568187Z  [2020-09-24T04:39:47Z ERROR dt_instance] Unhandled incoming.
2020-09-24T04:40:17.497781777Z  [2020-09-24T04:40:17Z ERROR dt_instance] Unhandled incoming.
2020-09-24T04:40:47.499477971Z  [2020-09-24T04:40:47Z ERROR dt_instance] Unhandled incoming.
2020-09-24T04:41:17.500858269Z  [2020-09-24T04:41:17Z ERROR dt_instance] Unhandled incoming.
2020-09-24T04:41:47.502291254Z  [2020-09-24T04:41:47Z ERROR dt_instance] Unhandled incoming.
2020-09-24T04:42:17.502022534Z  [2020-09-24T04:42:17Z ERROR dt_instance] Unhandled incoming.
2020-09-24T04:42:47.503628379Z  [2020-09-24T04:42:47Z ERROR dt_instance] Unhandled incoming.
2020-09-24T04:43:17.504641168Z  [2020-09-24T04:43:17Z ERROR dt_instance] Unhandled incoming.
2020-09-24T04:43:47.508961849Z  [2020-09-24T04:43:47Z ERROR dt_instance] Unhandled incoming.
