2020-09-24T03:28:16.016640269Z  [2020-09-24T03:28:16Z INFO  dt_instance] Current Twin: 38162cb0-e585-43d7-b55d-5c240b2bfb7c
2020-09-24T03:28:16.016692899Z  [2020-09-24T03:28:16Z INFO  dt_instance] Connecting to broker at mqtt-broker_4:1883
2020-09-24T03:28:16.020603674Z  [2020-09-24T03:28:16Z INFO  dt_instance] Refreshing topics for twin 38162cb0-e585-43d7-b55d-5c240b2bfb7c - Listen to 38162cb0-e585-43d7-b55d-5c240b2bfb7c/+/+
2020-09-24T03:28:16.122006988Z  [2020-09-24T03:28:16Z INFO  dt_instance] SubAck { pkid: 1, return_codes: [Success(AtLeastOnce)] }
2020-09-24T03:28:46.069928235Z  [2020-09-24T03:28:46Z ERROR dt_instance] Unhandled incoming.
2020-09-24T03:29:16.070919148Z  [2020-09-24T03:29:16Z ERROR dt_instance] Unhandled incoming.
2020-09-24T03:29:46.072421274Z  [2020-09-24T03:29:46Z ERROR dt_instance] Unhandled incoming.
2020-09-24T03:30:16.072891858Z  [2020-09-24T03:30:16Z ERROR dt_instance] Unhandled incoming.
2020-09-24T03:30:40.300385374Z  [2020-09-24T03:30:40Z INFO  dt_instance] d0a71d84-b80f-4558-beac-8887750652e3 "0 lbDvQ72OHkIv9eWrK5Z44vdwltl9hW1Peih33vJmo1ZbZ5ViAUdBxGw6Tka22D"
2020-09-24T03:30:40.312480722Z  [2020-09-24T03:30:40Z INFO  dt_instance] Inserted data for source d0a71d84-b80f-4558-beac-8887750652e3.
2020-09-24T03:30:40.366010137Z  [2020-09-24T03:30:40Z INFO  dt_instance] d0a71d84-b80f-4558-beac-8887750652e3 "1 uT4snpjFQbv26hRYOKtoXmWCkqb8atDlZIdAlLkStEq8BFNCYAiaHMFDvVevq9"
2020-09-24T03:30:40.376963991Z  [2020-09-24T03:30:40Z INFO  dt_instance] Inserted data for source d0a71d84-b80f-4558-beac-8887750652e3.
2020-09-24T03:30:40.431882040Z  [2020-09-24T03:30:40Z INFO  dt_instance] d0a71d84-b80f-4558-beac-8887750652e3 "2 M45tvqnfUOFCUrUFf8iY0EtR1en7qyf2Z3vhHzXar6stUm1BXl8BdotpVNs9cH"
2020-09-24T03:30:40.444100345Z  [2020-09-24T03:30:40Z INFO  dt_instance] Inserted data for source d0a71d84-b80f-4558-beac-8887750652e3.
2020-09-24T03:30:40.500442338Z  [2020-09-24T03:30:40Z INFO  dt_instance] d0a71d84-b80f-4558-beac-8887750652e3 "3 KwBCpObnZVjF8dWdmaOhcskM4jmI6kUGWCHmXbE9Eo9IaGIbg5mVFJJkKTI4c2"
2020-09-24T03:30:40.509179255Z  [2020-09-24T03:30:40Z INFO  dt_instance] Inserted data for source d0a71d84-b80f-4558-beac-8887750652e3.
2020-09-24T03:30:40.561779037Z  [2020-09-24T03:30:40Z INFO  dt_instance] d0a71d84-b80f-4558-beac-8887750652e3 "4 gVfO67wMO9IB4iSYdoJ7euQXQVSy0baKsBfGAjpDqHoaBjLDmlhR0PaEXb7aDT"
2020-09-24T03:30:40.575065113Z  [2020-09-24T03:30:40Z INFO  dt_instance] Inserted data for source d0a71d84-b80f-4558-beac-8887750652e3.
2020-09-24T03:30:40.626972403Z  [2020-09-24T03:30:40Z INFO  dt_instance] d0a71d84-b80f-4558-beac-8887750652e3 "5 87cLgEbe2cqtXPmaSxHgHilg2p1Ltzd4srxV0R9V2v2FeOMueKROAv7YbB92bc"
2020-09-24T03:30:40.637447113Z  [2020-09-24T03:30:40Z INFO  dt_instance] Inserted data for source d0a71d84-b80f-4558-beac-8887750652e3.
2020-09-24T03:30:40.689517240Z  [2020-09-24T03:30:40Z INFO  dt_instance] d0a71d84-b80f-4558-beac-8887750652e3 "6 cq35Mc9XE7FbxuZyD32uEaK3VoLLtQiGqLwaQf5EGT9h4vC0l9xZtd0Pz17LHD"
2020-09-24T03:30:40.705981735Z  [2020-09-24T03:30:40Z INFO  dt_instance] Inserted data for source d0a71d84-b80f-4558-beac-8887750652e3.
2020-09-24T03:30:40.759402967Z  [2020-09-24T03:30:40Z INFO  dt_instance] d0a71d84-b80f-4558-beac-8887750652e3 "7 t4YRE8nq8NpBpkPchw6BlntdW0T5QGQPFQ7amAqv1AhUBng8k9E4mrE1UZUDPk"
2020-09-24T03:30:40.769436010Z  [2020-09-24T03:30:40Z INFO  dt_instance] Inserted data for source d0a71d84-b80f-4558-beac-8887750652e3.
2020-09-24T03:30:40.820741409Z  [2020-09-24T03:30:40Z INFO  dt_instance] d0a71d84-b80f-4558-beac-8887750652e3 "8 rsKr9YfxlpKIQNAgrSyDBLeaHaAmeAai7BNA4ELWYxVRCb9FWzihi3ejobrZac"
2020-09-24T03:30:40.832844726Z  [2020-09-24T03:30:40Z INFO  dt_instance] Inserted data for source d0a71d84-b80f-4558-beac-8887750652e3.
2020-09-24T03:30:40.885116381Z  [2020-09-24T03:30:40Z INFO  dt_instance] d0a71d84-b80f-4558-beac-8887750652e3 "9 uY9Hpk4vyCUlynYOIKGnJgxgCGWwFaNG89UOwfSVnamIJoDH7ZX2RGIUbCPStC"
2020-09-24T03:30:40.895954586Z  [2020-09-24T03:30:40Z INFO  dt_instance] Inserted data for source d0a71d84-b80f-4558-beac-8887750652e3.
2020-09-24T03:30:40.948002719Z  [2020-09-24T03:30:40Z INFO  dt_instance] d0a71d84-b80f-4558-beac-8887750652e3 "10 f1EGd6jywfxkdQaiLbOgsnDIuc41JGMpGDdzbH3kbnOxvg2bIeWtVcTjJGmln"
2020-09-24T03:30:40.960445944Z  [2020-09-24T03:30:40Z INFO  dt_instance] Inserted data for source d0a71d84-b80f-4558-beac-8887750652e3.
2020-09-24T03:30:41.011834971Z  [2020-09-24T03:30:41Z INFO  dt_instance] d0a71d84-b80f-4558-beac-8887750652e3 "11 qvAatrbowLFeReeQvdreakhlzku5Efp3QD9O3WfQVVg3Ok1QmaTixRcKvO8xA"
2020-09-24T03:30:41.022941710Z  [2020-09-24T03:30:41Z INFO  dt_instance] Inserted data for source d0a71d84-b80f-4558-beac-8887750652e3.
2020-09-24T03:30:41.075062286Z  [2020-09-24T03:30:41Z INFO  dt_instance] d0a71d84-b80f-4558-beac-8887750652e3 "12 Et73bKon6jjryhVbx58w9BePMuyTJBdCRkdGOxTh9ccy1ZIpz2ZJcBiXhYbqY"
2020-09-24T03:30:41.087029967Z  [2020-09-24T03:30:41Z INFO  dt_instance] Inserted data for source d0a71d84-b80f-4558-beac-8887750652e3.
2020-09-24T03:30:41.139206347Z  [2020-09-24T03:30:41Z INFO  dt_instance] d0a71d84-b80f-4558-beac-8887750652e3 "13 LOMZ2MCDtDznKhGcGEQMfrF5U64aiXsXABFvlCtUb6WPdQFuwy7JZnRHwCM9f"
2020-09-24T03:30:41.150085215Z  [2020-09-24T03:30:41Z INFO  dt_instance] Inserted data for source d0a71d84-b80f-4558-beac-8887750652e3.
2020-09-24T03:30:41.202275627Z  [2020-09-24T03:30:41Z INFO  dt_instance] d0a71d84-b80f-4558-beac-8887750652e3 "14 c39Hsi7z08zSwG7AfyW7aaZ5ygYFWiM0Cr88ISqgAxiHoadOSpSxV6FLi7SIn"
2020-09-24T03:30:41.211470735Z  [2020-09-24T03:30:41Z INFO  dt_instance] Inserted data for source d0a71d84-b80f-4558-beac-8887750652e3.
2020-09-24T03:30:41.263315853Z  [2020-09-24T03:30:41Z INFO  dt_instance] d0a71d84-b80f-4558-beac-8887750652e3 "15 NiZksUbrIR9fyqniNnNKDXNfqYDXqPpcET0qrk0qfSjbIIpVWnSSi6CwtEWLx"
2020-09-24T03:30:41.275540064Z  [2020-09-24T03:30:41Z INFO  dt_instance] Inserted data for source d0a71d84-b80f-4558-beac-8887750652e3.
2020-09-24T03:30:41.327985559Z  [2020-09-24T03:30:41Z INFO  dt_instance] d0a71d84-b80f-4558-beac-8887750652e3 "16 B2582aYg0Pn6htPwPBOZoB32swAcLj0xOWH033sUiZAiVEvnHLcG2y1UPennl"
2020-09-24T03:30:41.340341908Z  [2020-09-24T03:30:41Z INFO  dt_instance] Inserted data for source d0a71d84-b80f-4558-beac-8887750652e3.
2020-09-24T03:30:41.392438010Z  [2020-09-24T03:30:41Z INFO  dt_instance] d0a71d84-b80f-4558-beac-8887750652e3 "17 WG74SzgG8TKHHe8HwG5x0UewenWJxVlzHmnYwsVNUK09GEeZVv8CGc319vBqe"
2020-09-24T03:30:41.406975790Z  [2020-09-24T03:30:41Z INFO  dt_instance] Inserted data for source d0a71d84-b80f-4558-beac-8887750652e3.
2020-09-24T03:30:41.456793240Z  [2020-09-24T03:30:41Z INFO  dt_instance] d0a71d84-b80f-4558-beac-8887750652e3 "18 dkmQDu1YAuLFwbw3AsQWr3QmHRP9CaIeMWrqtM7615DafRru4uGoUwzR4SoWy"
2020-09-24T03:30:41.468693670Z  [2020-09-24T03:30:41Z INFO  dt_instance] Inserted data for source d0a71d84-b80f-4558-beac-8887750652e3.
2020-09-24T03:30:41.521246797Z  [2020-09-24T03:30:41Z INFO  dt_instance] d0a71d84-b80f-4558-beac-8887750652e3 "19 eGFDy4IUq0uoJaXv8Fjq91SajH4ipshxhotHzf7xNPSKIW9WPAnHDC0JcxceY"
2020-09-24T03:30:41.531246322Z  [2020-09-24T03:30:41Z INFO  dt_instance] Inserted data for source d0a71d84-b80f-4558-beac-8887750652e3.
2020-09-24T03:30:41.583229257Z  [2020-09-24T03:30:41Z INFO  dt_instance] d0a71d84-b80f-4558-beac-8887750652e3 "20 g05pQ0AJqgn68eaw7B9O2m9CG0Flx3djPKD3P7imo1ofiySmtPXC9BesLE3Ev"
2020-09-24T03:30:41.592136497Z  [2020-09-24T03:30:41Z INFO  dt_instance] Inserted data for source d0a71d84-b80f-4558-beac-8887750652e3.
2020-09-24T03:30:41.643983358Z  [2020-09-24T03:30:41Z INFO  dt_instance] d0a71d84-b80f-4558-beac-8887750652e3 "21 PDzGJ3s1hiYwtatLXg7MmjZiM1Uhpt8V5GE3QJoONejXIUchIAA4tN3OsVRiJ"
2020-09-24T03:30:41.657316466Z  [2020-09-24T03:30:41Z INFO  dt_instance] Inserted data for source d0a71d84-b80f-4558-beac-8887750652e3.
2020-09-24T03:30:41.709203844Z  [2020-09-24T03:30:41Z INFO  dt_instance] d0a71d84-b80f-4558-beac-8887750652e3 "22 rLd2xj6Jj4WneRePyycpqaVVPJCYYgrfGIbowVJprXuP59JJlGQBr01ohoXSd"
2020-09-24T03:30:41.730695342Z  [2020-09-24T03:30:41Z INFO  dt_instance] Inserted data for source d0a71d84-b80f-4558-beac-8887750652e3.
2020-09-24T03:30:41.784665689Z  [2020-09-24T03:30:41Z INFO  dt_instance] d0a71d84-b80f-4558-beac-8887750652e3 "23 ATVz1WiN5IZCxsxLFUvkqpeYC1oI9V0IQNitTog0oE2ZV7wcQ8DuaevrJ6XFk"
2020-09-24T03:30:41.799790661Z  [2020-09-24T03:30:41Z INFO  dt_instance] Inserted data for source d0a71d84-b80f-4558-beac-8887750652e3.
2020-09-24T03:30:41.851178964Z  [2020-09-24T03:30:41Z INFO  dt_instance] d0a71d84-b80f-4558-beac-8887750652e3 "24 B8dCOS8w8n4D4AXKHAFagZtEpVabPW1GPOHabPbFjrls75s1hC4BSVHiRIZQM"
2020-09-24T03:30:41.874525070Z  [2020-09-24T03:30:41Z INFO  dt_instance] Inserted data for source d0a71d84-b80f-4558-beac-8887750652e3.
2020-09-24T03:30:41.927658232Z  [2020-09-24T03:30:41Z INFO  dt_instance] d0a71d84-b80f-4558-beac-8887750652e3 "25 4xoPzUMTeawuM2QsEWNrcwwmxd1N6AFvfwIEUe3gX4RHgz7AYSybHdmwMhyAP"
2020-09-24T03:30:41.946932926Z  [2020-09-24T03:30:41Z INFO  dt_instance] Inserted data for source d0a71d84-b80f-4558-beac-8887750652e3.
2020-09-24T03:30:41.998896233Z  [2020-09-24T03:30:41Z INFO  dt_instance] d0a71d84-b80f-4558-beac-8887750652e3 "26 bPon23oRW8O1XOVmT7RZh7XPSJbA1jlAdAw9yC6BOs4dZW9w1km4UcIWchH58"
2020-09-24T03:30:42.026192190Z  [2020-09-24T03:30:42Z INFO  dt_instance] Inserted data for source d0a71d84-b80f-4558-beac-8887750652e3.
2020-09-24T03:30:42.078883631Z  [2020-09-24T03:30:42Z INFO  dt_instance] d0a71d84-b80f-4558-beac-8887750652e3 "27 k30SpioeOUNYiI15pp1hWtIKPxy07apC0tbZde6jmrrZFnCfu7xen4tyz17BI"
2020-09-24T03:30:42.097318683Z  [2020-09-24T03:30:42Z INFO  dt_instance] Inserted data for source d0a71d84-b80f-4558-beac-8887750652e3.
2020-09-24T03:30:42.149411925Z  [2020-09-24T03:30:42Z INFO  dt_instance] d0a71d84-b80f-4558-beac-8887750652e3 "28 QwNqCPeXbxG4f1tnLEWMSqVuiH8TlrkL0ndcJNGZS3lB6QiIwGpvUiq6ihshF"
2020-09-24T03:30:42.181467032Z  [2020-09-24T03:30:42Z INFO  dt_instance] Inserted data for source d0a71d84-b80f-4558-beac-8887750652e3.
2020-09-24T03:30:42.233542681Z  [2020-09-24T03:30:42Z INFO  dt_instance] d0a71d84-b80f-4558-beac-8887750652e3 "29 IAsGjWcGq2PP7pOOcZvuVIOjn1iYG4dA47bvIr6cxFYvliGYUJ8G3rX90NGkG"
2020-09-24T03:30:42.252723200Z  [2020-09-24T03:30:42Z INFO  dt_instance] Inserted data for source d0a71d84-b80f-4558-beac-8887750652e3.
2020-09-24T03:30:42.305079688Z  [2020-09-24T03:30:42Z INFO  dt_instance] d0a71d84-b80f-4558-beac-8887750652e3 "30 NmjRTZ7va45EoS5CgwEw5HBdIxxv20iHMwNTHdW14Ten0LLHlIo0x6Z2QwGLk"
2020-09-24T03:30:42.330448926Z  [2020-09-24T03:30:42Z INFO  dt_instance] Inserted data for source d0a71d84-b80f-4558-beac-8887750652e3.
2020-09-24T03:30:42.382861724Z  [2020-09-24T03:30:42Z INFO  dt_instance] d0a71d84-b80f-4558-beac-8887750652e3 "31 FG8VhFFUjbYvq61vgZdShTzGVgUkzo5ZJGPndAewgXSmKFLnbb0OzzGJbC86q"
2020-09-24T03:30:42.408576758Z  [2020-09-24T03:30:42Z INFO  dt_instance] Inserted data for source d0a71d84-b80f-4558-beac-8887750652e3.
2020-09-24T03:30:42.460801454Z  [2020-09-24T03:30:42Z INFO  dt_instance] d0a71d84-b80f-4558-beac-8887750652e3 "32 1yhtdo4BOVT9h6hdCEzQdb3gaxLjjfWVuan3MPeTMZPMXsfu4WPYl0bvKq9Kd"
2020-09-24T03:30:42.485111769Z  [2020-09-24T03:30:42Z INFO  dt_instance] Inserted data for source d0a71d84-b80f-4558-beac-8887750652e3.
2020-09-24T03:30:42.536949542Z  [2020-09-24T03:30:42Z INFO  dt_instance] d0a71d84-b80f-4558-beac-8887750652e3 "33 ybTUL0aoFHiuh5g0uTM0a56OXO3lsazGtAz6oV8gNeFNpDaCyQAweQbNBWQnR"
2020-09-24T03:30:42.562545128Z  [2020-09-24T03:30:42Z INFO  dt_instance] Inserted data for source d0a71d84-b80f-4558-beac-8887750652e3.
2020-09-24T03:30:42.614486817Z  [2020-09-24T03:30:42Z INFO  dt_instance] d0a71d84-b80f-4558-beac-8887750652e3 "34 oLff24Vc96ApxOQCyUIOqT4ZnqFvF8Z6fbX8EkdsbZmNgjA9aCpG9h2ysP4hr"
2020-09-24T03:30:42.649179622Z  [2020-09-24T03:30:42Z INFO  dt_instance] Inserted data for source d0a71d84-b80f-4558-beac-8887750652e3.
2020-09-24T03:30:42.699392854Z  [2020-09-24T03:30:42Z INFO  dt_instance] d0a71d84-b80f-4558-beac-8887750652e3 "35 ZBGl67vdCQk5ibrBXaKXYatHTapuTPHP8UWy4bpx2g3C70bC9inopBUJGszFW"
2020-09-24T03:30:42.741201059Z  [2020-09-24T03:30:42Z INFO  dt_instance] Inserted data for source d0a71d84-b80f-4558-beac-8887750652e3.
2020-09-24T03:30:42.792256630Z  [2020-09-24T03:30:42Z INFO  dt_instance] d0a71d84-b80f-4558-beac-8887750652e3 "36 0ld8nmvPz0LuIVBBlJNpxNHCEqDnkbtIxZXMG4LKGvM3JN5NzgiB4ELwYDZaK"
2020-09-24T03:30:42.851170514Z  [2020-09-24T03:30:42Z INFO  dt_instance] Inserted data for source d0a71d84-b80f-4558-beac-8887750652e3.
2020-09-24T03:30:42.905032278Z  [2020-09-24T03:30:42Z INFO  dt_instance] d0a71d84-b80f-4558-beac-8887750652e3 "37 lpPRd64KJBTBieqR6THGDuESefAOa1I0G4pj0mtCgmSUFnWOheW8cJRBl2Tpr"
2020-09-24T03:30:42.933324403Z  [2020-09-24T03:30:42Z INFO  dt_instance] Inserted data for source d0a71d84-b80f-4558-beac-8887750652e3.
2020-09-24T03:30:42.986957409Z  [2020-09-24T03:30:42Z INFO  dt_instance] d0a71d84-b80f-4558-beac-8887750652e3 "38 DrU6imK38qsjVDJD0Cq83IJSdQN7fpoVqvkizC9USGW9kaLUjq21SJxbPv5hc"
2020-09-24T03:30:43.005814740Z  [2020-09-24T03:30:43Z INFO  dt_instance] Inserted data for source d0a71d84-b80f-4558-beac-8887750652e3.
2020-09-24T03:30:43.058912905Z  [2020-09-24T03:30:43Z INFO  dt_instance] d0a71d84-b80f-4558-beac-8887750652e3 "39 0sMiEsYMdNqqsv7864bXENHheaqXClOcz9F8mb7C7oX3vxj4eKQEpTW7cFYuv"
2020-09-24T03:30:43.086132671Z  [2020-09-24T03:30:43Z INFO  dt_instance] Inserted data for source d0a71d84-b80f-4558-beac-8887750652e3.
2020-09-24T03:30:43.138247742Z  [2020-09-24T03:30:43Z INFO  dt_instance] d0a71d84-b80f-4558-beac-8887750652e3 "40 5zYthlWLUk9ZhyRPO1ZxoV7q6hwgqpwxQd7ovHHXHrwI0dWhu5bLu3bMVlXB2"
2020-09-24T03:30:43.157527509Z  [2020-09-24T03:30:43Z INFO  dt_instance] Inserted data for source d0a71d84-b80f-4558-beac-8887750652e3.
2020-09-24T03:30:43.210029263Z  [2020-09-24T03:30:43Z INFO  dt_instance] d0a71d84-b80f-4558-beac-8887750652e3 "41 0yxDkrNMjU8fQ1KL5ABgxNYIRsXFi2h0jmpwTi1hEYtJYRJv9Zl3b9GmiNHLN"
2020-09-24T03:30:43.275430977Z  [2020-09-24T03:30:43Z INFO  dt_instance] Inserted data for source d0a71d84-b80f-4558-beac-8887750652e3.
2020-09-24T03:30:43.325342786Z  [2020-09-24T03:30:43Z INFO  dt_instance] d0a71d84-b80f-4558-beac-8887750652e3 "42 WKW0Z5nkRGlIBdBoRHU3rqKhDD2wdiniSYxmTW3CrkeouPEW4mwNSsXY5ZyFj"
2020-09-24T03:30:43.333943011Z  [2020-09-24T03:30:43Z INFO  dt_instance] Inserted data for source d0a71d84-b80f-4558-beac-8887750652e3.
2020-09-24T03:30:43.384763535Z  [2020-09-24T03:30:43Z INFO  dt_instance] d0a71d84-b80f-4558-beac-8887750652e3 "43 Ww4SoxTwhbgt5kzcSJB9U0H0BV5U5qARPTBbKUvcwAuFpayip0ER1sXnSLRx1"
2020-09-24T03:30:43.393228203Z  [2020-09-24T03:30:43Z INFO  dt_instance] Inserted data for source d0a71d84-b80f-4558-beac-8887750652e3.
2020-09-24T03:30:43.445663586Z  [2020-09-24T03:30:43Z INFO  dt_instance] d0a71d84-b80f-4558-beac-8887750652e3 "44 ZTrtcRKMOx7F3RRXshCitE2svSrJ5ReQaZH2momtbn42NqW2WJHqYVonCRPwz"
2020-09-24T03:30:43.454310172Z  [2020-09-24T03:30:43Z INFO  dt_instance] Inserted data for source d0a71d84-b80f-4558-beac-8887750652e3.
2020-09-24T03:30:43.506125376Z  [2020-09-24T03:30:43Z INFO  dt_instance] d0a71d84-b80f-4558-beac-8887750652e3 "45 rkhJMhXgfySGBRsUsYDoFozZyvtFX8eTVoiJwDQWUqeZFra597PPwJmk9U21v"
2020-09-24T03:30:43.517214917Z  [2020-09-24T03:30:43Z INFO  dt_instance] Inserted data for source d0a71d84-b80f-4558-beac-8887750652e3.
2020-09-24T03:30:43.569412883Z  [2020-09-24T03:30:43Z INFO  dt_instance] d0a71d84-b80f-4558-beac-8887750652e3 "46 bArnB6rXxUiv4BLYkcUPk4cwFjePQuzJQHyX1ndMABAhNKAtwEBeWxR1aAQBK"
2020-09-24T03:30:43.587370927Z  [2020-09-24T03:30:43Z INFO  dt_instance] Inserted data for source d0a71d84-b80f-4558-beac-8887750652e3.
2020-09-24T03:30:43.639437549Z  [2020-09-24T03:30:43Z INFO  dt_instance] d0a71d84-b80f-4558-beac-8887750652e3 "47 zWrNSp8cviSihsJKa7LLQQ2DcG5og55GfA2EzCUHstfRNQfjpolTvwOeE9zJq"
2020-09-24T03:30:43.658460014Z  [2020-09-24T03:30:43Z INFO  dt_instance] Inserted data for source d0a71d84-b80f-4558-beac-8887750652e3.
2020-09-24T03:30:43.711093817Z  [2020-09-24T03:30:43Z INFO  dt_instance] d0a71d84-b80f-4558-beac-8887750652e3 "48 2aGEGCnTnJxQOExerjuv57KJom5PAwDskGAxtsIpaBLO5EHRwcKFIKnjgZMJ5"
2020-09-24T03:30:43.741378491Z  [2020-09-24T03:30:43Z INFO  dt_instance] Inserted data for source d0a71d84-b80f-4558-beac-8887750652e3.
2020-09-24T03:30:43.793709043Z  [2020-09-24T03:30:43Z INFO  dt_instance] d0a71d84-b80f-4558-beac-8887750652e3 "49 vTFoa8qsipHzXfsFOryuhidNjwMBlezdNHXRqe1MykOZa05aRRcin0u4Fc2ks"
2020-09-24T03:30:43.812549262Z  [2020-09-24T03:30:43Z INFO  dt_instance] Inserted data for source d0a71d84-b80f-4558-beac-8887750652e3.
2020-09-24T03:30:43.863875086Z  [2020-09-24T03:30:43Z INFO  dt_instance] d0a71d84-b80f-4558-beac-8887750652e3 "50 wTX8XOW5r8K4m0ol5XXtm2MOGQw0jukCYL8nL6JlPsWnqiMHgnf2RhV7WJEQH"
2020-09-24T03:30:43.884802895Z  [2020-09-24T03:30:43Z INFO  dt_instance] Inserted data for source d0a71d84-b80f-4558-beac-8887750652e3.
2020-09-24T03:30:43.935906324Z  [2020-09-24T03:30:43Z INFO  dt_instance] d0a71d84-b80f-4558-beac-8887750652e3 "51 BR7lVknEaG3d5iPMC4EfBnm51Av7KGncTDgFEGqTwSzFesKMGlxD2rTyjiCTj"
2020-09-24T03:30:43.958842273Z  [2020-09-24T03:30:43Z INFO  dt_instance] Inserted data for source d0a71d84-b80f-4558-beac-8887750652e3.
2020-09-24T03:30:44.010282546Z  [2020-09-24T03:30:44Z INFO  dt_instance] d0a71d84-b80f-4558-beac-8887750652e3 "52 LiHaBgpV5d6spSqA3GO8FOTFsIPszZMsZ5C9mXJ5vRFhGfkAjrXj88Nf0KLIb"
2020-09-24T03:30:44.038084919Z  [2020-09-24T03:30:44Z INFO  dt_instance] Inserted data for source d0a71d84-b80f-4558-beac-8887750652e3.
2020-09-24T03:30:44.090373384Z  [2020-09-24T03:30:44Z INFO  dt_instance] d0a71d84-b80f-4558-beac-8887750652e3 "53 CPQBdRumydRdfTHsjlX5tdAGWN9bDp0qiDrh90P2k0CpyIA7utE7Lei3sfdeV"
2020-09-24T03:30:44.119519762Z  [2020-09-24T03:30:44Z INFO  dt_instance] Inserted data for source d0a71d84-b80f-4558-beac-8887750652e3.
2020-09-24T03:30:44.171337633Z  [2020-09-24T03:30:44Z INFO  dt_instance] d0a71d84-b80f-4558-beac-8887750652e3 "54 1XHJvuHNxEl386pKTBQL0q2lX5oPcNJidA631ibHeyo4o95czRynmcfIRC0aB"
2020-09-24T03:30:44.189799162Z  [2020-09-24T03:30:44Z INFO  dt_instance] Inserted data for source d0a71d84-b80f-4558-beac-8887750652e3.
2020-09-24T03:30:44.241447996Z  [2020-09-24T03:30:44Z INFO  dt_instance] d0a71d84-b80f-4558-beac-8887750652e3 "55 FWLmBnOKn5wUhMrmeXnghAyeqkzUhoD3gGYMEDUFCAtziZvknxU7NT6BnR6SK"
2020-09-24T03:30:44.262625295Z  [2020-09-24T03:30:44Z INFO  dt_instance] Inserted data for source d0a71d84-b80f-4558-beac-8887750652e3.
2020-09-24T03:30:44.315389565Z  [2020-09-24T03:30:44Z INFO  dt_instance] d0a71d84-b80f-4558-beac-8887750652e3 "56 CuHxostlJJ7XlsSG4ExvvKh2LVUyW06IDrF0Dx5h3SSEeTgtVvCtF0XhYgqdm"
2020-09-24T03:30:44.335719882Z  [2020-09-24T03:30:44Z INFO  dt_instance] Inserted data for source d0a71d84-b80f-4558-beac-8887750652e3.
2020-09-24T03:30:44.387111845Z  [2020-09-24T03:30:44Z INFO  dt_instance] d0a71d84-b80f-4558-beac-8887750652e3 "57 65uo2fWDew0OmLwYkllQbrDey9YFURpYKY0Qdv3f2KBQpi8o0cXLdkpCXrf8R"
2020-09-24T03:30:44.410281663Z  [2020-09-24T03:30:44Z INFO  dt_instance] Inserted data for source d0a71d84-b80f-4558-beac-8887750652e3.
2020-09-24T03:30:44.462283514Z  [2020-09-24T03:30:44Z INFO  dt_instance] d0a71d84-b80f-4558-beac-8887750652e3 "58 sqbj2uPhdEkXh0F9EGpsDCzpqZkTje7izi8AIqbPMpKQx0uMWg9AcgUsct1oI"
2020-09-24T03:30:44.485989071Z  [2020-09-24T03:30:44Z INFO  dt_instance] Inserted data for source d0a71d84-b80f-4558-beac-8887750652e3.
2020-09-24T03:30:44.538285956Z  [2020-09-24T03:30:44Z INFO  dt_instance] d0a71d84-b80f-4558-beac-8887750652e3 "59 Vb0u7Qy6LGyUdSVhQ08gw8kEIY1Wz2YmfzzsgMHwVwEx1ySeLCXP07vzUlZib"
2020-09-24T03:30:44.557529415Z  [2020-09-24T03:30:44Z INFO  dt_instance] Inserted data for source d0a71d84-b80f-4558-beac-8887750652e3.
2020-09-24T03:30:44.610428114Z  [2020-09-24T03:30:44Z INFO  dt_instance] d0a71d84-b80f-4558-beac-8887750652e3 "60 d0etFMstqtjggnpTcfxEJaI8gtNVlz20Ij7xCbQvW1oUffYKjbdzmImtFYodO"
2020-09-24T03:30:44.636479480Z  [2020-09-24T03:30:44Z INFO  dt_instance] Inserted data for source d0a71d84-b80f-4558-beac-8887750652e3.
2020-09-24T03:30:44.688401153Z  [2020-09-24T03:30:44Z INFO  dt_instance] d0a71d84-b80f-4558-beac-8887750652e3 "61 HpaJ74Qn7mAqwmL8Z0lZ05yq9dz5R9YLmAtDpsRVNYXENy5uPERfg4mSAPMbh"
2020-09-24T03:30:44.705840758Z  [2020-09-24T03:30:44Z INFO  dt_instance] Inserted data for source d0a71d84-b80f-4558-beac-8887750652e3.
2020-09-24T03:30:44.757997035Z  [2020-09-24T03:30:44Z INFO  dt_instance] d0a71d84-b80f-4558-beac-8887750652e3 "62 9pBuZ8yIhDZiq649dLo5Rpw3nPLYCqKAhFcosQ0PFh7M9v5OGimPaoulS9TVq"
2020-09-24T03:30:44.786063852Z  [2020-09-24T03:30:44Z INFO  dt_instance] Inserted data for source d0a71d84-b80f-4558-beac-8887750652e3.
2020-09-24T03:30:44.838412052Z  [2020-09-24T03:30:44Z INFO  dt_instance] d0a71d84-b80f-4558-beac-8887750652e3 "63 V3PP0g9JykjpzgwzclB9Ip1crsU2uH0sSGvgEj4lIE8eB8YsXJ1JhrvKg8fIK"
2020-09-24T03:30:44.855670062Z  [2020-09-24T03:30:44Z INFO  dt_instance] Inserted data for source d0a71d84-b80f-4558-beac-8887750652e3.
2020-09-24T03:30:44.906769315Z  [2020-09-24T03:30:44Z INFO  dt_instance] d0a71d84-b80f-4558-beac-8887750652e3 "64 u7OpwJEqRjYwsv9B7p8hKkPyX0c39R2J0RipidzaBHU5eTQdpgQ6wVht7rjX6"
2020-09-24T03:30:44.930603282Z  [2020-09-24T03:30:44Z INFO  dt_instance] Inserted data for source d0a71d84-b80f-4558-beac-8887750652e3.
2020-09-24T03:30:44.983219891Z  [2020-09-24T03:30:44Z INFO  dt_instance] d0a71d84-b80f-4558-beac-8887750652e3 "65 nXfifoCYvi62jA0a9pkU6rZzo1nv8lyP8bajnn58MY9Z0JhSIXr84DqCc9hFq"
2020-09-24T03:30:45.002040609Z  [2020-09-24T03:30:45Z INFO  dt_instance] Inserted data for source d0a71d84-b80f-4558-beac-8887750652e3.
2020-09-24T03:30:45.054395643Z  [2020-09-24T03:30:45Z INFO  dt_instance] d0a71d84-b80f-4558-beac-8887750652e3 "66 pv30aRImvzCEH6DNWdiePmA1d9NvUvIf3FlekqNKcFrKZLUif1xcJYimJTmoQ"
2020-09-24T03:30:45.078466332Z  [2020-09-24T03:30:45Z INFO  dt_instance] Inserted data for source d0a71d84-b80f-4558-beac-8887750652e3.
2020-09-24T03:30:45.130489070Z  [2020-09-24T03:30:45Z INFO  dt_instance] d0a71d84-b80f-4558-beac-8887750652e3 "67 CysgyQLnLeNbtBzOaczuM1WFA47mUnd4kHBoRmcx5BXuMyCymV0MdFp3nAzuB"
2020-09-24T03:30:45.156454712Z  [2020-09-24T03:30:45Z INFO  dt_instance] Inserted data for source d0a71d84-b80f-4558-beac-8887750652e3.
2020-09-24T03:30:45.208740487Z  [2020-09-24T03:30:45Z INFO  dt_instance] d0a71d84-b80f-4558-beac-8887750652e3 "68 iwTmk38b6pnKZYEwlfSksys2acXxFfeILbdmCcfEtutHeZarhwl5I0jVPz0xK"
2020-09-24T03:30:45.228554957Z  [2020-09-24T03:30:45Z INFO  dt_instance] Inserted data for source d0a71d84-b80f-4558-beac-8887750652e3.
2020-09-24T03:30:45.280475474Z  [2020-09-24T03:30:45Z INFO  dt_instance] d0a71d84-b80f-4558-beac-8887750652e3 "69 EDs1ZLYvVtM7BrWWEJqOUeUva1vy4vdCLgW30Yf6yVx0hkm0rNGNSVCTSnmwt"
2020-09-24T03:30:45.302982159Z  [2020-09-24T03:30:45Z INFO  dt_instance] Inserted data for source d0a71d84-b80f-4558-beac-8887750652e3.
2020-09-24T03:30:45.355091676Z  [2020-09-24T03:30:45Z INFO  dt_instance] d0a71d84-b80f-4558-beac-8887750652e3 "70 pNRjITLQjyivCMaM7hShTKUmljy5X1N8Vp8A7RnjMLch3k7yXfDa455xk82g7"
2020-09-24T03:30:45.373407817Z  [2020-09-24T03:30:45Z INFO  dt_instance] Inserted data for source d0a71d84-b80f-4558-beac-8887750652e3.
2020-09-24T03:30:45.425503862Z  [2020-09-24T03:30:45Z INFO  dt_instance] d0a71d84-b80f-4558-beac-8887750652e3 "71 RA1UiXpqrwyQjTGoyVRVhXyPerqpSwrhvqlCEX0wpPT6VCDSaGdTU8BPDLKTy"
2020-09-24T03:30:45.444030830Z  [2020-09-24T03:30:45Z INFO  dt_instance] Inserted data for source d0a71d84-b80f-4558-beac-8887750652e3.
2020-09-24T03:30:45.497272074Z  [2020-09-24T03:30:45Z INFO  dt_instance] d0a71d84-b80f-4558-beac-8887750652e3 "72 5j20O2LV2hUXoaRwsdSo6AlM9dAx26TVf8EMa7FUpIzqPCH6vEPPW3VDfNVB6"
2020-09-24T03:30:45.513212463Z  [2020-09-24T03:30:45Z INFO  dt_instance] Inserted data for source d0a71d84-b80f-4558-beac-8887750652e3.
2020-09-24T03:30:45.565991745Z  [2020-09-24T03:30:45Z INFO  dt_instance] d0a71d84-b80f-4558-beac-8887750652e3 "73 r4RPWLJZ71elhyQQrEPU7YsNSKy0BFHAmG13l7ZuDsui7v90LG1FnHBPs7HdS"
2020-09-24T03:30:45.585567121Z  [2020-09-24T03:30:45Z INFO  dt_instance] Inserted data for source d0a71d84-b80f-4558-beac-8887750652e3.
2020-09-24T03:30:45.637467838Z  [2020-09-24T03:30:45Z INFO  dt_instance] d0a71d84-b80f-4558-beac-8887750652e3 "74 W0jK8IwCgZzi3DUlEZBKVMwHWCDkGaZlxSn6IW0g74A0t0XBlRcagl7cnGdsy"
2020-09-24T03:30:45.654721100Z  [2020-09-24T03:30:45Z INFO  dt_instance] Inserted data for source d0a71d84-b80f-4558-beac-8887750652e3.
2020-09-24T03:30:45.706781770Z  [2020-09-24T03:30:45Z INFO  dt_instance] d0a71d84-b80f-4558-beac-8887750652e3 "75 5w9o5ucK1dpL18I8a58pEBHPnyKEkifgNqI3k20tuLQF0qlz8uVtEt1pjrlTe"
2020-09-24T03:30:45.724289960Z  [2020-09-24T03:30:45Z INFO  dt_instance] Inserted data for source d0a71d84-b80f-4558-beac-8887750652e3.
2020-09-24T03:30:45.776480807Z  [2020-09-24T03:30:45Z INFO  dt_instance] d0a71d84-b80f-4558-beac-8887750652e3 "76 xRKSKCMQIPoGvfr5Necve0noMss7453u4lkfKVeXKO5D8EAEBIPR3eoCtmTRH"
2020-09-24T03:30:45.794362501Z  [2020-09-24T03:30:45Z INFO  dt_instance] Inserted data for source d0a71d84-b80f-4558-beac-8887750652e3.
2020-09-24T03:30:45.848326509Z  [2020-09-24T03:30:45Z INFO  dt_instance] d0a71d84-b80f-4558-beac-8887750652e3 "77 biP9TFN829nhGy3mkCY7kMX9VutMFbEjQ0dmWuURJ5Tgs2XEQUnOrX7w7tTI9"
2020-09-24T03:30:45.864024344Z  [2020-09-24T03:30:45Z INFO  dt_instance] Inserted data for source d0a71d84-b80f-4558-beac-8887750652e3.
2020-09-24T03:30:45.917805923Z  [2020-09-24T03:30:45Z INFO  dt_instance] d0a71d84-b80f-4558-beac-8887750652e3 "78 UllFUjSoF1O0jB8SYLwsfz5dBO3BtDfsVfivyPEZtSeukUjMmBKxH3qEI6YwY"
2020-09-24T03:30:45.935159898Z  [2020-09-24T03:30:45Z INFO  dt_instance] Inserted data for source d0a71d84-b80f-4558-beac-8887750652e3.
2020-09-24T03:30:45.987317165Z  [2020-09-24T03:30:45Z INFO  dt_instance] d0a71d84-b80f-4558-beac-8887750652e3 "79 B6wKt8FzQI9yTry0tIYa1s8SE0Rafhf89OawuWi0iLXhbR5zjxl16f1tDhyrS"
2020-09-24T03:30:46.003065009Z  [2020-09-24T03:30:46Z INFO  dt_instance] Inserted data for source d0a71d84-b80f-4558-beac-8887750652e3.
2020-09-24T03:30:46.055356948Z  [2020-09-24T03:30:46Z INFO  dt_instance] d0a71d84-b80f-4558-beac-8887750652e3 "80 mm81W77KmBtLg5oxZXL4wPVa4WAuLcGRisfqs5KOJibP1KGIUTyKEOuTyYM0E"
2020-09-24T03:30:46.073629552Z  [2020-09-24T03:30:46Z INFO  dt_instance] Inserted data for source d0a71d84-b80f-4558-beac-8887750652e3.
2020-09-24T03:30:46.126215527Z  [2020-09-24T03:30:46Z INFO  dt_instance] d0a71d84-b80f-4558-beac-8887750652e3 "81 JyMN4IrqWIe94TnSlyElBP9bGxIhkOmkzU5qBSDMI15g81CjwUY234Up5ziQO"
2020-09-24T03:30:46.144883390Z  [2020-09-24T03:30:46Z INFO  dt_instance] Inserted data for source d0a71d84-b80f-4558-beac-8887750652e3.
2020-09-24T03:30:46.247936878Z  [2020-09-24T03:30:46Z INFO  dt_instance] d0a71d84-b80f-4558-beac-8887750652e3 "82 xtQi9E5c8WWzk8ED2aytpSbmwfYN65nUesXcUscYOTKUd5vVpL8HiQMDnCbt2"
2020-09-24T03:30:46.261898169Z  [2020-09-24T03:30:46Z INFO  dt_instance] Inserted data for source d0a71d84-b80f-4558-beac-8887750652e3.
2020-09-24T03:30:46.313989383Z  [2020-09-24T03:30:46Z INFO  dt_instance] d0a71d84-b80f-4558-beac-8887750652e3 "83 qFF8tQktx3LOg4MmoXLb3oC2CgH8A2Js3my8AmGAIkIRJXZteEDGWOH7fnFHC"
2020-09-24T03:30:46.327302911Z  [2020-09-24T03:30:46Z INFO  dt_instance] Inserted data for source d0a71d84-b80f-4558-beac-8887750652e3.
2020-09-24T03:30:46.379636207Z  [2020-09-24T03:30:46Z INFO  dt_instance] d0a71d84-b80f-4558-beac-8887750652e3 "84 8znkppCc5zCXfq3lUs02yUrEuHya8oI8cSd0AEzrFplJI6uijYzH5CieJIH28"
2020-09-24T03:30:46.393588374Z  [2020-09-24T03:30:46Z INFO  dt_instance] Inserted data for source d0a71d84-b80f-4558-beac-8887750652e3.
2020-09-24T03:30:46.445939466Z  [2020-09-24T03:30:46Z INFO  dt_instance] d0a71d84-b80f-4558-beac-8887750652e3 "85 1oMmejSRURLTnWeYmVHIdastIG1MwCE9Gju5bVF0vmPZyru1c1wLoQw2dPRKI"
2020-09-24T03:30:46.464871288Z  [2020-09-24T03:30:46Z INFO  dt_instance] Inserted data for source d0a71d84-b80f-4558-beac-8887750652e3.
2020-09-24T03:30:46.517737294Z  [2020-09-24T03:30:46Z INFO  dt_instance] d0a71d84-b80f-4558-beac-8887750652e3 "86 el6D0sW545CaS1yqGuj0WvfBWbFZX6ZxsaxzSMd36JsFuivJOkGOD6zVnfivQ"
2020-09-24T03:30:46.536725256Z  [2020-09-24T03:30:46Z INFO  dt_instance] Inserted data for source d0a71d84-b80f-4558-beac-8887750652e3.
2020-09-24T03:30:46.587753674Z  [2020-09-24T03:30:46Z INFO  dt_instance] d0a71d84-b80f-4558-beac-8887750652e3 "87 WuG9V6Fv11wU3z7kBvqIvCUQlrv5O852wKuPmxTYwmHceniAf3jLn1p8yappK"
2020-09-24T03:30:46.600821606Z  [2020-09-24T03:30:46Z INFO  dt_instance] Inserted data for source d0a71d84-b80f-4558-beac-8887750652e3.
2020-09-24T03:30:46.652015176Z  [2020-09-24T03:30:46Z INFO  dt_instance] d0a71d84-b80f-4558-beac-8887750652e3 "88 oqxzVBLVG0EuIbP7H6otlnOzdISZq6zkcjxfnn8DPIezAqoG3Dw1Hc9bvgxfV"
2020-09-24T03:30:46.666751393Z  [2020-09-24T03:30:46Z INFO  dt_instance] Inserted data for source d0a71d84-b80f-4558-beac-8887750652e3.
2020-09-24T03:30:46.719213780Z  [2020-09-24T03:30:46Z INFO  dt_instance] d0a71d84-b80f-4558-beac-8887750652e3 "89 GsBAieYp8rJipPPBRJlknURd2Gg6PGpsIO1gwaPfatNdpBo0fbmtdDyH5I3Ku"
2020-09-24T03:30:46.729082083Z  [2020-09-24T03:30:46Z INFO  dt_instance] Inserted data for source d0a71d84-b80f-4558-beac-8887750652e3.
2020-09-24T03:30:46.781764454Z  [2020-09-24T03:30:46Z INFO  dt_instance] d0a71d84-b80f-4558-beac-8887750652e3 "90 KQxhV9U16e2TUdAiJvAIKRvzbxih4bjHfWaQDxjXrKtjTxDJ0JyK1TH5qA1iP"
2020-09-24T03:30:46.794634071Z  [2020-09-24T03:30:46Z INFO  dt_instance] Inserted data for source d0a71d84-b80f-4558-beac-8887750652e3.
2020-09-24T03:30:46.847562552Z  [2020-09-24T03:30:46Z INFO  dt_instance] d0a71d84-b80f-4558-beac-8887750652e3 "91 eg5ZtmB8AUuXbmNx0uM9z87gCJLvEIXO73qcJk1YE0Qx0FuKAaRX98iwyodCn"
2020-09-24T03:30:46.859831032Z  [2020-09-24T03:30:46Z INFO  dt_instance] Inserted data for source d0a71d84-b80f-4558-beac-8887750652e3.
2020-09-24T03:30:46.912623543Z  [2020-09-24T03:30:46Z INFO  dt_instance] d0a71d84-b80f-4558-beac-8887750652e3 "92 5NMkVZIXRvbP0reXvWqFMqrkgiPTEnB47lzbgwYob92ljeOgAdKy0rXVlcG36"
2020-09-24T03:30:46.925758575Z  [2020-09-24T03:30:46Z INFO  dt_instance] Inserted data for source d0a71d84-b80f-4558-beac-8887750652e3.
2020-09-24T03:30:46.976851368Z  [2020-09-24T03:30:46Z INFO  dt_instance] d0a71d84-b80f-4558-beac-8887750652e3 "93 PADG2hg4z2AkJ5wqfU6D3z8fTKfFgyKoQ0wmC4urdB8VkrpXrJvw774d8FDxU"
2020-09-24T03:30:46.988664135Z  [2020-09-24T03:30:46Z INFO  dt_instance] Inserted data for source d0a71d84-b80f-4558-beac-8887750652e3.
2020-09-24T03:30:47.040935817Z  [2020-09-24T03:30:47Z INFO  dt_instance] d0a71d84-b80f-4558-beac-8887750652e3 "94 eEAZxCQpXMYT26PblZqgTQl8N2MJ4ufKZaNHOuiK5GLdX8ZnckEkltxNYKQaJ"
2020-09-24T03:30:47.051708265Z  [2020-09-24T03:30:47Z INFO  dt_instance] Inserted data for source d0a71d84-b80f-4558-beac-8887750652e3.
2020-09-24T03:30:47.104071136Z  [2020-09-24T03:30:47Z INFO  dt_instance] d0a71d84-b80f-4558-beac-8887750652e3 "95 dHwQ8Hv5lIJv1Ia4AxpnEYaWlilMyIlbXahlQwh4b50K4oxTqJYYpaY0GISYH"
2020-09-24T03:30:47.115871231Z  [2020-09-24T03:30:47Z INFO  dt_instance] Inserted data for source d0a71d84-b80f-4558-beac-8887750652e3.
2020-09-24T03:30:47.168168264Z  [2020-09-24T03:30:47Z INFO  dt_instance] d0a71d84-b80f-4558-beac-8887750652e3 "96 wkj7a1TBTRo5lYtlKgRdRe0WfQ0WPFgCNlh09A40EONPpZEerPAnG1TaH0EAE"
2020-09-24T03:30:47.176923308Z  [2020-09-24T03:30:47Z INFO  dt_instance] Inserted data for source d0a71d84-b80f-4558-beac-8887750652e3.
2020-09-24T03:30:47.228887697Z  [2020-09-24T03:30:47Z INFO  dt_instance] d0a71d84-b80f-4558-beac-8887750652e3 "97 qNbM9xgCllbzaSNL6QsEqsf2iEDEMTWlA1cDeOS3AUqrHS8QRuYVHhT3ARxbl"
2020-09-24T03:30:47.236143601Z  [2020-09-24T03:30:47Z INFO  dt_instance] Inserted data for source d0a71d84-b80f-4558-beac-8887750652e3.
2020-09-24T03:30:47.287943985Z  [2020-09-24T03:30:47Z INFO  dt_instance] d0a71d84-b80f-4558-beac-8887750652e3 "98 xzR1tRngkk8tWxJLLEeFVQZOvkpacraqkg2a3YHatNgbrByrCWJvgNE7mdr83"
2020-09-24T03:30:47.298057806Z  [2020-09-24T03:30:47Z INFO  dt_instance] Inserted data for source d0a71d84-b80f-4558-beac-8887750652e3.
2020-09-24T03:30:47.349906839Z  [2020-09-24T03:30:47Z INFO  dt_instance] d0a71d84-b80f-4558-beac-8887750652e3 "99 K8hFV3eqtdMc1bYLhNW2s4BFDZkRG15CqetSeomDx5vaqCMVFtwmc1tHC9FPF"
2020-09-24T03:30:47.360700896Z  [2020-09-24T03:30:47Z INFO  dt_instance] Inserted data for source d0a71d84-b80f-4558-beac-8887750652e3.
2020-09-24T03:30:47.412731275Z  [2020-09-24T03:30:47Z INFO  dt_instance] d0a71d84-b80f-4558-beac-8887750652e3 "100 3Bbu7dRH0ao091IE6CYVoHLqzqyQLUgumD1uAYts9iOdXZQL6BX2taNU3J7L"
2020-09-24T03:30:47.424658915Z  [2020-09-24T03:30:47Z INFO  dt_instance] Inserted data for source d0a71d84-b80f-4558-beac-8887750652e3.
2020-09-24T03:30:47.476493711Z  [2020-09-24T03:30:47Z INFO  dt_instance] d0a71d84-b80f-4558-beac-8887750652e3 "101 RJozVMnj4UZrk6Ug5gSD3HHiRSaBWFgoy07L9fdPMgFEylEfRuKMSpoPYeSE"
2020-09-24T03:30:47.497093015Z  [2020-09-24T03:30:47Z INFO  dt_instance] Inserted data for source d0a71d84-b80f-4558-beac-8887750652e3.
2020-09-24T03:30:47.549344519Z  [2020-09-24T03:30:47Z INFO  dt_instance] d0a71d84-b80f-4558-beac-8887750652e3 "102 locGf4DJQ3kDeViG1yq67g7Rau6tXtpNhRz7hdEz6x4vbLmw0csLqvDlC2do"
2020-09-24T03:30:47.565933162Z  [2020-09-24T03:30:47Z INFO  dt_instance] Inserted data for source d0a71d84-b80f-4558-beac-8887750652e3.
2020-09-24T03:30:47.618653503Z  [2020-09-24T03:30:47Z INFO  dt_instance] d0a71d84-b80f-4558-beac-8887750652e3 "103 MSOOSlcvfrmWrxOxo6N6f4nw44CNpqeJbVOJFZ2xJlzB6uy9SOxZLFAqhkaA"
2020-09-24T03:30:47.633102334Z  [2020-09-24T03:30:47Z INFO  dt_instance] Inserted data for source d0a71d84-b80f-4558-beac-8887750652e3.
2020-09-24T03:30:47.684858546Z  [2020-09-24T03:30:47Z INFO  dt_instance] d0a71d84-b80f-4558-beac-8887750652e3 "104 1uXOfpvPzto7pWsGoIoJbPAkrTYanbYMRrtqQlOjUASdd0keooX9pH6iqM0Y"
2020-09-24T03:30:47.701993840Z  [2020-09-24T03:30:47Z INFO  dt_instance] Inserted data for source d0a71d84-b80f-4558-beac-8887750652e3.
2020-09-24T03:30:47.754495896Z  [2020-09-24T03:30:47Z INFO  dt_instance] d0a71d84-b80f-4558-beac-8887750652e3 "105 EZkG5VBVctXYIB9nnJAyvXn6XX24djAXAen23wAXRAKkbuhQih8RxmWzrHYB"
2020-09-24T03:30:47.774639796Z  [2020-09-24T03:30:47Z INFO  dt_instance] Inserted data for source d0a71d84-b80f-4558-beac-8887750652e3.
2020-09-24T03:30:47.827215983Z  [2020-09-24T03:30:47Z ERROR dt_instance] Unhandled incoming.
2020-09-24T03:30:47.878021180Z  [2020-09-24T03:30:47Z INFO  dt_instance] d0a71d84-b80f-4558-beac-8887750652e3 "106 vR5ySHZiGFjJ0mUi4ziDkG1MflORcLC3njBOz1v9VIg1mvinkm1Uh6DYaEua"
2020-09-24T03:30:47.890571219Z  [2020-09-24T03:30:47Z INFO  dt_instance] Inserted data for source d0a71d84-b80f-4558-beac-8887750652e3.
2020-09-24T03:30:47.942582828Z  [2020-09-24T03:30:47Z INFO  dt_instance] d0a71d84-b80f-4558-beac-8887750652e3 "107 Zsb2AXJjLLbxS9P0aME7ylUXXBLdtIRM2NYPz1vw68AOVFIAOjywQ6PEIScC"
2020-09-24T03:30:47.952148116Z  [2020-09-24T03:30:47Z INFO  dt_instance] Inserted data for source d0a71d84-b80f-4558-beac-8887750652e3.
2020-09-24T03:30:48.006652894Z  [2020-09-24T03:30:48Z INFO  dt_instance] d0a71d84-b80f-4558-beac-8887750652e3 "108 wLDp9a2qMtbahsXi3nP2J1a1z6hiILpr24XGezMuL3WTECdUM3MSWtHRhhAW"
2020-09-24T03:30:48.026045443Z  [2020-09-24T03:30:48Z INFO  dt_instance] Inserted data for source d0a71d84-b80f-4558-beac-8887750652e3.
2020-09-24T03:30:48.078011658Z  [2020-09-24T03:30:48Z INFO  dt_instance] d0a71d84-b80f-4558-beac-8887750652e3 "109 lv4kkRs9Ta68ajn7oSmsDe9l4SdWK4duTEVR8CMmAQaO51IQp8VB4mzF1P10"
2020-09-24T03:30:48.093119913Z  [2020-09-24T03:30:48Z INFO  dt_instance] Inserted data for source d0a71d84-b80f-4558-beac-8887750652e3.
2020-09-24T03:30:48.145296948Z  [2020-09-24T03:30:48Z INFO  dt_instance] d0a71d84-b80f-4558-beac-8887750652e3 "110 qKTMrcb9bCTAsntIYI0EztYhmPtwzuKX0c5v7hPcaAdgX1FTg1QAq1XiMWrI"
2020-09-24T03:30:48.164482948Z  [2020-09-24T03:30:48Z INFO  dt_instance] Inserted data for source d0a71d84-b80f-4558-beac-8887750652e3.
2020-09-24T03:30:48.216393455Z  [2020-09-24T03:30:48Z INFO  dt_instance] d0a71d84-b80f-4558-beac-8887750652e3 "111 YMLhrkXOvBWPELrbWFOiJQjQ65dH0fcZQnoJXDH1sNmtsBz5ZYpBw5rBBAJe"
2020-09-24T03:30:48.233643001Z  [2020-09-24T03:30:48Z INFO  dt_instance] Inserted data for source d0a71d84-b80f-4558-beac-8887750652e3.
2020-09-24T03:30:48.286064969Z  [2020-09-24T03:30:48Z INFO  dt_instance] d0a71d84-b80f-4558-beac-8887750652e3 "112 fBTkqeOqoPurut8F78p2xVjEKe77iTBOXxAcRM3qgDt4eiTQhhRkFChc00gQ"
2020-09-24T03:30:48.311858295Z  [2020-09-24T03:30:48Z INFO  dt_instance] Inserted data for source d0a71d84-b80f-4558-beac-8887750652e3.
2020-09-24T03:30:48.363133112Z  [2020-09-24T03:30:48Z INFO  dt_instance] d0a71d84-b80f-4558-beac-8887750652e3 "113 8wumTXZlevK94L3TQ8jiBYwhUrDa0AIv3OSWOC0IULS3fdO4J27MLMzoJhWi"
2020-09-24T03:30:48.380856664Z  [2020-09-24T03:30:48Z INFO  dt_instance] Inserted data for source d0a71d84-b80f-4558-beac-8887750652e3.
2020-09-24T03:30:48.431951976Z  [2020-09-24T03:30:48Z INFO  dt_instance] d0a71d84-b80f-4558-beac-8887750652e3 "114 8KESeq0s68RPrrTs3Wme0eACXrlnTUpzvUEFrTglhoHUcKNgYxJDCQxLeT2o"
2020-09-24T03:30:48.447841979Z  [2020-09-24T03:30:48Z INFO  dt_instance] Inserted data for source d0a71d84-b80f-4558-beac-8887750652e3.
2020-09-24T03:30:48.499863396Z  [2020-09-24T03:30:48Z INFO  dt_instance] d0a71d84-b80f-4558-beac-8887750652e3 "115 QTq7S8mv2UOimZfZNHqgdoOJ9n3fzhPj5HE3Vk62Trb2R71MH2gF5MDKZitf"
2020-09-24T03:30:48.520102951Z  [2020-09-24T03:30:48Z INFO  dt_instance] Inserted data for source d0a71d84-b80f-4558-beac-8887750652e3.
2020-09-24T03:30:48.572294216Z  [2020-09-24T03:30:48Z INFO  dt_instance] d0a71d84-b80f-4558-beac-8887750652e3 "116 tGOp48ix2Am0lOYd84Yg0SkALWZf1q4ojfgDHxDMlfJJWcTF3JqkTDBRUTta"
2020-09-24T03:30:48.587640758Z  [2020-09-24T03:30:48Z INFO  dt_instance] Inserted data for source d0a71d84-b80f-4558-beac-8887750652e3.
2020-09-24T03:30:48.639595291Z  [2020-09-24T03:30:48Z INFO  dt_instance] d0a71d84-b80f-4558-beac-8887750652e3 "117 eFaxqWYlRdsx0hHGRyqwW7nJdngAie9tu5Qt9y5kDXYKdG5sNjROtA3etJvd"
2020-09-24T03:30:48.659067445Z  [2020-09-24T03:30:48Z INFO  dt_instance] Inserted data for source d0a71d84-b80f-4558-beac-8887750652e3.
2020-09-24T03:30:48.710846586Z  [2020-09-24T03:30:48Z INFO  dt_instance] d0a71d84-b80f-4558-beac-8887750652e3 "118 vyKeaChZ3M2P70XYqW046t1Excu148WjZLa84Lr589sZ9V398zfnf8F56R4Y"
2020-09-24T03:30:48.726977227Z  [2020-09-24T03:30:48Z INFO  dt_instance] Inserted data for source d0a71d84-b80f-4558-beac-8887750652e3.
2020-09-24T03:30:48.778887478Z  [2020-09-24T03:30:48Z INFO  dt_instance] d0a71d84-b80f-4558-beac-8887750652e3 "119 JPzik8BVsRViIjys6Ei3qQQojLwvhWod7RGSnxKO5A5hAN8Pw3J9jkrUUHfS"
2020-09-24T03:30:48.795711404Z  [2020-09-24T03:30:48Z INFO  dt_instance] Inserted data for source d0a71d84-b80f-4558-beac-8887750652e3.
2020-09-24T03:30:48.847800089Z  [2020-09-24T03:30:48Z INFO  dt_instance] d0a71d84-b80f-4558-beac-8887750652e3 "120 Qk6pbWDiAwaoT7nTvIdxtUWEOrBufNvnnV8NGmfP4cO16aTeQegcg0Z7T7Bl"
2020-09-24T03:30:48.871362735Z  [2020-09-24T03:30:48Z INFO  dt_instance] Inserted data for source d0a71d84-b80f-4558-beac-8887750652e3.
2020-09-24T03:30:48.923389100Z  [2020-09-24T03:30:48Z INFO  dt_instance] d0a71d84-b80f-4558-beac-8887750652e3 "121 srCptkpAOsap4l6exEWThN509PiD3NOt0wXvw3Kh1mzNdW0Uvh6aSDm08x2P"
2020-09-24T03:30:48.942392933Z  [2020-09-24T03:30:48Z INFO  dt_instance] Inserted data for source d0a71d84-b80f-4558-beac-8887750652e3.
2020-09-24T03:30:48.994756704Z  [2020-09-24T03:30:48Z INFO  dt_instance] d0a71d84-b80f-4558-beac-8887750652e3 "122 Xp4AUOvOcc9x7BqS2toxigrHkmgFANDWHu79z6H0uVKCn1Nkh2LzlKab322Q"
2020-09-24T03:30:49.012622405Z  [2020-09-24T03:30:49Z INFO  dt_instance] Inserted data for source d0a71d84-b80f-4558-beac-8887750652e3.
2020-09-24T03:30:49.064527554Z  [2020-09-24T03:30:49Z INFO  dt_instance] d0a71d84-b80f-4558-beac-8887750652e3 "123 Wi2a5lnk2V1jK0daxboPbD0z1RrPEaQ5bLWDZsRFko2XxQ68SpsLs6LcCsbD"
2020-09-24T03:30:49.080872650Z  [2020-09-24T03:30:49Z INFO  dt_instance] Inserted data for source d0a71d84-b80f-4558-beac-8887750652e3.
2020-09-24T03:30:49.133271078Z  [2020-09-24T03:30:49Z INFO  dt_instance] d0a71d84-b80f-4558-beac-8887750652e3 "124 H4Lj60ciSML1UvJOOl0gRk7dHag1q7Qk7GE7oAliHYjmsLLpwhIIFt34YTnY"
2020-09-24T03:30:49.151518404Z  [2020-09-24T03:30:49Z INFO  dt_instance] Inserted data for source d0a71d84-b80f-4558-beac-8887750652e3.
2020-09-24T03:30:49.203830346Z  [2020-09-24T03:30:49Z INFO  dt_instance] d0a71d84-b80f-4558-beac-8887750652e3 "125 rui8FfT3ZZl3ky09n32iUGRVQpylHgtPSsvtf11SOK8rCkIIyixm9bB2glQG"
2020-09-24T03:30:49.218473322Z  [2020-09-24T03:30:49Z INFO  dt_instance] Inserted data for source d0a71d84-b80f-4558-beac-8887750652e3.
2020-09-24T03:30:49.270420272Z  [2020-09-24T03:30:49Z INFO  dt_instance] d0a71d84-b80f-4558-beac-8887750652e3 "126 RMip8Ko8MqSQwnrM6syw4AejalzQcgva9MgsdfOJWqwd4J4yYR06JmaxlMPG"
2020-09-24T03:30:49.285545359Z  [2020-09-24T03:30:49Z INFO  dt_instance] Inserted data for source d0a71d84-b80f-4558-beac-8887750652e3.
2020-09-24T03:30:49.337582381Z  [2020-09-24T03:30:49Z INFO  dt_instance] d0a71d84-b80f-4558-beac-8887750652e3 "127 6LQAayaItcco59I5isCEttg2HHoUm3YrUhm4FZxsIkVVgoDGhcTLTUgwBCmj"
2020-09-24T03:30:49.354768247Z  [2020-09-24T03:30:49Z INFO  dt_instance] Inserted data for source d0a71d84-b80f-4558-beac-8887750652e3.
2020-09-24T03:30:49.406879291Z  [2020-09-24T03:30:49Z INFO  dt_instance] d0a71d84-b80f-4558-beac-8887750652e3 "128 0cgUtBZ1tQ4dF3EOj3yxKBNYz0BcKducE8fxQ8cXdovO2xd3ttmqVj8B84RU"
2020-09-24T03:30:49.426193799Z  [2020-09-24T03:30:49Z INFO  dt_instance] Inserted data for source d0a71d84-b80f-4558-beac-8887750652e3.
2020-09-24T03:30:49.477974002Z  [2020-09-24T03:30:49Z INFO  dt_instance] d0a71d84-b80f-4558-beac-8887750652e3 "129 ExS6gdGrksDXUunsJWm0ymH21r81VucvdLWk86GU46NfBUBzZ6oEUqliOMgH"
2020-09-24T03:30:49.492941688Z  [2020-09-24T03:30:49Z INFO  dt_instance] Inserted data for source d0a71d84-b80f-4558-beac-8887750652e3.
2020-09-24T03:30:49.544864693Z  [2020-09-24T03:30:49Z INFO  dt_instance] d0a71d84-b80f-4558-beac-8887750652e3 "130 eLMAqSM5LSx6SkOVDeFKdmFyxcw46tETzQb0ZPou0hMCuIu6TCBSVXmkmE0e"
2020-09-24T03:30:49.567115782Z  [2020-09-24T03:30:49Z INFO  dt_instance] Inserted data for source d0a71d84-b80f-4558-beac-8887750652e3.
2020-09-24T03:30:49.619569630Z  [2020-09-24T03:30:49Z INFO  dt_instance] d0a71d84-b80f-4558-beac-8887750652e3 "131 BvEmSyxQYe5wkcDHMhW7RfAUguyEd7yJVLNX8YGJ1RToxwAUYnf1IcejjeCN"
2020-09-24T03:30:49.640925270Z  [2020-09-24T03:30:49Z INFO  dt_instance] Inserted data for source d0a71d84-b80f-4558-beac-8887750652e3.
2020-09-24T03:30:49.692221920Z  [2020-09-24T03:30:49Z INFO  dt_instance] d0a71d84-b80f-4558-beac-8887750652e3 "132 dm5kDK2yBKNxeUbR0w5ENFHgIBRgBlvhUQYQt6RJob8OBowj4y8S7pzzxems"
2020-09-24T03:30:49.712839012Z  [2020-09-24T03:30:49Z INFO  dt_instance] Inserted data for source d0a71d84-b80f-4558-beac-8887750652e3.
2020-09-24T03:30:49.764094281Z  [2020-09-24T03:30:49Z INFO  dt_instance] d0a71d84-b80f-4558-beac-8887750652e3 "133 GlptDHxh4foSU9EpV5Sgc83lBtx1FPFVQX8aQVIm6jlWkPFPWHCekNt0jKOv"
2020-09-24T03:30:49.789417985Z  [2020-09-24T03:30:49Z INFO  dt_instance] Inserted data for source d0a71d84-b80f-4558-beac-8887750652e3.
2020-09-24T03:30:49.841622186Z  [2020-09-24T03:30:49Z INFO  dt_instance] d0a71d84-b80f-4558-beac-8887750652e3 "134 r8sB4QTQQmaMJVlRVFm4NQCD3jPyFHWosnW13GfPkAjA72Yj8OLIjtskStTd"
2020-09-24T03:30:49.858697766Z  [2020-09-24T03:30:49Z INFO  dt_instance] Inserted data for source d0a71d84-b80f-4558-beac-8887750652e3.
2020-09-24T03:30:49.910874554Z  [2020-09-24T03:30:49Z INFO  dt_instance] d0a71d84-b80f-4558-beac-8887750652e3 "135 G3Mori18Q9RbewKnLtEii5VEDt5IqramZB6v7Ao30XX26znunAhtFX66MQhT"
2020-09-24T03:30:49.928980393Z  [2020-09-24T03:30:49Z INFO  dt_instance] Inserted data for source d0a71d84-b80f-4558-beac-8887750652e3.
2020-09-24T03:30:49.981043808Z  [2020-09-24T03:30:49Z INFO  dt_instance] d0a71d84-b80f-4558-beac-8887750652e3 "136 5qMVa74MWKifbjTjA0Vc1ZJB9PxCLPUJNQtToPoqq42X3mIzfMlMslWMTJI2"
2020-09-24T03:30:50.000258402Z  [2020-09-24T03:30:50Z INFO  dt_instance] Inserted data for source d0a71d84-b80f-4558-beac-8887750652e3.
2020-09-24T03:30:50.052362215Z  [2020-09-24T03:30:50Z INFO  dt_instance] d0a71d84-b80f-4558-beac-8887750652e3 "137 ljBkJXm5dM3JVYSROt2e7WX7W6BfRBBCZsVpMJIijTTV9TskZfWlKsHVGAaD"
2020-09-24T03:30:50.072254132Z  [2020-09-24T03:30:50Z INFO  dt_instance] Inserted data for source d0a71d84-b80f-4558-beac-8887750652e3.
2020-09-24T03:30:50.124063888Z  [2020-09-24T03:30:50Z INFO  dt_instance] d0a71d84-b80f-4558-beac-8887750652e3 "138 zI5SAaUAiZ06tH1MvwsfnZi9prmehu0Tm9jDrzGfG4hHHZUiIeoW892UB4kG"
2020-09-24T03:30:50.145943800Z  [2020-09-24T03:30:50Z INFO  dt_instance] Inserted data for source d0a71d84-b80f-4558-beac-8887750652e3.
2020-09-24T03:30:50.197176872Z  [2020-09-24T03:30:50Z INFO  dt_instance] d0a71d84-b80f-4558-beac-8887750652e3 "139 2jdmPGfXfduEWWmosK61fcyvB20K09okLrBtJZdsfizFtnZyMTRbVJeiDxSM"
2020-09-24T03:30:50.214085845Z  [2020-09-24T03:30:50Z INFO  dt_instance] Inserted data for source d0a71d84-b80f-4558-beac-8887750652e3.
2020-09-24T03:30:50.266503203Z  [2020-09-24T03:30:50Z INFO  dt_instance] d0a71d84-b80f-4558-beac-8887750652e3 "140 5oxoFfmgWdA4ntRRAgZ5RTE9UOnW8I1MwamlIzISz2AGd984bqk2ZLS8bkub"
2020-09-24T03:30:50.291034826Z  [2020-09-24T03:30:50Z INFO  dt_instance] Inserted data for source d0a71d84-b80f-4558-beac-8887750652e3.
2020-09-24T03:30:50.342144107Z  [2020-09-24T03:30:50Z INFO  dt_instance] d0a71d84-b80f-4558-beac-8887750652e3 "141 7iWdOTUFH01t9Ok7Qj6UScDuocsQ2q2F6jYdAoRCD3K5DyiWklI1xf2YJ88v"
2020-09-24T03:30:50.365126957Z  [2020-09-24T03:30:50Z INFO  dt_instance] Inserted data for source d0a71d84-b80f-4558-beac-8887750652e3.
2020-09-24T03:30:50.417100083Z  [2020-09-24T03:30:50Z INFO  dt_instance] d0a71d84-b80f-4558-beac-8887750652e3 "142 GxcZJfwF7WfLIN1MPj4rNn6mqs38NIdL97b64rMSWNyVBOMwgFjYiYem5SNQ"
2020-09-24T03:30:50.434130097Z  [2020-09-24T03:30:50Z INFO  dt_instance] Inserted data for source d0a71d84-b80f-4558-beac-8887750652e3.
2020-09-24T03:30:50.485899784Z  [2020-09-24T03:30:50Z INFO  dt_instance] d0a71d84-b80f-4558-beac-8887750652e3 "143 AcmDWFTZAqtyWwmeRg85x6HO1FBX9l8QD6MxGLpnwZl5lWLknQBnoPBTevci"
2020-09-24T03:30:50.505423576Z  [2020-09-24T03:30:50Z INFO  dt_instance] Inserted data for source d0a71d84-b80f-4558-beac-8887750652e3.
2020-09-24T03:30:50.557332372Z  [2020-09-24T03:30:50Z INFO  dt_instance] d0a71d84-b80f-4558-beac-8887750652e3 "144 pDRwH8rej6k98IoOJcRVYw7ENitAUAPMpLcw9D4F6OkxxDHvuzMUoZaK9wix"
2020-09-24T03:30:50.580726917Z  [2020-09-24T03:30:50Z INFO  dt_instance] Inserted data for source d0a71d84-b80f-4558-beac-8887750652e3.
2020-09-24T03:30:50.632180461Z  [2020-09-24T03:30:50Z INFO  dt_instance] d0a71d84-b80f-4558-beac-8887750652e3 "145 YP5BUpJgZ6O2FPWLRbNINhNE7Klqv1ePvjMtxYr42tNsximD0BU3guaWeJkK"
2020-09-24T03:30:50.654113083Z  [2020-09-24T03:30:50Z INFO  dt_instance] Inserted data for source d0a71d84-b80f-4558-beac-8887750652e3.
2020-09-24T03:30:50.706154111Z  [2020-09-24T03:30:50Z INFO  dt_instance] d0a71d84-b80f-4558-beac-8887750652e3 "146 1KfSMXPso2IRd8TgIp6hwBhad4F3JeRgYMiVpkRvkxAXBz6mrPpKexTViHRG"
2020-09-24T03:30:50.726378462Z  [2020-09-24T03:30:50Z INFO  dt_instance] Inserted data for source d0a71d84-b80f-4558-beac-8887750652e3.
2020-09-24T03:30:50.778561570Z  [2020-09-24T03:30:50Z INFO  dt_instance] d0a71d84-b80f-4558-beac-8887750652e3 "147 P5Saip9mGE5Vuvb4OfQ5pOMGdKw2y4Xc4HO0FNFW818Qpova6aAM3n3zaOF9"
2020-09-24T03:30:50.805122208Z  [2020-09-24T03:30:50Z INFO  dt_instance] Inserted data for source d0a71d84-b80f-4558-beac-8887750652e3.
2020-09-24T03:30:50.857504537Z  [2020-09-24T03:30:50Z INFO  dt_instance] d0a71d84-b80f-4558-beac-8887750652e3 "148 Lv313D2U4eUEi8ulCOgRvUEezfJYazrrj58PNj5DxvdOMuFa3n0wKWwOkuXG"
2020-09-24T03:30:50.877622305Z  [2020-09-24T03:30:50Z INFO  dt_instance] Inserted data for source d0a71d84-b80f-4558-beac-8887750652e3.
2020-09-24T03:30:50.929439394Z  [2020-09-24T03:30:50Z INFO  dt_instance] d0a71d84-b80f-4558-beac-8887750652e3 "149 ovDw0Bj7xNXYBI25ZnKlKZvhGrQ2oHZ9cJXYLkPDE4NMATZgBzO5wm2coUdo"
2020-09-24T03:30:50.948392503Z  [2020-09-24T03:30:50Z INFO  dt_instance] Inserted data for source d0a71d84-b80f-4558-beac-8887750652e3.
2020-09-24T03:30:51.000579144Z  [2020-09-24T03:30:51Z INFO  dt_instance] d0a71d84-b80f-4558-beac-8887750652e3 "150 Zp0ZgePXv40hUCG00iGKRljUPnaADaiBBAWwVToXI57QVbzgr2g4MMWDbUc9"
2020-09-24T03:30:51.013294090Z  [2020-09-24T03:30:51Z INFO  dt_instance] Inserted data for source d0a71d84-b80f-4558-beac-8887750652e3.
2020-09-24T03:30:51.064682751Z  [2020-09-24T03:30:51Z INFO  dt_instance] d0a71d84-b80f-4558-beac-8887750652e3 "151 rvNqI2DjMupYauYhVEeSdrYr3JbPUrdhyKADGM8FHrFRq6IXUils88O7gbXU"
2020-09-24T03:30:51.077519063Z  [2020-09-24T03:30:51Z INFO  dt_instance] Inserted data for source d0a71d84-b80f-4558-beac-8887750652e3.
2020-09-24T03:30:51.130308865Z  [2020-09-24T03:30:51Z INFO  dt_instance] d0a71d84-b80f-4558-beac-8887750652e3 "152 XrcpuwjIHkzUlrNsYXlXqm7DVy3gwIRzjAHYtatrQMfWm9DFHo0lDvBXGYf5"
2020-09-24T03:30:51.145454543Z  [2020-09-24T03:30:51Z INFO  dt_instance] Inserted data for source d0a71d84-b80f-4558-beac-8887750652e3.
2020-09-24T03:30:51.198521401Z  [2020-09-24T03:30:51Z INFO  dt_instance] d0a71d84-b80f-4558-beac-8887750652e3 "153 xPg81sgplvbhNKIowJHH9COTKUSXBVobFlL98w7JdwyH9ccmqiVH9HeUDtEm"
2020-09-24T03:30:51.219565625Z  [2020-09-24T03:30:51Z INFO  dt_instance] Inserted data for source d0a71d84-b80f-4558-beac-8887750652e3.
2020-09-24T03:30:51.271579008Z  [2020-09-24T03:30:51Z INFO  dt_instance] d0a71d84-b80f-4558-beac-8887750652e3 "154 FPsaRvRgj8nzps59ih35sXsDctwUBdxLFTnNQTBFYxheLDHgYyPOimGlZmQu"
2020-09-24T03:30:51.290514798Z  [2020-09-24T03:30:51Z INFO  dt_instance] Inserted data for source d0a71d84-b80f-4558-beac-8887750652e3.
2020-09-24T03:30:51.342696571Z  [2020-09-24T03:30:51Z INFO  dt_instance] d0a71d84-b80f-4558-beac-8887750652e3 "155 ov2ZnIOTz7VAsBMXH33kPGavenAxzq3DnvAS4Mn1OS5ZrOSDhX3ZupSLbk79"
2020-09-24T03:30:51.363577645Z  [2020-09-24T03:30:51Z INFO  dt_instance] Inserted data for source d0a71d84-b80f-4558-beac-8887750652e3.
2020-09-24T03:30:51.415631944Z  [2020-09-24T03:30:51Z INFO  dt_instance] d0a71d84-b80f-4558-beac-8887750652e3 "156 wpz7eUgh4R0QKoXeYH0x8dgtbp2KjQBJh6LjFGrgGPw8ysZTG8JOUfNWm3ZU"
2020-09-24T03:30:51.436963813Z  [2020-09-24T03:30:51Z INFO  dt_instance] Inserted data for source d0a71d84-b80f-4558-beac-8887750652e3.
2020-09-24T03:30:51.489175988Z  [2020-09-24T03:30:51Z INFO  dt_instance] d0a71d84-b80f-4558-beac-8887750652e3 "157 L3YrwSIhnW7GyjedTspyBXRK4BekONvp1daIiDnNQU4IqNr2LGnFxUPFbe9F"
2020-09-24T03:30:51.512405001Z  [2020-09-24T03:30:51Z INFO  dt_instance] Inserted data for source d0a71d84-b80f-4558-beac-8887750652e3.
2020-09-24T03:30:51.564389093Z  [2020-09-24T03:30:51Z INFO  dt_instance] d0a71d84-b80f-4558-beac-8887750652e3 "158 8cJE2weJS6LzQDSTteK1a2kG4BGZ9cZ689ccX9GtcxyKfUT4YPcCXWr2B5sR"
2020-09-24T03:30:51.581459940Z  [2020-09-24T03:30:51Z INFO  dt_instance] Inserted data for source d0a71d84-b80f-4558-beac-8887750652e3.
2020-09-24T03:30:51.633692478Z  [2020-09-24T03:30:51Z INFO  dt_instance] d0a71d84-b80f-4558-beac-8887750652e3 "159 gnO9ywkwASQkb3t4q9dRwFoPtl9DTF8QZzvHZK9x1NYRl6qIIhYAhmOrSqb8"
2020-09-24T03:30:51.652110898Z  [2020-09-24T03:30:51Z INFO  dt_instance] Inserted data for source d0a71d84-b80f-4558-beac-8887750652e3.
2020-09-24T03:30:51.704178372Z  [2020-09-24T03:30:51Z INFO  dt_instance] d0a71d84-b80f-4558-beac-8887750652e3 "160 wcW7K7bbu9HjKkTGbekepYCkX5besoa1NYKPFGmk4K05YhDZt1FVAmUZd2hq"
2020-09-24T03:30:51.727471678Z  [2020-09-24T03:30:51Z INFO  dt_instance] Inserted data for source d0a71d84-b80f-4558-beac-8887750652e3.
2020-09-24T03:30:51.780002020Z  [2020-09-24T03:30:51Z INFO  dt_instance] d0a71d84-b80f-4558-beac-8887750652e3 "161 uAIfJD5ncHKKuXae47lzCMmBURgcSPQTv1ZzKJ4rhDTyoL10LvST6tC0ksVf"
2020-09-24T03:30:51.801873179Z  [2020-09-24T03:30:51Z INFO  dt_instance] Inserted data for source d0a71d84-b80f-4558-beac-8887750652e3.
2020-09-24T03:30:51.854069299Z  [2020-09-24T03:30:51Z INFO  dt_instance] d0a71d84-b80f-4558-beac-8887750652e3 "162 beKNzJkEnbvdswaMMeMGe4pc0GaRQKu80wmEbMDxYkF7C5WAF3x5stXzrdX3"
2020-09-24T03:30:51.872877648Z  [2020-09-24T03:30:51Z INFO  dt_instance] Inserted data for source d0a71d84-b80f-4558-beac-8887750652e3.
2020-09-24T03:30:51.923834307Z  [2020-09-24T03:30:51Z INFO  dt_instance] d0a71d84-b80f-4558-beac-8887750652e3 "163 vgZX9Y14ROt4JXETJwDLEY30rfWXAdMm6JI6YzAqd8JlS6fBQaVJvcUNiTrj"
2020-09-24T03:30:51.945216560Z  [2020-09-24T03:30:51Z INFO  dt_instance] Inserted data for source d0a71d84-b80f-4558-beac-8887750652e3.
2020-09-24T03:30:51.997523239Z  [2020-09-24T03:30:51Z INFO  dt_instance] d0a71d84-b80f-4558-beac-8887750652e3 "164 AC15Q1r62pX91xTfcliBipxuPZIlCLGqgN46rL7DLwGfUsaGwxJ25bFGeVj2"
2020-09-24T03:30:52.023421777Z  [2020-09-24T03:30:52Z INFO  dt_instance] Inserted data for source d0a71d84-b80f-4558-beac-8887750652e3.
2020-09-24T03:30:52.075862724Z  [2020-09-24T03:30:52Z INFO  dt_instance] d0a71d84-b80f-4558-beac-8887750652e3 "165 l53NXCHpCsRapsi4tSnGuQ64jpWteuTBsXtKPjdp2vHf0Z7sDVHjNK8dlTy4"
2020-09-24T03:30:52.096650347Z  [2020-09-24T03:30:52Z INFO  dt_instance] Inserted data for source d0a71d84-b80f-4558-beac-8887750652e3.
2020-09-24T03:30:52.148703770Z  [2020-09-24T03:30:52Z INFO  dt_instance] d0a71d84-b80f-4558-beac-8887750652e3 "166 M2xpdMNkH7Yxq8RoqHFTtU25uVlfN99btaM9hCHTcKWT9B1rkNfZzSSCsPQO"
2020-09-24T03:30:52.170316491Z  [2020-09-24T03:30:52Z INFO  dt_instance] Inserted data for source d0a71d84-b80f-4558-beac-8887750652e3.
2020-09-24T03:30:52.222475304Z  [2020-09-24T03:30:52Z INFO  dt_instance] d0a71d84-b80f-4558-beac-8887750652e3 "167 T9OL6eFWfB8uWkczZWnhlYBGk5kMIPgISuBdBC5nAgcGGWCyPPui7Lt1IwSL"
2020-09-24T03:30:52.246737417Z  [2020-09-24T03:30:52Z INFO  dt_instance] Inserted data for source d0a71d84-b80f-4558-beac-8887750652e3.
2020-09-24T03:30:52.298831374Z  [2020-09-24T03:30:52Z INFO  dt_instance] d0a71d84-b80f-4558-beac-8887750652e3 "168 l4qtdGwh92RJtblonLOEf6Mdm2yjizSCRgfIBqyqMzYUiR4B5n0j6AUShQr7"
2020-09-24T03:30:52.320719566Z  [2020-09-24T03:30:52Z INFO  dt_instance] Inserted data for source d0a71d84-b80f-4558-beac-8887750652e3.
2020-09-24T03:30:52.374110695Z  [2020-09-24T03:30:52Z INFO  dt_instance] d0a71d84-b80f-4558-beac-8887750652e3 "169 JQNeimFqZt0LcpYSVaBSDNVV9wlP8VD3F1LM3ulbv2u78J6HermahwDdjrem"
2020-09-24T03:30:52.396958561Z  [2020-09-24T03:30:52Z INFO  dt_instance] Inserted data for source d0a71d84-b80f-4558-beac-8887750652e3.
2020-09-24T03:30:52.448989589Z  [2020-09-24T03:30:52Z INFO  dt_instance] d0a71d84-b80f-4558-beac-8887750652e3 "170 7Dco806zrcoqjzT1bfrq7OOe7tMjJtg7JZ8fHmHxXdgiz9IRWZFXPuaeJd0z"
2020-09-24T03:30:52.470746185Z  [2020-09-24T03:30:52Z INFO  dt_instance] Inserted data for source d0a71d84-b80f-4558-beac-8887750652e3.
2020-09-24T03:30:52.522655971Z  [2020-09-24T03:30:52Z INFO  dt_instance] d0a71d84-b80f-4558-beac-8887750652e3 "171 QAHdr27iYJWCAt1Hm6amQZwVovce9KoSUfxmCjzRxUuSM7Z1Ql6GkprYHnAI"
2020-09-24T03:30:52.544185376Z  [2020-09-24T03:30:52Z INFO  dt_instance] Inserted data for source d0a71d84-b80f-4558-beac-8887750652e3.
2020-09-24T03:30:52.596167774Z  [2020-09-24T03:30:52Z INFO  dt_instance] d0a71d84-b80f-4558-beac-8887750652e3 "172 4c4KKAo2EpQ0HCG7H5G4gy6snTnZAkkQgS5gPohRJvHxTBl8Qx9dX0LtoNHw"
2020-09-24T03:30:52.614864736Z  [2020-09-24T03:30:52Z INFO  dt_instance] Inserted data for source d0a71d84-b80f-4558-beac-8887750652e3.
2020-09-24T03:30:52.665892142Z  [2020-09-24T03:30:52Z INFO  dt_instance] d0a71d84-b80f-4558-beac-8887750652e3 "173 jBlUbWrLjZnD8yA59RxauKTIrZaDD0SaRbQZzDWneA7Jin83I8BkZ3DVqvEY"
2020-09-24T03:30:52.681170773Z  [2020-09-24T03:30:52Z INFO  dt_instance] Inserted data for source d0a71d84-b80f-4558-beac-8887750652e3.
2020-09-24T03:30:52.733222442Z  [2020-09-24T03:30:52Z INFO  dt_instance] d0a71d84-b80f-4558-beac-8887750652e3 "174 vkqgrknERXNukRojVyNQx57j7oW7IvXoOBexCrdR4WeG24DbjPdPmfZ3iR3C"
2020-09-24T03:30:52.748119994Z  [2020-09-24T03:30:52Z INFO  dt_instance] Inserted data for source d0a71d84-b80f-4558-beac-8887750652e3.
2020-09-24T03:30:52.799937114Z  [2020-09-24T03:30:52Z INFO  dt_instance] d0a71d84-b80f-4558-beac-8887750652e3 "175 pfuBmJ0bt6sw6e93WWuglOX9SIAO2pAQz6yWOsXy2xNuR41GU0P3obUwtlVq"
2020-09-24T03:30:52.823251912Z  [2020-09-24T03:30:52Z INFO  dt_instance] Inserted data for source d0a71d84-b80f-4558-beac-8887750652e3.
2020-09-24T03:30:52.875276549Z  [2020-09-24T03:30:52Z INFO  dt_instance] d0a71d84-b80f-4558-beac-8887750652e3 "176 4YSHjgYtaqspfqMLohW1uMnVkxalnt7WUgnHE0ND96qeejmWqdOeHITMsR3o"
2020-09-24T03:30:52.895615311Z  [2020-09-24T03:30:52Z INFO  dt_instance] Inserted data for source d0a71d84-b80f-4558-beac-8887750652e3.
2020-09-24T03:30:52.947704151Z  [2020-09-24T03:30:52Z INFO  dt_instance] d0a71d84-b80f-4558-beac-8887750652e3 "177 srWqoSTB881eTdWkRwOuox76T3mWQJYPyJeBRzNd5Pn9NIrPFf8zS0I1vNZg"
2020-09-24T03:30:52.961605543Z  [2020-09-24T03:30:52Z INFO  dt_instance] Inserted data for source d0a71d84-b80f-4558-beac-8887750652e3.
2020-09-24T03:30:53.013254924Z  [2020-09-24T03:30:53Z INFO  dt_instance] d0a71d84-b80f-4558-beac-8887750652e3 "178 UyVcw1nC953cKe3aHVHYqp9CD2VmWZ0Q5LBCD2FgyDJZCXSjmmY5ycXxZdGr"
2020-09-24T03:30:53.037783114Z  [2020-09-24T03:30:53Z INFO  dt_instance] Inserted data for source d0a71d84-b80f-4558-beac-8887750652e3.
2020-09-24T03:30:53.090548749Z  [2020-09-24T03:30:53Z INFO  dt_instance] d0a71d84-b80f-4558-beac-8887750652e3 "179 dV5DSHXri88JR2MlCRM4WdFZH70agGs4NnJ52TWsEpi5rZgCvRnjymyIGEhn"
2020-09-24T03:30:53.111915119Z  [2020-09-24T03:30:53Z INFO  dt_instance] Inserted data for source d0a71d84-b80f-4558-beac-8887750652e3.
2020-09-24T03:30:53.163948593Z  [2020-09-24T03:30:53Z INFO  dt_instance] d0a71d84-b80f-4558-beac-8887750652e3 "180 EL9iQ9AG99zCBUEDTT6w3oiSXVG05mNz0HxFFP0mjbs3s8XyGu6bF3MDFJ2s"
2020-09-24T03:30:53.186838679Z  [2020-09-24T03:30:53Z INFO  dt_instance] Inserted data for source d0a71d84-b80f-4558-beac-8887750652e3.
2020-09-24T03:30:53.237757846Z  [2020-09-24T03:30:53Z INFO  dt_instance] d0a71d84-b80f-4558-beac-8887750652e3 "181 OtZ3KC5Yq96vFgwmbCeTrgCrisseVZba5hTq3ZsSXHI7feVPBhnwEpXhnwkJ"
2020-09-24T03:30:53.256059632Z  [2020-09-24T03:30:53Z INFO  dt_instance] Inserted data for source d0a71d84-b80f-4558-beac-8887750652e3.
2020-09-24T03:30:53.308124564Z  [2020-09-24T03:30:53Z INFO  dt_instance] d0a71d84-b80f-4558-beac-8887750652e3 "182 Cy0AnIBv3qKgGHVyYDoI94sfBol5ahi5h6CrS8N6B0MuKN4MsRZFhadki6Bu"
2020-09-24T03:30:53.326778973Z  [2020-09-24T03:30:53Z INFO  dt_instance] Inserted data for source d0a71d84-b80f-4558-beac-8887750652e3.
2020-09-24T03:30:53.377989861Z  [2020-09-24T03:30:53Z INFO  dt_instance] d0a71d84-b80f-4558-beac-8887750652e3 "183 bTgyaNR8ov9FcR4IIsoWTiWGfhIRj4qExNn57ydEB3gPOD74OY8pSVigGonX"
2020-09-24T03:30:53.400505259Z  [2020-09-24T03:30:53Z INFO  dt_instance] Inserted data for source d0a71d84-b80f-4558-beac-8887750652e3.
2020-09-24T03:30:53.452427436Z  [2020-09-24T03:30:53Z INFO  dt_instance] d0a71d84-b80f-4558-beac-8887750652e3 "184 VVCdXqPTjD2KEK9DA8HKP57VAm3fKHMjqUG7JFwsKxSW8Ctczyg7GBzEAraQ"
2020-09-24T03:30:53.471204885Z  [2020-09-24T03:30:53Z INFO  dt_instance] Inserted data for source d0a71d84-b80f-4558-beac-8887750652e3.
2020-09-24T03:30:53.523570277Z  [2020-09-24T03:30:53Z INFO  dt_instance] d0a71d84-b80f-4558-beac-8887750652e3 "185 DJLv8jnhro9KJPHryK08wZgaShQyxlsC2dBERuTuI8u6ra0APpMKyKBvxekh"
2020-09-24T03:30:53.544647969Z  [2020-09-24T03:30:53Z INFO  dt_instance] Inserted data for source d0a71d84-b80f-4558-beac-8887750652e3.
2020-09-24T03:30:53.596805816Z  [2020-09-24T03:30:53Z INFO  dt_instance] d0a71d84-b80f-4558-beac-8887750652e3 "186 oxpNjeTRdIwdSqEPPuzyT2p7UV2lzyhS5a6ifm2ZynDl9HmBxBR6fO3xoeds"
2020-09-24T03:30:53.616356194Z  [2020-09-24T03:30:53Z INFO  dt_instance] Inserted data for source d0a71d84-b80f-4558-beac-8887750652e3.
2020-09-24T03:30:53.668398005Z  [2020-09-24T03:30:53Z INFO  dt_instance] d0a71d84-b80f-4558-beac-8887750652e3 "187 tCHTG8FSBV9tHv0ZpDgQ0oeeNCLC12hz6RHAHjtFeBjNsd2eke4MHl36hcgL"
2020-09-24T03:30:53.689170387Z  [2020-09-24T03:30:53Z INFO  dt_instance] Inserted data for source d0a71d84-b80f-4558-beac-8887750652e3.
2020-09-24T03:30:53.741416979Z  [2020-09-24T03:30:53Z INFO  dt_instance] d0a71d84-b80f-4558-beac-8887750652e3 "188 zUaJB8BtckrRnUoVcGnr2xuWR1xw2TOvV9PHbi3I4ZQlg5PfyJ3qkBV1Tbzr"
2020-09-24T03:30:53.757220378Z  [2020-09-24T03:30:53Z INFO  dt_instance] Inserted data for source d0a71d84-b80f-4558-beac-8887750652e3.
2020-09-24T03:30:53.809343151Z  [2020-09-24T03:30:53Z INFO  dt_instance] d0a71d84-b80f-4558-beac-8887750652e3 "189 uFFUpdJWdlkFi9yDiShfF1hxf4ngogmK4KLoCsPB6UnXYQbaRy8n6trG62am"
2020-09-24T03:30:53.832788593Z  [2020-09-24T03:30:53Z INFO  dt_instance] Inserted data for source d0a71d84-b80f-4558-beac-8887750652e3.
2020-09-24T03:30:53.884072402Z  [2020-09-24T03:30:53Z INFO  dt_instance] d0a71d84-b80f-4558-beac-8887750652e3 "190 YE8oxaLgF3w2ycbZ1jkj0S0Myq5ANWtnXMFq6AYvHjbmrONtaSRIzwRRJpIb"
2020-09-24T03:30:53.903229105Z  [2020-09-24T03:30:53Z INFO  dt_instance] Inserted data for source d0a71d84-b80f-4558-beac-8887750652e3.
2020-09-24T03:30:53.955340760Z  [2020-09-24T03:30:53Z INFO  dt_instance] d0a71d84-b80f-4558-beac-8887750652e3 "191 nbUFrficUQENVCro8B1FxOnrsZPtBJRXPZetSlnqLQ8XsG7J3ekGa087IkQw"
2020-09-24T03:30:53.975196087Z  [2020-09-24T03:30:53Z INFO  dt_instance] Inserted data for source d0a71d84-b80f-4558-beac-8887750652e3.
2020-09-24T03:30:54.027334643Z  [2020-09-24T03:30:54Z INFO  dt_instance] d0a71d84-b80f-4558-beac-8887750652e3 "192 Ny9EDQRA103CID2PO66To8cD6VEHuAyb7XHYxMmZlwsIK0aw4Eeqx7ctONBk"
2020-09-24T03:30:54.048348142Z  [2020-09-24T03:30:54Z INFO  dt_instance] Inserted data for source d0a71d84-b80f-4558-beac-8887750652e3.
2020-09-24T03:30:54.100392117Z  [2020-09-24T03:30:54Z INFO  dt_instance] d0a71d84-b80f-4558-beac-8887750652e3 "193 LmrAvaID4xUU7a59Ssny63Ap8vxrGAKcqhX3ecUjTTy0sz4zU1lEL0SCSm6N"
2020-09-24T03:30:54.123238137Z  [2020-09-24T03:30:54Z INFO  dt_instance] Inserted data for source d0a71d84-b80f-4558-beac-8887750652e3.
2020-09-24T03:30:54.175984112Z  [2020-09-24T03:30:54Z INFO  dt_instance] d0a71d84-b80f-4558-beac-8887750652e3 "194 DqCw2Hx5gj4S9qDhaTGAy1s52L74atkCdvC02bVU7oznJ3P36GnAbGxFziDp"
2020-09-24T03:30:54.196037428Z  [2020-09-24T03:30:54Z INFO  dt_instance] Inserted data for source d0a71d84-b80f-4558-beac-8887750652e3.
2020-09-24T03:30:54.248106730Z  [2020-09-24T03:30:54Z INFO  dt_instance] d0a71d84-b80f-4558-beac-8887750652e3 "195 dJ6AoCMkxLMdBQPhBLEReKg8azjcCwa9fRtsWniFAfVBH5ZP8UqEQtKGfbWX"
2020-09-24T03:30:54.272248378Z  [2020-09-24T03:30:54Z INFO  dt_instance] Inserted data for source d0a71d84-b80f-4558-beac-8887750652e3.
2020-09-24T03:30:54.324814749Z  [2020-09-24T03:30:54Z INFO  dt_instance] d0a71d84-b80f-4558-beac-8887750652e3 "196 1EJMKgZQVh7Uur8r37Ca6ucD9LGuY50sCugI9qAyy033P6kBkiRVNnnhYVLt"
2020-09-24T03:30:54.347756387Z  [2020-09-24T03:30:54Z INFO  dt_instance] Inserted data for source d0a71d84-b80f-4558-beac-8887750652e3.
2020-09-24T03:30:54.400687564Z  [2020-09-24T03:30:54Z INFO  dt_instance] d0a71d84-b80f-4558-beac-8887750652e3 "197 La522t6kIJ9U3LLj769NwdYWlEvyId3A0fOSoxWfbKK9MAL86c1NWT9qwLDK"
2020-09-24T03:30:54.418508438Z  [2020-09-24T03:30:54Z INFO  dt_instance] Inserted data for source d0a71d84-b80f-4558-beac-8887750652e3.
2020-09-24T03:30:54.474014655Z  [2020-09-24T03:30:54Z INFO  dt_instance] d0a71d84-b80f-4558-beac-8887750652e3 "198 NCCn56sGMS37aThEBfTsvs1FG5dx820vIJXRDfDWYTewJxZV4LaeO7MGjWEt"
2020-09-24T03:30:54.493769152Z  [2020-09-24T03:30:54Z INFO  dt_instance] Inserted data for source d0a71d84-b80f-4558-beac-8887750652e3.
2020-09-24T03:30:54.545945695Z  [2020-09-24T03:30:54Z INFO  dt_instance] d0a71d84-b80f-4558-beac-8887750652e3 "199 t2IoJhhe54ybwqEEWyB8xr9C5wCnrFilh8d8G5IHaW859WiY1Ac5jmM8xJSq"
2020-09-24T03:30:54.565606384Z  [2020-09-24T03:30:54Z INFO  dt_instance] Inserted data for source d0a71d84-b80f-4558-beac-8887750652e3.
2020-09-24T03:30:54.616976436Z  [2020-09-24T03:30:54Z INFO  dt_instance] d0a71d84-b80f-4558-beac-8887750652e3 "200 DMsaEU8aLKhbtzaQY8rXLIB9vR9HmOeFxC4AYJkkh1nXKsz1YC4SC34ggZgm"
2020-09-24T03:30:54.641526579Z  [2020-09-24T03:30:54Z INFO  dt_instance] Inserted data for source d0a71d84-b80f-4558-beac-8887750652e3.
2020-09-24T03:30:54.693740424Z  [2020-09-24T03:30:54Z INFO  dt_instance] d0a71d84-b80f-4558-beac-8887750652e3 "201 RG3vLIV9hiAKElbha8cOEN8P6JLzE6IrQ9S5dV0datFfY6FGEqnEShRzSBes"
2020-09-24T03:30:54.711261115Z  [2020-09-24T03:30:54Z INFO  dt_instance] Inserted data for source d0a71d84-b80f-4558-beac-8887750652e3.
2020-09-24T03:30:54.763319406Z  [2020-09-24T03:30:54Z INFO  dt_instance] d0a71d84-b80f-4558-beac-8887750652e3 "202 aoH5AMc357pYHaM0PZ5oO5Ku1d62hyToHjqcFSeyIlY7qorGxal1F0g83dTs"
2020-09-24T03:30:54.784167799Z  [2020-09-24T03:30:54Z INFO  dt_instance] Inserted data for source d0a71d84-b80f-4558-beac-8887750652e3.
2020-09-24T03:30:54.836538271Z  [2020-09-24T03:30:54Z INFO  dt_instance] d0a71d84-b80f-4558-beac-8887750652e3 "203 elvS1QwaSW7oD6R1cJoSSmKCDgAuG99KkEYx9Ia3zRrA9x0CaOyumm99D7km"
2020-09-24T03:30:54.855773045Z  [2020-09-24T03:30:54Z INFO  dt_instance] Inserted data for source d0a71d84-b80f-4558-beac-8887750652e3.
2020-09-24T03:30:54.907896906Z  [2020-09-24T03:30:54Z INFO  dt_instance] d0a71d84-b80f-4558-beac-8887750652e3 "204 9Ukr6IsfjLrW6ZTlS9nxKvQZcdd7abbu3xs72TnKfYXOcO4i4Hkg9vxjq6Ba"
2020-09-24T03:30:54.933927665Z  [2020-09-24T03:30:54Z INFO  dt_instance] Inserted data for source d0a71d84-b80f-4558-beac-8887750652e3.
2020-09-24T03:30:54.986036526Z  [2020-09-24T03:30:54Z INFO  dt_instance] d0a71d84-b80f-4558-beac-8887750652e3 "205 u1BdZlCMTOVJBgrLbg6r5eJkCfJjZtjK8vZGMk4swvfabPE6Tt3J0rZ9ZoLK"
2020-09-24T03:30:55.009165036Z  [2020-09-24T03:30:55Z INFO  dt_instance] Inserted data for source d0a71d84-b80f-4558-beac-8887750652e3.
2020-09-24T03:30:55.061247120Z  [2020-09-24T03:30:55Z INFO  dt_instance] d0a71d84-b80f-4558-beac-8887750652e3 "206 B5JMuSVM3CghkL4Cta4JSL1Xw0Fr5K35HluZbi4AMg0dXIDXWaGEcWPEOyjL"
2020-09-24T03:30:55.082888700Z  [2020-09-24T03:30:55Z INFO  dt_instance] Inserted data for source d0a71d84-b80f-4558-beac-8887750652e3.
2020-09-24T03:30:55.134329629Z  [2020-09-24T03:30:55Z INFO  dt_instance] d0a71d84-b80f-4558-beac-8887750652e3 "207 PsbNrWy9hKF48942yoi5JWWPJ3BqCHLYVl4vlrpZcnhSeI68y1z8XX9hA7mu"
2020-09-24T03:30:55.158648566Z  [2020-09-24T03:30:55Z INFO  dt_instance] Inserted data for source d0a71d84-b80f-4558-beac-8887750652e3.
2020-09-24T03:30:55.210850117Z  [2020-09-24T03:30:55Z INFO  dt_instance] d0a71d84-b80f-4558-beac-8887750652e3 "208 JOqgb4bcn3lWcJ39aMTkNxfm4wyilwAYNeJdmWcF22DQde9t9cuURAcYr7gj"
2020-09-24T03:30:55.232568988Z  [2020-09-24T03:30:55Z INFO  dt_instance] Inserted data for source d0a71d84-b80f-4558-beac-8887750652e3.
2020-09-24T03:30:55.284764399Z  [2020-09-24T03:30:55Z INFO  dt_instance] d0a71d84-b80f-4558-beac-8887750652e3 "209 3naCub8ywfcbU0U0kLet3IKgUnXr1dLqaWH4KQiumKSaA2McdVrRVliD90jD"
2020-09-24T03:30:55.305626709Z  [2020-09-24T03:30:55Z INFO  dt_instance] Inserted data for source d0a71d84-b80f-4558-beac-8887750652e3.
2020-09-24T03:30:55.358160397Z  [2020-09-24T03:30:55Z INFO  dt_instance] d0a71d84-b80f-4558-beac-8887750652e3 "210 suayxjEZL5QUz9dTlJHavCAEt45tVZm33ErRv83Si1U53Aes0L57bUYDVdNr"
2020-09-24T03:30:55.375446343Z  [2020-09-24T03:30:55Z INFO  dt_instance] Inserted data for source d0a71d84-b80f-4558-beac-8887750652e3.
2020-09-24T03:30:55.427926010Z  [2020-09-24T03:30:55Z INFO  dt_instance] d0a71d84-b80f-4558-beac-8887750652e3 "211 mf8xNvR4a7MBSWreW3veBPzJlaJnYoStvMeuubYPMsOjRKLeKcgjZgv8oLoQ"
2020-09-24T03:30:56.465745649Z  [2020-09-24T03:30:56Z INFO  dt_instance] Inserted data for source d0a71d84-b80f-4558-beac-8887750652e3.
2020-09-24T03:30:56.517456358Z  [2020-09-24T03:30:56Z INFO  dt_instance] d0a71d84-b80f-4558-beac-8887750652e3 "212 lILm8DGZbgL3Bw9fnpl9xskGqzQtl1WFTEgBygfPFYt9V0f0qRaDn5npeTGr"
2020-09-24T03:30:56.532926560Z  [2020-09-24T03:30:56Z INFO  dt_instance] Inserted data for source d0a71d84-b80f-4558-beac-8887750652e3.
2020-09-24T03:30:56.584918021Z  [2020-09-24T03:30:56Z INFO  dt_instance] d0a71d84-b80f-4558-beac-8887750652e3 "213 lfCtxqwPQUIODn3EkEd9QMVj41aAxXFcJ1Klw2BH1lzKLFlMwQ0hFT4X1qyg"
2020-09-24T03:30:56.605350166Z  [2020-09-24T03:30:56Z INFO  dt_instance] Inserted data for source d0a71d84-b80f-4558-beac-8887750652e3.
2020-09-24T03:30:56.658021867Z  [2020-09-24T03:30:56Z INFO  dt_instance] d0a71d84-b80f-4558-beac-8887750652e3 "214 iLf19gJ7cyAr6N51wJpZTFki5RYI4iJQbCJvUzKxwoNrOKLieqH49SGWKTlI"
2020-09-24T03:30:56.675765285Z  [2020-09-24T03:30:56Z INFO  dt_instance] Inserted data for source d0a71d84-b80f-4558-beac-8887750652e3.
2020-09-24T03:30:56.727792528Z  [2020-09-24T03:30:56Z INFO  dt_instance] d0a71d84-b80f-4558-beac-8887750652e3 "215 SSqo0iHzmODmVJjuJIfXfX1zqr8fC6NNIUat2keo96aNH2WPRN5dWicLbOTK"
2020-09-24T03:30:56.748470351Z  [2020-09-24T03:30:56Z INFO  dt_instance] Inserted data for source d0a71d84-b80f-4558-beac-8887750652e3.
2020-09-24T03:30:56.800746004Z  [2020-09-24T03:30:56Z INFO  dt_instance] d0a71d84-b80f-4558-beac-8887750652e3 "216 2KqVyKroEqwsuZvFWID9fWlpZoEd37Ng4H5bINA0ME29XAs6UplbVPMe32Xg"
2020-09-24T03:30:56.817137462Z  [2020-09-24T03:30:56Z INFO  dt_instance] Inserted data for source d0a71d84-b80f-4558-beac-8887750652e3.
2020-09-24T03:30:56.869292783Z  [2020-09-24T03:30:56Z INFO  dt_instance] d0a71d84-b80f-4558-beac-8887750652e3 "217 TPd7aFk3VjlnKi8LJT18zvIWIJFGVcyqR7re4579bmIEsaS32hRdoHFxMJWo"
2020-09-24T03:30:56.888562084Z  [2020-09-24T03:30:56Z INFO  dt_instance] Inserted data for source d0a71d84-b80f-4558-beac-8887750652e3.
2020-09-24T03:30:56.941057288Z  [2020-09-24T03:30:56Z INFO  dt_instance] d0a71d84-b80f-4558-beac-8887750652e3 "218 VFErV1bN18tImJ00FVUWCTlGVItAO5UzYDFydEOVktmzfCvcGLpLizInMwU0"
2020-09-24T03:30:56.958322793Z  [2020-09-24T03:30:56Z INFO  dt_instance] Inserted data for source d0a71d84-b80f-4558-beac-8887750652e3.
2020-09-24T03:30:57.010403853Z  [2020-09-24T03:30:57Z INFO  dt_instance] d0a71d84-b80f-4558-beac-8887750652e3 "219 QFJcCU1q6qVRNOLuGMUsQOu6vBSDGuHbkU3sOzySJYyHdmJPGcXgqeCDJiUG"
2020-09-24T03:30:57.032720263Z  [2020-09-24T03:30:57Z INFO  dt_instance] Inserted data for source d0a71d84-b80f-4558-beac-8887750652e3.
2020-09-24T03:30:57.084972750Z  [2020-09-24T03:30:57Z INFO  dt_instance] d0a71d84-b80f-4558-beac-8887750652e3 "220 9Djw1n5bW1e7KKSsxzuEEWOWL0o2fsj0rRYbfSD0s6zBe0V7lmJTlhMmqrIO"
2020-09-24T03:30:57.099701893Z  [2020-09-24T03:30:57Z INFO  dt_instance] Inserted data for source d0a71d84-b80f-4558-beac-8887750652e3.
2020-09-24T03:30:57.152002899Z  [2020-09-24T03:30:57Z INFO  dt_instance] d0a71d84-b80f-4558-beac-8887750652e3 "221 Bw3pJujrDe4GB3cClWHpdKOzvTZlJQKWJpriDcKenpzBEDZaune18DYFvTbm"
2020-09-24T03:30:57.171205853Z  [2020-09-24T03:30:57Z INFO  dt_instance] Inserted data for source d0a71d84-b80f-4558-beac-8887750652e3.
2020-09-24T03:30:57.224103405Z  [2020-09-24T03:30:57Z INFO  dt_instance] d0a71d84-b80f-4558-beac-8887750652e3 "222 FL7vEXOeKVV79GwY7eAmrGkWIC39txeIebyx5Yc9OnQlQXnifNBuZsaQcPY8"
2020-09-24T03:30:57.242293440Z  [2020-09-24T03:30:57Z INFO  dt_instance] Inserted data for source d0a71d84-b80f-4558-beac-8887750652e3.
2020-09-24T03:30:57.294207336Z  [2020-09-24T03:30:57Z INFO  dt_instance] d0a71d84-b80f-4558-beac-8887750652e3 "223 TgHqfauYvxOCXb07XoipaQ7kY0B5wnh255WqYd0EoKknLJxlnbh0aktaxtXb"
2020-09-24T03:30:57.310280140Z  [2020-09-24T03:30:57Z INFO  dt_instance] Inserted data for source d0a71d84-b80f-4558-beac-8887750652e3.
2020-09-24T03:30:57.362961613Z  [2020-09-24T03:30:57Z INFO  dt_instance] d0a71d84-b80f-4558-beac-8887750652e3 "224 ioFmaJiB3mPHsI9wZT7YBZcRMXNSvwSbOKvMafW5aYuYmu1iOfzb9KsgBZk4"
2020-09-24T03:30:57.376323827Z  [2020-09-24T03:30:57Z INFO  dt_instance] Inserted data for source d0a71d84-b80f-4558-beac-8887750652e3.
2020-09-24T03:30:57.428574007Z  [2020-09-24T03:30:57Z INFO  dt_instance] d0a71d84-b80f-4558-beac-8887750652e3 "225 JOe9lZq6x8iCWNtu93oyBTUmyQiKU77qOqIDt90wCwIuozlq3X7zpIfmaTcp"
2020-09-24T03:30:57.443190315Z  [2020-09-24T03:30:57Z INFO  dt_instance] Inserted data for source d0a71d84-b80f-4558-beac-8887750652e3.
2020-09-24T03:30:57.495526981Z  [2020-09-24T03:30:57Z INFO  dt_instance] d0a71d84-b80f-4558-beac-8887750652e3 "226 y6LMDZ1EagNqvyHAxWFtRQLGeFpX47GVg7wjrCtDygE3DCb3qWdQpqWhyHyk"
2020-09-24T03:30:57.514257194Z  [2020-09-24T03:30:57Z INFO  dt_instance] Inserted data for source d0a71d84-b80f-4558-beac-8887750652e3.
2020-09-24T03:30:57.567036386Z  [2020-09-24T03:30:57Z INFO  dt_instance] d0a71d84-b80f-4558-beac-8887750652e3 "227 tQKubJo1j8KywMbjeybKs0kXXcQsrq7xIRr3a9INuw2JcJDuVJA0mvAI90pC"
2020-09-24T03:30:57.585299434Z  [2020-09-24T03:30:57Z INFO  dt_instance] Inserted data for source d0a71d84-b80f-4558-beac-8887750652e3.
2020-09-24T03:30:57.637810218Z  [2020-09-24T03:30:57Z INFO  dt_instance] d0a71d84-b80f-4558-beac-8887750652e3 "228 7pneWhrkOHjgNfs3nJbudXYtEUpEJIu1xH4VohlfiUs8H4mYuFLA8uPlJt8v"
2020-09-24T03:30:57.658764258Z  [2020-09-24T03:30:57Z INFO  dt_instance] Inserted data for source d0a71d84-b80f-4558-beac-8887750652e3.
2020-09-24T03:30:57.709958785Z  [2020-09-24T03:30:57Z INFO  dt_instance] d0a71d84-b80f-4558-beac-8887750652e3 "229 X0hD86dvZ150bA48OGdFwai6njJH1McEGoGVVlnzj732msK8xnNKBblnHWcz"
2020-09-24T03:30:57.722468448Z  [2020-09-24T03:30:57Z INFO  dt_instance] Inserted data for source d0a71d84-b80f-4558-beac-8887750652e3.
2020-09-24T03:30:57.775606354Z  [2020-09-24T03:30:57Z INFO  dt_instance] d0a71d84-b80f-4558-beac-8887750652e3 "230 GJJjcXF7gpFx1LDouFgmtdk19zrjjvS4Qh9oDEgQNTLJg6SB0lGimojlSZId"
2020-09-24T03:30:57.791580894Z  [2020-09-24T03:30:57Z INFO  dt_instance] Inserted data for source d0a71d84-b80f-4558-beac-8887750652e3.
2020-09-24T03:30:57.843578410Z  [2020-09-24T03:30:57Z INFO  dt_instance] d0a71d84-b80f-4558-beac-8887750652e3 "231 0TdXdyJVNMNeB8JIn7xgP81baHUTkrtjtcjPzSlIT2G1Yb3lEVD3gl5CemDC"
2020-09-24T03:30:57.859074347Z  [2020-09-24T03:30:57Z INFO  dt_instance] Inserted data for source d0a71d84-b80f-4558-beac-8887750652e3.
2020-09-24T03:30:57.911879818Z  [2020-09-24T03:30:57Z INFO  dt_instance] d0a71d84-b80f-4558-beac-8887750652e3 "232 74Hx1Q1X17G1KDGuwC9wYOr6chO0hBchRvC80nPNqrVbFPQnPNh3CXbh0gYx"
2020-09-24T03:30:57.929056555Z  [2020-09-24T03:30:57Z INFO  dt_instance] Inserted data for source d0a71d84-b80f-4558-beac-8887750652e3.
2020-09-24T03:30:57.981152700Z  [2020-09-24T03:30:57Z INFO  dt_instance] d0a71d84-b80f-4558-beac-8887750652e3 "233 9QhGXlzkVpgWGc1zRKopbGSljI6RWg7dJFg6nih1hpZazJJw9Ilxxrg1pPxE"
2020-09-24T03:30:57.999016193Z  [2020-09-24T03:30:57Z INFO  dt_instance] Inserted data for source d0a71d84-b80f-4558-beac-8887750652e3.
2020-09-24T03:30:58.051169394Z  [2020-09-24T03:30:58Z INFO  dt_instance] d0a71d84-b80f-4558-beac-8887750652e3 "234 r95TpC5oeR8uSjRVXQhXviOu4e9iyV46D2jALOPxcdQdGEubbfeVnA3XQGLy"
2020-09-24T03:30:58.066607927Z  [2020-09-24T03:30:58Z INFO  dt_instance] Inserted data for source d0a71d84-b80f-4558-beac-8887750652e3.
2020-09-24T03:30:58.118672187Z  [2020-09-24T03:30:58Z INFO  dt_instance] d0a71d84-b80f-4558-beac-8887750652e3 "235 5jXORqlUFIMRiYgi9FN4H4S3eCn1b854bflBLGpkFXA9KgarfogXSlZAKt7s"
2020-09-24T03:30:58.133130150Z  [2020-09-24T03:30:58Z INFO  dt_instance] Inserted data for source d0a71d84-b80f-4558-beac-8887750652e3.
2020-09-24T03:30:58.185005302Z  [2020-09-24T03:30:58Z INFO  dt_instance] d0a71d84-b80f-4558-beac-8887750652e3 "236 Y0vaeM3yJ9YQXIAMZed8ZWQPGBwb4yFw8yl7ZHdynSsoWYui9rZ5If1a1VK9"
2020-09-24T03:30:58.204700874Z  [2020-09-24T03:30:58Z INFO  dt_instance] Inserted data for source d0a71d84-b80f-4558-beac-8887750652e3.
2020-09-24T03:30:58.255956610Z  [2020-09-24T03:30:58Z INFO  dt_instance] d0a71d84-b80f-4558-beac-8887750652e3 "237 ZHupRuBDW3udsuyDBsXNnLFCX1umFEIOuu47qVIVbTb5wdZjH2MdJvm32qZj"
2020-09-24T03:30:58.272433269Z  [2020-09-24T03:30:58Z INFO  dt_instance] Inserted data for source d0a71d84-b80f-4558-beac-8887750652e3.
2020-09-24T03:30:58.324620187Z  [2020-09-24T03:30:58Z INFO  dt_instance] d0a71d84-b80f-4558-beac-8887750652e3 "238 sMrXrEgHtiyN6JepnXMbkcMFCowo38kqr6PIT8pzSHrhRnQfsBYHutmKrflH"
2020-09-24T03:30:58.343330622Z  [2020-09-24T03:30:58Z INFO  dt_instance] Inserted data for source d0a71d84-b80f-4558-beac-8887750652e3.
2020-09-24T03:30:58.395172639Z  [2020-09-24T03:30:58Z INFO  dt_instance] d0a71d84-b80f-4558-beac-8887750652e3 "239 PvAmQV57KoBKiLlnAr8IJVAkzq4ExvqVwyH9N5abOfcbluJq3cyYPAa5w4Su"
2020-09-24T03:30:58.410164201Z  [2020-09-24T03:30:58Z INFO  dt_instance] Inserted data for source d0a71d84-b80f-4558-beac-8887750652e3.
2020-09-24T03:30:58.461977368Z  [2020-09-24T03:30:58Z INFO  dt_instance] d0a71d84-b80f-4558-beac-8887750652e3 "240 O552bY5IC1voyTR6LI08d1JPUuJNGpJDdl8LkNwlgco3nexSw2GYMICHyngc"
2020-09-24T03:30:58.475934117Z  [2020-09-24T03:30:58Z INFO  dt_instance] Inserted data for source d0a71d84-b80f-4558-beac-8887750652e3.
2020-09-24T03:30:58.527961834Z  [2020-09-24T03:30:58Z INFO  dt_instance] d0a71d84-b80f-4558-beac-8887750652e3 "241 1mNxb5ncE7LZl7Otks7jK1Xczn3z4F3xAfd2nEowpRnqHsSzOCQsracqp5SU"
2020-09-24T03:30:58.541529909Z  [2020-09-24T03:30:58Z INFO  dt_instance] Inserted data for source d0a71d84-b80f-4558-beac-8887750652e3.
2020-09-24T03:30:58.593578795Z  [2020-09-24T03:30:58Z INFO  dt_instance] d0a71d84-b80f-4558-beac-8887750652e3 "242 1dj906eOyjDf0n9i9uBu5jjSm29KvdG65YTOu9YL1D2kDmw7dHIrONNUzXK9"
2020-09-24T03:30:58.613519792Z  [2020-09-24T03:30:58Z INFO  dt_instance] Inserted data for source d0a71d84-b80f-4558-beac-8887750652e3.
2020-09-24T03:30:58.665321061Z  [2020-09-24T03:30:58Z INFO  dt_instance] d0a71d84-b80f-4558-beac-8887750652e3 "243 4Em4kv8SrXeg9iHuNe7hltkgPEBzqfsBIaePnaZTgUuKGMaIVETNh7nriSV9"
2020-09-24T03:30:58.687217595Z  [2020-09-24T03:30:58Z INFO  dt_instance] Inserted data for source d0a71d84-b80f-4558-beac-8887750652e3.
2020-09-24T03:30:58.739137203Z  [2020-09-24T03:30:58Z INFO  dt_instance] d0a71d84-b80f-4558-beac-8887750652e3 "244 v8zXwoVueYB71Bm5kZRjdBslq2CZNbcxCqWJUgSPVWAGFuiIxe0KTszBs0AW"
2020-09-24T03:30:58.752615580Z  [2020-09-24T03:30:58Z INFO  dt_instance] Inserted data for source d0a71d84-b80f-4558-beac-8887750652e3.
2020-09-24T03:30:58.804533311Z  [2020-09-24T03:30:58Z INFO  dt_instance] d0a71d84-b80f-4558-beac-8887750652e3 "245 0uQRBxpGwplgGKY4Q3NFYbDEVtgca3dIKDFKXogcnbYy60BfKUpKYUzAOoC9"
2020-09-24T03:30:58.823254215Z  [2020-09-24T03:30:58Z INFO  dt_instance] Inserted data for source d0a71d84-b80f-4558-beac-8887750652e3.
2020-09-24T03:30:58.875498010Z  [2020-09-24T03:30:58Z INFO  dt_instance] d0a71d84-b80f-4558-beac-8887750652e3 "246 P8S3eHv7oAhSC24mBWDUvZ1aMbAJWqCBtRamQtBlBOMk4k6mi3pQj1Qwsua3"
2020-09-24T03:30:58.890303997Z  [2020-09-24T03:30:58Z INFO  dt_instance] Inserted data for source d0a71d84-b80f-4558-beac-8887750652e3.
2020-09-24T03:30:58.942466796Z  [2020-09-24T03:30:58Z INFO  dt_instance] d0a71d84-b80f-4558-beac-8887750652e3 "247 ljM8rqkcDsg3SyNJTamyJrkfsn3ddxHtTSkvFUyaUO20I6I4GIJGt1sU1dc5"
2020-09-24T03:30:58.961993062Z  [2020-09-24T03:30:58Z INFO  dt_instance] Inserted data for source d0a71d84-b80f-4558-beac-8887750652e3.
2020-09-24T03:30:59.014316186Z  [2020-09-24T03:30:59Z INFO  dt_instance] d0a71d84-b80f-4558-beac-8887750652e3 "248 658chBF8Z95eOP8XD09fKNv11gMfAkUhTqERUXwQ2IKWN7rDDiOoStqtaTF5"
2020-09-24T03:30:59.029757717Z  [2020-09-24T03:30:59Z INFO  dt_instance] Inserted data for source d0a71d84-b80f-4558-beac-8887750652e3.
2020-09-24T03:30:59.082236349Z  [2020-09-24T03:30:59Z INFO  dt_instance] d0a71d84-b80f-4558-beac-8887750652e3 "249 7NSgFDYzUTLg0YVSoP5yiW7GfNXFR5FhhtfWU6aO4dAo38cdRcq7VBhVKEjz"
2020-09-24T03:30:59.096653166Z  [2020-09-24T03:30:59Z INFO  dt_instance] Inserted data for source d0a71d84-b80f-4558-beac-8887750652e3.
2020-09-24T03:31:16.248985337Z  [2020-09-24T03:31:16Z ERROR dt_instance] Unhandled incoming.
2020-09-24T03:31:46.249908055Z  [2020-09-24T03:31:46Z ERROR dt_instance] Unhandled incoming.
2020-09-24T03:32:16.249990250Z  [2020-09-24T03:32:16Z ERROR dt_instance] Unhandled incoming.
2020-09-24T03:32:46.252219345Z  [2020-09-24T03:32:46Z ERROR dt_instance] Unhandled incoming.
2020-09-24T03:33:16.251980769Z  [2020-09-24T03:33:16Z ERROR dt_instance] Unhandled incoming.
2020-09-24T03:33:46.252968205Z  [2020-09-24T03:33:46Z ERROR dt_instance] Unhandled incoming.
2020-09-24T03:34:16.254168389Z  [2020-09-24T03:34:16Z ERROR dt_instance] Unhandled incoming.
2020-09-24T03:34:46.256579058Z  [2020-09-24T03:34:46Z ERROR dt_instance] Unhandled incoming.
2020-09-24T03:35:16.258741551Z  [2020-09-24T03:35:16Z ERROR dt_instance] Unhandled incoming.
2020-09-24T03:35:46.259827961Z  [2020-09-24T03:35:46Z ERROR dt_instance] Unhandled incoming.
2020-09-24T03:36:16.261975867Z  [2020-09-24T03:36:16Z ERROR dt_instance] Unhandled incoming.
2020-09-24T03:36:46.263552431Z  [2020-09-24T03:36:46Z ERROR dt_instance] Unhandled incoming.
2020-09-24T03:37:16.264035924Z  [2020-09-24T03:37:16Z ERROR dt_instance] Unhandled incoming.
2020-09-24T03:37:46.265886363Z  [2020-09-24T03:37:46Z ERROR dt_instance] Unhandled incoming.
2020-09-24T03:38:16.266501967Z  [2020-09-24T03:38:16Z ERROR dt_instance] Unhandled incoming.
2020-09-24T03:38:46.267086501Z  [2020-09-24T03:38:46Z ERROR dt_instance] Unhandled incoming.
2020-09-24T03:39:16.268826861Z  [2020-09-24T03:39:16Z ERROR dt_instance] Unhandled incoming.
2020-09-24T03:39:46.270490481Z  [2020-09-24T03:39:46Z ERROR dt_instance] Unhandled incoming.
2020-09-24T03:40:16.270009302Z  [2020-09-24T03:40:16Z ERROR dt_instance] Unhandled incoming.
2020-09-24T03:40:46.271322214Z  [2020-09-24T03:40:46Z ERROR dt_instance] Unhandled incoming.
2020-09-24T03:41:16.272814660Z  [2020-09-24T03:41:16Z ERROR dt_instance] Unhandled incoming.
2020-09-24T03:41:46.274222227Z  [2020-09-24T03:41:46Z ERROR dt_instance] Unhandled incoming.
2020-09-24T03:42:16.275459786Z  [2020-09-24T03:42:16Z ERROR dt_instance] Unhandled incoming.
2020-09-24T03:42:46.275784205Z  [2020-09-24T03:42:46Z ERROR dt_instance] Unhandled incoming.
2020-09-24T03:43:16.276042966Z  [2020-09-24T03:43:16Z ERROR dt_instance] Unhandled incoming.
2020-09-24T03:43:46.278564198Z  [2020-09-24T03:43:46Z ERROR dt_instance] Unhandled incoming.
2020-09-24T03:44:16.280162844Z  [2020-09-24T03:44:16Z ERROR dt_instance] Unhandled incoming.
2020-09-24T03:44:46.281226182Z  [2020-09-24T03:44:46Z ERROR dt_instance] Unhandled incoming.
2020-09-24T03:45:16.280902494Z  [2020-09-24T03:45:16Z ERROR dt_instance] Unhandled incoming.
2020-09-24T03:45:46.282936368Z  [2020-09-24T03:45:46Z ERROR dt_instance] Unhandled incoming.
2020-09-24T03:46:16.284434284Z  [2020-09-24T03:46:16Z ERROR dt_instance] Unhandled incoming.
2020-09-24T03:46:46.285088180Z  [2020-09-24T03:46:46Z ERROR dt_instance] Unhandled incoming.
2020-09-24T03:47:16.286542027Z  [2020-09-24T03:47:16Z ERROR dt_instance] Unhandled incoming.
2020-09-24T03:47:46.288529901Z  [2020-09-24T03:47:46Z ERROR dt_instance] Unhandled incoming.
2020-09-24T03:48:16.289955860Z  [2020-09-24T03:48:16Z ERROR dt_instance] Unhandled incoming.
2020-09-24T03:48:46.289750662Z  [2020-09-24T03:48:46Z ERROR dt_instance] Unhandled incoming.
2020-09-24T03:49:16.292379873Z  [2020-09-24T03:49:16Z ERROR dt_instance] Unhandled incoming.
2020-09-24T03:49:46.294247753Z  [2020-09-24T03:49:46Z ERROR dt_instance] Unhandled incoming.
2020-09-24T03:50:16.295004461Z  [2020-09-24T03:50:16Z ERROR dt_instance] Unhandled incoming.
2020-09-24T03:50:46.296344073Z  [2020-09-24T03:50:46Z ERROR dt_instance] Unhandled incoming.
2020-09-24T03:51:16.297484044Z  [2020-09-24T03:51:16Z ERROR dt_instance] Unhandled incoming.
2020-09-24T03:51:46.298067112Z  [2020-09-24T03:51:46Z ERROR dt_instance] Unhandled incoming.
2020-09-24T03:52:16.298940211Z  [2020-09-24T03:52:16Z ERROR dt_instance] Unhandled incoming.
2020-09-24T03:52:46.299769078Z  [2020-09-24T03:52:46Z ERROR dt_instance] Unhandled incoming.
2020-09-24T03:53:16.300938418Z  [2020-09-24T03:53:16Z ERROR dt_instance] Unhandled incoming.
2020-09-24T03:53:46.301959202Z  [2020-09-24T03:53:46Z ERROR dt_instance] Unhandled incoming.
2020-09-24T03:54:16.303037901Z  [2020-09-24T03:54:16Z ERROR dt_instance] Unhandled incoming.
2020-09-24T03:54:46.304490856Z  [2020-09-24T03:54:46Z ERROR dt_instance] Unhandled incoming.
2020-09-24T03:55:16.305606106Z  [2020-09-24T03:55:16Z ERROR dt_instance] Unhandled incoming.
2020-09-24T03:55:46.305920875Z  [2020-09-24T03:55:46Z ERROR dt_instance] Unhandled incoming.
2020-09-24T03:56:16.308752614Z  [2020-09-24T03:56:16Z ERROR dt_instance] Unhandled incoming.
2020-09-24T03:56:46.309547275Z  [2020-09-24T03:56:46Z ERROR dt_instance] Unhandled incoming.
2020-09-24T03:57:16.310864492Z  [2020-09-24T03:57:16Z ERROR dt_instance] Unhandled incoming.
2020-09-24T03:57:46.311582736Z  [2020-09-24T03:57:46Z ERROR dt_instance] Unhandled incoming.
2020-09-24T03:58:16.313309019Z  [2020-09-24T03:58:16Z ERROR dt_instance] Unhandled incoming.
2020-09-24T03:58:46.313214376Z  [2020-09-24T03:58:46Z ERROR dt_instance] Unhandled incoming.
2020-09-24T03:59:16.314716753Z  [2020-09-24T03:59:16Z ERROR dt_instance] Unhandled incoming.
2020-09-24T03:59:46.316267475Z  [2020-09-24T03:59:46Z ERROR dt_instance] Unhandled incoming.
2020-09-24T04:00:16.316728758Z  [2020-09-24T04:00:16Z ERROR dt_instance] Unhandled incoming.
2020-09-24T04:00:46.318365106Z  [2020-09-24T04:00:46Z ERROR dt_instance] Unhandled incoming.
2020-09-24T04:01:16.320318066Z  [2020-09-24T04:01:16Z ERROR dt_instance] Unhandled incoming.
2020-09-24T04:01:46.321491713Z  [2020-09-24T04:01:46Z ERROR dt_instance] Unhandled incoming.
2020-09-24T04:02:16.322591926Z  [2020-09-24T04:02:16Z ERROR dt_instance] Unhandled incoming.
2020-09-24T04:02:46.323193414Z  [2020-09-24T04:02:46Z ERROR dt_instance] Unhandled incoming.
2020-09-24T04:03:16.325183086Z  [2020-09-24T04:03:16Z ERROR dt_instance] Unhandled incoming.
2020-09-24T04:03:46.325109722Z  [2020-09-24T04:03:46Z ERROR dt_instance] Unhandled incoming.
2020-09-24T04:04:16.326730038Z  [2020-09-24T04:04:16Z ERROR dt_instance] Unhandled incoming.
2020-09-24T04:04:46.328206654Z  [2020-09-24T04:04:46Z ERROR dt_instance] Unhandled incoming.
2020-09-24T04:05:16.328166801Z  [2020-09-24T04:05:16Z ERROR dt_instance] Unhandled incoming.
2020-09-24T04:05:46.329619175Z  [2020-09-24T04:05:46Z ERROR dt_instance] Unhandled incoming.
2020-09-24T04:06:16.331317476Z  [2020-09-24T04:06:16Z ERROR dt_instance] Unhandled incoming.
2020-09-24T04:06:46.333208609Z  [2020-09-24T04:06:46Z ERROR dt_instance] Unhandled incoming.
2020-09-24T04:07:16.333393054Z  [2020-09-24T04:07:16Z ERROR dt_instance] Unhandled incoming.
2020-09-24T04:07:46.334181573Z  [2020-09-24T04:07:46Z ERROR dt_instance] Unhandled incoming.
2020-09-24T04:08:16.335036409Z  [2020-09-24T04:08:16Z ERROR dt_instance] Unhandled incoming.
2020-09-24T04:08:46.336834787Z  [2020-09-24T04:08:46Z ERROR dt_instance] Unhandled incoming.
2020-09-24T04:09:16.337733235Z  [2020-09-24T04:09:16Z ERROR dt_instance] Unhandled incoming.
2020-09-24T04:09:46.337960478Z  [2020-09-24T04:09:46Z ERROR dt_instance] Unhandled incoming.
2020-09-24T04:10:16.340390616Z  [2020-09-24T04:10:16Z ERROR dt_instance] Unhandled incoming.
2020-09-24T04:10:46.343619607Z  [2020-09-24T04:10:46Z ERROR dt_instance] Unhandled incoming.
2020-09-24T04:11:16.345545470Z  [2020-09-24T04:11:16Z ERROR dt_instance] Unhandled incoming.
2020-09-24T04:11:46.346605467Z  [2020-09-24T04:11:46Z ERROR dt_instance] Unhandled incoming.
2020-09-24T04:12:16.347254468Z  [2020-09-24T04:12:16Z ERROR dt_instance] Unhandled incoming.
2020-09-24T04:12:46.349149005Z  [2020-09-24T04:12:46Z ERROR dt_instance] Unhandled incoming.
2020-09-24T04:13:16.349845335Z  [2020-09-24T04:13:16Z ERROR dt_instance] Unhandled incoming.
2020-09-24T04:13:46.351247356Z  [2020-09-24T04:13:46Z ERROR dt_instance] Unhandled incoming.
2020-09-24T04:14:16.351850934Z  [2020-09-24T04:14:16Z ERROR dt_instance] Unhandled incoming.
2020-09-24T04:14:46.353158983Z  [2020-09-24T04:14:46Z ERROR dt_instance] Unhandled incoming.
2020-09-24T04:15:16.353199464Z  [2020-09-24T04:15:16Z ERROR dt_instance] Unhandled incoming.
2020-09-24T04:15:46.355227484Z  [2020-09-24T04:15:46Z ERROR dt_instance] Unhandled incoming.
2020-09-24T04:16:16.356423738Z  [2020-09-24T04:16:16Z ERROR dt_instance] Unhandled incoming.
2020-09-24T04:16:46.358410301Z  [2020-09-24T04:16:46Z ERROR dt_instance] Unhandled incoming.
2020-09-24T04:17:16.360589341Z  [2020-09-24T04:17:16Z ERROR dt_instance] Unhandled incoming.
2020-09-24T04:17:46.362251433Z  [2020-09-24T04:17:46Z ERROR dt_instance] Unhandled incoming.
2020-09-24T04:18:16.362888969Z  [2020-09-24T04:18:16Z ERROR dt_instance] Unhandled incoming.
2020-09-24T04:18:46.364237091Z  [2020-09-24T04:18:46Z ERROR dt_instance] Unhandled incoming.
2020-09-24T04:19:16.364735871Z  [2020-09-24T04:19:16Z ERROR dt_instance] Unhandled incoming.
2020-09-24T04:19:46.366399865Z  [2020-09-24T04:19:46Z ERROR dt_instance] Unhandled incoming.
2020-09-24T04:20:16.366434140Z  [2020-09-24T04:20:16Z ERROR dt_instance] Unhandled incoming.
2020-09-24T04:20:46.367993161Z  [2020-09-24T04:20:46Z ERROR dt_instance] Unhandled incoming.
2020-09-24T04:21:16.368227683Z  [2020-09-24T04:21:16Z ERROR dt_instance] Unhandled incoming.
2020-09-24T04:21:46.370621040Z  [2020-09-24T04:21:46Z ERROR dt_instance] Unhandled incoming.
2020-09-24T04:22:16.372044588Z  [2020-09-24T04:22:16Z ERROR dt_instance] Unhandled incoming.
2020-09-24T04:22:46.373153640Z  [2020-09-24T04:22:46Z ERROR dt_instance] Unhandled incoming.
2020-09-24T04:23:16.374271175Z  [2020-09-24T04:23:16Z ERROR dt_instance] Unhandled incoming.
2020-09-24T04:23:46.375388430Z  [2020-09-24T04:23:46Z ERROR dt_instance] Unhandled incoming.
2020-09-24T04:24:16.375954031Z  [2020-09-24T04:24:16Z ERROR dt_instance] Unhandled incoming.
2020-09-24T04:24:46.377740413Z  [2020-09-24T04:24:46Z ERROR dt_instance] Unhandled incoming.
2020-09-24T04:25:16.378368054Z  [2020-09-24T04:25:16Z ERROR dt_instance] Unhandled incoming.
2020-09-24T04:25:46.379781056Z  [2020-09-24T04:25:46Z ERROR dt_instance] Unhandled incoming.
2020-09-24T04:26:16.381667229Z  [2020-09-24T04:26:16Z ERROR dt_instance] Unhandled incoming.
2020-09-24T04:26:46.382821208Z  [2020-09-24T04:26:46Z ERROR dt_instance] Unhandled incoming.
2020-09-24T04:27:16.384478205Z  [2020-09-24T04:27:16Z ERROR dt_instance] Unhandled incoming.
2020-09-24T04:27:46.384868974Z  [2020-09-24T04:27:46Z ERROR dt_instance] Unhandled incoming.
2020-09-24T04:28:16.385957806Z  [2020-09-24T04:28:16Z ERROR dt_instance] Unhandled incoming.
2020-09-24T04:28:46.386883074Z  [2020-09-24T04:28:46Z ERROR dt_instance] Unhandled incoming.
2020-09-24T04:29:16.388301215Z  [2020-09-24T04:29:16Z ERROR dt_instance] Unhandled incoming.
2020-09-24T04:29:46.388207789Z  [2020-09-24T04:29:46Z ERROR dt_instance] Unhandled incoming.
2020-09-24T04:30:16.390222858Z  [2020-09-24T04:30:16Z ERROR dt_instance] Unhandled incoming.
2020-09-24T04:30:46.391971584Z  [2020-09-24T04:30:46Z ERROR dt_instance] Unhandled incoming.
2020-09-24T04:31:16.392646471Z  [2020-09-24T04:31:16Z ERROR dt_instance] Unhandled incoming.
2020-09-24T04:31:46.393924600Z  [2020-09-24T04:31:46Z ERROR dt_instance] Unhandled incoming.
2020-09-24T04:32:16.394623385Z  [2020-09-24T04:32:16Z ERROR dt_instance] Unhandled incoming.
2020-09-24T04:32:46.395014428Z  [2020-09-24T04:32:46Z ERROR dt_instance] Unhandled incoming.
2020-09-24T04:33:16.396925674Z  [2020-09-24T04:33:16Z ERROR dt_instance] Unhandled incoming.
2020-09-24T04:33:46.398541117Z  [2020-09-24T04:33:46Z ERROR dt_instance] Unhandled incoming.
2020-09-24T04:34:16.398938541Z  [2020-09-24T04:34:16Z ERROR dt_instance] Unhandled incoming.
2020-09-24T04:34:46.400652315Z  [2020-09-24T04:34:46Z ERROR dt_instance] Unhandled incoming.
2020-09-24T04:35:16.402465892Z  [2020-09-24T04:35:16Z ERROR dt_instance] Unhandled incoming.
2020-09-24T04:35:46.403050744Z  [2020-09-24T04:35:46Z ERROR dt_instance] Unhandled incoming.
2020-09-24T04:36:16.405260588Z  [2020-09-24T04:36:16Z ERROR dt_instance] Unhandled incoming.
2020-09-24T04:36:46.406582215Z  [2020-09-24T04:36:46Z ERROR dt_instance] Unhandled incoming.
2020-09-24T04:37:16.408363749Z  [2020-09-24T04:37:16Z ERROR dt_instance] Unhandled incoming.
2020-09-24T04:37:46.409815355Z  [2020-09-24T04:37:46Z ERROR dt_instance] Unhandled incoming.
2020-09-24T04:38:16.410852717Z  [2020-09-24T04:38:16Z ERROR dt_instance] Unhandled incoming.
2020-09-24T04:38:46.411913434Z  [2020-09-24T04:38:46Z ERROR dt_instance] Unhandled incoming.
2020-09-24T04:39:16.412913656Z  [2020-09-24T04:39:16Z ERROR dt_instance] Unhandled incoming.
2020-09-24T04:39:46.413687520Z  [2020-09-24T04:39:46Z ERROR dt_instance] Unhandled incoming.
2020-09-24T04:40:16.414652743Z  [2020-09-24T04:40:16Z ERROR dt_instance] Unhandled incoming.
2020-09-24T04:40:46.415531954Z  [2020-09-24T04:40:46Z ERROR dt_instance] Unhandled incoming.
2020-09-24T04:41:16.415998128Z  [2020-09-24T04:41:16Z ERROR dt_instance] Unhandled incoming.
2020-09-24T04:41:46.418691136Z  [2020-09-24T04:41:46Z ERROR dt_instance] Unhandled incoming.
2020-09-24T04:42:16.420814660Z  [2020-09-24T04:42:16Z ERROR dt_instance] Unhandled incoming.
2020-09-24T04:42:46.421060214Z  [2020-09-24T04:42:46Z ERROR dt_instance] Unhandled incoming.
2020-09-24T04:43:16.424408523Z  [2020-09-24T04:43:16Z ERROR dt_instance] Unhandled incoming.
2020-09-24T04:43:46.424906458Z  [2020-09-24T04:43:46Z ERROR dt_instance] Unhandled incoming.
