2020-09-15T00:28:11.957018537Z 0 lxHWCwPq7ZMMlheGWtkRHsXZvfk16wSZQe3jNMnIlFkinlQntu1Rb1A0pUex1N
2020-09-15T00:28:12.023487066Z 1 a5KcoBKEyt7iBxP04zjcteGtU1OzySXOouSDZrMazKwadlQgXhOOhn0Wa2loJ1
2020-09-15T00:28:12.089148609Z 2 aVoXsQBMCxCW9392qGBRYbCYq7ZjaH4Y0KJMxPurF5uKECLOYeY60OcymyvyYB
2020-09-15T00:28:12.155957404Z 3 1jvd1LYsSVO9TcaS3YDhe1ii7zZqUswdpui7Fnd1B1Y6DOM71sdN44WP18WW5Y
2020-09-15T00:28:12.221736982Z 4 3ftcR8JhgwebXeoD7l1MlxjD1QIS7o3lTe8nCN1ZU89ewFRJxTLtcuvjz7ECk6
2020-09-15T00:28:12.287540643Z 5 6hsLkRxGUNtTB0fBYy4fSTz0Gl7tuuBaqPfr1Fse16wyGA8w8lhlZpqidtVsed
2020-09-15T00:28:12.353660459Z 6 zGHWLAVUnm7dRQZhq2gYPYQfeFH0QH8c2bNjWCS2kGU1Q5P1eIcb1a0rAEnk6Q
2020-09-15T00:28:12.421232668Z 7 auidYEES7a56qd0lfIv1AKSLKncht5kQuFwzj9cjjYrrTAF3lUxKkdcmzP6593
2020-09-15T00:28:12.487413945Z 8 543buB5Lbfkhs0blAgtnAOmJAvq9MTM3obo8wS6alFgEBLy58ISCiaet9yVRuA
2020-09-15T00:28:12.554338902Z 9 jxMQQGCHyOVSDqxhtzqIzXBLuX3fD5oW4jtVZqLNYe1Qzt28mFSbnJ8q1sDCWo
2020-09-15T00:28:12.620917073Z 10 wf6p9qCYjxqXqdpTwprBAtEXMZvZinzPwKxa6Z4cdsL8cU8f4raDwatjcYF6D
2020-09-15T00:28:12.687068974Z 11 af6FWTUu85AgWBSWsWmtdAZxLZTjkjnFZkbKucpBYpZX9OeFHg5TDftM8fkqB
2020-09-15T00:28:12.753703991Z 12 dHN0Ro2zeMzwqEr6IysJz3byY4nYJVHQN2A1dswqSuPeVaYfhaCEiB92MTvI4
2020-09-15T00:28:12.819794539Z 13 hVCj2lLxQp5Fa5frIV82VqpqCAIIqdEjsLTGRFPxjKEcB2avsGuqsulTuaEAM
2020-09-15T00:28:12.886376918Z 14 ZYf5CmlVFqG5kFJlIaCBVafzcqye9NNUuT9eY8Xcs7EyrjHp2WLOYvvOC4IkH
2020-09-15T00:28:12.952754583Z 15 seP5EI1DbpAIRAu5R2QVEBgBDNVlBbJwUExQ72uqjCTF1XbvYhigwvDa7XRZA
2020-09-15T00:28:13.018777033Z 16 oGOJOOrHDXCRrzRd7mybUwFCTzdsrgaIqOwWdPWKS3PRC5nv7XN8d3Pt76jKF
2020-09-15T00:28:13.084962016Z 17 vEIvPfq67wHTYvruy7Pf91igqzLDuMax065OSIikmBh3WMN7y44k7fex2GSMd
2020-09-15T00:28:13.151011967Z 18 58rzfBgkQEvAg09cSqQ7bN5jahhOZDbuHpm1wR65UuInd5PKRknCqvBRaepwn
2020-09-15T00:28:13.216985535Z 19 ZSGWwafO6lMnqGNr3UGVqO1acm6V5jEbStoizviTRQTDbnDQ5mYGGIw7JoqgP
2020-09-15T00:28:13.283113727Z 20 SvD2MBfHBuFDqUsDyfjsfd06DMad1JH5h3ciT64qMKDnRQWJBVCrVVqOQsmRp
2020-09-15T00:28:13.349310481Z 21 uK2BFiPhPPUMxnR0VBGXpoptq2z78Zm61DFWXfLLddoFL3s9AT0LJ74BJ9LqX
2020-09-15T00:28:13.415500766Z 22 wmIxUxdJhoXK1iX5vKICrMxpdkGPiutj5JXxZXgatyeCmbFxbZ6iGqObwaqhB
2020-09-15T00:28:13.480924608Z 23 SwGR4JG9Ex1d6l73mN7b0cl0oxU57uGCPZlkNfh9OFfZlAw628d206dW7Hwnd
2020-09-15T00:28:13.547018420Z 24 1QVX8Gx2Ny9rsPCw3VtE6oSKXwfi2E8XX5Hn6OaWjc3kuPkbbJa7T93nOQW9A
2020-09-15T00:28:13.613734416Z 25 vh1LueAaadA4WwWopR5ZJ25f4A8ICnwwKSOp7Sgx7I6JoOkI0UW48XshIcn6Y
2020-09-15T00:28:13.680799739Z 26 xTdH2wJtoCtvM4YLFbQCjLmPYXYGJwR4trZMEBq0BYrL7Nzlxvoj8u3VHV34i
2020-09-15T00:28:13.746270473Z 27 RspncZDvX03FPq9c6DqcGRGoCsJ482PZM5BDOIKoDaEo5YZI7Ihgtwu0LVI0C
2020-09-15T00:28:13.811768925Z 28 fasSPLdEQAvx0WlUInnGzlqYsYLbBtmYgFBVGAsyPeXoDnKBUIbLckTOkmaE6
2020-09-15T00:28:13.879047385Z 29 an3B86EPRP1N39qvXygYDOWON6Koy7gKIqU24t5niy4ZPPuCd2FWrshWd0riX
2020-09-15T00:28:13.946102856Z 30 hpmhtFxYckQduhRZgfhsJjbMllgs7Iud2XqywrBSbdUCZTKYwmX7EHOhQ6i9g
2020-09-15T00:28:14.012279065Z 31 MC50J6E5n2NEoOPyJoiAN8FIDNToDS3OsYox52iHuxRVsA3vnvVAd5puJu2Xw
2020-09-15T00:28:14.077954015Z 32 3954IHtHqGiUztgNYRkm9BAbTPL6fDCqpzkjYFT2Hu5L8YuevzgDI6CvM87jT
2020-09-15T00:28:14.144106854Z 33 6RLMynQ3PU8kv0ToD2hZ9BOAOKgJZ1FZZx5meKxcj5YBnRO55hWGXS15gk8gU
2020-09-15T00:28:14.209864617Z 34 ZZlhfuRhoXvHvADCGoPtFrSCuorI61zx0ZsltpVr1f4dTvBlrMxrst3B5vUhU
2020-09-15T00:28:14.276735847Z 35 iup5RYyClUfWYWE73pwBe6JH04jmK6C6FuR4laofHm9J3tGZznfWbNvzBzTqQ
2020-09-15T00:28:14.343470392Z 36 V4V97LUIDgt3wAJVS6ApQyiAxb6I6p9W47IcotX59sAuhMjIi5Q1n8hpMNM2P
2020-09-15T00:28:14.409128704Z 37 fAFjPHf1LwW6IWzMsNcVJCRmRi86UbKfM2TTDzgHW03wkg2PjwfJkIQNASwf7
2020-09-15T00:28:14.475711701Z 38 munNMMCH3lGrfHkkrnMq6qgkvdW9TbMUtdQjuOR2bnMvIqjn5KI7wQ6b46TnK
2020-09-15T00:28:14.542855291Z 39 TMZMg8aZBSjl4asa6rjYPcQWEPiph7cN7ky10cpScNtYWw8qG5pjw8cc8Gc0a
2020-09-15T00:28:14.609340923Z 40 bnP5llq1G8eLgaX9wL6ZbbRZBcvUuI19pHjSnq3DG7QCZ1x6lkCbkmYZSCdtG
2020-09-15T00:28:14.675235034Z 41 gKOWysOIzXn82PEM6BHhkokHoiioKhRXq0n3Qiz6Za4hX7b9ciqcYhiBTyU6r
2020-09-15T00:28:14.741488311Z 42 ckeq9wAzz2u9YwaxRrITv00zItJadP4ubNOHEIeAwSwvIYzOFp6AZDPrWwzwA
2020-09-15T00:28:14.808217768Z 43 CZcFg9skqidX8V7RyFI2leVEHbgegYO93bTT7iRWqoHzsAnPAi23EcvRAH2wi
2020-09-15T00:28:14.874190941Z 44 GT9UoBCchvG3DvXvqPIB8vq4w5Nk7hgphfra4j9OHBpDgl5zFmCsgznbXqFQi
2020-09-15T00:28:14.940651997Z 45 mu0c6VqUFf4rchLAawROqCYOli2XYWndAG0bC2v0odhdhsMyHHVYX1NVZHWgE
2020-09-15T00:28:15.007505373Z 46 1g5Z5fldL6aACbo5cNJtYFP2AC7QJHvTLV7vSJg1GROIDBzpmBFkiVHzHC8YJ
2020-09-15T00:28:15.073868169Z 47 N8fNIRg40vLjEsGCJwO28FkMPuIQXlxvj6JxblVdaI0lUvK9gkTcx9AcYBduT
2020-09-15T00:28:15.140793384Z 48 v7GtV38A01LHIumhK6Fe2bLeRgWjnhvMXyUPogtp0dhdABV540PRfccHWUmLk
2020-09-15T00:28:15.207617387Z 49 3lPeyrEpKYc9QKxFngpwaK6tE4ZxKnV03pazYM1tPSK9xOpPqIwLZQpY1SnIL
2020-09-15T00:28:15.274541630Z 50 Q4IqOF0bZD5uucZR5mgif3QKidTSLqtfsH6ZmKxiFkphbpqKhyttUjbfLpc5C
2020-09-15T00:28:15.340532776Z 51 mH5dlWM8UKoOmBXNV9NuwLnEwEqGUaJxeDNsEXsT7CTa2XW9biUlztR1Jscdd
2020-09-15T00:28:15.406546285Z 52 ilXLe2Bd95ZF1LYaK3HGOJNxOy1kztHizMBlhVGU4z8sduiDK5Yzbmk9lDfhS
2020-09-15T00:28:15.473623891Z 53 dp49RVGl1SAzVhszV2gMzl9wtSYT1U4p1pXR6QfXuc2yveR9PgCQPHmeWIB3d
2020-09-15T00:28:15.540693579Z 54 Qn6ZTn9ZC2zVt6JGvLBFA3wgzc1yz67JDOqwuVmEUREKcpx9P4jbvEbv3N8tz
2020-09-15T00:28:15.606858349Z 55 0y9JqGHEcMWMzS63xunwInte5NAJXqakkvTDIx5V8u7wMKdSJ1MVG5bU5gYFw
2020-09-15T00:28:15.673447564Z 56 69sitNhDbkJW7ByO9Mwf8o3jWAA82NpPrHD5uIig1DOLQITipcrp5QmAQ5N5B
2020-09-15T00:28:15.739813137Z 57 aHuRQWNcjaA8kzg7HYitUXkeXxlLpfoftw7LBMf2XJ0TkWO4B07yMvxbWn9Rb
2020-09-15T00:28:15.806199570Z 58 ZH98dCeQWSf239HHXbPQCIWKJEns3cYYWtfzyylZ8L1sELXWjgIv7eeP2bSav
2020-09-15T00:28:15.872084878Z 59 eDhIllcQDzzsHeEp3TmW7pWAJ5eAfp7mbClEY6KjW6pC2yyOVlZs0WwGNTEFj
2020-09-15T00:28:15.938603323Z 60 XmPU0BFh16dkOi4mcX5esZ4FDEblMci2Pyj0lVcKKnklBiXGmqbPOxIfUXoVH
2020-09-15T00:28:16.005742324Z 61 gRD5vPz1k7bjjxnGAhiQkKqoFnUatoVylQEhvAg2fscnCVYKaSpIMO0pCloHs
2020-09-15T00:28:16.072512565Z 62 ddeORQJdbJTgMIRxRAtoropZTKti0aNrEjV1cjwYLCMLTaEShgcfGygxeKqdf
2020-09-15T00:28:16.138632882Z 63 sWXiJiD2WciSbsFdhEtZnuZYGe6OuNOchJJDdzk5YbTQE1zFWQ3HN4FSELO9q
2020-09-15T00:28:16.204528627Z 64 MexXLEP8nnV1h0ykZLVO7zatntfFbyb5ZTXj4cAQ6EoQlyWWZ2NSOVT8T8zYl
2020-09-15T00:28:16.270443302Z 65 humbLWNXfEqCakbGBIyTUuUJ5sPubW8Znyj3wzxQ7DirFg8xL4bXT7FnTmzFI
2020-09-15T00:28:16.336636155Z 66 CsTOGaxVcA6rHrwyQb3aMpjEAkNMzXvvbqh6hBrPhGghUuinif0gboXvkmNST
2020-09-15T00:28:16.403500048Z 67 1tFbR5KoE3I3ep7ikEzYn4aouV7kbQ7u8z1DfFdh6kUvAsSRcAW9qXulRabDW
2020-09-15T00:28:16.469489202Z 68 OJ3pS0CneplTCQUhMwRFWQLvWQOnbv5LF2vz1HL6sxleBigtzZR4ckV2UZ8Mt
2020-09-15T00:28:16.535196192Z 69 dSTbKnhbPc59Bm5A1AsgD90CJyxlMyDghA8ni7vGDvGAwhkmuQDXpLkbjLF1I
2020-09-15T00:28:16.601429696Z 70 7az1e5RsgsVSYCzRu1tSgE5e6LHoaxB1VyzAsMfK5kTOThHbaAXa4J5GqZF95
2020-09-15T00:28:16.666718420Z 71 ewYEbweyqZl5b0eF2tniAbDhhr9aA8M7ueNIeQSAbR2DCoLWmN5ejCP2mTJgu
2020-09-15T00:28:16.733387139Z 72 KkMzlkvTgUhmszOzliFprbLcGe6mKPjoCc36UkzWvWJFpYOmBIU6tQX3HLJxz
2020-09-15T00:28:16.800474742Z 73 E59LD5BlV3PYIrzC4uUoUE3t3MCOvGTWTXo32iq8mETQeNENZIvVobiciX3yd
2020-09-15T00:28:16.866650285Z 74 S5DoInmbQFCSH8CNISQmSvlYWwKaMftSkCvFMgiZ6IMUvAxefSba6WHkLXt5U
2020-09-15T00:28:16.933336276Z 75 3lR80eh8bCMhlk9zob1FH9bxK4mU62bguyepKi9hWHTuNaG6q9oLcOef58dgq
2020-09-15T00:28:16.999492010Z 76 Mzq4iRovnthw3EBOzJ0utkbwSVIX4RKBboTCC4SIGo6GGReiaHyKgs9ssW4cP
2020-09-15T00:28:17.066003283Z 77 f0yasP2qnEAim5PoSQdXtEZ3vGsJDOcCCwUhKaVgfxC7ePUd0iwpVyDRfi7UF
2020-09-15T00:28:17.132286873Z 78 SgwgxWBdEwvRSdMN4zfzDXTy2wGB35knBDVAkqNsITn8Jw45G4Vst4kvtRUEH
2020-09-15T00:28:17.198431442Z 79 2o44Ah7Z4xAB4GsOlFHhy3MfN6wo0yE7iadTYp5fMaBSfMaI8b5mpdd6CiRzb
2020-09-15T00:28:17.264016680Z 80 OCvkmlUmjqims045VVbOamaHmm9gfYcLnKb9E00oH3XKm14xCHy4SoBFEc7m0
2020-09-15T00:28:17.330733457Z 81 F84haulAdY7uKLGv9Ld66C79xB8ZNSFts7WLaTaaKK12I7e8eS2GTxRFASgOL
2020-09-15T00:28:17.395916984Z 82 s5pbAfYPvmmSkpbuROrADsD159zNdI67D3IVR1tREo0Mc7sTa94jGZDkTm6ta
2020-09-15T00:28:17.462347999Z 83 DiZlwLV5qmKw9OFBjY7SonwmWy9oFGw2GVeU8QkoKXdaMVRtdGgkIEJaYiah0
2020-09-15T00:28:17.528426565Z 84 YNlkKMnnD2U4mh6Kz8FgkZtV0O7pOVZB2ZehxjTyZxX2aYhGkoFyjQxcdHkjd
2020-09-15T00:28:17.594687281Z 85 a5uTQU7vbik3kHmscFhJbLd3Qsbaj7s9P3cLeBdpwdddQRqCsqOqpMcAaCB9X
2020-09-15T00:28:17.660989692Z 86 jtrdT9xmwGBajweiVl4rCInTO7NBxCcfZV02G0uJo5qam3eKK2TRvEWl3JUKk
2020-09-15T00:28:17.727020525Z 87 OyEnAklMSGLQGCufQuniT7W3uFp2HXodD4qS1GYyZ9jPPtNP7mvKSBFO8bRg4
2020-09-15T00:28:17.793628931Z 88 tdDdj4Jv1s3E1ISXl6NH4yMvszWuXep3iRc1qUdyBfYbaU0iQSS4uuBrggKrH
2020-09-15T00:28:17.860688143Z 89 9NRJp6Y2xlcf0jW2LNWtEQvX4UUMgHsPa0KuPy1tESmB71Xc63FFR2xsKP3h3
2020-09-15T00:28:17.927583695Z 90 YXsr2D4aORlTvGY285Zi9XCvVXBdipHuKblIYi2mrdDqueRl5JpTPpY5p33ZA
2020-09-15T00:28:17.994342492Z 91 de3pfgCI2Xo7vUyEYwsSON8kor1aiHFGtwxusICF3XlX8ljwVZPoNe8KEMN47
2020-09-15T00:28:18.060493984Z 92 bP4rtRw5ZTQV1RlNV1xZGMBmxAWcqMkeb1FqY0QZYIli7NJetfXiyeGmRCVbc
2020-09-15T00:28:18.127390170Z 93 O0wXGa8C2wsGRDJRkHZv8p7OdBbko5ZIyj3oVOi5uvYNg4Y61IdZWVyazWl5Z
2020-09-15T00:28:18.194366225Z 94 NT4GGfVmxMam3HJY19PYg6uPtXGpujlG1sduahFBEyzkEchJB6cDfnbT6w4rG
2020-09-15T00:28:18.260680785Z 95 kYVH9TvlzLRPVPYIYoRFDjEL6paau4WtKDu9CeTx8whBCz69MPT6RDiufjZEm
2020-09-15T00:28:18.328016910Z 96 ncKIlLIhpdpGqyPr8mjhIaFk6ylp6qIIZ3t2cDH2tnysfV0vyKtPvHd5c9kww
2020-09-15T00:28:18.395462494Z 97 rte0UrgjMTKHwicYB2fdO8AHW18EdX46PvDaKewPIxm657syvGbRDBMaPokxV
2020-09-15T00:28:18.461704422Z 98 WiTzW4vPDeP9bj8CoupjO5FKJj3i2KBrsP5B2wQ7yHrIrGOB2lo83oPSepcwJ
2020-09-15T00:28:18.528639394Z 99 5WKWsd16eIyGHIkMIEfiUtGVmgA44qbQ1ARQCxgnYXY8nrVJB9mVgGTppIzez
2020-09-15T00:28:18.595404526Z 100 BZmcyqaTYhqFLdfQITSq2l8AwgTbDoOnSsrx6wkEtSobDr2alvFWKkkSKA5Q
2020-09-15T00:28:18.661675986Z 101 3exuHlKATnlizaUIgE5PMwNwlkuNtfUmkINEfVVIONLDr4MNrFl4iDruOSHS
2020-09-15T00:28:18.728460567Z 102 odMDOIATgFr8dXcpU7QzBpAei233BXvPnXo7klMZaZttzaWsUyH0M0uVVZFg
2020-09-15T00:28:18.795465256Z 103 2iv8onxO3Pq8jUpKbqM3a8cI3NnD3QdxcmNUFxLmYHCOCBceBC6K81QNsU9D
2020-09-15T00:28:18.861266237Z 104 6ymipJp1ASRIHXBVVRxuSdBtNfnuT7iYwy4JkRIyAmk7nU0412gfN1vR30Vd
2020-09-15T00:28:18.927397571Z 105 SEFbTNok1qOoosbbhEALlm1BLo39QpHQlrigVKmq9qiCDwoCL7ep8DESLHIO
2020-09-15T00:28:18.993385448Z 106 Dkzo9jFXgyO2mobue4MCXoU4OKmcyug5mZQhusQFznQdbjaL9FZ8XAEV6mWm
2020-09-15T00:28:19.059445957Z 107 b7TI3SpjpmC397Nrq0FnZjDhAKKjx82IyPjPoCFdDKchzKQBbOGqcg8QXnfO
2020-09-15T00:28:19.125575895Z 108 up7JQFTg4sa6taHTDoSE2eh0JhZt9BPkWKMgmODVDnnxkRaEwh4Zk1gFabAY
2020-09-15T00:28:19.191375060Z 109 J2pK0jfxB4QwNbU2GjhzClmU9nn6r8gx2tBngXegQxVPmHzEMMLtfuhbbWLE
2020-09-15T00:28:19.257727573Z 110 zSPq3Qso6mxpte6tQc84TtLeGmKWofBOySZvRpNX0mbrXCazTvqpeNLfcO72
2020-09-15T00:28:19.324671280Z 111 NkczDVOYRT0dtcP2IVvKdIlEnuQkBAdSFe0yBupIwoGNKndp0S15CU82JwmC
2020-09-15T00:28:19.390916226Z 112 JLJCaPpDHsF8rQ0rut79i3ByBWNRpwkX4JBqi3CVe0mI7oWTBmjoeuATZ4PR
2020-09-15T00:28:19.457145301Z 113 vn6VUJqnm816ujfv0JEyYoGX6VhTWeHiE5aGjqBaKjIMCT9fe7aULsqhu87Q
2020-09-15T00:28:19.523329165Z 114 NBXBhM626n4ST4CSCxR54H9fBCax1NRpawLTbIZepHdCwkk5lXY8GZF54egn
2020-09-15T00:28:19.588953402Z 115 mHCnqnyJIBpPeSzro8UEy4H6XUPJlc9u2Nbkk8VRxX30240GdWYhtZZydrMX
2020-09-15T00:28:19.655920832Z 116 DGzi5B2T6JFo7zao7MK57irAtCrSxTd3O8y1pq4oUvT7L1JDs61BVcge7BLC
2020-09-15T00:28:19.722854252Z 117 jpvgrSy6iBfUKSlZ0mRtfh7LalzizOC4oZkXyy02m7LzHBHbDLCYSP2pRDNZ
2020-09-15T00:28:19.788853315Z 118 pfO9QWBg6tSDdDl9IlRo5PcMbG8KfScYJcFkE1SOrTHgApHAmpcy6tArGD4a
2020-09-15T00:28:19.855659449Z 119 vHlt9b43geHExAiZcmF57FNLfC7vvrpVyLn4lGia0IBJwvZ5qCMvyqxC5Fuf
2020-09-15T00:28:19.921939920Z 120 xsKkBtDqy6vCni2mf8OqUTjLKX4lnBK9wXzdEkwD22YMZwbaYA9KcWaslXps
2020-09-15T00:28:19.987940676Z 121 4wXA65SuOWCyRalRiGeg0j8RKejfXhacbcPuShEUwW1qJqOHZEq4jNqn3knj
2020-09-15T00:28:20.054529826Z 122 eSp7SzSteBL3v55RQ53i6NLc4WLNqpwDyHcf0iSV3BebtTWbqF92OdCn38Ed
2020-09-15T00:28:20.120225335Z 123 4EEHdNdrkjTvzfM62fKKKVWdUuBgu9q0GAsVkMH8xi6yD7IhfXvZwRpp68lu
2020-09-15T00:28:20.186940118Z 124 H6wCGFJFe4v1wx76OfEr99ft6wWPIKuMxonf9ErXO56L8Onjx7sFy2VavSzH
2020-09-15T00:28:20.252938367Z 125 QkHmC5cP2kfb50A6Napg5GxYpCCwRokPgJGALCPh7c7hBCmtsSbnCZ1AqtEu
2020-09-15T00:28:20.318832895Z 126 rYe1cmV0kBA4MoSH4KWNXgTPboME0pAiUZbOBfSZtAOV5K9jbgT6yXx64puY
2020-09-15T00:28:20.385397438Z 127 pHj61kBZfDaHybyzPtXNhYA23KzVNWgb3dvkBzKJic8HBxb7SOhET1CtHgrN
2020-09-15T00:28:20.452026506Z 128 KC7m1rckc7NvgpKqbV1FsPDawBJpAYvviCGKutqufsu3mdPXLIDIpMpQbJ36
2020-09-15T00:28:20.517778936Z 129 M4E5Ij7CgjL8evMAK09eWKG5PDLjvjMCWs7h4QTHdF2ESwdCSIFnO8Oedta9
2020-09-15T00:28:20.583927102Z 130 Q7A1e8Lh6g0pdJTrVbYeWY106XNXsOatIlUZmknw1KC3mjk4n2dRPFSlUkOR
2020-09-15T00:28:20.649838919Z 131 ALomYkxcqVBPSU534ccpLEIiAx4EhuWwufWO4nYcCOlyfjr5lbFBp0kwYb7r
2020-09-15T00:28:20.716018953Z 132 VDwNyBnYYPQpF1NHifzBV5DJWp7PYFDB5YqtKbZFQ9tUIqV2Xuisqz08xyWF
2020-09-15T00:28:20.782658285Z 133 Jq2MytfwLNOPzv2BXjiR2FE1TZc3fbESEftFfYAaNvPZyJuwXjcMln0SIGa2
2020-09-15T00:28:20.848904498Z 134 eiLJC0Uquz3LOYRkhvz5SMNRc1hJE4B7EF8zNLk85iQv2kGPStMCvR7WyTKf
2020-09-15T00:28:20.915517110Z 135 MPprUQMn4j5v4TdYoz1FdDVtm4mGQ7IJHCBHOtRpBVkFiibmIgHY1lo3u3UP
2020-09-15T00:28:20.982302483Z 136 fDw2EmVUsrWXMUBqe8xxK6CdmmKVqqzAtH5Ib7ocAZnYl42wBLNKDZJTgnYv
2020-09-15T00:28:21.048308398Z 137 DhGcrPA7iVCB6mF8Os05ybVkMdavXdZiRIkmflL89cSgWrSqoMkAdu9lTZ5C
2020-09-15T00:28:21.114131848Z 138 27LkkFbl1L47YdJ10vVjkAJVwYhtKLSeOVChfUinvICGUt6rbyNCuOJkFRV5
2020-09-15T00:28:21.180209895Z 139 3qlbXoBLhWxJj8tAUi6HSrLFUM7CPZ1pyimhHj2Aov9Lkm5OkvT1RGkA6I1r
2020-09-15T00:28:21.246020938Z 140 HYT3xjGSdHXuS52uGXrpuS7wKj1CCowARCfqEQZmtAM3Cvrzh3Spq5lHJXOb
2020-09-15T00:28:21.312457079Z 141 01D4Ppep4Srn43akwTTcmExEOMyoVCoFFEHoPRaKLcIA1IN5HEwVc0Kdxsp1
2020-09-15T00:28:21.378629988Z 142 Pj6tgXQumjnHwc3wQMqSWDuMomZigCjIRFzhwesDQRQvCQA3et7DYO25EzCt
2020-09-15T00:28:21.444975912Z 143 2OQzRV33O5KsMG0uAN17NFkx09sxeinZdJqGGxVGVA0UTagEivTYz1u3aFzF
2020-09-15T00:28:21.511843939Z 144 GBAXnzMUuuEK1BpFw6fAR3R6DySD5mDJ9yvUTNFIr9PIcWMkbXN2MhjNmVpz
2020-09-15T00:28:21.578964953Z 145 tZ4Cnm1IMl9AcZhJ86e7SSjb0w8p60BzYMUv1JhP7v1uGjGwUIfOCPPJYp2B
2020-09-15T00:28:21.645656596Z 146 fmDy6v0VkpKGg28s2h5LHYkB8w1SPJDgzZDcn7MVOrcRBNjOhf2uRYRA6eD6
2020-09-15T00:28:21.711480260Z 147 6F8QyFFNYA0qpnmcZIl0hfPRHiMwD60KpKAL0IEzNYbnYOYrFGDd6CG8y3Tn
2020-09-15T00:28:21.777492129Z 148 72grl4UCaC2QYT1D1A9gvyfRgrcUcSJertc1AfVdOsvAZ7uchlq9B7RQsUVS
2020-09-15T00:28:21.843108854Z 149 ItwGzETqKsbDWjci2aw5Rw0mjF2UFaj6xxlXhRMxsj6yIpfcz9zBUkqc3d4S
2020-09-15T00:28:21.909164453Z 150 F1VWIPgRT5j4xTPf0I5nAwsSYh5dEti2WRaKP1c126vo9964zr4mtm74Lu07
2020-09-15T00:28:21.974915762Z 151 vAPnukgcLE47OQ362w76y5Nt6a6yUWwMEoeDkIPIRuZSK5aoCRWmyAurMOfy
2020-09-15T00:28:22.041677142Z 152 OAtCJxT8ehasmMSLSiF2L6j2su6szzo53HBOcgrkQuyox9ddyRYollKHazT0
2020-09-15T00:28:22.108437334Z 153 c7ktudpefHrhAnCdAOpw50QmlVD7Bza91CYtLECj0FDRcyzIn2rYaIQtbRGk
2020-09-15T00:28:22.174736442Z 154 k0PBpqytzkiogkg9I4t5vksGMOL4mcoabuAzTedsa0FNvT8PqdcmT7VL9lRf
2020-09-15T00:28:22.240837206Z 155 VPFEsaZSZgF4Vl8f9xLzcfwvXD7M6IGJEViQYPgZqBwed03VhWs9SsmNaADx
2020-09-15T00:28:22.307683727Z 156 CLSq4uW5ldqCuqRADP66f98nHVEBe1CdDUH7pCbnjbkB6tEiwapxHixxYCKX
2020-09-15T00:28:22.374744208Z 157 nYMMKzhKGWdWpx1BLgrqRQ0UP6XzhAt4sCMmcMcgVNSGXbkSwPuAlNVSPHs2
2020-09-15T00:28:22.441512353Z 158 zPlfHSLXRtJVAu122m5U5Mm9ZgtttqcpH81QgnRv3bsuZldq5yOLHQ2J4BCu
2020-09-15T00:28:22.507390989Z 159 dHfvxVBkMwGSbpHAapcl2UEysFeWPhbPIP2hw5KyWCRIK9hRfhOXsQ3FXatJ
2020-09-15T00:28:22.573375356Z 160 24YctL3sYAIG1rrmvq8tDqm3kbais3JyMHeJRzS6EzR6jr7Ly8lidW2Hn3Cz
2020-09-15T00:28:22.639332937Z 161 EENOnC20lykl8pGXY2D5BQnXf0uJXWsU8MSNZ0fZN1HoOjPvRPDuZKakClWF
2020-09-15T00:28:22.704931134Z 162 iIRCK36TrM21YLrR32EIml3t5ucTkGcmFE8Ci7KMqo1Gb98V8O9KIzBdJv5S
2020-09-15T00:28:22.771062905Z 163 aozSZLHgaQuThzlIYQ35kUqGHzdyIcjse94AUfLdQG9uUkyvCTmvITiyvH5c
2020-09-15T00:28:22.837723357Z 164 CcnElo7D1l59JJhbG6FRQIBpAKLtEQYEm9rNlJRoEIrY6Z7n39JukLXbD64V
2020-09-15T00:28:22.904380418Z 165 ktEm0QbTf6xBaFSspDRkhscxccinZDe5PQkdVoRxbZeS2XFsscQB9NN0hfTo
2020-09-15T00:28:22.970516307Z 166 8r8nIGDh2CCcfnxfhhOC4dn3OFV8vocnOeJ2NvND6UZodEcKTgckdPFboGQy
2020-09-15T00:28:23.037450443Z 167 LJ1tHA5yteUd3t1iEAnvghxwe03r5oufjFlMuk2cRzC65xZIuGacosr2ojvT
2020-09-15T00:28:23.103034730Z 168 F5xu2kjFbaPpd6rH0nSrjbNSIo1BsJcX7YnKzRFokVmmrsq8EBhRFqbpJus7
2020-09-15T00:28:23.169353146Z 169 yMUGL8tGugBaxGyiKdB5iGfXPSSb1sub4XHI2f35oLc9cZOHyarM3cPJSMYm
2020-09-15T00:28:23.235053217Z 170 xqc3oNO75ybFrBrkgvAy3FdHLb8Q7xdglffC8P9MrNWvi1XuHIaV0zePdxcC
2020-09-15T00:28:23.301110526Z 171 v54nTL5uajX1X6xu7W5WAKdQe3UnG9t94Q9JrkhctagCVLH39hxSTUyiQT0j
2020-09-15T00:28:23.367390594Z 172 9J87ifrZFbN1kjYwJSwqEDXLOPnjDjyViqiAHZK2IjzWOPdNXM0zA8DsFmad
2020-09-15T00:28:23.433302932Z 173 smHMbO8nb0sti8LYN5aasT86RszADZmKc5wQEml5yGnzRQ1gt49UvG3rBYmX
2020-09-15T00:28:23.498881353Z 174 53MCOfu3cQqlMMsdDxnoNp7hoPYEfifoFOiSc0mRjXz53GOs49eLkdS84gas
2020-09-15T00:28:23.564876670Z 175 qgqLsbymPIaz5tLOuZnSNg8vimVFQ02Q7xJisw7bqZiJLyHxsvKjJ5Rjo4Ti
2020-09-15T00:28:23.630758902Z 176 EHeYI2Zh1mk9sEESjNL83xDPDEXTrBiyaumHL6F8KVG6ADlkO3gS9fWXHTz8
2020-09-15T00:28:23.697615610Z 177 nZ7qGSQcrCMxR3guxIBY0kMEoISuFmxvsA30FBHkAc7RYct6RraQmF9z79FG
2020-09-15T00:28:23.764480157Z 178 sxKBfOALbkqwnrVQMXTH92KDv6RWSTqViCm4BLmqR2dsqGabMYjHgYq2PCY5
2020-09-15T00:28:23.831527030Z 179 tiq8DBtvxzcpTqoeeln3B9wr2gUXEynzIbalf1fAbAh23DM1bgDo1anMJSdT
2020-09-15T00:28:23.898374836Z 180 VRIySq58umcdHWKvwlgCwksAH6pzQS0hbPtQR9dtdTETL6Urjh6w3uDlla4U
2020-09-15T00:28:23.964481002Z 181 c8pt5429tfbHg2KVH6JHlTZkB3Qkcsfb2ZG0bjK4va2Vye8HPgHCbDdTC4UH
2020-09-15T00:28:24.031313785Z 182 07Ud3fWt6qhV0C5cEgfPwNichaPc02bJ2EmHdBfpF8RjDKHI6td93KDmvkQq
2020-09-15T00:28:24.097083875Z 183 saL3E3vQufZ1ylTSOgoEUQQiIRfB2N3J56fvqJShugd52GvTDNyruidez7Lu
2020-09-15T00:28:24.163172200Z 184 tOGqDOF6ClCd35krSDBmfpv4yvfF5wh7BovUVkR5uGPqtKWtyh9D99Oy8hRA
2020-09-15T00:28:24.229057729Z 185 ClNlb6U5ujnpGjiyEkLyfxNiLmMr1kaQdIA4NV1pfufTzco3hb3S2F8pMOVu
2020-09-15T00:28:24.295184121Z 186 nEBs7ozERb24oHy2drJOPH2kKx0gXdWzCzMRziIU4YTgSvIwgCICVSUzRLWQ
2020-09-15T00:28:24.361017080Z 187 CtY0eELRngwzBrsQxvVcBNxmRHU9dGw5EiPAa1tf7T9cvwHLLUErgS0m1i0G
2020-09-15T00:28:24.426810542Z 188 chxu9kxsEOcfGkqxmXgAgcn9DMVv65vLDnyCK2lgpPCwoZy5N2GziQMsqgrW
2020-09-15T00:28:24.492871554Z 189 iWiJXPYfBZsTWGCAP9aBeQ2wmMqG4oi0ZZcaCL4nW683iJjzcndZfpkQULgZ
2020-09-15T00:28:24.559325734Z 190 tpSgQ5MCKtAM3qQthv3AW7VLOE67VDQdGKTguwY6UHcnurpiYHZHBgnAlnqb
2020-09-15T00:28:24.626623788Z 191 pOh5M81fsVaSmUXTrDBb2wz1pkbDXMRyOYF9iF6dyQAzmbZPUXdycnUDZvpL
2020-09-15T00:28:24.693101015Z 192 MezQZrxsvHgsJFWJAF0SZBmptO9dGpwoac30clpHtJFiX4TI16EDPpzWg9J1
2020-09-15T00:28:24.758956439Z 193 0Enz2WGmYDTreZJ4P02UIvag0rsXDAewMEES3P6dYpv81y3cArKe8iIBMw2F
2020-09-15T00:28:24.825458860Z 194 gI2sNWlL3T830ca4hSnaiy8Ga3qC2PZdFNQvuAYvK4EprngE1YiLcg0e2QkC
2020-09-15T00:28:24.891847656Z 195 vjQJ3TQsYh9Nv6jIFuLoVkoWa4dA73G5tqkRcL67hewc9nbL2ca4gGwAI6Hu
2020-09-15T00:28:24.958676510Z 196 RXjl0QYEXk4CalF7k1zkhl8ROJl1jr3wxd61yFGOgsJjp9pRFgoiFwv8mqpT
2020-09-15T00:28:25.025578197Z 197 g6RF3eqzLmMaA1Lsvi8uaHFXGp4OwBrV1MCqgZ5DmeDSDeaeJovHRiWbhPp0
2020-09-15T00:28:25.092537589Z 198 YjCObfhgQhguU1jhbVvH5WdBFZTxuLiXyjm61609vtM2jsQbvlyBb66gi7Fx
2020-09-15T00:28:25.158993018Z 199 tFhWXj7cWUpVx6H2Tmg521MRE296LCvOjmaVf6boo4vHueMQmWS7Pe7kG2TR
2020-09-15T00:28:25.225634046Z 200 7rmBLcCst0iAhjS9ivvgeddd4tl4E4Jpf7nLAvnoqYpTdD7whzKgW7vTZ75a
2020-09-15T00:28:25.292120814Z 201 ik3uGPlTQbhKbd8t2eH8GZnONEYAOLzu1WaePsPMxsmyOzlDYHN3kq9lu02x
2020-09-15T00:28:25.358116774Z 202 DBcxRaW6sJQEEQlfQhSUoa8l32nEXDmj2fZKFMfYwbQiWdqIoBdoKqWrF0bm
2020-09-15T00:28:25.423767870Z 203 cvjrhLjdVWqcYKsi9kkPuLkGT6UcGSfpdJEOvGDyClxjGSwSKpSOFykBRDD4
2020-09-15T00:28:25.490321500Z 204 IeZSf20gRE1GfCy0daLYPYveiCFPU0IjV7kpT4i4ksQQ3MpkJvF7MEK8RB65
2020-09-15T00:28:25.555765054Z 205 kocKzs8HIN5mbPe7ALrZaI1DTT9BrROcweL5qYErTHRuqDsDnUyFyaodqcD1
2020-09-15T00:28:25.622342934Z 206 rtkO149XaFPiBe5hsYCYBd39NQ9QXoznxmg9hMe939pV5retHTfdhr2S5nDx
2020-09-15T00:28:25.687760099Z 207 lnmM32ANa9MjpZCIeNv8tQdYnpq55WmjhEZwD6HvzUJOKdSJVRiERBAFRjKX
2020-09-15T00:28:25.754501796Z 208 xZuvGhTK4pnFc1Dne3bTxNJ1I96gHcXLicXFhnGYlNEoQ9Xh06BjmdrOa6zY
2020-09-15T00:28:25.820650268Z 209 WRQpkwgBs5c9flNN5H7zLTQ6KEdXcRc7740NlpLAAGeyV4gFdYqfWKWVs481
2020-09-15T00:28:25.887373706Z 210 ZvzXDNBBi9HWNuptNNCyhxUuqkf1j2LFUBYIcMcgXZZZITscP8RDxfsgVRyN
2020-09-15T00:28:25.952789336Z 211 IbOYcQSi67202K5oNQ0AzDWEmO7TFSNWNhbFVheca7LMA7xikY05iXk0nuEP
2020-09-15T00:28:26.019178383Z 212 Oksk926IsetN3CslQtUkCQffDsVJKQFJDmMdDf8Ud3GwzKIEjLnhHiEmuLDE
2020-09-15T00:28:26.085519023Z 213 UC7DulYufCghdHgZu3CCKr0JXXR7EjHVLjwGI8VFSBANsqHviscWMH1nyh70
2020-09-15T00:28:26.151007257Z 214 GuNaNynenZZF9XvN6b0VcQMj6S3bR57DOzOqR3omB28gXowE8jYe2mCR6qfA
2020-09-15T00:28:26.217511943Z 215 NysHcBAuDeNsIG7hetEtFIC1cLNWfv4DAzPqQmL00xn0vojh4EGpjizrWunM
2020-09-15T00:28:26.283869260Z 216 jrrp9cUskggff4rJPBhrcylbSnMKmDIwpYGZD3d9MBURULfceBngTdWt4AWj
2020-09-15T00:28:26.349854198Z 217 ytIZNfbNvLJvv08DVmZ5585j76jWva52AgTvwZDH2M0SGsXkWLm4N3pdzcKV
2020-09-15T00:28:26.416231291Z 218 HSPkLeWLjsjqyyBQVMdnFmCYqlMUpfrXFzTo7XsMCMLXbMZMxwYW8UqQYso5
2020-09-15T00:28:26.481679532Z 219 WhhMvB1hmfifZTPBBaZVPchboavXho6gv3L0aXK1zwImj5Mae2YgEM47Zi4w
2020-09-15T00:28:26.548575328Z 220 Mqgja0mLEUE1aHYUbSGEXUxLsWMOdTu3zJsMWI4SojoSJXbl4HQoAoZXJbaB
2020-09-15T00:28:26.615341255Z 221 7i5iGp0bSLyUIIQUv8L8XZnB3KxYxZjzNJYgoSA9qXunPOFTfQHLOoNlabcB
2020-09-15T00:28:26.681309061Z 222 PoJNGMJcPjtbHqZOJBbZu61qmlinuAiO0MZ4hOMnztR4wsyAhGv0bCVbk1zx
2020-09-15T00:28:26.746753065Z 223 50HrZto4EzKswwlABP3csLxS9Sl5kkchGtYANrGowwiInCW5mMXzkr5F09ph
2020-09-15T00:28:26.813513418Z 224 ZV0mK8AQPYKSz178oqwkVcmhzX3452wDMS3lycBFiAOL41Lqn9c8HnZjBtZZ
2020-09-15T00:28:26.879145975Z 225 9oVpMAistVKzJsYi9ssuYD9aBSskQMhyrn6fVAWqepdndIWmzl0VepQ6Vqml
2020-09-15T00:28:26.945492784Z 226 jw811pjL7kpjssN8PzvVpzTu5Kc79uvMKiEy0lUpF297cxkriY0Q09GRCUG3
2020-09-15T00:28:27.012589791Z 227 rT2SL9MD7auywDk7rPRSYJA0Zw2f18qCgqMjvPDCAgli9dEM3hUuHmssi2SV
2020-09-15T00:28:27.079274914Z 228 HDUURahCEqpKEsd6UcxDNeK2y0NDZclpko62lSZBbPbPwB5QfTwjC3WeC7JP
2020-09-15T00:28:27.145406925Z 229 HF610fYgeFF929E0goFF1mPnapiYtuO7urLPw0ceL38KQYzoCtPRNX4xh0ur
2020-09-15T00:28:27.211940830Z 230 srecpAfaJZedOLwsvNTqSTTqhW7ile05j3RPxaFcTbAa40YLHYz9UtpJne1w
2020-09-15T00:28:27.278321797Z 231 rfbi3dBcr9dQkOQnoxvuRMXCyIu3r23vsbbiZ2qEbAXyF636cyMIiY9riVV4
2020-09-15T00:28:27.343707308Z 232 C7i45J9MMeM3aP0eJfgEZWvLQOxBVkAN6P1oT5aROeabxOyE3Q4BT1tQa2Yj
2020-09-15T00:28:27.410360753Z 233 7XJXfnihupXQ1DbxizhwfbNl5O7I7Xnv4uS5BC824u8QbH2t3AdTYDWIZdp1
2020-09-15T00:28:27.475844528Z 234 bDE6ApHDV2atIHmUlUm4TH0RkenzsQM9hqzd7TTFVAJCehq3jWaV93qL3NQq
2020-09-15T00:28:27.542506867Z 235 rtrKSppBfvP8tvAKbe27Fzdh9q79IIaMBlhaiHT0ekMXmPg9h6IhLbVuaret
2020-09-15T00:28:27.608887014Z 236 mMWpiBnW3jY1DR5d01mdf46Ql58ey9XhZM2gGSN0Ub5Ekh659B36qu9KNGNy
2020-09-15T00:28:27.675505076Z 237 tp5ZoV1VkC2GYdvHQuxep83NZxoyZEBuTDoP3Z5zIRT7r1PXZSDouaSF8l7T
2020-09-15T00:28:27.742021264Z 238 IA83yaBQjEHf2zsC8jAcSztxewYisST8UqjIVArJzlB4Izvd60dINIfQDwM7
2020-09-15T00:28:27.808416122Z 239 mUYc4pZNpITvT0JHtQU4pkq6PIaYBiMtRMfUTsHcMhbk9B5ieGSkj3vIscNB
2020-09-15T00:28:27.874746231Z 240 MXuWPcOmToIY807Tf50BICJCXGp5d1CwJ6RdjQKtULlt4VvqLx163ZvZxENE
2020-09-15T00:28:27.940955956Z 241 z40o3yPS5L1qMvGUpXb693yeicqh5IsSdM5ajxI64Crzio9vl2lkVahwWy1q
2020-09-15T00:28:28.007383093Z 242 fdUrWR1XQlrGR5XqXfLfOSzdlE4fJ21aMCXEX9xXnHdLXAirIlGwYpy8WLN0
2020-09-15T00:28:28.072785371Z 243 LQ0g3DrJ72SU9fTBgqWm4Cvjp1DOCCAQX0OMsYobaVzCYBuJlxJU3zChtJe8
2020-09-15T00:28:28.139806877Z 244 zTtlD9dg5VPvNHo3CLB6mUkhOX13nyZCmRS7AnSLVvKTAInbLd4WoSNXHIe2
2020-09-15T00:28:28.205392559Z 245 kKahbej7hLhXc9kM1YNFDLKF6SI7yKZUaem9rp3Al0c1eazTq5ij9UBBuD5m
2020-09-15T00:28:28.271700766Z 246 Ka8auH6lDlB15QiH3W67wmGwl9I19jf7TTJHilgsiUTuSDBfzCK5BHCyGYx1
2020-09-15T00:28:28.338237480Z 247 HuVF3cHqTCheWk6vFRwcdXEPmyPIj6Tqkt7HL8CYJpNQKBcMp1JUticZwwr2
2020-09-15T00:28:28.404355580Z 248 mR6DmIatXaXHYENCnZsaD5yzIfI0Ry1OY5ORDoEzXZU0Id9ka8cOoaqedyrB
2020-09-15T00:28:28.470505039Z 249 1lRjW3FKprlUp0bDiBrEPZ5uwF4WdnwPEcMlu5UA5xK8DITvrWaH1ysTciQZ
2020-09-15T00:28:28.537020200Z 250 ZIACnEpan01zgPgBAwiRMjxw7K3AGDVdqa7KFvDBC7klz2TIKmac8nZHeZkJ
2020-09-15T00:28:28.603238677Z 251 fBY2O3H5rNArLe4L6lhbEIc7hNrDMc6egA7hkcSHN6Yw7JPpoog2dhy5MyHO
2020-09-15T00:28:28.669286120Z 252 HvsTcizjZy0ijqVxO1fjmxcqA69x2Al2k58ndQDvvdB5774AyHFK3Jrh9h4N
2020-09-15T00:28:28.735427276Z 253 7t8nxyTZC1DBBvjMn4ExA1VEPVxSD6REk8brCjPD93dVAuulFhh2uT3pppfB
2020-09-15T00:28:28.802275909Z 254 o4w3ZxYQ7rSGFEkP61hCC9xfGZx5xnEuIg0gZ8uZAEw4YAZuA4AyTc8jELSM
2020-09-15T00:28:28.868438431Z 255 2RUXJGDgPgghZAqUu77cWaMBdUn6BERmph7jQcACteSAsyJjddIGT6uaWlyL
2020-09-15T00:28:28.934752553Z 256 Xq2iA3meTp1Y5BBN5lBIHoxK1cWMXCVpZSSkiSG2cLu2cFqKe1YYDzpN7Cws
2020-09-15T00:28:29.000537210Z 257 Mpf9LdxIMtpK0LnGY9BFwi9vvK5WC99gdvq3nRN1HPJ9E4Dw4fGlycxS0f1t
2020-09-15T00:28:29.066619858Z 258 gLN8Nww7eYZKb8mIaMlNRmrBn1mFD9Rcxd5L3lKv3nsNdoy2nhiAdKdutGvt
2020-09-15T00:28:29.133045118Z 259 QeMu3PJF9c7Z7IPK89UOfnCJv6yJq2xtHXRLbOqPG01MhO0tnUfolFPfEBZb
2020-09-15T00:28:29.199397861Z 260 i1B7pTb7SkWHPysFTC5xK60IQ461DmHiSjARReUH8HAz3F0rpUmtGRt88LR4
2020-09-15T00:28:29.266230286Z 261 iyF74gYSmGuNEFDcUSgOD1fEbLUmP5esDHVMqD9su3N8wIU2pS7bvYvRiFRy
2020-09-15T00:28:29.331722137Z 262 hOYwceJCUBPCD5U2egNCqFDOohOeNgqcdhfbnnpU0XjUqdQZCv6AtuduiUYP
2020-09-15T00:28:29.398065002Z 263 CL2vanKg3CUYZjsVnNbuDtMuGg25adQ4E55vSa8c8IRvO3Y3szNTIeEXXNYF
2020-09-15T00:28:29.464317101Z 264 zFbWwvwallUDfSPJIFaC0XZKkfSxaZoWxme0klcNlmifW7n0O49FqZzVu0qu
2020-09-15T00:28:29.531210360Z 265 8muznw3TR0fp2A7NRYjVTbuVCv5vEBgBYJ3D2P5G0YwWN31bVbkX4iGsuZcl
2020-09-15T00:28:29.596953341Z 266 yNxItR5nkxhRWK6VpNl9pOrhRIWIw2JP6vBobiDJNX9LpmHGiJORMlnvNvyX
2020-09-15T00:28:29.663469228Z 267 0kVjk6ca0frgzNWD4ximJZWhRjTiy93MrcklouuSkGWQqlEtv1lUUG6dOBn8
2020-09-15T00:28:29.730086782Z 268 pnH2E4k0XuS1LcaTWuLBH0suLXZQyOEOjH9aQBQQHPTeEzdY9vpbEjimtt68
2020-09-15T00:28:29.796602553Z 269 8rrfphnJJFHFd6DS9HRtgd2SqzHSwwyjyjE0RqD1RLgkrF2MXjldqKIQd4Rs
2020-09-15T00:28:29.863449413Z 270 TIR4vUIPu9WJcgforToWfGE7EOuqPfbwmO1WlhtMpBfbBduAp4aYdV3UX4XI
2020-09-15T00:28:29.929070307Z 271 AbEDmuo7ZyFTJrsfsdVg6xALit555f4VJN0l0ZIIrJjVVeqIreixvBhEZVR6
2020-09-15T00:28:29.995640819Z 272 aEWCdu6Qbvs8y4pWf5iyfvdxVwOgbSf48BwphlgwiLnbde5YI3yqXqrTfjbO
2020-09-15T00:28:30.062258336Z 273 krmmYRqOJaqRc6A4Vg4Gl1gfvQ8ozxnnF5tcCLg72nn5pLNKVcJ7xXwAwPgw
2020-09-15T00:28:30.128369573Z 274 Fc7XrUZ8h8PJWhSVGmMxzIB76QCiWUKwDGfa3b7o9ZiUffZXk3ViKowZDfuc
2020-09-15T00:28:30.194649148Z 275 wU04df5D1vWLyGlOFFQhOp5TnnYtoKqRFb7IN8rzvT5MRfyjRNRA6GkhFpQF
2020-09-15T00:28:30.260679282Z 276 rRO06sGXGhrYeyvwUWI6gPxcWXTJ2yCOSoc8mp54XJliK8PzdA2LkBaJZQ1y
2020-09-15T00:28:30.327465499Z 277 XhDV8GmyKXgsmK2Y1MbCV1w1ZboWl6UJ3QenZN62DoWjv8IOqZuq9QfI8wHX
2020-09-15T00:28:30.393913306Z 278 Zqi6ECtFJMsCzio9oUCvbfGpugbsyE9jGsUp3lqgmkUfvYFkK9o8fadrXOGy
2020-09-15T00:28:30.460198848Z 279 dEvvQYE2BdJvr8N4haYcyftqw303kp0T3PJh2Of20xPxfrJPRJxdUAwpBtIg
2020-09-15T00:28:30.526132824Z 280 Dcoe0A3ZCdNOAaKqfSkUO2FtvRY5mkTxOayyCHt95nLPc6fQulrvaLG6vMLR
2020-09-15T00:28:30.592669437Z 281 I2RM5lenrSohR7l9Ifbo0wv9xQsN9EruZ2EwqUyUK06HIBSLUtU04PqbyyGr
2020-09-15T00:28:30.659316507Z 282 Cp8yisaUSUYf0SXXKFOg7WO8xAZbQHiUCD9mXBJnJv0V4ZVwQ8Sh0AE2R9qZ
2020-09-15T00:28:30.724972585Z 283 YSx3vhPGcnHGUBvrHMB7ICfmBTXCcsUuQQI5jRucAzmIuQLvmc1kYMzIJbIx
2020-09-15T00:28:30.791384815Z 284 NMtRbuJzTiSiG1pO7GHhaBQJJqxZQ5REo4TFIJHzHHUbGbkHs9vN88vqaWKv
2020-09-15T00:28:30.857015081Z 285 SSjCek1hIuBs9T889SrrV5IusMZEsgniK5m03j4Oxgv3SKc0JVRSBsHSESZp
2020-09-15T00:28:30.922942914Z 286 Z35aeBtvn8uYJa6hCNCKCXmsfWnJU7OGIuWZfGSKnyHK8gcAmyTd39fSuPAh
2020-09-15T00:28:30.988693035Z 287 wpLs8FbYY9bRwoRYrOe0u3D0Ag1H244eOyXGefpqhyepeISu5cXLKTF7sQRJ
2020-09-15T00:28:31.055368904Z 288 GiNKLUi9k3iucDllNUDxrft4WGBo8aobMhTfNL93HK8XLVSUTKG7GCUaazAy
2020-09-15T00:28:31.120943912Z 289 OySGUFAUleJSZwkMDYuGTIx5E5m23p6yedJ2soP4rizQpGCbtlBYtVxNRW71
2020-09-15T00:28:31.187248972Z 290 tcvnbBflnxZaxnz3XiQ9cMUxNyCKg6IyZaAdnRTNs92fAoqkbdVj88U9RWWh
2020-09-15T00:28:31.252940175Z 291 JhekRyO3nKDP9Z2sWrwX7yelM6PNA5u5EM9ZtI5TbesweTp0UOX3HzvztUmh
2020-09-15T00:28:31.319202083Z 292 uEar8PplqaojGl5ZEFTPXlbT20fned798E8e4cYNLYPSLaRVUtLRf5QyOS7K
2020-09-15T00:28:31.384700188Z 293 jRMYlOAXU3SHsqjc34K5O5C5AizasZQFhKnXnr96rwQEXZnN1Qz0yhTRu58m
2020-09-15T00:28:31.451468488Z 294 K59fADVWDxDI7QjCy2gxnUKi47yM4w0RYXQw6v6pGEu3lMvqppZSTudE2ALi
2020-09-15T00:28:31.517927264Z 295 uL5oTrkUAB0dZ5UifOQ9g0k0Eawk0KSDqAJzhwZGaxTozTCEngGfyXFtr89h
2020-09-15T00:28:31.584274602Z 296 F8fpDyWycjTuC010FrjONrp1uTcsW3INCuNH5CzeFWuf6nLoPOSgal6S5Izy
2020-09-15T00:28:31.649887702Z 297 fcLpeSx0c91Aw8Udkmnp2FP1yy3Ie8DCF0CDSwoom16Iq01EuiL0vTdv8oMa
2020-09-15T00:28:31.716438850Z 298 dawcr4K6hRngu2Hm3Jb04YqEFemDvlXPMEuy7JjcAqJQut2d1omEpgBt3g1k
2020-09-15T00:28:31.782815908Z 299 mgYN4A042DR33jayb5aHRmifV1COgbPE3r3CQxFfdR2YNpY5egz1xG5qOWGt
2020-09-15T00:28:31.848830190Z 300 OHZsCGRu2h3uWfElrNmFLUo9nlZxjeM4yyYbEU1tCpgnFKB71NveG1QMlSns
2020-09-15T00:28:31.915658162Z 301 Rt4ydwcH1OGVnqaLSYnOQu0Ze1CeAnhfkga1bUHbNiqeUjAz3xh45dAi02MR
2020-09-15T00:28:31.982297071Z 302 lUsf2o9hJrB1PoIMdHxrWG8OJIEzBYfasDnxMOjVr1SiUslVcRQiunsteE50
2020-09-15T00:28:32.047593336Z 303 E0j8x2N0BqlDLYho28YXw6BQuze0ilVtUjZKBNDn9jIJ1q5681Lg2lj1Vn6y
2020-09-15T00:28:32.114001911Z 304 5yHKF7dG0c3QTw17L214WWXedccvtBR5K5IppN9oDEC0cDSf5dhLOrJFjXo6
2020-09-15T00:28:32.180374272Z 305 pKJd4jqChx04kFwrfeLpx0LYNTUO1j6BSFVUUZSFqQgGhE0ixjtc9cdqvxm2
2020-09-15T00:28:32.247219791Z 306 uUZAiny7ANwFS1Rq9qVCk6ORApXiboK1ee44blyOiVqprobJQKvE2plJF9DN
2020-09-15T00:28:32.312852455Z 307 nDTkxiw4Dos3H5lBUfcAF5XbLzcX1ftn3aZFKNvqtdE00GZ57XQ115a0JYQv
2020-09-15T00:28:32.379561042Z 308 tmMmUyxTNFmnpMuLFELPLGOkmlYH7zhZELsgYsIUhiJXW5mhNNwdHUMfh3o2
2020-09-15T00:28:32.446245923Z 309 PyhgOpbbkPu2Ie3PUSeSB7pYf7SOGjXvyP9ie1pZF0G4osvfV7fBSsSNQfTB
2020-09-15T00:28:32.512045681Z 310 3BGt5Hvhe30ztZUjJhHoe60F08DGoIA8eeaPslUtcnC50UilvoMAcJwiQ3zc
2020-09-15T00:28:32.578585844Z 311 ZFSA3cqpEmKz2CunuLYLTjdm7zeVhMa0pKQ97Z0Rtg9znbRQYsqipUHwaUvv
2020-09-15T00:28:32.645240082Z 312 dMzv2BUZdaKrulRwGo8qCJSk5eU7yxFLWCnXTYUoJCWGxh4IAx92AIDedbLv
2020-09-15T00:28:32.710744022Z 313 d8zl5MPK6VStebtdTQHD5jdOo9YvRLi20xmoXffHMczMBVAHenx6lud6wLlK
2020-09-15T00:28:32.776652073Z 314 NsJYUUNxHxXggOVwoEMnJhnCWZ3A7ul73J0SYNXP3SNa9OLMc19t56BVCmfU
2020-09-15T00:28:32.843530389Z 315 hn7AFvrTcg8bqmavt18EggVBOUH90X1bKQ1G4kX1VUuNHBFmzsPWihpkK2XR
2020-09-15T00:28:32.909960084Z 316 xJqWA2O6EmxoAapTI80qMIsiIAqFoYaQRMTNvnu9vxqcOtegmvUGDPcvUgid
2020-09-15T00:28:32.975916219Z 317 WIIOtLmizaWVkfZT1zRFG28SqoZklnt3sF6EZySDAyqN3FpycUKYN5AQ4SA5
2020-09-15T00:28:33.042757184Z 318 u8k73GcVaETTSnBcXECi5PnOdPCgnz8KzgIz6xdfUKSTqOTtkqMo0AjADk4y
2020-09-15T00:28:33.108626392Z 319 IEDtH3AChmHuW8l3NoIHrHQpwDOTQz0xJMSb6m5N5agbLpqeVs2PmlCH3Qw0
2020-09-15T00:28:33.175084139Z 320 rV3mzWiB0lwzW2DzYRvONj2TnOHzf82qCFDLVTVpRTLZFjxgROG3vp8IvEi2
2020-09-15T00:28:33.240712059Z 321 ANJNhtILMa66kZoFkAsHvAiIAwnRoazOpg8YKspbLdoIfV5ZXceXkvzWJWzJ
2020-09-15T00:28:33.307255731Z 322 iNfClvZCCL0789z6oMSb2lQBL6K6BjEVXDjIPF06MEaFOaSlb1OTb2UmrVrb
2020-09-15T00:28:33.372860835Z 323 xbYanqViqoVyB9C3kJBfnMPuNkZDMtiCX7wPoveuhkECReJKS179x5wX3dOi
2020-09-15T00:28:33.438754172Z 324 SE78gSvzz3Nycf3zVfHfPE3qWLQo1e8HW7V52G013UxKNqAmACQaJJvlgZuz
2020-09-15T00:28:33.505085105Z 325 9HQ8HSGUBV0bVF37F7DmLANykSDDJOIm3XewGJBFVOgGejmVcGJrAVIlQoN2
2020-09-15T00:28:33.570737834Z 326 BspSnNw0jbaX2geKPnEymh6ySV1AAljsvGtoM00yTLez7y0MOSEU9ZgCWaBm
2020-09-15T00:28:33.637831603Z 327 1PFj0IyVBztA7HWtWea275dCsyfMWv1np5zDB5y44m2H7IjZdJmWgxDuMq2u
2020-09-15T00:28:33.704587308Z 328 u0KKsG3VBRjSL3UIFnBIgAYu7Avycvm8mKbFpOAq1EEJpgBd9TVHZsWxTpeD
2020-09-15T00:28:33.770369277Z 329 kXEWtm2LXho4mLgut1OtepOb9Em7iwgTtkVt0wxC4fD3qPHUxf3KiBJ25CO2
2020-09-15T00:28:33.836662217Z 330 ELbgTcK5ixMI5ap0ncajJKkDYE0HtIaXelStuq3MzXZUw5W0fois9WTBcOXn
2020-09-15T00:28:33.903298651Z 331 XA29H9mCcyhBmP6EAEJl39A6pS67ymrtzgvb80jpy25U9L71BMrpTECTUrNO
2020-09-15T00:28:33.968880398Z 332 nl9u9IiO4vRYCTRKskuVuyahji1WhZ0P595CrvFBlKMpslaA24i3oCwPeKMc
2020-09-15T00:28:34.035387614Z 333 RodBLDdO4kvmkyxlwf7yPp2ZmTcayb3z8DnFcOwKtnamuwXiq2pB4OLAB8pH
2020-09-15T00:28:34.102248364Z 334 jXJbP4Sz4agWcvtUXWBpwEdF3snFVgRE7WojAUg2d1yqj923d7bsmWHsBxnn
2020-09-15T00:28:34.168534142Z 335 OvJWE1ELl5czoQyCHxWXZdkpkGY0Z3ZREUGHMNUmvG8sDewIwyx6Rrs2fcng
2020-09-15T00:28:34.235524606Z 336 uoQVKnPmjL3gtLt5FmUglNBQKqFaqWTMeMteZYvOFjykwTd7CEjYZ3Oai60m
2020-09-15T00:28:34.302538008Z 337 zWxNYLViXEnLbAOmFKu0NEMPU5e75ctmHocyEg85h4NHHC2q6rOT5ts6ElO9
2020-09-15T00:28:34.369297891Z 338 CinCy5u31fnQUf3OsOYuHfvGGqvzmfeKHqb6ii5ZT67giwpcNi9rAX0PbC5H
2020-09-15T00:28:34.435309880Z 339 oEkiyroK3TlLoRTKAp8W7saGlvRrvG3GIy5aWm3zgWIRSt6c1r5Xi8CAlnLg
2020-09-15T00:28:34.501457786Z 340 4QoCbzvNXxb8xOgxjKfYs1SSyopHnJN8dBTg1cK96N4B31cfKvn7An8sk2Hc
2020-09-15T00:28:34.567419978Z 341 y1pGpGrNgXYM85TxR4OpfdlNTehqjxvpqcttJz4EGF1xsP3DRh97QerKBnPd
2020-09-15T00:28:34.633598201Z 342 Vm9QlnZdpHeOKAecJ3vNioVRyPj0NEE13Szmgf4EIDlkdqQHpNLE8AgVJqsA
2020-09-15T00:28:34.700436042Z 343 k36pJyZirJU2URrZvugTcgBnlQWlGRkBc04lM1ZALg3gzbKjjs9zqRyzNtoI
2020-09-15T00:28:34.765902997Z 344 4aphncRGqnChOqcuSoaTw7AIcXK9eFDSemPXUrDOAneKEbVjrIB02kLg7puy
2020-09-15T00:28:34.831764518Z 345 HjELlhSjR6xmAwyaAUY1vevPwyikuiezTUPNCNpxcqRdV4dgZEL7EBm2NCPs
2020-09-15T00:28:34.898600850Z 346 K2rbr9uuMZziKC3UZrayJUAZMhFcdiPlKuRKFZNhutixZNFub4XueW83zqvw
2020-09-15T00:28:34.965389199Z 347 fnoU0ZQQQlUuzrhpOgJvUAlHvkpHWheeDtfnD49QJQdgYBwIQootlZ0tbWYy
2020-09-15T00:28:35.030924884Z 348 SQlfc4H77neJ16k2x0tntcc7sCn6dNtt5RG5LuLRfYzEF7vXcClPbunw1lhY
2020-09-15T00:28:35.097527408Z 349 jtqIP4vY3iQFcCnOGs3GdaNKM3cpPc8UNowGVr7EIB78iagnyb1ZExrV7ZaA
2020-09-15T00:28:35.164520631Z 350 jT8sPM7b45GijqwQ2ssobC3tYB0uif1ZXPwDDQgsGkbdN6xkkRZ4pqhcULa2
2020-09-15T00:28:35.231033399Z 351 ugwcPRejvgh6U4M85KTK5dwINKRXAJGrZ5fFX0SadRXveZxE6DGJsZWWuRl1
2020-09-15T00:28:35.297655199Z 352 7OKiwHlNd0TvixunbpjDnsjObEvjtqvdKOvTlPPLWMsrCvE4qoAWsYUFkDjM
2020-09-15T00:28:35.364202613Z 353 mv5wKOYIphByPKhVxTQtw1lSOfjQrCf5A2h1hWBx7UDnDJSZ7n7yglmiderU
2020-09-15T00:28:35.430862383Z 354 iSHT77Bew72zhUCE1vwm18V7ykaAhPiex72kvfMpHKjPdglowOl6mZVCC6mQ
2020-09-15T00:28:35.496890015Z 355 7bU0LHsKXnMigvyBvdh5BMw6GW5YmpqEqRFh1arQ9CEqazTUKd3eaqDsrKf9
2020-09-15T00:28:35.563438125Z 356 k6VyYjjVwkwO63QwzSWtx8ozrnaKzKHBEgWb1ympJw5lGJyJsdJmxwmUNMJq
2020-09-15T00:28:35.630295981Z 357 YfI1Lv7Di0xuZ8lQWcfb9MqQkduAsdq4oFoaMs19KxfC74i6EEVQrsXLSwMB
2020-09-15T00:28:35.696187924Z 358 k9X8SuxudWGLWoXyy5gD0gtNKUCCEk7KupcAqc4dcQ74yYxUZJXXDJW2lZEY
2020-09-15T00:28:35.761922038Z 359 S02wIKIWnZkbXCF0IPGnpDU4bNhp552UI7bk877umiKKQxYb8M9G5SCn4GAS
2020-09-15T00:28:35.828353698Z 360 8OQpRxrjDMJmHMeOlwG0Ryv9sovEWLHBpnVRXZgNjQT8pduLdwLwKLgOA6AF
2020-09-15T00:28:35.894499687Z 361 ChDVKbZQW2A9d19c2xSCbyRidPSp9k170LlcMoqa8erJOd7AgiPMEFsaBCi6
2020-09-15T00:28:35.960496181Z 362 y1F2zfnC0UWmMSserxI2WV91WC2FCrRP10n1Wcjbhk0UleCrWUPwtS2JZEMi
2020-09-15T00:28:36.026132964Z 363 Xd339BwoMNajsTXzriWxJcfkJw3EvrMesZPxjSIUWAfjb9xuH0qBXJV8G6Nh
2020-09-15T00:28:36.092408140Z 364 N9S5I6h7QibSum59blleQW0tU2SCmMMpWBFH2avQhfr0Hdk6T4Ysn42Hh1Qw
2020-09-15T00:28:36.159089276Z 365 5jOEeStIRi7flZzd0EEmMdTwa7U8IWS19bFIAxQLS354zT9WD7lcrApJOIHS
2020-09-15T00:28:36.225556170Z 366 0u1IxBJ20XYh50c53OPiIWXhXxOLX9rYdlP0XcQpqCfsVxrBmY4FY1zfwZqF
2020-09-15T00:28:36.292230543Z 367 joGxTzzshEMV4DDFRjmSjSldPbaCiACpzss4giizHdg94G3ZAiL70iBxRjCY
2020-09-15T00:28:36.357904336Z 368 a7WsOgwVZEtqwBLBMf1rNTaVB00g7J9VVnq4W1OSbxT3IkSHK2QNQUmZ6vQv
2020-09-15T00:28:36.424643502Z 369 U3xGlI6hvNXkaNIkkVnxnChzZkIjNJmqFd5LYw13ikwI2wc1vxwwGVyiBrnj
2020-09-15T00:28:36.491322966Z 370 xUzIkbUmLH5KRp2NmbVnKiQBTkVzbBS8BZy0Irm1ei0asqe1DiGveKidHiXd
2020-09-15T00:28:36.557877901Z 371 1qvFlr0ok2iYomdoMxd2z2sYAwbWHHls0q0x8g4CcsPbJTycFIRlsP84QyZH
2020-09-15T00:28:36.624519200Z 372 BmLeIahEzjf2rNZb38sf8BVE4B0VlJcXh9DZ6rXZmnQqqxlxYbA3NbMebQ5y
2020-09-15T00:28:36.691555403Z 373 JmUl7yxouPeQ6QypUIyFdTXX7LrTUOThnaVphD8d4kZFyhwWGlg1uqoDr3lW
2020-09-15T00:28:36.756870962Z 374 Iogmkwm13GYT3T2s57dsWVtyZeRYWYm2LNLanZXHuY6g1LuUFObFMSe1jbXI
2020-09-15T00:28:36.823761913Z 375 5UxLBBJn4DazFwFW12mvhnUtW6RnHISQBXyOcN4kIvigq95NhwFU5nPj5MN6
2020-09-15T00:28:36.890327540Z 376 kSlwLlNlM90yQDSOTaH4JWksXd0W2CoYIIat5Ng4PK3EYLi104G7BmyevVAe
2020-09-15T00:28:36.956243862Z 377 juY0uMGtyjrU8W8BvEuDShAz2dBzsU73YjXxXoBcGH51pmXdrAJNudkC8VFP
2020-09-15T00:28:37.022673142Z 378 kTlDLFNdfpNuW6Jdq2IPJ7Ld1VQ1cOJLW2ndFj6HuohHJ7TwUKoBTsiT8WQq
2020-09-15T00:28:37.089532118Z 379 i7QMpQ4BDCYbusWwxgBqhYhW5Y141zADiPhekCgKI48i7P3vAAm7iKOxT4Pi
2020-09-15T00:28:37.156359196Z 380 wz3sn1VudgL1gYAK1FBNnfTczVFYFJEOa3ES072HciomNJHRbCeRC98z2aZR
2020-09-15T00:28:37.222073028Z 381 j5sFihYL4mBI1J4xcphuiS16aiR4VbXB5Bi8ic3n0lbxTjwq8vvTe2bI4ynL
2020-09-15T00:28:37.288548793Z 382 kuGCrDTlnOtDUuKArSsNJxDCSimouJheTQxXXcpSpUSocMyc56CpoJ5Jga86
2020-09-15T00:28:37.354984246Z 383 aCC7AGg1UxVQl9S2WBOLO3S5Bw3gEUkdobBwAfVbhTOUgocqe2quRIEnOAJY
2020-09-15T00:28:37.421392625Z 384 R2MIPfeElQ9idtfJFjmIt0iAGQNct8wwbU929Q2s2vYmoqi93bR8cPOYuXkY
2020-09-15T00:28:37.487070712Z 385 wBPaR0UiTJXTif3WoxGlrQPckUDu8hLhLA26AmnLVGFkWuHzWU9GWCIQvAFs
2020-09-15T00:28:37.553555532Z 386 sq9UfW65hhGR0h0Lv66QvKJRUGgSXdaxR79J7eJGFwrsXKLvdGFtF55nm50W
2020-09-15T00:28:37.620387082Z 387 5zh0oJ1LWIvdmijQD0pGOeX1dNqBmUwDvURQlL71Scw0h8fcdfM1KyGRVhce
2020-09-15T00:28:37.685844003Z 388 He2yhi0QyFYieXotEljf2qHIkl9bw31dIeW3sspo1zuhQfHN19g1Riauo6Kc
2020-09-15T00:28:37.752332751Z 389 eVC56BkUDDrOnCbv8PLUTZ7dtsPquZar5sap5kvNoWyUV49sr7jI5pSknZRJ
2020-09-15T00:28:37.818509644Z 390 QLR7oe9nyfC5JojJ2QTXjEPw9QabDAi0W7i7QmSzpfl84upe1qisTriUm1E2
2020-09-15T00:28:37.884826289Z 391 JSHhnCRH3NFTZs74bApv4vbKazT1QCPRUMDcfWyfn10oFnJjPBD0VgJUhlfr
2020-09-15T00:28:37.951051772Z 392 ZcFRMJ6Zyu3PFlxopb5kH4JHuOs3LwgxA6a4Aw6fhvoqFIjVUzDQ34z8PvD2
2020-09-15T00:28:38.016764215Z 393 6JgsdL5htdTgME2iXcqghnfORShrdpO3pda1XVfjrDqJS52UdUlE4B4BxkAY
2020-09-15T00:28:38.083438028Z 394 8FoJKYyMtresXaAo2wLmWIeKkHD3TUg7hevAoTgmVkT2OzPI7LZTLwBfiklw
2020-09-15T00:28:38.150228573Z 395 y8emzk9qYH7l84taagtP3vpyrOdRuv9hxQyj9hXIblfkG3ovjHwo9mAA2GNA
2020-09-15T00:28:38.216497241Z 396 v76DjKccHXSFkK0pVZNfImDfDPwIsMWjf5a5MLtYNC5NomYd2djBtNK1zpCc
2020-09-15T00:28:38.282595625Z 397 hdn3avNgDIXrt6JjwcryjZiQbpXt08mL0PjQLOfSAX0iHkR3zl5kVlnXoGDD
2020-09-15T00:28:38.349356858Z 398 kdVxFCA7oxkjHK0pknSAI8TdekFZZCxtZGEsCUtjF3j80AIPc2KgPahIQgCG
2020-09-15T00:28:38.414926943Z 399 QXalBtsYa7V7lgQktOk3BBobJVXS69LFbYntHLPS89V6nDWNTW9IPJEeG43t
2020-09-15T00:28:38.481746380Z 400 LdkZdV7ag62yOE5Pks4B7mpFjp22jpN0Gi2z2CQSU1eSNLRDRDSU4q5Sv1Wr
2020-09-15T00:28:38.548345439Z 401 NRK9PhmPZFYTBjkIyuddhjdP8MvHCr2JaM5WFPGhe8oYKhh7kbBUvCLQ8egB
2020-09-15T00:28:38.614427063Z 402 RyZKs7QkYdKTpP6dV1c1kilewSUshfYf2hLkgXyEUAnJf1YQDl5yyIIszF9C
2020-09-15T00:28:38.680356046Z 403 L0mPf8nSL2x6cz2jCbwW6tiylLxUNzMrbdluWw0WpGemCIFSrVQ4Nx2lAq2V
2020-09-15T00:28:38.745852396Z 404 5TQ4LhLPnxqONJZfBNNi7VbCuxi51XgsQQDutK7kpP5Knh58oYFE9nI4Ao7E
2020-09-15T00:28:38.812308631Z 405 dajdvDARNfTGnaNcVGBtrJyr9YJzrZF3KwCAeQ5u5LZpPotCB8BsycdIaxYp
2020-09-15T00:28:38.878614980Z 406 1HV0RkqJlWPzGlEwSlOSRPZM7CbmmUsu0frfzJwH9QyMzkFPMibCYo6YpxOI
2020-09-15T00:28:38.945146658Z 407 w6aqgbDCjKjlzoqN3jfCEyFoOlf82V4j3JseLbpDclV5pfsgFMfGKNpy0x5B
2020-09-15T00:28:39.011257049Z 408 IDo4M4P3mHlrtMqLMxVojV8fkqcex1xylwrkxXJG1t1YS4Sw3hklRfsvGtey
2020-09-15T00:28:39.077446739Z 409 GkCSL4tUeqyb3CfqcaoR5xkFjHHIjmCGps7iJM1hcghbnX0o4pDEXAVGy7fi
2020-09-15T00:28:39.144207654Z 410 qjofVZjfinJflf7Li2uBWImv1EpKAEkV492xyVoP4ZALMOtohWdIbjCoHvh1
2020-09-15T00:28:39.210533870Z 411 LD7cVUxtpvlCd3SM6OaeyqUM45V1XghIKJ8JRWCIhytSSgsp6N0sAk960PUT
2020-09-15T00:28:39.276969532Z 412 ZDQJXD4PDFE2naRmgMqy0AvBLdClX74OHip8U8RbI805ZJMsTCKTkDo608Hp
2020-09-15T00:28:39.343406398Z 413 Hk2MBEfF1qG7dJWuQUFDVfOqeI1RZ0GKLdDFw3Bgup2wmlSD6HOxQDJs1Vl8
2020-09-15T00:28:39.408722645Z 414 dQp44hkEIGhR8QrzwDyLEy0yai6h5vhSLl8lL8gKVzeBjZeyu6DYvyiEctNj
2020-09-15T00:28:39.475330556Z 415 qxCZ9tSZeCbc6Duw0Yn9qa7oJ5lysVGEpVOK61GumO8uot777FitKUOryp7x
2020-09-15T00:28:39.541469741Z 416 y25ZwK6WDSFksDv9VQ7HOmSm1cACDazuEy026OrE4pyW1AEQ8bSBgwyWgqDX
2020-09-15T00:28:39.607751305Z 417 ad3fBr3lcL3HTJ2baAPFbdNFZbukpJiT6hzSgBCWJJZ60YALkOjZi7Pbb35j
2020-09-15T00:28:39.674155119Z 418 K9l86xLL1MwLIaqXnpFHFzGUuqbX0Skk1w6oZeBtws8i5FvvtNV5nFTLZPi8
2020-09-15T00:28:39.739857880Z 419 7kISl05g7iLA8MZKCd9EcAODJ3QaIDzAi62udRRFVFEG7Zkh5EKeagaSHIi8
2020-09-15T00:28:39.806282238Z 420 dIG1PujAOcw1G48c5tB5C7QCH8eWU6cMaSEKrqPMFeFKH1frqKokKroK69It
2020-09-15T00:28:39.872481317Z 421 voRgldDHZRRmLMDRUMFBYCM1HK8WsPUCqn0rjeVJ95iJUO5uBcWgYRQpE4ge
2020-09-15T00:28:39.938975578Z 422 rv6cuzSzn5PjkUrqnON3AnJf5F3tq8OhRU56QhKIu3fh6kQnLAqGjAMTtmev
2020-09-15T00:28:40.005344166Z 423 5ZrBJ6iuVzulen52YzSygZLBmii0s1llVS3NY5ztFfiDFULpGeXnnweIaA6E
2020-09-15T00:28:40.070757483Z 424 JWmfZD8cBmveyUjxYLL6oXSSWgHHQ5ogSTSQXtoMocmzcdOqdv68y1TZG9h5
2020-09-15T00:28:40.137338681Z 425 1miy3Yjlembw6YRKLpCqxd1JPS8WDPfbAfz3wP2c3i1DBTGDsovEsybvGR9g
2020-09-15T00:28:40.202876091Z 426 mvHZMNPO6el1Mz2tzPwJLqz9efjBzWkePBVRNL0IVcbaNCyi4wk7qwKhkpuf
2020-09-15T00:28:40.269293853Z 427 ZE7TE1nXr6wt5IOSEJMTjNNkS94sh6bT8kzYCauJeNgsWOjkRo0bBVGPnWlZ
2020-09-15T00:28:40.334837148Z 428 1h0JpBvxmlYFv0xPw1tMi1QvUbj5BNbmLV5kgzd3nxYSlkveQuu8n5b3mfjl
2020-09-15T00:28:40.401035394Z 429 N36PtWHR2wtXVIe4sqsbMep5YHCshJHWvcnjSltSW7arOVsmbmqErhrgmDEJ
2020-09-15T00:28:40.466680061Z 430 m1eiarLdoeob5hXjImSNJUKaOo3TL0L4mUVGShMZiuezD4xnT40339W7HJb8
2020-09-15T00:28:40.533276286Z 431 9rWcJbMJgVPqIae2ugBaa9E8Xa0drMQViFBM1QMdy5PYRmefkqUcMBdt4cM2
2020-09-15T00:28:40.598709107Z 432 w6EkB6h1qCmB9KOVO6NIt0ClJpkjRho9fCm7TvUpeV0Ej86V7IOeZkEa2S7n
2020-09-15T00:28:40.664946565Z 433 WdgnjDLv0zyCK5SLBH7moDLtJCLl4HXeLlqaOBHu28ZRGSBDYfkt1kcdxOMv
2020-09-15T00:28:40.731159886Z 434 Y2tJQcJ9JIb7atsSHOsfIIP33amtyLBVyNcaDG67VNU7gHkH33QCyBUK0AYv
2020-09-15T00:28:40.796908664Z 435 EYXRU8IB9TkHz4cZn6MAbKSzaNuVek2F8W1g3AHMtkR4DG8CywH4j8vBPL0b
2020-09-15T00:28:40.863342173Z 436 oQxjDM0MXIC4SRYTJllfBvB8iiNqp4t83I3Z3Bqi1wv3MDXglgyRsJfsRm4v
2020-09-15T00:28:40.929847341Z 437 09Qr0IVIq8ndTj7FbwaiYsOJ1udw5EGrW3SN8IFbdKYK3tyOVpUElFftlNG8
2020-09-15T00:28:40.996031922Z 438 icaRXwdQ3N7BXwIgIxSN35XpfMktQheLEZwj7VfGEmfq6ehKliyqdFhkPI37
2020-09-15T00:28:41.062378109Z 439 IwzQvUNi92g5kECGHSAnBchKiPhBf65VJL1WCnMTfLU5j6WZ89xQ7mdCV5es
2020-09-15T00:28:41.128880354Z 440 VgE3tuISeXnls7A6t0cw60tMJ68q4uEz6hgQ6OvYbK1lypK9JGLcY0uXA469
2020-09-15T00:28:41.195308515Z 441 SFyH3eHd2ivXYXzZ3O0u0OFRzK40m9Ry4qyLBkVRWd4EoArpto8Wuej3Dh6t
2020-09-15T00:28:41.261096527Z 442 MOJ82NYwSvo3TLkTzpy4kEpqQKh1L8g6vaGicZrCCkJZByuNg6ijNxzjdVW1
2020-09-15T00:28:41.327517177Z 443 72qqgThMMgFT06BoAhvF7Nsd7pkFVaNGIIJ6onCrMDMaXzCZfe0d1w80CNOV
2020-09-15T00:28:41.394423285Z 444 MUKQ2Z9W0OZGICEqJNpE6XSAMYIdJTUKG1FOaNtP3T9afOMpwmn8Ax6U3xzx
2020-09-15T00:28:41.461205749Z 445 33OtTnjx4K4ZoWO7R8Lz6juf78Dqg1W5PlS3CD6k5nBnhLeDO0W5BJxSXpOy
2020-09-15T00:28:41.526826012Z 446 h2IMAWp8JKetGPWbfXIc3ez04pe6kukI6ttn54ayPprCpVZ6Ex6WYuk4p0F1
2020-09-15T00:28:41.593213914Z 447 uD3KnhrrskB0Ek54u1r6Fr5lF7bfzwA2lur43BdgXjEJZ4TKIXTy4bpSh4WN
2020-09-15T00:28:41.659301495Z 448 1nufh22kiZCMjolnNKVb2iMXuSbu89UcyPQZx222AGSk3sdE8mBDoy5ibK7j
2020-09-15T00:28:41.724566604Z 449 Wz949YcZsM2o3eTgR0GKBf3vmi5eicquRiR9UjxEyIvAROWTX2wrn3tBjAb3
2020-09-15T00:28:41.791454559Z 450 1Ecn4RzIY8uZ3VoyrJZDeP56MCKnamz3w9ZqEmWEK85EBCg6CZlxUv46oNTT
2020-09-15T00:28:41.857445917Z 451 LUIINgZGPFpcT80nsvWbIYuoCGSAfnDIjQlFQepGRV0AN1M1GNgIzaklszyH
2020-09-15T00:28:41.924190995Z 452 BCwhKQV2wKWHwtj4AqDgUg8qPsASZ3u8dxVwaAdwKsZGzE4rk1OGrKsCq6JP
2020-09-15T00:28:41.990132708Z 453 AdyBLrNHKEqTHMBE3OhtkbAMOjny5vN1YI2ildB5UInOBsI2cTqtMiXvGxkc
2020-09-15T00:28:42.055610799Z 454 gAPfkKOz78Khm6jNdtJUW6zxmDDhgVvP4I5RorlVePHsP3uykr83uvIkGl3q
2020-09-15T00:28:42.121991309Z 455 i1kUdH9bJNUsZmVf63KOyOhWe5feaEdzIqjoTuNY3vAXMkKQ8ZAsEaWcQjGQ
2020-09-15T00:28:42.188316788Z 456 drNzisS0f7mCJ2vB2c6tc74HqOcsi4H3qf8IQiZ3wj5wStrFuCMl3dbKWHBk
2020-09-15T00:28:42.253718084Z 457 Xila31bjcelyBl4oBMTZvoOTBlEmULykhfwU4XrvgXi5duzUATSYSmKnvFks
2020-09-15T00:28:42.320020773Z 458 UcRudymLfiNQrvfj7o2Nd7of7eK2Rlww1PwgllKbyll8S0dJryxMXGfvdVGY
2020-09-15T00:28:42.386256559Z 459 Yn9tZwJ6Nfc7WdZ3uIZjl2N0guAOM9NuGSWGjchNWMNzGwqcantc4SYcipzc
2020-09-15T00:28:42.451693715Z 460 j3SkEzdOF6IYMbM4dsV7q4xP48pkTJavE0ZnzrahCuX0vDpWkgg5op7Tc8yS
2020-09-15T00:28:42.518484388Z 461 k7IWmBp88nuERjBenCvKFcLvuClc91lB3QoYCmzICrZYbrlWtTMez2TYzTak
2020-09-15T00:28:42.585216777Z 462 juxtVNWEwAfK74kqymqMapKLGENY9VjUS3etnZyraIN9tvwNsQFwqrZTUCib
2020-09-15T00:28:42.651583527Z 463 jzSG332b6mz5jFIrTkEwMESgnFpKpntZlfI3cYMhlRAhX9Nsb5B0ZC01AMQi
2020-09-15T00:28:42.717844507Z 464 7cl5oyoR5qPwn6i0IbpGZ1mvqnyqz48SbGse7e3dpjgYR0Vm30MG9fxBawxf
2020-09-15T00:28:42.784044959Z 465 mCtcY4iNvQUCudQ1OtXMuXBQZ4NDqiokhYjIzMFlzAw9xERRONFe2gjvwarr
2020-09-15T00:28:42.849912237Z 466 plbjUXyZ0VnpvXC97RtqH8TFcee4n2l3n8HNvpHr7NLoG33G3gUq1NEklvOU
2020-09-15T00:28:42.915842806Z 467 FJKKXe1IoCnC1VcDLvJdIkZv9Ic1Lt8MriAcMqBrYHELcIXhtQRPvKOQzaMu
2020-09-15T00:28:42.982285188Z 468 qPyh8a3LNoh89IxBbunIO6c2MMYDPeBbHULcS8i0jt3knKAGc77V8GEWhAMI
2020-09-15T00:28:43.048248657Z 469 x9TPGRN5F0io0P9mNbZtq0xZZAqc2s3f11enZwgNNGEqd7kaJbmcPMMRDOpe
2020-09-15T00:28:43.113911666Z 470 mOBgI898Impk2vRLzVK0aiYUstnqzaVRWo4xk6qdLi8foMjTSFWXRpaUo8ja
2020-09-15T00:28:43.180045928Z 471 bgO5iq8NPI6HXoPSY5OAdf8mVDWf1J4zSso6OuChHox8DQYcVX3K5buFaHkL
2020-09-15T00:28:43.246533103Z 472 VFpUlKPWZGLDM4SoAvPJlpPRUFmqk8I39oZVryrIFX9CSfkWVj4dEZC6dLH7
2020-09-15T00:28:43.313079064Z 473 thNPiBWFods5fza71KdkkhrUPIBEAi8LJKlP4Jn0Xr0AqJvAZyih2hNJXygK
2020-09-15T00:28:43.379478837Z 474 KBujuIpdOMai9LOXsZwEyRYmjV0OpPsjwCyukGS5sEtpdvkS8ufI1rzb3bxi
2020-09-15T00:28:43.445479080Z 475 v9MXDuH5zZQOP6sUNcjnBVYFi372luNcAXRRccwumeCZpEPttjKLElVKlhI2
2020-09-15T00:28:43.510843693Z 476 FpDuSPA9PYXUmwnRYKiMqSbhLocLq0mCsy25YdhJeNq1ePzCC8eGqJC8RKHx
2020-09-15T00:28:43.576917826Z 477 SgJ6MUv2SEoKGDraWG1qz6VYvyEmMJ3u07ss4zrO3Qzc7B4Hfcpabq2dLJyp
2020-09-15T00:28:43.643088377Z 478 eVFHMhPEX8ZgL3VZueC9mShoMrmtvybRqdDJNRZ1AVIErNx6noUsY88fdyhL
2020-09-15T00:28:43.709352125Z 479 xgk3v3Zm71TeHCSjsAm2BYNyA3LiDw6sFPvVw4s4rGRAFV52Nn4Tp8YO9H4l
2020-09-15T00:28:43.775386779Z 480 gtvwjGG3mfd7ZOe91UeHE6IysdKWy0qqMbjOsWWfBQKGkcFDj9KEATeebY9Y
2020-09-15T00:28:43.841654954Z 481 VL9phcq0coy86qwkBCavpxETxHmEjBVUQuZ4kSA5MxD52u3Nmnu2X1swisbE
2020-09-15T00:28:43.908387391Z 482 Pb0hQLpXRjZTtOvYP8Xuwsc5vYTf69cRzZF19T8koBrKxkX6tNGTtskGWkrO
2020-09-15T00:28:43.974517738Z 483 0MgMKV8U7hOBMV88Ye2GWOUn8gANfsmPwYQx1McbYaFDRq9Hp4B07DwsLMyK
2020-09-15T00:28:44.042022350Z 484 LJOa27E9jAVZjKgZpgppQ4i2RBPrwTk0Bd5B9FNfjPjeTQ6zkXjB4VSwZcHd
2020-09-15T00:28:44.107777831Z 485 lVEd4P1ZkkzBIizYgUNcHGLb8qQpJxZ4YQtAwKIkVvb3Pv7umWevNLP7rqss
2020-09-15T00:28:44.174542227Z 486 XG88ytkKXgqDO1sTFnQkqku6AGG18HnS0BjHRalFvbdf5IjNHIhwMhGdw83d
2020-09-15T00:28:44.241591997Z 487 8LGl9p8KAsCPFZozhyyDYD1FmRuAnLrl29nPqwYlhcwLpVzJavoqh9AWV8tc
2020-09-15T00:28:44.308396186Z 488 r1p9aLySD20gb61bP6hNSABAqOHX4opMMalKe9nHQOslTbg5WpQaHVff2CUu
2020-09-15T00:28:44.374737996Z 489 moBcsvqJKDCrAMqgfkbIFvHSyEFWWrjYOTilKgg00yHrzVqRUjNtlh6XJhMz
2020-09-15T00:28:44.441518189Z 490 8DOWEpFck5LjVtpyv9lIoADVRa5jAgq7VhYsfxC58CieIXpVmVlxjfDEzN8K
2020-09-15T00:28:44.508865334Z 491 laR7QPYGDzQUISbzBZ2ck1O5kcg6YzIUTpZn8jerCAOR9OqpoHtXfIrqWrmc
2020-09-15T00:28:44.575213526Z 492 qpVMlH4kVYlwmshrkvZ8pMY0umkfpB9I3uONYfWY6Ep5HS8OoLvYJ0pfjJ8g
2020-09-15T00:28:44.641675312Z 493 AheFzTki5hX594FlpE2GBQ2qEydYaCEV90rDkzPuKhjVLf3OCpMMIyuoZogN
2020-09-15T00:28:44.708923699Z 494 NcQ2WBQQ3gv3Fb88mTgk0RusZUGux2lhFr479uNGqbGloEhTrLmQ6CYudnSf
2020-09-15T00:28:44.775696426Z 495 zgIp29UzsdlGWQf6zlzRa8Dg6NjyCVvzUHmnNg5tUrlCjS5yLGRjDVsZOat9
2020-09-15T00:28:44.842211298Z 496 eDJp7GxPh8L1ZUgkJgmkd9V1pdktcvMXyxPgRpWah84TCYmHwuUHYhuLk6fM
2020-09-15T00:28:44.908779755Z 497 TR18sqpZy2yYiBIF6Q8DqXGKgBlanN5CrXql33HGZdfpCcJRSvhjzPW53cQl
2020-09-15T00:28:44.975066380Z 498 Uongk229VEnEPcwFKpHOSn82fP2mkN7VJsCnhaKPxlX7lfbYgpyTU8zeXf85
2020-09-15T00:28:45.041026064Z 499 gWDzVMkAZMsjMviicnqUpnbqFvyjjfmJyXaCVKcUQMHB3NheUwVbVCrJCpOH
2020-09-15T00:28:10.763553792Z 0 Bnr4TEdj39arHb6LyA0b277Tk7DuNpFt2HFcXnfMZrtXnRqqQEjItATdgBAS6v
2020-09-15T00:28:10.830441188Z 1 XrT8g3YvBxCA4NvnzBJby8aANpRX9SvxjwX8sgWyuFlS90oVklF2X8IFe7p5dO
2020-09-15T00:28:10.895476474Z 2 cseBofZVoxKpKSiNwJakE7KW5TOYbjetwdbRKRKJW71XqAdHiOYIdp0IQFSQ7b
2020-09-15T00:28:10.962224913Z 3 RgQpkU5DHB4fExhYMkHrL6vCKsuEPNMJm7eH1th38dWMcdWK2lBtJU2PCMecgI
2020-09-15T00:28:11.029734722Z 4 qVfCb3LJmmU5maENCbrjKTXbdEOrxmxrlA6IzwQFMdtwPf3WjUYutK0HX3BEDO
2020-09-15T00:28:11.095673420Z 5 G0Fu6Ne5XV0X6XzUdJhMMyF8niWRit2nPZYr0Mnd7kME30QGdQ8BpdUv3OcnIh
2020-09-15T00:28:11.162405532Z 6 OJZgBK1iiYi8MfxNtF9EDRSsRLMjzOkVBXLRocI8OrqieqIIB68UrKUSpqsr4E
2020-09-15T00:28:11.228684047Z 7 bN74trdrscfJ7dTR01P2BAyXvs9ju3camjLERHrM7a4DsSTLgU1ZmSSHTutI5o
2020-09-15T00:28:11.294957449Z 8 LzeU86lbyBhRjR4PrWwmQ4vcdtVJODDSmHjcYpsvMYeRI2SL5DTWeGBulnR2KL
2020-09-15T00:28:11.360854886Z 9 3KOtEe5Ajz8x823HSBS3HXF5cZ02sWCjuHxKxdhMYr39AXf1YXFAF6rsJDR1WL
2020-09-15T00:28:11.427220652Z 10 HvEYuvcDNi0OA8t2TK1Gcm1un9JAwARMSwudsWuQQDBw2dDE0vom4f6nLjkWz
2020-09-15T00:28:11.494569590Z 11 YF5wMuNOhUiwL1Lk6W28A5AlN0lDjHzZys4jZ3iiMWRFU8BwmzEsZtmwzkaTZ
2020-09-15T00:28:11.561313443Z 12 iqfAK9Klz1xHPKAbQdqlJtch18NV6k2bfdhUm106RHLmbAhN0spcP1q9yvX5u
2020-09-15T00:28:11.628487395Z 13 IbUAvZnAZQcL1MkOktoe6nPECcPMtHYvMPQ2dUhYO28DZTGtP0d8NLzNuYh2D
2020-09-15T00:28:11.695406521Z 14 l0p3vDftIYqoyzoGcG1F4p2kc2wdXhL7cYyr8cFKxo2zftYHuHRx5eyGFtH3d
2020-09-15T00:28:11.760792326Z 15 BLrNHKX7lu6mpDtKlSlnrNQPwuog7G6WuY3ax0BxF4QZ8N4d3SXwRqAwjmQpD
2020-09-15T00:28:11.827542857Z 16 tJe5A0vP4sVuCZNqfhBC4MQ2TGCIUR6j8CxCmPnDZblkB4N3GrSurXI7t8noT
2020-09-15T00:28:11.894228453Z 17 gvgzs88USU14e9dczdaA6OZEGWGqC9DeHgQCQnjX93uC2ZoBDBgf73lFT5EvV
2020-09-15T00:28:11.959760722Z 18 hpQv6ijTZSJLzO5jelrmSdZyanU2qbi9gx1MNoH5kG1weKcSfQptXz5Le7w7p
2020-09-15T00:28:12.026428478Z 19 mO0bsCC2Grhok9rECDzyMwEwXDolM9Y0V34S5P1TSW5MEqc9vX0kSegAgxDUV
2020-09-15T00:28:12.093438275Z 20 jf2nto885yrttOa5ClCJ9NQNWgxevwEzzoyOwy9uSb0L9Joxqx13MabHefltA
2020-09-15T00:28:12.160204293Z 21 ewowTF6AiBGlc8RiLuOrScOqgLBrPrTuAsAvHKLjrBhE4ijd4LmGwqgNKWD15
2020-09-15T00:28:12.226956430Z 22 BumH3XF8wri7yeYlDP6zKLhBQDijYlniY3jNAPnMSkLtc5hV6AgG4Od3MBsmL
2020-09-15T00:28:12.293725892Z 23 zDZp9M9OiUEv2HOPYjCp7nSi6nNHWa8cZRe7fKrNpkGaCpODeCkhZapmiqyWX
2020-09-15T00:28:12.360071906Z 24 tXmG56eu7RJ02YiZJmpQhSr52JuFLmEGbRQc8CIDPwHVAPjPozQxooIfXVSA5
2020-09-15T00:28:12.426390603Z 25 SRBCInrAtho7eLQwnJrvKmtnMxcQatBOW3MljM6s5R1r1ppMOf6tM7wDh1JiX
2020-09-15T00:28:12.491948319Z 26 20CS7SJj6jUG4QzA2G4rymPRbMo2T9mL7HFP4e039zFSZBpgfypE7oltInzeO
2020-09-15T00:28:12.558432588Z 27 3oZJ2VSlhml6wuQ4hIX3B12f1QlXfZweTrKzQb43UGx7j1WTGFRy0EMFu77PB
2020-09-15T00:28:12.625410922Z 28 zmnNS6yGZHGlI0Uhy5JBagTd0mxV8B5i6RIwSfNVIw3CGugdGySiLzKu6UP00
2020-09-15T00:28:12.692825212Z 29 8GSw7UcYE3TuChVXweiMm09LOYLbrcprhuZ4Odr89f7njApgTcbiIeBupqKTm
2020-09-15T00:28:12.759145853Z 30 i54jdQthparQwtfxchgLPDGTTmfDIx5GgWrNaSdNC5dIdgLUTgh1QzbDxwPUI
2020-09-15T00:28:12.826452554Z 31 DOErgCrOqM6CMDCljIyS6ana9QeqXB6AN9MOZZADVkGqHGeeXKlsioDzFayyk
2020-09-15T00:28:12.893842231Z 32 QWXUOSCOBcTMqAt1Zce0o6IiiuBUc2d9RRK0TTny3rbjcK0DCoJk1MjNlAuL0
2020-09-15T00:28:12.960120865Z 33 MmpC3oy7icQKA9GuiEiMMmKp9X8ACZ8N68Y3WrZVzXDxVOI5R7QrLNfylkZkb
2020-09-15T00:28:13.026107565Z 34 pcP1InZuPe7aDmqL7qNFRh4TYasGXV33ek55JsO8INhNhlnRj7zttXC6U176H
2020-09-15T00:28:13.092460042Z 35 QtNeQjTp5aGZrqSkXGWbAEIrSyIBn5lgJqzyIjfD8yhkmTfT4sGGcCjuUuLfk
2020-09-15T00:28:13.159499454Z 36 wpGwf3ymg0kUtrkpJQwrSK905BRwX5yoKzjikqLDJAFQQogCBG2FgdSzwrojM
2020-09-15T00:28:13.225507137Z 37 l4fs16S2mk1aCqtDVzplnPr99bmb9BQoA9TB03agCdkz9a6uHo2EhfmNvUzqF
2020-09-15T00:28:13.292394913Z 38 9sYiXfGRFQn1ER9F0BuQBsdacURut333QKB9jDOLs56hUWA65yzdkIGEMJiEU
2020-09-15T00:28:13.357999521Z 39 2uj3z8BboUweBB9mb7yUK6iJbFnysB9vyVKTtWQmnt5EpfPkBk8WcwfOc68U1
2020-09-15T00:28:13.424231052Z 40 nOjFEwSMy4GJtwYYi7LTMwVKfCMeasE2RkNgugNZvYpaZzY0XSW4f7l9BO8yX
2020-09-15T00:28:13.490693541Z 41 DdCjkDh0wPeOhqd9R0QoFMk2iYCAIlt6JzlKjzfdofNMRsxWiFpCuPEAn6Z6O
2020-09-15T00:28:13.557188105Z 42 BvJB3sSeU3y8ZH3V8OGGtB9jka1DKjmKJzdp5eB9PoSBGVc2nYXwOOnff2K1d
2020-09-15T00:28:13.623477242Z 43 hyKwPYSPteM67BKiPRuBgWz9hv5aCbCe6Oowh4LfBHPGejuWU4nuApPygbCvu
2020-09-15T00:28:13.690085386Z 44 f8jH1lk73snoz1DgD5659EdcS2y0PfCKW01LHKmmWEGUU9YYftetfx2Xf6J2r
2020-09-15T00:28:13.756244436Z 45 S1KilsVSsdD9zPtKA8ZPE2KeKqxjuCrtNFxO0uzEMzdRk90GIhpHVeqo4r2Ba
2020-09-15T00:28:13.823504064Z 46 PD0QPEOGbQumtv2hrK8cvM8FdEvekOE11SxdBExf8vY4xKqFbb5Of4l9OCh2b
2020-09-15T00:28:13.889050645Z 47 aRKJPOSqirGJ7CSJPtGsZK08CYTCnUajPwfkCfGp9LbpyvgQFiVI4mx6syxEC
2020-09-15T00:28:13.958672422Z 48 RcHHcHIXuAV85jArjQL3CPJPE0QJ81980MN8qGQxnL6GJaKg6CUb8PtQrHHBY
2020-09-15T00:28:14.024985080Z 49 6WCQCDL7VelqksdJDo4QFxGbXq64jRAax3clMNrdjrSBYCuyoYOiQoE9V9XtI
2020-09-15T00:28:14.091522682Z 50 C4SPvX1sm0X3g9HQbJEZQYWYJLrOt2Hg7CHKvdWPuaXrtLXMYJyTmMXoOUBlt
2020-09-15T00:28:14.159268850Z 51 PJYYt0zkS6HYhln24T8viSl5pk0vIuVzTjLGc9cArOb3j4YW7Z6G6gkFOMutZ
2020-09-15T00:28:14.224761213Z 52 dDECrD5swlueECmpDdv4zoN1XJn7GqZMa5uQl48jKyJGr4G5DMMnTZlFW4KPo
2020-09-15T00:28:14.290855746Z 53 rtwSUYG0bNxK63l2r6LVt5XR1Y9Jr9cRQVFhh0BDYvkEi6y96pS8D8elWN0mO
2020-09-15T00:28:14.357093802Z 54 nUIMBIuO6i3JpZvij7o0w9ezkny2xJDhomN0blCyTGIeZx0K5nllf47Ap4z3T
2020-09-15T00:28:14.423189018Z 55 w2tYk6FVYouNPB0KU0G4FkAhZ730ORTufqH9OI6pCe6arUX5KMTK1Y6fjBFRb
2020-09-15T00:28:14.488856030Z 56 d6YaXgem8VDlKsu3e1iUrrMmCglsE9kJFAH2hKX92O5EJEhM734bi9doDsFev
2020-09-15T00:28:14.555267113Z 57 v4tO0G1mf2VW3JeHq6PI7KmV8Zups6kVOJPtivsB2F6dENzlWSuvE2D1JGcNj
2020-09-15T00:28:14.621645663Z 58 sebsCuYMMniIcRwwmoYibGalOs0HXqSYe9mL2wnXSfVhH0XZaoKiscYLVh7lG
2020-09-15T00:28:14.688103737Z 59 XOnCntc6FviEW8X9sG2LPjwXnJMMAq2ys8WKcImbP0F0Zdfs7KqWaGLKHjsHE
2020-09-15T00:28:14.754220330Z 60 FhtxPBbLL8XZPVQSCAcPnwuudWzYIXFk0VNVKEuBvRsxp63OWJT91PD3ckHzS
2020-09-15T00:28:14.819884248Z 61 yzLiBagud3C6J8o4rLYL79JSro45NjAnwOqa92b7299zupdNHdXNNbASXjrKD
2020-09-15T00:28:14.886056783Z 62 4ETOxtbgVTaceZhzLJ5krE6fF8B7u8JV97NTF6S5NJPTgda8gjy6rXlZ07olZ
2020-09-15T00:28:14.953076212Z 63 4ZuyXgrZcWnZGMbGP5Mek1HeZeiJC6pUHY93rwqJlEjPftQWnboDmFzUcRVyA
2020-09-15T00:28:15.019188121Z 64 wTHzcesDjwRyjWUW7xzDynRPUw4TIhgaCN2HoeW9AbXMSBu60uMh3cqlJAXY3
2020-09-15T00:28:15.086050245Z 65 RlD5SlHxqn9PkOi3htkYSWvfc0vO5qbM9MeQb449RypKuUvNON7fQaKQMvPBt
2020-09-15T00:28:15.152710061Z 66 k8VoUUJt1JJ3YsNJTIbTDYVWWUNrFRqxhzCU8lquiXTWwQ6LFJJiHODNvxAEU
2020-09-15T00:28:15.219293077Z 67 BbI9hbeJ4F7Sa5G78XLwJuAjmfwmCn64LFpVU4OWCaKSXuhWozxo7XThiQFdS
2020-09-15T00:28:15.285571203Z 68 VKp4a12YnvTDcu8cLka9fqetN4HD6FS5EVwD51fMH95iuwpbgsNzGAkyytBQj
2020-09-15T00:28:15.352799381Z 69 1Denz0jniD53qFWzgDEr0PkHN0bLUkLsxfH2MZOEwFAEf6mnP8kFnQTN2uKKZ
2020-09-15T00:28:15.419423088Z 70 MVTpdDti8UjBquoZqDjGSL3jjY2LpVqU7xYGc7O1XGS7YuMG8obbEaQXOsiYD
2020-09-15T00:28:15.486468875Z 71 eMRibgrQ2Zscyj7IoIn7oQN4gOkdzovg0aC6LDviwQa7J30OPGr70Iy5X0FIg
2020-09-15T00:28:15.552582437Z 72 LjydX7dKW2yQYhXk5RHAl4Z9p7BOzoYM38lb323JxxAKHkXtlXnMfl8lOJnOX
2020-09-15T00:28:15.620911884Z 73 NS0YdjL6rtGd8kP33RBQeujOTxiOONXdmxUf9WoMTLlFtfmm3SMmRY1dF5UcZ
2020-09-15T00:28:15.686912298Z 74 hmteuSWj8NcTtpotSHn1AkbhXiqRR1KfylhY90x5YWEogmF1aZZiwUzZPJJZZ
2020-09-15T00:28:15.753247808Z 75 FSjbcNqIyzONOUBvvXn1jGqrqtHCySLgpOjloxhWOm6MhQGeZ4mz5VGj0AgGa
2020-09-15T00:28:15.819431686Z 76 FfjaKkFGhNc0bf5f2NXkbicz0mYRqeFGVEsh5C4auIx6xzZFptvlLizrmLbXD
2020-09-15T00:28:15.886183910Z 77 GrFcNfdC7WR1SsAb1GEudRA4zbsC2Mgs9UDs9D60ac8KBWC8PBQyqjsEYxo9T
2020-09-15T00:28:15.952412983Z 78 F4HAwTSujZ6mbbaWVz8H3RarMPSPZ9P1vUcPi3p9nk8u0WbKi0FehfIA77PyD
2020-09-15T00:28:16.017673764Z 79 RSA4UEssRnQsNteokm7Iwx5PiYDG8paisDgHjDCDVJdUDESm3uN1Dz9NQyrOR
2020-09-15T00:28:16.084564165Z 80 pt9sZ8svIWSw73fDvdwCXNcjWKvcJWNJkjCFnXVF3tOvZWppgCDY0Jb9dbxuv
2020-09-15T00:28:16.151572383Z 81 wTBfUmV3pkREfnYIELh7qFlhWGPAsyLpxVCwGXPbgYHZkDRmUPhneUAusoG6g
2020-09-15T00:28:16.217755035Z 82 YpFqIFGseMg7y0G1iMcJ5hiUtqqBOCA6EawR2Ih7XpGPbhsBaLPlqZXNp4GxM
2020-09-15T00:28:16.283883196Z 83 A7UXhFCXUHEAezOG5LnMugYpigEQ6eP91xHm0vPrh3Ljh7yLpbaT4O09jktqJ
2020-09-15T00:28:16.350585946Z 84 L2djrNRWfLwOjaUt3yJlyeGv7tTFkTM3rIrsw6OdEYui4lK9LLctxMaxBI2N4
2020-09-15T00:28:16.415936493Z 85 GzTAHoyGq21HYSxmcALaBWD7xNLrGMFeADZnucUbb8AY8q8JPUjDQya2jktXZ
2020-09-15T00:28:16.483176363Z 86 lYql0IrYRnRtk0lBMv4xEQ1i777gJvzcnMgYWosGsqDSr0IpyA0B4vEQTeAEX
2020-09-15T00:28:16.548926675Z 87 q6IjH7cccZNi7IEkmniFl3Qim4CxBpKGDrz49USKkZrF41C1JuFHuebwhr0BX
2020-09-15T00:28:16.614843683Z 88 QlXeetxfKi4jAoUry4Z8w8FcoCNbi9EyMUWMGaDHx4U5pqtgjrkKIhepAvhng
2020-09-15T00:28:16.681576438Z 89 KpUuLNHuUV9kgUe9g40Z8OQTZCC7i6mOe4HWy3G0WBKZKFjBIfoF01X1VC4mj
2020-09-15T00:28:16.747786428Z 90 K5HwUWA1D3laHeRVMvNRl2rognbTQstWKbcX23mVSgnuTvvTTE37qAQgkDqOp
2020-09-15T00:28:16.814091844Z 91 qR0jtO3eYTvwErxmkjaa8KpB3dor9SrJPMbtEDtk0Kjip3HYwCvVvDHpZofuY
2020-09-15T00:28:16.879791609Z 92 nWOOyp9nut2mgciWdEYRyS1ovevh7pHzh44cAmSbGIfQBdDctqG3xcdt69UmC
2020-09-15T00:28:16.946079841Z 93 6GxRmKCSxeJqHnRRWYA5MPTsEkcMUHF8mYMn6uzLmvSwmN1CXuh4SUTPi7xnP
2020-09-15T00:28:17.012300907Z 94 swn7fRq6ZrCX2KiuT43vnOqCG45nNihVp00pBEQDQTWiVdrtp8eypXuuGRrIt
2020-09-15T00:28:17.078891576Z 95 ROsPrEamH4I7ERcmaKI1IUZeO05gKJ8vU3WhfboCEMG1Ht1LOblN9slUXL2hP
2020-09-15T00:28:17.144530507Z 96 g1R6chp02AaealIMxnU8lnLbXtZR9wCcxTEyb96DIyClxZeWETsPPLSek3Hut
2020-09-15T00:28:17.211161571Z 97 BKtwlEk0gp6XEk4AsFRUXvwGr2MWcvKe75GzJd5aLispIHJHDzpAx0WV24cEF
2020-09-15T00:28:17.278162317Z 98 qWARC0R9zPKAo0C5llLBa3Db3oa7pHhrNcakgDB2i8IlxCaTJieQWw67loHOa
2020-09-15T00:28:17.343799865Z 99 2dxk66ASKHmkPiNCFacHfKjO2pbG1LUFYDCLHyZCcrjhKtKyk9T0rhf8aOOQX
2020-09-15T00:28:17.410095864Z 100 xxoZsd4oeuxa1LR78Qxrhep89Xyu9NjZIj2xLXseD2I1XavUX8p6oXOIKkL8
2020-09-15T00:28:17.476783083Z 101 NbB9fnh6z7XSFBczUwfBIPkg6W1phadY9ZEFW3FyaWPk3O1BhfTv7D0FKt0m
2020-09-15T00:28:17.542885270Z 102 VxIwHHQxPzm7LF9ne9I5DGZSlDfSTYWwvxhavSCkA6H03L3rSm42Zyajv7H1
2020-09-15T00:28:17.609510039Z 103 KG64RtKZ8MGfic6HqVYiQkQJaN8gCVZ3iPxlHtVLbP7xj4wrHQ3WRkXoPRbP
2020-09-15T00:28:17.676717752Z 104 wYlgIf081oZa3CviuPRMEome30t79a0fvVgb65JcOh6dXDtipwS4hjXTcoSc
2020-09-15T00:28:17.743518720Z 105 sRPWIX7EzwD0D4psQXst4UvYothOq2Loy4zVUxttoj2yzaKQNWbIveYcZsRT
2020-09-15T00:28:17.810380478Z 106 g1oeKPxfXBqAmHcznXaH9vWh4h4vLwzcZFB0G79utCOWGY56UrLVZmnsuc1o
2020-09-15T00:28:17.877377050Z 107 EObE7PIG9eOPsoiO3ewEUe0Yo5xH2qW5jEwXGAVmpfBkN48GYSxpfq4kFhRO
2020-09-15T00:28:17.943232458Z 108 K8XNIFaydiS8ZVL5AakQX6nBav57U7SgOef3pIS5SrsjlRbARyReudkmiYlq
2020-09-15T00:28:18.008806432Z 109 0xRhYf4TJW3n8emp66LaKPcT3dD3ZXMfdZcirSsYBjSdTrGSqF2dz0g0AQdW
2020-09-15T00:28:18.075061308Z 110 H0eHKhpYOUpF8n9KxvYzpkvSSgiKScuClu3YdqD18u3bHYWcpQ1fD1PP3Jqu
2020-09-15T00:28:18.140884567Z 111 oGoVx3x2UeBhCQzIOkLrDmASn6Wk5NI1ma4kL1iCq2uAzhwQlGcCLifdHQiT
2020-09-15T00:28:18.207631446Z 112 UO1vcIUSo2O7kCw93ZwiMGKQ4EHG060zcvwXJqdQzngJNAXKUh0fEpo9DdHa
2020-09-15T00:28:18.274265839Z 113 W17GnTqGGKPqa1kPxiWVOGxoQJuJg5e0e8VTt4PcjgF7XTHyJAI3gyrcqbYK
2020-09-15T00:28:18.341535682Z 114 5qIvtVjtbmpyxdCJqKnSrPXd8JRSkyjlAf6THebahxrGaT0g3tKEM9ssJkJt
2020-09-15T00:28:18.408262559Z 115 hSy5ZeEySXrXSBiqOugjD7vEEy75pRrqS2yyO2YoRhJ3TDVCUiGlz2oLgm0t
2020-09-15T00:28:18.474605664Z 116 8fse81K26qvg8udODKGcxixJfzZ6sOAUeIDYLaeF1pvJg6jcRRVtN8FMj1aG
2020-09-15T00:28:18.541201730Z 117 nwSsmtz5TxOIo2PAF2hFKAin58wlGPA4WlfgLcMxJEsv3WtlfMAvymdcroM1
2020-09-15T00:28:18.607112112Z 118 uclM7HnjJW9170xe1y9rM2xsDBmJUPzeQHQCZVbv3FiqDwJQbNLm0jnYabJ3
2020-09-15T00:28:18.673592925Z 119 AOlJ882lZ47GXZaT2fljyS5oQGYdZlV7hWufTjLWUYs6yj4TbApd9VpY9bB5
2020-09-15T00:28:18.739388044Z 120 ZzozmGmTL5EZFvoMF3CFnL4Neo9KKKSSPHWAlSCMnQGx1II3c32juLaV44sx
2020-09-15T00:28:18.806210968Z 121 tQoeH1Z66Nv8NOWaDtI664wJIqI9GVPi3h3ruU6uysaY615ve0LmIdmKMcvp
2020-09-15T00:28:18.873456388Z 122 qwfybpPguDUuo2uJ2zgkfs0IYafO0wiaSKcm3xT43WrtHpk36FFP4jJ9k9hm
2020-09-15T00:28:18.939761157Z 123 vs7OxUbLz7UkS5003n60Sq8k9qVUFmW1sLWJWuDTr39DIcwUnYqjQsDD5Pfq
2020-09-15T00:28:19.005850747Z 124 nn5CRXenGqH8S4XrXg18InauyQZ25hKLECepi8c9XqMrTJstSNHFmcBvCqqI
2020-09-15T00:28:19.071923333Z 125 wLUsS82vJOvmzaOSpr4bmZAIcn0GfTb4CxnOhgrbYFJdoOxZeMsHsqIZnIeQ
2020-09-15T00:28:19.137713265Z 126 9RVatJNYq4aE1yM91sNb1qhCg8FRJDO3WAq9QM5YhqjlQ5wHSIBjIAMGPzhy
2020-09-15T00:28:19.204352159Z 127 nao4NtelYz5Lb0SKk3CuSURMX5Rxqpk9UGgnWdd9xBMKGrqA8ZRi4up6R57g
2020-09-15T00:28:19.270484830Z 128 kBRHhNew4tfGSeAQIciUS1ogsEk16j1eIKjvBadydCltjoN2DChXfG6xONQL
2020-09-15T00:28:19.336760495Z 129 dEVBYEJVj2X8q95R0Ae0vGSlN88Vebcus9czrOtRgNVUXNykD6C98QU3DmTG
2020-09-15T00:28:19.402954416Z 130 GTFjgv0FNB7EmZfoCPZD3fNuVOkXz4MPjbn7jATQ9c07QeWLwmVDGKKs5oF4
2020-09-15T00:28:19.470734996Z 131 l8RmltM6zkrhIBMgnxRNDEXU6ek0V5A5QjNf37IarWjeCTURM1mJwXQ2gzJu
2020-09-15T00:28:19.537026017Z 132 aWpRzNCRXtOZKdQ1FLpBtC4uDtDQ3F8AdS4PctDzeaX1HjHLoIi1VUkCTSh0
2020-09-15T00:28:19.603278294Z 133 DzuEBu7lZbIGzJJCBRldDYrRdxUnHivStf6GdVgiEqZDkzAfbOGLjXiXuO2W
2020-09-15T00:28:19.670274755Z 134 4evyChcgy1emXWTSd1uMaMD3P5Ys0ZRjZe15APeFkOAkTOZkNd36y6sztYHN
2020-09-15T00:28:19.737027648Z 135 VSeKYPBUtErUn9lFJeugc9mWlAgk3DYWgTMKSY36xqlPzJWDa5yJ8MbqfoT6
2020-09-15T00:28:19.802773960Z 136 lHWTK0w6XQuJM7DQLhCmgHkvJkDGSiium8kETe3zJLYLhhZ5Uni418eMkIzt
2020-09-15T00:28:19.868531413Z 137 C0hQc1s7AuwXKieDisMqlEp6yUKixqrXXLoYADnVDmNOjI4xroCaL7PAZw0b
2020-09-15T00:28:19.935342107Z 138 ApQPuAzmvc964cu1Hz7DlzNwc3Sxb7o8vEO6abIEyADWuRSGQArtb9B8Uowb
2020-09-15T00:28:20.001678991Z 139 M0404l91No3bArZNJ9TIOfP9MTYm3lbmOsPDHziaVD314KXQ63imZMlYVdpK
2020-09-15T00:28:20.068080323Z 140 r8702QIp3TffBbNnuiz8UYLzEUqBr5aypXk6LDSDprJpOgrMpkxL6muW2U9H
2020-09-15T00:28:20.134147293Z 141 LKbJ3W6S2I9BZueom60ZaHhrXgryN5jxX9KVK3hpJFwrzDaL1RTzHjgsOCnL
2020-09-15T00:28:20.199675889Z 142 jF1emHd8gZucwLOcJS2ZGVUmdBc0S61Bbmq9olMRelXUQbwslOk1kHzXEYwn
2020-09-15T00:28:20.266236409Z 143 c7HoEF3732I6sKFtYb11sEAxrECVHDUrriDxnEoTkLaZWzg40ecKZCkk5TEz
2020-09-15T00:28:20.332047466Z 144 KuWw8xsUYbrXX78coEMzfi7FwyKDIDBj0rftsC2qjRSA3MUFfhrN3Mattivb
2020-09-15T00:28:20.398940741Z 145 nQwlu9B9Umw1K3TOX2LAjojos90DuiYzExeZ3pOs7HFJOHDPYKo4tDIk7dSo
2020-09-15T00:28:20.464516126Z 146 jo2Xws3NuJBhncMb9g5xQgnHq4Vqo8CnU1RyidfNapS08WueAEWS0zuMVqH9
2020-09-15T00:28:20.531196193Z 147 v0rYtSYToeb1NLC74NACvBuqms0CUf4nLtA0y4A79X8rtx96AirtEGn9KjaE
2020-09-15T00:28:20.597222326Z 148 Ha3jt0RI951RiMytGbU0QMmkzXqa8z8yl6JW0ZuvWk2gYYohijeJdl9h9Qxq
2020-09-15T00:28:20.663427630Z 149 NSwSA8KcwLwPY9H4H6Iq8GGx5HH5nW9IvqyW2GXSa8EZj3hku72CL0yN1k5r
2020-09-15T00:28:20.729705815Z 150 09P9A7ZMC32VxZvtlYTkDmIVy2qsYgR6gn3qmGIvEt7mC2Z4NU2hAOCX2C08
2020-09-15T00:28:20.796152401Z 151 e9DSTSRxiTXjsGJqddG6IZsMdvaZyTeYRY8MoO8Mb1KnGfmfPd1b5ThaFdu4
2020-09-15T00:28:20.862390282Z 152 9YiBElXMvwaqIon2LnaQRD4qzrIpx1meKGZjZx6JpHaSHObzuNn37VK71EMD
2020-09-15T00:28:20.928856525Z 153 NHBuGi22l8uAYioEavx3wUAbMdtxeK1765R4uXno7f9ncN9XoqncnAYZS3nt
2020-09-15T00:28:20.994905453Z 154 xGb9VVwKp4NciOcSElNu8I9eKvlLxXpIU7KeFQJE0nPdj6FkVgLQAWw8EIHj
2020-09-15T00:28:21.062114003Z 155 FdeIl33gwPgLDkZKFeBmFVclzzRaXgMiZmcWLmTD2FdijEsCLbspQYtaweFQ
2020-09-15T00:28:21.127722333Z 156 HX0sbYIHxC9enrZyC07Jn1ZZWj2QZrffVwz6BM2zUuZIZB1Djy3J3Qwu6jKJ
2020-09-15T00:28:21.194371504Z 157 cSqpkRQUiJabNJMN5mZKmel0FPdKHb9cjyrkvKCX1blChiX1KLMXkI9QXeLI
2020-09-15T00:28:21.260381974Z 158 0p9AaisdeA9iCwpzHURIHx4AfNQWxRR89ehLRFR0RWwl1pY7GIXglEMMldcs
2020-09-15T00:28:21.327143933Z 159 1rZmfZxdw9ZiedLJAnKJFF4YBoa7nu0bQxOAuC7gGYnPGu42BU6V7byR6qTZ
2020-09-15T00:28:21.392577662Z 160 8c7page5wpk8mvvzoHcYABeYQ7g2Ub9JiaLNBn972lMY4Tis97jz80yT9c1j
2020-09-15T00:28:21.459252358Z 161 tJLGUvMjjoYhd5rwQ3HIWTads6iHfpyjINWgn0iEroCx6PDXerXbj9pMgu4b
2020-09-15T00:28:21.525601762Z 162 xBivzj2iiaSPUAMoaMH5MMVa28NhR51wKtpsuidK7hIdQVZH1VbqU3RfKiMz
2020-09-15T00:28:21.592251932Z 163 Nt5hSldKEYtYwwt3T0ixvtatvejuI0LJw7te4odCEBeoCTrR04iOedgbzXoa
2020-09-15T00:28:21.657868443Z 164 zrkJ9J7Imzc0tQsGOW2OL5UCNXk5gfiAOoOtFw5cp732Yr5mi1vwUV1rHzt7
2020-09-15T00:28:21.724617380Z 165 oN34rXe4SSHNg6F18dhLb5eRJuPnBgnrmuPS6c88l7SL4lF5g1uhmoE1qOLh
2020-09-15T00:28:21.790640897Z 166 jtuxfJSd9rlj4PUj5JUaeitrTZ6ukm1xNFoVB75V2kTDZKj4Vj0MuExZBPYZ
2020-09-15T00:28:21.856727188Z 167 078NZwD6uI6ULKdYTU74QBJnslHTcovBsz3cTK3zzvkQa56X9jtbA2j5c53a
2020-09-15T00:28:21.923556951Z 168 KN9t7IWW73eEVf5WJC4AsF6aOJpIhBgIOPgsNA4zjuIWG6NPDbhHcnh2osP5
2020-09-15T00:28:21.990422072Z 169 7dUimVu9CqsO5bG4Ke8rxnpUES75PzUOs5pFkp6UCPVzaqluK0mwdGumON2W
2020-09-15T00:28:22.056547204Z 170 rpn7nk0TR9x53TSIaUKI0SXKIbBcIVe8JDNoXHYe3dMelUIXDUMJry4LKYav
2020-09-15T00:28:22.123563121Z 171 PU6RCPqAFY5r5aw0XCRqnvvTIVLdQm1jDumgwYHJzRBOT2Fp3O0jML6q9qmQ
2020-09-15T00:28:22.190442400Z 172 jUUngZ2p4haEWUFE9GCeY3AmWEM26qQHtnXwuQN9HHocBMKyRnbP6S1Zf1wj
2020-09-15T00:28:22.256894157Z 173 ZLgowybD46KNFoHTEU01GgW9MOAmxjw4Y3JzxkkixCfKfPiRdn6peqv1nEej
2020-09-15T00:28:22.323007457Z 174 gAhvwShkEVPk0oJAjB2UZMpDYdp2luSgPoZtxRFAJPGARDhBH47RRPDzYTCz
2020-09-15T00:28:22.389051381Z 175 aEAmDP0Qg5Ybi4vyK5X2nm8zGrFAgJ7tpJ00CDFkFM7zKvE5Tpoonf9yeeUz
2020-09-15T00:28:22.454972948Z 176 rDOxUi3wMWZxkqYswzyvVU4apdiBwYpKFuCpIEflEkWaSHVosjRurbZ3DMsk
2020-09-15T00:28:22.520893304Z 177 RdsZEw5HQICLBuko97uu3R2UgPs3qBlVV90eVr61JSgHRMccLkQcRFwIpYKL
2020-09-15T00:28:22.587715829Z 178 VuyHft496cH7CsRfURn8UHVmtgTm6cIqMbzeeCcbbbtmBx3wpYLmRr7Nd9ct
2020-09-15T00:28:22.653923530Z 179 joNhAfPiZOiTcOhidd7bmqvCyYEkLcOSv52AivcXua4yJ1Y0krsgtx2IEnyw
2020-09-15T00:28:22.719939902Z 180 Y6PC0j5ggRxrOwA8RpyvRSc1rlyev9B4aTKRROqr9jCCo7nIPFs4PXhwCmFB
2020-09-15T00:28:22.786617360Z 181 e2Mrh0DDewAjUHIvHpMCNW55FamC9ek6HgXmud3mrbhG24NzJ8LLfwrhteNi
2020-09-15T00:28:22.853474703Z 182 qPUvhFRpZzRIkUuhOCL2VDgRaWEos2mmtl0v1xjJIAEoC2OtTUq0aORnY4ix
2020-09-15T00:28:22.919441457Z 183 iZKRjnLhxbUkZJ9Fc9FTLiZ5TWsUFw5JNDx9HFfyv8qsuTbez8DOyxMvjM0M
2020-09-15T00:28:22.986249095Z 184 aZFqhNVfSfLqX3SGqE9IpurqBvJLXvvdHWsplZbCdWCdA7x7SJDWmAa9IhDf
2020-09-15T00:28:23.052474427Z 185 d0MQIKhnTttZW21MoN1eoAgOeQgumnkAZRxpTGI5xQqvY7i6z1BeWsvjw3bZ
2020-09-15T00:28:23.118739672Z 186 UUAovxaXX3u4nZRWNhmso4qZMxrCSFMumm0g98nVLiNfi2RCszf6j27F0Sgw
2020-09-15T00:28:23.185543889Z 187 X6UNzx4FOvmwfsxEUCXZpuvGmX1aryMZVljA5slDurlWIhvDC3AXCkl0saqu
2020-09-15T00:28:23.252488895Z 188 iZfsdvibEUfDP1mrTssKIzujpBzZhJCKBXMot00O38Yfbnp9JW5INWxJV9a7
2020-09-15T00:28:23.319374250Z 189 BR1B3FkO2IwCHBwbDktcLHvLURp5vMJgbd4JjRMcAvjX9Npz7I0oYLJQ2FlK
2020-09-15T00:28:23.386003255Z 190 OinI3nEFDM1ExLYA8rFLb1qkMJg5KafvbaRFutUlxTSdygARumQlTeChztJb
2020-09-15T00:28:23.451984011Z 191 1Nh03HlQJO3jtd6fW9omO71bcSECzctpiQBIEmbAsyFUIzugaVIwx71OPr3x
2020-09-15T00:28:23.519333586Z 192 SAHybqyqW0BTDrXQ6nXZjCdPt5HBKskTEF8BKuje8rq3FNUuZPbzirHHsMr6
2020-09-15T00:28:23.585353133Z 193 JtKoupQlXGzxqSUAroXklR35iSrQJQ0OSPsuNqZOsbr0hk16EIKqn8vp6c7M
2020-09-15T00:28:23.652526706Z 194 ni3tfYUvhWV7AzYr5kzaXRmi8LVVpdnEMrjtz6ty3z7RSHzNeGuVK7ebM2us
2020-09-15T00:28:23.719492729Z 195 EdH08EzcrhJzIiUThcWPN844gzEsN2H3kHFfeLj7B7htlHnNdclTa5nxFpNn
2020-09-15T00:28:23.785751652Z 196 tlcNijTTzyIbievvTTZQ9OLXUw7Nq2clHhJqp5xqQCOgB5uLnT8MTdJYrW4i
2020-09-15T00:28:23.851886864Z 197 zinx5UaZh8vkleMWhRzCMqzaUbj0dJbdivGRFShiKlCDN0CB1KsOBelNapus
2020-09-15T00:28:23.918623406Z 198 gHQ0IQ87h3siy1be0bGIWajklIU8mIn9IkxMOueTlgKEvU5olf5DEwbodj8G
2020-09-15T00:28:23.985411007Z 199 C2mg6m9Dv0gYleh2klHAmhGRUvNPao09zYB3s6PrKhcMgpcWTpFP0wH1jJXc
2020-09-15T00:28:24.052597273Z 200 K4IFAbxrmGsSGFdM9YJxBv3b9NJTslzqXnbO1hblQPV6Qc44AJ0vJRB2NVYm
2020-09-15T00:28:24.119584043Z 201 OVu0db7Eix1cbRYdI8fT9KCScf9dHdbriqLppteuNhReVdxTZ5L81S7WkQ07
2020-09-15T00:28:24.186462071Z 202 0vZ7UgtFGiIdhVsP3ikNUvs9gOyMrLzYQDAaAmLoqoysuR0exV0I1j7vkfUl
2020-09-15T00:28:24.253517430Z 203 m7VHSEUHLl810lgpMOkNqlGvOXeXJSGdTiT5pOXwYXw6IjvktdftF7A0OBze
2020-09-15T00:28:24.319568473Z 204 mI6oQvYzWeNtZmMw2VRPcixmsqVuYvi4E28KiikX060Fx7tuGsDGV3kEHuqt
2020-09-15T00:28:24.385676145Z 205 e1De5KENlxjLCNdfZmZkE3C4F3iGzzfWwe1BrxIqR9iBBu4O1VrnOQ3POQGc
2020-09-15T00:28:24.451711970Z 206 Z1hEmCTydYGXq4cbn7qOntCXbTlVVgt8wRFrT64Bhx6LzQWk3QaMz6L6cigu
2020-09-15T00:28:24.517742711Z 207 Asd4yIEnfXEcl8H2vkys1ddKsVUfjUUDUS3AdSTbipaRbgIu7B7K3FWoa7DJ
2020-09-15T00:28:24.584566113Z 208 ASqNQ1hADFivuxCc9ED9d1RqVceKDA6t6b4mgAGvi4YacanPTeA9i5G62f9X
2020-09-15T00:28:24.651503826Z 209 VN4mqXdva9z8s1nWX0vXYwNr8DD05r8Op229J5e0U5pcUGqpAum8jjZrbgK9
2020-09-15T00:28:24.717580840Z 210 s89MIx7UiIXGP5GD4uGCsQ1EKJ7bklxU8ONFog6ivSmFEAcl6El6RreH4AfR
2020-09-15T00:28:24.784400145Z 211 bbs5c3PpuNdE06ZznlOnfjJ0Djg255K07zG9BdEutlcsuhTSgk3O7mVqfMJv
2020-09-15T00:28:24.851636652Z 212 q3p2xvkCyq6EogLKvOGrhNY05rlqxWqOxFNS0KuXPrsBGkUHhj9jnnBlaVCs
2020-09-15T00:28:24.918580966Z 213 LOSxzXOmErr2DplhtcuezUNqIxwh6WhdcvdmChk8U0kutfOhg9tqRaSyqGCt
2020-09-15T00:28:24.985658335Z 214 gm6IQyVyCgpgzPaRB6Dh1U8bM7jsMoiSLhM1jzdsLdEusvipL9fAVCtKpB2F
2020-09-15T00:28:25.051970564Z 215 CpItIAVSZ8Bd2DJNqc1mSVHz6Mx5yPZTcfrQE58a4cREcRB0oSmUA92Zg8EL
2020-09-15T00:28:25.118052925Z 216 qwyUeDyKlvCynAihVygpyHqo2xqFpjkSf0NKWV1w5bfHp8uyBmqPZZyN4VFw
2020-09-15T00:28:25.183974564Z 217 EYoYWTc8R2AxL6XW2xN43UOrIngKCeV05m678ypFhAqTXpevz0n83qN0wpsr
2020-09-15T00:28:25.249744653Z 218 cvvhaKIhxUGutDJaOqRdHRV2mUxIw9hKELEZhJs0rQnC4ttmJzYAwgWrV90X
2020-09-15T00:28:25.315692822Z 219 EusUgcHkOspWS2Aeg60oMttq0SXr6M5GgCVJLlUxVtM08m3M40X6iurl3v2N
2020-09-15T00:28:25.382708217Z 220 0lRufCmtkB2KEyEy9wCnMbEs8XIzGpeyUmxmclp063LuJ3POkZXR3vM35TSF
2020-09-15T00:28:25.449018723Z 221 8m4V2qL6Dsca2ShyPC8CuiGXhVkttqJcqMm5tIOVAm7NWKjmzV20lTv6mRw6
2020-09-15T00:28:25.514714389Z 222 DsHKmjgq4xAAuALvi52BKcHp1GEDnomkBRVAWgK0N0NqRx2G06bRtoqG8Fe5
2020-09-15T00:28:25.581364958Z 223 VfywAJnKo6Qn21218da1q9blHdMMtPSB9fJwsAcRfRTk4lPqg9hDaRvEyeia
2020-09-15T00:28:25.648624077Z 224 UYzTpLPICWzregjPHEYUq1aF87HNgS7abejhfZ5Wu6wplaLZXgSrf2U4RnNc
2020-09-15T00:28:25.715671594Z 225 X2NsOBOc3vzmZoCEix1RNgZwwB42WMMkWQUdZT4g8ZIVyxW2PMyKYbdP1uzv
2020-09-15T00:28:25.781633334Z 226 lOq0F6KNs4I8JfnmwBkLaZ03YkAzc06Wx2TgmFE2y4w1zOcrrrPYqAMQze9t
2020-09-15T00:28:25.848054885Z 227 hbjFyeFjw9PxBrsAfgNpuNcdbfhFPG2wu6yU9YOyxiIYtblkaFtSdaEtE0Bv
2020-09-15T00:28:25.913703226Z 228 pMKvMWLTlZGwfqIx7ZlRtfMD8p36IQmjOfjcGdsncfiDS8gO1TJCqxruap8H
2020-09-15T00:28:25.979771317Z 229 787YQPFQ68eY8YQGwT2Ld9Byccjy2wUXatMhtm2BGcLQWf9yesxciJbnQzZm
2020-09-15T00:28:26.046590774Z 230 PW5nsl6Ldsi1iQ7CdcJHnvQRwaEPYcasulLwtKr7y60GnM60dD1F4wBUmBA8
2020-09-15T00:28:26.113546638Z 231 F3klF7vo1b52sT0eKQIkGAfm96wncxWOMTJw7H4PCYmokOeWF8CRK7gwDZBa
2020-09-15T00:28:26.180022747Z 232 7xK4hn1k5sYUD2zmzmMOVmL6HDrO9U86Pvg87xPiY2q0h2jPD7sw8bhb8CLl
2020-09-15T00:28:26.245687761Z 233 yN0tvyTN3TTMiJ3CcNrtmxjanlzt1ydGtNkG5Cn9IBjdjcBXj7SeySnft9hn
2020-09-15T00:28:26.312571748Z 234 X4eo1zQNUcVcwdY10cE0rq8TSm9gTQjLEEu1lCgsvT6ulC6PTi09brVas5DH
2020-09-15T00:28:26.379470364Z 235 Drh12t4bg0O6HZcDC20Z8LdjqSQPaphm3QGYI05qbAJ0C915K95AnB3kAXQY
2020-09-15T00:28:26.446424583Z 236 OpvISnmYX80FAZdiJwg5SnFFSXvndPoBufBKrDH2kUtAHAP2M2QWLs9lKI30
2020-09-15T00:28:26.513415731Z 237 gcoZpQO1y2wKKDm70mHwL2k5IaZV6j8lt9ny377SZ7KXX1UzwVl5smR6cfsc
2020-09-15T00:28:26.579928568Z 238 sfVlazMvWzQk5uFc82qtSRZaoqY2wTZtsgewrJzlnb7Ly2HTicwQcsc2Ed9j
2020-09-15T00:28:26.646199618Z 239 7vFIl0qh6vCb2yLXMkGCiuQcOfZ5YD6Rrcyv61BX2Lwxc1kBWHOSG9UgOsQq
2020-09-15T00:28:26.712407289Z 240 ANWneRfrCdRAyly2040x7P4BITZGJ25znrgK3oasGlALr7LAT4x0SRjQtALk
2020-09-15T00:28:26.778752076Z 241 6Az7vbpGQSoxBmJZpgiqgiYVkZQGhgq7hLAUBjX0nNEkKqIIeTS4Fmn4An39
2020-09-15T00:28:26.845034355Z 242 RgOkf0P6Kx7iTWYHyPWfxTRqsQSzrlJ1LbYkOG7Q7A30SmFT9spwjyN5spDh
2020-09-15T00:28:26.911088105Z 243 kIlJDF9ewG9WeiVA8dW9bdpmgVtQLxENc36VmijY7W799YwPKe5j9RRSQLDM
2020-09-15T00:28:26.976966160Z 244 IV0IpHdItvaagTmzwh1RBsjkXsxC3XsDEmonsJdIHiSbTCMZDHT2hMicWK2E
2020-09-15T00:28:27.043062447Z 245 Ig4bbcai3iOqCEGoxXi0BjQaEu0b2WPC4kj6iR4wKAc1FI4z71DfbaCRhXIB
2020-09-15T00:28:27.109696502Z 246 ZnCRcMBx4cKumLUbVwJbDrufES2zyOIJHgbz0wOjdiuF2hpAGPxPXNjRKy1V
2020-09-15T00:28:27.175751666Z 247 y6cNcGiQdfIusQJuwS9cPjcRxPiblu1Crt3g2WMRGX652ekJydANIXTz5ZDJ
2020-09-15T00:28:27.242327244Z 248 eXULsGrJzTt7Z1UqllMAn9UxQx1SFwo9MH19YSL7ECAtk4vwOvnVULuX4DHz
2020-09-15T00:28:27.308874269Z 249 rO6U93XqpdBXmd5wndNNNHct9pMxom3QXWH2eBBU9yBcaKfE1XSHKNtnUixk
2020-09-15T00:28:27.374918451Z 250 LVa0kOO39k8YQTguz4vKrSaLl4jrbAdfHbAtWAs8oi3u7J34nlHKlans7y7I
2020-09-15T00:28:27.440891634Z 251 Ko9RHO1eSExaqWR0p8dSYPS2orn3ImH8CX6SynlSZZFPwVZ0v0eK6q2DosVH
2020-09-15T00:28:27.507519285Z 252 ibLA9jQ3DlD1U56evAT03NrzpHv33G6TXojOKCXWzMtykVsHaMTmPqMWWaUr
2020-09-15T00:28:27.574525740Z 253 hLXWFyEJBTjkoZKO3IjETaItvRDBC39URtwajc5ZSsUvjVX89nDjMTcvvZ2M
2020-09-15T00:28:27.641538267Z 254 zL4a0pWFnJn9mfPslov3nEKJPuDIQu7FUPj9UbZXnv0DcB3iQn2EKsx5mS4M
2020-09-15T00:28:27.708373084Z 255 HjR7wgMu6J50fEA4Az16uW71Q1EDQNvnT0rUwXmlqpmUpnBv7YyXJzfE4DZP
2020-09-15T00:28:27.773866399Z 256 3RjG9gRyHB8gRhudpmsvOROULy6WGXgmTbGgD8PMvgkoxRkFbnPOhPJKZfbQ
2020-09-15T00:28:27.839724100Z 257 to8ohJRm3Yv9KvtwQ1NpPpOU0XLdFzvTBDzCQLiJ2S8MCCLAe9AY7pPg4EF7
2020-09-15T00:28:27.905843511Z 258 IhH6jU2vxXh33odreBftzzv7rNTPbuPHFPJ2zCHN1lJtExOiHA0C60ATNWSh
2020-09-15T00:28:27.972369994Z 259 qyl1gSllWffGyIyYh6O5QwCAE2xWqtcMi7ysekLj1xjfFGFYGPn5NZrrCKEI
2020-09-15T00:28:28.038066936Z 260 pqWlPoFHTvhXuzmoinxB5r3wWmsoSjoxLIvKNfMx91PunAcBIgr1i2yPC3zB
2020-09-15T00:28:28.104491196Z 261 lJZ4pxGXGs8Lc6ME9u7PKQeiJquGOJiXhn0zqzWDWcAAx3sxIpcYVlaXQMHJ
2020-09-15T00:28:28.172622647Z 262 Hh6T6R8l4RTZe3J5n5fPJDyV6oqCluUu2mZRAHFNG42MTrHhMFoLssWiX9zj
2020-09-15T00:28:28.237994883Z 263 IBZgPQD5VNqaQEeiT43eAWsMTZXZgzFJfAMNoedelMk0lkgS5Y24jJKiLla5
2020-09-15T00:28:28.304409569Z 264 hiV0WoVhZYadWLUEAwp3EawqKPY650Jzo8qE5yhs0ZEcj3OMkEUiFNVLuErx
2020-09-15T00:28:28.371568965Z 265 6Wb2sUw97ZajSH4hUTwxkABJ5rJjjHM738k7dFlajCygIAIUK0DN73cSXbLN
2020-09-15T00:28:28.437573197Z 266 yzPZiC0S1B83DYwiyMRSXMXaCQbZ7Yz7XGEou7QUqhWj6z3zPc7upprVtx9f
2020-09-15T00:28:28.504167988Z 267 ZYfE9Re22Yrl0VsKuBzIVFtFkNd6BWjPEpoxHUbYT8aTNUWZjDU0PxRujYg7
2020-09-15T00:28:28.570439619Z 268 iOqGUyUH6aIqNRztneZUTiOWyxzLDarZ5gRlbaD6FK8XxpqqYPvxECzqhAsd
2020-09-15T00:28:28.636972654Z 269 oNaRLnoGjdhBOpvjAkguBujeGnZIiqQv8b1TfvUqgKp0oaJKklRBH6skOkhJ
2020-09-15T00:28:28.703636674Z 270 pCi2x7y0VNo5pqh5E0dJNpWAF1cTeiEYaP31TiZISjViB7ofG7H6AyqNLS9E
2020-09-15T00:28:28.770180974Z 271 0xBlZwJE3YA2R10n22VfhsBmZhxQnBe1uIF3p7X0rRoueijmZgNOOJq0TEvh
2020-09-15T00:28:28.836367216Z 272 b6zurpkloecGXfhoq1PCaP2iHnlhhC2IeFwTSHbTPpHQOJqBN4CtbntKb2sE
2020-09-15T00:28:28.902711442Z 273 12aHp3TNMUD6cPOo7mftlyojd0x0JkMoH6hNARLpTYmKkN1u96Jvfg4ox30f
2020-09-15T00:28:28.969565573Z 274 W0zgpC98qVoK9RNrzmW7wjls4owXXy9EbzgyHyKgFE31ZdSmMs79EeQSdJmz
2020-09-15T00:28:29.036518727Z 275 IzPDDm7r64W0P6Ok0CylUrgNG4xhszg8z3rGcGUlN5kkZbPlPvf1NIUWwRJb
2020-09-15T00:28:29.103384249Z 276 54yTyY4InfXVCWgYVT1kCdyZQ9piS4b00lj83e3FfMvIHDxGM6OYyxWbcwUH
2020-09-15T00:28:29.170189327Z 277 v4SOrVcO6Vpr7IERHNY8IcfXSpYsaqabXeKzGjY2XIQIEdEYLs1yEvkjssad
2020-09-15T00:28:29.236206035Z 278 x0xwBAjFf0HlqV703ge8zktv0xc3swTuwaZEKDNVP8xeG8ivN2gmd4YGhFps
2020-09-15T00:28:29.302270207Z 279 cBrndfJ2XtgINcQS68HUgx9ucupCJ4LqnHZ572DyZ57wIAcCwdqa1fGiueSD
2020-09-15T00:28:29.368174616Z 280 nRZfyynt3W71tUQLei0T7g6NLr5bsmVdRpCJwOn4Kn7NXqzfnXBryjWdD9Pd
2020-09-15T00:28:29.434857181Z 281 CMRbkL3Fw6PEIrhfV9eeznsr0RVIplNapWHfJ3wlCos3NmSomKEN0hmgqtcu
2020-09-15T00:28:29.501495238Z 282 KTuvcpY3XVvXko1iRfA736RXpRReeukyoR2F3HcVjDEW1hbAE1R6qbUZtTCu
2020-09-15T00:28:29.568369688Z 283 Wpqpp5Zim30KmxRGQKuvE2fge1Ueo4jsl0zfMCnmK1y5j4QDudLdXidqUl4w
2020-09-15T00:28:29.635595916Z 284 EbYYylGDhaCe3lv3DMmLxOtx1XfNSFTnazhASZwcCLQwDSH7183Zkti3l8Ev
2020-09-15T00:28:29.701633834Z 285 f1NJ0euU9gOtXLekc5bVxryrGMptT8UZLPjuImqDASQQZiRHrzmcxWeA6xCN
2020-09-15T00:28:29.767683545Z 286 8jOeFLFZYoF2fYBfK5zUtuE2c2YlIk57ck01zO0SOsLoYYlqeDEW2nsLAo6f
2020-09-15T00:28:29.834566724Z 287 heGXR1wMAjTi6nFrNkhwSr4FBMkzTBsKexXZdgzxnSZPy8L8TAe79M9lMx37
2020-09-15T00:28:29.900743819Z 288 Tu7oNKqWwC56jo759lSJvBaNNZ6KxCj4snHpEll4OaqjHTst6aOcyZVZeEme
2020-09-15T00:28:29.967846626Z 289 jkV2LunPWiWVQhUbBpdvIDqmL5Vwbv9V8uINitOJqWhPInQGHYHR3Bfrm3WI
2020-09-15T00:28:30.033528159Z 290 bDoxxjFfUqeGY9jMtxCOnxeqBusAM3aSAlgy3iEWwLSqdIV5tHknlNZswfdy
2020-09-15T00:28:30.100403308Z 291 zNnKQlTyqFxCO1faPwptDGL823xrnfAiPCPeU2VZ5fnoaHmo96hiJF0oVQ9x
2020-09-15T00:28:30.165776325Z 292 iInrLIcLCEzrWS32McIJKej8w6QWNhcLSPZMyFkw2ludzVJblOHEYIVmJ1aa
2020-09-15T00:28:30.231688069Z 293 aILy9NYJ9CBhekO9bFX8WGhMilm4I4mFTXu5ZXoCh8486GN2F6iG5ltMXZGo
2020-09-15T00:28:30.297948725Z 294 Jm69mqkenOplA9VjtDPjZDn22UEdtM6dN1yIxsINxupwXPKfdHAwhNsHsZaw
2020-09-15T00:28:30.363735315Z 295 1UNSFdSqXdZLMg3X9nWd1g3QZsArOK4cCpadtTVcyJfNgQevpYs1752rjyJV
2020-09-15T00:28:30.430177470Z 296 1z3VT0QPhUT2cxKxy9BdUOPSG9Nu48eL7cx5wz4KUY3zEIB6pEimqFBrllmu
2020-09-15T00:28:30.496069090Z 297 TIyYoHvMiM6DIXOr2RZkpNoAsPXs3qzU2Blph51LPUE9QherQhit9nZNVX5J
2020-09-15T00:28:30.562508699Z 298 u3CGhFb1essO2zd5d25qoUmZzXBPyxvK6cpWM28DofJkLEUGkSIFXEXMo0Pk
2020-09-15T00:28:30.629541707Z 299 hKn3zO8iBpQvjaSWd4NGnczgBbvDhZrHHULDCs9ZDn68riRlGmBAMr9p3k8b
2020-09-15T00:28:30.696056238Z 300 6PfTETNwcNe42tYvFTGIAEZIBIP7ycCdUl9e8p8dDkQzdz6JL1aMpikGjNpT
2020-09-15T00:28:30.762679748Z 301 QhSTHtmNrhoto3I7ChDFjPXfnm5C04HQ5zHkrI1IAiLHi6Qwqy2lX4YQZNTZ
2020-09-15T00:28:30.829025773Z 302 85gVgUecAo8plyhIIlfNxbzUreeeH8UopRvyGzJkspgOeOGyHKEFwFX7dhUq
2020-09-15T00:28:30.895991318Z 303 epQEVVH0EeRmtkW4PFgfovQKKqAwhs13j3uq3DiTaNi6ioCJXEek5ScScfyJ
2020-09-15T00:28:30.961819090Z 304 e0SIqJdzFMURbjVqo15qhtzfAh8VQUz3ZFLbjXRuuJY5zKgJQtOkJKavJdPA
2020-09-15T00:28:31.027955540Z 305 kOcqf3c5a5TwjTJp0Y2JaLkmVDwQ8YKUOy8ycqx6LlwmD2fqcdH2fp35A2rK
2020-09-15T00:28:31.093905818Z 306 ird7BAWQDYYd3dMe8z2vC10rSiMuGI3RUIENOKltnwKnztrxEL9wetCxqxkz
2020-09-15T00:28:31.159775137Z 307 6naVeY2tj7VIQj3vnolnZtijZeTUhIXMsJtHjvrDoiTcvo5h0JMjxZv1IPa5
2020-09-15T00:28:31.225701554Z 308 zTsmBBtP2S18YDjMyepxktH6YIB2UnrkzNY3p7DwBzmrbSYJbnAG48ZtGhDG
2020-09-15T00:28:31.291944595Z 309 OXzekZX9yP7oHSjl8Iw1wJCLeCV8qaKILbXUBbZYdKfWCQOx9uEiQK2lRXAv
2020-09-15T00:28:31.357730928Z 310 aPy8DFxT5XJRqmqbpTYZIGbK2wC5JJSqre4jlMkdhdfrUnOXRLGqIWrU4ifv
2020-09-15T00:28:31.424893624Z 311 JR84E8qfrwLixJEBHdVZPwtXyFsK3mup5c0GJOqjyeTCxQ99lLypXu36W9gT
2020-09-15T00:28:31.491513883Z 312 AYUy3awLtiNR5hY8M1nTSdQoxrD3L59DNOiOI54MX2bbY4cX7U7OIqGfrUp7
2020-09-15T00:28:31.558692013Z 313 ltRcJomn7DCuEzfjk33V526pNqaUVZAMHzD7yBVI3iklPNSkDiLZwS0oDmt5
2020-09-15T00:28:31.625516399Z 314 ruI5PJTFNDPw0MxK9kcFVi2kI2PIaURPbgtQm0XL1PSb3ZUObwC0tdh7dAp3
2020-09-15T00:28:31.692797258Z 315 NRmSXJH2iPtzMS9d20AJBC0LdLR7lavUFpWuJY222VZOVcOjKMmPHnApNG5p
2020-09-15T00:28:31.759240256Z 316 QRT3qaNbGO0asHef96kBHdYVK9DmfoNbmdgJKFcwGm8975g9NMrDqo41A5cQ
2020-09-15T00:28:31.825313355Z 317 pMRvAu97UBXPNIOe4KcGdRwUU1zHmFsXg7HMhni21pc34XEECk4qBczPjrsI
2020-09-15T00:28:31.891705244Z 318 TjkUQkyssF30RjaTx9NqzbizPBSZpDK4VQ0MIHNPgzrvutrEcw3GrywTIF4l
2020-09-15T00:28:31.957794314Z 319 jaGoDxQL7YHoXWK2Q50h1BIxhuEMDMsm92qX7qKHrRFrRBq4TjaQpfpPvAht
2020-09-15T00:28:32.025192355Z 320 zRCn77ffe7ovhPcqjcTdqVtC28zNggX8INQRSwGOrXShVm9hPPrVoPdIDJwb
2020-09-15T00:28:32.092982682Z 321 A9sK3Fw3DgX2Ez5tv86myqWMfAYvv3R9V99vg7HldppzeeXWII7vacAs3Rrl
2020-09-15T00:28:32.160190975Z 322 u6vh1SE96eqiwYmkCIpWzlmZHlojHqzrNfxpeqXNQY4jclbdVqQDRN8aEtQ0
2020-09-15T00:28:32.226160737Z 323 fbRWelESur8fyopiY72vzu1V6jvP7pv3asCQMOFvyWf8NXNuR0dRp2PTjmJd
2020-09-15T00:28:32.292213638Z 324 ZSD5uGZ7dewlnOGHDyBpINnOVHXLSuCjdcafasYtyffeCr1P3yKvNg41YdEQ
2020-09-15T00:28:32.358121785Z 325 bKu0baKOtbxkhqCXc3iox10irV4YaZi04Qj4Bht0G33hXRAtfUx4QmOV9QGL
2020-09-15T00:28:32.423893128Z 326 QKBIj7Av6XLWlKqpVZC24IBJTnhgqDci1AQOm3p6H6Pp1p6YZR0o6FAU7hFZ
2020-09-15T00:28:32.490108262Z 327 nNUP1UxbvUHdu52ciJSlGkEvwd9jygrAoxJEwjIuMH1rOGTHOV0DcrwYEah8
2020-09-15T00:28:32.555883596Z 328 VY0S6l4LOeo8RVS4WOYnje0mKYEN8hBRXE6yvucongS4nrAAUZFK3qRdrkBP
2020-09-15T00:28:32.622389360Z 329 jl6R8OXZvtfTgKMfdeXvKyvUDPFcG7nGXhUw15YbRslHPrlZwIsUryLN7W9V
2020-09-15T00:28:32.689370627Z 330 FJlyreHEaR9wmsQR6dZzUfOzDxw0FBZo5lqKh2le3h060y4iHrqb8baK8VP6
2020-09-15T00:28:32.756351675Z 331 idQq0sebX5uNuDzOzdObq63Qmej0yvUmHNPudJ3Dat6YytRcx7d0ZcDhw7Uw
2020-09-15T00:28:32.821719724Z 332 uRkD323VIFXRpRfTqZXq2Avud2yG7rFtoPgHcdRgbonFL86Uj2aT0R0MoDys
2020-09-15T00:28:32.888250635Z 333 QSuupeYt2JXEAXlTCcTXtaUa2zfAu55B3KzhGAxeJk6E1NbPIUdWrR1D3gVw
2020-09-15T00:28:32.954242418Z 334 DAnDPW73SpDYycHKcJhS5gPegGpBhEhfAdYp4WvQmbdOEQ3ZsILCkC5ZS3HL
2020-09-15T00:28:33.020317709Z 335 vvm4IWrQ6AJZrzOS6I4BKaijKhwl3Nfvq3e993ShN9wER7nmiODm2ZqYuH0z
2020-09-15T00:28:33.087369093Z 336 XL9Kzj9X7XmL9BskbKb9OCIAqOZeK403tX56R8kWdgwMUNbaw04llLYiQ9tR
2020-09-15T00:28:33.154838643Z 337 nGTlcIAI4WEEqLBrzFDDrfER5gXlxOq940tdRnz07PoSptR3tWU6QzsbXGwd
2020-09-15T00:28:33.221326838Z 338 qJMMDZ6clLTnr2tVGoTPeHVPifFeutv514k1u6nogxEN96ON7efr2kBSm8k9
2020-09-15T00:28:33.288154922Z 339 hSbGdjebBmkjAyff7jDaqszerxuliyR8FsPj0ulLI8o0iK6gpQlB4vUjYcAW
2020-09-15T00:28:33.354657299Z 340 g1F1kPV4qjDlIKbaFkdDErUY9w1g5dNHEIZsq9L8hEtCzBBOv8a7S24Ltv5c
2020-09-15T00:28:33.421277632Z 341 ihzEBPmEgYTW6MtwCrTo9iEKxlDRRN9mpyxItnK7NGmlvMWoYVa8NynTY174
2020-09-15T00:28:33.487626141Z 342 BWmf04hQQ1hRMMY605dJgpw8UOVEgkcwTpXZ0dd2ai810BxOR85nZp0spEte
2020-09-15T00:28:33.554551008Z 343 74dhh2u83hSYPRoj5atP0EW4c3oH3b27WPUM6YH8ouRzuaKD92YFIQuW47b1
2020-09-15T00:28:33.620975974Z 344 6fLVrnhYg5cnWWSMsYnBgUbEs6vugQWWJdKgTpSJrunnlBC9FmInpJHsQJs9
2020-09-15T00:28:33.686638219Z 345 M7MbhOlzbIO5QCdNTRgQzfTgPBHEGrEh5tBeV7R4UvxEqZJZL77Ve5RJZ4Nv
2020-09-15T00:28:33.752676105Z 346 Levc6aNjHa0D3iqtghYz2rbVBeNZMrCwMYersgIFrtC4tbi4JHKDdQTy35sz
2020-09-15T00:28:33.818945975Z 347 88nqye1Qg9WtQ32oTurvGr6ZKdGrGdpQJqzdy8UvLfdOIvDB1RzMJdbCyaNk
2020-09-15T00:28:33.885560498Z 348 ilTSgs2SUY6hVZKYIp4FXx3fKw7mfOFr9WB3QYJ4EWvHSJIQy5Dv4Py0L2Pr
2020-09-15T00:28:33.952075402Z 349 NDSduNSzruun5FudgmbHAEanB47WU0j4v5p2AqFH0L6ZNtfz32dCP40Cc5Lm
2020-09-15T00:28:34.018270256Z 350 n2d0LNGw1Ydcwsi7vcZiVn3BGJapYDLFrmORy1LdCmvfYcyzaMfdS1W7tI0S
2020-09-15T00:28:34.084792025Z 351 ix0erVuhIbbznv00uTakb5f2OaM1dQCpucEEPpHVVkNHQuqMnlfDEPwFFSea
2020-09-15T00:28:34.151223340Z 352 1312e3kOUerdxHeATcL5yKp0CSZQXK6Ff2v3fhy09rc18V5absGiGHw8c8Wl
2020-09-15T00:28:34.216489827Z 353 LddhPruEF7VzZ8xalKPYFwcVoeZKilQtpicFQf8hSAUubsMcOlocd9OWZqYm
2020-09-15T00:28:34.283223349Z 354 7pNqLiNSRWWkqaDPyPEThPZfpcpgRUB4D9AaXcFeNF9yLUXJxrpAlxzGJgvZ
2020-09-15T00:28:34.349536203Z 355 PpjWQN1dhLHMo76lf2FA0YECcA48HkX8PB32JO60x2kecx2QgsToaHNhy6s2
2020-09-15T00:28:34.416087556Z 356 ja6WIZZHxUCGN81Trg9VwWYdnWePePtDTp5KC3By6CVC3P7NWk6WaCrbHMeX
2020-09-15T00:28:34.482472954Z 357 G6pHCi372P1vdnOX6iaAUiz3qGXFPBCyxOM5kRr4uv1h51hVmxJ8kLke2Kfk
2020-09-15T00:28:34.548737394Z 358 XWBWUmpasgLDWtPxmJdnC9w8y5thFcnwXvlOma89hzXPbqy3TH3t4qNtef4k
2020-09-15T00:28:34.615070878Z 359 z3wuuVExK2Ea03MrEyjhA9qatz8gjg0FFn5lbnG7FxVQ1Zse117IiKy8PYcy
2020-09-15T00:28:34.680690950Z 360 7BowkxcPZXEE86LS4H83lBF9pqCzlzScl34yoMMFqgHdmXfsD4kEDY0KjH2t
2020-09-15T00:28:34.747382225Z 361 g1xGEPoxfBYzDPTxzfOgtXDHrSKx6HKIEEaVw3wHGXzvRRcb7atP5gGpOWP9
2020-09-15T00:28:34.814223212Z 362 H3uiiWmish5OpEQhtl8zK15gE6OZUvYjomSwtGr6VfoDPdraAtf4UpI157Xi
2020-09-15T00:28:34.879975807Z 363 0BhY1pUQ6u0KWWjVGuRXoaIRURJ12tuVpVglI8JlZeRgKQRSlGZKtp7Tpgtj
2020-09-15T00:28:34.945992530Z 364 In32KbPo11vHxBbEQ3NFVOCu5aXfWFzhGHxVas7ixEgDK4cuyCCFeEjFw4Mb
2020-09-15T00:28:35.012255562Z 365 7qHzLZT9vaB2H4NXHYkeycLnTAc0UP0EvIdyxg1zle1BMj9FOBXDq9hRTOUo
2020-09-15T00:28:35.078422740Z 366 UZHx110jX4vRPXZHd3ueLp25GQUUzVbhNiG0hQnJzRs76hinH4BUyn6txcVJ
2020-09-15T00:28:35.144556576Z 367 GZpTAd7nex3AVIMa37TrSBlPqvaIPye6LTZ9D7KLoogI634Jo85p6anOvbEX
2020-09-15T00:28:35.210989057Z 368 ppbQZaW6Lq5FYFSiQYpxM3LLhXkB2DGERwrf7t7T1vP1XdIUG9JVfq2xLsid
2020-09-15T00:28:35.276533647Z 369 fK2dSPye931ZSWhv3qsr6yH79eHqjDV3dxsBQxV4qohNtwvs4k3GZIkFORje
2020-09-15T00:28:35.342939032Z 370 hXLiv4mnacXMxPrY8L5esYbfabrEXQddg9Oq95puKkpVkJi9TgpURJ1y8eXB
2020-09-15T00:28:35.409430552Z 371 BR0XUoR4Pnd8M9bAgw2cRLs0Ie3OciNO9fWILMQUiCpJrrvikxzWRz5BvaPe
2020-09-15T00:28:35.476175734Z 372 h1As1amfdriXhA4h8Zrx1yyJzrthZ2KH9R9xjYYBPVa0wGR4QvueJWYCv8HJ
2020-09-15T00:28:35.541735462Z 373 0JQ3zq6UAtLPwaNIEQ3sKOFIPeTL4T01adCvrtRn8l46yvUL0sQOfHCsJRT5
2020-09-15T00:28:35.608029945Z 374 gEnNZew3MsyOy9TNPpZQ3ia6HiEYFKFlM3xwlnuO60YgZJY0AUPBQHTx5GAj
2020-09-15T00:28:35.673814062Z 375 3RI9PPcwRjgVo2alH179FuqCoF7w4tp4HudRxPTi9HnFHEbU9ATstZrfUuij
2020-09-15T00:28:35.739651130Z 376 kDNcHaNfctWNkYQgg5geXMzPIqKFmUG8vhHYNGbaUV1zlL7xQJatXV8up541
2020-09-15T00:28:35.806085951Z 377 Y3Y99GLT0UZ122gD8sjFHBWwbDJfFxP74aibrdlOq2Zy18VfzmeIKMUyzXfb
2020-09-15T00:28:35.871874442Z 378 z3Bxa4ncHIU95KxGSLQzblOGYUpRT0EODTO6PXiGRAxfIalbJKzArHEf4C10
2020-09-15T00:28:35.937937725Z 379 NilgSQDMK0o4DeWJMzXxqoxMGEjoVBpp1VioHAc90T767gWkSxCmix6tn81V
2020-09-15T00:28:36.004289799Z 380 Kam23GySPdulvBAamS42VSLTApw1D3FWs0eeYuAwi2RpxcnVOYKXC2WEIuSx
2020-09-15T00:28:36.071351407Z 381 m1qWYSavpruVYd8Cd6NPp6AWY6rQmiHnjxBL14V8NRUFhAEdEpDR4Iy7QLff
2020-09-15T00:28:36.137347252Z 382 mUmfNEiQZkZdIMdCOxFxtihZIeVmF0a9vgz0udasIG3bAUzxe1Q5Y3h64Rcm
2020-09-15T00:28:36.203029929Z 383 Q4lBsqO0YzkBjMLMK2WBp2PtQrprya6JIXnr8k9RCRjpTjA36EPuyAKUKb5I
2020-09-15T00:28:36.269370428Z 384 SdCRiMgF5j2AG0V8i1eF3D8pbEDPSu1ogtHXRSjc5CQ5cfxPiHFBEmwVmBEU
2020-09-15T00:28:36.336148687Z 385 FK0NjdxXXAygEmvi0YE28ZnkmjbsJ0SkiMsKTpfahm1a7j9YodlFk2eEDY1N
2020-09-15T00:28:36.402386503Z 386 oUHWCr6fYzJV1X8kKJkm2nLfoJ6W0Pxm43CHvnP9GFcUANAJYgCOmrQhGmse
2020-09-15T00:28:36.469351244Z 387 BzVDoK86tME01JX7DmlKLw2xJ3hLEODSVaDcPMoouC4t1L7lTmxoROLCJeCy
2020-09-15T00:28:36.535331309Z 388 ZZWUDSr6xgMed2XRp8RZaQgByUTutXz9bm9iy5sDjKuptmkJFehwOpngC7pE
2020-09-15T00:28:36.602098180Z 389 s1uogCtzkutwj9PVa67vfWC2Oq0ytXOU0AtoBbSwX6kNhHw0Pe4WhfjMQyAD
2020-09-15T00:28:36.668559555Z 390 oTCfxUdAsCiih7HD6Eq4AL1m72SkYbPvPQReMldXBBNis4oRkHTo3Y8dc1dS
2020-09-15T00:28:36.734668959Z 391 Z5cQmi0YgJpb04mynwHAt7wInVk6vBZKfzeVlH38RMNhAR1YkvDof6ZFn6Tl
2020-09-15T00:28:36.801189803Z 392 lgR8qUt6DnBBWxMmrOlqlo0Jy2vBK3dEtrn1t3jMgQlXwc9YeMsmKAW7890g
2020-09-15T00:28:36.867618565Z 393 YKZF0TyD86jItfY5bsEfFWkEjBxKH5ertDRJF4Owd1uUvIH7jR2kGvqOPD8U
2020-09-15T00:28:36.934189040Z 394 nxprZTr0d1tBNcPj1WxyXYHzDRrVu13z0NGXPozvFTfh8TomuRxhqv2N0fPL
2020-09-15T00:28:37.000781154Z 395 h29SmA9H31d70F7otSvLP8yZCpLlbzOG3z4XAewhDGAfUkzh6jLpyhozhqJa
2020-09-15T00:28:37.065760386Z 396 nReA2X4eDsrp4oNvNgoQZcqt2lwNqxqiE51Q6T2lcILRJarZYssXGXodUb9M
2020-09-15T00:28:37.131762407Z 397 W4ylYC4CNctFBKvI90TzJGHmoKfuUrXtCFVp4Np5pG4H3DfTzyuXAP5iL1yl
2020-09-15T00:28:37.198594757Z 398 wARwrQ95f5BNU63HtfbOfalmRmwgDIE7WqzFnyqV81OWrCnmSEMagXm9LvmL
2020-09-15T00:28:37.264803840Z 399 N8urEGpAUGusbCw7MX3LwCc3U3o7TqJxrMWWzwnsXfqakhLTkXrZKbEWiY9h
2020-09-15T00:28:37.330709569Z 400 B1MH1X2aPG42WkEVvwauvcPpsltGdlzuybrLomWMbopf5095WBF5TOL0lSer
2020-09-15T00:28:37.397199281Z 401 yPRpadvJWgN4ASq7nGsVftYYNaI313MG4C6gJNfghjkB1cBoPzOTqk8P7ppT
2020-09-15T00:28:37.463051426Z 402 0ncOWVfKTNYVZGv8LvfDzqRFJ0CbJbzixjJ3kaXHa8rBkj6iy0boEsetzBXU
2020-09-15T00:28:37.528664796Z 403 NRhBA36YluGcef3rxwX8pS1zmeSwN1ZDUWVG8IMb649j2GP4m8tpH5cizclm
2020-09-15T00:28:37.594812457Z 404 KDLhljtB0nOocy25e8fIVQv66s0Sl6JjfzNSAPkGKXcdgnz9eEJVgX0pemBC
2020-09-15T00:28:37.661576139Z 405 h4KHJelD4SoIiYTOay6IaUOc3wvZLmv2y78R3D6lFxMSFuqFBgl7k5trY4jZ
2020-09-15T00:28:37.728480838Z 406 4TKr37UvJHJFqA7GhLcl2okgEnQlJZf7vaAgxtEfzYx9MfOTvCyDQYQkXE54
2020-09-15T00:28:37.795470355Z 407 CTmMpk6OrqzdNYrEzWk9glqXkamqo8IjYQ1VTEQqyq6MmfpZ5DgNyklk88KC
2020-09-15T00:28:37.861589499Z 408 LAtKNbYSbqetJKiQ3p6B5OSn7QgMq8d0NhIjdYQzWxNYCnFCG3PqO808t7Sw
2020-09-15T00:28:37.927915640Z 409 2LEbNIS0LB5HtFneu3ktFIcQeg7zPwknhwgAQpqbXXJxNMfir6BgtboohJcc
2020-09-15T00:28:37.993690982Z 410 svOWXLyvh2Jzx0RDJgP5XlcmOvUIHWs0XTN51jTuEwWkn05d61cTFu9dDvBJ
2020-09-15T00:28:38.060054880Z 411 xUcqvDMqZQd2gcYc2f8f6IeOKmB4bc3FYRBE4vjcf3fN4EBUoH0KBush8oZ5
2020-09-15T00:28:38.126595904Z 412 jAI3Nc2w5yCuWOHnpgg4gI5luhLwVG2YvxwGTJ74pH7MwEA283AmBSidTuBA
2020-09-15T00:28:38.193339924Z 413 7P3qkzgwlvJli8LJwTMe6yIqnFwvWbIJhx0PYnFt0JeJX7VjdQD1XDQGCUk2
2020-09-15T00:28:38.260661394Z 414 4Zmv08jkXR6buOi3TCXX1cXQaPNsM1xJl5nPM74rOQLDccbPz4NlVDCO9WAD
2020-09-15T00:28:38.326983947Z 415 KqZS8PnHw7jkFN1UWQ4C3wSQkhbo7OmMMeIpJj0S8veuipdz6a6YPkxKKBmE
2020-09-15T00:28:38.392755502Z 416 ZhmzQlCJd1tAICaltfwW1vYRIBzH8YgWfih7diEqZb0cZiGugse0lMpwIGQg
2020-09-15T00:28:38.460458649Z 417 npdAfcfoCEXr3tZxH8NdCQEGBFscYUNIY4aLus76RQMD3dcwFGrKQzcctorJ
2020-09-15T00:28:38.527194749Z 418 KrCgV1xEJKpDQJLEl8recwPXy02DdAUJgjnwXu8GBY5WvIkkmfrqwwg2W64T
2020-09-15T00:28:38.593894936Z 419 neSEIYTlH3ZMeHC6odhhlXQBYefO2PA4p3OMQUvK4lGEjY3OLg3TqS8nQ9Cw
2020-09-15T00:28:38.660550634Z 420 04pGXVJfXwICo54FajfycX2hhV1o5myESsUC6F93NxdjxY9CGDKgghQJWjqY
2020-09-15T00:28:38.726984984Z 421 Kw57mqoiyUr8LXy9F5bc4lxk9SfLVt2KKX1U0uPmsXYQ3MzpshqpZ89snCsk
2020-09-15T00:28:38.793356792Z 422 46FPq925LcsmJE6ZxSl5eHMTvHsQJHrcJsmLlg21pewwmdIJc0O1sHLlJWNh
2020-09-15T00:28:38.860205231Z 423 2gZFKotVZGGTRIWZZw71jE5J3oIZ0jXJNFpXF7SK6EuoH48D34TsG5fXxtY7
2020-09-15T00:28:38.926595559Z 424 Q7jfM9ullk3HsBdbXlB5EV9mv4ULoV6fC0XfGfume5hjQ6gpANCkdGYA1nmL
2020-09-15T00:28:38.992934677Z 425 73IJuHnq5Mz6jcOoXcHw9qUgc4hs45m5D0o90fMmbsCRMcIdwBtGAQFFH4qZ
2020-09-15T00:28:39.058780309Z 426 B21LJR9rhqzW1AcujbLQ3kCEVWv09O3dEKAEaNziK7KdU8dkDZUwoDw7bC3G
2020-09-15T00:28:39.125146748Z 427 ywY12GCoWTuuw6VUn5oNO0IoNpMDSS0zJ2DtSVD7PGcF0Ey53uTK7LYfgx5I
2020-09-15T00:28:39.191407456Z 428 loldl5CnZa9wn8jzJdboarPqSDIFsY2kFA9j6Gzo2dnJoZTt84p7MO04I4cC
2020-09-15T00:28:39.257446210Z 429 ukCU1AXRi3YKMYGoWPZA55N2dUb85KLYOjFI56h0fReIGuWOesz6TXQPnBb7
2020-09-15T00:28:39.323549727Z 430 Ysv8c6a37wghxgEbC0JyoHSaxVNuTqisffno7quqyRwUozK0P3iffRpbzzEf
2020-09-15T00:28:39.390403331Z 431 mBFmzDjPB0kuJ6gv4L40vWxXY8N4qgfYMthHI63BFOCIa512DvotKZcskh8Z
2020-09-15T00:28:39.455764098Z 432 LJHid1aPqMhnrHqLkaCJ9n3nYbbA2fEY8oF3e60vofKU30tdOKaZYMguI2OI
2020-09-15T00:28:39.522338585Z 433 NX8Kg5cuXVZfCupUflIaQ2MSuxCKBbBB0qI7WRmZpYHuWiV4B4c1Yp6zCxED
2020-09-15T00:28:39.589726594Z 434 PkXoRvUCB0HK3U312wwDqBYoPfK9S5EP7dmoYjNSgjSJYBsrbPtWmUztV1nt
2020-09-15T00:28:39.655932606Z 435 f8YNaHuXrNFcBoaiRvpNpmge5ya1LoXJuragATbKCRLkYU52W1z7NL20heaY
2020-09-15T00:28:39.722329347Z 436 USbVNgjNqoQ4pMTb3lD7NkE1cyUHWl6RiFSgegjEeC9tVZNxHCWfElGTEiGo
2020-09-15T00:28:39.787850745Z 437 e1xkSvEtyyBTmVDp1HZWeZFshJxMy8Q6gWCn9t8sXBA45ZPZBpKisnZASpJk
2020-09-15T00:28:39.854008875Z 438 dNw8vYhLbEMTDRwqdf7Y1WDTAcVXe7AH3hWdNXj6b9sJlUisGIwSncXnv4dg
2020-09-15T00:28:39.920096544Z 439 RNLA6luuSUWsrFvBOK6e7nxEUbO8DnO8ThgkfAHNypsX7tXWikWNZHQ6ND3n
2020-09-15T00:28:39.986726990Z 440 vD0xW4a1841Fb7safEWxT7TytDnwPalTpmcv4CiI31tgIINRo9rWLiE6jshC
2020-09-15T00:28:40.052658922Z 441 jtc60WK8kYAU2omW6VWIEpH8zECWGRDlIUkYKlz0DxUrix1ar2lQHb3Bq6HF
2020-09-15T00:28:40.118601489Z 442 iF0WkV2mXoGfjB3dmdWbCNz6qqWsIiY4oH8ccdk10iuQHWourxt2oemElAF1
2020-09-15T00:28:40.185000982Z 443 7yieY7QYPYUxxv5NHGNeRJQVBBggPKFlFD4xfor4sRT2PM11csans19avyOA
2020-09-15T00:28:40.250931258Z 444 5yeh9seGv33eR4qjE0U2bVeixq4fSztas3grPycYvIn4RAdYC0hbYizSB3b5
2020-09-15T00:28:40.316653126Z 445 VlLBfNyRk87ZaIwWQyYNqlO68L4PUJFmf00XZzbyCTSvtPaP0kdB38asEmOw
2020-09-15T00:28:40.382853230Z 446 uLFlLkKa9gwG23bAmrG7pTGL8OxsBRpUfjBq8Wdgfi4x6HfcataX8feT0Nc9
2020-09-15T00:28:40.448968378Z 447 kRFzcS9tIxi1FPpi3Xm7wbL0mVUYt6Ro5nKoaBaz6HjPO62OrqcGuZmxv91P
2020-09-15T00:28:40.514906727Z 448 4qgriWeNNl6xBALDwEDfzqa4nfvl0Sp36lrFRNV53Ob0LsdliEGQ0ZhuhOLq
2020-09-15T00:28:40.581357815Z 449 8r79CSlRC6gdLd1baIczMBe2YDVKyKewFTXvO1iB4tR96QjigbYWUAi1xosV
2020-09-15T00:28:40.646964245Z 450 txTOlBLgwjTwDKiuHBSBk52KfLESIXV74kWxuv1JOutcvyj6ceQxi02fV1qg
2020-09-15T00:28:40.713604340Z 451 oizO0wmov2eBAqldFNffPPTJBJOIV4tcInx2yfXZ6GWQOwmikfbIoBruFBpd
2020-09-15T00:28:40.780560121Z 452 HAVMsUHepr9OaNWG60YAKF74WMbJ1sSaOrqTbIKURhTdGPMrnGKBVKVBjWRS
2020-09-15T00:28:40.847440291Z 453 3MuNsmlorDBCwFczso041x5gERt9i5MiwcFnIdiFX0hULmZgLAAvDJj2sruX
2020-09-15T00:28:40.913686603Z 454 9sHO1YdopN3anVYdu4npFR8ILJkP4rgzbZblOZ3GDRgJyl55eI1Sr62pSxKM
2020-09-15T00:28:40.979918451Z 455 kIpUawz1MkBVdU2yn8KfrzoygW1vccJeuTRYKKSyXWsgvFgFEhBskR5jpgAm
2020-09-15T00:28:41.046658937Z 456 4tB1iUypldB8ZXdhjpA0hskdPvxQszPbiO0zYuJRMsdNt8GVQtb0OUSTF0Fv
2020-09-15T00:28:41.112828659Z 457 BrIsW2Az9DBpfL7VyKMhSWiQHTaUVI7J84jrU6al4w3L96leJOi2V9xOQuSb
2020-09-15T00:28:41.178616382Z 458 bynFpI7h5ZyuPDulFAjTOJfqlCg7NmgHcnv7Swpv5hssvzylzn9JtZq5Mdpk
2020-09-15T00:28:41.245139305Z 459 PjWw2dJbfIwrH0qw5TGotNRjjxrFPw7vkVrtz2aAIJNwtrVK0XZBDiKgwIfi
2020-09-15T00:28:41.311547870Z 460 KqLX368P9a3qedGMqGEy6Yy2cf3MRGirsWvnb8zDbfCYsNBNxsPEOzAQv0b7
2020-09-15T00:28:41.378439295Z 461 dM04zZR1a7SPhS3U5ADFpeagO3PtVafWMQxtyeCkFVyoroRAbc4rpooIs1Ou
2020-09-15T00:28:41.445161560Z 462 sqhPLWwZPbF7T4UJ2phNFdTHxrw5sOFlQI7eiSzpPcJ68IzVgPaxQr3f1CN8
2020-09-15T00:28:41.511315079Z 463 jDxqhn11gt9WWWnDUMbuPnmwRY7eItq60FQgQ3AAC7yN84ThYISQBd1sBULR
2020-09-15T00:28:41.577571521Z 464 HHm7nBAaMEVEpEQNnFoRlzyN5DE8lKegyx0koSalzA4Vpl34o90z9iiqNfKV
2020-09-15T00:28:41.644648281Z 465 vI4XONkyAOwtVzScyNIKB9pbkMaHTnEyx107Wf7nx3esHYkAtNLLskOuO8xY
2020-09-15T00:28:41.709916754Z 466 9BFRmfGgUclIyBDnNfvScLHiGxylSwTSUFm1ThJiibaO29Fx38yl8Cvdtnyr
2020-09-15T00:28:41.776282744Z 467 fWkC4sjxOopqF147MhQsJG6FVZ0CRO82yJVSh30211NhH1aBDWRCPHAmvYuT
2020-09-15T00:28:41.841892904Z 468 YMwvIFEzfcc24S2ygWOS1iBclZ2sbuov3qBfH337btOgaubTfFvxcu6CZXdt
2020-09-15T00:28:41.908111577Z 469 s7vVoZVq17ZOK4GaeHe5QhAZooaVvE3VAoYuoAk9gOY2qUK8aQXemFv40syc
2020-09-15T00:28:41.974096187Z 470 yRBje4Ls7PZ78mc6eh7bwlgI2OmSHojnWdkeTchftHEEKiSB8ZnAJjgvYKw1
2020-09-15T00:28:42.039839268Z 471 hNuqjXVBwgCSufqUvxlA54KNDeBhomBvln6hGHCRduORfi3h7eDcm3jPOC6h
2020-09-15T00:28:42.105782900Z 472 8zmELVDAIdgSjXsBfVwighC1qSOHB1nY2whxQmjmAKE2qO4XTJIxYhwAWRLF
2020-09-15T00:28:42.172428726Z 473 IQEo2QQz6HLl0us53y7sqV6VZ7MeGeZOBeUWAU684DMIUMbXWJzgoWypLxAf
2020-09-15T00:28:42.239549568Z 474 JmgCt1HurLRujd2AlG3Y3y4pDRoqSxiWEcH5zovO88M7AqwoTgB86kCCVjvu
2020-09-15T00:28:42.306061630Z 475 MqZD7esE9WNIhQGAJqUU5QC5TCnZDA2xu1rxIPguE4sRDagMF5L1A4fx4rma
2020-09-15T00:28:42.373462461Z 476 sCuMnvbf5ThBNHcSFDicxZWB92iFcvKmbYDyugCnyBgQfs7a9zpU6i6EPGWw
2020-09-15T00:28:42.439999140Z 477 wh2ajmXEAMfRFuH2uUGgcWiUmZ1uNzEdIkyldrX040zPRUXPzOJqFt8wJGgY
2020-09-15T00:28:42.506229664Z 478 KeIkNmwR07EvuvnAIuIuMIhPkLzCgjqBcuJEGedpZhYjL90jVjNS7STGQ0u6
2020-09-15T00:28:42.571884499Z 479 1cokJqSzardn1mfchMg5JkkeQ4B6bbRLdExM3Z57GmL0F41ZU9xKPOouJQa1
2020-09-15T00:28:42.639100043Z 480 ZzZQaZx0WrYpu9iFMDmmcE5XNVUUwGr62miVEHq9iTXjmX13VEREkO2ObAM8
2020-09-15T00:28:42.704898659Z 481 OEDLwGk5oarh2t70Q90rmhM7wYcxXcDaaOZ2gGs50Y6kIy3v2UVVMvLpCsyl
2020-09-15T00:28:42.770998250Z 482 GBSsSc9MVCtLGQzpO3kj6VatoH1FYZsQyf0oYFsmgYoSxoiLpq5VxBW6CTVj
2020-09-15T00:28:42.836934406Z 483 xPRenJp4EbZP3ClAkaCg7Amc3Ey0HB6TrSCXNxDzH2lfX6dI9sXPmsq5KwrV
2020-09-15T00:28:42.903744857Z 484 brgpsZlWXYt365Cpa4KLNiPVi6eLAtfmf8cjPT1AAkBJmnYDl8vRol2z9kzE
2020-09-15T00:28:42.969999285Z 485 dlc4DfsYzAscUPHHHHfPsUbGK9HzXgUpLpexmS69SDOjiNDKcrFZoB8PbXJm
2020-09-15T00:28:43.036280451Z 486 IxhNWIMIzAS3k4o2HUHu7Do6oeo0LEbjZgdWoq3doVjLVkH6hFkckZdS5nyK
2020-09-15T00:28:43.101887944Z 487 jQAXCW5tMzPQfqujxTongR9ztLuaZNwcHwl452YA4RmbmdL6dPd7SJVhLKkW
2020-09-15T00:28:43.167881360Z 488 oCtWVyqRGSzKug9yfQ2NuWFSZKqycs1OAQJdQLjvEydrwGUyOzlxky9th5YY
2020-09-15T00:28:43.234691250Z 489 uD3V7jQosbt1tH6ceN5d3Jny3XnASUAKVFal4RPaUYmhMuZzGObu8xoyAid0
2020-09-15T00:28:43.301474219Z 490 J8Nc0xsrFfgG8qKyr9C3fwcWJpdGWH4DX37zt5awo64kbMV6k1TL07b4r5Sl
2020-09-15T00:28:43.368562393Z 491 lS1H6pGZJVS64hQ8bCZ8qtvO6thRXA1dCJoZmiAh2OCBwY1izZ4qZkN878Rn
2020-09-15T00:28:43.435718554Z 492 BOb7pZ3ZHGLkqTQFhT9jHWHcrZjaGKQKuGzvpTRPFNFehbcUVRzwe7bpobR4
2020-09-15T00:28:43.502752045Z 493 CW4lPXTBEiaA2P4hUmgiecFc8icWYQZ4b5hyDDFBcWY4WN6bgQB731gDrhaB
2020-09-15T00:28:43.568710261Z 494 fd8jDDMpe2cdGMnLm9smi1sNaHPmPUNrtrW0xyoRJEPvOQI4km27ltA39f0W
2020-09-15T00:28:43.635281460Z 495 186tKxkrxX6h8s3C3cGPGBzC27Of4u3zSw266jhtPfBz9JwiVRt1wM75NOk1
2020-09-15T00:28:43.701305791Z 496 lcvcRJ02DYo6or2TgMNdBw4EfrPjKyNTU4BMyyZ1JNlazhZU2d62oTAAyvbV
2020-09-15T00:28:43.767074248Z 497 ZIkZmZkDW0pGFJ49zsxRF58UmzLmywWcBdhJOo5CgQctQ38j1W2O9DkmqlPX
2020-09-15T00:28:43.833144821Z 498 m4KHCwiMsVKhCvfxQjUrvYBeH9s0Z6FHnvDfUqol7Raj1dBjRNpxVHtoOhyV
2020-09-15T00:28:43.899107067Z 499 pSe7IhqmivFsDiO2vGIFZenF9O9teE6EfAm9vnj43pzouqG7wwbjZghe2xT5
