2020-09-16T02:18:21.544336016Z,2020-09-16T02:18:21.548682942Z,0 iEriupSnAW0H7OCIbop0aK3IO8L7xk63YSDQMCCPhC01Vu69lRbYUAP3eKMBQk
2020-09-16T02:18:21.610136245Z,2020-09-16T02:18:21.610942984Z,1 E5DlaHqRMwfs9XOdkngeg2dyGcesi9spFdFDBi8O1ZP9K6fug1esraBtt1SXMF
2020-09-16T02:18:21.676312789Z,2020-09-16T02:18:21.676988197Z,2 JuiSTTjYujtba0cpM6IG3TBGnerfzxzFUPXqHzWjzg77MXsBdMYJsyC4yIcLmd
2020-09-16T02:18:21.742212393Z,2020-09-16T02:18:21.742959404Z,3 jQWVFfCGPQ1pNwrJsOmpjCP153zIzJ3OEAlltuY2ySaZ5VDigTtF2OHLF8iBhV
2020-09-16T02:18:21.808460959Z,2020-09-16T02:18:21.809883689Z,4 IhkXIcsu1uNZ9Mma0Lt0AN55cHQUw9TDmDP0A1bJ8PLbiss0gBvqgYV4N7SFIE
2020-09-16T02:18:21.874173016Z,2020-09-16T02:18:21.875744921Z,5 TK1xRIQX9vcXlKTIaIUuDZKvZgLdUIo7kpk1KHQwQIfdfVn4EGAm9j7LXFgIhv
2020-09-16T02:18:21.940048375Z,2020-09-16T02:18:21.941692594Z,6 B5GjcmFQASRl8eI7ptSJN5hEG0UiKQ8JO6FNbiEVZigtNepGAPuXpz2aKH1fii
2020-09-16T02:18:22.006852047Z,2020-09-16T02:18:22.007927049Z,7 UphhPz0yCZZQZD5SdOsYEGTj8EB8vd88CYZAXeOkIICb9TgcXz2eGXuTLPPV42
2020-09-16T02:18:22.073205629Z,2020-09-16T02:18:22.074715733Z,8 MBpglxXSHTHKwrbhlzHgvhQ4X72ij9Y0sXc9sZjRAObDj3QZaLAItsKNkPjpRs
2020-09-16T02:18:22.139567660Z,2020-09-16T02:18:22.141009980Z,9 1gQQdgDaJJB8DroZ5GOOQkjRizltbCHRGwCHBpPWOUpv0FR83vmJvM3W4TRu5T
2020-09-16T02:18:22.205257653Z,2020-09-16T02:18:22.206972012Z,10 zi2C1kbbWG7wOfKpZMsosmPazXKifr5EfEaK70e77FGOhbMuPzmnDsAlZvhkx
2020-09-16T02:18:22.271220025Z,2020-09-16T02:18:22.272327074Z,11 ec0YY3EDwLbXGmfaDJ1JQ793bUxUsPSO5l46wFx2rKydPOtjYO2B5r5sbIj5E
2020-09-16T02:18:22.337337960Z,2020-09-16T02:18:22.338237299Z,12 cKBACR0fWAosdcURBosP6ODQCGll2q4uGVrliRUFOjqNAfSvNk4FG26Bp6chx
2020-09-16T02:18:22.403918579Z,2020-09-16T02:18:22.404781370Z,13 QHZmmTZFtKEutlieFUPLgTv346VtzaYkoP6VhoLBMoJxUj4eutIe2Rz7GIPA0
2020-09-16T02:18:22.470199208Z,2020-09-16T02:18:22.471528525Z,14 2h8OSWDVSDWrl3LS3DrifIQcLpBs6NOlPPP5ntCJXLhR5oQiBVheEUV0DgNRs
2020-09-16T02:18:22.536580811Z,2020-09-16T02:18:22.537588272Z,15 bfC19RVtZqmIr2IkA9lFpUbzQ90bRS2yHRKrA3rOGJwl1DxYBSidswW6zljC2
2020-09-16T02:18:22.602409943Z,2020-09-16T02:18:22.603287897Z,16 Z3SsKuHBJjpteBE8l4lUkIN3ewIdSihVXGKQeJY8Ice3j0OHWzMENKO6rkskd
2020-09-16T02:18:22.668045605Z,2020-09-16T02:18:22.669032028Z,17 ruXT4sLbC9RDQ498W4rwMGM9pQaaksJ1VojMhDblGzZQFYkcdteeWTYbOkL6h
2020-09-16T02:18:22.734066330Z,2020-09-16T02:18:22.734899125Z,18 Rbvpe4uNy66uuWaJAc69cGxuv1xjiWDsFDoMfqF01co1rp3wXSgMLJU5Xdbww
2020-09-16T02:18:22.800610083Z,2020-09-16T02:18:22.803597338Z,19 D0U5DWlANvvOyHMsixD2To8jaE0XwBbV98TR9YkXXC3HHYP49ajfnEVjihCN0
2020-09-16T02:18:22.866472206Z,2020-09-16T02:18:22.869545162Z,20 VFBTXErXUSJfcnDe4vMuX47VizfZu78eb8YRNLwAdETZmqGxou5d0cme0xI6K
2020-09-16T02:18:22.932131571Z,2020-09-16T02:18:22.933054253Z,21 Yio1Ae0yPEc6mQTxSrwQ8KMcz7bBICxbgytKzOo0eyy424vKqn8TK7RZw23zU
2020-09-16T02:18:22.998120110Z,2020-09-16T02:18:23.001056270Z,22 vl9V2PgLSsxzsEmBClPiSLiSocF3y4PhIErSHTAamXaBZH6Tn2ucLKgmbRiPV
2020-09-16T02:18:23.065044297Z,2020-09-16T02:18:23.066065002Z,23 AcvKRcVHyBkd0y6l66deM8RLO6TjG08z8NBNlDZ2oIVIns4Q3Ijgebu7ght75
2020-09-16T02:18:23.131304752Z,2020-09-16T02:18:23.134930682Z,24 0ba9YYZPzvrMiF51L2R2rFMr4aIHcym7d93hoMErQSEVIP50gVbYHCE3FIV2P
2020-09-16T02:18:23.196978653Z,2020-09-16T02:18:23.198579523Z,25 W0VMOLeW1GAO1ZST35qGteasAM02Rk6mk8NhvNA1YgGxW7p0e5NR9jwDi9jSA
2020-09-16T02:18:23.263294844Z,2020-09-16T02:18:23.264259285Z,26 k5EuwZvJJkJnrFa43OZlfHfMqleAvCyLo4MuONQVCIxd4TaE8ljTSil36jFj4
2020-09-16T02:18:23.329695878Z,2020-09-16T02:18:23.330914941Z,27 0fv8LI5pAiIFioxRMhz01CnhlyeefW14lWX8UfRMbUB5rUkfelfTxXwVLKmuD
2020-09-16T02:18:23.396695797Z,2020-09-16T02:18:23.397976714Z,28 KB48JFGUQlKVqDml5VI8jdDASAmerGDWvQI8xGpwZOD5O5n7sCvDxFrpXVIi5
2020-09-16T02:18:23.462826342Z,2020-09-16T02:18:23.464377081Z,29 vTfxO1usfHrf3Bch8nx3qO5NHnfWHe2wyrTFTo4YhYfZ3J4YKZQxVEjKXCRWp
2020-09-16T02:18:23.529222343Z,2020-09-16T02:18:23.529860933Z,30 F0hV5r7udhsfM13MfyZ0rc0Y54Q90WnfKCGIeiVDkT25NGhQtTWZiEmD9MQia
2020-09-16T02:18:23.595398580Z,2020-09-16T02:18:23.595908496Z,31 OnLkBcJVxZVpmKMLP9aDB3Syyh7r0z8Abpo193qmFnKFb2tTAFS7tidY9S1x8
2020-09-16T02:18:23.661816602Z,2020-09-16T02:18:23.662697838Z,32 93NBOQEYUBN4aBT5SVpzYeIFa1vjb3D1rdoVJ3loohLSputBMUZ34ise36WC4
2020-09-16T02:18:23.728210802Z,2020-09-16T02:18:23.729318548Z,33 X0sQdMOSBQ15Ju8NcjupFUb4LqwAKNKlEuyuTurtWrnzOVZzbTdVURGuxekEb
2020-09-16T02:18:23.794646658Z,2020-09-16T02:18:23.795589639Z,34 bU7BvB5It9QdHb25qVtGRYLltHjuJI2KkEiP0xuiyFDX38kuoR0RNF3J0U66u
2020-09-16T02:18:23.860450933Z,2020-09-16T02:18:23.860869566Z,35 fTeVqDLPtepf1nv1V7KI7V69b27hKyJvxvp7xeQuBlpcze8LoeD5giwMKiSbg
2020-09-16T02:18:23.926124889Z,2020-09-16T02:18:23.927364837Z,36 IFEI9lPDbbQEMar7ZniKoeOH8CD2Y9c9u17pu725kTrrV1trlwcZBmJUf2Z1G
2020-09-16T02:18:23.992656913Z,2020-09-16T02:18:23.993345596Z,37 tP9h5QScEhk00T9kgyavGv5GFDDIBQW5eoBKhTk5l7nxHzO9h8w4p5BjinfI9
2020-09-16T02:18:24.058132441Z,2020-09-16T02:18:24.058754336Z,38 jLU1Z1GNBKKaXycjIahIq1lWNHaVqGPs8BskPImM4ODeHIVZ2N3gLrFPIQb39
2020-09-16T02:18:24.124585023Z,2020-09-16T02:18:24.125474446Z,39 OQThbe9icT9cJDE4dOzuE7UNi0HxawPnAmqRHSIDtenAQlpL4d1kljDDDEb1Z
2020-09-16T02:18:24.190970519Z,2020-09-16T02:18:24.192454424Z,40 UJN7qifwkOUMVGTZQch6FssGKf8uoLI9MTxPkrTdnQyRePyUwUvMIpQ4UHSeS
2020-09-16T02:18:24.257878523Z,2020-09-16T02:18:24.258674079Z,41 uj6UISbzDBlApnw7MRUXL1U8Td8qSH6vc1vfq4k7ADRHnmc0wR5oN5gik3adf
2020-09-16T02:18:24.324156765Z,2020-09-16T02:18:24.324676779Z,42 fZkxqeRCVpOmknwk7HOXadYKYgWOKB1QaUwXe06MXBRJnlbdTUpP6fsqprpbz
2020-09-16T02:18:24.391071484Z,2020-09-16T02:18:24.391543605Z,43 LFShRg1C8OtrLhzH06Fcl0rhqvmFSOqABflbVTqTtPMdmFExdFvEdnr1lF911
2020-09-16T02:18:24.457901001Z,2020-09-16T02:18:24.458892797Z,44 RaOrH8ZJOY3eqzkINsNdnrdWRQRkxYwYDHQXpvZ6MeAVoCysbhIBu1QWfQbQu
2020-09-16T02:18:24.525159039Z,2020-09-16T02:18:24.526066575Z,45 y9P3s1pltReC1vo0tSJyqYH2BTI0rYin8JyO1O9JQzfhuKmeTvXV6jWOpn7TO
2020-09-16T02:18:24.591883593Z,2020-09-16T02:18:24.592770175Z,46 4yPU7QkZj6MDsqw8WFv7QM2UZSXvAe1KYXo7AiMhXOBLndsqnkQUXaVVcEAAo
2020-09-16T02:18:24.658575942Z,2020-09-16T02:18:24.662654614Z,47 DEdlaQ52EFJbTUrQfno6b2mxvy9TnI2sPYIMCH3erTXtbjz5fsFhm2820bveA
2020-09-16T02:18:24.724265986Z,2020-09-16T02:18:24.727743892Z,48 yJEAJcPEaogPsn8jZhiViCWDUtLYc0mwftaM5GCGYjmpYqKnNOBKk8BpH71KC
2020-09-16T02:18:24.790155429Z,2020-09-16T02:18:24.791801986Z,49 bq4F94sYZugzlIR9rn5Qeza0cv6eskRbAa8oDrXjEYuTCnjuQMFSuXUydy7Uz
2020-09-16T02:18:24.856719729Z,2020-09-16T02:18:24.858567274Z,50 2yGz4DvgO3OCi2Ch4qO1tAGjfYfX2L2v03hmAZDqgEIavXjesBDgWd0x3ZTxh
2020-09-16T02:18:24.923680820Z,2020-09-16T02:18:24.924619327Z,51 pO7DM0XJ4v89q6WC4rJ1bR7OWHmmNSy5NdVFbPjlrjMYpEulXtkS9rzQrudcq
2020-09-16T02:18:24.989046130Z,2020-09-16T02:18:24.990245370Z,52 e4hRBm3gATtWnhDtZfYqL0grUo9ngb1p45nMy1hTT9eBOcrk9PjHT33WxuPgI
2020-09-16T02:18:25.056220458Z,2020-09-16T02:18:25.057681358Z,53 bGNIQ4VyKh7DTaOdaIOdBdxOFU6zOSiJffHXraQhOyWtfxCtlIf47SRdhbirn
2020-09-16T02:18:25.122445048Z,2020-09-16T02:18:25.123267110Z,54 5RZQ6SzlaVzcoAnLAToe46nvdGW32JiUULQkxyo1T8TMPnHSCdPp1T2fBDIoP
2020-09-16T02:18:25.188567917Z,2020-09-16T02:18:25.192905312Z,55 dJtNCw96BdcSDUe2c9ANitTc7c8FgbqwtuwPw7P2dqqCtFrkTPtwWsA2pTUrK
2020-09-16T02:18:25.254198959Z,2020-09-16T02:18:25.321804522Z,56 oe2cIIiuG9CMNy6e8TpBumrtmHZbwlULJvxTwt3jUtTNVNWcSYdpLOH0jp4QX
2020-09-16T02:18:25.320516810Z,2020-09-16T02:18:25.387484106Z,57 fXo6R200j7A4E1yrOuXNsMNgaeurYCS5MD8cVxvZvoMEpzjtixYzCdQFFGqP8
2020-09-16T02:18:25.386249788Z,2020-09-16T02:18:25.454872391Z,58 nWqkyzEbtua1OyGs9dwxJbZLqvLxpVOaw8grfSy2FdyZiKPOb07uD5RIqmGnS
2020-09-16T02:18:25.452704205Z,2020-09-16T02:18:25.517242931Z,59 nWHINLbN4FHFzuinAz8CrDXfsiWOWr6zHjl8fEBAnKx58g6uVDtjn4ZfYNCyi
2020-09-16T02:18:25.518262565Z,2020-09-16T02:18:25.584644204Z,60 wijEYf441z9oiRV2hLNh4fTIBow9Xo3ekDUnW0g2YWn0LpshfsukWRXE2yUdo
2020-09-16T02:18:25.584106528Z,2020-09-16T02:18:25.650860840Z,61 faBkQI23zonAQI1cMwhiiNAufcZAOiTQq3wprb7THYEcnzckTNXSUhc7gXErX
2020-09-16T02:18:25.652014987Z,2020-09-16T02:18:25.718246457Z,62 IhUXCjxCpxuBrhViGK0ka9nCrEhl3b1OyShBHsp75chewofQV0Kb9FXGb7f1R
2020-09-16T02:18:25.718044405Z,2020-09-16T02:18:25.787463415Z,63 a5IpJYgAe4HIAnVAMz6uvrILLK9sccC5xr2JnFUEtWNsdgz4gcUSk1YcJKMNn
2020-09-16T02:18:25.783639994Z,2020-09-16T02:18:25.852547780Z,64 F2oCA4BW3KkOL4BqcXKRcdicFpAWt8cEQojy4hLP2wqoOd6LgsBFPLHnyesbw
2020-09-16T02:18:25.849658501Z,2020-09-16T02:18:25.922301046Z,65 5TWrm4mJVDDTsgwuO9kDtouDXGhsJfaXZUeEGRLWcqSokDNiXyDKK12bwcBtW
2020-09-16T02:18:25.915819358Z,2020-09-16T02:18:25.989028015Z,66 Ki4Mns7myyZwMsmden3xeiFWGP8dFS0CQkWKPoHlgLaRpeooCaIGVxz5zTbE1
2020-09-16T02:18:25.982892014Z,2020-09-16T02:18:26.059587823Z,67 yrij3oXXya4a6CesqbOmKe9fv0d25s3kcah3G41DdPedhdxXbbUQBrjo3vT3Q
2020-09-16T02:18:26.048457737Z,2020-09-16T02:18:26.130598173Z,68 WoLFdlhCGt1FSJkb4bdrH2EdlfHKySbMOIYSc8j4E0V8bY60HszJ5scQSAi1A
2020-09-16T02:18:26.115108756Z,2020-09-16T02:18:26.199880507Z,69 oXHtcKakijZBzhVYvKoo1HIvPwS0fDTfYqW4TVN4fzcQ5zb7wsOlm6RxwHlpc
2020-09-16T02:18:26.182002280Z,2020-09-16T02:18:26.265795965Z,70 zSSsdkh4loWHT6p6hbfQnWaWLIRhwzjaSmyZqjQ8l3B9ucNtL9ytVsD8sl0sZ
2020-09-16T02:18:26.248142689Z,2020-09-16T02:18:26.335790293Z,71 1wZKN1C4hJH7ohpQgm5ewZaoTTsKceO4llzrTnOFDRXdYv62dOxMEtjioYMgo
2020-09-16T02:18:26.314200018Z,2020-09-16T02:18:26.403425112Z,72 gwz9sWIgTJs0bPIh5xD3SilklQO9DD2JAnJWky3IJl0M5oeW18mptbCHeoSWg
2020-09-16T02:18:26.380264774Z,2020-09-16T02:18:26.471956914Z,73 lCXaf9Cc0276n3XUCPGyoYmRCdm9H7kjeLOcQYhKVmHC4MAX0fWPAPPHvzbGN
2020-09-16T02:18:26.446095277Z,2020-09-16T02:18:26.542226722Z,74 E6jFWu7aGuTzSf1f0henkSGVaIaLGADqVIOzICdcc30C011gj4MLbMkablzZ8
2020-09-16T02:18:26.512079389Z,2020-09-16T02:18:26.612618962Z,75 pDqkbgDRk3Y2LJaokoMXUJd68lXL7lxRfCMOzD1kjEsuDyVFEEa42uTZz9Ptv
2020-09-16T02:18:26.578744760Z,2020-09-16T02:18:26.679146390Z,76 9JxAj9zbX5XU0S0DotyUpT1zWldLp71m2S7CDPB4eCd0wtP98d6tm462DHMym
2020-09-16T02:18:26.645772377Z,2020-09-16T02:18:26.747984865Z,77 Xxs6k1atgjbVP6vaTPp3ReUeUr6amwTRFe0rp1ZQEhvwD6MQ8QwXulN1zzLSx
2020-09-16T02:18:26.712689227Z,2020-09-16T02:18:26.815514012Z,78 dYOE9HoHqreNRkD349EppLV4eYoEW1m0KBhT5J2K2pwrQ57BzuA1oIo8xS1IZ
2020-09-16T02:18:26.778336852Z,2020-09-16T02:18:26.886334581Z,79 4oBZ8bN3Nl22PCkmALG1h6lED0wcAgLUQhf0XX83Je0DLDqFoebxzqCtuSbJE
2020-09-16T02:18:26.844558794Z,2020-09-16T02:18:26.957298077Z,80 1VwEcUjB4gQ7XQUxumUCI5GrRLXiCUgarptx3YxW9SrEX0TKbAORfiPMZ19eV
2020-09-16T02:18:26.910106295Z,2020-09-16T02:18:27.025797430Z,81 yG9ooae5M5ixrtseU2PnSmOWmuhDDhko88uxHiIiib2dAHNQxFZh7sYa8lB0C
2020-09-16T02:18:26.976344723Z,2020-09-16T02:18:27.092709527Z,82 IjciiUA9f3P4UzNYttekFd5sEiHPNYWunTEWhPw2uTTiL8F0QOebtoa7YwEea
2020-09-16T02:18:27.042613872Z,2020-09-16T02:18:27.171259359Z,83 q7KwU6uStXQtHhLNyrnPJcX2XlfSkF0FlEthgBpHEFwI8JwEyQ0KuuksuiDMV
2020-09-16T02:18:27.110429531Z,2020-09-16T02:18:27.237672205Z,84 s1VkzEQwnHPfDGMU3UGt1NMfOLoUCJjgDutJHzWDPfXxwpqXF9yLIn94WzP60
2020-09-16T02:18:27.175884451Z,2020-09-16T02:18:27.302766905Z,85 ddTKlHYWjYwOT0Q3MzMYAABgGCIG63rah51Fwc6vRyiTTbfGimvVfoOcA6q2q
2020-09-16T02:18:27.242242939Z,2020-09-16T02:18:27.371226059Z,86 4K3i9aeF4J3rIIA8TNxg5thktvX5Bbyl2DyZQFXPchHiUpAiuUPiM8g7rAZut
2020-09-16T02:18:27.308801879Z,2020-09-16T02:18:27.438490078Z,87 yQJmFbRidzs4eL1yMBOuSnatcpYcS2cK4v0H1vC45vAx8zWSbtoHdT6l3QvBc
2020-09-16T02:18:27.375328146Z,2020-09-16T02:18:27.508051239Z,88 OIqGupRF9Oouxo42yWR0c05gJXI2gNcBDTIrDClwJ7JlTMhtes2MSQOLaYpqF
2020-09-16T02:18:27.441501551Z,2020-09-16T02:18:27.579818684Z,89 Dr74WUXuGHdmbQ2dVwngJllQeMUuGH49UsXhBHVEj4sR2XIZo3BXmFpWzoZ2D
2020-09-16T02:18:27.507392908Z,2020-09-16T02:18:27.647662632Z,90 sg9jO69xMtBSrcDT2pZW3JApblEUBaEY19YU4KiZzEHqlOBQw4Xli3rF0h3Vb
2020-09-16T02:18:27.573151226Z,2020-09-16T02:18:27.710902339Z,91 aXlv75yNc4Rrur1ZyQ36pPOpsjSLwlKvZ104UXsZ37lcyEifB4vEvwLIqY8er
2020-09-16T02:18:27.639264866Z,2020-09-16T02:18:27.783963982Z,92 3wC9VwsZTurRnmhrH9rpsmcbaq94gUmyRNl3cSDM5c6ywxTu8QeKntDhmmDjj
2020-09-16T02:18:27.705880895Z,2020-09-16T02:18:27.847919027Z,93 wAuPvgx174VEYelabKse4ne3hnqTIgjL3pw3bQzzxdz7qwXOucwU0sjpv5KFc
2020-09-16T02:18:27.772775266Z,2020-09-16T02:18:27.918111090Z,94 hpPwKBxNiVTbshpWiLoHHYP07YGfOgY928XcwnvUOFUZrgozCsoYUZwhBUeij
2020-09-16T02:18:27.839362706Z,2020-09-16T02:18:27.984933790Z,95 H6NyAOQcRCQdBKbsgrlwvYYvaqpr7h8H8JGG9FH5dGUNTAITvqxTT5P5HzlDq
2020-09-16T02:18:27.905882080Z,2020-09-16T02:18:28.052642841Z,96 czufGA4OgK0oFIcIOWZc7ANCCPxF3nHGsurUnR2oSnuAkfChwOKUQcSw60Vjq
2020-09-16T02:18:27.972678009Z,2020-09-16T02:18:28.119570548Z,97 UYoj0586gJ15vTtEXoL2a2C4byQOfmg8fAQeV8UzHY0CiZFpC5bCl1CLpHnfz
2020-09-16T02:18:28.038601470Z,2020-09-16T02:18:28.188702725Z,98 Ldc6ivgPluTkwTYonjExcqPo1TGektMXqATbKUX7Qlb2xwiNXLlr4Jzc9nbYh
2020-09-16T02:18:28.104718352Z,2020-09-16T02:18:28.257735970Z,99 RvDAkqoTwoM6LZE3svTyBnWnb6snLDcLJPmzfB4qvrkCGoeCdKxUaXtmEJt7A
2020-09-16T02:18:28.170209970Z,2020-09-16T02:18:28.327586364Z,100 XGggD3NxqaDFZYefhk1S1QazA4bsGLKkbMfOpipl581LG5KdmhQKta11Jfae
2020-09-16T02:18:28.236688683Z,2020-09-16T02:18:28.393351310Z,101 W5QRCWJqv60HhSYxamPXTBPLJGmOqG7fyxkTRNzp7IHVnhVQI9ypzHddbnpN
2020-09-16T02:18:28.302330255Z,2020-09-16T02:18:28.463142447Z,102 QcfYT0Lx1YFXPwlg8blSwvhrDHSpCUNLOr2nxzhRj1NprcdFlaRIFHDQr51I
2020-09-16T02:18:28.368150927Z,2020-09-16T02:18:28.529595490Z,103 dpg5xHKE3spVdaX9gwCVexyJufhVQpE1VWC4iLAilTScadcpbPqq9Coe5KPR
2020-09-16T02:18:28.434741841Z,2020-09-16T02:18:28.594860440Z,104 p3sNWNel0DVQ5EofyvRm4XvrHEp1xZek7wrAl5GuNQcflqqrlvBh3pprAXcN
2020-09-16T02:18:28.501756117Z,2020-09-16T02:18:28.663333757Z,105 oXmsychMdJxSsiYocRU2I9IfPa7TbnIduPv6PYC5w5w6P1OHMtLRqwMulsyK
2020-09-16T02:18:28.567369727Z,2020-09-16T02:18:28.735212365Z,106 thnfYFlOPw3Xa5EbEeGpTQIwHCBLOXap414LtBLtYn3AIrRWAO0PUezDKNrE
2020-09-16T02:18:28.633359865Z,2020-09-16T02:18:28.800822140Z,107 DiHavyVNvVhkfoiCwdQ3TT733qEVcheEIGGGQKUQH9gU1XrYArDA5QEls6Gt
2020-09-16T02:18:28.699779424Z,2020-09-16T02:18:28.867045767Z,108 wAToCQhH0jjfVTLCtW1ecknry4yKVR18PMcCZoJrePfABAt2V3NJ5NsztrBU
2020-09-16T02:18:28.766507388Z,2020-09-16T02:18:28.931961526Z,109 P5bGwjAFdx3cuBnzI95UJIMo9Ze46HiVdclHl5sZnsnRxz6WcprIZfTnqMFO
2020-09-16T02:18:28.832185451Z,2020-09-16T02:18:29.000214029Z,110 0Nr9o42oNZxcLZFrOGBw7il8suIQZiwK45YnDZzsCtPbp7msWp4NncFlUBqs
2020-09-16T02:18:28.898959040Z,2020-09-16T02:18:29.067324032Z,111 NBaxOavByW0xudwDphjALAw9oMXN6hginX1tiX9nc9zDcLOfDKFspjJxlb8x
2020-09-16T02:18:28.965504659Z,2020-09-16T02:18:29.141068283Z,112 rG0i8gmCspCHQgn64LD3oX3yZj6gHodN2xYrd9MgbV2x4XKO9GkHbpqEsMeg
2020-09-16T02:18:29.031803636Z,2020-09-16T02:18:29.208178408Z,113 HqAlIHrCChPSQpkXrnejiEUEnncHWfckDg0R72UjTo9GtARJprfnyPszIn2U
2020-09-16T02:18:29.098278354Z,2020-09-16T02:18:29.274710140Z,114 3D0WnmOFzKIduH3NUXVgCUolnFAsHHatNmQ0pRsY7WCIEQHaVNXVjfR4bxP7
2020-09-16T02:18:29.164463311Z,2020-09-16T02:18:29.343230781Z,115 y2eCtzPP4WjgjCbHTMOSmaBslrE8DJRSAOpM3oMTJdrh9Vmls81PL9AJfwIR
2020-09-16T02:18:29.229825624Z,2020-09-16T02:18:29.411088800Z,116 0cb3eqHD0EWG1u4xZX1J41dN5Jivwsz6iKfVXqGajpUH8Oiq7Wxv7YcCIlwd
2020-09-16T02:18:29.296249926Z,2020-09-16T02:18:29.478292970Z,117 l7DQteKs2P7qwPazu5M1UJmUpmNYXAde6nYXwuECsKIIqNeZlnGXKeON2KcM
2020-09-16T02:18:29.361802023Z,2020-09-16T02:18:29.545428596Z,118 K90UY6GQuuJp5exfbeO1HM0yQoEfkQ4SouyyoupPz7TXAtpylPPUGwk7YQ1Z
2020-09-16T02:18:29.428203804Z,2020-09-16T02:18:29.611559985Z,119 pdXfZ0wLtfaP4Ak2sewx3NlnW7i8krnKwW7YBZ1PRr3ZUuPFxHJt3FAQ5xLG
2020-09-16T02:18:29.494421351Z,2020-09-16T02:18:29.679380982Z,120 5TCDsEnf9mHUrtftTpFUEa4FEpMAVI2NmK4FQyzZT45xX9FR0SeN7ty9Wiba
2020-09-16T02:18:29.560696672Z,2020-09-16T02:18:29.747598140Z,121 XfAmwc0sEibc1Y6SlbxXaHBjKqadC7ZdzzVIGDFHpkI05ni1G62oD91SYhK2
2020-09-16T02:18:29.626861215Z,2020-09-16T02:18:29.813528829Z,122 9gNnp6TqVIV4jf2zRCWd0nJDLbTdq9T9VAeDAITYi8iTPn6R6esALsLYOvgV
2020-09-16T02:18:29.693219421Z,2020-09-16T02:18:29.882365638Z,123 Zq9i2cOzVp7psiOFkWDFfW3FFbt2BIcZn02xW9k9NOBo57iAPAXHdbttghIg
2020-09-16T02:18:29.759566816Z,2020-09-16T02:18:29.949097346Z,124 ZBF2ZaYsG18zFFk0FAxtLcHAHyfaZXU2CB5rKOXvGFsQditYSuyKL1H09Mib
2020-09-16T02:18:29.825182570Z,2020-09-16T02:18:30.017683918Z,125 xfS0AirqKUDBELOEfWNdkqB8X59HhC4RVIJUjC4jzTFnh6qbi95ufhAmEPh4
2020-09-16T02:18:29.891308149Z,2020-09-16T02:18:30.083282578Z,126 7b2Us5Osm6F36iL0Dszs2l0AzbW7nyaNgXztVL0BZB12twWV4uXoL84LRPiS
2020-09-16T02:18:29.957175195Z,2020-09-16T02:18:30.149042031Z,127 Hc7NbEdW41voEjx0Xg34efdpWtWMHTvFgp0c9QfyGQ6Wk3wttlQTRI94F2Jn
2020-09-16T02:18:30.023562871Z,2020-09-16T02:18:30.218583011Z,128 8wu4My1mIBYv16bjo2EwmCTKRuHrAP5E6hOrObrUJmqkT6J6Cw0UmHGGyckW
2020-09-16T02:18:30.090512166Z,2020-09-16T02:18:30.286704594Z,129 eq66nF0ESPDSPD7udHZz25Qxt7bf9EEfHuhP2L2w47JSij87Mbbn4xvzHpRS
2020-09-16T02:18:30.156226834Z,2020-09-16T02:18:30.353394432Z,130 P51APxkAXZRNW3vPdgk4xyGbDDYDo4X75DRXFhXD5MqQ2Ivq21EIu62gKo4u
2020-09-16T02:18:30.222249453Z,2020-09-16T02:18:30.421589202Z,131 u3yrL6p4fKJ0jYo1PYhMrM5MGQwTD9hkBiGaHMsk5BphnP6BAqw90Vdimfyw
2020-09-16T02:18:30.288229305Z,2020-09-16T02:18:30.487511900Z,132 z4SnEPNYJLZcb9vV1uC471UKh7ouzhbnXpuetKreSj1aJXqFurRFfn8wZ97H
2020-09-16T02:18:30.354714430Z,2020-09-16T02:18:30.555889943Z,133 RDhdK7u4QGrSKT57BCcgBLRsUcV9nI2Pi42gW0zKfHbDGOxZzx2L4AVco7XQ
2020-09-16T02:18:30.421338955Z,2020-09-16T02:18:30.626181066Z,134 EFteDxgrU3zGbA6zdSsuB5AxDIKQwcEKKqq5AukK7eo97jYK3H0OEY7OhU9U
2020-09-16T02:18:30.488386702Z,2020-09-16T02:18:30.694733010Z,135 X91ZbVknBW8JRCbqVYUIYc5b3iNC9kDMquL8SwZjXACmEFlKkGuXulL3Fa7Q
2020-09-16T02:18:30.555180981Z,2020-09-16T02:18:30.758623329Z,136 J5pssSKNrJ5Le6CJ5VuXSSp2dTfOleKumT1iMuhKCeexl7naS7vRC7x6nj9n
2020-09-16T02:18:30.621681248Z,2020-09-16T02:18:30.825724241Z,137 e2HcscHpHFw7VvCW1TFD9L5dZIsdNiJzWH4iY8csV3DCzYaNwa9WRVQSilN7
2020-09-16T02:18:30.688665968Z,2020-09-16T02:18:30.896013805Z,138 YRdXskCSKcsiixelTYmUz1RvYNEye1pdqZBnkcqxybI6seCbR4pBwRUuzunK
2020-09-16T02:18:30.754138606Z,2020-09-16T02:18:30.965293080Z,139 UZUydJhZAOroQAohVUUiVQX2OrtZJawpREhEkXriJeOzbvdDJjOD3XnYucwh
2020-09-16T02:18:30.820080071Z,2020-09-16T02:18:31.031012626Z,140 9m1FujZ0xopQhOpCowl829zOu5clM74vBIbhW6mr7upcQ0b2g3wHxnuJoDVi
2020-09-16T02:18:30.886312588Z,2020-09-16T02:18:31.099556150Z,141 v9JRuO2NCNTnsIhB0FyXdr8MCjuE2R42tadRVVaxicya4rpSjISZFEKTVJg2
2020-09-16T02:18:30.952394044Z,2020-09-16T02:18:31.168975368Z,142 BlZKAvG787kkERPa6pOiUhJ46wuXsz7xvg09rnp7g525cWoXLpjZz7d03U9S
2020-09-16T02:18:31.018859486Z,2020-09-16T02:18:31.238764386Z,143 9ckJxda3joKXHANr50SK1LKvPsPmeuWfFSCuW1S0OoFcCt8A25dnLg5iRg4z
2020-09-16T02:18:31.085162071Z,2020-09-16T02:18:31.306996532Z,144 BuBGZgCeDfZZYegKqMlLq8HBFaIzYxVaihzauJvsXsi4uA9vQB3ulQcba41X
2020-09-16T02:18:31.152007078Z,2020-09-16T02:18:31.376048444Z,145 W3QBB6BmZCZgsrgNc36AtfRdUvgFJsumA3bT4IfEJl7ugDpWnsknC6LGulDt
2020-09-16T02:18:31.218710174Z,2020-09-16T02:18:31.443083831Z,146 6TCFSXQRv6frHuGWigrJokXIYXFokdst1NEkLsZUGVQhD9qpvgL4ySWbe0t6
2020-09-16T02:18:31.284540383Z,2020-09-16T02:18:31.515953532Z,147 dAgBDWH0gHBHkCpwOE1kCRFQCboFv6OEyBTMEuIQY7DIhoCPUqzJJ5OnVeIO
2020-09-16T02:18:31.350056899Z,2020-09-16T02:18:31.583775449Z,148 0U6fJP9pgK28tdFjdqicLyQI9QXLBnzBZ8MKtZRRCBJotxwpgxt6jHu4TWSR
2020-09-16T02:18:31.416597233Z,2020-09-16T02:18:31.653251081Z,149 PP47maaVPblOQsQ2cPwhwKKy6WKoNgTR6rwYLEKrCsZkYAMbGDM8tbRbSdAR
2020-09-16T02:18:31.483577118Z,2020-09-16T02:18:31.721870874Z,150 NwI9tcsFuSy7NaLSIt8miDMNDlU83dDZtKUUqkXcNicYoraKwyvOXqlhxtut
2020-09-16T02:18:31.549595224Z,2020-09-16T02:18:31.789522516Z,151 iCxuf47mBne0wGHklnRfthkxAC3Kv0AF3OjReF4AodwS5YwiVLBRzEbf2fRQ
2020-09-16T02:18:31.615419646Z,2020-09-16T02:18:31.860229379Z,152 5XN4w0AppObhqc8hmzZGOjIxt8PZi9oOaxGqX2aUZ6KZK4xghURQX3xzgtxx
2020-09-16T02:18:31.681005609Z,2020-09-16T02:18:31.932409345Z,153 tjFhygMT9RKqZLu7WKpsnJDKMabjU9mU0NthyVPBb7cptkL7wtam2fUGEa2F
2020-09-16T02:18:31.747420476Z,2020-09-16T02:18:32.000072899Z,154 6xUP8kiM7OM2DpglARCut26sP9cm6JBwGgkFdJzhM66vK8wnk7Y076KEsXD7
2020-09-16T02:18:31.812862917Z,2020-09-16T02:18:32.066980025Z,155 wdLieei3qv3mxmJHaoTdg3N0CZmfP5J9k4o3mfNwVxMil0BWBx8iZjTSuuRH
2020-09-16T02:18:31.879644536Z,2020-09-16T02:18:32.140528822Z,156 mvfbmXtCOJgb3QdfQ3gwMu9gFSQObSPsDJ5dkSxz4pdZ72vM6gYa4d89Iyin
2020-09-16T02:18:31.945829755Z,2020-09-16T02:18:32.207329550Z,157 19vPrwnOrX9lH2SDCik0AlqMvti2XgjIQr0C80a7MLx7GqhJpvoV5pwwa7c0
2020-09-16T02:18:32.011942558Z,2020-09-16T02:18:32.276576297Z,158 8O4hFQJdnlMJtWFowPJIpAdRLcZdPNiezS1HMpP1MKQQW7bRioRpCqv0jjQI
2020-09-16T02:18:32.078412018Z,2020-09-16T02:18:32.345516999Z,159 OoKqXf48HVtM6xazr8Qtr2WvrzDIs83y9zLV8867R42QolxHoBJ0ftaw6Uhf
2020-09-16T02:18:32.144579224Z,2020-09-16T02:18:32.411979726Z,160 RRzkkEgz42bp4qhlCRLJ7E1eQjct7tDsoBcPOnyUSmpdXkXki9U6jQSTG2H6
2020-09-16T02:18:32.211374234Z,2020-09-16T02:18:32.479753891Z,161 3Eg3tx6N1BNjJyMSHzUvjLWj9hXWTD4fcpd0WAfA3QxdgoN9RgzDA4pz1ldQ
2020-09-16T02:18:32.276929744Z,2020-09-16T02:18:32.544225049Z,162 SFigIEQlTCnhTY8aKJ5hBxuyctpENne9ted7tq9XyRWGO7PbWXqAfz6pcO9V
2020-09-16T02:18:32.343484837Z,2020-09-16T02:18:32.612076817Z,163 atMJLOz1I0g2EHBf8cvQpsFLiQ9abPiKFiyURcgNpgklQUj26xBxi7xVpulD
2020-09-16T02:18:32.409638192Z,2020-09-16T02:18:32.679810001Z,164 glanssB45aOWnj4pnIFYdx1hDDVnFvPDuAwfm9oVSXNucytXUnLViL1OSj25
2020-09-16T02:18:32.475700854Z,2020-09-16T02:18:32.748510233Z,165 h5Kk9zv7FpGHFA0OltJMWdV3olEhZmCBPabl1mGeDmXtDn7NsywoNNTO58pS
2020-09-16T02:18:32.541882078Z,2020-09-16T02:18:32.816254515Z,166 fKPxpqJ7JnOLj9yDbJq9gk2TpvjcpNfMPXur7WG6obhH13LyvlznMVYcqgCB
2020-09-16T02:18:32.608613739Z,2020-09-16T02:18:32.879954519Z,167 0AhkrP0Za6V0Kq7J4BwCbYKhzKWcOcZLyxBzQrIkRFj9yhi4hRgoHUqzBUGL
2020-09-16T02:18:32.674929766Z,2020-09-16T02:18:32.947144713Z,168 7OpgvgdEdMDlQKrFvCjHawGnZ5C73U2UBX5DOW9Qbz9zvktPbkDSAZlbR6XA
2020-09-16T02:18:32.741526447Z,2020-09-16T02:18:33.014880313Z,169 4szRkLCtXvTmKdiK2mWuk8ljKLFtbKdRhdceJq84QdNd2Q18SpLI2D2UAZl2
2020-09-16T02:18:32.807942930Z,2020-09-16T02:18:33.082429295Z,170 rH9ubs2lbSkGX3TtCW5tdTHsiGu9XjyofaY5LBjEQIBD5nQQ6FDmWVUpa6i2
2020-09-16T02:18:32.874331917Z,2020-09-16T02:18:33.151458232Z,171 bbvznuGYifOKPwfOifohIn8TmarOBkqxvTf53yhRtZJ4JuqzUad1Wvdq4bhL
2020-09-16T02:18:32.941298205Z,2020-09-16T02:18:33.219966310Z,172 7YlFdBeRV8rRmVMSnQrqlQUMioRbVw6hkkRnqNlqr5lzFBA3yZhum9aNmhjS
2020-09-16T02:18:33.007824511Z,2020-09-16T02:18:33.288109197Z,173 r54pxMEA45KeYHM350NnDr560oyAytAAw9DEmFVMmD5sYn1sAW4woHvLohtM
2020-09-16T02:18:33.074759880Z,2020-09-16T02:18:33.352838814Z,174 f3obQEEueEkAF2AeW7elQJNEN6uMJSiFW2bNPGE0ErSJWbzqhXlfAD131jMu
2020-09-16T02:18:33.140150424Z,2020-09-16T02:18:33.420605329Z,175 gDsPHD1HrPn3TkHXEEPudcwpYYXCMhYIYDQik6QYw2FXF0ZhVdJFxrivZ0x5
2020-09-16T02:18:33.207037288Z,2020-09-16T02:18:33.499510982Z,176 BBkw4Jlp0s2ttEcBoIiJilAL0UHSUnSw6sJOqARPR9rhNZNyczWm6TDThfm8
2020-09-16T02:18:33.274078387Z,2020-09-16T02:18:33.568079250Z,177 0gIfRiIjYTs3cBWdvE7R8iAhDJrB2lRYnEKh58uslH7fynu5cR79gEGaz7nD
2020-09-16T02:18:33.341295648Z,2020-09-16T02:18:33.636127873Z,178 YzvnbMOoNgtknV7m1ZBG7gLpesVxgGRkULWN4bca5M2a763Fop8JtVKB0Q06
2020-09-16T02:18:33.407684850Z,2020-09-16T02:18:33.704485344Z,179 UBirqYOJ9fIp0NRZlsft8kPZms6H6aYYozubS2pGqDmT1b8efO3i9i9H58Sf
2020-09-16T02:18:33.473211573Z,2020-09-16T02:18:33.773940259Z,180 Dno81L2l9ISc0a0c2Mk498IzQfD67KiKq24ROVYBYcEnNTlPKNTrHIjbmPlk
2020-09-16T02:18:33.539875296Z,2020-09-16T02:18:33.838878890Z,181 LtoRbEQe40EJd9vUVNbFH4sLwyMYM2qJVjlh6IMNCx7VQ3YiVf5S5B8GGNY4
2020-09-16T02:18:33.606695142Z,2020-09-16T02:18:33.907863813Z,182 m7oeuL7TIfuBchnuQE9eSKhvArxlRaPufX89Gs6a7uipnZ4fG8xVme97llNq
2020-09-16T02:18:33.673444755Z,2020-09-16T02:18:33.976290327Z,183 OBszCUGwX3vyss1YklJH7CMd3lESTvGD200fPj0650rTDtpJAgbb6DtUOcSG
2020-09-16T02:18:33.739861772Z,2020-09-16T02:18:34.042218306Z,184 7JXw6Xhr6iV9N5Jl86SWo74barUu2m5GxaOlG8dfdtrOOngNMBc6TPU690RJ
2020-09-16T02:18:33.806682748Z,2020-09-16T02:18:34.108143773Z,185 Ulufnw98CSX9EE9vvO8PyjbKhQIVEXsNWpijHvpBzHA5UZdfS1Wrr7Wf1ylk
2020-09-16T02:18:33.873654668Z,2020-09-16T02:18:34.174137364Z,186 b1zHlTSp6A51gTlwJNd2pSdj7OGlrQl73lMi4bwvbCNKFPukP1vzjVGOVEJU
2020-09-16T02:18:33.940411588Z,2020-09-16T02:18:34.239626920Z,187 7kF9ilhQifyfPEs6DNwjvkLLfVGK1Cc6FRh9NcAucXfNJNv6OEyJ9zNS2xdd
2020-09-16T02:18:34.006543916Z,2020-09-16T02:18:34.309099333Z,188 rjuor1mGWJg22BtF4GNnibTfM9oeZoXho35HV9cakEVfAAIqgiyXyEzQNPv6
2020-09-16T02:18:34.071843880Z,2020-09-16T02:18:34.374474079Z,189 Fc4YIxuLnjPsbY7RS4W9fZbYh1Kg2qRPX1ltyEwbClv3UvXkWuOSC5tXA7Aw
2020-09-16T02:18:34.138927936Z,2020-09-16T02:18:34.442178112Z,190 80OlcDfAML27Bg4375miVvzEur4hJ4NGSCS1kAEHFbmkwr0qu3pJhwgyumsY
2020-09-16T02:18:34.205603622Z,2020-09-16T02:18:34.509200374Z,191 C5HcYD6iknULTDHJf1RnNNMsC0rcwCSTOCQjApR8IDRJgUJP7lWYo3J0evN5
2020-09-16T02:18:34.272129502Z,2020-09-16T02:18:34.575404275Z,192 S7pFQ1zqd01l67cyya2YlWb5tbhkHMc2jg1R6mMHGKOQQdOOKPQL4UABwFp9
2020-09-16T02:18:34.338535401Z,2020-09-16T02:18:34.643991833Z,193 PCkvIPXzbecbnmumFE3RXlsj89VHjarjYfxE1fQYiVFpvv6Tome1GfReuHAm
2020-09-16T02:18:34.405105850Z,2020-09-16T02:18:34.712073898Z,194 BQppIvgrxm0Cd5hnrWoGb8gHPH4BP0LiQRSYVNJvhyRxo29s8hl16Ho1F7Py
2020-09-16T02:18:34.471131032Z,2020-09-16T02:18:34.779174765Z,195 YDjeDYzrj4V3RCKXUjjWmr8SnQf7qoauyEksjVAE4EWHXjXc6ZmKAvtGMVmh
2020-09-16T02:18:34.537593623Z,2020-09-16T02:18:34.844825583Z,196 ukRk2PHj316UTGOCC83mAqrDibuOVID8mMWQAhwQPXetPSXiGVZJU0pRD6rU
2020-09-16T02:18:34.603043300Z,2020-09-16T02:18:34.913003120Z,197 T4TYno4ebWAzM9qTT3WdbbdOuMPVvLh79BXUREVCn8JffnGh5Vf3fRdLjI7G
2020-09-16T02:18:34.669547457Z,2020-09-16T02:18:34.980372034Z,198 HJaSTlWFWfteoec2fCZ6939Bf801PTF4oXkZ9rIaF6Wwd0MSDKzj0rCWFxeQ
2020-09-16T02:18:34.735091925Z,2020-09-16T02:18:35.044567854Z,199 QvHMXCIdtWyoZFxCdEfDCNBM6AncHA7tH0UEb175RjHlhVRYsg691QADRyZc
2020-09-16T02:18:34.801840282Z,2020-09-16T02:18:35.111800260Z,200 mPgQNmBFqpSRsMhHXPvwZnb1cJnO3pm8uVQGUrHK7g4Fl5iYsDWzBCkAyJ7X
2020-09-16T02:18:34.868784081Z,2020-09-16T02:18:35.178905189Z,201 46G36UAol2kobkoQSsrRNHoGNCiym1vMVpn4U8tOamG9D4az07IVPsd4rAnN
2020-09-16T02:18:34.935344946Z,2020-09-16T02:18:35.248262722Z,202 4gPXN2PpqvvUbvVhzB6bS72E0Aqhix0ZXRaZRg6ZfRYQUGxrOOjNHpSehoWt
2020-09-16T02:18:35.001883991Z,2020-09-16T02:18:35.314274165Z,203 XBzqh3crk2CX5Rn4Y9yIr9Dch61zIGgaRxyFbYigpml5ZRp7xAzi431FRzB9
2020-09-16T02:18:35.068605631Z,2020-09-16T02:18:35.380796418Z,204 DojRyosUPxtJ25XsaoBspqIIo6mNwdkwSsudGcVsOkRWHlSHFdDA5ggU9ZNQ
2020-09-16T02:18:35.134774038Z,2020-09-16T02:18:35.450037396Z,205 2B1dHazrZnEEgpCLY6ImIXIQDizBB0rlmkuCu5QwthCPlPthbfIvgN6YqwDL
2020-09-16T02:18:35.201429933Z,2020-09-16T02:18:35.520230557Z,206 a7p8Cw56PsMScWZIooNgnxT87WHgFOlqDTg3AwCrE7X4z7AfBL2OUoNLb8zr
2020-09-16T02:18:35.267871279Z,2020-09-16T02:18:35.590287533Z,207 1C0YgYaaP3WV7gkVFs7BkgLPgdZH4M5IkwkUj94gX2BhvIXPSoM9o5TjIDPA
2020-09-16T02:18:35.334349719Z,2020-09-16T02:18:35.657982520Z,208 IYKYMZfS0Bk9Yv4dkuSUgj5gy3rtSOixGOdfy2L65dcxCIEcwEevAkX2RGIO
2020-09-16T02:18:35.400770956Z,2020-09-16T02:18:35.727220803Z,209 P2RfIU5YvaSbzgcO8G526eCod6Yqo5k8CiJQhc8wdf39rNqa5BquaJSZn8yS
2020-09-16T02:18:35.467241237Z,2020-09-16T02:18:35.794189495Z,210 XKZ1MHdU8VefjtGthz6uIgL8ugZGGe05uAeuAczPPyBAYAp7RM7SVCwhJqZi
2020-09-16T02:18:35.533655688Z,2020-09-16T02:18:35.858614294Z,211 fobJJMqrm3nfZKveeErvQ9Gk3UDKbUmdhvmPJEKsHB2crFT8GLWgqIyx4CLz
2020-09-16T02:18:35.599883919Z,2020-09-16T02:18:35.925779935Z,212 2Lq3WRPSOtGsIw0zb3irbjHZHEY4TNKQuL9iK75W0CdQYCmQuLvcNbQoaUwh
2020-09-16T02:18:35.666515158Z,2020-09-16T02:18:35.994249914Z,213 Qe429vPVTydZ7vEgZyUTuvfZh3QKMeRhLGhSjRKY8Q4uT553q6M1L3sxR698
2020-09-16T02:18:35.732106174Z,2020-09-16T02:18:36.061081515Z,214 kPrPhm1QIhbeAjAeAhlTE9kWKeRcdx2Gs6Qn2l3qjDpE1Dts2TKoEsnzWwrf
2020-09-16T02:18:35.798561645Z,2020-09-16T02:18:36.131236733Z,215 BPdNDw4GSBPEpNK4RXsCxU3Al9xpTZSnbrs6RFQuNWTKb8QG6CP8X7iVCBXr
2020-09-16T02:18:35.864135948Z,2020-09-16T02:18:36.197416883Z,216 gzCTFsBvNW76LxrIiLjccDqzcuOLUwP71wpwYpmuaDRQrvf030nGi9emI0se
2020-09-16T02:18:35.931177704Z,2020-09-16T02:18:36.264147569Z,217 RGJz1QjSkKQfz2sdEHIAPlSzHlFSM8wZuCEC7rKDrnaOsCIfzAiEH1COEpnq
2020-09-16T02:18:35.997114880Z,2020-09-16T02:18:36.332817484Z,218 8X8NjOsSSzbT0v0SMBvHy5hKAfwb7nlcVlJ5DQzXfzBCnRlyQyAIoQa7iQOL
2020-09-16T02:18:36.063594068Z,2020-09-16T02:18:36.399017842Z,219 JRAa0k6HA8jf3LwIywL2oDvKz6q3PVIjx6xAzoEz051wkGsssQrKEmWj4TCQ
2020-09-16T02:18:36.130594016Z,2020-09-16T02:18:36.463729577Z,220 DlJz0HngBaj1i6XHVfPJTZNMxkg9rLXCg5mn6e0HHO8IvNoLSCPCoOYZeiTy
2020-09-16T02:18:36.196211102Z,2020-09-16T02:18:36.529906620Z,221 381iWkMPe7Qmy1itanpqkjChD5CGJhrdCtb6dO61DT7cvn3L8QAr4sUVFnym
2020-09-16T02:18:36.262758941Z,2020-09-16T02:18:36.599370013Z,222 O6pvp48W3WFuq3RYEOsTzbjPgbzTtlWUTotouJAPHhUqcpmkfbH4iIQXcGvv
2020-09-16T02:18:36.328899870Z,2020-09-16T02:18:36.663516388Z,223 rRiVoAccPQvz4kPXVPbzG9vxUHpAFyuBOuidgRY7rspFg3hEFJ4CBD4bcbRz
2020-09-16T02:18:36.395586079Z,2020-09-16T02:18:36.728858828Z,224 cnU5psrSrxAtEgZqJKjAgPrvcQNSj9p6TsQYiPGUVTc1f3ipN9V55rGmFEb3
2020-09-16T02:18:36.461168455Z,2020-09-16T02:18:36.796298354Z,225 QHF2YjGKBctjZ28i9FJanXWignxwJCcBIFuddljbdWtn5r1jDYhIwXxi2CCX
2020-09-16T02:18:36.527392541Z,2020-09-16T02:18:36.865742615Z,226 XSt9Pa7LvwkNHfVfgXrg5oLiyhnmzdAsvibabZ1G8r0b0VEM1TZ7lch7Jrhi
2020-09-16T02:18:36.593057508Z,2020-09-16T02:18:36.936662995Z,227 BL3PANFpyEQukYY4jhw3LSY1idZHLMfaTv7qov9bqXTvlQgDOqPIVtsrxqHN
2020-09-16T02:18:36.659286577Z,2020-09-16T02:18:37.003693887Z,228 sX2tzGNhXlHguBzQngktFAO0NRiVKcAu0MYbTGn83wwyNubGTnBWEWQsZY0n
2020-09-16T02:18:36.725886168Z,2020-09-16T02:18:37.070596798Z,229 x6ttBVxo2YWdMCRZMhx43vq6TSitZU4tCCeX2bHtCuBzOV1Q4JF3VXAz7O9B
2020-09-16T02:18:36.792862162Z,2020-09-16T02:18:37.142434214Z,230 fW8sHKz2mqkrcEYimKeLmOSdLtVXib4nRscWA4Arh8kxQe8omJLzasKRm3Hm
2020-09-16T02:18:36.859599926Z,2020-09-16T02:18:37.210049145Z,231 gZWbi5JOHRDcxjMBsI96eRgdpenI24Axda5idcqhcuN0lZMXJDCRCks4wcnH
2020-09-16T02:18:36.925486749Z,2020-09-16T02:18:37.278192391Z,232 Effavtcjwc9QkXve42PICFElR1xdYcJ7r8ko5VlW5hzsOS2wCVWnu9KV9anh
2020-09-16T02:18:36.991499486Z,2020-09-16T02:18:37.344087623Z,233 RbV4j73LHJg8y4xQz9KjBs4fiO9Yf7CG9Zp8ISTa2VtT8F2VeJedcufQVDCT
2020-09-16T02:18:37.057811468Z,2020-09-16T02:18:37.410965524Z,234 DHJ4xQu0IjFmChEWDBg7Wmen8Yk9s1a4y1rJmBNLhMGNcGTKJ2ipxY268UEQ
2020-09-16T02:18:37.124731422Z,2020-09-16T02:18:37.481237666Z,235 voVyhuUPzTlYsoJXJQGlmJFnPIrEohEA8hk2yQ1vuxtP1d72dNgWx9ELS6TB
2020-09-16T02:18:37.191026927Z,2020-09-16T02:18:37.548310473Z,236 danEd20QnXufskKVCkN4bI3sLRpgodd4Sxlw48bDMlehd29mFL7c4wUnanpM
2020-09-16T02:18:37.257262071Z,2020-09-16T02:18:37.616672805Z,237 P9Ezc8ILwlGzoGH3Aze8tsZOKDQJaTYXwBmrNMp3MCx2NXlcIi4gte7bg7ol
2020-09-16T02:18:37.323203670Z,2020-09-16T02:18:37.684134518Z,238 GkDQx8jqDaupl418sXzrkpO1TdOyldsNkf1LitvZsFPEvlqmThf9AxjJ2D0B
2020-09-16T02:18:37.390089804Z,2020-09-16T02:18:37.750705217Z,239 GNrtlbWwLXFoLu8suASH7xdrWIu11kzW3zQJyrqmriHedpa4tuMnVfxcNZJQ
2020-09-16T02:18:37.456605694Z,2020-09-16T02:18:37.817910110Z,240 TeozuFiImNyuwAUAQ7urqnd2NHYoBzc4pf4VqMmhmyMv8ByS5qACgxwKLY2e
2020-09-16T02:18:37.522720078Z,2020-09-16T02:18:37.885514337Z,241 pqShcYggCKRodSCY4GREQJ1iIZteVzmENqpPeYStZ9Ccewkpv3tv4MdPa0z2
2020-09-16T02:18:37.588555072Z,2020-09-16T02:18:37.955289125Z,242 lWmtsRuCLAze5DTcBYUTG9p0do2xXz4M90aOtqvD7iJk3fxWfC4dltjEcA9L
2020-09-16T02:18:37.654275187Z,2020-09-16T02:18:38.024636462Z,243 qU6MYCtabNGS1bo4w4egQMudzERAwhUgx8MpLbbJQffJFhiqDDSLuOtharZo
2020-09-16T02:18:37.720359745Z,2020-09-16T02:18:38.091173103Z,244 JB5LSwtpUTgqHqqRAhOeQrDajNLtTnyHm7XU1eOWjMVvMU2m3lAm4EaRLL7c
2020-09-16T02:18:37.787044841Z,2020-09-16T02:18:38.159114212Z,245 lEegaKiKeQoHQZfcpex9cUYkypDXO2ex3zQ1OvM3mffWbqX64Qon9plfWQFE
2020-09-16T02:18:37.853499891Z,2020-09-16T02:18:38.228560342Z,246 s3mPNJ238FWUR21nJ9trvAz69tQDhXmTgWCYLRkKEFXUizYDCzajCsn578bv
2020-09-16T02:18:37.919873594Z,2020-09-16T02:18:38.295817254Z,247 BNJGfQOmuv0fIK7m8jOujWftBINtVniWLyw0w6fZo4A20RiO2RtShT0hWqcq
2020-09-16T02:18:37.986136717Z,2020-09-16T02:18:38.364285910Z,248 jJ2afL3RBO2CuIy1KkGGvdzFZc83gsjpoFkGRWANj1n6OdS8GGCNdSJ4S5pa
2020-09-16T02:18:38.052806221Z,2020-09-16T02:18:38.434056443Z,249 ICFiQphn9tEZsxfWEEJg6mmVM4r2Vd6XD6z7hxDgONeliYVgZB4w2QnqBF03
2020-09-16T02:18:38.119491056Z,2020-09-16T02:18:38.501939707Z,250 nVnkKI68pyXy5W4p40molo4kj5HKlDLWJuA3afktaj8eGSvPKsledF6OiA4f
2020-09-16T02:18:38.185532056Z,2020-09-16T02:18:38.570599231Z,251 O7BX2S7JXjLyLwTKZ4qciRWMXUX7omcxFlMnCMuKDI26tjrwtRNUEoFHsTk6
2020-09-16T02:18:38.251113028Z,2020-09-16T02:18:38.642015030Z,252 2ZLZF7QUSNXDRzZqzCkCH9vcYAxzK98hQjZw32K2M1txRhTUkWRR6l7iKfuI
2020-09-16T02:18:38.317463621Z,2020-09-16T02:18:38.710630827Z,253 H8YA7Nt7dxYUwRYMsZLFmcAhRcJDqxfxsWiHocb9jd8b6GEIcHgJ47x8ntEO
2020-09-16T02:18:38.383330271Z,2020-09-16T02:18:38.827250466Z,254 aDzSt4DIRS8mqSeDx1F7xd8ozZYUF4NuXZKf5dG7XcezzKLSXAL1hYLMVC3n
2020-09-16T02:18:38.449279879Z,2020-09-16T02:18:38.892454831Z,255 Vjm6AZqHPT5XlbEM9mNwaRde6dgr23F3eYWj1l4BNPl4r2XsxcmC1Z4nG02Z
2020-09-16T02:18:38.515449401Z,2020-09-16T02:18:38.956418581Z,256 rJSuMsSSnjX7GQtBrqf6vpZzjdOwxHXaBvc2HiJ0Du7DPBqsSdS5zxnHDV4p
2020-09-16T02:18:38.581660649Z,2020-09-16T02:18:39.022470530Z,257 lupdREnCNZiogE8I2x7jKDdUPepS0dTC1WitADYfcAea3Hk8OJaX5xUlmhYF
2020-09-16T02:18:38.648667678Z,2020-09-16T02:18:39.091570246Z,258 K2VhEVE2BVKVVYLnuLsVKZg5I2hoyoyXVWoz6wYc9gR5vpv2qd3W3q3AlgqT
2020-09-16T02:18:38.714901504Z,2020-09-16T02:18:39.159807375Z,259 BD7pf1E3Tvs04ypQbnkmpCKO5wbN0lg2eLGJ1podD211MhWjQr4SgQDJUvH9
2020-09-16T02:18:38.781987129Z,2020-09-16T02:18:39.279549900Z,260 wzF3WEMI4gYvDJQC3rYUiaVIZwIxmjeNTmC9teb6z3Bz4GvfKqYbuQHjfsO6
2020-09-16T02:18:38.848742353Z,2020-09-16T02:18:39.345669429Z,261 w99V1zd3vPHWySYyWZcMlOgOPz1jenieqZ4LlgodI9wDsYljRmPw31FoXNCd
2020-09-16T02:18:38.915117646Z,2020-09-16T02:18:39.408869574Z,262 JPpILZypc30OhLiqhPixyeA6XAyPKX1TsAY0aDqzRuPN0jwhofekGorflqWZ
2020-09-16T02:18:38.981470029Z,2020-09-16T02:18:39.472752641Z,263 7TZgOLT9Mu0eDq6iLqnqwixmz6YUXYs40UEW1ORhFSMMFX971kR5yMrvBcb2
2020-09-16T02:18:39.047600486Z,2020-09-16T02:18:39.538774557Z,264 qnefWRoiAukgrhumR8iDwOOxoAgM6qYljToOpnzY3iZ990kF7q5arJuEzBig
2020-09-16T02:18:39.112927991Z,2020-09-16T02:18:39.602596579Z,265 cNgSRx67XvqTLQ1GagzTSiicw8Gqli2R6oZIReDqZ9K8iE2Kmzv6jWgOJeDW
2020-09-16T02:18:39.179133235Z,2020-09-16T02:18:39.666061926Z,266 wfdAQcRoq1CBIgrxe70jtMMjT3dNcXVxxIuVe9ueb0zXinH5ytSEDwEeffV8
2020-09-16T02:18:39.245440378Z,2020-09-16T02:18:39.732448986Z,267 e6HEg0YNDBG0ykdxThRGCU4HnwjUNUkbjuoGSLvahPRzvQDoFmJzxnjCahAO
2020-09-16T02:18:39.311128614Z,2020-09-16T02:18:39.796825912Z,268 os78IvaVtc4IispthzXne6b7Oflbtzr4miIrcHpw5ZvkMsGY1iKuJKJqVshi
2020-09-16T02:18:39.377420021Z,2020-09-16T02:18:39.864252029Z,269 sbbskPB9bljrpeimf5chsh31q0dar2i8k63p7NuS0duVymrKKXnuwbXxQj0X
2020-09-16T02:18:39.444940187Z,2020-09-16T02:18:39.931951910Z,270 dubC18vLTCfZOt8kAUS5qS7mup6JQyuG7aPQf1Itpt6pwAhbCWWhEM2byPpq
2020-09-16T02:18:39.511330641Z,2020-09-16T02:18:39.997261740Z,271 z8Mqj3I6wJlh4p2CMikDKkey7NQk2bb41pu2FlDIVYc7MwsVM3Z2TYsVJqKN
2020-09-16T02:18:39.577239940Z,2020-09-16T02:18:40.062336274Z,272 c9kEv6qUZdQERKiyx3tQohhjLXry2ac5wf2lz4WZd4dcS2c58hcKpOoUhnmB
2020-09-16T02:18:39.643095714Z,2020-09-16T02:18:40.125036779Z,273 Af1n3YCjtzrbmdAPQY4n9ZirokSxPXwQyNJcXqLb3eXJ8enHTvL5y6mpKrTm
2020-09-16T02:18:39.709822658Z,2020-09-16T02:18:40.190254523Z,274 y4pKluarz7qknZfjwYhmsOhKOieb2Xfl6RG596GciVbdnhEYKa0AztMTDfug
2020-09-16T02:18:39.776610921Z,2020-09-16T02:18:40.255632184Z,275 4wazyfHuWEae3uj4HcErhe7LKAfQP5V8nj3iCsyTU5AGAkJsgUFVC1dkTGOA
2020-09-16T02:18:39.842910306Z,2020-09-16T02:18:40.321618653Z,276 CXedg1NyKGyUe9zNQ8ZcgXhQzlEnwS7faI22NZdeEWrpvLUJ5gKU7PeElkYa
2020-09-16T02:18:39.909444885Z,2020-09-16T02:18:40.390398191Z,277 3tcC0ZhxSqr3NrmxcZ2NAUOn1OsePA6vS3GgFeRzTYmddzqMhyi8LdSK19Jo
2020-09-16T02:18:39.975578897Z,2020-09-16T02:18:40.459434390Z,278 k5WqOxTMoIdosPNQyGMnb3CLhaywShr379xG3ePkUiC9MhFXMvslX4qvdcG4
2020-09-16T02:18:40.041231169Z,2020-09-16T02:18:40.525989333Z,279 hhIrYYVQ2OXzMVwZ0hTyuj4AMk6O6v5dqomYHKpwHRBXYmnFODltBYAWNqfS
2020-09-16T02:18:40.108027977Z,2020-09-16T02:18:40.587342970Z,280 4GNUtouxs7uG7yNGF23pqMWZdS43K1RyGr8XD7e9LHm4SECSc1Sh9ILYLKii
2020-09-16T02:18:40.175021478Z,2020-09-16T02:18:40.649497798Z,281 EiG077yMs0pa7Ce3jndiJybUVbqK6KQCaGeO8Tw9GFt0FY1gLtzB7imyQvCS
2020-09-16T02:18:40.241879826Z,2020-09-16T02:18:40.714891106Z,282 53kAbMgxXUapeGAK8RKk6OIhGl8Ayj3P4BUPi6k7hDn7ZwG0iDLFfQf2TxA4
2020-09-16T02:18:40.308324648Z,2020-09-16T02:18:40.779634766Z,283 EK230dXZIPON4ySzdgqO03XYb9dDLEkGEP3goJ2UrhDFNKOckmyZsKkJajr5
2020-09-16T02:18:40.374031758Z,2020-09-16T02:18:40.850584962Z,284 0V5N9FGQ7dwx3nuOjueWputcAoPpjowzcqEaTi8Qrx7ptqc6FgxUvlGKMhlM
2020-09-16T02:18:40.440403774Z,2020-09-16T02:18:40.916808907Z,285 uVxOifPKKaX6qFt81ChjhQmO9N4ClFNSjQ73SgPzIPsMTth8wte7AgLUFr4b
2020-09-16T02:18:40.506300465Z,2020-09-16T02:18:40.983662012Z,286 BCyUuK8ddZbL6GhoCT0tEwgJTAA7XczMjMvRAneYAVrrw74ZWAvqHjsA8E4C
2020-09-16T02:18:40.572895291Z,2020-09-16T02:18:41.052512662Z,287 3SlaAAIo3Och8bLjhcQZYk70vXYoYytSHrQFGNROZrcGFjNOWwBUlQoAxWaM
2020-09-16T02:18:40.639922272Z,2020-09-16T02:18:41.121858956Z,288 scNPBBV7PD2D0L8lkwhyAGoE82NGuBQzykZ5XnprxxaT09Uv4alRfoIOhQUL
2020-09-16T02:18:40.706580074Z,2020-09-16T02:18:41.186897444Z,289 uKDn7jXEy7xpVrMnhxAtM3EEuUpagBaEZQMLfVEYtR7WQyo1kkZjnnEiFtJy
2020-09-16T02:18:40.773680518Z,2020-09-16T02:18:41.255312731Z,290 nj63IqgBRb8uW27UfgZmqPtqj9xgFWWziyS35I1L4HNyL5egPspsPhcmyx4H
2020-09-16T02:18:40.839523910Z,2020-09-16T02:18:41.321527263Z,291 oQaLxMz3TISUH5hDDqmlrKXfqhldklP7gcPISS7umJY2CgI9RDDCs5rR3kx8
2020-09-16T02:18:40.904920913Z,2020-09-16T02:18:41.388465464Z,292 CHP5c8u43kVWaxRVmyzOInJR1fjRP72Zxl4mCvGSDdPgzBUNVr6D83FPIyXu
2020-09-16T02:18:40.971176525Z,2020-09-16T02:18:41.456031779Z,293 ATNl0FV98dSC4I4j1FtjtWwL495SdW1sn5irgoZIXm1I0xf9vRbmjRegshEz
2020-09-16T02:18:41.037303900Z,2020-09-16T02:18:41.522119202Z,294 ah10HKKcduuTGU9nK9Be0C2Ym14wKhwNZ2JIZjn08ivXml1QYGUaUMjBFpfR
2020-09-16T02:18:41.103514514Z,2020-09-16T02:18:41.592295058Z,295 UZAJ83KTfMHiAVKlatVxuP2WhTYAk2NHRtZHmKXC5bDajb7l3Mmqd6UNj5FA
2020-09-16T02:18:41.169056631Z,2020-09-16T02:18:41.658169355Z,296 IZwZE9SJkg6l6LdusHFoFcFlOQ86GBgDosE5CxNsJ218VhumenDST45n44pv
2020-09-16T02:18:41.235550676Z,2020-09-16T02:18:41.726001455Z,297 7VRPTDZDuI6vOnhrDNtEEgi072ugGYa4gE2gXorN73pJv57qyByx3W9Y1BxX
2020-09-16T02:18:41.301099720Z,2020-09-16T02:18:41.793410990Z,298 mZZs9yrNXDdOzAjMnyZzfrR3hHsdOFx6d2MdLFmtlPRB5ByrJdUBncaS1Cqy
2020-09-16T02:18:41.367203521Z,2020-09-16T02:18:41.858840223Z,299 D3QaTlh8D8837O7X2hYwhRsRPHObz3C7LDqOiiVdeeYqHBGUXTMW6GRgdIjZ
2020-09-16T02:18:41.433589463Z,2020-09-16T02:18:41.925845995Z,300 IFHeBOHTkTNxRNzerzcW0xDZPZFfV0JPCgsuyBg74tM55lpgNnc33JSHqsSI
2020-09-16T02:18:41.500038854Z,2020-09-16T02:18:41.994127501Z,301 GWyH6MnvGG14edV5llv79ztcjS5vkT3ms5GNGK3JHVZhgb0o5g0L89p1vFaR
2020-09-16T02:18:41.566032949Z,2020-09-16T02:18:42.061623417Z,302 aZHCK4eFaTYqLrknsw5ZV8EMEoK2HXl6SpRgRbd7vcRU8TND98zFQl58mx53
2020-09-16T02:18:41.632740279Z,2020-09-16T02:18:42.127850423Z,303 TiBdrDc0QijS2ZVV1bX4DIE6iL6odT5y2PH88tc5uvE7BSSV0932mm4i592R
2020-09-16T02:18:41.698388259Z,2020-09-16T02:18:42.194728555Z,304 jl6F9gbLW71GD3qmSG0DnGZgdIG27OWjPThPYR0iL1DmvGFMUtZBYwOxiu6F
2020-09-16T02:18:41.764101513Z,2020-09-16T02:18:42.262842412Z,305 BiFnJT3xKOS2bfaahK0hYHl8QyuwcGXnWzoXAf2lybYHdEGQgr6WIDKzwCvw
2020-09-16T02:18:41.830636419Z,2020-09-16T02:18:42.328049023Z,306 yvkhssZ24VyBUrgqoKBU0LIohd851Sxnr7TANo1a0bd1aXuZhpdKwsCcGwXQ
2020-09-16T02:18:41.897724677Z,2020-09-16T02:18:42.394844558Z,307 GoC0y7nHhygqi8gruwIkvRPFJtu8Qkj2DFZj1THUQc05nLI9KAoiEGowW40c
2020-09-16T02:18:41.963494983Z,2020-09-16T02:18:42.460916190Z,308 5k8V5NFhTDC10w8gRvDlMkMGS6ScciVdA0Y5tyUsBgoypALsrIeu6YoB55B5
2020-09-16T02:18:42.029873427Z,2020-09-16T02:18:42.527784071Z,309 KzrH40WkfVl8QVR9I5XOgqTJzMPkRvQRLrc18QeePM6O1BFPQcomfTt2pV2F
2020-09-16T02:18:42.096506175Z,2020-09-16T02:18:42.596546841Z,310 ai4RtIHPs9nEoq2dOYj6IV96WUFAK8tGzru6MIa0St1bulh03Q8893gNr9Yc
2020-09-16T02:18:42.162185124Z,2020-09-16T02:18:42.663013913Z,311 HhTAe10D4ASdLER1yODURFgLonCNd8Dq4eje9lbhVyyArlfJX6qOgJGCbICF
2020-09-16T02:18:42.228149948Z,2020-09-16T02:18:42.730517590Z,312 AhuUFJs7fvxAAjVlN7IJnWI5hjytFFdXlas0sHgiBGK2MiIsXgcEZR1PUEcV
2020-09-16T02:18:42.293975254Z,2020-09-16T02:18:42.798543986Z,313 XQOAq0WoRMNtea4daon24uXVlZap08TdXmdz9zwnEA2lu0OJOIVdhzJJ4dcT
2020-09-16T02:18:42.360702275Z,2020-09-16T02:18:42.867336340Z,314 Aag5GUvr8YLuuxvVKzRWuwJFdIaDYnQd4BDFlUdgj6QM8p9b0horVnWFy6kP
2020-09-16T02:18:42.426231970Z,2020-09-16T02:18:42.933544049Z,315 8IKu5SO6X8w7apqtoEnZoHMi6AXEMn7BsC4VQ6UvU1w5f4Cn3tWBMxmPFA9y
2020-09-16T02:18:42.492608045Z,2020-09-16T02:18:42.999135230Z,316 GOPEsDneMi7WrWGv0gvDQUaakReUf3kIJGRMLHDCcDxVsxn088iov3MZHtF6
2020-09-16T02:18:42.558304662Z,2020-09-16T02:18:43.068508123Z,317 unhaOJC1evWXH0IRAyuJr3CzbKWNat1UveFA6YTNBgqBddithPH37AC6nPPH
2020-09-16T02:18:42.624835419Z,2020-09-16T02:18:43.135902860Z,318 13MkV1pJoiBHRgnPE122LORkjFRlqMBban4dcPaoyyufuAqleTlZVMcGhvAX
2020-09-16T02:18:42.691182604Z,2020-09-16T02:18:43.200540348Z,319 qAhAJ6UsverjclwTN6CltP4D7PUjZcQBwRQIVhMPqW7ZQOKbDEOMqGhsop4d
2020-09-16T02:18:42.757743221Z,2020-09-16T02:18:43.272674556Z,320 ZVzVdAwFwrH3AdFlZp9ZVv7Et8kNp5VKoQHtZyhkiTAT9O8T9x2HytDB5Ydj
2020-09-16T02:18:42.824082452Z,2020-09-16T02:18:43.340196438Z,321 vJm1YsDNsJjmotuwj6PfwwfKh2gHdqY9kib5TWEHvsxEWjAfWRHcyVxE5c0z
2020-09-16T02:18:42.890623825Z,2020-09-16T02:18:43.407228258Z,322 a6zLDnJBpzXrsHBAvHv0lkXHGQUoyT3VIZMLcxt3MZowHPnV9NaktlxtSgiq
2020-09-16T02:18:42.956061415Z,2020-09-16T02:18:43.473470609Z,323 bXUpS9UYwLffeKZWXRr0Im8aO5kTiz1qttTvHJaZJRATry1NE8D5FIzLL3Cz
2020-09-16T02:18:43.022522854Z,2020-09-16T02:18:43.541006334Z,324 gnfxETu1BTcgmEvmbuJK0CPMVRr8sdbE12sbtKSZdc9n1SPiRA8Zci2A4YZG
2020-09-16T02:18:43.088097322Z,2020-09-16T02:18:43.608494119Z,325 B2HRArEcRQHGFVdxltUtKZXXFoc46n93AQKSvFTONxbLIAMVyqbpMyF0TfFY
2020-09-16T02:18:43.154384182Z,2020-09-16T02:18:43.675806316Z,326 JVZ9YAOy8phAuJYnngGuWkl0qlIPo6zz4Vry2pMu4nB7lzWawgwqONqGa3Mp
2020-09-16T02:18:43.220028558Z,2020-09-16T02:18:43.744635549Z,327 OELOAM6gUSglp00LuLFDMQG1wRgO7hqKrCrNvDdwoBg51x3Bnh88lY8JAxfj
2020-09-16T02:18:43.286128690Z,2020-09-16T02:18:43.811741942Z,328 gSlIY26cyijBl7zEe7eQOcJjWlghaLxCgu264XbFFTPBl7fCk7sliTr0hLKq
2020-09-16T02:18:43.352645217Z,2020-09-16T02:18:43.879330136Z,329 eJCbCeGik5TdQk5Vcbiavrk2gNboN9gOnOtVEa3drHCgyZdSCrRD8pTQ3tMf
2020-09-16T02:18:43.419203969Z,2020-09-16T02:18:43.945643647Z,330 E46XLa8AzPCajJEQOko4kQmvQU9U57XAELrlNr8EzoNxcFB5CMJHFuXDea7e
2020-09-16T02:18:43.485657647Z,2020-09-16T02:18:44.015291496Z,331 9TAWTgax4aZC75tHGWAn5o2dvVc2v7xs2MD8ztpYw0EKkaqgCBosf2WAGgh1
2020-09-16T02:18:43.551991675Z,2020-09-16T02:18:44.081844503Z,332 q7TbOk6Kpnnqwv14PZSUW4d4ztLBmu07tShejMYztYQ6PzSnoKxMfAH3pfPe
2020-09-16T02:18:43.618356375Z,2020-09-16T02:18:44.148572879Z,333 Yc9x1uW15UmKbT9ijDE6q80kGWoMrLLA0Pr2EwPlCqHwJTmgJg7BRtoNRoVG
2020-09-16T02:18:43.684143195Z,2020-09-16T02:18:44.215019628Z,334 8LtZen9FrhfSkin00sE08X58cMm5b5vYgiaPVKj1U3b7eiILLuOBPpv7Cmoz
2020-09-16T02:18:43.750707494Z,2020-09-16T02:18:44.283655540Z,335 mfKo6OnnFarE0kdi2ztdkOmOtKxKsAprSKU1zJJmC9lvBerMig5xW6qkQzX5
2020-09-16T02:18:43.816908727Z,2020-09-16T02:18:44.353416010Z,336 Gy7YOEL26Phg7AdMrlG5AFbcFelScpGLbtddq1xZy9ScIyZAuFSimZ5FAezB
2020-09-16T02:18:43.883446068Z,2020-09-16T02:18:44.417949976Z,337 QWoeHYEQ7TjYcOKPujzqOiFudWyFwvSVNT5xQKoI0nhQ9MUJS3qckEV1OXtn
2020-09-16T02:18:43.949822311Z,2020-09-16T02:18:44.484088111Z,338 LV1MP43C9MqRpwH0fQXt9ZizHUOPSyZIERhxHZvZfccUVdkIrD6zBCLBrhk3
2020-09-16T02:18:44.016879031Z,2020-09-16T02:18:44.551900911Z,339 oHlydOXNUElkQ9ozWA5S9s3ethwH7WVbBaJtpmLbKNiIM1jdA3ESSChT9Ni0
2020-09-16T02:18:44.083552033Z,2020-09-16T02:18:44.620038744Z,340 6Sjf8s6LsIElDuqXAnyxi2NaN3CqEOyKDDL7DzpDcATM5Fl2j0F4W6O5JaVL
2020-09-16T02:18:44.148925215Z,2020-09-16T02:18:44.687521286Z,341 GgnXz87QxoyQpRUoQ1SxVWHWpAe4QjHjQ1900ywV92UW3wVGo9guJRubtLQM
2020-09-16T02:18:44.215764283Z,2020-09-16T02:18:44.755367514Z,342 06CArsEiujjUXnUes42OkyY4tRIywfdv9XVkKWhgIg9vDmArqYZglDUnggnH
2020-09-16T02:18:44.282411783Z,2020-09-16T02:18:44.820962566Z,343 9KJNdk2eOaCBhcKmgTaSTihIaJmjyAT8hS1PzgRfylO45MQTEtGTCysk1AKY
2020-09-16T02:18:44.348186062Z,2020-09-16T02:18:44.888099090Z,344 uAxP9jd9MYcFR7Gd2eFT7MqfsjbEKILZweK0E7zanD92o18yx7e3clOz8SFu
2020-09-16T02:18:44.414226762Z,2020-09-16T02:18:44.955482222Z,345 Caygv91PoEDN3gDSCpFKT9RvzzPH5LIdHnIlAK5kcHq8Y6l9DBJiJLPm37qy
2020-09-16T02:18:44.480535244Z,2020-09-16T02:18:45.022675423Z,346 3gD50BUqPyxIDXtWqebFNFz1vUEnUocQkT64JkUS3vKEiGiSAhxukojj87RA
2020-09-16T02:18:44.546725865Z,2020-09-16T02:18:45.090159760Z,347 nporKVC3QXNfDHRYB25sg8mALDgStQOQ9zQM6snLp98zy6qrbytyVTbFyVw0
2020-09-16T02:18:44.612867693Z,2020-09-16T02:18:45.158234849Z,348 PNjSK0zTL9oVYI7hi03Ja5y0JOGhC2SXbsqWcvFPdwZUI9T7FACQT4ofr888
2020-09-16T02:18:44.678724649Z,2020-09-16T02:18:45.225518668Z,349 35Fb2LsAAxZ10cDyuRe3zidJy9lPnW347RaJOgD3zqFHwY3jJy717yiDQE8N
2020-09-16T02:18:44.744359955Z,2020-09-16T02:18:45.295450696Z,350 EayHcYqelGbY0xaxFcJywqUOi8Cl2uhXSzUup4vIWvooelQ3ZZtGxZZcX4ka
2020-09-16T02:18:44.810181616Z,2020-09-16T02:18:45.362547227Z,351 D6i7v21nGeCXqUrkCqQbCysIflFQQ6Q4W23JmjL9e8lcDp1C6PbobFdxsfuL
2020-09-16T02:18:44.877000845Z,2020-09-16T02:18:45.432418403Z,352 OpGx07OifpeVbl9FVlZ3ng9A0VxK9bwLUgVURUjnwlc9AuuhYD5BF7pa0pI2
2020-09-16T02:18:44.943157862Z,2020-09-16T02:18:45.499288123Z,353 r5xsfY136SmsbS06qwGwcLaEOUEZvRMKco9Neg5mxgKdGAiuFQViygBzkNNw
2020-09-16T02:18:45.010054682Z,2020-09-16T02:18:45.568145336Z,354 kfzVI5SOAjr3k8qMOsHM95kI0q1JVMkMlhasbm4UQbUb07mxPtCCNqIwukHl
2020-09-16T02:18:45.076140497Z,2020-09-16T02:18:45.635715347Z,355 gYdWAkQmCOaktr8dxbRSdQeySTs3AYKUuEsehhas9nDvWixVt3Y9EbBJbFfd
2020-09-16T02:18:45.142284019Z,2020-09-16T02:18:45.700563849Z,356 OZXF3RZbDyMN7yYAPB46LE6s8B1xil6oFKSii0DgQuplBkO0oEh90gNR0UPm
2020-09-16T02:18:45.208268027Z,2020-09-16T02:18:45.765896350Z,357 OJhRPNRZuKHwCpfvFITDYVy8lS8lPVOlfsXlz3QcsNXyHbM31FA89tP5TBjk
2020-09-16T02:18:45.274212886Z,2020-09-16T02:18:45.834840817Z,358 0wmnxnAgoTFtvHn4u05rAKq84Rg6H15oU1xI4xgED7i7IHsq9GuoDMM59Wx7
2020-09-16T02:18:45.341068130Z,2020-09-16T02:18:45.903427206Z,359 zPju403be2o1GofNkkWKeFVwsocqoHe4i4oWM5WzzzvupxdwKS7H6zhg5r9X
2020-09-16T02:18:45.406984086Z,2020-09-16T02:18:45.966940137Z,360 Gzqav49nshDaWvxrr7JZPIYHCnhrfSvichGyWtAHfaObOyjD1Mp3RGz9zicF
2020-09-16T02:18:45.473979646Z,2020-09-16T02:18:46.033036971Z,361 MpHIGnasmRsyHistKoT85d0b2ywBpVuWFeVzlCRCkwyzymztZsmV8Z3CZ39j
2020-09-16T02:18:45.540704004Z,2020-09-16T02:18:46.099779801Z,362 vTsoQTkKD5KQ3AsEhWhb0sxY2HFwXVZVlFXkOWnuOMwljkPIk1X4f9Vxq2fV
2020-09-16T02:18:45.607584925Z,2020-09-16T02:18:46.167697571Z,363 vvv01P4TbtZBSqOa42cH61MWhSeH40Uo9Fq12iVhrpKgzabgM3gtC2hxCXEe
2020-09-16T02:18:45.673313538Z,2020-09-16T02:18:46.233262643Z,364 QRVBj7MBtVmMqxP5wLeQiziGqgD1PA1urVYwFz6X8yxRyi4KJbkZ9iHQoetZ
2020-09-16T02:18:45.739433561Z,2020-09-16T02:18:46.299684270Z,365 kOyUQJhUN9CLjTYWJIMvsII3KrgdYf2F13F0djBDL2FLfedGtu8O1VG7BlZY
2020-09-16T02:18:45.805201593Z,2020-09-16T02:18:46.364778969Z,366 MFtub1SWlKZB84uVlcr4vAKCXK0ViAdiMXEzaRB0431MLLyxyGqFDGoET2Sd
2020-09-16T02:18:45.871288026Z,2020-09-16T02:18:46.434475561Z,367 oh4Nd6VFD1S64s9FcMYGF6U2iZ0HKnYBHHwEEJqNCG5UjX6nifDVRxaHF9Gj
2020-09-16T02:18:45.937516128Z,2020-09-16T02:18:46.497414060Z,368 1uLyroneeHADB4xfGWfHwhQpbTKinV8s34Ni4JePQgOdNT7IoifQ604P2sFr
2020-09-16T02:18:46.003585470Z,2020-09-16T02:18:46.564334232Z,369 NcsTyu6u21ZsGoHB46GVsxlaWBjjQRw48V3M9ILUuby6leWiUihzdDhnwYHC
2020-09-16T02:18:46.069570585Z,2020-09-16T02:18:46.630710905Z,370 FBm3n3GXqG27xHn4ptY8VjpkbJfzpTUDs9AMqrFojjgdzaZJh3BsZDif65yP
2020-09-16T02:18:46.135446073Z,2020-09-16T02:18:46.696779654Z,371 UXj7vlfvJ1MsV7Yudqi2rL9YUWnFZmFKpk7Ai3AgQgzsg3OwY5UGMdYXha3Y
2020-09-16T02:18:46.201173787Z,2020-09-16T02:18:46.766537556Z,372 eW1kDT1CI59HGMJCYXJ01xShcrxDMH6B3YqXeuaDBwGNgRonU1wlkRvu872t
2020-09-16T02:18:46.267918999Z,2020-09-16T02:18:46.834082304Z,373 v3yyfJvmWxagmN4Go1uUOccBvonntcCMLUTLGCf2mnKxX3mwYfKww6OIODzD
2020-09-16T02:18:46.334729612Z,2020-09-16T02:18:46.900832270Z,374 cudA56B9Ii3nSl5quy06Pn9canKj1vPzE92qrriVVuxcuqrZKeXctFlMciZv
2020-09-16T02:18:46.401524186Z,2020-09-16T02:18:46.967912855Z,375 qLJ5QWHkZFv15UVcqFw6gz5xXixDxNul8mrZv1W5X4KNUGFOMhU8OTpux2P4
2020-09-16T02:18:46.467580675Z,2020-09-16T02:18:47.034768672Z,376 QaurMmOQDdsDjFSHI1wTEWDVaIQrTpE0XEJS7HRpnTUkSRl806tklgNkAyZa
2020-09-16T02:18:46.533173212Z,2020-09-16T02:18:47.102876480Z,377 yxKAal4SdaR035gm0vxSIBPfNvKPwtnjO6jShRqohraqpDouB52a2hmbkiAA
2020-09-16T02:18:46.599620220Z,2020-09-16T02:18:47.169285712Z,378 vMW08aub0RfdoP7vNPM02N5lHZAiJfBQQYyRU1jgvaXhTtENp0qLpiYYu3vV
2020-09-16T02:18:46.665651048Z,2020-09-16T02:18:47.235979747Z,379 iB9gO1s34LyEOZ7D3zogiXTxYitC5HsvnTQVnrHgVhFapLXXOi0AdWolfiC4
2020-09-16T02:18:46.731553236Z,2020-09-16T02:18:47.305478350Z,380 2S0zuiy4NyrZ3KSihVl3jlL3zA0AMGJrZlWbAwSuRTmF7dU1JiAURgPzTgVY
2020-09-16T02:18:46.797879498Z,2020-09-16T02:18:47.372033892Z,381 oAo6FVj52HkcZXqjYsJ45CovM53iQAFdPKjhnO7EphzybuA6o7NAPz5lEdGP
2020-09-16T02:18:46.864758110Z,2020-09-16T02:18:47.438275716Z,382 bPBt2UZq5asF57RVTJQq0hA6jZZ9XYAlni2JmAdNRD0pWTi8CBXJxg465Fb5
2020-09-16T02:18:46.931687022Z,2020-09-16T02:18:47.503804489Z,383 7IAAbaaJs9V3HPhiMBboHN5ADVNGaBtI4yKDCSKV4zMMUWz4zeSbhgCbwqor
2020-09-16T02:18:46.997524093Z,2020-09-16T02:18:47.570373195Z,384 UswRc5QLQ1vM79DrOKPSH0tYzHOMxwXuUnft9IBTtuBIhiuqNf0AHV2mw2cR
2020-09-16T02:18:47.062866267Z,2020-09-16T02:18:47.638874273Z,385 ieG8vZH7e0ChxJHQ2s1e2cbR0WFNjjVqvjcFEF8OxNuMT83IyoHAoJu2VXGM
2020-09-16T02:18:47.129501920Z,2020-09-16T02:18:47.705444633Z,386 8tFvBls6k8qK8qFQyHa2ksKwpup0KtYBS38ybguUFLUPPo53rIla5jd7X03q
2020-09-16T02:18:47.195673313Z,2020-09-16T02:18:47.772382028Z,387 kOcbZ8675krxXn38HLNNmggbLobcuHNyVcvCz065zsQWWhrH7rtFcbmVjUeu
2020-09-16T02:18:47.262310824Z,2020-09-16T02:18:47.838718851Z,388 zbxiOC8kasYxnOk65HqbTOqMH5OEY8eT1sfXeebcvu34adU8jQcAw4fiIWhH
2020-09-16T02:18:47.328806084Z,2020-09-16T02:18:47.905044896Z,389 WAGxbFgTkyUWPQqKuAhfn5oQ5GG5rBM38o0j6Jc3rZPEhYvPpV6vfbDxJ78r
2020-09-16T02:18:47.395276469Z,2020-09-16T02:18:47.973220485Z,390 uaqsg6wmhAvbTAwkP9Yz4bitD6SzoyxSUmM5LkPebUnWbtJBSsg9Kmj8YgdT
2020-09-16T02:18:47.461719082Z,2020-09-16T02:18:48.038128515Z,391 ET5d2fQCMHg8hHyI124VdpI315ZTzqE43PQw2ZrhRjatEG8Dkk7XWS4zN0Hu
2020-09-16T02:18:47.527456668Z,2020-09-16T02:18:48.105571480Z,392 GanzRSD9ByCaVrYOqDHHlIEGDL2I7wxnsemzDY5HqM1hYW24Sx4YqhKBScGC
2020-09-16T02:18:47.593018599Z,2020-09-16T02:18:48.170381381Z,393 ByGfmdHxpzeci7QuFkxbS2BRSOLm8y7mdZ0OeDTtmCi6F1fAG9CmMOGxXuw4
2020-09-16T02:18:47.659309751Z,2020-09-16T02:18:48.235982496Z,394 NEDdVWZsBzSLnlrWiMzO9Nk8pId2QvI7ZwviZG47k2w7dPRREcv8ZRx6DWNf
2020-09-16T02:18:47.725746042Z,2020-09-16T02:18:48.302931036Z,395 gFH0Ww62ZudiIvC1Iewyjv2wQAzJMiendl10yacb2AAn5LZtelPYsTnPwmIn
2020-09-16T02:18:47.792190108Z,2020-09-16T02:18:48.368174001Z,396 rtu6M2I8Bl0Oz2Cn2Vh3bysmlBAkpEiDuevNxay93HafquZC0BTZwvFamxik
2020-09-16T02:18:47.858941154Z,2020-09-16T02:18:48.433635326Z,397 nrHB0uoWXWflUj3HUEUwjnwQjznOSuj7NBHoPO1WmApSURh3OfM69IMuH2HW
2020-09-16T02:18:47.925180587Z,2020-09-16T02:18:48.497306808Z,398 JutDLRjSGq15lE1SBaNZ7Ba0R6mAdnCFTTTbhPCdgiCQHUGKzBFhyYctJcw7
2020-09-16T02:18:47.991931398Z,2020-09-16T02:18:48.563019694Z,399 GqWJ4oro54Hr4a9Lq6dOTjuAMX7mzTe1JzY59kqminRe3r4yuQR5FitLcaBY
2020-09-16T02:18:48.058666084Z,2020-09-16T02:18:48.628230331Z,400 cV0fFqp71g13580oNcTcTwyaYT0aJJZh18etTEFHm3V1e43wAKEkuZVuAnWQ
2020-09-16T02:18:48.124423109Z,2020-09-16T02:18:48.693491548Z,401 ST8D7vrEYDcO4xG5qes51FCKVpmtJcg0NH6kBykpAQyQzzQ6Mq4txjU4ldii
2020-09-16T02:18:48.190683914Z,2020-09-16T02:18:48.757167725Z,402 HJKJyiSkTSR5VmQeYCgV7I1DjfkVpBXSySIW2nViq4TrPA41Zpy88tzuxi7P
2020-09-16T02:18:48.257596577Z,2020-09-16T02:18:48.822534167Z,403 xc0uYKWPc7GLHtR9FCsNFuy4V9AWe5cFJFdGkxjteKpnDNdvcxqlXZoCTWIr
2020-09-16T02:18:48.323238645Z,2020-09-16T02:18:48.889419865Z,404 tfcP3NU1p406ydRMCJu7pvJYIyD0aozBeFGroSKuKvoUspve4tBx9UH3yXFm
2020-09-16T02:18:48.389780622Z,2020-09-16T02:18:48.954635646Z,405 MOnMMnvsqbxUP1XwrW5uY9JhRxO3xGJVSAhjSELKFYhAhMRtxDJOWfOgHhIy
2020-09-16T02:18:48.456218235Z,2020-09-16T02:18:49.018831249Z,406 wsdFdATdRtlrYXGEXOldELl60XUk37l5AnZOI2eaO0vnl3LPofxZ1D4foSV8
2020-09-16T02:18:48.522781191Z,2020-09-16T02:18:49.079361541Z,407 5T0ti3MFgJ16yQfXbxOy34W8PLPiUH9tMTONZ4ACzPT303i7jq6GEl8HS1GB
2020-09-16T02:18:48.588989011Z,2020-09-16T02:18:49.144945942Z,408 GSgcAC6T9YGyGzyItAsOpQIOKOliTdyOoLnQjooU4M46HblYFUQvvEe1KjEp
2020-09-16T02:18:48.655400179Z,2020-09-16T02:18:49.208818919Z,409 7cG2Tz0CtqeZOe7sqURSRHtDlk7c9ievY6d8OqhgDbFWu8GKoGwSDOq5NaCb
2020-09-16T02:18:48.721234033Z,2020-09-16T02:18:49.279990226Z,410 srMZCfl8poJPCkPB1AVo7LP0fHFNtGPcJFbyq4t4vSzUA46Wet6Gu1OfENNi
2020-09-16T02:18:48.787449264Z,2020-09-16T02:18:49.349538084Z,411 8jVnsYQnNNbam3pwM7qgWDc0DHPo5uGEXzjeGyCxji14OojB3wW3x5TWT9Jr
2020-09-16T02:18:48.853054503Z,2020-09-16T02:18:49.415795437Z,412 3iAaQVIzkhCgN8IAMuef69AXSez6MZow0FfGBgthiDPSiH3tyNbBRqwivLqo
2020-09-16T02:18:48.919723290Z,2020-09-16T02:18:49.483401102Z,413 IRFFfonkeP46nOeI8HGj44bU06jAfJraWD7Sb9NVHS6MiOXdVYQMcGbDM120
2020-09-16T02:18:48.985810087Z,2020-09-16T02:18:49.551636145Z,414 pPjINeWeAIK2DiuWC7XAVQT4DlV7XwQlyZ5F4Ipad0vEBVqyh99UIteRjMiH
2020-09-16T02:18:49.052484134Z,2020-09-16T02:18:49.617587013Z,415 DXQ4tW4yRvZuSAVOuOR45AvE0jUgQryRS9bJhcbzmOT9BQQXK9TEB8Ar87Me
2020-09-16T02:18:49.118854557Z,2020-09-16T02:18:49.682917208Z,416 x9GnOsRJxdcjxj5EfmTVb2kmbji8XwBp4cmQTc9VBeztxP9Enc07LaFVPLkT
2020-09-16T02:18:49.185666265Z,2020-09-16T02:18:49.752381994Z,417 BSXJd1htY9lpFEwABghBD7lj26CuiIYhraVsuFl4WCFTSNsDryhQB0INH2HB
2020-09-16T02:18:49.251602498Z,2020-09-16T02:18:49.815184679Z,418 cyK4UqAb0yxgAsNaOS3dpo84P4fx0Den01gnimKijyo8AfmJlmxurM0J0raG
2020-09-16T02:18:49.317004058Z,2020-09-16T02:18:49.880861008Z,419 DTt2mKwz63VJBmzl04nvO3O7DTqkJNMC08Z9B0gOcMsNjSq4hSSHb2BvdgIo
2020-09-16T02:18:49.383395752Z,2020-09-16T02:18:49.949094673Z,420 cDLQS4HZcZW1mfU6NgJYe7S1INFSvuimQomaNMrKVvI5N4dm6CXryEaewPUu
2020-09-16T02:18:49.449809650Z,2020-09-16T02:18:50.015731775Z,421 GMBxfpQeESPaerouYl7lrQfjhtpskhwwscJV8uJkWmKOjRTdiAtT2p7dcjiC
2020-09-16T02:18:49.516565570Z,2020-09-16T02:18:50.084618945Z,422 g2CrPZFTBm7ObFcotWC30mIvvjmdq1OLefcqPpGYqg9zZhhl6hZnxLfeKElU
2020-09-16T02:18:49.582222254Z,2020-09-16T02:18:50.152590922Z,423 Q7FR94DsLCiMu4uovK3HkebXLkXCjFTXlxaumfK9HqwEq9zPhjKD57jG0VoA
2020-09-16T02:18:49.648072010Z,2020-09-16T02:18:50.218031880Z,424 jYvAHHztylcpEisGvKhOpx5qM0geTSBWFRCohwmVzIOg9v2wvXpvwtN8MwS9
2020-09-16T02:18:49.714659325Z,2020-09-16T02:18:50.282897457Z,425 tBXPIElJKDlU59LmhseVf9FhaHCVku4B1dWjmzKIzXKQFXpaPPlEDmNAA0pI
2020-09-16T02:18:49.781311489Z,2020-09-16T02:18:50.349730283Z,426 LH0aKMZKzM88u8Izim3TXgEH1pT7u2MRICJ5htAOHmdL3O6awMoCSq77qQOq
2020-09-16T02:18:49.847874593Z,2020-09-16T02:18:50.416628872Z,427 cDLglZu1JycKglauoSuiFXxXMJWPBykpdD44xXhRoQDGoSqm2i4vpuBp9jON
2020-09-16T02:18:49.914221533Z,2020-09-16T02:18:50.485464648Z,428 PUG6auHAiTfC85cuYR289QOolLluyviBlXA0l4viCZjZQeIRsjif80OSeNCx
2020-09-16T02:18:49.980718844Z,2020-09-16T02:18:50.552789504Z,429 UKL2oSuLH7sqXeZa4WtbPupUUmoeMv6HorUQo2xQlGuwPj5jZOQFua4Sjc3V
2020-09-16T02:18:50.047471384Z,2020-09-16T02:18:50.623834689Z,430 7PfmxmMOlZTSzvxAEEyRDIahq5hZ8BYbxxYjCL12jQfP8el4KjKZotGp9ZdD
2020-09-16T02:18:50.113479314Z,2020-09-16T02:18:50.690077708Z,431 PMLRUaCG2nYHMVUdA0G41EqZbHznWYg67P2z51Ms9JFVex7YpZre62yU0lLy
2020-09-16T02:18:50.179906137Z,2020-09-16T02:18:50.755551165Z,432 2vyt9xtEKhrnD4sowqzeKyTID76jQA1uC5A87NWam2mpBJhfXE86fcUinN3p
2020-09-16T02:18:50.246874082Z,2020-09-16T02:18:50.822889486Z,433 OZDd6zke1XXGrqBbvx6S1wnxcE6YYVr7wcJE5V3tm0wMFY63KpKNVpqm68rK
2020-09-16T02:18:50.313679775Z,2020-09-16T02:18:50.893682123Z,434 Yn0E2FrTmSHvQuqfhaHzXqSKCQ4GetsQfqN8WWJaMkCEimJN59KtYLt5Cgwv
2020-09-16T02:18:50.380494400Z,2020-09-16T02:18:50.961284358Z,435 Q5bLQ9WdzEYFEcMguMlQbHWqCI3wqIhme110xPm7bOcDSC8Jpl9vd9jEDwZ0
2020-09-16T02:18:50.446000423Z,2020-09-16T02:18:51.028563950Z,436 ouS0ELSXIyt5kBTNtrWma0HYNghQYSHu6Egm6AxMGgqctJPNxNWmyA3HwBPR
2020-09-16T02:18:50.512641108Z,2020-09-16T02:18:51.102261854Z,437 Muy8zpn7hpKdIrQE6a4pubnMJGtgEaEe0geRBUsg8tvcfewrfFUzrSGGCLuN
2020-09-16T02:18:50.578297382Z,2020-09-16T02:18:51.173340716Z,438 VXfZGd5TCnNfa7WXl4dKMe4mpxykfoMJl7tLpn3vmUjygR9OIIKbB1OkQdCG
2020-09-16T02:18:50.644817694Z,2020-09-16T02:18:51.242967654Z,439 eJXgf4peBDi59a6Fyy0zNWdR9d0npOpstMgbSEkrF2pBymOAo0t6KdahJoyD
2020-09-16T02:18:50.711233381Z,2020-09-16T02:18:51.308606361Z,440 RFdtlN0R1aOf98dtV4ucjDiIt34KhOECedZCjaXzmE8v75Lz6H8ZE1xO8ReG
2020-09-16T02:18:50.777727569Z,2020-09-16T02:18:51.376329878Z,441 19tnnDKulKCcWcGuQQTUfCtmgAEIeFmcZ3SAuimM4HbJTK3OPS8Bn5GSI7rV
2020-09-16T02:18:50.844227454Z,2020-09-16T02:18:51.442942400Z,442 QEtpFO7Gm7ts0ZK518nH2wBPhd2bwB4uzrJaAICSRaAP6RlIrLpEDRfS9JAA
2020-09-16T02:18:50.910242913Z,2020-09-16T02:18:51.507381886Z,443 8rXi1cEdWPupx9HtD0CtDlyYEQfPOarCBeXTvrwaiBbqG7vY0c5ISgWUDDsR
2020-09-16T02:18:50.975761213Z,2020-09-16T02:18:51.576829738Z,444 nQM4zRRNC2yOz4EeyzCb7nZJ76phcqhehKqR9sRj2D9H7bEqzWLh389AIbEZ
2020-09-16T02:18:51.042628482Z,2020-09-16T02:18:51.641546066Z,445 E6ZDwJ8CDmbCSbUvyUIEe7AIfBY7yDCvFyu8UJrb00OxuK3DWMnHMs5dpbQ5
2020-09-16T02:18:51.109137249Z,2020-09-16T02:18:51.710600402Z,446 I9GVV16iYYEqvjjzBCslo4FZ2meSGJIVcjK9yiV1oKPb778zhxzwTSXMQg88
2020-09-16T02:18:51.175175533Z,2020-09-16T02:18:51.781193827Z,447 LyDJzFb4vPpsCXwYMOYCzjuukI5vSp1TrZSRBfXn9dROJ4PM0Fcnq64i3RTh
2020-09-16T02:18:51.241349351Z,2020-09-16T02:18:51.851161299Z,448 KpdHDUsF2kYFr8qGgpr7yxxCOFJcFcNCBwWCXPjr0YGJobyDKsnJrk81j7jR
2020-09-16T02:18:51.307690346Z,2020-09-16T02:18:51.917669650Z,449 IN4BY5KWhnlbqjMjWYWHZdRj7baXwmMXI0f17Ffl4YYKzpstmoRn7AATQdED
2020-09-16T02:18:51.374141573Z,2020-09-16T02:18:51.985478533Z,450 nm8TnC20oR0YTXGgvm93ejstj493WTcrHiOj5W81092MPWKYMLQMXDTnr8FY
2020-09-16T02:18:51.440191139Z,2020-09-16T02:18:52.051727352Z,451 qzlwnFeKnpo2iq0ub2A1GSJAvzjxHndhQdG7JK512uJsvIQeq0XyRR8VrW6q
2020-09-16T02:18:51.506176925Z,2020-09-16T02:18:52.120189577Z,452 iXWkfAjvKwfkPEsOUgxqkJ2FxQWgUHNWGJb24o3lZmu0kDAg2XOGt1m5CSni
2020-09-16T02:18:51.573190370Z,2020-09-16T02:18:52.187939953Z,453 zWYwjhpCZNUt8dGuStUeZyOyMTCADp32THhVctmmpTJRXRlfIiilOPZhwaSj
2020-09-16T02:18:51.639277340Z,2020-09-16T02:18:52.257141858Z,454 5n1XpBJYlKWpikXZakCOnRRIyOTzNZa270SVSiKlzVLaxCJVMSakwiboDGVu
2020-09-16T02:18:51.705152975Z,2020-09-16T02:18:52.323761481Z,455 LD1K2vhhUM3OwqFOhZdDu3179iZPdXcjW5EAT93lTuUFhMqQcumZgIxKytLL
2020-09-16T02:18:51.771915304Z,2020-09-16T02:18:52.392207784Z,456 jvNBCokPaPG9YRARMtboNZUCXwU7TL0cYpqV7H6nH1B06j5E4Sp8S79jFki9
2020-09-16T02:18:51.838831078Z,2020-09-16T02:18:52.461290178Z,457 2Q5rh9UwFCKRg3uFHbNTCxrdhtK8TiNocurMxd44pv7MqI8Z7UZ8pEHR3EZ7
2020-09-16T02:18:51.904716881Z,2020-09-16T02:18:52.528546372Z,458 nGY2458gsp2OnyKmQs1hHKYyla3kGeHBcRitHoaSECQopWKG8OJGMEC8IEk5
2020-09-16T02:18:51.970683940Z,2020-09-16T02:18:52.596563068Z,459 kI2aAXokqA4iPNIaPP6mXMjqmtQy5f0ytCSw0xnZ61UXQmKjPo1CqHRjjlmQ
2020-09-16T02:18:52.036485115Z,2020-09-16T02:18:52.663071193Z,460 ocpvBY9iwDBGAXKrhWVx8oxsiR8Td9iDLHxcL71VqIQGzp0DWR5trLxCJmtb
2020-09-16T02:18:52.102329617Z,2020-09-16T02:18:52.729881667Z,461 7FZtlDJMTY6E6XAKyWwEgh7ZlotGfuy6IJinRwL22CafuuvRaGCg6maV24cO
2020-09-16T02:18:52.169059162Z,2020-09-16T02:18:52.795685361Z,462 hMkSqK1U5T1WjM3HomwqH82bsNmllNIKHMb4vNmT5kfd1iRlPRBYde961e2S
2020-09-16T02:18:52.235960481Z,2020-09-16T02:18:52.865761349Z,463 wIg8xnS6kC7pH6DencXXvu7NpYXVLHNnHaDXmIoZuZReOSAUGCw7sPyUgjPb
2020-09-16T02:18:52.303012918Z,2020-09-16T02:18:52.931107236Z,464 FGBWOpd4rwKBOAAJqby1KQ95rHriSg1ETKdbPxPiBddLrsnqlKEAxBEN75I7
2020-09-16T02:18:52.370054482Z,2020-09-16T02:18:52.997468706Z,465 ujdabbJJgDwbmLF1GG7oAyEiPLhm3sChokOS6mKL8FjaNqxIhMBxl3SRuJht
2020-09-16T02:18:52.436875300Z,2020-09-16T02:18:53.064070128Z,466 PPnrEivC4KIPQzbfLmSCFEmFhny3G2WlEKOIkuQVuGeeed6bNJvZBvnR8pYE
2020-09-16T02:18:52.503922962Z,2020-09-16T02:18:53.130690665Z,467 tzRo3TDI4sGcXmvgWp3xopdpyvOA9uncU8mwct5we51p3SEKGlCRBzWgOQFZ
2020-09-16T02:18:52.570078047Z,2020-09-16T02:18:53.198523484Z,468 Ws09HX9kgLGxNsfitI4V8Vd0eQhnMd1PZ3fPT7eNNYKK1Szoc7GKh6YKRKod
2020-09-16T02:18:52.636977752Z,2020-09-16T02:18:53.264862010Z,469 b6UuFuWiA2JBMU7cQaKnKu2oToJYXjrw7lnbW1LvAZ8Ezpvw185Nhd5IPMxR
2020-09-16T02:18:52.703583623Z,2020-09-16T02:18:53.331592113Z,470 2bAsRnhbDs4918tbUlphFNUwos1UpMFJWTP2YlPUIYbwz58YdtZdWBjpfert
2020-09-16T02:18:52.769637974Z,2020-09-16T02:18:53.400181738Z,471 QfNydigFv7qW7qzs4sVNuRmMg1g1ZFKAMyLcXvUY6IJIhdlKA1uo14fMmZyj
2020-09-16T02:18:52.835251754Z,2020-09-16T02:18:53.468846653Z,472 lBTYoitMNUxSIVSqmqgdZm2tNzcEAMLMvUUzeEZl4F3cChXJ6UWodIkAUTKC
2020-09-16T02:18:52.901039610Z,2020-09-16T02:18:53.536600381Z,473 dSq6tX3rrtc7LyaamzZ2V6CHoDzeaeZpGej4IpyhFQkx0OxYQcJVLjDoB9bZ
2020-09-16T02:18:52.967050839Z,2020-09-16T02:18:53.602074714Z,474 Q6zxShN6CHpgsw9kkhzPqRRbsmRcbPPUtwcCG5imJs3dQKSyjmJ1THRgSj8R
2020-09-16T02:18:53.033158043Z,2020-09-16T02:18:53.672055034Z,475 hdJtIuUR4IYmcGa6zIXdITLfWQKtgZzTogAJ8a6ukd3a2Wxsl6SsNGxeK40t
2020-09-16T02:18:53.099651363Z,2020-09-16T02:18:53.739316857Z,476 RVJimsOwlBBDpsH80a5Uj2awpPY4ooU1H7h7iYRyQ6hdhSoDCyDKNfJbfpN8
2020-09-16T02:18:53.165803630Z,2020-09-16T02:18:53.802920907Z,477 Z76jQLqIoQ2xQR36ee7h7d1vPPdK4hpYD2hDclqaqnv0Cy6xD2Aq9Lvy6JHs
2020-09-16T02:18:53.231834838Z,2020-09-16T02:18:53.869971556Z,478 jxz9BQ6d1USvIqiTvKxkUfzUX1XayzfeqreJwXQ0wsL4OM6R2dMb6DMMNwrt
2020-09-16T02:18:53.298610344Z,2020-09-16T02:18:53.938085159Z,479 OU7VZdTsBRIemNqz40nZWJFtnOs8t4YKBxqlkrVBVLCdODU5uVtCLqXRGNqo
2020-09-16T02:18:53.364328069Z,2020-09-16T02:18:54.006521118Z,480 d6JP34MMMqRfuyLyi7LIDrIqUzHCohPa9S7ZufIk3ZHExOXCsf8hhwMyj1eA
2020-09-16T02:18:53.430935468Z,2020-09-16T02:18:54.073210062Z,481 3vlE0l4xmEAayFLN7wtyZ04aVSMfA1ABofkHKdjo58arSKqdphH35M2ZQBdK
2020-09-16T02:18:53.497551343Z,2020-09-16T02:18:54.139679540Z,482 ghl1usEpVeQFz7Ow9TfFPImAWg3gC7GQb0dTWzgj4OE8XVmhwwGbrQwt9oru
2020-09-16T02:18:53.563335107Z,2020-09-16T02:18:54.209494480Z,483 ffAYMkuLldJ9PwftRKhPHDagBbT9XS9w1W2A6PUmyZs1hmKiJbOhPr1crOgO
2020-09-16T02:18:53.629694088Z,2020-09-16T02:18:54.279132356Z,484 lOnn88Y3NN59UMMTnqLn0h8iPKaZWwgNDRwBMoLe5RdfHoXOKc4yRdaFLH6U
2020-09-16T02:18:53.696391487Z,2020-09-16T02:18:54.348611411Z,485 GP9laO4edxYcloXSs4NuK76UK8x5Qkpm0bP84qZ5kV1mvbkrou5tiFKXbIdj
2020-09-16T02:18:53.761990158Z,2020-09-16T02:18:55.432125930Z,486 kNtgXbqgOH0vz4GO6sj5tamme5PLj0jnnwI9Ue2BeXFZNdBO6u22tbmepaL3
2020-09-16T02:18:53.828420150Z,2020-09-16T02:18:55.498768516Z,487 sEQ5B3KgVbZC5uYRu3EVHYxBeQkQGl4pGwvo31YPR5cMa9utnpRWwHnjCIjT
2020-09-16T02:18:53.894201485Z,2020-09-16T02:18:55.565360745Z,488 Od6pUBpNUyySIP81NiixEKPzamSjlf0rLOzbLgcqAgRxreGwh8vIgLRpUrVd
2020-09-16T02:18:53.960471205Z,2020-09-16T02:18:55.633544352Z,489 47cClgXQ6w3Ip0APU8Qb1rSq1DfrgKXGWs3sgFGMFTKgxxXAP2gODxWUu5DL
2020-09-16T02:18:54.025914139Z,2020-09-16T02:18:55.701291863Z,490 JuJ9jbVO2E6dPCBKUKswsR52zjb5vGFr4XoYSTFLfTGb2w4gfL2ELXFsCcVX
2020-09-16T02:18:54.092386721Z,2020-09-16T02:18:55.767239157Z,491 FOFEgFI614lL2LWOGjpEWIErVhXciWH2EdfdUXnLa6ovYjsSQOXde4orUq2z
2020-09-16T02:18:54.157951069Z,2020-09-16T02:18:55.838238251Z,492 wHsi7MVuLGech4kiv2Zdf8Z3q2fWsGMxkNKL64naYAAiwFLh5XmSPL3lXCWS
2020-09-16T02:18:54.224586505Z,2020-09-16T02:18:55.904403666Z,493 HpYr23gh43SaE2JzEjdOtq2RvXwnPbdy3fEi4JBUpQi6wiTWfdAPUBZ56KoW
2020-09-16T02:18:54.290225849Z,2020-09-16T02:18:55.972013119Z,494 0zXyPQwpZQXkJApyUhDLOo3sZtWTOycV1VmAPH8sTuIgfJet6CYgpmVX7xF6
2020-09-16T02:18:54.356760566Z,2020-09-16T02:18:56.037933897Z,495 rsnlyjghL64HOEPlZhEYDQfVKV0fYjKjXxC7VefTN0zUaapv93y6BF7Fmmbi
2020-09-16T02:18:54.423685472Z,2020-09-16T02:18:56.103011124Z,496 aJw8TcrJX9HhfDTWOjjYeyqjOzxBEgiwsoRMDHtO4kMUYCbYT7UMVf1Cetxl
2020-09-16T02:18:54.489481861Z,2020-09-16T02:18:56.169458987Z,497 abwe3YZ9UAUCF5LWZ1eTHoPUBNzMoTvVdy2q6jo87y2yBMdgR0vjvzB7B90j
2020-09-16T02:18:54.569994721Z,2020-09-16T02:18:57.258174983Z,498 gnNZNh2XHdzxyV0nkoNZe887qNZJFXEhmRCmf7EjrLw7lGByxQl9ORikQ2xO
2020-09-16T02:18:54.635768655Z,2020-09-16T02:18:57.321850734Z,499 yMtqVRhjjki7Sbp0I3avCSpWLqgRYE4GDEa9l21tfIaahczDWWoq7xhIsQmu
