2020-09-16T02:12:16.923112377Z  running: (['/opt/scylladb/scripts/scylla_dev_mode_setup', '--developer-mode', '1'],)
2020-09-16T02:12:17.403985916Z  running: (['/opt/scylladb/scripts/scylla_io_setup'],)
2020-09-16T02:12:17.796370597Z  2020-09-16 02:12:17,795 CRIT Supervisor is running as root.  Privileges were not dropped because no user is specified in the config file.  If you intend to run as root, you can set user=root in the config file to avoid this message.
2020-09-16T02:12:17.796616972Z  2020-09-16 02:12:17,796 INFO Included extra file "/etc/supervisord.conf.d/node-exporter.conf" during parsing
2020-09-16T02:12:17.796794388Z  2020-09-16 02:12:17,796 INFO Included extra file "/etc/supervisord.conf.d/rsyslog.conf" during parsing
2020-09-16T02:12:17.797036767Z  2020-09-16 02:12:17,796 INFO Included extra file "/etc/supervisord.conf.d/scylla-housekeeping.conf" during parsing
2020-09-16T02:12:17.797270893Z  2020-09-16 02:12:17,797 INFO Included extra file "/etc/supervisord.conf.d/scylla-jmx.conf" during parsing
2020-09-16T02:12:17.797432765Z  2020-09-16 02:12:17,797 INFO Included extra file "/etc/supervisord.conf.d/scylla-server.conf" during parsing
2020-09-16T02:12:17.797600715Z  2020-09-16 02:12:17,797 INFO Included extra file "/etc/supervisord.conf.d/sshd-server.conf" during parsing
2020-09-16T02:12:17.830366394Z  2020-09-16 02:12:17,830 INFO RPC interface 'supervisor' initialized
2020-09-16T02:12:17.830603568Z  2020-09-16 02:12:17,830 CRIT Server 'inet_http_server' running without any HTTP authentication checking
2020-09-16T02:12:17.831056981Z  2020-09-16 02:12:17,830 INFO supervisord started with pid 25
2020-09-16T02:12:18.838985278Z  2020-09-16 02:12:18,834 INFO spawned: 'scylla' with pid 28
2020-09-16T02:12:18.839971348Z  2020-09-16 02:12:18,839 INFO spawned: 'scylla-housekeeping' with pid 29
2020-09-16T02:12:18.850931611Z  2020-09-16 02:12:18,842 INFO spawned: 'sshd' with pid 30
2020-09-16T02:12:18.850973941Z  2020-09-16 02:12:18,845 INFO spawned: 'scylla-jmx' with pid 31
2020-09-16T02:12:18.850986147Z  2020-09-16 02:12:18,848 INFO spawned: 'rsyslog' with pid 32
2020-09-16T02:12:18.854175555Z  2020-09-16 02:12:18,850 INFO spawned: 'node-exporter' with pid 33
2020-09-16T02:12:18.866107638Z  Generating public/private ed25519 key pair.
2020-09-16T02:12:18.866134552Z  Your identification has been saved in /etc/ssh/ssh_host_ed25519_key.
2020-09-16T02:12:18.866145295Z  Your public key has been saved in /etc/ssh/ssh_host_ed25519_key.pub.
2020-09-16T02:12:18.866155234Z  The key fingerprint is:
2020-09-16T02:12:18.866164680Z  SHA256:9LKY7+2hEo7FhyOLj+8aunw5hC6e/N1cranhu1No4Rs root@3712ca237c57
2020-09-16T02:12:18.866174319Z  The key's randomart image is:
2020-09-16T02:12:18.866183603Z  +--[ED25519 256]--+
2020-09-16T02:12:18.866192851Z  |                 |
2020-09-16T02:12:18.866202146Z  |                 |
2020-09-16T02:12:18.866211267Z  |        .        |
2020-09-16T02:12:18.866220299Z  |       o .       |
2020-09-16T02:12:18.866229387Z  |  .  ...S .      |
2020-09-16T02:12:18.866251973Z  | . .. *E.+.      |
2020-09-16T02:12:18.866262258Z  |. o..*+==...     |
2020-09-16T02:12:18.866270987Z  |+oo*+ *+ooo.     |
2020-09-16T02:12:18.866279858Z  |=*=*=. XO+o      |
2020-09-16T02:12:18.866288686Z  +----[SHA256]-----+
2020-09-16T02:12:18.873728168Z  time="2020-09-16T02:12:18Z" level=info msg="Starting node_exporter (version=0.17.0, branch=HEAD, revision=f6f6194a436b9a63d0439abc585c76b19a206b21)" source="node_exporter.go:82"
2020-09-16T02:12:18.873756960Z  time="2020-09-16T02:12:18Z" level=info msg="Build context (go=go1.11.2, user=root@322511e06ced, date=20181130-15:51:33)" source="node_exporter.go:83"
2020-09-16T02:12:18.874471128Z  time="2020-09-16T02:12:18Z" level=info msg="Enabled collectors:" source="node_exporter.go:90"
2020-09-16T02:12:18.874495343Z  time="2020-09-16T02:12:18Z" level=info msg=" - arp" source="node_exporter.go:97"
2020-09-16T02:12:18.874750570Z  time="2020-09-16T02:12:18Z" level=info msg=" - bcache" source="node_exporter.go:97"
2020-09-16T02:12:18.874768758Z  time="2020-09-16T02:12:18Z" level=info msg=" - bonding" source="node_exporter.go:97"
2020-09-16T02:12:18.874778983Z  time="2020-09-16T02:12:18Z" level=info msg=" - conntrack" source="node_exporter.go:97"
2020-09-16T02:12:18.874882193Z  time="2020-09-16T02:12:18Z" level=info msg=" - cpu" source="node_exporter.go:97"
2020-09-16T02:12:18.874893573Z  time="2020-09-16T02:12:18Z" level=info msg=" - diskstats" source="node_exporter.go:97"
2020-09-16T02:12:18.874903122Z  time="2020-09-16T02:12:18Z" level=info msg=" - edac" source="node_exporter.go:97"
2020-09-16T02:12:18.874912551Z  time="2020-09-16T02:12:18Z" level=info msg=" - entropy" source="node_exporter.go:97"
2020-09-16T02:12:18.874922052Z  time="2020-09-16T02:12:18Z" level=info msg=" - filefd" source="node_exporter.go:97"
2020-09-16T02:12:18.874931417Z  time="2020-09-16T02:12:18Z" level=info msg=" - filesystem" source="node_exporter.go:97"
2020-09-16T02:12:18.874940826Z  time="2020-09-16T02:12:18Z" level=info msg=" - hwmon" source="node_exporter.go:97"
2020-09-16T02:12:18.874950307Z  time="2020-09-16T02:12:18Z" level=info msg=" - infiniband" source="node_exporter.go:97"
2020-09-16T02:12:18.874959728Z  time="2020-09-16T02:12:18Z" level=info msg=" - interrupts" source="node_exporter.go:97"
2020-09-16T02:12:18.874969341Z  time="2020-09-16T02:12:18Z" level=info msg=" - ipvs" source="node_exporter.go:97"
2020-09-16T02:12:18.875086810Z  time="2020-09-16T02:12:18Z" level=info msg=" - loadavg" source="node_exporter.go:97"
2020-09-16T02:12:18.875105618Z  time="2020-09-16T02:12:18Z" level=info msg=" - mdadm" source="node_exporter.go:97"
2020-09-16T02:12:18.875129171Z  time="2020-09-16T02:12:18Z" level=info msg=" - meminfo" source="node_exporter.go:97"
2020-09-16T02:12:18.875139689Z  time="2020-09-16T02:12:18Z" level=info msg=" - netclass" source="node_exporter.go:97"
2020-09-16T02:12:18.875149284Z  time="2020-09-16T02:12:18Z" level=info msg=" - netdev" source="node_exporter.go:97"
2020-09-16T02:12:18.875170148Z  time="2020-09-16T02:12:18Z" level=info msg=" - netstat" source="node_exporter.go:97"
2020-09-16T02:12:18.875180790Z  time="2020-09-16T02:12:18Z" level=info msg=" - nfs" source="node_exporter.go:97"
2020-09-16T02:12:18.875190036Z  time="2020-09-16T02:12:18Z" level=info msg=" - nfsd" source="node_exporter.go:97"
2020-09-16T02:12:18.875199795Z  time="2020-09-16T02:12:18Z" level=info msg=" - sockstat" source="node_exporter.go:97"
2020-09-16T02:12:18.875208973Z  time="2020-09-16T02:12:18Z" level=info msg=" - stat" source="node_exporter.go:97"
2020-09-16T02:12:18.875218239Z  time="2020-09-16T02:12:18Z" level=info msg=" - textfile" source="node_exporter.go:97"
2020-09-16T02:12:18.875227349Z  time="2020-09-16T02:12:18Z" level=info msg=" - time" source="node_exporter.go:97"
2020-09-16T02:12:18.875259950Z  time="2020-09-16T02:12:18Z" level=info msg=" - timex" source="node_exporter.go:97"
2020-09-16T02:12:18.875278181Z  time="2020-09-16T02:12:18Z" level=info msg=" - uname" source="node_exporter.go:97"
2020-09-16T02:12:18.875288044Z  time="2020-09-16T02:12:18Z" level=info msg=" - vmstat" source="node_exporter.go:97"
2020-09-16T02:12:18.875297573Z  time="2020-09-16T02:12:18Z" level=info msg=" - xfs" source="node_exporter.go:97"
2020-09-16T02:12:18.875306909Z  time="2020-09-16T02:12:18Z" level=info msg=" - zfs" source="node_exporter.go:97"
2020-09-16T02:12:18.875323384Z  time="2020-09-16T02:12:18Z" level=info msg="Listening on :9100" source="node_exporter.go:111"
2020-09-16T02:12:19.247315479Z  Scylla version 4.1.6-0.20200831.6d9ff622df with build-id c2ed04d00095c63b7456b5fcda6775c5a9f33b0b starting ...
2020-09-16T02:12:19.247358942Z  command used: "/usr/bin/scylla --log-to-syslog 0 --log-to-stdout 1 --default-log-level info --network-stack posix --developer-mode=1 --overprovisioned --listen-address 10.0.35.12 --rpc-address 10.0.35.12 --seed-provider-parameters seeds=10.0.35.12 --blocked-reactor-notify-ms 999999999"
2020-09-16T02:12:19.247371505Z  parsed command line options: [log-to-syslog: 0, log-to-stdout: 1, default-log-level: info, network-stack: posix, developer-mode: 1, overprovisioned, listen-address: 10.0.35.12, rpc-address: 10.0.35.12, seed-provider-parameters: seeds=10.0.35.12, blocked-reactor-notify-ms: 999999999]
2020-09-16T02:12:19.296889545Z  WARN  2020-09-16 02:12:19,296 [shard 0] seastar - Unable to set SCHED_FIFO scheduling policy for timer thread; latency impact possible. Try adding CAP_SYS_NICE
2020-09-16T02:12:19.360061119Z  INFO  2020-09-16 02:12:19,359 [shard 0] init - installing SIGHUP handler
2020-09-16T02:12:19.367119913Z  INFO  2020-09-16 02:12:19,366 [shard 0] init - Scylla version 4.1.6-0.20200831.6d9ff622df with build-id c2ed04d00095c63b7456b5fcda6775c5a9f33b0b starting ...
2020-09-16T02:12:19.367159118Z  
2020-09-16T02:12:19.375047485Z  INFO  2020-09-16 02:12:19,374 [shard 0] init - starting prometheus API server
2020-09-16T02:12:19.377125568Z  INFO  2020-09-16 02:12:19,376 [shard 0] init - starting tokens manager
2020-09-16T02:12:19.377679227Z  INFO  2020-09-16 02:12:19,377 [shard 0] init - starting migration manager notifier
2020-09-16T02:12:19.378207563Z  INFO  2020-09-16 02:12:19,377 [shard 0] init - creating tracing
2020-09-16T02:12:19.379176614Z  INFO  2020-09-16 02:12:19,378 [shard 0] init - creating snitch
2020-09-16T02:12:19.382805090Z  INFO  2020-09-16 02:12:19,382 [shard 0] init - determining DNS name
2020-09-16T02:12:19.383222234Z  INFO  2020-09-16 02:12:19,382 [shard 0] init - starting API server
2020-09-16T02:12:19.386264999Z  INFO  2020-09-16 02:12:19,386 [shard 0] init - Scylla API server listening on 127.0.0.1:10000 ...
2020-09-16T02:12:19.387239061Z  INFO  2020-09-16 02:12:19,386 [shard 0] init - initializing storage service
2020-09-16T02:12:19.387894373Z  INFO  2020-09-16 02:12:19,387 [shard 0] init - starting per-shard database core
2020-09-16T02:12:19.392701984Z  WARN  2020-09-16 02:12:19,392 [shard 0] init - I/O Scheduler is not properly configured! This is a non-supported setup, and performance is expected to be unpredictably bad.
2020-09-16T02:12:19.392722699Z   Reason found: none of --max-io-requests, --io-properties and --io-properties-file are set.
2020-09-16T02:12:19.392733031Z  To properly configure the I/O Scheduler, run the scylla_io_setup utility shipped with Scylla.
2020-09-16T02:12:19.392750492Z  
2020-09-16T02:12:19.393284206Z  INFO  2020-09-16 02:12:19,393 [shard 0] init - creating and verifying directories
2020-09-16T02:12:19.586635796Z  Connecting to http://localhost:10000
2020-09-16T02:12:19.586678449Z  Starting the JMX server
2020-09-16T02:12:19.623842635Z  INFO  2020-09-16 02:12:19,623 [shard 0] database - Populating Keyspace system_schema
2020-09-16T02:12:19.623883657Z  INFO  2020-09-16 02:12:19,623 [shard 0] database - Keyspace system_schema: Reading CF computed_columns id=cc7c7069-3740-33c1-92a4-c3de78dbd2c4 version=2b8c4439-de76-31e0-807f-3b7290a975d7
2020-09-16T02:12:19.623895959Z  INFO  2020-09-16 02:12:19,623 [shard 0] database - Keyspace system_schema: Reading CF view_virtual_columns id=08843b63-45dc-3be2-9798-a0418295cfaa version=c777531c-15f7-326f-8ebe-39fd0265c8c9
2020-09-16T02:12:19.623906656Z  INFO  2020-09-16 02:12:19,623 [shard 0] database - Keyspace system_schema: Reading CF dropped_columns id=5e7583b5-f3f4-3af1-9a39-b7e1d6f5f11f version=7426bc6c-4c2f-3200-8ad8-4329610ed59a
2020-09-16T02:12:19.623917067Z  INFO  2020-09-16 02:12:19,623 [shard 0] database - Keyspace system_schema: Reading CF indexes id=0feb57ac-311f-382f-ba6d-9024d305702f version=99c40462-8687-304e-abe3-2bdbef1f25aa
2020-09-16T02:12:19.624283226Z  INFO  2020-09-16 02:12:19,623 [shard 0] database - Keyspace system_schema: Reading CF functions id=96489b79-80be-3e14-a701-66a0b9159450 version=329ed804-55b3-3eee-ad61-d85317b96097
2020-09-16T02:12:19.624302894Z  INFO  2020-09-16 02:12:19,623 [shard 0] database - Keyspace system_schema: Reading CF columns id=24101c25-a2ae-3af7-87c1-b40ee1aca33f version=d33236d4-9bdd-3c09-abf0-a0bc5edc2526
2020-09-16T02:12:19.624313800Z  INFO  2020-09-16 02:12:19,623 [shard 0] database - Keyspace system_schema: Reading CF scylla_tables id=5d912ff1-f759-3665-b2c8-8042ab5103dd version=38e5e56b-155d-39b5-a0d2-8e5dcad42a26
2020-09-16T02:12:19.624324673Z  INFO  2020-09-16 02:12:19,623 [shard 0] database - Keyspace system_schema: Reading CF tables id=afddfb9d-bc1e-3068-8056-eed6c302ba09 version=b6240810-eeb7-36d5-9411-43b2d68dddab
2020-09-16T02:12:19.624351886Z  INFO  2020-09-16 02:12:19,623 [shard 0] database - Keyspace system_schema: Reading CF keyspaces id=abac5682-dea6-31c5-b535-b3d6cffd0fb6 version=e79ca8ba-6556-3f7d-925a-7f20cf57938c
2020-09-16T02:12:19.624363551Z  INFO  2020-09-16 02:12:19,623 [shard 0] database - Keyspace system_schema: Reading CF triggers id=4df70b66-6b05-3251-95a1-32b54005fd48 version=582d7071-1ef0-37c8-adc6-471a13636139
2020-09-16T02:12:19.624373836Z  INFO  2020-09-16 02:12:19,623 [shard 0] database - Keyspace system_schema: Reading CF views id=9786ac1c-dd58-3201-a7cd-ad556410c985 version=5b58bb47-96e7-3f57-accf-0bfca4dbbc6e
2020-09-16T02:12:19.624383834Z  INFO  2020-09-16 02:12:19,623 [shard 0] database - Keyspace system_schema: Reading CF types id=5a8b1ca8-6602-3f77-a045-9273d308917a version=de51b2ce-5e4d-3b7d-a75f-2204332ce8d1
2020-09-16T02:12:19.624393985Z  INFO  2020-09-16 02:12:19,623 [shard 0] database - Keyspace system_schema: Reading CF aggregates id=924c5587-2e3a-345b-b10c-12f37c1ba895 version=4b53e92c-0368-3d5c-b959-2ec1bfd1a59f
2020-09-16T02:12:20.156287847Z  JMX is enabled to receive remote connections on port: 71992020-09-16 02:12:20,156 INFO success: scylla entered RUNNING state, process has stayed up for > than 1 seconds (startsecs)
2020-09-16T02:12:20.156368668Z  2020-09-16 02:12:20,156 INFO success: scylla-housekeeping entered RUNNING state, process has stayed up for > than 1 seconds (startsecs)
2020-09-16T02:12:20.156524093Z  2020-09-16 02:12:20,156 INFO success: sshd entered RUNNING state, process has stayed up for > than 1 seconds (startsecs)
2020-09-16T02:12:20.156629693Z  2020-09-16 02:12:20,156 INFO success: scylla-jmx entered RUNNING state, process has stayed up for > than 1 seconds (startsecs)
2020-09-16T02:12:20.156751139Z  2020-09-16 02:12:20,156 INFO success: rsyslog entered RUNNING state, process has stayed up for > than 1 seconds (startsecs)
2020-09-16T02:12:20.156832731Z  2020-09-16 02:12:20,156 INFO success: node-exporter entered RUNNING state, process has stayed up for > than 1 seconds (startsecs)
2020-09-16T02:12:20.157218540Z  
2020-09-16T02:12:21.218360469Z  Generating public/private rsa key pair.
2020-09-16T02:12:21.218407442Z  Your identification has been saved in /etc/ssh/ssh_host_rsa_key.
2020-09-16T02:12:21.218422767Z  Your public key has been saved in /etc/ssh/ssh_host_rsa_key.pub.
2020-09-16T02:12:21.218432717Z  The key fingerprint is:
2020-09-16T02:12:21.218442091Z  SHA256:ieWCI8ybzJeWqQLPdXgsat/SRa3CbXftStcz4yT4/X8 root@3712ca237c57
2020-09-16T02:12:21.218451844Z  The key's randomart image is:
2020-09-16T02:12:21.218471748Z  +---[RSA 4096]----+
2020-09-16T02:12:21.218480588Z  |                 |
2020-09-16T02:12:21.218489511Z  |                 |
2020-09-16T02:12:21.218498413Z  |        ..       |
2020-09-16T02:12:21.218540237Z  | o   . +...      |
2020-09-16T02:12:21.218554479Z  |  + o+ooS.   .   |
2020-09-16T02:12:21.218563981Z  |.o ++=*.= . o .. |
2020-09-16T02:12:21.218584904Z  |.o=o*= + . o.o.=.|
2020-09-16T02:12:21.218604962Z  |. =+...    ...* E|
2020-09-16T02:12:21.218613221Z  | o.....     .o o*|
2020-09-16T02:12:21.218621509Z  +----[SHA256]-----+
2020-09-16T02:12:21.234183505Z  Could not load host key: /etc/ssh/ssh_host_ecdsa_key
2020-09-16T02:12:24.526669648Z  Traceback (most recent call last):
2020-09-16T02:12:24.526716152Z    File "/opt/scylladb/scripts/libexec/scylla-housekeeping", line 208, in <module>
2020-09-16T02:12:24.526734144Z      args.func(args)
2020-09-16T02:12:24.526748243Z    File "/opt/scylladb/scripts/libexec/scylla-housekeeping", line 134, in check_version
2020-09-16T02:12:24.526762598Z      current_version = sanitize_version(get_api('/storage_service/scylla_release_version'))
2020-09-16T02:12:24.526776620Z    File "/opt/scylladb/scripts/libexec/scylla-housekeeping", line 93, in get_api
2020-09-16T02:12:24.526831286Z      return get_json_from_url("http://" + api_address + path)
2020-09-16T02:12:24.526848006Z    File "/opt/scylladb/scripts/libexec/scylla-housekeeping", line 88, in get_json_from_url
2020-09-16T02:12:24.526862404Z      raise RuntimeError(f'Failed to get "{path}" due to the following error: {retval}')
2020-09-16T02:12:24.526876995Z  RuntimeError: Failed to get "http://localhost:10000/storage_service/scylla_release_version" due to the following error: HTTP Error 404: Not Found
2020-09-16T02:12:26.939283548Z  INFO  2020-09-16 02:12:26,938 [shard 0] database - Found temporary sstable directory: "/var/lib/scylla/data/system_schema/indexes-0feb57ac311f382fba6d9024d305702f/0000000000000355.sstable", removing
2020-09-16T02:12:26.939383668Z  INFO  2020-09-16 02:12:26,938 [shard 0] database - Found temporary sstable directory: "/var/lib/scylla/data/system_schema/scylla_tables-5d912ff1f7593665b2c88042ab5103dd/0000000000000330.sstable", removing
2020-09-16T02:12:26.939625899Z  INFO  2020-09-16 02:12:26,938 [shard 0] database - Found temporary sstable directory: "/var/lib/scylla/data/system_schema/views-9786ac1cdd583201a7cdad556410c985/0000000000000278.sstable", removing
2020-09-16T02:12:26.939680744Z  INFO  2020-09-16 02:12:26,938 [shard 0] database - Found temporary sstable directory: "/var/lib/scylla/data/system_schema/types-5a8b1ca866023f77a0459273d308917a/0000000000000279.sstable", removing
2020-09-16T02:12:26.939693000Z  INFO  2020-09-16 02:12:26,939 [shard 0] database - Found temporary sstable directory: "/var/lib/scylla/data/system_schema/types-5a8b1ca866023f77a0459273d308917a/0000000000000282.sstable", removing
2020-09-16T02:12:26.939703977Z  INFO  2020-09-16 02:12:26,939 [shard 0] database - Found temporary sstable directory: "/var/lib/scylla/data/system_schema/tables-afddfb9dbc1e30688056eed6c302ba09/0000000000000342.sstable", removing
2020-09-16T02:12:26.940031922Z  INFO  2020-09-16 02:12:26,939 [shard 0] database - Found temporary sstable directory: "/var/lib/scylla/data/system_schema/tables-afddfb9dbc1e30688056eed6c302ba09/0000000000000339.sstable", removing
2020-09-16T02:12:26.940777273Z  INFO  2020-09-16 02:12:26,940 [shard 0] database - Found temporary sstable directory: "/var/lib/scylla/data/system_schema/keyspaces-abac5682dea631c5b535b3d6cffd0fb6/0000000000000375.sstable", removing
2020-09-16T02:12:27.000451758Z  WARN  2020-09-16 02:12:26,999 [shard 0] sstable - Deleting components of sstable from system_schema.views of generation 278 that has a temporary TOC
2020-09-16T02:12:27.000476351Z  WARN  2020-09-16 02:12:26,999 [shard 0] sstable - Deleting components of sstable from system_schema.indexes of generation 355 that has a temporary TOC
2020-09-16T02:12:27.041412063Z  WARN  2020-09-16 02:12:27,040 [shard 0] sstable - Deleting components of sstable from system_schema.types of generation 279 that has a temporary TOC
2020-09-16T02:12:27.041436716Z  WARN  2020-09-16 02:12:27,041 [shard 0] sstable - Deleting components of sstable from system_schema.scylla_tables of generation 330 that has a temporary TOC
2020-09-16T02:12:27.041447944Z  WARN  2020-09-16 02:12:27,041 [shard 0] sstable - Deleting components of sstable from system_schema.tables of generation 339 that has a temporary TOC
2020-09-16T02:12:27.041458195Z  WARN  2020-09-16 02:12:27,041 [shard 0] sstable - Deleting components of sstable from system_schema.keyspaces of generation 375 that has a temporary TOC
2020-09-16T02:12:27.727402086Z  WARN  2020-09-16 02:12:27,726 [shard 0] sstable - Deleting components of sstable from system_schema.tables of generation 342 that has a temporary TOC
2020-09-16T02:12:27.727431608Z  WARN  2020-09-16 02:12:27,726 [shard 0] sstable - Deleting components of sstable from system_schema.types of generation 282 that has a temporary TOC
2020-09-16T02:12:28.089385228Z  INFO  2020-09-16 02:12:28,088 [shard 0] database - Populating Keyspace system
2020-09-16T02:12:28.089412002Z  INFO  2020-09-16 02:12:28,088 [shard 0] database - Keyspace system: Reading CF schema_aggregates id=a5fc57fc-9d6c-3bfd-a3fc-01ad54686fea version=d06c934f-9a69-374c-86f1-523ab26fb05c
2020-09-16T02:12:28.089819081Z  INFO  2020-09-16 02:12:28,088 [shard 0] database - Keyspace system: Reading CF schema_triggers id=0359bc71-7123-3ee1-9a4a-b9dfb11fc125 version=75e4ec4c-76da-3f59-984e-66810ba0c62b
2020-09-16T02:12:28.089844067Z  INFO  2020-09-16 02:12:28,089 [shard 0] database - Keyspace system: Reading CF compaction_history id=b4dbb7b4-dc49-3fb5-b3bf-ce6e434832ca version=25cae56a-8d75-39f3-a146-3756ab4981c7
2020-09-16T02:12:28.089855760Z  INFO  2020-09-16 02:12:28,089 [shard 0] database - Keyspace system: Reading CF compactions_in_progress id=55080ab0-5d9c-3886-90a4-acb25fe1f77b version=540263f1-40db-3869-8a38-3baadedc222d
2020-09-16T02:12:28.089865959Z  INFO  2020-09-16 02:12:28,089 [shard 0] database - Keyspace system: Reading CF range_xfers id=55d76438-4e55-3f8b-9f6e-676d4af3976d version=dd15a078-409b-350d-9bef-c5f3520832d8
2020-09-16T02:12:28.089875636Z  INFO  2020-09-16 02:12:28,089 [shard 0] database - Keyspace system: Reading CF scylla_views_builds_in_progress id=a04c7bfd-1e13-36c9-a44d-f22da352281d version=e3fb736c-6956-3990-a31d-9a482279e3fc
2020-09-16T02:12:28.089892692Z  INFO  2020-09-16 02:12:28,089 [shard 0] database - Keyspace system: Reading CF IndexInfo id=9f5c6374-d485-3229-9a0a-5094af9ad1e3 version=bbb3743b-351f-3023-b4fc-09a9be37d529
2020-09-16T02:12:28.089902258Z  INFO  2020-09-16 02:12:28,089 [shard 0] database - Keyspace system: Reading CF cdc_local id=0bcaffd4-0c83-3ead-ad13-dc1d5015b77c version=0aa4d3a2-ed95-3ecd-aba0-cd75622ad290
2020-09-16T02:12:28.089911796Z  INFO  2020-09-16 02:12:28,089 [shard 0] database - Keyspace system: Reading CF schema_columnfamilies id=45f5b360-24bc-3f83-a363-1034ea4fa697 version=7f7a5fea-07b7-304d-a6f8-f7aec72cabdb
2020-09-16T02:12:28.089934370Z  INFO  2020-09-16 02:12:28,089 [shard 0] database - Keyspace system: Reading CF batchlog id=0290003c-977e-397c-ac3e-fdfdc01d626b version=e2a2e804-49e4-3597-9f16-39fd9475835c
2020-09-16T02:12:28.089945396Z  INFO  2020-09-16 02:12:28,089 [shard 0] database - Keyspace system: Reading CF schema_functions id=d1b675fe-2b50-3ca4-8e49-c0f81989dcad version=a50959dd-2be0-3e4e-8bb5-cf40796e256a
2020-09-16T02:12:28.090306427Z  INFO  2020-09-16 02:12:28,089 [shard 0] database - Keyspace system: Reading CF peer_events id=59dfeaea-8db2-3341-91ef-109974d81484 version=7f874a05-72b8-3c21-9acb-baa164fc351a
2020-09-16T02:12:28.090325465Z  INFO  2020-09-16 02:12:28,089 [shard 0] database - Keyspace system: Reading CF local id=7ad54392-bcdd-35a6-8417-4e047860b377 version=7fa82c2e-5b67-37dd-8e5e-2079e18f1536
2020-09-16T02:12:28.090335665Z  INFO  2020-09-16 02:12:28,089 [shard 0] database - Keyspace system: Reading CF clients id=ca0f635d-8630-3609-8d93-a1fc06f2a5e5 version=51273ebf-e6f9-3cd5-b455-ea09ad29796f
2020-09-16T02:12:28.090345635Z  INFO  2020-09-16 02:12:28,089 [shard 0] database - Keyspace system: Reading CF size_estimates id=618f817b-005f-3678-b8a4-53f3930b8e86 version=6d4dbcff-f05b-3dc3-95ad-f79f7b10504d
2020-09-16T02:12:28.090355315Z  INFO  2020-09-16 02:12:28,089 [shard 0] database - Keyspace system: Reading CF large_partitions id=8a7fe624-96b0-34b1-b90e-f71bddcdd2d3 version=04fa9920-9369-3a96-be39-6dd9fdc816b6
2020-09-16T02:12:28.090395764Z  INFO  2020-09-16 02:12:28,089 [shard 0] database - Keyspace system: Reading CF schema_columns id=296e9c04-9bec-3085-827d-c17d3df2122a version=53cfbb66-ee0d-37be-97bb-b2afb3746f85
2020-09-16T02:12:28.090408855Z  INFO  2020-09-16 02:12:28,089 [shard 0] database - Keyspace system: Reading CF built_views id=4b3c50a9-ea87-3d76-9101-6dbc9c38494a version=a28aa0b3-6def-30a7-9fbe-ce78b3f3c9b9
2020-09-16T02:12:28.090419024Z  INFO  2020-09-16 02:12:28,089 [shard 0] database - Keyspace system: Reading CF peers id=37f71aca-7dc2-383b-a706-72528af04d4f version=f6f6871f-8c86-3eca-ac0b-2a2e848e395d
2020-09-16T02:12:28.090429014Z  INFO  2020-09-16 02:12:28,089 [shard 0] database - Keyspace system: Reading CF hints id=2666e205-73ef-38b3-90fe-fecf96e8f0c7 version=0b74fdd1-e96d-309e-a14e-a5bcd7ac885d
2020-09-16T02:12:28.090439214Z  INFO  2020-09-16 02:12:28,089 [shard 0] database - Keyspace system: Reading CF large_rows id=40550f66-0858-39a0-9430-f27fc08034e9 version=aee3acb0-7926-317b-848e-db7bc3721695
2020-09-16T02:12:28.090459766Z  INFO  2020-09-16 02:12:28,089 [shard 0] database - Keyspace system: Reading CF large_cells id=ead8bbc5-f146-3ae1-9f71-0b11f9a1d296 version=0d4a6937-a781-3f87-a192-b4e4a4a40acf
2020-09-16T02:12:28.090470858Z  INFO  2020-09-16 02:12:28,090 [shard 0] database - Keyspace system: Reading CF scylla_local id=2972ec7f-fb20-38dd-aac1-d876f2e3fcbd version=5f0b407d-eedf-3845-a48e-dbb9673d10e1
2020-09-16T02:12:28.090480899Z  INFO  2020-09-16 02:12:28,090 [shard 0] database - Keyspace system: Reading CF views_builds_in_progress id=b7f2c108-78cd-3c80-9cd5-d609b2bd149c version=b905cce5-1474-3085-819a-7592453e2fb9
2020-09-16T02:12:28.090490688Z  INFO  2020-09-16 02:12:28,090 [shard 0] database - Keyspace system: Reading CF schema_usertypes id=3aa75225-4f82-350b-8d5c-430fa221fa0a version=3c53e6bb-56d5-3618-a0b2-4ff5f18127d7
2020-09-16T02:12:28.090511273Z  INFO  2020-09-16 02:12:28,090 [shard 0] database - Keyspace system: Reading CF sstable_activity id=5a1ff267-ace0-3f12-8563-cfae6103c65e version=bdec57a3-b234-334b-be9c-7b1f33113995
2020-09-16T02:12:28.090690731Z  INFO  2020-09-16 02:12:28,090 [shard 0] database - Keyspace system: Reading CF truncated id=38c19fd0-fb86-3310-a4b7-0d0cc66628aa version=6da9a85c-7ae0-3917-aead-54a2f65a57a8
2020-09-16T02:12:28.090735315Z  INFO  2020-09-16 02:12:28,090 [shard 0] database - Keyspace system: Reading CF paxos id=b7b7f0c2-fd0a-3410-8c05-3ef614bb7c2d version=6dd372de-72fb-3e1b-9b8c-f97738a67fe9
2020-09-16T02:12:28.090749020Z  INFO  2020-09-16 02:12:28,090 [shard 0] database - Keyspace system: Reading CF schema_keyspaces id=b0f22357-4458-3cdb-9631-c43e59ce3676 version=84d28cef-59f9-34a9-9be5-31c684997f03
2020-09-16T02:12:37.967569355Z  INFO  2020-09-16 02:12:37,966 [shard 0] init - starting gossip
2020-09-16T02:12:37.967599464Z  WARN  2020-09-16 02:12:37,967 [shard 0] init - Using default cluster name is not recommended. Using a unique cluster name will reduce the chance of adding nodes to the wrong cluster by mistake
2020-09-16T02:12:37.968392723Z  INFO  2020-09-16 02:12:37,968 [shard 0] init - starting storage proxy
2020-09-16T02:12:37.983356535Z  INFO  2020-09-16 02:12:37,983 [shard 0] init - creating hints manager
2020-09-16T02:12:37.983971353Z  INFO  2020-09-16 02:12:37,983 [shard 1] init - creating hints manager
2020-09-16T02:12:37.983990975Z  INFO  2020-09-16 02:12:37,983 [shard 2] init - creating hints manager
2020-09-16T02:12:37.984544593Z  INFO  2020-09-16 02:12:37,984 [shard 3] init - creating hints manager
2020-09-16T02:12:37.985150290Z  INFO  2020-09-16 02:12:37,984 [shard 0] init - starting migration manager
2020-09-16T02:12:37.985703032Z  INFO  2020-09-16 02:12:37,985 [shard 0] init - starting query processor
2020-09-16T02:12:37.987231163Z  INFO  2020-09-16 02:12:37,986 [shard 0] init - initializing batchlog manager
2020-09-16T02:12:37.991469581Z  INFO  2020-09-16 02:12:37,991 [shard 0] legacy_schema_migrator - Moving 0 keyspaces from legacy schema tables to the new schema keyspace (system_schema)
2020-09-16T02:12:37.992120656Z  INFO  2020-09-16 02:12:37,991 [shard 0] legacy_schema_migrator - Dropping legacy schema tables
2020-09-16T02:12:46.802384708Z  INFO  2020-09-16 02:12:46,801 [shard 0] legacy_schema_migrator - Completed migration of legacy schema tables
2020-09-16T02:12:46.806172098Z  INFO  2020-09-16 02:12:46,805 [shard 0] init - loading system sstables
2020-09-16T02:13:06.207149101Z  INFO  2020-09-16 02:13:06,206 [shard 0] init - loading non-system sstables
2020-09-16T02:13:14.229379678Z  INFO  2020-09-16 02:13:14,228 [shard 0] database - Populating Keyspace dt
2020-09-16T02:13:14.229791931Z  INFO  2020-09-16 02:13:14,229 [shard 0] database - Keyspace dt: Reading CF source_element_idx_index id=68593f10-d77b-11ea-9877-000000000001 version=33e3f927-f730-3081-88e1-6bed2962e42a
2020-09-16T02:13:14.230169747Z  INFO  2020-09-16 02:13:14,229 [shard 0] database - Keyspace dt: Reading CF element_twin_idx_index id=630ae8b0-d77b-11ea-9877-000000000001 version=bc3026fd-bc4e-318d-b6f4-ca0b566cb74b
2020-09-16T02:13:14.230566096Z  INFO  2020-09-16 02:13:14,230 [shard 0] database - Keyspace dt: Reading CF source id=65ff2270-d77b-11ea-9877-000000000001 version=5f8471b7-7d19-31d4-9be5-0f153affb0bb
2020-09-16T02:13:14.231110823Z  INFO  2020-09-16 02:13:14,230 [shard 0] database - Keyspace dt: Reading CF source_data id=6af6cd50-d77b-11ea-9877-000000000001 version=b52400e3-b307-3141-b3fc-e5d63573f135
2020-09-16T02:13:14.231491172Z  INFO  2020-09-16 02:13:14,231 [shard 0] database - Keyspace dt: Reading CF element id=607549b0-d77b-11ea-9877-000000000001 version=f44a6c4b-69d8-37f2-b116-7260740acc6c
2020-09-16T02:13:14.231836555Z  INFO  2020-09-16 02:13:14,231 [shard 0] database - Keyspace dt: Reading CF twin id=5e00c740-d77b-11ea-9877-000000000001 version=6240633e-c8cc-3fea-a1e3-452eff1b9659
2020-09-16T02:13:14.232079678Z  INFO  2020-09-16 02:13:14,231 [shard 0] database - Keyspace dt: Reading CF user id=5c294820-d77b-11ea-9877-000000000001 version=02cce273-02f1-3e6a-8674-f1016e3f22d7
2020-09-16T02:13:14.232359516Z  INFO  2020-09-16 02:13:14,232 [shard 0] database - Populating Keyspace system_distributed
2020-09-16T02:13:14.232696894Z  INFO  2020-09-16 02:13:14,232 [shard 0] database - Keyspace system_distributed: Reading CF view_build_status id=5582b59f-8e4e-35e1-b913-3acada51eb04 version=e0b6e628-60e0-39a2-ada0-9b6c13bdd9bc
2020-09-16T02:13:14.232992217Z  INFO  2020-09-16 02:13:14,232 [shard 0] database - Keyspace system_distributed: Reading CF cdc_generations id=6a4df139-00b6-3d21-9efc-dade266dc3b7 version=2511b46b-df1d-39fa-9a77-f5cacf88af47
2020-09-16T02:13:14.233273771Z  INFO  2020-09-16 02:13:14,233 [shard 0] database - Keyspace system_distributed: Reading CF cdc_streams id=07405732-4620-34d6-a85e-947248dad9a4 version=b606cfa4-a37b-32bd-a624-e05cab2bed3c
2020-09-16T02:13:14.233575550Z  INFO  2020-09-16 02:13:14,233 [shard 0] database - Populating Keyspace system_auth
2020-09-16T02:13:14.233849076Z  INFO  2020-09-16 02:13:14,233 [shard 0] database - Keyspace system_auth: Reading CF roles id=5bc52802-de25-35ed-aeab-188eecebb090 version=d8f599da-7544-3f57-aa58-b229deea93e0
2020-09-16T02:13:14.234133811Z  INFO  2020-09-16 02:13:14,233 [shard 0] database - Keyspace system_auth: Reading CF role_members id=0ecdaa87-f8fb-3e60-88d1-74fb36fe5c0d version=2923b5bb-f2f8-36e8-9e73-19019900010c
2020-09-16T02:13:14.234435322Z  INFO  2020-09-16 02:13:14,234 [shard 0] database - Populating Keyspace system_traces
2020-09-16T02:13:14.234740237Z  INFO  2020-09-16 02:13:14,234 [shard 0] database - Keyspace system_traces: Reading CF sessions id=c5e99f16-8677-3914-b17e-960613512345 version=e0fc4b06-6cba-3b7b-bfb6-b42a77c370a9
2020-09-16T02:13:14.235044419Z  INFO  2020-09-16 02:13:14,234 [shard 0] database - Keyspace system_traces: Reading CF node_slow_log_time_idx id=f9706768-aa1e-3d87-9e5c-51a3927c2870 version=eaffc0bb-7b2c-3b64-8924-d8ba685120bc
2020-09-16T02:13:14.235332736Z  INFO  2020-09-16 02:13:14,235 [shard 0] database - Keyspace system_traces: Reading CF sessions_time_idx id=0ebf001c-c1d1-3693-9a63-c3d96ac53318 version=cd5d1e5f-1f42-3b9d-a8ba-3af39d59a7d5
2020-09-16T02:13:14.235611584Z  INFO  2020-09-16 02:13:14,235 [shard 0] database - Keyspace system_traces: Reading CF events id=8826e8e9-e16a-3728-8753-3bc1fc713c25 version=41a6b26e-a03b-3ae1-8a4a-b9446e7f9304
2020-09-16T02:13:14.235895609Z  INFO  2020-09-16 02:13:14,235 [shard 0] database - Keyspace system_traces: Reading CF node_slow_log id=bfcc4e62-5b63-3aa1-a1c3-6f5e47f3325c version=23e7a411-8414-340f-854d-20a3a637e438
2020-09-16T02:13:20.129838755Z  INFO  2020-09-16 02:13:20,129 [shard 0] init - starting view update generator
2020-09-16T02:13:20.130414860Z  INFO  2020-09-16 02:13:20,130 [shard 0] init - discovering staging sstables
2020-09-16T02:13:20.131166611Z  INFO  2020-09-16 02:13:20,130 [shard 0] init - setting up system keyspace
2020-09-16T02:13:20.149381088Z  INFO  2020-09-16 02:13:20,148 [shard 0] init - starting commit log
2020-09-16T02:13:20.149422867Z  INFO  2020-09-16 02:13:20,149 [shard 0] init - replaying commit log
2020-09-16T02:13:20.151956258Z  INFO  2020-09-16 02:13:20,151 [shard 0] commitlog_replayer - Replaying /var/lib/scylla/commitlog/CommitLog-1-36028797495359702.log, /var/lib/scylla/commitlog/CommitLog-1-476395734.log, /var/lib/scylla/commitlog/CommitLog-1-54043196004841687.log, /var/lib/scylla/commitlog/CommitLog-1-36028797495359703.log, /var/lib/scylla/commitlog/CommitLog-1-18014398985877719.log, /var/lib/scylla/commitlog/CommitLog-1-54043196004841689.log, /var/lib/scylla/commitlog/CommitLog-1-54043196004841688.log, /var/lib/scylla/commitlog/CommitLog-1-476395735.log, /var/lib/scylla/commitlog/CommitLog-1-476395733.log, /var/lib/scylla/commitlog/CommitLog-1-18014398985877718.log, /var/lib/scylla/commitlog/CommitLog-1-36028797495359704.log
2020-09-16T02:13:23.406756939Z  INFO  2020-09-16 02:13:23,406 [shard 0] commitlog_replayer - Log replay complete, 20820 replayed mutations (0 invalid, 0 skipped)
2020-09-16T02:13:23.407659825Z  INFO  2020-09-16 02:13:23,407 [shard 0] init - replaying commit log - flushing memtables
2020-09-16T02:13:37.794628403Z  INFO  2020-09-16 02:13:37,793 [shard 0] init - replaying commit log - removing old commitlog segments
2020-09-16T02:13:37.797759011Z  INFO  2020-09-16 02:13:37,797 [shard 0] compaction - Compacting [/var/lib/scylla/data/system/peers-37f71aca7dc2383ba70672528af04d4f/mc-12-big-Data.db:level=0, /var/lib/scylla/data/system/peers-37f71aca7dc2383ba70672528af04d4f/mc-4-big-Data.db:level=0, /var/lib/scylla/data/system/peers-37f71aca7dc2383ba70672528af04d4f/mc-8-big-Data.db:level=0, ]
2020-09-16T02:13:37.798122180Z  INFO  2020-09-16 02:13:37,797 [shard 0] compaction - Compacting [/var/lib/scylla/data/system/compaction_history-b4dbb7b4dc493fb5b3bfce6e434832ca/mc-452-big-Data.db:level=0, /var/lib/scylla/data/system/compaction_history-b4dbb7b4dc493fb5b3bfce6e434832ca/mc-448-big-Data.db:level=0, /var/lib/scylla/data/system/compaction_history-b4dbb7b4dc493fb5b3bfce6e434832ca/mc-444-big-Data.db:level=0, ]
2020-09-16T02:13:37.798531004Z  INFO  2020-09-16 02:13:37,797 [shard 0] compaction - Compacting [/var/lib/scylla/data/system/truncated-38c19fd0fb863310a4b70d0cc66628aa/mc-844-big-Data.db:level=0, /var/lib/scylla/data/system/truncated-38c19fd0fb863310a4b70d0cc66628aa/mc-848-big-Data.db:level=0, /var/lib/scylla/data/system/truncated-38c19fd0fb863310a4b70d0cc66628aa/mc-840-big-Data.db:level=0, ]
2020-09-16T02:13:37.798560186Z  INFO  2020-09-16 02:13:37,798 [shard 2] compaction - Compacting [/var/lib/scylla/data/system_schema/dropped_columns-5e7583b5f3f43af19a39b7e1d6f5f11f/mc-386-big-Data.db:level=0, /var/lib/scylla/data/system_schema/dropped_columns-5e7583b5f3f43af19a39b7e1d6f5f11f/mc-390-big-Data.db:level=0, /var/lib/scylla/data/system_schema/dropped_columns-5e7583b5f3f43af19a39b7e1d6f5f11f/mc-382-big-Data.db:level=0, ]
2020-09-16T02:13:37.798575540Z  INFO  2020-09-16 02:13:37,798 [shard 1] compaction - Compacting [/var/lib/scylla/data/system/clients-ca0f635d863036098d93a1fc06f2a5e5/mc-45-big-Data.db:level=0, /var/lib/scylla/data/system/clients-ca0f635d863036098d93a1fc06f2a5e5/mc-73-big-Data.db:level=0, /var/lib/scylla/data/system/clients-ca0f635d863036098d93a1fc06f2a5e5/mc-69-big-Data.db:level=0, /var/lib/scylla/data/system/clients-ca0f635d863036098d93a1fc06f2a5e5/mc-61-big-Data.db:level=0, /var/lib/scylla/data/system/clients-ca0f635d863036098d93a1fc06f2a5e5/mc-81-big-Data.db:level=0, /var/lib/scylla/data/system/clients-ca0f635d863036098d93a1fc06f2a5e5/mc-65-big-Data.db:level=0, /var/lib/scylla/data/system/clients-ca0f635d863036098d93a1fc06f2a5e5/mc-49-big-Data.db:level=0, /var/lib/scylla/data/system/clients-ca0f635d863036098d93a1fc06f2a5e5/mc-77-big-Data.db:level=0, /var/lib/scylla/data/system/clients-ca0f635d863036098d93a1fc06f2a5e5/mc-57-big-Data.db:level=0, /var/lib/scylla/data/system/clients-ca0f635d863036098d93a1fc06f2a5e5/mc-53-big-Data.db:level=0, ]
2020-09-16T02:13:37.798608057Z  INFO  2020-09-16 02:13:37,798 [shard 2] compaction - Compacting [/var/lib/scylla/data/system/compaction_history-b4dbb7b4dc493fb5b3bfce6e434832ca/mc-462-big-Data.db:level=0, /var/lib/scylla/data/system/compaction_history-b4dbb7b4dc493fb5b3bfce6e434832ca/mc-466-big-Data.db:level=0, /var/lib/scylla/data/system/compaction_history-b4dbb7b4dc493fb5b3bfce6e434832ca/mc-458-big-Data.db:level=0, ]
2020-09-16T02:13:37.798745920Z  INFO  2020-09-16 02:13:37,798 [shard 2] compaction - Compacting [/var/lib/scylla/data/system_schema/keyspaces-abac5682dea631c5b535b3d6cffd0fb6/mc-382-big-Data.db:level=0, /var/lib/scylla/data/system_schema/keyspaces-abac5682dea631c5b535b3d6cffd0fb6/mc-386-big-Data.db:level=0, /var/lib/scylla/data/system_schema/keyspaces-abac5682dea631c5b535b3d6cffd0fb6/mc-378-big-Data.db:level=0, ]
2020-09-16T02:13:37.798768481Z  INFO  2020-09-16 02:13:37,798 [shard 1] compaction - Compacting [/var/lib/scylla/data/system/compaction_history-b4dbb7b4dc493fb5b3bfce6e434832ca/mc-465-big-Data.db:level=0, /var/lib/scylla/data/system/compaction_history-b4dbb7b4dc493fb5b3bfce6e434832ca/mc-461-big-Data.db:level=0, /var/lib/scylla/data/system/compaction_history-b4dbb7b4dc493fb5b3bfce6e434832ca/mc-457-big-Data.db:level=0, ]
2020-09-16T02:13:37.799153145Z  INFO  2020-09-16 02:13:37,798 [shard 2] compaction - Compacting [/var/lib/scylla/data/system_schema/types-5a8b1ca866023f77a0459273d308917a/mc-282-big-Data.db:level=0, /var/lib/scylla/data/system_schema/types-5a8b1ca866023f77a0459273d308917a/mc-278-big-Data.db:level=0, ]
2020-09-16T02:13:37.799175259Z  INFO  2020-09-16 02:13:37,798 [shard 2] compaction - Compacting [/var/lib/scylla/data/system_schema/tables-afddfb9dbc1e30688056eed6c302ba09/mc-342-big-Data.db:level=0, /var/lib/scylla/data/system_schema/tables-afddfb9dbc1e30688056eed6c302ba09/mc-338-big-Data.db:level=0, ]
2020-09-16T02:13:37.799424283Z  INFO  2020-09-16 02:13:37,798 [shard 1] compaction - Compacting [/var/lib/scylla/data/system/local-7ad54392bcdd35a684174e047860b377/mc-1833-big-Data.db:level=0, /var/lib/scylla/data/system/local-7ad54392bcdd35a684174e047860b377/mc-1837-big-Data.db:level=0, /var/lib/scylla/data/system/local-7ad54392bcdd35a684174e047860b377/mc-1841-big-Data.db:level=0, /var/lib/scylla/data/system/local-7ad54392bcdd35a684174e047860b377/mc-1829-big-Data.db:level=0, ]
2020-09-16T02:13:37.799445624Z  INFO  2020-09-16 02:13:37,799 [shard 2] compaction - Compacting [/var/lib/scylla/data/system_schema/scylla_tables-5d912ff1f7593665b2c88042ab5103dd/mc-330-big-Data.db:level=0, /var/lib/scylla/data/system_schema/scylla_tables-5d912ff1f7593665b2c88042ab5103dd/mc-326-big-Data.db:level=0, ]
2020-09-16T02:13:37.800468594Z  INFO  2020-09-16 02:13:37,800 [shard 3] compaction - Compacting [/var/lib/scylla/data/system_schema/dropped_columns-5e7583b5f3f43af19a39b7e1d6f5f11f/mc-387-big-Data.db:level=0, /var/lib/scylla/data/system_schema/dropped_columns-5e7583b5f3f43af19a39b7e1d6f5f11f/mc-391-big-Data.db:level=0, /var/lib/scylla/data/system_schema/dropped_columns-5e7583b5f3f43af19a39b7e1d6f5f11f/mc-383-big-Data.db:level=0, ]
2020-09-16T02:13:37.800983431Z  INFO  2020-09-16 02:13:37,800 [shard 3] compaction - Compacting [/var/lib/scylla/data/system_schema/functions-96489b7980be3e14a70166a0b9159450/mc-327-big-Data.db:level=0, /var/lib/scylla/data/system_schema/functions-96489b7980be3e14a70166a0b9159450/mc-323-big-Data.db:level=0, /var/lib/scylla/data/system_schema/functions-96489b7980be3e14a70166a0b9159450/mc-319-big-Data.db:level=0, ]
2020-09-16T02:13:37.801646421Z  INFO  2020-09-16 02:13:37,800 [shard 3] compaction - Compacting [/var/lib/scylla/data/system/compaction_history-b4dbb7b4dc493fb5b3bfce6e434832ca/mc-467-big-Data.db:level=0, /var/lib/scylla/data/system/compaction_history-b4dbb7b4dc493fb5b3bfce6e434832ca/mc-463-big-Data.db:level=0, /var/lib/scylla/data/system/compaction_history-b4dbb7b4dc493fb5b3bfce6e434832ca/mc-459-big-Data.db:level=0, ]
2020-09-16T02:13:37.802001536Z  INFO  2020-09-16 02:13:37,801 [shard 3] compaction - Compacting [/var/lib/scylla/data/system_schema/indexes-0feb57ac311f382fba6d9024d305702f/mc-355-big-Data.db:level=0, /var/lib/scylla/data/system_schema/indexes-0feb57ac311f382fba6d9024d305702f/mc-351-big-Data.db:level=0, ]
2020-09-16T02:13:37.802840769Z  INFO  2020-09-16 02:13:37,802 [shard 3] compaction - Compacting [/var/lib/scylla/data/system_schema/scylla_tables-5d912ff1f7593665b2c88042ab5103dd/mc-331-big-Data.db:level=0, /var/lib/scylla/data/system_schema/scylla_tables-5d912ff1f7593665b2c88042ab5103dd/mc-327-big-Data.db:level=0, ]
2020-09-16T02:13:37.803689610Z  INFO  2020-09-16 02:13:37,803 [shard 3] compaction - Compacting [/var/lib/scylla/data/dt/source_data-6af6cd50d77b11ea9877000000000001/mc-347-big-Data.db:level=0, /var/lib/scylla/data/dt/source_data-6af6cd50d77b11ea9877000000000001/mc-343-big-Data.db:level=0, /var/lib/scylla/data/dt/source_data-6af6cd50d77b11ea9877000000000001/mc-339-big-Data.db:level=0, ]
2020-09-16T02:13:37.806609289Z  INFO  2020-09-16 02:13:37,806 [shard 0] init - initializing migration manager RPC verbs
2020-09-16T02:13:37.807333505Z  INFO  2020-09-16 02:13:37,807 [shard 0] init - initializing storage proxy RPC verbs
2020-09-16T02:13:37.808391018Z  INFO  2020-09-16 02:13:37,808 [shard 0] init - starting streaming service
2020-09-16T02:13:37.811316655Z  INFO  2020-09-16 02:13:37,810 [shard 0] init - starting hinted handoff manager
2020-09-16T02:13:39.077860812Z  WARN  2020-09-16 02:13:39,077 [shard 3] large_data - Writing a partition with too many rows [dt/source_data:d0a71d84-b80f-4558-beac-8887750652e3] (108841 rows)
2020-09-16T02:13:40.557801464Z  INFO  2020-09-16 02:13:40,555 [shard 0] compaction - Compacted 3 sstables to []. 16429 bytes to 0 (~0% of original) in 1ms = 0.00MB/s. ~384 total partitions merged to 0.
2020-09-16T02:13:40.557835166Z  INFO  2020-09-16 02:13:40,555 [shard 1] compaction - Compacted 10 sstables to []. 245093 bytes to 0 (~0% of original) in 30ms = 0.00MB/s. ~1280 total partitions merged to 0.
2020-09-16T02:13:41.081637397Z  INFO  2020-09-16 02:13:41,081 [shard 0] init - starting messaging service
2020-09-16T02:13:41.082321770Z  INFO  2020-09-16 02:13:41,081 [shard 0] repair - Setting max_repair_memory=168820736, max_repair_memory_per_range=33554432, max_repair_ranges_in_parallel=5
2020-09-16T02:13:41.082817481Z  INFO  2020-09-16 02:13:41,082 [shard 0] init - starting storage service
2020-09-16T02:13:41.084102879Z  INFO  2020-09-16 02:13:41,083 [shard 0] storage_service - Loading persisted ring state
2020-09-16T02:13:41.088189051Z  INFO  2020-09-16 02:13:41,087 [shard 0] storage_service - loaded_peer_features: peer_features size=0
2020-09-16T02:13:41.088215291Z  INFO  2020-09-16 02:13:41,087 [shard 0] storage_service - Checking remote features skipped, since this node is a new seed node which knows nothing about the cluster
2020-09-16T02:13:41.089733319Z  INFO  2020-09-16 02:13:41,089 [shard 0] storage_service - Restarting a node in NORMAL status
2020-09-16T02:13:41.127349996Z  INFO  2020-09-16 02:13:41,126 [shard 0] database - Schema version changed to 3f00f995-6495-3765-8599-4e76a2f4c6b2
2020-09-16T02:13:41.127926183Z  INFO  2020-09-16 02:13:41,127 [shard 0] storage_service - Starting up server gossip
2020-09-16T02:13:42.268004165Z  INFO  2020-09-16 02:13:42,267 [shard 3] compaction - Compacting [/var/lib/scylla/data/system_schema/view_virtual_columns-08843b6345dc3be29798a0418295cfaa/mc-335-big-Data.db:level=0, /var/lib/scylla/data/system_schema/view_virtual_columns-08843b6345dc3be29798a0418295cfaa/mc-331-big-Data.db:level=0, /var/lib/scylla/data/system_schema/view_virtual_columns-08843b6345dc3be29798a0418295cfaa/mc-327-big-Data.db:level=0, ]
2020-09-16T02:13:42.268436267Z  INFO  2020-09-16 02:13:42,268 [shard 3] compaction - Compacting [/var/lib/scylla/data/system_schema/triggers-4df70b666b05325195a132b54005fd48/mc-323-big-Data.db:level=0, /var/lib/scylla/data/system_schema/triggers-4df70b666b05325195a132b54005fd48/mc-319-big-Data.db:level=0, /var/lib/scylla/data/system_schema/triggers-4df70b666b05325195a132b54005fd48/mc-315-big-Data.db:level=0, ]
2020-09-16T02:13:42.269906526Z  INFO  2020-09-16 02:13:42,269 [shard 3] compaction - Compacting [/var/lib/scylla/data/system_schema/computed_columns-cc7c7069374033c192a4c3de78dbd2c4/mc-327-big-Data.db:level=0, /var/lib/scylla/data/system_schema/computed_columns-cc7c7069374033c192a4c3de78dbd2c4/mc-323-big-Data.db:level=0, ]
2020-09-16T02:13:42.270973186Z  INFO  2020-09-16 02:13:42,270 [shard 3] compaction - Compacting [/var/lib/scylla/data/system_schema/columns-24101c25a2ae3af787c1b40ee1aca33f/mc-391-big-Data.db:level=0, /var/lib/scylla/data/system_schema/columns-24101c25a2ae3af787c1b40ee1aca33f/mc-395-big-Data.db:level=0, /var/lib/scylla/data/system_schema/columns-24101c25a2ae3af787c1b40ee1aca33f/mc-387-big-Data.db:level=0, ]
2020-09-16T02:13:42.589391952Z  INFO  2020-09-16 02:13:42,588 [shard 2] compaction - Compacting [/var/lib/scylla/data/system_schema/view_virtual_columns-08843b6345dc3be29798a0418295cfaa/mc-334-big-Data.db:level=0, /var/lib/scylla/data/system_schema/view_virtual_columns-08843b6345dc3be29798a0418295cfaa/mc-326-big-Data.db:level=0, /var/lib/scylla/data/system_schema/view_virtual_columns-08843b6345dc3be29798a0418295cfaa/mc-330-big-Data.db:level=0, ]
2020-09-16T02:13:42.589862143Z  INFO  2020-09-16 02:13:42,589 [shard 2] compaction - Compacting [/var/lib/scylla/data/system_schema/views-9786ac1cdd583201a7cdad556410c985/mc-278-big-Data.db:level=0, /var/lib/scylla/data/system_schema/views-9786ac1cdd583201a7cdad556410c985/mc-274-big-Data.db:level=0, ]
2020-09-16T02:13:42.590900626Z  INFO  2020-09-16 02:13:42,590 [shard 2] compaction - Compacting [/var/lib/scylla/data/system/truncated-38c19fd0fb863310a4b70d0cc66628aa/mc-678-big-Data.db:level=0, /var/lib/scylla/data/system/truncated-38c19fd0fb863310a4b70d0cc66628aa/mc-674-big-Data.db:level=0, /var/lib/scylla/data/system/truncated-38c19fd0fb863310a4b70d0cc66628aa/mc-670-big-Data.db:level=0, ]
2020-09-16T02:13:42.591513101Z  INFO  2020-09-16 02:13:42,591 [shard 2] compaction - Compacting [/var/lib/scylla/data/system_schema/columns-24101c25a2ae3af787c1b40ee1aca33f/mc-390-big-Data.db:level=0, /var/lib/scylla/data/system_schema/columns-24101c25a2ae3af787c1b40ee1aca33f/mc-394-big-Data.db:level=0, /var/lib/scylla/data/system_schema/columns-24101c25a2ae3af787c1b40ee1aca33f/mc-386-big-Data.db:level=0, ]
2020-09-16T02:13:43.208257177Z  INFO  2020-09-16 02:13:43,207 [shard 0] compaction - Compacted 3 sstables to [/var/lib/scylla/data/system/compaction_history-b4dbb7b4dc493fb5b3bfce6e434832ca/mc-456-big-Data.db:level=0, ]. 270348 bytes to 112540 (~41% of original) in 4116ms = 0.03MB/s. ~512 total partitions merged to 224.
2020-09-16T02:13:43.208639737Z  INFO  2020-09-16 02:13:43,208 [shard 0] compaction - Compacted 3 sstables to [/var/lib/scylla/data/system/truncated-38c19fd0fb863310a4b70d0cc66628aa/mc-852-big-Data.db:level=0, ]. 158417 bytes to 76908 (~48% of original) in 4115ms = 0.02MB/s. ~384 total partitions merged to 2.
2020-09-16T02:13:43.461282133Z  INFO  2020-09-16 02:13:43,460 [shard 1] compaction - Compacted 3 sstables to [/var/lib/scylla/data/system/compaction_history-b4dbb7b4dc493fb5b3bfce6e434832ca/mc-469-big-Data.db:level=0, ]. 285208 bytes to 115907 (~40% of original) in 4376ms = 0.03MB/s. ~512 total partitions merged to 237.
2020-09-16T02:13:43.496378724Z  INFO  2020-09-16 02:13:43,495 [shard 1] compaction - Compacted 4 sstables to [/var/lib/scylla/data/system/local-7ad54392bcdd35a684174e047860b377/mc-1845-big-Data.db:level=0, ]. 31123 bytes to 12601 (~40% of original) in 4376ms = 0.00MB/s. ~512 total partitions merged to 1.
2020-09-16T02:13:43.541574710Z  INFO  2020-09-16 02:13:43,540 [shard 1] compaction - Compacting [/var/lib/scylla/data/system/local-7ad54392bcdd35a684174e047860b377/mc-1849-big-Data.db:level=0, /var/lib/scylla/data/system/local-7ad54392bcdd35a684174e047860b377/mc-1845-big-Data.db:level=0, ]
2020-09-16T02:13:43.542428658Z  INFO  2020-09-16 02:13:43,542 [shard 0] messaging_service - Starting Messaging Service on port 7000
2020-09-16T02:13:44.096424329Z  INFO  2020-09-16 02:13:44,095 [shard 3] compaction - Compacted 3 sstables to [/var/lib/scylla/data/system_schema/dropped_columns-5e7583b5f3f43af19a39b7e1d6f5f11f/mc-395-big-Data.db:level=0, ]. 16415 bytes to 5791 (~35% of original) in 4466ms = 0.00MB/s. ~384 total partitions merged to 1.
2020-09-16T02:13:44.096897669Z  INFO  2020-09-16 02:13:44,096 [shard 3] compaction - Compacted 3 sstables to [/var/lib/scylla/data/system_schema/functions-96489b7980be3e14a70166a0b9159450/mc-331-big-Data.db:level=0, ]. 16889 bytes to 5945 (~35% of original) in 4467ms = 0.00MB/s. ~384 total partitions merged to 1.
2020-09-16T02:13:44.275246405Z  INFO  2020-09-16 02:13:44,274 [shard 2] compaction - Compacted 3 sstables to [/var/lib/scylla/data/system_schema/dropped_columns-5e7583b5f3f43af19a39b7e1d6f5f11f/mc-394-big-Data.db:level=0, ]. 15982 bytes to 5641 (~35% of original) in 4790ms = 0.00MB/s. ~384 total partitions merged to 1.
2020-09-16T02:13:44.275299232Z  INFO  2020-09-16 02:13:44,274 [shard 2] compaction - Compacted 2 sstables to [/var/lib/scylla/data/system_schema/scylla_tables-5d912ff1f7593665b2c88042ab5103dd/mc-334-big-Data.db:level=0, ]. 11946 bytes to 6128 (~51% of original) in 4789ms = 0.00MB/s. ~256 total partitions merged to 1.
2020-09-16T02:13:44.563239381Z  INFO  2020-09-16 02:13:44,562 [shard 3] compaction - Compacted 2 sstables to [/var/lib/scylla/data/system_schema/indexes-0feb57ac311f382fba6d9024d305702f/mc-359-big-Data.db:level=0, ]. 17882 bytes to 12630 (~70% of original) in 4468ms = 0.00MB/s. ~256 total partitions merged to 2.
2020-09-16T02:13:44.563280519Z  INFO  2020-09-16 02:13:44,562 [shard 3] compaction - Compacted 2 sstables to [/var/lib/scylla/data/system_schema/scylla_tables-5d912ff1f7593665b2c88042ab5103dd/mc-335-big-Data.db:level=0, ]. 12571 bytes to 6399 (~50% of original) in 4466ms = 0.00MB/s. ~256 total partitions merged to 1.
2020-09-16T02:13:44.563321490Z  INFO  2020-09-16 02:13:44,562 [shard 3] compaction - Compacted 3 sstables to [/var/lib/scylla/data/dt/source_data-6af6cd50d77b11ea9877000000000001/mc-351-big-Data.db:level=0, ]. 8806504 bytes to 8755695 (~99% of original) in 4466ms = 1.87MB/s. ~384 total partitions merged to 1.
2020-09-16T02:13:44.564512785Z  INFO  2020-09-16 02:13:44,563 [shard 3] compaction - Compacted 3 sstables to [/var/lib/scylla/data/system/compaction_history-b4dbb7b4dc493fb5b3bfce6e434832ca/mc-471-big-Data.db:level=0, ]. 152714 bytes to 108994 (~71% of original) in 4468ms = 0.02MB/s. ~512 total partitions merged to 182.
2020-09-16T02:13:44.690334122Z  INFO  2020-09-16 02:13:44,687 [shard 2] compaction - Compacted 2 sstables to [/var/lib/scylla/data/system_schema/types-5a8b1ca866023f77a0459273d308917a/mc-286-big-Data.db:level=0, ]. 10916 bytes to 5613 (~51% of original) in 4790ms = 0.00MB/s. ~256 total partitions merged to 1.
2020-09-16T02:13:44.691733808Z  INFO  2020-09-16 02:13:44,691 [shard 2] compaction - Compacted 2 sstables to [/var/lib/scylla/data/system_schema/tables-afddfb9dbc1e30688056eed6c302ba09/mc-346-big-Data.db:level=0, ]. 67710 bytes to 59785 (~88% of original) in 4792ms = 0.01MB/s. ~256 total partitions merged to 2.
2020-09-16T02:13:44.692369600Z  INFO  2020-09-16 02:13:44,691 [shard 2] compaction - Compacted 3 sstables to [/var/lib/scylla/data/system_schema/keyspaces-abac5682dea631c5b535b3d6cffd0fb6/mc-390-big-Data.db:level=0, ]. 67315 bytes to 56726 (~84% of original) in 4792ms = 0.01MB/s. ~384 total partitions merged to 2.
2020-09-16T02:13:44.695836688Z  INFO  2020-09-16 02:13:44,695 [shard 2] compaction - Compacted 3 sstables to [/var/lib/scylla/data/system/compaction_history-b4dbb7b4dc493fb5b3bfce6e434832ca/mc-470-big-Data.db:level=0, ]. 126074 bytes to 115374 (~91% of original) in 4792ms = 0.02MB/s. ~512 total partitions merged to 234.
2020-09-16T02:13:44.819312069Z  INFO  2020-09-16 02:13:44,817 [shard 1] compaction - Compacted 2 sstables to [/var/lib/scylla/data/system/local-7ad54392bcdd35a684174e047860b377/mc-1853-big-Data.db:level=0, ]. 18693 bytes to 12278 (~65% of original) in 843ms = 0.01MB/s. ~256 total partitions merged to 1.
2020-09-16T02:13:45.507878699Z  INFO  2020-09-16 02:13:45,507 [shard 3] compaction - Compacting [/var/lib/scylla/data/system/large_cells-ead8bbc5f1463ae19f710b11f9a1d296/mc-51-big-Data.db:level=0, /var/lib/scylla/data/system/large_cells-ead8bbc5f1463ae19f710b11f9a1d296/mc-43-big-Data.db:level=0, /var/lib/scylla/data/system/large_cells-ead8bbc5f1463ae19f710b11f9a1d296/mc-47-big-Data.db:level=0, ]
2020-09-16T02:13:45.508760998Z  INFO  2020-09-16 02:13:45,508 [shard 3] compaction - Compacting [/var/lib/scylla/data/system_schema/keyspaces-abac5682dea631c5b535b3d6cffd0fb6/mc-375-big-Data.db:level=0, /var/lib/scylla/data/system_schema/keyspaces-abac5682dea631c5b535b3d6cffd0fb6/mc-371-big-Data.db:level=0, ]
2020-09-16T02:13:45.509638333Z  INFO  2020-09-16 02:13:45,509 [shard 3] compaction - Compacting [/var/lib/scylla/data/system_schema/types-5a8b1ca866023f77a0459273d308917a/mc-279-big-Data.db:level=0, /var/lib/scylla/data/system_schema/types-5a8b1ca866023f77a0459273d308917a/mc-275-big-Data.db:level=0, ]
2020-09-16T02:13:45.511913356Z  INFO  2020-09-16 02:13:45,509 [shard 3] compaction - Compacting [/var/lib/scylla/data/system_schema/tables-afddfb9dbc1e30688056eed6c302ba09/mc-339-big-Data.db:level=0, /var/lib/scylla/data/system_schema/tables-afddfb9dbc1e30688056eed6c302ba09/mc-335-big-Data.db:level=0, ]
2020-09-16T02:13:45.750426074Z  INFO  2020-09-16 02:13:45,749 [shard 2] compaction - Compacting [/var/lib/scylla/data/system_schema/functions-96489b7980be3e14a70166a0b9159450/mc-322-big-Data.db:level=0, /var/lib/scylla/data/system_schema/functions-96489b7980be3e14a70166a0b9159450/mc-318-big-Data.db:level=0, /var/lib/scylla/data/system_schema/functions-96489b7980be3e14a70166a0b9159450/mc-314-big-Data.db:level=0, ]
2020-09-16T02:13:45.751776979Z  INFO  2020-09-16 02:13:45,751 [shard 2] compaction - Compacting [/var/lib/scylla/data/system_schema/computed_columns-cc7c7069374033c192a4c3de78dbd2c4/mc-326-big-Data.db:level=0, /var/lib/scylla/data/system_schema/computed_columns-cc7c7069374033c192a4c3de78dbd2c4/mc-322-big-Data.db:level=0, ]
2020-09-16T02:13:46.093464921Z  INFO  2020-09-16 02:13:46,092 [shard 3] compaction - Compacted 2 sstables to [/var/lib/scylla/data/system_schema/computed_columns-cc7c7069374033c192a4c3de78dbd2c4/mc-331-big-Data.db:level=0, ]. 17544 bytes to 12459 (~71% of original) in 3240ms = 0.00MB/s. ~256 total partitions merged to 2.
2020-09-16T02:13:46.093529336Z  INFO  2020-09-16 02:13:46,092 [shard 3] compaction - Compacted 3 sstables to [/var/lib/scylla/data/system_schema/view_virtual_columns-08843b6345dc3be29798a0418295cfaa/mc-339-big-Data.db:level=0, ]. 23511 bytes to 12926 (~54% of original) in 3240ms = 0.00MB/s. ~384 total partitions merged to 2.
2020-09-16T02:13:46.094084219Z  INFO  2020-09-16 02:13:46,093 [shard 3] compaction - Compacted 3 sstables to [/var/lib/scylla/data/system_schema/columns-24101c25a2ae3af787c1b40ee1aca33f/mc-399-big-Data.db:level=0, ]. 76170 bytes to 57507 (~75% of original) in 3239ms = 0.02MB/s. ~384 total partitions merged to 4.
2020-09-16T02:13:46.094134733Z  INFO  2020-09-16 02:13:46,093 [shard 3] compaction - Compacted 3 sstables to []. 17055 bytes to 0 (~0% of original) in 1ms = 0.00MB/s. ~384 total partitions merged to 0.
2020-09-16T02:13:46.094604771Z  INFO  2020-09-16 02:13:46,093 [shard 3] compaction - Compacted 3 sstables to [/var/lib/scylla/data/system_schema/triggers-4df70b666b05325195a132b54005fd48/mc-327-big-Data.db:level=0, ]. 16091 bytes to 5679 (~35% of original) in 3241ms = 0.00MB/s. ~384 total partitions merged to 1.
2020-09-16T02:13:46.602823755Z  INFO  2020-09-16 02:13:46,601 [shard 2] compaction - Compacted 3 sstables to [/var/lib/scylla/data/system_schema/view_virtual_columns-08843b6345dc3be29798a0418295cfaa/mc-338-big-Data.db:level=0, ]. 16450 bytes to 5797 (~35% of original) in 3161ms = 0.00MB/s. ~384 total partitions merged to 1.
2020-09-16T02:13:46.602867079Z  INFO  2020-09-16 02:13:46,601 [shard 2] compaction - Compacted 2 sstables to [/var/lib/scylla/data/system_schema/views-9786ac1cdd583201a7cdad556410c985/mc-282-big-Data.db:level=0, ]. 13698 bytes to 7004 (~51% of original) in 3161ms = 0.00MB/s. ~256 total partitions merged to 1.
2020-09-16T02:13:46.605665237Z  INFO  2020-09-16 02:13:46,604 [shard 2] compaction - Compacted 3 sstables to [/var/lib/scylla/data/system/truncated-38c19fd0fb863310a4b70d0cc66628aa/mc-682-big-Data.db:level=0, ]. 167635 bytes to 56246 (~33% of original) in 3162ms = 0.02MB/s. ~384 total partitions merged to 4.
2020-09-16T02:13:46.605716504Z  INFO  2020-09-16 02:13:46,604 [shard 2] compaction - Compacted 3 sstables to [/var/lib/scylla/data/system_schema/columns-24101c25a2ae3af787c1b40ee1aca33f/mc-398-big-Data.db:level=0, ]. 78677 bytes to 61694 (~78% of original) in 3162ms = 0.02MB/s. ~384 total partitions merged to 2.
2020-09-16T02:13:46.846538602Z  INFO  2020-09-16 02:13:46,845 [shard 3] compaction - Compacting [/var/lib/scylla/data/system_schema/aggregates-924c55872e3a345bb10c12f37c1ba895/mc-263-big-Data.db:level=0, /var/lib/scylla/data/system_schema/aggregates-924c55872e3a345bb10c12f37c1ba895/mc-259-big-Data.db:level=0, ]
2020-09-16T02:13:46.848772708Z  INFO  2020-09-16 02:13:46,848 [shard 3] compaction - Compacting [/var/lib/scylla/data/system_schema/views-9786ac1cdd583201a7cdad556410c985/mc-275-big-Data.db:level=0, /var/lib/scylla/data/system_schema/views-9786ac1cdd583201a7cdad556410c985/mc-271-big-Data.db:level=0, ]
2020-09-16T02:13:47.208746185Z  INFO  2020-09-16 02:13:47,208 [shard 2] compaction - Compacting [/var/lib/scylla/data/system_schema/aggregates-924c55872e3a345bb10c12f37c1ba895/mc-266-big-Data.db:level=0, /var/lib/scylla/data/system_schema/aggregates-924c55872e3a345bb10c12f37c1ba895/mc-262-big-Data.db:level=0, ]
2020-09-16T02:13:47.209215826Z  INFO  2020-09-16 02:13:47,208 [shard 2] compaction - Compacting [/var/lib/scylla/data/system_schema/triggers-4df70b666b05325195a132b54005fd48/mc-322-big-Data.db:level=0, /var/lib/scylla/data/system_schema/triggers-4df70b666b05325195a132b54005fd48/mc-318-big-Data.db:level=0, /var/lib/scylla/data/system_schema/triggers-4df70b666b05325195a132b54005fd48/mc-314-big-Data.db:level=0, ]
2020-09-16T02:13:47.696762131Z  INFO  2020-09-16 02:13:47,695 [shard 3] compaction - Compacted 2 sstables to [/var/lib/scylla/data/system_schema/tables-afddfb9dbc1e30688056eed6c302ba09/mc-343-big-Data.db:level=0, ]. 65498 bytes to 56355 (~86% of original) in 1338ms = 0.04MB/s. ~256 total partitions merged to 4.
2020-09-16T02:13:47.697604149Z  INFO  2020-09-16 02:13:47,697 [shard 3] compaction - Compacted 2 sstables to [/var/lib/scylla/data/system_schema/types-5a8b1ca866023f77a0459273d308917a/mc-283-big-Data.db:level=0, ]. 10846 bytes to 5580 (~51% of original) in 1336ms = 0.00MB/s. ~256 total partitions merged to 1.
2020-09-16T02:13:47.697639098Z  INFO  2020-09-16 02:13:47,697 [shard 3] compaction - Compacted 2 sstables to [/var/lib/scylla/data/system_schema/keyspaces-abac5682dea631c5b535b3d6cffd0fb6/mc-379-big-Data.db:level=0, ]. 56453 bytes to 51191 (~90% of original) in 1339ms = 0.04MB/s. ~256 total partitions merged to 4.
2020-09-16T02:13:47.943041435Z  INFO  2020-09-16 02:13:47,942 [shard 2] compaction - Compacted 2 sstables to [/var/lib/scylla/data/system_schema/computed_columns-cc7c7069374033c192a4c3de78dbd2c4/mc-330-big-Data.db:level=0, ]. 10550 bytes to 5430 (~51% of original) in 1456ms = 0.00MB/s. ~256 total partitions merged to 1.
2020-09-16T02:13:47.943558731Z  INFO  2020-09-16 02:13:47,942 [shard 2] compaction - Compacted 3 sstables to [/var/lib/scylla/data/system_schema/functions-96489b7980be3e14a70166a0b9159450/mc-326-big-Data.db:level=0, ]. 16993 bytes to 5978 (~35% of original) in 1458ms = 0.00MB/s. ~384 total partitions merged to 1.
2020-09-16T02:13:48.411720724Z  INFO  2020-09-16 02:13:48,410 [shard 3] compaction - Compacting [/var/lib/scylla/data/system/truncated-38c19fd0fb863310a4b70d0cc66628aa/mc-483-big-Data.db:level=0, /var/lib/scylla/data/system/truncated-38c19fd0fb863310a4b70d0cc66628aa/mc-479-big-Data.db:level=0, /var/lib/scylla/data/system/truncated-38c19fd0fb863310a4b70d0cc66628aa/mc-475-big-Data.db:level=0, ]
2020-09-16T02:13:48.561083782Z  INFO  2020-09-16 02:13:48,560 [shard 2] compaction - Compacting [/var/lib/scylla/data/system_schema/indexes-0feb57ac311f382fba6d9024d305702f/mc-358-big-Data.db:level=0, /var/lib/scylla/data/system_schema/indexes-0feb57ac311f382fba6d9024d305702f/mc-366-big-Data.db:level=0, /var/lib/scylla/data/system_schema/indexes-0feb57ac311f382fba6d9024d305702f/mc-362-big-Data.db:level=0, ]
2020-09-16T02:13:48.987441676Z  INFO  2020-09-16 02:13:48,986 [shard 3] compaction - Compacted 2 sstables to [/var/lib/scylla/data/system_schema/aggregates-924c55872e3a345bb10c12f37c1ba895/mc-267-big-Data.db:level=0, ]. 11062 bytes to 5688 (~51% of original) in 1564ms = 0.00MB/s. ~256 total partitions merged to 1.
2020-09-16T02:13:48.988994730Z  INFO  2020-09-16 02:13:48,988 [shard 3] compaction - Compacted 2 sstables to [/var/lib/scylla/data/system_schema/views-9786ac1cdd583201a7cdad556410c985/mc-279-big-Data.db:level=0, ]. 21046 bytes to 14388 (~68% of original) in 1562ms = 0.01MB/s. ~256 total partitions merged to 2.
2020-09-16T02:13:49.147042793Z  INFO  2020-09-16 02:13:49,146 [shard 2] compaction - Compacted 3 sstables to [/var/lib/scylla/data/system_schema/triggers-4df70b666b05325195a132b54005fd48/mc-326-big-Data.db:level=0, ]. 16195 bytes to 5712 (~35% of original) in 1352ms = 0.00MB/s. ~384 total partitions merged to 1.
2020-09-16T02:13:49.149576220Z  INFO  2020-09-16 02:13:49,149 [shard 2] compaction - Compacted 2 sstables to [/var/lib/scylla/data/system_schema/aggregates-924c55872e3a345bb10c12f37c1ba895/mc-270-big-Data.db:level=0, ]. 11132 bytes to 5721 (~51% of original) in 1352ms = 0.00MB/s. ~256 total partitions merged to 1.
2020-09-16T02:13:49.942933942Z  INFO  2020-09-16 02:13:49,942 [shard 3] compaction - Compacted 3 sstables to [/var/lib/scylla/data/system/truncated-38c19fd0fb863310a4b70d0cc66628aa/mc-487-big-Data.db:level=0, ]. 189000 bytes to 63370 (~33% of original) in 1298ms = 0.05MB/s. ~384 total partitions merged to 2.
2020-09-16T02:13:49.969774064Z  INFO  2020-09-16 02:13:49,969 [shard 2] compaction - Compacted 3 sstables to [/var/lib/scylla/data/system_schema/indexes-0feb57ac311f382fba6d9024d305702f/mc-370-big-Data.db:level=0, ]. 16333 bytes to 5758 (~35% of original) in 1247ms = 0.00MB/s. ~384 total partitions merged to 1.
2020-09-16T02:13:55.546280171Z  INFO  2020-09-16 02:13:55,545 [shard 0] gossip - No gossip backlog; proceeding
2020-09-16T02:13:55.548475799Z  INFO  2020-09-16 02:13:55,547 [shard 0] features - Feature COMPUTED_COLUMNS is enabled
2020-09-16T02:13:55.548516511Z  INFO  2020-09-16 02:13:55,548 [shard 0] features - Feature CORRECT_COUNTER_ORDER is enabled
2020-09-16T02:13:55.548565248Z  INFO  2020-09-16 02:13:55,548 [shard 0] features - Feature CORRECT_NON_COMPOUND_RANGE_TOMBSTONES is enabled
2020-09-16T02:13:55.548583060Z  INFO  2020-09-16 02:13:55,548 [shard 0] features - Feature CORRECT_STATIC_COMPACT_IN_MC is enabled
2020-09-16T02:13:55.548598874Z  INFO  2020-09-16 02:13:55,548 [shard 0] features - Feature COUNTERS is enabled
2020-09-16T02:13:55.548613292Z  INFO  2020-09-16 02:13:55,548 [shard 0] features - Feature DIGEST_INSENSITIVE_TO_EXPIRY is enabled
2020-09-16T02:13:55.549373607Z  INFO  2020-09-16 02:13:55,548 [shard 0] features - Feature DIGEST_MULTIPARTITION_READ is enabled
2020-09-16T02:13:55.549434561Z  INFO  2020-09-16 02:13:55,548 [shard 0] features - Feature HINTED_HANDOFF_SEPARATE_CONNECTION is enabled
2020-09-16T02:13:55.549452909Z  INFO  2020-09-16 02:13:55,548 [shard 0] features - Feature INDEXES is enabled
2020-09-16T02:13:55.549467488Z  INFO  2020-09-16 02:13:55,548 [shard 0] features - Feature LARGE_PARTITIONS is enabled
2020-09-16T02:13:55.549481760Z  INFO  2020-09-16 02:13:55,548 [shard 0] features - Feature LWT is enabled
2020-09-16T02:13:55.549496020Z  INFO  2020-09-16 02:13:55,548 [shard 0] features - Feature MATERIALIZED_VIEWS is enabled
2020-09-16T02:13:55.549530281Z  INFO  2020-09-16 02:13:55,548 [shard 0] features - Feature MC_SSTABLE_FORMAT is enabled
2020-09-16T02:13:55.549545701Z  INFO  2020-09-16 02:13:55,548 [shard 0] features - Feature NONFROZEN_UDTS is enabled
2020-09-16T02:13:55.549559109Z  INFO  2020-09-16 02:13:55,548 [shard 0] features - Feature PER_TABLE_PARTITIONERS is enabled
2020-09-16T02:13:55.549572419Z  INFO  2020-09-16 02:13:55,548 [shard 0] features - Feature RANGE_TOMBSTONES is enabled
2020-09-16T02:13:55.549961793Z  INFO  2020-09-16 02:13:55,548 [shard 0] features - Feature ROLES is enabled
2020-09-16T02:13:55.549989064Z  INFO  2020-09-16 02:13:55,548 [shard 0] features - Feature ROW_LEVEL_REPAIR is enabled
2020-09-16T02:13:55.550003086Z  INFO  2020-09-16 02:13:55,548 [shard 0] features - Feature SCHEMA_TABLES_V3 is enabled
2020-09-16T02:13:55.550016414Z  INFO  2020-09-16 02:13:55,548 [shard 0] features - Feature STREAM_WITH_RPC_STREAM is enabled
2020-09-16T02:13:55.550030168Z  INFO  2020-09-16 02:13:55,548 [shard 0] features - Feature TRUNCATION_TABLE is enabled
2020-09-16T02:13:55.550043879Z  INFO  2020-09-16 02:13:55,548 [shard 0] system_keyspace - Got cluster agreement on truncation table feature. Removing legacy records.
2020-09-16T02:13:55.550057711Z  INFO  2020-09-16 02:13:55,548 [shard 0] features - Feature UNBOUNDED_RANGE_TOMBSTONES is enabled
2020-09-16T02:13:55.550071171Z  INFO  2020-09-16 02:13:55,548 [shard 0] features - Feature VIEW_VIRTUAL_COLUMNS is enabled
2020-09-16T02:13:55.550084451Z  INFO  2020-09-16 02:13:55,548 [shard 0] features - Feature WRITE_FAILURE_REPLY is enabled
2020-09-16T02:13:55.550098170Z  INFO  2020-09-16 02:13:55,548 [shard 0] features - Feature XXHASH is enabled
2020-09-16T02:13:55.551384477Z  INFO  2020-09-16 02:13:55,549 [shard 0] system_keyspace - Legacy records deleted.
2020-09-16T02:13:55.551421895Z  INFO  2020-09-16 02:13:55,550 [shard 0] init - starting system distributed keyspace
2020-09-16T02:13:55.555204251Z  INFO  2020-09-16 02:13:55,554 [shard 0] storage_service - Using saved tokens {943448605036726745, 9061580907506437136, 8957018461898327244, 8813999419995718088, 8775859223532977932, 873311388414975666, 8707696313600310498, 8675978575875245837, 855031166620283245, 8476533345381470087, 8413544620893079714, 8382283044476755854, 7804258889026263620, 778239093056833917, 7732629563319678675, 7564694057214588647, 747840302865059114, 7255484784972643852, 700944770677405149, 7009081579420542256, 7354219953741161264, 6974970471767945112, 6788034976878782500, 667581605220131528, 6496091893897576732, 6478032244021912394, 6420907855788431922, 8777890816944145805, 6381418245203458391, 6358173612251239308, 6302443190184390149, 6115776390551923703, 5906838239532612246, 5890706123786165213, 588034934972968299, 5848278814186320030, 5834675951458569055, 5796254206948921528, -6441145814158460549, 7172238068082229918, -6238625478980828395, -6199824488038647909, -572473923349256348, -5526097868254533829, -5508289632699420366, -6338043935148530859, 4738411181964629022, -5411685484465544274, 5103660925946342563, -5360532551957069796, -5246840897237646542, -8953406550820932827, -511676141100664160, -4872163430844150374, 5153854518462400651, -4829128129506020031, 6818717460470417221, -4735496583611878200, -7913213531410876291, -8612347190400988175, 3361838207769500988, -4770694758141334815, 3533570692245755170, -3014142033706378490, -6648258355715071793, 105268539462240253, 6448269612184381105, 3941245744356891698, -4925670906471950289, -6853270293933441203, -431455211546220291, -4106310081010891923, -4280461110562472301, -4231054370802445643, 4453520694484038438, -5140544052953576706, -7341700934491837716, -4177024142024341044, -2365586676906010085, -4368295386640868227, -6779834804380741154, 7103497347382660592, -471701403720839764, -2187125227394891465, -1593748153114868683, 8325613099551670589, -6017078328443447975, 408961909545308462, -3256341547923989103, 1911454556365012923, -2135119982021577211, -6104126434670973331, -1614584707908969492, -5285270377043925775, 194223785007163967, 3556932048290112968, 4378909036113166689, -2319706609635128471, 782580883702972777, -3880555618453256762, -2879534723161185431, 7469085752185829039, -8001902308657073600, -1522914538603683793, 784130423392421222, -3409621329811667263, -5136236598692180863, -2640475812391264528, 3907413558358164712, -2166731983266837511, -8529251962487546573, -5228242602708342126, -6263078841153087564, -1295419475388780424, 5311755414232655734, -4113405879925637368, 2104079815049743807, -105211415949921556, -1004253484774030395, -6093280019772326743, -1363472444035739717, 7772390126184307669, 3373616921334842984, -3428624778218969630, -4475005699924690030, -1207620414022812792, -4203952547861361192, -4895652206680369668, 5569071124009844993, -2800260328053956713, 1033733984444816800, -1761718599052329021, -6249520955674807415, -6810383749951706976, -2391018463907211455, -3729138346528579520, -3942245253345029362, -1032698423218536378, 2233495137371904435, -1970747149103226319, 2531294222158762011, 4445989245037378795, -2648919406212884980, 800062458669145892, -6586482614645135705, -8855822008500182327, -2076430708060394350, -6127879535600466936, 5017042126534426855, -6767019288334108993, -6985294397658573838, -2605645373691895986, 2542018259596577135, -2699231837109027988, -9132047842757487932, 9066588519930559993, -4601858807243735115, 1470306277250886071, 1688077838521597411, -2700796200994103492, -5656441245782528349, 3822141065635310082, -4415280594152455372, -1709100826419756065, -2732234699235264563, -3101294897153501639, 6933997554702494562, -4541237399207364623, 1251119865371637993, -3280527161887251879, -4007868363884276055, -4134923634748466107, -5595342098352848506, 533209426647054698, 285540986842976874, -4193553788022177878, -7111183380354176443, 7880345233810794046, -7190282066974323895, -7232953798633244985, -7512330892235471280, -889434854029329118, 9122882257136270100, 3909145942678699742, 2870638580126821409, -2685359252619347507, 4540975434217357056, 1912522665107890116, -1474028219808469861, -7767361191227918078, -8495384334141326469, -8024675672634848221, -8352632933072691056, -1084614158625469139, -8372022353883945178, -1171738939209168407, -8485257529464526975, -8549013321787275289, -7405825010257289618, -8694753427154041557, -9173155356561330710, -3164480873853500968, 1172299952227812636, 1535311813904826318, 156312151312654313, 2050968450175517454, 1018091569669202328, 1574734081023094222, 214428871588027420, -5095673126210616552, 2431756818088451524, -1208769590907790735, 3022913469242457337, 2609254198811139442, 5396954320704971060, 284028081363756156, -184157634332906914, 2879924223908633556, 3014475854062098037, 8280511155447462154, 3058186759042775792, 3100842289958262644, -769344519844763244, 3287699046743316011, 7743526815996532326, -7148146405116016542, 352278596429886466, 3606629961194077343, 3840184102447470012, -4623422606623793434, 3924960423780627192, 4660022660859336370, 5401470720317959250, 3979649323160207298, 4037379789709069307, 790424663468033093, 5150907166433009570, 4083460330442256183, 4262233236239091105, 4461207940793579131, 7222389702734437292, 4497639963855891379, 5935809959838255935, 525652295242460822, -9210810031089136649, 3145063885579200582, 5102381975608989830, 5104799485589097680, -467985751191813914, 5122450296475986719, 5256736089695841171, 5341717901052361821, 5441044328235651423, 5661405961885371428, -6303682351633097607, 5704999654143823990}
2020-09-16T02:13:55.577274610Z  INFO  2020-09-16 02:13:55,576 [shard 0] database - Schema version changed to e1b2d478-e5f2-30c4-b994-d93919918df3
2020-09-16T02:13:55.577300570Z  INFO  2020-09-16 02:13:55,576 [shard 0] database - Schema version changed to e1b2d478-e5f2-30c4-b994-d93919918df3
2020-09-16T02:13:55.578597255Z  INFO  2020-09-16 02:13:55,578 [shard 0] database - Schema version changed to 0e03d198-385b-3f36-8c34-c3f5846bbbac
2020-09-16T02:13:56.568189158Z  INFO  2020-09-16 02:13:56,567 [shard 1] compaction - Compacting [/var/lib/scylla/data/system/local-7ad54392bcdd35a684174e047860b377/mc-1857-big-Data.db:level=0, /var/lib/scylla/data/system/local-7ad54392bcdd35a684174e047860b377/mc-1853-big-Data.db:level=0, ]
2020-09-16T02:13:56.574955370Z  INFO  2020-09-16 02:13:56,574 [shard 0] storage_service - Node 10.0.35.12 state jump to normal
2020-09-16T02:13:56.574989533Z  INFO  2020-09-16 02:13:56,574 [shard 0] storage_service - Remove node 10.0.35.12 from pending replacing endpoint
2020-09-16T02:13:57.351099189Z  INFO  2020-09-16 02:13:57,350 [shard 0] storage_service - NORMAL: node is now in normal status
2020-09-16T02:13:57.351166810Z  INFO  2020-09-16 02:13:57,350 [shard 0] cdc - No generation seen during startup.
2020-09-16T02:13:57.353562014Z  INFO  2020-09-16 02:13:57,352 [shard 0] init - starting tracing
2020-09-16T02:13:57.355008114Z  INFO  2020-09-16 02:13:57,354 [shard 0] storage_service - SSTable data integrity checker is disabled.
2020-09-16T02:13:57.355506367Z  INFO  2020-09-16 02:13:57,354 [shard 0] init - starting batchlog manager
2020-09-16T02:13:57.356432157Z  INFO  2020-09-16 02:13:57,355 [shard 0] init - starting load meter
2020-09-16T02:13:57.356456674Z  INFO  2020-09-16 02:13:57,355 [shard 0] init - starting cf cache hit rate calculator
2020-09-16T02:13:57.356773168Z  INFO  2020-09-16 02:13:57,356 [shard 0] init - starting view update backlog broker
2020-09-16T02:13:57.358514931Z  INFO  2020-09-16 02:13:57,357 [shard 0] init - Waiting for gossip to settle before accepting client requests...
2020-09-16T02:13:57.441805118Z  INFO  2020-09-16 02:13:57,440 [shard 1] compaction - Compacted 2 sstables to [/var/lib/scylla/data/system/local-7ad54392bcdd35a684174e047860b377/mc-1865-big-Data.db:level=0, ]. 18357 bytes to 12073 (~65% of original) in 738ms = 0.02MB/s. ~256 total partitions merged to 1.
2020-09-16T02:13:57.442009075Z  INFO  2020-09-16 02:13:57,441 [shard 1] compaction - Compacting [/var/lib/scylla/data/system/local-7ad54392bcdd35a684174e047860b377/mc-1861-big-Data.db:level=0, /var/lib/scylla/data/system/local-7ad54392bcdd35a684174e047860b377/mc-1865-big-Data.db:level=0, ]
2020-09-16T02:13:57.876577984Z  INFO  2020-09-16 02:13:57,875 [shard 1] compaction - Compacted 2 sstables to [/var/lib/scylla/data/system/local-7ad54392bcdd35a684174e047860b377/mc-1869-big-Data.db:level=0, ]. 18172 bytes to 12075 (~66% of original) in 340ms = 0.03MB/s. ~256 total partitions merged to 1.
2020-09-16T02:14:09.359567716Z  INFO  2020-09-16 02:14:09,358 [shard 0] gossip - No gossip backlog; proceeding
2020-09-16T02:14:09.360422753Z  INFO  2020-09-16 02:14:09,359 [shard 0] init - allow replaying hints
2020-09-16T02:14:09.361258000Z  INFO  2020-09-16 02:14:09,360 [shard 0] init - Launching generate_mv_updates for non system tables
2020-09-16T02:14:09.362065762Z  INFO  2020-09-16 02:14:09,361 [shard 0] init - starting the view builder
2020-09-16T02:14:09.722081863Z  INFO  2020-09-16 02:14:09,720 [shard 0] compaction - Compacting [/var/lib/scylla/data/system/truncated-38c19fd0fb863310a4b70d0cc66628aa/mc-856-big-Data.db:level=0, /var/lib/scylla/data/system/truncated-38c19fd0fb863310a4b70d0cc66628aa/mc-852-big-Data.db:level=0, ]
2020-09-16T02:14:09.722122833Z  INFO  2020-09-16 02:14:09,721 [shard 0] init - starting native transport
2020-09-16T02:14:09.723460883Z  INFO  2020-09-16 02:14:09,722 [shard 0] storage_service - Starting listening for CQL clients on 10.0.35.12:9042 (unencrypted)
2020-09-16T02:14:09.725552411Z  INFO  2020-09-16 02:14:09,725 [shard 0] storage_service - Thrift server listening on 10.0.35.12:9160 ...
2020-09-16T02:14:09.726546303Z  INFO  2020-09-16 02:14:09,726 [shard 0] init - serving
2020-09-16T02:14:09.726596384Z  INFO  2020-09-16 02:14:09,726 [shard 0] init - Scylla version 4.1.6-0.20200831.6d9ff622df initialization completed.
2020-09-16T02:14:10.144040338Z  INFO  2020-09-16 02:14:10,143 [shard 0] compaction - Compacted 2 sstables to [/var/lib/scylla/data/system/truncated-38c19fd0fb863310a4b70d0cc66628aa/mc-860-big-Data.db:level=0, ]. 82141 bytes to 76744 (~93% of original) in 346ms = 0.21MB/s. ~256 total partitions merged to 2.
2020-09-16T02:18:39.778054725Z  INFO  2020-09-16 02:18:39,777 [shard 3] compaction - Compacting [/var/lib/scylla/data/system/clients-ca0f635d863036098d93a1fc06f2a5e5/mc-11-big-Data.db:level=0, /var/lib/scylla/data/system/clients-ca0f635d863036098d93a1fc06f2a5e5/mc-7-big-Data.db:level=0, ]
2020-09-16T02:18:40.239808041Z  INFO  2020-09-16 02:18:40,239 [shard 3] compaction - Compacted 2 sstables to [/var/lib/scylla/data/system/clients-ca0f635d863036098d93a1fc06f2a5e5/mc-15-big-Data.db:level=0, ]. 97792 bytes to 6997 (~7% of original) in 385ms = 0.02MB/s. ~256 total partitions merged to 1.
2020-09-16T02:18:49.296456135Z  INFO  2020-09-16 02:18:49,296 [shard 3] compaction - Compacting [/var/lib/scylla/data/system/clients-ca0f635d863036098d93a1fc06f2a5e5/mc-15-big-Data.db:level=0, /var/lib/scylla/data/system/clients-ca0f635d863036098d93a1fc06f2a5e5/mc-19-big-Data.db:level=0, ]
2020-09-16T02:18:49.926387048Z  INFO  2020-09-16 02:18:49,925 [shard 3] compaction - Compacted 2 sstables to [/var/lib/scylla/data/system/clients-ca0f635d863036098d93a1fc06f2a5e5/mc-23-big-Data.db:level=0, ]. 56023 bytes to 5875 (~10% of original) in 510ms = 0.01MB/s. ~256 total partitions merged to 1.
