2020-09-12T20:45:49.788714846Z 0 tPHpOHob1gR8ZHM4m1XDGh8gCuRaQePZcHwrjgBBHNUy0F5omZ63FNHmQ3AgxE
2020-09-12T20:45:49.816568641Z 1 aJwNKJHgelcfaieNTJ5E8AcQzPBzIDRS7Z8PifxU5STQgTpkytWpGuE0Kbtpg0
2020-09-12T20:45:49.844506115Z 2 1jqYSCYAy0ZlaRrG2ZKPIabTEyuLgW8qIJDawJOp3YXsk3CVIA08JyOigQUIXP
2020-09-12T20:45:49.869927261Z 3 TXufsxtOwIClmxtUNk2QqL3RKU5tPtZwqpYSveRTluKHWyVbeYdVqvG5qyE0Qb
2020-09-12T20:45:49.896679724Z 4 zIOmrbajJu7HrvcDbtyuqNWysQeKpKV33eUmC9Lf0G22nUeFtEhatykE8Oy0Ul
2020-09-12T20:45:49.922888140Z 5 G3peWulhCS51NbPRhEQpbCkuAtGt5IxOb1o3ip5UuQHgviugz6TgcaKDvxAIrO
2020-09-12T20:45:49.949315445Z 6 iTWdD7O0FTpR7o6wHEbOjzavG8fGJppjr9gcnCkZgD5uznM3sAi6vClzpyNdWV
2020-09-12T20:45:49.975723686Z 7 Bxm1GpJb3AdElQCQVMT7gxlBCQVT0uz7YBfVOcB1rPAXCAxzVoQP0h6lVv4llY
2020-09-12T20:45:50.001940813Z 8 nvW2NnvMOW4kBJAzhqyau7uhy3KVFIcIDmMSg2HVSLycDydox6wbe0ki7ckfJa
2020-09-12T20:45:50.029111640Z 9 diTIdJAbhvK02O1IxnQc4sYtVTVuCwavm7fUaBVtGsnpvjaMzqxFG0HhJQ5lZF
2020-09-12T20:45:50.055314826Z 10 V7OX0LA8r3tRnIs74Ii2h66FmtyhzavhbJPlNhCB75lIbuFTYZePdwblst7BR
2020-09-12T20:45:50.080921535Z 11 ZzVrv2rZKJ8tyjuj1el0pCAmPTmE9yaRSKogoi0ptVbq6LOo4P7vsMsY3O545
2020-09-12T20:45:50.107031453Z 12 xwh1GwcKfEFQNwZ7eFCy7ySK1U5mvMBuToeb3ieirC4uofrCc7wwHHSW9Qx1O
2020-09-12T20:45:50.133528291Z 13 OfQ5V6ljdJCtvTRBTCZYasEIz7ZRT2uh6uyg5SkcSnHkGP0YZHUPAfhCYOAUl
2020-09-12T20:45:50.159465568Z 14 iJyyXW7DqMSWcDO3tblM7dLxPCzxvXQNx55CF99F5GwiM9HG50ptHFrqqGWjJ
2020-09-12T20:45:50.185581403Z 15 cwU1nhUSFo8fBrXyu7vfV1rh0wvkk48fxfUyveseFvbXXQEOCxe9n8d2ogPSc
2020-09-12T20:45:50.212356882Z 16 wHQHzSMB67qNzokxBFpg3zqsAQFNOk3C9caq1WyBdKDB61OlPZe370DPpyL67
2020-09-12T20:45:50.238343447Z 17 ITdxanbSaTnpC4J4WjzTJ1OZSjKNyvaeBOAQsPsiwgLY8O36QrsF9p3Oof5FK
2020-09-12T20:45:50.265156024Z 18 4gsxAMUY1uavEPwvPl8KBMh2AVCc72WVJEs1ExC9kTDr1VydCNIiJEuySxyX8
2020-09-12T20:45:50.291551579Z 19 HrmU5FRkqP35PqOnckQuH6zWRbdyWuc66yzK3VWSco3trmMAJQbMKQZ7qRcRQ
2020-09-12T20:45:50.319028097Z 20 Ih4M7Ww4XFYowDOHY7lEAT01dA2BpACh76iuKvD3ZUqI7EpJuKBCUrfrUYeVQ
2020-09-12T20:45:50.345604236Z 21 ashAQWrP5P1G5CoUAy9ZdbilbKiD8mK083GH9WcIyJd3JytfxHnnSnNNnVDcw
2020-09-12T20:45:50.371542475Z 22 tje0ijK9BOoY1zFqzGJcHbukOveuVgY8P6gpkkqiX7N75ZuoxKbPFCtbcdfRc
2020-09-12T20:45:50.398246055Z 23 kBMZ7ZdTqC9qVzGfoiQEyobfOdZZx41YWZGkjmWPzh0pkn24FzEZ1x4RHoSnq
2020-09-12T20:45:50.424272982Z 24 q8xu0cKyrxPJMTZHPv7baQkaiDKMyu4IJp02mQ4hvBNkfSF3sonMz1gXtbNd2
2020-09-12T20:45:50.449998623Z 25 SU1CS9qBWxRPW4MMK3UN6OhlAJrph1I8k4CJo8YSfm7GtjyP2AnIPKO8FFUAf
2020-09-12T20:45:50.476523471Z 26 6UKQrro354mTi9FDXZAHmFCdtmMZzC9MJCzptm4Iq2mo0IL9321Xth6i2J7YB
2020-09-12T20:45:50.501960141Z 27 bCNMTKdpEEyiQjQrlscxot4WHS3fdjuEwet5n7KgtveXlG2nTNKhChCfudDdC
2020-09-12T20:45:50.528228203Z 28 OEr1r2pHFfU2m58JFfjpVk3IRJp65scEgiReby9OAIRCTrt6VCDvDObf9vrXk
2020-09-12T20:45:50.554744606Z 29 F1btVTfDyLtxKNBmkM5DXIM5vdeIasODApC79ORHXwNrQmWDQCkPxzHOQeS4f
2020-09-12T20:45:50.581223957Z 30 iBEW3SZZVPw13OY3KOAxwhlBxvns4gyZ0llQbjRK0LVF9mpz1lSQ4CYhxWcFd
2020-09-12T20:45:50.608776377Z 31 d0ObfoS8STAZYaD3W0MgpljJ9iSysYV3UsdqTO4EpV8mXvN5bRS1HFbNN4wRZ
2020-09-12T20:45:50.635065258Z 32 vAEaRhIhAaQbn8TS85Ns3k3zIAoasmfyzUNiQbj4nIWOt80Nok9FY9ZDKPcsd
2020-09-12T20:45:50.661049508Z 33 7jep6KCty82dFz9TJ7AmcJ9n6POy9aVB0yWBCMObVUvSBLe3a1uPraKTMP4u7
2020-09-12T20:45:50.686946228Z 34 PeHrMYeFgUDImEr6KsWpOs5RF3oZY361UmDx8Vgqy12051eWoyvjEgJ6D3dp0
2020-09-12T20:45:50.712912135Z 35 yZHSkPCkxWID5MJqDnbIrMRr1I8Tdkl1gMSdgBk77UGiymRCXNVIyFKiHh5lF
2020-09-12T20:45:50.738916913Z 36 5QBknVYUUeD1MYUXnjHGkaRqKNanJ1eERiPu8r1TI33ZnURv2A2inOkU6EanD
2020-09-12T20:45:50.765128898Z 37 lWsEEzVwskJNjelYBLvdGPTQ4SAjLSqFD2FUVZyGiUdG1A4ipUI0CmUz2BTVM
2020-09-12T20:45:50.791346448Z 38 AqIsOdvNsbWDfRtPtIZvOh2fXBpT8JB4abijeU2AHT81oh0SjJbCYLVhIa8r1
2020-09-12T20:45:50.817081042Z 39 jfnCNAQm0ZqfLtvFQiqGiWQMs6fJR4GYe6how06D6hlbvMUhpPvZB9ngdS5sc
2020-09-12T20:45:50.842832742Z 40 byBC6Hgfvn5YCfpfR6Juk5YSopfVKlxcvHQ7GDfuSvRhaZj7EiCVbEASzdT1k
2020-09-12T20:45:50.869003354Z 41 OAXxAiYS3xm9EhDt09Np1E42GAtQ5aKsaSerdYg31NN5XhhhOMuuPvfIYhcjp
2020-09-12T20:45:50.898062871Z 42 b7HID1SYPidMQL75pTOH7mpv7jL5iP01S4Iz7wrBLoURJG7Q17UJJWTTZJdk1
2020-09-12T20:45:50.923725551Z 43 hrRKV7b4tjyuAuNCOGhAbJnkTOfq1UtvaAS27dSD7PMZ9Q7Tx65f4PUv1Erf9
2020-09-12T20:45:50.950723705Z 44 h39BjZB0uoeaxvuHzADbtCeo6CnPUMsIyRPI11w6ax43KhtgJlfRjsfSOBt8x
2020-09-12T20:45:50.977156028Z 45 yyVmXqp5btEW0SoRrPWc6gODLLhACz0axR1xlLYqdr9bStj8OScSBgzjbQiDH
2020-09-12T20:45:51.003403477Z 46 NK5PjmZshFUipdQnhnW0bQ0isRHh65pntD93MHvdlxgbAwNPwBuXu3Pdadt87
2020-09-12T20:45:51.031149057Z 47 IbRCKoGL5p0CTep8J4hT7cj8bBffHpvYvQNzGkov4tFG3DdPhr4uINqBikD8f
2020-09-12T20:45:51.056782112Z 48 xcqzUgTCEtZzR5CZCUZL0bDGxqfE7SPYSoY15n94t7lQvhMpzXn6u0x0NDn53
2020-09-12T20:45:51.083388184Z 49 FYRcnrk0RbyxD3P4tYKoWS5D7vx37Sp8raE2SDyXP3iPsfMAaDsl1G03HbG1r
2020-09-12T20:45:51.109878836Z 50 0eBTmzMFogHZ3C7qGu2NLQPNGkU7xrhQ3zpYs4G7yilB3UOgyx2gIl3UhWyko
2020-09-12T20:45:51.136687225Z 51 3SA0OCPnWgyUQ5YLMvQ9ELeEfHGiOe3VrjpCXm1jQJGkYGCNlZVZsKTI0AW6g
2020-09-12T20:45:51.163629346Z 52 Bc14mp5YxrUJTKcpZI0UbOiXcWJGeYjsqZxICmu4UwVvsPQujU34Fz5QZ5CCd
2020-09-12T20:45:51.190487508Z 53 f8pcmnV9HtgvBTe5IcrbzoXFTVKnJRWbV2iYhH2b2fhAnn2la9eEfhXfUIt81
2020-09-12T20:45:51.216535202Z 54 PnbjKpQlPDQASbUBjk4zEtKmO1KnUhTbkTQgd2IqbV5M0lijQDIzkQBb2EhDM
2020-09-12T20:45:51.243368787Z 55 U4EVhbZ8crR7jWHHWUNLSRqhDadwo2Ez3goRdkCYQQ9DJdMHs1vhWVl0jfr4x
2020-09-12T20:45:51.270634011Z 56 hPCF59A13uzC6Mn7TCAaeOWHHaeS8yiGI5deUGXYO0cUZzBCIYcFDsVVhi0sz
2020-09-12T20:45:51.297156316Z 57 kKbmIHyrIVaOpHhSPVzdDvBK1eXGnzSeguY8MhyDOtwvxPzY0Cf2h9GCjjirT
2020-09-12T20:45:51.323478335Z 58 jBNcpbMIq3Q6UMuvNyBXwGOUmh6m03fChqpQevPUCMvnEK7Lhc67VTDMnBC7x
2020-09-12T20:45:51.349871372Z 59 Qqq72XZD1FG06VjRYtHdytCIpmsZkd0LsJP8rBLmyINRHkiNmak9kEtcDeBcd
2020-09-12T20:45:51.376621309Z 60 sMcddk6CUHNZhXMx0rcjoQRJPnh9YfieVjbMVnGtQdgw6k6r9IdbXTq3S148Z
2020-09-12T20:45:51.403508980Z 61 5ZNhYDD1dvt7DtFQ1G5icIE7ujvDX5Ov6ulHDFmy8HEFXp3cEPQMl31ZT6BKd
2020-09-12T20:45:51.430227272Z 62 xxsflA84Or6ztSWREcERgt4gjnfJ5exWj4P5MV1722s79AT0GXybhYa3D9bGF
2020-09-12T20:45:51.456255684Z 63 ZaWbgmpqlNGDjZxgMP8rRzQxrZcEKWdqgeg5r5h5He7kYic3om0faeKDhVLff
2020-09-12T20:45:51.483399791Z 64 ceX1s3hSPmqRkMFFhMn9euEbdjb9o3A6TfFZcCRtRgfvaQPyWbUei4Ug4bNOr
2020-09-12T20:45:51.508944988Z 65 0wGMLedEqpP0wwxUVkU1zPzDjAkgwPVHHTj9YUFeU2hU8lG0UpvZ3GE4oBxXy
2020-09-12T20:45:51.535343965Z 66 rNo2ZgJJV7Fhc8jxWi8o43RrgOnEiQtLnUQbzv6oiHySIZHw2PJzK0pyyNYsZ
2020-09-12T20:45:51.561800266Z 67 bF7Lecs74cC6FrJ9xrDLQjOJv6EvReSi2h9zbxAM8FoCwlDvlwOyLAgLJp6xi
2020-09-12T20:45:51.589036931Z 68 ihk8Er1ITQnrzyXsvmmSwOXipdIFpg5eUkdqEkBQ9w848LzJYsUtrtV8zul8M
2020-09-12T20:45:51.614984739Z 69 34hAkytLHdZx39T6wJrt3bXrRoSwtb8q9JB9dVueZM1GPZM8z5qRrXpdbFlWn
2020-09-12T20:45:51.642840330Z 70 RMzLTHpHsdahIHe5eOzyKbi15ROr5VUvWcZbV6hsF7eJOa20A5qGIVuQaEz6H
2020-09-12T20:45:51.669505017Z 71 Hlcy1vGVjM5ZW5tg0t0K32HWsqgqBjpG4oLUjuBZtyzBmf0Cu2PWyFrv0XZ24
2020-09-12T20:45:51.695861110Z 72 bpEnnOI0u7AzhTaduDlh2vW4ggRpl8g0mLwMrkotEUFWTFwf0qMx3GoGJHc7Z
2020-09-12T20:45:51.722952750Z 73 x8fh5lgu1zO5ozBuwfQnUe6iCsRBDqVmmzBUnaW7KQ9PuUN366uKZ373cNKQv
2020-09-12T20:45:51.749577471Z 74 uOVA7qnDzZq6liL1AI4cHXswNAAlhVL2XN3C5fzfhDgV2lzRgS3cmx6d6SQvy
2020-09-12T20:45:51.776162508Z 75 KrLtGamwq4HH8lesjF7Bo51DbElivbMdG1RjW5at69uOhBj26B2ed8LyBEUqk
2020-09-12T20:45:51.801989440Z 76 tRXMvLchHIo1D5VUFTGmWtPN1gROYQhimxoOLrnDBRNqg7oGIcRu1nAPH29pq
2020-09-12T20:45:51.828227416Z 77 c5LKeH5hgbYDnkqqGyAosF0joK7UfXL1YEhHy5ZpBxdTwNyDAetgEhwblgBk9
2020-09-12T20:45:51.854881704Z 78 s4CaWBqYXEO2l5Q4qKTEzBNVWK5ZMKEDW5rxLNSQG6UkVtIBpzTWf5hbT6GPL
2020-09-12T20:45:51.881626702Z 79 Y7enOHOnNT5kezo7CRavfYPG1Loutowd2azl3nrlUVLTqIlJvAzfjvtEs0lE8
2020-09-12T20:45:51.907854596Z 80 AZl38X63QMZTs2Sc7UdbYBTuA08qiFn5qenYa2DzdO5f2AnzHOSofe50Qyv7B
2020-09-12T20:45:51.934411130Z 81 mdQZeFjZDJGucZGMsgLyBiBNQHrq5kk6M5yv6OGrWqWIgIspKoQFnMw80VWrr
2020-09-12T20:45:51.959840131Z 82 feTYc2vENQ5YkalSaHIJaqWPxTDJHCkeqOlSmqqL0aIgbCUTwxjf5dkbVVQov
2020-09-12T20:45:51.986694364Z 83 m0SAnCX3BKGV5D70cXHvmDB1CuAtB3W7D8CwLO2v7qfU7obIFrSlrM8FrZE9x
2020-09-12T20:45:52.012165598Z 84 7VdbWmwdbwIEkPXypW3Uv5NKumzcmN6llQpbLWyTVRX1IyqNbRJYN9ZWw8dCx
2020-09-12T20:45:52.038761784Z 85 kMtdQ3BcmwvM9zJvr3U9ODBO2XWMcvGOBpM0YTepUDQvBj80UtRSSlfvXAfDP
2020-09-12T20:45:52.065047933Z 86 5KYNxxgQJl7XD4ABso8TIp9MSXde3JvGiYeEMfnUlFyH7cacZgvIKo1fYDhTD
2020-09-12T20:45:52.091541199Z 87 C9oVO6tjjhECP0ztEPFziH8Ak9ybpdwlSkMShQ8tMS0MuPX2cR05lH3Q8SHtt
2020-09-12T20:45:52.119040953Z 88 gLFszDcY48UVNcMMJHQ2weCYfVDcyWyjX5GbRNHRSsAwBsXJIqluDADbYGJ0r
2020-09-12T20:45:52.145012904Z 89 O1H4qN2tfWiZ4FfzNf4pk6Bli6ZFnwuj8zxf3GGjCpKR4LgoLeKgK4OgUPU0l
2020-09-12T20:45:52.171670461Z 90 uN5TANyMJpgfQaqEr3NmnpENFsGMXJnZRV2V2ZpwkIi9sjW7n5Q1q7FhHorBM
2020-09-12T20:45:52.197636788Z 91 ZgRbB6pz43sif4CchcsVUJ7mPYM3OzIoBMSEzCz4O1ixv7h1Ztr8BX1q8ptDS
2020-09-12T20:45:52.224067430Z 92 UedY5HIoMLcONFkyATPOVa4Vy06onVNQuDBHGVOmXPff7Fg4EPfnqaOBaiV9T
2020-09-12T20:45:52.250728756Z 93 ERKJ4JbhIleBMaYDwIYCXnaMNEcM8WtTWmePaPvhZNXmjnSLdAGUhxurhC5kd
2020-09-12T20:45:52.275837374Z 94 By5bvLiKOQqMViSlR5SuV7744PXWe97PnooI2fQLEDoTtY4RF2MEf0YjDdnhN
2020-09-12T20:45:52.301985129Z 95 g6KLXOrdoVX9jjKrY47aMazJv1OpRcgmSLmUNHqLhLN4gtvvlIoIxQZrg0ZEA
2020-09-12T20:45:52.327959485Z 96 60SdHnIoJN2ob2uPdrNsNhoO8OLrOwKxiIKhUG18GI5LJaP6VtOL0lepBILzN
2020-09-12T20:45:52.354389795Z 97 huEj3jzyP4GiHdzTsCAPj29T6LYofaxqsaKERcsn1oXx9hFPIYsnPLK09UmU8
2020-09-12T20:45:52.381019478Z 98 XWp6jc4aiHHvVDOWtA06SwWOxLe8Bm2EbfepARfcH0O7nwXyFonIPMnHa010I
2020-09-12T20:45:52.407427741Z 99 twaRouB3rtUcsTtEs4kzUADHdq1mR0ISiIChjSN7zCoEhI2MM4cJxVcHCjaDk
2020-09-12T20:45:52.433021960Z 100 dgIHmkpQxUvxTH3eljjYlPadJC83pErmJzaL4W3c9I14q6Q5b8T6GUsb0kFJ
2020-09-12T20:45:52.459052492Z 101 4P9IvzKNdYTof73k1BK3AyNyw5bzDZpm1Lu6U7WGMitiRpGi42QZHe0GFkHI
2020-09-12T20:45:52.485675289Z 102 y4LbNTwrQt8Pdgqb3f2eKFTZR2KcfmEyKUSqizzFUSc0YnFHYOBhe5ZKTSnq
2020-09-12T20:45:52.512023971Z 103 aEXbDYRFgb8mEeKjJs1o8uTuEdvU5CAHnsdHuhQRWdNQ6pLRQQ9iV1e023Di
2020-09-12T20:45:52.538520747Z 104 QQBxCm1px0wuRXCVhW8FCHHcPo1EXl6qBj7ledqTRUkIAhpalSv83ndsL5AM
2020-09-12T20:45:52.564484429Z 105 y3bjDPV723c8NRpUsrXYmkVmLRSGxzResPzI2bRpyrCZcs5zjx6UtuaBN52f
2020-09-12T20:45:52.590423848Z 106 8MRDXcyyKrqNZujTapnGBhLyiBHp3YJOy44xhhmoZ7PZeDHy8thh2GyJb8uL
2020-09-12T20:45:52.615965826Z 107 AGDUXLFuarvi8yEZPm0HKwkpcjZiKZpoC7SJcloHM3Hf6Dhqj44g4vYZssgP
2020-09-12T20:45:52.642167344Z 108 3TgeMrJ94kWrX7XdZrMOJzEyTLN9cEjmb18zVMLxCC2iR0DqZWCfbjmmma0g
2020-09-12T20:45:52.668861513Z 109 mU2sNsOEX0mLSSZpZaCcvaWVIYomUAiHGfykBwY7tjqvK9wpq9qrFkJ3zSA8
2020-09-12T20:45:52.695292023Z 110 Fzq4liU9GyoOeIdh3WhUxJabwW9LB12nNtA7LP8e05POy4EQBCFIFPY38NG0
2020-09-12T20:45:52.721156697Z 111 4n5nVmosdn0UIB7ePBb6zr3LZQTCn4JLQ26a39TjLBre0ohSTUGLiUTrKq6I
2020-09-12T20:45:52.746982544Z 112 jmSxrtld2ogXbDvGdq0tqexuIp8yIc2qYuAcirj777wTGheJQJM2DQtncfwg
2020-09-12T20:45:52.773367789Z 113 IA0u0goCLoBqslIdlxicnqsCcZJk5Bj0E3YPVvrUaySOKMopgGKUHheuonCD
2020-09-12T20:45:52.800678753Z 114 z99Bu0lovjYfr0jQ8vRccSJmf3O7Og3kJcbp96a4JQGDAEvBZGBKzx91LuPq
2020-09-12T20:45:52.827384171Z 115 GZPBnw3USng3Tt31Jx2l03pxYdWnzFac8YeadxZ9kd8XurdLeOjKkrWkYcX0
2020-09-12T20:45:52.853420228Z 116 G5tcLtYLy3yyu2JOFccuZYlLgRHmzqnc2vZVP36EHtbKscE3Fo44tQhiT2S6
2020-09-12T20:45:52.878705038Z 117 HdIuUU88bQeQ0EJWxexu7wfQIuUlzTJqi0xyprdSiTO7fIPU9TTchifOL831
2020-09-12T20:45:52.905110187Z 118 1dbeirGfb3wpcvqA9OWX2WPyjLLX95sp9NGiOe2RA7MPDX1jSVJj7byRRvf6
2020-09-12T20:45:52.931448871Z 119 GEqO0Sm4UUawWFZyuUijBkfmYEP4yVjzNTXt8B9YbYsF2w2SAMbgGFdXZEzU
2020-09-12T20:45:52.958563239Z 120 s23JoK0JhUDgBgdwkiy4FQlToxkeHprai0XM4HcF1F4WRfEvFe0SCLIayem3
2020-09-12T20:45:52.985157287Z 121 Lpf5ySXh7zhYuOt1ZVuMBBg1Z5qzYG5yqYwch92QirCJoNyUOsmMJV9rwduN
2020-09-12T20:45:53.011259759Z 122 41P0W2Z0WQ4zkzyhJklz4e4iO33CPJdJePo2aQApWrXl9k8CleQ08Yk6wr7g
2020-09-12T20:45:53.037158103Z 123 ww2suMW9jph4keajH54OiKngy3Nxb3fCyEfY4ASHEhE3bBHV0g3ktT5Fjibp
2020-09-12T20:45:53.063404178Z 124 O3afmfjXzC9Nf1zj9aHtNS5T5KS8qEIFOg58ueIrGRJvbaFQA1PSJQh9ikap
2020-09-12T20:45:53.088774083Z 125 JOQmqnKRKpZU3tTqgXE5hCRiDOVbS9cDj0oglbg7Xgmhv7H1zdDCuygyHDKY
2020-09-12T20:45:53.115116591Z 126 BihpMjvihyk4Q0FgfeWUySjWDU9UdonMM3EEgn66WGYxYxYSwR80OIwE9bnL
2020-09-12T20:45:53.141162912Z 127 jtqPVP4iSKLTPsaG9AzTXBy7bgouvFkPRoXUO8QpDkbYrU3w7m4XYynINVs5
2020-09-12T20:45:53.167132726Z 128 GLXTLInGjzuD2keqsF9W6dHg5EOLG81rqiDgV07Knpm4sha9qPTotfkTjxlJ
2020-09-12T20:45:53.193980346Z 129 1TYwswUQb200XFeYIIWx4RM9p4KaqxWfZLbtsQB30kGOl47bAKs1DoFEdLGt
2020-09-12T20:45:53.220930066Z 130 uV04JCGPSNKJajNA3XjGUHv3PCPUHQRuD6gtJoeB3hfIHAWULmoZxljTzEJr
2020-09-12T20:45:53.245821233Z 131 f2vx1LH2XMe0aEmPwhQm7OAOhc2B5zGAA9baWePzYgXDPm5i3W3ZzjnsDZ1x
2020-09-12T20:45:53.272638350Z 132 YXKgDhhplwKXleSEKLpZZe1s8y7m8DdQmiyf1wNuyrbcY0ugDA2Xo4rIWBFF
2020-09-12T20:45:53.297764258Z 133 Lzp0lCJpUNMfE4LKCfKYvHsI4RlCpksIOLo4qE6qOnCcXdTHzwvB083t3wv8
2020-09-12T20:45:53.324525490Z 134 T0hP3saYQaLOq0OB34i3A4e8SmldKxQd0UEgCz1cGD3K0UQfA9Sb7TzYZxt4
2020-09-12T20:45:53.350459588Z 135 tRwF7L3mPuFYG22VJF0xoiYDh3D6Zd0Uy7Tg6Ha1ag1zXJl7Nujf5KYiUdLu
2020-09-12T20:45:53.376270167Z 136 2kg9OHqqxtnez0cIvCamlGhEG7aOo0BUgI3XKSaljbun3ADTP6iCBR3jYU38
2020-09-12T20:45:53.403041303Z 137 FY7swz3gFu9rcKtKmkkqESFJ10ueTPAQYJdgzjygraM1XMjHZsBK8UPYC6p2
2020-09-12T20:45:53.429428814Z 138 cqkizCyroEICUbgFVLcC25YT6mhOXgnwi2nSeV9ZGg86y36aHqH1FGjIR0LA
2020-09-12T20:45:53.456037973Z 139 klRJUd2D5HPVMmusLoPVKUFwMrgEG8lLaBLpDettw6Rh97sVAlR8q7visaLX
2020-09-12T20:45:53.482233858Z 140 saMMBzkZB0oTZTckal6i3qrPr5xNV4ljJD7NPR7VL5x7WkRSLtIEUrDBdr0l
2020-09-12T20:45:53.508242368Z 141 K7MTIuhkHKXH1eKrbhwMWAHGt1HQO6wZgkQFaBmDpAjKwAz8IeoEcyeiGdZm
2020-09-12T20:45:53.533982090Z 142 o2LmDcONMGLMcbGtPYKPTijyNVxNyxxklA2k5qKTzgclsGDcFweQyu1DAZ9n
2020-09-12T20:45:53.559716477Z 143 8ryDMMNc6rjAg8woVfaabtWvMoSdAbX5DUMeEw07bZuN7uqvByG0vzGXO4Em
2020-09-12T20:45:53.586220054Z 144 QbE3dW66MNvJWMXzy2EngOROfu8RQHbFjTDnxPP5rlw8pXN5G2ev33szypm1
2020-09-12T20:45:53.612110359Z 145 kqNyFbqJuqArBpnTLrn2pi8DTdkREDsbOOnn6Avod53iGUN8BOdvM0p3AB2b
2020-09-12T20:45:53.638225947Z 146 pCChmG1o9dajTrHAu8t2Sarcb0sK82qtAKfNQZDPQD2r48rMysGFO8Py9hQ6
2020-09-12T20:45:53.664512069Z 147 us54GgA5P9UgFbw7JnC1ba70vviJZfzeoY7OHCk2XLRhFOG4j4rhz1n1hd4T
2020-09-12T20:45:53.690374806Z 148 JYULPqEbZoBbOJsQCs7EsbHrL45lr85Qm39rEVbEWIGuiSeDs792DrqhqXmt
2020-09-12T20:45:53.716243134Z 149 7LOQm17I4tTzbFpMPAx6V257GjI7wF53Q82LCJ9fjwLSDlyhCTBkXkjk8ptG
2020-09-12T20:45:53.742638710Z 150 tRrrjCQWlyyQdcJmOeUqgang0CxXMoynepzN2GxtLrqOl81UCK0sxEVxwH5R
2020-09-12T20:45:53.768155532Z 151 cclqHLYGYy2QCpxImWc8zl4TZBt6GLABDYjzkewNxeh2eUVN9e8zPSzwSdvw
2020-09-12T20:45:53.794255391Z 152 JemmiPNHjOmHSxeGClpVDqjThNt4eDPOqqQyDUaokXLlcQfhw1ZbvIMYOGUK
2020-09-12T20:45:53.820239679Z 153 slADqgkLQAucNEhT1TO2Spccw32jSBvnm8UYL81Cl7gf1212RnBGwARo4IHX
2020-09-12T20:45:53.846042878Z 154 ENUooOhvTO0j5iZPxWMLG1irX7mHtviEWQiBFKiAuDysqfLjn1NVmI51JHWz
2020-09-12T20:45:53.872681489Z 155 qL8kcwxFrRolvwgVrzOkpK9Dh9XyhFt7rBE4xKZjH3U7NWVWUGXmeU93kcq7
2020-09-12T20:45:53.899112594Z 156 C7AsOyyiYFMrt7kyRoSUNgt819WsUrsQdMRUmOMeTQKTApD0uF469d4lvAB4
2020-09-12T20:45:53.925250754Z 157 XFBJyZliaHjv5jlnjw1HxgUu04mpoJUn9qz0mDeUDsnLc291wAunrd3FeKFM
2020-09-12T20:45:53.951258724Z 158 SjxgUjd7MlGLlFi130Z7njvHGA8b8QBjCz2NIZjAGb5TgVybIh6p5mKanuno
2020-09-12T20:45:53.976794988Z 159 sErUbl3F86ahXI4ij9zrcmOXKOJQ4ZTv49d2cYGBQWM50o9qOTgsLfSbFLDE
2020-09-12T20:45:54.003286752Z 160 7XPNEBXoZXZ3BW0MlD0tSdy3ArEskZgPAFNLBhAHMfCr05g49nVGYgC7WpHB
2020-09-12T20:45:54.029305094Z 161 tTC5JBH7wKBL5pQRpHQZa87zKvWZxJ8yHhALambxBMoQ7PoN0sQ10frXZxnK
2020-09-12T20:45:54.056495291Z 162 soseyedMxqZZ9wzXwKVcL64mFjOa2HG9Dwm0WEaXO1AfOGpWWOPjb5Ygsr8D
2020-09-12T20:45:54.083070832Z 163 kWS4K8Zog1oeaKjo07n6JG7oUdfIp5wlAkGgrl9jl5pq9FbnJY694JAYCB09
2020-09-12T20:45:54.109671092Z 164 ITEXHSL83BoL7IdjBOZAp9M1Nps1oT6LZcDj9zXHS5paiWQGxh4OfUWKTLZr
2020-09-12T20:45:54.137313746Z 165 FOBu1NDJAgCkuDx1KSvow2V6hdxQNDN3BwBfpAE2H7UXiIkmdIEldd1HoHRJ
2020-09-12T20:45:54.164290937Z 166 UMcsgY6duQ56yt8lMZqcqVjaNj5XR32xqegvS5KF8hKfNWbYv03MX6mjcI90
2020-09-12T20:45:54.191153690Z 167 REbXHkx7F2EYaEMS58Cit9b6puhUDAKBjX7gGDUQ7Umm7DJ0KJEazo3GZrln
2020-09-12T20:45:54.217767550Z 168 HZwqnPpQZfLkA5lYlzr6pNjmm8zYgDW1Kd51RpxMZOTpvXQDbi74c136JKuJ
2020-09-12T20:45:54.244450165Z 169 yY4ygEHCTmjcqpMzh7vcvj6Zpdy0gXI6IxCTpyLbwS16TxckETlXzLmh3Q1q
2020-09-12T20:45:54.270564890Z 170 mk2wxA0iCmFbZT4pNlij4tTTGa2m5hnJaBTgVzFB2pA56bkGzK8YmxIa6vKO
2020-09-12T20:45:54.297050022Z 171 MWhET6Rui1nhb5wo5px8OF0tVggcHh14c7JYuvQV1r3fsHSVHhWzx7EUpKOu
2020-09-12T20:45:54.323973052Z 172 t37uKT4HGjuYGrbdVySJIHpsPpM1HTKyYNspHjcVV9BCeuR31F0WP8mKcaGx
2020-09-12T20:45:54.351726552Z 173 pzPxGWxBXeRR0ItZBCxPqMFP1NjADXnLDNUhpLCaLCsiUlX6ZMpVHkYBopWW
2020-09-12T20:45:54.377920790Z 174 KNNgBVktvK1gtG9iyihYnYFkhB7PKMSzV9yujo0mZoZx5efC6qY8hMFE1oEJ
2020-09-12T20:45:54.404678921Z 175 gpQK7MjeVov9F7izHadtyOMB6p97hkKdtOjTizAK8zlS7hJkLJ95JZ57VzHo
2020-09-12T20:45:54.430883416Z 176 247NmcNhJl9v1Tevknv7ZBi11GkgzwGWe8vO1SnxPwI0qSHxq3xwi0Z9nqeV
2020-09-12T20:45:54.457685928Z 177 z6ExiYQIjkuGfA2FSeFpQGfjqtHkerK8ugaOZuUSEEtku3KK2VyHCWk7T0g7
2020-09-12T20:45:54.483802400Z 178 24bi5XYKbkbasJy1NvMnSBaahIEz0rSJ4t4Jwh2h2IJl9U0dJWp8o29K3Btd
2020-09-12T20:45:54.510344848Z 179 4cqR4EmhmcJGbzSpP2n3XNGl8fAsoydCxDZl1beX3ELsp5zgcNeTH7IVWE4N
2020-09-12T20:45:54.536802761Z 180 R1ZfPiEW6PyTCiKH9jIb01LP9EXnFPv297NGX3cqAodm7dlSFqHh1TvonH0g
2020-09-12T20:45:54.563290248Z 181 23YX3qKiw2uikilRVvn4ta9PyFi1GpY5hkrY6SZq1oxkF6OtV2i2Wgu7zNDg
2020-09-12T20:45:54.589591367Z 182 KQWfganiryy0EagoOiosA6h4QYvFbwvLYo2BBMyioF1lalgTLuR4JjmMu7VY
2020-09-12T20:45:54.614964167Z 183 HL0rJoCKYJ8g0bdnvngQkQmjsWBPbqX0i4oAA3EVrluntRq5lN06KNo2MmQw
2020-09-12T20:45:54.641178069Z 184 VF0CYKaZKNa3RdsI1P34rYmJ8HzAC0NgIA38gnorb5zRctZx2teRjNk98V3Z
2020-09-12T20:45:54.667103460Z 185 d2ukMob5bJnBRbJQWEWrVr36Eltq8ChIOrSiZntWpPAWMcYt1fUdX75yIM0H
2020-09-12T20:45:54.693313070Z 186 FW9gYM6r2HdnpMnD7ptx62uiuo7MYSoTu2dOBXMjgb9zFCXrzE84PAOF776q
2020-09-12T20:45:54.720039711Z 187 MlszWLTxDrMETbYtNKbA7GuWONfRRpiO95vdo0Jl6JVaDmogdluyL3cGKe7o
2020-09-12T20:45:54.746104418Z 188 XtrSfC97IdevjxOPPwjWBYsJ4qF9OShmuiHPgGVYe39JwMZ1SdkdTZtXv1QW
2020-09-12T20:45:54.772562110Z 189 QIFPoQfkAqlG1t34ObQMhrJE3YWLYHTBCoHZpPZoOxi4XmfkTXEjStIu6UTV
2020-09-12T20:45:54.799880196Z 190 EalyH5yvSawSbfqqYBUP3BDDH58YYlcZRP8zO3Q1WzQOyHPvt1hsaSx2FngB
2020-09-12T20:45:54.826009373Z 191 x0ZnjzAFsEYyYUZZgJ7UjRZqYqN4MZTHfsIAmlP4v31kVhydLoWUsiTwk7pa
2020-09-12T20:45:54.852359926Z 192 agu5oYL1I7ZcpT0wG2N2NmBGaD4jhy46rWzYRmgVI9YAu7KafyI1fMB1fCQ3
2020-09-12T20:45:54.878564548Z 193 Mq1O5AFjOZhFMZlXwLzOh9DTnk8fRsi4PftUtmfxm5qcSzvaoPjrwSaBqaka
2020-09-12T20:45:54.904149974Z 194 1rdjuTm0M6dYeNJUkoEzs9epRaK0El2FpVa9nX331t53WxbZ78KtxD28gxqK
2020-09-12T20:45:54.930694828Z 195 tE0MaMG5LlYaMaoxMHHPh9Ym7ji3BlYWVUPk5hJNgzWAut0P1wZa2gEFa8B1
2020-09-12T20:45:54.956827131Z 196 gWWtVwq45LlhUkfZcEIEg2Q4PT0Eqv1KKW3Vimh3xYqbHqbmPjW3Jn0oxdzG
2020-09-12T20:45:54.983371514Z 197 wb2q94iyCOS85fPhcASxxHA3LK3fqxuSR5pH7qZTSIxVf9dONySxcVri0ENc
2020-09-12T20:45:55.009082245Z 198 24LANPuH2RjYZZaXalOP4KqiPS693vu0FmNLccNyVg8OANHZ56U7wBUgn6jI
2020-09-12T20:45:55.035375969Z 199 A5oJ0P6MR8sSXy6xjbirQB1gSUFF3WlWKeUUiBR8pDt0PoPELZtgLowUUcLy
2020-09-12T20:45:55.062793449Z 200 AG5QTazPIWhzkZjDXPutdr4ZBn8C2daDQp0FXqaf0FMTycKNUCf2w6AqJj9A
2020-09-12T20:45:55.089082102Z 201 kQ8rGEHSejcpyQ9H9BfSA2ed1ZdbdFMeqbHo8tAtqx3buw3yJKb6v1opuZYt
2020-09-12T20:45:55.115580207Z 202 i1NH2eT24XyfE4ONDPmubkprPDiYYXyc6fMifIrhAHTVVx4yix0Lh5Iy98YP
2020-09-12T20:45:55.140834607Z 203 pauXXJxEXTjo5uzsPkdDj9vqbIjN7NjFaA58Qv9Bu3BfX4sNZNN20vzKkZqz
2020-09-12T20:45:55.167290608Z 204 rxc5g01HQNZDMyHwkP3nMRaZVhxM8s5bJdNvd6pt0lHJXYXexBhli81rZQ5f
2020-09-12T20:45:55.194024319Z 205 7FO3W9NePtX8I3NUo8MWcQqHi3UyoKQa6fqWyGSS26oirYjhF3DM2oufO27W
2020-09-12T20:45:55.220470610Z 206 EO5xdu8y1tK8ZQhZpLWpzg2XICh3gnwdeuUP4ebzN09XrHERpUDTZWmTFtk9
2020-09-12T20:45:55.247480063Z 207 tngXupsqFlwkKJxYleaQjQAkhc3q46V4D5ITCu3OYWIGn8tbdmkpPTRPR1Aa
2020-09-12T20:45:55.273795879Z 208 vmxLScdG2KzgVrkm3UqppM0YaXSX5zYbpVy42WdvaIh6YxmubO2k2eIImaRd
2020-09-12T20:45:55.299280589Z 209 EIHCiD7Nqb2r6ZOp0kEw3IIKhNQt8I1YCYgJvbFjQFeQeznz3xFtddH4YNuH
2020-09-12T20:45:55.325339734Z 210 RKwp7WLp93HY2gNk9VHv8LZLeFzAo75WjO9Ea1KW3lCVmWo4qimQtKt4b685
2020-09-12T20:45:55.351565864Z 211 0YK3au5ByPvwVdBS1M8aanE97bexZLi4GxiJW0BG3wzI5jzLTu0po8tq6D7j
2020-09-12T20:45:55.378251874Z 212 PVnSqrPKcmfHT2VPyViAZgktAbfg95Ua8LU7y43wwVMl62GdOYZXAF4fCaXI
2020-09-12T20:45:55.405898872Z 213 NpBkaapKMVcOACiV8OW26NyseubjihEdEorHwbyZmdfNSAHpO5x8AoEPv7PP
2020-09-12T20:45:55.432104183Z 214 DJdBjMb8G1RoGNageCeFSqXeNjORVXWPXFgQgNxgfueUbfKa9QD4BjtelxmM
2020-09-12T20:45:55.457935830Z 215 OdImvEVLMYpiSbLGl8BDowaRD6gpcC8S0Z1wfN23rkA3qqB3R3e7fXpct3UG
2020-09-12T20:45:55.484052816Z 216 XniAmOHi644GPv9z5picOkf4cNxAp0f3IGaDXaqpuzA84Bw3iWZetzzYj1ge
2020-09-12T20:45:55.510401966Z 217 kfmYYYNSxb9sqJdNCkoZQDAcWFtHEG5IRL9zFu8eyVq6WuWrrA0jcV5HQnzD
2020-09-12T20:45:55.536551692Z 218 AVC1zwNNPUb7QxNXOGTZgQDvFYgRBN6b9NvY3E9ZjFCJxaB4mgjz122pmkSI
2020-09-12T20:45:55.563723968Z 219 JSZseNNZL0v4LmhEvw2b6ulzWXYCticVJLAgAxWpg7S5FX8VcGYssGvFMiXg
2020-09-12T20:45:55.590292483Z 220 Fifl0sb410m9u0qAOvkeFwpvo9so9aP6kHrBXR1kiQ1nfb6mtUTuiolFznWf
2020-09-12T20:45:55.616686197Z 221 470Ybz2BBpf76jJ6aoMGmyksQ9pdXIQ2Z30xI0Pn00JaqSrR1u4s5Tx9kAcL
2020-09-12T20:45:55.643096479Z 222 85n8hoOkhHjRmAKi9Elj40E5CzBki0TBjGND4xWOfMr1pBLSaqKJPO42nJx7
2020-09-12T20:45:55.669272208Z 223 IVn046Xf5e8A95XNIbBlEETD0LBR4M4sKjnDPzppfXksInGGQmyJ7lMOx0j5
2020-09-12T20:45:55.695324555Z 224 DXWEHxPqYQuQkHgnii8UvZqba3d1okDpC4Wkka86c176TSak5gQ4nH6GF1zx
2020-09-12T20:45:55.721875988Z 225 gj8JgixwTA1MqglasZG274FknwH8j8wIlsS1x3zlHUP2tjxx1JRdUs4NBWDh
2020-09-12T20:45:55.750362710Z 226 lRAmZZD5cI8AJrEpwadrJgcHsJfevg9OC6CYZwHiMzFY6bAc4fj7xLbrM59D
2020-09-12T20:45:55.777389488Z 227 9BterCWOCD3tVYnzl1xPA0VmNIVYTUCSRruGGnFvVf7mBFKxNMscH12oS2ry
2020-09-12T20:45:55.803464517Z 228 v7s4MnspCAqPjGiKSPEIs83ZiUkN4BgtVLnUwv2Dxsxo5hAO91VQtAEtP26F
2020-09-12T20:45:55.829258294Z 229 gsqencuHmSlK3fZgvyDQ6ZEO4dX8obpHJQZP0CywRwyfwHKgImIIs7hOZDv6
2020-09-12T20:45:55.855264334Z 230 LV2B6SZmhhZaHRfFEwKHkxTDMzhpBt5drlKBtfoa9oDs2Q5ULdTZqcciXjz6
2020-09-12T20:45:55.881746942Z 231 ZsmB294RH4ZwnKb7zNHkH5I3PB71qoWFisLQBhSPMnaltLxVy2gd4SItmiZg
2020-09-12T20:45:55.908899981Z 232 IeWfRwsnkuu24gWGAr86usu5LIIjQIEgxO65zc9H5RP0fYmXS6XnDTMxkXHu
2020-09-12T20:45:55.935384906Z 233 zyxjvUAkTqZ459onhOPdGzTbP3wdEc3G5egoURvj8LX3WU94a3FckfIxuk6I
2020-09-12T20:45:55.960685048Z 234 TJbsH2cvva5c1oiRx7xNBbPzJG9EK78XbjivsXiPTj4GFNlSYK5CEGei1Oyl
2020-09-12T20:45:55.987587196Z 235 vryCxtAC0SRAYmuFnflTLtHtVIpHGlvrnY43ovUQx4xL8doncm22PWeRyIU7
2020-09-12T20:45:56.014669075Z 236 Qt1XzV8r8X7jflqNSfSCbGqINbYgN8nAEoyGAcNshG5KtLPaRlZncyn7w8ZG
2020-09-12T20:45:56.040452183Z 237 iTrRqaTRUeq4reGxcQsmCScWXm5yCcPnoDYW3xf2ErS1F4En8cJf5T0KfBXA
2020-09-12T20:45:56.066324433Z 238 9A81KK6IYAu3yYa7qfOwvR497j077WZ6MFXPqOoWjYrv6lcBADYYBGqw92qN
2020-09-12T20:45:56.092364216Z 239 oV9PpKilmaOXWmP7bpnoIy5lSvFX43fOjNVKUtj5fLul0JR2F38MHqtUT1UU
2020-09-12T20:45:56.118289702Z 240 KJFykeLoKs1Wzi7ytzAH98EQ6X2iAdEaV4KfaSvkK1oNRE9LXc1i4gm2j9Py
2020-09-12T20:45:56.145048504Z 241 jWuVpiV4FYrCuRJ4S1PTGDRBdfNJR07hEhMIgBzM65K2qbImgOsRpK6iJhdQ
2020-09-12T20:45:56.171138392Z 242 SZDK5Xme0i6cKByFQTYIEP79OBSWfMEcWl8BBfmvuUNritNKzALApjmnS8U1
2020-09-12T20:45:56.197954832Z 243 xli56b0ATLICwaAtRWt5paFvI1aRJWm5A9QXJYlwfwy8bStZjKH82L77rEmN
2020-09-12T20:45:56.224501408Z 244 H0Nb92WYHMOFPWlti6Ba5eSjG3F4Vta6rq4rvS7aPQHS6rUW7mOjvp2uupcz
2020-09-12T20:45:56.251181512Z 245 rHMs1OczIrao6T7DPnNUtSbd2Uf0LbRkk1bxL4bgEswxjw9XEbg0v4nl8lCD
2020-09-12T20:45:56.277033085Z 246 JAqk7oKYUT7AHgX8aPdwWnA9uyyle0lZDy8R2X1kSMB0mYZ6pjXKAycC0kn8
2020-09-12T20:45:56.303508598Z 247 3ebVVycBwFBBcKSAmY9F14V7IJHAY9juM175ZIeJMRCiTprOl3gUTMAmVu8z
2020-09-12T20:45:56.329164261Z 248 4QmPzULX6dtY7MuxD4V844IGqXiyuFkDBSGX1biki13nwtrMXGXRTuoFX0rZ
2020-09-12T20:45:56.355811491Z 249 y6GcbMPMwiPZDSgOT01PzWf28Njefd84kn9M8LNTkATS1q18OQUAZadA3F2M
2020-09-12T20:45:56.381725027Z 250 vK3nYiz1xBKp59KoxElbxqcd90cqltSVOQdIGu4xzkVk16Gf2AB8svkRnSHa
2020-09-12T20:45:56.408274022Z 251 aYTMpqQiNq51FGVxXN0yRLstdQJ4zi0O7kOcCdL2xfGPOflUeWeXTeZJm7R7
2020-09-12T20:45:56.435304709Z 252 VEF6g3TDVVebdYbCpOXEOBicllHjXDPFhlpQiOS4vt2gJgLGeuCbTs668YWC
2020-09-12T20:45:56.460929514Z 253 qIgUGmacbLG6GXCbFZwYUA5icVu9YBLeqUWTCVQqqWANYVjTn2Xmi7wqWT3S
2020-09-12T20:45:56.487690369Z 254 4hi5eZ3xNXQ3Qj7gy7BsmZisaUSBitzdAmkntc3lr5YNGywJdN367Wyhi7VR
2020-09-12T20:45:56.514359403Z 255 3uxsIPNCzSy3vgf2zNwUMXaoR0JIlwowoQcF0vuXiHiLzk6RB5mRpmQXsdF2
2020-09-12T20:45:56.539888181Z 256 g5JUk7epGrBg3VxFjavFgfxgzpmdJA3jwtD2REEcaGL6zQ5POLl1bU3FRpTQ
2020-09-12T20:45:56.566746690Z 257 LJBNPXhY1ENI9XqAUqtRpX1xgeDHoz3OP3JgEZefbNlgz6aZXptQSDiIiDzq
2020-09-12T20:45:56.593117855Z 258 8nqiou1lHkkF7dgG6n4Ti4Om4wn8kV4BEixiwik5DJGkTO325ffmC1dAivDM
2020-09-12T20:45:56.619636034Z 259 UIk1tN4BH4BEjE6l3o04V2IVe9OcqMaNNkWGXtzvNc7HtCFvLbtGa9Q4kl92
2020-09-12T20:45:56.646489781Z 260 Hz5jgDVnopazjXTS6VcyoKMxVSHywl7Nmcnfw5GQgkka1IMVYE8on7EHKwKs
2020-09-12T20:45:56.673221282Z 261 Sf5pXwBrQ1ifdXrXVFAwjiLosCKDB3MWdB8BzFoalDlSr9yIXkHD9pS1jing
2020-09-12T20:45:56.699141762Z 262 xuSrUhp8JFGqQESesJWncceIlg0zlF2cZJIsFED1updQD5pChcpdbqm0wv3B
2020-09-12T20:45:56.724978626Z 263 V6azuXJjqFZyYxTHkMo6tm63XuX8nvEAOUUswVnmQSqHYlatE3HUHhs1UCnU
2020-09-12T20:45:56.751465346Z 264 vhcFB9rDMaaEOSklkMrHvezRulLVrPSfdZFaBajPmV1K9jGX2UqavqIpTs6D
2020-09-12T20:45:56.777824385Z 265 rv07BBAEP5nhlwLWVD4ozEQXiFHOx1x3N9m5ZukDZ5RbChKWyZnJkwC6MVBo
2020-09-12T20:45:56.803978751Z 266 KDDnSGaHRag2IimMM3RLQIcPbOIBf8M5pdKuZI1gBxPXzQjPwgyZYbtcCwpz
2020-09-12T20:45:56.829997415Z 267 CsRarntjPzcAj9ueqXPdcoB2rhO7023w9eH179Q5aJWLbSRk8wHXa0O5l9dB
2020-09-12T20:45:56.856054360Z 268 xdP0RRYEL7mSnaoFIGYjWUA3fj7nRykCyjefWXMwEBR0iwz6PDcTHoneY909
2020-09-12T20:45:56.882529706Z 269 hCvz82bZqyzHiuPRa9GyhmMjKooDMvj1GuBo8AzFrdXcNlTBIn1xFoqmGsn6
2020-09-12T20:45:56.909632520Z 270 0Gq91WGA5OffPox1YH80VDXZpIIehk3vjtM98UdKfJgZe8KIWamjImwCi8o8
2020-09-12T20:45:56.935802791Z 271 INaLPpQ9RuiBC9WL4uEbeDAlD7xVWLbHzFwfw4mGrP8gWfHVeIqDkZn1iV3n
2020-09-12T20:45:56.962952775Z 272 6I8RvkmqjLqKQxREPE4jfcv2TYOGr9XnaxjooLNxSO3zd4uZigGqstac2YLY
2020-09-12T20:45:56.989504526Z 273 uPSuHl46cIxqnDDrawExrKQbms7aZpbMqtPI3TC0Bf3LrnZnz6q4jfjWIxGM
2020-09-12T20:45:57.015890481Z 274 JXIhO5v3X0w4q2YHC2L6Pxwm4vk44OrDv5nK1yfKrDFv5PggvSD5mk6tLB0Y
2020-09-12T20:45:57.042650337Z 275 XH6JzzpYe3F3Cz9UG5fTnlrF800A0VrKageBP8UVFZquvE0HDCG49nniRjqL
2020-09-12T20:45:57.068794140Z 276 b9VR96Zx8Lw6NF6UvNa0PaqKACkwm36ubDuVd62DqvpzWpuBjyclzXu7hOrZ
2020-09-12T20:45:57.095506984Z 277 sdttSsiNpO23aizA28Mi0KOIbZUhxhdzz3r0FuqrVDbk59P9SCTsv4ANuChn
2020-09-12T20:45:57.121363752Z 278 AMuHm51rKTc324kDT6nSR12Lp5YbzVMz25aCKjogzxSQPaF1hY8cwmRm1yIO
2020-09-12T20:45:57.146635985Z 279 LKnkMN0drIaTGHeWxJFlJH3SgpKlouosWm9MXAARIbRGfllWMtuF3iWtjfOA
2020-09-12T20:45:57.173747284Z 280 zOSrY9FhzphcBfTqCZ0QV6gwX7Kx8dIVP5C77bJGUeIynUSpdCb07JYprX2Z
2020-09-12T20:45:57.199867317Z 281 20OtlHS1a3Zwn4mPzYrQ9M5b3hs5ePj0hiZHGLM8YfxHeaxoopk3c2FWymXC
2020-09-12T20:45:57.226535079Z 282 6FzCYL7n2eeShxYntGwcfNT6fweEqgnTzc8jmzf1HEROq7wmT8XKHA6kAqe6
2020-09-12T20:45:57.252539704Z 283 AYI4POeP0tSQEbwQK5UzZUTxKCuggtqTOLz9cgHAkzXXB9c4D6rkpBCbJzHE
2020-09-12T20:45:57.278724177Z 284 BKG5NkpGhPRvjtvDdM5aiILGKAxXcduBK1dGLrwzjlqBNs1ukwIFftddXzgZ
2020-09-12T20:45:57.305487052Z 285 Bqm109gfwmrtVg61g8PEjbG1ZhrUgRSzWQvkTDN10oBIDQ44lzi0rDZbFzxk
2020-09-12T20:45:57.331428025Z 286 avgmQx9lTIRJO4RPBOWaauobUbUmgQOSpaxel2BTErnniayYPRcsnpecf59E
2020-09-12T20:45:57.358156763Z 287 fKkfjUGNoohV0I6N8awWIeKo3Dxpd4JQlknsPhgDnoTxeD3be4YyfRJIklTS
2020-09-12T20:45:57.384562951Z 288 ZXxyIzXla0DDkt88Mj0B8MRqd1yYWjXm5uloZqbiYy5lBw6VpnYcqbkvvehC
2020-09-12T20:45:57.409884364Z 289 wj4K2YFJHIOe5Wqinl1PB8JWg0x7EfRzAXfcj3h5dFV6L66uLhBAIvJf0UeE
2020-09-12T20:45:57.436560058Z 290 FHsAXRUX29BB0SEGScCcw9gEISr4VwrdRqNLRIT5IVc4G7ycHYOYo9iW75fK
2020-09-12T20:45:57.462620069Z 291 GV1hrJIKCktenGclr5Gix1kV81W0Gk9acd6PKt96q6A3k8JaxXoeM5lqAeOM
2020-09-12T20:45:57.488002530Z 292 JxYei8chXrXZqIAdCshbMUpZbG9DqJhuCnLyH5kqkvBpGYKGLtcExqQVUShP
2020-09-12T20:45:57.514604537Z 293 zbrJK9WlGVnI5AzrIFTNcsTFflKTHhNbhCWUqntovT727GW2hpffUu1XI7d2
2020-09-12T20:45:57.541613855Z 294 lG1d0Hn4mXvCHGdKTLtPGn97cpXlOeMza5XHxE3E04lfblm5ZaXUSoNWdCIB
2020-09-12T20:45:57.568080791Z 295 oZs6RDliNlw5WEeE9cP1pJdDFtd0l9MsltTRrbgUF0V2PgYcL8yVYPJQ2jzW
2020-09-12T20:45:57.594229986Z 296 y4Uq8IQNEfkWK5UYKaKOFtoV4gfP6tYk2XzQ4haGdQr00cnDPlOWlo2LUE3G
2020-09-12T20:45:57.621694771Z 297 ErP7RiXoAq1nxdhNwtPu3zclH6zgAEbUO5RZnwXLDjNbDBMvEoCBrQofOzOp
2020-09-12T20:45:57.648684022Z 298 4kKdrshfBM2hA0z2qBGwwdjqWUcw0JFtwg7xQ1Nh4rZZU5dSxqcXH3DZBetC
2020-09-12T20:45:57.674968373Z 299 JW4yWSFoP2XjV7MgUjTzjWu50iro4tyRhk2CEmShVNyK1Ug2NXXJl0z8vUe5
2020-09-12T20:45:57.701508080Z 300 8GyQmuNGphAoBcDjGjNDS0w8LSPyf0zjPa9VzEPYBf8QPdjvXmUCZAVdMHc6
2020-09-12T20:45:57.728797024Z 301 CILUaBHki9zFrZ6xMWSWegCJEoJKjkyRpK67hNK1FMsdmYRSEsfUy6TGAqPw
2020-09-12T20:45:57.755019295Z 302 sKL0FXRfOhb01egetmrTlDHZUF3m4qk6Ta0HiWDupA8rShGFTtH6U8WgQBcw
2020-09-12T20:45:57.781553570Z 303 wefobK1O3zNnEfzSJtNwlIljHCcl4pUGStiITgfkUFgrf2OIXjlUcDns4ELs
2020-09-12T20:45:57.807412748Z 304 4G7ijEGdITX3G2R148i2rNuSdm6SjJiUU7bY2liylkHvWjmywYAYCG5JNWRj
2020-09-12T20:45:57.832815783Z 305 8SXdLHrMT4yUt9GxCJX9AMyMLL6Dzom2EjaYqXl4A9S77Q5mpHZvLmSB3NCm
2020-09-12T20:45:57.859345821Z 306 JLdRXPHwAN2ctN0BgBTy6rPY2dtZqXFxlT2A87DozlYeK7I0nNExvhbHcnsN
2020-09-12T20:45:57.886278738Z 307 uFkf3Pt9L1FLMqrrl3LYVB96rnZc1egztMZvmPoMQj35cOkM0ec1xOcP5zjd
2020-09-12T20:45:57.913906258Z 308 CC7hlRnMGDH7gD9X2NWFON5LXClHLHKrIKavxmAeMX3W2nfyeQb1FvwP7Ef7
2020-09-12T20:45:57.941624069Z 309 GszbBYDJg3sECm10ARUXRdCQetATb6plh4KiBCNEraUFREkaYlOZdHTweafz
2020-09-12T20:45:57.968418362Z 310 KgwwsueYeg4rHvXbF43rN34cbIywqK1tfuIag4rgGnrtpe8RA6Hye96zbuqe
2020-09-12T20:45:57.993958355Z 311 r1t37DC5GpFYM8PzvLL6LmdtfvyefYq1ZNY251q2cnTNonLgFYfhYRCKJv0a
2020-09-12T20:45:58.020324281Z 312 ruNpEJiCnu2Vrcqov761ZYuqOCivuXuEsr8Vuy6pXA6I8uYHMGO6cpGBigOO
2020-09-12T20:45:58.046056782Z 313 JOSfCQIdFLd2yqCYIdM7aIr6TSOssg9fVkSVH4xtheBR3nzKtune3mqjd0lf
2020-09-12T20:45:58.071771021Z 314 miq5inrtzCdKCJuXl0HJRnNeT1x4YYmWdzc41iYYFPIwuC4Ko3kIRSJ0uEGy
2020-09-12T20:45:58.098558179Z 315 deJ0tahn0tX5pOeaQiT92kqnWlL0MPn1qhYwTAMpA237NmCKnTHIUI6fXBZe
2020-09-12T20:45:58.124929737Z 316 D27j0XeuqI8T2Uq9Y3VL0CVaxztq8OcJK2QGsc4uPpOJndTNRJD3PmXLvaSL
2020-09-12T20:45:58.150906299Z 317 wbuJlFJGm2DMbZ3FMgz7jUNmpoRgHG5FBhLT6ZM9kCozknZPQjfDDitrFycp
2020-09-12T20:45:58.177709455Z 318 CuMlVzjgbRDioZS1ix2zPhZnjBjv6lqh3BNLhEmBue3hlewz9y8yMXiSzBgb
2020-09-12T20:45:58.204651567Z 319 yOzTzB9oeOWTDXVvjvleT0iKCdKEZJOi1YkTJg6dOqjmOW8iJgzKsBIKltg0
2020-09-12T20:45:58.230003611Z 320 vizN4XXC9M7pz7mTXpsDoviuwV9uJ0K7trrUYGsm6L5UJrqlEibqbPJ7Nnkx
2020-09-12T20:45:58.256385594Z 321 VoRTKBAsoEVAmJMYuIJTxHVlYhclxIQ59FYTAHmkFjAKYDRHMdVgrtLWZZL6
2020-09-12T20:45:58.281662936Z 322 oNgT8k2gG5KMdVQbdF23yjFOdgxAz2qZFQhbiWjre663fBMfFfd8kFEDkVjI
2020-09-12T20:45:58.308232706Z 323 fXcqAtzjS2BBb4vlo6gyPNQoFBQhRW6XLvcHhW4MekZeQe8icuila1Doccg5
2020-09-12T20:45:58.334598937Z 324 W4ySY5sdlAHP8lJyQDzMfYtiE0T485Zz4UPm4vSjj7GE5urY3haKHFC7aupY
2020-09-12T20:45:58.360535990Z 325 PpQ5C1hUauSs5ygxHPDVJ0iaM0aYf1wvg2NvxrJotS3CaGvPb3GGAwnukZKq
2020-09-12T20:45:58.386759524Z 326 sUpJNyIY04dHy8e6xWd1KcpcNJGroLPeH9HTMg93hJxHq8MJwwHUu9UKFHGm
2020-09-12T20:45:58.413531956Z 327 rH1rdXCXQ2oV6bir830apvvFC4mtIuIwYrwIONktocayQo7DQ9XHzLIcQgBP
2020-09-12T20:45:58.439254540Z 328 osE4IW0Wn3hUqazevMcOlS4vHttwVzCtcRdhoh1d6OXM6QzvEhhp1Q8aqOUS
2020-09-12T20:45:58.465276159Z 329 6FovYLPAQEBBND8gVH6rGZzQ21ZcINT595jH9JM7fsreWY2h2c4tMY5pcHiT
2020-09-12T20:45:58.491560139Z 330 bBHa87idWOCzVSFgihy0XFiK4LbFGJp4MFg4c40lkWGonRccQp7rqYoUJ2P1
2020-09-12T20:45:58.517875721Z 331 bWVqvVCLmhUz4EbRKroIB2gidazDnjEpaumAfmAaCbQIy7tcYIQXXbnJiVCo
2020-09-12T20:45:58.543080041Z 332 IROmd7qEGnypEsPRjzVOvHL1WhUQswImCWfVtbDX7BUKl7zEPp8xsqahjRao
2020-09-12T20:45:58.569788940Z 333 bTScnRVWypIJhKNpXiQwCjDhvMORrIZbUUCx0aogKE9Tme8Mx4b172ey6RWv
2020-09-12T20:45:58.596260251Z 334 4AxiSBRJx7LfC3t0Fd6uQkXjFu8B8ullSBgu5nSpB21tWA9RXo9nB4kE0AyC
2020-09-12T20:45:58.622461404Z 335 jvX2of9DF0D5S5blVNH17ccR41KeQ5panzTJfyTK0jeo6uTT98irxcZImn8c
2020-09-12T20:45:58.648724511Z 336 mcrWKuzJUPU474bfyUAt62LGLBwRePG2VmjNBnNXcsB06winTNpjc8184cci
2020-09-12T20:45:58.676617095Z 337 YyrlMtIlGPWmZty8JZrl97uIy633O0L5M65VuA2Hv9vL9QIqQfcGwAIDg67K
2020-09-12T20:45:58.703493618Z 338 owTj5NkYmMmhqNwJ9GuQJV2YJFHKw5ODP2GJMIAiS1zblcP51pMoxuOh7aev
2020-09-12T20:45:58.729354452Z 339 Op6Swm3lMagRFsJP7vSVPzrrlWFEbvevj0547cZtTaYRIwRfDVu25Z5Txs07
2020-09-12T20:45:58.756349889Z 340 T21n6gNnCBynNXXkUB36QRTdX88GeWrQYvd1Y806mjuZ35zW044H1344r4SW
2020-09-12T20:45:58.782776268Z 341 t5LJs3oNjOVVS5WGyS72LJ9A1zZZxqMAKPQl8GCH0tw4z7QdlVdnwem6jGw4
2020-09-12T20:45:58.809023701Z 342 Ma6aIkblZyGXgLlFGLyCmlqXqeCNAVtD7ZWNz3ePifQYIpTzR8vtXzWTkXz9
2020-09-12T20:45:58.835393674Z 343 wXs6ax8gQZ0e9JGulEpfNZrQ36fDAgeTedeyKYqeyEE2cZyVBU8m8ITvSv4i
2020-09-12T20:45:58.863030499Z 344 tz0C9u0Uy5bCpVHmr1kLOE4MVBdQs5sQeIoMnsBxBBQqJWRHWX3pErZonp3W
2020-09-12T20:45:58.889581810Z 345 4YgYlJLRgBm9nMlOTYC4xz3CBhLwk9IRUt8ZuyIBHKE41JchKlWlilgKAeVx
2020-09-12T20:45:58.915802384Z 346 2t7jOoSwBGfnwQiSdNDyE03BYJ7ZLa045pdWqUJRWRbxU1pAWRQotCFsdWan
2020-09-12T20:45:58.942638211Z 347 q92NGgHE8dKqykGIzAdUiTZP89HlkzHoPYGHje5tKfFKEqnnoZHPW73KB2lF
2020-09-12T20:45:58.968721593Z 348 22l4d62ewPV4a6RlRGLKNvRNRKLwiAM8wbknWBLBVDhEWLVDBSt4ne3kCaNu
2020-09-12T20:45:58.995273711Z 349 fazm1RcDjZrJa9jrBGZ2V6PEm9tqjTe2TyueAipoOUnodOlWnRfUGsNvDLV5
2020-09-12T20:45:59.020740782Z 350 uffrPkKP98CqxZEsFSNn8J8NNauYHyJrY1yYyq93g4KNxxGk98c7MFfeLkAr
2020-09-12T20:45:59.047867518Z 351 aYMR7BHm9iz1F8aALh6W9VRmjs8SEKxytQjmB0T1yqDO6IZRMwJvbuucYjmN
2020-09-12T20:45:59.074968010Z 352 ZMz7HJmEgpY9fKR68WTTDpnCVilC2o26J9n4sczEWGjMpYObPZeW3EPoAede
2020-09-12T20:45:59.100756090Z 353 ocLWHEF5HKq7Bwz1gLJmjnk8OGSkDATcHQnmgiKhrZ3eszpCuglKDBVSZbmm
2020-09-12T20:45:59.127092615Z 354 guVG8eglWJnZxcFVqBkLBqIG1dEdoPZppczkmz6ecDvWdffPYeobuwOjRJTa
2020-09-12T20:45:59.153403943Z 355 KHqy2cxn5rg5JEUy9rYHUAgUj9VJByAHQUlbgq1qRu3FslAEPXz2bFAgzgfR
2020-09-12T20:45:59.179775315Z 356 cPnZ0Ym5sKyPw2v5RjlYKo81whGvhe65euwzUvYo1VGlsbmIEb3t11L7GRrZ
2020-09-12T20:45:59.205843163Z 357 qBFAQdAAtym1Zuo4ucspvoKttriOOqr9nFVisjJZ8ZKWLdiNe5rsrNP4tk9F
2020-09-12T20:45:59.231793945Z 358 Ijl6QZiZr33Umer56cCkiFWnTgbgMspJjKKa1cQqVQ6ncvsZdfqUAQx6mLZ6
2020-09-12T20:45:59.258535253Z 359 19rKamr7qK6myvflMBFiDUTeKTsZ7UZrE4ytlmEbuSlB3vjvZ2QTa4cHxFI7
2020-09-12T20:45:59.285173924Z 360 tckX70atwBwF0XUoR1wID1DQnC3rls8VQzEFhxJS9RipRbaT5NrnwtLBplQB
2020-09-12T20:45:59.311902824Z 361 6BItZexcYnxkCXc5EEVIJSv9nM0F2zcReKGYaEfQW49F3g5243Pyv2e0bGbN
2020-09-12T20:45:59.338124064Z 362 DGSzumB8DYUTYSFV9Sd6PbV0h8h340a5qA9MKclo5LiULpGOxXBFLhN9aVK9
2020-09-12T20:45:59.364157487Z 363 ui1gstIYEWeD1JUk2IvTt5jHqfUCuH3U96jPklbyk8rFEjIFdXBGd6MdUwHj
2020-09-12T20:45:59.390481845Z 364 fP6Z0HdKKH7P3QZzqkueprkbdr5CD3taeuXJXaIICUMvA25gv3JCiUViS3xm
2020-09-12T20:45:59.416408427Z 365 0JKNIknOEAdlynzT2X38te7eakeHHEYWsSybkbBSZwMz00SOkGXxEedvwKZA
2020-09-12T20:45:59.443464028Z 366 gL9Zp2tEJ4vKoZ66mtLFFTKubh3c3IgfCJxEteXbY5Tmqt3XD5FzilRGoUju
2020-09-12T20:45:59.470007378Z 367 W7WyG8qeMyblueLD2z503xhdmyTGRzNuqbtdBkGsfryFhYPmjXKqmTxQAUXf
2020-09-12T20:45:59.496311392Z 368 ePVjb9yTPIo8ryN7YCkFpZCW53YL9guVr9TgfVzJ4lNjZimpnEOQjBnYzyNt
2020-09-12T20:45:59.522930029Z 369 xHAxCm6gW9UvQfTmRzrYJY0qeQS3kpx07VW92UkrNRSb2HPn0i3OSlTc1ArN
2020-09-12T20:45:59.549136142Z 370 HtHJfyuMnPXM32fGy5mWrrk5csVWLa4xPPNogewveKx9Me4pjiOEEd9OHZxR
2020-09-12T20:45:59.575471264Z 371 cc9GEyYA7ch21garSavhhlgJHU7rLt2OqpEBSM7JwtF6rakpRJmewTPlSh8E
2020-09-12T20:45:59.601068164Z 372 dar4cAxCDhCgHQFh8bK9IH7TBmWqdiXv2vEdGHCpISEhduIQMYpdfg5snbff
2020-09-12T20:45:59.627169416Z 373 ov0Y1yhXB4QAxTdY07kNXwwMwESj0wnyFmzEbd3sNHD9H52n3VT2ApukOhTH
2020-09-12T20:45:59.652829270Z 374 jaRtRfDeLHH8lsSYHNygujKKUUlWSwvBntTc4mnmPAaETeJClD4BnQ3hagVH
2020-09-12T20:45:59.679429422Z 375 F189y2iiohFDe2NAAyNzpmRyJgVxZps70KIFanqhFNivHC9dny9XXtqjkwrt
2020-09-12T20:45:59.705644709Z 376 i9sVyn2WYXdh9tPAcAs0LB8Y7mJA0eRErsRC93izZwlcZOA0jtlR7gDOxOLj
2020-09-12T20:45:59.732026436Z 377 vf7w42ZgkuEFCKu9iA3DtzOAqOGJzPfTOftsagOuucy6am1Nr7dKSUIDTRUT
2020-09-12T20:45:59.757909750Z 378 XY5F1N0uraTlIoHAifTqdwElea813oaf75AJ8KJnu5CuSNtzLQ0Z8uRE75Rs
2020-09-12T20:45:59.785241165Z 379 bc9dWbXAFnDQx6I4GldRVWQ279aqNQihWz9r69I5LuCsRltl6BDTARgzHMBl
2020-09-12T20:45:59.812230771Z 380 45pcC4YyZD0mCXQ9VlKxAqO8pYbkAjslW0fzpaAfBkuJW2SaY1nlj1F76kRi
2020-09-12T20:45:59.842068162Z 381 a03or72pA9SXoiZ8oyGuxNfTItZEyxXckSn8BhLxjLsL7rf5mwaTG7JwTWlI
2020-09-12T20:45:59.865944796Z 382 VRbea4h2jgO65JKdOkIsw2oUEueSwJqpiv7L6l9ixAqw5mx4TJN46Sh8g7rk
2020-09-12T20:45:59.891274744Z 383 mW4RoYvpXNbQSWqSa5tsTWSyDleR6m43wh0BrrrftXZdgv2GrP2OyuqWOQso
2020-09-12T20:45:59.917253306Z 384 J5DxTtbcTl4zYOQCd7Gq5CaelvfnlCfXm6bee8CG64h0akfkCEqN8pXTj4Nd
2020-09-12T20:45:59.944570060Z 385 qRlpVJKH1BX4BuauRVHqSVYkzvrmB8qZQr0GisUZPEqoG0yHjWTGbbRFG4Y0
2020-09-12T20:45:59.970535686Z 386 bt2kMDuZcl7l3JqhjBd6DUHVCb7NJSfLPJpJrboxPp7JdqVD44Fdq0uAzga3
2020-09-12T20:45:59.996350139Z 387 1M569zukUoLDDxD9ihlElrFbVztceWBMKPJwphTSffQsodbuouaJ4y7YrtIX
2020-09-12T20:46:00.022615585Z 388 xKzxOnI4dyk3ENQ8CarWDQzQWrHW4z0fw95YaIBmcJykPefWOlfHf80lqVDw
2020-09-12T20:46:00.047960315Z 389 Cosgm5w4VwlQj8SJ1atJkEVUxdSA3RLqjf0jFLORfo8iZtNM7Nz7Ltt2GeFZ
2020-09-12T20:46:00.074177848Z 390 wVlWdLUW3E3GmHRe1ZTxML928p5C9QxTtjQZ4jn6pWQYXzqTR3kLM2T2Kqsa
2020-09-12T20:46:00.101933377Z 391 pbZmpnP81oKa1IOLZpdKhoEeKLOFRFRns3MO59kWWgXt1KkYRguWkBhwokMk
2020-09-12T20:46:00.128359674Z 392 HcJBk2e7WpoxBS5W1HVOytd7Fefyavjh8LPFVWJzMwxYq5drkAEDDTsyrYXm
2020-09-12T20:46:00.155639068Z 393 US6DlYrINyHHbIIacmCpP4nV5oY76w8EzM3p9fRaVnXAIw690afanvq0XAuf
2020-09-12T20:46:00.181725603Z 394 FGq8dHMEhsXVyWWu5sVC7XPmlAbfwLQgcbn6eXbLjE8u5TFlkBvT5dP2SZzu
2020-09-12T20:46:00.208354935Z 395 DkdSQcmTS0ijSsx0JHjMBRGlY26cMaXSfzw5ywiJPLdm2U6oy1qRt7rSureU
2020-09-12T20:46:00.234224284Z 396 4701NzppNdraremfg9UmC2KFyIuwIz7goTA9yjm0yKaGMrVvQSak0Q4Skx9f
2020-09-12T20:46:00.260645057Z 397 UG7BpRYUo9NYmdgrsIscNGGsJwwnN3Sn4FEB87Lxf7fhqxuNlftA3oP70xI0
2020-09-12T20:46:00.287249539Z 398 z0VywKlSUrDpKnY9fkt3YUWyvlDFcVNIeE85oJkf37bLkPo3Y8jQJpWOFpnI
2020-09-12T20:46:00.313452487Z 399 vKKVfiA34SAlVGABU7yFhwkIaP4ayqmaDyUDjL3Rb0ngH41RyjYRFk0ngdml
2020-09-12T20:46:00.339186872Z 400 sm9ItriBkARL3eMXdcsSXVsB3xwD8eQdRK7LLLrCczejW8lGsNnu60ng0zXa
2020-09-12T20:46:00.365604735Z 401 6jEik7TZw6B97oPmyB74n471DdG5NUCSr8sJOWfbuK6lQJXy0OTUCDaYMKcH
2020-09-12T20:46:00.392211027Z 402 CUYpNDSJVZ2UIkhcbs2hsZWV15Kh8Y4a5MAT2ifPZ4u9ljSdoBZV1EKS2uFj
2020-09-12T20:46:00.418306716Z 403 PZhSLG58oeaZSziQWCUU5DMX3c3qm3gOBRB2cxGzhH8g0CljAjw7XDPWPdoS
2020-09-12T20:46:00.444035472Z 404 DPhxjDzfcjKjGrpo1QCbfDqPXQJ5JxnSlfOvnDaA2Wruke9Sqvq9VvcAKDAz
2020-09-12T20:46:00.470899619Z 405 LN4CYcseJNmk9x0HJESU3MrUm5Z0MHeU5xK3BHqdYWKcjv98QCOooUztEdbe
2020-09-12T20:46:00.497814575Z 406 3DH7zkwkAfCgUXE0oj6PbngKALOAnwP6tJWunWY10ZC46SKB7gbEOy4aMD7V
2020-09-12T20:46:00.524364633Z 407 SQnGRg0kvO6eZlopxE1L5JgDxS4ZNYBE4MR8AlCnWFlZDSOEkiUqyzpFglLq
2020-09-12T20:46:00.550878968Z 408 E2NfDfByJRCRve2S8XiDKPvMct3ESp0EC3FVb2dvbiMSJPmu28li6y0UMwu2
2020-09-12T20:46:00.577717938Z 409 9pYQhETlakg09683WPYrOVreLS5lvhcvKygwIfsDBOktcsUyyvDnmcFNd47c
2020-09-12T20:46:00.603973109Z 410 ZKH8unhfarLNzzH1yCdyDRKT2V9Z2HPUZxXV6Qq6P7fqHhHvKlutHilTfB4g
2020-09-12T20:46:00.630662347Z 411 BfVeu4xpBnFryVUu1UIG1sBt9SYBhCu5hmu4ZNIrqW14NaNfNKbXoxtDBbF2
2020-09-12T20:46:00.656911015Z 412 mHZaX178YoosGdp1uehsPGrz4f8L4M7oH4v7xmfRdMY41cXp7SUQs3RQygyZ
2020-09-12T20:46:00.683325341Z 413 yNdkJxORiJ2txfb9q5CGTcoYXyD97sqaGOthZxeBrQ6FJRyk46F5DDWMTSQQ
2020-09-12T20:46:00.709584670Z 414 JeXrXhPNk1m3MiUl9nslXfxOKbEYd9H6KQx7pPOjH1wcHz2bkSV26KHs0bze
2020-09-12T20:46:00.734907241Z 415 Dpprj4BLiMnqhnARIuC0wrFnrINdE5apO1SBQ906vyik0zAWJSiF35bvlsO5
2020-09-12T20:46:00.761820674Z 416 P4GUE8J6aDIdnWwuCoN1LwUlGnH4Z7ugHQ2BXVnuo2g3bY1m0ZM3Zevd3pJ4
2020-09-12T20:46:00.787376073Z 417 HiRJtiYyTB3qt3Qa1nxelmMsSeTRQduW3CPJiUc35hRcsbKFgh2g4497rGG3
2020-09-12T20:46:00.813716132Z 418 KKiLotfNnuIVg8iBq16tHUnBZZcBYhJaIMbIo8czS9rB865pSuVncJNxUi4w
2020-09-12T20:46:00.840070031Z 419 w9YDVwktPZ96XEPu6LxlgVHN62Nttb7xHu2PYY2GYCl0JvpVFi5ni8IbBfj8
2020-09-12T20:46:00.867061658Z 420 DDhL7jtxrPJ35R6hgq0HLUIpx6Gys9cqZ4xTQq5Y0GOsI1HccVcIky7oTmNw
2020-09-12T20:46:00.893323407Z 421 1XWWwKVIq98WjpzoCJkf1A6En9aZ8WEVb5SNqPZk4MVfFApQFxGVUKdy8zX0
2020-09-12T20:46:00.919406342Z 422 soLOtK7ACVKQ3Li3Qy47QpEqE8sVdIL5jjNSD3z7DHIbeqQwKacVkp9h8fEe
2020-09-12T20:46:00.946342362Z 423 BWFMk7CmobU8WBBqdplVKNZgevsw4ddOU8rKa0cHEZLuUM8pfUwuEztJo51B
2020-09-12T20:46:00.973934020Z 424 gHORO502q0FG6YRiwk1oTXzaJkHUsLLEM2KnCpVm8shxLmcBKgdVYosSEEGS
2020-09-12T20:46:01.000374249Z 425 ZX2nFXLg4pc3uFaJtFhoTFKLpoFAIf4pD5P1HNh8qpsV8u1Ocomk7BDNb7cY
2020-09-12T20:46:01.026167029Z 426 89R3M7fogk8exZ1SzCztJjQXQ6Z7WAz4SWQAU9r79wxH3IA9U18Zj3RGOkIx
2020-09-12T20:46:01.052756356Z 427 NqV6vuP4GALnoh1GLClVfjqNmGBAszbtWd05RxS09CGfqtQdJt6Uh8Rv86dv
2020-09-12T20:46:01.079041138Z 428 TD5IHIglTHchYyqOyjIpZ1JG5FJ2oSS7AI74MkKDWLont10OZw5Jg61ulurZ
2020-09-12T20:46:01.105866380Z 429 JrdCLfqaHM2b9h4vTCMIma6HaDEOw1xdv9Jr4VSEpPUWB5b93KT0Q01bNX1s
2020-09-12T20:46:01.131127678Z 430 0EC2rSYPdzc6sWcewrRrBgpS3Ph8JqnUSD31iKQA0owC0w08F9aOzjdhs8Sj
2020-09-12T20:46:01.157401768Z 431 SW9RLIXK2WNN58XcbqhovyPupzoqchYM9IWIApNh8PKDE5gVxpOzBNGSiwVc
2020-09-12T20:46:01.183558936Z 432 k4F0lUKmw7zDp90nWXnqCbDy32YOgJ5MKZENUaSbWrAyypgvwS0pZJrKbqPT
2020-09-12T20:46:01.208851391Z 433 WRZu7i7qb8e2Awa9IS4zJPwHfbMRgx7SgU3JKPK9ei45S1HjEqVesHMZw3tq
2020-09-12T20:46:01.234979327Z 434 YM7GPXhgJF9mvqzrAluNN5atq1wPGHgG6XM6YaaiWz0owI7LA4DIK1wRe2LO
2020-09-12T20:46:01.261262375Z 435 J0A4sljPPYahGu482lqUnfHFxl8595R9WtuvClGU0cNitdw7lpJlPOyVuWdm
2020-09-12T20:46:01.287584185Z 436 UfVsxK7U8QuNAVycAUJ4ez2hPyPCBvzldGNxXNzjxfOFhlmQT1gIwwrF83Bb
2020-09-12T20:46:01.314691609Z 437 QrBSd8o5k9CggQZpjXRJUzdHaXIkMYfchyT6Wlg6RdL5GaZIy9uqlt1XoXzz
2020-09-12T20:46:01.341081688Z 438 WnhDrBEtD0zrpRlM7mRy1oMfR2gWtl3Eqd7jDDYurzky88Q9vJxU8EeJP7K9
2020-09-12T20:46:01.367948596Z 439 erAF3OKSbtIGScUqsCyZtaPyBTV3Cy4QVylNzsNIBVhEzEu1wsdeniHnled1
2020-09-12T20:46:01.394315341Z 440 JDYiN69aGSvrdCM5OvCQXB4ngBkw5R66t04QXoPDMsVVvi67785lveTnxSb1
2020-09-12T20:46:01.420129988Z 441 FUFJY5QeyKHOic5aurCGt4K6cXN8AHpJY7z2VodZvXN0sza3IDRPYdZYxgq6
2020-09-12T20:46:01.446632900Z 442 TgZuNJ7PBbPs9Sg6uodfyQ2Lmcq2XTuQ6lbTmSdjk5sNBcXacb8OuZlQqrhf
2020-09-12T20:46:01.472782320Z 443 FvyPWRaHCSqzRkl1loExWaFhjiRfHs88BmFYECVTZxudcgGyjL1In59mEFjf
2020-09-12T20:46:01.499540706Z 444 g7t2C9QLrhYrxWWlQxU8nE3utJKgnXalPC1N06N5BLkvgya6vLFncMAn4xxY
2020-09-12T20:46:01.526707851Z 445 OpfwhLneXoSTwcs1fBjntqVlR2lKHB5yG63Wst0sVqmKyavv0NXyvrSYuE4g
2020-09-12T20:46:01.552768644Z 446 Yw1sQlfsGtRlG711AXKnMarDueIh34YWy4D5t9yHJ16XuisXhkGC35zKx8hT
2020-09-12T20:46:01.579379687Z 447 OaDRV5DKWgzkFLl79xNrKY1jgvjxUoROioKu6AMl2m8dd6EGL1IIMFSLpv40
2020-09-12T20:46:01.605077798Z 448 8fzzeH2xQ8BrYA8pw9RijcQrpdBbGQynN0UYuAiCpmxcJI0O4hoaCPo8hKYh
2020-09-12T20:46:01.631519807Z 449 S7NAF9GHfoVJLrFT79PD05NNt98v83pc3LkZNeKg6SDonIO7C9UoE5wkyFQv
2020-09-12T20:46:01.657401420Z 450 iL8I80WHCrQryvXJZbpzte1nrax8Gon5SNk8DMT89nQ1293QDdJdeXLfoWPl
2020-09-12T20:46:01.683115883Z 451 CH9j2lCWHsAHQBuXoOnoJdI1IRcQ089qUnbSM5QfHCMTpW4p0FD8PEVcAW5d
2020-09-12T20:46:01.709634399Z 452 oXsV1vPhOLciVLKtk2knLczRtp4tRnH5v1pwrJ9FPF5gKShEq1Hth3mBV1fD
2020-09-12T20:46:01.735833448Z 453 MMoer6VQyCGMYFiJlIFdapls2tDY1GV8oeLIVVpO44gj4e3P1d1F9qsioFDQ
2020-09-12T20:46:01.761959446Z 454 81gE4OAXQqU1cMWC8cx6MRmzjwpSwfrf3keFBoQmZPjKDPSPf9yfVhmnVZAr
2020-09-12T20:46:01.788435126Z 455 ntAnhl9cwFw1Xi2jmPMTFokIDIo4ck3SBjFXMMPQfneMte9NqiJvWvLb4izi
2020-09-12T20:46:01.813852734Z 456 atpFKDTrWQvvL0oUdI4OY2KCwwVqUEcFWC4ZtnDmaa03nrxWgJ7B0QIc22OO
2020-09-12T20:46:01.840752531Z 457 aUk3rxDQJgqgAUdMW4L1fg6u1852lvMUlUcrW090Dg0oTPRDawLRgQG86p7n
2020-09-12T20:46:01.867572180Z 458 OId44ThDrW9gCrVJIVc8V1qWUtQX8eMAzTDPAWmSoHNUZEIcMCUO0CgOfHVg
2020-09-12T20:46:01.894459767Z 459 UI8aQAF1oY9mMcpB87QnxYQHh8KfmxzZMarAFQhVVJFh4kItKjeqmS0AsHxZ
2020-09-12T20:46:01.920017659Z 460 6dEYpt2xkKGJ55ZYExEe7z2Yu6I4Zdd3FFLj986rB46fJe07Iyc77KqbxHH5
2020-09-12T20:46:01.945777120Z 461 Yl2VLm6f3NzcBlGacG8lztA1dTW5sR5J8yRXVPp4MHaBAWVbuA4awLpjR8kF
2020-09-12T20:46:01.971892659Z 462 dXM3ZaBOe2freJSgHIpRp8xHBwdySdSF5aqF6g0uT3kTEXDLEWzxUGoPSF9P
2020-09-12T20:46:01.998987406Z 463 iJGtWgpuBb8YqyI0NapTZvx7MVWGq9sfS2uulbaM4OE3DgHyJ3iogoryR3Jp
2020-09-12T20:46:02.024774676Z 464 KZPN14Rw36LWWHLtvHKsELgUQE0NBqkUT3da3i7IWtB5BtdLtUavFhrV0vbg
2020-09-12T20:46:02.051343216Z 465 ntXiPYNB1vnTBR4e2ZG4s9uztsx4KoCU3gsHfXaGT6P5z0ltILAwm2cK09dD
2020-09-12T20:46:02.076715045Z 466 96TM7XAsxYhwWbDP78a0Y5lUiggzOyyrWWHXEpd1mzElA1gYDyhptslH0Bql
2020-09-12T20:46:02.103276155Z 467 Xuol87Lq7wIotOsgEQVSMuNocZsOIfukMFf0B5C9O1GAHzBQRvQMEmnfTU8a
2020-09-12T20:46:02.130927919Z 468 gISsV1Ua9Gt8tbGgcuSsETuCLjSqZx740jCysrfj9xQ9iMUUuLNxqFhmLr0w
2020-09-12T20:46:02.157508438Z 469 dvNdV1SD4d4qtefgi4EO3r6EXbDMzESNwiUvmSOYNMy5bdCg24O9kRyNca9R
2020-09-12T20:46:02.184713205Z 470 1pxmMVWRlp5Pl401nZgEocN6VYGeQ4NZjCD8POh7lpdVEBnpVP5llvicehyf
2020-09-12T20:46:02.211831493Z 471 HFO5UzvLhHIiEF9J9EBOvHi2E9i1EVc4hvIxn3BrlvQR17cybgchNSeRFJSA
2020-09-12T20:46:02.238565644Z 472 5KtxdHHKxSOK4R5SgTKhf72HkeKwp81hySeNDCVI4CDAD6ZamceEUxRZ0c4u
2020-09-12T20:46:02.265777612Z 473 rhQG5Cg97NXokSWzH3MsX90V30NZp3OKBGdwQ1aXu7yVcHAISSBGyTnME0aq
2020-09-12T20:46:02.291716167Z 474 HrRSYac2zRF2hitWGwYhb60uTfBf5wwvRtmX0uXCCXgKUPWZz8f9YpUB3bf5
2020-09-12T20:46:02.318354476Z 475 iaWreu8JYF2o3wlJ8a3zRebxMIwzh9nQ9UBvFx92DXuqO62guz3fLVZVR8aM
2020-09-12T20:46:02.344535201Z 476 Su7QAyQQ9D1BrsVwhL2uYgv2PoiOnT91hkPl2cWy8qKLpcKXyekMJ9qMX8UH
2020-09-12T20:46:02.370635628Z 477 PwoQzZhUiMANAgiPjvpVvP34zqQhFTEJZcKYzL2mi0G0TGQBl3lLh57PuObe
2020-09-12T20:46:02.397959949Z 478 cKs5A0vQcFQJgdA0L0EZ2Imwa5swTKGbu4QdTizBXm8jGK1GFLZP3nVaY9Mq
2020-09-12T20:46:02.424630394Z 479 TZbby8QwHHhswcL74OF2lfWnaZM5pcnGa8TKdJod3TKH11JYnqEp1AJkHAAQ
2020-09-12T20:46:02.451067264Z 480 LaSZcNjcMiEVCu4lF5GALPSfJ8nlZPqWD73LXy4wG9LLbnhZRgU7offWArCp
2020-09-12T20:46:02.477316093Z 481 wTmycZTg6nzxaxRVvHJe828M566U7bxgFszPiC7h4aUzRAbG2M6omBq3IDBt
2020-09-12T20:46:02.503507745Z 482 PjOiV3JXSfRS4E9CyaJzZghwnrwODEQ2loZDMQOy23u3jDiu4AvyrgjvUFa1
2020-09-12T20:46:02.530739216Z 483 2DIn4iVe71lMmxS3tDvU8sms7K43exl68NVlsEBQ6w8WftXvEEwbGykE3kVZ
2020-09-12T20:46:02.557319149Z 484 d4F0O7ReQggddCdH1kgDpDFYCbOUrHNK219qrnbJZqpbbadF2IVk5ltoc0dE
2020-09-12T20:46:02.584686269Z 485 WXWcMd7OeeUz0HY4ilWMNj6o8dzk5U4y3ihGiH8MigzGP5K53iZyelaJmc7J
2020-09-12T20:46:02.611457121Z 486 GJDDOoNdI6he2QqIYHd8J2TvuGPpe5HqP6THn8SAuX3AwMA7i7gYG0ewJ21n
2020-09-12T20:46:02.636872121Z 487 OwX32aje2c29JYldAj8nyRhyweaUF02GSz69EBaID2f6K4OvJWkqQ9oGAOzR
2020-09-12T20:46:02.663642439Z 488 CGTecBGxIiVSVjdzOj0Ai5iMNbDF2GulaG9rzjTs5ift4mme0roLPc5ghW4s
2020-09-12T20:46:02.689278979Z 489 CRBrKVmFsDfZD2FM8bp9479GS4NqOOE3UVq4XLTdzb3IPR9AWukPUh63iz1k
2020-09-12T20:46:02.715671808Z 490 FQdCyGH553wkgZzRrlmCxgo0aktyu6X8jzGUDma9IgIgX5QF2dWwIslXp90n
2020-09-12T20:46:02.742279536Z 491 vtrIvtORpRz97GdmOTqOABHjIR195ryqM3cVlv9OMMGrDMiG22jaoBJ16ZBH
2020-09-12T20:46:02.767676422Z 492 0GeSo8AOmIWIeKzpcwvl8s5nKIyt2UknHuIFcLsWL0w2XvnwQPahSLcEIzwi
2020-09-12T20:46:02.794498777Z 493 7dF7kVAyHX23s3INt4UFg5H0rgxPqOnH17bZUxEZXFCKrtZQr7FMbPboAn23
2020-09-12T20:46:02.821508596Z 494 wim8Qh3PKpXuOesTjmPxxJ3eEcpyFXD7yco2elIuNNyTKEJDwT6l5CzFFC2U
2020-09-12T20:46:02.848098087Z 495 6hwYEZNInS5jrT2kXIMHz2pcPWdTzPOASEIVI1v6YgDgvBCccDumV84sugO7
2020-09-12T20:46:02.874687138Z 496 nE2rxPSKTRoc07YMXCar8w5iOcf3RWuHIO6yZOnaTj4aj7b9o6QOEg6qNJSm
2020-09-12T20:46:02.901574308Z 497 gkRXG7cAMaHipiR8zupE0oJm8WlSLzJPrC3aMZyQQNDWiXO4IQe8pXYZR98e
2020-09-12T20:46:02.928147534Z 498 M9oZpOESGQRrdCAKgKWs0wPHGnA9suNUgTw5jDCzRORN0V6yQGniatMj0AfD
2020-09-12T20:46:02.955129043Z 499 8pjsarYSQ4eDKpzzNuZ2MzGqwIAadkjh4VxgPj2znSR6oXLGRnramt8mQlGg
2020-09-12T20:46:02.981137230Z 500 jSrtxaIrlLEQncPY5F95EA787etm7o4qdHnicKBCeEsgetPFoqY8u1ccF8r4
2020-09-12T20:46:03.007692357Z 501 2j26EZewju8QNWBWmWnair8uTWFInfSl7HmKPX2tW5foltd5Q3TAUNVL0INw
2020-09-12T20:46:03.034198605Z 502 qCrDNfQb3k19pmYXqIM2qkpruYGuM1wwKPThU8IIKc5TyBhNjcTtcwg4OxA6
2020-09-12T20:46:03.060258316Z 503 X7ZzZpvoPyXZNmkiSUYwMvHW64T93rxO2Q7ciRUTe14rwe25VITO0g2Er2GU
2020-09-12T20:46:03.085904197Z 504 Uc61yF5pEfD5hNpYYIZIWRbzphPzOz7XNCRnB1o3hqpCPEFEOZyEGBt8nS8f
2020-09-12T20:46:03.112120733Z 505 ZDSaXNIvuy3iyyV7eGgZBgVRdn87TxxBAtxLZPpCrXgoU8bjevtAQJ4DZftN
2020-09-12T20:46:03.138165899Z 506 AyU8Gm7Myn7tvFpMWOIrwYOQkVASS8iMDNyfFBVRkcqh6HnoGQSW3DDw4Sls
2020-09-12T20:46:03.164384108Z 507 AwsmOmPG9TaQKHhsWUTLHx3LzKDomX5Lahp5zl3NSaHj95lZvNDc6Phnji6W
2020-09-12T20:46:03.190385745Z 508 Vf3SjjYAYz9tlv819dICWS9brL2AaA2oRuQrwmuPieILliHbktr5vXV4d5mC
2020-09-12T20:46:03.216504132Z 509 R5l6giuutsHCMqmeAmwmdxkFck7MiXSUAxEhKdqYUxdFEljVvXeS3oNd8HOi
2020-09-12T20:46:03.242754214Z 510 AyTIIridLlyONWeDkjKDeH7oVrR78cqMABLGUrxDmOoUNnYyE02fLkmE7TY8
2020-09-12T20:46:03.270082135Z 511 WYmWrW8fBl1xSUQ4DB1Xd3zvGsm15o0QdqHpGY9YY5uYDqfR3FkZKUxEP30Q
2020-09-12T20:46:03.296465905Z 512 aktf16GMWHbmlJJYHOkXG7vgVcZSNDj4Ncgs3KTFcQ1CgCntFFRFsZTDVgeR
2020-09-12T20:46:03.322142043Z 513 gc8cJZzRauChBj97yX0211UHEwlspnNNCnEPc9HcApSrYxiLWKnXrV8BYcAN
2020-09-12T20:46:03.347980197Z 514 88Sr46Nh25Ltw4Tly0xqgJIPtWUmrDOvR8Ns5aNoWZdyhxe9OrgjV8H5tToI
2020-09-12T20:46:03.374270751Z 515 nMIxlxIDBTKnxu08HnrDsct42O3rHwRQYq8LTG1IA7u6myxYWAt2c3cmFaE7
2020-09-12T20:46:03.399845492Z 516 qeNBreUBfkvg7pv0TI9wT3mo2Lvolr5kOsk1w0R2Luf4E6dYv6UdYKOgCGKc
2020-09-12T20:46:03.426754512Z 517 N8w3W4RY5S66WVrrJCLovYoda3q1qiuvjRZmztPTkXfq7PziluVDmsFuQXHZ
2020-09-12T20:46:03.452809321Z 518 WIsJ8xVnCqlEPYyuGevcZd8CazFKoiNklXWHBYtz9Y7jXqJpjLQ5FMPFj3a4
2020-09-12T20:46:03.479420004Z 519 YJsH0qba8LWegmDs0xWI7Bp10ObVOxyjyMtXT5fDNNlODeovZinjSqReDeE6
2020-09-12T20:46:03.505635694Z 520 SDZqMMEJ7q8cAa1TIyecqfPYnMleYRcAkhihAEnFcjihhYUyDOi5QRfezz99
2020-09-12T20:46:03.532730098Z 521 aJdDfWRDPGRqHOvIEqxK4mFFwY5k4H5RatXhUYnMgP450tUYmmUNBRZ8YxyT
2020-09-12T20:46:03.559810846Z 522 GRnXNwsbxEIgq14kKPH6AzqcixrwzUMZxGvCND2M4g9drrYoMrzMVzmj4qT4
2020-09-12T20:46:03.585938361Z 523 XVQ4B1KiJB6ZAnAYwBp26tARf1sfT2MQvAIWigCBBnztvRHLhnh8HRYFiux1
2020-09-12T20:46:03.612701032Z 524 T01jC7W7atEJ0g98vTvwg7D7euFcaA2hDx3v030nppWyxc3Zsel9RGWxg9Gr
2020-09-12T20:46:03.640173187Z 525 mXdAOeaFFQupJt0JejYJlxQh2zMelGWGNNtFubCocfhdu1n9Ht7xuYiFfaFl
2020-09-12T20:46:03.666411189Z 526 xHsLonjpqtzKjYxxxkkDOZuYKViWXt6eF3W0fT5t2zMI2ZsSP4Mo28if9wMn
2020-09-12T20:46:03.692141111Z 527 7JYugNpvqOdCmLvapvxbd6NSZN0B3SlyFUMoAdugfm3VCWt0rTmVzyujSwVe
2020-09-12T20:46:03.717730540Z 528 PCpCska96us4NOHFegRE1vEGnvvJTA8lxsB28ST2QRrcI04jxoIxwXclWUE9
2020-09-12T20:46:03.745041389Z 529 fnN5e2ENAMQJ6K4qUPUBJ4qGKS7nPyRs4t0wNhzxCyUYWV64PEwjs3fhCZmm
2020-09-12T20:46:03.772117091Z 530 FbXv696jrN6i5vtbJpTKYn40g69uaH4Vtm1CqN1NmgRxs1ZBUKmJYdvCyTbC
2020-09-12T20:46:03.797427292Z 531 TTXmw5KWoZswYLs8iPalAhXqWF9qHBOwc88q8a36vExoGRgVAS9VwF1LYyi5
2020-09-12T20:46:03.823575204Z 532 Af3uN22Z7DcNIS4yXinWMduSbWZQy7cqbsNf4knq0mYtslayuNgsfeVf6evJ
2020-09-12T20:46:03.849702438Z 533 Aoo0wfHu5Nq39YKlb6VfRRqA3ky58EB90eWJHDaXCv2eAOtZ9BJZa03Jyuo5
2020-09-12T20:46:03.876148656Z 534 bKfXxmP64NvEXMjjPwCYsSL8mFnTLHzvyWPnbtWvtWQYhX8g5H1iXbu6MAuG
2020-09-12T20:46:03.902672348Z 535 AbIiacUSc7xtLkvWM7K238wdgRF957JfKwQnlpf00CEqvlY9hiHNsXZ64689
2020-09-12T20:46:03.928115036Z 536 Y6SUvk1VsGhpToJ6ZiUzpIjIqLz1P1Q3dboloftPDJEI82hFVfUBul22DLUn
2020-09-12T20:46:03.954862508Z 537 z8bp6s6yTZMoPmAnxnHcszCVT32TcF9uQoJ9CUmPIlSb5zWmmKxxXHwtSzgK
2020-09-12T20:46:03.981481638Z 538 WDQObnpTpJqzRGx1ntA87DdUP5LVyeKW3dJlK3xFY8P17dqQ5rAkLHM9XRyx
2020-09-12T20:46:04.008200020Z 539 Ilo7fmuE2OUPm6Bc53e79q842kaBKS1PwhEyYd0uPFJWgu1Ad3fN5yAI4bAO
2020-09-12T20:46:04.034831374Z 540 MSQPhgcUq8zC0TAy2EP9ZvmE2UhvDWOwqcYPOsNhAJHO0NxVNDOKPjQ3SIzB
2020-09-12T20:46:04.060743258Z 541 dj5TfxBR5jmSeNkcyRBBHvUrhcLgMLwMtTUN0JQs5Ljlgp5uOhf7QDCEwRec
2020-09-12T20:46:04.086914589Z 542 ftxPBP1JknJrySV07yccyZKNLvO1hYuMtsPm8LguU1akc13WgulcsPBDelSk
2020-09-12T20:46:04.113178754Z 543 u4Egdq6QRtPlnFcb6Y3Dy7hk5SfozqL69JuSWBs81BzIpXPj5udt8djFG0VX
2020-09-12T20:46:04.139608891Z 544 D2Vuqs8v0JsMiHOXrAVwZBQJQftLP4trnINGeRzbiJsNXzyZp1Brgq0uet90
2020-09-12T20:46:04.166307588Z 545 z04qToFURBTJuUWuTUXzp2tn7i1wJcSnvkvBI46ztwUt9w1dEsYPqKBZLaOj
2020-09-12T20:46:04.192224230Z 546 nbjIsGSoIurhX7Yj1dBKwRFTealwL7mIK03U1Ba4u97Ir8XS8X4DSOn0r9Wo
2020-09-12T20:46:04.217754748Z 547 NpgjjBqTTPG5t4HG24MJDaSrz4V6KBmeqi9BqI2e88ib3rsw071clvlaXzLp
2020-09-12T20:46:04.244434743Z 548 FLhB2R2BLTifBHyifEa5SdlzoaffBPeIRz0w1vb93VWtHoeAQcZW53yj7gBg
2020-09-12T20:46:04.269781601Z 549 NTAg3lj5XDnAXbz8YDIAtOayLmprnnZSoAha3uZPULo86cQs4XFv88utypFh
2020-09-12T20:46:04.296714695Z 550 KxgrbMU1XpPIfY9QDajoy76nVqWzbznIJIz0ByYIDvgUORzj2dCKciXCjmli
2020-09-12T20:46:04.323475729Z 551 0xqCnWO1bbvvgwMn7BRLFkXydfBGK6Uy1Fv0nYEcmtT73mK9Ex00Y2rZRLev
2020-09-12T20:46:04.350011430Z 552 PRrgzs1njI2eOZu2eCGOpi5SVe2YwbG3SXrtdbrAwDKeCnMopvtZmRKiEOSF
2020-09-12T20:46:04.376110906Z 553 dVmN8hw0UxFiMwNtqedEog3PlxRiMb6bdeupbUYndfvVfF0TdE5Twqhf7NEs
2020-09-12T20:46:04.401808492Z 554 3As2omlk5R1bFEj56yMOuFd3Ld3vcY4J3Rf1yzCibCCcb99EYhXmLNvngTZq
2020-09-12T20:46:04.428496423Z 555 j4AjgdwlsjWaI4nZC4riXmCjyiBoWKVJsoF7oBcxOKTwceTQMCc7SN9zfCV3
2020-09-12T20:46:04.454776800Z 556 PQfXZ7RuxKpiDqeXM9rx4nKRY5eJKMY4oRD9zMvaTjT5UqkRgCe3ahU2nNGH
2020-09-12T20:46:04.481415617Z 557 FIUB3pkEHWiecqzoF0IG8TH0ZQT1hos4WTMjiaqoHiDr5WzrVAZ4TQcyFRy6
2020-09-12T20:46:04.507562401Z 558 yYoAxHfIumeJ30GHYb32BW5zkD7mPjH9b1Ob9EbUILJgcsxQdmtLDGahVWNM
2020-09-12T20:46:04.533763359Z 559 mvNT6ZFeyqbCbaybVOZO5MjzitHwd7pRBGgajBJYcb8m6X0dNWtqYfxu0Cec
2020-09-12T20:46:04.560385364Z 560 3Bxxs1jFebLfbrQvroO7GxDkbmAAo0S7VbuMuNpRRQos12jgCU7TaFw9ibKj
2020-09-12T20:46:04.586357650Z 561 vRuDJGbJ5Ru2G8VTV8gSIk8IppezEXqh4MEdh8vaKGx6kJEulDGFP3IWUXv4
2020-09-12T20:46:04.612276935Z 562 CI9jbfCZaQOduy21jU7CLI7OPxonncAa15VOzma2HFRM0hDWMuwmdbQUIduX
2020-09-12T20:46:04.639549441Z 563 mhL7swQ40mRI9xD3Pk52k2t1zB7IMe1R0alzSHZ452dmLuLyya0f8kJUYP7U
2020-09-12T20:46:04.666275449Z 564 FbXFEtQa8i96vwjsiTMibLt80gaFRWuVnQI4raH5pkocYfhMs5PCSJTG2Xeq
2020-09-12T20:46:04.692888183Z 565 JlcyA2vNLJMeq89dhcyUdaviCOhIPg6mmu4C0JpZSIIOpqgZEDQFCf0BiE3b
2020-09-12T20:46:04.719405104Z 566 jZkIUSMZwOwauP7Np8acRXzrNkyCM3kyCzcBRSd1nJnm4pw73mX51FuVmhTS
2020-09-12T20:46:04.745284050Z 567 peXbLaylnejYotoAwC413dT3L7B5RFaI70tRbpe3KAKCazOJewoHEzjDXCAX
2020-09-12T20:46:04.771249715Z 568 8xQWE00kGC0T2o0YGdU309rBLMFlpuznBQ5ZbTkzcXw2Hx3fBxSWoJ9QnlDE
2020-09-12T20:46:04.797794890Z 569 ZtW60cBnQKeasAFpd17HLCZDibrAAE1hCPirG6osyQJgDHjPgy1ugjMqrtC5
2020-09-12T20:46:04.824125672Z 570 5h0CjEiXtRHGdMNwIO8vf3mFTmThZUgIxMKK1qaTUx8btvbc7HI263ihbme1
2020-09-12T20:46:04.850427603Z 571 OpcYjvKyQaTqkPA6IvnVARBK5waFSppPUXJnqWx7MgAmXaCwTk12COxJ7WsN
2020-09-12T20:46:04.876445169Z 572 PTlI6CDE6tTDQbPRev4kuroZNAPAzjqTi0JI1ZI2vYfg0ZSFkhBojS6A9WB3
2020-09-12T20:46:04.901949466Z 573 8za4r6HeBeSd4cnNzAvKvdxikbO7uGbxRWIsdIINslvOsVo10FJ5cmjZPtKY
2020-09-12T20:46:04.929292040Z 574 MT81lE8uthWkC3Md4HafV4H0DlFN9uipLg2hbSUlnMSqf4Cxwy1MOlnthAII
2020-09-12T20:46:04.955240301Z 575 h2rc8FuxFL6kRXuLogqY7LCW1wx0PheQeVzS2FMUwD7ZMrbUYfStVcv456pq
2020-09-12T20:46:04.981584777Z 576 RAxcOHqu98kz8JmV7EuOCplSLZh2h1RttMgT6vdEIInwXUhKWXgkLZUtWFgR
2020-09-12T20:46:05.007812096Z 577 WSPww90HagMsVr2lrSj1hgyr6Psjd2yjyxZy1XHDNfWMrts6QIRsv3rURjuL
2020-09-12T20:46:05.034699185Z 578 Py3jKG17GxM8fuu90w8EtCVxcujq5Tb9k4TvjVnUGnEEpmU3xIJqqeJQk1lS
2020-09-12T20:46:05.061712180Z 579 EV67Guc4nV0NZd3EiQiLtCcUvYiJHcaVU7FQyEVGtpJ3M2j1Ji2BLJcRUpbu
2020-09-12T20:46:05.088628851Z 580 nolhA2r7kXFQRVDybwixQjdXQC223srRvM42J09KYeYuts3bqAEDF4HyX8QY
2020-09-12T20:46:05.115121278Z 581 vtAUme8h91sGlFSFnlmPH2QpotsLKxSINEiuQujbQ8IJxgOSpv7cZ8iUrCAx
2020-09-12T20:46:05.141337062Z 582 ruyRmS6uqQqNvzgaRleSm8itPyg18c8AMplNDgMRvRBi9pQfVP6jOqoSH9Zv
2020-09-12T20:46:05.167242383Z 583 u4UNcaMoHSvMxYYMPfTimOkp8P3s5zbWbzYcFVznuH5PKatWrngera7f96Bx
2020-09-12T20:46:05.193658689Z 584 Pw2pRcH3U0peO4oSN2LcYShT8VpsTduIjXrABcWaCfky2KAjrAUtndjzPlPm
2020-09-12T20:46:05.220537934Z 585 pPEVUWvdr9nxLeK1Nxd9QRy0LEmUqJ7ky1bXGIdLrGon1CZefCJ0FPDvnAiz
2020-09-12T20:46:05.247250709Z 586 8O4Fv6ZoDnVX36hhvpZGtV49IGEsH7slLHarQzsXzJN8axbuOkhY2qjh8q0R
2020-09-12T20:46:05.273348760Z 587 M8HRkLspBMNgH5E2XnFQ1NsaO3OnwTMKgjxK2IQZZv3w5S1DStmLdS6X5aBR
2020-09-12T20:46:05.298879147Z 588 kmsDXXlOGpwadmbaNKWoUJHRpnZSutMgVGKwcS2WzKwnIZ7OBMLnCEonpjOn
2020-09-12T20:46:05.325652692Z 589 rRHSoa0ExbRGh5Tr3ACphjCcQa5phIKZTQQ30ctUIrEAe4YUULWa4PEhvCRU
2020-09-12T20:46:05.352766202Z 590 Rbr5ZreuYcSP3A4no0dTzzmgEp1Xy9UdjU3UqAO9pl6bHjF3RuM5h3kLF5OO
2020-09-12T20:46:05.379113292Z 591 KafPZk5PekXkzgsatxtitwhcXgOsaiR3LEFirrhGhA2NEabMljBrnLXF5kBQ
2020-09-12T20:46:05.404883056Z 592 q6e6LupAtNNnsXlTaze9KBVdJbHEw0wl15nqyuT4Uq1cRxta8LUyWwUJ0Zdq
2020-09-12T20:46:05.431246302Z 593 c5b7iRaizw9jtQfrn2FpoKsuBX0ao8YoUGEnKgmFG1TPEwYicSaphY2kb15Z
2020-09-12T20:46:05.457309290Z 594 dJU10JfdkuD59vrWQuzHHcg2mqpX4388WNkOd5GMYymUVDhGtAHiI3c7Cko9
2020-09-12T20:46:05.484275267Z 595 UG9ACtiDx1LjwzrkNeYp3RKAtexADmleZa3YrkzUMOqTGesdec6Ky9N3LhPB
2020-09-12T20:46:05.510854646Z 596 VxcPFwF1i0JyLRZztP55T3ZMI9ZS9ZFBnWFgMuKRGZYiroTGGw59m3onq1w1
2020-09-12T20:46:05.536977938Z 597 y8axXY47D5m2VIXS29YcFw85ZpvcocvRo4v2JAmr99DJBoXoJTY6KXWy9QMi
2020-09-12T20:46:05.563519776Z 598 SEkirPwdJiUrXakoIb51KbXyTcdh5Y6bxPHgyTpzuEp4a6CAdEvAkN6R1k5v
2020-09-12T20:46:05.590735630Z 599 YHuXGT7mv3mmSJMGApSfqrberp2vIBxj0YrP9i3JnWRxZvhxXNHRVf7nB435
2020-09-12T20:46:05.617492366Z 600 AkPOVEg17QxvpwyoWPBVtPvjB5qse6QmkivOMkI88rSG6pwHneCCyVLW2es3
2020-09-12T20:46:05.644144185Z 601 pGl2HeHr2M5oY4VjjaNNp6dEP3TijmzPjrBt17MmVaA6daCVAq4nBuX50es1
2020-09-12T20:46:05.669929192Z 602 UT9qjYuul8wlpYrQaB7kIUTsjAXpfKtvNXnBzm1N1UNrWOdpIGm9M61gs3vS
2020-09-12T20:46:05.696567248Z 603 TfhcHrqqgv88E532hzyQZ2DcgMOrc5Dbiw6puYp0rqcXwqvk2Vak0U8IwrgB
2020-09-12T20:46:05.723762364Z 604 fOM5YeffZ9kpwycd0oX3XP0MSDDsVTsjrFGqZSSL7UqBf9n3fBAj2uBWWCVP
2020-09-12T20:46:05.750547316Z 605 kw9e3Le75KjN0LjynotJGkl7Nwaaz6d5rQhBhtys9ZTU2vnTWKMMevQnHSQe
2020-09-12T20:46:05.777230736Z 606 9ogmFW3dVJqUILHOXD8u4EkNnFgV7IrymOdXUH9pkysCVZpaeoo3kjDpMuVa
2020-09-12T20:46:05.804686523Z 607 eR7BT9T10kbuMCmG34n4aRAy3b2BcGhpCuJyg7aOKZDZyRgpkaogrI1oKwWk
2020-09-12T20:46:05.830904082Z 608 QMa4EVVRlLucOQVJQHbzF8HBjNwWbWFr7f33DJSmeyj4GtPPeCQmN9oEnZPV
2020-09-12T20:46:05.857360156Z 609 XFdZqA0MIYt2UofCrtjKg6aW7WijifMDOclLnGskgLymgftV4TQS3KXzSILL
2020-09-12T20:46:05.883825891Z 610 f23vpGrXCdNvepIRVNS9kMGXOPvEzHc1xYpcRkJz6xbk2NFrmq95WOVaAmUm
2020-09-12T20:46:05.910524180Z 611 dQwylF8XHX5kXwBQCvOKfcfV8DAkDDrqxeEvC5CVyiJjdW82aXgsdcS3riPv
2020-09-12T20:46:05.937756993Z 612 3ZrDMnfyq5jd5iUczvnBbI6DcrJjcFEpnI7Hnl1y95gIrM3fWtviSWTxiNOA
2020-09-12T20:46:05.963592945Z 613 kQYeDUXF2cZRFusVEG0PIHzO0XiRoER8KyMEjQmsoJvpbgHK0ICzbVl0n66c
2020-09-12T20:46:05.989363145Z 614 aZfkf1NcNDHEQakjvpXyBumEr5yO18bkmMEa685V3mbj5aUYzNyYHvVUQtqu
2020-09-12T20:46:06.015095099Z 615 ZOL8GYkD2QuKyziZ7HpW4yQ3aenH5S6XPEcq0xbKFu55tWdJ7UpSU0hxlpHa
2020-09-12T20:46:06.040994792Z 616 OTkMLH9rdFnSwyRTfbfA7TSDcapJk8pxrcoSAi69ZOAhXeokkoDOaa7gDny0
2020-09-12T20:46:06.067157800Z 617 hpCECVp86lyf0s2Q1VglGCHN6bHSsmxSQ3BZKXaKbgpL9PurEuHi0ceixcuT
2020-09-12T20:46:06.093790293Z 618 8HruZWGrLJugiAC4wMzAfZ6qtoNKya0qiQCkWMN6EgFpwYdVGwxj97n3Nlx0
2020-09-12T20:46:06.120569043Z 619 0tbIBiJ3y034uOo21fL7g6lx3I0LzcfhPEtZVXyQDmcvsmC4baxcJ9CCyz5g
2020-09-12T20:46:06.147597473Z 620 s1bQCY4JjMvRggP6Hzp0z3iemtHtFLwUjfwOzM56vqp78zcMok0t4gTkUS1F
2020-09-12T20:46:06.174045994Z 621 njDPZoHgok8aFnIlLz6QZzQM4epXsarle2vn4JB1y9xZvQEEJy37SJhcaleg
2020-09-12T20:46:06.200838159Z 622 h3dxOXeAbz2qShyxglyPlcIsZ3XdFzbspjuxrTveUswylx5OW7fgwxKabTaL
2020-09-12T20:46:06.226955643Z 623 KXdc1RLKkDD4YjhtlUTCcMz5kldzTzFeeerUy7rY93H3DQVuRSbTcMYMTAHY
2020-09-12T20:46:06.252875050Z 624 WZL4HX4mgt6O2sTQX9LgIIkcK5nU9WGaaRHvzVZa7lI0p6VEtooWODHh4K2I
2020-09-12T20:46:06.280004180Z 625 05te5KQOlrcc7zz3kjABEwfsUj3wABWRjazrp6Yo4lhG9df8JFfe8FfIIXAS
2020-09-12T20:46:06.305842830Z 626 TCPo4PWwB6RQui8emIUQT8rLtc04aTdJGEfwo58GY5W0bAPriOzmedi7uvm5
2020-09-12T20:46:06.333087619Z 627 A8X5pTUfGSyOE98akH4f58gtkC3cjJGmRmC17IpuIbwGr2JRqgsFH8dtCwhe
2020-09-12T20:46:06.358806505Z 628 5aSqAMjEV5XKzQLuH9xpCyEUpVhzuOMRlkwsyIPuuhkE5qqwJE3kEAomGCjS
2020-09-12T20:46:06.385465082Z 629 tJADcvfcr2ShLrUgWg6a2dvjhiYVP0mfZhe5OYYASsfQHZxNuANGWFG6Jrvn
2020-09-12T20:46:06.410957633Z 630 1sIqUiXTHK4dLKIrCWbQx4BCe2JKZ7iHHYj5I0ibxpybGENsGBazUz2ZRKDd
2020-09-12T20:46:06.436920800Z 631 l5Cteq1lBzuJZXdMGB9pWPO4SAfhNq5CbYmvh1vlKdFXIOibDch7S0VbQhFe
2020-09-12T20:46:06.462896889Z 632 4aoYwJJ7lacrWI22PkCdNGgVuoQ9Zwd1S6O9Dzi7XcAoLpRUa77dZnuqQ8C1
2020-09-12T20:46:06.489147189Z 633 ric9nMXjzzcHScFuTMj4wz8nHcIbsk015ROvjAPiStOQ4DipuXwajNCpmD59
2020-09-12T20:46:06.515725980Z 634 0RtSCwgU6pZPT0mZVE2gLepSaBXE9o3pFGU5HfnZ8vNzjEXdovl0DDUQfYO7
2020-09-12T20:46:06.542484212Z 635 Jq5u3qkNfAdmK4yXYXQQrL2FEONatrdsA52RoEP80gRoVyXHcRdgMUZZuDve
2020-09-12T20:46:06.569035816Z 636 Kl6udpD5eUGV40CeHCw7XQkP5flaGggU4zc47L5bL4jWBEHWtUtV4FHepmYh
2020-09-12T20:46:06.595788085Z 637 vXKTLIm061FcxOSIrxNyy33LwrjvyWa9xoxxIzNcl4aUQHgMwvjsJlly7lYf
2020-09-12T20:46:06.622314189Z 638 qDYYltQ2VZrrdCuGSqByeWMoEQc0rDxnuQhr70UKOmuAfdBm2sGmKuBWutBo
2020-09-12T20:46:06.648483133Z 639 kukcz4aOmFMnxI04boqEnvp4OLnMBb3ACiOvYwPcl5oieaoUyhFr9UJfpnQZ
2020-09-12T20:46:06.675531150Z 640 j9wfvxYCPk6mHi2cReZDhfB0m7oS4GGV3ErAR9EtbBZwdIyIODV0EDNfvLT2
2020-09-12T20:46:06.702439876Z 641 V4Jt25jdjSSByWHxVHG2l5guy0iWsEnmwgCSmixrICzk22jSWjev6EEZKDF0
2020-09-12T20:46:06.728952931Z 642 ioPfayhwubDfXucIVmBnnzuMrkue8tLdXfPDQsn8tAlYIPmKUvW06vUWRlaP
2020-09-12T20:46:06.755378733Z 643 1og2O3sTJEF3ZChGlX0rrO9YW7Uj1ANgTg56C5qzpOBebjPJssuuSjEcQETz
2020-09-12T20:46:06.782669436Z 644 IOyPtgJ5tZNO5epKQvIH5drtt9HT300C8qH6puME6Ivk596NS2cQ7rFVeEfz
2020-09-12T20:46:06.808404872Z 645 bL49YQNaQrjyNasvooqDDBlBxOVu9LIbKOeImi5aI8Sq6GBHae6EG0VoX9Ye
2020-09-12T20:46:06.833768179Z 646 yihI3fI7KM617vtrM9vkWc98GIaR9IerXr56ASNNhtxdsHvJ6FMag4yJCM2w
2020-09-12T20:46:06.860492739Z 647 iMHBBMLqhb3kx7jdfEsZ3OegmcDZ5fYrvtx1TC1dmSr3oVRlyPPoZbu2a6zu
2020-09-12T20:46:06.886573060Z 648 QDm1pFd2YDtBo8FZHWEoNhb58ooxwySB0ENX1LggTREyBria2nbSFvwK68A9
2020-09-12T20:46:06.913287235Z 649 wSgkvpdPAaPsK8WOUbrRc2Tv0H7847CoZMwQODzcPDUYghfC8TbQfC6NTvfP
2020-09-12T20:46:06.939192748Z 650 YWJS5aTiUxat0ScXeCHwBgp5KGJ61WlxQklZB3petSzUSgUF3nQImc5tcIRs
2020-09-12T20:46:06.965658798Z 651 7p12ZRosKodeoxgGz4owY9qOgd6m5l8t7zpPYzIQZXBQ9Hg1hpN6lm2BxjIF
2020-09-12T20:46:06.992405879Z 652 ZdnLtZoq1CgrTlWMJhUWy0VlKYr8dpMXpILcgTdH6JDKBesWXoZmoJql1Cu6
2020-09-12T20:46:07.018156303Z 653 7uxbMPsahIA72TrbrWoM8wb7k1ZsMh1wvxagRighRizuH5VzZTXe0em8A0Mw
2020-09-12T20:46:07.044122426Z 654 7fnbdeeauSYRciAMFw263bDVWKz9HqEctZdWfK3tCbOgXgtH01lM7JHIN8mU
2020-09-12T20:46:07.070044556Z 655 3itMwQ7YJrSZXaM85PyEqnw0PrTTQbbARVmNN6dspKBg7FRYXNbccEg7S6RC
2020-09-12T20:46:07.096555612Z 656 ptzLcdw1G8RZb4OkapeC7ZG7wBoVwGJWKSLkHGNX8JFHlnWzaBuFTaeDIhPO
2020-09-12T20:46:07.122933748Z 657 K1kJuBTsO20TJeguGE0NnLhjoFNP27S3zNiShqYIPIdapulChtq977MOFL42
2020-09-12T20:46:07.149524965Z 658 aEw2rk7HKEW4imv3CXpX5jR03Ss7etVo8fRDPS5AMfZvUHyBIBCFnm2NfDBW
2020-09-12T20:46:07.175491737Z 659 3YnZK3Ktoq6SHR3ya84Vc1tMHta0VApuU7ayfPnIc0nfPcF4QnzlNYC9sdGO
2020-09-12T20:46:07.202000210Z 660 x37U4Ghd46IsPnwNwIJns5LBJYO54L1fpKm43VvoEMORt15FnTOfOETHmf5Y
2020-09-12T20:46:07.228112223Z 661 wH3qJ9Herrtt3nP5HIx8tHS76XaKdmVSdmwhfedzDKc8kVUd8wKUbCXevmL7
2020-09-12T20:46:07.254510158Z 662 bdF9AsQk6fWLDhrSNznGUYOxfcULVTipWspl5pOVMC2bn2YlSwgNdI9YZNMD
2020-09-12T20:46:07.281017603Z 663 t6wix3WaKUOhETKJQFuHJjtv1ERze5oymYrzZky2QvXrIj7yxbd01LSbPuvw
2020-09-12T20:46:07.307412682Z 664 tEVxfXY83KCkepfeVAKaEZctw1ztw532O1Px7BtTf4zMipnBZwyL6t9yRSN1
2020-09-12T20:46:07.333383736Z 665 8sSBru9clDb0IhUmj9zRd6EGrHn11fismU8yTVi3TJ6GYUccwKRyZytttrSl
2020-09-12T20:46:07.359064187Z 666 bIq5HeDGRAZnA5OeCy9c9s1JnoahbFnnvSiNuUfOMkXykVM6SmlgkvKDLo32
2020-09-12T20:46:07.385420508Z 667 YhDw1msrEYctE4tOWaobVIxcjetHgsTNmZLiy2iD2GYLae29HTNYFU2PMwIJ
2020-09-12T20:46:07.411191293Z 668 H6sVVjTkeFNMtcJTaLZvYK7H27vBoqIQhIoFq5U8FTwt6vcgkf3x6s0qDzSf
2020-09-12T20:46:07.437750454Z 669 FIAge5hLuRbJPCgsKsjeybL9tH90B1ckRHBfVezicyGaV7yR7fVxFCKv2IqM
2020-09-12T20:46:07.463844286Z 670 q8WQ5XpMnWnlLjSXNu6ov3H6lTgw463xvWkk4bNqVkAEzLSd3tamVaXFztIZ
2020-09-12T20:46:07.490834626Z 671 gYfNUSqcHRIFuQpzkSWEwZTqbOpck5YJQT6UAYmIocpF7evi1Z2ZZEVJf1Cl
2020-09-12T20:46:07.517642639Z 672 LoOt2CbLhHOR4WQJuMrd8Gzg4Xfo73PSvkSEF7Ekim2B20fHPWBJMxAr565M
2020-09-12T20:46:07.544259047Z 673 S5fIW3l2qHgE0HcJIcFkER9HqkBJA5G13sPF52GjlesJjimqOcdjMIGGTVsV
2020-09-12T20:46:07.570632476Z 674 6EbuWTG5AqqIMqvlLYkMAroMnD8h9hjLe4gAbgEsu7AHTd0j51RKqsJwgru6
2020-09-12T20:46:07.597439653Z 675 253CNUSpJt9M8GlQkRdcfbMwTekwR1DsJtimOpGahpso63qvTcUZpYqB97nY
2020-09-12T20:46:07.624458202Z 676 WNDFWQdMdbrAu0fWRMN9fdNhIymVWDmbZJTOqyFDMv20mp8rIhwXUudQP4L4
2020-09-12T20:46:07.650460550Z 677 PMrEpJNDw3pu6sc4QInqP75xH6yFkfaoiM0dkRlSJtmN766cD36GjMdA9mAy
2020-09-12T20:46:07.676686173Z 678 JZkyqCJ0X9pLvpHomUurJgrnrX7k89sh5zFESY8FSS8gYXrNagZvojScxRes
2020-09-12T20:46:07.703089431Z 679 djmBhtz04lOKIj0Us4jHrwUE9KknoqrLyPhrb7EPv0KOPBPxdHQWzCzvS00G
2020-09-12T20:46:07.728923254Z 680 rr7G5G6Tt2mP38jNH0VNRE9ew2HNT2dXPL2imEcnmCM08M1HKjG7VehUmCY2
2020-09-12T20:46:07.755444283Z 681 RTWff0aKlx0qH99efZns7aJNeGKUXIthINswgYV0Z4FyogWJrTAH4354W39N
2020-09-12T20:46:07.780978032Z 682 TLu1ajXMUKy31c2CfnOiICOQ76s6D88jVA541cmdhlql824UGKOtVXBZS1bs
2020-09-12T20:46:07.807240398Z 683 T3aP2yUxnGJITNFPvlRYeUeSCatusa3iBL0Zta5mQwAApZefh3w7FplKBvob
2020-09-12T20:46:07.832937692Z 684 JlNenmGXHOXdkjGBxvX46KwzCJwWxWdbB0QjI9aD1cvDPflhqiwZjhb5tDfg
2020-09-12T20:46:07.859114562Z 685 6H1Ui65wceIA2uqS2nvN0F5WjeUZ6p03uiJoarJBuBa65vKgkdA0XrwYvOeN
2020-09-12T20:46:07.884971044Z 686 YycfNoekIrlaJc9lDZJm6KT3ZK99VzTUZhwjOyoKwuJGCcfRtL9E69fIzpEh
2020-09-12T20:46:07.911119127Z 687 0SJXg41A269ODWX4tjpSztm2t28O36UakLSPSwLe5c5N1XqiBZxe0PdqKljr
2020-09-12T20:46:07.937006914Z 688 GaZvkMNaHIJOOpLvHnhVPwVwy8PZryBVs6c7U8ysfG5TAQb89Wyq9HoKFxdt
2020-09-12T20:46:07.963305093Z 689 fwDPQzTZjqxaZFgHDS3rBTWJpvBPh6C9hfsZ2yp5D6VAQIZ3jIGxr2Ld6MY1
2020-09-12T20:46:07.990323673Z 690 uerrXjmLTQLKOsdiurmw1q9NEmBNU1CzGRKlZyJ7o16jTlXtSHKR2QB3Mjbm
2020-09-12T20:46:08.015948109Z 691 ifdQ86gfxoj8ZAtXfbrkM559oihdfXLpa3xfbX8X0U66OFBzxNhSnTPro2Xx
2020-09-12T20:46:08.042162984Z 692 dvWCl1hieR2vBcHqbTXrVfbI48yM9zyL3R9kHNLymPkkir64b8oTfPABRSCy
2020-09-12T20:46:08.068674049Z 693 mSUzrt71d6ECxr7vE4j5h1y5ZMTSfhnqJomSsULq7WcpZt7ljCVb8aKkjhYB
2020-09-12T20:46:08.095755050Z 694 IoklsKJeQ63JBV92SeB5cTvBoh6hL70cOJGK3h0PD9pzJSDqRtrO5NuS2abR
2020-09-12T20:46:08.122603646Z 695 wIH6vrozFI4pq6BTHvcLnHY1Oo8XDTr8QMjVS3XluOtReeGxAuQ0Rh52k0xH
2020-09-12T20:46:08.148100412Z 696 AOGTULiUsr8Z0hvxIXHQ0xjwlg3E6ScHn9PnWGDPHpKx8glqxPKwldwa4MwP
2020-09-12T20:46:08.174377199Z 697 A6kBQoRNwEpoE76PWe7RjND0djz1tW8T5qT0wPejeEGWCs8s764X4qu1OAYU
2020-09-12T20:46:08.200821103Z 698 L5NMx8gdgRssT9JjdcigKghVrO3rbu1a8rJEKlHUiTCMzMIyPtKD7bl3iV1u
2020-09-12T20:46:08.227759168Z 699 IQBduA2edY6LU1OXRxWO0LobyTrxnmPDpnJRpEnCiscs2oO2EDjtQxXB5Xgg
2020-09-12T20:46:08.254814083Z 700 JyhyzQDB7D42bgtdKkXtgrCwMNlsmsaMoMmWKUV0cjDENEA4y9blxC1WUB9Z
2020-09-12T20:46:08.281471855Z 701 DoyAUvHFYFNHpvJa74QVioc3IJiQib95tgzV2If1X16EE7a2ipXkCVFCJPMZ
2020-09-12T20:46:08.307590054Z 702 oyzx5u4LSD5C1vkYCW5VR97DnuZZsy30MDQrBEfNOE2gDmBSy6bNC9OKduPu
2020-09-12T20:46:08.333361987Z 703 3vPOYr9bhuABz2PM1A1oQHKI6BGz0XEKeHhtA6N0PGgZFXlDWNFgPi7vzA36
2020-09-12T20:46:08.360834379Z 704 oT1lRez1eLWbDylQ4VSFAu58kyRkEIIYRiJaxAujjWACpKUIOx0OXaWYuIUW
2020-09-12T20:46:08.387661916Z 705 oq3ulMVrb4DcGm7CTUC6NdBd1yZQpEkkrPLEMqD9PooVIDvJBxCJ5ggl2r9H
2020-09-12T20:46:08.414147793Z 706 zVBHV8rGrPkw6S4gCMaY9Z7U719Z9gL5dVQ3cx2a3UwuZn7Y6SePwGpDZxXO
2020-09-12T20:46:08.440676358Z 707 6aA5idHE96qXQlvD3PpwIjsDnSDipCv3XGyVQgIE73tAO5t36LNbaxcdhjLu
2020-09-12T20:46:08.467136610Z 708 VGFEdvIpDyOaK6izz4728d8NuIymswmHDPbKHLICMmWBEF8Yy1AZiiL3M9Fv
2020-09-12T20:46:08.492834969Z 709 h3trodvglwzFad6XD7LchR81pqsONdM0LAc4zCkbUUqY8NPy0F1IXMl4QArN
2020-09-12T20:46:08.519837674Z 710 ZgSWhiGYmfwUHF6X70hNSmRKjTM6zYPMN4dKl8TJP57RLX6zOSPAg0Fso7Lx
2020-09-12T20:46:08.545858658Z 711 ImdKW2laURF91JJ8SnPeaSI0RSy9265HZOEr4uIHAoQffO4bPjmiHpyqZNuQ
2020-09-12T20:46:08.572022850Z 712 nQZBDfvKtNqwTPceR6tEJuqX8vym4W0j1UWjqIgDF502G2gwnoqgHXHnl8nX
2020-09-12T20:46:08.598606193Z 713 ay18pO933MFXDcLR9wkmkxNibnW39TrfxVY7ZbwsiBVc5c47tWUKbcA01ngC
2020-09-12T20:46:08.625443725Z 714 C62mYhR3YnPXANuPUy7tS0EbEtB29TPf4Nas1XOrGVQTE3e9lnwV6U9u23BV
2020-09-12T20:46:08.652164306Z 715 Ck2DWx49P8KHNjyycAT2G8GD6l8zhJWxffEtgQRgRGaf2sd6d2JQw84waa8G
2020-09-12T20:46:08.677710260Z 716 utAzrC5UcYA9PEhbwR7tpneg9oyb5915MHiKYE1R9gocUMOL8Le2Xv0lKfiF
2020-09-12T20:46:08.704364195Z 717 8P2dJ9RJlCjJGV3ah86Rd9QrIaMbCwlevdkw36HNK2Hc5CMqhLv3yjoI4x96
2020-09-12T20:46:08.731124787Z 718 chIOYb1pozjoIibtVdwbEzNb1vYQJFDUdBk7nmUoVNIdC4ZhyveL4yv4bSh3
2020-09-12T20:46:08.757717183Z 719 ZsgHb0Kp5WrzgXcr6XY3L6EuUxhRRVcGpj1MxExLjaCtOXAZaXdnhtxa0fq8
2020-09-12T20:46:08.783934847Z 720 3xdR2Kowh33ixXTlR54tMwqMNbDACtChU32rNKGi6ZredwpV6FSPaFXC8Sg8
2020-09-12T20:46:08.810167968Z 721 TacFo6JHOB2q4X0rE3I2G8ft7JjO4BxtGqb7GH4Oz0uEeAmRZpJNqJ6v5BGo
2020-09-12T20:46:08.836146786Z 722 SiivvaaexPwEns4RxonSkVGqbGJieOWLf8UGifK6VVbfRVFODTEvH0EA2FGa
2020-09-12T20:46:08.862374434Z 723 6vBYdNYHPgnd7S4AbcXSeKF6FfZdqtOLBGypdXfsHkD3vj1j1spYh06e3coD
2020-09-12T20:46:08.888601168Z 724 w4sHOs5OjJ1NjdMjyoVnbYbHrxvXYekdiAzviqgtRw1pkzoFyJnx1hyGyGTl
2020-09-12T20:46:08.915998357Z 725 Ns9kcAlWh6v8xfiSqr3eOZ3C6A6N2JUgA1lxcagrTlod7UAjHkReADd2XM06
2020-09-12T20:46:08.942889995Z 726 yeQjQRmFRHEp3EMAnVeLStg6wBhnGaGytnF851C843Te6Z2qEtzqCSrzDNM6
2020-09-12T20:46:08.968851599Z 727 ydNTEwNN56WcK4XKW3HBRWVUxU0U4lXtM3baUEdskwUJDqNmd3Yn5HpuqOoP
2020-09-12T20:46:08.995452553Z 728 FZn0KWMSGh803fg7waJpkV7acWSix0ppVHNA68mSFddviXbgWxZvQ5eolPgy
2020-09-12T20:46:09.021288503Z 729 t9ErpcT4MTiBqDTE30VGNrf4WUd1ihI4GqnEl1WmLmx0MFFs4DUonXngxKPd
2020-09-12T20:46:09.046736070Z 730 9a0iJIlZIude87qpd5gfJYZ1YMsBMbWoRZBtCXg73iEpI3dsbhlFe7uLHr3v
2020-09-12T20:46:09.073688886Z 731 VKx1kSJYmL3FXg5eCm7xLcBDMIZlZYOibYQ64n1LD3UlTKxqlGjSCqEtT8a4
2020-09-12T20:46:09.100347443Z 732 81hXJ8S1Ho26RV8B5wzmVYOrmU5sNdHb5FtKo2bo72QPqLFLbn0ULJ4W4Ole
2020-09-12T20:46:09.127339414Z 733 nFwHKXbDKPNuiCPtL0xF8t6Iwhz3G4SiptCpprvQIN4TsfdbEVasEBAQmW1Q
2020-09-12T20:46:09.153364392Z 734 llLH6MYe3QDfPprId2zuaspzZhTHzaSKufncgTLPJglQH59jBfTFcxiPr6Tw
2020-09-12T20:46:09.178640126Z 735 g5NbEY88UJqnrZvEu0fHvClhvxvvO0Ia5iY4FpP8cc2tyafWCSu1pkJAT8lK
2020-09-12T20:46:09.205183235Z 736 GGdkfui4EEDDX4crGWm946rINWRpK7q7m3FPotZfi2NLz0V6ZSjA8G63gjnH
2020-09-12T20:46:09.232124770Z 737 BS9RWbbDc6aOLTgwA63F52MkAm7hszCeszBpMIr49W6beMVwOuEuwYfm5lQH
2020-09-12T20:46:09.258286672Z 738 bHfyNOG1svnCkDEk3fXRTGbumCjwUx72Fn36EhOoqKwMn2UJoo8KvcQ6JeDD
2020-09-12T20:46:09.284451183Z 739 HpdLFQDrsl2tSmNvWLylht8R9FOa5Ji9q77lDcadb8m4AQN4oglIl06CVACt
2020-09-12T20:46:09.310032274Z 740 GngB1Ns2N3McrjZdRD2E1MPFJFV7afNOV6Z3ucHrR0lXsKwTJE4CVcWzQngh
2020-09-12T20:46:09.336232690Z 741 ECyJlOJI7MhXFsMxYND8gXV4rSPiQnwN2z7dPUXjfsMk9Vs56oCsRuxqhSOm
2020-09-12T20:46:09.362823627Z 742 rXMCj3W8yFqdIH7UYFpdvV4vw7uQkNGYmV6f6z3NylzO3UOA0UesDKhmplMf
2020-09-12T20:46:09.389491210Z 743 5neqDLZHb6Pa5BHZ2yaaZQstMMONWlKXZrvFVQAkmMN9pyACiUnDCLIyTKJd
2020-09-12T20:46:09.415278846Z 744 LWkgFCALch9ZlcxsWJOWMHUvz9EN5xiNW9aU1PXHFYj2PqRTqmmeRhjEUDgT
2020-09-12T20:46:09.440847056Z 745 ipcxBD2yo8IK1qA50wLtaxMxToEpFsYHfflZU7Axb3T7WRNASlpby70voO7M
2020-09-12T20:46:09.467566166Z 746 Z5pscEX7uC967P460tRXOLJqh9miMh0sJ7bDfd3cLpbKSYOka6bjACGFEHfe
2020-09-12T20:46:09.493499015Z 747 W25ChWR3QbgL3E6BpzPVKxJkf9klcCTFo3ux1ZhxeUykK2Cj4DQaYHNiHBhj
2020-09-12T20:46:09.520164999Z 748 g2KudMaDiOXXbADhkkWgwB1p3dEybCgqCxXfV8SizH1u4y7kdfSduIkD4kLO
2020-09-12T20:46:09.546480827Z 749 dBKdcuQApRdWNBwOOn7Bhs8kLlSL8PDYy0EWj1k8dIl5LDaMnOuRPfEG5cXF
2020-09-12T20:46:09.572805411Z 750 63bF031GMHHPpsDyLVnaARQxH8irg0zJOOdwaOkSku0GVYqRSrapDJj9ro8p
2020-09-12T20:46:09.599931262Z 751 5QPExJUr0vcDvZxrFzdoZEsIfavtRDR6FTRjL7LQB11bx6Dsoq4lvOHDS5dC
2020-09-12T20:46:09.625932711Z 752 y0chuO3JtJy7mYDLQiQmgcoz15g7YQ3wj5f7tGfZ6WT9BpuwjLQDJYeq2ShP
2020-09-12T20:46:09.652513394Z 753 bsbRFWE8mOQ50IvAqV6LKZ1FJLm6Mbf0sLakJq92o9Z0o4Q2zthSUDYZlpEx
2020-09-12T20:46:09.679084702Z 754 8SGclDbdhmDTZ2EQKHQhfQ8Vxh7lPMdrZsQhMcTFvg3ne1Gl18uar9rAXhq9
2020-09-12T20:46:09.705382542Z 755 ziDTZrvj6H3O2nNW83OhQBLhI3hYjmgWcqZs1Zyuyl8A0JLqgkKc7mj5uQGS
2020-09-12T20:46:09.731831671Z 756 PhKJir0mCuDemzKHJEEmdFwmA39D9wQ527NszLA5wz5gWwH9iLaO8uBcRk1M
2020-09-12T20:46:09.758275495Z 757 weppOPtU3OyueK5VgR8XnDz8RSNut2m8AbhMWiOsTv3espVUlXxnXYpqgqGB
2020-09-12T20:46:09.784315846Z 758 ZAyVdD5n5A4rkmDdWSufL38bShZj1q6b99jg5k6zDDl4VQrPigzwLwmefEC0
2020-09-12T20:46:09.810159156Z 759 ApWJhOx8dAZx9ha2t5lsv4uIASFI8IjbedzVE8KqHICNIhzZDKRVT4Q8uQsJ
2020-09-12T20:46:09.837241522Z 760 NXOjD5kjyS6VYKYfAevzaYYqnIjb9sVu5JEdWga36JlYJfMGRvFUAJsxWGpB
2020-09-12T20:46:09.863896102Z 761 iSNeltmYhKpkf7ZcOyAKsaidaQdAeiYNBZhJ4FbA3SXKaHYQAfD0zkCVtt53
2020-09-12T20:46:09.889101764Z 762 HFdnlrQ843We2x6wTyIBoLwlP1Wtwmd6Fy2rjnUguQrqoU48v2OgEkS7tmEq
2020-09-12T20:46:09.915231481Z 763 Bkcooq2rvoMMbEru3NisqAx1NmmM33qOhCdogUPNf2c1fnqTO4epw6rHoAr8
2020-09-12T20:46:09.941238408Z 764 jnGIVrnVeyoDbltsbWCOYiWsUestMfJpyhvDIGC4iP75uUJSs8Q33g4fNHTz
2020-09-12T20:46:09.966957947Z 765 epxCCRUZCrQtMmcR2kLYV4VbQtaWP7Kg5TU2zqeu8WwWTpqthGEiZyBUURQc
2020-09-12T20:46:09.993330072Z 766 xET4060tEFePRGPbJGT3r6zlJwTlmaO6JPXiXoA1Xfz4PrA1iw38zRo3DjKN
2020-09-12T20:46:10.019952736Z 767 QxUdFINVWASUiGKNOK2PSvvxxl4TTfmaHoFmyryIS6MtPXwIGRGvU3BL8Z31
2020-09-12T20:46:10.046246278Z 768 iQo5guCBStegchRh9SU8p9fdb0WqT7RJkM6JH7skGbte0vw9cxgxybYdlJGh
2020-09-12T20:46:10.072638278Z 769 u9N2Ctt7PrMADhmMywagZvR0XOLJ03Bup77uPgteBtDbDipprDBkLY8ROkGy
2020-09-12T20:46:10.098805697Z 770 kTa4bmAtM5d12EWbTgKHW38onXkl40jMLDlniRDvOX8vIKpGBDAL9g2ClJjf
2020-09-12T20:46:10.125186131Z 771 XsO4ZGVyaHVpLzMQAgy5Lu1mzJ47gIZ9WkZnI260yr6Z24JvrruYL06Kj7js
2020-09-12T20:46:10.151051436Z 772 gqJoDrD9qjYFAtUHwEZqyKxrQzn8nkPIyI54oGdz22dnmlOpkNZLByyRqXD8
2020-09-12T20:46:10.177384997Z 773 TpQRZGzTR0DOkDFwdXc4q66cdur4l00ygIBgd5vznsqtgLb8D2rE5RP1vITi
2020-09-12T20:46:10.203289247Z 774 E0EzJtaN8FqK3OUebvtySt7HuIjYd9KHNmc8s5tnElFVY6kcbjMCJzd5sJoN
2020-09-12T20:46:10.229514484Z 775 Kh7lE3huZPxFkqUSSF2tDT5X0Pt3ZpRmyJHNj9KybsYkltW9GPxKNX5AfXgu
2020-09-12T20:46:10.256153513Z 776 cC2LaCiWwXJG4VNHatlOkSXWdbc8wWVLieLsGGINWxV4txI7gjThMyLBP4oq
2020-09-12T20:46:10.283119598Z 777 kLMhlSL2GrNpbmAhEEUl2gxQlR6mcUWfCNRuVJTsXUxZoyyuKfub9fX3yOIJ
2020-09-12T20:46:10.309090460Z 778 FNcyyKNr8Vg2ze5tHeozrMyocZLACnUe8ufYvTmvKIAIoVKifYNHi3iR9UAi
2020-09-12T20:46:10.335201082Z 779 wbkpjIWmqt9KLQtWE759Aqdmx2FtV5pjyAco9usu1rVDz5sIbDtlSS4bA3PW
2020-09-12T20:46:10.361844537Z 780 IDtVMahIWFpeb3NnV4g6XGz92ir2B9qOnHSclwVAadgpkgc0ZQ1rL4EBHWlQ
2020-09-12T20:46:10.387796000Z 781 DvmsUM4yiEA4UwXumzecqJTfncC1LQgzNMO4jTsqL5TsaaoLyfZvReW0Dcsa
2020-09-12T20:46:10.414169573Z 782 VCEpaI0IKaQk5LFRSYrpcClc5kCIXbAkbFxesFSRIzaipMl6vv2Vk796sGwS
2020-09-12T20:46:10.439910173Z 783 sE2MAefhiaujo0YyL06Gx3U6cMADHxs30vnMTURelBanQoc1rwlBPjTssaZI
2020-09-12T20:46:10.466780477Z 784 B7JtsmYaLLceN3dAiRO9Vs22W03CSJY43gpRaL82dmPPIZ6QtqSbKYWPYe3v
2020-09-12T20:46:10.492906457Z 785 WlSQTodkSjdMeCGnuRbIxNYeWwyoYybySIACNeBaHxjzLWOi9jLic11dQzyV
2020-09-12T20:46:10.519022142Z 786 bZEwEfyHhte1PZieuOOtsCcL2wBwoVWGm1slmKEos7HVRyGS4eoPonW3hIxY
2020-09-12T20:46:10.546131085Z 787 cPCDGafrCfae55htprpaOFHgZaPbakTjGCMudCdXxT8sBeS3Dr2yHaq35Rbc
2020-09-12T20:46:10.572331519Z 788 pxDfBi6knOa5cre4rOVnjJEAlLuN3WoFwwgTaNX8wkV755LUsTKQp9Hd41GM
2020-09-12T20:46:10.599095249Z 789 6hwY1woYNeDvSgVtuZ7dHdmDYDuV5RHCqRz30JemQsoxbaf754jivi6haOen
2020-09-12T20:46:10.625114851Z 790 arVMNqVKxKZrsUi5XAb7rtco2DOChyGaCgju32IRMzyOqmp4Xg1Bz6NAZNi6
2020-09-12T20:46:10.651883844Z 791 B2esPTznKNDLc8xkmRH9w1ygnRbpqCAhHUVXdQfC1GTZx6zL16ioRtxRHNfK
2020-09-12T20:46:10.678234055Z 792 HAvqgBFnCDufNenLVowUY88YYIRxDPPcBOzTueMikZiXio1ZaCiXNS6eZ6kZ
2020-09-12T20:46:10.704142250Z 793 TxCsvv282tsnAeK0AvOm1jBtLC5ulzV5dERQCjHBocrolPZsqRcG9GydQFBT
2020-09-12T20:46:10.729976176Z 794 tGWAIEZFPqeTLhluJiwtlx8RbAhNMRs0v4d3OtMWnW97zGpbG29tQ71xh2Om
2020-09-12T20:46:10.756217069Z 795 0r8lkGLV1EsPJ8metTF95o38fG9KnBx1M1KapZHKBG3OiEAL8wq0TupMUmWa
2020-09-12T20:46:10.782936644Z 796 iEA5PUdryTwY6bZpUHxCKPdIn4AY9vgnpndW8MFRrkjWiw7afzOTVySG9OvC
2020-09-12T20:46:10.809567296Z 797 zc21lDaBBDBeKWUkUobu0ygqktDabE1LvoestTYHOrRkJTlJ3pus1xK1KJbh
2020-09-12T20:46:10.835729827Z 798 i6y3RJKcAVYBC4i9496fwLROHYhDshQURjxWih9DRYk4nbE16LjtYn3ynBJr
2020-09-12T20:46:10.862591903Z 799 ch0djwyHlMKrl0qbU5LjWZ2mtegTI792oAmCBaf1yB7FbkEd8AuJjp3nFz0F
2020-09-12T20:46:10.889722777Z 800 zCt9KfdxPgOwJ3W3ouk1TRrrysv8VTnNmV3tZ9oXdxlnJcUQFM92wzOqsewh
2020-09-12T20:46:10.916628793Z 801 z2dBKmi7vw7yE30Jg8pZ1A0SzA3oO86XL03JH2XCcD2STWRTvjqtfjVw32hV
2020-09-12T20:46:10.943639949Z 802 4U7O4nDxPTQY882BZBEvai2dYSg4NSH8lmOlCPa6K25cIOdD9AV5FiXnURxI
2020-09-12T20:46:10.969774814Z 803 YLBqCWpXYaB6RcXOasZMD1THw4rHLz4ILuNWaxrqDTcLT7WxnOfQmaJP3pQI
2020-09-12T20:46:10.995994797Z 804 WSSU8KEWMSBl4h43gTRRi9JCQMngfSt8SpkRV6qxvR7GmWCLFfOIQKsLJvyf
2020-09-12T20:46:11.022487481Z 805 4D3Sez4fTwQgVaFC5OJCln74GuAKISF6K5TSQ9ZeMI6P0WHBZNMY4kBfhUeO
2020-09-12T20:46:11.048879104Z 806 XP1QSqfLM11Pw4zRrEjBRJSJXGzGEjOOXvcLn96MAUtkKbfW6WeLonzSsYFa
2020-09-12T20:46:11.075509471Z 807 zhrSPRsF1Dpl5klQ2myIPxh3mTEhciNPur62iUj6qoD0FINENjIgmAZQIe7O
2020-09-12T20:46:11.101172568Z 808 1x7sg239BRnYvTcehtfAABXS1wwmWqi6aA0WBVQYCLVnZYLO5zU3AVabMwmJ
2020-09-12T20:46:11.127357416Z 809 47ceYLuQ2yu5tSg8WPNzhkH4KG71OMp4tY407vvBrvmZCyE97ouBdY9QCWzE
2020-09-12T20:46:11.154406500Z 810 NcZIyLL88LLVBIRvo11S8droOPnz8fTOr2QP221aWcC6e8ikNuuDLZP51349
2020-09-12T20:46:11.181264561Z 811 0MZcohymUZe2JD31vsbtjt0SWnl4O3LPmiDzsyfNvqui7S0DgdPHFU92JjlJ
2020-09-12T20:46:11.207432328Z 812 WhOJbM2B6AyYrfqKuAMnYZ7eF6kc4dn8jR8uEeHR9aUY8TvTmGI91NiWk0jk
2020-09-12T20:46:11.233683814Z 813 wXAhe7hCQ6ec2ulWeJeQQA3MPoBEuVrmCtQz6yNZWOsWAEXMCQ4RjeU1EkhE
2020-09-12T20:46:11.259771936Z 814 EB2Teuppou0cQeZHUQHS30zv8R80AgAqrpetPo2f5dm3u2ML1F2dIIb3NbVj
2020-09-12T20:46:11.286356308Z 815 ONkzztJYOl3lWZbRBYIdeWliWamGcg0o30LjCDTv3j7DtJW7Ftwl9q3Y4rWV
2020-09-12T20:46:11.312772257Z 816 CO2jOhBNLTtFqIevXcYwlCDP3yQFpVKKoVI4n5jVpZ7kjDVqvnsrttAYyljd
2020-09-12T20:46:11.339064620Z 817 bmi1bxbhJHdGVnIboh3OquttIoTRBUt76VetUtSlg746WXaCeIKxC4GPFHk7
2020-09-12T20:46:11.365033210Z 818 DPfZrPYdfstrWTVgiD2ZahW96cD4WNILku8vJUT48wQ37TZfKQwewiAJmeJA
2020-09-12T20:46:11.391112006Z 819 19pKXm8hQ8kResq41QuUPbOA2WSSAKTkgV3D4QhBRgR0MfBN2nEecGs94G4f
2020-09-12T20:46:11.416855601Z 820 OG6rOJDharcWLBvqUzVU4KdJEUixeGxn3jKQqhchCY0NrI3YSRCe3aZSMu7Z
2020-09-12T20:46:11.456902144Z 821 4LISNdVeyqtJUtz1GMkj5aPBA0NDqB2HNiBU6RGYE11RMZbuDOg2BcmyDW7I
2020-09-12T20:46:11.481119114Z 822 YA6DMJZ8R4m0829TrBwudxEk5E18Px1kIamT6XH8q89ajOkWSp5HmRiBVuIp
2020-09-12T20:46:11.507994796Z 823 GxB0bQSqGLZwXEskH9vGrgmD70fDxDrn2t0LyPKtvbStaANhIWQpTBV4atEz
2020-09-12T20:46:11.533118785Z 824 fE8ZpaDrltJhB2FQtK3oZCsLULrzwMWUVFkoK2voqYQh9YJpl2Ul4epiY5V5
2020-09-12T20:46:11.559407598Z 825 SYrtpVspbTKctq4VhcAhRxuEMbv2Gj5JG7imiNxk4cUnzCokyB9IqPTViLeE
2020-09-12T20:46:11.588830254Z 826 0BIQZ54iIzCwf2jwo24rPc812tNYEWN8b09HchT7lzNvxWdhs0sV2jr3bICA
2020-09-12T20:46:11.615093876Z 827 x8UCJE255WfH1KfrdDtBJmB68Q4rvbMQoLn7jOPckJofjUE0vWQ5Huy9gBLA
2020-09-12T20:46:11.641266488Z 828 mfawEVoZ7bP03DIuU3pdnknq3qW0NyQgu94BQFQg2gZhhG6GBOmtQhbroUZ9
2020-09-12T20:46:11.666650618Z 829 4Qi9RjfWV0FDcYNBXKS5ko6fLgSnrJhIWuD4copdCgTT6k68MDMLxc8ehWOn
2020-09-12T20:46:11.693457712Z 830 HWle03OmNRfzZB3qsRBuv3QsgNqzuy8ejIE4nKL8KmbdTN5ArgFyTsW9BVIq
2020-09-12T20:46:11.719641863Z 831 HQ407u32VqagZpxaLiHDyVYJaXcw3b4gFVCW5NlM6BpbojiLeZ2LzU3jbrFy
2020-09-12T20:46:11.745030375Z 832 EaK4kCHiHxPliZqv3sDOlhY0a1bHV0YjJXU4f10DK1zn63MCxIXXAQwyAjwB
2020-09-12T20:46:11.770964921Z 833 eaEkuFJubgc6EibmKh6ierIdfhB3ZniuskrHM81Uia5jnOol8ON4noq2KECt
2020-09-12T20:46:11.797052261Z 834 7edlZWj3UwjoaZPtp9wQ5J1O6qfaI0AWUY3gt7bAbqS8VgMDcR3ZCFdQsMXd
2020-09-12T20:46:11.824886166Z 835 e8AcQESrvUUmtBRIBiMMgeLPzyo3sm94TqWoBxlEqtnB0I9k67zRhECfQ6Q2
2020-09-12T20:46:11.851707035Z 836 6X2ui5DvJbmWet0qAgsyLerZpPfRGsYI1yCRfdzX2s17E4dJleQFTC4HgEis
2020-09-12T20:46:11.879250430Z 837 rEP32mtgmT36oKhKu8Bckcj0EEKawuQOl1jAAI91fa0t03PhVoneS8KBk4Uz
2020-09-12T20:46:11.905958701Z 838 GU8hbIkaVSFAzCKn3Z9t5rJydZbiGh1SQAedqxD7bLYtK6iKzMNuwTlVy67a
2020-09-12T20:46:11.932264096Z 839 Nqhj3KWvqWJ5qDGaOmNQpJIDSM4PxxztIctDXXHncIk96LFOsxwAUF16k0fc
2020-09-12T20:46:11.958825983Z 840 yOm1GwH5t9O9fGIX33WOg66Ifu66EkFLNs6p85ziNSBmU5PNSlkkB1axciJP
2020-09-12T20:46:11.987255690Z 841 xsGO3g0A2nkxzeL8tlUa6lsKoIlJT34NwgBnHKZSNgJvXPO4pqtP04HglJyy
2020-09-12T20:46:12.013905187Z 842 RpQ2wjSsDZJKU3zXO9hi0OfDKbBCvlSBd5bnTwUHrGpRdTwjM1Fki8yqIow4
2020-09-12T20:46:12.040872218Z 843 Gx9TEBXxJq13SItZb7CK0UnMq8eIgQoAOZ0rpuew67SUmvcUDn67bImJVr7D
2020-09-12T20:46:12.066589184Z 844 vux9JvyLcQlqW7UeGw02eE1FkzGEvkp5oir755FuZkaoK3IytRgpIXlBgng7
2020-09-12T20:46:12.093863050Z 845 V6FxVEg2IjZWnTHYBkDztJFn5te6qPMu7kRvDnOpcmVdIqRxtjxnTHTZGQfa
2020-09-12T20:46:12.119775168Z 846 BtBqNKUH6X1Qr8jeDbH0In6Y9EJc3g28WyV3QgRhOHbswxzYqCFAmDpgdIUe
2020-09-12T20:46:12.146776625Z 847 OQzRR93GqZt56cWVpX9YbGO2r5BPR4CcUDSC2Bd8LQ0QQ9gFinYziAuztq8y
2020-09-12T20:46:12.173807157Z 848 ZhZYpmx3QOXBMWkFEZEkbc8w0BCvZum8q0wbRdnSR01DZwYjVhYDgJiK2A8E
2020-09-12T20:46:12.200117449Z 849 wffd5AQcuMvxRogHr54Jo0hf6k6UUHHRGoIDUUxcgbQw4vrN2TFtZoXj5DOu
2020-09-12T20:46:12.227616500Z 850 uoJf955OWkS0TAn5zEJg88yoZOJaFsP7e4WFkkl4RIJ3AaOVBX6JgiYNdWVY
2020-09-12T20:46:12.253248020Z 851 6aKu8lT3u3cQfP8dm2U37hfJOobKjQYJ73wXFZdFblxUGMx0sMri5zw0Amgf
2020-09-12T20:46:12.280717538Z 852 WI7cqThPXDR5hOZ7tclBQ7u69sGyrC9mEaLFOdS8A9EtGIKApIT2aE1NlwZ6
2020-09-12T20:46:12.307354111Z 853 vr7tyEkTkZCMH22GaEWK98TYfiihH9lk0tNrxbxn4x65MVxHmAedMoDGMdFl
2020-09-12T20:46:12.332998653Z 854 qxBnOTwDEFNNOcZvoBYRSZOCbJahd1zr6vBCg8G6a6cxZn74SJMr6Jh2OEpo
2020-09-12T20:46:12.359344044Z 855 CYL9AaivQCHWcSkFSDK8DGuODNxSBqJ2Zdhe1skNlwm4Vlxw6hJFHmuw43te
2020-09-12T20:46:12.384968514Z 856 TGGxgTc2XwxRaNMpzU2MHjxZ2SpQEuyysQIT8gyZDJfOETmtpBdfbchBWRat
2020-09-12T20:46:12.410759819Z 857 V7JLWZA33OgTn741CYcWbJly0fitFTI0dbncsUEkowy3Lgx1B5jDa2hSWHar
2020-09-12T20:46:12.437496795Z 858 aAbEwZ9KrTK9HXoXeTzgZU19HGGqgloq5yZJ2POzIPDwyP2RbfemzPNbxYkS
2020-09-12T20:46:12.463140424Z 859 QhPka9EzMRBQyKXudmfipTp5HS3EPIamNFAIARrxa0TShYGFiOXTGYu3vDLh
2020-09-12T20:46:12.489670420Z 860 MRDRy0dPOJhslmTt9N0RrUww3hOEGVPbRwm8Tkf57IPa2rUnCMk3LtCap0vt
2020-09-12T20:46:12.516755279Z 861 M3EN3DWd0JUdwErNSn3UJNjqnTOFps8s6PeEJwgMFrZxarMii3Ie2DZNmcyJ
2020-09-12T20:46:12.542774836Z 862 qzBV7VXtaIdnZqT29BxsjQVnRXe0YCRG7cpll0CBOK4PhO1GWpoUAUhDSG9e
2020-09-12T20:46:12.569218645Z 863 aKkJ4AxWiwfspA5ICGN8JL5iD2gawklJtf6xP5MkPRbwkHQomV3KAsKEOc6e
2020-09-12T20:46:12.595526902Z 864 EpzUrF0ubP9T8WLBbVkqndaBLuqVqQsLCGkWrKfcfn8IAckJrKp2L2ENTcCz
2020-09-12T20:46:12.621067496Z 865 JA2D3JSDjMwuztZjOfU27O8wgDcggMt9UHfrWs0zxmQ3KCI7p0Vo9PygIkPm
2020-09-12T20:46:12.647895132Z 866 iLEtvJnBTCZPpHFKEcXNLfOl4DEjQE5G0GQcD0inTvTLktUQdLc1IGK75HP9
2020-09-12T20:46:12.674414267Z 867 HXSnZYHJW3e0wX475iEmtrOxMLG0FG1qDzBLv3XUeEcXSdz9JHwVRauQtwOi
2020-09-12T20:46:12.700339864Z 868 McUgWRnPJguyLwpRho0yzIVNc6Lp1fFAKUuQehK6cc0xZolU7cG5WXUFojkH
2020-09-12T20:46:12.727581842Z 869 mGz4jcmZ6NwgJ77NGpZvMiAcTxc3RJW1V1OTJDzL6gr4nwZvLLgAAcgl3okF
2020-09-12T20:46:12.754313929Z 870 ES3aO7hzEg4de7rUSF9qADxftFbNg8v1HbA8LKGJ3mo5bJJcJnT43LMFmpN4
2020-09-12T20:46:12.780431307Z 871 07djujh1bDvB2T26kFbmpkXI7tYMC8pApBVOtjwn0RkD702Ztx67eYRwdB6i
2020-09-12T20:46:12.806487117Z 872 7cHwFFMHWDdSMUrU4zSiGAjKlIyGOUqvWewaA9KhL8zGpMYbPoqAv2TWgEtg
2020-09-12T20:46:12.832279615Z 873 v8aYKl8Z33S0YBAw4oe8I4o9L7QttuDQXWHkw32uIyteQJqbOtc3RRML2uza
2020-09-12T20:46:12.859940226Z 874 1FzRbFhAp4ysL5MeiwZKGTR3w6b81Mhy4yKDLt4DR23fjWNtdrd2bU2IFl6K
2020-09-12T20:46:12.886590777Z 875 VQtqreCDcDmnvv8ZB0ih5FPqr7lcoW9rdh1dT0FThjZ3Cv9mPH6zA6DltALc
2020-09-12T20:46:12.913412705Z 876 WPWIi5Tw6FRJWCUeYfKD0tUcwYAdvu9JdjaZmR0XzMjsgN19Ittc4dpz12iF
2020-09-12T20:46:12.939409153Z 877 uzFQQGAe19Dy4R2nP0M2Z4Hqeh51S4BNn1gyAMcbkcJD1TsMtMy8vpDKiKg5
2020-09-12T20:46:12.964901993Z 878 rQ7i4T5NAhJbMSYwGDHegBxBell9moRwIdyN8xjlvEZVc0zKkJXPOrSaqiHm
2020-09-12T20:46:12.991234991Z 879 Um4l2t3kYbcBq1EChOXNG9aad2eB9rI6wRcaF8B9lu1QsdiVC0OV785XHtZI
2020-09-12T20:46:13.017439458Z 880 hJkQMMYB7fZM0xFXzya0RLsDAxU9HMebxLCGK5bMHA428bfX8ZtDu2bCruwE
2020-09-12T20:46:13.043899770Z 881 RVPyebUjW2Sw7HsJoIXxZwpE6S46GrnKNVLq5FhsLAqQBYTydvyBFPRQoa4t
2020-09-12T20:46:13.070094685Z 882 mffgwuK69RlC9NrAF5PUzx1CWIMYYoxYFkkGlqkzaObsI5lAsNWWKQMbi7lI
2020-09-12T20:46:13.095946539Z 883 Fje2ZIgwZRFYReBezlQJG6WpUsIMmNYuaqJcyEiN1mPyD04776u6KDuKjgdJ
2020-09-12T20:46:13.122368915Z 884 d0Rl9V80jYURGcNPjRHTCdQ1OEuEzqinwCa2WsvuRQbs2SUbsJDrGUuNBttN
2020-09-12T20:46:13.148381731Z 885 LBGYG1PitninEMEIYOqG7yM5C2CdK9i6rN3W6lVLgVmJTA2T8xD4DMuqayxf
2020-09-12T20:46:13.174863586Z 886 xyS6RNjqY4FZp0bICQYuxdmiRZVBgADpJU34L5HlZfzIGXDXyMpLYY1Fdgku
2020-09-12T20:46:13.201525934Z 887 KhPXDHFPufnsrZBydwEFPkDxfBXbaMeE9f0NL3UqCTIe4uq6vp6s3zf9FJSo
2020-09-12T20:46:13.227559931Z 888 KWIxHXXZ2Qx7sDhVk6u1Qn9UO3jrTqdPnrmTvs6k2ntw3EEn4r88C9XOV4VP
2020-09-12T20:46:13.253895765Z 889 39djwUisgJwjcy989oxN7FDFMjJBOelv1YIRtz4v3ZQDeIR7NWRQbUivivHT
2020-09-12T20:46:13.280644604Z 890 JpivTm5VNuBNyZ53SCseZOTkX1Ds01qBmOlH10QmzaUf9XtfaKpyoTGHQFnH
2020-09-12T20:46:13.307043779Z 891 FHLO3lSVyNPiTp2MCpJ3sWLS1IVgwV598UKSSZpwPkzICNbmba7Kd7riZwgX
2020-09-12T20:46:13.333203920Z 892 zD87YugZ5ZNuLsx45b9hFth0AdLnA4Jgh6e12CWtvOklktALgrd71Cr9qaZ5
2020-09-12T20:46:13.359316437Z 893 Gnb3ghfZzYGazlU5JEuWzoEnbt7Hyyvzb1577VHHNs1jwogzqeF3c5tFyzQe
2020-09-12T20:46:13.386646500Z 894 xO1JK502bBVyCFXK3C28K0VYniBkxi53ukDyeMSTFGZ4wW8rsr44qvZU5iKy
2020-09-12T20:46:13.413214684Z 895 DosTTZRZTDAiMJEyDvr5r4tOeR3MWnEXImQlLBMQaePYYKo0Q0hcBTauSFh6
2020-09-12T20:46:13.439536379Z 896 8jKs7inoz9n7dKGQQ82uyjvd48yDWWuH9ikVsc9qNC3vmSHEO2qVUz6fW28O
2020-09-12T20:46:13.466287355Z 897 CSItM4COrM56aPIJLMbQS7UFNStlEoZG0sRAD8fJgLQwKsHA60saGx83azXv
2020-09-12T20:46:13.492837792Z 898 rDddjstFFfsB61g6txcshfuA3I91K3ed9Yr2ZyjC4qE3T2WxzpkH4Y9UYuNs
2020-09-12T20:46:13.520534803Z 899 Dk75BXukEKdknCSdblv6QqijvkKMRe8URcU9LfVgBDlyJIilqnFTh5YFmdGn
2020-09-12T20:46:13.547851008Z 900 Vz8S7jBeY9lwvOdeg9eHtiZlHlti2bf6E2Yzc1bwi8jcy9Zy9Z26Hq49i6NU
2020-09-12T20:46:13.573793443Z 901 jMnNS8kJmebExxU2SYTUodXe2Z60rs0dqH1zXdepDdKZfkFYis4IIe4GgWdg
2020-09-12T20:46:13.600462667Z 902 OxcoCrV728KZkRHPdcG7DowaGYIyzmHVwBTzOkQDEEX84TSy9GJ3ba1LSmnC
2020-09-12T20:46:13.626277072Z 903 fMPto7RQQR1XuRH9bqnJgrKbXz1zQPhHRMPruWItWzcId2HQMzb0bmIpbeLX
2020-09-12T20:46:13.651888922Z 904 KjRNrgv91QSyaz4A6Dt6HFofbf5AbyVwCSJjVlWMmJTMwqqpBqJIIv1ATZl1
2020-09-12T20:46:13.678442365Z 905 HoirWcKaGbaVfWZnyGZKZ5DDuZFhPFaJ6RZrXMqYG0tP1bJP7NlY6S6y9iby
2020-09-12T20:46:13.704223347Z 906 ldiL1muxJUz9DKVnBzH3BWKQjk2qJdWirXGW6KZAnQ2Lq6V6u9g9ktf7ccM2
2020-09-12T20:46:13.729952881Z 907 OdZzbScEInjNllSKH4huKDh9F3VuVAXp9N3uGOGmTyidfm1PKASFbI4MWOG7
2020-09-12T20:46:13.756397577Z 908 CYTrEz69t1xy6BqKWcj8g57FKRbZ37ktNsfBYvp18yQIYu1zMKgwHhGwEiYZ
2020-09-12T20:46:13.783134649Z 909 lGNURbBNmRqYgGAKI0CuTzipJn7tZnzxCfflkMa7HnRZ9cKocJVesTtNjS7Y
2020-09-12T20:46:13.809038694Z 910 Xj9iCH8OIbcGChDsD0c2SParFZXcyw66zYD4acWww3pzIS7pDctwNZYUI449
2020-09-12T20:46:13.834884832Z 911 ShND1x2iRjcrUPanE3eagW9PTDuJ1zi6ORMK2DH29QEQoOuYvtD012fMWoW2
2020-09-12T20:46:13.861564365Z 912 WprtK01vOmq6IYZMO5ZkMyAAyhDQp9zgISYnsLjPiwbPjWpY0BwZdpvuuSyu
2020-09-12T20:46:13.887997480Z 913 H9xOu05MGAydGHSATcd8qbgDUgQ3txvTfkNJRDwzR7fgE7yMenYGeYpIzCoc
2020-09-12T20:46:13.913865142Z 914 G1ZSltSQG3V6XCyfmDbUvOKu1MUWs8RN1abZhyOOey8oSuvLQR3jGTJaqORJ
2020-09-12T20:46:13.939858052Z 915 ocX5LN4vxuiohstWZfKDoqpv9OtfaXtEGVh1mDqIDZpf8gwRjPUqyLj0vcvG
2020-09-12T20:46:13.966280998Z 916 Z6xLb5T11QqyoKAN64MDbFM3rDGngmAf6zzwi9u53ykCRlYZiqxqJwknw4CA
2020-09-12T20:46:13.991869306Z 917 H1FkDsaROE17vu4W8q2s0iOeFnYSFtWIvl3HljyA9cD0aeWQNV5jeeHAReLS
2020-09-12T20:46:14.017904321Z 918 eXZ3CHCM0EEwJ1gk82OZnx0vif3sxcOCzffUz6qhp04xG8capj4wTNOLvFaT
2020-09-12T20:46:14.043918028Z 919 3rAY55vVZNt3vIxqATD8Yw6e2X7utQXKLyxYsQ7upJjGeehbgcPfA9jfrtCE
2020-09-12T20:46:14.070312216Z 920 a0QhUIjetnxtRA6XlZZRIdTAFUVb1sfWFkl6YUA6NCyGWExbr1O9UYsJ02vc
2020-09-12T20:46:14.096465576Z 921 V3DhIBRTRKgV4uuAayP03S7uxUtYkEOZ2yDIuTRE8Fc6idOOZDMjXZZaqv0U
2020-09-12T20:46:14.123306861Z 922 2zcKMPZVdqzf2wK63yVo9wEPXfKyNSzZAyNJCmKEzLxzy9X8p8c4S08uGXfh
2020-09-12T20:46:14.150289514Z 923 uCqHNuArXRxeP8Basp32o3m21T91uGtq8qj8mJb5uLnytH0BfQESy15Z0a7K
2020-09-12T20:46:14.175664010Z 924 uUk7n78sfybbEGHQ1X4gMzLKQA65dpD0jQqXhFaAFA2JAEdLJxx7Ktesopum
2020-09-12T20:46:14.202268414Z 925 RTs7AjBWLsPKD2ekC5BVfavXQk3jFlXzlChkISLXmiooEnEmaaLuCQCRXPIx
2020-09-12T20:46:14.228369469Z 926 RxG7rfACJjWqdxFYCMxLLZikcEUx8e1eBj5BJOEqVgtymGYYB1LbR2uq8OiS
2020-09-12T20:46:14.255091965Z 927 dgo15pRePJxrK6fJBz4jN0xu0wLKiYe7ofw8CXOUN59seUevnjBphWEGxgRp
2020-09-12T20:46:14.281014641Z 928 yhyr9VuC8OKh9ZxhtnHlokHK06uEH88sP98t9L98ePMnuhSOFhLfjg3TjV2N
2020-09-12T20:46:14.307381230Z 929 OXg3HAWwdhkBc7VsmYe2KvncB3a1VHdLYxgVjM0jAU50heAD6s8ni3NwdMYz
2020-09-12T20:46:14.332818599Z 930 NuIVLO3T2NI1sF9AZVpVfrVgDFJooszpYZnAUbqM2hpQ4jSd0IqAe1hBeJqu
2020-09-12T20:46:14.359366584Z 931 sjkMpqdcmYj8pqqxz3qPjoGMHzAeI3bWjm2mg3So0lryI8dyGbKeTMSMq1BF
2020-09-12T20:46:14.384811956Z 932 bEXM466lp47THRlnZZRdAMa8JP9e23XuKG96Sl3SchNpJb9hJIxW5TWMxXLI
2020-09-12T20:46:14.411606275Z 933 hSSjDPQa08NgEL6NO8HzQREZtD96uxMFCsyCwlRyLtPnEQf4OYMQQPguoYW8
2020-09-12T20:46:14.438144006Z 934 r4BHaeAbpbRvQr2U9wr59eqIQlSRNp2ds1wWQrbgSKU96189pheGeakjQlMK
2020-09-12T20:46:14.463730675Z 935 wxo11ZuZ7nOCMCXDs87fkUdLDCAQ3dfA2ocFR0hcboSXDidmTbA3BfFR7KVY
2020-09-12T20:46:14.490262935Z 936 I1VU6gWaYlIRJjVpYRQJ31H9iGyzeoE1xfuxyrvvgmpUb0rSYXZMfMaEwhpf
2020-09-12T20:46:14.516189042Z 937 UaOoWwucLNoqKoUoEIuBOG7jgq3yrfLHxaTBYPFkrcU8a1S7Kb7aLB1PLQrw
2020-09-12T20:46:14.541942760Z 938 D41bYYW9qqZNkaHOj2AGaJUlgtc2uHcLkOWntktFq3u8gFeJFkPWhhw0nXXx
2020-09-12T20:46:14.568394763Z 939 rSqpmiOxfZnGqf6XlLgvv0bBvwjAP14Yn29WwVmcTDN1U4Hb9m2cM4qLrUfK
2020-09-12T20:46:14.593805289Z 940 9zj87iF1Jij1fWNFnW52D5IUs1XS7taWonhYe9Ngc8FqT7LSIDysgbdzfMFr
2020-09-12T20:46:14.620010592Z 941 XuglRak6pxJLYkb0LGB0gZ1MtnUCSDmFtm2tZGBsfZDmWvaBhenW6CyLCrLn
2020-09-12T20:46:14.645674986Z 942 oRUTgpwayeSMDA12hL7ukicpDSUdI3VdTcYNo7i1njfWj87itqOZqXWTiiMP
2020-09-12T20:46:14.672312430Z 943 D7FFHTU2MpCYx3xaPROz9wsn4yRU1T0FvXfvIFonn00mNUIW63noFLNSmgXa
2020-09-12T20:46:14.698375637Z 944 0Eo9YwrmFgrWtJnMqyD81lsIYEEYH63F1kF6s7hEQbCdn12sGDlXVqlqnkdp
2020-09-12T20:46:14.724677146Z 945 dJ7FG2gQ0B3vgMftjZWprayFsZA9LhveakGQqREwrY94E7Sqz159NAY7t2vq
2020-09-12T20:46:14.751450783Z 946 AbqIVCF5SmBMxREwqFF40xPCEeAb1TX9BEGohIgtR0eOpkb0A6YVMBT37eUj
2020-09-12T20:46:14.776934009Z 947 GfZJgjyxhdXlB7Ljq61Bkh5Z8MtnTIPpRgQbnTQxEYPi4ADt0AD94gjLzWGm
2020-09-12T20:46:14.803565836Z 948 rEGLHIQR1eZcukziVWxJYWLcENLY7mcyw2ZoNYfBYoarSjxcjMfSefaDskRg
2020-09-12T20:46:14.830605296Z 949 LR7e9f0vnjlwovqI38lCtUthsg7grYW5YO02qTMjeDs8QSRlG9I85DUL22k7
2020-09-12T20:46:14.857433582Z 950 Mc9HcgnRtK7mRJz4EfRw1B67mWl4Z7iKs2UF6QAXSFq8xxH4y8tzoqx12WYP
2020-09-12T20:46:14.884385878Z 951 J62KxOLA8eqoGnnII1Vm5TuML2tBDLJWHQGEO1Pk2RGEv33LRyEsSq6sS3AW
2020-09-12T20:46:14.911183296Z 952 YVqij4WOE28W0TEk2vTHq8tvAbYVaTIUha8KzFaSJbPm2sWtwAVfjaCXQdpr
2020-09-12T20:46:14.937061638Z 953 VCoFWY9BkAB43ZdMwhcaQMM12LRGCAck6O3f1dgd2ljYydhBdb3Slmmcmwqw
2020-09-12T20:46:14.963254372Z 954 6peOd92SbwduzIhPEsK1NARTa48BJSUtIsxDAXxWdpVZReEi94AHdeyaTYDe
2020-09-12T20:46:14.989430758Z 955 CGpJ352TeCJoLRVHggAr4Ez8i0a0R4OVsvqP3D38MAQA2qXZDcmOpNTEDu4S
2020-09-12T20:46:15.016538267Z 956 uPLYIwINrGFHJ35kHyQdca86Bywh3NLtFwA1EXql3bC0OyOI7dotxCtncCT8
2020-09-12T20:46:15.042394506Z 957 BTHoDYqbnAsd0WQ6klFY3jlOesGWhQxv0ZaJva9x4m3elLNqLhTAfYhHgebR
2020-09-12T20:46:15.070664940Z 958 JmhIs3cMkfsatNnP9eOTlvjBa8tqWKLClNz4pkZ67CM8WUqpvCk0ieqMz4nU
2020-09-12T20:46:15.096523372Z 959 BbektKwQjirUn8ocOPguKrBp3mLQgjCsE3Ophxl97DTZZsshauBIqfmE00qx
2020-09-12T20:46:15.122262823Z 960 rmROJomkbOSMxhqOzVsmoRvLQJxRfvlPGvtm4vzWy7cEOP7HlKIEd86tvnjM
2020-09-12T20:46:15.148507556Z 961 y6n0TyMvtILhdK6lwO4l95Z9ADPrh6KmVhh3cltva0orIctElkmwW5jAEiXL
2020-09-12T20:46:15.173950789Z 962 wRHLVVpm4wNyPawPAEHTJHXfy3Zcs6CSggWDXjdfXBz1w3hU6nRrT7cNNfe0
2020-09-12T20:46:15.200658697Z 963 C0fZRezp1VC0Cuba8EbYN2Snk2ziuoLaLeM7V144tOKUxG1GotKoMjPlhNb6
2020-09-12T20:46:15.227779642Z 964 IpeF5TfC71fbqn4ns8Ix9PbWWXh2pcN92dn2fqx2aNcYsB7dgJ4zoIGXoszF
2020-09-12T20:46:15.253651130Z 965 bkRvWnavVhh0arj5z13ZTcCGvCe8Sf8NLWo6Fs3oUStQehWQEnOLW2g4ClyT
2020-09-12T20:46:15.280287034Z 966 idl3j1LbFGgelJdVp0unzizV8vSI1qm4sH4QsecDZ6GcTrnnNiZptla6ApZJ
2020-09-12T20:46:15.306484261Z 967 jVLRXbvlGf5iKlesWnsE1YaT8yAUsE1D6PP7QCj1NZLb5ffC0jLDXODTWg9E
2020-09-12T20:46:15.332169902Z 968 z6MJJRNIl89ZWnFxDwcoUme46PrPlHbQnV9ip7FSG7uA3pwt78xk9FZ0uMFD
2020-09-12T20:46:15.358671378Z 969 TZaXazovfHQKydkRQym0vMCSPiA1Mt3L9fwb87B9azA7ZdLBK9AfnPUi94pH
2020-09-12T20:46:15.385170264Z 970 ryGrdRzeLeTBoi0C0EpPmFlhCzOFHhAEwzXgu9UTtFXO8zxx8RpvmpykTMSm
2020-09-12T20:46:15.411368051Z 971 Vs5w91TqhtW1CDlZoytb42vhTYFHfHBbCcsoUcF6usImXbBqSosgC93WumSI
2020-09-12T20:46:15.437735792Z 972 GTR78YBLQFPK0WTqgGWb7cssTMzELtVpcGIfkLFrE5wL8i6YQJZd7fH5TfW0
2020-09-12T20:46:15.463918853Z 973 SbuaIpdkRcJH9dnKPYXfO7NGEr71Q7oyhWjNrsOM8qntDaNG8QPCKi5Y62Rz
2020-09-12T20:46:15.490024419Z 974 4u0yytclnly8Svgg4Tt2akfxyobOHDhJyh2H7DlsXlivI9r9upMZjn6xcTin
2020-09-12T20:46:15.517616681Z 975 0NquXoulsmSD0KHpIzMbcLeKLDedyRgwi5ztPCfx9hHmVhkKCVZzRzo5RMPC
2020-09-12T20:46:15.544602921Z 976 CVrq58x8tHWOYRFTFbrRlwWb8bLvi2HJXhfxWXKw6mdWRiGpBNkC0QxkyymC
2020-09-12T20:46:15.571504196Z 977 WekxIJyfP5PMAy43sR4hR0jcbHZkZtYT8hFkA7xdBYihtfz2acoAtFqHIKOX
2020-09-12T20:46:15.596842520Z 978 dnKUJugMTruwv6KYHegVS2gMMq2hu97lDzRLPYYMcdBS8nrOJbYd4IXKIpRJ
2020-09-12T20:46:15.623287892Z 979 ENJA4gXSMnuluYOz05LbD1iaqyY9yIj2ZXotAAYaqrRwYGnTtxU859MWcCq2
2020-09-12T20:46:15.649716986Z 980 vo7b1sDZxxwSW2oQhquWfyVo8axcTgZbQfyzwaEu5roOZ42YcxO1ENuWFnrs
2020-09-12T20:46:15.675290518Z 981 kIvX5ut2Qno0QTRu9fbzWuLxiLhRoTa69JDtZf5hHfwQnZC60d5oSa1YuVha
2020-09-12T20:46:15.701320788Z 982 kxyA2t3j8La032NItzd2pSTffVU17480JAwlbFMw3D4ObMBOOxUhUjDWOZhQ
2020-09-12T20:46:15.727422249Z 983 jtbepvF15lAMkVgekVg9XpzaJFjij7EY2dt2UQKjl3sSv5bF6jyDG9HfXjh8
2020-09-12T20:46:15.753377342Z 984 vroHW71OhTey6IOEVJcqGNSCkeIbdUkRjzRHHPEVFaWT0WY2VgB8z9jHsT09
2020-09-12T20:46:15.779465020Z 985 rNCLnuShXIMj5JYMJt6GfzPFSTd3RlFinb6FHyzpG7nJCrzQWh94Z1r6dnt0
2020-09-12T20:46:15.805530862Z 986 7gXPBvvlQSwHhZxE6MIE8WQYMXuaDv0UIDijgzEz0zoHMHxs9MzEXLRhHB7O
2020-09-12T20:46:15.832123861Z 987 BAhG3iUlfik9fVJV542zAxJdn2LkUeG6cvvpdZ8RfPnRnaRj23I84bBNdrSl
2020-09-12T20:46:15.858340840Z 988 PL2ntcbkdH5eHeWj2bS1zjNjVJnWOHecfHEEDYnbd4kzNqNqG1pOG8A5TfRl
2020-09-12T20:46:15.884636537Z 989 6KWHpTtBG89uijFS23ABhYhoChwYPxLICrq5HTQjzZ7kxS2su38z9UDYEnSW
2020-09-12T20:46:15.911562362Z 990 g7zeQvFuFr2doADacXbb2ursVOZXAezEQNzmg9F1I9OoMITDrLLEMEHYT32r
2020-09-12T20:46:15.938558408Z 991 10pDDMXb3xCB48HfoysM38dNR8uGQliX2JLQruJUG0eCiHIt7etEL4RePocG
2020-09-12T20:46:15.965129706Z 992 WDJ9iAauVIwBt6FCXdGliK4ZVJAR1XE1aCYQmJmJlKqnujs6HVZXF91v5usw
2020-09-12T20:46:15.991843197Z 993 QWabBJQ2OQsjONcUdJCUDMejoNUAqo0ccjUx7RluPJLYoSCKG4xtPAmmCjUh
2020-09-12T20:46:16.017909093Z 994 yYvKU36zdPb6t4fqaHU9ZIkWv2BHxGnHGhGONNU87xe7dWeHcP73zZx45hxQ
2020-09-12T20:46:16.043946019Z 995 CTxS2kDV7QSryqr5rySOxPuTpZDXm148zCLWBTaaJZMwBq36Ncxz4B95BDcT
2020-09-12T20:46:16.069824835Z 996 kYTKWdHvKDzqeHCfonsfeGTd7v3mQZ83MCyOlalLe7FMi4KDBMsRtWJFfsed
2020-09-12T20:46:16.096289716Z 997 GO680LckxsQgbPYB5BLHI9fvi1oxY18EfeTdGvOhWH7sNCZDt5HjYeWKXP0D
2020-09-12T20:46:16.122269549Z 998 anOCzXltCfqoQVhV8ZyA5gYWc67Qjnj0iSE7MbXj41wJHouRzlXFmcjCW64A
2020-09-12T20:46:16.149344877Z 999 zVYr1tDMHh4ZWX61JrRx6F5QZDg1zT7a4oJPP5tp6wjVIFEktFPfZDcPOqhn
