2020-09-15T00:12:47.156042873Z 0 nGhVehsbLm5umBMP3U2R2NLLWhg4LEUf7iiHbA8Lf0WEZFv9fuolgRqzDkEJDJ
2020-09-15T00:12:47.207199769Z 1 2Kqbnf7FqG8kSqxmgU8oeQbFmn5aRkosNgrHBF0tf6eNvuxVtilXBwONkbVaEH
2020-09-15T00:12:47.258207502Z 2 lXwLRaTLJMYP79Gy9f1Homj3lMkU4Z127pAg7X8BD3M41PpHYgeXrtYe3wmml8
2020-09-15T00:12:47.309583806Z 3 6BDuzeI2U6P2YDnrtb33qsLMTUPciNMjjqw3MTfCuLHZZxDggvBbUKX2y23knt
2020-09-15T00:12:47.360819656Z 4 ro5kcQvnSSMhMTZfyQWYizQK5uixAJ32XlbC7ItA1HM7b3VsXdjQjBuluwutP2
2020-09-15T00:12:47.412082495Z 5 JlfnfcSrPdq5B8biyjBjDB8ypv6wRvXA5Z3QFggFxPzfdibQRD4ZQEOkLVb1wv
2020-09-15T00:12:47.463592398Z 6 uxGBhrRch5AnCfP1l2JGskdfV3QVims8DJ5qp9PKO2l3BAkremxkpBSHoM2DwI
2020-09-15T00:12:47.514244275Z 7 pPp6raZEdLQC0agKSOK44zMIuOfGSKBZkPrxdaI14mGFSHcxzN1n2GC9AUY9oA
2020-09-15T00:12:47.565280211Z 8 jplndKaob8Frr9OCkAkFtEEyvHpSQwxZ2gDpxid6HdP8RWpxOibRZlwwb7zA3G
2020-09-15T00:12:47.616096948Z 9 9SvliVX6QnHPakD1QrZbjl5kd0BbxrpmV5ZI3VHluCOwTbDa7mpKtEKX4j36Pk
2020-09-15T00:12:47.667098794Z 10 P4DwhYUp5Nxzi9pirN76bJh6VWuzAmH6iSavFoM8lauHtVUVOi4v1lh1yyFgA
2020-09-15T00:12:47.719067202Z 11 Bqq0b6sDnOowC0XVsT20lN6aRDv9s6wWkMSO47YAM3imIfE61e4XheNu4yeVb
2020-09-15T00:12:47.769984164Z 12 vRNloUOlOCj7wPU5HBj63XPwyS5Jj2vzkIpLb2LVOXrXlzLPMPywc133JAVrG
2020-09-15T00:12:47.821840602Z 13 VYB9bTgHcTiTIDiWuRqydhVR3xUVKmGkdkoHFUoiKZB7ebJvpeUjJb3xtfmy2
2020-09-15T00:12:47.873206177Z 14 g8lileFUN2AOlRZyTVypErghC0oNnvIUOnimGtgZMov703acA6Lciaj0p3bxz
2020-09-15T00:12:47.924107634Z 15 5cbLXCpFJLHy7Hol0T9AgtHuijph9Eys3Dzf61lPygYHEoKHydnM2ToYQvPlB
2020-09-15T00:12:47.975614534Z 16 eNvXxkT48vOJfK9CQ3RaS9kqvRN6jEs0SOCU8iVq3rCnv2MQdTbBFgJquEmqO
2020-09-15T00:12:48.026560232Z 17 kkwuffWMXUpORw5CmNLXWBq1joEH56PdfS4NefU0atyl3PSNgv1SBlJQ37JrG
2020-09-15T00:12:48.077975262Z 18 YhLYDxEIy4fxrlPykqpdw9nzEzAXISVMcLC2oTpC3zAddjTFrxkyouv8exjmv
2020-09-15T00:12:48.129282848Z 19 t1AJ2fM8kAWB4iT4vtdv6DQrVAQyyaxltXXcpuTaN6ayEjGTkqglxx025Mr5L
2020-09-15T00:12:48.180907211Z 20 W6ciET3ERLxrgyIUX2zczwzyoV0KpmLUiAoInvDWcns0sgtisoLy4k23o2NiS
2020-09-15T00:12:48.232612154Z 21 uhURLpmXgNGBuDYYLziMRgyf3jGJb3wlUwuWP8jKqhGqVrJ6BX5W8GXvykKR1
2020-09-15T00:12:48.284756570Z 22 UywhtzjNjqeRasp6Lk0aOro7kGH53nlFr5Yho0LC1BohSsNHouf7dvDnw4shb
2020-09-15T00:12:48.335574931Z 23 yBAsfnv83EBllSRa6EAO4Nnr1qizzdh5v8nDMrH0KcmJjOhhgREMZbKcPePGN
2020-09-15T00:12:48.386593775Z 24 PD3YtU7slrPktTjNNPZKIerYgcbRdfeyXiQ401j6YRLdVyoFS3RNVQD0WV1Th
2020-09-15T00:12:48.437357686Z 25 pggDrHMsZtSAr8thQOnmYbvzksCLcYnokmr7Jjq36Zc1w9cX5HzmjakbSi3Fp
2020-09-15T00:12:48.487843426Z 26 F6WeMVy6Kg0L9oPjvQrPB7ztEk8eEsHaX2m2InaBSuteFDuvHS0OwjMaXWbKx
2020-09-15T00:12:48.539441915Z 27 rMKhVkp5dJjbaw9fvngY1TivZPoiUjoyFWsliyCbqMcl2bY8WTE7PpkRzvUwp
2020-09-15T00:12:48.590225466Z 28 PgRLiZ4c0rx5RWDrvVTgKkoMblw2AbEUnNOuUvhmIfk0pL0El5nzXCEZdZff2
2020-09-15T00:12:48.641095074Z 29 Ld7b8BlPAUFpEH4NZdizk8RmWQklSiXl1QeWLBMjhUf5W3m889Ha31ITwz1P0
2020-09-15T00:12:48.693928270Z 30 tA7vtTMzXEMlxJwY6UjfVIvy8BMEe2w4Ty6UVfe18PemE0FxATWyIdLMgHrJ4
2020-09-15T00:12:48.744767407Z 31 8vhO1M6dCkbEQO9gzS12bEbPdxA3a9iHG8g3k1QvYjOHOBFThgPdbQCIPeEMq
2020-09-15T00:12:48.795410683Z 32 Xq8mYBTy92nfM9UYPodcYWfXZjAvel7ELvcchhgyXAkisn75dAmR2wvPa4c7k
2020-09-15T00:12:48.846199137Z 33 ghMFSydI2uziqYy3mx5E8jJwCqTEG6FpGSSCUftNX8tW34waZDzFIykE7EYq7
2020-09-15T00:12:48.897150079Z 34 4Y2ytQkasc7XsUOkhj9TtxIRw6z39iJHNEpbID6xoubDn91Cgww07Cazxk6q6
2020-09-15T00:12:48.949011892Z 35 XVXuoWsymIHcNLEr9vdpO6Io7qad9hG8x6T2Ubj7qr8c49yB379r3YYBaKJ5O
2020-09-15T00:12:49.000753713Z 36 52LrOWBFJxPvNHdM9ybsKPJlyj8KfGEDS1hRLV2gXub6VSVtPwf2GoeUSqMjE
2020-09-15T00:12:49.051166717Z 37 wPktIxOoYIpCg0aqvPv6FywkDkmyDTvf33XfdMspYcnc1mKOz9Watwgwld2ZP
2020-09-15T00:12:49.102701597Z 38 C176Zt33RtoqFeGkNG7iR8baD8WN2BXOAG89lbdAd0uI0DH6dsynPQDR1Pxgj
2020-09-15T00:12:49.153497591Z 39 eKoRDmCRuOHZ2W0S9wAFsBRnJnduuSU0SeczZG5C9kNTD0huPyilh2fa4v26M
2020-09-15T00:12:49.204677387Z 40 LbKnEnclPmA2UJ0W9dg6hmRkbbYCgawKFqgZwCEx370GKHESnf4zlwC5x6Ehx
2020-09-15T00:12:49.255788299Z 41 tVaF3pmtoXz6cFue47yOBRSUDytKkfeTdlJ3QEJPSM5vXl50MuZM1y4CQN6GH
2020-09-15T00:12:49.306830801Z 42 d5DrQFLdnRKcDAywEVCID6kHu1npfMlOpC5Aa6Bgqq6mfjgqZviZqpeNnqfDQ
2020-09-15T00:12:49.358587379Z 43 6G0WGEXD979wIlsgH442GZOYMo77c957nbH2KgDu5Vnm2N6Y0Zwz0YIs5nJ4B
2020-09-15T00:12:49.409879001Z 44 M1CT7YBf71FW8JJBfDf1PQO8CKjPPR2U6PIA0GaELfVipeKdxCceSeae8tn3j
2020-09-15T00:12:49.461032793Z 45 IiAhMduRYhzspuw4fXmTzThRGd7FuBULqm5dW3y23twZOIMr8Pc7hYoYD5NDA
2020-09-15T00:12:49.512994228Z 46 kvW93oHmd7UU2ioaonzH1mCUzFGQN3Hq2HQU318eeVfCkC0nLPwrcNRwcmHAa
2020-09-15T00:12:49.564202973Z 47 wG1gweAXxqvoaSrIFaPnaIxghDM7k8ACIA9NdjqWNa42ga3tON9jsuYX3SX7c
2020-09-15T00:12:49.615659811Z 48 Lnnp0QiLLj2lFqLc23THKtNpxlkBCMDzO1Q3rVRYVgHaBG3OxXLXoLFLWyiiK
2020-09-15T00:12:49.667158596Z 49 JdsKc9rd75UpYH5BYcqUAxjbkyubnlubzcxFdwR4iFz2sHW4peFyntPO0dQAC
2020-09-15T00:12:49.718626252Z 50 rPIjOMPXwtOvEjPRX8ZwIuQkZcPyHHy2dSpCgh6eCbJdCtNHim03VWvw8IgHF
2020-09-15T00:12:49.769882069Z 51 OZRgYk1UoME6QcNUxYs6uXswXSbuEy1kmsIsOJBRyx8M7apeeifibmNdw16E0
2020-09-15T00:12:49.821723515Z 52 UfmbCiiXS4lqT00ZF1gns8tqYSPNjSElPJTee60tkD9JJBXO9clqaNtTe3MPN
2020-09-15T00:12:49.873770737Z 53 U1bgDJifG9vSauMhaNW1CLYQQ3AmP3KmvsrMAgCnRki9njGfER1it1qK9ewKz
2020-09-15T00:12:49.925455316Z 54 vaexASxTDBOoB9f9kbizFdkCvI7ZJnmy2Rk8hZOlAsdtuuVaa0FmAzQ1m0Mxa
2020-09-15T00:12:49.977727566Z 55 7x6RXOOZgynipwZDg9CXBY78h5qSQ5qTfZpQvlFI8rEUdtrY8q8AmwlO38Ytp
2020-09-15T00:12:50.028453464Z 56 2kA8OEY9dp3LS2rwFIRgls5Y8OWkEjBPvohYyoJLaArA7Q3lFx19tlxqDePIK
2020-09-15T00:12:50.078839931Z 57 Wg8SpOXADRkg2NP33OwsYElZTPnrzkyaS11Q3VRPbTChC6sTsChRUF8Pk7QQO
2020-09-15T00:12:50.130503618Z 58 BpkcjAmB0fvTDcqqfO9OzH5JlWcExvTKiCY7KoiF0a2BHzPheG9xkOyVfm4Xs
2020-09-15T00:12:50.181944959Z 59 YtxLEVj0OC01fbjimpF7QtcioGTBaxp1kjqvRwO0yTNSH0citfB1Xi5rS0DAj
2020-09-15T00:12:50.233880509Z 60 Rlmnkg4fxIKMSB7rZ85ngtM1b8m8feoM3IE3QlNKbOB1EswPV031VBfKZop9W
2020-09-15T00:12:50.285499037Z 61 tKlQrePNQgdDLwI7trhndBaxov4YaRHxBiM79mzcs4ZQuEtYEN5VhiUwDUOlJ
2020-09-15T00:12:50.336635165Z 62 LlOOL7UBua8piubsPXsfsUKbNgActfSODvVUl4U3qvw4ikDSWjCUMWYJbtABZ
2020-09-15T00:12:50.388052126Z 63 M11gMM2VL5roj7qMVNoAThhYNQkUCht8Yz7mQyNQpt3pZBqJdJW2FbwqgUk0H
2020-09-15T00:12:50.439720611Z 64 aTYatLsvzCAp02w9juAG6BhoE44nVlnwys9Xs6iDNdTBCff0JBNsMaWS15cLK
2020-09-15T00:12:50.490146616Z 65 lXwHyNIBnAw26jyod9saqR9ImH3lEN3fh3oMp1kSXF9hXkELo0YoPssdhGQJD
2020-09-15T00:12:50.541616345Z 66 AQ7CZgGOzxoIhYOBsLmiyd3cPRggynkOyeDs1p1pmz2CmDswFBdWbcbLQf0Ed
2020-09-15T00:12:50.592796360Z 67 c5KeMF5HuCVW5rVyuS6oI91P07fstNklvLd6NV1z0VaFPThC1M5QVmiGyWiOs
2020-09-15T00:12:50.643010882Z 68 ob2q1i2o4r3Psq2bz9Cu4ATzGOlVVA2OFZqUvUqAzF2FOV4Qw8Us22dC1bJO8
2020-09-15T00:12:50.694675129Z 69 kUuexGnzQtAu85ZmGp5nuxouaikqvfvW7pW2UG51q2L7FYqcuHuNjXAcZrnPw
2020-09-15T00:12:50.745223178Z 70 zq6z12gJ6JSWea474urYwBimNZ9C1TDgMHh4QmEUN7w40ZPXR6Kk1FnQJA43z
2020-09-15T00:12:50.796542317Z 71 vKM1VYsdPWVyUtwx7uJaKqJd8WlAUagXxeZm2DN4OIxzMWftU25qcL3rj82Kh
2020-09-15T00:12:50.847255089Z 72 YCtVWwGuM6BwQqISkVI8Yugb4t0gf8iXANkEP15MnMkvP8nXSX3B3ooqJgg6c
2020-09-15T00:12:50.899011970Z 73 9HxLL0hedjW6R0U5JCLugWrYPGezm7drp8AH5qnTJLC3XD5zU4FEI2r1iJ3rL
2020-09-15T00:12:50.950615707Z 74 o41UyR30FyP9YCOkugXKboydiQDTN4ufgC6zEpJVY7ohkuOryWDUPs8KdkWGV
2020-09-15T00:12:51.001157640Z 75 xv2nBJf5ZAFrvFogXu3HCJozDmZCKhw8iKuLiHD6rtiiIp6DCEvnOd9MD4gKS
2020-09-15T00:12:51.052788321Z 76 NOLh7xbaLbCztmMo889KlqmH1tfS7PLUg3zYLBgbSZQKk05cthTbRio7CQaSA
2020-09-15T00:12:51.104371160Z 77 UqWKFz1WSDpdI2H4uMDhEJf75lF3CGIIykGE1GcfFwOs8eoiQkjxZu63wNOYd
2020-09-15T00:12:51.155169779Z 78 SaXi0KfmZRxe9ZCggEysLCQ5dt2xkMTGanF9Xx9FqilTX84JpxsTjvsCiS0u6
2020-09-15T00:12:51.206653704Z 79 eQqrVrvKTr5mdMri2ErWVV3EQqaQFKGcRHW9VxXs2DBdXeI2kqFgUTPm4foaj
2020-09-15T00:12:51.260344951Z 80 csWLCxfmdJ1LhZ8YAW6HclnolpR3X4ndfIHt9J3rJayNFGIzqNxR6PYijcaRa
2020-09-15T00:12:51.311680405Z 81 9zNItzL6KPxsL1xCMLTADfigXxuiJ2rMtOvV0rBMOg0tiZnRpRF5JA5rclxRe
2020-09-15T00:12:51.362063780Z 82 pVh1RpefVQcELEDBQRSStXKAE4pmLlKyTTRvHQHRNvgysBVyKp9pfGXJdXRjK
2020-09-15T00:12:51.413594772Z 83 PPpvI1VVmE78l66EbQ4lYO6qPF8ELvm15j0p06BRfX9B2shX1Ui2edkoTMtjb
2020-09-15T00:12:51.464346482Z 84 cFY7dTvkESuMN1SHrd11H9J9Zj1ZejleV2pTqNaMaGdUD9C7uhy252ek2Q3s5
2020-09-15T00:12:51.515296502Z 85 Z4S23Le6kGO9CTmDFQMBNhjLmx8FEiwHV4st5HaMRjqqoinNSpyicfUdJmFpT
2020-09-15T00:12:51.566190637Z 86 ugkFVeL5WUoAj44ShoWCURNpCeZVd5pk5EQFNG0JvCVl2CmCfu2CPDFJCePD0
2020-09-15T00:12:51.617445964Z 87 xXXRR7qZDjekB7GKcav7aE2OYTxElot56Y4Wgz5McORbfDt6D8zc4SSzlUncf
2020-09-15T00:12:51.668853824Z 88 Lr4PixmzkuAuboel3QhKNkW1STHHiejddW8BaEOoSpvfLul8elJeZ785XewwX
2020-09-15T00:12:51.720086702Z 89 U27Y2IFL8kT47mlSHDpJiCyrCNSyvbeDJn0bPfn3Kol6q70Q8Mzoor30L4BGV
2020-09-15T00:12:51.771694247Z 90 BuJG1nXEFF94MjPIAvLDERHNYZTsdmarlUpPKiJBZJdrxcstBJPP9HtPWNf0a
2020-09-15T00:12:51.822617251Z 91 bUgOTRirovd6V8f9hZFyP3xhzQPakicK7fljVLODc02SSZomMfvnHfD51x2tN
2020-09-15T00:12:51.873148725Z 92 QnasSntf8c9J3ZddnLwazhQ5h8EjjSZ2pWXDWFmMJlcXy41ep76YhHJeV6TTP
2020-09-15T00:12:51.925069798Z 93 FSQBqLmEdcGOb73rv4et8Q8gKmDXjm9WKbaV9bMnPONt9FLlRD1MLFzwHLatn
2020-09-15T00:12:51.976651010Z 94 ODg7aLriKcumUWRnrh2UvsCBJezPLgoX14kIRF4WFIPLhiVsECO01AsbJZ5LX
2020-09-15T00:12:52.027218559Z 95 ZIgsG8CnKbHnnPbAdG0bPzK8gSTIycVIp1nVwtn7UMU73IEHifqltiPLghNeL
2020-09-15T00:12:52.078573083Z 96 e0NutGRFVjnDwxAfuRCj4wQwYUjI9wzl3EWfA5zCHS50g9BZfndSA0CLSe5uR
2020-09-15T00:12:52.129559088Z 97 3xVnHT0jO2cH8eoJkf8gTXx8Km8AaEVscLYGi8dFWcG6JC5B3jYW639IUq803
2020-09-15T00:12:52.180839303Z 98 bY7myRjhxS0Dqgg0XXa9dy2dUfex4a3s5WQspr05tRi8F5zndkp07vCkW6gzJ
2020-09-15T00:12:52.232872251Z 99 qU5jYeXpp39Gbr9vRoH8t6PiAUnRloIFR3HN2IZeyx5wRGejgoaJCSUCxqoPT
2020-09-15T00:12:52.284789134Z 100 VubiTbitDaDzUNUEQddyE2izvtavNq3UH1gCBp0ktBhHjBcsHPVpC6q7PhJH
2020-09-15T00:12:52.336611618Z 101 psiA3FQCSOvXeSmbjqBRRcnsS7wVFcoIyvJLQ9DruL7wbrunZvXZjFPcGuJZ
2020-09-15T00:12:52.387548138Z 102 bjqVROT70vgAV1S6x4eSGkAKRMEF6kMCE1RbjuT0U5aLoCoYwuZwsyhiR20I
2020-09-15T00:12:52.438113091Z 103 OTYLgFDyO9VEzdo3YDkh0pvQ33idYF2QNCi7mADWqxTH6nEoarKrkZhqWgzH
2020-09-15T00:12:52.489433245Z 104 Lkv5LVYxrNYckJvyeGAdNf8e66jxuC1keIyfytfLZBGOAyI28e4MeusJAZ4w
2020-09-15T00:12:52.541719233Z 105 smWSbfk0xbCW9KfBwO1bMlIeQXZniLHV9hCudn142h0p22zXLYKowjpvaUpn
2020-09-15T00:12:52.593228685Z 106 EcFinXmhvP9xafhGxMBx2A2fdiKYYZm9jlhHWj8MfTqSRzS80kSn1IcU77nD
2020-09-15T00:12:52.644715397Z 107 NDXWYZ26zGfjW5tWyZ1nDHnt86cX8kPNg2D8QH7fBgf3vZywn2h7zELurr5d
2020-09-15T00:12:52.695218894Z 108 On5UAcNfDkX3o51hzrtiJ0N97IAUy12poFWDEGZ0raFAQuPU6djHhjA6vBXo
2020-09-15T00:12:52.746859959Z 109 BghuZzh9PTCumwETCyxpglyGJ6OyTudzZnMiIRkMIfMoA7u5b7FMqhvTbiOP
2020-09-15T00:12:52.797373564Z 110 oRrRpMp9IdV6A5irN47X6QsHSe8JzuPXXdXnvsLUYX6gEKzvzZ1OX7tE6waq
2020-09-15T00:12:52.847953342Z 111 rsVJBpayBRHvwDRW6fzvsgUlOYqvDsvnRgwmsONGy5oDNo0DpeKJ9h5LhCb4
2020-09-15T00:12:52.899533017Z 112 RJOYCkLrRngBsce1c5TWDh9sB5MmKQbPE0Ct2TWy8baOQ5FTGGyiVOZGMFdI
2020-09-15T00:12:52.949999071Z 113 6PuvgL46mUSbebLG67YBziBqhGCqT93B0xM7QVHJuKER13xSrMLvuVKV3zE6
2020-09-15T00:12:53.001331726Z 114 jX1pKcm55NUMGXF4XiDy5yeXA3od81a7kwCPZ9BDFX9h8XvX2VUrMmS6Nqg5
2020-09-15T00:12:53.052166557Z 115 dqzlJaI0FygzCHacMqNhIRjuzvJldNBSQDsUpJZhyRn5EfW3IyC2Rb2YIrn5
2020-09-15T00:12:53.103028654Z 116 GY21X0v2t6CW3yVzlQpQ2R4da0CKqrmKHTUFlcgTzVroCRvlmEyfkDU4UuZ2
2020-09-15T00:12:53.154352012Z 117 3ncunQmoSLixIGVBhv1cbjoHh4qHY3J8vpUgDX4kLY7OXw1YfZ09CxdIhA2g
2020-09-15T00:12:53.205130047Z 118 mSYcJ4giJBp7YW5O2KJvosmTckfdG8z1z7aHx5f08WHK1KOkFnczjFdgg4AO
2020-09-15T00:12:53.256331913Z 119 fXG3xaSz01M2swZJKPZMbQL2HR2sS80Lu9FGoAAzHVCEZGjgWIDSF19uoTIz
2020-09-15T00:12:53.307211594Z 120 1fingsU2vWAnLagNJCpJZBuO9a90EKWEVqOYjCmZGehSU6ravYbfEq9SBHks
2020-09-15T00:12:53.358566116Z 121 0fnJW9Lx0WATcnsiDEoIOCGt9YO3s7VFWrPNIfvLeSYuHv4UzwqxVzinFV37
2020-09-15T00:12:53.410626739Z 122 2GcNNHkLqRunwPX9VFLZMf4iwEvHSRzHC8TC3Nu4i0obbEz3CtFW1SrlRi7z
2020-09-15T00:12:53.461867846Z 123 E9r7ByI1iQrnXq83zxigZd5Rlm3ipQiDxd7lZSE5isgKU8DsoCSkivpKny2M
2020-09-15T00:12:53.513113876Z 124 kN9IXCqZEu43Bz6uzgQ8K4QtKX3DgNc8nHN5oHRNOzoEGMPx1torhSC0VjFK
2020-09-15T00:12:53.564197783Z 125 XAI5OgbDNiDpSRUBTXHOiSU6B5o2ydtb7Z6HeaQC3lgW9lxF5KS2PWhcj3nt
2020-09-15T00:12:53.616228786Z 126 DbxceSTsbrY8arvRc5caoFgAt5axcstINipE0w6P1RjB0svFx11mFtbyVTnF
2020-09-15T00:12:53.667048157Z 127 IrvvgCs4TSuwqv6iQ72kLQv8X3lfi6jJflxQMf7CWqIxaAOkolX2sYEH6f3A
2020-09-15T00:12:53.718361006Z 128 ySd4MrMp0dVHaw5OhwxNSnHA3nOKZbepSRjSVezqLKLWiecrg3L5CAVSRiUk
2020-09-15T00:12:53.769943911Z 129 fnM8EbJnKIRbhxyi6TzPi9QMR7p4I4RPkWpKbVAJnQJxSvDAsk68bdjJbidy
2020-09-15T00:12:53.821397599Z 130 J1vOLrGNsj1u2fU1JMxpKWoJKw1PL4OLOoFYXheAv5Oqkcg4EbiP58oEVsIF
2020-09-15T00:12:53.872131488Z 131 C3X8umvBnheL4r4AX1IUkWv4vpUX24gdlO3Xsfd1eeTEPZIUZmAyLCEFrj2M
2020-09-15T00:12:53.923890891Z 132 jRbRgWXBKrOSsRRRIU9yo8wDEgsiPnQy1GfQeC5UpL3uhVxBvLszKLAzPp2k
2020-09-15T00:12:53.975894267Z 133 kJlcU6rwBASO7Wqmy4BMSbttrzn7rrvASyiu4Qdwp9eh6WBuwvdZsL1Hi8kx
2020-09-15T00:12:54.027361863Z 134 gS6wZSW6Vbw03tLPfOIJ4Gn2RsOLYggiJ4rv4vJxqyl33eTRELhPoF00oISc
2020-09-15T00:12:54.078893064Z 135 XvYc88M8lWuwXRHeaI0xgzE2VC61uNrhUvrql9I0SekwNs4r4aaIqafu3SBJ
2020-09-15T00:12:54.130689340Z 136 TsaCdOKCjhimnY1TWsN3kcmckQ489tRYxnNRMHzIWLGszhtZGB6LZvPjEzLc
2020-09-15T00:12:54.181399302Z 137 dWNLSSH0iePEY0lzkMBDxBwHIIGkz8CEfr3IpK2sNGUGfY0G1KF58yiBW9qV
2020-09-15T00:12:54.232052534Z 138 cVSDMUuO8VeiGwJ2r5O2uVbgXLvDZQv064NAZHxWWUU1Ydq5PbHD0ecvdc9n
2020-09-15T00:12:54.283748281Z 139 vUl8tngfynMznkFbfOBBoQIF067EBUK1307EXRd8dILIix7vxxf8aXJLIU7o
2020-09-15T00:12:54.335157589Z 140 kiuX5AqZxNhcUDnEnHTNTj9QezW5maCQQl4hUxJDpAHuMH1rOTna3EOMHBnF
2020-09-15T00:12:54.387383016Z 141 m2i97puFSWZOM2G7TtqqHBaQyyn7Y5hNHFsNGZKvmLNua5R5KttpF5fDWoA0
2020-09-15T00:12:54.439577406Z 142 wKka8iktGYcA5QcW4w6dbLhNYqfcmgg6QUTJMOeU6TgEgGj2tXKE5mzGPOvO
2020-09-15T00:12:54.490111692Z 143 29Ozs2r4RvwjfZMWHI2rh8eRSR3hjpLDp94M0NpbzyJtaIYa6Ca9fnL0Vwh5
2020-09-15T00:12:54.541615003Z 144 O63uNiFpVZAJTr9c7kFLpRTTJcS7I4voGVK7OCQESCe8thvodgQGJqyNTNLK
2020-09-15T00:12:54.592758883Z 145 s501cjnvGKie4KlV6mIuybPvDKWJk9dC7U20zgx4KuZjNw05N0qk0nIV7JVr
2020-09-15T00:12:54.643853874Z 146 z3LFcKCNrs4KavAVn60IGN5Y9kWFrxUV31anuGSU4pjNXPJoQMu91VLt4mij
2020-09-15T00:12:54.695360069Z 147 mrXeBZmnTzQPAFL1I09081jOME6D9En6mSp5t4bw6RNAQYzkyUdHr3CzsYbs
2020-09-15T00:12:54.746511407Z 148 Q9DWBqGoQy7GTIujAyODGOUTP3OUoHoCzGJfvAKTfADNfbokq45Fb37a1hpi
2020-09-15T00:12:54.797243874Z 149 1Uu282YwHdMECdyPg5SsjeGVKXHjgfbF8xfBJgzMGjtnvxfwypwEta4K3LeF
2020-09-15T00:12:54.848441959Z 150 r8UBaz5SAh5hh4WuODfLqJv0FLho6zRvTgMXIhPLHUnH2NL9icQww3G2xKAK
2020-09-15T00:12:54.898960792Z 151 CLfSBxD0Fx8vOqUIA4IEC5ViKl8Fg1etGtw30x2v22dY8u3R0pXd9N3gD9fj
2020-09-15T00:12:54.950586865Z 152 1SPd2DJnPFIoMLeOSHnHqRvpfUyetb5Lcev0jAbWN08JmCIUDVf8zwMphlog
2020-09-15T00:12:55.001467165Z 153 wNVYiqZt5x6HRiN9ozaWHRhKugTezIyMTNEJDIQTFV4GWkxmhFXlvEY6Kg0l
2020-09-15T00:12:55.052133584Z 154 EjThyKZ7qmMmZbuIIj2hRG9IWd7li7wKYxLuTOq0YXAjYn2GnHgkxayU7T4O
2020-09-15T00:12:55.103931121Z 155 XPJXeUfipsd42vtFNLglUGTVh0FypjOY7NY2VEG2ZlMXr1V1Tqng5Haxo3Z5
2020-09-15T00:12:55.155752869Z 156 5pqq7vjqTtFBwKJwDjfNrBqjtVLhDwRq7uNq6RZJIC8VB8E7OLRN9BMeeKnD
2020-09-15T00:12:55.207897644Z 157 KUveyFeUgofZvwopxkaJuGTwMVibKab9lfWPYnFBSESNtdH7Sc5xdGdT4Vgf
2020-09-15T00:12:55.259925365Z 158 oqSxTdkQeV8IxpuLvcqqOegra60IxBkQ0RNdX1yD2PIOmWwUDbJicFD0Q94b
2020-09-15T00:12:55.311315541Z 159 ExlyAKHY1U7J1PJuRnPXj0JSiEpYr3ptKte9T6Bigiq3aNaGXm6tiLoDDrIw
2020-09-15T00:12:55.362832302Z 160 fCIyPefT1z2Ib3fK6JPiJ6PwfhEkPinS7YKFx7Ee0LzrIYI8rRZcWzBBOPhS
2020-09-15T00:12:55.414318816Z 161 RV1uF6SWrUi6KZmUCw0mgVI1Xb3sw8pjSv8N1thNpHWctooYby9wTia9s1RY
2020-09-15T00:12:55.465050364Z 162 oVPV8p8PKSzPZ7F2zaR9fDRi570L6jG9jSl9ym2w7S0D55yRL4jlqsTmbHeZ
2020-09-15T00:12:55.516459375Z 163 7SYOD0pDnoWkRov7BPUwdfV23HduNgZjf4okBvwH2SQoqzGOXfSxDGIc9p3f
2020-09-15T00:12:55.567675430Z 164 nj2I0HXgE0VmwT0bUsAKGHJSegXoM0NHRYWOG0umx6sabuz6x5kPo8zfZKxX
2020-09-15T00:12:55.618272243Z 165 05TrHczo5fzBGJajcHoIyuDpvYlTncoXamO4Ij6GqbENp1CJVu0D2pMLm31T
2020-09-15T00:12:55.669471978Z 166 bG0HE4DN5d5kyT47lSHCjgtZ1oFxOiLohnHiJdfnQBQgjjhl5OoD5LyRfE9z
2020-09-15T00:12:55.720842030Z 167 1oSqreeEZX5TQQCHmoz3z0aJAwH3qbBeRKiPXMrPdEokiLzCE2lL9lLRzVjD
2020-09-15T00:12:55.771258899Z 168 3afl04uIZkZ6J5W4gkzgZ0UDSKJVKzKHQrrJEuvxfAAftpS0HOzmkDuAVCsu
2020-09-15T00:12:55.823056483Z 169 GknUPlJW7qiXJyiWTqNjuE7x3iGqGHvDz74QUIJzyGcOZUbDGfzRgU3i4w8J
2020-09-15T00:12:55.874730672Z 170 BwW7vez5dEBKsM5hbPHyUTpsTLZ0x8wor9jvVwBF7ZV2qkgNrYh1q8lnoe8I
2020-09-15T00:12:55.926208197Z 171 UCMBEjIh5GC4HBSyZUXfn1nacMwYXWGOANDdI5Z1fWlKzBPmeYft56vrYgmN
2020-09-15T00:12:55.977031519Z 172 E8Lb7HKQbgWYv7X0784TrvoRpY1cwsPOCLpA4753WWUAb8BUUJgajI5BGvDW
2020-09-15T00:12:56.028203749Z 173 cc3C2uIhjxb52LYYNiGUjAAyQ0JidSgl4RLqwQ6MkO5or4PhcQjxSYN66SqO
2020-09-15T00:12:56.079087993Z 174 6AHYKemyu2OALcNEa3z0K500lZjl95LYi5OBc54q4wrqiM3GgdXPOQjmpcdO
2020-09-15T00:12:56.130878900Z 175 Heu1hsZIxC5JNlfTX2weygumHJuPweNJ6XnJCfAfYLAO3zRBLDmCIJTSSdow
2020-09-15T00:12:56.181075574Z 176 uUPRswFU6L0ZxI6bbJtt6mkS8hBDPrUtT6uS0loZsVEpuVZw8D40BJ40fvvE
2020-09-15T00:12:56.232953535Z 177 66ZshwIUtALWSYBfLbYXWUrwK55sImNM0DcQv3yoEQ8r6hMmqD35fz6s2sLx
2020-09-15T00:12:56.284644474Z 178 Pe4yKZMw3DsQGtJA4vIwQXjfoh3nVdnoK3rVnSMPeZgdYKLwT4uqvWurrdUQ
2020-09-15T00:12:56.334989612Z 179 SXd0cxu9CUZulOVmbSvJXPLddXoa5pLcyk6Ql9DBb3awj9GxSIUHHjftMjBr
2020-09-15T00:12:56.386350242Z 180 nf6nU77v918EpkLrWJQuGgSxl60X0igmvtlyB12WbwxkABPFNUx0ilaBNAyG
2020-09-15T00:12:56.437411100Z 181 yUpLbb39elE25r0d2qfy6pnz0pFoMqao6Boe8jgl0gBDxBSIJulI7aF2ybw6
2020-09-15T00:12:56.488417633Z 182 PJ6MiX48R3z60rcJE18SxNCiyx837Z4vBwMfLtWpJ9jVJzw5FO8VVJs98Dnr
2020-09-15T00:12:56.539048104Z 183 JrJFSlr4JTO72XEE8FbojXu5kOOxWiNFzlYNv1fy0ubsIMi4uTmKtcJA3yjc
2020-09-15T00:12:56.590902797Z 184 40aWYYlUp8t4aIVcML6DkTL70KZcngsoN8jQHuY6cDG8w6gCSyilT9qPIsxP
2020-09-15T00:12:56.642313474Z 185 tm8wzYe0WhFsFQv04UprV7iD5o3LCpKJIuFHYLAIwHJO5s0dKRfOJP7dqbe0
2020-09-15T00:12:56.693395343Z 186 eDq6gvqf3eYeNkhimHUSi0iXDYDwql7OHL7xePNBKr2xTA4BX1Vx9NQCmkdw
2020-09-15T00:12:56.744851833Z 187 3xXp4p0tnkkG2EmheNs3I0V1yoHqLSZkXf4WepraJtwfAlZijO1ecQhBiRZF
2020-09-15T00:12:56.796070739Z 188 JcEim6vkYs6p5xF9d5ZqEsrbTJigGiRdp0oyuk5Bmaef4vls5R8vqGzRnaCN
2020-09-15T00:12:56.847714780Z 189 15IadenrYywUxeYWO4uSfSlp8dMEBIdQAu3XWx7aGlFR8W892RLF5yCpkXT2
2020-09-15T00:12:56.898919943Z 190 YXoo4UxvLDUTD9uO1a6GDPNTKI1q31buiwBxLQnKhVChFykxoBzD2wGWkz01
2020-09-15T00:12:56.951044650Z 191 bWst6HZRbAbScfU3RwOAbXkvasoKPl3pjZadjgIbhBsSw987MLfYPh5dL8WV
2020-09-15T00:12:57.002316062Z 192 BWLuVN4sGd40KXRb6AYTRobKsub5sgQ6FnTqrOSLh2jroHMViq0iG3vL417Z
2020-09-15T00:12:57.053703037Z 193 B7iYy2yW69LJWGEMgklqv1V7mPyXJXcQ4hDpvm0i331Z1kyqCZdQl8BYycz8
2020-09-15T00:12:57.104106141Z 194 7yopXmjzxgSMqe6sV11u2HmR1J3fvHbpXLZBVAT9pPut5qAVuMFTswIM1BZK
2020-09-15T00:12:57.155342846Z 195 62jzZso6SSkJlWANGyHeCPewwPJgTG2EXg4Bkz5nrsjfRibU1U8KfpHHsDgM
2020-09-15T00:12:57.206280102Z 196 AyBmDe76jg9CO0mO28LeFbmmu51Q7MaW9epxTYJ6M5PObFaH7yGCt0dXWQIj
2020-09-15T00:12:57.257469196Z 197 zIvMtbaHp8JJlV2VXOjUteTF1OJzQHATmLhmEXSrg4AjzEZlsZ4rAaBgK3u7
2020-09-15T00:12:57.308267144Z 198 v2fCKWQNIIgLLjGH1WKZZZm6XytWxVX3KY1QjUxQAOkNddLs386U3L7YJcEQ
2020-09-15T00:12:57.359284403Z 199 mTJRFoifuhhKR3h8PCuLYqHhqGcgQAGJ8vv5DdWogw5Sj1hocrtYmfziCLxQ
2020-09-15T00:12:57.410266661Z 200 JfskMxaievPVt8rps0yyBei8TH8iZMVY4a7WPwENx3hWMde7yn51wGSRbwNi
2020-09-15T00:12:57.461685016Z 201 aJ1zvfNrpW2nzbmCOdZ6hpc3ro2JsM6tdyRQXJEUYqpgYHl8i7zYoi5eLDQH
2020-09-15T00:12:57.513506471Z 202 FsWy0gHt81drvobKniqQ8t3yBe1GSyjwfolEexWt8Felz3WwwsvcMmnPrzU7
2020-09-15T00:12:57.564409025Z 203 S7yJKZHwJsXdInJNQTaUZ6XWHIkvOON844gio4DGOlgArSR7gEc5wMxOacvx
2020-09-15T00:12:57.615264152Z 204 QZmisyhpHteFroycIOWfaTvRrzN87hJoH7HSV5A9ZuElKgs9Dhw7xVhv18cK
2020-09-15T00:12:57.666736537Z 205 xftRTJrbSKc8ur0CijHZb9DTgnLbeoqJXSJXOmIOfUJOVfBeGv5I5K9dF2nb
2020-09-15T00:12:57.718575081Z 206 l7ERyYRUVdptyo0S2391PqeK4uiWzT22aG7IaPcDlfCRcYRV1ks2PrU78LUc
2020-09-15T00:12:57.769035412Z 207 gi26TmuvumnhxTtW1iHiRoa1zZjKp5o8jkOaUIfVYJvwbmaWfYpbQGxEBlhq
2020-09-15T00:12:57.820707128Z 208 yXhrYt05W1QaNNdZJ1Wbj5KzUiZCcGY3v3FQdFr3ecTbisCUW1pcpLBrpVsA
2020-09-15T00:12:57.871742180Z 209 9RiC87vsZhsVLMVNvxhh2SAnOHdZuq2oNxLHOcu38j9wFNwovVd6GkOVi7S0
2020-09-15T00:12:57.923072335Z 210 3EjTWj29K4PQQKYORpPgYoYMNfYPQVCu34bHEolT7rDpO4P7a6cCGUQhhRph
2020-09-15T00:12:57.975249543Z 211 VTbyUxIXmHS6hKhiSm6EGnQQiRWmWDcrdtJApQI8N15K7QeBEuKfdJAZzDYt
2020-09-15T00:12:58.026467747Z 212 38EBwPIsM2jqVwvMxTa1zQgoFLPZVJdtbbKDbdp3OHYwhP7iX1GklRXmzxBf
2020-09-15T00:12:58.078714894Z 213 Ok2oQ1G8xdr0icHIsKuzkrJetr36GR3Xxx1vhf8oIffdYzYXIIYfy4HXQtFR
2020-09-15T00:12:58.130857337Z 214 R3Pz9nbhKOdgtuHJQnbVQp6I7SXGGWD5d7ubaDin1iIAzBMUTGtaeD2xBvdu
2020-09-15T00:12:58.182043506Z 215 N6ru3mgfqNjY6OnaS4xZL95cO1cLJzKkLXBoarGIdutXw6Ov04sjAv8GEZsJ
2020-09-15T00:12:58.234026777Z 216 4m7ajJRlZv5OfqhRBMD9eJxy9kaUroDxpdBs0nHHZj9Xfo4bdhZx2ZiSqZNm
2020-09-15T00:12:58.285458065Z 217 ga8yTvC3jqbxtRvF6aPfuStTkoUx2a4YljEfV9DJfsyphpFlh4MwApQUOoGT
2020-09-15T00:12:58.336851917Z 218 iKTBBWEFbvXt2Dl1cEmyazJZpJ4oVCa1UkvGFoYEs5jFRpwHtr1vhAGO8EzX
2020-09-15T00:12:58.388942901Z 219 nYsXCqq9MRwZioDpp2vCJVTXSN2Fz1FaNjjfXIrwhZ1v0WDAtmLhycq6XIok
2020-09-15T00:12:58.440836373Z 220 QmbyuBXHhXwLUDnLcfnBaJUceN3zMLoOk1WqJko5bHJDbKMWoPtjeTxs7Tgy
2020-09-15T00:12:58.492173485Z 221 RssR6x2JEgJLSaTBIDKK1ZpjjfhfanXrrLY3QrIOKq4KmmcD6pi6t0lbuKzB
2020-09-15T00:12:58.543627343Z 222 38nNEWIn0FD86rmBmDfcrGaxSajcSKkRtJmmKGv0eTXg7EYcSzOcZDbUrwfq
2020-09-15T00:12:58.595899684Z 223 YS2htbvkSBOAlvhxvOY2qh6oTJrcH9Ik13Zwq4gAV09kZVpUIcguWIxK7RtB
2020-09-15T00:12:58.647191176Z 224 5J1MR3g3zq4VRKPapy6ZHE6BgC811LXjsn2G4mwZCfeAilTmLDhkCspu8f0q
2020-09-15T00:12:58.698822295Z 225 r7wX4OLhrmRg7LzsgHoiCBtGCF8924jFsYxba7MOEYE0FpiEiahOC7wO2Qf6
2020-09-15T00:12:58.750197693Z 226 7kR9BROrYYA8fWO86PqT99i6BrryoKDu7zmBdVyCWbtHcLN9Byzah9sncdxr
2020-09-15T00:12:58.801509626Z 227 azcNaQDaoaTH5XoOW2sKsf3yYKzX0sfTgSrHbnNV8iQify9GyQzeieYgwU73
2020-09-15T00:12:58.852710476Z 228 oOax9SHkGuZHJl7zJvD5iFJS4tpudv2pwLAWw6iWZ3k5uFcm3oovPuUfExIG
2020-09-15T00:12:58.903735538Z 229 IA3cGJiePY7fvG39HLGHPoco3lRhtiG46fMjvIcPLUTNIWa4cJDaT3CHFEPe
2020-09-15T00:12:58.953984643Z 230 9T6cZmHj9uWsHMAdWbI7Xiar2adHEZRTEiaDeIGmrIxhO9IekO8KlCVlSXuo
2020-09-15T00:12:59.004999570Z 231 tFrzUsGuWT5kuvSutUYgA3nmjmissEz4otIoXC0hb6qiIOJeVZBJoRLM9rPd
2020-09-15T00:12:59.056761536Z 232 hmYtcETJhFDXfzzZ9wHRVhTHCg9jlrHPgbOomC7Ifh0s7SmuUi5wwRyGeF8w
2020-09-15T00:12:59.107368425Z 233 arB5vd5ixOdBSrwBtYgeMLPN578JHY3lXtfwwPzUOL804nRw9xEdkNUCNEPR
2020-09-15T00:12:59.158547251Z 234 qn94bT7XgJYbiyEyCN673XtLgPvTar5IwPEyCgq3XSMXt9mESV09Nwoi12Ay
2020-09-15T00:12:59.209797649Z 235 xvnLO73aMMx4HUhj23jVL7UFRUIU0RtdUZcp8np3y0xzxWpR8xtFlBN0wzl7
2020-09-15T00:12:59.261272157Z 236 SHOAlnMmMPeeEnb2MT2fpMF4lkIrADBKpS3oeDyP90jnZ6THuGIEEBoXcSdJ
2020-09-15T00:12:59.312337245Z 237 bgal9DQMNc8936U662akM6iH4vNZgKGMRoow4002to1CZciXivQu3qMnLtdO
2020-09-15T00:12:59.363137618Z 238 lCZv8FXXDrO2wEphykXWv4AnJAojDe5CL1U4vfte0ddwjahn3WrDwg5wSwKJ
2020-09-15T00:12:59.414647740Z 239 37yfPlBzs4TWj6uWj8Heq18E5yIMOvh1EKQg47nzygM7tSZ8eaGDCslkn0nK
2020-09-15T00:12:59.465852312Z 240 wviGxThxRmiV1XnKlXJAOYVj1VGuWKrKGNwuRQ6jNLlBUqKaawytvBw0I8aD
2020-09-15T00:12:59.517592605Z 241 YlazsYuvx1xeqJCaKm0KeoZZONHBMKQsPVJW4D8fl7CINdLpmyYeXPSwxokO
2020-09-15T00:12:59.568148148Z 242 pyU8Ys3lVYKIQxsjTe5p3R7DgxWE9Ke6itiDBLT2NZVMg7deEvfQC36xGNmz
2020-09-15T00:12:59.619244544Z 243 l35m97YaILaIa0QmL61VdvtJnkbdEw3lrW6oiTnGlJBojFePKyw8U9MRCPxf
2020-09-15T00:12:59.670031412Z 244 Bw648U3REDFQXtEx0WL2bob8eiw2NZAGANIpJguplk4A0bWv93T00CJV2h3n
2020-09-15T00:12:59.721395875Z 245 rB3552MsVxr6dODHrXZsRtYcXTGPNCuZCDFHD0V7F6sCNj3X8kFxVByMA7lR
2020-09-15T00:12:59.772879532Z 246 qC6iqVdcTfWZfuyiRTO61MfnMNho76xy3zL0vmAJA0qiCY2inZaI2MsKVUAu
2020-09-15T00:12:59.824484593Z 247 61jgnZzFGWONtuizTvxNUbhamjSjZTyR8F7YLWHcVPpvnASv1cBt73asY6c3
2020-09-15T00:12:59.875038467Z 248 QcU9gfCyxqqYdvDWf1eN4LQ7n8O6LnikvOIP6W3GOiW4lS1d7nGxaEvlTYQi
2020-09-15T00:12:59.926691334Z 249 EiNhHrMxPuMdCSovmLiA6aE8khBfnCYznXHe0uMoqmNZmCF4dSZe0ebSo2RX
2020-09-15T00:12:59.978240657Z 250 NP5TabQ7F7htNyahy6C2koLsxML7BXSFfj7KMYzKQFG38A7tS8p863f64wCe
2020-09-15T00:13:00.029144486Z 251 y4FwKu9xnvU8rXfePNn4FrpB8bV89CRtD9WedaRMQemyHJND5tYO58CZATlh
2020-09-15T00:13:00.080019990Z 252 ltTZswVAKVZ28oSRxktaifm9dsEmz2BDxVQlQJrHVh9Pl8HbYA5wEiHG5Seo
2020-09-15T00:13:00.131691323Z 253 lVJ7YYVEGyfgvmvKpxvdtr8X1Dywezcrga1RRU2RuhQT2Jv5Pf9rXkJQmUkJ
2020-09-15T00:13:00.182697915Z 254 umlMjQW9BRQZmOO0IbAdtDh8rLM8ipaL45JsxyINxz7n5mTjpUuEUJvNPW2f
2020-09-15T00:13:00.234344721Z 255 tUveZIw4KJQWNDxmcbhZiHL7o5uSSEkbE7vfMHq6VTGxxQevGtlbqwAyVD8Z
2020-09-15T00:13:00.285887552Z 256 H1Il8NJUNK1vNlE7QvGX3bFh1zCKqijcrMqELWSkFIwlsJBGryxh347pMQVD
2020-09-15T00:13:00.337544832Z 257 oZwyr8BBSUPVI2xho9lccHe1MsvPi8NIxRTXoqezdlS1H3iyBVaYPCptA6g1
2020-09-15T00:13:00.388864765Z 258 LqtW3BSB7J29haZPWNYGSHgfL3keeBBELurerXbVxRfVPKGBXL5yk9Q8ebXN
2020-09-15T00:13:00.440169779Z 259 ko2GbGdPKQI8ERgtEXjHTsQ7R2jY2RAWPvYS5yBFMugGGnLixc3Ym7OoI3aM
2020-09-15T00:13:00.492165773Z 260 wXYFt7ertY7BWQwtwQk9GF4cTlbIfedHEMkB8KrGHLiTFutrsHaubgdyuxuQ
2020-09-15T00:13:00.543472464Z 261 TpmU4CrRt3JLQD6mxxQOmE8VPb6Me872DhOn7wVMCKamct8ubbgsoNRihNHC
2020-09-15T00:13:00.594461236Z 262 SSGfvlB50L4ZXZ0oY0vFnOBYhhfoqZjORDqZTt4Ji4gKmpSV5TW4LX7dykTv
2020-09-15T00:13:00.645634229Z 263 aES1WZdWhuAoJp33WDDZ9NuWKbTqqzjNrDCbls26WhwqOylyLAkHveeZTI6H
2020-09-15T00:13:00.697051716Z 264 UaHOkUVGeeGE8IyAB6IsqeS7IHkYrYPfgEHTMQOKl81ZnWv6MSHgAWOsEPQD
2020-09-15T00:13:00.748979207Z 265 D9Ng9KHol77E5UNI6qGuZ3RxoGgqtLTdko0B9P2jw48HwujVluFqGvFOiX5A
2020-09-15T00:13:00.800614947Z 266 E55awuHp7XKURx9a30QpHVzdsyeStzrxge5Qab8XiGZOYcg8m7GWvPCiLUts
2020-09-15T00:13:00.850955723Z 267 pzqESVc8PRoM2CQaUF22vBeyfhnra73HDxJXB3g4pCbOAyn79MQLy4XPqMyU
2020-09-15T00:13:00.902718219Z 268 kG6PQpMwCG1Ww3QsbwiRSTqcb1w9FdNHFyYpPbodU7KKlc2Fm4uYMYrXnhtY
2020-09-15T00:13:00.954124581Z 269 ExO5V6Rw82Zme33Yt5XmluJCmSLLJOYVzCZy14nsvsWUfU2er1Xzch1T4FGL
2020-09-15T00:13:01.005939355Z 270 g8CJ2MFG42embU1vvthmnBjXmVyoCtCHyVaWzpYoU8xTAQxDD7wjacqVlQLd
2020-09-15T00:13:01.057820002Z 271 Z2yW1I99dlvkqcmp0H2U8mSfpxkiK7MiJsd0f9Duym0nRJv4VZflX9FR99PM
2020-09-15T00:13:01.109936825Z 272 eC4H939UZg27DUSe1szsljcSvNzXzjGh4mqONVpBRvQZcLeXWzRmGu8KB3Dy
2020-09-15T00:13:01.161650740Z 273 mfCoGLYfcxRhXiCD7NdSk9vENrp0LyMmz09SwmzaSQPigaQBACQqlMnNDYiw
2020-09-15T00:13:01.212823037Z 274 ihOhzN1uIxgJ3uO8VBYovzk5fzhbs6hmrQex5X7yGer6WiovVqnZ1hBC8CKk
2020-09-15T00:13:01.263871364Z 275 b0sjk8ZWn3OaELwXGFsZ3gekCHGMFhvqKR4jLc6iIA5wor8JrDAOdUw7fseu
2020-09-15T00:13:01.315775566Z 276 XkNt5316C76QZjgS2W3RMzNkiSq7KLaq64PAQW8oayF7EOqccfXNWnJWLD6w
2020-09-15T00:13:01.367561429Z 277 vIMJCcrD58mOx5fkNsEDYhfYHlYknx4MugabHv1AB4pqR8pIGHFfkAgqzPGF
2020-09-15T00:13:01.418140360Z 278 Z3DPKQ0BAa7KjmCSfgHeqOMUmRetRrV5PeKSebSZvWIqMBFQXnre9hOfsDRq
2020-09-15T00:13:01.469659351Z 279 fjoRJuzUaujj4Sgh4srqesnLvvkO2RxD0YzluRyh0GvUsxXmXuYE7bDOnk5Q
2020-09-15T00:13:01.521057183Z 280 RCi2mWmMrLLKNq3XyONBwuUK9c2mqNXprIGT9TutkBz0khKvFY06ZBR8znpB
2020-09-15T00:13:01.572662615Z 281 hU58lUmwqrD3sYxnTwO7XnlzV9Ly0jBtksBnXfl8I8XQWxjcDh9ACrgKsrqB
2020-09-15T00:13:01.623912103Z 282 nJcSXdmNX6Whg449dF8WeG0oRDIHSAYBRrY3YYDjLsptFD9kikyvREHJpMN7
2020-09-15T00:13:01.675889086Z 283 roVcfFEVTSx0KfVMbWUU6RVcOU2nDrzb3sFz05YpyVX5v7dOw1C0O7Brr9I6
2020-09-15T00:13:01.727957162Z 284 HnJmxjBMveFlT3cMuOwWQZk4kVvYfhU0MlU0rK6lCsgYxA7MEdXoRlT5Nyii
2020-09-15T00:13:01.779915145Z 285 B2CDc5jtrUwhyRT4MibdNG78X46jYeuo9MzrBGfmCDsvDmMLPH0gZS8QoiGT
2020-09-15T00:13:01.831772787Z 286 02Ur3zD3jwh3RirsmyWLjahLTbswAsUIyGfQnanKzjS451ORrHG9cbyeQwNM
2020-09-15T00:13:01.883471916Z 287 NsutUfsk72ebjh9ZOodTWwAAaEDl68U8H0Bw6yYuYbToOCQs1hf0nV3mz9xq
2020-09-15T00:13:01.935102704Z 288 8GvEwtiS6Ou92ycYwrsDWtpNUDGqIZ9snc13TbUyEXSuXhe2hWcBHikcCifp
2020-09-15T00:13:01.985972737Z 289 aVuxHKTd9uFryFRsCTi0gU4KEWEvfMCfq952tFnC26MZbqSwC7B63K85PsWw
2020-09-15T00:13:02.037521901Z 290 TMZOu2aAMYIbRt4yNn0upT4Cyf80gGoWVeCQkQrAaGNdhWoFr4cjhXytKj2Q
2020-09-15T00:13:02.088915675Z 291 Rds4ERC2t00PPfoJjicJth0DbXS7StaBlPvjCwZQMpixBW6GKSvKMFGUlDbK
2020-09-15T00:13:02.140295974Z 292 gy1Z3vBRJFxRHpFgQ8wt1dorJyNvMCZv5CbDZXfwYQmG8ME4bscZETuFLpzw
2020-09-15T00:13:02.191479608Z 293 zolTfnLn9KAPggvqddeNe7ZkKhD4Hg9546qJ5xTNA50mAn5HTj1ZCf5hKPKR
2020-09-15T00:13:02.241990652Z 294 F3zdLIr1ZSFcG2KeGKaxUuNFVmi4UjAZgfBJ3UbFjSfSjNYNq9xfJhd0tJPt
2020-09-15T00:13:02.293431622Z 295 meHowdj72rJBH73JG2xSJTSVeq9kWq1qneS1jLYzMTRiyE5WcXqC7YEexD17
2020-09-15T00:13:02.344827808Z 296 486Jh4pls4QcfabiQJIGNk30opAt2gmQnv3uWXgNTN4BkfAutiHPDaXwvSYC
2020-09-15T00:13:02.395674551Z 297 nRkCcZpz445muvQWrmwlYgZ1eBoFqgYwT0rTrfctwQ7AoHOLRl3RtMHku1Ah
2020-09-15T00:13:02.446447831Z 298 BSvHU1UuKqz6VE9FCFvhRIFUfNER1ilA4SGBBRYZ9ZkQsDPiCu4ac6AmUHae
2020-09-15T00:13:02.497827009Z 299 xSi4xLy9utiCY3JOsqxgJV1mWI61yxRPeHVi3ohlL44QIlRdTiEl7tqV8H2z
2020-09-15T00:13:02.549137525Z 300 PwREsCOjJPVTqX3j2Z4RsPRC5EzJDCbm8g7ztt2k35edfAurt3lRyxgV1eHY
2020-09-15T00:13:02.600861265Z 301 n9XH8C0eiBPuDKdYR6mwjrtQ03NnqzemQIYnSPNYB96nZmYpDjAMm8sjM3H7
2020-09-15T00:13:02.652141889Z 302 XtN4DKfI9qJJESg1BgTbsWfRScrlWTpiipSnYapolhNHJwpv7Vt8kyYO8c62
2020-09-15T00:13:02.703803440Z 303 BS6nzYBSmomeoWhsfUsZBxCItFIUphuWAe4cTH0KiX0jqz8gUvGiedE7RQyn
2020-09-15T00:13:02.755301142Z 304 TvLgyhExcipr278o5Itf1ngB3pBpPE719tt0pBQKCDNbJjI6jk1TfEHQkPyw
2020-09-15T00:13:02.806321265Z 305 oZlKi1LflB3i8QvjfaCGmS20OTHpbdJdnDcHoG3r1s6YpiNWoueiT5W4AcKl
2020-09-15T00:13:02.857419177Z 306 ve10T1piYRLovIb138jL81SH5RGIExXdZHzge9Rvr1wRnVKiPt4hP8X1iLFl
2020-09-15T00:13:02.908867277Z 307 dBDKT82Al5VaEK8Qjsx75mM1oRXJM4fU0d9Pkobk2UbW3P4XJc7F83PVg6dj
2020-09-15T00:13:02.960467991Z 308 igH8jzI66zb79hfToD83gsR7lA8dAhclwm5Z2jU9KeTwTpxCtFDNmQ3kJzAH
2020-09-15T00:13:03.012066733Z 309 skbiiIFgmVFPPSZv3KcPAPy4MTls1NkLiLHIxI8XHtPK615jSX79qI5sBA9n
2020-09-15T00:13:03.063897597Z 310 km2W3mz5W6xablgIxvZ2jbYFWfHRrdDVhmP6wggjquDMvzgv215oN3FISykc
2020-09-15T00:13:03.115255278Z 311 rjqJPg7rdWOCLcMfbSeQxjTYiRZyinExJRKtWTp9MqiqDQCYibGikARYeDjJ
2020-09-15T00:13:03.166612132Z 312 gnx0JEbdqDX8RsKRjVadC28OHXIAuxdYpsL9Jte3fHmYtsDLnsaOxaLDQfNs
2020-09-15T00:13:03.217751976Z 313 93NXXGIYVilW6D2gIXwfDgXQHKuaN2ko2wJ1OVeI3CRu8HOIB1hetjx2LeU6
2020-09-15T00:13:03.269364926Z 314 UuBlvHu5nxKUTQqG5ntsz3hchtDUjKc8J6mIVD3vDrhHatJQayqrfwzDqa1d
2020-09-15T00:13:03.320429999Z 315 5Z7OjXEgz4LgxcuE7U15PBOfhDylb6UVe76KwDOdJ1Idh0hjdEHP3e9ROMRJ
2020-09-15T00:13:03.371115452Z 316 AoipNqTmJPlbOEwjz7eWa3s8Po49lcsNSMaJ1Ejy4ctubaz2ax5tVBReLUfp
2020-09-15T00:13:03.422507990Z 317 rmD7WaUqoRi0zNjDBEPupxhl2bNbnaejTNSwu7FjzEttdkQ5nYQ8SyBAQGSw
2020-09-15T00:13:03.473933658Z 318 d82MnoS6U1iwcxRu0PZvFwpqarx2p4ntL2cR4G7a5fcJWEPnhT9qDddySt8W
2020-09-15T00:13:03.525277658Z 319 lYnWs9d5LK5MMcv0xG1mygjYpMuKAXQCySV17zbDPyIYwMYH6FSqn5pH4uv9
2020-09-15T00:13:03.576006237Z 320 A6yoqxekmJcSJWulqCKSz9urKB4yO181xz0BXEr5cp0cFTmFIiLx4x6yFnAl
2020-09-15T00:13:03.627124581Z 321 J6V3nspeP33uqJEaEimU8panuLm3TBUQ2omdKxH2IQjuGD1qEpkTaHgWPVXr
2020-09-15T00:13:03.678721429Z 322 NGDZkQpDXJdgNKK9TRjyXeZ18jxtBmAnTNzXUcu7YpYJBWv6Alp7KXEicYr7
2020-09-15T00:13:03.730518425Z 323 YS0LvTw9sijpp0LStNaCy2r4SnHdq3axNm6DNPpQz8UdFwSo6KLljwbgECjr
2020-09-15T00:13:03.781158269Z 324 Z0yL0C99Z72pCFbqbIT5CXzdEbZzfGpCfQu3MPaVaEYD7QHVA6UOkwGtTh7R
2020-09-15T00:13:03.832113020Z 325 oNOOaoLHlHQwIhOU3iKGEy2P9jwkkALb3OQ9a83NNLeAPnLC3mx6QeOe4gux
2020-09-15T00:13:03.882930678Z 326 lphRQGJpbylyMpnrhkTb99fRFa6fVTIVtOs7hBCRNaYLnBItjQuiVHY5zX4j
2020-09-15T00:13:03.935039447Z 327 TGPGdaQLVroMEdGoUdojAyd2OWPPnFg2iqgNCag6lhkn7qDpn4eJzmlDJmFr
2020-09-15T00:13:03.986295598Z 328 aVf6RTsCOaeHD4R3zBF8ESXMV1gkm2OIkiyY5DNbPddjmOp8fQYZwbkJJy61
2020-09-15T00:13:04.037747887Z 329 vRv2N8N0h2hrbZVkLjLTxYZ0SOiPd5t0vEnzLQiJNbXZ3b89Wa10iM5Xciab
2020-09-15T00:13:04.089803373Z 330 NNbug7jpOzZLdklcL7eGQkqnlv2RTQzJMHGyOYy4UeA1GNlmIehmmw64dEX1
2020-09-15T00:13:04.141669293Z 331 UJigqx3WAbVViUgolRXs32PFgup91Dm4OBVZveic1yJwpDFiBHD0VJiPhzt9
2020-09-15T00:13:04.192879211Z 332 lFCWxz1o9yI0cO9ylLmz8JDvF60hex74XRl1gqY4Rndv1PeoKasXLVBiffXt
2020-09-15T00:13:04.244910483Z 333 1qctF4r3VdY4r7eWXFRl1Gn04MNllfF6dInM3Kw4lwp89NBbextvgzSaTagR
2020-09-15T00:13:04.296040636Z 334 H9EItSfxBC5FK1So1pFdWxygaQy9W2KTGLN6XA5TUBqaRugnt0BA7dYu3yS5
2020-09-15T00:13:04.347691776Z 335 mO1FcP3p0tDCpCtzFA9qpmkmTk3BrAhI11a2HPD8pyeBQDBlp9d1FE1tkIob
2020-09-15T00:13:04.399915167Z 336 mlxI3MuWVpLqQnyyVTiTfzMk9UCw1gVefNfg1YbNMtPFykzQXoDt4R2woijw
2020-09-15T00:13:04.451231156Z 337 J3pRaTZvRaQDLN63PK4cLFvOHN1jPdOlZW5uLKGrrR6zGOpPWA3PAv1Evg2F
2020-09-15T00:13:04.502848532Z 338 T5ASiFzlQhiirBWp0KMId60Qc1aiRvPXmu5L9aW2aOOYHg58azLGHwQjvZzg
2020-09-15T00:13:04.554472185Z 339 SrGL6tTv3K3liF7aJz6BRFrlnb1LqxOhtrAuqV2usenD1lTCCiuaeD3UERl1
2020-09-15T00:13:04.605227646Z 340 2bLEX6YFabWA0ICW5s8iePCVv198IusO2WMHp0nMEVtDH6SdMkgeAC0mJYRc
2020-09-15T00:13:04.656170232Z 341 nK7PuDWBv2N2PA9sVFEt5IgiF7XU93nlgqsNstAr6uhQ6YORzNYkaZKOx6Uy
2020-09-15T00:13:04.707206453Z 342 SV5lAMMqNe0NW4VA6xpECjepTiQDCGA9Z5GmPpVMfkkK6inF5XJRlV6B1S0T
2020-09-15T00:13:04.758075707Z 343 DqOePcsDBQTGnlYV0jhbIlLAUmmdRHuH14wxVMPZ37PBrb8HxFUReDNWy8Uo
2020-09-15T00:13:04.809386271Z 344 ZXl0d36RiuEV8b1HOoUDp3qvLwoAaryowHvYmWC5kBeEbPPwcCl6y4klQ4NH
2020-09-15T00:13:04.860142743Z 345 WxI2NcEgCo5myElad9qZMHmCC3015ggsO050zQcR3i9ubltFDEDOD3u11NH0
2020-09-15T00:13:04.911340581Z 346 QSAXz2m2VAlWSdMhTTrizO7KKoraOFui3lwB3ayyBuVmVDTu4iJqR3R0RHom
2020-09-15T00:13:04.961883907Z 347 jC4Ha8VwWNupNfi67lsXpyDwdPpi9sWe7QOok11rqdLzcg9H0xb4KClP7MvX
2020-09-15T00:13:05.013570066Z 348 KBDCVBQssCa06qP1MyzUCsmlVCXSTEmv6XUZICkZPw2ppNCjdcZL394Y4cVS
2020-09-15T00:13:05.064366701Z 349 c2GHNMVFRAAxu55btTMFj5QZKJRoye1qUkMfS05gqCQW9PV2DCtUROUgrk3g
2020-09-15T00:13:05.115202721Z 350 L80RzHlOIBgmY3CT1RW6KXPJzA4Jwph0UD6gNjOmBmgsu9Ng4AmBVKDd1A0c
2020-09-15T00:13:05.166216918Z 351 Og6baBK3F90hAIU5JAH0lVCgyrF3WlqwH4OGkZ5HV7CpaiLF6AN5uuhzWbq6
2020-09-15T00:13:05.217740843Z 352 1x9JmuoSEkz6zym0LGRZZMcsRD06f0kAaQuHDnhHCZet3SSgpS6iawEiU3av
2020-09-15T00:13:05.269649426Z 353 vVDNqxIPlZntNAsA6DCav4AsQI2RSNEYQGMBLJVgPvjggJSg6YZ8sMpjahZ1
2020-09-15T00:13:05.320585233Z 354 RtxH37HEaSt8fFiLtmPuJjGnwkg76a8RKRIqNiO5kYNK3Kz86aUFnXc8LIFr
2020-09-15T00:13:05.371626061Z 355 3ARcYssObkhTrZDijgVN1Ua7cEwxRgx868qqY8C5bCBuxto33TwisinCE42K
2020-09-15T00:13:05.422919068Z 356 fDlD7VEukwwTvzjOprPxf8yzYbGHyQn0vsb3DmhrDYeONkr3WJxMjasCJatV
2020-09-15T00:13:05.474678375Z 357 hnwb2krqcNEflsAi99Apwxl9bHFplY2syLhs2PwyeQoHhawz3PU7ZvS1Yj7i
2020-09-15T00:13:05.526203194Z 358 rcekXB2mjDABtCYIbMhzwAVI9lb12WwjdarWUxaZlrknMvYxy9qBS9cP0a1R
2020-09-15T00:13:05.577082486Z 359 0JJ32mkHNHNhcOdC8svI0tBmUssi4UZ7pUipzncZMHSJdSdJDfe6wK6gUG5U
2020-09-15T00:13:05.628052012Z 360 E0tjzCQ5zVA96Wf3Ly4cZia0Q1jIOtnGVBJvSB64ij3A7Y9h8dvSQymcuuJ9
2020-09-15T00:13:05.679870352Z 361 LtqdtP4JqdW5ujHbQly5hPBvVPjSum5FdrxMCVk1prZPpY8MXeQb3gLWrxhi
2020-09-15T00:13:05.731558447Z 362 ad85TRiHfgSFpLN9iAcHd9DmIaBYHqQ8v6uWf3aK8Ua0CwHLVlPC9xW3ND6o
2020-09-15T00:13:05.782326053Z 363 ikbKiaiq5Uk4nigyxwix1iF6sISlY0uy2YEKKvS2XJLEMxb2La02Wv9gJ33l
2020-09-15T00:13:05.833764455Z 364 D8xMWKIdxzeZsAwDvSCAFoHlWdtw7SaRH1ZZVQZYkgV9maB7hkYhzJF2PQio
2020-09-15T00:13:05.885611205Z 365 2zZFJKQBx1xuzuhLzuXuAgBTrZWlondoYIsc66cDQZ7jluFrNEOq9dhGaoY0
2020-09-15T00:13:05.937438467Z 366 lo9ENgC2AZA6kEehT5e83f2nQDCtFTJ1DcQiZc5LPrU3tZwBW9TJcXVYHDG0
2020-09-15T00:13:05.988065968Z 367 NPjsVdaz6Seoo8FdHDLS3lOXPDBztwaEgi1XmKc5h9FUcidMVAL8szOSymox
2020-09-15T00:13:06.039515725Z 368 7mGfOjIwpb43GjuMH4wIBeRXFJ6ZbBGK4VjliSDfsMl1Dno1tWkKHoHzrkqW
2020-09-15T00:13:06.090635778Z 369 QDMxX96zVYgCaf0yeDlBjE0SMIjmpibAr02qFwXYEoqYkKJQg8QLdSVGu0eN
2020-09-15T00:13:06.141653157Z 370 JUyToZYDrXkbv8Qh9axnAub2n2veI0HMGOmGMLIYwHVToR4qSmWXSDOsidFn
2020-09-15T00:13:06.192580918Z 371 ZZFMxwbzRsH5fU4oGvhk8gBgCiJ2jpXljylgeuXHkeJ4L57EMk0zBvehpyAs
2020-09-15T00:13:06.243092107Z 372 nvEfasnIdDTRrSPaKnQ5vBcAh0WKgtMwC8ghcMN0fpqbW1Fs44kzdqaP31Bl
2020-09-15T00:13:06.294923075Z 373 0QDQ3i8rdUFZZaAlmcJBK3kbmIgDGnD4KFjJGB3WfQtH23aD8TyEJJV1ny8D
2020-09-15T00:13:06.346568144Z 374 EMn7xsXoZ746IIG0wbAPMQ25XjQX5ei8G8w9mksNvP4pQyWaO5ZNr3SRKK75
2020-09-15T00:13:06.397829172Z 375 SFd4t5ZHl8vRZVCYajExxBpOkNdppHy5bLtekbtypI1rEfLUnQVA5flOg4Vn
2020-09-15T00:13:06.449646216Z 376 gjTo6iTRtKPeZCUxFNL6IF3TEBMWLcDZFgnpAZo6VpBlgqHnTs4icNeaVgTg
2020-09-15T00:13:06.500191139Z 377 RA4CIOJleglGtcAeRBQuqR1xDIpkvDbcnT6lidXZUzofZdmJDwJ5SKEREMF0
2020-09-15T00:13:06.551906164Z 378 1xBzWUXigzYv3wV58yny21kLVBbQxPB6cis08vuHO9S10S9gg0LSVpcZ85wf
2020-09-15T00:13:06.603403012Z 379 wbe63VsocxpnInJt5HXA9Gosx1HSklhaU96WsQfrODjPZ4N0iRnhag5TrajO
2020-09-15T00:13:06.654358076Z 380 xmcqMRLHN9CXHA77PqnDgSy8PguAsphVFFiB4crt1wFxXp5EwSDvKYk41dEk
2020-09-15T00:13:06.705867966Z 381 nHBNtlnbjL7V1iCUvGoRmTCIWwgRSEwqxSZRUerUvMYcgXf89yjLR6y3XKGv
2020-09-15T00:13:06.758105338Z 382 2ckDpa9FzwMDHONlwf8yxS7rF253AgIt9mOSUYTkKwnQwbxJDt9F0WrXbIOM
2020-09-15T00:13:06.809878388Z 383 3QqWNi8PaQKsl6qLcvDFHOMstSPXPCqA2We1EmBXbKgRO67Vd8gQFxrWd7VO
2020-09-15T00:13:06.861615911Z 384 AuPz0zM74W2yxDrOwmTkyRR3RQZdrdhiUK45v6IRG8n5d0jmEEGPf8HHKVzd
2020-09-15T00:13:06.913031449Z 385 we6LcvmgPEVWxnguzhAZZK9VK7SdOK0iiGCiurHawxkHoQZi95au7qwfBJoH
2020-09-15T00:13:06.964803576Z 386 pvUGSpA0pNuWvM7kXPBaJMAE9VBH1C45vk2QlLEhZ7NKjXAYcKO1BhPhjUqX
2020-09-15T00:13:07.016790533Z 387 JlHZU87MYUhy2lvbS4XLbSmCfWS9fLSwg8SOswDqXf10N5T3ghMuvrk0N6mK
2020-09-15T00:13:07.067887161Z 388 81AR6oUnyEToGqOUsz2wFGQDxhvVr0XI4gmHYw45iDdzhPHIt83l94W4VzwY
2020-09-15T00:13:07.119603506Z 389 UbpDB7mDAMfD3QreRDrIyrKb9ayx0G9qI39skXNwNWLH8iHe5GvawQ7gZser
2020-09-15T00:13:07.170289854Z 390 UBbufm3zqjqXMxB4qYf1TyAyKiJspSKc1Aua7ReoKPxb8GnzCUEsk3mAtjvt
2020-09-15T00:13:07.221879100Z 391 a9EoKBeaRVS3H13WA1XqUTouGfToWT1iplQjXjlmafmQ0ZxgbEGVHoMR20p4
2020-09-15T00:13:07.273808858Z 392 e7GlV3nbeDMeO1HTvJjdhzvRhwpt5O5WpVBttfV4S5gpUplN2FsfoCgPdiPG
2020-09-15T00:13:07.325084909Z 393 W9L2xcMGlIEhw2Y43c2py5Gn7D8UEOBGAxpaML3KCK8gcDGA60UY7UARyhwE
2020-09-15T00:13:07.376674444Z 394 jFlJYEeEdatLfV2GcyIMeg44P5mmQcuugzfUkUjFDfjFveEuP89qXSUyE2kd
2020-09-15T00:13:07.427900936Z 395 tTV4n9Tia1QjAvkQyGxUamVD3R6Q2YaGMci0nVea6QdUdoAQDtx3AOy2hAeA
2020-09-15T00:13:07.479061909Z 396 9ezNB6SjDrxZqxL54F4jfRQUvdYPUXkVvTFNVG7II4oKKQrQyjNBCS4TZ19I
2020-09-15T00:13:07.530935860Z 397 tOd0K6R5LOXTEE5D2JfmWdZwV0asEVYWDUxtEkehFpYpARTeoZE2s7bqbXQJ
2020-09-15T00:13:07.582275269Z 398 sTb6BPuJQOrb3IJcFx0CwkhVwTRkOmFas5BmkzKE2jbT39gh1qOq8s4FC4FH
2020-09-15T00:13:07.633988811Z 399 KoczrY0bfcFAPEUiRWGdQyI0ytdUhzxevDfyC0vZwe6ei1rjl8IkSkPo8tkw
2020-09-15T00:13:07.684993620Z 400 ZvTmTw7FE0FessffehflFbuD97N7PXRsngHoK6doohbXdBrGIwmJ6dSZe0Iy
2020-09-15T00:13:07.735981365Z 401 KNz8DWWfAPo1WHi16Y9SNvqEfGTBgzlDEokairbRLqOnoyi0ijm9Y4gMnT4X
2020-09-15T00:13:07.787687424Z 402 tvN2LUH4rLGv0M9n4dcuvTbvi2nLXWsTRh9sbijOdOrPCsQ4l095cFq5Cpkd
2020-09-15T00:13:07.839207633Z 403 IBgRspy0TftxMSCFIrdRjgigvSoWu6kt1uXsdqPwFiMhqJGW4ZBG0mlqUVI8
2020-09-15T00:13:07.890136424Z 404 YCtssshaFhksYvGBoerYNBBYJgc58PEYKCCDE1XjYrVJ6IQYA7MohhblwdYz
2020-09-15T00:13:07.940900533Z 405 7qDm144DEZWxboD5cfcCRCfQmIpiqXJpWcAK8vUCbXDdRpmd9U9dFNhnJ5dw
2020-09-15T00:13:07.992507329Z 406 oySTAmcaJB2wT4mY0nQQQ2g9U4rUaJTmjwOE2PDWTOiiaxciX8Aj8dd9u9rN
2020-09-15T00:13:08.043109332Z 407 p8C8D9lfyJdSjC8KTlRlE5uyXLKCbGimLtFyYtyiLhEoMAMaRJxCoqt3oi7B
2020-09-15T00:13:08.094287880Z 408 RQuXQXOimx3VVqMEh4x0G1FT19ULdFg147ITvg9ACGq2pC9v8L8gNhAJDmvb
2020-09-15T00:13:08.145672100Z 409 7Fwu1gwAXwacmzslNd7RUUk6zNzhXBQVajXGJlqOzp7hmgtnkZyJ7nPpUKSv
2020-09-15T00:13:08.195911252Z 410 VaAGcUruGByr3MHbhOfe3ylUOGuGxzAnmSxtzb5PWZXOsmLz2Q10kPBp2KiX
2020-09-15T00:13:08.247452649Z 411 5GXzOxUHPA5eYYvzfqgY3JAWKoHLQw4SkB4uOSgVadTCBJ8bBdeE5Wi0ag47
2020-09-15T00:13:08.298839144Z 412 ygFcnohjOqM00G04dwi74zogqESf6PIykbsP8cpcCQF0Y2r3gUmK6u0i6F9Z
2020-09-15T00:13:08.350765984Z 413 OKPFJLZgflgrlz9iF678SUlNESYMOpl4PwAtbNxMZhnPnKf1Skb3AtvskItg
2020-09-15T00:13:08.402689542Z 414 i8uO8tu65ADSf4ldDwY16pDKznI3Fty2X3081fbgM2vSUrTszWeptrKUG1cP
2020-09-15T00:13:08.453120869Z 415 L6iE0qihrtm3i2AyeZt3z007ON4EWekIrOKMZsmMDsixoQ3J1djajqQtOqSm
2020-09-15T00:13:08.506157861Z 416 n6Al7nj5sUN1l4DofN7il0OtmtcFRc8WZoloEfLXpM2rBVIsIZJ393sZPFoh
2020-09-15T00:13:08.557313655Z 417 Nuh6MKUXK0NHsDa8MLhbPtVsgyEs0V6U27O9hNWbGNBveLWywJkAYmSqBXoy
2020-09-15T00:13:08.608667131Z 418 YvnicZvE1CmFjp8zLIzSga1SMz38mb9JCVPeroOlMsRiyT9VXo3mFJaFAWmJ
2020-09-15T00:13:08.658965751Z 419 aP2IMpWbcZhnnCRjs0JXwrhPuEsxrqBAmHk5jrxpAE2vGeHiLDHIJG7RLTjI
2020-09-15T00:13:08.710311574Z 420 sFLC2lkHujO3oDnYvBzUB4UBzJ1uVsJQFO5veTBdppHgkIju3Op56aIWSd4j
2020-09-15T00:13:08.761198046Z 421 85YdKAFrKaW0Ak1xJMkaZFPBfJGDCkOUMeG68sobGMvCPC8O7AVCRTHJTLZU
2020-09-15T00:13:08.812912142Z 422 IQ6H29hx6kmBsebLWUlJLxRyQd6lIBic8THZSUGahK2dv0ffsXcP4tSPZVPs
2020-09-15T00:13:08.864555781Z 423 a9v27ECzvvZ45d95huXFUi0hv9c3tgxhHKjs0q7kjXckMvJcbWNzkKWeGQwG
2020-09-15T00:13:08.914983878Z 424 1AZFlNbpCpYED59Urj5oDkBwWRVShjRb4TRKQbGfKBTmjqgY4zLKNupUtVTV
2020-09-15T00:13:08.966471457Z 425 tkIl9pHaLbJ4nFMt167flS6QU5VFibAQ9jIXIka2YgmirPrh9foujOcPXMiH
2020-09-15T00:13:09.016907085Z 426 td7gi8x8bJzB1iGVpZMmIcXSaP0W2z4ephL7ajzjeMCcn4sncb1UgxIqF3Ys
2020-09-15T00:13:09.068402740Z 427 AOB76ofsa4DCrh8UQOrs4awEf5pV2NF1oKWdQkxWfLLb3p8FGW2SYzdS2piD
2020-09-15T00:13:09.119334543Z 428 1bIewW6cILkjqICTghClbh0vyirsNeDKMeYp1D2bshykfFwhmAyNKmNUtB5p
2020-09-15T00:13:09.169907663Z 429 aB7lhaYtqU5gkcsZEL2p2GjTJ5uAt2PUcsJAaUxL6AnOf2ATiD1SfZbyRcLG
2020-09-15T00:13:09.221344473Z 430 qVVUZS3xRDXceq1CgtrNLnD4hYLhLOdHx0nWtLQwcHEO2qluKYMJyscOPds0
2020-09-15T00:13:09.272255422Z 431 9Mycdgk1y6KqwUB93YRBihcGQzfzBVJQuW18E4KZwL7mUfGXQBe2bOqU7UvE
2020-09-15T00:13:09.322897570Z 432 42zVrOHE68uaK3MZerlgh0n4UJqK6xHtmJfQSSZspazHsJAfdm0nYWmXTgCA
2020-09-15T00:13:09.374040600Z 433 4Gwaofoe355RA3HpYmeGBXCz16D1SxW89B4pmKDhuA02FZ6TX5qnkXFyc4RV
2020-09-15T00:13:09.425625172Z 434 ZZK8muKyZleppDQ25LClTvDxwNMcFIpWpuHD0SC020YtSPeNsKzc3BKkkOdQ
2020-09-15T00:13:09.476991181Z 435 P5Ik3kMQwJtfNxoXELWLC7nJWZiTZGHSlaaBKqwywOZBS8NgMb9kqP5PW5GP
2020-09-15T00:13:09.527998275Z 436 7Nqm1S7rrMrkK3yfSLASSXaHlTnlqxRSkDqu4S3Q5kEEHHs8jxPKZptZTRh0
2020-09-15T00:13:09.578956670Z 437 a1uaPwzCw0EENXTKsFo7Sd3IYF87roxkoVRf4rdCy0Sphz9lSTtSRObsZlRt
2020-09-15T00:13:09.630817923Z 438 9UHsA7fQZoqdm6Qnwxm3uIQ74xhAyb36UNeB7n3DHvqsY3HKx4Yheax0oIzh
2020-09-15T00:13:09.682456415Z 439 wn6OJUfw9by9JYlacohdAVG9DID8EHy0IsS9Przodp8YADSL9s9E9Sh98wS6
2020-09-15T00:13:09.733998195Z 440 CXcP9p3fYL5zrFSIsELMxP5p6vKRBA2uii08ocCr6Yo0zmONtvHo2Yh0cQEo
2020-09-15T00:13:09.785329968Z 441 9QTzMJtscyEFKpLE8cV6tSX80kn0gbeL0rMLHMnMFbvbcKfgPm6x1kiygDql
2020-09-15T00:13:09.836760874Z 442 bxxhRlrirh6TSC6AikQaXeNQcYNhjetjnCYx81L9j4ezDKju08jkKNopVR0x
2020-09-15T00:13:09.888652312Z 443 bW6vf5qgrOIEZxE2uZFwT3LW8M2FvjgWa7T7VV1zkM14fgLw7VC1TpVJsIpU
2020-09-15T00:13:09.939727264Z 444 TqZr3t9K50k38IfYuyJP93CeHoe5nN1vRdfuL9vhuPUlWwg6KHgIZLgqX1AE
2020-09-15T00:13:09.991486631Z 445 i57YHmH3cwSwytCRLjaybYZfpIetST15TEHF4sV9yTOHq1O8SXlcYtGcn7OT
2020-09-15T00:13:10.042860809Z 446 KB2gejtNZ0pvNFisXzcHUvtDakIUMWW67ddzfRNIwbeod5mr76drqwhcRAaa
2020-09-15T00:13:10.094757184Z 447 s1RBAL9IkJYrLy7bdOgpytUeud0hVMeXG3Z1iz64Ee2jzxhghaqmWbRa93bn
2020-09-15T00:13:10.146709466Z 448 zJE2gKqTeuLtDqDA6OmU2D6YE2Wfhnm0JW0xU5hnEwT0Crudu8jePbVVbc2Y
2020-09-15T00:13:10.198611090Z 449 2L3ek153jCYqzZrPA8B6dq7vVgPasLlAzMlrV2r8NNVD4FtZSHjz5KL2NOto
2020-09-15T00:13:10.249749343Z 450 54lx6OruZjGOYPa2PwEIZI1CbBHdW1Q7yEbKcLaRoxUMSZWorIB7FiLoZaEZ
2020-09-15T00:13:10.301019325Z 451 dhtKKTcw29SDFi8pKj6x7GcQpuFAhKGPtblo7IgUOBNeugj480VKTIuLcC5u
2020-09-15T00:13:10.351881560Z 452 Imd0qMqWCwBTI7a4Jhxn6kKFcgHcyEB1aP7LYjArXZK0QbD0F81lz6cWd5Ox
2020-09-15T00:13:10.403758957Z 453 VaT7ayJblq8auM8heUENkiiZrJULKVL3uaZTkXnsXuvmDLg904Z8mt9JMThA
2020-09-15T00:13:10.455180940Z 454 ki8NRQrYZxLO3V5kD3Mdqgsxaq3spfMtBI68Uuhsnt20iYawgbb1fTcz0C4t
2020-09-15T00:13:10.506632657Z 455 EZZUbHL7uh87BzMBmu02mioBjNAeFbvx6Be8AubKF8bci7OfuVa4B0my2MZv
2020-09-15T00:13:10.557614766Z 456 FTd9tmwqDlN17jzQBmtThyBwuudGIW0qH3AlXepuBCazRPofAMaNdzF8ycfO
2020-09-15T00:13:10.608540425Z 457 tazS5WOcIMjYfYUEk3uvMeWtvXjuDmLUmIbVa6X1q6LRgIcmpiA5dzcVpj44
2020-09-15T00:13:10.659334568Z 458 L0GqwEM4WeJqJh5LU4qROzd83xQs2OiZPfPyAfGEYapKV544GzxgIiO9bMNt
2020-09-15T00:13:10.710372751Z 459 Hw7Epogzuvn79WtOpSaKJoInwRCTRZpYCWdFAOpsUw974zR2COpWKZQXdtMk
2020-09-15T00:13:10.761191537Z 460 NUmuCGH4wU2KSIbCHm3p2dKJEprPmuvDPpuT6le2lMDVKiql0TaM6kEvZ8Ju
2020-09-15T00:13:10.812750203Z 461 ozFRIelLsIRJKeG6P46mnVhKCXXs7aOLlZ3TFwqaHQojx6KsMNEfipalBbsx
2020-09-15T00:13:10.864779408Z 462 h1LfSOLPPpnbCxCuElXIkUTCPfPbzaeUhDT7b6NeYGL0DnHVoE1lxmfbR1S0
2020-09-15T00:13:10.916074043Z 463 Kmy3vrcTgYu47RDf24DjR4TpQ78bajECGAGEiHt9Zt3dtV0X5rOGGnYin3G1
2020-09-15T00:13:10.967915396Z 464 btD1SovLfCOfuJkmth8JsJYDpfyml6vk3gSfzWBt3O4LQH44bJGe9ge7OPIi
2020-09-15T00:13:11.019478863Z 465 E2E1sbYw9E4CmEBXWGFkESUssU49XkslomAVi3bAKVVd5RcNQH3h9lXJmu3w
2020-09-15T00:13:11.070729644Z 466 5saCEYPQSjepCjPrksKHLHQlI79w2NSmp8SpPdfa08grlquyB0Du7UEqNdnp
2020-09-15T00:13:11.122602281Z 467 BWNLmCtz6KLfofQPqJ010WBMcyVZRXd0FWhV5b4hddTnCMQ7qy1xUxC6Xxl7
2020-09-15T00:13:11.173879647Z 468 8FOnnqk8xVW91RshQvk6Iyd8R4tZw8CMDB2IbyTzNqKnqzMI1eGf1LX3YQmz
2020-09-15T00:13:11.225839339Z 469 HRqwzvwl3Ux5hLJOTBtwpw0KpjnREUvTzKnhXCOwBbevWJ1DwWnbO9OT9mLr
2020-09-15T00:13:11.277421320Z 470 5epfhcrm3JY0Al8AifqtJYvpylZs7BVRRxSb0Vqk6NKhoUnfs8e4Wesb6wpm
2020-09-15T00:13:11.328617637Z 471 szN2qoNIPOPltZ4Tnl6eFV7t3GYFvc5u3Tiv8MwGsBmGq3Z1SWLJffRs9ZP7
2020-09-15T00:13:11.379661482Z 472 uQ96veYb4oqMpjyBh4RwdV1CtuJgAaWSvYC392ji0B04XlfRX9kLoVrkfZzz
2020-09-15T00:13:11.430468964Z 473 s9NhHut6jaqjpOnXUpg8OEQSoqxrdw9XppFnLeLdLnQYnCSKVyFfIJDiYftI
2020-09-15T00:13:11.481161661Z 474 iQWeNaoqFsVwHJXBjoFRGYIUEF9Jv5VsmtmCReJTNVFT0YHoEJBMidmbwdHg
2020-09-15T00:13:11.532832584Z 475 SYHuxcdy6wLCXSZyxPFxpwaJnZFRdH3K3Zf1tjsmyt5lKPH4bbuaZhuasFsM
2020-09-15T00:13:11.584986826Z 476 EAmT5wQvbXnayitll8yCP2u1Nqr26G6U8B3Xv7q8Zg7sfFrbPYcJ5qqRewak
2020-09-15T00:13:11.636898959Z 477 GdgpnOGupcTF37AutIP7FYsKqejmb8psbSzKvGVUUCVd74Dp1olVFWln6dCE
2020-09-15T00:13:11.688751907Z 478 76HsyZtz1gSSNp6rzoiabRYqhpcPZO4Cu0W7aQn3eirHbg5kVYeLUIFzUmoV
2020-09-15T00:13:11.740190021Z 479 DqttspPzd51udzB6AB2Vaw8X2LOmoxGyga7SxYsMeHfJXp1oFmTm84xf1Ilk
2020-09-15T00:13:11.792034773Z 480 P9pOZSeBUl8fAYAffXRNJVmBpWy2yMDt96PHJ6J3wOGhopzGNwxaH1cIK6fM
2020-09-15T00:13:11.843715507Z 481 0D4Qth9GYViszLpMetcw9fQ0Ba9J8KXseOKK48v69xhSrqWftP0SiUc6gDa9
2020-09-15T00:13:11.894327271Z 482 Pu5Al9O7BCUBB1kuoIiFTZebpTlTkmIAZH6oq35diiVNFiWn7s4bIv7RTqir
2020-09-15T00:13:11.945751138Z 483 S9uPysSnDXIXIDYirowm2t6QeMWeXqzDaNhszTpNa04E7W2uWO3lxkFFyy3u
2020-09-15T00:13:11.997572311Z 484 ScnD88TRF5YOUMaIBUN7quF8YdtGcphZyzOizyy9Cidnbb152B1piF2gW3bm
2020-09-15T00:13:12.048324856Z 485 QV9ErwbWlratCthk8bjQPozCOpdVQvK9VPfKrpgUnk8o0O8VrzMFB258Rugd
2020-09-15T00:13:12.099883944Z 486 UQ97QKshSHUctz3dCd8iYuf5i74w3dxhWJ1C6DTPxgCOohot1BufBnmVoALd
2020-09-15T00:13:12.151431860Z 487 7hnuFjyicElMOZ254w17VWSkjPtyKlQmlrEpamF8Y265wkR7fdw9tK1nFB36
2020-09-15T00:13:12.202885257Z 488 FrIt67XCNSYLH61eGWIBHdMJu7SaabsVY0g9ai8Zw04I4jAtIoW8n69vAvuv
2020-09-15T00:13:12.254636535Z 489 gISQVRRauevY5qJVpWJwJQ5pwks6hNF9a27vl7lAVJ7xEEszf8dCF1Abh2er
2020-09-15T00:13:12.305565265Z 490 Ma4yArrFKnimavqA4drCxAfviVcZIzockMawIVzwksNnRLR9FVZc3LLtFFJc
2020-09-15T00:13:12.357562236Z 491 JRQ2BotmYL04HxL47Mjr3pBvxbKTpwp6j1y4TYsFvbRoYUregThcwH5oxWgH
2020-09-15T00:13:12.408035630Z 492 lLFsdbRysB8Hmjt5nleBiOQ7C9PVMIVcJ6mNVNvZNnXEEL01Wc2SLpwgvdjU
2020-09-15T00:13:12.459887634Z 493 Qe50i0NAf8ZYgCWMzzOO83Askkksr3pHzDuRs0BxiOKaIwUXv3mfpMSs22x0
2020-09-15T00:13:12.511839852Z 494 KWRLNwHYzajlqIn9SzzzNy9QnyaGsVP2Ifz4WIIsvl4C12nv2TQraeokQyEN
2020-09-15T00:13:12.562950180Z 495 LIeqwTLVEFmshalDVD77t75l898w1Oc6bVqpCDuoSEwbkotmbmt2K4uXxHGo
2020-09-15T00:13:12.613928476Z 496 4XaK805YjiXZwI9BNHx8s9p7e8sQcfTipsfQOZcSWpn0gApdAjoV3Xt1HiCs
2020-09-15T00:13:12.665855873Z 497 OoMA8yqNrzp5BkYJqOR4hEjowBzC6F3Etqd7ldafJLaBnd4e8TcxToCpX3vV
2020-09-15T00:13:12.717694739Z 498 2msM2F0Ep258pFXT7XVBptHysIa2dCojIeZPDU6xHxsrPQxJ9VJkcFORkqsF
2020-09-15T00:13:12.768909044Z 499 faiMxsfEqUPMp7obrZXhyIEnmNqjaiSOk9DGtgSj8I3w3mRMsj5HcaQ68x6h
2020-09-15T00:12:48.500388690Z 0 Gvuk9I87cq5mxbGlgxKk7VYzvR2WVvwn9RyROJkcbipBy5ybtqKDW05PN0NDAz
2020-09-15T00:12:48.552614709Z 1 cJQWp80l6T3R6C2848NaCbuISn4eN7jPK0FNEznTI8SpSYv7bj8KBDiBvktliE
2020-09-15T00:12:48.609229249Z 2 9nKrRGEpbzzAYXyOSPytu06aLQNv7u2xedZJ2IX83HjYuGISFxPGg4JFntacnV
2020-09-15T00:12:48.660663402Z 3 UPrA1xlhd3ePp6rKqhGkMLpu04cNAoszvgezgTi4E5zX8d8HEBtOL94IPBtMqT
2020-09-15T00:12:48.711232356Z 4 4ShcwBnYrfbEQmU1oL7fUv1lBdm6VwoVx11NcUnN5FhoZvuPP82Gs9Hqt6lDLA
2020-09-15T00:12:48.762443341Z 5 ZGwjHjah8TyIXvt2CjJ1sUHJIax26V6764BYGBNKT4fxGiclDZi5UwbILhwO4M
2020-09-15T00:12:48.813999964Z 6 5AztgvJmRi3BKVXcqLWp7yn97yzSlpXu61jBEkTXN33SmUdi26maMmXy49YN3k
2020-09-15T00:12:48.866069519Z 7 RruTUdQb2mNfRLYJOMJQHIEevpDP1sSONAGToFqYnNqSqdWbHpr53sFq8gEMld
2020-09-15T00:12:48.918241398Z 8 DfYpj9nRFDrRzdTKnj2prPJIpKXqKXoQIX8GMYKQIr09YiwMCSAJSSGSH9vHAK
2020-09-15T00:12:48.970109825Z 9 LMDcJyPLD8NVeVLm5nxIG2vmZMl4LmwMRBtgi0QetzKMFFcLOXNMrF08QHpjb3
2020-09-15T00:12:49.021980590Z 10 KqlWZhSculLye8DSyi6yfRGYWTH9fm5ywsDXEO2nWZiIn70wje0ftXneGVYzx
2020-09-15T00:12:49.073647987Z 11 sbGfpnpz3ADWqBMBZpGsnIkadUUbfHmLvrEaUwSAd9IT4EcuWwsfEBcaDozhC
2020-09-15T00:12:49.125120730Z 12 F5i3SPLiey0AXAO5RftOU50V6Md5ZmK701MvD8QNfR1TtK6N1bcPjgEXLQkic
2020-09-15T00:12:49.177130236Z 13 6nyUKE0FGnARKBS5sLL23tipIuYblURcdtRasbnAlJfFcXfOtTp0JLXV8bDua
2020-09-15T00:12:49.229092411Z 14 PgUMK8yewyfvVnfs7PVT88DnucrlLsQbUwlaU9mVZfNS5amu40woWktlFbLM5
2020-09-15T00:12:49.281118988Z 15 ltE8UPGxfgOWqXybILQhrMrq30qTKRB5UEpCmIbdgPDFZeayvJfJ6bON0d4Zz
2020-09-15T00:12:49.331750823Z 16 15WbarINxOl3at2Go04rS9akM7yAnukLI26KNvAbpfvM8JiqivXusElNN7hjk
2020-09-15T00:12:49.383148580Z 17 eCaPdEu0fsdAoPFzJ9dX5WlAK0WezODKJWQliWtS1KEJSOWS5uF5bnMtzaYr3
2020-09-15T00:12:49.434940730Z 18 St2GWptKRA8dnOngTdOaWE2diUlpkhzcfAgyf9s94EpTwT2FpW0RaynjKfFDf
2020-09-15T00:12:49.485543466Z 19 HyMXLCf3WFvEpOwevdQX3641lN0U0RAMoHU6pcp0CkADipHGqgdldz4yInTwn
2020-09-15T00:12:49.537144700Z 20 NDmXaaNio88CE7yjhlH7GKvkPrqvx6SY11klXXMS7wripUrH2ANzjN15VTFe8
2020-09-15T00:12:49.588099725Z 21 NCC7JXfnXmrqqoHTRf4u5z8S3gZQMxAScKJy3Kc70weMUpCSvUaQUgpypwakI
2020-09-15T00:12:49.640056740Z 22 m6AVzzM6vqGjr8bUuSF6ohWDUJLg9RNnWIpChtYVup2QkNRYL1seiSdeAfgHD
2020-09-15T00:12:49.690413508Z 23 kbXUOK0FjYGhfU8LgwniTylDadeEOJPhfw1qmb5PrLi2cGWabbXG2y6753a5m
2020-09-15T00:12:49.742197970Z 24 mJDb6ZD4PCgHhhEJcYHJ4e5UD0d5wEpbq8iFOMjJPrwSRBfXN68CVheIvpTg9
2020-09-15T00:12:49.793444168Z 25 UJYG8rWTkdqEjXnayD9Cp3YJDLdrX0IQrQ21Qi2o6AHwdJ1xoZhxHe7mNPibM
2020-09-15T00:12:49.844740240Z 26 6vAHomYJ9RXHPkjmtws7XQxBvMZUHiZOWUr0bsna4ZL5CADPEAL0t3rkSYjOq
2020-09-15T00:12:49.896095257Z 27 XUw5ME3Suupyr7j5ZcnxG68JgBKC9yfdnrvdSbKGvXd09r9Kqk54dg0JixQ70
2020-09-15T00:12:49.946812827Z 28 rFYPlOqZilNABxF2NXM8h74Y6IMYJjvebBYhzUvLw0WQl2CzqZEop8wsv0Gld
2020-09-15T00:12:49.997833497Z 29 DsJZfCszkIJDfOchGvFjoZe1Odnt5z1Ikg0FVS9LimGQGDp8ZEYGcEJpN7eDK
2020-09-15T00:12:50.049298597Z 30 zl6y4TB0LeFvump2psr8yehV7YtbH0TAt9hffuc8NCF3JJxVf16DNr37KxBO5
2020-09-15T00:12:50.101439699Z 31 rgiIRG4RbieetmbRhV275NkyYrbTCtCXdUByQmVTD4ZUOhXlRYzOHl6bVej5E
2020-09-15T00:12:50.153000778Z 32 e1LLRDjOtv3IAlkQnp8nBPkMrWVK12llYXXntfefuhkPkRpVBqgJcR4D59Q2E
2020-09-15T00:12:50.205665756Z 33 Ma2NPe8NS9kUagnB4tsYOcFMa6RZxJ8e37tHvh7KvBFZPsAwOJUz7Q6DE3G0t
2020-09-15T00:12:50.257260588Z 34 ZnG883Edmja4H6ewHyPMBMjthVspYbGsTyCfPA5bmSBV0d80ZteBMlgX7FOxO
2020-09-15T00:12:50.309496387Z 35 Yj5uzOYzNhGBbbIAg3AQADXIsBJh2dymRTJRr0nVwAbGK09MRnPpJfr9QScv6
2020-09-15T00:12:50.360579097Z 36 DKAwJOdsV8jhDbBELPanPweT82ZEIplt14CoHiFFEpYYUgSYHPAoRG7mQvEII
2020-09-15T00:12:50.411774491Z 37 9GdEisbP4fEWHhrV8LyE6yX9ekPUsG2sZIluM1AaE9gEfhniyrwuJYo0bgD3h
2020-09-15T00:12:50.463393389Z 38 1Cv3GW8EjZMkm8VlbTgq8s7fc37BgCkz1FYZ0IkgLGNTgK8xq4zc3UOZ98k0p
2020-09-15T00:12:50.515154115Z 39 A2z55qfJsOVUlkBSkyzOJsNiqW1ODA8QWh59JasoXDkwhSlPOV4mTlaDMRv2F
2020-09-15T00:12:50.566970104Z 40 5tRaQVkD0seaB1D7qQT53aNqeeFaglhiL2ePhLmtQne3VWGXw8C2e6KWnFxoS
2020-09-15T00:12:50.617495122Z 41 RfoDvGVGM0XxFJaOBT4tWqXhhreHekwcvSYgYtoN2rHUNH4f5ercQOm7TIc16
2020-09-15T00:12:50.668708445Z 42 LsyjM7J8VGbWgCdjtOM1w1cZ16lDVf6TbNvXJ3EVBAJMRFtfj53oAuiu6bRoG
2020-09-15T00:12:50.719825930Z 43 afADL9Oo56rXEiB8OgBUBRpPOeW3sK9eEq8K5q5UzpHINhFUBPYrBqcvGt4Br
2020-09-15T00:12:50.770447848Z 44 ZQty1LKmEWpsmuyU6flWeo6zwYBWbCdNuDaO8uHaqZrFeK1qoy5OKfEO7aNDX
2020-09-15T00:12:50.821424908Z 45 jWQcij3pIRLCbgG08M7mQN2OqiS0N7rPiE0HWLEOjK2NbfHOJn5ATncaT3yLa
2020-09-15T00:12:50.873237264Z 46 30gl71r3WIsMGqSwYvayC5AQ3cnOdXqbM1zQOokcqpvvHBTqKL5itmH7Irpts
2020-09-15T00:12:50.924762788Z 47 5yOzasambT77HFzPK1obs7cMqDg7MKQVinGUckAwEWhnoVLR3vPJRQFkJaUOo
2020-09-15T00:12:50.975879741Z 48 tN6pD932nwIP71F7JKPDOVrLdsAJhoOxbdHhI9JwQ5Lrmuhy0QFOZTxHmDJGw
2020-09-15T00:12:51.027384203Z 49 nJcvw9yr9V4NpoZQKwwsEdgbgVbXAuhYnH3DJ9u0CASU9tKW61BGPAF1NLYkp
2020-09-15T00:12:51.078996807Z 50 PbhidZD8UPZeTJnBQZWNGP5jJMKOCKsmXd1ZkLsCqIpKH8CGXpSdNyQPYRqII
2020-09-15T00:12:51.129447372Z 51 bHmN95XcZOGPsQyUOQigWtV6XPSdE5Ua7eA3ccdDeU32xJS7I9e5bE9pz08kP
2020-09-15T00:12:51.180624485Z 52 sFSCyGsxf12JniYKFFplfIuEm2On4yQ0WTyPTVbhwVk6Mdjgx9Tp6UPeU5IZX
2020-09-15T00:12:51.232535305Z 53 PJ0ekonZeT1oBA3LisN4wHsdMoZcwdksOhpEzAogOBv8cxj3FfTrQs5ME6ELE
2020-09-15T00:12:51.284175516Z 54 OK7GRLeXyCnTNAUVTEvrMkhvhlqyBBKenAGBeKVmWgpNZM9A2xmpHLlTvwG0N
2020-09-15T00:12:51.335936738Z 55 RhZnzPWWzLh0lBmSvUsdzZcyM6ZoEGJAY1FrStCu67QqUlIMJQ0oiS97eb9uB
2020-09-15T00:12:51.387213603Z 56 nMYDiIFWGb1UdaVyTXn6QbN8Fk0oJz8vaMhddaHFfSLpTNFyRSkUa5LRqxoFM
2020-09-15T00:12:51.439237003Z 57 emQTp5ZfSKDj9zIKXWddwHIfRg6yBy9KhD2PkMS0sL74JimqxHhUob85G9M27
2020-09-15T00:12:51.491203217Z 58 wAmciAwvwbww5Pjr0M1Hm8KzOu7O5Zws9StBk6ghqDQRDsja8LrTNPb2MO9LG
2020-09-15T00:12:51.543162972Z 59 3rlw6yOl5CYLi6iZeng4PaAr7uew0zPAHgm5DE18vpxJfyNKueD2QLETqvM3g
2020-09-15T00:12:51.594730602Z 60 jDiyDFWbptM4R1FqOm31T56kYx40CHJ5MN7z8zSW7CLIXqDk70zzryTMBNB5Q
2020-09-15T00:12:51.646326316Z 61 fRhQf5JFSvuQVqvyNNBxMnWllMESsHydrWedqpKtjNLVln7zmNQAwvS0ZvUFr
2020-09-15T00:12:51.697994404Z 62 8CbgiMMshIblSeunfaaUxMNQ1Z74eoWDeujP7AHFurInlJIuSMv1MCXeWA2JI
2020-09-15T00:12:51.748788632Z 63 hixKHYX1sLQaFDLYz4Wq8tckI4QhgwSuqxwZuOyPPTBx5Dz9BnHiRwxN7CdDN
2020-09-15T00:12:51.800353632Z 64 Z7gpYZFHOnTBTTvKBSy7jlfrW2GJTblxRg4PjGUaO6MlhQ9N19yD4DdCFlG2P
2020-09-15T00:12:51.852498070Z 65 GnBD4mbVOzBGwEtXKrpaP63Kf90izjsJ7eFKDKbrNuYGggo2kvLNUIqemeqLP
2020-09-15T00:12:51.904373706Z 66 i0zVjnqn3tyAgI7u43uvMX1hJRiMnqkfU6PeCI3CLzSKTZycm9shjs0b0nHvM
2020-09-15T00:12:51.956171031Z 67 J4xGNT5FhcdX61hFJskPVXfckFuaE2GgbfENajQQPcykVkP1oWA3e8SSUFXap
2020-09-15T00:12:52.007553637Z 68 8StO6UpY7GGIL8oqtShAYPCTPjkk8LdErrswqEbKitXYWhKOeDhD1QNzMJZoW
2020-09-15T00:12:52.058459220Z 69 YOAyu3mOlKrniyc1FzzTwIolJolDgjrsUCvU0gm1Cg1GgRLWyawpxT4dF0XHj
2020-09-15T00:12:52.110448257Z 70 8mxIdmiTvu0y4DWHqLEF9IdczYGoXeARoKd2C1bFzxf518pLkwtFKxsiQCk4k
2020-09-15T00:12:52.162073004Z 71 AJIL4izTYzjjDHZv8uvT6HWd2i1bRaGcrZlUEnlbx4UE0Q5jYv70RI7SaGy9B
2020-09-15T00:12:52.212938966Z 72 IJhZNwhGjXAWfWTcIL6fzLBXwy8tHOlDIYL42jvx72HBP4oyVr7rtpqR9rsJc
2020-09-15T00:12:52.264099650Z 73 Z0uQ1CQGH4MobH1g8Bt3ZQlED3ANpXEMmzHkHsEeFkkaXSkS9GF8WTIq53UOt
2020-09-15T00:12:52.315375207Z 74 kcZ0qSXZB91O87rQlF0MOlwCmmgEmPKaqZjAbeIgJmjloDutXFtfn87jXaNgc
2020-09-15T00:12:52.366678037Z 75 0QjJZcfodCd2ISXvoZjjNbqaY2LKet5lTeM5F2KYC24X2H5tEn0z97Qr7gwiE
2020-09-15T00:12:52.417622853Z 76 kHF69jngLL2V9fjICpDVCiwtAo4wLBeo5ne0BaQyDWRV2lxsn2drOKD6qylQx
2020-09-15T00:12:52.469253776Z 77 gqQHCOaAOEvGVMZaOGT4T5bbUbVudeEk5szwYzcGcBBcFBmKKCkuy41neLXkH
2020-09-15T00:12:52.520676598Z 78 GKAkWR7hqGvBhS7Q0EuZnsdaWXVG4BPncVLc5XZChWjWdHiUZ2nN9qA4gczHa
2020-09-15T00:12:52.572320995Z 79 oWy0Qp9BbN0kSmvAYqXI5C2NVYjATMTyWilmUAs8h4MIIyzZdC84MJU7VsNJZ
2020-09-15T00:12:52.623961789Z 80 wJQQYYcLXPOpRYUFU43BBps8WfuZsOQ1LLfYA1v8BNizx1hxvTSfGx7muRkDn
2020-09-15T00:12:52.675198878Z 81 lbFo3BBdXr2fb42CzsG5g0r02rgrITt63fGarbkwbziRVNsLS5hJKvOOp9n5f
2020-09-15T00:12:52.727360074Z 82 86luUb00dqKlbHfDcSNDM4OE1xoSiM1VJHvvCXhiUrVypDb3LWxU5Q8f2RNUk
2020-09-15T00:12:52.778885893Z 83 YaZcO13x6MpWzfa30MYr0ueebNoou3yGh3RRqqIZXnVOZRBPEVNbPRwnH86gq
2020-09-15T00:12:52.829603972Z 84 clczl1a2CGN0yNaaUPpcVyhx4xwwVAtdfpFaQctGNJHsvK9LLPnd7aTPW2qfK
2020-09-15T00:12:52.881142932Z 85 ANDhb4Njvsp5Duxl9bmEBDYxxwdMK2sKuHeP8gJT5cqciYKc4Bc2Aa5PJdqq6
2020-09-15T00:12:52.932929228Z 86 xdNIFtisfPpkRKGii8tUb0MPyHymx66LZfaHRgNAet6P5cIMX2TVlpS7eRTrG
2020-09-15T00:12:52.984019398Z 87 xDcsAm6APhpUKgbtmHsVqWypvhBe24hQuIdeBHgPMMRCv6ZGUg2JW3zk41UYj
2020-09-15T00:12:53.034957078Z 88 FxzXSnumEhlfV0FZZg2U7593DYMM07O8BWkZoTT3Y6g7molWyykzCKqdKjOrs
2020-09-15T00:12:53.086012351Z 89 uuQrKa6wZlPZgtPEa3892WoQzRZ3RzpPv54qt3povjjE9gCqyocl9wFN7Wv9R
2020-09-15T00:12:53.136608155Z 90 2xV6jVY94T7xiCKZsOuVeZNUmkFlVVcPiUOko9TqYC1ynSIxmstkTWnB1wZ13
2020-09-15T00:12:53.188178114Z 91 suixxTtB67qXqdjAtpSY8x9pXKSIuikJe4CzzazgSVxNWQlCzLTsaVIqnl60Y
2020-09-15T00:12:53.238771593Z 92 ZdG72KzcAE7ZPSpqqQJKSwk2vq9e9C2Y2jH0doiJjVUjiORA3lpqM05sGcYI6
2020-09-15T00:12:53.290111356Z 93 9EDM8TYY45f5agXs3uCjxxkzVw9H4J3M7eYW2VHa4XSKgmaIRxvoIKikSqEiC
2020-09-15T00:12:53.340529201Z 94 fMeZiJWzGb1d03vSfZAnX9MohhDyqcwvLF0ZLZXM8TV9o8xdCJK60A2WXxOvf
2020-09-15T00:12:53.391952323Z 95 DSKlpaCt27qaHgea6dxxWIGJEyvgXyykBc3pbGIPxW4ANFKKn93xv4TaDIZem
2020-09-15T00:12:53.442978573Z 96 Q0bEVDAbGPpGrVJwACfUhJecfNzARm7uQWALCHgeqI6lQNeOP0HR2LrJsotTH
2020-09-15T00:12:53.493423480Z 97 RFsFNipVgvqR4pnb1JwybPRoCXXq60bEMboPRmRSgTbwc7h3GUhb1vufiSaqN
2020-09-15T00:12:53.545491047Z 98 fcdHxTZgrAhR7UUsZTAaQ9ns8EZesLA2i6h9iOLDjpTq9RgvQ6kE47RABwLWM
2020-09-15T00:12:53.597444385Z 99 6zRSD3MqK8T1ZtsSXbo9baGinZE8hE9DrT3Ok6w3pSy7iUjesLRQ7V9cWlCb2
2020-09-15T00:12:53.649036615Z 100 myXBlAdcoT2nGnIR7Zy66W2mhlyk8EqqKuu37GAo75sHLk2lE6fsCg59wOTi
2020-09-15T00:12:53.699418287Z 101 tPbgR4KCLX8cMJmAn7eDaQZbDuSSMnsAT3JrYwrPV208E1kBQKOcQ0LeJsyd
2020-09-15T00:12:53.751056150Z 102 FSnCf8ahIzzajU7saxGuJ1s6NbDvejSaosSIvpsW2IVNUREPGHQP0UlBmXQJ
2020-09-15T00:12:53.801506218Z 103 U0ucAw0NzlzNKPtRqQgBtKim9Cds9F4gMEuoc0zAaurfyKg2dnp2OXo9yzpy
2020-09-15T00:12:53.853589010Z 104 pD0yifgLTmLu7hPRwXCkHfs7EYA1hKC8KWdoaJDom2BhY4VHP0sdKUBZCMfW
2020-09-15T00:12:53.904440364Z 105 HhqeN0a3h7DRtym6a73fHukUZvIocvCssg2ZTk3EufOkZcCEWOVTrPJzPxXL
2020-09-15T00:12:53.956376158Z 106 8j8sT5uTI1CdyCrUP3npodpoaftHiObGDVr5PiKUHxNx3BALulPRkj8XKKJ6
2020-09-15T00:12:54.008119167Z 107 Ko8EevIkf9gMVa4snvu7Q8qJiOgzt3fXYjVSW6MJk0oFo9alrgvZ6WZPRi5m
2020-09-15T00:12:54.058951077Z 108 IyV2deBQjZpTGpOgNnMaout2IrrfQT6rEnGa8GIlTTojUdwgAihZO54yR97N
2020-09-15T00:12:54.109674011Z 109 ldift7fv4pr5vxybjhCbwv0tujVU1hu8Lk54zcNaJdEpgFhH0URD2Qq359Bi
2020-09-15T00:12:54.161290051Z 110 tL8URIHoQ0OeC4g1Hq7lIkYtAYfJIMH5zwuZw59PmmaPeFjbPVkG2156X0Jb
2020-09-15T00:12:54.213068801Z 111 0rYs1CxPcWyyRaqDVjEOSSzV1yk2m19Jr1YvvwswLWp89Niruj7qozzh1Aww
2020-09-15T00:12:54.264972714Z 112 bx4Vtpd514JX4VuAszXUFsWLZvitGV6iFH1wjHtDIfuiduNMAJMu6QLJwUTL
2020-09-15T00:12:54.315405866Z 113 Rm4IzOZGk4FaEPsDQSC6hcS56TPSSVfOQv5udNwrvVsVBQgXwkB0BGqS67WX
2020-09-15T00:12:54.366613072Z 114 Efb6CMpe8387fwJKYEP7iQ6n1FKv8dhohZdO1Sc1xNxDctBPuOSl4NJp5faU
2020-09-15T00:12:54.417987390Z 115 N9BqpZXMe0Z1OUnQM2k2VbyH2hmtm0NmFGvWujyORAdHM6Hg1jlM5fS2GFLo
2020-09-15T00:12:54.469720989Z 116 WU3j4WbYzECVVqjXccbM9zxlpnswujRYftlBFXFJAq728CL1eJD0H9sfk5i9
2020-09-15T00:12:54.521128134Z 117 Ao4QQnU2FSx1ZaeoXIqKMYhaUlYUbqUvxiveXGw3WEjvU7XHY8fN8yPZZSQ7
2020-09-15T00:12:54.571868781Z 118 vhAjIlBY8qdhRaEk5AaEGbLPJyTos0P1Tz2tXAT4J8wLpIqquLOkXMaWyKzp
2020-09-15T00:12:54.623120445Z 119 r6D2UdJmxy5Wto2AOtBAZtth3YQgNojuqxD9JCt59xSmuUiIebNrQDjAtALz
2020-09-15T00:12:54.673699348Z 120 tDzmUbvKjtXwpaNt8MK3Trk24AXFzlGtQ1utypu4gfPWewXk3nehdRPMuPFR
2020-09-15T00:12:54.725449930Z 121 CEfGE11KP9NQVSy3wpKqOPldPdnAwFU3tYIu4Mi3ZWPx2aGkagdPcL54JHaW
2020-09-15T00:12:54.776837354Z 122 uYF8nR0GjMq3ZCjr5TEyIlzPFR79MZ0ITOPVHtvRhNrhn948DWvHa8dWkFwq
2020-09-15T00:12:54.827847721Z 123 q5ljuv2cW7hHGBO8pMi8Vr34Xpa6NPiiiafojsVR5ouZILHaVw9UgTCe4Foy
2020-09-15T00:12:54.878378796Z 124 2UN5Jv8vX3HXw3QCE9NQUKkLqgN4nMzntjQllF0U5M4bdnbbEN4r9bZ1mnEH
2020-09-15T00:12:54.930449247Z 125 pvRX3Oo1fJVbIrTVvlZzoltP5UJLNcR1EPNhicSsRMJraseOZnaP1o0FVTSE
2020-09-15T00:12:54.981967462Z 126 dwCtojCHMqJL4b9GDJ3l05qbTWTlNZBWWKqNmvr2ijt77uZfUC0Z7lo8ZPDx
2020-09-15T00:12:55.033269643Z 127 es0p1PnS2jsXbbKo2aBA4zukS9coMrYHVZIFUZtSskRuFpZxnljkT6fDouAe
2020-09-15T00:12:55.084510937Z 128 aWPZjYVvB8oQA3hW5g4k2oqAPtdrXZPVDVLUXuh7QSdF05bWcQ5Nqyd7l9JI
2020-09-15T00:12:55.135799135Z 129 MmVILiHEkaNtNEB6mG6DNgXksEGIqkNUJmMtf8d3ZtkJwHsziSAZUT3Wy5CS
2020-09-15T00:12:55.187238668Z 130 dlFrtLmGnFnJBG8tCtIBDFBxyVZ6Mcvvec6M77tEmuJNRYnrNGeFh8yE5gH0
2020-09-15T00:12:55.240793758Z 131 RP5D8hdibgfQp6l3h5Hiz87VEfoahFuHIJEOigboXYGpMf49GF7pZVn8X0wn
2020-09-15T00:12:55.292271810Z 132 AeJYGDVTwgVNCJyMvjOOMTXYOKt5HUpN5fEy6bohgGkfdNtpZN4aQVIjh2GR
2020-09-15T00:12:55.343762731Z 133 zpDePWJBCudamggZeNHRxmUQyGFOoVgjNkta7BHHM6lrOQFNX5VDTglHC3g1
2020-09-15T00:12:55.395108917Z 134 ovm9ketQ7cMNnmnFzHZxZFgXco9AVwzHEZodUvQuhNSfavWY3njaR4qlvQPx
2020-09-15T00:12:55.446830673Z 135 FPIlZB8w3u6SyxU2VpMBaySzpbVkLNnCYBsQseYY1d0HUmwTXBkC5RiO9gFl
2020-09-15T00:12:55.497392219Z 136 YjTl66t6O1rABkWlX1DipRagmoGqhZ1rLZZz6D1M95dbz0NafTVrrHVshyDI
2020-09-15T00:12:55.549201884Z 137 OMrdDud8tt4N0konAqmvIBMPNn2L12wIOOL3rbuf1Ss1In54fOCQ9D8TKsko
2020-09-15T00:12:55.600754344Z 138 ttp86wGBku9b64eQhcZDSVyw9iiB1y5swayydwxWKKfNLUveZ8sDmvWuUdE9
2020-09-15T00:12:55.651302973Z 139 rvDUKoFUaUej8ZS5wvlG1KjH0aXpBpWxnEjybhOqiXSxTo276AqSyrxZ1X6R
2020-09-15T00:12:55.702569975Z 140 xM7SuWAU7HYOZGpP93CULrMWNxIpQUrrpBcOy266ssT7NmQ2SPtqc2eAnvEH
2020-09-15T00:12:55.753420836Z 141 BjROjVBqc8MLjcvYLsSNEKgx8VE8O7uMjBZp5ACxsEndxHgWGNu1wKUqg1L8
2020-09-15T00:12:55.805264437Z 142 UM4sxLMmYsH0YdJZsvWgM0uqYcCGU6HnIOit7sjNQFpWZ0ftBGSd6eWpEWsA
2020-09-15T00:12:55.857918920Z 143 xkfnjExYkQ1PsVGtrzAKJ35OjODa3jIYCtDblc8saDJjjPazx6sQKHhpHHrN
2020-09-15T00:12:55.908830229Z 144 YG2AgTrpN9C9G60UojADWBGYtpaOwdydMsPkugdc93qsgujTXINKJPajVqoC
2020-09-15T00:12:55.960266822Z 145 hZk2f5HW5IMTU65psBheJrvVAIzFiTvISxgxRYzOQHWMDhmx69fhoJIwwCJk
2020-09-15T00:12:56.012302095Z 146 LhJL1N3jR9rIAaHUqzy6pXPHGg9xnHVLiYYKE91vLBuoJqFSNjTBIzZ1zr5f
2020-09-15T00:12:56.064209276Z 147 44bEIuvMvDt1N8vBIgRUsHrkg1xaVq3NMO1Opkkv2sWMXGaZh5rm0QJeSK0L
2020-09-15T00:12:56.115764105Z 148 oFlZrwcc0x9xoaxKqF1hOAtnoWf1RboYSbOLKDiZoswP1OvxdQyOIuqli3BR
2020-09-15T00:12:56.166636705Z 149 I35xb7ZceWXqfe8Q6MKhDEB2f454s1okpc3HO3ZUyA1VEK5y4dO6NJyQnVDe
2020-09-15T00:12:56.217956353Z 150 teaq1lwo13lhGzqq9lo2TqDajCapVqfdfz3vuvCkZ8Aimvfsi7nJr7PeF96p
2020-09-15T00:12:56.268371199Z 151 oTHHSwpN8GIi22fObbxarU5wRt5Umw8ePtBS8frMizXiNccXGO9NhmIkxhdL
2020-09-15T00:12:56.320126445Z 152 Oi23ONlOZeqeUPQzeFBOR2sCMVeU34eqihOZNsIWfMqSjdhaz391QQIRuuNj
2020-09-15T00:12:56.371269849Z 153 PsaQVVxuPRYQ49H5TZ8udrrjdY1RXcVlk4MXLfpnCzAYftSKwQMav5s4aMX9
2020-09-15T00:12:56.422891028Z 154 z2RbGycPBnkb8BF6c9s56ugMP9STHCCPloaFAtn4EZj6Q7slUnD6rTznoH9L
2020-09-15T00:12:56.473652643Z 155 wzYw9rw6BSdlcrbrYfDWP7KXU7f8vgUakBPNHsSQuehZ9I3KcvTR8sGLFobF
2020-09-15T00:12:56.525136208Z 156 ibI1G2MNyd9moEr44PsZyqr6W9gJt1hb2ADYKqdoX7rLEDx2hwBgVzmVhYVW
2020-09-15T00:12:56.576229484Z 157 AnveRm59DGA2WTlFHCa1RDEoA1smaezL1BcXaOXODcngdGuaL9NWeJHDbO0e
2020-09-15T00:12:56.627265974Z 158 noBJ0iY66Pk5wkUITsc97Ks9ewHWq9VQ0lEFsuUFB7Yv2TG5uaqDII9FUZ0X
2020-09-15T00:12:56.678994670Z 159 plm5EpNtVvLpQD53vslWTcSsU3nI8ivCvPUcZkoVb76PXZxYNAdi0hFa9GBm
2020-09-15T00:12:56.730664453Z 160 yTFcyNfCYIIOcvLaJGJOBiBUuqEkwweo8uYqLXz0l5rPPGxZ8swMSAMdLBkI
2020-09-15T00:12:56.781945562Z 161 mQPm8KAzccTFTMeCxRMKERmFsAdbjP8RJHPB5lzfeCqYzajiPtSwetRJByBI
2020-09-15T00:12:56.832950569Z 162 irsYEy5VliU5wplAFsROV4ZANmJlCBihoMMlvGCMRR2zYKHdML0YKIRZfXrc
2020-09-15T00:12:56.884275524Z 163 bBtst74l2I1UaaSIDAQi9NoYDt21yR04bwAZcQr4yYmBz430uGgQW1vpV1tr
2020-09-15T00:12:56.935548073Z 164 EEKaAr22xMDjTag00hACKW1PChrSnvRjOXzOBUhzAy20t7loVZD8ldp58B93
2020-09-15T00:12:56.987235587Z 165 WigPh4TWr2d0blKJNdOx9lx5TOkvyUdKCX9PiLWOtUgb3qhr7ZWyPLIlAqbN
2020-09-15T00:12:57.039228048Z 166 26Iy1t4x2bLAjCEjwnoqJ5PryFDutDEvp9KrzKwZTURxlrK7w6KjObkCtjgW
2020-09-15T00:12:57.091163035Z 167 aTR8eS0PDh3X0I7dKeMePg78VtfF8um5IBNoW4Q8uXRxtXLrdhXxvxQbERI3
2020-09-15T00:12:57.143203944Z 168 gjA2iXrtBexFHe91zCcsJ0pQhZf7iX86rJwwANcUGvd7wPsR4fz9yDU0KrSX
2020-09-15T00:12:57.194853877Z 169 ZpSOW9txPCbfKFe92OQk7474Q7DM7Jh46Esqo64WOspZlBpEOYtJePtFs2Fo
2020-09-15T00:12:57.246054583Z 170 gsmd3w1YsAtqcgeMEuc5vQsq3TVdjJOyMQcli2LaFhYSBMWL6W0TNHkqJByO
2020-09-15T00:12:57.297102494Z 171 7GmNB4jWYQbmrGvmxvbRqVLKADhnhbiVMcrZr2PmvtGVqvITMvYUZmZsx5Vp
2020-09-15T00:12:57.348243916Z 172 J6hw8t4D1gM7eSJOjtXXxojAs9KU8cSn0zxLvsO1HzbBWnrVyLRQGBkz73w4
2020-09-15T00:12:57.399886015Z 173 zojXPsvPtPQzXKjQnKG6oVR1gHuVKvnH90VnLZfH4a6SX0zsLdSO7REPcFWF
2020-09-15T00:12:57.450849708Z 174 PGdDUiD02TLKsXbqqAQ3WC9c9ue4yZo1ovxBuVaf1E7XYGsozrb5FiKWCl3D
2020-09-15T00:12:57.502728913Z 175 qHSMYX2Ocft0NvwIszKuMxDWz2etVLFypBH8Dn3W9ew5AKY9Dqr5xFpXy84R
2020-09-15T00:12:57.554041413Z 176 TxD769pwWDbnAYSzhboYsoz8qReStoU34VI7TgXrmJeCmKfSJwpfDoYTp1uE
2020-09-15T00:12:57.605538404Z 177 aXiB9MyPpXajG3FsDzkJDz149satWsju3mYwM6NDSIHfPI9aSyQtv1Otp6Q5
2020-09-15T00:12:57.656896819Z 178 qkKbDIg7nyKgg0uVj5FBp1jcBphBoIJaSCdQpqwleiP9vVmm0Hn1FnTdOqag
2020-09-15T00:12:57.708828935Z 179 4UI9YAziZfWgWw8ufJGtekG7nAx9Hgnlb2ZwSLfUijpRAj76IGEIHgFDA1hR
2020-09-15T00:12:57.759907880Z 180 KHr7CkKB6er1sCeOgjMYo7SVs1Rvtu13ljlM1BbiJzGvxrfUqi1DOBOqE1bL
2020-09-15T00:12:57.810971218Z 181 aczHy68jcXBx5zrkS8NRKZa17zH0yKneapVJXfsdASbkGDIIXm6k146kMlKD
2020-09-15T00:12:57.862609893Z 182 qL1Ot0ORhRrzPv9O67HxgWEHgyPoEqcfZz51vwbIvF3c8hPYkUXOIT27VvEc
2020-09-15T00:12:57.913556574Z 183 tmOx0Ncy1iNY7roymxX4r9DGM52ELq9AxM3iGuwXmrUbBz8j00DKQ7J1KDiQ
2020-09-15T00:12:57.965146677Z 184 XFpWYVcHBprZ930FrLgg3oPERKKj29MTOOTvoaSMcRLXq3ChPjRGDx1TzF3v
2020-09-15T00:12:58.016397663Z 185 yTA4GYKwdgr0mDbhrNBMh5mC4ujtke9G6eid4q6w9oxZ7ezLaZGS3JKTYGT4
2020-09-15T00:12:58.068477167Z 186 SDnCp27IS0q8xJOLIhmnOldmtxgSgCVLXNSpVGBeFW5Klq8i6UprGLTwhgz9
2020-09-15T00:12:58.119549296Z 187 hUEHHaxjfZpBNCnGcfBu06tr6wYXZmBGOMn6LXYvMsW82VBNuKQwh8YV785a
2020-09-15T00:12:58.170636439Z 188 KXoYUf5H7fBOe6pAlFWrcCrcCtAXy6eoQFVDTqeyXSB5GJlkLAOzCRuxktS4
2020-09-15T00:12:58.221414305Z 189 oRK08OOfTVTDibYCBIz6okVMd9bSRWaOdn9hw0vaRqz0bzZls6Fni9q4tccE
2020-09-15T00:12:58.272974416Z 190 Bh0RCYFJpSoIXRP73Q2nE8k7lrJx55MfS1Sl662J0PT6aolb6AaigwOoQcWT
2020-09-15T00:12:58.324106500Z 191 jBftXdZnDr5fnxf8cr6mteoziNCECBm3QfSml1eFAmHowdlhkuJtBvaVlGQM
2020-09-15T00:12:58.375257583Z 192 EpKc2ORKhQ1PhDrgEpZMoccBB022DSbFTwdyC4StII7tSee2fV5yALyjvV4M
2020-09-15T00:12:58.426500172Z 193 YoWAsJ2DcglRucDa5yJezpyRzIhX3eF9MlihK1Ed2pag3vwaxXa14hsDKkVR
2020-09-15T00:12:58.477891071Z 194 AwR6UwU7q5AMJyrFWNCFT9BKBXed36YSzACqNYjLfPjGGLmElXBeBbukrDk7
2020-09-15T00:12:58.528856220Z 195 vlSXd7qYQ0FcMy5VbtNnse3uVTYjjzc8ZPFP0w2LyGfmuav5Yfxdhdp0ALsi
2020-09-15T00:12:58.579569973Z 196 zz4uafMNUM6yimR622d9jWjYnO7mhIU24UlELKrprkTkgesKuruss8pyBsXE
2020-09-15T00:12:58.630367544Z 197 ekGeNHAdgJU7ZCAgbxgIpTgBpIbglTus0GIlNDLxDwcYfkYZdLvUMyFs4IG1
2020-09-15T00:12:58.682292187Z 198 2r5EPG2aoYEuT4XobfUJzjB0LkYeJAiTVNBSXVeN3nAD7eunfl21Hh9OSerf
2020-09-15T00:12:58.733713074Z 199 ErG03XklBUq0szV9W7XaWz5AyDhni4ouSvCGjtKpLLwyPyvjXODHRa1yWBGK
2020-09-15T00:12:58.785099633Z 200 NSyK6nkoaNP5DBOnB11HhINFJG07YQVLHJjyLQ1mtwH3u2hIEjTb2XzxwHIK
2020-09-15T00:12:58.836093122Z 201 OZNHyCVXucx0oHkpomyMu8Fle0OwIlJfDyVIRxR3wmnzeFwrc2WWHHhTsL9v
2020-09-15T00:12:58.886814038Z 202 uvti7QNiq1vrmUhi7B3NDOmIlKVaEnuNnI2uJENf53yxzvPlTaRZuPPubJGV
2020-09-15T00:12:58.938264573Z 203 zxgGUnaXeEEsELUoDj27m8uBdy3FjIELqgQ6ZFFva5dKsvoznqiExXbM08x9
2020-09-15T00:12:58.989700870Z 204 VAxpYgy7pGIj7tJbnAV77fRhq8IjC7sMR6G0ElUAz4OhXwb47T4Ss8cn25dI
2020-09-15T00:12:59.040875208Z 205 Nnjvef4tphVnQHDOUwV4vkwczHIwdaQH3xQk86HOZKBXLvnMmuYquzQ7fALN
2020-09-15T00:12:59.092124838Z 206 Hsu6zdB1NaZEXF4Ldl09JTFp4IFwPQWOtG6J4q5lBTqh9dXY5js7Vrm51Epx
2020-09-15T00:12:59.142746179Z 207 CyuDYuSxY2K2XRpsRYfX7jCmeeG6fvftgE7VezxuUfCjDm1sB1leC16B0EO8
2020-09-15T00:12:59.194260388Z 208 pPnwXdAns4XXX5OriX6JXMKWX3QYW5rlOMWVTso3HaLJzdFci4uoLY3hvQwQ
2020-09-15T00:12:59.245755685Z 209 G19Bex3JFslWz7GDgWq1cSWR5rkt122aAfghFYIhM5ahfpAuc3PAAWeC7Vqw
2020-09-15T00:12:59.296673749Z 210 96CESsr5kHDl8YxcAAUYGuXjb4k4KpSWWrFTwl7V8OcZTFykhEZqNOAc0xsy
2020-09-15T00:12:59.348281854Z 211 Q4T8DphJIJxzza3P7kMJvEO068okduVFrPwHEn0c3XhxF1cUI3zjiBb6cpcY
2020-09-15T00:12:59.399516192Z 212 Su1P7POL4Chn1w1W3CbHo0sWVN9ZJc6oBjFnGUAWeJHdT1grzEyDDd6H6xvn
2020-09-15T00:12:59.450637017Z 213 8tpA1m2QqRzeClcdXgUfgIYvazQvIGtF0jmRDMfEAjgk2VML6csX22O3I6fF
2020-09-15T00:12:59.502648088Z 214 X1POnt7Q2g04DNB9760GNmOX6H2g0Q7cUuc7tX82oyUqTdeq0Vp1HfkLcxTy
2020-09-15T00:12:59.553560776Z 215 X8Dj892VKx4ZKm9pXOrV17FQxnsj1MFMtTOuKezyYyRWh7h9HL7gMy0swKlH
2020-09-15T00:12:59.604634599Z 216 huZ59WS2FwWzKsAmUlVDJlmQDwNdgejnPQpmXsEkcXd5uwsE2CsTDLzQQMIT
2020-09-15T00:12:59.656005462Z 217 ME9jtkMqB3YyRw5ocTJ6GMpAQpNzKiMYgafJuVDW2jbNZoANzpnwJiTp2tDz
2020-09-15T00:12:59.706673682Z 218 YolgM2XrYKB7zv4Qj42ecQSI8NR8Uubd4iJEppRI0nQ1O0Hs76Ilbw6X3u0H
2020-09-15T00:12:59.758310626Z 219 1sk2CncHJcFdUQFQ0Zv1c84eBsRZh4dHJdnzhDpjgZ6ZfYUgJhF73PrqExUC
2020-09-15T00:12:59.808952174Z 220 siBc9RQFXUMmNZ1YThmq3zXSj92jwl7meSKhetAKnmgiOrRYKTUGKcVh1mgy
2020-09-15T00:12:59.860205925Z 221 aG4lB5tCZjllB2uurxQKVf6uNFJCjloPTdfIxWVTIETeoPSFudCKdATum3ip
2020-09-15T00:12:59.911680110Z 222 R22gPKJvwM5FbzimiadP4jjsXUnEsV7P5MO0spjoH4KBUOoQOnmehEtFr2ss
2020-09-15T00:12:59.962482937Z 223 ojBKoLOSm58qzM9OTmFu2fR3JR8DrYyHduXNL93ewxHY5kaExEzrL0EeNuLb
2020-09-15T00:13:00.014205179Z 224 kA33agWA5IFUQXka567475HFOY5y0fXhokHCD2OQ5G4UaKKPRHJUnTqKvTNz
2020-09-15T00:13:00.066042829Z 225 UMeCpZ6nMHhSef7lx6Ta1JjwPc6k5OMXiH48zxi99cS1CeSmtvaT2FHwD2tF
2020-09-15T00:13:00.116285420Z 226 PE2Sli4pYUQhCXkmeu2nBlM2QKLyubIl1S8TzCGnoZNb12g7IbSkxRQdJaLs
2020-09-15T00:13:00.168437571Z 227 HCyJ6xZMQrd0ov7s0pmFEwYwqXx7fgu8Jo5h3qiQJyYeOb4ImrFDGCnvxzN7
2020-09-15T00:13:00.220458126Z 228 YyquplQohu2VOpx9SjOwEVV4x6QF467YSLZbbzGgatQshsnPkeuJkpZxXUzk
2020-09-15T00:13:00.272271621Z 229 bHkMX9ABopUkkuaI4xtoNhhNFUvUrti56Q8rl1BLmPGCdplAJPlxoJYJghWw
2020-09-15T00:13:00.324193418Z 230 zWeELukTEP9N4GieGfnqXKnPp7muyivB85UXIe2EKrIjJNjaL0PNGukmG3Sr
2020-09-15T00:13:00.376600611Z 231 eI7aJ3aFYqzt443a9Ni7Vd2j6eSGsgEx7Imdt6VcinobkBLHBGNhzZVQQPrh
2020-09-15T00:13:00.427437170Z 232 ZhyhfW7YOP6jvBMjbGy3ZLrDRQM3FD2KtRzZa2FKZTS04vScW2NlRatpLLFQ
2020-09-15T00:13:00.478660149Z 233 H3drbVdEvN33B7ssb9ZsQXrcwT7UuC8W71XaYfd0SXm3vthMfZh4NTHZPOGk
2020-09-15T00:13:00.531177454Z 234 0Q4PC8JUs0TFu0vMHw59QKInngnxPQ0wieXZ3WDnhoKPYhji7aA2RjRKgZrY
2020-09-15T00:13:00.582498291Z 235 XyLW1XQgay13ns5QACjkMUEAZGSpqKNtymU9fRvUnGu8re2xBoKJMwYq8kMA
2020-09-15T00:13:00.634028378Z 236 Qd11sIUouMBTOHbZr7wW10TSZ7fQfta3x6k117vNIZWn7y4GG1vgyov9R72Y
2020-09-15T00:13:00.684991945Z 237 mBw0ZaEnnRtjcX0r14TB8O0Cip6d9t3tyGu6PyfWmqWpuqH8dnewCIOnUbfM
2020-09-15T00:13:00.735696886Z 238 gxXQrOwGHrLpiKp1xVo13ao6MGgYaRugu468ZXrtQlbRLz9tkMXG4rIARhbs
2020-09-15T00:13:00.786908874Z 239 2SlIMGjzx0wz3C2qIKac8GI9eHM93oupVPBHWiopBHOjAFqiaqGGOX7cjxfE
2020-09-15T00:13:00.838592210Z 240 6wIpnwTaFmk5r4QVN6MsfL9JWECvb67tG72XzjgsuHv8ooJcbJ6l0YTyhQDe
2020-09-15T00:13:00.889923644Z 241 dDK3ttWqOnIy83k5nMZxWPqGmtAZwCJH3DVaTcsww2Tu5AEXenqVYGVp4gH9
2020-09-15T00:13:00.940766215Z 242 bSWp26PCc7XQ8KKbLEIMkGb4bpywRchQ5JxIBKng9DSkgu0YewMEPRxCys6E
2020-09-15T00:13:00.992301117Z 243 PAKzuOkyqxvZmMT206MNWPqmJUL2SgQgkeV9Mxu5QAqq5OPMYJln7keIkosA
2020-09-15T00:13:01.043838735Z 244 ueJ0kF8QhL4XZsnod4jOthiUtuRGZVADupdNw4EBCzXCHC4vpP5ya5D4l8Zl
2020-09-15T00:13:01.095402825Z 245 lKHMilCO53sL0DJaY0xWgYqDlIlEU13Srng7akjCF6OUWqap2DtjA1Ps45x0
2020-09-15T00:13:01.147392399Z 246 1qNWbsYGh1hteWj6Ec1lqccHIT2FRgEFfm1q10U10S1b3d7nbJFmfni1RSxn
2020-09-15T00:13:01.198536906Z 247 eMVy6SLuhDMeJ4V1WM8X0J0EFGEUxHIEQYqa1Q9IuWamj6lI2QIuXEOf1X7u
2020-09-15T00:13:01.249438795Z 248 wVehtcwTEVI0gYMt9lZvJepsVlQHMTtapNUkHhJmJmSCS1SkWPytDah9BKej
2020-09-15T00:13:01.300531374Z 249 C91u4dWo1juH0XIUDL8l6iOCKzRDWJLfSO2LHqNVomPDRgfye66dQfKHI3fq
2020-09-15T00:13:01.352369830Z 250 FWUv07dFQW4iAFY1Hhl5PlQm23IGHfOwk6pOFiOb1TmOJHE3tnGW0Pcu2boq
2020-09-15T00:13:01.404217508Z 251 FE5i9L6qkfHpC0t7Lrqir9epHUtTTzQ3vn02ermBzfShb4iKnM61OfHcqQvQ
2020-09-15T00:13:01.454331708Z 252 NnEuHjwUGErI5b6L2cjSaCc5bzyAmpGiGUtO9C8Ss365IoKyiLZIBkXdtR95
2020-09-15T00:13:01.505316565Z 253 17Tvx9Cg0EPVLtufVrewPRrxIFCfXNdeidmwkpj1Q4GuKAS9cf3iQ7zBwRTZ
2020-09-15T00:13:01.556680521Z 254 44fpnnZbcuTcZMlhRWmUnSGWu3DvMQN4lHyQcaWs4GaVvIhQQlW6pZPSZyrl
2020-09-15T00:13:01.608344165Z 255 IApjYWftUDPUm9EI82KXqJywxltKAGSN4cGsIulyV6kOqJlMWOANhbuQFHPZ
2020-09-15T00:13:01.659062642Z 256 dC9FCyXjsYT4HO4TgihHzAM97cIdXJkAPfsSUXhx8dc2dPYO1IfYvryoXhJC
2020-09-15T00:13:01.709677757Z 257 6kws7PDEryGVR95kiulG9wRhgh0i3nIvrAjJ1BcdP7VpXVkISZIYpp1mS2ce
2020-09-15T00:13:01.761095544Z 258 wwkgiLgF5D8vG5khMGaNEVbG4g4DNJAdvftCKgqKj8Gri8Gx0uSS4HKVf1ob
2020-09-15T00:13:01.812190276Z 259 4GkItVJFhTKX9LuMyYmGa2YUyNgthRHzAxnePwqWbzMQnvwYZg0yYjdft9Sh
2020-09-15T00:13:01.864045944Z 260 yZdsdzncacJyLbwAxIydhQ4t3daTCDmj559sCUVWUgAKPpu4sZSG2QjOyqGp
2020-09-15T00:13:01.914613653Z 261 mx8ZTzkHhEQYQ96eRwReWVohN8PehNDOF3V3fx0OgiHMClPbWa2GFkZkkebR
2020-09-15T00:13:01.966073240Z 262 IcYuvvUVcv7mzJVYtEtZv8pQLyST4FxilhAkLMYge2onSYBix8xnQIFF5oct
2020-09-15T00:13:02.018328878Z 263 2ZoxQwWT0U9WZIrhquXvDwF42sEpJRcYvLM59yKJychKq0DAMhECJ17AWGYe
2020-09-15T00:13:02.069787252Z 264 z9LNI2MBtVS8vyh1R3YYY7vHx0cVe0gnpKNJxf4zuaxhNZIHrHGL8909GsT3
2020-09-15T00:13:02.121083830Z 265 6xXelxiWJFZ8LJZILmTPPJv5dPyaMW9aphIlk21OEinOJ9DUW0LYJRobyuci
2020-09-15T00:13:02.171946827Z 266 PoNcg5mXXzvoy3t15fQcihp65XWilsA3gkvcSiNOF5CWPyrpDQUFeueVT0pH
2020-09-15T00:13:02.223728884Z 267 nfcold8zIgw9lD936Bd3rsh4zTg9oczqXtpPwHiHKjoLYPcffhgc2CR3mpMf
2020-09-15T00:13:02.275106082Z 268 AIIHbQIX2FeOoXtvGauQ3bJLLYaLdzNl2yS13VHAiUHUbD2A0ahBgm2cJd2X
2020-09-15T00:13:02.325504002Z 269 fNeQCCdrQssRLetFcrMgk3xaJ5fkKh4FXuR31wFAU0yaX99p6vkBFCz5hozz
2020-09-15T00:13:02.376446036Z 270 tpCtXngYao5TuGKkOLp2dyyKcFCfV5LygvibZjV7SB8LQi14oZ8seykfDElK
2020-09-15T00:13:02.428028336Z 271 mMudwD8NViTxEGIj38YgvsXKhd8HWzKCg4Z35xCIZ0C5LAgZDE5Qf5OYC8of
2020-09-15T00:13:02.479666782Z 272 sCw74A7uGbcMwYg38uDW5rHA6bYCk6gw5fsZ1G97BoaETi1wrDl0xB72D2lu
2020-09-15T00:13:02.530575137Z 273 9vdx8FnhyZIXaCgygrwMmzMfpqxPpa0SVwUfbhQFlMdEfpbpERUx9Er3OJ4o
2020-09-15T00:13:02.581766808Z 274 rIpt6Lq5sJBKNZDT4rNqkwiRZILzmIAz2wL4HJaEimGcHlQuyvdSxncmWD6b
2020-09-15T00:13:02.632468991Z 275 tESQONRZjzXajbrdK77US8hnCm7Sd3l2bcm6WETqs6rgUmSqIOJswQhVuhMC
2020-09-15T00:13:02.684716063Z 276 KYSiu7qvecXVRsrkzH0rf3kYSt3ovkEco2Iq6c0YfqbRvUv3rlJzPd0DMmKz
2020-09-15T00:13:02.735767064Z 277 a8pnzhKKUvLaZw7LK44YCD4OSdrAQ8hbm7l4xQd4rNk5kURJcnyY5plLLMqe
2020-09-15T00:13:02.786350752Z 278 2h9JygYkJGkUFcHJP16bl9aPy4k4JDt7zOjsHSmvdyyo3BQwwQ2NafXVUJsz
2020-09-15T00:13:02.837338765Z 279 zQwRvZ4UmrPWYDtN56LZy3WLrQXrsb9wqYjsWnt4SUUTt9V8FnOsYXG5l0kL
2020-09-15T00:13:02.888681641Z 280 QrCfDsdFByQHSCMr52UkKZwtcmDE0viBelJPLAodByCNY26VaSzuQHpw4jUq
2020-09-15T00:13:02.940104890Z 281 x9HACKnarvrNCtLcUooHLnjFfIa0Z06JBSPWNovdCbjhQrNhclMgKBlYhLbu
2020-09-15T00:13:02.991435785Z 282 MqPCohFhT9uZigNorhGi6bv4zyZSLzQVLc1DiRWVzZWufT8LGqqqPQpvSep0
2020-09-15T00:13:03.043183824Z 283 foElCg1jiftaGDq2lozit9BvjbYrCSKd9Zmj62Bg7FNVowcFDRvzVjtEAFRl
2020-09-15T00:13:03.093675050Z 284 mltH5DbrlXFzMJw4Icz074sVNiqV7yQVNKBLNWxS4mUa5Q6JExPnFub6X7KQ
2020-09-15T00:13:03.144688257Z 285 B2rUB41L9GiRPWMlrIYpTDJACkjja9E0m2bH0MXYDX0DCzyLag5sIqPw1Nsg
2020-09-15T00:13:03.196097703Z 286 TwyIewLwXGSdLXaW3uSlj5GxJAGfQDWpPRsiWN7pS7Qj43WJxISfUyTB7Zvb
2020-09-15T00:13:03.247191699Z 287 DUcU1rlumKQqGMwhcieWNvNaDw9JgTcMg6IOLRePBb4PI4oBHfB5dK1GD2AR
2020-09-15T00:13:03.297766708Z 288 5LN50R3I5MgITwyylzJt3qo6tasYklollLb81TBuPb0BmFtYiXvvX7Ql2Hsy
2020-09-15T00:13:03.349100541Z 289 NXmE7k3EE38nCEWUCNu9AvVRT3fe8VeDXc73ZD3mvmT2IPrxgQktco2aM5jz
2020-09-15T00:13:03.401426704Z 290 5egrvUN7sZWUr4YWkevz59d0Y4ltCpipuyy3I7ZCYn5TtzMUkuKg7sujw0vc
2020-09-15T00:13:03.452725209Z 291 dwySnzQNWBCjIwRdYSet8f2brUwYdKPZcHyZUw2WZ1zC8Ye6nOQX7ZZYKiLi
2020-09-15T00:13:03.503575176Z 292 ihOQa5Az4Unf9CVDToyJip1XvsHC3GSrFklfrVdVRxsRMKZHjIBIPfhuSRr8
2020-09-15T00:13:03.555028998Z 293 yb2uZ2fT4duDotxuhTqFRwiP4pyVrk8kM0LmHGyouRgeiL5NNy8DCKnUxzj2
2020-09-15T00:13:03.605864140Z 294 vcX9s2RZBreXs6lKdFIFFrlMHEvBjJZDvgtWc3u3hsooV7jrGPm1JPSxGQvw
2020-09-15T00:13:03.657357379Z 295 Kt8fUeTH8KL0nMz3wzMJnyPN091809Q3ljRIikIcgkLkphbk8TTwEPXCeK6M
2020-09-15T00:13:03.709392075Z 296 IRMcAgqUr24nLPke58bLsW6hkVnuunKBzbLO2dC7nvJQKx1wKL302vlRKNFx
2020-09-15T00:13:03.760570092Z 297 TB31KoPe0MzkXbCC9xfYwspnEHu9B03rmlZRqjmpzvPXlgbWoMh2HCf7T2FE
2020-09-15T00:13:03.812370921Z 298 KRfs0Y3pWr2CxV0EfY4J1coADJeQVfeE1EeVKCTfjCCdVG1crAnVTrlprSPV
2020-09-15T00:13:03.864340006Z 299 XZJ5Evyn02TLjrZptK3tYIE0i8UkZuEPvkbC2WFWMSM70GXvlKMRspPgJ1iy
2020-09-15T00:13:03.916348398Z 300 ulgEzdJBS9IP0TSSTyw8Iea5azfG9ULX4Atr4VOjUZ3jxc6xroKYdRWHo66L
2020-09-15T00:13:03.968043657Z 301 zkmyQde2NPb4N8PL3EZ8UmFEh3cNo8sTIaTm4IR3cYLoPLzOcaiL0en2Mr0p
2020-09-15T00:13:04.018807148Z 302 Sl903fOuCA0UvUD3soXCAnIDKmVrB5iG7sCALtUT5Kca2m1A0YZtMudkwNny
2020-09-15T00:13:04.070031519Z 303 7BZBWwiTydR1cqeUIRWXdqnmKayWnBTzh2XLpMYPtjw4uehQBblqJPwiBlOe
2020-09-15T00:13:04.120730997Z 304 B2eg8yzlOUGHbHTGsLQNzM1UdMNuCIyIajmMmE4BhjKHZfOyrx59j4D2Jj8Z
2020-09-15T00:13:04.171966644Z 305 734KYwcGWk2qNvXYjayxU04JLFlw5XNHpAp3tUgNS0svNVU1NpFDgzlwvYBd
2020-09-15T00:13:04.222366264Z 306 l2N0jZ6Cy9l5yKgCsmq90Owmi85pAjTQ1yJY7uM2CuMOiq8rvFFNzi4WR0Jq
2020-09-15T00:13:04.273876784Z 307 b5WDcMgKC7YC2dHyYUKknhCqf1QcqCIwJiYZEio99UBrlBj4Yh6zRtLrfFuK
2020-09-15T00:13:04.325227080Z 308 k2RtgouOblwCEbM7FTr8gbShjLOPTZReW5nfVwUGe5BwhGx8yMP2tldQCbwz
2020-09-15T00:13:04.376552923Z 309 MgiyFl2pNFBhTSx6i8fxEmwnGlIi4aBGFWw2GKtSojZCd8xWlFMN8nBrH8xw
2020-09-15T00:13:04.427423164Z 310 IhMAk3VwbhCMendwOqaTYBxH1XMuZQOn641EAQ6eB0PnXtpDITFiCliR1J3c
2020-09-15T00:13:04.478936297Z 311 ZcXlKofOKtiFudH7Od71OCdJok9JXaoQJ9JfERhBGrrO7GskrHY09iDj08BC
2020-09-15T00:13:04.529608903Z 312 nrBZjWpq3Jwt63BmHte0qJyQq51qRVIjDYzhkoK1B03AdQ11iDinUQru4AqL
2020-09-15T00:13:04.580976085Z 313 v1YL6kE9hYNOb6fCoW9kHeCIRdMlyey3WSK13A8HQeP2FpaolLSb3RjxbmRb
2020-09-15T00:13:04.633206111Z 314 ryP57cLliawVVZRTJb2Qj5pWWZLMmGfeGKhk9gcIi4S3gBwPKW2hgcsnmpNH
2020-09-15T00:13:04.684731777Z 315 zrrIZkJqgal9RYzLoZlXcI6qm4qGmiibnvPutv2WKwmY4lkTOjbyaPHNOjDF
2020-09-15T00:13:04.736504611Z 316 SeTx1aBfSbo5CcvsQ93olpnZMe77ltmvCNcoxaJTVewhl0kbJn0kd3Xhw6r3
2020-09-15T00:13:04.788537768Z 317 QJm6mvYpiI1KzqFhM74Nj2VcTqZQGhsM3s5OIjnG6TxV4xS0XIX8rBku7zdr
2020-09-15T00:13:04.840113655Z 318 rkCFopQfdQrvDyi3AX8xISbubF9CbPcXqNtaiTjGaXPny6FRRUJqBGG7fGmZ
2020-09-15T00:13:04.891911958Z 319 yVxtrOOKMd3cVOddVL4x0fR2SfFAidHlzFp8Cwou5Eas7FQ5o3RN674ZRYRf
2020-09-15T00:13:04.942729806Z 320 mbCbu2u8wP66Iro0mmQddC2BWOsCcgKdXvxh1auDKgTnnoefVNLXlyQx9RB2
2020-09-15T00:13:04.995556010Z 321 BhkWdDxWmmQ70huB1FrJcPiiQva4DlinTJ2m0FKlBPgUA9BpN3y1RTCUOKvH
2020-09-15T00:13:05.046538951Z 322 Xrld73hip811aErsFGvKRAqn3P41jxhtYwJNKbr59L6ZfZIMcf7uacYkTDZB
2020-09-15T00:13:05.098234914Z 323 7kRdtG8htNGYkSxFog9LRRLmQfmdkVQICIvYpq4aTydiMtCVOYffF1glRC9p
2020-09-15T00:13:05.149784179Z 324 FyMyI4xV471YfCUMKMUQVp6gEn6srEhuGMI2ZZOVSJHs4dCZATcqitNPeCk9
2020-09-15T00:13:05.200518049Z 325 fEYM5sBQhrx3JMvaqNs24EOIX05qe8V4tGOvu2uI5zP0Vhhs7EhGJhPMmQTI
2020-09-15T00:13:05.252280649Z 326 zB2PI3OLgCMcTZBc2qA632k7ve6AoH7b1b5fDsu1sEFL0BBD5GiAyieYGuJB
2020-09-15T00:13:05.303409449Z 327 Mtmi0WXBbe0Y1Ud8LSCWMBpJ7QPiXyiTJoFu3CNUNLH6yDYBRu4TXmGvSFVI
2020-09-15T00:13:05.355151977Z 328 HbE6GjeEk9SSwqzGiVVRX65uJ5ZX8uFlq76KxTsPrSM7s0VOMoFbngLliFjK
2020-09-15T00:13:05.406698763Z 329 KWWQPmEAsN0NJnEoLnhIy1keVFJqfNmbneigg31hf2DyFTKBWn6xg1YvxPUc
2020-09-15T00:13:05.457845036Z 330 KaK7whohZAKGO1ecfrrBvJ0oR7MScjBa6m9Qv0MjSuJwZOTcelXUiwdp3toT
2020-09-15T00:13:05.508587174Z 331 Fu1NYVCJAHJqsWWbZtjOMlBWZlfFTh6BB7HYuOOylNvdooUNdifThyzkU57M
2020-09-15T00:13:05.560487009Z 332 C1ryztS2xaPKWPn4QSPUzCk837q4q0l6miHQBjd5nX4XaWgRDEmkDFBoalvo
2020-09-15T00:13:05.612069680Z 333 8w7Cf6kPnECKX1wllxWbMqw6X59PiELPJClvlyt24e0dBq7ZiSZb5CwvL6dc
2020-09-15T00:13:05.662943901Z 334 DSL1syBz2jTS0CHCJoMrYuTjwEYvi7peDcWVOUcC5h5ykt6u96ZOoN0OLxWG
2020-09-15T00:13:05.714070296Z 335 doOtrA6P8PrrL9wo2VmQBDPpMcCURgW66RrxAfmwmQ4mirq0HjNsMcgBT8Lb
2020-09-15T00:13:05.764985730Z 336 swEb0CjXrbHvPgEqPauY15hLDYwlBRuxoetmJOnQzh7PNtdvnU4O9KpfOBOo
2020-09-15T00:13:05.815590017Z 337 9GIEy5AtQxp4qcVx48mCRF2vK1bwnEqTAiHF0d0e9UHAw7tx6Jr2UiI4hOiA
2020-09-15T00:13:05.867067569Z 338 vG8JQn5IyJEhBZe1RwFRPrOe7N9DWHvrlUBzw7Mr3kPCKsamV6WhO2MvYyUY
2020-09-15T00:13:05.917999263Z 339 3ross3FxefAmDco0SnpfVzd77JPxmINNPfyX74D7gNKj92hvhc3tENpov0Lq
2020-09-15T00:13:05.968856763Z 340 uMR3RC5p4xZwxRXdYunlxZIfRtyAio1redCxWKoJNZTHb9E2cDPNsLA06IJP
2020-09-15T00:13:06.019896310Z 341 s35xchw7GAurUzVw59psaWQjOKgvB40tVeFtJmuithlYJRUqoUMNkYVtlVQ1
2020-09-15T00:13:06.070615217Z 342 sVRBCWucMnmHGZTO9nZyPVZhGlP27at8bPTCHhqLmfLmk7wleV5yDUkZK7sE
2020-09-15T00:13:06.122393310Z 343 qLiH6oCucXoMj4RHc2uRtd8EB90EdtssggwdJ1eBPkCkPlr4k84SDmuCteGA
2020-09-15T00:13:06.174435006Z 344 vFI4wnK6XzrqbE7FQM2htM5KIY1nU0cKV63q0JLUDyaiZuUaemunmM6fRMSx
2020-09-15T00:13:06.224706144Z 345 jjlROa5aL29CUw5OUi5fMt3exOlxuptRyWj7RwYlyEe1ea4KXqzz3Q3JYxpB
2020-09-15T00:13:06.276001805Z 346 2budDMtbpVzbLxOx2cywC8QUtZg4yhcuZLPJuhknaOHhnzTyDAFgTGvHjZFD
2020-09-15T00:13:06.326577607Z 347 b5TBhxef2P6QJoUkRlmnsu6N5qc6qmyzxsroFp2R9pyVY3aeGiymTZSR5HNk
2020-09-15T00:13:06.378521453Z 348 iZsZ2YVSWMLcJLBl5tqSdCAiTBXIhWQSC1fxin6yzL9kur0YIyFyMBixSTZY
2020-09-15T00:13:06.430230851Z 349 we6ALrQeMHhY018nIPyOlM6kAzoWjKhTR2ZO8rIBXf1E7y5SY0V794DOtF2q
2020-09-15T00:13:06.480984242Z 350 HMH6ddvnUmA8Ff038Xs4MmKBcqRLvWwYuLh2BWXZeC1c9hWT6J5yDXA6g9hE
2020-09-15T00:13:06.531703043Z 351 CilVeYBYcl23rQUoOOJHrOGfd9CF3KnBaBpyRbxgUKwPbWQsvXolucBjXPQZ
2020-09-15T00:13:06.583113566Z 352 3vG7RgbzcfXOMGZNMH62yWw2EewfN5LbMjRxtzcJ93eUpu0IDyujuNE6B5mW
2020-09-15T00:13:06.633763292Z 353 APh6MshWP5Vg1VqQseLmeNLOv1tdhTKBhYV7doTCVuJsC3LEHyYBFcbolUHQ
2020-09-15T00:13:06.685209878Z 354 3ozL8JYAlyEsRbMMvsuJb9MM4bhjd4vWXY6oM5GzMOvCwtxq8C28VWQoBFFC
2020-09-15T00:13:06.736867602Z 355 3q1E2IQGukUFpbrvKnSUoibtkQHhyNnp6L9YbGaGFJvCZmGirG6xzhIX57RF
2020-09-15T00:13:06.788226317Z 356 l4Ltn4oWdOLPARdjiOjBUm50c6FO8kMdTBoQxlH82nX6S4vMxqREQz9NZlXt
2020-09-15T00:13:06.839876707Z 357 DpgkzZnnVDaBIaUCIQsNPmuANixUp321xyHR5JPYTK6Abpifqob4kkYZrUZA
2020-09-15T00:13:06.891257998Z 358 7IyZJhTcAyyeQrJx9xLpLzWyrWp0nccvFs1IlA71wKb1Lf5lIDJ8XRhc9XQu
2020-09-15T00:13:06.941512268Z 359 QKDu5k1K9kV6dL521cgRJ8vFvYMIn7u3LudX7u7g2lnGlTiaNm9aP0KvRA4C
2020-09-15T00:13:06.993128110Z 360 AMjaMHWJuvJ9jDZwkwMFr11Ev0ghCPOU14HYRnnFtWsKvvOx65J3UYKuRDG9
2020-09-15T00:13:07.044698116Z 361 kHMPDW9eMEsNRCC5JJ2lY4PGMFVAsTKJ8RV1ozN8PxYR0CEOxSQ5922IGqtB
2020-09-15T00:13:07.096387324Z 362 2ry7v1GYi3MQe9O8r1bDa1yPOHwRPC3IW84M5lShm6QqsZAr1HrgX4f6I5lu
2020-09-15T00:13:07.148154289Z 363 OpNbT5mZjX5WfRZwtCByQEHDEhTDQK6C38pTGwyEvIa3RoMTCsn6U9dLlHPo
2020-09-15T00:13:07.200325389Z 364 hhMv6vy3PXMQ2JQgKvmJhgpcbJMMqJuLU56y3UODTsJoQlZaAzdOW4ahpuyc
2020-09-15T00:13:07.251586783Z 365 TdPuyPndRbFLEOkBIDQxZABeuDQQGai4h6uSbXBVH9pP4jbFe7ieUtLzEhlF
2020-09-15T00:13:07.302937269Z 366 fpLRuMzyLQlCepfnYkuAe2kQnlrQ7j7GUExd6xkgl1W0awBxFMBpwVESHcVZ
2020-09-15T00:13:07.353685473Z 367 m6Sp24tMBTFK0AvvtiMt7uDD45R70hfmjnX0WtC620PI4dPAVzGdb7oOISBd
2020-09-15T00:13:07.404630710Z 368 7cpiGGtEXoU76f1MwMQ7eoSFcz2Kpjvx6ZOOtzIJMiYpBL4iEITYehLLnyHk
2020-09-15T00:13:07.456330668Z 369 wafQmtV2ZfRvG137kBQrbwBNGkwUBh3mE9dyw8ICvyjuegQkbclJVqassjLv
2020-09-15T00:13:07.507925936Z 370 ubWNlRUmB9VmQX13hvkgY3Jb4LQ1CI0rtiQ4apiZlSroGVGCRPqzssjNaE76
2020-09-15T00:13:07.559104251Z 371 ABOfaZp9jNwRqeikrPdksk91BjTa3be1MXvU3NWHI7yfhSb4UvxRR0Mr0a3P
2020-09-15T00:13:07.609649592Z 372 FJPP9x5KRWGaGTfN4vLjwSyo2GzLT4KKW8xsXaUGcmIlp3YWKkJweBupeSO9
2020-09-15T00:13:07.660631025Z 373 fW9jabTu7EVu26iGH2cAxvKmRSFtkiEBrb5pHCRfIXm9rTSMFlYkvh15RPPO
2020-09-15T00:13:07.712580418Z 374 VSeMqzUT8UQdPtUp1XTop7aUZOM40tycLM0hfZW1DTvyp0A0ETjZaGoMAo9i
2020-09-15T00:13:07.763671925Z 375 332gz3rulT0xuCNT3Lnr2kTYVrOU0xxKKq7DlnKx28L6ikt9IBpWaNLHPcOV
2020-09-15T00:13:07.814547639Z 376 i3uKDX0mxagedyYUViihT3rxsx2I6c5erc3Q91qZXwFriiCJerNagEK8odyv
2020-09-15T00:13:07.865517259Z 377 PgG9wWaKmal5jwWKKW1SMbFMCC2EDWiYrDLnszP9w6kyYWxBYJ0CvtTGgaCa
2020-09-15T00:13:07.916374017Z 378 cdSA4FB43lpJrSstD5TM4hUkzFw3mTj7U9WcVP8StyIvlhN9IlSXoqZzrs9Y
2020-09-15T00:13:07.968157456Z 379 ipo74qx9cYKgMUyq9toFqiFqBHxTPpNoHa5eDRDNxVvpItRirVOLlPFbydqb
2020-09-15T00:13:08.020290442Z 380 LStOmqeeOxTM74VOCR6rGlSolgErerZn9Vilc3EXIkNTDm61SIzBqcFsuQYJ
2020-09-15T00:13:08.071849971Z 381 NzY2zgkYKGtsagnOfQuRQhzGr8Swod2EpIUQCCyFUlpg0bTKjoyHWkt9MRSL
2020-09-15T00:13:08.122828638Z 382 U3iCilqtpZ6loBnAZxYmCVtob2ab0tj1WPnOhWDXveCZa9XMQXW2NXvimyPv
2020-09-15T00:13:08.174224007Z 383 sfd1UXM1PDtYQYM4K5XK9hm2vbAGzYkVPKDTyxyejpFr8MOqdY4CxAq3v5ll
2020-09-15T00:13:08.225596203Z 384 OtW1Q7PcnrtxRm7Uqa9mtg5wxGaH6199R3cN0tS0KqBKETqxXZ42jOPqCTih
2020-09-15T00:13:08.276382656Z 385 4GoRF1y5k2vSI5TNel8OiMk8HQP4JZfuThr2P09EfxzZpGLe0wfKGSVdrRrN
2020-09-15T00:13:08.327999065Z 386 41q3l8kbkcQuv1fvOHh2bxNpH13e4e8WhdaljT69pe7CcoqEZ3JQnVEF9zKs
2020-09-15T00:13:08.378447803Z 387 5Np4QEIDD5v0FPpniBkdzVm5s6BVY53l6Ig8mzPS5y5APgIdixJM23k3Wsui
2020-09-15T00:13:08.430013352Z 388 dofai2zreCyK1oAmDBk1y0Fdf3c0NorGUuYfqCLebOdERRlFIMEyA23Stm4i
2020-09-15T00:13:08.480519439Z 389 tglFL7FNHHIQ8WoaWgek8i3geBTZNYmvnED2oEOqJ6SCqlkRJ77OvSWR94wj
2020-09-15T00:13:08.531800763Z 390 YF122SFgVLqyeebIduQwgV6TMPonSLrDMno0KiJdEtFNe5XQBg2UmvjFaQaS
2020-09-15T00:13:08.583089569Z 391 zmusEeeqWZYL9eTGXbGguRnAQFprwjxKACLn5lM7jjRkt9xIwDXVjg4dEWBb
2020-09-15T00:13:08.634742692Z 392 wd5P3tHpw1WZPvOR341uXCljNvgAEd5zI1fEfkzYDDiaje5VP5Ffv4LOrFHm
2020-09-15T00:13:08.688004501Z 393 YMHl3zbYzm6LiEKATuzTGeuknfcRkeceiDsAqW8buGwHvZmxUV5ZI2YtPZTB
2020-09-15T00:13:08.739528422Z 394 Au4l1HvhSEgxuXtCBKZ7ZhzVQE4aYX05n3noaK7UEEmi5iIDk9hoMCgBgtI7
2020-09-15T00:13:08.791190513Z 395 bln6N4nhpq8UojJ1OLTEF6aLDUb2u0N2vO1emz4gsiQYt8z464Ehd2BaSTWE
2020-09-15T00:13:08.842578339Z 396 9BsgqbdavutVTFvdNogjDNojEI6t3nHP1gk5JXHT2fGC0tU2gEI7zva6VxE1
2020-09-15T00:13:08.894464108Z 397 OMd1btTYnzxaBCqkOwQEfaRygJ1XxJvDM7DeJIt3hJyBUzX5zg4XqsRZNSZ6
2020-09-15T00:13:08.946063569Z 398 2xDfF87gzva2l2hHSAYkpF5ddqEqR0n7OihuI2DKrUqNPN3S2gLbyFU11mv7
2020-09-15T00:13:08.996540762Z 399 dsuGenfSstXwhGAbQnr5lgWgl2LTUnXWAABr2EcX0Rq894WreQfnwYiwSvmH
2020-09-15T00:13:09.047942800Z 400 CZgP3dylsSUQAiAaEdGT70AqCrOWcsBPhqUu6RO4oxlHoUIVad93wfsdfXJg
2020-09-15T00:13:09.102161740Z 401 Dcue1KDxD0cwrjXDSq6NVePkmKny5ECuBAfg2ca70bhaMityfWNEcAHa8GSX
2020-09-15T00:13:09.150337324Z 402 KCrh7T6XA3yKZZggU6Q2o2xMXnRrkRdYoXZWjxbFq7RhsvFt6fYYmef2aaRw
2020-09-15T00:13:09.201554057Z 403 hhJ0orgN3Iv7Lk2ggL7H0YApXnyAQ701yzbJNMDm2rDrk4o4edD2HPanC0go
2020-09-15T00:13:09.253128766Z 404 yASQ5yop6NTbYrM0Y3X7qy3d7BfEHs4VLCfAxdrwvX197j2WiuBuJI8fmAbY
2020-09-15T00:13:09.304091336Z 405 ocBUAWqYx406pDoQthZdssiuAkJMvTgcWDuRYotq4dBydS0dPSpRG9vHHQbV
2020-09-15T00:13:09.356198209Z 406 yUMXI1RYH4wWFMBFAqNzQHEiEYhNpK8tz5UAitQXmlj9r2JNmhQs9BbANoCn
2020-09-15T00:13:09.407617713Z 407 gMhvFKVediu4MmB6nbwPCioVR8oSELnZlMOaqzVFlxGrT5w7723cjAmeLQSr
2020-09-15T00:13:09.459018019Z 408 wRvD0mzZXRFa5bm7vlWSBCVKcgDDk2CEQPhKGEWz9OvJluNjktJy4RATS2AJ
2020-09-15T00:13:09.510012342Z 409 3KVin7Fx8YlUaQUDjuxWhkOzC1HJXQlKqxjVQHYj7VxD4yTFCjuRU9GmxLrJ
2020-09-15T00:13:09.560374439Z 410 jONYtrQjrNWNqdExxAY60MgJxRzMJmFdQJv5rEgPxnuL3p5zZQRVIDLcGv7S
2020-09-15T00:13:09.611529320Z 411 q2kaFCnrIoRmvZlVzHFamZKrX64YTpFlDaPswybYLYz43hfZLVbJqgCdl8ys
2020-09-15T00:13:09.662502282Z 412 c9rh8mrT1mYXkmseMp1VxwHYABGvcdfuqN4NqN1oFoUdTklohPE6jp8LsE1t
2020-09-15T00:13:09.714344635Z 413 rrH1Gqw7WrvWnJSLQHZ2Kvr2VhGtFniWUcyDrptdlX2ET3IiBmnFwTEgJdIL
2020-09-15T00:13:09.765488532Z 414 P0cPmnGJGSaDXikUAwAuqKVFlN6xmdk0hA3TqGeSh3QJM6gkWLJZ3oj9gYBC
2020-09-15T00:13:09.816520484Z 415 2NC1YPHHuoGMYcmoZHyvclNBU3gdDaTbsSFiuTdiceO8628oLPgrquZQB37N
2020-09-15T00:13:09.867671736Z 416 AVpf7krZMTnOLOJomqN3hW04Vod6vt0PgqM2asjZ2Uf4Kt7Bn0SzrqO8eth9
2020-09-15T00:13:09.919231981Z 417 4nYhrdr62SnsTC20kKzxJzUn2xe1tQVpiaPp3aPbb4fNj05sNkMKtdhl8viD
2020-09-15T00:13:09.971057760Z 418 qtZkQsGh9k2DxSnb0JbP6bfz9i7B7Vwni7JUt9iO3JYjivFMl8x0vS7cXxra
2020-09-15T00:13:10.022968607Z 419 GESoL6OS9Ch5IqNitwfQGfwmL75ZktWpyfEn4Th5pnuH5Ay7QiL3CkQ1Uoc1
2020-09-15T00:13:10.074396355Z 420 xt9Yf2yLbc60dykyNffKpr2VTflRqZ5btL3Pi7yQEpgXPlWbWxtgOf19U3ib
2020-09-15T00:13:10.126001417Z 421 e17tWumSlUwu43LGKE4U24LUGH5rM8FuJ8kFcc9aOfCSKtiY8BfHe2CBwrvg
2020-09-15T00:13:10.176502918Z 422 CPkSfYDIsMvAqhaAIC2knbQdMrHRiklRcZNmP329Ay58UYJ7FMK513Zc0p9Q
2020-09-15T00:13:10.228125753Z 423 ahBZzH3nWuWO5ucUZcypC3VtXZpLOVg0ZmTW6UosOCpbiNjr9n6ziIhMMNnP
2020-09-15T00:13:10.280052366Z 424 PFhwcOqJazCWeIAkLUcFJ7RmzGNmkU3p7fayN19IjWmuJmvaPrVu9RoMws3n
2020-09-15T00:13:10.331523989Z 425 FYIfELZPa48y5MpKj7EkI9LHhXY9K7L9DEsibUurwEQdcwPUYtk5aLlVODHC
2020-09-15T00:13:10.383293752Z 426 44hjlbK2PsDCCQkEedsKRZ9YKxJEp4I6jXZ9cZZ8i2PMOq1LAxwhZjzA90yS
2020-09-15T00:13:10.435044450Z 427 roKRC9h74ospRWvju5fc9ZJZkpxBJoQLX59zYIyNfCRosxYEAh0jBgNGmF1v
2020-09-15T00:13:10.486091617Z 428 ojl6FKaDZiGJK0gn9907iLcmToo3BCZE0uONfr8EvIjC3oFERTq6beRNtNDk
2020-09-15T00:13:10.536929643Z 429 g9BthnyNCJSx14Kf6wSAO694e6vODN8wVqd5hB0aSFGs9GvbTkcKfXAQTg4t
2020-09-15T00:13:10.587514536Z 430 D0jQEhpRWYfXsyJRg5iKdQmoPUUCTPYJTvoNbKmOW33p6LSITB6jctgx090w
2020-09-15T00:13:10.638990271Z 431 zhF5eLEKJ6JrXYG0axsXcoPqiPmSGvztZaBMoDdyz8hjJMM8tJafdpWB5T69
2020-09-15T00:13:10.689690742Z 432 JEwM5RNTGChSXPzrrkDhdG8IbpptvXNgNYivzl3iPMULkIn0nFpVORNuCLMq
2020-09-15T00:13:10.741203473Z 433 Heip2SM6sdG8iLw9WOC9AAbEcRSnGp3Qaa1KTdt6FR6xWFgseJkBgvuomjii
2020-09-15T00:13:10.792887400Z 434 ePqu0iXRBICeIjKZ1TwAale2qFt39psiyyDhiOAp8dVLf6YOeJM4UCd2MItY
2020-09-15T00:13:10.844310477Z 435 mOeY1kjMpqNaHTWrLXcGxuBD5BJ0aiqlbr5WNq4Tv0iqH8An2rSUpL4YBGiI
2020-09-15T00:13:10.895846982Z 436 gl5TbNpxeA7Uv5bJFQ9AhuYS97iwRbhx3gmHJBYHP1gcGpSQmwFjfqcru8Pa
2020-09-15T00:13:10.946595999Z 437 6ZqeBdPWLKOAIXzXSwlpc1JHDAljjCkSDAVx7tpRRJmlJCy2cI4sELLgy6or
2020-09-15T00:13:10.998010184Z 438 NlbYvxc32YpEVbhCtoC5nj3giEEpfd1gyvQhsME050eicin3mjNofX1ZRR5F
2020-09-15T00:13:11.048987452Z 439 2FEiNdRXEtcrQwdjtewy5SCkZYLn763j8TLBVEWg1mq34GSLPzMCn0CJbzjQ
2020-09-15T00:13:11.099681533Z 440 ounyrxiUk6PHfcIr1K8pcUjeFIfWDYajWo853X0pMDSToq7BFjFf42EPkUs7
2020-09-15T00:13:11.150717990Z 441 YEiV8oTDndoHcxsKfInzYgTRbhnqBalDzBpimblItNqfy9d8VRsaHJa6fmgy
2020-09-15T00:13:11.202131899Z 442 HdAu92ZWdPsJy1vnHsWsXBrdCfZoSIoCrI5XgMmLgptDE03IAqMdpiiafEF2
2020-09-15T00:13:11.253126631Z 443 bqP2TaZHwSSShWZXlogArmLgdTiSDsLHUCg88txH9fSDsNFaBh9TKGZ2NE84
2020-09-15T00:13:11.303419066Z 444 uloi8IPKMqoVtIYLM21Bv1TXC3DqMxFIyn7cJvNFs5k7qJz88uz5VJyKhsaj
2020-09-15T00:13:11.355157308Z 445 HN5fL1NOTDJw4bNw5tAIDOV54KxpxnoH4Drgqxm1GD3h7tMVqmG17GhQmT4i
2020-09-15T00:13:11.406479446Z 446 D5HW78xqOlJkOXn1SqMi6oDtXJnRwDRbGF1lBSBL9BxWpumDq4gaJtIWGnXt
2020-09-15T00:13:11.457909073Z 447 OtrrUDaMAxg2XDYgjoC65eextJ0DHsiZJ8NHdY1FRI8wkyrJkC04CfUOlkeb
2020-09-15T00:13:11.508534436Z 448 dVIbuEKlZNdV6QJvbiG8rAms5lnRSAWifPKkCcx8hDnLz8cWhthejpnCdMRj
2020-09-15T00:13:11.559646631Z 449 fjDFbLIINAdHHNoggGGAqE3AaaLp0rKGKGORcvp1kmYbMAgl1sx8TzDMv0bu
2020-09-15T00:13:11.610445753Z 450 GWLDgLp9NsGCbppnZZCrAOMTlnTRZfNdQ4XCptxktO9rBVGaYKWJ7HuhIjko
2020-09-15T00:13:11.662231453Z 451 GFnQPn7KWcA4gFPUmACaZMMLlJrteOiVSmBHR96b9x4RBzu3oNWD5gwf2nVX
2020-09-15T00:13:11.713466130Z 452 hXgSNpG2Lc5Rvj6n4F9LL4KcXNXxZ1s4O1DnqSaAH39b6rg9xHtImCrstwB7
2020-09-15T00:13:11.764425202Z 453 ayDwBWTkgHOKnQVYtLj4gzCOrXaD4d9Lf5zrFQB3uZpJlFBalgtZEUzbIkBw
2020-09-15T00:13:11.816010012Z 454 zeYx5TvHQe8liAHW21SJnpVcGKJWugPTz10HMO6jLV34VtKFAHUtubmUKYcb
2020-09-15T00:13:11.867993904Z 455 ozIqOVRmhLqB8tXmduVxBy2FxwBQn4Kcgx7y4i7ti7LnHwk0bdml3fdcgUv1
2020-09-15T00:13:11.919008095Z 456 oBvbOt7eBBfy6qeDWtrbANFrpo4T2VoVFo6f19pbRRhQ5PT2pmEZ4Qz1ZAiU
2020-09-15T00:13:11.970862166Z 457 vHxKUDG68ZfVlOnNkvNIpiSFVmmB0GjGPDqSWj1Q627TDAwlHdtA0nbEdfeH
2020-09-15T00:13:12.021581094Z 458 JEfn2FvOVMrDZt7m6tGf7qwWKkZomx2HffKbvrqLpBkoHKZuQCfT4umCvNs3
2020-09-15T00:13:12.072794534Z 459 KBDeaN5VufSf0nBF7kf1nEqupSAG1MG6HOX28daH7IIjLPV0rCnZ352GuPCF
2020-09-15T00:13:12.123474814Z 460 G3d1ETjFRIqFSMsWkZvN96zDUnTit0XsX2IauaNyYn4ZnereAhxmOoaOhFo3
2020-09-15T00:13:12.175251415Z 461 SsThaCp6UWfGOEGYLvjHPGGezpxLv4qNaTOrt37U0fUY2SLXWftYrdcMxKIn
2020-09-15T00:13:12.226999808Z 462 4IzFN57eyt8qe9PqqELUoN4V5YFsv0Wo2bo5CO6H36ZRwEEk9xavti16lV7w
2020-09-15T00:13:12.278643352Z 463 zYCzcQKq3P780FEjjGN9c3krs5ue3v1tOiaD55zyzfqTuTmmjo5juOCcjhfo
2020-09-15T00:13:12.329677440Z 464 bhFyrRSYEc9r1O6Bs8lliLoDkrr5ezrkRm0914HXiHzseDEiLczmqFWMh409
2020-09-15T00:13:12.380394713Z 465 CjEwbPaLih8BcstHwGRC4HNqrDjfmAmHprVaVcWmjC3WejRnr7Lc6yPcPAMr
2020-09-15T00:13:12.431318794Z 466 P0EwOlkk6slM2fDWigMMn9IAvETKwHdaJzsBBUHJTEunVL6mPoIPZR01iGmC
2020-09-15T00:13:12.482901853Z 467 r2EpIQY9FVrR91rwlgXMZUgnHgMM4I2gpQCnQAhgmrJ1Wp9nYjmbUsQLBQp7
2020-09-15T00:13:12.533590981Z 468 awCvwbrYhaV0nXyd28cVdgRFsmqQtpLqsHc41LKfrQyaFngfQF4A79t9bv29
2020-09-15T00:13:12.584709527Z 469 TLVdrJsjkdN5UeFrplEa2PbZrel7hqq76HpKrm6THhE0oanyGUQzE6UkHzcr
2020-09-15T00:13:12.635762007Z 470 73Y0ieMEDCN7pcDmJpNJK0isRv27LevwhGEyh0WsEaWJGtKWtAAJUsnrTbDA
2020-09-15T00:13:12.687131432Z 471 KY50AqTzEg64p9nLrQNQT16gQ904tyeG2HimqLjiHrmqyeAZvFSf8fWhJ5eq
2020-09-15T00:13:12.738493682Z 472 xPm3XnfS6nD0KBhKxGOmRDhCRAp1Sv3IpyLmstzNQaCb1pW1uST80WbPbsSI
2020-09-15T00:13:12.789988194Z 473 aWX9KimDCR1nlRjaS2chtrIcoxokSQ2xZowXl2g8v2gNejqcEuzcWxEM993G
2020-09-15T00:13:12.840751294Z 474 wsRN1TJHGIQO2otCCv25E2h9h4VG8RWKeP1WbJ3wMswD2GGEO7701Yjw4jSv
2020-09-15T00:13:12.891540814Z 475 Qu5zxSR47OnipVgyM4iCyszx34Mn7MPp826d5JamDYv6J9Wz2jRn3AhmvacO
2020-09-15T00:13:12.942888141Z 476 Ia1QFjoRqecKi7TxQ0J0Uu0Z6SFd4JH02BLlGLONWm3SRCV0KZprFhdzeM45
2020-09-15T00:13:12.994000160Z 477 ghcc35dLTTcvT0niLsjHZQ2V8GfQ7B4jQE7sPsLGdARiFRXTq2PUAGk2jR5J
2020-09-15T00:13:13.045007654Z 478 PpOu73noDrvuZqARNNREiolNbQriBJbHr3lZuaLvdiXRiPFyaJc13tgaTRy9
2020-09-15T00:13:13.096017266Z 479 JvPndTRiyZUkrVN3zNfDKHVxCOvhyxfCFAYByanFmykqgaSjsYUvpj2edrCD
2020-09-15T00:13:13.146644684Z 480 p0CItVPt9jSLFckvqtQ2Lg8beKahS3YImlP1ehM4UejVkVauNkjIBzXRqy0N
2020-09-15T00:13:13.198094479Z 481 70oEbRzbeOnCQ2cjI5vatEs2tmvDsx6Yxey76gdN796sPMOumDwxTv8FGdQX
2020-09-15T00:13:13.248436872Z 482 cUz8mfqedzu9WLccY9mbEIOWK62nduMFGrvel2HzHjoxDwBQ71n7BPo0dl1w
2020-09-15T00:13:13.300324989Z 483 saPhlKfJnCoJjxMoxYy1h8nmvetX3OUWJHpcos5VHOpk6xEqLfkUSnzHiwdQ
2020-09-15T00:13:13.351609633Z 484 jKckRBROqvqcF92wL6ENCXW3zdnc53jPDgy3nyOlt3FoOaLY3MHQ0mAs1gY4
2020-09-15T00:13:13.403032994Z 485 ej8RCfmm40fWJTSEkYrZZ38E0hzgTxGklnVQdmkSLTHC94J7aE3HdBfuJCGW
2020-09-15T00:13:13.453685488Z 486 XlVJrt5mNuhlqP4mpd5xizZluNFJFAf2M6zEFLjhP0Fc88yn65Is85eq6ebA
2020-09-15T00:13:13.504572437Z 487 qViB9yubMPjPG4aAbSmiFURnAtnultwNqNdxv5GKaZ4zALm6WW5QFqycjGOP
2020-09-15T00:13:13.555212620Z 488 HgqqX5BnnMfKApvvWF80GiNnhK6DGyHTYiSIlSiS9fWQ2zNDwnRBZEKBkz7T
2020-09-15T00:13:13.607055513Z 489 w6mLhUaH4A3YiZZ6GYpJkaj15k5cK5cARG3UVDku3e7DMEbVMQCRHi0VbiK6
2020-09-15T00:13:13.657809334Z 490 pvCvqn8wtIBVXuvdurXkpkVJPU1bCOc3rwoYl3ctucOoGxwI4f46MyqMhSm7
2020-09-15T00:13:13.708792268Z 491 6Gsizpg2ktoiMg1RNfS0m4y0KDAmqEOtGpIsWp7808ViwgzFYXmT5jf0tT76
2020-09-15T00:13:13.760415090Z 492 fThndKIyC5NX23akP8qRbX4XkFGQ9L9LtN4ylK2gf4tWWLr0ALutFh5ZISLt
2020-09-15T00:13:13.812508317Z 493 O5Lv6EKokWhxk2xlGSOIhqc636P6wcMgaNS6ikt0YO5M06qaDdKZqosKcGnF
2020-09-15T00:13:13.863988461Z 494 dMddxctMFgkCqzRndm7QUbUScZYHSD2iYfhe9jR4VUfHSD5XK5Wn98PXIIi1
2020-09-15T00:13:13.915071656Z 495 OdMzmNdJqWVSZLwnQZ3F5emstHS20zvm4aRgqIxeQYQ3Q3o8sQtfim2DeCh9
2020-09-15T00:13:13.965877314Z 496 xjfDCBfnGSjFBodTxHNxsW3ALYSvCsxJmiJ5jdsjd4umo2vzNugq8RF75y9m
2020-09-15T00:13:14.016725843Z 497 usM9tcwBDOArdo6iTMVc7HPCVfFXAJe1ub5pe55VRIXmHH0upVsbIOhOo5An
2020-09-15T00:13:14.067893442Z 498 ebOQCsV4EXc5i3VUabge1mXe6uH5kZEAnpH9jDsAcf3fOxd9WqFGdHO458Ry
2020-09-15T00:13:14.119417422Z 499 PkMu1Tfp625x6s39Rpnt1uqcQ7ImNhyD2jdX986gu82VnOgmnYppGBmQQAhM
