2020-09-10T16:50:50.115574659Z Twin: 38162cb0-e585-43d7-b55d-5c240b2bfb7c
2020-09-10T16:52:10.990820194Z 0 BGwyFaihIszgPINYFoFDXk4UcxcBUbSLO17PXLq14mWoV2vD1gN8wZcW7uQoTJ
2020-09-10T16:52:11.087452345Z 1 ElMF2rDkFhIamqsUbfNl1ciadutUf4TE2WSrTZTTEJOrvWfskZlzISNdmYU1hT
2020-09-10T16:52:11.189272152Z 2 lfFzySQqBzxNNws9mLdijy639Dwejifz2Mwxe70iSFjSxoBXaSpyxC3is14gwd
2020-09-10T16:52:11.290482692Z 3 G54zb48cyCgb4PcZFYA4ehqaX61uFtsVRLcD8pOKYG1XpbiQi0EbmEBCqHtT7J
2020-09-10T16:52:11.391139635Z 4 49sTjSDoGzlNGQ6AVqd8WoSE1dzkMcxaKxlaWnV4KR5x9fkBqnHFYqEDHXfQvI
2020-09-10T16:52:11.491971393Z 5 KBRsIwzEzbSetSK4lNkMQg5Wz2aJtC4YtitPPc7xJIgmH7X0DilpBInxBCvt6g
2020-09-10T16:52:11.593857446Z 6 cedQQxl04GcJYQuZG6g3MxYcSvmfCr0nG3HoxQoVsdO3C4j7LdiHTHVMXruUT0
2020-09-10T16:52:11.695267461Z 7 vPsgYXOElw3RX6K5nZFkv4ysarsPNzDeQ3dMJBXaWaYwVZE1jnL6KkkHJHGNjp
2020-09-10T16:52:11.795504536Z 8 edFOyHk4HMaJfrhO7cWXnT830KvupFmjYXygom4RJ1Nh76hR14N489wTd7ejjr
2020-09-10T16:52:11.897314269Z 9 ZtMMlNr1RuFTVW7mXthr5Nh8AWkhEf24gIQziMZlrwV99B5VrMp4bLp9fa7OER
2020-09-10T16:52:11.998770317Z 10 UNoEuOcOgPZSl5IepeMsGgc364pcZEv8xjo0bQWP8mSLCKXacEh9c1z4BO659
2020-09-10T16:52:12.100102334Z 11 lYW9hmKQMQ7jXvV58UxVytoCSuyWNDwZqaf2sCCmK06eyKJGDiCTf50eaAqmO
2020-09-10T16:52:12.201068078Z 12 WbszeHQzEZJarJt5tojaG76UAPWcYE6szJp3mGIXvaNQ1OZih4Fatk79R877F
2020-09-10T16:52:12.302275805Z 13 pqKHiP9cwZVshhiizvz9IPqxKHFQ0djXiWDEOmtpCMys23q3NMIwajpVTvItb
2020-09-10T16:52:12.404108694Z 14 6Hr6jtmcEhMtTv5HLdqAIyUII4MIdjElh5lXgBD3EnJfMTKam7cNl7bgjz7vW
2020-09-10T16:52:12.503987469Z 15 kHwlHm6QIPswdCiJ0O72szDAEEqrR9qWLvwrheOQqHcs9egGLa7Qd6syGDca9
2020-09-10T16:52:12.605323152Z 16 Or9tR2CEzx8Bf9caufMTnFQJeUjrTQWfbuqI8j2b5hmkqwJPZZ3fjLGlz1tIp
2020-09-10T16:52:12.706596305Z 17 5fc00uDyePmUep94w44fbr83uY0MSYptPSZMX7kPsxfWxqQswYiOhXTGdJCDn
2020-09-10T16:52:12.807898417Z 18 ss6JkoO8XHQrWF1xZTp1VRRqYsS15vXV8j9WGeWU8vFDyqyM85gAomI218MYB
2020-09-10T16:52:12.909224484Z 19 GW0LZyvUbCScUS9E6adghrNzOJILetVsmKWVXQCWXe9a1NYJfbNYyLFHNR3pY
2020-09-10T16:52:13.010193110Z 20 XD5MGeUj6g00sLob7NgsJlMlXl5PzMHMPROdDQ6ey87m6yznmOlrZB0okAcBw
2020-09-10T16:52:13.111194840Z 21 PR5SYZ8BU4X95CLzC6gAR48NcnJm2avnuKl5LMsywHPeOROJrMPLEzgNCMX2B
2020-09-10T16:52:13.211680637Z 22 6pYkyqQg0w3dexzgQM1ulZrg7CX37B6dgLhAWyp05S8X2DBxLj2tHTqM6HbNr
2020-09-10T16:52:13.312965508Z 23 4f7QjTR2LeU0j24jhq5ypnB9pEP33RraDMyPNpd4pfpVliojlhgB2XdqpiJ2C
2020-09-10T16:52:13.413518337Z 24 AkaGXTywfqxZHQjl1Dax3nmdgSS7w7vwRQFWj8dUfTp60kK3nvNxpfOvr9cy8
2020-09-10T16:52:13.515500683Z 25 gFdGN3TVK5TbOgN3upGPlB3J6UN5rbMd7EHrTEfENbHKc98o3SKmXGclSYihS
2020-09-10T16:52:13.617560842Z 26 7EomwWrXAAjOMsCCXCKbnklYwGfv0cs4wjDlB1SOLoFNrbceoGUPFw15Nv40T
2020-09-10T16:52:13.719369438Z 27 ybwIjPTjOR0IYqyLD2wbitWCVtTz8XCM6KVWc2S41sssCoIsa74xIA98W5A2l
2020-09-10T16:52:13.820592955Z 28 4KF9cZOiwtT1XwIPIsNQeV0OcDkWwJkZvtJoZxWtubjVzxTQnw1Tced7fLHUT
2020-09-10T16:52:13.922598616Z 29 BkJgI67QgTd5IJ0OUs40d5o6A8xlpyTNIAIY0kv6f3l4cos6xBLmfOn9x4zw6
2020-09-10T16:52:14.024648077Z 30 IqPrwz4QcHzLltDs6g0nxVqTy6bkm49AHn0SGupQ8Dg13k2Xxrsd2QZGi8Lv8
2020-09-10T16:52:14.125711304Z 31 k4tf8rZxcKnhKoobjs51JxUb7waZ0ARTnodYTHRUIzFsuwPtXj1rp5N6dHj5P
2020-09-10T16:52:14.227352509Z 32 MmgGk3ooNqyqJEMWFKgGruJReNWOfnX87HvPtlqMg8QeqCsMHkFEUv3adP5UB
2020-09-10T16:52:14.327865586Z 33 qYAtfpL5sVSBgaHupo4Z65WEIdR867C4uTOn6DwZ5hjdLpagE5OfyzwLr4F6a
2020-09-10T16:52:14.430627415Z 34 jVxqxVeo2GdoetF0TRPXJ08QZkmscI4sdFMsUWYohKAxZFT37FYoSa2ZIVbaQ
2020-09-10T16:52:14.531466566Z 35 oVDS4PT7T14W0mSLxg05ogX0f3btr9NAamOHlS8BaCWtE5LpAEbVswRTo7SvR
2020-09-10T16:52:14.632338296Z 36 9dGltwYw0C2hMIAi8CWdLfKGwJjFl2rY2GL8Ehp5gUX5jJkGS8xCNXQlSpS5v
2020-09-10T16:52:14.732845954Z 37 QG4bkrjMvKCszcijLY4iSfksIgbOcTL2Vlrq0XdDNvaSxRL2tAKJsSVn4Nzg7
2020-09-10T16:52:14.833867749Z 38 qOSTUHZUBra7VslpjjXK995k8VYvfzQZu257HHXJx6DzK1nVEy2Z2xj5nf4Zh
2020-09-10T16:52:14.934606323Z 39 e8t5bJTwHQy1oTSncs2CGoA57i8PZVjBK4GXeDxtbIzAG59zUfZT507v1uRet
2020-09-10T16:52:15.035799737Z 40 rbryTTXNrv0l4XyIn86e4ntlBLQzRL0a1BaWE9laR7iI387SDLUbbiHH41Zeq
2020-09-10T16:52:15.136634330Z 41 cmrrnv0ba9W4UI4vO7NZjOUQFvXKjnX2pi1z6CwQIncT3RSxnFsur7TGpB16W
2020-09-10T16:52:15.238868769Z 42 tgg7mIxWvPTQNFSxLO1ivytdzQBXCtwrZ7yRN1Yq1cc3IpAjvwUtfip7ae6VQ
2020-09-10T16:52:15.340923137Z 43 iCaL9LmNUsTysJhcBOVxyLL5BLqq1E3oU9lZJzSIgFeASKGnkn4auRtShdiYv
2020-09-10T16:52:15.442413359Z 44 P9sRoTIfUUsaWwKqtX883EezbqVaXuvtBB4WeXEZDFCBj2fpLHp1f5ppGgUd9
2020-09-10T16:52:15.546844830Z 45 o7NnlXGG8UUOKE59sKbbk9C3YfCZHpKvzCOkUz2RoD9Vnpcf8fDFtvzFmdR1u
2020-09-10T16:52:15.646647987Z 46 1ze4rNYHSsjo41G6zyBGRyKSKeqSHxn9w9wJ458SrriWfsK3GMx0mKS9Iw06g
2020-09-10T16:52:15.746976280Z 47 Bt63uiv7jpRbjFygZKHwYpRUyapnx2JyJlDXIZ6g3nI5Ex3sfOK86wbUWmM7e
2020-09-10T16:52:15.849902671Z 48 arxSMzRbG8OBcfxmABYGgCbLHJTFPIuOIN7GSs8jq13ng9SIbj2YHg1lOXg5i
2020-09-10T16:52:15.951112500Z 49 U8WFUVUUNz3RFM7YNkKOCDfZfxeCDwT0xhyWJvtxJA4lutZdowgeLkfLFekbY
2020-09-10T16:52:16.052521904Z 50 8UCD0JL1t9bnZVpNnfWUUl6k7AvTZXpfFr4woVBvNGyD3cef3uPF9dwXQQuWg
2020-09-10T16:52:16.153820980Z 51 oEEGkxGMyRKp0DJNuFXD0CbVefP1oL59A9zH6ApJj2wWccQSpXNh8t87FOIpH
2020-09-10T16:52:16.254746526Z 52 NC3p3e9baAI1rgFw1ozyGcBW0WHOWDZJaQdQfu873jFONR9OJliIAto2fhHZS
2020-09-10T16:52:16.355184427Z 53 SvevVtcA7UQi1oJICgD2vV6y9qLyDYzp0ZceO9uDiHNLBDHXpsdiqd31U95iQ
2020-09-10T16:52:16.455461074Z 54 k2yV5eGvLlGaPSny09C6dIdWQCzggysCwg0HcgodKZiPYCdCoJWODopnBDOQK
2020-09-10T16:52:16.556994249Z 55 zUjWgDlfEdHgqWbH92LXI4OexZWwkQnoPt0HjH7NSjMLMyGlbe3Q2RGZQcINL
2020-09-10T16:52:16.759593646Z 56 FlwI5f7hBMXjVXArBQV9vC8EJFrgzCF0CzqFFnS1pbyjtw9oOQwoc1BKNMCHt
2020-09-10T16:52:16.826888787Z 57 9fj6hhzu2ZxBSw5Y9qK0DAs1aoyL9CuMODOqvdMeKObM52gJyISFflm820yLf
2020-09-10T16:52:16.892459738Z 58 Jy9Pm2Jq3FVRCOL85aTwqd5bYHG4UUjMOBAKx6pZs9DegpC3deSYMecslhIrA
2020-09-10T16:52:16.960645184Z 59 m6yoltQd8ToYuSm2H3PrU0cusiOR45YSgwv2dI0qfhGoq4r92HXfzS4k3Pbd5
2020-09-10T16:52:17.062313049Z 60 lJjHF8YZQlmPD5p0dgrecsF7M7VrS4VnLQYJU6yIInN9W66Pd1ppSF5EAqFj7
2020-09-10T16:52:17.163554357Z 61 ZzG6hjCYF07rnJgZMKp01MaahdyWfVGHHlaF7eTQ42sscnb81epp4uRUkvlui
2020-09-10T16:52:17.264820413Z 62 WWvLQxPW2E4xJxIX6rRZfNcfJOmpOyQjM1YEl2nRmrpuq1EL6IfK0bRWq7uFv
2020-09-10T16:52:17.367105340Z 63 TrNPX16USMS8jMkdt7D8NogSNDzLXoIkuGvzXCY4bclo4IeSbxMSXVsOrwOVn
2020-09-10T16:52:17.468157995Z 64 YkrrLHiwW0QXSAYeLFg2YxcLzqOrmwHxud44p8OfvWQbpz9iGk4yCWD10Gwrz
2020-09-10T16:52:17.569438191Z 65 2DxKK6Eh1quRMvzzfCaK2g0dfNqtPUt87gL0TeqbrXo5ku6plduIob7FwveY3
2020-09-10T16:52:17.672377491Z 66 jmJrqzYpcmkUohtlc8qN3wC6PdvRF3ejFW3KPKXq27XsfKlJ8WgV07KeWc6Y6
2020-09-10T16:52:17.772651548Z 67 HF73FSabplp17DkwJF7lajKCqAaWvhMdzq0OyMrCmABHU1eVkWwJwETtlZ7il
2020-09-10T16:52:17.874003736Z 68 xa1ZscWwBPscnhzfNQLcbxO1FjDZWryjptKMFa8BYWhSH0RbLRks5oCghxvit
2020-09-10T16:52:17.974965189Z 69 RKmSwNOwcsg3RFr5s8flzProU1tUwDHUpfMVrarPLUhDCsGdNZutaMuzGJ1Da
2020-09-10T16:52:18.077180323Z 70 rYNqnH1sf5mwnBwMI9BC7dXRalpbV1FJWsxcwrxej8qUGpNhQf5xBvVWAf9ok
2020-09-10T16:52:18.178938026Z 71 fIUqfXzg09QsYVnaF2fTjPqEQWBAp1qqaGpFWdtZtCtG9tz3qUCXlYkxuxwNS
2020-09-10T16:52:18.280526976Z 72 1jOR7T3bn8sN5klb9UgvzktavBIiSH37Ng1dWmwYkeIw2rustUBQtIycWxM5b
2020-09-10T16:52:18.382378142Z 73 9Hn8SM8OGr2UmR4m4m91n8DkJSrzlsvdghUi37qpUqEsij5LlITYkOyFpJJ1V
2020-09-10T16:52:18.483335710Z 74 w91o83vOJdxRsytzKfTBFBUYcVonWzPcMKdKfuhGObEOGM4g4sbAZmZlsqWDc
2020-09-10T16:52:18.584789709Z 75 DsloRefTmlgqmafnI10ITHD1RDmUdEXxfGy1B4lrzTUWvUEP8mh8s0ZAkCMru
2020-09-10T16:52:18.687215544Z 76 3uoVIoUpIaEoNSDMEYyZd4AYQBtFvkr6hkrc9fntG2lvmznFy7qsdmLKZeLPh
2020-09-10T16:52:18.788091909Z 77 TNmJxTo8Duioxo6xKwNSmotlB04LimvOFgFi6AOsBsXNlA8KpYYYAh3ddpZEP
2020-09-10T16:52:18.888695170Z 78 vIcf46iR9MZoLCyzgCi7litsbHtCVn1hA0qIlNYYJOUXjr3MDBoZ9fIf9wrFW
2020-09-10T16:52:18.989905616Z 79 kh8ZDJ2fDgliWf0mFEZJtk1RjS0MKRbBlOSaUICIPjndik1WHL45IK5N9ljog
2020-09-10T16:52:19.093438997Z 80 FFLrAghENDBhAv1d5hj9Vb30oDVL00hXAx4ASbaQF2qXQ7lHMRc97CVz6afkY
2020-09-10T16:52:19.194599412Z 81 00TuHpofYsjJ09s0kkoUnnC594dhitiv7yI5V31g8PknDcAReiCmwefiP4UxK
2020-09-10T16:52:19.296530805Z 82 cLjgR13U3pX7NRlpEA5jZMXKqwvYwRNYLGyx4Ohdj04IMxz1DyyInfIKWmjDA
2020-09-10T16:52:19.398546681Z 83 McYoPV4QuSUtTLuKkpmRNSh0PM2MeyFbTIiw4XRBXdDkKvUhoBdCjhHecwkOG
2020-09-10T16:52:19.499165615Z 84 dowi7PNqYXtlLeGNcc3oVbT2yjxntyiPRQEVFfBSsdQjnQCM7AyiCsKnhRiAR
2020-09-10T16:52:19.600095087Z 85 U9W6et4sLYVCs2W7VE7HTvT2jsqL7XPGZxdl1vHVydp7upnn0ERr7yWPHttHQ
2020-09-10T16:52:19.700877157Z 86 p2ouzSqCfu94f8AlaYEh6WzPK212LbY3DbogBiw0S7k68nkOp8i458FXnoWPh
2020-09-10T16:52:19.801666498Z 87 Zj5t2FMrwD6SsOC38TdGUcnWRhnkGMeFj9I7LD5y5t6DSJMs4db2dDZMeeU7D
2020-09-10T16:52:19.902852502Z 88 rgYueerQmrB52ZbjBDzsSKg6ZTqPZe9A3u2rWh1kKk6A0u6s27Zq3VyB5EMAL
2020-09-10T16:52:20.003937868Z 89 cK06Af6MpG4fInQVkNROWdRQl5Wts5B1OLMyz5fXueMm7sXUQPp1UoV2VRpKI
2020-09-10T16:52:20.105277767Z 90 xXWvg7VMowPEn3lVlDDyde6vcnZwlwBXYzEMro4M6IGD3dAtdr9mlG1zftlcw
2020-09-10T16:52:20.276604885Z 91 ci3A44o94LiezOXlqAAHJiDFZohjNDavQwkrQaGC5O90D8PAIW6pHdNBIsnMh
2020-09-10T16:52:20.344428144Z 92 pmU2ZE19PooaIyySxpYuw6THeMhyGfLJhZBcRjrRL7MHrrhq2l0ytkbe0Db7S
2020-09-10T16:52:20.412682185Z 93 eNAL9elJTvecANYKpN1h5JB7V3RLCivbUl7m665bdEFblonbOtVJ25oHKDMS3
2020-09-10T16:52:20.512224262Z 94 IYmP15vbGK8oAgXGd3ZAyTaql9b16NZARZSBYZebAgc9e6yrqKY5sfUZ7RPwj
2020-09-10T16:52:20.613931894Z 95 1IgujldSkAF215NbLXqhLTFFmtfIfscKWCz5A2KKeECDsFYxMNlN7CKj10QUE
2020-09-10T16:52:20.714915101Z 96 wcdjmAVjdL5OXhwaiXGHYPFsI3LRUdsCz11mR1NKuPX6hva4IhgLWoM8WlK4d
2020-09-10T16:52:20.816337398Z 97 vHGNnVH9aC7XcL5d4wjnKruozl4NncqpV5yxyzFKlhAt5Nb0uVh5PSbUsy1hl
2020-09-10T16:52:20.918200003Z 98 ekKuU5Gcw0S31tm8aZ0Zkjub4cNuTDqZkjZodHcEysFyKZcsbJSwUv1554xM9
2020-09-10T16:52:21.018986817Z 99 UMrHz9J1PXEBrr4uXkH40nx65Xr14SZ7QuzVqnFa6ZpVpc3PDP8gMOWStMqhk
2020-09-10T16:52:21.119787475Z 100 WAct5PwaEya9w5FbsexnLYLER08l5KqCGsc0ppnsXF9i85532t1SRd3f6CJM
2020-09-10T16:52:21.221354704Z 101 36aHniLvbSjS1Vwn9TnAajjwB3IUUzLItMZl7fqXolSGmaN39ybSDSGyetid
2020-09-10T16:52:21.321767029Z 102 HUMbHQ9W5T2X8MVyKfuBWDeRlvKVHMWiK1OCBbXx9VnUPOyNtAC6CIXeifch
2020-09-10T16:52:21.422353509Z 103 iq0B3TscgFs3WzNNPxe1t6FsJIrojNWxF3kud05Lgfeoiks63R2c2MPhsNkR
2020-09-10T16:52:21.524020749Z 104 IuoDqFPuDpomd6lQX4K9CiYof3JBTzE7vyKyOZYbbneqePjfCV16mKmLAQk2
2020-09-10T16:52:21.625040025Z 105 Rrhuj3Q2dbsk44WNouVg15lroJgcIN4woaoj8RMFwax6OurEzjcWJul00gNY
2020-09-10T16:52:21.726864090Z 106 WAWFSs5uXXBzcTdlLRbpi8WUVsXqrxatWDmAP5J8hgTlBGuME1PeLLjZcZfa
2020-09-10T16:52:21.828597991Z 107 iBXkDeoI8tOXZ7ZGV3inBeKPihUwfn57ziityjLINxSHSUmCVQbASp14e4Fx
2020-09-10T16:52:21.930118926Z 108 2Xyaysbd2chpovRbyF1cGAtDHqILSyn9fO9fvOglobVYFpooNqBr8HpQBmML
2020-09-10T16:52:22.031501321Z 109 lv9th4KTHFCUl065tXlfvmLmkevgNorlCFazAobUhAHgrCRT47WCp7fFyKcd
2020-09-10T16:52:22.133084361Z 110 ci4jUvOOE45MIlvCI9DhLDYbbqNHulTqiVOyXDLGdNeWIR4kFzt23envXZwH
2020-09-10T16:52:22.233810249Z 111 aikcvtUJeiqOhtfuAJiEq2DE0y4XtufOfILOVpi0dxZvSwdhyFEq1F3ONEVK
2020-09-10T16:52:22.434663606Z 112 goYmcQO6FXzgFA9KjJqCadXcG7RUiMFi3EPMTl9m11whipG0ZP8pJKwoirLA
2020-09-10T16:52:22.499426954Z 113 H7wvJ4Q5mWHNIXFL5j5zfj4svt4dWd1lchFKaZbqvufRTRQMgF1JZEBeQexF
2020-09-10T16:52:22.564769178Z 114 f2ntQfzadfs1q9bQna7Ea4c3FK56yDAQBZCoNTiwURVh0C95cxAlgjy26Kod
2020-09-10T16:52:22.638182500Z 115 78KzQW4r0RqqK9SCybENfoAGnpfbxZwV3VStWON7yeegh3FYbEYRjvdAH5Gg
2020-09-10T16:52:22.741051550Z 116 STjCRTAuWuVPM7xXizGKjvO0kinfxhAkPhgjJnCUCcgOlbE7MNfWUjaH9bLB
2020-09-10T16:52:22.842197732Z 117 ZaOIH3tl4bZbqVA40u84Vzd5EotE0SjbZ22MwKiMQWzfVOKSeAUUurzBdVED
2020-09-10T16:52:22.942932589Z 118 bK2PiHM6XK9lp2rSfKqLjdJOjiselhBo8xcTPg1cOF8Vh7GhQaUTWUUduQre
2020-09-10T16:52:23.044714612Z 119 AQIbf5GuCwMQG2itEmOdTWyJHzLoptndbJvpoQjx0P8P6fhaY4aJlW3WDtDH
2020-09-10T16:52:23.146337400Z 120 0QqDtPpZPq8tYK15BTHDEDQ9UiHpKh2rBHRCljr47RvaBE6ZD9Mi473RjKFd
2020-09-10T16:52:23.247331468Z 121 wHNRGZFgAXkNkkQmDMgqg1RnKPK9SiJBsGdB2gfaZNLLQH3AQHfD1kr870iG
2020-09-10T16:52:23.348313047Z 122 nzrfksn5Vhi4u6iwXzFxIHsxuKAMCuBt6M8sijaIwIZ8lQszP6s20Jo2SJ9R
2020-09-10T16:52:23.448725509Z 123 Te6o8eGWvmxkVnr1DPnG752ExgGpkIApnrlmyRfEJxIzi47J5btdN3K8pyNj
2020-09-10T16:52:23.549950082Z 124 ztevLo2klGCGz0UaaZjkHZhljkhDr12tDCF4ZhggtIxdAycCKSEFCPM1TauQ
2020-09-10T16:52:23.650976219Z 125 ELERv6Bkj8NGZjQ855MkiUA8hfKgWlxYxhzxLYh84vXJmpJ65PX0qzuretYa
2020-09-10T16:52:23.751874769Z 126 Da7PvZa991yW7i6POHGystKKIs4xPUheyjfqwIpW2lahn07ZGr6hAwVfmJw0
2020-09-10T16:52:23.853495157Z 127 Xd018tKb981YJq7DXII8lNDXy9c7Bds6v4JVNwwO5Ml5YqCjD0SvOs9wBnY5
2020-09-10T16:52:23.955184805Z 128 LcHUCuIkqDIwcp8jiq9ASc04Sau7BsFlfa3onDmiaxMEHqgXX8b7CI1f9v5P
2020-09-10T16:52:24.055954224Z 129 TseFRQEl4wQSPfbnN9urZp34dDpDdleWvPC0XxubpxMgNZwXJOuhH7vvASvd
2020-09-10T16:52:24.156617973Z 130 spvFQ4Y5phqS68Slq5tDeeuyW5Jv3zJZZ1oMQszoE3jUWpAYe8UfVNoEwCIn
2020-09-10T16:52:24.257834164Z 131 ZH9yMEqG6qAE8cDnYyBzDabGC3teljrJrhtWNjNcf7LX7j6iVmiSD0V16tZ2
2020-09-10T16:52:24.359312174Z 132 dwN2pkRdJXdudMWoyOARlzNxnLqjQePDMgO4Yq9I5JrjtiTZFh37NEKmR5HO
2020-09-10T16:52:24.461621437Z 133 sXeKNZWiY309D8ujGdvqPyho1jYrgsinxHeHFZXoZQco40VuXH0UzvBC8ecP
2020-09-10T16:52:24.562212005Z 134 GxqyCMlzGwh9F5d82WejLfvonzrkfYoKsBdHa7vjFgeL3MYUJ0WMIRjQaiwG
2020-09-10T16:52:24.664451623Z 135 iuq2GPEyRXEtHLYcBUdXz3cp2zFSiDjWVMGlHB940y2ws8fr5yhqqxSCmbz2
2020-09-10T16:52:24.765157912Z 136 FaJKdySrXcYmsYGe35ulKLd759y4RZGVqwNrq0mTuVzN9SQy0oYVwYTAhk1w
2020-09-10T16:52:24.866368633Z 137 n2omOZyLzMCrXywF3lNUzmocvAbgT65lNgKDfkOSViXpUCKTVVY5NNIoUcLW
2020-09-10T16:52:24.966832160Z 138 hF7rDy0TBNnsGqlq2UINB8TOAO3BPGiN23yDtI0BRaRYgE1O60YkZZPH91Oc
2020-09-10T16:52:25.068578078Z 139 Pss406YRt9i8UVLxhq9FQLSS5P8F2adOqMa1eAXOTBN3UNvpCbjW4rba5iLR
2020-09-10T16:52:25.170962987Z 140 dDYF4o8LpqZy6hKHDulpS2oUZxQccNJPr32FnLTAIMFe0RB9tJ5Hjgb1yKPB
2020-09-10T16:52:25.272649577Z 141 ZVmUDISyseS8DKPITlUDYyMkSVOFQvoylzEhVlipKHBFETt4RSr0QrI8q4Rp
2020-09-10T16:52:25.373809972Z 142 GQEBUrPRESDZPczIUNwuAqsMrEI3VM42tYjUl5yg3t0o2PmXsWdMlhKJ3odg
2020-09-10T16:52:25.475212401Z 143 xU8vHXuNQllJagpLc1L9ef3IH6uTdtPNruABMDqc48YkPddqttN8EFC5j3zz
2020-09-10T16:52:25.576785224Z 144 4Nd5V92jWbCLCXJjlxJW8pRet8psGDIiPjwU35rbmIVA7v7cqWfDd1e36edx
2020-09-10T16:52:25.677716890Z 145 BPQnc25ONqM1eclRnXYskfKFx7kA4BquZIT3z6sx1t55AoenSDBTephEfgBI
2020-09-10T16:52:25.779890768Z 146 BTd55LV3oyXCA1nTw6TwQQTn7lfdOrkP388kXR3w3QzqbWn2t4JiB20kemLs
2020-09-10T16:52:25.881264961Z 147 Ruc3424117l8H2fkMOar1eFfjrkvtIDON8eBRVFQ30PB7Ro2ZtwHWFRA6mkU
2020-09-10T16:52:25.983104232Z 148 UTlYwqPi8BeFZ350DzAVTBKQh0o9LpUG65NotkPKwWGblhxXIiTWyY7jvkbB
2020-09-10T16:52:26.085535147Z 149 0TpOowQIJkkUwBwq36XDdHrVyxB7csPqlYmOGAtl4F7ulBfupRr5HeDPYeOV
2020-09-10T16:52:26.187896674Z 150 6AefJHXWIjTV6ooh0rBCJtOfSfKpyVOrfg6ZfKNOSFEBrIzS7KQ1ytot99zx
2020-09-10T16:52:26.287751686Z 151 wVHUFLWMz8FT4vs2F13J1UYU6gFojGHe9WoBGsF0hOPJ3i7bQhOFfD9Dm8uJ
2020-09-10T16:52:26.389274532Z 152 TR6345tbb1Uqmveh0pUkJPO4uHd61jHxhJTL9RuL4Ey1pJG7GNKwIc8XLEHW
2020-09-10T16:52:26.489877151Z 153 2AuOIZX7BL7a1gVeObh14JHHFSLHt6m0D9bh04NeGs6qcF8jY3UZ3GOIbSfO
2020-09-10T16:52:26.591391406Z 154 znnT7BXZMipDbCwiWpOsO7gjecwYFKdmWSJfkoiktRX1r2GOh5uQmUdJcufg
2020-09-10T16:52:26.693611792Z 155 vVHVPedZbfjO5PsqCSZ7KulanXnuZ5PCZX28AHQyLLA4Oe3sQnIEgWNVaHII
2020-09-10T16:52:26.794680713Z 156 vQKu3YrAPjhBisXgqly0rO596K5XifdFvjj4HNYZxjzk3xVfEJrradrB90wt
2020-09-10T16:52:26.896274533Z 157 ZZKlHXMVI2SLsNgKNKwnaP9kXqsK88i1KyBF5wKNRAx5NGDbNQ3dg3gU0HMC
2020-09-10T16:52:26.998007777Z 158 05uBh3XC8aIvTOXOZRALkdH8tJsrXcRlSCyjg2vPI8OFA5RrBtEPU4aryXyC
2020-09-10T16:52:27.098990811Z 159 H7PLKDDuInX9ZaBSPHCJXW4OIfGE92aOfrx7Kk4WtGggbyYfNMIPkwYLVIRl
2020-09-10T16:52:27.200372626Z 160 6hItROjMViv0UJmjOaM73BHw7La97RHHikAeSpeTLZrT1WBRBIanzeggH0aQ
2020-09-10T16:52:27.301708637Z 161 cHjNHZQzcKEtYoZSJHQvph24lFaJDmxUl1c8w8A8FPWnhlAA7aPfJEDkm5al
2020-09-10T16:52:27.402584521Z 162 uj9fdPdOalikgKIY6y9af4f6xjmFlZaHIMu6A5uAKbFOlXYwivic4Nt67VIq
2020-09-10T16:52:27.504244634Z 163 To45E4sO5LXvFXqhLbaUVUEnpKvITMPE5ZznQ4CPcrFaKXTfN1q0KiT9uW1H
2020-09-10T16:52:27.606333266Z 164 dAzXYAOTP17Kwwq2aEG0XsrnuCitkvCyNlGw4nFH9ySvEkce6xuZy4TmEvba
2020-09-10T16:52:27.707630150Z 165 zV0j3ivzKni3DI5tRTLmh8RGMFQijnSZQhbyKN26A4EuHcfgFDuR1BRekSru
2020-09-10T16:52:27.808187857Z 166 K1TFf5nrTg3Re0EnccX4dZQFvZlYepgw90s3ygf1NX8Cs86eytez7Ux3084t
2020-09-10T16:52:27.909216935Z 167 lVbfUZar8TphFCzp31aBWwcmQ26iiUR11ng8JgavsVfRcq4bsfZnY7YKoP8Y
2020-09-10T16:52:28.111303110Z 168 MvLdb8ZVCcEkLWRogvCVeipyfLIDkzu6icGrI6s9Xk1j4MfbqNG170EGEQHU
2020-09-10T16:52:28.177139514Z 169 11olMITik0nPLZoLMW3D07FN2SZSnf8xMcG3as4S37UKKSyjHGqPGrmJLaB5
2020-09-10T16:52:28.241503849Z 170 DCmCM5bE7VxybqF0I9cGEigDFDu61TEkC4jYz4MqyeqW2prVHK1q4IfMMQrx
2020-09-10T16:52:28.313981635Z 171 FAL4JbDtVkRsz2OuL3PSrG9hU1AkrQhMKElClIAkQnuYcw0rkPjHkDOUDyG1
2020-09-10T16:52:28.416095532Z 172 W8m19w5EdLV7JQPbIqTppP7LMjW5jVtBRYtCaFawjQ53XoWFYaax3VGZzXyI
2020-09-10T16:52:28.518175758Z 173 BM9nKxT5lQ9vYKAvw7VwF7vlF7vUsAtxUj7Ae2WVtJsc33r56UldW7KTLeYv
2020-09-10T16:52:28.619509426Z 174 bWZLGheyyq3ZhjL3Dr8jNFmiO7nXuutqanoWaz4JOzcXjyW6WcB3ZxDICeaX
2020-09-10T16:52:28.721025537Z 175 7vYyp0Acob9zdedvLFp4sYCxmQNgX50WOH0kb9sDrSd0Ry8z44vUnqyfAwf7
2020-09-10T16:52:28.822881278Z 176 EMuXIyBByDlUIjgEFTCGU9f2LLuzvPqUbxdj2MUH1eJP95RMXx6YPVAGkwMt
2020-09-10T16:52:28.925398540Z 177 mb15OI50xhs5PYS3N7axwGEJPTYWncSTFMhUltgEfVCg3FYoPjPT6Q748jBM
2020-09-10T16:52:29.026714914Z 178 oo3bxHDWjRQiKAt18eJHvsBjb7SGjIWjLxHndADSFwD4g29kyTW9cZqlhsDL
2020-09-10T16:52:29.127861082Z 179 UHOwLUie43vq2nHo7nloC1DWlJxDrko2idTMdAmwE4JKsIh5ISmFRXriomQ0
2020-09-10T16:52:29.229376957Z 180 pVVoQpHodX7s9MFJ3VrhGsdBwQeAXsna2omVPafzT23EOsmKO3OonDZQlU33
2020-09-10T16:52:29.330497793Z 181 NPl1Yfnb2eq13GffFnpRNNH7LQMtKjx2qOoS4c5mIgxlHDiCaonSyStjRpHZ
2020-09-10T16:52:29.432528123Z 182 iBGLJ1wVsGbgwZAZpmOfxHBkHHHYl8fk9YR6rfrjN7gidUtY5Fs9U5vHgXH1
2020-09-10T16:52:29.533632149Z 183 31lLQazva91A8nlexwmpfu7HP8AS8osUeCNLQmgU8czM3HL2gpo0txDbBRiw
2020-09-10T16:52:29.635394302Z 184 BXra6VUWQZajXeh7JP8JMq2QM3bhBcuElItReJMvDd1QwRrZ6k6Mj7iMaN9E
2020-09-10T16:52:29.736607903Z 185 FoNtMihvoKmvpfDD5Em4AEO9K5BDIx8IYVUQO4raBYOjvZo6KbDoBxiXe0AZ
2020-09-10T16:52:29.837780691Z 186 VWrEI39lMadpwPAVR5qVk2sXOOlzWsFkKPRQD6X5RD5KLCpsEQ3Q3w2wv7Nj
2020-09-10T16:52:29.939602638Z 187 NfX2q5nhlJaCCx8qB1NDBDIrMomxwU63Z3p63bobtO53rbeK9QfcHK8Kwk1a
2020-09-10T16:52:30.040950051Z 188 iuPTSqxwFHayTExTSwMFWvjndgRZoW6sSzUWwvUj3vJ8Y5uEwz3MpUMlWz9y
2020-09-10T16:52:30.142445135Z 189 yjnwYLI19HKXH4Q283x8T1gvibnfIP7kTs8n2HES1OThwdzXvFCvdPvk71pO
2020-09-10T16:52:30.242874876Z 190 WNueCOCUXuujg41nVTCkk9k5lBztWDFfWLR4DRDPlPnaVx98i5zPH20AJHO5
2020-09-10T16:52:30.344801235Z 191 5EXD73Uj9k3yYmkEILWhMVE7Yjqwh5ljXtY3N6nJ4lNiqBLkbeoiVvm8DQJm
2020-09-10T16:52:30.446325440Z 192 94KRsfP1enpZwFGa4Z4ZaucydqsqZsVnK3r6XZicbaEr48mEHhhdMW8RxywO
2020-09-10T16:52:30.546849399Z 193 jxWVFKgW0YxVku7TeCazkQSJ4aoFu0tCqn3Pc3AWilo9fM2DOMSLNEBLWYZT
2020-09-10T16:52:30.648163598Z 194 z2cno6MHHXE2GdKaQytfnS8MO8FZsH1baS4LPIuUZiUq7nTQHahzJaa9afKT
2020-09-10T16:52:30.749245089Z 195 01QpEEbLooIM98arYnprUzr63Rtn0RCg3lfBHtZaSDuI97vMXMUVHp8rEK1i
2020-09-10T16:52:30.850883761Z 196 I8ku35jk5HcJgweKK53XK6hoHqUnyPJ6IHg3MuWWMu2pLTU3MxK5yQMGAet2
2020-09-10T16:52:30.951162514Z 197 E4z0ozFBWXL7EpO52aprmc7whZODNQLiLubg3tCkMwWJVBWWObsmCDaot0Wy
2020-09-10T16:52:31.051796044Z 198 MXJwHzMs16nfKPW7DDMtxBHxYEEM16JKFRvyuYrC3Q5PGeaseirkPXPt6OKz
2020-09-10T16:52:31.153105947Z 199 CoyFCmeS6AUPwhor4RMTPyyRjZszPneLECpwBgVZXtNb75k0hjA3mB5s322W
2020-09-10T16:52:31.255512175Z 200 c9yaol9xDrv6ls8vjy63l5Muu6bO5j6bWrl86hcKx1iTnpBsY8MVYGnZHizO
2020-09-10T16:52:31.356563352Z 201 coV8XxxXzvafiGx8ad8d4POBWJnBdrYs2xBJB3ZQwPoV2EAo0MAFNHQiQV69
2020-09-10T16:52:31.457440621Z 202 b5iFWIPqGn5elYDGKT7mmBhOYqcUFSjcIuHFs2LVUZfB0WsFJiEF5XVTsTsy
2020-09-10T16:52:31.559102770Z 203 4wshlz7IotNnLeZ8EZkuX45VhcXXTZHV97eENUqjm3YBi7VtcQdvdaVm0C8v
2020-09-10T16:52:31.660606550Z 204 YnIWUSm6yHlOMj1KBNJdvJ7Lk6Jnhefd61cIkjX5kXQndNv2GDkxS5LF5BAQ
2020-09-10T16:52:31.762316531Z 205 bOw3hYu9BrcNFRHaNQy47TCnSk88r9WBEr4UqVHjxMIhBq8hqKioCOtOfVPA
2020-09-10T16:52:31.863252845Z 206 vP2p39Xgu48ndIayE3uuGT4OSojyAM86cSWoazRMXB0fnpzRqiQpYocTkZrl
2020-09-10T16:52:31.963996869Z 207 C2oxt06KlL445wN05siv1JwkmrVvUzKydYHAUZE1ZfXm2wBCcQOVibCilRSK
2020-09-10T16:52:32.064706821Z 208 nbjZjdf0vo4suqCtpbSMdWBkMqJxj3i0TUufnVtKn5n54omwCUpqX8gIu14S
2020-09-10T16:52:32.165664431Z 209 pQtGP8UdpoTntjt6ZMULdqiyHyhYqEl28KPLrSjRgMHOCxOvGSLMnjUnwenF
2020-09-10T16:52:32.267722223Z 210 hVCGE2vrF2QHDOAzj7HLlVpqMX7xxdAsPyDXPlttyNxhNFn8ClKA2sT232yh
2020-09-10T16:52:32.369319830Z 211 8bWFG5mQdQ0TBTAhU8GiHpWeieaAAqTxtemgdxC440Edk0mt3gEjsw7Z7aef
2020-09-10T16:52:32.471438919Z 212 AzPjS8Fp6LC8PwR0kXLnAsgmvOMa59galbogm6A5sSeN4wJeSqh5Rc9jkMxn
2020-09-10T16:52:32.572123952Z 213 A9cdbW6x14Jm311p08HNnIxfcU3hjh48PfiYfKmdtnYAaqOlWy4dPabHHkMa
2020-09-10T16:52:32.673247452Z 214 voFtBaN8xHAd7CpSYqr0dVdPpRofKo8HerzMkdVsVYhiXyWQX7ZbA3CFepnK
2020-09-10T16:52:32.774529366Z 215 uFAmbNsBD88Qa1uRjiFOIjFA1vsuxlXKfVkzFG5leu36YASJdB1SbY3aUe6L
2020-09-10T16:52:32.875969318Z 216 Yu6GdsEBAYTxfvFPUGmYsnA3qF5gRRkovGRoC0t0pEwniNfwqLgVPNtNcHyC
2020-09-10T16:52:32.977347066Z 217 lNZQtL2kUThqmeQoDWhGNweN0GwF3YReXar2rHGEpGCwat2Gd8n2tzxqNH7t
2020-09-10T16:52:33.077793322Z 218 nZoVFUGBZKXwuTUOWDdghrJyVXSA8jrgQhTmsVsrl3dnolxTEPrKIEYqYxPE
2020-09-10T16:52:33.179083787Z 219 xq201cS9eBZOx69mP2BrJD1Rd4eEIOJeacskF16s19gksWBAFfkyjxBlLHm4
2020-09-10T16:52:33.280554872Z 220 qwL5TkWjG6QOzdYphgTcQEtGRDPYIhFNnQvq3wm13QPbYmcb957dK5gjJG6I
2020-09-10T16:52:33.382552805Z 221 pH0Ij0Ah8XPqse3P0OgWMQQH03K6UlXNZe2DyqNPjWRvWGWaiUropSnFx0Um
2020-09-10T16:52:33.482751262Z 222 3L4C9B0Wg9eKlh4QYmziOrJMWfIB7GRwCcdoPp9EvFjs4gznbWCEPMbXrDNo
2020-09-10T16:52:33.584237965Z 223 8YfwSk4NOnscmRDVjQvRQKQoHim3jOAf876DJwOB7Ub59MM20R0zBD9RrBW3
2020-09-10T16:52:33.786778098Z 224 WGeDajjx4XMqj2Edk2BHLyuCXfYPuaXgCPCAE8WD1L4egoG5iIVfdfe82FoW
2020-09-10T16:52:33.852572041Z 225 p9PH6gi78pXj5YxotS76HSa3RF4Psc3tBVhiYutPyM8f9CqteOR5cVv0T8UB
2020-09-10T16:52:33.920321607Z 226 4xeKVRu3kLZocjljfgi4xWDnor8ND9zkSP0LdTthTj3LHjTzPpnEXgUlVaV6
2020-09-10T16:52:33.988335450Z 227 M0pkR8FnMfiYEE8UvQcNnma0UVfE7vSHwoY64yQLPZZkj4eQXLE7lvasvJV0
2020-09-10T16:52:34.089000019Z 228 MseYZ3QpTiLFBymCvqGPbbGI50QS8P6spgGzcBEiMciVodDWzqiRYeDHbpij
2020-09-10T16:52:34.190157272Z 229 lMNffPqx3TCJi3WhKYan7jOV3xA2wnY9PBRQBauF0EPLJ9kL3oWkG7LTP29q
2020-09-10T16:52:34.291438352Z 230 9q1T5MMCxA1uhxEgiYeCTSy9JLL31xJJaqwEJZSV5jeYKObq4ZFXFwgzKutn
2020-09-10T16:52:34.391794304Z 231 DZXxwoWeGF4vJX6XHl7MjsLk3DB6ocv9rdllWYgnZbUKKuHolz7mcH51fBV3
2020-09-10T16:52:34.494294145Z 232 ZovBYEEMNSGxcEBPxOJxrnV4NvhuQW0fZcZFsRpAAqOYFSFj2sHhGaEl2FNn
2020-09-10T16:52:34.594820389Z 233 mgoaZC3lc7xZ0dfEY2RKbOr4wgsRt8HMuCXEQvwTRTSDey434jrhZkk7Wwd5
2020-09-10T16:52:34.696803311Z 234 GN9EtxnpXFo6QV4JUSCnxQHqhK264afvtCuTKWPwzCSb1z05Qw9pjhL9Xwir
2020-09-10T16:52:34.798394497Z 235 q65ETSJ5GY65dtVHyUNwQ477ltaT73RzRe9AhVCjmyrHnhmcUDStojF8SfN6
2020-09-10T16:52:34.899459854Z 236 CSqiqYxUttngUjcERU5giaKbOBIgbg8b2UUGnvijAVDyb5EZtVvKCxgVdW5m
2020-09-10T16:52:35.000828863Z 237 jaRUvlm0rEVvlTaDIgdUWN9Jr8BHQklElfDqPMPi0e5T1wizbRCdFZxjMqku
2020-09-10T16:52:35.101884753Z 238 fpjMJOLwyReEwXUiGogancHsppiPtde6duBHjA6BrDpKtZgprNKPPh18UBoL
2020-09-10T16:52:35.203478163Z 239 4UEet0Mo7F8x5jGN3R9CewH3ewHw0fOUqQnY9t0lYPaN7EDNBoZwxrYCMwhp
2020-09-10T16:52:35.305236879Z 240 SWH94oHxF9AAVqLoXJLDEerNaQe8FmSyADNNNimuxuMoC7wQW5bjkyl6Elx1
2020-09-10T16:52:35.406495664Z 241 uJ9MTHMfz9pbyNkD2iNPyTNAiQqSmzbuOOB0Di7v19O2fIyrWNi4m1F5IJoZ
2020-09-10T16:52:35.506694840Z 242 B7k3wy3BSo9FnDp5Jzfuq6r6Z5NjNIMCfUPyaAsrWtPGQ2oU0QFs5BE4G2h9
2020-09-10T16:52:35.608469527Z 243 a9m7kg33Lp8mT6DQH5gTKH1d5kPTfq3iqDwNfff0KclYBXENHkWoqKMx30Lf
2020-09-10T16:52:35.709105680Z 244 Lw8bMjO7eYehzCcnFr9FSO4CblyNRGgbWaNzi5zuLECvj9DKUozeR8PUsujO
2020-09-10T16:52:35.810737317Z 245 zV9eCoSFZ5ywaRj6hLprV5EDoET6bCFocOjO8qehczGqbKxyzb6PJebqwKz8
2020-09-10T16:52:35.912275884Z 246 KbyTTQfwLoqgfKs7VE3LY3ELbA6C6bg1M5KkMQpkiDadQzbHsoi39XC7FJl5
2020-09-10T16:52:36.013861964Z 247 mCuSdXbzqW0ND3En3DzwAGaAmjXApeoYu5A7ibQIo0vxzsjtdjpjjQxRPgbx
2020-09-10T16:52:36.114530625Z 248 1GuG0rhBXwXKbJ9IdZnihv3vZsybJvstaDZEmmiu4KJX3LnmkDh325zEwZk7
2020-09-10T16:52:36.215706389Z 249 0LXtA8ukxFsdq1u2TDiHisI2E1VA9FPFm9vUsewfAPfg4GUqUP2b0FcdSYc1
2020-09-10T16:52:36.316271002Z 250 azwyqJBv5sfgHymLfE0lnuyrkU07J9RlrdP6DdLDpaZeVL5jl7azsR1ADIFS
2020-09-10T16:52:36.416698637Z 251 0TfwSuyJP3gvfkEliWligfGsdcJmq2HeH3KtAz7q2sEH48tQUZX3aFNervS0
2020-09-10T16:52:36.518134842Z 252 jS3yy9v5lDYUUkRZJRad70T74Vnse2fAmKbVaA4Ks4RwsRy7mSMbrT10qZp0
2020-09-10T16:52:36.618463595Z 253 qNotOAGjQrQjCy2ipNDe8mRb5w7ABp5pQj49LBndjM8YdKlfECRQJv21tK1A
2020-09-10T16:52:36.719626404Z 254 S4Du978tdhTMvwfzedmwRXqyRmwb02vD4j2Grcm0ydKs2xE4aRHLRx9rTJor
2020-09-10T16:52:36.821024995Z 255 quT9rLqypCmDn6ORptwB2KE3aMgl4QtARMoiVFfEvSGAlj3xko86ChlU9EKo
2020-09-10T16:52:36.922452494Z 256 o6kFCuhnNPwOy0hY4QiRYfG4aAuv9M9Jp65lxYnvC6WdzGYVTxnOLelLCWFx
2020-09-10T16:52:37.022886922Z 257 h1RkuJzj3Xa6Sd9xlXftzmttcJGeyOav29EszNXncnFRpz2ak6mMPNgtuZDB
2020-09-10T16:52:37.123858662Z 258 O6WJTidDhvcaoutwgyL6URajs5gsE4PJAf39DOOlqLSX5pUpBUfbzTWRyixq
2020-09-10T16:52:37.225024742Z 259 gitZMEnhb7RH7KPgZ54F2h1QjOUyc5NyM9cpG1pR89wiVMeERwb1bxhdFDyp
2020-09-10T16:52:37.326380510Z 260 ft7RZO13iZilcwfEZDzZYhuZkdisMW28jIrGZF6u83LkjOUKsyGOtxaiUzE0
2020-09-10T16:52:37.427386587Z 261 SpnuFPm3aIc6YFoQ6scB5QpA16aCOVT6RcJ62lhDCDp1BsI4gE09qULUsbQB
2020-09-10T16:52:37.528848993Z 262 QjrdKhgcDsvdgsjpQwPCh2CdOP5xw2GgTPloI8qEHVbORXpozfPKXLK5SfXs
2020-09-10T16:52:37.629587753Z 263 7nq2WoEbwKpeD43ToOLUqGc3UWC4Fxz8V6gPTQlURfSLuceqjLAZooxYqd2R
2020-09-10T16:52:37.731251230Z 264 nJ8MXAtLbFYrNCgDPtYtVTvwWs8psbZhKJ8EsFnRiojjEbCQ60YvCp8ZAFgB
2020-09-10T16:52:37.832464169Z 265 QQErUkv1DZ9QZHLeb86gcJFMqn4bjAH8De0EvAvBYZSHIgbzdoajIafxT1ci
2020-09-10T16:52:37.933140988Z 266 uBggNWTStdtO8HYDYqGDSEgRrZ1wiD9KiqEQPdmLBOKnfSTj2VdxynaubsR2
2020-09-10T16:52:38.034335270Z 267 vS6Le39h2MzrCGGNot4mExJKWpDddCS3IIE6rPknDou0jyXewHrgpe5bjRMl
2020-09-10T16:52:38.136086313Z 268 CHU6OS6VST65fcSjdT6Pk3UHpnZmmtFJUZJhU3GfFXLuRxPQkjysi8qPPiAr
2020-09-10T16:52:38.237409718Z 269 ZTXTPS6q2EwJbUwYqPo3pqx7Hro1kFbusVHuJC75XlKnZM14zs9iuxwNLu3A
2020-09-10T16:52:38.337985922Z 270 fhB8dgn5KKiu54vGkTsUDtyrUp3B3aNL0ly1ZCKZvg1fDGcaS9tckZvGBxFv
2020-09-10T16:52:38.438970320Z 271 qCL8iH2n9ZLhduDIPUCyS0SfYHP8i2Kw4k0a8zh8qGo4fSZhpqvm5qrMTd82
2020-09-10T16:52:38.540139318Z 272 Rj9Qt5nCOix25NX4XwDVWCBNYL8LtmlsOIDZHBTVRcFsfjYDz0seKaK4GWTN
2020-09-10T16:52:38.641311951Z 273 scNMT5maLuWfxwUNu7XzlqZBH6u1Y0g53C6RL89pnqFS2ypyPoMlHHvnWt2u
2020-09-10T16:52:38.742968669Z 274 ZfroXr5Di95e03ifXz0OkM9TI18YGMscK8eW54QCyP79QqS3Dz4sLS5sUNgU
2020-09-10T16:52:38.844678228Z 275 ktC4VhBGX7QpjtQXe1yb55lhiKc5tpy5E3cmbVVHnxfvuf6TIr9WCKgj0oZk
2020-09-10T16:52:38.945276226Z 276 lz71Vu59BGP7BUgT4xyetPU4VGtUNrI6Ll8AtqTQtUJns0FdHMZM01ShE04Y
2020-09-10T16:52:39.046411736Z 277 jr6ktgX8ED0boCSpnjxDKwIu8j3Lq2kSDicGhHmJbmIjjRABJqWXAzYdkOvA
2020-09-10T16:52:39.147140680Z 278 b8jFRIuxkLc8hTSGWPt1no3HKdkCjAd69wER2VmasEhlVOdi4sZe6cIumPmv
2020-09-10T16:52:39.248376889Z 279 3a1cBPGNdvUEPW1E6zPoZtwKbVgws1m4epBkTyo5EtjXETmfy3c9VennsQGG
2020-09-10T16:52:39.451562726Z 280 Qwc1U2ETPhb3m00ozwsbRCrQUQuHVGIAk2iUoA3Ms7WBsnhm3DKvgu2mdoxp
2020-09-10T16:52:39.514909086Z 281 8Yb7qi4sfwIhTBiRkGOUHaYyOqlNnuJot41v2eVz8ZNb64zohsF2fDNycGGd
2020-09-10T16:52:39.578563178Z 282 vld6XoFwKqTocZk1JGjptTHs5jwcfMFGBYOsbmy3rcrSMIu1nv5nof2JNDaD
2020-09-10T16:52:39.654381888Z 283 ODz0Tdmeu3EyjSoxUcqj3HKM51H1obPto58tuZ8XSBIaSEdMiCljZnwf7DPN
2020-09-10T16:52:39.757069766Z 284 Z85tjG0LZPk0YFFSgxQ1VLMPkXiutBt36HpuiBhV4MJ29ivtEd7RFjOZc0Bv
2020-09-10T16:52:39.859086561Z 285 iPQZLzRZM10grNeAeeNsPQm34Jsx24KK4wsvBh8sWGir6qwjqXvnSMAV0GbD
2020-09-10T16:52:39.960291817Z 286 8UAKyexmAANGCPXhFcUkVlzjPhHt7InA5WHg6BJZ5owO7E3G9ayQxWTjjVX0
2020-09-10T16:52:40.062223399Z 287 uoEBnh5a1yLlfbIWe8nsMEh2FTVzWRXF2AoOaHz1cFjvynlcX95QgORswlIE
2020-09-10T16:52:40.163332309Z 288 DC8RqII1jXhcYxbOXA04kp10AKGHDJGZ0BriTv25fD4St18GUZpH3FP8Q0BS
2020-09-10T16:52:40.264061833Z 289 S6vqCftnjJtkNJAfLHFlj5mV4u9Qu54FZS8B1gTzmroFMGTyCzmrGZrIBbTj
2020-09-10T16:52:40.364947065Z 290 7t4KXjzA6ifu6xf0EEznuUy3xzjxEHBjf5kgf6WX8QK7mAC3iS8wQzbXSiRM
2020-09-10T16:52:40.466140250Z 291 VLF5eWkSGsEwuu3unaiQuvYGYWZOkHcbgzl3Mr8Y3enln77lAlcMbyWQkjLU
2020-09-10T16:52:40.567725579Z 292 Ec55E1msVnW8wTu0JkBkRgR9bjXvSHYNMOWLqM0chUvSdBSaE5GasiBRnMbH
2020-09-10T16:52:40.668640844Z 293 fbuCSiBONEUXyLGfyZGz3H9Q8mHSD99YPh8mRlb0hpwSU8t4BuLHOAJcF7mx
2020-09-10T16:52:40.770570241Z 294 2598hrJxv0wjoqu1KaeZctjqQUfAk58HlXJzgvcj9FItqSc4uPbYPT5fc5sy
2020-09-10T16:52:40.873078481Z 295 HyOTrtqmMhiOwZfQiDsAk0WcbkV75cHA0GMHjAf0wUdynz4LxoESPgqZsqXS
2020-09-10T16:52:40.975163562Z 296 JeOrZZOwOIcNNoNtPgEcTCBytBOe3EiDYhLGXDXwsNmMW6xI0scyt8hupyB6
2020-09-10T16:52:41.076448809Z 297 WgddrxZ0CvSVo6vMyVndkm7A6BtEj9uL95v2ocKccmmpqT80rjqrq8IiG43F
2020-09-10T16:52:41.177713534Z 298 DwNcjMa1IbNdbHGvMOqOn7uDYTQpWrXH2AhSg7L4SQbUlrmlMeT6OBOpYsKc
2020-09-10T16:52:41.279740466Z 299 ABZqb6h8Z4NXkgchGZXmzELuOzGrckN1ZXz1Fw2Al9YL6D3ZSOALZSTjy3Sy
2020-09-10T16:52:41.380147090Z 300 SvNe4qHc37TDf5mTWxp10ADOziVAlc1OkxbNYnJKwAkoO83duskAutxRWgNc
2020-09-10T16:52:41.481403886Z 301 ffUhXuBerdaPv2QcIS9l7gW8yLnAnQhfBITrxzzvcteWJo0OpjE6emZQkUQS
2020-09-10T16:52:41.581969773Z 302 E9cwUyMDVT0FxPqXWymXdU847sl6zGwqQAOwHjkWrpEWFmqDJxVjODsIIRtc
2020-09-10T16:52:41.683304577Z 303 9NW7fh4Fg7AOUZNibNDL735k1JeXe2x3mePbXmtXI7nFERr6v8dxAPSbslVl
2020-09-10T16:52:41.784140363Z 304 SV8pY7aHuZcomT8DQnOabYjOehu9ZOGPTd09ZUcbLzUOYEHKh9G4F1ToVgKc
2020-09-10T16:52:41.886012754Z 305 lhyHtOzFB4veTSnVde9B8vf2kWsoiHd0fMlZR5CxrJNxKJHLaXAYahIh83uO
2020-09-10T16:52:41.987156523Z 306 scgNm59fliSZGeT1lLnM6KdivHC4zlMMCkaVxa5gplHNqZ48ZzX4Rw1tSrpr
2020-09-10T16:52:42.088331941Z 307 7UjTtoblJQNuKxVufm341RZrQXYW0XOLqoZajj1WjD2W1q4CtdwXUyWs3hSl
2020-09-10T16:52:42.189390687Z 308 GB73ZhRgVTaPzkZje8u52r0DWfqA37SAfqNKe70rMDnXde0vAVwds99uU3ZB
2020-09-10T16:52:42.291444406Z 309 cfmXAhPqOD4bjLfkgAXMextBYbe4KJPt7T2lT3wVdelY1UviaofV8TDP5HOA
2020-09-10T16:52:42.392199284Z 310 4G9fPJy6sIElrxiegPB0dcpD1M0CgardszuSpueDcEwVs6Qadx9bWi0ITM06
2020-09-10T16:52:42.493236776Z 311 JhhKOmWDloiRtqZhgRz3DDRd5JG4j7JokXg47HhaWpF3MSlG67d74LXFzALY
2020-09-10T16:52:42.594503387Z 312 9VDuFVSVbwY0dolbxzk0cWmsaq5y36qRcfCdaMZ35kZmzbNNt8Zlrn0WAl53
2020-09-10T16:52:42.695628292Z 313 ZVwvC0TYfwfDiTs8Unc8F5BzwKAtYZB9VBkiFaZ1ZOSYF6niJIaSEW4H0O33
2020-09-10T16:52:42.796313336Z 314 z6QSPKGRps0dRkXRUPSD408syi73rsg9dAJAlMueU7OCOue0q3trwK5keAqX
2020-09-10T16:52:42.897637151Z 315 59lHAwNwnFhCw0w0gC8w10CRq68jBFOgmIYizoXNYAOSDx3vFZFTigbBDEFC
2020-09-10T16:52:42.999483103Z 316 Ix58xWVrYFev9iMyGtTgrzWVpmis6DamI7aOqF1Vk0NSXAXrtBSnOBaPUiXC
2020-09-10T16:52:43.100255375Z 317 yRzoiK4XaDx702HA8Jj9dycdKzljQN34ZqO5zR1g90vD93bkFYyPM82IR9vY
2020-09-10T16:52:43.201127710Z 318 G5ws9h7BmFK4sCbRInoip9DuYw8jno4BUVXY550kflXaRFJlSkKNzpEIq5we
2020-09-10T16:52:43.302043528Z 319 qvJ2z5gdwyeR2UsUUwgoEHR9zPVQ9H3dHJt4lKmlTxtY1plax2EHpJV5b3cf
2020-09-10T16:52:43.403793004Z 320 2cNZJB4EoE3VBGAIEz4f5VSNL6O6yFNZT9hyKuR0deB3HpYzVMEAjjUKJ3IX
2020-09-10T16:52:43.504469329Z 321 RjthxEK63wifolYw3OEd98OZr9h0gMjzER2za5fgWP6ZX0Uk1TGlJfIpBrCQ
2020-09-10T16:52:43.605796704Z 322 RMpg8ifBJmeAQWyt7GFn3Dvnxt5gRRVRrW6jghCQnWCzq4j2aeiMyWUOhi34
2020-09-10T16:52:43.707742911Z 323 8JxuS4ZFWjQbfDivTOfzcOzYLNcuZepuK5WLDqlMzTfEGuGC9DOnDnmWZnw1
2020-09-10T16:52:43.808741820Z 324 Ruj9tN3jmDLc6q3Yjt7m6XChadxKPxexAcjH6eZCO5Ruba8L5WmmIdtLPPKZ
2020-09-10T16:52:43.909436745Z 325 0mHYljmFqwhY8whIEe5r23GBU4pB5bw7KaD7oO5disdvkrKxoof9UktPDMz9
2020-09-10T16:52:44.011412407Z 326 zUTBmROwVEvDVLr0w0gZ8CKyznr0T8PP0Mb6Mw84PbTOiLzCOnH2wmhLvQJd
2020-09-10T16:52:44.112080223Z 327 RRxN2aLVAdKq9FuuCQYQZvFiy5mBKmhZqaxLGqXqs4NnijB9nHEq6w7JIG5p
2020-09-10T16:52:44.213397879Z 328 5AX20CdnLZ0kKOA2ZYEkq4FxSE3FrD1P1cqVkrgTOQCNgovnT9tt30tlLWxQ
2020-09-10T16:52:44.314410294Z 329 HzrsIpcpEmMMhPpTTVcnnzchk0wPy53TGdrUcFEz4NX3WG5bOiHc3ljWDmtt
2020-09-10T16:52:44.415225177Z 330 YN2ANoGav9z1rGdmRKR1WOyDXQLKjcUsugitUuqGx7A4inL2hKkOkzSe8boR
2020-09-10T16:52:44.515580497Z 331 VFyjbRBhu7pWf4bt1JCJUIYfKi8ZamzuVfMl4QOmf0w38C7V5WWwDtbwalCM
2020-09-10T16:52:44.616883293Z 332 v5IwybgVbwt3p8yvosswrJA0jqtLED9Vmec9lGh1F0CpP1D1cRKNOvILCKm7
2020-09-10T16:52:44.718827298Z 333 JCxdNCIiCv0JY7SjtCn7Uqjci1sz5RfTtxa9MQEhCOONP5ZDuvNbwtmRO8Cr
2020-09-10T16:52:44.820678259Z 334 S8IHL8g7NHkDG2lKIaRF5UlIamxA8DC6vuE5qQJTwxy4dHoe90sS96AZnkvJ
2020-09-10T16:52:44.922366972Z 335 PKvl3SIZ4rZJaUQn0CW7YOxsVe4JgmMevIH4atslSVe2imF5qlUGN1KNfkpa
2020-09-10T16:52:45.126458022Z 336 OLOX1W7PE0I7AaI58SsW996z4Iq2JbEmHHnZf6bbjIfo2UlGnN8UPAo2cEr7
2020-09-10T16:52:45.192116076Z 337 XHXU7zmH1JnNxJMJM7JCHopkjHNYcUwDdbTiBYpecWdzfcFvp7CxIrxXh7RM
2020-09-10T16:52:45.258674316Z 338 D1acZ1Iq9MTGDJLuUYBWvSYphLz6DWy8mwF85e4miYQrsZlmWKYhjo6F9gRP
2020-09-10T16:52:45.329161352Z 339 134dVWQvjlRMw2a2c8WzLBuoHeLdcockQNEDFaeJaE28X8JIEpsejATj86Us
2020-09-10T16:52:45.430354080Z 340 TZCZitUwmJbtmijt2tO3a9zlvDjnucHfSGss0SI34HCWUjICe82A6qw7JKL6
2020-09-10T16:52:45.531980477Z 341 5qvr0cELIZSE3QY3Ua11FpV6JOe6BBfFLIWr45g74BdYUSIWknqlGd8uHOg6
2020-09-10T16:52:45.633214192Z 342 sW6rW9FTaA1RwdwgRMq2KdqY8Fix3I8XwIVnNrFKASYULlQQOrXEt3kdj6Ss
2020-09-10T16:52:45.734147341Z 343 myUfxedvsnyvj4HjtNhoaEEwethcL539akwqAKaBWSUrFVl4OHJ99p79Tw2R
2020-09-10T16:52:45.836120993Z 344 jBPg8yL6TG3EEYEIWXO5egxSTUDVk6ylaOgdKLkXtlOVwxqm6cP6ZZwg0ypC
2020-09-10T16:52:45.938482636Z 345 SBLDSPVSZAy4qi5GEXzVOdsAJaNtNziA2pSyxsUf5aNynuJYtq4reLSJ2KD7
2020-09-10T16:52:46.040656469Z 346 VgfCPx8m37hToUT74eZ6gD8b3oKTyr6HMb3zqMFNBUUlNzksbtZEZeZJSRyj
2020-09-10T16:52:46.141943792Z 347 tIqPLBGQRetXoQu1zjULIAGJhLtUIEzk20L9liFyKKD0Hv5nMf3SWXwPpU9l
2020-09-10T16:52:46.243169621Z 348 dPrsCW1kqj1XCrMgukfhvlZ0fS37QZhkkwvBZngqNPg6DfWZSUo18t5JbBAB
2020-09-10T16:52:46.344127005Z 349 0diuHmKv5CztSyfiY0az7cjN6YbdsehrzN03V5RpPGgPxPBDrGTrzYFLvu2O
2020-09-10T16:52:46.445064901Z 350 8NIv9KaKlz54yqkAuVYnPU9iH0TK4TW6xtwipBp7qcUZPiFfqiXKdhpRX8kF
2020-09-10T16:52:46.545790126Z 351 1jTOhWG7Gz5VKxBpOE9RtMIyndAHSxfNbYPDjbw1vrrK3cWsh5t2vOAi7wkc
2020-09-10T16:52:46.646880010Z 352 8QBnWAkXBWGNY80ZhUNohYo20f54qslfbXQQ141asoFqoVlXPqruvqtPYp1e
2020-09-10T16:52:46.747866337Z 353 pVanKtzNBysibZpIb5e3Pqutnd4cXaUxjfTnp6YpAhfpscuHsq55f1E9oIF7
2020-09-10T16:52:46.848934131Z 354 QeC1Ubj3N7K7hVO1T7yRSLpBE1BfXeBNr887WQR2WRvGAm1uvKfYcRQ0Kq4B
2020-09-10T16:52:46.950627269Z 355 CqCh3ma17c2sTubbCLtBGDA56fEQBBevb1Gj0shxjWxNlUdYk5NWRdOQ8n23
2020-09-10T16:52:47.050900806Z 356 yYigPRsrv0FuaL9J6ZLpLmYfuOh5wln5ht3XR8X9332SF3t5EWjNLEDthm9o
2020-09-10T16:52:47.153367108Z 357 Z69JoXy4LgBhO8PPpVo00PhcG8myA86vKSeb4sVx1Bw237WThOOOPlOsS2nn
2020-09-10T16:52:47.254932008Z 358 COfiAiduCHPKOPQcmrizd1WaTUvOZ17YeIJOKKKntECn8Um4Hw48madUrWad
2020-09-10T16:52:47.356563048Z 359 lHnpSffJGTNkhaZlPqWCkgYlC2dvfQQ85F9tuQWwoiLHQmOpAuasD0eLu91C
2020-09-10T16:52:47.457930847Z 360 0hTkQalwkvh3o2FvTme7DtAR8tClSCVwyDmSdF40T7dej3eAESGI3e2AHdzD
2020-09-10T16:52:47.559333083Z 361 Rd1yCYTFqsdPafY1EkwkIr7bdICrPhl3HpbofV6qHNmYWomFSGsh2NgvgRqz
2020-09-10T16:52:47.660879886Z 362 eWbFKYen4DeMvgyPscpJtmBguqkMt3JHVEIuSy0iT1aJ5H2F5KprSmmBBKI9
2020-09-10T16:52:47.761098312Z 363 M84KAjhRlr0giDw6ehckFbiptNGKJCjBILH3buJkIRr93li1wsqtu65hCY0v
2020-09-10T16:52:47.862079399Z 364 pnLed9vyIDlNXAawPIhlOD73PF4kWG6wlZY3jVqbUSjxWItYzg0WcRn0704m
2020-09-10T16:52:47.962415173Z 365 DjnoP8JeHT1LbG4yRC7TPyi2tojhlIW6xgGSX5CaW6dxHashj1ay8xiNe3Io
2020-09-10T16:52:48.063344514Z 366 DbwxQKrrN9IQhKlLJvsEIkM8MXtGIzjBGTawU2a3PviN8Nop9xRb1jJSnYO1
2020-09-10T16:52:48.164288749Z 367 L4L8bUm4cYmqfl4Lyl2k7h4AQsoT6ZhZaTE0h8B6rwufLITJZ1l4sDsMJe78
2020-09-10T16:52:48.265646734Z 368 X3N9pIcRZJizx9SrKzaAISPgfnpLXOKPiG43JvrASKo4ta9CQQBLCEwDmzIa
2020-09-10T16:52:48.367539448Z 369 oOCDmGJFsdhIe6xRY2npaLFmlD8NyIt4qIZA4EDVsY84rGaAOmCfFz94ZXoE
2020-09-10T16:52:48.469507567Z 370 hkYyYTra1KxdegjjbqWQaDgBTLwaNjjRQnhD9gaLYvcjNZhZeBTXSP4mj9A5
2020-09-10T16:52:48.569723440Z 371 RIDyK6ZLGTpkWx9iBgkWK8T3Va83tNBRfh29eu1PlbP388f0yJFNRb2WqCJX
2020-09-10T16:52:48.671275144Z 372 oPIk6hcqbDv23UlGSTK1xxLATXpGzvt9bh7SFgGHcYwgdfbWTG9sj74J29t4
2020-09-10T16:52:48.772495318Z 373 8wYxzXgZIoGj02fLGfaMpUIlMK4TtT1kFkOpLUg4pqYmKsrbSEFK5XaKXGNl
2020-09-10T16:52:48.875209967Z 374 DSpHynLr1HXpicd1mDNHClyBAp32AxevmhVuUui1jzFBTSmJjq12XSHJHlH4
2020-09-10T16:52:48.976158961Z 375 QqXPi60WTCC1dTEcrLdeUrqUbmAqAK9P1SChWeCVVwgbnTtlX24QzoADjgFu
2020-09-10T16:52:49.077718408Z 376 t0tCp0gmmIWYNGXjMI7u0kNHrOsOhBxb3gw49eUl3y2CPBri7c6GRs8NtZDL
2020-09-10T16:52:49.178604390Z 377 nVGmBtVGPuN88OGIxBm1LgysFNvW6WW9JmmVJduHJvKYvti68FIPlfByBjb5
2020-09-10T16:52:49.280659900Z 378 dk5uuR1AhY9gcv7dwca7Xdq2OM5wI2K3p5JrZCOb5uwTExTPpvQpTYPAUDNl
2020-09-10T16:52:49.380947038Z 379 jiowfiBjPVlBfaFk90QJxt2ogc7LEQY7A6YsOSwqjofe4cilBfKJXeifAcsH
2020-09-10T16:52:49.482675921Z 380 BNCRlhSbbUS3tdcdfEDgQSgdPEex6hXsLcy5uxhoR59lTkovr7aJXv0WzUw4
2020-09-10T16:52:49.582890562Z 381 skKtFvTVukXH0sEhv30slsLmnuuzCzpAvL5hc3v1lJbwLKzFOPPb2LnpoUWf
2020-09-10T16:52:49.684839514Z 382 pMdo99AgVq0xxOtp5R67PQdq3VNTq2pACZVkAde3Za3761RLLNCWoGEqeMeH
2020-09-10T16:52:49.786171493Z 383 a5oqAmz07UGxid7aUBEM1lMYuJ1vxXAtFloZUs5bGkswCTY1uyzNjIJssE3q
2020-09-10T16:52:49.888085702Z 384 NPmlYEOx0hkmUr0KQ5pLpKsQLgec08ymoaYdT07isx93qandrG3q1EZhBIjY
2020-09-10T16:52:49.989837125Z 385 jJ5VmZH6Wuzg3Zk2iRRGnao34MHlP96etDarSBynUJOjgo0SCrOtXmnJs5AS
2020-09-10T16:52:50.090665686Z 386 5Yq20dBNJ0odDY6m8fsESVB5atR2cdx5SIXXr7alrGIi7ZToVdh9sBDYFLeS
2020-09-10T16:52:50.276281842Z 387 LIIDWdx1Wv10R9yHXsTWMF2adTkYUbbDU3T1f5x0VOQbj761EZkGhaX1O3sS
2020-09-10T16:52:50.344662673Z 388 WCV8vlzcOMYCh3dvWM0KVGFfFMmG0aOmTC2dUfQvgtMHsZrdn7zRd1ej9Hz5
2020-09-10T16:52:50.411361688Z 389 rh4iE9hIaWZNfYFVbNctv4PrTsBXuE8iUdiy9H9UqAmXdFVvz1L96zFlcmlN
2020-09-10T16:52:50.495777663Z 390 NbJLROcATwrOMyjZCum3evM6jVtRvPjL8gdyjMKNGmF7JPjX8dNLHf1Llxxo
2020-09-10T16:52:50.597855256Z 391 l1A8yEyP8iS4Qa98PmXTAf33Aiu6iOwjSR7hTj0KqAoBo3LcnGl3X3xSl7ZT
2020-09-10T16:52:50.800130642Z 392 taHOzgq6E4VCQOds4XB2PiBk1rgstWQfmcxlh5Wg3ezeJpjrH6sm8yJp7Vix
2020-09-10T16:52:50.864998550Z 393 1yDnNJ8dcX6r7crXJnqifTzpXEdgiTydwrKEnTWPlJrZftUeK7WNaTfDdjdB
2020-09-10T16:52:50.931508847Z 394 YSBhGRVfBKJkpMMoUQI8u7xoyXHX3WPdQrugaNXk0O195SenP0XMz1islAxL
2020-09-10T16:52:51.002860887Z 395 YYQKclRLlCuqPMz1gBn81ZBC2HjfnD8sM1ptQYULFvQeKA4DzUCXbZM0TGNL
2020-09-10T16:52:51.103924646Z 396 rsARA6nUUhyDu4HrToRq19YTQbbm8VYmzHveSS3cFAJlbiMNewLSXkgqebAq
2020-09-10T16:52:51.204508596Z 397 6qIqQ3wfgZpzOUqFnR0qq6QfvDrTGTcTR01ccR6baNCGR8iJelog9ukoOHHk
2020-09-10T16:52:51.306952295Z 398 UJbWTLRtewdTeWLdr3JcQhTAvMGGyvvZja6tTtKqUiWkJIJe9I62ZIDr54oa
2020-09-10T16:52:51.408756988Z 399 JxAMkkv333Srf2czbFPkIbo4P5MAu1kREhxQvBTfVeNXqvyT7lTP2l4OOSH2
2020-09-10T16:52:51.510585505Z 400 XHpAExPaVhQmq2IjaIb073EtBzWWRlmFtcwbKOsrdPR4j50Roy1CE2qwQ5p9
2020-09-10T16:52:51.612277752Z 401 sKTrLLtHZAUPRQ8p7HnDACtsS5cMN9ojgxnEbMKk4CR4azp4JDp6RJQf93v8
2020-09-10T16:52:51.713108603Z 402 URAtdfXtYaDGii73ziRXp07bbDY4GaDUB3gxE3OvorcFkGOctVZD9LYG3R4c
2020-09-10T16:52:51.814380036Z 403 MYA74dwl5DtcSC4WMJ2EpNEvcdsiKldJ2qTOTKZQKygkgyaDe0NRddwuLYQb
2020-09-10T16:52:51.914944023Z 404 jd9LWUE09aOYKWHe4QY3KmWoO1Uqmy9Ji44yYna7ZW5PstYeceGvNJ6bXu7c
2020-09-10T16:52:52.017283970Z 405 7Q9Kxzadp8P7o8nV7Nzwz3YuXY5KqBVr2wS82tnzh6CQGX2sdxDE9VCQLBSo
2020-09-10T16:52:52.118383518Z 406 vP7RpWJkUaAYo4WxS2p7KK9YTL0e4988ZnlX25nMLvbKZGgz8K6kNwDDLOcA
2020-09-10T16:52:52.219635808Z 407 VFeYy3rt721pvWfnETOcZmORY9msOmRBaX6D8xtxHEHOLJAmcYUzemeCjyBJ
2020-09-10T16:52:52.320603486Z 408 Rnu8QBRdz82GslLE6ci0oiA6ZxckTpExA1DiVztXsgV4dSPz2fQSdx1WYI73
2020-09-10T16:52:52.421022198Z 409 OM3pzcjZCsfLD9sRtCUJAdpLBR6IQfQnNJnX8qtFLvj0ucIooy5XeQpkfynK
2020-09-10T16:52:52.522181034Z 410 lwyRUP3aJdZIEmBnoxUXl9cSzMEC13ox9pNfOvBcG4BahHh3HEj4uTTmqVsL
2020-09-10T16:52:52.622709663Z 411 Wbi2lSTiMcyYN5wQphqNUqd6l4az5zuqozfk3UeU0nUZopGDMxiyFN4TiEcj
2020-09-10T16:52:52.723905910Z 412 ppz83KJwl4fQQXes7BKb0js7vYsvOEbRYIsXlJegXwRx02TzEa7p58V6ZjLf
2020-09-10T16:52:52.825447119Z 413 eBkdKBmWev3ITbOtZQa0YqK7XNkKQBHwsb02GDBWIozGfqieFqyDFyeogI6P
2020-09-10T16:52:52.927776757Z 414 IsscjTNwTWDf0j6T1FEE3xG5DkLbJ1bwwRuD1ecDlyvgwb5NnGh4xuAc342t
2020-09-10T16:52:53.030237260Z 415 PeBdSpWSXoMqMJ5Jw5Ge8PF4O3TDcCQPksT533TDAtlWKv6ouvE4gv7s4qwa
2020-09-10T16:52:53.131106399Z 416 qCEhUXwYPN4eA55ERg9oL6fdAUFZEt5KC5Nf8smSOsW4sfTp6gZtMcRNNC1E
2020-09-10T16:52:53.233023057Z 417 r4ORr6D1xzkA3y7iLnDk7pZ7GW2BdyVpOT4tKQoXPLV6uCtEJHJHftJVM61K
2020-09-10T16:52:53.334417173Z 418 X4in9HawSN5ikjsLRFckoPFDUVAzuogGDGtx34iSttYhaAtVPa8eg8MKtX2U
2020-09-10T16:52:53.435223034Z 419 On0ndtpIbTHwkTCUM64BG1NbD0Tc0wrTNnwHv6pN6mCCqPLp9XZ32HD9FPcx
2020-09-10T16:52:53.538291948Z 420 9AOLkNR7KAM78ycLsLGC08Q4sq9O9PYGTWs32xP6kKqMRpga11wiWvhA5Hzk
2020-09-10T16:52:53.638686710Z 421 peL6EqoWdAj4kjqw18ymQ6Ac5k3KOzljpiDSoG0ywgEEdRVZw3XnzAmDBagv
2020-09-10T16:52:53.739645682Z 422 Q5UkBJ1Lci0Yx9dpXBYoQRttfW5WCED1x9rvgJYvK71AkABXledEI0JP57Jm
2020-09-10T16:52:53.841280563Z 423 APDTwPIBWygchjm9Zxp6KXFHjP8vruxQgWXICEBdbTxU72tljB16a916g5yE
2020-09-10T16:52:53.942400759Z 424 MlP8dvH9c9YoB8IpWvTKVxjtm4BWi0gaHR2igemcixCHr7rNQzgLgPS38for
2020-09-10T16:52:54.044071234Z 425 9lq9WLZKGSuIiJ67J1595FdJMEakuSbSOw1qoSKIyDDIqV3BQIWHcBCcSzy0
2020-09-10T16:52:54.145088243Z 426 oA8g0NnxDwc7AFMFzRLZGAhGvURUqJkBKGw2OrXIkRBJsGTBwfnKsAPtts6j
2020-09-10T16:52:54.245750766Z 427 en9TxfgFAVxxKw6ewofZspF5yPwDDOetulPKKvFGqdYi8RvXkl4SJMHJvvHA
2020-09-10T16:52:54.346864212Z 428 UPHpg1i2MUWExtALycTsnaVcei7zOADU9TyuzrCxyF3E3I94qcI3tYHVwTgP
2020-09-10T16:52:54.448617712Z 429 cF1S4v37E11HHmuJqA2x08DYxEkmRisK20DLBH3qK2F5CqXokLSHmcuS4Rfh
2020-09-10T16:52:54.550126240Z 430 Yn5hkU62mwKk1M1qIIVxAtCNDBI4v87d9AgXEqVYBLhD4bu9w31pcDlIfSAM
2020-09-10T16:52:54.652197542Z 431 r1PuDwctHS5Wd4gX9hq1UwT0SOGiJjSwXU0E9hdktLUfaSaJTJWXhVQwd1N2
2020-09-10T16:52:54.753885878Z 432 19OmlXUiZSmEEuV5AADak8CUh2wOFg05dw8KcQrJwTPv2lxBmGX9cnrHUXP0
2020-09-10T16:52:54.853753380Z 433 RAJpfRZBOvjVDodo7kjmxLaiy4egADRhkAe2XI1JdnIQ5IDqSs5y6XOIurFK
2020-09-10T16:52:54.955194039Z 434 9C0W1ITKxFU8Dvb3mstcYxucPEsQaS4TkvP3fRov0m3nrvWyh1AOBX7IUJPe
2020-09-10T16:52:55.057392057Z 435 JSUIkSF6vXWxLjsAL91nPjvt4g7I5d3MZxP1xweG7oJuC6ySh3d745v7T9y0
2020-09-10T16:52:55.158489534Z 436 zZxawA3qGn3eA4mT71jph1MzWnTwMqmq4XmsXN50Q6TCy1C5ZiSxUQsq44yY
2020-09-10T16:52:55.259920775Z 437 C4GQR3Oy3dZdk7Jljjj21bukchG5hAc6kSOv8eYSBsl7luOemdk9yiWgfLv3
2020-09-10T16:52:55.361230691Z 438 MkR4pnAkDfxOJRI04ChosuPkyVwEbc5M09XuFBj9KlGKkXR944ZAAs88HbAW
2020-09-10T16:52:55.463337739Z 439 MpNsRehGxnWc6kXAow0AqljyJHlEVoWpxFX0M00TRP8h7nre1nCLijFW3BaV
2020-09-10T16:52:55.564593177Z 440 yqY49rHcKTbcjVmoAkp8BMoe3eAoE3jEpqBSjQx4QyGiabviiv9vCs4p60h1
2020-09-10T16:52:55.665182970Z 441 YaZgQDnNg3MN4fqQosqmrug597ClzlFipgaz8hn3L6IXN8bpsXX18po04jso
2020-09-10T16:52:55.765585061Z 442 HgzXlT6s35FJWnvGsUkVdgh5pRCkje8aLW0Gynr6tG5fUoEZX0pTzjnzeN8p
2020-09-10T16:52:55.867126235Z 443 kXdlwokPdLqS9ylN6dGnWBkMrwwRLwl5BPC29DKR8Hpveh1u2AwbQov0E0dI
2020-09-10T16:52:55.968655096Z 444 dTGoayBvtpzEX9PQB8gTEy6SjhHSaqegywdw0erokvUpHUsdbNORHcVgnkI9
2020-09-10T16:52:56.069981390Z 445 UMYqCMBbpqMuwHnGtQxu7jL3DFmYTjIALsb0ocoY4OTWYqNkCgi2jFlRmWOk
2020-09-10T16:52:56.170973470Z 446 ndAEvnX03Qu8omMUH6wzxJkLKZ7Z0OJn9IKpfcYhkChTWsXjfy3GEKDDhxTM
2020-09-10T16:52:56.272560262Z 447 eqVyRLIWZv1OKjmbushL65uJGCMWEAT4scJA0g6LcaqWKcojzREcSzcauUhu
2020-09-10T16:52:56.475186033Z 448 zgdnZeJ90fhTVBi0utNZKr0ydxWHEEVtPPYXyEKOP0w9AS1gA1eoyZuyTiw2
2020-09-10T16:52:56.542063936Z 449 3493OTvtaNfW0PNONvd29ZfpI8DvLrhnUmtJjf8YFj0utXtTLWTpFKwDiQuF
2020-09-10T16:52:56.607256475Z 450 JVU9ImTbGxghKVpPMOgn9nWzcREfm8GAAjZ3DX1v0TQM9OLPmyk9586NsESo
2020-09-10T16:52:56.677185999Z 451 rpqPPHLOsysLbq80KscQSZKcwTNPnTvMtwS8TCwmtfnifdHnllrBC5b0JRR6
2020-09-10T16:52:56.777569457Z 452 iovClczT2jK3trlgzcPwaFWISWMyqcSIqFeJA4UqX5AQfTCiPQCDO1zw2tHr
2020-09-10T16:52:56.879177427Z 453 T443h0sdOXppERPjm4hKD7F7CKsW0dKbSkqlfaeH6cfGPzWl4Ji2RCx1ZDw2
2020-09-10T16:52:56.980425249Z 454 QOETO7VVjRsHpiwSGzHFnO6KyCLHDCjb39euJmqLb2N56m84QwqygkYzC46Z
2020-09-10T16:52:57.082846421Z 455 sz5uar5lZrx3nQT1GDq1lXr7OWcEu8qNZWQ4SoajhYgixqod25lwbKnWYw2F
2020-09-10T16:52:57.183021057Z 456 2N4uDTf2mnavgMDmdrSKIyu4APCQAePuaMRkNI5m08wGpQUDHLf49HWc44Oo
2020-09-10T16:52:57.284557323Z 457 UuI3bOINes2iDQJ3Do6hqgedvQ8homoZHul2TUOKc0skMYB2FdbxMr1Y0Q0N
2020-09-10T16:52:57.385987845Z 458 scSdzz0W66SwxLvEpdrsbdDcyGAoZsbV1PdAnRtSLNuAOTUfyVm3VAEqK8qN
2020-09-10T16:52:57.487793754Z 459 qLRL6kf8LEUls61OtLqrVUMvuoWYcdWjeudEG2QBLecZjGXbECnD5LnJqFeR
2020-09-10T16:52:57.589422055Z 460 J6UXRppRe9IGudGW21h7SzxR0PeGAaBpRxdHnPgIeyasCyUXIU9c7OIZX4vA
2020-09-10T16:52:57.690947058Z 461 99YUZC2xrSOcUaFxYLfEOFXSgNSAu5X516WtxLZVPcf07OThFpRrBLP9O8H2
2020-09-10T16:52:57.791944939Z 462 YQudXutncw7R9rbrraC1rS9a8EEn5CL9rpMGLg3YbBVcBe8NofQEQQiIpR6u
2020-09-10T16:52:57.893692623Z 463 LPw7m9LkJ6Uu2x7axzGFgGpbgEnKlXXEYCMZEExJIivzWnNvSNQHwfrw0MR6
2020-09-10T16:52:57.994245430Z 464 Myg6aulbCxV0tbhR9IARidoeynEkKI5j4ud6YQie6VY8RL1Uy8KaZH3biyPv
2020-09-10T16:52:58.095176691Z 465 f7Sb1B2jhQd742nHtZxemrsD4kIu3eWh0PF0cXOTF7WzLMQa3npPMi0wqgYx
2020-09-10T16:52:58.196834573Z 466 L3UYMmUNpWGKif9xpcn6RSMfMSVfMZBJSYZnvvQW0jVzxTtomdtPwScPqIRM
2020-09-10T16:52:58.298190599Z 467 4ECiuq9gtgVwkFTR9TAXr04h17nSRgOZSIBBjRhwgI0g2xpcspSNBL9o7Xuc
2020-09-10T16:52:58.400942206Z 468 73XLBGUXWWtVVcPn8tLAurydTS52OcwTtawagU2P9eCN9cIy7Nq04mlzhImO
2020-09-10T16:52:58.502342695Z 469 5XpAjuq4SampuNPOqS1cveY5FN9YEZmHfK6kF9imdSbK0gqMYKyI91Z7c30x
2020-09-10T16:52:58.602948563Z 470 QdhSg01rfA1qNZkZxol07BFa8CQg2eQaOYMqCaBhYC9cJM6lNhyD7cEXn16E
2020-09-10T16:52:58.704585904Z 471 lPDJ6uEzbKYnUHiuCB3QsZaGyK4IT6kETHyfcyh72sLTNxcNT5f1lKNktk2x
2020-09-10T16:52:58.805866535Z 472 73gk9QZtLGyji4oN5fVijm4Id51Cqrj8e9Njq21nRFGMw5Brq9eFXsdvz7L9
2020-09-10T16:52:58.908371595Z 473 GmH3gOGgvk6sYWnDbfXDZ2UUteRoD5nEhJIYlSCZVrC82POqGkXcGcf5m7Wb
2020-09-10T16:52:59.009350200Z 474 S7E0QVpiguUOXvtRKftm7NbDRTdwNG7x9mWvQNcNQqCx8UoZq0wbfRdyOfok
2020-09-10T16:52:59.109950341Z 475 QQvgOh3qpEvnS4UCso4orL3xUgXktQXmpsVNCaRMRaRkHw7WTKShxwmIcJbc
2020-09-10T16:52:59.211473032Z 476 4N1Kkn6zoHqVPtvCSUgXHbteIsZqHY850LcfyMR1gtwyi2OHGqShkFDiUrfS
2020-09-10T16:52:59.312687379Z 477 nOMac4xERulB8BZRq1a7DhFBgcWa1oLXecoiXIrVzbN62Cbz6E1F7Am3nKUI
2020-09-10T16:52:59.415085719Z 478 rQxlIK0PqSdtsR3tIIllz6mlfJHRrL43w0izUKHSFV88HkMVpQY0vMdpNwsg
2020-09-10T16:52:59.516889405Z 479 6xMkUd7SUoR7ioWp3UcmIF9q0cOCNQ8uOKE4teZc1kdnSWg4MI35vqef5jX1
2020-09-10T16:52:59.618080936Z 480 CpH8XTRNUrnpdchLQdu4lGr3CLDwqSeXCBFytosbGd2MLjsoUI6tb0TW3qu3
2020-09-10T16:52:59.718346923Z 481 XgkTiWPWSPtYQndKemgdi8vxAP6wOb3orlAKmzhaJDfELEN8Ax5xLrYUYylg
2020-09-10T16:52:59.820398704Z 482 sEjvZkfzc37AFaRwVdazLp17RWwO7x07tTZq6ZNOo9ymBWttGlLF2YwcpBzK
2020-09-10T16:52:59.921806793Z 483 7eX9CzTK1E8hKMizrjIVg8iQkOpxT7hbu5rVvgEhzUD104lCXzy4s71JW74C
2020-09-10T16:53:00.021902199Z 484 7Yv6JugO2dgzXTwY2Jkgx3p5r3CGId0N1Rh0noCboDIZiHCX6mac0QekiNdw
2020-09-10T16:53:00.123685811Z 485 WOjDbB9yNfc6cxYhyIhkSpfda5BvcOVw9WLJ7FIdeFqGPP0tolUdA9NxMWey
2020-09-10T16:53:00.225914176Z 486 p8WkCKLpfMmNPt4A31QU5ibCIybAquDhkNfFLOcDiIpzlCdT0QD3XdcZczEW
2020-09-10T16:53:00.327665743Z 487 lQuoUL1awIP4e0thy5wnSGnbAl2fVk4hvG3NJbwaM7fTACxP4OyYGJFb71sy
2020-09-10T16:53:00.428070442Z 488 byNSJFNFmbu6PiEKs3zdETuQX2Us7snOsZy9Sv5IdN6qWNit6OXDBxCqooXs
2020-09-10T16:53:00.529539294Z 489 7PtxEsli6vbywNMDsbz19pBEahZwDLQmn0nxXff1T9NuYDynCsdhc2A7NOTL
2020-09-10T16:53:00.631115564Z 490 02nTd2uBisxvtJPNe9VfzgEeBpA5OpnvVhY7pOAzvDIjwtGi7xep5Ug4kYSi
2020-09-10T16:53:00.732599393Z 491 KHxHNaq9vm5LmITP5paFhL007111aHiKO3nSLthv2zevDgBxX5aC4SQgc1VK
2020-09-10T16:53:00.833698091Z 492 YCdxBTEhuEeTEMZj5XUxW0mNNrxymJvN2cesOeQCiUTWhS2hOrJ1egwCpR9P
2020-09-10T16:53:00.934423628Z 493 iy9wHENhc1MKNVStBfFwjzjcNjDCA3R2VD5Qu7Of7yyulUOBRwVoICdDNHsv
2020-09-10T16:53:01.035678176Z 494 3JBPRZtdXpw7Y5mzLtJ7mcb5xUwPH496QO3CC2m9ffbGrtdZWx3kKruF0VBm
2020-09-10T16:53:01.137001253Z 495 lGT4j2hkOWxQcDqKEzd0GJgVzJJqeJrK67rbE0s6fp56zFBGOmJc8Y4z5wpG
2020-09-10T16:53:01.237857852Z 496 55uIVVv26fgfPMqjApewYTX1ilQmWmkcVjQgo3UXkxrwhxdkLEdvRZZzObHZ
2020-09-10T16:53:01.339530715Z 497 FWZBbDXNXq46aSS7UkyVKiQbfY9AEnF19SIgbThydczZWjYFcjKQpFzopaj6
2020-09-10T16:53:01.441068757Z 498 2Gw5ckg6o0l9nL7JeIH4Pt9SHL6STLgeOcZpSGGjbiE1xpYY1bgNJz6WsL4V
2020-09-10T16:53:01.542367455Z 499 wxHlQz4eWJwlpw3lBYv8FMXPpY0e2RSTliu10dlEoR6jVsBee7qSFZXMHWWo
2020-09-10T16:53:01.644574020Z 500 oZTUQ2ahtY9EEUcni2fM7A1pltQI9xz9EkE4QqU8ezzvqZE1RgEiiuzwGrPO
2020-09-10T16:53:01.746246957Z 501 TRVwllnW3Tv6cLHB4eIoLGNcAkm5XT0H2lJ4ntwTlfaO8rjYgTM15pWBKVQc
2020-09-10T16:53:01.847650433Z 502 9HJuE6t4oPwdRlW2b7hXsGnrBP0brHKK6bwEUfHHmrXGzQ8ssrWj1ITSm8gQ
2020-09-10T16:53:01.949142826Z 503 JG1HQsvZZ9Sbz2DOE7tBbClvoph4M2Kln6QIMjsHlhMPwhv5BmJ73ZPdUGh2
2020-09-10T16:53:02.150468077Z 504 QbeHwkgorBj8zuHs6ABGrC6G8cULqNV6J7B6dtrwLxVWbbHrHkOlcyB6zWpr
2020-09-10T16:53:02.215312505Z 505 zFt5nISW3xjxFg0UvPuWI6PqROpN28rKnN1vkHELrmaWGLpZpgGzvgXp3g2H
2020-09-10T16:53:02.280502548Z 506 xcpSU24Xtj91Lv3DNUNg2VfvcD789s99sf0pTJE7JchaiAb4mcPmaq26f8hD
2020-09-10T16:53:02.352595563Z 507 wIOU7MVfek78XKiPthVmQbiz6nS07mMfX4xMdbrNu2uJkQBfUJeizRlkZufe
2020-09-10T16:53:02.455370685Z 508 KZQybzbfqOqpAQ2JvBc9JcQoLAm7NopGQ1KNaNzv79RaNq5cjydgvwGVsl1B
2020-09-10T16:53:02.555150159Z 509 NGUBQEchGjZR5E9kJA5UvgmUOLlt4FBy57nQhyODucFaBYPVD1YlYXWiQKaA
2020-09-10T16:53:02.655871902Z 510 3of4SrBGnXefTVrWRwriNqmNE9AY3NSjpDpfQXciJuVNomPl4t5IWNxKfmK7
2020-09-10T16:53:02.756984979Z 511 IrNqi922PoYlIPOlAkfzV8g4bYZVGqRrcmyE1I4iRUihWrz7gzFVlLLeQ2td
2020-09-10T16:53:02.859624670Z 512 rHGwIVmebHQy1sDLAGqDp1je4mo1Up682popjdVnnuxP1iGi8W2UApRYJUDI
2020-09-10T16:53:02.961176454Z 513 nGDgJdZre48v6n72KEenDCu8tuk11Wky1Cq9zPyGB4rW7kUmYf2j9GsgZJbS
2020-09-10T16:53:03.062359680Z 514 DOZn0uzRtOqmXkkTDcQYOdRhf9oU9xqwfKRu49jeZIth7uMfjs7PDbtxpuGx
2020-09-10T16:53:03.162491093Z 515 hq778o5NmjJPO8uLKta6LY6TnvKP4NWYkYlYmh5yncZQwrW3dxdEmdXsGxq2
2020-09-10T16:53:03.264472016Z 516 gbEC1Ei08qm053UTAS1Ov2om62x6yripW6X9WBU7mfBgQDKyZPykX8o23WLs
2020-09-10T16:53:03.365729374Z 517 njeVmQLU5fRJqpaQy8I1mKnwQXVFOXJB2WTijusrbMNBjGrVB5szERhpOXM8
2020-09-10T16:53:03.466969655Z 518 YGojpP2rvvawxXtsoWRgc8sqAGOPwzp4OmHuObtxo6yKubA3AMjoBnglLqSL
2020-09-10T16:53:03.568644113Z 519 jMHE1xDfhOkRqFIqZZy7rRGrI90DPTz29IwCxGIGqtdTHbeZTTi0lqSiqYxo
2020-09-10T16:53:03.671032494Z 520 H9IXw7uuS1wI7xoAa1IoObO9UrA9yjK168zbGji1EfDrDfQtEhoPCCtMcokh
2020-09-10T16:53:03.772314040Z 521 Y922hmKqZct3YfKArE5XplLjGcAWXJ0c7ixGBLDK3q7CTwhonA28opVxehQq
2020-09-10T16:53:03.873338901Z 522 rUtFrRxWf17LmmmSZJqKgGMj3synKSrLXpfuYIOFqokYim50gVAWkHwcnsYw
2020-09-10T16:53:03.974387753Z 523 XuhZADiVDVpLWmP8Ov35uDlcqtZQ4S8sHefZew9VxuJ77nyusMgFpXBuuRzR
2020-09-10T16:53:04.075509862Z 524 o47j2T8OYpi1c0KT9Bxjt0B90BeJ6RLsHKv7iRtgHTgYW6wC0QApmJFN4MHy
2020-09-10T16:53:04.176426502Z 525 SqNtjCo0hZj8L0Ij4QkMP19UmBvwdpCIkjvkZ0SiPnNxJ3fvLjSoXE9JApdz
2020-09-10T16:53:04.277940687Z 526 AWxEiLp4NfOwUHuP7iBqw0v2egQuFyv4kz5chB056xaqCOW1gVX4eEfo66Ni
2020-09-10T16:53:04.378329270Z 527 2AhgmiPSAoGJ7rgsJTYwBsDOtxFcw0eCdLTirxmQnPUeSmJc7AcGDCGwDiHn
2020-09-10T16:53:04.479826040Z 528 nDnVDFyqBkBUYuGzrMb6AmoCoykQMve0fGgu2u9UuLoOXAKdvkctSwZRWifW
2020-09-10T16:53:04.580017764Z 529 ph76UFjuDIZXLK4mVGCxr3UWoC16PE9erJtzup6ySj4XMdpFhzHVzhlMlXh4
2020-09-10T16:53:04.681074537Z 530 3Bbjw3Srlu0M598UugjkwOzQieYCG7qe8LhNg8vDtgLqQBpNPFcX6DspH6oJ
2020-09-10T16:53:04.782216114Z 531 Rcj6x8YYXnhAWFWYvS3OUWO467h5BKJkCDp3Qx1UxqOnxT0W0llL2tw0PhAA
2020-09-10T16:53:04.883259059Z 532 izEA0eyNMbEuXzylcyO1kmGTQznphoaPyPfzjejM69WD7HIGBLRJsvUjSZve
2020-09-10T16:53:04.984966278Z 533 dAEGH03DiLWoVVXjoHbNMHgDuJ8FGouivk117aShAQpR7ezBNRxhPvxS0QyD
2020-09-10T16:53:05.085982984Z 534 n7fFUqm6SNOHqunpifaCymfAAPteifhaAjfADQ1Wq7a5KXopZCEG3KvKLoaX
2020-09-10T16:53:05.187750285Z 535 xAKWCFxvQhB3sMLYN3BnJ7pJl01yC4cwuES1jUgGmyGWE6q9hpdxjGdwt85B
2020-09-10T16:53:05.287709791Z 536 14dwH50tOt1jbcZmGRKRTNV6QwV8W9CSLI3W9nt5ejMK8w9Eb6e2r8TpU1a4
2020-09-10T16:53:05.388988549Z 537 DfCaCAZFVDMyGrz6C4e5cc2QyjCoM8DP5Bu4mQZsvcoAXyVKWl9z7IZrCO2X
2020-09-10T16:53:05.489739533Z 538 WsiYszjWFGwgifzgRzTHN5ICj2iYsg4rbcu7gJBk0l9tbAuX4RPVc5Y5Qhc3
2020-09-10T16:53:05.594383350Z 539 vwvoME5IaPkeu999MPOYBEfJ5xRgwhWSI3A2OalGs2qc9Nv6eJt8ONa5mwG8
2020-09-10T16:53:05.693862750Z 540 spamhy7pngHC4QHhpWmg9lDoSoove4DMJsvhk3dQC8aXawyaBbWUVaJ7WHzK
2020-09-10T16:53:05.794659851Z 541 GAjKZBMEBdEopuXyPK9bB7HchYR5aYR5M40JCsQiERiXiFVZYeCP2f66u8bz
2020-09-10T16:53:05.895824046Z 542 1vWywxVjrzIooE3OY76lKEjKdRwi4CWjoULBuPsMzGlm2CcrVwgztO85c619
2020-09-10T16:53:05.997905178Z 543 wbINsBPAGKqmYzVbKdfrGfYR2M97lO0rS5MkXKmotgTTojitc1Xq4qpOlRsT
2020-09-10T16:53:06.098313668Z 544 r3vkLf9rcyXvJDxULl3QhrlowSghQ9MOeml6lbjyMDGp0UfXn9WKWxMqYd2g
2020-09-10T16:53:06.199998082Z 545 FaD8syIRpG5q1OVSNcB5N5ga8a7l0VShOQYNkTZ6Ym6laQLy5o9C5qtSxVyt
2020-09-10T16:53:06.302457763Z 546 rP8CeDPabQffVkpZrWmxSSfHJScXbKhxCrpvBNNltsnj2sZUnHwBhjn6jpkX
2020-09-10T16:53:06.403143658Z 547 NgQ3mnQkb9R4LxL70InppjR7syDyrfGCHj19IoR4eUpAIMbXMoslRsQYw6DG
2020-09-10T16:53:06.504993545Z 548 W90C1Zv6743RYbSXG9fChvPR2ZSpZtvle1wpvVSxix9ruRYyabng5TVramzG
2020-09-10T16:53:06.606257634Z 549 o0zp3kwTzBQ0w1GiJ6PsvchgakcfL9AWiv3JTRzIu2qgW9iP1189ie6d3SLL
2020-09-10T16:53:06.707142277Z 550 eMhrQs3azX8R4bz9fQdCPcVgI8vtrf05LRg3KOegCFwlbimdVkCYmkyJMRdw
2020-09-10T16:53:06.808614995Z 551 Zaiu6WiwouHl6rqZqqCKlknqE1Ou2kadlKBwj4jQISw7TgMrHWbYQcmtczGr
2020-09-10T16:53:06.910566818Z 552 Zj8f2FalobbnN7FB7wCewAt7A4wA0SJsTSSGvz06AFPNisltbYaYhRAyOcnK
2020-09-10T16:53:07.012487733Z 553 tySWFLAa8KbOAGen5yVCxu2sq4K11NLXPKw2VWG81fwDea5P1RaqGbsDZyUx
2020-09-10T16:53:07.114153102Z 554 Bnwl6W7kP1aL9p7dRLfNM2gZWkYn6oOqP5qtF75uOTtVFRjcoZuLjPp8B8BJ
2020-09-10T16:53:07.215381073Z 555 mFIhxlEGLLKsmh0ett8kV70T884CnAZw8DLwn0U5cdZ4ImyLXRy4LRI7NVrh
2020-09-10T16:53:07.316254847Z 556 Hk2f3QiRNX4TOuEgfiCEXf5wu4jF8aonQvLVg6qpM1BDvPSRaTo2WZQFGAb4
2020-09-10T16:53:07.417978461Z 557 qEvhI1spajkaGJSVnzKXeDE4iqejUdNTYGiQVCmBMPtmaqBVkvvV0iEtl9wP
2020-09-10T16:53:07.519883574Z 558 w9gj1wkJMZzEsxH2EaB2zcTW6aezsx1oHag1Hi1UKxKxEdyt8kj81DsDHQOV
2020-09-10T16:53:07.620404898Z 559 il9vtj7SQmkMsSNZUa0vAQ0ujpv5OgrzUUPE0HpnaN6whlWtfrCWHof9bfs1
2020-09-10T16:53:07.822603842Z 560 WpS3rhkWndPv4Od5NYEFLBWcEhMf1FYRTzFOR8ZC7KELxN4FiT8ZsthUcXuI
2020-09-10T16:53:07.885678841Z 561 LKPZDo3oirVTkO90W6nBi5LYFEHPgkOdY4y0L4QoBYcKKfKXn9jm4SwibRW8
2020-09-10T16:53:07.949608267Z 562 aIN8KKiMCpPOpv9keMFkLzBSzaf3LClFmRQByVzyC7FvbusZlx5W4371Ij8G
2020-09-10T16:53:08.024730094Z 563 MpJGqVuhla0L3uATqniCLcBDHBS4srhQzUy3ta2wtiQR4fydg13UOTq49A69
2020-09-10T16:53:08.125769784Z 564 GqzapLEjcLN9zfo3Fz6vGtMi0CXTk5LfiXyhvAegTIYDJQcA05YxDQ9RAYbx
2020-09-10T16:53:08.227341475Z 565 ySoyexBy0AOMRJNJ1f2dDXWtBm9XZhWxS57zjJSS3w4G52KwHZOPEoOyCMhL
2020-09-10T16:53:08.328663033Z 566 08p96nlioQ0fPDk8j0feJrlHjN8dxD4QBho1alYao9Jk1PeA8ipve2iWLJ03
2020-09-10T16:53:08.430586955Z 567 otgrKAtvnyNWHky1V06qSd2gIsP60RhTdcbj4lZ0HkUb6pKXImRMqb3svRRR
2020-09-10T16:53:08.532429513Z 568 gMtbbl2mtYH7zc6UWoXHIBnbeTZBQbjho7ARcXN4WhVDzNydegRMmNCdaDnq
2020-09-10T16:53:08.632581549Z 569 LW5dcueNCjgNt5FCBFzVfa3OVzUUeOpD3mf0LJLXoMZ4YT8HLOtlIvLS8Sk7
2020-09-10T16:53:08.734123295Z 570 4yrAEEpwTTSuUVxg4DLppRNFQ3dJZD2i0PZ8eR84zvjzYV0aTnBSezyCALdo
2020-09-10T16:53:08.834536270Z 571 ZF6G6vcmqqdMJrM2uL5qXfAzCTjXAl4bjUg3yY4qJEj9wQVB85vmGJ3Docmy
2020-09-10T16:53:08.936349696Z 572 yQc4xfvqBo4YQzRAqqckbUkl5Zz6sGvUtn9fJbuURL0HtRXRWydLgR7gqqoC
2020-09-10T16:53:09.037710494Z 573 KxNifq3WdeKmd3QcCUQYULIkewZu7c2SbvScuvqASWAzgIHsB7vYAJvZAOfn
2020-09-10T16:53:09.137762654Z 574 vhCZX7Cr3PsL5s6EPiD18Lat1jfMwhcVXdcpHtp6bJtf6RF5SktJMQUVUqr9
2020-09-10T16:53:09.239292781Z 575 v0bnbx7wM9DhiGO0DFxUKf0Ruxr2xuKLprM6YVEJX7dg1cZCpRydQN5HQCbp
2020-09-10T16:53:09.341603656Z 576 OnRRvzKlsPxqVMcvDmnLVNjBgn7NM63huUuXeqDuaPGZEmmwEqyacL5Gb28k
2020-09-10T16:53:09.443887477Z 577 1IU841RM3nAVe7iOyi2XzbCTUvuJN6zRQ0westhSrdA3b3BfKboGfFGgS4pE
2020-09-10T16:53:09.544428165Z 578 hRkYukgjuSBGXz4uEJaN6A4PwbQu5H369wx7j0y6ct2UY36CGKm0ATFYuWhX
2020-09-10T16:53:09.646102407Z 579 JVfpocxwLCNr9cck6AeFbEEVaWv7nNyPHaBbZA9yVtWt5Hc6Pe7eeVrk0kCI
2020-09-10T16:53:09.747258810Z 580 BybqmieQ5Q8im3q3tIUFuz3Ljf8ruZhpCbwDgur7SMKQoWIBa2nDKWkJZpqM
2020-09-10T16:53:09.848200018Z 581 dwVCkOh27rEmYf8YcbN8MhmL6Qui8HIRtNj4Nj6dpI1PxGIGRCnZf4FR3INq
2020-09-10T16:53:09.948861093Z 582 Uos3OQTIjEiefyLyaj7XNShrqQhDXe18kPUYPWYfxUreonhtWBUUt1NSg9sG
2020-09-10T16:53:10.049758264Z 583 qwaxpOHocnenpz2MO6MXhmpVNuPRMRX14gsSnxiV4rcdmD3rpJQNXNef985i
2020-09-10T16:53:10.151159367Z 584 uuJSKikTVCz4cgLQOILXdovmmh9a7wNBCzgh5nG6yEycXyw2QS1FkFdajxbF
2020-09-10T16:53:10.253341182Z 585 ZhfwW6BkDQFFOeNQGsiyyeP6w2E2t7eY4c0j82uZUoeKHGkTo7qCkTjZosWx
2020-09-10T16:53:10.354449351Z 586 nQYmwewCyXli3lMLwUj7DJIjn2ZN4s53j8s1JPcUD70kfZocUeUYB1gYJxcd
2020-09-10T16:53:10.456162228Z 587 EWTeQ5EHSwelUy4U8Uztut8o59Ru9t8jWCLh1wgcz8y8tYaLVt1uO6ycSHvn
2020-09-10T16:53:10.557175040Z 588 Z0LUKCO94V6JcSAqp15qkGBtqDGBNdwDkXxMu4GiP1b6nJyaS92jw2LuSm9K
2020-09-10T16:53:10.658405599Z 589 eO9zvi2GQdGRK0K27Zd2SCAp8rD2O7jeHlng54xgyvwTnt2VBe2p2sSGeWX1
2020-09-10T16:53:10.759667157Z 590 81ro1VPAmHSX1HP2hAD0rIoCcJP9uomPvWtlRgCg4tiV12tJiuNo3uGSQ2SG
2020-09-10T16:53:10.860168838Z 591 3tQRTOW6wdU5H7jmewPaK8l8vFuSsfgFNvarWpVtkY64OWDrGb7kCinbN4nS
2020-09-10T16:53:10.961088503Z 592 HggDi41ZT2noxzTDAmoDnH47q0EE7enoP0gvDT3j4swNqBRad7wZRmSH6jXk
2020-09-10T16:53:11.061935944Z 593 p6i8CnKt1UwyEQ1fn9ajTcT8rFNjGCHndfGve4rQAUobutmQbKztfyhUmA93
2020-09-10T16:53:11.162585881Z 594 gjotAKYK3wVjjxwQ3vIvUQaQrEJIcwF3QMpRMLAg9OP3fgQDSLDxAtxdwZ4L
2020-09-10T16:53:11.264745529Z 595 TWlAl8vqGQFkxfPV4UVFXulY0lKX89cJjyMMP8AXaEx7kNR6bQjRAMMwty25
2020-09-10T16:53:11.366666431Z 596 JiZTiEOHTI0Hl9PFqhxDNXurzfNI4ekYm1mourFf41xYC55y13HrSQn8IEr4
2020-09-10T16:53:11.467925713Z 597 BBIjwHrjV5FzfutGbBxm322d7y3WegalvIA7ZGx6uUfy2W645DH88jD1HbMI
2020-09-10T16:53:11.569323328Z 598 X4U6Y8m6Mq88OOxWaAx6azrze6VUBXpwdftkzkIouy8pEybF949l9PlIWYrQ
2020-09-10T16:53:11.671022575Z 599 mVtXQdbn3dRXHuiSw7G0jliqeBJOCC6BhFa1HVYXOyMx7yFXKaXPgxmefaMP
2020-09-10T16:53:11.772527142Z 600 2WSND9shp8rHIjjqL3goz0me9njwHgTJHKAmxCOtYevSxF5UrQaRnJcl0YTa
2020-09-10T16:53:11.874684147Z 601 xRFcHinphOq7YzMsGigWX3PfmcsBsftHApzE0TMmQQAtOcWve6HbmcmRBTl8
2020-09-10T16:53:11.975380937Z 602 4JwfIauGJ3k3Ne9ZmhNfXjaqTCMUzVSaYFwnaUd4RiokqVjvSHl8XkoARiWa
2020-09-10T16:53:12.077405331Z 603 uNdEjMntsJE9dcvd89pmfJ5bzdNhQ7eqzoNYAj48SKZE4bnkZcvUGQ8ju3Lg
2020-09-10T16:53:12.178023690Z 604 daxwCPHONQ8BfGCqQxCh106EdeZ9pN2xU5voIuZ6JvijZHPTpu6d9m3Ptw2b
2020-09-10T16:53:12.279017658Z 605 Y8tJw4F8F8gtwSGA6aM6XJfklEHuP5uAKjreVIRVYeJwPQuXew9wzykjYOwK
2020-09-10T16:53:12.380255730Z 606 v267El85yRISzXgI0ZbWoeRz1vUS02wLLXcebIIY6vuJg8CrtIGFJjRmu2PZ
2020-09-10T16:53:12.481754066Z 607 zcsApZqR3HlbjBNb6qFvdxCVNNEJcVhDhqsMiDx20nDsD4Pxmo6pKzC1lEnR
2020-09-10T16:53:12.583035052Z 608 46jicwMN2hdmkE7051MATHEZgELNFq2dUMcGCAyB4hK0bn4xr771p4rK0PEA
2020-09-10T16:53:12.683937475Z 609 il39NnnDFckoN8q4W9CqKUlAewR3WYjQ9lBq0I9faQroCnMrusTC7NJ16xED
2020-09-10T16:53:12.785240365Z 610 DcuTLQuGB9y8nK7qpu2u2c0CkQUXZxYYfft5qunQizHlNp3RL1tW4ztfHmI7
2020-09-10T16:53:12.886942589Z 611 FxBpWSJJmat3n9SWnQ6E3eFbY5nCDS7REgvYouXltpkN3tcG5tWtGJMrLOro
2020-09-10T16:53:12.988744418Z 612 9I6MTiv2fopCJYVajR1Vrxz95es3VPqEnUE1RPm3PYIL6D0znweCOGbdHkK5
2020-09-10T16:53:13.089415789Z 613 SLDWaoRKV4pLnFXyHNYfwuENZIUn0kqbxTX0E1lNEwlvGHDwLxAZ0IPB5VgB
2020-09-10T16:53:13.189796444Z 614 Rv5jZTfkiYslzRQSOELzDm1JhoHozmjMeKaubUWvlWohgsHfzSVDyAsCl01H
2020-09-10T16:53:13.291450468Z 615 orTOqxSlc1fl09pZGQ7vzI19dYMkLTrEm8h06ketVUJBCUKEcFB7drYpMGji
2020-09-10T16:53:13.493603751Z 616 x7xldXr7OwIJUPkmtjeIHcah6ri0W4cnL0jkdzpcWI51U5ACAwYv1YNOltcn
2020-09-10T16:53:13.560749394Z 617 Vf9BCg6BM36diLiclEST9FhtutE656Tgl81jARRfXG2Md8Q64HrUbKUK2Lya
2020-09-10T16:53:13.626585554Z 618 R02WqIyv0aTVLfmygfZKlojKqrC0ZpQz9aSD1xQxxiuw6NEiw2etYow2otb7
2020-09-10T16:53:13.694583389Z 619 Yz6pa22e4Il5jZv5nU67XtzCtB62LOZBSSMzzNUIvBb2JADbyKYo9JD7lh0T
2020-09-10T16:53:13.796268968Z 620 6HDq0kaMZvQjnMChMFskhwBKmOcRAuSWt28e4K0ch64edJavblmOZ1cuGDez
2020-09-10T16:53:13.897925709Z 621 asXOV72in6LLC0RHgs9YRPItlZJaZ5XM6egPBwkTwVzmEBvmlXtfYMJzYhhe
2020-09-10T16:53:13.999381904Z 622 z8L2n8BFay2Z1vmQVgaHOJwZeOo0u5Ok42Z9mN33OyYXXnE66rueWnbnVOp6
2020-09-10T16:53:14.100162924Z 623 nemKCpXqTd4cAfLw6krQmVHEsN5bCY5vIb1w9Gdy0n5Tp427kKeDZatGlUTR
2020-09-10T16:53:14.201417351Z 624 UViolTjOcljf8VGVytHEcfjxn8lOwRcj4rWvkfYKMApm8vVnjY6yYwkFc5Et
2020-09-10T16:53:14.302177564Z 625 UvjFt7VhY0K8QPRKTfVYUMf8rJvDHQlcarj08qRhRW4khhsitUblTykoURTL
2020-09-10T16:53:14.403870919Z 626 1NxsNGQ6wXIorll5gxmlm5ppaceD4WirKWiwqRrvt3AodWZPkjjtERx3nuGE
2020-09-10T16:53:14.505470240Z 627 p4ZrsGlZrTeE0VOrJ8gtMP569yyegQ9l9NhPEZoFckQ8G1K6g1pG9tX9KoI1
2020-09-10T16:53:14.607765514Z 628 hqNJsV0G9TNN3yAbKjUwhoBv8iWT4UhJjnDvPCm67dJEtOlcGd41KGk84APR
2020-09-10T16:53:14.709043672Z 629 yoxMCOLfpb59OeQkHUYxnJex1AH8CC3zuFGpApkmFaWEHuR27CpPzRFmSrUP
2020-09-10T16:53:14.809573960Z 630 ThKxJeP0dKhaKAly4BXo2nLP9M4QaDd7tVk3e2arsEV5YlqEZ8sG1pMLbHBt
2020-09-10T16:53:14.911150999Z 631 okCNsRHN9BY7wjTF9KNkFIhCvghxomqNloKvYNbJxyQcmWz8dbdRdHkBfeTM
2020-09-10T16:53:15.012629373Z 632 NwQirzybEPpzB1tRoSQ8ToygnkHuu0yt3mfhkRJFAhU7ufVgemOIBgJnlqwr
2020-09-10T16:53:15.114310376Z 633 1FfrVUNTcjnYlR5PfQNphFKtAUpAdHCC6VOaQAKJTDD7So5x1i3EXvtJxGnk
2020-09-10T16:53:15.216365132Z 634 d6MdVI5AdE1beqb0kiG9n9xGXuzPus9NmNolPbbcZDy0oOHxbXivP3BP7qt2
2020-09-10T16:53:15.318274820Z 635 3Nwh1GpiAFMxlKceLpJFWDSGRr2Zy5g1Pfw1yV4685tQtmENiTEWsOQiZnbZ
2020-09-10T16:53:15.419363101Z 636 9cGdt14OXAyMSmFIdUmap9pstQaBBOFJngCr4VfJyb0LNNTDXb8bKG0zEUi9
2020-09-10T16:53:15.520622001Z 637 Los4LCTogPWWvbXO7gqvm9duFdwuGv0ttPUztyeFB043tML1WlB9MAsYHBuE
2020-09-10T16:53:15.622960245Z 638 46KAlYPLb8x791PY4RgLeVR8q89D72ZJGF0VI242PYJdwDQpADl9jIx2EjJS
2020-09-10T16:53:15.724662230Z 639 bwOa4AdDuCKTmmcfeK7POSsFJPqV8SQotkmOFWeoVTWMoPhLFfq5yMAuHkTd
2020-09-10T16:53:15.826415790Z 640 z21LIiP4u0h1yTiWPcT2Bu1Bcs8fRS2XTXlE06xqBF0xWLZZA0woR3sawWAO
2020-09-10T16:53:15.928441056Z 641 HnVW3npTP5ueZZCSMGvc1IeP4XY1vVkruKiTjPFcUWME4je6AGhxeajYkvj8
2020-09-10T16:53:16.030721529Z 642 D1QoTqt0NKcKcujg9fEAPMNMrWjkw0Vb4xnxM4lYjRQIFEul0QeTxY7rRao4
2020-09-10T16:53:16.131844185Z 643 XGqlsNTm4jD1oudDJL12uEnucAzoOm9PpmUy3uLDAqpjuPZ1dHZlu3UYcheh
2020-09-10T16:53:16.233152981Z 644 jImniw6D6wGNz8i8qOi55OdoANO576ewjxecAXqbXqZaBXaQckiBuwTu1sXh
2020-09-10T16:53:16.334555261Z 645 GdluLIqhakyyYznxDH4rD169K9R4r2NTjJa3p9RIIawp0ENSOCKuzqBq4xvH
2020-09-10T16:53:16.436456041Z 646 4WLyLeZ6XwB1qIP2iP15gqpEQXNVF3XQ7k21kdZ61m0DC2AN0VWaoghPpdAr
2020-09-10T16:53:16.538096493Z 647 tbEUCN6CmGBUzwXCL8TThbwKrpSsFtZb16EX9qdV08yU4GH2TMoOT70HqPoW
2020-09-10T16:53:16.638869227Z 648 I34ezZE8OD8o3xfyeeaACgOq984Jkafx4f9ZtRR51QdYqcOufhAtpcPPv2lJ
2020-09-10T16:53:16.740269831Z 649 YHtaVSxFSoDq4xr7dIIGkFHF3mEmfKewN7OWSz7uay8LEmaIphoo3CMq1oEZ
2020-09-10T16:53:16.841286795Z 650 4zpjxrJm1J1q60e8UiWBJHTPaDBEe9rRtEPqpz11ZWXP34IkEKloVJcCz9IM
2020-09-10T16:53:16.942617336Z 651 jx8bOvROFbHMasnPfqRUSluYWcHq1jQJoPBLJL6P7VOXZNluJK3M3XGKlnPD
2020-09-10T16:53:17.044468501Z 652 lvTh94TpGyToSYnAHXyAMSBpaiAUhlZy7DXR3HXKSTIUs5r8d1KitsH5SMdG
2020-09-10T16:53:17.144515958Z 653 8BcHERAgT6iPgnclWMRQdu1CYn5KeCX0cLUmf5PAk6riUKxbQ5xSptXJtIRM
2020-09-10T16:53:17.246223536Z 654 eXmLDZxMshBDTvSC4M8DSbX0t9mmnngrtOlYUbySJhCI09CjQ9WRtU8QRTjz
2020-09-10T16:53:17.346664160Z 655 3TSQlvFX7KAN14QMhiZ1Nv9ClX6FsgT0bYiUKdmJoD1vPPxMhHNB5GTNkGDM
2020-09-10T16:53:17.449108485Z 656 qtTnMQ0VfcmDODBWDE6nT3z7iDHp8AWU0avbNUgmt8H3ibNqXYsgAtKNF1eL
2020-09-10T16:53:17.551486389Z 657 3TL8QR45xqsg4U9hu89QPVILeWhUWAWazBKw6EKNN9XqUVSYnf32UNXzc6XQ
2020-09-10T16:53:17.651781696Z 658 oHPFrkdGuQDaE3ZR20bLAZ72lnDLXJ4lmWkeuYxoKNDyR2noO1e3J5ZzSS95
2020-09-10T16:53:17.753901688Z 659 psONTobDgvkQ4c92CXg1ZePhxIPc9lQURJ76bS0ZZVzQ4v3IDTMPkqhzmuOK
2020-09-10T16:53:17.856120277Z 660 EHiCDqA3IbdGXKxHzq8aX6aFr5iWOg6XauH3hmJQMQIR1ruLW1FmF0XhBfjx
2020-09-10T16:53:17.956681196Z 661 F7fXX0e1ve3zhoPfcoHMHj1zCeAUI6vT4aIJG5KwGVBcg7dcIb0idnSt2tmA
2020-09-10T16:53:18.058446324Z 662 43T8ofOVVQ0ZP3pZs8lcRRN6dhHJqoRxQkbHBd5J73mx6lVMa988XGS6RnlN
2020-09-10T16:53:18.160231693Z 663 NEvfJ3gWI4qzU4cZjNDSGkp2IssA1MSc19wqKHlX62uFQBAaFU9NJs86pRxu
2020-09-10T16:53:18.261549503Z 664 KioeaPixxiucYlHF2Vd6AdYTFxoZu5XfNjPS21Xewl7snuSCxeiDG3KkddTA
2020-09-10T16:53:18.363003652Z 665 cnrA5VjCAipFgnGspCdkPnGVcsw9SnP60wxVdJLZg1HlZZcvTQ2G7fhhUScE
2020-09-10T16:53:18.465074820Z 666 fP4PYRrcA2M1lMi7Yn8MvN1u8OfL68vXjCEKoNGYE8LXinguAVITL3XndpFm
2020-09-10T16:53:18.564707653Z 667 qtx6vVwgxyNUVHn9d2Rz72XOjhLAJs0hZfytHPb7QgysWEpYHXM483OXlp3I
2020-09-10T16:53:18.665991417Z 668 n7wpJdTXVDFiLElixl4gfGk0q03Cyby9GHnigvZkdUuTD5PG97JcbpUDAQiU
2020-09-10T16:53:18.767780926Z 669 on943iFgFHq3hR5cylfv6Tlg48iGA3ZPTvmUCe4JTiodiKA7WGeh4VqN4Xuk
2020-09-10T16:53:18.869258229Z 670 Iyc8eI5Uym6uap9QakVsjNXlxuzItzuaF72Rmp02kpZrkNr8WePlWJAqik8U
2020-09-10T16:53:18.970428124Z 671 KUvkokOOx6y0PwMsq3ZnPuLgrcWTQgqAFOaFzcFQO1P1NnAPfvM9qwcYx9Sq
2020-09-10T16:53:19.175175161Z 672 xHKwgB2Wmrxg19M0n8TKdmztlAIMBu272yVi8i4raTgJoaHlLqYxRWayJcrm
2020-09-10T16:53:19.240554948Z 673 CLqUXiofcgmSV411GVJudwvsdxlAmEcOSeobPhJZscSWVuzW501fsI4DDwFl
2020-09-10T16:53:19.308467029Z 674 J36po2aavVbnXwGWVJMdUb6IcGcMoJJA5AbCM1A7OnTk9WKARlI3MoWPbQ4J
2020-09-10T16:53:19.377034192Z 675 G6gIRqK8oTQug5cTUczflzyTjIfK9CAjGsorHKeazUTVMrYGErVVz7w6bMxF
2020-09-10T16:53:19.478391048Z 676 jZKsnxqoHKZf11Y8TlLOWqlRwEm5zfXu3CDRmUXWB5Xzu6VIoxDw6KEKYSZ9
2020-09-10T16:53:19.579241711Z 677 aH7CWaO23omaxjLNpA16qsS6UiJbJFF3zaOA9RCU5JghPhnK8EVc0loUKrdT
2020-09-10T16:53:19.680620483Z 678 CXptTaOeX0mVA7VzwMOgwPXdBhfyGJKwq65PPa9rPnoy9yNXcJ21orOV1xAa
2020-09-10T16:53:19.781303933Z 679 AORbaeox2jDvfAmAs9Vjk6DUhpCehnYShSj011Thb1j6PZFqCKhoKK4e3gVg
2020-09-10T16:53:19.882518081Z 680 33tFi9nz21lQ78eHrkd0h0iQGhuSXEb7SK5VptVcZ3bYSU03NaiJJAJskZOb
2020-09-10T16:53:19.984453001Z 681 NB0mWbQry0yxTPrXK9fGsjuzMfNFgmsXIWhvFmCapVKp1vGFqqGId5HcLMc0
2020-09-10T16:53:20.085160440Z 682 64ZI123XPqO1wCeffeDxELxKxOoNwTEPka7G2ZrEdAC4ExzmCbd4LiFNpGiL
2020-09-10T16:53:20.277523686Z 683 vECh4qLk0GZhacypQKRGkVKKso7MIrUOmsFEBVaXU9qkf4G4oAxJQhsgtFpn
2020-09-10T16:53:20.345074552Z 684 Qm9bxmUAtQtj1h8U2RVUx6u3pUCAYGHfXs9knU5OH81hkrYofQG7aqHmuz0H
2020-09-10T16:53:20.411290222Z 685 AUGvNmBSOmlUdgSZmB3yTSzqY0ppPmXCnauFvR85dIv7rEhgFLbB1SlMFoUP
2020-09-10T16:53:20.490529040Z 686 ozBAFbyStePgONlq50twYFroAZw7gRlts8ksgNYggqPyYEHh39D4Gz21tNYZ
2020-09-10T16:53:20.593992600Z 687 NValZQVPaaMnmhKT5erDxAguZieeZ6cffxzXGQiRYipWAbJTNG9tBfXwL6zN
2020-09-10T16:53:20.695136044Z 688 MZOSXYz4NeggE3qOxoh67N3i0ob4YDbZ9peLgNju7cY8yhcuLx7HtRQbAYzs
2020-09-10T16:53:20.795973593Z 689 VEBqHdple1mgp2Cgfl8qNTrA5hT51UtfyUYFRAIa8FK53yVPYrZBtgsfrGZn
2020-09-10T16:53:20.896974419Z 690 5zpKtdHjV7EnNBCTlf9BMwh4BYqFuEC5yRhFiVSQF8jRtv3ofdHzC56TIv7V
2020-09-10T16:53:20.997907701Z 691 LQxvJoV7n54BeSpvUKnNXZ7PEzwF9nfJmoLk2IvKFozx5y93DgQCZ4hEhNTt
2020-09-10T16:53:21.100132969Z 692 vcgs6NKKxy4rcRoumCjg9Toxy3eRczb0FKqsD18s24URG04FNjF8NMjmHTHX
2020-09-10T16:53:21.200841422Z 693 hGMKzuHsipNHVumgjFBrdHkvSuEWhH40sVbvsdDSqiXeG09WjLmJ3LorZXrF
2020-09-10T16:53:21.302191468Z 694 ab4w8XdkYQf4yL0FkBq5TLPtwJ0zy1dzGJCL46clSrpEpDqSXcMzJ1FoBRQZ
2020-09-10T16:53:21.402767547Z 695 UuG12l5uCI1ZR5hj46vh1YH7y5DhqJxKYcYkAOkcTj5wQ49pSIdxCYGUk7dV
2020-09-10T16:53:21.504702425Z 696 pwtGm5Hi96DT9tFmhUONCVwExnIAqzOmtvUZoTb6ksUgA5C3aUsEm5GPyd7c
2020-09-10T16:53:21.604944572Z 697 L1m1TqOcZH4XWSggB4YJgKZZf8bDQEWQiGs95I4wJ8rJQjca2MpYUAjU4aZA
2020-09-10T16:53:21.706138215Z 698 jAoETy0iQWgBpLaLVjsFXIy9ykyxyMXDRTyzNDS43rHdjRXw2kknNWwlLjBj
2020-09-10T16:53:21.808537101Z 699 6O8PFAQNcID0DODki0pxvqDkEN6OvHFq20U8fGiDmdhU4fgCyjiRcyETnWJH
2020-09-10T16:53:21.909228677Z 700 fjlVp1QQC5UgNllhkphnxSI3pYD8ty12dctgr3BSjNirmGbNVAJG51EbUJPS
2020-09-10T16:53:22.010628277Z 701 qACwKOxt3DmMxpZOh7sCRri9punALpUlx9e08KDUwcn3JSyYd9opQc4ERb4G
2020-09-10T16:53:22.111352221Z 702 DMLd6vRPUSPfYf4V1O3w2AeAGXdJRr6wvm2JeqQf3nyg5IOfR8Gs908c27u8
2020-09-10T16:53:22.213012101Z 703 RYgc3dj4TzmsP57NRMUyStpHnjSl63duiiKDduxkFoMlLvQyy8s34Pw78PD3
2020-09-10T16:53:22.314334147Z 704 0G1VqpYX36iebrLgMN4FwSFghaRiXDlGNL0W4Zshm2LYEKQtOTkQZ4VZxYq1
2020-09-10T16:53:22.416437976Z 705 rgeNnT5javYjCLAYr8xPqSjHQwENZuHalmiQOs8YKbesKa1L0ptZy7X9brr6
2020-09-10T16:53:22.518091835Z 706 ub8cZ2SRyUzDlBRlusllDZVZBfWaUO9udy5f0ZwGIK3te4lk5h1Om7p8K6WY
2020-09-10T16:53:22.618458829Z 707 822o83nGceRJyy0FUglvlO0jlpnKiJqGiL2Iih9iTHkpEXto5GpyykbVn6pU
2020-09-10T16:53:22.719526432Z 708 hk53M34zLpgdRFqAO1VdUxcy5uqsAf1efBaSVbOH97gK5RGIC3vjJTJ4a1rY
2020-09-10T16:53:22.820938615Z 709 jbgb7tBg1cNpkIePsofp01Cfm2zzyFs56f2hNLCpiF4ODa7anB6Pg5Gynwtw
2020-09-10T16:53:22.922166696Z 710 Vp9nleeNmgKtMJLuIwC2i63qV7KqqReoEkOQUQJNC4gr4mKwVU5N8e6PqKAm
2020-09-10T16:53:23.023722608Z 711 GTdSz4EeuRVc3HSuv4TMM6o0GIqaIbSWCUSRVrsiPQkJnOFwlz6qI6n6iEwm
2020-09-10T16:53:23.124771285Z 712 mLuajqI2mQOL4kI4VpHRYg760BxWv3BCANuy9hYw0YrxKkHFqvJrEga6uXQh
2020-09-10T16:53:23.226369902Z 713 jQSoVUq025VNmRxHlNpEgdOHRcud0zwsXXe8uxFTAhFuKaZrcvcbU7EdoOeZ
2020-09-10T16:53:23.327221675Z 714 DemYlzRDOVlrsagoW2nwhdRXa8GAVOVMdZdV95Im71fVcKacWcs15tzt6VW9
2020-09-10T16:53:23.429780718Z 715 UvuTIMZLF2O6d6mjzCTSyFzSrlWhTcPGREwWRpPGVf77a9lFQLW0ncaascLJ
2020-09-10T16:53:23.530049401Z 716 QDBvhgnceBZHsn3yQeEmVupmlsPhuWkKOFPIwOPZB15RH4TdAu6jyLDHq5X1
2020-09-10T16:53:23.631442112Z 717 xYnGczQCtjlIHSRKEoszQU4YXKEQ2rPZXnnfwBAFmdf2ElOb5VmtRCdtcV0c
2020-09-10T16:53:23.733263467Z 718 o585W83cNDFpyxkycUwCVcVpYZWFraedgO3xjTh8pdM4muvCutNhe2nTaQWR
2020-09-10T16:53:23.835887595Z 719 nHHVQo6oLr10ym4gduBpaeguZOGHg5XVjsjX9iuyG5qcAHhxQf9x7pNmi3wu
2020-09-10T16:53:23.937417357Z 720 Aies5pOGBJjegVqf5P0tf0wcnU1QuCIyR6LlapwQZLn6pvMYNZrLdKBFqFV9
2020-09-10T16:53:24.038479425Z 721 My7wrvfEHKJiFSTMAyFyE97rCX3x8qdDwMJsyNP0Vy6Op0OVbjMT3ZXAxsqc
2020-09-10T16:53:24.140167503Z 722 AmhndPQiTm3jRA7P4B0vhIKjEM7TcHI8MxhYo3d4hfFBa6qcTq2mFaUxpc5D
2020-09-10T16:53:24.240849549Z 723 6QhlikfUDr8ekqZ29iJmvRFH14aUTOZgQ9ZRRQShoDmFFOFLzRdMwdsN2fZZ
2020-09-10T16:53:24.342593877Z 724 i5hzCfjlc1j1tGrwhvi2mxIzz4Efkc2AOJJlTKn3LKnPJUA7SarZNDbr4Khr
2020-09-10T16:53:24.444469217Z 725 cwBefXWkgrUxUCdIb4f3us5PYylqXo3M1L5d1HcQeENGlMymPejVDN9Y2NNY
2020-09-10T16:53:24.545383988Z 726 Hy9Y4905hlmfxLGLdt3baLLJJo3pkycuYEFfdmS7VtctMs8hkwPjkZPm9Jce
2020-09-10T16:53:24.646712028Z 727 4ol2wN2KBHiWhxOXN3yVUAy1MC3qnXpO3TFtmfiBTAeMn99IQrg2SD6cNBzD
2020-09-10T16:53:24.849313854Z 728 sqUVHNphpAXDSWTgfCJ5wQwaNmSp00gw6PFYbnhHDUUQcR7Cy34c1ApX3huH
2020-09-10T16:53:24.916047531Z 729 dMwlcztHWNqTnsRr7oD853yzVnpqywTLVwUwAA02U36Pcy1XkVBHHpDojLPZ
2020-09-10T16:53:24.981756934Z 730 doHsC03W80gMEYPqSHw0AKLrm1JODaO3ZPgauiqb1d9ZuerfXoW67YWp8njq
2020-09-10T16:53:25.051557405Z 731 XEyj84v550PC4tX06LiDJkZTw8c4sgWxMLRWjQ44kCZqixvML8Xp10He0Ufr
2020-09-10T16:53:25.152597553Z 732 PqoHsxPLhHnH7InnX3emAMAuWjgruGEMB3NrSsxLSp1cjYRM0UaNaZFjxIOT
2020-09-10T16:53:25.254745410Z 733 5KD48Kh2y5WywSMa8JzEaL2oKCAtq1liTwI3phOZXGtNrvfQomSoVA1P8VWD
2020-09-10T16:53:25.354897741Z 734 oQGAMqY0ykB4jHPGDv1HGHYyxyYUJHCLEIEuiJvdZRc10MmvkQUeTL1iHpC3
2020-09-10T16:53:25.457120581Z 735 44PIEbNo7Hv62BxnwipbVZiFWVLhtQiRPqKga8Idg9Q3lfDW8K0S4joN1LZz
2020-09-10T16:53:25.557462349Z 736 2ggbej5K0rAnDwqwa6vvAPQZEN13pmqPYd81gBrdDR6KIIDXwqxcKJ45hYR9
2020-09-10T16:53:25.658872961Z 737 mHP2PPcN5sFQe9UBqEvVk95VyyeYKYORdEWmaPkvm4cvolFW5x48dFyJXams
2020-09-10T16:53:25.758986283Z 738 3zjSjCP7WMS5brCznwpQKPCAu1awiATvkEEYa964zUZJ6YDRpoSJJJGnknd0
2020-09-10T16:53:25.859520438Z 739 Jqh0id6pTdvSF79hT77fjU3LdqJAx2O6lUVuFgAjDgELVRy898fNN9LIaoJq
2020-09-10T16:53:25.961820456Z 740 t7bblWRwoxMraTHbDW9941KTlSSN2KlOJqgRLIDYpa9mjs0eTX1Iw76Qc4Gy
2020-09-10T16:53:26.063714821Z 741 YC6y04IgSpphVibW2AEkGDvgVVOl7KKVY3kXTgMOiWVFIfGpAGgDcmXnzXps
2020-09-10T16:53:26.164675966Z 742 mk82nrKrJ8gsvzCeaD2slS46N94aDBbnJzlgWzq6DsrO7uGcKnKHBsAuFLAm
2020-09-10T16:53:26.265097499Z 743 R6rK3SU71568ebaxPGlImSDuQCfjehPOOjuekOkqPkkf7u5ueXqMnTSEsHWn
2020-09-10T16:53:26.366585973Z 744 4j6BK2bxKXGeQnLrO47Wf2eIxB5nJqfGxXUDFDS8RU9HOqQBqqv2n3fvzNLL
2020-09-10T16:53:26.468871132Z 745 SOyYJ6I0DXL2T34ZhDY6Q3UHgDhE3vUgr5RmdQyVv3ldxJSfHP2aPDt1J4Yy
2020-09-10T16:53:26.569048096Z 746 BGqMR4939M4N2SfJpYKayk2K2FsjvP1H8CMBf3SDeby9x7wwi2cMLDicwmCP
2020-09-10T16:53:26.671063473Z 747 lpqBDuvteNVM5KLuxsIWp9o4RA88l1Ba5dcxcl2QvM3e23zNz2h3BOI8CizS
2020-09-10T16:53:26.772222296Z 748 Gkz8NI5uLhCEZ72RZfSUWd8lBvuA1ouxTM92jKK8nwLsdCpJz8c9M3QrrKfe
2020-09-10T16:53:26.873495319Z 749 BuRMylt6oyrQ5pvsE83HUoBf2Vt8UUCHJUf5QWhQbZEnUq6QgW6M7bBpj8gj
2020-09-10T16:53:26.974317772Z 750 m5yVkoylDzpCQLgNNOR3pG0TUZXMS2ng6LuFQrRU9tKXE5Sq37YMAwslY7Ld
2020-09-10T16:53:27.075109495Z 751 sxW40WWpHaS0nfoBGMVZNefXucWk0ArZRhoNgFj80pVGDGMdOf8HeukdiAxe
2020-09-10T16:53:27.176519066Z 752 CQGCQGGZyyi3W1f6JACXGYXMgYr49ZjC4qGMfnVjKoCiD10oMNX7mqpEhWAS
2020-09-10T16:53:27.277889963Z 753 RJfBfCBhBG2A6Z7dd6bHhhCcZoJCbDLsMkJlFzMcaRyldgFyFa2XFQgh9Fio
2020-09-10T16:53:27.378044307Z 754 GdbvaRjXr0vOy40EDIkaL5HNHSJNiKIiQlpPQbifh6ApsxzSrsKUuVRXCeMZ
2020-09-10T16:53:27.480025376Z 755 gkDzqqLD5LbDcEDyqOK8wv4LOSBYNc5WrmuTIYeUpVmS5jnHvwC2LMQJyWzN
2020-09-10T16:53:27.581023079Z 756 XfE4CMSSvO8V97QkCZ8ScVUa97CTAKtpnoXdHa96ZDJ7x4vdByLdVnmeedZW
2020-09-10T16:53:27.682288961Z 757 KK2rEXGPPbBTyskhmcJZYqFKHC09FQneWSiDkTb1hwRRSSa0ffj7d0ODcoIg
2020-09-10T16:53:27.787353360Z 758 3BMRCAri2MISUorpFZNOTzG27LyyZ1SmOOiW1XxNePwIjw5IgjBsvprz4dNh
2020-09-10T16:53:27.885401849Z 759 hfCkPt3gi12AYDTR3jAfVXn1DeL9kvvM8cXSSc7ShBBKn6rRO3tKLDl23nSs
2020-09-10T16:53:27.987341201Z 760 YRknk0m0jrSwvxzINwuQQTDfC1jx5ijkdNJj1QZcVyDMnUZ40ccGqfGWjq5V
2020-09-10T16:53:28.088426159Z 761 zzATAW6bAWAfyYqk0NjVlhpC3SjTcqYL88AdUvTGE1WamOsPAJZiYFJjDKrg
2020-09-10T16:53:28.189453975Z 762 0nO2AF5QjPFE5QiMd34WeHeJ8wZFjMvI4syGojdELuvIFOdL2DhpbJex4a9r
2020-09-10T16:53:28.290675355Z 763 MnblPMei1TzfhsUNOHMyvgjSIl7NH0LydGKEtaLKdCP3zhcFG8RTj4ROX8WR
2020-09-10T16:53:28.392616859Z 764 eAxEw4x4cotYQ4iRa0uxhEnU0PiWvqG5RJnKdqHZSekB1qulNgmakhQUQUEA
2020-09-10T16:53:28.495239212Z 765 oLiJEGOVWo7mt0k0uXdylX6Sy7jyscp2iRuQ7OPNpTiAh73aaWzPIMOiPShd
2020-09-10T16:53:28.595611979Z 766 LdSctlrnnJWiBFVB72FttXnfE9t0ZYaMxSvmoMhJJUasV2wPFuj9EQnFT2iB
2020-09-10T16:53:28.697704081Z 767 aFyk3sVS6A1U8zNz39mXQNbtOA4p2S0mhWVFKYAgcE1WV0kWe02D3LdypZTM
2020-09-10T16:53:28.799308567Z 768 G7q4K1zaLGdZAVo9EOSrwI5kIf6NdpMab4WTabdkaxOblmKNPVLkaekfGz63
2020-09-10T16:53:28.900016767Z 769 lHqHCO7GfnAjTT4acQa6ihsrkaymnfcgOi5WN6kifsOW4JNj1ntEnLpoJAoy
2020-09-10T16:53:29.001544786Z 770 xa4q8rjk8HTdTcfvjTu2C7G0vmaMYfS24QacbQZ99WF11p6BjvD1cytA7yIw
2020-09-10T16:53:29.103080776Z 771 6cPzpi3xGi46iGilYct1s3pu1U7o3gEmHj7aUOdSHaBS9qNJ1GjGG8Kd5HHG
2020-09-10T16:53:29.204350193Z 772 fam5h0Qs7FrV3qiA2wuD4MKIXRUlEW51R5PaYiaNG2PRniVc6qJ5vRTGR7Or
2020-09-10T16:53:29.306322347Z 773 6uB6itbtOPy141xPPYP6v86RIAt6COUibZFNr0mplPEDph5Umtsra14nensQ
2020-09-10T16:53:29.407977112Z 774 mdSlMKTP80tEZKgp9LooIJQnEgBVH097CHIkgEV9WFZochjsKhZlzZM3bnpS
2020-09-10T16:53:29.509743360Z 775 6IoYe2vjsG97ChQBjwzoE6gcvVham4pnE2lbqc3etuOMWo9EAcEdrps8OBuj
2020-09-10T16:53:29.611253599Z 776 MFYkqwTmyb5xUXjJddk0zof3ChHSGyaNekD3oaj6MYVZgfaW0qYomMI9fx9l
2020-09-10T16:53:29.712651536Z 777 ez3mXyKDB9afwTAeSQDQWhEPLczCZpjISU26QnqgrPxJFydlxwHodvSOUQOG
2020-09-10T16:53:29.814885854Z 778 sqo3p9gvAG7FWyp9GiRwhqouSpTVy2V6jN4BgC6v3mqCJtZ9wEhgmbMjtVsf
2020-09-10T16:53:29.915985339Z 779 gIeMfVusbGtmK27AGuB9RG01Bz4j8ifj1Q6cuB5nV2ZsIojYbkUTJYKgLRyN
2020-09-10T16:53:30.018234425Z 780 nVMn7KIibdMLxJEJTG9T1mKhmEe58wI7aPdYzIfxoumVm51UBrNImETP4NSX
2020-09-10T16:53:30.119622692Z 781 b2nLQm48rMiKS7Ms4A7vckJ7NwhIRiQi9HKkJ6azBsQhPjQIA0HrjNrlUTA9
2020-09-10T16:53:30.221118685Z 782 9Z05KdNNon6JG5GcKUgpOpUMSXtmHshrU3B6EDRWicxFL14irLlUeRRUr4Hb
2020-09-10T16:53:30.322588068Z 783 6ZKK3BAbxvJmXZCNIcmLgZj7gwkbTh0tvwAOD2t0ka64192yt36Opz4tSauR
2020-09-10T16:53:30.524755576Z 784 Gc8ECVFqAs4rn8I2vLwPGdP0LVRKEmlKjVfuIE9jEmFl0wTe2FDGD1xNONqH
2020-09-10T16:53:30.589741900Z 785 mLQYIg9EReMCHRVQp0aINS9MZIdxTWIQwxeH8cBCAFzki5X32XlHpZ7v9GiF
2020-09-10T16:53:30.655517656Z 786 UW5RHCebxHoRNJx3EH2a84U1BV4Lxqw94b0IyWNCFuf5S9g6ncDZhn3zSgSp
2020-09-10T16:53:30.727047600Z 787 9nc0VxT6iBRSb3dnBlrkByQE8mWXdsO7RGqqQHvZOLi2Ccr4iooUTw9QJQGb
2020-09-10T16:53:30.828224595Z 788 rP341ECJZ4aKnSdQyVlFawQRxBEIj1s79Rd7h3L9TqsQ8ikRM3q4uW6hOX4M
2020-09-10T16:53:30.929587410Z 789 IU6T074VNbR2d3vq61mucBeIc9liNyMOwTefHkIHYofW3T4CK7X5wfaiBW1p
2020-09-10T16:53:31.031122850Z 790 ZYraT7vWwcdVR3lk65BhVWP34XQEynZWuJtrXl8qnJAOKox62sTtbjb8TroN
2020-09-10T16:53:31.131774206Z 791 7v9OS3gAB6tRg7mF8CY59v1EQJydVbc8DVNCbXLh5f79gKk8tC7onw69etAD
2020-09-10T16:53:31.233837648Z 792 o5Fvc5ysfAZpFlDvettJeX1Uf99qvZoOWxDP9XXsWOSgtMeoF422a1QJp7ht
2020-09-10T16:53:31.334944051Z 793 zKeMRRYQAz3FNnWsyrbwvmmvXTyfsizcHCPYwKZGonfHJJE5xmXo7BW016uH
2020-09-10T16:53:31.436777572Z 794 cwUz1JHFKT3Oc2V80UjiyfQxkYkw17ZB1rU41DDlFKbdAAZxAS1VrLcd3n61
2020-09-10T16:53:31.539815878Z 795 yQviS5pRXcKftJ0IyhTtvkg3HYqwVB86N4QZieKHnswqpRTQGXdO7WZfTS8C
2020-09-10T16:53:31.640579334Z 796 bAmmcFF8ZPPLzNKEPm8qmoa9t4UIJpJVjYMmDlrzZ1TXK8Sudf4d2GnR0AhX
2020-09-10T16:53:31.742308867Z 797 Lk68mzihYawVcuJCPYJdzP2zeZBsDaFCY6P5XT8UUdxSDWUFbb5IXwIDIE1n
2020-09-10T16:53:31.843021393Z 798 BaVz0iKNroQWoAUHjtSJN8wBAlbPge4e1uXLyyq9oHYABRtZHwx3xpJcLbu9
2020-09-10T16:53:31.944291351Z 799 P0UKGsFncj06kAB6ChrKJaWRdwNSPjjPHpdnufozF6WBCqhH2z8AmHPpXNfb
2020-09-10T16:53:32.045912027Z 800 vv997IaEfb9oXPcUQi2w9y9iH2W5qH3nAEVkfCF7sY8Sv3jkOj1ip5zuEmaQ
2020-09-10T16:53:32.147003949Z 801 WGScdpvkbNyX6lJN6mSjVUJRx7ujLesznZoZDqNGwOk6R7nqlYlWinX1wOiS
2020-09-10T16:53:32.248347996Z 802 cFLyvk3fmb9bidGbNzKykxAle362VXHbjOWT2leD8zmj1PNIBgtWrMMbQdpM
2020-09-10T16:53:32.348740272Z 803 ALZaI8nyf2vUtWtS6hx7Ge4PQQIEphQAwdDMeMbEosvs1ctoMbCEnEu8fiKT
2020-09-10T16:53:32.450735342Z 804 VmDmpM4ISkQDjlZTGd4MYZqicKtv6c3OjogZ4CPxb64m898IYtBUPn2Ual1O
2020-09-10T16:53:32.552131258Z 805 G8QfXAlYe6mlgmHHXwr0u9v4DMS9x3kY2WVD0o6laVrI1kcSsVoxKqf1h6nA
2020-09-10T16:53:32.654065744Z 806 sGoyfEarZoQe6rm78fTdZHBTGGu5nQzCIurMppuXCH5yvDdhixEGXnoLQVsH
2020-09-10T16:53:32.756478828Z 807 h7yGjXbomeEQOZ9KYoEB9p82J7mnludlmRSyQxQ31vvtaoehQqLTIvyjHe5p
2020-09-10T16:53:32.856204270Z 808 TneYgiEDYTrRWmt2lL8qSiuCSjwwtDZnSWt23tzMKzN5P3SYBEdj4iUqtEqi
2020-09-10T16:53:32.958053828Z 809 jKVamxo9p7rSzfpGNh2dRIUodIu5A7jPkadWFCA5RYMc2089KzhJ0O4lAws0
2020-09-10T16:53:33.059980104Z 810 iihz6Alr4vK9pSUnzKSu6C9vQBo7Wj6KaKFprdj8hSxFYj5sqMVwdzTOMwxD
2020-09-10T16:53:33.161656244Z 811 exiLht58KISzbbngDDpVQGcYVvmtTx1yvHCDUqvb6aA4Jg9Iys5ZH8Z1yFuz
2020-09-10T16:53:33.264020185Z 812 MxIrPu1KqCY7pHWJQRmzJWB5X3ojaB9vLbjrQodZFwvRYnmqibfZQQ2YGT6A
2020-09-10T16:53:33.364805920Z 813 CgJS1HGfUhSxJ1bmrkKhGlX7z8OGPFqB0MCitq1ofaiAm9Fd3n2nX1yzYwkH
2020-09-10T16:53:33.466593254Z 814 pewqaPsRciOwToVKFIoOOtlEtKbmxX8PG4Mebdl4xJ3M540UTgnbXAKKgCr0
2020-09-10T16:53:33.568642194Z 815 Q4nO1Jb4UjKqC1HTNB5RBk6elLHxBFxYJgkcCdEXGfSldBPy5XCXxytq6Zr2
2020-09-10T16:53:33.670172540Z 816 XUdqZB17buJiMGXOJtElXAXW8sSPGyUVOo3ktAqHyzjpmP9pkL43IpGxRBhZ
2020-09-10T16:53:33.771401782Z 817 RkzZVRjsspgNrTX7JNx6hGr2t2qooe8KxroWqKm9PLChea8aqXfN1TTtWXef
2020-09-10T16:53:33.872359521Z 818 8T7jQIjv1OhqaGKnWZ7TtjIQjDFEJ7fvuJyiNWGbkF1TZTLrjjqsfIwcstZX
2020-09-10T16:53:33.974007601Z 819 sZAG4F8rFVUuuuo4OljRyB4EcnEFzd77dOxA2n3NFgYSRRGLHMlu3YGIgYip
2020-09-10T16:53:34.075166077Z 820 vB9RBDYccJuIunskxlMGwqj64Bu2RafDZz72F43YinTuYn509eHmGdFXWl0B
2020-09-10T16:53:34.175939558Z 821 2hNh13tkT3JU4OUCvP2XsVRdr2dOXdXyJLrApNjhJzG13qyXAT9YeMMsRnIF
2020-09-10T16:53:34.277311892Z 822 GjkqrNuwOhaMG8eRzT4Qw717ba7yl2oUHNqO5GoynyUn1rLcCjj84SuQ4B6b
2020-09-10T16:53:34.380075540Z 823 nBcsm8mf4SlR9bL5nB2iij95Lv08EUeSGgbglEbsJzy2y7DvRr6zUqoCui5x
2020-09-10T16:53:34.481932598Z 824 bqKVhux9vrx9G1zk7d6ZbIMX9LFFn2Hjda9vfsMLGE7RR8hAyRPBzQDPHzH5
2020-09-10T16:53:34.582242664Z 825 ob9KUDJZfZMB2ZVAKydDr0cnM4uNDl3iGQwG92FYOLFAunRhFhZdcwtHemOC
2020-09-10T16:53:34.682714485Z 826 X0r4Hw0fT1QiLDgi7Jawg50JtbOWQSmq86NcNDb8RednEhgze0zt7MGC1EMu
2020-09-10T16:53:34.784417693Z 827 JS5FTAq0ioF8BCMWBXkexAiaygUzlwk5L2M1pnomGVOJQ7u7jKzedRtJGG9L
2020-09-10T16:53:34.885914862Z 828 oyfI9jTLknpcBFtcdMMtgEW1i7pz2kc8npstJUQau7wNRioulrjUyePKbiI3
2020-09-10T16:53:34.987919586Z 829 FjQXXOkWf3QTnKHLAwuLtcBmMMAlJQmekoJZEvw2d8rUooZrK6uhEzhycGud
2020-09-10T16:53:35.089327741Z 830 X39ouZeifX5cYAXpj7HL8dOfeuIiNuihYce819pHs9gwIY57JYfje8FAFUi7
2020-09-10T16:53:35.191412894Z 831 isuVy99gVeLnG6exDZfQEwuGScoj711kcuigp8hgUC3HRD9aDGJ1ZOV1Qjj8
2020-09-10T16:53:35.291611006Z 832 3GxZW69CN22EIcbfdUiq2YTdedqH7kBo7P4fwOI5AP7h67yqRUahhAUBlaCl
2020-09-10T16:53:35.392778815Z 833 VwyBLeBUvFVDnLaLNIrnBZskg4r3AttFbVEin40ROgxCpWn0BYDt6l7gdELT
2020-09-10T16:53:35.494228914Z 834 3kkAvWlLA7lVeDqoy2ZIBBZniqtp5QZn6RCNwLdtl6hmvse6rVEyWGElzXiH
2020-09-10T16:53:35.595399597Z 835 gjufbStsDJESckFd57Q1hvSiS6tyNISsLonRtnKpb1skKKG12gyZH6ysHKDc
2020-09-10T16:53:35.696570126Z 836 OYZ9mjAX70kgt0GKr05FZFSDHKWOFGXnAmqSRtHzBadkKJ4HTxjQvYhcMvMJ
2020-09-10T16:53:35.798087185Z 837 bCCididbknw4KDFuOlXXJUwL603pNdSBfFDBWnw5BKeeVm3PiQ5VUkIr2uX9
2020-09-10T16:53:35.899986024Z 838 zNSouMi1SMGN345iMmnQGnyxZEVakxWwvPE3dL1DKMmGvIdN4BAO7KtNiSPi
2020-09-10T16:53:36.000554709Z 839 VoXiUre4lHcElCfZjXltcZbot64RmtbFWRVmWbZL19V16zUzc441YLEVL7h1
2020-09-10T16:53:36.201262017Z 840 BBchQ8KsYkdHJPB53bAI7WWK8vC5Ot5Wp81SHSgGPCJxezPRuLOiis9PQDcG
2020-09-10T16:53:36.264128997Z 841 BEeRrZ05vMFGaLTep3UJv59KE8lhs5Xk3rJvV2dDrEZLliqi0dPpr6CpUAWF
2020-09-10T16:53:36.327599890Z 842 l5O3x7pU31ehWJnttarcPWEswI3uQjsgkbY2ur92WBz0y1YOXZJUE25Fxbz7
2020-09-10T16:53:36.405669193Z 843 X6YA7agNYGIz9lPwdbStUVD7XW9RO3hfouiEJKMMJ2uFDy1XejshYLDJ6bWX
2020-09-10T16:53:36.508150039Z 844 kAyJ8V8REtgY3joZ8HGiowiWNnVmJEVSDmUWBLt9K61l32ALe8vnID52YLTE
2020-09-10T16:53:36.609663369Z 845 GsqYkCrCWmHpvNQhjqLhrsUNQFWtDGi8wlWBrBu7q0Hsln34f5s8hrbVGJdf
2020-09-10T16:53:36.710593130Z 846 MA7DTfzI8gog6EgGObmWCPBMZps7gyoyr69qPdGZIz6b4ZQS1Qt0mTc7h8Sa
2020-09-10T16:53:36.810155203Z 847 Z6toxDKUTItakGPOIDEKG83XNScdCBAEizQ3KHqQ49h09KFeR6FIVJTrni8n
2020-09-10T16:53:36.913141279Z 848 VuBWXz7m3n8IfNvBqqmoNBVKW4iu70wPSu9UcafaJJItSYgkVv01Slezb3aB
2020-09-10T16:53:37.013734190Z 849 ezMyVg5VZnMIGACXPxAPvvkApqN9WNGAmvDFDerCgyfeoohppSVrT0Rxd7Dy
2020-09-10T16:53:37.115231822Z 850 gcKder4P9mdIA3JMXwOKhzTwTJPO75gvFJhp9g46a83Qci95DQDIzXmRHPbr
2020-09-10T16:53:37.216002681Z 851 vmhNscguHmWBkXbKzTQu4dZl7mx4DWPXpbsC0V4pbdwqpOHdxGir2vGSZnXt
2020-09-10T16:53:37.317248391Z 852 xwPC3XqMM1OfYgD37VosFo79ETnplxIS6FCg4gmvOaRiQOAKkd7YExDSIWLb
2020-09-10T16:53:37.418413936Z 853 LVIqq03K7zq3zdN3ZQMbdP9nQH6LQ7qKlrdunGLr5TXy8KWxLu1DQfIlGvJs
2020-09-10T16:53:37.520492385Z 854 uauUAf8dnDBhnmabYiZs3XUI95orzcegaYaFU8kCqxKSHPbUKm83erzgVaBV
2020-09-10T16:53:37.622567762Z 855 qwwNErNlJ1LYaCILWQy4q1LtD0MG1PCfagPKE9gGAMIeazF7B8zSAdP0ZjSu
2020-09-10T16:53:37.724586231Z 856 z4btSueazKLKXsoeEKLaByghsADzXFzGsHzCY3uVtdyJ5SiRWTtNLuTHXQyz
2020-09-10T16:53:37.826067905Z 857 GlILBXbe7PJxktuGZSdbybEJuDsivzwWk90x6kVCRKeu7XLyn0Yyzp9XmxAB
2020-09-10T16:53:37.927724695Z 858 ooTp0Ty7PgbhtfOSAjwM1RSamt5CClZNVDWNO8yEYhJpeUMmRO0O4mFUscW6
2020-09-10T16:53:38.028921136Z 859 RPW66JZYenl2H8VSHUvPepHA8IbqYsG7uHAW2BrlbjVdB4Nk0CNUO4bFLsa0
2020-09-10T16:53:38.130508654Z 860 HMws80JNDMuy5tgU7flgA2XUswky37WW15hyaClOjnAD2vrYyLdIC8S3gp0d
2020-09-10T16:53:38.232011636Z 861 TbnoX7fsyZNZgww4kaDK58ndoQnxqY786YHDjLyVP2Su7P0Bqc6HJ5Gn96Sx
2020-09-10T16:53:38.332966245Z 862 fxZOQbZqLQKllgTSddUfhRdXEQ9CCSVF6KfdTMn6DS9ZGWx4wEmdYtp7Plf1
2020-09-10T16:53:38.434320984Z 863 uZk1MfBx9LtPBZvmXKURelCx9A2J0p1RHlG7BSCPnzSyAtsYLEnkMKrzXpUS
2020-09-10T16:53:38.535203700Z 864 DpvoZD0emVzSTraARWS2zAODVKCjgPAUk9EUIrI95wYqo5AMB8meSYf5XZaq
2020-09-10T16:53:38.636593846Z 865 H4HwlelSkgty84kUYIprDopwhOifodj3DtRI9j0YgKyTaBdqFLai0u1rwsf1
2020-09-10T16:53:38.738706180Z 866 hRrl0raJFTy3Tq5KtBjYncPIdzeYKShWgOAOg0RecmicL36evytjUNz4DQ1U
2020-09-10T16:53:38.839625403Z 867 JI0Pitz1aMA49DFnMnDHUGnOByaFSRe0L05tDvoPvTOYsfsfNHs6BQWaB6Ng
2020-09-10T16:53:38.941696283Z 868 WQaPOJnvVeQMcSyrtd6Htxh3PzK5VHA3S1XC1FEXNrHEEPwy0x51LqYaw3y6
2020-09-10T16:53:39.043833798Z 869 CzXZ7i7u0p07yGmfRyuxL4l0QCaroOP0opzWXpyNoJI4GmkddkcgkiqZOnFs
2020-09-10T16:53:39.145022087Z 870 5stsJwI9AZZTIFiwWjy1Cdw9OvmHA2ik7jNwXY2LxyYP8wiYjaWM00x27W4D
2020-09-10T16:53:39.246018362Z 871 XCN2nujfZTG4cliZCBXmBGwEQf35CeA7gcbY3qOH09mi8r2PXgJgjmj8DvyW
2020-09-10T16:53:39.347057510Z 872 ujOwBg7PGTWLv6uBvbTqZiY4AOvLE4usiL2Arm49EvAEPH4ynFOt9lcNbaWA
2020-09-10T16:53:39.448286166Z 873 B2ZldaL6VbUdufqtmzY7EtTwri21ibKhddWgQyiNiUSbv6xZeJfMewii2JC4
2020-09-10T16:53:39.550126276Z 874 fSmQR1ctquV9aAYPh8NnvNfwYiv2dESmvmnizVngo1rhDGTVI0mFwvCaO5mX
2020-09-10T16:53:39.651757495Z 875 QLDmSsdvIMEf0eQWRCt98z7Sl5zytjqKrszSkGMb2LoNRlFBfb1bJRKCpboL
2020-09-10T16:53:39.752812303Z 876 coXei1ss8BKnwcGfY2Tun1IW2QnvlwF2urZUyQzPtzsHYTcJEsXilYN98mpx
2020-09-10T16:53:39.854239060Z 877 aQwZCAKtCQ0nsukTuP6emoxuv6EhzawGhRvl994snGSnhM1RoMs1bPeeNamU
2020-09-10T16:53:39.955537695Z 878 VFCdsqmFY6AuGyIVyjokiUcvfF3DUN0jTGigqDPLbEEgvMzU2aWAC5hw5ZB2
2020-09-10T16:53:40.056214973Z 879 5H3rV6iFfZlSvy2EL3kp9f3lWciFsNvPhfWNgCSG2JjSfEzJjepJPcH7teYA
2020-09-10T16:53:40.156982525Z 880 3usCOfGfzV8sWs74kHRZtTPBUijj53Kt2jf2AJ2VMYJkjTtGiQpVEwOUH0Lg
2020-09-10T16:53:40.258261742Z 881 jSmxIOdS4Xmo5iu7SWx0rWaexUshRQQLswEBdrmPKTvc3hOztUbRb66wfhsi
2020-09-10T16:53:40.359394431Z 882 d906ERmFwNn5vfxK6wYNAvOKzzYePYgYyrD7D07zr3Pb4qKCm3aUd3y6yLqU
2020-09-10T16:53:40.460484409Z 883 AtKtxg2PclSCGxvMXOFNUbSrqpYDHxxvLPX9PHIidiQLVjh1wU14mo0pArDr
2020-09-10T16:53:40.562133093Z 884 xS6P0qpghKl51geuItM48v5E5LWTVhughgnDFC0w4TosbLcyFuW4edyu2F3W
2020-09-10T16:53:40.662866081Z 885 lfoD3Al3oZz8yfgVh49MZMS0iWeDBmMEU8lkSv0V0qfXGl1TD6pSXNMlkpv7
2020-09-10T16:53:40.764386051Z 886 k3LJdxJogBHraDydW83y1vkYa8M9PLsNT6tvp2KD6CBxnw6aSvakQrhApgPB
2020-09-10T16:53:40.865405618Z 887 Wy8ngutBkaIQdamLJVUeVRxhBS4SC90PNvpWD3Bq7bQ7daLUPpXmrp1OyjuA
2020-09-10T16:53:40.966049925Z 888 fANV2FRrUx4S2N22qja7dNu1aRjRketqYMyElBhlxM0Gzon0KeaU8ltTxOqs
2020-09-10T16:53:41.068309759Z 889 LbNomMCQxZAmX5rznp7xXEPBXxL41HXTfXI60jWeCRBznNAN3r7YvAO8cIYH
2020-09-10T16:53:41.168640003Z 890 t7JsTCVnkN23UZcrrflfgJuwtYYZf8D3tRQyYTBtj0H5fhfy8snPlnaa9aux
2020-09-10T16:53:41.269773783Z 891 4sVer4AOgsstrp6KHpkts6DeRccROGKjZErDfU132OLxqqKO8eD6dcUwj47B
2020-09-10T16:53:41.370751204Z 892 eT4b9f5tfnDaquoovEOEUcyzaIM46G4tUXsgiyjf76zSHFAzA3HVicyxzx8N
2020-09-10T16:53:41.471821423Z 893 MBQAhYjg7niQ0ZdUQTiQAVkwfPRLvIQqjJSOpW2sFtXlQSRxKUmYMTQmgLMK
2020-09-10T16:53:41.572863937Z 894 zr5Z2W58EQtr2NRNJgR5vHl2mCmlfZjK10D2cnjSNrq08Cg6QxMorAAmb33x
2020-09-10T16:53:41.673736731Z 895 2k8dzkThzqeG3Z6gILK3IFY7rwhUiO0DsdROTkOStnCy5M6A3440CYszgpZF
2020-09-10T16:53:41.876908582Z 896 jTc7IFKNZ4JcAhizUyrK19YX2F1TOpQMqAq1zZqUsnl94zQZtG3mv6eCRyPz
2020-09-10T16:53:41.946303408Z 897 VxA5oUxkKM9sjCH3TxPrbtuGiCVCxSXMQuZazmzbb5KusJpPsxVkTyDOpjVk
2020-09-10T16:53:42.012715013Z 898 iWTlGSieapYNSFKNAtHAP6OfKDvG16znobb4TATxwfYEiCBpqmHTfSqGDFyY
2020-09-10T16:53:42.079292986Z 899 bIFWmsjrQ0oihOBxUrxA8F98XoZwyxIm238CuMM6hWks6FWIrFmTyqV4pRUa
2020-09-10T16:53:42.180461979Z 900 TwSQ7ej9uCyOyk4EvNUfNeiiGXCHwtKXxbxgQQs7V1jkUa7uYx9LyUlcjtQf
2020-09-10T16:53:42.281449951Z 901 hocxRgABv1X69pvvEzjzbJdmjCNTmt74J11ILmqcAWeKInSKaY9yzru8k6YX
2020-09-10T16:53:42.383250722Z 902 X9BK2qga58LeLRpEhVYMPPrPYZxTDFGjMCuflDVGl8eyucjioB5UVKTGAxcm
2020-09-10T16:53:42.484996710Z 903 uqnFMRQLN5UHjewpq81s8RijFfXPFJO03U5yiWs8X2NlqAZH29x6C6eUoCP2
2020-09-10T16:53:42.586600326Z 904 XyP9V473kH5ZGISiYXFAd78YkH7CDDqWwQpVwfzq88dDEJPlrVZr1Ffm6soN
2020-09-10T16:53:42.686930965Z 905 PKz1i1lMULTlV2FaxYmhMKJKGlAMalSX30yqFTzeB6UEENuvQcZpvaB4yYcg
2020-09-10T16:53:42.788438751Z 906 mXgGR4HuDI7ZTnujfcdOFJJwhy76qSLLTP1qK4SEohJqTuBq7hjP0LaMpM30
2020-09-10T16:53:42.890432173Z 907 IUzkHLvKwCZftHl7BQD42XJJU5jDtfVyf2OmH96XdPkvus4VZm6RWdG4yPj1
2020-09-10T16:53:42.990456001Z 908 9PToJMVwgr9fH76iO4ep2LnkJZyv6FRfRxgDxcqWxRfB6CAUpcsJ5fuZbLZ7
2020-09-10T16:53:43.091840940Z 909 XMeydurSYhPeV4ai743PAL50c4zxox5U8NF2RztDM8S6vrU4FPMUcAzEAWpL
2020-09-10T16:53:43.192191035Z 910 KOy3FEyOZWof5Xy45FlesVH0keStSA85i44s67f5vZM3QLPKfgcr2lhCmzJq
2020-09-10T16:53:43.294506017Z 911 QC9kdEib0KtC2lmQKInmlmhIDtWqM7mot9Skf2A3dyZUkixu6yHmbEtcgxWK
2020-09-10T16:53:43.396582044Z 912 GSlIRZtCqlTXIO9jfeArZAo8mSBR7Uclk69aET7i1f2mApOALIvUvhUXT2HH
2020-09-10T16:53:43.499254724Z 913 ZrtyhxtLCiSZ80IkbToALcucgBTn5zcex1R8Xh2iL3VVQZcIGRwpzK5m2qls
2020-09-10T16:53:43.600072058Z 914 gTWDmevEySQa8spLPfor7HOHrZFIuiTZKFzY3QWZRqZ6yZ7FAniAbez9Uhgh
2020-09-10T16:53:43.701137520Z 915 IsnFMQDhlc15PedElBLUAsplyVloNwGoS4L0Wqrbnugzs1IIiciJa8BtFq1g
2020-09-10T16:53:43.802760246Z 916 RM8MDc7gSjDz8VzCSPlsGZNCFD2n2N6NiFimR9Ay4ShNoAyJxGSgpEGznksA
2020-09-10T16:53:43.904037934Z 917 f0LjieV4WBzB3F3ku3y1MnAMDwvZu1tW4RTnIDV2XXac5LUEgzjiJkUtYeCN
2020-09-10T16:53:44.005475338Z 918 rC8SZjLQt5nQXroQfo7HfH5wBHg2GO9VOtbliytIBpixwq64JXiQsZC9SFkd
2020-09-10T16:53:44.106287677Z 919 2JijvtGPactroFbwEdBL3uBVhm38jai4VBLDOlrxRmrKpsyBNkQgVTwzoM0t
2020-09-10T16:53:44.208235096Z 920 VaSyxDKar9A7Thg3AtK9AFsapnyGYBi2LsvgpP5sjfNHlLvBc0571EheflEZ
2020-09-10T16:53:44.309034934Z 921 BfiUC9FWt59WIerOcIH7y82X3vkBAYTw219Bi5NC1ya6jGK41tLVj34LVbId
2020-09-10T16:53:44.410862616Z 922 lK0WAj6O0dsGdmESL8bDM2TJdNtXxtrO3Uf4JSNBQ1qZOoOkas4tXFbxX8xh
2020-09-10T16:53:44.513482645Z 923 zys45z00n7AkdDa0n6ObKto8GHUzFwGm01QKjVd7AmAfjB5N2O3ia4e1Yzhm
2020-09-10T16:53:44.615247796Z 924 PwBWgVcvlNWghVWvIBovl6aIojSHINQtMHWRUSMdbtn0ADGcUg3GliXbbu5r
2020-09-10T16:53:44.715532478Z 925 cJmWm9jiDJg07t3wzn5Yje9u0j8VMeUcdraCLi2VzKeXziqrnyVM8cs9JMDU
2020-09-10T16:53:44.816104723Z 926 iFltNxHSLr5Q3n3VkJzi6wWVbSKy7Qz71HKmDPCJ9Kga11uz2Q1ep9VotHfY
2020-09-10T16:53:44.917579535Z 927 tYVeqYaPniK6fdznz7R3xDlxr300jM7XhUE87ZUku5nhMcY41M6LY3iZ7s4X
2020-09-10T16:53:45.018091177Z 928 7jvulQWvIJ3VRN2A1u0jQsFVtJMfv2RmIbSu1q7ZC3GGhyGUZonyNdvtIb0O
2020-09-10T16:53:45.120035349Z 929 9wHKRwXiEEtQk2iEMntFPW7NjRC7Cj9rlNrzKOaACHkHmZpJMW9heMZf7xmM
2020-09-10T16:53:45.220594766Z 930 tugDRWZq4ReD6fsgddXL5BhLbelAeas1pAFtac6tZ1aqZBfsxf84y3gOKB8b
2020-09-10T16:53:45.322486488Z 931 Hivdbyn171CobFtiGSZMRfVxUikBlp5ncAnFbDOk8iOywrTCI3qNyJXZdNV5
2020-09-10T16:53:45.423984380Z 932 b24bWqIioVCouphT4ESNpZmr5cTXqCx4SgWdVHVvCJaqhahnjHPmzw4TR0PE
2020-09-10T16:53:45.525406541Z 933 zRgv64Jfr9vA9L1OMYFjBRzn9JYwLS6CwAOGyGaB4vHgTXOW9wFMxZuKYFKp
2020-09-10T16:53:45.627494454Z 934 yFBTUVWZCYEVQDZL9cXKUnoYKztF6YjnByGrYZ3LiWYrD1PYH440cZcrGQ9Q
2020-09-10T16:53:45.727682573Z 935 k4Grzf7KEKm1tOynVTaL0QjcaZBHVo5YxURUgec3lRO9bMAQ4GEqIGFW46r3
2020-09-10T16:53:45.828565484Z 936 GwaGFuRsMAkD0OYvRGj2wqg8FGXKlel9fz88ViRROEZPDoYl8cuB3WPlH7sw
2020-09-10T16:53:45.929649942Z 937 cAuo7VVpTOSYLGMxjold1a4jOwmsMaL0cA1af7bLYxSxW5FdmnppuZxOniB4
2020-09-10T16:53:46.029934508Z 938 vn1AElvmJgVUTQouYPpxCwiLid2g1U6gLiIW7Ft1AGaOOFucNNxj53zQDlYd
2020-09-10T16:53:46.131744288Z 939 iX7Q7WbbSxSk9TEo8ocq9IaxNF2juDUpfNgeMOX8nwRblyugY6EL5E1vK0uH
2020-09-10T16:53:46.233407269Z 940 fGKD6NwmpwZoMIij2n4dk9O0ME0tN1AKtsBvDkjf9meHZJK1dMCzmj129QqE
2020-09-10T16:53:46.334524841Z 941 lwctaicz7dKtRQdwxsNZUZqbzpfkDyIusm2PefL27OOtXyAfE8EhPSPcQFE6
2020-09-10T16:53:46.436918317Z 942 Qcjx2uB9Ni3bbS4P05SAOfBUmp0PSDI2QEmI2uWEi65r4Ox12qKFIcsENCpH
2020-09-10T16:53:46.537634061Z 943 rbyFmSIkoe7Ge5ylzcNKV9XsSFqzM3IyFnnI1fyXGwX2uHVu4ymkRPKRyzZ8
2020-09-10T16:53:46.639519558Z 944 dOK2HvrmMFzTYMep3LsDna0en8gMh2AKPYQp95jo5kKLgJQX5A6TzGG5K24J
2020-09-10T16:53:46.740792144Z 945 ucbcG3Aq4S68zPdIdX38BBN1SITrZI5eeQatHGe7kPn2cDN6q1gZwaxilD4L
2020-09-10T16:53:46.841419539Z 946 Jrk4UdZ0ewfvFDjPUBadMlijhEcZp37QEXqEuT9euKJ9mwRiNtLWoU3nnLpa
2020-09-10T16:53:46.942993893Z 947 Xv8eEA1baudmnltbWoNroiebUbblfzaC9nitckHj3ltDIFi3hKGQJfCs9Mo5
2020-09-10T16:53:47.045334493Z 948 Bbir2fpsY5MlboR3Lv3lMRbloEGATNL1MQlK31uaE3KxWKqoPhbDKR4GeELe
2020-09-10T16:53:47.146923538Z 949 oUpBSNkAPqyxOoeLYYSLIHMtWaH4jcD3yj6bSpz2M5l4yZixeTp17fKwpxet
2020-09-10T16:53:47.248155654Z 950 nsbbMTczhkwOoNz3dxJrZ9bdFhlg8tKkCkZXvjsTpNcTFJ0VK9utH6MSa3JV
2020-09-10T16:53:47.347688701Z 951 H9ThuMvs0GboQl1ZwJnsWClvmqiP4ohiUnndrsdpemspbsknCRPNc2mThFEm
2020-09-10T16:53:47.550664201Z 952 rxem1WSQBDgC3K4kYrjsY8c1sPTQfPGOgK2uxJA7xcNB0dxjKQijaG1Rh2e0
2020-09-10T16:53:47.615655171Z 953 rwsCvAFWTcJZSXkVrvPr2pIDB7Cu1JLobrxjXkoTA0lep8cZXITFDSXbmNC4
2020-09-10T16:53:47.681309895Z 954 t6XcRFw0dpkYOFOxj3ca7vNrtmsiy7QDlFhZT8m2JnCzG2qmKUi7YAiKeg6t
2020-09-10T16:53:47.752790539Z 955 ay98koalrzooi7WSTuSveJnFKxKMmh1nZ235AFKtLuAiZcR0axUUYeaS8QT3
2020-09-10T16:53:47.854177274Z 956 wWTuGBY8GRpzbraXWn5RFYmhiFzQv7xU45CUhdCL7LhQvcabaHvKOeKo34u8
2020-09-10T16:53:47.954830141Z 957 MBpt0JQ9To8kZg3wzR2A3m2NUI2z0oyRpZ0Ag3LhgmijRihQxQrJkHdUIzMD
2020-09-10T16:53:48.056170323Z 958 j4aIV4jhIcmghAllzLy1zafSvlj8EwQA6e6FbYg9o1y3PtpSYC8xfexTuMVd
2020-09-10T16:53:48.157401256Z 959 UyKlk3MiPm8U60ftQ5izzoOhE0MLKbFu7Ul6DDpdxlbP60kvXRv8p7NAiPJy
2020-09-10T16:53:48.258391763Z 960 oDGVfA2dapNwtRQL1XgpMGxyp0i1SRhm2k0zDmH2dpexKqosH2G9l3z0fB7p
2020-09-10T16:53:48.359642998Z 961 MIE2lYiubSjgnR6o0psP4NOxMOpIKsAJ1p1EbZnHVas1WgkTvijihp1A6eAz
2020-09-10T16:53:48.460424290Z 962 WiX3jomvOOyxq0Yo3HB5DqvfljkmBnV69em8fkIQjBTaOK0BVJ6v4aXCYEZy
2020-09-10T16:53:48.561338243Z 963 GO9uVYkX2sARgr5ogHOWw11YrYhHr9KFr7X0pERTcz0RcvFv18bomjUIWERA
2020-09-10T16:53:48.662629940Z 964 GsJG2FTj8cM404FE62yby2g3WR7Otu400Wo5oHKTo5OY3u1FwaqkE68Z6BBQ
2020-09-10T16:53:48.762844820Z 965 F8taDmtdPmuej1UchWeppedXQi7wXQJEsqmH3HaWPrqfPSMGttJhwBIKvNmY
2020-09-10T16:53:48.864776556Z 966 Z2N7mHtcm8gnYrB9ahsbutRnS3Xf0P1gnLrBkzexywNmLHhjVk2TvFTnizBz
2020-09-10T16:53:48.965518109Z 967 UqcJrm7dsvzcZ4LksYpMEHAHAJwE6Rh8qvchvZAmB1tiD8IUXKScBmfsEORk
2020-09-10T16:53:49.066391603Z 968 ahkn3AwxRld3W5pzXpaIAqghVKsXTx9t8nHzVKV6RsyROFecwBnOesK1f9tM
2020-09-10T16:53:49.168035716Z 969 U8VV9dlNwJt19RT1fYY1Q18n8LH24mVILG7iuF2fOsEBqN5mM2G9GeIrNXdU
2020-09-10T16:53:49.270484631Z 970 ZqYWN6cjD6dIlz0ejhqRsCDkXOQ0Au3LCAHkhgcKiqXKYCIqD2NzkBhu0Wu2
2020-09-10T16:53:49.372029915Z 971 j3tWVUMMlFs7mOm7up6jpmbOzDsdd5BqpnqDnwoTDUchCxoUUA45LdC7lYI9
2020-09-10T16:53:49.473358345Z 972 07oLc2XNizycZUX36ELFrofount0jPzZbe9aS1DXNKjfiDBVK7INIbcjXkdZ
2020-09-10T16:53:49.575348938Z 973 oHB9lPQPIgIG6E4rjtHpbqURE30ru46xK4ZvxOePXXYXbmrud2jANOeSimsT
2020-09-10T16:53:49.676134281Z 974 S6y5to5ctCL2Yyqk8TNsxRFbEJzV6lOxtnJ1ctxdO3j8L3wqcUwSNiR1Ed5R
2020-09-10T16:53:49.777976542Z 975 v9C4ByuFIyeq3vBjE9ntGYaikuup1N8Mmf6FOlC8FNcbEH0YIGDz8jLEUBoN
2020-09-10T16:53:49.879551844Z 976 GyXoeZr2bpnsgEp9awOo14QLKqXzjSofYJUN49gdBMpgwcavNYhPz81rrz7Z
2020-09-10T16:53:49.980987995Z 977 bX0EEt8B6Al76bDEyqEDMlEtpFkbmy4VmsyG1isBZUlB6tyuFaJTZ7JgTu7B
2020-09-10T16:53:50.081915771Z 978 kRO7zm3v3hkJvLCZDyYmPTRz4NPHmfVIV9zvDCdebMeKA3NTuyBVifusm4tY
2020-09-10T16:53:50.279407113Z 979 ugwg4QdIy3jQT1JaPOo7kmqSjjO6sNy0Hj5fiwYFdrDZuZ4LD53dHLkweF13
2020-09-10T16:53:50.348752191Z 980 xEvGmdwLtXJc4RShaYFO0jIqNBjxeoTLcubxVSnx7FYg5e1CK9S9dx9Q3EGy
2020-09-10T16:53:50.416189989Z 981 zt7aAEvSXiQ3lhSs5PSfv48lRwcautlQ5KghdjCbqepbK53IwxFMOClyV1kL
2020-09-10T16:53:50.485217303Z 982 x500R08YrnGtewlfUptoW29uqED39qAGJZvrOZzAlDkhNjp9uZlXOud9yrBL
2020-09-10T16:53:50.586603919Z 983 FhJox4bnW2ylcEBgaMIuSPlVe9yHUjmss89yCPbO5EubjwBK0Tynzw0yMARC
2020-09-10T16:53:50.687471112Z 984 pw6iIW6Ge9g6gFRwOTUlIDrwoxbSBEKy1RvrKtJY8vxdbrsj5FpwUaedftHC
2020-09-10T16:53:50.789999421Z 985 L7Y3KZ4vdchC9xWu1uKKisAdP5hcMrKEELbqYIOciEDigNlMCCjVBMCfdluW
2020-09-10T16:53:50.890923707Z 986 h3Fz7fNwKQkTdzUyI3EeKcufiqwWeyuwjoqlnLhfN7kvX6YmcMtfdC03lYjQ
2020-09-10T16:53:50.991493703Z 987 WTYxhQpE85DxNHCLUJWd188HPYHTbNnNMGodcBu85sfYGJmGFPIpDsQgUA7w
2020-09-10T16:53:51.092122295Z 988 NzWKAXg0EPmjCYcbUkbBHd965OUng5zDqVcGG5kIF76tzVdsmO3UK3WWCp8I
2020-09-10T16:53:51.193713815Z 989 BnYQ8f2bGVRHY5TMRilLzexqYI5Mw1GQhfJweMLPodjmNK6vUbTTS9M2sSer
2020-09-10T16:53:51.295217857Z 990 5HS61wDpFxHrOIH2ADfXl9e41nh4Q5wiM2v5rAlUcZgGoIUCrSGqoPOsazdT
2020-09-10T16:53:51.397325023Z 991 X5JaxzI1zjTpKQPu2VjdIJtd9YpUGBpZbKzz0Msuum7nqTMnMaUI0egE1eHR
2020-09-10T16:53:51.497983083Z 992 J7v3kj3jn8MCrVbjsAkaI2XVa8MZM6JYNWBFrZgKe57vMVigeGE7O2Dp0Wb9
2020-09-10T16:53:51.599126068Z 993 ERBM1sXMuKdZcdCzEr8QPUEOoNAMep9Gm4cWpvO3VgkHbRWhhFci4TDtNv1F
2020-09-10T16:53:51.700977310Z 994 lC0BQewOZv88UupbtyPiXueotDEezr8PhaV26FTEC8S11NnbSGjwlMQY6srV
2020-09-10T16:53:51.801682175Z 995 txGCv01M9oyucX0G9bj7eVBZx49yuvDdZTN6qAx7LZT3zyHi6YzJ35tav9UC
2020-09-10T16:53:51.902884208Z 996 yftv6aXfnmxgrXJhVcdteu2wouUUXpRNO6NGBWGNH8eVa0WdFwsA4ulfevTu
2020-09-10T16:53:52.004697337Z 997 4KivRGV7VCnZ1ZOmjTVr8Z8OBORAj2bNAUOXkcisTTrfcHwrkFzfZP3JQYGI
2020-09-10T16:53:52.106240920Z 998 3sSY3XdcP7kqbSUluyjLALKUySH9hzYD8T2LeAmzY3MLtShS96fXTiW0DXrl
2020-09-10T16:53:52.206715159Z 999 JYKN5fDyvG6Gr9ZsnAcAVuLEAS1sjifTo0kn4cje4xhBVVNXpeRPATnuKDoX
