2020-09-06T13:56:35.413530674Z 0 yZLc8IsLdXeczn6uXuRu9phfyU5ABieNTihETEWO8c0MCtboe56dWEK2b06pLo
2020-09-06T13:56:35.463571236Z 1 GGXUxSok3qq5jQIFhHAVYZYdA2m2XFoQra7LdcRUnR4Cxrc7CkfJuV0SAkFytN
2020-09-06T13:56:35.514611377Z 2 c4rH0bjY1f6AvYGWdS3NYWsSTntXm1JcT5V9VwPlvXhe6fF19PVRgAxzQ2ugEs
2020-09-06T13:56:35.566102051Z 3 7gE9FWgYUHDPdUP2X1WhbRCoG2RqTkDFd0mhohd7wFSJeWUmN3uqf2JmRMAAj4
2020-09-06T13:56:35.618303020Z 4 ZIiX5Si7qxe5OutEOUYo6ihD4gsABdoAYeZRYlIPSQPdb4mOcoqHD19N13BWip
2020-09-06T13:56:35.669880567Z 5 0Gde6s20ahjRMwp2Gnn9iZt9iQ4PwSj2klQMf4jQDvIHy0Xt97Sw5PCHD05QO4
2020-09-06T13:56:35.722205399Z 6 3pxopTA9JCq1kqwOSKjU4heJAIx8XOmTwMKL23UWkqAngptS88ipc8COEzaKFf
2020-09-06T13:56:35.773533176Z 7 kfAY7m6qAUcNwCShWW7UL76VqiVChcQqnbRoUqc6xN1Gh8IRH3eD0g4f9tRBnP
2020-09-06T13:56:35.824239549Z 8 umywe3Ea7FbMCnGWIr3FXJIX0ZrpZYYPllfFKudU0aDs99jqRlbGwWaBmT1ALi
2020-09-06T13:56:35.875542263Z 9 ufe6kr6gR5IdfVs4L5gnHAPuFlfSyErVRW8BVfk3dY6shpwWK1jzq5CKaMHWJH
2020-09-06T13:56:35.927057331Z 10 4WwCdUfwlPVHGQ7jCmIAVly91tEj28LFnwiALvYYnnw38lqpXLTP2KxAuTup0
2020-09-06T13:56:35.977741493Z 11 THmBXRKA4bPzWauPcIRpVlTKdpaXsNPmc9hv4f9xBjAHgP4wWLt5Ptpfc69KC
2020-09-06T13:56:36.028815548Z 12 IRVF9ZZzHq4wsuyxJlcK7x3cpkETlUDpwcuuvqXfAgjNgrCYHFChg9vvbF61S
2020-09-06T13:56:36.080845644Z 13 GEm1HgulmWpVnbfFbULPi5822kJ4jz4rp7ayfTHrGceNZLsuc98dE83kYzBmx
2020-09-06T13:56:36.132207083Z 14 RGKI5uKxFgim9EnV79VSormPan0NrGr6t5eXdq2kY0CKW5YG7lFQHeNxoJvRl
2020-09-06T13:56:36.183237104Z 15 URmlPZVf4asqwiLKw4Ykx2mfpfbq4sjFUAouItnsovpRUKuUCUMybfiKWHXDS
2020-09-06T13:56:36.234836859Z 16 T3nUDFgog5UcFJrX009hzLkoTlXkDC1ta5HRS0GbzRZm0v8050Id25ZZPc25o
2020-09-06T13:56:36.286209910Z 17 6BHHUteDsyFCv6wNCDR6Oo0eLcrqyzJAz16bEhkTNciZzzI4nOA0jKQfSj72G
2020-09-06T13:56:36.337522041Z 18 Km3OjSZmLaIDe70XeJMcH1H9M2P16rloqX2kYvMwaFa3ZpuFwMMameSlteyGq
2020-09-06T13:56:36.388858297Z 19 XATO7QnG80kYNnXYEflFBJd5y0auEuKWjQXmlXjETsCzGuSIqT2fTnX0rvop5
2020-09-06T13:56:36.439508189Z 20 uBer7nsYkqBO6g63XfzU0kHpSPi36bVuIj33NesFoSO6YNaQJH5ucek3OnGbd
2020-09-06T13:56:36.490898805Z 21 s7EV6rvtFaGIm4WAwYXRprhf9ExxClht9tzLGHEzsLIDcgmrPubmWz4RZJCLX
2020-09-06T13:56:36.542032266Z 22 1JQMWcVHoMXSXaUca0NZuzGk5AiKAW8zRaMdz6drmL3Jab4tLo9cPG0vuMzlq
2020-09-06T13:56:36.593064295Z 23 3j7xglZ784HtZ8dqTXIPllWe36DD2SUXgQn97sJ3CEEB579PflawLEMu0dpBt
2020-09-06T13:56:36.644254257Z 24 h9wyK2BcuNoAW3rIA5GyOG2ZNjo6zBwyppFTmrT8EOWin2ByVjWi4UFAq3zdw
2020-09-06T13:56:36.696051919Z 25 7PEDFBMfRIvgviSNy9prB0vNhutOW9aFJwOAxykCWRbf2sHuAP2ek4ncTnBZc
2020-09-06T13:56:36.747874954Z 26 hoCbcSCfXJCOjUcapIpB3ywCgr1Ck8Hs0jr4egvJSIEs3NB8vuy3j2L7O2x2p
2020-09-06T13:56:36.799661849Z 27 MkYziH5QjNhZvBZIfW7Lh9Rx5Gxz7lkM052NgGgscX19S3zH13NIgFOoLOz19
2020-09-06T13:56:36.850995406Z 28 iGkSgvTDn9MLQhOSbmPSZveiqAUnfowiU7syS1M0VccdryVrsJiv3mcP2atux
2020-09-06T13:56:36.902910083Z 29 DMUHew3aU7SashjhG7hNY08foZr6BbrC0HIlMoKqm8Y3toxJCcc0Af9zMSZhC
2020-09-06T13:56:36.954335653Z 30 BFZup3AkkSFoQ0TU3Fqt3TKWkWBrWuWFEbxZtQSoK3Z8nK3Q72LkzDKRkW0RY
2020-09-06T13:56:37.005339657Z 31 4eO0K3ZmfNxAf3v0pEW6EAafrreY3RyL1n5PHpUNWVUjLaXdN21suQ5QGRMA3
2020-09-06T13:56:37.057606662Z 32 DCP0ZWLNmxC4MMj0TTrRMXZwNQOoeA6CQKYephY9gaEvSsZzZ2MbH8YKP4yLc
2020-09-06T13:56:37.108284880Z 33 myM7MZ0uuodec429N2NZ1LO5FdHRWoA8b4043o8HF0pQ7yjfwWnbYDq1UMbEo
2020-09-06T13:56:37.159611456Z 34 2FozfZwMddKPkHRrAhwomKeeq53A1ZfU3OlBXHF1YoqMTYp3AFH5xw6VcjmkA
2020-09-06T13:56:37.210378580Z 35 cGVanuzuGOT9iBZIcVAQSliI4gpMdu6Wi4PWT9zyjLZ3IaeJlEYSbVSbxTbgA
2020-09-06T13:56:37.262393398Z 36 pqRezdBvqse5RuSg44e32uEHY6ty6NH8fQZCziJz48yp4C2UDdPvZC0y3iloL
2020-09-06T13:56:37.313576519Z 37 MzZtLZfu7MLVtIuCdVB12XljqwkJXfu1BpbxUkccQsi39XnNPpym93JjlieYh
2020-09-06T13:56:37.364231820Z 38 CJniJvxhqO9iFhSjVYTSpBBwnBMfKHkY1haQpGZUuxsiQlrLk6xoeKqNozlde
2020-09-06T13:56:37.415491979Z 39 6P7z0Y559ramnP3gYAiIQXJdpYyprft2SDKxABNDQ8TA9hLeSWXr14GAeouOV
2020-09-06T13:56:37.466573619Z 40 Oj9QfNoHrFSW13TgzsEn9R5kzBy752z2aQJ80TcfyhC36DpucXBxlyXdmlNaF
2020-09-06T13:56:37.517722530Z 41 BsTOApNJCeJ88d1SUjLcXzII0taa7Fuw4zVjRnV1qvQ9QqN1817mXcYbQUOgz
2020-09-06T13:56:37.568421693Z 42 ioh2y4YE2zH3rL8jZIAVN9Q13VYNT0h7mlmQ255xGwaVv1YxePlbcEaNEGybO
2020-09-06T13:56:37.619421584Z 43 KBBZ147Kuls3Iit3RnWzCFWLy14CG65PL31wLoZMtmAPlwzIPPfsFvgLKvIFH
2020-09-06T13:56:37.670784810Z 44 7yHRrJsfPv3cPh44nZuymiVQaf8xya37jROqv7zIH4T9vI5njuC7hxWzO1GKA
2020-09-06T13:56:37.722391113Z 45 3BjQ48YjWPhNPVnlT7KC00WRvVXU0mH7atLtI93h6FbRxVkPat4EQBvQcgSMX
2020-09-06T13:56:37.773717753Z 46 j6mVzvMT2XwrtNQwdl2OVMRlRD6eUF24hPViDhnwOut8tQJtEK0UZxrJKCyFH
2020-09-06T13:56:37.824903521Z 47 a2pakURPjhgSgDydt23qiBZKx4GcWve25PqAUPLcbIqDU620Xu9wHVfx2nq4E
2020-09-06T13:56:37.876600804Z 48 Qt6ehzSf9Ch1fftDwmXknSdkbkThWCv4CY5UUd8P543w9SKXvcNa6A636SKS1
2020-09-06T13:56:37.927441519Z 49 Is3Zm1CouE7wzb53n4oNj3gBFGwsJBVEQW0zY38ZZAZEjnFrCEdF4HL3Xl7MT
2020-09-06T13:56:37.978866956Z 50 UMF4nDlzZQpWmvCQ2yU0teiLHTpNpxBF4GqY9wP8FYPjc3SyycxymlQDUFIIM
2020-09-06T13:56:38.030356840Z 51 dtTHCeLWiPgmqcInPsg3aKKAbr5a123GUEoZy6s59Md1WrCWQUEtmGCZFbLR3
2020-09-06T13:56:38.081523644Z 52 EGr3WsI9sVPezbdNO06J5i0J4J0mCOYKwMSz340jfpHsT1MmybgZLrWeBki8P
2020-09-06T13:56:38.133320007Z 53 u7PMSyc626PuKBjr4bnOl91FWgGBeQ1MD3dVhLvq9mx07QV09Y54NpgPO5VQX
2020-09-06T13:56:38.184721227Z 54 P4LuCRjFxlk7dSsh38YcEgQ3SIRbSGEfqkyGeGJTP9Gws6YoyrEZdgCiUvlcm
2020-09-06T13:56:38.235793956Z 55 qaCowdjcRLf8OMkFSCsyuNBLigvnbCmYtmdiBodIoLLxCfQ6TbOMTjinLQOUg
2020-09-06T13:56:38.288201338Z 56 KKWEm2JmMslzpaGUdWEv13ZbW1dHsY7xhaoSGRTd9s9sz9OMDCMqBviZ2FK95
2020-09-06T13:56:38.339866225Z 57 9VbGcPVn7sIHQlJUIeztyZXNjDHFJ7zoM7F7cSfDt7ajAL5AShXMYfHJpvwCu
2020-09-06T13:56:38.391525324Z 58 QXziPr6Hl2boFxD0HEsFfSdnJwLaph9ar3ukmvaFnowYF7AYSUXSmcJblGyJj
2020-09-06T13:56:38.442754317Z 59 PoArIj6QPYvVMU64vfQ76jasWYdQzj6f4aLk5dY1J7OtskI1XapbifFHnDsxl
2020-09-06T13:56:38.495165899Z 60 P9OZHg5ZwuMmpmc1KKfJ0HJ40oUhhliBEQbg1nnZhpEyrBDNMxmz8oCaeaQ0p
2020-09-06T13:56:38.546556406Z 61 vfgV4xlhmP7gNYEkleeq1BVxxsj3osjoMQVGGzedoVcuLfHiJRobEywf3ActK
2020-09-06T13:56:38.597651508Z 62 fRDEIa9yHz6WY2nA4xz1APhl9CyEJE5ztB0IrrmUicU39UQvM8sN8Jh5KPwmS
2020-09-06T13:56:38.648357475Z 63 ZP7PsgsVCII3O3dLqFZxpB41lj4AuGQy99u8DY2H7chMZftcW7r7PROgth2Cu
2020-09-06T13:56:38.699569995Z 64 a3MyyQKq1Hv3kdL4NjgqzWuqBTBhuZ2qyjsPxeKasJgl0ghB0tdPoVJqwHGH3
2020-09-06T13:56:38.751323164Z 65 e7IPOUAApG8pC037dl38gKQaHrteOIXWZs25NGxRN2AhZzM0u1pdkkRhA16Vi
2020-09-06T13:56:38.802330288Z 66 Fc7kac6bRFfVY3OMdJWgfBq6sZJQqSWHx6oS6vIpLzChpKs9HHZUGuKpXnFz3
2020-09-06T13:56:38.853742359Z 67 OlZozAMuRlC7JkbsXAVAwao3z82egvpoQnY47VBnMrp1K8CG9mCsQpxLXLaEH
2020-09-06T13:56:38.904502725Z 68 wwSXr6B8b1M9gu0dQh6YINYo2xgR0eSw5GXo7BotEGULCTKVM7BClBUwS1FBB
2020-09-06T13:56:38.956103266Z 69 sLAO35sk0D2USSS6JJTjJwzcA2liuzFVHpaNwtZZXpJDf5lCBT4uq6pAWMa8l
2020-09-06T13:56:39.006676316Z 70 Mk6LK39RdWPHiWmoc40GgdFDndoKr6V6NUQGiRI9h5KGtxhISkOQpqOE7IoX4
2020-09-06T13:56:39.057909585Z 71 wU0jwS4gstbkOieZe1JsWE1zhiT4gwQgQxTpoLLEGvMfnu7GkZ07jiRihz4pf
2020-09-06T13:56:39.109415643Z 72 DWirNwgXAtVDnkkYefq334J5uFIwEMrgV7Bl4B0lcpZrF6h93XHawywygtiAj
2020-09-06T13:56:39.160752504Z 73 TXtWpzWJz5O45O41TMYBEYjUhrrPE1Hqf4gobPREEtJoF2BU95S2usLYToXi1
2020-09-06T13:56:39.211395008Z 74 WkyD4FzpCbFLKkXDDjnu8S2XzmI4Dsm1pbbCssEx1hbHROKMGQiruJJuZhYro
2020-09-06T13:56:39.262365411Z 75 GMRh6JggaDHvFKWsNDFyW56PnWBNYBp9RyxTvdHz7RtBahoz5Zef1Lnrfqskb
2020-09-06T13:56:39.313926191Z 76 Y7IVfRXNjkPpzhTOEoKvY30a93BNJmzh4rQPSyJQqk4ITTUFaArtRMfhV6FgQ
2020-09-06T13:56:39.364517964Z 77 GZswtyyR5zviqV80A4OCquloD4SnqnH4CXDLVhpQuriAiZTJnNcco24dREmaZ
2020-09-06T13:56:39.415501619Z 78 MN3sGxwF0v9nYc06aC1FjmwFKD87vY7QICQEKCQWQqEd8pQAU5mO8PF8Vey8Y
2020-09-06T13:56:39.466524387Z 79 l3Sm8iImkV5XvFI3voEuevncywW3geB7CbDpIQ8NZl1W3tpucQ02iMQAL7nn2
2020-09-06T13:56:39.518115988Z 80 ZkT38q1RPg3ecrNZuGRTBnjgu7oALb8rNyPCEXoRiDkdGF5iLcHUSAl2fY4wO
2020-09-06T13:56:39.569319462Z 81 9SkJ89lqlIMiqg86OX26MkZyu8qPaDkjRKsVJSPGf4dD5ctgU3n1kJznHC5jq
2020-09-06T13:56:39.619475898Z 82 lyEwWZBrwdlM1EBKOrPmhidbOHklLHuvtyW6GrSX36wEbGEaIvjQwY3s0byP4
2020-09-06T13:56:39.670794171Z 83 56SqZC4oheNVfZ1m27wfah52VY6dxRPBOeVRI6Hgib0uLTUf6x1NQKFFpw44b
2020-09-06T13:56:39.722072740Z 84 3HFx8ItMpcetpbaG5gha5VVh1rOGruJ7dHYyHsPVF9lDJCwKX2DlK8q2Psze7
2020-09-06T13:56:39.773385342Z 85 UTCofZUxEqTbfHjVWIwwEo0iHX4bIuOka5y7klxKz8xs3hazpyo86y5Zr2YgM
2020-09-06T13:56:39.825063736Z 86 KyZDZGwhO5NZiooFAVRQLAJBg75xHgLiLwF7SygL8neBuM7bro7NIMhom1dbn
2020-09-06T13:56:39.876968536Z 87 zGcWRL1RNHpYU9bc99AQpDfctILjlqoniALzAEfvZ6RGE7pk7BDyLQKFApLWm
2020-09-06T13:56:39.928380264Z 88 cQH67vdMCPI3BSxCTYMj6PwS18bALTNZ1liAxzm2O00Tu2Nr8zODJ7OqVJjpm
2020-09-06T13:56:39.979866003Z 89 3YplVvk1wlX6NKZPmvQgUuul6wZLy7N207vW9cu6CdUZyvbvAPbKoTHdmTi9L
2020-09-06T13:56:40.032014331Z 90 AzrnqPF25vXD5cD6RQ9gMufmPX6jcY3GbwK7NcU2oVTRodbZV7gz10DFHlGSN
2020-09-06T13:56:40.084887978Z 91 xM9J4WZ8yPX2nJfV1ceiy9xxpprMSc66RpZZQaTr3rfV3rXf5urWTi0aUkCwt
2020-09-06T13:56:40.136290186Z 92 uTJpWSO9IWIqfUvUQdvedYdn67fLvSC72C8fyFesoHOELPjgTxWgHLNVR3kv0
2020-09-06T13:56:40.188257338Z 93 q9CJ89JQicfd7gYr5vGGUhxsK0XTFMXooiUxWrLuztosWpsu8YnnXYxUy5nz4
2020-09-06T13:56:40.239687126Z 94 3WbtAEQ2HRCI4USMzYdrNK5omL1xLl2EjBFmVUMToaMJxxo5AoEeEUGVuxX9E
2020-09-06T13:56:40.292224685Z 95 3X7ysEt4mdXbOPhe7hhtqCViE1SihhuEGoEVfuSed6mZHB2PLHI8RzrmiV4xo
2020-09-06T13:56:40.343592414Z 96 1KU4RKX5qf1ov9qXeHoEGSZP7g9hpPLhqCuodZef72f3w5dNd6ykQuJQGN9hQ
2020-09-06T13:56:40.395456870Z 97 yY6wQy1xXgmEz7b2H3JDI3sVC6UZn5uZ1DVgXy1svWJUXv7Efo8edg5yugtHB
2020-09-06T13:56:40.446806028Z 98 tky4B8ZQzhWhQXIdM7CsMc7e896CnmMQNY3Y2cW77cnVmSZIG17m95pED6f5v
2020-09-06T13:56:40.500947896Z 99 HsQc8Qwup6nG19D6nvr2heQ3FTcz8ytYy13VR8MgwQQ3mEenCxcOtw7NCwPqt
2020-09-06T13:56:40.548555831Z 100 IOhHoFlyAhoG5LlzlDAWeEHC5Du5wU9mT90ZXqeR7PoaC5C8G6wcuVzF1my6
2020-09-06T13:56:40.600113167Z 101 hHeBLV4UlKDfPL2Cu1ehRwv0sp9svsKuehp0RqN5SD1DA6SOl9U0ReTEEKgY
2020-09-06T13:56:40.652088160Z 102 ANEGlZ7SphgNRvObXkUVvehO0QDws7DftckSaw5pxbV52Ke4rIibKpJmT9Dg
2020-09-06T13:56:40.703801564Z 103 hsLOSC2VPTJBRqSXqBmqFh2m4EJukvhSwDwENlzS8gXVdIg3j8CKJTOuKxHB
2020-09-06T13:56:40.755115832Z 104 EqNrTeZupYKQr8K5bIZQsfhtYFVlzorHznv9gXTWtA5AuKagzvkXNlb5GBoP
2020-09-06T13:56:40.805457731Z 105 wKSK7Sh7ufZocCThNnRQFbumBdciCxHdpfFp0JZducY8JODFelxK9xrQBwqn
2020-09-06T13:56:40.856963002Z 106 JjoKk1E5NCiL45VyJSq4CmIxO3gy7xTPhVTTXqh0crFZE0LBagjgAXaSgiXD
2020-09-06T13:56:40.908074472Z 107 Jgc6s0QkMQJSha2WZNeLMQB9nG1GqgkJ8JHjJW0UHmWQVvZnwCOrAcQkkGVp
2020-09-06T13:56:40.958421067Z 108 hpCg2XmbSZbt6nl7AGwXBCE1xY3x6HVS7bmIyrlXwftS1bf0zgTS7rNniEZz
2020-09-06T13:56:41.009264954Z 109 YYXYfFvl5YC26U77I1r3gf2N2PsorfzV3VI37tykqWQu2ZNlw3DvgRemDTRm
2020-09-06T13:56:41.060609310Z 110 xmXQq3k7l4psxsvBzh867oAVFXt7JqNbWNsylaGzfhotfTMVoRU8KwI3jl9V
2020-09-06T13:56:41.112540152Z 111 izi7rf3XrKpmT0nxjaErWlJ7mtdOjsqnHXFLTyM9NLZjP63s2ZZM2LzOmKZP
2020-09-06T13:56:41.163294792Z 112 MUicjXgcc5IelWmwuHssHiVGKPlepABkZWEhXexRMGqsBoVg2GzT1vJTza9i
2020-09-06T13:56:41.214865406Z 113 c1IAEjBR6MX4bFmDlsbSaUcprrKLblF5qi0BjS7jyUV3q5w99rXnTOXUXizP
2020-09-06T13:56:41.266366364Z 114 RDYpPKnD37dbwtY3HKOdwVuIDyfBkInqwRWQcNyDIlKxSYP3XWxAJdWxNYCl
2020-09-06T13:56:41.318397026Z 115 TwvMNX6OUk2piGB7EREaHLtcrVr15vebGAaXDKAK74q0xQIl9MyVQpC1sqhz
2020-09-06T13:56:41.369514019Z 116 InHXBLYia6prNiuWpKEhfjmksKihn08KHJyu4CDOBHQGoc4G37huN6GcFus7
2020-09-06T13:56:41.421023086Z 117 GGCm6tAqlYwI8mzM1GuUj2CoPOKTNNDHCzBAUZVKAwsXfU9X8zSOp2lIHSJG
2020-09-06T13:56:41.472574695Z 118 31mXBp3tRt4ena6F4WaJUmI01mIDUEzHAxQdtv8WdjTIMDf716Giaktn32Iz
2020-09-06T13:56:41.523591597Z 119 A2fVzNxYlJ74RJsclpecuoNrmZz7pgShavCUQBCW09NB7AZc6v8eSpybodhf
2020-09-06T13:56:41.574419002Z 120 7THxDv6iIYBqZE7N6bGE1jxYXXl5IUeinleJOi5E93FGxJ2mj9X4vSgyNbDW
2020-09-06T13:56:41.625806949Z 121 RnP1dCxhuTLY5kbFGDk55fvHebFZGAXxMR7rOhXTi7RbkuxeZzHRnuat8TLe
2020-09-06T13:56:41.676960621Z 122 4LMyPjrYj32eBINSzYkOmFyzPASatiXMTchkzwLcKexmf19awg7lWJH80RsY
2020-09-06T13:56:41.728927985Z 123 ijcCdn0xKnkdTxwcdkFe724t1TN9WC4vW8TRPq3sfHQW3w7VHwi1Cfn6Ss6V
2020-09-06T13:56:41.779843467Z 124 4WqihwWQ2CDuMX536TftUqvCtBg8bMY5lVMvGe7IVxQHZnEtBtMcycjjKHJ0
2020-09-06T13:56:41.830541981Z 125 uyje288dN1ZMsm4f5gnz1y43HslDW1azAE6czMGmpT17TiDNpK2w9kKc9zX0
2020-09-06T13:56:41.881723971Z 126 myA6YT9kcqb3uaI3pEJozOz71srdEknxbUmNlymNbdHRi5o4q3M6F2ujAQIG
2020-09-06T13:56:41.932870274Z 127 oeVclSBXB2XSTGyCQYdZa7iOKqFbFYKLN4bh57aS5JwXTdM8pncmreA0us6v
2020-09-06T13:56:41.985349332Z 128 0IIVzj6XivzzS5l6J6iZb0StIsF4FW6RWsMktRg3ZWIOYxpEuDn2mELFVkL9
2020-09-06T13:56:42.036947338Z 129 YwtY5F4XW5Hg81YIMqJhVPjZZuiHJ9LrKxUWENGLoWOKb4dgVMmxRKcsVm07
2020-09-06T13:56:42.089153759Z 130 NPtdPQt1Tl73ETYPNVFXkRN2W3t8i2pu96ji8rqX1cKh91LGe8lycOpCBaFM
2020-09-06T13:56:42.140797471Z 131 GuXKjypYIfBd0R53nvRpIGHpB8gJFUgOb1bTYI0MkF8a9K1Bse9q5Phb1RXf
2020-09-06T13:56:42.192367666Z 132 9lQDVPTupTvsaUcGDjIzTAyEWBlyoFZLNQS4QOi3YF1xtQNDk7vMRry02Pkn
2020-09-06T13:56:42.243949605Z 133 RwFOYiakaKoM06NfEb2SkYFM4tsazN7Y6ss5TVlFUJIDGGKlNsjWN5UaGV3c
2020-09-06T13:56:42.295126215Z 134 tBLK07m8Pwll34KwOMzKrQDXZz658mqhyO7PC799wDEd8HDu3vYvUcOTYueI
2020-09-06T13:56:42.346663114Z 135 bCwaBiQQ7KEJQpOwRj66OmfskOlgD32mpSlSHi0SYHqbvCQy4RbFeo0cNigv
2020-09-06T13:56:42.398403093Z 136 wFWPZTClt5GY6pzkFaAu5QkjJYeYnUusSx5s0DXbdu8DmMkdfYalL2YIWFF8
2020-09-06T13:56:42.449553628Z 137 XYl4rAvgR20mv4dP6hCr7iAnVMIlybV0HvEqKjTDeW3qZd5MtOPWo3cRgXfm
2020-09-06T13:56:42.500750632Z 138 NY8JRbIZkGyeldvA698bu1t7luzScmqo3SbcjZ2yye830nwLHTosA8dDOuLm
2020-09-06T13:56:42.551835638Z 139 YUVuLNIsr8jbkxbbAjH5h1oV1Q6keGp1eZRraCsBJuD0z1U66NTmpfldM3bk
2020-09-06T13:56:42.604313548Z 140 EpdhJ67t23JTd2wh168SI8rkM5Jv3vzrsH60cDJCYEeym3tR7VNBxDsLAWBV
2020-09-06T13:56:42.656188595Z 141 x8bD5H78YqF9A92RRymEcMVmvhO68geVwHbMqWeEyoJWi4g511ChGRF0DXHx
2020-09-06T13:56:42.708012396Z 142 mMjccorbHaPPNJQDzuW8xEeRxex5v0P7gENHoRUBoTABbqjZb6BK76cD5eaU
2020-09-06T13:56:42.759787674Z 143 aza4v2pO6WlcpS4GvJQZrpDVWmSlPxNdIQFDsUfsKxCDifE0yBTymEJOTNGn
2020-09-06T13:56:42.810901552Z 144 Xb4P89eZ5xZHANOZ1ytQoJ2KLSkoPsnFa5G1KVLN9a6ZX8QLPNx6iGuzssIn
2020-09-06T13:56:42.861413996Z 145 Rl2R1xCg1JTSwonvjdYSEX6jG3DiV9PSfiBAc2SCpNcAuJaPDJF3RWvVj75r
2020-09-06T13:56:42.913081179Z 146 bdcA0odINGclwNakyMOesnYiRjuSANUO2LkPU7JGjZWkKnZgzqIGuwWA8vJy
2020-09-06T13:56:42.965011339Z 147 nRlnIil2bpuHttA5uwp82RCW0h94SG9DoTugn2jdwNwdZyfVitRMGoeaM6Au
2020-09-06T13:56:43.017628718Z 148 T1jpIxqtwpzfPHD718TvTbQPMCp8LYRbsMjLqWHl7ClNuEcVIJk724rlKpO6
2020-09-06T13:56:43.069042425Z 149 97HKTfiNmQgSOvhjyt88SlAoZzfEMelSboMJErZFrSYlTR5vyDAIEjLnEzqa
2020-09-06T13:56:43.120595433Z 150 TWLzr0ZljVg473bEUL92e9u6pD2Abi4bCgRyIbNvzWUsrYkPG4Fs1wQmuHcG
2020-09-06T13:56:43.172012257Z 151 kqfDgo4QrS8UCp9zBZCVgO6OuSSqNPmXgWLVowX1AaC3EwqDOwQpkWbLmsAT
2020-09-06T13:56:43.223989352Z 152 P4E5PMgMK0IDklG6DyDi4D8gImxQfdzTJicFqx9dErOSX4fqsay1PaHBMSXh
2020-09-06T13:56:43.276217049Z 153 iZ5CVgFBCxtEE5zTooTqgK5lKCeqIlLO1p1ft3crtzXpJG4e5SJyEpBJAW1c
2020-09-06T13:56:43.327763447Z 154 RPbDvSIyRO0NMhuvleUuq00vtphDEYkSgzkwkoq7eGIbjcQTxMtfdyWOMuoY
2020-09-06T13:56:43.379387776Z 155 WccD99N0Cd0XBnNqpOEZbkmnlIY1rJ2ZVqDeM6jdZ3r3EqGi441Jg8t1rdMW
2020-09-06T13:56:43.431300736Z 156 vMy024mvrmgzBJpY0W4Hz1GpYmTd4EtFZErKP5EP11lbQMw75M9DIyQV5E1R
2020-09-06T13:56:43.482659887Z 157 83QluegEYXGzhXJYbxocedRTgCJqf1OuS4iq1NnLX2Rky65HuKrkI6XGnjAx
2020-09-06T13:56:43.533353583Z 158 JHfhMPs4LZAdZHLLA1yv4I6JIw8u46nL2qDFEOChTrmkpEueo9HHyQkxFxfd
2020-09-06T13:56:43.584526010Z 159 UvnrUdFXZe9eS7FUcJO22kprAxQjiZGlkbYJm5ggfNEWjY6HWoEZuRa0NdXD
2020-09-06T13:56:43.635616396Z 160 tOuZ7vKj76qu5lRXlMxALwt3c23iFwMrzjEAOAH9klNAqcP6HXTcGtBF7WkZ
2020-09-06T13:56:43.686422133Z 161 CsL3E9CZ5WkYByothjZQL1tAVQaEQtRwgbwtx6HUQl1l7H8wYDX9kOkA3ul4
2020-09-06T13:56:43.738194152Z 162 khf55aQzCnEVC0aLXrlWxFysx8cpzKi9l15R0HIXbk2z3gJGPdhELdmZMCQ1
2020-09-06T13:56:43.789593952Z 163 K1EAZu5qDUBGNCCVOXNU3sd4Ov3uQ3j234yB7i3uTfNyopNW0xJqadX86JjH
2020-09-06T13:56:43.840871337Z 164 tIWFomP5mBeykYlwpRznJnblxbffHcMC73w3AlY7shv7F3oZWzCJdwlkaxDM
2020-09-06T13:56:43.891576348Z 165 Bshc6HjDdjkBv3K56nHMRb0vguaBsYDTend5ABPG2wZFilFXgNTLtFLGarAf
2020-09-06T13:56:43.942744901Z 166 o4j0RmuelrYB7modpw0x1fPDVcU7EJtYgHYzuq7652jxccoBtylmoBum6SiP
2020-09-06T13:56:43.993404530Z 167 t9p3Ek55RGZ9CVuvaS7ZH6gUB9Xtx13uMVQX9CCQPvR5Bst93FVyltta0ll7
2020-09-06T13:56:44.044923369Z 168 Q6UiRpLOwJZhyl3YXSpqrsNvfAkU5DMwsMUWFHrxZd8yYjyuQWjgDfmr7V7A
2020-09-06T13:56:44.097220212Z 169 w9cjCAOi9GGFauScEttAi0253ToTxhoR07D1VE5wbrQYcJw0GSLdPGhs2EeW
2020-09-06T13:56:44.149301942Z 170 Ch0EZ7xqDdvUitcXMqTIOgqDtoyIVHEizOPozn3hv5ZPzB3bAZqEFZmBqHbQ
2020-09-06T13:56:44.199862921Z 171 R2OrOMovsK5T4Cs77q595u4IX5LzP0sqVO4AEs4tsMmJjw3gBQOwllSpxl6O
2020-09-06T13:56:44.251279950Z 172 3ttYXuAqWe7IvrxYZILmug8OsfpACHLCtwzmbqWOp4q5bgQSENcnQfyvCpHU
2020-09-06T13:56:44.302567061Z 173 2u37wq7xgwjOTCsAIHCz32uua7S1KYaYBH1m6US1Xq74bK5ZkJjJ9kVJvzXP
2020-09-06T13:56:44.353703573Z 174 owKLVDLn5CVXNWJwEkzPgwgok6Vk0Sl9YT07beZHfrDJnDniK5STCLQGhZEo
2020-09-06T13:56:44.404742944Z 175 oZ2W0sZObzEQC8cQaeRfSJH8eC3Ker0LWl6FFdXvA4X3b7zX305ITCQNdQhx
2020-09-06T13:56:44.456122539Z 176 js2gFVH6GSjYaQ3T8amgYVTH3OCr1ajthmMJIUSu2Sol7qZfRTtqhIQTKvBP
2020-09-06T13:56:44.507726161Z 177 z0nDYmhM0FuWm96Mw5we5RvLN4CELlyJgVdowPnui6mJwcdu6N4CXkplvsHk
2020-09-06T13:56:44.559263706Z 178 87Pv9djH8aF67dy1SULnWW4o1wLd0UvIlMSwtH4oLYc7PdFeprQk66Hr9ADY
2020-09-06T13:56:44.610753611Z 179 jekfz4N7mDMSUCclhiU8odWBcSMaSmPutVlK9Jz3T6qKGSmceSZ2HneiWQk4
2020-09-06T13:56:44.662328382Z 180 SQMThBO5kIZYPiymFfJBe4PnXXgy82EsDoUESA89h1WZzMPDH3SvVtlqrWd8
2020-09-06T13:56:44.714004248Z 181 p1plvyacwIx9q8RXBhwnZKHF8kxC9HCA3bB6mOXglbvgq3Eo3wmqkDVsSoY8
2020-09-06T13:56:44.764728169Z 182 tjCxGkPJZFOjU4BTueYuPCPbYVZ5wC490VLJ5G3C2US5s7HoxxlPebWOmTni
2020-09-06T13:56:44.815647428Z 183 Bx63zJGrFY5Ea8J9qQCwRhFp4zh5LlIFEpSUlGeiWKUi2m4hnmbvYtyt1om2
2020-09-06T13:56:44.866620382Z 184 niYad77j6L6lR36RZl9MlParlLQNZtYnoZ9QpK9qpeUlZ2yls2AFxHkvUhj0
2020-09-06T13:56:44.917489695Z 185 vnL7Q6dYMrebAvc6hV9Z712beCRrPrbFdkSRwtkzJPsuaGqZojm6Y9MaH4t0
2020-09-06T13:56:44.969271218Z 186 lBj62N6YO0yYwlq1d4XF21FIGgAA7HffXmfAFV6b3xppVQYpLET61ftXMxsa
2020-09-06T13:56:45.020445254Z 187 BtIROKBS9kJQ8gwl5k4sjuZzIsV6sR1bgVr22kTSLKmqVjN9cKzxpHaIQJqo
2020-09-06T13:56:45.071442454Z 188 5P5NTb12n6517RM8qth7Xec3Y4QfYwv1fbBga7oAtZFIY9rHEwsr9wsDjLuw
2020-09-06T13:56:45.122674369Z 189 YiJbEBE3CIE75JsECzYY1qi4o4kMjzj6Z9NJ8WNUsJeMEB1t8Lce8V9KmIKI
2020-09-06T13:56:45.173508392Z 190 3yxKACcBBgnlbE7pLQo8wgLAEvXolalqzXjsACpTkp5ldLE4qYkmVBJ6tLK0
2020-09-06T13:56:45.225231292Z 191 8Iz3t8y0IaadKy86WnU4mnVnCDta2Vmb0hqGUZplbchDdIeFwpUigSJ6hz1u
2020-09-06T13:56:45.276353792Z 192 xc1JCvyYsPJmu2PvpybcgDxjf6TJlUPhgKVQBjiyIjx3DbObwXIVIida3kCN
2020-09-06T13:56:45.327793937Z 193 MjHvX9WIn7h4y3bVCAA38URpUWTUchClz4mdR3pX9GQHbG8wjrbzJ6ZyYsE1
2020-09-06T13:56:45.379689114Z 194 Yy9mwm1mNOKTM295RFDlfTwe82ZDWMGx4gq53ujiSRL43MDaxoOPZkGvl1CD
2020-09-06T13:56:45.431156145Z 195 gT5rhSW3x45xE3FRGxQkFzhsQto6LewHdwCFwYrE6jtXc1JS7O9FeJbOvxLJ
2020-09-06T13:56:45.483043059Z 196 WVChTGcOUM7ZkdSFVwww8L6u3RVyeBHtyTdce3REWbQL3VRVVbgIzwguUxuF
2020-09-06T13:56:45.534991489Z 197 Wyc8KiWDzovxmLMkYTZxi117Z2cVpYwa0EsFA2z9LqCyrsMw2k2Fj2N63Qgu
2020-09-06T13:56:45.586602656Z 198 emyutnjgf1ZyvZuaRCqXD4T8t32PvSSxmwuBPKTTgAsqwzt7Ub1iRTWZZHL7
2020-09-06T13:56:45.638377806Z 199 QT1hCzmJ2RM6iOfidHuYoLLzjtPRZXhqKq0XgO69VrhwmkV80itmUH9uzBSB
2020-09-06T13:56:45.690077275Z 200 sauda1FBDJhh2R4WQe4SDC0xJWMKx4FOy5kDhCVN2oyFKznn8TH5ZhPc6Lb2
2020-09-06T13:56:45.742632214Z 201 f6ajei36WAaN6vbacn3Cr0XAsooEDLlMMYOck1Pk84xntSog7Dk8sAhOu2Wf
2020-09-06T13:56:45.794267389Z 202 h9o6xjePCPaWJei9hUGM0HJ6mrOTS44aIeBT310VLFRdHLBWhX2HQhPCu1cF
2020-09-06T13:56:45.845620284Z 203 XxfXaFiAljT6S7426EybDQ7PNeEDJ20DaKOB8jmfexYJuMZ9vtP3wdrr0Jou
2020-09-06T13:56:45.897088898Z 204 i3ps6rXMkeJNDc3GZu3UwVHoT5LCEzfICWSLAhbuZMg5UlJs8wXWUgFJfLIB
2020-09-06T13:56:45.948865968Z 205 HGxBA3nxKUgpJsYxUkCqB2SbnqdDzNLBGKiDLtv3lkhmHyUtFFZDjvuGNjnX
2020-09-06T13:56:45.999768352Z 206 H18QAXvdMgBt4osGNyBg7H9u9Yu8tpfT7Vs0C2MVuIQOiwoeC333huXmMwph
2020-09-06T13:56:46.050435494Z 207 rqnzZHnHXU2QpIoCTMAr7xzqYbXwenxPfzyfMcRAvVXVVJsjVEdIY7Bb9ol0
2020-09-06T13:56:46.101755854Z 208 TNOrcrEKjgoQb00lkkGxG5ZU5s7b9kWQGCdI5cYd3wyzmK5sBpSxhqh19Tpn
2020-09-06T13:56:46.152392522Z 209 k292ZLOqJR97RrvwfaVihKAcU4Sp52TrE91QkyNkQ5EismtleesgKLzFUriR
2020-09-06T13:56:46.203925971Z 210 HkV1KO3xSaEtGjJgjQvNb1iYKizzUColQX8pcemNPzGlwW6aqQj3m7GhbwpS
2020-09-06T13:56:46.255248042Z 211 VOGdw1sw6oUDVs7PJUMucFqL0egUbKBHoHuh5ZMLX2t3McrXGMUto7RIUgNq
2020-09-06T13:56:46.306261260Z 212 RaNOpO05OXeIyAaPIQ1E8oUoVOxjOjMCzsWub3bQqoDqNcrhG01fFMhxojXl
2020-09-06T13:56:46.358395152Z 213 vh7gpGE0Qik31opxoDAOwjouSypCTtOtiFPXvGgPOGJgIgOIsXbA4DyaTHVh
2020-09-06T13:56:46.411140881Z 214 HT4bcJKfYtSFka1qMywwRCNrHXnAI2QddckgVbrDiBhxuLc1YpWkMNCUkOH8
2020-09-06T13:56:46.462113264Z 215 3Oxwa6mpD9bohSExcpem4lsjSVVAcIryBAzekdrzThagUmUO4gVnnIFbyMjY
2020-09-06T13:56:46.513388280Z 216 SJnB9nvVRE3l2iH5xkrpOSedAFElja5uoLZrjIyJLViCPSrhoYMXqqQBZCz1
2020-09-06T13:56:46.564409938Z 217 ZBq4DkiWZbRiDQbGYqC97TVfzej7SjjWIxorvfCljaE2DiTXiCzb8gqkjgHo
2020-09-06T13:56:46.616013863Z 218 X2ZKlJ7rofCr3hZQGHF0QGuKaLQlPOrY7vdd4q7bP4OngCvYteBHNae3AB1T
2020-09-06T13:56:46.667671314Z 219 NLaimtF3yq1WDDe7r85oIBwY3KAIxJGaAUHX4K4Bkak765D7dD3EL6UA3Z8T
2020-09-06T13:56:46.719122046Z 220 Y5LthfHydjwjENtYlmRDhrxWlZwZ7ikVQXjtQYZL94w3vjc1uSEyeLmqrwyg
2020-09-06T13:56:46.769458900Z 221 D52WR4XmmButjlgHKy1pWnObA0y8clBFVQbtVn2tIy2PYrJaIJqwcTqCwAsg
2020-09-06T13:56:46.821084655Z 222 JHyYVQLjslgjIZ4X3KVCcHO4UPMd2RG65xQYgDu0yCs1qFOOxJW5I5dAaeUO
2020-09-06T13:56:46.872448171Z 223 dGsg2wxmuzWoe46HaBBr5poZ7DrYuowJqwTmqbciRnaA6b8d70bIbs92rHNF
2020-09-06T13:56:46.923325308Z 224 TNso8COm5YpmL0am4kDAa8l0kjeAjRfDBQLy2fY0r8jU5KsLZpEGkHZ0G5Lj
2020-09-06T13:56:46.974997799Z 225 bEamcJOdKaGP6vHRnJr0tUV4xpfAyhWzc419YTLnGeIL8FsV6mjaTzsoB0XJ
2020-09-06T13:56:47.025959241Z 226 jqsDqpVIfPTwDhMrWaT5injk8lCVilsRPMn33dGNQA5T39rkr5BscrgdWMtr
2020-09-06T13:56:47.077093243Z 227 jPqoDS2R3cmE8XZmTzl7gqrHdaTpPRZbwDhYXIpH9Mv7N6eIeYTVIM6Pvuv4
2020-09-06T13:56:47.129162933Z 228 qS1DDlCEwRdbx5uc81KHFAoC40bvrLsPRIJHgmIXKE1rL3OCr6Urq6Dp8wJF
2020-09-06T13:56:47.180414180Z 229 Mvn1lFmJcCIS9j6KncSOtsswwRjgLefGHHjhjKuSKxlBJB6lA6WvOF67oLWP
2020-09-06T13:56:47.232247975Z 230 hTqJjJNrtEZYbObVxYwK5J6dL3HBcAC30Ep62GZHdSrTZosrbC4Bl1Fnprki
2020-09-06T13:56:47.284259722Z 231 RhxBzilYY3LgLRlGt5CmrEyFjhMc4w5cknZlXSnMqP4Abh3h68XcETVZSt5T
2020-09-06T13:56:47.335266872Z 232 mtvGsiniRY0g4oO7UsC68OTYopAQ2tJdhMlC1Rj9DxxMTnWQqhcgUAWO6fMw
2020-09-06T13:56:47.385532680Z 233 oNSszORK3vUeQubAVU3XHunRzO66vBWKXEZRUzcL4IfH8AaYGoDTwtTNHgn3
2020-09-06T13:56:47.436447741Z 234 qZTaj97mF8eOk1AFkOg7vEg8QPjFHCpZeScmDzkpdRVxMl4a6g9kEDhlKggA
2020-09-06T13:56:47.488379666Z 235 a2OWdw2Ej0uDwTxbFnaOaPMJT4P5YapAaqtf6TAH4tBwoGz1GK5edhLfwfpg
2020-09-06T13:56:47.539278184Z 236 zNyR462FWbOpToTByuRTy28ok65FY1JCocaGgY4M4fOH5YixeqVZQ7h1QbAv
2020-09-06T13:56:47.589958797Z 237 dC4JdLNrQI9e9ZetENFERj3spGmMukNI5Q3jZN80Wl0bCFTKaAmgomxnrkDE
2020-09-06T13:56:47.642548034Z 238 zvmJ02yJv4gD8YgvyaFC8VQiqkJJwdAgLvbwPLFMKwNpEKpWMm19eMBbVjJI
2020-09-06T13:56:47.693751859Z 239 vFOSUXRljacEsZUsPZYygoiUpyil4nw2CMh4g81IZjZMLs9YBo06nfMd0bN1
2020-09-06T13:56:47.745216484Z 240 MDgjrw3o8chqrAo5MyUaSOIgYd6DWu0DhHkIngapIvI1OOSBDH2r3MRBQpKb
2020-09-06T13:56:47.795443972Z 241 uEYmiIMeBYvIjGoKeR1Wc5h3IclsQ2nW4CkoIZ2VOOob3yqdU4xipDs7FR06
2020-09-06T13:56:47.846829717Z 242 4LiEyZYCsUBubh0JtFd84xfX66mvxuuTNTywvc4D8YVTflqYjJatcq1VRT9H
2020-09-06T13:56:47.897896187Z 243 MOBg5BwvTyGfFIqfIKG8trflWGYByJEcYSSVLpQJLsjjuna7zTyLYuIRojPS
2020-09-06T13:56:47.948503171Z 244 Zw9EIExQEcWohc7NAAFxCx71zL1U5NhAF3zemqnehxy2uMHPP5HWktYELsCA
2020-09-06T13:56:48.000097126Z 245 v2B4h9DjXaxdWjup8o7nKNs6LL7Gw2SSufghv3rJkSKrKteIxcwgp8ENkgSY
2020-09-06T13:56:48.050407511Z 246 kg0iXv4SHzoXjBwChA9SJQ9jUEmXxq9x9QixYcXgTjSVHwL2zdOkHYRzn9OA
2020-09-06T13:56:48.102417751Z 247 HfNj2LCZIv4YAYz41r6buWeXdP4nhCFLYo8JeVE08e9WKuwNDU0mjtdRZQFm
2020-09-06T13:56:48.153793446Z 248 jxBuf6vUg5JdcPV0YuRqZasdTJ2hewuo9iXWAtEB8oc3TBCQLqfQt6U0uWFq
2020-09-06T13:56:48.205174532Z 249 ai1TvfTy9EyGX6AxTvMGRTAbGNIbFlMGmlB4hHiAWYU5AFYjNywCWqNCu4ER
2020-09-06T13:56:48.256762177Z 250 38vHRMqSC2yIfw9AxhdHDOIvbiO0owr3iBmfRSRDa1OmJcWjTozBM7chr2jE
2020-09-06T13:56:48.307594147Z 251 zGtQTcBNmfCPVojVv8QBmCX29TiwCLguOM2IXEzKNp6D0fREhtkHRMoxPoAi
2020-09-06T13:56:48.358289117Z 252 MUZtSXKn2JJj8KIa1OzMMJM47VwrAaMTlD4889AaZGWBppI6jbTAbVVq8Eq6
2020-09-06T13:56:48.410375935Z 253 eWHrhgnjbxKykuZ552wCsjdohTF55lk7JjJ7k4bYg31Q9C4YnNwhIpb1SNdb
2020-09-06T13:56:48.462060332Z 254 nLo5NaiLJ0aYPkc8d0QhF06WicTRNDicB8CBHjq2xVLWSCteJZOb9NY7TfG5
2020-09-06T13:56:48.513585152Z 255 ydkvt8RYosX6hUOxXI8dVRls9B7s1ey267fTYuoczxCnaZUDMSa7WYLYbYS4
2020-09-06T13:56:48.564545366Z 256 52wJ9rnRj4HPny7tGDZmHR31BJuXD21mlKInmvYhLNVZQyqXTmpBey8liAhJ
2020-09-06T13:56:48.615805323Z 257 kJCZpVq7pjBorl3ENuO11xUiES6IYqYoAjdfXg3syaIaEVeWHMhhD56syB4G
2020-09-06T13:56:48.666708449Z 258 hPEIqbHpjvK6GGr1nA7q2Tad0lco7QE7QnhMVfaiBwTPd5TNuxXjYm0KbSHW
2020-09-06T13:56:48.717462886Z 259 1Ry5lZJamFljafGSdyZm2xeZPRO4jRVgVzcjLWq6uawl8qusFx5u61fEPhUC
2020-09-06T13:56:48.769070984Z 260 SQpSoS8YiMidZHIaci24ufpjO0mgAvFWKOwaeJQX2DvPPTVoVhJvHncfjzIs
2020-09-06T13:56:48.821434060Z 261 VGCWLRWnmqd9DP027Qi5j4hKnXWPcd9bSyUef03RTOtZ0Uc0ggRjyHkweqUf
2020-09-06T13:56:48.872723032Z 262 XfbJ7gbR9U31vixhEMjmOvAorlwAAaO9qxJbj23ycRLx3snNiQb8B5VfMKKZ
2020-09-06T13:56:48.924018830Z 263 9KbWX5zRtk6CwuO9ZckDpUEuZPVCZ7egJ6IZOUCVFGzavKsgCEdn8Si3fuHi
2020-09-06T13:56:48.974446510Z 264 5B3mdsrSKI04W76dHSPyBG90z8WTOs9JdzzsX9C3WwS0KRAGWk7snMYF8vhU
2020-09-06T13:56:49.025726050Z 265 uVCV93HfX2oqXWCv6r20sGeJ8yqfE1exxocVMD4h793Z6icfTs5trlus3iew
2020-09-06T13:56:49.076978835Z 266 FWOFOerGnsC7t5QJP5ZxEoZEdUyvCYVMOMDH2QCAcgStKLGzZlgXlyKhD5JU
2020-09-06T13:56:49.128212960Z 267 1SwwAd5rVglJtPt1uzj3V8gv7bBMw2uHrMth6zyyXdBlel3Q00On2QgWUNPz
2020-09-06T13:56:49.180676452Z 268 ayhT8JDG8MFrcMwHcND7LdDVxzif7d9q2419xC0XxqyChQ7vZcbITinv8NkT
2020-09-06T13:56:49.230673630Z 269 ra7z8fdK6rinVMt1dVwU3yAvFCfEktLY2tKM86BPwGGA1SDK706Of1UnXdJq
2020-09-06T13:56:49.281427241Z 270 5HkXPZuuCdPMAOgyeI7RlL9LJT8z3T4hO38a195vrQKUhHM5zfRHtOI3Ka2G
2020-09-06T13:56:49.332968302Z 271 fHTre3kByKhJEcZaLzbrJlTCsdQieCA6auI8lEktxizjdo1MMpWeT8oB9hEa
2020-09-06T13:56:49.383910758Z 272 NDFmJ8SnAWftdqPX4zgDMMv36xebxqtg2ZmHVDW782kE4pSptiFIC2ceMRD6
2020-09-06T13:56:49.434947624Z 273 1Nndq0g6Z8yEPVT9LOQOhyXxK3NBSDiD0dgMqQeEwZg202ANfLFjTfWMqZZc
2020-09-06T13:56:49.485638725Z 274 qXCJGnJTZ2zOI2uG5MZuromHO11eWgQcIlwMcnKr18QfDkfeRfW0psx1jOb0
2020-09-06T13:56:49.536271009Z 275 GvBcEdjtSL77tpKGmAC4nfZIpdcqHiBrpalm31E3UzFEe33sNMJmPfSODUxU
2020-09-06T13:56:49.587606485Z 276 UYkYAZCCBjAed4gCdwp6LCQVBp6A9lBBvCGS0sfynm7SsXKB2bgER3EfBE5B
2020-09-06T13:56:49.638925599Z 277 lv3zOLxU3VwCa41agno1MTCWJ4aFmNgMqZXVfneZFxRZ5WBRopqx2kSl1IzW
2020-09-06T13:56:49.690234070Z 278 A4wehpPoY46jEbqyBOnP1WXR5GAeF7JBrYuTGxoXlvxUHamzZhBOGc3hkUGA
2020-09-06T13:56:49.742061533Z 279 pwvZ3YkDRucc0fIMRErO6WAJkir0BpO6pJmNIyVgpEytVtlC5yg21cs4AnzQ
2020-09-06T13:56:49.793634833Z 280 8qGDX2YCwiN9cy8lSZeUNcWil9yucYl5F48qDvVPFvhBit1XVbTWX3XiUEpY
2020-09-06T13:56:49.845087817Z 281 O0QGpDBqx3Uk2rZvLVOatijPYqNbnZbAvsY3WE6JUOzv34I9rg6q70j5NBIs
2020-09-06T13:56:49.896955730Z 282 1X00MdzSyUB7vWvlln2FMlHjHyf99kyk5BXWXed9C6el5ctybgtlDoVtQ4s8
2020-09-06T13:56:49.947682223Z 283 03DyN9fOpdp38WMyLN6YCF9R4XOqP0uw03upL98nxR3UOfOtOCtGpHednawX
2020-09-06T13:56:49.999149228Z 284 gDbZiKAruMmfo7kt73BDDvMshIKgm3GcjWpaLEEDBldoksX2eJVDYpxf3DT0
2020-09-06T13:56:50.051050011Z 285 LyApoEYuWiGPgFRo2tIEoMh8jLdcS2WNDyXxYwFLpkTm0NVo0oxTrefcaR1f
2020-09-06T13:56:50.102104870Z 286 roIhwjl7fDUUTa8YaZy1AuQ6b5QLDCRjrYwzbBBwdjdxMFeoBCfg2k0g8kw7
2020-09-06T13:56:50.153209357Z 287 fl9RBtnLQA42UJdGHApcbl9QKYNFohpqwjY0mQaZHPqpAW1c1RtNYsLYI92s
2020-09-06T13:56:50.205031458Z 288 brizkZGUIDtZtC1YY5hpnTcz2MK7i9pxuXO151rofow2x6gAi8zUT9PSZJqI
2020-09-06T13:56:50.256964596Z 289 Uc1oLI7Rlw5U51ZNNyY1mAe58PPWcCicRxttIbJowDHlaYz41uRKYxsd3Fyf
2020-09-06T13:56:50.308338157Z 290 F55bzgC1RStFTKR3AZy5YxuN56lMFuCMN57YCKwtWWOVAH30Tc9hH5WTQBi7
2020-09-06T13:56:50.360257140Z 291 idEM8DbZBMdL5xfE8VjUBWipdsYlGXDnxz2mdShylOnYfeTduM1sLpKLf3zy
2020-09-06T13:56:50.411941685Z 292 xrpK8BtHeAmN0wFpGKx0uMiUpHsurWGakxGVUecBDJtBx3aCcMojFM6PL3jp
2020-09-06T13:56:50.462663580Z 293 p26YpTABICRw7snw5GrVmx2JaXPHqwxkHG8uxN1VnR9iWPJOVZb0r9JTgozl
2020-09-06T13:56:50.514572365Z 294 XgpPXrnMvRr2lifwieZqq5CwAJH091IZWOVKqr4VzpNlHR4mbB0FsaC4XNsZ
2020-09-06T13:56:50.565296914Z 295 Puf7Roh6mv0D5lZf2pQnr83ZoYjMmEEbvq4ImQjoOywaipvTn4VltDMuNwHY
2020-09-06T13:56:50.616873590Z 296 EDuWiGn4gqlATyho7UQFgbHjpylhHWfYOMVnTcBMgaqvzzoRk8dmGZSgvQt1
2020-09-06T13:56:50.667506799Z 297 W937puyltJj7eTaxJQkL64bA9j3v61uCdBd0WHXAgcPRBHZF6WDXsTgIfjGW
2020-09-06T13:56:50.719140238Z 298 YHLaKhH2bUZVcRYLphcEABVMffsLvHMENZw9Xrs7MQWwqFNBxdXNyJf4YB7F
2020-09-06T13:56:50.771121295Z 299 jQvPVA4ctmSo25HRJm29kiID19T1ac5PU9VnfZvIOTdNgI5phyvDKhryxxK2
2020-09-06T13:56:50.821725709Z 300 DmSPuonT4sAklBTqZZnx992UmEe12TBWN9SRVQ9u4N79OiH6W7JAtTRiuAn5
2020-09-06T13:56:50.872694689Z 301 QHScXt9iKW2EpLRMF9TbaC0TrKizxR2gvL0HswHtiYSeTJTmk9626XhrunTL
2020-09-06T13:56:50.925054696Z 302 N1Oajl7itfMUiLGnb9Kn6Nudwhi34WK14wGRlAxwQ1IypEoDoOz5ahOnvdVp
2020-09-06T13:56:50.977221926Z 303 dT2mCqm12nt4BtrJ6CVjpwI9iyEaZjIUjVl966ZXEF72UpGrkN74tIPLGOiU
2020-09-06T13:56:51.028429374Z 304 nuXZOu6u5KQuNbSv8tF2SxYn2YRkJanu8Bq1xYh20xDbEsx7Uiptch4M8ME5
2020-09-06T13:56:51.080071921Z 305 NGeuF23DfKKHeAkCdqFz0EvRseyKbmY2hDyoGke8XTnjYpDimdlITTVHxmO8
2020-09-06T13:56:51.131955473Z 306 YYlfa33Fw9WVGVRDFexNfDjZskT3tOqFY1IVmAVy8lrCUE2Hg0B9GWLriZfi
2020-09-06T13:56:51.183554188Z 307 klWm5U9oa6Fu1TAi3pFb7m38oVrfDU5MAVwQ7ucmIgO0QiuEMiBUlBfTStDB
2020-09-06T13:56:51.235347661Z 308 DlKfcqEcc7rcvGc7JXL3qKPLD3bdNPEIdKxCNRPa8ZoIqOUb5de0rWXQbvLQ
2020-09-06T13:56:51.286701659Z 309 KPx9QZQa8f4QsAzHSVIANDjbZwkRgsaEnpJg12kJEOhIw5LIKTFWmMhl5uLE
2020-09-06T13:56:51.337410832Z 310 qBflT6R4Kldy5z30sMOwDADPPzZjmBJCjmkJMsFRYmWJjg8SWyjXQN8wbICb
2020-09-06T13:56:51.389218837Z 311 0Qh5b7hWgnp6INPD2AjOkEpfFiyXPEzx4tuwuxOOBhG4AxILP44d09cZXC7t
2020-09-06T13:56:51.440857703Z 312 YDsEZKTgVuDZF392S7fL38xNWLWWGuwLBDRTcU9V6P6GhAD4HDSYTRDx19Rp
2020-09-06T13:56:51.492959633Z 313 0A82ecZ46ZeYguXKJAAbrxcVXg0I8NNOKg0clWZ09h8e707fa7D6msBQEiqc
2020-09-06T13:56:51.544803734Z 314 fMN4j00zGGiWGitifarEVHscLFNSU0CUMojfmYAto6NNDcLWkKwYygy7f3K7
2020-09-06T13:56:51.595950852Z 315 zclCk9lpsgOWwmkI6pcoa4pczXkdznlSdn8LeMg1mQQ5QFHiLKtKz3aJfuF7
2020-09-06T13:56:51.646872452Z 316 0nlJQgPCexvfjX5Pbi8VB3BqpMNdDVgH3ZwIU7ezI8BeloQ5bT0rd9wI1KNX
2020-09-06T13:56:51.697471366Z 317 3ti2rFdThXCdPNEhlVOkjHX9UJDfWGOEztgzIKPb4E4tuX9Rwa0pr6i6SnuA
2020-09-06T13:56:51.748394906Z 318 g8NXIUQnMUlhQA3MH7DZyymVXoGYR2k6GTqhqFGj6sitXi3gU8TzWXZxgCNf
2020-09-06T13:56:51.800177266Z 319 fZcRHerhMiBNtdI16CEtLuVqMN8F06iiSDZaCgj9OpQ4dcAf4LafOdC8pNvZ
2020-09-06T13:56:51.851417074Z 320 Eq8PUZVpAlklgNywU8BwHdf553a4lAAyE4s6LdZ1SAiQHhUImfksy0oDapsn
2020-09-06T13:56:51.903128365Z 321 VOex4Grdum94csB0pJFpPZwW5y5vBqZ1wRXVTha3A6PtMjmmp4EbSBpaIJqp
2020-09-06T13:56:51.955293214Z 322 OtEkrMBuPSzImi7k2cuKb9pIEInGT9ZJZ1MA1XdBuZJSWjz9Xu0f4ZE1c30Q
2020-09-06T13:56:52.007328244Z 323 aiPHmZ81NeB0QK7jLnmXB8q5MTYzaU94QoPLVArbYC6JSMH9dTrfzgM3m82W
2020-09-06T13:56:52.059237083Z 324 kTUa2dO4EP6tK1uyMJkSkirNkCb6Qi6f57bEoEl8SPn1dLrjCc6u7fBNVAkO
2020-09-06T13:56:52.110338922Z 325 V6VGUSccPxkZLpUYEr0V7mjuDXkMO5AQlB8CfzPQUvCbVB9B8gA4BTBapB9C
2020-09-06T13:56:52.162185360Z 326 x5ucoqgkVsrbWiTfHd6ZfqY6Q8vpl8bG3Pdc1NK3yXV2L7ax0zt4QewfICaT
2020-09-06T13:56:52.214093299Z 327 8SwoOozGwxm3bNrRxV0VtNNw0z8r2phACFEqua8nTzbdgwhXeuY2zqLZyGpT
2020-09-06T13:56:52.265917732Z 328 y99srADWLqQCcquOV2MvSFVoCOlRFhUJUS8q4crMUJT3TIFhxN9rBz8sJfC8
2020-09-06T13:56:52.317244427Z 329 1hGLFG39Ymk5mUT0bAjGZ5dQ4W40JK709GQtVXmo6pBXKQdxKuAHhbUQnRYI
2020-09-06T13:56:52.368682323Z 330 sXXZqZzB9LhcrYrNhqgCVLGw5p3SgjiPzmg0nYQvqd6V2m2h0ylR8gvZeecU
2020-09-06T13:56:52.419958610Z 331 0Ze9Mug4m8arutHl8P15pczpEWGD2fJeIKKFGzRHwPnJLCozNHixGwmMcFgt
2020-09-06T13:56:52.471520272Z 332 ylb1zVdOVguLjXnQHKraLv82UbVo32h2lePgEom8q6qnZXShp9YEQJfTZSdr
2020-09-06T13:56:52.522543802Z 333 4D2YGQyyJKyNt1I48rP887NinpP5rfzE3JClNcR1OdRbDQDRIO4aCReS2kFQ
2020-09-06T13:56:52.573733785Z 334 8lxzsa5vhJLRYT0OIW3aNqZUo01JR0Hn69QwTtqgQXDNFFumfBF7PnqtGLHr
2020-09-06T13:56:52.624809704Z 335 57AD1I99GCFnmyfwrWxx0KhvzEn2q344SAP5eQrxcrFjtjptu28oyK40rFpb
2020-09-06T13:56:52.675714179Z 336 jnzD1cijFnL3Rg1HBVzJWkr6MCrKY6yQEFgQYxNm6foM4QuW4lhHxwbSaXKM
2020-09-06T13:56:52.726365070Z 337 vPS4VTqDGXfe3rR98xx3ISElxnm02fZrrzqgXBMLCoBaPuBGUlvujp13K3r0
2020-09-06T13:56:52.777844372Z 338 HA6AdZYvdF5shyJv7tlHh8uerf8ocTbAWdNDUMyrucKoTztACsLk04cl9Uy1
2020-09-06T13:56:52.828870821Z 339 4pEYg50fVnfZRhtedJNghraZ1uee4n9o9tVdEi8VMhtpWD49azlm6VJMbNjr
2020-09-06T13:56:52.879690616Z 340 H81acW7Oqmx49uERMLmUvL8pWxWA8nV7zYc0AL8khGngEPQdXt5UWiAQmOM6
2020-09-06T13:56:52.931141586Z 341 mjn0lc9vRpz5DZsOUaikWMGW0NBIT1V916pR5B5aThw8RESGXz9JwTgjJI3y
2020-09-06T13:56:52.981930284Z 342 4xi7hFfHnUGzp8z61XP4dWVlGE4rPf1vD8sBfcoxR3FHzQjrRWXOHZkdaTLj
2020-09-06T13:56:53.033841656Z 343 RnbxXVfC7MdBMq1o8nFfCPdj86thRoYOz2Y3lIfBIrGqivOF1EIXoCT3ylSZ
2020-09-06T13:56:53.085632824Z 344 P8NPC90KOGU63E8iLwtRjUKvd91V4Qw3fOjzYNgDTvUEUKeTvBIRV71OmsbM
2020-09-06T13:56:53.136594407Z 345 cNcAfwHOxN0m5u7GE4Kv3DtQ0eAq7VPBoM7Mq9LtQk5TP3C6yV3OxtAtepgP
2020-09-06T13:56:53.187372628Z 346 DSQnoyWsmwqBDm1GHnH1pDG9sSCzojo5K8hatUkM3eXZccbzfPCIetPMA16X
2020-09-06T13:56:53.238921959Z 347 IPq2NBEaRIGZnAM8gg3vw36TGareKcW3oSZXZrWdITbEU4F0yFiFWLc4Ylhs
2020-09-06T13:56:53.290674880Z 348 CqBOHk2XOd4kGQXD22eO5Fs0je1M0ZeisvK4T8pJflrtzIvNkCCH0PkxdBHw
2020-09-06T13:56:53.341499627Z 349 9AsLm55vLNaUKYcfksgnQ9u2M19eizs9bVBuC6KCMFUnhoKx3ZBGCEtbnbKM
2020-09-06T13:56:53.393124208Z 350 RdnbHRJaiVdq0D7LDQo1TpPmzIPpqYVthGeCLwTksvKjBRCGPMTPOPsQQSRL
2020-09-06T13:56:53.445290695Z 351 JTmiE1TmyauPTKOjgLombXVvStTo0niDvxOfE5DwVV6l3JblYMa5m6hVmikn
2020-09-06T13:56:53.496468613Z 352 Iq2lsTWU5V6wMQOwQuhJVxfXOfZJjTbCJQwFRyGbbwLZVXr0DWHsPZSFhqsW
2020-09-06T13:56:53.548277322Z 353 PMBYdrmkuEhZnkl5GqNFdjIW4fKJbdwUWkHK3eJmfsNa2XQ81P0TX5GrnYip
2020-09-06T13:56:53.600011974Z 354 8XxUwyYBNlH740luPMx1bHhBcn6emQMKhTIDN1xfUDC8DOVeAdMmr2Gjn90c
2020-09-06T13:56:53.650419574Z 355 JJZMS1nDW8KZXiO5oT4Kv2RHCHIYZQJxK4ooNmvFI7n3cpN7JElGXjwZzOCK
2020-09-06T13:56:53.701868035Z 356 JCnlysnN0u3uPmKUd9zV0iaS6wfkps1gZc6TvHP2r3f2wjYfLE655ZsP0KfG
2020-09-06T13:56:53.753198239Z 357 CYghV0zDIPoQAHUE1s04OwR2rEPVPqXSF8EEpI6zqf6TkVmUN1aCL6E4D57N
2020-09-06T13:56:53.804201842Z 358 wLKz366IbmgqHwGSKDdBn8floUzhBRs5LHgCfkfBZGnj9X4qYyDeSMes12iL
2020-09-06T13:56:53.856053364Z 359 Jlm2MgivqmJJ1qGNR0KpnhZMj0wQ9sqRzIMgRsZjUxVIRSlbytUHVOxYINps
2020-09-06T13:56:53.906749758Z 360 W24Une50oj1WPgyntP5zukv1LwSwhx7H6slyp9hpBKIKl8sq42WekW7RqN5P
2020-09-06T13:56:53.957762490Z 361 Qn00jUQs2fyZo7heqaITclBWfWTENX9pbuNyNbzz3YLlW5Bfd3RO6Qmbgy5F
2020-09-06T13:56:54.009252692Z 362 F0XjdqgXphjjiIYmTkh9MGCbh9I05xPLaAEg2IxoRWfI72Yqi7xgCm3OP4wb
2020-09-06T13:56:54.060594539Z 363 PZVRABa4nf9oMmgsYlLcOhgL6AV2oW9MO1vm4VFCdT1QxZzz852h5IypDGLG
2020-09-06T13:56:54.112168752Z 364 twew71XBDx7qxqHvbspNgns2FvBlFfFpG9bDod1UbeYx9ppJxJiEdnqS0fly
2020-09-06T13:56:54.163550390Z 365 PcAW9Kwv3jqbeprv7TdjR8fFehhHgMz7meWxGzjulnMVVsWoQL35ZEvgCfkg
2020-09-06T13:56:54.215082882Z 366 Q2LOtHeVRMoamkplUv4PFEPfhyWzvIcdtaszU7sfHdEkUSHhdU4QYuVZeiIo
2020-09-06T13:56:54.266741980Z 367 g1xeJpzKoWa0EXkSXmpccMgU8HhWdtd9Qd72H099nCKlDOWXal4ugUiRVwJm
2020-09-06T13:56:54.317381637Z 368 3cmxPoZgPEddnYMkAUoFKobVhHoG2ujxF9NUcp1KGdeRz1WGv6QV5bB7WfJ1
2020-09-06T13:56:54.368779545Z 369 jbfeq0eQsuRdGTrwzg7UWuTerdxsuRgQ250aAoTxPr4tiiPhhSy0WnP3560v
2020-09-06T13:56:54.420143124Z 370 9x46dmNw4kSp6Fy2KtcbyrSDRYw8Q0pmlEQqgoMzaKz9pUqDKPRu9RtH68tc
2020-09-06T13:56:54.472313294Z 371 9OLHKUugYeejNNrZMuolDEOughUP6QLKjVx7aLdaBpo20dHvrQOHZdbC0ZJq
2020-09-06T13:56:54.524140856Z 372 KWYaNppaSjTjNKzgdCnRcqR9WJ4Jxbs7T8LD7O77cs3wR620oNgEwO4yZP1B
2020-09-06T13:56:54.576136973Z 373 53bV2f2hX9klmTg5NCREqBoshbz8V1ydPwveU1hUg6r0uAZ321f45PibGodK
2020-09-06T13:56:54.627801233Z 374 mfJGXv4BQqlBx2dqzTKccqxU4sX4V4r27ioDK1GfpS9r5QORGL1VhFuRL8Ht
2020-09-06T13:56:54.678740179Z 375 Lja8z8vYskt95hOCuYR4RkTqjcP3xTKOgjlChxcsuN8UoNUfypJH89QfakaK
2020-09-06T13:56:54.729355304Z 376 9IWSeT7PNn3jhtiZ18ZqCg4N6VGwsNJZ7NU5IdqhctG5qxwTW2JF4DGEpkvs
2020-09-06T13:56:54.780838310Z 377 113R4FspbQHf6eN0UIcbIt93RsJh32J41hl22sy1Idcre1ZnJso3fV1gckUQ
2020-09-06T13:56:54.832123922Z 378 gjefBrMTjtWMgxC5nf1FWGL4UqNcLW7NDJp9ivxppBtLSEv3WLSv4sfHe64P
2020-09-06T13:56:54.884308085Z 379 sAXju4UhbnUmg7Sr4GHYakTeKPdegsT0zylOtodkoOju33G5kX0rW8QsqXw7
2020-09-06T13:56:54.935683668Z 380 csh1Cir1XAFrTGuptzSc4Q9uq4kzkwE6OwMd5ecmcAzrDfQs5LM1yuZIr2WV
2020-09-06T13:56:54.987251653Z 381 CzB1Gin04UVj9xerAZK6DhCKAtaQPKq3eeHniexSToxdUUM9DW1do1Sy37We
2020-09-06T13:56:55.038453078Z 382 4IOoAJ0mqVrMjouaFvajvbA6sQd8rjq0OH3LlzMp1vaFKyyi7E2qq1heKSc3
2020-09-06T13:56:55.090541242Z 383 BhZ9VUAQttq7NVoNNoNBdbm8luk31Ryaq2YJCrS6sy3LjDjLRACZu3b9bpHB
2020-09-06T13:56:55.142314781Z 384 PTJ7LcaBKqaZZa8BeEILYbz7OrMI5SlyQ5NfVNgJQSR5KjqNSq68UgOVjC6E
2020-09-06T13:56:55.194558774Z 385 DYBlMxNta8a7uUlDbWal848d3pfvVQtX6Heevqi0k3f81SawR6JnohInRfVo
2020-09-06T13:56:55.245419206Z 386 SIFEIAJn5cxlBTexEKm5Xlp6SMEdOQcI5vjh0yQpGCZL8HqVKsMsuRV2Ynl7
2020-09-06T13:56:55.296814307Z 387 dtDQYFp4u19sEVQYXdRyBx0imh6gUmhr6c4i2H8BMECXqtQ4c02gA9JrvSzP
2020-09-06T13:56:55.347989077Z 388 bH2VrHj9QBhJfDSt7dyWFXFWZiLMgcJ73T8IwOwbuO6o5tabV270Uhz1B7do
2020-09-06T13:56:55.399170017Z 389 OmsXRQt2cXtbWsiiMc5ZuuAOLQhWNCSgGS4HWzIKFFHRSuojp3PxGC5d7snY
2020-09-06T13:56:55.449286345Z 390 fUXan8fCx75sp2cMugqth6mtLrOxilGBouXYr7CI9AZ7hNHFnwBILyoqO9T0
2020-09-06T13:56:55.500229374Z 391 Yo9Ndf8aiTOlRlB8KZStgumMiI9iHXHGJvbc5iKGkuzAezVDIsHwTK6eF5wp
2020-09-06T13:56:55.552328199Z 392 M0iAlmhZNRApvA98nm4ET4SHV4EX6jqe6zv3dt50jMfX4qFDo5rRCPKcmPyv
2020-09-06T13:56:55.603514075Z 393 vNGwvzcNKTbXiAO0yyhewLbHXIVPVrg5Izvcd8PGfgJJSvUG7dN3o76OqlKy
2020-09-06T13:56:55.654773125Z 394 wRlFIuO1yC6iJmTFN05Pya8ZpKAgecXWAXwQwOA78x6GBuJY5rW3BCuSMwxD
2020-09-06T13:56:55.705687588Z 395 MICKT0nZ2JZt5fMTyOT7MBMidjP8puZFnEhm3GsXHwUDX4AQLZd6LepnP1BH
2020-09-06T13:56:55.757279195Z 396 vJCQTxvSvPSHzcQ4t7UAyHpImMK8uaiZ6KAhvwatqjfIWIlKPBebKvzn1DK8
2020-09-06T13:56:55.809121948Z 397 LzJiRv7rXre1uvlZCAFSHEfhbu32ENnvpzWLzXF8K2JIVYbR7CshUxJANbE8
2020-09-06T13:56:55.860617758Z 398 UHmgRXYkneUy6GaL3FYoY7EZYzkqFLCeHA9bFJjHfm1J0cYYBY5P0MkAb5nE
2020-09-06T13:56:55.912208270Z 399 bC1DITGHzwVxq1X0w2SVIGXc7hoKvpCWSp0OQcPJzE5kgSZrXolnhMzFWGFK
2020-09-06T13:56:55.964198515Z 400 OlSx9sBavuHy5HMKtch05qTVjkNoWU90AnnAnFXbXdcTmePX65OKqRgrPUpq
2020-09-06T13:56:56.014837072Z 401 1Em5gzESvEouSTHX49xxI1ni6OTPe0obIKkkJb0bUGAPNQY8jVjGeYtgQpMn
2020-09-06T13:56:56.065584590Z 402 eTebCBXvnxz22lN93MDNfDuqMat6uAfB78LXjeDEqMdKSoa3GvNunwP935Qk
2020-09-06T13:56:56.117350981Z 403 wkEBmev06JzEE4Gknavbra3dcSewd1NAIlYG76eqABr49WTFoyhzrJIvusnT
2020-09-06T13:56:56.169130185Z 404 yndOld9UNJudgSli8FxKw3I7GEvfvLOhngHTLGJjMRyDZ3UaV3N6EC6Eoy9r
2020-09-06T13:56:56.220497001Z 405 BzKLin6sURRPkcqv3IUcApwEHeZdIOzgPoaPQT1tD7DRQ9D0MjEaBmNFEnRi
2020-09-06T13:56:56.272087927Z 406 8gvzDlE9P2lq4EcdwzqvdLf09yhgRI6BkWZkJrtcD3PBXh1a4EDlpXBFJtPG
2020-09-06T13:56:56.323519462Z 407 BYdKqReX6vEpc8n91rVZ7zrAjaptD0atps7AqSQedFbbK5uuN2OQxvuz7OvQ
2020-09-06T13:56:56.374833207Z 408 XcpwaeUodAPK7WFm2j5kN56Y1yc8whYvQKuAplkSasdaIIwBvkkc0zA5jDVk
2020-09-06T13:56:56.426004111Z 409 ozhs6byLCaFtoAfgA9KdBAYV3IdX15yd1lvpaC4WEuxVncKvRMzk5I1KHIhH
2020-09-06T13:56:56.476850045Z 410 XDnRBcvonc9kBjuBw7cyYcOITQVgNF9ZN7FknAwibfUYv8nfmODEXgu9XsLa
2020-09-06T13:56:56.527355657Z 411 UL8C3CL0wt95HIOfBkFgkcOawmWyrT2nPOM8Vf9ZM59dFBHDOEz9ByrZ5rL0
2020-09-06T13:56:56.578875324Z 412 zkyYTsqS4siq59Skwo0laYkFEpZb0tTO84dr73Lpvxg5D4GYkzjAtJ742a2I
2020-09-06T13:56:56.631391872Z 413 yrrnpJYm1yG58FtZfdE1SZoO6rD5ecj15UKYUUGwwJwrvZUe0vGgTHokWSG0
2020-09-06T13:56:56.682614814Z 414 FEOiVRK0kVn3mwFj9AMA1uQmFPKsDhCqaA6ZTx1x6wXNgPlU4iJG79JxQa44
2020-09-06T13:56:56.734179192Z 415 UqzlBLMOgoKI6vwZEVpU7XwTQU47w8R1ZjvfUZEErwHuum7foPBGyjLqYroQ
2020-09-06T13:56:56.785498363Z 416 09zPPVvEWggu1CnYHDnoLcCSlRwAJNzQv7KchgK5VZsWhWRLnED24LP9al1Y
2020-09-06T13:56:56.837119415Z 417 9dsHqE6JNU0Dfy7KWwMoSsKntq3KeNOWiuUk5LRLGVPp9Xi7vuo9jIAZjr7R
2020-09-06T13:56:56.888428252Z 418 wTYyaETdG8CxpXt7XLAc0UqkTcSL1cVmiqJFxQsFsWAKpH9yaLOTqz6sWFu6
2020-09-06T13:56:56.939741190Z 419 K2vMbn1mTtZuOBld0JaHKjaPUqvauTUg1NRhrxyS7WXci1OTByidGg8B8n5W
2020-09-06T13:56:56.990528311Z 420 VxN2k64Yb8QeiP3jliBt1rKw7YBK0W1OleNSXuwvjxccEVZWJPzVtYbPCFSB
2020-09-06T13:56:57.041937728Z 421 olf1iSHWBja2wtT5MGElibSGlEeLHxw7X7V4aNzlzPNLEMn97S0v8XSn0DWn
2020-09-06T13:56:57.093730673Z 422 IAnHVCr0CDd4Rj9qxiVi3QoQzqcXtZD2S4vbbNbGrdSGakzN9MGArvwqdBNI
2020-09-06T13:56:57.144768776Z 423 ck3tB5sRI4b67cIOVGb4fCkqSlU1Fd0JDWCT34oeZlGmU742BevWW3ReuwSx
2020-09-06T13:56:57.195748372Z 424 q2aUvBXHHIEs8Inr6iMeETC9pBUZjY5fvRjaV2BFivPC13TtlSAnvFsGAhhV
2020-09-06T13:56:57.248023340Z 425 GHO2GMF4HIp0dFdooZf0huJcm2H91HvxtSrnuxun0jJa4EyLeoJjjus3iKjO
2020-09-06T13:56:57.299836031Z 426 DgH7gLfMqfRQWHN9Y1oXLt0CdKrYi0hKItVd0apejlqmc0j9wuaBi9vS7Eyk
2020-09-06T13:56:57.350581763Z 427 UoVdwSj4flnX5A5YaYoVK0yJqAb2TuIoDyULjUXHrZGgaG9lSb7tWxCc08nS
2020-09-06T13:56:57.402315799Z 428 4FwVIRt8fC0H9TytDVRuBkGAjjvKyYWrhPxiT8E0c1vNhJtow7IaS5r8zk36
2020-09-06T13:56:57.453779170Z 429 U2j6s3aszee83N0zSJRwtfYXT0I9ZKT9GPoGwFBTgdzGjfbG0Rh8szC5RT4R
2020-09-06T13:56:57.504564549Z 430 B3AApPvEjuEWGCNFOkDf0si0euzqG1eIHRtjoR2DYYDMWstuq6SGgkQo4nla
2020-09-06T13:56:57.556457166Z 431 UNNMP0H0ajZb5RlL7NusmEuxrSxtYR2vSp5xb85kEQgh9iOHiCe8E7bcCAvm
2020-09-06T13:56:57.607814692Z 432 oO9SCOVINkU4cu40a9pYTcBeT8KNXBJHzWW1MPH0CfKeST1Mkgv5VrSp3Au6
2020-09-06T13:56:57.658474669Z 433 WzyIxgjslqtq1UKZtk7AxfoOsHuHwW4EeU48ozqSIYUGKX4H8CShBIEEnARl
2020-09-06T13:56:57.709299332Z 434 8BzMSbDO42Y9AjCOaHoVvBqaXbTuBZNsN53l50hxIPZV8heopngDiNzgO4aZ
2020-09-06T13:56:57.760819120Z 435 WX3XiD8ZLRr2yBReJOQy8FXG6euquyDBlMuKnsAYzAbJlf3sIg61SpaF7R8V
2020-09-06T13:56:57.813280547Z 436 1iTdyVeLaRqSbNyqOQVr1mBkt6mKoNcDU3R0Stj1ZGFbpQ2xzCypUsJDAFko
2020-09-06T13:56:57.863879197Z 437 c3V0RiPFuqGBm5qoOyVztrQRriXXSnLJYwADBCAgGVHZzfJTnGeCWeXX356u
2020-09-06T13:56:57.915014041Z 438 SNKCt5R2lfZJjdATj7DMuOPoug6cZ43plV3Cj85b4olHJRWBJIqJlMMbSIkP
2020-09-06T13:56:57.966969871Z 439 FDosiQ7cGKkktIJ0RJTNax3pO3B4bQaq5jHbhcPqfFAgcXfRiBQpIQN20q1P
2020-09-06T13:56:58.018686683Z 440 RnCVNzwa4fnelE1ldwGQ9dy7leW0HWsnoVJp2RN7hp9KKf4KKQjPv0BzWuiG
2020-09-06T13:56:58.069843671Z 441 GjxnKzwptV8X8BAVeHjm9ZjbZJQYVPO22n8eoxLfkVnGU0BSYDY6fkwzJ4Vs
2020-09-06T13:56:58.120397000Z 442 BiVxASCDGqacTGnTy34VZpQ0464V7eS3SgQxjo36PB326WBSVa3jzS8zIFBV
2020-09-06T13:56:58.171556595Z 443 LLHpexjqjNLzfpjVSfmqybsmJZashJgALZuCm5wNSFXOEEtMavpcSYTLilCM
2020-09-06T13:56:58.222505059Z 444 ZZK20FV4HPJIO2cmmFN1JQsmV4Mehd60Z1ypV6Wk2GAuVcAo0gu4pejNaT5U
2020-09-06T13:56:58.274424205Z 445 yCfBXzkb7BaG2D0mQMqVjlX1QsaZS2SfT4PyK1T8ctC9Eeil1ZzdeCrGQrbh
2020-09-06T13:56:58.326069428Z 446 A5lv0RHNwXjghMo1qR9B0pLHYOOqje7BsjTAhZJUsymOzTaXCbVdvL8nHAdu
2020-09-06T13:56:58.377216320Z 447 RCXNvxuPEHiK7XzLRvUHOtpxIz2J7zpWtzq3o6gp9mnUdPKATefCoJOKd1o4
2020-09-06T13:56:58.429210707Z 448 Uwyjo0sN61qWua6XAkx4g7Oqwyvnv1sXvx9eIiKA0YcQSUQmflSvFMfx9Cxe
2020-09-06T13:56:58.480289820Z 449 kYUYmZ0VzyHZkv4yq9Zz3NJrWw833hgpoMNNFYDIS3eLHhfamJKAVuVfdbqX
2020-09-06T13:56:58.531238082Z 450 ydKsts6TBO03a1wtc8oPDkWCj0i6f0K1Jiuc8uubkDG6PRbJWbeJYhEAeMaC
2020-09-06T13:56:58.582118538Z 451 DQvf1xTEQWy1EUFCr9Yd58DVxehjFyBPVEjNFMhO6RoC9o5F9vaj6ZjTAQif
2020-09-06T13:56:58.632697087Z 452 jnsdIGoS8qW23dgfNdnbQNmxECKwtPkpyC7qnWp74KZLwOuoyYCTPOcORJRM
2020-09-06T13:56:58.683661828Z 453 aWfqFreeHWurDpWMP9tU1gSw9STOmsEjswhgzfNj24hats0CMmAx5bcw22IS
2020-09-06T13:56:58.735703889Z 454 KeeNRh8k6ZoaLBg1CmzOffSAgjbJXt8UfXvQgt6vQ6W2omV4hqEC1B6ifGpV
2020-09-06T13:56:58.786296140Z 455 WhwgmARM15evO7KzOTS1Jh5HoC7bNNIlgvSZOYiBhglqUWfw4Ti7Wssh9UZ3
2020-09-06T13:56:58.837158573Z 456 OJLy1zXnJxJSTPzwMSbJQml3GyIS6ZXgCwiIrYtOaAccaGvTZJoMpfborpvq
2020-09-06T13:56:58.889038263Z 457 hQA3Lw7fBWFkcAIPoWZXtDiPyI1R2FthsSkrNtXv8Q04heVGvu0YXF7ahk1c
2020-09-06T13:56:58.939690910Z 458 9L7De4OPFWJkDtmagEpVPwwZPnvtyfNSJY3HhO9aNah6Mql0Y3BYgpx5mv7E
2020-09-06T13:56:58.990431267Z 459 o35f99IjUBMXJRniELJ7ApTos8NuJx6aR2HfSAWThiLQdZkYbhwdkMNUJgxG
2020-09-06T13:56:59.041795672Z 460 rS4dgNH3n0GRP8NlllXjTihXifJ3HrpRhPZhdR1EzePD8Baz0tKBiM2Ngyev
2020-09-06T13:56:59.094082474Z 461 oeat8bSWkQzJL7SOWTSVVLpgl3J7gRbabqRHtA1hFBBYhr9SjxwIaZwVnQD1
2020-09-06T13:56:59.145867009Z 462 f2kMaohpPlQsenRruZX76pYLu0dbcBETvf2DlsxGs2DjUjiW69ehAxHRTWwj
2020-09-06T13:56:59.197579981Z 463 4MSQb7VrpQUKBiAQzuob5PUwDnaRjla06X2Xp31eGVmbNRMPwtx9SoMHnzjY
2020-09-06T13:56:59.248514418Z 464 jDIk81rcDN85eYFywsB5sJYVtXAAwmZsIHe9Uojmb9q3stQpUN8zBxKpi1sj
2020-09-06T13:56:59.299433467Z 465 FJKkXiRrHiID7v1Zb8NrznqXp1Cw2Te0DpXpgmwThoNyjv4el4hZ3S0bFPwS
2020-09-06T13:56:59.351229233Z 466 jCHwfkD44FUtfdCCewO5WXPFn8pfJwiM0f85lG5tqHG10xT8kUoSwdt4KDKj
2020-09-06T13:56:59.402945885Z 467 AHGMrSU2JHNNBPHej9iWcr70yIpMIQEZB6sBXOhPaWo2QNtmxqVFeBCypV38
2020-09-06T13:56:59.455123880Z 468 nvl4XwqRnBvPrj8BkqsO6sbTAKjAbMuKrphgzTvU6RdbfQJyOgpLs2XGclNi
2020-09-06T13:56:59.506937693Z 469 vnPQXLEKJOF2DGx707mjmHhULYRXAbh4HsUOHhYjDHO0yhTk1etRGgkslFwY
2020-09-06T13:56:59.558741784Z 470 uIjymMWOfxBjRxx6XkAloQux5ySA2dy4TYfUotqXsMuQPyxww5YrPi93x69W
2020-09-06T13:56:59.610328987Z 471 xhIFGx3thhUvQssj0YH9HA6uKQvD3W4T3hPjxghGkfi7Mb6aaNWiLmepPYPX
2020-09-06T13:56:59.661674364Z 472 K1fdFd9bDhr0bRZ2nAxSoskFkpU2NeCeU4aQfd3YVWmSlBbzV8hXkdPga84F
2020-09-06T13:56:59.712614158Z 473 LQzLTsHoZKwi4B8aLp8rXdpHp8V8gBI0P2uu7S46IxpVT84HlsqazseIv7ph
2020-09-06T13:56:59.764284940Z 474 JopCAli0nEt1pIr3UnRokCRZWFy0ksuAs9GsxkFsyNZIoP4TT2cCiFthsDnP
2020-09-06T13:56:59.815977265Z 475 PDZLyIpsNCGl2dsrlWdp29hEBEOBQYDma5ibFrRNaPhiYehHQp8DLwYzL0uZ
2020-09-06T13:56:59.868193064Z 476 GeBJB7wxyl5bT4BoQqLQLzutHi7IwdWQQbjgU2Wi78XuISU1L9MNDsKTWrU4
2020-09-06T13:56:59.920274642Z 477 npaYpQO65COtpm4T9Vqcqxc0b1QS3U0HwGVbEL8vqtcGUaIaiYhaXwr4P050
2020-09-06T13:56:59.971723867Z 478 8dx6KBrpz4xKJPI6VBpD2gIujUPw0k3rBDUvf5POa8F6j63KR9m7fF1d76bZ
2020-09-06T13:57:00.023602854Z 479 IkbZa8OzF9tKiEnoi3PHWKTHK8G3zbRyH7tkNp7ugdig68f0F2hsgHJCPWiN
2020-09-06T13:57:00.075384086Z 480 CSOkNZP45l9XCSscWpMIln9woHsaJN8QJMBwejeApBQ2MQoj1L964zmj8xLK
2020-09-06T13:57:00.127593502Z 481 JSu8NyJCtubx64ZfLShTd05MKTFhtYCV31E9gWryfXzkHyHlgg8RFHCODJgi
2020-09-06T13:57:00.179390717Z 482 yBW20ErfI0sOwcx8glEYa4JsW8D2dJ3NQHyMu0nmngooEXJkP8Cu93l7se1w
2020-09-06T13:57:00.230359233Z 483 jpGZXiZWxtGtMiCjGxNI2jfhFYHvSc9eiAsP3vWiZSfrZWlATGmplWL8XZnT
2020-09-06T13:57:00.281435573Z 484 IcQ9vAPDaWQVqiQhZNH74DN8lnPbWykWSMlFstALpaMwD5iQ6aC0IYoCtaEZ
2020-09-06T13:57:00.333590285Z 485 vKls0O8uXR158kUqIzxGCXu8WziDQFgZLua35mmSgVCZlfS6aDqJ8SrMFxdE
2020-09-06T13:57:00.384956386Z 486 hgqYe3GDs7qGWEZ3MurFGWRFZ5ZJscov9MNWTN1SnJQf41Po8IARDLElGqlT
2020-09-06T13:57:00.436527840Z 487 Gq9ofBAn5WNDFhZxpVkrWNOG5Oo2nBdRF9Mwakn55rfGAPpAHRNVqG2fuU9U
2020-09-06T13:57:00.487237038Z 488 g58Nlx8RLUEMXTz747fmCw5Rb60pZLMU2HuIDrQSJ9t945XUmqdGPKusDykP
2020-09-06T13:57:00.538863026Z 489 2CGB7bPodZomvcvZEAVVEdceilsXnTNrLxqMLZpiX5VwxPCTSdbcpPJrEPUn
2020-09-06T13:57:00.589469389Z 490 25zWJebcgXhrc25dBcIgqQwDzQ81QTDISnBpBzQLs3qURQMyL8UtXTQcRem2
2020-09-06T13:57:00.640391605Z 491 lScviQRxaXpHjnwa4E5alOvX96I6jaRBgAPuGNBt0669LsfdJJyWNFKkDw4e
2020-09-06T13:57:00.691254395Z 492 cbzhBgWutRrL19H5QZsbEyXcJHcY4XOKMmEtAp8f0ttFEVdKcmiwmDivu6PX
2020-09-06T13:57:00.743486021Z 493 LWR0rtfd0aPqUV6NoIsGyjk6nx9eI5jNNUcZe2kpHSv9QKMTXqTRyQJgiy1Z
2020-09-06T13:57:00.794854656Z 494 imfwLZQt5x0onvCOF06rLY34nHBr3gZNcBeYToYR1dnVmhvwj5hc2A7yaPTp
2020-09-06T13:57:00.846566427Z 495 sax4r3E9v8sBwNFag4XxkblSMzGSce7VpTDwS4sbP2M65kDlJuB2wv6OEKnf
2020-09-06T13:57:00.897700454Z 496 nlH3VjmLpTWHH3M9R6HPvcbY6teh6PDdhSeh4DrCiFCNU5U3kZ968GA5lk3G
2020-09-06T13:57:00.948170638Z 497 6NGFdMPNoUVe2Rr8xscrCTqtx1jM0B9EBHvW2rXM0b5O7mY1Xl5DZxFrQIvT
2020-09-06T13:57:01.000124479Z 498 K8J43r3svzSHOn6RyXIPpgvVzMw30wK0VbMeczVM2AzOgRqFKfNus2rDvhb6
2020-09-06T13:57:01.051776636Z 499 UROwLHcbOc3pAiZXmM9GI2u3Tga1WdJmhlOg4COwj8ICm6WsEKVDQ3EYu5BQ
2020-09-06T13:57:01.103215636Z 500 HXlTQBlbU9jMlV1DALlVkigi2wsvQy68XonEkWEazznUK9YCeXD10xJfQXKE
2020-09-06T13:57:01.155373557Z 501 4WEmOLHXpK405VSbcMKHjETwEDdTanAFOZ5vVPZa4a7XLdsp1oHP8hiRWzj3
2020-09-06T13:57:01.206836847Z 502 29nkaqooJmOMm8nH16nXPPNjeZC2koECY1wG7K8Pxxlzs0oxKEqDFItXPgDw
2020-09-06T13:57:01.257989846Z 503 gXrrwZrFyFKa00kkxG3fcA8y72aCGFpKUWtXFOgrPwjhV8K82XhmlUC84DGm
2020-09-06T13:57:01.309416298Z 504 5ABgQYaBfaZMK9QS4zybyUTWWBHWbVTalKQyIDDA4ESEjwtft9jWb2j3FI0k
2020-09-06T13:57:01.360949822Z 505 0C7ouWCqSK98Zdv6iE12mzfKn5rJpeihmjubXpaJz6UCzIlKZjJAr2NDcREl
2020-09-06T13:57:01.411935030Z 506 BSt7T8Pq1VAn0GnxfKmtVJefDX5nUIIMhyVRnovikDWTiigf8KmaqAzbDrWZ
2020-09-06T13:57:01.464329321Z 507 aPYOFGECzMPow1tQUSApSruKnj9Ga8wZd3OTBD83xtH9Xt9PRji2Yy4smAt5
2020-09-06T13:57:01.514634435Z 508 3gY4zuhmTH4VKJyvdRPkAbVt9zRn9Likhyqwub6Bilh5FSPMK6Toz8gu1huW
2020-09-06T13:57:01.566057840Z 509 3TsUNvdEEQacljaujVVnhwcOWpnEB43FkNmb86egGNzvRKSP216dTIncOwuE
2020-09-06T13:57:01.617954960Z 510 CX1IAoC0TZtA3ZVrGN4FYVO4idPW2K5igSpsAjhToxhoAkEcr5Mz8SzYCY5V
2020-09-06T13:57:01.669052383Z 511 5goUNwWsjNqKciTiErXoUOGwFvmECyyseGIBo2yLLxAHGnHRO4OGn6dEtxA9
2020-09-06T13:57:01.720474959Z 512 ApOVpLhXuZRHTlaatbTk0SxD5eGgRSyOgMvOUQ1HL2L4YhDwwtIa44AxLDwc
2020-09-06T13:57:01.771432542Z 513 otq1fJEQUxYIRsAtF95UoYj94zLHLOJx3paztyIG4NfCGfPWro1kxflUtc0t
2020-09-06T13:57:01.823148187Z 514 nqASqL0tIvL3RymL2LRAqAqNHYQCMDwgZiFa7DUdODKZrKoTdJr7NZUU4acM
2020-09-06T13:57:01.875137910Z 515 WtsUbySsdWbwP13hmiiMd2vTL5KvAcjaWfKSoEEjdSou8Q0eQJ82GpZmyP8p
2020-09-06T13:57:01.926076159Z 516 zcRc3MJV7Nbqv3HDmwazLc4TiDiqq5Cv7x99TO8ebOTwDONUgEgNOQzMQxAo
2020-09-06T13:57:01.976880867Z 517 uygErXeGmAuWuW6GtlVN3JiOY7qRAactJy7jbAP7LzR4dc58fGlC6nafkXKo
2020-09-06T13:57:02.028394408Z 518 v8CH05jGNMpkrskmCW07mhD2ujhxICKYo0YQVYwdwJd2zwFyMZ41F7mPLq0Q
2020-09-06T13:57:02.080160275Z 519 0LundARhp2pEFJeSRJ9Rqbq3gJaHLiSbJlY6dQ5BqrrVXtuIpwOg2G37bOsH
2020-09-06T13:57:02.131388445Z 520 MICZRcvUSVCahRCeznOb10MDvlsPRW3FbgtI3tFF56COcuC4T83NUZAi6nPD
2020-09-06T13:57:02.183158770Z 521 Temk1h4qKmvEhgHxDdD9TvTIpyOfisKQ8hgy7VZH5EnG68emt3JrnO8Btt5W
2020-09-06T13:57:02.234979187Z 522 z8FLZK9Eauegsh54tPE2t8F6wQW1so3utl8Dba3mNLVNTVM7MoqCxiMDEAZN
2020-09-06T13:57:02.286772952Z 523 VmRVKHIgzYVXw7nIZcDcBk8MvB7izWWd6pymKtCpEM3HKJefs1pJ7EzHRkBf
2020-09-06T13:57:02.339271742Z 524 or3aOSlBxMy3L2Do2rfC44cJLH6DPllUQe1aSwRGQMg5vSyRUZ89lDv8WaOb
2020-09-06T13:57:02.390713517Z 525 65H0WbVu4pyPe7Ihd1ZrNO7dWvhueW7jD1oo7gHWy5OfzDByiV2pUfoDPgsu
2020-09-06T13:57:02.441656598Z 526 rGQQbcCK7RT6ZSxV9C7kcp0CD0RlMTiZshxT4QrROSU7bYjbjcoQYXD4yRjh
2020-09-06T13:57:02.492395705Z 527 EHHo3KH0uanBNmTXV64vKUKIO0QISsJ507jno6cSgxG9PHTzDUTyMiguOplt
2020-09-06T13:57:02.543546539Z 528 WfE905AfXYzYkiLxPgpP3xRMNhhY50ZT1jtdoOPi7Q1HR1FCT5N6mg4VZu16
2020-09-06T13:57:02.594483153Z 529 NX8CfgrMXUxfkeqMmU19RTelSglWEdJK6B7UuqboKPeHybZCVa2T1cjq8Y6M
2020-09-06T13:57:02.645521608Z 530 gHh6BJphMx8Ey3O5zIhxYWmP85itluY09Kslfyh1JUDKVxpgBn4gg8E9dTPj
2020-09-06T13:57:02.697345500Z 531 hlyf2WXA8OAfG3sKLznHSHEBnpyKbLZ3XbcLabppTyvNVAIueBQpoGgVx1Rk
2020-09-06T13:57:02.748514172Z 532 fg5WisqAlffZMFzmkbBB1WXe9XM2yDb1RhmYt6UuPpctWv4tgeRqzrTG3IXd
2020-09-06T13:57:02.799590115Z 533 91ZsJDOlmOGxjSw50wJZzDoTIFNmIRFhBLSguRwyUH6BvIBuP7suJkev7nAO
2020-09-06T13:57:02.850659631Z 534 1mpG7zF2jztzFf5QZVMxWeU2z3mFSO7K5hGqU4WE0YzH3GA12r5uDSjumROD
2020-09-06T13:57:02.902650459Z 535 ySTGmekPNSsEu7TsStNdzfIgMOeUPMgC9OCftu0GM8FFYITA0nK7XjP87ovy
2020-09-06T13:57:02.953004109Z 536 NrthslP7yBRmhY1lXgos9iP1zn3CaQzZjdEr9Rdn81h2EaxDAkzlk1gyuHzx
2020-09-06T13:57:03.004170793Z 537 xDcUbt6zVmGCvzEnVb86fSxaRil98gQM75NrwXyXQ7YDYRAWjSLB5Z2sr4kW
2020-09-06T13:57:03.055953221Z 538 uAlGAviuUGln5I4IOG4DytWWKCL7AzIPhkSO5aTjXSDmEEJVswWTaPBz5CgY
2020-09-06T13:57:03.106646411Z 539 kge436KGMo2zhycSpD8iyEWT1K6wpg4284GE1M3MOH8zndxVJwV6zxQ2H9KK
2020-09-06T13:57:03.157492401Z 540 AZmX6e2i6Utt1TKzEqx6Nji8L3kVdV2O0hhMIcKeyqAOHah8maAZEuesizx9
2020-09-06T13:57:03.208557224Z 541 POW7jVYdC0lMW0cltWhejSd4Bvzny68sqXu7Pg2FqhfpMqPob0lJpwSp7gvZ
2020-09-06T13:57:03.259531090Z 542 rZ8tQE3c9swIDP22R8Vu42fIDbfYGRtDzdwR7jqQSCPYRp0w1YI1kTIJPdvp
2020-09-06T13:57:03.312115950Z 543 PcKWfSQm09zFnSCeAfPcr9jmEgg2joMpPnoGYI8HVzh6bkVJszy037l8pYvj
2020-09-06T13:57:03.362564249Z 544 URZVdLOwGAlZAvvCuufzCTqW9Rv0IIGd6IjGruDRRtfyeema9dpXqfH3Q6Fg
2020-09-06T13:57:03.413289582Z 545 21t1V3NCM3wvzeSlCg5JSihoKdL7CYK3QRrZAVyE4UrxCAaJMFaFTbdyqE54
2020-09-06T13:57:03.464502545Z 546 xKJTmJGOYpw5z6F9qea4ZHBszQwT7p0Piyom2zWFyyzosfOS8B0XCtgyxC3J
2020-09-06T13:57:03.515625792Z 547 cSrbBffCMORmbUJ60H0F5I8u30KpzxP0ehz8yJ1CC8qH6VFe3Ru4Epa4889K
2020-09-06T13:57:03.567261663Z 548 KJG76fjLKvyUGviRNAJSxPuHYjsb1DWEoFyUvQG9QFQDH5ytxqUWC7kPzwdo
2020-09-06T13:57:03.618040017Z 549 Sd5fBpMSMh3gYQVEA1IPAEpYxIZJNoLrEqgGpo3gVdiPQL7U1uuRyncvepal
2020-09-06T13:57:03.669007058Z 550 jKhgTVJ4sj6kS6z1NKHtU0dyPUCTebxonTvva3ZUJypcVZpRo32Qj2mTzUm8
2020-09-06T13:57:03.719634530Z 551 EjViegn0TYLlSTd9QREzsaD1dPZlfVcSjc3YOT72A9IbI95r4Qd92ETRhi1K
2020-09-06T13:57:03.771021433Z 552 Ia94gzJXCROZ8znt6rYTBWOxFJ0qV71rIoPcyHTED0qGJvJyPTFgsKIvc45O
2020-09-06T13:57:03.822445988Z 553 cr7n4hZwigCfUOB18Dezxymozl012C2UXLnArwFfqNEoR9XyyUcRXovxY0SC
2020-09-06T13:57:03.873791492Z 554 AiRQZRnf2wnFJDLxMs5lOVuqTIMtIZ5F01XnPCnlQcvVkj1pZEYvvu56VZzX
2020-09-06T13:57:03.925479858Z 555 eQLaUs4rhCthNfN5Ie9JGdrDzGC9k8Mare5jrrTOhDSzB03NOAIrfQ9rZuGh
2020-09-06T13:57:03.976282395Z 556 5kvUKBdyKibm0pKtkQGYiO5ujZOqY36aofcRXkMjDIaMIqtFJLJQOnXxNhTq
2020-09-06T13:57:04.027598576Z 557 eVfvj0nhqcgvqnJWVhRBR0KkWjUwWW5vC5ksHR08v5LanBMbm3d6Gb0Hm7oG
2020-09-06T13:57:04.078703528Z 558 t1viiLlC1sGRH5yopUV16rrp0jDhEZ1uWt5y12YHJTMTL9BpLBHlKQoCBh6u
2020-09-06T13:57:04.129482924Z 559 eG1HFnG773Pm97yGVcgtJHrgM9ImRQhAaI8OlYUJPeF0cdnoxefQ3aiudY35
2020-09-06T13:57:04.180777872Z 560 F6cGpxGv42xmlj3OcAyQNIKIq9PPZ3VBBlUji5CpHtiUkjzdkeQTadk12Pvc
2020-09-06T13:57:04.232085956Z 561 cvZ7NGG2qcnMDz3RgaEH7MosesKVIhGFsqi8vkVMoi3Fdpu4cGlPc8qK5Ypw
2020-09-06T13:57:04.282767144Z 562 6rrx8o8ktpD8EPhzVNB5yTqLlos7Inws5PDpVnYSrlpQl9UAdBTsO9wUuMjq
2020-09-06T13:57:04.333253512Z 563 gAInbs0whyHTM6je5EtsTY5kwMqjaxRiGfy5JkYEtmYjIdipPOiE6XpaSTKD
2020-09-06T13:57:04.384544682Z 564 CmgPaI4u3HVHwrD2x19QJatZcyMIRqDMTRGCYZVBDKWKd0taRYicNeuCaOQg
2020-09-06T13:57:04.435754583Z 565 dVczoD11XFC3ro0BnwKpg61xwIY1qZL8ctQLOEIXvxjSDfffKjxJeKirnblq
2020-09-06T13:57:04.487625709Z 566 r5CFa5mmmM31tEiaGtf2bZXILlqNtHWNY5j4gqkK4Gu1gJG2K3LYGRRMYCtW
2020-09-06T13:57:04.539154253Z 567 xiIbborXl8UxpEAV2fAqUMVMog6z4cTQQwXMzBoFbpjT2YiTlLTBxp0mVRub
2020-09-06T13:57:04.589555642Z 568 Xs9XPE5RwxL2fDdchVv294RvyOrijTNHEsP916Z1BBt8XbBQ5deSHsu7XlnH
2020-09-06T13:57:04.640446390Z 569 pLk6SHImzSwjeNj1dhvCsGFgS2PBif6O13yqUFUiu4teBviXcIA3mNJlxIS6
2020-09-06T13:57:04.691604974Z 570 xBvGUOxsrGvMPZSEegfEv4lTeMZ3EpWjdGX98esuIC2Ez9iF6pfiLXcST8pB
2020-09-06T13:57:04.743279620Z 571 LlCoi2NdFGUsfVW8dqtXFsxcQJ6wsdQeE76SWMe2nBsB4v94EGT7NsAaTNQ0
2020-09-06T13:57:04.794201888Z 572 2S1Ia0W0JXXQlSSepXFQnVRR6hNaBFBui8bhcusyRzZTEgzvZbQFGvIXrPlY
2020-09-06T13:57:04.846147895Z 573 ZITuHR1qDPpZbkvvaFqQZL5Q96RMjPEAX54oNhNLBu1NJqhp9FUrw8HUAcmN
2020-09-06T13:57:04.897661451Z 574 TGyKFhXawS0h86NfXASGGBu52SpFd4xu3sGt87YfKXUtg4VV5lcVN1MLt45K
2020-09-06T13:57:04.949099724Z 575 FXzJZMCYSVU1gTJ9ajHQGa9xJfn3ABkKxJTVjA0D6Jj5I3j411Zpj8GiF8gD
2020-09-06T13:57:04.999860574Z 576 GMdi2Y1o6QYne2pyLrq6Y6nRz7MPdMzyXJggG9eynFtsTRzbGA7WEhvTnjud
2020-09-06T13:57:05.050488877Z 577 gBcZLVwDAankpAgOd1tZZ919eLC1ia4LAltUrXPW6YwZfP34The406Ra62zx
2020-09-06T13:57:05.101525498Z 578 0y3oYZUQDOkQbfJpeG1YSdIDlc2bUWxRhDBMW8X3VOdGdSmYUIxstoZ5TGPA
2020-09-06T13:57:05.152877880Z 579 pHC8lyIkSAYyc29XpViy727lcANs2nlBelPqTnG9873eAwg1nvmpecmjqs71
2020-09-06T13:57:05.204181621Z 580 NIpUfHokmg7QQMgbCwPc6gT4fyXJuZGh534N71sr8Qf645pru1V3QzNs2yEz
2020-09-06T13:57:05.255865912Z 581 WcZnmELhqifvp5sUAhgREMuwerCVV12mSolOV9a7eZb85K24ipUfbDjmWE8H
2020-09-06T13:57:05.307360205Z 582 f2EtX65P64LpKiBZ7qc9C8QgTWtyXTwpLnZnQeQvVyAX4ilXVS5dBRPvj9Tm
2020-09-06T13:57:05.358160661Z 583 RWeJ9ISXjuECOJEkeZBKiXc1N6a9xNAIIrWCBHmj2ugIvuKNOPSamAmqWE4Z
2020-09-06T13:57:05.408625837Z 584 0nVfABSIvEmFvCoMULQ21MEP01yGaaiiNeFDkqZjZoUyod7Xo6oyjnjp7xwS
2020-09-06T13:57:05.460561129Z 585 l7JcpDr9qHvHGqq5i4vGS7r6ZXvKa9e0zFx5147cvvBcqmvqmWIAZX1fJB3s
2020-09-06T13:57:05.511817916Z 586 rKyqtq3CzGVYKlg93isO7QW3fCWT3uyntclMp9hR804e05WCIXn7Eo4a0eY7
2020-09-06T13:57:05.562402756Z 587 VYHTzsdMSOz9UQFpjkk4zLwMoMUgxsYnAXmsVIReWvUyXtgNz0wS33JO5H4V
2020-09-06T13:57:05.613662851Z 588 b2CGWUgEJJRUj0tS31rumLS1zjoyTOi4khW1Hg1BYUajkRDbj7bxtF5FhUqz
2020-09-06T13:57:05.666972570Z 589 AMrnRJIR32uSk0Hu4IsDhnEaCxnUtZtQP8SmxKFqs2Z0WBh2ziv8vTbB4mPf
2020-09-06T13:57:05.718931228Z 590 MoYItBSb7bAPOQNdFpSMdguunp6PaQqDDDj5MEtTGwxdVvi6U6cBWbsFDIQJ
2020-09-06T13:57:05.770867316Z 591 l8U6Y7oPrmweEW4BMklUNJbwoy3To0T0nNpBaoUKF3vbSqLzwkZZp0CuIg7B
2020-09-06T13:57:05.822115782Z 592 UOU2sf354jgQph1efqfy2LcUGKGVjBLYUMA4iKxHpw5YA0QnL71VdstF3hZy
2020-09-06T13:57:05.874054418Z 593 3jl0bOTS6X5oA2mJeUiwmcL7Vjxm1zd0WY5nAKEqGgMzkBxZz0yhRW1nKw9a
2020-09-06T13:57:05.924529202Z 594 nx5ASHcAmX57IgC7RHutXROyJyGFL9y3v9LoEdvWIkhhjjN0IoQ9MbekIFLY
2020-09-06T13:57:05.975570469Z 595 GKZvZtDJC6TLBsfkPWJy7ufA6kpIqkN88R1J5aWnP2tTl1RegbXKcoUb5JRK
2020-09-06T13:57:06.026672236Z 596 mYNCEVn57mjwiN4z9HofGW4IavuscqCOBTkMcHpG7jN9ye9UoFDTCB1A0Vxy
2020-09-06T13:57:06.078150327Z 597 EXLDCxoKOKvKR4zRsTqWdBUC2PbGarM69VsVb4YMXutorYHApMwbsz1rq6vr
2020-09-06T13:57:06.130001374Z 598 Pg80qLz1eSw9l24DlmUB7f4dDuZXSauuN0CA2jGzJ8RkO4zs2IpcISxjWPgq
2020-09-06T13:57:06.180827204Z 599 VwEpxQZunataOWR6wRvp0NXKbgtAUuJCVgcDYxJqmjYn7sPkxVlkAhpTD3VF
2020-09-06T13:57:06.232737712Z 600 SFLTyXDeO0SOxEykOrmDU9FQNorhhdXT248wKT7U2dPWVbBQRtgwyUsFIcot
2020-09-06T13:57:06.283827277Z 601 cPy82O7DC6ZLrNlwfNqFCCaCJExGwkFUcBSE268W6bQ9q70LcJzh9qomZtac
2020-09-06T13:57:06.334485994Z 602 P8Q7zMJJD8ggrBRYDIYLTAkcVR2mpg9SRu0mmT8FBBTaHzkhn8nTkJh47mRK
2020-09-06T13:57:06.385699582Z 603 BHfwTNc0iOsyvZleb7jCKWY4kch4VgkKG3vA98lMPtHvmV9U8M86IC3vDiE3
2020-09-06T13:57:06.436208926Z 604 fvFFYnu0im57PS6Lvxu4UxShCEu04WyxW6lsrrLILgacS5V8F2LUbpOkNSHs
2020-09-06T13:57:06.488071811Z 605 1jDyYly937aUaAgQaJsoTPs48yo2u7LCHVUwDHRC1mqjtUmBu99it4uWVxS0
2020-09-06T13:57:06.540172371Z 606 GI0eJ9ih8Rxori6YvVzyaGnbbXtPGQ0jro15k3RG4PBPM0iOmss6gJwwxswi
2020-09-06T13:57:06.591987724Z 607 GIuRpDxOXioEZgGxeHHzp2dNiSS2FvNULb4C1mE7d2qFBjFhKHKjMptyItvM
2020-09-06T13:57:06.642296708Z 608 21T9LVSWOsLaJOElukzvlgmWbAMWrrDpVvURfbD0JDq8r5MVXS3Ng4xWopB1
2020-09-06T13:57:06.693830169Z 609 XA9Qz1CrGVAqpgrfNc79RUmJx6XfijqZXyM3HQ3IjkLdq3unNVxG8uGXs9UK
2020-09-06T13:57:06.746143041Z 610 PEa2so1yAYBW7SWwVzLsBJrwk9Vn7Ks2OZdmQaWo9UE4LQ9cLWHP2k9hUgLe
2020-09-06T13:57:06.796989996Z 611 9oOGpyHb9pAp0m9b62mhT6C3ZKh8Ut1voxBhUd4EorLSG23ubyH7bvZ9uE0h
2020-09-06T13:57:06.847412656Z 612 mczoaR0PTVpvREbZmixrTwYD0Rt27qMbbQtfHQMHqumg7O9eWFd9vB7cVs9G
2020-09-06T13:57:06.898961908Z 613 y12cdgJK9WK0Rv3CMeJmaP2VROfANELssstR3GFUzwNDhO47JvyVYJDkDhCP
2020-09-06T13:57:06.950641866Z 614 eGqNCPKgPDWntAcsqF1xCoKyjehhc14PM1JHlvcu8jCqILs6IpRhKJPP6WZn
2020-09-06T13:57:07.001666415Z 615 nvnIvrIEk2fFNukG3lDJsf36WmgrRNxHaDRGJmOU4b9OTJFg8F09xT7yVfSe
2020-09-06T13:57:07.052746381Z 616 kbHNuFZo1H5hDjs676eru9HUzVlIlstl5QTafG7Qs9p2YbNUDEfCBwyMa01P
2020-09-06T13:57:07.104369475Z 617 6feUKNvTTdTRSc3cKjK6kNydp0W0XVSkbi1HfTcrzJ7uDpkoNNLxNlqsqmFD
2020-09-06T13:57:07.154851508Z 618 iAeSAMkrGhLtii0pnzqfLOJqhhU2NVU9sRmS91lrNf6GGSf3aYcyebsnW3Og
2020-09-06T13:57:07.206098229Z 619 kE3EjbeZV2fPJhA4kOoOqCMNiLmtZkW3ApN7aDupOMw6UIMtHsvasBvbTmKV
2020-09-06T13:57:07.256381540Z 620 eAF2qyFfDSGTumDliawy636JZBrFwar7BQfwxAsi6Lg3nmsjvBNgX2xeDqzs
2020-09-06T13:57:07.307958515Z 621 pvPwtnqjP1velIo3hsTDljWriqOIspeZjbfQG2f8sGGpG8PM5s6beueNv7Tk
2020-09-06T13:57:07.359661734Z 622 NOQLdjp6aigMDQOnhkc2YNtEyYdamGGqXisUnhXMBocu6scVqeF8NYXQJ9Gr
2020-09-06T13:57:07.410318664Z 623 xkpGHYnEiaeN8ZzjA0pCSbFqXs5XLJJbFx8pxu26XPvWVuMkDn1dTNkPphoV
2020-09-06T13:57:07.461832942Z 624 yV8moCSOIdhaTzPPgACJdwishzxjOK4YQwwAOKjy48sU6AVFe3fRO8UTN5f0
2020-09-06T13:57:07.513870453Z 625 46H1DeEOeNjbnEhtr6SqoF0m1lDYR71498bF0LRauJrfCotxGUDjeMcVPhil
2020-09-06T13:57:07.565264840Z 626 RCsy1RyjZOiiutCavdFlK0zeSauWIpsLOSQDWDsJObgceWdKYmTnWMSnkOhS
2020-09-06T13:57:07.616434869Z 627 5rgeVRsIvpynfAdCh91aPMdrw18kRBKJhDvOxFdS5i3INrlEitAvlpTDluTb
2020-09-06T13:57:07.667673848Z 628 AzW9ZeO25Qg9FVJFCJquPkjVRxZe7G7ee2hlWiuonfD8PhZi3xUA7bYXAoCj
2020-09-06T13:57:07.718900783Z 629 1SqBA26uvEiS8zKksEDP3is9TTMThRvBMQoVVA5q2qQmnN2uoVE95yNnyREz
2020-09-06T13:57:07.770031520Z 630 zbyH7nKVirmLzNKN5ufiVMsUP4nr0ByX7a8ky8NvNIlln7Brmncvbl0Mpd9V
2020-09-06T13:57:07.820899321Z 631 0K8kbud7pLVgxGE7nnbHSSDSGLGugJT9EkQ9RhlwG5cOHDcDVIbsOLviN5qZ
2020-09-06T13:57:07.871570199Z 632 v7X8YnMU1oxTNvQ9hTRH1A1E3aFO6ugpOpa2SdAs3Oy5ZdgQAkUQVt4HHyHk
2020-09-06T13:57:07.923223617Z 633 FBX1O20L722SFOKhFNLnm0ODneommsWa42Lp10Ao31ErH6rgFG9wZDfHBRMM
2020-09-06T13:57:07.974863909Z 634 E16dKYUDiqrV9JGPAdsF9atuRrWpNUGq2etWqFhdNityvurIOc2aX1pC5xJH
2020-09-06T13:57:08.025399202Z 635 nR31av01Z9ULV5Xfao15vW3QLiNFb0tsu4Vznwa4uPpTkR6XBfeaR92XeWTI
2020-09-06T13:57:08.077272174Z 636 bLemf7lPxqpQP6x6ZLqdRKWgxwlrCKJYpR60AFUWprz54CSsLZW2smjZ6XTu
2020-09-06T13:57:08.128210874Z 637 hazHhknfTBmIBn2DinGahEZj6PmQ5qsO4cUQPoYqCtSlZhvlQ7ZfqaAX7ZQN
2020-09-06T13:57:08.180391403Z 638 VOe6HG2b782u5RFGd2tRJpNJhLFYNaWwJx1T3EoPF1GwnDAjVtifmA3FfZP6
2020-09-06T13:57:08.230657000Z 639 iNB9cuHX5t4BqnipY7QKB8CykY016ekNpyh1zTuobiaVNnEdZqtB6JVZhUUq
2020-09-06T13:57:08.281210647Z 640 G9X63mmpNOrGothnVUsiWQjtuWarIwEjl2kxnWMZolRsWqZy3bvT7XEjgvuA
2020-09-06T13:57:08.332674254Z 641 UpGgZggamHcgRs2C5QHAjtW9M9MJ1sq0wSJ9mywpkDXYIM89q3cHHlVLsQcn
2020-09-06T13:57:08.384116428Z 642 4MbRZUS9JfD4CnPzEZ1uuW4fPAvXhCGBHCz8ScRobjURfqqtAs6lxMo8eVcL
2020-09-06T13:57:08.435820221Z 643 CEdCM38UNURZlYFQY0UnI62AgN5NudahuR4Twpb8DRGCEcrZOnMb8QyXFrBN
2020-09-06T13:57:08.486755445Z 644 2cMFrIYAWL9jfvaP3GCrKkB5vLkATL2dKhqilNzUidyxBmdzWgSzGnryeDMG
2020-09-06T13:57:08.537859122Z 645 GMQWYjj6gUTUiNPUaD8fgf1UxjLQhH4oWCtoMRZD3nVmR4oG46aVjPGVuSN3
2020-09-06T13:57:08.588491805Z 646 thXSyEWhlDOtLPmaj5serIdW3RYVRmFFiujh6RMKOwvkaLFWnPEEWtGV6uc9
2020-09-06T13:57:08.640151772Z 647 VA32Cmlk6fpp1gS2whuwrDQHk0aV5xT8Bg4k7pqUApXm5V2QguvZIXYXgzO1
2020-09-06T13:57:08.691536745Z 648 qi8wHHghwd5mSBbBXIwTOvCzpRZxszcIfzBQgWzTfAAVspuvcuA4wudVBOXG
2020-09-06T13:57:08.743154614Z 649 ipK8vL3hYm9L87pwYujaBUIYRuYeQUPM6cUVeRJSx7zQGG3u1H3WJg4AdIQ2
2020-09-06T13:57:08.794984658Z 650 pYl0rT64WCbg21CPQkBo6dlNrI5obG0ZbIP7MogwAFkUtvq5YYDP3M6TAZ80
2020-09-06T13:57:08.846142423Z 651 4pVDabNRTsAIFLbVpjTHOZc4qORNv0Cf6viUHJ0piU1WelTB49iSQxeOm0h7
2020-09-06T13:57:08.896351054Z 652 MJr12GRPZwLCyeZuKT2sSUh9vb0HmZEtb7hBF67iA3gAisoCNQpqQqb3evWL
2020-09-06T13:57:08.947946236Z 653 8PLQhsD7fTRwZb2jyrC2BDxANEFl7rkVO5YpeRkJduVg8Pos9uRnDmwCiry2
2020-09-06T13:57:08.999628278Z 654 PQf6Lv6wMpnLFb7Cur22ugYq6bFq28x9KCQgpe2ywR44riacprNaIGtztF34
2020-09-06T13:57:09.051049180Z 655 NQPqwEcdZdPzN8UME2ElWfaYiG2LBUA3byzhNlLT9dcyLwOJBBdFWm3ilTKc
2020-09-06T13:57:09.101906365Z 656 t9un7aLiho4Qt2yimarDdnPkd0w0T8oUxik9Lt113DQrmMGkAz6pXqYIuyTa
2020-09-06T13:57:09.153201785Z 657 3tsoIMgTlFER1uJou1glwdLOitWYaIED5bhxf7GPuGeFS9Quvqa6WeAbcOzW
2020-09-06T13:57:09.203381864Z 658 iS09nLQdvUm1WNvnudRcxpdfiixO25f1jbSAmallCP4TRIeRiq5BvE89dIUQ
2020-09-06T13:57:09.255016124Z 659 1NIeE45dCLiyp4jwqK5yBzcXCFAHHFK2c9TNz8R1766ZvtIMbhZF5RKSL4tI
2020-09-06T13:57:09.305977434Z 660 avkY4aNUQKVpyUWTmGDImk44TsQqmgTN1S3DqUMCxuuiqCqZNVAucKTOIDTw
2020-09-06T13:57:09.356966414Z 661 Ig0k11py65xejmZsNqAf6uElB6vZrSYQcMR8NGxDfydQnP0O7e4aoynpwvkN
2020-09-06T13:57:09.408120786Z 662 TSd7l8iS0l55KVKoisrSnTY31tkBiNBuE6Lj93pHzDnn4SQp34KqNFYKubU5
2020-09-06T13:57:09.459299763Z 663 bGfivMkM2lH4doBW6L5RqhdbWZR1dT8yQtjhscG0s5izRnsv59qQCxGwTdQ9
2020-09-06T13:57:09.511198128Z 664 rsIEi8eUlMZFTQzUFaW882RZ2zBk9bShsogiUtNAwwZTZ517EHryFT65rNSX
2020-09-06T13:57:09.562363142Z 665 7s6PigWUDzyeuqMPLRcPN5sOnIW1yOxkt8zEAnjqZRZXtq1U7HC4FEsxb93E
2020-09-06T13:57:09.614022950Z 666 VXero6J2m4uMYIjLYTDC9RiWaYs7MiaATysiqx9nvOmf2llOpJHG6mXfBR31
2020-09-06T13:57:09.665594305Z 667 wqKcliNRKtcHWSNE2aLvfOy2JVa3fTgCc98ZbCIhnFDqqMz7Jr9Bcvvt6a27
2020-09-06T13:57:09.716116006Z 668 VN87v07RsU5BtGxsSJanHUnRoYQbXk9vWPgiAV5dKZcuq8gvuqx2HnpLnI0v
2020-09-06T13:57:09.767905654Z 669 fspb1bSME0bR8S4RauYmDl05VWTzWuq4eQLIK6vr2xfCinwokauMp9FLU9QI
2020-09-06T13:57:09.818569926Z 670 7kLlvkHv9XR5WirXqguya3Morj9njZUYhyxYRpp7OS7uoXthdiJw5EFDJ8AT
2020-09-06T13:57:09.869408324Z 671 UmVYq23tPz7DV3md3jq6dXAesJKEocHW3HKtJTvp7BtvLLtpVcS7NaTDWCB5
2020-09-06T13:57:09.920984871Z 672 0yr2XTLDMwv2WPt11cqpSGIYKi5Tn6PvJybwHK4WYbbMtIxtDtfOu8nXmEnS
2020-09-06T13:57:09.972338228Z 673 p1RsllHLIYpEg7HfkDRdlBjkX1LnnTAK8oPSHRnafU44u5424pz0wlyhcYp6
2020-09-06T13:57:10.023693688Z 674 kFBiHLLC5OuZqf86bzDXa6bnCBPCs1rctIWRADMjqdpzsEFCNuFg1TFuWYze
2020-09-06T13:57:10.075868613Z 675 7cM9aAnmnreKxdQnOlwp2hJifc8til8nCArq29bTsDxYVwr11t0bYynz97vu
2020-09-06T13:57:10.126802197Z 676 uGTAcsnNL9R1VdqCTQqGIvQ9EXopKq4wRSP6RcQX9C7zJHQ5F24OVeOliWgu
2020-09-06T13:57:10.177289651Z 677 TB6QPN9vk0rKnNjfXNFUtgYI5QZHKROeHEMqSsHqhec7qfRJXLwhwJKrpJD4
2020-09-06T13:57:10.229179172Z 678 ZqfaD6nmzf5euQEj9EPLFE3LkpVKCtFuLrXB1kZp4i9VHT16B6OksYIo5jSR
2020-09-06T13:57:10.280536972Z 679 nsPpO3pUGYK3cEd777xs1wEhmJOxXAeF5I4dLLxibf0gs8TmI5UtaFfes7lX
2020-09-06T13:57:10.332175828Z 680 rsvdzIVjL7XnoQFnbItITkY8OiX5yNSNsmNtYbCrWUi7F1rgDwbcZjVhVY0Z
2020-09-06T13:57:10.382244804Z 681 3T3IaIbUlRSbAC4guJgggvVT2bZ8GS0R7NJrzg4I9CvlTieeDf4Y5tI1RU7d
2020-09-06T13:57:10.433892395Z 682 PNyw5sWBHRUodBOy9XJ39iuQ7CEMIcdGQhvsAyDyUuUm7tCbxj5dhGllzkT8
2020-09-06T13:57:10.485115594Z 683 fMIa6sw6h0i1h5PEuFKR4zCWdwY7b1kLeWqLcq6yJd30XzejEpvCNSx2x343
2020-09-06T13:57:10.536469507Z 684 nVfP0P4JdAgvLG7UYfmDJQFwxzbyBQjhxotnC0xT2qhFVLh1UxccPEwJo94T
2020-09-06T13:57:10.587582744Z 685 RfoqftVEZiYeFA3UVLP3Y2UoAa2wFsv4YA6IwCokw7k90nScKAm78PaREy2U
2020-09-06T13:57:10.638557651Z 686 0phUdWqBGsiTrBSsm3dxz1sbltzjxGNeizcVxjZEQjndOdaWsY29ZofGREEf
2020-09-06T13:57:10.689819402Z 687 bbbmU0v0VWo8is5N6ndeIBQ9Q0YQ5hlZN3pPybe6wTTvtbXJOjxelx9Xr3Dp
2020-09-06T13:57:10.741028448Z 688 4Lw8QLcNwAtBhhL4rUq9Y3RLzw7oWlllRafuCVubXm9d7dI456qwhbBiBw1X
2020-09-06T13:57:10.792190118Z 689 yl9s025unA5M92D3TMasYdCSgIgJ8xNfU2GtdIKa2eP9eGDFcQDQqax9uo74
2020-09-06T13:57:10.843456723Z 690 cuHgTEvi33Tn4OBaqZ16JE7tbrxvTYLoApDtKVmo3SEcN4QKg8JP2LfsePZE
2020-09-06T13:57:10.894991416Z 691 L6WikNKHB33WjTF8Sd3E8BL6Ld7nW6d6vJdLW0rdqeMCaRzv2Hsx4rONmQ8O
2020-09-06T13:57:10.945632688Z 692 PyIOPYc0XpKMtAlT26c2vxfhF915wrMFV35Rd5bNhWUXbOo0uC7lyPlUaGe1
2020-09-06T13:57:10.996694381Z 693 BIfbAkKoPkWPd7KmWjNS4HzAkvDfllE91MK8mvHOv5jREIUBFtMLmRawC6jg
2020-09-06T13:57:11.047588105Z 694 7Zst8OgxTSw7BW8tekAclWd61zvlkPdLU44ynrbLH9ItnFY3Dju805TS2NrQ
2020-09-06T13:57:11.099395608Z 695 TBHmdP3lqkxJzvtHA4l7aZhp7kPexH3w11gXilTNbGyxa9qZap9yXYy7C6My
2020-09-06T13:57:11.151115055Z 696 BF21DUmcmdPtRW9IoMJ3iEwvqIEOit28GV8kjjBGLLLhqoEs9oLodXiLfe0C
2020-09-06T13:57:11.202310708Z 697 Vgcd4vkvSiNntaLqOwi9X3BPerVBrT0kTcamYFnOsuL0d6RuX8vtXX5MEiwM
2020-09-06T13:57:11.253964190Z 698 PBhl5q64uqA3ozI4j5HOcLrHue0lQC1nW9b5SfAKef6N3evUXbo60cyBwaZS
2020-09-06T13:57:11.305137591Z 699 zceGhXidkZiEcYYoZpMW3tNlsM9oXohyabbVMqr0x1DxT9XxxchgfV8GOlQW
2020-09-06T13:57:11.356796312Z 700 BdJaYBNmOI8WoXnEXt0OxfpZQDOLf0oBa67Ssz6rtwdTAhtRANmR5To7aBWN
2020-09-06T13:57:11.407862909Z 701 xYh8luI8wq0a4TqbaV4Trw1rVHc3bZr7G1htzR31m4eUK6ZJ24eEirzGTuWN
2020-09-06T13:57:11.458187934Z 702 IpTN5Q1DbzhGLlwcYMfXcDTFHC4zmPuS2gIvzWdQvQuBda17eT1fptmQ8vSO
2020-09-06T13:57:11.510238210Z 703 5gqBcgyvuVXkOLoI5FdzR6vTkVyyaTTH793Ly6OWPIeanrGwotsFasFFWFlH
2020-09-06T13:57:11.561862745Z 704 rxBXBnMNJLHk7irNQANbAXKybeDlHUETe1ZvovpP4wJEghPREdIbWCdIxh8k
2020-09-06T13:57:11.613900766Z 705 GWDN7hkAXHA661Tv6vpG746EKT7JIQLVJDQq60G3PWIxkd7uNotSreXIFLp2
2020-09-06T13:57:11.665029838Z 706 uzcOZhTHkvBloXXcuCnV4IvR0S9Mbxkatnw4PeMfhqFd7KouI9dZIbii77ar
2020-09-06T13:57:11.716561299Z 707 k03kTQT4EVVEUj7feaKyAOklU97ZhpN6JvKmCc07DWTC61o1Lrrv6WbDFYwh
2020-09-06T13:57:11.768176325Z 708 2jY5nTwdBCoYZ0btKajlpxs04ubz41JeOKdDbuHA98CFC6b4BEe32UGJf3Yu
2020-09-06T13:57:11.819479015Z 709 fGRTjdGegR4Wp8iCGC2NYdvziVL8SY44xreEZ4VFgLOYG8Ja57xbgGSlp1XN
2020-09-06T13:57:11.871096065Z 710 MeprQ2u1W3PCgBY9dzuEimCQ2mWk2IpolxHD07iztL6Rc88cg58fYW209fka
2020-09-06T13:57:11.922511578Z 711 HUdnAfGESHfMwYhrRnvogVBDYL3uO2mAci5Pt8h10E91DtGfTQ7bPuGaGyIY
2020-09-06T13:57:11.974978670Z 712 yVrlyEUun5jdBKeMZnm7Xyr1FnAFO0R5vdtiX9qNHGG8hrCPgguV4XZYQhtN
2020-09-06T13:57:12.025821160Z 713 WtsEkqHrpHEP2eIb0hrpwqnGFvOODxJQh6xaxt5gb1scQyd7T8xftto5ugTQ
2020-09-06T13:57:12.076820132Z 714 C0z0SAy6rTXKRAdBPK2ZZoRYC1R78sqWdm5RYdyL9YKG5YCoB7AMsPO4mdbx
2020-09-06T13:57:12.127935428Z 715 HPmDQOHYi69dcpJDPna5gOb87RM27pqsBs16NI6XTTYG5J9AKbO7FNcYJn1r
2020-09-06T13:57:12.178726973Z 716 TUtP3qsvHThoNyJdogpvnVMkwu5S2PiMExLlmCPtFzKervDZ9rU6sNln3wl9
2020-09-06T13:57:12.229568360Z 717 YQUm8w9qisJYbxan3nPVEUK6is5kViDmbTodTOOQPLAI8h4DNGM6uTHQkRbX
2020-09-06T13:57:12.280921982Z 718 IkHmax0Rf68kn4c7ULuQrn7iJVW2VgmZfEfmoBCS78UXQajnXaCnpvzvV2k1
2020-09-06T13:57:12.332575565Z 719 NFcRSRYynjiadHzBPChSiCs5jZULhGOads6Y955JHGN7IRp6nCoDIhQZEBM6
2020-09-06T13:57:12.383674589Z 720 n3f2je4sO8dzy2IKCPJVPZMTVGLrcwf1K0ONRlqg37BHRgP14QkabLYsKiWV
2020-09-06T13:57:12.435412336Z 721 Xq7SPOQ7lUH0AORz47oWlQifUIXckziGABoPEg1MXum6YtoLm2c4Z8oKwyBA
2020-09-06T13:57:12.486576243Z 722 IBrqhnNyt7w3yluJRNxPyhLbfhItzeJxj1699D0El3ksy9YebD4ru0V6yjgP
2020-09-06T13:57:12.537678390Z 723 xWVxy11lRoGLvSH8I9cv6nAJsL2Zmy9toBdKKEzxvKsBMs8W3qddxmwqVFHb
2020-09-06T13:57:12.588785472Z 724 1vgPbUdORY0VSLqPZaokuIIXnR3vpY73o0PbB7yvKfciqCGdCWEDOsqluV40
2020-09-06T13:57:12.640370690Z 725 1FVNAehpDmjfbNsDkl3z3CA8NJqAcvimyMaepJOBd0AiOcQKi8RCTNAxSc0n
2020-09-06T13:57:12.691034328Z 726 Txgq2VBcmRKJmIRi1slOfNK5sRJffm9ZjRDyWZcpsjRVEQs2L7d7swQIEtcF
2020-09-06T13:57:12.741892870Z 727 jfPKUsPwyNorLGcc8LMGB89apLieCYvLmMU0BsLh7N4jzkkZRhXvp4BEgzX8
2020-09-06T13:57:12.793033796Z 728 hZX9cMgcjYTqSZ544YcakiaehjNRDF4tw0FB2KCTdM02APhUAIsZtMhIsIp2
2020-09-06T13:57:12.843999884Z 729 TxY5zpSZZXY4Clo6PQUiMxu5auDZL8dxM9cg5zN02O2un07HfzoQ4I2mGFLk
2020-09-06T13:57:12.894924834Z 730 ZCoz2anpe0u9gJqN3uVVPqkZqt9W6LnRlvFZiNcALWXduRjcLw5e3GAOtvo2
2020-09-06T13:57:12.945544707Z 731 BOtPlYtF7r3YWCbGjxLiBLAOJ7ZFNNunQShlecKtGQaFejzIe9kHdDSpu0dJ
2020-09-06T13:57:12.997085084Z 732 87Ptlbt5pFZOF7UggmFvL3kBCta2mjsdGeHla0heGgZRwf0ZA2RJcEBlhfNj
2020-09-06T13:57:13.048621908Z 733 fkySmlq8uJmGCT0aICtUQE2uvzpz3fi3OIhlHuaPACyoEoALJK63YrHBhKm3
2020-09-06T13:57:13.099668338Z 734 oTE8FO0z2TKNMx16Q8p2HsQFr9FomLNbvsDGMaJtP50lvF0hVJr5pELYsLTb
2020-09-06T13:57:13.150957286Z 735 9gveXSO8URhwxHqkbT9pIykN26XsxPLZIj0S0qIFuEd1Mb14QtglSUQeGpsQ
2020-09-06T13:57:13.202476203Z 736 ji78eVaBJjcaCqxV6wtdLyRCuIuBmUzim0TvdCRI2NGbMLKJ7ZWjcJc1toJt
2020-09-06T13:57:13.254429792Z 737 zPMB5uBouEfSCGYcpfIuacXjUGnxNZ5ihE6FGZDYvgzjkd1oK5GFCEmVxkT1
2020-09-06T13:57:13.304415469Z 738 otPggOqsOkwgYbdfPQlxWYT7hTNtMnYnvovpdD65K1UfHOoRLtUFnBfxFK7Z
2020-09-06T13:57:13.355289836Z 739 F06JshZ4Z0KlbZxpJdNtDWPl4PlDNrs4rVkbBjpBjVDSU4rOmr5WYHaoFqF9
2020-09-06T13:57:13.406753970Z 740 4Gb4QBrMXscQRVKsHvmkYa6evkTESFHvQo2vaj1bwuAKueVV6e67aI8sNjLu
2020-09-06T13:57:13.458194221Z 741 z6N5BHPstm0KN3PFk3wYPmYyu83rMCEYPN4BBeqDHYvLvqk30X3ClWHgfS47
2020-09-06T13:57:13.509834061Z 742 Vi5IabygPhMZn4D5h3JrYQItfqahryn4b8dRisWYVc9siLeis6VY4GjTFl8r
2020-09-06T13:57:13.561040220Z 743 RQMQ6Ckmr21cDd7mDjHCbjb42cuQUoDL3An8MzvyExDVDx8UEwdtyCn9uVMw
2020-09-06T13:57:13.613137487Z 744 m6DMXApeEHEazhIsv0WFEwzZjTgh2VTwxeADk9wRxBvaC8TuGJwAEP3tlO3a
2020-09-06T13:57:13.664730239Z 745 Kn0moflgEZPZX57ODiyjlonQ1rT9Mb13VPVEtgrGisTumE84fB6IIubdgivt
2020-09-06T13:57:13.716539981Z 746 EqMVAIjdpYpeJpQIGFT3Wl3eoB2UYguReAyAPOUEANSc5DVVJLW3DPSo87Is
2020-09-06T13:57:13.768492881Z 747 WwtUj0qZVXUT8N9mm8e0RDz8KBoi2waPPmFxg7eW6ykE6wHEfFlKpQvTVqAX
2020-09-06T13:57:13.819989675Z 748 u9QbRjDx3ES9ihI4aOmXVb38pgtOz2nUd3EmvrjOq3AASEYoLFEPXDQO5Hqw
2020-09-06T13:57:13.871568917Z 749 WDqp2kx76CPX1Wr6X6owX1YHIHvXbolPlk4NVfgaTNFX5H6GBMGKxQvuuayO
2020-09-06T13:57:13.922467708Z 750 rqHVq7dyxr4I84yijL7eBkiX9053yjbPCtGhZuTZSoaq9q6JqoCMEar12r9q
2020-09-06T13:57:13.973397808Z 751 BUANOtAcnDYdPN3xbdj5bYitPGgQhjc0QVkfZHWloDvEa0tja8rakPVKT9Hf
2020-09-06T13:57:14.024789882Z 752 ldP5j207B1bzJtJb2Fm9cotxUS9H7WISDdxiu6E92n3sMp8xXWGEVG6RiHuc
2020-09-06T13:57:14.076017045Z 753 gtm3EdEJDBO6VjjreoHajJbxNHV8bue6NZLbN3fIUXfn23rMjIMuDNO1OTxY
2020-09-06T13:57:14.127111736Z 754 u3y1mwl33q8jQpF0mO9yVMdooZC3rf2p86qhwoWQS31o1Y88GBoEoYtEY6ET
2020-09-06T13:57:14.179150800Z 755 HK6ptWjIxB4d346b3gEVhP4l16GbAMuQgDtzaQmvWdIN9BSMWUrZmxeYuhNj
2020-09-06T13:57:14.231000859Z 756 mKo9ZkXTi0ht1LmcXI69ymKc2tSpdcxJIS9H3QkIz5VtxnLBFVr7Y26ou1fv
2020-09-06T13:57:14.281437418Z 757 VtIjz02WC9ZZ2Ukha05QQskBvJ4oMKxE8v5tHLJGKB9rgtoZ0a5YaQIHRXTT
2020-09-06T13:57:14.332346217Z 758 pdwVANeA0kQwL03fwn6x3cnw0iwVrMtwxyTy7SQzA8KxHPD07QL5Z6iqX8g2
2020-09-06T13:57:14.384188090Z 759 DsjMcNw5f6g7OPDXg2Sd4rWwGsI12G77JJxEr5Pfy4u2n12egjWNDzSwvi6G
2020-09-06T13:57:14.436150443Z 760 PAbz9Z2AnfSfCUYAxjkAOmgA56nrTibo3QTY9dzDH809N2bthsJevHq1mmW8
2020-09-06T13:57:14.486807254Z 761 JpWzPGKSZ2iyx5IQzQBqbXJLZpFStd1iPbvywNqeZKY5XQH8F940vSwfMAVz
2020-09-06T13:57:14.538054197Z 762 XipCi96dP7Fq2szqblXIlxiFZHoOeWuArSourWt9W6ktVDnA75qTNuBL5bWq
2020-09-06T13:57:14.590014884Z 763 oiAkXiZjwEvfPVLmpOqO0Bm8XFeqvEINl8MEoqdy5S2qYcw5xAWO5ae0wfDt
2020-09-06T13:57:14.641351568Z 764 SnJyPniWF4FxntaB7vmuyusun6t9cUzO1BHg88G0BhKVPujvEJcFqwbXVWH5
2020-09-06T13:57:14.693081977Z 765 6f09dJTpB57PiptDmZLBHKbh30Zb8DDVPbUm9UlOfhbBWGu0gCH6UDZ7Fbf4
2020-09-06T13:57:14.745017197Z 766 28BqzNudujenbCJZEI58jeCKUJWUgbPMxegT8S2lZagZjwuwj4g0W0JmguDq
2020-09-06T13:57:14.796146269Z 767 jVgvkpw2wD4ptpuTOWkfxH9VIx3mYA2aNOkp6TnNiVG7pEifwJ3d9yOqjJ3H
2020-09-06T13:57:14.847421623Z 768 Bj7jneX5z1obCPPJ6FDCggsjyfU3SdtFYiLppNOtMH58BayuTvlUViX9e5iU
2020-09-06T13:57:14.899068006Z 769 ICPO1uVAbHF8ZLYk79XpH9IFFJyy16wzph1txIpWtqZGD8WQ6patuvdEI5Aj
2020-09-06T13:57:14.951031146Z 770 M5iP41GUI0KlhDR8BcRLPu0jpIDc1Y5RybRAUc5zrRElRHQqOlWIHWGo1vKt
2020-09-06T13:57:15.002076916Z 771 yWQVYrIf1Yo9WidjfCM7omcQUhpG0XazvDReGNGdOyMQisnYQCx7LkL45gWM
2020-09-06T13:57:15.053084695Z 772 teK7itZ0EHojm8yPlX5nvwr5niQMptRE7E5omjcaPOpWpCKoRy3n2oysJfSL
2020-09-06T13:57:15.103543319Z 773 MS61dUCdnQE9Xc9P0qPf18uweOKSJ6WXyq8iEOZqSAedBFJUbSn4OVXBYz6f
2020-09-06T13:57:15.154705320Z 774 106uk6MGGiBP1KJUpItiYEKGaNZRG80LJ1eIcqVL8KuvqpYYtEmFAnLfKdAw
2020-09-06T13:57:15.205607671Z 775 9DDOv3TD5qHgPZRMt8SmaDycCep6A9TshwpzwoZlT9u9Xh04gceHLD4NWN6P
2020-09-06T13:57:15.256655438Z 776 dtM1c6WwUOAcrmyw1N9Dht6I0liwxVG0hJrVRuWHfKuu08UiUVisLWErQTum
2020-09-06T13:57:15.308598045Z 777 mJY0AqULsg70nsx6r3cFmnJfVs2MIZNVaEoG9jbDXhRSojoxzgeeAGUwRmgG
2020-09-06T13:57:15.360212794Z 778 tMBKNbSk7KI8i2NwIjtpQwZOJ4Rh6UCScaEiDDjW2JYOQM4HhA8W8w5w6xxZ
2020-09-06T13:57:15.410351574Z 779 aynE1ttdqHTC3MeBH6GBwO75SmM6vjhfPQoYMMqK9b1qELDf0IsuSHV9nH1W
2020-09-06T13:57:15.462032910Z 780 dHnU4PQWvmoAwF9HTorbm3UQxcLx4JGyCacs4Aoqg9me8Yzulh4yeiWVbRkC
2020-09-06T13:57:15.513988691Z 781 xRGnXY8OjF6b3WHg5RsHTJ055DxXm3YVxQktCS2bm2HH6pHXK8hobxKH5LEE
2020-09-06T13:57:15.565355215Z 782 D45bHasfDTBJWnZMmmfKSTMtCU4gtvtUyBI8s8COwsaywCiLIfMq8s2nInXN
2020-09-06T13:57:15.616840721Z 783 W6SVlYL34q5J37QIv4ynTju7xbyR6g1N3WlEfOFb5RGhTQvjyTlLVGYMGsyr
2020-09-06T13:57:15.667268399Z 784 qzbA8xpJAqeJWpbd5HNVPtW9lFUREKDzaLC1PkOqbq0SzeV1yq79nMk36HMH
2020-09-06T13:57:15.718751834Z 785 H3uNvxvWnGu7GY8RYvcCQnxVeYuhjaeVntAzwGKh8PoU1NXFXYd0zTEzHrrz
2020-09-06T13:57:15.769789262Z 786 jGD78NuaSuUViOf2NR8WdrTum2a52T9TA43QIYcE2rnlWMIFzQUHYvfOZHFl
2020-09-06T13:57:15.820968248Z 787 AHBTboggoJhOgi9jRAjtfOKf1ecw3B83JGIHkZzhsyToXsaQfGzWyrxB3tCv
2020-09-06T13:57:15.871925460Z 788 rxhjEWJJ1AzlOJli14hHHJw6UA1tiRqS1XkoDtgWdgj4DoQMygbyKCsbkm72
2020-09-06T13:57:15.923285139Z 789 i0N7epBPDFR2XKPm0hLs2GLqjFAUDHkZk7t3hIuysLiQL8fSVFVVzmThfM1g
2020-09-06T13:57:15.975431058Z 790 GZpu2xyzu4KydZr0ZJORekAawEDhwhGPS0lqqzBnOwAjSgy8WFquoimU5bHH
2020-09-06T13:57:16.026894324Z 791 BfMgUiMuNqAC2pztKDCQU7OJiyoPKL57bCf6TMaNz7GSrmaYSxWR49SC3Rt6
2020-09-06T13:57:16.077886070Z 792 4MinaG240L8jvLQXXP2ksHrtDVkompXOkeDC7TV5ysvOzuoVOPpLPJLFVUE4
2020-09-06T13:57:16.129536356Z 793 7ID5bIU1EJ8SUf7wsh2k345yMmFSWwfYHQrGo80YUtap2C1LtrseiVRxdy0W
2020-09-06T13:57:16.181024860Z 794 Sw5nFWAqW06xy5jeQz37jrrlrWd2c0zvLgEhwPQeUiFARUV99gkyv83f5fgb
2020-09-06T13:57:16.232333031Z 795 2JZZmWsUgpHMxi9xQsZorCjDBzvFCGIL62wZuhPaLkPGlbEIw5VAigt9sFzy
2020-09-06T13:57:16.283502300Z 796 yyuDGYqIAm7ub30ktIEz8cHpJoqmndPKFiPaRsmRUUK32UmZrMDBngZVjH2d
2020-09-06T13:57:16.335276510Z 797 wBpZBXLdk1McevcXvTvHrPT3ck6SD7sUWtrkGG2k9imwFn5VclqNVnRldzVj
2020-09-06T13:57:16.386843099Z 798 wvUsIBFWxKTtqTFQ4bGD4mRIik3yPXnpd8S3sB8LdKHqTg7GaINvXGQfA86f
2020-09-06T13:57:16.439321451Z 799 LKdyWPtBeFpEzbV2eTCiJHdqqMe4KPpSyhE4GmNfl1ZpoBQ9IWIsPxqbqS2I
2020-09-06T13:57:16.490388637Z 800 mJrRdNYBrKaxR1hPUp10pDgnH80I7dbgbKrHtWe1mBCeNOMCfJyijZxpe2jm
2020-09-06T13:57:16.541990505Z 801 SlIZtbifaeoPl59iD9PQzC4UAuT73JxEX9esN8vwlaSXs1aLM7JEwObrp8FR
2020-09-06T13:57:16.594073049Z 802 9HoHrl3U3AKii67poJzccBWKxsnadRdL1Fxl8x0fmBSeKHddfFXL6ZPrMBXf
2020-09-06T13:57:16.645127460Z 803 TGxgdiLDy7QyoHfk5OLARXiTvNYLCBlo9jl73wzZtSeMVJKChdQx6kb2d5XL
2020-09-06T13:57:16.696157266Z 804 Yy5Wje4UOWPgaEtLnKap31yOWvK0kPJXP43vgpMBKLvB4NdQgXxD6oggrq5q
2020-09-06T13:57:16.746441651Z 805 JrTkLhdLnvYRzL9sRJ0blzQQNsadv1kIkTOLgZWghJye0eXIkJmqekBLDSq2
2020-09-06T13:57:16.797923352Z 806 B0lvcXfVaz3QEytXYAqrc8yLe2fjX5w7LCpSE5ptoMjtJ7OpX3mGuSFa65vE
2020-09-06T13:57:16.848403571Z 807 IDq9aALjGoAwygmgTEkjgBlSsq87wqg6HxdUcpUtUinU6ibsn120CZcmAh1J
2020-09-06T13:57:16.899926539Z 808 YABJoVXr8Q326JlbCkt3BoVOwrOstqkihKVcZDiWiPMR2jZFdLMqYYz23giX
2020-09-06T13:57:16.950748065Z 809 nwS4pqk7GcjEp04L5WrBp1TEp5bNCBc2lLMDCWy39hPivPcL9WpaU9Q0z8ZX
2020-09-06T13:57:17.001657444Z 810 eUnCdAqJR7alfnsnMVOGEE8M2vwfdfdQGCL8O20No8yeHb9R8q0XDLZE9jwb
2020-09-06T13:57:17.053094577Z 811 QmbzpsEChjSpV3RbO4r3lHNbhSnaNo5GZ5ysubSv6ZOVxU8tlLvyabII1Cy6
2020-09-06T13:57:17.105085560Z 812 OiMIEyCBjr5pbTwkICuKtPIPkZSvhaISRSugT61QKIziGrTB1M3R88hgbeLi
2020-09-06T13:57:17.156702300Z 813 ldz92KWf1rFxAiXO7IZ8MieIAXuoH4l42PR41Ix64qizVzyqsVgGJ1Jc5dBf
2020-09-06T13:57:17.207689494Z 814 tLmQi4hzi7rS0P2nB9DWGY5gMXDA7XBkilN0Lz7n8zvFAOxiXxqvxGCqSZTN
2020-09-06T13:57:17.260198177Z 815 8PhOACrxhhGAHWtdFfL8qjrZPbCA85TbqnmHjW5Tju4pF9BTlsRNr0QodQQI
2020-09-06T13:57:17.311930500Z 816 huVRakULAkUanC1f1PzVrGLwFp8p1FFJpxLxvZWmwjMTdSNUSCxNG81J2hZf
2020-09-06T13:57:17.364160833Z 817 mLyqnkLUplymhV5dRtxA07z8PjW1F822IOt9ZwtpUSAbbuaJJ1jiID03WH45
2020-09-06T13:57:17.415740829Z 818 z489rdL3WwIGpn4fnYxXGY8umv55xQqWDXg2SET4M2moZKNk2KjOitgqSziF
2020-09-06T13:57:17.466460357Z 819 4MMgZknSsupLiGy56bp07ussH3xMWRxFTbUFKGTa3t6GZQRs8v12nzEoeNs3
2020-09-06T13:57:17.518184000Z 820 hXToXtdCej4NK0iHyctzAWIJy9B2HRDCoXVZysfL2c2BUF6uWcwvPXufyvwY
2020-09-06T13:57:17.570117134Z 821 9gPreR3QzOPOzmsf6WdnBQXIeCmb0rlhPEwqNODL0HN6DKPqGEEglXjsXuzu
2020-09-06T13:57:17.621587707Z 822 sMekZew9zw9wshYIEW7lhnbsoueMkHkPw2MRnC4jVenUYJHUdRyX07ZrRoVa
2020-09-06T13:57:17.672754199Z 823 S7ckb9TqlP6ZxlyrnT1mr6sKOiE11CADIVzSrYFlX5fHhXeH19c3tWSfsGrq
2020-09-06T13:57:17.723717058Z 824 xSC6sdbp9mlDxQn5nByfs4ugCP1ItNRVOPQHNUmY5GmRa1ItVvnk2GmRI1gb
2020-09-06T13:57:17.774766440Z 825 AHxLs5O7WuNM2CrAVIzPDUAStsOPdPMoPJ99YrjgewHgXbewxucOPVaMjTAl
2020-09-06T13:57:17.825694732Z 826 SDkT0criPzSAUcZIHDh9DolgpuzwrdOoRFAcE9ojOhd3gf4FwRg09MbGOqdf
2020-09-06T13:57:17.876794757Z 827 8QaNvPi0xqWxDRj8fGThUrDW9U6Ct6UeiC9dfYkOLiwCKR3MRCJpP0IrbI9t
2020-09-06T13:57:17.928438679Z 828 VGQBBbKCIidvPqpOTFViteh2WSB1p3gDn1VXgsCgYQIGScQiKamqg6nvpPG3
2020-09-06T13:57:17.980360730Z 829 RG1GIzxhrhm2S6OjaVvne4nzzJ37KqoO0hFGn1JbItP7mBIG7GrKCgrmM72P
2020-09-06T13:57:18.030838811Z 830 v4s9UZz4YaPruDB06zPaHNvwUA7cwtpMVMjt5tL7Jtxav8anEFv3Gn4q9bw5
2020-09-06T13:57:18.082132594Z 831 3ggFSyDrE3JVE9yckXQXUqXY2dkIlowCPcFebG8dEie3v6Gunah8tTNQsK62
2020-09-06T13:57:18.133772524Z 832 Wsapnpj8Szdd6QTUDBOI40BJMNbXBDV3hayROZcrSFuM1eohLlkNmZ5JAhzz
2020-09-06T13:57:18.185123356Z 833 Jz5pAlvFjDK70DqfNl4LG3SLfGDiN730cAOmBRGsaVjDwRIi1fBYdLXWtXYI
2020-09-06T13:57:18.235534654Z 834 RUM8WrnCu3lQElWLF6hlQSoXOp2Hz8uIRnqe63gmFg09E5g3Kc8EZ9ooxI2k
2020-09-06T13:57:18.286778922Z 835 qsdHFS7oSPJLNoVes1xMREZpDDPKwi9qgW5iT3s04ki8x0BdmvyF9FPivwXq
2020-09-06T13:57:18.338428442Z 836 g3CvcgQX4VysaxUYIr9uYaDmeIfnVNNpWZypo2oEYyIAn8eCb4zjFWjpPnER
2020-09-06T13:57:18.390523039Z 837 vtkspHkfj3jWFrnLs6lBAlK5iEwGcd2Qs8wpUuCH3nUAc7BekRL8803Tf2ae
2020-09-06T13:57:18.441651584Z 838 dhx39jxRE7Zh2esGwUUbKZ4dkn1kqEBpVGuUV6M8nnKfOpscsKUyqxFk33oc
2020-09-06T13:57:18.493151214Z 839 qqasXRctaYAaWz1RMl4XUYp3A5qc5pLGjSUlH5VdBi9T50gqAQOlhEtUIXcf
2020-09-06T13:57:18.544752600Z 840 G6yIkg2eOKYtzTSiveOsYZq7iMCWNiX5RWX7jn9DZZipcuskwxGWIe0hDQ16
2020-09-06T13:57:18.595419940Z 841 ZVgAxzZAF7plUBMCnbpUKO59usmTZu7P6m98c653hG46S96Vy8pAcMhbUuIp
2020-09-06T13:57:18.646442415Z 842 En1Lrxt6Gy7jJ5DePdvdWi574R6PCQYJDuOz6tBVmZwOWevPtxfqecnsRpLJ
2020-09-06T13:57:18.697822623Z 843 fERoAJRmYSZkW3irK7Gc6bIjmJJaPh841nWPCCqmyVbXsGHjDfWleCQND6UL
2020-09-06T13:57:18.748414857Z 844 b9xORYZYCC9oVtWGu2it8ea6eI3inXfioDmZcv2tbsEcK2g3SsIVElyj5yMj
2020-09-06T13:57:18.799464248Z 845 1XnM0uRH1VlWXWVt4kXJaI6m1vZwkIWLph2ZbxWtxPUqvcx3rRYo9Y3SEeVZ
2020-09-06T13:57:18.851259239Z 846 49aUnr9gqPGQhjSsyAxGS9OoWEUakMc7PVKEgMaG9VG4wU3LRC4lLwYLiYJ2
2020-09-06T13:57:18.902787634Z 847 qSiGha0buJHl502Q84dSBOLWVNcTp1qOK16hzZpTYO7AThvXrZi4yCm7jJvk
2020-09-06T13:57:18.953372068Z 848 inBPa34naowsr8VcE61Nm1VXBKtikpWYroDIzmteRlJ4BUcLkZ8jNM6bWuz8
2020-09-06T13:57:19.004884604Z 849 6oiPSxyl4UEeci5Z3y84Cd78V0PVFykoGN1gZ0oL7KHrVkj301ZYfnUV61Ns
2020-09-06T13:57:19.056204280Z 850 ZdSjOdYzhtM6HSe0EVpdKXvngyPprESDwurToIjn0W0RRHMdz9u1JRBhakIl
2020-09-06T13:57:19.108067178Z 851 geouo1CHMIJtgs59mYcGHUEnlSVgWrGK0n4cPhio6wzfdyqSGhMxVIF1V5i6
2020-09-06T13:57:19.160093742Z 852 jNSwTeEiojey86HgvZ4MQaHKT9WUMRJtEjZ7rGSUlNdIvuFKJhOm8fzG1hZC
2020-09-06T13:57:19.211399177Z 853 alkqdy5oE7Geq4DRJnoa0fVN0KXenwklY5UgHCGpwv1bMARMSdLeIfHR5ceU
2020-09-06T13:57:19.262430432Z 854 p4DeRudYGFRRyTc3rTExuuSIRgp2gq4d9Rlc8JdfymIWueSRfIK9HOlOWI38
2020-09-06T13:57:19.313507765Z 855 CBPBetIQqsoEhuhSE9qV95sdeOPDjfvJTQUaWDWRlZQx7kFufvGTgDMqzqdq
2020-09-06T13:57:19.364566544Z 856 M8vEaQcWo33qXUGf8uhKhxAh9vOdz6vZ0DiKqo68j1CUfPVYH6LhSc0dMbnY
2020-09-06T13:57:19.415844005Z 857 WIym7Ve7wbCZt01Bl700rCVQmssawVDyRO071vcn0B6tsnhntC6806IO14rS
2020-09-06T13:57:19.466982317Z 858 xd7PbfftabYieasNMcGrbVEIdkAhhCUKAmSH7bvezj8FAOEfp75p01650YjX
2020-09-06T13:57:19.517802578Z 859 C5AeptKLhl9igiLhNSDgqcSuDcxBw3jJ96Gb3usf1KFN6FO6k7ovGTrLyvmx
2020-09-06T13:57:19.568570214Z 860 GZNuPbyAB4fYoYrTGK9OE6UyEl02XWvtDp89FtTG70rPaETzXnVwI1v1jHTn
2020-09-06T13:57:19.620096837Z 861 KmtuO9KauVTlgMYRYFfjTDuNfsnfrV7BWbNziupEXxrS3vToHyz7IuZPRiLr
2020-09-06T13:57:19.670753167Z 862 BlXy3ed2mMSP79WidwUB0FsNn0XQLIvwcqiLXrg1R1lp7EW0j73ublTwEHtB
2020-09-06T13:57:19.729713101Z 863 18V8rb5HlJdU14vdyRLFpLwa8K9NgHjo93NQJud3OAIGh2hgkpr8OkTnMtJQ
2020-09-06T13:57:19.775963124Z 864 F8k5l6QO2npqsEydPMlhTX8yTMM9nvcW5Ys7yb9TXiYqswNcQpF8zj3VecQk
2020-09-06T13:57:19.825976496Z 865 9nVxDCCGfFxHU4cquwuUvVJXmKB6bWGLqPN6tVSf6HCP9tKl3948LenWoMX0
2020-09-06T13:57:19.877284621Z 866 Lh3PNirHvpXM9455jP1PL5LUSSMAvXzINVQGxw3jYfQgenOfLuQBKVcz9kEN
2020-09-06T13:57:19.928506770Z 867 FabsqovlJ9KEyjXh5R2TGxdIq1OsBFUE4rKR0F6ZVQAuSY5zF9Y2400Q9630
2020-09-06T13:57:19.979922117Z 868 1Ss6a3OHPVxrcUSdwhTCZI9qIJWoIxZqMITlJP5xr4pUwDT9y6kG53UEYcdQ
2020-09-06T13:57:20.032514267Z 869 gH5GMfEOAguKsFK8qWyffn8qwsg1r2U7lCUiq53JbIVbn6hpB1dead2kKuHB
2020-09-06T13:57:20.083583501Z 870 m61aZfBIerDoNqmnMhUIliSMDXONwp5qi4I3R94M2Dd5a4gLgxeSHm4ToClF
2020-09-06T13:57:20.134286778Z 871 7YkN8OhbifqnFaCuOEljSXYo1ybABmh8lJXS1hn3pC9ufn0xkU9Nemi0lQQH
2020-09-06T13:57:20.186154038Z 872 RDViFlxRyhePjH8ze5KSfb7MOObbsh23eNLGnrJz2xoCAnSNeInV9YwrpD6t
2020-09-06T13:57:20.237731485Z 873 Serla6zLbpMjcBscvms1CTUl7g66YWxgJIGCspflMkq9Q9E8NUuxRoeqdyTC
2020-09-06T13:57:20.289365751Z 874 tJL2vLuU8vQIZ40D4fdt1BowUDHDTHCT1aW43eoXDbZ0V6tNEX9JPkvarmBD
2020-09-06T13:57:20.339426888Z 875 kh736pR3BZZym2yJU2KI9QMOzlDZCiYNC2A0g0x8qK2rrHtjFoEVi3qwu1Pe
2020-09-06T13:57:20.390473557Z 876 X3sNoHBzlnaKddiNdrw2IZGKs4PAJnDdH95KdtQkEzS7nBcfdzRCz1yF2Sk4
2020-09-06T13:57:20.442630772Z 877 er1ZVuiMKWrD4ZJB1PB5vygc34YBhKb188Sdu8KSczEzVHzHpWhSFdooYSnk
2020-09-06T13:57:20.494170896Z 878 vxLIRDsY71fyINiXYO4DwrmIj3S7xC8GBdC26y1azgyc1bUFAXByDKlKc7IO
2020-09-06T13:57:20.544846048Z 879 pR1kfx1UVxkUy0TymPrsNUMqa3SVJ4DE3aYse5bGUPsBpRp2ycjPabD8bO5D
2020-09-06T13:57:20.595733433Z 880 CngGaBJupPXY8yUbo4CwThELiEQkEyy2VXAJQmM9auUhufQ9rsnKoS3M41v3
2020-09-06T13:57:20.647161393Z 881 gNkbTb0uZRgzfTvQpriItNwuh4dZ5uCrOm3tMI5rBgv7lqAjPswMjPZjQsrJ
2020-09-06T13:57:20.697578907Z 882 3wZ7c6ff0JU88AAHEe0cVUD5ijQHMWhyTiJh63B3PItoBFLPXfhOz16gLjzV
2020-09-06T13:57:20.748418978Z 883 E7Qmyndl1CtBAFjBGPuSghu9U14jgIUgBgsws2VixEHrN5SfxNs0tjTciLBd
2020-09-06T13:57:20.800090166Z 884 mxxbdftxIdiz035KqKDDNBOk0LcJBkSAYjQmWMZp2KZiUGy9JFtbrcRw2eyo
2020-09-06T13:57:20.851500899Z 885 FjETL7qsdlnDpKnXST0Ahr3e8n64iG2uLzWWRyOwb53bWKCFgj2UAfGfBuVj
2020-09-06T13:57:20.902602993Z 886 wrnh6oSMnQu02DnmvWLE3tt3QHWw0QKmS2KySDt8VFkjekaBhCbATe0vry9Z
2020-09-06T13:57:20.953607039Z 887 5W3c4zluLEcwT1JgPZwcD0txXF6SUU5j2TzkwiXpCUguUFHHbuzJvNOyO1qq
2020-09-06T13:57:21.005774895Z 888 30AAJSTC8z8uF1AQq6ckCJadZBdaeUFyYAWyxXtumIzAyyo2yQekhOl4UkIf
2020-09-06T13:57:21.056518954Z 889 QQAbJvamCU54IlC32VTfnlpHRTwpR0eukj5SwEFomOFQfoomrQ4MLm7VcsIW
2020-09-06T13:57:21.108150390Z 890 cvgzHDbXCcWggL1sxJmUvna5RxlJOSDmotssIuBedtaFqeOtwQ6676IPC6Rp
2020-09-06T13:57:21.158361630Z 891 iYSpHW0q8ChE0MCEgPEbpuNoupD4yddEH5NTW02mtMR2jtCzP76s2a7iiKgU
2020-09-06T13:57:21.210154876Z 892 UIAvvKjCXInY6mmLDVcsehHUfADiGp1sGRO740fdyMAg9kRYzheoMNbcliTj
2020-09-06T13:57:21.261723946Z 893 SaSXf8O5aGoe5b3nUWzd3Etj4AcoKnz4rJ0aNx26dJ1W2PUtC1tvBeZs2jdq
2020-09-06T13:57:21.313409334Z 894 tjTxKSMjwpuhimm6IW2lNA9Yem9cngeL56fMQnae4b4nQvpCF6aoK6pV7b35
2020-09-06T13:57:21.365113958Z 895 pgRsHPoctfILRRza03UkYLBxcBe9uKX125Qlmf79MOqdspn8f5ocyFtxv4ho
2020-09-06T13:57:21.415880361Z 896 zYlBSrZHepfMCQhbub35h8LWKjie7GhmWnG4OWhs1rkc1jPhlaN1tTR3sUTX
2020-09-06T13:57:21.467578490Z 897 tFOeFPfOZecH64wSqaeInjEP6VMESomZHroaBvB0datx4BkK6MsPd1P3alqo
2020-09-06T13:57:21.518996166Z 898 vuWHSJ4fAWBZSIFN2M1N5FMSwM65jG5QABI0LBjmGtBVZMVwPCvHRqiG6hUG
2020-09-06T13:57:21.570073798Z 899 P4VxlBd0vYakPhjNZQixYT7Ce762iEjdmhzJe9CvjFox3Zo1bPsCMVubUFxe
2020-09-06T13:57:21.620434840Z 900 uyAHg517tG9iL3BX4kiDMEogtYCMC8N0esXzGVPNruX2u53ujvjBZDog93OM
2020-09-06T13:57:21.671728584Z 901 FDksycV404Wxw3kR3wz5K41hZng8nBiU93Bn6Ti5WwRCzCpHLDrvCpUIrNZ5
2020-09-06T13:57:21.723241791Z 902 WxtoODBnYexgmDyY2XI2mvqjH5J7P02NRl9rzfXsPsMy9sRJUg6MgGHGWL3l
2020-09-06T13:57:21.774874403Z 903 WkJMAvgXbTRqb5jo6vLxqDjT3RRwda7DxnsMLcU4ET9gYVt6jJTB7nuB2acA
2020-09-06T13:57:21.826494275Z 904 dprzDNVnWpFV5ElQgW57t0m434qdHEakZ7d8icBPogIF4ddoctY3byxGHAxB
2020-09-06T13:57:21.877658303Z 905 BrWTXaGIrUbO3XK4KkAC1cSK0FYH0RLjsM5HfC0WuWaD1TTPxN0TgEUcZ3Rl
2020-09-06T13:57:21.928553913Z 906 s9QaiXDpQox15BQtraVs3kHwScWJweCTQExUKRAvwk0ZIibBk5GMVfViqpZk
2020-09-06T13:57:21.979498759Z 907 zxKBClkTBs9U74OhpmnpcwkzrCflBuwmBJEFLn5A1CDzWml9q4AzjfNxOeRd
2020-09-06T13:57:22.030262895Z 908 mMh0kXLNp0TPYhC0SbN6cN8TdLYXtsWRgbh2kHcn4Kpbt4EQRWslC15A7RDz
2020-09-06T13:57:22.081586772Z 909 ibe9aJAQkqVjw5AaDI6XY3wT0gtMOazqQ2boV7tIAA9Qwpfx3yf1KChhGXku
2020-09-06T13:57:22.132900725Z 910 YeAQNxUMndlgYoILFrIylP5pp1IYxFtcK0PsL0y1gW2VlIoDSu77VnrcWiwh
2020-09-06T13:57:22.184196382Z 911 XodTv6Pt3MNTIimAj8kqHvfg4PSSG6LCJ8jYthg4xP6GvEl0NKzKvLfkYg6r
2020-09-06T13:57:22.236129936Z 912 9gHB5DJxxNwKF5CwsZ2zI96qRGXEmJKe3nbaJG5x3UG8lkWqqpD0USfS8WPR
2020-09-06T13:57:22.287755346Z 913 basNVRkBNIBCGi5dmmgCQ3T2dTVNUSjsdtsUrvlt6Y1c3AcCps1jzvEVpa0b
2020-09-06T13:57:22.338867555Z 914 U4wnEelTAjkNYYN1BbDXSytXlHcadCp6PEkLD3XOJxngZBXJMz85duu3LfDy
2020-09-06T13:57:22.390856340Z 915 R61c5vQKYKGlSJ57WYe4vUmjsze36JRJk0LmiZtVaLJRvsHwhuT3KE4ZAaom
2020-09-06T13:57:22.441729034Z 916 f2sg22BCFCHeu9qgFt8TIeyISZ9XZ1v4LkiIyhTMQq5T0dbeTgyqNqBmJN4N
2020-09-06T13:57:22.493411986Z 917 2AFMD86TK0YTchMDr2B4YA4YwfEjCUxpYEaynrlLNIyq8WzZmdt3qqP8dkq2
2020-09-06T13:57:22.544750476Z 918 tiXTEMpMWYL3MdOLIlYFqtXivIhfxyDjqZlzvLa8cPbqMQNplq3x7nbIUeZ0
2020-09-06T13:57:22.595288915Z 919 tp469v1JsF3bjl2O4a1HaNaR9hpfQA23aRlJHbU4SJrNVrgAq0E375esXgiR
2020-09-06T13:57:22.646941776Z 920 wuKu4hKrhO009wFUbquccT4yOOiyokTpxUg4NzcPGpFEbI0bVFDKnd28UEGP
2020-09-06T13:57:22.698792236Z 921 7lf7yYucFsxtyfCnJ9GZbHRHSrb7hwHMaMr19y1KT3POsrb8kcbY87sIECJh
2020-09-06T13:57:22.749946098Z 922 fZmfFXIwLUIB5qIa342UkrlcqC7n7HFeLGE1rDLrIH0y7rmgEArINxy5sTBX
2020-09-06T13:57:22.800725286Z 923 JBckPxBIWPCn5d7oxxCmUwJX3EUOf8e77EupDdJcTQnMpQ8LmbKG2LhVnbcU
2020-09-06T13:57:22.851801664Z 924 UvImISN1X8FGWYBYtWOJFaWsJsXaBeNoVjCxQ9sjMGtfuwjrQcobMTdr4pDy
2020-09-06T13:57:22.902670172Z 925 ZMqA96gmCjpnFaVv7ROIFh8bLy4LRIL6cicF7BmFiDsiHW8Rpnnzl9u9DDQu
2020-09-06T13:57:22.953379676Z 926 ubREtx5yR96DzW7rVRirMlqA4pEA1juVqwQAVuXgdJGJCco2hAReqBJTRQnC
2020-09-06T13:57:23.004861041Z 927 P0bYh8p5FsRf14QClXuE3jkUssKeyLnaPj3QYG54g3OfY3SeJ99jckSWBkgs
2020-09-06T13:57:23.055349464Z 928 kZKVuoYlg3lJUmNx4Kb9ZcxTRH2dTjOiWGdAKK8aFOrhVh1n7io9d9vS9ENe
2020-09-06T13:57:23.107435546Z 929 fu15WSIz9bIQ4iZB2vnkgrM2yPFdR9726Sd4ZJvelxR2VW0Cb5H6QPqzZpXb
2020-09-06T13:57:23.158984626Z 930 Qt36pEqXBoGcXCWLTIFLxEKHxLiJNDC6bluWvheLVGoN0Ra3LsHT4GBSmYDV
2020-09-06T13:57:23.209702679Z 931 Exxm4edjgr1dE9WIuEZBLnBrmnFL8qSRMU8jlLKSfqCwXqfrKDhVdMdv94y1
2020-09-06T13:57:23.260560025Z 932 PW1G2h36NxC516xaqfyz9VYOZQZZA8y6YSHCbWHvLXW0Pgc2z6EyE3b2VS2c
2020-09-06T13:57:23.312421990Z 933 6Ei6NINYkewIQ3QeUr6fn7jZEiTH3BuX9D82RP5LUQWPzhcqNK72NrgaQebr
2020-09-06T13:57:23.363786123Z 934 n2G0bANaCKkXB07lAl4TuUdE64wW3RnSd7b5Dw0X5t9qlJpYHG6gjlEQDbwm
2020-09-06T13:57:23.414237227Z 935 6FL7sJCksOxrIm2gxIxm3o6Tv15Vnjfb6JltFzQN7bRNYFGG7fRPtIKpDOlT
2020-09-06T13:57:23.466040182Z 936 HjVKRjzAetqaHK2DKfByfUWgLM46X2UH36NiCnDU7XxWQIWI4JSWgMrORt01
2020-09-06T13:57:23.517609859Z 937 RfA13aS3BTtEw9ReEOel89GCM4UPJnZ8F5M08xoDWzzINrr1HVRm6l7GIFIK
2020-09-06T13:57:23.568994714Z 938 sp74R9hWNd7emBUSUjnV8Y5iJx0BzFTRC78MAHmiPD9selowXKVPKSv3avcF
2020-09-06T13:57:23.619347899Z 939 240kA9WFalDL2fQyslWvh4UUsnmM2MWPxRMqQjq4fHxiSXrqrTXhPIkJTOjs
2020-09-06T13:57:23.670743039Z 940 j9bl51NA5iC8zlWpMFI6tISGo4r04nhReh86VXyd1ufsIrZJPmeSc6MjRLCE
2020-09-06T13:57:23.721415137Z 941 Nrqp9Vi8eIsVpAml86TFuX7PPpjyKTDRrLGwvLfysUFpLpkcivRJwnOCmAkX
2020-09-06T13:57:23.772982803Z 942 FvPZU3XwjEhohLvSeRYCi8WM5c53UcMdZZqeXtRSD3n73Ts43Wz1OlQN6QfH
2020-09-06T13:57:23.825021695Z 943 QDGso6mtHpwYrPX3X4kFCLXPMlI0T2Rk0ko9xUAv85QULWpy1K8tZsOOQS4V
2020-09-06T13:57:23.877121995Z 944 OqJo8I4Y55tfESFDwGXMOWWGY3o13ZiXVDKIPDJK15V2WyFBx6w8KybTxMwH
2020-09-06T13:57:23.929058916Z 945 U9YDRahGZRDj0igxD7JYlmufQr7J7gfyS16l2QiQlSFFAtJvRyrUsl0RLeQd
2020-09-06T13:57:23.980324160Z 946 27FAjNdRb6iPwTr49gNmrfip4s2vlotWMMJwTOzjfJuJWNPP79DcotP40qaq
2020-09-06T13:57:24.032313080Z 947 ebjQ6MWtPVxhNUQUgTEsHo5WLXhoT7o2y4aw3NFEqqlOxyOjYkF36EgLx0fy
2020-09-06T13:57:24.083637184Z 948 dkLn8daOaVnNB4QanujKbuEQ8AQoelAVv3M6ZjAxGwxbSIs42ChT8gf8Ns6c
2020-09-06T13:57:24.134856164Z 949 hlUfpFm3LWRDh1NmGpxXBzimXMciEN6M9g3yUY4zz6u2aCAO0BlVRkNc1qHa
2020-09-06T13:57:24.186073835Z 950 e6MEGYEXwpUIi4AQqe20NsLnOHB6vdyJghImpa2bNGa4Y1gxac734EkLIGcH
2020-09-06T13:57:24.237654600Z 951 IQigNEoK6c9bhPB6kjoJNH0ZgMMFvnIMR8yipwPVNPDFISU26JEbHGJFPBwH
2020-09-06T13:57:24.287971246Z 952 V1vFGQvQPKcVWG2fxbkRGHYutQUH5NOXUbZHszM9B9nQDwgRh2iqZoxJZLeH
2020-09-06T13:57:24.339049546Z 953 CiKkypeznxMWkCbbaLMfa57dDzhpIwOJlZITI9aTSqUF4le2wNzP8ttyOBgX
2020-09-06T13:57:24.390271640Z 954 gxpZgvoWRXUipheBLbTb4yP5OBvkM4iJKvKPeHqisEpX9J2MydtW7sDAH7bk
2020-09-06T13:57:24.442229514Z 955 dN7QiTZigkP3Z5efGEsTJYczJ5gSiui3Udpq1EN7v6ZKHu3f1eCD1v1anf55
2020-09-06T13:57:24.493365543Z 956 eii4oYCAOABYjcNMfFnqEKt4UUaAJWq8t5nMfM4zwV01L8TlMoArOWb1m6Hd
2020-09-06T13:57:24.545214704Z 957 LwkhdgFJU6RlmPe9QBxYbilvkK3WVUwN21ICln8O18zrKqRK1gCiSwSlxGCP
2020-09-06T13:57:24.597215509Z 958 34vrxM1zt2G6Has4hTSkhybJjTgm7zxKcQot1ZhmU3R7hdoKnmeMIuvYqKtC
2020-09-06T13:57:24.648794539Z 959 jN7ycaDIvYRdCuK3ofHa2zJj8PS7jmHED6dtwuLXoEAsXs2A0Pl5shfI2YN1
2020-09-06T13:57:24.700366360Z 960 FUjyfjsZuHdBqCB99ubfqe2uCYovUmAK50CFhSaH3kjZKNvNbgs2XWe8bi64
2020-09-06T13:57:24.751863558Z 961 DtKuJlS17XwTVdz83vR0thyNAhJGwXYueP7kanrjh9HTmB1nBgImPEeol5Vk
2020-09-06T13:57:24.802745674Z 962 MZ2rFX4AHQ1m2npUQYb7J4VoZFYItFWGbiLLxG0Ntvdgvhe9Rv289e4zyOyU
2020-09-06T13:57:24.853765066Z 963 YHusZI02DUwYW3qBTiEcLz5K3fcVq6G6LryzgIvNeY8acpfGFFnTRamcHZTI
2020-09-06T13:57:24.905400368Z 964 Z7ePcMz2R3sJAGhq2RYYppcbAHip1fsWgGqi5mNFOku1VnLKTKMvhs0LkJP8
2020-09-06T13:57:24.956967218Z 965 jfFmwnTHkmKOJpa0lW97A0V5KJMGvY70c5NdSqfX91op502jKjmIMKTXUW5s
2020-09-06T13:57:25.008296938Z 966 zYTAF1opA5oIrfpwrYsoeXoOGeYBzSy2Vbko4OmjYKDkZATBS3JgsvUWcTha
2020-09-06T13:57:25.059786385Z 967 piJqe3LwjmIj4eIqelucf8iVHmdDvcs0QKQj82y7D8dGdkVY5doUhtORUlEj
2020-09-06T13:57:25.110993516Z 968 JGza41Tq2FWHnSfwkM57H0k558kGh1bmNpg65OHqn2nNYnJJvFtcJHGl3o0j
2020-09-06T13:57:25.161351754Z 969 tsapYlq5R3KUwzmyqb5IQ29IZ4frdykZTVYdiKDXedFDuZPOyTQ2RWpG7R7B
2020-09-06T13:57:25.212861324Z 970 UH1d79X6ANeOBWZIMXCtQpW3jykUNH96MwDxUyAirx8x3bH2QIxh39PXMPIn
2020-09-06T13:57:25.264361028Z 971 oWHmzGJXEGtFlEj3nE0edpi0QAFsvanSV4jqRfJumZVho9yAzu1q2oFGBsoA
2020-09-06T13:57:25.315380831Z 972 bwOnFsNweFiLIeXojyxxXSnN0VnnWPnUtGNPsC8DhdzQksgYq0VmihskG7Ph
2020-09-06T13:57:25.367040181Z 973 zmB3xVckVCedwjNrVlRuyT8cbIsgtfPbgmjQyarYT5DejO80XhxwRyCzNMZf
2020-09-06T13:57:25.418314709Z 974 09wGSNClEL1CRqhk04sea1nYYm3jDg9y6kFBtAVguKjXpFyRCyifaiMFwmbG
2020-09-06T13:57:25.470061318Z 975 iJSOOJCNNVRBAgk9RMnmIELCEC8eK91A4H4VAzR63ONV5fSmZknidhet3Vuy
2020-09-06T13:57:25.521147119Z 976 aF9pbMAHFH5wPyWmvGrT4EOA2EsCnLpacuKyZiJugV7pthzoWJqUHXBr4qPa
2020-09-06T13:57:25.572105940Z 977 ydR2qjFBBxUaGu4LP7OVcqiS4SCy6DKNTzZbsJcDwk3TLEJ3EG8RmGDTHXxu
2020-09-06T13:57:25.624101357Z 978 SfC6ZU7h6EAywQtszdGYTASHSZqk1NoGtabX8IdethtGXSUnVVbPEFJjVt16
2020-09-06T13:57:25.675957670Z 979 TbWhWWrlvml1p3gTI0OVUy4PwDAnYKxPxNNzisqWIecjz165NVpcuiSt3YQo
2020-09-06T13:57:25.727602438Z 980 5Wh7CtD7S2JCCRxTy0ojgmDPzwdwmiFZRYg3CpH65PYLJLAWGA7odBkouJ6L
2020-09-06T13:57:25.779232533Z 981 OzwwwuIBSfoYVnTNdXxKoPsYyVHcy5o0tLplYdAYVhtQMUG9zLphJYSdYuNL
2020-09-06T13:57:25.831355159Z 982 SMX6aIDxCM8oQEu0Ph7K0dVUH58k4RafIavMsfJxhWiAtunCP9X8j5Qiivc4
2020-09-06T13:57:25.882798281Z 983 TtCr8Q4GE3FuebP1lxeKoxsH58jKS4EMoJPJALlVnAphTm2So9KV7cP7OUFO
2020-09-06T13:57:25.934634270Z 984 zjgFEKpl3JhAgMswBmTr3UQB66oAByfpaN7rjeVFnbd6IS0ejPR0ziaBXa8D
2020-09-06T13:57:25.986446596Z 985 wbvB0w7eynkkeZ3lOdCgUOPyB4RiG1mbZXPlMgflnVV8URCFcno8amPPKwDc
2020-09-06T13:57:26.038064871Z 986 RloQNva3VcaOGvnw6LYnk9VhUyWRv7mQyOQRxTVD2dLBd72wnptcenO0eywW
2020-09-06T13:57:26.089151559Z 987 GmzC6AAHBGU8BAzCgVuV2461OpNS1mRrt8RMoDe7u5lF3fRIgrxHBDi1RlpS
2020-09-06T13:57:26.141439974Z 988 NrrDgMTr8XnSVYpS5KhTQejnHZIrXmtti42lVdXxHkOxCzOq1pZncAuoY1Hn
2020-09-06T13:57:26.192431837Z 989 4AQWeaeLLNVpemh0QVk3HBu0yzCZsbBjvckazS3iFyQUyStHjr81yCoWHwbe
2020-09-06T13:57:26.242410942Z 990 B7d4BKtqkEhyePrgtoYPPXNPpvNCKdkBue7wr9Zpd19zAz2hF2ozw1G79rJq
2020-09-06T13:57:26.294099764Z 991 CeBQ0ZrdshkL6WrOI5JSZC7aui58fdV90RRhZCsJZCRyCZcYFMrsbOlWkhxp
2020-09-06T13:57:26.344595717Z 992 ZG8utnpy0kv8rFnKTTkS63CsnsIN7xS2AmJPnPSBITaZRJ2K2lEsWtF14T9H
2020-09-06T13:57:26.397048448Z 993 VqaC7yLDzgtbnzFx2H9qY5s91Ukl9YPvoSZ1KVFZHzm6Q7yZLsTbWSBRiIbC
2020-09-06T13:57:26.448440162Z 994 PVBL6A6dALW0v9pFWJFx0d5Ydllyh8Z5HoBkM7fdhJ1rJMBCC3XtzEXbd1Vk
2020-09-06T13:57:26.500067517Z 995 aBJz2cQekMimkTy9g7SL3HgLdKzmZFzREofMZPp5QHpiRvU01wrvaUUPhMHj
2020-09-06T13:57:26.551713725Z 996 4Sj7RPqkvuqFTZeA5Zm67LwT8RSk7ku8MedMsiQESKopGY3sXiRQJBe26XUO
2020-09-06T13:57:26.602906588Z 997 OqbIbfzUzpe5y3Ck0MuCk5tBz7HeWrDmDcGOUhW1qzwnIYGNibUfDsewtSgb
2020-09-06T13:57:26.653994207Z 998 nTcFnnVNOitFSVJpd1R0JSsJYV9tXLJwYZyforfU0QvKqZ5kdvrKVWPRmDg4
2020-09-06T13:57:26.704841881Z 999 J4DRwHAmFyu9Sw0qo0MQnpYgaCXQiJTs3bvYIwxsNv7Y8GouJ5AcLJpFyM2o
