2020-09-15T00:21:58.012332239Z  running: (['/opt/scylladb/scripts/scylla_dev_mode_setup', '--developer-mode', '1'],)
2020-09-15T00:21:58.494139055Z  running: (['/opt/scylladb/scripts/scylla_io_setup'],)
2020-09-15T00:21:58.868569510Z  2020-09-15 00:21:58,868 CRIT Supervisor is running as root.  Privileges were not dropped because no user is specified in the config file.  If you intend to run as root, you can set user=root in the config file to avoid this message.
2020-09-15T00:21:58.868608663Z  2020-09-15 00:21:58,868 INFO Included extra file "/etc/supervisord.conf.d/node-exporter.conf" during parsing
2020-09-15T00:21:58.868620403Z  2020-09-15 00:21:58,868 INFO Included extra file "/etc/supervisord.conf.d/rsyslog.conf" during parsing
2020-09-15T00:21:58.868680469Z  2020-09-15 00:21:58,868 INFO Included extra file "/etc/supervisord.conf.d/scylla-housekeeping.conf" during parsing
2020-09-15T00:21:58.868740283Z  2020-09-15 00:21:58,868 INFO Included extra file "/etc/supervisord.conf.d/scylla-jmx.conf" during parsing
2020-09-15T00:21:58.868904217Z  2020-09-15 00:21:58,868 INFO Included extra file "/etc/supervisord.conf.d/scylla-server.conf" during parsing
2020-09-15T00:21:58.868943087Z  2020-09-15 00:21:58,868 INFO Included extra file "/etc/supervisord.conf.d/sshd-server.conf" during parsing
2020-09-15T00:21:58.907312963Z  2020-09-15 00:21:58,907 INFO RPC interface 'supervisor' initialized
2020-09-15T00:21:58.907651166Z  2020-09-15 00:21:58,907 CRIT Server 'inet_http_server' running without any HTTP authentication checking
2020-09-15T00:21:58.908093787Z  2020-09-15 00:21:58,907 INFO supervisord started with pid 25
2020-09-15T00:21:59.911843808Z  2020-09-15 00:21:59,911 INFO spawned: 'scylla' with pid 28
2020-09-15T00:21:59.918890366Z  2020-09-15 00:21:59,914 INFO spawned: 'scylla-housekeeping' with pid 29
2020-09-15T00:21:59.918915093Z  2020-09-15 00:21:59,916 INFO spawned: 'sshd' with pid 30
2020-09-15T00:21:59.921837851Z  2020-09-15 00:21:59,919 INFO spawned: 'scylla-jmx' with pid 31
2020-09-15T00:21:59.926910621Z  2020-09-15 00:21:59,922 INFO spawned: 'rsyslog' with pid 32
2020-09-15T00:21:59.926963967Z  2020-09-15 00:21:59,925 INFO spawned: 'node-exporter' with pid 33
2020-09-15T00:21:59.946110883Z  Generating public/private ed25519 key pair.
2020-09-15T00:21:59.946142773Z  Your identification has been saved in /etc/ssh/ssh_host_ed25519_key.
2020-09-15T00:21:59.946153592Z  Your public key has been saved in /etc/ssh/ssh_host_ed25519_key.pub.
2020-09-15T00:21:59.946163619Z  The key fingerprint is:
2020-09-15T00:21:59.946173314Z  SHA256:WZr/bCegb9HodwXCKrk3FQzMt7kAJRPvup3e/mVllxk root@da27ac8be4d6
2020-09-15T00:21:59.946183019Z  The key's randomart image is:
2020-09-15T00:21:59.946192379Z  +--[ED25519 256]--+
2020-09-15T00:21:59.946201861Z  |        +=.      |
2020-09-15T00:21:59.946211380Z  |        .++ .    |
2020-09-15T00:21:59.946220688Z  |         .o= o E |
2020-09-15T00:21:59.946230033Z  |         *. B . +|
2020-09-15T00:21:59.946239348Z  |        S..= + ++|
2020-09-15T00:21:59.946260965Z  |        oo= +  .+|
2020-09-15T00:21:59.946271126Z  |        .=.+   .o|
2020-09-15T00:21:59.946279784Z  |        oo==+ oo |
2020-09-15T00:21:59.946288574Z  |        .=====.  |
2020-09-15T00:21:59.946297613Z  +----[SHA256]-----+
2020-09-15T00:21:59.965609245Z  time="2020-09-15T00:21:59Z" level=info msg="Starting node_exporter (version=0.17.0, branch=HEAD, revision=f6f6194a436b9a63d0439abc585c76b19a206b21)" source="node_exporter.go:82"
2020-09-15T00:21:59.965650771Z  time="2020-09-15T00:21:59Z" level=info msg="Build context (go=go1.11.2, user=root@322511e06ced, date=20181130-15:51:33)" source="node_exporter.go:83"
2020-09-15T00:21:59.965662099Z  time="2020-09-15T00:21:59Z" level=info msg="Enabled collectors:" source="node_exporter.go:90"
2020-09-15T00:21:59.965683030Z  time="2020-09-15T00:21:59Z" level=info msg=" - arp" source="node_exporter.go:97"
2020-09-15T00:21:59.965693000Z  time="2020-09-15T00:21:59Z" level=info msg=" - bcache" source="node_exporter.go:97"
2020-09-15T00:21:59.965702917Z  time="2020-09-15T00:21:59Z" level=info msg=" - bonding" source="node_exporter.go:97"
2020-09-15T00:21:59.965713137Z  time="2020-09-15T00:21:59Z" level=info msg=" - conntrack" source="node_exporter.go:97"
2020-09-15T00:21:59.965722896Z  time="2020-09-15T00:21:59Z" level=info msg=" - cpu" source="node_exporter.go:97"
2020-09-15T00:21:59.965732664Z  time="2020-09-15T00:21:59Z" level=info msg=" - diskstats" source="node_exporter.go:97"
2020-09-15T00:21:59.965742210Z  time="2020-09-15T00:21:59Z" level=info msg=" - edac" source="node_exporter.go:97"
2020-09-15T00:21:59.965751801Z  time="2020-09-15T00:21:59Z" level=info msg=" - entropy" source="node_exporter.go:97"
2020-09-15T00:21:59.965761522Z  time="2020-09-15T00:21:59Z" level=info msg=" - filefd" source="node_exporter.go:97"
2020-09-15T00:21:59.965771190Z  time="2020-09-15T00:21:59Z" level=info msg=" - filesystem" source="node_exporter.go:97"
2020-09-15T00:21:59.965780927Z  time="2020-09-15T00:21:59Z" level=info msg=" - hwmon" source="node_exporter.go:97"
2020-09-15T00:21:59.965790529Z  time="2020-09-15T00:21:59Z" level=info msg=" - infiniband" source="node_exporter.go:97"
2020-09-15T00:21:59.965799990Z  time="2020-09-15T00:21:59Z" level=info msg=" - interrupts" source="node_exporter.go:97"
2020-09-15T00:21:59.965809505Z  time="2020-09-15T00:21:59Z" level=info msg=" - ipvs" source="node_exporter.go:97"
2020-09-15T00:21:59.965819303Z  time="2020-09-15T00:21:59Z" level=info msg=" - loadavg" source="node_exporter.go:97"
2020-09-15T00:21:59.965828996Z  time="2020-09-15T00:21:59Z" level=info msg=" - mdadm" source="node_exporter.go:97"
2020-09-15T00:21:59.965838605Z  time="2020-09-15T00:21:59Z" level=info msg=" - meminfo" source="node_exporter.go:97"
2020-09-15T00:21:59.965848377Z  time="2020-09-15T00:21:59Z" level=info msg=" - netclass" source="node_exporter.go:97"
2020-09-15T00:21:59.965868688Z  time="2020-09-15T00:21:59Z" level=info msg=" - netdev" source="node_exporter.go:97"
2020-09-15T00:21:59.965894543Z  time="2020-09-15T00:21:59Z" level=info msg=" - netstat" source="node_exporter.go:97"
2020-09-15T00:21:59.965905703Z  time="2020-09-15T00:21:59Z" level=info msg=" - nfs" source="node_exporter.go:97"
2020-09-15T00:21:59.965915122Z  time="2020-09-15T00:21:59Z" level=info msg=" - nfsd" source="node_exporter.go:97"
2020-09-15T00:21:59.965924370Z  time="2020-09-15T00:21:59Z" level=info msg=" - sockstat" source="node_exporter.go:97"
2020-09-15T00:21:59.965933617Z  time="2020-09-15T00:21:59Z" level=info msg=" - stat" source="node_exporter.go:97"
2020-09-15T00:21:59.965942711Z  time="2020-09-15T00:21:59Z" level=info msg=" - textfile" source="node_exporter.go:97"
2020-09-15T00:21:59.965952029Z  time="2020-09-15T00:21:59Z" level=info msg=" - time" source="node_exporter.go:97"
2020-09-15T00:21:59.965961168Z  time="2020-09-15T00:21:59Z" level=info msg=" - timex" source="node_exporter.go:97"
2020-09-15T00:21:59.965970458Z  time="2020-09-15T00:21:59Z" level=info msg=" - uname" source="node_exporter.go:97"
2020-09-15T00:21:59.965979565Z  time="2020-09-15T00:21:59Z" level=info msg=" - vmstat" source="node_exporter.go:97"
2020-09-15T00:21:59.965988716Z  time="2020-09-15T00:21:59Z" level=info msg=" - xfs" source="node_exporter.go:97"
2020-09-15T00:21:59.965998050Z  time="2020-09-15T00:21:59Z" level=info msg=" - zfs" source="node_exporter.go:97"
2020-09-15T00:21:59.966007228Z  time="2020-09-15T00:21:59Z" level=info msg="Listening on :9100" source="node_exporter.go:111"
2020-09-15T00:22:00.277094499Z  Scylla version 4.1.6-0.20200831.6d9ff622df with build-id c2ed04d00095c63b7456b5fcda6775c5a9f33b0b starting ...
2020-09-15T00:22:00.277136110Z  command used: "/usr/bin/scylla --log-to-syslog 0 --log-to-stdout 1 --default-log-level info --network-stack posix --developer-mode=1 --overprovisioned --listen-address 10.0.24.6 --rpc-address 10.0.24.6 --seed-provider-parameters seeds=10.0.24.6 --blocked-reactor-notify-ms 999999999"
2020-09-15T00:22:00.277164769Z  parsed command line options: [log-to-syslog: 0, log-to-stdout: 1, default-log-level: info, network-stack: posix, developer-mode: 1, overprovisioned, listen-address: 10.0.24.6, rpc-address: 10.0.24.6, seed-provider-parameters: seeds=10.0.24.6, blocked-reactor-notify-ms: 999999999]
2020-09-15T00:22:00.307143412Z  WARN  2020-09-15 00:22:00,306 [shard 0] seastar - Unable to set SCHED_FIFO scheduling policy for timer thread; latency impact possible. Try adding CAP_SYS_NICE
2020-09-15T00:22:00.328025625Z  INFO  2020-09-15 00:22:00,327 [shard 0] init - installing SIGHUP handler
2020-09-15T00:22:00.336703026Z  INFO  2020-09-15 00:22:00,336 [shard 0] init - Scylla version 4.1.6-0.20200831.6d9ff622df with build-id c2ed04d00095c63b7456b5fcda6775c5a9f33b0b starting ...
2020-09-15T00:22:00.336744332Z  
2020-09-15T00:22:00.338845218Z  INFO  2020-09-15 00:22:00,338 [shard 0] init - starting prometheus API server
2020-09-15T00:22:00.340677809Z  INFO  2020-09-15 00:22:00,340 [shard 0] init - starting tokens manager
2020-09-15T00:22:00.343555767Z  INFO  2020-09-15 00:22:00,343 [shard 0] init - starting migration manager notifier
2020-09-15T00:22:00.343860693Z  INFO  2020-09-15 00:22:00,343 [shard 0] init - creating tracing
2020-09-15T00:22:00.344437905Z  INFO  2020-09-15 00:22:00,344 [shard 0] init - creating snitch
2020-09-15T00:22:00.345327480Z  INFO  2020-09-15 00:22:00,345 [shard 0] init - determining DNS name
2020-09-15T00:22:00.345387487Z  INFO  2020-09-15 00:22:00,345 [shard 0] init - starting API server
2020-09-15T00:22:00.346495200Z  INFO  2020-09-15 00:22:00,346 [shard 0] init - Scylla API server listening on 127.0.0.1:10000 ...
2020-09-15T00:22:00.347139957Z  INFO  2020-09-15 00:22:00,346 [shard 0] init - initializing storage service
2020-09-15T00:22:00.347528834Z  INFO  2020-09-15 00:22:00,347 [shard 0] init - starting per-shard database core
2020-09-15T00:22:00.352117487Z  WARN  2020-09-15 00:22:00,351 [shard 0] init - I/O Scheduler is not properly configured! This is a non-supported setup, and performance is expected to be unpredictably bad.
2020-09-15T00:22:00.352185357Z   Reason found: none of --max-io-requests, --io-properties and --io-properties-file are set.
2020-09-15T00:22:00.352197334Z  To properly configure the I/O Scheduler, run the scylla_io_setup utility shipped with Scylla.
2020-09-15T00:22:00.352218554Z  
2020-09-15T00:22:00.352354075Z  INFO  2020-09-15 00:22:00,352 [shard 0] init - creating and verifying directories
2020-09-15T00:22:00.675449526Z  INFO  2020-09-15 00:22:00,674 [shard 0] database - Populating Keyspace system_schema
2020-09-15T00:22:00.675495367Z  INFO  2020-09-15 00:22:00,675 [shard 0] database - Keyspace system_schema: Reading CF computed_columns id=cc7c7069-3740-33c1-92a4-c3de78dbd2c4 version=2b8c4439-de76-31e0-807f-3b7290a975d7
2020-09-15T00:22:00.675506886Z  INFO  2020-09-15 00:22:00,675 [shard 0] database - Keyspace system_schema: Reading CF view_virtual_columns id=08843b63-45dc-3be2-9798-a0418295cfaa version=c777531c-15f7-326f-8ebe-39fd0265c8c9
2020-09-15T00:22:00.675516977Z  INFO  2020-09-15 00:22:00,675 [shard 0] database - Keyspace system_schema: Reading CF dropped_columns id=5e7583b5-f3f4-3af1-9a39-b7e1d6f5f11f version=7426bc6c-4c2f-3200-8ad8-4329610ed59a
2020-09-15T00:22:00.675526883Z  INFO  2020-09-15 00:22:00,675 [shard 0] database - Keyspace system_schema: Reading CF indexes id=0feb57ac-311f-382f-ba6d-9024d305702f version=99c40462-8687-304e-abe3-2bdbef1f25aa
2020-09-15T00:22:00.675647962Z  INFO  2020-09-15 00:22:00,675 [shard 0] database - Keyspace system_schema: Reading CF functions id=96489b79-80be-3e14-a701-66a0b9159450 version=329ed804-55b3-3eee-ad61-d85317b96097
2020-09-15T00:22:00.675685931Z  INFO  2020-09-15 00:22:00,675 [shard 0] database - Keyspace system_schema: Reading CF columns id=24101c25-a2ae-3af7-87c1-b40ee1aca33f version=d33236d4-9bdd-3c09-abf0-a0bc5edc2526
2020-09-15T00:22:00.675696132Z  INFO  2020-09-15 00:22:00,675 [shard 0] database - Keyspace system_schema: Reading CF scylla_tables id=5d912ff1-f759-3665-b2c8-8042ab5103dd version=38e5e56b-155d-39b5-a0d2-8e5dcad42a26
2020-09-15T00:22:00.675706121Z  INFO  2020-09-15 00:22:00,675 [shard 0] database - Keyspace system_schema: Reading CF tables id=afddfb9d-bc1e-3068-8056-eed6c302ba09 version=b6240810-eeb7-36d5-9411-43b2d68dddab
2020-09-15T00:22:00.675715847Z  INFO  2020-09-15 00:22:00,675 [shard 0] database - Keyspace system_schema: Reading CF keyspaces id=abac5682-dea6-31c5-b535-b3d6cffd0fb6 version=e79ca8ba-6556-3f7d-925a-7f20cf57938c
2020-09-15T00:22:00.675743406Z  INFO  2020-09-15 00:22:00,675 [shard 0] database - Keyspace system_schema: Reading CF triggers id=4df70b66-6b05-3251-95a1-32b54005fd48 version=582d7071-1ef0-37c8-adc6-471a13636139
2020-09-15T00:22:00.676052333Z  INFO  2020-09-15 00:22:00,675 [shard 0] database - Keyspace system_schema: Reading CF views id=9786ac1c-dd58-3201-a7cd-ad556410c985 version=5b58bb47-96e7-3f57-accf-0bfca4dbbc6e
2020-09-15T00:22:00.676077519Z  INFO  2020-09-15 00:22:00,675 [shard 0] database - Keyspace system_schema: Reading CF types id=5a8b1ca8-6602-3f77-a045-9273d308917a version=de51b2ce-5e4d-3b7d-a75f-2204332ce8d1
2020-09-15T00:22:00.676088770Z  INFO  2020-09-15 00:22:00,675 [shard 0] database - Keyspace system_schema: Reading CF aggregates id=924c5587-2e3a-345b-b10c-12f37c1ba895 version=4b53e92c-0368-3d5c-b959-2ec1bfd1a59f
2020-09-15T00:22:00.695977521Z  Connecting to http://localhost:10000
2020-09-15T00:22:00.696701348Z  Starting the JMX server
2020-09-15T00:22:01.279849865Z  JMX is enabled to receive remote connections on port: 7199
2020-09-15T00:22:01.280118990Z  2020-09-15 00:22:01,279 INFO success: scylla entered RUNNING state, process has stayed up for > than 1 seconds (startsecs)
2020-09-15T00:22:01.280269383Z  2020-09-15 00:22:01,280 INFO success: scylla-housekeeping entered RUNNING state, process has stayed up for > than 1 seconds (startsecs)
2020-09-15T00:22:01.280497945Z  2020-09-15 00:22:01,280 INFO success: sshd entered RUNNING state, process has stayed up for > than 1 seconds (startsecs)
2020-09-15T00:22:01.280687417Z  2020-09-15 00:22:01,280 INFO success: scylla-jmx entered RUNNING state, process has stayed up for > than 1 seconds (startsecs)
2020-09-15T00:22:01.280838782Z  2020-09-15 00:22:01,280 INFO success: rsyslog entered RUNNING state, process has stayed up for > than 1 seconds (startsecs)
2020-09-15T00:22:01.281064307Z  2020-09-15 00:22:01,280 INFO success: node-exporter entered RUNNING state, process has stayed up for > than 1 seconds (startsecs)
2020-09-15T00:22:02.146038654Z  Generating public/private rsa key pair.
2020-09-15T00:22:02.146065230Z  Your identification has been saved in /etc/ssh/ssh_host_rsa_key.
2020-09-15T00:22:02.146077099Z  Your public key has been saved in /etc/ssh/ssh_host_rsa_key.pub.
2020-09-15T00:22:02.146087381Z  The key fingerprint is:
2020-09-15T00:22:02.146097430Z  SHA256:fENorBhwv+1e26H6ExBMedK2IQjkb4SVzbhxmXppDcA root@da27ac8be4d6
2020-09-15T00:22:02.146107455Z  The key's randomart image is:
2020-09-15T00:22:02.146117300Z  +---[RSA 4096]----+
2020-09-15T00:22:02.146126868Z  |  ..+ooX.=       |
2020-09-15T00:22:02.146136383Z  |   + +E.&.=      |
2020-09-15T00:22:02.146146318Z  |    + o=+X.o     |
2020-09-15T00:22:02.146155731Z  |     =o*=.o      |
2020-09-15T00:22:02.146165147Z  |    . =oS.o      |
2020-09-15T00:22:02.146174787Z  |     . . ...     |
2020-09-15T00:22:02.146194779Z  |        . ...    |
2020-09-15T00:22:02.146204752Z  |       . ..+ .   |
2020-09-15T00:22:02.146213902Z  |        oo+..    |
2020-09-15T00:22:02.146223064Z  +----[SHA256]-----+
2020-09-15T00:22:02.161822645Z  Could not load host key: /etc/ssh/ssh_host_ecdsa_key
2020-09-15T00:22:05.595856482Z  Traceback (most recent call last):
2020-09-15T00:22:05.595913136Z    File "/opt/scylladb/scripts/libexec/scylla-housekeeping", line 208, in <module>
2020-09-15T00:22:05.595936246Z      args.func(args)
2020-09-15T00:22:05.595954816Z    File "/opt/scylladb/scripts/libexec/scylla-housekeeping", line 134, in check_version
2020-09-15T00:22:05.595973911Z      current_version = sanitize_version(get_api('/storage_service/scylla_release_version'))
2020-09-15T00:22:05.595993031Z    File "/opt/scylladb/scripts/libexec/scylla-housekeeping", line 93, in get_api
2020-09-15T00:22:05.596011917Z      return get_json_from_url("http://" + api_address + path)
2020-09-15T00:22:05.596030527Z    File "/opt/scylladb/scripts/libexec/scylla-housekeeping", line 88, in get_json_from_url
2020-09-15T00:22:05.596049451Z      raise RuntimeError(f'Failed to get "{path}" due to the following error: {retval}')
2020-09-15T00:22:05.596069641Z  RuntimeError: Failed to get "http://localhost:10000/storage_service/scylla_release_version" due to the following error: HTTP Error 404: Not Found
2020-09-15T00:22:07.936172134Z  INFO  2020-09-15 00:22:07,935 [shard 0] database - Found temporary sstable directory: "/var/lib/scylla/data/system_schema/indexes-0feb57ac311f382fba6d9024d305702f/0000000000000318.sstable", removing
2020-09-15T00:22:07.937023481Z  INFO  2020-09-15 00:22:07,936 [shard 0] database - Found temporary sstable directory: "/var/lib/scylla/data/system_schema/indexes-0feb57ac311f382fba6d9024d305702f/0000000000000315.sstable", removing
2020-09-15T00:22:07.937874221Z  INFO  2020-09-15 00:22:07,937 [shard 0] database - Found temporary sstable directory: "/var/lib/scylla/data/system_schema/keyspaces-abac5682dea631c5b535b3d6cffd0fb6/0000000000000334.sstable", removing
2020-09-15T00:22:07.938668274Z  INFO  2020-09-15 00:22:07,938 [shard 0] database - Found temporary sstable directory: "/var/lib/scylla/data/system_schema/keyspaces-abac5682dea631c5b535b3d6cffd0fb6/0000000000000331.sstable", removing
2020-09-15T00:22:07.940087735Z  INFO  2020-09-15 00:22:07,939 [shard 0] database - Found temporary sstable directory: "/var/lib/scylla/data/system_schema/triggers-4df70b666b05325195a132b54005fd48/0000000000000271.sstable", removing
2020-09-15T00:22:07.940717837Z  INFO  2020-09-15 00:22:07,940 [shard 0] database - Found temporary sstable directory: "/var/lib/scylla/data/system_schema/types-5a8b1ca866023f77a0459273d308917a/0000000000000242.sstable", removing
2020-09-15T00:22:07.941454840Z  INFO  2020-09-15 00:22:07,941 [shard 0] database - Found temporary sstable directory: "/var/lib/scylla/data/system_schema/triggers-4df70b666b05325195a132b54005fd48/0000000000000270.sstable", removing
2020-09-15T00:22:07.999145240Z  WARN  2020-09-15 00:22:07,998 [shard 0] sstable - Deleting components of sstable from system_schema.indexes of generation 318 that has a temporary TOC
2020-09-15T00:22:07.999696871Z  WARN  2020-09-15 00:22:07,999 [shard 0] sstable - Deleting components of sstable from system_schema.keyspaces of generation 334 that has a temporary TOC
2020-09-15T00:22:08.089666515Z  WARN  2020-09-15 00:22:08,088 [shard 0] sstable - Deleting components of sstable from system_schema.types of generation 242 that has a temporary TOC
2020-09-15T00:22:08.090282990Z  WARN  2020-09-15 00:22:08,089 [shard 0] sstable - Deleting components of sstable from system_schema.triggers of generation 271 that has a temporary TOC
2020-09-15T00:22:08.304107578Z  WARN  2020-09-15 00:22:08,303 [shard 0] sstable - Deleting components of sstable from system_schema.indexes of generation 315 that has a temporary TOC
2020-09-15T00:22:08.429592785Z  WARN  2020-09-15 00:22:08,428 [shard 0] sstable - Deleting components of sstable from system_schema.keyspaces of generation 331 that has a temporary TOC
2020-09-15T00:22:08.951644051Z  WARN  2020-09-15 00:22:08,951 [shard 0] sstable - Deleting components of sstable from system_schema.triggers of generation 270 that has a temporary TOC
2020-09-15T00:22:09.213703869Z  INFO  2020-09-15 00:22:09,213 [shard 0] database - Populating Keyspace system
2020-09-15T00:22:09.213764388Z  INFO  2020-09-15 00:22:09,213 [shard 0] database - Keyspace system: Reading CF schema_aggregates id=a5fc57fc-9d6c-3bfd-a3fc-01ad54686fea version=d06c934f-9a69-374c-86f1-523ab26fb05c
2020-09-15T00:22:09.213777111Z  INFO  2020-09-15 00:22:09,213 [shard 0] database - Keyspace system: Reading CF schema_triggers id=0359bc71-7123-3ee1-9a4a-b9dfb11fc125 version=75e4ec4c-76da-3f59-984e-66810ba0c62b
2020-09-15T00:22:09.213786989Z  INFO  2020-09-15 00:22:09,213 [shard 0] database - Keyspace system: Reading CF compaction_history id=b4dbb7b4-dc49-3fb5-b3bf-ce6e434832ca version=25cae56a-8d75-39f3-a146-3756ab4981c7
2020-09-15T00:22:09.213797037Z  INFO  2020-09-15 00:22:09,213 [shard 0] database - Keyspace system: Reading CF compactions_in_progress id=55080ab0-5d9c-3886-90a4-acb25fe1f77b version=540263f1-40db-3869-8a38-3baadedc222d
2020-09-15T00:22:09.213916169Z  INFO  2020-09-15 00:22:09,213 [shard 0] database - Keyspace system: Reading CF range_xfers id=55d76438-4e55-3f8b-9f6e-676d4af3976d version=dd15a078-409b-350d-9bef-c5f3520832d8
2020-09-15T00:22:09.213932188Z  INFO  2020-09-15 00:22:09,213 [shard 0] database - Keyspace system: Reading CF scylla_views_builds_in_progress id=a04c7bfd-1e13-36c9-a44d-f22da352281d version=e3fb736c-6956-3990-a31d-9a482279e3fc
2020-09-15T00:22:09.213966021Z  INFO  2020-09-15 00:22:09,213 [shard 0] database - Keyspace system: Reading CF IndexInfo id=9f5c6374-d485-3229-9a0a-5094af9ad1e3 version=bbb3743b-351f-3023-b4fc-09a9be37d529
2020-09-15T00:22:09.213977498Z  INFO  2020-09-15 00:22:09,213 [shard 0] database - Keyspace system: Reading CF cdc_local id=0bcaffd4-0c83-3ead-ad13-dc1d5015b77c version=0aa4d3a2-ed95-3ecd-aba0-cd75622ad290
2020-09-15T00:22:09.213987431Z  INFO  2020-09-15 00:22:09,213 [shard 0] database - Keyspace system: Reading CF schema_columnfamilies id=45f5b360-24bc-3f83-a363-1034ea4fa697 version=7f7a5fea-07b7-304d-a6f8-f7aec72cabdb
2020-09-15T00:22:09.213997162Z  INFO  2020-09-15 00:22:09,213 [shard 0] database - Keyspace system: Reading CF batchlog id=0290003c-977e-397c-ac3e-fdfdc01d626b version=e2a2e804-49e4-3597-9f16-39fd9475835c
2020-09-15T00:22:09.214006788Z  INFO  2020-09-15 00:22:09,213 [shard 0] database - Keyspace system: Reading CF schema_functions id=d1b675fe-2b50-3ca4-8e49-c0f81989dcad version=a50959dd-2be0-3e4e-8bb5-cf40796e256a
2020-09-15T00:22:09.214029037Z  INFO  2020-09-15 00:22:09,213 [shard 0] database - Keyspace system: Reading CF peer_events id=59dfeaea-8db2-3341-91ef-109974d81484 version=7f874a05-72b8-3c21-9acb-baa164fc351a
2020-09-15T00:22:09.214096919Z  INFO  2020-09-15 00:22:09,213 [shard 0] database - Keyspace system: Reading CF local id=7ad54392-bcdd-35a6-8417-4e047860b377 version=7fa82c2e-5b67-37dd-8e5e-2079e18f1536
2020-09-15T00:22:09.214106992Z  INFO  2020-09-15 00:22:09,213 [shard 0] database - Keyspace system: Reading CF clients id=ca0f635d-8630-3609-8d93-a1fc06f2a5e5 version=51273ebf-e6f9-3cd5-b455-ea09ad29796f
2020-09-15T00:22:09.214116671Z  INFO  2020-09-15 00:22:09,213 [shard 0] database - Keyspace system: Reading CF size_estimates id=618f817b-005f-3678-b8a4-53f3930b8e86 version=6d4dbcff-f05b-3dc3-95ad-f79f7b10504d
2020-09-15T00:22:09.214128154Z  INFO  2020-09-15 00:22:09,213 [shard 0] database - Keyspace system: Reading CF large_partitions id=8a7fe624-96b0-34b1-b90e-f71bddcdd2d3 version=04fa9920-9369-3a96-be39-6dd9fdc816b6
2020-09-15T00:22:09.214138403Z  INFO  2020-09-15 00:22:09,213 [shard 0] database - Keyspace system: Reading CF schema_columns id=296e9c04-9bec-3085-827d-c17d3df2122a version=53cfbb66-ee0d-37be-97bb-b2afb3746f85
2020-09-15T00:22:09.214170213Z  INFO  2020-09-15 00:22:09,213 [shard 0] database - Keyspace system: Reading CF built_views id=4b3c50a9-ea87-3d76-9101-6dbc9c38494a version=a28aa0b3-6def-30a7-9fbe-ce78b3f3c9b9
2020-09-15T00:22:09.214181580Z  INFO  2020-09-15 00:22:09,213 [shard 0] database - Keyspace system: Reading CF peers id=37f71aca-7dc2-383b-a706-72528af04d4f version=f6f6871f-8c86-3eca-ac0b-2a2e848e395d
2020-09-15T00:22:09.214191535Z  INFO  2020-09-15 00:22:09,213 [shard 0] database - Keyspace system: Reading CF hints id=2666e205-73ef-38b3-90fe-fecf96e8f0c7 version=0b74fdd1-e96d-309e-a14e-a5bcd7ac885d
2020-09-15T00:22:09.214201258Z  INFO  2020-09-15 00:22:09,213 [shard 0] database - Keyspace system: Reading CF large_rows id=40550f66-0858-39a0-9430-f27fc08034e9 version=aee3acb0-7926-317b-848e-db7bc3721695
2020-09-15T00:22:09.214211117Z  INFO  2020-09-15 00:22:09,213 [shard 0] database - Keyspace system: Reading CF large_cells id=ead8bbc5-f146-3ae1-9f71-0b11f9a1d296 version=0d4a6937-a781-3f87-a192-b4e4a4a40acf
2020-09-15T00:22:09.214252158Z  INFO  2020-09-15 00:22:09,213 [shard 0] database - Keyspace system: Reading CF scylla_local id=2972ec7f-fb20-38dd-aac1-d876f2e3fcbd version=5f0b407d-eedf-3845-a48e-dbb9673d10e1
2020-09-15T00:22:09.214276162Z  INFO  2020-09-15 00:22:09,213 [shard 0] database - Keyspace system: Reading CF views_builds_in_progress id=b7f2c108-78cd-3c80-9cd5-d609b2bd149c version=b905cce5-1474-3085-819a-7592453e2fb9
2020-09-15T00:22:09.214285777Z  INFO  2020-09-15 00:22:09,213 [shard 0] database - Keyspace system: Reading CF schema_usertypes id=3aa75225-4f82-350b-8d5c-430fa221fa0a version=3c53e6bb-56d5-3618-a0b2-4ff5f18127d7
2020-09-15T00:22:09.214295007Z  INFO  2020-09-15 00:22:09,213 [shard 0] database - Keyspace system: Reading CF sstable_activity id=5a1ff267-ace0-3f12-8563-cfae6103c65e version=bdec57a3-b234-334b-be9c-7b1f33113995
2020-09-15T00:22:09.214304125Z  INFO  2020-09-15 00:22:09,213 [shard 0] database - Keyspace system: Reading CF truncated id=38c19fd0-fb86-3310-a4b7-0d0cc66628aa version=6da9a85c-7ae0-3917-aead-54a2f65a57a8
2020-09-15T00:22:09.214320752Z  INFO  2020-09-15 00:22:09,213 [shard 0] database - Keyspace system: Reading CF paxos id=b7b7f0c2-fd0a-3410-8c05-3ef614bb7c2d version=6dd372de-72fb-3e1b-9b8c-f97738a67fe9
2020-09-15T00:22:09.214350286Z  INFO  2020-09-15 00:22:09,213 [shard 0] database - Keyspace system: Reading CF schema_keyspaces id=b0f22357-4458-3cdb-9631-c43e59ce3676 version=84d28cef-59f9-34a9-9be5-31c684997f03
2020-09-15T00:22:18.509239848Z  INFO  2020-09-15 00:22:18,508 [shard 0] database - Found temporary sstable directory: "/var/lib/scylla/data/system/large_cells-ead8bbc5f1463ae19f710b11f9a1d296/0000000000000027.sstable", removing
2020-09-15T00:22:18.549554755Z  WARN  2020-09-15 00:22:18,549 [shard 0] sstable - Deleting components of sstable from system.large_cells of generation 27 that has a temporary TOC
2020-09-15T00:22:18.721084316Z  INFO  2020-09-15 00:22:18,720 [shard 0] init - starting gossip
2020-09-15T00:22:18.721112794Z  WARN  2020-09-15 00:22:18,720 [shard 0] init - Using default cluster name is not recommended. Using a unique cluster name will reduce the chance of adding nodes to the wrong cluster by mistake
2020-09-15T00:22:18.721772744Z  INFO  2020-09-15 00:22:18,721 [shard 0] init - starting storage proxy
2020-09-15T00:22:18.738629942Z  INFO  2020-09-15 00:22:18,738 [shard 0] init - creating hints manager
2020-09-15T00:22:18.739150781Z  INFO  2020-09-15 00:22:18,738 [shard 3] init - creating hints manager
2020-09-15T00:22:18.739177181Z  INFO  2020-09-15 00:22:18,738 [shard 1] init - creating hints manager
2020-09-15T00:22:18.739997165Z  INFO  2020-09-15 00:22:18,739 [shard 2] init - creating hints manager
2020-09-15T00:22:18.740800202Z  INFO  2020-09-15 00:22:18,740 [shard 0] init - starting migration manager
2020-09-15T00:22:18.741135396Z  INFO  2020-09-15 00:22:18,740 [shard 0] init - starting query processor
2020-09-15T00:22:18.742359149Z  INFO  2020-09-15 00:22:18,742 [shard 0] init - initializing batchlog manager
2020-09-15T00:22:18.748387384Z  INFO  2020-09-15 00:22:18,747 [shard 0] legacy_schema_migrator - Moving 0 keyspaces from legacy schema tables to the new schema keyspace (system_schema)
2020-09-15T00:22:18.748870317Z  INFO  2020-09-15 00:22:18,748 [shard 0] legacy_schema_migrator - Dropping legacy schema tables
2020-09-15T00:22:29.061282907Z  INFO  2020-09-15 00:22:29,060 [shard 0] legacy_schema_migrator - Completed migration of legacy schema tables
2020-09-15T00:22:29.064936370Z  INFO  2020-09-15 00:22:29,064 [shard 0] init - loading system sstables
2020-09-15T00:22:41.874925825Z  INFO  2020-09-15 00:22:41,874 [shard 0] init - loading non-system sstables
2020-09-15T00:22:51.617407362Z  INFO  2020-09-15 00:22:51,616 [shard 0] database - Populating Keyspace dt
2020-09-15T00:22:51.617872315Z  INFO  2020-09-15 00:22:51,617 [shard 0] database - Keyspace dt: Reading CF source_element_idx_index id=68593f10-d77b-11ea-9877-000000000001 version=33e3f927-f730-3081-88e1-6bed2962e42a
2020-09-15T00:22:51.617914210Z  INFO  2020-09-15 00:22:51,617 [shard 0] database - Keyspace dt: Reading CF element_twin_idx_index id=630ae8b0-d77b-11ea-9877-000000000001 version=bc3026fd-bc4e-318d-b6f4-ca0b566cb74b
2020-09-15T00:22:51.618407992Z  INFO  2020-09-15 00:22:51,617 [shard 0] database - Keyspace dt: Reading CF source id=65ff2270-d77b-11ea-9877-000000000001 version=5f8471b7-7d19-31d4-9be5-0f153affb0bb
2020-09-15T00:22:51.618448173Z  INFO  2020-09-15 00:22:51,617 [shard 0] database - Keyspace dt: Reading CF source_data id=6af6cd50-d77b-11ea-9877-000000000001 version=b52400e3-b307-3141-b3fc-e5d63573f135
2020-09-15T00:22:51.618460515Z  INFO  2020-09-15 00:22:51,617 [shard 0] database - Keyspace dt: Reading CF element id=607549b0-d77b-11ea-9877-000000000001 version=f44a6c4b-69d8-37f2-b116-7260740acc6c
2020-09-15T00:22:51.618470278Z  INFO  2020-09-15 00:22:51,617 [shard 0] database - Keyspace dt: Reading CF twin id=5e00c740-d77b-11ea-9877-000000000001 version=6240633e-c8cc-3fea-a1e3-452eff1b9659
2020-09-15T00:22:51.618479864Z  INFO  2020-09-15 00:22:51,617 [shard 0] database - Keyspace dt: Reading CF user id=5c294820-d77b-11ea-9877-000000000001 version=02cce273-02f1-3e6a-8674-f1016e3f22d7
2020-09-15T00:22:51.618489665Z  INFO  2020-09-15 00:22:51,617 [shard 0] database - Populating Keyspace system_distributed
2020-09-15T00:22:51.618499150Z  INFO  2020-09-15 00:22:51,617 [shard 0] database - Keyspace system_distributed: Reading CF view_build_status id=5582b59f-8e4e-35e1-b913-3acada51eb04 version=e0b6e628-60e0-39a2-ada0-9b6c13bdd9bc
2020-09-15T00:22:51.618509086Z  INFO  2020-09-15 00:22:51,617 [shard 0] database - Keyspace system_distributed: Reading CF cdc_generations id=6a4df139-00b6-3d21-9efc-dade266dc3b7 version=2511b46b-df1d-39fa-9a77-f5cacf88af47
2020-09-15T00:22:51.618518978Z  INFO  2020-09-15 00:22:51,617 [shard 0] database - Keyspace system_distributed: Reading CF cdc_streams id=07405732-4620-34d6-a85e-947248dad9a4 version=b606cfa4-a37b-32bd-a624-e05cab2bed3c
2020-09-15T00:22:51.618528619Z  INFO  2020-09-15 00:22:51,617 [shard 0] database - Populating Keyspace system_auth
2020-09-15T00:22:51.618537752Z  INFO  2020-09-15 00:22:51,617 [shard 0] database - Keyspace system_auth: Reading CF roles id=5bc52802-de25-35ed-aeab-188eecebb090 version=d8f599da-7544-3f57-aa58-b229deea93e0
2020-09-15T00:22:51.618547445Z  INFO  2020-09-15 00:22:51,617 [shard 0] database - Keyspace system_auth: Reading CF role_members id=0ecdaa87-f8fb-3e60-88d1-74fb36fe5c0d version=2923b5bb-f2f8-36e8-9e73-19019900010c
2020-09-15T00:22:51.618557081Z  INFO  2020-09-15 00:22:51,617 [shard 0] database - Populating Keyspace system_traces
2020-09-15T00:22:51.618567901Z  INFO  2020-09-15 00:22:51,617 [shard 0] database - Keyspace system_traces: Reading CF sessions id=c5e99f16-8677-3914-b17e-960613512345 version=e0fc4b06-6cba-3b7b-bfb6-b42a77c370a9
2020-09-15T00:22:51.618578187Z  INFO  2020-09-15 00:22:51,617 [shard 0] database - Keyspace system_traces: Reading CF node_slow_log_time_idx id=f9706768-aa1e-3d87-9e5c-51a3927c2870 version=eaffc0bb-7b2c-3b64-8924-d8ba685120bc
2020-09-15T00:22:51.618587875Z  INFO  2020-09-15 00:22:51,617 [shard 0] database - Keyspace system_traces: Reading CF sessions_time_idx id=0ebf001c-c1d1-3693-9a63-c3d96ac53318 version=cd5d1e5f-1f42-3b9d-a8ba-3af39d59a7d5
2020-09-15T00:22:51.618597562Z  INFO  2020-09-15 00:22:51,617 [shard 0] database - Keyspace system_traces: Reading CF events id=8826e8e9-e16a-3728-8753-3bc1fc713c25 version=41a6b26e-a03b-3ae1-8a4a-b9446e7f9304
2020-09-15T00:22:51.618607179Z  INFO  2020-09-15 00:22:51,618 [shard 0] database - Keyspace system_traces: Reading CF node_slow_log id=bfcc4e62-5b63-3aa1-a1c3-6f5e47f3325c version=23e7a411-8414-340f-854d-20a3a637e438
2020-09-15T00:22:57.966987482Z  INFO  2020-09-15 00:22:57,966 [shard 0] init - starting view update generator
2020-09-15T00:22:57.967376246Z  INFO  2020-09-15 00:22:57,966 [shard 0] init - discovering staging sstables
2020-09-15T00:22:57.968042414Z  INFO  2020-09-15 00:22:57,967 [shard 0] init - setting up system keyspace
2020-09-15T00:22:57.989463698Z  INFO  2020-09-15 00:22:57,988 [shard 0] init - starting commit log
2020-09-15T00:22:57.989504509Z  INFO  2020-09-15 00:22:57,988 [shard 0] init - replaying commit log
2020-09-15T00:22:57.994890620Z  INFO  2020-09-15 00:22:57,994 [shard 0] commitlog_replayer - Replaying /var/lib/scylla/commitlog/CommitLog-1-36028797402577072.log, /var/lib/scylla/commitlog/CommitLog-1-54043195912059056.log, /var/lib/scylla/commitlog/CommitLog-1-36028797402577070.log, /var/lib/scylla/commitlog/CommitLog-1-383613101.log, /var/lib/scylla/commitlog/CommitLog-1-36028797402577071.log, /var/lib/scylla/commitlog/CommitLog-1-18014398893095087.log, /var/lib/scylla/commitlog/CommitLog-1-54043195912059057.log, /var/lib/scylla/commitlog/CommitLog-1-383613102.log, /var/lib/scylla/commitlog/CommitLog-1-18014398893095086.log, /var/lib/scylla/commitlog/CommitLog-1-54043195912059055.log, /var/lib/scylla/commitlog/CommitLog-1-383613103.log
2020-09-15T00:23:03.638226876Z  INFO  2020-09-15 00:23:03,637 [shard 0] commitlog_replayer - Log replay complete, 21320 replayed mutations (0 invalid, 0 skipped)
2020-09-15T00:23:03.638908354Z  INFO  2020-09-15 00:23:03,638 [shard 0] init - replaying commit log - flushing memtables
2020-09-15T00:23:20.429763581Z  INFO  2020-09-15 00:23:20,428 [shard 0] init - replaying commit log - removing old commitlog segments
2020-09-15T00:23:20.430420672Z  INFO  2020-09-15 00:23:20,429 [shard 0] compaction - Compacting [/var/lib/scylla/data/system/clients-ca0f635d863036098d93a1fc06f2a5e5/mc-20-big-Data.db:level=0, /var/lib/scylla/data/system/clients-ca0f635d863036098d93a1fc06f2a5e5/mc-52-big-Data.db:level=0, /var/lib/scylla/data/system/clients-ca0f635d863036098d93a1fc06f2a5e5/mc-48-big-Data.db:level=0, /var/lib/scylla/data/system/clients-ca0f635d863036098d93a1fc06f2a5e5/mc-44-big-Data.db:level=0, /var/lib/scylla/data/system/clients-ca0f635d863036098d93a1fc06f2a5e5/mc-40-big-Data.db:level=0, /var/lib/scylla/data/system/clients-ca0f635d863036098d93a1fc06f2a5e5/mc-60-big-Data.db:level=0, /var/lib/scylla/data/system/clients-ca0f635d863036098d93a1fc06f2a5e5/mc-36-big-Data.db:level=0, /var/lib/scylla/data/system/clients-ca0f635d863036098d93a1fc06f2a5e5/mc-24-big-Data.db:level=0, /var/lib/scylla/data/system/clients-ca0f635d863036098d93a1fc06f2a5e5/mc-56-big-Data.db:level=0, /var/lib/scylla/data/system/clients-ca0f635d863036098d93a1fc06f2a5e5/mc-32-big-Data.db:level=0, /var/lib/scylla/data/system/clients-ca0f635d863036098d93a1fc06f2a5e5/mc-28-big-Data.db:level=0, ]
2020-09-15T00:23:20.430680998Z  INFO  2020-09-15 00:23:20,430 [shard 2] compaction - Compacting [/var/lib/scylla/data/system_schema/dropped_columns-5e7583b5f3f43af19a39b7e1d6f5f11f/mc-338-big-Data.db:level=0, /var/lib/scylla/data/system_schema/dropped_columns-5e7583b5f3f43af19a39b7e1d6f5f11f/mc-334-big-Data.db:level=0, /var/lib/scylla/data/system_schema/dropped_columns-5e7583b5f3f43af19a39b7e1d6f5f11f/mc-330-big-Data.db:level=0, ]
2020-09-15T00:23:20.430730805Z  INFO  2020-09-15 00:23:20,430 [shard 1] compaction - Compacting [/var/lib/scylla/data/system/compaction_history-b4dbb7b4dc493fb5b3bfce6e434832ca/mc-397-big-Data.db:level=0, /var/lib/scylla/data/system/compaction_history-b4dbb7b4dc493fb5b3bfce6e434832ca/mc-393-big-Data.db:level=0, /var/lib/scylla/data/system/compaction_history-b4dbb7b4dc493fb5b3bfce6e434832ca/mc-389-big-Data.db:level=0, ]
2020-09-15T00:23:20.431240721Z  INFO  2020-09-15 00:23:20,430 [shard 2] compaction - Compacting [/var/lib/scylla/data/system/compaction_history-b4dbb7b4dc493fb5b3bfce6e434832ca/mc-398-big-Data.db:level=0, /var/lib/scylla/data/system/compaction_history-b4dbb7b4dc493fb5b3bfce6e434832ca/mc-394-big-Data.db:level=0, /var/lib/scylla/data/system/compaction_history-b4dbb7b4dc493fb5b3bfce6e434832ca/mc-390-big-Data.db:level=0, ]
2020-09-15T00:23:20.431448951Z  INFO  2020-09-15 00:23:20,430 [shard 2] compaction - Compacting [/var/lib/scylla/data/system_schema/triggers-4df70b666b05325195a132b54005fd48/mc-270-big-Data.db:level=0, /var/lib/scylla/data/system_schema/triggers-4df70b666b05325195a132b54005fd48/mc-266-big-Data.db:level=0, ]
2020-09-15T00:23:20.431613005Z  INFO  2020-09-15 00:23:20,430 [shard 1] compaction - Compacting [/var/lib/scylla/data/system/local-7ad54392bcdd35a684174e047860b377/mc-1525-big-Data.db:level=0, /var/lib/scylla/data/system/local-7ad54392bcdd35a684174e047860b377/mc-1529-big-Data.db:level=0, /var/lib/scylla/data/system/local-7ad54392bcdd35a684174e047860b377/mc-1533-big-Data.db:level=0, /var/lib/scylla/data/system/local-7ad54392bcdd35a684174e047860b377/mc-1521-big-Data.db:level=0, ]
2020-09-15T00:23:20.431630858Z  INFO  2020-09-15 00:23:20,431 [shard 2] compaction - Compacting [/var/lib/scylla/data/system_schema/keyspaces-abac5682dea631c5b535b3d6cffd0fb6/mc-334-big-Data.db:level=0, /var/lib/scylla/data/system_schema/keyspaces-abac5682dea631c5b535b3d6cffd0fb6/mc-330-big-Data.db:level=0, ]
2020-09-15T00:23:20.431642282Z  INFO  2020-09-15 00:23:20,431 [shard 2] compaction - Compacting [/var/lib/scylla/data/system_schema/tables-afddfb9dbc1e30688056eed6c302ba09/mc-302-big-Data.db:level=0, /var/lib/scylla/data/system_schema/tables-afddfb9dbc1e30688056eed6c302ba09/mc-298-big-Data.db:level=0, ]
2020-09-15T00:23:20.433084521Z  INFO  2020-09-15 00:23:20,431 [shard 2] compaction - Compacting [/var/lib/scylla/data/system_schema/scylla_tables-5d912ff1f7593665b2c88042ab5103dd/mc-294-big-Data.db:level=0, /var/lib/scylla/data/system_schema/scylla_tables-5d912ff1f7593665b2c88042ab5103dd/mc-290-big-Data.db:level=0, ]
2020-09-15T00:23:20.433108192Z  INFO  2020-09-15 00:23:20,431 [shard 0] compaction - Compacting [/var/lib/scylla/data/system/compaction_history-b4dbb7b4dc493fb5b3bfce6e434832ca/mc-384-big-Data.db:level=0, /var/lib/scylla/data/system/compaction_history-b4dbb7b4dc493fb5b3bfce6e434832ca/mc-380-big-Data.db:level=0, /var/lib/scylla/data/system/compaction_history-b4dbb7b4dc493fb5b3bfce6e434832ca/mc-376-big-Data.db:level=0, ]
2020-09-15T00:23:20.433121685Z  INFO  2020-09-15 00:23:20,432 [shard 0] compaction - Compacting [/var/lib/scylla/data/system/truncated-38c19fd0fb863310a4b70d0cc66628aa/mc-692-big-Data.db:level=0, /var/lib/scylla/data/system/truncated-38c19fd0fb863310a4b70d0cc66628aa/mc-696-big-Data.db:level=0, /var/lib/scylla/data/system/truncated-38c19fd0fb863310a4b70d0cc66628aa/mc-688-big-Data.db:level=0, ]
2020-09-15T00:23:20.435178461Z  INFO  2020-09-15 00:23:20,434 [shard 3] compaction - Compacting [/var/lib/scylla/data/system/peers-37f71aca7dc2383ba70672528af04d4f/mc-15-big-Data.db:level=0, /var/lib/scylla/data/system/peers-37f71aca7dc2383ba70672528af04d4f/mc-7-big-Data.db:level=0, /var/lib/scylla/data/system/peers-37f71aca7dc2383ba70672528af04d4f/mc-11-big-Data.db:level=0, ]
2020-09-15T00:23:20.439983269Z  INFO  2020-09-15 00:23:20,439 [shard 3] compaction - Compacting [/var/lib/scylla/data/system_schema/dropped_columns-5e7583b5f3f43af19a39b7e1d6f5f11f/mc-335-big-Data.db:level=0, /var/lib/scylla/data/system_schema/dropped_columns-5e7583b5f3f43af19a39b7e1d6f5f11f/mc-339-big-Data.db:level=0, /var/lib/scylla/data/system_schema/dropped_columns-5e7583b5f3f43af19a39b7e1d6f5f11f/mc-331-big-Data.db:level=0, ]
2020-09-15T00:23:20.440021657Z  INFO  2020-09-15 00:23:20,439 [shard 3] compaction - Compacting [/var/lib/scylla/data/system/compaction_history-b4dbb7b4dc493fb5b3bfce6e434832ca/mc-399-big-Data.db:level=0, /var/lib/scylla/data/system/compaction_history-b4dbb7b4dc493fb5b3bfce6e434832ca/mc-395-big-Data.db:level=0, /var/lib/scylla/data/system/compaction_history-b4dbb7b4dc493fb5b3bfce6e434832ca/mc-391-big-Data.db:level=0, ]
2020-09-15T00:23:20.440034883Z  INFO  2020-09-15 00:23:20,439 [shard 3] compaction - Compacting [/var/lib/scylla/data/system_schema/indexes-0feb57ac311f382fba6d9024d305702f/mc-315-big-Data.db:level=0, /var/lib/scylla/data/system_schema/indexes-0feb57ac311f382fba6d9024d305702f/mc-311-big-Data.db:level=0, ]
2020-09-15T00:23:20.440045480Z  INFO  2020-09-15 00:23:20,439 [shard 3] compaction - Compacting [/var/lib/scylla/data/system_schema/scylla_tables-5d912ff1f7593665b2c88042ab5103dd/mc-295-big-Data.db:level=0, /var/lib/scylla/data/system_schema/scylla_tables-5d912ff1f7593665b2c88042ab5103dd/mc-291-big-Data.db:level=0, ]
2020-09-15T00:23:20.440055952Z  INFO  2020-09-15 00:23:20,439 [shard 3] compaction - Compacting [/var/lib/scylla/data/dt/source_data-6af6cd50d77b11ea9877000000000001/mc-307-big-Data.db:level=0, /var/lib/scylla/data/dt/source_data-6af6cd50d77b11ea9877000000000001/mc-303-big-Data.db:level=0, /var/lib/scylla/data/dt/source_data-6af6cd50d77b11ea9877000000000001/mc-299-big-Data.db:level=0, ]
2020-09-15T00:23:20.440313439Z  INFO  2020-09-15 00:23:20,439 [shard 3] compaction - Compacting [/var/lib/scylla/data/system_schema/functions-96489b7980be3e14a70166a0b9159450/mc-275-big-Data.db:level=0, /var/lib/scylla/data/system_schema/functions-96489b7980be3e14a70166a0b9159450/mc-267-big-Data.db:level=0, /var/lib/scylla/data/system_schema/functions-96489b7980be3e14a70166a0b9159450/mc-271-big-Data.db:level=0, ]
2020-09-15T00:23:20.444397916Z  INFO  2020-09-15 00:23:20,443 [shard 0] init - initializing migration manager RPC verbs
2020-09-15T00:23:20.445349669Z  INFO  2020-09-15 00:23:20,444 [shard 0] init - initializing storage proxy RPC verbs
2020-09-15T00:23:20.446282509Z  INFO  2020-09-15 00:23:20,445 [shard 0] init - starting streaming service
2020-09-15T00:23:20.448691710Z  INFO  2020-09-15 00:23:20,448 [shard 0] init - starting hinted handoff manager
2020-09-15T00:23:20.470388227Z  INFO  2020-09-15 00:23:20,469 [shard 0] compaction - Compacting [/var/lib/scylla/data/dt/source_data-6af6cd50d77b11ea9877000000000001/mc-28-big-Data.db:level=0, /var/lib/scylla/data/dt/source_data-6af6cd50d77b11ea9877000000000001/mc-32-big-Data.db:level=0, /var/lib/scylla/data/dt/source_data-6af6cd50d77b11ea9877000000000001/mc-24-big-Data.db:level=0, ]
2020-09-15T00:23:23.048501060Z  WARN  2020-09-15 00:23:23,047 [shard 3] large_data - Writing a partition with too many rows [dt/source_data:d0a71d84-b80f-4558-beac-8887750652e3] (106841 rows)
2020-09-15T00:23:25.040596494Z  INFO  2020-09-15 00:23:25,040 [shard 3] compaction - Compacted 3 sstables to []. 16431 bytes to 0 (~0% of original) in 4ms = 0.00MB/s. ~384 total partitions merged to 0.
2020-09-15T00:23:25.896792177Z  INFO  2020-09-15 00:23:25,895 [shard 0] compaction - Compacted 11 sstables to []. 251779 bytes to 0 (~0% of original) in 40ms = 0.00MB/s. ~1408 total partitions merged to 0.
2020-09-15T00:23:26.029056657Z  INFO  2020-09-15 00:23:26,028 [shard 0] init - starting messaging service
2020-09-15T00:23:26.029532406Z  INFO  2020-09-15 00:23:26,029 [shard 0] repair - Setting max_repair_memory=168820736, max_repair_memory_per_range=33554432, max_repair_ranges_in_parallel=5
2020-09-15T00:23:26.029895027Z  INFO  2020-09-15 00:23:26,029 [shard 0] init - starting storage service
2020-09-15T00:23:26.031603825Z  INFO  2020-09-15 00:23:26,031 [shard 0] storage_service - Loading persisted ring state
2020-09-15T00:23:26.035924645Z  INFO  2020-09-15 00:23:26,035 [shard 0] storage_service - loaded_peer_features: peer_features size=0
2020-09-15T00:23:26.035949294Z  INFO  2020-09-15 00:23:26,035 [shard 0] storage_service - Checking remote features skipped, since this node is a new seed node which knows nothing about the cluster
2020-09-15T00:23:26.037340962Z  INFO  2020-09-15 00:23:26,036 [shard 0] storage_service - Restarting a node in NORMAL status
2020-09-15T00:23:26.070711511Z  INFO  2020-09-15 00:23:26,070 [shard 0] database - Schema version changed to 3f00f995-6495-3765-8599-4e76a2f4c6b2
2020-09-15T00:23:26.071219561Z  INFO  2020-09-15 00:23:26,070 [shard 0] storage_service - Starting up server gossip
2020-09-15T00:23:26.073814733Z  INFO  2020-09-15 00:23:26,073 [shard 1] compaction - Compacted 4 sstables to [/var/lib/scylla/data/system/local-7ad54392bcdd35a684174e047860b377/mc-1537-big-Data.db:level=0, ]. 31189 bytes to 12594 (~40% of original) in 4262ms = 0.00MB/s. ~512 total partitions merged to 1.
2020-09-15T00:23:26.075109262Z  INFO  2020-09-15 00:23:26,074 [shard 1] compaction - Compacted 3 sstables to [/var/lib/scylla/data/system/compaction_history-b4dbb7b4dc493fb5b3bfce6e434832ca/mc-401-big-Data.db:level=0, ]. 223077 bytes to 113433 (~50% of original) in 4264ms = 0.03MB/s. ~512 total partitions merged to 224.
2020-09-15T00:23:26.163309059Z  INFO  2020-09-15 00:23:26,162 [shard 2] compaction - Compacting [/var/lib/scylla/data/system_schema/indexes-0feb57ac311f382fba6d9024d305702f/mc-318-big-Data.db:level=0, /var/lib/scylla/data/system_schema/indexes-0feb57ac311f382fba6d9024d305702f/mc-314-big-Data.db:level=0, ]
2020-09-15T00:23:26.164082120Z  INFO  2020-09-15 00:23:26,162 [shard 2] compaction - Compacting [/var/lib/scylla/data/system_schema/view_virtual_columns-08843b6345dc3be29798a0418295cfaa/mc-278-big-Data.db:level=0, /var/lib/scylla/data/system_schema/view_virtual_columns-08843b6345dc3be29798a0418295cfaa/mc-282-big-Data.db:level=0, /var/lib/scylla/data/system_schema/view_virtual_columns-08843b6345dc3be29798a0418295cfaa/mc-274-big-Data.db:level=0, ]
2020-09-15T00:23:26.164961057Z  INFO  2020-09-15 00:23:26,164 [shard 2] compaction - Compacting [/var/lib/scylla/data/system/truncated-38c19fd0fb863310a4b70d0cc66628aa/mc-586-big-Data.db:level=0, /var/lib/scylla/data/system/truncated-38c19fd0fb863310a4b70d0cc66628aa/mc-582-big-Data.db:level=0, /var/lib/scylla/data/system/truncated-38c19fd0fb863310a4b70d0cc66628aa/mc-578-big-Data.db:level=0, ]
2020-09-15T00:23:26.165745600Z  INFO  2020-09-15 00:23:26,165 [shard 2] compaction - Compacting [/var/lib/scylla/data/system_schema/columns-24101c25a2ae3af787c1b40ee1aca33f/mc-338-big-Data.db:level=0, /var/lib/scylla/data/system_schema/columns-24101c25a2ae3af787c1b40ee1aca33f/mc-342-big-Data.db:level=0, /var/lib/scylla/data/system_schema/columns-24101c25a2ae3af787c1b40ee1aca33f/mc-334-big-Data.db:level=0, ]
2020-09-15T00:23:26.865947571Z  INFO  2020-09-15 00:23:26,865 [shard 3] compaction - Compacting [/var/lib/scylla/data/system_schema/triggers-4df70b666b05325195a132b54005fd48/mc-271-big-Data.db:level=0, /var/lib/scylla/data/system_schema/triggers-4df70b666b05325195a132b54005fd48/mc-267-big-Data.db:level=0, ]
2020-09-15T00:23:26.866340861Z  INFO  2020-09-15 00:23:26,865 [shard 3] compaction - Compacting [/var/lib/scylla/data/system_schema/view_virtual_columns-08843b6345dc3be29798a0418295cfaa/mc-283-big-Data.db:level=0, /var/lib/scylla/data/system_schema/view_virtual_columns-08843b6345dc3be29798a0418295cfaa/mc-279-big-Data.db:level=0, /var/lib/scylla/data/system_schema/view_virtual_columns-08843b6345dc3be29798a0418295cfaa/mc-275-big-Data.db:level=0, ]
2020-09-15T00:23:26.866648686Z  INFO  2020-09-15 00:23:26,866 [shard 3] compaction - Compacting [/var/lib/scylla/data/system_schema/computed_columns-cc7c7069374033c192a4c3de78dbd2c4/mc-291-big-Data.db:level=0, /var/lib/scylla/data/system_schema/computed_columns-cc7c7069374033c192a4c3de78dbd2c4/mc-287-big-Data.db:level=0, ]
2020-09-15T00:23:26.868463348Z  INFO  2020-09-15 00:23:26,867 [shard 3] compaction - Compacting [/var/lib/scylla/data/system_schema/columns-24101c25a2ae3af787c1b40ee1aca33f/mc-339-big-Data.db:level=0, /var/lib/scylla/data/system_schema/columns-24101c25a2ae3af787c1b40ee1aca33f/mc-343-big-Data.db:level=0, /var/lib/scylla/data/system_schema/columns-24101c25a2ae3af787c1b40ee1aca33f/mc-335-big-Data.db:level=0, ]
2020-09-15T00:23:27.109677256Z  INFO  2020-09-15 00:23:27,108 [shard 1] compaction - Compacting [/var/lib/scylla/data/system/local-7ad54392bcdd35a684174e047860b377/mc-1541-big-Data.db:level=0, /var/lib/scylla/data/system/local-7ad54392bcdd35a684174e047860b377/mc-1537-big-Data.db:level=0, ]
2020-09-15T00:23:27.110234436Z  INFO  2020-09-15 00:23:27,109 [shard 0] messaging_service - Starting Messaging Service on port 7000
2020-09-15T00:23:27.635618218Z  INFO  2020-09-15 00:23:27,633 [shard 0] compaction - Compacted 3 sstables to [/var/lib/scylla/data/system/truncated-38c19fd0fb863310a4b70d0cc66628aa/mc-700-big-Data.db:level=0, ]. 158419 bytes to 76909 (~48% of original) in 6364ms = 0.01MB/s. ~384 total partitions merged to 2.
2020-09-15T00:23:27.635654412Z  INFO  2020-09-15 00:23:27,634 [shard 0] compaction - Compacted 3 sstables to [/var/lib/scylla/data/system/compaction_history-b4dbb7b4dc493fb5b3bfce6e434832ca/mc-388-big-Data.db:level=0, ]. 125669 bytes to 112218 (~89% of original) in 6365ms = 0.02MB/s. ~512 total partitions merged to 221.
2020-09-15T00:23:27.635666513Z  INFO  2020-09-15 00:23:27,634 [shard 0] compaction - Compacted 3 sstables to [/var/lib/scylla/data/dt/source_data-6af6cd50d77b11ea9877000000000001/mc-36-big-Data.db:level=0, ]. 302388 bytes to 251441 (~83% of original) in 6328ms = 0.04MB/s. ~384 total partitions merged to 1.
2020-09-15T00:23:28.203706305Z  INFO  2020-09-15 00:23:28,203 [shard 2] compaction - Compacted 2 sstables to [/var/lib/scylla/data/system_schema/scylla_tables-5d912ff1f7593665b2c88042ab5103dd/mc-298-big-Data.db:level=0, ]. 11902 bytes to 6111 (~51% of original) in 5731ms = 0.00MB/s. ~256 total partitions merged to 1.
2020-09-15T00:23:28.204314018Z  INFO  2020-09-15 00:23:28,203 [shard 2] compaction - Compacted 2 sstables to [/var/lib/scylla/data/system_schema/triggers-4df70b666b05325195a132b54005fd48/mc-274-big-Data.db:level=0, ]. 10955 bytes to 5553 (~50% of original) in 5732ms = 0.00MB/s. ~256 total partitions merged to 1.
2020-09-15T00:23:28.204874933Z  INFO  2020-09-15 00:23:28,204 [shard 2] compaction - Compacted 3 sstables to [/var/lib/scylla/data/system_schema/dropped_columns-5e7583b5f3f43af19a39b7e1d6f5f11f/mc-342-big-Data.db:level=0, ]. 15984 bytes to 5642 (~35% of original) in 5732ms = 0.00MB/s. ~384 total partitions merged to 1.
2020-09-15T00:23:28.207410374Z  INFO  2020-09-15 00:23:28,206 [shard 2] compaction - Compacted 2 sstables to [/var/lib/scylla/data/system_schema/tables-afddfb9dbc1e30688056eed6c302ba09/mc-306-big-Data.db:level=0, ]. 67871 bytes to 59785 (~88% of original) in 5732ms = 0.01MB/s. ~256 total partitions merged to 2.
2020-09-15T00:23:28.208183425Z  INFO  2020-09-15 00:23:28,207 [shard 2] compaction - Compacted 2 sstables to [/var/lib/scylla/data/system_schema/keyspaces-abac5682dea631c5b535b3d6cffd0fb6/mc-338-big-Data.db:level=0, ]. 62024 bytes to 56566 (~91% of original) in 5732ms = 0.01MB/s. ~256 total partitions merged to 2.
2020-09-15T00:23:28.210927222Z  INFO  2020-09-15 00:23:28,210 [shard 2] compaction - Compacted 3 sstables to [/var/lib/scylla/data/system/compaction_history-b4dbb7b4dc493fb5b3bfce6e434832ca/mc-402-big-Data.db:level=0, ]. 271207 bytes to 115482 (~42% of original) in 5734ms = 0.02MB/s. ~512 total partitions merged to 248.
2020-09-15T00:23:28.359032796Z  INFO  2020-09-15 00:23:28,358 [shard 1] compaction - Compacted 2 sstables to [/var/lib/scylla/data/system/local-7ad54392bcdd35a684174e047860b377/mc-1545-big-Data.db:level=0, ]. 18685 bytes to 12272 (~65% of original) in 850ms = 0.01MB/s. ~256 total partitions merged to 1.
2020-09-15T00:23:28.476896732Z  INFO  2020-09-15 00:23:28,476 [shard 3] compaction - Compacted 3 sstables to [/var/lib/scylla/data/dt/source_data-6af6cd50d77b11ea9877000000000001/mc-311-big-Data.db:level=0, ]. 8643628 bytes to 8592559 (~99% of original) in 6425ms = 1.28MB/s. ~384 total partitions merged to 1.
2020-09-15T00:23:28.477545975Z  INFO  2020-09-15 00:23:28,476 [shard 3] compaction - Compacted 3 sstables to [/var/lib/scylla/data/system_schema/functions-96489b7980be3e14a70166a0b9159450/mc-279-big-Data.db:level=0, ]. 16891 bytes to 5945 (~35% of original) in 6426ms = 0.00MB/s. ~384 total partitions merged to 1.
2020-09-15T00:23:28.477579200Z  INFO  2020-09-15 00:23:28,476 [shard 3] compaction - Compacted 2 sstables to [/var/lib/scylla/data/system_schema/scylla_tables-5d912ff1f7593665b2c88042ab5103dd/mc-299-big-Data.db:level=0, ]. 12568 bytes to 6441 (~51% of original) in 6425ms = 0.00MB/s. ~256 total partitions merged to 1.
2020-09-15T00:23:28.578220813Z  INFO  2020-09-15 00:23:28,577 [shard 3] compaction - Compacted 3 sstables to [/var/lib/scylla/data/system_schema/dropped_columns-5e7583b5f3f43af19a39b7e1d6f5f11f/mc-343-big-Data.db:level=0, ]. 16423 bytes to 5795 (~35% of original) in 6426ms = 0.00MB/s. ~384 total partitions merged to 1.
2020-09-15T00:23:28.579024455Z  INFO  2020-09-15 00:23:28,578 [shard 3] compaction - Compacted 2 sstables to [/var/lib/scylla/data/system_schema/indexes-0feb57ac311f382fba6d9024d305702f/mc-319-big-Data.db:level=0, ]. 18043 bytes to 12629 (~69% of original) in 6426ms = 0.00MB/s. ~256 total partitions merged to 2.
2020-09-15T00:23:28.580530770Z  INFO  2020-09-15 00:23:28,580 [shard 3] compaction - Compacted 3 sstables to [/var/lib/scylla/data/system/compaction_history-b4dbb7b4dc493fb5b3bfce6e434832ca/mc-403-big-Data.db:level=0, ]. 233427 bytes to 111632 (~47% of original) in 6428ms = 0.02MB/s. ~512 total partitions merged to 195.
2020-09-15T00:23:29.199419042Z  INFO  2020-09-15 00:23:29,198 [shard 2] compaction - Compacting [/var/lib/scylla/data/system_schema/types-5a8b1ca866023f77a0459273d308917a/mc-242-big-Data.db:level=0, /var/lib/scylla/data/system_schema/types-5a8b1ca866023f77a0459273d308917a/mc-238-big-Data.db:level=0, ]
2020-09-15T00:23:29.199920827Z  INFO  2020-09-15 00:23:29,199 [shard 2] compaction - Compacting [/var/lib/scylla/data/system_schema/functions-96489b7980be3e14a70166a0b9159450/mc-270-big-Data.db:level=0, /var/lib/scylla/data/system_schema/functions-96489b7980be3e14a70166a0b9159450/mc-266-big-Data.db:level=0, /var/lib/scylla/data/system_schema/functions-96489b7980be3e14a70166a0b9159450/mc-262-big-Data.db:level=0, ]
2020-09-15T00:23:29.387598398Z  INFO  2020-09-15 00:23:29,386 [shard 3] compaction - Compacting [/var/lib/scylla/data/system_schema/types-5a8b1ca866023f77a0459273d308917a/mc-239-big-Data.db:level=0, /var/lib/scylla/data/system_schema/types-5a8b1ca866023f77a0459273d308917a/mc-235-big-Data.db:level=0, ]
2020-09-15T00:23:29.388004345Z  INFO  2020-09-15 00:23:29,387 [shard 3] compaction - Compacting [/var/lib/scylla/data/system/large_cells-ead8bbc5f1463ae19f710b11f9a1d296/mc-27-big-Data.db:level=0, /var/lib/scylla/data/system/large_cells-ead8bbc5f1463ae19f710b11f9a1d296/mc-23-big-Data.db:level=0, ]
2020-09-15T00:23:29.388296508Z  INFO  2020-09-15 00:23:29,387 [shard 3] compaction - Compacting [/var/lib/scylla/data/system_schema/keyspaces-abac5682dea631c5b535b3d6cffd0fb6/mc-331-big-Data.db:level=0, /var/lib/scylla/data/system_schema/keyspaces-abac5682dea631c5b535b3d6cffd0fb6/mc-327-big-Data.db:level=0, ]
2020-09-15T00:23:29.388321589Z  INFO  2020-09-15 00:23:29,388 [shard 3] compaction - Compacting [/var/lib/scylla/data/system_schema/tables-afddfb9dbc1e30688056eed6c302ba09/mc-299-big-Data.db:level=0, /var/lib/scylla/data/system_schema/tables-afddfb9dbc1e30688056eed6c302ba09/mc-295-big-Data.db:level=0, ]
2020-09-15T00:23:30.068273576Z  INFO  2020-09-15 00:23:30,067 [shard 2] compaction - Compacted 3 sstables to [/var/lib/scylla/data/system_schema/view_virtual_columns-08843b6345dc3be29798a0418295cfaa/mc-286-big-Data.db:level=0, ]. 16452 bytes to 5798 (~35% of original) in 3036ms = 0.00MB/s. ~384 total partitions merged to 1.
2020-09-15T00:23:30.068518036Z  INFO  2020-09-15 00:23:30,068 [shard 2] compaction - Compacted 2 sstables to [/var/lib/scylla/data/system_schema/indexes-0feb57ac311f382fba6d9024d305702f/mc-322-big-Data.db:level=0, ]. 11047 bytes to 5599 (~50% of original) in 3036ms = 0.00MB/s. ~256 total partitions merged to 1.
2020-09-15T00:23:30.068727648Z  INFO  2020-09-15 00:23:30,068 [shard 2] compaction - Compacted 3 sstables to [/var/lib/scylla/data/system/truncated-38c19fd0fb863310a4b70d0cc66628aa/mc-590-big-Data.db:level=0, ]. 167625 bytes to 56246 (~33% of original) in 3035ms = 0.02MB/s. ~384 total partitions merged to 4.
2020-09-15T00:23:30.069796551Z  INFO  2020-09-15 00:23:30,069 [shard 2] compaction - Compacted 3 sstables to [/var/lib/scylla/data/system_schema/columns-24101c25a2ae3af787c1b40ee1aca33f/mc-346-big-Data.db:level=0, ]. 78685 bytes to 61702 (~78% of original) in 3034ms = 0.02MB/s. ~384 total partitions merged to 2.
2020-09-15T00:23:30.361244429Z  INFO  2020-09-15 00:23:30,360 [shard 3] compaction - Compacted 2 sstables to [/var/lib/scylla/data/system_schema/computed_columns-cc7c7069374033c192a4c3de78dbd2c4/mc-295-big-Data.db:level=0, ]. 17544 bytes to 12458 (~71% of original) in 2520ms = 0.00MB/s. ~256 total partitions merged to 2.
2020-09-15T00:23:30.362117345Z  INFO  2020-09-15 00:23:30,360 [shard 3] compaction - Compacted 2 sstables to [/var/lib/scylla/data/system_schema/triggers-4df70b666b05325195a132b54005fd48/mc-275-big-Data.db:level=0, ]. 10886 bytes to 5519 (~50% of original) in 2521ms = 0.00MB/s. ~256 total partitions merged to 1.
2020-09-15T00:23:30.500438296Z  INFO  2020-09-15 00:23:30,499 [shard 3] compaction - Compacted 3 sstables to [/var/lib/scylla/data/system_schema/columns-24101c25a2ae3af787c1b40ee1aca33f/mc-347-big-Data.db:level=0, ]. 76172 bytes to 57505 (~75% of original) in 2519ms = 0.02MB/s. ~384 total partitions merged to 4.
2020-09-15T00:23:30.500497685Z  INFO  2020-09-15 00:23:30,499 [shard 3] compaction - Compacted 3 sstables to [/var/lib/scylla/data/system_schema/view_virtual_columns-08843b6345dc3be29798a0418295cfaa/mc-287-big-Data.db:level=0, ]. 23511 bytes to 12927 (~54% of original) in 2522ms = 0.00MB/s. ~384 total partitions merged to 2.
2020-09-15T00:23:30.500548836Z  INFO  2020-09-15 00:23:30,499 [shard 3] compaction - Compacted 2 sstables to []. 11370 bytes to 0 (~0% of original) in 0ms = 0.00MB/s. ~256 total partitions merged to 0.
2020-09-15T00:23:30.630629904Z  INFO  2020-09-15 00:23:30,630 [shard 2] compaction - Compacting [/var/lib/scylla/data/system_schema/views-9786ac1cdd583201a7cdad556410c985/mc-238-big-Data.db:level=0, /var/lib/scylla/data/system_schema/views-9786ac1cdd583201a7cdad556410c985/mc-234-big-Data.db:level=0, ]
2020-09-15T00:23:31.183258423Z  INFO  2020-09-15 00:23:31,182 [shard 2] compaction - Compacted 3 sstables to [/var/lib/scylla/data/system_schema/functions-96489b7980be3e14a70166a0b9159450/mc-274-big-Data.db:level=0, ]. 16995 bytes to 5979 (~35% of original) in 1430ms = 0.00MB/s. ~384 total partitions merged to 1.
2020-09-15T00:23:31.183943378Z  INFO  2020-09-15 00:23:31,183 [shard 2] compaction - Compacted 2 sstables to [/var/lib/scylla/data/system_schema/types-5a8b1ca866023f77a0459273d308917a/mc-246-big-Data.db:level=0, ]. 11077 bytes to 5614 (~50% of original) in 1431ms = 0.00MB/s. ~256 total partitions merged to 1.
2020-09-15T00:23:31.206031755Z  INFO  2020-09-15 00:23:31,205 [shard 3] compaction - Compacting [/var/lib/scylla/data/system_schema/aggregates-924c55872e3a345bb10c12f37c1ba895/mc-227-big-Data.db:level=0, /var/lib/scylla/data/system_schema/aggregates-924c55872e3a345bb10c12f37c1ba895/mc-223-big-Data.db:level=0, ]
2020-09-15T00:23:31.207156160Z  INFO  2020-09-15 00:23:31,206 [shard 3] compaction - Compacting [/var/lib/scylla/data/system_schema/views-9786ac1cdd583201a7cdad556410c985/mc-235-big-Data.db:level=0, /var/lib/scylla/data/system_schema/views-9786ac1cdd583201a7cdad556410c985/mc-231-big-Data.db:level=0, ]
2020-09-15T00:23:31.804405160Z  INFO  2020-09-15 00:23:31,803 [shard 2] compaction - Compacting [/var/lib/scylla/data/system_schema/aggregates-924c55872e3a345bb10c12f37c1ba895/mc-226-big-Data.db:level=0, /var/lib/scylla/data/system_schema/aggregates-924c55872e3a345bb10c12f37c1ba895/mc-222-big-Data.db:level=0, ]
2020-09-15T00:23:33.377358044Z  INFO  2020-09-15 00:23:33,376 [shard 3] compaction - Compacted 2 sstables to [/var/lib/scylla/data/system_schema/types-5a8b1ca866023f77a0459273d308917a/mc-243-big-Data.db:level=0, ]. 11008 bytes to 5580 (~50% of original) in 1818ms = 0.00MB/s. ~256 total partitions merged to 1.
2020-09-15T00:23:33.578069943Z  INFO  2020-09-15 00:23:33,577 [shard 2] compaction - Compacted 2 sstables to [/var/lib/scylla/data/system_schema/views-9786ac1cdd583201a7cdad556410c985/mc-242-big-Data.db:level=0, ]. 13859 bytes to 7005 (~50% of original) in 1173ms = 0.01MB/s. ~256 total partitions merged to 1.
2020-09-15T00:23:33.756062276Z  INFO  2020-09-15 00:23:33,755 [shard 3] compaction - Compacted 2 sstables to [/var/lib/scylla/data/system_schema/tables-afddfb9dbc1e30688056eed6c302ba09/mc-303-big-Data.db:level=0, ]. 65653 bytes to 56355 (~85% of original) in 1818ms = 0.03MB/s. ~256 total partitions merged to 4.
2020-09-15T00:23:33.756095160Z  INFO  2020-09-15 00:23:33,755 [shard 3] compaction - Compacted 2 sstables to [/var/lib/scylla/data/system_schema/keyspaces-abac5682dea631c5b535b3d6cffd0fb6/mc-335-big-Data.db:level=0, ]. 56614 bytes to 51193 (~90% of original) in 1819ms = 0.03MB/s. ~256 total partitions merged to 4.
2020-09-15T00:23:35.201326134Z  INFO  2020-09-15 00:23:35,199 [shard 2] compaction - Compacting [/var/lib/scylla/data/system_schema/computed_columns-cc7c7069374033c192a4c3de78dbd2c4/mc-290-big-Data.db:level=0, /var/lib/scylla/data/system_schema/computed_columns-cc7c7069374033c192a4c3de78dbd2c4/mc-286-big-Data.db:level=0, ]
2020-09-15T00:23:35.457567729Z  INFO  2020-09-15 00:23:35,456 [shard 3] compaction - Compacting [/var/lib/scylla/data/system/truncated-38c19fd0fb863310a4b70d0cc66628aa/mc-391-big-Data.db:level=0, /var/lib/scylla/data/system/truncated-38c19fd0fb863310a4b70d0cc66628aa/mc-387-big-Data.db:level=0, /var/lib/scylla/data/system/truncated-38c19fd0fb863310a4b70d0cc66628aa/mc-383-big-Data.db:level=0, ]
2020-09-15T00:23:35.643744646Z  INFO  2020-09-15 00:23:35,643 [shard 2] compaction - Compacted 2 sstables to [/var/lib/scylla/data/system_schema/aggregates-924c55872e3a345bb10c12f37c1ba895/mc-230-big-Data.db:level=0, ]. 11133 bytes to 5722 (~51% of original) in 3395ms = 0.00MB/s. ~256 total partitions merged to 1.
2020-09-15T00:23:36.004422241Z  INFO  2020-09-15 00:23:36,003 [shard 3] compaction - Compacted 2 sstables to [/var/lib/scylla/data/system_schema/aggregates-924c55872e3a345bb10c12f37c1ba895/mc-231-big-Data.db:level=0, ]. 11064 bytes to 5688 (~51% of original) in 4250ms = 0.00MB/s. ~256 total partitions merged to 1.
2020-09-15T00:23:36.005733080Z  INFO  2020-09-15 00:23:36,005 [shard 3] compaction - Compacted 2 sstables to [/var/lib/scylla/data/system_schema/views-9786ac1cdd583201a7cdad556410c985/mc-239-big-Data.db:level=0, ]. 21047 bytes to 14388 (~68% of original) in 4250ms = 0.00MB/s. ~256 total partitions merged to 2.
2020-09-15T00:23:36.471731128Z  INFO  2020-09-15 00:23:36,470 [shard 2] compaction - Compacted 2 sstables to [/var/lib/scylla/data/system_schema/computed_columns-cc7c7069374033c192a4c3de78dbd2c4/mc-294-big-Data.db:level=0, ]. 10551 bytes to 5431 (~51% of original) in 911ms = 0.01MB/s. ~256 total partitions merged to 1.
2020-09-15T00:23:36.647300974Z  INFO  2020-09-15 00:23:36,646 [shard 3] compaction - Compacted 3 sstables to [/var/lib/scylla/data/system/truncated-38c19fd0fb863310a4b70d0cc66628aa/mc-395-big-Data.db:level=0, ]. 188990 bytes to 63367 (~33% of original) in 1089ms = 0.06MB/s. ~384 total partitions merged to 2.
2020-09-15T00:23:39.115700800Z  INFO  2020-09-15 00:23:39,113 [shard 0] gossip - No gossip backlog; proceeding
2020-09-15T00:23:39.116652377Z  INFO  2020-09-15 00:23:39,115 [shard 0] features - Feature COMPUTED_COLUMNS is enabled
2020-09-15T00:23:39.116703821Z  INFO  2020-09-15 00:23:39,115 [shard 0] features - Feature CORRECT_COUNTER_ORDER is enabled
2020-09-15T00:23:39.116724491Z  INFO  2020-09-15 00:23:39,115 [shard 0] features - Feature CORRECT_NON_COMPOUND_RANGE_TOMBSTONES is enabled
2020-09-15T00:23:39.116742188Z  INFO  2020-09-15 00:23:39,115 [shard 0] features - Feature CORRECT_STATIC_COMPACT_IN_MC is enabled
2020-09-15T00:23:39.116759544Z  INFO  2020-09-15 00:23:39,115 [shard 0] features - Feature COUNTERS is enabled
2020-09-15T00:23:39.116776784Z  INFO  2020-09-15 00:23:39,116 [shard 0] features - Feature DIGEST_INSENSITIVE_TO_EXPIRY is enabled
2020-09-15T00:23:39.117010904Z  INFO  2020-09-15 00:23:39,116 [shard 0] features - Feature DIGEST_MULTIPARTITION_READ is enabled
2020-09-15T00:23:39.117041117Z  INFO  2020-09-15 00:23:39,116 [shard 0] features - Feature HINTED_HANDOFF_SEPARATE_CONNECTION is enabled
2020-09-15T00:23:39.117083868Z  INFO  2020-09-15 00:23:39,116 [shard 0] features - Feature INDEXES is enabled
2020-09-15T00:23:39.117132018Z  INFO  2020-09-15 00:23:39,116 [shard 0] features - Feature LARGE_PARTITIONS is enabled
2020-09-15T00:23:39.117152022Z  INFO  2020-09-15 00:23:39,116 [shard 0] features - Feature LWT is enabled
2020-09-15T00:23:39.117169802Z  INFO  2020-09-15 00:23:39,116 [shard 0] features - Feature MATERIALIZED_VIEWS is enabled
2020-09-15T00:23:39.117187382Z  INFO  2020-09-15 00:23:39,116 [shard 0] features - Feature MC_SSTABLE_FORMAT is enabled
2020-09-15T00:23:39.117205896Z  INFO  2020-09-15 00:23:39,116 [shard 0] features - Feature NONFROZEN_UDTS is enabled
2020-09-15T00:23:39.117223933Z  INFO  2020-09-15 00:23:39,116 [shard 0] features - Feature PER_TABLE_PARTITIONERS is enabled
2020-09-15T00:23:39.117412965Z  INFO  2020-09-15 00:23:39,116 [shard 0] features - Feature RANGE_TOMBSTONES is enabled
2020-09-15T00:23:39.117441395Z  INFO  2020-09-15 00:23:39,116 [shard 0] features - Feature ROLES is enabled
2020-09-15T00:23:39.117459558Z  INFO  2020-09-15 00:23:39,116 [shard 0] features - Feature ROW_LEVEL_REPAIR is enabled
2020-09-15T00:23:39.117506919Z  INFO  2020-09-15 00:23:39,116 [shard 0] features - Feature SCHEMA_TABLES_V3 is enabled
2020-09-15T00:23:39.117526076Z  INFO  2020-09-15 00:23:39,116 [shard 0] features - Feature STREAM_WITH_RPC_STREAM is enabled
2020-09-15T00:23:39.117544106Z  INFO  2020-09-15 00:23:39,116 [shard 0] features - Feature TRUNCATION_TABLE is enabled
2020-09-15T00:23:39.117566357Z  INFO  2020-09-15 00:23:39,116 [shard 0] system_keyspace - Got cluster agreement on truncation table feature. Removing legacy records.
2020-09-15T00:23:39.117585673Z  INFO  2020-09-15 00:23:39,116 [shard 0] features - Feature UNBOUNDED_RANGE_TOMBSTONES is enabled
2020-09-15T00:23:39.117603440Z  INFO  2020-09-15 00:23:39,116 [shard 0] features - Feature VIEW_VIRTUAL_COLUMNS is enabled
2020-09-15T00:23:39.117621318Z  INFO  2020-09-15 00:23:39,117 [shard 0] features - Feature WRITE_FAILURE_REPLY is enabled
2020-09-15T00:23:39.117639128Z  INFO  2020-09-15 00:23:39,117 [shard 0] features - Feature XXHASH is enabled
2020-09-15T00:23:39.119011203Z  INFO  2020-09-15 00:23:39,117 [shard 0] system_keyspace - Legacy records deleted.
2020-09-15T00:23:39.121137169Z  INFO  2020-09-15 00:23:39,120 [shard 0] init - starting system distributed keyspace
2020-09-15T00:23:39.125204098Z  INFO  2020-09-15 00:23:39,124 [shard 0] storage_service - Using saved tokens {943448605036726745, 9061580907506437136, 8957018461898327244, 8813999419995718088, 8775859223532977932, 873311388414975666, 8707696313600310498, 8675978575875245837, 855031166620283245, 8476533345381470087, 8413544620893079714, 8382283044476755854, 7804258889026263620, 778239093056833917, 7732629563319678675, 7564694057214588647, 747840302865059114, 7255484784972643852, 700944770677405149, 7009081579420542256, 7354219953741161264, 6974970471767945112, 6788034976878782500, 667581605220131528, 6496091893897576732, 6478032244021912394, 6420907855788431922, 8777890816944145805, 6381418245203458391, 6358173612251239308, 6302443190184390149, 6115776390551923703, 5906838239532612246, 5890706123786165213, 588034934972968299, 5848278814186320030, 5834675951458569055, 5796254206948921528, -6441145814158460549, 7172238068082229918, -6238625478980828395, -6199824488038647909, -572473923349256348, -5526097868254533829, -5508289632699420366, -6338043935148530859, 4738411181964629022, -5411685484465544274, 5103660925946342563, -5360532551957069796, -5246840897237646542, -8953406550820932827, -511676141100664160, -4872163430844150374, 5153854518462400651, -4829128129506020031, 6818717460470417221, -4735496583611878200, -7913213531410876291, -8612347190400988175, 3361838207769500988, -4770694758141334815, 3533570692245755170, -3014142033706378490, -6648258355715071793, 105268539462240253, 6448269612184381105, 3941245744356891698, -4925670906471950289, -6853270293933441203, -431455211546220291, -4106310081010891923, -4280461110562472301, -4231054370802445643, 4453520694484038438, -5140544052953576706, -7341700934491837716, -4177024142024341044, -2365586676906010085, -4368295386640868227, -6779834804380741154, 7103497347382660592, -471701403720839764, -2187125227394891465, -1593748153114868683, 8325613099551670589, -6017078328443447975, 408961909545308462, -3256341547923989103, 1911454556365012923, -2135119982021577211, -6104126434670973331, -1614584707908969492, -5285270377043925775, 194223785007163967, 3556932048290112968, 4378909036113166689, -2319706609635128471, 782580883702972777, -3880555618453256762, -2879534723161185431, 7469085752185829039, -8001902308657073600, -1522914538603683793, 784130423392421222, -3409621329811667263, -5136236598692180863, -2640475812391264528, 3907413558358164712, -2166731983266837511, -8529251962487546573, -5228242602708342126, -6263078841153087564, -1295419475388780424, 5311755414232655734, -4113405879925637368, 2104079815049743807, -105211415949921556, -1004253484774030395, -6093280019772326743, -1363472444035739717, 7772390126184307669, 3373616921334842984, -3428624778218969630, -4475005699924690030, -1207620414022812792, -4203952547861361192, -4895652206680369668, 5569071124009844993, -2800260328053956713, 1033733984444816800, -1761718599052329021, -6249520955674807415, -6810383749951706976, -2391018463907211455, -3729138346528579520, -3942245253345029362, -1032698423218536378, 2233495137371904435, -1970747149103226319, 2531294222158762011, 4445989245037378795, -2648919406212884980, 800062458669145892, -6586482614645135705, -8855822008500182327, -2076430708060394350, -6127879535600466936, 5017042126534426855, -6767019288334108993, -6985294397658573838, -2605645373691895986, 2542018259596577135, -2699231837109027988, -9132047842757487932, 9066588519930559993, -4601858807243735115, 1470306277250886071, 1688077838521597411, -2700796200994103492, -5656441245782528349, 3822141065635310082, -4415280594152455372, -1709100826419756065, -2732234699235264563, -3101294897153501639, 6933997554702494562, -4541237399207364623, 1251119865371637993, -3280527161887251879, -4007868363884276055, -4134923634748466107, -5595342098352848506, 533209426647054698, 285540986842976874, -4193553788022177878, -7111183380354176443, 7880345233810794046, -7190282066974323895, -7232953798633244985, -7512330892235471280, -889434854029329118, 9122882257136270100, 3909145942678699742, 2870638580126821409, -2685359252619347507, 4540975434217357056, 1912522665107890116, -1474028219808469861, -7767361191227918078, -8495384334141326469, -8024675672634848221, -8352632933072691056, -1084614158625469139, -8372022353883945178, -1171738939209168407, -8485257529464526975, -8549013321787275289, -7405825010257289618, -8694753427154041557, -9173155356561330710, -3164480873853500968, 1172299952227812636, 1535311813904826318, 156312151312654313, 2050968450175517454, 1018091569669202328, 1574734081023094222, 214428871588027420, -5095673126210616552, 2431756818088451524, -1208769590907790735, 3022913469242457337, 2609254198811139442, 5396954320704971060, 284028081363756156, -184157634332906914, 2879924223908633556, 3014475854062098037, 8280511155447462154, 3058186759042775792, 3100842289958262644, -769344519844763244, 3287699046743316011, 7743526815996532326, -7148146405116016542, 352278596429886466, 3606629961194077343, 3840184102447470012, -4623422606623793434, 3924960423780627192, 4660022660859336370, 5401470720317959250, 3979649323160207298, 4037379789709069307, 790424663468033093, 5150907166433009570, 4083460330442256183, 4262233236239091105, 4461207940793579131, 7222389702734437292, 4497639963855891379, 5935809959838255935, 525652295242460822, -9210810031089136649, 3145063885579200582, 5102381975608989830, 5104799485589097680, -467985751191813914, 5122450296475986719, 5256736089695841171, 5341717901052361821, 5441044328235651423, 5661405961885371428, -6303682351633097607, 5704999654143823990}
2020-09-15T00:23:39.161941237Z  INFO  2020-09-15 00:23:39,161 [shard 0] database - Schema version changed to e1b2d478-e5f2-30c4-b994-d93919918df3
2020-09-15T00:23:39.161994958Z  INFO  2020-09-15 00:23:39,161 [shard 0] database - Schema version changed to e1b2d478-e5f2-30c4-b994-d93919918df3
2020-09-15T00:23:39.163036529Z  INFO  2020-09-15 00:23:39,162 [shard 0] database - Schema version changed to 0e03d198-385b-3f36-8c34-c3f5846bbbac
2020-09-15T00:23:39.598547944Z  INFO  2020-09-15 00:23:39,597 [shard 1] compaction - Compacting [/var/lib/scylla/data/system/local-7ad54392bcdd35a684174e047860b377/mc-1549-big-Data.db:level=0, /var/lib/scylla/data/system/local-7ad54392bcdd35a684174e047860b377/mc-1545-big-Data.db:level=0, ]
2020-09-15T00:23:39.637090049Z  INFO  2020-09-15 00:23:39,636 [shard 0] storage_service - Node 10.0.24.6 state jump to normal
2020-09-15T00:23:39.637503569Z  INFO  2020-09-15 00:23:39,637 [shard 0] storage_service - Remove node 10.0.24.6 from pending replacing endpoint
2020-09-15T00:23:40.108980171Z  INFO  2020-09-15 00:23:40,108 [shard 0] storage_service - NORMAL: node is now in normal status
2020-09-15T00:23:40.109040183Z  INFO  2020-09-15 00:23:40,108 [shard 0] cdc - No generation seen during startup.
2020-09-15T00:23:40.110770116Z  INFO  2020-09-15 00:23:40,110 [shard 0] init - starting tracing
2020-09-15T00:23:40.111586627Z  INFO  2020-09-15 00:23:40,111 [shard 0] storage_service - SSTable data integrity checker is disabled.
2020-09-15T00:23:40.112100278Z  INFO  2020-09-15 00:23:40,111 [shard 0] init - starting batchlog manager
2020-09-15T00:23:40.112737558Z  INFO  2020-09-15 00:23:40,112 [shard 0] init - starting load meter
2020-09-15T00:23:40.112769153Z  INFO  2020-09-15 00:23:40,112 [shard 0] init - starting cf cache hit rate calculator
2020-09-15T00:23:40.113378665Z  INFO  2020-09-15 00:23:40,112 [shard 0] init - starting view update backlog broker
2020-09-15T00:23:40.114491487Z  INFO  2020-09-15 00:23:40,114 [shard 0] init - Waiting for gossip to settle before accepting client requests...
2020-09-15T00:23:40.156886701Z  INFO  2020-09-15 00:23:40,156 [shard 1] compaction - Compacted 2 sstables to [/var/lib/scylla/data/system/local-7ad54392bcdd35a684174e047860b377/mc-1557-big-Data.db:level=0, ]. 18351 bytes to 12103 (~65% of original) in 410ms = 0.03MB/s. ~256 total partitions merged to 1.
2020-09-15T00:23:40.157940217Z  INFO  2020-09-15 00:23:40,157 [shard 1] compaction - Compacting [/var/lib/scylla/data/system/local-7ad54392bcdd35a684174e047860b377/mc-1553-big-Data.db:level=0, /var/lib/scylla/data/system/local-7ad54392bcdd35a684174e047860b377/mc-1557-big-Data.db:level=0, ]
2020-09-15T00:23:40.588834403Z  INFO  2020-09-15 00:23:40,588 [shard 1] compaction - Compacted 2 sstables to [/var/lib/scylla/data/system/local-7ad54392bcdd35a684174e047860b377/mc-1561-big-Data.db:level=0, ]. 18202 bytes to 12075 (~66% of original) in 338ms = 0.03MB/s. ~256 total partitions merged to 1.
2020-09-15T00:23:52.116867123Z  INFO  2020-09-15 00:23:52,114 [shard 0] gossip - No gossip backlog; proceeding
2020-09-15T00:23:52.116968954Z  INFO  2020-09-15 00:23:52,115 [shard 0] init - allow replaying hints
2020-09-15T00:23:52.116987386Z  INFO  2020-09-15 00:23:52,115 [shard 0] init - Launching generate_mv_updates for non system tables
2020-09-15T00:23:52.117014675Z  INFO  2020-09-15 00:23:52,116 [shard 0] init - starting the view builder
2020-09-15T00:23:52.425001352Z  INFO  2020-09-15 00:23:52,424 [shard 0] init - starting native transport
2020-09-15T00:23:52.425065268Z  INFO  2020-09-15 00:23:52,424 [shard 0] compaction - Compacting [/var/lib/scylla/data/system/truncated-38c19fd0fb863310a4b70d0cc66628aa/mc-704-big-Data.db:level=0, /var/lib/scylla/data/system/truncated-38c19fd0fb863310a4b70d0cc66628aa/mc-700-big-Data.db:level=0, ]
2020-09-15T00:23:52.427405891Z  INFO  2020-09-15 00:23:52,426 [shard 0] storage_service - Starting listening for CQL clients on 10.0.24.6:9042 (unencrypted)
2020-09-15T00:23:52.429516570Z  INFO  2020-09-15 00:23:52,429 [shard 0] storage_service - Thrift server listening on 10.0.24.6:9160 ...
2020-09-15T00:23:52.430338817Z  INFO  2020-09-15 00:23:52,429 [shard 0] init - serving
2020-09-15T00:23:52.430362300Z  INFO  2020-09-15 00:23:52,429 [shard 0] init - Scylla version 4.1.6-0.20200831.6d9ff622df initialization completed.
2020-09-15T00:23:52.827560813Z  INFO  2020-09-15 00:23:52,826 [shard 0] compaction - Compacted 2 sstables to [/var/lib/scylla/data/system/truncated-38c19fd0fb863310a4b70d0cc66628aa/mc-708-big-Data.db:level=0, ]. 82142 bytes to 76744 (~93% of original) in 320ms = 0.23MB/s. ~256 total partitions merged to 2.
2020-09-15T00:28:46.639998694Z  INFO  2020-09-15 00:28:46,639 [shard 3] compaction - Compacting [/var/lib/scylla/data/system/clients-ca0f635d863036098d93a1fc06f2a5e5/mc-11-big-Data.db:level=0, /var/lib/scylla/data/system/clients-ca0f635d863036098d93a1fc06f2a5e5/mc-7-big-Data.db:level=0, ]
2020-09-15T00:28:47.078076522Z  INFO  2020-09-15 00:28:47,077 [shard 3] compaction - Compacted 2 sstables to [/var/lib/scylla/data/system/clients-ca0f635d863036098d93a1fc06f2a5e5/mc-15-big-Data.db:level=0, ]. 98758 bytes to 6308 (~6% of original) in 337ms = 0.02MB/s. ~256 total partitions merged to 1.
2020-09-15T00:29:04.282958093Z  INFO  2020-09-15 00:29:04,282 [shard 3] compaction - Compacting [/var/lib/scylla/data/system/clients-ca0f635d863036098d93a1fc06f2a5e5/mc-15-big-Data.db:level=0, /var/lib/scylla/data/system/clients-ca0f635d863036098d93a1fc06f2a5e5/mc-19-big-Data.db:level=0, ]
2020-09-15T00:29:04.750081062Z  INFO  2020-09-15 00:29:04,749 [shard 3] compaction - Compacted 2 sstables to [/var/lib/scylla/data/system/clients-ca0f635d863036098d93a1fc06f2a5e5/mc-23-big-Data.db:level=0, ]. 55736 bytes to 5997 (~10% of original) in 323ms = 0.02MB/s. ~256 total partitions merged to 1.
