2020-09-16T01:42:12.438456827Z  running: (['/opt/scylladb/scripts/scylla_dev_mode_setup', '--developer-mode', '1'],)
2020-09-16T01:42:12.943670627Z  running: (['/opt/scylladb/scripts/scylla_io_setup'],)
2020-09-16T01:42:13.322452951Z  2020-09-16 01:42:13,322 CRIT Supervisor is running as root.  Privileges were not dropped because no user is specified in the config file.  If you intend to run as root, you can set user=root in the config file to avoid this message.
2020-09-16T01:42:13.322498823Z  2020-09-16 01:42:13,322 INFO Included extra file "/etc/supervisord.conf.d/node-exporter.conf" during parsing
2020-09-16T01:42:13.322770323Z  2020-09-16 01:42:13,322 INFO Included extra file "/etc/supervisord.conf.d/rsyslog.conf" during parsing
2020-09-16T01:42:13.322987536Z  2020-09-16 01:42:13,322 INFO Included extra file "/etc/supervisord.conf.d/scylla-housekeeping.conf" during parsing
2020-09-16T01:42:13.323008217Z  2020-09-16 01:42:13,322 INFO Included extra file "/etc/supervisord.conf.d/scylla-jmx.conf" during parsing
2020-09-16T01:42:13.323065001Z  2020-09-16 01:42:13,322 INFO Included extra file "/etc/supervisord.conf.d/scylla-server.conf" during parsing
2020-09-16T01:42:13.323081157Z  2020-09-16 01:42:13,322 INFO Included extra file "/etc/supervisord.conf.d/sshd-server.conf" during parsing
2020-09-16T01:42:13.359072621Z  2020-09-16 01:42:13,358 INFO RPC interface 'supervisor' initialized
2020-09-16T01:42:13.359126248Z  2020-09-16 01:42:13,358 CRIT Server 'inet_http_server' running without any HTTP authentication checking
2020-09-16T01:42:13.359510151Z  2020-09-16 01:42:13,359 INFO supervisord started with pid 25
2020-09-16T01:42:14.363858015Z  2020-09-16 01:42:14,363 INFO spawned: 'scylla' with pid 28
2020-09-16T01:42:14.367147550Z  2020-09-16 01:42:14,366 INFO spawned: 'scylla-housekeeping' with pid 29
2020-09-16T01:42:14.369968661Z  2020-09-16 01:42:14,369 INFO spawned: 'sshd' with pid 30
2020-09-16T01:42:14.374908894Z  2020-09-16 01:42:14,372 INFO spawned: 'scylla-jmx' with pid 31
2020-09-16T01:42:14.375631711Z  2020-09-16 01:42:14,375 INFO spawned: 'rsyslog' with pid 32
2020-09-16T01:42:14.380077992Z  2020-09-16 01:42:14,379 INFO spawned: 'node-exporter' with pid 34
2020-09-16T01:42:14.418611549Z  Generating public/private ed25519 key pair.
2020-09-16T01:42:14.418649964Z  Your identification has been saved in /etc/ssh/ssh_host_ed25519_key.
2020-09-16T01:42:14.418706612Z  Your public key has been saved in /etc/ssh/ssh_host_ed25519_key.pub.
2020-09-16T01:42:14.418730557Z  The key fingerprint is:
2020-09-16T01:42:14.418740714Z  SHA256:u0W6m98qRq2Iq7L2JlDopvjxHxF0zUg9kqrIJGgaMLs root@8b6e7c724c5e
2020-09-16T01:42:14.418751086Z  The key's randomart image is:
2020-09-16T01:42:14.418760902Z  +--[ED25519 256]--+
2020-09-16T01:42:14.418770787Z  |      ..o*       |
2020-09-16T01:42:14.418780898Z  |o    . .+ =      |
2020-09-16T01:42:14.418854761Z  |o+    .. . .     |
2020-09-16T01:42:14.418865875Z  |*.o   ..         |
2020-09-16T01:42:14.418875523Z  |+B . .. S..      |
2020-09-16T01:42:14.418904017Z  |Eoo .  ..+.      |
2020-09-16T01:42:14.418914587Z  |= .  ..oo..      |
2020-09-16T01:42:14.418923892Z  |+o +. ..+= .     |
2020-09-16T01:42:14.418933220Z  |o+*ooo..=+o..    |
2020-09-16T01:42:14.418942720Z  +----[SHA256]-----+
2020-09-16T01:42:14.429898822Z  time="2020-09-16T01:42:14Z" level=info msg="Starting node_exporter (version=0.17.0, branch=HEAD, revision=f6f6194a436b9a63d0439abc585c76b19a206b21)" source="node_exporter.go:82"
2020-09-16T01:42:14.429937695Z  time="2020-09-16T01:42:14Z" level=info msg="Build context (go=go1.11.2, user=root@322511e06ced, date=20181130-15:51:33)" source="node_exporter.go:83"
2020-09-16T01:42:14.431135863Z  time="2020-09-16T01:42:14Z" level=info msg="Enabled collectors:" source="node_exporter.go:90"
2020-09-16T01:42:14.431186411Z  time="2020-09-16T01:42:14Z" level=info msg=" - arp" source="node_exporter.go:97"
2020-09-16T01:42:14.431199794Z  time="2020-09-16T01:42:14Z" level=info msg=" - bcache" source="node_exporter.go:97"
2020-09-16T01:42:14.431750515Z  time="2020-09-16T01:42:14Z" level=info msg=" - bonding" source="node_exporter.go:97"
2020-09-16T01:42:14.431769690Z  time="2020-09-16T01:42:14Z" level=info msg=" - conntrack" source="node_exporter.go:97"
2020-09-16T01:42:14.431780409Z  time="2020-09-16T01:42:14Z" level=info msg=" - cpu" source="node_exporter.go:97"
2020-09-16T01:42:14.432933279Z  time="2020-09-16T01:42:14Z" level=info msg=" - diskstats" source="node_exporter.go:97"
2020-09-16T01:42:14.432977532Z  time="2020-09-16T01:42:14Z" level=info msg=" - edac" source="node_exporter.go:97"
2020-09-16T01:42:14.433173463Z  time="2020-09-16T01:42:14Z" level=info msg=" - entropy" source="node_exporter.go:97"
2020-09-16T01:42:14.433192243Z  time="2020-09-16T01:42:14Z" level=info msg=" - filefd" source="node_exporter.go:97"
2020-09-16T01:42:14.433202784Z  time="2020-09-16T01:42:14Z" level=info msg=" - filesystem" source="node_exporter.go:97"
2020-09-16T01:42:14.433241625Z  time="2020-09-16T01:42:14Z" level=info msg=" - hwmon" source="node_exporter.go:97"
2020-09-16T01:42:14.433410205Z  time="2020-09-16T01:42:14Z" level=info msg=" - infiniband" source="node_exporter.go:97"
2020-09-16T01:42:14.433429019Z  time="2020-09-16T01:42:14Z" level=info msg=" - interrupts" source="node_exporter.go:97"
2020-09-16T01:42:14.433638279Z  time="2020-09-16T01:42:14Z" level=info msg=" - ipvs" source="node_exporter.go:97"
2020-09-16T01:42:14.433863864Z  time="2020-09-16T01:42:14Z" level=info msg=" - loadavg" source="node_exporter.go:97"
2020-09-16T01:42:14.433882597Z  time="2020-09-16T01:42:14Z" level=info msg=" - mdadm" source="node_exporter.go:97"
2020-09-16T01:42:14.434077708Z  time="2020-09-16T01:42:14Z" level=info msg=" - meminfo" source="node_exporter.go:97"
2020-09-16T01:42:14.434317147Z  time="2020-09-16T01:42:14Z" level=info msg=" - netclass" source="node_exporter.go:97"
2020-09-16T01:42:14.434552698Z  time="2020-09-16T01:42:14Z" level=info msg=" - netdev" source="node_exporter.go:97"
2020-09-16T01:42:14.434770101Z  time="2020-09-16T01:42:14Z" level=info msg=" - netstat" source="node_exporter.go:97"
2020-09-16T01:42:14.434833566Z  time="2020-09-16T01:42:14Z" level=info msg=" - nfs" source="node_exporter.go:97"
2020-09-16T01:42:14.435187061Z  time="2020-09-16T01:42:14Z" level=info msg=" - nfsd" source="node_exporter.go:97"
2020-09-16T01:42:14.435422581Z  time="2020-09-16T01:42:14Z" level=info msg=" - sockstat" source="node_exporter.go:97"
2020-09-16T01:42:14.435465660Z  time="2020-09-16T01:42:14Z" level=info msg=" - stat" source="node_exporter.go:97"
2020-09-16T01:42:14.435480378Z  time="2020-09-16T01:42:14Z" level=info msg=" - textfile" source="node_exporter.go:97"
2020-09-16T01:42:14.435490543Z  time="2020-09-16T01:42:14Z" level=info msg=" - time" source="node_exporter.go:97"
2020-09-16T01:42:14.435647392Z  time="2020-09-16T01:42:14Z" level=info msg=" - timex" source="node_exporter.go:97"
2020-09-16T01:42:14.435941575Z  time="2020-09-16T01:42:14Z" level=info msg=" - uname" source="node_exporter.go:97"
2020-09-16T01:42:14.436185392Z  time="2020-09-16T01:42:14Z" level=info msg=" - vmstat" source="node_exporter.go:97"
2020-09-16T01:42:14.436203869Z  time="2020-09-16T01:42:14Z" level=info msg=" - xfs" source="node_exporter.go:97"
2020-09-16T01:42:14.436416651Z  time="2020-09-16T01:42:14Z" level=info msg=" - zfs" source="node_exporter.go:97"
2020-09-16T01:42:14.436622655Z  time="2020-09-16T01:42:14Z" level=info msg="Listening on :9100" source="node_exporter.go:111"
2020-09-16T01:42:14.774087405Z  Scylla version 4.1.6-0.20200831.6d9ff622df with build-id c2ed04d00095c63b7456b5fcda6775c5a9f33b0b starting ...
2020-09-16T01:42:14.774141541Z  command used: "/usr/bin/scylla --log-to-syslog 0 --log-to-stdout 1 --default-log-level info --network-stack posix --developer-mode=1 --overprovisioned --listen-address 10.0.33.14 --rpc-address 10.0.33.14 --seed-provider-parameters seeds=10.0.33.14 --blocked-reactor-notify-ms 999999999"
2020-09-16T01:42:14.774154851Z  parsed command line options: [log-to-syslog: 0, log-to-stdout: 1, default-log-level: info, network-stack: posix, developer-mode: 1, overprovisioned, listen-address: 10.0.33.14, rpc-address: 10.0.33.14, seed-provider-parameters: seeds=10.0.33.14, blocked-reactor-notify-ms: 999999999]
2020-09-16T01:42:14.803131524Z  WARN  2020-09-16 01:42:14,802 [shard 0] seastar - Unable to set SCHED_FIFO scheduling policy for timer thread; latency impact possible. Try adding CAP_SYS_NICE
2020-09-16T01:42:14.831398862Z  INFO  2020-09-16 01:42:14,830 [shard 0] init - installing SIGHUP handler
2020-09-16T01:42:14.839720576Z  INFO  2020-09-16 01:42:14,839 [shard 0] init - Scylla version 4.1.6-0.20200831.6d9ff622df with build-id c2ed04d00095c63b7456b5fcda6775c5a9f33b0b starting ...
2020-09-16T01:42:14.839769674Z  
2020-09-16T01:42:14.843162123Z  INFO  2020-09-16 01:42:14,842 [shard 0] init - starting prometheus API server
2020-09-16T01:42:14.845779401Z  INFO  2020-09-16 01:42:14,845 [shard 0] init - starting tokens manager
2020-09-16T01:42:14.846452038Z  INFO  2020-09-16 01:42:14,846 [shard 0] init - starting migration manager notifier
2020-09-16T01:42:14.847137170Z  INFO  2020-09-16 01:42:14,846 [shard 0] init - creating tracing
2020-09-16T01:42:14.850672996Z  INFO  2020-09-16 01:42:14,850 [shard 0] init - creating snitch
2020-09-16T01:42:14.852322403Z  INFO  2020-09-16 01:42:14,852 [shard 0] init - determining DNS name
2020-09-16T01:42:14.852776556Z  INFO  2020-09-16 01:42:14,852 [shard 0] init - starting API server
2020-09-16T01:42:14.854299653Z  INFO  2020-09-16 01:42:14,854 [shard 0] init - Scylla API server listening on 127.0.0.1:10000 ...
2020-09-16T01:42:14.855500565Z  INFO  2020-09-16 01:42:14,855 [shard 0] init - initializing storage service
2020-09-16T01:42:14.856465667Z  INFO  2020-09-16 01:42:14,856 [shard 0] init - starting per-shard database core
2020-09-16T01:42:14.862310117Z  WARN  2020-09-16 01:42:14,862 [shard 0] init - I/O Scheduler is not properly configured! This is a non-supported setup, and performance is expected to be unpredictably bad.
2020-09-16T01:42:14.862335072Z   Reason found: none of --max-io-requests, --io-properties and --io-properties-file are set.
2020-09-16T01:42:14.862346207Z  To properly configure the I/O Scheduler, run the scylla_io_setup utility shipped with Scylla.
2020-09-16T01:42:14.862356214Z  
2020-09-16T01:42:14.863100313Z  INFO  2020-09-16 01:42:14,862 [shard 0] init - creating and verifying directories
2020-09-16T01:42:15.032557302Z  Connecting to http://localhost:10000
2020-09-16T01:42:15.032587883Z  Starting the JMX server
2020-09-16T01:42:15.559588461Z  JMX is enabled to receive remote connections on port: 7199
2020-09-16T01:42:15.559771527Z  2020-09-16 01:42:15,559 INFO success: scylla entered RUNNING state, process has stayed up for > than 1 seconds (startsecs)
2020-09-16T01:42:15.559897429Z  2020-09-16 01:42:15,559 INFO success: scylla-housekeeping entered RUNNING state, process has stayed up for > than 1 seconds (startsecs)
2020-09-16T01:42:15.559993053Z  2020-09-16 01:42:15,559 INFO success: sshd entered RUNNING state, process has stayed up for > than 1 seconds (startsecs)
2020-09-16T01:42:15.560103268Z  2020-09-16 01:42:15,559 INFO success: scylla-jmx entered RUNNING state, process has stayed up for > than 1 seconds (startsecs)
2020-09-16T01:42:15.560226444Z  2020-09-16 01:42:15,560 INFO success: rsyslog entered RUNNING state, process has stayed up for > than 1 seconds (startsecs)
2020-09-16T01:42:15.560303349Z  2020-09-16 01:42:15,560 INFO success: node-exporter entered RUNNING state, process has stayed up for > than 1 seconds (startsecs)
2020-09-16T01:42:16.103687536Z  INFO  2020-09-16 01:42:16,102 [shard 0] database - Populating Keyspace system_schema
2020-09-16T01:42:16.103739263Z  INFO  2020-09-16 01:42:16,102 [shard 0] database - Keyspace system_schema: Reading CF computed_columns id=cc7c7069-3740-33c1-92a4-c3de78dbd2c4 version=2b8c4439-de76-31e0-807f-3b7290a975d7
2020-09-16T01:42:16.103750980Z  INFO  2020-09-16 01:42:16,102 [shard 0] database - Keyspace system_schema: Reading CF view_virtual_columns id=08843b63-45dc-3be2-9798-a0418295cfaa version=c777531c-15f7-326f-8ebe-39fd0265c8c9
2020-09-16T01:42:16.103776525Z  INFO  2020-09-16 01:42:16,102 [shard 0] database - Keyspace system_schema: Reading CF dropped_columns id=5e7583b5-f3f4-3af1-9a39-b7e1d6f5f11f version=7426bc6c-4c2f-3200-8ad8-4329610ed59a
2020-09-16T01:42:16.103787754Z  INFO  2020-09-16 01:42:16,102 [shard 0] database - Keyspace system_schema: Reading CF indexes id=0feb57ac-311f-382f-ba6d-9024d305702f version=99c40462-8687-304e-abe3-2bdbef1f25aa
2020-09-16T01:42:16.103797514Z  INFO  2020-09-16 01:42:16,102 [shard 0] database - Keyspace system_schema: Reading CF functions id=96489b79-80be-3e14-a701-66a0b9159450 version=329ed804-55b3-3eee-ad61-d85317b96097
2020-09-16T01:42:16.103807039Z  INFO  2020-09-16 01:42:16,102 [shard 0] database - Keyspace system_schema: Reading CF columns id=24101c25-a2ae-3af7-87c1-b40ee1aca33f version=d33236d4-9bdd-3c09-abf0-a0bc5edc2526
2020-09-16T01:42:16.103816520Z  INFO  2020-09-16 01:42:16,102 [shard 0] database - Keyspace system_schema: Reading CF scylla_tables id=5d912ff1-f759-3665-b2c8-8042ab5103dd version=38e5e56b-155d-39b5-a0d2-8e5dcad42a26
2020-09-16T01:42:16.103826128Z  INFO  2020-09-16 01:42:16,102 [shard 0] database - Keyspace system_schema: Reading CF tables id=afddfb9d-bc1e-3068-8056-eed6c302ba09 version=b6240810-eeb7-36d5-9411-43b2d68dddab
2020-09-16T01:42:16.103835732Z  INFO  2020-09-16 01:42:16,102 [shard 0] database - Keyspace system_schema: Reading CF keyspaces id=abac5682-dea6-31c5-b535-b3d6cffd0fb6 version=e79ca8ba-6556-3f7d-925a-7f20cf57938c
2020-09-16T01:42:16.103845330Z  INFO  2020-09-16 01:42:16,102 [shard 0] database - Keyspace system_schema: Reading CF triggers id=4df70b66-6b05-3251-95a1-32b54005fd48 version=582d7071-1ef0-37c8-adc6-471a13636139
2020-09-16T01:42:16.103856688Z  INFO  2020-09-16 01:42:16,102 [shard 0] database - Keyspace system_schema: Reading CF views id=9786ac1c-dd58-3201-a7cd-ad556410c985 version=5b58bb47-96e7-3f57-accf-0bfca4dbbc6e
2020-09-16T01:42:16.103866967Z  INFO  2020-09-16 01:42:16,102 [shard 0] database - Keyspace system_schema: Reading CF types id=5a8b1ca8-6602-3f77-a045-9273d308917a version=de51b2ce-5e4d-3b7d-a75f-2204332ce8d1
2020-09-16T01:42:16.103876516Z  INFO  2020-09-16 01:42:16,102 [shard 0] database - Keyspace system_schema: Reading CF aggregates id=924c5587-2e3a-345b-b10c-12f37c1ba895 version=4b53e92c-0368-3d5c-b959-2ec1bfd1a59f
2020-09-16T01:42:17.730380473Z  Generating public/private rsa key pair.
2020-09-16T01:42:17.730411506Z  Your identification has been saved in /etc/ssh/ssh_host_rsa_key.
2020-09-16T01:42:17.730422106Z  Your public key has been saved in /etc/ssh/ssh_host_rsa_key.pub.
2020-09-16T01:42:17.730431361Z  The key fingerprint is:
2020-09-16T01:42:17.730440125Z  SHA256:zpDxEbUTAwnVVpA+uIV4LUsTEr86h9UuusCktdHzExM root@8b6e7c724c5e
2020-09-16T01:42:17.730449104Z  The key's randomart image is:
2020-09-16T01:42:17.730457725Z  +---[RSA 4096]----+
2020-09-16T01:42:17.730466363Z  |      o++==+.    |
2020-09-16T01:42:17.730475108Z  |      ..o.++     |
2020-09-16T01:42:17.730483906Z  |      .oEBo      |
2020-09-16T01:42:17.730492439Z  |     ..+B==.     |
2020-09-16T01:42:17.730500999Z  |    + =oS*..     |
2020-09-16T01:42:17.730521968Z  |   = o Xo+       |
2020-09-16T01:42:17.730550920Z  |  . + + B .      |
2020-09-16T01:42:17.730564872Z  |     . + o       |
2020-09-16T01:42:17.730585344Z  |      o.         |
2020-09-16T01:42:17.730594155Z  +----[SHA256]-----+
2020-09-16T01:42:17.746479467Z  Could not load host key: /etc/ssh/ssh_host_ecdsa_key
2020-09-16T01:42:19.931165388Z  INFO  2020-09-16 01:42:19,930 [shard 0] database - Found temporary sstable directory: "/var/lib/scylla/data/system_schema/scylla_tables-5d912ff1f7593665b2c88042ab5103dd/0000000000000322.sstable", removing
2020-09-16T01:42:19.931693608Z  INFO  2020-09-16 01:42:19,931 [shard 0] database - Found temporary sstable directory: "/var/lib/scylla/data/system_schema/tables-afddfb9dbc1e30688056eed6c302ba09/0000000000000334.sstable", removing
2020-09-16T01:42:19.932160410Z  INFO  2020-09-16 01:42:19,931 [shard 0] database - Found temporary sstable directory: "/var/lib/scylla/data/system_schema/keyspaces-abac5682dea631c5b535b3d6cffd0fb6/0000000000000367.sstable", removing
2020-09-16T01:42:19.932824477Z  INFO  2020-09-16 01:42:19,932 [shard 0] database - Found temporary sstable directory: "/var/lib/scylla/data/system_schema/indexes-0feb57ac311f382fba6d9024d305702f/0000000000000347.sstable", removing
2020-09-16T01:42:19.933365230Z  INFO  2020-09-16 01:42:19,933 [shard 0] database - Found temporary sstable directory: "/var/lib/scylla/data/system_schema/tables-afddfb9dbc1e30688056eed6c302ba09/0000000000000331.sstable", removing
2020-09-16T01:42:19.934158973Z  INFO  2020-09-16 01:42:19,933 [shard 0] database - Found temporary sstable directory: "/var/lib/scylla/data/system_schema/views-9786ac1cdd583201a7cdad556410c985/0000000000000270.sstable", removing
2020-09-16T01:42:19.934642018Z  INFO  2020-09-16 01:42:19,934 [shard 0] database - Found temporary sstable directory: "/var/lib/scylla/data/system_schema/types-5a8b1ca866023f77a0459273d308917a/0000000000000271.sstable", removing
2020-09-16T01:42:19.936645805Z  INFO  2020-09-16 01:42:19,936 [shard 0] database - Found temporary sstable directory: "/var/lib/scylla/data/system_schema/aggregates-924c55872e3a345bb10c12f37c1ba895/0000000000000258.sstable", removing
2020-09-16T01:42:20.000707005Z  WARN  2020-09-16 01:42:20,000 [shard 0] sstable - Deleting components of sstable from system_schema.indexes of generation 347 that has a temporary TOC
2020-09-16T01:42:20.001409577Z  WARN  2020-09-16 01:42:20,001 [shard 0] sstable - Deleting components of sstable from system_schema.scylla_tables of generation 322 that has a temporary TOC
2020-09-16T01:42:20.047319526Z  Traceback (most recent call last):
2020-09-16T01:42:20.047370253Z    File "/opt/scylladb/scripts/libexec/scylla-housekeeping", line 208, in <module>
2020-09-16T01:42:20.047386979Z      args.func(args)
2020-09-16T01:42:20.047400954Z    File "/opt/scylladb/scripts/libexec/scylla-housekeeping", line 134, in check_version
2020-09-16T01:42:20.047415094Z      current_version = sanitize_version(get_api('/storage_service/scylla_release_version'))
2020-09-16T01:42:20.047429281Z    File "/opt/scylladb/scripts/libexec/scylla-housekeeping", line 93, in get_api
2020-09-16T01:42:20.047443334Z      return get_json_from_url("http://" + api_address + path)
2020-09-16T01:42:20.047475665Z    File "/opt/scylladb/scripts/libexec/scylla-housekeeping", line 88, in get_json_from_url
2020-09-16T01:42:20.047491844Z      raise RuntimeError(f'Failed to get "{path}" due to the following error: {retval}')
2020-09-16T01:42:20.047519529Z  RuntimeError: Failed to get "http://localhost:10000/storage_service/scylla_release_version" due to the following error: HTTP Error 404: Not Found
2020-09-16T01:42:20.052820158Z  WARN  2020-09-16 01:42:20,051 [shard 0] sstable - Deleting components of sstable from system_schema.keyspaces of generation 367 that has a temporary TOC
2020-09-16T01:42:20.052862145Z  WARN  2020-09-16 01:42:20,051 [shard 0] sstable - Deleting components of sstable from system_schema.types of generation 271 that has a temporary TOC
2020-09-16T01:42:20.052881580Z  WARN  2020-09-16 01:42:20,051 [shard 0] sstable - Deleting components of sstable from system_schema.views of generation 270 that has a temporary TOC
2020-09-16T01:42:20.052898940Z  WARN  2020-09-16 01:42:20,051 [shard 0] sstable - Deleting components of sstable from system_schema.tables of generation 334 that has a temporary TOC
2020-09-16T01:42:20.052916095Z  WARN  2020-09-16 01:42:20,051 [shard 0] sstable - Deleting components of sstable from system_schema.aggregates of generation 258 that has a temporary TOC
2020-09-16T01:42:20.803347125Z  WARN  2020-09-16 01:42:20,802 [shard 0] sstable - Deleting components of sstable from system_schema.types of generation 274 that has a temporary TOC
2020-09-16T01:42:20.949496113Z  WARN  2020-09-16 01:42:20,948 [shard 0] sstable - Deleting components of sstable from system_schema.tables of generation 331 that has a temporary TOC
2020-09-16T01:42:21.181303171Z  INFO  2020-09-16 01:42:21,180 [shard 0] database - Populating Keyspace system
2020-09-16T01:42:21.181352571Z  INFO  2020-09-16 01:42:21,180 [shard 0] database - Keyspace system: Reading CF schema_aggregates id=a5fc57fc-9d6c-3bfd-a3fc-01ad54686fea version=d06c934f-9a69-374c-86f1-523ab26fb05c
2020-09-16T01:42:21.181374362Z  INFO  2020-09-16 01:42:21,180 [shard 0] database - Keyspace system: Reading CF schema_triggers id=0359bc71-7123-3ee1-9a4a-b9dfb11fc125 version=75e4ec4c-76da-3f59-984e-66810ba0c62b
2020-09-16T01:42:21.181393435Z  INFO  2020-09-16 01:42:21,180 [shard 0] database - Keyspace system: Reading CF compaction_history id=b4dbb7b4-dc49-3fb5-b3bf-ce6e434832ca version=25cae56a-8d75-39f3-a146-3756ab4981c7
2020-09-16T01:42:21.182278325Z  INFO  2020-09-16 01:42:21,180 [shard 0] database - Keyspace system: Reading CF compactions_in_progress id=55080ab0-5d9c-3886-90a4-acb25fe1f77b version=540263f1-40db-3869-8a38-3baadedc222d
2020-09-16T01:42:21.182327242Z  INFO  2020-09-16 01:42:21,180 [shard 0] database - Keyspace system: Reading CF range_xfers id=55d76438-4e55-3f8b-9f6e-676d4af3976d version=dd15a078-409b-350d-9bef-c5f3520832d8
2020-09-16T01:42:21.182369213Z  INFO  2020-09-16 01:42:21,180 [shard 0] database - Keyspace system: Reading CF scylla_views_builds_in_progress id=a04c7bfd-1e13-36c9-a44d-f22da352281d version=e3fb736c-6956-3990-a31d-9a482279e3fc
2020-09-16T01:42:21.182390413Z  INFO  2020-09-16 01:42:21,181 [shard 0] database - Keyspace system: Reading CF IndexInfo id=9f5c6374-d485-3229-9a0a-5094af9ad1e3 version=bbb3743b-351f-3023-b4fc-09a9be37d529
2020-09-16T01:42:21.182409131Z  INFO  2020-09-16 01:42:21,181 [shard 0] database - Keyspace system: Reading CF cdc_local id=0bcaffd4-0c83-3ead-ad13-dc1d5015b77c version=0aa4d3a2-ed95-3ecd-aba0-cd75622ad290
2020-09-16T01:42:21.182449101Z  INFO  2020-09-16 01:42:21,181 [shard 0] database - Keyspace system: Reading CF schema_columnfamilies id=45f5b360-24bc-3f83-a363-1034ea4fa697 version=7f7a5fea-07b7-304d-a6f8-f7aec72cabdb
2020-09-16T01:42:21.182469551Z  INFO  2020-09-16 01:42:21,181 [shard 0] database - Keyspace system: Reading CF batchlog id=0290003c-977e-397c-ac3e-fdfdc01d626b version=e2a2e804-49e4-3597-9f16-39fd9475835c
2020-09-16T01:42:21.182488337Z  INFO  2020-09-16 01:42:21,181 [shard 0] database - Keyspace system: Reading CF schema_functions id=d1b675fe-2b50-3ca4-8e49-c0f81989dcad version=a50959dd-2be0-3e4e-8bb5-cf40796e256a
2020-09-16T01:42:21.182506834Z  INFO  2020-09-16 01:42:21,181 [shard 0] database - Keyspace system: Reading CF peer_events id=59dfeaea-8db2-3341-91ef-109974d81484 version=7f874a05-72b8-3c21-9acb-baa164fc351a
2020-09-16T01:42:21.182526297Z  INFO  2020-09-16 01:42:21,181 [shard 0] database - Keyspace system: Reading CF local id=7ad54392-bcdd-35a6-8417-4e047860b377 version=7fa82c2e-5b67-37dd-8e5e-2079e18f1536
2020-09-16T01:42:21.182558528Z  INFO  2020-09-16 01:42:21,181 [shard 0] database - Keyspace system: Reading CF clients id=ca0f635d-8630-3609-8d93-a1fc06f2a5e5 version=51273ebf-e6f9-3cd5-b455-ea09ad29796f
2020-09-16T01:42:21.182579582Z  INFO  2020-09-16 01:42:21,181 [shard 0] database - Keyspace system: Reading CF size_estimates id=618f817b-005f-3678-b8a4-53f3930b8e86 version=6d4dbcff-f05b-3dc3-95ad-f79f7b10504d
2020-09-16T01:42:21.182599085Z  INFO  2020-09-16 01:42:21,181 [shard 0] database - Keyspace system: Reading CF large_partitions id=8a7fe624-96b0-34b1-b90e-f71bddcdd2d3 version=04fa9920-9369-3a96-be39-6dd9fdc816b6
2020-09-16T01:42:21.182617896Z  INFO  2020-09-16 01:42:21,181 [shard 0] database - Keyspace system: Reading CF schema_columns id=296e9c04-9bec-3085-827d-c17d3df2122a version=53cfbb66-ee0d-37be-97bb-b2afb3746f85
2020-09-16T01:42:21.182636416Z  INFO  2020-09-16 01:42:21,181 [shard 0] database - Keyspace system: Reading CF built_views id=4b3c50a9-ea87-3d76-9101-6dbc9c38494a version=a28aa0b3-6def-30a7-9fbe-ce78b3f3c9b9
2020-09-16T01:42:21.183232420Z  INFO  2020-09-16 01:42:21,181 [shard 0] database - Keyspace system: Reading CF peers id=37f71aca-7dc2-383b-a706-72528af04d4f version=f6f6871f-8c86-3eca-ac0b-2a2e848e395d
2020-09-16T01:42:21.183281123Z  INFO  2020-09-16 01:42:21,181 [shard 0] database - Keyspace system: Reading CF hints id=2666e205-73ef-38b3-90fe-fecf96e8f0c7 version=0b74fdd1-e96d-309e-a14e-a5bcd7ac885d
2020-09-16T01:42:21.183301617Z  INFO  2020-09-16 01:42:21,181 [shard 0] database - Keyspace system: Reading CF large_rows id=40550f66-0858-39a0-9430-f27fc08034e9 version=aee3acb0-7926-317b-848e-db7bc3721695
2020-09-16T01:42:21.183320221Z  INFO  2020-09-16 01:42:21,181 [shard 0] database - Keyspace system: Reading CF large_cells id=ead8bbc5-f146-3ae1-9f71-0b11f9a1d296 version=0d4a6937-a781-3f87-a192-b4e4a4a40acf
2020-09-16T01:42:21.183339181Z  INFO  2020-09-16 01:42:21,181 [shard 0] database - Keyspace system: Reading CF scylla_local id=2972ec7f-fb20-38dd-aac1-d876f2e3fcbd version=5f0b407d-eedf-3845-a48e-dbb9673d10e1
2020-09-16T01:42:21.183358084Z  INFO  2020-09-16 01:42:21,181 [shard 0] database - Keyspace system: Reading CF views_builds_in_progress id=b7f2c108-78cd-3c80-9cd5-d609b2bd149c version=b905cce5-1474-3085-819a-7592453e2fb9
2020-09-16T01:42:21.183376344Z  INFO  2020-09-16 01:42:21,182 [shard 0] database - Keyspace system: Reading CF schema_usertypes id=3aa75225-4f82-350b-8d5c-430fa221fa0a version=3c53e6bb-56d5-3618-a0b2-4ff5f18127d7
2020-09-16T01:42:21.183415264Z  INFO  2020-09-16 01:42:21,182 [shard 0] database - Keyspace system: Reading CF sstable_activity id=5a1ff267-ace0-3f12-8563-cfae6103c65e version=bdec57a3-b234-334b-be9c-7b1f33113995
2020-09-16T01:42:21.183436016Z  INFO  2020-09-16 01:42:21,182 [shard 0] database - Keyspace system: Reading CF truncated id=38c19fd0-fb86-3310-a4b7-0d0cc66628aa version=6da9a85c-7ae0-3917-aead-54a2f65a57a8
2020-09-16T01:42:21.183454806Z  INFO  2020-09-16 01:42:21,182 [shard 0] database - Keyspace system: Reading CF paxos id=b7b7f0c2-fd0a-3410-8c05-3ef614bb7c2d version=6dd372de-72fb-3e1b-9b8c-f97738a67fe9
2020-09-16T01:42:21.183473249Z  INFO  2020-09-16 01:42:21,182 [shard 0] database - Keyspace system: Reading CF schema_keyspaces id=b0f22357-4458-3cdb-9631-c43e59ce3676 version=84d28cef-59f9-34a9-9be5-31c684997f03
2020-09-16T01:42:30.138481014Z  INFO  2020-09-16 01:42:30,138 [shard 0] init - starting gossip
2020-09-16T01:42:30.139066590Z  WARN  2020-09-16 01:42:30,138 [shard 0] init - Using default cluster name is not recommended. Using a unique cluster name will reduce the chance of adding nodes to the wrong cluster by mistake
2020-09-16T01:42:30.139761448Z  INFO  2020-09-16 01:42:30,139 [shard 0] init - starting storage proxy
2020-09-16T01:42:30.149891109Z  INFO  2020-09-16 01:42:30,149 [shard 0] init - creating hints manager
2020-09-16T01:42:30.150902670Z  INFO  2020-09-16 01:42:30,150 [shard 1] init - creating hints manager
2020-09-16T01:42:30.150925226Z  INFO  2020-09-16 01:42:30,150 [shard 2] init - creating hints manager
2020-09-16T01:42:30.150936605Z  INFO  2020-09-16 01:42:30,150 [shard 3] init - creating hints manager
2020-09-16T01:42:30.151403337Z  INFO  2020-09-16 01:42:30,151 [shard 0] init - starting migration manager
2020-09-16T01:42:30.151758101Z  INFO  2020-09-16 01:42:30,151 [shard 0] init - starting query processor
2020-09-16T01:42:30.153239124Z  INFO  2020-09-16 01:42:30,152 [shard 0] init - initializing batchlog manager
2020-09-16T01:42:30.157564225Z  INFO  2020-09-16 01:42:30,157 [shard 0] legacy_schema_migrator - Moving 0 keyspaces from legacy schema tables to the new schema keyspace (system_schema)
2020-09-16T01:42:30.157943177Z  INFO  2020-09-16 01:42:30,157 [shard 0] legacy_schema_migrator - Dropping legacy schema tables
2020-09-16T01:42:40.568393363Z  INFO  2020-09-16 01:42:40,567 [shard 0] legacy_schema_migrator - Completed migration of legacy schema tables
2020-09-16T01:42:40.572122105Z  INFO  2020-09-16 01:42:40,571 [shard 0] init - loading system sstables
2020-09-16T01:42:59.022409408Z  INFO  2020-09-16 01:42:59,021 [shard 0] init - loading non-system sstables
2020-09-16T01:43:06.956817481Z  INFO  2020-09-16 01:43:06,955 [shard 0] database - Populating Keyspace dt
2020-09-16T01:43:06.956906485Z  INFO  2020-09-16 01:43:06,956 [shard 0] database - Keyspace dt: Reading CF source_element_idx_index id=68593f10-d77b-11ea-9877-000000000001 version=33e3f927-f730-3081-88e1-6bed2962e42a
2020-09-16T01:43:06.956931623Z  INFO  2020-09-16 01:43:06,956 [shard 0] database - Keyspace dt: Reading CF element_twin_idx_index id=630ae8b0-d77b-11ea-9877-000000000001 version=bc3026fd-bc4e-318d-b6f4-ca0b566cb74b
2020-09-16T01:43:06.957002649Z  INFO  2020-09-16 01:43:06,956 [shard 0] database - Keyspace dt: Reading CF source id=65ff2270-d77b-11ea-9877-000000000001 version=5f8471b7-7d19-31d4-9be5-0f153affb0bb
2020-09-16T01:43:06.957227699Z  INFO  2020-09-16 01:43:06,956 [shard 0] database - Keyspace dt: Reading CF source_data id=6af6cd50-d77b-11ea-9877-000000000001 version=b52400e3-b307-3141-b3fc-e5d63573f135
2020-09-16T01:43:06.957277016Z  INFO  2020-09-16 01:43:06,956 [shard 0] database - Keyspace dt: Reading CF element id=607549b0-d77b-11ea-9877-000000000001 version=f44a6c4b-69d8-37f2-b116-7260740acc6c
2020-09-16T01:43:06.957298893Z  INFO  2020-09-16 01:43:06,956 [shard 0] database - Keyspace dt: Reading CF twin id=5e00c740-d77b-11ea-9877-000000000001 version=6240633e-c8cc-3fea-a1e3-452eff1b9659
2020-09-16T01:43:06.957317467Z  INFO  2020-09-16 01:43:06,956 [shard 0] database - Keyspace dt: Reading CF user id=5c294820-d77b-11ea-9877-000000000001 version=02cce273-02f1-3e6a-8674-f1016e3f22d7
2020-09-16T01:43:06.957335843Z  INFO  2020-09-16 01:43:06,956 [shard 0] database - Populating Keyspace system_distributed
2020-09-16T01:43:06.957444672Z  INFO  2020-09-16 01:43:06,956 [shard 0] database - Keyspace system_distributed: Reading CF view_build_status id=5582b59f-8e4e-35e1-b913-3acada51eb04 version=e0b6e628-60e0-39a2-ada0-9b6c13bdd9bc
2020-09-16T01:43:06.957478045Z  INFO  2020-09-16 01:43:06,956 [shard 0] database - Keyspace system_distributed: Reading CF cdc_generations id=6a4df139-00b6-3d21-9efc-dade266dc3b7 version=2511b46b-df1d-39fa-9a77-f5cacf88af47
2020-09-16T01:43:06.957501482Z  INFO  2020-09-16 01:43:06,956 [shard 0] database - Keyspace system_distributed: Reading CF cdc_streams id=07405732-4620-34d6-a85e-947248dad9a4 version=b606cfa4-a37b-32bd-a624-e05cab2bed3c
2020-09-16T01:43:06.957528412Z  INFO  2020-09-16 01:43:06,956 [shard 0] database - Populating Keyspace system_auth
2020-09-16T01:43:06.957538825Z  INFO  2020-09-16 01:43:06,956 [shard 0] database - Keyspace system_auth: Reading CF roles id=5bc52802-de25-35ed-aeab-188eecebb090 version=d8f599da-7544-3f57-aa58-b229deea93e0
2020-09-16T01:43:06.957717491Z  INFO  2020-09-16 01:43:06,957 [shard 0] database - Keyspace system_auth: Reading CF role_members id=0ecdaa87-f8fb-3e60-88d1-74fb36fe5c0d version=2923b5bb-f2f8-36e8-9e73-19019900010c
2020-09-16T01:43:06.957753705Z  INFO  2020-09-16 01:43:06,957 [shard 0] database - Populating Keyspace system_traces
2020-09-16T01:43:06.957772512Z  INFO  2020-09-16 01:43:06,957 [shard 0] database - Keyspace system_traces: Reading CF sessions id=c5e99f16-8677-3914-b17e-960613512345 version=e0fc4b06-6cba-3b7b-bfb6-b42a77c370a9
2020-09-16T01:43:06.957791722Z  INFO  2020-09-16 01:43:06,957 [shard 0] database - Keyspace system_traces: Reading CF node_slow_log_time_idx id=f9706768-aa1e-3d87-9e5c-51a3927c2870 version=eaffc0bb-7b2c-3b64-8924-d8ba685120bc
2020-09-16T01:43:06.957975511Z  INFO  2020-09-16 01:43:06,957 [shard 0] database - Keyspace system_traces: Reading CF sessions_time_idx id=0ebf001c-c1d1-3693-9a63-c3d96ac53318 version=cd5d1e5f-1f42-3b9d-a8ba-3af39d59a7d5
2020-09-16T01:43:06.958010118Z  INFO  2020-09-16 01:43:06,957 [shard 0] database - Keyspace system_traces: Reading CF events id=8826e8e9-e16a-3728-8753-3bc1fc713c25 version=41a6b26e-a03b-3ae1-8a4a-b9446e7f9304
2020-09-16T01:43:06.958052931Z  INFO  2020-09-16 01:43:06,957 [shard 0] database - Keyspace system_traces: Reading CF node_slow_log id=bfcc4e62-5b63-3aa1-a1c3-6f5e47f3325c version=23e7a411-8414-340f-854d-20a3a637e438
2020-09-16T01:43:13.504949186Z  INFO  2020-09-16 01:43:13,504 [shard 0] init - starting view update generator
2020-09-16T01:43:13.505446901Z  INFO  2020-09-16 01:43:13,505 [shard 0] init - discovering staging sstables
2020-09-16T01:43:13.506182440Z  INFO  2020-09-16 01:43:13,505 [shard 0] init - setting up system keyspace
2020-09-16T01:43:13.522208901Z  INFO  2020-09-16 01:43:13,521 [shard 0] init - starting commit log
2020-09-16T01:43:13.522238514Z  INFO  2020-09-16 01:43:13,521 [shard 0] init - replaying commit log
2020-09-16T01:43:13.524297810Z  INFO  2020-09-16 01:43:13,524 [shard 0] commitlog_replayer - Replaying /var/lib/scylla/commitlog/CommitLog-1-36028797494018982.log, /var/lib/scylla/commitlog/CommitLog-1-475055012.log, /var/lib/scylla/commitlog/CommitLog-1-54043196003500965.log, /var/lib/scylla/commitlog/CommitLog-1-36028797494018981.log, /var/lib/scylla/commitlog/CommitLog-1-54043196003500963.log, /var/lib/scylla/commitlog/CommitLog-1-475055010.log, /var/lib/scylla/commitlog/CommitLog-1-54043196003500964.log, /var/lib/scylla/commitlog/CommitLog-1-18014398984536997.log, /var/lib/scylla/commitlog/CommitLog-1-36028797494018983.log, /var/lib/scylla/commitlog/CommitLog-1-475055011.log, /var/lib/scylla/commitlog/CommitLog-1-18014398984536996.log
2020-09-16T01:43:24.374429715Z  INFO  2020-09-16 01:43:24,369 [shard 0] commitlog_replayer - Log replay complete, 20827 replayed mutations (0 invalid, 0 skipped)
2020-09-16T01:43:24.374471499Z  INFO  2020-09-16 01:43:24,370 [shard 0] init - replaying commit log - flushing memtables
2020-09-16T01:43:40.850711735Z  INFO  2020-09-16 01:43:40,849 [shard 0] init - replaying commit log - removing old commitlog segments
2020-09-16T01:43:40.851070252Z  INFO  2020-09-16 01:43:40,850 [shard 0] compaction - Compacting [/var/lib/scylla/data/system/compaction_history-b4dbb7b4dc493fb5b3bfce6e434832ca/mc-432-big-Data.db:level=0, /var/lib/scylla/data/system/compaction_history-b4dbb7b4dc493fb5b3bfce6e434832ca/mc-428-big-Data.db:level=0, /var/lib/scylla/data/system/compaction_history-b4dbb7b4dc493fb5b3bfce6e434832ca/mc-424-big-Data.db:level=0, ]
2020-09-16T01:43:40.851418942Z  INFO  2020-09-16 01:43:40,851 [shard 2] compaction - Compacting [/var/lib/scylla/data/system/peers-37f71aca7dc2383ba70672528af04d4f/mc-22-big-Data.db:level=0, /var/lib/scylla/data/system/peers-37f71aca7dc2383ba70672528af04d4f/mc-18-big-Data.db:level=0, /var/lib/scylla/data/system/peers-37f71aca7dc2383ba70672528af04d4f/mc-14-big-Data.db:level=0, ]
2020-09-16T01:43:40.851476423Z  INFO  2020-09-16 01:43:40,851 [shard 2] compaction - Compacting [/var/lib/scylla/data/system_schema/dropped_columns-5e7583b5f3f43af19a39b7e1d6f5f11f/mc-378-big-Data.db:level=0, /var/lib/scylla/data/system_schema/dropped_columns-5e7583b5f3f43af19a39b7e1d6f5f11f/mc-370-big-Data.db:level=0, /var/lib/scylla/data/system_schema/dropped_columns-5e7583b5f3f43af19a39b7e1d6f5f11f/mc-374-big-Data.db:level=0, ]
2020-09-16T01:43:40.851491184Z  INFO  2020-09-16 01:43:40,851 [shard 1] compaction - Compacting [/var/lib/scylla/data/system/compaction_history-b4dbb7b4dc493fb5b3bfce6e434832ca/mc-445-big-Data.db:level=0, /var/lib/scylla/data/system/compaction_history-b4dbb7b4dc493fb5b3bfce6e434832ca/mc-441-big-Data.db:level=0, /var/lib/scylla/data/system/compaction_history-b4dbb7b4dc493fb5b3bfce6e434832ca/mc-437-big-Data.db:level=0, ]
2020-09-16T01:43:40.851955008Z  INFO  2020-09-16 01:43:40,851 [shard 2] compaction - Compacting [/var/lib/scylla/data/system/compaction_history-b4dbb7b4dc493fb5b3bfce6e434832ca/mc-446-big-Data.db:level=0, /var/lib/scylla/data/system/compaction_history-b4dbb7b4dc493fb5b3bfce6e434832ca/mc-442-big-Data.db:level=0, /var/lib/scylla/data/system/compaction_history-b4dbb7b4dc493fb5b3bfce6e434832ca/mc-438-big-Data.db:level=0, ]
2020-09-16T01:43:40.851976430Z  INFO  2020-09-16 01:43:40,851 [shard 2] compaction - Compacting [/var/lib/scylla/data/system_schema/keyspaces-abac5682dea631c5b535b3d6cffd0fb6/mc-370-big-Data.db:level=0, /var/lib/scylla/data/system_schema/keyspaces-abac5682dea631c5b535b3d6cffd0fb6/mc-374-big-Data.db:level=0, /var/lib/scylla/data/system_schema/keyspaces-abac5682dea631c5b535b3d6cffd0fb6/mc-366-big-Data.db:level=0, ]
2020-09-16T01:43:40.851988814Z  INFO  2020-09-16 01:43:40,851 [shard 1] compaction - Compacting [/var/lib/scylla/data/system/local-7ad54392bcdd35a684174e047860b377/mc-1757-big-Data.db:level=0, /var/lib/scylla/data/system/local-7ad54392bcdd35a684174e047860b377/mc-1761-big-Data.db:level=0, /var/lib/scylla/data/system/local-7ad54392bcdd35a684174e047860b377/mc-1765-big-Data.db:level=0, /var/lib/scylla/data/system/local-7ad54392bcdd35a684174e047860b377/mc-1753-big-Data.db:level=0, ]
2020-09-16T01:43:40.852000307Z  INFO  2020-09-16 01:43:40,851 [shard 2] compaction - Compacting [/var/lib/scylla/data/system_schema/types-5a8b1ca866023f77a0459273d308917a/mc-274-big-Data.db:level=0, /var/lib/scylla/data/system_schema/types-5a8b1ca866023f77a0459273d308917a/mc-270-big-Data.db:level=0, ]
2020-09-16T01:43:40.852010977Z  INFO  2020-09-16 01:43:40,851 [shard 2] compaction - Compacting [/var/lib/scylla/data/system_schema/tables-afddfb9dbc1e30688056eed6c302ba09/mc-334-big-Data.db:level=0, /var/lib/scylla/data/system_schema/tables-afddfb9dbc1e30688056eed6c302ba09/mc-330-big-Data.db:level=0, ]
2020-09-16T01:43:40.852347675Z  INFO  2020-09-16 01:43:40,851 [shard 2] compaction - Compacting [/var/lib/scylla/data/system_schema/scylla_tables-5d912ff1f7593665b2c88042ab5103dd/mc-322-big-Data.db:level=0, /var/lib/scylla/data/system_schema/scylla_tables-5d912ff1f7593665b2c88042ab5103dd/mc-318-big-Data.db:level=0, ]
2020-09-16T01:43:40.852897470Z  INFO  2020-09-16 01:43:40,852 [shard 3] compaction - Compacting [/var/lib/scylla/data/system_schema/dropped_columns-5e7583b5f3f43af19a39b7e1d6f5f11f/mc-375-big-Data.db:level=0, /var/lib/scylla/data/system_schema/dropped_columns-5e7583b5f3f43af19a39b7e1d6f5f11f/mc-379-big-Data.db:level=0, /var/lib/scylla/data/system_schema/dropped_columns-5e7583b5f3f43af19a39b7e1d6f5f11f/mc-371-big-Data.db:level=0, ]
2020-09-16T01:43:40.853425554Z  INFO  2020-09-16 01:43:40,852 [shard 3] compaction - Compacting [/var/lib/scylla/data/system/clients-ca0f635d863036098d93a1fc06f2a5e5/mc-127-big-Data.db:level=0, /var/lib/scylla/data/system/clients-ca0f635d863036098d93a1fc06f2a5e5/mc-95-big-Data.db:level=0, /var/lib/scylla/data/system/clients-ca0f635d863036098d93a1fc06f2a5e5/mc-123-big-Data.db:level=0, /var/lib/scylla/data/system/clients-ca0f635d863036098d93a1fc06f2a5e5/mc-163-big-Data.db:level=0, /var/lib/scylla/data/system/clients-ca0f635d863036098d93a1fc06f2a5e5/mc-151-big-Data.db:level=0, /var/lib/scylla/data/system/clients-ca0f635d863036098d93a1fc06f2a5e5/mc-119-big-Data.db:level=0, /var/lib/scylla/data/system/clients-ca0f635d863036098d93a1fc06f2a5e5/mc-131-big-Data.db:level=0, /var/lib/scylla/data/system/clients-ca0f635d863036098d93a1fc06f2a5e5/mc-147-big-Data.db:level=0, /var/lib/scylla/data/system/clients-ca0f635d863036098d93a1fc06f2a5e5/mc-115-big-Data.db:level=0, /var/lib/scylla/data/system/clients-ca0f635d863036098d93a1fc06f2a5e5/mc-111-big-Data.db:level=0, /var/lib/scylla/data/system/clients-ca0f635d863036098d93a1fc06f2a5e5/mc-143-big-Data.db:level=0, /var/lib/scylla/data/system/clients-ca0f635d863036098d93a1fc06f2a5e5/mc-155-big-Data.db:level=0, /var/lib/scylla/data/system/clients-ca0f635d863036098d93a1fc06f2a5e5/mc-159-big-Data.db:level=0, /var/lib/scylla/data/system/clients-ca0f635d863036098d93a1fc06f2a5e5/mc-99-big-Data.db:level=0, /var/lib/scylla/data/system/clients-ca0f635d863036098d93a1fc06f2a5e5/mc-103-big-Data.db:level=0, /var/lib/scylla/data/system/clients-ca0f635d863036098d93a1fc06f2a5e5/mc-139-big-Data.db:level=0, /var/lib/scylla/data/system/clients-ca0f635d863036098d93a1fc06f2a5e5/mc-135-big-Data.db:level=0, /var/lib/scylla/data/system/clients-ca0f635d863036098d93a1fc06f2a5e5/mc-107-big-Data.db:level=0, ]
2020-09-16T01:43:40.853926072Z  INFO  2020-09-16 01:43:40,853 [shard 0] compaction - Compacting [/var/lib/scylla/data/system/truncated-38c19fd0fb863310a4b70d0cc66628aa/mc-808-big-Data.db:level=0, /var/lib/scylla/data/system/truncated-38c19fd0fb863310a4b70d0cc66628aa/mc-812-big-Data.db:level=0, /var/lib/scylla/data/system/truncated-38c19fd0fb863310a4b70d0cc66628aa/mc-804-big-Data.db:level=0, ]
2020-09-16T01:43:40.854407393Z  INFO  2020-09-16 01:43:40,854 [shard 3] compaction - Compacting [/var/lib/scylla/data/system_schema/functions-96489b7980be3e14a70166a0b9159450/mc-315-big-Data.db:level=0, /var/lib/scylla/data/system_schema/functions-96489b7980be3e14a70166a0b9159450/mc-307-big-Data.db:level=0, /var/lib/scylla/data/system_schema/functions-96489b7980be3e14a70166a0b9159450/mc-311-big-Data.db:level=0, ]
2020-09-16T01:43:40.855013160Z  INFO  2020-09-16 01:43:40,854 [shard 3] compaction - Compacting [/var/lib/scylla/data/system/compaction_history-b4dbb7b4dc493fb5b3bfce6e434832ca/mc-447-big-Data.db:level=0, /var/lib/scylla/data/system/compaction_history-b4dbb7b4dc493fb5b3bfce6e434832ca/mc-443-big-Data.db:level=0, /var/lib/scylla/data/system/compaction_history-b4dbb7b4dc493fb5b3bfce6e434832ca/mc-439-big-Data.db:level=0, ]
2020-09-16T01:43:40.855090371Z  INFO  2020-09-16 01:43:40,854 [shard 3] compaction - Compacting [/var/lib/scylla/data/system_schema/indexes-0feb57ac311f382fba6d9024d305702f/mc-347-big-Data.db:level=0, /var/lib/scylla/data/system_schema/indexes-0feb57ac311f382fba6d9024d305702f/mc-343-big-Data.db:level=0, ]
2020-09-16T01:43:40.855708572Z  INFO  2020-09-16 01:43:40,854 [shard 3] compaction - Compacting [/var/lib/scylla/data/system_schema/scylla_tables-5d912ff1f7593665b2c88042ab5103dd/mc-323-big-Data.db:level=0, /var/lib/scylla/data/system_schema/scylla_tables-5d912ff1f7593665b2c88042ab5103dd/mc-319-big-Data.db:level=0, ]
2020-09-16T01:43:40.855736071Z  INFO  2020-09-16 01:43:40,854 [shard 3] compaction - Compacting [/var/lib/scylla/data/dt/source_data-6af6cd50d77b11ea9877000000000001/mc-327-big-Data.db:level=0, /var/lib/scylla/data/dt/source_data-6af6cd50d77b11ea9877000000000001/mc-323-big-Data.db:level=0, /var/lib/scylla/data/dt/source_data-6af6cd50d77b11ea9877000000000001/mc-319-big-Data.db:level=0, ]
2020-09-16T01:43:40.858883295Z  INFO  2020-09-16 01:43:40,858 [shard 0] init - initializing migration manager RPC verbs
2020-09-16T01:43:40.859858061Z  INFO  2020-09-16 01:43:40,859 [shard 0] init - initializing storage proxy RPC verbs
2020-09-16T01:43:40.860863340Z  INFO  2020-09-16 01:43:40,860 [shard 0] init - starting streaming service
2020-09-16T01:43:40.863852830Z  INFO  2020-09-16 01:43:40,863 [shard 0] init - starting hinted handoff manager
2020-09-16T01:43:41.753890533Z  WARN  2020-09-16 01:43:41,753 [shard 3] large_data - Writing a partition with too many rows [dt/source_data:d0a71d84-b80f-4558-beac-8887750652e3] (107841 rows)
2020-09-16T01:43:42.088281259Z  INFO  2020-09-16 01:43:42,087 [shard 0] init - starting messaging service
2020-09-16T01:43:42.089550018Z  INFO  2020-09-16 01:43:42,089 [shard 0] repair - Setting max_repair_memory=168820736, max_repair_memory_per_range=33554432, max_repair_ranges_in_parallel=5
2020-09-16T01:43:42.090568319Z  INFO  2020-09-16 01:43:42,089 [shard 0] init - starting storage service
2020-09-16T01:43:42.093199066Z  INFO  2020-09-16 01:43:42,092 [shard 0] storage_service - Loading persisted ring state
2020-09-16T01:43:42.098002438Z  INFO  2020-09-16 01:43:42,097 [shard 0] storage_service - loaded_peer_features: peer_features size=0
2020-09-16T01:43:42.098046033Z  INFO  2020-09-16 01:43:42,097 [shard 0] storage_service - Checking remote features skipped, since this node is a new seed node which knows nothing about the cluster
2020-09-16T01:43:42.100406155Z  INFO  2020-09-16 01:43:42,099 [shard 0] storage_service - Restarting a node in NORMAL status
2020-09-16T01:43:42.140012991Z  INFO  2020-09-16 01:43:42,139 [shard 0] database - Schema version changed to 3f00f995-6495-3765-8599-4e76a2f4c6b2
2020-09-16T01:43:42.140488716Z  INFO  2020-09-16 01:43:42,139 [shard 0] storage_service - Starting up server gossip
2020-09-16T01:43:42.434196581Z  INFO  2020-09-16 01:43:42,433 [shard 2] compaction - Compacted 3 sstables to []. 16431 bytes to 0 (~0% of original) in 0ms = 0.00MB/s. ~384 total partitions merged to 0.
2020-09-16T01:43:43.097874765Z  INFO  2020-09-16 01:43:43,097 [shard 3] compaction - Compacted 18 sstables to []. 275482 bytes to 0 (~0% of original) in 29ms = 0.00MB/s. ~2304 total partitions merged to 0.
2020-09-16T01:43:43.295572820Z  INFO  2020-09-16 01:43:43,294 [shard 0] compaction - Compacted 3 sstables to [/var/lib/scylla/data/system/truncated-38c19fd0fb863310a4b70d0cc66628aa/mc-816-big-Data.db:level=0, ]. 158419 bytes to 76908 (~48% of original) in 1801ms = 0.04MB/s. ~384 total partitions merged to 2.
2020-09-16T01:43:43.295631686Z  INFO  2020-09-16 01:43:43,294 [shard 0] compaction - Compacted 3 sstables to [/var/lib/scylla/data/system/compaction_history-b4dbb7b4dc493fb5b3bfce6e434832ca/mc-436-big-Data.db:level=0, ]. 250083 bytes to 110719 (~44% of original) in 1803ms = 0.06MB/s. ~512 total partitions merged to 201.
2020-09-16T01:43:43.428415210Z  INFO  2020-09-16 01:43:43,427 [shard 2] compaction - Compacting [/var/lib/scylla/data/system_schema/view_virtual_columns-08843b6345dc3be29798a0418295cfaa/mc-322-big-Data.db:level=0, /var/lib/scylla/data/system_schema/view_virtual_columns-08843b6345dc3be29798a0418295cfaa/mc-318-big-Data.db:level=0, /var/lib/scylla/data/system_schema/view_virtual_columns-08843b6345dc3be29798a0418295cfaa/mc-314-big-Data.db:level=0, ]
2020-09-16T01:43:43.428886179Z  INFO  2020-09-16 01:43:43,428 [shard 2] compaction - Compacting [/var/lib/scylla/data/system_schema/views-9786ac1cdd583201a7cdad556410c985/mc-270-big-Data.db:level=0, /var/lib/scylla/data/system_schema/views-9786ac1cdd583201a7cdad556410c985/mc-266-big-Data.db:level=0, ]
2020-09-16T01:43:43.429588879Z  INFO  2020-09-16 01:43:43,429 [shard 2] compaction - Compacting [/var/lib/scylla/data/system/truncated-38c19fd0fb863310a4b70d0cc66628aa/mc-658-big-Data.db:level=0, /var/lib/scylla/data/system/truncated-38c19fd0fb863310a4b70d0cc66628aa/mc-654-big-Data.db:level=0, /var/lib/scylla/data/system/truncated-38c19fd0fb863310a4b70d0cc66628aa/mc-650-big-Data.db:level=0, ]
2020-09-16T01:43:43.430235494Z  INFO  2020-09-16 01:43:43,429 [shard 2] compaction - Compacting [/var/lib/scylla/data/system_schema/columns-24101c25a2ae3af787c1b40ee1aca33f/mc-378-big-Data.db:level=0, /var/lib/scylla/data/system_schema/columns-24101c25a2ae3af787c1b40ee1aca33f/mc-382-big-Data.db:level=0, /var/lib/scylla/data/system_schema/columns-24101c25a2ae3af787c1b40ee1aca33f/mc-374-big-Data.db:level=0, ]
2020-09-16T01:43:43.763946737Z  INFO  2020-09-16 01:43:43,763 [shard 1] compaction - Compacted 4 sstables to [/var/lib/scylla/data/system/local-7ad54392bcdd35a684174e047860b377/mc-1769-big-Data.db:level=0, ]. 31143 bytes to 12597 (~40% of original) in 1918ms = 0.01MB/s. ~512 total partitions merged to 1.
2020-09-16T01:43:43.806317798Z  INFO  2020-09-16 01:43:43,805 [shard 1] compaction - Compacted 3 sstables to [/var/lib/scylla/data/system/compaction_history-b4dbb7b4dc493fb5b3bfce6e434832ca/mc-449-big-Data.db:level=0, ]. 282415 bytes to 115319 (~40% of original) in 1919ms = 0.06MB/s. ~512 total partitions merged to 229.
2020-09-16T01:43:43.910484082Z  INFO  2020-09-16 01:43:43,910 [shard 3] compaction - Compacting [/var/lib/scylla/data/system_schema/view_virtual_columns-08843b6345dc3be29798a0418295cfaa/mc-323-big-Data.db:level=0, /var/lib/scylla/data/system_schema/view_virtual_columns-08843b6345dc3be29798a0418295cfaa/mc-319-big-Data.db:level=0, /var/lib/scylla/data/system_schema/view_virtual_columns-08843b6345dc3be29798a0418295cfaa/mc-315-big-Data.db:level=0, ]
2020-09-16T01:43:43.911877651Z  INFO  2020-09-16 01:43:43,911 [shard 3] compaction - Compacting [/var/lib/scylla/data/system_schema/triggers-4df70b666b05325195a132b54005fd48/mc-311-big-Data.db:level=0, /var/lib/scylla/data/system_schema/triggers-4df70b666b05325195a132b54005fd48/mc-307-big-Data.db:level=0, /var/lib/scylla/data/system_schema/triggers-4df70b666b05325195a132b54005fd48/mc-303-big-Data.db:level=0, ]
2020-09-16T01:43:43.912426587Z  INFO  2020-09-16 01:43:43,912 [shard 3] compaction - Compacting [/var/lib/scylla/data/system_schema/computed_columns-cc7c7069374033c192a4c3de78dbd2c4/mc-319-big-Data.db:level=0, /var/lib/scylla/data/system_schema/computed_columns-cc7c7069374033c192a4c3de78dbd2c4/mc-315-big-Data.db:level=0, ]
2020-09-16T01:43:43.913173213Z  INFO  2020-09-16 01:43:43,912 [shard 3] compaction - Compacting [/var/lib/scylla/data/system_schema/columns-24101c25a2ae3af787c1b40ee1aca33f/mc-379-big-Data.db:level=0, /var/lib/scylla/data/system_schema/columns-24101c25a2ae3af787c1b40ee1aca33f/mc-383-big-Data.db:level=0, /var/lib/scylla/data/system_schema/columns-24101c25a2ae3af787c1b40ee1aca33f/mc-375-big-Data.db:level=0, ]
2020-09-16T01:43:43.939764430Z  INFO  2020-09-16 01:43:43,939 [shard 1] compaction - Compacting [/var/lib/scylla/data/system/local-7ad54392bcdd35a684174e047860b377/mc-1773-big-Data.db:level=0, /var/lib/scylla/data/system/local-7ad54392bcdd35a684174e047860b377/mc-1769-big-Data.db:level=0, ]
2020-09-16T01:43:43.940247663Z  INFO  2020-09-16 01:43:43,939 [shard 0] messaging_service - Starting Messaging Service on port 7000
2020-09-16T01:43:44.986010600Z  INFO  2020-09-16 01:43:44,985 [shard 2] compaction - Compacted 3 sstables to [/var/lib/scylla/data/system_schema/dropped_columns-5e7583b5f3f43af19a39b7e1d6f5f11f/mc-382-big-Data.db:level=0, ]. 15984 bytes to 5643 (~35% of original) in 2576ms = 0.00MB/s. ~384 total partitions merged to 1.
2020-09-16T01:43:45.028862031Z  INFO  2020-09-16 01:43:45,027 [shard 1] compaction - Compacted 2 sstables to [/var/lib/scylla/data/system/local-7ad54392bcdd35a684174e047860b377/mc-1777-big-Data.db:level=0, ]. 18689 bytes to 12275 (~65% of original) in 716ms = 0.02MB/s. ~256 total partitions merged to 1.
2020-09-16T01:43:45.209579111Z  INFO  2020-09-16 01:43:45,208 [shard 2] compaction - Compacted 2 sstables to [/var/lib/scylla/data/system_schema/types-5a8b1ca866023f77a0459273d308917a/mc-278-big-Data.db:level=0, ]. 10917 bytes to 5615 (~51% of original) in 2576ms = 0.00MB/s. ~256 total partitions merged to 1.
2020-09-16T01:43:45.210347750Z  INFO  2020-09-16 01:43:45,209 [shard 2] compaction - Compacted 2 sstables to [/var/lib/scylla/data/system_schema/tables-afddfb9dbc1e30688056eed6c302ba09/mc-338-big-Data.db:level=0, ]. 67710 bytes to 59784 (~88% of original) in 2576ms = 0.02MB/s. ~256 total partitions merged to 2.
2020-09-16T01:43:45.210735614Z  INFO  2020-09-16 01:43:45,210 [shard 2] compaction - Compacted 2 sstables to [/var/lib/scylla/data/system_schema/scylla_tables-5d912ff1f7593665b2c88042ab5103dd/mc-326-big-Data.db:level=0, ]. 11945 bytes to 6130 (~51% of original) in 2578ms = 0.00MB/s. ~256 total partitions merged to 1.
2020-09-16T01:43:45.210775231Z  INFO  2020-09-16 01:43:45,210 [shard 2] compaction - Compacted 3 sstables to [/var/lib/scylla/data/system_schema/keyspaces-abac5682dea631c5b535b3d6cffd0fb6/mc-378-big-Data.db:level=0, ]. 67315 bytes to 56727 (~84% of original) in 2578ms = 0.02MB/s. ~384 total partitions merged to 2.
2020-09-16T01:43:45.280139217Z  INFO  2020-09-16 01:43:45,279 [shard 2] compaction - Compacted 3 sstables to [/var/lib/scylla/data/system/compaction_history-b4dbb7b4dc493fb5b3bfce6e434832ca/mc-450-big-Data.db:level=0, ]. 225992 bytes to 114598 (~50% of original) in 2578ms = 0.04MB/s. ~512 total partitions merged to 225.
2020-09-16T01:43:45.333784451Z  INFO  2020-09-16 01:43:45,333 [shard 3] compaction - Compacted 3 sstables to [/var/lib/scylla/data/system_schema/dropped_columns-5e7583b5f3f43af19a39b7e1d6f5f11f/mc-383-big-Data.db:level=0, ]. 16417 bytes to 5790 (~35% of original) in 3057ms = 0.00MB/s. ~384 total partitions merged to 1.
2020-09-16T01:43:45.336967107Z  INFO  2020-09-16 01:43:45,336 [shard 3] compaction - Compacted 3 sstables to [/var/lib/scylla/data/system_schema/functions-96489b7980be3e14a70166a0b9159450/mc-319-big-Data.db:level=0, ]. 16888 bytes to 5943 (~35% of original) in 3057ms = 0.00MB/s. ~384 total partitions merged to 1.
2020-09-16T01:43:45.337020434Z  INFO  2020-09-16 01:43:45,336 [shard 3] compaction - Compacted 2 sstables to [/var/lib/scylla/data/system_schema/scylla_tables-5d912ff1f7593665b2c88042ab5103dd/mc-327-big-Data.db:level=0, ]. 12572 bytes to 6443 (~51% of original) in 3057ms = 0.00MB/s. ~256 total partitions merged to 1.
2020-09-16T01:43:45.337041487Z  INFO  2020-09-16 01:43:45,336 [shard 3] compaction - Compacted 3 sstables to [/var/lib/scylla/data/dt/source_data-6af6cd50d77b11ea9877000000000001/mc-331-big-Data.db:level=0, ]. 8724947 bytes to 8674124 (~99% of original) in 3058ms = 2.71MB/s. ~384 total partitions merged to 1.
2020-09-16T01:43:45.337301773Z  INFO  2020-09-16 01:43:45,336 [shard 3] compaction - Compacted 2 sstables to [/var/lib/scylla/data/system_schema/indexes-0feb57ac311f382fba6d9024d305702f/mc-351-big-Data.db:level=0, ]. 17881 bytes to 12629 (~70% of original) in 3057ms = 0.00MB/s. ~256 total partitions merged to 2.
2020-09-16T01:43:45.337327288Z  INFO  2020-09-16 01:43:45,336 [shard 3] compaction - Compacted 3 sstables to [/var/lib/scylla/data/system/compaction_history-b4dbb7b4dc493fb5b3bfce6e434832ca/mc-451-big-Data.db:level=0, ]. 158210 bytes to 107818 (~68% of original) in 3058ms = 0.03MB/s. ~512 total partitions merged to 169.
2020-09-16T01:43:46.130275729Z  INFO  2020-09-16 01:43:46,129 [shard 3] compaction - Compacting [/var/lib/scylla/data/system/large_cells-ead8bbc5f1463ae19f710b11f9a1d296/mc-39-big-Data.db:level=0, /var/lib/scylla/data/system/large_cells-ead8bbc5f1463ae19f710b11f9a1d296/mc-35-big-Data.db:level=0, ]
2020-09-16T01:43:46.130681547Z  INFO  2020-09-16 01:43:46,129 [shard 3] compaction - Compacting [/var/lib/scylla/data/system_schema/keyspaces-abac5682dea631c5b535b3d6cffd0fb6/mc-367-big-Data.db:level=0, /var/lib/scylla/data/system_schema/keyspaces-abac5682dea631c5b535b3d6cffd0fb6/mc-363-big-Data.db:level=0, ]
2020-09-16T01:43:46.130707013Z  INFO  2020-09-16 01:43:46,130 [shard 3] compaction - Compacting [/var/lib/scylla/data/system_schema/types-5a8b1ca866023f77a0459273d308917a/mc-271-big-Data.db:level=0, /var/lib/scylla/data/system_schema/types-5a8b1ca866023f77a0459273d308917a/mc-267-big-Data.db:level=0, ]
2020-09-16T01:43:46.131282971Z  INFO  2020-09-16 01:43:46,131 [shard 3] compaction - Compacting [/var/lib/scylla/data/system_schema/tables-afddfb9dbc1e30688056eed6c302ba09/mc-331-big-Data.db:level=0, /var/lib/scylla/data/system_schema/tables-afddfb9dbc1e30688056eed6c302ba09/mc-327-big-Data.db:level=0, ]
2020-09-16T01:43:46.383844566Z  INFO  2020-09-16 01:43:46,383 [shard 2] compaction - Compacting [/var/lib/scylla/data/system_schema/aggregates-924c55872e3a345bb10c12f37c1ba895/mc-258-big-Data.db:level=0, /var/lib/scylla/data/system_schema/aggregates-924c55872e3a345bb10c12f37c1ba895/mc-254-big-Data.db:level=0, ]
2020-09-16T01:43:46.384701506Z  INFO  2020-09-16 01:43:46,384 [shard 2] compaction - Compacting [/var/lib/scylla/data/system_schema/functions-96489b7980be3e14a70166a0b9159450/mc-310-big-Data.db:level=0, /var/lib/scylla/data/system_schema/functions-96489b7980be3e14a70166a0b9159450/mc-306-big-Data.db:level=0, /var/lib/scylla/data/system_schema/functions-96489b7980be3e14a70166a0b9159450/mc-302-big-Data.db:level=0, ]
2020-09-16T01:43:46.869710781Z  INFO  2020-09-16 01:43:46,869 [shard 3] compaction - Compacted 2 sstables to []. 11370 bytes to 0 (~0% of original) in 0ms = 0.00MB/s. ~256 total partitions merged to 0.
2020-09-16T01:43:46.902814366Z  INFO  2020-09-16 01:43:46,902 [shard 3] compaction - Compacted 2 sstables to [/var/lib/scylla/data/system_schema/computed_columns-cc7c7069374033c192a4c3de78dbd2c4/mc-323-big-Data.db:level=0, ]. 17542 bytes to 12459 (~71% of original) in 2217ms = 0.01MB/s. ~256 total partitions merged to 2.
2020-09-16T01:43:46.902841177Z  INFO  2020-09-16 01:43:46,902 [shard 3] compaction - Compacted 3 sstables to [/var/lib/scylla/data/system_schema/view_virtual_columns-08843b6345dc3be29798a0418295cfaa/mc-327-big-Data.db:level=0, ]. 23508 bytes to 12927 (~54% of original) in 2219ms = 0.01MB/s. ~384 total partitions merged to 2.
2020-09-16T01:43:46.904401557Z  INFO  2020-09-16 01:43:46,904 [shard 3] compaction - Compacted 3 sstables to [/var/lib/scylla/data/system_schema/triggers-4df70b666b05325195a132b54005fd48/mc-315-big-Data.db:level=0, ]. 16090 bytes to 5677 (~35% of original) in 2218ms = 0.00MB/s. ~384 total partitions merged to 1.
2020-09-16T01:43:46.904773484Z  INFO  2020-09-16 01:43:46,904 [shard 3] compaction - Compacted 3 sstables to [/var/lib/scylla/data/system_schema/columns-24101c25a2ae3af787c1b40ee1aca33f/mc-387-big-Data.db:level=0, ]. 76170 bytes to 57505 (~75% of original) in 2218ms = 0.02MB/s. ~384 total partitions merged to 4.
2020-09-16T01:43:47.289709725Z  INFO  2020-09-16 01:43:47,288 [shard 2] compaction - Compacted 2 sstables to [/var/lib/scylla/data/system_schema/views-9786ac1cdd583201a7cdad556410c985/mc-274-big-Data.db:level=0, ]. 13699 bytes to 7006 (~51% of original) in 2955ms = 0.00MB/s. ~256 total partitions merged to 1.
2020-09-16T01:43:47.289775623Z  INFO  2020-09-16 01:43:47,289 [shard 2] compaction - Compacted 3 sstables to [/var/lib/scylla/data/system_schema/view_virtual_columns-08843b6345dc3be29798a0418295cfaa/mc-326-big-Data.db:level=0, ]. 16452 bytes to 5799 (~35% of original) in 2956ms = 0.00MB/s. ~384 total partitions merged to 1.
2020-09-16T01:43:47.290948060Z  INFO  2020-09-16 01:43:47,290 [shard 2] compaction - Compacted 3 sstables to [/var/lib/scylla/data/system/truncated-38c19fd0fb863310a4b70d0cc66628aa/mc-662-big-Data.db:level=0, ]. 167625 bytes to 56247 (~33% of original) in 2956ms = 0.02MB/s. ~384 total partitions merged to 4.
2020-09-16T01:43:47.381252400Z  INFO  2020-09-16 01:43:47,380 [shard 2] compaction - Compacted 3 sstables to [/var/lib/scylla/data/system_schema/columns-24101c25a2ae3af787c1b40ee1aca33f/mc-386-big-Data.db:level=0, ]. 78680 bytes to 61694 (~78% of original) in 2956ms = 0.02MB/s. ~384 total partitions merged to 2.
2020-09-16T01:43:47.538741957Z  INFO  2020-09-16 01:43:47,538 [shard 3] compaction - Compacting [/var/lib/scylla/data/system_schema/aggregates-924c55872e3a345bb10c12f37c1ba895/mc-255-big-Data.db:level=0, /var/lib/scylla/data/system_schema/aggregates-924c55872e3a345bb10c12f37c1ba895/mc-251-big-Data.db:level=0, ]
2020-09-16T01:43:47.539036547Z  INFO  2020-09-16 01:43:47,538 [shard 3] compaction - Compacting [/var/lib/scylla/data/system_schema/views-9786ac1cdd583201a7cdad556410c985/mc-267-big-Data.db:level=0, /var/lib/scylla/data/system_schema/views-9786ac1cdd583201a7cdad556410c985/mc-263-big-Data.db:level=0, ]
2020-09-16T01:43:47.799536023Z  INFO  2020-09-16 01:43:47,799 [shard 2] compaction - Compacting [/var/lib/scylla/data/system_schema/triggers-4df70b666b05325195a132b54005fd48/mc-302-big-Data.db:level=0, /var/lib/scylla/data/system_schema/triggers-4df70b666b05325195a132b54005fd48/mc-310-big-Data.db:level=0, /var/lib/scylla/data/system_schema/triggers-4df70b666b05325195a132b54005fd48/mc-306-big-Data.db:level=0, ]
2020-09-16T01:43:47.800128470Z  INFO  2020-09-16 01:43:47,799 [shard 2] compaction - Compacting [/var/lib/scylla/data/system_schema/computed_columns-cc7c7069374033c192a4c3de78dbd2c4/mc-318-big-Data.db:level=0, /var/lib/scylla/data/system_schema/computed_columns-cc7c7069374033c192a4c3de78dbd2c4/mc-314-big-Data.db:level=0, ]
2020-09-16T01:43:48.189694191Z  INFO  2020-09-16 01:43:48,188 [shard 3] compaction - Compacted 2 sstables to [/var/lib/scylla/data/system_schema/tables-afddfb9dbc1e30688056eed6c302ba09/mc-335-big-Data.db:level=0, ]. 65494 bytes to 56355 (~86% of original) in 1406ms = 0.04MB/s. ~256 total partitions merged to 4.
2020-09-16T01:43:48.190486084Z  INFO  2020-09-16 01:43:48,189 [shard 3] compaction - Compacted 2 sstables to [/var/lib/scylla/data/system_schema/types-5a8b1ca866023f77a0459273d308917a/mc-275-big-Data.db:level=0, ]. 10846 bytes to 5578 (~51% of original) in 1407ms = 0.00MB/s. ~256 total partitions merged to 1.
2020-09-16T01:43:48.236327392Z  INFO  2020-09-16 01:43:48,235 [shard 3] compaction - Compacted 2 sstables to [/var/lib/scylla/data/system_schema/keyspaces-abac5682dea631c5b535b3d6cffd0fb6/mc-371-big-Data.db:level=0, ]. 56614 bytes to 51192 (~90% of original) in 1408ms = 0.03MB/s. ~256 total partitions merged to 4.
2020-09-16T01:43:48.537712894Z  INFO  2020-09-16 01:43:48,537 [shard 2] compaction - Compacted 3 sstables to [/var/lib/scylla/data/system_schema/functions-96489b7980be3e14a70166a0b9159450/mc-314-big-Data.db:level=0, ]. 16995 bytes to 5980 (~35% of original) in 1414ms = 0.00MB/s. ~384 total partitions merged to 1.
2020-09-16T01:43:48.537746660Z  INFO  2020-09-16 01:43:48,537 [shard 2] compaction - Compacted 2 sstables to [/var/lib/scylla/data/system_schema/aggregates-924c55872e3a345bb10c12f37c1ba895/mc-262-big-Data.db:level=0, ]. 11133 bytes to 5723 (~51% of original) in 1416ms = 0.00MB/s. ~256 total partitions merged to 1.
2020-09-16T01:43:48.758103393Z  INFO  2020-09-16 01:43:48,757 [shard 3] compaction - Compacting [/var/lib/scylla/data/system/truncated-38c19fd0fb863310a4b70d0cc66628aa/mc-463-big-Data.db:level=0, /var/lib/scylla/data/system/truncated-38c19fd0fb863310a4b70d0cc66628aa/mc-459-big-Data.db:level=0, /var/lib/scylla/data/system/truncated-38c19fd0fb863310a4b70d0cc66628aa/mc-455-big-Data.db:level=0, ]
2020-09-16T01:43:49.149586400Z  INFO  2020-09-16 01:43:49,148 [shard 3] compaction - Compacted 2 sstables to [/var/lib/scylla/data/system_schema/views-9786ac1cdd583201a7cdad556410c985/mc-271-big-Data.db:level=0, ]. 21045 bytes to 14387 (~68% of original) in 1219ms = 0.01MB/s. ~256 total partitions merged to 2.
2020-09-16T01:43:49.149624030Z  INFO  2020-09-16 01:43:49,148 [shard 2] compaction - Compacting [/var/lib/scylla/data/system_schema/indexes-0feb57ac311f382fba6d9024d305702f/mc-354-big-Data.db:level=0, /var/lib/scylla/data/system_schema/indexes-0feb57ac311f382fba6d9024d305702f/mc-350-big-Data.db:level=0, /var/lib/scylla/data/system_schema/indexes-0feb57ac311f382fba6d9024d305702f/mc-346-big-Data.db:level=0, ]
2020-09-16T01:43:49.150711466Z  INFO  2020-09-16 01:43:49,150 [shard 3] compaction - Compacted 2 sstables to [/var/lib/scylla/data/system_schema/aggregates-924c55872e3a345bb10c12f37c1ba895/mc-259-big-Data.db:level=0, ]. 11062 bytes to 5686 (~51% of original) in 1219ms = 0.00MB/s. ~256 total partitions merged to 1.
2020-09-16T01:43:49.536295561Z  INFO  2020-09-16 01:43:49,535 [shard 2] compaction - Compacted 2 sstables to [/var/lib/scylla/data/system_schema/computed_columns-cc7c7069374033c192a4c3de78dbd2c4/mc-322-big-Data.db:level=0, ]. 10551 bytes to 5432 (~51% of original) in 1349ms = 0.00MB/s. ~256 total partitions merged to 1.
2020-09-16T01:43:49.536381538Z  INFO  2020-09-16 01:43:49,535 [shard 2] compaction - Compacted 3 sstables to [/var/lib/scylla/data/system_schema/triggers-4df70b666b05325195a132b54005fd48/mc-314-big-Data.db:level=0, ]. 16197 bytes to 5714 (~35% of original) in 1349ms = 0.00MB/s. ~384 total partitions merged to 1.
2020-09-16T01:43:49.776349643Z  INFO  2020-09-16 01:43:49,775 [shard 3] compaction - Compacted 3 sstables to [/var/lib/scylla/data/system/truncated-38c19fd0fb863310a4b70d0cc66628aa/mc-467-big-Data.db:level=0, ]. 188990 bytes to 63364 (~33% of original) in 805ms = 0.08MB/s. ~384 total partitions merged to 2.
2020-09-16T01:43:49.938868508Z  INFO  2020-09-16 01:43:49,938 [shard 2] compaction - Compacted 3 sstables to [/var/lib/scylla/data/system_schema/indexes-0feb57ac311f382fba6d9024d305702f/mc-358-big-Data.db:level=0, ]. 16175 bytes to 5760 (~35% of original) in 696ms = 0.01MB/s. ~384 total partitions merged to 1.
2020-09-16T01:43:55.945965204Z  INFO  2020-09-16 01:43:55,945 [shard 0] gossip - No gossip backlog; proceeding
2020-09-16T01:43:55.947563315Z  INFO  2020-09-16 01:43:55,946 [shard 0] features - Feature COMPUTED_COLUMNS is enabled
2020-09-16T01:43:55.947610893Z  INFO  2020-09-16 01:43:55,946 [shard 0] features - Feature CORRECT_COUNTER_ORDER is enabled
2020-09-16T01:43:55.947630960Z  INFO  2020-09-16 01:43:55,946 [shard 0] features - Feature CORRECT_NON_COMPOUND_RANGE_TOMBSTONES is enabled
2020-09-16T01:43:55.947648673Z  INFO  2020-09-16 01:43:55,947 [shard 0] features - Feature CORRECT_STATIC_COMPACT_IN_MC is enabled
2020-09-16T01:43:55.947665966Z  INFO  2020-09-16 01:43:55,947 [shard 0] features - Feature COUNTERS is enabled
2020-09-16T01:43:55.947682980Z  INFO  2020-09-16 01:43:55,947 [shard 0] features - Feature DIGEST_INSENSITIVE_TO_EXPIRY is enabled
2020-09-16T01:43:55.949202428Z  INFO  2020-09-16 01:43:55,947 [shard 0] features - Feature DIGEST_MULTIPARTITION_READ is enabled
2020-09-16T01:43:55.949253959Z  INFO  2020-09-16 01:43:55,947 [shard 0] features - Feature HINTED_HANDOFF_SEPARATE_CONNECTION is enabled
2020-09-16T01:43:55.949275272Z  INFO  2020-09-16 01:43:55,947 [shard 0] features - Feature INDEXES is enabled
2020-09-16T01:43:55.949293155Z  INFO  2020-09-16 01:43:55,947 [shard 0] features - Feature LARGE_PARTITIONS is enabled
2020-09-16T01:43:55.949310799Z  INFO  2020-09-16 01:43:55,947 [shard 0] features - Feature LWT is enabled
2020-09-16T01:43:55.949328212Z  INFO  2020-09-16 01:43:55,947 [shard 0] features - Feature MATERIALIZED_VIEWS is enabled
2020-09-16T01:43:55.949345656Z  INFO  2020-09-16 01:43:55,947 [shard 0] features - Feature MC_SSTABLE_FORMAT is enabled
2020-09-16T01:43:55.949363132Z  INFO  2020-09-16 01:43:55,947 [shard 0] features - Feature NONFROZEN_UDTS is enabled
2020-09-16T01:43:55.949380454Z  INFO  2020-09-16 01:43:55,947 [shard 0] features - Feature PER_TABLE_PARTITIONERS is enabled
2020-09-16T01:43:55.949397697Z  INFO  2020-09-16 01:43:55,947 [shard 0] features - Feature RANGE_TOMBSTONES is enabled
2020-09-16T01:43:55.949415791Z  INFO  2020-09-16 01:43:55,947 [shard 0] features - Feature ROLES is enabled
2020-09-16T01:43:55.949432961Z  INFO  2020-09-16 01:43:55,947 [shard 0] features - Feature ROW_LEVEL_REPAIR is enabled
2020-09-16T01:43:55.949450264Z  INFO  2020-09-16 01:43:55,947 [shard 0] features - Feature SCHEMA_TABLES_V3 is enabled
2020-09-16T01:43:55.949481111Z  INFO  2020-09-16 01:43:55,947 [shard 0] features - Feature STREAM_WITH_RPC_STREAM is enabled
2020-09-16T01:43:55.949498477Z  INFO  2020-09-16 01:43:55,947 [shard 0] features - Feature TRUNCATION_TABLE is enabled
2020-09-16T01:43:55.949516025Z  INFO  2020-09-16 01:43:55,947 [shard 0] system_keyspace - Got cluster agreement on truncation table feature. Removing legacy records.
2020-09-16T01:43:55.949534432Z  INFO  2020-09-16 01:43:55,947 [shard 0] features - Feature UNBOUNDED_RANGE_TOMBSTONES is enabled
2020-09-16T01:43:55.949553298Z  INFO  2020-09-16 01:43:55,947 [shard 0] features - Feature VIEW_VIRTUAL_COLUMNS is enabled
2020-09-16T01:43:55.949570932Z  INFO  2020-09-16 01:43:55,947 [shard 0] features - Feature WRITE_FAILURE_REPLY is enabled
2020-09-16T01:43:55.949602049Z  INFO  2020-09-16 01:43:55,947 [shard 0] features - Feature XXHASH is enabled
2020-09-16T01:43:55.949619255Z  INFO  2020-09-16 01:43:55,948 [shard 0] system_keyspace - Legacy records deleted.
2020-09-16T01:43:55.950863593Z  INFO  2020-09-16 01:43:55,950 [shard 0] init - starting system distributed keyspace
2020-09-16T01:43:55.954710966Z  INFO  2020-09-16 01:43:55,954 [shard 0] storage_service - Using saved tokens {943448605036726745, 9061580907506437136, 8957018461898327244, 8813999419995718088, 8775859223532977932, 873311388414975666, 8707696313600310498, 8675978575875245837, 855031166620283245, 8476533345381470087, 8413544620893079714, 8382283044476755854, 7804258889026263620, 778239093056833917, 7732629563319678675, 7564694057214588647, 747840302865059114, 7255484784972643852, 700944770677405149, 7009081579420542256, 7354219953741161264, 6974970471767945112, 6788034976878782500, 667581605220131528, 6496091893897576732, 6478032244021912394, 6420907855788431922, 8777890816944145805, 6381418245203458391, 6358173612251239308, 6302443190184390149, 6115776390551923703, 5906838239532612246, 5890706123786165213, 588034934972968299, 5848278814186320030, 5834675951458569055, 5796254206948921528, -6441145814158460549, 7172238068082229918, -6238625478980828395, -6199824488038647909, -572473923349256348, -5526097868254533829, -5508289632699420366, -6338043935148530859, 4738411181964629022, -5411685484465544274, 5103660925946342563, -5360532551957069796, -5246840897237646542, -8953406550820932827, -511676141100664160, -4872163430844150374, 5153854518462400651, -4829128129506020031, 6818717460470417221, -4735496583611878200, -7913213531410876291, -8612347190400988175, 3361838207769500988, -4770694758141334815, 3533570692245755170, -3014142033706378490, -6648258355715071793, 105268539462240253, 6448269612184381105, 3941245744356891698, -4925670906471950289, -6853270293933441203, -431455211546220291, -4106310081010891923, -4280461110562472301, -4231054370802445643, 4453520694484038438, -5140544052953576706, -7341700934491837716, -4177024142024341044, -2365586676906010085, -4368295386640868227, -6779834804380741154, 7103497347382660592, -471701403720839764, -2187125227394891465, -1593748153114868683, 8325613099551670589, -6017078328443447975, 408961909545308462, -3256341547923989103, 1911454556365012923, -2135119982021577211, -6104126434670973331, -1614584707908969492, -5285270377043925775, 194223785007163967, 3556932048290112968, 4378909036113166689, -2319706609635128471, 782580883702972777, -3880555618453256762, -2879534723161185431, 7469085752185829039, -8001902308657073600, -1522914538603683793, 784130423392421222, -3409621329811667263, -5136236598692180863, -2640475812391264528, 3907413558358164712, -2166731983266837511, -8529251962487546573, -5228242602708342126, -6263078841153087564, -1295419475388780424, 5311755414232655734, -4113405879925637368, 2104079815049743807, -105211415949921556, -1004253484774030395, -6093280019772326743, -1363472444035739717, 7772390126184307669, 3373616921334842984, -3428624778218969630, -4475005699924690030, -1207620414022812792, -4203952547861361192, -4895652206680369668, 5569071124009844993, -2800260328053956713, 1033733984444816800, -1761718599052329021, -6249520955674807415, -6810383749951706976, -2391018463907211455, -3729138346528579520, -3942245253345029362, -1032698423218536378, 2233495137371904435, -1970747149103226319, 2531294222158762011, 4445989245037378795, -2648919406212884980, 800062458669145892, -6586482614645135705, -8855822008500182327, -2076430708060394350, -6127879535600466936, 5017042126534426855, -6767019288334108993, -6985294397658573838, -2605645373691895986, 2542018259596577135, -2699231837109027988, -9132047842757487932, 9066588519930559993, -4601858807243735115, 1470306277250886071, 1688077838521597411, -2700796200994103492, -5656441245782528349, 3822141065635310082, -4415280594152455372, -1709100826419756065, -2732234699235264563, -3101294897153501639, 6933997554702494562, -4541237399207364623, 1251119865371637993, -3280527161887251879, -4007868363884276055, -4134923634748466107, -5595342098352848506, 533209426647054698, 285540986842976874, -4193553788022177878, -7111183380354176443, 7880345233810794046, -7190282066974323895, -7232953798633244985, -7512330892235471280, -889434854029329118, 9122882257136270100, 3909145942678699742, 2870638580126821409, -2685359252619347507, 4540975434217357056, 1912522665107890116, -1474028219808469861, -7767361191227918078, -8495384334141326469, -8024675672634848221, -8352632933072691056, -1084614158625469139, -8372022353883945178, -1171738939209168407, -8485257529464526975, -8549013321787275289, -7405825010257289618, -8694753427154041557, -9173155356561330710, -3164480873853500968, 1172299952227812636, 1535311813904826318, 156312151312654313, 2050968450175517454, 1018091569669202328, 1574734081023094222, 214428871588027420, -5095673126210616552, 2431756818088451524, -1208769590907790735, 3022913469242457337, 2609254198811139442, 5396954320704971060, 284028081363756156, -184157634332906914, 2879924223908633556, 3014475854062098037, 8280511155447462154, 3058186759042775792, 3100842289958262644, -769344519844763244, 3287699046743316011, 7743526815996532326, -7148146405116016542, 352278596429886466, 3606629961194077343, 3840184102447470012, -4623422606623793434, 3924960423780627192, 4660022660859336370, 5401470720317959250, 3979649323160207298, 4037379789709069307, 790424663468033093, 5150907166433009570, 4083460330442256183, 4262233236239091105, 4461207940793579131, 7222389702734437292, 4497639963855891379, 5935809959838255935, 525652295242460822, -9210810031089136649, 3145063885579200582, 5102381975608989830, 5104799485589097680, -467985751191813914, 5122450296475986719, 5256736089695841171, 5341717901052361821, 5441044328235651423, 5661405961885371428, -6303682351633097607, 5704999654143823990}
2020-09-16T01:43:55.980652013Z  INFO  2020-09-16 01:43:55,980 [shard 0] database - Schema version changed to e1b2d478-e5f2-30c4-b994-d93919918df3
2020-09-16T01:43:55.980681155Z  INFO  2020-09-16 01:43:55,980 [shard 0] database - Schema version changed to e1b2d478-e5f2-30c4-b994-d93919918df3
2020-09-16T01:43:55.983255494Z  INFO  2020-09-16 01:43:55,982 [shard 0] database - Schema version changed to 0e03d198-385b-3f36-8c34-c3f5846bbbac
2020-09-16T01:43:56.420689632Z  INFO  2020-09-16 01:43:56,420 [shard 1] compaction - Compacting [/var/lib/scylla/data/system/local-7ad54392bcdd35a684174e047860b377/mc-1781-big-Data.db:level=0, /var/lib/scylla/data/system/local-7ad54392bcdd35a684174e047860b377/mc-1777-big-Data.db:level=0, ]
2020-09-16T01:43:56.484177586Z  INFO  2020-09-16 01:43:56,483 [shard 0] storage_service - Node 10.0.33.14 state jump to normal
2020-09-16T01:43:56.484209095Z  INFO  2020-09-16 01:43:56,483 [shard 0] storage_service - Remove node 10.0.33.14 from pending replacing endpoint
2020-09-16T01:43:57.004239023Z  INFO  2020-09-16 01:43:57,003 [shard 0] storage_service - NORMAL: node is now in normal status
2020-09-16T01:43:57.004296058Z  INFO  2020-09-16 01:43:57,003 [shard 0] cdc - No generation seen during startup.
2020-09-16T01:43:57.005450514Z  INFO  2020-09-16 01:43:57,005 [shard 0] init - starting tracing
2020-09-16T01:43:57.006037638Z  INFO  2020-09-16 01:43:57,005 [shard 0] storage_service - SSTable data integrity checker is disabled.
2020-09-16T01:43:57.006506549Z  INFO  2020-09-16 01:43:57,006 [shard 0] init - starting batchlog manager
2020-09-16T01:43:57.006966603Z  INFO  2020-09-16 01:43:57,006 [shard 0] init - starting load meter
2020-09-16T01:43:57.006987485Z  INFO  2020-09-16 01:43:57,006 [shard 0] init - starting cf cache hit rate calculator
2020-09-16T01:43:57.007382157Z  INFO  2020-09-16 01:43:57,007 [shard 0] init - starting view update backlog broker
2020-09-16T01:43:57.008008258Z  INFO  2020-09-16 01:43:57,007 [shard 0] init - Waiting for gossip to settle before accepting client requests...
2020-09-16T01:43:57.052789836Z  INFO  2020-09-16 01:43:57,052 [shard 1] compaction - Compacted 2 sstables to [/var/lib/scylla/data/system/local-7ad54392bcdd35a684174e047860b377/mc-1789-big-Data.db:level=0, ]. 18354 bytes to 12072 (~65% of original) in 465ms = 0.02MB/s. ~256 total partitions merged to 1.
2020-09-16T01:43:57.053544252Z  INFO  2020-09-16 01:43:57,053 [shard 1] compaction - Compacting [/var/lib/scylla/data/system/local-7ad54392bcdd35a684174e047860b377/mc-1785-big-Data.db:level=0, /var/lib/scylla/data/system/local-7ad54392bcdd35a684174e047860b377/mc-1789-big-Data.db:level=0, ]
2020-09-16T01:43:57.535768357Z  INFO  2020-09-16 01:43:57,535 [shard 1] compaction - Compacted 2 sstables to [/var/lib/scylla/data/system/local-7ad54392bcdd35a684174e047860b377/mc-1793-big-Data.db:level=0, ]. 18171 bytes to 12074 (~66% of original) in 381ms = 0.03MB/s. ~256 total partitions merged to 1.
2020-09-16T01:44:09.009055517Z  INFO  2020-09-16 01:44:09,008 [shard 0] gossip - No gossip backlog; proceeding
2020-09-16T01:44:09.009123937Z  INFO  2020-09-16 01:44:09,008 [shard 0] init - allow replaying hints
2020-09-16T01:44:09.009897357Z  INFO  2020-09-16 01:44:09,009 [shard 0] init - Launching generate_mv_updates for non system tables
2020-09-16T01:44:09.009915479Z  INFO  2020-09-16 01:44:09,009 [shard 0] init - starting the view builder
2020-09-16T01:44:10.105053166Z  INFO  2020-09-16 01:44:10,104 [shard 0] init - starting native transport
2020-09-16T01:44:10.105398827Z  INFO  2020-09-16 01:44:10,105 [shard 0] compaction - Compacting [/var/lib/scylla/data/system/truncated-38c19fd0fb863310a4b70d0cc66628aa/mc-820-big-Data.db:level=0, /var/lib/scylla/data/system/truncated-38c19fd0fb863310a4b70d0cc66628aa/mc-816-big-Data.db:level=0, ]
2020-09-16T01:44:10.107686509Z  INFO  2020-09-16 01:44:10,107 [shard 0] storage_service - Starting listening for CQL clients on 10.0.33.14:9042 (unencrypted)
2020-09-16T01:44:10.109545655Z  INFO  2020-09-16 01:44:10,109 [shard 0] storage_service - Thrift server listening on 10.0.33.14:9160 ...
2020-09-16T01:44:10.110560068Z  INFO  2020-09-16 01:44:10,110 [shard 0] init - serving
2020-09-16T01:44:10.110869780Z  INFO  2020-09-16 01:44:10,110 [shard 0] init - Scylla version 4.1.6-0.20200831.6d9ff622df initialization completed.
2020-09-16T01:44:10.614340834Z  INFO  2020-09-16 01:44:10,613 [shard 0] compaction - Compacted 2 sstables to [/var/lib/scylla/data/system/truncated-38c19fd0fb863310a4b70d0cc66628aa/mc-824-big-Data.db:level=0, ]. 82141 bytes to 76744 (~93% of original) in 404ms = 0.18MB/s. ~256 total partitions merged to 2.
2020-09-16T01:46:47.747397868Z  INFO  2020-09-16 01:46:47,746 [shard 1] compaction - Compacting [/var/lib/scylla/data/system/clients-ca0f635d863036098d93a1fc06f2a5e5/mc-9-big-Data.db:level=0, /var/lib/scylla/data/system/clients-ca0f635d863036098d93a1fc06f2a5e5/mc-5-big-Data.db:level=0, ]
2020-09-16T01:46:48.237713568Z  INFO  2020-09-16 01:46:48,237 [shard 1] compaction - Compacted 2 sstables to [/var/lib/scylla/data/system/clients-ca0f635d863036098d93a1fc06f2a5e5/mc-13-big-Data.db:level=0, ]. 101952 bytes to 7153 (~7% of original) in 390ms = 0.02MB/s. ~256 total partitions merged to 1.
2020-09-16T01:46:57.227965105Z  INFO  2020-09-16 01:46:57,227 [shard 1] compaction - Compacting [/var/lib/scylla/data/system/clients-ca0f635d863036098d93a1fc06f2a5e5/mc-13-big-Data.db:level=0, /var/lib/scylla/data/system/clients-ca0f635d863036098d93a1fc06f2a5e5/mc-17-big-Data.db:level=0, ]
2020-09-16T01:46:57.851544885Z  INFO  2020-09-16 01:46:57,850 [shard 1] compaction - Compacted 2 sstables to [/var/lib/scylla/data/system/clients-ca0f635d863036098d93a1fc06f2a5e5/mc-21-big-Data.db:level=0, ]. 58290 bytes to 6024 (~10% of original) in 433ms = 0.01MB/s. ~256 total partitions merged to 1.
