2020-09-14T23:52:01.345346067Z  running: (['/opt/scylladb/scripts/scylla_dev_mode_setup', '--developer-mode', '1'],)
2020-09-14T23:52:01.827550787Z  running: (['/opt/scylladb/scripts/scylla_io_setup'],)
2020-09-14T23:52:02.207544272Z  2020-09-14 23:52:02,207 CRIT Supervisor is running as root.  Privileges were not dropped because no user is specified in the config file.  If you intend to run as root, you can set user=root in the config file to avoid this message.
2020-09-14T23:52:02.207578891Z  2020-09-14 23:52:02,207 INFO Included extra file "/etc/supervisord.conf.d/node-exporter.conf" during parsing
2020-09-14T23:52:02.207912297Z  2020-09-14 23:52:02,207 INFO Included extra file "/etc/supervisord.conf.d/rsyslog.conf" during parsing
2020-09-14T23:52:02.207955495Z  2020-09-14 23:52:02,207 INFO Included extra file "/etc/supervisord.conf.d/scylla-housekeeping.conf" during parsing
2020-09-14T23:52:02.207973730Z  2020-09-14 23:52:02,207 INFO Included extra file "/etc/supervisord.conf.d/scylla-jmx.conf" during parsing
2020-09-14T23:52:02.208218042Z  2020-09-14 23:52:02,207 INFO Included extra file "/etc/supervisord.conf.d/scylla-server.conf" during parsing
2020-09-14T23:52:02.208345241Z  2020-09-14 23:52:02,208 INFO Included extra file "/etc/supervisord.conf.d/sshd-server.conf" during parsing
2020-09-14T23:52:02.241135235Z  2020-09-14 23:52:02,240 INFO RPC interface 'supervisor' initialized
2020-09-14T23:52:02.241178324Z  2020-09-14 23:52:02,241 CRIT Server 'inet_http_server' running without any HTTP authentication checking
2020-09-14T23:52:02.241671087Z  2020-09-14 23:52:02,241 INFO supervisord started with pid 25
2020-09-14T23:52:03.253002694Z  2020-09-14 23:52:03,244 INFO spawned: 'scylla' with pid 28
2020-09-14T23:52:03.253055490Z  2020-09-14 23:52:03,247 INFO spawned: 'scylla-housekeeping' with pid 29
2020-09-14T23:52:03.253068345Z  2020-09-14 23:52:03,250 INFO spawned: 'sshd' with pid 30
2020-09-14T23:52:03.259594400Z  2020-09-14 23:52:03,258 INFO spawned: 'scylla-jmx' with pid 31
2020-09-14T23:52:03.266434320Z  2020-09-14 23:52:03,264 INFO spawned: 'rsyslog' with pid 33
2020-09-14T23:52:03.270863067Z  2020-09-14 23:52:03,269 INFO spawned: 'node-exporter' with pid 36
2020-09-14T23:52:03.287479057Z  Generating public/private ed25519 key pair.
2020-09-14T23:52:03.287504670Z  Your identification has been saved in /etc/ssh/ssh_host_ed25519_key.
2020-09-14T23:52:03.287516527Z  Your public key has been saved in /etc/ssh/ssh_host_ed25519_key.pub.
2020-09-14T23:52:03.287526961Z  The key fingerprint is:
2020-09-14T23:52:03.287537014Z  SHA256:rjLL0TXeDLLrtz2j6cKrECtFM6gYupApo1cf8dk4ShI root@cd7f742d4fc6
2020-09-14T23:52:03.287547050Z  The key's randomart image is:
2020-09-14T23:52:03.287557082Z  +--[ED25519 256]--+
2020-09-14T23:52:03.287567056Z  |                 |
2020-09-14T23:52:03.287577262Z  | .               |
2020-09-14T23:52:03.287586999Z  |o + E .          |
2020-09-14T23:52:03.287596851Z  |+= o . o +       |
2020-09-14T23:52:03.287606599Z  |X o o + S .      |
2020-09-14T23:52:03.287629351Z  |++ + = O *       |
2020-09-14T23:52:03.287640055Z  |+ + ..= o o      |
2020-09-14T23:52:03.287649389Z  | o oo.oo.oo      |
2020-09-14T23:52:03.287658598Z  |    +*===o.o     |
2020-09-14T23:52:03.287667810Z  +----[SHA256]-----+
2020-09-14T23:52:03.308882405Z  time="2020-09-14T23:52:03Z" level=info msg="Starting node_exporter (version=0.17.0, branch=HEAD, revision=f6f6194a436b9a63d0439abc585c76b19a206b21)" source="node_exporter.go:82"
2020-09-14T23:52:03.308908064Z  time="2020-09-14T23:52:03Z" level=info msg="Build context (go=go1.11.2, user=root@322511e06ced, date=20181130-15:51:33)" source="node_exporter.go:83"
2020-09-14T23:52:03.309632848Z  time="2020-09-14T23:52:03Z" level=info msg="Enabled collectors:" source="node_exporter.go:90"
2020-09-14T23:52:03.309681706Z  time="2020-09-14T23:52:03Z" level=info msg=" - arp" source="node_exporter.go:97"
2020-09-14T23:52:03.309922838Z  time="2020-09-14T23:52:03Z" level=info msg=" - bcache" source="node_exporter.go:97"
2020-09-14T23:52:03.309943851Z  time="2020-09-14T23:52:03Z" level=info msg=" - bonding" source="node_exporter.go:97"
2020-09-14T23:52:03.309982745Z  time="2020-09-14T23:52:03Z" level=info msg=" - conntrack" source="node_exporter.go:97"
2020-09-14T23:52:03.309993725Z  time="2020-09-14T23:52:03Z" level=info msg=" - cpu" source="node_exporter.go:97"
2020-09-14T23:52:03.310004055Z  time="2020-09-14T23:52:03Z" level=info msg=" - diskstats" source="node_exporter.go:97"
2020-09-14T23:52:03.310014197Z  time="2020-09-14T23:52:03Z" level=info msg=" - edac" source="node_exporter.go:97"
2020-09-14T23:52:03.310024194Z  time="2020-09-14T23:52:03Z" level=info msg=" - entropy" source="node_exporter.go:97"
2020-09-14T23:52:03.310041708Z  time="2020-09-14T23:52:03Z" level=info msg=" - filefd" source="node_exporter.go:97"
2020-09-14T23:52:03.310059158Z  time="2020-09-14T23:52:03Z" level=info msg=" - filesystem" source="node_exporter.go:97"
2020-09-14T23:52:03.310069158Z  time="2020-09-14T23:52:03Z" level=info msg=" - hwmon" source="node_exporter.go:97"
2020-09-14T23:52:03.310239091Z  time="2020-09-14T23:52:03Z" level=info msg=" - infiniband" source="node_exporter.go:97"
2020-09-14T23:52:03.310262090Z  time="2020-09-14T23:52:03Z" level=info msg=" - interrupts" source="node_exporter.go:97"
2020-09-14T23:52:03.310273860Z  time="2020-09-14T23:52:03Z" level=info msg=" - ipvs" source="node_exporter.go:97"
2020-09-14T23:52:03.310283949Z  time="2020-09-14T23:52:03Z" level=info msg=" - loadavg" source="node_exporter.go:97"
2020-09-14T23:52:03.310294181Z  time="2020-09-14T23:52:03Z" level=info msg=" - mdadm" source="node_exporter.go:97"
2020-09-14T23:52:03.310304209Z  time="2020-09-14T23:52:03Z" level=info msg=" - meminfo" source="node_exporter.go:97"
2020-09-14T23:52:03.310314038Z  time="2020-09-14T23:52:03Z" level=info msg=" - netclass" source="node_exporter.go:97"
2020-09-14T23:52:03.310331507Z  time="2020-09-14T23:52:03Z" level=info msg=" - netdev" source="node_exporter.go:97"
2020-09-14T23:52:03.310830244Z  time="2020-09-14T23:52:03Z" level=info msg=" - netstat" source="node_exporter.go:97"
2020-09-14T23:52:03.310851009Z  time="2020-09-14T23:52:03Z" level=info msg=" - nfs" source="node_exporter.go:97"
2020-09-14T23:52:03.310861837Z  time="2020-09-14T23:52:03Z" level=info msg=" - nfsd" source="node_exporter.go:97"
2020-09-14T23:52:03.310871744Z  time="2020-09-14T23:52:03Z" level=info msg=" - sockstat" source="node_exporter.go:97"
2020-09-14T23:52:03.310881934Z  time="2020-09-14T23:52:03Z" level=info msg=" - stat" source="node_exporter.go:97"
2020-09-14T23:52:03.310899394Z  time="2020-09-14T23:52:03Z" level=info msg=" - textfile" source="node_exporter.go:97"
2020-09-14T23:52:03.310911174Z  time="2020-09-14T23:52:03Z" level=info msg=" - time" source="node_exporter.go:97"
2020-09-14T23:52:03.310920624Z  time="2020-09-14T23:52:03Z" level=info msg=" - timex" source="node_exporter.go:97"
2020-09-14T23:52:03.310930107Z  time="2020-09-14T23:52:03Z" level=info msg=" - uname" source="node_exporter.go:97"
2020-09-14T23:52:03.311128782Z  time="2020-09-14T23:52:03Z" level=info msg=" - vmstat" source="node_exporter.go:97"
2020-09-14T23:52:03.311148219Z  time="2020-09-14T23:52:03Z" level=info msg=" - xfs" source="node_exporter.go:97"
2020-09-14T23:52:03.311158589Z  time="2020-09-14T23:52:03Z" level=info msg=" - zfs" source="node_exporter.go:97"
2020-09-14T23:52:03.311168783Z  time="2020-09-14T23:52:03Z" level=info msg="Listening on :9100" source="node_exporter.go:111"
2020-09-14T23:52:03.779194688Z  Scylla version 4.1.6-0.20200831.6d9ff622df with build-id c2ed04d00095c63b7456b5fcda6775c5a9f33b0b starting ...
2020-09-14T23:52:03.779222592Z  command used: "/usr/bin/scylla --log-to-syslog 0 --log-to-stdout 1 --default-log-level info --network-stack posix --developer-mode=1 --overprovisioned --listen-address 10.0.22.3 --rpc-address 10.0.22.3 --seed-provider-parameters seeds=10.0.22.3 --blocked-reactor-notify-ms 999999999"
2020-09-14T23:52:03.779235008Z  parsed command line options: [log-to-syslog: 0, log-to-stdout: 1, default-log-level: info, network-stack: posix, developer-mode: 1, overprovisioned, listen-address: 10.0.22.3, rpc-address: 10.0.22.3, seed-provider-parameters: seeds=10.0.22.3, blocked-reactor-notify-ms: 999999999]
2020-09-14T23:52:03.820500440Z  Generating public/private rsa key pair.
2020-09-14T23:52:03.820528878Z  Your identification has been saved in /etc/ssh/ssh_host_rsa_key.
2020-09-14T23:52:03.820541463Z  Your public key has been saved in /etc/ssh/ssh_host_rsa_key.pub.
2020-09-14T23:52:03.820552113Z  The key fingerprint is:
2020-09-14T23:52:03.820562321Z  SHA256:Z+d1chaKe25Cg6noPRBIm3Imy9yODWC++vSHGOWs7Vk root@cd7f742d4fc6
2020-09-14T23:52:03.820572468Z  The key's randomart image is:
2020-09-14T23:52:03.820582431Z  +---[RSA 4096]----+
2020-09-14T23:52:03.820607616Z  |                 |
2020-09-14T23:52:03.820617693Z  |   .             |
2020-09-14T23:52:03.820627357Z  |  . +          . |
2020-09-14T23:52:03.820649049Z  |.+ *..      . . .|
2020-09-14T23:52:03.820659482Z  |* B+  . S =...o +|
2020-09-14T23:52:03.820668715Z  | *..o.   = =.. = |
2020-09-14T23:52:03.820677987Z  |  B= .E . ..o.   |
2020-09-14T23:52:03.820687149Z  | +o+o+oo   .o.   |
2020-09-14T23:52:03.820696249Z  |o...=o ..   o.   |
2020-09-14T23:52:03.820705270Z  +----[SHA256]-----+
2020-09-14T23:52:03.837387681Z  Could not load host key: /etc/ssh/ssh_host_ecdsa_key
2020-09-14T23:52:03.891767349Z  WARN  2020-09-14 23:52:03,889 [shard 0] seastar - Unable to set SCHED_FIFO scheduling policy for timer thread; latency impact possible. Try adding CAP_SYS_NICE
2020-09-14T23:52:03.978200436Z  INFO  2020-09-14 23:52:03,977 [shard 0] init - installing SIGHUP handler
2020-09-14T23:52:03.990242416Z  INFO  2020-09-14 23:52:03,989 [shard 0] init - Scylla version 4.1.6-0.20200831.6d9ff622df with build-id c2ed04d00095c63b7456b5fcda6775c5a9f33b0b starting ...
2020-09-14T23:52:03.990271848Z  
2020-09-14T23:52:03.996006197Z  INFO  2020-09-14 23:52:03,995 [shard 0] init - starting prometheus API server
2020-09-14T23:52:04.009896335Z  INFO  2020-09-14 23:52:04,009 [shard 0] init - starting tokens manager
2020-09-14T23:52:04.010750714Z  INFO  2020-09-14 23:52:04,010 [shard 0] init - starting migration manager notifier
2020-09-14T23:52:04.012092690Z  INFO  2020-09-14 23:52:04,011 [shard 0] init - creating tracing
2020-09-14T23:52:04.012611717Z  INFO  2020-09-14 23:52:04,012 [shard 0] init - creating snitch
2020-09-14T23:52:04.014144440Z  INFO  2020-09-14 23:52:04,013 [shard 0] init - determining DNS name
2020-09-14T23:52:04.014165248Z  INFO  2020-09-14 23:52:04,013 [shard 0] init - starting API server
2020-09-14T23:52:04.016401440Z  INFO  2020-09-14 23:52:04,015 [shard 0] init - Scylla API server listening on 127.0.0.1:10000 ...
2020-09-14T23:52:04.017124937Z  INFO  2020-09-14 23:52:04,016 [shard 0] init - initializing storage service
2020-09-14T23:52:04.017772016Z  INFO  2020-09-14 23:52:04,017 [shard 0] init - starting per-shard database core
2020-09-14T23:52:04.023125918Z  WARN  2020-09-14 23:52:04,022 [shard 0] init - I/O Scheduler is not properly configured! This is a non-supported setup, and performance is expected to be unpredictably bad.
2020-09-14T23:52:04.023171296Z   Reason found: none of --max-io-requests, --io-properties and --io-properties-file are set.
2020-09-14T23:52:04.023185768Z  To properly configure the I/O Scheduler, run the scylla_io_setup utility shipped with Scylla.
2020-09-14T23:52:04.023195322Z  
2020-09-14T23:52:04.024372869Z  INFO  2020-09-14 23:52:04,023 [shard 0] init - creating and verifying directories
2020-09-14T23:52:04.191815764Z  Connecting to http://localhost:10000
2020-09-14T23:52:04.191843871Z  Starting the JMX server
2020-09-14T23:52:04.766937701Z  JMX is enabled to receive remote connections on port: 7199
2020-09-14T23:52:04.767258326Z  2020-09-14 23:52:04,767 INFO success: scylla entered RUNNING state, process has stayed up for > than 1 seconds (startsecs)
2020-09-14T23:52:04.767511752Z  2020-09-14 23:52:04,767 INFO success: scylla-housekeeping entered RUNNING state, process has stayed up for > than 1 seconds (startsecs)
2020-09-14T23:52:04.767862308Z  2020-09-14 23:52:04,767 INFO success: sshd entered RUNNING state, process has stayed up for > than 1 seconds (startsecs)
2020-09-14T23:52:04.769450636Z  2020-09-14 23:52:04,767 INFO success: scylla-jmx entered RUNNING state, process has stayed up for > than 1 seconds (startsecs)
2020-09-14T23:52:04.769860592Z  2020-09-14 23:52:04,769 INFO success: rsyslog entered RUNNING state, process has stayed up for > than 1 seconds (startsecs)
2020-09-14T23:52:04.770066852Z  2020-09-14 23:52:04,769 INFO success: node-exporter entered RUNNING state, process has stayed up for > than 1 seconds (startsecs)
2020-09-14T23:52:05.701682659Z  INFO  2020-09-14 23:52:05,700 [shard 0] database - Populating Keyspace system_schema
2020-09-14T23:52:05.701710509Z  INFO  2020-09-14 23:52:05,700 [shard 0] database - Keyspace system_schema: Reading CF computed_columns id=cc7c7069-3740-33c1-92a4-c3de78dbd2c4 version=2b8c4439-de76-31e0-807f-3b7290a975d7
2020-09-14T23:52:05.701746725Z  INFO  2020-09-14 23:52:05,700 [shard 0] database - Keyspace system_schema: Reading CF view_virtual_columns id=08843b63-45dc-3be2-9798-a0418295cfaa version=c777531c-15f7-326f-8ebe-39fd0265c8c9
2020-09-14T23:52:05.701758645Z  INFO  2020-09-14 23:52:05,700 [shard 0] database - Keyspace system_schema: Reading CF dropped_columns id=5e7583b5-f3f4-3af1-9a39-b7e1d6f5f11f version=7426bc6c-4c2f-3200-8ad8-4329610ed59a
2020-09-14T23:52:05.701768677Z  INFO  2020-09-14 23:52:05,700 [shard 0] database - Keyspace system_schema: Reading CF indexes id=0feb57ac-311f-382f-ba6d-9024d305702f version=99c40462-8687-304e-abe3-2bdbef1f25aa
2020-09-14T23:52:05.701778466Z  INFO  2020-09-14 23:52:05,700 [shard 0] database - Keyspace system_schema: Reading CF functions id=96489b79-80be-3e14-a701-66a0b9159450 version=329ed804-55b3-3eee-ad61-d85317b96097
2020-09-14T23:52:05.701788153Z  INFO  2020-09-14 23:52:05,700 [shard 0] database - Keyspace system_schema: Reading CF columns id=24101c25-a2ae-3af7-87c1-b40ee1aca33f version=d33236d4-9bdd-3c09-abf0-a0bc5edc2526
2020-09-14T23:52:05.701797761Z  INFO  2020-09-14 23:52:05,700 [shard 0] database - Keyspace system_schema: Reading CF scylla_tables id=5d912ff1-f759-3665-b2c8-8042ab5103dd version=38e5e56b-155d-39b5-a0d2-8e5dcad42a26
2020-09-14T23:52:05.701828376Z  INFO  2020-09-14 23:52:05,700 [shard 0] database - Keyspace system_schema: Reading CF tables id=afddfb9d-bc1e-3068-8056-eed6c302ba09 version=b6240810-eeb7-36d5-9411-43b2d68dddab
2020-09-14T23:52:05.701841196Z  INFO  2020-09-14 23:52:05,700 [shard 0] database - Keyspace system_schema: Reading CF keyspaces id=abac5682-dea6-31c5-b535-b3d6cffd0fb6 version=e79ca8ba-6556-3f7d-925a-7f20cf57938c
2020-09-14T23:52:05.701862013Z  INFO  2020-09-14 23:52:05,700 [shard 0] database - Keyspace system_schema: Reading CF triggers id=4df70b66-6b05-3251-95a1-32b54005fd48 version=582d7071-1ef0-37c8-adc6-471a13636139
2020-09-14T23:52:05.701873620Z  INFO  2020-09-14 23:52:05,700 [shard 0] database - Keyspace system_schema: Reading CF views id=9786ac1c-dd58-3201-a7cd-ad556410c985 version=5b58bb47-96e7-3f57-accf-0bfca4dbbc6e
2020-09-14T23:52:05.701899675Z  INFO  2020-09-14 23:52:05,700 [shard 0] database - Keyspace system_schema: Reading CF types id=5a8b1ca8-6602-3f77-a045-9273d308917a version=de51b2ce-5e4d-3b7d-a75f-2204332ce8d1
2020-09-14T23:52:05.701937715Z  INFO  2020-09-14 23:52:05,700 [shard 0] database - Keyspace system_schema: Reading CF aggregates id=924c5587-2e3a-345b-b10c-12f37c1ba895 version=4b53e92c-0368-3d5c-b959-2ec1bfd1a59f
2020-09-14T23:52:08.983912311Z  Traceback (most recent call last):
2020-09-14T23:52:08.983948630Z    File "/opt/scylladb/scripts/libexec/scylla-housekeeping", line 208, in <module>
2020-09-14T23:52:08.983978644Z      args.func(args)
2020-09-14T23:52:08.983995092Z    File "/opt/scylladb/scripts/libexec/scylla-housekeeping", line 134, in check_version
2020-09-14T23:52:08.984011910Z      current_version = sanitize_version(get_api('/storage_service/scylla_release_version'))
2020-09-14T23:52:08.984079121Z    File "/opt/scylladb/scripts/libexec/scylla-housekeeping", line 93, in get_api
2020-09-14T23:52:08.984092550Z      return get_json_from_url("http://" + api_address + path)
2020-09-14T23:52:08.984105454Z    File "/opt/scylladb/scripts/libexec/scylla-housekeeping", line 88, in get_json_from_url
2020-09-14T23:52:08.984453095Z      raise RuntimeError(f'Failed to get "{path}" due to the following error: {retval}')
2020-09-14T23:52:08.984477998Z  RuntimeError: Failed to get "http://localhost:10000/storage_service/scylla_release_version" due to the following error: HTTP Error 404: Not Found
2020-09-14T23:52:13.380765598Z  INFO  2020-09-14 23:52:13,380 [shard 0] database - Found temporary sstable directory: "/var/lib/scylla/data/system_schema/computed_columns-cc7c7069374033c192a4c3de78dbd2c4/0000000000000283.sstable", removing
2020-09-14T23:52:13.380797490Z  INFO  2020-09-14 23:52:13,380 [shard 0] database - Found temporary sstable directory: "/var/lib/scylla/data/system_schema/computed_columns-cc7c7069374033c192a4c3de78dbd2c4/0000000000000282.sstable", removing
2020-09-14T23:52:13.381650285Z  INFO  2020-09-14 23:52:13,381 [shard 0] database - Found temporary sstable directory: "/var/lib/scylla/data/system_schema/scylla_tables-5d912ff1f7593665b2c88042ab5103dd/0000000000000286.sstable", removing
2020-09-14T23:52:13.381675879Z  INFO  2020-09-14 23:52:13,381 [shard 0] database - Found temporary sstable directory: "/var/lib/scylla/data/system_schema/scylla_tables-5d912ff1f7593665b2c88042ab5103dd/0000000000000287.sstable", removing
2020-09-14T23:52:13.381688932Z  INFO  2020-09-14 23:52:13,381 [shard 0] database - Found temporary sstable directory: "/var/lib/scylla/data/system_schema/views-9786ac1cdd583201a7cdad556410c985/0000000000000227.sstable", removing
2020-09-14T23:52:13.383711849Z  INFO  2020-09-14 23:52:13,382 [shard 0] database - Found temporary sstable directory: "/var/lib/scylla/data/system_schema/aggregates-924c55872e3a345bb10c12f37c1ba895/0000000000000219.sstable", removing
2020-09-14T23:52:13.383733752Z  INFO  2020-09-14 23:52:13,382 [shard 0] database - Found temporary sstable directory: "/var/lib/scylla/data/system_schema/aggregates-924c55872e3a345bb10c12f37c1ba895/0000000000000218.sstable", removing
2020-09-14T23:52:13.489941530Z  WARN  2020-09-14 23:52:13,489 [shard 0] sstable - Deleting components of sstable from system_schema.computed_columns of generation 282 that has a temporary TOC
2020-09-14T23:52:13.547757402Z  WARN  2020-09-14 23:52:13,547 [shard 0] sstable - Deleting components of sstable from system_schema.views of generation 227 that has a temporary TOC
2020-09-14T23:52:13.547811602Z  WARN  2020-09-14 23:52:13,547 [shard 0] sstable - Deleting components of sstable from system_schema.scylla_tables of generation 287 that has a temporary TOC
2020-09-14T23:52:13.547824112Z  WARN  2020-09-14 23:52:13,547 [shard 0] sstable - Deleting components of sstable from system_schema.aggregates of generation 218 that has a temporary TOC
2020-09-14T23:52:13.646982485Z  WARN  2020-09-14 23:52:13,646 [shard 0] sstable - Deleting components of sstable from system_schema.computed_columns of generation 283 that has a temporary TOC
2020-09-14T23:52:13.953792854Z  WARN  2020-09-14 23:52:13,951 [shard 0] sstable - Deleting components of sstable from system_schema.scylla_tables of generation 286 that has a temporary TOC
2020-09-14T23:52:14.239982956Z  WARN  2020-09-14 23:52:14,239 [shard 0] sstable - Deleting components of sstable from system_schema.aggregates of generation 219 that has a temporary TOC
2020-09-14T23:52:14.859365309Z  INFO  2020-09-14 23:52:14,858 [shard 0] database - Populating Keyspace system
2020-09-14T23:52:14.859833112Z  INFO  2020-09-14 23:52:14,859 [shard 0] database - Keyspace system: Reading CF schema_aggregates id=a5fc57fc-9d6c-3bfd-a3fc-01ad54686fea version=d06c934f-9a69-374c-86f1-523ab26fb05c
2020-09-14T23:52:14.859855232Z  INFO  2020-09-14 23:52:14,859 [shard 0] database - Keyspace system: Reading CF schema_triggers id=0359bc71-7123-3ee1-9a4a-b9dfb11fc125 version=75e4ec4c-76da-3f59-984e-66810ba0c62b
2020-09-14T23:52:14.860379113Z  INFO  2020-09-14 23:52:14,859 [shard 0] database - Keyspace system: Reading CF compaction_history id=b4dbb7b4-dc49-3fb5-b3bf-ce6e434832ca version=25cae56a-8d75-39f3-a146-3756ab4981c7
2020-09-14T23:52:14.860398257Z  INFO  2020-09-14 23:52:14,859 [shard 0] database - Keyspace system: Reading CF compactions_in_progress id=55080ab0-5d9c-3886-90a4-acb25fe1f77b version=540263f1-40db-3869-8a38-3baadedc222d
2020-09-14T23:52:14.860427258Z  INFO  2020-09-14 23:52:14,859 [shard 0] database - Keyspace system: Reading CF range_xfers id=55d76438-4e55-3f8b-9f6e-676d4af3976d version=dd15a078-409b-350d-9bef-c5f3520832d8
2020-09-14T23:52:14.860445879Z  INFO  2020-09-14 23:52:14,859 [shard 0] database - Keyspace system: Reading CF scylla_views_builds_in_progress id=a04c7bfd-1e13-36c9-a44d-f22da352281d version=e3fb736c-6956-3990-a31d-9a482279e3fc
2020-09-14T23:52:14.860474661Z  INFO  2020-09-14 23:52:14,859 [shard 0] database - Keyspace system: Reading CF IndexInfo id=9f5c6374-d485-3229-9a0a-5094af9ad1e3 version=bbb3743b-351f-3023-b4fc-09a9be37d529
2020-09-14T23:52:14.860484226Z  INFO  2020-09-14 23:52:14,859 [shard 0] database - Keyspace system: Reading CF cdc_local id=0bcaffd4-0c83-3ead-ad13-dc1d5015b77c version=0aa4d3a2-ed95-3ecd-aba0-cd75622ad290
2020-09-14T23:52:14.860493686Z  INFO  2020-09-14 23:52:14,859 [shard 0] database - Keyspace system: Reading CF schema_columnfamilies id=45f5b360-24bc-3f83-a363-1034ea4fa697 version=7f7a5fea-07b7-304d-a6f8-f7aec72cabdb
2020-09-14T23:52:14.860518444Z  INFO  2020-09-14 23:52:14,859 [shard 0] database - Keyspace system: Reading CF batchlog id=0290003c-977e-397c-ac3e-fdfdc01d626b version=e2a2e804-49e4-3597-9f16-39fd9475835c
2020-09-14T23:52:14.860547311Z  INFO  2020-09-14 23:52:14,860 [shard 0] database - Keyspace system: Reading CF schema_functions id=d1b675fe-2b50-3ca4-8e49-c0f81989dcad version=a50959dd-2be0-3e4e-8bb5-cf40796e256a
2020-09-14T23:52:14.860597014Z  INFO  2020-09-14 23:52:14,860 [shard 0] database - Keyspace system: Reading CF peer_events id=59dfeaea-8db2-3341-91ef-109974d81484 version=7f874a05-72b8-3c21-9acb-baa164fc351a
2020-09-14T23:52:14.861170724Z  INFO  2020-09-14 23:52:14,860 [shard 0] database - Keyspace system: Reading CF local id=7ad54392-bcdd-35a6-8417-4e047860b377 version=7fa82c2e-5b67-37dd-8e5e-2079e18f1536
2020-09-14T23:52:14.861203575Z  INFO  2020-09-14 23:52:14,860 [shard 0] database - Keyspace system: Reading CF clients id=ca0f635d-8630-3609-8d93-a1fc06f2a5e5 version=51273ebf-e6f9-3cd5-b455-ea09ad29796f
2020-09-14T23:52:14.861228239Z  INFO  2020-09-14 23:52:14,860 [shard 0] database - Keyspace system: Reading CF size_estimates id=618f817b-005f-3678-b8a4-53f3930b8e86 version=6d4dbcff-f05b-3dc3-95ad-f79f7b10504d
2020-09-14T23:52:14.861237926Z  INFO  2020-09-14 23:52:14,860 [shard 0] database - Keyspace system: Reading CF large_partitions id=8a7fe624-96b0-34b1-b90e-f71bddcdd2d3 version=04fa9920-9369-3a96-be39-6dd9fdc816b6
2020-09-14T23:52:14.861247249Z  INFO  2020-09-14 23:52:14,860 [shard 0] database - Keyspace system: Reading CF schema_columns id=296e9c04-9bec-3085-827d-c17d3df2122a version=53cfbb66-ee0d-37be-97bb-b2afb3746f85
2020-09-14T23:52:14.861256676Z  INFO  2020-09-14 23:52:14,860 [shard 0] database - Keyspace system: Reading CF built_views id=4b3c50a9-ea87-3d76-9101-6dbc9c38494a version=a28aa0b3-6def-30a7-9fbe-ce78b3f3c9b9
2020-09-14T23:52:14.861265996Z  INFO  2020-09-14 23:52:14,860 [shard 0] database - Keyspace system: Reading CF peers id=37f71aca-7dc2-383b-a706-72528af04d4f version=f6f6871f-8c86-3eca-ac0b-2a2e848e395d
2020-09-14T23:52:14.861275275Z  INFO  2020-09-14 23:52:14,860 [shard 0] database - Keyspace system: Reading CF hints id=2666e205-73ef-38b3-90fe-fecf96e8f0c7 version=0b74fdd1-e96d-309e-a14e-a5bcd7ac885d
2020-09-14T23:52:14.861284961Z  INFO  2020-09-14 23:52:14,860 [shard 0] database - Keyspace system: Reading CF large_rows id=40550f66-0858-39a0-9430-f27fc08034e9 version=aee3acb0-7926-317b-848e-db7bc3721695
2020-09-14T23:52:14.861294600Z  INFO  2020-09-14 23:52:14,860 [shard 0] database - Keyspace system: Reading CF large_cells id=ead8bbc5-f146-3ae1-9f71-0b11f9a1d296 version=0d4a6937-a781-3f87-a192-b4e4a4a40acf
2020-09-14T23:52:14.861304224Z  INFO  2020-09-14 23:52:14,860 [shard 0] database - Keyspace system: Reading CF scylla_local id=2972ec7f-fb20-38dd-aac1-d876f2e3fcbd version=5f0b407d-eedf-3845-a48e-dbb9673d10e1
2020-09-14T23:52:14.861340565Z  INFO  2020-09-14 23:52:14,860 [shard 0] database - Keyspace system: Reading CF views_builds_in_progress id=b7f2c108-78cd-3c80-9cd5-d609b2bd149c version=b905cce5-1474-3085-819a-7592453e2fb9
2020-09-14T23:52:14.861354176Z  INFO  2020-09-14 23:52:14,860 [shard 0] database - Keyspace system: Reading CF schema_usertypes id=3aa75225-4f82-350b-8d5c-430fa221fa0a version=3c53e6bb-56d5-3618-a0b2-4ff5f18127d7
2020-09-14T23:52:14.861364044Z  INFO  2020-09-14 23:52:14,860 [shard 0] database - Keyspace system: Reading CF sstable_activity id=5a1ff267-ace0-3f12-8563-cfae6103c65e version=bdec57a3-b234-334b-be9c-7b1f33113995
2020-09-14T23:52:14.861378647Z  INFO  2020-09-14 23:52:14,860 [shard 0] database - Keyspace system: Reading CF truncated id=38c19fd0-fb86-3310-a4b7-0d0cc66628aa version=6da9a85c-7ae0-3917-aead-54a2f65a57a8
2020-09-14T23:52:14.861424281Z  INFO  2020-09-14 23:52:14,860 [shard 0] database - Keyspace system: Reading CF paxos id=b7b7f0c2-fd0a-3410-8c05-3ef614bb7c2d version=6dd372de-72fb-3e1b-9b8c-f97738a67fe9
2020-09-14T23:52:14.861438680Z  INFO  2020-09-14 23:52:14,860 [shard 0] database - Keyspace system: Reading CF schema_keyspaces id=b0f22357-4458-3cdb-9631-c43e59ce3676 version=84d28cef-59f9-34a9-9be5-31c684997f03
2020-09-14T23:52:26.059979095Z  INFO  2020-09-14 23:52:26,059 [shard 0] init - starting gossip
2020-09-14T23:52:26.060009936Z  WARN  2020-09-14 23:52:26,059 [shard 0] init - Using default cluster name is not recommended. Using a unique cluster name will reduce the chance of adding nodes to the wrong cluster by mistake
2020-09-14T23:52:26.060580967Z  INFO  2020-09-14 23:52:26,060 [shard 0] init - starting storage proxy
2020-09-14T23:52:26.073022054Z  INFO  2020-09-14 23:52:26,072 [shard 0] init - creating hints manager
2020-09-14T23:52:26.073551351Z  INFO  2020-09-14 23:52:26,073 [shard 1] init - creating hints manager
2020-09-14T23:52:26.073575322Z  INFO  2020-09-14 23:52:26,073 [shard 3] init - creating hints manager
2020-09-14T23:52:26.074119510Z  INFO  2020-09-14 23:52:26,073 [shard 2] init - creating hints manager
2020-09-14T23:52:26.074774553Z  INFO  2020-09-14 23:52:26,074 [shard 0] init - starting migration manager
2020-09-14T23:52:26.075240508Z  INFO  2020-09-14 23:52:26,074 [shard 0] init - starting query processor
2020-09-14T23:52:26.077435057Z  INFO  2020-09-14 23:52:26,077 [shard 0] init - initializing batchlog manager
2020-09-14T23:52:26.082944290Z  INFO  2020-09-14 23:52:26,082 [shard 0] legacy_schema_migrator - Moving 0 keyspaces from legacy schema tables to the new schema keyspace (system_schema)
2020-09-14T23:52:26.083383998Z  INFO  2020-09-14 23:52:26,083 [shard 0] legacy_schema_migrator - Dropping legacy schema tables
2020-09-14T23:52:35.476129258Z  INFO  2020-09-14 23:52:35,475 [shard 0] legacy_schema_migrator - Completed migration of legacy schema tables
2020-09-14T23:52:35.479681058Z  INFO  2020-09-14 23:52:35,478 [shard 0] init - loading system sstables
2020-09-14T23:52:53.546570280Z  INFO  2020-09-14 23:52:53,545 [shard 0] init - loading non-system sstables
2020-09-14T23:53:01.449524834Z  INFO  2020-09-14 23:53:01,449 [shard 0] database - Populating Keyspace dt
2020-09-14T23:53:01.449562808Z  INFO  2020-09-14 23:53:01,449 [shard 0] database - Keyspace dt: Reading CF source_element_idx_index id=68593f10-d77b-11ea-9877-000000000001 version=33e3f927-f730-3081-88e1-6bed2962e42a
2020-09-14T23:53:01.449574460Z  INFO  2020-09-14 23:53:01,449 [shard 0] database - Keyspace dt: Reading CF element_twin_idx_index id=630ae8b0-d77b-11ea-9877-000000000001 version=bc3026fd-bc4e-318d-b6f4-ca0b566cb74b
2020-09-14T23:53:01.449585036Z  INFO  2020-09-14 23:53:01,449 [shard 0] database - Keyspace dt: Reading CF source id=65ff2270-d77b-11ea-9877-000000000001 version=5f8471b7-7d19-31d4-9be5-0f153affb0bb
2020-09-14T23:53:01.449760020Z  INFO  2020-09-14 23:53:01,449 [shard 0] database - Keyspace dt: Reading CF source_data id=6af6cd50-d77b-11ea-9877-000000000001 version=b52400e3-b307-3141-b3fc-e5d63573f135
2020-09-14T23:53:01.449788077Z  INFO  2020-09-14 23:53:01,449 [shard 0] database - Keyspace dt: Reading CF element id=607549b0-d77b-11ea-9877-000000000001 version=f44a6c4b-69d8-37f2-b116-7260740acc6c
2020-09-14T23:53:01.449816338Z  INFO  2020-09-14 23:53:01,449 [shard 0] database - Keyspace dt: Reading CF twin id=5e00c740-d77b-11ea-9877-000000000001 version=6240633e-c8cc-3fea-a1e3-452eff1b9659
2020-09-14T23:53:01.449843192Z  INFO  2020-09-14 23:53:01,449 [shard 0] database - Keyspace dt: Reading CF user id=5c294820-d77b-11ea-9877-000000000001 version=02cce273-02f1-3e6a-8674-f1016e3f22d7
2020-09-14T23:53:01.449853282Z  INFO  2020-09-14 23:53:01,449 [shard 0] database - Populating Keyspace system_distributed
2020-09-14T23:53:01.449862558Z  INFO  2020-09-14 23:53:01,449 [shard 0] database - Keyspace system_distributed: Reading CF view_build_status id=5582b59f-8e4e-35e1-b913-3acada51eb04 version=e0b6e628-60e0-39a2-ada0-9b6c13bdd9bc
2020-09-14T23:53:01.449903799Z  INFO  2020-09-14 23:53:01,449 [shard 0] database - Keyspace system_distributed: Reading CF cdc_generations id=6a4df139-00b6-3d21-9efc-dade266dc3b7 version=2511b46b-df1d-39fa-9a77-f5cacf88af47
2020-09-14T23:53:01.449914354Z  INFO  2020-09-14 23:53:01,449 [shard 0] database - Keyspace system_distributed: Reading CF cdc_streams id=07405732-4620-34d6-a85e-947248dad9a4 version=b606cfa4-a37b-32bd-a624-e05cab2bed3c
2020-09-14T23:53:01.449923988Z  INFO  2020-09-14 23:53:01,449 [shard 0] database - Populating Keyspace system_auth
2020-09-14T23:53:01.449940097Z  INFO  2020-09-14 23:53:01,449 [shard 0] database - Keyspace system_auth: Reading CF roles id=5bc52802-de25-35ed-aeab-188eecebb090 version=d8f599da-7544-3f57-aa58-b229deea93e0
2020-09-14T23:53:01.449980562Z  INFO  2020-09-14 23:53:01,449 [shard 0] database - Keyspace system_auth: Reading CF role_members id=0ecdaa87-f8fb-3e60-88d1-74fb36fe5c0d version=2923b5bb-f2f8-36e8-9e73-19019900010c
2020-09-14T23:53:01.449994626Z  INFO  2020-09-14 23:53:01,449 [shard 0] database - Populating Keyspace system_traces
2020-09-14T23:53:01.450004147Z  INFO  2020-09-14 23:53:01,449 [shard 0] database - Keyspace system_traces: Reading CF sessions id=c5e99f16-8677-3914-b17e-960613512345 version=e0fc4b06-6cba-3b7b-bfb6-b42a77c370a9
2020-09-14T23:53:01.450013576Z  INFO  2020-09-14 23:53:01,449 [shard 0] database - Keyspace system_traces: Reading CF node_slow_log_time_idx id=f9706768-aa1e-3d87-9e5c-51a3927c2870 version=eaffc0bb-7b2c-3b64-8924-d8ba685120bc
2020-09-14T23:53:01.450023032Z  INFO  2020-09-14 23:53:01,449 [shard 0] database - Keyspace system_traces: Reading CF sessions_time_idx id=0ebf001c-c1d1-3693-9a63-c3d96ac53318 version=cd5d1e5f-1f42-3b9d-a8ba-3af39d59a7d5
2020-09-14T23:53:01.450032330Z  INFO  2020-09-14 23:53:01,449 [shard 0] database - Keyspace system_traces: Reading CF events id=8826e8e9-e16a-3728-8753-3bc1fc713c25 version=41a6b26e-a03b-3ae1-8a4a-b9446e7f9304
2020-09-14T23:53:01.450041613Z  INFO  2020-09-14 23:53:01,449 [shard 0] database - Keyspace system_traces: Reading CF node_slow_log id=bfcc4e62-5b63-3aa1-a1c3-6f5e47f3325c version=23e7a411-8414-340f-854d-20a3a637e438
2020-09-14T23:53:07.155593978Z  INFO  2020-09-14 23:53:07,155 [shard 0] init - starting view update generator
2020-09-14T23:53:07.155998193Z  INFO  2020-09-14 23:53:07,155 [shard 0] init - discovering staging sstables
2020-09-14T23:53:07.156440351Z  INFO  2020-09-14 23:53:07,155 [shard 0] init - setting up system keyspace
2020-09-14T23:53:07.178174105Z  INFO  2020-09-14 23:53:07,177 [shard 0] init - starting commit log
2020-09-14T23:53:07.178208152Z  INFO  2020-09-14 23:53:07,177 [shard 0] init - replaying commit log
2020-09-14T23:53:07.182147889Z  INFO  2020-09-14 23:53:07,181 [shard 0] commitlog_replayer - Replaying /var/lib/scylla/commitlog/CommitLog-1-36028797393136610.log, /var/lib/scylla/commitlog/CommitLog-1-54043195902618593.log, /var/lib/scylla/commitlog/CommitLog-1-374172639.log, /var/lib/scylla/commitlog/CommitLog-1-54043195902618594.log, /var/lib/scylla/commitlog/CommitLog-1-18014398883654624.log, /var/lib/scylla/commitlog/CommitLog-1-36028797393136611.log, /var/lib/scylla/commitlog/CommitLog-1-54043195902618595.log, /var/lib/scylla/commitlog/CommitLog-1-374172640.log, /var/lib/scylla/commitlog/CommitLog-1-374172641.log, /var/lib/scylla/commitlog/CommitLog-1-18014398883654625.log, /var/lib/scylla/commitlog/CommitLog-1-36028797393136609.log
2020-09-14T23:53:23.626477173Z  INFO  2020-09-14 23:53:23,625 [shard 0] commitlog_replayer - Log replay complete, 63328 replayed mutations (0 invalid, 0 skipped)
2020-09-14T23:53:23.627244976Z  INFO  2020-09-14 23:53:23,626 [shard 0] init - replaying commit log - flushing memtables
2020-09-14T23:53:32.455607091Z  INFO  2020-09-14 23:53:32,454 [shard 0] init - replaying commit log - removing old commitlog segments
2020-09-14T23:53:32.458993288Z  INFO  2020-09-14 23:53:32,457 [shard 0] compaction - Compacting [/var/lib/scylla/data/system/clients-ca0f635d863036098d93a1fc06f2a5e5/mc-76-big-Data.db:level=0, /var/lib/scylla/data/system/clients-ca0f635d863036098d93a1fc06f2a5e5/mc-108-big-Data.db:level=0, /var/lib/scylla/data/system/clients-ca0f635d863036098d93a1fc06f2a5e5/mc-140-big-Data.db:level=0, /var/lib/scylla/data/system/clients-ca0f635d863036098d93a1fc06f2a5e5/mc-104-big-Data.db:level=0, /var/lib/scylla/data/system/clients-ca0f635d863036098d93a1fc06f2a5e5/mc-192-big-Data.db:level=0, /var/lib/scylla/data/system/clients-ca0f635d863036098d93a1fc06f2a5e5/mc-196-big-Data.db:level=0, /var/lib/scylla/data/system/clients-ca0f635d863036098d93a1fc06f2a5e5/mc-100-big-Data.db:level=0, /var/lib/scylla/data/system/clients-ca0f635d863036098d93a1fc06f2a5e5/mc-164-big-Data.db:level=0, /var/lib/scylla/data/system/clients-ca0f635d863036098d93a1fc06f2a5e5/mc-132-big-Data.db:level=0, /var/lib/scylla/data/system/clients-ca0f635d863036098d93a1fc06f2a5e5/mc-124-big-Data.db:level=0, /var/lib/scylla/data/system/clients-ca0f635d863036098d93a1fc06f2a5e5/mc-96-big-Data.db:level=0, /var/lib/scylla/data/system/clients-ca0f635d863036098d93a1fc06f2a5e5/mc-188-big-Data.db:level=0, /var/lib/scylla/data/system/clients-ca0f635d863036098d93a1fc06f2a5e5/mc-180-big-Data.db:level=0, /var/lib/scylla/data/system/clients-ca0f635d863036098d93a1fc06f2a5e5/mc-128-big-Data.db:level=0, /var/lib/scylla/data/system/clients-ca0f635d863036098d93a1fc06f2a5e5/mc-184-big-Data.db:level=0, /var/lib/scylla/data/system/clients-ca0f635d863036098d93a1fc06f2a5e5/mc-156-big-Data.db:level=0, /var/lib/scylla/data/system/clients-ca0f635d863036098d93a1fc06f2a5e5/mc-92-big-Data.db:level=0, /var/lib/scylla/data/system/clients-ca0f635d863036098d93a1fc06f2a5e5/mc-172-big-Data.db:level=0, /var/lib/scylla/data/system/clients-ca0f635d863036098d93a1fc06f2a5e5/mc-168-big-Data.db:level=0, /var/lib/scylla/data/system/clients-ca0f635d863036098d93a1fc06f2a5e5/mc-160-big-Data.db:level=0, /var/lib/scylla/data/system/clients-ca0f635d863036098d93a1fc06f2a5e5/mc-176-big-Data.db:level=0, /var/lib/scylla/data/system/clients-ca0f635d863036098d93a1fc06f2a5e5/mc-152-big-Data.db:level=0, /var/lib/scylla/data/system/clients-ca0f635d863036098d93a1fc06f2a5e5/mc-136-big-Data.db:level=0, /var/lib/scylla/data/system/clients-ca0f635d863036098d93a1fc06f2a5e5/mc-144-big-Data.db:level=0, /var/lib/scylla/data/system/clients-ca0f635d863036098d93a1fc06f2a5e5/mc-116-big-Data.db:level=0, /var/lib/scylla/data/system/clients-ca0f635d863036098d93a1fc06f2a5e5/mc-112-big-Data.db:level=0, /var/lib/scylla/data/system/clients-ca0f635d863036098d93a1fc06f2a5e5/mc-148-big-Data.db:level=0, /var/lib/scylla/data/system/clients-ca0f635d863036098d93a1fc06f2a5e5/mc-120-big-Data.db:level=0, /var/lib/scylla/data/system/clients-ca0f635d863036098d93a1fc06f2a5e5/mc-80-big-Data.db:level=0, /var/lib/scylla/data/system/clients-ca0f635d863036098d93a1fc06f2a5e5/mc-88-big-Data.db:level=0, /var/lib/scylla/data/system/clients-ca0f635d863036098d93a1fc06f2a5e5/mc-84-big-Data.db:level=0, ]
2020-09-14T23:53:32.459070716Z  INFO  2020-09-14 23:53:32,457 [shard 0] compaction - Compacting [/var/lib/scylla/data/system/compaction_history-b4dbb7b4dc493fb5b3bfce6e434832ca/mc-364-big-Data.db:level=0, /var/lib/scylla/data/system/compaction_history-b4dbb7b4dc493fb5b3bfce6e434832ca/mc-360-big-Data.db:level=0, /var/lib/scylla/data/system/compaction_history-b4dbb7b4dc493fb5b3bfce6e434832ca/mc-356-big-Data.db:level=0, ]
2020-09-14T23:53:32.459085016Z  INFO  2020-09-14 23:53:32,457 [shard 0] compaction - Compacting [/var/lib/scylla/data/system/truncated-38c19fd0fb863310a4b70d0cc66628aa/mc-656-big-Data.db:level=0, /var/lib/scylla/data/system/truncated-38c19fd0fb863310a4b70d0cc66628aa/mc-660-big-Data.db:level=0, /var/lib/scylla/data/system/truncated-38c19fd0fb863310a4b70d0cc66628aa/mc-652-big-Data.db:level=0, ]
2020-09-14T23:53:32.459097654Z  INFO  2020-09-14 23:53:32,457 [shard 0] compaction - Compacting [/var/lib/scylla/data/dt/source_data-6af6cd50d77b11ea9877000000000001/mc-4-big-Data.db:level=0, /var/lib/scylla/data/dt/source_data-6af6cd50d77b11ea9877000000000001/mc-12-big-Data.db:level=0, /var/lib/scylla/data/dt/source_data-6af6cd50d77b11ea9877000000000001/mc-8-big-Data.db:level=0, ]
2020-09-14T23:53:32.459109408Z  INFO  2020-09-14 23:53:32,458 [shard 2] compaction - Compacting [/var/lib/scylla/data/system_schema/dropped_columns-5e7583b5f3f43af19a39b7e1d6f5f11f/mc-326-big-Data.db:level=0, /var/lib/scylla/data/system_schema/dropped_columns-5e7583b5f3f43af19a39b7e1d6f5f11f/mc-318-big-Data.db:level=0, /var/lib/scylla/data/system_schema/dropped_columns-5e7583b5f3f43af19a39b7e1d6f5f11f/mc-322-big-Data.db:level=0, ]
2020-09-14T23:53:32.459120645Z  INFO  2020-09-14 23:53:32,458 [shard 1] compaction - Compacting [/var/lib/scylla/data/system/compaction_history-b4dbb7b4dc493fb5b3bfce6e434832ca/mc-377-big-Data.db:level=0, /var/lib/scylla/data/system/compaction_history-b4dbb7b4dc493fb5b3bfce6e434832ca/mc-373-big-Data.db:level=0, /var/lib/scylla/data/system/compaction_history-b4dbb7b4dc493fb5b3bfce6e434832ca/mc-369-big-Data.db:level=0, ]
2020-09-14T23:53:32.459131776Z  INFO  2020-09-14 23:53:32,458 [shard 1] compaction - Compacting [/var/lib/scylla/data/system/local-7ad54392bcdd35a684174e047860b377/mc-1449-big-Data.db:level=0, /var/lib/scylla/data/system/local-7ad54392bcdd35a684174e047860b377/mc-1453-big-Data.db:level=0, /var/lib/scylla/data/system/local-7ad54392bcdd35a684174e047860b377/mc-1457-big-Data.db:level=0, /var/lib/scylla/data/system/local-7ad54392bcdd35a684174e047860b377/mc-1445-big-Data.db:level=0, ]
2020-09-14T23:53:32.459411695Z  INFO  2020-09-14 23:53:32,459 [shard 3] compaction - Compacting [/var/lib/scylla/data/system/peers-37f71aca7dc2383ba70672528af04d4f/mc-15-big-Data.db:level=0, /var/lib/scylla/data/system/peers-37f71aca7dc2383ba70672528af04d4f/mc-7-big-Data.db:level=0, /var/lib/scylla/data/system/peers-37f71aca7dc2383ba70672528af04d4f/mc-11-big-Data.db:level=0, ]
2020-09-14T23:53:32.459731319Z  INFO  2020-09-14 23:53:32,459 [shard 2] compaction - Compacting [/var/lib/scylla/data/system_schema/keyspaces-abac5682dea631c5b535b3d6cffd0fb6/mc-322-big-Data.db:level=0, /var/lib/scylla/data/system_schema/keyspaces-abac5682dea631c5b535b3d6cffd0fb6/mc-326-big-Data.db:level=0, /var/lib/scylla/data/system_schema/keyspaces-abac5682dea631c5b535b3d6cffd0fb6/mc-318-big-Data.db:level=0, ]
2020-09-14T23:53:32.460056982Z  INFO  2020-09-14 23:53:32,459 [shard 2] compaction - Compacting [/var/lib/scylla/data/system_schema/computed_columns-cc7c7069374033c192a4c3de78dbd2c4/mc-282-big-Data.db:level=0, /var/lib/scylla/data/system_schema/computed_columns-cc7c7069374033c192a4c3de78dbd2c4/mc-278-big-Data.db:level=0, ]
2020-09-14T23:53:32.460281552Z  INFO  2020-09-14 23:53:32,459 [shard 2] compaction - Compacting [/var/lib/scylla/data/system_schema/scylla_tables-5d912ff1f7593665b2c88042ab5103dd/mc-286-big-Data.db:level=0, /var/lib/scylla/data/system_schema/scylla_tables-5d912ff1f7593665b2c88042ab5103dd/mc-282-big-Data.db:level=0, ]
2020-09-14T23:53:32.460623538Z  INFO  2020-09-14 23:53:32,460 [shard 2] compaction - Compacting [/var/lib/scylla/data/system/compaction_history-b4dbb7b4dc493fb5b3bfce6e434832ca/mc-378-big-Data.db:level=0, /var/lib/scylla/data/system/compaction_history-b4dbb7b4dc493fb5b3bfce6e434832ca/mc-374-big-Data.db:level=0, /var/lib/scylla/data/system/compaction_history-b4dbb7b4dc493fb5b3bfce6e434832ca/mc-370-big-Data.db:level=0, ]
2020-09-14T23:53:32.461045104Z  INFO  2020-09-14 23:53:32,460 [shard 3] compaction - Compacting [/var/lib/scylla/data/system_schema/dropped_columns-5e7583b5f3f43af19a39b7e1d6f5f11f/mc-323-big-Data.db:level=0, /var/lib/scylla/data/system_schema/dropped_columns-5e7583b5f3f43af19a39b7e1d6f5f11f/mc-327-big-Data.db:level=0, /var/lib/scylla/data/system_schema/dropped_columns-5e7583b5f3f43af19a39b7e1d6f5f11f/mc-319-big-Data.db:level=0, ]
2020-09-14T23:53:32.461534911Z  INFO  2020-09-14 23:53:32,461 [shard 3] compaction - Compacting [/var/lib/scylla/data/system_schema/functions-96489b7980be3e14a70166a0b9159450/mc-263-big-Data.db:level=0, /var/lib/scylla/data/system_schema/functions-96489b7980be3e14a70166a0b9159450/mc-255-big-Data.db:level=0, /var/lib/scylla/data/system_schema/functions-96489b7980be3e14a70166a0b9159450/mc-259-big-Data.db:level=0, ]
2020-09-14T23:53:32.461992310Z  INFO  2020-09-14 23:53:32,461 [shard 3] compaction - Compacting [/var/lib/scylla/data/system/compaction_history-b4dbb7b4dc493fb5b3bfce6e434832ca/mc-379-big-Data.db:level=0, /var/lib/scylla/data/system/compaction_history-b4dbb7b4dc493fb5b3bfce6e434832ca/mc-375-big-Data.db:level=0, /var/lib/scylla/data/system/compaction_history-b4dbb7b4dc493fb5b3bfce6e434832ca/mc-371-big-Data.db:level=0, ]
2020-09-14T23:53:32.462495369Z  INFO  2020-09-14 23:53:32,462 [shard 3] compaction - Compacting [/var/lib/scylla/data/system_schema/indexes-0feb57ac311f382fba6d9024d305702f/mc-307-big-Data.db:level=0, /var/lib/scylla/data/system_schema/indexes-0feb57ac311f382fba6d9024d305702f/mc-303-big-Data.db:level=0, /var/lib/scylla/data/system_schema/indexes-0feb57ac311f382fba6d9024d305702f/mc-299-big-Data.db:level=0, ]
2020-09-14T23:53:32.463038972Z  INFO  2020-09-14 23:53:32,462 [shard 3] compaction - Compacting [/var/lib/scylla/data/system_schema/scylla_tables-5d912ff1f7593665b2c88042ab5103dd/mc-287-big-Data.db:level=0, /var/lib/scylla/data/system_schema/scylla_tables-5d912ff1f7593665b2c88042ab5103dd/mc-283-big-Data.db:level=0, ]
2020-09-14T23:53:32.463800809Z  INFO  2020-09-14 23:53:32,463 [shard 3] compaction - Compacting [/var/lib/scylla/data/dt/source_data-6af6cd50d77b11ea9877000000000001/mc-287-big-Data.db:level=0, /var/lib/scylla/data/dt/source_data-6af6cd50d77b11ea9877000000000001/mc-283-big-Data.db:level=0, /var/lib/scylla/data/dt/source_data-6af6cd50d77b11ea9877000000000001/mc-279-big-Data.db:level=0, ]
2020-09-14T23:53:32.468213695Z  INFO  2020-09-14 23:53:32,467 [shard 0] init - initializing migration manager RPC verbs
2020-09-14T23:53:32.469232981Z  INFO  2020-09-14 23:53:32,468 [shard 0] init - initializing storage proxy RPC verbs
2020-09-14T23:53:32.470296815Z  INFO  2020-09-14 23:53:32,469 [shard 0] init - starting streaming service
2020-09-14T23:53:32.473209385Z  INFO  2020-09-14 23:53:32,472 [shard 0] init - starting hinted handoff manager
2020-09-14T23:53:33.707814621Z  WARN  2020-09-14 23:53:33,707 [shard 3] large_data - Writing a partition with too many rows [dt/source_data:d0a71d84-b80f-4558-beac-8887750652e3] (105841 rows)
2020-09-14T23:53:34.156015819Z  INFO  2020-09-14 23:53:34,155 [shard 3] compaction - Compacted 3 sstables to []. 16431 bytes to 0 (~0% of original) in 0ms = 0.00MB/s. ~384 total partitions merged to 0.
2020-09-14T23:53:34.169905386Z  INFO  2020-09-14 23:53:34,169 [shard 0] init - starting messaging service
2020-09-14T23:53:34.170443645Z  INFO  2020-09-14 23:53:34,170 [shard 0] repair - Setting max_repair_memory=168820736, max_repair_memory_per_range=33554432, max_repair_ranges_in_parallel=5
2020-09-14T23:53:34.170979665Z  INFO  2020-09-14 23:53:34,170 [shard 0] init - starting storage service
2020-09-14T23:53:34.171934783Z  INFO  2020-09-14 23:53:34,171 [shard 0] storage_service - Loading persisted ring state
2020-09-14T23:53:34.174127407Z  INFO  2020-09-14 23:53:34,173 [shard 0] storage_service - loaded_peer_features: peer_features size=0
2020-09-14T23:53:34.174358201Z  INFO  2020-09-14 23:53:34,173 [shard 0] storage_service - Checking remote features skipped, since this node is a new seed node which knows nothing about the cluster
2020-09-14T23:53:34.176407705Z  INFO  2020-09-14 23:53:34,175 [shard 0] storage_service - Restarting a node in NORMAL status
2020-09-14T23:53:34.213177785Z  INFO  2020-09-14 23:53:34,212 [shard 0] database - Schema version changed to 3f00f995-6495-3765-8599-4e76a2f4c6b2
2020-09-14T23:53:34.213523775Z  INFO  2020-09-14 23:53:34,212 [shard 0] storage_service - Starting up server gossip
2020-09-14T23:53:34.774339297Z  INFO  2020-09-14 23:53:34,773 [shard 2] compaction - Compacting [/var/lib/scylla/data/system_schema/view_virtual_columns-08843b6345dc3be29798a0418295cfaa/mc-270-big-Data.db:level=0, /var/lib/scylla/data/system_schema/view_virtual_columns-08843b6345dc3be29798a0418295cfaa/mc-266-big-Data.db:level=0, /var/lib/scylla/data/system_schema/view_virtual_columns-08843b6345dc3be29798a0418295cfaa/mc-262-big-Data.db:level=0, ]
2020-09-14T23:53:34.774375937Z  INFO  2020-09-14 23:53:34,773 [shard 2] compaction - Compacting [/var/lib/scylla/data/system_schema/aggregates-924c55872e3a345bb10c12f37c1ba895/mc-218-big-Data.db:level=0, /var/lib/scylla/data/system_schema/aggregates-924c55872e3a345bb10c12f37c1ba895/mc-214-big-Data.db:level=0, ]
2020-09-14T23:53:34.774581156Z  INFO  2020-09-14 23:53:34,774 [shard 2] compaction - Compacting [/var/lib/scylla/data/system/truncated-38c19fd0fb863310a4b70d0cc66628aa/mc-566-big-Data.db:level=0, /var/lib/scylla/data/system/truncated-38c19fd0fb863310a4b70d0cc66628aa/mc-562-big-Data.db:level=0, /var/lib/scylla/data/system/truncated-38c19fd0fb863310a4b70d0cc66628aa/mc-558-big-Data.db:level=0, ]
2020-09-14T23:53:34.776482075Z  INFO  2020-09-14 23:53:34,776 [shard 2] compaction - Compacting [/var/lib/scylla/data/system_schema/columns-24101c25a2ae3af787c1b40ee1aca33f/mc-326-big-Data.db:level=0, /var/lib/scylla/data/system_schema/columns-24101c25a2ae3af787c1b40ee1aca33f/mc-330-big-Data.db:level=0, /var/lib/scylla/data/system_schema/columns-24101c25a2ae3af787c1b40ee1aca33f/mc-322-big-Data.db:level=0, ]
2020-09-14T23:53:34.865738345Z  INFO  2020-09-14 23:53:34,864 [shard 1] compaction - Compacted 4 sstables to [/var/lib/scylla/data/system/local-7ad54392bcdd35a684174e047860b377/mc-1461-big-Data.db:level=0, ]. 31185 bytes to 12594 (~40% of original) in 1621ms = 0.01MB/s. ~512 total partitions merged to 1.
2020-09-14T23:53:34.866823985Z  INFO  2020-09-14 23:53:34,866 [shard 1] compaction - Compacted 3 sstables to [/var/lib/scylla/data/system/compaction_history-b4dbb7b4dc493fb5b3bfce6e434832ca/mc-381-big-Data.db:level=0, ]. 222354 bytes to 112077 (~50% of original) in 1621ms = 0.07MB/s. ~512 total partitions merged to 207.
2020-09-14T23:53:35.165248414Z  INFO  2020-09-14 23:53:35,164 [shard 0] compaction - Compacted 31 sstables to []. 697241 bytes to 0 (~0% of original) in 80ms = 0.00MB/s. ~3968 total partitions merged to 0.
2020-09-14T23:53:35.373119286Z  INFO  2020-09-14 23:53:35,372 [shard 3] compaction - Compacting [/var/lib/scylla/data/system_schema/view_virtual_columns-08843b6345dc3be29798a0418295cfaa/mc-271-big-Data.db:level=0, /var/lib/scylla/data/system_schema/view_virtual_columns-08843b6345dc3be29798a0418295cfaa/mc-267-big-Data.db:level=0, /var/lib/scylla/data/system_schema/view_virtual_columns-08843b6345dc3be29798a0418295cfaa/mc-263-big-Data.db:level=0, ]
2020-09-14T23:53:35.373442207Z  INFO  2020-09-14 23:53:35,372 [shard 3] compaction - Compacting [/var/lib/scylla/data/system_schema/triggers-4df70b666b05325195a132b54005fd48/mc-263-big-Data.db:level=0, /var/lib/scylla/data/system_schema/triggers-4df70b666b05325195a132b54005fd48/mc-255-big-Data.db:level=0, /var/lib/scylla/data/system_schema/triggers-4df70b666b05325195a132b54005fd48/mc-259-big-Data.db:level=0, ]
2020-09-14T23:53:35.375120669Z  INFO  2020-09-14 23:53:35,374 [shard 3] compaction - Compacting [/var/lib/scylla/data/system_schema/computed_columns-cc7c7069374033c192a4c3de78dbd2c4/mc-283-big-Data.db:level=0, /var/lib/scylla/data/system_schema/computed_columns-cc7c7069374033c192a4c3de78dbd2c4/mc-279-big-Data.db:level=0, ]
2020-09-14T23:53:35.464753395Z  INFO  2020-09-14 23:53:35,464 [shard 3] compaction - Compacting [/var/lib/scylla/data/system_schema/tables-afddfb9dbc1e30688056eed6c302ba09/mc-287-big-Data.db:level=0, /var/lib/scylla/data/system_schema/tables-afddfb9dbc1e30688056eed6c302ba09/mc-291-big-Data.db:level=0, /var/lib/scylla/data/system_schema/tables-afddfb9dbc1e30688056eed6c302ba09/mc-283-big-Data.db:level=0, ]
2020-09-14T23:53:35.558482517Z  INFO  2020-09-14 23:53:35,557 [shard 1] compaction - Compacting [/var/lib/scylla/data/system/local-7ad54392bcdd35a684174e047860b377/mc-1465-big-Data.db:level=0, /var/lib/scylla/data/system/local-7ad54392bcdd35a684174e047860b377/mc-1461-big-Data.db:level=0, ]
2020-09-14T23:53:35.559436374Z  INFO  2020-09-14 23:53:35,558 [shard 0] messaging_service - Starting Messaging Service on port 7000
2020-09-14T23:53:36.677255529Z  INFO  2020-09-14 23:53:36,676 [shard 2] compaction - Compacted 2 sstables to [/var/lib/scylla/data/system_schema/scylla_tables-5d912ff1f7593665b2c88042ab5103dd/mc-290-big-Data.db:level=0, ]. 11944 bytes to 6128 (~51% of original) in 2313ms = 0.00MB/s. ~256 total partitions merged to 1.
2020-09-14T23:53:36.761800039Z  INFO  2020-09-14 23:53:36,761 [shard 2] compaction - Compacted 2 sstables to [/var/lib/scylla/data/system_schema/computed_columns-cc7c7069374033c192a4c3de78dbd2c4/mc-286-big-Data.db:level=0, ]. 10551 bytes to 5432 (~51% of original) in 2314ms = 0.00MB/s. ~256 total partitions merged to 1.
2020-09-14T23:53:36.841446980Z  INFO  2020-09-14 23:53:36,841 [shard 2] compaction - Compacted 3 sstables to [/var/lib/scylla/data/system_schema/keyspaces-abac5682dea631c5b535b3d6cffd0fb6/mc-330-big-Data.db:level=0, ]. 67154 bytes to 56727 (~84% of original) in 2314ms = 0.02MB/s. ~384 total partitions merged to 2.
2020-09-14T23:53:36.841711483Z  INFO  2020-09-14 23:53:36,841 [shard 2] compaction - Compacted 3 sstables to [/var/lib/scylla/data/system/compaction_history-b4dbb7b4dc493fb5b3bfce6e434832ca/mc-382-big-Data.db:level=0, ]. 259899 bytes to 114334 (~43% of original) in 2315ms = 0.05MB/s. ~512 total partitions merged to 234.
2020-09-14T23:53:36.841732054Z  INFO  2020-09-14 23:53:36,841 [shard 2] compaction - Compacted 3 sstables to [/var/lib/scylla/data/system_schema/dropped_columns-5e7583b5f3f43af19a39b7e1d6f5f11f/mc-330-big-Data.db:level=0, ]. 15984 bytes to 5643 (~35% of original) in 2315ms = 0.00MB/s. ~384 total partitions merged to 1.
2020-09-14T23:53:37.083319863Z  INFO  2020-09-14 23:53:37,082 [shard 1] compaction - Compacted 2 sstables to [/var/lib/scylla/data/system/local-7ad54392bcdd35a684174e047860b377/mc-1469-big-Data.db:level=0, ]. 18686 bytes to 12272 (~65% of original) in 1118ms = 0.01MB/s. ~256 total partitions merged to 1.
2020-09-14T23:53:37.232095249Z  INFO  2020-09-14 23:53:37,231 [shard 3] compaction - Compacted 3 sstables to [/var/lib/scylla/data/system_schema/functions-96489b7980be3e14a70166a0b9159450/mc-267-big-Data.db:level=0, ]. 16891 bytes to 5945 (~35% of original) in 2911ms = 0.00MB/s. ~384 total partitions merged to 1.
2020-09-14T23:53:37.324187162Z  INFO  2020-09-14 23:53:37,322 [shard 0] compaction - Compacted 3 sstables to [/var/lib/scylla/data/dt/source_data-6af6cd50d77b11ea9877000000000001/mc-16-big-Data.db:level=0, ]. 302088 bytes to 169463 (~56% of original) in 3645ms = 0.04MB/s. ~384 total partitions merged to 1.
2020-09-14T23:53:37.411863195Z  INFO  2020-09-14 23:53:37,411 [shard 3] compaction - Compacted 2 sstables to [/var/lib/scylla/data/system_schema/scylla_tables-5d912ff1f7593665b2c88042ab5103dd/mc-291-big-Data.db:level=0, ]. 12564 bytes to 6441 (~51% of original) in 2909ms = 0.00MB/s. ~256 total partitions merged to 1.
2020-09-14T23:53:37.412279185Z  INFO  2020-09-14 23:53:37,411 [shard 3] compaction - Compacted 3 sstables to [/var/lib/scylla/data/system_schema/indexes-0feb57ac311f382fba6d9024d305702f/mc-311-big-Data.db:level=0, ]. 23136 bytes to 12790 (~55% of original) in 2912ms = 0.00MB/s. ~384 total partitions merged to 2.
2020-09-14T23:53:37.412759813Z  INFO  2020-09-14 23:53:37,412 [shard 3] compaction - Compacted 3 sstables to [/var/lib/scylla/data/system_schema/dropped_columns-5e7583b5f3f43af19a39b7e1d6f5f11f/mc-331-big-Data.db:level=0, ]. 16424 bytes to 5794 (~35% of original) in 2911ms = 0.00MB/s. ~384 total partitions merged to 1.
2020-09-14T23:53:37.436350269Z  INFO  2020-09-14 23:53:37,435 [shard 0] compaction - Compacted 3 sstables to [/var/lib/scylla/data/system/compaction_history-b4dbb7b4dc493fb5b3bfce6e434832ca/mc-368-big-Data.db:level=0, ]. 202317 bytes to 111145 (~54% of original) in 3645ms = 0.03MB/s. ~512 total partitions merged to 207.
2020-09-14T23:53:37.479588206Z  INFO  2020-09-14 23:53:37,478 [shard 3] compaction - Compacted 3 sstables to [/var/lib/scylla/data/dt/source_data-6af6cd50d77b11ea9877000000000001/mc-291-big-Data.db:level=0, ]. 8643632 bytes to 8510573 (~98% of original) in 2910ms = 2.79MB/s. ~384 total partitions merged to 1.
2020-09-14T23:53:37.497058252Z  INFO  2020-09-14 23:53:37,496 [shard 0] compaction - Compacted 3 sstables to [/var/lib/scylla/data/system/truncated-38c19fd0fb863310a4b70d0cc66628aa/mc-664-big-Data.db:level=0, ]. 158419 bytes to 76910 (~48% of original) in 3646ms = 0.02MB/s. ~384 total partitions merged to 2.
2020-09-14T23:53:37.568149246Z  INFO  2020-09-14 23:53:37,567 [shard 3] compaction - Compacted 3 sstables to [/var/lib/scylla/data/system/compaction_history-b4dbb7b4dc493fb5b3bfce6e434832ca/mc-383-big-Data.db:level=0, ]. 179710 bytes to 110756 (~61% of original) in 3002ms = 0.04MB/s. ~512 total partitions merged to 185.
2020-09-14T23:53:37.858824230Z  INFO  2020-09-14 23:53:37,857 [shard 2] compaction - Compacting [/var/lib/scylla/data/system_schema/functions-96489b7980be3e14a70166a0b9159450/mc-258-big-Data.db:level=0, /var/lib/scylla/data/system_schema/functions-96489b7980be3e14a70166a0b9159450/mc-250-big-Data.db:level=0, /var/lib/scylla/data/system_schema/functions-96489b7980be3e14a70166a0b9159450/mc-254-big-Data.db:level=0, ]
2020-09-14T23:53:37.860021446Z  INFO  2020-09-14 23:53:37,859 [shard 2] compaction - Compacting [/var/lib/scylla/data/system_schema/tables-afddfb9dbc1e30688056eed6c302ba09/mc-290-big-Data.db:level=0, /var/lib/scylla/data/system_schema/tables-afddfb9dbc1e30688056eed6c302ba09/mc-294-big-Data.db:level=0, /var/lib/scylla/data/system_schema/tables-afddfb9dbc1e30688056eed6c302ba09/mc-286-big-Data.db:level=0, ]
2020-09-14T23:53:38.313495133Z  INFO  2020-09-14 23:53:38,312 [shard 3] compaction - Compacting [/var/lib/scylla/data/system_schema/types-5a8b1ca866023f77a0459273d308917a/mc-231-big-Data.db:level=0, /var/lib/scylla/data/system_schema/types-5a8b1ca866023f77a0459273d308917a/mc-223-big-Data.db:level=0, /var/lib/scylla/data/system_schema/types-5a8b1ca866023f77a0459273d308917a/mc-227-big-Data.db:level=0, ]
2020-09-14T23:53:38.315259651Z  INFO  2020-09-14 23:53:38,314 [shard 3] compaction - Compacting [/var/lib/scylla/data/system/large_cells-ead8bbc5f1463ae19f710b11f9a1d296/mc-19-big-Data.db:level=0, /var/lib/scylla/data/system/large_cells-ead8bbc5f1463ae19f710b11f9a1d296/mc-15-big-Data.db:level=0, ]
2020-09-14T23:53:38.315324802Z  INFO  2020-09-14 23:53:38,314 [shard 3] compaction - Compacting [/var/lib/scylla/data/system_schema/keyspaces-abac5682dea631c5b535b3d6cffd0fb6/mc-319-big-Data.db:level=0, /var/lib/scylla/data/system_schema/keyspaces-abac5682dea631c5b535b3d6cffd0fb6/mc-323-big-Data.db:level=0, /var/lib/scylla/data/system_schema/keyspaces-abac5682dea631c5b535b3d6cffd0fb6/mc-315-big-Data.db:level=0, ]
2020-09-14T23:53:38.316526134Z  INFO  2020-09-14 23:53:38,316 [shard 3] compaction - Compacting [/var/lib/scylla/data/system_schema/columns-24101c25a2ae3af787c1b40ee1aca33f/mc-327-big-Data.db:level=0, /var/lib/scylla/data/system_schema/columns-24101c25a2ae3af787c1b40ee1aca33f/mc-331-big-Data.db:level=0, /var/lib/scylla/data/system_schema/columns-24101c25a2ae3af787c1b40ee1aca33f/mc-323-big-Data.db:level=0, ]
2020-09-14T23:53:38.724004514Z  INFO  2020-09-14 23:53:38,723 [shard 2] compaction - Compacted 2 sstables to [/var/lib/scylla/data/system_schema/aggregates-924c55872e3a345bb10c12f37c1ba895/mc-222-big-Data.db:level=0, ]. 11133 bytes to 5723 (~51% of original) in 3083ms = 0.00MB/s. ~256 total partitions merged to 1.
2020-09-14T23:53:38.976119120Z  INFO  2020-09-14 23:53:38,975 [shard 2] compaction - Compacted 3 sstables to [/var/lib/scylla/data/system_schema/view_virtual_columns-08843b6345dc3be29798a0418295cfaa/mc-274-big-Data.db:level=0, ]. 16452 bytes to 5799 (~35% of original) in 3084ms = 0.00MB/s. ~384 total partitions merged to 1.
2020-09-14T23:53:38.976153901Z  INFO  2020-09-14 23:53:38,975 [shard 2] compaction - Compacted 3 sstables to [/var/lib/scylla/data/system/truncated-38c19fd0fb863310a4b70d0cc66628aa/mc-570-big-Data.db:level=0, ]. 167632 bytes to 56244 (~33% of original) in 3085ms = 0.02MB/s. ~384 total partitions merged to 4.
2020-09-14T23:53:38.977496517Z  INFO  2020-09-14 23:53:38,976 [shard 2] compaction - Compacted 3 sstables to [/var/lib/scylla/data/system_schema/columns-24101c25a2ae3af787c1b40ee1aca33f/mc-334-big-Data.db:level=0, ]. 78680 bytes to 61702 (~78% of original) in 3083ms = 0.02MB/s. ~384 total partitions merged to 2.
2020-09-14T23:53:39.603925886Z  INFO  2020-09-14 23:53:39,602 [shard 2] compaction - Compacting [/var/lib/scylla/data/system_schema/views-9786ac1cdd583201a7cdad556410c985/mc-230-big-Data.db:level=0, /var/lib/scylla/data/system_schema/views-9786ac1cdd583201a7cdad556410c985/mc-222-big-Data.db:level=0, /var/lib/scylla/data/system_schema/views-9786ac1cdd583201a7cdad556410c985/mc-226-big-Data.db:level=0, ]
2020-09-14T23:53:39.617040350Z  INFO  2020-09-14 23:53:39,616 [shard 3] compaction - Compacted 3 sstables to [/var/lib/scylla/data/system_schema/triggers-4df70b666b05325195a132b54005fd48/mc-267-big-Data.db:level=0, ]. 16093 bytes to 5679 (~35% of original) in 2940ms = 0.00MB/s. ~384 total partitions merged to 1.
2020-09-14T23:53:39.692195553Z  INFO  2020-09-14 23:53:39,691 [shard 3] compaction - Compacted 3 sstables to [/var/lib/scylla/data/system_schema/view_virtual_columns-08843b6345dc3be29798a0418295cfaa/mc-275-big-Data.db:level=0, ]. 23510 bytes to 12927 (~54% of original) in 2942ms = 0.00MB/s. ~384 total partitions merged to 2.
2020-09-14T23:53:39.693531072Z  INFO  2020-09-14 23:53:39,692 [shard 3] compaction - Compacted 2 sstables to [/var/lib/scylla/data/system_schema/computed_columns-cc7c7069374033c192a4c3de78dbd2c4/mc-287-big-Data.db:level=0, ]. 17544 bytes to 12459 (~71% of original) in 2940ms = 0.00MB/s. ~256 total partitions merged to 2.
2020-09-14T23:53:39.694285635Z  INFO  2020-09-14 23:53:39,693 [shard 3] compaction - Compacted 2 sstables to []. 11370 bytes to 0 (~0% of original) in 0ms = 0.00MB/s. ~256 total partitions merged to 0.
2020-09-14T23:53:39.695217829Z  INFO  2020-09-14 23:53:39,694 [shard 3] compaction - Compacted 3 sstables to [/var/lib/scylla/data/system_schema/tables-afddfb9dbc1e30688056eed6c302ba09/mc-295-big-Data.db:level=0, ]. 74117 bytes to 56515 (~76% of original) in 2851ms = 0.02MB/s. ~384 total partitions merged to 4.
2020-09-14T23:53:40.380881933Z  INFO  2020-09-14 23:53:40,380 [shard 3] compaction - Compacting [/var/lib/scylla/data/system_schema/views-9786ac1cdd583201a7cdad556410c985/mc-227-big-Data.db:level=0, /var/lib/scylla/data/system_schema/views-9786ac1cdd583201a7cdad556410c985/mc-223-big-Data.db:level=0, ]
2020-09-14T23:53:40.381575545Z  INFO  2020-09-14 23:53:40,380 [shard 3] compaction - Compacting [/var/lib/scylla/data/system_schema/aggregates-924c55872e3a345bb10c12f37c1ba895/mc-219-big-Data.db:level=0, /var/lib/scylla/data/system_schema/aggregates-924c55872e3a345bb10c12f37c1ba895/mc-215-big-Data.db:level=0, ]
2020-09-14T23:53:40.437357767Z  INFO  2020-09-14 23:53:40,436 [shard 2] compaction - Compacted 3 sstables to [/var/lib/scylla/data/system_schema/functions-96489b7980be3e14a70166a0b9159450/mc-262-big-Data.db:level=0, ]. 16995 bytes to 5980 (~35% of original) in 1744ms = 0.00MB/s. ~384 total partitions merged to 1.
2020-09-14T23:53:40.438496127Z  INFO  2020-09-14 23:53:40,438 [shard 2] compaction - Compacted 3 sstables to [/var/lib/scylla/data/system_schema/tables-afddfb9dbc1e30688056eed6c302ba09/mc-298-big-Data.db:level=0, ]. 75514 bytes to 59945 (~79% of original) in 1743ms = 0.03MB/s. ~384 total partitions merged to 2.
2020-09-14T23:53:40.864058234Z  INFO  2020-09-14 23:53:40,863 [shard 2] compaction - Compacting [/var/lib/scylla/data/system_schema/triggers-4df70b666b05325195a132b54005fd48/mc-262-big-Data.db:level=0, /var/lib/scylla/data/system_schema/triggers-4df70b666b05325195a132b54005fd48/mc-258-big-Data.db:level=0, /var/lib/scylla/data/system_schema/triggers-4df70b666b05325195a132b54005fd48/mc-254-big-Data.db:level=0, ]
2020-09-14T23:53:41.291432560Z  INFO  2020-09-14 23:53:41,290 [shard 3] compaction - Compacted 3 sstables to [/var/lib/scylla/data/system_schema/types-5a8b1ca866023f77a0459273d308917a/mc-235-big-Data.db:level=0, ]. 16116 bytes to 5740 (~35% of original) in 2066ms = 0.00MB/s. ~384 total partitions merged to 1.
2020-09-14T23:53:41.292759100Z  INFO  2020-09-14 23:53:41,292 [shard 3] compaction - Compacted 3 sstables to [/var/lib/scylla/data/system_schema/keyspaces-abac5682dea631c5b535b3d6cffd0fb6/mc-327-big-Data.db:level=0, ]. 61710 bytes to 51353 (~83% of original) in 2065ms = 0.02MB/s. ~384 total partitions merged to 4.
2020-09-14T23:53:41.293541600Z  INFO  2020-09-14 23:53:41,293 [shard 3] compaction - Compacted 3 sstables to [/var/lib/scylla/data/system_schema/columns-24101c25a2ae3af787c1b40ee1aca33f/mc-335-big-Data.db:level=0, ]. 76169 bytes to 57505 (~75% of original) in 2066ms = 0.03MB/s. ~384 total partitions merged to 4.
2020-09-14T23:53:41.350117957Z  INFO  2020-09-14 23:53:41,349 [shard 2] compaction - Compacted 3 sstables to [/var/lib/scylla/data/system_schema/views-9786ac1cdd583201a7cdad556410c985/mc-234-big-Data.db:level=0, ]. 20393 bytes to 7166 (~35% of original) in 1260ms = 0.01MB/s. ~384 total partitions merged to 1.
2020-09-14T23:53:41.938209878Z  INFO  2020-09-14 23:53:41,937 [shard 2] compaction - Compacting [/var/lib/scylla/data/system_schema/indexes-0feb57ac311f382fba6d9024d305702f/mc-310-big-Data.db:level=0, /var/lib/scylla/data/system_schema/indexes-0feb57ac311f382fba6d9024d305702f/mc-306-big-Data.db:level=0, /var/lib/scylla/data/system_schema/indexes-0feb57ac311f382fba6d9024d305702f/mc-302-big-Data.db:level=0, ]
2020-09-14T23:53:41.997389878Z  INFO  2020-09-14 23:53:41,996 [shard 3] compaction - Compacting [/var/lib/scylla/data/system/truncated-38c19fd0fb863310a4b70d0cc66628aa/mc-371-big-Data.db:level=0, /var/lib/scylla/data/system/truncated-38c19fd0fb863310a4b70d0cc66628aa/mc-367-big-Data.db:level=0, /var/lib/scylla/data/system/truncated-38c19fd0fb863310a4b70d0cc66628aa/mc-363-big-Data.db:level=0, ]
2020-09-14T23:53:42.217328775Z  INFO  2020-09-14 23:53:42,216 [shard 2] compaction - Compacted 3 sstables to [/var/lib/scylla/data/system_schema/triggers-4df70b666b05325195a132b54005fd48/mc-266-big-Data.db:level=0, ]. 16197 bytes to 5714 (~35% of original) in 1074ms = 0.01MB/s. ~384 total partitions merged to 1.
2020-09-14T23:53:42.513942060Z  INFO  2020-09-14 23:53:42,513 [shard 3] compaction - Compacted 2 sstables to [/var/lib/scylla/data/system_schema/aggregates-924c55872e3a345bb10c12f37c1ba895/mc-223-big-Data.db:level=0, ]. 11064 bytes to 5688 (~51% of original) in 1615ms = 0.00MB/s. ~256 total partitions merged to 1.
2020-09-14T23:53:42.513986373Z  INFO  2020-09-14 23:53:42,513 [shard 3] compaction - Compacted 2 sstables to [/var/lib/scylla/data/system_schema/views-9786ac1cdd583201a7cdad556410c985/mc-231-big-Data.db:level=0, ]. 21047 bytes to 14388 (~68% of original) in 1616ms = 0.01MB/s. ~256 total partitions merged to 2.
2020-09-14T23:53:42.810709010Z  INFO  2020-09-14 23:53:42,809 [shard 2] compaction - Compacting [/var/lib/scylla/data/system_schema/types-5a8b1ca866023f77a0459273d308917a/mc-234-big-Data.db:level=0, /var/lib/scylla/data/system_schema/types-5a8b1ca866023f77a0459273d308917a/mc-226-big-Data.db:level=0, /var/lib/scylla/data/system_schema/types-5a8b1ca866023f77a0459273d308917a/mc-230-big-Data.db:level=0, ]
2020-09-14T23:53:43.234362052Z  INFO  2020-09-14 23:53:43,233 [shard 2] compaction - Compacted 3 sstables to [/var/lib/scylla/data/system_schema/indexes-0feb57ac311f382fba6d9024d305702f/mc-314-big-Data.db:level=0, ]. 16175 bytes to 5760 (~35% of original) in 872ms = 0.01MB/s. ~384 total partitions merged to 1.
2020-09-14T23:53:43.409380467Z  INFO  2020-09-14 23:53:43,408 [shard 3] compaction - Compacted 3 sstables to [/var/lib/scylla/data/system/truncated-38c19fd0fb863310a4b70d0cc66628aa/mc-375-big-Data.db:level=0, ]. 188986 bytes to 63365 (~33% of original) in 1043ms = 0.06MB/s. ~384 total partitions merged to 2.
2020-09-14T23:53:43.636025081Z  INFO  2020-09-14 23:53:43,634 [shard 2] compaction - Compacted 3 sstables to [/var/lib/scylla/data/system_schema/types-5a8b1ca866023f77a0459273d308917a/mc-238-big-Data.db:level=0, ]. 16220 bytes to 5775 (~35% of original) in 738ms = 0.01MB/s. ~384 total partitions merged to 1.
2020-09-14T23:53:47.565797613Z  INFO  2020-09-14 23:53:47,564 [shard 0] gossip - No gossip backlog; proceeding
2020-09-14T23:53:47.567886848Z  INFO  2020-09-14 23:53:47,565 [shard 0] features - Feature COMPUTED_COLUMNS is enabled
2020-09-14T23:53:47.567938435Z  INFO  2020-09-14 23:53:47,565 [shard 0] features - Feature CORRECT_COUNTER_ORDER is enabled
2020-09-14T23:53:47.567960434Z  INFO  2020-09-14 23:53:47,565 [shard 0] features - Feature CORRECT_NON_COMPOUND_RANGE_TOMBSTONES is enabled
2020-09-14T23:53:47.567978894Z  INFO  2020-09-14 23:53:47,565 [shard 0] features - Feature CORRECT_STATIC_COMPACT_IN_MC is enabled
2020-09-14T23:53:47.568010417Z  INFO  2020-09-14 23:53:47,565 [shard 0] features - Feature COUNTERS is enabled
2020-09-14T23:53:47.568041691Z  INFO  2020-09-14 23:53:47,566 [shard 0] features - Feature DIGEST_INSENSITIVE_TO_EXPIRY is enabled
2020-09-14T23:53:47.568072813Z  INFO  2020-09-14 23:53:47,566 [shard 0] features - Feature DIGEST_MULTIPARTITION_READ is enabled
2020-09-14T23:53:47.568090306Z  INFO  2020-09-14 23:53:47,566 [shard 0] features - Feature HINTED_HANDOFF_SEPARATE_CONNECTION is enabled
2020-09-14T23:53:47.568107827Z  INFO  2020-09-14 23:53:47,566 [shard 0] features - Feature INDEXES is enabled
2020-09-14T23:53:47.568138667Z  INFO  2020-09-14 23:53:47,566 [shard 0] features - Feature LARGE_PARTITIONS is enabled
2020-09-14T23:53:47.568156050Z  INFO  2020-09-14 23:53:47,566 [shard 0] features - Feature LWT is enabled
2020-09-14T23:53:47.568173743Z  INFO  2020-09-14 23:53:47,566 [shard 0] features - Feature MATERIALIZED_VIEWS is enabled
2020-09-14T23:53:47.568205140Z  INFO  2020-09-14 23:53:47,566 [shard 0] features - Feature MC_SSTABLE_FORMAT is enabled
2020-09-14T23:53:47.568222710Z  INFO  2020-09-14 23:53:47,566 [shard 0] features - Feature NONFROZEN_UDTS is enabled
2020-09-14T23:53:47.568240913Z  INFO  2020-09-14 23:53:47,566 [shard 0] features - Feature PER_TABLE_PARTITIONERS is enabled
2020-09-14T23:53:47.568258500Z  INFO  2020-09-14 23:53:47,566 [shard 0] features - Feature RANGE_TOMBSTONES is enabled
2020-09-14T23:53:47.568276530Z  INFO  2020-09-14 23:53:47,566 [shard 0] features - Feature ROLES is enabled
2020-09-14T23:53:47.568293799Z  INFO  2020-09-14 23:53:47,566 [shard 0] features - Feature ROW_LEVEL_REPAIR is enabled
2020-09-14T23:53:47.568311115Z  INFO  2020-09-14 23:53:47,566 [shard 0] features - Feature SCHEMA_TABLES_V3 is enabled
2020-09-14T23:53:47.568358345Z  INFO  2020-09-14 23:53:47,566 [shard 0] features - Feature STREAM_WITH_RPC_STREAM is enabled
2020-09-14T23:53:47.568378646Z  INFO  2020-09-14 23:53:47,566 [shard 0] features - Feature TRUNCATION_TABLE is enabled
2020-09-14T23:53:47.568396651Z  INFO  2020-09-14 23:53:47,566 [shard 0] system_keyspace - Got cluster agreement on truncation table feature. Removing legacy records.
2020-09-14T23:53:47.568417972Z  INFO  2020-09-14 23:53:47,566 [shard 0] features - Feature UNBOUNDED_RANGE_TOMBSTONES is enabled
2020-09-14T23:53:47.568436748Z  INFO  2020-09-14 23:53:47,566 [shard 0] features - Feature VIEW_VIRTUAL_COLUMNS is enabled
2020-09-14T23:53:47.568454382Z  INFO  2020-09-14 23:53:47,566 [shard 0] features - Feature WRITE_FAILURE_REPLY is enabled
2020-09-14T23:53:47.568485462Z  INFO  2020-09-14 23:53:47,566 [shard 0] features - Feature XXHASH is enabled
2020-09-14T23:53:47.570031000Z  INFO  2020-09-14 23:53:47,567 [shard 0] system_keyspace - Legacy records deleted.
2020-09-14T23:53:47.570075164Z  INFO  2020-09-14 23:53:47,568 [shard 0] init - starting system distributed keyspace
2020-09-14T23:53:47.575338389Z  INFO  2020-09-14 23:53:47,573 [shard 0] storage_service - Using saved tokens {943448605036726745, 9061580907506437136, 8957018461898327244, 8813999419995718088, 8775859223532977932, 873311388414975666, 8707696313600310498, 8675978575875245837, 855031166620283245, 8476533345381470087, 8413544620893079714, 8382283044476755854, 7804258889026263620, 778239093056833917, 7732629563319678675, 7564694057214588647, 747840302865059114, 7255484784972643852, 700944770677405149, 7009081579420542256, 7354219953741161264, 6974970471767945112, 6788034976878782500, 667581605220131528, 6496091893897576732, 6478032244021912394, 6420907855788431922, 8777890816944145805, 6381418245203458391, 6358173612251239308, 6302443190184390149, 6115776390551923703, 5906838239532612246, 5890706123786165213, 588034934972968299, 5848278814186320030, 5834675951458569055, 5796254206948921528, -6441145814158460549, 7172238068082229918, -6238625478980828395, -6199824488038647909, -572473923349256348, -5526097868254533829, -5508289632699420366, -6338043935148530859, 4738411181964629022, -5411685484465544274, 5103660925946342563, -5360532551957069796, -5246840897237646542, -8953406550820932827, -511676141100664160, -4872163430844150374, 5153854518462400651, -4829128129506020031, 6818717460470417221, -4735496583611878200, -7913213531410876291, -8612347190400988175, 3361838207769500988, -4770694758141334815, 3533570692245755170, -3014142033706378490, -6648258355715071793, 105268539462240253, 6448269612184381105, 3941245744356891698, -4925670906471950289, -6853270293933441203, -431455211546220291, -4106310081010891923, -4280461110562472301, -4231054370802445643, 4453520694484038438, -5140544052953576706, -7341700934491837716, -4177024142024341044, -2365586676906010085, -4368295386640868227, -6779834804380741154, 7103497347382660592, -471701403720839764, -2187125227394891465, -1593748153114868683, 8325613099551670589, -6017078328443447975, 408961909545308462, -3256341547923989103, 1911454556365012923, -2135119982021577211, -6104126434670973331, -1614584707908969492, -5285270377043925775, 194223785007163967, 3556932048290112968, 4378909036113166689, -2319706609635128471, 782580883702972777, -3880555618453256762, -2879534723161185431, 7469085752185829039, -8001902308657073600, -1522914538603683793, 784130423392421222, -3409621329811667263, -5136236598692180863, -2640475812391264528, 3907413558358164712, -2166731983266837511, -8529251962487546573, -5228242602708342126, -6263078841153087564, -1295419475388780424, 5311755414232655734, -4113405879925637368, 2104079815049743807, -105211415949921556, -1004253484774030395, -6093280019772326743, -1363472444035739717, 7772390126184307669, 3373616921334842984, -3428624778218969630, -4475005699924690030, -1207620414022812792, -4203952547861361192, -4895652206680369668, 5569071124009844993, -2800260328053956713, 1033733984444816800, -1761718599052329021, -6249520955674807415, -6810383749951706976, -2391018463907211455, -3729138346528579520, -3942245253345029362, -1032698423218536378, 2233495137371904435, -1970747149103226319, 2531294222158762011, 4445989245037378795, -2648919406212884980, 800062458669145892, -6586482614645135705, -8855822008500182327, -2076430708060394350, -6127879535600466936, 5017042126534426855, -6767019288334108993, -6985294397658573838, -2605645373691895986, 2542018259596577135, -2699231837109027988, -9132047842757487932, 9066588519930559993, -4601858807243735115, 1470306277250886071, 1688077838521597411, -2700796200994103492, -5656441245782528349, 3822141065635310082, -4415280594152455372, -1709100826419756065, -2732234699235264563, -3101294897153501639, 6933997554702494562, -4541237399207364623, 1251119865371637993, -3280527161887251879, -4007868363884276055, -4134923634748466107, -5595342098352848506, 533209426647054698, 285540986842976874, -4193553788022177878, -7111183380354176443, 7880345233810794046, -7190282066974323895, -7232953798633244985, -7512330892235471280, -889434854029329118, 9122882257136270100, 3909145942678699742, 2870638580126821409, -2685359252619347507, 4540975434217357056, 1912522665107890116, -1474028219808469861, -7767361191227918078, -8495384334141326469, -8024675672634848221, -8352632933072691056, -1084614158625469139, -8372022353883945178, -1171738939209168407, -8485257529464526975, -8549013321787275289, -7405825010257289618, -8694753427154041557, -9173155356561330710, -3164480873853500968, 1172299952227812636, 1535311813904826318, 156312151312654313, 2050968450175517454, 1018091569669202328, 1574734081023094222, 214428871588027420, -5095673126210616552, 2431756818088451524, -1208769590907790735, 3022913469242457337, 2609254198811139442, 5396954320704971060, 284028081363756156, -184157634332906914, 2879924223908633556, 3014475854062098037, 8280511155447462154, 3058186759042775792, 3100842289958262644, -769344519844763244, 3287699046743316011, 7743526815996532326, -7148146405116016542, 352278596429886466, 3606629961194077343, 3840184102447470012, -4623422606623793434, 3924960423780627192, 4660022660859336370, 5401470720317959250, 3979649323160207298, 4037379789709069307, 790424663468033093, 5150907166433009570, 4083460330442256183, 4262233236239091105, 4461207940793579131, 7222389702734437292, 4497639963855891379, 5935809959838255935, 525652295242460822, -9210810031089136649, 3145063885579200582, 5102381975608989830, 5104799485589097680, -467985751191813914, 5122450296475986719, 5256736089695841171, 5341717901052361821, 5441044328235651423, 5661405961885371428, -6303682351633097607, 5704999654143823990}
2020-09-14T23:53:47.604307555Z  INFO  2020-09-14 23:53:47,603 [shard 0] database - Schema version changed to e1b2d478-e5f2-30c4-b994-d93919918df3
2020-09-14T23:53:47.604333720Z  INFO  2020-09-14 23:53:47,603 [shard 0] database - Schema version changed to e1b2d478-e5f2-30c4-b994-d93919918df3
2020-09-14T23:53:47.605380015Z  INFO  2020-09-14 23:53:47,605 [shard 0] database - Schema version changed to 0e03d198-385b-3f36-8c34-c3f5846bbbac
2020-09-14T23:53:48.058931148Z  INFO  2020-09-14 23:53:48,058 [shard 1] compaction - Compacting [/var/lib/scylla/data/system/local-7ad54392bcdd35a684174e047860b377/mc-1473-big-Data.db:level=0, /var/lib/scylla/data/system/local-7ad54392bcdd35a684174e047860b377/mc-1469-big-Data.db:level=0, ]
2020-09-14T23:53:48.065782199Z  INFO  2020-09-14 23:53:48,065 [shard 0] storage_service - Node 10.0.22.3 state jump to normal
2020-09-14T23:53:48.065824984Z  INFO  2020-09-14 23:53:48,065 [shard 0] storage_service - Remove node 10.0.22.3 from pending replacing endpoint
2020-09-14T23:53:48.570961795Z  INFO  2020-09-14 23:53:48,570 [shard 0] storage_service - NORMAL: node is now in normal status
2020-09-14T23:53:48.571021215Z  INFO  2020-09-14 23:53:48,570 [shard 0] cdc - No generation seen during startup.
2020-09-14T23:53:48.573659402Z  INFO  2020-09-14 23:53:48,573 [shard 0] init - starting tracing
2020-09-14T23:53:48.574606975Z  INFO  2020-09-14 23:53:48,574 [shard 0] storage_service - SSTable data integrity checker is disabled.
2020-09-14T23:53:48.575330876Z  INFO  2020-09-14 23:53:48,574 [shard 0] init - starting batchlog manager
2020-09-14T23:53:48.575886987Z  INFO  2020-09-14 23:53:48,575 [shard 0] init - starting load meter
2020-09-14T23:53:48.575906384Z  INFO  2020-09-14 23:53:48,575 [shard 0] init - starting cf cache hit rate calculator
2020-09-14T23:53:48.576448403Z  INFO  2020-09-14 23:53:48,575 [shard 0] init - starting view update backlog broker
2020-09-14T23:53:48.577496387Z  INFO  2020-09-14 23:53:48,577 [shard 0] init - Waiting for gossip to settle before accepting client requests...
2020-09-14T23:53:48.658454878Z  INFO  2020-09-14 23:53:48,657 [shard 1] compaction - Compacted 2 sstables to [/var/lib/scylla/data/system/local-7ad54392bcdd35a684174e047860b377/mc-1481-big-Data.db:level=0, ]. 18351 bytes to 12071 (~65% of original) in 510ms = 0.02MB/s. ~256 total partitions merged to 1.
2020-09-14T23:53:48.659187894Z  INFO  2020-09-14 23:53:48,658 [shard 1] compaction - Compacting [/var/lib/scylla/data/system/local-7ad54392bcdd35a684174e047860b377/mc-1477-big-Data.db:level=0, /var/lib/scylla/data/system/local-7ad54392bcdd35a684174e047860b377/mc-1481-big-Data.db:level=0, ]
2020-09-14T23:53:49.157301189Z  INFO  2020-09-14 23:53:49,156 [shard 1] compaction - Compacted 2 sstables to [/var/lib/scylla/data/system/local-7ad54392bcdd35a684174e047860b377/mc-1485-big-Data.db:level=0, ]. 18170 bytes to 12076 (~66% of original) in 391ms = 0.03MB/s. ~256 total partitions merged to 1.
2020-09-14T23:54:00.578676096Z  INFO  2020-09-14 23:54:00,577 [shard 0] gossip - No gossip backlog; proceeding
2020-09-14T23:54:00.580025143Z  INFO  2020-09-14 23:54:00,579 [shard 0] init - allow replaying hints
2020-09-14T23:54:00.580781336Z  INFO  2020-09-14 23:54:00,580 [shard 0] init - Launching generate_mv_updates for non system tables
2020-09-14T23:54:00.581393759Z  INFO  2020-09-14 23:54:00,580 [shard 0] init - starting the view builder
2020-09-14T23:54:00.967839775Z  INFO  2020-09-14 23:54:00,967 [shard 0] init - starting native transport
2020-09-14T23:54:00.967877795Z  INFO  2020-09-14 23:54:00,967 [shard 0] compaction - Compacting [/var/lib/scylla/data/system/truncated-38c19fd0fb863310a4b70d0cc66628aa/mc-668-big-Data.db:level=0, /var/lib/scylla/data/system/truncated-38c19fd0fb863310a4b70d0cc66628aa/mc-664-big-Data.db:level=0, ]
2020-09-14T23:54:00.969980528Z  INFO  2020-09-14 23:54:00,969 [shard 0] storage_service - Starting listening for CQL clients on 10.0.22.3:9042 (unencrypted)
2020-09-14T23:54:00.972098214Z  INFO  2020-09-14 23:54:00,971 [shard 0] storage_service - Thrift server listening on 10.0.22.3:9160 ...
2020-09-14T23:54:00.973314817Z  INFO  2020-09-14 23:54:00,972 [shard 0] init - serving
2020-09-14T23:54:00.973352503Z  INFO  2020-09-14 23:54:00,972 [shard 0] init - Scylla version 4.1.6-0.20200831.6d9ff622df initialization completed.
2020-09-14T23:54:01.424243551Z  INFO  2020-09-14 23:54:01,423 [shard 0] compaction - Compacted 2 sstables to [/var/lib/scylla/data/system/truncated-38c19fd0fb863310a4b70d0cc66628aa/mc-672-big-Data.db:level=0, ]. 82143 bytes to 76744 (~93% of original) in 364ms = 0.20MB/s. ~256 total partitions merged to 2.
2020-09-14T23:56:32.395238880Z  INFO  2020-09-14 23:56:32,394 [shard 2] compaction - Compacting [/var/lib/scylla/data/system/clients-ca0f635d863036098d93a1fc06f2a5e5/mc-6-big-Data.db:level=0, /var/lib/scylla/data/system/clients-ca0f635d863036098d93a1fc06f2a5e5/mc-10-big-Data.db:level=0, ]
2020-09-14T23:56:32.887941659Z  INFO  2020-09-14 23:56:32,887 [shard 2] compaction - Compacted 2 sstables to [/var/lib/scylla/data/system/clients-ca0f635d863036098d93a1fc06f2a5e5/mc-14-big-Data.db:level=0, ]. 103071 bytes to 5997 (~5% of original) in 382ms = 0.01MB/s. ~256 total partitions merged to 1.
2020-09-14T23:56:50.833672137Z  INFO  2020-09-14 23:56:50,832 [shard 2] compaction - Compacting [/var/lib/scylla/data/system/clients-ca0f635d863036098d93a1fc06f2a5e5/mc-14-big-Data.db:level=0, /var/lib/scylla/data/system/clients-ca0f635d863036098d93a1fc06f2a5e5/mc-18-big-Data.db:level=0, ]
2020-09-14T23:56:51.319550505Z  INFO  2020-09-14 23:56:51,318 [shard 2] compaction - Compacted 2 sstables to [/var/lib/scylla/data/system/clients-ca0f635d863036098d93a1fc06f2a5e5/mc-22-big-Data.db:level=0, ]. 57541 bytes to 6592 (~11% of original) in 378ms = 0.02MB/s. ~256 total partitions merged to 1.
