2020-09-17T05:41:16.739572418Z  running: (['/opt/scylladb/scripts/scylla_dev_mode_setup', '--developer-mode', '1'],)
2020-09-17T05:41:17.220056369Z  running: (['/opt/scylladb/scripts/scylla_io_setup'],)
2020-09-17T05:41:17.592642592Z  2020-09-17 05:41:17,592 CRIT Supervisor is running as root.  Privileges were not dropped because no user is specified in the config file.  If you intend to run as root, you can set user=root in the config file to avoid this message.
2020-09-17T05:41:17.592768031Z  2020-09-17 05:41:17,592 INFO Included extra file "/etc/supervisord.conf.d/node-exporter.conf" during parsing
2020-09-17T05:41:17.592995907Z  2020-09-17 05:41:17,592 INFO Included extra file "/etc/supervisord.conf.d/rsyslog.conf" during parsing
2020-09-17T05:41:17.593120276Z  2020-09-17 05:41:17,592 INFO Included extra file "/etc/supervisord.conf.d/scylla-housekeeping.conf" during parsing
2020-09-17T05:41:17.593366964Z  2020-09-17 05:41:17,593 INFO Included extra file "/etc/supervisord.conf.d/scylla-jmx.conf" during parsing
2020-09-17T05:41:17.593480201Z  2020-09-17 05:41:17,593 INFO Included extra file "/etc/supervisord.conf.d/scylla-server.conf" during parsing
2020-09-17T05:41:17.593718920Z  2020-09-17 05:41:17,593 INFO Included extra file "/etc/supervisord.conf.d/sshd-server.conf" during parsing
2020-09-17T05:41:17.627182520Z  2020-09-17 05:41:17,626 INFO RPC interface 'supervisor' initialized
2020-09-17T05:41:17.627489338Z  2020-09-17 05:41:17,627 CRIT Server 'inet_http_server' running without any HTTP authentication checking
2020-09-17T05:41:17.627904543Z  2020-09-17 05:41:17,627 INFO supervisord started with pid 25
2020-09-17T05:41:18.638972830Z  2020-09-17 05:41:18,631 INFO spawned: 'scylla' with pid 28
2020-09-17T05:41:18.639016560Z  2020-09-17 05:41:18,636 INFO spawned: 'scylla-housekeeping' with pid 29
2020-09-17T05:41:18.640419604Z  2020-09-17 05:41:18,639 INFO spawned: 'sshd' with pid 30
2020-09-17T05:41:18.643172303Z  2020-09-17 05:41:18,642 INFO spawned: 'scylla-jmx' with pid 31
2020-09-17T05:41:18.646082970Z  2020-09-17 05:41:18,645 INFO spawned: 'rsyslog' with pid 32
2020-09-17T05:41:18.648749173Z  2020-09-17 05:41:18,648 INFO spawned: 'node-exporter' with pid 33
2020-09-17T05:41:18.664932173Z  Generating public/private ed25519 key pair.
2020-09-17T05:41:18.664961824Z  Your identification has been saved in /etc/ssh/ssh_host_ed25519_key.
2020-09-17T05:41:18.664973170Z  Your public key has been saved in /etc/ssh/ssh_host_ed25519_key.pub.
2020-09-17T05:41:18.664983474Z  The key fingerprint is:
2020-09-17T05:41:18.664993047Z  SHA256:qBku8GfzNusrEf0Rq2xG6FjsZifgw1J/zmpLDjjBvN8 root@ae9e63babb63
2020-09-17T05:41:18.665002697Z  The key's randomart image is:
2020-09-17T05:41:18.665012174Z  +--[ED25519 256]--+
2020-09-17T05:41:18.665021582Z  |                 |
2020-09-17T05:41:18.665031010Z  |        .        |
2020-09-17T05:41:18.665040436Z  |   . o   o       |
2020-09-17T05:41:18.665050025Z  |o o = o.o        |
2020-09-17T05:41:18.665059637Z  |o* B.+.oS.       |
2020-09-17T05:41:18.665082264Z  |.=*.O+B .        |
2020-09-17T05:41:18.665093029Z  |oo++OX           |
2020-09-17T05:41:18.665102200Z  | ..B+o=          |
2020-09-17T05:41:18.665111230Z  |   o+E=+         |
2020-09-17T05:41:18.665120373Z  +----[SHA256]-----+
2020-09-17T05:41:18.675366114Z  time="2020-09-17T05:41:18Z" level=info msg="Starting node_exporter (version=0.17.0, branch=HEAD, revision=f6f6194a436b9a63d0439abc585c76b19a206b21)" source="node_exporter.go:82"
2020-09-17T05:41:18.675398843Z  time="2020-09-17T05:41:18Z" level=info msg="Build context (go=go1.11.2, user=root@322511e06ced, date=20181130-15:51:33)" source="node_exporter.go:83"
2020-09-17T05:41:18.678856603Z  time="2020-09-17T05:41:18Z" level=info msg="Enabled collectors:" source="node_exporter.go:90"
2020-09-17T05:41:18.678884062Z  time="2020-09-17T05:41:18Z" level=info msg=" - arp" source="node_exporter.go:97"
2020-09-17T05:41:18.678895883Z  time="2020-09-17T05:41:18Z" level=info msg=" - bcache" source="node_exporter.go:97"
2020-09-17T05:41:18.678905943Z  time="2020-09-17T05:41:18Z" level=info msg=" - bonding" source="node_exporter.go:97"
2020-09-17T05:41:18.678915903Z  time="2020-09-17T05:41:18Z" level=info msg=" - conntrack" source="node_exporter.go:97"
2020-09-17T05:41:18.678925695Z  time="2020-09-17T05:41:18Z" level=info msg=" - cpu" source="node_exporter.go:97"
2020-09-17T05:41:18.678935688Z  time="2020-09-17T05:41:18Z" level=info msg=" - diskstats" source="node_exporter.go:97"
2020-09-17T05:41:18.678945320Z  time="2020-09-17T05:41:18Z" level=info msg=" - edac" source="node_exporter.go:97"
2020-09-17T05:41:18.678955028Z  time="2020-09-17T05:41:18Z" level=info msg=" - entropy" source="node_exporter.go:97"
2020-09-17T05:41:18.678964579Z  time="2020-09-17T05:41:18Z" level=info msg=" - filefd" source="node_exporter.go:97"
2020-09-17T05:41:18.678974251Z  time="2020-09-17T05:41:18Z" level=info msg=" - filesystem" source="node_exporter.go:97"
2020-09-17T05:41:18.678983973Z  time="2020-09-17T05:41:18Z" level=info msg=" - hwmon" source="node_exporter.go:97"
2020-09-17T05:41:18.678993868Z  time="2020-09-17T05:41:18Z" level=info msg=" - infiniband" source="node_exporter.go:97"
2020-09-17T05:41:18.679003554Z  time="2020-09-17T05:41:18Z" level=info msg=" - interrupts" source="node_exporter.go:97"
2020-09-17T05:41:18.679013394Z  time="2020-09-17T05:41:18Z" level=info msg=" - ipvs" source="node_exporter.go:97"
2020-09-17T05:41:18.679023253Z  time="2020-09-17T05:41:18Z" level=info msg=" - loadavg" source="node_exporter.go:97"
2020-09-17T05:41:18.679033071Z  time="2020-09-17T05:41:18Z" level=info msg=" - mdadm" source="node_exporter.go:97"
2020-09-17T05:41:18.679042901Z  time="2020-09-17T05:41:18Z" level=info msg=" - meminfo" source="node_exporter.go:97"
2020-09-17T05:41:18.679052549Z  time="2020-09-17T05:41:18Z" level=info msg=" - netclass" source="node_exporter.go:97"
2020-09-17T05:41:18.679062354Z  time="2020-09-17T05:41:18Z" level=info msg=" - netdev" source="node_exporter.go:97"
2020-09-17T05:41:18.679087779Z  time="2020-09-17T05:41:18Z" level=info msg=" - netstat" source="node_exporter.go:97"
2020-09-17T05:41:18.679099239Z  time="2020-09-17T05:41:18Z" level=info msg=" - nfs" source="node_exporter.go:97"
2020-09-17T05:41:18.679109214Z  time="2020-09-17T05:41:18Z" level=info msg=" - nfsd" source="node_exporter.go:97"
2020-09-17T05:41:18.679119072Z  time="2020-09-17T05:41:18Z" level=info msg=" - sockstat" source="node_exporter.go:97"
2020-09-17T05:41:18.679130265Z  time="2020-09-17T05:41:18Z" level=info msg=" - stat" source="node_exporter.go:97"
2020-09-17T05:41:18.679140719Z  time="2020-09-17T05:41:18Z" level=info msg=" - textfile" source="node_exporter.go:97"
2020-09-17T05:41:18.679150589Z  time="2020-09-17T05:41:18Z" level=info msg=" - time" source="node_exporter.go:97"
2020-09-17T05:41:18.679160277Z  time="2020-09-17T05:41:18Z" level=info msg=" - timex" source="node_exporter.go:97"
2020-09-17T05:41:18.679170004Z  time="2020-09-17T05:41:18Z" level=info msg=" - uname" source="node_exporter.go:97"
2020-09-17T05:41:18.679179931Z  time="2020-09-17T05:41:18Z" level=info msg=" - vmstat" source="node_exporter.go:97"
2020-09-17T05:41:18.679189791Z  time="2020-09-17T05:41:18Z" level=info msg=" - xfs" source="node_exporter.go:97"
2020-09-17T05:41:18.679199819Z  time="2020-09-17T05:41:18Z" level=info msg=" - zfs" source="node_exporter.go:97"
2020-09-17T05:41:18.679209691Z  time="2020-09-17T05:41:18Z" level=info msg="Listening on :9100" source="node_exporter.go:111"
2020-09-17T05:41:19.016976352Z  Scylla version 4.1.6-0.20200831.6d9ff622df with build-id c2ed04d00095c63b7456b5fcda6775c5a9f33b0b starting ...
2020-09-17T05:41:19.017390993Z  command used: "/usr/bin/scylla --log-to-syslog 0 --log-to-stdout 1 --default-log-level info --network-stack posix --developer-mode=1 --overprovisioned --listen-address 10.0.37.6 --rpc-address 10.0.37.6 --seed-provider-parameters seeds=10.0.37.6 --blocked-reactor-notify-ms 999999999"
2020-09-17T05:41:19.017821056Z  parsed command line options: [log-to-syslog: 0, log-to-stdout: 1, default-log-level: info, network-stack: posix, developer-mode: 1, overprovisioned, listen-address: 10.0.37.6, rpc-address: 10.0.37.6, seed-provider-parameters: seeds=10.0.37.6, blocked-reactor-notify-ms: 999999999]
2020-09-17T05:41:19.062404017Z  WARN  2020-09-17 05:41:19,061 [shard 0] seastar - Unable to set SCHED_FIFO scheduling policy for timer thread; latency impact possible. Try adding CAP_SYS_NICE
2020-09-17T05:41:19.082123072Z  INFO  2020-09-17 05:41:19,081 [shard 0] init - installing SIGHUP handler
2020-09-17T05:41:19.089358434Z  INFO  2020-09-17 05:41:19,088 [shard 0] init - Scylla version 4.1.6-0.20200831.6d9ff622df with build-id c2ed04d00095c63b7456b5fcda6775c5a9f33b0b starting ...
2020-09-17T05:41:19.089393648Z  
2020-09-17T05:41:19.090897733Z  INFO  2020-09-17 05:41:19,090 [shard 0] init - starting prometheus API server
2020-09-17T05:41:19.093208974Z  INFO  2020-09-17 05:41:19,092 [shard 0] init - starting tokens manager
2020-09-17T05:41:19.093977512Z  INFO  2020-09-17 05:41:19,093 [shard 0] init - starting migration manager notifier
2020-09-17T05:41:19.100119749Z  INFO  2020-09-17 05:41:19,099 [shard 0] init - creating tracing
2020-09-17T05:41:19.101253634Z  INFO  2020-09-17 05:41:19,101 [shard 0] init - creating snitch
2020-09-17T05:41:19.102281528Z  INFO  2020-09-17 05:41:19,102 [shard 0] init - determining DNS name
2020-09-17T05:41:19.102766781Z  INFO  2020-09-17 05:41:19,102 [shard 0] init - starting API server
2020-09-17T05:41:19.104218319Z  INFO  2020-09-17 05:41:19,103 [shard 0] init - Scylla API server listening on 127.0.0.1:10000 ...
2020-09-17T05:41:19.105314237Z  INFO  2020-09-17 05:41:19,105 [shard 0] init - initializing storage service
2020-09-17T05:41:19.106100069Z  INFO  2020-09-17 05:41:19,105 [shard 0] init - starting per-shard database core
2020-09-17T05:41:19.111848700Z  WARN  2020-09-17 05:41:19,111 [shard 0] init - I/O Scheduler is not properly configured! This is a non-supported setup, and performance is expected to be unpredictably bad.
2020-09-17T05:41:19.111872780Z   Reason found: none of --max-io-requests, --io-properties and --io-properties-file are set.
2020-09-17T05:41:19.111883623Z  To properly configure the I/O Scheduler, run the scylla_io_setup utility shipped with Scylla.
2020-09-17T05:41:19.111893103Z  
2020-09-17T05:41:19.112537963Z  INFO  2020-09-17 05:41:19,112 [shard 0] init - creating and verifying directories
2020-09-17T05:41:19.303929620Z  Connecting to http://localhost:10000
2020-09-17T05:41:19.303960740Z  Starting the JMX server
2020-09-17T05:41:19.605893926Z  Generating public/private rsa key pair.
2020-09-17T05:41:19.605926251Z  Your identification has been saved in /etc/ssh/ssh_host_rsa_key.
2020-09-17T05:41:19.605938125Z  Your public key has been saved in /etc/ssh/ssh_host_rsa_key.pub.
2020-09-17T05:41:19.605948351Z  The key fingerprint is:
2020-09-17T05:41:19.605958256Z  SHA256:Yu5T6IpzdknXbD5AZmHfkdgzYT+7VJkemhGGR7ZWSa4 root@ae9e63babb63
2020-09-17T05:41:19.605968208Z  The key's randomart image is:
2020-09-17T05:41:19.605977882Z  +---[RSA 4096]----+
2020-09-17T05:41:19.605987494Z  |           o=B.o.|
2020-09-17T05:41:19.605997099Z  |        o .oOo=.o|
2020-09-17T05:41:19.606006613Z  |       . o ..Bo=.|
2020-09-17T05:41:19.606016046Z  |        + . o *+.|
2020-09-17T05:41:19.606025429Z  |      o=So   Eo. |
2020-09-17T05:41:19.606034781Z  |     oo.+ +  . . |
2020-09-17T05:41:19.606044062Z  |     o.+ +    .  |
2020-09-17T05:41:19.606053531Z  |  ..o.=   o      |
2020-09-17T05:41:19.606062923Z  |  .+.o..   .     |
2020-09-17T05:41:19.606072382Z  +----[SHA256]-----+
2020-09-17T05:41:19.621145729Z  Could not load host key: /etc/ssh/ssh_host_ecdsa_key
2020-09-17T05:41:19.825077016Z  JMX is enabled to receive remote connections on port: 7199
2020-09-17T05:41:19.825439993Z  2020-09-17 05:41:19,825 INFO success: scylla entered RUNNING state, process has stayed up for > than 1 seconds (startsecs)
2020-09-17T05:41:19.825690918Z  2020-09-17 05:41:19,825 INFO success: scylla-housekeeping entered RUNNING state, process has stayed up for > than 1 seconds (startsecs)
2020-09-17T05:41:19.825920148Z  2020-09-17 05:41:19,825 INFO success: sshd entered RUNNING state, process has stayed up for > than 1 seconds (startsecs)
2020-09-17T05:41:19.826154167Z  2020-09-17 05:41:19,825 INFO success: scylla-jmx entered RUNNING state, process has stayed up for > than 1 seconds (startsecs)
2020-09-17T05:41:19.826400046Z  2020-09-17 05:41:19,826 INFO success: rsyslog entered RUNNING state, process has stayed up for > than 1 seconds (startsecs)
2020-09-17T05:41:19.826638290Z  2020-09-17 05:41:19,826 INFO success: node-exporter entered RUNNING state, process has stayed up for > than 1 seconds (startsecs)
2020-09-17T05:41:21.285675558Z  INFO  2020-09-17 05:41:21,284 [shard 0] database - Populating Keyspace system_schema
2020-09-17T05:41:21.285720893Z  INFO  2020-09-17 05:41:21,284 [shard 0] database - Keyspace system_schema: Reading CF computed_columns id=cc7c7069-3740-33c1-92a4-c3de78dbd2c4 version=2b8c4439-de76-31e0-807f-3b7290a975d7
2020-09-17T05:41:21.285733491Z  INFO  2020-09-17 05:41:21,284 [shard 0] database - Keyspace system_schema: Reading CF view_virtual_columns id=08843b63-45dc-3be2-9798-a0418295cfaa version=c777531c-15f7-326f-8ebe-39fd0265c8c9
2020-09-17T05:41:21.285744467Z  INFO  2020-09-17 05:41:21,284 [shard 0] database - Keyspace system_schema: Reading CF dropped_columns id=5e7583b5-f3f4-3af1-9a39-b7e1d6f5f11f version=7426bc6c-4c2f-3200-8ad8-4329610ed59a
2020-09-17T05:41:21.285754773Z  INFO  2020-09-17 05:41:21,284 [shard 0] database - Keyspace system_schema: Reading CF indexes id=0feb57ac-311f-382f-ba6d-9024d305702f version=99c40462-8687-304e-abe3-2bdbef1f25aa
2020-09-17T05:41:21.285765605Z  INFO  2020-09-17 05:41:21,284 [shard 0] database - Keyspace system_schema: Reading CF functions id=96489b79-80be-3e14-a701-66a0b9159450 version=329ed804-55b3-3eee-ad61-d85317b96097
2020-09-17T05:41:21.285776007Z  INFO  2020-09-17 05:41:21,284 [shard 0] database - Keyspace system_schema: Reading CF columns id=24101c25-a2ae-3af7-87c1-b40ee1aca33f version=d33236d4-9bdd-3c09-abf0-a0bc5edc2526
2020-09-17T05:41:21.285786173Z  INFO  2020-09-17 05:41:21,284 [shard 0] database - Keyspace system_schema: Reading CF scylla_tables id=5d912ff1-f759-3665-b2c8-8042ab5103dd version=38e5e56b-155d-39b5-a0d2-8e5dcad42a26
2020-09-17T05:41:21.285796296Z  INFO  2020-09-17 05:41:21,284 [shard 0] database - Keyspace system_schema: Reading CF tables id=afddfb9d-bc1e-3068-8056-eed6c302ba09 version=b6240810-eeb7-36d5-9411-43b2d68dddab
2020-09-17T05:41:21.285806533Z  INFO  2020-09-17 05:41:21,284 [shard 0] database - Keyspace system_schema: Reading CF keyspaces id=abac5682-dea6-31c5-b535-b3d6cffd0fb6 version=e79ca8ba-6556-3f7d-925a-7f20cf57938c
2020-09-17T05:41:21.285816604Z  INFO  2020-09-17 05:41:21,284 [shard 0] database - Keyspace system_schema: Reading CF triggers id=4df70b66-6b05-3251-95a1-32b54005fd48 version=582d7071-1ef0-37c8-adc6-471a13636139
2020-09-17T05:41:21.285828231Z  INFO  2020-09-17 05:41:21,285 [shard 0] database - Keyspace system_schema: Reading CF views id=9786ac1c-dd58-3201-a7cd-ad556410c985 version=5b58bb47-96e7-3f57-accf-0bfca4dbbc6e
2020-09-17T05:41:21.285865524Z  INFO  2020-09-17 05:41:21,285 [shard 0] database - Keyspace system_schema: Reading CF types id=5a8b1ca8-6602-3f77-a045-9273d308917a version=de51b2ce-5e4d-3b7d-a75f-2204332ce8d1
2020-09-17T05:41:21.285876393Z  INFO  2020-09-17 05:41:21,285 [shard 0] database - Keyspace system_schema: Reading CF aggregates id=924c5587-2e3a-345b-b10c-12f37c1ba895 version=4b53e92c-0368-3d5c-b959-2ec1bfd1a59f
2020-09-17T05:41:24.312897745Z  Traceback (most recent call last):
2020-09-17T05:41:24.312933023Z    File "/opt/scylladb/scripts/libexec/scylla-housekeeping", line 208, in <module>
2020-09-17T05:41:24.312945445Z      args.func(args)
2020-09-17T05:41:24.312955532Z    File "/opt/scylladb/scripts/libexec/scylla-housekeeping", line 134, in check_version
2020-09-17T05:41:24.312965768Z      current_version = sanitize_version(get_api('/storage_service/scylla_release_version'))
2020-09-17T05:41:24.312975835Z    File "/opt/scylladb/scripts/libexec/scylla-housekeeping", line 93, in get_api
2020-09-17T05:41:24.312985819Z      return get_json_from_url("http://" + api_address + path)
2020-09-17T05:41:24.312995654Z    File "/opt/scylladb/scripts/libexec/scylla-housekeeping", line 88, in get_json_from_url
2020-09-17T05:41:24.313005771Z      raise RuntimeError(f'Failed to get "{path}" due to the following error: {retval}')
2020-09-17T05:41:24.313015817Z  RuntimeError: Failed to get "http://localhost:10000/storage_service/scylla_release_version" due to the following error: HTTP Error 404: Not Found
2020-09-17T05:41:28.444677624Z  INFO  2020-09-17 05:41:28,443 [shard 0] database - Found temporary sstable directory: "/var/lib/scylla/data/system_schema/computed_columns-cc7c7069374033c192a4c3de78dbd2c4/0000000000000334.sstable", removing
2020-09-17T05:41:28.444709544Z  INFO  2020-09-17 05:41:28,443 [shard 0] database - Found temporary sstable directory: "/var/lib/scylla/data/system_schema/computed_columns-cc7c7069374033c192a4c3de78dbd2c4/0000000000000335.sstable", removing
2020-09-17T05:41:28.444721859Z  INFO  2020-09-17 05:41:28,443 [shard 0] database - Found temporary sstable directory: "/var/lib/scylla/data/system_schema/scylla_tables-5d912ff1f7593665b2c88042ab5103dd/0000000000000338.sstable", removing
2020-09-17T05:41:28.444732403Z  INFO  2020-09-17 05:41:28,443 [shard 0] database - Found temporary sstable directory: "/var/lib/scylla/data/system_schema/tables-afddfb9dbc1e30688056eed6c302ba09/0000000000000350.sstable", removing
2020-09-17T05:41:28.444742913Z  INFO  2020-09-17 05:41:28,443 [shard 0] database - Found temporary sstable directory: "/var/lib/scylla/data/system_schema/tables-afddfb9dbc1e30688056eed6c302ba09/0000000000000347.sstable", removing
2020-09-17T05:41:28.444753324Z  INFO  2020-09-17 05:41:28,444 [shard 0] database - Found temporary sstable directory: "/var/lib/scylla/data/system_schema/views-9786ac1cdd583201a7cdad556410c985/0000000000000286.sstable", removing
2020-09-17T05:41:28.444763623Z  INFO  2020-09-17 05:41:28,444 [shard 0] database - Found temporary sstable directory: "/var/lib/scylla/data/system_schema/views-9786ac1cdd583201a7cdad556410c985/0000000000000283.sstable", removing
2020-09-17T05:41:28.446694507Z  INFO  2020-09-17 05:41:28,446 [shard 0] database - Found temporary sstable directory: "/var/lib/scylla/data/system_schema/aggregates-924c55872e3a345bb10c12f37c1ba895/0000000000000274.sstable", removing
2020-09-17T05:41:28.446757483Z  INFO  2020-09-17 05:41:28,446 [shard 0] database - Found temporary sstable directory: "/var/lib/scylla/data/system_schema/aggregates-924c55872e3a345bb10c12f37c1ba895/0000000000000271.sstable", removing
2020-09-17T05:41:28.501807262Z  WARN  2020-09-17 05:41:28,501 [shard 0] sstable - Deleting components of sstable from system_schema.scylla_tables of generation 338 that has a temporary TOC
2020-09-17T05:41:28.503333875Z  WARN  2020-09-17 05:41:28,503 [shard 0] sstable - Deleting components of sstable from system_schema.views of generation 283 that has a temporary TOC
2020-09-17T05:41:28.590050513Z  WARN  2020-09-17 05:41:28,589 [shard 0] sstable - Deleting components of sstable from system_schema.computed_columns of generation 334 that has a temporary TOC
2020-09-17T05:41:28.590079862Z  WARN  2020-09-17 05:41:28,589 [shard 0] sstable - Deleting components of sstable from system_schema.tables of generation 350 that has a temporary TOC
2020-09-17T05:41:28.590091959Z  WARN  2020-09-17 05:41:28,589 [shard 0] sstable - Deleting components of sstable from system_schema.aggregates of generation 274 that has a temporary TOC
2020-09-17T05:41:28.797053920Z  WARN  2020-09-17 05:41:28,795 [shard 0] sstable - Deleting components of sstable from system_schema.views of generation 286 that has a temporary TOC
2020-09-17T05:41:29.066426873Z  WARN  2020-09-17 05:41:29,065 [shard 0] sstable - Deleting components of sstable from system_schema.computed_columns of generation 335 that has a temporary TOC
2020-09-17T05:41:29.231143323Z  WARN  2020-09-17 05:41:29,230 [shard 0] sstable - Deleting components of sstable from system_schema.aggregates of generation 271 that has a temporary TOC
2020-09-17T05:41:29.355735625Z  WARN  2020-09-17 05:41:29,354 [shard 0] sstable - Deleting components of sstable from system_schema.tables of generation 347 that has a temporary TOC
2020-09-17T05:41:30.187337775Z  INFO  2020-09-17 05:41:30,186 [shard 0] database - Populating Keyspace system
2020-09-17T05:41:30.187390885Z  INFO  2020-09-17 05:41:30,186 [shard 0] database - Keyspace system: Reading CF schema_aggregates id=a5fc57fc-9d6c-3bfd-a3fc-01ad54686fea version=d06c934f-9a69-374c-86f1-523ab26fb05c
2020-09-17T05:41:30.187403837Z  INFO  2020-09-17 05:41:30,186 [shard 0] database - Keyspace system: Reading CF schema_triggers id=0359bc71-7123-3ee1-9a4a-b9dfb11fc125 version=75e4ec4c-76da-3f59-984e-66810ba0c62b
2020-09-17T05:41:30.187414019Z  INFO  2020-09-17 05:41:30,187 [shard 0] database - Keyspace system: Reading CF compaction_history id=b4dbb7b4-dc49-3fb5-b3bf-ce6e434832ca version=25cae56a-8d75-39f3-a146-3756ab4981c7
2020-09-17T05:41:30.187642298Z  INFO  2020-09-17 05:41:30,187 [shard 0] database - Keyspace system: Reading CF compactions_in_progress id=55080ab0-5d9c-3886-90a4-acb25fe1f77b version=540263f1-40db-3869-8a38-3baadedc222d
2020-09-17T05:41:30.187660442Z  INFO  2020-09-17 05:41:30,187 [shard 0] database - Keyspace system: Reading CF range_xfers id=55d76438-4e55-3f8b-9f6e-676d4af3976d version=dd15a078-409b-350d-9bef-c5f3520832d8
2020-09-17T05:41:30.187694718Z  INFO  2020-09-17 05:41:30,187 [shard 0] database - Keyspace system: Reading CF scylla_views_builds_in_progress id=a04c7bfd-1e13-36c9-a44d-f22da352281d version=e3fb736c-6956-3990-a31d-9a482279e3fc
2020-09-17T05:41:30.187708334Z  INFO  2020-09-17 05:41:30,187 [shard 0] database - Keyspace system: Reading CF IndexInfo id=9f5c6374-d485-3229-9a0a-5094af9ad1e3 version=bbb3743b-351f-3023-b4fc-09a9be37d529
2020-09-17T05:41:30.187729051Z  INFO  2020-09-17 05:41:30,187 [shard 0] database - Keyspace system: Reading CF cdc_local id=0bcaffd4-0c83-3ead-ad13-dc1d5015b77c version=0aa4d3a2-ed95-3ecd-aba0-cd75622ad290
2020-09-17T05:41:30.187739880Z  INFO  2020-09-17 05:41:30,187 [shard 0] database - Keyspace system: Reading CF schema_columnfamilies id=45f5b360-24bc-3f83-a363-1034ea4fa697 version=7f7a5fea-07b7-304d-a6f8-f7aec72cabdb
2020-09-17T05:41:30.187856466Z  INFO  2020-09-17 05:41:30,187 [shard 0] database - Keyspace system: Reading CF batchlog id=0290003c-977e-397c-ac3e-fdfdc01d626b version=e2a2e804-49e4-3597-9f16-39fd9475835c
2020-09-17T05:41:30.187874039Z  INFO  2020-09-17 05:41:30,187 [shard 0] database - Keyspace system: Reading CF schema_functions id=d1b675fe-2b50-3ca4-8e49-c0f81989dcad version=a50959dd-2be0-3e4e-8bb5-cf40796e256a
2020-09-17T05:41:30.187884248Z  INFO  2020-09-17 05:41:30,187 [shard 0] database - Keyspace system: Reading CF peer_events id=59dfeaea-8db2-3341-91ef-109974d81484 version=7f874a05-72b8-3c21-9acb-baa164fc351a
2020-09-17T05:41:30.187917145Z  INFO  2020-09-17 05:41:30,187 [shard 0] database - Keyspace system: Reading CF local id=7ad54392-bcdd-35a6-8417-4e047860b377 version=7fa82c2e-5b67-37dd-8e5e-2079e18f1536
2020-09-17T05:41:30.188071922Z  INFO  2020-09-17 05:41:30,187 [shard 0] database - Keyspace system: Reading CF clients id=ca0f635d-8630-3609-8d93-a1fc06f2a5e5 version=51273ebf-e6f9-3cd5-b455-ea09ad29796f
2020-09-17T05:41:30.188288271Z  INFO  2020-09-17 05:41:30,187 [shard 0] database - Keyspace system: Reading CF size_estimates id=618f817b-005f-3678-b8a4-53f3930b8e86 version=6d4dbcff-f05b-3dc3-95ad-f79f7b10504d
2020-09-17T05:41:30.188306114Z  INFO  2020-09-17 05:41:30,188 [shard 0] database - Keyspace system: Reading CF large_partitions id=8a7fe624-96b0-34b1-b90e-f71bddcdd2d3 version=04fa9920-9369-3a96-be39-6dd9fdc816b6
2020-09-17T05:41:30.188508108Z  INFO  2020-09-17 05:41:30,188 [shard 0] database - Keyspace system: Reading CF schema_columns id=296e9c04-9bec-3085-827d-c17d3df2122a version=53cfbb66-ee0d-37be-97bb-b2afb3746f85
2020-09-17T05:41:30.188525903Z  INFO  2020-09-17 05:41:30,188 [shard 0] database - Keyspace system: Reading CF built_views id=4b3c50a9-ea87-3d76-9101-6dbc9c38494a version=a28aa0b3-6def-30a7-9fbe-ce78b3f3c9b9
2020-09-17T05:41:30.188535971Z  INFO  2020-09-17 05:41:30,188 [shard 0] database - Keyspace system: Reading CF peers id=37f71aca-7dc2-383b-a706-72528af04d4f version=f6f6871f-8c86-3eca-ac0b-2a2e848e395d
2020-09-17T05:41:30.188695151Z  INFO  2020-09-17 05:41:30,188 [shard 0] database - Keyspace system: Reading CF hints id=2666e205-73ef-38b3-90fe-fecf96e8f0c7 version=0b74fdd1-e96d-309e-a14e-a5bcd7ac885d
2020-09-17T05:41:30.188712542Z  INFO  2020-09-17 05:41:30,188 [shard 0] database - Keyspace system: Reading CF large_rows id=40550f66-0858-39a0-9430-f27fc08034e9 version=aee3acb0-7926-317b-848e-db7bc3721695
2020-09-17T05:41:30.188723190Z  INFO  2020-09-17 05:41:30,188 [shard 0] database - Keyspace system: Reading CF large_cells id=ead8bbc5-f146-3ae1-9f71-0b11f9a1d296 version=0d4a6937-a781-3f87-a192-b4e4a4a40acf
2020-09-17T05:41:30.188920620Z  INFO  2020-09-17 05:41:30,188 [shard 0] database - Keyspace system: Reading CF scylla_local id=2972ec7f-fb20-38dd-aac1-d876f2e3fcbd version=5f0b407d-eedf-3845-a48e-dbb9673d10e1
2020-09-17T05:41:30.188947104Z  INFO  2020-09-17 05:41:30,188 [shard 0] database - Keyspace system: Reading CF views_builds_in_progress id=b7f2c108-78cd-3c80-9cd5-d609b2bd149c version=b905cce5-1474-3085-819a-7592453e2fb9
2020-09-17T05:41:30.189130236Z  INFO  2020-09-17 05:41:30,188 [shard 0] database - Keyspace system: Reading CF schema_usertypes id=3aa75225-4f82-350b-8d5c-430fa221fa0a version=3c53e6bb-56d5-3618-a0b2-4ff5f18127d7
2020-09-17T05:41:30.189148035Z  INFO  2020-09-17 05:41:30,188 [shard 0] database - Keyspace system: Reading CF sstable_activity id=5a1ff267-ace0-3f12-8563-cfae6103c65e version=bdec57a3-b234-334b-be9c-7b1f33113995
2020-09-17T05:41:30.189338441Z  INFO  2020-09-17 05:41:30,188 [shard 0] database - Keyspace system: Reading CF truncated id=38c19fd0-fb86-3310-a4b7-0d0cc66628aa version=6da9a85c-7ae0-3917-aead-54a2f65a57a8
2020-09-17T05:41:30.189356205Z  INFO  2020-09-17 05:41:30,189 [shard 0] database - Keyspace system: Reading CF paxos id=b7b7f0c2-fd0a-3410-8c05-3ef614bb7c2d version=6dd372de-72fb-3e1b-9b8c-f97738a67fe9
2020-09-17T05:41:30.189366283Z  INFO  2020-09-17 05:41:30,189 [shard 0] database - Keyspace system: Reading CF schema_keyspaces id=b0f22357-4458-3cdb-9631-c43e59ce3676 version=84d28cef-59f9-34a9-9be5-31c684997f03
2020-09-17T05:41:41.282648727Z  INFO  2020-09-17 05:41:41,282 [shard 0] init - starting gossip
2020-09-17T05:41:41.282688182Z  WARN  2020-09-17 05:41:41,282 [shard 0] init - Using default cluster name is not recommended. Using a unique cluster name will reduce the chance of adding nodes to the wrong cluster by mistake
2020-09-17T05:41:41.283163595Z  INFO  2020-09-17 05:41:41,282 [shard 0] init - starting storage proxy
2020-09-17T05:41:41.294034880Z  INFO  2020-09-17 05:41:41,293 [shard 0] init - creating hints manager
2020-09-17T05:41:41.294639242Z  INFO  2020-09-17 05:41:41,294 [shard 1] init - creating hints manager
2020-09-17T05:41:41.294660660Z  INFO  2020-09-17 05:41:41,294 [shard 2] init - creating hints manager
2020-09-17T05:41:41.295149496Z  INFO  2020-09-17 05:41:41,294 [shard 3] init - creating hints manager
2020-09-17T05:41:41.295171542Z  INFO  2020-09-17 05:41:41,294 [shard 0] init - starting migration manager
2020-09-17T05:41:41.295655215Z  INFO  2020-09-17 05:41:41,295 [shard 0] init - starting query processor
2020-09-17T05:41:41.296841179Z  INFO  2020-09-17 05:41:41,296 [shard 0] init - initializing batchlog manager
2020-09-17T05:41:41.301038215Z  INFO  2020-09-17 05:41:41,300 [shard 0] legacy_schema_migrator - Moving 0 keyspaces from legacy schema tables to the new schema keyspace (system_schema)
2020-09-17T05:41:41.301613596Z  INFO  2020-09-17 05:41:41,301 [shard 0] legacy_schema_migrator - Dropping legacy schema tables
2020-09-17T05:41:52.640733406Z  INFO  2020-09-17 05:41:52,639 [shard 0] legacy_schema_migrator - Completed migration of legacy schema tables
2020-09-17T05:41:52.644536921Z  INFO  2020-09-17 05:41:52,643 [shard 0] init - loading system sstables
2020-09-17T05:42:07.923830769Z  INFO  2020-09-17 05:42:07,922 [shard 0] init - loading non-system sstables
2020-09-17T05:42:16.839364270Z  INFO  2020-09-17 05:42:16,838 [shard 0] database - Populating Keyspace dt
2020-09-17T05:42:16.840124303Z  INFO  2020-09-17 05:42:16,839 [shard 0] database - Keyspace dt: Reading CF source_element_idx_index id=68593f10-d77b-11ea-9877-000000000001 version=33e3f927-f730-3081-88e1-6bed2962e42a
2020-09-17T05:42:16.840199751Z  INFO  2020-09-17 05:42:16,839 [shard 0] database - Keyspace dt: Reading CF element_twin_idx_index id=630ae8b0-d77b-11ea-9877-000000000001 version=bc3026fd-bc4e-318d-b6f4-ca0b566cb74b
2020-09-17T05:42:16.840221788Z  INFO  2020-09-17 05:42:16,839 [shard 0] database - Keyspace dt: Reading CF source id=65ff2270-d77b-11ea-9877-000000000001 version=5f8471b7-7d19-31d4-9be5-0f153affb0bb
2020-09-17T05:42:16.840239511Z  INFO  2020-09-17 05:42:16,839 [shard 0] database - Keyspace dt: Reading CF source_data id=6af6cd50-d77b-11ea-9877-000000000001 version=b52400e3-b307-3141-b3fc-e5d63573f135
2020-09-17T05:42:16.840256554Z  INFO  2020-09-17 05:42:16,839 [shard 0] database - Keyspace dt: Reading CF element id=607549b0-d77b-11ea-9877-000000000001 version=f44a6c4b-69d8-37f2-b116-7260740acc6c
2020-09-17T05:42:16.840273614Z  INFO  2020-09-17 05:42:16,839 [shard 0] database - Keyspace dt: Reading CF twin id=5e00c740-d77b-11ea-9877-000000000001 version=6240633e-c8cc-3fea-a1e3-452eff1b9659
2020-09-17T05:42:16.840290654Z  INFO  2020-09-17 05:42:16,839 [shard 0] database - Keyspace dt: Reading CF user id=5c294820-d77b-11ea-9877-000000000001 version=02cce273-02f1-3e6a-8674-f1016e3f22d7
2020-09-17T05:42:16.840850910Z  INFO  2020-09-17 05:42:16,839 [shard 0] database - Populating Keyspace system_distributed
2020-09-17T05:42:16.840894161Z  INFO  2020-09-17 05:42:16,839 [shard 0] database - Keyspace system_distributed: Reading CF view_build_status id=5582b59f-8e4e-35e1-b913-3acada51eb04 version=e0b6e628-60e0-39a2-ada0-9b6c13bdd9bc
2020-09-17T05:42:16.840913791Z  INFO  2020-09-17 05:42:16,839 [shard 0] database - Keyspace system_distributed: Reading CF cdc_generations id=6a4df139-00b6-3d21-9efc-dade266dc3b7 version=2511b46b-df1d-39fa-9a77-f5cacf88af47
2020-09-17T05:42:16.840931607Z  INFO  2020-09-17 05:42:16,839 [shard 0] database - Keyspace system_distributed: Reading CF cdc_streams id=07405732-4620-34d6-a85e-947248dad9a4 version=b606cfa4-a37b-32bd-a624-e05cab2bed3c
2020-09-17T05:42:16.840948775Z  INFO  2020-09-17 05:42:16,839 [shard 0] database - Populating Keyspace system_auth
2020-09-17T05:42:16.840964996Z  INFO  2020-09-17 05:42:16,839 [shard 0] database - Keyspace system_auth: Reading CF roles id=5bc52802-de25-35ed-aeab-188eecebb090 version=d8f599da-7544-3f57-aa58-b229deea93e0
2020-09-17T05:42:16.840982239Z  INFO  2020-09-17 05:42:16,839 [shard 0] database - Keyspace system_auth: Reading CF role_members id=0ecdaa87-f8fb-3e60-88d1-74fb36fe5c0d version=2923b5bb-f2f8-36e8-9e73-19019900010c
2020-09-17T05:42:16.840999327Z  INFO  2020-09-17 05:42:16,839 [shard 0] database - Populating Keyspace system_traces
2020-09-17T05:42:16.841015740Z  INFO  2020-09-17 05:42:16,839 [shard 0] database - Keyspace system_traces: Reading CF sessions id=c5e99f16-8677-3914-b17e-960613512345 version=e0fc4b06-6cba-3b7b-bfb6-b42a77c370a9
2020-09-17T05:42:16.841032842Z  INFO  2020-09-17 05:42:16,839 [shard 0] database - Keyspace system_traces: Reading CF node_slow_log_time_idx id=f9706768-aa1e-3d87-9e5c-51a3927c2870 version=eaffc0bb-7b2c-3b64-8924-d8ba685120bc
2020-09-17T05:42:16.841049842Z  INFO  2020-09-17 05:42:16,840 [shard 0] database - Keyspace system_traces: Reading CF sessions_time_idx id=0ebf001c-c1d1-3693-9a63-c3d96ac53318 version=cd5d1e5f-1f42-3b9d-a8ba-3af39d59a7d5
2020-09-17T05:42:16.841088978Z  INFO  2020-09-17 05:42:16,840 [shard 0] database - Keyspace system_traces: Reading CF events id=8826e8e9-e16a-3728-8753-3bc1fc713c25 version=41a6b26e-a03b-3ae1-8a4a-b9446e7f9304
2020-09-17T05:42:16.841111174Z  INFO  2020-09-17 05:42:16,840 [shard 0] database - Keyspace system_traces: Reading CF node_slow_log id=bfcc4e62-5b63-3aa1-a1c3-6f5e47f3325c version=23e7a411-8414-340f-854d-20a3a637e438
2020-09-17T05:42:22.185989458Z  INFO  2020-09-17 05:42:22,185 [shard 0] init - starting view update generator
2020-09-17T05:42:22.186485917Z  INFO  2020-09-17 05:42:22,186 [shard 0] init - discovering staging sstables
2020-09-17T05:42:22.187352837Z  INFO  2020-09-17 05:42:22,187 [shard 0] init - setting up system keyspace
2020-09-17T05:42:22.204839456Z  INFO  2020-09-17 05:42:22,204 [shard 0] init - starting commit log
2020-09-17T05:42:22.204872608Z  INFO  2020-09-17 05:42:22,204 [shard 0] init - replaying commit log
2020-09-17T05:42:22.207406693Z  INFO  2020-09-17 05:42:22,207 [shard 0] commitlog_replayer - Replaying /var/lib/scylla/commitlog/CommitLog-1-54043196104414586.log, /var/lib/scylla/commitlog/CommitLog-1-575968631.log, /var/lib/scylla/commitlog/CommitLog-1-36028797594932603.log, /var/lib/scylla/commitlog/CommitLog-1-54043196104414585.log, /var/lib/scylla/commitlog/CommitLog-1-36028797594932601.log, /var/lib/scylla/commitlog/CommitLog-1-18014399085450617.log, /var/lib/scylla/commitlog/CommitLog-1-18014399085450616.log, /var/lib/scylla/commitlog/CommitLog-1-36028797594932602.log, /var/lib/scylla/commitlog/CommitLog-1-54043196104414587.log, /var/lib/scylla/commitlog/CommitLog-1-575968633.log, /var/lib/scylla/commitlog/CommitLog-1-575968632.log
2020-09-17T05:42:25.454245770Z  INFO  2020-09-17 05:42:25,453 [shard 0] commitlog_replayer - Log replay complete, 21320 replayed mutations (0 invalid, 0 skipped)
2020-09-17T05:42:25.456032383Z  INFO  2020-09-17 05:42:25,455 [shard 0] init - replaying commit log - flushing memtables
2020-09-17T05:42:40.177513583Z  INFO  2020-09-17 05:42:40,176 [shard 0] init - replaying commit log - removing old commitlog segments
2020-09-17T05:42:40.178465791Z  INFO  2020-09-17 05:42:40,178 [shard 0] compaction - Compacting [/var/lib/scylla/data/system/compaction_history-b4dbb7b4dc493fb5b3bfce6e434832ca/mc-472-big-Data.db:level=0, /var/lib/scylla/data/system/compaction_history-b4dbb7b4dc493fb5b3bfce6e434832ca/mc-468-big-Data.db:level=0, /var/lib/scylla/data/system/compaction_history-b4dbb7b4dc493fb5b3bfce6e434832ca/mc-464-big-Data.db:level=0, ]
2020-09-17T05:42:40.180134421Z  INFO  2020-09-17 05:42:40,178 [shard 0] compaction - Compacting [/var/lib/scylla/data/dt/source_data-6af6cd50d77b11ea9877000000000001/mc-52-big-Data.db:level=0, /var/lib/scylla/data/dt/source_data-6af6cd50d77b11ea9877000000000001/mc-48-big-Data.db:level=0, /var/lib/scylla/data/dt/source_data-6af6cd50d77b11ea9877000000000001/mc-44-big-Data.db:level=0, ]
2020-09-17T05:42:40.180159003Z  INFO  2020-09-17 05:42:40,178 [shard 0] compaction - Compacting [/var/lib/scylla/data/system/truncated-38c19fd0fb863310a4b70d0cc66628aa/mc-880-big-Data.db:level=0, /var/lib/scylla/data/system/truncated-38c19fd0fb863310a4b70d0cc66628aa/mc-884-big-Data.db:level=0, /var/lib/scylla/data/system/truncated-38c19fd0fb863310a4b70d0cc66628aa/mc-876-big-Data.db:level=0, ]
2020-09-17T05:42:40.180171813Z  INFO  2020-09-17 05:42:40,178 [shard 3] compaction - Compacting [/var/lib/scylla/data/system_schema/dropped_columns-5e7583b5f3f43af19a39b7e1d6f5f11f/mc-399-big-Data.db:level=0, /var/lib/scylla/data/system_schema/dropped_columns-5e7583b5f3f43af19a39b7e1d6f5f11f/mc-403-big-Data.db:level=0, /var/lib/scylla/data/system_schema/dropped_columns-5e7583b5f3f43af19a39b7e1d6f5f11f/mc-395-big-Data.db:level=0, ]
2020-09-17T05:42:40.180235530Z  INFO  2020-09-17 05:42:40,178 [shard 1] compaction - Compacting [/var/lib/scylla/data/system/peers-37f71aca7dc2383ba70672528af04d4f/mc-5-big-Data.db:level=0, /var/lib/scylla/data/system/peers-37f71aca7dc2383ba70672528af04d4f/mc-13-big-Data.db:level=0, /var/lib/scylla/data/system/peers-37f71aca7dc2383ba70672528af04d4f/mc-9-big-Data.db:level=0, ]
2020-09-17T05:42:40.180249927Z  INFO  2020-09-17 05:42:40,178 [shard 3] compaction - Compacting [/var/lib/scylla/data/system_schema/functions-96489b7980be3e14a70166a0b9159450/mc-339-big-Data.db:level=0, /var/lib/scylla/data/system_schema/functions-96489b7980be3e14a70166a0b9159450/mc-335-big-Data.db:level=0, /var/lib/scylla/data/system_schema/functions-96489b7980be3e14a70166a0b9159450/mc-331-big-Data.db:level=0, ]
2020-09-17T05:42:40.180265730Z  INFO  2020-09-17 05:42:40,178 [shard 1] compaction - Compacting [/var/lib/scylla/data/system/clients-ca0f635d863036098d93a1fc06f2a5e5/mc-21-big-Data.db:level=0, /var/lib/scylla/data/system/clients-ca0f635d863036098d93a1fc06f2a5e5/mc-53-big-Data.db:level=0, /var/lib/scylla/data/system/clients-ca0f635d863036098d93a1fc06f2a5e5/mc-49-big-Data.db:level=0, /var/lib/scylla/data/system/clients-ca0f635d863036098d93a1fc06f2a5e5/mc-45-big-Data.db:level=0, /var/lib/scylla/data/system/clients-ca0f635d863036098d93a1fc06f2a5e5/mc-61-big-Data.db:level=0, /var/lib/scylla/data/system/clients-ca0f635d863036098d93a1fc06f2a5e5/mc-41-big-Data.db:level=0, /var/lib/scylla/data/system/clients-ca0f635d863036098d93a1fc06f2a5e5/mc-37-big-Data.db:level=0, /var/lib/scylla/data/system/clients-ca0f635d863036098d93a1fc06f2a5e5/mc-57-big-Data.db:level=0, /var/lib/scylla/data/system/clients-ca0f635d863036098d93a1fc06f2a5e5/mc-25-big-Data.db:level=0, /var/lib/scylla/data/system/clients-ca0f635d863036098d93a1fc06f2a5e5/mc-33-big-Data.db:level=0, /var/lib/scylla/data/system/clients-ca0f635d863036098d93a1fc06f2a5e5/mc-29-big-Data.db:level=0, ]
2020-09-17T05:42:40.180281632Z  INFO  2020-09-17 05:42:40,179 [shard 3] compaction - Compacting [/var/lib/scylla/data/system/compaction_history-b4dbb7b4dc493fb5b3bfce6e434832ca/mc-487-big-Data.db:level=0, /var/lib/scylla/data/system/compaction_history-b4dbb7b4dc493fb5b3bfce6e434832ca/mc-483-big-Data.db:level=0, /var/lib/scylla/data/system/compaction_history-b4dbb7b4dc493fb5b3bfce6e434832ca/mc-479-big-Data.db:level=0, ]
2020-09-17T05:42:40.180293085Z  INFO  2020-09-17 05:42:40,179 [shard 3] compaction - Compacting [/var/lib/scylla/data/system_schema/columns-24101c25a2ae3af787c1b40ee1aca33f/mc-403-big-Data.db:level=0, /var/lib/scylla/data/system_schema/columns-24101c25a2ae3af787c1b40ee1aca33f/mc-407-big-Data.db:level=0, /var/lib/scylla/data/system_schema/columns-24101c25a2ae3af787c1b40ee1aca33f/mc-399-big-Data.db:level=0, ]
2020-09-17T05:42:40.180305285Z  INFO  2020-09-17 05:42:40,179 [shard 1] compaction - Compacting [/var/lib/scylla/data/system/compaction_history-b4dbb7b4dc493fb5b3bfce6e434832ca/mc-481-big-Data.db:level=0, /var/lib/scylla/data/system/compaction_history-b4dbb7b4dc493fb5b3bfce6e434832ca/mc-485-big-Data.db:level=0, /var/lib/scylla/data/system/compaction_history-b4dbb7b4dc493fb5b3bfce6e434832ca/mc-477-big-Data.db:level=0, ]
2020-09-17T05:42:40.180316944Z  INFO  2020-09-17 05:42:40,179 [shard 3] compaction - Compacting [/var/lib/scylla/data/system_schema/indexes-0feb57ac311f382fba6d9024d305702f/mc-367-big-Data.db:level=0, /var/lib/scylla/data/system_schema/indexes-0feb57ac311f382fba6d9024d305702f/mc-363-big-Data.db:level=0, /var/lib/scylla/data/system_schema/indexes-0feb57ac311f382fba6d9024d305702f/mc-359-big-Data.db:level=0, ]
2020-09-17T05:42:40.180335080Z  INFO  2020-09-17 05:42:40,179 [shard 1] compaction - Compacting [/var/lib/scylla/data/system/local-7ad54392bcdd35a684174e047860b377/mc-1909-big-Data.db:level=0, /var/lib/scylla/data/system/local-7ad54392bcdd35a684174e047860b377/mc-1913-big-Data.db:level=0, /var/lib/scylla/data/system/local-7ad54392bcdd35a684174e047860b377/mc-1917-big-Data.db:level=0, /var/lib/scylla/data/system/local-7ad54392bcdd35a684174e047860b377/mc-1905-big-Data.db:level=0, ]
2020-09-17T05:42:40.180347412Z  INFO  2020-09-17 05:42:40,179 [shard 2] compaction - Compacting [/var/lib/scylla/data/system_schema/dropped_columns-5e7583b5f3f43af19a39b7e1d6f5f11f/mc-402-big-Data.db:level=0, /var/lib/scylla/data/system_schema/dropped_columns-5e7583b5f3f43af19a39b7e1d6f5f11f/mc-394-big-Data.db:level=0, /var/lib/scylla/data/system_schema/dropped_columns-5e7583b5f3f43af19a39b7e1d6f5f11f/mc-398-big-Data.db:level=0, ]
2020-09-17T05:42:40.180358967Z  INFO  2020-09-17 05:42:40,179 [shard 2] compaction - Compacting [/var/lib/scylla/data/system/compaction_history-b4dbb7b4dc493fb5b3bfce6e434832ca/mc-482-big-Data.db:level=0, /var/lib/scylla/data/system/compaction_history-b4dbb7b4dc493fb5b3bfce6e434832ca/mc-486-big-Data.db:level=0, /var/lib/scylla/data/system/compaction_history-b4dbb7b4dc493fb5b3bfce6e434832ca/mc-478-big-Data.db:level=0, ]
2020-09-17T05:42:40.180370153Z  INFO  2020-09-17 05:42:40,179 [shard 3] compaction - Compacting [/var/lib/scylla/data/system_schema/scylla_tables-5d912ff1f7593665b2c88042ab5103dd/mc-339-big-Data.db:level=0, /var/lib/scylla/data/system_schema/scylla_tables-5d912ff1f7593665b2c88042ab5103dd/mc-335-big-Data.db:level=0, ]
2020-09-17T05:42:40.180488543Z  INFO  2020-09-17 05:42:40,179 [shard 2] compaction - Compacting [/var/lib/scylla/data/system_schema/keyspaces-abac5682dea631c5b535b3d6cffd0fb6/mc-394-big-Data.db:level=0, /var/lib/scylla/data/system_schema/keyspaces-abac5682dea631c5b535b3d6cffd0fb6/mc-398-big-Data.db:level=0, /var/lib/scylla/data/system_schema/keyspaces-abac5682dea631c5b535b3d6cffd0fb6/mc-390-big-Data.db:level=0, ]
2020-09-17T05:42:40.180511839Z  INFO  2020-09-17 05:42:40,180 [shard 3] compaction - Compacting [/var/lib/scylla/data/dt/source_data-6af6cd50d77b11ea9877000000000001/mc-367-big-Data.db:level=0, /var/lib/scylla/data/dt/source_data-6af6cd50d77b11ea9877000000000001/mc-363-big-Data.db:level=0, /var/lib/scylla/data/dt/source_data-6af6cd50d77b11ea9877000000000001/mc-359-big-Data.db:level=0, ]
2020-09-17T05:42:40.180552399Z  INFO  2020-09-17 05:42:40,180 [shard 2] compaction - Compacting [/var/lib/scylla/data/system_schema/tables-afddfb9dbc1e30688056eed6c302ba09/mc-350-big-Data.db:level=0, /var/lib/scylla/data/system_schema/tables-afddfb9dbc1e30688056eed6c302ba09/mc-346-big-Data.db:level=0, ]
2020-09-17T05:42:40.180853040Z  INFO  2020-09-17 05:42:40,180 [shard 2] compaction - Compacting [/var/lib/scylla/data/system_schema/views-9786ac1cdd583201a7cdad556410c985/mc-286-big-Data.db:level=0, /var/lib/scylla/data/system_schema/views-9786ac1cdd583201a7cdad556410c985/mc-282-big-Data.db:level=0, ]
2020-09-17T05:42:40.180874590Z  INFO  2020-09-17 05:42:40,180 [shard 2] compaction - Compacting [/var/lib/scylla/data/system_schema/scylla_tables-5d912ff1f7593665b2c88042ab5103dd/mc-338-big-Data.db:level=0, /var/lib/scylla/data/system_schema/scylla_tables-5d912ff1f7593665b2c88042ab5103dd/mc-334-big-Data.db:level=0, ]
2020-09-17T05:42:40.185366935Z  INFO  2020-09-17 05:42:40,185 [shard 0] init - initializing migration manager RPC verbs
2020-09-17T05:42:40.187361041Z  INFO  2020-09-17 05:42:40,186 [shard 0] init - initializing storage proxy RPC verbs
2020-09-17T05:42:40.188622765Z  INFO  2020-09-17 05:42:40,188 [shard 0] init - starting streaming service
2020-09-17T05:42:40.191615593Z  INFO  2020-09-17 05:42:40,191 [shard 0] init - starting hinted handoff manager
2020-09-17T05:42:41.880719674Z  WARN  2020-09-17 05:42:41,880 [shard 3] large_data - Writing a partition with too many rows [dt/source_data:d0a71d84-b80f-4558-beac-8887750652e3] (109841 rows)
2020-09-17T05:42:42.775646589Z  INFO  2020-09-17 05:42:42,774 [shard 0] init - starting messaging service
2020-09-17T05:42:42.777008965Z  INFO  2020-09-17 05:42:42,776 [shard 0] repair - Setting max_repair_memory=168820736, max_repair_memory_per_range=33554432, max_repair_ranges_in_parallel=5
2020-09-17T05:42:42.778197722Z  INFO  2020-09-17 05:42:42,777 [shard 0] init - starting storage service
2020-09-17T05:42:42.781030451Z  INFO  2020-09-17 05:42:42,780 [shard 0] storage_service - Loading persisted ring state
2020-09-17T05:42:42.785618184Z  INFO  2020-09-17 05:42:42,785 [shard 0] storage_service - loaded_peer_features: peer_features size=0
2020-09-17T05:42:42.786161933Z  INFO  2020-09-17 05:42:42,785 [shard 0] storage_service - Checking remote features skipped, since this node is a new seed node which knows nothing about the cluster
2020-09-17T05:42:42.788647994Z  INFO  2020-09-17 05:42:42,788 [shard 0] storage_service - Restarting a node in NORMAL status
2020-09-17T05:42:42.822254155Z  INFO  2020-09-17 05:42:42,821 [shard 0] database - Schema version changed to 3f00f995-6495-3765-8599-4e76a2f4c6b2
2020-09-17T05:42:42.822939172Z  INFO  2020-09-17 05:42:42,822 [shard 0] storage_service - Starting up server gossip
2020-09-17T05:42:43.115103049Z  INFO  2020-09-17 05:42:43,114 [shard 1] compaction - Compacted 3 sstables to []. 16430 bytes to 0 (~0% of original) in 0ms = 0.00MB/s. ~384 total partitions merged to 0.
2020-09-17T05:42:44.443422072Z  INFO  2020-09-17 05:42:44,442 [shard 1] compaction - Compacted 11 sstables to []. 252020 bytes to 0 (~0% of original) in 30ms = 0.00MB/s. ~1408 total partitions merged to 0.
2020-09-17T05:42:44.898446903Z  INFO  2020-09-17 05:42:44,897 [shard 2] compaction - Compacting [/var/lib/scylla/data/system_schema/view_virtual_columns-08843b6345dc3be29798a0418295cfaa/mc-346-big-Data.db:level=0, /var/lib/scylla/data/system_schema/view_virtual_columns-08843b6345dc3be29798a0418295cfaa/mc-342-big-Data.db:level=0, /var/lib/scylla/data/system_schema/view_virtual_columns-08843b6345dc3be29798a0418295cfaa/mc-338-big-Data.db:level=0, ]
2020-09-17T05:42:44.898537466Z  INFO  2020-09-17 05:42:44,897 [shard 2] compaction - Compacting [/var/lib/scylla/data/system_schema/computed_columns-cc7c7069374033c192a4c3de78dbd2c4/mc-334-big-Data.db:level=0, /var/lib/scylla/data/system_schema/computed_columns-cc7c7069374033c192a4c3de78dbd2c4/mc-330-big-Data.db:level=0, ]
2020-09-17T05:42:44.901105374Z  INFO  2020-09-17 05:42:44,900 [shard 2] compaction - Compacting [/var/lib/scylla/data/system_schema/columns-24101c25a2ae3af787c1b40ee1aca33f/mc-402-big-Data.db:level=0, /var/lib/scylla/data/system_schema/columns-24101c25a2ae3af787c1b40ee1aca33f/mc-406-big-Data.db:level=0, /var/lib/scylla/data/system_schema/columns-24101c25a2ae3af787c1b40ee1aca33f/mc-398-big-Data.db:level=0, ]
2020-09-17T05:42:44.901501086Z  INFO  2020-09-17 05:42:44,900 [shard 2] compaction - Compacting [/var/lib/scylla/data/system/truncated-38c19fd0fb863310a4b70d0cc66628aa/mc-698-big-Data.db:level=0, /var/lib/scylla/data/system/truncated-38c19fd0fb863310a4b70d0cc66628aa/mc-694-big-Data.db:level=0, /var/lib/scylla/data/system/truncated-38c19fd0fb863310a4b70d0cc66628aa/mc-690-big-Data.db:level=0, ]
2020-09-17T05:42:45.755809669Z  INFO  2020-09-17 05:42:45,755 [shard 0] compaction - Compacted 3 sstables to [/var/lib/scylla/data/system/compaction_history-b4dbb7b4dc493fb5b3bfce6e434832ca/mc-476-big-Data.db:level=0, ]. 258754 bytes to 111425 (~43% of original) in 3773ms = 0.03MB/s. ~512 total partitions merged to 207.
2020-09-17T05:42:45.755848842Z  INFO  2020-09-17 05:42:45,755 [shard 0] compaction - Compacted 3 sstables to [/var/lib/scylla/data/dt/source_data-6af6cd50d77b11ea9877000000000001/mc-56-big-Data.db:level=0, ]. 384243 bytes to 333321 (~86% of original) in 3773ms = 0.08MB/s. ~384 total partitions merged to 1.
2020-09-17T05:42:45.756825677Z  INFO  2020-09-17 05:42:45,756 [shard 0] compaction - Compacted 3 sstables to [/var/lib/scylla/data/system/truncated-38c19fd0fb863310a4b70d0cc66628aa/mc-888-big-Data.db:level=0, ]. 158421 bytes to 76909 (~48% of original) in 3773ms = 0.02MB/s. ~384 total partitions merged to 2.
2020-09-17T05:42:46.015079657Z  INFO  2020-09-17 05:42:46,013 [shard 3] compaction - Compacting [/var/lib/scylla/data/system_schema/triggers-4df70b666b05325195a132b54005fd48/mc-335-big-Data.db:level=0, /var/lib/scylla/data/system_schema/triggers-4df70b666b05325195a132b54005fd48/mc-327-big-Data.db:level=0, /var/lib/scylla/data/system_schema/triggers-4df70b666b05325195a132b54005fd48/mc-331-big-Data.db:level=0, ]
2020-09-17T05:42:46.015136941Z  INFO  2020-09-17 05:42:46,014 [shard 3] compaction - Compacting [/var/lib/scylla/data/system_schema/computed_columns-cc7c7069374033c192a4c3de78dbd2c4/mc-335-big-Data.db:level=0, /var/lib/scylla/data/system_schema/computed_columns-cc7c7069374033c192a4c3de78dbd2c4/mc-331-big-Data.db:level=0, ]
2020-09-17T05:42:46.015707204Z  INFO  2020-09-17 05:42:46,015 [shard 3] compaction - Compacting [/var/lib/scylla/data/system_schema/view_virtual_columns-08843b6345dc3be29798a0418295cfaa/mc-347-big-Data.db:level=0, /var/lib/scylla/data/system_schema/view_virtual_columns-08843b6345dc3be29798a0418295cfaa/mc-343-big-Data.db:level=0, /var/lib/scylla/data/system_schema/view_virtual_columns-08843b6345dc3be29798a0418295cfaa/mc-339-big-Data.db:level=0, ]
2020-09-17T05:42:46.017083045Z  INFO  2020-09-17 05:42:46,016 [shard 3] compaction - Compacting [/var/lib/scylla/data/system_schema/tables-afddfb9dbc1e30688056eed6c302ba09/mc-347-big-Data.db:level=0, /var/lib/scylla/data/system_schema/tables-afddfb9dbc1e30688056eed6c302ba09/mc-343-big-Data.db:level=0, ]
2020-09-17T05:42:46.551468975Z  INFO  2020-09-17 05:42:46,550 [shard 0] messaging_service - Starting Messaging Service on port 7000
2020-09-17T05:42:47.082837428Z  INFO  2020-09-17 05:42:47,082 [shard 2] compaction - Compacted 2 sstables to [/var/lib/scylla/data/system_schema/views-9786ac1cdd583201a7cdad556410c985/mc-290-big-Data.db:level=0, ]. 13698 bytes to 7006 (~51% of original) in 4717ms = 0.00MB/s. ~256 total partitions merged to 1.
2020-09-17T05:42:47.241902029Z  INFO  2020-09-17 05:42:47,241 [shard 2] compaction - Compacted 2 sstables to [/var/lib/scylla/data/system_schema/tables-afddfb9dbc1e30688056eed6c302ba09/mc-354-big-Data.db:level=0, ]. 67713 bytes to 59786 (~88% of original) in 4719ms = 0.01MB/s. ~256 total partitions merged to 2.
2020-09-17T05:42:47.241941869Z  INFO  2020-09-17 05:42:47,241 [shard 2] compaction - Compacted 3 sstables to [/var/lib/scylla/data/system_schema/dropped_columns-5e7583b5f3f43af19a39b7e1d6f5f11f/mc-406-big-Data.db:level=0, ]. 15982 bytes to 5643 (~35% of original) in 4718ms = 0.00MB/s. ~384 total partitions merged to 1.
2020-09-17T05:42:47.409842232Z  INFO  2020-09-17 05:42:47,409 [shard 1] compaction - Compacted 3 sstables to [/var/lib/scylla/data/system/compaction_history-b4dbb7b4dc493fb5b3bfce6e434832ca/mc-489-big-Data.db:level=0, ]. 189224 bytes to 114616 (~60% of original) in 6370ms = 0.02MB/s. ~512 total partitions merged to 218.
2020-09-17T05:42:47.444159847Z  INFO  2020-09-17 05:42:47,443 [shard 2] compaction - Compacted 2 sstables to [/var/lib/scylla/data/system_schema/scylla_tables-5d912ff1f7593665b2c88042ab5103dd/mc-342-big-Data.db:level=0, ]. 11912 bytes to 6130 (~51% of original) in 4719ms = 0.00MB/s. ~256 total partitions merged to 1.
2020-09-17T05:42:47.444187652Z  INFO  2020-09-17 05:42:47,443 [shard 2] compaction - Compacted 3 sstables to [/var/lib/scylla/data/system_schema/keyspaces-abac5682dea631c5b535b3d6cffd0fb6/mc-402-big-Data.db:level=0, ]. 67314 bytes to 56727 (~84% of original) in 4720ms = 0.01MB/s. ~384 total partitions merged to 2.
2020-09-17T05:42:47.444929793Z  INFO  2020-09-17 05:42:47,444 [shard 2] compaction - Compacted 3 sstables to [/var/lib/scylla/data/system/compaction_history-b4dbb7b4dc493fb5b3bfce6e434832ca/mc-490-big-Data.db:level=0, ]. 208990 bytes to 113410 (~54% of original) in 4721ms = 0.02MB/s. ~512 total partitions merged to 211.
2020-09-17T05:42:47.487657474Z  INFO  2020-09-17 05:42:47,487 [shard 1] compaction - Compacted 4 sstables to [/var/lib/scylla/data/system/local-7ad54392bcdd35a684174e047860b377/mc-1921-big-Data.db:level=0, ]. 31115 bytes to 12595 (~40% of original) in 6371ms = 0.00MB/s. ~512 total partitions merged to 1.
2020-09-17T05:42:47.489045385Z  INFO  2020-09-17 05:42:47,488 [shard 1] compaction - Compacting [/var/lib/scylla/data/system/local-7ad54392bcdd35a684174e047860b377/mc-1925-big-Data.db:level=0, /var/lib/scylla/data/system/local-7ad54392bcdd35a684174e047860b377/mc-1921-big-Data.db:level=0, ]
2020-09-17T05:42:48.621333664Z  INFO  2020-09-17 05:42:48,620 [shard 3] compaction - Compacted 3 sstables to [/var/lib/scylla/data/system/compaction_history-b4dbb7b4dc493fb5b3bfce6e434832ca/mc-491-big-Data.db:level=0, ]. 181070 bytes to 104059 (~57% of original) in 5835ms = 0.02MB/s. ~512 total partitions merged to 153.
2020-09-17T05:42:48.621860021Z  INFO  2020-09-17 05:42:48,621 [shard 3] compaction - Compacted 2 sstables to [/var/lib/scylla/data/system_schema/scylla_tables-5d912ff1f7593665b2c88042ab5103dd/mc-343-big-Data.db:level=0, ]. 12528 bytes to 6443 (~51% of original) in 5835ms = 0.00MB/s. ~256 total partitions merged to 1.
2020-09-17T05:42:48.622837471Z  INFO  2020-09-17 05:42:48,622 [shard 3] compaction - Compacted 3 sstables to [/var/lib/scylla/data/system_schema/functions-96489b7980be3e14a70166a0b9159450/mc-343-big-Data.db:level=0, ]. 16891 bytes to 5945 (~35% of original) in 5834ms = 0.00MB/s. ~384 total partitions merged to 1.
2020-09-17T05:42:48.623420309Z  INFO  2020-09-17 05:42:48,623 [shard 3] compaction - Compacted 3 sstables to [/var/lib/scylla/data/system_schema/indexes-0feb57ac311f382fba6d9024d305702f/mc-371-big-Data.db:level=0, ]. 23136 bytes to 12790 (~55% of original) in 5835ms = 0.00MB/s. ~384 total partitions merged to 2.
2020-09-17T05:42:48.624051638Z  INFO  2020-09-17 05:42:48,623 [shard 3] compaction - Compacted 3 sstables to [/var/lib/scylla/data/system_schema/dropped_columns-5e7583b5f3f43af19a39b7e1d6f5f11f/mc-407-big-Data.db:level=0, ]. 16421 bytes to 5795 (~35% of original) in 5836ms = 0.00MB/s. ~384 total partitions merged to 1.
2020-09-17T05:42:48.648503541Z  INFO  2020-09-17 05:42:48,647 [shard 3] compaction - Compacted 3 sstables to [/var/lib/scylla/data/system_schema/columns-24101c25a2ae3af787c1b40ee1aca33f/mc-411-big-Data.db:level=0, ]. 76173 bytes to 57506 (~75% of original) in 5837ms = 0.01MB/s. ~384 total partitions merged to 4.
2020-09-17T05:42:48.747083343Z  INFO  2020-09-17 05:42:48,746 [shard 3] compaction - Compacted 3 sstables to [/var/lib/scylla/data/dt/source_data-6af6cd50d77b11ea9877000000000001/mc-371-big-Data.db:level=0, ]. 8888321 bytes to 8837398 (~99% of original) in 5837ms = 1.44MB/s. ~384 total partitions merged to 1.
2020-09-17T05:42:48.917231676Z  INFO  2020-09-17 05:42:48,916 [shard 2] compaction - Compacting [/var/lib/scylla/data/system_schema/functions-96489b7980be3e14a70166a0b9159450/mc-326-big-Data.db:level=0, /var/lib/scylla/data/system_schema/functions-96489b7980be3e14a70166a0b9159450/mc-334-big-Data.db:level=0, /var/lib/scylla/data/system_schema/functions-96489b7980be3e14a70166a0b9159450/mc-330-big-Data.db:level=0, ]
2020-09-17T05:42:48.917664918Z  INFO  2020-09-17 05:42:48,916 [shard 2] compaction - Compacting [/var/lib/scylla/data/system_schema/aggregates-924c55872e3a345bb10c12f37c1ba895/mc-274-big-Data.db:level=0, /var/lib/scylla/data/system_schema/aggregates-924c55872e3a345bb10c12f37c1ba895/mc-270-big-Data.db:level=0, ]
2020-09-17T05:42:49.009362902Z  INFO  2020-09-17 05:42:49,006 [shard 1] compaction - Compacted 2 sstables to [/var/lib/scylla/data/system/local-7ad54392bcdd35a684174e047860b377/mc-1929-big-Data.db:level=0, ]. 18687 bytes to 12272 (~65% of original) in 1135ms = 0.01MB/s. ~256 total partitions merged to 1.
2020-09-17T05:42:51.086935006Z  INFO  2020-09-17 05:42:51,086 [shard 3] compaction - Compacting [/var/lib/scylla/data/system_schema/types-5a8b1ca866023f77a0459273d308917a/mc-291-big-Data.db:level=0, /var/lib/scylla/data/system_schema/types-5a8b1ca866023f77a0459273d308917a/mc-283-big-Data.db:level=0, /var/lib/scylla/data/system_schema/types-5a8b1ca866023f77a0459273d308917a/mc-287-big-Data.db:level=0, ]
2020-09-17T05:42:51.087750281Z  INFO  2020-09-17 05:42:51,086 [shard 3] compaction - Compacting [/var/lib/scylla/data/system/large_cells-ead8bbc5f1463ae19f710b11f9a1d296/mc-55-big-Data.db:level=0, /var/lib/scylla/data/system/large_cells-ead8bbc5f1463ae19f710b11f9a1d296/mc-63-big-Data.db:level=0, /var/lib/scylla/data/system/large_cells-ead8bbc5f1463ae19f710b11f9a1d296/mc-59-big-Data.db:level=0, ]
2020-09-17T05:42:51.087775961Z  INFO  2020-09-17 05:42:51,087 [shard 3] compaction - Compacting [/var/lib/scylla/data/system_schema/keyspaces-abac5682dea631c5b535b3d6cffd0fb6/mc-383-big-Data.db:level=0, /var/lib/scylla/data/system_schema/keyspaces-abac5682dea631c5b535b3d6cffd0fb6/mc-387-big-Data.db:level=0, /var/lib/scylla/data/system_schema/keyspaces-abac5682dea631c5b535b3d6cffd0fb6/mc-379-big-Data.db:level=0, ]
2020-09-17T05:42:52.251374748Z  INFO  2020-09-17 05:42:52,250 [shard 2] compaction - Compacted 3 sstables to [/var/lib/scylla/data/system_schema/view_virtual_columns-08843b6345dc3be29798a0418295cfaa/mc-350-big-Data.db:level=0, ]. 16450 bytes to 5799 (~35% of original) in 4019ms = 0.00MB/s. ~384 total partitions merged to 1.
2020-09-17T05:42:52.341864682Z  INFO  2020-09-17 05:42:52,341 [shard 2] compaction - Compacted 2 sstables to [/var/lib/scylla/data/system_schema/computed_columns-cc7c7069374033c192a4c3de78dbd2c4/mc-338-big-Data.db:level=0, ]. 10550 bytes to 5432 (~51% of original) in 4019ms = 0.00MB/s. ~256 total partitions merged to 1.
2020-09-17T05:42:52.530224989Z  INFO  2020-09-17 05:42:52,528 [shard 2] compaction - Compacted 3 sstables to [/var/lib/scylla/data/system_schema/columns-24101c25a2ae3af787c1b40ee1aca33f/mc-410-big-Data.db:level=0, ]. 78680 bytes to 61694 (~78% of original) in 4018ms = 0.01MB/s. ~384 total partitions merged to 2.
2020-09-17T05:42:52.614685039Z  INFO  2020-09-17 05:42:52,614 [shard 2] compaction - Compacted 3 sstables to [/var/lib/scylla/data/system/truncated-38c19fd0fb863310a4b70d0cc66628aa/mc-702-big-Data.db:level=0, ]. 167630 bytes to 56246 (~33% of original) in 4018ms = 0.01MB/s. ~384 total partitions merged to 4.
2020-09-17T05:42:53.524962548Z  INFO  2020-09-17 05:42:53,524 [shard 3] compaction - Compacted 2 sstables to [/var/lib/scylla/data/system_schema/computed_columns-cc7c7069374033c192a4c3de78dbd2c4/mc-339-big-Data.db:level=0, ]. 17544 bytes to 12459 (~71% of original) in 5071ms = 0.00MB/s. ~256 total partitions merged to 2.
2020-09-17T05:42:53.760185279Z  INFO  2020-09-17 05:42:53,759 [shard 2] compaction - Compacting [/var/lib/scylla/data/system_schema/triggers-4df70b666b05325195a132b54005fd48/mc-326-big-Data.db:level=0, /var/lib/scylla/data/system_schema/triggers-4df70b666b05325195a132b54005fd48/mc-334-big-Data.db:level=0, /var/lib/scylla/data/system_schema/triggers-4df70b666b05325195a132b54005fd48/mc-330-big-Data.db:level=0, ]
2020-09-17T05:42:54.031653437Z  INFO  2020-09-17 05:42:54,029 [shard 3] compaction - Compacted 3 sstables to []. 17055 bytes to 0 (~0% of original) in 0ms = 0.00MB/s. ~384 total partitions merged to 0.
2020-09-17T05:42:54.031730092Z  INFO  2020-09-17 05:42:54,029 [shard 3] compaction - Compacted 3 sstables to [/var/lib/scylla/data/system_schema/triggers-4df70b666b05325195a132b54005fd48/mc-339-big-Data.db:level=0, ]. 16093 bytes to 5679 (~35% of original) in 5072ms = 0.00MB/s. ~384 total partitions merged to 1.
2020-09-17T05:42:54.031761713Z  INFO  2020-09-17 05:42:54,030 [shard 3] compaction - Compacted 3 sstables to [/var/lib/scylla/data/system_schema/view_virtual_columns-08843b6345dc3be29798a0418295cfaa/mc-351-big-Data.db:level=0, ]. 23510 bytes to 12927 (~54% of original) in 5071ms = 0.00MB/s. ~384 total partitions merged to 2.
2020-09-17T05:42:54.031777460Z  INFO  2020-09-17 05:42:54,030 [shard 3] compaction - Compacted 2 sstables to [/var/lib/scylla/data/system_schema/tables-afddfb9dbc1e30688056eed6c302ba09/mc-351-big-Data.db:level=0, ]. 65497 bytes to 56355 (~86% of original) in 5071ms = 0.01MB/s. ~256 total partitions merged to 4.
2020-09-17T05:42:54.237939820Z  INFO  2020-09-17 05:42:54,236 [shard 2] compaction - Compacted 3 sstables to [/var/lib/scylla/data/system_schema/functions-96489b7980be3e14a70166a0b9159450/mc-338-big-Data.db:level=0, ]. 16993 bytes to 5980 (~35% of original) in 4843ms = 0.00MB/s. ~384 total partitions merged to 1.
2020-09-17T05:42:54.238447266Z  INFO  2020-09-17 05:42:54,237 [shard 2] compaction - Compacted 2 sstables to [/var/lib/scylla/data/system_schema/aggregates-924c55872e3a345bb10c12f37c1ba895/mc-278-big-Data.db:level=0, ]. 11132 bytes to 5723 (~51% of original) in 4844ms = 0.00MB/s. ~256 total partitions merged to 1.
2020-09-17T05:42:54.780284463Z  INFO  2020-09-17 05:42:54,778 [shard 3] compaction - Compacting [/var/lib/scylla/data/system_schema/views-9786ac1cdd583201a7cdad556410c985/mc-283-big-Data.db:level=0, /var/lib/scylla/data/system_schema/views-9786ac1cdd583201a7cdad556410c985/mc-279-big-Data.db:level=0, ]
2020-09-17T05:42:54.780323162Z  INFO  2020-09-17 05:42:54,778 [shard 3] compaction - Compacting [/var/lib/scylla/data/system_schema/aggregates-924c55872e3a345bb10c12f37c1ba895/mc-271-big-Data.db:level=0, /var/lib/scylla/data/system_schema/aggregates-924c55872e3a345bb10c12f37c1ba895/mc-267-big-Data.db:level=0, ]
2020-09-17T05:42:54.993882043Z  INFO  2020-09-17 05:42:54,993 [shard 2] compaction - Compacting [/var/lib/scylla/data/system_schema/indexes-0feb57ac311f382fba6d9024d305702f/mc-378-big-Data.db:level=0, /var/lib/scylla/data/system_schema/indexes-0feb57ac311f382fba6d9024d305702f/mc-374-big-Data.db:level=0, /var/lib/scylla/data/system_schema/indexes-0feb57ac311f382fba6d9024d305702f/mc-370-big-Data.db:level=0, ]
2020-09-17T05:42:55.317816046Z  INFO  2020-09-17 05:42:55,314 [shard 2] compaction - Compacted 3 sstables to [/var/lib/scylla/data/system_schema/triggers-4df70b666b05325195a132b54005fd48/mc-338-big-Data.db:level=0, ]. 16195 bytes to 5714 (~35% of original) in 1232ms = 0.00MB/s. ~384 total partitions merged to 1.
2020-09-17T05:42:55.520598400Z  INFO  2020-09-17 05:42:55,519 [shard 3] compaction - Compacted 3 sstables to [/var/lib/scylla/data/system_schema/types-5a8b1ca866023f77a0459273d308917a/mc-295-big-Data.db:level=0, ]. 16116 bytes to 5740 (~35% of original) in 3691ms = 0.00MB/s. ~384 total partitions merged to 1.
2020-09-17T05:42:55.520676514Z  INFO  2020-09-17 05:42:55,519 [shard 3] compaction - Compacted 3 sstables to [/var/lib/scylla/data/system_schema/keyspaces-abac5682dea631c5b535b3d6cffd0fb6/mc-391-big-Data.db:level=0, ]. 61708 bytes to 51353 (~83% of original) in 3690ms = 0.01MB/s. ~384 total partitions merged to 4.
2020-09-17T05:42:55.980240192Z  INFO  2020-09-17 05:42:55,979 [shard 2] compaction - Compacting [/var/lib/scylla/data/system_schema/types-5a8b1ca866023f77a0459273d308917a/mc-290-big-Data.db:level=0, /var/lib/scylla/data/system_schema/types-5a8b1ca866023f77a0459273d308917a/mc-294-big-Data.db:level=0, /var/lib/scylla/data/system_schema/types-5a8b1ca866023f77a0459273d308917a/mc-286-big-Data.db:level=0, ]
2020-09-17T05:42:56.260620384Z  INFO  2020-09-17 05:42:56,258 [shard 3] compaction - Compacting [/var/lib/scylla/data/system/truncated-38c19fd0fb863310a4b70d0cc66628aa/mc-503-big-Data.db:level=0, /var/lib/scylla/data/system/truncated-38c19fd0fb863310a4b70d0cc66628aa/mc-499-big-Data.db:level=0, /var/lib/scylla/data/system/truncated-38c19fd0fb863310a4b70d0cc66628aa/mc-495-big-Data.db:level=0, ]
2020-09-17T05:42:56.487828308Z  INFO  2020-09-17 05:42:56,487 [shard 2] compaction - Compacted 3 sstables to [/var/lib/scylla/data/system_schema/indexes-0feb57ac311f382fba6d9024d305702f/mc-382-big-Data.db:level=0, ]. 16333 bytes to 5760 (~35% of original) in 985ms = 0.01MB/s. ~384 total partitions merged to 1.
2020-09-17T05:42:56.936693144Z  INFO  2020-09-17 05:42:56,935 [shard 3] compaction - Compacted 2 sstables to [/var/lib/scylla/data/system_schema/views-9786ac1cdd583201a7cdad556410c985/mc-287-big-Data.db:level=0, ]. 21047 bytes to 14386 (~68% of original) in 1480ms = 0.01MB/s. ~256 total partitions merged to 2.
2020-09-17T05:42:56.937589329Z  INFO  2020-09-17 05:42:56,936 [shard 3] compaction - Compacted 2 sstables to [/var/lib/scylla/data/system_schema/aggregates-924c55872e3a345bb10c12f37c1ba895/mc-275-big-Data.db:level=0, ]. 11064 bytes to 5688 (~51% of original) in 1480ms = 0.00MB/s. ~256 total partitions merged to 1.
2020-09-17T05:42:57.354740089Z  INFO  2020-09-17 05:42:57,354 [shard 2] compaction - Compacted 3 sstables to [/var/lib/scylla/data/system_schema/types-5a8b1ca866023f77a0459273d308917a/mc-298-big-Data.db:level=0, ]. 16218 bytes to 5775 (~35% of original) in 1052ms = 0.01MB/s. ~384 total partitions merged to 1.
2020-09-17T05:42:57.517702869Z  INFO  2020-09-17 05:42:57,517 [shard 3] compaction - Compacted 3 sstables to [/var/lib/scylla/data/system/truncated-38c19fd0fb863310a4b70d0cc66628aa/mc-507-big-Data.db:level=0, ]. 188997 bytes to 63366 (~33% of original) in 1112ms = 0.05MB/s. ~384 total partitions merged to 2.
2020-09-17T05:42:58.556029441Z  INFO  2020-09-17 05:42:58,555 [shard 0] gossip - No gossip backlog; proceeding
2020-09-17T05:42:58.558040665Z  INFO  2020-09-17 05:42:58,557 [shard 0] features - Feature COMPUTED_COLUMNS is enabled
2020-09-17T05:42:58.558103684Z  INFO  2020-09-17 05:42:58,557 [shard 0] features - Feature CORRECT_COUNTER_ORDER is enabled
2020-09-17T05:42:58.558121524Z  INFO  2020-09-17 05:42:58,557 [shard 0] features - Feature CORRECT_NON_COMPOUND_RANGE_TOMBSTONES is enabled
2020-09-17T05:42:58.558137520Z  INFO  2020-09-17 05:42:58,557 [shard 0] features - Feature CORRECT_STATIC_COMPACT_IN_MC is enabled
2020-09-17T05:42:58.558153124Z  INFO  2020-09-17 05:42:58,557 [shard 0] features - Feature COUNTERS is enabled
2020-09-17T05:42:58.558168572Z  INFO  2020-09-17 05:42:58,557 [shard 0] features - Feature DIGEST_INSENSITIVE_TO_EXPIRY is enabled
2020-09-17T05:42:58.558402559Z  INFO  2020-09-17 05:42:58,557 [shard 0] features - Feature DIGEST_MULTIPARTITION_READ is enabled
2020-09-17T05:42:58.558490239Z  INFO  2020-09-17 05:42:58,557 [shard 0] features - Feature HINTED_HANDOFF_SEPARATE_CONNECTION is enabled
2020-09-17T05:42:58.558512403Z  INFO  2020-09-17 05:42:58,557 [shard 0] features - Feature INDEXES is enabled
2020-09-17T05:42:58.558528443Z  INFO  2020-09-17 05:42:58,557 [shard 0] features - Feature LARGE_PARTITIONS is enabled
2020-09-17T05:42:58.558544365Z  INFO  2020-09-17 05:42:58,557 [shard 0] features - Feature LWT is enabled
2020-09-17T05:42:58.558559933Z  INFO  2020-09-17 05:42:58,557 [shard 0] features - Feature MATERIALIZED_VIEWS is enabled
2020-09-17T05:42:58.558575723Z  INFO  2020-09-17 05:42:58,557 [shard 0] features - Feature MC_SSTABLE_FORMAT is enabled
2020-09-17T05:42:58.558590898Z  INFO  2020-09-17 05:42:58,557 [shard 0] features - Feature NONFROZEN_UDTS is enabled
2020-09-17T05:42:58.558606543Z  INFO  2020-09-17 05:42:58,557 [shard 0] features - Feature PER_TABLE_PARTITIONERS is enabled
2020-09-17T05:42:58.558621891Z  INFO  2020-09-17 05:42:58,557 [shard 0] features - Feature RANGE_TOMBSTONES is enabled
2020-09-17T05:42:58.558637194Z  INFO  2020-09-17 05:42:58,557 [shard 0] features - Feature ROLES is enabled
2020-09-17T05:42:58.558652526Z  INFO  2020-09-17 05:42:58,557 [shard 0] features - Feature ROW_LEVEL_REPAIR is enabled
2020-09-17T05:42:58.558668141Z  INFO  2020-09-17 05:42:58,557 [shard 0] features - Feature SCHEMA_TABLES_V3 is enabled
2020-09-17T05:42:58.558683651Z  INFO  2020-09-17 05:42:58,557 [shard 0] features - Feature STREAM_WITH_RPC_STREAM is enabled
2020-09-17T05:42:58.558699470Z  INFO  2020-09-17 05:42:58,557 [shard 0] features - Feature TRUNCATION_TABLE is enabled
2020-09-17T05:42:58.558715479Z  INFO  2020-09-17 05:42:58,557 [shard 0] system_keyspace - Got cluster agreement on truncation table feature. Removing legacy records.
2020-09-17T05:42:58.558842795Z  INFO  2020-09-17 05:42:58,558 [shard 0] features - Feature UNBOUNDED_RANGE_TOMBSTONES is enabled
2020-09-17T05:42:58.558887750Z  INFO  2020-09-17 05:42:58,558 [shard 0] features - Feature VIEW_VIRTUAL_COLUMNS is enabled
2020-09-17T05:42:58.558905764Z  INFO  2020-09-17 05:42:58,558 [shard 0] features - Feature WRITE_FAILURE_REPLY is enabled
2020-09-17T05:42:58.558921659Z  INFO  2020-09-17 05:42:58,558 [shard 0] features - Feature XXHASH is enabled
2020-09-17T05:42:58.560143894Z  INFO  2020-09-17 05:42:58,559 [shard 0] system_keyspace - Legacy records deleted.
2020-09-17T05:42:58.563460233Z  INFO  2020-09-17 05:42:58,562 [shard 0] init - starting system distributed keyspace
2020-09-17T05:42:58.566763068Z  INFO  2020-09-17 05:42:58,566 [shard 0] storage_service - Using saved tokens {943448605036726745, 9061580907506437136, 8957018461898327244, 8813999419995718088, 8775859223532977932, 873311388414975666, 8707696313600310498, 8675978575875245837, 855031166620283245, 8476533345381470087, 8413544620893079714, 8382283044476755854, 7804258889026263620, 778239093056833917, 7732629563319678675, 7564694057214588647, 747840302865059114, 7255484784972643852, 700944770677405149, 7009081579420542256, 7354219953741161264, 6974970471767945112, 6788034976878782500, 667581605220131528, 6496091893897576732, 6478032244021912394, 6420907855788431922, 8777890816944145805, 6381418245203458391, 6358173612251239308, 6302443190184390149, 6115776390551923703, 5906838239532612246, 5890706123786165213, 588034934972968299, 5848278814186320030, 5834675951458569055, 5796254206948921528, -6441145814158460549, 7172238068082229918, -6238625478980828395, -6199824488038647909, -572473923349256348, -5526097868254533829, -5508289632699420366, -6338043935148530859, 4738411181964629022, -5411685484465544274, 5103660925946342563, -5360532551957069796, -5246840897237646542, -8953406550820932827, -511676141100664160, -4872163430844150374, 5153854518462400651, -4829128129506020031, 6818717460470417221, -4735496583611878200, -7913213531410876291, -8612347190400988175, 3361838207769500988, -4770694758141334815, 3533570692245755170, -3014142033706378490, -6648258355715071793, 105268539462240253, 6448269612184381105, 3941245744356891698, -4925670906471950289, -6853270293933441203, -431455211546220291, -4106310081010891923, -4280461110562472301, -4231054370802445643, 4453520694484038438, -5140544052953576706, -7341700934491837716, -4177024142024341044, -2365586676906010085, -4368295386640868227, -6779834804380741154, 7103497347382660592, -471701403720839764, -2187125227394891465, -1593748153114868683, 8325613099551670589, -6017078328443447975, 408961909545308462, -3256341547923989103, 1911454556365012923, -2135119982021577211, -6104126434670973331, -1614584707908969492, -5285270377043925775, 194223785007163967, 3556932048290112968, 4378909036113166689, -2319706609635128471, 782580883702972777, -3880555618453256762, -2879534723161185431, 7469085752185829039, -8001902308657073600, -1522914538603683793, 784130423392421222, -3409621329811667263, -5136236598692180863, -2640475812391264528, 3907413558358164712, -2166731983266837511, -8529251962487546573, -5228242602708342126, -6263078841153087564, -1295419475388780424, 5311755414232655734, -4113405879925637368, 2104079815049743807, -105211415949921556, -1004253484774030395, -6093280019772326743, -1363472444035739717, 7772390126184307669, 3373616921334842984, -3428624778218969630, -4475005699924690030, -1207620414022812792, -4203952547861361192, -4895652206680369668, 5569071124009844993, -2800260328053956713, 1033733984444816800, -1761718599052329021, -6249520955674807415, -6810383749951706976, -2391018463907211455, -3729138346528579520, -3942245253345029362, -1032698423218536378, 2233495137371904435, -1970747149103226319, 2531294222158762011, 4445989245037378795, -2648919406212884980, 800062458669145892, -6586482614645135705, -8855822008500182327, -2076430708060394350, -6127879535600466936, 5017042126534426855, -6767019288334108993, -6985294397658573838, -2605645373691895986, 2542018259596577135, -2699231837109027988, -9132047842757487932, 9066588519930559993, -4601858807243735115, 1470306277250886071, 1688077838521597411, -2700796200994103492, -5656441245782528349, 3822141065635310082, -4415280594152455372, -1709100826419756065, -2732234699235264563, -3101294897153501639, 6933997554702494562, -4541237399207364623, 1251119865371637993, -3280527161887251879, -4007868363884276055, -4134923634748466107, -5595342098352848506, 533209426647054698, 285540986842976874, -4193553788022177878, -7111183380354176443, 7880345233810794046, -7190282066974323895, -7232953798633244985, -7512330892235471280, -889434854029329118, 9122882257136270100, 3909145942678699742, 2870638580126821409, -2685359252619347507, 4540975434217357056, 1912522665107890116, -1474028219808469861, -7767361191227918078, -8495384334141326469, -8024675672634848221, -8352632933072691056, -1084614158625469139, -8372022353883945178, -1171738939209168407, -8485257529464526975, -8549013321787275289, -7405825010257289618, -8694753427154041557, -9173155356561330710, -3164480873853500968, 1172299952227812636, 1535311813904826318, 156312151312654313, 2050968450175517454, 1018091569669202328, 1574734081023094222, 214428871588027420, -5095673126210616552, 2431756818088451524, -1208769590907790735, 3022913469242457337, 2609254198811139442, 5396954320704971060, 284028081363756156, -184157634332906914, 2879924223908633556, 3014475854062098037, 8280511155447462154, 3058186759042775792, 3100842289958262644, -769344519844763244, 3287699046743316011, 7743526815996532326, -7148146405116016542, 352278596429886466, 3606629961194077343, 3840184102447470012, -4623422606623793434, 3924960423780627192, 4660022660859336370, 5401470720317959250, 3979649323160207298, 4037379789709069307, 790424663468033093, 5150907166433009570, 4083460330442256183, 4262233236239091105, 4461207940793579131, 7222389702734437292, 4497639963855891379, 5935809959838255935, 525652295242460822, -9210810031089136649, 3145063885579200582, 5102381975608989830, 5104799485589097680, -467985751191813914, 5122450296475986719, 5256736089695841171, 5341717901052361821, 5441044328235651423, 5661405961885371428, -6303682351633097607, 5704999654143823990}
2020-09-17T05:42:58.595438534Z  INFO  2020-09-17 05:42:58,595 [shard 0] database - Schema version changed to e1b2d478-e5f2-30c4-b994-d93919918df3
2020-09-17T05:42:58.595460109Z  INFO  2020-09-17 05:42:58,595 [shard 0] database - Schema version changed to e1b2d478-e5f2-30c4-b994-d93919918df3
2020-09-17T05:42:58.596428711Z  INFO  2020-09-17 05:42:58,596 [shard 0] database - Schema version changed to 0e03d198-385b-3f36-8c34-c3f5846bbbac
2020-09-17T05:42:59.176040398Z  INFO  2020-09-17 05:42:59,175 [shard 1] compaction - Compacting [/var/lib/scylla/data/system/local-7ad54392bcdd35a684174e047860b377/mc-1933-big-Data.db:level=0, /var/lib/scylla/data/system/local-7ad54392bcdd35a684174e047860b377/mc-1929-big-Data.db:level=0, ]
2020-09-17T05:42:59.181468416Z  INFO  2020-09-17 05:42:59,181 [shard 0] storage_service - Node 10.0.37.6 state jump to normal
2020-09-17T05:42:59.181497676Z  INFO  2020-09-17 05:42:59,181 [shard 0] storage_service - Remove node 10.0.37.6 from pending replacing endpoint
2020-09-17T05:42:59.969061032Z  INFO  2020-09-17 05:42:59,968 [shard 0] storage_service - NORMAL: node is now in normal status
2020-09-17T05:42:59.969111390Z  INFO  2020-09-17 05:42:59,968 [shard 0] cdc - No generation seen during startup.
2020-09-17T05:42:59.971386777Z  INFO  2020-09-17 05:42:59,970 [shard 0] init - starting tracing
2020-09-17T05:42:59.972516386Z  INFO  2020-09-17 05:42:59,971 [shard 0] storage_service - SSTable data integrity checker is disabled.
2020-09-17T05:42:59.973038269Z  INFO  2020-09-17 05:42:59,972 [shard 0] init - starting batchlog manager
2020-09-17T05:42:59.973767811Z  INFO  2020-09-17 05:42:59,972 [shard 0] init - starting load meter
2020-09-17T05:42:59.973791962Z  INFO  2020-09-17 05:42:59,972 [shard 0] init - starting cf cache hit rate calculator
2020-09-17T05:42:59.973816576Z  INFO  2020-09-17 05:42:59,973 [shard 0] init - starting view update backlog broker
2020-09-17T05:42:59.975155508Z  INFO  2020-09-17 05:42:59,974 [shard 0] init - Waiting for gossip to settle before accepting client requests...
2020-09-17T05:43:00.057129302Z  INFO  2020-09-17 05:43:00,056 [shard 1] compaction - Compacted 2 sstables to [/var/lib/scylla/data/system/local-7ad54392bcdd35a684174e047860b377/mc-1941-big-Data.db:level=0, ]. 18351 bytes to 12072 (~65% of original) in 762ms = 0.02MB/s. ~256 total partitions merged to 1.
2020-09-17T05:43:00.057651066Z  INFO  2020-09-17 05:43:00,057 [shard 1] compaction - Compacting [/var/lib/scylla/data/system/local-7ad54392bcdd35a684174e047860b377/mc-1937-big-Data.db:level=0, /var/lib/scylla/data/system/local-7ad54392bcdd35a684174e047860b377/mc-1941-big-Data.db:level=0, ]
2020-09-17T05:43:00.550075011Z  INFO  2020-09-17 05:43:00,549 [shard 1] compaction - Compacted 2 sstables to [/var/lib/scylla/data/system/local-7ad54392bcdd35a684174e047860b377/mc-1945-big-Data.db:level=0, ]. 18171 bytes to 12075 (~66% of original) in 389ms = 0.03MB/s. ~256 total partitions merged to 1.
2020-09-17T05:43:11.976229757Z  INFO  2020-09-17 05:43:11,975 [shard 0] gossip - No gossip backlog; proceeding
2020-09-17T05:43:11.977180863Z  INFO  2020-09-17 05:43:11,976 [shard 0] init - allow replaying hints
2020-09-17T05:43:11.977975253Z  INFO  2020-09-17 05:43:11,977 [shard 0] init - Launching generate_mv_updates for non system tables
2020-09-17T05:43:11.978921958Z  INFO  2020-09-17 05:43:11,978 [shard 0] init - starting the view builder
2020-09-17T05:43:12.385258003Z  INFO  2020-09-17 05:43:12,384 [shard 0] init - starting native transport
2020-09-17T05:43:12.385916790Z  INFO  2020-09-17 05:43:12,385 [shard 0] compaction - Compacting [/var/lib/scylla/data/system/truncated-38c19fd0fb863310a4b70d0cc66628aa/mc-892-big-Data.db:level=0, /var/lib/scylla/data/system/truncated-38c19fd0fb863310a4b70d0cc66628aa/mc-888-big-Data.db:level=0, ]
2020-09-17T05:43:12.388137698Z  INFO  2020-09-17 05:43:12,387 [shard 0] storage_service - Starting listening for CQL clients on 10.0.37.6:9042 (unencrypted)
2020-09-17T05:43:12.390056586Z  INFO  2020-09-17 05:43:12,389 [shard 0] storage_service - Thrift server listening on 10.0.37.6:9160 ...
2020-09-17T05:43:12.391373427Z  INFO  2020-09-17 05:43:12,391 [shard 0] init - serving
2020-09-17T05:43:12.391789978Z  INFO  2020-09-17 05:43:12,391 [shard 0] init - Scylla version 4.1.6-0.20200831.6d9ff622df initialization completed.
2020-09-17T05:43:12.890500160Z  INFO  2020-09-17 05:43:12,889 [shard 0] compaction - Compacted 2 sstables to [/var/lib/scylla/data/system/truncated-38c19fd0fb863310a4b70d0cc66628aa/mc-896-big-Data.db:level=0, ]. 82142 bytes to 76744 (~93% of original) in 385ms = 0.19MB/s. ~256 total partitions merged to 2.
2020-09-17T05:43:55.974449199Z  INFO  2020-09-17 05:43:55,973 [shard 3] compaction - Compacting [/var/lib/scylla/data/system/clients-ca0f635d863036098d93a1fc06f2a5e5/mc-11-big-Data.db:level=0, /var/lib/scylla/data/system/clients-ca0f635d863036098d93a1fc06f2a5e5/mc-7-big-Data.db:level=0, ]
2020-09-17T05:43:56.480672923Z  INFO  2020-09-17 05:43:56,480 [shard 3] compaction - Compacted 2 sstables to [/var/lib/scylla/data/system/clients-ca0f635d863036098d93a1fc06f2a5e5/mc-15-big-Data.db:level=0, ]. 98818 bytes to 6712 (~6% of original) in 404ms = 0.02MB/s. ~256 total partitions merged to 1.
2020-09-17T05:45:05.966364503Z  INFO  2020-09-17 05:45:05,965 [shard 3] compaction - Compacting [/var/lib/scylla/data/system/clients-ca0f635d863036098d93a1fc06f2a5e5/mc-15-big-Data.db:level=0, /var/lib/scylla/data/system/clients-ca0f635d863036098d93a1fc06f2a5e5/mc-19-big-Data.db:level=0, ]
2020-09-17T05:45:06.498086419Z  INFO  2020-09-17 05:45:06,497 [shard 3] compaction - Compacted 2 sstables to [/var/lib/scylla/data/system/clients-ca0f635d863036098d93a1fc06f2a5e5/mc-23-big-Data.db:level=0, ]. 56146 bytes to 6514 (~11% of original) in 431ms = 0.01MB/s. ~256 total partitions merged to 1.
2020-09-17T05:45:36.902926182Z  INFO  2020-09-17 05:45:36,902 [shard 3] compaction - Compacting [/var/lib/scylla/data/system/clients-ca0f635d863036098d93a1fc06f2a5e5/mc-23-big-Data.db:level=0, /var/lib/scylla/data/system/clients-ca0f635d863036098d93a1fc06f2a5e5/mc-27-big-Data.db:level=0, ]
2020-09-17T05:45:37.376060838Z  INFO  2020-09-17 05:45:37,375 [shard 3] compaction - Compacted 2 sstables to [/var/lib/scylla/data/system/clients-ca0f635d863036098d93a1fc06f2a5e5/mc-31-big-Data.db:level=0, ]. 56201 bytes to 6723 (~11% of original) in 361ms = 0.02MB/s. ~256 total partitions merged to 1.
2020-09-17T05:45:54.730090627Z  INFO  2020-09-17 05:45:54,729 [shard 3] compaction - Compacting [/var/lib/scylla/data/system/clients-ca0f635d863036098d93a1fc06f2a5e5/mc-31-big-Data.db:level=0, /var/lib/scylla/data/system/clients-ca0f635d863036098d93a1fc06f2a5e5/mc-35-big-Data.db:level=0, ]
2020-09-17T05:45:55.272676587Z  INFO  2020-09-17 05:45:55,271 [shard 3] compaction - Compacted 2 sstables to [/var/lib/scylla/data/system/clients-ca0f635d863036098d93a1fc06f2a5e5/mc-39-big-Data.db:level=0, ]. 56148 bytes to 6241 (~11% of original) in 442ms = 0.01MB/s. ~256 total partitions merged to 1.
2020-09-17T05:46:12.498392175Z  INFO  2020-09-17 05:46:12,497 [shard 3] compaction - Compacting [/var/lib/scylla/data/system/clients-ca0f635d863036098d93a1fc06f2a5e5/mc-39-big-Data.db:level=0, /var/lib/scylla/data/system/clients-ca0f635d863036098d93a1fc06f2a5e5/mc-43-big-Data.db:level=0, ]
2020-09-17T05:46:12.924127941Z  INFO  2020-09-17 05:46:12,923 [shard 3] compaction - Compacted 2 sstables to [/var/lib/scylla/data/system/clients-ca0f635d863036098d93a1fc06f2a5e5/mc-47-big-Data.db:level=0, ]. 55686 bytes to 6123 (~10% of original) in 332ms = 0.02MB/s. ~256 total partitions merged to 1.
