2020-09-23T20:04:36.356128253Z 0 1k61nQCmGdx1wo13mwKBso4Xkfyig4MJ6y34FCEt4PHajYjeB4VPV7o13d9Do7
2020-09-23T20:04:36.368098441Z 1 ubFvF4ZZxWdF9J7gPvuNA7Ndn2XMIwJFdNPyBCFzjmNz7d5spwECde7AUWVdj8
2020-09-23T20:04:36.382155586Z 2 KU4Lsg6uJGhnoioMyQek9mYbnz10tzg2UhgPTi08gHrZDHcDn6BTecHsMyKNxf
2020-09-23T20:04:36.393161577Z 3 SBbbdfwwp14FHE9gueM99CClYbGYjBx1iPg6bfruGNI9pdZ6ymUPsLcuERT89U
2020-09-23T20:04:36.404391395Z 4 7eeh4wQh2KnoQegF1gf2OmjsdqAwcfbSFHRiubd1agNvuKb4nVLrCfalZeUEbi
2020-09-23T20:04:36.415493986Z 5 4HFZ6SAVMIaapqJ1rJvplvPQ3Xb8b1VxazRoK3M4PtxUsuSmYseOuNMi2tUdlb
2020-09-23T20:04:36.426724695Z 6 wlETYGtQsV0zudUVaKk3NmewS2vt1VxYu3Yq7DGwYtdvFZOxEGan1JMQlLC9iu
2020-09-23T20:04:36.437560677Z 7 0rIoY111kkRQDeGx3djpvruQktD68TMRnkrhz9Qzyvxax8rZ2T2V442ToLdVUa
2020-09-23T20:04:36.448762330Z 8 8sfQpJbAXkR4kvZROTBPHFHUkJltRItjXrXrIe65RR8Ft7ZEFuay4In4UUgvXc
2020-09-23T20:04:36.459253760Z 9 RtaR1e00TQWiRAMEmswFWVzFfEDsbiNoxDPwUgETTI7WOgOpS3ST8mpkqiugD6
2020-09-23T20:04:36.470424792Z 10 ELcpRecd8eMqLfEQb2BZWueR56widOUdQvh8zhJZM03GSoFSqHtQBukOQfl7F
2020-09-23T20:04:36.481578116Z 11 0wQheZ4dEbru70g3oPsCXfSpaalhNQxCsRbnXsuq2875zgIZ5eKf9jTtrQVcK
2020-09-23T20:04:36.492809233Z 12 GmvclfATNe2m4OCVZ2AX0VLE1c4AcyN67dYXGSWLdBt8jxPSfbhhyJohG8eMh
2020-09-23T20:04:36.503356874Z 13 jF2ZJalEoo2cqre6sNajp8TnQeADCRwMnBfWZ3W5LhvehAiH2jq2QxftCsu0O
2020-09-23T20:04:36.514547037Z 14 Nb7PrggexxQx5ygrqtE73okvotDSgws4t2fmTyKM8lACgRtukEgSACsjCXTXM
2020-09-23T20:04:36.525710331Z 15 Dt0e7xz6g7cp8ewG4TKxLP05hM5JuXbqowlu7aCumiC3kjDf258og8Y6Q7DYp
2020-09-23T20:04:36.537235214Z 16 AgsNP476QXcgojf2EVTcoz7nsbTwlzIbhgNrQCrk0JDUxiZpfgjlIqg4WJNqy
2020-09-23T20:04:36.548393912Z 17 1LuvClAgcP7swiMLG4tc5dASyjlka0WRcareh1pRDECA1UVpw61ce5v91dCdu
2020-09-23T20:04:36.559700758Z 18 FcFG4244OzBXtQc7k4pCN8fQY4or3DRuPm3u7SGbc0pcWHsYn7Bkm5WJ8jxFs
2020-09-23T20:04:36.570693496Z 19 7pd0pxp6IJK348A2ykOrJcZU055VLqhF83LkS0FZlZE7RymO0lKqbJZf7f3lO
2020-09-23T20:04:36.581670747Z 20 Gd8JiAL3MsCQJ97BU3FrxAKqc2UJIoDTWJB5NXFiWrvRLlSYpBlcYhW8W3d3h
2020-09-23T20:04:36.592603372Z 21 wh1RuGmu7CsKrsKST1XDWzkyyCNnv1bJo0dPIFZRn3q5KKq9V70kaCCcyeIph
2020-09-23T20:04:36.604269837Z 22 o5nKi3g6FfWdOTynzZJFyG9Jj6xxRPNWKoyY84zPs7lm2yHr40SwlMbvUNFmv
2020-09-23T20:04:36.616049665Z 23 3aPKEUWNk2xisxGOoETBDjsJsnyTxiRYfZNbUo7HPZRRmUJnluun89ORh6KT9
2020-09-23T20:04:36.629971693Z 24 iyPAKPjk4lravuFkB1GuqBXfm38Ac3PzsGJyH5pfY9RHIXQh39wTsIYX7KA7h
2020-09-23T20:04:36.637458603Z 25 OEG7MsHGseg7XDKa549c7ONtDt3fpFfMNpEx3016HTek7DNRVZvgxjdl9EfVw
2020-09-23T20:04:36.648617821Z 26 CxT4Ph7bSvQgSaf2DsGlyHRHOsvC01TfzML7X7LrIgrEjJLxy6EXcjbc7sRv9
2020-09-23T20:04:36.659808320Z 27 doFX1DRwF16UrSj7me3bjUkJoiZckWqaZknge70GBr00GdrCnuYs227AVQXxG
2020-09-23T20:04:36.671051616Z 28 lgXVDvrr95Wr5ycnmMud4T1AaQcUS8esFutuYXb32jXwR8fK9YmCBKXg0C39x
2020-09-23T20:04:36.681647630Z 29 9uoInR08j76yY4Q8MVc1SFQuzduuwnDrwxRLPMR0EZGcxRCbLxaoSsa7FrM9c
2020-09-23T20:04:36.693161973Z 30 oFsUfB4jUJSYmEFeRNxaLt1fkxTlybbjdfoUtzTmpN8bFCW2EkZnJ8eP4R8oU
2020-09-23T20:04:36.704328354Z 31 ZsKqrM6m7gsjLWYbCvHaU7MTSn9MHLbcwJ9U6TNI4PzeruKu2D7z6PD0Q7aqs
2020-09-23T20:04:36.715457923Z 32 8O775IeQSbw0EbfjoUkk1Y7eOcXKiWh2liV4y4v70K33yWmQASqxoA9FT1W8a
2020-09-23T20:04:36.726288242Z 33 2hF6Z6rejfQ2UEpwt1GPV5yBjpDgQrcL0A4XUm5qMubbvqpJcOlS3ThT76XlW
2020-09-23T20:04:36.737950299Z 34 0C8zPvL6ReWM25u7tLMA97cpMqE6BUJaNvqkXyCaWKFVJ7nBKz1Z3k0i3J9HB
2020-09-23T20:04:36.749217209Z 35 a9EApFswfw8fEuzsOtVDLw3gjyI5BZDcm8JtLYi4OOLkeoIKOTONrPX8YWqqp
2020-09-23T20:04:36.759728684Z 36 bX3YF3aMCZpvKPBW8h9I51tqO30o0zFonu1MY2y1obphUDSSoghGaZzNTrlIS
2020-09-23T20:04:36.770897023Z 37 PQkINgikwyDuw3nCgpZ3OXdVAKBxvpXeEzGsLJPaedzEluYdi7rNVUr38bnEj
2020-09-23T20:04:36.781375864Z 38 Q648tXqGs3lSB9q2kTWubBI3fHwXu8inexq1ZEXtiQNQz1R2x0tSOH9NRFowD
2020-09-23T20:04:36.792656719Z 39 EODc6xzOxyY9Qft8nr7sUdA1eEdyiAyMf7DcgwSJSVQEnmo561wdditcxiPji
2020-09-23T20:04:36.803256313Z 40 Nq0clMUAFWBS9n830jGGNPY3DBgbTv5rdwvSApk3zXpVcWIrJRsilD3rWKea3
2020-09-23T20:04:36.814762242Z 41 iUebAD9H9s8a5Hy0OxalybXM0WNNWc7a8DDB3MjUaHVLinQZydEDPrTjGdH1J
2020-09-23T20:04:36.825162302Z 42 o0u4wmK9EnD2XWPunsq9QJalXZnIY85WSIM4JuzfeSDYhwsZgmFxvFwM2EMuy
2020-09-23T20:04:36.836248164Z 43 2Lkh7uNVnAxADuO93x0UFJu7Lpslw4Jb2uIaNwR3TdoIEvZ6VYfw1TyNIut5W
2020-09-23T20:04:36.847127456Z 44 7AOpAYj8Jvw77lLf1Y8T1Lsw9MljCld2sEz3yIkCJppcyFzmm9NOYwsA2M8qn
2020-09-23T20:04:36.860834241Z 45 sy4cEuG2hMqf2cmH0gAHGaJMJKMGiStaogBHi7mv1DUoaeIYvyRg36wPqNAvG
2020-09-23T20:04:36.871560429Z 46 PSBMMyyoqRDwuGrOwzXmj57VxXKE0JWqftmJNBoueNbswWRaUjTolngO2KyB9
2020-09-23T20:04:36.882741863Z 47 FcfCvRg0NNx9FtgOkZtlJfQYhnGodK86KYAIcIDvg4mp4N5aY1gPyjt75MIrr
2020-09-23T20:04:36.895183727Z 48 7aCuwbKVsaSAWjX6PVhdaDgcdJuy0cIu1ceCaSukaZaZD23OEvN3Guzm3vaxe
2020-09-23T20:04:36.904547391Z 49 qj8SRaabO74Q07M4xJPc6vBNMfhvy6NzfgHj6MFDGayucTmGl5ivJwOglVfQJ
2020-09-23T20:04:36.915825132Z 50 2FhePq8tgspOPJgIzpPza2hyvqgL9fNACHetjvdwsqX5CSRPwolTUCUmLTNGM
2020-09-23T20:04:36.926125247Z 51 TAfhd5RQWy1WVPLBlUvMeHQSR0tssxwCEhuuxUhd2jxwxiqiglMzlwbW8dHwz
2020-09-23T20:04:36.937337692Z 52 JwHl0WhTVnuBWH3Djh4ypKMokHsNz5TZdwAgUCyCFYYAOoFaNtoj6ktdyIOsy
2020-09-23T20:04:36.948662479Z 53 Er13Vd5C5TsFI6nRoaDHjW5bwLI8B6FvcbnKoyWn85JUOdIhkPgAXeRzitFn7
2020-09-23T20:04:36.959255594Z 54 o7i52ZB5R18MpEzMRIRo5QcxCngq5169utmefx7HsqUMO9TKbr8apNX6sVFNt
2020-09-23T20:04:36.970076066Z 55 51DLkdtcQF9ku4pIEHYkBWDZtm10KbhqmvJO87e68jn0wiGC9GIcRoNvxoUdA
2020-09-23T20:04:36.981904221Z 56 95ROevICSpDvmrBYfYG7EyYu16766QZHTKBpjDjiG088GmEYLkxBbQ6tA4ShG
2020-09-23T20:04:36.993201777Z 57 L36EA8tP7tw5C6E3g5RnIahSqgC29HyZTe6QweqDvyfE42dJQ9iMoBCXiwcdn
2020-09-23T20:04:37.005085002Z 58 zCzOa8QGACfPAUbjPIRpUp7xMxy1vB0rldVSXrP7R9y1tHbfYkvtlSomKJG0a
2020-09-23T20:04:37.017367868Z 59 LtBNTYcbigMxwC43rhgPSOh6TVHxBU6bJ0LmNN3cFtx97vngegbyKMFTUgCTJ
2020-09-23T20:04:37.029126239Z 60 gXYs0QtLXf7INbVOWRMXlha0HJMVSMxQCayAXlh54t6IJLLXsItN9pfwoHGfq
2020-09-23T20:04:37.040329368Z 61 PsKX5YQ1pe02EL4ucaCRxfBYxupybJDZUxKA30Yaf0RNBKjvPcGyOmmDlQgxf
2020-09-23T20:04:37.051223272Z 62 pV8L10Ilq4J2AZjTehJZfu6eH9PIfD9VDttl3MTraZWxmnE4qz6QThWELs6po
2020-09-23T20:04:37.062865760Z 63 cMlhNJg656dcBsslrCA3mKuwYW5qjzjQ3jXm39uDX0AlE8gr4j2pnYlOnFpfS
2020-09-23T20:04:37.073895025Z 64 OrWxIMz0Sw1tKa2Jlof7GAInQB3UtRVocHDu4Eyq5DDnHB7M70rl8Mm3iubOc
2020-09-23T20:04:37.084992218Z 65 tKZvysX4BPcf31prMz6OqfY1zUWePqpfo1kT03hKowkWiq0wKuiNrl9N10Zt7
2020-09-23T20:04:37.097012995Z 66 9znswrLw3lYjwmeMzYrX2yULHO1jqhdOLTWbcPRruPOXYMEzyH3FhMdPlk9rL
2020-09-23T20:04:37.110254590Z 67 lAIePmRXjtsuuRaAIrYEC9ykfCKs1ka8caLLisAAl192BOJv9COdxScBWb2P8
2020-09-23T20:04:37.121344302Z 68 4I3L36D1xQH8aoJYCac24k1LOmK0eHvfoobbM3ntgjhIa89lFliI6dc7rXJK9
2020-09-23T20:04:37.132611801Z 69 my4H0SeEvqaVAtW9K5XKNYoKgORoGYFgJkFYGuQGMOsXJ2p4ycMNBjDJzfel2
2020-09-23T20:04:37.144081325Z 70 QoEhZaKyTm1sMWdOGWegokBiIs6kz9FghC8vPs9oteY8Pp2bqjPgA9dbKfclV
2020-09-23T20:04:37.155627961Z 71 mkdG4K5p6stJJGydpANubXY60BNmpMBxyf38H0w3HAlvI5oiasPS0PXpCGRV9
2020-09-23T20:04:37.167003918Z 72 aVnSemFj8WznfLIrhldQOV7mI5sjV0t0NOI8ptakY5N4IUESb4ra04VsWwrPA
2020-09-23T20:04:37.177150601Z 73 6TSWk3Pp6zjY9Lvvea4FXKEue8JuRL0rtVYkIKLhDbFLc1UcMOM8NCSGcGzPU
2020-09-23T20:04:37.189005029Z 74 PEjR3l422HkgJfnr582FMOvTL6hMolTdlmFuEpZw2YEi4p6kU6kf7lXnGvYC7
2020-09-23T20:04:37.200213670Z 75 6kcx4fuNlSQuLColptvql9AprrxYn7gkDhg75xGASYH1dI8ltVeAYiuk6xzQL
2020-09-23T20:04:37.211512209Z 76 npE6RYHKyniJWTdOwMS9tatSkyyQgVthTyf8oaVvthQi8BoNOywO5tNHmqD4d
2020-09-23T20:04:37.222443568Z 77 CDpHoYytx7k2TUcfFgEdAquu2LNfM0tgMsy3imZWmbV5Stp0KV30P4WRWxyey
2020-09-23T20:04:37.233886978Z 78 tESHWheTdwsiBJFye3VwoXZmCe52E3WdYwLhvBiRsaCX93q51rcE9zpe6NXLB
2020-09-23T20:04:37.244931353Z 79 slFhUhG6XowQ9LlA4N04NlfQaxHa9OoFPYt0kyjrhMpXVD4Qw7AJXrvHuGJTB
2020-09-23T20:04:37.256782187Z 80 XkQVGSfFZLhAn1vMB8VNJjtJq3coSb4mwtTAPqHvm6sVrx8jRLCKc97Nxmn8k
2020-09-23T20:04:37.268133128Z 81 DatwHhKMJIHPSNMcMqioEb0kqzmQbYOLRIRsL8lZvvciWBYyY0GpzTjYDkeSh
2020-09-23T20:04:37.279342142Z 82 NZpDG11ZjLui5oIzczdTvAtu5SKuCSxJd6ATxIreLAmc9bFw9TkwUllmOzouo
2020-09-23T20:04:37.290768271Z 83 OkJZsp8bSaoFFDJgUAJx8FO0uQev2g0ijhZlS1HZmHxUPkfx2SJJ6iqvhAB4b
2020-09-23T20:04:37.302827416Z 84 LTrJwIjWoKyfS18dvYykq0vefz5fIBPLXdY676rGzJd951RrH9fpTZE7Xq6m3
2020-09-23T20:04:37.313965852Z 85 LRv9UP9gjbtRyPzm3x4XSlbwZNqMekm3opVerQbshM8nQGxfFfJfsWPxJVxrR
2020-09-23T20:04:37.325251398Z 86 mgwR36EaZRqcD8n1eVtunXdaIDiGFWtQP01sSqv4OoXgOSVGeFVS3oMFlNt9U
2020-09-23T20:04:37.336411340Z 87 aJu06KYeQoKOn49I0Rx5as2Z2W61CygPP7lLUVK7d4TLQVJUsOiAwemxPtp3x
2020-09-23T20:04:37.347843119Z 88 BiKVwJuyVqrG2wuiYZSJmaFKF1eWNNoyAb5JtLj4SkY9eyhcgw468MXKbbiAQ
2020-09-23T20:04:37.359039647Z 89 kTMJaJLRpDOOhkVfaFBN4XNH4kJ3A16WuOT8qJShWlo5r0FzL5hJbj80GVnzQ
2020-09-23T20:04:37.370718348Z 90 JfHpy01cElFrVVz0mmW3gRbGWDs8KX8zE43KtXpM70kYzZnjb251C1UqtHGnL
2020-09-23T20:04:37.382091196Z 91 QJzgArFS8axOmBvLtooVT22BaV5WJjzypxJduYD37SnTr0kajYL7II9vwpUlG
2020-09-23T20:04:37.393198257Z 92 tC7xW3HjMjB6Adjsghc2veNVOJLlqTB3YXPDUkLkXA2SsGCsQ3bCUr4IZ4UXw
2020-09-23T20:04:37.404508349Z 93 XVCb3OHkkYK04Eng3roIDNOiK7dLQOdwFlVWgdXizvPEUGgzncnJH9f8iIj6k
2020-09-23T20:04:37.415699793Z 94 gGj2yy5njIWDoL8nnOfTbTBNErelsv8VhO9qV1Gz2bfLqAvrM2OrV2FL16khP
2020-09-23T20:04:37.427184595Z 95 hRcbiCiRlBYnbBWEv2PEyuYKF713cHf4qmC4CrY0CZo9TwswYxdDzB9NOawxy
2020-09-23T20:04:37.438635730Z 96 k3g8juVY5g0M6MmzR5Is7wLN100F1zlRbhzfodUmFVSJKXKLFMwvFbmqs36gG
2020-09-23T20:04:37.449332425Z 97 T0Vnrwp0N8MJPzgmA7TwzEjUvcfUZeaTZJ6LjIBV4BZ5PkzWeIEf8BH7IQYcc
2020-09-23T20:04:37.462219336Z 98 3i8HdXSCOU435OXvRke0gApv7eoAz9QLutWp37RuN41B6LJejtjuk6p3WcOYm
2020-09-23T20:04:37.473058945Z 99 HnE7x7VaLbIlygjrLA5wXJIraebxEwsIdBUEKWSHsBmDj4gRVs7CcSAINE5Hx
2020-09-23T20:04:37.483572465Z 100 q2jdh3VhXLRsjmBSARdzP7VMCQQVQMsTfw1xWldUMqk4MJx6KwOh8VKWTT3g
2020-09-23T20:04:37.494638942Z 101 RCYLdM5mzLc5K5KlLacck0bHY03rcjqMbxsuIOWQiAazhSiQc3gWry6mwWBO
2020-09-23T20:04:37.505814986Z 102 1XG5AF6kyx0HNpLphI7nXOVMBOBGBkwaDwvX3UMBSjStZrtomoqNatlfMybe
2020-09-23T20:04:37.516900159Z 103 5OK2pycA6un2H1Xspkqlwy5QPbtFsG4XCdRf6Vgqnl6QH6O5cjg3N2VsAN72
2020-09-23T20:04:37.527361057Z 104 wBfg9KDEShiNPcOIu5VthRw1MTKSm4VAqzq2gCOFUcb0asFQaWZq3qQiUAki
2020-09-23T20:04:37.538119309Z 105 fmvaSN3XriNXpEhF8xH7L7TO8h7vywW0tyFnySkpdid6c2Ov6PzkPSaq09nm
2020-09-23T20:04:37.549220879Z 106 A3JdLo7VquSMyCWwddvHvUryvvDC3wWjKSwjMNjAzN7V3bEczdROJKta3C5J
2020-09-23T20:04:37.560408551Z 107 RtT4n3tyVO6uYzTaJqhJuVXcHJeuwqDYZ6tjQn42YH8N1oymIvEW60sYY3VK
2020-09-23T20:04:37.572921634Z 108 LQC1HYbFuz4rgLjBrmfKDOtUuooJCedkV5kwH07wLFC3qfbQTH1kflm2atQz
2020-09-23T20:04:37.582975303Z 109 R8MUCFJObyxlwpWbctBVhnF53S1Qd0RiQndbeQazWZK6FCgj7oD4Ivxezwas
2020-09-23T20:04:37.593993971Z 110 yc6YiUiOfwHVe9u5vMI3sUO0T4zrrjnbUpsyfkxNE703pjjAO0iVfAaqNhHJ
2020-09-23T20:04:37.605195824Z 111 FTkG94tVwSCYdIDMGTVDA7Ip3sdBWwFJMJvKWtJMGxwF81J2x4t8e4fWF3RZ
2020-09-23T20:04:37.616124196Z 112 T6RXx914hZH3ATlM4cJj2w9N9wNXAWaez5f2ZgLw86AFMKCWfmeHkNeoEUeR
2020-09-23T20:04:37.627158459Z 113 Kmkhl6cDnkRAcmeuCfJcsByTVffKuGS6UjBJkGdLEXdSCofE4gNe1oessbyM
2020-09-23T20:04:37.638197144Z 114 P2Y3uWPkmM5UKAjMFm3Wki2po79PweTnkRc0DnQIkqSbrOGBrDZyhbaIA5Al
2020-09-23T20:04:37.649440221Z 115 hbZo4S1fZEf2uOdqPboX0gXyIuMsi1TPqPfMAFcqwYWFSrGBLXv5c6WIqtDL
2020-09-23T20:04:37.660489340Z 116 2ItWmsSZpdiVaWFeqDP6ki3tLtozcYbr32phIBZ98DBc1YAxulLGiei83IFK
2020-09-23T20:04:37.671279239Z 117 rjfZkrYN39hbLTnyV9rOq6OHd1YhzaJwAUKmnwEZ3d3HDGBQbYrwybJErKYf
2020-09-23T20:04:37.682813200Z 118 ZY0vlkzGH2U50I4dmkqjxgPS3LCMAzQRqDTDZ3ablc55SGZkpWpAOAtRnvcb
2020-09-23T20:04:37.693445088Z 119 NmNXfO3d8E9rXCdcrKHSbKYExAnaTUTPzCh4PrmDt65bM8kgSKV0nORodOJs
2020-09-23T20:04:37.704673305Z 120 GM1uVSfpIumjUWl7pj78EkuzrVQg4v3sZ70KOGX5YIf5pATT18qxciZonQ99
2020-09-23T20:04:37.716010918Z 121 r2R9DIRGjdCC8ETQMT1AUymce9ul0BZ2ruGwf6zEh4yK2gUNIAQ8nRrEF9iM
2020-09-23T20:04:37.730907271Z 122 rgFIO1ip0GYScdcEwIxx1sSdYUsApQFRXqnnp4KgfLyDPbv1hqtU4Wi6w6PX
2020-09-23T20:04:37.738173209Z 123 3Qbt5ZAoRaitWP6L5y2gc4h7x4BFRFYgrshBX7P7uAH44lXXIWakodMrkTvy
2020-09-23T20:04:37.749504856Z 124 ge9BYxTSVmBMYF7DHdz5uisCKhYWyHG9st9TPrSqApglhB2aqpx55JIrkD0Q
2020-09-23T20:04:37.760580153Z 125 JcQsd6bfO1DIRwCo2XjPAKgV4lBuvME9rK3x8NdShNiDBV6iIfRaj3b196FM
2020-09-23T20:04:37.771976569Z 126 2EsCA4YcJieNjKbn7b4TderfdJGmGYs5xN1LLiw9b3n73E7aAIIMxkGnTOhA
2020-09-23T20:04:37.783696278Z 127 Ns0aSFjzJo9fcYWXN4ZJyUui4F4xlrnMo1erW6uQOx75gTmg3u2bN3KSqrsc
2020-09-23T20:04:37.794748448Z 128 Wfs45PtYioyWQyT5ponq4VuZdyygdfLgErAQz5kYz7rOrgbr5GpR4rEBJCsf
2020-09-23T20:04:37.805141719Z 129 55KKbKMlSzWVWqvmpDnjPSWdklUjVNNFXDlgNxPqKU2ve8v8y7dZ7lDpT1uv
2020-09-23T20:04:37.816550892Z 130 y2POUd6PTx0YidxzYc7aH17Us3w4xlNs6Packixp9QJBy7p5qp339NYrVfIl
2020-09-23T20:04:37.827939249Z 131 HYq6s2PhdT2nI43iOt5OKdRNBn9pwEjNRN9qqEQF5fPI6kbha54BTEo6ZZsK
2020-09-23T20:04:37.838436491Z 132 6zIWS0nyDRlH7KMtO8s4RdOrJ2LfNkMgXEtR36Zhki54Ae9AYeUPnTvLybZV
2020-09-23T20:04:37.850120298Z 133 aIPSpSue3Sy7o7vT1N1y5AkmaJDUBJNXXppqDVZiZ6vJq04Q7xGvw7gx7fXP
2020-09-23T20:04:37.861757258Z 134 2zVhEy6XjOqq5ERFLQeJmk1kH0Yf9ZriH5kdscDrQHQXe8uAFEVQiFaqiDaU
2020-09-23T20:04:37.873969471Z 135 IMHJAxn55AfO7rotoUX79vALDqHe3DyayCM4k0rKiGXew8MvaD1V92wc1AVo
2020-09-23T20:04:37.885392771Z 136 lGI3yT9huvJxWyGmNWlF54UJfYPxwudh2uO20NcIsGU3IrJ4LFfcRLv9E9Ft
2020-09-23T20:04:37.896613084Z 137 Q4TtRP6jhvxzUN2dHOTpIrGWTZRQkeH0CiYMktXtrX44vkg2RvJlzQu4G7Ny
2020-09-23T20:04:37.907501841Z 138 nlnxhwsoCCwAiH50JnQJsI8eopwUix4m2i5fd2A3C894bXDIe7XPd8UFNCSf
2020-09-23T20:04:37.917972258Z 139 g0FMdOJlJGMM1S6RwHg8Z3BRviG8RcNK0iCiL8OlhxevbM8DVxJP1RaV0gx1
2020-09-23T20:04:37.929216095Z 140 MPDjONylf4fVU26NoM8mI6hGcsdepqi9w5nLMsdUVO2TJojTVmZ1U4cN57rE
2020-09-23T20:04:37.940687983Z 141 svITP525XpvHOyyNgUsLjOBxBhMFVm7SD9e0a1Hv8w9AifWdXuvt9y2b2hNp
2020-09-23T20:04:37.951622208Z 142 BrftqiLt8Ni88S311MOmq2uEgnbosgPpq18ASYyepAygF0uiOleuyc1NIczN
2020-09-23T20:04:37.963014563Z 143 WnFaQnasFR03jOlIX2fEmSUgk1BUVE4CkVacRMoscJoow4npaj1W0GCLxJsl
2020-09-23T20:04:37.974205487Z 144 K5Izd0DIDBlic3i756NIIximweiH0XnTVvTnAKB6r5kb2yW6gRvEUxpVZ8Ye
2020-09-23T20:04:37.986019852Z 145 BWb57TOXDlCHqG84KcWKoZd3MPAhCWd0wzSt7RvjmYkjTgfcJ9fEd956r5yw
2020-09-23T20:04:37.998431659Z 146 UlBCTdwtV7Hr584Fy7n7MppupEM4dgofNEpra3VSoaNAkM3pxN12nYtqDiNT
2020-09-23T20:04:38.008625887Z 147 oC52Zf47OBs6PrIZWxkeZfWKVwiOGrKeqohm1bmksWXTlaNBiZF8aiz88ukj
2020-09-23T20:04:38.018984742Z 148 fooZzu3hSTlbUgQQiLg7HOxjXqa0dbtuF6xQ31KFKtdkvXMz2gwNNMxPPPPc
2020-09-23T20:04:38.030145578Z 149 fgFkcLOexp2dEljCvkaimDT8C6GnpuXLgmiLDpDAC53dRjd8cBVJEA4eXGIl
2020-09-23T20:04:38.041413192Z 150 kzS2dAwbCvGAst5noYeblZmm4WwgxGNUpsnoOHIryaAim1oBqV9lHW95KjnW
2020-09-23T20:04:38.053083596Z 151 NojXCh11MQDkFp2bKmTOslStfvCMFyOw0PaCvbfocsqCewyoaFYC2ppkzyJz
2020-09-23T20:04:38.064441228Z 152 MDirzbdB6VOM6Z5G3GeNSxkslSpAlUOiKqRss5C4H80TPLsIHu0wiKrIDdOU
2020-09-23T20:04:38.075688416Z 153 rRK46wLZ1hXdD2OzXgchjny4uHlq9h2xjSiSBpu5fcVTTjAoZ0CsAmk6vcot
2020-09-23T20:04:38.086990540Z 154 bux0LxL4mkm3rPi9N4MZPD0Nuf6Jo4XIMMuwgT11qt36egLBIsqsIPFBPPK4
2020-09-23T20:04:38.099141442Z 155 Ayej3j4qVMoJW5t0rful8nALpicdTwsavjZyWhMwY6mwvxYZC3U5Rgmoa6Ga
2020-09-23T20:04:38.110514339Z 156 vwfNttSRjINRqhIPQXGrcYgFF1lKCjDOnqKk3GAjcoYxChRlyRaSrDMUfwTb
2020-09-23T20:04:38.121623133Z 157 bqlkzG2oY6dZlFxOGhOUofeMTqIPBwgaWEz6745g2Br876YMaSyQz7RB84zk
2020-09-23T20:04:38.132690537Z 158 WPoax192sIQRpEkr5TNXH7ES4RM9vBGBdEAfjsHfobN2OrUXJ5xt0eDTyMDt
2020-09-23T20:04:38.143510999Z 159 WHUWPEEYxTi16SrjKS4QtPUXISGUWbtQpFcHJETRfKOof6K5AkVfn59KYNNl
2020-09-23T20:04:38.154579278Z 160 UpOvWqSnOBkJFpgExk2tHOi60yiad5biWJ8KA9VETwYyZbDhHkYwA7jDlyqw
2020-09-23T20:04:38.165722302Z 161 tg3A1WPmlECMyfDo0lqiBfCvu9F2gF35BFH5KQfm6Aaq6bmoNY64ipJX7jD8
2020-09-23T20:04:38.176395034Z 162 JQ6PgVXn4eBbGJ6GWZXQUhRU1y74HC4fjIFT0VsbJLdIsSnQMxcLGK8OmB8N
2020-09-23T20:04:38.187379475Z 163 bxOqBjP19Vyd6L1wjuqGFBhrXJEHZ12XkrHEBb6TtzqmlwdIQceiDKbOt7ER
2020-09-23T20:04:38.199074361Z 164 OBl3sWmAGfo9ve3Wd6PsxYMZcxc2s7PH2VlEmgHAqUuH4uLVm3Ug3vC7jDoH
2020-09-23T20:04:38.210447461Z 165 miKa5MgJf3kCA1PyxgLyKbVrANcAi5yDTXUXk4tRY421ow51XVl2wIHkFLdK
2020-09-23T20:04:38.221363624Z 166 S1zA9qEXdDZAVmHVX6iHd2uxBhHccDBobe7afbrykuxDVHRj5q8DRuJO6ZNE
2020-09-23T20:04:38.232698190Z 167 8yDcFosqz0uX1AAS7GGLBHePdyFZ64Wt9WzsWHHXD4AYgwYNrae59CXNZ1Rp
2020-09-23T20:04:38.243811051Z 168 SJogQ3rRxJRNM653klVNRcFxHqANdY2DAP9VN0YcwQDyANBQqX1LR3EpeEYq
2020-09-23T20:04:38.255034265Z 169 w5vaR9d7Cr4t7s81AJpv8wXZGy9ARCO60t4s0fcaXU5P1MpJ2v2TCGdfx46E
2020-09-23T20:04:38.266576148Z 170 rrLyxIdwS83s4hcyoG3TBbUifPSXi7Ehw1VgUEcOCXl3BCpYvsT7zI1g2KQq
2020-09-23T20:04:38.278137807Z 171 lVdji3dHJ1LN0nb5PyLD5BOg3K3FE5kWlabMmzodfJq2q5EvMHO1Ot2x98b7
2020-09-23T20:04:38.289605545Z 172 F6KrSUPis2b0TtV4mWhV8vyyhJarFeWkf95wRu6YrOFscGP3SekWnB9vB66G
2020-09-23T20:04:38.300954330Z 173 NN2GnE4SG53UoKGcdwkyRcfdpsvOeZpHe12wWcSfTOTlGzqXucRYh3Zjrd1d
2020-09-23T20:04:38.312698193Z 174 HbK0hHOVS3alsqV4P3bhsyWqZxhmRjJAcTBdBlVkIrWCv8A0U3eYY948VztT
2020-09-23T20:04:38.324294429Z 175 vG932CuqyMIxPNVvyK97iWZl1CTFI5RFjqpc1OfKdpVJNlURIMhooPtR8lsg
2020-09-23T20:04:38.337741943Z 176 XUqKwzCQhnAuLEXBz60WDanQqD7diINBrN5pCHdL9vH5uIy66A6E1xV6CjM2
2020-09-23T20:04:38.347123480Z 177 NoeZP7yKwYIDYjcKFZdwJwpGVKUmlQ5ar9i4odsqrb5JoyXr6BMwnkvFhA1L
2020-09-23T20:04:38.358154987Z 178 bC6M5zjvAQCXglCBFHYPooceolL7eRXmsbtche3cfv0NmBAvf2XETAKl0OZp
2020-09-23T20:04:38.369177804Z 179 WVzGOJWwRIyjQdnqvtiR7aYvNWb81HQIfD0EWNg6zGfn53N6fusjjp8ZQPb2
2020-09-23T20:04:38.380368433Z 180 0rxF0MAiqQLTduBejqfIIksZuGgiK9uP8w9OaU3txwVFvaZeqferPCVbNkWd
2020-09-23T20:04:38.391559464Z 181 1cRhY6IPeoRP72kfVp77CIxcCnqQa0WOGQ253ZEXCedtSPnt2bq80E3yyhz0
2020-09-23T20:04:38.403103445Z 182 1qhwxBuJsEiHr233zK8IAriHFaPUjl2ENnR4v0JA0LssfsPxEyyvSVQcYW6e
2020-09-23T20:04:38.415085825Z 183 kVqfPbCPFtYlkFAfmRwcYOTFpnoMY7OcN6lxW6HRRnoYpI9OqV3wDj2ux2nn
2020-09-23T20:04:38.426661681Z 184 3OuiDlclFDrhklPjq5IEqDjF6GXXoL4DKkHKYw7u4TzwL1HXTRKssgJfYtan
2020-09-23T20:04:38.437277838Z 185 mXwZhOBf1WaIMwL1QURtmJybyHoZlBwUwEjFSVBFxZ62BhHPmCxrja3KGpNw
2020-09-23T20:04:38.448462407Z 186 u70YY65hDn53KqwqmzzQywuVVFVM6211r3M2GwjzppZLpJT89s3YvyGsBjGZ
2020-09-23T20:04:38.459581584Z 187 dVAsDTUlEvhN8CH7DtqvFxVsxMviopV5TQHXzXbwPZqEowoPYF0VQxVNKWRk
2020-09-23T20:04:38.471113450Z 188 91QOXV0PywKZo5CrbUbv927ehMYTfnhRYlgjT49MZnMz3E73eUh5Lx4CzaZo
2020-09-23T20:04:38.482678625Z 189 8miGXOIIvfcKw8hERYjfVPTKBf1VxvrU77sjMA6xINsAvFT1qaejTYDyUYDu
2020-09-23T20:04:38.495964165Z 190 aiuaxp2w4U4CZUZXTeFobfVD8q55wE5MVbJinKCbjWAa6o4RYpTIMti5WV5N
2020-09-23T20:04:38.506830665Z 191 rdmPOeCShHN246imiHyC5gqe10JjWVzQuGQUAFyWKQ4R2oY5O3bkSK2QVPfF
2020-09-23T20:04:38.517724624Z 192 QKw5rYigI0tzmLS6KvOqa7gXs8RTLyRja1xxtoBGfCia1Vw7sISQy2A8VtnM
2020-09-23T20:04:38.528053597Z 193 9azcAll5yuNObntLp5I8YXvpwdyzOgz9XJ0F8a0VIqg8jRSk9e55ZsBYnQH0
2020-09-23T20:04:38.539126652Z 194 bGsw0NHmlhSqzgd6NYGcigsJd6aXHeumxyH9nfvZhID3zrlEdDIvxLt5jVpu
2020-09-23T20:04:38.551055354Z 195 YwHoM8eiGlyWOXDN3otJMJYXesQYpMhvpI0jlCmBNtRjxKwDBVx2yJQPouqL
2020-09-23T20:04:38.562261533Z 196 VauN1Lm3749xwQE708oQHQiJRyYo4SWTQZttrhXR8ril9PqkxY7XXV0eAXjq
2020-09-23T20:04:38.574589080Z 197 IBDQFlIybLuG9OixPQ3KM1515cToD8Mj8JsHNVQZrstirJdiFMGJq1fdJSWE
2020-09-23T20:04:38.584597318Z 198 4Qaok07nvqr89Hw1t5RBMhn9gPs6w6iuVMMAexGkzgAdAc3AHpY7tng9q32e
2020-09-23T20:04:38.596254756Z 199 MlTomxkBJcj5V9fGlaQO2uBYp8Rd4BWuRHT5HTKIz6mUWN9ydBdkBRojOe5i
2020-09-23T20:04:38.607332561Z 200 BKwntGTDzu144rhosHPdpKitNuGTTsxDlDL63GUou68sSTtOQPe3fjum9Bu3
2020-09-23T20:04:38.618494592Z 201 mh7ObBsTshJUyyVN9ZKtsAXYJr0JUq9KNCyuUecjd7cMHp5eeoCsmBW8z2pg
2020-09-23T20:04:38.630146895Z 202 IVrlnVeeDOuy5gFNXkIIMvTfjdb0i6VcfczctTe7DDKJ0VyH8luVflTGl4TG
2020-09-23T20:04:38.642492027Z 203 XuVAnH0Dt1vLtalIN0BT6iuQiZiJ9CgyafN0bImH1ZU37RUSffFMrBJegfQI
2020-09-23T20:04:38.652170321Z 204 VHfe9FLfHLPByOQlltZvJwkqv7G8HRi1MyN8orD1cNL9njZOxxHTVS9PqeCV
2020-09-23T20:04:38.663106669Z 205 IGVODOLNfBRWurdo8U6Y3Vzj0wStUdtWrN5DNhv6bY6eGhMlZntCq662yc57
2020-09-23T20:04:38.674393231Z 206 2Msfy5iT3d9VJzISHZ8Eag82rTvDzoX3dzkSwT3SjdGKWACHWMWryDnqLt3b
2020-09-23T20:04:38.685472911Z 207 Vo4KBxDZ3t0yorRW2acGIjGqlA8WbLcjAYqxaL6tYF1ytue7alOvfOZP1JG4
2020-09-23T20:04:38.696678922Z 208 RX1uynWL5xItJGcfZR81hlLOKlKWw4wsTf1bCwsWXhyq3Iu18CjuKs3eg2rL
2020-09-23T20:04:38.708424004Z 209 1xD6zSd87HBFs73f15nWfkQp4AXQG8BNMZIAEUYvMcWCeMseGVXRsq5vQ6TM
2020-09-23T20:04:38.719941737Z 210 at0fox9YA0m3tkqPur42nMp7LG6Pisj3miemhn7UwVGLNZmdBSnNpnJ0Wwqg
2020-09-23T20:04:38.731269638Z 211 dWCZ6mJrJIUsIhweT76GjO8M6eb2LB6tOAmcXlSkMHePFbKrVXl3F2tMsNYW
2020-09-23T20:04:38.742830562Z 212 aH3J5xXt1h4Mn5HG2o8t3IHJ6ysrKaNuWK6FXVHnqperY8xpCAPiQOVjCr85
2020-09-23T20:04:38.753762374Z 213 9sUULEuSXqPXYnjqUlOkRWY2NZ1DFvabikSwoORlQXZLJPQFsb9O46MJcpD1
2020-09-23T20:04:38.765037055Z 214 pUuc1UCjSsN5Q9Pdih3U8VtxC3M4ZhCGkMitIzH11nwMTDTqnpsCQBxdwHON
2020-09-23T20:04:38.776355535Z 215 bYvRpgZG7urxkjZnL4v5wuud4OAV8AJnwMKGxjV8Y3ZuBOTnJrN6Ehotnh4d
2020-09-23T20:04:38.787651582Z 216 CVIHwa58eAxgqHU0VpT9eJhH8Q1UjcF4iLIMDvNR648fDWLvOv7nzjwMBD2b
2020-09-23T20:04:38.798765201Z 217 XxorFxUII8jniy2FRa0giASC6y8Qw11JZxsUAHHnziFXj3z0lOGuwY0vbhFM
2020-09-23T20:04:38.809140599Z 218 jBJb5wpCcv85pEpiXo8mwKAYa8V3aMpAbbWZcFQeYSQNL5qLt6Whnwiubekd
2020-09-23T20:04:38.820370186Z 219 Hla7R5HyYjHAtdof2zFP6kumMhBiItsF3gqP8zocaXgZ8p5grXLLeneVcfWa
2020-09-23T20:04:38.831509208Z 220 cKZLztwIUoVDX9t1bhbHVpqFEeVcvSbLGdsxEG8MR9FaSRxVxmsSvjCAYBfx
2020-09-23T20:04:38.843115945Z 221 nVKATYCElpPyBil8OepWTMa0ZCVVKNTXcpY5kwXCpX6G3qJJY8uVAAQAMiw5
2020-09-23T20:04:38.853965229Z 222 nPP0d7GfhXixskGbZg0j8T2M8FLPGRlAtJplzg3JgcuFlFp11kimuN5i0Joe
2020-09-23T20:04:38.866132641Z 223 1M94K34jDnbeQiTvXVm8y7mvZeh5A5OcO7vDilnNs18FjXCZqM5Eeu1Hm9iU
2020-09-23T20:04:38.877102191Z 224 3Y70vvYpaZ3Ie5MC17LSJehxGhGHK9XtXRASiLls4nZRV0twQR6Um3DFKze7
2020-09-23T20:04:38.888919282Z 225 C0UsNJZWBYN4OvW9IqVGfP3mr9cx32qRU7PVVjWbjGYUoYHmu2lju7Lq2wyK
2020-09-23T20:04:38.899050820Z 226 DptsIqZvM0ftx0xJMWGoCcpUFkgm8AARABHMhenYEfu378iAJ9StVPhHdTUY
2020-09-23T20:04:38.910433551Z 227 RvGHfPrv9hdlgJ9bJMnioLfc1P9GXB9WfONM7UIu70KfmLN4kfE5y1GQvMj2
2020-09-23T20:04:38.922108969Z 228 5ftCMfHRGXHZe1ncUTixhaZp09nvC69c3YolHw3xH60Df8T6qK3tmc14UfrO
2020-09-23T20:04:38.933948635Z 229 m4JjIQMlSvxkC7GQgzkNYTphbOqOuetXxSHIcQGoTFgSNWWsJqy3uW5bqu5y
2020-09-23T20:04:38.945032831Z 230 al7bmkOI6fUm5ZgiU8CiV7IdkijVjtybg3nwEteeQyj6tpo1w04THFeEyUnS
2020-09-23T20:04:38.956462283Z 231 NicBSdQ38XnEqFho5zM3hyc2bCA7i59DHQ1C5MTgOEM29Vhb6lCUHBGiP3oe
2020-09-23T20:04:38.967547197Z 232 ghQfqiK1urGC7Q3MJgafidMM7XNLIC0c9MDlRCf1Ssa8Uy4wPFzfKjzdP4mL
2020-09-23T20:04:38.979052432Z 233 CxW4jWgkxcodcgUGK2dEFsggyzN6leRIRB1xpB3aBzGo6FFeBi3UdIIg2Uss
2020-09-23T20:04:38.990945620Z 234 BnMXvjYhX6al2WR5S3f1fIGyJ9N7UP5LbxWAvyOP4748bvQCnfnKj4zCNp3N
2020-09-23T20:04:39.002433636Z 235 6NYHSh9nTw728uARE1iOUlKqPJ0kCA3tjmphSV7DKOebEdUMj4P6Y47levDb
2020-09-23T20:04:39.013876941Z 236 tzdz4B0c6r9d29lrx2iXPrHCqnDQwCgkiK7iyo0tN7glYH8llFsHe4wzjuTS
2020-09-23T20:04:39.024101091Z 237 1g0Qqcn9eEpHxjIzcrQLGuwu6ihRYTKepa4dF1PkmoRTbWxo75nRgLYo1lce
2020-09-23T20:04:39.036085357Z 238 STVjzCLILD6rEhfz0MSQrLvPBRhWLvucjRIdrfgGZpIqhmICnOYlPe40T59m
2020-09-23T20:04:39.047132697Z 239 qYJHuJfu8DDQmDxFQHWbkMyHr95y2xQtCqSOSqJgmccH0iqhsQIfEzLTyHfd
2020-09-23T20:04:39.058211123Z 240 tuHTcwffTOcnu3Iu6zLyp8PTElO1sEe2OkzoQKKmqlT3ygY5WTdr4pOeqMNJ
2020-09-23T20:04:39.069646938Z 241 mE4b6sdRdgoDWKkR1Oy6FQlUlnKkxx865ptfyKY7V6k8vKDqblLwfvvqfhTg
2020-09-23T20:04:39.080993639Z 242 2BZIgqnZ08tLZ01ofhKP5rNy64La77Rs3FxN397hHZ2yberwTR5JxwWcc5Qj
2020-09-23T20:04:39.092996925Z 243 3rrPfkwZa7SuHOXKzLs7VByDTPHOfrT2AdFT2e8idOK2I9bcm5ByXnQcgyLC
2020-09-23T20:04:39.105062242Z 244 IqX0jDBef6jfI1kYcwibuqjtMBxcay65jBdd22eZPYXLAhplcwEO7cveFg0o
2020-09-23T20:04:39.117036617Z 245 eEdYruH9dvOJ110QxhfyEzCmm15mcJXMsa7QKElitYWIEUu9wh2CbpxI6OeO
2020-09-23T20:04:39.128865988Z 246 yW2zeblQhehFMOlpFMBWGQoWmvLaZlHiozdlmbLvZo08ZKLCWVi8eh5HY4Wl
2020-09-23T20:04:39.139737482Z 247 jccMmpzP64J3UcXNjh01NNS5regXlBbNtu9mml971CFKNiNliteCarxysGJb
2020-09-23T20:04:39.150631744Z 248 1lficGR6QtTIXZmG0H0jdGT7xuWAvtuqIhMol9NA2kn1pC3KIfwByo63gAB9
2020-09-23T20:04:39.161542397Z 249 FF3ScFfvcV9Uhy8RhcvG5t9d2UheBUUycRxBC8jehkmwrzoXZ2wNDqDMevu0
