2020-09-23T20:04:37.603403107Z 0 qkd2KCva0XGlqKSxtJDbjPOvAKVuLbzREV04E0jbdp7v57Zas7Q51xpxwidBDN
2020-09-23T20:04:37.615012341Z 1 nKLH0p6R6ulzSI1g6FpBwBLKqz388Z53x5NTkX9r0VE8Qw4c7KLI0aqqWCpISG
2020-09-23T20:04:37.627107514Z 2 0xunDVkpA0J9UYCO6LAmgAVvBr6rrqtd9RgoZbgkoEn3c0Zogge0yWiPJVmJAy
2020-09-23T20:04:37.638671615Z 3 QyQQ6w5MD3LedzHnxEkcJlztF4opgoFTG0AHdzBhuccX3To6pbFwKB2u9pXxci
2020-09-23T20:04:37.651608718Z 4 bSuUdQMJtxa8EJuYUzJiHNZFs3vvO77iDMDplerZZGSwOpkgZHux811zQcnLvF
2020-09-23T20:04:37.662721148Z 5 o68ubvewGYSs3KWZWtLs0UGeYaCtDjzFaRXJsTCH5DVxGAcSQkI01JhE58u2C9
2020-09-23T20:04:37.673799217Z 6 DW9hc6hBpENpFEnNPfIMZj9hw7nJ79ZZwUDVNS6QY20HMnvaBs7BlcA2L4I0XN
2020-09-23T20:04:37.684899684Z 7 1krFgpNYh2KqgVBLZS2JWLGrXzQ4snI0s7fGjsRRx0FLHL87L8VM5qkRJDHXcw
2020-09-23T20:04:37.696131735Z 8 DfjOneUt5LVsozDf9fjleCW6qq7uXaJ2K7PpO0bus6QKhbQ7K5oFkm9qIb9s89
2020-09-23T20:04:37.707672033Z 9 f4ym8b53go7aBm7JTTAUaLfLrGvbx5hU5sOJQFBSr23lucIKvQIWoaUuMOzFEq
2020-09-23T20:04:37.720831758Z 10 rQC5IldAAZkpiXOJfYugMgIIs09ARFGPhHujLy9ezaqdOrlLHK8sDOxK3Gu02
2020-09-23T20:04:37.731568421Z 11 EZpggxh0OHk9jmPNwMng4yGUxLoucocS3pgNscdpaJIij5dFHIYRg2wKKRA6g
2020-09-23T20:04:37.742858904Z 12 M5y9vGATVCBVnoqFq1Ki0mL715pplUj5UFJrvTk9zbxXYhiyUYpE1G2Bxdk3w
2020-09-23T20:04:37.753729751Z 13 ZMwccFcsA4UbImS6AVsAne9e0Ds0cQiSSDmSLWNyoq3ljPeoXmYx59CgbCd4m
2020-09-23T20:04:37.764161620Z 14 9jhPioNgsx24ARp5EGMTgFBlkc2af5aWGPZgzpR7iKbqiRSAAMVFqRkhCasV4
2020-09-23T20:04:37.775746428Z 15 lYjsHk8rczCk68sdufAFp6q2XzeUOTL6z9JFDne9NFU63xPFdy9mJCmEseLnC
2020-09-23T20:04:37.786689510Z 16 pYHUjKKIR6TZbmN066hOzx9zAEIIjgtSqvP6dWfl22fEk1FhLpg7yl5i2lKp0
2020-09-23T20:04:37.798135613Z 17 WQC5LWGhAcKHhAsbmtO45P1MxbIiryYOCCRGMy2UXmZltbOeI6ZOCGFAL7jef
2020-09-23T20:04:37.809163244Z 18 Gti53rJRYYpMkt6oGyuSji1EZfQQQBSWYRsyYJMzc057t4mbS0E6GvN1cg8DY
2020-09-23T20:04:37.820623624Z 19 Touw4iydhhSBnL2b19SzU9rCJEHzxrbzCaiRta8B3tlYLgNb5UDO3SUDRrQGf
2020-09-23T20:04:37.831673145Z 20 DbFVdrkgRvmrBUveRjLac6haLhZZKGFFBOkOJOdHkCGI2Gv4Ft5QOkh4i7dOA
2020-09-23T20:04:37.842999339Z 21 3Z5aN1taUJJ5Omn2MI8qTZJ8KH40vu2DwQKTCBHsm4dwafUYEkX23RyjXzcf1
2020-09-23T20:04:37.854383517Z 22 rbB6jvJYVvGtUL40VKSehTqjr8AigOQVhkViE19q4lQfjNGO1ODFKoO3VVG5G
2020-09-23T20:04:37.865735315Z 23 CyJYeAMyaN8ALzOsMWHohSNWnInRHpHkTcAQ02yN3CdrSC0gJ0B9c8bmtSeuf
2020-09-23T20:04:37.876705189Z 24 i6Vu416lsc7b9CwaG4hiINWKayngqqT12BJn8s9zD76NzfaSWsahWr33sGfHR
2020-09-23T20:04:37.887620809Z 25 QkBatQo5UlbD7poX840FKnbZBA2hd97056kKgV3ClKnbqTPHAPEdyIGwnSfde
2020-09-23T20:04:37.898519046Z 26 jeKVyav8uNlVMOvr8PNcwYHgiqzSdNUSNuooythTH9YpjepCQGgBhk2x79SVe
2020-09-23T20:04:37.909153674Z 27 jpw0UgpOZKgYlkVLK8HNr5wnrOO6u6aZUZOxf8I204YWi50AvljD5PGQLVgAx
2020-09-23T20:04:37.920346761Z 28 bd8XM0xvVT0ItRE6M5BSSwbbD7PhjXxFZw8SheiNd5JS9gSUrtVtFYfSPHfNj
2020-09-23T20:04:37.931723928Z 29 gvC2soRDVnpIr4mYrYChBl2vI8PPiV5q8JnvNLwLAawFHTJhtdJuyvP1NfcjP
2020-09-23T20:04:37.942095004Z 30 puXOx2OZaPqfyaJsr2kbxEJE71fZdyWD00ayuqqGKMyG9Pq878wxFU3qc7yAQ
2020-09-23T20:04:37.953922489Z 31 ztcR9k30Ik8nXzARaifrt9aFi5935rQaqZYKMCUP7RR8B66jOkTdG2g2KeX0v
2020-09-23T20:04:37.964130307Z 32 Vhi7Pezm6XC2NXQxp3cTkbhqp3xeWKnmjsc2Go8XfAdEECTVjKpCnLoEwWKj6
2020-09-23T20:04:37.975740562Z 33 VzuV4LuopOKyB1I26pYKkaz3OaMNxcux2UAtxfvpDzrcbXqJYuhyCej4UEgcH
2020-09-23T20:04:37.986207506Z 34 4LGGfZcTcwV0oJGj4gs8jkceyR8QfB2ZApOC4ECWn7ODtFuwsH4TKjJHHB5Vf
2020-09-23T20:04:37.998312783Z 35 QI8Nsgt3AoKNITa4JXcR4gB5iJ2AYS1l3MWg9I571Kruuj2uciby16mdDSw9g
2020-09-23T20:04:38.008355342Z 36 enjxKFag0DLOojVoq3KLjj0ofRLkSvH3RvepC3RfjLqvma6Qtq7RlcXS4M8Tv
2020-09-23T20:04:38.019786185Z 37 Cejpzp5lw79dujPEqb5YdfzKg5tVUTQlp2JxAzR0d8ByXEUviKetBirjTehCR
2020-09-23T20:04:38.030482623Z 38 23rBJkGoepivkJPJhK4nefrkMnL3QfFPnYUvyLj0Bx6OYptntBSeoWaxoRNec
2020-09-23T20:04:38.041935560Z 39 4pSAvU83ZJPxlvH5DDZd4gTKDuTBbuBf5sS0GTNZEWkfdnvev9JS6AZxdFQKW
2020-09-23T20:04:38.052290966Z 40 BQoo7mXqKSSyeVZThmHDKsJRHoRdWSFV5TQeFQc9vuPWZZUcFDbtf66rYmsPn
2020-09-23T20:04:38.063566782Z 41 6ZenOVDQ5JzDOXKkWlahWpC3YYU2LsKrsXaGRPgNnuaTvkUTDllEjljlsNmLK
2020-09-23T20:04:38.074261195Z 42 wMdypwcDmVX6ownGzZp9TQaCuaYuNdDptS8nObsz63Jp5ykAkypovWQadq7UH
2020-09-23T20:04:38.085549734Z 43 WWxC5X0CjriGFOpWy1sOUeOYmvYYMJ4WRRCzUQeTMloJmkzS0SOl8t4hhY2Z1
2020-09-23T20:04:38.096514136Z 44 toQwHomZPlavjR7WoaR1Auc5qLs8pL2MShMz7y4438RSIJBhyRdAa1EqeXqL7
2020-09-23T20:04:38.107543852Z 45 CyaVKw0BaLSbK1DXJ58cQz3lmjNe2VoNeRt5ZfH1MJcA1AWm6yW9lw1knYVJE
2020-09-23T20:04:38.118998364Z 46 xf9VISwL0HTdFidl9WYPjGY8mbTH5rWUBxpAjbMCHwa6ukFlTZ1psMDFRgUWS
2020-09-23T20:04:38.131097067Z 47 10DPNoahqnJycHXQR7ujkOQAXzFjuWDzBSZlBf9uOSOTxB52jSUYSSkD0d8op
2020-09-23T20:04:38.142174291Z 48 mygMLRdmKQ3fZujU007Zt9sPwlfCqA9cXZaEKh8f0FJ7eQLLz1UNTucHfvAOR
2020-09-23T20:04:38.153183903Z 49 qa8WvFrmFNLKh86a3sQo5WNTqe4KMJLZIaA9wlYo4qsWe7sJOqkv2WoEkWkll
2020-09-23T20:04:38.164226338Z 50 GZMzess5KOjbSdgNzQAJprJZ4jleWzODKcc9adL8wzT7W4h9nCVgBjmbgO50H
2020-09-23T20:04:38.175534362Z 51 vWQg0n7Ub7FxohFPpNnvuYuP2Jl7ctOB6B5tL3UcPa6NyetRB53FO8APjF4TQ
2020-09-23T20:04:38.186564635Z 52 AdzOOenK99NqlDt4PeOrHZTfO0LYuvsM00FTtSIAxvtZLPR79lkfGeqa4sF7K
2020-09-23T20:04:38.197433285Z 53 UvTts1RG5yMjpkEi555LAnGHJV5rIgS6XVE0FiX4zTYJ8Xd5vxPyTM3ZlO4XP
2020-09-23T20:04:38.208837297Z 54 mrYTemRiurEYdfTuXs6ZYUZnkyYXEszya37GLhxOst8mJN0TKcE7WzadmNsD5
2020-09-23T20:04:38.219178760Z 55 sHo27Zrnjt8ui36g0m2l9JBFAcWxa9sJShmRBxdoZY9cXnw67dkB8eCJb3r9n
2020-09-23T20:04:38.230243485Z 56 PMjjJvUHyohmAujcrKu7PtVfP7tt1sLDplup0zxrpdGknCnpiINALsilhJFVV
2020-09-23T20:04:38.241760857Z 57 TFLInNhJcNOaAieGjwyMdBTgJn8sKZ1WiBV53JY37ZahxUNd9pRmEFur3t36v
2020-09-23T20:04:38.252696880Z 58 977dxOw4SliAHJnWHpB8NPWW9AjN3IdN0NtT6kNsVSZ6kFPBTpRA0JmA6MuSd
2020-09-23T20:04:38.264258465Z 59 wkNRVAOXED98Y6gajVkDtVKJWRPHfSE00KQRajhnJagcaJ7kYoXnbfGlrP9bk
2020-09-23T20:04:38.275705794Z 60 DMwxxBvkgZuYUJO54Hxxoxs3QLMxssJQs5iB5AWrasFaKlgK5D2wObxTETdCt
2020-09-23T20:04:38.286662514Z 61 nQ8tnHLu8ymCr3LH2WOtphF2fHW1PrLFPeE35eYVNi5d6Ptmcyk3DJ4iZMZny
2020-09-23T20:04:38.297990862Z 62 s1r7tYv88wZ5Rvi1IlZ7ehorYUz15BdWjYljTMbrOfdY6YZxRdR0Zj37Ws5Py
2020-09-23T20:04:38.309872502Z 63 ndulrw0rFfvoJjTcLRPrV0dBJG7JYBQDzCfdvyAoIfFskO1mnMweuHqRhluI0
2020-09-23T20:04:38.320162791Z 64 UjGMIphs2Q1C5eyNdRBNdapqFyhQiCeZhpozb8RteHdAbwsWExVNvPyEYOBr4
2020-09-23T20:04:38.331773797Z 65 IETmhr3K80POtcLZSAOAE05kJvHzg0zQ3q4WJoTqL2hHsPDKnEkj1LyNww2wc
2020-09-23T20:04:38.342538963Z 66 QrRAKrBeicm62kraAS4Ybjik3LekSM9vRLzbAP9rTOwp6hJcNeo7tfo1bCdt2
2020-09-23T20:04:38.353781647Z 67 eoXhlLG5GR8Mo5F5BMcHPtNEOPK4Hvl9fNbjYRnqNpK0SLZwEwuQTVm8mt5v7
2020-09-23T20:04:38.364899025Z 68 joOMxEh82tQY8W98XxUlVUjLDBO1ZD2yJ92YfAZOuoR4J3MI7R1v5ewucvCnn
2020-09-23T20:04:38.375761015Z 69 hF6kZeavKvJqKbQSJ3YUF0jU1fjdw5VhPn4KXL3WHrq6qq2GmV0Nw6HWr3qaJ
2020-09-23T20:04:38.386756787Z 70 DyodWzugqDK5AbYq8759XCR0EGkWpuzs99GRQlkIQNNjLPeb0ioPyNgOrHfWa
2020-09-23T20:04:38.398183017Z 71 FLGsALCM0OjWxxkhN7Qnj9Tnf0z0RDQlUTBWKitqAhM7nV6KQ5nMiZ9MUHaiM
2020-09-23T20:04:38.409658023Z 72 wy8ytZiNoR3BgLDywmSVsNtIOjywrI7mL2EkATTSFb8mOn8ZYYmzJvKjYOKZp
2020-09-23T20:04:38.421183669Z 73 B7Us2q36tz6R4hgeYfID9fZS84vxQRfcIRD2CNxjBPMorDyzmjAbghBVysmSM
2020-09-23T20:04:38.432576211Z 74 XrKzGoX8wfrc7oAdBgoEUdk5QfWenfb4XWSrY2vU93JFuKPWvnpsre6Fkxf33
2020-09-23T20:04:38.444067657Z 75 Vrnb1Eqrbg02JarGhl4ImaFUjSiwizxCyan7UgEoR2xanj9oK661PrfvYEOBt
2020-09-23T20:04:38.456162611Z 76 fRuYGcTpcBIhCN0Xm05WV0LTd0Sj4y453id3qxrgpbfv2o4LbggKttRRgEYsr
2020-09-23T20:04:38.468137460Z 77 UIuPXnoFf6FmcFaBrh1h5OIuzwculAWMYDK3jREQOlcaxwQzSTnRVICYRLbaZ
2020-09-23T20:04:38.479492300Z 78 HOTQbpavYzjnxVWr0gmrCRGBDjxmMbPoKX2SW6ZE8ab3KzL3lflEkgfZgy9dq
2020-09-23T20:04:38.491013635Z 79 Zl2awvhQ9cyKdkOS5ddJaf572bX9zLn4DHTXiEfpcBzmMWPKVj2xK0IC0NgY7
2020-09-23T20:04:38.502487515Z 80 9tPNAyaJzt2Lhezg84iK6sDhdsJWRDf5wsHSRAgBTZY1XRnlp5rwhgNCwXOEV
2020-09-23T20:04:38.513638026Z 81 VTasUHgAKdqVymUtXxxMQaClHDPc4iDBo9e5UuabvDkhxLv5Kfk0cPqDDf91t
2020-09-23T20:04:38.524165397Z 82 ajvXzeInPG0VbnvtE1MITb5qOSmcD5G0VPjWfHRt0iHI2lMunYI52HIZyhuu2
2020-09-23T20:04:38.535473487Z 83 BFo0yxidwDPPICX8FhzCh725xVp6UoJ0wu2hRFaa5BGlVwRYJiMzKwjzwPJFu
2020-09-23T20:04:38.547006692Z 84 VVxe2gsIr90DNBurZpKgiznpvWXMOPAPAtiDV16Wx9yspWeKIVtPBhk2wtazC
2020-09-23T20:04:38.557894384Z 85 5HtZxF6T3EITJcMI68e4ybUF2xMPFLKdZWTAdN129wefsdI2auX65PUGSFojn
2020-09-23T20:04:38.568283827Z 86 wzoLayezC91FGseueiglqwmblSQcVVLVehQsbmPVSQMeK4JruCYxBNHYEkUyP
2020-09-23T20:04:38.580832785Z 87 Tu2PyMvvgMLSnetic2O2yC8IOSF1AupHTv3os76pqjJDg2ltTfVvQtMaaxFjA
2020-09-23T20:04:38.591184521Z 88 sKmT4y4zdXk0ejY7rEFJbhgY1xWwvZuMvFCWXVBQzyXAf8kIpnFFBXwMvRPjS
2020-09-23T20:04:38.602410618Z 89 GzWMKLCNvUCQBwNuSrOfGycYfDg8mytajqLGtHErgaGBJbuZki8vGKPHGXpHM
2020-09-23T20:04:38.613367224Z 90 69jmnkOzaQZqB3AUhOrSSpnkpffXFpK10ltdTOJbSR0bRLPM7aI5zZxpOH6HF
2020-09-23T20:04:38.624527932Z 91 y5UQDN3B4AaTacBTvWbzrog44jQHnOtnxTsaxFUv4KStRviDlAhtArCL9wAK8
2020-09-23T20:04:38.635269679Z 92 y6mtbMWlyd9AC5sR6lBXPhpBvZZMmH6hWLHlE6Rm8HsWY2IjbnxzjJ3WYVbY3
2020-09-23T20:04:38.647321072Z 93 AJaB0tkXSHYNIHRJkyVqG2plkf5KxkifeQoUHcnmPHmdaikmPBv0NjN1NaCC4
2020-09-23T20:04:38.658641801Z 94 D2szUs7dZbBtHN6wGJE39V7iKGY8mXJXW0K7Dzb5d7Jj0mk6FBhnK4fJRr3YR
2020-09-23T20:04:38.669464996Z 95 iOLfrOo8TM5cC4fr3SSeV96Cq18x9lG7Mq3Q5yHmylFnNQtGhNr3hBvrzVRuF
2020-09-23T20:04:38.680415708Z 96 5OSZoENpBTqqcWA4GpZqPwbb4A04PHukltHc3zO67bO2GvnbOp2M9bvCdIhPD
2020-09-23T20:04:38.692335542Z 97 ULw4pklcJoLSUQgMQmmkvXCXB4rWkosaEq5HDPgmqvzmy5yw1j2TmMWczSpmQ
2020-09-23T20:04:38.703762261Z 98 QlxH6o1Xc7P457fHU8gQHH1k0xYTVdrtDjkipRbgqO7mIovuZC0OdxFKaq1YJ
2020-09-23T20:04:38.715206773Z 99 eZVcXn54xHSuhy60DCPIYxqbNri6DIfLVbxIRSq5B4HWt6EK3D4OxhZSy5cWn
2020-09-23T20:04:38.725705718Z 100 qQBzh8NFIo8lMZq3XTcJ9a95Bt9s7YqnOizdl55A9EBSpcdyZR70TFmoPUiB
2020-09-23T20:04:38.736842189Z 101 WABDTxd6GHpWQdEOsPHETrokbl0zYnPigI0zXZVdQOY6ds2d3iecyw5ArsV1
2020-09-23T20:04:38.748146602Z 102 acHpHnrier2IyPMcaP0QiJ1ezaXvVeBLsjyfJErbN2PQd10YJ4vZklVAlMGG
2020-09-23T20:04:38.759440964Z 103 zbhoRK1mNLXYEyGYOfPmhftPErighYQRl9Lw60LuljaMzLRlQfJiaIRvKsLS
2020-09-23T20:04:38.774994547Z 104 oBqg9kO6XTHU9d0Jm8u6f7FRlpEhbbAOo2j0pBmEK6kNJwTB1KOu0T0hzWXA
2020-09-23T20:04:38.785228968Z 105 Zhp3XKJ5B7L0EitxVFhcQ3srfIii64qV21CpyfCR9oCPoy1TG3dmrklRAfLF
2020-09-23T20:04:38.796406710Z 106 PMXSYXwybCXWa6i8BOQ0PWgWByO2ax6L7wZmTQlrWjCP26FEv721n2PvaRtQ
2020-09-23T20:04:38.807711884Z 107 YdmnQAtTDc0qQ8aqK2RpBTq3tuxBhRMEYvDS9RglN7ppTxpB9XqSPiixtErc
2020-09-23T20:04:38.819866543Z 108 6Jm3URfi6P8oob6b3slGlfoWQjsIICh8t5fxjIRTrnJNUhZv22VS3N3FEZIQ
2020-09-23T20:04:38.830991436Z 109 CqTca2iB84ltmLnvGTMykTJS4hTFSoWOp5Jtbp1lMM5oi5m91hDXkA03Lugz
2020-09-23T20:04:38.843194604Z 110 e1sQLX8KxtaQGVvrxknCjU7ja29nBX3Lu1kmFJKwU9ct0Rg4JS1jGVEeS6TC
2020-09-23T20:04:38.854578499Z 111 Nbpmek5mEy5tzxLq30KXxNrViDsJudz41D8AR2HAMWV9VldbhCIstDwwLl1I
2020-09-23T20:04:38.865940852Z 112 3IFCws0EVkucysy5swsGMVjGmvak7ybaJwuXybklQMe6spwbeTzmeHchKdd7
2020-09-23T20:04:38.876389899Z 113 blEJs6eauBICmQegNsDjL6UZBn8D7hJ9qQuXIAGqZKc26ttts6mQ0FQTzOjA
2020-09-23T20:04:38.887240084Z 114 Tr0AQz9UGrtyVgepML4w7YnZZliQ39BBmiknjrnMwPRrz9O7aSQAdoMPM0Nr
2020-09-23T20:04:38.898131840Z 115 Q98uclX0P9aK2Q9MpklywA4W9zm9OVFUyvfK1Xdr0f8jpj3wFoxb1SLi7xgE
2020-09-23T20:04:38.909478614Z 116 n1aVUM5KVEtA9osV32fjv72PE12zciAYS2UrisPZ1nDM3AmBfXxUpqPSzQfm
2020-09-23T20:04:38.920424146Z 117 YR1J4CiA3UeqnTuUFIe8ihirIjn0baUX98pfrg3zP0MBSpk8YiK4Qabviuc4
2020-09-23T20:04:38.932400430Z 118 uxMpVNfW6LVelbYIPmjLgrXUxbQSoTVuvkT5GQHJF5DW05Ex7vbxNXsWfPS3
2020-09-23T20:04:38.944574146Z 119 EsDWspEWilSbDRNZJEOoRVVdTSEzsG2m93n7TmAtBPUxEJBaTcF7IozAEqCC
2020-09-23T20:04:38.955567339Z 120 I0hJDfJ1jrcGRt2prGlQ7hfmOlkhp2hmTTrP6Uszl2V8E1FEbFJqcHxRVNSF
2020-09-23T20:04:38.966556594Z 121 GgBlZeTCiSlt9pvOENtTYn46YmjRDZzcURJzhKHAvlUma6OqznqIXqjgTaIk
2020-09-23T20:04:38.977669408Z 122 caMEndMEHATOuuhDnDXEWAhJ9DySKv5YpfLfd31vKA3GDOD7GOWgq2ZBHzJd
2020-09-23T20:04:38.988907184Z 123 w25ZW8vrMVZPBhcVPYsVeKOHDCBeZDZq5kRLkJOqxcbJMUaqFajmGtvX5tTL
2020-09-23T20:04:38.999419331Z 124 Miqay5HJnn68oo3Tub03oPlEreX6FWIzI8W7JIh4WdmRutpvcC8Osi272zFI
2020-09-23T20:04:39.010491280Z 125 X6TIrZxFtH4PZCjzEP6mgzBZRnxvVCyFIZH09MkYkR59WGkrJAYvidC5pcps
2020-09-23T20:04:39.021450726Z 126 A0uDKteG8q4i1S64TmS8bZBAEAfCocVYMtbaHbRdCqUKxywB7RwYyDxMjgjy
2020-09-23T20:04:39.032518014Z 127 LT5UFPsWQQti8Fo0jUbdkpk6RLGDb6U088BFzJourMKHptRs1iG5hRe6DPfW
2020-09-23T20:04:39.043177721Z 128 SYsQuf5jTy5H4oObrl4jMOSDCUFJDC8V2rysWPzz4YKSJIkGnbpAktbRY1e9
2020-09-23T20:04:39.054727445Z 129 CYH9bgU7xLu4GACijOixLtAuWWoMm5pwcRcoI1myQTzIurobvY5m534lmgUW
2020-09-23T20:04:39.066027981Z 130 qWsiqKFTaoUR7zVqnMlwCyL0wTcLn0pi6mIEvezMSkBo3lxbmfeaADEGPV8a
2020-09-23T20:04:39.077544385Z 131 LAU2C3L9UBiqgQNlHua5GwQjIOps7GvYnxuLYmYSkp14xLeBN6JWVmZRlojt
2020-09-23T20:04:39.088366600Z 132 uoPZMNYRyLdPd4Mz4TFMwDjYMbwCSAU9NHiCYGss25VzgcvC0XtnmgLwzJNO
2020-09-23T20:04:39.099242559Z 133 SU3oXWdugmwEFYBP98PioUBC5qDVm1Cm4wmfNi5J7ICga0kI3erdR1bomI7R
2020-09-23T20:04:39.111116593Z 134 sANAjGfqnWDSHGrChsrBXEI1SlgXPrPa36UxuSSxfdUa8ohbZ2W2Xz7vreZU
2020-09-23T20:04:39.122457261Z 135 FILMmGjpZRlKp8TIyEPetwRiUQh8o7icQh8dwhcYrqi28ea6u9P6ywgp28HR
2020-09-23T20:04:39.133240959Z 136 KiBMPdM2spLzuwbgugAf7pxOO5PfsddRLufvLl4D6GsqjiFJLsBcaLK4wn7S
2020-09-23T20:04:39.144994995Z 137 K8Vs6OSCHipOLUuv46TvT0UTeLS3L4q2hqlwVJeawP7qf5eDRIUJ4F4GlWjn
2020-09-23T20:04:39.157055821Z 138 S2wI6VhyNGiMySJjHHGxWQvyLwUdGGkdtSFikAwufg5Ceov6Lum03tl6zpO6
2020-09-23T20:04:39.168878960Z 139 b0Ch50ZkpTOHLNY2oN1402xJxReoe2MzfmuehcEmgMpSJBUzq59HmVewfrJo
2020-09-23T20:04:39.179830165Z 140 DBTvY2WYQ9Z2tbNxypzueQ5Oevs6zIpl8KknbF3WAwUx78MmhTB0omKYpGD4
2020-09-23T20:04:39.190683952Z 141 H6Uv7wNPfGQbF9QhdSUsRchR6XUYnYNYPNEDYNr0cAkPVTYvNV1mHy3vGfUb
2020-09-23T20:04:39.201253734Z 142 uc8HsJGG8A0ywwZiE3qNFuGsCWWLbFjSLkI3Hr4YB4ZK6hJ9vqSSYmK8E6j1
2020-09-23T20:04:39.212340526Z 143 ISrDh2wCgmunOo2XucmCgANyucc32Hy2rlpczJkZuQqwo4iufqSvNvyubtTE
2020-09-23T20:04:39.223724894Z 144 Fi8itxEaF52qf2hQbLvAP5dFFGQWYE5F9RmMTN5gPzC2Ot58F8Zh0mBsU9aO
2020-09-23T20:04:39.234923446Z 145 KgZgR2mNQDpeb1ngzAAkLYatkaDeOfHQs1vKaxSpLpUOD8tcv4DV7SoLJ7aH
2020-09-23T20:04:39.245881130Z 146 vg4eQiJj0K0fp6j8sBpEjyo21aadROgVRKma4VpjiExoj3JgoRaTRkewUhVT
2020-09-23T20:04:39.257900836Z 147 KZGUCiUro3J9l3Ft6wKiaYpWjBBfbrDYuMnKpoqIR4JtvrJ7nssQWCgjDAcV
2020-09-23T20:04:39.268723091Z 148 ByUpGpSAzdQPcPhaF3xPsc5ozs5NxyiqVuxaoKb2EA71mMplkbH8CV2V8rZs
2020-09-23T20:04:39.280348482Z 149 1FsuBE6IdQXG0vCQ36Q73vU6gpSyMmhJ6Rrcg1RdQEbXUniwLEfgCgeEYcQE
2020-09-23T20:04:39.291331347Z 150 3K7yF4PaBqVMxBEQOfaRsxZ6rNj877FQXaSjb1hqgjqajbk1h7rZ5koMRyGj
2020-09-23T20:04:39.302603670Z 151 aidC0l0Xr7Su8wkHtTMxbf33PcXw0eI6tqY2ksVz09ilREF4gHcjxMklAk3g
2020-09-23T20:04:39.314218899Z 152 5TLQMEKHraplzXvzliqNIXlX71IK5DgWMc78PnjOEfdjUpZV391SKyxGqkmE
2020-09-23T20:04:39.325296208Z 153 JpWyLgXfSZWkFYZ7LjBJoekmfKRBYaJ7eVNIktpeP9Zv1gmM8aNGK6kOVqlu
2020-09-23T20:04:39.336772737Z 154 kODbksVHGAQL5uH08FY5hheecVQi0dDiFQWuEBN2SUaZRhcQySKttbTomk9b
2020-09-23T20:04:39.348201761Z 155 4sdew8yshhaCv8qkSSsceoOVpBlnuf3nltDLl7bwjlTAimaLj68ubBRuhuqQ
2020-09-23T20:04:39.360068754Z 156 8LQYaxkh9KSEG78getKlgX81g9gN0lJoxnj0P85J2jSUZDb3Bo9EobRfhUKz
2020-09-23T20:04:39.371531684Z 157 HBDREDuPyLI5to0CUu0f8MfKXazrxF7g6dYiq0CCQ3iVe3EeXxeVB8v9XEmt
2020-09-23T20:04:39.382638503Z 158 FJk9lqnyf0EdPFmDru0bNNUD9oVpy3uNBfyGhM5DUs4w5k70sew0HrhxfvOn
2020-09-23T20:04:39.394125247Z 159 HDXM57c0Nfjq5r3xjzGj1AajXk5Wg5Ld5aZ5ud4Db0lPoB5embrJIyoKRtJp
2020-09-23T20:04:39.405662711Z 160 pML5Dr6nDYj3HRFwOQHzM38hdkNDHiTReSiLuS5MoJgAKGWCgSqHtdbACI6t
2020-09-23T20:04:39.416813084Z 161 H92aIta1TrNzPqZyRzvTodO3NKZH4Bgp5ndno1oK6pMRU7H9CwvSfhz8QEGr
2020-09-23T20:04:39.427435171Z 162 F19p87tsjllfZi63LmUcf96gyeJjYbdS3OJI69bIQnTr3SBGDlhiS3yS95Bt
2020-09-23T20:04:39.438636673Z 163 YjSq0TWCgIq6v1z6s7y1BKilAk407JvmpTNItFYDWaX9pQ9wmm5OVe09unDp
2020-09-23T20:04:39.449826630Z 164 uqi43cNA1V8RhVJOCZIwggXExAeEVF2VK5VZozung2gafv5q9moXP5280sEj
2020-09-23T20:04:39.460519879Z 165 w62iH0yAYEOqOCkSipEWvwrLYi8dDI4ExnIQ9H5DOEC1b9za1P5MkwbttP3u
2020-09-23T20:04:39.471792647Z 166 4ExKQbl7iJP8pSVhU3O2rdaUKnMKDjnA6OVqkmXkl9gGrf43R3WrHH0m7R4M
2020-09-23T20:04:39.483358516Z 167 jh1YB9GcBVQrYV4S9cXNvS97HnQt4pocrNNZdKnC0V2Zi7tuX48PE67FzgZX
2020-09-23T20:04:39.494469193Z 168 tKKRWEQadC7hDtVyE0FWIjCs1qBZTpCNYtyun0wB9qIblav3ERsWE0V9KVW5
2020-09-23T20:04:39.505678791Z 169 sdP6Y6Cm9ARM0ZaOZlqtWGMkA0mt2lzuDRIAuEa7RdELgRCK2k6MuUxLfamB
2020-09-23T20:04:39.517197932Z 170 jVGAZKzYQq606DpM3SyTgjeo0Wi6AwKmxBJU8KcWGnikdMgKRSGYD1L0TJfW
2020-09-23T20:04:39.529142640Z 171 BYiWTopoHFoMIwBTHRTqEu1bqmLi49ox7qsbzEftvgde0VviHYIEjGN5WAVi
2020-09-23T20:04:39.541171549Z 172 1FJqgINneMlwMrfmwvSSV3LgW4MxuxEXutCUi1EC84fvU3m5aGPo3u3mV6KU
2020-09-23T20:04:39.552154071Z 173 MoLXRu336Xd6s9PqbZyShNLeOwkZpWiBMPJ3VbQL3szm3NSWiA5rRNKHlIVK
2020-09-23T20:04:39.563247811Z 174 42tQtAEOWg0iaL0oIYFKmrAZob6xamRd6XLNCaQDVtcEi7LeYZfweJxSwDq5
2020-09-23T20:04:39.575171672Z 175 yYLVFqIPOCZ5KSRiOw4HKaUfTGDjxW0576BHEnDs9zNGYdzOxHL9XpYzGH5b
2020-09-23T20:04:39.586298913Z 176 djTFqgPuQrRPtJBKjX8ubrb4wJMmQ0xEV8ZDkbcZejsnAN6zedfbd4GRU6O9
2020-09-23T20:04:39.597878729Z 177 JamApfWBhkCIVMycl5g3Y6D4Of28vWAo7GAvgiezEm7Z7H5TK4HULcaAGXzW
2020-09-23T20:04:39.609783556Z 178 lBtFPZ9GcM9vC6rMy9snFA4JHn2MxQihB1TaXnQNJaUeBUyx2znEilraNn7p
2020-09-23T20:04:39.621214216Z 179 bt6qM7zYtVjila0Ogf8lH9zfdbu2vhXn9rxkzVy2VWeUUwwm4Yz9Br3Yi5u1
2020-09-23T20:04:39.632506191Z 180 wZ82qhkcNBhOhCKgjn7Byod6UsKCQjPjN6mLPegrqnaToaTnjbg2kw9EOPD3
2020-09-23T20:04:39.643243516Z 181 vSfkIVMZbxEU877RAtgPu8DVJyr1kn5g7azUuJTXTuDaddlGyKh4dp6zYavA
2020-09-23T20:04:39.654815253Z 182 FsRcqJOIiOZnwRqqktKck4sXnHE3teGl1ZJlOdXXxWmJT88O5hzF7zb7CJbZ
2020-09-23T20:04:39.665275295Z 183 T4aRrvhy2UHuHsJBJa2yyJcCZ70Hs2Gp53CpMJlQz4x8PfMdUQk0twfjzEgZ
2020-09-23T20:04:39.677323896Z 184 i9KumSx6MvZIpvRNhdHDu2zl3UFGo5LwYk6sZUE4voUAjEx3wXUx45p6OapK
2020-09-23T20:04:39.688352492Z 185 hzOfKwUejrZCFrGT2dINH4nR60TR6Ee9nDhrs6bIYxpdDcN6ny9SI93xmtdL
2020-09-23T20:04:39.699521516Z 186 LJMrFcgf8zdkVK0VYc11X1S8WJtifciIc52tulo6XNFLtycDfWxpMSs1TCaK
2020-09-23T20:04:39.710780260Z 187 IM0ZehmG3FyHuojGsRz9TBX1UzogmTVbaDkSzFqIXdxGEeK7TBDyXIR4IIcb
2020-09-23T20:04:39.721921885Z 188 AIdzWWpUEBieDlJoVn74IV2b2uqt8KEhIfVnaozth67NE30WRCGD97nJIWXB
2020-09-23T20:04:39.732243498Z 189 C1PI0TngFEcHYCk3GezClOFxsKdm4Qa0bAp1tWTGpbmTAhuHNVr766cARQLi
2020-09-23T20:04:39.743612391Z 190 WKqeHL63kBx7OyKkZ9g0ukeyPcPt3AyK4tP7ZU1eYGLeIOHlv2HdtXokEeK7
2020-09-23T20:04:39.757186533Z 191 tcMRpGnTliVj0Uwt4l0RHOHn6Zjp0EqWLYBKqI0oAbpk7gxsDSNYLQkYjN1e
2020-09-23T20:04:39.768161097Z 192 xzvaFH7SO6eGdKgtdVwc7GUUJdOuGCk18TT79mRp7vdOx5KMCPbfgIfH7NqP
2020-09-23T20:04:39.778630296Z 193 XVuQPUetTdLWvPb8PNZK7gaxUHFmgVzE85evHqmGdGTc9XAYnYkvnM0kSlao
2020-09-23T20:04:39.789708234Z 194 ANMA8ytMpcWUgfOpboy4x2iukn1qPlNr7cM93XHYY42iPQIsRPXw9R72ONLR
2020-09-23T20:04:39.801021501Z 195 FllvPAjKKNg9BY1xEAdlIv8XC0Nk1gf0lGIOCaUhaa223WpyaHUJthFwOxk9
2020-09-23T20:04:39.811831947Z 196 0XNU6jDOuEFFMujDiAzz2gBGkYsF717AMqwqoL9QAw2DOwGAdvhHxmCmyCPc
2020-09-23T20:04:39.822500222Z 197 bfVpdSsUdr1ENtXimVaprOTYwTckHoZlKK7CMCrONbQctJVKvKJNKTgWreEx
2020-09-23T20:04:39.834128141Z 198 eWQygW8FX9DuPFwCWjINmM1AzVvVnozlflXXZeCMKh2OrB0FdEu420dvtrcD
2020-09-23T20:04:39.845178621Z 199 6MchhbtxiMNQ1l4tnwP12QZbf4dSILXJnEsrErvkSp67bITkxVDzcrYXKmDc
2020-09-23T20:04:39.856760714Z 200 2j6PlQYB3MHkxdrdTZhD9mzVFBEmoi2cYyKCnTCmoRHvcxJWYXzo8LQAkJN2
2020-09-23T20:04:39.867855026Z 201 gtcEmkbcU21klLNHytOJ7V2PTbdnEWEfg3ohqlq1GztRzlbNRKgaH1hQ5qa9
2020-09-23T20:04:39.879247993Z 202 mEjD0z20SeNkJe1ClEvIU98yPPnKDFkRrRmigyux1EP8CkSYUlyOMV7PTJY8
2020-09-23T20:04:39.890913965Z 203 FJeqIDysPH7McS0ISglzVDn4QlTY6pQ6zyBr0AhL89Kj5hW8MIsO8rmoHArd
2020-09-23T20:04:39.902044811Z 204 YtyhNVVKbnypXJOYhIXmhUIJXua5mFOWX8PFfyW8xMI8Jjfvw6o7n3cYJafs
2020-09-23T20:04:39.913173797Z 205 DbjJjvAOZujr7FCK1Luy9j0DJJKjG4ylUNL5sbvlhFv7z1QBKNPzM6S8IqwV
2020-09-23T20:04:39.924652870Z 206 J32mEskuz9Z4P5LBPQKx7Sdru4byZ3lfctsJ4762KZlfOGVMBDd4q5OIaJzt
2020-09-23T20:04:39.935821053Z 207 TEnhu9EA0DYHS7poxbnylTZRLcaBfcmu3QIi3nkQe6AP8Ro91NtZIR2LeYMY
2020-09-23T20:04:39.946373963Z 208 wHNCqg6c1aC4UKjxnKoaF9d9LwoGCs96ORCHRashtAMi5m7m0IXWw1aXlnN6
2020-09-23T20:04:39.958398097Z 209 jZuJx3uZU7pc5ESmvSco6hbJwias9Uf2htm0kLRjF4FlIouYlsUAGDdeSfwz
2020-09-23T20:04:39.969435470Z 210 4ZDTRmVMkfxrmp8bkyZIauVqsFisISoNHj9CUE2QSvwL1M20qZgHf8mcoZbq
2020-09-23T20:04:39.980814394Z 211 bdLjEgJC3KpuL4ziEcFkLxqEXZAKQ3zd2VnUSBWXwhiVhjrdd2KfVu1MV2o7
2020-09-23T20:04:39.992203969Z 212 cVX8fOurHqzIx6touB0qO6Bq7p2aOUa16eokHPjYyw8tvwUz8eYqmAPgvPaW
2020-09-23T20:04:40.003638709Z 213 EQ0JLdN6SDvrAMI6aBnAvNPuT1tYirBEZBvXbKOXJdUeYgFRHFSwTEYk54E4
2020-09-23T20:04:40.015116718Z 214 mtv2UL8xrWNIWbWgbWRBkervPisl1dhtBTjjv063jAoCsHBqsNkPR2f94XRS
2020-09-23T20:04:40.026905462Z 215 tPPo5U9r8h4hMy2MfGoBWBktR8zClJYvz75J0mEcD21Nygd71k8H2aeBMWl9
2020-09-23T20:04:40.037323499Z 216 p4PsBHnFGXcI2SyNHLeaqvP6pVNUFznTjty0ReSyZ6dCrKZaaIvcDZqnBUNG
2020-09-23T20:04:40.048424368Z 217 dQBZDUnUZRewKEmlgfJw5nL1a0eQvZZqeblLmE0er8XITiTGL5OCSMEviuHj
2020-09-23T20:04:40.059184873Z 218 cXpE7FyOEKDZX2w7pXNm8pO7niu3EKmR7yG4OdtqShk0X9PXW1xExV0g2Rd3
2020-09-23T20:04:40.070560944Z 219 KOQwJQ6WjDlos8VTtGvXbYNxuyMTOmuu5bDhGuMZDB4FVY4Wpyy34y4oEv1V
2020-09-23T20:04:40.082190463Z 220 UHcii44IpwKH3F6hCfEzi9yiRbg1FuLMlr3LpWvlcJ0rDgUNLpJajlTwi0FN
2020-09-23T20:04:40.093495602Z 221 oZHSKnO22MMQDSGOSziAOxN1Kqx1K5gwUVY6Ny3MF0lrJzAjh2OhNxbLEv7T
2020-09-23T20:04:40.104690637Z 222 adZLUkDyh7SozAv7zB2GSR0WmocsOZ7Yhxudqj1sq7TffkBNexJxGosIQg9E
2020-09-23T20:04:40.115575534Z 223 zulxkNrdlscQCCqoueTrd2dhyaU4eNKJFr2FleKbpAiDTZ07V1Z7q9oLyL4Y
2020-09-23T20:04:40.126150245Z 224 3DPaTMVC6rVtXDuMDfMU3E0Szd4nfQTqBO7RrxgK8PbFw5sF0dqtXPT0I994
2020-09-23T20:04:40.137650551Z 225 N38FMSPeca7952tM91qEqmoDwKpgndzOE5q2u4xIZ9rZ4KpyWTHEH16r2Elv
2020-09-23T20:04:40.149156453Z 226 SFx6Zm9DMSwAVR8OlaYhkYzQOalNq7tCtzfwvrlW0TF74KJDj19fGXpaW8zf
2020-09-23T20:04:40.159499282Z 227 wjCWInd2EWCZNM604rNLpqw30VkOnZxvROtWHNJf20arXHxldSeQH1nHgSLt
2020-09-23T20:04:40.170279686Z 228 cGCZuV5kEsv2xdmCo3xnHSUpHo0gQeJbpfAz034wf2huFWocsAu3YWhRI5i6
2020-09-23T20:04:40.181301919Z 229 ijW8ZG3RPe4n0jJqMIy0hQVmGdquvrsyKO4Oya7c6CEcfl4xV6YC2k0rXaC5
2020-09-23T20:04:40.192982799Z 230 XRBxcpacvqJSQi67B7xXGqE0LIngWaK92vtvOa3hOmPm3zaZ5C3UTIEWCYIU
2020-09-23T20:04:40.204994095Z 231 Co3P0R3azmxMq0NfeAReThSSo1wUoBWztnUNQfYGCBMbaEw2gcTcDzJIXdiV
2020-09-23T20:04:40.216388132Z 232 TRpbrWZveqQa2g4YdZrYjAcq5r9KdORNSopIDcjrJPm6ZrZKjT4oK0CwQlA8
2020-09-23T20:04:40.228035043Z 233 GXchIoOhCM11klZXsb1o7QsEQ0s1had6FlMzEXXvjCcSZv8JAoGRxVlbq0ov
2020-09-23T20:04:40.238241062Z 234 5tscvKJMufborV4fWxaCo9bDnTQ7IEyTxNfBqPEJavroPaeurJUU1Lk7T7fx
2020-09-23T20:04:40.249288846Z 235 Ys2S0PNkLwRMWZuF4WsDzLNubutsGzpGdOjOzN2VvIKESxu4iujMCwrZjsmD
2020-09-23T20:04:40.260731921Z 236 g55nu5eaXiozdAoXVqV3l1rS81QiUry1JK2HemJ14RWwyeF111JhtCLtnOzr
2020-09-23T20:04:40.271702509Z 237 rdxv2encQmMfrVRRMZnpYVbmT3u392s1R9VZIITyzJh02LU62lZuS7AlNpng
2020-09-23T20:04:40.282892944Z 238 R4o6t3foKACc6D0LFrroBrB48ruT6b3fjXRYQeonLRj162ESbPA186be4F7D
2020-09-23T20:04:40.293819361Z 239 lu58amjVTjIKz08LKeeZSHi5EjkYrqrgPSjbP2R1hNcTRpaFMxOuk9UroyCK
2020-09-23T20:04:40.304392065Z 240 RGKo78Mzm22PC0y4T47ALB95xkCxgfPJz80Rn5QWA3PSvqswSIMZSji1ERv2
2020-09-23T20:04:40.315869776Z 241 E2kJQBV71BifU2lKQz7LwX1wsy80aPaCItWyRyX8dHj0fsBxM2Xj7Y7OVNji
2020-09-23T20:04:40.326261687Z 242 mkEZQ7ARDvef0nevD78xqIxe6R1HJBr9bvNUQx6WxWSKhq5LQXV9s5imxKqr
2020-09-23T20:04:40.337667004Z 243 T1vX4Or2zEF3UeaKaatqkwkV4aOHATklfHvzjMPmvBw6wDZI4NkRtlYMOahr
2020-09-23T20:04:40.348423932Z 244 UL5oVon9qk7ktrU2xzVK1EYeD5wFaccP1QP9OEn5f7rdnrtfT9QfpqEURHIQ
2020-09-23T20:04:40.360311343Z 245 mOwgPhCyVm2edpkcCUlpcR374WTjM1K98aKyFpAELJn8OFk5qmJK8IMMjWZ5
2020-09-23T20:04:40.371425055Z 246 TkgmcRmgwc6qx5wGyA5vxURftNj3EOPwo4qSYZwvBsgoIXcEpTofNDXm407O
2020-09-23T20:04:40.382230073Z 247 SvCL6m5mWJ0lRGyD2BmVYyZhUGsNrmkmX0MUkkbzYzYnlTiitqa119A7VbHa
2020-09-23T20:04:40.393322019Z 248 2uJxOagBMJd3cwMNjHi0PuvBctFxuNyOJBNHu63txqddgM1w5oBgKvyH5X7A
2020-09-23T20:04:40.404550551Z 249 C1B4i15Wp7IVQNdsgn2ZHAwPczvRea0Y3tsUU68C8mYiyspzOo3Y9Gr2eSWL
