2020-09-23T20:04:36.890479976Z,2020-09-23T20:04:36.898483712Z,0 fb3vLbqCXQV5Yi7tOmVXo8GjNXxaqUUDyOpFFHds0bq0D29Iwe6IyYGRRmZzXq
2020-09-23T20:04:36.902031013Z,2020-09-23T20:04:36.960211447Z,1 N28LfhQbiIqefXL6VkByNA31M5Wi7XjPb3UzWPzPoY0uzr0MCWKMqyTKwQm5af
2020-09-23T20:04:36.913045228Z,2020-09-23T20:04:37.026626179Z,2 stCJVEWeUzImDLIEt4BAErI4iamNQqBbkCGgy6ALYz9ZWcjiMWsxP1E4RuygoM
2020-09-23T20:04:36.924212065Z,2020-09-23T20:04:37.099935769Z,3 DkWk5c10vOa7HfWAXXu6WMjBNglYFlShY2J6ZoiZfbfldZqt4d0WVH3IaD2yoP
2020-09-23T20:04:36.935648869Z,2020-09-23T20:04:37.170909444Z,4 B3vNLD02UMh81V2tlOqLCxn94u1PHNq0hnJynEyruQdVE3aj5EoVuUMLDIebzb
2020-09-23T20:04:36.947006884Z,2020-09-23T20:04:37.234990396Z,5 kGOXzfdnNEFLhsMYFyZekKdKJM3OiMqHckLw5yeqQWB656vBPrBa4YfB8WwUwo
2020-09-23T20:04:36.959284184Z,2020-09-23T20:04:37.306217862Z,6 GlJbOAgq4iGS0cLgfmun7jUXcQqXAKRiv1wG7Xp0ZtA8LS1t231BrNkBfPHqQ8
2020-09-23T20:04:36.971243222Z,2020-09-23T20:04:37.373774557Z,7 IF4bSMI9DPWrCfpEvX2z4umyaxuXo8ZGIfeakavvnd46zKN5vXy6QIUkOzoNTj
2020-09-23T20:04:36.982477682Z,2020-09-23T20:04:37.437904668Z,8 mIwUtsdu5iu1YmgS9gDOuxwWFOHgBv69BLxyp0W89i6sbwtaiaPQPP48nYjdb3
2020-09-23T20:04:36.993889285Z,2020-09-23T20:04:37.506871506Z,9 j6jGxnvCb3g8LWjBTURreAh2MZLaba27UOb7qkPdjYSpJCzAtVhnOtFbwCZKEY
2020-09-23T20:04:37.005187776Z,2020-09-23T20:04:37.574287242Z,10 OP1CVCrsSzc7edKJ6wBUWB3ArQhvYXt59Spaw3YPQvSrqS94WcwF6HiSG6Mpx
2020-09-23T20:04:37.016740016Z,2020-09-23T20:04:37.642977010Z,11 PVGutIhLobYu4cWTrydfLiMtoINcDzZLD6SrflWzDP2ggFEjCwIhBTopAoI3S
2020-09-23T20:04:37.029018952Z,2020-09-23T20:04:37.716500322Z,12 5pF4oYod72LStSFsA8Ycq7DLj0MYRB4TvqQBy9SyRFJbehxlidAvgwr60gtNQ
2020-09-23T20:04:37.039337692Z,2020-09-23T20:04:37.785433369Z,13 xk77Fm0vopxGJXBdhdniQGIiJPdmlyAfQzVEsLBGLdPWskFyMUjbSGVDrdoJm
2020-09-23T20:04:37.051076532Z,2020-09-23T20:04:37.851598252Z,14 Mguw6yN7dQL2x1lRnan8lAwlfABkDAtmzRDxYq36lp8QHoXLQigeNCGM2gHyw
2020-09-23T20:04:37.062287527Z,2020-09-23T20:04:37.917172542Z,15 opclaIVwJgsiGKgLZVZ2fpnDJwnCh4ZjbJxTQkVTzQAyH7OTKb9otQg1AEZSp
2020-09-23T20:04:37.073773718Z,2020-09-23T20:04:37.986892443Z,16 CVO2cXzmuefwimdSNYoO5hJbUee8kLZeBgRFnf2lx3nN6VVxn3snFTtewhBg8
2020-09-23T20:04:37.084570265Z,2020-09-23T20:04:38.056687057Z,17 CRTC3Q6NCJPx0vkhYu3q7D7yJzycx3tzvjf9QQZckOfgiVTWb8AEW2qHPdeyJ
2020-09-23T20:04:37.096560501Z,2020-09-23T20:04:38.123383236Z,18 9y76RmNRsRCxJgkCjRrdMpcly0lrIyy4uru1LG2grFhNkwj7kpU7ekPEMxt5u
2020-09-23T20:04:37.108004728Z,2020-09-23T20:04:38.192015085Z,19 SQnhi7MRZdakv9kyizYtFq8rMeCYz6MIZ0nkBZQvZgJSaNGXr5Zldwy8PZ9Z7
2020-09-23T20:04:37.118632310Z,2020-09-23T20:04:38.264537773Z,20 iUMWfhrUYLsGRaePYpJDchTlBFYZatdKfNiqOPwRoQlb6faPPOx6uaG1GnExj
2020-09-23T20:04:37.129810336Z,2020-09-23T20:04:38.338562491Z,21 Qz9uc8t8XUGCedX0NjoQSWVs1NUYcDjt0JJeO6rtiFonEj4X3nTJcl68XTgtk
2020-09-23T20:04:37.141219592Z,2020-09-23T20:04:38.411554890Z,22 jH2arQy8oYT2w6HUwZwrdgBS7L3gzmrj9C359x5WJ8Krn9quBG3RNyxVRKx70
2020-09-23T20:04:37.152782614Z,2020-09-23T20:04:38.494718252Z,23 4oNED1bZ03PeKoLPbmwTFp7Hi08jgZ4miWmfXg9WuGd5SlahMjkrmSilJuZRX
2020-09-23T20:04:37.163888508Z,2020-09-23T20:04:38.573465216Z,24 tbm16VQ8La0Rk8q8uDrNeNcaUftwp9b4N4kaLBTLcMu5e17akamp8nX4c1l14
2020-09-23T20:04:37.175005996Z,2020-09-23T20:04:38.647406370Z,25 AGjyoJR3TiE5c5s6Lc3fmbVlYJX3BFORZH4T63NVdANvqVkF68e3O0DernMgB
2020-09-23T20:04:37.185923802Z,2020-09-23T20:04:38.718719434Z,26 66GhyoKrT4Qc5n8ECsRY0tEPjL3RT0wJiH0U9GGI86JpEB8Hc9AJPa4YR75Qv
2020-09-23T20:04:37.197086088Z,2020-09-23T20:04:38.798200252Z,27 N0aPDr1d75P0oIOFlTKVW10AhRzCCoBOABW86AMbsqBg0Ww4jcO6zxbX1gNjk
2020-09-23T20:04:37.208310353Z,2020-09-23T20:04:38.863000455Z,28 uJ1UWUEXnvhpo2oGWuTVg4x237bRQXazTWt13T8yxnEFMtEGsk56WW82M1pS9
2020-09-23T20:04:37.220335316Z,2020-09-23T20:04:38.930943877Z,29 ccFVHraRQ8iWIHfO9u31w38tNViEmKmT8PXwwQ2SDoKXBvFNFelXJqoAZwwC1
2020-09-23T20:04:37.232271919Z,2020-09-23T20:04:39.001897350Z,30 mTFMClatzw6kOoa9HSmnx7sNdhL0KUZBGheBcXLaOrZRCFRyVdOGWQs7j2z2o
2020-09-23T20:04:37.243186825Z,2020-09-23T20:04:39.063337829Z,31 6ujaqqsluz5axrWHngClQGgmCnP157CUG1ZDsc8xyTQOqV9CxNntjaceDFwFE
2020-09-23T20:04:37.253783315Z,2020-09-23T20:04:39.124373783Z,32 66n53q4QZwU9xhZcGOpEzmcYPve3gTNGzcX3hR6kq8oHI7LId0GlYAMxL0xyI
2020-09-23T20:04:37.265047226Z,2020-09-23T20:04:39.187958208Z,33 e3tdTEEWaYb3vhjIHnhKowNEUPUIfDz9hfERtv5DpyWJ9hU2BgXTRtRv2Dssq
2020-09-23T20:04:37.275516550Z,2020-09-23T20:04:39.253778013Z,34 7BvApavBYLbpFDvVTOtAFtGZmhclHv5xUfiNHDAupVo1Qse7FGXsNuoxxDFdl
2020-09-23T20:04:37.286839103Z,2020-09-23T20:04:39.319003666Z,35 nj7vlFUUrbTTJi4gkasvaIfiqXw2NtbqPxLs1svBrbJtcojXM3ySWp9I8mTR7
2020-09-23T20:04:37.299211058Z,2020-09-23T20:04:39.386971469Z,36 8HRLkkrQzbbweaxp9VZGRwaZKGYxNU1wNKo7v7Daa3lAB0W9bSNmgAaoC92P2
2020-09-23T20:04:37.310843165Z,2020-09-23T20:04:39.459822527Z,37 f2c7pOAtSCWoIl0nmNfV3IpO5Bw9rms3drZRXrwalKDdDACXwS11WxIYwR3EY
2020-09-23T20:04:37.321339931Z,2020-09-23T20:04:39.539232152Z,38 05inVg8kgb0yI4SxF9jbSRkzBo1VgUCkOHk97csjr1wCfRWBYv76NtoaMPSGg
2020-09-23T20:04:37.332431684Z,2020-09-23T20:04:39.613197734Z,39 gEDQ3iAamUa49Xeh57qPtIwEjWdbJlGrFmpvpnxcXFDD1oGILsi8wNcFKf7gO
2020-09-23T20:04:37.343568600Z,2020-09-23T20:04:39.685335645Z,40 SiMpvby4IeuMPef37yMEBzMP0pH4ShGpI1GyJMyZddnm59ORMR6PsCQOiUBns
2020-09-23T20:04:37.355120047Z,2020-09-23T20:04:39.757267914Z,41 JDo8IVHT6o1VgBkSLykzFaThQS8HacqpkJAHUBdhOTKlpHLfAvvVTPqQ84wN9
2020-09-23T20:04:37.366437005Z,2020-09-23T20:04:39.824995476Z,42 dwGLqNGE0WyML2OO3lIVwnRZ9S6cJct3xjvyVhAmF2EyNCOCyFDroNsFVgbqI
2020-09-23T20:04:37.378089711Z,2020-09-23T20:04:39.951167279Z,43 Y3nN2gxfs8PXjyZxm9gX2Ks7m8pIpUNHkOcG9a3nqtmJGoGDtQr2otlMctxpH
2020-09-23T20:04:37.389244942Z,2020-09-23T20:04:40.020331156Z,44 LACHwZDqjURdm1Tm1ruLoULxW7jAkq9cAq4V50CRhIz0Dlqbsiftwc3Xuczu5
2020-09-23T20:04:37.400230259Z,2020-09-23T20:04:40.084906703Z,45 WZjlRTFdooibexuogbIJ5zzaUIZKXCMlynSRQRqgZMqBA6191nSVJ7lB5GoCC
2020-09-23T20:04:37.413914368Z,2020-09-23T20:04:40.148528498Z,46 wnBVsrW1NGzvDkcARQkHwq4lZ8fOUl9B9gIUdbTWdJRVGLBJxcb4IofrE7M8Y
2020-09-23T20:04:37.422196923Z,2020-09-23T20:04:40.218165167Z,47 eBLAqOaqHAaIdgQuIjrazpw3cwFrfDY8ZOdWtJGKP4KuDFkK7Rml8T1FPma93
2020-09-23T20:04:37.433902357Z,2020-09-23T20:04:40.286317138Z,48 IU6C5WBeZc6QoIHHxjozj20Je5QWjnzekFfO4WXpeFhVMVG0i7wTOqhgANjGg
2020-09-23T20:04:37.445232768Z,2020-09-23T20:04:40.352771847Z,49 1VcwM3jDBqrwrkE8tNiqUbMNbwOehk2qfJo1Gjy3I6NALBzwluDrfOwqL1CFN
2020-09-23T20:04:37.455772722Z,2020-09-23T20:04:40.419616339Z,50 OdvsrWgbseaDAJ2381Fbsi2v0OS0rYtweZo0umUOGKrn8rYD7yEQzlYyX2fet
2020-09-23T20:04:37.467140662Z,2020-09-23T20:04:40.487073330Z,51 Ts9ZLWFZtJI5nGtkc0b4quZKwQGDZtD1BydaYinO7cF3IiM4ebJtt69l2qvax
2020-09-23T20:04:37.478427106Z,2020-09-23T20:04:40.553146327Z,52 C7z5cKXjWoRVo0XYk2BLfD7px1MDCV6L6hFbFfHpkX4G3mNZQWrxUIz1SciiW
2020-09-23T20:04:37.489756819Z,2020-09-23T20:04:40.622692334Z,53 XiH58lu6V0VarPCtMqq5j7FcvrGoP5EvKKksQLUPFK0kdlFYuJdYcxHnYX7pL
2020-09-23T20:04:37.500808535Z,2020-09-23T20:04:40.695103493Z,54 YQUu5leLj3UeRtd6UugyPwEHnlNrNjbmG0tiIFOAsdkpXXQ52fPCFqobsMHYZ
2020-09-23T20:04:37.512407088Z,2020-09-23T20:04:40.767571756Z,55 JXrHHzgL3GdFN5BKUIXH7QnDPudDZhKI7cyeNkImj1HxbLlkd2bX2mmeu8cRP
2020-09-23T20:04:37.523941245Z,2020-09-23T20:04:40.838883790Z,56 qAKSYbfzze4WQh5jxYLi3DYsMEXCohL2uC0z5f3IGAMIH9wvXO5F6HGM47OzI
2020-09-23T20:04:37.535219184Z,2020-09-23T20:04:40.910896161Z,57 xt5VeYq2b2nyLRGD7qdms49ofmvwP2SZzn9TDIpO7kWiF0VbMcfsQ1vi3PR2l
2020-09-23T20:04:37.546555606Z,2020-09-23T20:04:40.983998810Z,58 OgYwkVrccs4AL7irpN0mAULAn5i3Kgsm1UFNh1wzGb30BcJMtvIeNvojtY2t3
2020-09-23T20:04:37.557564253Z,2020-09-23T20:04:41.064112673Z,59 WVTakJFucy4nWlGQ0IT6EEsHpsDCg4oFjZ1945bPIc4DdeJMZOw4pZd8ytNkJ
2020-09-23T20:04:37.573872270Z,2020-09-23T20:04:41.132600561Z,60 JEUV2uoRhvOQOJohoCFNLonvMJlRJfm3nIuu8UgiIEbY1hBe1VcJUvNGpp1hb
2020-09-23T20:04:37.580608787Z,2020-09-23T20:04:41.211156464Z,61 GKXOdegk6YvvqBpvfeGGFlxfXqErjzJ45lMgwmRtH6SYrVRoBma1PbNLyujvs
2020-09-23T20:04:37.590403063Z,2020-09-23T20:04:41.281445500Z,62 fwiiVLbDboCmc0JTRwIYRFbh0o548QSVutqJ3Vm6v6nuyU7252EML5bJsuWMd
2020-09-23T20:04:37.601835284Z,2020-09-23T20:04:41.351424331Z,63 1s6DLncjy14jKqReI23Fxiv18fXUENKRbyBPAwEYg5rZNydu60Y5c2ifZIA0x
2020-09-23T20:04:37.613245883Z,2020-09-23T20:04:41.423135010Z,64 ivTjfEI1PxhQzlK4ojmsmRz4Fx6HtRaqZ7WKVG4XLyYpdmmxA0DeE5CQHIqBH
2020-09-23T20:04:37.623473439Z,2020-09-23T20:04:41.499593734Z,65 7i8nSlsxDoikoAAtmOJQ1rMWU08k0j1kPoTOhACZbiOSWZql12lhThgok8L2L
2020-09-23T20:04:37.634694482Z,2020-09-23T20:04:41.620720011Z,66 bzFyAPBXz204eZV46TOdwyZQYW4R7wPzicOQrz80oo94Jp9st2uK5FphzspAo
2020-09-23T20:04:37.646157833Z,2020-09-23T20:04:41.685594080Z,67 jFGKRtUwId2Sx5MA8mRq82L2OuITltbg1dpNldeMNEJDezLDTAQzagKKpYD6j
2020-09-23T20:04:37.657667161Z,2020-09-23T20:04:41.751019548Z,68 9YVDjkTwBsVUEMlmMT4bpVLuhjVxHYyhVFeQ81uP2KleetVKX2DZ9Sb8QxnzQ
2020-09-23T20:04:37.671105764Z,2020-09-23T20:04:41.815293214Z,69 R4EqBAFEouH7hnGqZNAQOEyHeDUDWY5FCqiPQM9c4z3CzZhYwRDkcEUcv62MZ
2020-09-23T20:04:37.680647449Z,2020-09-23T20:04:41.879364193Z,70 5DtIifpVNLKf7ZVvTUoXQx9PdyzR3TZFp57Z1ehLC5tMb32S3YnZxjjCS6QhT
2020-09-23T20:04:37.691724130Z,2020-09-23T20:04:41.940467238Z,71 YMcMVPBSlaWuoftllKU71Vw51cjIwOTogwRMjDkNAAs1pXejOIw3sZtwGWo99
2020-09-23T20:04:37.703103536Z,2020-09-23T20:04:42.002263187Z,72 0MRmpqiirgtXxFsg2CUXN73auQzvNizm5bNTlPXSACJd13vtYkPJEMq1SqIKo
2020-09-23T20:04:37.715371444Z,2020-09-23T20:04:42.063788544Z,73 uTjIO255RmwJtWDdmhXKLOkoRKky2gtON1bd9K6sDBH3rFIg5gSf5curbq6GC
2020-09-23T20:04:37.730839332Z,2020-09-23T20:04:42.130518377Z,74 B2a8TAq4Angw1zOAj55I9yLItgnWRTlnJ0brWKoquDvfTDOwwg7sHkhT7h1ds
2020-09-23T20:04:37.738453564Z,2020-09-23T20:04:42.201771006Z,75 F3ZVlO7nh7F9G0WlI4QK6wO0nC31x7d02x0fYdmCGLthrV6NgCMC4MJR8DM1T
2020-09-23T20:04:37.749574586Z,2020-09-23T20:04:42.278315858Z,76 fxvAhB2SyGxVvIFn860WtcidP6elCXlyCMhQfnTymszaWtKdJexZossXZFVfU
2020-09-23T20:04:37.760852225Z,2020-09-23T20:04:42.351780111Z,77 UhfrdnHCTsbZW7Nak7HVXlH0R8wVSzweKq9WkQwUPQmg2V2Tb8B0HKpEimFrP
2020-09-23T20:04:37.771389771Z,2020-09-23T20:04:42.421342697Z,78 Cf95I6tbf2oHeh3hseXHYSp73fTSdaL1fptOfTEUVWtMfVAb6giEpKQ538vp8
2020-09-23T20:04:37.782716698Z,2020-09-23T20:04:42.492842254Z,79 ygcwEG6sGekClJqAZsBmApzEb2wk0utvo5mSbjhnHjw4bjVqG00oGX0LCz0Ng
2020-09-23T20:04:37.793444504Z,2020-09-23T20:04:42.562704372Z,80 Zhq3u3kV00Gntx4vWhZPDnTugyJQvkMVrCxzxHNpCn1yfW4he9awma34dfRNu
2020-09-23T20:04:37.804750576Z,2020-09-23T20:04:42.638250616Z,81 sfBDi0f9cGaPxawcTS6lObOvkuV02RHd8iETJ1JaQP2WyJmkQKLvH9XKticgn
2020-09-23T20:04:37.815720972Z,2020-09-23T20:04:42.711070181Z,82 O3Y1zwLlnmsTclTUXKXIjuREgxLUg3r8xLYXAbWsI8Z5UapESJj4g4X48EdDC
2020-09-23T20:04:37.826632353Z,2020-09-23T20:04:42.782846981Z,83 T5o08MyNj5A7eMxReltIcqwQzCUhxjBoOeF7bQ0ELsMih8iwHa6A2MO37fa7x
2020-09-23T20:04:37.838056441Z,2020-09-23T20:04:42.856110316Z,84 lzJnSDp4l9r2yM2ISisOLeQXaTEbqgtYxUi5LJVCPXOQ4TeTa83LM7vOuwVzH
2020-09-23T20:04:37.848483550Z,2020-09-23T20:04:42.933666772Z,85 xWYXSqWKVySMUbcO11ACTm8xo2O99e7KWunnSmYepG4AQ13UnBo3MncvpjTeH
2020-09-23T20:04:37.859830275Z,2020-09-23T20:04:43.004198547Z,86 iGa0YUIn8rcXaZDTWFYEUFPtwUI90X7g2NqcxfqRsbpQTeSzEW6zghy99LRAd
2020-09-23T20:04:37.870703144Z,2020-09-23T20:04:43.077911436Z,87 GynSCUUPpZUs4DSr6whTfXL2l7RK3KhFZNXdCBXlk7484kLOGCvoabVXn4UUr
2020-09-23T20:04:37.881297568Z,2020-09-23T20:04:43.153737638Z,88 fmfdcVaCUeOvQlj3L8YovnxsIEYrEacrem6SHAfWLJ7qxeoyTA4JkmWU5V2Iv
2020-09-23T20:04:37.892534996Z,2020-09-23T20:04:43.230734765Z,89 wUvsx4BcHVQVPshyjlG8noNckio2i5gZQNoWk7wMsAFjvV4fkNj6Dbuecb8vP
2020-09-23T20:04:37.904105035Z,2020-09-23T20:04:43.301607695Z,90 eiV2jZeqARyfHQOgFRIWh6dYJA5Kg9drfth0uZbwU8vasOoWKzS1zjWBgKHtB
2020-09-23T20:04:37.915595484Z,2020-09-23T20:04:43.367873023Z,91 cRqwMoziYEZXoUjciNgvAX6hLSEdfiDCTv6aM5y5C24L6PnCc3AzQKMvAhFyU
2020-09-23T20:04:37.926980556Z,2020-09-23T20:04:43.440009241Z,92 1SPSrbJpoKeRxlGLTjneQzaSuFvwEOTTKM06hoi0qBLjSFWSSJpkdqr36F69T
2020-09-23T20:04:37.937332867Z,2020-09-23T20:04:43.511189425Z,93 B51quQ1EPMkFqWOldB2T2Nj5SkOsfK41ujTiacRb2jFW9iI2bY6xfiNjoLXyd
2020-09-23T20:04:37.948650570Z,2020-09-23T20:04:43.579050871Z,94 ws7Cc6shzQtQtqA8kBCg6SWAgPDxNEIArgJsQrgIqk8sZBf4M6YG8JoFsT07l
2020-09-23T20:04:37.960064949Z,2020-09-23T20:04:43.651802650Z,95 9I6glHTh6muQugXInfPIgx5DPYWk1ln1nHPrTY7HVXA2Cn7eh71uw6uflEh2a
2020-09-23T20:04:37.970299555Z,2020-09-23T20:04:43.721423631Z,96 C9MQ1CHWi7h93MpYsTg4zRRyVcvHcj7JN27KBJx04TfHh9cZDtd65iyJKVYkk
2020-09-23T20:04:37.981595841Z,2020-09-23T20:04:43.785896823Z,97 kclYQOCsBKaIV1dGTxU5n4Tm7ko4Ly0eDjRENI4v7FIHMTpVJqZXZA7bF5kN8
2020-09-23T20:04:37.992610688Z,2020-09-23T20:04:43.850971725Z,98 f121tC55M8Yfwxbhlp4VV8WdUWVsGFZJlgEugvj0cNAku8IWXUFiNiwNByWIf
2020-09-23T20:04:38.004074002Z,2020-09-23T20:04:43.920833723Z,99 N9OShJsWXgE8uM73d4tpAGsGkpMihfs1gD7QUmdWEZPZQfmCsI3VSIZN6mr7g
2020-09-23T20:04:38.015060948Z,2020-09-23T20:04:44.001210233Z,100 ici93McTyfdl54eoaOvpyR40Ous8r2GK6ujTtSl3f7HFMgj0vVbKc0pDbrbO
2020-09-23T20:04:38.025857793Z,2020-09-23T20:04:44.068688903Z,101 ITJLmzBrG8QbOFAE7KiMLwJB4wWveQQ3ug7ADTRR6zULwW8nSIsVLRnGklpJ
2020-09-23T20:04:38.036890694Z,2020-09-23T20:04:44.137506002Z,102 Vco0P2K4RnVewAMXz0vB0eOKBOxHESAGtcv4rcD7lG0ubIvV0xbrAaE43CgP
2020-09-23T20:04:38.048253939Z,2020-09-23T20:04:44.206624475Z,103 5KV1FnCXVR88DbBvUi2y0yYiQxIjUDtwlbNGQR0LC7eFo76oEfDPfhQKL3zm
2020-09-23T20:04:38.059714721Z,2020-09-23T20:04:44.281521162Z,104 6euIB9F5ztRJg6c7aHHBKCdi5JBpsOsWFdGe78PDpPPjRMF1AJBkUU5s5tfp
2020-09-23T20:04:38.070406644Z,2020-09-23T20:04:44.348516324Z,105 cjTXOjir33OKy4B00ccG3sQeI0uxHiD0jFTXWTXYdpG1kGIu76wjQX50PABI
2020-09-23T20:04:38.081468716Z,2020-09-23T20:04:44.416287858Z,106 AT3FPV8aHeEKD7sclFPBymspZiN2TtqGCXlOEViKBCyP6hogALp2eKmu9joB
2020-09-23T20:04:38.092837336Z,2020-09-23T20:04:44.485380891Z,107 2nT2MXJHfT128AWQ5YfzVeAYBQeCOtvvF676IRTW7Jw5jQWlh8RbeykJ3lSD
2020-09-23T20:04:38.103707052Z,2020-09-23T20:04:44.554010074Z,108 QdKBBlsvRz67XBEIH4hF9WGdlYTF11xHbIOIwoWqvo6lGrgOM1oNqbgNAXXU
2020-09-23T20:04:38.114913278Z,2020-09-23T20:04:44.623089068Z,109 soFfvUWV37Yn7RY1OU5Kxadw6hBRcnsNa9T9hKvOCPGFDI1VcmvuciylN8oN
2020-09-23T20:04:38.126338684Z,2020-09-23T20:04:44.693452294Z,110 mzkBkwaFA3C0G4Zv3DcEZoQUruI7Y5xw3qRa3k6HQh4DJGeCj4YpSnuu88yA
2020-09-23T20:04:38.137291661Z,2020-09-23T20:04:44.765924303Z,111 tVhHvMRcx14MY8E5W5kIxJi5dcspLOUYa7HU2NOQBJhpdBOnoH90q7Wf9xjT
2020-09-23T20:04:38.148417195Z,2020-09-23T20:04:44.841332420Z,112 RMlUhuHSoIinpmo2H6XkMRoAamt0Nq98vz2VkQnIbBE6pmJJI1cSmpyLNcd7
2020-09-23T20:04:38.159323283Z,2020-09-23T20:04:44.913923309Z,113 0eRioI7EJlJnjszebSjTBkzFUVKeoAtSt3FJQnxF2V9ogWCroVVp3evFYngD
2020-09-23T20:04:38.170991476Z,2020-09-23T20:04:44.985614237Z,114 GNtwAPN7tqW4UnrNxyo4QLW9svG4244aUrUcAZsdutci2ucGYpRcsvjX14Xh
2020-09-23T20:04:38.181364702Z,2020-09-23T20:04:45.063853967Z,115 c4ke1yngTR0LITIHsbfcQ2JjES0DydeBFUVMdy1yKDR8HPla9RNnHX3oMX1z
2020-09-23T20:04:38.192405495Z,2020-09-23T20:04:45.133384785Z,116 90Jt84NBvBpQoc4nWAettAT2OJhEvE50zg9D2FQ8SSoEvZzHi1eQZGbXQyfG
2020-09-23T20:04:38.204164264Z,2020-09-23T20:04:45.211359765Z,117 4NAQI4YJIQXFbkSa6LmZn74jzImI0kiFuoA02sDwnDgMOZ5i4Pu9f7pXIXPB
2020-09-23T20:04:38.215826917Z,2020-09-23T20:04:45.278604695Z,118 7LGYyRNPCENfRkt0j1RsYc3aVRzAVsimo4F48HRJTFOLS8cb0vuoKsjtcdkH
2020-09-23T20:04:38.226660620Z,2020-09-23T20:04:45.353506656Z,119 KURom76HPJTuqCsQSbm85175i3q67zBDRWT8wLY7ARNcyglfEJf7UWI74oJa
2020-09-23T20:04:38.237858235Z,2020-09-23T20:04:45.423278318Z,120 6rrcnxK6dH5N42UPWrPvENJKFtK2wMn5wZC2NauwxBfXw7bIvIVNC5y8l0oj
2020-09-23T20:04:38.249171940Z,2020-09-23T20:04:45.497168642Z,121 JNC44UpyRiX23Z3WEDclVIWJwzBZN92OEp5xykitDmJwB0C2CtG4uIx5suEY
2020-09-23T20:04:38.260289069Z,2020-09-23T20:04:45.566670084Z,122 qayrKrxdcR3bFzAamctnOaaTq1kSr27xitQN8wJmLJDwecB4asQpWSZnMOCF
2020-09-23T20:04:38.271559019Z,2020-09-23T20:04:45.636073596Z,123 g1ugpUKO9Qjdn8oYcHEynRXJsY8cSgj4QHhC1IDIk4K46IhWaNvlIVmIN5fl
2020-09-23T20:04:38.282549671Z,2020-09-23T20:04:45.706138754Z,124 LeG4BkFZLbmDuKPKPTx1kpy8O3XrT5N2QJNPJoYbUbWwrQ4WQYsmvuBb9j0F
2020-09-23T20:04:38.293315887Z,2020-09-23T20:04:45.773318633Z,125 jiwK0b7BVSpmlZWRcuzHmEddvYoo9ojkjXJ4VRQoDKtXy7gqRTDKQnsCuwU8
2020-09-23T20:04:38.305021632Z,2020-09-23T20:04:45.844160525Z,126 TWfpKIYaTh0Vo6fNX6dq2KVho07NdNPZEM169ypZM007wGGdxJxiQFUrn5X3
2020-09-23T20:04:38.316261763Z,2020-09-23T20:04:45.916331169Z,127 erJqTayyf9TOK01ISBW8zmm3DP4YcvGpa677QStODeQoZR2vuMENhRX3gPdF
2020-09-23T20:04:38.327575047Z,2020-09-23T20:04:45.987167204Z,128 mNBB03GXZ1jbCtAxZgm2rSacEcoW5BiYcpy2Ks5OVe5NMNZy9HhgCcpdd9of
2020-09-23T20:04:38.339827335Z,2020-09-23T20:04:46.059282985Z,129 Gb70SAWbzLjMjmOPl0uNATpcOCsYy9kmjhWbxb3TSd8BXUrQEHuJ06IJ5wCs
2020-09-23T20:04:38.351323671Z,2020-09-23T20:04:46.129147624Z,130 qmFSUDMc70ckJtq1SKg0qZuVAW5l6XNN4QJSKdZupgd7egRcpbnWuKuQV1uJ
2020-09-23T20:04:38.362654639Z,2020-09-23T20:04:46.199887654Z,131 qPTaV3bY76O0DlTpEDwOc1sM3YyKmGFqo8PqHS8C27TjWosut5jup7kuFxXs
2020-09-23T20:04:38.373302711Z,2020-09-23T20:04:46.265902417Z,132 9gy8AHjfq94yN8pFKEwVUecEk26YKh8Jn1C3llGnfaz5TuY9xAxhOzSGPha9
2020-09-23T20:04:38.384425914Z,2020-09-23T20:04:46.336325017Z,133 3jDSUMlNOEoYEBpd2duA4XPlnVebWONfsx4X3m1jmtHiHwLZbcrOVQrH3hLb
2020-09-23T20:04:38.395702285Z,2020-09-23T20:04:46.405763364Z,134 uBWa7QM1uwtOFfELNvXzvUAAB712N1hOwqPmPRA6B7vFmCOFTPQ4VJXxNGQs
2020-09-23T20:04:38.407187631Z,2020-09-23T20:04:46.474466956Z,135 XraHwPQnUoATjtJ61IE124vNFtS4SRBNy8tf8gQrvWvcb6l597teLpcYTJSJ
2020-09-23T20:04:38.418900649Z,2020-09-23T20:04:46.543956458Z,136 Oy48t5Fvct1wTVxKzWGkdC6tUCEk50Z1Ha59JxeCT0Nsc7dOWwiCDShzEpO1
2020-09-23T20:04:38.429468856Z,2020-09-23T20:04:46.613589828Z,137 i1xfyGY4cEIzts3FIH5ukFDXln9T4i8zN0eh7Up1tkob30sZzSbPpvupOOSL
2020-09-23T20:04:38.440578782Z,2020-09-23T20:04:46.682879536Z,138 mMRibXINI2IYVPpzRg8k0uzSGzEGbJRop795CTd8rY1flJUtQXuYfoAGMKXQ
2020-09-23T20:04:38.451601284Z,2020-09-23T20:04:46.754855887Z,139 YVtEDhNGITSIeGRzjSwJXKiVQToDU24NBjv916LCj0WmlSu9IfD126XN58zS
2020-09-23T20:04:38.462629751Z,2020-09-23T20:04:46.828498183Z,140 Q0umhk6726iEABrwSEcRfyDSPk8lxab1PnZ2CEe8XoN3OQDLhPjo66yFkRi1
2020-09-23T20:04:38.473657099Z,2020-09-23T20:04:46.900064667Z,141 VumCqzQf3WrTG6o1AW7vlbg9pVlV4PvRUKrHxtm1MSe2YsPCGqnsQWpavPdE
2020-09-23T20:04:38.484857341Z,2020-09-23T20:04:46.972965704Z,142 7GDpb1qkkpGGHNChWI2p1vUkW3W0dhKWsueuyTALdxZB6iOdqYQLrmAlyCCx
2020-09-23T20:04:38.495480492Z,2020-09-23T20:04:47.047368011Z,143 3ZdchwxoLJ9sAihoUg3zEeGkFYKF4rsNZ27PieWVzM3TuzHIYAS5JjmQq44o
2020-09-23T20:04:38.506832945Z,2020-09-23T20:04:47.121343385Z,144 K7TgQabUNQMvrHgW5cdhpgzlUr4X5Nz3s3hg28I4ybILWZmruL8P7eJdz1jC
2020-09-23T20:04:38.517965986Z,2020-09-23T20:04:47.189320023Z,145 iwu9XiN1Fa0167tEg8n1i8O0bwZTaGQ2vqlOId1JrCjjDr5A3P42FkVAdZDX
2020-09-23T20:04:38.529113291Z,2020-09-23T20:04:47.259916043Z,146 mDzxMBNXRyrza9DkAMk0zCUYRj84iwunusb6dYLIUgTJItJ2fwZQGZECPa7M
2020-09-23T20:04:38.541403725Z,2020-09-23T20:04:47.333666164Z,147 Nw5K9u09HzMFa7DbNDKcAOAvUDhSb8UFic0W6oTJQm1pRQD8F1822jIn5cnq
2020-09-23T20:04:38.552821717Z,2020-09-23T20:04:47.404131304Z,148 EixaNfeSdc7AVAJWO8Clt1NyLcVMJKBs7DVbOhgAMiW5ADoAhcMhqOlEz0pr
2020-09-23T20:04:38.565943233Z,2020-09-23T20:04:47.473811537Z,149 S3xemjGrY7EyCPSqaU7JKubt0TBiChK7HLhs0oUHOKhjdQlcVg0MCbIjTl8I
2020-09-23T20:04:38.578650566Z,2020-09-23T20:04:47.547194737Z,150 LjZrqGpas0Uaq50elWn1iaJPiOkZg39JrhPJaQO0mZ0aIQU1MMPJnY4PPspf
2020-09-23T20:04:38.589198765Z,2020-09-23T20:04:47.619918122Z,151 iWwKzxTyKzznA06zhX4ryfqIA3Yz5T2PiIOOOhfTVTdtFN7hqvgdzTxlFl72
2020-09-23T20:04:38.600216121Z,2020-09-23T20:04:47.689572440Z,152 c0HfWv1D2TDEpZzxmNoxa8Ic1R6oglY9jzQwGvtkuDaihGYblxw7M47k5Tgs
2020-09-23T20:04:38.612242004Z,2020-09-23T20:04:47.757660362Z,153 hbPkRnOAcDaAFTyjMmxKAw6sb89JrHyf6FE2q4j7moGZeCfglm8nfszDpwnq
2020-09-23T20:04:38.623775204Z,2020-09-23T20:04:47.829068999Z,154 waqTvGzuV6LlnFUskqceAWDcATrZy8SVa3GcoNIMvDOMQw5hX7119HanqUJc
2020-09-23T20:04:38.634907464Z,2020-09-23T20:04:47.898346913Z,155 60MdjQTe5YAhw5dY81JIWHdIXRTAtdbV0S3gJOjS2vy28KVryB2ZdVCMgVCj
2020-09-23T20:04:38.646194072Z,2020-09-23T20:04:47.966857025Z,156 QTcpdZXRXOwLeGJpzlKCNxappawRFOGOPZVmcAWhbKPSfldKW5hA1gzof2BV
2020-09-23T20:04:38.658415874Z,2020-09-23T20:04:48.033559364Z,157 S1iX2D0XMvsafP4wUJq6jW6JexZfWlr0DdCM7HQ442mj5DYo6mX1YzfHcGGU
2020-09-23T20:04:38.669276663Z,2020-09-23T20:04:48.101849821Z,158 1rmYe8VseIGI7yBkTtMQjPERE23uFvfgbhrpKuMHxOezrn5EABf82LRw7P0F
2020-09-23T20:04:38.680323796Z,2020-09-23T20:04:48.170921300Z,159 n9S3g0ZxCAY6L5FEb7gtF54rlnDuB30fQg7mItdNA7xbPyNiR1YG4e8Zok9X
2020-09-23T20:04:38.692188313Z,2020-09-23T20:04:48.242038375Z,160 2UAXgKSrbGepOfTwKYCGabCfX8eEPiEcF2cl5Ry9IpmiEXVyFPDNvWuC1ZRI
2020-09-23T20:04:38.703914862Z,2020-09-23T20:04:48.309333586Z,161 Vqdjah80CuiLzLYTDxDuZUTNLXgxMYYs8FL84kPaPjhaaSgZzn4cZt4rRjq1
2020-09-23T20:04:38.715275582Z,2020-09-23T20:04:48.381681826Z,162 MTOgkwVz6ptDD6W2hZGsaxnsfPprhuKgVVDoojh35Guie43Agw6ncfl7PPn5
2020-09-23T20:04:38.726601196Z,2020-09-23T20:04:48.451972864Z,163 bUxnDr43QG3W8q3Gk75x2mN5W4gHB7QhROzrvbNJkyw1JPjcxfOkbGchFvbl
2020-09-23T20:04:38.737766234Z,2020-09-23T20:04:48.527637720Z,164 CkSWRCfMnYNXXCWOQFLrUdBEH3InjRYNgvfn73SBUBw27btVDEAd49gkw76d
2020-09-23T20:04:38.749092757Z,2020-09-23T20:04:48.600768588Z,165 7WdFTb5mjzIHtWA4nuwheih7kJWQcIlgdtaZeeJ6amvXAbLnUKuX21KWRmpa
2020-09-23T20:04:38.761326762Z,2020-09-23T20:04:48.669558144Z,166 QgnrIH21rfZu7BSXb58A4ocrlWgZhqqpuxpCXrBiXRIGMYGqeEJucLYNygwz
2020-09-23T20:04:38.774936467Z,2020-09-23T20:04:48.747587976Z,167 5Rn7WfQLxjvNYWStjfK08xJBOh9bApzPy1h63oRAXUXx9LeVE81WVwsIocLb
2020-09-23T20:04:38.785850250Z,2020-09-23T20:04:48.823855232Z,168 yYvyw99qDOSHJ8CGTk9Lfsr8Hzd2XYtNqG9kvXZSX5TvYwVFMF9LHxRscJwq
2020-09-23T20:04:38.796261869Z,2020-09-23T20:04:48.896082476Z,169 xkyJ49Ffrclldg4aLzkaEgCMzYfoaaGtvuAEbfWITp1jqkISKfGDXPkeSR4L
2020-09-23T20:04:38.807626394Z,2020-09-23T20:04:48.969925866Z,170 y6rlyEIdev2Vc5AknDVNaLUxeFrvd01CyuBy92UmFndOhtLApysJfD3KbX0m
2020-09-23T20:04:38.819896110Z,2020-09-23T20:04:49.037403642Z,171 FQF4V3ARqdZQCLHmN56fwA4SrGfJX3AyyUEBxIU7L0jkms5e7X0EhGpAFjMp
2020-09-23T20:04:38.830861219Z,2020-09-23T20:04:49.109366146Z,172 UlPdsTL4NSvTQKLwzNIPugef8seVZFxaZTJ31AncZyu03eFpdYw7cJDYBJpc
2020-09-23T20:04:38.842358368Z,2020-09-23T20:04:49.186250400Z,173 kkLNO7s9SqWk2byvjLlJ219vO7fLX1VwJiTyjgV6oQLtIAi1wts2UbVNp2hB
2020-09-23T20:04:38.853309307Z,2020-09-23T20:04:49.257221124Z,174 lyTK8DJyEPOZufRbbQQmWMFLZ2x2K3bGIm8EdMS8uXzitzP7Iy9rXOs3g26m
2020-09-23T20:04:38.866037175Z,2020-09-23T20:04:49.331239745Z,175 KSeRcYZRyUeLfWbiGFQDtPNaS1fRVKGG63A8QH2MxX88wWw6QlMduQsHSd16
2020-09-23T20:04:38.876905882Z,2020-09-23T20:04:49.401613518Z,176 wNdovtviEyTrfDIDcPX1gJTJ309BIiBAg4uaWjWPeZ6TD0vplW2myVSMMrds
2020-09-23T20:04:38.887366290Z,2020-09-23T20:04:49.476616728Z,177 gPXUZ2g2eLMslDfS0XYRDZ72cjm7ogryFW6r2N3vtKdnS8qTcb0t3Bbb63be
2020-09-23T20:04:38.898231845Z,2020-09-23T20:04:50.569335586Z,178 X5WPiQHcZLlbBe5OIQitzEf2zaZ9rYIpo1aBTPXaPmtkubvfdePTjnhIFloX
2020-09-23T20:04:38.909648542Z,2020-09-23T20:04:50.634595402Z,179 Gbj5RqmqYyU2DLfeHDU6G1lpldt4ollYCWk4EicsV88u7DNMVKEdSPMCrLlT
2020-09-23T20:04:38.920875251Z,2020-09-23T20:04:50.699338245Z,180 0OIfpCHcvRLMCWKDJQhBfOV0Iz0JYFe4AnqCIx9o9khorg5A0T37f4fGqRAS
2020-09-23T20:04:38.932036499Z,2020-09-23T20:04:50.764054289Z,181 XwjfxoRzOXg7SI3XsPqyUNbRTzLFBvBZJxLB800M8kdewGu1y08oxm1Rf3Nn
2020-09-23T20:04:38.943232508Z,2020-09-23T20:04:50.829578642Z,182 JO2Uv6Zhw5Xk1w8NTdXzfiSKdAaNpzj0iaQ6byszK8ludB91CucscIrj7Psm
2020-09-23T20:04:38.955005643Z,2020-09-23T20:04:50.891112994Z,183 ekXWetYZwaLU7HZPT2zJ1Q1ZtV4gAHPImF0RU6UjYqzZikJVTitW8iGk4rqi
2020-09-23T20:04:38.966037388Z,2020-09-23T20:04:50.952076294Z,184 hUwO1F2C28hBHWPjbQjqItlRiYrQs6rYg5xjlfDnqiDxLwMaDNju34dN7KOk
2020-09-23T20:04:38.976867740Z,2020-09-23T20:04:51.013237691Z,185 R1tbFNugMzt00Q9Ec8NQo7g3sPOndfvJmQCbjtuIJx2cth1v2aNnyKRqmzSA
2020-09-23T20:04:38.987523075Z,2020-09-23T20:04:51.081305169Z,186 tLPMzsrgNjXizdh1d1p2WSlwTOGxBG0fLGwJVPosxtIYm40iSz8Ch4D46Nwl
2020-09-23T20:04:38.998464836Z,2020-09-23T20:04:51.154332009Z,187 fOm2Qs48m0QRXE56eHi84EfI2luqLDqHX2KVul1kb6g4KKwJsIlFXiKoI7LT
2020-09-23T20:04:39.010127761Z,2020-09-23T20:04:51.222639643Z,188 lwCujnFGuQj1H86ey6aG83BbK5oNejsS4CwdTDr1FR7OGopDiIgXt4fpxPzU
2020-09-23T20:04:39.021215429Z,2020-09-23T20:04:51.300440512Z,189 C6R4ZMY4NQ5vOhnMygraAaHRktOprzhA2ess2ZNmvUUOe9apVT5cUGeGmsS5
2020-09-23T20:04:39.032841032Z,2020-09-23T20:04:51.369684203Z,190 wBwh1Eg4GhTETK4Je1QkLjR5chR0QZ33pKQKJKBMhiqF8A7AV2NsnErYIEQK
2020-09-23T20:04:39.044303782Z,2020-09-23T20:04:51.443138441Z,191 TnqSyWOUxrNR5R3A88oxUNybS9u6MssHXBzhrMzMznGKAEvP4IaInaUYiWDA
2020-09-23T20:04:39.056137572Z,2020-09-23T20:04:51.517676399Z,192 VVf3OjyZKlvXWwW66gDnA3twFvmOyvjpHSy0f5SWrz4BTN9Ic1JvHu66foAj
2020-09-23T20:04:39.066776636Z,2020-09-23T20:04:51.590638110Z,193 6y7jxzJQJgbOlD9lgZBJvrV0b7vecrNVF5LTGGrCbmGhHSFPzotcBc9kYzZQ
2020-09-23T20:04:39.078160743Z,2020-09-23T20:04:51.662759908Z,194 3WlAlNcLRUxzxiSRRQiyTyaHNVnPpt7FqpeYpgVZ8kRY40IucREx5KjSUwsJ
2020-09-23T20:04:39.089556415Z,2020-09-23T20:04:51.737920576Z,195 8Bf1xl5iUkXQtRfuS6winTnrYRTv3aYZwj4mZFtNONxFh05L7CVwtcqRQvQc
2020-09-23T20:04:39.100355420Z,2020-09-23T20:04:51.807447932Z,196 4hyq0MXdhurpL84whl8btohfSGDggqRaYgHaAImRPW4wsR10uDZWafhckdC3
2020-09-23T20:04:39.111462905Z,2020-09-23T20:04:51.882591307Z,197 wgkLqYabK5jeHS5hXn3Bso0DyjF4RGZnSNfBa2Knz1zmAH0FhL3aHYIaCPUD
2020-09-23T20:04:39.122707530Z,2020-09-23T20:04:51.956825331Z,198 rDrYFZXERZAHuPF1cnWXMWaGPmcjg69ROuP5Pjb6yOzJlU7AkzjAYiO8fttc
2020-09-23T20:04:39.133677053Z,2020-09-23T20:04:52.027664872Z,199 4SQkuAGvgEsrqP8ZKmFUWwtStNbdv4e2eAg0EKei9rMxT2koryL6DqR62KiU
2020-09-23T20:04:39.144693684Z,2020-09-23T20:04:52.097962871Z,200 uzw2wV6XdyMa2iDXtWY7dVJQwGRtVuuiL1ANBUxl4zhBkuR07nvCb35orVlI
2020-09-23T20:04:39.155935810Z,2020-09-23T20:04:52.168085055Z,201 6rhnUmgjlKGCHV0dQxEgAsIM8rdnyGztWxH7SjvlIGD6TpiOpePfJ3nlDQzV
2020-09-23T20:04:39.166648147Z,2020-09-23T20:04:52.242258517Z,202 mcKRSygpxhap1TTPyC5nRCAbuqkU9PGU8sc9ztUOyFTGMXQWIj2XmFLGyTqG
2020-09-23T20:04:39.177491064Z,2020-09-23T20:04:52.317818371Z,203 GrNQHzz9XM8NCQuRQlJLtIGmOzKfUru5SPfuPzK7j8JxRuAdBOBOPWN0oLki
2020-09-23T20:04:39.188258437Z,2020-09-23T20:04:52.392943655Z,204 NUHM0KxgBrXM5VeZeaAk2iv46ZAdVojgtuqfwcbQnrh6Z2yfBcM7jsXHuSek
2020-09-23T20:04:39.200156748Z,2020-09-23T20:04:52.467212791Z,205 Q16MevzWOasjlsH09nq5lBUeKgZsXZOOFKzNrhIY0QkIByKUr1DqCj9ylZvJ
2020-09-23T20:04:39.212043491Z,2020-09-23T20:04:53.543282605Z,206 3K4jYy3PCdaKgJ60ecoXhOMtC5luQVjcJyZqSy29DUslKJLVTont5cf7n2np
2020-09-23T20:04:39.223184066Z,2020-09-23T20:04:53.602722437Z,207 62ALniWEjUODSnpswBImHWrLbey9QDu9CYZKzBhkFqSo5zVzyNfVdaJhNo2l
2020-09-23T20:04:39.234378443Z,2020-09-23T20:04:53.664966054Z,208 WPHaOyoHLtLDwhovzLU7PbodZe5wioNevAhrJkYeQkQjc5JSFXWMgHbFyOMJ
2020-09-23T20:04:39.245623592Z,2020-09-23T20:04:53.727170255Z,209 IGarSvGGgexDZygzGLIjqV4hAAQKAVuqVfFIJpWxZPAliLuIuVzBFiRDeSzz
2020-09-23T20:04:39.257139543Z,2020-09-23T20:04:53.795566112Z,210 aR4U190gZWQqGG7LGGsTyHyEPNtSYDV3d5xi8WyRnepLzcdSRrl3xzAyZt9p
2020-09-23T20:04:39.269164379Z,2020-09-23T20:04:53.863660976Z,211 LZ0QLZaGrsUwJDPncMRsFunE5T3tLP2bCKNDYhBYkCfjiEr4dY8FQVra4w1d
2020-09-23T20:04:39.280435902Z,2020-09-23T20:04:53.930072581Z,212 FL3XOFboXy6HV1EJ4KfElWxfunnuuuXVEnW30LSzd3hc9Ty6V6L0b6gjeOL1
2020-09-23T20:04:39.291774234Z,2020-09-23T20:04:54.001183305Z,213 sUggjyYOuBm1u5EbB5cUWbMFwSQ3MQQEi1dGdekNudL6xaMSboKj4AJjtlnz
2020-09-23T20:04:39.302698283Z,2020-09-23T20:04:54.068401992Z,214 vrjiWpi2mK18W6cGTJaZ6Agfp6YEzP7Nd2KB16G9POSt8TNVwhqrjEyP8OH0
2020-09-23T20:04:39.314063615Z,2020-09-23T20:04:54.140121789Z,215 zE1WMeU1hB8nz3CTNJuiaM1gwrEuVz47cwy9f2pqRP8fNuCbHluVQEUNZfOZ
2020-09-23T20:04:39.324318276Z,2020-09-23T20:04:54.207375886Z,216 9ticgQ8NRkqUgkWXztRxmkBm5ZFDlL3qqBp4TbTGgps1hyYovaniiNUDbqAg
2020-09-23T20:04:39.335611584Z,2020-09-23T20:04:54.276948056Z,217 Io05RLnSedGWVdZNdTuInbe7Y5hwK6anLE1JQFjrplGe93Qz3kcQ73RPxv4J
2020-09-23T20:04:39.346995398Z,2020-09-23T20:04:54.344570532Z,218 YZdhfqlqCdOjVw1MZvDJWYnC2NUKmp3QpBsvjcGN49dLbHdQ9aXyNV7qKgKv
2020-09-23T20:04:39.358217277Z,2020-09-23T20:04:54.419610127Z,219 zWfidVIJ0tfi4jCBSHhlm5MDcOzLW7Wp1nt5zoaDCAVx5OAN27GzQDAoCw95
2020-09-23T20:04:39.370210482Z,2020-09-23T20:04:54.485575751Z,220 C431m5KfhstHqnEtqXMj94bd593FuJ1wgQIUhi2qqViNyhR4EujCKNGpsutx
2020-09-23T20:04:39.382318984Z,2020-09-23T20:04:54.550891068Z,221 QEjk8ANQgiLuv1Xq94yWkDmVEIFAPXQ6N5878iFQ1nCbgfl1MJPoBrqBU1Sn
2020-09-23T20:04:39.393657454Z,2020-09-23T20:04:54.622913113Z,222 biZIVKSCe5X3ISmdXNFy1J6PgmvBNMClKeN567cxO0hYFYYCbVPLH9jCpDf6
2020-09-23T20:04:39.405118271Z,2020-09-23T20:04:55.685909337Z,223 dEZYoHgVwI1FvRjEcIzegIoUwbw0nePQt3TsXOge61ipxAGgXV2pOgQ4iOJw
2020-09-23T20:04:39.417135768Z,2020-09-23T20:04:55.750022865Z,224 O0gnz8gxxuIrylbIaov46fERQRfrdZk7TuWYf1Ck0M007f6CLDL0JWwbJTho
2020-09-23T20:04:39.428762811Z,2020-09-23T20:04:55.815583461Z,225 pCftdI8wNw0aoI8qpGX1idn7ZubuBmjWhRxINijZtupcNkCDt5qYsA6lV2I2
2020-09-23T20:04:39.439910650Z,2020-09-23T20:04:55.884772048Z,226 lyB9L2f217Q85Ob61olCJau3M8EJPfFtNLMKO9YCFEOKR2UdHjB4UWaUVL7d
2020-09-23T20:04:39.451415828Z,2020-09-23T20:04:55.953278935Z,227 enu1ZWORPLBbMeMUpNvlTgynXMz6jJNiTh9DdNy8EPmB8q7YfKiQuMrEfqSw
2020-09-23T20:04:39.462844353Z,2020-09-23T20:04:56.020384192Z,228 aNRPat4sFotchpqFZXtng8WThoLN1zAPWj8QBw2cKBIA403RptzsMPJImCH8
2020-09-23T20:04:39.474933218Z,2020-09-23T20:04:56.094894934Z,229 LEENReOzyqmCWMsnEjIwPAoQhJbqiTFTwoljauQS56CB4tE3Cpi65vKLo3Aj
2020-09-23T20:04:39.485454153Z,2020-09-23T20:04:56.164012830Z,230 LYb838iPDSQOadyhhOU6yd6cicu9CtDXSMbFY8K0Jq0fuRCrIXmkNsm9zHRu
2020-09-23T20:04:39.496513870Z,2020-09-23T20:04:56.233101014Z,231 W0ubjAmKdL4bJPvx7Sdt5c8GOyQw4JPfLGgC7rYasKJXmdhw55TGYuh5lIIk
2020-09-23T20:04:39.507701773Z,2020-09-23T20:04:56.305546568Z,232 DQaTPruqxx0ggtmhmz8FnTXl5p0zNfor0k3hgT9WGLHq0NY78XrPHSRaupZa
2020-09-23T20:04:39.519168741Z,2020-09-23T20:04:57.386013879Z,233 JNUYxa1xgjRBoSG04juUbtLpsbyfeT0uCGEDL5L7XwvlnD4Eimj9uAuMuFOs
2020-09-23T20:04:39.529518618Z,2020-09-23T20:04:57.453602584Z,234 NuE1ON41FsM2MuFvGDK1qsMzajkqkL1EAYwnIKvesOaFlK8zLy2oF8M81nVi
2020-09-23T20:04:39.541736368Z,2020-09-23T20:04:57.515895995Z,235 tCLPmCiMfpcjFKy2xyKE2lfmnNqJ9QKwbwW9QA4XPY5MjBhhZk0wBon8AAqZ
2020-09-23T20:04:39.552753182Z,2020-09-23T20:04:57.580345616Z,236 C5dSCgwxo8T6vrnHLS65MQ7QZIaAIJ1mlnTecyYOswxa0V33Wad2Jdc8IDcv
2020-09-23T20:04:39.563745912Z,2020-09-23T20:04:57.644129597Z,237 uMME3K7sb6ZpvgG9RxeRrox3KQL8tDJpJcbwBF5LUAO5zcsCZHiiNAVs38PG
2020-09-23T20:04:39.574851241Z,2020-09-23T20:04:57.708849364Z,238 3Wsk8HnPZOBOWkvSlJS0KhMcdT6qFNlSb0mz2uwIYJlSSk7ShWfF8M3jVrSm
2020-09-23T20:04:39.585931160Z,2020-09-23T20:04:57.778186924Z,239 nq1ughauegO4Bn0qidsm7EwCSufIs6WzopRgkmm2IF0NZyzuVddyoazuxWS2
2020-09-23T20:04:39.596366788Z,2020-09-23T20:04:57.844243415Z,240 XIv3Gxn6utfWXWcVDxdFKxlhY985U5WWXOETbGhgE67mF5cKe7SSR1LMI85b
2020-09-23T20:04:39.608254381Z,2020-09-23T20:04:57.907780959Z,241 ucdYm8G4kemocFqLdsyLUPOSkjFlrXio4YSn5YYu1epcB5RQjspZklvILlrF
2020-09-23T20:04:39.619697664Z,2020-09-23T20:04:57.978430554Z,242 SuqapXhXg7uk3Dh4OHcUvBpNTIXv8d2j2ZiViT7F5qXCOjI6DfdtC8wKA88h
2020-09-23T20:04:39.631191821Z,2020-09-23T20:04:58.043721827Z,243 qqUqoZnFoA0Sws1OBeKyFEPw16Bl9w95kSU7BVDzn1Z2EA7k2nDetYjJK2Yx
2020-09-23T20:04:39.642357289Z,2020-09-23T20:04:58.109222826Z,244 n3hx9HtbW6MetaAqRXkTbG1hj6b3znUttBNw5XQCn6BaI51ZODjfzf4HflNG
2020-09-23T20:04:39.653551863Z,2020-09-23T20:04:58.174949488Z,245 bAdTdXNipzyZaDf15SovMArmFMn9275RibAa5tp3cOd2imTKhF4wcifX9e0a
2020-09-23T20:04:39.665310868Z,2020-09-23T20:04:58.240357872Z,246 JBeeViSn4eHaMGEUVxIsmtB5iDcG2GLVieDeOwCPgITAM010v7qTFIdzmjz5
2020-09-23T20:04:39.676926315Z,2020-09-23T20:04:58.306455743Z,247 Ah17kNaaQNJXIaELRRCxVQZsq3sVQqb4nZrFykmBTVY0fCCKyqo6ZY1xqxYM
2020-09-23T20:04:39.687319672Z,2020-09-23T20:04:58.373119528Z,248 bVDI65rZjFSEaCZEnjPoN8SFqclldyrdUirsM2ukxPgGhZpaUTIpOAxVub87
2020-09-23T20:04:39.699098167Z,2020-09-23T20:04:58.437748271Z,249 Tti16A5CzDNqo58FSPqOZ4hIShU4wTaX3SAcXVN7MrMLRWnSCr90jBw6gcms
