2020-09-23T20:03:08.042589042Z  [2020-09-23T20:03:08Z INFO  dt_instance] Current Twin: 38162cb0-e585-43d7-b55d-5c240b2bfb7c
2020-09-23T20:03:08.042651710Z  [2020-09-23T20:03:08Z INFO  dt_instance] Connecting to broker at mqtt-broker_3:1883
2020-09-23T20:03:08.045590887Z  [2020-09-23T20:03:08Z INFO  dt_instance] Refreshing topics for twin 38162cb0-e585-43d7-b55d-5c240b2bfb7c - Listen to 38162cb0-e585-43d7-b55d-5c240b2bfb7c/+/+
2020-09-23T20:03:08.148134669Z  [2020-09-23T20:03:08Z INFO  dt_instance] SubAck { pkid: 1, return_codes: [Success(AtLeastOnce)] }
2020-09-23T20:03:38.095160653Z  [2020-09-23T20:03:38Z ERROR dt_instance] Unhandled incoming.
2020-09-23T20:04:08.096948033Z  [2020-09-23T20:04:08Z ERROR dt_instance] Unhandled incoming.
2020-09-23T20:04:36.363075341Z  [2020-09-23T20:04:36Z INFO  dt_instance] d0a71d84-b80f-4558-beac-8887750652e3 "0 1k61nQCmGdx1wo13mwKBso4Xkfyig4MJ6y34FCEt4PHajYjeB4VPV7o13d9Do7"
2020-09-23T20:04:36.377020500Z  [2020-09-23T20:04:36Z INFO  dt_instance] Inserted data for source d0a71d84-b80f-4558-beac-8887750652e3.
2020-09-23T20:04:36.427463010Z  [2020-09-23T20:04:36Z INFO  dt_instance] d0a71d84-b80f-4558-beac-8887750652e3 "1 ubFvF4ZZxWdF9J7gPvuNA7Ndn2XMIwJFdNPyBCFzjmNz7d5spwECde7AUWVdj8"
2020-09-23T20:04:36.439038240Z  [2020-09-23T20:04:36Z INFO  dt_instance] Inserted data for source d0a71d84-b80f-4558-beac-8887750652e3.
2020-09-23T20:04:36.490446342Z  [2020-09-23T20:04:36Z INFO  dt_instance] d0a71d84-b80f-4558-beac-8887750652e3 "2 KU4Lsg6uJGhnoioMyQek9mYbnz10tzg2UhgPTi08gHrZDHcDn6BTecHsMyKNxf"
2020-09-23T20:04:36.502358657Z  [2020-09-23T20:04:36Z INFO  dt_instance] Inserted data for source d0a71d84-b80f-4558-beac-8887750652e3.
2020-09-23T20:04:36.556210107Z  [2020-09-23T20:04:36Z INFO  dt_instance] d0a71d84-b80f-4558-beac-8887750652e3 "3 SBbbdfwwp14FHE9gueM99CClYbGYjBx1iPg6bfruGNI9pdZ6ymUPsLcuERT89U"
2020-09-23T20:04:36.570534541Z  [2020-09-23T20:04:36Z INFO  dt_instance] Inserted data for source d0a71d84-b80f-4558-beac-8887750652e3.
2020-09-23T20:04:36.620805529Z  [2020-09-23T20:04:36Z INFO  dt_instance] d0a71d84-b80f-4558-beac-8887750652e3 "4 7eeh4wQh2KnoQegF1gf2OmjsdqAwcfbSFHRiubd1agNvuKb4nVLrCfalZeUEbi"
2020-09-23T20:04:36.633845663Z  [2020-09-23T20:04:36Z INFO  dt_instance] Inserted data for source d0a71d84-b80f-4558-beac-8887750652e3.
2020-09-23T20:04:36.688273874Z  [2020-09-23T20:04:36Z INFO  dt_instance] d0a71d84-b80f-4558-beac-8887750652e3 "5 4HFZ6SAVMIaapqJ1rJvplvPQ3Xb8b1VxazRoK3M4PtxUsuSmYseOuNMi2tUdlb"
2020-09-23T20:04:36.700311847Z  [2020-09-23T20:04:36Z INFO  dt_instance] Inserted data for source d0a71d84-b80f-4558-beac-8887750652e3.
2020-09-23T20:04:36.751310018Z  [2020-09-23T20:04:36Z INFO  dt_instance] d0a71d84-b80f-4558-beac-8887750652e3 "6 wlETYGtQsV0zudUVaKk3NmewS2vt1VxYu3Yq7DGwYtdvFZOxEGan1JMQlLC9iu"
2020-09-23T20:04:36.763713780Z  [2020-09-23T20:04:36Z INFO  dt_instance] Inserted data for source d0a71d84-b80f-4558-beac-8887750652e3.
2020-09-23T20:04:36.815949572Z  [2020-09-23T20:04:36Z INFO  dt_instance] d0a71d84-b80f-4558-beac-8887750652e3 "7 0rIoY111kkRQDeGx3djpvruQktD68TMRnkrhz9Qzyvxax8rZ2T2V442ToLdVUa"
2020-09-23T20:04:36.837598996Z  [2020-09-23T20:04:36Z INFO  dt_instance] Inserted data for source d0a71d84-b80f-4558-beac-8887750652e3.
2020-09-23T20:04:36.889583467Z  [2020-09-23T20:04:36Z INFO  dt_instance] d0a71d84-b80f-4558-beac-8887750652e3 "8 8sfQpJbAXkR4kvZROTBPHFHUkJltRItjXrXrIe65RR8Ft7ZEFuay4In4UUgvXc"
2020-09-23T20:04:36.906682049Z  [2020-09-23T20:04:36Z INFO  dt_instance] Inserted data for source d0a71d84-b80f-4558-beac-8887750652e3.
2020-09-23T20:04:36.958772805Z  [2020-09-23T20:04:36Z INFO  dt_instance] d0a71d84-b80f-4558-beac-8887750652e3 "9 RtaR1e00TQWiRAMEmswFWVzFfEDsbiNoxDPwUgETTI7WOgOpS3ST8mpkqiugD6"
2020-09-23T20:04:36.974831723Z  [2020-09-23T20:04:36Z INFO  dt_instance] Inserted data for source d0a71d84-b80f-4558-beac-8887750652e3.
2020-09-23T20:04:37.027602906Z  [2020-09-23T20:04:37Z INFO  dt_instance] d0a71d84-b80f-4558-beac-8887750652e3 "10 ELcpRecd8eMqLfEQb2BZWueR56widOUdQvh8zhJZM03GSoFSqHtQBukOQfl7F"
2020-09-23T20:04:37.050725574Z  [2020-09-23T20:04:37Z INFO  dt_instance] Inserted data for source d0a71d84-b80f-4558-beac-8887750652e3.
2020-09-23T20:04:37.103225172Z  [2020-09-23T20:04:37Z INFO  dt_instance] d0a71d84-b80f-4558-beac-8887750652e3 "11 0wQheZ4dEbru70g3oPsCXfSpaalhNQxCsRbnXsuq2875zgIZ5eKf9jTtrQVcK"
2020-09-23T20:04:37.120222142Z  [2020-09-23T20:04:37Z INFO  dt_instance] Inserted data for source d0a71d84-b80f-4558-beac-8887750652e3.
2020-09-23T20:04:37.172364385Z  [2020-09-23T20:04:37Z INFO  dt_instance] d0a71d84-b80f-4558-beac-8887750652e3 "12 GmvclfATNe2m4OCVZ2AX0VLE1c4AcyN67dYXGSWLdBt8jxPSfbhhyJohG8eMh"
2020-09-23T20:04:37.183004212Z  [2020-09-23T20:04:37Z INFO  dt_instance] Inserted data for source d0a71d84-b80f-4558-beac-8887750652e3.
2020-09-23T20:04:37.234900232Z  [2020-09-23T20:04:37Z INFO  dt_instance] d0a71d84-b80f-4558-beac-8887750652e3 "13 jF2ZJalEoo2cqre6sNajp8TnQeADCRwMnBfWZ3W5LhvehAiH2jq2QxftCsu0O"
2020-09-23T20:04:37.254920650Z  [2020-09-23T20:04:37Z INFO  dt_instance] Inserted data for source d0a71d84-b80f-4558-beac-8887750652e3.
2020-09-23T20:04:37.307048634Z  [2020-09-23T20:04:37Z INFO  dt_instance] d0a71d84-b80f-4558-beac-8887750652e3 "14 Nb7PrggexxQx5ygrqtE73okvotDSgws4t2fmTyKM8lACgRtukEgSACsjCXTXM"
2020-09-23T20:04:37.323566230Z  [2020-09-23T20:04:37Z INFO  dt_instance] Inserted data for source d0a71d84-b80f-4558-beac-8887750652e3.
2020-09-23T20:04:37.375497401Z  [2020-09-23T20:04:37Z INFO  dt_instance] d0a71d84-b80f-4558-beac-8887750652e3 "15 Dt0e7xz6g7cp8ewG4TKxLP05hM5JuXbqowlu7aCumiC3kjDf258og8Y6Q7DYp"
2020-09-23T20:04:37.389060801Z  [2020-09-23T20:04:37Z INFO  dt_instance] Inserted data for source d0a71d84-b80f-4558-beac-8887750652e3.
2020-09-23T20:04:37.443200397Z  [2020-09-23T20:04:37Z INFO  dt_instance] d0a71d84-b80f-4558-beac-8887750652e3 "16 AgsNP476QXcgojf2EVTcoz7nsbTwlzIbhgNrQCrk0JDUxiZpfgjlIqg4WJNqy"
2020-09-23T20:04:37.457671500Z  [2020-09-23T20:04:37Z INFO  dt_instance] Inserted data for source d0a71d84-b80f-4558-beac-8887750652e3.
2020-09-23T20:04:37.510670487Z  [2020-09-23T20:04:37Z INFO  dt_instance] d0a71d84-b80f-4558-beac-8887750652e3 "17 1LuvClAgcP7swiMLG4tc5dASyjlka0WRcareh1pRDECA1UVpw61ce5v91dCdu"
2020-09-23T20:04:37.525010253Z  [2020-09-23T20:04:37Z INFO  dt_instance] Inserted data for source d0a71d84-b80f-4558-beac-8887750652e3.
2020-09-23T20:04:37.577353383Z  [2020-09-23T20:04:37Z INFO  dt_instance] d0a71d84-b80f-4558-beac-8887750652e3 "18 FcFG4244OzBXtQc7k4pCN8fQY4or3DRuPm3u7SGbc0pcWHsYn7Bkm5WJ8jxFs"
2020-09-23T20:04:37.590738007Z  [2020-09-23T20:04:37Z INFO  dt_instance] Inserted data for source d0a71d84-b80f-4558-beac-8887750652e3.
2020-09-23T20:04:37.643098582Z  [2020-09-23T20:04:37Z INFO  dt_instance] d0a71d84-b80f-4558-beac-8887750652e3 "19 7pd0pxp6IJK348A2ykOrJcZU055VLqhF83LkS0FZlZE7RymO0lKqbJZf7f3lO"
2020-09-23T20:04:37.657738834Z  [2020-09-23T20:04:37Z INFO  dt_instance] Inserted data for source d0a71d84-b80f-4558-beac-8887750652e3.
2020-09-23T20:04:37.709639775Z  [2020-09-23T20:04:37Z INFO  dt_instance] d0a71d84-b80f-4558-beac-8887750652e3 "20 Gd8JiAL3MsCQJ97BU3FrxAKqc2UJIoDTWJB5NXFiWrvRLlSYpBlcYhW8W3d3h"
2020-09-23T20:04:37.724338264Z  [2020-09-23T20:04:37Z INFO  dt_instance] Inserted data for source d0a71d84-b80f-4558-beac-8887750652e3.
2020-09-23T20:04:37.776313491Z  [2020-09-23T20:04:37Z INFO  dt_instance] d0a71d84-b80f-4558-beac-8887750652e3 "21 wh1RuGmu7CsKrsKST1XDWzkyyCNnv1bJo0dPIFZRn3q5KKq9V70kaCCcyeIph"
2020-09-23T20:04:37.793880091Z  [2020-09-23T20:04:37Z INFO  dt_instance] Inserted data for source d0a71d84-b80f-4558-beac-8887750652e3.
2020-09-23T20:04:37.846076632Z  [2020-09-23T20:04:37Z INFO  dt_instance] d0a71d84-b80f-4558-beac-8887750652e3 "22 o5nKi3g6FfWdOTynzZJFyG9Jj6xxRPNWKoyY84zPs7lm2yHr40SwlMbvUNFmv"
2020-09-23T20:04:37.862425955Z  [2020-09-23T20:04:37Z INFO  dt_instance] Inserted data for source d0a71d84-b80f-4558-beac-8887750652e3.
2020-09-23T20:04:37.913353826Z  [2020-09-23T20:04:37Z INFO  dt_instance] d0a71d84-b80f-4558-beac-8887750652e3 "23 3aPKEUWNk2xisxGOoETBDjsJsnyTxiRYfZNbUo7HPZRRmUJnluun89ORh6KT9"
2020-09-23T20:04:37.927539784Z  [2020-09-23T20:04:37Z INFO  dt_instance] Inserted data for source d0a71d84-b80f-4558-beac-8887750652e3.
2020-09-23T20:04:37.979464182Z  [2020-09-23T20:04:37Z INFO  dt_instance] d0a71d84-b80f-4558-beac-8887750652e3 "24 iyPAKPjk4lravuFkB1GuqBXfm38Ac3PzsGJyH5pfY9RHIXQh39wTsIYX7KA7h"
2020-09-23T20:04:37.995987901Z  [2020-09-23T20:04:37Z INFO  dt_instance] Inserted data for source d0a71d84-b80f-4558-beac-8887750652e3.
2020-09-23T20:04:38.099881905Z  [2020-09-23T20:04:38Z INFO  dt_instance] d0a71d84-b80f-4558-beac-8887750652e3 "25 OEG7MsHGseg7XDKa549c7ONtDt3fpFfMNpEx3016HTek7DNRVZvgxjdl9EfVw"
2020-09-23T20:04:38.112790609Z  [2020-09-23T20:04:38Z INFO  dt_instance] Inserted data for source d0a71d84-b80f-4558-beac-8887750652e3.
2020-09-23T20:04:38.164768587Z  [2020-09-23T20:04:38Z INFO  dt_instance] d0a71d84-b80f-4558-beac-8887750652e3 "26 CxT4Ph7bSvQgSaf2DsGlyHRHOsvC01TfzML7X7LrIgrEjJLxy6EXcjbc7sRv9"
2020-09-23T20:04:38.177421408Z  [2020-09-23T20:04:38Z INFO  dt_instance] Inserted data for source d0a71d84-b80f-4558-beac-8887750652e3.
2020-09-23T20:04:38.229575790Z  [2020-09-23T20:04:38Z INFO  dt_instance] d0a71d84-b80f-4558-beac-8887750652e3 "27 doFX1DRwF16UrSj7me3bjUkJoiZckWqaZknge70GBr00GdrCnuYs227AVQXxG"
2020-09-23T20:04:38.242436341Z  [2020-09-23T20:04:38Z INFO  dt_instance] Inserted data for source d0a71d84-b80f-4558-beac-8887750652e3.
2020-09-23T20:04:38.294439160Z  [2020-09-23T20:04:38Z INFO  dt_instance] d0a71d84-b80f-4558-beac-8887750652e3 "28 lgXVDvrr95Wr5ycnmMud4T1AaQcUS8esFutuYXb32jXwR8fK9YmCBKXg0C39x"
2020-09-23T20:04:38.303783350Z  [2020-09-23T20:04:38Z INFO  dt_instance] Inserted data for source d0a71d84-b80f-4558-beac-8887750652e3.
2020-09-23T20:04:38.355526553Z  [2020-09-23T20:04:38Z INFO  dt_instance] d0a71d84-b80f-4558-beac-8887750652e3 "29 9uoInR08j76yY4Q8MVc1SFQuzduuwnDrwxRLPMR0EZGcxRCbLxaoSsa7FrM9c"
2020-09-23T20:04:38.370103501Z  [2020-09-23T20:04:38Z INFO  dt_instance] Inserted data for source d0a71d84-b80f-4558-beac-8887750652e3.
2020-09-23T20:04:38.421954431Z  [2020-09-23T20:04:38Z INFO  dt_instance] d0a71d84-b80f-4558-beac-8887750652e3 "30 oFsUfB4jUJSYmEFeRNxaLt1fkxTlybbjdfoUtzTmpN8bFCW2EkZnJ8eP4R8oU"
2020-09-23T20:04:38.439766789Z  [2020-09-23T20:04:38Z INFO  dt_instance] Inserted data for source d0a71d84-b80f-4558-beac-8887750652e3.
2020-09-23T20:04:38.492295276Z  [2020-09-23T20:04:38Z INFO  dt_instance] d0a71d84-b80f-4558-beac-8887750652e3 "31 ZsKqrM6m7gsjLWYbCvHaU7MTSn9MHLbcwJ9U6TNI4PzeruKu2D7z6PD0Q7aqs"
2020-09-23T20:04:38.522824913Z  [2020-09-23T20:04:38Z INFO  dt_instance] Inserted data for source d0a71d84-b80f-4558-beac-8887750652e3.
2020-09-23T20:04:38.579191637Z  [2020-09-23T20:04:38Z INFO  dt_instance] d0a71d84-b80f-4558-beac-8887750652e3 "32 8O775IeQSbw0EbfjoUkk1Y7eOcXKiWh2liV4y4v70K33yWmQASqxoA9FT1W8a"
2020-09-23T20:04:38.603152631Z  [2020-09-23T20:04:38Z INFO  dt_instance] Inserted data for source d0a71d84-b80f-4558-beac-8887750652e3.
2020-09-23T20:04:38.656597330Z  [2020-09-23T20:04:38Z INFO  dt_instance] d0a71d84-b80f-4558-beac-8887750652e3 "33 2hF6Z6rejfQ2UEpwt1GPV5yBjpDgQrcL0A4XUm5qMubbvqpJcOlS3ThT76XlW"
2020-09-23T20:04:38.670121270Z  [2020-09-23T20:04:38Z INFO  dt_instance] Inserted data for source d0a71d84-b80f-4558-beac-8887750652e3.
2020-09-23T20:04:38.721950224Z  [2020-09-23T20:04:38Z INFO  dt_instance] d0a71d84-b80f-4558-beac-8887750652e3 "34 0C8zPvL6ReWM25u7tLMA97cpMqE6BUJaNvqkXyCaWKFVJ7nBKz1Z3k0i3J9HB"
2020-09-23T20:04:38.737666313Z  [2020-09-23T20:04:38Z INFO  dt_instance] Inserted data for source d0a71d84-b80f-4558-beac-8887750652e3.
2020-09-23T20:04:38.789542654Z  [2020-09-23T20:04:38Z INFO  dt_instance] d0a71d84-b80f-4558-beac-8887750652e3 "35 a9EApFswfw8fEuzsOtVDLw3gjyI5BZDcm8JtLYi4OOLkeoIKOTONrPX8YWqqp"
2020-09-23T20:04:38.802443072Z  [2020-09-23T20:04:38Z INFO  dt_instance] Inserted data for source d0a71d84-b80f-4558-beac-8887750652e3.
2020-09-23T20:04:38.853360233Z  [2020-09-23T20:04:38Z INFO  dt_instance] d0a71d84-b80f-4558-beac-8887750652e3 "36 bX3YF3aMCZpvKPBW8h9I51tqO30o0zFonu1MY2y1obphUDSSoghGaZzNTrlIS"
2020-09-23T20:04:38.870608483Z  [2020-09-23T20:04:38Z INFO  dt_instance] Inserted data for source d0a71d84-b80f-4558-beac-8887750652e3.
2020-09-23T20:04:38.922559984Z  [2020-09-23T20:04:38Z INFO  dt_instance] d0a71d84-b80f-4558-beac-8887750652e3 "37 PQkINgikwyDuw3nCgpZ3OXdVAKBxvpXeEzGsLJPaedzEluYdi7rNVUr38bnEj"
2020-09-23T20:04:38.937281303Z  [2020-09-23T20:04:38Z INFO  dt_instance] Inserted data for source d0a71d84-b80f-4558-beac-8887750652e3.
2020-09-23T20:04:38.988809827Z  [2020-09-23T20:04:38Z INFO  dt_instance] d0a71d84-b80f-4558-beac-8887750652e3 "38 Q648tXqGs3lSB9q2kTWubBI3fHwXu8inexq1ZEXtiQNQz1R2x0tSOH9NRFowD"
2020-09-23T20:04:39.001685363Z  [2020-09-23T20:04:39Z INFO  dt_instance] Inserted data for source d0a71d84-b80f-4558-beac-8887750652e3.
2020-09-23T20:04:39.053760586Z  [2020-09-23T20:04:39Z INFO  dt_instance] d0a71d84-b80f-4558-beac-8887750652e3 "39 EODc6xzOxyY9Qft8nr7sUdA1eEdyiAyMf7DcgwSJSVQEnmo561wdditcxiPji"
2020-09-23T20:04:39.063114149Z  [2020-09-23T20:04:39Z INFO  dt_instance] Inserted data for source d0a71d84-b80f-4558-beac-8887750652e3.
2020-09-23T20:04:39.116123500Z  [2020-09-23T20:04:39Z INFO  dt_instance] d0a71d84-b80f-4558-beac-8887750652e3 "40 Nq0clMUAFWBS9n830jGGNPY3DBgbTv5rdwvSApk3zXpVcWIrJRsilD3rWKea3"
2020-09-23T20:04:39.134466817Z  [2020-09-23T20:04:39Z INFO  dt_instance] Inserted data for source d0a71d84-b80f-4558-beac-8887750652e3.
2020-09-23T20:04:39.186659107Z  [2020-09-23T20:04:39Z INFO  dt_instance] d0a71d84-b80f-4558-beac-8887750652e3 "41 iUebAD9H9s8a5Hy0OxalybXM0WNNWc7a8DDB3MjUaHVLinQZydEDPrTjGdH1J"
2020-09-23T20:04:39.205064812Z  [2020-09-23T20:04:39Z INFO  dt_instance] Inserted data for source d0a71d84-b80f-4558-beac-8887750652e3.
2020-09-23T20:04:39.257144493Z  [2020-09-23T20:04:39Z INFO  dt_instance] d0a71d84-b80f-4558-beac-8887750652e3 "42 o0u4wmK9EnD2XWPunsq9QJalXZnIY85WSIM4JuzfeSDYhwsZgmFxvFwM2EMuy"
2020-09-23T20:04:39.272697076Z  [2020-09-23T20:04:39Z INFO  dt_instance] Inserted data for source d0a71d84-b80f-4558-beac-8887750652e3.
2020-09-23T20:04:39.325586639Z  [2020-09-23T20:04:39Z INFO  dt_instance] d0a71d84-b80f-4558-beac-8887750652e3 "43 2Lkh7uNVnAxADuO93x0UFJu7Lpslw4Jb2uIaNwR3TdoIEvZ6VYfw1TyNIut5W"
2020-09-23T20:04:39.337916910Z  [2020-09-23T20:04:39Z INFO  dt_instance] Inserted data for source d0a71d84-b80f-4558-beac-8887750652e3.
2020-09-23T20:04:39.390511699Z  [2020-09-23T20:04:39Z INFO  dt_instance] d0a71d84-b80f-4558-beac-8887750652e3 "44 7AOpAYj8Jvw77lLf1Y8T1Lsw9MljCld2sEz3yIkCJppcyFzmm9NOYwsA2M8qn"
2020-09-23T20:04:39.410984288Z  [2020-09-23T20:04:39Z INFO  dt_instance] Inserted data for source d0a71d84-b80f-4558-beac-8887750652e3.
2020-09-23T20:04:39.463061796Z  [2020-09-23T20:04:39Z INFO  dt_instance] d0a71d84-b80f-4558-beac-8887750652e3 "45 sy4cEuG2hMqf2cmH0gAHGaJMJKMGiStaogBHi7mv1DUoaeIYvyRg36wPqNAvG"
2020-09-23T20:04:39.488135372Z  [2020-09-23T20:04:39Z INFO  dt_instance] Inserted data for source d0a71d84-b80f-4558-beac-8887750652e3.
2020-09-23T20:04:39.540546089Z  [2020-09-23T20:04:39Z INFO  dt_instance] d0a71d84-b80f-4558-beac-8887750652e3 "46 PSBMMyyoqRDwuGrOwzXmj57VxXKE0JWqftmJNBoueNbswWRaUjTolngO2KyB9"
2020-09-23T20:04:39.565987496Z  [2020-09-23T20:04:39Z INFO  dt_instance] Inserted data for source d0a71d84-b80f-4558-beac-8887750652e3.
2020-09-23T20:04:39.617914457Z  [2020-09-23T20:04:39Z ERROR dt_instance] Unhandled incoming.
2020-09-23T20:04:39.668612690Z  [2020-09-23T20:04:39Z INFO  dt_instance] d0a71d84-b80f-4558-beac-8887750652e3 "47 FcfCvRg0NNx9FtgOkZtlJfQYhnGodK86KYAIcIDvg4mp4N5aY1gPyjt75MIrr"
2020-09-23T20:04:39.679444577Z  [2020-09-23T20:04:39Z INFO  dt_instance] Inserted data for source d0a71d84-b80f-4558-beac-8887750652e3.
2020-09-23T20:04:39.731738317Z  [2020-09-23T20:04:39Z INFO  dt_instance] d0a71d84-b80f-4558-beac-8887750652e3 "48 7aCuwbKVsaSAWjX6PVhdaDgcdJuy0cIu1ceCaSukaZaZD23OEvN3Guzm3vaxe"
2020-09-23T20:04:39.764499216Z  [2020-09-23T20:04:39Z INFO  dt_instance] Inserted data for source d0a71d84-b80f-4558-beac-8887750652e3.
2020-09-23T20:04:39.815384652Z  [2020-09-23T20:04:39Z INFO  dt_instance] d0a71d84-b80f-4558-beac-8887750652e3 "49 qj8SRaabO74Q07M4xJPc6vBNMfhvy6NzfgHj6MFDGayucTmGl5ivJwOglVfQJ"
2020-09-23T20:04:39.841071017Z  [2020-09-23T20:04:39Z INFO  dt_instance] Inserted data for source d0a71d84-b80f-4558-beac-8887750652e3.
2020-09-23T20:04:39.893281978Z  [2020-09-23T20:04:39Z INFO  dt_instance] d0a71d84-b80f-4558-beac-8887750652e3 "50 2FhePq8tgspOPJgIzpPza2hyvqgL9fNACHetjvdwsqX5CSRPwolTUCUmLTNGM"
2020-09-23T20:04:39.920587302Z  [2020-09-23T20:04:39Z INFO  dt_instance] Inserted data for source d0a71d84-b80f-4558-beac-8887750652e3.
2020-09-23T20:04:39.972621350Z  [2020-09-23T20:04:39Z INFO  dt_instance] d0a71d84-b80f-4558-beac-8887750652e3 "51 TAfhd5RQWy1WVPLBlUvMeHQSR0tssxwCEhuuxUhd2jxwxiqiglMzlwbW8dHwz"
2020-09-23T20:04:39.991883858Z  [2020-09-23T20:04:39Z INFO  dt_instance] Inserted data for source d0a71d84-b80f-4558-beac-8887750652e3.
2020-09-23T20:04:40.043907837Z  [2020-09-23T20:04:40Z INFO  dt_instance] d0a71d84-b80f-4558-beac-8887750652e3 "52 JwHl0WhTVnuBWH3Djh4ypKMokHsNz5TZdwAgUCyCFYYAOoFaNtoj6ktdyIOsy"
2020-09-23T20:04:40.060282186Z  [2020-09-23T20:04:40Z INFO  dt_instance] Inserted data for source d0a71d84-b80f-4558-beac-8887750652e3.
2020-09-23T20:04:40.112169486Z  [2020-09-23T20:04:40Z INFO  dt_instance] d0a71d84-b80f-4558-beac-8887750652e3 "53 Er13Vd5C5TsFI6nRoaDHjW5bwLI8B6FvcbnKoyWn85JUOdIhkPgAXeRzitFn7"
2020-09-23T20:04:40.125339011Z  [2020-09-23T20:04:40Z INFO  dt_instance] Inserted data for source d0a71d84-b80f-4558-beac-8887750652e3.
2020-09-23T20:04:40.176667317Z  [2020-09-23T20:04:40Z INFO  dt_instance] d0a71d84-b80f-4558-beac-8887750652e3 "54 o7i52ZB5R18MpEzMRIRo5QcxCngq5169utmefx7HsqUMO9TKbr8apNX6sVFNt"
2020-09-23T20:04:40.187731311Z  [2020-09-23T20:04:40Z INFO  dt_instance] Inserted data for source d0a71d84-b80f-4558-beac-8887750652e3.
2020-09-23T20:04:40.239591672Z  [2020-09-23T20:04:40Z INFO  dt_instance] d0a71d84-b80f-4558-beac-8887750652e3 "55 51DLkdtcQF9ku4pIEHYkBWDZtm10KbhqmvJO87e68jn0wiGC9GIcRoNvxoUdA"
2020-09-23T20:04:40.254117957Z  [2020-09-23T20:04:40Z INFO  dt_instance] Inserted data for source d0a71d84-b80f-4558-beac-8887750652e3.
2020-09-23T20:04:40.305356999Z  [2020-09-23T20:04:40Z INFO  dt_instance] d0a71d84-b80f-4558-beac-8887750652e3 "56 95ROevICSpDvmrBYfYG7EyYu16766QZHTKBpjDjiG088GmEYLkxBbQ6tA4ShG"
2020-09-23T20:04:40.316415711Z  [2020-09-23T20:04:40Z INFO  dt_instance] Inserted data for source d0a71d84-b80f-4558-beac-8887750652e3.
2020-09-23T20:04:40.368235534Z  [2020-09-23T20:04:40Z INFO  dt_instance] d0a71d84-b80f-4558-beac-8887750652e3 "57 L36EA8tP7tw5C6E3g5RnIahSqgC29HyZTe6QweqDvyfE42dJQ9iMoBCXiwcdn"
2020-09-23T20:04:40.385523010Z  [2020-09-23T20:04:40Z INFO  dt_instance] Inserted data for source d0a71d84-b80f-4558-beac-8887750652e3.
2020-09-23T20:04:40.437442880Z  [2020-09-23T20:04:40Z INFO  dt_instance] d0a71d84-b80f-4558-beac-8887750652e3 "58 zCzOa8QGACfPAUbjPIRpUp7xMxy1vB0rldVSXrP7R9y1tHbfYkvtlSomKJG0a"
2020-09-23T20:04:40.449992542Z  [2020-09-23T20:04:40Z INFO  dt_instance] Inserted data for source d0a71d84-b80f-4558-beac-8887750652e3.
2020-09-23T20:04:40.502063998Z  [2020-09-23T20:04:40Z INFO  dt_instance] d0a71d84-b80f-4558-beac-8887750652e3 "59 LtBNTYcbigMxwC43rhgPSOh6TVHxBU6bJ0LmNN3cFtx97vngegbyKMFTUgCTJ"
2020-09-23T20:04:40.511905160Z  [2020-09-23T20:04:40Z INFO  dt_instance] Inserted data for source d0a71d84-b80f-4558-beac-8887750652e3.
2020-09-23T20:04:40.563897636Z  [2020-09-23T20:04:40Z INFO  dt_instance] d0a71d84-b80f-4558-beac-8887750652e3 "60 gXYs0QtLXf7INbVOWRMXlha0HJMVSMxQCayAXlh54t6IJLLXsItN9pfwoHGfq"
2020-09-23T20:04:40.578735947Z  [2020-09-23T20:04:40Z INFO  dt_instance] Inserted data for source d0a71d84-b80f-4558-beac-8887750652e3.
2020-09-23T20:04:40.631083964Z  [2020-09-23T20:04:40Z INFO  dt_instance] d0a71d84-b80f-4558-beac-8887750652e3 "61 PsKX5YQ1pe02EL4ucaCRxfBYxupybJDZUxKA30Yaf0RNBKjvPcGyOmmDlQgxf"
2020-09-23T20:04:40.646119443Z  [2020-09-23T20:04:40Z INFO  dt_instance] Inserted data for source d0a71d84-b80f-4558-beac-8887750652e3.
2020-09-23T20:04:40.699156371Z  [2020-09-23T20:04:40Z INFO  dt_instance] d0a71d84-b80f-4558-beac-8887750652e3 "62 pV8L10Ilq4J2AZjTehJZfu6eH9PIfD9VDttl3MTraZWxmnE4qz6QThWELs6po"
2020-09-23T20:04:40.716364286Z  [2020-09-23T20:04:40Z INFO  dt_instance] Inserted data for source d0a71d84-b80f-4558-beac-8887750652e3.
2020-09-23T20:04:40.768853616Z  [2020-09-23T20:04:40Z INFO  dt_instance] d0a71d84-b80f-4558-beac-8887750652e3 "63 cMlhNJg656dcBsslrCA3mKuwYW5qjzjQ3jXm39uDX0AlE8gr4j2pnYlOnFpfS"
2020-09-23T20:04:40.787931908Z  [2020-09-23T20:04:40Z INFO  dt_instance] Inserted data for source d0a71d84-b80f-4558-beac-8887750652e3.
2020-09-23T20:04:40.840138018Z  [2020-09-23T20:04:40Z INFO  dt_instance] d0a71d84-b80f-4558-beac-8887750652e3 "64 OrWxIMz0Sw1tKa2Jlof7GAInQB3UtRVocHDu4Eyq5DDnHB7M70rl8Mm3iubOc"
2020-09-23T20:04:40.864323427Z  [2020-09-23T20:04:40Z INFO  dt_instance] Inserted data for source d0a71d84-b80f-4558-beac-8887750652e3.
2020-09-23T20:04:40.915308115Z  [2020-09-23T20:04:40Z INFO  dt_instance] d0a71d84-b80f-4558-beac-8887750652e3 "65 tKZvysX4BPcf31prMz6OqfY1zUWePqpfo1kT03hKowkWiq0wKuiNrl9N10Zt7"
2020-09-23T20:04:40.935573812Z  [2020-09-23T20:04:40Z INFO  dt_instance] Inserted data for source d0a71d84-b80f-4558-beac-8887750652e3.
2020-09-23T20:04:40.988235487Z  [2020-09-23T20:04:40Z INFO  dt_instance] d0a71d84-b80f-4558-beac-8887750652e3 "66 9znswrLw3lYjwmeMzYrX2yULHO1jqhdOLTWbcPRruPOXYMEzyH3FhMdPlk9rL"
2020-09-23T20:04:41.014775800Z  [2020-09-23T20:04:41Z INFO  dt_instance] Inserted data for source d0a71d84-b80f-4558-beac-8887750652e3.
2020-09-23T20:04:41.068906155Z  [2020-09-23T20:04:41Z INFO  dt_instance] d0a71d84-b80f-4558-beac-8887750652e3 "67 lAIePmRXjtsuuRaAIrYEC9ykfCKs1ka8caLLisAAl192BOJv9COdxScBWb2P8"
2020-09-23T20:04:41.088729810Z  [2020-09-23T20:04:41Z INFO  dt_instance] Inserted data for source d0a71d84-b80f-4558-beac-8887750652e3.
2020-09-23T20:04:41.140681878Z  [2020-09-23T20:04:41Z INFO  dt_instance] d0a71d84-b80f-4558-beac-8887750652e3 "68 4I3L36D1xQH8aoJYCac24k1LOmK0eHvfoobbM3ntgjhIa89lFliI6dc7rXJK9"
2020-09-23T20:04:41.154614182Z  [2020-09-23T20:04:41Z INFO  dt_instance] Inserted data for source d0a71d84-b80f-4558-beac-8887750652e3.
2020-09-23T20:04:41.206611807Z  [2020-09-23T20:04:41Z INFO  dt_instance] d0a71d84-b80f-4558-beac-8887750652e3 "69 my4H0SeEvqaVAtW9K5XKNYoKgORoGYFgJkFYGuQGMOsXJ2p4ycMNBjDJzfel2"
2020-09-23T20:04:41.232189544Z  [2020-09-23T20:04:41Z INFO  dt_instance] Inserted data for source d0a71d84-b80f-4558-beac-8887750652e3.
2020-09-23T20:04:41.284458064Z  [2020-09-23T20:04:41Z INFO  dt_instance] d0a71d84-b80f-4558-beac-8887750652e3 "70 QoEhZaKyTm1sMWdOGWegokBiIs6kz9FghC8vPs9oteY8Pp2bqjPgA9dbKfclV"
2020-09-23T20:04:41.297732787Z  [2020-09-23T20:04:41Z INFO  dt_instance] Inserted data for source d0a71d84-b80f-4558-beac-8887750652e3.
2020-09-23T20:04:41.349617036Z  [2020-09-23T20:04:41Z INFO  dt_instance] d0a71d84-b80f-4558-beac-8887750652e3 "71 mkdG4K5p6stJJGydpANubXY60BNmpMBxyf38H0w3HAlvI5oiasPS0PXpCGRV9"
2020-09-23T20:04:41.370460478Z  [2020-09-23T20:04:41Z INFO  dt_instance] Inserted data for source d0a71d84-b80f-4558-beac-8887750652e3.
2020-09-23T20:04:41.421282132Z  [2020-09-23T20:04:41Z INFO  dt_instance] d0a71d84-b80f-4558-beac-8887750652e3 "72 aVnSemFj8WznfLIrhldQOV7mI5sjV0t0NOI8ptakY5N4IUESb4ra04VsWwrPA"
2020-09-23T20:04:41.446037098Z  [2020-09-23T20:04:41Z INFO  dt_instance] Inserted data for source d0a71d84-b80f-4558-beac-8887750652e3.
2020-09-23T20:04:41.497965214Z  [2020-09-23T20:04:41Z INFO  dt_instance] d0a71d84-b80f-4558-beac-8887750652e3 "73 6TSWk3Pp6zjY9Lvvea4FXKEue8JuRL0rtVYkIKLhDbFLc1UcMOM8NCSGcGzPU"
2020-09-23T20:04:41.518046367Z  [2020-09-23T20:04:41Z INFO  dt_instance] Inserted data for source d0a71d84-b80f-4558-beac-8887750652e3.
2020-09-23T20:04:41.569860715Z  [2020-09-23T20:04:41Z INFO  dt_instance] d0a71d84-b80f-4558-beac-8887750652e3 "74 PEjR3l422HkgJfnr582FMOvTL6hMolTdlmFuEpZw2YEi4p6kU6kf7lXnGvYC7"
2020-09-23T20:04:41.585322136Z  [2020-09-23T20:04:41Z INFO  dt_instance] Inserted data for source d0a71d84-b80f-4558-beac-8887750652e3.
2020-09-23T20:04:41.637228859Z  [2020-09-23T20:04:41Z INFO  dt_instance] d0a71d84-b80f-4558-beac-8887750652e3 "75 6kcx4fuNlSQuLColptvql9AprrxYn7gkDhg75xGASYH1dI8ltVeAYiuk6xzQL"
2020-09-23T20:04:41.654836006Z  [2020-09-23T20:04:41Z INFO  dt_instance] Inserted data for source d0a71d84-b80f-4558-beac-8887750652e3.
2020-09-23T20:04:41.707274669Z  [2020-09-23T20:04:41Z INFO  dt_instance] d0a71d84-b80f-4558-beac-8887750652e3 "76 npE6RYHKyniJWTdOwMS9tatSkyyQgVthTyf8oaVvthQi8BoNOywO5tNHmqD4d"
2020-09-23T20:04:41.724292348Z  [2020-09-23T20:04:41Z INFO  dt_instance] Inserted data for source d0a71d84-b80f-4558-beac-8887750652e3.
2020-09-23T20:04:41.776266049Z  [2020-09-23T20:04:41Z INFO  dt_instance] d0a71d84-b80f-4558-beac-8887750652e3 "77 CDpHoYytx7k2TUcfFgEdAquu2LNfM0tgMsy3imZWmbV5Stp0KV30P4WRWxyey"
2020-09-23T20:04:41.792288084Z  [2020-09-23T20:04:41Z INFO  dt_instance] Inserted data for source d0a71d84-b80f-4558-beac-8887750652e3.
2020-09-23T20:04:41.844235439Z  [2020-09-23T20:04:41Z INFO  dt_instance] d0a71d84-b80f-4558-beac-8887750652e3 "78 tESHWheTdwsiBJFye3VwoXZmCe52E3WdYwLhvBiRsaCX93q51rcE9zpe6NXLB"
2020-09-23T20:04:41.862144395Z  [2020-09-23T20:04:41Z INFO  dt_instance] Inserted data for source d0a71d84-b80f-4558-beac-8887750652e3.
2020-09-23T20:04:41.914278113Z  [2020-09-23T20:04:41Z INFO  dt_instance] d0a71d84-b80f-4558-beac-8887750652e3 "79 slFhUhG6XowQ9LlA4N04NlfQaxHa9OoFPYt0kyjrhMpXVD4Qw7AJXrvHuGJTB"
2020-09-23T20:04:41.934150974Z  [2020-09-23T20:04:41Z INFO  dt_instance] Inserted data for source d0a71d84-b80f-4558-beac-8887750652e3.
2020-09-23T20:04:41.986163852Z  [2020-09-23T20:04:41Z INFO  dt_instance] d0a71d84-b80f-4558-beac-8887750652e3 "80 XkQVGSfFZLhAn1vMB8VNJjtJq3coSb4mwtTAPqHvm6sVrx8jRLCKc97Nxmn8k"
2020-09-23T20:04:42.003030497Z  [2020-09-23T20:04:42Z INFO  dt_instance] Inserted data for source d0a71d84-b80f-4558-beac-8887750652e3.
2020-09-23T20:04:42.055038163Z  [2020-09-23T20:04:42Z INFO  dt_instance] d0a71d84-b80f-4558-beac-8887750652e3 "81 DatwHhKMJIHPSNMcMqioEb0kqzmQbYOLRIRsL8lZvvciWBYyY0GpzTjYDkeSh"
2020-09-23T20:04:42.076242655Z  [2020-09-23T20:04:42Z INFO  dt_instance] Inserted data for source d0a71d84-b80f-4558-beac-8887750652e3.
2020-09-23T20:04:42.127531152Z  [2020-09-23T20:04:42Z INFO  dt_instance] d0a71d84-b80f-4558-beac-8887750652e3 "82 NZpDG11ZjLui5oIzczdTvAtu5SKuCSxJd6ATxIreLAmc9bFw9TkwUllmOzouo"
2020-09-23T20:04:42.150315736Z  [2020-09-23T20:04:42Z INFO  dt_instance] Inserted data for source d0a71d84-b80f-4558-beac-8887750652e3.
2020-09-23T20:04:42.203097611Z  [2020-09-23T20:04:42Z INFO  dt_instance] d0a71d84-b80f-4558-beac-8887750652e3 "83 OkJZsp8bSaoFFDJgUAJx8FO0uQev2g0ijhZlS1HZmHxUPkfx2SJJ6iqvhAB4b"
2020-09-23T20:04:42.223115662Z  [2020-09-23T20:04:42Z INFO  dt_instance] Inserted data for source d0a71d84-b80f-4558-beac-8887750652e3.
2020-09-23T20:04:42.274332807Z  [2020-09-23T20:04:42Z INFO  dt_instance] d0a71d84-b80f-4558-beac-8887750652e3 "84 LTrJwIjWoKyfS18dvYykq0vefz5fIBPLXdY676rGzJd951RrH9fpTZE7Xq6m3"
2020-09-23T20:04:42.292085290Z  [2020-09-23T20:04:42Z INFO  dt_instance] Inserted data for source d0a71d84-b80f-4558-beac-8887750652e3.
2020-09-23T20:04:42.344370705Z  [2020-09-23T20:04:42Z INFO  dt_instance] d0a71d84-b80f-4558-beac-8887750652e3 "85 LRv9UP9gjbtRyPzm3x4XSlbwZNqMekm3opVerQbshM8nQGxfFfJfsWPxJVxrR"
2020-09-23T20:04:42.370093082Z  [2020-09-23T20:04:42Z INFO  dt_instance] Inserted data for source d0a71d84-b80f-4558-beac-8887750652e3.
2020-09-23T20:04:42.422914300Z  [2020-09-23T20:04:42Z INFO  dt_instance] d0a71d84-b80f-4558-beac-8887750652e3 "86 mgwR36EaZRqcD8n1eVtunXdaIDiGFWtQP01sSqv4OoXgOSVGeFVS3oMFlNt9U"
2020-09-23T20:04:42.442514990Z  [2020-09-23T20:04:42Z INFO  dt_instance] Inserted data for source d0a71d84-b80f-4558-beac-8887750652e3.
2020-09-23T20:04:42.494698354Z  [2020-09-23T20:04:42Z INFO  dt_instance] d0a71d84-b80f-4558-beac-8887750652e3 "87 aJu06KYeQoKOn49I0Rx5as2Z2W61CygPP7lLUVK7d4TLQVJUsOiAwemxPtp3x"
2020-09-23T20:04:42.515049338Z  [2020-09-23T20:04:42Z INFO  dt_instance] Inserted data for source d0a71d84-b80f-4558-beac-8887750652e3.
2020-09-23T20:04:42.566902945Z  [2020-09-23T20:04:42Z INFO  dt_instance] d0a71d84-b80f-4558-beac-8887750652e3 "88 BiKVwJuyVqrG2wuiYZSJmaFKF1eWNNoyAb5JtLj4SkY9eyhcgw468MXKbbiAQ"
2020-09-23T20:04:42.583967475Z  [2020-09-23T20:04:42Z INFO  dt_instance] Inserted data for source d0a71d84-b80f-4558-beac-8887750652e3.
2020-09-23T20:04:42.636003841Z  [2020-09-23T20:04:42Z INFO  dt_instance] d0a71d84-b80f-4558-beac-8887750652e3 "89 kTMJaJLRpDOOhkVfaFBN4XNH4kJ3A16WuOT8qJShWlo5r0FzL5hJbj80GVnzQ"
2020-09-23T20:04:42.656681147Z  [2020-09-23T20:04:42Z INFO  dt_instance] Inserted data for source d0a71d84-b80f-4558-beac-8887750652e3.
2020-09-23T20:04:42.708761259Z  [2020-09-23T20:04:42Z INFO  dt_instance] d0a71d84-b80f-4558-beac-8887750652e3 "90 JfHpy01cElFrVVz0mmW3gRbGWDs8KX8zE43KtXpM70kYzZnjb251C1UqtHGnL"
2020-09-23T20:04:42.730520894Z  [2020-09-23T20:04:42Z INFO  dt_instance] Inserted data for source d0a71d84-b80f-4558-beac-8887750652e3.
2020-09-23T20:04:42.782715879Z  [2020-09-23T20:04:42Z INFO  dt_instance] d0a71d84-b80f-4558-beac-8887750652e3 "91 QJzgArFS8axOmBvLtooVT22BaV5WJjzypxJduYD37SnTr0kajYL7II9vwpUlG"
2020-09-23T20:04:42.805771463Z  [2020-09-23T20:04:42Z INFO  dt_instance] Inserted data for source d0a71d84-b80f-4558-beac-8887750652e3.
2020-09-23T20:04:42.858058486Z  [2020-09-23T20:04:42Z INFO  dt_instance] d0a71d84-b80f-4558-beac-8887750652e3 "92 tC7xW3HjMjB6Adjsghc2veNVOJLlqTB3YXPDUkLkXA2SsGCsQ3bCUr4IZ4UXw"
2020-09-23T20:04:42.884595755Z  [2020-09-23T20:04:42Z INFO  dt_instance] Inserted data for source d0a71d84-b80f-4558-beac-8887750652e3.
2020-09-23T20:04:42.937309633Z  [2020-09-23T20:04:42Z INFO  dt_instance] d0a71d84-b80f-4558-beac-8887750652e3 "93 XVCb3OHkkYK04Eng3roIDNOiK7dLQOdwFlVWgdXizvPEUGgzncnJH9f8iIj6k"
2020-09-23T20:04:42.956232684Z  [2020-09-23T20:04:42Z INFO  dt_instance] Inserted data for source d0a71d84-b80f-4558-beac-8887750652e3.
2020-09-23T20:04:43.009608748Z  [2020-09-23T20:04:43Z INFO  dt_instance] d0a71d84-b80f-4558-beac-8887750652e3 "94 gGj2yy5njIWDoL8nnOfTbTBNErelsv8VhO9qV1Gz2bfLqAvrM2OrV2FL16khP"
2020-09-23T20:04:43.027692284Z  [2020-09-23T20:04:43Z INFO  dt_instance] Inserted data for source d0a71d84-b80f-4558-beac-8887750652e3.
2020-09-23T20:04:43.079873903Z  [2020-09-23T20:04:43Z INFO  dt_instance] d0a71d84-b80f-4558-beac-8887750652e3 "95 hRcbiCiRlBYnbBWEv2PEyuYKF713cHf4qmC4CrY0CZo9TwswYxdDzB9NOawxy"
2020-09-23T20:04:43.104698302Z  [2020-09-23T20:04:43Z INFO  dt_instance] Inserted data for source d0a71d84-b80f-4558-beac-8887750652e3.
2020-09-23T20:04:43.156899638Z  [2020-09-23T20:04:43Z INFO  dt_instance] d0a71d84-b80f-4558-beac-8887750652e3 "96 k3g8juVY5g0M6MmzR5Is7wLN100F1zlRbhzfodUmFVSJKXKLFMwvFbmqs36gG"
2020-09-23T20:04:43.174815926Z  [2020-09-23T20:04:43Z INFO  dt_instance] Inserted data for source d0a71d84-b80f-4558-beac-8887750652e3.
2020-09-23T20:04:43.226914266Z  [2020-09-23T20:04:43Z INFO  dt_instance] d0a71d84-b80f-4558-beac-8887750652e3 "97 T0Vnrwp0N8MJPzgmA7TwzEjUvcfUZeaTZJ6LjIBV4BZ5PkzWeIEf8BH7IQYcc"
2020-09-23T20:04:43.247062965Z  [2020-09-23T20:04:43Z INFO  dt_instance] Inserted data for source d0a71d84-b80f-4558-beac-8887750652e3.
2020-09-23T20:04:43.298994481Z  [2020-09-23T20:04:43Z INFO  dt_instance] d0a71d84-b80f-4558-beac-8887750652e3 "98 3i8HdXSCOU435OXvRke0gApv7eoAz9QLutWp37RuN41B6LJejtjuk6p3WcOYm"
2020-09-23T20:04:43.313419245Z  [2020-09-23T20:04:43Z INFO  dt_instance] Inserted data for source d0a71d84-b80f-4558-beac-8887750652e3.
2020-09-23T20:04:43.365768949Z  [2020-09-23T20:04:43Z INFO  dt_instance] d0a71d84-b80f-4558-beac-8887750652e3 "99 HnE7x7VaLbIlygjrLA5wXJIraebxEwsIdBUEKWSHsBmDj4gRVs7CcSAINE5Hx"
2020-09-23T20:04:43.385911710Z  [2020-09-23T20:04:43Z INFO  dt_instance] Inserted data for source d0a71d84-b80f-4558-beac-8887750652e3.
2020-09-23T20:04:43.438088305Z  [2020-09-23T20:04:43Z INFO  dt_instance] d0a71d84-b80f-4558-beac-8887750652e3 "100 q2jdh3VhXLRsjmBSARdzP7VMCQQVQMsTfw1xWldUMqk4MJx6KwOh8VKWTT3g"
2020-09-23T20:04:43.459146742Z  [2020-09-23T20:04:43Z INFO  dt_instance] Inserted data for source d0a71d84-b80f-4558-beac-8887750652e3.
2020-09-23T20:04:43.511112178Z  [2020-09-23T20:04:43Z INFO  dt_instance] d0a71d84-b80f-4558-beac-8887750652e3 "101 RCYLdM5mzLc5K5KlLacck0bHY03rcjqMbxsuIOWQiAazhSiQc3gWry6mwWBO"
2020-09-23T20:04:43.527906082Z  [2020-09-23T20:04:43Z INFO  dt_instance] Inserted data for source d0a71d84-b80f-4558-beac-8887750652e3.
2020-09-23T20:04:43.580493798Z  [2020-09-23T20:04:43Z INFO  dt_instance] d0a71d84-b80f-4558-beac-8887750652e3 "102 1XG5AF6kyx0HNpLphI7nXOVMBOBGBkwaDwvX3UMBSjStZrtomoqNatlfMybe"
2020-09-23T20:04:43.597242040Z  [2020-09-23T20:04:43Z INFO  dt_instance] Inserted data for source d0a71d84-b80f-4558-beac-8887750652e3.
2020-09-23T20:04:43.649214446Z  [2020-09-23T20:04:43Z INFO  dt_instance] d0a71d84-b80f-4558-beac-8887750652e3 "103 5OK2pycA6un2H1Xspkqlwy5QPbtFsG4XCdRf6Vgqnl6QH6O5cjg3N2VsAN72"
2020-09-23T20:04:43.667880732Z  [2020-09-23T20:04:43Z INFO  dt_instance] Inserted data for source d0a71d84-b80f-4558-beac-8887750652e3.
2020-09-23T20:04:43.719461477Z  [2020-09-23T20:04:43Z INFO  dt_instance] d0a71d84-b80f-4558-beac-8887750652e3 "104 wBfg9KDEShiNPcOIu5VthRw1MTKSm4VAqzq2gCOFUcb0asFQaWZq3qQiUAki"
2020-09-23T20:04:43.735885272Z  [2020-09-23T20:04:43Z INFO  dt_instance] Inserted data for source d0a71d84-b80f-4558-beac-8887750652e3.
2020-09-23T20:04:43.787424367Z  [2020-09-23T20:04:43Z INFO  dt_instance] d0a71d84-b80f-4558-beac-8887750652e3 "105 fmvaSN3XriNXpEhF8xH7L7TO8h7vywW0tyFnySkpdid6c2Ov6PzkPSaq09nm"
2020-09-23T20:04:43.805867736Z  [2020-09-23T20:04:43Z INFO  dt_instance] Inserted data for source d0a71d84-b80f-4558-beac-8887750652e3.
2020-09-23T20:04:43.858221292Z  [2020-09-23T20:04:43Z INFO  dt_instance] d0a71d84-b80f-4558-beac-8887750652e3 "106 A3JdLo7VquSMyCWwddvHvUryvvDC3wWjKSwjMNjAzN7V3bEczdROJKta3C5J"
2020-09-23T20:04:43.871774389Z  [2020-09-23T20:04:43Z INFO  dt_instance] Inserted data for source d0a71d84-b80f-4558-beac-8887750652e3.
2020-09-23T20:04:43.924072250Z  [2020-09-23T20:04:43Z INFO  dt_instance] d0a71d84-b80f-4558-beac-8887750652e3 "107 RtT4n3tyVO6uYzTaJqhJuVXcHJeuwqDYZ6tjQn42YH8N1oymIvEW60sYY3VK"
2020-09-23T20:04:43.945195649Z  [2020-09-23T20:04:43Z INFO  dt_instance] Inserted data for source d0a71d84-b80f-4558-beac-8887750652e3.
2020-09-23T20:04:43.997363715Z  [2020-09-23T20:04:43Z INFO  dt_instance] d0a71d84-b80f-4558-beac-8887750652e3 "108 LQC1HYbFuz4rgLjBrmfKDOtUuooJCedkV5kwH07wLFC3qfbQTH1kflm2atQz"
2020-09-23T20:04:44.013342710Z  [2020-09-23T20:04:44Z INFO  dt_instance] Inserted data for source d0a71d84-b80f-4558-beac-8887750652e3.
2020-09-23T20:04:44.064784917Z  [2020-09-23T20:04:44Z INFO  dt_instance] d0a71d84-b80f-4558-beac-8887750652e3 "109 R8MUCFJObyxlwpWbctBVhnF53S1Qd0RiQndbeQazWZK6FCgj7oD4Ivxezwas"
2020-09-23T20:04:44.083747195Z  [2020-09-23T20:04:44Z INFO  dt_instance] Inserted data for source d0a71d84-b80f-4558-beac-8887750652e3.
2020-09-23T20:04:44.135851809Z  [2020-09-23T20:04:44Z INFO  dt_instance] d0a71d84-b80f-4558-beac-8887750652e3 "110 yc6YiUiOfwHVe9u5vMI3sUO0T4zrrjnbUpsyfkxNE703pjjAO0iVfAaqNhHJ"
2020-09-23T20:04:44.155419545Z  [2020-09-23T20:04:44Z INFO  dt_instance] Inserted data for source d0a71d84-b80f-4558-beac-8887750652e3.
2020-09-23T20:04:44.207551569Z  [2020-09-23T20:04:44Z INFO  dt_instance] d0a71d84-b80f-4558-beac-8887750652e3 "111 FTkG94tVwSCYdIDMGTVDA7Ip3sdBWwFJMJvKWtJMGxwF81J2x4t8e4fWF3RZ"
2020-09-23T20:04:44.228312784Z  [2020-09-23T20:04:44Z INFO  dt_instance] Inserted data for source d0a71d84-b80f-4558-beac-8887750652e3.
2020-09-23T20:04:44.280727411Z  [2020-09-23T20:04:44Z INFO  dt_instance] d0a71d84-b80f-4558-beac-8887750652e3 "112 T6RXx914hZH3ATlM4cJj2w9N9wNXAWaez5f2ZgLw86AFMKCWfmeHkNeoEUeR"
2020-09-23T20:04:44.295530666Z  [2020-09-23T20:04:44Z INFO  dt_instance] Inserted data for source d0a71d84-b80f-4558-beac-8887750652e3.
2020-09-23T20:04:44.346433127Z  [2020-09-23T20:04:44Z INFO  dt_instance] d0a71d84-b80f-4558-beac-8887750652e3 "113 Kmkhl6cDnkRAcmeuCfJcsByTVffKuGS6UjBJkGdLEXdSCofE4gNe1oessbyM"
2020-09-23T20:04:44.362935857Z  [2020-09-23T20:04:44Z INFO  dt_instance] Inserted data for source d0a71d84-b80f-4558-beac-8887750652e3.
2020-09-23T20:04:44.414686478Z  [2020-09-23T20:04:44Z INFO  dt_instance] d0a71d84-b80f-4558-beac-8887750652e3 "114 P2Y3uWPkmM5UKAjMFm3Wki2po79PweTnkRc0DnQIkqSbrOGBrDZyhbaIA5Al"
2020-09-23T20:04:44.431284768Z  [2020-09-23T20:04:44Z INFO  dt_instance] Inserted data for source d0a71d84-b80f-4558-beac-8887750652e3.
2020-09-23T20:04:44.483421735Z  [2020-09-23T20:04:44Z INFO  dt_instance] d0a71d84-b80f-4558-beac-8887750652e3 "115 hbZo4S1fZEf2uOdqPboX0gXyIuMsi1TPqPfMAFcqwYWFSrGBLXv5c6WIqtDL"
2020-09-23T20:04:44.500781136Z  [2020-09-23T20:04:44Z INFO  dt_instance] Inserted data for source d0a71d84-b80f-4558-beac-8887750652e3.
2020-09-23T20:04:44.552606480Z  [2020-09-23T20:04:44Z INFO  dt_instance] d0a71d84-b80f-4558-beac-8887750652e3 "116 2ItWmsSZpdiVaWFeqDP6ki3tLtozcYbr32phIBZ98DBc1YAxulLGiei83IFK"
2020-09-23T20:04:44.572945716Z  [2020-09-23T20:04:44Z INFO  dt_instance] Inserted data for source d0a71d84-b80f-4558-beac-8887750652e3.
2020-09-23T20:04:44.625095412Z  [2020-09-23T20:04:44Z INFO  dt_instance] d0a71d84-b80f-4558-beac-8887750652e3 "117 rjfZkrYN39hbLTnyV9rOq6OHd1YhzaJwAUKmnwEZ3d3HDGBQbYrwybJErKYf"
2020-09-23T20:04:44.642843636Z  [2020-09-23T20:04:44Z INFO  dt_instance] Inserted data for source d0a71d84-b80f-4558-beac-8887750652e3.
2020-09-23T20:04:44.695531088Z  [2020-09-23T20:04:44Z INFO  dt_instance] d0a71d84-b80f-4558-beac-8887750652e3 "118 ZY0vlkzGH2U50I4dmkqjxgPS3LCMAzQRqDTDZ3ablc55SGZkpWpAOAtRnvcb"
2020-09-23T20:04:44.716815179Z  [2020-09-23T20:04:44Z INFO  dt_instance] Inserted data for source d0a71d84-b80f-4558-beac-8887750652e3.
2020-09-23T20:04:44.769267794Z  [2020-09-23T20:04:44Z INFO  dt_instance] d0a71d84-b80f-4558-beac-8887750652e3 "119 NmNXfO3d8E9rXCdcrKHSbKYExAnaTUTPzCh4PrmDt65bM8kgSKV0nORodOJs"
2020-09-23T20:04:44.793939755Z  [2020-09-23T20:04:44Z INFO  dt_instance] Inserted data for source d0a71d84-b80f-4558-beac-8887750652e3.
2020-09-23T20:04:44.848949743Z  [2020-09-23T20:04:44Z INFO  dt_instance] d0a71d84-b80f-4558-beac-8887750652e3 "120 GM1uVSfpIumjUWl7pj78EkuzrVQg4v3sZ70KOGX5YIf5pATT18qxciZonQ99"
2020-09-23T20:04:44.865288441Z  [2020-09-23T20:04:44Z INFO  dt_instance] Inserted data for source d0a71d84-b80f-4558-beac-8887750652e3.
2020-09-23T20:04:44.918036464Z  [2020-09-23T20:04:44Z INFO  dt_instance] d0a71d84-b80f-4558-beac-8887750652e3 "121 r2R9DIRGjdCC8ETQMT1AUymce9ul0BZ2ruGwf6zEh4yK2gUNIAQ8nRrEF9iM"
2020-09-23T20:04:44.936083287Z  [2020-09-23T20:04:44Z INFO  dt_instance] Inserted data for source d0a71d84-b80f-4558-beac-8887750652e3.
2020-09-23T20:04:44.987963221Z  [2020-09-23T20:04:44Z INFO  dt_instance] d0a71d84-b80f-4558-beac-8887750652e3 "122 rgFIO1ip0GYScdcEwIxx1sSdYUsApQFRXqnnp4KgfLyDPbv1hqtU4Wi6w6PX"
2020-09-23T20:04:45.008611239Z  [2020-09-23T20:04:45Z INFO  dt_instance] Inserted data for source d0a71d84-b80f-4558-beac-8887750652e3.
2020-09-23T20:04:45.060497079Z  [2020-09-23T20:04:45Z INFO  dt_instance] d0a71d84-b80f-4558-beac-8887750652e3 "123 3Qbt5ZAoRaitWP6L5y2gc4h7x4BFRFYgrshBX7P7uAH44lXXIWakodMrkTvy"
2020-09-23T20:04:45.084866462Z  [2020-09-23T20:04:45Z INFO  dt_instance] Inserted data for source d0a71d84-b80f-4558-beac-8887750652e3.
2020-09-23T20:04:45.136962886Z  [2020-09-23T20:04:45Z INFO  dt_instance] d0a71d84-b80f-4558-beac-8887750652e3 "124 ge9BYxTSVmBMYF7DHdz5uisCKhYWyHG9st9TPrSqApglhB2aqpx55JIrkD0Q"
2020-09-23T20:04:45.156163340Z  [2020-09-23T20:04:45Z INFO  dt_instance] Inserted data for source d0a71d84-b80f-4558-beac-8887750652e3.
2020-09-23T20:04:45.208290676Z  [2020-09-23T20:04:45Z INFO  dt_instance] d0a71d84-b80f-4558-beac-8887750652e3 "125 JcQsd6bfO1DIRwCo2XjPAKgV4lBuvME9rK3x8NdShNiDBV6iIfRaj3b196FM"
2020-09-23T20:04:45.228637155Z  [2020-09-23T20:04:45Z INFO  dt_instance] Inserted data for source d0a71d84-b80f-4558-beac-8887750652e3.
2020-09-23T20:04:45.280616242Z  [2020-09-23T20:04:45Z INFO  dt_instance] d0a71d84-b80f-4558-beac-8887750652e3 "126 2EsCA4YcJieNjKbn7b4TderfdJGmGYs5xN1LLiw9b3n73E7aAIIMxkGnTOhA"
2020-09-23T20:04:45.298623439Z  [2020-09-23T20:04:45Z INFO  dt_instance] Inserted data for source d0a71d84-b80f-4558-beac-8887750652e3.
2020-09-23T20:04:45.350667844Z  [2020-09-23T20:04:45Z INFO  dt_instance] d0a71d84-b80f-4558-beac-8887750652e3 "127 Ns0aSFjzJo9fcYWXN4ZJyUui4F4xlrnMo1erW6uQOx75gTmg3u2bN3KSqrsc"
2020-09-23T20:04:45.369541659Z  [2020-09-23T20:04:45Z INFO  dt_instance] Inserted data for source d0a71d84-b80f-4558-beac-8887750652e3.
2020-09-23T20:04:45.420473415Z  [2020-09-23T20:04:45Z INFO  dt_instance] d0a71d84-b80f-4558-beac-8887750652e3 "128 Wfs45PtYioyWQyT5ponq4VuZdyygdfLgErAQz5kYz7rOrgbr5GpR4rEBJCsf"
2020-09-23T20:04:46.452347582Z  [2020-09-23T20:04:46Z INFO  dt_instance] Inserted data for source d0a71d84-b80f-4558-beac-8887750652e3.
2020-09-23T20:04:46.503379546Z  [2020-09-23T20:04:46Z INFO  dt_instance] d0a71d84-b80f-4558-beac-8887750652e3 "129 55KKbKMlSzWVWqvmpDnjPSWdklUjVNNFXDlgNxPqKU2ve8v8y7dZ7lDpT1uv"
2020-09-23T20:04:46.511835627Z  [2020-09-23T20:04:46Z INFO  dt_instance] Inserted data for source d0a71d84-b80f-4558-beac-8887750652e3.
2020-09-23T20:04:46.563832582Z  [2020-09-23T20:04:46Z INFO  dt_instance] d0a71d84-b80f-4558-beac-8887750652e3 "130 y2POUd6PTx0YidxzYc7aH17Us3w4xlNs6Packixp9QJBy7p5qp339NYrVfIl"
2020-09-23T20:04:46.573335395Z  [2020-09-23T20:04:46Z INFO  dt_instance] Inserted data for source d0a71d84-b80f-4558-beac-8887750652e3.
2020-09-23T20:04:46.624253343Z  [2020-09-23T20:04:46Z INFO  dt_instance] d0a71d84-b80f-4558-beac-8887750652e3 "131 HYq6s2PhdT2nI43iOt5OKdRNBn9pwEjNRN9qqEQF5fPI6kbha54BTEo6ZZsK"
2020-09-23T20:04:46.640991511Z  [2020-09-23T20:04:46Z INFO  dt_instance] Inserted data for source d0a71d84-b80f-4558-beac-8887750652e3.
2020-09-23T20:04:46.693509299Z  [2020-09-23T20:04:46Z INFO  dt_instance] d0a71d84-b80f-4558-beac-8887750652e3 "132 6zIWS0nyDRlH7KMtO8s4RdOrJ2LfNkMgXEtR36Zhki54Ae9AYeUPnTvLybZV"
2020-09-23T20:04:46.707557773Z  [2020-09-23T20:04:46Z INFO  dt_instance] Inserted data for source d0a71d84-b80f-4558-beac-8887750652e3.
2020-09-23T20:04:46.758363559Z  [2020-09-23T20:04:46Z INFO  dt_instance] d0a71d84-b80f-4558-beac-8887750652e3 "133 aIPSpSue3Sy7o7vT1N1y5AkmaJDUBJNXXppqDVZiZ6vJq04Q7xGvw7gx7fXP"
2020-09-23T20:04:46.780712300Z  [2020-09-23T20:04:46Z INFO  dt_instance] Inserted data for source d0a71d84-b80f-4558-beac-8887750652e3.
2020-09-23T20:04:46.832842234Z  [2020-09-23T20:04:46Z INFO  dt_instance] d0a71d84-b80f-4558-beac-8887750652e3 "134 2zVhEy6XjOqq5ERFLQeJmk1kH0Yf9ZriH5kdscDrQHQXe8uAFEVQiFaqiDaU"
2020-09-23T20:04:46.853012459Z  [2020-09-23T20:04:46Z INFO  dt_instance] Inserted data for source d0a71d84-b80f-4558-beac-8887750652e3.
2020-09-23T20:04:46.905054801Z  [2020-09-23T20:04:46Z INFO  dt_instance] d0a71d84-b80f-4558-beac-8887750652e3 "135 IMHJAxn55AfO7rotoUX79vALDqHe3DyayCM4k0rKiGXew8MvaD1V92wc1AVo"
2020-09-23T20:04:46.925534452Z  [2020-09-23T20:04:46Z INFO  dt_instance] Inserted data for source d0a71d84-b80f-4558-beac-8887750652e3.
2020-09-23T20:04:46.978366549Z  [2020-09-23T20:04:46Z INFO  dt_instance] d0a71d84-b80f-4558-beac-8887750652e3 "136 lGI3yT9huvJxWyGmNWlF54UJfYPxwudh2uO20NcIsGU3IrJ4LFfcRLv9E9Ft"
2020-09-23T20:04:46.992958613Z  [2020-09-23T20:04:46Z INFO  dt_instance] Inserted data for source d0a71d84-b80f-4558-beac-8887750652e3.
2020-09-23T20:04:47.045144096Z  [2020-09-23T20:04:47Z INFO  dt_instance] d0a71d84-b80f-4558-beac-8887750652e3 "137 Q4TtRP6jhvxzUN2dHOTpIrGWTZRQkeH0CiYMktXtrX44vkg2RvJlzQu4G7Ny"
2020-09-23T20:04:47.072573439Z  [2020-09-23T20:04:47Z INFO  dt_instance] Inserted data for source d0a71d84-b80f-4558-beac-8887750652e3.
2020-09-23T20:04:47.124910915Z  [2020-09-23T20:04:47Z INFO  dt_instance] d0a71d84-b80f-4558-beac-8887750652e3 "138 nlnxhwsoCCwAiH50JnQJsI8eopwUix4m2i5fd2A3C894bXDIe7XPd8UFNCSf"
2020-09-23T20:04:47.139891083Z  [2020-09-23T20:04:47Z INFO  dt_instance] Inserted data for source d0a71d84-b80f-4558-beac-8887750652e3.
2020-09-23T20:04:47.192194938Z  [2020-09-23T20:04:47Z INFO  dt_instance] d0a71d84-b80f-4558-beac-8887750652e3 "139 g0FMdOJlJGMM1S6RwHg8Z3BRviG8RcNK0iCiL8OlhxevbM8DVxJP1RaV0gx1"
2020-09-23T20:04:47.209142031Z  [2020-09-23T20:04:47Z INFO  dt_instance] Inserted data for source d0a71d84-b80f-4558-beac-8887750652e3.
2020-09-23T20:04:47.261451384Z  [2020-09-23T20:04:47Z INFO  dt_instance] d0a71d84-b80f-4558-beac-8887750652e3 "140 MPDjONylf4fVU26NoM8mI6hGcsdepqi9w5nLMsdUVO2TJojTVmZ1U4cN57rE"
2020-09-23T20:04:47.282398338Z  [2020-09-23T20:04:47Z INFO  dt_instance] Inserted data for source d0a71d84-b80f-4558-beac-8887750652e3.
2020-09-23T20:04:47.333439230Z  [2020-09-23T20:04:47Z INFO  dt_instance] d0a71d84-b80f-4558-beac-8887750652e3 "141 svITP525XpvHOyyNgUsLjOBxBhMFVm7SD9e0a1Hv8w9AifWdXuvt9y2b2hNp"
2020-09-23T20:04:47.352765379Z  [2020-09-23T20:04:47Z INFO  dt_instance] Inserted data for source d0a71d84-b80f-4558-beac-8887750652e3.
2020-09-23T20:04:47.405604277Z  [2020-09-23T20:04:47Z INFO  dt_instance] d0a71d84-b80f-4558-beac-8887750652e3 "142 BrftqiLt8Ni88S311MOmq2uEgnbosgPpq18ASYyepAygF0uiOleuyc1NIczN"
2020-09-23T20:04:47.420105089Z  [2020-09-23T20:04:47Z INFO  dt_instance] Inserted data for source d0a71d84-b80f-4558-beac-8887750652e3.
2020-09-23T20:04:47.472161292Z  [2020-09-23T20:04:47Z INFO  dt_instance] d0a71d84-b80f-4558-beac-8887750652e3 "143 WnFaQnasFR03jOlIX2fEmSUgk1BUVE4CkVacRMoscJoow4npaj1W0GCLxJsl"
2020-09-23T20:04:47.492893323Z  [2020-09-23T20:04:47Z INFO  dt_instance] Inserted data for source d0a71d84-b80f-4558-beac-8887750652e3.
2020-09-23T20:04:47.545146856Z  [2020-09-23T20:04:47Z INFO  dt_instance] d0a71d84-b80f-4558-beac-8887750652e3 "144 K5Izd0DIDBlic3i756NIIximweiH0XnTVvTnAKB6r5kb2yW6gRvEUxpVZ8Ye"
2020-09-23T20:04:47.564223329Z  [2020-09-23T20:04:47Z INFO  dt_instance] Inserted data for source d0a71d84-b80f-4558-beac-8887750652e3.
2020-09-23T20:04:47.616088644Z  [2020-09-23T20:04:47Z INFO  dt_instance] d0a71d84-b80f-4558-beac-8887750652e3 "145 BWb57TOXDlCHqG84KcWKoZd3MPAhCWd0wzSt7RvjmYkjTgfcJ9fEd956r5yw"
2020-09-23T20:04:47.634119200Z  [2020-09-23T20:04:47Z INFO  dt_instance] Inserted data for source d0a71d84-b80f-4558-beac-8887750652e3.
2020-09-23T20:04:47.686201511Z  [2020-09-23T20:04:47Z INFO  dt_instance] d0a71d84-b80f-4558-beac-8887750652e3 "146 UlBCTdwtV7Hr584Fy7n7MppupEM4dgofNEpra3VSoaNAkM3pxN12nYtqDiNT"
2020-09-23T20:04:47.709205684Z  [2020-09-23T20:04:47Z INFO  dt_instance] Inserted data for source d0a71d84-b80f-4558-beac-8887750652e3.
2020-09-23T20:04:47.761698913Z  [2020-09-23T20:04:47Z INFO  dt_instance] d0a71d84-b80f-4558-beac-8887750652e3 "147 oC52Zf47OBs6PrIZWxkeZfWKVwiOGrKeqohm1bmksWXTlaNBiZF8aiz88ukj"
2020-09-23T20:04:47.780600105Z  [2020-09-23T20:04:47Z INFO  dt_instance] Inserted data for source d0a71d84-b80f-4558-beac-8887750652e3.
2020-09-23T20:04:47.832619194Z  [2020-09-23T20:04:47Z INFO  dt_instance] d0a71d84-b80f-4558-beac-8887750652e3 "148 fooZzu3hSTlbUgQQiLg7HOxjXqa0dbtuF6xQ31KFKtdkvXMz2gwNNMxPPPPc"
2020-09-23T20:04:47.843997983Z  [2020-09-23T20:04:47Z INFO  dt_instance] Inserted data for source d0a71d84-b80f-4558-beac-8887750652e3.
2020-09-23T20:04:47.895907058Z  [2020-09-23T20:04:47Z INFO  dt_instance] d0a71d84-b80f-4558-beac-8887750652e3 "149 fgFkcLOexp2dEljCvkaimDT8C6GnpuXLgmiLDpDAC53dRjd8cBVJEA4eXGIl"
2020-09-23T20:04:47.912611176Z  [2020-09-23T20:04:47Z INFO  dt_instance] Inserted data for source d0a71d84-b80f-4558-beac-8887750652e3.
2020-09-23T20:04:47.964564195Z  [2020-09-23T20:04:47Z INFO  dt_instance] d0a71d84-b80f-4558-beac-8887750652e3 "150 kzS2dAwbCvGAst5noYeblZmm4WwgxGNUpsnoOHIryaAim1oBqV9lHW95KjnW"
2020-09-23T20:04:47.983181241Z  [2020-09-23T20:04:47Z INFO  dt_instance] Inserted data for source d0a71d84-b80f-4558-beac-8887750652e3.
2020-09-23T20:04:48.035339869Z  [2020-09-23T20:04:48Z INFO  dt_instance] d0a71d84-b80f-4558-beac-8887750652e3 "151 NojXCh11MQDkFp2bKmTOslStfvCMFyOw0PaCvbfocsqCewyoaFYC2ppkzyJz"
2020-09-23T20:04:48.051492700Z  [2020-09-23T20:04:48Z INFO  dt_instance] Inserted data for source d0a71d84-b80f-4558-beac-8887750652e3.
2020-09-23T20:04:48.103562923Z  [2020-09-23T20:04:48Z INFO  dt_instance] d0a71d84-b80f-4558-beac-8887750652e3 "152 MDirzbdB6VOM6Z5G3GeNSxkslSpAlUOiKqRss5C4H80TPLsIHu0wiKrIDdOU"
2020-09-23T20:04:48.121872821Z  [2020-09-23T20:04:48Z INFO  dt_instance] Inserted data for source d0a71d84-b80f-4558-beac-8887750652e3.
2020-09-23T20:04:48.173774292Z  [2020-09-23T20:04:48Z INFO  dt_instance] d0a71d84-b80f-4558-beac-8887750652e3 "153 rRK46wLZ1hXdD2OzXgchjny4uHlq9h2xjSiSBpu5fcVTTjAoZ0CsAmk6vcot"
2020-09-23T20:04:48.191147805Z  [2020-09-23T20:04:48Z INFO  dt_instance] Inserted data for source d0a71d84-b80f-4558-beac-8887750652e3.
2020-09-23T20:04:48.242927417Z  [2020-09-23T20:04:48Z INFO  dt_instance] d0a71d84-b80f-4558-beac-8887750652e3 "154 bux0LxL4mkm3rPi9N4MZPD0Nuf6Jo4XIMMuwgT11qt36egLBIsqsIPFBPPK4"
2020-09-23T20:04:48.257640150Z  [2020-09-23T20:04:48Z INFO  dt_instance] Inserted data for source d0a71d84-b80f-4558-beac-8887750652e3.
2020-09-23T20:04:48.309848932Z  [2020-09-23T20:04:48Z INFO  dt_instance] d0a71d84-b80f-4558-beac-8887750652e3 "155 Ayej3j4qVMoJW5t0rful8nALpicdTwsavjZyWhMwY6mwvxYZC3U5Rgmoa6Ga"
2020-09-23T20:04:48.334135580Z  [2020-09-23T20:04:48Z INFO  dt_instance] Inserted data for source d0a71d84-b80f-4558-beac-8887750652e3.
2020-09-23T20:04:48.386378987Z  [2020-09-23T20:04:48Z INFO  dt_instance] d0a71d84-b80f-4558-beac-8887750652e3 "156 vwfNttSRjINRqhIPQXGrcYgFF1lKCjDOnqKk3GAjcoYxChRlyRaSrDMUfwTb"
2020-09-23T20:04:48.402707062Z  [2020-09-23T20:04:48Z INFO  dt_instance] Inserted data for source d0a71d84-b80f-4558-beac-8887750652e3.
2020-09-23T20:04:48.454504793Z  [2020-09-23T20:04:48Z INFO  dt_instance] d0a71d84-b80f-4558-beac-8887750652e3 "157 bqlkzG2oY6dZlFxOGhOUofeMTqIPBwgaWEz6745g2Br876YMaSyQz7RB84zk"
2020-09-23T20:04:48.471536607Z  [2020-09-23T20:04:48Z INFO  dt_instance] Inserted data for source d0a71d84-b80f-4558-beac-8887750652e3.
2020-09-23T20:04:48.523261879Z  [2020-09-23T20:04:48Z INFO  dt_instance] d0a71d84-b80f-4558-beac-8887750652e3 "158 WPoax192sIQRpEkr5TNXH7ES4RM9vBGBdEAfjsHfobN2OrUXJ5xt0eDTyMDt"
2020-09-23T20:04:48.546570323Z  [2020-09-23T20:04:48Z INFO  dt_instance] Inserted data for source d0a71d84-b80f-4558-beac-8887750652e3.
2020-09-23T20:04:48.598497673Z  [2020-09-23T20:04:48Z INFO  dt_instance] d0a71d84-b80f-4558-beac-8887750652e3 "159 WHUWPEEYxTi16SrjKS4QtPUXISGUWbtQpFcHJETRfKOof6K5AkVfn59KYNNl"
2020-09-23T20:04:48.619359214Z  [2020-09-23T20:04:48Z INFO  dt_instance] Inserted data for source d0a71d84-b80f-4558-beac-8887750652e3.
2020-09-23T20:04:48.671369081Z  [2020-09-23T20:04:48Z INFO  dt_instance] d0a71d84-b80f-4558-beac-8887750652e3 "160 UpOvWqSnOBkJFpgExk2tHOi60yiad5biWJ8KA9VETwYyZbDhHkYwA7jDlyqw"
2020-09-23T20:04:48.702652513Z  [2020-09-23T20:04:48Z INFO  dt_instance] Inserted data for source d0a71d84-b80f-4558-beac-8887750652e3.
2020-09-23T20:04:48.754917908Z  [2020-09-23T20:04:48Z INFO  dt_instance] d0a71d84-b80f-4558-beac-8887750652e3 "161 tg3A1WPmlECMyfDo0lqiBfCvu9F2gF35BFH5KQfm6Aaq6bmoNY64ipJX7jD8"
2020-09-23T20:04:48.770354302Z  [2020-09-23T20:04:48Z INFO  dt_instance] Inserted data for source d0a71d84-b80f-4558-beac-8887750652e3.
2020-09-23T20:04:48.821762452Z  [2020-09-23T20:04:48Z INFO  dt_instance] d0a71d84-b80f-4558-beac-8887750652e3 "162 JQ6PgVXn4eBbGJ6GWZXQUhRU1y74HC4fjIFT0VsbJLdIsSnQMxcLGK8OmB8N"
2020-09-23T20:04:48.849700505Z  [2020-09-23T20:04:48Z INFO  dt_instance] Inserted data for source d0a71d84-b80f-4558-beac-8887750652e3.
2020-09-23T20:04:48.901837216Z  [2020-09-23T20:04:48Z INFO  dt_instance] d0a71d84-b80f-4558-beac-8887750652e3 "163 bxOqBjP19Vyd6L1wjuqGFBhrXJEHZ12XkrHEBb6TtzqmlwdIQceiDKbOt7ER"
2020-09-23T20:04:48.920881425Z  [2020-09-23T20:04:48Z INFO  dt_instance] Inserted data for source d0a71d84-b80f-4558-beac-8887750652e3.
2020-09-23T20:04:48.972946723Z  [2020-09-23T20:04:48Z INFO  dt_instance] d0a71d84-b80f-4558-beac-8887750652e3 "164 OBl3sWmAGfo9ve3Wd6PsxYMZcxc2s7PH2VlEmgHAqUuH4uLVm3Ug3vC7jDoH"
2020-09-23T20:04:48.987404561Z  [2020-09-23T20:04:48Z INFO  dt_instance] Inserted data for source d0a71d84-b80f-4558-beac-8887750652e3.
2020-09-23T20:04:49.038419938Z  [2020-09-23T20:04:49Z INFO  dt_instance] d0a71d84-b80f-4558-beac-8887750652e3 "165 miKa5MgJf3kCA1PyxgLyKbVrANcAi5yDTXUXk4tRY421ow51XVl2wIHkFLdK"
2020-09-23T20:04:49.059342855Z  [2020-09-23T20:04:49Z INFO  dt_instance] Inserted data for source d0a71d84-b80f-4558-beac-8887750652e3.
2020-09-23T20:04:49.111280738Z  [2020-09-23T20:04:49Z INFO  dt_instance] d0a71d84-b80f-4558-beac-8887750652e3 "166 S1zA9qEXdDZAVmHVX6iHd2uxBhHccDBobe7afbrykuxDVHRj5q8DRuJO6ZNE"
2020-09-23T20:04:49.130247637Z  [2020-09-23T20:04:49Z INFO  dt_instance] Inserted data for source d0a71d84-b80f-4558-beac-8887750652e3.
2020-09-23T20:04:49.181532443Z  [2020-09-23T20:04:49Z INFO  dt_instance] d0a71d84-b80f-4558-beac-8887750652e3 "167 8yDcFosqz0uX1AAS7GGLBHePdyFZ64Wt9WzsWHHXD4AYgwYNrae59CXNZ1Rp"
2020-09-23T20:04:49.202082928Z  [2020-09-23T20:04:49Z INFO  dt_instance] Inserted data for source d0a71d84-b80f-4558-beac-8887750652e3.
2020-09-23T20:04:49.255036282Z  [2020-09-23T20:04:49Z INFO  dt_instance] d0a71d84-b80f-4558-beac-8887750652e3 "168 SJogQ3rRxJRNM653klVNRcFxHqANdY2DAP9VN0YcwQDyANBQqX1LR3EpeEYq"
2020-09-23T20:04:49.278055747Z  [2020-09-23T20:04:49Z INFO  dt_instance] Inserted data for source d0a71d84-b80f-4558-beac-8887750652e3.
2020-09-23T20:04:49.330353390Z  [2020-09-23T20:04:49Z INFO  dt_instance] d0a71d84-b80f-4558-beac-8887750652e3 "169 w5vaR9d7Cr4t7s81AJpv8wXZGy9ARCO60t4s0fcaXU5P1MpJ2v2TCGdfx46E"
2020-09-23T20:04:49.351520053Z  [2020-09-23T20:04:49Z INFO  dt_instance] Inserted data for source d0a71d84-b80f-4558-beac-8887750652e3.
2020-09-23T20:04:49.403071984Z  [2020-09-23T20:04:49Z INFO  dt_instance] d0a71d84-b80f-4558-beac-8887750652e3 "170 rrLyxIdwS83s4hcyoG3TBbUifPSXi7Ehw1VgUEcOCXl3BCpYvsT7zI1g2KQq"
2020-09-23T20:04:49.421818741Z  [2020-09-23T20:04:49Z INFO  dt_instance] Inserted data for source d0a71d84-b80f-4558-beac-8887750652e3.
2020-09-23T20:04:49.473607500Z  [2020-09-23T20:04:49Z INFO  dt_instance] d0a71d84-b80f-4558-beac-8887750652e3 "171 lVdji3dHJ1LN0nb5PyLD5BOg3K3FE5kWlabMmzodfJq2q5EvMHO1Ot2x98b7"
2020-09-23T20:04:49.495036456Z  [2020-09-23T20:04:49Z INFO  dt_instance] Inserted data for source d0a71d84-b80f-4558-beac-8887750652e3.
2020-09-23T20:04:49.546972457Z  [2020-09-23T20:04:49Z INFO  dt_instance] d0a71d84-b80f-4558-beac-8887750652e3 "172 F6KrSUPis2b0TtV4mWhV8vyyhJarFeWkf95wRu6YrOFscGP3SekWnB9vB66G"
2020-09-23T20:04:49.563900831Z  [2020-09-23T20:04:49Z INFO  dt_instance] Inserted data for source d0a71d84-b80f-4558-beac-8887750652e3.
2020-09-23T20:04:49.616018157Z  [2020-09-23T20:04:49Z INFO  dt_instance] d0a71d84-b80f-4558-beac-8887750652e3 "173 NN2GnE4SG53UoKGcdwkyRcfdpsvOeZpHe12wWcSfTOTlGzqXucRYh3Zjrd1d"
2020-09-23T20:04:49.634237505Z  [2020-09-23T20:04:49Z INFO  dt_instance] Inserted data for source d0a71d84-b80f-4558-beac-8887750652e3.
2020-09-23T20:04:49.685981220Z  [2020-09-23T20:04:49Z INFO  dt_instance] d0a71d84-b80f-4558-beac-8887750652e3 "174 HbK0hHOVS3alsqV4P3bhsyWqZxhmRjJAcTBdBlVkIrWCv8A0U3eYY948VztT"
2020-09-23T20:04:49.704747675Z  [2020-09-23T20:04:49Z INFO  dt_instance] Inserted data for source d0a71d84-b80f-4558-beac-8887750652e3.
2020-09-23T20:04:49.756748923Z  [2020-09-23T20:04:49Z INFO  dt_instance] d0a71d84-b80f-4558-beac-8887750652e3 "175 vG932CuqyMIxPNVvyK97iWZl1CTFI5RFjqpc1OfKdpVJNlURIMhooPtR8lsg"
2020-09-23T20:04:49.772663332Z  [2020-09-23T20:04:49Z INFO  dt_instance] Inserted data for source d0a71d84-b80f-4558-beac-8887750652e3.
2020-09-23T20:04:49.824769776Z  [2020-09-23T20:04:49Z INFO  dt_instance] d0a71d84-b80f-4558-beac-8887750652e3 "176 XUqKwzCQhnAuLEXBz60WDanQqD7diINBrN5pCHdL9vH5uIy66A6E1xV6CjM2"
2020-09-23T20:04:49.842614581Z  [2020-09-23T20:04:49Z INFO  dt_instance] Inserted data for source d0a71d84-b80f-4558-beac-8887750652e3.
2020-09-23T20:04:49.894694627Z  [2020-09-23T20:04:49Z INFO  dt_instance] d0a71d84-b80f-4558-beac-8887750652e3 "177 NoeZP7yKwYIDYjcKFZdwJwpGVKUmlQ5ar9i4odsqrb5JoyXr6BMwnkvFhA1L"
2020-09-23T20:04:49.911730261Z  [2020-09-23T20:04:49Z INFO  dt_instance] Inserted data for source d0a71d84-b80f-4558-beac-8887750652e3.
2020-09-23T20:04:49.963862521Z  [2020-09-23T20:04:49Z INFO  dt_instance] d0a71d84-b80f-4558-beac-8887750652e3 "178 bC6M5zjvAQCXglCBFHYPooceolL7eRXmsbtche3cfv0NmBAvf2XETAKl0OZp"
2020-09-23T20:04:49.980539905Z  [2020-09-23T20:04:49Z INFO  dt_instance] Inserted data for source d0a71d84-b80f-4558-beac-8887750652e3.
2020-09-23T20:04:50.032644994Z  [2020-09-23T20:04:50Z INFO  dt_instance] d0a71d84-b80f-4558-beac-8887750652e3 "179 WVzGOJWwRIyjQdnqvtiR7aYvNWb81HQIfD0EWNg6zGfn53N6fusjjp8ZQPb2"
2020-09-23T20:04:50.051837855Z  [2020-09-23T20:04:50Z INFO  dt_instance] Inserted data for source d0a71d84-b80f-4558-beac-8887750652e3.
2020-09-23T20:04:50.104162333Z  [2020-09-23T20:04:50Z INFO  dt_instance] d0a71d84-b80f-4558-beac-8887750652e3 "180 0rxF0MAiqQLTduBejqfIIksZuGgiK9uP8w9OaU3txwVFvaZeqferPCVbNkWd"
2020-09-23T20:04:50.122829261Z  [2020-09-23T20:04:50Z INFO  dt_instance] Inserted data for source d0a71d84-b80f-4558-beac-8887750652e3.
2020-09-23T20:04:50.174831680Z  [2020-09-23T20:04:50Z INFO  dt_instance] d0a71d84-b80f-4558-beac-8887750652e3 "181 1cRhY6IPeoRP72kfVp77CIxcCnqQa0WOGQ253ZEXCedtSPnt2bq80E3yyhz0"
2020-09-23T20:04:50.190599242Z  [2020-09-23T20:04:50Z INFO  dt_instance] Inserted data for source d0a71d84-b80f-4558-beac-8887750652e3.
2020-09-23T20:04:50.242533973Z  [2020-09-23T20:04:50Z INFO  dt_instance] d0a71d84-b80f-4558-beac-8887750652e3 "182 1qhwxBuJsEiHr233zK8IAriHFaPUjl2ENnR4v0JA0LssfsPxEyyvSVQcYW6e"
2020-09-23T20:04:50.262718164Z  [2020-09-23T20:04:50Z INFO  dt_instance] Inserted data for source d0a71d84-b80f-4558-beac-8887750652e3.
2020-09-23T20:04:50.314862055Z  [2020-09-23T20:04:50Z INFO  dt_instance] d0a71d84-b80f-4558-beac-8887750652e3 "183 kVqfPbCPFtYlkFAfmRwcYOTFpnoMY7OcN6lxW6HRRnoYpI9OqV3wDj2ux2nn"
2020-09-23T20:04:50.330687973Z  [2020-09-23T20:04:50Z INFO  dt_instance] Inserted data for source d0a71d84-b80f-4558-beac-8887750652e3.
2020-09-23T20:04:50.382916527Z  [2020-09-23T20:04:50Z INFO  dt_instance] d0a71d84-b80f-4558-beac-8887750652e3 "184 3OuiDlclFDrhklPjq5IEqDjF6GXXoL4DKkHKYw7u4TzwL1HXTRKssgJfYtan"
2020-09-23T20:04:50.399905501Z  [2020-09-23T20:04:50Z INFO  dt_instance] Inserted data for source d0a71d84-b80f-4558-beac-8887750652e3.
2020-09-23T20:04:50.452414404Z  [2020-09-23T20:04:50Z INFO  dt_instance] d0a71d84-b80f-4558-beac-8887750652e3 "185 mXwZhOBf1WaIMwL1QURtmJybyHoZlBwUwEjFSVBFxZ62BhHPmCxrja3KGpNw"
2020-09-23T20:04:50.471999310Z  [2020-09-23T20:04:50Z INFO  dt_instance] Inserted data for source d0a71d84-b80f-4558-beac-8887750652e3.
2020-09-23T20:04:50.523973539Z  [2020-09-23T20:04:50Z INFO  dt_instance] d0a71d84-b80f-4558-beac-8887750652e3 "186 u70YY65hDn53KqwqmzzQywuVVFVM6211r3M2GwjzppZLpJT89s3YvyGsBjGZ"
2020-09-23T20:04:50.535550485Z  [2020-09-23T20:04:50Z INFO  dt_instance] Inserted data for source d0a71d84-b80f-4558-beac-8887750652e3.
2020-09-23T20:04:50.587630589Z  [2020-09-23T20:04:50Z INFO  dt_instance] d0a71d84-b80f-4558-beac-8887750652e3 "187 dVAsDTUlEvhN8CH7DtqvFxVsxMviopV5TQHXzXbwPZqEowoPYF0VQxVNKWRk"
2020-09-23T20:04:50.602074252Z  [2020-09-23T20:04:50Z INFO  dt_instance] Inserted data for source d0a71d84-b80f-4558-beac-8887750652e3.
2020-09-23T20:04:50.654371797Z  [2020-09-23T20:04:50Z INFO  dt_instance] d0a71d84-b80f-4558-beac-8887750652e3 "188 91QOXV0PywKZo5CrbUbv927ehMYTfnhRYlgjT49MZnMz3E73eUh5Lx4CzaZo"
2020-09-23T20:04:50.669010835Z  [2020-09-23T20:04:50Z INFO  dt_instance] Inserted data for source d0a71d84-b80f-4558-beac-8887750652e3.
2020-09-23T20:04:50.720920381Z  [2020-09-23T20:04:50Z INFO  dt_instance] d0a71d84-b80f-4558-beac-8887750652e3 "189 8miGXOIIvfcKw8hERYjfVPTKBf1VxvrU77sjMA6xINsAvFT1qaejTYDyUYDu"
2020-09-23T20:04:50.736112157Z  [2020-09-23T20:04:50Z INFO  dt_instance] Inserted data for source d0a71d84-b80f-4558-beac-8887750652e3.
2020-09-23T20:04:50.788067012Z  [2020-09-23T20:04:50Z INFO  dt_instance] d0a71d84-b80f-4558-beac-8887750652e3 "190 aiuaxp2w4U4CZUZXTeFobfVD8q55wE5MVbJinKCbjWAa6o4RYpTIMti5WV5N"
2020-09-23T20:04:50.810998988Z  [2020-09-23T20:04:50Z INFO  dt_instance] Inserted data for source d0a71d84-b80f-4558-beac-8887750652e3.
2020-09-23T20:04:50.863167447Z  [2020-09-23T20:04:50Z INFO  dt_instance] d0a71d84-b80f-4558-beac-8887750652e3 "191 rdmPOeCShHN246imiHyC5gqe10JjWVzQuGQUAFyWKQ4R2oY5O3bkSK2QVPfF"
2020-09-23T20:04:50.882251892Z  [2020-09-23T20:04:50Z INFO  dt_instance] Inserted data for source d0a71d84-b80f-4558-beac-8887750652e3.
2020-09-23T20:04:50.935058466Z  [2020-09-23T20:04:50Z INFO  dt_instance] d0a71d84-b80f-4558-beac-8887750652e3 "192 QKw5rYigI0tzmLS6KvOqa7gXs8RTLyRja1xxtoBGfCia1Vw7sISQy2A8VtnM"
2020-09-23T20:04:50.953020781Z  [2020-09-23T20:04:50Z INFO  dt_instance] Inserted data for source d0a71d84-b80f-4558-beac-8887750652e3.
2020-09-23T20:04:51.005126474Z  [2020-09-23T20:04:51Z INFO  dt_instance] d0a71d84-b80f-4558-beac-8887750652e3 "193 9azcAll5yuNObntLp5I8YXvpwdyzOgz9XJ0F8a0VIqg8jRSk9e55ZsBYnQH0"
2020-09-23T20:04:51.028480329Z  [2020-09-23T20:04:51Z INFO  dt_instance] Inserted data for source d0a71d84-b80f-4558-beac-8887750652e3.
2020-09-23T20:04:51.082065234Z  [2020-09-23T20:04:51Z INFO  dt_instance] d0a71d84-b80f-4558-beac-8887750652e3 "194 bGsw0NHmlhSqzgd6NYGcigsJd6aXHeumxyH9nfvZhID3zrlEdDIvxLt5jVpu"
2020-09-23T20:04:51.098989480Z  [2020-09-23T20:04:51Z INFO  dt_instance] Inserted data for source d0a71d84-b80f-4558-beac-8887750652e3.
2020-09-23T20:04:51.151095613Z  [2020-09-23T20:04:51Z INFO  dt_instance] d0a71d84-b80f-4558-beac-8887750652e3 "195 YwHoM8eiGlyWOXDN3otJMJYXesQYpMhvpI0jlCmBNtRjxKwDBVx2yJQPouqL"
2020-09-23T20:04:51.167134179Z  [2020-09-23T20:04:51Z INFO  dt_instance] Inserted data for source d0a71d84-b80f-4558-beac-8887750652e3.
2020-09-23T20:04:51.219179859Z  [2020-09-23T20:04:51Z INFO  dt_instance] d0a71d84-b80f-4558-beac-8887750652e3 "196 VauN1Lm3749xwQE708oQHQiJRyYo4SWTQZttrhXR8ril9PqkxY7XXV0eAXjq"
2020-09-23T20:04:51.245886526Z  [2020-09-23T20:04:51Z INFO  dt_instance] Inserted data for source d0a71d84-b80f-4558-beac-8887750652e3.
2020-09-23T20:04:51.298219613Z  [2020-09-23T20:04:51Z INFO  dt_instance] d0a71d84-b80f-4558-beac-8887750652e3 "197 IBDQFlIybLuG9OixPQ3KM1515cToD8Mj8JsHNVQZrstirJdiFMGJq1fdJSWE"
2020-09-23T20:04:51.317555970Z  [2020-09-23T20:04:51Z INFO  dt_instance] Inserted data for source d0a71d84-b80f-4558-beac-8887750652e3.
2020-09-23T20:04:51.368810654Z  [2020-09-23T20:04:51Z INFO  dt_instance] d0a71d84-b80f-4558-beac-8887750652e3 "198 4Qaok07nvqr89Hw1t5RBMhn9gPs6w6iuVMMAexGkzgAdAc3AHpY7tng9q32e"
2020-09-23T20:04:51.388041686Z  [2020-09-23T20:04:51Z INFO  dt_instance] Inserted data for source d0a71d84-b80f-4558-beac-8887750652e3.
2020-09-23T20:04:51.440026194Z  [2020-09-23T20:04:51Z INFO  dt_instance] d0a71d84-b80f-4558-beac-8887750652e3 "199 MlTomxkBJcj5V9fGlaQO2uBYp8Rd4BWuRHT5HTKIz6mUWN9ydBdkBRojOe5i"
2020-09-23T20:04:51.460528528Z  [2020-09-23T20:04:51Z INFO  dt_instance] Inserted data for source d0a71d84-b80f-4558-beac-8887750652e3.
2020-09-23T20:04:51.512666872Z  [2020-09-23T20:04:51Z INFO  dt_instance] d0a71d84-b80f-4558-beac-8887750652e3 "200 BKwntGTDzu144rhosHPdpKitNuGTTsxDlDL63GUou68sSTtOQPe3fjum9Bu3"
2020-09-23T20:04:51.535746192Z  [2020-09-23T20:04:51Z INFO  dt_instance] Inserted data for source d0a71d84-b80f-4558-beac-8887750652e3.
2020-09-23T20:04:51.587540870Z  [2020-09-23T20:04:51Z INFO  dt_instance] d0a71d84-b80f-4558-beac-8887750652e3 "201 mh7ObBsTshJUyyVN9ZKtsAXYJr0JUq9KNCyuUecjd7cMHp5eeoCsmBW8z2pg"
2020-09-23T20:04:51.607054256Z  [2020-09-23T20:04:51Z INFO  dt_instance] Inserted data for source d0a71d84-b80f-4558-beac-8887750652e3.
2020-09-23T20:04:51.659038354Z  [2020-09-23T20:04:51Z INFO  dt_instance] d0a71d84-b80f-4558-beac-8887750652e3 "202 IVrlnVeeDOuy5gFNXkIIMvTfjdb0i6VcfczctTe7DDKJ0VyH8luVflTGl4TG"
2020-09-23T20:04:51.681761080Z  [2020-09-23T20:04:51Z INFO  dt_instance] Inserted data for source d0a71d84-b80f-4558-beac-8887750652e3.
2020-09-23T20:04:51.733761920Z  [2020-09-23T20:04:51Z INFO  dt_instance] d0a71d84-b80f-4558-beac-8887750652e3 "203 XuVAnH0Dt1vLtalIN0BT6iuQiZiJ9CgyafN0bImH1ZU37RUSffFMrBJegfQI"
2020-09-23T20:04:51.754062951Z  [2020-09-23T20:04:51Z INFO  dt_instance] Inserted data for source d0a71d84-b80f-4558-beac-8887750652e3.
2020-09-23T20:04:51.806276470Z  [2020-09-23T20:04:51Z INFO  dt_instance] d0a71d84-b80f-4558-beac-8887750652e3 "204 VHfe9FLfHLPByOQlltZvJwkqv7G8HRi1MyN8orD1cNL9njZOxxHTVS9PqeCV"
2020-09-23T20:04:51.829299678Z  [2020-09-23T20:04:51Z INFO  dt_instance] Inserted data for source d0a71d84-b80f-4558-beac-8887750652e3.
2020-09-23T20:04:51.880313533Z  [2020-09-23T20:04:51Z INFO  dt_instance] d0a71d84-b80f-4558-beac-8887750652e3 "205 IGVODOLNfBRWurdo8U6Y3Vzj0wStUdtWrN5DNhv6bY6eGhMlZntCq662yc57"
2020-09-23T20:04:51.901096653Z  [2020-09-23T20:04:51Z INFO  dt_instance] Inserted data for source d0a71d84-b80f-4558-beac-8887750652e3.
2020-09-23T20:04:51.953800253Z  [2020-09-23T20:04:51Z INFO  dt_instance] d0a71d84-b80f-4558-beac-8887750652e3 "206 2Msfy5iT3d9VJzISHZ8Eag82rTvDzoX3dzkSwT3SjdGKWACHWMWryDnqLt3b"
2020-09-23T20:04:51.973188419Z  [2020-09-23T20:04:51Z INFO  dt_instance] Inserted data for source d0a71d84-b80f-4558-beac-8887750652e3.
2020-09-23T20:04:52.025407373Z  [2020-09-23T20:04:52Z INFO  dt_instance] d0a71d84-b80f-4558-beac-8887750652e3 "207 Vo4KBxDZ3t0yorRW2acGIjGqlA8WbLcjAYqxaL6tYF1ytue7alOvfOZP1JG4"
2020-09-23T20:04:52.044660321Z  [2020-09-23T20:04:52Z INFO  dt_instance] Inserted data for source d0a71d84-b80f-4558-beac-8887750652e3.
2020-09-23T20:04:52.096844738Z  [2020-09-23T20:04:52Z INFO  dt_instance] d0a71d84-b80f-4558-beac-8887750652e3 "208 RX1uynWL5xItJGcfZR81hlLOKlKWw4wsTf1bCwsWXhyq3Iu18CjuKs3eg2rL"
2020-09-23T20:04:52.120145407Z  [2020-09-23T20:04:52Z INFO  dt_instance] Inserted data for source d0a71d84-b80f-4558-beac-8887750652e3.
2020-09-23T20:04:52.171817679Z  [2020-09-23T20:04:52Z INFO  dt_instance] d0a71d84-b80f-4558-beac-8887750652e3 "209 1xD6zSd87HBFs73f15nWfkQp4AXQG8BNMZIAEUYvMcWCeMseGVXRsq5vQ6TM"
2020-09-23T20:04:52.192493028Z  [2020-09-23T20:04:52Z INFO  dt_instance] Inserted data for source d0a71d84-b80f-4558-beac-8887750652e3.
2020-09-23T20:04:52.243974015Z  [2020-09-23T20:04:52Z INFO  dt_instance] d0a71d84-b80f-4558-beac-8887750652e3 "210 at0fox9YA0m3tkqPur42nMp7LG6Pisj3miemhn7UwVGLNZmdBSnNpnJ0Wwqg"
2020-09-23T20:04:52.262730456Z  [2020-09-23T20:04:52Z INFO  dt_instance] Inserted data for source d0a71d84-b80f-4558-beac-8887750652e3.
2020-09-23T20:04:52.314774124Z  [2020-09-23T20:04:52Z INFO  dt_instance] d0a71d84-b80f-4558-beac-8887750652e3 "211 dWCZ6mJrJIUsIhweT76GjO8M6eb2LB6tOAmcXlSkMHePFbKrVXl3F2tMsNYW"
2020-09-23T20:04:52.337931371Z  [2020-09-23T20:04:52Z INFO  dt_instance] Inserted data for source d0a71d84-b80f-4558-beac-8887750652e3.
2020-09-23T20:04:52.390048526Z  [2020-09-23T20:04:52Z INFO  dt_instance] d0a71d84-b80f-4558-beac-8887750652e3 "212 aH3J5xXt1h4Mn5HG2o8t3IHJ6ysrKaNuWK6FXVHnqperY8xpCAPiQOVjCr85"
2020-09-23T20:04:52.413843587Z  [2020-09-23T20:04:52Z INFO  dt_instance] Inserted data for source d0a71d84-b80f-4558-beac-8887750652e3.
2020-09-23T20:04:52.465865317Z  [2020-09-23T20:04:52Z INFO  dt_instance] d0a71d84-b80f-4558-beac-8887750652e3 "213 9sUULEuSXqPXYnjqUlOkRWY2NZ1DFvabikSwoORlQXZLJPQFsb9O46MJcpD1"
2020-09-23T20:04:52.484343371Z  [2020-09-23T20:04:52Z INFO  dt_instance] Inserted data for source d0a71d84-b80f-4558-beac-8887750652e3.
2020-09-23T20:04:52.535743239Z  [2020-09-23T20:04:52Z INFO  dt_instance] d0a71d84-b80f-4558-beac-8887750652e3 "214 pUuc1UCjSsN5Q9Pdih3U8VtxC3M4ZhCGkMitIzH11nwMTDTqnpsCQBxdwHON"
2020-09-23T20:04:52.552313836Z  [2020-09-23T20:04:52Z INFO  dt_instance] Inserted data for source d0a71d84-b80f-4558-beac-8887750652e3.
2020-09-23T20:04:52.604490570Z  [2020-09-23T20:04:52Z INFO  dt_instance] d0a71d84-b80f-4558-beac-8887750652e3 "215 bYvRpgZG7urxkjZnL4v5wuud4OAV8AJnwMKGxjV8Y3ZuBOTnJrN6Ehotnh4d"
2020-09-23T20:04:52.623796910Z  [2020-09-23T20:04:52Z INFO  dt_instance] Inserted data for source d0a71d84-b80f-4558-beac-8887750652e3.
2020-09-23T20:04:52.675622643Z  [2020-09-23T20:04:52Z INFO  dt_instance] d0a71d84-b80f-4558-beac-8887750652e3 "216 CVIHwa58eAxgqHU0VpT9eJhH8Q1UjcF4iLIMDvNR648fDWLvOv7nzjwMBD2b"
2020-09-23T20:04:52.698127661Z  [2020-09-23T20:04:52Z INFO  dt_instance] Inserted data for source d0a71d84-b80f-4558-beac-8887750652e3.
2020-09-23T20:04:52.750405981Z  [2020-09-23T20:04:52Z INFO  dt_instance] d0a71d84-b80f-4558-beac-8887750652e3 "217 XxorFxUII8jniy2FRa0giASC6y8Qw11JZxsUAHHnziFXj3z0lOGuwY0vbhFM"
2020-09-23T20:04:52.765978835Z  [2020-09-23T20:04:52Z INFO  dt_instance] Inserted data for source d0a71d84-b80f-4558-beac-8887750652e3.
2020-09-23T20:04:52.818309499Z  [2020-09-23T20:04:52Z INFO  dt_instance] d0a71d84-b80f-4558-beac-8887750652e3 "218 jBJb5wpCcv85pEpiXo8mwKAYa8V3aMpAbbWZcFQeYSQNL5qLt6Whnwiubekd"
2020-09-23T20:04:52.836175716Z  [2020-09-23T20:04:52Z INFO  dt_instance] Inserted data for source d0a71d84-b80f-4558-beac-8887750652e3.
2020-09-23T20:04:52.888057786Z  [2020-09-23T20:04:52Z INFO  dt_instance] d0a71d84-b80f-4558-beac-8887750652e3 "219 Hla7R5HyYjHAtdof2zFP6kumMhBiItsF3gqP8zocaXgZ8p5grXLLeneVcfWa"
2020-09-23T20:04:52.903806624Z  [2020-09-23T20:04:52Z INFO  dt_instance] Inserted data for source d0a71d84-b80f-4558-beac-8887750652e3.
2020-09-23T20:04:52.956696346Z  [2020-09-23T20:04:52Z INFO  dt_instance] d0a71d84-b80f-4558-beac-8887750652e3 "220 cKZLztwIUoVDX9t1bhbHVpqFEeVcvSbLGdsxEG8MR9FaSRxVxmsSvjCAYBfx"
2020-09-23T20:04:52.973783475Z  [2020-09-23T20:04:52Z INFO  dt_instance] Inserted data for source d0a71d84-b80f-4558-beac-8887750652e3.
2020-09-23T20:04:53.026417361Z  [2020-09-23T20:04:53Z INFO  dt_instance] d0a71d84-b80f-4558-beac-8887750652e3 "221 nVKATYCElpPyBil8OepWTMa0ZCVVKNTXcpY5kwXCpX6G3qJJY8uVAAQAMiw5"
2020-09-23T20:04:53.047436489Z  [2020-09-23T20:04:53Z INFO  dt_instance] Inserted data for source d0a71d84-b80f-4558-beac-8887750652e3.
2020-09-23T20:04:53.098475926Z  [2020-09-23T20:04:53Z INFO  dt_instance] d0a71d84-b80f-4558-beac-8887750652e3 "222 nPP0d7GfhXixskGbZg0j8T2M8FLPGRlAtJplzg3JgcuFlFp11kimuN5i0Joe"
2020-09-23T20:04:53.120748134Z  [2020-09-23T20:04:53Z INFO  dt_instance] Inserted data for source d0a71d84-b80f-4558-beac-8887750652e3.
2020-09-23T20:04:53.172983989Z  [2020-09-23T20:04:53Z INFO  dt_instance] d0a71d84-b80f-4558-beac-8887750652e3 "223 1M94K34jDnbeQiTvXVm8y7mvZeh5A5OcO7vDilnNs18FjXCZqM5Eeu1Hm9iU"
2020-09-23T20:04:53.188329179Z  [2020-09-23T20:04:53Z INFO  dt_instance] Inserted data for source d0a71d84-b80f-4558-beac-8887750652e3.
2020-09-23T20:04:53.241330077Z  [2020-09-23T20:04:53Z INFO  dt_instance] d0a71d84-b80f-4558-beac-8887750652e3 "224 3Y70vvYpaZ3Ie5MC17LSJehxGhGHK9XtXRASiLls4nZRV0twQR6Um3DFKze7"
2020-09-23T20:04:53.261519983Z  [2020-09-23T20:04:53Z INFO  dt_instance] Inserted data for source d0a71d84-b80f-4558-beac-8887750652e3.
2020-09-23T20:04:53.313438916Z  [2020-09-23T20:04:53Z INFO  dt_instance] d0a71d84-b80f-4558-beac-8887750652e3 "225 C0UsNJZWBYN4OvW9IqVGfP3mr9cx32qRU7PVVjWbjGYUoYHmu2lju7Lq2wyK"
2020-09-23T20:04:53.329938260Z  [2020-09-23T20:04:53Z INFO  dt_instance] Inserted data for source d0a71d84-b80f-4558-beac-8887750652e3.
2020-09-23T20:04:53.381986152Z  [2020-09-23T20:04:53Z INFO  dt_instance] d0a71d84-b80f-4558-beac-8887750652e3 "226 DptsIqZvM0ftx0xJMWGoCcpUFkgm8AARABHMhenYEfu378iAJ9StVPhHdTUY"
2020-09-23T20:04:53.401867065Z  [2020-09-23T20:04:53Z INFO  dt_instance] Inserted data for source d0a71d84-b80f-4558-beac-8887750652e3.
2020-09-23T20:04:53.454069490Z  [2020-09-23T20:04:53Z INFO  dt_instance] d0a71d84-b80f-4558-beac-8887750652e3 "227 RvGHfPrv9hdlgJ9bJMnioLfc1P9GXB9WfONM7UIu70KfmLN4kfE5y1GQvMj2"
2020-09-23T20:04:53.469593319Z  [2020-09-23T20:04:53Z INFO  dt_instance] Inserted data for source d0a71d84-b80f-4558-beac-8887750652e3.
2020-09-23T20:04:53.520334508Z  [2020-09-23T20:04:53Z INFO  dt_instance] d0a71d84-b80f-4558-beac-8887750652e3 "228 5ftCMfHRGXHZe1ncUTixhaZp09nvC69c3YolHw3xH60Df8T6qK3tmc14UfrO"
2020-09-23T20:04:53.532759398Z  [2020-09-23T20:04:53Z INFO  dt_instance] Inserted data for source d0a71d84-b80f-4558-beac-8887750652e3.
2020-09-23T20:04:53.584512460Z  [2020-09-23T20:04:53Z INFO  dt_instance] d0a71d84-b80f-4558-beac-8887750652e3 "229 m4JjIQMlSvxkC7GQgzkNYTphbOqOuetXxSHIcQGoTFgSNWWsJqy3uW5bqu5y"
2020-09-23T20:04:53.599363714Z  [2020-09-23T20:04:53Z INFO  dt_instance] Inserted data for source d0a71d84-b80f-4558-beac-8887750652e3.
2020-09-23T20:04:53.651559668Z  [2020-09-23T20:04:53Z INFO  dt_instance] d0a71d84-b80f-4558-beac-8887750652e3 "230 al7bmkOI6fUm5ZgiU8CiV7IdkijVjtybg3nwEteeQyj6tpo1w04THFeEyUnS"
2020-09-23T20:04:53.669610923Z  [2020-09-23T20:04:53Z INFO  dt_instance] Inserted data for source d0a71d84-b80f-4558-beac-8887750652e3.
2020-09-23T20:04:53.721508724Z  [2020-09-23T20:04:53Z INFO  dt_instance] d0a71d84-b80f-4558-beac-8887750652e3 "231 NicBSdQ38XnEqFho5zM3hyc2bCA7i59DHQ1C5MTgOEM29Vhb6lCUHBGiP3oe"
2020-09-23T20:04:53.738716834Z  [2020-09-23T20:04:53Z INFO  dt_instance] Inserted data for source d0a71d84-b80f-4558-beac-8887750652e3.
2020-09-23T20:04:53.790931075Z  [2020-09-23T20:04:53Z INFO  dt_instance] d0a71d84-b80f-4558-beac-8887750652e3 "232 ghQfqiK1urGC7Q3MJgafidMM7XNLIC0c9MDlRCf1Ssa8Uy4wPFzfKjzdP4mL"
2020-09-23T20:04:53.809958376Z  [2020-09-23T20:04:53Z INFO  dt_instance] Inserted data for source d0a71d84-b80f-4558-beac-8887750652e3.
2020-09-23T20:04:53.862097611Z  [2020-09-23T20:04:53Z INFO  dt_instance] d0a71d84-b80f-4558-beac-8887750652e3 "233 CxW4jWgkxcodcgUGK2dEFsggyzN6leRIRB1xpB3aBzGo6FFeBi3UdIIg2Uss"
2020-09-23T20:04:53.878825002Z  [2020-09-23T20:04:53Z INFO  dt_instance] Inserted data for source d0a71d84-b80f-4558-beac-8887750652e3.
2020-09-23T20:04:53.931038850Z  [2020-09-23T20:04:53Z INFO  dt_instance] d0a71d84-b80f-4558-beac-8887750652e3 "234 BnMXvjYhX6al2WR5S3f1fIGyJ9N7UP5LbxWAvyOP4748bvQCnfnKj4zCNp3N"
2020-09-23T20:04:53.945958068Z  [2020-09-23T20:04:53Z INFO  dt_instance] Inserted data for source d0a71d84-b80f-4558-beac-8887750652e3.
2020-09-23T20:04:53.997880544Z  [2020-09-23T20:04:53Z INFO  dt_instance] d0a71d84-b80f-4558-beac-8887750652e3 "235 6NYHSh9nTw728uARE1iOUlKqPJ0kCA3tjmphSV7DKOebEdUMj4P6Y47levDb"
2020-09-23T20:04:54.013675471Z  [2020-09-23T20:04:54Z INFO  dt_instance] Inserted data for source d0a71d84-b80f-4558-beac-8887750652e3.
2020-09-23T20:04:54.065672719Z  [2020-09-23T20:04:54Z INFO  dt_instance] d0a71d84-b80f-4558-beac-8887750652e3 "236 tzdz4B0c6r9d29lrx2iXPrHCqnDQwCgkiK7iyo0tN7glYH8llFsHe4wzjuTS"
2020-09-23T20:04:54.083833302Z  [2020-09-23T20:04:54Z INFO  dt_instance] Inserted data for source d0a71d84-b80f-4558-beac-8887750652e3.
2020-09-23T20:04:54.135698950Z  [2020-09-23T20:04:54Z INFO  dt_instance] d0a71d84-b80f-4558-beac-8887750652e3 "237 1g0Qqcn9eEpHxjIzcrQLGuwu6ihRYTKepa4dF1PkmoRTbWxo75nRgLYo1lce"
2020-09-23T20:04:54.151902178Z  [2020-09-23T20:04:54Z INFO  dt_instance] Inserted data for source d0a71d84-b80f-4558-beac-8887750652e3.
2020-09-23T20:04:54.204134272Z  [2020-09-23T20:04:54Z INFO  dt_instance] d0a71d84-b80f-4558-beac-8887750652e3 "238 STVjzCLILD6rEhfz0MSQrLvPBRhWLvucjRIdrfgGZpIqhmICnOYlPe40T59m"
2020-09-23T20:04:54.224520644Z  [2020-09-23T20:04:54Z INFO  dt_instance] Inserted data for source d0a71d84-b80f-4558-beac-8887750652e3.
2020-09-23T20:04:54.276324417Z  [2020-09-23T20:04:54Z INFO  dt_instance] d0a71d84-b80f-4558-beac-8887750652e3 "239 qYJHuJfu8DDQmDxFQHWbkMyHr95y2xQtCqSOSqJgmccH0iqhsQIfEzLTyHfd"
2020-09-23T20:04:54.295014243Z  [2020-09-23T20:04:54Z INFO  dt_instance] Inserted data for source d0a71d84-b80f-4558-beac-8887750652e3.
2020-09-23T20:04:54.347489498Z  [2020-09-23T20:04:54Z INFO  dt_instance] d0a71d84-b80f-4558-beac-8887750652e3 "240 tuHTcwffTOcnu3Iu6zLyp8PTElO1sEe2OkzoQKKmqlT3ygY5WTdr4pOeqMNJ"
2020-09-23T20:04:54.371416004Z  [2020-09-23T20:04:54Z INFO  dt_instance] Inserted data for source d0a71d84-b80f-4558-beac-8887750652e3.
2020-09-23T20:04:54.423081471Z  [2020-09-23T20:04:54Z INFO  dt_instance] d0a71d84-b80f-4558-beac-8887750652e3 "241 mE4b6sdRdgoDWKkR1Oy6FQlUlnKkxx865ptfyKY7V6k8vKDqblLwfvvqfhTg"
2020-09-23T20:04:54.437453987Z  [2020-09-23T20:04:54Z INFO  dt_instance] Inserted data for source d0a71d84-b80f-4558-beac-8887750652e3.
2020-09-23T20:04:54.489376680Z  [2020-09-23T20:04:54Z INFO  dt_instance] d0a71d84-b80f-4558-beac-8887750652e3 "242 2BZIgqnZ08tLZ01ofhKP5rNy64La77Rs3FxN397hHZ2yberwTR5JxwWcc5Qj"
2020-09-23T20:04:54.500138423Z  [2020-09-23T20:04:54Z INFO  dt_instance] Inserted data for source d0a71d84-b80f-4558-beac-8887750652e3.
2020-09-23T20:04:54.552011210Z  [2020-09-23T20:04:54Z INFO  dt_instance] d0a71d84-b80f-4558-beac-8887750652e3 "243 3rrPfkwZa7SuHOXKzLs7VByDTPHOfrT2AdFT2e8idOK2I9bcm5ByXnQcgyLC"
2020-09-23T20:04:54.568487582Z  [2020-09-23T20:04:54Z INFO  dt_instance] Inserted data for source d0a71d84-b80f-4558-beac-8887750652e3.
2020-09-23T20:04:54.619350541Z  [2020-09-23T20:04:54Z INFO  dt_instance] d0a71d84-b80f-4558-beac-8887750652e3 "244 IqX0jDBef6jfI1kYcwibuqjtMBxcay65jBdd22eZPYXLAhplcwEO7cveFg0o"
2020-09-23T20:04:54.632949764Z  [2020-09-23T20:04:54Z INFO  dt_instance] Inserted data for source d0a71d84-b80f-4558-beac-8887750652e3.
2020-09-23T20:04:54.684811634Z  [2020-09-23T20:04:54Z INFO  dt_instance] d0a71d84-b80f-4558-beac-8887750652e3 "245 eEdYruH9dvOJ110QxhfyEzCmm15mcJXMsa7QKElitYWIEUu9wh2CbpxI6OeO"
2020-09-23T20:04:54.693845336Z  [2020-09-23T20:04:54Z INFO  dt_instance] Inserted data for source d0a71d84-b80f-4558-beac-8887750652e3.
2020-09-23T20:04:54.745650157Z  [2020-09-23T20:04:54Z INFO  dt_instance] d0a71d84-b80f-4558-beac-8887750652e3 "246 yW2zeblQhehFMOlpFMBWGQoWmvLaZlHiozdlmbLvZo08ZKLCWVi8eh5HY4Wl"
2020-09-23T20:04:54.756214932Z  [2020-09-23T20:04:54Z INFO  dt_instance] Inserted data for source d0a71d84-b80f-4558-beac-8887750652e3.
2020-09-23T20:04:54.808149464Z  [2020-09-23T20:04:54Z INFO  dt_instance] d0a71d84-b80f-4558-beac-8887750652e3 "247 jccMmpzP64J3UcXNjh01NNS5regXlBbNtu9mml971CFKNiNliteCarxysGJb"
2020-09-23T20:04:54.821442399Z  [2020-09-23T20:04:54Z INFO  dt_instance] Inserted data for source d0a71d84-b80f-4558-beac-8887750652e3.
2020-09-23T20:04:54.873474863Z  [2020-09-23T20:04:54Z INFO  dt_instance] d0a71d84-b80f-4558-beac-8887750652e3 "248 1lficGR6QtTIXZmG0H0jdGT7xuWAvtuqIhMol9NA2kn1pC3KIfwByo63gAB9"
2020-09-23T20:04:54.891030199Z  [2020-09-23T20:04:54Z INFO  dt_instance] Inserted data for source d0a71d84-b80f-4558-beac-8887750652e3.
2020-09-23T20:04:54.943049158Z  [2020-09-23T20:04:54Z INFO  dt_instance] d0a71d84-b80f-4558-beac-8887750652e3 "249 FF3ScFfvcV9Uhy8RhcvG5t9d2UheBUUycRxBC8jehkmwrzoXZ2wNDqDMevu0"
2020-09-23T20:04:54.961335779Z  [2020-09-23T20:04:54Z INFO  dt_instance] Inserted data for source d0a71d84-b80f-4558-beac-8887750652e3.
2020-09-23T20:05:08.100010421Z  [2020-09-23T20:05:08Z ERROR dt_instance] Unhandled incoming.
2020-09-23T20:05:38.102083152Z  [2020-09-23T20:05:38Z ERROR dt_instance] Unhandled incoming.
