2020-09-23T20:04:37.943720804Z,2020-09-23T20:04:37.949642497Z,0 HPSgg9miM6MgFzqLVixMGPGIdAIwpKH26UkS6d6BwYS0P0K50NRDvn9cIqtfV6
2020-09-23T20:04:37.955348722Z,2020-09-23T20:04:38.013281714Z,1 zocLnGDz2QuZofkg8wyzMrtizhGMCSdx18hAkNi5LmoLo0TwplgStC6QHwxc5h
2020-09-23T20:04:37.966352603Z,2020-09-23T20:04:38.074067190Z,2 znh321j6Z9sh0XdTdnEFzDHyqsujtGdOLBbnYhitMEtPjudfhNy4JA6Eebc5ou
2020-09-23T20:04:37.977493824Z,2020-09-23T20:04:38.137976268Z,3 ZUlI2JR2xfrcKWLO1J0BRaBPw7TFXGPbzSUZQbo9JuRNqWW7e29SN0EdYMtrSi
2020-09-23T20:04:37.988811865Z,2020-09-23T20:04:38.200192718Z,4 8kulS9x1M7zvZQfNg5yo9QGXSiPIz1Fw4yiQaHQa4fLxMaUtS5o5g8QTlngPyq
2020-09-23T20:04:37.999990924Z,2020-09-23T20:04:38.268610373Z,5 PLgZALednzJN5i7HXqIJSZNQ0kNFN3FH6NsLYjgFHYc3WRct9tGdslzXV11y7x
2020-09-23T20:04:38.011560342Z,2020-09-23T20:04:38.337685269Z,6 dDGf7xWvFUbV1LZgNUCDyWRQQ8xwBb969at99Lmg5rPFRFgSTcnS64t57lJHh7
2020-09-23T20:04:38.022666473Z,2020-09-23T20:04:38.413838827Z,7 ycN4uhmu9XrZIeMEUluACzQpXUHnEco14N8tkomrVstgDoGASIoXqvpLDuaTxk
2020-09-23T20:04:38.034732807Z,2020-09-23T20:04:38.497813595Z,8 Sa4ebk5NYSoizSkzrC3R3OXrZBt6YOloJGGoOudkJltxIbXI8AWNrjL87lpmr6
2020-09-23T20:04:38.045964679Z,2020-09-23T20:04:38.628859187Z,9 XdNcIke8RAntX2C8qlvktpJzR60CpcIfqdBGahMnASu3VNO74mJvFEQGL0ie2X
2020-09-23T20:04:38.057249906Z,2020-09-23T20:04:38.698470584Z,10 3W4lQRaTJdENFu0BqEWoSodyAmrl6Z9PU7aL4P2MvKAnDsLpw5Mu1HgCaOXxp
2020-09-23T20:04:38.067873659Z,2020-09-23T20:04:38.765873252Z,11 is70Z4RIRYGdJxd8N4Hb9rITENRQz6oJHlgjmQQ0JrIoTYQMxcrjWkBYzZsdN
2020-09-23T20:04:38.079518525Z,2020-09-23T20:04:38.834422552Z,12 UcoiiuLPJZRr2nm6c2dNSPP8DngUEhdgLURzmx9OG4elYS9PpbCuTPYfZGIoY
2020-09-23T20:04:38.089877760Z,2020-09-23T20:04:38.901611572Z,13 2CrKLFf4iQ3Dvo7bShqjEfCWYClztYPcN7OnMjEb5aeSyellJf6YhQvDRZcCM
2020-09-23T20:04:38.101414817Z,2020-09-23T20:04:38.965991892Z,14 aK3lOHmF1CqZrZpYE1D2U0JfAOeVZAItPsvu0DeoM7TI2KJJI4r3DmoEj4rPi
2020-09-23T20:04:38.112562127Z,2020-09-23T20:04:39.031450311Z,15 AC4WzledhseZ7G0JNsupRJgoHMnqURBwWIvRrmHkvHnxzj2mXTbfe7LeZkUxE
2020-09-23T20:04:38.124208659Z,2020-09-23T20:04:39.092863396Z,16 NnUqjf29BglKFf0X97UrCWw0sN9BGd0VKitlWjKU7VT5Ixb23HhgWbzUlU6fq
2020-09-23T20:04:38.135274921Z,2020-09-23T20:04:39.153449356Z,17 ijspvYMvuDZiLMwUPqrDCBHnyUOaAh1zz7Rr4La51BTtEJdwKz4llE6GCYu14
2020-09-23T20:04:38.146257015Z,2020-09-23T20:04:39.213875319Z,18 Em4jcGhzDZKpTDDqr890gnOJgZ99c639ts3r947dLrhyZLtfTyWMkBPynlwL9
2020-09-23T20:04:38.157429598Z,2020-09-23T20:04:39.274122798Z,19 OUyrX87LMJPNI2rZ6XgKFJIxEI9XFPAuEh0JNodqDmzPshHBtISh6aRMmTuvb
2020-09-23T20:04:38.168512974Z,2020-09-23T20:04:39.336250912Z,20 6iiy7Sc6ALBtFD3NfvjcnRZY9FVUgYDQFTPAhJjqfbZwgwveuE1xWFBZkkFax
2020-09-23T20:04:38.179475662Z,2020-09-23T20:04:39.400192751Z,21 aBjnS7zEg9NxGbZY6XqeFRPOF5klnQORfzPOiyGGQGASwqKUzDxt01RYbxKAF
2020-09-23T20:04:38.190351506Z,2020-09-23T20:04:39.469529033Z,22 lnIuFgWyg26ZGBRSSi4wT1Unb4Pd8r9T82esDpfJJlZ8wnyBXsHXWW38hKvkk
2020-09-23T20:04:38.201267069Z,2020-09-23T20:04:39.544090875Z,23 vSmN8fhhKVwUY2Zy11m5M6mamgZpLWPA79Igw6xcKzPcG1gYw4kCvRYYMEAX1
2020-09-23T20:04:38.212142505Z,2020-09-23T20:04:39.617140674Z,24 5rVpWTUckfsoUnI1dSXI9Zo3UowIat44df3EIq8O0I8rpD6uvDJNemo6XycpZ
2020-09-23T20:04:38.223428240Z,2020-09-23T20:04:39.688032907Z,25 HF4WXjD1syhJrl82my1Dy8CDKk7Ra7VeCPt6ak4j0iKW2l5BanleO7GPpJoWI
2020-09-23T20:04:38.233941589Z,2020-09-23T20:04:39.763023440Z,26 m1gEEoibvRXtlxR2jErfvjPNX70y09CWwvpboTPfPFo0lHtErgU9SNMDZyZuh
2020-09-23T20:04:38.245303824Z,2020-09-23T20:04:39.828492732Z,27 kmXfLSFoLYpVYQ5nR0r961dEeNtxXjYihSTkpQAxoateLBqPD8N4lkC7kEIGF
2020-09-23T20:04:38.256808899Z,2020-09-23T20:04:39.898663776Z,28 sMQD4wpWddrBofVjyknFAeUOaImLGob3l04qh0qXUryGZTci9Y2wOIsB9at9v
2020-09-23T20:04:38.268243503Z,2020-09-23T20:04:39.967691566Z,29 7IT4uCWXfLYNgzFTVrytxFbSWYVru9UrOc6JddfpK01DKzOPVbCydmXkUGFrK
2020-09-23T20:04:38.279487480Z,2020-09-23T20:04:40.039248330Z,30 TwyuuW3AwIFsz045bYnM1PrMNkZ78v2gQSRqEMgMCFir9ZuvmDXSOC3W8HdcH
2020-09-23T20:04:38.290149159Z,2020-09-23T20:04:40.106734850Z,31 cyFUe7XVpRcIxK3WPeTBQ7IWtKJn50in1Q1NoNZlsASKuJWWsBeSDSL5Q6hK2
2020-09-23T20:04:38.301126469Z,2020-09-23T20:04:40.174865809Z,32 fZYj2WrLVzv48vOReMAd0RFZr7UOwLffN8OHVeN2Ln5Y3Nzi3cVaUQl44hiiF
2020-09-23T20:04:38.312359012Z,2020-09-23T20:04:40.241068002Z,33 sitVsvcAIVNqvGvzNrHWvC9DLAjiLurvymXVUQhhyDZYS3jwLtsPX0Gl2SWbl
2020-09-23T20:04:38.323636675Z,2020-09-23T20:04:40.303280842Z,34 3z4yw0pYgqnBavecOdujimMvgsiGt42FPESlYN1fSgKRxCNcGRuG9j0vU98SL
2020-09-23T20:04:38.335047002Z,2020-09-23T20:04:40.370759914Z,35 3X8eKpzHJQ9X2mDPxdcFKJCJJkAHTNgPEb849YTmGKAqYmVkWHEGc7kM7saEJ
2020-09-23T20:04:38.345971415Z,2020-09-23T20:04:40.438940463Z,36 m7l919kFUtwj78KFYpw4q2Kt7WxryKG4dsXKCWrZ5kJjHvESVdIjEc1ImVh5W
2020-09-23T20:04:38.357037487Z,2020-09-23T20:04:40.553387653Z,37 BtFaRjTKJLGdJZTpKb3ePl29DosfxSR0yM2xIEBxgvmrjVuICOjaZNGn05fJD
2020-09-23T20:04:38.368236204Z,2020-09-23T20:04:40.628235828Z,38 XbvSh4vWkG5IdXT0kuRidnOsITsgtSgWGa7x7OP2Mmz7XS6RKIgb6JO9MxkMJ
2020-09-23T20:04:38.379332538Z,2020-09-23T20:04:40.697204234Z,39 5opmHK56xwOLVnIpFEVt8AosUFmkITSaPnY6qttD8J4x3P446gJ350KVAoxby
2020-09-23T20:04:38.390513737Z,2020-09-23T20:04:40.770491455Z,40 IhfErQYUg0S0BgF2yLyM6JbDpa5fTHU7eSJS6FO5iOoLpEK332IArikwQEMBt
2020-09-23T20:04:38.401228353Z,2020-09-23T20:04:40.842345057Z,41 3lxzaaw1zLtiDWbwSPD4CReuPmxzE4zRm2aEKBa28PCBAd8GkdIHWKNUXCKYU
2020-09-23T20:04:38.412467939Z,2020-09-23T20:04:40.915211494Z,42 hkHrEIYZZEqYPwFW01UmVNHuEDdOg2CAkYxOGOi5yZaSaSJRPz58rvQVrKabg
2020-09-23T20:04:38.423200407Z,2020-09-23T20:04:40.987755483Z,43 frhL1bGvbjT7C9KPobkft9tqRwJSl5KCmCjOOswe7lRIhWTPlcsdVV1ykaFNs
2020-09-23T20:04:38.435222266Z,2020-09-23T20:04:41.064189197Z,44 dB2luVpyGSsYXWJphyKwJNGmY9PmBKxoHNC4Rso4I22nov4g8QkOBZKCgAAKl
2020-09-23T20:04:38.446262199Z,2020-09-23T20:04:41.137298601Z,45 RDbzaoMCnNPoHXMirwPI5Z0mVYDO9wwJUNDeKTEDKClvWCnvu6poiGARIwYXb
2020-09-23T20:04:38.457228946Z,2020-09-23T20:04:41.209024205Z,46 WvcDqwKdCl5MNVVIM4b81Nwh3uWhA607j3Av3jr2HXOS66bC56aGHcnkuul0P
2020-09-23T20:04:38.468524061Z,2020-09-23T20:04:41.278385252Z,47 JOOziJZMazrn65cwJQktEc9mQv0RK7rfICdTrGXUoBmCPFuE353GgzbMMUg6F
2020-09-23T20:04:38.479079143Z,2020-09-23T20:04:41.348537555Z,48 lSjmGiwuQBdDrxKonx7NIAhWcxdIzvAvcuFCqUrVTOPpGjZdfteU2eBzjTGzh
2020-09-23T20:04:38.493186294Z,2020-09-23T20:04:41.421211167Z,49 bbWRCnGKzNgW5yc4IJC2izuR72PkmFJfzTF3Z0NtgCCklzjJo7yiTrJObNIjX
2020-09-23T20:04:38.504229234Z,2020-09-23T20:04:41.493956773Z,50 YNEwPnXrJ3dqIkktJ8CFUfl3Dzwy21sZYrH539ZV2DHe8bKmLK24VsefOly7i
2020-09-23T20:04:38.515592900Z,2020-09-23T20:04:41.568891491Z,51 SzgLG59vNI8Xcx96dgEWeXyJloRWBmcW2TEAv26jZmNHCKPant9MRQ5qz6Qxh
2020-09-23T20:04:38.527557338Z,2020-09-23T20:04:41.638735330Z,52 upGZdthrelPWhR9RaBtEx2jM4H3YI9MX27EbbbAj0VetjxVlRtEFkecJsYhVz
2020-09-23T20:04:38.537975147Z,2020-09-23T20:04:41.705305826Z,53 tLbUH46zEVusoylXKtPWwrOYBHDOuI8UGEJMAtufjmDdoQWZHD4vRn2BWm6w6
2020-09-23T20:04:38.549511986Z,2020-09-23T20:04:41.779987797Z,54 uIWLbfmjraGKARbzqCWBdtY5skM0rgykojOcBp8Y4v3kyO9aBrUjETE20X8Pu
2020-09-23T20:04:38.561249989Z,2020-09-23T20:04:41.845385868Z,55 Kp8AgI916EGgaqVbq5EORMFIkjavnJTnHGtR6TM3ynCqG5xZ5ME45eZpGS59S
2020-09-23T20:04:38.572490725Z,2020-09-23T20:04:41.916622790Z,56 g1PxVUIOqDDmmGT3z7MkgCVC1zZmvQhyT3p0rNivpWKj4PFcszGhETssme6N9
2020-09-23T20:04:38.583807949Z,2020-09-23T20:04:41.984450821Z,57 9OEx2JDP23vvtZmxKis9h8bKKgrN1C6eM3rkmniUjcwDWCZ7FzUjXduzJwDWm
2020-09-23T20:04:38.595337293Z,2020-09-23T20:04:42.060184911Z,58 OkVjCOmCZt2YnnHFID3vqYbbYplt6JSNB1smxtCkSa86TcRDbaoG852haJdqk
2020-09-23T20:04:38.606458428Z,2020-09-23T20:04:42.133121912Z,59 dOLnczVJTjJGP8oyNeIxesXYcP1MJ50D5UZSjd6FZaWRBPakHDXBQWmbfhZJk
2020-09-23T20:04:38.617536048Z,2020-09-23T20:04:42.206414555Z,60 Hp83XjhWFlSPjUEYqCa2CeXrepVdySPoUXQW9VVBiAIFszYz1vY9VOVGsQVJv
2020-09-23T20:04:38.628079115Z,2020-09-23T20:04:42.278253462Z,61 7lo1B5C4wwvOdtMWtsXvJKf1uCyJlPwZ0T38IG3dTetdDbwbYR4ovL7X6WS5o
2020-09-23T20:04:38.642819206Z,2020-09-23T20:04:42.348178888Z,62 nmCVUcTOO5gsBVYRotzldof6k2BZOJeUznXsRyeQA76TsPuOcoaBzhmjXKvq7
2020-09-23T20:04:38.656661052Z,2020-09-23T20:04:42.416584340Z,63 bm7MUXGeHjf2vfm1IcTNiNya1lIJfsLQGyI6uPnH8TdTrrLaMJIjOUPx6ExH2
2020-09-23T20:04:38.668661277Z,2020-09-23T20:04:42.490703990Z,64 zGXx0M1iJNov4Vh4r1ulw2FUCjHyBF9aoPIsHOflGghlDcklR7hKUXTE10BLO
2020-09-23T20:04:38.680618123Z,2020-09-23T20:04:42.566074721Z,65 RreaEYaqlR5v3DhkhwXI0F4EMQ14XGjnjp12jZF0JiCrxiAsmBQ0jnhbD8XoU
2020-09-23T20:04:38.691463843Z,2020-09-23T20:04:42.644318476Z,66 n0ZYT0vn2Tmul880NMIK2Fm9YERi2gWa4cnEIK9W6lNxFGeR7M5iQIQ3L5dyP
2020-09-23T20:04:38.703831555Z,2020-09-23T20:04:42.713346689Z,67 IySIfJEKSX7S5yu0XnT4MjGCRZ0KGkdF7LtcKhjZkBZ5f1GnEZr50tO891SUe
2020-09-23T20:04:38.713579844Z,2020-09-23T20:04:42.789629879Z,68 i9Rlrp8BBlvaclEMZJAxD5mYj2Ih3PXJovOjpGf2neAl3DPTjdo7wBL6D0k0j
2020-09-23T20:04:38.724199406Z,2020-09-23T20:04:42.856933469Z,69 FucE2a9v0GA4tQvl2TNS0LIDagW1UglOSvBjji8lRjpK46GBDHhuVfTDl0lnD
2020-09-23T20:04:38.735169236Z,2020-09-23T20:04:42.933730274Z,70 LHqMmrrkNt3dkSeNdYZA2Gq3hb79G6ggOrXYSS5rtsMPPsSHYZA9VXeOw2fP1
2020-09-23T20:04:38.746093926Z,2020-09-23T20:04:43.007995789Z,71 6YFmpDNbrS59GEOAwyzs8v6C33JneFdJZEglzF7Wl8QE8tZVvNvc4gC3ynICH
2020-09-23T20:04:38.757069305Z,2020-09-23T20:04:43.082016506Z,72 hVYo8jjYnSOm0zz7Vc4OO5YI14GPiEGl1YStuA7JXm7rDwxGh3rpV8BXCPz1b
2020-09-23T20:04:38.770901871Z,2020-09-23T20:04:43.155003757Z,73 OhiPj0C9wbLyFNqmnh1pBVz6F1vYQeW22U23MzW74AQbWqkrSiLHYWsKNREAC
2020-09-23T20:04:38.779483239Z,2020-09-23T20:04:43.227389164Z,74 Vwdacui85jGMcWdZHao7amRuP1SZJlwIxEY1XJDfOXbQm1gCmfTcehx07FvkO
2020-09-23T20:04:38.790543567Z,2020-09-23T20:04:43.301389033Z,75 8Y1SrCe5LajfsK4aRztpd6QcyYt5xRJLDWyS5ztcVUPtWTjFFiduhIdlDVW6Z
2020-09-23T20:04:38.801580198Z,2020-09-23T20:04:43.368463362Z,76 yWgA9dYXop98O5yEPGYXYM7iT3ns3h325NpGP2CK2BD16KAnKYS4rqnUJLFEg
2020-09-23T20:04:38.811978691Z,2020-09-23T20:04:43.441782397Z,77 JiswRKBgadJt47J48nnFo5TZxsFYdrALvhycgkVp06wEBMS1f80qxNjVA7p17
2020-09-23T20:04:38.823350376Z,2020-09-23T20:04:43.513157722Z,78 eAfW8JC0lBmfTTvV8c4XnzV2JObMwKNvFUHr5PFsELyOTEvxzR7FepO296LRP
2020-09-23T20:04:38.834874761Z,2020-09-23T20:04:43.579136875Z,79 YzcmgowqgczN9GK73YFrktx9jrMh2G3CXe8Cde9gRbialkr82BYzpompealyW
2020-09-23T20:04:38.844903447Z,2020-09-23T20:04:43.646860695Z,80 pGO85G8wMTBegIxJB9DfTXlZ3xS9sbjjCSoKqiFh33ZKW619QE0xvz96bF4NX
2020-09-23T20:04:38.856906478Z,2020-09-23T20:04:43.716083470Z,81 jgtKInbI1pR9V1CK0SbgzLvY3FAxlKNxZfn21gFygfUSqe1feMRxwHslt3eOD
2020-09-23T20:04:38.868902142Z,2020-09-23T20:04:43.784990090Z,82 rroGpJCOKHHgj5qxh9dMM8EAcpCbIwmzPKe4ZeDkX4vC3VBOhnvBPQdAfMTVL
2020-09-23T20:04:38.880355366Z,2020-09-23T20:04:43.853584613Z,83 5dyxWFtmVjKjPC1uezaP69X4OHQTdStEsPr5k6NUFx9nkLkkSp0oK6VZFDP8a
2020-09-23T20:04:38.891731997Z,2020-09-23T20:04:43.922424774Z,84 obcjtTyeBIAJ7ZTyjy19wZSIvGSK3i6lic3MrfTeh91uLSKfdnbcdjVsGfpNE
2020-09-23T20:04:38.903095914Z,2020-09-23T20:04:43.998618908Z,85 OPojHnZ6AvqDTGTrh0M5snPGLC0AaXTipoGiLOjaBPzQg9BJAb917obncFZM8
2020-09-23T20:04:38.914203574Z,2020-09-23T20:04:44.069506158Z,86 YXIK7RCRLBGIN8J6GSAyZ8h6ADmdtpZ3NHhI9a0gV64eoY9X5v2vOmg3j6iJD
2020-09-23T20:04:38.925783329Z,2020-09-23T20:04:44.138525372Z,87 bVXJVHZ0AR64kbhD4YdI81084nq81k3dIdHKBjXwakiiREavpVZjnVPaCKF1r
2020-09-23T20:04:38.937648419Z,2020-09-23T20:04:44.209315201Z,88 YbgWkeylwZTL2v6LVxACvc30zvApPPZlIX65VwkOfL0tu5Pn6zLq8tdXIOa17
2020-09-23T20:04:38.948756042Z,2020-09-23T20:04:44.278496691Z,89 RyPRTrng0QXJq31hl4SETLP3Cy601mn4oJ8p7ktNBfrhJltwXwYqTgHmb97Q1
2020-09-23T20:04:38.958919671Z,2020-09-23T20:04:44.346010847Z,90 id6TBajVsiCLKwoHODQrucMk3g9SMWh3w9GRNxGOr03O249k78O13NXaZ9vcZ
2020-09-23T20:04:38.970429203Z,2020-09-23T20:04:44.417527320Z,91 TvE1qHYoBb8PIpXv1VmPb0SXURc1FdUu7jpCM2TKXjwJxiGPt9l7iwDWEnZJ7
2020-09-23T20:04:38.981900507Z,2020-09-23T20:04:44.483621599Z,92 2MQZr4pouOBlyqaWGPooILSHrhNZZGHKzATIIeRaP8tsgnQAZu7RdfbxmoOBK
2020-09-23T20:04:38.993002783Z,2020-09-23T20:04:44.551936474Z,93 rzBmLEAwAhPEcipN8jMKENl31rEcXTrwhvQn9pYvWvSwFulx9fpw5jLzr9yhR
2020-09-23T20:04:39.003974674Z,2020-09-23T20:04:44.621959945Z,94 1B4Pm8bL3oIJ1olRMXxE1cSllzFDG6QtlezBO8hFV5GCoF04LcHTPmEnCpYCB
2020-09-23T20:04:39.015190485Z,2020-09-23T20:04:44.691779345Z,95 lqznuc7dpIeFrRFF3Dd95Uf5DEDoRFgcELCs5SyALCsGdObHMuG0EwHqOFOU5
2020-09-23T20:04:39.025999576Z,2020-09-23T20:04:44.768202023Z,96 ytgNGQlm9PhcyS6Q8rEeKDHSyi7FWIx5Zc0IPTFiGPwW1p0OYEWiu2dS2Qy8b
2020-09-23T20:04:39.037032454Z,2020-09-23T20:04:44.840237535Z,97 7S06Vumvgx9fKlZE2XTPCvXHrf4hdx3x5OJ65pfoH2DOGeIAG4RXAGsat0wrM
2020-09-23T20:04:39.048728412Z,2020-09-23T20:04:44.913932522Z,98 fQVjTXlBlTr8CCkqXEvXGJcvHRK4gKrzaltj20dazcXHYJbEpMe7pifpj0SM7
2020-09-23T20:04:39.060342629Z,2020-09-23T20:04:44.988042034Z,99 R6qso2cE9gtw1pUPpa2QSRW8aqlaYrWByqkid3bd5AN1B4IgBjkTqtVfiBoJT
2020-09-23T20:04:39.071211128Z,2020-09-23T20:04:45.060943715Z,100 THU88QXcLgBEC3hwZ280pUHvcXyKjSXfvquQy1G3AmdlfcZ69JvrW42ejxWu
2020-09-23T20:04:39.082206335Z,2020-09-23T20:04:45.135657369Z,101 NsPeUoaE99pmAGIpTgcy3Rx5rnDY9Sey5UsX1zWujO120XUjBIOswv0LUI9n
2020-09-23T20:04:39.093243074Z,2020-09-23T20:04:45.209414338Z,102 T00V6acHHIYXjWgC9EfPsuvbZBAH2Hi8fY62uHKTBrKM5JgKwFZ4tv36QTfU
2020-09-23T20:04:39.104943157Z,2020-09-23T20:04:45.281668880Z,103 AhIoYY3SLT6neDhhNUEI5ZrgwzIQZREimuCpUs1GsY8AQLle6tU8xrlPIjFP
2020-09-23T20:04:39.116252266Z,2020-09-23T20:04:45.356373033Z,104 j9T7dOStz7BU9nA4MWLs45fQ7TKq1ff5eHeADqdHuf7RYhHV4hr4sLtjdQSf
2020-09-23T20:04:39.127031377Z,2020-09-23T20:04:45.427277814Z,105 xlFSrdDTe79sz0Kwr9xSp8r7iwJneYNaOINnDT96ao0pm3IIRJtFD3cla1Ss
2020-09-23T20:04:39.138316498Z,2020-09-23T20:04:45.494978370Z,106 Pv1nPXxAYlDwD8vbFPOPL4xxYh52KLolkToATopdNcMXtmACuMle7S3LFZkl
2020-09-23T20:04:39.149358467Z,2020-09-23T20:04:45.567523887Z,107 wkAaWqHbHvAA4gWPkZ13AXWxUna0bqwemcSUmqfcMzrQfOKfdsPiZl8ILrOX
2020-09-23T20:04:39.160373323Z,2020-09-23T20:04:45.636863363Z,108 LUU3682Y68RCyPH9SOZq1DSqEe40V0z3vHwsXAExLg0yXASSrirTOYRAajbz
2020-09-23T20:04:39.171171410Z,2020-09-23T20:04:45.705512120Z,109 nk1f5RmUZeS6eEmg2vmfRndYuU6cZwTtZEXV59CpuIZAl4WczLcDvvAiZWye
2020-09-23T20:04:39.182550282Z,2020-09-23T20:04:45.775323557Z,110 IHxE92T8DFiMqzdBvIFmgJxdt81gJAU5w3NoenHjqNimm7HqfclNamxWzR1z
2020-09-23T20:04:39.193419148Z,2020-09-23T20:04:45.842362630Z,111 TwN5PlIayrU6SIYV3YY9vRV2IskLRlPB17wXyBGE8N2nywo5CPJQnML4XXWX
2020-09-23T20:04:39.204206983Z,2020-09-23T20:04:45.920700469Z,112 hHps6SxBK6alLB05uzGg3kxbPUUhi4q3k764XDmssvQw8dryjGvQwDUCeHKK
2020-09-23T20:04:39.215174701Z,2020-09-23T20:04:45.987576961Z,113 Z7K79KzuiKBlr4W7NSpgmfhMzfmaCdNuNa8E0BgLDkwXhFJXDKHneo5MGWmU
2020-09-23T20:04:39.226689223Z,2020-09-23T20:04:46.054943885Z,114 ayapct72LD3ZoTxaKY4eQtGip2sMjjrdyFKVKc8bwqXK6L8j3hdQDbv17zey
2020-09-23T20:04:39.238193550Z,2020-09-23T20:04:46.126130897Z,115 qmTEN5lGchkNMZrBrzK1XW5AQzFODRNNyFNOrsz8msRR08B0OwPFAmFebI2w
2020-09-23T20:04:39.249141701Z,2020-09-23T20:04:46.197276587Z,116 TESJ4A99NLJywbCVtMQ7Y7mVJfhUPbu9kcg5ySU5bjkZrcURN3VZW64jBAMT
2020-09-23T20:04:39.260066378Z,2020-09-23T20:04:46.267485923Z,117 lBBKrHvroCUbvZKkguq4lCtDrQuDHPiejoaQMFQv0Jtcq6vQF8JtJWTf4iuM
2020-09-23T20:04:39.271443043Z,2020-09-23T20:04:46.335267586Z,118 S3YExvNGuP8auvxisXaeiZ6zLNKyuV4HLEdsCbBkgv3cNOmMs6vrGIgTz2L9
2020-09-23T20:04:39.282324611Z,2020-09-23T20:04:46.405717724Z,119 swvWL0q7Ats2CvdnV9KkadeP25X7A5Qlqbkv9Tb0sVsjycrxn1MlSrz3A1S4
2020-09-23T20:04:39.293980762Z,2020-09-23T20:04:46.475563320Z,120 9ET9QIGgINvknYOCTvzW3a0lkQ4MqU0I0TSnBpJKLtvYObehgWWbYu3eH1w6
2020-09-23T20:04:39.304190911Z,2020-09-23T20:04:46.543938941Z,121 a4zgNcoUXyzpcASIQQbwIAnQVUCzjb5nXDZyb7ok1NTM84HIJLfa9QAO9HVf
2020-09-23T20:04:39.314886088Z,2020-09-23T20:04:46.618050647Z,122 80RyhKZFC2FGXGVMO8mGCenapYaM7usQ5sKgkzEu3Gk8oabEEqExhpIztfzy
2020-09-23T20:04:39.326897001Z,2020-09-23T20:04:46.689511249Z,123 6vLYJmaY75X6PwmFnVBcFzE5BiH7tTVAlw43N9mqCRWT3zCFUDLS0mnokM1q
2020-09-23T20:04:39.338629723Z,2020-09-23T20:04:46.760732034Z,124 hkjE6WuEfBIKQQcVuLG8euDIOUo1D1BHUPgVsgGpttaEpH0n53iJolBTm5ib
2020-09-23T20:04:39.349117084Z,2020-09-23T20:04:46.830668043Z,125 zq3F43LJRwVdpDe6N34t0nuqBfEMTdSLRvco7lernpP2GV0ghx6qZHasyPWN
2020-09-23T20:04:39.360117914Z,2020-09-23T20:04:46.901901914Z,126 OSULamFa5Ig60YOI2Owf0Vhit05z26j7Z2sQoivBWrtvgryv7CZ9cZAgl471
2020-09-23T20:04:39.371161477Z,2020-09-23T20:04:46.972394502Z,127 mM5wzW9oYwwgmS6sfmVAjsqsjkTdU3JY4l1kQcibuFC2kIWrdg7sDNrnUrKI
2020-09-23T20:04:39.382076617Z,2020-09-23T20:04:47.043700150Z,128 P9XI9mMYSmeE7U3HOF3h9Z5IOFsm6a98s4Ltm8waUXesWObxLSs0ubTMgBhH
2020-09-23T20:04:39.393335422Z,2020-09-23T20:04:48.133311244Z,129 n8q4L28p9OlE7oX613BF3V7JX5ktRmcPu7B6IpntAv8i1qMKUpZhmMAOXqso
2020-09-23T20:04:39.404373000Z,2020-09-23T20:04:48.194956641Z,130 wyv7ChAVSzDhp50bL63D3TdSsR6wxm4sbn6J01UT1vDoQTx9AranCGDC9wmZ
2020-09-23T20:04:39.415520153Z,2020-09-23T20:04:48.258376644Z,131 xM0lqKdZ9fl239HI8zgSwd9K8M3QstQZwQcF2Xz5YFFdq85rDxxKJrUa1VbP
2020-09-23T20:04:39.426233574Z,2020-09-23T20:04:48.322021363Z,132 3q0Vq2usTZwvNATxnHNH34yLjgtzYPmVqaOZxUm2ONaRsnBLT7XsDUrmA4qZ
2020-09-23T20:04:39.437465763Z,2020-09-23T20:04:48.387797946Z,133 ozPWmZRpMAXVXhO1hpChlmucyj2bBJndC5RKZPOa4SNUhkhVOLLhWLeRnDXX
2020-09-23T20:04:39.449047254Z,2020-09-23T20:04:48.453003347Z,134 RIwHZkvvsyGfz6OYCQN1hEZZVSuUxbmbUBGPO9XyGf0o5TX0e7ItttqOvVha
2020-09-23T20:04:39.460765662Z,2020-09-23T20:04:48.524762573Z,135 pE1n1Uxr15yTRUOve6EZSR4khgcL1zJXsr5qBBfziA5s8VsMP0AMy4lX5YWd
2020-09-23T20:04:39.470921997Z,2020-09-23T20:04:48.599248120Z,136 Cq84IK8ZkVJIjVm60fiLuXSmIHK4HrKZItBOLp6FWt4AXry8NcLLdRzR111a
2020-09-23T20:04:39.481854926Z,2020-09-23T20:04:48.671731217Z,137 qwL3cishoZTWXTjidi7A6AM6DyjTcJgfm7gQNZuEubuThmn6uAaLva9QPvtj
2020-09-23T20:04:39.493400824Z,2020-09-23T20:04:48.751157834Z,138 mjVSFuf2oIUz1zWnT2NWPT9LNK869dWY9clzuN6x2KBLsbrCPNvgEhcYAakU
2020-09-23T20:04:39.504517872Z,2020-09-23T20:04:48.825593853Z,139 v0QQNZT2HdPKrDuD958YZFf2mJpAdd1AhpzR8DTdL8lUS3po7ghIxj5d61Ps
2020-09-23T20:04:39.515030493Z,2020-09-23T20:04:48.898866022Z,140 BAqLPr66VWu4K6zE5sxcGyCqKN0V6WFGDCiNLu6Wi9BEbIjUPtq7xtFqmkE4
2020-09-23T20:04:39.526717676Z,2020-09-23T20:04:48.969379086Z,141 3YX7rg6ouCbBnnkkoPrr452k5cXbjlHDdhhWM6X7RrryKiqUz46EPo4d5Zhq
2020-09-23T20:04:39.539441543Z,2020-09-23T20:04:49.043544137Z,142 wsfMAUJf6ws0zPkWYzJNgWdaeJhFrwUif4gpi6pfcE6w7tR8m8XQ3fSRHbnR
2020-09-23T20:04:39.550668763Z,2020-09-23T20:04:49.117216659Z,143 KbTLYz3HTG0Sn27BMzHgFZEW5aK3gq2239UqoJBdNialKtanbWvZtxX73MCb
2020-09-23T20:04:39.561802769Z,2020-09-23T20:04:49.188110743Z,144 3J42D29ExtfLUEOPIIG98nHiCUmsSvLxNqWnExatpPNVPCF0Mj5y0lsZF8gQ
2020-09-23T20:04:39.573835746Z,2020-09-23T20:04:49.257692263Z,145 fqRKh3seV0gKkhaflNVQBzZNRTq4uTMS7XS4oG7w9010S1TqsEORnZiDkiTJ
2020-09-23T20:04:39.585232440Z,2020-09-23T20:04:49.329210307Z,146 Sdb3ovAMXEqmYht2QVu65orFe5SLdCbFSguEorXfJEoTt2ImPhE07X2GgC4a
2020-09-23T20:04:39.596723186Z,2020-09-23T20:04:49.400549082Z,147 Nv3UaHUB6G5XIYI9TW4c7HAiNAwbpdDdc4nogOixzY4ufOUkvpcIqYX7cULB
2020-09-23T20:04:39.608428344Z,2020-09-23T20:04:49.472575006Z,148 AdM7amChelu4WNXREK6mz3KZ2baW4gtDBSZWSvmCCLH8FTXb6crJ0e1MFvk7
2020-09-23T20:04:39.619091199Z,2020-09-23T20:04:49.543217044Z,149 Xis0sTIu5ol2A0on6nFCqyVjwsM25wMViebM9XNSAERjzaNOWd9SFoBj5qIu
2020-09-23T20:04:39.630062464Z,2020-09-23T20:04:49.611078970Z,150 Sfv7jshu2RCqbmJiGLv4P8A7btWUe6vtoZRULI17sPQDCbluwoupxKL2Q4Zk
2020-09-23T20:04:39.641535354Z,2020-09-23T20:04:49.680712057Z,151 fscWX9HczZPBt8yz6VVaMKuY7f16767oum5MOsqcewzwQ260gJ3uFeFC12nk
2020-09-23T20:04:39.652140244Z,2020-09-23T20:04:49.753467907Z,152 KXFXVUJeDNKQLly22ma1oRcdigowBYdmBCWlaIUEwCzcQ8JPEK6vegMKtgl9
2020-09-23T20:04:39.663814224Z,2020-09-23T20:04:49.823548113Z,153 RMAH1jYgxzerhyA2Dxt5CTyJWuU8LTFWHnphqh5qxyphOC0KBMowKt49vINi
2020-09-23T20:04:39.675009806Z,2020-09-23T20:04:49.893103140Z,154 WV9xUbnaOuypqNUVHxCrFuUCfoAC2FkD28y9LjnKSyI5SGP8xMnYhJ8bsZGz
2020-09-23T20:04:39.686738580Z,2020-09-23T20:04:49.963820414Z,155 WSUrujWOGKV1rhWscp3RGzJyMMVCCvIOg84kXRhFQuhTLZdWBslDR2PqlfLQ
2020-09-23T20:04:39.698145480Z,2020-09-23T20:04:50.035880572Z,156 uYSRGzDzkKFOI21F9Bii2IZu5jbjLGWMQ6bKCE43R8gYR6gJfjAvG0hXllpg
2020-09-23T20:04:39.709381213Z,2020-09-23T20:04:50.102661017Z,157 vczFkQcAD7CJVDnkKSvNA9qwLECP4v9yW2T0ueA6ifrM4XVQDVMCSpUBmgvQ
2020-09-23T20:04:39.720741833Z,2020-09-23T20:04:50.172918286Z,158 W9m5HQvEBvtj5zAvf8N6ijE7eCkwxTe93n7NRDelyrMcUjTr32WCR2hVSl04
2020-09-23T20:04:39.732707649Z,2020-09-23T20:04:50.243301663Z,159 UmAN1RFd8L98q4nQpE5etBJ2cdNGSSPF4gYzxUJXiUg8ys7Z3ZskNGuqiVgf
2020-09-23T20:04:39.743051722Z,2020-09-23T20:04:50.313515531Z,160 EGN8Z3RXKL64uQzPR2voFeoPtDJa9k4nTnI6IjcsBaILDTXNV0WL7jyOB7QU
2020-09-23T20:04:39.762064841Z,2020-09-23T20:04:50.384719247Z,161 T1RmQKRZ8AAeDo19DzNKQeq7gsD3u9LmTUK7UYsnyoUSQ3va5YIC5cvwmnJS
2020-09-23T20:04:39.772702568Z,2020-09-23T20:04:50.452798199Z,162 2vQVPdQ86THcztGlKGO8YKLY5b8KaRSEYkFAGyJ4nA0Btkgvf3hyeOmH6AZ0
2020-09-23T20:04:39.783869311Z,2020-09-23T20:04:50.519515823Z,163 CAz9ILkqWLF1JvNtUwOn685PsylSFT3qYFmr2qylrT9YnxdWSQofP2FGElhl
2020-09-23T20:04:39.795343057Z,2020-09-23T20:04:50.585033559Z,164 LKohv6Yt8SV0mbtEKrWX0mDCjbqjYMh9uQP0nuYVvqpp9SyNXEkX5V6BPVE1
2020-09-23T20:04:39.806023904Z,2020-09-23T20:04:50.652622064Z,165 YCDqZBUVU6g7h0nwWk3QviVo4c5F5o11ADGGBy5Tpi69q5alXxIO7OpIA1Ks
2020-09-23T20:04:39.817925244Z,2020-09-23T20:04:50.723417091Z,166 KftWP02ZUX624dze6hnpm2pzPcR5DzpiIswC3vcyhi2QuGRXNWY9nW99iq6n
2020-09-23T20:04:39.829420751Z,2020-09-23T20:04:50.791719659Z,167 iwZ5xHtB3te9gNmHegtHPtkBRO6llSLMe5iNyI7yCSpricElwkJsICXfenC2
2020-09-23T20:04:39.840086090Z,2020-09-23T20:04:50.860282644Z,168 fm4TRO3jiLolxwY0ASV2OZdjptmeghdLgbhXweisNd02KGkRBHQ7WEbfnpg6
2020-09-23T20:04:39.851208309Z,2020-09-23T20:04:50.933120742Z,169 YWyR13qwLw1RRyBu200IdcMcigTXoqgYXGtgFjbghZrlbj5hScyJvncyy6Hr
2020-09-23T20:04:39.862604379Z,2020-09-23T20:04:51.001256333Z,170 rUEUBgfOz7EjGay8wAKFJbNULvjKgEAEzv0vCM27QsJfRHU0RqjjLBjgxYac
2020-09-23T20:04:39.872922854Z,2020-09-23T20:04:51.076294784Z,171 NbOgceG7JKiLqzi4sZptU6sqDCoUzi6NPjtJWJJN2rIvb0AYj8qGSFZ2H5nr
2020-09-23T20:04:39.884753848Z,2020-09-23T20:04:51.149680529Z,172 hPzjq0Uj8Q1V0xlNywmmoUZ7e5m0XBmSLEeleiwZXDEBy8RAj4DS6ffdnbqu
2020-09-23T20:04:39.895355682Z,2020-09-23T20:04:51.219046888Z,173 6B8j6Pgho0b5igB8yHHekSjhV0JDKJ1TsAA5Y68GZ86lB5qtFSsiKEbyv26t
2020-09-23T20:04:39.906736675Z,2020-09-23T20:04:51.294424166Z,174 UGqJUBQf20fVhVW8ozGz7Kz9qed9IIKG5m56Zopexqxa72GrG8wR7413CUqX
2020-09-23T20:04:39.918292391Z,2020-09-23T20:04:51.371995711Z,175 dAt4p5cXJmw8h8TwlhCaBYNEGIhc7Y9IQKOG77S10iM5QmQA7DVU9gulZBZQ
2020-09-23T20:04:39.929447331Z,2020-09-23T20:04:51.443254449Z,176 Dg0sv9FYUZUkDSr01gtaUCIwQ6UX1wNfD6uFKQisjRQym20pDVKG4i586XE3
2020-09-23T20:04:39.940675492Z,2020-09-23T20:04:51.513238742Z,177 Y3mVHJk6qNlIf25eNzfTND4n4sE3pSafhqkKOEZclO0HiCFCvmr8p3llKs5U
2020-09-23T20:04:39.951164536Z,2020-09-23T20:04:51.586642426Z,178 NvTwFlYhB40S3zoBO5UypOr004GTcQGmF4ViHvp98ZZIXByvzlsRUOAMI29R
2020-09-23T20:04:39.962707776Z,2020-09-23T20:04:51.660294927Z,179 ILsiz8LRiVfwPUP8C4evmInsVp4M7iE1yb8MxyrjFRYNYz7XT5ziXbJiTvBq
2020-09-23T20:04:39.974691950Z,2020-09-23T20:04:51.733656877Z,180 q6uVZkvZRzQbvP1Rds6vPGynEyG7qzMekMj8h7O61wyczYTXPJWci82cOIt5
2020-09-23T20:04:39.986492573Z,2020-09-23T20:04:51.808545970Z,181 0gmlIx4uLoZcyRcXjPH8JACNl8m7JBtz6KUc8lnXrbPSxEibH7xmdQE5O2ia
2020-09-23T20:04:39.997303842Z,2020-09-23T20:04:51.879650699Z,182 vEQpXIjHOYdiQB0Hz8Tak8rht4eCilbaXqnIoqG9w9BH5P2c68DW68OQG0GC
2020-09-23T20:04:40.008807461Z,2020-09-23T20:04:51.954061833Z,183 ulKvzh2FBrapxQkJmwCXTzsdFlhksMPtquNs189LMrUsaMLpWfKaW6oeqAGq
2020-09-23T20:04:40.020419294Z,2020-09-23T20:04:52.024939308Z,184 rFlbKv9fGbPbZA1UQQil6m8cZUqUuEXp5tg1HRTulG2OAaI4h2fgcnHROz5A
2020-09-23T20:04:40.031665925Z,2020-09-23T20:04:52.100566178Z,185 SusSUWTR2YwVHkR3LYqGWihIJ0HqUN6Q98bXgeu019L3yK9JNPuh5V77c5dS
2020-09-23T20:04:40.042680080Z,2020-09-23T20:04:52.170249921Z,186 UIBUu5nOAoDK63UcZDpxBNBw53QvVtcepsqnCJJf99KdovhxziKpJuLzmoVE
2020-09-23T20:04:40.054339148Z,2020-09-23T20:04:52.242756435Z,187 lRbC3adrjfcXz6HCraFxg9Fn7sOyW9DzvTTlyZtiFMBQO2qZg1yxOBsYfXCC
2020-09-23T20:04:40.064925073Z,2020-09-23T20:04:52.314926834Z,188 nmyuHhhA2TB5KJXpIytfIiCGwK2DeElavQixvzEJcHmr9UyUOVhcF5gm0tnN
2020-09-23T20:04:40.076169797Z,2020-09-23T20:04:52.391058398Z,189 rxlB2q0KPP5EikxJOuQvTU2WkmVvWvAzSamLNySeBHpyiqG2kzM9Edqfl80d
2020-09-23T20:04:40.087660088Z,2020-09-23T20:04:52.468433674Z,190 TuO0CoIoVmdLH1tV5vmDEEHMK6dQthSQewUnnt6ReNvDxhJoYT2gjqu3QrSX
2020-09-23T20:04:40.098177815Z,2020-09-23T20:04:52.536530248Z,191 aa6ziqqTeeB6vKWyk3p5e0yBC1a52AcOxknh8GfSZX1gXU0n9QOMrNcpZbC2
2020-09-23T20:04:40.109410993Z,2020-09-23T20:04:52.605367977Z,192 FrRTybFpvBnoiQhIomYzmqvFqcbOVzA5Fr2RwY9J3iL5Xkw46fUyOCSUZCd4
2020-09-23T20:04:40.120172525Z,2020-09-23T20:04:52.675067285Z,193 eMSfUidbqyGvfxoryKVFiNyqOkEBa1wMo0kIdRLFiL3TQTmNHilpEYNgRPNI
2020-09-23T20:04:40.131201401Z,2020-09-23T20:04:52.744422880Z,194 oi4gbswHTvaffNfeyvl4r6dVoeZyTZarMRdGYeeoLHKQCzQKNIU2K2g5Zsvu
2020-09-23T20:04:40.142683125Z,2020-09-23T20:04:52.813887408Z,195 zpvu1FdqxqN6smTvDUcCQCeXKYCWN7ffPHBumvjwZkZbY5CTho64taHTaWX0
2020-09-23T20:04:40.153808006Z,2020-09-23T20:04:52.884589761Z,196 SnC14hOonhLOs0b0LLTphPjJm27750BWWlqcBhOmifD2vaI8WBGXUzwAAXEP
2020-09-23T20:04:40.166094874Z,2020-09-23T20:04:52.956586768Z,197 125ZJKgZaGwJ29Kf3pTdux49bshy2dcPbIFy1hk0QyHxJG1bvGZwM8mmzr1X
2020-09-23T20:04:40.175988446Z,2020-09-23T20:04:53.025511644Z,198 Eud64zWNOHFuCOPHldPYRjbq3WcIMgoKB2NzY3CrybjzJXMLnurz22W8qhjY
2020-09-23T20:04:40.187093937Z,2020-09-23T20:04:53.097885891Z,199 HGUycXoqpVXscww3snyl9I4rL8ybg3Cd9tFKVb1XxaTp7h86vDMRoIGJFMfm
2020-09-23T20:04:40.198586369Z,2020-09-23T20:04:53.170077836Z,200 BLrjTfalUgHKhfCwtgFESyHaMG0t3IRk0q3VVM6EGiXQCJCUMvuQpTg30nDU
2020-09-23T20:04:40.209984173Z,2020-09-23T20:04:53.243276322Z,201 XjM2J9d5bbJzr1UZC9S1RUVVdbbWxFf6sxOYlrFTcIb8tqGVrXp5Z1BvPYSu
2020-09-23T20:04:40.221475269Z,2020-09-23T20:04:53.311743543Z,202 EgWNT0z0MZgySTi8pKs5fHel1OABbw9qRjzorzeeUZpU9vMac21RI9deBIU2
2020-09-23T20:04:40.232241126Z,2020-09-23T20:04:53.386923423Z,203 IoKOU0YjOTWi96r5aj0gswKTCbjo7XfwShTMpDlLF6YZtSCEpAtuSKCccILW
2020-09-23T20:04:40.243228374Z,2020-09-23T20:04:53.455639000Z,204 WU1DlwgFEQLAND7atHgIzL3AhDCFowaLNi5gybFSY1ESgV5sRfvCKuus90w9
2020-09-23T20:04:40.254548390Z,2020-09-23T20:04:53.522912539Z,205 xWqc6gZN3LpiGYNaizSsWsXZMsxXZaTm8BvKcBFg9YurJNaBiYRlOAAKtDh2
2020-09-23T20:04:40.265759068Z,2020-09-23T20:04:53.591896029Z,206 kCL5BO0LIPgSQu8XnlodkyqkQRtGTfzvUpY6340qRRdXa9zIONyt6HdeMk2e
2020-09-23T20:04:40.276081770Z,2020-09-23T20:04:53.657423679Z,207 f20j5WqnJAibiAcKJDkAf36CMgNeIEYNGTxvaSoa2VwyO6ieEb6DYAVHJ1ha
2020-09-23T20:04:40.287420643Z,2020-09-23T20:04:53.723144239Z,208 LejoIFfQKKBCvaA3VL1iwnAIpixGSxQaYeUOdeanTGs9YYyDLKlqkDjdlFqQ
2020-09-23T20:04:40.298707333Z,2020-09-23T20:04:53.792227136Z,209 UbMwwErW5e5n8pU8QMR9MZDDtGvte0RAu2zpV2hjq7vP6Tys4RQDPg2yaw9d
2020-09-23T20:04:40.310415341Z,2020-09-23T20:04:53.862329372Z,210 3DBIACeCqSplaOKIo8i7kZ7XLBndnZbSzg6fyQwPo1cS3QViVRo4pAS8RMpy
2020-09-23T20:04:40.321120842Z,2020-09-23T20:04:53.929325171Z,211 GSnyOJEDKmQhWpPRFMhcgbi5ovxO6A4Skya6ZuJS8WIQtHQWzqLsN6B9DGC4
2020-09-23T20:04:40.332510931Z,2020-09-23T20:04:53.998635639Z,212 81aYcKqyIFLSQk9tASKLQx8QXvMnPZXdRhs6OVy5nKpOMkUNDgTEPTzAPMcb
2020-09-23T20:04:40.343893120Z,2020-09-23T20:04:54.070103295Z,213 Vdbv3e4JIydF1kGVDm7mr9JJtZKWmLXjjWT3vQ2R8X4dFDH91iCpLMcqgHQp
2020-09-23T20:04:40.355496871Z,2020-09-23T20:04:54.137219275Z,214 eXaSau8PfIUjt9o4K9D2tBghf84y0nWYXm7mbsUYtVq52t0mpm230nzptzOR
2020-09-23T20:04:40.366339408Z,2020-09-23T20:04:54.209377719Z,215 dtDoXbQ2u9ujw3QKjDqcnqCqwCX2pubdayoOWaRtAGog5WruEhSX5PeZoPuY
2020-09-23T20:04:40.377695720Z,2020-09-23T20:04:54.274201937Z,216 TmcvKJZAWp6DH21a8Qv78N9lqkbKt45zwnYlhuUMVBJqWkd7gXm30sOyPH51
2020-09-23T20:04:40.389002517Z,2020-09-23T20:04:54.343074540Z,217 oqM1SxzXLiqUgFsYpOHxIQgBp0iDb79PoL8Kog1frlEtdJPCqJ7jweDooYyg
2020-09-23T20:04:40.400203927Z,2020-09-23T20:04:54.414305364Z,218 9KXo8zpBUv2oTH2qnwmQ6nhaXqCfgFvpeeogFbl1r4LRfqTPLsyH5PjqmlPS
2020-09-23T20:04:40.411792269Z,2020-09-23T20:04:54.480116497Z,219 nrPomFv1IqKBVndsCtE9b8YwwuKu1LzHqLgUyBZTs0yK6UkWkUaqYkFfiEqS
2020-09-23T20:04:40.423422416Z,2020-09-23T20:04:54.542654702Z,220 gMvG4LqitSJAOxI57pvJiJB8a9LYAndqXQSo0BFJvGmZHsXu5g4JvQBiKFFJ
2020-09-23T20:04:40.434027505Z,2020-09-23T20:04:54.604987591Z,221 ASAh0RVoTw0nuXvMCUs7BhR6SYyytP0iKrLMv3DZBtlPTEuWN7MqEgSlrxkm
2020-09-23T20:04:40.445311169Z,2020-09-23T20:04:54.669265115Z,222 w5hLomigq04xPvwYy0jp6cUEVOm8jSjl33cnyoJ0GkwtmabpolZF6LwyRqN9
2020-09-23T20:04:40.456380115Z,2020-09-23T20:04:54.736462506Z,223 iJlHEdJJ4F73cfMthzsN6vq3AyTxc3PajE0ddlTFCPqBYYaBgnz2nmol1ebI
2020-09-23T20:04:40.467324237Z,2020-09-23T20:04:54.804625771Z,224 BrcB2OegIFi5RMzep2e8okymSLuEcm67P0bJwesQHw2vXROhQIvsvu6rf8ob
2020-09-23T20:04:40.478665380Z,2020-09-23T20:04:54.871599647Z,225 u8gWJCrcdAqKUvXlKvtJfASHsZyxFsmlDZfOHQPNRIR182tynjGXJRSG2qXe
2020-09-23T20:04:40.489253222Z,2020-09-23T20:04:54.944628961Z,226 1Wet3iTagaAAac6P7ZGMyBVHf3YHNYTeSFxhV7lPtn5LK6RjSPWxflkV6ekg
2020-09-23T20:04:40.500068942Z,2020-09-23T20:04:55.011841376Z,227 YCvobFgko6s9DZpSqlUQj8bv83ynPNSDipFZMtxGOZRTBkPqG3MEIxr6PDsf
2020-09-23T20:04:40.511748668Z,2020-09-23T20:04:55.076751826Z,228 YnbQQ1snVx2Ju45sUxGiQVSQwZWgquCGQtsq3vScWwtVkkLrdA9PVqRAbwx7
2020-09-23T20:04:40.522912896Z,2020-09-23T20:04:55.143798916Z,229 e50F4RBxQzy5dNv37SRCrdy03fWjoXVH0qCRjc3oL3DJMyIHnvoGjUvWrbjA
2020-09-23T20:04:40.534536392Z,2020-09-23T20:04:55.212921639Z,230 1CCkwO9QzHhYp9bBSMZkGXcHQD1e0jYPDnGEWmgFRxiw6T1iXSI9QfUYhJvG
2020-09-23T20:04:40.545549822Z,2020-09-23T20:04:55.279547669Z,231 H9iJKFwVVlTUJCt1cXVjAA70tipoUDpC12oDaQ4bP904djsg3qICwSDJO7px
2020-09-23T20:04:40.556433640Z,2020-09-23T20:04:55.345338037Z,232 gFjMHxnhcmSNFisi9Luf9fb1iH6e1yD835BBA5Ui0d0bgavsNzPK5fdzof1G
2020-09-23T20:04:40.568570157Z,2020-09-23T20:04:55.411685706Z,233 JjEkifXMOZN6glXkF0fqwVOh1ZttuzdoSuxHFIDYvrqYZGFJEyTCooBlMnYH
2020-09-23T20:04:40.580573366Z,2020-09-23T20:04:55.477451639Z,234 7553v8lhU7yNFhwvC6LpbxPQUaBxEsxcT5KyCgHmyaoNuR5AXXu6GGeSmEkD
2020-09-23T20:04:40.591141204Z,2020-09-23T20:04:55.540571547Z,235 kKwTyREPt86b5dPjU3us4fcn8mFndtseVB8Af37ntb9VEdhvXQCqyPGWKz3i
2020-09-23T20:04:40.602631457Z,2020-09-23T20:04:55.604186032Z,236 7dLDm5MitcHpt6a498Dj4UqnfU0QqrlmATu1FCzlWuzYdervDcWlnhvtAzvH
2020-09-23T20:04:40.613392312Z,2020-09-23T20:04:55.674881239Z,237 YjudUd48jkgTHjAVmhyg1cUufMVutFAtVbMohT6mTtCgi0FmpCl6f7HKz295
2020-09-23T20:04:40.624820179Z,2020-09-23T20:04:55.742902870Z,238 iX7wkZaDtugbsIKo6xQNgg59QLxJBHImsQ3h6fylfZ7bIZV5JefZ0VTak7XW
2020-09-23T20:04:40.636070494Z,2020-09-23T20:04:55.811492760Z,239 kukSpRXm1LRfnma4hoytc82aRO2HQYFN1dQy5mk8ChwCkc4X78qkeI8eXC4j
2020-09-23T20:04:40.647679114Z,2020-09-23T20:04:55.882655989Z,240 ph7nYkzCTVdhyeDHT5XE7XbwOTeSrexnIb9nmEFQchmeRuPr5gcbOJ21FyvA
2020-09-23T20:04:40.659101796Z,2020-09-23T20:04:55.950118487Z,241 4jK00bQRd59B85KU6u6zNT3iSHtRf9pf8LwIVaUjGHzzcd6A45ibarQ2kiFl
2020-09-23T20:04:40.670642893Z,2020-09-23T20:04:56.021893939Z,242 ayStfVzU23nuNKnQWn2iVEqOVBbN0NQkWvHOoIqvj25qwZyoxXBvEynINma2
2020-09-23T20:04:40.681503857Z,2020-09-23T20:04:56.094903104Z,243 DbuvsRd19xjvU78cIpJPOeZ8azCMx8zXlNAKyHm8vPKRMv7rhkbTDZesbeEl
2020-09-23T20:04:40.692503131Z,2020-09-23T20:04:56.167235183Z,244 4MhqUeMkseMKsn2EciBia2faMW0lzKWK2wl1HT5oDptP3Fi3wGqhOg6k9bI0
2020-09-23T20:04:40.703153006Z,2020-09-23T20:04:56.234159475Z,245 QNVQTnaVA2P78UGsT0rvlfeL0DFZWe2HyjXEiCnvzHrwWJH8w3EVzKDbPYEf
2020-09-23T20:04:40.714622794Z,2020-09-23T20:04:56.306081030Z,246 uQvftPDNRdCtxEFgM18s66ux6yXHjHKCWrUIqUGv3H5QW4WxcPolXLqnAS9f
2020-09-23T20:04:40.725365724Z,2020-09-23T20:04:56.376800813Z,247 9Qs19A7uX6uJpj37KXMLUnbWkTHiYmTh72ZP0nxlyRLoMisER6KfAMTMoGRO
2020-09-23T20:04:40.736738465Z,2020-09-23T20:04:56.442064161Z,248 xBJTUlNT6lHtoZnSitss47hnpskkqCtfHGF5lUnh3m0SA6QcK8gwDzrJpxOP
2020-09-23T20:04:40.747592336Z,2020-09-23T20:04:56.514996710Z,249 GiakBULl1uiZjrQ4I123vx6br1u0CV6xbqi1AhyA45aSU0uFiuKBhlCda8TA
