2020-09-23T02:24:58.260463525Z 0 IvvN0nsc0uoQGc2o07HceNHgrnGAvGhLYpsQQjEN1r1Fnx17eV8S8PBsIxqu3i
2020-09-23T02:24:58.273345644Z 1 hJYVxQ6hiL95jBLUrf1XMT716vp8ntEtIfKFQN5x13pDA9B7qhmjNalmk4VO5X
2020-09-23T02:24:58.284456246Z 2 KJK7pFVXpHupBkR8ZFNqZUhn9fLf9rxCAdcVf2sPfpUr567x8mGwsvp7A6Z0EU
2020-09-23T02:24:58.296860951Z 3 a9BJcrCHT8poYQ4I8JibYpxV5qgvMnRRUU9nRoD9089wXtVe6eCTxuGs8tZB8F
2020-09-23T02:24:58.307978538Z 4 pc7VlSEfAVRBO5tihnCa5S6ZIhgSp7dfHnA6MEEVbNLmlPwW8w7QXRGLpRntwc
2020-09-23T02:24:58.319472606Z 5 6ZwhYpFRuwiytAnX31sgdrsy66K5QfpwEhgUkHIy5F0c2oZqmSOyg3ZQurJvXa
2020-09-23T02:24:58.331059781Z 6 NTvkl3zW0IY3fdHhs87npiK9YPWYzAlrkr81OItVEUqUANXSs63ZpgzyN2FhMk
2020-09-23T02:24:58.344069123Z 7 Yb3fwknuqApyPfWKfj3pyTGbdUQuVCf5O6d2Ynl2VRvLHH3OfveGCfm8NDdjk2
2020-09-23T02:24:58.355597010Z 8 G6YXTIqQtvqwelpV64HBy2E9uigI8ua7wsWKYbCRjFNARdIzatHSMoSbHPPHDN
2020-09-23T02:24:58.366997877Z 9 9pObK58u27dNUV3LG2auRVrWyG9emSyAqNNTsbSHxA9zgVvNDlkWZvAXz9rFsZ
2020-09-23T02:24:58.378277711Z 10 MAeGlbNhkX7jpOWTH0wces5eOfuGGfnNdfaY53wWanGA6kANa3nClcPGRmUke
2020-09-23T02:24:58.389059713Z 11 JSAinVso2lsJRmE9Se2O2dcvMjxYUsSP0ZF8Gke3V26zF5ceyIauWjkyeWQIc
2020-09-23T02:24:58.399951976Z 12 Id8RYwaxCkVwdsmrTdulOlJGemB0kVHgHdDJmrw4zQZrf30Cv4188cGTLltRO
2020-09-23T02:24:58.411090769Z 13 g9MQ4HaHiN41yoShv9urqfQIj1Rzcfs6zw8EDez5Q4b0PjuR0AQmWehtHHpZx
2020-09-23T02:24:58.422125082Z 14 7azwFUAIStJGAfMepZl3uTtojjoAdlmKfigBuXwNXoASOQYoAo1ALNRhJzpMo
2020-09-23T02:24:58.433610057Z 15 B1B2IjDUYX0avugRjgW5GvHEhcnyhMljbPLRXRuWoZ7xB9tGXr4a2jgSxMjWq
2020-09-23T02:24:58.444714211Z 16 JPWt22JJovWuyuh7RjAK1owoMUg3X0zlIbD02OpWcRIiG3PLN92lXVTgCA830
2020-09-23T02:24:58.455876954Z 17 azdKyeR4bYaXMIpC3mOupu5zZq8PWGI4NRyvfbgf80hpnWYA1AiTL7Pu2nVlp
2020-09-23T02:24:58.466879313Z 18 rDC8oZqnaiEOWKvHXHQp8gf2tIX5Cup9SBue59Q8fO2O6arV9ANYlVuaNsU9U
2020-09-23T02:24:58.478160414Z 19 OSQbSQuKPUcTKJFiFyOGnNtb19Clxyl3srfBSCAgixhTtQy0xZByyq0AinsfL
2020-09-23T02:24:58.488904033Z 20 pLmiuIvxc547I93Uttz5J2p6FGoblaNeR0Os0HX5iM3eO33qCjxQjohE87Kxv
2020-09-23T02:24:58.499954469Z 21 L938KawuUUaHwa4JlSFn8nYqzTlhhhrxZ1sjNM288V4ETwnBtD4RZJ4HhZnML
2020-09-23T02:24:58.510863252Z 22 fszB99xvTqD2HFkFNvuhiwDyX5jNNGjIITHxc7neJW1pkOkyGpYxEf55joQ4m
2020-09-23T02:24:58.522495097Z 23 wYP52uIbagspowpPvNXAJT8xpO6YU5xeagywjrgP86hgDteM7OAAiJfdSLkSO
2020-09-23T02:24:58.534511996Z 24 IBJHaG8Bja7kTYxR4ooiIxhimaPqxrOexIkZjMbCJ9v3JvljHJkRqaq8Lxyp6
2020-09-23T02:24:58.545540092Z 25 c9DUrM1nnwj2kiijpttbk0CskCpmh1bG4cJGVVW3e92QMM8lhfRPV3sDHKEUG
2020-09-23T02:24:58.556821194Z 26 vWHiXBGCKG3u1FxeQJ8rNfPfNp94bJnOMuB7Pat1qbI9HsYGg10SKHCp06eou
2020-09-23T02:24:58.567639774Z 27 WmsFOA8sr4P9ZnKzE5oJcQ9RjvZCECwpGerB4w5B4ZZNDtZfZPbmyGttCuzCu
2020-09-23T02:24:58.579668404Z 28 qu3xHT9VWvkQR3w0g7T5YT7nYDJoYxJPDz97990xkHb1Ttm45ykGR6RxrV6el
2020-09-23T02:24:58.590930254Z 29 xtvMXs2rPmbzHKy1UdDJzK4NuN3ON8mQOFe2mpsNbsHLuvloVXB6cUoG5wzIT
2020-09-23T02:24:58.601791656Z 30 gHe9f9kAi2a7PafeJ2tui9SRiIWI1jb6lPeythaREoqenR5DmWHkd7WpCz7hp
2020-09-23T02:24:58.613113218Z 31 onveg5sdJwj7u6Wom9X2mTO9UAkjj3bbH71b5KFqDN3eZJ1pZ1ulRhzDcMeVo
2020-09-23T02:24:58.624519313Z 32 zPvJwMdcQg1zn5efYow5RlVEx69Sggre56PK3AHPCV2Xk9okdoVbqkzxXSWRf
2020-09-23T02:24:58.635920740Z 33 gE8O9y6uesmHf1MSQvt2NpxEQFFauMZGUW7e0pSwhEu2A6kIjdxrQVPgrw7Y8
2020-09-23T02:24:58.646486495Z 34 oSnjcFzLcjarzkLk5jcFVanwGSRZbg93VmPuDX2HOldFvTpARg0zEyKOpUmww
2020-09-23T02:24:58.657763493Z 35 Nh2sEArCWWUQAqR0vILlhf1j4KUTUX4gxRuaVzWiEvpJbH2U5sHpJJXA49e10
2020-09-23T02:24:58.668730987Z 36 X2FPuqGUaEshH1w1PoJCqVRmO7wCoOM4Zb4oGsaq59t5tNp8t0c6WAjh0G3js
2020-09-23T02:24:58.679865544Z 37 jEVtAyhlK3U2lNjZAe90muphMuZYs70WTdhubkdd5whwmuAsnthd2iKzM0C0n
2020-09-23T02:24:58.691261321Z 38 wQbyvS01dmpsTYzkuWOzySbhFqBw3RvmunbzMbaRuINzfvUuwXVAce1vVrqkV
2020-09-23T02:24:58.702374527Z 39 hswmlrZpKmO5rXDWzkAFOHaT7tiggzmLDhPPUlEaWIHTxH37FSdmAIjrYbAXH
2020-09-23T02:24:58.714241798Z 40 6OKeF9wlSCYHRWRifVgz0kGzRUFFVA5OnbZsWdW3V1tKgRqcszkCLB5Cm8iAe
2020-09-23T02:24:58.726245449Z 41 EWdqsSHbebh7p98nb5BJdWjKXDysnRkMT35ONiNuMROPTJTKDHsoakDZ6MRbq
2020-09-23T02:24:58.737318692Z 42 qYspIbOuQ3mJNJ3ZiC8hKSJGkfv9VyxFDZnaGr67bRM22EzsMFdfr7VoL7dQP
2020-09-23T02:24:58.748456111Z 43 zxEcKFKMvq6GjXUlz2pqTJixg9BxsWlHwgq72328NSVxfTUs8Fmu2ZCxLonGv
2020-09-23T02:24:58.760290267Z 44 6GyeO2ENHPnFDdafCqAbkGKS1jfDWdCIM1SgB7wQuDcjSaTH3v46LtVN3RjOl
2020-09-23T02:24:58.771393163Z 45 OLYIyUbN4zEQOUIfYaNSmIdp2npTjmJ70WDeKihez5jyKK2SIKvyPDWAbLI0Y
2020-09-23T02:24:58.782565123Z 46 H99yDfzDymzPR3hELfjcl4dgOhdQiiGIDriW8B3o7IoajkaL9VquqTIat5LPz
2020-09-23T02:24:58.794351988Z 47 NNefv99R2a4tzlnGPPbqu0DQhmpjsUDQrHpRSZn1I8F2hBnUMFkVYmdGTCCEO
2020-09-23T02:24:58.805738687Z 48 4F17o7PiPQwVYtABgjPDKj2OP9llRyUjGtqaJK5r4SkJmBmfjmmaKZHIVEGUC
2020-09-23T02:24:58.817391495Z 49 Wd0lvm8fKk32mPpoEjLgQtYhN71mBlEvJ4ag7Op4rn5q7zE1FI8jkWUCo5hCq
2020-09-23T02:24:58.829281960Z 50 bJqOkHcvnhY5c1jGi2Eei8YPab76gM4YQRvdaKOeIv9g5eWFJIK7lObFksQy0
2020-09-23T02:24:58.841493366Z 51 HwIXqgKQ04hLXeqQhCjMAhgoEVeWWLeiwrcT7vPIiwQXMXgdiFkO2wteqSy8r
2020-09-23T02:24:58.852589930Z 52 Iw4B61koTfBnNbp9430ZAlxGjCE7bwH1lwFi5WCq8BhJpn7iKNSN6BFOWk9kn
2020-09-23T02:24:58.863438971Z 53 s1J8vt2Ejkxjrr3wKWGc1oS7nbxPLQ1pHI8AZtGQdYhdWApLBymrbCaIJndEq
2020-09-23T02:24:58.875299641Z 54 dNnQWuGH9VnrB4wzH6impT8JfBMGjDLvslxPFvOHeSr4XpmyBq2CX16ssuqwE
2020-09-23T02:24:58.887151046Z 55 jJYFo7GG7dMj55xXstwgBTQJAKxoLhapTjm2ZqvOvQQB4SfujFcSJIJIlAOr4
2020-09-23T02:24:58.898354453Z 56 2WvhNStBI5CtqoKmfi2rQ3aGKK4Fq5daOUQAntknh8APUqnQ5qFhzY4LnLERB
2020-09-23T02:24:58.910203603Z 57 gh1l0Rr0ma8wwstJSLJZwrsS66p9mzTWlRq0OqYJe1KdYFwjhH3D3de66pQDu
2020-09-23T02:24:58.921153671Z 58 jsZ5BCyPdikDHB2eh8B2OiksAzVFKznslmMzGkWZiXPlSlNXh3tOCKykHIQ1u
2020-09-23T02:24:58.931562506Z 59 nFA12UkYUr1lTj7KDSlqQJFCWqJ3fzZXhXnzaO8cN1JY1mic3WdUtpIyLAumJ
2020-09-23T02:24:58.943169617Z 60 GsuZhKq24Qs85qplnFgSoyTAVIWCK1l6baqGU8I8KyCcSQzEvzGbqgZtnt64v
2020-09-23T02:24:58.953963984Z 61 uTWXMRSgr3Ws4ll84G12HoT9rzWOz0FRs1koTJsRrngqN19b77spTmXM7kU4b
2020-09-23T02:24:58.965013637Z 62 JIPsy43tcyBB01k4ovye8L6CTF7Zd7ur2NzQOpO3oo9AAiSeoyZtN1fPk21l0
2020-09-23T02:24:58.976124934Z 63 1mGCrGrpQTSGafYHckH2chcNH9LgKFQ6cv6Gp4dvoZRxyca2eNyE864cRiYJG
2020-09-23T02:24:58.987563995Z 64 MsOE4kzs9gchqWz3FgMV7d6yuu6MwNpBm1zg5panruAQz7LSlZuNRniRl5Nh7
2020-09-23T02:24:58.998702743Z 65 qKsf97srSEjAaGWtEiy4L7IgsxfM5ZwfNv7K2mhASETXN5tx2WheL9qnjne7M
2020-09-23T02:24:59.010184007Z 66 6fWNQP2yb27lt8tBARieZYqs8fARewpZQJ1ldCNxlRIGoqpKaPadDZ8frx6E5
2020-09-23T02:24:59.020823416Z 67 Tw4iJHUexjxb5hv40oBvnJlGOMKrLsTSItuJE6KTKOrB9PtyBdR1Pl5QyU8Tj
2020-09-23T02:24:59.032627704Z 68 GAXGVt1alEIl99IEK9d0upAfiRIfgl3qB1ChVQMXZw88f9cO6whXTFYkiLVb3
2020-09-23T02:24:59.043599478Z 69 SiNq3SC7UJwlVAAAR0fG437YnSNo3f7gBT1ueHegsKsPJlFM8u1f3sECemTo4
2020-09-23T02:24:59.054900425Z 70 A9mtjkwCwMH27k3yWflGFq6Wj8kqZEV5YfxuyzCqgBYMlDtO8t5vK9AMRKleX
2020-09-23T02:24:59.065805896Z 71 Fi6OR4oaRYNjuyZsCJ1T5UrznNt4LdgcK1AVYJQhlcb7HWrtjiueBXivLY5UY
2020-09-23T02:24:59.077012654Z 72 0SzofHgjZJIqjEGPg9rld0Fk6k7gAnGsecdzNSSH0iaEspgmLQTgbfkbhyz4R
2020-09-23T02:24:59.087662999Z 73 YedQl2BoJX7ChVYEP6ysvXnWnWpvm0R6a2c6SHFIY42FKYUINiLABfrlnh9SX
2020-09-23T02:24:59.098540975Z 74 83UlksNYNmqXZ4NmiYAJWIdWytv7LZtW9bjtlFynV8iZhTTeBpdrVd1mayyCj
2020-09-23T02:24:59.109675352Z 75 SvOAxAMDD1DVhJRXCOvH1zH8BA59LJ0Omx7xz7uhlqfKPAbWkRYTjwkhLI8rc
2020-09-23T02:24:59.120822815Z 76 i2IbIituQhvWbCeVEVjXlKaaYz473i6uy2QpUhDU8oc5ViyQpKgFShlrUIxLx
2020-09-23T02:24:59.132077328Z 77 f3TJ1dZr0nhsvwtbuTsouL0g3rPdHCZfWPhTmiv2rdve9xGspYFJ5cryI1KI6
2020-09-23T02:24:59.143410229Z 78 iMHsdce0KklE7PuJuNhcLw3IB7mzaKaWmPKj0NsR8wmwqrswCinxGHZVku9UH
2020-09-23T02:24:59.155205002Z 79 XEaThFw653VKA9BiswuKHmLX96jT7hV8winjpBckAg3TjUS4AqeVTj1QeTesS
2020-09-23T02:24:59.166225464Z 80 iGd2jmNLfYEHUUDVRjd9G5GmedRyPMIFEkWmLmz33lES4nrBcEpsCEstLpBST
2020-09-23T02:24:59.176984627Z 81 8WW7acS8ttlFJd3p5qeuHyf8BeVeFiBDDK6QN1ylt4uh3ByL4QYLQL5yqIdj7
2020-09-23T02:24:59.188446972Z 82 Q6n0KSm5YOTekAMI3I2DeGmD1UMLVmoafDIYrhif4aqkQefgne9al3ScdHyg9
2020-09-23T02:24:59.200118553Z 83 rPCGVWzOz1wV71ASm8T7IqoQskgM68JyMuBgoVYuRMSmGgcxNZXfjWtz4i1MK
2020-09-23T02:24:59.210547956Z 84 hsxIB9xoWuBPbSr5xFjx30Oncu9jUhns07TXRNHtdh1j3QZzT3TyroqgQZvtQ
2020-09-23T02:24:59.222386095Z 85 Hu361NxBFk1BRWzFWkz2x4i9TeIuISwXDdkJ47eTXcn1hxp3JczuOkAlnuEmA
2020-09-23T02:24:59.234268081Z 86 9F3OBalJHDTe0T7FmpojnBVyp1PBYyf9aNxGWlVhHRiN5kXL7zDQF5LD2RQ6h
2020-09-23T02:24:59.246189213Z 87 ewThNcIvDWJsXZRtkF3zQXmN42jR3N6WBgBVGAy4UmlwCHvXn0R78oiFAhYdY
2020-09-23T02:24:59.256762355Z 88 037WgCFGCVMrf2dUrNsTS9ZhPSW4SLG4Dy3nWiJiTxRcbYI9WXkw6KkLCWHz7
2020-09-23T02:24:59.268191415Z 89 3qjhy5eA83Yv8qn5V1QndzrT9BwE4xm2LwwQoClySVPnjZ4EUO6fuhugb7Ga8
2020-09-23T02:24:59.278935913Z 90 VAwz3EpJ44JB2viw7KECs3c25J1VNKb9JJUvE8YL0praTfKl9V7vnkYWVMzAo
2020-09-23T02:24:59.289819766Z 91 2rBUI5nzUKc6iDNCeUvmwVHyAK9Fi1ndlkVtYDTdONP851aQUkfE66Te6sjed
2020-09-23T02:24:59.300661473Z 92 drO910Lvx6dsLP8irR6Sz8p7CgpYcLiadFmjkZNSwpoxpxOydig7ZOt9pgCsG
2020-09-23T02:24:59.312449827Z 93 dbJj1q3nDUklsAlhvOMxFzUwxq2IxARCfvLiFs3qMj0F14iKSSty5ASGQAI92
2020-09-23T02:24:59.324071122Z 94 kEw5t9gEoZNwZGboTXmeBs14WghlpX6mbcF7lTnMODEOy0tHFLngY2fU04Xmr
2020-09-23T02:24:59.335530228Z 95 El32kb5kCeP60kDc72gdoYAav4EwrProFBk3FLH5mwpsA6RTuW83FUdC7Hfpl
2020-09-23T02:24:59.347046344Z 96 q4ox78AEuXRmMZ4wCpLEpI5X8vUS044U2Y42qXvHCOrkJrTii7bCmMQ00Ty07
2020-09-23T02:24:59.358561120Z 97 IEtLEMWE5Lgsz7NKKOEeS0g0PDb57LbyEUthtMbMaulXJTWTQF8wClL2paP7f
2020-09-23T02:24:59.370063735Z 98 Qjk1dezTnpQnAXGfGcnhxgekh9godbq9Y387ihdkQFwDaY4uxSz4EoXIev2jG
2020-09-23T02:24:59.380454211Z 99 BrD16cl4nErIYmZh62rWJ8epIARv0PZb25zGwBUCU30Jva8VRbxiHxhvOx7fg
2020-09-23T02:24:59.391815933Z 100 7IbkLuiNFxHu2KF8G2h1h3O7DZwI1C9jBMGeHCUOALXT3Y4dlwlhqyYrTC2p
2020-09-23T02:24:59.402590643Z 101 k42myzOqWi7amvK8MqGU8p94I6y6XCecFLt3OxdZ9Nl0XDUIJNZ1bPf4dX91
2020-09-23T02:24:59.414419061Z 102 Nv18VkdNCpafiVDEgcdXlueJu65V7Q3Y046BP77UZaq5SGBK4L8bxAQGQlGo
2020-09-23T02:24:59.426435817Z 103 USskxSuFM5VrI7SlxKtqrtbLq9mxCd5SVRlol1547RVEdZdRzY8o0PdApfiO
2020-09-23T02:24:59.438316701Z 104 uLdgEdGJlVKgPOImSHkOXsUvuVn9rkfM4eEZ6tuXec4uCsSNHNiPFr0KxFFj
2020-09-23T02:24:59.450267276Z 105 0vRRon4KISaRvRzAZMmtsj7QpesVwbfhTKPtB7s8S8VX8tErs2cjYs5FWeEq
2020-09-23T02:24:59.462065304Z 106 Qhpoq3F2ZovNLwp9jO0CA6o8xyW7gckzohxvsyx92ZrOztgcKdC32Qw07rcK
2020-09-23T02:24:59.473159560Z 107 iLYkqRrwvxPRIhnuy9E9M1GgP5K5hRfqkKtohsFamvm8He9DkhKexGViOdQW
2020-09-23T02:24:59.484418784Z 108 SeKCIaXNHTckO1hyGMXWqruyXwUJL4A5yoCk0OvzJdiZEbbPBYweKceGW8gK
2020-09-23T02:24:59.496345240Z 109 rxsIdj9JTdvgiYb9oQp57KE4D7WXvHDRrnmJnCk3JtPwmOMFK31Atu4x8qjc
2020-09-23T02:24:59.507548916Z 110 ffOlqTTV6Oc030OSb06D2DtVLb2Ml3wDe7ZeRuHD5XUsSRxZLfnjGzl7s5RN
2020-09-23T02:24:59.519272405Z 111 OMXAyfFv4jKGgVgSQNapWh4vt5iNNybzHUJxMIAIjNxNNBDHba3prhgkCCgn
2020-09-23T02:24:59.531301390Z 112 R4hrJ1EdaBVR7qXGFPcq2bhRbNzKy1hS9ATCzl2560bts766d7ua8p29ygxQ
2020-09-23T02:24:59.541664608Z 113 vHZeI9mR7VETeNOQzBCnqQmy1IhSBvkNG9KIyd5qEYeO95HLfu8f78YXwcmK
2020-09-23T02:24:59.553528042Z 114 0DIhVLMzS00ZNF6PgZYks4ZcEBm8nbxN07uKKvbQeMVLhpdR9NKubEirxidc
2020-09-23T02:24:59.565334808Z 115 YesCPm42BNJ0P7iS52tlrhzv0SPxbZVWBjwMiwvYm8WQ5P3ZriT1byw3Fvip
2020-09-23T02:24:59.576474479Z 116 t64nMx3wgXgFUyWlfo59GLVip6fZM4ES9ekwi3v8AkaYdN0fg1btCCH4DqS0
2020-09-23T02:24:59.587572889Z 117 HgM7cKmK8kCjy8hPoGeGINKqpwzH1t9UV20lk0vKGpqRH2qvE43Xmayteq21
2020-09-23T02:24:59.599163227Z 118 dkGmTXt92FFBcGej7fouxsrqdSLrxAQ8QFXRfBACy1YLu60mEkgNV0GC7qwc
2020-09-23T02:24:59.609924350Z 119 c0CA84elYxsYiCXNotrk1roBJ6xLCswEYZvbMD9T92Ru5vtQ4o3EZMrLYXXH
2020-09-23T02:24:59.621649068Z 120 XNPx07fb0yysNoPR5SfBv5e3OMkwTIk5x4KyOvYBJbWwdWW64g1ge99AcyjM
2020-09-23T02:24:59.632750392Z 121 2MYEq8zjww2EsXEl4ACOJGUDm52pWjqti0AjB2ilpzr3tzztNATSQ8C5MV5A
2020-09-23T02:24:59.644573694Z 122 NeUh54bmjDpe23wvC5BW7LcVbUbzrUFE85vhuFG1I67MUGXttl6ugk7brqgI
2020-09-23T02:24:59.656332519Z 123 8kLtHwJZwt5ld2Zp2ORcKxa20c6OKnhLasHuC8gI7zBQbGgjiTxLxyOsrIAl
2020-09-23T02:24:59.668031450Z 124 suv1F7obhWdH6Hez7rUJRnluSGiYf8EsiP05yEEZ83yuiYysKny89eXj3qzt
2020-09-23T02:24:59.678927466Z 125 Yvcp7CpOki9UDXgpALKW24hdo6JCrM6WDPC91LNLWgkg3pEPKNyrqfg6mzNc
2020-09-23T02:24:59.690575087Z 126 WfOnkfihFa1Ng90kjkzFjmNTxW6K9vVzL9LKHEZjNKCRei5YTi2GZ2j5rkUx
2020-09-23T02:24:59.702494827Z 127 3vsxJ0rvbqcINkfivZkwlER1hE3qzS3cu3HIB7lD64iIGds4dEfAMBk1LtIf
2020-09-23T02:24:59.714170294Z 128 KHP3Amc03zs2LJgFtNnniLD303KUDRldra5ltpIh7N2A9M5xGghl1OIoeBXt
2020-09-23T02:24:59.724846887Z 129 noph7jMmCGTCYQpwfpUQR0dB82onSUvONLbriQ4731y34aZrhURUovuFxZxq
2020-09-23T02:24:59.736064954Z 130 luu3awSko26rn3L0fmVBWWoIbIJK428dXiCfqw79ZanLc2o7Bj2djVLAPFzI
2020-09-23T02:24:59.747413290Z 131 reL59CEm9FnNf8gPl0cWA4cgjsMwA02BeKNflimQ9hpKZThff5ECpkf6ynIJ
2020-09-23T02:24:59.759471042Z 132 IecuUV757LyjfWsbiCRGMPDNYVXvtnIAaRsrJsDDYcg8afc8niR9HJGd5LRO
2020-09-23T02:24:59.771343967Z 133 f2EtQJFY9I9l4nCKpkas9fTXQyhiAEAfuvSaZUnCjS0BHvlbefCioUoJBTAz
2020-09-23T02:24:59.782087132Z 134 EtN2mOtRpoeaZhYxOkDQKyugZBldced7pMr4A9SnCRPmclTGII2MY1PDurUB
2020-09-23T02:24:59.792471787Z 135 S1FMgrTW9NbhmNEOsM9Gg9NUTqGq8tUDUVNwpU7q9FxTt85CBf9lMnFdrKxq
2020-09-23T02:24:59.803737499Z 136 7UFer3jWzDN3Sqfq1tg6kfSlOWJcair50C3LGuzJZp0VA8Sjo12yIbDeLfxy
2020-09-23T02:24:59.815084153Z 137 Eev2xTEDtatt7Hjw7PfpTxrvbFK7Q2rlNwBnRnGHKt64qhvpeXrBOTEt9gBZ
2020-09-23T02:24:59.825679115Z 138 7eJPORB69rgwLCsvXBG13W8x7AFYoyhPNlLHys0rTI95iEYZqot4p3s1uEni
2020-09-23T02:24:59.837251401Z 139 0oyH3oKibfpGs0mp6ZZU8zwOyWzxuXO10Nr9h6u4JjH9LhbnyqzuzYTuO3cH
2020-09-23T02:24:59.848222525Z 140 olNJOItJ5J5emyWid8NAHuxEEuvgzvgKuUyV8hqJwLfhkgPKML7KVXkBVPEB
2020-09-23T02:24:59.858478475Z 141 v5WebQlSdmgN5TCvpvwC5tyEl6UPP6dmoWDWW7HtkDiiKTHZS95x0GVPT8in
2020-09-23T02:24:59.869825390Z 142 8RtL5osCygPrL4juwty1GRPmu07kTOKQGIPz9WoSZ5SM1HBXrP0fdA8YxMFb
2020-09-23T02:24:59.881110020Z 143 29bmA42LBj2Eg30Jq5IAuST9qfWwvHoAERcZznPpoBPuVRqhSClpSt9TGQch
2020-09-23T02:24:59.891759758Z 144 Cc0cfTE8vBq9XTLiFuLJUylMjUBwVCh5PQmBDKozKhaKuyy6PVc7ApKG16o6
2020-09-23T02:24:59.903276550Z 145 hoyVVEwlbsU07OrxwQ0qZsX1xioDtmC2glmHht6NR0AeF5NYQhIbr3S9RmOW
2020-09-23T02:24:59.913922685Z 146 3TqzlwuYP3Kaedsr9mc9VpZ2AKyF9oo53QVMdIvIY9QU9Jfm4vjQ2PwX1zAU
2020-09-23T02:24:59.925054401Z 147 jLRbGwM7Sy7kvpVtS3UrvkgVIBwJQLw5eh03yp19TNakuGewglxpEb1rJIUI
2020-09-23T02:24:59.936329069Z 148 MPEbAXHUzUT6gDeTNNIaohMX62lrWe2hGT538QhjtlNdfDu2arES7Ao4Myh8
2020-09-23T02:24:59.947887700Z 149 rUGDTbUpnwrxESMwhDuc4Vwli1v5WztuqNHEJWso9uexfO8fau5HoIJhH4TU
2020-09-23T02:24:59.959642527Z 150 eB8f25hVjpTB1nY66Zktu78m0OCIkZ9UGK4TSMO0O7CebIFWC6wqcLjFe9ga
2020-09-23T02:24:59.971506424Z 151 fdmJS7KKUXmG7qYPI0EnslNeB7HsMxxDwhhjWetA0quGrsF1B3Hw4NYCXIAT
2020-09-23T02:24:59.983768953Z 152 KhLaLsVX59uy7GcJhngvSatohmTxQJjKDzGc7W0UMr5xgIYUIpiKfYmOhVoL
2020-09-23T02:24:59.994899038Z 153 l0HnyI2gwnSL43Z9M2ifzpzxeIpdtDFSUGFbMQebDoauIEd95HM9Kx608SAZ
2020-09-23T02:25:00.006215000Z 154 FDgh08ltPiY93gis9yMS9TRPxBe0m1ns0bXVSXhIcCv3HPIboAPOjOFbu4rd
2020-09-23T02:25:00.017733171Z 155 OrPvavaH1IJ7o60NhYYJglLxjGJCeIvu9WWJxzRjmBGkBYbGL1tomMxQELNk
2020-09-23T02:25:00.028742428Z 156 jU9bmDEGytPhIxJtFv5oTjFOGd3hkQwD63Rb4Tmsp5awX0lhVz9mIzTEnhAR
2020-09-23T02:25:00.040466079Z 157 KsyeYDy7aEtalEizPm7x7g9m2W7coX71UxymXjWoKOpKody7dqraWTLP43mC
2020-09-23T02:25:00.052466088Z 158 bwudzCtDnfkXmjmMmv07SUHGmehO2qSSIdJrZfeHZ5IKRGSxHrEzqYEpSpEi
2020-09-23T02:25:00.063562380Z 159 3xqAFIpmjmMIuNML0vYq633QvfM9ViqpmeJeMqOhzQyI54qptozGlN9VUwLn
2020-09-23T02:25:00.075223340Z 160 AEKgmsFSDiabYb0WRRX7jG07YaJduOVmW9HDHgpBWbKkGheeZa1eAyhwl6pu
2020-09-23T02:25:00.086183399Z 161 1MRSL3V6j8LKrxfnsUnTtwjlPASvqEL7SLTtSXY1IyCEA3PcE224Q0rP3ups
2020-09-23T02:25:00.097334934Z 162 XpPk2mSMZnCdLBEewqsMxVs2BhkP0VnHMZ0i1b5IZ17OjNGg1gzYseuE2mYs
2020-09-23T02:25:00.108433723Z 163 rTMYJFYlEqEDYnSEbcwxZg2rPNwGVVwG40cAbHltn15TnBxLZ24nC6D6cNhr
2020-09-23T02:25:00.120363613Z 164 nFQ44J7UW2bSN88lfl5xC7wp6kzpmltlOl5if1xyKvRYGfup5oAifBPnkrwp
2020-09-23T02:25:00.130899985Z 165 7JiEqtzt2RtxpbrfeWPnPnvdgz7sBJbfR3kQtPkQALTlkpam8rgjPF3hwRfU
2020-09-23T02:25:00.142272114Z 166 KPB58JjQZsQ6W9KUeblzXhgFXbmbhwURmL5wA7roAgw1Ten40FwIM7fjS5yd
2020-09-23T02:25:00.153029236Z 167 9vkQgxaZ4DRaHIHyNYIoPISVEG6zb3J5tQe6QEOQ3t96yuqkEV42iUz1RzVc
2020-09-23T02:25:00.164229234Z 168 61rLhckPjGE1NeYH1LWSHN0v7aL2ZyjQTIv0vMMkybxdoTNjBXyoTCS9ybGz
2020-09-23T02:25:00.175733132Z 169 jYfssGpl4dJ9KPl6XYnD6g5MFUCLboDYOlP8NwOFoVOgaiIObSuO3tf4m6Ot
2020-09-23T02:25:00.187477951Z 170 81893EInOD2S75poUvZTAsQEJREHziDRJUrlegVXzuh1vvSbwoSaQ6xtUVAI
2020-09-23T02:25:00.199172897Z 171 ikXWBQIrWnPFEBmRQKZHavpHroj3KCd83IGAvUVGz7QBqQffIB5LUibM7hiI
2020-09-23T02:25:00.213100616Z 172 TGGYxcmszznSG1I94UaADHG1akq0t44bTy8lliYAfW8pPl5TqlbmVXQE00nv
2020-09-23T02:25:00.224099004Z 173 DGFun6stJS8CSw8zkUNLqOpIUceLEE1LjE0d8DgIeUhAaTBqY2DOOj0HL0Mq
2020-09-23T02:25:00.234961327Z 174 5Ex8Be4GquWqjYC9r7reTcnsAuS9zkjfs7CkctQPGQpHI8u0yBEqBrG0lGZL
2020-09-23T02:25:00.246621121Z 175 OiE2mmntYO2YJbncRyjqWd7uU9rTX633xFydBQu7J9a8JuG28g6pH2oQPBGr
2020-09-23T02:25:00.258124586Z 176 HrMisJJaYnPfWlPNhm2Gh67bfX9JreWVLGJIewqTRkT38BELGVCeFA1SMYso
2020-09-23T02:25:00.268672897Z 177 Ru5ijqL3yIel2gup93P8eEwYd4rEuG2qAcd4B3M9UWbjVTsnA0TSv2daZEvk
2020-09-23T02:25:00.280122373Z 178 RcmDYsJlTFO1pKAZH6Pdl3aVeKoVfUPESl48Q72wBVvY4SfJ8xvO021c0ZLo
2020-09-23T02:25:00.290570167Z 179 Q2A4HKA3K7AzDgr8fGrTdYIneNMT9GCYTDJwNNKuostISOOzskOKhSR2p4M8
2020-09-23T02:25:00.302039630Z 180 A8LXEo5GLVz4kNiq0pZkOL0MdYWlYgNaAmUfLnru1TPlXuowLA2H53rEe6ED
2020-09-23T02:25:00.312911365Z 181 2OzA0uRugG5UHpDEEJ7cuIQtyt0T1ZPz8db6TrThXDYEKXmNh1K9fH1VmAmn
2020-09-23T02:25:00.323973906Z 182 5UmxQ2kTWAP7uemxBRMhKdWqwZnALIbC0ENs5puoH0M3oGLRc814XDICThue
2020-09-23T02:25:00.334413357Z 183 xKkQWrH8Kyv74QQEFOfUKAHfO2HS7lPpvVDzZN5zyKbdbxLLXl7G5aayr5J4
2020-09-23T02:25:00.346065146Z 184 8SQXhCKZQRtaqARbCzRmPJgzxFhRoKrxxGzbLMruEQrm3Qm3HuVjbTPDDzXW
2020-09-23T02:25:00.356596715Z 185 Yf3UGLF5zkZg29J0Szs1UMJdiNk4CLsziQ1Zx4yS0Mk51rK44CLgw9L03Rm3
2020-09-23T02:25:00.368499295Z 186 GEp3IAJKq2pHIV46WwrT6fDG01jQ9kkWpKLifa4I4ijrgBU01HhmNrrWHiQ0
2020-09-23T02:25:00.380389737Z 187 gLjDP4SNISXQ410jfJywmKjIYTJJpCgqGtFQPHTCmjtx5yxfSPgUcUAnrOcS
2020-09-23T02:25:00.392177417Z 188 FzJMckZcMYpg1X1nwhuQesSwi0DzXG4D4kmxMFY4KUTyb0OPYgEpViS0mOnX
2020-09-23T02:25:00.402490504Z 189 OPbazh7bLKCvC5FRZBK8t8yysDVAfh34zmsn72b22LtybSDhlLzU6wxIb9OY
2020-09-23T02:25:00.413605446Z 190 NmYy9o9vw1O1JUT1fy2TbspO8SK9e3wyAvY2h4t3Qo1p3Xns7pdW93bnA5mh
2020-09-23T02:25:00.425521581Z 191 rsPg2vvsiscz2m0VodCnlZloK27NRPWraLSRGxtltC2vMgo8fz7rElj453Y4
2020-09-23T02:25:00.437345715Z 192 wP6QuUIs8yMXoZ9qRY1jdnEWHmMDrZj24FZU8wmIPreGzNVPfdXkFvuD5A4X
2020-09-23T02:25:00.448279011Z 193 qtdrCm7QIyTWlknX3GcJSPmPJPnNcSig4BOHuWBdja1DT4hBeRXhVhvczPqV
2020-09-23T02:25:00.458984371Z 194 QtToru5gYcov99mSaa7xa50qzBneYBdENM7cEaRfnJksFmPDil6V5xqGknZB
2020-09-23T02:25:00.469938165Z 195 YnSZa9zBUNKFFqNXSyZIX5sLs2KH6dutaT8wMtO7CdwEUmpgPUE0icmie1vi
2020-09-23T02:25:00.481350070Z 196 Pc8mkHHufxwmfSld7eEDnLjUU8NdKpj0znqIFLwCFIDSSSiYlswe6WtQzBdc
2020-09-23T02:25:00.493112274Z 197 FOL8A9XM0sqqZzuuU8pUXYmmG7v9CMyndykbez9j6OVSUJ0tbzB76LEtcVFK
2020-09-23T02:25:00.504349077Z 198 19B4pmtvA6fPXqnmzgK3I4NHQi2ejRrEUhIyC8xnH5xy7eNOyvFPnRWOkKhq
2020-09-23T02:25:00.516465977Z 199 i0Z518N1H6PYv93M5FahlNY4a0BzbSPqlgUL4fXsrFOxQfig5CfCZLSKQAWo
2020-09-23T02:25:00.527472918Z 200 L3wRJ5JGS1N4nWNI1fF81UGYcZOA2kZT0QJUU842BB0cKMS6JrPRnyc1jVY4
2020-09-23T02:25:00.538865292Z 201 LuriWTcSqGF5lqPQRU75wonkKJJDAkUtTStnOQS62Hx8br5800kthUn9sFeH
2020-09-23T02:25:00.550430905Z 202 NbOQbE7tAKUKtzGi2Iv6PqKKTAg9Dnj6OdMeWTLeeGQXJW6hwx435McE9LIa
2020-09-23T02:25:00.562098197Z 203 GaojYgB9kv6dMYu4yRWQWGoabW6PyVV4lLD3uiCrKcvaZLUvuVLMQ0rX1Gh1
2020-09-23T02:25:00.573098151Z 204 dMBE8Qps2a3V7GPBB0mrJPSX4llwxc2SFKoBmIh7t7ASja9sNnFkefuE04OB
2020-09-23T02:25:00.585008436Z 205 jhvwwAALFwSeorj77L3jXODmndp5I8W5gM1hZv9BDD5a8goujpRNlYqZUcsj
2020-09-23T02:25:00.595888447Z 206 yd1lgzb2iAc2fsvdhpIO1X4UgVFZPNk5Y05oNJAb1h0yQbzMy1RAx1o6SIxQ
2020-09-23T02:25:00.607250408Z 207 FI4wVwaOjhETtxG1pmLiWxtwjk5Hfvo4sGBogBKk4eCL96JdKTAQbOkEkSWJ
2020-09-23T02:25:00.618939519Z 208 W84qqHqACSZVeyLLhCrMtaoeyFpXUbvi0t15qrlRwpuk4Pvj5VX66kh7wKUi
2020-09-23T02:25:00.630302369Z 209 SdyuYhUkOB3G4B3jaZ7BnhWHRrK86uLK63TS5fvWoAX1aHi1otVnhDLF1R5B
2020-09-23T02:25:00.641903915Z 210 jhBIi4fwVkRVGL5Vf8yJesAIxrB8WOv6RQ3OVqaK1B8UrZg1PPcMA4dmttdt
2020-09-23T02:25:00.652611644Z 211 e7e0eJAobk8cHQyvstZouA9HpCERiNGC7yLTGEKorc2BxKqrcwTPoxcWKgrZ
2020-09-23T02:25:00.664243807Z 212 OZXDorDSdy4va7vZv03F2fxERD4xV09h5dW1ql30WsvI9m7Wynle6nbZaIsm
2020-09-23T02:25:00.675723901Z 213 bJxyJx62xd5FVuwi76ttw7x11PEoec13o5paDHN9csU24k2CsG5xj5WbOZAB
2020-09-23T02:25:00.687189273Z 214 de76GKVqW08Pw1Zl53sfnjqsoNUAx78qGxgMzd3R2PjWPprNpeGccxeImtmN
2020-09-23T02:25:00.698705731Z 215 3fNh0qF0Hs8kf7DR1LtFXCRTJMS9i8Tn5LsdxTBNToyspTEvxOasejZx6FvU
2020-09-23T02:25:00.710416750Z 216 2PGZuQ53ByNzIi7vC48sYV2AyNB8JBdk3rYfvTAH1a6bDFEo3hHcTMXbkIVA
2020-09-23T02:25:00.722247731Z 217 7F0CQKNHw4W8cVmGg3LWoA7iqVrjuNb66t4SJv1q4sg5fHdJMNV9NXQx6PHc
2020-09-23T02:25:00.734648074Z 218 IMciMFHszabSaPRAtcHaMKQIav8F3Gbk6gaEr9LteldYbY0iA31yR4Nhzbu1
2020-09-23T02:25:00.746169465Z 219 Z12RRLQ3GogCJPz1FbgHwYVoRpl9xFxNjDXzAAyassEN4ys7VnVSVaxkUnrn
2020-09-23T02:25:00.758449277Z 220 AhQcDNdQ4Szb1xJZXrsGTmvXAK6IOTHkBByYk1PiWzQfhrUJWIYDb46svry4
2020-09-23T02:25:00.770719959Z 221 lCt66fw15Q36I5zt47MLF7U0gLnU3mLfMg1nBoBLHJwvWP7UieY8vEaj1WaC
2020-09-23T02:25:00.782369937Z 222 mFSbuCwRGKtE9s7o8W68Og8S4Ypi5Qy0KZUmryN6jOvZH6EYJ4zvTBhAdTih
2020-09-23T02:25:00.794281660Z 223 uR26GVlFFfTunKyXb1dYAbKiUD64INpn4wvCU5O3m6AM6twoVYfSfCWnhyD4
2020-09-23T02:25:00.805710260Z 224 KFhptXA9HzsQo8gfnNuJpr9Tz4OSjsoVsQf92vMueuG1mOnTdcq1AA0zqMW2
2020-09-23T02:25:00.817110091Z 225 0cyh8FvrCRok3Dsto9QfAKdjBLldLjjnlS6DTKMOgAfu52pB3rMBrn1RZY4C
2020-09-23T02:25:00.827864983Z 226 wflVfe5oMbkYyKiWRdFovNWFa68qCWam3aiTyeKADnsn0zZlp2gGsM9BpKya
2020-09-23T02:25:00.839506037Z 227 DQJ3HoSPquvwPbOzrEsZDDen6ne57EkqZEkxrR29aZx1pjB3EWcNOsSMtAj1
2020-09-23T02:25:00.851129375Z 228 oe2oDvjWDV4eJvVYw1Gp1KvYU8pl1bUlB7onvG6lkUnMt9gvoAj5AcA4O8gW
2020-09-23T02:25:00.861972058Z 229 j470gsUX9WtZ4upJXFZDflhShHLVshgeqqvKoQGcT2HymQ8wcos3Ufg5YO5T
2020-09-23T02:25:00.873051890Z 230 WejK79YXQECzpzNdLmXeOnCZR6Rn4M15ixYtmxHiflXis7VT9YC0rZpGiUCN
2020-09-23T02:25:00.883877829Z 231 Yf7GIcPBdhu3LGIK8ShH7RIrQa2nPNAn69ttmDLIvN1r2A1nMng3VwZh4cDT
2020-09-23T02:25:00.895189359Z 232 yXNh9QcD224iEtjkOnzDNpqxaT7vExmtyW0iOEtWoY7hvq7YrchL7Oy5CMzA
2020-09-23T02:25:00.906203102Z 233 k5RpJFBGTYycReqbIDm8shLbp4QUn2BxpU1fwzE8EtCAaQkmk8ctQqWQF2ah
2020-09-23T02:25:00.917171288Z 234 plPVn6v0ljlKY5TIKEVYruWeKhj0FZfrBZ5ajyqRRl00mIW3MTgqCwTmPo0z
2020-09-23T02:25:00.928144993Z 235 peFQVe2OWI2RdgUKRvvHxBiJTMq7RGj9gvXDi8xj40W1mEiOQC0gbXCVbySB
2020-09-23T02:25:00.938573826Z 236 Ltv6mXGcvWGHYUV7stqZFsC04PtPmhVPiaHhJFeunlQjPYuuTzVksuPIUIKq
2020-09-23T02:25:00.950321579Z 237 iOGzW8FnlBRxpU1V5wzXo93z48WvxkU7lq6p6nzLMjsUcu8Np8mxwmQmGPtR
2020-09-23T02:25:00.961246941Z 238 jhPmmU1NCp40IdvCQUCzgZUuCYJkdb6Xyc5SC2tewfPfRfurKlwKDRUath9t
2020-09-23T02:25:00.972006989Z 239 lBkTHyWoSlBNpg71iF3TNKYXFM3A1OkGcvzRwvee7xxhmr4ShcqO0VdO6sf0
2020-09-23T02:25:00.983590682Z 240 RWLqVUjbHHwmdLv5lfXmbxwZMm6uZa0PTJszmX72MTUK61JtdgIFr5YdmCw0
2020-09-23T02:25:00.995150944Z 241 5ww7o5CEGVjpOkaNGPrfETrcxMzKbl7gOtkUvEAq4WkKptSeD0ZKpAvoaFpZ
2020-09-23T02:25:01.006997779Z 242 AuAnxQQqAo8h7C3FaeHzJJflUzVNZgqvJWDk8sit6RtcgBurl7NZjKWZPUR0
2020-09-23T02:25:01.017724462Z 243 fbZn1QSD9JMfK6jC6sRqlMK2yFGBnYjg1DDqIQaEjWtXiUEHWORSzklvDUDI
2020-09-23T02:25:01.029089382Z 244 NckgMuX0B3gg2oe2aeZYOzPLWBwwqIwlmO8ImIM8GsNHU9rXd6n6HaNDxD5G
2020-09-23T02:25:01.039943114Z 245 wN0q0OU6e5p5LcI9em1VMpiMsypuLHwveUTlDPF27J7Jyka1MH4RNEuULTjT
2020-09-23T02:25:01.050741595Z 246 BN5vH4zWkPmtNwVxsp87ZLSKlPaU7kVbb6veZaODJFQXhlYysxYcaJXdzyTd
2020-09-23T02:25:01.061991956Z 247 bepUWg6qh16Uf6Exf7GVb8yi6hPP8CHXUaaOqNC9d462nUjbmGNNhExpeodw
2020-09-23T02:25:01.073117039Z 248 pYnZdnH6bYl6VFvsPp5OhIoy3A96SkVawgWsWTc8g43OqlLkLJrnI0vU5TzU
2020-09-23T02:25:01.084426678Z 249 SirX22nJriNATZA1QNkLZvizdHk6Rw5U8AmoUunvgEXAbfnw1kYw7m2Uubfv
2020-09-23T02:25:01.096195334Z 250 YrjEEDDVmiCXLtxjmdQLsJ8YFLq8oHws6Znd8XhgINDSGD6s4THw4l6Tg6rw
2020-09-23T02:25:01.107064916Z 251 rT8d4cycfgpeCNpv8qhNPjwoRvULPVF0jd1VnRjwsbrNiNB53pp3PEa6Gapi
2020-09-23T02:25:01.118105576Z 252 8N904tBie89Msgmz4AoKQtBAgFzTYI8UkPgalT2JJnmnLaxlp8BWeUsnmNkF
2020-09-23T02:25:01.128517943Z 253 cT00ENtqQgVU3z7BP4EUqI5SkogcgN7Jtw9zhr04QRVJRMQKXTxOhgx7V6Zr
2020-09-23T02:25:01.139623553Z 254 UTFcjm6LK1qYZRthorOBUgKeUIjJLvQLtqd4Owcz6WP02fWwNApVc4pcy9rW
2020-09-23T02:25:01.151045711Z 255 KlYx9wq8EJ5spWMxKN5RQcJbLGJfKxab8mQpSYVtTKfo4U8fGF260Xf0dW4X
2020-09-23T02:25:01.161675110Z 256 v4kCS8eHR1WNcbmKKuGqLFKcVLcXHnlvxYd7aMGZOAsknfYqEivk5oLD8SUz
2020-09-23T02:25:01.173239637Z 257 sbfJgqCCZfcdqyanFK5DKMwsDKtScGSxLdPysFmKrXYXx7Vd41NK9Bo4fXTX
2020-09-23T02:25:01.184048233Z 258 CPsjQEY8bcTlRlUyLlLKjnX861X9CvDsz6Qs876csymSSfz3p4zj0WrsUpFj
2020-09-23T02:25:01.194896406Z 259 7a63DjbI8OpO1hvjWjPD7lXUgm2oO9ZVpQROHao7UDknvdtLsksYvXpKJ03h
2020-09-23T02:25:01.205539513Z 260 kga686wJ7aaRsabElaTg8ZCR4JiJGQP4oqH8VZ9JnaZINC56MLeFUJLHB59i
2020-09-23T02:25:01.216856152Z 261 6wggv4r9jtJhS7NJMpE6l48SFBBYdf2ccZw8zT1kBai3EmTa6IBEQV1dqKQX
2020-09-23T02:25:01.228368206Z 262 88SXjcDL3uZafeFjGpDVfE2HvOWNdbm0R8EG5GDblpemJWp2XfnX1slX87V8
2020-09-23T02:25:01.239155310Z 263 Ucl5gV9DRe6fYmuTsdNYjPdIr8AnqqvM2bAWDYhhtbrCxa5ywvfeVCozgNk7
2020-09-23T02:25:01.249868145Z 264 e7pmnSKJylFZkWzuGkdssG5BMTofAwBEQXZRwWH6NbdncDMBg823yORXJTAI
2020-09-23T02:25:01.261162898Z 265 tw7eJsNjdgiWCEY2r4DaMS8XLl3zLTdm15QoDmPMNGm5xasH7bvNtgApWMHY
2020-09-23T02:25:01.272589642Z 266 9VJszptTDhpUMrGaeBZXLZ9TnQQJP28OvbpOmu2u42gQ1b8zMfrqKADzcPZm
2020-09-23T02:25:01.283930986Z 267 uyut72PD1y5vjHF3SQtK0Dq89NKYVH3FIRDTzCjSTHqdk6ENp3JAjsy9n56m
2020-09-23T02:25:01.295263756Z 268 YyU0JB9t9T8FwnHQ38DeAQVaPQt16E4NsDybggvTBIbQZ5heIO892wZfzIsj
2020-09-23T02:25:01.305623258Z 269 ZY8p3pIlXt4TpaukPJSkNfeXSnMtWhWJWNbycnZuNxrIDH7OdB6g4tN98STB
2020-09-23T02:25:01.317319390Z 270 dIegssS3QabyvVVqfd493r6inkYok2Q8gCqT7dWAKrAGl7n6jzHl49uQboju
2020-09-23T02:25:01.328160972Z 271 Z0JT1Wxh6WlHku192W15f1iHOB3AppJBvGUizPmYPPQxc01LAb1tN91QuxPK
2020-09-23T02:25:01.339441987Z 272 TCT8ECXxa9F9tVA5cAcf02xjBwD8sTSnuuwpSOmnbr1MxIGWxufplLzCoHJ3
2020-09-23T02:25:01.350921311Z 273 vNqtgdBl64fisNPyM0KiMdVIGQXOHfbx1Q8lEk9RmWpVwreLCIDn7RocKGQG
2020-09-23T02:25:01.362480357Z 274 jjKnTyDlgjnClAFVycoxWedh9IgP82dPrXrq9qnQRTxb04crsUctgjsSXCcI
2020-09-23T02:25:01.374324857Z 275 lw9wPUcmVnZstZVpMVkhjsaYLhggs7x9pbdZmFeAAo0oozC8NswD8l0BCscZ
2020-09-23T02:25:01.384898106Z 276 QFyJj2RM2b37BRP15QxueNxUZcNqofclpIQSMz3vdneiwkmyk6aVWUmnvDSJ
2020-09-23T02:25:01.396373600Z 277 RkYLsa7bOTLuuCYFX59S709jKJKWDKHzCOnyX1EF0EGosNhJDJgQckZjaOx2
2020-09-23T02:25:01.408253432Z 278 2P5JJ0Fk2SJ6WGWKWsPKk5evU13hYbY0ErQC0fHjtrxdqSFoX9ZQ8V6rTNF2
2020-09-23T02:25:01.418891490Z 279 h4cLkaFK4M09JEGsxUWWnE2K8LBY4xQOSjWEDkWUoIx5O1wlxHtcOFHRtfSD
2020-09-23T02:25:01.429663283Z 280 IaQke47hg7oxkqhejBKJRMPSMRwzMRwdx30LlALmEP2sgnbdIUfDkwMr7PIf
2020-09-23T02:25:01.440907519Z 281 yfspsJ11NJTSjXfsgTiOOWZGdB9wAgCF7CnvqxALLnVoQ30kiUx9oIV3nMVY
2020-09-23T02:25:01.452350488Z 282 ZMDtALwi6x0cTNljJTbmMkgtNYORvDAA78vZSfGNItQb4LIU5bR5IxRcGt1l
2020-09-23T02:25:01.463863086Z 283 z7QnVvwbRGWUGbVtGOlsZ7RnLp9IkRkGqZV7f3rYbD32GmnlsEs7GVx7Azqa
2020-09-23T02:25:01.475408013Z 284 QMM2kK0FQo4lE66tNfVrnWJrN42TQwAOqNW8uM8ck81didIoEedDB89CizHt
2020-09-23T02:25:01.486929847Z 285 gg6ZXU3jzFGjOqPPtct2iGdzeaWTILly1sVGh2UkvPPWzwBNyd4Y1vPKSL7N
2020-09-23T02:25:01.497528172Z 286 TEZpFeDS7sSvBAS26yBFvdya9416cLFRDji0hXhOICWAWU7ZRohbcrGtQaG7
2020-09-23T02:25:01.509125609Z 287 DtfNzqa1YvHDWab0NwXUq1XyakOHWW1cVQe7HNKUhJC5kV6DKKjBFoKeKfwX
2020-09-23T02:25:01.519881766Z 288 jNQ3xyCHXW3bYMEDozsJ7gYcmDk4NFHnPp8yQm8Y3cKA91Gbd8G9qSOzBetN
2020-09-23T02:25:01.531024521Z 289 U33k8cS6zap347XrwM0DsThSq6tmAqVCNfkYCmeQPbgJvIn3CwUz1ARpJ9ES
2020-09-23T02:25:01.542007872Z 290 E4F86yte8qIkHTynlBmka1frQEM40QPOTtiur7B3Ho9oEfSOTC8ZjIjyfHRY
2020-09-23T02:25:01.553245717Z 291 ZGzqF6gJmvklc9sPvRRPHUQOj7fB6jNrzcWwUIEo1eTw2AKjC6s1oXxkKhpf
2020-09-23T02:25:01.563726404Z 292 fYLenpREjlNkBoSQtmK7xj5APMuDZ3dfwwTy3rQkgj6RIAJzTcYCO4wd9QgF
2020-09-23T02:25:01.575443252Z 293 qEYZMDfgJxLAj0MF1U2lmklktVgiSE4N85AIlkW3JYvdp31br2l03nitqfKx
2020-09-23T02:25:01.586214416Z 294 IQ3dKwKFdXqlBW7lkBek9loDCZfJAMlRagY4qT2IMT5sz9YmSHXBx6dIpTJF
2020-09-23T02:25:01.596844222Z 295 nUXGH9LWK80aqicocGQLYkttxLQSOdplTymqRHTL86zu7a2GBAcuN1dB7iSy
2020-09-23T02:25:01.608281712Z 296 XHiIYO5JuZrw3oISwsqQsmWaC70qHFbNwGLWoqcVlKRbzCCi0lS9EwQ4nNIZ
2020-09-23T02:25:01.618945529Z 297 e3bhYNbEscw8xKigW3EmbwZQjXbPnY1brolXGR6UdLXZ1ih0G0lm13jFGNjU
2020-09-23T02:25:01.630646411Z 298 8iKIsPP59FxPlgYCN8PVjZ38puDWvsJEpiFLtoz2Arpl7YLYnxiTWqt1wfxy
2020-09-23T02:25:01.642061893Z 299 vupoRQbgxkvZdjuuBfvjNImU9OT33e1qPg6WcVGfp5kEBM2srqu7oYKRSPJH
2020-09-23T02:25:01.653291607Z 300 mhUqyQzhRGveBtkedW4BK6Bx2UmmPGCw3yOO5GDOtMOE6fA3zTU1H9B2gvPm
2020-09-23T02:25:01.664197001Z 301 L5yLfcalRwKHvTTh4tVO5JldY02OSZkU7X3JBOhNpE9VeKtL7uYDylYftW3n
2020-09-23T02:25:01.675012995Z 302 3SK9P5bmDtneIriqhOudik7QQxhvPQCFCh7fsuSu4J9iIIl3xS6IYO6T8Zhg
2020-09-23T02:25:01.685662082Z 303 iC81WeOFFJwWyaJUIxe8eRaijEo9PR7WDSXh60MNW5ctNQHx9cjoSje2limO
2020-09-23T02:25:01.696937281Z 304 yASbOK6yFkSmaHHbAfBn2t3tJHZgMQ1eFinSDNHTFYOoV3EnIxveIg4KrEQU
2020-09-23T02:25:01.708561689Z 305 DWnVoyQljx7AzoEVHtIJjlRx1h7UfchaSrI4fv4O4lVPzTv7DEu6ErLzmHGR
2020-09-23T02:25:01.720503625Z 306 wU9QPBG7zHuDLifkhhkicHXgxLJtZLexNslXhjsTWau9hvtKEm1KDw1Ihb8O
2020-09-23T02:25:01.732210711Z 307 kQcsH9qQ7FB35OL8eEaGyQTLJsQiacOKV0LFNjYeMYGiUkkY2G40MfSFHiao
2020-09-23T02:25:01.742714293Z 308 QcNLGi9JSDJLG90nMqeXGXIoTEub2Rv9Kve7ReIWakaj25sNLfeuMfw1r9lK
2020-09-23T02:25:01.754348517Z 309 Q046KSeWK5DFt57oGdaIS1pBUmCanfQaBcqYTtzbKAlsau5J3yVCHqrcTmwh
2020-09-23T02:25:01.765976198Z 310 zGP2Jz6e0jFOQz2e7gI2NtBQKIQG01n9639Pcdiejh4MFsL5xrLLobicx9Yz
2020-09-23T02:25:01.776774739Z 311 LL8IwKH7SAQzsdMZHVQgY0zc2EKKdeYrxwuoChDeSKCXd6Vl8VsaEyNXDikj
2020-09-23T02:25:01.788248945Z 312 rndHVrVUTDhxUP96ZY0cm5RSIOTkRWF7lo1oaOtVdUeKSoix128YBdT8ODRe
2020-09-23T02:25:01.799035948Z 313 e8tBZNBpKF98l4O9Xxjbv0SMj7wYpMphYO4h4TNlXTxmsDmfasTuqU22UkSl
2020-09-23T02:25:01.810148277Z 314 JhhaGSsJ6AkPYyCywyes4wij4ek0PLwZQwzzfWuiiOd0WtpHElfeyBAUX99o
2020-09-23T02:25:01.820543665Z 315 zZqxzq15N31vpVbjFNhM9aCoWA2bVHWS2rveHtRLnQvgb3NCHf5leEPh2NZW
2020-09-23T02:25:01.832151188Z 316 vXnSvXfhLgqU6oc1nMXcngCDoTERuzSdqMcnWi4AcHVWGUw5R4SwajY367tV
2020-09-23T02:25:01.842670701Z 317 sPJL3TJWFdGhnbBVjucpK9qznHikYM9Y5IBUOJrU8bX6ekHUlW2pTSrmFGZw
2020-09-23T02:25:01.853703646Z 318 bGHqSw88pDsb1YZ4unpEL6x5NUiJRrdZK4QKCqw7lLVYanQ3fzIOG7QdXteu
2020-09-23T02:25:01.864591219Z 319 TEj52UnSZo3gohvAetbFokVfRMe1q5gCeIk3rxDPpAi3Yq8vohRfUyhyxFQ2
2020-09-23T02:25:01.875899716Z 320 aJiYB0kFybLK1iI5dXUMdjYzGr9WsUXqpW9fP9EXKWUHU1tW2y6eWgyr3NA2
2020-09-23T02:25:01.887326673Z 321 ouIa687Fj1qMhSX7qG0EN5UnDnzh0iSruudICRLjIbuyY9jbcNFEby1IMa8y
2020-09-23T02:25:01.899096276Z 322 TRXs7QWXea7xIFH01ZjdbSq7zcMnw26XxlkkqT3DZbWhefjKK28RTzI33IjY
2020-09-23T02:25:01.910408344Z 323 1cTzwXrwVtDKyNawXW88hOWPLjiiFQOqd3rRlO1kJHYEnAHuHQKr45QGDIYc
2020-09-23T02:25:01.922344886Z 324 ivq6DCmPDfux182Fu1VWZQRz0jvmGXUtqoQkooQB3jUL1Qyc28WyUVBCBcVK
2020-09-23T02:25:01.933864553Z 325 zlcZ8rt4M1ku1D2Og3f1l95rqJTvIWE137CbuOuy7O2xuQ3ZF4oKRpEzVjAE
2020-09-23T02:25:01.945423281Z 326 6QzRvmCZMnXfTvjVtb69jbklpfCEAmnMpfu3EpEEW0r8c1D1AGFDZwYD7Wgx
2020-09-23T02:25:01.957233221Z 327 Y0MvlDwXdZFAlCiJRDORho6EpUlkf4c53uinSs3DHvWcaJPoMuKumjkVLSaC
2020-09-23T02:25:01.968395081Z 328 4t2IXJRV5qu64hKwl8JgfJYK3qq1DH0WZdyyfAljaYPWbvbhVCzbvdWG8jbX
2020-09-23T02:25:01.980561773Z 329 LqZ16qBhJ6x4XQS2BmTfP0fM39qFEwBYTaMF2BPcfuOwAPL0BCI2grZ3AVqM
2020-09-23T02:25:01.991325661Z 330 YBVpH8JQhObvDGZ0OvY1f2OVAXzP06UwfT2oqXLqpoNA8EoUj93O6jfqkxr4
2020-09-23T02:25:02.002453497Z 331 SlM8JvI4H0KUevYeY6lSw0qKD0oYqWMDbDIPbHVUGjokjmNcFi6GJmuHKbei
2020-09-23T02:25:02.014109682Z 332 M444nzHKCl8iaAp2SKT8HHIXpVowacHmnpSChmrjRR1HoAJKNc3j3YEsJwet
2020-09-23T02:25:02.024958349Z 333 nE9hfIm5JpE9rYFwxN9ZwkRfNBDa1awaeE1VCJcG5MMy7pcWcxYbG2EKJrS9
2020-09-23T02:25:02.035783697Z 334 VWpr60ZusxeCopqBdCTyMoWpL4j9O7MTfNB3nMCzyzWO3CGhai1LxprLEMTH
2020-09-23T02:25:02.046726319Z 335 14AQWfw89s58Q37d8ujOQpySuGsX4fBJkoF6lCdtvNFwfyy5f06QhCxH1MXL
2020-09-23T02:25:02.057933463Z 336 l7OmlJn48hW8jxVecWfZthXwVS1uclygOIZQTi9OS4qOwHo524o5e5Iv7uea
2020-09-23T02:25:02.069306696Z 337 pEZXPYDMODaRGNfBftR9UR3EUkyVRY063LitZ4mv7XmoPO8UERSZ8ie3fJKR
2020-09-23T02:25:02.081072469Z 338 bU7yZUK7LJCgogj71cR3dudDDTkGmUt3s9U7kJSJLEf0JnQqoZdxk6mEX3hx
2020-09-23T02:25:02.092675121Z 339 preitjJfnYfq8fAC7qaNOk9Q0cXrlBV66Sjqbd1dVowVaLMHStVLq8ll20ay
2020-09-23T02:25:02.104289792Z 340 vdRl2efUSv1GBIbQU030hXC3zsLG4bAMD1NxSObDN0CdoxlTISdNyhe420fQ
2020-09-23T02:25:02.116188113Z 341 md1Vz65tGuGfQ8c6thDrvDhWOoVi5GMSO6HtAAEszYNmP4VfpaZmmDcZUqp7
2020-09-23T02:25:02.128295791Z 342 AAnUs05W0JtSBnw7INzkug6RSxNx7UTwG8eQcpGZBTbUM1alxiHVyGhBqIqt
2020-09-23T02:25:02.139687585Z 343 nlqQVkVTIFUxWIY46ARvl19fevJqAWZWa8ukCeljtm2GbXh6laITnf4ofKp4
2020-09-23T02:25:02.151153279Z 344 Tg3ZDWVlSPu86OuQmcweGm5iGko2AzyPxHta7UmwVRF4dkgPEojDLgn0d8JZ
2020-09-23T02:25:02.162150405Z 345 NnJws00vGo7HrawqiJb9G8VSub6Onuqma8gpJSoF9MzFKsaIyTQSqT0XpftJ
2020-09-23T02:25:02.172884719Z 346 9aoLRNiK4TzZmEfDtpqP8cbCQMuPGxlWRGUcjYlIkTTN7ULSbSWAZ96Lu2NO
2020-09-23T02:25:02.184508808Z 347 fYhsDQEzaIJndXExvfMPBjhoAIrAedSZfJfIslnzRpoff0VJSoRjDUEdzdR2
2020-09-23T02:25:02.196206105Z 348 lGpLLAHjt0BNmY8PKHTI6IctleVO0HrlQI0jYzvhyL4a4ZBxu5cGmOqpkkFZ
2020-09-23T02:25:02.207820933Z 349 7OaZsrQNokerulB7k2nYU2j0f8x7yGKTPXKLi6OFcovdi1ozdBeQxTDWBuTc
2020-09-23T02:25:02.218674958Z 350 1v8DBlZXgU1dT51mPyrKsld4riFax0efgyaL4NL4wGq9MqDSWM0QImepRqMP
2020-09-23T02:25:02.229637949Z 351 cKCtQ1Cw4CGYmuT5TcXAYB0I1NlGd2Nz4przbhn2w6pOXHNKtaCuspQXP1oY
2020-09-23T02:25:02.241680579Z 352 4oJOO4itJkvEZJ7hsfsxGPki9VA5e4mO2157WNI8kLtKFbG3Ub8yfMMhlviX
2020-09-23T02:25:02.252527292Z 353 HsO7kiTA4vNCh40070uiqbMnMT2NG2lRCi2EM40dtgYo2GBytNFxTfiZCGuA
2020-09-23T02:25:02.264227816Z 354 uxFOJuVuDl5lq8ylWvDSV3mzT8dUJaJawNk64PclU0sOdlHrXcXfnTTnEqlr
2020-09-23T02:25:02.275589102Z 355 ixM37WphPmLZq3xf0tr231s95KXLLwZXZabmybyaAGGFZgHWYYuFgLlDru8h
2020-09-23T02:25:02.287308818Z 356 RArNjEKDGNnnkwxehfcjahWQ7irOoGchvo53qkfILctc189TML9igUZIB9xD
2020-09-23T02:25:02.299510084Z 357 Pgt4GPs68joSFbGPekcJ4ayadXwqGdv2wVjxc4A16SYa3C1u8OrL2Bq6OYdH
2020-09-23T02:25:02.310592375Z 358 gcMJgWdHgF8cUhIzk3vyUQF4zYRGcaeM7jvTZuUkCv5vzNLZrLbOqmfsHFQA
2020-09-23T02:25:02.322434905Z 359 uRBeQ3RC7qlq0e13xaSTZSwvvXINfMXUR6cm9x4EZnpY3MM7FFQldN37d6Kh
2020-09-23T02:25:02.333747912Z 360 CFR28a2eu97qkMQ1WW7xK5NO2m921LAaek073Ph3LCircRVHWzyJBG4crFf1
2020-09-23T02:25:02.345066642Z 361 VKrvxsmIMtVc7X2jah2NG4E7FZZ6SbnY7YsVh8R6fkLF8NMypI8dSSYzSdvH
2020-09-23T02:25:02.356114930Z 362 DtjZcGZh9GTLflObNHJy95lhH2yezs3amHexSjGFVdKquFJFPNsqNZz3UPOG
2020-09-23T02:25:02.367333363Z 363 t435v5EWgbiBqMNTRzQjFiNNkpdcw7Xl4XJyycbbPqMMElP1SOD6X5dBhhFk
2020-09-23T02:25:02.379233353Z 364 hJ5aN8Ql48RjAUGKlq3NTY2n3YJgvgOUAeOcpz4p13TP8C8HOL57cFA2J4DF
2020-09-23T02:25:02.391020294Z 365 v2Cy4f8NJd8a1OkB5bYRME8fneTtQVFddQGxftYt4QyjTqdnh998qFf7OMjY
2020-09-23T02:25:02.402278319Z 366 IvB22coqf0ArykP5rZqMFWQ6nkkGQjTZFdYxyugqfPj6XyzlOtkxTEek7bwd
2020-09-23T02:25:02.413779515Z 367 W9llX9LahNqlC0TXTlzf8zq7NcXdDGzE9QpKXsLOp2OMmx8n73DvTvGGCu64
2020-09-23T02:25:02.424593906Z 368 BxBlK0oFV1uuWSuP8BgHsQ5S9L7dH3raXVAYTZXAvrv4zssX3oMm8T9Q9wkB
2020-09-23T02:25:02.435660376Z 369 sgeJcKbXIRxzW6ZkAd6vWhSZhTiilFC3aKXOUDfWvKhzgXgw9GioUY52t1L4
2020-09-23T02:25:02.446728094Z 370 qdICqHu2cRxDCWdETzvTRCxjYuWOCdHRTa4zubAx0HINokT4ZHNSzholK0qw
2020-09-23T02:25:02.458182830Z 371 LQCL3muNE0HA7123PbSug3ocB2UXIBF5IODv2RYI9yBeJIiMER8eE2UOU8lu
2020-09-23T02:25:02.469456968Z 372 XulalJJAFo3o1VsdI6t6G2MNyf713U0a8sKTC9KkBRRBBC2LxAH1kzj7gPaU
2020-09-23T02:25:02.480950889Z 373 NQbT6RzUavekpeidrXorEwoU7LkqdTJQN07C641tCYgsJ4cO0s4YCM4s0iPz
2020-09-23T02:25:02.491712813Z 374 nl0zSUoRrXx88n3LFgjyv4U3XsmJaDqIcmf0y9d1cHCUrjAN4odzOzVNJ8lA
2020-09-23T02:25:02.503491204Z 375 vlDEPwpqKtbZzar2WfA5XdKkc5Bp733FB5rAqsauJSwY0y04OaWfP1QmCNvu
2020-09-23T02:25:02.515308759Z 376 0YnAkjyjayGjYjyDZak7o4io5XXsiZeKmVWd68GwM2guTEVO6DDHzzD37vfL
2020-09-23T02:25:02.527196505Z 377 latbfbnTsmBxn5S3hkGwGU65ysK7zSORcHLhluzSTk717WN9We26mtAvOKNg
2020-09-23T02:25:02.537632399Z 378 V2MYGh8imO1EjzVkgdCaRqpWUFL1ACt75Rm6CEFIdr6EMcoJUeBhKOC17ziL
2020-09-23T02:25:02.549330095Z 379 AenF14GLz5IVvLajPYIhno1XSuPJzJsdHlZmP1zbKV5NKHFgKjuvESgCOod3
2020-09-23T02:25:02.560239683Z 380 qPweB2mS6Ws0sHGdXHy8i8aLIyfbFQzn69glGHlmumRQJOKs6Mx64X3t0y4P
2020-09-23T02:25:02.571129475Z 381 Fr2ADIWqk4TrApiv9TXXz6eRUAp2wvka1DBDVq3Yw3CEAdNzgS0r1MjPV2uy
2020-09-23T02:25:02.582362952Z 382 GXLo8gAdFf3hnBw2oaXBNFBcjqfGJA2iQC8OpRphUkdMeINO2ZNTjZAplmKt
2020-09-23T02:25:02.593567116Z 383 wUbkoWAiLhnSCIEL7kX2mfZJizmfFGJf4HrMxnFjUEHgj6yhSzGnG7egnJ7z
2020-09-23T02:25:02.604494066Z 384 y5s1HxfDA7wGH3GHMLoqgMFrGVHy1KoRRHGHr6wDYjtHFy7lwQMrG5KOW5Fs
2020-09-23T02:25:02.616497212Z 385 sJQPSjK1bLXflDB7Iovs4WjA5qqCvWljL7pBOBUlXOEeoikVFFLToVgIQnzb
2020-09-23T02:25:02.628557811Z 386 lAHPJd0ImoRjxI5by4A15vfYM2T0hI0po8LsSYM3BUBqPyVo90pJzM17lAss
2020-09-23T02:25:02.640504464Z 387 uFO4fl1zCOgErr8HSEEZRFRmrqX3CeTZzNIvROHIhNlw6qqTkaxfKBmxhBf2
2020-09-23T02:25:02.652429131Z 388 NQMnW2O7iFLNND29sKGZsCEgnaoHfzVpNi36mZxhXw30ZUxgGUwWV7qlnEFe
2020-09-23T02:25:02.663747089Z 389 B0sa9zUMfe8wC7OxObYCJ7lpoTerVzRYqk9UFq8dHF8ZCqKEIjXfKusz0I5f
2020-09-23T02:25:02.675168394Z 390 4vWLcmeZ8HjAy2FbBBuOM2BSGVwiE056k9pj8UJwH2tmlyNpFMe8STzd4Ghn
2020-09-23T02:25:02.686585668Z 391 kppbR32iX5SV2M7CyQPBpPDt27MmkPcLfiTiOiNBR4b4iLP0hVFS07DjTLGh
2020-09-23T02:25:02.698145603Z 392 6TaKxWgx1vu27Qb96MYLBzZV0McGTo92kGAz9baYPo4UPQMP7fvMeGz8sduZ
2020-09-23T02:25:02.708948422Z 393 qk1HqGMyzDFTIyK2skwLXtjGV49k3poLD4CZW9adPRjIAEL4pbL4I04jP7cN
2020-09-23T02:25:02.719974509Z 394 HipNZTpzpxyrcEPpLP7V0mDwq4tKZrFqQCiiubuuAIrRhJH9TTjH2gqn4PbY
2020-09-23T02:25:02.730426749Z 395 x4J6xY8BvOohyn5MrjxZWDLy1CA3OrUzRZdD7EelXX7snuTlGIOXh2wgCbvG
2020-09-23T02:25:02.741987113Z 396 UtRsU2XdLipvpyV1csogKdYZP7mbThdrBDkfTKpDd96YUe6pD0O1aMRYjq9Q
2020-09-23T02:25:02.753393673Z 397 A6e9DqJCT2fi8at1Ix4Z68BwsLDtJr6wA4pfTprwCl5TGFw3iFcK9BFbB3tr
2020-09-23T02:25:02.765246752Z 398 Fh85VkFR7NK5SyTVE1ELFQSPA0GwUIUqOfX4heKOMOpLMUsj1WjbLj1fVUXn
2020-09-23T02:25:02.776144042Z 399 uVUg9L4TKvtA2FE9isZWaDhWrtNfWwYy1uyFnnuDMF3TfATVAcXaknm81RZA
2020-09-23T02:25:02.786704646Z 400 ErMCBsFfh6QzdpFEoJNPTdRCayqY3iHqL7CvUQ8Dmkpuk2AHqjicKaWQrQ3l
2020-09-23T02:25:02.797943614Z 401 pIqfPodufzYdIN9HLEwo6hYHsWuKcP4bFS7MwVQNHbv1nb485CPupyEsL4id
2020-09-23T02:25:02.808534776Z 402 tHGRu8bklX2tpLMdtFEi3iKMvApqTVUlV1EMvDn7nFUIgK3sz5QAA5uT6mm4
2020-09-23T02:25:02.820303902Z 403 OVxD1MQTJ5KIHadkJlPdOCUM5xhwUaNdeYpVALYlfilmDOX135Qfe766WHqV
2020-09-23T02:25:02.832202027Z 404 71ND07tf6fuLaRimbiKLpTAQjCHXM6yusuZk9IZOAOoB07lUNGwzJETU6GAR
2020-09-23T02:25:02.843283497Z 405 w6MhyTTXlGZmeR7khzWYD2jmrcvsAk9rmldiZYS81YNWv1mVV8AC8aPipIDZ
2020-09-23T02:25:02.854090554Z 406 2FgWhprMZfCjFFRQPUxZSiOcS5DQT49a9DcQj8rSwfCQ5Izh0OWJ3SCDBcM7
2020-09-23T02:25:02.866003653Z 407 DIjGnxOPKRnLPED16q7Kx5lOi8t32qjDcj8eyXKMTBd9Jw6kROntU0m54rg3
2020-09-23T02:25:02.876640042Z 408 iv1GhKI9MzznAH6rzpGzBKWlhQKzOueqW46rB9aBlaHHpWP1a6QKW1sZF7Qs
2020-09-23T02:25:02.888419448Z 409 l3TSJfPdbn8zQABJmc2us7eAB47qwoQCSygnjawW9DBWkyhpKVaZi2WJvzHI
2020-09-23T02:25:02.900140496Z 410 DbAnbzgyQaScpHgcjj63lGaaTIA7wact1rLgyqMJx2sUQFbFxP5rkTT9E9Rs
2020-09-23T02:25:02.911195134Z 411 r45DHkiWWfX69z5NHZKf6SAf4CntjYEV5iEj9xZmdEmqpLOtglm5tSozQ2QR
2020-09-23T02:25:02.923184992Z 412 BHxV21YBOUB56wrTyTRSrvyzJjdWzwepb5rpzK3vDDCU38ODw1kM96ZROHVp
2020-09-23T02:25:02.933544743Z 413 IBSwizNTU9dVUYDxiU8jvpLFuyf4qwjQiwFERo6jvpbqIGNh6YyAGKjYIF0m
2020-09-23T02:25:02.945069612Z 414 HG9dmBpksxMsDqq3cK8klG8hbpEPft8hTx6WWLpSyx5En1bwrhUxWi1U1Xhx
2020-09-23T02:25:02.956612581Z 415 DNqVZXGCXnU3uwmpJ3PLBug5bbn2vbBw9ImnMEUzDGKyxWELRYdXxVLe4gLa
2020-09-23T02:25:02.968409364Z 416 1wGfe7CMl0pcP0IpWJzgVCHhdfJACMndrzpW7iHmfDXO7ien9M8IhieekpZJ
2020-09-23T02:25:02.980491455Z 417 5FRCQObUobKBg4gTkjcHQedU12fPcQiiODYxmQtknZ0tS6vt0jrvD9eZal7b
2020-09-23T02:25:02.991915914Z 418 Vkz8TK7lGQX0hUNllnTMYkpIkzOFVcorFX0qqpfg5Q1YR9N1qUIC7ANWZBcV
2020-09-23T02:25:03.003196080Z 419 KhJ5hovm0JuAYkdueOcNB1XZ0iCZ8c1ntLAvC2unt3Rmy0W9TBCE1zmr0XDn
2020-09-23T02:25:03.013950722Z 420 DV1AxF95fcknDrICqGajpFMurFLqst8SVXnE0XXMlqQWYmphgrn4aRB2kN4g
2020-09-23T02:25:03.024638403Z 421 rghRARi7dmeQayhL8ZdqsAsjAgkv87eymUkEIF1ZmeXWYkwt2Dz7Oh6O6naH
2020-09-23T02:25:03.035663860Z 422 jzdOeVzJkkwlNe4rnjekMrr2FKwJAFhQYwAQi0M86jbNEkSkMbnzsx1ntI56
2020-09-23T02:25:03.046930261Z 423 HWFTh0o3Nh5NulphzJErjIWU2bLFYNJW04dcLtKs9WOYNdjWnFQ8C3YqSCxi
2020-09-23T02:25:03.058246184Z 424 85nbtrqcs5VtZfUv07by36Kdqg9nO9Gwx4F4RdIEpTSKjDvqOtUuUN8pZg7X
2020-09-23T02:25:03.070604251Z 425 5xaiqQ5dto2KK3BRJCwwcTQ8mP8diE8l6yheen84vWh0R2XfoHcpLsW91WVy
2020-09-23T02:25:03.082034066Z 426 snvS6elojh9rxYN5e4dvRwYdoIPkITI5jKb5NaeYkb4Hmz81Ue8AOvGsJsHu
2020-09-23T02:25:03.092888312Z 427 fnW3Bhs8XSPQWX79ut0a3BAZyaYbxCXstG1QhdLkzJ6OK5ndBogRcGuelat6
2020-09-23T02:25:03.103725330Z 428 bW1xPwAyV3J8zaBUfvYq2NkMjSA9EfxQApSRXKa82V4cQSO58yZPLDHPxpGQ
2020-09-23T02:25:03.115766348Z 429 P0su0qKZ8BQh6MSTRYphNhZEIY6sydT9Wqpaka8rks0k3ZGmNxpiG2IEsdl1
2020-09-23T02:25:03.127179933Z 430 SZMyokr2mO0ubPDno5KIPhMW0UMNdJpNalFrSS4MJSzbzlC0MqE7s6X8H958
2020-09-23T02:25:03.137619281Z 431 3rugaJN0fTOJWSEyvJkfagPNLiqrcSZn8micF8mUBw17TFbFkC0OKWD6Vl6A
2020-09-23T02:25:03.148640639Z 432 EbemZWeWQXukjmeikC8xAua1LcWI8y1LwrB7ZDd9UIlIarHnpPRfTZ2EkWcf
2020-09-23T02:25:03.160284861Z 433 1hApXfkLDHE43phH56Z79Vz1NMf2kOwbdvdWprbNvaBE1S70zNxfSNyU7NbV
2020-09-23T02:25:03.172029918Z 434 vL6H7IMUDj46EtSj2nDKOxrQGHiyVC1n7ULhN9kYgM28x8eKOl2LMWaeALOK
2020-09-23T02:25:03.182601096Z 435 TzrUys6tyBuduY9ThDahJcDfplin6P1JB7Bx2lHkdqLag6keBc551bpoqg7c
2020-09-23T02:25:03.193932817Z 436 ZSUI994FW2ZnBDUZnBLpIghkwSVnC3qVXYTm0a3Gh2Xc82siVHc90NXWj05f
2020-09-23T02:25:03.205080925Z 437 Le54BpZLfzagBi28poZue9OHtJAKzyF5jGJv5srJIUi17uwr5wSgl3Muev0K
2020-09-23T02:25:03.215713033Z 438 ZuJq1lNDeOBG9VhwKFyf0QHex92g7wIpXybvLsv4E6Q0qzcfthOSiU4QyOUP
2020-09-23T02:25:03.227582598Z 439 DGVsxL0nJNqOIl2nwN6MTWuMM432UPvtXKMiGaqXM2OdYydLX36W2z103ixd
2020-09-23T02:25:03.239431040Z 440 JhVTdXo0eg0I3iksTrGmmyNgOzzVUQkZa9sf4PRme5k8OoQDaECVs8LeChcB
2020-09-23T02:25:03.250152541Z 441 c7JBv2jtFn4SaA74byivpajfosfTYpxnkpGgEiSJDdZmEz4QHe6fRINCq2WG
2020-09-23T02:25:03.260869674Z 442 AKy6APKOY91LsBW9xrbylYD4GhTiv7FhSyd9OMIPKcrAa9lImBMyu2NnoFZm
2020-09-23T02:25:03.271452221Z 443 VaW7LTf1rw8ppoUd5IVREaWlqWY25DzQmzUvcSP97S5NnB6Tm9y7sDllBZZr
2020-09-23T02:25:03.283137579Z 444 wMgX7CR9PLG9CMWgnOTvkkwyCeZNMct0h8LSu5kQvakIqIjGfnOZicJrYS2Q
2020-09-23T02:25:03.293724762Z 445 wWwts8mG0LnljZ5YFxjOAYYbmNUZ18PUjBwA4oMHbEKGhyYZw4yUhXcodWUN
2020-09-23T02:25:03.304696146Z 446 uLhhZrl3pkQ2M5lEdHuEZAIGXL1QctfNzZmWli1THRcYzSfqqxHJO6Z8DHDP
2020-09-23T02:25:03.316090820Z 447 eb21rHk9UuTGXG34X26zog8qMy9TMaPEESfZifwaMLZmSa87p7iNR5Ziha7R
2020-09-23T02:25:03.326431129Z 448 TN8xfFjJpLLjPeEGoXYLgApKcv3B893K505NKslrq3svmhta9gVEx5UkgM38
2020-09-23T02:25:03.337882313Z 449 VjCrvecbo7TvjQ1bmx4ciiucIYreYwbuLYcXVZOc8ybjHLESoq8EUCc5J7bx
2020-09-23T02:25:03.348554856Z 450 3NNPerPoBjh7MAyVd4uUoYxfijE2rmIWXipsFkTxz1x0mhJiXhIMRoqRw3Uz
2020-09-23T02:25:03.359601147Z 451 7Zyv5LAoEYqLYSdeLVAgAUlBLsU2YoLei1uzIx8PyExTLtRkmEalTIqHxkkr
2020-09-23T02:25:03.370993716Z 452 ufC5tWaGmDyY2NNUZ69RGHfO3wMBAkwIG9rf9KVt6c1KUJzJ5z0Ui1PDJJeu
2020-09-23T02:25:03.382099497Z 453 dSSRlQfTejkJ9odCvnpvnN1U32mZO2N4Kx9xbptOytMlr8EWw9pMSpLWG0Cc
2020-09-23T02:25:03.393334490Z 454 ryykIJcHmNGsFrs4QdRKRFkhLW0rnEBFxxVYYF7c4GTTGT5MX3NVR6X5YPkA
2020-09-23T02:25:03.404556244Z 455 sKHq2WgUOOVkrPfksKgmoB1UrXpOteX1qYyWX9xz401ZrqK8Ra0hzK4CWxl8
2020-09-23T02:25:03.416006738Z 456 fcFP5rDzNo98ywYTJoy6SsIifeGuvSW0kCKNjRyDCOEaLM8PPF0paKGpd0oR
2020-09-23T02:25:03.427575600Z 457 OjzLqv2ii9zuWyWoy9dSMpdePf6aMyebCQW3gEFwfdgrjD9z6DSRyGpCG24A
2020-09-23T02:25:03.438675768Z 458 rYmOKsocslUeXJCIrlVIoipNnjsYUAfRjsRimMyW4pFAeJeEikyfDH93xz5t
2020-09-23T02:25:03.449925447Z 459 KR3dFTaMkNHk2YBqRNPSbBhG13DVM5QvLKWqEtStzCoJyePHmnfgtLmc7BmV
2020-09-23T02:25:03.460617727Z 460 oe0tO3OucOKckqouWgdNxUGQnhViyF2kHFhmnGTZxfV4qjnEPFwlET7l4FtQ
2020-09-23T02:25:03.471844664Z 461 lrD4FXOAkWZM2mBwBsETdfTqXxAUVLFZfMk1WEFmZhComAVon5B2T5Kl5Sfb
2020-09-23T02:25:03.483353853Z 462 K7oiltMsOhhqoCH2kWuIaIGcPoH10eOfIkIZYTly7IOAwbwvkLnFIUguIfuL
2020-09-23T02:25:03.494055215Z 463 jEUONm0c6jotfIUwLbg3QmREQBowAjK9BVWAmoiC24VJM4LPRgYLkgSoHCyl
2020-09-23T02:25:03.504942952Z 464 WfmzifPbg9yVrk3vufU1zxdGYmtymxl2IJJtDZRMugQqYF9BKbFY4eDcMhZr
2020-09-23T02:25:03.516648049Z 465 UbzK91UwTSp35HkOC4d9jOOcX7F8iNeNKyNfq87t2DQIm36IsQQciglp4vRO
2020-09-23T02:25:03.527536852Z 466 kA1aT39sKYFECVX9VpoyYgMzTi60ED7PSSLvMdr0tNZsR55zfrnW5SrKHDpp
2020-09-23T02:25:03.539067937Z 467 mkyRKgzcmmBxRNsS0csutZKjPwxiSf8CvSkX3saMOzsYHD2d9gxSMOjVtOmV
2020-09-23T02:25:03.549702186Z 468 jYAdd71hRS5vXrlgsNF5oGnPgTIRj7ecemjR1H7RjTlpaX4WQetXOiXrS0yd
2020-09-23T02:25:03.561467209Z 469 kbJD4G4zDSynm5jH1RBDQxiJ7S9K5mMMXb2qF8oqFU0JGnfU7UAUvCEhB1bK
2020-09-23T02:25:03.573319483Z 470 t6DKCK9VqysLlOwfuVn5OVV44gJ9BRDH9sDcfBuWFEQRESjONdlmXvKLxVub
2020-09-23T02:25:03.584150443Z 471 L5qDP4MAirqViny9Znkx5G0QYS9Jvf3sa08pHWa4NspH5e9nz4f6g9HRYKzV
2020-09-23T02:25:03.595479853Z 472 tvyZkVzFJpUew8yLPiBugoPkf10o932fAc1osleK143WozRxy9Z4TAomK9Pn
2020-09-23T02:25:03.606944543Z 473 KzYQBGsni2qgvsXkym45kkruKp9IXbDvkLogmN65ELElj12mv8wOiyMt7m1n
2020-09-23T02:25:03.618628756Z 474 rRbgFvt4HxxH2n835oa4lY6VVbQT8x3uXTrtvJfN4amMeCT4Fygejq0qLS1e
2020-09-23T02:25:03.630300587Z 475 awlpeZ3OHRTmZAwgxVE0xRWHGacVK0lDxEmRSrH4qTZUWR3R1DTDBNMBWg9A
2020-09-23T02:25:03.641174306Z 476 vz3u09T3MORZrpft7i7he3HMcyD6hLoSzNEEUreIx7yC7hFbuVXfxXbhZf2e
2020-09-23T02:25:03.651808880Z 477 gkszsfegUmTYL0cNjolPTNIVah8I9nrTse2OMmJA5Bg96n4zMTMGRYJpBny1
2020-09-23T02:25:03.663161154Z 478 GGFRgnF4L5LkpCeVzV4rn3AO7WGBf22DeJihd5mS7ED4TLTCtjNYYBBmumSz
2020-09-23T02:25:03.673731838Z 479 tn3sIyBDfVqNSzhL7T8HDcJVAp3DDyMjkwTZ3hLo3XeSMyXp2zXMUvFBQN6y
2020-09-23T02:25:03.685350236Z 480 TEdFA9JkpL65Sm3nz0xy5hOtmatzVunxyDahUzifYjTTdNI1MgpcUUEnwZH4
2020-09-23T02:25:03.696277125Z 481 vfMlARWidJ6UBaJiCZarIO6sQumR6fakxL75n5cylS3N3bX2YxvzShrbO7Bc
2020-09-23T02:25:03.707510024Z 482 trrgxlmO9kKLS2algGzgmtyUJC8YTO2hAylvSsBCTibK3sMEFdWiadbrD2CS
2020-09-23T02:25:03.718968473Z 483 c1AtaDgBWrvOCdS9CnowsVJ8xjNNSPe3ywuxx4QTP3Q2ludiRIV64gPgKB9u
2020-09-23T02:25:03.729690637Z 484 NXwCGeI85IkgcP6nbrV09ar0XJSNK5alOftKVfx6wlQlHxMrhEilZE8MkGpJ
2020-09-23T02:25:03.741174225Z 485 cqtG19AhDSRykNzF0Dtwh99JBItkPolDOuqs7J0SJQUOJMukaEkkzIJQPGhb
2020-09-23T02:25:03.751976697Z 486 5cxIzbEAOyWqafTnBKkVFtPwlY6q0nqIpZzqAxcgaI89s12CwOge9Vb3gjAv
2020-09-23T02:25:03.762682350Z 487 RY9c7mk4Qz0miCgjj9rcxnhuidNNSoIkIs5Rj7MhgGPcuK0EBZqaSQIeTsN9
2020-09-23T02:25:03.774722975Z 488 PyK8JJRnLwW7ymbBKiS4vzHcMrw1FXLVj2JJpp8Wb3Ro8e30OUdwcaM0EzFj
2020-09-23T02:25:03.786281979Z 489 HbGItM2agBUiCq735e5WoJHvlRQ0kdECstxVCb56aJVxjd3bbpwmswCSzyaV
2020-09-23T02:25:03.798353091Z 490 FRfXvKKeRVH7X9TtFGB5r3cdGTKoxzMbYxCsd1YSHLfeYv45bslbNlXHFOKF
2020-09-23T02:25:03.809636851Z 491 qNVRAFohB305xtCnyEkDbSAhFpjtD1VjPz3a8XQC3WonBsJGqARyZb7bBGvB
2020-09-23T02:25:03.821077352Z 492 5roLQ8ZOgbV8WbENehpHodm57ybawJImcGgmPT5iHJ1LkNYzHN4BT8oQhXsT
2020-09-23T02:25:03.831708041Z 493 mFwq1X5VbvwHcythE4yUc9AkQfMVqy94YQrRKWi4zBuliOmOuIFuydsTloeO
2020-09-23T02:25:03.843267660Z 494 dIp54K2E9fuiVonpggvmms6iYtNTCSfM2aZpdMuGo6F5xJYUYT4ZXJKFQecu
2020-09-23T02:25:03.854130658Z 495 lcRa4ABJZxBvjt0UYGOfxH2Do2E0loNI9IbfRtVX4729YBgv69FCfFSLmXju
2020-09-23T02:25:03.865539003Z 496 JPxgpp4n3yi3JWqaqfG7YJD2H5j99iu7V1AFC91zwwa0EQyE6HnafmgsMAa8
2020-09-23T02:25:03.876953430Z 497 7STSxOfzdjChDtraCsf6Hni9kv2vLrJR11naqYp0nV3Of610U7AL3Kzej1Dw
2020-09-23T02:25:03.888272519Z 498 G8RpHIZk7yxNV5nICe2NzVmpsoWo9MZwFbR6V3X9rRalZnBciJBaSLTsUX91
2020-09-23T02:25:03.898660581Z 499 qkGJZutQ3ZnbR5bPja81sWVLwPTFwyDH076yqzfDUPkjMxNm1pBrb6knHJf8
2020-09-23T02:25:03.910155038Z 500 ekwGdPmsyK42N60VC2gE5xi6ncRtgY0fVAvOTyhXqkvXj31OVj11A7tIATJj
2020-09-23T02:25:03.921956997Z 501 dprhtS4pJtkhZgeYkLJyO9BjOwKXshdOYREA3D8M3Xvt4curvRlPHkD0XNti
2020-09-23T02:25:03.933137044Z 502 ur6QR3wTPSYJ26xJGrUpzt3yqweyD00uYYiwvBEqgc36FXohoMIiEwVbv7eI
2020-09-23T02:25:03.943751441Z 503 B1EsRIY1W1UxFxXtBqANGUmINSzGkNM7Mgq5zr3qhLpEeyoIOTFRjKeVLZaJ
2020-09-23T02:25:03.954718249Z 504 tFyisixNTyRaRpdqOoD2BFDOWxPAxcECe26yWbC22zmLAfAToyaTAd7Ix8U7
2020-09-23T02:25:03.965797983Z 505 lrq6cDZnEZC3P9QaoLWmr5JAn2pv1gDoMl9QeLrwiR9bbbLe6T36hHBbdsbN
2020-09-23T02:25:03.976629262Z 506 uTozXK3AsNq1LZhOzOAbTassh3weQsOtjmYHpsYryiKtIQnt7NcDdoQ17vyy
2020-09-23T02:25:03.988105744Z 507 bdqvmn2YOS6eAoEET6yKBzZD28SFbKq2lO9Khans03fSpHlhou8lE5UNJNiM
2020-09-23T02:25:03.999119187Z 508 iAC583wHANWddrk731yOA1VsHUZ0Jvkhzl46pTZ97W2ILnHI9Vnr3QZuCSUY
2020-09-23T02:25:04.009541986Z 509 TGoueY5L7AEI51pcFPdOL0lRevC0O8YWFwtBPkQmqgox3vCLwnE5kFzb6zYr
2020-09-23T02:25:04.020876982Z 510 eFfr6dDN3NG2n7l14egAb6HxATGydNjdOy3L5hoHqPveAIHRX7e35Oznabkd
2020-09-23T02:25:04.032111711Z 511 SL6zXcqNTrvTjcZXcoujXHVniP6UZFGSIkfa5syYVQLiGJ66Nf1qb7jUIMI0
2020-09-23T02:25:04.042605997Z 512 gqfC5RFQIwCDms8XZxAJaFoEhmnTg3X3SBmrElw8HfSvND1x5wtyLJfVEqkP
2020-09-23T02:25:04.054259173Z 513 1WLZTkeU8kXooV5aj1ei4s9yHWuuS2DnriLb4oJgIJGbf1mKQqg40vTSNxkB
2020-09-23T02:25:04.065776386Z 514 YxvDsMiQ1Yt8RRyxUL9uA5QW5nllSmGYXOGB3xwjVQVlYNH2m27SULDz9NB4
2020-09-23T02:25:04.076662908Z 515 Seuthut5s94pN6SPzXoNknqtLtEJuW9D7G0ag3RfxvcX4rYuJYQOZIre3iyf
2020-09-23T02:25:04.088636208Z 516 uQYukMAGdsXMn3e5Mo7KJzCjAr6MEIqJrZr65yRoGxFyuK22ZC1coFJZEaX9
2020-09-23T02:25:04.100467547Z 517 ZOxiw6CZ3Otjgd8T4sfmVeQwmMWU24Tqr5FO9XJag3nm66a2Zi8j8dEG724i
2020-09-23T02:25:04.112567023Z 518 0g1VdfAej5pglBwzutUlDo4c3rzWNw36lInkJXXVVyQuoGwc4LyNaDSAK6SD
2020-09-23T02:25:04.124197729Z 519 S1uUvrSbP9cW4Z6Vb89ncpVmxeA4ypzToPE3Qob0hLAcEoQx0oDAFefGJoCN
2020-09-23T02:25:04.135557806Z 520 xECnJqMyyPrCEWcWwfhZ6uvpgEGj3h8d33399LXbStjAEcSxRqFY7HScRDxs
2020-09-23T02:25:04.147011130Z 521 1GqMxwaiiwiFNwyZHr6J6pA4VpToZH2fH3WGn1XmCDL2uNiwm1lK7z4Y3grR
2020-09-23T02:25:04.157809883Z 522 I5MvwDTk6TQqxw35umcSGsD3SO4YknEzIBbPq4cuvXGLA3Q9FoQZZGdXkOsU
2020-09-23T02:25:04.168817136Z 523 QpORE6UxIZChAjbeGUeL5k6rmeFVwmcXVLaMykMfvMxpWDDppnnTcOVVD8eP
2020-09-23T02:25:04.179968559Z 524 SkSVrQ0rHVncjkfVNVRA71KywqessdIWolCJcV1xGK9iuBvWomDgDFWYhv2K
2020-09-23T02:25:04.190872529Z 525 3Vtz4C32YpB5vhArQ2igylXkdh3ipNjlwQ4Sky9d7wTIcatw4NTnH9tqy4E9
2020-09-23T02:25:04.202143131Z 526 eCHJlQj7kEDNUqOYGJZoVR6Ixf8KKmAN2KRz2kE7ZhwPtLiBa1fKJdlx1TBi
2020-09-23T02:25:04.212848153Z 527 bP9LjxHLxCsqri8hAMUin52Xoox6imAMUOWnAuemMJHb3vHm7UFwM3mGQCzM
2020-09-23T02:25:04.223766126Z 528 yK9RfrCKLvi7tFIIVNQlFRdMMZkJxYYUtCchFbIUGkUxrQsBfzWotWvW6vsH
2020-09-23T02:25:04.235584679Z 529 5pZTVGMGaDnJoQJyYzT7mqRDJcqiGBpbCZT66RxpP1tQ7zaGfR0P1o69teZC
2020-09-23T02:25:04.247433595Z 530 0qiVBxgi4VZxWjYR59JXzghjZ8g3JkJcjCCSSzjC4Ajo3UPfrfXMWIPJcgDW
2020-09-23T02:25:04.259012418Z 531 sNeI4z68x4tIHtLLReCPAgVXJR82V8ZRq22ZGbvO7swwX25IZwYqgxZ1JXjh
2020-09-23T02:25:04.270233745Z 532 4lh6inwRku4A84LGJpCZuHwLXZdE0jzdJ1jATyEd62r89LPZKZ3d4rRUN24C
2020-09-23T02:25:04.281134565Z 533 ZR3qmXdEXmLUYX9OCIzOY2EB0NkJTbBXn9bvWXDYUiPv5ZfhqCvzaJLGucIh
2020-09-23T02:25:04.292187662Z 534 xdO7F9Fw2edHrXFQsPdObwOku0vN0KAEQyjo6HZk7aTaoA9vQfNOZmaEmNo2
2020-09-23T02:25:04.303291604Z 535 wAqZ9TVzVjczin4pr7hJ5UTSNYLk4lnSWeXBD6yUwajry456MbvvRShkKlHL
2020-09-23T02:25:04.314385557Z 536 c4lSsJpnoxziC5RKAzdQLa6VHVoTqp7p0sZeRi26wPRGhFB89CYSETrjK1ZO
2020-09-23T02:25:04.326234652Z 537 HRAacaBNzg0sRQ7VjdmVQiNlwzxg733jwL0T4FU8cxyLpGCUGn8wxMiucnbL
2020-09-23T02:25:04.336734928Z 538 zBBmn2GxJrP2ogzQibgRk1prlgaxxoq8lAJAgMCcTzNBXJ9OefekulwWyyBh
2020-09-23T02:25:04.348311887Z 539 JLhGbp35r2nj82NpA6U1V13xoLcapS3dbL9RLRyswnBUjrwsrBlbz45mHTWR
2020-09-23T02:25:04.359367900Z 540 xrLoCq0irBpx2QaH8vM8W4f9mrjVB7b3EvG7Fw1G4yEUIGbdU01eFIQ9pP5e
2020-09-23T02:25:04.371096778Z 541 klwpTcrrgWxoQXHo7BVebzTnkgbfAyIVZkTsLWDHjFevFXNTwTBaR5x9gqPc
2020-09-23T02:25:04.382224243Z 542 5OXFei3uxEGkuJkgES9J8SQ5wyHg4qHHb0j4Uqj2B2qPzpN6AOXjGUBL37aE
2020-09-23T02:25:04.393013436Z 543 4CHAU0vSPacyDCcpBNW65ZVw9Bn6v4X8sKVyac2qAaZVjDUNEC6iui9LvNmf
2020-09-23T02:25:04.404433785Z 544 kwN9TdEGycpYPwqAOhjL7qXoAJZv0bf7e2GP0S6uh14X04T6qg5CMGAycI5I
2020-09-23T02:25:04.416033543Z 545 EgyzKkX3VIo1uhedOO91RrURkJbsFeZG3IOpqYInJ1KlFyDQGfzKRo9SacRX
2020-09-23T02:25:04.426905431Z 546 WaStrs49HqvoQANjjBksLQ8g5aWnTCbqSCh1fBX2k3Oy0homLgsdqp8Qc70E
2020-09-23T02:25:04.437850328Z 547 hGI4lAPqbtoUSPx47D93jnAdr48oGtjxWBG6FuoqxwJnbVzoLA7yBSdxP8fO
2020-09-23T02:25:04.448768674Z 548 aom6uqynFWeXPUdNalBIgeMuOhlvZh3RVHIqV2AeWf7yNxHpBwFOcOjQ0pi4
2020-09-23T02:25:04.460601124Z 549 YbX36SvPBgboZc1r5417U53GziKrTb4fSPPG1BjQt7VxR2mfPSdaL7pSiQQG
2020-09-23T02:25:04.472609745Z 550 TMnmGNLEQP3NlNStqOWBlWee0kSpjZMVi961CNGk26STXDo4QKhClXfNZLiF
2020-09-23T02:25:04.484116664Z 551 nNvZkoGaHXDlksljeJoTY3aXZrWQOYQXF1h4zfzEjszZ02A71dvjUAmPDwv8
2020-09-23T02:25:04.495086271Z 552 84iaJnUcRN76mb8s2UfyYXbTk1YKBy8XiX5IFLttOFze1rzHWkePbGbfNYhc
2020-09-23T02:25:04.505728669Z 553 C5gW4EzRudflEIs2C32LbHO6UUR7aC56Ra0xijBx9Cq8phOKQi7LcRysOM2b
2020-09-23T02:25:04.516973568Z 554 aZ9JCYAeDatVzQ9ocaFfZRCXmf1DEaX9MYA5ii4fiutEO9dG7ChZI8dAJEmm
2020-09-23T02:25:04.528280932Z 555 xTotIFq7Ym0JagWUDvJxaIMe2FXyex7NYStM8OFNan2TR53q7lq3GQHiTYIu
2020-09-23T02:25:04.539895148Z 556 7yPPZ78FKVbIGxOOjAAa7sPVd6CySOat7bdPelHRf9OZTUm5tzWODHLIkPm0
2020-09-23T02:25:04.550588056Z 557 PhmpeLtA6n9SFNR4syR1yAU1e9O1F6hn75bRpep0m3RLsMdp9runPTb4krNy
2020-09-23T02:25:04.562048433Z 558 lKaDvyHc2JzBHRXwBwxBL2TDBRaLqykOeI2TuVujEwRPOwoV6Z9JXv3i6Wlt
2020-09-23T02:25:04.573018010Z 559 TywPaOSpq4XR3YK6Wqey5hKlLSqXOAY0USfesFM2v9cSImHlOOWl0q5fVqF5
2020-09-23T02:25:04.584047659Z 560 XIFyCJ7L1x09N6ZRXFcyT2ZH52cOM2bpph0B9ZdTct2GwVavtRWidqq5bL3E
2020-09-23T02:25:04.594683788Z 561 Poi8tStFDDY2LdbChWXmsvgWewF0JyTPoNHjpohbrjKuwONvyUowrvOMqeDy
2020-09-23T02:25:04.606039868Z 562 tTBVoTj1J1ApiTuYwh4yAKMBlskVlsp87y8i0QIEE7SUJjIyWnzXeD3pT88O
2020-09-23T02:25:04.617395377Z 563 wU8UKRNJhXNVQVZCDqmamVsdUwAAxwNMXHohV4HfuoquHq3nPZx2km7BSf0o
2020-09-23T02:25:04.629146176Z 564 PIHKH4CLNLLv8tGyFKw8vNuejiYR1YUpHFP7p7Ur14C6qagMMDtPuDM7MhFK
2020-09-23T02:25:04.640074375Z 565 DBeMJGpmMlyJg76l5tNfpfCZHnFYsPMZW84VQcYI5rofBteGb0ro4JFki0EI
2020-09-23T02:25:04.651643386Z 566 WxBX1P8WvZyPHZ1UaNeHOMahbQRiNHF2YLkZdxMJTQAbDeuRd53FD1kSaEAu
2020-09-23T02:25:04.662433486Z 567 GMgjtBnFaMh2WWeatMhwikuQ9lFSI6vcnR332ccgAZ7tg6k3Nhp2tmP7WhZi
2020-09-23T02:25:04.673761719Z 568 RDPVgVcecE67RiiRMLHmDDspSqyk51ZByerMxYGK1j5cnLZA8sowlJsFYnA6
2020-09-23T02:25:04.685033727Z 569 3JF0jby4SGg5nlFHArlg2qJZFzybr5xi6TaOBkmeW0CPf2r8ZkPlqAHgRL3B
2020-09-23T02:25:04.696340414Z 570 x49wp4D16YMRJNZNtyQy3qPVkT7Pg3XTE5gzwhIvosGwqOxNZqQBUYUlW2v9
2020-09-23T02:25:04.707219981Z 571 UyzYEAWIOTMrvxKy6p8wnRDSXFAKOvfsb6xo2WEVfIHDicU4VHWSQZvEUkRn
2020-09-23T02:25:04.717890591Z 572 vFzfa53QB3xcHh6n8VviiXsrBaJGxUEHWweOcmJDVg6g3fDTgc5mJvwlidfc
2020-09-23T02:25:04.729272956Z 573 EEPCmQ1NaqI6TD0XpucaNznPv9zUA0KdUGVxyVqUhhZmAfUiVSaZjdRylpyI
2020-09-23T02:25:04.740514701Z 574 wMqjAowWWDQW6NITb7Q8JsiZdWg0PmHo4d3DWUNiYSHajcWqilszOvWPiQ8M
2020-09-23T02:25:04.751931037Z 575 lhmjXES3GrbZa4KKhBrbpkDm1APW14VfTqmcEm1lqBlHbGTfEQ41PobAfHeS
2020-09-23T02:25:04.763193384Z 576 wJzc4hGYQx163owmhKkoP4SwzxcmWrsP8VO10rjQkC5fqxmpwaVf7OrxobY9
2020-09-23T02:25:04.774123604Z 577 cZPSaIi5bbPdYTF3rbeFnBf17YqmFO5zVAntfbJxLbBHGv0jIa9qQYYlAKdN
2020-09-23T02:25:04.785003914Z 578 8aNpe9pucapoIMrSYC58tMUZezsOci1vIpSTXmzEgvxRmlAxBQcsgJfoVsBH
2020-09-23T02:25:04.795949952Z 579 sHb0dtNNyiBN8nfi49HAhnVrt3pMmrews6cv2dubPEPMe0n0ARKR8HrzsG6M
2020-09-23T02:25:04.807263292Z 580 kSdNNT0MRxboO2SDY9A6KjJbeXZnTHN0p7QEV8oIkmTpRWReEbRv7uGBfPZC
2020-09-23T02:25:04.817550100Z 581 XO7AYvyx0eUb6loIVeEjsBF3AIy5qN95WCkrDNmiypiQ2CwgJh1veVxckL7I
2020-09-23T02:25:04.829182811Z 582 AP3jjP6VcaNm2UsN5Xw55YhB74gxgPCC1FWTKjh0ITGbEkb5xFHws5mtWhBN
2020-09-23T02:25:04.840036450Z 583 XM4rrYhYe9g70eRwFE8Xv8p22rJHnMJJEMxDYSw0RhQmnQtgrzHwEIhMhcsB
2020-09-23T02:25:04.851516177Z 584 1vAltpXG4LGscxESqIrQCvUQBvayKSPmyME1ZX2W6vcGp8Dteqm9iwgsSTWz
2020-09-23T02:25:04.862658357Z 585 So39VyiZApTkAGPiv7u04R9ht3YzVVDN3Tf3MiT03INirsX4aS9ylfHM8oSu
2020-09-23T02:25:04.873856053Z 586 cgXJr2pD9iLphHIfVtJJlsm2Koj4osEjINVSIHuXlzaYnXQrBQ3t7671kZxP
2020-09-23T02:25:04.884654704Z 587 aSWrmMSovkuvdsoPuo58rNt9y81cEmVAiJlHmJXA7CmHH3uM7G9ph7uemju6
2020-09-23T02:25:04.896118315Z 588 4bVuB7oNJ757iepYUajz95TEW2rYDiEC5JixgSZWf3qjkGUs1VD43xBMBkRQ
2020-09-23T02:25:04.906614900Z 589 2ZAeLq4zVhTnWgv77E4TaCnM2bfaO3cqBXFYoirHIwQ5pzsWHXtbruNzB3qn
2020-09-23T02:25:04.918690734Z 590 UfDi2wHpcoGnFCyNXSUi2IcUrTkNZnzzMlGSZmiLXDgCes5EurtXZCCGdCTT
2020-09-23T02:25:04.930359168Z 591 nrJmYLmjoqRVXae1ZakvxqDdyJsJtFXmrg68ZTpafcFvtBa4lQMxOlOHa04a
2020-09-23T02:25:04.940992465Z 592 VRnNW6astPWwex5jnTtaDKhxWTMf3dNUP2XmZDx4pIIpc7JodovY9qS7fY3g
2020-09-23T02:25:04.952496813Z 593 9ZeGwyFjjyDcqcgEANPwRtI9d4im1NQLK7xq5heD232YrE7rB539IENw1riM
2020-09-23T02:25:04.964132330Z 594 f97MXB7HTnq6ifxc8qA8287YbIcFwJptph1G0Dj4WfXFy9GyvLRO8F4F0mhT
2020-09-23T02:25:04.974865256Z 595 DLmzGZ8uOoHjIxRqNH7P1luem2q8eGbbLTTW3UPT855J7PWRX0YaY5k4LAU9
2020-09-23T02:25:04.985799265Z 596 6EJP6fOGtSpSvke5uJJJPNufSlkzWrSryuA5d4irZa0cecy4nK7eiS6gQc4M
2020-09-23T02:25:04.996399150Z 597 9rMUGv83810MQ8wsSNhJk1DUppmZx9zgxGFFjBB2uu3euJjNCaW91v5JbB6i
2020-09-23T02:25:05.007737410Z 598 8krCzaf7wRnPbC1cxIjE0iADRa5XU8ikAnmsNuajLBWOCbsTofsdVu4OqA6M
2020-09-23T02:25:05.018978974Z 599 udIEAxZOCPFBqcGveL77KYXkwmJb5nATxmnr7NQM0RzNoZFte00USpx7DmmU
2020-09-23T02:25:05.029642621Z 600 UL6leoJpXDXGyjHwxflaDj03vkgbCzapfrxG9AI4jmpvYJJAcZiMG2yCXhAa
2020-09-23T02:25:05.041648863Z 601 uSHaW2nhFUoD2qelTnAljSBvyjalF0D0fcmQX1qFbGoQOhbslQ1fhhSTF5CF
2020-09-23T02:25:05.053656639Z 602 Aa5COyyQVxrVBywMc1UxgnV57TjComxf6h0sHi082K8Kvjy2gy0rMbz76CeP
2020-09-23T02:25:05.064388934Z 603 IeXgPJCGMoESlYVfPTqd25FQiP6fj6GrgBdgHqEy1mqMr4GvP5M7lwEvMFtd
2020-09-23T02:25:05.075533419Z 604 vhBiXqCYEfFmw8IRboB7rtxzHF8fTdsvaZUmmtfD6xXUPn5xr9H4MBZ3pFJ4
2020-09-23T02:25:05.086922333Z 605 8yyMZ26szraXHC296GLOrcfdg9mwzP8M16Gf0N7LK9uEGgwIuLteLR7gKQ1i
2020-09-23T02:25:05.097689113Z 606 MLx3WaF9gNjltkwsx4ejRKsOXuLrqmuT1zLtsmJI9FrkPDeq8AXjx4oMkhTC
2020-09-23T02:25:05.108902029Z 607 y25KEfwQEXEq86NMxwAkqEJSKb5WSuTssOQ6pCivXLs1HE6cMt4Nu8jrbMNi
2020-09-23T02:25:05.120550282Z 608 gcow02UwKDwLtxQru74VCnrG16g222zJshgGmX17VPj9wpDJwPLYQaKBa2KB
2020-09-23T02:25:05.131966306Z 609 D7yLnXUMltnm4gMc4bsQKsW2PUWkvvLN2C5QWDoFWLZRwQEJjhBrXjvphQQv
2020-09-23T02:25:05.143169133Z 610 ZbBLDp6DhVXSkG5q0bjG5zcU10cqhIUzqbQSiEa1rMaRKtAV0dOh9iX7aoVp
2020-09-23T02:25:05.153601355Z 611 bpYkbg21DIpBdu8roxKjkI6pjEG4TAooi0rDnhT1HJUbSEeBX3TNdCJjIwmB
2020-09-23T02:25:05.165256769Z 612 fRF8ndZslaG28VHgXqt5W5Mce18TfmM4vcaGuMHGgWQL0UvdWkvkXv3mBgdn
2020-09-23T02:25:05.176203747Z 613 b9INoLJZ6ZJJkkAFRm5bXUjzqyIdnKvY6Jc2TrelFylhE47djkqAydFlIrGy
2020-09-23T02:25:05.188340428Z 614 W967HeQlGUbQudsNIxnsQWVEDn5six1qwVxrvwOHyGS4QbPv5IxXw6kZiMDN
2020-09-23T02:25:05.198604264Z 615 WtslNfMJJm0sBqWhv8Vk6tjbmKjsPQR7QTvr5TM1VIGqYC2xbCMglzSjjXYF
2020-09-23T02:25:05.209980847Z 616 kYC1ySw1zA0IsJsCFg3LdTYRWWAChf8PBpea8dzGhmXxn9tcuLzuO53cDM5j
2020-09-23T02:25:05.221420557Z 617 0qlsUn3nrjZvO270MyqVUoDa1nnm6qKexPNM6HXfAsjRIaC0t2lKS85uovXy
2020-09-23T02:25:05.233221705Z 618 uB3bO7gfnNmGHF3Grc1BakpbP0EdcTZoazBn1tH4NQdqhfTxxjDHtmZLE9Mq
2020-09-23T02:25:05.244457301Z 619 IRqIFfTeNek0VbNxGWd3ndniNr6sWyNzV55DcwfSmv2qH9xr2yzhnYLQc2Lb
2020-09-23T02:25:05.256184333Z 620 iqLpNVERQBQei4IUZjmBnfYnRIO0JrQuEQbwyw4in2rtA6iT75t7lpSu8FFB
2020-09-23T02:25:05.267254772Z 621 98bAikB7pTHU6DAC6LJyDSuEnKyvZtW0WTh420Hm7p17f7kkXYqCjXaFzuuJ
2020-09-23T02:25:05.278750903Z 622 5XR40b5QgCtcbwkrNqzrJPRr4jUkCRESn5JFs0QBRbyxw9yXjJrf85und3aG
2020-09-23T02:25:05.290277522Z 623 hU9u5XwF7tJiplL0JsHzPKMXJ3775EKySrRWEskfjEAcVDEIsjJhWgc7zyX2
2020-09-23T02:25:05.302433869Z 624 mJXYA8E8uYU02OicqpUgAWmDKylD4ycTmEmZqCpEWg61Y2iv9xGBrPLF8CjB
2020-09-23T02:25:05.313279193Z 625 htKY4tM0B7Y7vKrOBr5d6Q2qflw6v05nsq2CuC1rEeeg1bpdGQXNiUcGbl8z
2020-09-23T02:25:05.324793767Z 626 7njY7c6R2gvLoIFYkx1uR0wknn75vqlJYOLkwWxIvrPmZ7qp1NVO2PmKod5q
2020-09-23T02:25:05.336321603Z 627 EJBEczGvy9ElIJYWLXa4LI7NZD4THdP3g84r0IxDiRWYgfOYMNaIWVvTI3Ei
2020-09-23T02:25:05.347649455Z 628 AWNAHUazTA5I6CRtz19YMksnftO3rdLua5SLj5H3SbZH2oQm2ef4KkYDw27V
2020-09-23T02:25:05.359105353Z 629 jgXZCGnjaxiOCS25SlAP3lfL2UNTLYswWkFvNzTYiJ1PN7SBy3wymdjBLKT4
2020-09-23T02:25:05.370211978Z 630 yYKWBcpSC8ofE3jjJkk1nc928jey7XnGgSnLlFCnjVpXX7E9uUYpitiAbiKd
2020-09-23T02:25:05.381374622Z 631 3h6k2VSiKZOXxbhlhDkVfIiB8FfRRG9EEncWmmTc0lIIrzlxn5hK6INIamAL
2020-09-23T02:25:05.392230221Z 632 xwxdzyYTUpMHWQYfIQU2IfDTq427Gzr87317P3Fvu4jNoMjdKrmbKCvr3YDz
2020-09-23T02:25:05.402878412Z 633 r1h7ev5d16lCi9TNJgyv0wpVcQwKilUoC6JNBtYKIktagEHSKoTH2XKphLr5
2020-09-23T02:25:05.414141876Z 634 siSudLVcfsHbwVaek5uIMAUxtnKp5IVB35iUiZ4XgA7ENqBsWDcxHXT9AvMO
2020-09-23T02:25:05.424755291Z 635 xJTawiltm3GMq21cvmG1rmYx0uEWPgqBbBl3QBYTwIuOCx7zijWswYhS2o7a
2020-09-23T02:25:05.436317515Z 636 P2snYQjzHQ5n5XU7YPJ3Acfn5ExPPvVXlT1otrkxecr3Hm5h8E8uMeVK0TZJ
2020-09-23T02:25:05.447114512Z 637 OkcMnNpCESvo0mtz3wTFwGckmnm0GZCdOlMG7XCawlCUsIUyq4LXXs1wvVLF
2020-09-23T02:25:05.457932578Z 638 phMhI71LfSUCDCHKts9yiiMISzW0KRdKv0bjC820n288izGevISZu5BZ1wxi
2020-09-23T02:25:05.469394948Z 639 85g8lq2wq11AzGUwzkZOZSHIae306mr2oZfHO2VIZrQjtCkLwI7TzkHz7ZUv
2020-09-23T02:25:05.480513990Z 640 Wkb7Md7nkydCBIB2SHDQrPSALwKNk63DytHEpQgpG1gJPRVKaYGJ4EJZgI56
2020-09-23T02:25:05.492092155Z 641 qkJWuP0bzcxtu2oI6U1VlYkfAalYRCcmOtNBBMEEKsEwN5YXnftVZuon5evi
2020-09-23T02:25:05.502945109Z 642 39gFMGG6EhTNz7hF1NiYrCUr5sqbnjERZpnUCBykP4C1HgogptG0dTI32xY9
2020-09-23T02:25:05.514579731Z 643 6VRip9svBVRuulM3nR8DLIT8qAx8tQQ0DbQicfBrBKAOdy0d9ifx5tb9jjW4
2020-09-23T02:25:05.526658816Z 644 eIviZZaMq1SJcPWCx7IK9tZxJQWbRV8YAu9GznStPSMJ2bzI5DOFLpUrtTGl
2020-09-23T02:25:05.538171004Z 645 I6VplU0SgdVGNo97HEzVA9LUJfvZPF7UjMrOQRBtHAbD4LWroTzYCpI4ZC2n
2020-09-23T02:25:05.548505567Z 646 KZdTHE6xPTUEyVhpFfoYaAIOJDhuGqX0fiI7lvef6ir5ONuBaSqq5HAHQdCn
2020-09-23T02:25:05.560233212Z 647 EdN3FA6aE3aiyL6uev1zCqdMRCbuZILHh7BhRmtHz1Km4BEa02vmGRLOYXoB
2020-09-23T02:25:05.571273860Z 648 QGYn31aDAka5vNrzsYkKtZ4cYtuY0cw06mrUvp56acS7rUkJPpzea27KxQbD
2020-09-23T02:25:05.582489374Z 649 cf29CR8KXJt1aFi5BPlYknv83J8DOFmyXGI1T63OzbRulP4e3Bsgn1cU8Y97
2020-09-23T02:25:05.593221680Z 650 pGbsPCTPub6pqD1d0VAWMX4L3oa08jxiA7nN7jUWMx51WpCnnpQCwf4O684d
2020-09-23T02:25:05.604376313Z 651 SS4A4iYLeyscqtYOjkFs4gZq7J0lJ7MnO3ZsNVPQIIT642GtjJvl0KCJlSan
2020-09-23T02:25:05.615924487Z 652 eYvICddzEqtfXCtzFKsZADihsb7ozNtpo9PmUnL0P0PibMl07v7wtWqXlj7h
2020-09-23T02:25:05.627915746Z 653 kbXMij9ia76097NYKk8W7vCkobw7KcUFXWN2WkFAnaV6vOX71nAjDJ9Dt0vJ
2020-09-23T02:25:05.639018724Z 654 I6DI2nJ56tEERpAFL4wWpVsOOnai6qSCUyUkJ7hEBPgdzpWGSk4oYwgsOhyk
2020-09-23T02:25:05.650615243Z 655 0PRpdvYCuJrTEUP77MBBIN64xsqAXZObiXq6yU5Spp8v9YbhT5BU1rYlwuy4
2020-09-23T02:25:05.662514407Z 656 PLVFfxNvPdqUefkuFWuU3pdFmeRb4KHJ8LQclEZ5EVH1fIDUKlWQzTv7hPGA
2020-09-23T02:25:05.674027840Z 657 vIZXMXuSpyut72WmoevExTU0OEHv9k4uWVUzqKaS0818AKXWX2NBslD01PP2
2020-09-23T02:25:05.684581263Z 658 va0arBNobeDi1JdAogoLnxim554Mez8JePtsiXQd74ggkTYgUkTpsI8Ilq3H
2020-09-23T02:25:05.696149661Z 659 lVuvCIolvP66zRT50YbqNWCxTCQO8OUvSplEC6HnoqA414tAaQialPJzPqam
2020-09-23T02:25:05.707195182Z 660 TMQg0dMElfPSnk7URymxCy55eh5l4VOBwz4O18DYcOmWLCLREucJr2TyJ5fb
2020-09-23T02:25:05.718401182Z 661 OtN73ZJFabPYN8etVwBItuT5ByJyw22lHPP71Jyif75OCBejvftlakxUYWRb
2020-09-23T02:25:05.728746877Z 662 K4U25ZJRfyqRvJEG4VBCctVaRNPyxpRzAq40dCAi0nTBuY4NeyzsxLmMpPIA
2020-09-23T02:25:05.739639165Z 663 K3Yzbpu62k4mGiN3ssc9gGh7iFIZqBEGo5fqiFaNEFD9JbmzC4uMhEGvJsMv
2020-09-23T02:25:05.751171054Z 664 LwyKhQYddHiM5agLNlE7LCrdSxulfWM899zjdHKcNtOdbtkbugG7dHGHCxFD
2020-09-23T02:25:05.762213537Z 665 iSpzaki7W11xBHVpqc1NvlabnNH5PEYGZQd7U2xmdlGQdOCrt3uI9W6zhvMB
2020-09-23T02:25:05.773292781Z 666 Ppd9Evb7dzU1UAM4f1qrfioHWUV49qokwAW8OZVRluMlqauU6dCodbkeyN9k
2020-09-23T02:25:05.784466364Z 667 FdOTgg4ttWFvHeOVdfFWeTy2vZqoxT9XvVXvqGVDUAIWmeQATLulJe7tpuYD
2020-09-23T02:25:05.796362470Z 668 kOgjC3lDtLEsC6eQplwNMamiLTxL7HXFzztHt1UlsUyOuuL4YLqKiFpLVlIO
2020-09-23T02:25:05.807930135Z 669 4XlAHRFZbaHpgq2qwGECn7E2CrWCkERQX0VVn7H0GVbJRb25kJZp7PJlLIUB
2020-09-23T02:25:05.818752626Z 670 asQy7DErIjU0OyC3fHyKhCZDRj0tjABzIqREKT6z05wEWxbetdfnzFq9Ls7r
2020-09-23T02:25:05.830232071Z 671 cqgLKN9eMgipIg4hzs1kB4T1zgBXhbzlqHfKKGwf0SsuNt9n8OWE8ELHCJ0G
2020-09-23T02:25:05.841418126Z 672 3eYMu0fcRAxclafr21S39gPYaSrcTLvjhIvRXWtb61EphboAxxci1RM2PqAl
2020-09-23T02:25:05.852686567Z 673 11NEqG38ICdePhhY5fsY4O9LyWM0nrmuUvKAfhzNYNLJOKwZiLLbSfIZbuIE
2020-09-23T02:25:05.863941772Z 674 NObRxTTOB2cj4EuZsdtTDbJzap2z8MvSA8CnWTHiQs4GehAS4xq0mtwh2ru2
2020-09-23T02:25:05.875450053Z 675 0o707e8WhcPywSBceaRBxIEaoxqzLUDttSKmWF0qRM0sDkSPYdWySI6udblI
2020-09-23T02:25:05.887032056Z 676 CbPoEGiNELKwEjH7WXBboKkLvZWN7B6zzdMfyzCV8wqPsECa4pGHjLZMuknD
2020-09-23T02:25:05.897900149Z 677 CDsXleNSH27wS1wsKnbt6r9DCAa2kAxoIlvSP3rsWACoatCxeRoOLr9keM2O
2020-09-23T02:25:05.908756926Z 678 vg71ynjIbuy7Z2tuFuvErmC6L9UKD2ROBnHmhRgDURCT3EHIujv6qDgaQZgc
2020-09-23T02:25:05.920050953Z 679 ngzKxDQynf1DUHfBElKyG3dU52LvGWjmVvQN3KH29ykjzSYDfsRgmk5T6MSy
2020-09-23T02:25:05.930742647Z 680 um98A7rCoFBGHnI5ltAv4GyLTukeOXitAf9BiUx2ZAgFSKQiRTd45rjQMkwo
2020-09-23T02:25:05.941705055Z 681 Y4Z77LDuuAt5mkxmO21mNuKDwKMrPv86xOnBKAPnHefWQopoSKUrqY3dpX7V
2020-09-23T02:25:05.953337465Z 682 kkWl9ySTlr4BO2qqVXwJ0JcgyTNbw5RmGkK1qa4qd1eD5FpBry4p8NQ5RWGI
2020-09-23T02:25:05.965241277Z 683 dqMsk10HxucX4RCMdgJoyxPrZvXhf3vfg9k95g8tb6mUtw4QfCwFUMnVqCM9
2020-09-23T02:25:05.976100461Z 684 PF6F4wGlXIKcvY08rbgXhcWCAV8RwGpnFZJMDu7NvQmOAwbs6QJLfJBvZrdo
2020-09-23T02:25:05.987030279Z 685 ZW6i1xSpUD5nLI9YcP7hdyA9nQq8j1vIA8QG5qHEjM6kp1JLdXm5aAHgu4oh
2020-09-23T02:25:05.998830035Z 686 iNwSkryvldGpfJXULfddVw5j5wpCDD2Er3jJYaXr9XYBHg479XG2b1a6luPO
2020-09-23T02:25:06.010397934Z 687 XsSfYXz83ylZwunEtYR7qEMBdQRQLsMmrQXckXh3Bd4KOdnj3wwlNuEr3svs
2020-09-23T02:25:06.021781327Z 688 9ZXPD3urSC9i45JRV4MXe50GKCzq0YZuEymFr4PfxgrWQS9zUqHDRvTmuY8Q
2020-09-23T02:25:06.033218852Z 689 f5p4KMXf6PcohBxkCmXuINHgY4BhM2o3WM0qwEvQfyRrbQbLoPY91xWA5YfE
2020-09-23T02:25:06.045331310Z 690 ARss9i6mlQL3baVKHhLPi9rAn2bBUcwZ38tXf5ZyRRgJT5U6VxKKUo7E2Rh3
2020-09-23T02:25:06.057006661Z 691 ZFkF1CxkE9UyXEHUsJSNdLbgXdy1gKvt97YPpSTd5hDUk82AIL2h4W1fKDSS
2020-09-23T02:25:06.067377995Z 692 LgYQDekSlM6pBRNyhjhW7Wqwpdhz1O4aJs6srRILJ8TIPpMVQLNLIE9ymQJE
2020-09-23T02:25:06.079104294Z 693 NsYrNWaFg7vRexM0RhCky8dedQcOmcXD31bkAUTGfK0IgxaDZVnw0sJSgm2K
2020-09-23T02:25:06.090209272Z 694 ret0HUZ07CBDq6kRcyCTKPAtO6Mz06gZkIiwe5kQeXm5sNRZGkLE90T1tAny
2020-09-23T02:25:06.101963473Z 695 bXEmmeleDlEbvP98n6fKtKiMXqXoyQb4ss6JNFrg7LsFt978q45R4dd1MWO3
2020-09-23T02:25:06.112918034Z 696 x3tNJ87Swg6AmaU6cUFRgfyUvFqDjiwZZDqpDtVoFCxvjt8eOMH1MEiqphJW
2020-09-23T02:25:06.124123592Z 697 NqyqBQDnHj1TgZhn9drAaF5DfQUuXm75hg6AvLtEr2C2RJmwUkDOWcT6OtLt
2020-09-23T02:25:06.135455206Z 698 IJlRjYL7QOMiae8x3eWAYZfvlphITKglGrYh0vL4E7K5lDtllH8C3BvpcUSo
2020-09-23T02:25:06.146910469Z 699 64gPIFINPoeIDTPOLIMbQ6LnKxG9MmV2rhPbrEyoXK2V1ADGp2seub291vBi
2020-09-23T02:25:06.157478363Z 700 6zvMRnuQP9NXIeBFradD9vYG8XY3cP1ehNumbwmHbkHoatP4ei03Xk5I8qG6
2020-09-23T02:25:06.169191697Z 701 T7XsY0hqUbOenIXGjzn7TkOpNbrO1Jzaepw7qs46ZplAGt0SdSFrlKDy8JP3
2020-09-23T02:25:06.181238762Z 702 R2W8ZO72Q4V5Km8qxgTDjPmoh9CXz435IofQIAPYG3EOzwnMp5ipYfFCAngS
2020-09-23T02:25:06.191592925Z 703 Ph5ZMSEPb9e2q1ziipf2KIVBQmijP0QeJoKpFtrsDxmpNDLl89sXHi6DSR6p
2020-09-23T02:25:06.202938707Z 704 bR8H7WajIBWnEPKPPh3RoAz06VZkABLzlWzBc8lJEGXdceDYmc2sniIcVgQc
2020-09-23T02:25:06.213615627Z 705 kUs00g7p4E1QmUzyXj22G6QdzY0a7y9pp4ovTWDPc2YsPBlJVHAsVqXKTUgX
2020-09-23T02:25:06.225304491Z 706 NPt0lYcsuIok22X9zx3xXnYckUFuD7QaF14aAHCaUROCd3RgnDKueAwCfGDr
2020-09-23T02:25:06.236028815Z 707 z80ByV5CkyuPlsHRVc7splzNCSGbbbjiRpcWLnKNiqIL99tTvaZog8jRNp2X
2020-09-23T02:25:06.248235998Z 708 wBmcRYvOyVuf9gRQYdtUZXQqxM8rnCRluXmH1P6JLd9gGEdLU9nzcfFlUHKd
2020-09-23T02:25:06.260010259Z 709 5pgH5L4AaVHCulyZveEHZ0iNT83aysW3XTspbT7uis33oHJmnrATzDyooQqF
2020-09-23T02:25:06.270539495Z 710 OGLQgjSLSmwgYz3sCf7EgO0szOg28XFervpkcLLlDr45w0XPVjF3zqfMIgfh
2020-09-23T02:25:06.282293173Z 711 AgJAI16jrzM4LUo3qDi5BvDhTng67DXi9rDl3wpadB4n5rtK9BP3N4FBk6fH
2020-09-23T02:25:06.293069162Z 712 MWqlpIUzhhlinJ0NCILBohvuc6PQuIZ4qzDCy7QVleXKQvv0cCSCy6VxB1U5
2020-09-23T02:25:06.304447026Z 713 Kg52A9SzqytKHvEoc9AuKkN37N3GYp4kUqO6IkSdBuTuTBbUTd0eQz8oQDWz
2020-09-23T02:25:06.317053794Z 714 SblFPh4sitKbvDXILjKVs0C6J5Yv6yQUpKhzGYBVyURWXEPBneJwkDzh9Fcs
2020-09-23T02:25:06.327567483Z 715 W52AwAcnBUIdwMWlNFWUYje05smJck0G3JVLdluiayM4ZqRb2WIOmho10ozu
2020-09-23T02:25:06.339277376Z 716 qBZSse6pzwpbaZFJpSAqyat0RJgQDTiaFnCN5boGnQIsB5H0nDwZUBwQna83
2020-09-23T02:25:06.351327439Z 717 MqSD3zE0QblVNjxlAtDOmcNXlOBqK89QHH93sM0rhGAQf8D9Axib8M37ABuZ
2020-09-23T02:25:06.362231880Z 718 Zd2CRp6sxDKW5qdu15AJFuKBnPxOO2gSSNrxCWpQByQDDmThFhcdXXrp2pBO
2020-09-23T02:25:06.374116987Z 719 IonX8SOX00F2AA44heAGwQAxGgNniSWBh1a5FdSNJ3WatUANpb8MXovCnLdg
2020-09-23T02:25:06.385307357Z 720 TECcVtw0N6GsTriv0YKdHbcP7fE5RAzR9IvocG8D1Hk8hqmx3BkO5EGI7qfD
2020-09-23T02:25:06.396741692Z 721 vrTgg03q34rfXoKYpgXJRUjZqN0aL0MRZpbzXzbv4GaEl66u4Up9GfkedgZg
2020-09-23T02:25:06.408231633Z 722 c3VOjn3DOPKCHUfrgjKO3FLFcltNotk5PPgCkUsIfPbXGUJ8kUcKwvw7GnBD
2020-09-23T02:25:06.418831105Z 723 ZKjzqmW2ZeADj0oGhuf0NVBVfbdSwkWwUvIYQL1LVqVr2APOEApiEpg03hAY
2020-09-23T02:25:06.430626768Z 724 YH3HT4qjDBRyP6OSvR6C0EyySqiLr8ZLoVm40B7UjILh6gkCuy6vk1mhpUCj
2020-09-23T02:25:06.442460904Z 725 BZKMpTCFHlRoVZ7kHPS2coznWZU6YwPMPAjamIYuBCgz17g9qK1JkpgA1pFv
2020-09-23T02:25:06.453731281Z 726 UrmLRt7l8jWdxY1aiCd6M2L5iR5xBC6lyuQfRrVUnA1siUP82oUMrISVDv44
2020-09-23T02:25:06.465340594Z 727 nHll3B1NRQPxpeicx3Nch6qZFfkIXl32G1OlUdeQ8B263wAh3jTaAWaO99AS
2020-09-23T02:25:06.476891413Z 728 ZwaGWsosf5MqQjBYYpciJU0U1s1y2aNfDsLUqhaD3rM0SWE5wQOnSuXGX3gX
2020-09-23T02:25:06.488552694Z 729 EA8NzwbiNmQLwTZ7WU4yDt6hOOzULW3Fq4420EEcRDLakOUgnmBHUDkvhHGL
2020-09-23T02:25:06.500277788Z 730 Db2whJzodWyZ3sXoHUn81FB0SlzgaTUHJUohJSmIbB1S23ZeF44gL0EkdO6b
2020-09-23T02:25:06.511500132Z 731 UeZn5Zlpf1eTFmfWyCY2PLgbeA3jE5dDwOzjJPIMm0dluJHbLBX7OAi87rWp
2020-09-23T02:25:06.522508262Z 732 KgcyURZPs2iAznyIJYzjreLgb0JWUMRBnoEqVc8TabVT2MAJzT8TSwm6IhBP
2020-09-23T02:25:06.534014955Z 733 88AK2KiLmXsHYivUxA4JTJjvRG52J4bGbE4L9qsWJCGXNp8PwMxGEmaaBmiJ
2020-09-23T02:25:06.545491051Z 734 gjIulpDy5uZ1rTEph4v5m6IsKUh69fcdsC2B95pxHhzQNlfb6IjlY0622UUf
2020-09-23T02:25:06.557187468Z 735 DxlqMCxJKeiKANF7t7DIxCXqtB96GO2aDTPu0ViTdrYdMrU4m7bFuYYwiv5n
2020-09-23T02:25:06.567883294Z 736 WWRWOCjYr0PtfjMIjBdCJeCPM0ulHAt707r23P90g0cRMUigHlSAo32nGYLc
2020-09-23T02:25:06.579486693Z 737 rexBltmI2QqdbtQXAArPDiZXzmopdH0EajxERb9rTUqXgpeUTWxBvGnMow9P
2020-09-23T02:25:06.591099646Z 738 sOMjQUY0jOO686HZy8X2O4K17NP85mTlPmvJjLP4eVWNE1eN4wCRrpYNNzkB
2020-09-23T02:25:06.601512672Z 739 xxOwmGIjVCxzi1K99VSItmUS7h9rHxZMpuJpxbX6gWDVMvvges2Quro0mmfR
2020-09-23T02:25:06.613177485Z 740 suJC4GIyfklmkdzrHLJnP52kW5X9yxXCYtaITrCy3M6ysvC11OjTRV2tWeLT
2020-09-23T02:25:06.623992784Z 741 hnJHlARh6GOjGV1B39meSkHF1IV6WIgEgj7uB0kreyeYeO15dVUf4j32zM5x
2020-09-23T02:25:06.634997155Z 742 1ZCyutgAD2zFi8bKKJcRNlsPlnrcu0xrkwnVEQLF2pL16AXu2gOF9a1J5SoX
2020-09-23T02:25:06.646383135Z 743 jd7yAGeRg5tkJR8a8P5h45FIhqnKtm6WMtN3EAClUg4KgCKWNGiJ5ygIOYZG
2020-09-23T02:25:06.656853393Z 744 27U04eINd6xHSbspvZuVf9GJVPNP5cuJpI2h440xOVx3vzeAOTA8sVS2fuVQ
2020-09-23T02:25:06.667994479Z 745 qpltRrjuqMXBIVp8hd1R8MMfHfc3LA7EC7hGt7c54hJTopFwvIJdJ4SibgbK
2020-09-23T02:25:06.678589270Z 746 sLIKB4eZzseQk70RWuPmoP0M9rQb3utMdnFl2QLFX8RYJUwYWFv82snXcHDx
2020-09-23T02:25:06.690161194Z 747 GQrL9fidoDil8ae4uQ7Apbv9zmMIlV4CSyu71Q5OLx2kSTB4oc5CWZwoK1Cx
2020-09-23T02:25:06.701138983Z 748 TQswY6OAlldWbQNUDewcrGya59sc1331yPKnNqinSAI08XddPZOQqNRqpXtk
2020-09-23T02:25:06.712159580Z 749 FSn2TVKKCE2G8KUhzVK94ArnwlYG5GzLl6GgMOjTe3ZuW5U5VFafclRzwSOl
2020-09-23T02:25:06.722898812Z 750 m4cYlv1jn1uc7EEAjvHjNc0B5FgYYT8py9GPOER7FQaN0I3386iNj6iSshSM
2020-09-23T02:25:06.734031106Z 751 rsjHdLkKLuShvgmKsj874CDi8cxC5PgCW89JASGTkAS25XPdQDsgz0qELnXi
2020-09-23T02:25:06.744501942Z 752 sKkOj3hmgGUuyXW1LroxUwnvpCka3wy1E1nvz1qUkSuu3RGm39iU8TIKfP95
2020-09-23T02:25:06.755983453Z 753 3uOa3TXxgWKLP3Dd2cRUxzjCDmKCibl4rAoglrHg67LdrguWSZnFYj9IRrZ3
2020-09-23T02:25:06.766551007Z 754 fbWvlLzJTdxHnTe2A83dMhqx3wUzs7uVYMJwrRmvrkgbraJY7FJ1kqGAp1Ou
2020-09-23T02:25:06.778506243Z 755 hL0GpduRLV56HuUAa3Og5x3RjHUSxhLFQeD1dYZGa8UthfsKthubU0WrvrLr
2020-09-23T02:25:06.790044036Z 756 jiBcZaOvvD2fSLM7vAerblUppRlBBJUUF8n5joZh4BvbTwicSpOsJTBON5Ef
2020-09-23T02:25:06.801296659Z 757 jdzDMZzCG6HUUHdAhOrDFWQapeIQwgOYgCdm8Q9HixXZVWgth08Ncbn7Wr4k
2020-09-23T02:25:06.813011283Z 758 oN9p3EHRTIOIbCWN9dW7FJIzYqL1FXYM7PTKTVJeQIITepC1l2kDbNwZXyy5
2020-09-23T02:25:06.823734603Z 759 Nh4SVxZP7uh5Ahg0BbHjnRWLjm4I1ksbbq0kzIcUeLbLt49cn5ueN9KVslIt
2020-09-23T02:25:06.835408713Z 760 lrNwTwjjGmS1zhZJIzwONUsij5LuuD9lWUUQTzVehmS35cMxLbbUqVtZKQ3c
2020-09-23T02:25:06.846284946Z 761 4iXFua2rQ7enIsFhDn7UPtY4DaT9gqyKCf9EjGl8VyVDt1Cwba7kCsuS74xR
2020-09-23T02:25:06.856695498Z 762 FNScUwpi3lo4vO17TF8VAGXqW6OaLmwYutPInuwsyipyB391WEjgKTWdNksg
2020-09-23T02:25:06.867884170Z 763 9T0Qjich1o8z9GRqSoJ9sy8pcUKPXbtjvnyeYbNYY2Ge93NYIuzmpJ6lzbZw
2020-09-23T02:25:06.879445483Z 764 1hSlSheHP49aNahLke9LYuXwCHkV7ux4JpA6hpXjlkNWYIed7EsJtvrzwRsu
2020-09-23T02:25:06.891257877Z 765 XZwTFvANN1619MHZpQTHPIBA4jzA2trXJaztIsG8caO14IbUYTvJLQhXEcsT
2020-09-23T02:25:06.901984851Z 766 FZ6Bz6iW21XBk6g7yQpBSX0e3ZXN0NaISkDAyl0lvtxzRd1FUX7um3biRGGf
2020-09-23T02:25:06.913447232Z 767 3Qc8dLEqvFFo2EHairjo0KDNqrfhmvdQC25ADSXe7OjQ73hn397mJIPitlYu
2020-09-23T02:25:06.924651423Z 768 WKZzYevm625GZW2ZHBbmBgvrD1pUQi5yL1R2J3nB9eAX4PaphXwNKkPsoYMX
2020-09-23T02:25:06.936258897Z 769 xZnsZ8XMmN0xNdf7JDPstiOv9vyZm7LM90CDLTC5bP4e9hPBnonAMdZeBPQY
2020-09-23T02:25:06.947014765Z 770 w2CW18jbyYE86paY1FiSQeJUqYsw4V6W4103mJqHr8gxqBcxSiFAHPjYNl5m
2020-09-23T02:25:06.957665080Z 771 1Y0zWDQu3n0OlLopQNq1x8fE2zku5cJGxmHDL9PVseUE98vemLmM1vcNsyUt
2020-09-23T02:25:06.969492234Z 772 LL9atmdtt3QBypU8L7dPmt8ujwNdr1jdHQ2M773CRNzJyoZmQZ9DI6pKsC5H
2020-09-23T02:25:06.981384972Z 773 CINFfkPYWywLKyVrN8kootz3dPlIaeCDEeeM3cdFbLMR1p5gcSjOYgcMsKER
2020-09-23T02:25:06.992000739Z 774 wMi3hX6AmujtWDNpZx3sItQW5kxJKbks72mgqOY7fbFwMM1N0ysqc82kkF0w
2020-09-23T02:25:07.002631985Z 775 tSCS72mzl2HgqKPrhVJknEs0A3SX1ImCrp5ZK6jvU8ZAVrCzSWxNiKpV7d7v
2020-09-23T02:25:07.013852247Z 776 g0CCJI9sW8Fljph5XLEL5jOjF2LPufVpvKKiFxwN4FPukAEmyQOBVfT5d1Hs
2020-09-23T02:25:07.025198084Z 777 m0hCtyCf7ClV9fjAb5A73kqjClNv87qiW6lTs6Ot1JiCT3Mx8SP4qJb13FHm
2020-09-23T02:25:07.035666323Z 778 W7eOdCqLVS95ZogvGS13NppoZgKhkLreopX8PHGUExOawwASaeS50vWB7Fpb
2020-09-23T02:25:07.047638209Z 779 rm6pI6Cx2YuXbnBagQvylyS14ZpGcPWdkA4sBtSi8LguwzUr6BYzuFJkJoGm
2020-09-23T02:25:07.058682715Z 780 fd1rZWzspBZR3JxTBoVQ4d7ktMwQi7Zrz8gcE2qgEefDKAudkYlE8VXjaMz3
2020-09-23T02:25:07.070081480Z 781 5pyhjA9ca8PKJjiKdp2L8j6nnP0jB3cUE2KEsWAvRNkbsZ561WhMQiPsYWaF
2020-09-23T02:25:07.080786372Z 782 9ZVC6MoxXcTIV0vLTCg4QvU8GvyYs12XoRdeJByBqsIiFWl95eggjHqCkww2
2020-09-23T02:25:07.091653342Z 783 SkcXENrJruW0bXYAAbseYsTiZZlfqJkpPeJ2Z7n5acsWKIA8kyePVsqJ6yWz
2020-09-23T02:25:07.103242963Z 784 8gVZ5cLfH6wa9Vt0CfpVXfbcszMd4eub7YQvReLhC8PhwtPAD98SG6BNByLC
2020-09-23T02:25:07.113951493Z 785 HxDUlW2Y2nRw46ugHbAepA82uFQ7gttcpydlc0EEQ3ERM2Pe3SxKa1NZb8qd
2020-09-23T02:25:07.124693814Z 786 YuewZD4YeEjoor944rLLfAwqh4RfEyWx7sTN3DW2l7RWEhJCMaNU902LlAv1
2020-09-23T02:25:07.135873517Z 787 wHv5b2KoVkWAi5f66KJN25kPSoSmXchoyoGMmeL0r8alTKUGo1HwflAwY9ly
2020-09-23T02:25:07.146566607Z 788 VoymzSCMvLXMcXhn3oTW5RrCP31ZKtBvWpOXFhRSHsqprZucpGWmce7sY0SY
2020-09-23T02:25:07.158498907Z 789 NMT0ClXz3Gbd0gQB8Ry7uZViWHPF3LGRCA4XEagR5bhb0BytzpqBxnLqi83z
2020-09-23T02:25:07.170473793Z 790 Vs4afzYRaN5IoRy7kCdDgS3aJGj8f7x1TL1ky8XSIqskCJ9cdsyQIS0fhzfs
2020-09-23T02:25:07.182250119Z 791 JKTZgQaMzNtj01vIEan7ELYAkNIuPPZp4RXyaRVs3XdTiVanoncETbnG1bGU
2020-09-23T02:25:07.192453617Z 792 wk2gPQdNxhLvve28x6gC6kDPLgjvMJzXlRohqXniDzMTLfv1KJdcDesv8Bhs
2020-09-23T02:25:07.203777683Z 793 w0COGLOCIspfwGZwNwBno51jf85JuGcJzYXTkxqJuTuMJvm0kuqRA0atU7dS
2020-09-23T02:25:07.215160362Z 794 W5owT9GiQcjEoHEMCH1xX3aKWO9DLxwFD0osolosd3FJkX8CnwDd4HYBjhkx
2020-09-23T02:25:07.226110257Z 795 d4oJztkbsZ9bpDMt9A1jX1XirhjCdE9EJR3JizBSBd0jvFJjQ6YQpOiJKTV9
2020-09-23T02:25:07.236790068Z 796 75qUB4jGAaptmB5iuQAnoSh0EEAkneuk9vOlwkGJO2OOScr9imqR4JqKghro
2020-09-23T02:25:07.247901373Z 797 izqBfFIOKK2CDL1x3wOzx0vwvxHmBTKG3OupA5ec3lSvzZVHGIsLDNrsSSkE
2020-09-23T02:25:07.258807851Z 798 FbQiQdGodyxY6P528dz98svhu4hQ010WT8VvI0LZVzsijwYc0r2AwH7kPwe4
2020-09-23T02:25:07.269982116Z 799 nnxrIyxli4w7JYFaIzPXeMjwyKmS4ADqrikstVqCeHILnkmN9B6yFMXJszfZ
2020-09-23T02:25:07.281214131Z 800 YPUU8VL4jL2jbm8nfS1oqOfmXEC6tXvnJ0GvXRddZoLt6kQ8BSjpFKAukciu
2020-09-23T02:25:07.292024014Z 801 0ol5AsGRU9HhLGd8ctkqTvN7LOFyPJ3NKAZRqDtsxdRFkFcstElZyyn6WDoJ
2020-09-23T02:25:07.302989835Z 802 rP5TjTWOossP6mIECQy0mwQOcjxG3RqWqzK0tIyyNOVR1KeU6OUE9xrhwSSB
2020-09-23T02:25:07.314568055Z 803 hKNgvxQTopm0brCRHCeIEz4Pa7tJqnotbkwU5APbtJHHTrpAHgXqL0IJojXE
2020-09-23T02:25:07.326014684Z 804 WUsscuZKbTzwKXFZym17FmHstYcQe7RwoJ9F5gu2ZYP963FgNphc8o9Zskst
2020-09-23T02:25:07.337257666Z 805 zpBpmzWD7jL3Qs4eIwKNrhEIa4Yv2R3TEtNRUQMjRVqCdvm1zOnvZsEbh0kN
2020-09-23T02:25:07.348768011Z 806 ncPhPRCCurJxoi8jjOaxIGjfS3k1Hl8q1Z2BGarVybXXAOvOUnumQmQT9ZM9
2020-09-23T02:25:07.360567024Z 807 cactJLZb8i1f1EOgNNmlO7KsWp6L1XIKtQHFUJGYfkwTMz2AaBNVj1wVKhQi
2020-09-23T02:25:07.372394337Z 808 JDkdqOWNm0l8a9DoJxbrhX0e3jXsF2pvRJUQwcvjoz9rOf6HpR1aaRQg1VLK
2020-09-23T02:25:07.383920691Z 809 OVsk3tVdeBhkQYTjq6BSVZMLYAKjT18nHpbhy9ROskdccHnEEa6AeacEtnDN
2020-09-23T02:25:07.394686258Z 810 o6MSBMyGtlY1NGG5lwth2jTIBG9sNRWlLOV6qAk5W5EnwYk0JRIg8ls0z1d6
2020-09-23T02:25:07.405728587Z 811 nhktPj6XUn7J9foCGZ2ZgJWST3Sy2pm4x13iyVzeuSdrjExHchlWX7BczJJs
2020-09-23T02:25:07.417265404Z 812 8lkh2mFu24UjYPEnIepL9NvTmru9FoRKjqKj01ofXywXYyyMce7T59j5g0aT
2020-09-23T02:25:07.429037127Z 813 cggbgzETUVYC6aFqRjjJFpUNLNv5yttCMnxC6JCrj7ZCYSQ8I7UfkFadnKVS
2020-09-23T02:25:07.440969196Z 814 JoQXMlUkDue4YMtc08QeG6V9VlbqJJAGiA94IkJRysWuynGcFGJzmLNxv1RZ
2020-09-23T02:25:07.452057025Z 815 yrIIufu60UIYxV3GfmrYvNEjqZRBMejOIUJZUS1t7GdHm6DXpwinWhDfHpVi
2020-09-23T02:25:07.462951859Z 816 QUJEbcf0gnggGaE5mBsi3qwYywY9vtN4aAYgTx9zSuFUSvGzHOPTwPyLfFH3
2020-09-23T02:25:07.474184499Z 817 SXFPt8gS6YcshhzpQkVVDQDdc6S3wPGppFSpvMvZhSKGtmxGGThEogV4iC3z
2020-09-23T02:25:07.486246321Z 818 oigRNoKwOaF9qFqUVsQJ2Gv9YmzwIUewe8GiAi2Os8g03Sblx2ePakNX3bet
2020-09-23T02:25:07.497269762Z 819 xGaqFKsa7PRGWc2ZH9aBfTjtA7sbsS60JmJjmv9BUm2dXV7aBJPyY0DkLfU1
2020-09-23T02:25:07.509344498Z 820 8kpINymTCWoVECpchcbsYf62uddQgoTUqJ3GIzF4fkhwb32FFsVUZXepRQW6
2020-09-23T02:25:07.521221130Z 821 WuvYmJe77jzVCmMPWvqeAMpSFOgLLvnkIXnQBCZDJbF67cJPJ4eI82K7ERyV
2020-09-23T02:25:07.531415954Z 822 HsrElgJF6itaDbM2ndJJi3q2N8A8B35MnB2h9b4BwpVbj67XdNeDTCdEUlVt
2020-09-23T02:25:07.543043813Z 823 yWFDeuc98S72wzK2DjYmmvS3hiKNDFPNuBMynHzNfJgzCQoppFu82fWhtFhx
2020-09-23T02:25:07.553796487Z 824 d2Qq11jE2t4Fu89bYAm0LgDQCIJQveUpNuzdCHEbQyjoTpWaGQS8yeotFpwx
2020-09-23T02:25:07.564677840Z 825 lKL8qxkur5PLVwrg5eb0ZyyR6RZtCd4i9lpduYlj8GZb4o0mmosNLa1pExml
2020-09-23T02:25:07.575597349Z 826 4YdEC4CxmUP8kcCnQBa2MiYQtkBbWgkEktbY3InkvoAu73Q15yclVmjdhKt9
2020-09-23T02:25:07.587433451Z 827 5dO2KOB6ZiW6fmZdIfYM8rFfeyfx98MC7TlT5XE1OgSMPEujgRyRYuTLdwdG
2020-09-23T02:25:07.598813235Z 828 srrDrMvg77wwfDlV7rZEmAzsQfVuuG2Pxjj7GA9PpHiNEP3Sps34QSMqPu0i
2020-09-23T02:25:07.610575045Z 829 41y6XKasNFXMxkcUmMnHCKGo7eLpC3yWrWWqjITvTVadIHH4DtF3xX8fhmBZ
2020-09-23T02:25:07.622179923Z 830 CRsseH1gjtOe7JwcmppPguS16moPCy8QgCCCDSW8UZh3gHAn5CANpIuQIIb9
2020-09-23T02:25:07.633204633Z 831 52AbCG4bZAcoIA1MoTP7gMoZAyhRpQ8KqymXvcSQDwmVk4PTYHdqRjEx4mjI
2020-09-23T02:25:07.645259393Z 832 uqDuI7hjrj4Ks7ygUSij1ulVt4DnILdtVuDcrIgQlekcuc1Mu2w7Ce3hANNG
2020-09-23T02:25:07.657418752Z 833 tkInvOXi7bF2v2qSu6Y1tNiCVCw4GYGjlbKbMJp6JrAZeNlTTLmj9Rg9O1ld
2020-09-23T02:25:07.668526341Z 834 LgJCNkYHMvAHnHClbdtr0iDvqHUoY8Y0Vx98LllMjJBjm2B1AJobbTP7ObeK
2020-09-23T02:25:07.680142455Z 835 dHGIO0pY3UwMFjk1AKmIe9IQxoyGzAQGk7dZsR84Dv5Jq8n6xK9aWhZBkCuU
2020-09-23T02:25:07.691087407Z 836 pn17NqaVHvi0XQMge3UiDumEczXzLtIi713CPa5LCrI30nYnx4F9fX5iHfbO
2020-09-23T02:25:07.703098142Z 837 AwV3GwgXszrh9hUp4WlAxaNlit8tIJXv56m3NwlDMt6BXx8R9xIlgkTzJqrW
2020-09-23T02:25:07.713958493Z 838 nKCPP9vkQierM9m6geWlwojTp2LtdIpBprx8nYhn4eEs0pR7sEordedQmTt7
2020-09-23T02:25:07.725143756Z 839 3ZWCA9nmxJi16G9I7hQOHWskrzehUA5VuxBVTxZgKG3o4wJ3iHBGvYOfjHoj
2020-09-23T02:25:07.735543633Z 840 EQmZsCFm9geMKuPjkYROuvZx4M4BanNhEYxVybOhJl8mIu66IvhJ2B5Swa7A
2020-09-23T02:25:07.746946915Z 841 XDtHMLHjQSvH5osBnxK4W1gUc0xQ25dFmSimBDhdK9QCSBfDa3p5hokocGzH
2020-09-23T02:25:07.758494815Z 842 EqX85d1hZrcWtahkTW4Ua7cUorgkOy8ofeLqQmIUcNB29lXVYrw3WgKqOFBl
2020-09-23T02:25:07.770174971Z 843 c013i5IAjyrRxFUhXcSbPLPAONIZ3AVNLnOTbrNRZNqjtOsYkzPvSjUreADr
2020-09-23T02:25:07.780782319Z 844 bPlfYVBuPLKahZ2JorXY8SYd7myYbbmBdTTxX4MT4SduySHq9hcXKfRfJ1rh
2020-09-23T02:25:07.791473052Z 845 ZkmK6FCN4Ds3v5zwD3TIJHUC3G6VknFGZv9Q2uUrnZzurqwg3mCjEqWqYo2n
2020-09-23T02:25:07.802748323Z 846 okIH7oxAp3fvOlbPgP1OT1InI1bM1WuUzH1snlMex3sWYERhyaSEqewAS8Kx
2020-09-23T02:25:07.814107199Z 847 PKy4YtMgQetlWj0jq6VsHQBC4Owq0NaqykPHqImBlijC7NKwvM6ApAjEy4jN
2020-09-23T02:25:07.825821319Z 848 1wSH5TfSNlgZy6ScfxHwGWyzyklfLcCOGEJV24DzX6tW0LQ9kFQp2ZvNq50F
2020-09-23T02:25:07.836560383Z 849 UFrvlfYk1xk7hiTx3Ij7QH87DVDANe0tkj74KwiPONgY6tuWJqdeqzSDAmoM
2020-09-23T02:25:07.848475456Z 850 vzaDq8wHvasJEMH8gtqHheP0Zuq9s4ZHyE6ekiYLAh8LW1oh0rcLS7dos3j0
2020-09-23T02:25:07.859344958Z 851 eiLYprphD8We05fXlaktoLiQvrnklXyJqLedcRASTcYbKmFFtmzh1e5eLov8
2020-09-23T02:25:07.870575471Z 852 TgOYMpYp0qFCoYVU3Bsrf0snFdD3eZUyTYV8bgIK6gSvjG3XGQNBCP8t72V2
2020-09-23T02:25:07.882072098Z 853 cdUfJSjMwQhxEvCPYobBx4U37slaJPCrDABLnbAzWoGTdqgpqK2SIItaMyJl
2020-09-23T02:25:07.892662791Z 854 KPR4KH4H6hPHRuWEx5bjdPxPKM22usLg2YFdQDJklvkJsiphILXEWe1L83cQ
2020-09-23T02:25:07.904442466Z 855 HccfNUdJGfNwMKi9AtJzZK7DxYazieCXEbLN1uKVPEELh5ZRVbNUdPWEtZz2
2020-09-23T02:25:07.915851648Z 856 ovW2duY4y0hDImmVIF75GBtoNltPIgMSah0r2Ne9xpjCLlBfZvUQiyEZB54C
2020-09-23T02:25:07.926434828Z 857 paHIASIfo316L5qSGQKWu3yU61HwN7ggjvggBtZMZfDQ9nS7qW9OwJh0Yhbt
2020-09-23T02:25:07.938050736Z 858 dVyBzNgFH66F9Kp53rq2UivVBO88e8YdVognEeq7enoVSYuEro9to1Zf7SwL
2020-09-23T02:25:07.948916585Z 859 4kPEQJxwzdTf6476CWT3M8VCKLIUCNXs4DHYxgGlL5OJbDAeiizQ6jjsR8wv
2020-09-23T02:25:07.959674170Z 860 bKcxfiraMjIcwIIuUbo22GhHF4zUlAU6l2QaVIShAjP4r1iLencZwkhY1yjL
2020-09-23T02:25:07.970880545Z 861 onDOjrZfTlEwitqjnHtQ6RrA9nBeaUiQLnosdURioybnjgncCRkn2e2tjm8N
2020-09-23T02:25:07.981717928Z 862 sHBG2vhXSUglaAN06hIQu4VyJt7pnCcQdok8hbHKP3qiyubP1Vw23RPclwCn
2020-09-23T02:25:07.993191569Z 863 LfZDAIRUh8wOLe4wKWK1b1Vafv8JZIKD9aYFAQ7dzLWSA4K8eAvdtsvSoc9L
2020-09-23T02:25:08.003738834Z 864 16urObCnKavjxEDVAVIiWslXxycXe5TCMP0sdeaVv8liCPxdNwIyII46tbeu
2020-09-23T02:25:08.015222257Z 865 zyRwyqQTMjLzcS4d2V4N0LQYKjXMxXGZ6fl8hsJMAyP4nPKE9DAGW2MuG6od
2020-09-23T02:25:08.026159063Z 866 DzTVsveS4GSuCHtaa1JgRANtokWvDAbP5rLOsmlnWpImsH3R9dL2LUUBaIwt
2020-09-23T02:25:08.036764182Z 867 3BhzqVzEbginzl6oPJX5oL1DM0r71NO6KZ4k829cTjjH2RAoyPFfHldDHlZo
2020-09-23T02:25:08.048393383Z 868 EyrDFdjeN4GYgZaoiTtzWYhp8X4KtnLcwnkTeQtGlPHj0EKRbEctpadDyQwZ
2020-09-23T02:25:08.060410796Z 869 yJjFpm4HRyAIWybXqsuA8bSV2ZRtBN0hfLCy9yRv9eRPWq37hMa0FgH1MPac
2020-09-23T02:25:08.072271728Z 870 sXxMU1JO7DTfwMnUW62TYQaBcfwwDhTdFq9Mor7QpFOv4JNJ6DDnF99UshIj
2020-09-23T02:25:08.083084580Z 871 B31NCbI5Aml1Fv2gUlbVBYDk6BERMo4iGOmLBGWTDcuTarIVmGrCIDXXP8gq
2020-09-23T02:25:08.093804705Z 872 yPkVKfvYUifrwztr7qL6v9fHFgyFUpWT6dmd6aKH31978LMyPnTRKUKqLPcR
2020-09-23T02:25:08.104629645Z 873 awEPoV3PQXiC4eXzZ30vVauSH4wqQH01VbEfZJ1fet5evdz4w8767C3WpOVN
2020-09-23T02:25:08.116587731Z 874 J9KdbsdntbuWFh0eRjhn7rkUezuGO5K86xlfwfq5asmjLpKwcINrSbvUzDh9
2020-09-23T02:25:08.128027555Z 875 c5jW2ZDwLNrNMpscz10xWpoUs0f8pGYhDlwx5OhdgxcYbWpBHSgiC5wPhUif
2020-09-23T02:25:08.139309080Z 876 bf0RMvc13FXG7ldWUNh1HN3ALOGW31R4ZAJwLc8KV08dy90MYfQFxDcq9QlF
2020-09-23T02:25:08.151058752Z 877 89dn0qAUTHWnQ8XrDhxyGA0JkhaBDwH7MeCRsxmbtVuaB1p7hCH94X9SJkSR
2020-09-23T02:25:08.162325729Z 878 IFrIOkgXfw5SaH9vnFuAhhXoh3M4sxzeF1cJlHjrZxAhf7hXYAkb1jXahNPL
2020-09-23T02:25:08.173326409Z 879 NN0rVzCX0h3Nu2wxbvrr2leYYX4rxAW7gj2iT18uLXCueHWfoQA1XDQAsSsv
2020-09-23T02:25:08.184411643Z 880 d92V1VFpeQOl9btUqQ03BdHzqbwyclK3bUYWz6rdnE1Q7dqaT9mmeUV3zvha
2020-09-23T02:25:08.196238568Z 881 SzT0jsHiLRvNeQMbUeMGpvyPYqmKPjcoIQdOxO5BilgmDghqfJqKxS4Z3t5E
2020-09-23T02:25:08.207066446Z 882 cFS2oBtSOpFBdV23rrv7p5uZT9K4OIanrKrsjWMyBLtHZlxHGCwwYsyzSvbp
2020-09-23T02:25:08.217699803Z 883 dHZ0d1dFAXON8qCERkicNY02hXoFoB8mvA4tUxjRKd6fKS3mCjrE3fl9rp8H
2020-09-23T02:25:08.229616192Z 884 sH7s469Tldol1n0ABw6MIWSk6Rfey94Y4aWVr48QYyhBR3oLxseA08ssAfp1
2020-09-23T02:25:08.241513714Z 885 jNGIr5fqVfE2mZ7FPrRRtrKNxP5dBYP37xWmsGePsg9WLXtKqXrbMzMw8p6M
2020-09-23T02:25:08.253370117Z 886 McRnxZSKw7VxRd2EszVmYrnLYpDZQPJemSC6sGgmZ6ykpQ4ami4eCQrQgMmQ
2020-09-23T02:25:08.264419746Z 887 S3N0ef7mVIeodCiOU821exXkccfGoCrjdKYIWKFcF0e1n59X04DLWtXlekeX
2020-09-23T02:25:08.276067435Z 888 UsbbESL2y4SK9h1BDpcZu7hvdsaRPQ0VsbcFXCLs5WP61wrvpAYbkhzvSA8b
2020-09-23T02:25:08.287492498Z 889 cAuJwBJzzqG1fF6jvmEpzQKN7HCTSGYZWtfYhJH4Z8WFCILPeCF6Wh6lzN1z
2020-09-23T02:25:08.299240848Z 890 K9TJ6VMClYFZ1kiiugBndqWPcIluqce0IK4u2UJHb5wd5sFAr0SsXtI4Aoqc
2020-09-23T02:25:08.309733789Z 891 hckzA91z78u1g3AshSYrq2LTBKY8b385xviYMv29kj5VAk5gSdhkL0iT2reZ
2020-09-23T02:25:08.320641296Z 892 L9I2v0UrOZpJc2QdDvc1zgp2okUSc019x8bmqEVlfABGsZ6KNmKHA5Feiwl0
2020-09-23T02:25:08.332158372Z 893 XYsyAxy8CsFdGxOWNVaL8eXRZqGCJiOWqVsrDkd6MrKk1xQXRHpMTioD30tX
2020-09-23T02:25:08.342545335Z 894 lm2QbXWbMPTwV6xHsLcNmYD7kz4XiYBs7jeiqQKL0GZdRDdSwZuSdEjmgnNw
2020-09-23T02:25:08.354097669Z 895 XQZmBimX3Hflwu04zSnTYUTCk9yo6bJHKmsawtt40h3o6E24PDziDaIi1NAI
2020-09-23T02:25:08.364730533Z 896 C57qcK5uD1ptRAgp3pQTN0K0yyTgiXtFzCJwAcCCf6eYPeEQrAKiHf7X9mYQ
2020-09-23T02:25:08.375856601Z 897 R5XvjRjIqHo2eAMpC3hoibnHe8ZIvkbquTAcNR8lDDHKrQZrSYbLNfMiV8CF
2020-09-23T02:25:08.386756936Z 898 fu7ika8YAZhZvR5EyzsubhlgzrjYMozJX5b1AK3PpDbW9KqHFh6qQ7OzXO8t
2020-09-23T02:25:08.398223904Z 899 tThet46BpCYuNeI0RiVqAqvFp8bmRgajfhGji4wELB08AOBKoWnK8NA7tOWn
2020-09-23T02:25:08.409899741Z 900 tNxWaLBXFIJSqUQKVdJoPwulxI2t3jxUf1t1DcE5Lcs2qSmYDYEH71TiVlSU
2020-09-23T02:25:08.421388448Z 901 0WRULlO81sGv19KJS9kZM1ezHtoEV32gGUj7lfZ8ZaOr9xZdY1K0DFl1ULZ8
2020-09-23T02:25:08.433043835Z 902 xg6MentR5HLWhqvYD7Lq5FtPJBBc7Cgj5pBveKd0UQmGjFgtIZAetSBzL3le
2020-09-23T02:25:08.444288713Z 903 s9IAGXAiIvgF1MJr8kbHdHXV6v7AyjiDj3OJSTGxXmrXSVsOEpKUUgtTEF6l
2020-09-23T02:25:08.455285907Z 904 n57oUKAk8XUiEO7RRqNv2mK0v7AK0maNshmsI2441cWf9AHKqLSPbTdsX6jw
2020-09-23T02:25:08.465514305Z 905 wWawC4MNnenkaFxNk4C9NTIjisMq7p3wPfza53Srcz9tZl9g9UW8GRT5Oq2O
2020-09-23T02:25:08.476874361Z 906 cr2PC3dqXDgHneqK7x7JCKodop7qm62Ra1ILBiZeHbE38ij8s6kmHw6WxKjZ
2020-09-23T02:25:08.488482607Z 907 Te4s8lRMUGbpJBVenc48wB54xUNDHOFJWVPLXsOjDg7yA8TkLsprnWvfjxOV
2020-09-23T02:25:08.500485088Z 908 L4uJzU0ElSgoVqpVQohjyJ8UtRaEOyuIWq4hqI4Vlc09iI0vCW1a55eqHjiG
2020-09-23T02:25:08.512553275Z 909 vses8C1TnQ80R3i6y1xEf9CHtjd8mQRQUiTwG2j3oW2iyRLLficwDwluczRc
2020-09-23T02:25:08.523594983Z 910 k5UTZQbh6NuL7TOYf3UHw2bKiscGii6akxVhSsLUADyCX79e1vmz35sRPY9H
2020-09-23T02:25:08.534492760Z 911 HHxKqbYoLO7O6tu4N2JfzZD8k3iLaflbmH5S8MQaktr7hChu4VG6K9ngfX9w
2020-09-23T02:25:08.545721336Z 912 b9EUdoYnudpgmdlHCREIGHvaPqnfb0D0zg8td9CL0z07YdtcXXdpPGMetT7k
2020-09-23T02:25:08.557110635Z 913 CR2RuGbpHGJdeB6Nsu4s6lh2maVbOw8SyswUTMeP7z2vILrmUNduGUVNwY7A
2020-09-23T02:25:08.567993456Z 914 pSJtUGYXf4SnslxV9GxweRREZkqBlWN53zYJlFoaOa7DUJ7ynTyDVo9vSQLb
2020-09-23T02:25:08.578938260Z 915 r6rKnrvTyc0I2i3K5n2uLzGmFf2Gg9rw1g41HyE8llstPIxxweMJqX8BZ9L3
2020-09-23T02:25:08.589669210Z 916 0qQhQicmLhTnC9crZrsiNdODO8pfKdZ05hrgRh8qYV2wmo8zUGBei3RglhiL
2020-09-23T02:25:08.601009432Z 917 iQmd6sDTGmbOTWtWzLYpoHVnS1IJlyIA32TxcKFcjNvydtiAFKmHCiolodcp
2020-09-23T02:25:08.611587582Z 918 uKpXQU7zP1FIK4lPBEwxtJqa29ZTNLCxxNLREOK2K4R8i61YfSDwKPjlSvNr
2020-09-23T02:25:08.622481493Z 919 R4NAUFtclDCc7WOWg6omgro3TiYfIYScony4imLBKsOQVvxHyYUahhf0OBaS
2020-09-23T02:25:08.634416049Z 920 ngXia4kKnVikXT9JPt7dTJPFRuuQcG8lTmF3Iw0xNhRvtR2UUklerOJl1kJ4
2020-09-23T02:25:08.646430531Z 921 b6dBNrPBoCgHgdHw3skQHgKBg18w6cgzJT6xZ6cFk6qvmTJCb4GxtsWBbdMi
2020-09-23T02:25:08.658487146Z 922 vOtWJ7XCgAgKe2bg3nCvMtF11U5zXjrRrInDzNCeCaZ0AiuC47qfggTx78dx
2020-09-23T02:25:08.669634463Z 923 WgDlVPdzSyjWrFVWJYkKlvASjXzDGlLQgIC43KJJLukwmQlOHqxMHYq39rTY
2020-09-23T02:25:08.680823859Z 924 TuvoUrqx4IoBYCVqe57QPcjh7LLfX5wXm4Awjh9ynh1rDBPbtl9vFP2RipgS
2020-09-23T02:25:08.691722766Z 925 bnVUH84xtnE3zzTfc3CJOEwy4j18AdpD9G459P8lBO6r0uKbdmRJTYWjjw4k
2020-09-23T02:25:08.703384674Z 926 d3XX2Hi7GqUicmYgpOZHwb5WIddEmke8HRLVn41QnjcSemkcHEICILJDb9Sm
2020-09-23T02:25:08.715126649Z 927 FsEIh4i4eVXT5kpdPs3MlKl6nUbKPNIiGI1tIYztH0VA2bxcY6FZYEeLDEVa
2020-09-23T02:25:08.725824612Z 928 1fqDJfH6V9hl1AmDRVt6qMpX5f6SEIjClpNAP8gz0aHQmWiR9dH7pWEyVrhc
2020-09-23T02:25:08.736928891Z 929 VQuJ1psczICG3pi5ajH29Yy0MQ6oDkqojZRzv8jCuRPkPIdmtgLbtpRL6n6E
2020-09-23T02:25:08.748433026Z 930 vHIhDVcvfFzZfPfvxdY4YtuRwcex9kgaC8SNDjCK6bZ5vXiz6X1zKpSkXrVx
2020-09-23T02:25:08.759976101Z 931 wGXBTKt4KqoP1uTUKW6Eq8P0zTeajtU2xW674Huk2bNQmcwc1iX0dyX5kekA
2020-09-23T02:25:08.771369519Z 932 mmAx5XRft80H83AYSbg0oKMkfF7WeWJpUejRtpKCkWLpbbkeiXzigiSLzxlK
2020-09-23T02:25:08.782457384Z 933 VWtw7kUh4msMPRr8msBvyrLqzMCG6LXH05QsxKYDCdo0Pj4KP4wMfrIiydGx
2020-09-23T02:25:08.794495802Z 934 otNYlL6xjiq5UqOMJrnWfC9ddOfSX9mgxq0o1A4nho8s6p2mhx7zrCNaW1f4
2020-09-23T02:25:08.805370512Z 935 lHitA6jijKLINOQL9Xi51NjsCiyDQhtRkhYcPCt9pDKlvLMEmYBGusZENyVG
2020-09-23T02:25:08.816911261Z 936 S0I5ylHIqmppf97zCcmjsTHlGAVICdPh0nXfYrA1oWUZgFCInlSJmgA4wC16
2020-09-23T02:25:08.828389477Z 937 oBAcZwlsa5wszcOSMcoT7WTWFUV9CBo3rpBmAvWBJ0rmUUjmIFrm6Xh41KkG
2020-09-23T02:25:08.840127619Z 938 x2VYTjNKNetmVMEz9RJhySsfVT2HCFd9anTLuD19LSbclH5977O7toCGG9hZ
2020-09-23T02:25:08.851187832Z 939 Fx2X7vW0ICxnM6VLTjOBSucUJZaPdM0WCCpCOhz9rVYo4CXYfL4IstTbrHdk
2020-09-23T02:25:08.861945763Z 940 hHYiKtsCmyjHPpFjEBo9TFopFzg8rM5t1CP1OJ1UmkAgr6GFq2ZPZbCvzIHh
2020-09-23T02:25:08.873251157Z 941 bZvtXbv4A2zTJbn0dMl1fcjjnLPy9lJddy4fdfnhiaBIveIYqqr1cKeszjse
2020-09-23T02:25:08.883870925Z 942 RWkD4HPtHNk2xJi1pax5VDYEnDoTM5z5DNqgv3p5PUpdjsopG3FM1Dzt2CTe
2020-09-23T02:25:08.894664574Z 943 0Kv94URCfyNtwhJxiJfkX7uzcMzh5kci5b3RJ823PkfTAznskOsEjbw0NCsN
2020-09-23T02:25:08.906241536Z 944 SjCU93NEjAZV2uCh7X6pVzFXDN6kAOVl4KQ6zBLQpZoNgbndXWCRHao6LGzF
2020-09-23T02:25:08.917016394Z 945 lX5iIuV2LS2D9Gg3IcqRD7pQHnHIzK8UyF3sc5pDm5MlhHjqgQU4RoRP4MIv
2020-09-23T02:25:08.927577251Z 946 Jx9uZ9cFCioOPCOlxCpKJNl1p99Vvo4fBw1lxSQw4T2yCptJr2Pv6KhZRdTE
2020-09-23T02:25:08.939079910Z 947 BYmdeNZO4OjRXgdF48iI7XWqk6Yv8iqENe27diW0kMgW4v4lgCSbG4XfoLQv
2020-09-23T02:25:08.949838412Z 948 rsovM4l4GZprg8QgFBxiHVsbxLujOIQRnWUXVA00JhuvurVUdWyROQEFIDfJ
2020-09-23T02:25:08.960692019Z 949 ra0ZZ7BnHLyGSdyTPds6B1p4BPnmHJ8WwGyjFEfydmZCQXNgYEWTAg9ScdCa
2020-09-23T02:25:08.972523195Z 950 Z5tqoxXGo95tcl14WGgdKqb5OXwe9vqZQve7jpp2QAzBQrasOLi16DqlF98F
2020-09-23T02:25:08.984361856Z 951 zVILF2amkPXdcmAINCIgzlmds2NpcIh9TXJmC2VZRhAqfTfdVLW9JjmtxYdh
2020-09-23T02:25:08.995274316Z 952 f5wND7c0Qpuv3v0ahZYbThjJObeI3wjWqGQtCeKzqQxYqFKPNgNQfmQYPfxU
2020-09-23T02:25:09.006752803Z 953 IMc2VYGd6I6Czj0yVY6OGz4Wa99WN1e6U13doZXF3UFuNjbuChcUxdUMljZJ
2020-09-23T02:25:09.017713567Z 954 MvIA06EdS8102O5PDmHkDlMURblyLH1AGOkDZq9bp40LpqehLFCeMKRLocIE
2020-09-23T02:25:09.029582111Z 955 hRHh0NL1aUmiU5vNlneXOw1Y6I0wDQrT6W9ucYslFvGCyOOvJyf9moBiiUsL
2020-09-23T02:25:09.040735712Z 956 JtMcdgPtKoLw6GETeFsRBItTrRz4BOmI7bt9FWbQtWfY4VubfRU1FlE22wsl
2020-09-23T02:25:09.052419532Z 957 mz43euBGSrbI2d4NDyuixZi2cAfW8Fo32Tzl0fRs9c64QZoeeHlZbhcH0cKN
2020-09-23T02:25:09.064299307Z 958 nDgFymeXL9rP13JHb9Od6YoAJt841dGuWALmcdbq3Fia5lmTHmJI4UpiXRKB
2020-09-23T02:25:09.075668256Z 959 2KTucNw5PyU3NDtpXT1oikirv3Qt9seTUPGCrqG1RVsvcJaNegpnc4IpK1IQ
2020-09-23T02:25:09.087185041Z 960 exCAjYxE5qa45D1k6djvxfVQwP9i2Em5aJjj5CoHS1y8XvXuchQl80zfCYyj
2020-09-23T02:25:09.098158241Z 961 6tl6XzWaPsFbHKHx0bnD4G2vDQ9vTSN7sx8L650BW9gBiR6m5QG5sYINBAT1
2020-09-23T02:25:09.108782412Z 962 q3nu9ACOIsJaPKJfcUqbgae0KFOHdbTnoAwlsElxxu4pW6Wl4KMt4AHmPZxG
2020-09-23T02:25:09.119672172Z 963 vWifaooCJcmKecB8XY8M77scpMytEdlk7wzoiZn8taKxAtxCyMxqyaJqeKkf
2020-09-23T02:25:09.130865245Z 964 ePo8RIO4sxoUMkSozfeCaO4FZvv84RcuKwpPJDZsne1EvTwgKQyfvY7sYVeT
2020-09-23T02:25:09.142033393Z 965 yBrBL1WYOit8dWWXmDmtSBbycmlxDLtPoU1KHqpvaafDWOaYda8ELOgeAQ94
2020-09-23T02:25:09.152537067Z 966 FUbRR2nCJteTOjsLQ2eSCfoLireGfVJzlyEJI2dCTSzHEOwKYBEGHzob1s5p
2020-09-23T02:25:09.164280552Z 967 bauNCBxl9wGWKatGtRPcRVmw0OyRqp5vtBJkLuriEe59kjuNtJrgjEFbQizl
2020-09-23T02:25:09.176524896Z 968 ddxwNz3C6aqQOGNPKGaCEm8ssCVzd2mSadwdCBj6qMjfFhyYTt4ZcsCC8F4e
2020-09-23T02:25:09.187806296Z 969 XM8LSspZHB4lXZZDF11rYI1hxFEIksM2JxyRroknhfpY2FuUtgVO5mRSsSdf
2020-09-23T02:25:09.198850139Z 970 YqkYVgLtzkmVKsHCIDtJA43AES6iEM52eI2mB9C4VpYEPp1JAJcCHY1m0lxw
2020-09-23T02:25:09.210602052Z 971 1T1qaEBXAmynhmHl1XpBZIUvhYd9JNM68AcC4WcbNxbnfuivF7SITnVUZa7p
2020-09-23T02:25:09.222130026Z 972 LhFhBaEFypGs9yPQBdCKhQXmr7yE4fKIm1nr6fX3gAzHuQUDve3KVz3iJVoH
2020-09-23T02:25:09.232917342Z 973 WPjW82hgXnZF852h3yJRRNaWS4CLDsfsicGtQEwYeVPEqBeyiBBZJE7DYEPv
2020-09-23T02:25:09.243725019Z 974 q6krLEH6jUdEtzi1fw2V9jCNyXiAoumK4uj45ITTEav80XQBVTt7KbP7j3jb
2020-09-23T02:25:09.255495176Z 975 gojVgXO4d53JqDlvMBHPAXysOzNZpiB7NlpYRaVLvGCQxdP9ouwBI6wVEmSy
2020-09-23T02:25:09.267103919Z 976 n4LTuUeISLRb3f5l9gM5kC6cPXWJXOC2KCLIX11oLchnHC7PKxu2XfWEmMUH
2020-09-23T02:25:09.278077623Z 977 JdVQ9XdQ3EIlSWECXct4Zu0tNd4jDYcLy0PrhVZazMFvOhfs9dbKOS2G3A8X
2020-09-23T02:25:09.288931271Z 978 UDyIwmZrM1P2MhOTEPzCpMC96Km76pCqvSIeFse9ceWvgbX83ZebbvHBGUR8
2020-09-23T02:25:09.300033351Z 979 OeBsTiuKpbtfHbHCSD8rCzsUFnvnHCfSAMGahD0cHsTHkTEvJ6cFnbfTRM9Q
2020-09-23T02:25:09.310784832Z 980 s8bG6Ap3eSG7koe7dxXpB7wB8oONXDKXpx4d7Jcd63LpG9OXw5emjEcoVp77
2020-09-23T02:25:09.322608648Z 981 Hceu7aUBxEtCOKSS0DwQLqqj2KiBbwUpWLU23BXBH81XcEZc5RXorW66zOEj
2020-09-23T02:25:09.333586333Z 982 64v8IMQEfvrdHjJqjdMFWJRjElMK6dwdYPgZszOsGhqNV12e5cWlBUFjuroz
2020-09-23T02:25:09.344856055Z 983 yvFMWlqb4CZ3g7xqk6Yxdmoag768mIbs6Q2DxA7YjCarjSDlw51sronxP6bT
2020-09-23T02:25:09.356267139Z 984 LgbMAq3axG4uL5EKAVoSr86285BP03iGQmanG0sdxSFHlzJMall5HYfA8qLA
2020-09-23T02:25:09.367118762Z 985 LviLckkBXrs1xnQxzoJIjAN4QCmMIxxdwPD3FSAHo2hU50Lv5OvaJC5oCsmC
2020-09-23T02:25:09.378177447Z 986 3ZVBDVcXDcF04xZ7CU8PuvJz3sIOvMZweTGWvpqNl46j2YmttOkjVTAFsSMm
2020-09-23T02:25:09.388986238Z 987 ZYw5gVq1eN0htQbVQOwXRi8dQsu9ofJSwtcGroa4kPiLHFDjtZ8VS6hPJfb5
2020-09-23T02:25:09.400122736Z 988 4NTMvwJWB42w0XiRcXeRkqGoFhlbgk2kGfz5bif6CRkpQVstguouzEdYvL3y
2020-09-23T02:25:09.411206462Z 989 zzaUfWw0H2burmHr7BB5HWR2vUk9dwKCWdecdJNbauDnkGR8XSacMpuh8sCC
2020-09-23T02:25:09.421939530Z 990 kFGQETslLHPoZO56bBedqQcAuWUKmg5IrJzwZG0kSnVYknQId1i87Vg5xayU
2020-09-23T02:25:09.433386785Z 991 btYkkx2NnYSi15dYSCcq7XL7zlQg68JIoqGEkFipIjWYn2Z20rJRFSOAS9c1
2020-09-23T02:25:09.445152670Z 992 Euu4XIABrqTlTNkByuRQ2yLWr1wdzTbStXI3VxUdhzPqKZDes62DM9cX3L02
2020-09-23T02:25:09.456290751Z 993 yo8zN5Byol4KLRPTid0afGdkjXb6BGVpJ8a80HvxUWZN726teb5LqhOphqk0
2020-09-23T02:25:09.467228047Z 994 m85p7vIWpI4A5in9r7DMFzw6YwN9hoMUpJ4l6LZwQEOfECVa63xk7mUyUJJO
2020-09-23T02:25:09.478630839Z 995 c9MIvsqzLUbGsy4C0Rd6zNq7DXk1zwlLXiLShaMioH9PDkfFIiQJmYjA1eiN
2020-09-23T02:25:09.490234020Z 996 KJZ75QfJCtu8IgpEAeui4sa3i5o2dnZIgVhvfTep0nlpcBbukq1XrY0FKguy
2020-09-23T02:25:09.501173530Z 997 VLB1H4Vj7lKZyH2Z9m3ahom21J3Bd33ScSyHU0jdvfzskE06pH1OVbQxiKsv
2020-09-23T02:25:09.512020363Z 998 6Ez7BlEYCyb0EZERFWFI9P0cSnKA6Xm7f1wQyVCA9UjZSieouhhHAqiIzlUN
2020-09-23T02:25:09.522944002Z 999 NVEzX0JpwjaEWS9ZvFNDnVtOO3vglVtTbfgqVy84ocyP5K8VWMPbZ3skld3l
