2020-09-23T02:24:22.739396581Z  [2020-09-23T02:24:22Z INFO  dt_instance] Current Twin: 38162cb0-e585-43d7-b55d-5c240b2bfb7c
2020-09-23T02:24:22.739588437Z  [2020-09-23T02:24:22Z INFO  dt_instance] Connecting to broker at mqtt-broker:1883
2020-09-23T02:24:22.744032857Z  [2020-09-23T02:24:22Z INFO  dt_instance] Refreshing topics for twin 38162cb0-e585-43d7-b55d-5c240b2bfb7c - Listen to 38162cb0-e585-43d7-b55d-5c240b2bfb7c/+/+
2020-09-23T02:24:22.846600646Z  [2020-09-23T02:24:22Z INFO  dt_instance] SubAck { pkid: 1, return_codes: [Success(AtLeastOnce)] }
2020-09-23T02:24:52.792572104Z  [2020-09-23T02:24:52Z ERROR dt_instance] Unhandled incoming.
2020-09-23T02:24:58.266847540Z  [2020-09-23T02:24:58Z INFO  dt_instance] d0a71d84-b80f-4558-beac-8887750652e3 "0 IvvN0nsc0uoQGc2o07HceNHgrnGAvGhLYpsQQjEN1r1Fnx17eV8S8PBsIxqu3i"
2020-09-23T02:24:58.276120876Z  [2020-09-23T02:24:58Z INFO  dt_instance] Inserted data for source d0a71d84-b80f-4558-beac-8887750652e3.
2020-09-23T02:24:58.328085098Z  [2020-09-23T02:24:58Z INFO  dt_instance] d0a71d84-b80f-4558-beac-8887750652e3 "1 hJYVxQ6hiL95jBLUrf1XMT716vp8ntEtIfKFQN5x13pDA9B7qhmjNalmk4VO5X"
2020-09-23T02:24:58.336708576Z  [2020-09-23T02:24:58Z INFO  dt_instance] Inserted data for source d0a71d84-b80f-4558-beac-8887750652e3.
2020-09-23T02:24:58.389101751Z  [2020-09-23T02:24:58Z INFO  dt_instance] d0a71d84-b80f-4558-beac-8887750652e3 "2 KJK7pFVXpHupBkR8ZFNqZUhn9fLf9rxCAdcVf2sPfpUr567x8mGwsvp7A6Z0EU"
2020-09-23T02:24:58.398915431Z  [2020-09-23T02:24:58Z INFO  dt_instance] Inserted data for source d0a71d84-b80f-4558-beac-8887750652e3.
2020-09-23T02:24:58.449941899Z  [2020-09-23T02:24:58Z INFO  dt_instance] d0a71d84-b80f-4558-beac-8887750652e3 "3 a9BJcrCHT8poYQ4I8JibYpxV5qgvMnRRUU9nRoD9089wXtVe6eCTxuGs8tZB8F"
2020-09-23T02:24:58.461403557Z  [2020-09-23T02:24:58Z INFO  dt_instance] Inserted data for source d0a71d84-b80f-4558-beac-8887750652e3.
2020-09-23T02:24:58.516320621Z  [2020-09-23T02:24:58Z INFO  dt_instance] d0a71d84-b80f-4558-beac-8887750652e3 "4 pc7VlSEfAVRBO5tihnCa5S6ZIhgSp7dfHnA6MEEVbNLmlPwW8w7QXRGLpRntwc"
2020-09-23T02:24:58.530222621Z  [2020-09-23T02:24:58Z INFO  dt_instance] Inserted data for source d0a71d84-b80f-4558-beac-8887750652e3.
2020-09-23T02:24:58.582369380Z  [2020-09-23T02:24:58Z INFO  dt_instance] d0a71d84-b80f-4558-beac-8887750652e3 "5 6ZwhYpFRuwiytAnX31sgdrsy66K5QfpwEhgUkHIy5F0c2oZqmSOyg3ZQurJvXa"
2020-09-23T02:24:58.595101701Z  [2020-09-23T02:24:58Z INFO  dt_instance] Inserted data for source d0a71d84-b80f-4558-beac-8887750652e3.
2020-09-23T02:24:58.649152157Z  [2020-09-23T02:24:58Z INFO  dt_instance] d0a71d84-b80f-4558-beac-8887750652e3 "6 NTvkl3zW0IY3fdHhs87npiK9YPWYzAlrkr81OItVEUqUANXSs63ZpgzyN2FhMk"
2020-09-23T02:24:58.657354131Z  [2020-09-23T02:24:58Z INFO  dt_instance] Inserted data for source d0a71d84-b80f-4558-beac-8887750652e3.
2020-09-23T02:24:58.711099451Z  [2020-09-23T02:24:58Z INFO  dt_instance] d0a71d84-b80f-4558-beac-8887750652e3 "7 Yb3fwknuqApyPfWKfj3pyTGbdUQuVCf5O6d2Ynl2VRvLHH3OfveGCfm8NDdjk2"
2020-09-23T02:24:58.723894408Z  [2020-09-23T02:24:58Z INFO  dt_instance] Inserted data for source d0a71d84-b80f-4558-beac-8887750652e3.
2020-09-23T02:24:58.779196591Z  [2020-09-23T02:24:58Z INFO  dt_instance] d0a71d84-b80f-4558-beac-8887750652e3 "8 G6YXTIqQtvqwelpV64HBy2E9uigI8ua7wsWKYbCRjFNARdIzatHSMoSbHPPHDN"
2020-09-23T02:24:58.791962563Z  [2020-09-23T02:24:58Z INFO  dt_instance] Inserted data for source d0a71d84-b80f-4558-beac-8887750652e3.
2020-09-23T02:24:58.844091905Z  [2020-09-23T02:24:58Z INFO  dt_instance] d0a71d84-b80f-4558-beac-8887750652e3 "9 9pObK58u27dNUV3LG2auRVrWyG9emSyAqNNTsbSHxA9zgVvNDlkWZvAXz9rFsZ"
2020-09-23T02:24:58.860115430Z  [2020-09-23T02:24:58Z INFO  dt_instance] Inserted data for source d0a71d84-b80f-4558-beac-8887750652e3.
2020-09-23T02:24:58.912219043Z  [2020-09-23T02:24:58Z INFO  dt_instance] d0a71d84-b80f-4558-beac-8887750652e3 "10 MAeGlbNhkX7jpOWTH0wces5eOfuGGfnNdfaY53wWanGA6kANa3nClcPGRmUke"
2020-09-23T02:24:58.923815033Z  [2020-09-23T02:24:58Z INFO  dt_instance] Inserted data for source d0a71d84-b80f-4558-beac-8887750652e3.
2020-09-23T02:24:58.977818981Z  [2020-09-23T02:24:58Z INFO  dt_instance] d0a71d84-b80f-4558-beac-8887750652e3 "11 JSAinVso2lsJRmE9Se2O2dcvMjxYUsSP0ZF8Gke3V26zF5ceyIauWjkyeWQIc"
2020-09-23T02:24:58.990355481Z  [2020-09-23T02:24:58Z INFO  dt_instance] Inserted data for source d0a71d84-b80f-4558-beac-8887750652e3.
2020-09-23T02:24:59.043067166Z  [2020-09-23T02:24:59Z INFO  dt_instance] d0a71d84-b80f-4558-beac-8887750652e3 "12 Id8RYwaxCkVwdsmrTdulOlJGemB0kVHgHdDJmrw4zQZrf30Cv4188cGTLltRO"
2020-09-23T02:24:59.057008321Z  [2020-09-23T02:24:59Z INFO  dt_instance] Inserted data for source d0a71d84-b80f-4558-beac-8887750652e3.
2020-09-23T02:24:59.110331016Z  [2020-09-23T02:24:59Z INFO  dt_instance] d0a71d84-b80f-4558-beac-8887750652e3 "13 g9MQ4HaHiN41yoShv9urqfQIj1Rzcfs6zw8EDez5Q4b0PjuR0AQmWehtHHpZx"
2020-09-23T02:24:59.126659239Z  [2020-09-23T02:24:59Z INFO  dt_instance] Inserted data for source d0a71d84-b80f-4558-beac-8887750652e3.
2020-09-23T02:24:59.181270534Z  [2020-09-23T02:24:59Z INFO  dt_instance] d0a71d84-b80f-4558-beac-8887750652e3 "14 7azwFUAIStJGAfMepZl3uTtojjoAdlmKfigBuXwNXoASOQYoAo1ALNRhJzpMo"
2020-09-23T02:24:59.193306934Z  [2020-09-23T02:24:59Z INFO  dt_instance] Inserted data for source d0a71d84-b80f-4558-beac-8887750652e3.
2020-09-23T02:24:59.245490223Z  [2020-09-23T02:24:59Z INFO  dt_instance] d0a71d84-b80f-4558-beac-8887750652e3 "15 B1B2IjDUYX0avugRjgW5GvHEhcnyhMljbPLRXRuWoZ7xB9tGXr4a2jgSxMjWq"
2020-09-23T02:24:59.259513159Z  [2020-09-23T02:24:59Z INFO  dt_instance] Inserted data for source d0a71d84-b80f-4558-beac-8887750652e3.
2020-09-23T02:24:59.310912139Z  [2020-09-23T02:24:59Z INFO  dt_instance] d0a71d84-b80f-4558-beac-8887750652e3 "16 JPWt22JJovWuyuh7RjAK1owoMUg3X0zlIbD02OpWcRIiG3PLN92lXVTgCA830"
2020-09-23T02:24:59.326925933Z  [2020-09-23T02:24:59Z INFO  dt_instance] Inserted data for source d0a71d84-b80f-4558-beac-8887750652e3.
2020-09-23T02:24:59.378953941Z  [2020-09-23T02:24:59Z INFO  dt_instance] d0a71d84-b80f-4558-beac-8887750652e3 "17 azdKyeR4bYaXMIpC3mOupu5zZq8PWGI4NRyvfbgf80hpnWYA1AiTL7Pu2nVlp"
2020-09-23T02:24:59.388696598Z  [2020-09-23T02:24:59Z INFO  dt_instance] Inserted data for source d0a71d84-b80f-4558-beac-8887750652e3.
2020-09-23T02:24:59.441697454Z  [2020-09-23T02:24:59Z INFO  dt_instance] d0a71d84-b80f-4558-beac-8887750652e3 "18 rDC8oZqnaiEOWKvHXHQp8gf2tIX5Cup9SBue59Q8fO2O6arV9ANYlVuaNsU9U"
2020-09-23T02:24:59.456014443Z  [2020-09-23T02:24:59Z INFO  dt_instance] Inserted data for source d0a71d84-b80f-4558-beac-8887750652e3.
2020-09-23T02:24:59.508074053Z  [2020-09-23T02:24:59Z INFO  dt_instance] d0a71d84-b80f-4558-beac-8887750652e3 "19 OSQbSQuKPUcTKJFiFyOGnNtb19Clxyl3srfBSCAgixhTtQy0xZByyq0AinsfL"
2020-09-23T02:24:59.521561260Z  [2020-09-23T02:24:59Z INFO  dt_instance] Inserted data for source d0a71d84-b80f-4558-beac-8887750652e3.
2020-09-23T02:24:59.575177883Z  [2020-09-23T02:24:59Z INFO  dt_instance] d0a71d84-b80f-4558-beac-8887750652e3 "20 pLmiuIvxc547I93Uttz5J2p6FGoblaNeR0Os0HX5iM3eO33qCjxQjohE87Kxv"
2020-09-23T02:24:59.591985423Z  [2020-09-23T02:24:59Z INFO  dt_instance] Inserted data for source d0a71d84-b80f-4558-beac-8887750652e3.
2020-09-23T02:24:59.644065255Z  [2020-09-23T02:24:59Z INFO  dt_instance] d0a71d84-b80f-4558-beac-8887750652e3 "21 L938KawuUUaHwa4JlSFn8nYqzTlhhhrxZ1sjNM288V4ETwnBtD4RZJ4HhZnML"
2020-09-23T02:24:59.658070694Z  [2020-09-23T02:24:59Z INFO  dt_instance] Inserted data for source d0a71d84-b80f-4558-beac-8887750652e3.
2020-09-23T02:24:59.711705872Z  [2020-09-23T02:24:59Z INFO  dt_instance] d0a71d84-b80f-4558-beac-8887750652e3 "22 fszB99xvTqD2HFkFNvuhiwDyX5jNNGjIITHxc7neJW1pkOkyGpYxEf55joQ4m"
2020-09-23T02:24:59.723330387Z  [2020-09-23T02:24:59Z INFO  dt_instance] Inserted data for source d0a71d84-b80f-4558-beac-8887750652e3.
2020-09-23T02:24:59.776551120Z  [2020-09-23T02:24:59Z INFO  dt_instance] d0a71d84-b80f-4558-beac-8887750652e3 "23 wYP52uIbagspowpPvNXAJT8xpO6YU5xeagywjrgP86hgDteM7OAAiJfdSLkSO"
2020-09-23T02:24:59.790864591Z  [2020-09-23T02:24:59Z INFO  dt_instance] Inserted data for source d0a71d84-b80f-4558-beac-8887750652e3.
2020-09-23T02:24:59.846042322Z  [2020-09-23T02:24:59Z INFO  dt_instance] d0a71d84-b80f-4558-beac-8887750652e3 "24 IBJHaG8Bja7kTYxR4ooiIxhimaPqxrOexIkZjMbCJ9v3JvljHJkRqaq8Lxyp6"
2020-09-23T02:24:59.859036822Z  [2020-09-23T02:24:59Z INFO  dt_instance] Inserted data for source d0a71d84-b80f-4558-beac-8887750652e3.
2020-09-23T02:24:59.912988595Z  [2020-09-23T02:24:59Z INFO  dt_instance] d0a71d84-b80f-4558-beac-8887750652e3 "25 c9DUrM1nnwj2kiijpttbk0CskCpmh1bG4cJGVVW3e92QMM8lhfRPV3sDHKEUG"
2020-09-23T02:24:59.926232111Z  [2020-09-23T02:24:59Z INFO  dt_instance] Inserted data for source d0a71d84-b80f-4558-beac-8887750652e3.
2020-09-23T02:24:59.978832359Z  [2020-09-23T02:24:59Z INFO  dt_instance] d0a71d84-b80f-4558-beac-8887750652e3 "26 vWHiXBGCKG3u1FxeQJ8rNfPfNp94bJnOMuB7Pat1qbI9HsYGg10SKHCp06eou"
2020-09-23T02:24:59.994066924Z  [2020-09-23T02:24:59Z INFO  dt_instance] Inserted data for source d0a71d84-b80f-4558-beac-8887750652e3.
2020-09-23T02:25:00.047168148Z  [2020-09-23T02:25:00Z INFO  dt_instance] d0a71d84-b80f-4558-beac-8887750652e3 "27 WmsFOA8sr4P9ZnKzE5oJcQ9RjvZCECwpGerB4w5B4ZZNDtZfZPbmyGttCuzCu"
2020-09-23T02:25:00.061827609Z  [2020-09-23T02:25:00Z INFO  dt_instance] Inserted data for source d0a71d84-b80f-4558-beac-8887750652e3.
2020-09-23T02:25:00.115581492Z  [2020-09-23T02:25:00Z INFO  dt_instance] d0a71d84-b80f-4558-beac-8887750652e3 "28 qu3xHT9VWvkQR3w0g7T5YT7nYDJoYxJPDz97990xkHb1Ttm45ykGR6RxrV6el"
2020-09-23T02:25:00.130101284Z  [2020-09-23T02:25:00Z INFO  dt_instance] Inserted data for source d0a71d84-b80f-4558-beac-8887750652e3.
2020-09-23T02:25:00.182342317Z  [2020-09-23T02:25:00Z INFO  dt_instance] d0a71d84-b80f-4558-beac-8887750652e3 "29 xtvMXs2rPmbzHKy1UdDJzK4NuN3ON8mQOFe2mpsNbsHLuvloVXB6cUoG5wzIT"
2020-09-23T02:25:00.197717727Z  [2020-09-23T02:25:00Z INFO  dt_instance] Inserted data for source d0a71d84-b80f-4558-beac-8887750652e3.
2020-09-23T02:25:00.249887547Z  [2020-09-23T02:25:00Z INFO  dt_instance] d0a71d84-b80f-4558-beac-8887750652e3 "30 gHe9f9kAi2a7PafeJ2tui9SRiIWI1jb6lPeythaREoqenR5DmWHkd7WpCz7hp"
2020-09-23T02:25:00.261826264Z  [2020-09-23T02:25:00Z INFO  dt_instance] Inserted data for source d0a71d84-b80f-4558-beac-8887750652e3.
2020-09-23T02:25:00.314006486Z  [2020-09-23T02:25:00Z INFO  dt_instance] d0a71d84-b80f-4558-beac-8887750652e3 "31 onveg5sdJwj7u6Wom9X2mTO9UAkjj3bbH71b5KFqDN3eZJ1pZ1ulRhzDcMeVo"
2020-09-23T02:25:00.328120863Z  [2020-09-23T02:25:00Z INFO  dt_instance] Inserted data for source d0a71d84-b80f-4558-beac-8887750652e3.
2020-09-23T02:25:00.380092161Z  [2020-09-23T02:25:00Z INFO  dt_instance] d0a71d84-b80f-4558-beac-8887750652e3 "32 zPvJwMdcQg1zn5efYow5RlVEx69Sggre56PK3AHPCV2Xk9okdoVbqkzxXSWRf"
2020-09-23T02:25:00.395299711Z  [2020-09-23T02:25:00Z INFO  dt_instance] Inserted data for source d0a71d84-b80f-4558-beac-8887750652e3.
2020-09-23T02:25:00.450339116Z  [2020-09-23T02:25:00Z INFO  dt_instance] d0a71d84-b80f-4558-beac-8887750652e3 "33 gE8O9y6uesmHf1MSQvt2NpxEQFFauMZGUW7e0pSwhEu2A6kIjdxrQVPgrw7Y8"
2020-09-23T02:25:00.463756855Z  [2020-09-23T02:25:00Z INFO  dt_instance] Inserted data for source d0a71d84-b80f-4558-beac-8887750652e3.
2020-09-23T02:25:00.517024696Z  [2020-09-23T02:25:00Z INFO  dt_instance] d0a71d84-b80f-4558-beac-8887750652e3 "34 oSnjcFzLcjarzkLk5jcFVanwGSRZbg93VmPuDX2HOldFvTpARg0zEyKOpUmww"
2020-09-23T02:25:00.530654482Z  [2020-09-23T02:25:00Z INFO  dt_instance] Inserted data for source d0a71d84-b80f-4558-beac-8887750652e3.
2020-09-23T02:25:00.582960171Z  [2020-09-23T02:25:00Z INFO  dt_instance] d0a71d84-b80f-4558-beac-8887750652e3 "35 Nh2sEArCWWUQAqR0vILlhf1j4KUTUX4gxRuaVzWiEvpJbH2U5sHpJJXA49e10"
2020-09-23T02:25:00.597305485Z  [2020-09-23T02:25:00Z INFO  dt_instance] Inserted data for source d0a71d84-b80f-4558-beac-8887750652e3.
2020-09-23T02:25:00.653430695Z  [2020-09-23T02:25:00Z INFO  dt_instance] d0a71d84-b80f-4558-beac-8887750652e3 "36 X2FPuqGUaEshH1w1PoJCqVRmO7wCoOM4Zb4oGsaq59t5tNp8t0c6WAjh0G3js"
2020-09-23T02:25:00.667269145Z  [2020-09-23T02:25:00Z INFO  dt_instance] Inserted data for source d0a71d84-b80f-4558-beac-8887750652e3.
2020-09-23T02:25:00.718473852Z  [2020-09-23T02:25:00Z INFO  dt_instance] d0a71d84-b80f-4558-beac-8887750652e3 "37 jEVtAyhlK3U2lNjZAe90muphMuZYs70WTdhubkdd5whwmuAsnthd2iKzM0C0n"
2020-09-23T02:25:00.731412984Z  [2020-09-23T02:25:00Z INFO  dt_instance] Inserted data for source d0a71d84-b80f-4558-beac-8887750652e3.
2020-09-23T02:25:00.783434433Z  [2020-09-23T02:25:00Z INFO  dt_instance] d0a71d84-b80f-4558-beac-8887750652e3 "38 wQbyvS01dmpsTYzkuWOzySbhFqBw3RvmunbzMbaRuINzfvUuwXVAce1vVrqkV"
2020-09-23T02:25:00.797665421Z  [2020-09-23T02:25:00Z INFO  dt_instance] Inserted data for source d0a71d84-b80f-4558-beac-8887750652e3.
2020-09-23T02:25:00.849749742Z  [2020-09-23T02:25:00Z INFO  dt_instance] d0a71d84-b80f-4558-beac-8887750652e3 "39 hswmlrZpKmO5rXDWzkAFOHaT7tiggzmLDhPPUlEaWIHTxH37FSdmAIjrYbAXH"
2020-09-23T02:25:00.862138515Z  [2020-09-23T02:25:00Z INFO  dt_instance] Inserted data for source d0a71d84-b80f-4558-beac-8887750652e3.
2020-09-23T02:25:00.914167965Z  [2020-09-23T02:25:00Z INFO  dt_instance] d0a71d84-b80f-4558-beac-8887750652e3 "40 6OKeF9wlSCYHRWRifVgz0kGzRUFFVA5OnbZsWdW3V1tKgRqcszkCLB5Cm8iAe"
2020-09-23T02:25:00.929556674Z  [2020-09-23T02:25:00Z INFO  dt_instance] Inserted data for source d0a71d84-b80f-4558-beac-8887750652e3.
2020-09-23T02:25:00.981571415Z  [2020-09-23T02:25:00Z INFO  dt_instance] d0a71d84-b80f-4558-beac-8887750652e3 "41 EWdqsSHbebh7p98nb5BJdWjKXDysnRkMT35ONiNuMROPTJTKDHsoakDZ6MRbq"
2020-09-23T02:25:00.996258637Z  [2020-09-23T02:25:00Z INFO  dt_instance] Inserted data for source d0a71d84-b80f-4558-beac-8887750652e3.
2020-09-23T02:25:01.051644628Z  [2020-09-23T02:25:01Z INFO  dt_instance] d0a71d84-b80f-4558-beac-8887750652e3 "42 qYspIbOuQ3mJNJ3ZiC8hKSJGkfv9VyxFDZnaGr67bRM22EzsMFdfr7VoL7dQP"
2020-09-23T02:25:01.066078831Z  [2020-09-23T02:25:01Z INFO  dt_instance] Inserted data for source d0a71d84-b80f-4558-beac-8887750652e3.
2020-09-23T02:25:01.119658038Z  [2020-09-23T02:25:01Z INFO  dt_instance] d0a71d84-b80f-4558-beac-8887750652e3 "43 zxEcKFKMvq6GjXUlz2pqTJixg9BxsWlHwgq72328NSVxfTUs8Fmu2ZCxLonGv"
2020-09-23T02:25:01.131661805Z  [2020-09-23T02:25:01Z INFO  dt_instance] Inserted data for source d0a71d84-b80f-4558-beac-8887750652e3.
2020-09-23T02:25:01.185243792Z  [2020-09-23T02:25:01Z INFO  dt_instance] d0a71d84-b80f-4558-beac-8887750652e3 "44 6GyeO2ENHPnFDdafCqAbkGKS1jfDWdCIM1SgB7wQuDcjSaTH3v46LtVN3RjOl"
2020-09-23T02:25:01.198864471Z  [2020-09-23T02:25:01Z INFO  dt_instance] Inserted data for source d0a71d84-b80f-4558-beac-8887750652e3.
2020-09-23T02:25:01.252350539Z  [2020-09-23T02:25:01Z INFO  dt_instance] d0a71d84-b80f-4558-beac-8887750652e3 "45 OLYIyUbN4zEQOUIfYaNSmIdp2npTjmJ70WDeKihez5jyKK2SIKvyPDWAbLI0Y"
2020-09-23T02:25:01.267177476Z  [2020-09-23T02:25:01Z INFO  dt_instance] Inserted data for source d0a71d84-b80f-4558-beac-8887750652e3.
2020-09-23T02:25:01.319241228Z  [2020-09-23T02:25:01Z INFO  dt_instance] d0a71d84-b80f-4558-beac-8887750652e3 "46 H99yDfzDymzPR3hELfjcl4dgOhdQiiGIDriW8B3o7IoajkaL9VquqTIat5LPz"
2020-09-23T02:25:01.332591293Z  [2020-09-23T02:25:01Z INFO  dt_instance] Inserted data for source d0a71d84-b80f-4558-beac-8887750652e3.
2020-09-23T02:25:01.384751783Z  [2020-09-23T02:25:01Z INFO  dt_instance] d0a71d84-b80f-4558-beac-8887750652e3 "47 NNefv99R2a4tzlnGPPbqu0DQhmpjsUDQrHpRSZn1I8F2hBnUMFkVYmdGTCCEO"
2020-09-23T02:25:01.397681339Z  [2020-09-23T02:25:01Z INFO  dt_instance] Inserted data for source d0a71d84-b80f-4558-beac-8887750652e3.
2020-09-23T02:25:01.451351647Z  [2020-09-23T02:25:01Z INFO  dt_instance] d0a71d84-b80f-4558-beac-8887750652e3 "48 4F17o7PiPQwVYtABgjPDKj2OP9llRyUjGtqaJK5r4SkJmBmfjmmaKZHIVEGUC"
2020-09-23T02:25:01.469654734Z  [2020-09-23T02:25:01Z INFO  dt_instance] Inserted data for source d0a71d84-b80f-4558-beac-8887750652e3.
2020-09-23T02:25:01.522393950Z  [2020-09-23T02:25:01Z INFO  dt_instance] d0a71d84-b80f-4558-beac-8887750652e3 "49 Wd0lvm8fKk32mPpoEjLgQtYhN71mBlEvJ4ag7Op4rn5q7zE1FI8jkWUCo5hCq"
2020-09-23T02:25:01.536263576Z  [2020-09-23T02:25:01Z INFO  dt_instance] Inserted data for source d0a71d84-b80f-4558-beac-8887750652e3.
2020-09-23T02:25:01.588317108Z  [2020-09-23T02:25:01Z INFO  dt_instance] d0a71d84-b80f-4558-beac-8887750652e3 "50 bJqOkHcvnhY5c1jGi2Eei8YPab76gM4YQRvdaKOeIv9g5eWFJIK7lObFksQy0"
2020-09-23T02:25:01.601401086Z  [2020-09-23T02:25:01Z INFO  dt_instance] Inserted data for source d0a71d84-b80f-4558-beac-8887750652e3.
2020-09-23T02:25:01.653540280Z  [2020-09-23T02:25:01Z INFO  dt_instance] d0a71d84-b80f-4558-beac-8887750652e3 "51 HwIXqgKQ04hLXeqQhCjMAhgoEVeWWLeiwrcT7vPIiwQXMXgdiFkO2wteqSy8r"
2020-09-23T02:25:01.667462745Z  [2020-09-23T02:25:01Z INFO  dt_instance] Inserted data for source d0a71d84-b80f-4558-beac-8887750652e3.
2020-09-23T02:25:01.720009129Z  [2020-09-23T02:25:01Z INFO  dt_instance] d0a71d84-b80f-4558-beac-8887750652e3 "52 Iw4B61koTfBnNbp9430ZAlxGjCE7bwH1lwFi5WCq8BhJpn7iKNSN6BFOWk9kn"
2020-09-23T02:25:01.733832551Z  [2020-09-23T02:25:01Z INFO  dt_instance] Inserted data for source d0a71d84-b80f-4558-beac-8887750652e3.
2020-09-23T02:25:01.786853846Z  [2020-09-23T02:25:01Z INFO  dt_instance] d0a71d84-b80f-4558-beac-8887750652e3 "53 s1J8vt2Ejkxjrr3wKWGc1oS7nbxPLQ1pHI8AZtGQdYhdWApLBymrbCaIJndEq"
2020-09-23T02:25:01.800755805Z  [2020-09-23T02:25:01Z INFO  dt_instance] Inserted data for source d0a71d84-b80f-4558-beac-8887750652e3.
2020-09-23T02:25:01.854294267Z  [2020-09-23T02:25:01Z INFO  dt_instance] d0a71d84-b80f-4558-beac-8887750652e3 "54 dNnQWuGH9VnrB4wzH6impT8JfBMGjDLvslxPFvOHeSr4XpmyBq2CX16ssuqwE"
2020-09-23T02:25:01.865198486Z  [2020-09-23T02:25:01Z INFO  dt_instance] Inserted data for source d0a71d84-b80f-4558-beac-8887750652e3.
2020-09-23T02:25:01.916732943Z  [2020-09-23T02:25:01Z INFO  dt_instance] d0a71d84-b80f-4558-beac-8887750652e3 "55 jJYFo7GG7dMj55xXstwgBTQJAKxoLhapTjm2ZqvOvQQB4SfujFcSJIJIlAOr4"
2020-09-23T02:25:01.929631384Z  [2020-09-23T02:25:01Z INFO  dt_instance] Inserted data for source d0a71d84-b80f-4558-beac-8887750652e3.
2020-09-23T02:25:01.981129056Z  [2020-09-23T02:25:01Z INFO  dt_instance] d0a71d84-b80f-4558-beac-8887750652e3 "56 2WvhNStBI5CtqoKmfi2rQ3aGKK4Fq5daOUQAntknh8APUqnQ5qFhzY4LnLERB"
2020-09-23T02:25:01.995393944Z  [2020-09-23T02:25:01Z INFO  dt_instance] Inserted data for source d0a71d84-b80f-4558-beac-8887750652e3.
2020-09-23T02:25:02.048469224Z  [2020-09-23T02:25:02Z INFO  dt_instance] d0a71d84-b80f-4558-beac-8887750652e3 "57 gh1l0Rr0ma8wwstJSLJZwrsS66p9mzTWlRq0OqYJe1KdYFwjhH3D3de66pQDu"
2020-09-23T02:25:02.063133185Z  [2020-09-23T02:25:02Z INFO  dt_instance] Inserted data for source d0a71d84-b80f-4558-beac-8887750652e3.
2020-09-23T02:25:02.116811452Z  [2020-09-23T02:25:02Z INFO  dt_instance] d0a71d84-b80f-4558-beac-8887750652e3 "58 jsZ5BCyPdikDHB2eh8B2OiksAzVFKznslmMzGkWZiXPlSlNXh3tOCKykHIQ1u"
2020-09-23T02:25:02.129774206Z  [2020-09-23T02:25:02Z INFO  dt_instance] Inserted data for source d0a71d84-b80f-4558-beac-8887750652e3.
2020-09-23T02:25:02.182012902Z  [2020-09-23T02:25:02Z INFO  dt_instance] d0a71d84-b80f-4558-beac-8887750652e3 "59 nFA12UkYUr1lTj7KDSlqQJFCWqJ3fzZXhXnzaO8cN1JY1mic3WdUtpIyLAumJ"
2020-09-23T02:25:02.196874844Z  [2020-09-23T02:25:02Z INFO  dt_instance] Inserted data for source d0a71d84-b80f-4558-beac-8887750652e3.
2020-09-23T02:25:02.250763414Z  [2020-09-23T02:25:02Z INFO  dt_instance] d0a71d84-b80f-4558-beac-8887750652e3 "60 GsuZhKq24Qs85qplnFgSoyTAVIWCK1l6baqGU8I8KyCcSQzEvzGbqgZtnt64v"
2020-09-23T02:25:02.264020943Z  [2020-09-23T02:25:02Z INFO  dt_instance] Inserted data for source d0a71d84-b80f-4558-beac-8887750652e3.
2020-09-23T02:25:02.318112102Z  [2020-09-23T02:25:02Z INFO  dt_instance] d0a71d84-b80f-4558-beac-8887750652e3 "61 uTWXMRSgr3Ws4ll84G12HoT9rzWOz0FRs1koTJsRrngqN19b77spTmXM7kU4b"
2020-09-23T02:25:02.330406511Z  [2020-09-23T02:25:02Z INFO  dt_instance] Inserted data for source d0a71d84-b80f-4558-beac-8887750652e3.
2020-09-23T02:25:02.381496444Z  [2020-09-23T02:25:02Z INFO  dt_instance] d0a71d84-b80f-4558-beac-8887750652e3 "62 JIPsy43tcyBB01k4ovye8L6CTF7Zd7ur2NzQOpO3oo9AAiSeoyZtN1fPk21l0"
2020-09-23T02:25:02.394064939Z  [2020-09-23T02:25:02Z INFO  dt_instance] Inserted data for source d0a71d84-b80f-4558-beac-8887750652e3.
2020-09-23T02:25:02.448595624Z  [2020-09-23T02:25:02Z INFO  dt_instance] d0a71d84-b80f-4558-beac-8887750652e3 "63 1mGCrGrpQTSGafYHckH2chcNH9LgKFQ6cv6Gp4dvoZRxyca2eNyE864cRiYJG"
2020-09-23T02:25:02.460569872Z  [2020-09-23T02:25:02Z INFO  dt_instance] Inserted data for source d0a71d84-b80f-4558-beac-8887750652e3.
2020-09-23T02:25:02.512557296Z  [2020-09-23T02:25:02Z INFO  dt_instance] d0a71d84-b80f-4558-beac-8887750652e3 "64 MsOE4kzs9gchqWz3FgMV7d6yuu6MwNpBm1zg5panruAQz7LSlZuNRniRl5Nh7"
2020-09-23T02:25:02.525982947Z  [2020-09-23T02:25:02Z INFO  dt_instance] Inserted data for source d0a71d84-b80f-4558-beac-8887750652e3.
2020-09-23T02:25:02.578081939Z  [2020-09-23T02:25:02Z INFO  dt_instance] d0a71d84-b80f-4558-beac-8887750652e3 "65 qKsf97srSEjAaGWtEiy4L7IgsxfM5ZwfNv7K2mhASETXN5tx2WheL9qnjne7M"
2020-09-23T02:25:02.593541366Z  [2020-09-23T02:25:02Z INFO  dt_instance] Inserted data for source d0a71d84-b80f-4558-beac-8887750652e3.
2020-09-23T02:25:02.646058542Z  [2020-09-23T02:25:02Z INFO  dt_instance] d0a71d84-b80f-4558-beac-8887750652e3 "66 6fWNQP2yb27lt8tBARieZYqs8fARewpZQJ1ldCNxlRIGoqpKaPadDZ8frx6E5"
2020-09-23T02:25:02.659893133Z  [2020-09-23T02:25:02Z INFO  dt_instance] Inserted data for source d0a71d84-b80f-4558-beac-8887750652e3.
2020-09-23T02:25:02.713237506Z  [2020-09-23T02:25:02Z INFO  dt_instance] d0a71d84-b80f-4558-beac-8887750652e3 "67 Tw4iJHUexjxb5hv40oBvnJlGOMKrLsTSItuJE6KTKOrB9PtyBdR1Pl5QyU8Tj"
2020-09-23T02:25:02.728417719Z  [2020-09-23T02:25:02Z INFO  dt_instance] Inserted data for source d0a71d84-b80f-4558-beac-8887750652e3.
2020-09-23T02:25:02.783138961Z  [2020-09-23T02:25:02Z INFO  dt_instance] d0a71d84-b80f-4558-beac-8887750652e3 "68 GAXGVt1alEIl99IEK9d0upAfiRIfgl3qB1ChVQMXZw88f9cO6whXTFYkiLVb3"
2020-09-23T02:25:02.795798236Z  [2020-09-23T02:25:02Z INFO  dt_instance] Inserted data for source d0a71d84-b80f-4558-beac-8887750652e3.
2020-09-23T02:25:02.848049256Z  [2020-09-23T02:25:02Z INFO  dt_instance] d0a71d84-b80f-4558-beac-8887750652e3 "69 SiNq3SC7UJwlVAAAR0fG437YnSNo3f7gBT1ueHegsKsPJlFM8u1f3sECemTo4"
2020-09-23T02:25:02.860986084Z  [2020-09-23T02:25:02Z INFO  dt_instance] Inserted data for source d0a71d84-b80f-4558-beac-8887750652e3.
2020-09-23T02:25:02.915415261Z  [2020-09-23T02:25:02Z INFO  dt_instance] d0a71d84-b80f-4558-beac-8887750652e3 "70 A9mtjkwCwMH27k3yWflGFq6Wj8kqZEV5YfxuyzCqgBYMlDtO8t5vK9AMRKleX"
2020-09-23T02:25:02.927247026Z  [2020-09-23T02:25:02Z INFO  dt_instance] Inserted data for source d0a71d84-b80f-4558-beac-8887750652e3.
2020-09-23T02:25:02.980980717Z  [2020-09-23T02:25:02Z INFO  dt_instance] d0a71d84-b80f-4558-beac-8887750652e3 "71 Fi6OR4oaRYNjuyZsCJ1T5UrznNt4LdgcK1AVYJQhlcb7HWrtjiueBXivLY5UY"
2020-09-23T02:25:02.994550798Z  [2020-09-23T02:25:02Z INFO  dt_instance] Inserted data for source d0a71d84-b80f-4558-beac-8887750652e3.
2020-09-23T02:25:03.047073522Z  [2020-09-23T02:25:03Z INFO  dt_instance] d0a71d84-b80f-4558-beac-8887750652e3 "72 0SzofHgjZJIqjEGPg9rld0Fk6k7gAnGsecdzNSSH0iaEspgmLQTgbfkbhyz4R"
2020-09-23T02:25:03.059984150Z  [2020-09-23T02:25:03Z INFO  dt_instance] Inserted data for source d0a71d84-b80f-4558-beac-8887750652e3.
2020-09-23T02:25:03.113421669Z  [2020-09-23T02:25:03Z INFO  dt_instance] d0a71d84-b80f-4558-beac-8887750652e3 "73 YedQl2BoJX7ChVYEP6ysvXnWnWpvm0R6a2c6SHFIY42FKYUINiLABfrlnh9SX"
2020-09-23T02:25:03.128222012Z  [2020-09-23T02:25:03Z INFO  dt_instance] Inserted data for source d0a71d84-b80f-4558-beac-8887750652e3.
2020-09-23T02:25:03.180142963Z  [2020-09-23T02:25:03Z INFO  dt_instance] d0a71d84-b80f-4558-beac-8887750652e3 "74 83UlksNYNmqXZ4NmiYAJWIdWytv7LZtW9bjtlFynV8iZhTTeBpdrVd1mayyCj"
2020-09-23T02:25:03.193690205Z  [2020-09-23T02:25:03Z INFO  dt_instance] Inserted data for source d0a71d84-b80f-4558-beac-8887750652e3.
2020-09-23T02:25:03.246152530Z  [2020-09-23T02:25:03Z INFO  dt_instance] d0a71d84-b80f-4558-beac-8887750652e3 "75 SvOAxAMDD1DVhJRXCOvH1zH8BA59LJ0Omx7xz7uhlqfKPAbWkRYTjwkhLI8rc"
2020-09-23T02:25:03.261092790Z  [2020-09-23T02:25:03Z INFO  dt_instance] Inserted data for source d0a71d84-b80f-4558-beac-8887750652e3.
2020-09-23T02:25:03.314238202Z  [2020-09-23T02:25:03Z INFO  dt_instance] d0a71d84-b80f-4558-beac-8887750652e3 "76 i2IbIituQhvWbCeVEVjXlKaaYz473i6uy2QpUhDU8oc5ViyQpKgFShlrUIxLx"
2020-09-23T02:25:03.327507384Z  [2020-09-23T02:25:03Z INFO  dt_instance] Inserted data for source d0a71d84-b80f-4558-beac-8887750652e3.
2020-09-23T02:25:03.378650501Z  [2020-09-23T02:25:03Z INFO  dt_instance] d0a71d84-b80f-4558-beac-8887750652e3 "77 f3TJ1dZr0nhsvwtbuTsouL0g3rPdHCZfWPhTmiv2rdve9xGspYFJ5cryI1KI6"
2020-09-23T02:25:03.393666368Z  [2020-09-23T02:25:03Z INFO  dt_instance] Inserted data for source d0a71d84-b80f-4558-beac-8887750652e3.
2020-09-23T02:25:03.447329697Z  [2020-09-23T02:25:03Z INFO  dt_instance] d0a71d84-b80f-4558-beac-8887750652e3 "78 iMHsdce0KklE7PuJuNhcLw3IB7mzaKaWmPKj0NsR8wmwqrswCinxGHZVku9UH"
2020-09-23T02:25:03.460226782Z  [2020-09-23T02:25:03Z INFO  dt_instance] Inserted data for source d0a71d84-b80f-4558-beac-8887750652e3.
2020-09-23T02:25:03.512772819Z  [2020-09-23T02:25:03Z INFO  dt_instance] d0a71d84-b80f-4558-beac-8887750652e3 "79 XEaThFw653VKA9BiswuKHmLX96jT7hV8winjpBckAg3TjUS4AqeVTj1QeTesS"
2020-09-23T02:25:03.526410618Z  [2020-09-23T02:25:03Z INFO  dt_instance] Inserted data for source d0a71d84-b80f-4558-beac-8887750652e3.
2020-09-23T02:25:03.577590260Z  [2020-09-23T02:25:03Z INFO  dt_instance] d0a71d84-b80f-4558-beac-8887750652e3 "80 iGd2jmNLfYEHUUDVRjd9G5GmedRyPMIFEkWmLmz33lES4nrBcEpsCEstLpBST"
2020-09-23T02:25:03.590531586Z  [2020-09-23T02:25:03Z INFO  dt_instance] Inserted data for source d0a71d84-b80f-4558-beac-8887750652e3.
2020-09-23T02:25:03.642990256Z  [2020-09-23T02:25:03Z INFO  dt_instance] d0a71d84-b80f-4558-beac-8887750652e3 "81 8WW7acS8ttlFJd3p5qeuHyf8BeVeFiBDDK6QN1ylt4uh3ByL4QYLQL5yqIdj7"
2020-09-23T02:25:03.655840700Z  [2020-09-23T02:25:03Z INFO  dt_instance] Inserted data for source d0a71d84-b80f-4558-beac-8887750652e3.
2020-09-23T02:25:03.707730191Z  [2020-09-23T02:25:03Z INFO  dt_instance] d0a71d84-b80f-4558-beac-8887750652e3 "82 Q6n0KSm5YOTekAMI3I2DeGmD1UMLVmoafDIYrhif4aqkQefgne9al3ScdHyg9"
2020-09-23T02:25:03.722830282Z  [2020-09-23T02:25:03Z INFO  dt_instance] Inserted data for source d0a71d84-b80f-4558-beac-8887750652e3.
2020-09-23T02:25:03.776444640Z  [2020-09-23T02:25:03Z INFO  dt_instance] d0a71d84-b80f-4558-beac-8887750652e3 "83 rPCGVWzOz1wV71ASm8T7IqoQskgM68JyMuBgoVYuRMSmGgcxNZXfjWtz4i1MK"
2020-09-23T02:25:03.788480851Z  [2020-09-23T02:25:03Z INFO  dt_instance] Inserted data for source d0a71d84-b80f-4558-beac-8887750652e3.
2020-09-23T02:25:03.839557790Z  [2020-09-23T02:25:03Z INFO  dt_instance] d0a71d84-b80f-4558-beac-8887750652e3 "84 hsxIB9xoWuBPbSr5xFjx30Oncu9jUhns07TXRNHtdh1j3QZzT3TyroqgQZvtQ"
2020-09-23T02:25:03.853671332Z  [2020-09-23T02:25:03Z INFO  dt_instance] Inserted data for source d0a71d84-b80f-4558-beac-8887750652e3.
2020-09-23T02:25:03.906357594Z  [2020-09-23T02:25:03Z INFO  dt_instance] d0a71d84-b80f-4558-beac-8887750652e3 "85 Hu361NxBFk1BRWzFWkz2x4i9TeIuISwXDdkJ47eTXcn1hxp3JczuOkAlnuEmA"
2020-09-23T02:25:03.919496265Z  [2020-09-23T02:25:03Z INFO  dt_instance] Inserted data for source d0a71d84-b80f-4558-beac-8887750652e3.
2020-09-23T02:25:03.973157522Z  [2020-09-23T02:25:03Z INFO  dt_instance] d0a71d84-b80f-4558-beac-8887750652e3 "86 9F3OBalJHDTe0T7FmpojnBVyp1PBYyf9aNxGWlVhHRiN5kXL7zDQF5LD2RQ6h"
2020-09-23T02:25:03.988259504Z  [2020-09-23T02:25:03Z INFO  dt_instance] Inserted data for source d0a71d84-b80f-4558-beac-8887750652e3.
2020-09-23T02:25:04.040325875Z  [2020-09-23T02:25:04Z INFO  dt_instance] d0a71d84-b80f-4558-beac-8887750652e3 "87 ewThNcIvDWJsXZRtkF3zQXmN42jR3N6WBgBVGAy4UmlwCHvXn0R78oiFAhYdY"
2020-09-23T02:25:04.053861758Z  [2020-09-23T02:25:04Z INFO  dt_instance] Inserted data for source d0a71d84-b80f-4558-beac-8887750652e3.
2020-09-23T02:25:04.107211153Z  [2020-09-23T02:25:04Z INFO  dt_instance] d0a71d84-b80f-4558-beac-8887750652e3 "88 037WgCFGCVMrf2dUrNsTS9ZhPSW4SLG4Dy3nWiJiTxRcbYI9WXkw6KkLCWHz7"
2020-09-23T02:25:04.122456112Z  [2020-09-23T02:25:04Z INFO  dt_instance] Inserted data for source d0a71d84-b80f-4558-beac-8887750652e3.
2020-09-23T02:25:04.175010252Z  [2020-09-23T02:25:04Z INFO  dt_instance] d0a71d84-b80f-4558-beac-8887750652e3 "89 3qjhy5eA83Yv8qn5V1QndzrT9BwE4xm2LwwQoClySVPnjZ4EUO6fuhugb7Ga8"
2020-09-23T02:25:04.190213482Z  [2020-09-23T02:25:04Z INFO  dt_instance] Inserted data for source d0a71d84-b80f-4558-beac-8887750652e3.
2020-09-23T02:25:04.242878999Z  [2020-09-23T02:25:04Z INFO  dt_instance] d0a71d84-b80f-4558-beac-8887750652e3 "90 VAwz3EpJ44JB2viw7KECs3c25J1VNKb9JJUvE8YL0praTfKl9V7vnkYWVMzAo"
2020-09-23T02:25:04.258088847Z  [2020-09-23T02:25:04Z INFO  dt_instance] Inserted data for source d0a71d84-b80f-4558-beac-8887750652e3.
2020-09-23T02:25:04.312211270Z  [2020-09-23T02:25:04Z INFO  dt_instance] d0a71d84-b80f-4558-beac-8887750652e3 "91 2rBUI5nzUKc6iDNCeUvmwVHyAK9Fi1ndlkVtYDTdONP851aQUkfE66Te6sjed"
2020-09-23T02:25:04.327828236Z  [2020-09-23T02:25:04Z INFO  dt_instance] Inserted data for source d0a71d84-b80f-4558-beac-8887750652e3.
2020-09-23T02:25:04.379799495Z  [2020-09-23T02:25:04Z INFO  dt_instance] d0a71d84-b80f-4558-beac-8887750652e3 "92 drO910Lvx6dsLP8irR6Sz8p7CgpYcLiadFmjkZNSwpoxpxOydig7ZOt9pgCsG"
2020-09-23T02:25:04.394772755Z  [2020-09-23T02:25:04Z INFO  dt_instance] Inserted data for source d0a71d84-b80f-4558-beac-8887750652e3.
2020-09-23T02:25:04.448626677Z  [2020-09-23T02:25:04Z INFO  dt_instance] d0a71d84-b80f-4558-beac-8887750652e3 "93 dbJj1q3nDUklsAlhvOMxFzUwxq2IxARCfvLiFs3qMj0F14iKSSty5ASGQAI92"
2020-09-23T02:25:04.463466417Z  [2020-09-23T02:25:04Z INFO  dt_instance] Inserted data for source d0a71d84-b80f-4558-beac-8887750652e3.
2020-09-23T02:25:04.514736166Z  [2020-09-23T02:25:04Z INFO  dt_instance] d0a71d84-b80f-4558-beac-8887750652e3 "94 kEw5t9gEoZNwZGboTXmeBs14WghlpX6mbcF7lTnMODEOy0tHFLngY2fU04Xmr"
2020-09-23T02:25:04.529377813Z  [2020-09-23T02:25:04Z INFO  dt_instance] Inserted data for source d0a71d84-b80f-4558-beac-8887750652e3.
2020-09-23T02:25:04.583569317Z  [2020-09-23T02:25:04Z INFO  dt_instance] d0a71d84-b80f-4558-beac-8887750652e3 "95 El32kb5kCeP60kDc72gdoYAav4EwrProFBk3FLH5mwpsA6RTuW83FUdC7Hfpl"
2020-09-23T02:25:04.598726756Z  [2020-09-23T02:25:04Z INFO  dt_instance] Inserted data for source d0a71d84-b80f-4558-beac-8887750652e3.
2020-09-23T02:25:04.650999781Z  [2020-09-23T02:25:04Z INFO  dt_instance] d0a71d84-b80f-4558-beac-8887750652e3 "96 q4ox78AEuXRmMZ4wCpLEpI5X8vUS044U2Y42qXvHCOrkJrTii7bCmMQ00Ty07"
2020-09-23T02:25:04.664482708Z  [2020-09-23T02:25:04Z INFO  dt_instance] Inserted data for source d0a71d84-b80f-4558-beac-8887750652e3.
2020-09-23T02:25:04.717498309Z  [2020-09-23T02:25:04Z INFO  dt_instance] d0a71d84-b80f-4558-beac-8887750652e3 "97 IEtLEMWE5Lgsz7NKKOEeS0g0PDb57LbyEUthtMbMaulXJTWTQF8wClL2paP7f"
2020-09-23T02:25:04.732253782Z  [2020-09-23T02:25:04Z INFO  dt_instance] Inserted data for source d0a71d84-b80f-4558-beac-8887750652e3.
2020-09-23T02:25:04.784294290Z  [2020-09-23T02:25:04Z INFO  dt_instance] d0a71d84-b80f-4558-beac-8887750652e3 "98 Qjk1dezTnpQnAXGfGcnhxgekh9godbq9Y387ihdkQFwDaY4uxSz4EoXIev2jG"
2020-09-23T02:25:04.797478785Z  [2020-09-23T02:25:04Z INFO  dt_instance] Inserted data for source d0a71d84-b80f-4558-beac-8887750652e3.
2020-09-23T02:25:04.850640472Z  [2020-09-23T02:25:04Z INFO  dt_instance] d0a71d84-b80f-4558-beac-8887750652e3 "99 BrD16cl4nErIYmZh62rWJ8epIARv0PZb25zGwBUCU30Jva8VRbxiHxhvOx7fg"
2020-09-23T02:25:04.867489838Z  [2020-09-23T02:25:04Z INFO  dt_instance] Inserted data for source d0a71d84-b80f-4558-beac-8887750652e3.
2020-09-23T02:25:04.922821628Z  [2020-09-23T02:25:04Z INFO  dt_instance] d0a71d84-b80f-4558-beac-8887750652e3 "100 7IbkLuiNFxHu2KF8G2h1h3O7DZwI1C9jBMGeHCUOALXT3Y4dlwlhqyYrTC2p"
2020-09-23T02:25:04.937965300Z  [2020-09-23T02:25:04Z INFO  dt_instance] Inserted data for source d0a71d84-b80f-4558-beac-8887750652e3.
2020-09-23T02:25:04.990269493Z  [2020-09-23T02:25:04Z INFO  dt_instance] d0a71d84-b80f-4558-beac-8887750652e3 "101 k42myzOqWi7amvK8MqGU8p94I6y6XCecFLt3OxdZ9Nl0XDUIJNZ1bPf4dX91"
2020-09-23T02:25:05.001425405Z  [2020-09-23T02:25:05Z INFO  dt_instance] Inserted data for source d0a71d84-b80f-4558-beac-8887750652e3.
2020-09-23T02:25:05.055254641Z  [2020-09-23T02:25:05Z INFO  dt_instance] d0a71d84-b80f-4558-beac-8887750652e3 "102 Nv18VkdNCpafiVDEgcdXlueJu65V7Q3Y046BP77UZaq5SGBK4L8bxAQGQlGo"
2020-09-23T02:25:05.067413180Z  [2020-09-23T02:25:05Z INFO  dt_instance] Inserted data for source d0a71d84-b80f-4558-beac-8887750652e3.
2020-09-23T02:25:05.118689242Z  [2020-09-23T02:25:05Z INFO  dt_instance] d0a71d84-b80f-4558-beac-8887750652e3 "103 USskxSuFM5VrI7SlxKtqrtbLq9mxCd5SVRlol1547RVEdZdRzY8o0PdApfiO"
2020-09-23T02:25:05.133549295Z  [2020-09-23T02:25:05Z INFO  dt_instance] Inserted data for source d0a71d84-b80f-4558-beac-8887750652e3.
2020-09-23T02:25:05.185814531Z  [2020-09-23T02:25:05Z INFO  dt_instance] d0a71d84-b80f-4558-beac-8887750652e3 "104 uLdgEdGJlVKgPOImSHkOXsUvuVn9rkfM4eEZ6tuXec4uCsSNHNiPFr0KxFFj"
2020-09-23T02:25:05.201182546Z  [2020-09-23T02:25:05Z INFO  dt_instance] Inserted data for source d0a71d84-b80f-4558-beac-8887750652e3.
2020-09-23T02:25:05.253279010Z  [2020-09-23T02:25:05Z INFO  dt_instance] d0a71d84-b80f-4558-beac-8887750652e3 "105 0vRRon4KISaRvRzAZMmtsj7QpesVwbfhTKPtB7s8S8VX8tErs2cjYs5FWeEq"
2020-09-23T02:25:05.269044636Z  [2020-09-23T02:25:05Z INFO  dt_instance] Inserted data for source d0a71d84-b80f-4558-beac-8887750652e3.
2020-09-23T02:25:05.321572129Z  [2020-09-23T02:25:05Z INFO  dt_instance] d0a71d84-b80f-4558-beac-8887750652e3 "106 Qhpoq3F2ZovNLwp9jO0CA6o8xyW7gckzohxvsyx92ZrOztgcKdC32Qw07rcK"
2020-09-23T02:25:05.335694867Z  [2020-09-23T02:25:05Z INFO  dt_instance] Inserted data for source d0a71d84-b80f-4558-beac-8887750652e3.
2020-09-23T02:25:05.388065518Z  [2020-09-23T02:25:05Z INFO  dt_instance] d0a71d84-b80f-4558-beac-8887750652e3 "107 iLYkqRrwvxPRIhnuy9E9M1GgP5K5hRfqkKtohsFamvm8He9DkhKexGViOdQW"
2020-09-23T02:25:05.401799739Z  [2020-09-23T02:25:05Z INFO  dt_instance] Inserted data for source d0a71d84-b80f-4558-beac-8887750652e3.
2020-09-23T02:25:05.455917231Z  [2020-09-23T02:25:05Z INFO  dt_instance] d0a71d84-b80f-4558-beac-8887750652e3 "108 SeKCIaXNHTckO1hyGMXWqruyXwUJL4A5yoCk0OvzJdiZEbbPBYweKceGW8gK"
2020-09-23T02:25:05.468981207Z  [2020-09-23T02:25:05Z INFO  dt_instance] Inserted data for source d0a71d84-b80f-4558-beac-8887750652e3.
2020-09-23T02:25:05.521841668Z  [2020-09-23T02:25:05Z INFO  dt_instance] d0a71d84-b80f-4558-beac-8887750652e3 "109 rxsIdj9JTdvgiYb9oQp57KE4D7WXvHDRrnmJnCk3JtPwmOMFK31Atu4x8qjc"
2020-09-23T02:25:05.535558533Z  [2020-09-23T02:25:05Z INFO  dt_instance] Inserted data for source d0a71d84-b80f-4558-beac-8887750652e3.
2020-09-23T02:25:05.587774840Z  [2020-09-23T02:25:05Z INFO  dt_instance] d0a71d84-b80f-4558-beac-8887750652e3 "110 ffOlqTTV6Oc030OSb06D2DtVLb2Ml3wDe7ZeRuHD5XUsSRxZLfnjGzl7s5RN"
2020-09-23T02:25:05.600444928Z  [2020-09-23T02:25:05Z INFO  dt_instance] Inserted data for source d0a71d84-b80f-4558-beac-8887750652e3.
2020-09-23T02:25:05.653063269Z  [2020-09-23T02:25:05Z INFO  dt_instance] d0a71d84-b80f-4558-beac-8887750652e3 "111 OMXAyfFv4jKGgVgSQNapWh4vt5iNNybzHUJxMIAIjNxNNBDHba3prhgkCCgn"
2020-09-23T02:25:05.666391186Z  [2020-09-23T02:25:05Z INFO  dt_instance] Inserted data for source d0a71d84-b80f-4558-beac-8887750652e3.
2020-09-23T02:25:05.719860282Z  [2020-09-23T02:25:05Z INFO  dt_instance] d0a71d84-b80f-4558-beac-8887750652e3 "112 R4hrJ1EdaBVR7qXGFPcq2bhRbNzKy1hS9ATCzl2560bts766d7ua8p29ygxQ"
2020-09-23T02:25:05.733476509Z  [2020-09-23T02:25:05Z INFO  dt_instance] Inserted data for source d0a71d84-b80f-4558-beac-8887750652e3.
2020-09-23T02:25:05.787085308Z  [2020-09-23T02:25:05Z INFO  dt_instance] d0a71d84-b80f-4558-beac-8887750652e3 "113 vHZeI9mR7VETeNOQzBCnqQmy1IhSBvkNG9KIyd5qEYeO95HLfu8f78YXwcmK"
2020-09-23T02:25:05.799817386Z  [2020-09-23T02:25:05Z INFO  dt_instance] Inserted data for source d0a71d84-b80f-4558-beac-8887750652e3.
2020-09-23T02:25:05.852117211Z  [2020-09-23T02:25:05Z INFO  dt_instance] d0a71d84-b80f-4558-beac-8887750652e3 "114 0DIhVLMzS00ZNF6PgZYks4ZcEBm8nbxN07uKKvbQeMVLhpdR9NKubEirxidc"
2020-09-23T02:25:05.867837611Z  [2020-09-23T02:25:05Z INFO  dt_instance] Inserted data for source d0a71d84-b80f-4558-beac-8887750652e3.
2020-09-23T02:25:05.917375605Z  [2020-09-23T02:25:05Z INFO  dt_instance] d0a71d84-b80f-4558-beac-8887750652e3 "115 YesCPm42BNJ0P7iS52tlrhzv0SPxbZVWBjwMiwvYm8WQ5P3ZriT1byw3Fvip"
2020-09-23T02:25:05.932319684Z  [2020-09-23T02:25:05Z INFO  dt_instance] Inserted data for source d0a71d84-b80f-4558-beac-8887750652e3.
2020-09-23T02:25:05.985784402Z  [2020-09-23T02:25:05Z INFO  dt_instance] d0a71d84-b80f-4558-beac-8887750652e3 "116 t64nMx3wgXgFUyWlfo59GLVip6fZM4ES9ekwi3v8AkaYdN0fg1btCCH4DqS0"
2020-09-23T02:25:06.002133049Z  [2020-09-23T02:25:06Z INFO  dt_instance] Inserted data for source d0a71d84-b80f-4558-beac-8887750652e3.
2020-09-23T02:25:06.055821449Z  [2020-09-23T02:25:06Z INFO  dt_instance] d0a71d84-b80f-4558-beac-8887750652e3 "117 HgM7cKmK8kCjy8hPoGeGINKqpwzH1t9UV20lk0vKGpqRH2qvE43Xmayteq21"
2020-09-23T02:25:06.064895205Z  [2020-09-23T02:25:06Z INFO  dt_instance] Inserted data for source d0a71d84-b80f-4558-beac-8887750652e3.
2020-09-23T02:25:06.117558681Z  [2020-09-23T02:25:06Z INFO  dt_instance] d0a71d84-b80f-4558-beac-8887750652e3 "118 dkGmTXt92FFBcGej7fouxsrqdSLrxAQ8QFXRfBACy1YLu60mEkgNV0GC7qwc"
2020-09-23T02:25:06.127864723Z  [2020-09-23T02:25:06Z INFO  dt_instance] Inserted data for source d0a71d84-b80f-4558-beac-8887750652e3.
2020-09-23T02:25:06.180161868Z  [2020-09-23T02:25:06Z INFO  dt_instance] d0a71d84-b80f-4558-beac-8887750652e3 "119 c0CA84elYxsYiCXNotrk1roBJ6xLCswEYZvbMD9T92Ru5vtQ4o3EZMrLYXXH"
2020-09-23T02:25:06.192984587Z  [2020-09-23T02:25:06Z INFO  dt_instance] Inserted data for source d0a71d84-b80f-4558-beac-8887750652e3.
2020-09-23T02:25:06.245100231Z  [2020-09-23T02:25:06Z INFO  dt_instance] d0a71d84-b80f-4558-beac-8887750652e3 "120 XNPx07fb0yysNoPR5SfBv5e3OMkwTIk5x4KyOvYBJbWwdWW64g1ge99AcyjM"
2020-09-23T02:25:06.259667264Z  [2020-09-23T02:25:06Z INFO  dt_instance] Inserted data for source d0a71d84-b80f-4558-beac-8887750652e3.
2020-09-23T02:25:06.311813356Z  [2020-09-23T02:25:06Z INFO  dt_instance] d0a71d84-b80f-4558-beac-8887750652e3 "121 2MYEq8zjww2EsXEl4ACOJGUDm52pWjqti0AjB2ilpzr3tzztNATSQ8C5MV5A"
2020-09-23T02:25:06.324856111Z  [2020-09-23T02:25:06Z INFO  dt_instance] Inserted data for source d0a71d84-b80f-4558-beac-8887750652e3.
2020-09-23T02:25:06.380703608Z  [2020-09-23T02:25:06Z INFO  dt_instance] d0a71d84-b80f-4558-beac-8887750652e3 "122 NeUh54bmjDpe23wvC5BW7LcVbUbzrUFE85vhuFG1I67MUGXttl6ugk7brqgI"
2020-09-23T02:25:06.394208219Z  [2020-09-23T02:25:06Z INFO  dt_instance] Inserted data for source d0a71d84-b80f-4558-beac-8887750652e3.
2020-09-23T02:25:06.449481507Z  [2020-09-23T02:25:06Z INFO  dt_instance] d0a71d84-b80f-4558-beac-8887750652e3 "123 8kLtHwJZwt5ld2Zp2ORcKxa20c6OKnhLasHuC8gI7zBQbGgjiTxLxyOsrIAl"
2020-09-23T02:25:06.462683069Z  [2020-09-23T02:25:06Z INFO  dt_instance] Inserted data for source d0a71d84-b80f-4558-beac-8887750652e3.
2020-09-23T02:25:06.514935986Z  [2020-09-23T02:25:06Z INFO  dt_instance] d0a71d84-b80f-4558-beac-8887750652e3 "124 suv1F7obhWdH6Hez7rUJRnluSGiYf8EsiP05yEEZ83yuiYysKny89eXj3qzt"
2020-09-23T02:25:06.527798559Z  [2020-09-23T02:25:06Z INFO  dt_instance] Inserted data for source d0a71d84-b80f-4558-beac-8887750652e3.
2020-09-23T02:25:06.581372137Z  [2020-09-23T02:25:06Z INFO  dt_instance] d0a71d84-b80f-4558-beac-8887750652e3 "125 Yvcp7CpOki9UDXgpALKW24hdo6JCrM6WDPC91LNLWgkg3pEPKNyrqfg6mzNc"
2020-09-23T02:25:06.597255866Z  [2020-09-23T02:25:06Z INFO  dt_instance] Inserted data for source d0a71d84-b80f-4558-beac-8887750652e3.
2020-09-23T02:25:06.649309203Z  [2020-09-23T02:25:06Z INFO  dt_instance] d0a71d84-b80f-4558-beac-8887750652e3 "126 WfOnkfihFa1Ng90kjkzFjmNTxW6K9vVzL9LKHEZjNKCRei5YTi2GZ2j5rkUx"
2020-09-23T02:25:06.662939154Z  [2020-09-23T02:25:06Z INFO  dt_instance] Inserted data for source d0a71d84-b80f-4558-beac-8887750652e3.
2020-09-23T02:25:06.715730300Z  [2020-09-23T02:25:06Z INFO  dt_instance] d0a71d84-b80f-4558-beac-8887750652e3 "127 3vsxJ0rvbqcINkfivZkwlER1hE3qzS3cu3HIB7lD64iIGds4dEfAMBk1LtIf"
2020-09-23T02:25:06.728625481Z  [2020-09-23T02:25:06Z INFO  dt_instance] Inserted data for source d0a71d84-b80f-4558-beac-8887750652e3.
2020-09-23T02:25:06.779623675Z  [2020-09-23T02:25:06Z INFO  dt_instance] d0a71d84-b80f-4558-beac-8887750652e3 "128 KHP3Amc03zs2LJgFtNnniLD303KUDRldra5ltpIh7N2A9M5xGghl1OIoeBXt"
2020-09-23T02:25:06.794016038Z  [2020-09-23T02:25:06Z INFO  dt_instance] Inserted data for source d0a71d84-b80f-4558-beac-8887750652e3.
2020-09-23T02:25:06.846355798Z  [2020-09-23T02:25:06Z INFO  dt_instance] d0a71d84-b80f-4558-beac-8887750652e3 "129 noph7jMmCGTCYQpwfpUQR0dB82onSUvONLbriQ4731y34aZrhURUovuFxZxq"
2020-09-23T02:25:06.860199064Z  [2020-09-23T02:25:06Z INFO  dt_instance] Inserted data for source d0a71d84-b80f-4558-beac-8887750652e3.
2020-09-23T02:25:06.913283829Z  [2020-09-23T02:25:06Z INFO  dt_instance] d0a71d84-b80f-4558-beac-8887750652e3 "130 luu3awSko26rn3L0fmVBWWoIbIJK428dXiCfqw79ZanLc2o7Bj2djVLAPFzI"
2020-09-23T02:25:06.929745677Z  [2020-09-23T02:25:06Z INFO  dt_instance] Inserted data for source d0a71d84-b80f-4558-beac-8887750652e3.
2020-09-23T02:25:06.982971354Z  [2020-09-23T02:25:06Z INFO  dt_instance] d0a71d84-b80f-4558-beac-8887750652e3 "131 reL59CEm9FnNf8gPl0cWA4cgjsMwA02BeKNflimQ9hpKZThff5ECpkf6ynIJ"
2020-09-23T02:25:06.995817135Z  [2020-09-23T02:25:06Z INFO  dt_instance] Inserted data for source d0a71d84-b80f-4558-beac-8887750652e3.
2020-09-23T02:25:07.048395842Z  [2020-09-23T02:25:07Z INFO  dt_instance] d0a71d84-b80f-4558-beac-8887750652e3 "132 IecuUV757LyjfWsbiCRGMPDNYVXvtnIAaRsrJsDDYcg8afc8niR9HJGd5LRO"
2020-09-23T02:25:07.062687293Z  [2020-09-23T02:25:07Z INFO  dt_instance] Inserted data for source d0a71d84-b80f-4558-beac-8887750652e3.
2020-09-23T02:25:07.115074601Z  [2020-09-23T02:25:07Z INFO  dt_instance] d0a71d84-b80f-4558-beac-8887750652e3 "133 f2EtQJFY9I9l4nCKpkas9fTXQyhiAEAfuvSaZUnCjS0BHvlbefCioUoJBTAz"
2020-09-23T02:25:07.126647629Z  [2020-09-23T02:25:07Z INFO  dt_instance] Inserted data for source d0a71d84-b80f-4558-beac-8887750652e3.
2020-09-23T02:25:07.180052487Z  [2020-09-23T02:25:07Z INFO  dt_instance] d0a71d84-b80f-4558-beac-8887750652e3 "134 EtN2mOtRpoeaZhYxOkDQKyugZBldced7pMr4A9SnCRPmclTGII2MY1PDurUB"
2020-09-23T02:25:07.195091040Z  [2020-09-23T02:25:07Z INFO  dt_instance] Inserted data for source d0a71d84-b80f-4558-beac-8887750652e3.
2020-09-23T02:25:07.248293840Z  [2020-09-23T02:25:07Z INFO  dt_instance] d0a71d84-b80f-4558-beac-8887750652e3 "135 S1FMgrTW9NbhmNEOsM9Gg9NUTqGq8tUDUVNwpU7q9FxTt85CBf9lMnFdrKxq"
2020-09-23T02:25:07.260729919Z  [2020-09-23T02:25:07Z INFO  dt_instance] Inserted data for source d0a71d84-b80f-4558-beac-8887750652e3.
2020-09-23T02:25:07.312726786Z  [2020-09-23T02:25:07Z INFO  dt_instance] d0a71d84-b80f-4558-beac-8887750652e3 "136 7UFer3jWzDN3Sqfq1tg6kfSlOWJcair50C3LGuzJZp0VA8Sjo12yIbDeLfxy"
2020-09-23T02:25:07.326982066Z  [2020-09-23T02:25:07Z INFO  dt_instance] Inserted data for source d0a71d84-b80f-4558-beac-8887750652e3.
2020-09-23T02:25:07.379104498Z  [2020-09-23T02:25:07Z INFO  dt_instance] d0a71d84-b80f-4558-beac-8887750652e3 "137 Eev2xTEDtatt7Hjw7PfpTxrvbFK7Q2rlNwBnRnGHKt64qhvpeXrBOTEt9gBZ"
2020-09-23T02:25:07.392161447Z  [2020-09-23T02:25:07Z INFO  dt_instance] Inserted data for source d0a71d84-b80f-4558-beac-8887750652e3.
2020-09-23T02:25:07.444241266Z  [2020-09-23T02:25:07Z INFO  dt_instance] d0a71d84-b80f-4558-beac-8887750652e3 "138 7eJPORB69rgwLCsvXBG13W8x7AFYoyhPNlLHys0rTI95iEYZqot4p3s1uEni"
2020-09-23T02:25:07.459787164Z  [2020-09-23T02:25:07Z INFO  dt_instance] Inserted data for source d0a71d84-b80f-4558-beac-8887750652e3.
2020-09-23T02:25:07.513641680Z  [2020-09-23T02:25:07Z INFO  dt_instance] d0a71d84-b80f-4558-beac-8887750652e3 "139 0oyH3oKibfpGs0mp6ZZU8zwOyWzxuXO10Nr9h6u4JjH9LhbnyqzuzYTuO3cH"
2020-09-23T02:25:07.525766762Z  [2020-09-23T02:25:07Z INFO  dt_instance] Inserted data for source d0a71d84-b80f-4558-beac-8887750652e3.
2020-09-23T02:25:07.577898180Z  [2020-09-23T02:25:07Z INFO  dt_instance] d0a71d84-b80f-4558-beac-8887750652e3 "140 olNJOItJ5J5emyWid8NAHuxEEuvgzvgKuUyV8hqJwLfhkgPKML7KVXkBVPEB"
2020-09-23T02:25:07.591885251Z  [2020-09-23T02:25:07Z INFO  dt_instance] Inserted data for source d0a71d84-b80f-4558-beac-8887750652e3.
2020-09-23T02:25:07.644087832Z  [2020-09-23T02:25:07Z INFO  dt_instance] d0a71d84-b80f-4558-beac-8887750652e3 "141 v5WebQlSdmgN5TCvpvwC5tyEl6UPP6dmoWDWW7HtkDiiKTHZS95x0GVPT8in"
2020-09-23T02:25:07.658252440Z  [2020-09-23T02:25:07Z INFO  dt_instance] Inserted data for source d0a71d84-b80f-4558-beac-8887750652e3.
2020-09-23T02:25:07.712369774Z  [2020-09-23T02:25:07Z INFO  dt_instance] d0a71d84-b80f-4558-beac-8887750652e3 "142 8RtL5osCygPrL4juwty1GRPmu07kTOKQGIPz9WoSZ5SM1HBXrP0fdA8YxMFb"
2020-09-23T02:25:07.727476553Z  [2020-09-23T02:25:07Z INFO  dt_instance] Inserted data for source d0a71d84-b80f-4558-beac-8887750652e3.
2020-09-23T02:25:07.781421551Z  [2020-09-23T02:25:07Z INFO  dt_instance] d0a71d84-b80f-4558-beac-8887750652e3 "143 29bmA42LBj2Eg30Jq5IAuST9qfWwvHoAERcZznPpoBPuVRqhSClpSt9TGQch"
2020-09-23T02:25:07.793709918Z  [2020-09-23T02:25:07Z INFO  dt_instance] Inserted data for source d0a71d84-b80f-4558-beac-8887750652e3.
2020-09-23T02:25:07.846896780Z  [2020-09-23T02:25:07Z INFO  dt_instance] d0a71d84-b80f-4558-beac-8887750652e3 "144 Cc0cfTE8vBq9XTLiFuLJUylMjUBwVCh5PQmBDKozKhaKuyy6PVc7ApKG16o6"
2020-09-23T02:25:07.860105081Z  [2020-09-23T02:25:07Z INFO  dt_instance] Inserted data for source d0a71d84-b80f-4558-beac-8887750652e3.
2020-09-23T02:25:07.912096984Z  [2020-09-23T02:25:07Z INFO  dt_instance] d0a71d84-b80f-4558-beac-8887750652e3 "145 hoyVVEwlbsU07OrxwQ0qZsX1xioDtmC2glmHht6NR0AeF5NYQhIbr3S9RmOW"
2020-09-23T02:25:07.926252048Z  [2020-09-23T02:25:07Z INFO  dt_instance] Inserted data for source d0a71d84-b80f-4558-beac-8887750652e3.
2020-09-23T02:25:07.978643820Z  [2020-09-23T02:25:07Z INFO  dt_instance] d0a71d84-b80f-4558-beac-8887750652e3 "152 KhLaLsVX59uy7GcJhngvSatohmTxQJjKDzGc7W0UMr5xgIYUIpiKfYmOhVoL"
2020-09-23T02:25:07.993982024Z  [2020-09-23T02:25:07Z INFO  dt_instance] Inserted data for source d0a71d84-b80f-4558-beac-8887750652e3.
2020-09-23T02:25:08.045866104Z  [2020-09-23T02:25:08Z INFO  dt_instance] d0a71d84-b80f-4558-beac-8887750652e3 "153 l0HnyI2gwnSL43Z9M2ifzpzxeIpdtDFSUGFbMQebDoauIEd95HM9Kx608SAZ"
2020-09-23T02:25:08.062006595Z  [2020-09-23T02:25:08Z INFO  dt_instance] Inserted data for source d0a71d84-b80f-4558-beac-8887750652e3.
2020-09-23T02:25:08.114004344Z  [2020-09-23T02:25:08Z INFO  dt_instance] d0a71d84-b80f-4558-beac-8887750652e3 "154 FDgh08ltPiY93gis9yMS9TRPxBe0m1ns0bXVSXhIcCv3HPIboAPOjOFbu4rd"
2020-09-23T02:25:08.129680185Z  [2020-09-23T02:25:08Z INFO  dt_instance] Inserted data for source d0a71d84-b80f-4558-beac-8887750652e3.
2020-09-23T02:25:08.182089941Z  [2020-09-23T02:25:08Z INFO  dt_instance] d0a71d84-b80f-4558-beac-8887750652e3 "155 OrPvavaH1IJ7o60NhYYJglLxjGJCeIvu9WWJxzRjmBGkBYbGL1tomMxQELNk"
2020-09-23T02:25:08.195583253Z  [2020-09-23T02:25:08Z INFO  dt_instance] Inserted data for source d0a71d84-b80f-4558-beac-8887750652e3.
2020-09-23T02:25:08.248070310Z  [2020-09-23T02:25:08Z INFO  dt_instance] d0a71d84-b80f-4558-beac-8887750652e3 "156 jU9bmDEGytPhIxJtFv5oTjFOGd3hkQwD63Rb4Tmsp5awX0lhVz9mIzTEnhAR"
2020-09-23T02:25:08.263055449Z  [2020-09-23T02:25:08Z INFO  dt_instance] Inserted data for source d0a71d84-b80f-4558-beac-8887750652e3.
2020-09-23T02:25:08.317723862Z  [2020-09-23T02:25:08Z INFO  dt_instance] d0a71d84-b80f-4558-beac-8887750652e3 "157 KsyeYDy7aEtalEizPm7x7g9m2W7coX71UxymXjWoKOpKody7dqraWTLP43mC"
2020-09-23T02:25:08.332150754Z  [2020-09-23T02:25:08Z INFO  dt_instance] Inserted data for source d0a71d84-b80f-4558-beac-8887750652e3.
2020-09-23T02:25:08.385699000Z  [2020-09-23T02:25:08Z INFO  dt_instance] d0a71d84-b80f-4558-beac-8887750652e3 "158 bwudzCtDnfkXmjmMmv07SUHGmehO2qSSIdJrZfeHZ5IKRGSxHrEzqYEpSpEi"
2020-09-23T02:25:08.399918528Z  [2020-09-23T02:25:08Z INFO  dt_instance] Inserted data for source d0a71d84-b80f-4558-beac-8887750652e3.
2020-09-23T02:25:08.452310666Z  [2020-09-23T02:25:08Z INFO  dt_instance] d0a71d84-b80f-4558-beac-8887750652e3 "159 3xqAFIpmjmMIuNML0vYq633QvfM9ViqpmeJeMqOhzQyI54qptozGlN9VUwLn"
2020-09-23T02:25:08.467128591Z  [2020-09-23T02:25:08Z INFO  dt_instance] Inserted data for source d0a71d84-b80f-4558-beac-8887750652e3.
2020-09-23T02:25:08.519330500Z  [2020-09-23T02:25:08Z INFO  dt_instance] d0a71d84-b80f-4558-beac-8887750652e3 "160 AEKgmsFSDiabYb0WRRX7jG07YaJduOVmW9HDHgpBWbKkGheeZa1eAyhwl6pu"
2020-09-23T02:25:08.534283670Z  [2020-09-23T02:25:08Z INFO  dt_instance] Inserted data for source d0a71d84-b80f-4558-beac-8887750652e3.
2020-09-23T02:25:08.587959122Z  [2020-09-23T02:25:08Z INFO  dt_instance] d0a71d84-b80f-4558-beac-8887750652e3 "161 1MRSL3V6j8LKrxfnsUnTtwjlPASvqEL7SLTtSXY1IyCEA3PcE224Q0rP3ups"
2020-09-23T02:25:08.603074163Z  [2020-09-23T02:25:08Z INFO  dt_instance] Inserted data for source d0a71d84-b80f-4558-beac-8887750652e3.
2020-09-23T02:25:08.655557671Z  [2020-09-23T02:25:08Z INFO  dt_instance] d0a71d84-b80f-4558-beac-8887750652e3 "212 OZXDorDSdy4va7vZv03F2fxERD4xV09h5dW1ql30WsvI9m7Wynle6nbZaIsm"
2020-09-23T02:25:08.669713433Z  [2020-09-23T02:25:08Z INFO  dt_instance] Inserted data for source d0a71d84-b80f-4558-beac-8887750652e3.
2020-09-23T02:25:08.722134392Z  [2020-09-23T02:25:08Z INFO  dt_instance] d0a71d84-b80f-4558-beac-8887750652e3 "213 bJxyJx62xd5FVuwi76ttw7x11PEoec13o5paDHN9csU24k2CsG5xj5WbOZAB"
2020-09-23T02:25:08.736508561Z  [2020-09-23T02:25:08Z INFO  dt_instance] Inserted data for source d0a71d84-b80f-4558-beac-8887750652e3.
2020-09-23T02:25:08.790983589Z  [2020-09-23T02:25:08Z INFO  dt_instance] d0a71d84-b80f-4558-beac-8887750652e3 "214 de76GKVqW08Pw1Zl53sfnjqsoNUAx78qGxgMzd3R2PjWPprNpeGccxeImtmN"
2020-09-23T02:25:08.803523999Z  [2020-09-23T02:25:08Z INFO  dt_instance] Inserted data for source d0a71d84-b80f-4558-beac-8887750652e3.
2020-09-23T02:25:08.854648032Z  [2020-09-23T02:25:08Z INFO  dt_instance] d0a71d84-b80f-4558-beac-8887750652e3 "215 3fNh0qF0Hs8kf7DR1LtFXCRTJMS9i8Tn5LsdxTBNToyspTEvxOasejZx6FvU"
2020-09-23T02:25:08.867635509Z  [2020-09-23T02:25:08Z INFO  dt_instance] Inserted data for source d0a71d84-b80f-4558-beac-8887750652e3.
2020-09-23T02:25:08.921232025Z  [2020-09-23T02:25:08Z INFO  dt_instance] d0a71d84-b80f-4558-beac-8887750652e3 "216 2PGZuQ53ByNzIi7vC48sYV2AyNB8JBdk3rYfvTAH1a6bDFEo3hHcTMXbkIVA"
2020-09-23T02:25:08.934443417Z  [2020-09-23T02:25:08Z INFO  dt_instance] Inserted data for source d0a71d84-b80f-4558-beac-8887750652e3.
2020-09-23T02:25:08.988119534Z  [2020-09-23T02:25:08Z INFO  dt_instance] d0a71d84-b80f-4558-beac-8887750652e3 "217 7F0CQKNHw4W8cVmGg3LWoA7iqVrjuNb66t4SJv1q4sg5fHdJMNV9NXQx6PHc"
2020-09-23T02:25:09.001313438Z  [2020-09-23T02:25:09Z INFO  dt_instance] Inserted data for source d0a71d84-b80f-4558-beac-8887750652e3.
2020-09-23T02:25:09.054707597Z  [2020-09-23T02:25:09Z INFO  dt_instance] d0a71d84-b80f-4558-beac-8887750652e3 "218 IMciMFHszabSaPRAtcHaMKQIav8F3Gbk6gaEr9LteldYbY0iA31yR4Nhzbu1"
2020-09-23T02:25:09.067393534Z  [2020-09-23T02:25:09Z INFO  dt_instance] Inserted data for source d0a71d84-b80f-4558-beac-8887750652e3.
2020-09-23T02:25:09.119578279Z  [2020-09-23T02:25:09Z INFO  dt_instance] d0a71d84-b80f-4558-beac-8887750652e3 "219 Z12RRLQ3GogCJPz1FbgHwYVoRpl9xFxNjDXzAAyassEN4ys7VnVSVaxkUnrn"
2020-09-23T02:25:09.134895355Z  [2020-09-23T02:25:09Z INFO  dt_instance] Inserted data for source d0a71d84-b80f-4558-beac-8887750652e3.
2020-09-23T02:25:09.188522720Z  [2020-09-23T02:25:09Z INFO  dt_instance] d0a71d84-b80f-4558-beac-8887750652e3 "220 AhQcDNdQ4Szb1xJZXrsGTmvXAK6IOTHkBByYk1PiWzQfhrUJWIYDb46svry4"
2020-09-23T02:25:09.201785046Z  [2020-09-23T02:25:09Z INFO  dt_instance] Inserted data for source d0a71d84-b80f-4558-beac-8887750652e3.
2020-09-23T02:25:09.254015229Z  [2020-09-23T02:25:09Z INFO  dt_instance] d0a71d84-b80f-4558-beac-8887750652e3 "221 lCt66fw15Q36I5zt47MLF7U0gLnU3mLfMg1nBoBLHJwvWP7UieY8vEaj1WaC"
2020-09-23T02:25:09.268408074Z  [2020-09-23T02:25:09Z INFO  dt_instance] Inserted data for source d0a71d84-b80f-4558-beac-8887750652e3.
2020-09-23T02:25:09.320413247Z  [2020-09-23T02:25:09Z INFO  dt_instance] d0a71d84-b80f-4558-beac-8887750652e3 "271 Z0JT1Wxh6WlHku192W15f1iHOB3AppJBvGUizPmYPPQxc01LAb1tN91QuxPK"
2020-09-23T02:25:09.336050687Z  [2020-09-23T02:25:09Z INFO  dt_instance] Inserted data for source d0a71d84-b80f-4558-beac-8887750652e3.
2020-09-23T02:25:09.388159483Z  [2020-09-23T02:25:09Z INFO  dt_instance] d0a71d84-b80f-4558-beac-8887750652e3 "272 TCT8ECXxa9F9tVA5cAcf02xjBwD8sTSnuuwpSOmnbr1MxIGWxufplLzCoHJ3"
2020-09-23T02:25:09.402891479Z  [2020-09-23T02:25:09Z INFO  dt_instance] Inserted data for source d0a71d84-b80f-4558-beac-8887750652e3.
2020-09-23T02:25:09.455407876Z  [2020-09-23T02:25:09Z INFO  dt_instance] d0a71d84-b80f-4558-beac-8887750652e3 "273 vNqtgdBl64fisNPyM0KiMdVIGQXOHfbx1Q8lEk9RmWpVwreLCIDn7RocKGQG"
2020-09-23T02:25:09.469352762Z  [2020-09-23T02:25:09Z INFO  dt_instance] Inserted data for source d0a71d84-b80f-4558-beac-8887750652e3.
2020-09-23T02:25:09.521408750Z  [2020-09-23T02:25:09Z INFO  dt_instance] d0a71d84-b80f-4558-beac-8887750652e3 "274 jjKnTyDlgjnClAFVycoxWedh9IgP82dPrXrq9qnQRTxb04crsUctgjsSXCcI"
2020-09-23T02:25:09.536704557Z  [2020-09-23T02:25:09Z INFO  dt_instance] Inserted data for source d0a71d84-b80f-4558-beac-8887750652e3.
2020-09-23T02:25:09.588894248Z  [2020-09-23T02:25:09Z INFO  dt_instance] d0a71d84-b80f-4558-beac-8887750652e3 "275 lw9wPUcmVnZstZVpMVkhjsaYLhggs7x9pbdZmFeAAo0oozC8NswD8l0BCscZ"
2020-09-23T02:25:09.604975069Z  [2020-09-23T02:25:09Z INFO  dt_instance] Inserted data for source d0a71d84-b80f-4558-beac-8887750652e3.
2020-09-23T02:25:09.657287202Z  [2020-09-23T02:25:09Z INFO  dt_instance] d0a71d84-b80f-4558-beac-8887750652e3 "276 QFyJj2RM2b37BRP15QxueNxUZcNqofclpIQSMz3vdneiwkmyk6aVWUmnvDSJ"
2020-09-23T02:25:09.669917532Z  [2020-09-23T02:25:09Z INFO  dt_instance] Inserted data for source d0a71d84-b80f-4558-beac-8887750652e3.
2020-09-23T02:25:09.721982610Z  [2020-09-23T02:25:09Z INFO  dt_instance] d0a71d84-b80f-4558-beac-8887750652e3 "277 RkYLsa7bOTLuuCYFX59S709jKJKWDKHzCOnyX1EF0EGosNhJDJgQckZjaOx2"
2020-09-23T02:25:09.737332161Z  [2020-09-23T02:25:09Z INFO  dt_instance] Inserted data for source d0a71d84-b80f-4558-beac-8887750652e3.
2020-09-23T02:25:09.788480180Z  [2020-09-23T02:25:09Z INFO  dt_instance] d0a71d84-b80f-4558-beac-8887750652e3 "278 2P5JJ0Fk2SJ6WGWKWsPKk5evU13hYbY0ErQC0fHjtrxdqSFoX9ZQ8V6rTNF2"
2020-09-23T02:25:09.798324569Z  [2020-09-23T02:25:09Z INFO  dt_instance] Inserted data for source d0a71d84-b80f-4558-beac-8887750652e3.
2020-09-23T02:25:09.850877010Z  [2020-09-23T02:25:09Z INFO  dt_instance] d0a71d84-b80f-4558-beac-8887750652e3 "279 h4cLkaFK4M09JEGsxUWWnE2K8LBY4xQOSjWEDkWUoIx5O1wlxHtcOFHRtfSD"
2020-09-23T02:25:09.862977342Z  [2020-09-23T02:25:09Z INFO  dt_instance] Inserted data for source d0a71d84-b80f-4558-beac-8887750652e3.
2020-09-23T02:25:09.915194567Z  [2020-09-23T02:25:09Z INFO  dt_instance] d0a71d84-b80f-4558-beac-8887750652e3 "280 IaQke47hg7oxkqhejBKJRMPSMRwzMRwdx30LlALmEP2sgnbdIUfDkwMr7PIf"
2020-09-23T02:25:09.927611178Z  [2020-09-23T02:25:09Z INFO  dt_instance] Inserted data for source d0a71d84-b80f-4558-beac-8887750652e3.
2020-09-23T02:25:09.979930447Z  [2020-09-23T02:25:09Z INFO  dt_instance] d0a71d84-b80f-4558-beac-8887750652e3 "330 YBVpH8JQhObvDGZ0OvY1f2OVAXzP06UwfT2oqXLqpoNA8EoUj93O6jfqkxr4"
2020-09-23T02:25:09.993096311Z  [2020-09-23T02:25:09Z INFO  dt_instance] Inserted data for source d0a71d84-b80f-4558-beac-8887750652e3.
2020-09-23T02:25:10.047152659Z  [2020-09-23T02:25:10Z INFO  dt_instance] d0a71d84-b80f-4558-beac-8887750652e3 "331 SlM8JvI4H0KUevYeY6lSw0qKD0oYqWMDbDIPbHVUGjokjmNcFi6GJmuHKbei"
2020-09-23T02:25:10.060173435Z  [2020-09-23T02:25:10Z INFO  dt_instance] Inserted data for source d0a71d84-b80f-4558-beac-8887750652e3.
2020-09-23T02:25:10.112458310Z  [2020-09-23T02:25:10Z INFO  dt_instance] d0a71d84-b80f-4558-beac-8887750652e3 "332 M444nzHKCl8iaAp2SKT8HHIXpVowacHmnpSChmrjRR1HoAJKNc3j3YEsJwet"
2020-09-23T02:25:10.126563704Z  [2020-09-23T02:25:10Z INFO  dt_instance] Inserted data for source d0a71d84-b80f-4558-beac-8887750652e3.
2020-09-23T02:25:10.178901231Z  [2020-09-23T02:25:10Z INFO  dt_instance] d0a71d84-b80f-4558-beac-8887750652e3 "333 nE9hfIm5JpE9rYFwxN9ZwkRfNBDa1awaeE1VCJcG5MMy7pcWcxYbG2EKJrS9"
2020-09-23T02:25:10.192955161Z  [2020-09-23T02:25:10Z INFO  dt_instance] Inserted data for source d0a71d84-b80f-4558-beac-8887750652e3.
2020-09-23T02:25:10.246928728Z  [2020-09-23T02:25:10Z INFO  dt_instance] d0a71d84-b80f-4558-beac-8887750652e3 "334 VWpr60ZusxeCopqBdCTyMoWpL4j9O7MTfNB3nMCzyzWO3CGhai1LxprLEMTH"
2020-09-23T02:25:10.261610924Z  [2020-09-23T02:25:10Z INFO  dt_instance] Inserted data for source d0a71d84-b80f-4558-beac-8887750652e3.
2020-09-23T02:25:10.315231613Z  [2020-09-23T02:25:10Z INFO  dt_instance] d0a71d84-b80f-4558-beac-8887750652e3 "335 14AQWfw89s58Q37d8ujOQpySuGsX4fBJkoF6lCdtvNFwfyy5f06QhCxH1MXL"
2020-09-23T02:25:10.329302731Z  [2020-09-23T02:25:10Z INFO  dt_instance] Inserted data for source d0a71d84-b80f-4558-beac-8887750652e3.
2020-09-23T02:25:10.382883369Z  [2020-09-23T02:25:10Z INFO  dt_instance] d0a71d84-b80f-4558-beac-8887750652e3 "336 l7OmlJn48hW8jxVecWfZthXwVS1uclygOIZQTi9OS4qOwHo524o5e5Iv7uea"
2020-09-23T02:25:10.395469586Z  [2020-09-23T02:25:10Z INFO  dt_instance] Inserted data for source d0a71d84-b80f-4558-beac-8887750652e3.
2020-09-23T02:25:10.449862947Z  [2020-09-23T02:25:10Z INFO  dt_instance] d0a71d84-b80f-4558-beac-8887750652e3 "337 pEZXPYDMODaRGNfBftR9UR3EUkyVRY063LitZ4mv7XmoPO8UERSZ8ie3fJKR"
2020-09-23T02:25:10.462149138Z  [2020-09-23T02:25:10Z INFO  dt_instance] Inserted data for source d0a71d84-b80f-4558-beac-8887750652e3.
2020-09-23T02:25:10.515425791Z  [2020-09-23T02:25:10Z INFO  dt_instance] d0a71d84-b80f-4558-beac-8887750652e3 "338 bU7yZUK7LJCgogj71cR3dudDDTkGmUt3s9U7kJSJLEf0JnQqoZdxk6mEX3hx"
2020-09-23T02:25:10.528840756Z  [2020-09-23T02:25:10Z INFO  dt_instance] Inserted data for source d0a71d84-b80f-4558-beac-8887750652e3.
2020-09-23T02:25:10.581092786Z  [2020-09-23T02:25:10Z INFO  dt_instance] d0a71d84-b80f-4558-beac-8887750652e3 "339 preitjJfnYfq8fAC7qaNOk9Q0cXrlBV66Sjqbd1dVowVaLMHStVLq8ll20ay"
2020-09-23T02:25:10.594055552Z  [2020-09-23T02:25:10Z INFO  dt_instance] Inserted data for source d0a71d84-b80f-4558-beac-8887750652e3.
2020-09-23T02:25:10.646733234Z  [2020-09-23T02:25:10Z INFO  dt_instance] d0a71d84-b80f-4558-beac-8887750652e3 "388 NQMnW2O7iFLNND29sKGZsCEgnaoHfzVpNi36mZxhXw30ZUxgGUwWV7qlnEFe"
2020-09-23T02:25:10.658230403Z  [2020-09-23T02:25:10Z INFO  dt_instance] Inserted data for source d0a71d84-b80f-4558-beac-8887750652e3.
2020-09-23T02:25:10.710460584Z  [2020-09-23T02:25:10Z INFO  dt_instance] d0a71d84-b80f-4558-beac-8887750652e3 "389 B0sa9zUMfe8wC7OxObYCJ7lpoTerVzRYqk9UFq8dHF8ZCqKEIjXfKusz0I5f"
2020-09-23T02:25:10.725266952Z  [2020-09-23T02:25:10Z INFO  dt_instance] Inserted data for source d0a71d84-b80f-4558-beac-8887750652e3.
2020-09-23T02:25:10.777900779Z  [2020-09-23T02:25:10Z INFO  dt_instance] d0a71d84-b80f-4558-beac-8887750652e3 "390 4vWLcmeZ8HjAy2FbBBuOM2BSGVwiE056k9pj8UJwH2tmlyNpFMe8STzd4Ghn"
2020-09-23T02:25:10.791796121Z  [2020-09-23T02:25:10Z INFO  dt_instance] Inserted data for source d0a71d84-b80f-4558-beac-8887750652e3.
2020-09-23T02:25:10.844005715Z  [2020-09-23T02:25:10Z INFO  dt_instance] d0a71d84-b80f-4558-beac-8887750652e3 "391 kppbR32iX5SV2M7CyQPBpPDt27MmkPcLfiTiOiNBR4b4iLP0hVFS07DjTLGh"
2020-09-23T02:25:10.857372260Z  [2020-09-23T02:25:10Z INFO  dt_instance] Inserted data for source d0a71d84-b80f-4558-beac-8887750652e3.
2020-09-23T02:25:10.908629915Z  [2020-09-23T02:25:10Z INFO  dt_instance] d0a71d84-b80f-4558-beac-8887750652e3 "392 6TaKxWgx1vu27Qb96MYLBzZV0McGTo92kGAz9baYPo4UPQMP7fvMeGz8sduZ"
2020-09-23T02:25:10.922684705Z  [2020-09-23T02:25:10Z INFO  dt_instance] Inserted data for source d0a71d84-b80f-4558-beac-8887750652e3.
2020-09-23T02:25:10.973760141Z  [2020-09-23T02:25:10Z INFO  dt_instance] d0a71d84-b80f-4558-beac-8887750652e3 "393 qk1HqGMyzDFTIyK2skwLXtjGV49k3poLD4CZW9adPRjIAEL4pbL4I04jP7cN"
2020-09-23T02:25:10.988038951Z  [2020-09-23T02:25:10Z INFO  dt_instance] Inserted data for source d0a71d84-b80f-4558-beac-8887750652e3.
2020-09-23T02:25:11.040223657Z  [2020-09-23T02:25:11Z INFO  dt_instance] d0a71d84-b80f-4558-beac-8887750652e3 "394 HipNZTpzpxyrcEPpLP7V0mDwq4tKZrFqQCiiubuuAIrRhJH9TTjH2gqn4PbY"
2020-09-23T02:25:11.052278610Z  [2020-09-23T02:25:11Z INFO  dt_instance] Inserted data for source d0a71d84-b80f-4558-beac-8887750652e3.
2020-09-23T02:25:11.105764237Z  [2020-09-23T02:25:11Z INFO  dt_instance] d0a71d84-b80f-4558-beac-8887750652e3 "395 x4J6xY8BvOohyn5MrjxZWDLy1CA3OrUzRZdD7EelXX7snuTlGIOXh2wgCbvG"
2020-09-23T02:25:11.119407127Z  [2020-09-23T02:25:11Z INFO  dt_instance] Inserted data for source d0a71d84-b80f-4558-beac-8887750652e3.
2020-09-23T02:25:11.171523226Z  [2020-09-23T02:25:11Z INFO  dt_instance] d0a71d84-b80f-4558-beac-8887750652e3 "396 UtRsU2XdLipvpyV1csogKdYZP7mbThdrBDkfTKpDd96YUe6pD0O1aMRYjq9Q"
2020-09-23T02:25:11.183428437Z  [2020-09-23T02:25:11Z INFO  dt_instance] Inserted data for source d0a71d84-b80f-4558-beac-8887750652e3.
2020-09-23T02:25:11.235590079Z  [2020-09-23T02:25:11Z INFO  dt_instance] d0a71d84-b80f-4558-beac-8887750652e3 "397 A6e9DqJCT2fi8at1Ix4Z68BwsLDtJr6wA4pfTprwCl5TGFw3iFcK9BFbB3tr"
2020-09-23T02:25:11.249212050Z  [2020-09-23T02:25:11Z INFO  dt_instance] Inserted data for source d0a71d84-b80f-4558-beac-8887750652e3.
2020-09-23T02:25:11.301134967Z  [2020-09-23T02:25:11Z INFO  dt_instance] d0a71d84-b80f-4558-beac-8887750652e3 "447 eb21rHk9UuTGXG34X26zog8qMy9TMaPEESfZifwaMLZmSa87p7iNR5Ziha7R"
2020-09-23T02:25:11.315230091Z  [2020-09-23T02:25:11Z INFO  dt_instance] Inserted data for source d0a71d84-b80f-4558-beac-8887750652e3.
2020-09-23T02:25:11.367663088Z  [2020-09-23T02:25:11Z INFO  dt_instance] d0a71d84-b80f-4558-beac-8887750652e3 "448 TN8xfFjJpLLjPeEGoXYLgApKcv3B893K505NKslrq3svmhta9gVEx5UkgM38"
2020-09-23T02:25:11.378838618Z  [2020-09-23T02:25:11Z INFO  dt_instance] Inserted data for source d0a71d84-b80f-4558-beac-8887750652e3.
2020-09-23T02:25:11.432331486Z  [2020-09-23T02:25:11Z INFO  dt_instance] d0a71d84-b80f-4558-beac-8887750652e3 "449 VjCrvecbo7TvjQ1bmx4ciiucIYreYwbuLYcXVZOc8ybjHLESoq8EUCc5J7bx"
2020-09-23T02:25:11.446971678Z  [2020-09-23T02:25:11Z INFO  dt_instance] Inserted data for source d0a71d84-b80f-4558-beac-8887750652e3.
2020-09-23T02:25:11.499042060Z  [2020-09-23T02:25:11Z INFO  dt_instance] d0a71d84-b80f-4558-beac-8887750652e3 "450 3NNPerPoBjh7MAyVd4uUoYxfijE2rmIWXipsFkTxz1x0mhJiXhIMRoqRw3Uz"
2020-09-23T02:25:11.512332574Z  [2020-09-23T02:25:11Z INFO  dt_instance] Inserted data for source d0a71d84-b80f-4558-beac-8887750652e3.
2020-09-23T02:25:11.564236434Z  [2020-09-23T02:25:11Z INFO  dt_instance] d0a71d84-b80f-4558-beac-8887750652e3 "451 7Zyv5LAoEYqLYSdeLVAgAUlBLsU2YoLei1uzIx8PyExTLtRkmEalTIqHxkkr"
2020-09-23T02:25:11.576299092Z  [2020-09-23T02:25:11Z INFO  dt_instance] Inserted data for source d0a71d84-b80f-4558-beac-8887750652e3.
2020-09-23T02:25:11.628270152Z  [2020-09-23T02:25:11Z INFO  dt_instance] d0a71d84-b80f-4558-beac-8887750652e3 "452 ufC5tWaGmDyY2NNUZ69RGHfO3wMBAkwIG9rf9KVt6c1KUJzJ5z0Ui1PDJJeu"
2020-09-23T02:25:11.643356901Z  [2020-09-23T02:25:11Z INFO  dt_instance] Inserted data for source d0a71d84-b80f-4558-beac-8887750652e3.
2020-09-23T02:25:11.697271861Z  [2020-09-23T02:25:11Z INFO  dt_instance] d0a71d84-b80f-4558-beac-8887750652e3 "453 dSSRlQfTejkJ9odCvnpvnN1U32mZO2N4Kx9xbptOytMlr8EWw9pMSpLWG0Cc"
2020-09-23T02:25:11.711288440Z  [2020-09-23T02:25:11Z INFO  dt_instance] Inserted data for source d0a71d84-b80f-4558-beac-8887750652e3.
2020-09-23T02:25:11.763806725Z  [2020-09-23T02:25:11Z INFO  dt_instance] d0a71d84-b80f-4558-beac-8887750652e3 "454 ryykIJcHmNGsFrs4QdRKRFkhLW0rnEBFxxVYYF7c4GTTGT5MX3NVR6X5YPkA"
2020-09-23T02:25:11.777267709Z  [2020-09-23T02:25:11Z INFO  dt_instance] Inserted data for source d0a71d84-b80f-4558-beac-8887750652e3.
2020-09-23T02:25:11.829350002Z  [2020-09-23T02:25:11Z INFO  dt_instance] d0a71d84-b80f-4558-beac-8887750652e3 "455 sKHq2WgUOOVkrPfksKgmoB1UrXpOteX1qYyWX9xz401ZrqK8Ra0hzK4CWxl8"
2020-09-23T02:25:11.843495836Z  [2020-09-23T02:25:11Z INFO  dt_instance] Inserted data for source d0a71d84-b80f-4558-beac-8887750652e3.
2020-09-23T02:25:11.895520572Z  [2020-09-23T02:25:11Z INFO  dt_instance] d0a71d84-b80f-4558-beac-8887750652e3 "456 fcFP5rDzNo98ywYTJoy6SsIifeGuvSW0kCKNjRyDCOEaLM8PPF0paKGpd0oR"
2020-09-23T02:25:11.909442327Z  [2020-09-23T02:25:11Z INFO  dt_instance] Inserted data for source d0a71d84-b80f-4558-beac-8887750652e3.
2020-09-23T02:25:11.961587437Z  [2020-09-23T02:25:11Z INFO  dt_instance] d0a71d84-b80f-4558-beac-8887750652e3 "506 uTozXK3AsNq1LZhOzOAbTassh3weQsOtjmYHpsYryiKtIQnt7NcDdoQ17vyy"
2020-09-23T02:25:11.975931126Z  [2020-09-23T02:25:11Z INFO  dt_instance] Inserted data for source d0a71d84-b80f-4558-beac-8887750652e3.
2020-09-23T02:25:12.029418398Z  [2020-09-23T02:25:12Z INFO  dt_instance] d0a71d84-b80f-4558-beac-8887750652e3 "507 bdqvmn2YOS6eAoEET6yKBzZD28SFbKq2lO9Khans03fSpHlhou8lE5UNJNiM"
2020-09-23T02:25:12.040051211Z  [2020-09-23T02:25:12Z INFO  dt_instance] Inserted data for source d0a71d84-b80f-4558-beac-8887750652e3.
2020-09-23T02:25:12.092311694Z  [2020-09-23T02:25:12Z INFO  dt_instance] d0a71d84-b80f-4558-beac-8887750652e3 "508 iAC583wHANWddrk731yOA1VsHUZ0Jvkhzl46pTZ97W2ILnHI9Vnr3QZuCSUY"
2020-09-23T02:25:12.107500089Z  [2020-09-23T02:25:12Z INFO  dt_instance] Inserted data for source d0a71d84-b80f-4558-beac-8887750652e3.
2020-09-23T02:25:12.158780518Z  [2020-09-23T02:25:12Z INFO  dt_instance] d0a71d84-b80f-4558-beac-8887750652e3 "509 TGoueY5L7AEI51pcFPdOL0lRevC0O8YWFwtBPkQmqgox3vCLwnE5kFzb6zYr"
2020-09-23T02:25:12.172257159Z  [2020-09-23T02:25:12Z INFO  dt_instance] Inserted data for source d0a71d84-b80f-4558-beac-8887750652e3.
2020-09-23T02:25:12.225968760Z  [2020-09-23T02:25:12Z INFO  dt_instance] d0a71d84-b80f-4558-beac-8887750652e3 "510 eFfr6dDN3NG2n7l14egAb6HxATGydNjdOy3L5hoHqPveAIHRX7e35Oznabkd"
2020-09-23T02:25:12.239114798Z  [2020-09-23T02:25:12Z INFO  dt_instance] Inserted data for source d0a71d84-b80f-4558-beac-8887750652e3.
2020-09-23T02:25:12.291171391Z  [2020-09-23T02:25:12Z INFO  dt_instance] d0a71d84-b80f-4558-beac-8887750652e3 "511 SL6zXcqNTrvTjcZXcoujXHVniP6UZFGSIkfa5syYVQLiGJ66Nf1qb7jUIMI0"
2020-09-23T02:25:12.305296486Z  [2020-09-23T02:25:12Z INFO  dt_instance] Inserted data for source d0a71d84-b80f-4558-beac-8887750652e3.
2020-09-23T02:25:12.357353806Z  [2020-09-23T02:25:12Z INFO  dt_instance] d0a71d84-b80f-4558-beac-8887750652e3 "512 gqfC5RFQIwCDms8XZxAJaFoEhmnTg3X3SBmrElw8HfSvND1x5wtyLJfVEqkP"
2020-09-23T02:25:12.371234855Z  [2020-09-23T02:25:12Z INFO  dt_instance] Inserted data for source d0a71d84-b80f-4558-beac-8887750652e3.
2020-09-23T02:25:12.426924744Z  [2020-09-23T02:25:12Z INFO  dt_instance] d0a71d84-b80f-4558-beac-8887750652e3 "513 1WLZTkeU8kXooV5aj1ei4s9yHWuuS2DnriLb4oJgIJGbf1mKQqg40vTSNxkB"
2020-09-23T02:25:12.439856148Z  [2020-09-23T02:25:12Z INFO  dt_instance] Inserted data for source d0a71d84-b80f-4558-beac-8887750652e3.
2020-09-23T02:25:12.494257729Z  [2020-09-23T02:25:12Z INFO  dt_instance] d0a71d84-b80f-4558-beac-8887750652e3 "514 YxvDsMiQ1Yt8RRyxUL9uA5QW5nllSmGYXOGB3xwjVQVlYNH2m27SULDz9NB4"
2020-09-23T02:25:12.508073515Z  [2020-09-23T02:25:12Z INFO  dt_instance] Inserted data for source d0a71d84-b80f-4558-beac-8887750652e3.
2020-09-23T02:25:12.560093233Z  [2020-09-23T02:25:12Z INFO  dt_instance] d0a71d84-b80f-4558-beac-8887750652e3 "515 Seuthut5s94pN6SPzXoNknqtLtEJuW9D7G0ag3RfxvcX4rYuJYQOZIre3iyf"
2020-09-23T02:25:12.573665015Z  [2020-09-23T02:25:12Z INFO  dt_instance] Inserted data for source d0a71d84-b80f-4558-beac-8887750652e3.
2020-09-23T02:25:12.625950216Z  [2020-09-23T02:25:12Z INFO  dt_instance] d0a71d84-b80f-4558-beac-8887750652e3 "566 WxBX1P8WvZyPHZ1UaNeHOMahbQRiNHF2YLkZdxMJTQAbDeuRd53FD1kSaEAu"
2020-09-23T02:25:12.639458299Z  [2020-09-23T02:25:12Z INFO  dt_instance] Inserted data for source d0a71d84-b80f-4558-beac-8887750652e3.
2020-09-23T02:25:12.693349626Z  [2020-09-23T02:25:12Z INFO  dt_instance] d0a71d84-b80f-4558-beac-8887750652e3 "567 GMgjtBnFaMh2WWeatMhwikuQ9lFSI6vcnR332ccgAZ7tg6k3Nhp2tmP7WhZi"
2020-09-23T02:25:12.706361740Z  [2020-09-23T02:25:12Z INFO  dt_instance] Inserted data for source d0a71d84-b80f-4558-beac-8887750652e3.
2020-09-23T02:25:12.758929564Z  [2020-09-23T02:25:12Z INFO  dt_instance] d0a71d84-b80f-4558-beac-8887750652e3 "568 RDPVgVcecE67RiiRMLHmDDspSqyk51ZByerMxYGK1j5cnLZA8sowlJsFYnA6"
2020-09-23T02:25:12.772960276Z  [2020-09-23T02:25:12Z INFO  dt_instance] Inserted data for source d0a71d84-b80f-4558-beac-8887750652e3.
2020-09-23T02:25:12.826952812Z  [2020-09-23T02:25:12Z INFO  dt_instance] d0a71d84-b80f-4558-beac-8887750652e3 "569 3JF0jby4SGg5nlFHArlg2qJZFzybr5xi6TaOBkmeW0CPf2r8ZkPlqAHgRL3B"
2020-09-23T02:25:12.841860977Z  [2020-09-23T02:25:12Z INFO  dt_instance] Inserted data for source d0a71d84-b80f-4558-beac-8887750652e3.
2020-09-23T02:25:12.894246020Z  [2020-09-23T02:25:12Z INFO  dt_instance] d0a71d84-b80f-4558-beac-8887750652e3 "570 x49wp4D16YMRJNZNtyQy3qPVkT7Pg3XTE5gzwhIvosGwqOxNZqQBUYUlW2v9"
2020-09-23T02:25:12.906645607Z  [2020-09-23T02:25:12Z INFO  dt_instance] Inserted data for source d0a71d84-b80f-4558-beac-8887750652e3.
2020-09-23T02:25:12.960272596Z  [2020-09-23T02:25:12Z INFO  dt_instance] d0a71d84-b80f-4558-beac-8887750652e3 "571 UyzYEAWIOTMrvxKy6p8wnRDSXFAKOvfsb6xo2WEVfIHDicU4VHWSQZvEUkRn"
2020-09-23T02:25:12.973048747Z  [2020-09-23T02:25:12Z INFO  dt_instance] Inserted data for source d0a71d84-b80f-4558-beac-8887750652e3.
2020-09-23T02:25:13.025427232Z  [2020-09-23T02:25:13Z INFO  dt_instance] d0a71d84-b80f-4558-beac-8887750652e3 "572 vFzfa53QB3xcHh6n8VviiXsrBaJGxUEHWweOcmJDVg6g3fDTgc5mJvwlidfc"
2020-09-23T02:25:13.038122287Z  [2020-09-23T02:25:13Z INFO  dt_instance] Inserted data for source d0a71d84-b80f-4558-beac-8887750652e3.
2020-09-23T02:25:13.092057434Z  [2020-09-23T02:25:13Z INFO  dt_instance] d0a71d84-b80f-4558-beac-8887750652e3 "573 EEPCmQ1NaqI6TD0XpucaNznPv9zUA0KdUGVxyVqUhhZmAfUiVSaZjdRylpyI"
2020-09-23T02:25:13.106175506Z  [2020-09-23T02:25:13Z INFO  dt_instance] Inserted data for source d0a71d84-b80f-4558-beac-8887750652e3.
2020-09-23T02:25:13.158879249Z  [2020-09-23T02:25:13Z INFO  dt_instance] d0a71d84-b80f-4558-beac-8887750652e3 "574 wMqjAowWWDQW6NITb7Q8JsiZdWg0PmHo4d3DWUNiYSHajcWqilszOvWPiQ8M"
2020-09-23T02:25:13.172269277Z  [2020-09-23T02:25:13Z INFO  dt_instance] Inserted data for source d0a71d84-b80f-4558-beac-8887750652e3.
2020-09-23T02:25:13.224206536Z  [2020-09-23T02:25:13Z INFO  dt_instance] d0a71d84-b80f-4558-beac-8887750652e3 "575 lhmjXES3GrbZa4KKhBrbpkDm1APW14VfTqmcEm1lqBlHbGTfEQ41PobAfHeS"
2020-09-23T02:25:13.236732982Z  [2020-09-23T02:25:13Z INFO  dt_instance] Inserted data for source d0a71d84-b80f-4558-beac-8887750652e3.
2020-09-23T02:25:13.291234831Z  [2020-09-23T02:25:13Z INFO  dt_instance] d0a71d84-b80f-4558-beac-8887750652e3 "626 7njY7c6R2gvLoIFYkx1uR0wknn75vqlJYOLkwWxIvrPmZ7qp1NVO2PmKod5q"
2020-09-23T02:25:13.304874415Z  [2020-09-23T02:25:13Z INFO  dt_instance] Inserted data for source d0a71d84-b80f-4558-beac-8887750652e3.
2020-09-23T02:25:13.359086516Z  [2020-09-23T02:25:13Z INFO  dt_instance] d0a71d84-b80f-4558-beac-8887750652e3 "627 EJBEczGvy9ElIJYWLXa4LI7NZD4THdP3g84r0IxDiRWYgfOYMNaIWVvTI3Ei"
2020-09-23T02:25:13.368157700Z  [2020-09-23T02:25:13Z INFO  dt_instance] Inserted data for source d0a71d84-b80f-4558-beac-8887750652e3.
2020-09-23T02:25:13.421437544Z  [2020-09-23T02:25:13Z INFO  dt_instance] d0a71d84-b80f-4558-beac-8887750652e3 "628 AWNAHUazTA5I6CRtz19YMksnftO3rdLua5SLj5H3SbZH2oQm2ef4KkYDw27V"
2020-09-23T02:25:13.435594732Z  [2020-09-23T02:25:13Z INFO  dt_instance] Inserted data for source d0a71d84-b80f-4558-beac-8887750652e3.
2020-09-23T02:25:13.488887720Z  [2020-09-23T02:25:13Z INFO  dt_instance] d0a71d84-b80f-4558-beac-8887750652e3 "629 jgXZCGnjaxiOCS25SlAP3lfL2UNTLYswWkFvNzTYiJ1PN7SBy3wymdjBLKT4"
2020-09-23T02:25:13.502688129Z  [2020-09-23T02:25:13Z INFO  dt_instance] Inserted data for source d0a71d84-b80f-4558-beac-8887750652e3.
2020-09-23T02:25:13.555811687Z  [2020-09-23T02:25:13Z INFO  dt_instance] d0a71d84-b80f-4558-beac-8887750652e3 "630 yYKWBcpSC8ofE3jjJkk1nc928jey7XnGgSnLlFCnjVpXX7E9uUYpitiAbiKd"
2020-09-23T02:25:13.570482030Z  [2020-09-23T02:25:13Z INFO  dt_instance] Inserted data for source d0a71d84-b80f-4558-beac-8887750652e3.
2020-09-23T02:25:13.622542273Z  [2020-09-23T02:25:13Z INFO  dt_instance] d0a71d84-b80f-4558-beac-8887750652e3 "631 3h6k2VSiKZOXxbhlhDkVfIiB8FfRRG9EEncWmmTc0lIIrzlxn5hK6INIamAL"
2020-09-23T02:25:13.634593786Z  [2020-09-23T02:25:13Z INFO  dt_instance] Inserted data for source d0a71d84-b80f-4558-beac-8887750652e3.
2020-09-23T02:25:13.687030068Z  [2020-09-23T02:25:13Z INFO  dt_instance] d0a71d84-b80f-4558-beac-8887750652e3 "662 K4U25ZJRfyqRvJEG4VBCctVaRNPyxpRzAq40dCAi0nTBuY4NeyzsxLmMpPIA"
2020-09-23T02:25:13.700097886Z  [2020-09-23T02:25:13Z INFO  dt_instance] Inserted data for source d0a71d84-b80f-4558-beac-8887750652e3.
2020-09-23T02:25:13.752209924Z  [2020-09-23T02:25:13Z INFO  dt_instance] d0a71d84-b80f-4558-beac-8887750652e3 "663 K3Yzbpu62k4mGiN3ssc9gGh7iFIZqBEGo5fqiFaNEFD9JbmzC4uMhEGvJsMv"
2020-09-23T02:25:13.768072868Z  [2020-09-23T02:25:13Z INFO  dt_instance] Inserted data for source d0a71d84-b80f-4558-beac-8887750652e3.
2020-09-23T02:25:13.821346599Z  [2020-09-23T02:25:13Z INFO  dt_instance] d0a71d84-b80f-4558-beac-8887750652e3 "664 LwyKhQYddHiM5agLNlE7LCrdSxulfWM899zjdHKcNtOdbtkbugG7dHGHCxFD"
2020-09-23T02:25:13.830142199Z  [2020-09-23T02:25:13Z INFO  dt_instance] Inserted data for source d0a71d84-b80f-4558-beac-8887750652e3.
2020-09-23T02:25:13.882325217Z  [2020-09-23T02:25:13Z INFO  dt_instance] d0a71d84-b80f-4558-beac-8887750652e3 "665 iSpzaki7W11xBHVpqc1NvlabnNH5PEYGZQd7U2xmdlGQdOCrt3uI9W6zhvMB"
2020-09-23T02:25:13.896581601Z  [2020-09-23T02:25:13Z INFO  dt_instance] Inserted data for source d0a71d84-b80f-4558-beac-8887750652e3.
2020-09-23T02:25:13.949737221Z  [2020-09-23T02:25:13Z INFO  dt_instance] d0a71d84-b80f-4558-beac-8887750652e3 "666 Ppd9Evb7dzU1UAM4f1qrfioHWUV49qokwAW8OZVRluMlqauU6dCodbkeyN9k"
2020-09-23T02:25:13.962552083Z  [2020-09-23T02:25:13Z INFO  dt_instance] Inserted data for source d0a71d84-b80f-4558-beac-8887750652e3.
2020-09-23T02:25:14.015146155Z  [2020-09-23T02:25:14Z INFO  dt_instance] d0a71d84-b80f-4558-beac-8887750652e3 "667 FdOTgg4ttWFvHeOVdfFWeTy2vZqoxT9XvVXvqGVDUAIWmeQATLulJe7tpuYD"
2020-09-23T02:25:14.029448938Z  [2020-09-23T02:25:14Z INFO  dt_instance] Inserted data for source d0a71d84-b80f-4558-beac-8887750652e3.
2020-09-23T02:25:14.081458589Z  [2020-09-23T02:25:14Z INFO  dt_instance] d0a71d84-b80f-4558-beac-8887750652e3 "668 kOgjC3lDtLEsC6eQplwNMamiLTxL7HXFzztHt1UlsUyOuuL4YLqKiFpLVlIO"
2020-09-23T02:25:14.095645569Z  [2020-09-23T02:25:14Z INFO  dt_instance] Inserted data for source d0a71d84-b80f-4558-beac-8887750652e3.
2020-09-23T02:25:14.148069847Z  [2020-09-23T02:25:14Z INFO  dt_instance] d0a71d84-b80f-4558-beac-8887750652e3 "669 4XlAHRFZbaHpgq2qwGECn7E2CrWCkERQX0VVn7H0GVbJRb25kJZp7PJlLIUB"
2020-09-23T02:25:14.160402005Z  [2020-09-23T02:25:14Z INFO  dt_instance] Inserted data for source d0a71d84-b80f-4558-beac-8887750652e3.
2020-09-23T02:25:14.213244045Z  [2020-09-23T02:25:14Z INFO  dt_instance] d0a71d84-b80f-4558-beac-8887750652e3 "670 asQy7DErIjU0OyC3fHyKhCZDRj0tjABzIqREKT6z05wEWxbetdfnzFq9Ls7r"
2020-09-23T02:25:14.225465213Z  [2020-09-23T02:25:14Z INFO  dt_instance] Inserted data for source d0a71d84-b80f-4558-beac-8887750652e3.
2020-09-23T02:25:14.278906879Z  [2020-09-23T02:25:14Z INFO  dt_instance] d0a71d84-b80f-4558-beac-8887750652e3 "671 cqgLKN9eMgipIg4hzs1kB4T1zgBXhbzlqHfKKGwf0SsuNt9n8OWE8ELHCJ0G"
2020-09-23T02:25:14.293369805Z  [2020-09-23T02:25:14Z INFO  dt_instance] Inserted data for source d0a71d84-b80f-4558-beac-8887750652e3.
2020-09-23T02:25:14.345542746Z  [2020-09-23T02:25:14Z INFO  dt_instance] d0a71d84-b80f-4558-beac-8887750652e3 "720 TECcVtw0N6GsTriv0YKdHbcP7fE5RAzR9IvocG8D1Hk8hqmx3BkO5EGI7qfD"
2020-09-23T02:25:14.354674983Z  [2020-09-23T02:25:14Z INFO  dt_instance] Inserted data for source d0a71d84-b80f-4558-beac-8887750652e3.
2020-09-23T02:25:14.406699162Z  [2020-09-23T02:25:14Z INFO  dt_instance] d0a71d84-b80f-4558-beac-8887750652e3 "721 vrTgg03q34rfXoKYpgXJRUjZqN0aL0MRZpbzXzbv4GaEl66u4Up9GfkedgZg"
2020-09-23T02:25:14.416390594Z  [2020-09-23T02:25:14Z INFO  dt_instance] Inserted data for source d0a71d84-b80f-4558-beac-8887750652e3.
2020-09-23T02:25:14.468801582Z  [2020-09-23T02:25:14Z INFO  dt_instance] d0a71d84-b80f-4558-beac-8887750652e3 "722 c3VOjn3DOPKCHUfrgjKO3FLFcltNotk5PPgCkUsIfPbXGUJ8kUcKwvw7GnBD"
2020-09-23T02:25:14.479469724Z  [2020-09-23T02:25:14Z INFO  dt_instance] Inserted data for source d0a71d84-b80f-4558-beac-8887750652e3.
2020-09-23T02:25:14.533121566Z  [2020-09-23T02:25:14Z INFO  dt_instance] d0a71d84-b80f-4558-beac-8887750652e3 "723 ZKjzqmW2ZeADj0oGhuf0NVBVfbdSwkWwUvIYQL1LVqVr2APOEApiEpg03hAY"
2020-09-23T02:25:14.545200363Z  [2020-09-23T02:25:14Z INFO  dt_instance] Inserted data for source d0a71d84-b80f-4558-beac-8887750652e3.
2020-09-23T02:25:14.597323091Z  [2020-09-23T02:25:14Z INFO  dt_instance] d0a71d84-b80f-4558-beac-8887750652e3 "724 YH3HT4qjDBRyP6OSvR6C0EyySqiLr8ZLoVm40B7UjILh6gkCuy6vk1mhpUCj"
2020-09-23T02:25:14.611728414Z  [2020-09-23T02:25:14Z INFO  dt_instance] Inserted data for source d0a71d84-b80f-4558-beac-8887750652e3.
2020-09-23T02:25:14.665130042Z  [2020-09-23T02:25:14Z INFO  dt_instance] d0a71d84-b80f-4558-beac-8887750652e3 "725 BZKMpTCFHlRoVZ7kHPS2coznWZU6YwPMPAjamIYuBCgz17g9qK1JkpgA1pFv"
2020-09-23T02:25:14.674646313Z  [2020-09-23T02:25:14Z INFO  dt_instance] Inserted data for source d0a71d84-b80f-4558-beac-8887750652e3.
2020-09-23T02:25:14.726854289Z  [2020-09-23T02:25:14Z INFO  dt_instance] d0a71d84-b80f-4558-beac-8887750652e3 "726 UrmLRt7l8jWdxY1aiCd6M2L5iR5xBC6lyuQfRrVUnA1siUP82oUMrISVDv44"
2020-09-23T02:25:14.735987214Z  [2020-09-23T02:25:14Z INFO  dt_instance] Inserted data for source d0a71d84-b80f-4558-beac-8887750652e3.
2020-09-23T02:25:14.788300376Z  [2020-09-23T02:25:14Z INFO  dt_instance] d0a71d84-b80f-4558-beac-8887750652e3 "727 nHll3B1NRQPxpeicx3Nch6qZFfkIXl32G1OlUdeQ8B263wAh3jTaAWaO99AS"
2020-09-23T02:25:14.798708712Z  [2020-09-23T02:25:14Z INFO  dt_instance] Inserted data for source d0a71d84-b80f-4558-beac-8887750652e3.
2020-09-23T02:25:14.851192232Z  [2020-09-23T02:25:14Z INFO  dt_instance] d0a71d84-b80f-4558-beac-8887750652e3 "728 ZwaGWsosf5MqQjBYYpciJU0U1s1y2aNfDsLUqhaD3rM0SWE5wQOnSuXGX3gX"
2020-09-23T02:25:14.862279296Z  [2020-09-23T02:25:14Z INFO  dt_instance] Inserted data for source d0a71d84-b80f-4558-beac-8887750652e3.
2020-09-23T02:25:14.913529449Z  [2020-09-23T02:25:14Z INFO  dt_instance] d0a71d84-b80f-4558-beac-8887750652e3 "729 EA8NzwbiNmQLwTZ7WU4yDt6hOOzULW3Fq4420EEcRDLakOUgnmBHUDkvhHGL"
2020-09-23T02:25:14.925721558Z  [2020-09-23T02:25:14Z INFO  dt_instance] Inserted data for source d0a71d84-b80f-4558-beac-8887750652e3.
2020-09-23T02:25:14.978073487Z  [2020-09-23T02:25:14Z INFO  dt_instance] d0a71d84-b80f-4558-beac-8887750652e3 "780 fd1rZWzspBZR3JxTBoVQ4d7ktMwQi7Zrz8gcE2qgEefDKAudkYlE8VXjaMz3"
2020-09-23T02:25:14.989145487Z  [2020-09-23T02:25:14Z INFO  dt_instance] Inserted data for source d0a71d84-b80f-4558-beac-8887750652e3.
2020-09-23T02:25:15.040649341Z  [2020-09-23T02:25:15Z INFO  dt_instance] d0a71d84-b80f-4558-beac-8887750652e3 "781 5pyhjA9ca8PKJjiKdp2L8j6nnP0jB3cUE2KEsWAvRNkbsZ561WhMQiPsYWaF"
2020-09-23T02:25:15.054287272Z  [2020-09-23T02:25:15Z INFO  dt_instance] Inserted data for source d0a71d84-b80f-4558-beac-8887750652e3.
2020-09-23T02:25:15.107650859Z  [2020-09-23T02:25:15Z INFO  dt_instance] d0a71d84-b80f-4558-beac-8887750652e3 "782 9ZVC6MoxXcTIV0vLTCg4QvU8GvyYs12XoRdeJByBqsIiFWl95eggjHqCkww2"
2020-09-23T02:25:15.119719089Z  [2020-09-23T02:25:15Z INFO  dt_instance] Inserted data for source d0a71d84-b80f-4558-beac-8887750652e3.
2020-09-23T02:25:15.176335469Z  [2020-09-23T02:25:15Z INFO  dt_instance] d0a71d84-b80f-4558-beac-8887750652e3 "783 SkcXENrJruW0bXYAAbseYsTiZZlfqJkpPeJ2Z7n5acsWKIA8kyePVsqJ6yWz"
2020-09-23T02:25:15.189727887Z  [2020-09-23T02:25:15Z INFO  dt_instance] Inserted data for source d0a71d84-b80f-4558-beac-8887750652e3.
2020-09-23T02:25:15.243556972Z  [2020-09-23T02:25:15Z INFO  dt_instance] d0a71d84-b80f-4558-beac-8887750652e3 "784 8gVZ5cLfH6wa9Vt0CfpVXfbcszMd4eub7YQvReLhC8PhwtPAD98SG6BNByLC"
2020-09-23T02:25:15.258273570Z  [2020-09-23T02:25:15Z INFO  dt_instance] Inserted data for source d0a71d84-b80f-4558-beac-8887750652e3.
2020-09-23T02:25:15.311311298Z  [2020-09-23T02:25:15Z INFO  dt_instance] d0a71d84-b80f-4558-beac-8887750652e3 "785 HxDUlW2Y2nRw46ugHbAepA82uFQ7gttcpydlc0EEQ3ERM2Pe3SxKa1NZb8qd"
2020-09-23T02:25:15.325563667Z  [2020-09-23T02:25:15Z INFO  dt_instance] Inserted data for source d0a71d84-b80f-4558-beac-8887750652e3.
2020-09-23T02:25:15.376670236Z  [2020-09-23T02:25:15Z INFO  dt_instance] d0a71d84-b80f-4558-beac-8887750652e3 "786 YuewZD4YeEjoor944rLLfAwqh4RfEyWx7sTN3DW2l7RWEhJCMaNU902LlAv1"
2020-09-23T02:25:15.390863376Z  [2020-09-23T02:25:15Z INFO  dt_instance] Inserted data for source d0a71d84-b80f-4558-beac-8887750652e3.
2020-09-23T02:25:15.444220675Z  [2020-09-23T02:25:15Z INFO  dt_instance] d0a71d84-b80f-4558-beac-8887750652e3 "787 wHv5b2KoVkWAi5f66KJN25kPSoSmXchoyoGMmeL0r8alTKUGo1HwflAwY9ly"
2020-09-23T02:25:15.458663610Z  [2020-09-23T02:25:15Z INFO  dt_instance] Inserted data for source d0a71d84-b80f-4558-beac-8887750652e3.
2020-09-23T02:25:15.511284723Z  [2020-09-23T02:25:15Z INFO  dt_instance] d0a71d84-b80f-4558-beac-8887750652e3 "788 VoymzSCMvLXMcXhn3oTW5RrCP31ZKtBvWpOXFhRSHsqprZucpGWmce7sY0SY"
2020-09-23T02:25:15.524061216Z  [2020-09-23T02:25:15Z INFO  dt_instance] Inserted data for source d0a71d84-b80f-4558-beac-8887750652e3.
2020-09-23T02:25:15.576393409Z  [2020-09-23T02:25:15Z INFO  dt_instance] d0a71d84-b80f-4558-beac-8887750652e3 "789 NMT0ClXz3Gbd0gQB8Ry7uZViWHPF3LGRCA4XEagR5bhb0BytzpqBxnLqi83z"
2020-09-23T02:25:15.590532330Z  [2020-09-23T02:25:15Z INFO  dt_instance] Inserted data for source d0a71d84-b80f-4558-beac-8887750652e3.
2020-09-23T02:25:15.641657829Z  [2020-09-23T02:25:15Z INFO  dt_instance] d0a71d84-b80f-4558-beac-8887750652e3 "838 nKCPP9vkQierM9m6geWlwojTp2LtdIpBprx8nYhn4eEs0pR7sEordedQmTt7"
2020-09-23T02:25:15.654355450Z  [2020-09-23T02:25:15Z INFO  dt_instance] Inserted data for source d0a71d84-b80f-4558-beac-8887750652e3.
2020-09-23T02:25:15.706658426Z  [2020-09-23T02:25:15Z INFO  dt_instance] d0a71d84-b80f-4558-beac-8887750652e3 "839 3ZWCA9nmxJi16G9I7hQOHWskrzehUA5VuxBVTxZgKG3o4wJ3iHBGvYOfjHoj"
2020-09-23T02:25:15.721421658Z  [2020-09-23T02:25:15Z INFO  dt_instance] Inserted data for source d0a71d84-b80f-4558-beac-8887750652e3.
2020-09-23T02:25:15.773088285Z  [2020-09-23T02:25:15Z INFO  dt_instance] d0a71d84-b80f-4558-beac-8887750652e3 "840 EQmZsCFm9geMKuPjkYROuvZx4M4BanNhEYxVybOhJl8mIu66IvhJ2B5Swa7A"
2020-09-23T02:25:15.785842770Z  [2020-09-23T02:25:15Z INFO  dt_instance] Inserted data for source d0a71d84-b80f-4558-beac-8887750652e3.
2020-09-23T02:25:15.839489440Z  [2020-09-23T02:25:15Z INFO  dt_instance] d0a71d84-b80f-4558-beac-8887750652e3 "841 XDtHMLHjQSvH5osBnxK4W1gUc0xQ25dFmSimBDhdK9QCSBfDa3p5hokocGzH"
2020-09-23T02:25:15.849730058Z  [2020-09-23T02:25:15Z INFO  dt_instance] Inserted data for source d0a71d84-b80f-4558-beac-8887750652e3.
2020-09-23T02:25:15.902047787Z  [2020-09-23T02:25:15Z INFO  dt_instance] d0a71d84-b80f-4558-beac-8887750652e3 "842 EqX85d1hZrcWtahkTW4Ua7cUorgkOy8ofeLqQmIUcNB29lXVYrw3WgKqOFBl"
2020-09-23T02:25:15.915344936Z  [2020-09-23T02:25:15Z INFO  dt_instance] Inserted data for source d0a71d84-b80f-4558-beac-8887750652e3.
2020-09-23T02:25:15.969090992Z  [2020-09-23T02:25:15Z INFO  dt_instance] d0a71d84-b80f-4558-beac-8887750652e3 "843 c013i5IAjyrRxFUhXcSbPLPAONIZ3AVNLnOTbrNRZNqjtOsYkzPvSjUreADr"
2020-09-23T02:25:15.983504982Z  [2020-09-23T02:25:15Z INFO  dt_instance] Inserted data for source d0a71d84-b80f-4558-beac-8887750652e3.
2020-09-23T02:25:16.037239692Z  [2020-09-23T02:25:16Z INFO  dt_instance] d0a71d84-b80f-4558-beac-8887750652e3 "844 bPlfYVBuPLKahZ2JorXY8SYd7myYbbmBdTTxX4MT4SduySHq9hcXKfRfJ1rh"
2020-09-23T02:25:16.050246202Z  [2020-09-23T02:25:16Z INFO  dt_instance] Inserted data for source d0a71d84-b80f-4558-beac-8887750652e3.
2020-09-23T02:25:16.104156512Z  [2020-09-23T02:25:16Z INFO  dt_instance] d0a71d84-b80f-4558-beac-8887750652e3 "845 ZkmK6FCN4Ds3v5zwD3TIJHUC3G6VknFGZv9Q2uUrnZzurqwg3mCjEqWqYo2n"
2020-09-23T02:25:16.118640477Z  [2020-09-23T02:25:16Z INFO  dt_instance] Inserted data for source d0a71d84-b80f-4558-beac-8887750652e3.
2020-09-23T02:25:16.170760573Z  [2020-09-23T02:25:16Z INFO  dt_instance] d0a71d84-b80f-4558-beac-8887750652e3 "846 okIH7oxAp3fvOlbPgP1OT1InI1bM1WuUzH1snlMex3sWYERhyaSEqewAS8Kx"
2020-09-23T02:25:16.184049603Z  [2020-09-23T02:25:16Z INFO  dt_instance] Inserted data for source d0a71d84-b80f-4558-beac-8887750652e3.
2020-09-23T02:25:16.236304210Z  [2020-09-23T02:25:16Z INFO  dt_instance] d0a71d84-b80f-4558-beac-8887750652e3 "847 PKy4YtMgQetlWj0jq6VsHQBC4Owq0NaqykPHqImBlijC7NKwvM6ApAjEy4jN"
2020-09-23T02:25:16.248325652Z  [2020-09-23T02:25:16Z INFO  dt_instance] Inserted data for source d0a71d84-b80f-4558-beac-8887750652e3.
2020-09-23T02:25:16.300713779Z  [2020-09-23T02:25:16Z INFO  dt_instance] d0a71d84-b80f-4558-beac-8887750652e3 "898 fu7ika8YAZhZvR5EyzsubhlgzrjYMozJX5b1AK3PpDbW9KqHFh6qQ7OzXO8t"
2020-09-23T02:25:16.313993369Z  [2020-09-23T02:25:16Z INFO  dt_instance] Inserted data for source d0a71d84-b80f-4558-beac-8887750652e3.
2020-09-23T02:25:16.366088552Z  [2020-09-23T02:25:16Z INFO  dt_instance] d0a71d84-b80f-4558-beac-8887750652e3 "899 tThet46BpCYuNeI0RiVqAqvFp8bmRgajfhGji4wELB08AOBKoWnK8NA7tOWn"
2020-09-23T02:25:16.381660541Z  [2020-09-23T02:25:16Z INFO  dt_instance] Inserted data for source d0a71d84-b80f-4558-beac-8887750652e3.
2020-09-23T02:25:16.433754148Z  [2020-09-23T02:25:16Z INFO  dt_instance] d0a71d84-b80f-4558-beac-8887750652e3 "900 tNxWaLBXFIJSqUQKVdJoPwulxI2t3jxUf1t1DcE5Lcs2qSmYDYEH71TiVlSU"
2020-09-23T02:25:16.445895975Z  [2020-09-23T02:25:16Z INFO  dt_instance] Inserted data for source d0a71d84-b80f-4558-beac-8887750652e3.
2020-09-23T02:25:16.499288633Z  [2020-09-23T02:25:16Z INFO  dt_instance] d0a71d84-b80f-4558-beac-8887750652e3 "901 0WRULlO81sGv19KJS9kZM1ezHtoEV32gGUj7lfZ8ZaOr9xZdY1K0DFl1ULZ8"
2020-09-23T02:25:16.512225574Z  [2020-09-23T02:25:16Z INFO  dt_instance] Inserted data for source d0a71d84-b80f-4558-beac-8887750652e3.
2020-09-23T02:25:16.565981091Z  [2020-09-23T02:25:16Z INFO  dt_instance] d0a71d84-b80f-4558-beac-8887750652e3 "902 xg6MentR5HLWhqvYD7Lq5FtPJBBc7Cgj5pBveKd0UQmGjFgtIZAetSBzL3le"
2020-09-23T02:25:16.578463917Z  [2020-09-23T02:25:16Z INFO  dt_instance] Inserted data for source d0a71d84-b80f-4558-beac-8887750652e3.
2020-09-23T02:25:16.630753952Z  [2020-09-23T02:25:16Z INFO  dt_instance] d0a71d84-b80f-4558-beac-8887750652e3 "903 s9IAGXAiIvgF1MJr8kbHdHXV6v7AyjiDj3OJSTGxXmrXSVsOEpKUUgtTEF6l"
2020-09-23T02:25:16.644354458Z  [2020-09-23T02:25:16Z INFO  dt_instance] Inserted data for source d0a71d84-b80f-4558-beac-8887750652e3.
2020-09-23T02:25:16.697846884Z  [2020-09-23T02:25:16Z INFO  dt_instance] d0a71d84-b80f-4558-beac-8887750652e3 "904 n57oUKAk8XUiEO7RRqNv2mK0v7AK0maNshmsI2441cWf9AHKqLSPbTdsX6jw"
2020-09-23T02:25:16.711432060Z  [2020-09-23T02:25:16Z INFO  dt_instance] Inserted data for source d0a71d84-b80f-4558-beac-8887750652e3.
2020-09-23T02:25:16.763749652Z  [2020-09-23T02:25:16Z INFO  dt_instance] d0a71d84-b80f-4558-beac-8887750652e3 "905 wWawC4MNnenkaFxNk4C9NTIjisMq7p3wPfza53Srcz9tZl9g9UW8GRT5Oq2O"
2020-09-23T02:25:16.776961556Z  [2020-09-23T02:25:16Z INFO  dt_instance] Inserted data for source d0a71d84-b80f-4558-beac-8887750652e3.
2020-09-23T02:25:16.829908480Z  [2020-09-23T02:25:16Z INFO  dt_instance] d0a71d84-b80f-4558-beac-8887750652e3 "906 cr2PC3dqXDgHneqK7x7JCKodop7qm62Ra1ILBiZeHbE38ij8s6kmHw6WxKjZ"
2020-09-23T02:25:16.844439862Z  [2020-09-23T02:25:16Z INFO  dt_instance] Inserted data for source d0a71d84-b80f-4558-beac-8887750652e3.
2020-09-23T02:25:16.897769277Z  [2020-09-23T02:25:16Z INFO  dt_instance] d0a71d84-b80f-4558-beac-8887750652e3 "907 Te4s8lRMUGbpJBVenc48wB54xUNDHOFJWVPLXsOjDg7yA8TkLsprnWvfjxOV"
2020-09-23T02:25:16.910520151Z  [2020-09-23T02:25:16Z INFO  dt_instance] Inserted data for source d0a71d84-b80f-4558-beac-8887750652e3.
2020-09-23T02:25:16.962833960Z  [2020-09-23T02:25:16Z INFO  dt_instance] d0a71d84-b80f-4558-beac-8887750652e3 "958 nDgFymeXL9rP13JHb9Od6YoAJt841dGuWALmcdbq3Fia5lmTHmJI4UpiXRKB"
2020-09-23T02:25:16.975233865Z  [2020-09-23T02:25:16Z INFO  dt_instance] Inserted data for source d0a71d84-b80f-4558-beac-8887750652e3.
2020-09-23T02:25:17.027381328Z  [2020-09-23T02:25:17Z INFO  dt_instance] d0a71d84-b80f-4558-beac-8887750652e3 "959 2KTucNw5PyU3NDtpXT1oikirv3Qt9seTUPGCrqG1RVsvcJaNegpnc4IpK1IQ"
2020-09-23T02:25:17.041265496Z  [2020-09-23T02:25:17Z INFO  dt_instance] Inserted data for source d0a71d84-b80f-4558-beac-8887750652e3.
2020-09-23T02:25:17.093490353Z  [2020-09-23T02:25:17Z INFO  dt_instance] d0a71d84-b80f-4558-beac-8887750652e3 "960 exCAjYxE5qa45D1k6djvxfVQwP9i2Em5aJjj5CoHS1y8XvXuchQl80zfCYyj"
2020-09-23T02:25:17.105557600Z  [2020-09-23T02:25:17Z INFO  dt_instance] Inserted data for source d0a71d84-b80f-4558-beac-8887750652e3.
2020-09-23T02:25:17.157988963Z  [2020-09-23T02:25:17Z INFO  dt_instance] d0a71d84-b80f-4558-beac-8887750652e3 "961 6tl6XzWaPsFbHKHx0bnD4G2vDQ9vTSN7sx8L650BW9gBiR6m5QG5sYINBAT1"
2020-09-23T02:25:17.171788590Z  [2020-09-23T02:25:17Z INFO  dt_instance] Inserted data for source d0a71d84-b80f-4558-beac-8887750652e3.
2020-09-23T02:25:17.224036692Z  [2020-09-23T02:25:17Z INFO  dt_instance] d0a71d84-b80f-4558-beac-8887750652e3 "962 q3nu9ACOIsJaPKJfcUqbgae0KFOHdbTnoAwlsElxxu4pW6Wl4KMt4AHmPZxG"
2020-09-23T02:25:17.237698387Z  [2020-09-23T02:25:17Z INFO  dt_instance] Inserted data for source d0a71d84-b80f-4558-beac-8887750652e3.
2020-09-23T02:25:17.289964232Z  [2020-09-23T02:25:17Z INFO  dt_instance] d0a71d84-b80f-4558-beac-8887750652e3 "963 vWifaooCJcmKecB8XY8M77scpMytEdlk7wzoiZn8taKxAtxCyMxqyaJqeKkf"
2020-09-23T02:25:17.302250661Z  [2020-09-23T02:25:17Z INFO  dt_instance] Inserted data for source d0a71d84-b80f-4558-beac-8887750652e3.
2020-09-23T02:25:17.353612997Z  [2020-09-23T02:25:17Z INFO  dt_instance] d0a71d84-b80f-4558-beac-8887750652e3 "993 yo8zN5Byol4KLRPTid0afGdkjXb6BGVpJ8a80HvxUWZN726teb5LqhOphqk0"
2020-09-23T02:25:17.367311579Z  [2020-09-23T02:25:17Z INFO  dt_instance] Inserted data for source d0a71d84-b80f-4558-beac-8887750652e3.
2020-09-23T02:25:17.419559818Z  [2020-09-23T02:25:17Z INFO  dt_instance] d0a71d84-b80f-4558-beac-8887750652e3 "994 m85p7vIWpI4A5in9r7DMFzw6YwN9hoMUpJ4l6LZwQEOfECVa63xk7mUyUJJO"
2020-09-23T02:25:17.432074653Z  [2020-09-23T02:25:17Z INFO  dt_instance] Inserted data for source d0a71d84-b80f-4558-beac-8887750652e3.
2020-09-23T02:25:17.484591360Z  [2020-09-23T02:25:17Z INFO  dt_instance] d0a71d84-b80f-4558-beac-8887750652e3 "995 c9MIvsqzLUbGsy4C0Rd6zNq7DXk1zwlLXiLShaMioH9PDkfFIiQJmYjA1eiN"
2020-09-23T02:25:17.499158698Z  [2020-09-23T02:25:17Z INFO  dt_instance] Inserted data for source d0a71d84-b80f-4558-beac-8887750652e3.
2020-09-23T02:25:17.551270066Z  [2020-09-23T02:25:17Z INFO  dt_instance] d0a71d84-b80f-4558-beac-8887750652e3 "996 KJZ75QfJCtu8IgpEAeui4sa3i5o2dnZIgVhvfTep0nlpcBbukq1XrY0FKguy"
2020-09-23T02:25:17.561367807Z  [2020-09-23T02:25:17Z INFO  dt_instance] Inserted data for source d0a71d84-b80f-4558-beac-8887750652e3.
2020-09-23T02:25:17.613402319Z  [2020-09-23T02:25:17Z INFO  dt_instance] d0a71d84-b80f-4558-beac-8887750652e3 "997 VLB1H4Vj7lKZyH2Z9m3ahom21J3Bd33ScSyHU0jdvfzskE06pH1OVbQxiKsv"
2020-09-23T02:25:17.625562772Z  [2020-09-23T02:25:17Z INFO  dt_instance] Inserted data for source d0a71d84-b80f-4558-beac-8887750652e3.
2020-09-23T02:25:17.676781724Z  [2020-09-23T02:25:17Z INFO  dt_instance] d0a71d84-b80f-4558-beac-8887750652e3 "998 6Ez7BlEYCyb0EZERFWFI9P0cSnKA6Xm7f1wQyVCA9UjZSieouhhHAqiIzlUN"
2020-09-23T02:25:17.691765552Z  [2020-09-23T02:25:17Z INFO  dt_instance] Inserted data for source d0a71d84-b80f-4558-beac-8887750652e3.
2020-09-23T02:25:17.743916349Z  [2020-09-23T02:25:17Z INFO  dt_instance] d0a71d84-b80f-4558-beac-8887750652e3 "999 NVEzX0JpwjaEWS9ZvFNDnVtOO3vglVtTbfgqVy84ocyP5K8VWMPbZ3skld3l"
2020-09-23T02:25:17.758340945Z  [2020-09-23T02:25:17Z INFO  dt_instance] Inserted data for source d0a71d84-b80f-4558-beac-8887750652e3.
2020-09-23T02:25:22.793577213Z  [2020-09-23T02:25:22Z ERROR dt_instance] Unhandled incoming.
