2020-09-23T02:16:00.366581501Z  running: (['/opt/scylladb/scripts/scylla_dev_mode_setup', '--developer-mode', '1'],)
2020-09-23T02:16:00.848897733Z  running: (['/opt/scylladb/scripts/scylla_io_setup'],)
2020-09-23T02:16:01.233996516Z  2020-09-23 02:16:01,233 CRIT Supervisor is running as root.  Privileges were not dropped because no user is specified in the config file.  If you intend to run as root, you can set user=root in the config file to avoid this message.
2020-09-23T02:16:01.234087147Z  2020-09-23 02:16:01,233 INFO Included extra file "/etc/supervisord.conf.d/node-exporter.conf" during parsing
2020-09-23T02:16:01.234151800Z  2020-09-23 02:16:01,233 INFO Included extra file "/etc/supervisord.conf.d/rsyslog.conf" during parsing
2020-09-23T02:16:01.234247337Z  2020-09-23 02:16:01,233 INFO Included extra file "/etc/supervisord.conf.d/scylla-housekeeping.conf" during parsing
2020-09-23T02:16:01.234319083Z  2020-09-23 02:16:01,234 INFO Included extra file "/etc/supervisord.conf.d/scylla-jmx.conf" during parsing
2020-09-23T02:16:01.234332695Z  2020-09-23 02:16:01,234 INFO Included extra file "/etc/supervisord.conf.d/scylla-server.conf" during parsing
2020-09-23T02:16:01.234371951Z  2020-09-23 02:16:01,234 INFO Included extra file "/etc/supervisord.conf.d/sshd-server.conf" during parsing
2020-09-23T02:16:01.268265116Z  2020-09-23 02:16:01,267 INFO RPC interface 'supervisor' initialized
2020-09-23T02:16:01.268401920Z  2020-09-23 02:16:01,268 CRIT Server 'inet_http_server' running without any HTTP authentication checking
2020-09-23T02:16:01.268764413Z  2020-09-23 02:16:01,268 INFO supervisord started with pid 26
2020-09-23T02:16:02.274126524Z  2020-09-23 02:16:02,273 INFO spawned: 'scylla' with pid 29
2020-09-23T02:16:02.279122289Z  2020-09-23 02:16:02,278 INFO spawned: 'scylla-housekeeping' with pid 30
2020-09-23T02:16:02.282467280Z  2020-09-23 02:16:02,281 INFO spawned: 'sshd' with pid 31
2020-09-23T02:16:02.290964089Z  2020-09-23 02:16:02,285 INFO spawned: 'scylla-jmx' with pid 32
2020-09-23T02:16:02.290995966Z  2020-09-23 02:16:02,288 INFO spawned: 'rsyslog' with pid 33
2020-09-23T02:16:02.291380931Z  2020-09-23 02:16:02,290 INFO spawned: 'node-exporter' with pid 35
2020-09-23T02:16:02.315560301Z  Generating public/private ed25519 key pair.
2020-09-23T02:16:02.315588275Z  Your identification has been saved in /etc/ssh/ssh_host_ed25519_key.
2020-09-23T02:16:02.315599465Z  Your public key has been saved in /etc/ssh/ssh_host_ed25519_key.pub.
2020-09-23T02:16:02.315609211Z  The key fingerprint is:
2020-09-23T02:16:02.315634619Z  SHA256:uVOd8WglSuqbYPekJxjGHanNB+f2JKQN5X49SMP3Uo8 root@0521ba83780f
2020-09-23T02:16:02.315644425Z  The key's randomart image is:
2020-09-23T02:16:02.315653576Z  +--[ED25519 256]--+
2020-09-23T02:16:02.315662634Z  |                 |
2020-09-23T02:16:02.315671677Z  |          .      |
2020-09-23T02:16:02.315680635Z  |         +..o .  |
2020-09-23T02:16:02.315689502Z  |        =++o+B. .|
2020-09-23T02:16:02.315698291Z  |     . =S@o.==.+.|
2020-09-23T02:16:02.315730514Z  |      =.=oB.+ E o|
2020-09-23T02:16:02.315741655Z  |     .oo=o.=   o |
2020-09-23T02:16:02.315750638Z  |     ..o.B. .    |
2020-09-23T02:16:02.315759407Z  |        +o.      |
2020-09-23T02:16:02.315768254Z  +----[SHA256]-----+
2020-09-23T02:16:02.340830343Z  time="2020-09-23T02:16:02Z" level=info msg="Starting node_exporter (version=0.17.0, branch=HEAD, revision=f6f6194a436b9a63d0439abc585c76b19a206b21)" source="node_exporter.go:82"
2020-09-23T02:16:02.340954510Z  time="2020-09-23T02:16:02Z" level=info msg="Build context (go=go1.11.2, user=root@322511e06ced, date=20181130-15:51:33)" source="node_exporter.go:83"
2020-09-23T02:16:02.341467062Z  time="2020-09-23T02:16:02Z" level=info msg="Enabled collectors:" source="node_exporter.go:90"
2020-09-23T02:16:02.341487074Z  time="2020-09-23T02:16:02Z" level=info msg=" - arp" source="node_exporter.go:97"
2020-09-23T02:16:02.341833241Z  time="2020-09-23T02:16:02Z" level=info msg=" - bcache" source="node_exporter.go:97"
2020-09-23T02:16:02.341876285Z  time="2020-09-23T02:16:02Z" level=info msg=" - bonding" source="node_exporter.go:97"
2020-09-23T02:16:02.341887053Z  time="2020-09-23T02:16:02Z" level=info msg=" - conntrack" source="node_exporter.go:97"
2020-09-23T02:16:02.341897111Z  time="2020-09-23T02:16:02Z" level=info msg=" - cpu" source="node_exporter.go:97"
2020-09-23T02:16:02.341907074Z  time="2020-09-23T02:16:02Z" level=info msg=" - diskstats" source="node_exporter.go:97"
2020-09-23T02:16:02.341917645Z  time="2020-09-23T02:16:02Z" level=info msg=" - edac" source="node_exporter.go:97"
2020-09-23T02:16:02.341927631Z  time="2020-09-23T02:16:02Z" level=info msg=" - entropy" source="node_exporter.go:97"
2020-09-23T02:16:02.341937564Z  time="2020-09-23T02:16:02Z" level=info msg=" - filefd" source="node_exporter.go:97"
2020-09-23T02:16:02.341947272Z  time="2020-09-23T02:16:02Z" level=info msg=" - filesystem" source="node_exporter.go:97"
2020-09-23T02:16:02.341957044Z  time="2020-09-23T02:16:02Z" level=info msg=" - hwmon" source="node_exporter.go:97"
2020-09-23T02:16:02.342007211Z  time="2020-09-23T02:16:02Z" level=info msg=" - infiniband" source="node_exporter.go:97"
2020-09-23T02:16:02.342018092Z  time="2020-09-23T02:16:02Z" level=info msg=" - interrupts" source="node_exporter.go:97"
2020-09-23T02:16:02.342036094Z  time="2020-09-23T02:16:02Z" level=info msg=" - ipvs" source="node_exporter.go:97"
2020-09-23T02:16:02.342046380Z  time="2020-09-23T02:16:02Z" level=info msg=" - loadavg" source="node_exporter.go:97"
2020-09-23T02:16:02.342056306Z  time="2020-09-23T02:16:02Z" level=info msg=" - mdadm" source="node_exporter.go:97"
2020-09-23T02:16:02.342098766Z  time="2020-09-23T02:16:02Z" level=info msg=" - meminfo" source="node_exporter.go:97"
2020-09-23T02:16:02.342111115Z  time="2020-09-23T02:16:02Z" level=info msg=" - netclass" source="node_exporter.go:97"
2020-09-23T02:16:02.342147614Z  time="2020-09-23T02:16:02Z" level=info msg=" - netdev" source="node_exporter.go:97"
2020-09-23T02:16:02.342177548Z  time="2020-09-23T02:16:02Z" level=info msg=" - netstat" source="node_exporter.go:97"
2020-09-23T02:16:02.342188935Z  time="2020-09-23T02:16:02Z" level=info msg=" - nfs" source="node_exporter.go:97"
2020-09-23T02:16:02.342199067Z  time="2020-09-23T02:16:02Z" level=info msg=" - nfsd" source="node_exporter.go:97"
2020-09-23T02:16:02.342219833Z  time="2020-09-23T02:16:02Z" level=info msg=" - sockstat" source="node_exporter.go:97"
2020-09-23T02:16:02.342229407Z  time="2020-09-23T02:16:02Z" level=info msg=" - stat" source="node_exporter.go:97"
2020-09-23T02:16:02.342272651Z  time="2020-09-23T02:16:02Z" level=info msg=" - textfile" source="node_exporter.go:97"
2020-09-23T02:16:02.342284568Z  time="2020-09-23T02:16:02Z" level=info msg=" - time" source="node_exporter.go:97"
2020-09-23T02:16:02.342305803Z  time="2020-09-23T02:16:02Z" level=info msg=" - timex" source="node_exporter.go:97"
2020-09-23T02:16:02.342315922Z  time="2020-09-23T02:16:02Z" level=info msg=" - uname" source="node_exporter.go:97"
2020-09-23T02:16:02.342325868Z  time="2020-09-23T02:16:02Z" level=info msg=" - vmstat" source="node_exporter.go:97"
2020-09-23T02:16:02.342338494Z  time="2020-09-23T02:16:02Z" level=info msg=" - xfs" source="node_exporter.go:97"
2020-09-23T02:16:02.342375287Z  time="2020-09-23T02:16:02Z" level=info msg=" - zfs" source="node_exporter.go:97"
2020-09-23T02:16:02.342385783Z  time="2020-09-23T02:16:02Z" level=info msg="Listening on :9100" source="node_exporter.go:111"
2020-09-23T02:16:02.412724745Z  Generating public/private rsa key pair.
2020-09-23T02:16:02.412771502Z  Your identification has been saved in /etc/ssh/ssh_host_rsa_key.
2020-09-23T02:16:02.412784294Z  Your public key has been saved in /etc/ssh/ssh_host_rsa_key.pub.
2020-09-23T02:16:02.412794228Z  The key fingerprint is:
2020-09-23T02:16:02.412803550Z  SHA256:zFEWh+R18UT0pPqPOQBeRes5c1jvRxBLxNy/J6S3liU root@0521ba83780f
2020-09-23T02:16:02.412813236Z  The key's randomart image is:
2020-09-23T02:16:02.412822340Z  +---[RSA 4096]----+
2020-09-23T02:16:02.412838428Z  |         .=oo=B==|
2020-09-23T02:16:02.412847401Z  |         +.o o+Oo|
2020-09-23T02:16:02.412856537Z  |        . .  .= =|
2020-09-23T02:16:02.412865721Z  |       o .. .o.=o|
2020-09-23T02:16:02.412874828Z  |        S. o.o* =|
2020-09-23T02:16:02.412883849Z  |          . o.EBo|
2020-09-23T02:16:02.412899263Z  |             o.*+|
2020-09-23T02:16:02.412915462Z  |              =+.|
2020-09-23T02:16:02.412924673Z  |             .o..|
2020-09-23T02:16:02.412933763Z  +----[SHA256]-----+
2020-09-23T02:16:02.429628919Z  Could not load host key: /etc/ssh/ssh_host_ecdsa_key
2020-09-23T02:16:02.677869089Z  Scylla version 4.1.7-0.20200918.2251a1c577 with build-id 36f8a7b490fb7f7638d7828dfe92eecc2c31cbd9 starting ...
2020-09-23T02:16:02.677934941Z  command used: "/usr/bin/scylla --log-to-syslog 0 --log-to-stdout 1 --default-log-level info --network-stack posix --developer-mode=1 --overprovisioned --listen-address 10.0.60.11 --rpc-address 10.0.60.11 --seed-provider-parameters seeds=10.0.60.11 --blocked-reactor-notify-ms 999999999"
2020-09-23T02:16:02.677949678Z  parsed command line options: [log-to-syslog: 0, log-to-stdout: 1, default-log-level: info, network-stack: posix, developer-mode: 1, overprovisioned, listen-address: 10.0.60.11, rpc-address: 10.0.60.11, seed-provider-parameters: seeds=10.0.60.11, blocked-reactor-notify-ms: 999999999]
2020-09-23T02:16:02.716502881Z  WARN  2020-09-23 02:16:02,715 [shard 0] seastar - Unable to set SCHED_FIFO scheduling policy for timer thread; latency impact possible. Try adding CAP_SYS_NICE
2020-09-23T02:16:02.737996512Z  INFO  2020-09-23 02:16:02,737 [shard 0] init - installing SIGHUP handler
2020-09-23T02:16:02.745829464Z  INFO  2020-09-23 02:16:02,745 [shard 0] init - Scylla version 4.1.7-0.20200918.2251a1c577 with build-id 36f8a7b490fb7f7638d7828dfe92eecc2c31cbd9 starting ...
2020-09-23T02:16:02.745883278Z  
2020-09-23T02:16:02.747410140Z  INFO  2020-09-23 02:16:02,747 [shard 0] init - starting prometheus API server
2020-09-23T02:16:02.749902675Z  INFO  2020-09-23 02:16:02,749 [shard 0] init - starting tokens manager
2020-09-23T02:16:02.750164164Z  INFO  2020-09-23 02:16:02,749 [shard 0] init - starting migration manager notifier
2020-09-23T02:16:02.750502966Z  INFO  2020-09-23 02:16:02,750 [shard 0] init - creating tracing
2020-09-23T02:16:02.751207051Z  INFO  2020-09-23 02:16:02,750 [shard 0] init - creating snitch
2020-09-23T02:16:02.751954691Z  INFO  2020-09-23 02:16:02,751 [shard 0] init - determining DNS name
2020-09-23T02:16:02.751974547Z  INFO  2020-09-23 02:16:02,751 [shard 0] init - starting API server
2020-09-23T02:16:02.753158571Z  INFO  2020-09-23 02:16:02,752 [shard 0] init - Scylla API server listening on 127.0.0.1:10000 ...
2020-09-23T02:16:02.753993115Z  INFO  2020-09-23 02:16:02,753 [shard 0] init - initializing storage service
2020-09-23T02:16:02.754581623Z  INFO  2020-09-23 02:16:02,754 [shard 0] init - starting per-shard database core
2020-09-23T02:16:02.760437437Z  WARN  2020-09-23 02:16:02,760 [shard 0] init - I/O Scheduler is not properly configured! This is a non-supported setup, and performance is expected to be unpredictably bad.
2020-09-23T02:16:02.760462530Z   Reason found: none of --max-io-requests, --io-properties and --io-properties-file are set.
2020-09-23T02:16:02.760473506Z  To properly configure the I/O Scheduler, run the scylla_io_setup utility shipped with Scylla.
2020-09-23T02:16:02.760483403Z  
2020-09-23T02:16:02.761077742Z  INFO  2020-09-23 02:16:02,760 [shard 0] init - creating and verifying directories
2020-09-23T02:16:02.927834705Z  Connecting to http://localhost:10000
2020-09-23T02:16:02.927864101Z  Starting the JMX server
2020-09-23T02:16:03.468486416Z  JMX is enabled to receive remote connections on port: 7199
2020-09-23T02:16:03.468720522Z  2020-09-23 02:16:03,468 INFO success: scylla entered RUNNING state, process has stayed up for > than 1 seconds (startsecs)
2020-09-23T02:16:03.468802685Z  2020-09-23 02:16:03,468 INFO success: scylla-housekeeping entered RUNNING state, process has stayed up for > than 1 seconds (startsecs)
2020-09-23T02:16:03.468931365Z  2020-09-23 02:16:03,468 INFO success: sshd entered RUNNING state, process has stayed up for > than 1 seconds (startsecs)
2020-09-23T02:16:03.469005209Z  2020-09-23 02:16:03,468 INFO success: scylla-jmx entered RUNNING state, process has stayed up for > than 1 seconds (startsecs)
2020-09-23T02:16:03.469161449Z  2020-09-23 02:16:03,468 INFO success: rsyslog entered RUNNING state, process has stayed up for > than 1 seconds (startsecs)
2020-09-23T02:16:03.469234328Z  2020-09-23 02:16:03,469 INFO success: node-exporter entered RUNNING state, process has stayed up for > than 1 seconds (startsecs)
2020-09-23T02:16:03.851247785Z  INFO  2020-09-23 02:16:03,850 [shard 0] database - Populating Keyspace system_schema
2020-09-23T02:16:03.851284200Z  INFO  2020-09-23 02:16:03,850 [shard 0] database - Keyspace system_schema: Reading CF computed_columns id=cc7c7069-3740-33c1-92a4-c3de78dbd2c4 version=2b8c4439-de76-31e0-807f-3b7290a975d7
2020-09-23T02:16:03.851300483Z  INFO  2020-09-23 02:16:03,850 [shard 0] database - Keyspace system_schema: Reading CF view_virtual_columns id=08843b63-45dc-3be2-9798-a0418295cfaa version=c777531c-15f7-326f-8ebe-39fd0265c8c9
2020-09-23T02:16:03.851314314Z  INFO  2020-09-23 02:16:03,850 [shard 0] database - Keyspace system_schema: Reading CF dropped_columns id=5e7583b5-f3f4-3af1-9a39-b7e1d6f5f11f version=7426bc6c-4c2f-3200-8ad8-4329610ed59a
2020-09-23T02:16:03.851327910Z  INFO  2020-09-23 02:16:03,850 [shard 0] database - Keyspace system_schema: Reading CF indexes id=0feb57ac-311f-382f-ba6d-9024d305702f version=99c40462-8687-304e-abe3-2bdbef1f25aa
2020-09-23T02:16:03.851654112Z  INFO  2020-09-23 02:16:03,850 [shard 0] database - Keyspace system_schema: Reading CF functions id=96489b79-80be-3e14-a701-66a0b9159450 version=329ed804-55b3-3eee-ad61-d85317b96097
2020-09-23T02:16:03.851689770Z  INFO  2020-09-23 02:16:03,850 [shard 0] database - Keyspace system_schema: Reading CF columns id=24101c25-a2ae-3af7-87c1-b40ee1aca33f version=d33236d4-9bdd-3c09-abf0-a0bc5edc2526
2020-09-23T02:16:03.851705389Z  INFO  2020-09-23 02:16:03,850 [shard 0] database - Keyspace system_schema: Reading CF scylla_tables id=5d912ff1-f759-3665-b2c8-8042ab5103dd version=38e5e56b-155d-39b5-a0d2-8e5dcad42a26
2020-09-23T02:16:03.851719040Z  INFO  2020-09-23 02:16:03,850 [shard 0] database - Keyspace system_schema: Reading CF tables id=afddfb9d-bc1e-3068-8056-eed6c302ba09 version=b6240810-eeb7-36d5-9411-43b2d68dddab
2020-09-23T02:16:03.851732324Z  INFO  2020-09-23 02:16:03,850 [shard 0] database - Keyspace system_schema: Reading CF keyspaces id=abac5682-dea6-31c5-b535-b3d6cffd0fb6 version=e79ca8ba-6556-3f7d-925a-7f20cf57938c
2020-09-23T02:16:03.851745343Z  INFO  2020-09-23 02:16:03,850 [shard 0] database - Keyspace system_schema: Reading CF triggers id=4df70b66-6b05-3251-95a1-32b54005fd48 version=582d7071-1ef0-37c8-adc6-471a13636139
2020-09-23T02:16:03.851758723Z  INFO  2020-09-23 02:16:03,851 [shard 0] database - Keyspace system_schema: Reading CF views id=9786ac1c-dd58-3201-a7cd-ad556410c985 version=5b58bb47-96e7-3f57-accf-0bfca4dbbc6e
2020-09-23T02:16:03.851789976Z  INFO  2020-09-23 02:16:03,851 [shard 0] database - Keyspace system_schema: Reading CF types id=5a8b1ca8-6602-3f77-a045-9273d308917a version=de51b2ce-5e4d-3b7d-a75f-2204332ce8d1
2020-09-23T02:16:03.851804932Z  INFO  2020-09-23 02:16:03,851 [shard 0] database - Keyspace system_schema: Reading CF aggregates id=924c5587-2e3a-345b-b10c-12f37c1ba895 version=4b53e92c-0368-3d5c-b959-2ec1bfd1a59f
2020-09-23T02:16:07.955176449Z  Traceback (most recent call last):
2020-09-23T02:16:07.955201721Z    File "/opt/scylladb/scripts/libexec/scylla-housekeeping", line 208, in <module>
2020-09-23T02:16:07.955236448Z      args.func(args)
2020-09-23T02:16:07.955248322Z    File "/opt/scylladb/scripts/libexec/scylla-housekeeping", line 134, in check_version
2020-09-23T02:16:07.955258502Z      current_version = sanitize_version(get_api('/storage_service/scylla_release_version'))
2020-09-23T02:16:07.955268299Z    File "/opt/scylladb/scripts/libexec/scylla-housekeeping", line 93, in get_api
2020-09-23T02:16:07.955277994Z      return get_json_from_url("http://" + api_address + path)
2020-09-23T02:16:07.955287672Z    File "/opt/scylladb/scripts/libexec/scylla-housekeeping", line 88, in get_json_from_url
2020-09-23T02:16:07.955297482Z      raise RuntimeError(f'Failed to get "{path}" due to the following error: {retval}')
2020-09-23T02:16:07.955307317Z  RuntimeError: Failed to get "http://localhost:10000/storage_service/scylla_release_version" due to the following error: HTTP Error 404: Not Found
2020-09-23T02:16:08.123566126Z  INFO  2020-09-23 02:16:08,123 [shard 0] database - Found temporary sstable directory: "/var/lib/scylla/data/system_schema/computed_columns-cc7c7069374033c192a4c3de78dbd2c4/0000000000000398.sstable", removing
2020-09-23T02:16:08.123650119Z  INFO  2020-09-23 02:16:08,123 [shard 0] database - Found temporary sstable directory: "/var/lib/scylla/data/system_schema/computed_columns-cc7c7069374033c192a4c3de78dbd2c4/0000000000000399.sstable", removing
2020-09-23T02:16:08.124031299Z  INFO  2020-09-23 02:16:08,123 [shard 0] database - Found temporary sstable directory: "/var/lib/scylla/data/system_schema/scylla_tables-5d912ff1f7593665b2c88042ab5103dd/0000000000000403.sstable", removing
2020-09-23T02:16:08.124055478Z  INFO  2020-09-23 02:16:08,123 [shard 0] database - Found temporary sstable directory: "/var/lib/scylla/data/system_schema/scylla_tables-5d912ff1f7593665b2c88042ab5103dd/0000000000000402.sstable", removing
2020-09-23T02:16:08.124066985Z  INFO  2020-09-23 02:16:08,123 [shard 0] database - Found temporary sstable directory: "/var/lib/scylla/data/system_schema/views-9786ac1cdd583201a7cdad556410c985/0000000000000350.sstable", removing
2020-09-23T02:16:08.124386318Z  INFO  2020-09-23 02:16:08,123 [shard 0] database - Found temporary sstable directory: "/var/lib/scylla/data/system_schema/views-9786ac1cdd583201a7cdad556410c985/0000000000000347.sstable", removing
2020-09-23T02:16:08.124407663Z  INFO  2020-09-23 02:16:08,123 [shard 0] database - Found temporary sstable directory: "/var/lib/scylla/data/system_schema/aggregates-924c55872e3a345bb10c12f37c1ba895/0000000000000335.sstable", removing
2020-09-23T02:16:08.124419032Z  INFO  2020-09-23 02:16:08,124 [shard 0] database - Found temporary sstable directory: "/var/lib/scylla/data/system_schema/aggregates-924c55872e3a345bb10c12f37c1ba895/0000000000000338.sstable", removing
2020-09-23T02:16:08.200694438Z  WARN  2020-09-23 02:16:08,200 [shard 0] sstable - Deleting components of sstable from system_schema.scylla_tables of generation 402 that has a temporary TOC
2020-09-23T02:16:08.200722812Z  WARN  2020-09-23 02:16:08,200 [shard 0] sstable - Deleting components of sstable from system_schema.computed_columns of generation 398 that has a temporary TOC
2020-09-23T02:16:08.201995336Z  WARN  2020-09-23 02:16:08,201 [shard 0] sstable - Deleting components of sstable from system_schema.aggregates of generation 335 that has a temporary TOC
2020-09-23T02:16:08.271381901Z  WARN  2020-09-23 02:16:08,270 [shard 0] sstable - Deleting components of sstable from system_schema.views of generation 350 that has a temporary TOC
2020-09-23T02:16:08.392463166Z  WARN  2020-09-23 02:16:08,391 [shard 0] sstable - Deleting components of sstable from system_schema.computed_columns of generation 399 that has a temporary TOC
2020-09-23T02:16:08.484107267Z  WARN  2020-09-23 02:16:08,483 [shard 0] sstable - Deleting components of sstable from system_schema.scylla_tables of generation 403 that has a temporary TOC
2020-09-23T02:16:08.746650105Z  WARN  2020-09-23 02:16:08,745 [shard 0] sstable - Deleting components of sstable from system_schema.aggregates of generation 338 that has a temporary TOC
2020-09-23T02:16:08.872464008Z  WARN  2020-09-23 02:16:08,871 [shard 0] sstable - Deleting components of sstable from system_schema.views of generation 347 that has a temporary TOC
2020-09-23T02:16:09.445863162Z  INFO  2020-09-23 02:16:09,442 [shard 0] database - Populating Keyspace system
2020-09-23T02:16:09.445926480Z  INFO  2020-09-23 02:16:09,443 [shard 0] database - Keyspace system: Reading CF schema_aggregates id=a5fc57fc-9d6c-3bfd-a3fc-01ad54686fea version=d06c934f-9a69-374c-86f1-523ab26fb05c
2020-09-23T02:16:09.445948824Z  INFO  2020-09-23 02:16:09,443 [shard 0] database - Keyspace system: Reading CF schema_triggers id=0359bc71-7123-3ee1-9a4a-b9dfb11fc125 version=75e4ec4c-76da-3f59-984e-66810ba0c62b
2020-09-23T02:16:09.445968754Z  INFO  2020-09-23 02:16:09,443 [shard 0] database - Keyspace system: Reading CF compaction_history id=b4dbb7b4-dc49-3fb5-b3bf-ce6e434832ca version=25cae56a-8d75-39f3-a146-3756ab4981c7
2020-09-23T02:16:09.445987857Z  INFO  2020-09-23 02:16:09,443 [shard 0] database - Keyspace system: Reading CF compactions_in_progress id=55080ab0-5d9c-3886-90a4-acb25fe1f77b version=540263f1-40db-3869-8a38-3baadedc222d
2020-09-23T02:16:09.446007301Z  INFO  2020-09-23 02:16:09,443 [shard 0] database - Keyspace system: Reading CF range_xfers id=55d76438-4e55-3f8b-9f6e-676d4af3976d version=dd15a078-409b-350d-9bef-c5f3520832d8
2020-09-23T02:16:09.446025821Z  INFO  2020-09-23 02:16:09,443 [shard 0] database - Keyspace system: Reading CF scylla_views_builds_in_progress id=a04c7bfd-1e13-36c9-a44d-f22da352281d version=e3fb736c-6956-3990-a31d-9a482279e3fc
2020-09-23T02:16:09.446044692Z  INFO  2020-09-23 02:16:09,443 [shard 0] database - Keyspace system: Reading CF IndexInfo id=9f5c6374-d485-3229-9a0a-5094af9ad1e3 version=bbb3743b-351f-3023-b4fc-09a9be37d529
2020-09-23T02:16:09.446063378Z  INFO  2020-09-23 02:16:09,443 [shard 0] database - Keyspace system: Reading CF cdc_local id=0bcaffd4-0c83-3ead-ad13-dc1d5015b77c version=0aa4d3a2-ed95-3ecd-aba0-cd75622ad290
2020-09-23T02:16:09.446081968Z  INFO  2020-09-23 02:16:09,443 [shard 0] database - Keyspace system: Reading CF schema_columnfamilies id=45f5b360-24bc-3f83-a363-1034ea4fa697 version=7f7a5fea-07b7-304d-a6f8-f7aec72cabdb
2020-09-23T02:16:09.446125518Z  INFO  2020-09-23 02:16:09,443 [shard 0] database - Keyspace system: Reading CF batchlog id=0290003c-977e-397c-ac3e-fdfdc01d626b version=e2a2e804-49e4-3597-9f16-39fd9475835c
2020-09-23T02:16:09.446150166Z  INFO  2020-09-23 02:16:09,443 [shard 0] database - Keyspace system: Reading CF schema_functions id=d1b675fe-2b50-3ca4-8e49-c0f81989dcad version=a50959dd-2be0-3e4e-8bb5-cf40796e256a
2020-09-23T02:16:09.446169883Z  INFO  2020-09-23 02:16:09,444 [shard 0] database - Keyspace system: Reading CF peer_events id=59dfeaea-8db2-3341-91ef-109974d81484 version=7f874a05-72b8-3c21-9acb-baa164fc351a
2020-09-23T02:16:09.446188780Z  INFO  2020-09-23 02:16:09,444 [shard 0] database - Keyspace system: Reading CF local id=7ad54392-bcdd-35a6-8417-4e047860b377 version=7fa82c2e-5b67-37dd-8e5e-2079e18f1536
2020-09-23T02:16:09.446207623Z  INFO  2020-09-23 02:16:09,444 [shard 0] database - Keyspace system: Reading CF clients id=ca0f635d-8630-3609-8d93-a1fc06f2a5e5 version=51273ebf-e6f9-3cd5-b455-ea09ad29796f
2020-09-23T02:16:09.446226087Z  INFO  2020-09-23 02:16:09,444 [shard 0] database - Keyspace system: Reading CF size_estimates id=618f817b-005f-3678-b8a4-53f3930b8e86 version=6d4dbcff-f05b-3dc3-95ad-f79f7b10504d
2020-09-23T02:16:09.446244688Z  INFO  2020-09-23 02:16:09,444 [shard 0] database - Keyspace system: Reading CF large_partitions id=8a7fe624-96b0-34b1-b90e-f71bddcdd2d3 version=04fa9920-9369-3a96-be39-6dd9fdc816b6
2020-09-23T02:16:09.446263221Z  INFO  2020-09-23 02:16:09,444 [shard 0] database - Keyspace system: Reading CF schema_columns id=296e9c04-9bec-3085-827d-c17d3df2122a version=53cfbb66-ee0d-37be-97bb-b2afb3746f85
2020-09-23T02:16:09.446288010Z  INFO  2020-09-23 02:16:09,444 [shard 0] database - Keyspace system: Reading CF built_views id=4b3c50a9-ea87-3d76-9101-6dbc9c38494a version=a28aa0b3-6def-30a7-9fbe-ce78b3f3c9b9
2020-09-23T02:16:09.446298211Z  INFO  2020-09-23 02:16:09,444 [shard 0] database - Keyspace system: Reading CF peers id=37f71aca-7dc2-383b-a706-72528af04d4f version=f6f6871f-8c86-3eca-ac0b-2a2e848e395d
2020-09-23T02:16:09.446308255Z  INFO  2020-09-23 02:16:09,444 [shard 0] database - Keyspace system: Reading CF hints id=2666e205-73ef-38b3-90fe-fecf96e8f0c7 version=0b74fdd1-e96d-309e-a14e-a5bcd7ac885d
2020-09-23T02:16:09.446318227Z  INFO  2020-09-23 02:16:09,444 [shard 0] database - Keyspace system: Reading CF large_rows id=40550f66-0858-39a0-9430-f27fc08034e9 version=aee3acb0-7926-317b-848e-db7bc3721695
2020-09-23T02:16:09.446328365Z  INFO  2020-09-23 02:16:09,444 [shard 0] database - Keyspace system: Reading CF large_cells id=ead8bbc5-f146-3ae1-9f71-0b11f9a1d296 version=0d4a6937-a781-3f87-a192-b4e4a4a40acf
2020-09-23T02:16:09.446358906Z  INFO  2020-09-23 02:16:09,444 [shard 0] database - Keyspace system: Reading CF scylla_local id=2972ec7f-fb20-38dd-aac1-d876f2e3fcbd version=5f0b407d-eedf-3845-a48e-dbb9673d10e1
2020-09-23T02:16:09.446378782Z  INFO  2020-09-23 02:16:09,444 [shard 0] database - Keyspace system: Reading CF views_builds_in_progress id=b7f2c108-78cd-3c80-9cd5-d609b2bd149c version=b905cce5-1474-3085-819a-7592453e2fb9
2020-09-23T02:16:09.446408019Z  INFO  2020-09-23 02:16:09,444 [shard 0] database - Keyspace system: Reading CF schema_usertypes id=3aa75225-4f82-350b-8d5c-430fa221fa0a version=3c53e6bb-56d5-3618-a0b2-4ff5f18127d7
2020-09-23T02:16:09.446424908Z  INFO  2020-09-23 02:16:09,444 [shard 0] database - Keyspace system: Reading CF sstable_activity id=5a1ff267-ace0-3f12-8563-cfae6103c65e version=bdec57a3-b234-334b-be9c-7b1f33113995
2020-09-23T02:16:09.446436160Z  INFO  2020-09-23 02:16:09,444 [shard 0] database - Keyspace system: Reading CF truncated id=38c19fd0-fb86-3310-a4b7-0d0cc66628aa version=6da9a85c-7ae0-3917-aead-54a2f65a57a8
2020-09-23T02:16:09.446446437Z  INFO  2020-09-23 02:16:09,444 [shard 0] database - Keyspace system: Reading CF paxos id=b7b7f0c2-fd0a-3410-8c05-3ef614bb7c2d version=6dd372de-72fb-3e1b-9b8c-f97738a67fe9
2020-09-23T02:16:09.446471187Z  INFO  2020-09-23 02:16:09,445 [shard 0] database - Keyspace system: Reading CF schema_keyspaces id=b0f22357-4458-3cdb-9631-c43e59ce3676 version=84d28cef-59f9-34a9-9be5-31c684997f03
2020-09-23T02:16:19.214422513Z  INFO  2020-09-23 02:16:19,213 [shard 0] init - starting gossip
2020-09-23T02:16:19.214834948Z  WARN  2020-09-23 02:16:19,214 [shard 0] init - Using default cluster name is not recommended. Using a unique cluster name will reduce the chance of adding nodes to the wrong cluster by mistake
2020-09-23T02:16:19.215303955Z  INFO  2020-09-23 02:16:19,215 [shard 0] init - starting storage proxy
2020-09-23T02:16:19.227065258Z  INFO  2020-09-23 02:16:19,226 [shard 0] init - creating hints manager
2020-09-23T02:16:19.227678456Z  INFO  2020-09-23 02:16:19,227 [shard 1] init - creating hints manager
2020-09-23T02:16:19.227701409Z  INFO  2020-09-23 02:16:19,227 [shard 3] init - creating hints manager
2020-09-23T02:16:19.228162488Z  INFO  2020-09-23 02:16:19,227 [shard 2] init - creating hints manager
2020-09-23T02:16:19.228975428Z  INFO  2020-09-23 02:16:19,228 [shard 0] init - starting migration manager
2020-09-23T02:16:19.229443317Z  INFO  2020-09-23 02:16:19,229 [shard 0] init - starting query processor
2020-09-23T02:16:19.231574932Z  INFO  2020-09-23 02:16:19,231 [shard 0] init - initializing batchlog manager
2020-09-23T02:16:19.236966222Z  INFO  2020-09-23 02:16:19,236 [shard 0] legacy_schema_migrator - Moving 0 keyspaces from legacy schema tables to the new schema keyspace (system_schema)
2020-09-23T02:16:19.237432782Z  INFO  2020-09-23 02:16:19,237 [shard 0] legacy_schema_migrator - Dropping legacy schema tables
2020-09-23T02:16:31.586218587Z  INFO  2020-09-23 02:16:31,585 [shard 0] legacy_schema_migrator - Completed migration of legacy schema tables
2020-09-23T02:16:31.590265998Z  INFO  2020-09-23 02:16:31,589 [shard 0] init - loading system sstables
2020-09-23T02:16:46.003880097Z  INFO  2020-09-23 02:16:46,002 [shard 0] init - loading non-system sstables
2020-09-23T02:16:53.870323209Z  INFO  2020-09-23 02:16:53,869 [shard 0] database - Populating Keyspace dt
2020-09-23T02:16:53.870363824Z  INFO  2020-09-23 02:16:53,869 [shard 0] database - Keyspace dt: Reading CF source_element_idx_index id=68593f10-d77b-11ea-9877-000000000001 version=33e3f927-f730-3081-88e1-6bed2962e42a
2020-09-23T02:16:53.870376506Z  INFO  2020-09-23 02:16:53,869 [shard 0] database - Keyspace dt: Reading CF element_twin_idx_index id=630ae8b0-d77b-11ea-9877-000000000001 version=bc3026fd-bc4e-318d-b6f4-ca0b566cb74b
2020-09-23T02:16:53.870400231Z  INFO  2020-09-23 02:16:53,869 [shard 0] database - Keyspace dt: Reading CF source id=65ff2270-d77b-11ea-9877-000000000001 version=5f8471b7-7d19-31d4-9be5-0f153affb0bb
2020-09-23T02:16:53.870572542Z  INFO  2020-09-23 02:16:53,870 [shard 0] database - Keyspace dt: Reading CF source_data id=6af6cd50-d77b-11ea-9877-000000000001 version=b52400e3-b307-3141-b3fc-e5d63573f135
2020-09-23T02:16:53.870619956Z  INFO  2020-09-23 02:16:53,870 [shard 0] database - Keyspace dt: Reading CF element id=607549b0-d77b-11ea-9877-000000000001 version=f44a6c4b-69d8-37f2-b116-7260740acc6c
2020-09-23T02:16:53.870632079Z  INFO  2020-09-23 02:16:53,870 [shard 0] database - Keyspace dt: Reading CF twin id=5e00c740-d77b-11ea-9877-000000000001 version=6240633e-c8cc-3fea-a1e3-452eff1b9659
2020-09-23T02:16:53.870642468Z  INFO  2020-09-23 02:16:53,870 [shard 0] database - Keyspace dt: Reading CF user id=5c294820-d77b-11ea-9877-000000000001 version=02cce273-02f1-3e6a-8674-f1016e3f22d7
2020-09-23T02:16:53.870652559Z  INFO  2020-09-23 02:16:53,870 [shard 0] database - Populating Keyspace system_distributed
2020-09-23T02:16:53.870662473Z  INFO  2020-09-23 02:16:53,870 [shard 0] database - Keyspace system_distributed: Reading CF view_build_status id=5582b59f-8e4e-35e1-b913-3acada51eb04 version=e0b6e628-60e0-39a2-ada0-9b6c13bdd9bc
2020-09-23T02:16:53.870672565Z  INFO  2020-09-23 02:16:53,870 [shard 0] database - Keyspace system_distributed: Reading CF cdc_generations id=6a4df139-00b6-3d21-9efc-dade266dc3b7 version=2511b46b-df1d-39fa-9a77-f5cacf88af47
2020-09-23T02:16:53.870682763Z  INFO  2020-09-23 02:16:53,870 [shard 0] database - Keyspace system_distributed: Reading CF cdc_streams id=07405732-4620-34d6-a85e-947248dad9a4 version=b606cfa4-a37b-32bd-a624-e05cab2bed3c
2020-09-23T02:16:53.870692909Z  INFO  2020-09-23 02:16:53,870 [shard 0] database - Populating Keyspace system_auth
2020-09-23T02:16:53.870786799Z  INFO  2020-09-23 02:16:53,870 [shard 0] database - Keyspace system_auth: Reading CF roles id=5bc52802-de25-35ed-aeab-188eecebb090 version=d8f599da-7544-3f57-aa58-b229deea93e0
2020-09-23T02:16:53.870831250Z  INFO  2020-09-23 02:16:53,870 [shard 0] database - Keyspace system_auth: Reading CF role_members id=0ecdaa87-f8fb-3e60-88d1-74fb36fe5c0d version=2923b5bb-f2f8-36e8-9e73-19019900010c
2020-09-23T02:16:53.870843833Z  INFO  2020-09-23 02:16:53,870 [shard 0] database - Populating Keyspace system_traces
2020-09-23T02:16:53.870854189Z  INFO  2020-09-23 02:16:53,870 [shard 0] database - Keyspace system_traces: Reading CF sessions id=c5e99f16-8677-3914-b17e-960613512345 version=e0fc4b06-6cba-3b7b-bfb6-b42a77c370a9
2020-09-23T02:16:53.870864848Z  INFO  2020-09-23 02:16:53,870 [shard 0] database - Keyspace system_traces: Reading CF node_slow_log_time_idx id=f9706768-aa1e-3d87-9e5c-51a3927c2870 version=eaffc0bb-7b2c-3b64-8924-d8ba685120bc
2020-09-23T02:16:53.870875465Z  INFO  2020-09-23 02:16:53,870 [shard 0] database - Keyspace system_traces: Reading CF sessions_time_idx id=0ebf001c-c1d1-3693-9a63-c3d96ac53318 version=cd5d1e5f-1f42-3b9d-a8ba-3af39d59a7d5
2020-09-23T02:16:53.871038654Z  INFO  2020-09-23 02:16:53,870 [shard 0] database - Keyspace system_traces: Reading CF events id=8826e8e9-e16a-3728-8753-3bc1fc713c25 version=41a6b26e-a03b-3ae1-8a4a-b9446e7f9304
2020-09-23T02:16:53.871057161Z  INFO  2020-09-23 02:16:53,870 [shard 0] database - Keyspace system_traces: Reading CF node_slow_log id=bfcc4e62-5b63-3aa1-a1c3-6f5e47f3325c version=23e7a411-8414-340f-854d-20a3a637e438
2020-09-23T02:16:59.834044376Z  INFO  2020-09-23 02:16:59,833 [shard 0] init - starting view update generator
2020-09-23T02:16:59.834685464Z  INFO  2020-09-23 02:16:59,834 [shard 0] init - discovering staging sstables
2020-09-23T02:16:59.835720987Z  INFO  2020-09-23 02:16:59,835 [shard 0] init - setting up system keyspace
2020-09-23T02:16:59.854857729Z  INFO  2020-09-23 02:16:59,854 [shard 0] init - starting commit log
2020-09-23T02:16:59.855177748Z  INFO  2020-09-23 02:16:59,854 [shard 0] init - replaying commit log
2020-09-23T02:16:59.859722195Z  INFO  2020-09-23 02:16:59,859 [shard 0] commitlog_replayer - Replaying /var/lib/scylla/commitlog/CommitLog-1-1082311842.log, /var/lib/scylla/commitlog/CommitLog-1-54043196610757795.log, /var/lib/scylla/commitlog/CommitLog-1-1082311843.log, /var/lib/scylla/commitlog/CommitLog-1-54043196610757796.log, /var/lib/scylla/commitlog/CommitLog-1-54043196610757797.log, /var/lib/scylla/commitlog/CommitLog-1-36028798101275812.log, /var/lib/scylla/commitlog/CommitLog-1-36028798101275813.log, /var/lib/scylla/commitlog/CommitLog-1-18014399591793828.log, /var/lib/scylla/commitlog/CommitLog-1-1082311844.log, /var/lib/scylla/commitlog/CommitLog-1-18014399591793827.log, /var/lib/scylla/commitlog/CommitLog-1-36028798101275811.log
2020-09-23T02:16:59.867350130Z  INFO  2020-09-23 02:16:59,867 [shard 0] commitlog_replayer - Log replay complete, 316 replayed mutations (0 invalid, 0 skipped)
2020-09-23T02:16:59.868103681Z  INFO  2020-09-23 02:16:59,867 [shard 0] init - replaying commit log - flushing memtables
2020-09-23T02:17:13.725655803Z  INFO  2020-09-23 02:17:13,724 [shard 0] init - replaying commit log - removing old commitlog segments
2020-09-23T02:17:13.726051474Z  INFO  2020-09-23 02:17:13,725 [shard 0] compaction - Compacting [/var/lib/scylla/data/system/compaction_history-b4dbb7b4dc493fb5b3bfce6e434832ca/mc-620-big-Data.db:level=0, /var/lib/scylla/data/system/compaction_history-b4dbb7b4dc493fb5b3bfce6e434832ca/mc-616-big-Data.db:level=0, /var/lib/scylla/data/system/compaction_history-b4dbb7b4dc493fb5b3bfce6e434832ca/mc-612-big-Data.db:level=0, ]
2020-09-23T02:17:13.726542260Z  INFO  2020-09-23 02:17:13,725 [shard 0] compaction - Compacting [/var/lib/scylla/data/system/truncated-38c19fd0fb863310a4b70d0cc66628aa/mc-1152-big-Data.db:level=0, /var/lib/scylla/data/system/truncated-38c19fd0fb863310a4b70d0cc66628aa/mc-1156-big-Data.db:level=0, /var/lib/scylla/data/system/truncated-38c19fd0fb863310a4b70d0cc66628aa/mc-1148-big-Data.db:level=0, ]
2020-09-23T02:17:13.726591896Z  INFO  2020-09-23 02:17:13,725 [shard 1] compaction - Compacting [/var/lib/scylla/data/system/compaction_history-b4dbb7b4dc493fb5b3bfce6e434832ca/mc-621-big-Data.db:level=0, /var/lib/scylla/data/system/compaction_history-b4dbb7b4dc493fb5b3bfce6e434832ca/mc-617-big-Data.db:level=0, /var/lib/scylla/data/system/compaction_history-b4dbb7b4dc493fb5b3bfce6e434832ca/mc-613-big-Data.db:level=0, ]
2020-09-23T02:17:13.726973335Z  INFO  2020-09-23 02:17:13,726 [shard 1] compaction - Compacting [/var/lib/scylla/data/system/local-7ad54392bcdd35a684174e047860b377/mc-2485-big-Data.db:level=0, /var/lib/scylla/data/system/local-7ad54392bcdd35a684174e047860b377/mc-2489-big-Data.db:level=0, /var/lib/scylla/data/system/local-7ad54392bcdd35a684174e047860b377/mc-2493-big-Data.db:level=0, /var/lib/scylla/data/system/local-7ad54392bcdd35a684174e047860b377/mc-2481-big-Data.db:level=0, ]
2020-09-23T02:17:13.727870542Z  INFO  2020-09-23 02:17:13,727 [shard 2] compaction - Compacting [/var/lib/scylla/data/system_schema/dropped_columns-5e7583b5f3f43af19a39b7e1d6f5f11f/mc-490-big-Data.db:level=0, /var/lib/scylla/data/system_schema/dropped_columns-5e7583b5f3f43af19a39b7e1d6f5f11f/mc-494-big-Data.db:level=0, /var/lib/scylla/data/system_schema/dropped_columns-5e7583b5f3f43af19a39b7e1d6f5f11f/mc-486-big-Data.db:level=0, ]
2020-09-23T02:17:13.728580226Z  INFO  2020-09-23 02:17:13,728 [shard 2] compaction - Compacting [/var/lib/scylla/data/system/compaction_history-b4dbb7b4dc493fb5b3bfce6e434832ca/mc-634-big-Data.db:level=0, /var/lib/scylla/data/system/compaction_history-b4dbb7b4dc493fb5b3bfce6e434832ca/mc-630-big-Data.db:level=0, /var/lib/scylla/data/system/compaction_history-b4dbb7b4dc493fb5b3bfce6e434832ca/mc-626-big-Data.db:level=0, ]
2020-09-23T02:17:13.729178900Z  INFO  2020-09-23 02:17:13,728 [shard 2] compaction - Compacting [/var/lib/scylla/data/system_schema/keyspaces-abac5682dea631c5b535b3d6cffd0fb6/mc-486-big-Data.db:level=0, /var/lib/scylla/data/system_schema/keyspaces-abac5682dea631c5b535b3d6cffd0fb6/mc-490-big-Data.db:level=0, /var/lib/scylla/data/system_schema/keyspaces-abac5682dea631c5b535b3d6cffd0fb6/mc-482-big-Data.db:level=0, ]
2020-09-23T02:17:13.729847402Z  INFO  2020-09-23 02:17:13,729 [shard 2] compaction - Compacting [/var/lib/scylla/data/system_schema/views-9786ac1cdd583201a7cdad556410c985/mc-350-big-Data.db:level=0, /var/lib/scylla/data/system_schema/views-9786ac1cdd583201a7cdad556410c985/mc-346-big-Data.db:level=0, ]
2020-09-23T02:17:13.730513763Z  INFO  2020-09-23 02:17:13,730 [shard 2] compaction - Compacting [/var/lib/scylla/data/system_schema/scylla_tables-5d912ff1f7593665b2c88042ab5103dd/mc-402-big-Data.db:level=0, /var/lib/scylla/data/system_schema/scylla_tables-5d912ff1f7593665b2c88042ab5103dd/mc-398-big-Data.db:level=0, ]
2020-09-23T02:17:13.731995337Z  INFO  2020-09-23 02:17:13,727 [shard 3] compaction - Compacting [/var/lib/scylla/data/system/peers-37f71aca7dc2383ba70672528af04d4f/mc-15-big-Data.db:level=0, /var/lib/scylla/data/system/peers-37f71aca7dc2383ba70672528af04d4f/mc-11-big-Data.db:level=0, /var/lib/scylla/data/system/peers-37f71aca7dc2383ba70672528af04d4f/mc-7-big-Data.db:level=0, ]
2020-09-23T02:17:13.732556203Z  INFO  2020-09-23 02:17:13,731 [shard 3] compaction - Compacting [/var/lib/scylla/data/system_schema/dropped_columns-5e7583b5f3f43af19a39b7e1d6f5f11f/mc-491-big-Data.db:level=0, /var/lib/scylla/data/system_schema/dropped_columns-5e7583b5f3f43af19a39b7e1d6f5f11f/mc-495-big-Data.db:level=0, /var/lib/scylla/data/system_schema/dropped_columns-5e7583b5f3f43af19a39b7e1d6f5f11f/mc-487-big-Data.db:level=0, ]
2020-09-23T02:17:13.733085238Z  INFO  2020-09-23 02:17:13,732 [shard 3] compaction - Compacting [/var/lib/scylla/data/system/compaction_history-b4dbb7b4dc493fb5b3bfce6e434832ca/mc-635-big-Data.db:level=0, /var/lib/scylla/data/system/compaction_history-b4dbb7b4dc493fb5b3bfce6e434832ca/mc-631-big-Data.db:level=0, /var/lib/scylla/data/system/compaction_history-b4dbb7b4dc493fb5b3bfce6e434832ca/mc-627-big-Data.db:level=0, ]
2020-09-23T02:17:13.733630419Z  INFO  2020-09-23 02:17:13,733 [shard 3] compaction - Compacting [/var/lib/scylla/data/system_schema/scylla_tables-5d912ff1f7593665b2c88042ab5103dd/mc-403-big-Data.db:level=0, /var/lib/scylla/data/system_schema/scylla_tables-5d912ff1f7593665b2c88042ab5103dd/mc-399-big-Data.db:level=0, ]
2020-09-23T02:17:13.734116568Z  INFO  2020-09-23 02:17:13,733 [shard 3] compaction - Compacting [/var/lib/scylla/data/system_schema/indexes-0feb57ac311f382fba6d9024d305702f/mc-447-big-Data.db:level=0, /var/lib/scylla/data/system_schema/indexes-0feb57ac311f382fba6d9024d305702f/mc-443-big-Data.db:level=0, /var/lib/scylla/data/system_schema/indexes-0feb57ac311f382fba6d9024d305702f/mc-439-big-Data.db:level=0, ]
2020-09-23T02:17:13.736514697Z  INFO  2020-09-23 02:17:13,736 [shard 3] compaction - Compacting [/var/lib/scylla/data/system_schema/functions-96489b7980be3e14a70166a0b9159450/mc-423-big-Data.db:level=0, /var/lib/scylla/data/system_schema/functions-96489b7980be3e14a70166a0b9159450/mc-431-big-Data.db:level=0, /var/lib/scylla/data/system_schema/functions-96489b7980be3e14a70166a0b9159450/mc-427-big-Data.db:level=0, ]
2020-09-23T02:17:13.739687537Z  INFO  2020-09-23 02:17:13,739 [shard 0] init - initializing migration manager RPC verbs
2020-09-23T02:17:13.740286647Z  INFO  2020-09-23 02:17:13,740 [shard 0] init - initializing storage proxy RPC verbs
2020-09-23T02:17:13.740882596Z  INFO  2020-09-23 02:17:13,740 [shard 0] init - starting streaming service
2020-09-23T02:17:13.742014487Z  INFO  2020-09-23 02:17:13,741 [shard 0] init - starting hinted handoff manager
2020-09-23T02:17:15.592831969Z  INFO  2020-09-23 02:17:15,591 [shard 3] compaction - Compacted 3 sstables to []. 16431 bytes to 0 (~0% of original) in 2ms = 0.00MB/s. ~384 total partitions merged to 0.
2020-09-23T02:17:15.593261636Z  INFO  2020-09-23 02:17:15,592 [shard 0] init - starting messaging service
2020-09-23T02:17:15.593973980Z  INFO  2020-09-23 02:17:15,593 [shard 0] repair - Setting max_repair_memory=168820736, max_repair_memory_per_range=33554432, max_repair_ranges_in_parallel=5
2020-09-23T02:17:15.595457904Z  INFO  2020-09-23 02:17:15,595 [shard 0] init - starting storage service
2020-09-23T02:17:15.597692787Z  INFO  2020-09-23 02:17:15,597 [shard 0] storage_service - Loading persisted ring state
2020-09-23T02:17:15.602341198Z  INFO  2020-09-23 02:17:15,601 [shard 0] storage_service - loaded_peer_features: peer_features size=0
2020-09-23T02:17:15.602371798Z  INFO  2020-09-23 02:17:15,602 [shard 0] storage_service - Checking remote features skipped, since this node is a new seed node which knows nothing about the cluster
2020-09-23T02:17:15.604033082Z  INFO  2020-09-23 02:17:15,603 [shard 0] storage_service - Restarting a node in NORMAL status
2020-09-23T02:17:15.638082953Z  INFO  2020-09-23 02:17:15,637 [shard 0] database - Schema version changed to 3f00f995-6495-3765-8599-4e76a2f4c6b2
2020-09-23T02:17:15.638503428Z  INFO  2020-09-23 02:17:15,637 [shard 0] storage_service - Starting up server gossip
2020-09-23T02:17:17.316482663Z  INFO  2020-09-23 02:17:17,315 [shard 2] compaction - Compacting [/var/lib/scylla/data/system_schema/view_virtual_columns-08843b6345dc3be29798a0418295cfaa/mc-438-big-Data.db:level=0, /var/lib/scylla/data/system_schema/view_virtual_columns-08843b6345dc3be29798a0418295cfaa/mc-430-big-Data.db:level=0, /var/lib/scylla/data/system_schema/view_virtual_columns-08843b6345dc3be29798a0418295cfaa/mc-434-big-Data.db:level=0, ]
2020-09-23T02:17:17.317371942Z  INFO  2020-09-23 02:17:17,315 [shard 2] compaction - Compacting [/var/lib/scylla/data/system_schema/computed_columns-cc7c7069374033c192a4c3de78dbd2c4/mc-398-big-Data.db:level=0, /var/lib/scylla/data/system_schema/computed_columns-cc7c7069374033c192a4c3de78dbd2c4/mc-394-big-Data.db:level=0, ]
2020-09-23T02:17:17.317422683Z  INFO  2020-09-23 02:17:17,316 [shard 2] compaction - Compacting [/var/lib/scylla/data/system/truncated-38c19fd0fb863310a4b70d0cc66628aa/mc-850-big-Data.db:level=0, /var/lib/scylla/data/system/truncated-38c19fd0fb863310a4b70d0cc66628aa/mc-846-big-Data.db:level=0, /var/lib/scylla/data/system/truncated-38c19fd0fb863310a4b70d0cc66628aa/mc-842-big-Data.db:level=0, ]
2020-09-23T02:17:17.318922146Z  INFO  2020-09-23 02:17:17,318 [shard 2] compaction - Compacting [/var/lib/scylla/data/system_schema/columns-24101c25a2ae3af787c1b40ee1aca33f/mc-494-big-Data.db:level=0, /var/lib/scylla/data/system_schema/columns-24101c25a2ae3af787c1b40ee1aca33f/mc-498-big-Data.db:level=0, /var/lib/scylla/data/system_schema/columns-24101c25a2ae3af787c1b40ee1aca33f/mc-490-big-Data.db:level=0, ]
2020-09-23T02:17:17.543461448Z  INFO  2020-09-23 02:17:17,542 [shard 3] compaction - Compacting [/var/lib/scylla/data/system_schema/triggers-4df70b666b05325195a132b54005fd48/mc-419-big-Data.db:level=0, /var/lib/scylla/data/system_schema/triggers-4df70b666b05325195a132b54005fd48/mc-415-big-Data.db:level=0, /var/lib/scylla/data/system_schema/triggers-4df70b666b05325195a132b54005fd48/mc-411-big-Data.db:level=0, ]
2020-09-23T02:17:17.544315040Z  INFO  2020-09-23 02:17:17,543 [shard 3] compaction - Compacting [/var/lib/scylla/data/system_schema/view_virtual_columns-08843b6345dc3be29798a0418295cfaa/mc-439-big-Data.db:level=0, /var/lib/scylla/data/system_schema/view_virtual_columns-08843b6345dc3be29798a0418295cfaa/mc-435-big-Data.db:level=0, /var/lib/scylla/data/system_schema/view_virtual_columns-08843b6345dc3be29798a0418295cfaa/mc-431-big-Data.db:level=0, ]
2020-09-23T02:17:17.545201147Z  INFO  2020-09-23 02:17:17,544 [shard 3] compaction - Compacting [/var/lib/scylla/data/system_schema/computed_columns-cc7c7069374033c192a4c3de78dbd2c4/mc-399-big-Data.db:level=0, /var/lib/scylla/data/system_schema/computed_columns-cc7c7069374033c192a4c3de78dbd2c4/mc-395-big-Data.db:level=0, ]
2020-09-23T02:17:17.545860373Z  INFO  2020-09-23 02:17:17,545 [shard 3] compaction - Compacting [/var/lib/scylla/data/system_schema/columns-24101c25a2ae3af787c1b40ee1aca33f/mc-495-big-Data.db:level=0, /var/lib/scylla/data/system_schema/columns-24101c25a2ae3af787c1b40ee1aca33f/mc-499-big-Data.db:level=0, /var/lib/scylla/data/system_schema/columns-24101c25a2ae3af787c1b40ee1aca33f/mc-491-big-Data.db:level=0, ]
2020-09-23T02:17:17.602207956Z  INFO  2020-09-23 02:17:17,601 [shard 1] compaction - Compacted 3 sstables to [/var/lib/scylla/data/system/compaction_history-b4dbb7b4dc493fb5b3bfce6e434832ca/mc-625-big-Data.db:level=0, ]. 124582 bytes to 113915 (~91% of original) in 2202ms = 0.05MB/s. ~512 total partitions merged to 231.
2020-09-23T02:17:17.602783121Z  INFO  2020-09-23 02:17:17,602 [shard 1] compaction - Compacted 4 sstables to [/var/lib/scylla/data/system/local-7ad54392bcdd35a684174e047860b377/mc-2497-big-Data.db:level=0, ]. 31114 bytes to 12598 (~40% of original) in 2202ms = 0.01MB/s. ~512 total partitions merged to 1.
2020-09-23T02:17:17.804756213Z  INFO  2020-09-23 02:17:17,804 [shard 0] compaction - Compacted 3 sstables to [/var/lib/scylla/data/system/truncated-38c19fd0fb863310a4b70d0cc66628aa/mc-1160-big-Data.db:level=0, ]. 158418 bytes to 76903 (~48% of original) in 2914ms = 0.03MB/s. ~384 total partitions merged to 2.
2020-09-23T02:17:17.805272739Z  INFO  2020-09-23 02:17:17,804 [shard 0] compaction - Compacted 3 sstables to [/var/lib/scylla/data/system/compaction_history-b4dbb7b4dc493fb5b3bfce6e434832ca/mc-624-big-Data.db:level=0, ]. 220704 bytes to 112275 (~50% of original) in 2914ms = 0.04MB/s. ~512 total partitions merged to 237.
2020-09-23T02:17:18.158054308Z  INFO  2020-09-23 02:17:18,157 [shard 1] compaction - Compacting [/var/lib/scylla/data/system/local-7ad54392bcdd35a684174e047860b377/mc-2501-big-Data.db:level=0, /var/lib/scylla/data/system/local-7ad54392bcdd35a684174e047860b377/mc-2497-big-Data.db:level=0, ]
2020-09-23T02:17:18.159183808Z  INFO  2020-09-23 02:17:18,158 [shard 0] messaging_service - Starting Messaging Service on port 7000
2020-09-23T02:17:19.775871655Z  INFO  2020-09-23 02:17:19,774 [shard 1] compaction - Compacted 2 sstables to [/var/lib/scylla/data/system/local-7ad54392bcdd35a684174e047860b377/mc-2505-big-Data.db:level=0, ]. 18690 bytes to 12275 (~65% of original) in 1064ms = 0.01MB/s. ~256 total partitions merged to 1.
2020-09-23T02:17:20.327666585Z  INFO  2020-09-23 02:17:20,327 [shard 2] compaction - Compacted 2 sstables to [/var/lib/scylla/data/system_schema/scylla_tables-5d912ff1f7593665b2c88042ab5103dd/mc-406-big-Data.db:level=0, ]. 11914 bytes to 6128 (~51% of original) in 3585ms = 0.00MB/s. ~256 total partitions merged to 1.
2020-09-23T02:17:20.327707281Z  INFO  2020-09-23 02:17:20,327 [shard 2] compaction - Compacted 3 sstables to [/var/lib/scylla/data/system_schema/dropped_columns-5e7583b5f3f43af19a39b7e1d6f5f11f/mc-498-big-Data.db:level=0, ]. 15984 bytes to 5642 (~35% of original) in 3587ms = 0.00MB/s. ~384 total partitions merged to 1.
2020-09-23T02:17:20.634975062Z  INFO  2020-09-23 02:17:20,633 [shard 3] compaction - Compacted 3 sstables to [/var/lib/scylla/data/system_schema/functions-96489b7980be3e14a70166a0b9159450/mc-435-big-Data.db:level=0, ]. 16890 bytes to 5945 (~35% of original) in 3806ms = 0.00MB/s. ~384 total partitions merged to 1.
2020-09-23T02:17:20.635033459Z  INFO  2020-09-23 02:17:20,634 [shard 3] compaction - Compacted 3 sstables to [/var/lib/scylla/data/system_schema/dropped_columns-5e7583b5f3f43af19a39b7e1d6f5f11f/mc-499-big-Data.db:level=0, ]. 16424 bytes to 5795 (~35% of original) in 3811ms = 0.00MB/s. ~384 total partitions merged to 1.
2020-09-23T02:17:20.781044238Z  INFO  2020-09-23 02:17:20,780 [shard 2] compaction - Compacted 2 sstables to [/var/lib/scylla/data/system_schema/views-9786ac1cdd583201a7cdad556410c985/mc-354-big-Data.db:level=0, ]. 13699 bytes to 7005 (~51% of original) in 3586ms = 0.00MB/s. ~256 total partitions merged to 1.
2020-09-23T02:17:20.781457060Z  INFO  2020-09-23 02:17:20,781 [shard 2] compaction - Compacted 3 sstables to [/var/lib/scylla/data/system_schema/keyspaces-abac5682dea631c5b535b3d6cffd0fb6/mc-494-big-Data.db:level=0, ]. 67312 bytes to 56726 (~84% of original) in 3587ms = 0.02MB/s. ~384 total partitions merged to 2.
2020-09-23T02:17:20.783220830Z  INFO  2020-09-23 02:17:20,782 [shard 2] compaction - Compacted 3 sstables to [/var/lib/scylla/data/system/compaction_history-b4dbb7b4dc493fb5b3bfce6e434832ca/mc-638-big-Data.db:level=0, ]. 198698 bytes to 111981 (~56% of original) in 3590ms = 0.03MB/s. ~512 total partitions merged to 204.
2020-09-23T02:17:21.031145186Z  INFO  2020-09-23 02:17:21,030 [shard 3] compaction - Compacted 2 sstables to [/var/lib/scylla/data/system_schema/scylla_tables-5d912ff1f7593665b2c88042ab5103dd/mc-407-big-Data.db:level=0, ]. 12520 bytes to 6441 (~51% of original) in 3811ms = 0.00MB/s. ~256 total partitions merged to 1.
2020-09-23T02:17:21.224151272Z  INFO  2020-09-23 02:17:21,223 [shard 3] compaction - Compacted 3 sstables to [/var/lib/scylla/data/system/compaction_history-b4dbb7b4dc493fb5b3bfce6e434832ca/mc-639-big-Data.db:level=0, ]. 242448 bytes to 110569 (~45% of original) in 3813ms = 0.03MB/s. ~512 total partitions merged to 192.
2020-09-23T02:17:21.224692922Z  INFO  2020-09-23 02:17:21,223 [shard 3] compaction - Compacted 3 sstables to [/var/lib/scylla/data/system_schema/indexes-0feb57ac311f382fba6d9024d305702f/mc-451-big-Data.db:level=0, ]. 23134 bytes to 12790 (~55% of original) in 3811ms = 0.00MB/s. ~384 total partitions merged to 2.
2020-09-23T02:17:22.476693848Z  INFO  2020-09-23 02:17:22,475 [shard 2] compaction - Compacting [/var/lib/scylla/data/system_schema/aggregates-924c55872e3a345bb10c12f37c1ba895/mc-338-big-Data.db:level=0, /var/lib/scylla/data/system_schema/aggregates-924c55872e3a345bb10c12f37c1ba895/mc-334-big-Data.db:level=0, ]
2020-09-23T02:17:22.478449684Z  INFO  2020-09-23 02:17:22,477 [shard 2] compaction - Compacting [/var/lib/scylla/data/system_schema/functions-96489b7980be3e14a70166a0b9159450/mc-426-big-Data.db:level=0, /var/lib/scylla/data/system_schema/functions-96489b7980be3e14a70166a0b9159450/mc-418-big-Data.db:level=0, /var/lib/scylla/data/system_schema/functions-96489b7980be3e14a70166a0b9159450/mc-422-big-Data.db:level=0, ]
2020-09-23T02:17:22.478491882Z  INFO  2020-09-23 02:17:22,478 [shard 2] compaction - Compacting [/var/lib/scylla/data/system_schema/tables-afddfb9dbc1e30688056eed6c302ba09/mc-414-big-Data.db:level=0, /var/lib/scylla/data/system_schema/tables-afddfb9dbc1e30688056eed6c302ba09/mc-418-big-Data.db:level=0, /var/lib/scylla/data/system_schema/tables-afddfb9dbc1e30688056eed6c302ba09/mc-410-big-Data.db:level=0, ]
2020-09-23T02:17:23.347514424Z  INFO  2020-09-23 02:17:23,346 [shard 3] compaction - Compacting [/var/lib/scylla/data/system_schema/types-5a8b1ca866023f77a0459273d308917a/mc-371-big-Data.db:level=0, /var/lib/scylla/data/system_schema/types-5a8b1ca866023f77a0459273d308917a/mc-363-big-Data.db:level=0, /var/lib/scylla/data/system_schema/types-5a8b1ca866023f77a0459273d308917a/mc-367-big-Data.db:level=0, ]
2020-09-23T02:17:23.348965676Z  INFO  2020-09-23 02:17:23,348 [shard 3] compaction - Compacting [/var/lib/scylla/data/system_schema/keyspaces-abac5682dea631c5b535b3d6cffd0fb6/mc-467-big-Data.db:level=0, /var/lib/scylla/data/system_schema/keyspaces-abac5682dea631c5b535b3d6cffd0fb6/mc-471-big-Data.db:level=0, /var/lib/scylla/data/system_schema/keyspaces-abac5682dea631c5b535b3d6cffd0fb6/mc-463-big-Data.db:level=0, ]
2020-09-23T02:17:23.405319038Z  INFO  2020-09-23 02:17:23,404 [shard 3] compaction - Compacting [/var/lib/scylla/data/system_schema/tables-afddfb9dbc1e30688056eed6c302ba09/mc-415-big-Data.db:level=0, /var/lib/scylla/data/system_schema/tables-afddfb9dbc1e30688056eed6c302ba09/mc-419-big-Data.db:level=0, /var/lib/scylla/data/system_schema/tables-afddfb9dbc1e30688056eed6c302ba09/mc-411-big-Data.db:level=0, ]
2020-09-23T02:17:23.865661433Z  INFO  2020-09-23 02:17:23,865 [shard 2] compaction - Compacted 2 sstables to [/var/lib/scylla/data/system_schema/computed_columns-cc7c7069374033c192a4c3de78dbd2c4/mc-402-big-Data.db:level=0, ]. 10551 bytes to 5431 (~51% of original) in 5159ms = 0.00MB/s. ~256 total partitions merged to 1.
2020-09-23T02:17:24.048847663Z  INFO  2020-09-23 02:17:24,048 [shard 2] compaction - Compacted 3 sstables to [/var/lib/scylla/data/system_schema/view_virtual_columns-08843b6345dc3be29798a0418295cfaa/mc-442-big-Data.db:level=0, ]. 16452 bytes to 5798 (~35% of original) in 5161ms = 0.00MB/s. ~384 total partitions merged to 1.
2020-09-23T02:17:24.048880827Z  INFO  2020-09-23 02:17:24,048 [shard 2] compaction - Compacted 3 sstables to [/var/lib/scylla/data/system_schema/columns-24101c25a2ae3af787c1b40ee1aca33f/mc-502-big-Data.db:level=0, ]. 78654 bytes to 61699 (~78% of original) in 5158ms = 0.01MB/s. ~384 total partitions merged to 2.
2020-09-23T02:17:24.049612218Z  INFO  2020-09-23 02:17:24,049 [shard 2] compaction - Compacted 3 sstables to [/var/lib/scylla/data/system/truncated-38c19fd0fb863310a4b70d0cc66628aa/mc-854-big-Data.db:level=0, ]. 167629 bytes to 56246 (~33% of original) in 5162ms = 0.01MB/s. ~384 total partitions merged to 4.
2020-09-23T02:17:24.315494432Z  INFO  2020-09-23 02:17:24,314 [shard 3] compaction - Compacted 3 sstables to [/var/lib/scylla/data/system_schema/triggers-4df70b666b05325195a132b54005fd48/mc-423-big-Data.db:level=0, ]. 15932 bytes to 5679 (~35% of original) in 5803ms = 0.00MB/s. ~384 total partitions merged to 1.
2020-09-23T02:17:24.315948539Z  INFO  2020-09-23 02:17:24,315 [shard 3] compaction - Compacted 3 sstables to [/var/lib/scylla/data/system_schema/view_virtual_columns-08843b6345dc3be29798a0418295cfaa/mc-443-big-Data.db:level=0, ]. 23510 bytes to 12927 (~54% of original) in 5804ms = 0.00MB/s. ~384 total partitions merged to 2.
2020-09-23T02:17:24.441915048Z  INFO  2020-09-23 02:17:24,441 [shard 3] compaction - Compacted 2 sstables to [/var/lib/scylla/data/system_schema/computed_columns-cc7c7069374033c192a4c3de78dbd2c4/mc-403-big-Data.db:level=0, ]. 17544 bytes to 12458 (~71% of original) in 5805ms = 0.00MB/s. ~256 total partitions merged to 2.
2020-09-23T02:17:24.503233075Z  INFO  2020-09-23 02:17:24,502 [shard 3] compaction - Compacted 3 sstables to [/var/lib/scylla/data/system_schema/columns-24101c25a2ae3af787c1b40ee1aca33f/mc-503-big-Data.db:level=0, ]. 76124 bytes to 57505 (~75% of original) in 5859ms = 0.01MB/s. ~384 total partitions merged to 4.
2020-09-23T02:17:24.737121373Z  INFO  2020-09-23 02:17:24,736 [shard 2] compaction - Compacting [/var/lib/scylla/data/system_schema/triggers-4df70b666b05325195a132b54005fd48/mc-426-big-Data.db:level=0, /var/lib/scylla/data/system_schema/triggers-4df70b666b05325195a132b54005fd48/mc-422-big-Data.db:level=0, /var/lib/scylla/data/system_schema/triggers-4df70b666b05325195a132b54005fd48/mc-418-big-Data.db:level=0, ]
2020-09-23T02:17:25.197566760Z  INFO  2020-09-23 02:17:25,197 [shard 3] compaction - Compacting [/var/lib/scylla/data/system_schema/aggregates-924c55872e3a345bb10c12f37c1ba895/mc-335-big-Data.db:level=0, /var/lib/scylla/data/system_schema/aggregates-924c55872e3a345bb10c12f37c1ba895/mc-331-big-Data.db:level=0, ]
2020-09-23T02:17:25.199256531Z  INFO  2020-09-23 02:17:25,198 [shard 3] compaction - Compacting [/var/lib/scylla/data/system_schema/views-9786ac1cdd583201a7cdad556410c985/mc-347-big-Data.db:level=0, /var/lib/scylla/data/system_schema/views-9786ac1cdd583201a7cdad556410c985/mc-343-big-Data.db:level=0, ]
2020-09-23T02:17:25.704575564Z  INFO  2020-09-23 02:17:25,703 [shard 2] compaction - Compacted 2 sstables to [/var/lib/scylla/data/system_schema/aggregates-924c55872e3a345bb10c12f37c1ba895/mc-342-big-Data.db:level=0, ]. 11133 bytes to 5722 (~51% of original) in 2259ms = 0.00MB/s. ~256 total partitions merged to 1.
2020-09-23T02:17:25.839774886Z  INFO  2020-09-23 02:17:25,839 [shard 2] compaction - Compacted 3 sstables to [/var/lib/scylla/data/system_schema/functions-96489b7980be3e14a70166a0b9159450/mc-430-big-Data.db:level=0, ]. 16995 bytes to 5979 (~35% of original) in 2258ms = 0.00MB/s. ~384 total partitions merged to 1.
2020-09-23T02:17:25.841041513Z  INFO  2020-09-23 02:17:25,840 [shard 2] compaction - Compacted 3 sstables to [/var/lib/scylla/data/system_schema/tables-afddfb9dbc1e30688056eed6c302ba09/mc-422-big-Data.db:level=0, ]. 75512 bytes to 59945 (~79% of original) in 2259ms = 0.03MB/s. ~384 total partitions merged to 2.
2020-09-23T02:17:26.205550217Z  INFO  2020-09-23 02:17:26,204 [shard 3] compaction - Compacted 3 sstables to [/var/lib/scylla/data/system_schema/types-5a8b1ca866023f77a0459273d308917a/mc-375-big-Data.db:level=0, ]. 16115 bytes to 5740 (~35% of original) in 1850ms = 0.00MB/s. ~384 total partitions merged to 1.
2020-09-23T02:17:26.206213207Z  INFO  2020-09-23 02:17:26,205 [shard 3] compaction - Compacted 3 sstables to [/var/lib/scylla/data/system_schema/keyspaces-abac5682dea631c5b535b3d6cffd0fb6/mc-475-big-Data.db:level=0, ]. 61708 bytes to 51352 (~83% of original) in 1850ms = 0.03MB/s. ~384 total partitions merged to 4.
2020-09-23T02:17:26.240865232Z  INFO  2020-09-23 02:17:26,240 [shard 2] compaction - Compacting [/var/lib/scylla/data/system_schema/indexes-0feb57ac311f382fba6d9024d305702f/mc-466-big-Data.db:level=0, /var/lib/scylla/data/system_schema/indexes-0feb57ac311f382fba6d9024d305702f/mc-458-big-Data.db:level=0, /var/lib/scylla/data/system_schema/indexes-0feb57ac311f382fba6d9024d305702f/mc-462-big-Data.db:level=0, ]
2020-09-23T02:17:26.266886512Z  INFO  2020-09-23 02:17:26,266 [shard 3] compaction - Compacted 3 sstables to [/var/lib/scylla/data/system_schema/tables-afddfb9dbc1e30688056eed6c302ba09/mc-423-big-Data.db:level=0, ]. 74107 bytes to 56515 (~76% of original) in 1794ms = 0.03MB/s. ~384 total partitions merged to 4.
2020-09-23T02:17:26.657271572Z  INFO  2020-09-23 02:17:26,656 [shard 2] compaction - Compacted 3 sstables to [/var/lib/scylla/data/system_schema/triggers-4df70b666b05325195a132b54005fd48/mc-430-big-Data.db:level=0, ]. 16197 bytes to 5713 (~35% of original) in 1504ms = 0.00MB/s. ~384 total partitions merged to 1.
2020-09-23T02:17:26.845133901Z  INFO  2020-09-23 02:17:26,844 [shard 3] compaction - Compacting [/var/lib/scylla/data/system/truncated-38c19fd0fb863310a4b70d0cc66628aa/mc-659-big-Data.db:level=0, /var/lib/scylla/data/system/truncated-38c19fd0fb863310a4b70d0cc66628aa/mc-655-big-Data.db:level=0, /var/lib/scylla/data/system/truncated-38c19fd0fb863310a4b70d0cc66628aa/mc-651-big-Data.db:level=0, ]
2020-09-23T02:17:27.097907309Z  INFO  2020-09-23 02:17:27,097 [shard 2] compaction - Compacting [/var/lib/scylla/data/system_schema/types-5a8b1ca866023f77a0459273d308917a/mc-370-big-Data.db:level=0, /var/lib/scylla/data/system_schema/types-5a8b1ca866023f77a0459273d308917a/mc-362-big-Data.db:level=0, /var/lib/scylla/data/system_schema/types-5a8b1ca866023f77a0459273d308917a/mc-366-big-Data.db:level=0, ]
2020-09-23T02:17:27.216005535Z  INFO  2020-09-23 02:17:27,215 [shard 3] compaction - Compacted 2 sstables to [/var/lib/scylla/data/system_schema/aggregates-924c55872e3a345bb10c12f37c1ba895/mc-339-big-Data.db:level=0, ]. 11064 bytes to 5688 (~51% of original) in 1646ms = 0.00MB/s. ~256 total partitions merged to 1.
2020-09-23T02:17:27.250451955Z  INFO  2020-09-23 02:17:27,249 [shard 3] compaction - Compacted 2 sstables to [/var/lib/scylla/data/system_schema/views-9786ac1cdd583201a7cdad556410c985/mc-351-big-Data.db:level=0, ]. 21047 bytes to 14388 (~68% of original) in 1646ms = 0.01MB/s. ~256 total partitions merged to 2.
2020-09-23T02:17:27.606072257Z  INFO  2020-09-23 02:17:27,605 [shard 2] compaction - Compacted 3 sstables to [/var/lib/scylla/data/system_schema/indexes-0feb57ac311f382fba6d9024d305702f/mc-470-big-Data.db:level=0, ]. 16175 bytes to 5759 (~35% of original) in 857ms = 0.01MB/s. ~384 total partitions merged to 1.
2020-09-23T02:17:28.022206088Z  INFO  2020-09-23 02:17:28,021 [shard 3] compaction - Compacted 3 sstables to [/var/lib/scylla/data/system/truncated-38c19fd0fb863310a4b70d0cc66628aa/mc-663-big-Data.db:level=0, ]. 188992 bytes to 63364 (~33% of original) in 957ms = 0.06MB/s. ~384 total partitions merged to 2.
2020-09-23T02:17:28.083087235Z  INFO  2020-09-23 02:17:28,082 [shard 2] compaction - Compacted 3 sstables to [/var/lib/scylla/data/system_schema/types-5a8b1ca866023f77a0459273d308917a/mc-374-big-Data.db:level=0, ]. 16220 bytes to 5774 (~35% of original) in 866ms = 0.01MB/s. ~384 total partitions merged to 1.
2020-09-23T02:17:30.163807206Z  INFO  2020-09-23 02:17:30,162 [shard 0] gossip - No gossip backlog; proceeding
2020-09-23T02:17:30.165563570Z  INFO  2020-09-23 02:17:30,164 [shard 0] features - Feature COMPUTED_COLUMNS is enabled
2020-09-23T02:17:30.165638406Z  INFO  2020-09-23 02:17:30,164 [shard 0] features - Feature CORRECT_COUNTER_ORDER is enabled
2020-09-23T02:17:30.165661283Z  INFO  2020-09-23 02:17:30,164 [shard 0] features - Feature CORRECT_NON_COMPOUND_RANGE_TOMBSTONES is enabled
2020-09-23T02:17:30.165679884Z  INFO  2020-09-23 02:17:30,164 [shard 0] features - Feature CORRECT_STATIC_COMPACT_IN_MC is enabled
2020-09-23T02:17:30.165698434Z  INFO  2020-09-23 02:17:30,164 [shard 0] features - Feature COUNTERS is enabled
2020-09-23T02:17:30.165716464Z  INFO  2020-09-23 02:17:30,164 [shard 0] features - Feature DIGEST_INSENSITIVE_TO_EXPIRY is enabled
2020-09-23T02:17:30.165836274Z  INFO  2020-09-23 02:17:30,165 [shard 0] features - Feature DIGEST_MULTIPARTITION_READ is enabled
2020-09-23T02:17:30.165906459Z  INFO  2020-09-23 02:17:30,165 [shard 0] features - Feature HINTED_HANDOFF_SEPARATE_CONNECTION is enabled
2020-09-23T02:17:30.165926196Z  INFO  2020-09-23 02:17:30,165 [shard 0] features - Feature INDEXES is enabled
2020-09-23T02:17:30.165945503Z  INFO  2020-09-23 02:17:30,165 [shard 0] features - Feature LARGE_PARTITIONS is enabled
2020-09-23T02:17:30.165963968Z  INFO  2020-09-23 02:17:30,165 [shard 0] features - Feature LWT is enabled
2020-09-23T02:17:30.165982188Z  INFO  2020-09-23 02:17:30,165 [shard 0] features - Feature MATERIALIZED_VIEWS is enabled
2020-09-23T02:17:30.166000601Z  INFO  2020-09-23 02:17:30,165 [shard 0] features - Feature MC_SSTABLE_FORMAT is enabled
2020-09-23T02:17:30.166018969Z  INFO  2020-09-23 02:17:30,165 [shard 0] features - Feature NONFROZEN_UDTS is enabled
2020-09-23T02:17:30.166037579Z  INFO  2020-09-23 02:17:30,165 [shard 0] features - Feature PER_TABLE_PARTITIONERS is enabled
2020-09-23T02:17:30.166491284Z  INFO  2020-09-23 02:17:30,165 [shard 0] features - Feature RANGE_TOMBSTONES is enabled
2020-09-23T02:17:30.166541208Z  INFO  2020-09-23 02:17:30,165 [shard 0] features - Feature ROLES is enabled
2020-09-23T02:17:30.166562298Z  INFO  2020-09-23 02:17:30,165 [shard 0] features - Feature ROW_LEVEL_REPAIR is enabled
2020-09-23T02:17:30.166580866Z  INFO  2020-09-23 02:17:30,165 [shard 0] features - Feature SCHEMA_TABLES_V3 is enabled
2020-09-23T02:17:30.166599246Z  INFO  2020-09-23 02:17:30,165 [shard 0] features - Feature STREAM_WITH_RPC_STREAM is enabled
2020-09-23T02:17:30.166617380Z  INFO  2020-09-23 02:17:30,165 [shard 0] features - Feature TRUNCATION_TABLE is enabled
2020-09-23T02:17:30.166635700Z  INFO  2020-09-23 02:17:30,165 [shard 0] system_keyspace - Got cluster agreement on truncation table feature. Removing legacy records.
2020-09-23T02:17:30.167116466Z  INFO  2020-09-23 02:17:30,166 [shard 0] features - Feature UNBOUNDED_RANGE_TOMBSTONES is enabled
2020-09-23T02:17:30.167213884Z  INFO  2020-09-23 02:17:30,166 [shard 0] features - Feature VIEW_VIRTUAL_COLUMNS is enabled
2020-09-23T02:17:30.167240642Z  INFO  2020-09-23 02:17:30,166 [shard 0] features - Feature WRITE_FAILURE_REPLY is enabled
2020-09-23T02:17:30.167259933Z  INFO  2020-09-23 02:17:30,166 [shard 0] features - Feature XXHASH is enabled
2020-09-23T02:17:30.168634193Z  INFO  2020-09-23 02:17:30,167 [shard 0] system_keyspace - Legacy records deleted.
2020-09-23T02:17:30.169554919Z  INFO  2020-09-23 02:17:30,169 [shard 0] init - starting system distributed keyspace
2020-09-23T02:17:30.175676746Z  INFO  2020-09-23 02:17:30,174 [shard 0] storage_service - Using saved tokens {943448605036726745, 9061580907506437136, 8957018461898327244, 8813999419995718088, 8775859223532977932, 873311388414975666, 8707696313600310498, 8675978575875245837, 855031166620283245, 8476533345381470087, 8413544620893079714, 8382283044476755854, 7804258889026263620, 778239093056833917, 7732629563319678675, 7564694057214588647, 747840302865059114, 7255484784972643852, 700944770677405149, 7009081579420542256, 7354219953741161264, 6974970471767945112, 6788034976878782500, 667581605220131528, 6496091893897576732, 6478032244021912394, 6420907855788431922, 8777890816944145805, 6381418245203458391, 6358173612251239308, 6302443190184390149, 6115776390551923703, 5906838239532612246, 5890706123786165213, 588034934972968299, 5848278814186320030, 5834675951458569055, 5796254206948921528, -6441145814158460549, 7172238068082229918, -6238625478980828395, -6199824488038647909, -572473923349256348, -5526097868254533829, -5508289632699420366, -6338043935148530859, 4738411181964629022, -5411685484465544274, 5103660925946342563, -5360532551957069796, -5246840897237646542, -8953406550820932827, -511676141100664160, -4872163430844150374, 5153854518462400651, -4829128129506020031, 6818717460470417221, -4735496583611878200, -7913213531410876291, -8612347190400988175, 3361838207769500988, -4770694758141334815, 3533570692245755170, -3014142033706378490, -6648258355715071793, 105268539462240253, 6448269612184381105, 3941245744356891698, -4925670906471950289, -6853270293933441203, -431455211546220291, -4106310081010891923, -4280461110562472301, -4231054370802445643, 4453520694484038438, -5140544052953576706, -7341700934491837716, -4177024142024341044, -2365586676906010085, -4368295386640868227, -6779834804380741154, 7103497347382660592, -471701403720839764, -2187125227394891465, -1593748153114868683, 8325613099551670589, -6017078328443447975, 408961909545308462, -3256341547923989103, 1911454556365012923, -2135119982021577211, -6104126434670973331, -1614584707908969492, -5285270377043925775, 194223785007163967, 3556932048290112968, 4378909036113166689, -2319706609635128471, 782580883702972777, -3880555618453256762, -2879534723161185431, 7469085752185829039, -8001902308657073600, -1522914538603683793, 784130423392421222, -3409621329811667263, -5136236598692180863, -2640475812391264528, 3907413558358164712, -2166731983266837511, -8529251962487546573, -5228242602708342126, -6263078841153087564, -1295419475388780424, 5311755414232655734, -4113405879925637368, 2104079815049743807, -105211415949921556, -1004253484774030395, -6093280019772326743, -1363472444035739717, 7772390126184307669, 3373616921334842984, -3428624778218969630, -4475005699924690030, -1207620414022812792, -4203952547861361192, -4895652206680369668, 5569071124009844993, -2800260328053956713, 1033733984444816800, -1761718599052329021, -6249520955674807415, -6810383749951706976, -2391018463907211455, -3729138346528579520, -3942245253345029362, -1032698423218536378, 2233495137371904435, -1970747149103226319, 2531294222158762011, 4445989245037378795, -2648919406212884980, 800062458669145892, -6586482614645135705, -8855822008500182327, -2076430708060394350, -6127879535600466936, 5017042126534426855, -6767019288334108993, -6985294397658573838, -2605645373691895986, 2542018259596577135, -2699231837109027988, -9132047842757487932, 9066588519930559993, -4601858807243735115, 1470306277250886071, 1688077838521597411, -2700796200994103492, -5656441245782528349, 3822141065635310082, -4415280594152455372, -1709100826419756065, -2732234699235264563, -3101294897153501639, 6933997554702494562, -4541237399207364623, 1251119865371637993, -3280527161887251879, -4007868363884276055, -4134923634748466107, -5595342098352848506, 533209426647054698, 285540986842976874, -4193553788022177878, -7111183380354176443, 7880345233810794046, -7190282066974323895, -7232953798633244985, -7512330892235471280, -889434854029329118, 9122882257136270100, 3909145942678699742, 2870638580126821409, -2685359252619347507, 4540975434217357056, 1912522665107890116, -1474028219808469861, -7767361191227918078, -8495384334141326469, -8024675672634848221, -8352632933072691056, -1084614158625469139, -8372022353883945178, -1171738939209168407, -8485257529464526975, -8549013321787275289, -7405825010257289618, -8694753427154041557, -9173155356561330710, -3164480873853500968, 1172299952227812636, 1535311813904826318, 156312151312654313, 2050968450175517454, 1018091569669202328, 1574734081023094222, 214428871588027420, -5095673126210616552, 2431756818088451524, -1208769590907790735, 3022913469242457337, 2609254198811139442, 5396954320704971060, 284028081363756156, -184157634332906914, 2879924223908633556, 3014475854062098037, 8280511155447462154, 3058186759042775792, 3100842289958262644, -769344519844763244, 3287699046743316011, 7743526815996532326, -7148146405116016542, 352278596429886466, 3606629961194077343, 3840184102447470012, -4623422606623793434, 3924960423780627192, 4660022660859336370, 5401470720317959250, 3979649323160207298, 4037379789709069307, 790424663468033093, 5150907166433009570, 4083460330442256183, 4262233236239091105, 4461207940793579131, 7222389702734437292, 4497639963855891379, 5935809959838255935, 525652295242460822, -9210810031089136649, 3145063885579200582, 5102381975608989830, 5104799485589097680, -467985751191813914, 5122450296475986719, 5256736089695841171, 5341717901052361821, 5441044328235651423, 5661405961885371428, -6303682351633097607, 5704999654143823990}
2020-09-23T02:17:30.205148109Z  INFO  2020-09-23 02:17:30,204 [shard 0] database - Schema version changed to e1b2d478-e5f2-30c4-b994-d93919918df3
2020-09-23T02:17:30.205201351Z  INFO  2020-09-23 02:17:30,204 [shard 0] database - Schema version changed to e1b2d478-e5f2-30c4-b994-d93919918df3
2020-09-23T02:17:30.206297911Z  INFO  2020-09-23 02:17:30,205 [shard 0] database - Schema version changed to 0e03d198-385b-3f36-8c34-c3f5846bbbac
2020-09-23T02:17:30.696915665Z  INFO  2020-09-23 02:17:30,696 [shard 1] compaction - Compacting [/var/lib/scylla/data/system/local-7ad54392bcdd35a684174e047860b377/mc-2509-big-Data.db:level=0, /var/lib/scylla/data/system/local-7ad54392bcdd35a684174e047860b377/mc-2505-big-Data.db:level=0, ]
2020-09-23T02:17:30.701218593Z  INFO  2020-09-23 02:17:30,700 [shard 0] storage_service - Node 10.0.60.11 state jump to normal
2020-09-23T02:17:30.701272384Z  INFO  2020-09-23 02:17:30,700 [shard 0] storage_service - Remove node 10.0.60.11 from pending replacing endpoint
2020-09-23T02:17:31.344785170Z  INFO  2020-09-23 02:17:31,344 [shard 0] storage_service - NORMAL: node is now in normal status
2020-09-23T02:17:31.344890068Z  INFO  2020-09-23 02:17:31,344 [shard 0] cdc - No generation seen during startup.
2020-09-23T02:17:31.346505163Z  INFO  2020-09-23 02:17:31,346 [shard 0] init - starting tracing
2020-09-23T02:17:31.347109982Z  INFO  2020-09-23 02:17:31,346 [shard 0] storage_service - SSTable data integrity checker is disabled.
2020-09-23T02:17:31.347459654Z  INFO  2020-09-23 02:17:31,347 [shard 0] init - starting batchlog manager
2020-09-23T02:17:31.347868351Z  INFO  2020-09-23 02:17:31,347 [shard 0] init - starting load meter
2020-09-23T02:17:31.347887462Z  INFO  2020-09-23 02:17:31,347 [shard 0] init - starting cf cache hit rate calculator
2020-09-23T02:17:31.348290828Z  INFO  2020-09-23 02:17:31,347 [shard 0] init - starting view update backlog broker
2020-09-23T02:17:31.348659606Z  INFO  2020-09-23 02:17:31,348 [shard 0] init - Waiting for gossip to settle before accepting client requests...
2020-09-23T02:17:31.424933053Z  INFO  2020-09-23 02:17:31,424 [shard 1] compaction - Compacted 2 sstables to [/var/lib/scylla/data/system/local-7ad54392bcdd35a684174e047860b377/mc-2517-big-Data.db:level=0, ]. 18354 bytes to 12102 (~65% of original) in 619ms = 0.02MB/s. ~256 total partitions merged to 1.
2020-09-23T02:17:31.425696533Z  INFO  2020-09-23 02:17:31,425 [shard 1] compaction - Compacting [/var/lib/scylla/data/system/local-7ad54392bcdd35a684174e047860b377/mc-2513-big-Data.db:level=0, /var/lib/scylla/data/system/local-7ad54392bcdd35a684174e047860b377/mc-2517-big-Data.db:level=0, ]
2020-09-23T02:17:31.995119866Z  INFO  2020-09-23 02:17:31,994 [shard 1] compaction - Compacted 2 sstables to [/var/lib/scylla/data/system/local-7ad54392bcdd35a684174e047860b377/mc-2521-big-Data.db:level=0, ]. 18200 bytes to 12073 (~66% of original) in 493ms = 0.02MB/s. ~256 total partitions merged to 1.
2020-09-23T02:17:43.349872154Z  INFO  2020-09-23 02:17:43,349 [shard 0] gossip - No gossip backlog; proceeding
2020-09-23T02:17:43.350713652Z  INFO  2020-09-23 02:17:43,350 [shard 0] init - allow replaying hints
2020-09-23T02:17:43.351353217Z  INFO  2020-09-23 02:17:43,350 [shard 0] init - Launching generate_mv_updates for non system tables
2020-09-23T02:17:43.352437394Z  INFO  2020-09-23 02:17:43,351 [shard 0] init - starting the view builder
2020-09-23T02:17:43.658539493Z  INFO  2020-09-23 02:17:43,657 [shard 0] init - starting native transport
2020-09-23T02:17:43.658596558Z  INFO  2020-09-23 02:17:43,657 [shard 0] compaction - Compacting [/var/lib/scylla/data/system/truncated-38c19fd0fb863310a4b70d0cc66628aa/mc-1164-big-Data.db:level=0, /var/lib/scylla/data/system/truncated-38c19fd0fb863310a4b70d0cc66628aa/mc-1160-big-Data.db:level=0, ]
2020-09-23T02:17:43.661259313Z  INFO  2020-09-23 02:17:43,660 [shard 0] storage_service - Starting listening for CQL clients on 10.0.60.11:9042 (unencrypted)
2020-09-23T02:17:43.663532673Z  INFO  2020-09-23 02:17:43,663 [shard 0] storage_service - Thrift server listening on 10.0.60.11:9160 ...
2020-09-23T02:17:43.665119381Z  INFO  2020-09-23 02:17:43,664 [shard 0] init - serving
2020-09-23T02:17:43.665154502Z  INFO  2020-09-23 02:17:43,664 [shard 0] init - Scylla version 4.1.7-0.20200918.2251a1c577 initialization completed.
2020-09-23T02:17:44.150469131Z  INFO  2020-09-23 02:17:44,149 [shard 0] compaction - Compacted 2 sstables to [/var/lib/scylla/data/system/truncated-38c19fd0fb863310a4b70d0cc66628aa/mc-1168-big-Data.db:level=0, ]. 82136 bytes to 76743 (~93% of original) in 390ms = 0.19MB/s. ~256 total partitions merged to 2.
2020-09-23T02:22:58.834865899Z  INFO  2020-09-23 02:22:58,834 [shard 2] compaction - Compacting [/var/lib/scylla/data/system/clients-ca0f635d863036098d93a1fc06f2a5e5/mc-10-big-Data.db:level=0, /var/lib/scylla/data/system/clients-ca0f635d863036098d93a1fc06f2a5e5/mc-6-big-Data.db:level=0, ]
2020-09-23T02:22:59.254104755Z  INFO  2020-09-23 02:22:59,253 [shard 2] compaction - Compacted 2 sstables to [/var/lib/scylla/data/system/clients-ca0f635d863036098d93a1fc06f2a5e5/mc-14-big-Data.db:level=0, ]. 100197 bytes to 6530 (~6% of original) in 314ms = 0.02MB/s. ~256 total partitions merged to 1.
2020-09-23T02:25:14.705939795Z  INFO  2020-09-23 02:25:14,705 [shard 2] compaction - Compacting [/var/lib/scylla/data/system/clients-ca0f635d863036098d93a1fc06f2a5e5/mc-14-big-Data.db:level=0, /var/lib/scylla/data/system/clients-ca0f635d863036098d93a1fc06f2a5e5/mc-18-big-Data.db:level=0, ]
2020-09-23T02:25:15.163432020Z  INFO  2020-09-23 02:25:15,162 [shard 2] compaction - Compacted 2 sstables to [/var/lib/scylla/data/system/clients-ca0f635d863036098d93a1fc06f2a5e5/mc-22-big-Data.db:level=0, ]. 58141 bytes to 6382 (~10% of original) in 355ms = 0.02MB/s. ~256 total partitions merged to 1.
