2020-09-10T14:33:51.627945525Z 0 KtOSNRzQ8e58DtIX1IFpFuLXn2ASpugc5KcOGcIAZIRF7oeZXcoaGtxDDXoKNq
2020-09-10T14:33:51.640518908Z 1 6LyrqSwHKOLC9WKtKlMgDxiMewvHE9EMnaXonCTVS53qLqz4flbdT8BvVmRQ1u
2020-09-10T14:33:51.651829164Z 2 8eYS5MOdBFXHwDOVoZE5MCmX54ODNfVLgVQVIpQs2FPwksHDt74PbeekGzQekv
2020-09-10T14:33:51.663939525Z 3 QaZ1v0b3Z8Cg7LaDrnIXdRx7fMY5Pmpfg92Ave51x7Q6oaasY3dLTAM3kodUok
2020-09-10T14:33:51.675135038Z 4 i5hB0QqcX4HgoIUApFJJSRATYvlm2qx7F6MIamJGp1ycUl0YZtv9xRzVD5IoZ8
2020-09-10T14:33:51.686436637Z 5 0cI1y2CEQAwOViiE6CC3BtRbcooo94AiC8Xk9ICrPZgHkcfhgctQcYdhvbV2rN
2020-09-10T14:33:51.697267981Z 6 IjjkzHuKl2IBIqNWmvQAXQl1YuREy96PstEN0qUcskDlentv3t64vsdNr9apzS
2020-09-10T14:33:51.711827339Z 7 2nFajPOiQDazqysUOwB9nT8IzF6e8UkOGBEO6Og80hjXDSdLc2IuGwlY5uylbU
2020-09-10T14:33:51.725676335Z 8 aoU6CgHt6OzmHYFkA02JkFG87CbQ0yzOhYyNIHbk0Dr1IOqfIVLNCqxcPsUyfG
2020-09-10T14:33:51.737065872Z 9 vvrzw83YO84lc3fJSRJ1wpo1ysk93BaY8YdZ4iamxWnxFHM45HNf6XFwzaVPuq
2020-09-10T14:33:51.748396943Z 10 yvgM5OJ46o4fKaRVbCsL0Vdnq9a36Kic5n9YeJLWC3KNjl0kjaEwGRywfnQNW
2020-09-10T14:33:51.759810873Z 11 WSaotCxXTTjPVL7sahziOJMWY9uOpDv2S4LyizH1F25k9bWSnOi0mPGiOCyhj
2020-09-10T14:33:51.770246180Z 12 CpJIfxAnYaStHT7dMVH32kvWkI8JfRC86HHi3ERpusI3elgRhpUMRx95hjNhF
2020-09-10T14:33:51.781073950Z 13 LzVaEJX0GDIjRTjzauzoIzyWSPAjgSZ0dFk1NkfALc3OZUxM2Lz49BOyLDLRZ
2020-09-10T14:33:51.792727893Z 14 W4u4zDvkjeu8gAzsx0NZg7yv1jkf7A5YI5JpdGhWGzfXmZrDy99D17ac10Tq9
2020-09-10T14:33:51.803650853Z 15 0sIdlt1uRx8YB4ZFkqCI4HzOUia2N7iqUoZdn2dmXmEESC9UZUWmj76Kpylnn
2020-09-10T14:33:51.814428496Z 16 rlsvCrlnR2DdT468a9VoCC7elMRUPQzSY31vYf79kPs7pBWba8Azvim6gSvwv
2020-09-10T14:33:51.825313760Z 17 LFpK9ySB12JkVkWzxQRPFeffpkOIXhaMXxiMBryQN0zxW1xr5ZV4Z0qSP7M6s
2020-09-10T14:33:51.836211122Z 18 xpDJKRzBOYZPtAPwKb7mxSvrOeWEzapqXxRMJSztYxz3g8FvjAV5IsjY4O8II
2020-09-10T14:33:51.847195327Z 19 eJtkFQlXZ2OmgAMmRkno9crGEJcydcIUGhVYAov0o8E2gpSIr27eiRh7pdlKJ
2020-09-10T14:33:51.858160608Z 20 bx3fNNrYqI3lzKr3kyTV8elwwHXLULMgbxTOfMddkGmza55YefU4JoYM8aWOt
2020-09-10T14:33:51.869487960Z 21 8yktjR4rJ6ceBDYUQOJkJJ9UJpElilHm9FiPd37WpA9wQh8eyLZWqsW3Q0uyL
2020-09-10T14:33:51.880581229Z 22 ToEuUEv7Yr0MX4zff54QzSeMknbkkKDQ6qVGfzr7XM0BaRdhg2jCqEJTFhHbF
2020-09-10T14:33:51.892616064Z 23 K6nVX9UCr7omANlauC2RVmhfLUftLdPEnL1b5mzQoxd6ZTgBjGPtZKzgQNeEz
2020-09-10T14:33:51.902721025Z 24 NfIYEfu0TQdHxswIGnYcUH61CKvaRePM5EChkel5vjbrJ4cjlweP8S1f7Bh8r
2020-09-10T14:33:51.914406204Z 25 xrWaKZ0JGXeiTTCmaaDcaL1tosbgbiDFptkx5RWBgGUModqbVvhBQIj4dJTxn
2020-09-10T14:33:51.925597023Z 26 BMHsFNkwaG0UjIWuetGfa1TQWA3SF9gCODMnmm95qujwVUJXwSThMmsyliveb
2020-09-10T14:33:51.936809594Z 27 m9Lte1nhgD3KQJ5GNTtA90ff2glVCAK2QEbGG5PsiqptwXmwhv0FEsL1OZuyF
2020-09-10T14:33:51.948050679Z 28 sCwKvfZkOdmi8TThiL69RI9ZQOzG7PxYUEkoMjTleeUae29K8KqaVMHymYU4Y
2020-09-10T14:33:51.959484940Z 29 ElGWas9e6UKIRzh4FuNCI7oVKgDm9EnYpOAqRROQrGv3PlgAPVPBTb6QOQ99Q
2020-09-10T14:33:51.970548312Z 30 F0X6RkrbFR8HtMF0MpqG6k8pG4duyhMWKQsU43Zq4GOUTdkyZJZ0wAsPBM25O
2020-09-10T14:33:51.982088896Z 31 uq72TuK560S7XDVwO49ua8hV8izGTuy85AfmnhlVxl9mJx9dEjrKWzTekzAxQ
2020-09-10T14:33:51.993263258Z 32 oplLlaBctTICUxGPC1X609pactYsQII5woTv4k7owxJaJV2Gpvi5jNaflkmzB
2020-09-10T14:33:52.004154676Z 33 sWYPUfQIugugb7hsdh2BaivkdzmWTlEoZrQaonbfdx04NgrL9GxmECxGnjbGg
2020-09-10T14:33:52.015314366Z 34 lHDZi2eafP8qos8JYgTsc81RxRtC8swro2DC0nnEEnMZif1kIXjdaVamsquV1
2020-09-10T14:33:52.026780141Z 35 lGDreD4SOBh42s4gD5cDyACePAMveDHVfAOI9oD9JrFcvgWKL6tDmVriGaH33
2020-09-10T14:33:52.037630813Z 36 vBOQPZMrWFRRThI1PgkBuqpDdCH70D9ZR4x2VSdkSlSFHRQoaUcZZVpQVtyZk
2020-09-10T14:33:52.048494477Z 37 chHnvhQwB0LqxPt0rf85v2fZcIKu7n7WwPZul6gcNRLkCrPkpxJnCtQpYv7Jf
2020-09-10T14:33:52.061940578Z 38 VCweQW65RLQwS9a9HSZUST914mD6Z4YA2B2K4xbQzUtpCww1xuCuHONLNRUIr
2020-09-10T14:33:52.071043980Z 39 IgFQnHxLGjhlZyOJVfjmrPo14pWr5MWI1DLCf21KCmSvCwdV04gXOvldCfSuI
2020-09-10T14:33:52.082316616Z 40 W9YJeNtefT929gOkPOp9Zh09sDK1LkEQSPPT5sCNLJXQ0VHYbwKy9KjpEZ11Q
2020-09-10T14:33:52.093631166Z 41 U71yaxuMpOrPenklI0GrrUOgXYwWRbng2NC3cwB5fDJTo5EcbWfzUVtYk1oAV
2020-09-10T14:33:52.104345373Z 42 TMuKDVeq4hooo0dukUbbWU6iaILxfW0ims6CGGyv36EPX7TcqaUXoB1UgH55J
2020-09-10T14:33:52.116037101Z 43 pWzBsjUaHDN45dEtZfPg9W98FqihGYDUkCquZD5lL9ZxNB8tesFSpH0yqOcw2
2020-09-10T14:33:52.127803884Z 44 95kcKprcFHmVGuGrT0qiRNc6dlk7EeG0aWyahlQBQskZ30P63v4StppNbikoB
2020-09-10T14:33:52.138848665Z 45 6fj3mEbOjthN4XsqiiKv7HszRBN3tH2ZqKZ6xUYESf6V06Q3WmUVfbpxT4vVj
2020-09-10T14:33:52.150299553Z 46 MsApIa0lAoTosE8GJw1CFH896VLURlIwC0GD5ODEqj4cunl5tDYsgu935AwTf
2020-09-10T14:33:52.161797025Z 47 vm0SKlh17y79TrJigHZU6DnyPjClM2hJCehMZ2bzAzaJ5Yl3udTNDjE4dAjRe
2020-09-10T14:33:52.172936062Z 48 GhhQdpOLswHmFnRiiW6Rvh3LJV3SKQvI2sVJHlyD3nUhFfOSbJRLUlXnn8lbC
2020-09-10T14:33:52.183874787Z 49 IiYEhDitAOHhHLnoEDyNZhRkWTe1Imrj1f2oD69b5qPIInzo2zTSon6CheiAs
2020-09-10T14:33:52.194148742Z 50 bhxHk5AO6lmvTv5BGrKMDOqCQghaKNpGpUhgcvcqNtEcqcqh8WLNcyVuSCzth
2020-09-10T14:33:52.205760504Z 51 R6xaS8Jp7r4mXPIsTEGEMUl9YYYWwMfpmSwxDtEcCu3x2r99cpqcKSfPnxRqR
2020-09-10T14:33:52.216732035Z 52 g1L16Gla0WwDyNKGVxOkV8dbMz8YKqngiWPyK29IPjKhMjOYePLsrJnSgpXNA
2020-09-10T14:33:52.227031750Z 53 CXcctdFjx3FixCGxCL3BFEmvLHQBGCi3DrKaUFx5VSyBmZfP3q8TJ5ObwBGp8
2020-09-10T14:33:52.238622523Z 54 zjGE46uSpCPAnvgXx9FV9lJ0eZ8H8JqYMaG4zLX4AZwKU0GaB9kORbZKrS8ev
2020-09-10T14:33:52.249878210Z 55 BrE8jOjn7qKc0i3HX0s0SoKxM1b7jfoyvfoySm3bM9Tlsqt8pBXr0QqjBFkcx
2020-09-10T14:33:52.261534710Z 56 6OUV64RBtIiZaLmwopICUIB1hapXy0MkfZPfjWNDUDZffncXCc7ojBxfKT67A
2020-09-10T14:33:52.272780516Z 57 Ffin737sgSyDjbi2s1b2r0DtjP8dlfIB4nzdECuWed9rlxxSS4xoCkb0CJWK3
2020-09-10T14:33:52.283970919Z 58 X0hZpMNFF45n4Kl7bukz2QigDugdgNpjuFryO5eZ9w7kgld7gne9h2kjYSRoj
2020-09-10T14:33:52.294226585Z 59 ZauBkaxx7wB2iWWMpIAd2XVdKCY6YhsV9f8ZVGrPZCxuSFOHRaP29L8dZ5J5H
2020-09-10T14:33:52.305926835Z 60 dL4bqNohxIB8DdbnCrhfET7dBCoscO0teWOLiEeQO7sWMcZqZegAtCHYtTHjX
2020-09-10T14:33:52.316165272Z 61 GSvZDp34Z2PyB6gaUWWpL6Z75DHf7V99DTzVtIWFZKfN3C4tHYRs390td3BiX
2020-09-10T14:33:52.327838561Z 62 EmlO2zunSkY6x6Inh0UflsgrY2GDppm8ARPdldAgi4A7hDweTIMynScBVhmOH
2020-09-10T14:33:52.338295951Z 63 MtpndAeVlWKTgrkQPSir0jJVc0xFsxgieUgSNLOpELgVvOpGkPcPWN7WtqXCq
2020-09-10T14:33:52.349469302Z 64 LODtEAZH3ED8EAAo19PJAF0rQQNFR0vNgrxnOFxioyv9pu0hqKzngvuMlkP6x
2020-09-10T14:33:52.360536045Z 65 WQGOiyLGFHmGtuuT1mRFUO8sIOaF9r9IVG0rrQTwt1GnqWPngiiuynG1eitTK
2020-09-10T14:33:52.371874305Z 66 i7Z77NcoQo5XO5xZP3339OcnMFSs87xDmKAbCWMkgYoJe3XMR33m7SSNoseZW
2020-09-10T14:33:52.383097155Z 67 eArhLIbe4haIUdK1OzwF8IKFUXGZONCfWjQ6KA74yj964fAFYDArtfXBpauYt
2020-09-10T14:33:52.393348683Z 68 OsZaR0vYEPFd1gsmPW4lgr4vWcJ1vAkDGN7JMo2dNzpLKjQXrLanCNZvG0zzJ
2020-09-10T14:33:52.404393117Z 69 nARm3CmdQdq2fbKIAurchdN66Rbw8puYk0Dl8TCD4XsfV0Cn9oSArSWtXr9Up
2020-09-10T14:33:52.415690683Z 70 vXh6WgWjOkIZCLlvVnzYCba8mMUmAML4GYFhW7JiqOjqluHLSoN0vgItdbqqD
2020-09-10T14:33:52.426636102Z 71 87YDgeNslU7StLa3ITXllrRrNFoiMMj7LRXFK5hjzCRKRCAHZKMCf6hDklH2t
2020-09-10T14:33:52.437420888Z 72 BqG3yIlUIskEWcqxwMCx6LjtwHzkEn5gGSQoEd8nnZ4tupK6L5zWZFKmgTh2M
2020-09-10T14:33:52.448495859Z 73 r71a0jMEXLW5TndEvMwGd5QFevoJGF9oq8npHocz7U8rGhqUhqIiwAu3HQbQJ
2020-09-10T14:33:52.459543989Z 74 QM7ov1Ao35nRDE7G2K4kTMBjpuBRATzNGHQFshWREzQJ1R6ExEamn9DyHVQS5
2020-09-10T14:33:52.470847337Z 75 bqkvwDqE2KGVnL9PrBu6IHyUrpwZpRusjgmkzB2dCDZZmptXITmRs8UT2o73k
2020-09-10T14:33:52.482173998Z 76 VXQzPNOESFEMCUskwxKGewUobAaNIc5byiz7URsmkcYX1GgLrzxRtwFkvBaQ5
2020-09-10T14:33:52.493483657Z 77 4eR1Ew3SnswDO9VQxikYvBxANuqUNdb3I3GeMnSSNFBkUeb8XHNFFWX9O7lqY
2020-09-10T14:33:52.504885913Z 78 b4sx8nPDXOWN7v7CQKYuDp1PlykqRK9wHOpbdj1k58IEb1GGV8aRrlF01x23S
2020-09-10T14:33:52.515659052Z 79 VhEP7I2letd6CRAZAmehIQfL3rWddafuCedtf8BTeTWEOkPmaeMLkupYNfXyE
2020-09-10T14:33:52.527067804Z 80 sCsS6QFKWf8xg9GyvjcgigVcpy3EozY7XnmUSpm1EymRE5deEsvK0IfkCEDxR
2020-09-10T14:33:52.541423347Z 81 lLsPLyrVvcoImIvYlzU38jdDrRMVtU6Bt2IVTZiirF030433QYvgibvWo8NOf
2020-09-10T14:33:52.552853780Z 82 HVDTLaBKKeOq8t8d9ZVDtDGbGaL6YxxGNcQXx38B3J4kwX8KeclndlLxETa6v
2020-09-10T14:33:52.564170744Z 83 fxHxSAd7oC0bOzJLsc7aFgmT21P47hCytHn0yZrFVrxNj5tMLCgzGGr7jvKBE
2020-09-10T14:33:52.575800502Z 84 qn57dQKkROVmJoowiDknKJz64lZp5JoXvC1eqjZuiiaMEAp8ee3gXyni2keFu
2020-09-10T14:33:52.587341298Z 85 qToU6l5MtHDfA9IIEJpfVMo7Vl3tsIdb2MhXJB8SilAMdun39uv3kYTxrJc2J
2020-09-10T14:33:52.598816940Z 86 CgEnKxn0HvGnYAIlhX0jjKtTOqPOSFzt8EbyaYXelvKbJiKrx0ANGfd4nOG9z
2020-09-10T14:33:52.610254562Z 87 UOBXwTWD7Cuo5GdH483273LnJJYVARDXr1GVIJMUECMzqkOHEsW9AUVubdhJX
2020-09-10T14:33:52.621881713Z 88 bCF8OEkSlb0V7iF8asADeFEa1nlBxjrgTZMjcRRysZSSQZzr2fyOopfx3HMpJ
2020-09-10T14:33:52.632487249Z 89 ksZIsnyDdrosNVsrXV3ZIJkVGjQsagP6z9c4vhDgDbgUwJtcJfv6FBjOzLMTD
2020-09-10T14:33:52.643731242Z 90 7DHk17RhkRxAtTSnsnU9ecEQWohGiSOVxjVKfVNS7aoEgfbRvqvgM2c40xOE9
2020-09-10T14:33:52.654496264Z 91 iNk94hJ7VpRMxtgKT36IJ83p6jSLrWGcKXwZxUQ5UwGbWZ9S7Nr9HKn8h2PZz
2020-09-10T14:33:52.666154515Z 92 2EvEDLqKpf0pDQQgeP9DDMqHhhEb23I3tb8nahQwhLQkEOJUXBHXSWTEWb4JW
2020-09-10T14:33:52.677820479Z 93 qlEuLPvysPSiIjMkYle3M3uWkBAbBKpgxOLK2mexbLbzrkGMsEt3vZjVCa4Hg
2020-09-10T14:33:52.688378329Z 94 lolhd6XzQDa50qZsBF3rsXHvA31z1eRdqIkB0FnmYA9NrzTvS9X5BsVFR0vWB
2020-09-10T14:33:52.699370123Z 95 YKvIkG8XHaKgdR9YLTRuTEQsB3hFV9sqHJLm91vcvn5kfQINnCCl9iwACuMnf
2020-09-10T14:33:52.711294243Z 96 M5Gyg5sC8VXmvG0NCcpmWTCA25CTS3nS2zcKQmpr6ADWdlmDwfnMHRlLGYZnY
2020-09-10T14:33:52.723243928Z 97 Inch9TeHsJZKcw2566SxRi35xQbCT2R155MVIAXphsqx2A6ihUxHL1ebfSYCt
2020-09-10T14:33:52.735113155Z 98 am7nwhyEdmkIRMppWptLz8OTGzF2Hv31pO28ZTSrrOPLzmCJdPw9QSFlgDN51
2020-09-10T14:33:52.747046802Z 99 65hZ4lDDBHoqTuSDXhVNJy5bfOwKnqqjV3Ois13KQ3WKqbTZxQbxUqHTGLx06
2020-09-10T14:33:52.757736027Z 100 UErRAg8Jjn9aLTCe77gwCtsbbiGJCI7d107xR8SZrszZysXJGNKX7TkKPgpj
2020-09-10T14:33:52.768199011Z 101 oNgJx2UwTuUWERCJ1JS8HYaOph58pBRwKFXuT7MAcuilcmGYVQm2fWC39tVP
2020-09-10T14:33:52.779846458Z 102 cWLfggWnpHoOPFvKVbb65xmqfk2RwH6vXkN4tARvdkqKnbNgwImyKONVyODh
2020-09-10T14:33:52.790305656Z 103 rBPudvn577aqYyBny386oFlz4875r2OMQLjzQ6FmB6RF0heZE4FOJ6A1oVhA
2020-09-10T14:33:52.801936537Z 104 g1NIAWJFD8jjcqYErBd7UPTw15QkN7isQAzLyJQ2LpyOa3YLOIl0g4uhQpaR
2020-09-10T14:33:52.813888863Z 105 v9ln0iB0OKnqQr1xHCfKFAZ0aneCEEizpNbYzEanJagnPqsSH3kHZnvDlyDT
2020-09-10T14:33:52.825863286Z 106 n3IxymUlcoaxMUZHi7yzLuW7aCWOQnHIdRsenCfSCf9aueCrDNvAJMrz7k0J
2020-09-10T14:33:52.836835294Z 107 Ar5Y9utuB2UBk0sSJhME37a5J6jdnm8Sp1KGdtOLwiBcwXPajkkp43pEk3Bb
2020-09-10T14:33:52.847911583Z 108 F9x0aWpEDCKp7QOpanU9bSfLsVaHK4aBvhzZ80aoc47UcUyDGauByIW6vHdE
2020-09-10T14:33:52.859376228Z 109 C1M63DSKIhQIoFZZBXZAPkNVlklzDX6lcwl9D1Ux86f0qOs6arZPlsZlqLOD
2020-09-10T14:33:52.871109087Z 110 xxCOOgtpFkFHAp7cjBbZWC1gjMysHEpIW8AZ38bf1Is11hDoaqO3OC5iIWHX
2020-09-10T14:33:52.881744706Z 111 erLziwTXGBxFKq82lkIXcSTMI3Ocv1mPrflrQVGhzLs6fg7syMp33bPc2wLi
2020-09-10T14:33:52.892369566Z 112 o5uobv1mjwL59LY5VXvTX9pGTxx5aeXDOEVzItjyCgSPFEngAITMJei32qRb
2020-09-10T14:33:52.903751774Z 113 pWAba9dpckHkjG8illL2g4i9iEcViaAeuyOPE2RrImhDT1gelDtJjwahWVOJ
2020-09-10T14:33:52.914225679Z 114 mrsKRZGnWYPaRxdwdENaoD4p7ebQzqhfSD0cQSNlv52CDjc219dlfwRiqIAM
2020-09-10T14:33:52.926213227Z 115 QBegqdXPBVQV1ktsnY87IJhasn8H3aoYrWz86yPMRlcc3UElkeZacrXVHz1Q
2020-09-10T14:33:52.938161245Z 116 arWZTokXv8L9BwlcDLE0okLxufkxVwtOhIaR3TIuecZkdcvsBOglpWTPh2Ov
2020-09-10T14:33:52.949697899Z 117 7Hy7CKDedtwx8KigII9yrZwJmlaG8132sjjvssjhSBmTrYyeHi2Nhdk8rFl2
2020-09-10T14:33:52.961430017Z 118 cfHDNA64NkTc384UH029g2gNyF3DREPHTwu5cgS3U1jTUmF4dn55fzL07EJm
2020-09-10T14:33:52.971501847Z 119 grgKRXIRuJdoRrI2m6zzfCTP1ml8dVICU3JTOvd6rdTEhNwGrdWOi87wb2Vk
2020-09-10T14:33:52.982475447Z 120 X6uTCLlbg4whxWmyAERlZmefUanP3PvRqL4KJA3TJmgqC5d8tXuL8XZWhm5u
2020-09-10T14:33:52.993747952Z 121 Lg1HZLQKiArUXanPRga6QgRwnDlCAQVoxWmRXriVyO6OMbRbQuCebxJ1oeDI
2020-09-10T14:33:53.005277039Z 122 6L92bo97DwO7skhNnm4GbiG9LElKokcJEjwRlU7we2F7pyzTqH3rbXdrEa5B
2020-09-10T14:33:53.017182387Z 123 5VmKk2fZaDSfQnexVkVbt58IlP4aC4Ttx8DSrn6JFq9fq4tK3TdwV2dmnPBc
2020-09-10T14:33:53.029107569Z 124 5wv4WYIhpIKmJVf3shdoG4KIls3vSRtu9Xb7ke8ddQP6hOZ371vAfOre96Eu
2020-09-10T14:33:53.041148616Z 125 K3U3NpDbrE03DiAC4FuzqaOmWUM89bqBZp5iFDPf0UEQJ8YWvPGXSHBWHLjx
2020-09-10T14:33:53.052967391Z 126 D1AkXS4hNBkuNCXoHo3W6m0GDBmctEK1fnJtQgbgTlT9wpocVn4ymIjEXH1A
2020-09-10T14:33:53.063522736Z 127 XP5oxZJQLj8rrUiV74l78EVpqOEL3cg5LKNv9l9qJZcgxzveM3HLp2FHJBQU
2020-09-10T14:33:53.075298821Z 128 Z8pLIGaJnXIZq5NxKEFzCmjJtY0L85y9dCtM43RwAZqFFWWuvfg0OcWLdF4d
2020-09-10T14:33:53.085429847Z 129 0HU6ElewinxpuIyGpBhpLiUJkNZ0ZuIHCf1M4zp8Hgz0Oad8wXdgI51gM1Qb
2020-09-10T14:33:53.096936744Z 130 Xsc9iJINxX8qUU7U24rfyKYDC0KKLIN1KAaX6LgiaKBXhbVvceq6MKxUn5z8
2020-09-10T14:33:53.107729998Z 131 JaeYlRdRS3jY9Z9GyEcIeKuAArJMbFaMjY9VPd7jhcMn5XhpDSGaVuc3LIMx
2020-09-10T14:33:53.118134718Z 132 hU7ZcocmiihV5k7H5CCEgpRzrElFdXbZKsrkhjkEDHag8HWoPox9mGe15tZv
2020-09-10T14:33:53.129443351Z 133 WNfyyAMyfCdBd6FEx8pIHngX24hOjTI88cNSW9JBgEbiKtV9lSu9HMZIvgCO
2020-09-10T14:33:53.141023639Z 134 LjoJwIYFmiS76ziW0EptsQTc9PfrPR6hDB7RIHkcD0ZnJkXDnW2PpFuVdye3
2020-09-10T14:33:53.152658115Z 135 7ej6Yl8CIiNizXwFBzcSbOOcp1unKt5szupsBqyI2NCaSClhJFNS7xsFJiwc
2020-09-10T14:33:53.163306459Z 136 623Rw9gNR5gGP2nmnP3jSGxSEj1TnwykMg2ubsmiNkEqavTRDveNWiFyAPbe
2020-09-10T14:33:53.174689758Z 137 qMcgn01XIoiABwwZvoV38ZpHN5JFZXncK77dV8Mu2E3DxOVo4f5gclkEqbdf
2020-09-10T14:33:53.186537737Z 138 zWvRTYGxh3SVEbQBuCG98MaWQdwBAA3TnEeHeXNqJmVwOFQkzMgfZUpZQbcy
2020-09-10T14:33:53.197882896Z 139 2syQ8rZuJSCm5arTMiF26cpdHwMHYq13re0rwGLbqI5wkwgrWI8IxmWthk8a
2020-09-10T14:33:53.208282324Z 140 VmlaruUsuMk4Lwihil7621M9G5QtBRJbIc8v6FNzpRauecihwy454BA4Q8ir
2020-09-10T14:33:53.219681925Z 141 dI873bA4wST8fDlTZ5GfIiWNPKLI8tYPyWBaiuVy02MstZ5GexkPefcyHBHt
2020-09-10T14:33:53.231410272Z 142 cb4HpHD0OV8WAJEUaFENNAkJi43tHRMQxFY3rqPtLekfjpDKOoztexJPXUC0
2020-09-10T14:33:53.242221077Z 143 X4CwZ8xgm7dVMTVOcricuUyEJjqirM1WVykQMNfosbOrkjICdlnjmbMyPnpv
2020-09-10T14:33:53.253551868Z 144 A3GG6cozdsGG9FgNX0ywAFZN3TKSsCNTabR8kruzYGeAlTn8lQ6Z3UB2Eiu0
2020-09-10T14:33:53.264933359Z 145 I6OWVqIzlwJHy6dQ7DCuiY5SB91foFa0pgDXnW82n7aeJnFS5gvJHuC6X2uz
2020-09-10T14:33:53.276217963Z 146 CGcc6Ldl5HkRXcVB5SyTVnyrRbEnLXlx6BFPF034EZyIjmhMAR1Go6C0b2e8
2020-09-10T14:33:53.288151506Z 147 g1KKKDH9Aldj4iN8UzcIDua4gaQcT3LSJ6ZSBCsdwoNWBMZv7aDgknrOQiPe
2020-09-10T14:33:53.299848784Z 148 kf4yQQd605IXpKQIbG3mmFysYQcQD8sCjDSyxEpABNkQx5w9uFQAqbSZugpG
2020-09-10T14:33:53.310680117Z 149 l4YKeu7PVvB7KetdGQiaMPWlv0m2MGYMom9NYWwj9un82XebQxSrwCBAG2oW
2020-09-10T14:33:53.321957668Z 150 OZerhrY0duif7QQBQySH1Au37RsPFqrs7ZOXNj6RfSb3C1L7e0v60U5Ta9Em
2020-09-10T14:33:53.333286568Z 151 PlchSEqPnEVjgzCKZZKTanPKW53ZxotCY9LelS9dIB3lf3LjQ4of0woKGujC
2020-09-10T14:33:53.344811626Z 152 h4k8ECl6RgfMc4OIFs3R1CvQ6UHJS9Y87FnWWtQerDNE8Ek4JQ0P4kd7Bmcm
2020-09-10T14:33:53.355404848Z 153 M4L216FhK6a4O8U1SEhqmcNvZqDxqQVTckPcoTuKVwlevj9Ma023C9EwQVqQ
2020-09-10T14:33:53.367079900Z 154 0mAKkizZLHIDNc9bt8HMKCueT49PAfXvUDaOFW6Hb3xllDdbiNyRd4zByElM
2020-09-10T14:33:53.379083454Z 155 MTNSoQ55OOSQhA8e2yw3dKfovihU4rCy9nHFY2XjkyKr7VzDAg8uPwf8VLSS
2020-09-10T14:33:53.390108680Z 156 XqS5MylGiFWyYcNV1Pm61xSrBzwWMrizwRpBiwjdpUGdp8NpVMSGhFsR6air
2020-09-10T14:33:53.401484717Z 157 UpKzq13rrtmCCZ4QllfHerNFbqiSr20kZFUBNd2rnFHSkEwpV4uUFpgWaq6w
2020-09-10T14:33:53.412227732Z 158 WsjOJIvbe8qG8ph9Eaw2vj7LM40E00NUezEjn8xOxSi3QYwbw0XWco08249I
2020-09-10T14:33:53.423214409Z 159 fYnjVlr6I3MebmVVYyi9h2ij7xRKT4QhtxDFn05NmnolOiDX56bU1xLT3ApT
2020-09-10T14:33:53.434214183Z 160 gXQwLiUzzCaFtJ5GK1ZHhV7KQbLELDKKVnf5x535k5HWzrBKWmXIX5VRoZ7z
2020-09-10T14:33:53.445286664Z 161 QMOIIgNuuF5T6jU4E8diLhr03QsVigjpClFKNkeSbui9oM0sKDwle0HLYn96
2020-09-10T14:33:53.456848908Z 162 3kCbWed6sjx2T6lsImrYGt0gXtjIaNfb9yCgOtlYFPfdgn9CY5OxNfBaR7wD
2020-09-10T14:33:53.468607233Z 163 q56svMvoBbrCGSDLCGExReEERKmWET2mZXg2007bpxsnx4BSditIVrVHTZLs
2020-09-10T14:33:53.479238310Z 164 Iy5zcoJF2zILLShjhTsylOg5GjZqDiAb4DmdIyQLImkLd5iIEpxjDz2Gt6mo
2020-09-10T14:33:53.491029588Z 165 gr38cdhctDrzMcuhilqa4JDVPV077bsvvt1rT52Vk0jhTnDl96HnlbPjL7YU
2020-09-10T14:33:53.501776680Z 166 Ov7qbMSgCiODbXgjUXiPcE9HnEw0HefEvdnsiJPLo8zLxH7pS67G83N7NP64
2020-09-10T14:33:53.512718186Z 167 Fn2PZDcsRdNDza35vIGwZDU8mkJ9XsVW9ZBPMJGTbf8JWhO8rhRMVGHbMSzK
2020-09-10T14:33:53.523209222Z 168 8yXEmkcsOUDxkDGJqKleXHrjANxti2mK89BxIoYlYKneQUy1z9QWxLvyFmLj
2020-09-10T14:33:53.534683377Z 169 ELNq8POkaWSySxq0orTCadfFOO3VHNQT1mpGa5NHKQzgTiMx6S87EpZWU9pI
2020-09-10T14:33:53.545473953Z 170 IbyjQnCKSeSBxxeRMWgjtqCNZP7JrDsc56MST1hfAVs32GTW1Hka6OTeIKrk
2020-09-10T14:33:53.556320361Z 171 TaMEJ2X7JTED7TGODpDA1vQr4y3XythCZXGZ44MzG9fB6scrfg63cxPgWdEg
2020-09-10T14:33:53.567290192Z 172 KxkFl6bmKBE3OlW0a6yK55Z01K8DFEOjRXazlJA0nW4UgRnp1n9gHrfwUegI
2020-09-10T14:33:53.579218807Z 173 AG3mgWPckMrot0TUmllh1UVCLgjqxAO3c6akBvZUYwPR19B8UVF21OlzePcp
2020-09-10T14:33:53.590665159Z 174 b4DzEpZcONsLy6fUl8ejhTaRT8yquFvco6mKYLjDiQLF77K59zzjowSP5jvV
2020-09-10T14:33:53.601116999Z 175 xYcpgDtytG36HcGwlpm98ZBPNm4YSj3Zn8fuc8wTrFCdmT0Bc47Qfoz7roCP
2020-09-10T14:33:53.613031352Z 176 skGXY5apiiCdp8f725kvFRVKwX6iVJEJv8Y20IGCpSl3MbPr4U4rwGm8qxbM
2020-09-10T14:33:53.624309383Z 177 R9qPIKTQFMWHxWxIPgKTQKWeYO15liz0N05q4TjZ3AI70tDxeVFnvs2nUDJZ
2020-09-10T14:33:53.636383930Z 178 egy3INXXvAoEsDeBt8fvELEcYks31cAx8iPFXdEODDfPUZUaVqaqWAhxzP6g
2020-09-10T14:33:53.647572771Z 179 pgI9ezIefBVnuEHtnFuDqH0aAqzuCH4W8gR9HGtL99vm9Gt0wMB6jRGsBMv9
2020-09-10T14:33:53.658284113Z 180 8XTVMyeaYaY9RWi8Dp1wqvHuaA34m84vNXHLr49ZdKC9PjCbp0ztuh4OylLJ
2020-09-10T14:33:53.670179209Z 181 ds4LrK59zBS1Gw6d0cyBUZVmWUyqZZRGizFDVoclk9hDEDKHkAk194aRoUwE
2020-09-10T14:33:53.681638557Z 182 U0t2aluDxIwkQ7QgFmjE4tpjD3O8taxvYmvKPTtY4pKgGUDhplmgVEgpUeXJ
2020-09-10T14:33:53.692608331Z 183 pMptnJZR1rdU0hZk9neIdcwjEIccJ9kuEbyV17xZsbYAu9jxH5bwg7jjHAH5
2020-09-10T14:33:53.703698842Z 184 oyGevOhCXCvwGqMn5iTuj7PNMFEklHwhLpcEGeB6t2Jm1Btwjrfh7IBXydhN
2020-09-10T14:33:53.714662893Z 185 qrJzPthBS6mjE4abYLGklpDX7TYukfFoer71v2pVUUY5k4L7PJvh5p9cDPR2
2020-09-10T14:33:53.725255293Z 186 y6Q58KmbvWyI3a4mT4EseGZZLevUOROH4bwHQia5a4dr6wCax0xfLTLwjEPc
2020-09-10T14:33:53.736531671Z 187 B3nmmrB0mYpY9SHHf9Ckrl5fLW95NmSM6uuo4X46yhIxvBerF5NNdFXc6FOC
2020-09-10T14:33:53.747937005Z 188 eK2oeXK73qoLKvCdAbkUFmFvQgqfSSq0A5O8RAFQP1Y9iiiPV2n5W6pfrNCD
2020-09-10T14:33:53.758890662Z 189 daVgvtmASgmVxg93DNnkTBl2vlR8HTEpxh8dHXLRvpS9xLBuYzpj4vcGuViU
2020-09-10T14:33:53.770138005Z 190 vJpyivP5VjW6UWE4supfg4rRtrCjOqCqRknz0qwhmGjYXmRMPQgbuJC2PCtM
2020-09-10T14:33:53.781545941Z 191 wMCc1amzjhUlyE2Oe6KVxpuLBVeqKhog8ohib19BqiB9wM9TaRtqs3Mx1az5
2020-09-10T14:33:53.792396593Z 192 hq3p0ghRePZ3S5JIrKnRR2d6Br0XIFqrsOtVzydjstOGYSXokl91L1SGwoej
2020-09-10T14:33:53.803788574Z 193 KbjQhEFRfA4vBQUTaqThYRE7irmXxkbaIovfIMwdsAloYSDm9ClQWIEWmfgS
2020-09-10T14:33:53.815170730Z 194 33R6xbmrqqIFADgP4ossUZiXGS5RBz0R4Q00EW27Oh8AxPyMw4bOLB4SPyse
2020-09-10T14:33:53.826581683Z 195 7u1D3T0E8adWyUvSH7tEK3R1sU9ADoFuFIuNoaxxQt9DDNUjhuuU8fVdFbCq
2020-09-10T14:33:53.838029219Z 196 axm8IJLunLvy4fYwpnuPI35RBW5FtyD90GPkQrN7IaimK5CKOPIouxi3eXUY
2020-09-10T14:33:53.849686436Z 197 KL28Jm8NrA4QwSLsiRi3IINfKaxxky3DUp0ULxkbZWoM02RmxE0sKrBaOV27
2020-09-10T14:33:53.860979966Z 198 VKpABB1yDB77oad6ulEw94hUBncpSLlCGw6EmgIjj5xw0deuJibD3k7rLDKM
2020-09-10T14:33:53.872537077Z 199 WXJDZPAJkF8DhWhhIL4IQWgqv9k7HLfXqGjKZhs61MeJaZ4zC64kkboa91XK
2020-09-10T14:33:53.883737542Z 200 lpaJe1Q8dJsFWnlbmrZ2M8GFnbGpQd8vMr7lG9OJjtnRDltUJwrBDhi4qcaf
2020-09-10T14:33:53.895331170Z 201 58na9Qmup6xvesCapZdThJmmDXqWnGzEHV5cvV0v6MESGeraSzpGlqrpuS1A
2020-09-10T14:33:53.906700435Z 202 tOkLlgB5inA5gS3gk2EH2OmonBWJR0LPw55XOlWiTLlpEahq9nTPwJfeFzNh
2020-09-10T14:33:53.917703026Z 203 v6zGNL9JmUgAs8doxaX7RlcJXRs8NBe9OsXpM7KupLUnaK09v3zhsMM4A2Gt
2020-09-10T14:33:53.929119638Z 204 wXNXnRDfO6tuRCR2zgmaiG9CaAD9vdJJU71fahtJaafNZUsFXYQUxL96luaB
2020-09-10T14:33:53.940500635Z 205 lRJzD4OftfY9Y3tR08pp8l4eC4ITklMOXCzWCNDKENdixPwimGEv6WO69CVg
2020-09-10T14:33:53.952043494Z 206 Re94RfWw7AeXo1F8guegFpbLjHdqF7R0YOTrv4D1Ew2ObMW8UPAKWZc5w5Iq
2020-09-10T14:33:53.964012425Z 207 rV5yKJp1Ih8RCEechupLAyqdnP34EKb6Qa4b63sSCz5Ti7lfALWvWJSXVR1S
2020-09-10T14:33:53.975814116Z 208 0ncYo8CJdAepSGJMx8vGkjF7BH2y3FHmhWKbKg5rDvA4JhtZtUchWvNsDSnr
2020-09-10T14:33:53.986487083Z 209 ygkx0638sBkxIFNkBqghI9cQMbaB8tdYsRusnOsPcCdXKwecoZdp6vobXYeS
2020-09-10T14:33:53.997684546Z 210 Pr6zQguYVRDajOqZ7WL66I4yPwUSWLb1oC0Y5zjrglebENUJrQuvcCIPNw1K
2020-09-10T14:33:54.008585065Z 211 gxib0BjhlFTuY6ezOA6M8dZUYkBIuyGPdDUWzIpidXYhS3E1U2eJyZ2MRo6c
2020-09-10T14:33:54.019765261Z 212 3iOZzI0xrLxtuss874N0xPTzsly2mtwBumptccWEQCUQ8w8Vz1SU84W0rDpX
2020-09-10T14:33:54.030730042Z 213 lKSwl9SpWUFoBhMaNH0GH6F3lRYHqaUfrfY9U83iVf0qMLYPF7CBZvVJXzem
2020-09-10T14:33:54.042046251Z 214 h8VM7VHayqnu8LNDXPpdjLhxkis9GkREMLHuYySIUoFbrqlUZbm6VMeAfs8J
2020-09-10T14:33:54.053893698Z 215 2fxG4kJPJv25JSbvN9pGRARvOlayQ523uxezjfsOLnV49o2xxX0Pa7kF9IOE
2020-09-10T14:33:54.065137102Z 216 Wqs7mXCFJxx8IaD1MtPCuxqEaOZR2qvG812cM3ajXqRnVsn5CeN5jjjJRdzn
2020-09-10T14:33:54.076527601Z 217 hj0qErdf91zaoPoNaUF0JFUxm6rYZxVErDgxrVwQ6itjRWr530a4h691tPlw
2020-09-10T14:33:54.087877820Z 218 7bgFve7X93sHzzYoZfrwtayM8VLh11eXOeVBB7mohJZ0nxupSW6hlOM5i9YU
2020-09-10T14:33:54.098914060Z 219 Oi1jcX3JydaS3mgtbeDOrEyeA6Oy4KD0hcZ5HPmBBXNdojJJCvY0yh1VvAqz
2020-09-10T14:33:54.110022154Z 220 SlQIQS3zBDryaNVQaUdPsecy232h1aG0cKj1GQU3kWAB2nT36eKq673qNYY2
2020-09-10T14:33:54.121629646Z 221 nNqzHFocIhH8rPC7N9sf7DSRgaasr0tXqCYxF8194pDiFAmIfjUZFxy2UGZ4
2020-09-10T14:33:54.132257419Z 222 c9tQcguqwTGzUwwMWecKxPvIXQCMUZkwknPmvQd29VDlMLdugJJcsEXqIdXG
2020-09-10T14:33:54.144054978Z 223 eJLp8reuGOpXHO5w7R0YnnCQO2qBD3rzpP8WxCPLUx6rxWgImsvkkAlnIpfR
2020-09-10T14:33:54.156157244Z 224 wLxKQRfACH5dUdlv9TfMoIMVngoPtbYGi3tHJhwB7KNMpW7xumT9xbCUBX3F
2020-09-10T14:33:54.168435880Z 225 HP3pqBPQzCxMtijqADRZgNlzfKqTUglbwhFKGmMewHRpkjlFTrjair8FZsGr
2020-09-10T14:33:54.179395226Z 226 KRNWt9zntHIXS9s9phVTChbClYcEHcaMr9XArwXXo2wtnrA1w4XxiNDPYxTG
2020-09-10T14:33:54.190359089Z 227 5SweDWtPz2v6V1RZsaX3xFCmHfxn7x5sG6RN04eDQFsE3ADH1i1nWCEb8Sk2
2020-09-10T14:33:54.201916266Z 228 H8cKAzbHSmgvOym3HS4GlF7HW2oqW4gsSdshU6LJHH3cLjaE0MBbJ50rEXwz
2020-09-10T14:33:54.213811126Z 229 VO2M9kxcZ59CJgbNmfQHFxHxw6mqK3Bm67LPer5yitj5edg33JkGCliOv6aE
2020-09-10T14:33:54.226062898Z 230 V6ufTg7kN5rw8LqfGpKGxOUwhMwMXbQO8QSJc4r7PAnnFlfRc9hZgtz0LmsE
2020-09-10T14:33:54.237875796Z 231 z1z7LW5n5FB61Gckw96DMFYnyhJSMnADfZ7bmJh6qFNHJWEQpWTCMTZCvhny
2020-09-10T14:33:54.248142555Z 232 lJxUqj9En9aPb7iFSKiCU7cT04ijHOnZtiQSfncPHcKM3smW2dql4wXzJVkQ
2020-09-10T14:33:54.259572576Z 233 gJNYx3XkUV1q0bFx18tY4Ucf2zZsDXrGvZndygCgYxQKmxKknnXQC6Ybuo3s
2020-09-10T14:33:54.270774812Z 234 YnnwRd18zdBEVtTp2f6wvDCUKcasjqrMybqLgZy24T3ZB9eYTU9U2nBYRQux
2020-09-10T14:33:54.282003652Z 235 oTp6zvXDYXnnIJ6lX1LYkdEOvqRmy6U5ytwZozjjE0PG4MpCvzco9S6RJr1P
2020-09-10T14:33:54.293422739Z 236 i92maXUlkUz8bJQo2CH1O2XaUdapcMm54Zh6MiZoFPrTJPTV4zhbiglrhcAc
2020-09-10T14:33:54.304975930Z 237 sMjeK5VnRAAj0jwzThBQizadHeL3dYucuSFSttQOg7iELjfagr3G4mpRgArx
2020-09-10T14:33:54.315015744Z 238 pSFzH2OH1k324NJ8CwsRGFbCxK3FBUCvCuDj1Eb0y9ODUWxnf1EqJsdseSY1
2020-09-10T14:33:54.326209311Z 239 YyAKs8ELJ63997nMaBYDTC4mdU9FzHvNuMhkbWdoBE2YadTbiO05KqTBdx41
2020-09-10T14:33:54.337220903Z 240 A5N5hk2GMR5ZLEeBUMJw3aiHt4ECmz1lkyqPclDG95crPx1SLUrWTG7GbjSG
2020-09-10T14:33:54.348693049Z 241 yOauDxIf4np4a9V3u8RIAI6ObERhZ7M2zjq26oOgu0OcTGBeDqnttCSrhnCf
2020-09-10T14:33:54.360024828Z 242 olm13QclvxvfQ5Lghu3kLj4bEL4CKaZXBISyNGHxFJAo933mRLGD5ElEISgd
2020-09-10T14:33:54.373128836Z 243 uYvn4RvcDopAgc1W9UoqhxxDbQbUW173oIJWNQ7fwQBVF83fMSEMOlpipzL9
2020-09-10T14:33:54.384897526Z 244 9XENOnK1HbGqW6Jrfa2mf7oe5cj25TqSQmzBDHRr6I27biaFi3pxkMo6hmSS
2020-09-10T14:33:54.397081882Z 245 UxQyRTA7HEr9LGEo6PVMRn554MPJtLghKPFxhD5SAmLFmNShyaeMjiw21tWD
2020-09-10T14:33:54.408716504Z 246 joXMbeth0VepLh5vniQgFGs7RyAqrSG9Irx2Lc7q36tctACp5cgGOPAqe04D
2020-09-10T14:33:54.419835620Z 247 aS0UhWFBrElva87RiUke1mYYNJLZImOiczUWfuQsD3wzgExM2IDRrnbvHLPH
2020-09-10T14:33:54.431349559Z 248 jzR20yXSwyPEjF3JqgFViMTYm0lIfkpju4Ac5YSvuZ7XBglnlM7wR1UoiHcF
2020-09-10T14:33:54.442956174Z 249 6N3uHfhXQfLTsDNy5xtBabJix5EJ2WFlILK1dqGZ9FBXyeoAliNTeTPWNTCz
2020-09-10T14:33:54.454571888Z 250 hPEpC3WkFnPnoVxOdcwEhsNC0dBCNTeHryhJHl13eqxlfk17sBDSXCGd6G3D
2020-09-10T14:33:54.465723725Z 251 flVY9YaBQVJUfbciRjvAo3cPt0zqfkREyCfTvMmWexGCnZpK1P8867H1wE11
2020-09-10T14:33:54.476207571Z 252 6z88F6CWL2rSCmEnDLPLSfeRt0fO5UxqcQtJZFyvueE3rA8PeNKAz45q8y53
2020-09-10T14:33:54.488044324Z 253 fGEmGRshOEU71OuQmxzYroHztyEFoMTjIUTL5e224gE4vLUq5Z49Kiz2HDIi
2020-09-10T14:33:54.500128268Z 254 B5Zrn9LWJojWvj9w9bIXW9dyFhLhPM4mz57GcIkqTkkqT9IMSNxP5MAHCEOU
2020-09-10T14:33:54.511299396Z 255 XEp9XmftAqMXaxqq3flpVLhBIAwTV2AInJUPUhtG4gkTDmt1EmMi6kqiPwsM
2020-09-10T14:33:54.522186870Z 256 hazeQeChBeaI4unPrLXa8H5qJT29p4PqUc1AY79PzCMwkOg2J2a8kMpufC1V
2020-09-10T14:33:54.533921711Z 257 2mJxSzlAYM0QCBlMgqlnSOneuNkp3GG8k4if94ugF1XIwhJNnB8yhOTvIz0O
2020-09-10T14:33:54.544486386Z 258 cbHbNS7Yr9jG6qshJnbYKbxquaJuGPgvNV3AeABO9BaORgbAj1SNLzuKGXxS
2020-09-10T14:33:54.555472029Z 259 3180TsKwi6Ol9Z7dxAA2xuRAVpJQQupdoTKOtNU6VfFEAAQ4vq1VNnQkEI7h
2020-09-10T14:33:54.567221583Z 260 eFq1HDWjoGxVfriaeQVgQQSb0agGy3DGQyQo4aClsp2TqRCw4SB5XrhwMn2l
2020-09-10T14:33:54.579079741Z 261 0CR83zKmjV8iET0OuOYzNbH8pos1RA3595mU4oceNChfkQ7FBgwGXRVjUkr6
2020-09-10T14:33:54.590283410Z 262 8g3KOY9Ga1DKvO7gfUgZiGrBtZomLiw720G3eV9wYEfBZVcs8u4CU81SKIXU
2020-09-10T14:33:54.602055403Z 263 MIrkVlFfKCG5lpU44ON5Qi90TCqumWbEfdLdncYQfOdcVe9HkwijPpEtwadP
2020-09-10T14:33:54.613718664Z 264 KXsxZj2lJvEdglJ2xa7FhRVEHaIQ9atybgxrPtubnUpAAnbhDWcFjHVhbOI7
2020-09-10T14:33:54.624602294Z 265 RTaG8humkTWX7BIZAqyy8yXVZhLTKLUbVBbtRrwr8wDHqZc1XWdJ7V5zYEyC
2020-09-10T14:33:54.635393235Z 266 g1v92so2VA5jaaoYgEk1RusijZUcGrp4UnfFklktCbFDTi0dbuJkQx3LSl2U
2020-09-10T14:33:54.646679668Z 267 1ACfsubjjdaJUcSV1pvT854JJxwbPMSGfS3rY3BTTYlAASxSZvfCawxJDcYI
2020-09-10T14:33:54.657210159Z 268 SE3FsTbtnBdsmJtA1CzYRonN01JHEWRn3ORhMPQ2upaw4RCOUWeeaCdoAAdv
2020-09-10T14:33:54.668552038Z 269 KPI1cBuDmBu09dVdpL8oIFLIM2C685CclDiVgvUoAvFRQEJRsDc10YucgjRJ
2020-09-10T14:33:54.679675613Z 270 71TSDenqbCmYpnwiCXxxPi8Nk49SmMt2IIZgcNnB1ahsY2wWYXOJI0jJMvm6
2020-09-10T14:33:54.690951078Z 271 tcmEdCzeeV8v6xNk3yR2PVoVywIMhS6F3RHfP0gBhBTx1SYgxWtxkiWDxyBv
2020-09-10T14:33:54.702932445Z 272 StJtPDnrAjSs6kk0GTnNZqUQpvvU6LoQzfBQljJbi4cBoTnevxVZqwSQxij3
2020-09-10T14:33:54.713223490Z 273 uv9LwkFSjzi3rQautpshFg79SRnYWzLN0FBvOOxYbmu4sp3tXnySYaEAbyqQ
2020-09-10T14:33:54.724264025Z 274 UhDuxinQVBcmSlJ9MRRSo3yo6uaewcA0iCbnYC8q00ckf42iQZ8lottE5B7S
2020-09-10T14:33:54.735568807Z 275 wbPx019IGqu0sZ3AKTXd8WLIq05nAhN1U8qi0hQkJKZM1zMVoa5UnhcRxflO
2020-09-10T14:33:54.746601894Z 276 iUzvok39qeLQigEcpDCO3BReHIX549kv1VxloqkSfKhQ0rRC2T0Uj9aSvCr0
2020-09-10T14:33:54.757799308Z 277 Po61ki9xRAdYR2DdXQikmUG82p3sjByvXvJjq61xODP2rEmFaH8xhFWUKMfn
2020-09-10T14:33:54.768901155Z 278 KgmrPjIiAOvJUvQMtoT7A5hyT47BZuGOgkCVnTSpJbpy91YSCdhr8bm0tu2c
2020-09-10T14:33:54.780892996Z 279 XzVqXMi14tvNvZf9EIja7PErQJWQV2l6o0TM0EEekewE9z5EaGWA7yGg7N3a
2020-09-10T14:33:54.792119344Z 280 l8wXbt11lNcO6kmoDwU5T3aN6vcuwQAR0501ob0Mku00kTwP7z7zJkR75z8Q
2020-09-10T14:33:54.803658363Z 281 aGDpl8WKFxi45Hgck4zdRMwZenAJStzbB3eHqNPAtIqTmXqoyUyQdmqW0qJw
2020-09-10T14:33:54.814283202Z 282 pkfC0beSBPNS4Bd3ay86qtSTstbsTXrLdCv3egFCjaHfUJsW0eqUZOowXlJ2
2020-09-10T14:33:54.825260665Z 283 3d8fJYV8soZigIjOLaaWDbX0ydztnEdSIgd6XVhAFxOWZdTYdTqQMSy1Byod
2020-09-10T14:33:54.836531058Z 284 DjUvwxIwETV655lFaWi6J30IKB6BaTsn7cq2GWCcR5t8e0f5RiRvR9Bgeou6
2020-09-10T14:33:54.847140367Z 285 fjOqZUY8RGpDO1HjjpyxmrvcRkapK9BGPB5atsrrrykj22tjAoI3F3SKVGAf
2020-09-10T14:33:54.858328030Z 286 OhIwpl9lWnLtfVv8uM8Jixd8kIoywkF5j5UzJbqZowXDbHPrR7iwmGmpiON3
2020-09-10T14:33:54.869672318Z 287 5j7jr26J4aS56LvRfApDYTz4LxXORrksczZ5DLvf2iJrdG4bej3gVtAd2pPX
2020-09-10T14:33:54.880386916Z 288 0z1EZM8h7mXrBdmuIsa1FLhRacYXYzSCETrkFBwzlCJrbdC2XvwoEZN3CRf4
2020-09-10T14:33:54.891858577Z 289 AqsRA7nt0Fxr7SCUpfAvfJN82X27FXSaXd56w0oW7GoZrj2aSzWfCTF8IEzB
2020-09-10T14:33:54.902328958Z 290 ZF9YMsbAhWV49ZCh3PvJeIWdN9Xr9LlgWpj06SxGESTcseLVXhZhv07WBSc8
2020-09-10T14:33:54.913332689Z 291 XmSsmXgu3YTA31a21gsTT6eF0YyYS90SdQsLYA6CmjHoDdiIQ2x9JBOBV8hS
2020-09-10T14:33:54.924361507Z 292 NY8heaYzDYPqGMGv3cgAh2PklphFKCNTGZIIGOWRnwmvi0V02gVbL4A3Gx1O
2020-09-10T14:33:54.935430361Z 293 LJZdZOWIfX3DZg3Bp4w89R4u8QxMFFCxoNaAd2twqgT2W0MGpblc322urVu3
2020-09-10T14:33:54.946957886Z 294 XTdyBTPnPeYlM66Fg4p5jfduoGMwqjZRBTJ2Vx8K39gFffY8a4osyjMxBU19
2020-09-10T14:33:54.959018463Z 295 4ckd1CC1TA1jpluZCC1oNJRqVx7GX9c2ZAT91yH4OiueHi8K1NGuiAbX765g
2020-09-10T14:33:54.971150893Z 296 qJvPSoieOUVHK8zLmPnyftb85g6NKjB0ZURRkP8QHNdNnZjvgSQeOELvxwJc
2020-09-10T14:33:54.982619710Z 297 mfilu8konDssGBKdQoWdxkdMDckmBaG1k6Q1eeO57xKG3uEkZvK4d9Xshlrp
2020-09-10T14:33:54.993856548Z 298 mk3hEXHGW6huK51jEEHa76r86jTODd9HGitLUPEiUKT2iW8qNr1AbZ8S8r2s
2020-09-10T14:33:55.004542299Z 299 wgsW5pXWwhd49jeBR4I2AbGHOaJkn7Vc3bzAmTyHwe6xRaqSCdPvkBdyxB8t
2020-09-10T14:33:55.015916870Z 300 WWHOhNxmsKJo1sDzL4uiMH4toL5XYhkKZTYucbcqbBlNAL52UYLuBKXNe1xh
2020-09-10T14:33:55.026565027Z 301 GFZ79vUz279HYjisKvqEtYXcbVHvHPbGzYlectpXGb8VIYDkq80ijipuY4Cf
2020-09-10T14:33:55.037927944Z 302 3DLQ4A466oVsNXVQU0qZ1yvE85Vm5Unp0zoITuAX8uoBjARmLZNHJPHvfh5S
2020-09-10T14:33:55.048821548Z 303 rnU3UuxQDX7MhGhNesprMtv4V27ZP1e3OlGf9knvV2mgThYbx7f3czNh0iIi
2020-09-10T14:33:55.060698973Z 304 nrMzkwxtC4ygjfwMmLMcqjCS3rJN9m2OMYk5XwteDMR2TxZZTgszDZIkaITH
2020-09-10T14:33:55.071842797Z 305 DYxm7ptjWkYvnv8hQKil67Cqg4nHs48rVQkUweVceuSLpPO0OcOyYEQDUeOu
2020-09-10T14:33:55.082349319Z 306 CG1hyPTjWJh0ZfdVwJ38XrajTtAes9egYhr7oiXK7fPKljCtTauDJzUU9ESH
2020-09-10T14:33:55.093913302Z 307 d13x19Wt5fsEXizZpCr5vq8X0aK5jW8lnqfGgLXgGqJzqlgqq9FV2dvvllFZ
2020-09-10T14:33:55.104770638Z 308 399hId9rVoJuGHKi7V8QYRmbOqR8FDUbsunwe40da6FVnoznSQxv8aLf6SUm
2020-09-10T14:33:55.115618739Z 309 qL2PHa8JN3TEsnYTH0eUkFaqWsO7hUNB3z7sZxLcdfWw7OeKETO0Ml4rLZSM
2020-09-10T14:33:55.126388115Z 310 vytRWNevv43OQ7rCtDqha9jzMqA6DgCuDoWNj0gTqg2eBTXX6aQ3m6kwJ4hv
2020-09-10T14:33:55.138007977Z 311 I1axozrDsvVUftrKtV4FgcQcKXE3aVJD73pUsyenYXegS0JFp4eRyS4xE48y
2020-09-10T14:33:55.148576321Z 312 JuevBjCvBFXr98vTwoSh8BWHHcacZdyNVPmRTIswe3Gr8QhMPMWEUbMAl3OW
2020-09-10T14:33:55.160139354Z 313 LK0A9LUfU2xuHJlh9DWsDBQcpufoapw7yrVgL6UXmFDeoWNChqvIkOgYV3rx
2020-09-10T14:33:55.171628277Z 314 R5BiaZVkZyeqaWI69lPnbRNfEtKxBZcltpHAfbhwJnOqMrK7lDSRilUVmuS9
2020-09-10T14:33:55.183154008Z 315 I14kmoXYQndpfK0V5P71pOcyI3TattS0ZWJUr2O01X4lPQkeJcGmlXkovgaG
2020-09-10T14:33:55.194764235Z 316 No91euwiRxi8ejvMwLWHOTUZCRDVhASgOEpIZo4Dor5CcILtkfoD3bMQM2bt
2020-09-10T14:33:55.205273837Z 317 MxKDEAyr6gBdbpkMR6XEZivIjfQRkMFPEf3FKZCSudktM5Ha6NO71qHEuk9M
2020-09-10T14:33:55.216315653Z 318 xtEP9Q4rGFAtahPXip0dQYgENFK3eG6qMUul5r8qvIHExZUL7J3DXthqp5LP
2020-09-10T14:33:55.227547528Z 319 CX0Q38QGk6xDwsE9YxufrmeQFwIVUPV5ehAn9jDZIFWI1RkWJpBkKbDYdC3R
2020-09-10T14:33:55.239006245Z 320 2RZyKG154JPqV94rt3ZBn01mQAv0RDHjgc3skFSdTwz8CLZDHlhwwooxWehv
2020-09-10T14:33:55.250571804Z 321 3yh1dWJLkWsB02DQoGXHnN59kqh5MNl9oKDTpPSyGVsPesLjbhbtromupOxU
2020-09-10T14:33:55.263307254Z 322 AOcHyylvUw4qoKztytd4e5s8BKcnI1nY962KF6RrIrItFDF5iZ1XhYKSeFbh
2020-09-10T14:33:55.274197353Z 323 hzRQG38zCVIlsnsezYen8JZTamykzuRZlCUs15Yc0QGjGbIBLxawcBMyfgl1
2020-09-10T14:33:55.285706671Z 324 2I7lWQiR72JAF1Vb8TgzQmIilTv76Cm0IUGe5W9dKnbHxiafrx47BU3CXKUr
2020-09-10T14:33:55.297059188Z 325 iVeijzpAlrlbi5UgqqkSVwIazwUlDhva0ZxWC5nmhRaX9qjrxKzzyjpSRkls
2020-09-10T14:33:55.308787422Z 326 e8V1ijq1vXYQpfN20OSMsh8BNkDeQSvFpWnIU7wNbI4Qlw1UWSEaSIW4UYtC
2020-09-10T14:33:55.319469697Z 327 Endzxa9jSToSFvNqNfZ94GAwnwOXPLhPkqdrkmVIP5lYnMZU88F8qCo57uzq
2020-09-10T14:33:55.330399010Z 328 FGmBcGsNmn2Ynjbvz8V7xpoiQY0HYniSAFHBtzh2mCIZKvI5bOVatoqzva8H
2020-09-10T14:33:55.342022090Z 329 bXWIvnldr1Fa8Mxop7gRtjRX2ZOqfoQlSKQbzub6UfXN5wdwp3vr64OZ8Bs6
2020-09-10T14:33:55.353522330Z 330 BFJvZdYDWU9B5AWTnY90l8mLPz24t1xxrHpQvhHXnlfTZsTvIBW6wOJgaiwB
2020-09-10T14:33:55.364839727Z 331 XWAa6SloHya1JeJz4A3vkr5PX7azQQtYeKAREXW4rDuPidXBxswDE4gonB28
2020-09-10T14:33:55.376481866Z 332 IPdIeLvYjPx592GEjG2QS40nKiSaGo9SsUvxvLDEkZZ0Iuw0V7R4TZKD1eiO
2020-09-10T14:33:55.388159006Z 333 qpJERW8FJSXIjXYoJQZWJIDUGUzSUfnlabQptF7vvIvtWDW1sXAWoOfgKmvl
2020-09-10T14:33:55.398844155Z 334 9VYZWdCz1teEWukrBcOUNm6fTZYAWJ3XJzOw1p1XzkJu5PblV8vqttDB6OGq
2020-09-10T14:33:55.410156570Z 335 MkFtbzBQ45SE02UX1BVQxiN2KJu4VW8tWPxKYbwRSa62w4HXBC5h4yz84CXU
2020-09-10T14:33:55.421762789Z 336 DXKKSq63qiDE2N9Dr5fJWlMktff1Zbpe5Hkod2rvsTAAr4otjBpbSTiuCokY
2020-09-10T14:33:55.432581669Z 337 SNqkijE92TRgpIZkXevJSZGXinlnJBxXwtV9sAyFs3SHJvpITz54RrHBAHke
2020-09-10T14:33:55.443715376Z 338 QzTcrQH1nDUrSVcnJnbwS1rE667t8CHMqzS9OLg2VsIgUksYR3iljWZt06eU
2020-09-10T14:33:55.454409648Z 339 slKuQHaJTi85avYorlTCVpYfvGnAAxcDv9Ui65kB9GkycjsgbSyFeEIH0ici
2020-09-10T14:33:55.466147385Z 340 LLyFn0M7VhoyhHVZJspOsQnxnGWJVFGnWqCupbSMLtQMCdbtcs7ZbxuQTlxj
2020-09-10T14:33:55.477572403Z 341 9Vibj91kfCAM3zitMtPncPFF7sZXmjWL61xejK9Uk9nUrRwrzS6Rts1mU6US
2020-09-10T14:33:55.488587930Z 342 edrdSiMOhSAzzM75WtJjTdciqta6Gcog2cfceIvmmSGbFJuEtjwMZX28pbkk
2020-09-10T14:33:55.499726614Z 343 hjbplxMFGFavcCYlMRtFH01Bx1m0LS00NrUrkvUUs6zHQYtuIZ5PFShvhsAb
2020-09-10T14:33:55.510619620Z 344 5iTxMl1SHOayAEWms8B71MN9SAmwXy1FzoRB1psFIoTlkwwqEIzORLNvTCOQ
2020-09-10T14:33:55.521246710Z 345 CG78Q5T33Cr79hRWK9ZQFpLxoCqtnHOpY6nHeDcxnjDMYyxorpRloxxJBdUq
2020-09-10T14:33:55.533242889Z 346 DlrOreEtp56Yjz1tfQ0DHzODWWmCj4fiIZl4W2btd3Hzs61yyjj4SvvlA5Ol
2020-09-10T14:33:55.544553419Z 347 ubNmqFuGWyMR4Jq4jgAiyM2TKDN3iPuddTZ4QBjQoB9dNXyDwMPpjNhKfE2E
2020-09-10T14:33:55.555495640Z 348 R5wtLOOcTefF7JD4aAERukpLZ3V4fEwWcs6Z0YcV2viUAnKwioaWsNJ6m411
2020-09-10T14:33:55.567429230Z 349 qT0glSUa7PemKIQLCUqdHEVeRTxHMyeu2PGdfeT42Iy629YJzlYk25TN4NOa
2020-09-10T14:33:55.578701345Z 350 FwapbK4VbpbUIGJXV9nY7ZRVDtXRMfXaZH7SWFFRxpQVHftAg1JHscEqtoku
2020-09-10T14:33:55.590043792Z 351 ZJtAs2gKbgZpxrSgnnj8zUlkfhsJ0zadPyELU16sOpVM2SSPxdGukMWKd1wI
2020-09-10T14:33:55.600617721Z 352 XnySXMEG56ozAdEOwfmkQGcdiMVVZh1RBM7NNwVyTMCmvLAFxnmK9AzrtLsL
2020-09-10T14:33:55.611947867Z 353 Uri4ULitJ7viXHq0LwLmwsnuVWHQOsSWYcQtsxfzjq3YAzrRAcZEiGIzy1I7
2020-09-10T14:33:55.623200542Z 354 XNfE34qx6e22AWEEq8mG6OCbaE9haFVF1z3k1a428FOR8RI6a72dSw04VIBU
2020-09-10T14:33:55.634707656Z 355 nLvR7KhNfnRQJuaj5LZ8yojkSpmkQvwrlChOK1g6GibVWLkYAJGCUJTt5NGK
2020-09-10T14:33:55.645702836Z 356 zzHI3hpJmdEXv4DEZXs3ZEHkgdkv0QrulzuXnxRfJPVPNdnFqtn3W0ZdliU3
2020-09-10T14:33:55.657255093Z 357 6VC39CTxGhujlKGLRcux9sPixdN15c9qZbq0xxqLKKS6LoS4LMGafidTMFq0
2020-09-10T14:33:55.667502510Z 358 ATe1DYBtP2JwbY2mjWvI3xQrERcmjRIb2ihB8vmCIZKl9eU4HnGhx6LYs26E
2020-09-10T14:33:55.678668653Z 359 c3NBdCkWZXFeI9db4q4bmJaSswHqFXdX7I1NKm0XHZ66kHOUZCTmQ4HBsKcq
2020-09-10T14:33:55.689929950Z 360 1VwVRcwOb0M1USHyRiYin5kFk0629yO9DkTc9TU2WioIBXSkUxKGs3XhEC6J
2020-09-10T14:33:55.701178027Z 361 56H3diTjCkJPSka0NF21icIzXUqPKZNNghKe4XzfJOhtO4AkmnQBJgGl1o4R
2020-09-10T14:33:55.712302077Z 362 o8Hs49sdHEWrue8jMRXNLHUniclrgA0wCFqGSPwkGuB12GMZOFUcXuI8V2Yt
2020-09-10T14:33:55.724054696Z 363 81q09W1LOnyoL5Pp3KhqFoDaqAuFBNE0KitwGQWc8StORPt1zwCRk0Yu9vVo
2020-09-10T14:33:55.734604036Z 364 7in9jM8eKhvELqzXDqjTZKqKO3vjTqVaNnwU9AJTh5KKEiTPIDor5AyedRt4
2020-09-10T14:33:55.745834550Z 365 WSaANqVXyf2BZdFUCJofWj5ymPlV9s52EtfOPB5H4rX46A9HlhFZSjXNnlxo
2020-09-10T14:33:55.756957550Z 366 1fhAknQV5SDVVEhnDuKHBL8mfRZBllebroCeEcWwZtMZDi2XM7OYMA3jNU6I
2020-09-10T14:33:55.767859921Z 367 YcYL0LvJ9OF3FgxsAZJP3VP47RYFFIIODJbSShw9rLO2KiURjEpkJSMA1FQU
2020-09-10T14:33:55.779304358Z 368 p8uKFIVNKDUHpVn3gzj3wtzMFsEWwhHxy2nB1uKN6rSU1yjw0pdEpzJ6zlZP
2020-09-10T14:33:55.789954072Z 369 ZctJDVbXRkDxISbxGsa64MusKRRAs0adCVRdy0t5J5KFLvaUsYvWhc9OZFSq
2020-09-10T14:33:55.800646321Z 370 g28fXScJ98xuODpgtlttbwXjEaOekNV7gCVM5Kfri36cFm5QQs9i4ajY09ID
2020-09-10T14:33:55.811928556Z 371 Ix1uTcBhg8OirVaS1zVbRccnONi4sck4uHq11fZA1OIxlZu6spLdEwUzSDLE
2020-09-10T14:33:55.822751646Z 372 bmEXWuGpHYbwsTF9fgIduYHwvUKqg7DR6051dgWTFvgl8EgZK0NAiYAXIrxp
2020-09-10T14:33:55.834276237Z 373 rJ0gA68wEFLKJuXf6PrD0ths8WUwmRC4grH3kXBZ7Osv2KKeviMc8HCxQWnZ
2020-09-10T14:33:55.844797180Z 374 jk0mK2q9CVu857zMmkN6hoQItYgnEeTJfhGkjPhsFEypC8aI4NAamI5D0IZr
2020-09-10T14:33:55.856034488Z 375 Dvn01OXWXp32YnCKw1Fp7cclL9w2yj0A9KfbXoVRMgLMb1ljx0DlAEBGTttW
2020-09-10T14:33:55.866289945Z 376 7ljnehfodUXJFFBte0JXYwbIKx64d4g3eNMT1H1xrvURVccw7OXMp5BBi6eC
2020-09-10T14:33:55.877906758Z 377 ajeXXyPbvviYLT7q4U1uocRriKKOvzj9ZOeoHTk9bO4yEqgEj94ego1FbqSP
2020-09-10T14:33:55.889262983Z 378 8nXAzSUMxEM35cD2arXe1vTyoNDXR23ZdYew3WhZAhbQvfvNYHShgZF3HXf2
2020-09-10T14:33:55.901158342Z 379 Juh9froj749jTW9ez3Rar5h3M514KCYsp3B8FfCYAfk3Ho0HQOD9aiPMW8dw
2020-09-10T14:33:55.911980771Z 380 upQGp4GwlnbZnzbA03PdpmoKQUiXXeKTkZ3WcR4xnDe2Nqv0vKYsO3ICi1ER
2020-09-10T14:33:55.923310585Z 381 uKvmKPjTJFO6zCQMGcG1Vwiq7O5GUlDjF6C2MMfnbi1Zcnl08iy6r0zQaPbp
2020-09-10T14:33:55.934443329Z 382 hHctZpdXZqrCkDAzRfYMTfeTcvy6R5AHrI0iHd0eXQBVHO5zQrxDG8jLkk2Z
2020-09-10T14:33:55.945757204Z 383 RzQazzAdJOJcfPC7F0ZJu2MBJNBdmMb0mvgT70anBYGQjBjxnENwszY3aEee
2020-09-10T14:33:55.956294462Z 384 IxGkOIsr7m4Gk4w98Rj423CjKRvj5Tlbzd9WAjf8rN6zRikfNMOndSqcuzsb
2020-09-10T14:33:55.967740275Z 385 pIvbMGK3kb6fmuEHgoDq7AuM2f3kU2gxAYfKI2IXuX1vHDTbrCHpKBw4ESej
2020-09-10T14:33:55.978867779Z 386 zl00VHCELs1mYg5YPpJDUub6C1NkyN9wirO39x4pr2oTM349ysLrsRJzHOyH
2020-09-10T14:33:55.990933295Z 387 rWdaQP8EkuApx6HQsqS9Q50rkY7lKOyyuKe5TcYnAKKEEoZDclQGeBn237rv
2020-09-10T14:33:56.001542807Z 388 e5LmppMeiBgFKn7OT4HHgJMu278vydwVRD7ReeS4JcRl0kjRNsDxyVpdc7BV
2020-09-10T14:33:56.012939793Z 389 ca3D3QjlrW507NUehPW99s5LayBOH8i7IcD4bRnMgcehZmmUxm8b85ZyOTa3
2020-09-10T14:33:56.023364732Z 390 TPLRhA3KiZ9xPMvxTnPmsvymaQFYiLRGc8vFMkTKfJ5szwqthTnzSHt3Psyj
2020-09-10T14:33:56.034719275Z 391 XuQPKl7elZQjKaMxC1FHmv8EPovfNAYWcVBlVQLAWurIu1bIJf7mBaz4NAKy
2020-09-10T14:33:56.046143978Z 392 4uOFp9EOmvFSkXNT0IPfqXNdpkSJq4ds1mTi749qsBjHXIZqEeHRgAu0mhaB
2020-09-10T14:33:56.056381257Z 393 DF0sK9Zy9yqAxphCX5D8a5xznaiGULS4sme6BzCFnhynKD6eTRx96Ox22yxf
2020-09-10T14:33:56.067397909Z 394 OhaCBvhXU2Wy8kz1DS6pe534S1DhLhmb9XKOqky0goMiOr4smYDN7eY5mEMu
2020-09-10T14:33:56.078600416Z 395 FPWg99DGvQwMHUoSWQM9Vd5sbKw21CIwGSugLDNua7xb5RJF0xUC48U7faQR
2020-09-10T14:33:56.090005107Z 396 wCPnr0ujTbd7EbhlMKM0hALYtDevqmUENYbPqFQxd6UsOU3fvwFyyylQppUe
2020-09-10T14:33:56.102250688Z 397 M7r4ymTBpQnetwpPbeToALDk3QmfJjsMxWcfo2unzAd5qeDlTLd2jnHFqd07
2020-09-10T14:33:56.113654561Z 398 QqpcCJUIx4YiW6R7GPwfDspRr7joHg5yJJES3ZPHHWmqJGSsr9JICz4FjKXM
2020-09-10T14:33:56.125696758Z 399 IauLdUzCn3rsuwOum82oRAP2AcNKCJ0bOY6x3hMGUN4tgptXuESAZARhzmWh
2020-09-10T14:33:56.137036846Z 400 V2OcL8RF4I9kn7Tn1DAt2CdxeT1JD1RkqVOsRHuBmCBsa37ARa1jpA8SpCA2
2020-09-10T14:33:56.148800210Z 401 nUosJ6DyRiPQRObFnMpMxhY5j35DgG2MHDBoB4Z2Phzyz3nX3NMRjecYeRtd
2020-09-10T14:33:56.159681490Z 402 cT0UDmmrWluF47mbm4EXPcVVrctpogJhl6tV0irXjinXIM9Dvs3S7NjntaDG
2020-09-10T14:33:56.171349925Z 403 fw4G67NoSWOsgKvO4a9znLEVf9A90X86XtwJUhHCHvnnKIkm5VnZ4v5SZ1A8
2020-09-10T14:33:56.182459336Z 404 J3XGhiHSjcRSvf7yVA506HibCZiEV3qqporA1Vde2aFual6v5lCrFhdVUY8A
2020-09-10T14:33:56.194106738Z 405 Ze4Jhk2t7Na7GB3SPLz4MSmNW7thkziphi0WRFLPqm0wEh19YeUvdLEcdqkm
2020-09-10T14:33:56.205553863Z 406 I4OL13p8ZpZWUnLsPnAuidNtEOj8xBAmLdNtPhFNS13wHSdqZA9ynW4Bg4ug
2020-09-10T14:33:56.216811794Z 407 Dr2cg6df60KAkokhD03ineYPznacoEwcsJjr5jFKbHaHFl44JKIQyNHmYviw
2020-09-10T14:33:56.227790964Z 408 XzD3yZ2wIXA8mr6dTdGLsy7Wfvgqkfb3gp1vupAlD0uWbIRteqBuGNo5K6gE
2020-09-10T14:33:56.238673906Z 409 E1DwSFPMgBAZXchtZfP1xwF1Ee7i3zMroseL7SGqk7biMZDU2ABze9rSLnUY
2020-09-10T14:33:56.249286229Z 410 lI4YDuu9x7JbZ7DCXNRBmowlBgPdDQlBv27d5DKXhVdzRkcMpFfV12r1EFwY
2020-09-10T14:33:56.260615783Z 411 z3h94cBeMRbJ8Z2Xsq03wphAlZYcuO1K2jlI8bX1KVbqkvsroMJozxPUmaGQ
2020-09-10T14:33:56.271897706Z 412 gbtHlgQug7QugJ9Hc3x2H5cIhmNHkFEd9nnPgh12BcWFjk7XIN1EIeHcZIqR
2020-09-10T14:33:56.282736324Z 413 rJ6t2sNMyZNcS06WmiXQ3B2f7AoDdWXFhnzEnnnJtZ8Sm1IEgRMKH3aALACo
2020-09-10T14:33:56.293228921Z 414 Y0LPmnn0E5uQHzKlMCpr7IgFCqoWLv81ALGiR4etiOSyOhNWMIeJLrlkGcGe
2020-09-10T14:33:56.304229205Z 415 nAqv9Dvdf333I6Zc3CwuZ1L48sn5JuG8aavsND7P5U8dR5HWqt96aQrlcg1H
2020-09-10T14:33:56.317124919Z 416 Y7v7TxRI47zQjCVxd3tYfNVr0xmmPEd42cGM026McmiAqnTljZBW4tA3jGGS
2020-09-10T14:33:56.328698258Z 417 66VEVzI0mcv5HS5JtV8KzRFvTiZUFkHaWikxWt2FWzDL9mPvhW2jXdPnOelt
2020-09-10T14:33:56.339881554Z 418 XU9LDzuakpGpYOxvyBmIj3EzNRFjKOXWXEBPWmzxkyy1epvCWr4soMulP9HW
2020-09-10T14:33:56.350294203Z 419 RJByg3duIOToNYt9LYroM5MOy9zq8L8hiw8xLIcXdLYKr7ZhNeaHvSVvYz48
2020-09-10T14:33:56.362008228Z 420 TWmCL4yn1h97xuMyKOIlTKHZl9W6z92mmVVeJIqtXEyw44B6HOepcKGVUMKY
2020-09-10T14:33:56.374179107Z 421 O44Vqg6T3ETUQwH2qHtOOykj5G5h42y56UhMHzNZ8qMYaCkBKjkkQzZi4yfg
2020-09-10T14:33:56.385665316Z 422 98WasZBVsGfMVI6ujZojZvuqw64aLgTOK4Huw2tFuawsBE5ofGa4ydeSXv1J
2020-09-10T14:33:56.396885843Z 423 vACYCRUrc8xsEffWwAsUGWErTBuhqvDwwyvYNKzMaW996gYI4MMHcCFPPcac
2020-09-10T14:33:56.408364053Z 424 yKy6CeW0OpmZcOuNenSkxgldyv4XaasxbzklIpgUcw0jKw6QB3dlIe3HpPtm
2020-09-10T14:33:56.419676426Z 425 VJr5ZxSUJgfjRcxCGQJRCTvLoa4Jt2kSS99d3NYdhtsZIZPAFSg2h6KdMgQB
2020-09-10T14:33:56.431222840Z 426 Wq911946dDevuRcPnZwK0AOX0QLpZVFZHRGLdkMv0kQ9SnOG1lmOEKlzav5k
2020-09-10T14:33:56.442882560Z 427 3Lmsh7c5pELTEs2cD9c3a7svFqNVKySzLCUCNZefwxJmiDlkdw8X7jDSYCEq
2020-09-10T14:33:56.453926275Z 428 oERG3d84VtK9zDA3oPpo7ZE6ygYWyLEzB1U9cI5EmsveZx0k8wkhxqWLNt6V
2020-09-10T14:33:56.465466542Z 429 eSnFJQzfcb8uWG2ofVIkFNeJWlPh9FHGo3WXI2G8d0xs3dICzzXjp0MCMRqn
2020-09-10T14:33:56.476885317Z 430 ccJ2GPEa1bSBHboLTnCYhpJ1vMq36HpncvBdiBqi5cMfAhCkwe9QuY2sizbb
2020-09-10T14:33:56.487590788Z 431 rdeFaN2G3VpW3KpDRwyYwlIeUmhmYhvICSuNH61qXigHEGMpO7nw2ptOS6jS
2020-09-10T14:33:56.499179162Z 432 vWeakj3IWqiktqMJZua0qIzdg9BU3xSGFl27LQkWwTYHrXTIqPVkakTNKq9K
2020-09-10T14:33:56.510668696Z 433 L2qrFSLDA2DRnaq84FIokyEKUxdLcEiaHSFiVC7ZmiYKHUz6pfO1dUdAJ7f6
2020-09-10T14:33:56.522463947Z 434 VjfcOG41qpPC9sZCJEkYLDskxQPfgaIrZuy8uan3N8hA44ZcWCiSGY4mv0t7
2020-09-10T14:33:56.533155512Z 435 zseCk70Giq8fgKLb5LQzoBMdiEwuAJOtwoy4aWrNQ7TyoPZIMVySHKEOZXAj
2020-09-10T14:33:56.544570432Z 436 WPPmuYzGWxKwo5K1C5B7C9XmprmhT1xqHQDUU0m7D4hcB9HTNBv40n2dwXgD
2020-09-10T14:33:56.556079591Z 437 Pjzb4Yozf2w91sXFfIgBdVEMZWsrIHyeEBwg0QuFitTanifDV1LBO1oySXHv
2020-09-10T14:33:56.566722715Z 438 kvsJ040oXqwE2LVgdPGmQUtu4lqTHTfjZxwn8E31xpZSTngkJkebkXc2g6J9
2020-09-10T14:33:56.578241419Z 439 DWgANJvm8nM2QTOpZSGKlf3jRIlzXpkdEY6EK444TZuQsBG47ou2bBxR1lJo
2020-09-10T14:33:56.590110480Z 440 TF1V5ZLWbVL1srZf1OwsPkuT2q3gbVn3hXcxAXfhO5Cps3qJBxNVzdCWsP0O
2020-09-10T14:33:56.601511758Z 441 HSHOCVYo3JUulYhrSHKLcEOCZP59np85sMgBVtrIPuyxHxZ4VWduGgOz9mkd
2020-09-10T14:33:56.612980713Z 442 ae6AnirC1e7jE36Gx1onciEd6GolTDdXRzmDLG0AkM1Yr7Ls1AMllKVdhJPC
2020-09-10T14:33:56.623574315Z 443 tzRVdOtpoQgr6JDlVwvpWRTGCVU31Ae1HuyO8bOehmmjWAD4isi8yS189A4f
2020-09-10T14:33:56.635090480Z 444 Zym9RbLI1I4kpW1s4zXR84DRPW7lNaNHLcSXJyb0mNue1wQ5VaQHNjEhYpGF
2020-09-10T14:33:56.646571120Z 445 q4mqNogFeqSmbNYmMc32v8QtB9JH7xK3wyT5samKx6cRVNHYV4TawtFSJ9f3
2020-09-10T14:33:56.657766457Z 446 VPbtQH5M3nJAvr2TjpuBkLzMLYZlvRuphefdDOFtmmLtAECfvI0uoQlvnWED
2020-09-10T14:33:56.668403114Z 447 CzbzyVXihuhbTXuTS27DT37GaPoJB9ydNOrxUdJOScnXdns8Cy4P0QLIe7rc
2020-09-10T14:33:56.679943734Z 448 cHzlLbSTl4azzRC737Jceoki6OrZU1U3IGkcBus4JP2PJvrlP2pRB3g57lzh
2020-09-10T14:33:56.690544946Z 449 SYgiX06obWErcl8H6QCyQ70Q5i6YAzMnVFFMo1vBNLgBYgI5PtwodAXSLUH0
2020-09-10T14:33:56.702101073Z 450 VD38sxDXFdS6eILfMbCQ41ITNDrT3DErVDFuawT4XLM18yBbo9gKfWFwzZGW
2020-09-10T14:33:56.713171395Z 451 uND8EUYaoq9lcmJ3JTXPu5RddfY86dUSr1smTzNgPOZuCCJ4pb19goVESyH5
2020-09-10T14:33:56.724238785Z 452 mMaK0QOgspWKkRjM04SGWa0fqXQzevgx9u1bLCnPGZDK3y9xUUOB2cFDKwj0
2020-09-10T14:33:56.735402407Z 453 auR89dfG2UtHxVj6coq8542zziwvL15IzVdN2TLTaCXuhOYX31mlsKL5kf6Z
2020-09-10T14:33:56.746635635Z 454 wQH1Y9PCSAjUwnXaw6H31CFPHEJ6mnIowRjAXAyKXF132hloMmCHtQiP7Qqq
2020-09-10T14:33:56.758101852Z 455 z3Gxc8ztX43LipWifAEB2QUjxOQiLg4jdeRdfttMovsmPSivgifSOOkprghX
2020-09-10T14:33:56.768306647Z 456 84bu1NqulOtckRlX1MmNdbIwOBvWDqOdp0rX0HnF0eSHScmMI7jIJRDqHn90
2020-09-10T14:33:56.779302385Z 457 TDzJdog6M1RmFALWJw3NwxQnnfyQEsUUNcxJbaS8GBJKwEzTScqxyFfenpOz
2020-09-10T14:33:56.790456996Z 458 qSbEc2LIRJRanQhmrcf7pflxhTbEN87MVBNAaDNXbEBqvV9JUx6SyKmxKels
2020-09-10T14:33:56.801693320Z 459 l4d2sfvzppEoUAcklvCXg6zLzAsxR4jKYH0rhCfDLROFh2nRQoVt9duLGTdC
2020-09-10T14:33:56.813036971Z 460 30s8kPnisva3tgT1oFkBVmw0pipmOBt8e3gmdC2Ck5HZlucdan8eJEpH2AOH
2020-09-10T14:33:56.823352354Z 461 M3pgZowLVG9R2mm1CDZ83Nmu7Knc8zN5ThRs8PQcrHoiNrAogdj3ugNLmTq0
2020-09-10T14:33:56.834676323Z 462 FJPjpdAIRAu1XX5hHPTTxYam8HEGSGy1Iv8RDW60D0HGI6dxuz1zQSCFfDKu
2020-09-10T14:33:56.845545531Z 463 fJMk0eVu63G2wbKOxttCd0IahMmPlsOQRWzJRQQpuougW2F9mWvcB2P9ndbM
2020-09-10T14:33:56.856555209Z 464 3Fa56hhcLcRG4fHq7m4JAqwW1BZ46KXQSzyBvIXvhTVkIzQ0ElzyhIGwbZiW
2020-09-10T14:33:56.867676188Z 465 tLsRooRiZ254Uh3aU1Wsfq3nqkzsTdseYaT4pI0eYXtmVGEIKt81pN6A2pHt
2020-09-10T14:33:56.878216176Z 466 mUwYATqU31I5knp5o2cawo3izxiBT26NcondcWM6gykhFwvm2YcJF2plQvnf
2020-09-10T14:33:56.889986511Z 467 NeLd1KWrAUR8ZRXakPK3z0HweRfx1bWAzEcjVjfpKpTY0sYaQt29OtE5wp8p
2020-09-10T14:33:56.901834599Z 468 tiP5GubHGsG6NoAciyoC2IjEgr73Mm0YhaMJs6CQMEpkvnBhno5gNlUgx5YM
2020-09-10T14:33:56.913548708Z 469 HcKTdTbV4rijDI0oQ9F0Wa6tB43zKkZhN1OfQKAOfDfbt8FiE913EpM03c6o
2020-09-10T14:33:56.924835369Z 470 OJEkmjlda2yBTctCEPYeQxa8zZ9uDEcjZ7Rbu8gCNnMZzrvBASQfhLGMHsAp
2020-09-10T14:33:56.936713452Z 471 Mc0EQIN3xZmfK5dOHK8eC67jQW1mUwCmMzLfz0JDEG97TSqbCSWihmsPVjix
2020-09-10T14:33:56.947184771Z 472 BnkbAjthrO8AqXltWpWJVuiIfUZijlAfQF4NnHkemon887cjkhW5r2woOO8E
2020-09-10T14:33:56.958983417Z 473 FeOHCghZ9IGKLJWV0UiajIcie3IRX2WbNTkzeNCFWyMp9f4jS9U2BW7Bc7WU
2020-09-10T14:33:56.971308383Z 474 Dt7InCWcbJ6oXehaPgwU1F1shn4yja7JovQSHhdvY5rfDSNQCFw7DLkTMNTl
2020-09-10T14:33:56.982148102Z 475 Tc3sBVP6NCu5d9Cjsw3fVA1IjRVne0kGwUJiC2W0CWQO2nVVBUe6EnUEtmER
2020-09-10T14:33:56.993212904Z 476 NiwfzGJbL6lFWriWti4EwhHu8Xz5ZGdqxVgW3oZdroBKhtn3qUBioETddkFc
2020-09-10T14:33:57.004668966Z 477 12acB8zS1bXjD8XIDpoMSwNrBbGqHp4aNbzrVWFBhg487zVBM6vfyeILfqdF
2020-09-10T14:33:57.015324058Z 478 8kZf1G1OHiFRCTBY3lhjVpm8fwJN2MGknqhjy4D7abjcKWQuRroTbsbKjqPO
2020-09-10T14:33:57.026675028Z 479 UJhAynu9rX5nNNZn3Pe2G2cCd0K0AfkIpyZeDdVPIs7US4HOWMth7YbZSKTN
2020-09-10T14:33:57.037641142Z 480 2CgL38edbei1Fi8JHhEyXBozz78zozCNDcl3PO7tZw6wCWyll7GS5BENk6Bu
2020-09-10T14:33:57.047990042Z 481 tDEiXHY7UNtBiUNqxd4uYjgWatqvwK6ELe2fB5aQUaPOWHKAJ9IEJzKJ80EI
2020-09-10T14:33:57.058984747Z 482 7m1mpPlPvdaw6M1WsMK277WLmxyEpcdeaa9JdcubR7RPPLVdhyyP1t8gmdgY
2020-09-10T14:33:57.070225396Z 483 Km6eBqnK0axcrH4pe1lqqrWwy6el7HNXDxN1yQ8tOlqkuX0dRXa1A6jvvCNM
2020-09-10T14:33:57.081589568Z 484 yPGj2rmQqg1M4uAVwb8gcUdRxB2k2OVj1K6e74E85vgLAiHkWjeEvdCEyyZM
2020-09-10T14:33:57.092177612Z 485 2OyqE7HaaOl2JjjjzNykQDfJ0W01zNE4h4yyDElOvTT8XX8tdlanq6QoE3l2
2020-09-10T14:33:57.103730701Z 486 sKdo5EmJXUEl3lIMt0FkqXUnz5WlLQ1MiXfhLcmS1bQoj5QR8DsGsyxXQ6e7
2020-09-10T14:33:57.115059729Z 487 EU9jMcwkwm3l97Iweqo7pTKy6YfgjVWNdnZc0ydOJoOm27ro5VwUqsPnTVnu
2020-09-10T14:33:57.126073497Z 488 VUhfInJ9ij1kesu8LoZAf8n4Tn1DiUcUu8A1P6e0i7HuYS62aYMtVzGvtRpT
2020-09-10T14:33:57.137442508Z 489 5fMLdnWS667mDK7A9fzE7wScq68B0hiGbebfgCFvprG7TSHWWYUMP5qw66Cd
2020-09-10T14:33:57.148769558Z 490 WdVfQlWfGeAou1Ov470ErnWVakjmrOScaEerkNuITYG5XuIquK3pOCex9XZL
2020-09-10T14:33:57.160868495Z 491 0kCOXji9cSYosXOrZFuP5cR9roeXv3lvKIr3HKkLeshqO9Ss8ekUC9auTcWK
2020-09-10T14:33:57.172268009Z 492 qsrpM6fQv6oLurCxeFnunEz8Ka2AjCDGCFHrnc1B3vWdzNpD88YtcmztYGa2
2020-09-10T14:33:57.183473102Z 493 IRaeZAqkjysC1WTnfr9yzRPzTmcsAvdwmnMdFIUIoFsWRfDtSKFWwGw5Zu9j
2020-09-10T14:33:57.194775617Z 494 mbe9W1VS4hdzhLSqWN2EslxczidgrhTqELYNeuUm4xJgx8peLyK3KSjxarym
2020-09-10T14:33:57.206613862Z 495 kAzngPrS9jPYHQiLLFDLFV0CQnBc7bfsFm8KN2EdCs9bcAGw0QMUDYwKwkqQ
2020-09-10T14:33:57.217948721Z 496 0x7rBpbiwpmcOE6vmpq7DXhKfTfkGTaAYWaBH4b2s8JoBDWBycVQYMp8PWPT
2020-09-10T14:33:57.229697028Z 497 RSM2YW0zaC0Oyk0praID4jiDStUPpnByZptEcx4oL3WZylk82NrHIQjnbqTT
2020-09-10T14:33:57.241307079Z 498 eing7BX6W1Bbq9NI4kuFAalYeL7BshWi0lPF7NGf5XOTsazRqK6mYeKcRzi5
2020-09-10T14:33:57.252454578Z 499 LWJtBlbO8zrrfu5Ey000OUr2w8GrY9k5FhhAa3xHQ8za385V2sPC1MGOjxQr
2020-09-10T14:33:57.263622143Z 500 sprmyGgKASbvNgAcA4MkbIkDVO9vocjIyqeCVRFMbsLvjaORF3k4UrVpndXB
2020-09-10T14:33:57.274726496Z 501 PEQTf60ivXfQ1TrIb8mdkJ8moxDerUNlzLeSKMhTHoYdhoR8QqpqsYgCltc6
2020-09-10T14:33:57.285391869Z 502 VOXcGor3PFdJK8v6b812cmhY0bGhCWcSk0TcuwZx4KjyJS7Id4a1fpGcdhMR
2020-09-10T14:33:57.297426328Z 503 ZDEYY8yXgwBoSB9qGSjvbTjmDBnrboSgJPe5HkFGbPUx6GZBkhiAC7f0VpnY
2020-09-10T14:33:57.308319749Z 504 AwEOb0WNJ5ZUZps8kkUgYdWoZN3HURNG79QybIuztUU27yDM0Zj7yeXbBmnw
2020-09-10T14:33:57.319021496Z 505 i2m5oRTumJwkM8u1Mcg1bdrn7gVZDnh8Z8ezZaKnMuZQzaaHyuMNsBVqvxcq
2020-09-10T14:33:57.330456341Z 506 gmek4U6dhSBXu69MJ0eRDOKhabVwGETdc9KAhLtrSMGp6elie1pRaS1TtV38
2020-09-10T14:33:57.341928503Z 507 HbwcckQ4pt7sRYAbaXfGa9wDMUcEZOOJmJQrolsSJBWUihB9kM9Ni3JNWiED
2020-09-10T14:33:57.352980707Z 508 3dOTXxWZih6Tcc9dwAW9lyl4C4B89qji2MncDpWVniWS6jkDzD2N6qkKfjaV
2020-09-10T14:33:57.364157488Z 509 HM6CvGf7fNg2A4wdtO6GrFo1EBEhOCFFWXm4SDeBqQPHyGfDhSYZcx8fAIuq
2020-09-10T14:33:57.375689502Z 510 9jCCpWSrm81neA9PDEnB5R4Lr2INLaN3ErqfXbCjxIKjbuIfp1Z5xTfTPVtH
2020-09-10T14:33:57.386480135Z 511 O7jGS4scMptcdGGkyoswSnq8gy3Jj2R6usUUO4zVLP4SHsu9hz47RFaFddjF
2020-09-10T14:33:57.397562953Z 512 Xb51brrs16JfYAevUQCDjduKh6QjlmeExEy97ZebA8wI5Gf7F0KW2YQ8s7gv
2020-09-10T14:33:57.408754787Z 513 BTVnCcSijiOImCJ3RtwuhvyEHS3iFIWdWL1Nk1TfuQ3b5aBQckSblwCOxUjX
2020-09-10T14:33:57.419399523Z 514 XaYq6X0vWUwRhBqRGyMNiGqiMvOYO1sdw0TaBG4m7gqiwquk2OyHbrXzSFUy
2020-09-10T14:33:57.431020009Z 515 cki9tI7tHVhtFlJoJwLzi03jCbfpObZjfexYKwYVSxPA2kM7K0pd0wLc7JlB
2020-09-10T14:33:57.441612826Z 516 yXW85oAPWbWY5Tz0lIbaNYBW5wXXnhqpZKOULuHlHbj6TWarBF00fSlSln57
2020-09-10T14:33:57.452888443Z 517 OPGTD5eQKlLjFqMrpPArU6u1RW6YuTdDHRrUKzCXLANiL4yy4hjwScaFCesx
2020-09-10T14:33:57.465051394Z 518 lOqECeRt0ntkg5rBN7TfoLDhClX5KZi2TTLwbsUMTW9J56s1F6sylrDHxvol
2020-09-10T14:33:57.476321435Z 519 jmMsXamOWzX0oAFUaz7fdCDSOl10aw1sp9mhrk4RutEwBmJBs1VDi3Pc8L0k
2020-09-10T14:33:57.487916525Z 520 o8ftOvqFfVnbshsBy8x31tWJF3RMCOEGTQ7qlfE4J14JewOeyFyFoX0dYIrD
2020-09-10T14:33:57.498656729Z 521 kEGw8qm14p1aCRn460EAHBK5mckQvM2bwoDXg9UZhN3PBvB8U3wNlrBo5ChQ
2020-09-10T14:33:57.509503622Z 522 8valVWZy87UGsdMAIxGPf1BAADYWAINxVKEq2I4RRokdkgPGW8UAui7ujt5k
2020-09-10T14:33:57.520994564Z 523 2hMaMi3BeSL0T0ThZD8coT6XOGiTlMT2d7RpuuUY3oC4QcOJYb2edXw4kivv
2020-09-10T14:33:57.532565240Z 524 WqXuz62Em7pd8OpHV9zHXNKNwFpOFVkAZTsEqiXsT2OUOaDfuHhjpveJyYQD
2020-09-10T14:33:57.543755996Z 525 RrORHZHpo0Ds1JmGEzSeu7fpHEYYXZO9nigIeuaINHyyBuXNnJfYEwTVEfuf
2020-09-10T14:33:57.554297061Z 526 ihT9RH2xd0oVfpLc1DjhgUGWAIrSlVxDKXz8Ek3tEDg01NxrcZcDqFdKIjpJ
2020-09-10T14:33:57.565999165Z 527 ef00quJJTRWTj6N12pQssbRQW9Ybh2kfoxATEJG7mpdwiY0RswgsvuxXXpGl
2020-09-10T14:33:57.576034816Z 528 1zD7DhmcNIPOryWCp8nPCKQLxGCrBw5rMchOv8dIMehwsKfXGMw6ruWMDuIN
2020-09-10T14:33:57.587463763Z 529 Qrad3EmI5Zpn7uxosrSNHKnfeiAQsKrcMdW8NoBmf6vYwzXGQozvxtlXDWnp
2020-09-10T14:33:57.598890900Z 530 Q74Qq6T9EfpZzoaS0iNp1VxjBHKZyhVo9Gl0bCHhMb5bCIgaDr9m09tnReeq
2020-09-10T14:33:57.610234647Z 531 TnW9IxJGgRFqWKzGyZ13uGdasxRVJLIx7dIbXeZ5dhaQMadbWrrnJQFcUTn4
2020-09-10T14:33:57.621564893Z 532 4BficT6Zx2iWoRJMkVTPlGL7DsxZwDVy4sZ5pFxiOsbfxw438gduW9HuOEn5
2020-09-10T14:33:57.633041366Z 533 fvdM52D3QDn5YwW3PGluuRvM6FlIZcL6cEkOdS9yzYcoEBJWtZdBpXF7jHuz
2020-09-10T14:33:57.644526818Z 534 ZEj5UkCYtdheDAyLJjGTtr6oz3dPSvydQSAlxrCqUtXk3eQejnkceY69O27y
2020-09-10T14:33:57.655611789Z 535 07z67WM5vZnwnyVKGtERjxaRfUI0Ms0Xg7FgimKjJO3cEgC7aP5l5ezvQ1mW
2020-09-10T14:33:57.666531709Z 536 Y9fvxpYCf1v79GNyi9CEVHh1X5immqK1EJBhXAoje1ysPvIuo26BBOG2pnrB
2020-09-10T14:33:57.677808380Z 537 Hp5qI9Cet5nlLbQv7I8ILtVncmlbPaRDwQ2xDBaQojDKkq7IkNzh4a9U1r1U
2020-09-10T14:33:57.688279903Z 538 itEJ3zaxHQWQnY8Nyx6aobOBHiZQkY7GColSxVBhWwuaXQTUoNNTka8X14XG
2020-09-10T14:33:57.699247814Z 539 JICStQ32A7neUBk0TG7PJ6RxxlVCoB8SnqjmkQ80QDyHUmWg4blOj7XkDNR5
2020-09-10T14:33:57.710860132Z 540 MoVNPBQmzu9238zjB3cO8pjocNGKX6ShL4HLYuudGNtoQBz5mtH17tvUna0g
2020-09-10T14:33:57.722069029Z 541 hJIjfdSMre4Z1L5mEQPHVIUwQZF1G5tMlePaO6TFRlqfWCEAezJD0Y6a12Rm
2020-09-10T14:33:57.733420215Z 542 bIYrH9zE4E2ZVKL2Hrc5WwfQOmBZ6MCnoIipuXCjpo1CPKz9gm7b6Qg24rWp
2020-09-10T14:33:57.744874955Z 543 RNxdlBFj0huJaZfZkagBRAIU5NYt6Aib8RQ4LJ9JpI3of6PEZ1iqpY8O2JFR
2020-09-10T14:33:57.755628031Z 544 eQ1nvtENTmtBboeY1eMTJv34o0WsHMqVwYKq8NgvP4XokfjP2LcqdTVVr8NK
2020-09-10T14:33:57.766476556Z 545 BAwi74aZx5ngPK3GOih4ltrUcCoqnIzzEc6jomSuz8XKsujUlrniBJPxTXTl
2020-09-10T14:33:57.777089560Z 546 thZ0UH8LcdEaYy2i3P6r2Dgqg67ELutkPihOetty0oNLUM7Zb0WTx06061lX
2020-09-10T14:33:57.788132387Z 547 Cq1RdyRWAa2jEhpkMX71UkBCNPoauipcRdeSxcSC65vcXiQKJDhREWOOzFqb
2020-09-10T14:33:57.799597225Z 548 1kIuHAox3PCEBCdMEfBkPGto0SGiFFbQjJHw06QzSRxOfUgVXRQ1K2Hi5tVY
2020-09-10T14:33:57.810239027Z 549 w38Vco5mXXlxD9O6qlDCSMO6wqtgGP3Vec2zwGRi9rdfAw5bpZsAZubmOx9v
2020-09-10T14:33:57.822105170Z 550 YOLo6sOEaApxu6Q4XboAtla3TCz1zyx4vYxen4ubIQxynqtTzpSeYvFdYlP6
2020-09-10T14:33:57.834152894Z 551 I5lJmQ2deGYOCrdpvpixZp1Jf72WtBLrrhi5sagMbfO06yXArIReZK73S65f
2020-09-10T14:33:57.845787679Z 552 awS1EA268UscdQGghqebd7kKGY41KCAOJim9IexJcml4nUFW0GqY4njDgjFd
2020-09-10T14:33:57.857993202Z 553 TTNqgPEJ707Pc47MFbFOLHooAPUrtjJFgZpQ54JVlz2CQrNu8FJGGfpeNPDt
2020-09-10T14:33:57.869607523Z 554 deD7t4NrHvXG5ugy4HpKFWIDXe4FXzNXNpxGIjtNxf77s5ZyA5ccMYZkLo7S
2020-09-10T14:33:57.880365694Z 555 R9mVohbtWEC0XbYXM0WhtHNqCd3mRiNEjNnQ9J90nHYsVkAQ44kcd1sKSX4D
2020-09-10T14:33:57.891321949Z 556 w6xV25eRobVd8QyFfd9B7WaTHfd1cxgXpmz3dnvIhfdc011IfRaiZ5jSd3UX
2020-09-10T14:33:57.902903370Z 557 xcxZwW1yLGQjbIWJOpQ18sNlM8JMH1sKrUcrbbwoTSb5uk5Lw3nLgZ48vqCb
2020-09-10T14:33:57.914207703Z 558 eDx1nX85ycsEV0aBXpGd3TK29dMXplGhD7QmOwjXTRh3Fp4g371YxCjZVl70
2020-09-10T14:33:57.925208043Z 559 nBD59yrevEXuFF1qXfis76RdVGCGzoBvmv80OhmqzeJ1Fpqps49FQkzW6fSs
2020-09-10T14:33:57.936587514Z 560 2Y4lALzcWcMShuPcfPyuX8Knt8bz6lF3OOTPBE7JOS0DxttjMY7Ot1PKJCjM
2020-09-10T14:33:57.948225747Z 561 u660KBay3bqU5QudXNS11PwfNYzbfwuSGo9XTpZa3gDD4IExsPKxXhL4xHkb
2020-09-10T14:33:57.960196933Z 562 siYwr0EfOCBPUnBoe9Dn7dpnL6Y13aKlx1RvedJGJTDBzY4qIuRhdZlmSPIq
2020-09-10T14:33:57.971621623Z 563 Gd8tnESYdUQnAL1oeEgzLFJ32ybd16CEzOheswUFfFLVhpqEVxfpgJeIvg5j
2020-09-10T14:33:57.982039421Z 564 YnQvIfRV8SPRbGwp1V5W1hE78YEXrPcYVbjFSoLhkIXpFnvRrd9r7qp1KA6u
2020-09-10T14:33:57.993384269Z 565 fVNWt356TDfr8zoL5TzOEfoOZALUXxgbpCEkmWztFdr5AEQDuYWZ79RTdiLd
2020-09-10T14:33:58.004666801Z 566 ccJP0cSVfWHtSJPGl2vCYo3gFtUbyacrXMqNSm8j5kxSrr7f1VVXXS5rKHkB
2020-09-10T14:33:58.016071755Z 567 EEVh5TjNI2qFlIBvtOYIa3CtbyE792JhHxxlQjAGeoWROLhT8XwBKI9mJ5Gi
2020-09-10T14:33:58.028044442Z 568 Lvd6PGtFYtShwRP8B6ykBnL2eppoM6RPIDMkfqRzyoQm5WU9xTGgO4pQOUrD
2020-09-10T14:33:58.038449727Z 569 Kz1qxPoZU0U148GMvm2m3mWuEsCwkuyA5sIuFyv0XRGbR7FDr96Wdev6dJZq
2020-09-10T14:33:58.049530359Z 570 rOoe1zjYFlJSCD3S7N6c9O7LgssVvEX6AQNaHMqww3jUQIEhjdNEdioPBSqh
2020-09-10T14:33:58.060707093Z 571 VSBfTrUeYZte5RVpCJY6glus0IZopztoqBueOWzs7DePQRg2ZzjsaZ4PJngZ
2020-09-10T14:33:58.071874673Z 572 QIjUBZYBz1nMrPWk6hRIlmJXmx7AOlUTK5v9Qm6y2ib3RYPhg63yZw2zcg3H
2020-09-10T14:33:58.082352763Z 573 2FFxl8kGksRSAR2ZjyMrfmPkBfemY6v953mZMDrz8f854VIC9Zcya2DcTjzz
2020-09-10T14:33:58.094180642Z 574 9Dvtg1ELmO3ekXUtomx2xJG9Q3QEzyTedqhmA5WUjwi0G501RBnv5MmiY0gs
2020-09-10T14:33:58.105741755Z 575 h7MgDJH29pLZ9Knx7xwVEh2wy0vjOQIqm1zRpNf2yN43necyaGINlyR3L3jL
2020-09-10T14:33:58.116372039Z 576 lQcqH4wZ6ns78bKFavTZlcLlWdCkd1vmGOc53JTKM32ctd05sedzBS2GidXp
2020-09-10T14:33:58.127595313Z 577 83tY6MUfNZgYoTZLbAhCvBID1baPQewr7WQzlZP0tRdhKdJf522gtM4Z1ocD
2020-09-10T14:33:58.139059883Z 578 RbQsQ94laEnr4qndHkHG8nHuZclk8qJsEhODh4o5wmTHJadCOBtxnmsyMAe3
2020-09-10T14:33:58.149874585Z 579 JwMpLGVXmVmObbEGakTA6HIO8Zh0dLZ7XX0ansHDnTQlfVKzsVyxDVwDC70f
2020-09-10T14:33:58.160825465Z 580 AI761wI25G7TbUXCP0iv0ADvm6kSXM8jxShZWxwTSQYIkMYemiw8niQqeZ1p
2020-09-10T14:33:58.171297324Z 581 4tg91q3s9nL3iPscaen5JOBlgHp4hUE5TuV5XNy4Ax0ALd61PtEpNjskc5bw
2020-09-10T14:33:58.182446924Z 582 t6nHz84M8UxAQJ3e79K6rfMGPFrNSGWsZvfaAfabFfegms2NtimDfH2b3J9l
2020-09-10T14:33:58.193586406Z 583 sidWQHKwjjIzusY3TcrK6Tbp4mOxcrceINXmSv9zZ9lp37bjR5JrjVQtzvwl
2020-09-10T14:33:58.205258171Z 584 RoxVYbnBhMyZvBZ18cbR3ZgAZzTgH3bEEm9nREUCaQax2P13uo2P3zugdbZ4
2020-09-10T14:33:58.216928393Z 585 X6ribWldbjexF4Eg1nyZIoVUMxXXq8yG7p04c4C95sZlQjfSxGMDQzlfWWag
2020-09-10T14:33:58.227807842Z 586 RNBbEChYM0BSs7vKk2bNbStGCpPh0IidHHi4FgFTfL9zGCMFcFjOVXMqgBnZ
2020-09-10T14:33:58.238386203Z 587 SCuPzZfVtZc0vNATD0CoWqprBWKjdoqi6egDnbWKxCkJColRsM2mheyec7Cv
2020-09-10T14:33:58.249272549Z 588 9j1xqReKkpLxkJviw9tVCh2zxT9rEJ4FKUGNmlgNMYz6dKlaFYu7yZNgjPmk
2020-09-10T14:33:58.260184632Z 589 nJvPgfXp1XW2bddyFb5vFHjANH9qR6LOzn3ckd2PhzDaWmdKW9nZmtQvqEPJ
2020-09-10T14:33:58.271858938Z 590 cuDIvD65iNtfXlIWmVxaBSjL1mq2zzea9FAU1cbaBg2GjhnX82FIL1hbOh16
2020-09-10T14:33:58.282400003Z 591 v3AJNWnAWdkOuYP5LO7csk5gUAMPzNh439pCFsQd9mHxojVHayt7Wnt2uzmN
2020-09-10T14:33:58.294057380Z 592 IaEommORTHHoJiu863ueo68WRojWo8eBInzKSsGaDw0vlBMlzwvQXEeVsqxK
2020-09-10T14:33:58.304625100Z 593 ar2WZzlwwMrTJM3ngyW1F5Gt8ipW4EoEL79pvKR0Z1GEeI6oUBn81G7vZofG
2020-09-10T14:33:58.315336510Z 594 pD9GFr7JC8bRdOTYzmSNlDzfAfiILfsXrJvOcv7LK04nL4RHh1ndDk80bArm
2020-09-10T14:33:58.326228756Z 595 IdlaexVZGu9UJl9EXpyaLebNXQD5qbIH8Xc983VSoY9vWMSGLknZ5PWIC4NF
2020-09-10T14:33:58.337804788Z 596 WwEdjsfVb9dPcgdayeKCtUgLyMavHKec2wXDmYROUj7C3AO1MSRx3VLAqLRb
2020-09-10T14:33:58.348135636Z 597 boxy6ph7RuCieEVBDOeGwjAjl2qzhx8SVE4bmx2XU4IimS8aoC2pKBhrDOed
2020-09-10T14:33:58.359843655Z 598 FPsTFSlIEFKtxp9pWvTXenglHPVQlTqYIY3m4YRl1NXeGrMSpfQ6yaiG3eCn
2020-09-10T14:33:58.370509344Z 599 yTUgGtYcx2LcCVCWdH9KfEymqPVn6JguMQFCACDHlerZR9idaHgzUpi3HGSi
2020-09-10T14:33:58.381221689Z 600 9MKmd04uCVWChqSl8VO1ynGOyUzIgf7afR5kdFY5q0oAvr0WE6dagxFPWyFm
2020-09-10T14:33:58.392609305Z 601 lWJF1BGxfGYYqc8UWO9UQofnJYeVYBYQ7cAQt8J80SfiIyIF5DHYcNRQKJLT
2020-09-10T14:33:58.404579353Z 602 rlkr2QE7IVEwnbK9uHFLoxtzLHTglnAYifSlylmgzPhuLdbBEPvwofP0XHeq
2020-09-10T14:33:58.415221918Z 603 7mfEqImweUgmgx2IIewPEOBOfd0sowSM1ZdEBSQv66dQ9mOstfxcBBiLjvpP
2020-09-10T14:33:58.426715272Z 604 1N2Ep1EKeblkyWOyzJZKXKviOfNUonDACFrQqcSjPNbvojC90caj2V4DnhvK
2020-09-10T14:33:58.437856585Z 605 RIZeYS482R3wxMBWhqHXxlIHPC9cvSx3snByvv4VzxGnqKk8QbZYVuSx5WrY
2020-09-10T14:33:58.449125699Z 606 qNmx2Ndlxgqk6Eg3tpOdm21mp4iJPyeuTW0bvCgDm6XCPFeTQq9NSb1RC6gQ
2020-09-10T14:33:58.460477169Z 607 jcUQUWKGH8SQPqyPNQsO1D1xmtgIuWpaGOpIOEhj9YJ2DPND3I2BtzQKzZaU
2020-09-10T14:33:58.471200788Z 608 CHuIdTSFgrvJtcDvpWSRILGlBc8G08E2IFqiZq3gJMrA7gxrokNjUZo1DyY5
2020-09-10T14:33:58.482249855Z 609 AXDA3RlHLmJElYhPIngKMOGuzZUrMHzob6RBEjoIJW4eZXrqXFbSZ7v7iutA
2020-09-10T14:33:58.494176553Z 610 hZwoceJoIjR5IYvrPxq6XjEqXK1dD0Dx9Cmyl4nfTGHIT3ANVaCjyC2S30NG
2020-09-10T14:33:58.505938201Z 611 4MpFBgAtB7Zlt31wBM1PmfQ8eG3uvKCXuv5dCZdDW4tXVMYP9UUrHOw52sgE
2020-09-10T14:33:58.516125636Z 612 K9BsP4sqaVd5dwsnv9fH1aWFSoz7HwwJMQo7QumFyRtkfH9V1XGRO1sz2GQj
2020-09-10T14:33:58.527453267Z 613 ZMb6Im0LqkOU5URViR0ndOdLZPUJmDSiZ45bj8os8guUzQTbMm4hg2QXV3qj
2020-09-10T14:33:58.538947394Z 614 6PdIXBQoaAOz2tPeoIDadqVd9TnbryIKXzyYiYSXm0LSjvUAv0Prf86z3KV4
2020-09-10T14:33:58.550427777Z 615 pHvGmqgI91MADyXn3Qq7rVAeLcJeZJfUZirgyTQCm9gEqn8b9EGUwFX1PWiM
2020-09-10T14:33:58.562177808Z 616 aml27Rze1emCTMALowrQNYPR0VUiwqBYUDI7tuxsa6CyxP3aUlWgbJctFZxV
2020-09-10T14:33:58.573905470Z 617 w9eDpYRGAN5qHGHOVUlGXdh2QWbrlfqGsJCEaFs67apU9j8dvzzq67Drjj2o
2020-09-10T14:33:58.585598837Z 618 TOcmLlYCrHxxSbsqNrJv8s5K8xbPcMgWgfv2sibeEncCrGy8tibIV4QVWsd5
2020-09-10T14:33:58.597056150Z 619 Ro55PdskNB2cxZxjDdxA98M7LTBWLYXnBNiWYMVyEtSZSzVFsMWY2fp2sv9N
2020-09-10T14:33:58.608932675Z 620 GfZ8l1QRPtMHLtgZxlLFUMZIZi8nDbWB7dz1ReRaAeiQPg6EuEiPpW2dty0s
2020-09-10T14:33:58.620917607Z 621 gKb4DCvykrwc6XgCGRQuhOBnRIYScolCX2NlHNlgvR145BGSLqxdWIxqSQ4B
2020-09-10T14:33:58.632670728Z 622 ClRHHfd8Nf2J8U5tYjxVyOF5zRQu4dMKWb9ll9E9etfSJKso8C9fovirpsb4
2020-09-10T14:33:58.643985152Z 623 HpTAEn5u21SWy4bL5oGo6Et3oXKGy2q5necNcfPbz1uU1r2DPC8U7uoZ9k9e
2020-09-10T14:33:58.655105545Z 624 NmFlXAqbq79LQPSoNJ7oc8tG9DpWcKBjkEmmc1Lw8ac3QTmlnG72cZQQNr8K
2020-09-10T14:33:58.666267997Z 625 SYHqar69Ep9BKRfK0OVriNXBkAlVG4C16a7sPLNa2f78J0ustzzE3mQE6FhT
2020-09-10T14:33:58.677527808Z 626 vDPUIubWr0NfnzSwNp6tvFXInxsZYpgUFox8LHyprruWf3GkVag8Okr8Ni4I
2020-09-10T14:33:58.688934645Z 627 L13ZYmHultPq0ZV3CIweu1zlCbeYzzqojX2RvMrK2fBqkx7Ft5GTOIbUpwkT
2020-09-10T14:33:58.700716146Z 628 E1DLhgSygH7RSKqUlkxx7dQsa7UYW8vuxdVLHQM2vFjMubNe5kmgmJAsYE1e
2020-09-10T14:33:58.712683812Z 629 khTmgbpp8P9FBMmbswJklEYc04kUzwWyyff1ftYGN0CeSfRW2T8WdGcHT0O3
2020-09-10T14:33:58.724989442Z 630 0Qe2ySNYHqTVaiWh0dO6g03WhL777XiAt80nceFDz58lwWL7MjIoYCgDKkk6
2020-09-10T14:33:58.736350379Z 631 5tAax6maUiWF0qwnV7IPCwcr5MSq7y7WhXFbPcg4fYGYPrxrtBhnZXLeF5H0
2020-09-10T14:33:58.747819612Z 632 kmhb0TVqDzE5b5ITFJRiYBK3goYeSNZQDSxfGGjeaaSmCYRPpRTgV6Hj3oQ1
2020-09-10T14:33:58.759839412Z 633 QG7TLNuKrolCgJ9KN9SlBSOaVaxsepiIl6njXUGfDUL3kiOn2ZISnWJpRPCH
2020-09-10T14:33:58.770427576Z 634 8jYfJgzeLwJgje0UMxdFAxAO0IkQ4CFaspLg59uL6uV0OqFVWQXicToSTDre
2020-09-10T14:33:58.782018486Z 635 W6WhGS82bStekRYWtCQQHbt3ayz84vHFtWESIIfHrjzwBGTMlzzF7VKBGx3h
2020-09-10T14:33:58.793474965Z 636 Mpu3bIdQxSwAIXtU6HrD7Yr35uMbyBIvucosVSVJP7Hy8RsDuJDL3kzCVVbI
2020-09-10T14:33:58.805000114Z 637 hcrlfyrPLoDQxdLLdfmXEay0tmcYBCA5COMAaxdeNKtEC7wPVlmd0t3UMD3F
2020-09-10T14:33:58.815754222Z 638 GHEpI3BEH5689IxRUKVBn9LPcR3BMKSHUR7c1y4IELVBCXMcgWheal7f2YEL
2020-09-10T14:33:58.827512954Z 639 tXCrswiX4H2snjgI9dgopF6xO6JbgXuUDYsSQEEQxM4UdFhB63L6Ummezl3f
2020-09-10T14:33:58.838291649Z 640 cBqu44kU3EmcgS5TZ81ZvR80ZUGCVmXlqgIrSISI61EfWUzc66Pxde6aTFRU
2020-09-10T14:33:58.849966049Z 641 P88at8u15wM6CokSa3oR7JAtzoADZVK53SgbqweQy81cYy3fKjm0ZUB3ob3b
2020-09-10T14:33:58.860603146Z 642 W3RN2tiaYbGxRUshHsiW6YqEcs3YAOcnGoV3hQfQHpFuNhLXZz2iMNNc2xlE
2020-09-10T14:33:58.872036481Z 643 mCGOolDxahvdEKNHIlkeWTmsup1KfoE2mrTT3hzUkKiL3YkQ457wEJhNIV3w
2020-09-10T14:33:58.882718774Z 644 OwCbXbYRJNk0yTVpFwb786N6pYcraKATjjwLBvGZ2p9qMJFYEb9Cdlc92oLX
2020-09-10T14:33:58.893499512Z 645 dGuwhskbliq2mOxQlLQbaHT2StG2RVhpPHN8Df466gnungznU4WonwhnI0bR
2020-09-10T14:33:58.904381636Z 646 wJ3adoskqAGnScFA28SMc0VpXhTsCQ3yqcfhpgSpNAnbUjCKe0S3df3UbspS
2020-09-10T14:33:58.915269700Z 647 GkuYgCZmhKUdca9fhjA1DyoRnU0OKlZBvvU5yZ77JInhnYpZdSb9xTVt7umD
2020-09-10T14:33:58.926647600Z 648 Uk8m0uKDDCcpXT9A5zQCutPM9qaLgih5JjxcsEGvMNx7zrsxwFazIjukZjCw
2020-09-10T14:33:58.937304139Z 649 ar1MpZc2he1SqJIGWszhuBiUZfOV2j12MknOlKNZqDmj8Ecpj5LIEJ9TqymN
2020-09-10T14:33:58.948661542Z 650 LJNC4nTK1QwmJUNpJK6Q93jm3WfNuG8fDd8sx6Qh5AsMkMogXkoDnr7JWxAx
2020-09-10T14:33:58.959844056Z 651 3agPV1g0D7wtMl3u43tfDFPKwoSrrW5BazdqEqM7hszZxDjQQxLWFhlkacws
2020-09-10T14:33:58.971288159Z 652 KFuwrr0tX3u6SQjRLACAKT5L2jLEhZOKXkU5G0FT1JCMsKf2tvZajrKjJhMX
2020-09-10T14:33:58.982524463Z 653 tDSORP5nnnPTARJl4qaKMqaZRi4GG3F61jwa3cWCKpQ01Pmd5hjIbzHMjbIz
2020-09-10T14:33:58.993430010Z 654 8kXZNFcaaZb6whqK6dT7feQDDm4xO1L0Qs2YoDMvXCzFnvLEHZlJw5yqJUBV
2020-09-10T14:33:59.004922115Z 655 perQPizFHeJUOJVqXnjxz5Xa9MR6C3QeKlR7FoGj4aZL4hxhdNhg1QpUp4yh
2020-09-10T14:33:59.015380848Z 656 ItNTD2TTgvvNCxqjTWPosOl9i4u9xeF3KqNMDyzjt5nW3H0IchwGDA2uBcQs
2020-09-10T14:33:59.026735500Z 657 4TyTo0CkQj00UUbi6B8pCswJDYwuoIXc9Rv9HlBazqZOL3g0NwlDROifKrkW
2020-09-10T14:33:59.037441309Z 658 zqRBoFIVhf4ruaL8nqQuUSH4qgE5JDBkxnECqXO0hp1kv9wiXW58xaoIALHh
2020-09-10T14:33:59.048887515Z 659 pQnfVU1wak98QjjXFayN7TvdS768ZzP40NcXuGiRhZ6VKpf0TraYdduL9YyX
2020-09-10T14:33:59.059889214Z 660 MTwUw0Jt8u1O6W9z0lTATHKzOosfNOfbe97ZgJ66Ltr362Mb3EDqw2uUNo52
2020-09-10T14:33:59.070850159Z 661 iUQiiAGhDyO73UWv0CrDKNZxjCpaTupiSCSUCPze1uV3EVOUozXGtCoT9FGi
2020-09-10T14:33:59.081722859Z 662 OGnqlSgu6hrpGRwBHz85kT0oPhtueV5pk5GExHiK9JrpnNLAuaKnYV0zqXao
2020-09-10T14:33:59.093209287Z 663 SxB7a2h3YetXiPYWywG4P3JdaGTDPSfxO885DujIew9UYZx3GgqJvcyOmbYK
2020-09-10T14:33:59.105162782Z 664 lh6vlLWdJ6ic5OO3cuXyOsrolTMCkSLjS1rV6mYrABwjqFl8cGqH5LUlzuky
2020-09-10T14:33:59.115402292Z 665 LQfP5ZyHsWWHDbsFRNMiFEgp7wu0nXTDojV6ZTWxF6WtAQTy8qcxc19TsJmz
2020-09-10T14:33:59.127307261Z 666 L2rEOsyiSvz1YKVDORae7LJ8yiv88lypJNH81SS4nU9MskFICaQRGJTMKa0G
2020-09-10T14:33:59.139061298Z 667 SjFOr8Yyb3hWWeSpmQdFzcPYE0aTXx4wA3OGknHSTOxsgbSyoMHnEOtiSqd9
2020-09-10T14:33:59.149599701Z 668 fbiWqOtR4Di94FXIOyeUjJtb4RyJUHsMFCD2gN8QGN9f2OZ3SSLcocuNwDyV
2020-09-10T14:33:59.161251654Z 669 S3YSNcBGXZs41AuwK40dianSrBQpAUh1LPVpxQwIkwjcFq2S6KECK8rWOUZx
2020-09-10T14:33:59.172488433Z 670 CRLBA2x5oiDMBz5iV0q9RCERHiQnvhRC2ByGya8iE6fxjUW4nt0QRVObJrWC
2020-09-10T14:33:59.183820391Z 671 juptPCDY5wPbqKUIxyvT9RQLuLijGNVT0CRFLJ1Qg1rqPkmVpTv1vyhG5vAs
2020-09-10T14:33:59.194327001Z 672 oJdzO4rM1ta0H3oux6CNAZ0gc4DTqrATjzEZD3ZAkKN4lH25P51xS383o9Jd
2020-09-10T14:33:59.206053784Z 673 thiuvKV5dw7v3WfGNZ1IdTY7msUwERoQPXJzfSPvO64YQCSiBf98O0KysOEO
2020-09-10T14:33:59.217731127Z 674 QYSjYDZNderp8fhMjApFnDrpTjlb2LUe6abU6pLo6wSySseNBPRSHVdEOTh0
2020-09-10T14:33:59.229117160Z 675 vPbTNEKTCNcWHMQeV0CIumvfsFmQA08COnZHSWSIgaqyHq75CtKQHwmSLwHP
2020-09-10T14:33:59.240983359Z 676 CUQBtfIjVl4A3Ksv9lKnBxOuzUwPk6odd20VjxMHav6U1TTnCuF7Tv5Hv8MO
2020-09-10T14:33:59.252024751Z 677 to7O5pNZzJ0g03qHXTb5RBwFotre7ZkL0xqVAmGTVHjy5Cmn1blPRFE6XiCP
2020-09-10T14:33:59.262857408Z 678 qti1zWRADqSMSfVSgFvRXskBRhJceGQkmaNEhrQCl4GpMwIxRgJGNXHlYXh4
2020-09-10T14:33:59.274262841Z 679 eTleSyv9VQP9hcpix3f4UVLmhHaSAGnf29BEl0nqHmx7fSfdTmpaT246HglJ
2020-09-10T14:33:59.285704471Z 680 6S98WGM6tTGFfxwash0vnRIdJQ2rBd4LHJIZFpLvLoMp2f4gcIiw0iE8cSe3
2020-09-10T14:33:59.297328616Z 681 HpMQDs1XsgoHqvweGXg5LhUmdJy7Sor6jFSQoeL2ktDQ836Nzu3FlYN3R3u4
2020-09-10T14:33:59.308877058Z 682 GOj0MmgBOkPX8GEJWvVOJYL27Knd9ODBvJJ5lotjeG6RJKFO0T08dAt74BMn
2020-09-10T14:33:59.319369734Z 683 HCRRJf4gB4C3hYfVQYpP04yRmNSrJUAxidF2XURnpC2tmgvb5EaBnN5avLQA
2020-09-10T14:33:59.330866085Z 684 GM0wr5LHWWr4R2B2ScviczhWKQ0zI6pPcyJMQdIJHGEEN70YLxi3l5lxzpWl
2020-09-10T14:33:59.341401138Z 685 XNs6jr4gw0Ct78QeQ8AobrwAvBhwHg0Vfrv6qzTZ4EfIlLb1OIbmLICgGddP
2020-09-10T14:33:59.352991353Z 686 AHSDaC7sw9dOj1OzZEXIbyogKUaZhZYDQQW6JzcdBm6ASv66Anf4rUArpK9p
2020-09-10T14:33:59.364358635Z 687 jDfunfWpPrQXQO3Sq7Kth7D6lFbxhgcHkr7EWNu3LxnsOC6huAU9pPpXzbHy
2020-09-10T14:33:59.376248977Z 688 fwWvCVu6xI20OmmlcPMe9ElFfVmuGoQbaK4wNF33GPmdeEafE8jy59RrMMJ5
2020-09-10T14:33:59.387371997Z 689 tGMN1vmnU5dbsEmFgHzEFyR6WWrQWUPJopqkv3QTRIPp4xeO6mCzdI363lcK
2020-09-10T14:33:59.398879269Z 690 YywhIH0hKxn4asHQBq5IKmUYXrgf4Kq3UWyW4P5eLfYi6r94IwlcXiDM40Pa
2020-09-10T14:33:59.409481720Z 691 1ILQxI3fLWwDZfS3qL6BuGwTVW9AYC3D7xd1kcf1RFbnviBclSPPIlVckK7F
2020-09-10T14:33:59.420745954Z 692 ab7CjR45TcBjeCsZivmAyXg5LOLNz3xwJhHUIBc5oUtNjcmQeRMkAClY477M
2020-09-10T14:33:59.431675798Z 693 Dh1OUc8WON68ZHYflFEasIKvYXZcMXVVSZdkRj6q8CxfjM5dkBOQ75Ma09PJ
2020-09-10T14:33:59.442338616Z 694 XAtMN3H49hyhgJNiOwDQBKKwUHaeMzJqUTnv7hiB1N1aPoalb4N4Av6PPQTF
2020-09-10T14:33:59.453889867Z 695 qljCxvz4BPAcgS15MxeVniVIamohS3vMdCIVpF9cO8gTPyI7qEIBG9OCHXMr
2020-09-10T14:33:59.464455781Z 696 qqn70Lutaoj0Gr0r6R7QMMZaLVDbv0WsL9OkKMWieGR4YpUtrp0RUvm3XNzF
2020-09-10T14:33:59.475486347Z 697 nl6KdThqo4bWYOLfTlytOor48tQ8zC3fCcqyjLHvLgn9gO7sObOdk2PoNlk0
2020-09-10T14:33:59.487267481Z 698 bJyCE3qugqXdwKwDp7YpPA11saXV8DBoMZSIBqL1YwskBqvsh4Drn92LwbKW
2020-09-10T14:33:59.498607776Z 699 Zj0t79vziJVZ1E6ZkISY78JnyBLTzORjr57EEjhTh327D7DSTYjY5QL6CVuI
2020-09-10T14:33:59.509341268Z 700 5TQM8WRm4FIdu2qz4shHGFkepIElGihNEBxcjqlqnlaNePW6FbLihyYq0Ai4
2020-09-10T14:33:59.521253983Z 701 h6lbEG534Wv1p58ICumeDWWxHriN0ns2i0fDsPnRL6fjBFCsip2VRBQIHk43
2020-09-10T14:33:59.532915087Z 702 7DLMa7i5vlGPAuNgnVVcZ6ErxJoXFv7B4tuqSsLbMrMMXG5wNOF56hoExzFc
2020-09-10T14:33:59.543578372Z 703 XpYIHENLav5aqfJOeFWd1uMdkfpUSQB3q30UV4XHuDiR9eVwT1v2y9nApkDn
2020-09-10T14:33:59.555071916Z 704 zct0ld4KR2WREchhfC4Awta4OSwBvxs2EbfllEoRu73RGy1skkIxNf4CoK91
2020-09-10T14:33:59.567014785Z 705 axhvErE2P6UqmVPdg3sLC1eqvBMA7P1ylBYChhHMGHvPdjKdsLp2zw0zU957
2020-09-10T14:33:59.577770131Z 706 OpEQwJbBXUohym0jfquiTVibHUbMzGwThDHUaL1TO9mmT4XIgD9nlGbZ4KLw
2020-09-10T14:33:59.588395071Z 707 pWI6IecdXf9TipFGERGD0SPX0thU3mM0mAD7KAKaPW3T1pKMXZ0lKb6faZNY
2020-09-10T14:33:59.599916419Z 708 9E2u1cdduXgR8mML0Qp9iNCVxV88NCe2gxQXEaMhDOJi1tNcPIMKT7SZ5IA7
2020-09-10T14:33:59.610526246Z 709 VFOsQCBymb5iUS3JsbGgCQmjblwzf50VwyUtyXLX8JPqhNeBaKqh5PnlbJHY
2020-09-10T14:33:59.622106711Z 710 F1u6vuwB7XUHzxyTnyTy1fjc7Hn31bYq3mhk6aByRK1NMfLV0Kxij6WNuWQD
2020-09-10T14:33:59.633788881Z 711 cIdsj1CU0rUuedjtcwt5b91D2CapgoUGAd1CyIkN1HfCvRNTNP03u8amokqL
2020-09-10T14:33:59.644348938Z 712 A8wxOeefcmxvirMlneV9Ik4I0TXnKwmwKXK7ukvtCgFNcjV2SdWe3eRzhqnE
2020-09-10T14:33:59.655950894Z 713 0pcg6JMygftebwaleq9r6UmBDKwgflXSXiMFsNotFOMhtJplbn8nNt4VXSnH
2020-09-10T14:33:59.666429183Z 714 dwu3Tc37mqhw5WiSPc4yPQMqprTQyIwuxRN9bXKh4kA89OrwAqiIBhMdMV1j
2020-09-10T14:33:59.677814331Z 715 Dd8lBxbBW98NrfrRsWlw5p3MJbsFS0DMWcc4OecNZisspgKMVOzp6U3Qmhyp
2020-09-10T14:33:59.688365945Z 716 KVRMu4MXALCRjuQEaNIuppLIsQu8Q5ShAN3Oae8sx1MBOHQ9g88NDLUkAvAV
2020-09-10T14:33:59.699977225Z 717 OPpxErQjWEFS1fqdqlQyXeu1HPjbJVln9ZbzA1PSdCxGnXjDWyrbBAyOM9Gw
2020-09-10T14:33:59.710474749Z 718 A1xnuLA3Zieo6cRlKyEbhD3E8NHN6OVg34xFbyI2TFod9O7W52cZqMPzvXdN
2020-09-10T14:33:59.721954254Z 719 QD5Ao4M7753LBh4eQvkdDCvJyiW7Hwe8qnSuhK089nMpBfevvyXamKh2WEGp
2020-09-10T14:33:59.732284388Z 720 E8rP0Ju2Yoel860itwpfzUeLMnfQHK1wHQtJ4eBsrXjlcSQRJJaNNctDLJr6
2020-09-10T14:33:59.744101275Z 721 3HmiwgIhpXpQsOWsY4VUpqhyey0jfGjs1ZXTilgQycsTXCbRDbpwsGpXxjkb
2020-09-10T14:33:59.755807739Z 722 fBn0u1GyC06HCaPhwHUgN4ElznDyLb9QEYzT7xFUklP9C3Gav0GJZg6iB04a
2020-09-10T14:33:59.766220751Z 723 UdEqmfqKNkJoWUnWoTfdRd7HKdxORPeXQQEJV9wSQK4IndiPl8OZgaLjtp8n
2020-09-10T14:33:59.777615451Z 724 vovtT81KiBDN3ciK4jj6qQQ78vgDSsjBn3MWBQhFKXsj2F3fhHmX7ACnnIRJ
2020-09-10T14:33:59.789122545Z 725 yo75JtHMpeFNY3F9HJUFhUktrBW49laMbuUYlk5MkvWDD0FKtfXRJvCRoapO
2020-09-10T14:33:59.800945531Z 726 7FYRtxnEqFYkHy5Is6DBTMrHfYSZHEpAwQ8J6ArfLNQHd2EBst5lMGqM3G2Q
2020-09-10T14:33:59.812193396Z 727 2enzJdWFNPAYWcfttrwlsPXaHM8jcAn2dp9QTZ8QBpbgC4r8MXUlf0LcBxfD
2020-09-10T14:33:59.823648424Z 728 onidzuDqafw4qlAk0VhBYj4RY8EUXD6WhI9Tkb0F2ugb7KBYIQe3UNvxa6Db
2020-09-10T14:33:59.834327129Z 729 HYlBlsIeOJCeWlvjPskS53e8QtJqwX7Nph9xYEVUxCQP7RBSVCpMj4aZQIQT
2020-09-10T14:33:59.845983476Z 730 xc5ciSMo4lHnJV3GGHfXsLWXCyr9vTsThrijk95vW4AZOH81dqaELCHLX9fD
2020-09-10T14:33:59.856520312Z 731 7oa7O03gSeJqAnyG85JXyNSkR9iWTCN1qnpg5bOquRbjXSnHcJSgZ9EGBTt2
2020-09-10T14:33:59.868040171Z 732 vF4Ot2SG59f26NYLnI7mFv4kXPh3XarrficHpSNrTwcEcQ9azGzoL9Wdd5CD
2020-09-10T14:33:59.879335203Z 733 QoFr3kpaOLixWg4KUX3Nu6n4KsrGqCj3Jl6r0lN6xd3gOCAYueolsdhi0c2M
2020-09-10T14:33:59.890590320Z 734 DKWxr031ZvoU2vuWlWwc1gZHXaoYcfhOjpeS7putblQQLbdkWSGdOFXjrXqB
2020-09-10T14:33:59.901985593Z 735 7HJX2sbKZqzXpCJVm17cMQHu9DIpbBGEed8GfKaxHhhKFayrX4A2yhlg5TP8
2020-09-10T14:33:59.913489970Z 736 d80EnEcUAvdTa1HpeAjnL93luYCq5A3YOOLfSFF7VJnqQFNv9lfIEYcO2FkJ
2020-09-10T14:33:59.924824811Z 737 vcETv4ezTR8BrK0dJFDCYnX0ZTQAdsRiY8CEbV2X200oEoYP5OL3dO0S0cbU
2020-09-10T14:33:59.935182169Z 738 mjIfS8srUkA0aNjB1AeaE9DroxqPprwehEcdzcERAPdTiJWccUWYbQFyZfKs
2020-09-10T14:33:59.946260744Z 739 0DQ4ZveHKjum1d1Rnd1fDNibXMjl3IXlA8k6HFvjdIuMNPJJoKJ65iz0gky7
2020-09-10T14:33:59.957630496Z 740 5xfQoYixHFl8HKPWMdt5XXy1Y7eA38FwoRr5MfZydhCgjCyINBaafg9bgeRQ
2020-09-10T14:33:59.968259326Z 741 YDmm05l8petAfFMLTEQMXQEcktWoocMkIWy1Ujqlfs4eotgj5PIOfowZ9tMZ
2020-09-10T14:33:59.979875805Z 742 dGFsjXKnPOoaE8jNGnvOrRWnN2boeNBsZ0b2TzuQ7bD3eR7QDYfKOzi5lTDp
2020-09-10T14:33:59.990351040Z 743 vczgBhzoimjl7chi8qc5KMmBL7uhnODoe0hOLUPdizLu0M9VAyC69V7s2jS2
2020-09-10T14:34:00.001712216Z 744 ZzGfs4E2DDUQP8sxYfDN4GZorJwdNgCpkCg5yyC11pNywDo8LPUOWDGHvjzD
2020-09-10T14:34:00.012860505Z 745 JlxKL8MJ6uzySRlkr29Plyw6Ee1zSLZvjVnIu9RSptYUmFuwKGA7MGb5G9QZ
2020-09-10T14:34:00.023230881Z 746 hBqOQdVFHvds5IMH8HUtDedWhukPuCK7ek14eFBaJ7IxlCBt52e9egZ6bLB5
2020-09-10T14:34:00.035083102Z 747 5VnL84PhdQrsNrUHLREDhlFd8pOjlZXeobEhqVy1ZySlsXQySy9EBEPCe1wN
2020-09-10T14:34:00.045388589Z 748 91h811uB9UDSmhZA1xS2pNV7RF57HsEsudUuQaOZnSo7l96931mCvpoKH5ah
2020-09-10T14:34:00.056492622Z 749 2oBtPYgELxOsBri68SIH1uEMpIIWGcYoX0fzHJNxMu9jw1uBonY9bvdxKBO6
2020-09-10T14:34:00.067623612Z 750 WoO4XsyyDlMNkX8NMYaZMhJG5PSzEiZ0FjYzXLZZOQtm5tcm8fOckeRMgvfL
2020-09-10T14:34:00.078870619Z 751 2XUnmK4JYMsrPiqyt0u2DCdZhmW0kIRkXx0xqALD3n6r7xk24pebo11OQ9RI
2020-09-10T14:34:00.090192741Z 752 YFC801zCk0VxnZrPYR8dCTYJuCo9WHpCZWsAujGwtxPJjEf7U2L4kvOsmhs6
2020-09-10T14:34:00.101532355Z 753 v7xzqMVmUH1D7zb9H06SQeXKc74eTaZz2cPia3gfPeJYPInRL9OnXcKdjlOd
2020-09-10T14:34:00.113292079Z 754 H7KiKPVHEFy5gO6otzJlWPotlxXWszPoV7Himta7ZT5w7z1LIksqZHmWmh0e
2020-09-10T14:34:00.124797214Z 755 BoT02VAwSKYKi1oxL2yDHFdQyf4BxyN0lbFD9pczp4dm8JcjgA7knpoauD5w
2020-09-10T14:34:00.135845523Z 756 znLo44p9sRFT4IR7eQ30CnT3L1OLYzN59CTEHgaOvuZryXIqjhRvxki3eHLI
2020-09-10T14:34:00.146200580Z 757 nBN3LGGWQLxTpKoYjxxrRdjKPzZiEAnsCs5ZrR0PpfEeGVnhCN2LI7gRZdd2
2020-09-10T14:34:00.157545431Z 758 pLRBPS2WsTGIOWmVxLxDeSxhUQ5XjSxQiLhKrEJJmeWRsfJkIiKRE5rzqetG
2020-09-10T14:34:00.169048611Z 759 sf8d9d93E3fUM5p15b4ndaDAJQcVePdvcbGWwPIhAZy7IgGuIzJTvcBrXkg2
2020-09-10T14:34:00.180407485Z 760 DcFoqZBVLqNMNpFEAItoByQOvJklEEqWVaAhKAC6Eg48V1blkPRcUS6Ali3n
2020-09-10T14:34:00.191125193Z 761 qR5NGy9ISyucXpQlF93RoYORqudVFqWvT1Ua8geN0VHOSKRPP51sC5bJEW00
2020-09-10T14:34:00.202450873Z 762 yUmVpx6NyfQkxxnnbzYuhrlwYLBOf4tR2XSZWhKlBfNxsaAPWzuCvSt8QwDz
2020-09-10T14:34:00.213999698Z 763 C3ERTLlYAdU91cGAlpelu8w9TVMM3LwD7AxcxjhVb9Wgj9nsCXATLuJlX3M9
2020-09-10T14:34:00.225344745Z 764 S63sQsB00fuf9yQOAzlZ4zasZcU3yFxalInT1BiJB1D2rUBf7UbxERYFaBLm
2020-09-10T14:34:00.236952143Z 765 SMNIIK1yctNtUiCKviharmImIvV4mjS0lu8uoXrnC8Ub2KCL0QaqXKWm2Nw8
2020-09-10T14:34:00.247553846Z 766 tge7TqFY2loIdzMP2uhCJQzq1TFOzKYwzHR7l0gVwgTtvmg4dIy5enJ1VD9t
2020-09-10T14:34:00.258575368Z 767 pric6LX3m7c6yZpZhHm83QyTR7P9LIdzZFpT6e2wFotzMvH6OZbSCNurBRb3
2020-09-10T14:34:00.269940030Z 768 Qsl2vgl2cGJTe2EBTn3F3aYFuuA2z3DT9E0rWbKv2Dgv4XiimSFuV9Siwvdv
2020-09-10T14:34:00.281532652Z 769 n8b4W60iqV6DcVqalFi9NEZYKUGlEFXtq7ZurYIS2ejSg2zFsRR28KYc8ptT
2020-09-10T14:34:00.292932978Z 770 22rSlqRC0oLAo3pHGtKGBJQIEgRJDhVYgJoboJC5zc4IVHTsQ8qid2mEpdOB
2020-09-10T14:34:00.304903508Z 771 LFMBILDVg5jdWXTZIkGM3GW24zMKtSWK8FIkg44B1krRIa65Cn4WxnP8UrjN
2020-09-10T14:34:00.315774007Z 772 kKSPyNtjN4K5J9KtwslBet1WSBztg8SDS9hVnSkhkOCP0cZRqrJzK67njIjt
2020-09-10T14:34:00.326400858Z 773 HIzmNAJvcx2Ua89i2rt9OKl76cfp2EkesE1Z8FYAIAs0nyCQ1jK6ZdwQJfpd
2020-09-10T14:34:00.338212947Z 774 Mk6YrWxGPGImEU2h75kQYwO42mK3KMYcv2buusdzKUsHNG2VClGcCzcl4drI
2020-09-10T14:34:00.349738071Z 775 7rhWTJ5KhvRQzAtBkQ4S3BrpAFeEtTFtzcOS4evlIZcLhGoW26WALwS5JyWd
2020-09-10T14:34:00.360915028Z 776 6L1tFauMsD99Abv3wxWpgTr89ldiYkHlEuDkZkSqfC3oJ4rNAu9QYcDyfAhr
2020-09-10T14:34:00.371508506Z 777 r0hK4S4LSSadscbQc4o4imLkAyhgh5Un3RndGnwhkCXBRdhfF4ESk6l5LkY7
2020-09-10T14:34:00.382325622Z 778 qvcC37GZzU8lBMFCahyFtlFNhlonTcKu3aZr9xvWTdxGTSqX6Bv1TfWTbtCc
2020-09-10T14:34:00.393436495Z 779 kNFFarwD3tfPASRyiOAdAgHFkYASoa9nyXZcvscC0sGxfKD9faCejHkxmP17
2020-09-10T14:34:00.405056547Z 780 ez4g3dIudw1nInNed4uq61CF40alylanKlv753f2sDCcXt2cSyB8T2A3PE0M
2020-09-10T14:34:00.417103508Z 781 YqnbYpQi7Zd56xogn2a0e9KyjeSeWpzTlvgfsTwqEQDsh2BC6poeuThYUAes
2020-09-10T14:34:00.429042580Z 782 F7mXkFEvpE96Jv4Plb1ai16X88xU2hmmiW0VwXkzhtNQayx64WBJXxy0yloO
2020-09-10T14:34:00.441085297Z 783 BIDPUKBXrZscImPFpOvj0KnQN5EFTrB5zkRmPG3RpMw2o0Pyfiv5eTuH3nde
2020-09-10T14:34:00.452892092Z 784 ApXKRfjT9SAb7rfveTTgz0LjsMIKAo5l5I5h8p4FNHSCks24vafnXSA3hQae
2020-09-10T14:34:00.465120168Z 785 KzhifVgHan3LopBWT0ZgY7NjpMm3H9nElvvsb55sStdPHLF7qEyn0yCkcstg
2020-09-10T14:34:00.476325336Z 786 N85XOJ1su1r7Q7KzoQhpWo1YqzPb9oKLwvyofrnVqlc84RGTl2qfumYtTlAl
2020-09-10T14:34:00.487303417Z 787 gVhuXH7sxMIRx6Ub2EzS2rSDsXzw42r9qhJE7giyRnWNVleafSrIotUME0FU
2020-09-10T14:34:00.498610310Z 788 qALeDHVsGoqUKpJVLcoSz8mWx39oNeiFsnmNAxJaQCHFNcVrAq1AbzXTTbnj
2020-09-10T14:34:00.510182155Z 789 ixPF2Knv0t1Ulpnr3cXZAxLXxcCmBwpNRnvxKaCsnBsvksG37XK21wg4I7D4
2020-09-10T14:34:00.521648725Z 790 D0QT002NOguirgvrRlgv8hbITz3nVcOBrvOgMPVoKmOEYUWqtDNxa0PHyoO4
2020-09-10T14:34:00.532419755Z 791 W82IvABXStrlgsslaOtAguCQRoB6jBF4NrDbLsPERvU0BMnyftceU4Yx06Zi
2020-09-10T14:34:00.543895434Z 792 qdU4FCqdCXohEBOAMpEqkJCEPsANSBcBJdksKBKRaecy5zGrKcn5TXKpWsNY
2020-09-10T14:34:00.555019287Z 793 RopjQY0FOqMPicYQ7wpG1m7r5DjjaX1RXKPL8k9oyKV7UjgzYkYJl55i64Kv
2020-09-10T14:34:00.566892785Z 794 AUnVnK7hxCznHOUDfl0Ce2ZkQg9ACkkIJDMj63w3uwy5rzEA9hTHw009JKmu
2020-09-10T14:34:00.578088297Z 795 d2N2xb2OcjrNbUKB3rZrzuGAq2ENWEUtrePprl2wpLIyvlDlVS0bD6sHGY8D
2020-09-10T14:34:00.590270339Z 796 lHwJY8p5TtNRISg5xyL9Yqq6i6OSjvqS1RKWBBGMD8ZI36s1cdiCmxs4drPf
2020-09-10T14:34:00.601966642Z 797 DS5t2Yx9tAGflnzOBBilTqxqdMOVyAuYeevNXQEgGSRG3gahew9EJZP9hAyr
2020-09-10T14:34:00.612735130Z 798 n4OpsaSpJxrWdxtooAS36kx3Hxi5uP5cGHtkVNd5i0X3mozjtvVsAub5oDDo
2020-09-10T14:34:00.623450354Z 799 7ejOAoSZZ2PPfpaTMIjyyz8PC3YvJBgSFbvXU1bBPLROLaZxZEWhtYsd1iOl
2020-09-10T14:34:00.635117692Z 800 XJy858ZPpvL2Z7xbp3ON3ayLHWlZ9psoSNNo7hOD7vId3b1cd8ww5B3pxLKh
2020-09-10T14:34:00.645871004Z 801 Zj8qSXXYqKT52rVsqK25YFoYLZIRAEohglb5vPVYCICGInugMtXF7dUtuR4V
2020-09-10T14:34:00.656746711Z 802 6UdlRfoItjb1GjPDHINn5nFpbS8ajkDK5dyLvTb5EA3AeSDBZSlAhAlOUSH8
2020-09-10T14:34:00.667420166Z 803 haYjugPxnVlsdeMBDqyLZxnyVw974QkJDPhf9i8FAZ2ZEr3r7gm18mc4HmEm
2020-09-10T14:34:00.678892300Z 804 xFeGpEWMXkUaH2i3tLO7Jh9SX2qugFPGPoQwJIXwpPJqNzSVGTzJa2KWf3w6
2020-09-10T14:34:00.689405229Z 805 BlnGCCZrIQrbYjozYQ5N3fSufe6UVOVlNjLrndCSbhfOQddz8jnv1WisQWBs
2020-09-10T14:34:00.700893759Z 806 ZYRJ3rpMwH1pTq8fblvzKXcP6SMjSCamF2s8TAZcFM4Wh3QcEAMCjHrH7gUJ
2020-09-10T14:34:00.711391878Z 807 qdUWmIqABeWM81AymILWl40S0t8XqvrX16gJdPAL5L67zLSCLqUpGyKtQKKl
2020-09-10T14:34:00.723303783Z 808 sjbkdkGmdxFfwYp4sQQdp95hfUA58UWMb0sLbBjqaoeKrDTaVWloOAr0o6Is
2020-09-10T14:34:00.734876958Z 809 A6Bh1cFOekVkMGrYWbRyesz3962TJBRUQDCydUkUTKa6eTbhjzN7CPVa1MdQ
2020-09-10T14:34:00.745746839Z 810 pJuXUWAonrdRAudiZraYCXuktJDO1EAQnISo5hm1ALIOjLukfety60t8J3r3
2020-09-10T14:34:00.757036697Z 811 vlACmi5S0euGTcIka553MNOIzn6CPPYKJEP2qttp23hrlQBY0oWVXvQg6Azp
2020-09-10T14:34:00.767322771Z 812 uoVmqE3D2RYSgZmsyCp0tSv5lsTCtLx69vQJxAEyFgd8kp8hx3tW3FcKaaO4
2020-09-10T14:34:00.778515044Z 813 zdpvtjh5QjgQ66n9SYiB9PxVV7ncKKYpuVXv3lx08GP5gfEE2nyeOubZozD3
2020-09-10T14:34:00.789964055Z 814 pTRHHMEnk7qwwWEXMpz1UyrF01aukIgsnOQ3OOt6gp2bO6bqxcnolpx7KXA4
2020-09-10T14:34:00.800414253Z 815 fsMtSj2bTt0JMpMnepFPVHLOnFt2J6rGSuw0CY9S8DeJDBzLJcQasDrWoyur
2020-09-10T14:34:00.811841611Z 816 zFh5XrCxVxLRwHzL5oMCezPBf15f1PGyKkQrzV8KFdTCpaDo0GMATNmPkAcc
2020-09-10T14:34:00.822464637Z 817 2izsk3gJu0elaPKSIwXvNVVUGsLI1WvLELmNoSnm7MgJ8HzdUd40peeN1GEM
2020-09-10T14:34:00.834037879Z 818 pNU9tsJTTHVqe7YBLtKtT3eomLLtzPh0ecO7VkmEjcTPqkPXAsYafWxWNvW8
2020-09-10T14:34:00.845031034Z 819 07UWb8KHaoZhviIKFzdR959AKWRHpQMTAC3eTOAVbJGzQoVKUZpmYLqm1vBT
2020-09-10T14:34:00.855379621Z 820 kuusKC6vvofUxqgdgfCLG9Z8GRuQ6CPuck3Irs8lZpTUDrnjG0a9wSqIGHZH
2020-09-10T14:34:00.866736444Z 821 g967X5bogLKdtTic0njcZRCz1JzfxFI0dOpdnymT3aK2RcHQJPjizDdGb5JT
2020-09-10T14:34:00.877376168Z 822 CT0fos178rLhe0XCtZZu4GrTggQ8smuv1IpJPNHQzRaFyD3SzeWFFWGjUVE6
2020-09-10T14:34:00.889513287Z 823 6WLJwAon9z4GVYMdGtLOUeBFLrFobEJp417pQt0Lbb0bnvdXxCI4C8FyUokl
2020-09-10T14:34:00.899806503Z 824 6miU6aoa7epDJc1aqOnq8LVxYdbeylq1VBZswgTmtNEHhQDm2X9UWKNj0bRA
2020-09-10T14:34:00.910767808Z 825 wnrnzlLjEw1MESXh6DQkZ4udP21LGGOZzu5nBeJ2EuSUtNvTv4RgYkdlyOIQ
2020-09-10T14:34:00.922015063Z 826 yRNZdHCHYiCod3TP482XTw8astSXaVedVjO5UTKFmuF7jwg6KQsLrmpXv5VX
2020-09-10T14:34:00.932655497Z 827 fr870TZQ3iwE26AL3SDeP5YyUuffaZMvkrF9t75gldcuRXyuGNF92wEzIj9o
2020-09-10T14:34:00.943664198Z 828 6M6xd385GT6pVJGH0IuBqZ7zWzYuJRVxEfRLybz0eR6o78I0fHyvS2zOkoMD
2020-09-10T14:34:00.954891270Z 829 cxsf7ODtrAlsNE1QkoNokxRwBkoVRsyQhywqpsLrdwgPFWWPFIqv0Bdvo2L7
2020-09-10T14:34:00.965570500Z 830 wpy7ZRHO8LRoU6v8k7hfzIzhnBaz2LEW56ETy3ptkGfUxQDBgDPwDHWABFls
2020-09-10T14:34:00.976446927Z 831 rwfnxstWTbcV5UtSqCe2yQIky71h3evnnmO0iLwgawqOsEv5ldK3YmOtJAWE
2020-09-10T14:34:00.987235483Z 832 dDCQVcCiAQo65DRbJyd73BbZCWuMrg36o32UtQpStzdN576VlrEuSOhOxxtr
2020-09-10T14:34:00.999115556Z 833 JAACRrkTsMBUtnnxTu9eh9iGZYZk5f0WF3Def1Vw6g3SZK9TPKlMjAkNIBT0
2020-09-10T14:34:01.011039352Z 834 D0YisIgKFvCG52SbgTZTwybRYhA0ccsb95TQ3qvM0H7QcHdIkCGPoaiw8STh
2020-09-10T14:34:01.022776815Z 835 qavgHkHqCLpS0hfs7e61YnB4vXGzKvGF8610g2D8ssqPiEHDhfNnA7Ra1Oby
2020-09-10T14:34:01.034445685Z 836 3wR9maKMlzt9Kp8vMUZcCuraQ1JiF6YyI1TR73A8m1Pkj3IT3KiJ4iUgybgv
2020-09-10T14:34:01.045723487Z 837 YzeBiwaKS1z9zTjwz5SLpc6EcJbF8LU7MET0Y6nJ14tGQIdrxa2LakGFv50t
2020-09-10T14:34:01.056482582Z 838 YNnv3UARKVHI7b58qOxA73y74jgyhBM8sv3JJunyUj8W4F7dawl1nhJHlDFt
2020-09-10T14:34:01.067958276Z 839 ca21LIcbiIljOuBpCK96t8MQv4sc8zKEQN220UGgW79IFXrfIcWSHy0lOeRB
2020-09-10T14:34:01.078566646Z 840 7SkN4lsThWiqmU3HVFxK9EAdTXh0xQC6Jwn5nWXDGPqXSBqvhHJlg2xCGlVh
2020-09-10T14:34:01.090211986Z 841 Co7Pkmd1qkiVAodHGhc6zCLjEscWBDnCSj3kYY0r8pdAULGnVo3qozp3PFtY
2020-09-10T14:34:01.101979340Z 842 eyMTi0zdf6hGRL94mwFCNzW5WuyEhItl37AJyeaOV2iOBo4BkATvX2xnOgJ5
2020-09-10T14:34:01.112824664Z 843 QvSAZkOHJq3dh6trY88XxGgknMddxNEdtoiqh2Ue4jZfAwRMDnQ1wUVVrzg4
2020-09-10T14:34:01.124313897Z 844 qYw1DkSGJN9aQYezJguziIGJBMP8ALgC3A1aecIPfa1Abzw5sqrYmJhJNohH
2020-09-10T14:34:01.136000283Z 845 hwYVsJ7FFpbS8H3SJvt8aXcMV4xgNo9Y1WweIThfSqYv5tmNAi9iKyWgWda6
2020-09-10T14:34:01.146588907Z 846 QH2s6gaCVRdcehWccRkYFzqaYL3KNvw9vbGSurKQHMoF1dTBOnhBQQxF1RfC
2020-09-10T14:34:01.158194392Z 847 vVcIYpS3XkSVf7BM1307RQikfPk9iM5zuYMOCpqD9Sj6Vsbm90uroLQ3QOnY
2020-09-10T14:34:01.170181658Z 848 ZZ4rRkq5lqH3RrAMhaqlxHaOw7YRPu39xstxHIWkM2nmic01qmbiRq81gkyK
2020-09-10T14:34:01.181846341Z 849 fqH5eaEkhBZnE9hZsuuTcDLMA6kmcdUWfslQxhbHxgJuFuCQwlG1FqvvyPoM
2020-09-10T14:34:01.193191664Z 850 1Sou65j6l7lSvv5IL3er2EgpQxPJZoE0PbdT27St0TnMHnXujL3fynDXNL3G
2020-09-10T14:34:01.205030948Z 851 a8avpR2mkNJJNhrwbGBgrQOWH2mqerzjwKJTmq7j4h5c50kbUeEMaYMRWk0z
2020-09-10T14:34:01.215600912Z 852 Uza2dAgEYHEx2GEImqsiIqTPqpFh9xqV0p0gb4sE979K2cPhm2oPxvvzVEFm
2020-09-10T14:34:01.227235701Z 853 6Lm5LkGd2Uj2MI6NsoKkTqntGyWQigYJHayz4wEFJTkSPIFttsABYzq6J4Us
2020-09-10T14:34:01.237770361Z 854 F7QnHETnMZGkHlRtcimbNENGFaeSw7ogGCyBrQgNshztdEDXWlK0SG7AyfNr
2020-09-10T14:34:01.248769415Z 855 dhyAEdKo3NDcHrook9nEWdkTHY1JZjtpqSCZd7mCUJcMB1qVsz5C1TuGSq6r
2020-09-10T14:34:01.259314417Z 856 1s18ZXTn2ARr4N0y1JJ1LCPbBytrnSq4WzEnO28qxaa1A5DAHxvRP8ivnwin
2020-09-10T14:34:01.271245674Z 857 nlTRRaxYiILPxOa9EghfGKiKspFaK9leExatqJx7cI52DhMYWw4WcN46JYl6
2020-09-10T14:34:01.282682125Z 858 LgQGuucySPho7zed865cJ32Mf5W4TESBWsjg2ea2Zdt0pdps8S8UAbddwjvZ
2020-09-10T14:34:01.294367058Z 859 CdNcA7gzBEoutfQHtWvCKfEm6tSEVoFSWuJKvaoswwbwrbLDZB31ZsWrAlk3
2020-09-10T14:34:01.305834495Z 860 UxOEHyXyitXDFYb2GCLnTky80iRGiDBIGOLAKdwRtYenGFt5EVm2ePeqt544
2020-09-10T14:34:01.316689013Z 861 TetQ67KCaemAP3w0nKqu4YcWfU4dgDj1iSk4aOjbl6lhBVzOI7DxyB83g52l
2020-09-10T14:34:01.328053933Z 862 UiaIrOVOpoEstiYnVkV8w1SDDOhMK9Uzix4KuRDuDKyIWi01To5poOn64VJf
2020-09-10T14:34:01.339523127Z 863 65fgROTOzZy9xBYnBXarVfm6pSudGYsrXuMEIz518V7iOGFz4cXFcDgwY5Zk
2020-09-10T14:34:01.350968299Z 864 MOHLDyHVaJBEqYJUMI2Fh9ndptcfFIawS01ByH3Kl55nGK3BwCD7SKeh7mNZ
2020-09-10T14:34:01.361472295Z 865 sLPytSRfe1CQlPLg5KBBlaJXWVC4OH9irQWcDs9rXsxVzahS8EtsmI4JdscY
2020-09-10T14:34:01.373540435Z 866 Woaz56BATnro7sNuwGkaRiVYy44CX7Ac14EvI0fiLuBjtrdwNn6cvFhSUUti
2020-09-10T14:34:01.384778199Z 867 95kqyDZsQPBoUDRuOFKfeDR0zpz660CnFpqpAoTY8IGLNJg6qYaKGiP0PtE4
2020-09-10T14:34:01.395863985Z 868 6SUDKPfGi7hXUaKrBgaCbU1IWXTda3VIgNTHYsyIIsIrILp73kUS1Gp2FO33
2020-09-10T14:34:01.406869983Z 869 7SOnENcGwLFNzQNtOLzvSQNbNDumK51UDbKxV1G7WZq4Y9WKMqnMEZ8JbdmO
2020-09-10T14:34:01.417404869Z 870 Siej1X9Kw6bU0KO3Wg8xLouCJyoV1Aej7LJDVjGNWUTnZ0eTh2UOABEUHMrc
2020-09-10T14:34:01.428932940Z 871 IKfEzGmM1LzyKaUZZXRN8GxvCsuA8zUDCJr4lK9AhQKdoBU5OCudoRsxMlE5
2020-09-10T14:34:01.439489947Z 872 GheKLQ6tmSUXGkClrySAlLFRIcT9DyKACUJ5LDT7uVD3XE08giGf4LSkL3Qq
2020-09-10T14:34:01.451085089Z 873 5VwUgjnlrhtANzatIjjUNKWP6rOqhknuVmf5SIXll0vkdbxBlAJ9jL7jP9HL
2020-09-10T14:34:01.462925854Z 874 Om0YpHfu4AtO22Kezb5qgkVwVP6wHSQ1dhjZxcKbGtOiiajA2tNWbt085P4E
2020-09-10T14:34:01.473767590Z 875 YHdTQJaBlYGzvbc99hEOyqBt0dBc8MAchUjUDOi6HCDl34eYYc4gHwDbBmKr
2020-09-10T14:34:01.484500912Z 876 YWAJnmVeztOCGsAO8E5gXMamtsgMpMlKodNWwWRtra9iv0DhAPMsPBUlVGo9
2020-09-10T14:34:01.495774656Z 877 RL5rgavAXH0DJ97Gs8JMR2leLJClpg2pcQZhptXU6aN8rKHPjCTXkRdZtjhs
2020-09-10T14:34:01.507210809Z 878 Um6IMK19DYwzyTf5y4Q69kR1rqQp9xiE7rjvsQj8WoFYaHxDZuMQFdGFFSmi
2020-09-10T14:34:01.519161022Z 879 KKdFe8w7zOwPcWKxoEF4ohKORkSD9dX9w5lkeGf1ytMpEeJD4AoWVU8c7rU1
2020-09-10T14:34:01.529376047Z 880 tXZNefZlh2ffdMXdfqK4TmbBcorub8PfcXQSFjqxInCdZcuTVVBHi6WGhJpM
2020-09-10T14:34:01.541441836Z 881 C0g0WVRZwnkZn8YnWRmozlbzlU6vmsbL7YLqdPivrnI6m2UwkUu6sIgwVRSy
2020-09-10T14:34:01.553094232Z 882 prj97fKckttOxhe7VMkMZibP2Yw8b8BpI0u31EhfCkSGfz01HoeDgpKxXB5j
2020-09-10T14:34:01.564137943Z 883 ZwpmOpCuNPrgt1EnFzpHGmt5CVw8XKpPA9SeFDTso0A3GVmkoZp5qiiJxr42
2020-09-10T14:34:01.576100826Z 884 lEFzIpPh4q5eecYLiUNW55xGRSloW7FwXKfVQBDYSoVyfSSlpuUkteCOZLsA
2020-09-10T14:34:01.587859867Z 885 bX0WJFr8MnsvlC8Dd372wITNacksCNXHmlPdNZFYG6uX4WrMlW2RGSZyCSOE
2020-09-10T14:34:01.598686590Z 886 30ymlXPkDzuWn4ATx4QyJK8bqgTmqtiTe2lEtYsvaV2AIfqyycQ8j8CeByo7
2020-09-10T14:34:01.609882954Z 887 H8dQAJIRD79T1XBxwoX8Dd61Cey3r10n1z3UmgXgXW0MDHtpugZTnf2rh5a4
2020-09-10T14:34:01.620779011Z 888 ycxh1MrOBp7yxLz4Wj7ZRbZgZLJ7vzEmfSZYlqiM7lUtLAoce5Q1yj8vRjmt
2020-09-10T14:34:01.631694785Z 889 jAsI9A1OXnNnFAVCdk9z48KAM7z57kYo5Tm5s5P3OObT680DBNjI6nfjcPxx
2020-09-10T14:34:01.642696027Z 890 OZZChWJJ4uKnDpU0YxKqHTMdt29bllEbFbw1HHH5DYrsu1iabUIkDqArq10U
2020-09-10T14:34:01.653758850Z 891 stWXKjkeiRt5sijBJSeGzKdNfMAtEBXi7I8WHmyshswgP8raRhsms1eB3ZCF
2020-09-10T14:34:01.665098331Z 892 igzR8IglUbgloOUD9kc78zba6YBYoPiNYsIEaIM0qMJtXYmI6xrZ9P7598jK
2020-09-10T14:34:01.676552139Z 893 VZqsb9u6YtcbkRye0kQxsXPp5vyB8SrWZCwTUoyBxI2bwCSQCk3AMueiJ3wm
2020-09-10T14:34:01.687467077Z 894 GEOLpMMOJQWPqnFWHovFj0kPQAeNpEROUvCqCgZLufBllfsAsfZTVkDYdLDV
2020-09-10T14:34:01.699027601Z 895 XVB6WxubjvZ90jHYyn9FshvG8DrFNlmWgw2rsybcYIZBiJB8NOOACvzkhV7i
2020-09-10T14:34:01.709929121Z 896 JF0XgKx6zPeccd2AqeVejlae4Wugn6k5AxptbhLmF3OOKoYz1ok5E6BLtrHY
2020-09-10T14:34:01.720858036Z 897 Ao6E3iWUHcxGCeDKsUyHWGNykBb2HRHBKtUB4Tf0efY72DmQ5g4CiFFQC2fX
2020-09-10T14:34:01.731880854Z 898 E6sN22rtKSfNnTy9bBNhHAVRQyv7Cyjk6sbV3zuejToR9cYYolYFZ2UeAxRP
2020-09-10T14:34:01.743068651Z 899 KCu2ALaqLDT3U5gws5ZuWn3OiIH1okvO0Q9HaAA9sNf2eWLpjYp53eUk1pMg
2020-09-10T14:34:01.753952408Z 900 l6MkL9PwZt3FbCTMRZZnXU7bvaU6OHIf3gWPxygmxS54NawVEzxXHPbGkWGm
2020-09-10T14:34:01.764627423Z 901 rgp6DhggVwVRDmplIzPBUKOmmmogMhQeV8y15wQaDwY64jDJXookCRlBjjxr
2020-09-10T14:34:01.775667785Z 902 mrbxdBsncr1s90XtVzDZUudGZ8Hezpqs0iAk1xIXSRvAhoVqa4gjnFhyxaBp
2020-09-10T14:34:01.787272701Z 903 C1EwfDaPlSWfaKJ3XNJkrddM48pcrEhlJEHc863fzz8PPaQQpO5Zt5x0uwho
2020-09-10T14:34:01.799184135Z 904 agaO1DUWSsSDkV9Uc1aJt8ASHtfLBXHla6BDsxVIMz4jiylyey6iopAnQseF
2020-09-10T14:34:01.810345939Z 905 MRwFpzfORJGaEKm4GqxJ2nar1grAmdPWQ9zacIlzU1NW5UK5H4GRTbcheOGO
2020-09-10T14:34:01.821337514Z 906 IISeF7isIjh1eqgeFhqsAiy8Kb2zwuivhyGb1wfMs1JnbAXTTpWDBIleyvWy
2020-09-10T14:34:01.833125170Z 907 wjiS0zNA4fbbdEpxfCRTx4m5BPq5mlgkm039pwYjMEIHiszeLu89VokopeX5
2020-09-10T14:34:01.844921199Z 908 zzPlozWKmHx9GzetijE56PYwsdBUE72QMUoac5PILk5hdYFzaA0uXh0ZeD9H
2020-09-10T14:34:01.855911011Z 909 6KiMaDMFt8B8p2prUwVlEP3WCf77WQFnyZbvBfxETfidVfvIIFhIf2zcQDG9
2020-09-10T14:34:01.866660707Z 910 jF7hS8mIKmwYAduWUnHF8EYKXmSmqTQwiYNNt5azAh7iTIgQdyqmF0hFAGt7
2020-09-10T14:34:01.878148924Z 911 qVqZn5bbM6pXIsuTwjGUMOmjG5kHwsEA5kPjTY0pIIMtIzZsuThYBYbRooHO
2020-09-10T14:34:01.890090955Z 912 oAzZFEOtkE3Wt5F38SBEwNhscXQc70YtxLSdwa2vqYW8YxBc6BMIi5BZ3g3u
2020-09-10T14:34:01.901497602Z 913 eLybSRKa8nY15xLndiS5IxmEvCxfL3rDS0G67taBzOjVeFPn0lfktYgbEmOH
2020-09-10T14:34:01.912820015Z 914 39P9oFqTSWRV99AAbkFeSeYmtktYqo4R0vnh2J4Rw2crKuGyHKObXSh6hmlu
2020-09-10T14:34:01.923707225Z 915 x5XYEpXCebkuzHyxiCYIMemctOhdkweWHQ4QMNYJgN0DGh5GGblzRb0nYOud
2020-09-10T14:34:01.934867728Z 916 3aC6E9fO2z0HvEAeqi6tOZAjGc6tZISAOS3npuk156TuWsWipgldnnAZsQEB
2020-09-10T14:34:01.946260435Z 917 SscYT3lHGmgwJPSrF62EdIffR8gyJjU3Z9OZP9pkRpf6Iu3PPmDdVER3nGtk
2020-09-10T14:34:01.957781326Z 918 XWJS892CRiOtwGFnhIDHmUncvo8WXqLAkclaXkK76iq8pA7tV3hEzeIP6oFU
2020-09-10T14:34:01.968497608Z 919 KImhOCM9PnNlZazMk0pTGNX7Nqw3hV9HuiBh76MTmdZJm51tLJWJ1FV3DFtA
2020-09-10T14:34:01.979820903Z 920 XEwlhe28Z7HxHQzFxhmgd3nAyIaLAahJdWzc2upWakl0Q1X4ENf8N5ScZmKd
2020-09-10T14:34:01.990416447Z 921 aGwASaNJhvgJmlJbpBMaCRz2olcEcTatAkcpNOKi3VlwEC9dUB6atJ6MRycx
2020-09-10T14:34:02.002227058Z 922 HAmJU9fNOdyrzwCQKMFbNOwm5yEYT9IcUzG9SdJvP8dOeU7BW7OjMuPb8pbf
2020-09-10T14:34:02.013787393Z 923 2taxfxjSKzFHmxfEFAc6BdukVsnm6r3ZYFAmn7Elqx7H2pQIxweat6lhfYBS
2020-09-10T14:34:02.025278257Z 924 hafhl4KA0MRAgztk0sNzYqzBGN31yungdhOOUXFMPXhByWverlFDYJDsT5Py
2020-09-10T14:34:02.037216749Z 925 h1sdfudghfDd2tyFij1lPaucWYlrYFSETXORVGC2l48nARW0rOkAmi18jwPv
2020-09-10T14:34:02.048695397Z 926 Lq58316aLEegTBb7pCKkZ6TvH9lZy7flIT264ubAFUo0e1isaE8hpf0BtOVK
2020-09-10T14:34:02.060277038Z 927 2a1XOu3fwm6lPFHOHzhZAuDpmGQgOm6xbT58QgZ5vHbpEm4KRVthOHWwDMGZ
2020-09-10T14:34:02.071937067Z 928 zt7mRX8RYaI0K2pkwfETEL6G84U6A7aBkzxddeLF4WTzzVLIemaq96nxkKlu
2020-09-10T14:34:02.082489720Z 929 9DO5KwVDmVeOU01tieLyfx8dBqOMgPL9CAdR1w0tPah7ROkjHHLyH14W0aWx
2020-09-10T14:34:02.093908093Z 930 rTRPhUTrgBeSVM9bYMK2n1gQpcel2FqX1v7OzDYFW5fSG6KKpODHxVUytyt5
2020-09-10T14:34:02.104310611Z 931 SGffub1cL0zMG4pewaxrnahl7XAme719dzTufxfmsBYcpLWbvwKIBtQCTs19
2020-09-10T14:34:02.115871353Z 932 pUTIH5UngwuohzvQDHTFI9HcHg5D8G1W7zjdA7OH8LoHFwo9KZ3uKFuMFrxJ
2020-09-10T14:34:02.126600081Z 933 3e4DbMklV2Dy5oqLLfFbjRsQnkdhnn2LmnJtR2Ht1NRcBbYj7yOWe6hCnhez
2020-09-10T14:34:02.138067843Z 934 0GbE5SvTOcnjVB3yoZe80gOmohbdGMl4tWGiYab9qb5Iol997YJUU8Qq1cZD
2020-09-10T14:34:02.149795452Z 935 cPWCq4QH5WTPGOksiIRp4AjmgdUNmWXXoJlKufLRxZKQvY3MBqyZ4Ahl9HC6
2020-09-10T14:34:02.161180677Z 936 tTqvChZHGam59io7QWm3abMaOtA86kfiSZYfnhjM037VJIhj599mpCLQNWSv
2020-09-10T14:34:02.172894363Z 937 8JNw36s0Qco8u9JfSYzNC2yqR6ziRzdb39gCcL8fdSiKq9VA2hmPB0Gky77d
2020-09-10T14:34:02.183644449Z 938 asCjoMqw0PTptnpNKoRWOAGPMJ78GfhiFqIsMpqi1KWeziaXHMmoBJYUnGW7
2020-09-10T14:34:02.195059490Z 939 pcwV0FIFoWJAz5XtXlB96O932wN4ImxY7m3y3CS58ZLgMEWWFBONrvvonKEy
2020-09-10T14:34:02.205522788Z 940 Vwuz2Sak084cC5lZR326qsuUaCwU7aPM6kFwZZ6jzkwKoNYEOltyInufZLam
2020-09-10T14:34:02.217230915Z 941 WlfgQKBepCxg7bRo0fKuIMRdNHnMaGbwruLNxhvmtBnRxVC3QQTgQmo7LHMV
2020-09-10T14:34:02.229376087Z 942 bpddII1CMkF6qCidhCD7kLkVkz5ctC3KkRv0gAj2muWDfmT5izzfgWoCdJnk
2020-09-10T14:34:02.240927838Z 943 Iy1wytkN4c7PDcxtyc3GCLpk2dPgAGMisuNzIskjUyNOBeuiZHcCNf7b9xmc
2020-09-10T14:34:02.251958126Z 944 FfEO8x3E4Ev6IwgdJeiAxqqXzKZoHWsHGPMNSqcyf7vmJYX5fAae24fBbt6i
2020-09-10T14:34:02.262404978Z 945 NfpVLPAvGh6V9oyNGo86T3t72UEGfeCY21Lux0ecwnJf8e3MWeWjBHEyhknV
2020-09-10T14:34:02.273514662Z 946 K2bmz1q5iDPgds7bugPQ1zMjnSzRYywivKEHSsloCr3gfopP08YLSAaeZFka
2020-09-10T14:34:02.285045212Z 947 t2pvAPuda2HMtD60ZBbE0maWhkHGATUVimMcPHPvf0cqzKazfx5EtuSUfizw
2020-09-10T14:34:02.297209988Z 948 oORtv6yej88YdKJmvjgfuA4YocacS0dDfHqlgEjr3jWtC9KR4ZV0FWU6d2PV
2020-09-10T14:34:02.307893588Z 949 VfKMf9xJ4nkYL8Noee9lmkTTBiJL62IrmHrXeEXQLJkoDLdmSWpAcZ7DLwme
2020-09-10T14:34:02.319004638Z 950 UxdRLDnHHGzVh1tCgQwnNpOSLboFtMlSVrWO44o3qkxaVSXBP3hVueyrVRKU
2020-09-10T14:34:02.329828161Z 951 XQXfQKEzuH2TLiy4qs8dnDaVE7LJk1bXILudYpHu5jjEYSXH8KYkDZFuJxBj
2020-09-10T14:34:02.340568333Z 952 Mzvdt9ZZQa98eGWHhz1WdFSfIi9hEytniqelINskA2evmjsP3DCtN3MSV9kn
2020-09-10T14:34:02.352187251Z 953 6ElgyIj4haGKuEBAg60Yk6GVmO6SBBr6WJOwwgOO7IEu7S3dTeV9PCaqothL
2020-09-10T14:34:02.363279295Z 954 I83vty7w8c1ioIL0VGmrMzkXB5XFru5dAQqwHQ92YQ8NABWwp7rYuSJjGQWn
2020-09-10T14:34:02.374856711Z 955 qUDTWrul5OfFaTHQ66CPVZDPsckJ0fhM128PaKYPjlt71C4ja6OMWNW4xVqh
2020-09-10T14:34:02.385574321Z 956 MWc2C6Ed8tKVAVOF5fCTLZTD5IpGIGgLE1zEqENs0lMzu3m2P7rHPQ93QPqa
2020-09-10T14:34:02.397360712Z 957 14PHnhZ0L8FnbufaLLNMPzljNWYLmg1hXV88SlDKdZRCW8xSR8h5mHtUt7Tw
2020-09-10T14:34:02.409537721Z 958 RRRzydcbY5aNdO28XHjz8pGpSHHALBU2hxDQCdIuCO2gfA1lGvXzjonQx0Sv
2020-09-10T14:34:02.419550773Z 959 MwjChdx3CoLyBQ8M0TRUoaYTigFWa94ntZEu8PQ01kY7A3tRSlbHLP644MsY
2020-09-10T14:34:02.430954221Z 960 jU9s8KOY0MJSQENDm4UNjGsOzmxrxHrhEiIc528YXUfaPmw8MPLncDZWpmH0
2020-09-10T14:34:02.442321474Z 961 qD2n8RVu5kBKgHwHel8EXnQp6fg3MobkzTQ4HzrwwWuPTq83SCYYUXc03D8I
2020-09-10T14:34:02.453760287Z 962 PSXQVVNxPiposEfwSZE31kqLxvIcKvtZFN3jdjryh0jo0G99FfmwhuTyWfXC
2020-09-10T14:34:02.465193421Z 963 TnYfxrwEMzVJb05Y8MLtQ8MNDEVwRaThrCZUV8rO2SNWKnZNb436qZYCtv9q
2020-09-10T14:34:02.476869222Z 964 MzpvoRMl2pJ7Mh832OPoILYwLGfuqsds5bbiRI83m8T6QWrUS9mt3XxRuoeF
2020-09-10T14:34:02.487456279Z 965 tb4bCeLqMXD7M4vX4srTtqzcYTtGHaAJETa8pGlOCBkKO0fYr7TK9Sq2PKgp
2020-09-10T14:34:02.498579176Z 966 Z6nf1RDf4H0ZIOL3eiEKJjQqxsg8e3PxB7Mo7L1EpgwtmaXd7YuKZVxakDMa
2020-09-10T14:34:02.510287145Z 967 ea1YVsboqPbVmYU5Xh3cuKI60028bwG6lYmpnUmovCXHT69EIhhyQvPgKb3a
2020-09-10T14:34:02.522238868Z 968 oSJZ6wxSX3Xqy45OyNUk3wRaGSeAQUqTijP0zbH2g43utB6dJNtBlOl83VEI
2020-09-10T14:34:02.533386887Z 969 rQfMw3gsUdZHzTpUvhr080rWbowCzg3lPZH4BgB2mTKiEsc9XdG74A91bydC
2020-09-10T14:34:02.544308568Z 970 11DjxhFlpAs7cP9iaVtbVKFJnmCdYwMtuHhVkCsIsML1k0OBBUWC1vENSpgG
2020-09-10T14:34:02.555743313Z 971 aCB21LjRQsQA9tF6SQI4rEhTpN55HpBlKQR0baktVfY763zVTkwmj2o3qLfH
2020-09-10T14:34:02.567042259Z 972 ij3GLb1ufKhvQrVckHJSUgJOWW11JCrFzagtnvxYxiAiBD2FhWobaEdFY1pX
2020-09-10T14:34:02.577553650Z 973 2p9xTChWE8iWyVnEZmncKWwxfE7SXsuu0OZgT1xMwmz3vrrDdIcVSci1ReIy
2020-09-10T14:34:02.589342944Z 974 Q16r8In3ufzW6cxESSbFq9cEcPcJ6sKr2XUfV5IMTSIsgFh2iKnwGa4pzhPp
2020-09-10T14:34:02.600499347Z 975 rXTwHuotREn9mH1zeNNj3uBzkEmsBhq1bOs5M2juYeGZ7VoMyEloKCC2jerY
2020-09-10T14:34:02.612132402Z 976 cCG8WRpuEyxONHgrI3B6J4AeKIk1Rx7xxAApgVm1jidVDbSdBCuqvUQtA12a
2020-09-10T14:34:02.622508240Z 977 upYA6z299tjNgzygQ7rGMTHAcCRlra0RGlzhIRZ2fNZ6kXHamtMPqJm6Af2X
2020-09-10T14:34:02.634047899Z 978 tZCZ2Ik0Bh3jmG3WV1LTlfEhUM5MaAYLqBs9baiSfHGOI1W7nBP7xtWwt58o
2020-09-10T14:34:02.644619875Z 979 1Bnjq1PiktJIXcMw3kJvkZeWB9Cv4MBz4CEJc71zdFXzXMLtg4Cbf7RQVlh3
2020-09-10T14:34:02.656224863Z 980 KY3wDSyivOyDntcb8ZugMOsuBW7TrNGNq6YsNRUMj438Omuu0ueVQvMbwcSn
2020-09-10T14:34:02.668035137Z 981 ofoEbogKcX8wXw16CKgqB2xGGjmpcBXf71GTfFNC8e7JSgMZb0qGZHd4EDcC
2020-09-10T14:34:02.678695682Z 982 bWjiwynqRNtawhl8UxpK4fHUmgmRcbAPLwDy08YL5k9qdgv9K5JEvZTqhbOU
2020-09-10T14:34:02.689354644Z 983 5fJ3VxCjP3DWmI7hiLNxcLHOsNXMUbGmlhYHvozc47q0ClsFgBrRxruzq0wB
2020-09-10T14:34:02.701140131Z 984 Xd3CqT0qVozS6C3dEuLeQAIFlyE50Hw8XsirDjBUk7SPegv9dT0QbUETIB29
2020-09-10T14:34:02.713026850Z 985 f1IaBuR9vgBt34HEw4gz7MgORm9O2AiLF0E1rb8U4lftAZiTqAtBj9iPRDgw
2020-09-10T14:34:02.724068674Z 986 dpit7Pd16kK5TPFURhoetQDe0D8BkX5rISUSAljbo38J6UV8QoJasm9oQjcY
2020-09-10T14:34:02.735405417Z 987 oSQmVWw1z2FI47h6AjJfoCGwR6A1e6EwpZ4snUCjamSrj6XAyoVQRkZ9NjNs
2020-09-10T14:34:02.746833207Z 988 OUjfl0ZwP6bZOvt92sO4tvrVCMOxyBTFihVzPBpyxLJ9ta6YVgLZ32OVbfjn
2020-09-10T14:34:02.757410193Z 989 rEEC9A1RyGArbP43L6R1dfiwWqxDpAJZw5SbvBirU5LlIBimRsQh9SwoViNw
2020-09-10T14:34:02.768256773Z 990 QxRvPqHyaL00jEA5RFUqwXZZrM0sLNoL3n8Y5zcZvHqD4AaAqYZjnxt6STEW
2020-09-10T14:34:02.779943576Z 991 zGiJG1CC0hJQjqP761M6hVaNKVZc8roL07jOraFSArUzkfPY0j2JbjXNoxuU
2020-09-10T14:34:02.791086886Z 992 tMMZ8qU3KJrLTaqXJB4m5Fq7d9x5lpCkNBwBARFJglpgUweVduSkIkBkbSG3
2020-09-10T14:34:02.801752077Z 993 w5XTqvepc7Bz8l2eZjWwe5IA3Aasl2Pg9w5d5OL6hO03wd1siIhWk6pAwyjS
2020-09-10T14:34:02.812988235Z 994 0rhvk6uRt5rkO15BJLtIZpfbYfUofRbSK1EpUDPCXsmYBDyfIIp89LA5gwp5
2020-09-10T14:34:02.823880685Z 995 kATNO3osabdidyxkBu0bI0VEpHQVMhU9rUXnVAdVMvFWOZOA705hEpEeQkwp
2020-09-10T14:34:02.835004061Z 996 IxHD7qeOweXxfV4d4OSZZfMcL9vajpMXX4fMzCswJcuycA4qOzsX0JFMCjyy
2020-09-10T14:34:02.845766400Z 997 f3YZnXbf1Fcnj5AJ6Ct9bT2VtMEI0bkmumFY5zvHw89gZuCB9GfzWwhUngLB
2020-09-10T14:34:02.856439534Z 998 oR6dMXYJ7SyLMzXEDSxHMKQ3hkqzmzDVcV7aV8YPLnScrlMdNspeS1Q2mSXD
2020-09-10T14:34:02.867923775Z 999 RinrVcRo7WIo9yyIOwiPXJBtTVZYxr2XgqrrK6sXzq9j2ANhp9kRhxleufaG
