2020-09-14T21:30:51.804975590Z  running: (['/opt/scylladb/scripts/scylla_dev_mode_setup', '--developer-mode', '1'],)
2020-09-14T21:30:52.307626715Z  running: (['/opt/scylladb/scripts/scylla_io_setup'],)
2020-09-14T21:30:52.693174453Z  2020-09-14 21:30:52,692 CRIT Supervisor is running as root.  Privileges were not dropped because no user is specified in the config file.  If you intend to run as root, you can set user=root in the config file to avoid this message.
2020-09-14T21:30:52.693205744Z  2020-09-14 21:30:52,693 INFO Included extra file "/etc/supervisord.conf.d/node-exporter.conf" during parsing
2020-09-14T21:30:52.693499995Z  2020-09-14 21:30:52,693 INFO Included extra file "/etc/supervisord.conf.d/rsyslog.conf" during parsing
2020-09-14T21:30:52.693657196Z  2020-09-14 21:30:52,693 INFO Included extra file "/etc/supervisord.conf.d/scylla-housekeeping.conf" during parsing
2020-09-14T21:30:52.693901359Z  2020-09-14 21:30:52,693 INFO Included extra file "/etc/supervisord.conf.d/scylla-jmx.conf" during parsing
2020-09-14T21:30:52.694102613Z  2020-09-14 21:30:52,693 INFO Included extra file "/etc/supervisord.conf.d/scylla-server.conf" during parsing
2020-09-14T21:30:52.694309659Z  2020-09-14 21:30:52,694 INFO Included extra file "/etc/supervisord.conf.d/sshd-server.conf" during parsing
2020-09-14T21:30:52.731551727Z  2020-09-14 21:30:52,731 INFO RPC interface 'supervisor' initialized
2020-09-14T21:30:52.731909244Z  2020-09-14 21:30:52,731 CRIT Server 'inet_http_server' running without any HTTP authentication checking
2020-09-14T21:30:52.732194599Z  2020-09-14 21:30:52,731 INFO supervisord started with pid 25
2020-09-14T21:30:53.737389503Z  2020-09-14 21:30:53,736 INFO spawned: 'scylla' with pid 28
2020-09-14T21:30:53.741088199Z  2020-09-14 21:30:53,740 INFO spawned: 'scylla-housekeeping' with pid 29
2020-09-14T21:30:53.744668499Z  2020-09-14 21:30:53,744 INFO spawned: 'sshd' with pid 30
2020-09-14T21:30:53.750883995Z  2020-09-14 21:30:53,747 INFO spawned: 'scylla-jmx' with pid 31
2020-09-14T21:30:53.751953833Z  2020-09-14 21:30:53,751 INFO spawned: 'rsyslog' with pid 32
2020-09-14T21:30:53.756293565Z  2020-09-14 21:30:53,755 INFO spawned: 'node-exporter' with pid 34
2020-09-14T21:30:53.780783243Z  time="2020-09-14T21:30:53Z" level=info msg="Starting node_exporter (version=0.17.0, branch=HEAD, revision=f6f6194a436b9a63d0439abc585c76b19a206b21)" source="node_exporter.go:82"
2020-09-14T21:30:53.781188980Z  time="2020-09-14T21:30:53Z" level=info msg="Build context (go=go1.11.2, user=root@322511e06ced, date=20181130-15:51:33)" source="node_exporter.go:83"
2020-09-14T21:30:53.781461507Z  Generating public/private ed25519 key pair.
2020-09-14T21:30:53.781480454Z  Your identification has been saved in /etc/ssh/ssh_host_ed25519_key.
2020-09-14T21:30:53.781490395Z  Your public key has been saved in /etc/ssh/ssh_host_ed25519_key.pub.
2020-09-14T21:30:53.781499795Z  The key fingerprint is:
2020-09-14T21:30:53.781508846Z  SHA256:qK7DNIllrNa3oInDbo2R+M0VJSRhtdahZUQqblRbJZo root@0dd8df47486a
2020-09-14T21:30:53.781517976Z  The key's randomart image is:
2020-09-14T21:30:53.781537467Z  +--[ED25519 256]--+
2020-09-14T21:30:53.781547867Z  |    +++oO..      |
2020-09-14T21:30:53.781556858Z  |   . o.%.o       |
2020-09-14T21:30:53.781565595Z  | .  o Eo.        |
2020-09-14T21:30:53.781574498Z  |  +o o..         |
2020-09-14T21:30:53.781583627Z  |.=o.o ..S        |
2020-09-14T21:30:53.781592569Z  |++++ o.          |
2020-09-14T21:30:53.781601520Z  |++*++..          |
2020-09-14T21:30:53.781610412Z  |o*+oo.           |
2020-09-14T21:30:53.781619227Z  |oo.o.            |
2020-09-14T21:30:53.781628180Z  +----[SHA256]-----+
2020-09-14T21:30:53.782505675Z  time="2020-09-14T21:30:53Z" level=info msg="Enabled collectors:" source="node_exporter.go:90"
2020-09-14T21:30:53.782527041Z  time="2020-09-14T21:30:53Z" level=info msg=" - arp" source="node_exporter.go:97"
2020-09-14T21:30:53.782538052Z  time="2020-09-14T21:30:53Z" level=info msg=" - bcache" source="node_exporter.go:97"
2020-09-14T21:30:53.782548521Z  time="2020-09-14T21:30:53Z" level=info msg=" - bonding" source="node_exporter.go:97"
2020-09-14T21:30:53.782947122Z  time="2020-09-14T21:30:53Z" level=info msg=" - conntrack" source="node_exporter.go:97"
2020-09-14T21:30:53.782967228Z  time="2020-09-14T21:30:53Z" level=info msg=" - cpu" source="node_exporter.go:97"
2020-09-14T21:30:53.782977275Z  time="2020-09-14T21:30:53Z" level=info msg=" - diskstats" source="node_exporter.go:97"
2020-09-14T21:30:53.782986564Z  time="2020-09-14T21:30:53Z" level=info msg=" - edac" source="node_exporter.go:97"
2020-09-14T21:30:53.782995757Z  time="2020-09-14T21:30:53Z" level=info msg=" - entropy" source="node_exporter.go:97"
2020-09-14T21:30:53.783005026Z  time="2020-09-14T21:30:53Z" level=info msg=" - filefd" source="node_exporter.go:97"
2020-09-14T21:30:53.783014140Z  time="2020-09-14T21:30:53Z" level=info msg=" - filesystem" source="node_exporter.go:97"
2020-09-14T21:30:53.783023351Z  time="2020-09-14T21:30:53Z" level=info msg=" - hwmon" source="node_exporter.go:97"
2020-09-14T21:30:53.783032455Z  time="2020-09-14T21:30:53Z" level=info msg=" - infiniband" source="node_exporter.go:97"
2020-09-14T21:30:53.783041639Z  time="2020-09-14T21:30:53Z" level=info msg=" - interrupts" source="node_exporter.go:97"
2020-09-14T21:30:53.783050940Z  time="2020-09-14T21:30:53Z" level=info msg=" - ipvs" source="node_exporter.go:97"
2020-09-14T21:30:53.783060191Z  time="2020-09-14T21:30:53Z" level=info msg=" - loadavg" source="node_exporter.go:97"
2020-09-14T21:30:53.783069324Z  time="2020-09-14T21:30:53Z" level=info msg=" - mdadm" source="node_exporter.go:97"
2020-09-14T21:30:53.783078481Z  time="2020-09-14T21:30:53Z" level=info msg=" - meminfo" source="node_exporter.go:97"
2020-09-14T21:30:53.783087607Z  time="2020-09-14T21:30:53Z" level=info msg=" - netclass" source="node_exporter.go:97"
2020-09-14T21:30:53.783096930Z  time="2020-09-14T21:30:53Z" level=info msg=" - netdev" source="node_exporter.go:97"
2020-09-14T21:30:53.783312735Z  time="2020-09-14T21:30:53Z" level=info msg=" - netstat" source="node_exporter.go:97"
2020-09-14T21:30:53.783332114Z  time="2020-09-14T21:30:53Z" level=info msg=" - nfs" source="node_exporter.go:97"
2020-09-14T21:30:53.783342159Z  time="2020-09-14T21:30:53Z" level=info msg=" - nfsd" source="node_exporter.go:97"
2020-09-14T21:30:53.783351735Z  time="2020-09-14T21:30:53Z" level=info msg=" - sockstat" source="node_exporter.go:97"
2020-09-14T21:30:53.783361149Z  time="2020-09-14T21:30:53Z" level=info msg=" - stat" source="node_exporter.go:97"
2020-09-14T21:30:53.783370460Z  time="2020-09-14T21:30:53Z" level=info msg=" - textfile" source="node_exporter.go:97"
2020-09-14T21:30:53.783688302Z  time="2020-09-14T21:30:53Z" level=info msg=" - time" source="node_exporter.go:97"
2020-09-14T21:30:53.783706721Z  time="2020-09-14T21:30:53Z" level=info msg=" - timex" source="node_exporter.go:97"
2020-09-14T21:30:53.783716615Z  time="2020-09-14T21:30:53Z" level=info msg=" - uname" source="node_exporter.go:97"
2020-09-14T21:30:53.783726169Z  time="2020-09-14T21:30:53Z" level=info msg=" - vmstat" source="node_exporter.go:97"
2020-09-14T21:30:53.783735764Z  time="2020-09-14T21:30:53Z" level=info msg=" - xfs" source="node_exporter.go:97"
2020-09-14T21:30:53.783745107Z  time="2020-09-14T21:30:53Z" level=info msg=" - zfs" source="node_exporter.go:97"
2020-09-14T21:30:53.783754569Z  time="2020-09-14T21:30:53Z" level=info msg="Listening on :9100" source="node_exporter.go:111"
2020-09-14T21:30:54.097011823Z  Scylla version 4.1.6-0.20200831.6d9ff622df with build-id c2ed04d00095c63b7456b5fcda6775c5a9f33b0b starting ...
2020-09-14T21:30:54.097038908Z  command used: "/usr/bin/scylla --log-to-syslog 0 --log-to-stdout 1 --default-log-level info --network-stack posix --developer-mode=1 --overprovisioned --listen-address 10.0.20.12 --rpc-address 10.0.20.12 --seed-provider-parameters seeds=10.0.20.12 --blocked-reactor-notify-ms 999999999"
2020-09-14T21:30:54.097050408Z  parsed command line options: [log-to-syslog: 0, log-to-stdout: 1, default-log-level: info, network-stack: posix, developer-mode: 1, overprovisioned, listen-address: 10.0.20.12, rpc-address: 10.0.20.12, seed-provider-parameters: seeds=10.0.20.12, blocked-reactor-notify-ms: 999999999]
2020-09-14T21:30:54.135798671Z  WARN  2020-09-14 21:30:54,134 [shard 0] seastar - Unable to set SCHED_FIFO scheduling policy for timer thread; latency impact possible. Try adding CAP_SYS_NICE
2020-09-14T21:30:54.164190579Z  INFO  2020-09-14 21:30:54,163 [shard 0] init - installing SIGHUP handler
2020-09-14T21:30:54.171739905Z  INFO  2020-09-14 21:30:54,171 [shard 0] init - Scylla version 4.1.6-0.20200831.6d9ff622df with build-id c2ed04d00095c63b7456b5fcda6775c5a9f33b0b starting ...
2020-09-14T21:30:54.171761348Z  
2020-09-14T21:30:54.173303773Z  INFO  2020-09-14 21:30:54,173 [shard 0] init - starting prometheus API server
2020-09-14T21:30:54.176482071Z  INFO  2020-09-14 21:30:54,176 [shard 0] init - starting tokens manager
2020-09-14T21:30:54.177192523Z  INFO  2020-09-14 21:30:54,176 [shard 0] init - starting migration manager notifier
2020-09-14T21:30:54.178080590Z  INFO  2020-09-14 21:30:54,177 [shard 0] init - creating tracing
2020-09-14T21:30:54.179062145Z  INFO  2020-09-14 21:30:54,178 [shard 0] init - creating snitch
2020-09-14T21:30:54.180066709Z  INFO  2020-09-14 21:30:54,179 [shard 0] init - determining DNS name
2020-09-14T21:30:54.180085595Z  INFO  2020-09-14 21:30:54,179 [shard 0] init - starting API server
2020-09-14T21:30:54.181893822Z  INFO  2020-09-14 21:30:54,181 [shard 0] init - Scylla API server listening on 127.0.0.1:10000 ...
2020-09-14T21:30:54.183204382Z  INFO  2020-09-14 21:30:54,182 [shard 0] init - initializing storage service
2020-09-14T21:30:54.186027802Z  INFO  2020-09-14 21:30:54,184 [shard 0] init - starting per-shard database core
2020-09-14T21:30:54.202636357Z  WARN  2020-09-14 21:30:54,202 [shard 0] init - I/O Scheduler is not properly configured! This is a non-supported setup, and performance is expected to be unpredictably bad.
2020-09-14T21:30:54.202658244Z   Reason found: none of --max-io-requests, --io-properties and --io-properties-file are set.
2020-09-14T21:30:54.202667895Z  To properly configure the I/O Scheduler, run the scylla_io_setup utility shipped with Scylla.
2020-09-14T21:30:54.202677179Z  
2020-09-14T21:30:54.203764759Z  INFO  2020-09-14 21:30:54,203 [shard 0] init - creating and verifying directories
2020-09-14T21:30:54.381286577Z  Connecting to http://localhost:10000
2020-09-14T21:30:54.381311063Z  Starting the JMX server
2020-09-14T21:30:54.915163456Z  JMX is enabled to receive remote connections on port: 7199
2020-09-14T21:30:54.915514665Z  2020-09-14 21:30:54,915 INFO success: scylla entered RUNNING state, process has stayed up for > than 1 seconds (startsecs)
2020-09-14T21:30:54.915797009Z  2020-09-14 21:30:54,915 INFO success: scylla-housekeeping entered RUNNING state, process has stayed up for > than 1 seconds (startsecs)
2020-09-14T21:30:54.916068119Z  2020-09-14 21:30:54,915 INFO success: sshd entered RUNNING state, process has stayed up for > than 1 seconds (startsecs)
2020-09-14T21:30:54.916347208Z  2020-09-14 21:30:54,916 INFO success: scylla-jmx entered RUNNING state, process has stayed up for > than 1 seconds (startsecs)
2020-09-14T21:30:54.916614594Z  2020-09-14 21:30:54,916 INFO success: rsyslog entered RUNNING state, process has stayed up for > than 1 seconds (startsecs)
2020-09-14T21:30:54.916880321Z  2020-09-14 21:30:54,916 INFO success: node-exporter entered RUNNING state, process has stayed up for > than 1 seconds (startsecs)
2020-09-14T21:30:55.219019608Z  INFO  2020-09-14 21:30:55,218 [shard 0] database - Populating Keyspace system_schema
2020-09-14T21:30:55.219048942Z  INFO  2020-09-14 21:30:55,218 [shard 0] database - Keyspace system_schema: Reading CF computed_columns id=cc7c7069-3740-33c1-92a4-c3de78dbd2c4 version=2b8c4439-de76-31e0-807f-3b7290a975d7
2020-09-14T21:30:55.219059828Z  INFO  2020-09-14 21:30:55,218 [shard 0] database - Keyspace system_schema: Reading CF view_virtual_columns id=08843b63-45dc-3be2-9798-a0418295cfaa version=c777531c-15f7-326f-8ebe-39fd0265c8c9
2020-09-14T21:30:55.219080969Z  INFO  2020-09-14 21:30:55,218 [shard 0] database - Keyspace system_schema: Reading CF dropped_columns id=5e7583b5-f3f4-3af1-9a39-b7e1d6f5f11f version=7426bc6c-4c2f-3200-8ad8-4329610ed59a
2020-09-14T21:30:55.219091634Z  INFO  2020-09-14 21:30:55,218 [shard 0] database - Keyspace system_schema: Reading CF indexes id=0feb57ac-311f-382f-ba6d-9024d305702f version=99c40462-8687-304e-abe3-2bdbef1f25aa
2020-09-14T21:30:55.219101246Z  INFO  2020-09-14 21:30:55,218 [shard 0] database - Keyspace system_schema: Reading CF functions id=96489b79-80be-3e14-a701-66a0b9159450 version=329ed804-55b3-3eee-ad61-d85317b96097
2020-09-14T21:30:55.219110723Z  INFO  2020-09-14 21:30:55,218 [shard 0] database - Keyspace system_schema: Reading CF columns id=24101c25-a2ae-3af7-87c1-b40ee1aca33f version=d33236d4-9bdd-3c09-abf0-a0bc5edc2526
2020-09-14T21:30:55.219119999Z  INFO  2020-09-14 21:30:55,218 [shard 0] database - Keyspace system_schema: Reading CF scylla_tables id=5d912ff1-f759-3665-b2c8-8042ab5103dd version=38e5e56b-155d-39b5-a0d2-8e5dcad42a26
2020-09-14T21:30:55.219129386Z  INFO  2020-09-14 21:30:55,218 [shard 0] database - Keyspace system_schema: Reading CF tables id=afddfb9d-bc1e-3068-8056-eed6c302ba09 version=b6240810-eeb7-36d5-9411-43b2d68dddab
2020-09-14T21:30:55.219138868Z  INFO  2020-09-14 21:30:55,218 [shard 0] database - Keyspace system_schema: Reading CF keyspaces id=abac5682-dea6-31c5-b535-b3d6cffd0fb6 version=e79ca8ba-6556-3f7d-925a-7f20cf57938c
2020-09-14T21:30:55.219148426Z  INFO  2020-09-14 21:30:55,218 [shard 0] database - Keyspace system_schema: Reading CF triggers id=4df70b66-6b05-3251-95a1-32b54005fd48 version=582d7071-1ef0-37c8-adc6-471a13636139
2020-09-14T21:30:55.219159420Z  INFO  2020-09-14 21:30:55,218 [shard 0] database - Keyspace system_schema: Reading CF views id=9786ac1c-dd58-3201-a7cd-ad556410c985 version=5b58bb47-96e7-3f57-accf-0bfca4dbbc6e
2020-09-14T21:30:55.219169534Z  INFO  2020-09-14 21:30:55,218 [shard 0] database - Keyspace system_schema: Reading CF types id=5a8b1ca8-6602-3f77-a045-9273d308917a version=de51b2ce-5e4d-3b7d-a75f-2204332ce8d1
2020-09-14T21:30:55.219179040Z  INFO  2020-09-14 21:30:55,218 [shard 0] database - Keyspace system_schema: Reading CF aggregates id=924c5587-2e3a-345b-b10c-12f37c1ba895 version=4b53e92c-0368-3d5c-b959-2ec1bfd1a59f
2020-09-14T21:30:56.075667451Z  Generating public/private rsa key pair.
2020-09-14T21:30:56.075723841Z  Your identification has been saved in /etc/ssh/ssh_host_rsa_key.
2020-09-14T21:30:56.075735203Z  Your public key has been saved in /etc/ssh/ssh_host_rsa_key.pub.
2020-09-14T21:30:56.075744773Z  The key fingerprint is:
2020-09-14T21:30:56.075754009Z  SHA256:JTFwKYPLOPZ1kmaBItb089O9vM4BKY2kG0CGQesK2Wo root@0dd8df47486a
2020-09-14T21:30:56.075763238Z  The key's randomart image is:
2020-09-14T21:30:56.075779401Z  +---[RSA 4096]----+
2020-09-14T21:30:56.075788442Z  |.o=+ o..+.       |
2020-09-14T21:30:56.075797382Z  |.o=.+ +..o       |
2020-09-14T21:30:56.075806675Z  |.o = + *. .      |
2020-09-14T21:30:56.075815556Z  |.o+ + @ =oo      |
2020-09-14T21:30:56.075824352Z  |oo.o * BS= .     |
2020-09-14T21:30:56.075833331Z  |o.  . o o o .    |
2020-09-14T21:30:56.075853762Z  |oE   .     +     |
2020-09-14T21:30:56.075864055Z  |.         . o    |
2020-09-14T21:30:56.075872866Z  |          .+     |
2020-09-14T21:30:56.075881693Z  +----[SHA256]-----+
2020-09-14T21:30:56.088739559Z  Could not load host key: /etc/ssh/ssh_host_ecdsa_key
2020-09-14T21:30:59.407313135Z  Traceback (most recent call last):
2020-09-14T21:30:59.407357991Z    File "/opt/scylladb/scripts/libexec/scylla-housekeeping", line 208, in <module>
2020-09-14T21:30:59.407375322Z      args.func(args)
2020-09-14T21:30:59.407389159Z    File "/opt/scylladb/scripts/libexec/scylla-housekeeping", line 134, in check_version
2020-09-14T21:30:59.407407736Z      current_version = sanitize_version(get_api('/storage_service/scylla_release_version'))
2020-09-14T21:30:59.407421864Z    File "/opt/scylladb/scripts/libexec/scylla-housekeeping", line 93, in get_api
2020-09-14T21:30:59.407435555Z      return get_json_from_url("http://" + api_address + path)
2020-09-14T21:30:59.407449233Z    File "/opt/scylladb/scripts/libexec/scylla-housekeeping", line 88, in get_json_from_url
2020-09-14T21:30:59.407463254Z      raise RuntimeError(f'Failed to get "{path}" due to the following error: {retval}')
2020-09-14T21:30:59.407477230Z  RuntimeError: Failed to get "http://localhost:10000/storage_service/scylla_release_version" due to the following error: HTTP Error 404: Not Found
2020-09-14T21:30:59.856988589Z  INFO  2020-09-14 21:30:59,856 [shard 0] database - Populating Keyspace system
2020-09-14T21:30:59.857028746Z  INFO  2020-09-14 21:30:59,856 [shard 0] database - Keyspace system: Reading CF schema_aggregates id=a5fc57fc-9d6c-3bfd-a3fc-01ad54686fea version=d06c934f-9a69-374c-86f1-523ab26fb05c
2020-09-14T21:30:59.857040871Z  INFO  2020-09-14 21:30:59,856 [shard 0] database - Keyspace system: Reading CF schema_triggers id=0359bc71-7123-3ee1-9a4a-b9dfb11fc125 version=75e4ec4c-76da-3f59-984e-66810ba0c62b
2020-09-14T21:30:59.857051240Z  INFO  2020-09-14 21:30:59,856 [shard 0] database - Keyspace system: Reading CF compaction_history id=b4dbb7b4-dc49-3fb5-b3bf-ce6e434832ca version=25cae56a-8d75-39f3-a146-3756ab4981c7
2020-09-14T21:30:59.857552405Z  INFO  2020-09-14 21:30:59,856 [shard 0] database - Keyspace system: Reading CF compactions_in_progress id=55080ab0-5d9c-3886-90a4-acb25fe1f77b version=540263f1-40db-3869-8a38-3baadedc222d
2020-09-14T21:30:59.857578432Z  INFO  2020-09-14 21:30:59,856 [shard 0] database - Keyspace system: Reading CF range_xfers id=55d76438-4e55-3f8b-9f6e-676d4af3976d version=dd15a078-409b-350d-9bef-c5f3520832d8
2020-09-14T21:30:59.857590132Z  INFO  2020-09-14 21:30:59,856 [shard 0] database - Keyspace system: Reading CF scylla_views_builds_in_progress id=a04c7bfd-1e13-36c9-a44d-f22da352281d version=e3fb736c-6956-3990-a31d-9a482279e3fc
2020-09-14T21:30:59.857600690Z  INFO  2020-09-14 21:30:59,856 [shard 0] database - Keyspace system: Reading CF IndexInfo id=9f5c6374-d485-3229-9a0a-5094af9ad1e3 version=bbb3743b-351f-3023-b4fc-09a9be37d529
2020-09-14T21:30:59.857610777Z  INFO  2020-09-14 21:30:59,856 [shard 0] database - Keyspace system: Reading CF cdc_local id=0bcaffd4-0c83-3ead-ad13-dc1d5015b77c version=0aa4d3a2-ed95-3ecd-aba0-cd75622ad290
2020-09-14T21:30:59.857638188Z  INFO  2020-09-14 21:30:59,856 [shard 0] database - Keyspace system: Reading CF schema_columnfamilies id=45f5b360-24bc-3f83-a363-1034ea4fa697 version=7f7a5fea-07b7-304d-a6f8-f7aec72cabdb
2020-09-14T21:30:59.857649691Z  INFO  2020-09-14 21:30:59,856 [shard 0] database - Keyspace system: Reading CF batchlog id=0290003c-977e-397c-ac3e-fdfdc01d626b version=e2a2e804-49e4-3597-9f16-39fd9475835c
2020-09-14T21:30:59.857659735Z  INFO  2020-09-14 21:30:59,856 [shard 0] database - Keyspace system: Reading CF schema_functions id=d1b675fe-2b50-3ca4-8e49-c0f81989dcad version=a50959dd-2be0-3e4e-8bb5-cf40796e256a
2020-09-14T21:30:59.857669690Z  INFO  2020-09-14 21:30:59,856 [shard 0] database - Keyspace system: Reading CF peer_events id=59dfeaea-8db2-3341-91ef-109974d81484 version=7f874a05-72b8-3c21-9acb-baa164fc351a
2020-09-14T21:30:59.857679535Z  INFO  2020-09-14 21:30:59,856 [shard 0] database - Keyspace system: Reading CF local id=7ad54392-bcdd-35a6-8417-4e047860b377 version=7fa82c2e-5b67-37dd-8e5e-2079e18f1536
2020-09-14T21:30:59.857690103Z  INFO  2020-09-14 21:30:59,856 [shard 0] database - Keyspace system: Reading CF clients id=ca0f635d-8630-3609-8d93-a1fc06f2a5e5 version=51273ebf-e6f9-3cd5-b455-ea09ad29796f
2020-09-14T21:30:59.857701961Z  INFO  2020-09-14 21:30:59,856 [shard 0] database - Keyspace system: Reading CF size_estimates id=618f817b-005f-3678-b8a4-53f3930b8e86 version=6d4dbcff-f05b-3dc3-95ad-f79f7b10504d
2020-09-14T21:30:59.857712710Z  INFO  2020-09-14 21:30:59,856 [shard 0] database - Keyspace system: Reading CF large_partitions id=8a7fe624-96b0-34b1-b90e-f71bddcdd2d3 version=04fa9920-9369-3a96-be39-6dd9fdc816b6
2020-09-14T21:30:59.857722895Z  INFO  2020-09-14 21:30:59,857 [shard 0] database - Keyspace system: Reading CF schema_columns id=296e9c04-9bec-3085-827d-c17d3df2122a version=53cfbb66-ee0d-37be-97bb-b2afb3746f85
2020-09-14T21:30:59.857732740Z  INFO  2020-09-14 21:30:59,857 [shard 0] database - Keyspace system: Reading CF built_views id=4b3c50a9-ea87-3d76-9101-6dbc9c38494a version=a28aa0b3-6def-30a7-9fbe-ce78b3f3c9b9
2020-09-14T21:30:59.857750059Z  INFO  2020-09-14 21:30:59,857 [shard 0] database - Keyspace system: Reading CF peers id=37f71aca-7dc2-383b-a706-72528af04d4f version=f6f6871f-8c86-3eca-ac0b-2a2e848e395d
2020-09-14T21:30:59.857759841Z  INFO  2020-09-14 21:30:59,857 [shard 0] database - Keyspace system: Reading CF hints id=2666e205-73ef-38b3-90fe-fecf96e8f0c7 version=0b74fdd1-e96d-309e-a14e-a5bcd7ac885d
2020-09-14T21:30:59.857769722Z  INFO  2020-09-14 21:30:59,857 [shard 0] database - Keyspace system: Reading CF large_rows id=40550f66-0858-39a0-9430-f27fc08034e9 version=aee3acb0-7926-317b-848e-db7bc3721695
2020-09-14T21:30:59.857808681Z  INFO  2020-09-14 21:30:59,857 [shard 0] database - Keyspace system: Reading CF large_cells id=ead8bbc5-f146-3ae1-9f71-0b11f9a1d296 version=0d4a6937-a781-3f87-a192-b4e4a4a40acf
2020-09-14T21:30:59.857832061Z  INFO  2020-09-14 21:30:59,857 [shard 0] database - Keyspace system: Reading CF scylla_local id=2972ec7f-fb20-38dd-aac1-d876f2e3fcbd version=5f0b407d-eedf-3845-a48e-dbb9673d10e1
2020-09-14T21:30:59.857841569Z  INFO  2020-09-14 21:30:59,857 [shard 0] database - Keyspace system: Reading CF views_builds_in_progress id=b7f2c108-78cd-3c80-9cd5-d609b2bd149c version=b905cce5-1474-3085-819a-7592453e2fb9
2020-09-14T21:30:59.857850992Z  INFO  2020-09-14 21:30:59,857 [shard 0] database - Keyspace system: Reading CF schema_usertypes id=3aa75225-4f82-350b-8d5c-430fa221fa0a version=3c53e6bb-56d5-3618-a0b2-4ff5f18127d7
2020-09-14T21:30:59.857868972Z  INFO  2020-09-14 21:30:59,857 [shard 0] database - Keyspace system: Reading CF sstable_activity id=5a1ff267-ace0-3f12-8563-cfae6103c65e version=bdec57a3-b234-334b-be9c-7b1f33113995
2020-09-14T21:30:59.857880157Z  INFO  2020-09-14 21:30:59,857 [shard 0] database - Keyspace system: Reading CF truncated id=38c19fd0-fb86-3310-a4b7-0d0cc66628aa version=6da9a85c-7ae0-3917-aead-54a2f65a57a8
2020-09-14T21:30:59.857889721Z  INFO  2020-09-14 21:30:59,857 [shard 0] database - Keyspace system: Reading CF paxos id=b7b7f0c2-fd0a-3410-8c05-3ef614bb7c2d version=6dd372de-72fb-3e1b-9b8c-f97738a67fe9
2020-09-14T21:30:59.857899194Z  INFO  2020-09-14 21:30:59,857 [shard 0] database - Keyspace system: Reading CF schema_keyspaces id=b0f22357-4458-3cdb-9631-c43e59ce3676 version=84d28cef-59f9-34a9-9be5-31c684997f03
2020-09-14T21:31:11.947163571Z  INFO  2020-09-14 21:31:11,946 [shard 0] init - starting gossip
2020-09-14T21:31:11.947204819Z  WARN  2020-09-14 21:31:11,946 [shard 0] init - Using default cluster name is not recommended. Using a unique cluster name will reduce the chance of adding nodes to the wrong cluster by mistake
2020-09-14T21:31:11.947648725Z  INFO  2020-09-14 21:31:11,947 [shard 0] init - starting storage proxy
2020-09-14T21:31:11.962497338Z  INFO  2020-09-14 21:31:11,962 [shard 0] init - creating hints manager
2020-09-14T21:31:11.963109390Z  INFO  2020-09-14 21:31:11,962 [shard 3] init - creating hints manager
2020-09-14T21:31:11.963137338Z  INFO  2020-09-14 21:31:11,962 [shard 1] init - creating hints manager
2020-09-14T21:31:11.963773093Z  INFO  2020-09-14 21:31:11,963 [shard 2] init - creating hints manager
2020-09-14T21:31:11.964232056Z  INFO  2020-09-14 21:31:11,963 [shard 0] init - starting migration manager
2020-09-14T21:31:11.964732838Z  INFO  2020-09-14 21:31:11,964 [shard 0] init - starting query processor
2020-09-14T21:31:11.965814038Z  INFO  2020-09-14 21:31:11,965 [shard 0] init - initializing batchlog manager
2020-09-14T21:31:11.974180921Z  INFO  2020-09-14 21:31:11,971 [shard 0] legacy_schema_migrator - Moving 0 keyspaces from legacy schema tables to the new schema keyspace (system_schema)
2020-09-14T21:31:11.974214849Z  INFO  2020-09-14 21:31:11,971 [shard 0] legacy_schema_migrator - Dropping legacy schema tables
2020-09-14T21:31:25.709039898Z  INFO  2020-09-14 21:31:25,708 [shard 0] legacy_schema_migrator - Completed migration of legacy schema tables
2020-09-14T21:31:25.711509297Z  INFO  2020-09-14 21:31:25,710 [shard 0] init - loading system sstables
2020-09-14T21:31:41.065453156Z  INFO  2020-09-14 21:31:41,064 [shard 0] init - loading non-system sstables
2020-09-14T21:31:48.215925638Z  INFO  2020-09-14 21:31:48,215 [shard 0] database - Populating Keyspace dt
2020-09-14T21:31:48.215967842Z  INFO  2020-09-14 21:31:48,215 [shard 0] database - Keyspace dt: Reading CF source_element_idx_index id=68593f10-d77b-11ea-9877-000000000001 version=33e3f927-f730-3081-88e1-6bed2962e42a
2020-09-14T21:31:48.215980248Z  INFO  2020-09-14 21:31:48,215 [shard 0] database - Keyspace dt: Reading CF element_twin_idx_index id=630ae8b0-d77b-11ea-9877-000000000001 version=bc3026fd-bc4e-318d-b6f4-ca0b566cb74b
2020-09-14T21:31:48.216009681Z  INFO  2020-09-14 21:31:48,215 [shard 0] database - Keyspace dt: Reading CF source id=65ff2270-d77b-11ea-9877-000000000001 version=5f8471b7-7d19-31d4-9be5-0f153affb0bb
2020-09-14T21:31:48.216020964Z  INFO  2020-09-14 21:31:48,215 [shard 0] database - Keyspace dt: Reading CF source_data id=6af6cd50-d77b-11ea-9877-000000000001 version=b52400e3-b307-3141-b3fc-e5d63573f135
2020-09-14T21:31:48.216031021Z  INFO  2020-09-14 21:31:48,215 [shard 0] database - Keyspace dt: Reading CF element id=607549b0-d77b-11ea-9877-000000000001 version=f44a6c4b-69d8-37f2-b116-7260740acc6c
2020-09-14T21:31:48.216349365Z  INFO  2020-09-14 21:31:48,215 [shard 0] database - Keyspace dt: Reading CF twin id=5e00c740-d77b-11ea-9877-000000000001 version=6240633e-c8cc-3fea-a1e3-452eff1b9659
2020-09-14T21:31:48.216375762Z  INFO  2020-09-14 21:31:48,215 [shard 0] database - Keyspace dt: Reading CF user id=5c294820-d77b-11ea-9877-000000000001 version=02cce273-02f1-3e6a-8674-f1016e3f22d7
2020-09-14T21:31:48.216387813Z  INFO  2020-09-14 21:31:48,215 [shard 0] database - Populating Keyspace system_distributed
2020-09-14T21:31:48.216397227Z  INFO  2020-09-14 21:31:48,215 [shard 0] database - Keyspace system_distributed: Reading CF view_build_status id=5582b59f-8e4e-35e1-b913-3acada51eb04 version=e0b6e628-60e0-39a2-ada0-9b6c13bdd9bc
2020-09-14T21:31:48.216406921Z  INFO  2020-09-14 21:31:48,215 [shard 0] database - Keyspace system_distributed: Reading CF cdc_generations id=6a4df139-00b6-3d21-9efc-dade266dc3b7 version=2511b46b-df1d-39fa-9a77-f5cacf88af47
2020-09-14T21:31:48.216416494Z  INFO  2020-09-14 21:31:48,215 [shard 0] database - Keyspace system_distributed: Reading CF cdc_streams id=07405732-4620-34d6-a85e-947248dad9a4 version=b606cfa4-a37b-32bd-a624-e05cab2bed3c
2020-09-14T21:31:48.216426086Z  INFO  2020-09-14 21:31:48,215 [shard 0] database - Populating Keyspace system_auth
2020-09-14T21:31:48.216435185Z  INFO  2020-09-14 21:31:48,215 [shard 0] database - Keyspace system_auth: Reading CF roles id=5bc52802-de25-35ed-aeab-188eecebb090 version=d8f599da-7544-3f57-aa58-b229deea93e0
2020-09-14T21:31:48.216444720Z  INFO  2020-09-14 21:31:48,215 [shard 0] database - Keyspace system_auth: Reading CF role_members id=0ecdaa87-f8fb-3e60-88d1-74fb36fe5c0d version=2923b5bb-f2f8-36e8-9e73-19019900010c
2020-09-14T21:31:48.216454299Z  INFO  2020-09-14 21:31:48,215 [shard 0] database - Populating Keyspace system_traces
2020-09-14T21:31:48.216463622Z  INFO  2020-09-14 21:31:48,215 [shard 0] database - Keyspace system_traces: Reading CF sessions id=c5e99f16-8677-3914-b17e-960613512345 version=e0fc4b06-6cba-3b7b-bfb6-b42a77c370a9
2020-09-14T21:31:48.216473253Z  INFO  2020-09-14 21:31:48,215 [shard 0] database - Keyspace system_traces: Reading CF node_slow_log_time_idx id=f9706768-aa1e-3d87-9e5c-51a3927c2870 version=eaffc0bb-7b2c-3b64-8924-d8ba685120bc
2020-09-14T21:31:48.216484214Z  INFO  2020-09-14 21:31:48,215 [shard 0] database - Keyspace system_traces: Reading CF sessions_time_idx id=0ebf001c-c1d1-3693-9a63-c3d96ac53318 version=cd5d1e5f-1f42-3b9d-a8ba-3af39d59a7d5
2020-09-14T21:31:48.216494368Z  INFO  2020-09-14 21:31:48,215 [shard 0] database - Keyspace system_traces: Reading CF events id=8826e8e9-e16a-3728-8753-3bc1fc713c25 version=41a6b26e-a03b-3ae1-8a4a-b9446e7f9304
2020-09-14T21:31:48.216503809Z  INFO  2020-09-14 21:31:48,215 [shard 0] database - Keyspace system_traces: Reading CF node_slow_log id=bfcc4e62-5b63-3aa1-a1c3-6f5e47f3325c version=23e7a411-8414-340f-854d-20a3a637e438
2020-09-14T21:31:50.530717910Z  INFO  2020-09-14 21:31:50,530 [shard 0] init - starting view update generator
2020-09-14T21:31:50.531167026Z  INFO  2020-09-14 21:31:50,530 [shard 0] init - discovering staging sstables
2020-09-14T21:31:50.531901343Z  INFO  2020-09-14 21:31:50,531 [shard 0] init - setting up system keyspace
2020-09-14T21:31:50.550316718Z  INFO  2020-09-14 21:31:50,549 [shard 0] init - starting commit log
2020-09-14T21:31:50.550944092Z  INFO  2020-09-14 21:31:50,550 [shard 0] compaction - Compacting [/var/lib/scylla/data/system/peers-37f71aca7dc2383ba70672528af04d4f/mc-8-big-Data.db:level=0, /var/lib/scylla/data/system/peers-37f71aca7dc2383ba70672528af04d4f/mc-4-big-Data.db:level=0, ]
2020-09-14T21:31:50.551316720Z  INFO  2020-09-14 21:31:50,550 [shard 0] compaction - Compacting [/var/lib/scylla/data/system/compaction_history-b4dbb7b4dc493fb5b3bfce6e434832ca/mc-352-big-Data.db:level=0, /var/lib/scylla/data/system/compaction_history-b4dbb7b4dc493fb5b3bfce6e434832ca/mc-348-big-Data.db:level=0, ]
2020-09-14T21:31:50.551712837Z  INFO  2020-09-14 21:31:50,551 [shard 0] compaction - Compacting [/var/lib/scylla/data/system/truncated-38c19fd0fb863310a4b70d0cc66628aa/mc-640-big-Data.db:level=0, /var/lib/scylla/data/system/truncated-38c19fd0fb863310a4b70d0cc66628aa/mc-636-big-Data.db:level=0, ]
2020-09-14T21:31:50.551734530Z  INFO  2020-09-14 21:31:50,551 [shard 3] compaction - Compacting [/var/lib/scylla/data/system/clients-ca0f635d863036098d93a1fc06f2a5e5/mc-23-big-Data.db:level=0, /var/lib/scylla/data/system/clients-ca0f635d863036098d93a1fc06f2a5e5/mc-27-big-Data.db:level=0, ]
2020-09-14T21:31:50.551746661Z  INFO  2020-09-14 21:31:50,551 [shard 1] compaction - Compacting [/var/lib/scylla/data/system/compaction_history-b4dbb7b4dc493fb5b3bfce6e434832ca/mc-365-big-Data.db:level=0, /var/lib/scylla/data/system/compaction_history-b4dbb7b4dc493fb5b3bfce6e434832ca/mc-361-big-Data.db:level=0, ]
2020-09-14T21:31:50.551757737Z  INFO  2020-09-14 21:31:50,551 [shard 1] compaction - Compacting [/var/lib/scylla/data/system/local-7ad54392bcdd35a684174e047860b377/mc-1413-big-Data.db:level=0, /var/lib/scylla/data/system/local-7ad54392bcdd35a684174e047860b377/mc-1417-big-Data.db:level=0, /var/lib/scylla/data/system/local-7ad54392bcdd35a684174e047860b377/mc-1409-big-Data.db:level=0, ]
2020-09-14T21:31:50.552090412Z  INFO  2020-09-14 21:31:50,551 [shard 3] compaction - Compacting [/var/lib/scylla/data/system/compaction_history-b4dbb7b4dc493fb5b3bfce6e434832ca/mc-367-big-Data.db:level=0, /var/lib/scylla/data/system/compaction_history-b4dbb7b4dc493fb5b3bfce6e434832ca/mc-363-big-Data.db:level=0, ]
2020-09-14T21:31:50.552111781Z  INFO  2020-09-14 21:31:50,551 [shard 3] compaction - Compacting [/var/lib/scylla/data/system/large_cells-ead8bbc5f1463ae19f710b11f9a1d296/mc-11-big-Data.db:level=0, /var/lib/scylla/data/system/large_cells-ead8bbc5f1463ae19f710b11f9a1d296/mc-7-big-Data.db:level=0, ]
2020-09-14T21:31:50.552531474Z  INFO  2020-09-14 21:31:50,551 [shard 2] compaction - Compacting [/var/lib/scylla/data/system/compaction_history-b4dbb7b4dc493fb5b3bfce6e434832ca/mc-366-big-Data.db:level=0, /var/lib/scylla/data/system/compaction_history-b4dbb7b4dc493fb5b3bfce6e434832ca/mc-362-big-Data.db:level=0, ]
2020-09-14T21:31:50.553032297Z  INFO  2020-09-14 21:31:50,552 [shard 3] compaction - Compacting [/var/lib/scylla/data/system/truncated-38c19fd0fb863310a4b70d0cc66628aa/mc-359-big-Data.db:level=0, /var/lib/scylla/data/system/truncated-38c19fd0fb863310a4b70d0cc66628aa/mc-355-big-Data.db:level=0, ]
2020-09-14T21:31:50.553067117Z  INFO  2020-09-14 21:31:50,552 [shard 2] compaction - Compacting [/var/lib/scylla/data/system/truncated-38c19fd0fb863310a4b70d0cc66628aa/mc-554-big-Data.db:level=0, /var/lib/scylla/data/system/truncated-38c19fd0fb863310a4b70d0cc66628aa/mc-550-big-Data.db:level=0, ]
2020-09-14T21:31:50.553079651Z  INFO  2020-09-14 21:31:50,552 [shard 3] compaction - Compacting [/var/lib/scylla/data/dt/source_data-6af6cd50d77b11ea9877000000000001/mc-275-big-Data.db:level=0, /var/lib/scylla/data/dt/source_data-6af6cd50d77b11ea9877000000000001/mc-271-big-Data.db:level=0, ]
2020-09-14T21:31:50.556978305Z  INFO  2020-09-14 21:31:50,556 [shard 0] init - initializing migration manager RPC verbs
2020-09-14T21:31:50.557939515Z  INFO  2020-09-14 21:31:50,557 [shard 0] init - initializing storage proxy RPC verbs
2020-09-14T21:31:50.558943879Z  INFO  2020-09-14 21:31:50,558 [shard 0] init - starting streaming service
2020-09-14T21:31:50.560160512Z  INFO  2020-09-14 21:31:50,559 [shard 0] init - starting hinted handoff manager
2020-09-14T21:31:51.637595753Z  INFO  2020-09-14 21:31:51,637 [shard 0] compaction - Compacted 2 sstables to []. 10954 bytes to 0 (~0% of original) in 0ms = 0.00MB/s. ~256 total partitions merged to 0.
2020-09-14T21:31:51.871242745Z  WARN  2020-09-14 21:31:51,870 [shard 3] large_data - Writing a partition with too many rows [dt/source_data:d0a71d84-b80f-4558-beac-8887750652e3] (104341 rows)
2020-09-14T21:31:52.246817841Z  INFO  2020-09-14 21:31:52,246 [shard 0] init - starting messaging service
2020-09-14T21:31:52.247550222Z  INFO  2020-09-14 21:31:52,247 [shard 0] repair - Setting max_repair_memory=168820736, max_repair_memory_per_range=33554432, max_repair_ranges_in_parallel=5
2020-09-14T21:31:52.248074952Z  INFO  2020-09-14 21:31:52,247 [shard 0] init - starting storage service
2020-09-14T21:31:52.249446071Z  INFO  2020-09-14 21:31:52,248 [shard 0] storage_service - Loading persisted ring state
2020-09-14T21:31:52.253478752Z  INFO  2020-09-14 21:31:52,252 [shard 0] storage_service - loaded_peer_features: peer_features size=0
2020-09-14T21:31:52.253517051Z  INFO  2020-09-14 21:31:52,253 [shard 0] storage_service - Checking remote features skipped, since this node is a new seed node which knows nothing about the cluster
2020-09-14T21:31:52.255537855Z  INFO  2020-09-14 21:31:52,254 [shard 0] storage_service - Restarting a node in NORMAL status
2020-09-14T21:31:52.291339663Z  INFO  2020-09-14 21:31:52,290 [shard 0] database - Schema version changed to 3f00f995-6495-3765-8599-4e76a2f4c6b2
2020-09-14T21:31:52.291817387Z  INFO  2020-09-14 21:31:52,291 [shard 0] storage_service - Starting up server gossip
2020-09-14T21:31:52.337599472Z  INFO  2020-09-14 21:31:52,337 [shard 3] compaction - Compacted 2 sstables to []. 11368 bytes to 0 (~0% of original) in 0ms = 0.00MB/s. ~256 total partitions merged to 0.
2020-09-14T21:31:52.545636880Z  INFO  2020-09-14 21:31:52,544 [shard 3] compaction - Compacted 2 sstables to []. 44483 bytes to 0 (~0% of original) in 8ms = 0.00MB/s. ~256 total partitions merged to 0.
2020-09-14T21:31:53.759306834Z  INFO  2020-09-14 21:31:53,758 [shard 2] compaction - Compacted 2 sstables to [/var/lib/scylla/data/system/compaction_history-b4dbb7b4dc493fb5b3bfce6e434832ca/mc-370-big-Data.db:level=0, ]. 175627 bytes to 113807 (~64% of original) in 2309ms = 0.05MB/s. ~384 total partitions merged to 230.
2020-09-14T21:31:53.759393132Z  INFO  2020-09-14 21:31:53,758 [shard 2] compaction - Compacted 2 sstables to [/var/lib/scylla/data/system/truncated-38c19fd0fb863310a4b70d0cc66628aa/mc-558-big-Data.db:level=0, ]. 112020 bytes to 56086 (~50% of original) in 2307ms = 0.02MB/s. ~256 total partitions merged to 4.
2020-09-14T21:31:54.007105418Z  INFO  2020-09-14 21:31:54,006 [shard 0] compaction - Compacted 2 sstables to [/var/lib/scylla/data/system/truncated-38c19fd0fb863310a4b70d0cc66628aa/mc-644-big-Data.db:level=0, ]. 81982 bytes to 76749 (~93% of original) in 2515ms = 0.03MB/s. ~256 total partitions merged to 2.
2020-09-14T21:31:54.007158392Z  INFO  2020-09-14 21:31:54,006 [shard 0] compaction - Compacted 2 sstables to [/var/lib/scylla/data/system/compaction_history-b4dbb7b4dc493fb5b3bfce6e434832ca/mc-356-big-Data.db:level=0, ]. 199351 bytes to 110495 (~55% of original) in 2516ms = 0.04MB/s. ~384 total partitions merged to 201.
2020-09-14T21:31:54.622458801Z  INFO  2020-09-14 21:31:54,621 [shard 1] compaction - Compacted 3 sstables to [/var/lib/scylla/data/system/local-7ad54392bcdd35a684174e047860b377/mc-1421-big-Data.db:level=0, ]. 24455 bytes to 12436 (~50% of original) in 2866ms = 0.00MB/s. ~384 total partitions merged to 1.
2020-09-14T21:31:54.782489878Z  INFO  2020-09-14 21:31:54,781 [shard 1] compaction - Compacted 2 sstables to [/var/lib/scylla/data/system/compaction_history-b4dbb7b4dc493fb5b3bfce6e434832ca/mc-369-big-Data.db:level=0, ]. 201256 bytes to 111238 (~55% of original) in 2958ms = 0.04MB/s. ~384 total partitions merged to 199.
2020-09-14T21:31:54.813596755Z  INFO  2020-09-14 21:31:54,812 [shard 3] compaction - Compacted 2 sstables to [/var/lib/scylla/data/system/truncated-38c19fd0fb863310a4b70d0cc66628aa/mc-363-big-Data.db:level=0, ]. 126257 bytes to 63204 (~50% of original) in 3262ms = 0.02MB/s. ~256 total partitions merged to 2.
2020-09-14T21:31:54.813628705Z  INFO  2020-09-14 21:31:54,812 [shard 3] compaction - Compacted 2 sstables to [/var/lib/scylla/data/system/compaction_history-b4dbb7b4dc493fb5b3bfce6e434832ca/mc-371-big-Data.db:level=0, ]. 191577 bytes to 110372 (~57% of original) in 3262ms = 0.03MB/s. ~384 total partitions merged to 182.
2020-09-14T21:31:54.813640582Z  INFO  2020-09-14 21:31:54,812 [shard 3] compaction - Compacted 2 sstables to [/var/lib/scylla/data/dt/source_data-6af6cd50d77b11ea9877000000000001/mc-279-big-Data.db:level=0, ]. 8392700 bytes to 8387448 (~99% of original) in 3262ms = 2.45MB/s. ~256 total partitions merged to 1.
2020-09-14T21:31:54.861421328Z  INFO  2020-09-14 21:31:54,860 [shard 1] compaction - Compacting [/var/lib/scylla/data/system/local-7ad54392bcdd35a684174e047860b377/mc-1425-big-Data.db:level=0, /var/lib/scylla/data/system/local-7ad54392bcdd35a684174e047860b377/mc-1421-big-Data.db:level=0, ]
2020-09-14T21:31:54.861766180Z  INFO  2020-09-14 21:31:54,861 [shard 0] messaging_service - Starting Messaging Service on port 7000
2020-09-14T21:31:56.302135191Z  INFO  2020-09-14 21:31:56,301 [shard 1] compaction - Compacted 2 sstables to [/var/lib/scylla/data/system/local-7ad54392bcdd35a684174e047860b377/mc-1429-big-Data.db:level=0, ]. 19042 bytes to 12270 (~64% of original) in 1027ms = 0.01MB/s. ~256 total partitions merged to 1.
2020-09-14T21:32:06.867022700Z  INFO  2020-09-14 21:32:06,866 [shard 0] gossip - No gossip backlog; proceeding
2020-09-14T21:32:06.869686251Z  INFO  2020-09-14 21:32:06,868 [shard 0] features - Feature COMPUTED_COLUMNS is enabled
2020-09-14T21:32:06.869768969Z  INFO  2020-09-14 21:32:06,869 [shard 0] features - Feature CORRECT_COUNTER_ORDER is enabled
2020-09-14T21:32:06.869789907Z  INFO  2020-09-14 21:32:06,869 [shard 0] features - Feature CORRECT_NON_COMPOUND_RANGE_TOMBSTONES is enabled
2020-09-14T21:32:06.869806743Z  INFO  2020-09-14 21:32:06,869 [shard 0] features - Feature CORRECT_STATIC_COMPACT_IN_MC is enabled
2020-09-14T21:32:06.869822965Z  INFO  2020-09-14 21:32:06,869 [shard 0] features - Feature COUNTERS is enabled
2020-09-14T21:32:06.870375986Z  INFO  2020-09-14 21:32:06,869 [shard 0] features - Feature DIGEST_INSENSITIVE_TO_EXPIRY is enabled
2020-09-14T21:32:06.870420976Z  INFO  2020-09-14 21:32:06,869 [shard 0] features - Feature DIGEST_MULTIPARTITION_READ is enabled
2020-09-14T21:32:06.870439840Z  INFO  2020-09-14 21:32:06,869 [shard 0] features - Feature HINTED_HANDOFF_SEPARATE_CONNECTION is enabled
2020-09-14T21:32:06.870456629Z  INFO  2020-09-14 21:32:06,869 [shard 0] features - Feature INDEXES is enabled
2020-09-14T21:32:06.870472988Z  INFO  2020-09-14 21:32:06,869 [shard 0] features - Feature LARGE_PARTITIONS is enabled
2020-09-14T21:32:06.870489329Z  INFO  2020-09-14 21:32:06,869 [shard 0] features - Feature LWT is enabled
2020-09-14T21:32:06.870505254Z  INFO  2020-09-14 21:32:06,869 [shard 0] features - Feature MATERIALIZED_VIEWS is enabled
2020-09-14T21:32:06.870530708Z  INFO  2020-09-14 21:32:06,869 [shard 0] features - Feature MC_SSTABLE_FORMAT is enabled
2020-09-14T21:32:06.870539804Z  INFO  2020-09-14 21:32:06,869 [shard 0] features - Feature NONFROZEN_UDTS is enabled
2020-09-14T21:32:06.870548740Z  INFO  2020-09-14 21:32:06,869 [shard 0] features - Feature PER_TABLE_PARTITIONERS is enabled
2020-09-14T21:32:06.870557718Z  INFO  2020-09-14 21:32:06,869 [shard 0] features - Feature RANGE_TOMBSTONES is enabled
2020-09-14T21:32:06.870566554Z  INFO  2020-09-14 21:32:06,869 [shard 0] features - Feature ROLES is enabled
2020-09-14T21:32:06.870575500Z  INFO  2020-09-14 21:32:06,869 [shard 0] features - Feature ROW_LEVEL_REPAIR is enabled
2020-09-14T21:32:06.870584301Z  INFO  2020-09-14 21:32:06,869 [shard 0] features - Feature SCHEMA_TABLES_V3 is enabled
2020-09-14T21:32:06.870607079Z  INFO  2020-09-14 21:32:06,869 [shard 0] features - Feature STREAM_WITH_RPC_STREAM is enabled
2020-09-14T21:32:06.870622927Z  INFO  2020-09-14 21:32:06,869 [shard 0] features - Feature TRUNCATION_TABLE is enabled
2020-09-14T21:32:06.870639325Z  INFO  2020-09-14 21:32:06,869 [shard 0] system_keyspace - Got cluster agreement on truncation table feature. Removing legacy records.
2020-09-14T21:32:06.870655882Z  INFO  2020-09-14 21:32:06,869 [shard 0] features - Feature UNBOUNDED_RANGE_TOMBSTONES is enabled
2020-09-14T21:32:06.870671786Z  INFO  2020-09-14 21:32:06,869 [shard 0] features - Feature VIEW_VIRTUAL_COLUMNS is enabled
2020-09-14T21:32:06.870687325Z  INFO  2020-09-14 21:32:06,869 [shard 0] features - Feature WRITE_FAILURE_REPLY is enabled
2020-09-14T21:32:06.870702851Z  INFO  2020-09-14 21:32:06,869 [shard 0] features - Feature XXHASH is enabled
2020-09-14T21:32:06.872429860Z  INFO  2020-09-14 21:32:06,871 [shard 0] system_keyspace - Legacy records deleted.
2020-09-14T21:32:06.873409380Z  INFO  2020-09-14 21:32:06,873 [shard 0] init - starting system distributed keyspace
2020-09-14T21:32:06.880211419Z  INFO  2020-09-14 21:32:06,879 [shard 0] storage_service - Using saved tokens {943448605036726745, 9061580907506437136, 8957018461898327244, 8813999419995718088, 8775859223532977932, 873311388414975666, 8707696313600310498, 8675978575875245837, 855031166620283245, 8476533345381470087, 8413544620893079714, 8382283044476755854, 7804258889026263620, 778239093056833917, 7732629563319678675, 7564694057214588647, 747840302865059114, 7255484784972643852, 700944770677405149, 7009081579420542256, 7354219953741161264, 6974970471767945112, 6788034976878782500, 667581605220131528, 6496091893897576732, 6478032244021912394, 6420907855788431922, 8777890816944145805, 6381418245203458391, 6358173612251239308, 6302443190184390149, 6115776390551923703, 5906838239532612246, 5890706123786165213, 588034934972968299, 5848278814186320030, 5834675951458569055, 5796254206948921528, -6441145814158460549, 7172238068082229918, -6238625478980828395, -6199824488038647909, -572473923349256348, -5526097868254533829, -5508289632699420366, -6338043935148530859, 4738411181964629022, -5411685484465544274, 5103660925946342563, -5360532551957069796, -5246840897237646542, -8953406550820932827, -511676141100664160, -4872163430844150374, 5153854518462400651, -4829128129506020031, 6818717460470417221, -4735496583611878200, -7913213531410876291, -8612347190400988175, 3361838207769500988, -4770694758141334815, 3533570692245755170, -3014142033706378490, -6648258355715071793, 105268539462240253, 6448269612184381105, 3941245744356891698, -4925670906471950289, -6853270293933441203, -431455211546220291, -4106310081010891923, -4280461110562472301, -4231054370802445643, 4453520694484038438, -5140544052953576706, -7341700934491837716, -4177024142024341044, -2365586676906010085, -4368295386640868227, -6779834804380741154, 7103497347382660592, -471701403720839764, -2187125227394891465, -1593748153114868683, 8325613099551670589, -6017078328443447975, 408961909545308462, -3256341547923989103, 1911454556365012923, -2135119982021577211, -6104126434670973331, -1614584707908969492, -5285270377043925775, 194223785007163967, 3556932048290112968, 4378909036113166689, -2319706609635128471, 782580883702972777, -3880555618453256762, -2879534723161185431, 7469085752185829039, -8001902308657073600, -1522914538603683793, 784130423392421222, -3409621329811667263, -5136236598692180863, -2640475812391264528, 3907413558358164712, -2166731983266837511, -8529251962487546573, -5228242602708342126, -6263078841153087564, -1295419475388780424, 5311755414232655734, -4113405879925637368, 2104079815049743807, -105211415949921556, -1004253484774030395, -6093280019772326743, -1363472444035739717, 7772390126184307669, 3373616921334842984, -3428624778218969630, -4475005699924690030, -1207620414022812792, -4203952547861361192, -4895652206680369668, 5569071124009844993, -2800260328053956713, 1033733984444816800, -1761718599052329021, -6249520955674807415, -6810383749951706976, -2391018463907211455, -3729138346528579520, -3942245253345029362, -1032698423218536378, 2233495137371904435, -1970747149103226319, 2531294222158762011, 4445989245037378795, -2648919406212884980, 800062458669145892, -6586482614645135705, -8855822008500182327, -2076430708060394350, -6127879535600466936, 5017042126534426855, -6767019288334108993, -6985294397658573838, -2605645373691895986, 2542018259596577135, -2699231837109027988, -9132047842757487932, 9066588519930559993, -4601858807243735115, 1470306277250886071, 1688077838521597411, -2700796200994103492, -5656441245782528349, 3822141065635310082, -4415280594152455372, -1709100826419756065, -2732234699235264563, -3101294897153501639, 6933997554702494562, -4541237399207364623, 1251119865371637993, -3280527161887251879, -4007868363884276055, -4134923634748466107, -5595342098352848506, 533209426647054698, 285540986842976874, -4193553788022177878, -7111183380354176443, 7880345233810794046, -7190282066974323895, -7232953798633244985, -7512330892235471280, -889434854029329118, 9122882257136270100, 3909145942678699742, 2870638580126821409, -2685359252619347507, 4540975434217357056, 1912522665107890116, -1474028219808469861, -7767361191227918078, -8495384334141326469, -8024675672634848221, -8352632933072691056, -1084614158625469139, -8372022353883945178, -1171738939209168407, -8485257529464526975, -8549013321787275289, -7405825010257289618, -8694753427154041557, -9173155356561330710, -3164480873853500968, 1172299952227812636, 1535311813904826318, 156312151312654313, 2050968450175517454, 1018091569669202328, 1574734081023094222, 214428871588027420, -5095673126210616552, 2431756818088451524, -1208769590907790735, 3022913469242457337, 2609254198811139442, 5396954320704971060, 284028081363756156, -184157634332906914, 2879924223908633556, 3014475854062098037, 8280511155447462154, 3058186759042775792, 3100842289958262644, -769344519844763244, 3287699046743316011, 7743526815996532326, -7148146405116016542, 352278596429886466, 3606629961194077343, 3840184102447470012, -4623422606623793434, 3924960423780627192, 4660022660859336370, 5401470720317959250, 3979649323160207298, 4037379789709069307, 790424663468033093, 5150907166433009570, 4083460330442256183, 4262233236239091105, 4461207940793579131, 7222389702734437292, 4497639963855891379, 5935809959838255935, 525652295242460822, -9210810031089136649, 3145063885579200582, 5102381975608989830, 5104799485589097680, -467985751191813914, 5122450296475986719, 5256736089695841171, 5341717901052361821, 5441044328235651423, 5661405961885371428, -6303682351633097607, 5704999654143823990}
2020-09-14T21:32:06.910042896Z  INFO  2020-09-14 21:32:06,909 [shard 0] database - Schema version changed to e1b2d478-e5f2-30c4-b994-d93919918df3
2020-09-14T21:32:06.910070679Z  INFO  2020-09-14 21:32:06,909 [shard 0] database - Schema version changed to e1b2d478-e5f2-30c4-b994-d93919918df3
2020-09-14T21:32:06.911262738Z  INFO  2020-09-14 21:32:06,910 [shard 0] database - Schema version changed to 0e03d198-385b-3f36-8c34-c3f5846bbbac
2020-09-14T21:32:08.577525321Z  INFO  2020-09-14 21:32:08,576 [shard 1] compaction - Compacting [/var/lib/scylla/data/system/local-7ad54392bcdd35a684174e047860b377/mc-1433-big-Data.db:level=0, /var/lib/scylla/data/system/local-7ad54392bcdd35a684174e047860b377/mc-1429-big-Data.db:level=0, ]
2020-09-14T21:32:08.673134030Z  INFO  2020-09-14 21:32:08,671 [shard 0] storage_service - Node 10.0.20.12 state jump to normal
2020-09-14T21:32:08.673194111Z  INFO  2020-09-14 21:32:08,672 [shard 0] storage_service - Remove node 10.0.20.12 from pending replacing endpoint
2020-09-14T21:32:09.827896247Z  INFO  2020-09-14 21:32:09,827 [shard 0] storage_service - NORMAL: node is now in normal status
2020-09-14T21:32:09.827951693Z  INFO  2020-09-14 21:32:09,827 [shard 0] cdc - No generation seen during startup.
2020-09-14T21:32:09.829670276Z  INFO  2020-09-14 21:32:09,829 [shard 0] init - starting tracing
2020-09-14T21:32:09.830225631Z  INFO  2020-09-14 21:32:09,829 [shard 0] storage_service - SSTable data integrity checker is disabled.
2020-09-14T21:32:09.830779135Z  INFO  2020-09-14 21:32:09,830 [shard 0] init - starting batchlog manager
2020-09-14T21:32:09.831336908Z  INFO  2020-09-14 21:32:09,831 [shard 0] init - starting load meter
2020-09-14T21:32:09.831384586Z  INFO  2020-09-14 21:32:09,831 [shard 0] init - starting cf cache hit rate calculator
2020-09-14T21:32:09.831960488Z  INFO  2020-09-14 21:32:09,831 [shard 0] init - starting view update backlog broker
2020-09-14T21:32:09.833023367Z  INFO  2020-09-14 21:32:09,832 [shard 0] init - Waiting for gossip to settle before accepting client requests...
2020-09-14T21:32:10.125994714Z  INFO  2020-09-14 21:32:10,125 [shard 1] compaction - Compacted 2 sstables to [/var/lib/scylla/data/system/local-7ad54392bcdd35a684174e047860b377/mc-1441-big-Data.db:level=0, ]. 18349 bytes to 12071 (~65% of original) in 1138ms = 0.01MB/s. ~256 total partitions merged to 1.
2020-09-14T21:32:10.126530171Z  INFO  2020-09-14 21:32:10,126 [shard 1] compaction - Compacting [/var/lib/scylla/data/system/local-7ad54392bcdd35a684174e047860b377/mc-1437-big-Data.db:level=0, /var/lib/scylla/data/system/local-7ad54392bcdd35a684174e047860b377/mc-1441-big-Data.db:level=0, ]
2020-09-14T21:32:11.649356004Z  INFO  2020-09-14 21:32:11,648 [shard 1] compaction - Compacted 2 sstables to [/var/lib/scylla/data/system/local-7ad54392bcdd35a684174e047860b377/mc-1445-big-Data.db:level=0, ]. 18170 bytes to 12073 (~66% of original) in 1051ms = 0.01MB/s. ~256 total partitions merged to 1.
2020-09-14T21:32:21.833886324Z  INFO  2020-09-14 21:32:21,833 [shard 0] gossip - No gossip backlog; proceeding
2020-09-14T21:32:21.834367932Z  INFO  2020-09-14 21:32:21,833 [shard 0] init - allow replaying hints
2020-09-14T21:32:21.834407623Z  INFO  2020-09-14 21:32:21,834 [shard 0] init - Launching generate_mv_updates for non system tables
2020-09-14T21:32:21.834985815Z  INFO  2020-09-14 21:32:21,834 [shard 0] init - starting the view builder
2020-09-14T21:32:22.210662989Z  INFO  2020-09-14 21:32:22,209 [shard 0] init - starting native transport
2020-09-14T21:32:22.211330778Z  INFO  2020-09-14 21:32:22,210 [shard 0] compaction - Compacting [/var/lib/scylla/data/system/truncated-38c19fd0fb863310a4b70d0cc66628aa/mc-648-big-Data.db:level=0, /var/lib/scylla/data/system/truncated-38c19fd0fb863310a4b70d0cc66628aa/mc-644-big-Data.db:level=0, ]
2020-09-14T21:32:22.213689679Z  INFO  2020-09-14 21:32:22,213 [shard 0] storage_service - Starting listening for CQL clients on 10.0.20.12:9042 (unencrypted)
2020-09-14T21:32:22.215916436Z  INFO  2020-09-14 21:32:22,215 [shard 0] storage_service - Thrift server listening on 10.0.20.12:9160 ...
2020-09-14T21:32:22.217421147Z  INFO  2020-09-14 21:32:22,216 [shard 0] init - serving
2020-09-14T21:32:22.217768175Z  INFO  2020-09-14 21:32:22,217 [shard 0] init - Scylla version 4.1.6-0.20200831.6d9ff622df initialization completed.
2020-09-14T21:32:22.638405685Z  INFO  2020-09-14 21:32:22,637 [shard 0] compaction - Compacted 2 sstables to [/var/lib/scylla/data/system/truncated-38c19fd0fb863310a4b70d0cc66628aa/mc-652-big-Data.db:level=0, ]. 81982 bytes to 76744 (~93% of original) in 316ms = 0.23MB/s. ~256 total partitions merged to 2.
2020-09-14T21:32:59.714778404Z  INFO  2020-09-14 21:32:59,714 [shard 0] compaction - Compacting [/var/lib/scylla/data/system/clients-ca0f635d863036098d93a1fc06f2a5e5/mc-4-big-Data.db:level=0, /var/lib/scylla/data/system/clients-ca0f635d863036098d93a1fc06f2a5e5/mc-8-big-Data.db:level=0, ]
2020-09-14T21:33:00.311860073Z  INFO  2020-09-14 21:33:00,311 [shard 0] compaction - Compacted 2 sstables to [/var/lib/scylla/data/system/clients-ca0f635d863036098d93a1fc06f2a5e5/mc-12-big-Data.db:level=0, ]. 102919 bytes to 6472 (~6% of original) in 487ms = 0.01MB/s. ~256 total partitions merged to 1.
2020-09-14T21:33:18.287783762Z  INFO  2020-09-14 21:33:18,287 [shard 0] compaction - Compacting [/var/lib/scylla/data/system/clients-ca0f635d863036098d93a1fc06f2a5e5/mc-12-big-Data.db:level=0, /var/lib/scylla/data/system/clients-ca0f635d863036098d93a1fc06f2a5e5/mc-16-big-Data.db:level=0, ]
2020-09-14T21:33:18.785314809Z  INFO  2020-09-14 21:33:18,784 [shard 0] compaction - Compacted 2 sstables to [/var/lib/scylla/data/system/clients-ca0f635d863036098d93a1fc06f2a5e5/mc-20-big-Data.db:level=0, ]. 57957 bytes to 6033 (~10% of original) in 372ms = 0.02MB/s. ~256 total partitions merged to 1.
2020-09-14T21:34:21.239910687Z  INFO  2020-09-14 21:34:21,239 [shard 0] compaction - Compacting [/var/lib/scylla/data/system/clients-ca0f635d863036098d93a1fc06f2a5e5/mc-20-big-Data.db:level=0, /var/lib/scylla/data/system/clients-ca0f635d863036098d93a1fc06f2a5e5/mc-24-big-Data.db:level=0, ]
2020-09-14T21:34:21.704396957Z  INFO  2020-09-14 21:34:21,703 [shard 0] compaction - Compacted 2 sstables to [/var/lib/scylla/data/system/clients-ca0f635d863036098d93a1fc06f2a5e5/mc-28-big-Data.db:level=0, ]. 57624 bytes to 5924 (~10% of original) in 346ms = 0.02MB/s. ~256 total partitions merged to 1.
2020-09-14T21:34:39.936359913Z  INFO  2020-09-14 21:34:39,935 [shard 0] compaction - Compacting [/var/lib/scylla/data/system/clients-ca0f635d863036098d93a1fc06f2a5e5/mc-28-big-Data.db:level=0, /var/lib/scylla/data/system/clients-ca0f635d863036098d93a1fc06f2a5e5/mc-32-big-Data.db:level=0, ]
2020-09-14T21:34:40.375192112Z  INFO  2020-09-14 21:34:40,374 [shard 0] compaction - Compacted 2 sstables to [/var/lib/scylla/data/system/clients-ca0f635d863036098d93a1fc06f2a5e5/mc-36-big-Data.db:level=0, ]. 57375 bytes to 6694 (~11% of original) in 330ms = 0.02MB/s. ~256 total partitions merged to 1.
2020-09-14T21:34:58.624326579Z  INFO  2020-09-14 21:34:58,623 [shard 0] compaction - Compacting [/var/lib/scylla/data/system/clients-ca0f635d863036098d93a1fc06f2a5e5/mc-36-big-Data.db:level=0, /var/lib/scylla/data/system/clients-ca0f635d863036098d93a1fc06f2a5e5/mc-40-big-Data.db:level=0, ]
2020-09-14T21:34:59.048706119Z  INFO  2020-09-14 21:34:59,048 [shard 0] compaction - Compacted 2 sstables to [/var/lib/scylla/data/system/clients-ca0f635d863036098d93a1fc06f2a5e5/mc-44-big-Data.db:level=0, ]. 58138 bytes to 6284 (~10% of original) in 320ms = 0.02MB/s. ~256 total partitions merged to 1.
2020-09-14T21:35:17.144083688Z  INFO  2020-09-14 21:35:17,143 [shard 0] compaction - Compacting [/var/lib/scylla/data/system/clients-ca0f635d863036098d93a1fc06f2a5e5/mc-44-big-Data.db:level=0, /var/lib/scylla/data/system/clients-ca0f635d863036098d93a1fc06f2a5e5/mc-48-big-Data.db:level=0, ]
2020-09-14T21:35:17.662975728Z  INFO  2020-09-14 21:35:17,662 [shard 0] compaction - Compacted 2 sstables to [/var/lib/scylla/data/system/clients-ca0f635d863036098d93a1fc06f2a5e5/mc-52-big-Data.db:level=0, ]. 57742 bytes to 6020 (~10% of original) in 381ms = 0.02MB/s. ~256 total partitions merged to 1.
2020-09-14T22:02:43.414679873Z  INFO  2020-09-14 22:02:43,413 [shard 0] compaction - Compacting [/var/lib/scylla/data/system/clients-ca0f635d863036098d93a1fc06f2a5e5/mc-52-big-Data.db:level=0, /var/lib/scylla/data/system/clients-ca0f635d863036098d93a1fc06f2a5e5/mc-56-big-Data.db:level=0, ]
2020-09-14T22:02:43.878201645Z  INFO  2020-09-14 22:02:43,877 [shard 0] compaction - Compacted 2 sstables to [/var/lib/scylla/data/system/clients-ca0f635d863036098d93a1fc06f2a5e5/mc-60-big-Data.db:level=0, ]. 59111 bytes to 6071 (~10% of original) in 359ms = 0.02MB/s. ~256 total partitions merged to 1.
2020-09-14T22:03:02.001437237Z  INFO  2020-09-14 22:03:02,000 [shard 0] compaction - Compacting [/var/lib/scylla/data/system/clients-ca0f635d863036098d93a1fc06f2a5e5/mc-60-big-Data.db:level=0, /var/lib/scylla/data/system/clients-ca0f635d863036098d93a1fc06f2a5e5/mc-64-big-Data.db:level=0, ]
2020-09-14T22:03:02.487304078Z  INFO  2020-09-14 22:03:02,486 [shard 0] compaction - Compacted 2 sstables to [/var/lib/scylla/data/system/clients-ca0f635d863036098d93a1fc06f2a5e5/mc-68-big-Data.db:level=0, ]. 57593 bytes to 6949 (~12% of original) in 356ms = 0.02MB/s. ~256 total partitions merged to 1.
2020-09-14T22:03:20.838309055Z  INFO  2020-09-14 22:03:20,837 [shard 0] compaction - Compacting [/var/lib/scylla/data/system/clients-ca0f635d863036098d93a1fc06f2a5e5/mc-68-big-Data.db:level=0, /var/lib/scylla/data/system/clients-ca0f635d863036098d93a1fc06f2a5e5/mc-72-big-Data.db:level=0, ]
2020-09-14T22:03:21.441290785Z  INFO  2020-09-14 22:03:21,440 [shard 0] compaction - Compacted 2 sstables to [/var/lib/scylla/data/system/clients-ca0f635d863036098d93a1fc06f2a5e5/mc-76-big-Data.db:level=0, ]. 58403 bytes to 6495 (~11% of original) in 461ms = 0.01MB/s. ~256 total partitions merged to 1.
