2020-09-17T10:32:22.742328964Z,2020-09-17T10:32:22.747555696Z,0 eSgCf6uG3wcflqPvNHyJIAnm86m90albiifEaoeOOt5KuxkiiUf3OSWowElxLZ
2020-09-17T10:32:22.785983748Z,2020-09-17T10:32:22.812260668Z,1 b2oJ2t0kSa2yvXE62vsdjTsJfTLGzrcbt9rdnwIGUjHb2PD6g5HKg9ybSGYcrm
2020-09-17T10:32:22.827436927Z,2020-09-17T10:32:22.875601858Z,2 NEEFJjmwHXSgypTfpmdZKWFzZkaAQSTTEQdJqF2JNoDaq3EhVkKPUXqklBObhg
2020-09-17T10:32:22.868536616Z,2020-09-17T10:32:22.936321688Z,3 yEWlIjOeMnCdsw67aZ6cIB4PArA7kaC1ouyCe4HPM1z99mub6vwyhUxQ7xz1aZ
2020-09-17T10:32:22.909496667Z,2020-09-17T10:32:22.999923033Z,4 Fw5PO9fv9BZGsxUp4shyC9xisgnuT92NlzYmOrJSy08J9w6BLd5BShVd3svIdZ
2020-09-17T10:32:22.952404974Z,2020-09-17T10:32:23.063428084Z,5 IiYjPqrui4oZTpdehKXhdPrWkdDo9EOdUYX5WyL4yx0xu6vv8bDhO4l7Fhs9Et
2020-09-17T10:32:22.993748999Z,2020-09-17T10:32:23.129861045Z,6 T5DP1Jo1PRVOyUUaFaMFRBru4iwc913fIoMYrDogkgVZ2aGf4orKy1oke4riGT
2020-09-17T10:32:23.034250562Z,2020-09-17T10:32:23.209964896Z,7 ACQzwHkLsb2UTEA8VzhaJ4DWkYPVo3XP0BNdtVGnVDXCMmsZpjEU1LqrYIbnWq
2020-09-17T10:32:23.075954238Z,2020-09-17T10:32:23.279899639Z,8 g6jZmyeypBXvcNqwgCzE6jFHAsVmW8cUkpAQCyEYQx1bxLbDojLEQ3bnWfOMSn
2020-09-17T10:32:23.117849606Z,2020-09-17T10:32:23.348096487Z,9 RogTXgB46t9eJuiIa5uXFWB4svOUYGeITako0ffPrIF0j7JweidTW6tHLd6AMA
2020-09-17T10:32:23.159171634Z,2020-09-17T10:32:23.414420653Z,10 saicDbNeHj9gaXNsrEZCRoEZmrSomYVHpXRvaKdKSqwSmIfZY1fkZaHkWFtou
2020-09-17T10:32:23.200521877Z,2020-09-17T10:32:23.476993896Z,11 dzBCg5XA2chffxp3UlV09CU3BEBWeaHZaGv1xPjXUgxKvNf4KPAUX4z9sniNc
2020-09-17T10:32:23.242011551Z,2020-09-17T10:32:23.543923350Z,12 Pwzlw2Y1EIuqOFJLZQTIu7Bplh97bKvTHMLY4AtsR0hPCzXmRnPtLs9QHc160
2020-09-17T10:32:23.283411639Z,2020-09-17T10:32:23.612116024Z,13 zkH1dbW5J7PyU71pRhNOMamSh2qKbeM4n19JZ3a9kj9U8oj3vQhYhMZh46NcP
2020-09-17T10:32:23.324315314Z,2020-09-17T10:32:23.678399717Z,14 jpYizVWNi9zUPgheEG7cs0uQQ4IVwN4d9ndFI1vTMYmgRFclct7zNkWolYQzO
2020-09-17T10:32:23.365709109Z,2020-09-17T10:32:23.744559137Z,15 WUMLVMU1tLNFsEmvQKrsMH3kCzhN07pYDSaqrAyDzE3iMw0u6AvItgQnVcVzk
2020-09-17T10:32:23.406640754Z,2020-09-17T10:32:23.810945616Z,16 E5AMJmj2XayqThY333sEVCFfSqPaDpTKWSpBEMzHQ9MBRUDPSFM50EI6Fbm9o
2020-09-17T10:32:23.447173396Z,2020-09-17T10:32:23.873735612Z,17 87kzkKpmo2gbHkstM16PSnL9qB4x5XJ06zZF59OrJrp6m2VrALcw6eXeyX6CN
2020-09-17T10:32:23.488680170Z,2020-09-17T10:32:23.939586767Z,18 C22mwHBYJ2ribzGn2USW6EAMHjLQinaxr1MxYRNbmjGnMB9k8gp66jdDowgb2
2020-09-17T10:32:23.530226822Z,2020-09-17T10:32:24.011249543Z,19 ejbaIyjoHr2KoZRBUHFJ6S4urwgCkN9oveokXcsV0DrvOon4MP6wue2CW1jSt
2020-09-17T10:32:23.572007958Z,2020-09-17T10:32:24.077560278Z,20 n1z5ZPoJkT7eEEWc13WphFpIw61x1EZ7jasAeRZLHQbVnJSXigiqLScRGbeF2
2020-09-17T10:32:23.613460142Z,2020-09-17T10:32:24.143766042Z,21 wKH2ID2A19z5YAlg3C6InYJGkmmNnmuJofRuYk7qzx4FaP406ZqGpJVpfrxUn
2020-09-17T10:32:23.654175212Z,2020-09-17T10:32:24.209613536Z,22 6vrRyYXsKbC0Oe4LnHAzNEPvSxXpdUhtXtpgJAq6CDwE7bypddXFweILTsjNK
2020-09-17T10:32:23.695756250Z,2020-09-17T10:32:24.277650640Z,23 2GXmN0fhPjWMGZz9woUkZRGEd6728LgnzQef3NEP9N68LtsAPPtcqRTc5Vtck
2020-09-17T10:32:23.736795068Z,2020-09-17T10:32:24.346747721Z,24 B1g7OOO58Csbbkb9I8wfS1wWjo42Qkrgw82S6RZVuerrp7xvG8Fj2qyNTIXxo
2020-09-17T10:32:23.778107803Z,2020-09-17T10:32:24.414311461Z,25 oyxVLauTudXugzmUFpALgd6UizpGHjVpyXTFjCINorrjzIrxDwxgq9WIjeUeb
2020-09-17T10:32:23.819550902Z,2020-09-17T10:32:24.483486355Z,26 qQTUOSHwQucRlW9aHjteY8ej3zY5TbDCoX2XfEcpjzbLLXV58XvfV9X4Xmyyn
2020-09-17T10:32:23.860863238Z,2020-09-17T10:32:24.548517143Z,27 jbquaYfuIU8cnVYE63WSJXbcyOn89eFOG1ZdBK7f8OSiFgogTStEThhDMiGKb
2020-09-17T10:32:23.902728624Z,2020-09-17T10:32:24.617533680Z,28 8XOzXVHn52hkR0TtrHDs60G4ln1WyR0CXIah5kr6N3oyPvdLOXCLo6RldBV5E
2020-09-17T10:32:23.944822367Z,2020-09-17T10:32:24.687435109Z,29 bJlMkNU5CNQbeEuLg2A45Wn1m1WMefz4bnFsjhbzxJeZ1hshO2K96LoMnLcGY
2020-09-17T10:32:23.985387367Z,2020-09-17T10:32:24.755375082Z,30 ghOdZ6dz3cFGzMPlGhbkCYym9b0dw4gtBfB2Eu9aJ7a8EapEppZVKTDXQIox7
2020-09-17T10:32:24.025949335Z,2020-09-17T10:32:24.822207828Z,31 DgMldxyocT4aPSoYouXEIOIoS6y0Gdw9TLgZuoIyKsXIWaIhhvitzqXhmWaPX
2020-09-17T10:32:24.067798913Z,2020-09-17T10:32:24.888716742Z,32 aKmF6DeVueHWF1QRJR6ZZEyW8EcJ6Z1NTPsUj0V45Mnnm6WV6ncoD6l9zwH0y
2020-09-17T10:32:24.108983815Z,2020-09-17T10:32:24.955609065Z,33 SJBhzLyUhXWnRdATKZy5UlTLpzNtcr6mcJKRrnCFnFge9VBPbx8pvonobuIVg
2020-09-17T10:32:24.150179283Z,2020-09-17T10:32:25.022756601Z,34 cg0k5UptlBbnyS3oi7AbgxUH8FKMP9s4TnL9mZBh8jPHtwsD455IArSeINiB8
2020-09-17T10:32:24.190570649Z,2020-09-17T10:32:25.094490743Z,35 oGK4PBPFx37o9gaEMSS9fx4Sj2MlDnndMnj2EytvGMtcmg67ieCj9oFgRZkE9
2020-09-17T10:32:24.231463191Z,2020-09-17T10:32:25.163673333Z,36 Hk7FjqolapWnT600fOeCxhUfzIwTsHSqcx7F5RiPaHNh6SB686D2giabea1Tt
2020-09-17T10:32:24.272057924Z,2020-09-17T10:32:25.231035663Z,37 lbpMwqsJJvONXZznVnpkVBgbNl2R4QwNpDRZWGgAvmK9HubgaTkLBP6gYysiv
2020-09-17T10:32:24.313228980Z,2020-09-17T10:32:25.299443478Z,38 KABX7k48KsGUzvdz5VyDIg6MNPh8pXDdqgSbr119vvqCCElw0AW140N00hlB5
2020-09-17T10:32:24.355223229Z,2020-09-17T10:32:25.370448107Z,39 g96Ph0QwgYIQWPrjyEKQ8QpSGQqh8zDlFn7Xlahqpl4j71pEeVOqM5dp90jOE
2020-09-17T10:32:24.397324116Z,2020-09-17T10:32:25.436759605Z,40 6qbrjcCoAVGPywxroZYIPIuOS9tgXG1ka6Y2W7DTrOdKlfAlXeogm31MeXM6C
2020-09-17T10:32:24.438711671Z,2020-09-17T10:32:25.513079897Z,41 IL1GH3uWclO4IKVqdyzzZmJvZQFqc90cqCImKSlmS6eE7jfCNGxJ6mpqCdtIF
2020-09-17T10:32:24.479459233Z,2020-09-17T10:32:25.579806600Z,42 hypo28KISH0dlPGroT2k2ojj1hoWWsleMJPJIqyTgd6Mfqq6KXvM3igmlqkAF
2020-09-17T10:32:24.520378119Z,2020-09-17T10:32:25.648140625Z,43 q2LBLRJ1HL5gRbbOon8Kw2PMXnV71SktIOT2etXz4Nh2JGjlRYAUWKiK7Fxqb
2020-09-17T10:32:24.561516369Z,2020-09-17T10:32:25.717454451Z,44 frdXza1gSKOZaRqWV3FAEFHdpB9aQOfVDUQTG5jeNNQDdQmoQOiITZics5AlV
2020-09-17T10:32:24.602371624Z,2020-09-17T10:32:25.783901199Z,45 d5OiGmK07eSj9IxE5rxNPvFHpREerhHdsK4aSaurCrUXZ9aA0EKPqkOtYbANb
2020-09-17T10:32:24.643953507Z,2020-09-17T10:32:25.851974196Z,46 CSDiHcsEsyR7I1iV1kb1tikQpQ5SDtShiLK5BWJGGAWgVJNcu9Kr2elRWsUT3
2020-09-17T10:32:24.685699286Z,2020-09-17T10:32:25.918637964Z,47 Yn577vlGiRJZinmDBiOgVTceNUnF2ZTJ8Kjp8cpJmrgpo7j9lwIKzbEOTzlXb
2020-09-17T10:32:24.727028324Z,2020-09-17T10:32:25.989235963Z,48 DU4JYEACbYoDNZmxPMKvlMnDPUNqui0tv87wB2GugiygNsviYC8kYbVMwurMj
2020-09-17T10:32:24.768493868Z,2020-09-17T10:32:26.056953986Z,49 MG7Ye6VUEpgqMc5dbT4jqFV9mJWK7yOVBpcpfL54cBd0VxqfMfeOV5ADxK2ED
2020-09-17T10:32:24.810591166Z,2020-09-17T10:32:26.124907631Z,50 sWqIYJLuE6xb7DL4XsIEBunbyIBvqYL5fq3MPeVFISK92b2zWnwJYGteJx12Y
2020-09-17T10:32:24.851476460Z,2020-09-17T10:32:26.191599082Z,51 Bny5l4Xi3nVPrvnuHFJSVo7Vlv4s6I0ZCe7svKKe9bjThbPfzJx0WEYeSoqam
2020-09-17T10:32:24.893030628Z,2020-09-17T10:32:26.259333198Z,52 DB5sHeKiowz9pNUKZdKCekcbgH4YoD4lc4UAyYLhD190lkb6TKQ1WPpQEvylc
2020-09-17T10:32:24.934669511Z,2020-09-17T10:32:26.324239393Z,53 8BrAw0cpZJtmvEguJyy6nhcA9FyUkDm19BwcCGwe6mpcakPpPr2ZSdNV9kFd3
2020-09-17T10:32:24.975133231Z,2020-09-17T10:32:26.393533576Z,54 Mw5UIYtN78IVMn7JWxCz7vRZuJ2MqgoacVTQzdKrMUKfaaneqZU398uG6HnKA
2020-09-17T10:32:25.016651907Z,2020-09-17T10:32:26.462234996Z,55 9CbnwNIeVA6zpoGSliHXrOLJ4ImKjihobbpDnA6sQiAmmch829BojCdWC7OBg
2020-09-17T10:32:25.057668759Z,2020-09-17T10:32:26.529487063Z,56 Qz4GcDNCtH1KnWsg5PoqKr6zWYXtdLaDDzgXeshRtwZiYZBlkzjluqeF9tMJA
2020-09-17T10:32:25.098194801Z,2020-09-17T10:32:26.597855563Z,57 3v5QfFFVrPXPHA7k0zsTmb9Icagu0rCji1DsM2Sv5uBIPm9p8fSdPpWYDUtGS
2020-09-17T10:32:25.139575388Z,2020-09-17T10:32:26.665240693Z,58 JlbHvl8aSNXxtgOn8yuucfTtnwcv1CiOfO82FOeCeoQzyOVVQEy9Q4svElAmJ
2020-09-17T10:32:25.180570796Z,2020-09-17T10:32:26.734030008Z,59 VfBMxxU2B7yzCqYyqQKn1rHWuaflhnrnNBF7V4yBzzJiTu7ZUHZBksmDeRyvb
2020-09-17T10:32:25.221447662Z,2020-09-17T10:32:26.799799627Z,60 tfhYCQRs2Vej8gpeNMFg9OnLN0Sl8h4tnmzWwWl3cLnMxDxwYLtgrur7aUrOB
2020-09-17T10:32:25.262547970Z,2020-09-17T10:32:26.868772207Z,61 qaUghO3G1gbM9hAvRDlsYgcUhkNJ2BBEHSBDsQFg52RQPehwoXadreWeil6lA
2020-09-17T10:32:25.303173661Z,2020-09-17T10:32:26.936628418Z,62 UHj3GhgWNiNQOvucldt3Lrb0uybwGQX1ooO5PCmbn3EASYfsxvDJM6uOwvZCT
2020-09-17T10:32:25.344493054Z,2020-09-17T10:32:27.006595181Z,63 gsaIDN7tZTfXDUZeiCVKEMgs6zUNMZ261oeeLN7OMqBE9khw7Ou4aJupDyVPB
2020-09-17T10:32:25.385732218Z,2020-09-17T10:32:27.071503453Z,64 41swPxPXPlMawvF6cMUzSp7u6oVxzRUJcALHYD1RVHLcMHHH35kBnvIMhWTff
2020-09-17T10:32:25.427007971Z,2020-09-17T10:32:27.143040414Z,65 nxBFxtnuRIBwOsPc3Shbuc3EbGWVvlPNT0Vxlwkh30EJR1ok1yINhgbUTsgy2
2020-09-17T10:32:25.468876343Z,2020-09-17T10:32:27.210481117Z,66 yqddVXY4Fle4u09S5coOqGDLQ3VGIh2tbRiQVwNZ00aK0MwJSay2q7na4Kk9W
2020-09-17T10:32:25.510877931Z,2020-09-17T10:32:27.277874979Z,67 4s2q6Tty4wQYXtd8hcwKXh8TP6rzyDoL7MAoM3H6hQ4Blg3zogmDzJWs1Kb1W
2020-09-17T10:32:25.551530216Z,2020-09-17T10:32:27.347286747Z,68 RAQa4ZAhte2rLHr5oc7fuARTBPFhdXV24iPTCY2yyQOszMw3z3yVuldfCErie
2020-09-17T10:32:25.592195446Z,2020-09-17T10:32:27.411115828Z,69 22dzhijHTAxZrM9tsV9NBHoUiHZAvkVnpsCEueO4ZfBoJJ4X6Q1Q7zBOUei2A
2020-09-17T10:32:25.633356030Z,2020-09-17T10:32:27.477551045Z,70 Spj8blwlf2ABRdb0kSILMg3DJtUnmIkgBJZFt5AY4ZxvFMKXt8fhp8CPU71y7
2020-09-17T10:32:25.674087105Z,2020-09-17T10:32:27.545913333Z,71 LOaNlanDSvgDhKwPSw2GT01dOLCgWlU7O7ghy18OvcjFB3NgE7B94cRrjvu17
2020-09-17T10:32:25.716023035Z,2020-09-17T10:32:27.612661512Z,72 VpjhknSVsyApY84kj9jQy3FcyqjKieFqAOx2sT7hmWdJNOQKF6s7U86cbtBqK
2020-09-17T10:32:25.756532746Z,2020-09-17T10:32:27.679639123Z,73 c23OzNlgbyqpTXiUv9LWh8RouPXANDxlMrliPP0AB7MZBu4YNDJIGx9iLUEcK
2020-09-17T10:32:25.797706619Z,2020-09-17T10:32:28.747097244Z,74 zWFszmoxNKaCxiIFdnnJl15qDewkEpJbMbMRHifUI69aFTCtnMkDS3YIqLg2x
2020-09-17T10:32:25.838214780Z,2020-09-17T10:32:28.815318887Z,75 VElYHIl7VawwJxklj8MlLf2NGrhGp3OBk67hJoLHsSBa5MpK3cnP14x8zSHEy
2020-09-17T10:32:25.879088729Z,2020-09-17T10:32:28.882170853Z,76 nPdcCWVCwb8Nz42yFsVm8U3O5hchhws8VZWCF7qlQF00A5VXlTFpciPL4xTbm
2020-09-17T10:32:25.920726599Z,2020-09-17T10:32:28.951635314Z,77 DHWO9po4oRXDE2O1dmDoqGnJCBco4sGklOZogaWwiWssdkQo7orkTtp4yoI8S
2020-09-17T10:32:25.962047473Z,2020-09-17T10:32:29.019042603Z,78 1KUn1zm6Y2ll541WaYEqGlDVuGEt65f8cFD3lMvYEdwswiBOnqLKRiq2jUzEs
2020-09-17T10:32:26.003595362Z,2020-09-17T10:32:29.088768984Z,79 SgrooQN1WINXtjAEVyTKv57kiYijEm5FLsTga5gYn7MJkrnkQSMPYmItIhT90
2020-09-17T10:32:26.044543130Z,2020-09-17T10:32:29.153110515Z,80 gW8StBnVYoXsRSNkFG7z9nTZAowzvosBrwQST5Ls6PBzgkuMHMGdM6qJt0lTL
2020-09-17T10:32:26.085525166Z,2020-09-17T10:32:29.222031444Z,81 PsdqjkqlqlSHxoDsLh4dZIulqNvSHUFBQU6ozTMkFO7ULYmU0QX2tTZPzQ7tl
2020-09-17T10:32:26.126702458Z,2020-09-17T10:32:29.287397722Z,82 AgWxA4bj70gMneUA98h4FA3DdjxpJFv7qVFURzwxsC2jHNcUAxkJzHKN25gWX
2020-09-17T10:32:26.168046720Z,2020-09-17T10:32:29.356372543Z,83 A0SPwrmfX8Ei3vUuykN7yTe1W4cQyBrvNmdBd5TIJwHp4OcZYD0hkIQpJo5Es
2020-09-17T10:32:26.208827376Z,2020-09-17T10:32:29.422127533Z,84 PZaqjwNfUAQ8IZjZHab4ZktzYuSfJ2jgCgENqkyo94QlAzLWnXiRRZTd3Q9Uv
2020-09-17T10:32:26.250287422Z,2020-09-17T10:32:29.488642046Z,85 vMQiHnpmT03En1HsbeNjGK4Kxg5116BNW9rTcQw9mjjNmX4Qie4v2UP8TN5qz
2020-09-17T10:32:26.291134623Z,2020-09-17T10:32:29.556897674Z,86 9HzPblfPafXSRJS55FSmSbyf0TUSNVtaeCeVPfYUJoO5y0R804qD1DY5zuuh8
2020-09-17T10:32:26.332497754Z,2020-09-17T10:32:29.626404819Z,87 VzwQTEfDw6sMEroBKtDNy1mLDAvxFosBS7qFyVQf6BQOJ3X1mZS39kNmRa0Xf
2020-09-17T10:32:26.373929603Z,2020-09-17T10:32:29.693611443Z,88 j5nx9YiuoXJXOr2UVTkBEPr2hmXojXvn0qAoxGiL7QYKsP6FbQYL5SmJgBE5K
2020-09-17T10:32:26.415760699Z,2020-09-17T10:32:29.759191541Z,89 zCls4eyj0xnzrshor9En7MNKD5d6wYZuGB07cchSGhdORRCVBnzWWfLhK0APQ
2020-09-17T10:32:26.456278044Z,2020-09-17T10:32:29.826279615Z,90 txiu1JFt7BmJSzfvFs7W6hJTvKfZcXHrX1kihwHfr3oMkdi4T8PH8EDTBNnpT
2020-09-17T10:32:26.497755935Z,2020-09-17T10:32:29.892236712Z,91 rUVPJL9kK5dF8KgOhz5SCxHINBZx29U5EBaNr4HJNoUWXA15lVsW15KCYjZ74
2020-09-17T10:32:26.538506297Z,2020-09-17T10:32:29.960576154Z,92 S3WUHgpHr7BC0o6flgMgCnZ5hATFNhnDZUAgwY3vNKjL7c3kdjFi8PUo0BD2x
2020-09-17T10:32:26.579141326Z,2020-09-17T10:32:30.028806722Z,93 JMucI15PcKX6y8eeOXBvBDE0ZqWkHjumMVWeWxQTozXLqWmW1wfrZtjuNdjlQ
2020-09-17T10:32:26.620855801Z,2020-09-17T10:32:30.097632987Z,94 qkP8TNrcz6eWNJX442CFufIIOURXCPbDEZhnJHEGov9RFQ0fZXWEH8DyufdiG
2020-09-17T10:32:26.662496951Z,2020-09-17T10:32:30.167562274Z,95 4PoMBLr3tiRnqiTqkT9cD5QR1aVIkhWs4cyZideju7STpM4vQIZlaEXxuHgqP
2020-09-17T10:32:26.703206283Z,2020-09-17T10:32:30.234359938Z,96 iTPXDQNi9AkTpkouNVhWXHjZGlNfLCbbdC2Wimb4ktBboB1NVOKbQPiuEHxDT
2020-09-17T10:32:26.744627050Z,2020-09-17T10:32:30.304957526Z,97 BdY89gxVU7JKFL1r3YO5S3vGd7JU0Sn6QYVkiMzbAyzhjrTTl5iRafDA5ENBD
2020-09-17T10:32:26.785314146Z,2020-09-17T10:32:30.368197884Z,98 c7D9vwtnBI0YcmVaRiLWHOdWiuE5npvKV0k3Pwf0MlK32w5zJW8yckVRppSpQ
2020-09-17T10:32:26.827040336Z,2020-09-17T10:32:30.434924976Z,99 CLRPVUbOF34Bwf2DkZHkr4ZKoJIIPcYuZvRo0orGmhssMNxhNE1cDcf4fOw0I
2020-09-17T10:32:26.868679147Z,2020-09-17T10:32:30.504865733Z,100 1MoJdua1NZKcYpQDYCL0pRX4UgNd0Y0exfnLCAmuKWTUBsWLaKOHsiCVBXHI
2020-09-17T10:32:26.909473214Z,2020-09-17T10:32:30.573788537Z,101 uXf2BKEGmJ1aCk858ef4XJO36Jf2Q72vEZLVDnZMnKmPsseOK77HjFWUQGX2
2020-09-17T10:32:26.950488185Z,2020-09-17T10:32:31.655052827Z,102 u2JmFbF2MtfxocFyGhZVixzFDWJEt0svqSSmN8cQfbaxdPatvcfKGmQzfjpE
2020-09-17T10:32:26.991815840Z,2020-09-17T10:32:32.747372927Z,103 OTRKFMWWT7emoFT3KbX3Vm7Tlxv6q9nDCuOQtLKxwcguiz0CiSgV0VnbyLpT
2020-09-17T10:32:27.032119223Z,2020-09-17T10:32:32.808235716Z,104 Wy3zS4l7A667Snb1K8ZWCp8ZJjDadqgNhPQzjxVkbL8PUqAVITXExMZFuLKj
2020-09-17T10:32:27.074121516Z,2020-09-17T10:32:32.868920946Z,105 p0o9QMTJ0zmmJ9nSzi4kA32tbIGUd9QeLbYfim8HS76Y47htcNid1KAHqkJV
2020-09-17T10:32:27.115123785Z,2020-09-17T10:32:32.930707626Z,106 kv7RjZpIdbqCL3VugVZ852UlECx7vo0qrH7SpVuhgIqtbqXwCjQCVhckr0pb
2020-09-17T10:32:27.156705159Z,2020-09-17T10:32:33.004066103Z,107 jsN9qyfz16JxYCqYAhwf5ZG3Cxrb1LT23J83GOPLbyjPGOKtzVPjgcyVkhFK
2020-09-17T10:32:27.197875244Z,2020-09-17T10:32:33.071131776Z,108 E1BQZxFTlzFPWaPdtf3UWaBOhtybxkfesyVtrKrIHltBYf285xYmKz0PfP84
2020-09-17T10:32:27.239865104Z,2020-09-17T10:32:33.140092116Z,109 6DzSbCAd3LdIT3ghmOt2zRcMRl5IwWcLOaL13gPUvqNQ5KRBMRY5Te3RJp9e
2020-09-17T10:32:27.280768418Z,2020-09-17T10:32:33.207756897Z,110 wgthmkzvAxO7RXaXTBljboCVb4k3Lg3jOq5ZOzEEUWXrWUpKdYZEX2xvfpNZ
2020-09-17T10:32:27.321358989Z,2020-09-17T10:32:33.277059949Z,111 R6YLlWMXTIOlONKHClMtA8Mpu6Qe688YECgQ2YiTZOcYNUhpglndeq071JgY
2020-09-17T10:32:27.362895900Z,2020-09-17T10:32:33.342211754Z,112 jKPjWDV9PIDMAIfAg2IH1On2ttUW3l9gdOqX92DITg9YkCVgeclAlWsCTECf
2020-09-17T10:32:27.404434206Z,2020-09-17T10:32:33.414524262Z,113 SPKaEWoVcvuj3KVFdbs4E7QjWGMoiM1jbvGeMSSUEOpAB0BEBZBkcyhbmDhn
2020-09-17T10:32:27.445232444Z,2020-09-17T10:32:33.479431829Z,114 4tfLRaS6YF0HkwFd7GyIVkmMx9aXR23B3egYI9SM8Ep8XvwE893oHbhoGaIu
2020-09-17T10:32:27.486537191Z,2020-09-17T10:32:33.546270337Z,115 0NJu09OTtnQ2qBYU7O9OWYZQJiDUiPOnKAyPPZptXgmy8QY2wuUhaoyobZbW
2020-09-17T10:32:27.528065449Z,2020-09-17T10:32:33.618752998Z,116 10exd96FMJZJxNh5YTd8vAxqwdEhRacD7wl47jDSWFzLHlcFTT7DfsGBzXmH
2020-09-17T10:32:27.569304881Z,2020-09-17T10:32:33.684952558Z,117 hkyZ3BwVOaXYTNO96mo28sFRGmDrBdAgno4g1Che0i0ZPiVgexc44xGxcHRp
2020-09-17T10:32:27.611198262Z,2020-09-17T10:32:33.749305362Z,118 Vk31MmiSiUenURSAsvZqU2jogZl9IrYE3TVMWPOjLoeopCmG1nBOBliB3FMv
2020-09-17T10:32:27.651686850Z,2020-09-17T10:32:33.817262823Z,119 AXwArfR7QLZda5YBgl7QxSTbC7doL56sHYodw5c01TmorKWimMywIMo4yZXX
2020-09-17T10:32:27.692570185Z,2020-09-17T10:32:33.885251904Z,120 rvWau801cnCnx8hTwjzFWmaseTXmxqNYq5yfVh1Ow9AKCLRG3t3o7lcDQUMe
2020-09-17T10:32:27.733617343Z,2020-09-17T10:32:33.954040457Z,121 5cqf3VPWen3y8jfVriQkOVTRifX5jIXaCdwR0BACdQNjBBnW3gxFVqHvYyso
2020-09-17T10:32:27.774612675Z,2020-09-17T10:32:34.026374743Z,122 1Xze7IdnDcmOf4cuLo3nYrML20cWplrrKpl4skUCdLOYQ9pXTZrklUnTudHq
2020-09-17T10:32:27.815323893Z,2020-09-17T10:32:34.095094003Z,123 PVLyPGI40z94gW3QFoYh7fXq6SvludEP8dB6Ao01xyOu1FyU8868DKPX0TnE
2020-09-17T10:32:27.856631867Z,2020-09-17T10:32:34.157362948Z,124 oPsC0c0DP87ElR6DtPx1iDCkKAO8ighbjG2w0lqBCDL2uSwhx2tcpabq6Qkj
2020-09-17T10:32:27.897711486Z,2020-09-17T10:32:34.226588743Z,125 8fI6B7wS5LBzGzC13Ao6rBAcONJXmcNjIm1H0SNM8BB5TPRqiTEHtxQo3gnx
2020-09-17T10:32:27.939522459Z,2020-09-17T10:32:34.294766384Z,126 YOmCx5R67OXbPfxUsdELWorv4N2ABCJj6yltj9Dx1emIz6IzZLI9z0QDAzBA
2020-09-17T10:32:27.980561128Z,2020-09-17T10:32:34.363962349Z,127 FhB2WxsKTKB93TDBBPRITlVqxehgEKTBANR1KuSB2WemtlbCm5U6jKwF7olW
2020-09-17T10:32:28.021588282Z,2020-09-17T10:32:34.431211880Z,128 wNjgjtpb2Mo1M8Aqrv4oUBRQj9BgrGqeifi0HcfbN2L5O7bG8U2DWcgF4jxK
2020-09-17T10:32:28.062951657Z,2020-09-17T10:32:34.496548331Z,129 ve1Bb0n5YqvqSiWpO9uliKomoJUXyNUEKALzXmK1N35GXyYf9mgM3VDXKAge
2020-09-17T10:32:28.104660226Z,2020-09-17T10:32:34.562861842Z,130 eTK2JNP0AUwv1Tc0Ddw23B58J4u8kClUpmgfSIswHvSObqbrvsQw2lIMD8e2
2020-09-17T10:32:28.146978888Z,2020-09-17T10:32:34.627750270Z,131 lLTtnogPqEVGlKOrJx6VqL2es2IM2u0sbfRyvuaYTAkMVgVOQPQFUU0Sgw9W
2020-09-17T10:32:28.188489598Z,2020-09-17T10:32:34.694135460Z,132 sfxIBHOjxRMkRtGGzJzZYOM0H8lreuzN6NLvzSPDIkKuzFWyxUKCzI0aZUAv
2020-09-17T10:32:28.228976371Z,2020-09-17T10:32:34.762691084Z,133 dtxZ4LOfcv55Zg2X0xEDhHMg8iKmc0C7cjWvuzftN12U7MvhpabGXobQUJD8
2020-09-17T10:32:28.270558296Z,2020-09-17T10:32:34.828858453Z,134 ft5iJBqmWOQ3GwkfY38OD0GvaCiggOrEqUl32PfSaPkPzedDmxfyipyfUvt2
2020-09-17T10:32:28.311677596Z,2020-09-17T10:32:34.897804834Z,135 UCM4bHjrsaZ39BJo7A4HdS2BniBEc2F1pZ81UdGhhdLXGSFxwRhj2zj3F8GG
2020-09-17T10:32:28.353049936Z,2020-09-17T10:32:34.968326975Z,136 kud2XZXkHU7elKWaIe1DZKrIiPJQWiEHEdouFzKafoUdLHz8hDAAZ6qD5eBv
2020-09-17T10:32:28.394582374Z,2020-09-17T10:32:35.036039245Z,137 nbKAO8tnNKe8n0WzjYh8ulq5iyBcejIztE9WWvF78kntgmG0S81SDTUCnk9W
2020-09-17T10:32:28.435245835Z,2020-09-17T10:32:35.101829687Z,138 vMtTJY6lsR9IPjcNAFWgnDvPbk4hHaeazQi79VUhR8zpNBzPPW5T38kaNLzL
2020-09-17T10:32:28.476718513Z,2020-09-17T10:32:35.169026927Z,139 FBDBr8LeqUsFNBfE7cdpAU7PemzwA0NEojaz3cPJUNSRTGLLdTKrBrr7IVLB
2020-09-17T10:32:28.517599499Z,2020-09-17T10:32:35.237353713Z,140 IJyJi1X1eJE5ZXC3PYOEUi4uCzbbUShXdIIa98XedPdCEC8IHJwwjxfi5Za6
2020-09-17T10:32:28.558726218Z,2020-09-17T10:32:35.304237257Z,141 e7ys0KHyZHZ1U8vDdaip845QY3v5zUcHilmEupEMPWFi3RX5FOpiqapGynso
2020-09-17T10:32:28.599535712Z,2020-09-17T10:32:35.370194694Z,142 0n0ZVMoSpzF5jhT9U0u38oihoA9HId8CwbQIj5alJFdszqalSiEt8q1KDZPh
2020-09-17T10:32:28.640209581Z,2020-09-17T10:32:35.441539092Z,143 fWtHFMJW2wQWinaCUSwFNXLZplGRprqGzOsph9e5QX3ZcpKeWJrCcGRPdaO6
2020-09-17T10:32:28.682205072Z,2020-09-17T10:32:35.507585710Z,144 sTFgN0vq7SGfiPrBXaEqpzvuAm5S6c4MJ5SkXdTDoAFR6cV2w3vB80UntNjS
2020-09-17T10:32:28.722886934Z,2020-09-17T10:32:35.574928796Z,145 V2cHoYrnBxwpyIt8XliizOrgdKHND1ZG4d99uopvNJMCaTxe8YjJxXTuzxS3
2020-09-17T10:32:28.764083751Z,2020-09-17T10:32:35.642946160Z,146 8Khy26zQWyiFuj75YeB6agaZUAcU91S766L3yzM69xeq6xThzMVxECnXQtkB
2020-09-17T10:32:28.805532368Z,2020-09-17T10:32:35.710590901Z,147 kxYWwtofbqDBn4P1bPyG9yRXmT8Tx1YrV5n3lA18ZiZbCfWmmUpvt9pS8DhQ
2020-09-17T10:32:28.846847005Z,2020-09-17T10:32:35.779648767Z,148 RFSLvW8Ohf3Mloc39SgMSa94jTmJCMIDgzCVNs1sQTRMx0BZzXeogQuZ4niO
2020-09-17T10:32:28.888374650Z,2020-09-17T10:32:35.845617309Z,149 YdHJeVJS7QMm3rg3xdlyboQ8iyVVRiG9xX01KZVuEL4E21NoubNBdIHyzl5x
2020-09-17T10:32:28.929895241Z,2020-09-17T10:32:35.913234092Z,150 E1LSWF1jdASikIi0LUr0JbIpXimgMV8VHo3CLHlRY5Sjq5rUDBh6rLIP70uV
2020-09-17T10:32:28.970237197Z,2020-09-17T10:32:35.981675345Z,151 HtO9vdoulyDU2fJ3Z1w7Dx7W7XV1OfE5mxRo1cKBAaDDWq5LQVjTUJ1jejKp
2020-09-17T10:32:29.011488861Z,2020-09-17T10:32:36.048772040Z,152 2OTcJYbACNEDkZH7a6QsvQmoI99vFZb6uBjd1V1KYUMo9eccahCfCvlEV0Xt
2020-09-17T10:32:29.052866977Z,2020-09-17T10:32:36.116893963Z,153 lkMp1PQhje5e8b201vuHAsh7mkdgTbWt2G7mcwifqWDn0xubsokMoPDhfB6F
2020-09-17T10:32:29.094225450Z,2020-09-17T10:32:36.182918059Z,154 wrA2HdaHuxuFszJsw9vJ1aBOAntFUwJSKQ3NbX7HaV4qgcLRVCoVhPR9Y63g
2020-09-17T10:32:29.135250345Z,2020-09-17T10:32:36.247758962Z,155 Hz3SqH7W7xkfh49K1Iob1FEUYN31tHueuuebFQXJW7Wu3GkWrWfHCYLgaBQ7
2020-09-17T10:32:29.176138356Z,2020-09-17T10:32:36.318523095Z,156 86G1J8gHkYzky7bzRB8HkF0C51EVdiiDhjOKlfcvGPel8wF047boJ8xi3X3P
2020-09-17T10:32:29.217827241Z,2020-09-17T10:32:36.383369174Z,157 3YpJh4CP9tZcJtADwhybj7XMWNl6PeuTb6Y8LJ3J7zZUxQAT4ZKIWpEobQ9A
2020-09-17T10:32:29.258448168Z,2020-09-17T10:32:36.451308986Z,158 tTlUe1mvxXuQrZwpwfXwvVX1vev2ZHc7Jlifu1vpuyVpw6Zp1gtq6GaYwjMu
2020-09-17T10:32:29.299900439Z,2020-09-17T10:32:36.519184916Z,159 QBHf1FB9rUVDPns6sDYXZ5VYF4DJ30piHGZMo0jwuhP1LkTPN4Dn6bq4OyDg
2020-09-17T10:32:29.341843832Z,2020-09-17T10:32:36.584050290Z,160 LwlFye2YBDad0XK2No8rahhoDUi7QkLAW1P8a89Oq3fFurFpJApZY2ZPUIkM
2020-09-17T10:32:29.382447530Z,2020-09-17T10:32:36.653343008Z,161 kAmyIUmb1PKLzq6I2p0A0llzMW8g09UuXrMU7TKSe6vogRljxQkWJhRLOG43
2020-09-17T10:32:29.424060682Z,2020-09-17T10:32:36.727281183Z,162 sQcbn3MuwGzCOSq38dseOguvFyZ6KUY264XE6UZyaimCVbChNm88WGQJErsO
2020-09-17T10:32:29.465482799Z,2020-09-17T10:32:36.793938045Z,163 C8sioMuI9AGaFzmNthCLaAfDiZol8mbyFdbHaCAKxeM84IoCUNQjDAMovBvS
2020-09-17T10:32:29.505854451Z,2020-09-17T10:32:36.861036386Z,164 kDsV7p7oUEZLSjn455SSCI58RXkJQ8nSUZWgJqstf8zduaJocoYMiuDbRulq
2020-09-17T10:32:29.547341397Z,2020-09-17T10:32:36.929786663Z,165 LDdGv29rtYbNwN3Od6MkM6buP7krc1OQv4wJdtE4Zr6SEnyqMCkGgg8okVHu
2020-09-17T10:32:29.588546144Z,2020-09-17T10:32:36.997582532Z,166 J01A7ZPdijkETY5QJ548Rgds9IqJt5cZTYAGXHp4abIIOCxyNhaBsBmI60Qi
2020-09-17T10:32:29.629723994Z,2020-09-17T10:32:37.061972277Z,167 ldr4yxbfgGCplt0W0VDbn793YpIXrZpkG6v7pOuEq7rAi4dsxQJT0g6RNDkY
2020-09-17T10:32:29.670222083Z,2020-09-17T10:32:37.131596105Z,168 twAJZbI6b79E5hvfY93lBcsWtt4tOppjybf33LDhasveKhwNiLX4G4qvMQrt
2020-09-17T10:32:29.711471906Z,2020-09-17T10:32:37.199605209Z,169 jgXCIzNW0qVRldJb9xYGTgiEpew92UvNJEdirX91VQHw4nU1fOYvZRQrBjQj
2020-09-17T10:32:29.753029821Z,2020-09-17T10:32:37.266636377Z,170 9qvSRD34fkMg1nYZwRkzxoXsSmoegM4UZWL66S4RbrNnZcWkh2I9wBF1Ljbe
2020-09-17T10:32:29.792969625Z,2020-09-17T10:32:37.332241885Z,171 mnYQ93HtuvWVqKZot9rdwAw0570XYuxzMmf0W8p8zfA2YrAP02pcQPPm6eHe
2020-09-17T10:32:29.834509259Z,2020-09-17T10:32:37.402655914Z,172 tK6Llpwoo0DaLhH3VRD680FbSH3Zbx9FdzSSQPshfRJothd6DNqB0sJIcOcG
2020-09-17T10:32:29.875715425Z,2020-09-17T10:32:37.472679464Z,173 AsTNkRmo49Uw9hYk1148ofxYm9Tadra0crXtEZj0VPNhDj9B7ICXH9Y6Bm6S
2020-09-17T10:32:29.916899194Z,2020-09-17T10:32:37.540114214Z,174 3k69ggfYhvJFr28hc7YSylelks31BsjECGOsIVBMKrfGV73rlrhcTvvl07yK
2020-09-17T10:32:29.958473707Z,2020-09-17T10:32:37.610387813Z,175 z6o85bXJdG913SWtBLs78FvL5QbnWPCqf8EMoqoDBtBVMh0FQGWDulzjFvLh
2020-09-17T10:32:30.000109306Z,2020-09-17T10:32:37.679900536Z,176 QYHs3yvdAECkgWdlnES6v7Ki8k4jKiZE5BE2YGyZiewiS8hakLPZ6XbbiFga
2020-09-17T10:32:30.040877222Z,2020-09-17T10:32:37.746599029Z,177 DBAn73KxebVc5Bj4WJWtq6b83pOgfWphaEpzIzrTaiy8uBXXIAXYDUtg2tye
2020-09-17T10:32:30.082355180Z,2020-09-17T10:32:37.811851555Z,178 JB0C4elBnEi2hjYCj1wdgNHuz4hLQIio2eIW3GzBRU1UmqK6KisfZx0nrIYH
2020-09-17T10:32:30.123685058Z,2020-09-17T10:32:37.881241231Z,179 ImS28ZAqWw6rH65EIzU5CM6gtIxUjAlXD8gc7yDOiewVQ7jXeqGXkuwPeJf9
2020-09-17T10:32:30.164431070Z,2020-09-17T10:32:37.946999988Z,180 hOjxgzZID1aS9Dmnu9QcGXEhpN8Ai0our5uwMTqqG7yi4Oz1kbd8EB33SzEJ
2020-09-17T10:32:30.205641305Z,2020-09-17T10:32:38.015545699Z,181 xcKDq21sfa6IjpCbifMSvlditzCbErD2PT0TpUTeX8BII9xVDXAcloEHCS0E
2020-09-17T10:32:30.246665697Z,2020-09-17T10:32:38.082987502Z,182 NnluPA6z8XuBa568MsWGjyAX5YqGkAOz5szoOIxYpL7wlhmwY1G29lyhHNjA
2020-09-17T10:32:30.288344062Z,2020-09-17T10:32:38.151344003Z,183 4EjAsKdCywEe2MLXGq7iSFyT2QmWjA21VV3Fryh4xUBklnX6sIzUxZFqVIta
2020-09-17T10:32:30.329664966Z,2020-09-17T10:32:38.221340969Z,184 o6II8JTURbYB6cIeoW93ffOO3OBZ4K4ri9o765Ry3pDELbrXG9TBvYLwVTCx
2020-09-17T10:32:30.370259417Z,2020-09-17T10:32:38.285199913Z,185 0KRfbgV7GKYrDXcNH6Vyoje4hpxpNMeXm2D6MRcl6KT5WKmaWbREogGoTVtN
2020-09-17T10:32:30.411809591Z,2020-09-17T10:32:38.353590439Z,186 Y5riMFHroaF5emBhUi408ncs7SgLG6GVEvofXOIinuBmrcuDJ2WtddeBcssn
2020-09-17T10:32:30.452208422Z,2020-09-17T10:32:38.422855261Z,187 5yerYnlcl9dZE12mjB0FjWrFCCwi9p8f1nzv1blMpb806uYQLEKx694orY8l
2020-09-17T10:32:30.493665847Z,2020-09-17T10:32:38.492382581Z,188 7tcRaJYcGiJSxperMT2rZW1N3Di4HK7xNaA7BpyTKUh2turhQdzCXU0priwQ
2020-09-17T10:32:30.534094723Z,2020-09-17T10:32:38.560257975Z,189 db9tup0cUbppr1vuZmSIY9dWbbXwA6SoUnVbM3qHoFQMy3Egfusp5RN6GuDo
2020-09-17T10:32:30.575930632Z,2020-09-17T10:32:38.627207188Z,190 v3clh2autU5aU4FaAQf32ld9Abn9IitiIhIUtfTMTaCIubwrXuIdC8NvSlcL
2020-09-17T10:32:30.617410419Z,2020-09-17T10:32:38.694678497Z,191 SkuAC7oS6f7h5cATUd06A7iiQyfusVCnKesC4YeDtXqRfSDQ5t9MCIGHF4lS
2020-09-17T10:32:30.658558144Z,2020-09-17T10:32:38.762075909Z,192 pozroJ2skEHYj53snUqFkS0suzv2ML1CLqhRVv4jP3hweEQQIVbzMO7wwUUD
2020-09-17T10:32:30.699144724Z,2020-09-17T10:32:38.830103138Z,193 TmRkmrNYtzjllIbiYJZt8TuSzqFi64CvqG7PVLoqltHWajgmftawB7IyoVdK
2020-09-17T10:32:30.741465970Z,2020-09-17T10:32:38.895805518Z,194 0maFAyLsVEyuPp6Thki78dE1EllyzPX4FXRgFkscOpXqbdfeRYYVP17a3F9l
2020-09-17T10:32:30.783240823Z,2020-09-17T10:32:38.964277535Z,195 jM0j3rubpOe1OPEJPRTEPVBTMvqrF4ZZULAOmR1PANjRaKsUo6X0FHEadZL8
2020-09-17T10:32:30.824527441Z,2020-09-17T10:32:39.030622492Z,196 rM8ureDcsn4VZGMKVTR5YL0ezDMyURtMkiR85PNT8UQukGiIf6VtSB2inWkz
2020-09-17T10:32:30.865033777Z,2020-09-17T10:32:39.097426725Z,197 J0cuEgFhBXpvnr4KV4GLvYerWYuP7TAUAEy511QWJrzys9SJKqxvTrNdQiIa
2020-09-17T10:32:30.906233372Z,2020-09-17T10:32:39.163752431Z,198 1cY3BTzzDjQbXthhzTE8dxanLDQ8uLvh3Ic5sJjtcePNZEX4mQpP4Pj6y9AE
2020-09-17T10:32:30.947977463Z,2020-09-17T10:32:39.234461030Z,199 OaYh0YgMF8K6gQaUoJPEe9Gmc4BY2Ao21fehMbr2BEiCtzk0ZbQXMCbevOW8
2020-09-17T10:32:30.989341206Z,2020-09-17T10:32:39.298565986Z,200 v5Kyhea99OoCqPke3DtvZn2FyFQVJfNQgrqk73LrVvbeungjFSmRATinhc10
2020-09-17T10:32:31.030757650Z,2020-09-17T10:32:39.368881390Z,201 gM4W44dk9kAgrw4x4iU36CTobjCoiI3pSnl7cgxi41YwHyitqARP6vl081i6
2020-09-17T10:32:31.071150992Z,2020-09-17T10:32:39.436312772Z,202 JM1rpLiCpvz1KEfU4cVzpyyZD0AO6odKWVOgImnIs0IuRjepfZKQdY351gdi
2020-09-17T10:32:31.112989878Z,2020-09-17T10:32:39.507814424Z,203 EQEzzCRRAlPLo3chVIRXFgGhfPjRhygTsd1VQXRpNXf5T0NjJ8LKPWWdoGwN
2020-09-17T10:32:31.155101660Z,2020-09-17T10:32:39.575482833Z,204 p7zrMGV3Fpamso0HT30Bb29wAyNYOXxphkjKWurfREN7E4fZpO9njqP8HkjB
2020-09-17T10:32:31.196021588Z,2020-09-17T10:32:39.643503146Z,205 hIfS0sWW39TffidtGMPtyfV6Ysezfr91v0DdoTdl7q9143byCWvNqOimn5VK
2020-09-17T10:32:31.237178306Z,2020-09-17T10:32:39.711385705Z,206 o2MpEt8Mlh5kCAuKmCM7eH1lmIlhAC5TjsAWXd8rig5DVytWww1jwIOwp3b6
2020-09-17T10:32:31.278616757Z,2020-09-17T10:32:39.776957252Z,207 XuVdGKTik7RPuKOahMWvnOrN8gsAAXIaJqxlN4uxeCd0CRCobmwybAreFJke
2020-09-17T10:32:31.319455008Z,2020-09-17T10:32:39.845785495Z,208 nkKBhEpdC2JdCGln2bd7Hw32eLf0XoflNhUMnPgGtoKHXOi6YmCi606g3Gnz
2020-09-17T10:32:31.361129807Z,2020-09-17T10:32:39.914729226Z,209 vujCcMNjB1BltzMMZ56lkRHXnedOa3gK91OW4E2RfO6TpsnlSaPCiSbr4zL4
2020-09-17T10:32:31.402769576Z,2020-09-17T10:32:39.982580947Z,210 lbUdY7o2OibxTQcdN5Tyb2iAA90zmDOgwCfDL8kGQ3lDlTzOHgbtQTCJ4F0E
2020-09-17T10:32:31.443262308Z,2020-09-17T10:32:40.049301447Z,211 wJyyIFYVSZkxH6jiduRaR7Ts47sJtFzSnOJTTywk7leAI0DP3E7eozEouUJP
2020-09-17T10:32:31.484657967Z,2020-09-17T10:32:40.115194646Z,212 EZQg632Xx2aVNqNTZEWz6PxOWzK2xDKy4wgcfk2Ne9ovMM185siLLvB0el1Y
2020-09-17T10:32:31.525728597Z,2020-09-17T10:32:40.181945826Z,213 dBB2jcvAUyVqCTp54C1cT4ze6XTVZ7Ezfj7tNwG1T0IpwYDFcX7enBiTherx
2020-09-17T10:32:31.566353877Z,2020-09-17T10:32:40.250321148Z,214 1F4uBqDYp2XV7u2HuFV7TozrWgBHmDWgz2cyE1g4I5myJ3HbFmgWdkyVyHNB
2020-09-17T10:32:31.607932772Z,2020-09-17T10:32:40.318285140Z,215 tk8DCefZKsv8O9UroPtc0hG5dinPdxvnCxh02ac8w2laVlm1DQjNGBEOn1WC
2020-09-17T10:32:31.650239361Z,2020-09-17T10:32:40.384679868Z,216 kILmFteViAxaUgiKzHbM8EGmwJzBnYUVzm9CYU83hkSRJ1Bh00RnIma3sDAa
2020-09-17T10:32:31.691321216Z,2020-09-17T10:32:40.452375032Z,217 1NlsddLxQZsXCr00Jrd9DnUQfqJRF2zCTlctUnQdqJd2Wy8njV8Tcw5x8FO6
2020-09-17T10:32:31.732063470Z,2020-09-17T10:32:40.523025623Z,218 VmIbpZxOD7YAMWCF80vWZqDFO4c9MRKzSKRHSyU08cyKO05dNwmuwM284JEP
2020-09-17T10:32:31.773891754Z,2020-09-17T10:32:40.591664846Z,219 YSAVDOtbYkc6zWwTdi69su44A8waYYt2BLnycXVmTfz9gNazGSt8BUXKZAZw
2020-09-17T10:32:31.814680294Z,2020-09-17T10:32:40.659215001Z,220 DDfh0pjOXkBV9lvDrBONKP5JuogxibKmHiF0DE7Wuo9S1YbdzEiym3wI4oRz
2020-09-17T10:32:31.855481445Z,2020-09-17T10:32:40.726846286Z,221 JicbeA2X5J4qIp3u7YVtljxuK9ltEbTYUoPpAC8gEMptqs9oM03hJr3UX1Zc
2020-09-17T10:32:31.897468068Z,2020-09-17T10:32:40.789099727Z,222 EYjZXc7vwL3aouitsSkRixMHR9vcQGZ9IINE1uf1ZxnPaBUODHxzqod1BBmy
2020-09-17T10:32:31.938548095Z,2020-09-17T10:32:40.859866361Z,223 VkU10HTXb1foMdlIMDxxFis4GXuoKrZhNy7ACdDUcY9h4zwhIbZqemEWT9jX
2020-09-17T10:32:31.979303270Z,2020-09-17T10:32:40.923370055Z,224 fLDAAAxDDkB7bugpmVsOtT4JdoafGGVqZDXTQ35QYJo4kD6z1t8vuXAQcOeL
2020-09-17T10:32:32.020414235Z,2020-09-17T10:32:40.988095488Z,225 eqACKa6xTuLJJ4d3FvuoCsZJ9d3lKBGYhQSwx4iTXpD5inbFQ8DpF6hqzM7j
2020-09-17T10:32:32.061116454Z,2020-09-17T10:32:41.057028440Z,226 cCTAt1orgur7MP2SYYcaW5cF04kleIRafgkwXiNbv3FVOiPgfkKDZf6SpmEr
2020-09-17T10:32:32.102852630Z,2020-09-17T10:32:41.124268271Z,227 qVSehdhyQRa8l3WdONESLWfbgXf21oUGFFUJc6R8M3oEErTTwgPKWl9S9DHS
2020-09-17T10:32:32.143897917Z,2020-09-17T10:32:41.191913858Z,228 3FCLJLBOhEO6qmbRQhWaybPd4ubtiw7KjypiZw0Iero4hkLQk2pJNuMM8mD1
2020-09-17T10:32:32.185627598Z,2020-09-17T10:32:41.260987517Z,229 ftdjcnl8eAEROJYXOEAThyemLGI3BsBnICc5wHAOhFopGHgVnEzIN3QocClc
2020-09-17T10:32:32.227031636Z,2020-09-17T10:32:41.328197704Z,230 77i0E7PA6EgHEGP8asGXSd7KTCtYic7o0KrbcKQ3UzN2lrMzPihssISnZ3j0
2020-09-17T10:32:32.268714211Z,2020-09-17T10:32:41.397563240Z,231 ELUC79kV8KFhAoGi3EsQIY78iIDu44XeFo1IbUA3FSY4MH6azwCrk8XZDUMB
2020-09-17T10:32:32.310721397Z,2020-09-17T10:32:41.463854775Z,232 60Wo0GFxPAdpzRAlodoExv3KDc9uNwr90wHLCb4Ttm4xhvotwYAhQ6nSJGGG
2020-09-17T10:32:32.351771700Z,2020-09-17T10:32:41.533627119Z,233 pqFX5VRmukR4g9oUMxAXbD2IirHaO5usoqyFWHjHVDyZTNUScIH7j7qm90Dt
2020-09-17T10:32:32.392543152Z,2020-09-17T10:32:41.600539063Z,234 Qean6dU3oz0j5Kpkl8fBWBYLVhCVdjz8P0mDNiiDuM9AwS6PmScPLkSwQRvn
2020-09-17T10:32:32.433376286Z,2020-09-17T10:32:41.665234851Z,235 71LxIUHWLnfJs7c04ZZ1idoQan5jK34MQykcl3VfSWnLFDtqWfTkCFkE67xw
2020-09-17T10:32:32.474930650Z,2020-09-17T10:32:41.731285567Z,236 X1a3C9IOY50X38vjExAhjw2tJmbHZk6ibjO0M4y5fkYHa7BV1vBqlZECAJIU
2020-09-17T10:32:32.516271442Z,2020-09-17T10:32:41.797755068Z,237 UpqudrrBdbGvaw0tVwjEMiiEpdLwf9YgX8OyeaXrwoEIwKweOKkdWihkYcHY
2020-09-17T10:32:32.557040313Z,2020-09-17T10:32:41.863913083Z,238 s4H9Gfph1CxifwQavvGk7r73HThhq0aHbhjYQLJXLDtbfk4DFKe3n9xhY2Pd
2020-09-17T10:32:32.598696572Z,2020-09-17T10:32:41.932459117Z,239 ztrgZwwBvvmmt5BJ5HcLQCPDRrTSHcXu252Vi0x9uhRcKrTIPpseGEaHaJ57
2020-09-17T10:32:32.639948742Z,2020-09-17T10:32:41.999561395Z,240 RBqJPIfoMfTCwFt1Nlv7UtdhHWWpxG4zt7IBmR7Ku2D62c97isZNrfoWfmV0
2020-09-17T10:32:32.680834704Z,2020-09-17T10:32:42.066142855Z,241 mzbk0MMyV00MqUzEmcIZN8RUWsjVJUS3EVCwETrnBP0C8yLi2HsGqWZB0OqC
2020-09-17T10:32:32.721301453Z,2020-09-17T10:32:42.133521774Z,242 DfGZBbT6GbFAQbeBoL84uq9Ao2rbai2cwo5YVuUUtm1wd5egm7axqhH0Brmi
2020-09-17T10:32:32.762655593Z,2020-09-17T10:32:42.200209213Z,243 RIG49sAUBqxoX9i2ip2D1UGw1OLhTveGiS7udmoNbP9uPcZYDNhOq4sFjV7r
2020-09-17T10:32:32.803343994Z,2020-09-17T10:32:42.268671290Z,244 47kUKj1f2zPMzxMaUW4wyxAIOrmv7EID5fy2EX0gorKZde8fouHFS3V0c13b
2020-09-17T10:32:32.845112254Z,2020-09-17T10:32:42.335001225Z,245 F9O3lJSDaXe3Vk5zTABojSZdDJErsVxBSlqGT0gMZfMjUhEOFd2TGMVuq5wF
2020-09-17T10:32:32.886635745Z,2020-09-17T10:32:42.402994248Z,246 fsoqUYGLdYS6FD3qPeGdCQqVYmiGC7OmY43EzOaDxbd8hKoITyVICYcHIrNP
2020-09-17T10:32:32.927620135Z,2020-09-17T10:32:42.522242009Z,247 IwsLqPGNQsxxxZhHr8pDDrGJjqjHlVnlhBpNoJ0PMivTOuXxYqBuatj5ISFN
2020-09-17T10:32:32.968621188Z,2020-09-17T10:32:42.587054910Z,248 9Pb8Ub3YdI82ZweMDz7JFeEE9fEkO0R1vl3p704Hi2M6wLeEnH9whgoat2Fk
2020-09-17T10:32:33.009047695Z,2020-09-17T10:32:42.651253935Z,249 9WZYarueuHXRWYmDpKxa53hIeNc9atZngJ1NJzlOP38L5nv1OXnZDk68gjuV
2020-09-17T10:32:33.050436474Z,2020-09-17T10:32:42.716904180Z,250 2uEx0J5E7ChyDWQdoWQNaU337WBSDU9Iucsiouw3efFI4LNTc4XGgou6Hqd7
2020-09-17T10:32:33.090979845Z,2020-09-17T10:32:42.785155551Z,251 hcrQslqQhVksk1pxCCKycLm1jzYruSmQ0srXdoJtnrHciRmtIhJjZHk2f7uG
2020-09-17T10:32:33.132747689Z,2020-09-17T10:32:42.852929791Z,252 ZHefLDoZ4uqgbAwBz9sC5MPIUoz5cdMGlW3T65jzNIRKbhhVgIbryi7Ej4FO
2020-09-17T10:32:33.173951391Z,2020-09-17T10:32:42.921282218Z,253 RHSAUyTEz4J3R2bPVhYvkciD1lIntSoqtcfNOinPovia4tkH7lgWGvZA8ryb
2020-09-17T10:32:33.215339138Z,2020-09-17T10:32:42.988550624Z,254 vg5C3gCU7vm7z2Z6e8NGDgHbXj4PcSFGbJRdyJWaGnbFFC7wwZtYJTsoGTla
2020-09-17T10:32:33.256295954Z,2020-09-17T10:32:43.058947637Z,255 mgq4wnWX9IpglQ04t4eDF47p9xd7XafW79RF6z8ol4ZZ4NMi5rMGLxxa6b8a
2020-09-17T10:32:33.297899969Z,2020-09-17T10:32:43.123502727Z,256 aF41LH0BPHgrejCZ1ktGF6b9jInZ6vMvGSNXtPNiAiWa8apBWy6owpRcBZ9N
2020-09-17T10:32:33.339780893Z,2020-09-17T10:32:43.187329363Z,257 HGO0eR0LEgLJpFIKmEgdogbskKzWJjtCadOGnIf9DD8NBwMyBmUbgwFInPF4
2020-09-17T10:32:33.380597286Z,2020-09-17T10:32:43.253918859Z,258 l37KNcxiEAPZAbZvjyAkGWTebN1RkK6qFb1m8iVCmid7FK8XAniuXMZsQq55
2020-09-17T10:32:33.421688634Z,2020-09-17T10:32:43.319276863Z,259 ICeHWVSJmxdzZV51TGkOVXlZigeOQfmA0vVTKm4epLTlW14cTEtO9QkU8I9N
2020-09-17T10:32:33.462325046Z,2020-09-17T10:32:43.386900754Z,260 49UyNcrpgx8YZFeSpGiUxuhs1MshUD49xTV1v2z87t1mtXKvZVC0fAAXjIc4
2020-09-17T10:32:33.503171066Z,2020-09-17T10:32:43.456326343Z,261 1REASwmF1SQdeP91wVygm0ueIO5354bSYsAUmP10RYia4VSukFJ6n8ptjQ1q
2020-09-17T10:32:33.544701211Z,2020-09-17T10:32:43.524644167Z,262 fkR0K72aeacNLwRQZ0rYco05UExrs0kSVSPCDllrNWYn0be1scA3XavagSC9
2020-09-17T10:32:33.585386578Z,2020-09-17T10:32:43.591392036Z,263 jDZ4KfukoEtpzXZYKuGuJqOIhO9NfPc09l63y9cQHQthJHeTEwMyu9MJEupW
2020-09-17T10:32:33.626206467Z,2020-09-17T10:32:43.659691847Z,264 uz0AjqSm0D7GJ4OcXoAQnl7WmAEYS5KCzetzKQHZO0cs3r1XUbt2BV5EeJ2R
2020-09-17T10:32:33.667328744Z,2020-09-17T10:32:43.727920298Z,265 QwOb9bD03MFL0gEM6EFxz426JAZqWuewreP0Or2drTIRi5qGkyFSocNjbNVM
2020-09-17T10:32:33.708978451Z,2020-09-17T10:32:43.793471984Z,266 xI3XWNI78VSp8bUqlOB1LvrC7VJkGicmbq66F7kiZG4A8mMw3oeCv4Lsqfjc
2020-09-17T10:32:33.750912034Z,2020-09-17T10:32:43.853363373Z,267 uSxkiYz7nQ2SH2SY4cy0GhlPAgZgc91MB9I6is4QH9aHeZKCgymKgEON6mJD
2020-09-17T10:32:33.792919507Z,2020-09-17T10:32:43.914487759Z,268 o3GBADTdiiYyKwC6fXiupkNdrGx0ObQjKVSo9aB4rdHxg0xcpQ4DHzT8uN0f
2020-09-17T10:32:33.834393212Z,2020-09-17T10:32:43.975485174Z,269 1HT7bSIGfuKcPJ4lzuDuiOvCRwcBiBbkN34z3rGtHYWsrUldvTOU5oLmQUsp
2020-09-17T10:32:33.875337635Z,2020-09-17T10:32:44.036643354Z,270 XLh9EVdOCI4nAlOOCZaMwBBBcCT1sgRXNZXnuQ5d6VPk14eOLoPu1gHZUHhI
2020-09-17T10:32:33.916480193Z,2020-09-17T10:32:44.102752168Z,271 XPfRf6vrlNmGwFO5Osg9a92P3pnDd1G224l7yN9aAFNx7gWSLqZdyRTFFc58
2020-09-17T10:32:33.957800415Z,2020-09-17T10:32:44.166468989Z,272 UTUKQnARSZpPWVgl6bMPvZEK0YbTYvJnh9v7bTawWQVbtZRKiRfKPjHW5EZU
2020-09-17T10:32:33.998116136Z,2020-09-17T10:32:44.240809248Z,273 FsgAeI3GLwwubwlwvtAFwi59W9cW42U4pAYHuOKn1NDviyTfyYK8dSaMfVCo
2020-09-17T10:32:34.039102234Z,2020-09-17T10:32:44.357845051Z,274 hS28OP8QaZ7gEc7jxkjfY2J9xzDwjJ1FtR1yVX0Lca7g5nBePrHeRptqbcpk
2020-09-17T10:32:34.080814228Z,2020-09-17T10:32:44.422519374Z,275 sSPD7QRRn6DEd81zka7hoZupQfN5yaYmqtvlhYOfel4uZh3Ymh1oQKpY6J22
2020-09-17T10:32:34.122468601Z,2020-09-17T10:32:44.489692211Z,276 O3s01ERSqGHJh5xv8mTH4xdLt79YH4rmz73nnDi4BhyPsXCYIOFnyHAGZP6W
2020-09-17T10:32:34.163389442Z,2020-09-17T10:32:45.577767222Z,277 pjoxfafVdvNFgDegNPd43Pji3LTp5ZI3xF7nCL6dZLOvnJgXbfmfpX7raqGI
2020-09-17T10:32:34.204140426Z,2020-09-17T10:32:45.641030222Z,278 2ilI67uxWVNFNJSuKbdMFxOLDLJXplufMsOTXwoWD1ybgnhdL3tSJZ3OMXeW
2020-09-17T10:32:34.245706601Z,2020-09-17T10:32:45.711135576Z,279 IjTxqcTw3SU1hJkRh26NEgOxQmNa0MWOoiADENxXwkyv16Uh88N1RxF3PSkn
2020-09-17T10:32:34.286134529Z,2020-09-17T10:32:45.779036840Z,280 BnconiF7XRDZ2jWJ9osQ0nPqsi08tqRLtdZTIyrHoynSUrmNXpGE0zGfnii6
2020-09-17T10:32:34.327159350Z,2020-09-17T10:32:45.846971022Z,281 ZFtJi61FvYzoYm6ye3SrCnXsjb1t3O2sUwoaoJDURbbUKikkZFHhK0lRd4sM
2020-09-17T10:32:34.368611420Z,2020-09-17T10:32:45.915602163Z,282 5FzgolFLURJOOLJKeK1idhGcGv4585tBpQsdIiYpys2HgzjIaxl1rM93pmhY
2020-09-17T10:32:34.409927284Z,2020-09-17T10:32:45.984636138Z,283 LVXzqtA7Khj7a1JVAklzhQexdGweZUiCKVtsvb5ECKec0TuoYaX8LWDXkobK
2020-09-17T10:32:34.451452878Z,2020-09-17T10:32:46.054062485Z,284 ogJPkaNakDYQGzKVv9hyxVWvrtomsTAIgipbRtd55zDBseERhObGnXpkFgzk
2020-09-17T10:32:34.492662173Z,2020-09-17T10:32:46.118964995Z,285 YIxQaC8t9DRZ8OVluhanWxQwUtIiPmLI2Anw1sftCPTB8IOSpmielZWmIT5P
2020-09-17T10:32:34.533124793Z,2020-09-17T10:32:46.187956534Z,286 a3X3OZ6PzzpkcbW0OYHEk87NiEgS7IGHde5baNJZwSzxKMLdDi3Q6A8cGnhZ
2020-09-17T10:32:34.574448749Z,2020-09-17T10:32:46.255661116Z,287 Y6IP87mtkmGIEMsPnhbr92hcK7UJGC2AYCa9K1hu1Mpgrb41YiofRzvpVcWg
2020-09-17T10:32:34.615219116Z,2020-09-17T10:32:46.325361503Z,288 tX51AzE82HsiLWR0wL9cgp98s9DQ9WJA55bWS8bpt0HWfJEnQV769mO4tp75
2020-09-17T10:32:34.656753779Z,2020-09-17T10:32:46.394490816Z,289 upwz75AEcMi2nCVCrpHcNXwvPwZ6QNzDbkAPYgda6uPVhHiKx92f04yjt8hg
2020-09-17T10:32:34.698296711Z,2020-09-17T10:32:46.463531533Z,290 YvD7DlJFrH24UAnk4KQHJmrQhQfO1jup6xFYMKiqXC1cNN6iZylpgcrVKE8u
2020-09-17T10:32:34.739261844Z,2020-09-17T10:32:46.530624561Z,291 Od6FE9B4yfc2JATaE2SBqzwNihe4GCEv5FW61IQdSAfvEidlW8zHSyzyxJLL
2020-09-17T10:32:34.780468801Z,2020-09-17T10:32:46.597043843Z,292 jE0tQ65p4RZvfH7N44wInb2meJXtKQdjer0FsHPN4PkjziPdZGA3gYWacORY
2020-09-17T10:32:34.821882170Z,2020-09-17T10:32:46.662654092Z,293 nHFzYiTHbWjQULAhnKY6GjqGBjiTQnyiVYzh7tupWLOEy9DN6Z7wGot3wUuJ
2020-09-17T10:32:34.862104322Z,2020-09-17T10:32:46.729946768Z,294 BQS6qtehkNJH6t9gnBkmY88iIP7usKpVe76Lm3JRzstPaRXS45r5Afcuv9g2
2020-09-17T10:32:34.904037739Z,2020-09-17T10:32:46.797916579Z,295 oLrIaMmUwkNroBftP3iEDcoOFygvKLmPR2iDSIe5mtM9ynlhGZLHsPrRPYsk
2020-09-17T10:32:34.945962796Z,2020-09-17T10:32:46.864957379Z,296 e6j9bFCrzPQLuGwtaPSMW0pGbZ0kyHdJ7Y08iWioan8mpxmRFJJJxtKUWgyu
2020-09-17T10:32:34.986879643Z,2020-09-17T10:32:46.933841097Z,297 HElZD9YT5lnhRgFa8Rq1YS6z7qJxXHKC0rwovotI2CEC9UIpscLme8ER6kbF
2020-09-17T10:32:35.028384488Z,2020-09-17T10:32:46.999223208Z,298 912AhIs6u0B8VWYhtxf2VvLa7pciw4rQvKG0bq4ZGUzk6pRNYvk2pGK5puyT
2020-09-17T10:32:35.069974428Z,2020-09-17T10:32:48.072178761Z,299 xZchtlhEevDjrDc3Ks982z8ueC3ODuFT9xix0Fp4zDwZuHPeUmvHm1HbRbm3
2020-09-17T10:32:35.111582271Z,2020-09-17T10:32:48.137866782Z,300 OPU2WVCmYbtvEI06m33vsxnAiUdXhevxBW2E0bspAbTxGHsMfoNtrjryBAoI
2020-09-17T10:32:35.153205111Z,2020-09-17T10:32:48.207226144Z,301 Wxi3YGmje6HXoOkqENkhT2sD7zRHUBOuPjgczuGDk46qLsIxJLKibeXw04rU
2020-09-17T10:32:35.195299804Z,2020-09-17T10:32:48.275670327Z,302 kryObyIYDgSpaULwCP6OPts4hVN100UjHQVfF9IY59bJJmwm3PgJ3SBUGW2J
2020-09-17T10:32:35.237476134Z,2020-09-17T10:32:48.341602062Z,303 Z0ubbzfvnd266dMU2mERmtuQCF6J0FW9uJuejfpueqx6bYUJgRAxu3keiE7B
2020-09-17T10:32:35.280306935Z,2020-09-17T10:32:48.410070059Z,304 vO7Vfk31Mt6PjuNffNQGLoNQRuSmt9zOX8yWSEA6aGUG0rpqKlyjjsQ0YyZO
2020-09-17T10:32:35.320267246Z,2020-09-17T10:32:48.475737917Z,305 cIZWBT22IAMJZeYt1jmoCaajvQ1RcFXEjp3Miqr8NqT75LCOtbDsnCHEQd7l
2020-09-17T10:32:35.361590932Z,2020-09-17T10:32:48.545348778Z,306 YcY8fbFvhqn71xbQnxesv7xmguz8c2Rv8D0zzTX7lHyjH1D70ypL8K2o0n7L
2020-09-17T10:32:35.402937977Z,2020-09-17T10:32:48.615157720Z,307 5GZ30R2uUunqTWAVe9UPVNiSZDdPwLSWqQgpHuhA8xVKvyrcVqBkiKPLR2Ib
2020-09-17T10:32:35.444984598Z,2020-09-17T10:32:48.681531073Z,308 7SwMMhn9w9kBWra8mLLCiAqnc4OK8skdmdeSXHRJTePaxBsBUNt2zH93ryHB
2020-09-17T10:32:35.486392675Z,2020-09-17T10:32:48.747150161Z,309 zrDaw3Akj4UM1lpQQsFnCIWGiXJEruBfPAcmKAqk7UbItfsClA6BkOISfCAC
2020-09-17T10:32:35.527066489Z,2020-09-17T10:32:48.816585537Z,310 xJKgumWpBA4ssk2PoghL4r05wpOZOIqVuhY5ZauoJ6y9e88jQrQU0E5jSFsY
2020-09-17T10:32:35.568518129Z,2020-09-17T10:32:48.885555432Z,311 aXHXh6RvBkGe5XlavjNIj0kTYdsiwz8z1TW361wGowHNE7RRLyP5mwX6SNeH
2020-09-17T10:32:35.609253662Z,2020-09-17T10:32:48.951649597Z,312 ySgcqfTGN1rgiYT8b08axMN7r4gHhXm6WOI49UNdDvjB8XQn0IlZ1CNRdLTZ
2020-09-17T10:32:35.650965505Z,2020-09-17T10:32:49.018480564Z,313 dyntwgmcs49hjxHaQStxyLr2EZoOxlw25lcxdCXCUSGOB8GfasuMvrcGCeyX
2020-09-17T10:32:35.692787596Z,2020-09-17T10:32:49.088379481Z,314 sRaP9GsSfHEu9ubzroPH2cZgQfmUDRGI6ryMzoQUBs5h35xKNmUnaiKgF2ST
2020-09-17T10:32:35.733001141Z,2020-09-17T10:32:49.154725672Z,315 74UWAAHuFGJQSstuJp7V3sqxCfccVSrVFWx7OlP6fbLBrgLcqI1kX5F2ASIZ
2020-09-17T10:32:35.774563421Z,2020-09-17T10:32:49.224604666Z,316 6YcGSg3pLEL6BSjMO1KsXyUQJd7CweqAWNM42mnJhsFn9tl53M3mbvL2pzv3
2020-09-17T10:32:35.815487875Z,2020-09-17T10:32:49.291236063Z,317 lSyGzewnLHb6Xv7F2QgVusmwWXnQVcl4YzOa2mJYKxS0c2Uq1m5rsapYhZPC
2020-09-17T10:32:35.856704873Z,2020-09-17T10:32:49.359501222Z,318 q7iko82gJxvJHXSxAKuIk2g41ENJfik83VHfjdLbKFGoUYVrubit9LgmS5UW
2020-09-17T10:32:35.897349284Z,2020-09-17T10:32:49.427381117Z,319 NBkGKUOl6OJDLYbz3HaiUuWRso7U9Y4Hq0LftS4dMuWnRCujygjTzmP30Jh0
2020-09-17T10:32:35.938680115Z,2020-09-17T10:32:49.497501014Z,320 YmHKGP8Sq0f9LxZsvt3cu1o4rMxAUpEZQzyw3spHKND571pM1ApNd3ipY14t
2020-09-17T10:32:35.980148468Z,2020-09-17T10:32:49.566111097Z,321 obmafwaQEF8WYCB2ZnLqbJD43GiIDoWh8AFOD4DuMUlH8nTEkX7a80YTzZPy
2020-09-17T10:32:36.021527821Z,2020-09-17T10:32:49.629901084Z,322 A2f2Aganc0Nrh0OivVX8pyUHJ7TemDGGHwbcd5is1wrxLWptsMDUASUE8x2h
2020-09-17T10:32:36.062250038Z,2020-09-17T10:32:49.696765119Z,323 3ulhrMMyo7c0UTtLnE8UiFhsTJr6gfTdKxKXCZuCTaavfo9M47rcGvK1l6d5
2020-09-17T10:32:36.103692824Z,2020-09-17T10:32:49.763513057Z,324 R9hj9Jdw36Ixl47lP8lK6cFqg3BvscVsjlqi5dzdNSyjvwIWwIWO7M7Zpn8A
2020-09-17T10:32:36.144518345Z,2020-09-17T10:32:49.830938462Z,325 rYomyxUgcrFXnb0d9QOHcyx7TvwVwLbrzRaVlXfmgCB12SKBb37IycuHVdIy
2020-09-17T10:32:36.185988373Z,2020-09-17T10:32:49.897739154Z,326 SO1OCMFjK2iozmNsBaOHWbC6qefPOkzIgJ07BfatLIVbVJI1LUWyjHOIXBF2
2020-09-17T10:32:36.227873671Z,2020-09-17T10:32:49.964102720Z,327 oGmAEgYdAQcWr35V5IRTT0x1nwwlI1aQETpsfhWXBDIML15Wwt4JndQEQSEa
2020-09-17T10:32:36.269482557Z,2020-09-17T10:32:50.032571851Z,328 NFbzhEsBUt9p58NVkiHaBxaWGO8JXXPFen6o1Hv6ThmX6ivnLE9CaQYKt5ZK
2020-09-17T10:32:36.310972221Z,2020-09-17T10:32:50.100147499Z,329 22j3XCoOvLDijurekHTwy24pStBP2oZ1FZ6sCKH1GCYEi5FXq8A2OrrCv3Bl
2020-09-17T10:32:36.351971929Z,2020-09-17T10:32:50.169216749Z,330 xYrIyCW8agAKBEI6O22k48Soow6RN9tU8T8pQCrkleK86MOlMyw2pc9BoVuh
2020-09-17T10:32:36.393582491Z,2020-09-17T10:32:50.235670576Z,331 GjyuBoV1bAqvhT0DWTJRMZDAyie8XFeGB3pHhOgaN2Jg7AJxpv9kSxVFcOUY
2020-09-17T10:32:36.434622850Z,2020-09-17T10:32:50.302048709Z,332 3N4BhFewYBfQnNRv397kra1pZRz7hzKbB0YZrOBIBEL6yukm2teumvfDvDyc
2020-09-17T10:32:36.475345315Z,2020-09-17T10:32:50.369540634Z,333 6D9MHAmowzUa9Pj8hq9cW9vmcxgwdhfk7sL24lhfhlWbvF0ZC8duGHkp7pT7
2020-09-17T10:32:36.516784749Z,2020-09-17T10:32:50.435410985Z,334 qK9EgYQJY3andxetLX0sSPBG1tdtAvgsl4plAqLtYhKVUk0vqnGsLlr2eXit
2020-09-17T10:32:36.557934481Z,2020-09-17T10:32:51.494731087Z,335 0QtypEJOuJcXIuum0pdVbsLL71uce0Cb4gj0C5BzP9RqTh6F95Yh5oKso0mp
2020-09-17T10:32:36.599213769Z,2020-09-17T10:32:51.560429135Z,336 9L6Er9YVdMf9mWaYHDfi6S9RRH2ORyfK2utxiIwPcPZgXn43LjtKAVz850JK
2020-09-17T10:32:36.640570481Z,2020-09-17T10:32:51.627134564Z,337 Qg8RTXB8viGgcPLgF1AY8CGcovtxeFXKbO5y6LjNlepZgXBC7E4Xosd1W7Th
2020-09-17T10:32:36.682069147Z,2020-09-17T10:32:51.694991761Z,338 CEyCZyB9g4mPEAWzfC7C8Re4WZyKSuoJm9r8eLGhthPlgMqc09HVnLmtnR3R
2020-09-17T10:32:36.724281884Z,2020-09-17T10:32:51.764008273Z,339 2dJnijSANYdP2rTV9My1vOAqIuMH3qVVi8SCuqnkviIlVwzZx6dp4N3vUMeB
2020-09-17T10:32:36.765199251Z,2020-09-17T10:32:51.831301218Z,340 9DAjOsj1azvtAJ9CBM6aATML4f4jqBYn5bvXtQiU8Xjp9XDcyonH6sPAgyi7
2020-09-17T10:32:36.806348197Z,2020-09-17T10:32:51.894489240Z,341 hHDCFVdod3LiGAhyc7NYBx55gfzNx5bbsvYnbK5ZjTShR1XiCkZgNypBYNuc
2020-09-17T10:32:36.847848849Z,2020-09-17T10:32:51.961832537Z,342 B6okre8gTLxv15tOgatovpMgkoP4givISMJt65cDYeftaakMPXyc6yiLTRCE
2020-09-17T10:32:36.888491877Z,2020-09-17T10:32:52.027431409Z,343 tTd6RzwqOmTLa80UUjeT0yDLaxBXveFG2fwHuaguAk7KUDCWVSUeexvRQotw
2020-09-17T10:32:36.929885908Z,2020-09-17T10:32:52.096123880Z,344 OmGIz2diT0l9NbcpiLpZceTuZDpOYoG4MfKFjF0rQu0jTxH7cJbpxnI83E1U
2020-09-17T10:32:36.970355130Z,2020-09-17T10:32:52.163565868Z,345 Vi6u5CYCpOZJGABGkIVawG2vap1c30VWcIpJNzweudPJ7Pc0NASJ05sRsVUt
2020-09-17T10:32:37.011712170Z,2020-09-17T10:32:52.230064030Z,346 gGgDtaB2L3spFmoN2tzw8UuPDlaybg9vlYHFSEPaS9ryfBqhZkQBXV2i0qoV
2020-09-17T10:32:37.056827805Z,2020-09-17T10:32:52.295485240Z,347 4dB4xENEkCCR8k9b8D2ksv6CDojJqb2brcnMLHYxRMceCD8oSvKcQAG28VUX
2020-09-17T10:32:37.097244760Z,2020-09-17T10:32:52.366011680Z,348 REdV7lulQflwFfKx1K0YRTdpoIxtZCZqMz2IM31wRdNgoBLBrgNFZQSLU8Ir
2020-09-17T10:32:37.138581261Z,2020-09-17T10:32:52.432794883Z,349 nS6GVqpEozGLA6sVWub4v5p5PvOG02GCgx5oj8XlkcF9OrC7LEqybNKeebci
2020-09-17T10:32:37.179195783Z,2020-09-17T10:32:52.501211901Z,350 guXMAMxt3duihYRbHFlqRP8RANaVi9wIO1vMAjoS3Z8X6BZQop75RuX9hzdZ
2020-09-17T10:32:37.220651204Z,2020-09-17T10:32:52.569777259Z,351 K5fGEqtTyJ3I32ZeXpD0JeUM6IoLvIhQfJOALEnUt7rKeI1FN1jwxnVlCVkO
2020-09-17T10:32:37.262070940Z,2020-09-17T10:32:52.643198510Z,352 8eaGvWA6ylxjN2hDSvPiVZiBYZlpV101gDrWkHFHU0kkXqR1BAvHirl5hgUz
2020-09-17T10:32:37.303286754Z,2020-09-17T10:32:52.713135987Z,353 646UOqqBVIMTX9eWlOnbHGBZpvilJGbnvfR6366ogl5m77oRLvozhOH72h4R
2020-09-17T10:32:37.345413454Z,2020-09-17T10:32:52.779146924Z,354 GqFV2tq11nW0aVu2MEPm7N1aeZ7FbD0PFHcFEqS3nLutisVEUrHANCPSpofg
2020-09-17T10:32:37.386923127Z,2020-09-17T10:32:52.846617688Z,355 Hg5SiSR4TmqwRdDKQqZVRZI6wEDWJWLqk9BH0HbslgVqJGuXcIg0KRNDv76d
2020-09-17T10:32:37.428787899Z,2020-09-17T10:32:52.913347973Z,356 uYjQLP7am27Bv0cajAL147G6ulH1lIab1WGpWF4KGAR5p60LDHPKzOPHFAV4
2020-09-17T10:32:37.469336289Z,2020-09-17T10:32:52.980687144Z,357 4WwLKkuFUId4uiusCjeYe11RX0LF8p9KcVCgkxzHwOb9GM5w0NuDb1XszoVs
2020-09-17T10:32:37.510726187Z,2020-09-17T10:32:53.048400089Z,358 F8sD0lPHmZpBztKIHg0hhNjlKDqPA8EIfw8hIC76kZP36pyzTJQ8mvTaNBrY
2020-09-17T10:32:37.551548164Z,2020-09-17T10:32:53.112038679Z,359 iC6os6S1ADxSePmckjFaPyypmgjhR14E1mwfRQm59BNF5RUOmI3rfcVPJDtm
2020-09-17T10:32:37.592347204Z,2020-09-17T10:32:53.183788521Z,360 iPLNK7sjUKOgQooGVRPllS8e7bcmjX2C9CMngqs9qkmksbQbDP8wMpAx9ssn
2020-09-17T10:32:37.633697240Z,2020-09-17T10:32:53.249825027Z,361 1oXCFAmjPafBuzlkAZP1Nvjfndt0t1cT86LqrLRvPLTtCdcLRneeFAKSyyeO
2020-09-17T10:32:37.674627465Z,2020-09-17T10:32:53.315388627Z,362 q7UwB4WgY54K9OSwsMcqFkKyV0SHL22YWAo1qzC54rw5a58em39ZRatnlvQ8
2020-09-17T10:32:37.715152507Z,2020-09-17T10:32:53.382601326Z,363 8Hz1d64SS7jnWDjvcuYDeZBm0DGt2E0sZHWiatTTnKEgoATzMiIszTfzx52S
2020-09-17T10:32:37.756456983Z,2020-09-17T10:32:53.449512110Z,364 Y9J2rnvvNrlpXEsDrGJUvwuZgV8ljGwe9DDt0kdWeDt4YF20xwTHZIBpmfFg
2020-09-17T10:32:37.797885620Z,2020-09-17T10:32:53.517839637Z,365 uCOobpUBgF2eU8vfSYWl2fZ8jfqWRhLT5xpmoT25x5GZZfBzJ35AgEw8jO9h
2020-09-17T10:32:37.839571219Z,2020-09-17T10:32:53.584287813Z,366 8ivU8S5XTYaUkNg7a5xmifD6Ht3arwVrshK9HAO0yiE2G8P01yUIF5C2Eycf
2020-09-17T10:32:37.881093920Z,2020-09-17T10:32:53.652639087Z,367 VcsPOBRuEhqwgjrmb2DqxJNGNHWJ6NZnjg831IeYxXMgXchaAXfIWgufte6v
2020-09-17T10:32:37.922719184Z,2020-09-17T10:32:53.719498143Z,368 4v0U2JGpzfdlyzdfuRqvVGFVc8MZUsv63WQxrBakitXZBF4cddbPi72zZd8d
2020-09-17T10:32:37.963228237Z,2020-09-17T10:32:53.785709248Z,369 wnED4mfs2VZOIkmr5oSm7acuE0FjGHRscibBjdIJ492mIFaJEkxAtExZ18wQ
2020-09-17T10:32:38.004827593Z,2020-09-17T10:32:53.853168665Z,370 4MM9t1mS8MLsz0mEff9dROU8ztvOiCTMYAuujjS5veHIKulGkYqohqHrsBfc
2020-09-17T10:32:38.045505230Z,2020-09-17T10:32:53.922141258Z,371 PmiwCdMxOp30ZqU7URQ9z9qxn6GmPVx5ez9zRXrYSuSiD2ZQmQY3rgzHkyr1
2020-09-17T10:32:38.086745749Z,2020-09-17T10:32:53.991270499Z,372 s8sTu2MVsl8FrTYQvMo98qresdPsVM9rejWACozZM4dY1gi2hcpcBHLcjWge
2020-09-17T10:32:38.127658998Z,2020-09-17T10:32:54.058271326Z,373 Y3SGupVLyP4w3dbWZFi8pjfzGzZfQm1Wxd19GY1FejLh9ddXCDdY4yZ9uXya
2020-09-17T10:32:38.168593422Z,2020-09-17T10:32:54.124387718Z,374 tDa5UG0HWeFfH2ZxRDWg3QJymaLKfq83W567bJjZxCf9cZ4S8i2j8yzPjxRl
2020-09-17T10:32:38.210053694Z,2020-09-17T10:32:54.190734669Z,375 2dsUksRkzyJbJ5xbCOpfq2NOxcd3KhTcxZGPemKLcINZQrWFxtzSk3WmnkpC
2020-09-17T10:32:38.252098294Z,2020-09-17T10:32:54.257391332Z,376 qPQVt6AGEiztFjn3tDXBudkUmOgb0kJJgCtzrW10WPl1sdmNy17K1JIqScBQ
2020-09-17T10:32:38.294639900Z,2020-09-17T10:32:54.327424280Z,377 cskcxuj0MuR361TUpNTPoCj6C6MDlYj3htijaMH7YdOwjyjYdUKPrvO3GTKs
2020-09-17T10:32:38.336132706Z,2020-09-17T10:32:54.392563167Z,378 XtREhwZS8qUJ6cvGN8iCM0kOuCeb7Hk0UHskdrCc18RdSFoVE0x6bJHkUPDq
2020-09-17T10:32:38.377633161Z,2020-09-17T10:32:54.460886118Z,379 zouATX0DnC9Dh5YNbAe8C7WVrRyAnQbd3BUTlN0FciDU0lDNrYgI2Qz4bOTV
2020-09-17T10:32:38.418911427Z,2020-09-17T10:32:54.526046564Z,380 HqukueObyDhOh31BBwzMNKDu8xvUgyXxIQmHHFsthICpwX9EiorkhVJ6NqnU
2020-09-17T10:32:38.459670324Z,2020-09-17T10:32:54.595062101Z,381 EkjXzid09Khaqm9CyvVaFpCvFyvd0Kl8dovFPuF9RjdTUDy4eeQV6UUxDV16
2020-09-17T10:32:38.500878023Z,2020-09-17T10:32:54.663431360Z,382 QRPCU2u6rW9YARKWOeQJxeROxiPWJcvYux4AtiSzH3iLApFhZEoONYQdNabo
2020-09-17T10:32:38.543004948Z,2020-09-17T10:32:54.731420575Z,383 KFgcZWY5nyWpyDSasC90VnCqgiDtqbAzPYCGuRfAG8KxoKhimaLdK54LCsqQ
2020-09-17T10:32:38.584729455Z,2020-09-17T10:32:54.797901738Z,384 9yxgq5ip1YvhNu0v8IXMWUTQY7x88eTCX9hxEx7WHdpfbhliSB6soPxyQtdO
2020-09-17T10:32:38.627340386Z,2020-09-17T10:32:54.864266473Z,385 43tTOVZSdaNh409lDV4S211Wi3mEoi2nSo4VlWLDLnMr9TsMp24YUESXfN1x
2020-09-17T10:32:38.668286476Z,2020-09-17T10:32:54.930248371Z,386 Q6xPdYIbKUR6G3dEPV0DaSDz1rNHQxWcdHrWwifvTzt9sVfS5LR1to8Y9bYw
2020-09-17T10:32:38.709802481Z,2020-09-17T10:32:54.997685454Z,387 czrInfHW58gZnWMrUB6MZxRiVhk6tqA7qm28gEXoA3p3Glj1LmfRLwi6Dxuz
2020-09-17T10:32:38.752133630Z,2020-09-17T10:32:55.059721209Z,388 1kJbnYfO5PgVu3etZKNuKzauXIfoyNXowLBUot5S2IvQInlP0VakuJjvXc2s
2020-09-17T10:32:38.793706663Z,2020-09-17T10:32:55.124435552Z,389 DVpVqneAGCzRfMZG2b9PBVdSF9jP6xIxsr9CP77Tbz2SmEMKpJ8tp6p3lHrz
2020-09-17T10:32:38.834606775Z,2020-09-17T10:32:55.191590885Z,390 lBfKwE2xeNpPRUB908dxeDeQriRP3MkkHUgnThiaKtpzBiKU42G1T6hNgWGH
2020-09-17T10:32:38.877665234Z,2020-09-17T10:32:55.257591011Z,391 C8ucT1EbHed1FT887mPz3liiWPD9UxJdqalCU83ZwWIWCEnWS252OgIduyHz
2020-09-17T10:32:38.917975261Z,2020-09-17T10:32:55.325352560Z,392 01CMODnDq2TchWtWZPIaYhGlhUd60okZLnSDKhELH9dNg5NOBH5Alz7ZJqxc
2020-09-17T10:32:38.959694431Z,2020-09-17T10:32:55.393766662Z,393 KfqhpIZAS50up4RB6X0XsvmJj1taMX3BQiGYBIu4BZsDqVzwAlTpJHxsO6JB
2020-09-17T10:32:39.000454052Z,2020-09-17T10:32:55.459814872Z,394 R9hTrMOYjcTFJX9aW6wlIMQMGZagdFkCIYsKVaHJSGklfnffcvRKM4HO3PQC
2020-09-17T10:32:39.041760368Z,2020-09-17T10:32:55.529740238Z,395 nUotwdc0v68SJpChI0aFmsNAd5ed1gHzc7tYWnaXW4i8sIocs5Sp3q22W8Qg
2020-09-17T10:32:39.082177524Z,2020-09-17T10:32:55.596772811Z,396 HE1YqrHdnGhEcZvt6RiVBTtTxGAHwy0niocCIECxoonWVu3YhSsMDrtIE1Z7
2020-09-17T10:32:39.123835830Z,2020-09-17T10:32:56.682418341Z,397 ji49lDkJvvDvqYVUiXDVa3gGQthj4Hb0wfYacMFtlzxCKKQyx0qt4yHUs1Vj
2020-09-17T10:32:39.166203669Z,2020-09-17T10:32:56.745055599Z,398 9b5fXnukCGA7fy1OYU4VX0Nkm4DBWmCp6LTRwMiy8pSaMoq18IK2yKY6z5u2
2020-09-17T10:32:39.207159633Z,2020-09-17T10:32:56.807628538Z,399 TBubezPY2niTLDLH0OJPrxxTlh4hzbYIhbcIvFM0NGYUPIAweLgFZFfhKcQP
2020-09-17T10:32:39.248579219Z,2020-09-17T10:32:56.869312682Z,400 M0sJkR7to7nldhcsIDeZHdW7xNOhTZ642Rmrua73Ee3XGbx7MJ4rLMR2oPPU
2020-09-17T10:32:39.289792482Z,2020-09-17T10:32:56.933963838Z,401 iLzLvRDL1C8jxD3hNeIJSueYUHaclP3z6YGMXehjv7h4Pyf02yVzwyBy54c7
2020-09-17T10:32:39.330740780Z,2020-09-17T10:32:56.998539602Z,402 Ik9RHyglKnst71gOx4vNXLoP9yxosN7XSYRq6lfcmdGXEImJCnk1bCa26BSJ
2020-09-17T10:32:39.372021396Z,2020-09-17T10:32:57.067284883Z,403 ht9EWNqfUjSw62JXJUfADasKDhyMxHq5Spw1yfsgBBkVrhVoOS1s733lF0Ob
2020-09-17T10:32:39.413944388Z,2020-09-17T10:32:57.135964152Z,404 UjjUw38n8MYPrWYHdQfePlvDlZTOtvSNBF155Zb5TcEBRy4VYHu5faklPVjZ
2020-09-17T10:32:39.454563653Z,2020-09-17T10:32:57.204268782Z,405 S3RBv28nQf80ILBTa0OZlFmxE8OdWp5MIyU35b1yVQWjA9caCuuDS8j5D66T
2020-09-17T10:32:39.495587150Z,2020-09-17T10:32:57.270451587Z,406 RHaTynILP3yppaTzYbYB8tSLdsb9gKu5xKm6ju00FHF2V159YQgvlJ8uZ1cq
2020-09-17T10:32:39.536738303Z,2020-09-17T10:32:57.337766546Z,407 pxoGySVeMRn78m0IlraACOTevcFVEDcwtARTwdU3BqLUEfKXkoGJONSWs2pf
2020-09-17T10:32:39.577699367Z,2020-09-17T10:32:57.405349081Z,408 9zKJE3b3W6VVdGemWH1Ndo8b3LBvlZG5cmWZgaCT5XMohLPi7cVHaXgQuvVP
2020-09-17T10:32:39.618373298Z,2020-09-17T10:32:57.471866232Z,409 1aG2FLUtRp1jQVfvCV2l3xJlrW4JPe8xG59sDtRdN8oMvkDL3o9sJELSVMFm
2020-09-17T10:32:39.659790748Z,2020-09-17T10:32:57.540253900Z,410 bWNrwHNSZ4SrpGwR8jkvWGdnGJV02h86NvdxNOBaZuVahtMGBUoOwIaKpVZx
2020-09-17T10:32:39.702252636Z,2020-09-17T10:32:57.610469168Z,411 u82Xj2vShSJ9GowHcVAAh6sCZljNOln6BceVMg6k1RuwESCChON2JrfSpLSe
2020-09-17T10:32:39.743782776Z,2020-09-17T10:32:57.676257100Z,412 g7MzAm4ucOLZT3eYUyBSUHCM2v0nx4phFzxTSwA7DDKZ0PRhJyacddF1MsmG
2020-09-17T10:32:39.784046903Z,2020-09-17T10:32:57.741603924Z,413 ICiiI05XAmGdsvnxYqxoDDoC7prHZPdPB1t5jGb9YBU4n3vRLH3ooZ58bD6M
2020-09-17T10:32:39.825374674Z,2020-09-17T10:32:57.806584067Z,414 OwUgzGkRnkNzD6idNt0MIS5E3Djp8cXFf7nq9c2iWHUN6smncWHt3gNTtm8f
2020-09-17T10:32:39.866667860Z,2020-09-17T10:32:57.873446842Z,415 68HgBCAxUjA9et17bmhLc0yvEJMAr7mmYKTByJtnQTyOVVH4epB7wiRjGbyy
2020-09-17T10:32:39.907561057Z,2020-09-17T10:32:57.938625872Z,416 t6zcvwsRSzwLA5apvAZbda4THOV2lvQfSvsonUOKNK4wPh26dLKfWHLr2kTp
2020-09-17T10:32:39.948867358Z,2020-09-17T10:32:58.005418930Z,417 BojEP8Q5vLR9LPWIzfwuh2uEjbWojOJEpLXZFfEqBJBEcIbd67kL7zxHs1Do
2020-09-17T10:32:39.989338282Z,2020-09-17T10:32:58.074092967Z,418 DVsevbpvzOlRqk190n1xBUBsyG16WtkPlcN6ylZynjAXiOxpLa8h6l6XJlEN
2020-09-17T10:32:40.031015042Z,2020-09-17T10:32:58.137874273Z,419 RrNLPrcerPVYpHxAdgK8RkPlXu7FIuBn9AkjkYQEnwvyzp4WWmrD2eOLpmFP
2020-09-17T10:32:40.072519162Z,2020-09-17T10:32:58.203869136Z,420 uf1xyxhqhl1c48GoRTn9AOXgI2POszeNpI6M02CXbKWmyIMIkhTE2TTNxeww
2020-09-17T10:32:40.113973205Z,2020-09-17T10:32:58.269578461Z,421 2pLpGftKpRNZftmoczgozvPrPRlBnJX7eAG2dN5QSVOebctrvLTeBjXq47zD
2020-09-17T10:32:40.154506722Z,2020-09-17T10:32:58.336201938Z,422 oNk8G8qRwqXDKGykYGgzc6q2tsXJWehZwinA0ABhHYG3SOckT2rBg85AbVO9
2020-09-17T10:32:40.195876183Z,2020-09-17T10:32:58.400871734Z,423 77GWxlEJBPuh6CMeCEheI3bRg5veerO1JS7otTldikZN2F5QC3LpNA61xPiO
2020-09-17T10:32:40.237625323Z,2020-09-17T10:32:58.466518756Z,424 THvDBDkks5K0Box7z61cKt28DLLG0VsF08dmDClyqrF9zuerqjm8eLXwSdEE
2020-09-17T10:32:40.278173066Z,2020-09-17T10:32:58.530939826Z,425 8kNlQTHsJrpfCwfvxXVVjjkYYB8Wt8rEwK9Ci8kLjVUV8mClzkEe7hS5TUFp
2020-09-17T10:32:40.320622046Z,2020-09-17T10:32:58.596355882Z,426 CmRPR9h6zZowDEEEjc2LtkqVf3WBg13K8PFdyTejqA2WVgbEbsHebcPQsOAa
2020-09-17T10:32:40.361946217Z,2020-09-17T10:32:58.662266213Z,427 zTJeojERgDj44TJwvkoQDu2PmwRwZPiQZlQ4w7ssjWlmvSB8i5zO0tTjyNkb
2020-09-17T10:32:40.403543777Z,2020-09-17T10:32:58.726513090Z,428 2JxB8WLI6Mps96YDJPtpDYmnL9kv24LgAwN24ZMKndKFHYIYNU9tb5fjo2Nt
2020-09-17T10:32:40.444631624Z,2020-09-17T10:32:58.788437289Z,429 XF8dIIwE8FZcVPsdx91LilUPR2tu0e01jJprUHSFApGk9VYXq89krHVjgjUI
2020-09-17T10:32:40.485606316Z,2020-09-17T10:32:58.853612344Z,430 DesoTf1DlVJQgynOp8rrtScSRTWC4HlZE8q2hA58CDs0PfbFvQoLoxJnQRvF
2020-09-17T10:32:40.526975242Z,2020-09-17T10:32:58.919431061Z,431 FE1A5WP8Wo916pivRYu6YMOXTTWgia4gSbZDopzwLVrmh8JtVyBoftPw3kzW
2020-09-17T10:32:40.568641791Z,2020-09-17T10:32:58.987154836Z,432 AYrFAmUQDPLXffiasRWlCPmlwLL6zR9oPlNbsTa2FNi6BUMOUP38STdHA2nl
2020-09-17T10:32:40.609360085Z,2020-09-17T10:32:59.052456755Z,433 zCSEuSLrTcBnOQr0FXBADMatkgyzFOW7u4vVyDMlyDZgGuazD3pLjai5HMSW
2020-09-17T10:32:40.650444197Z,2020-09-17T10:32:59.119831936Z,434 ZUyifpzFEYSKUV8wEhZepwKEoR6gBjmksFgimGhKMs4edyMTSsXbt5SgZay1
2020-09-17T10:32:40.691397991Z,2020-09-17T10:32:59.186265061Z,435 rW9mUSJX87ErriSptxBbbUs5Ce9jQwcQq2HoR1oq78IURnfiPEjmuJspmvXI
2020-09-17T10:32:40.732521818Z,2020-09-17T10:32:59.251854328Z,436 LAnqAD8czINikbYF1h9yjuFDhqp6cGhqtXWyJNedDnneKf2iq61UEdxeFU5H
2020-09-17T10:32:40.773744190Z,2020-09-17T10:32:59.316432546Z,437 jdxuL2vgd13XVxgBjIDvSGulIizhiXQ1rthBUM9qFOzlMQeF92X13fdrh8z5
2020-09-17T10:32:40.814156606Z,2020-09-17T10:32:59.382717796Z,438 C7jWbye2Q3igBLVlGtqoo76oac7ZyfYW7cUpbJj8q8lazAEgEGTveFWws3k6
2020-09-17T10:32:40.855859781Z,2020-09-17T10:32:59.447023813Z,439 RiBLqyL2sfRuR7MtPABfPDIrALWRNpEnDitC4UMmrYuSF6b4evefDD9uKgK5
2020-09-17T10:32:40.896606581Z,2020-09-17T10:32:59.512247085Z,440 86RgsB5BSUYWyybKAZypIq6ooBx8SgnrjwnqVBqF4Tsg3kgyRwCdWUrWNyHd
2020-09-17T10:32:40.937133795Z,2020-09-17T10:32:59.578552145Z,441 7mcxh5tNk4ncsHdwtEERQhWePFxSyasm2yiT9tq40WkWncMZvhsLyLinsflV
2020-09-17T10:32:40.978314273Z,2020-09-17T10:32:59.645732616Z,442 j1t7Ncx1gsYtJO9BSAV8wdQbntsgVKqjKFA8WjL2B8nFSxU9K3RoKhUk8lmW
2020-09-17T10:32:41.019700400Z,2020-09-17T10:32:59.713264520Z,443 rqbVJEdK4h8ZTs0E5DurgziZBrAAq7lxI8Zz0EJ3yGwX8DwvkCvAehYzfQze
2020-09-17T10:32:41.060385454Z,2020-09-17T10:32:59.778066539Z,444 1MJHY51A0fkeo3r6r0eWRcIQcl7bWdP3d1PPvKrNeP7HE8UuIQCJya2Sw439
2020-09-17T10:32:41.102494871Z,2020-09-17T10:32:59.846050321Z,445 7OdZHI8NPFPvvEca7lA3oNvG8B9YqloFrhW273gVGzlvqXNmQodU2xFCOleV
2020-09-17T10:32:41.142747247Z,2020-09-17T10:32:59.908929820Z,446 3RmNF9H9uqLDIEoIWSGdAUo8URt6MiIvRkPLebaSfEgZkzlpGfCZRK40M6Uv
2020-09-17T10:32:41.183409302Z,2020-09-17T10:32:59.975133525Z,447 OOkFz5Hy0APPuFKnjARx0PqUuwzmHzjf1T3xgWxjznHXKfs7PV1fRlXuYRLA
2020-09-17T10:32:41.224241196Z,2020-09-17T10:33:00.040615358Z,448 eEQ3iQwxd8Mj1oLugmo7oyhypWwfF4Xsf60O4LZ76LOmrRItHuK7270d3dis
2020-09-17T10:32:41.266353329Z,2020-09-17T10:33:00.107863408Z,449 5wyQG0RC1yJlvLlaNTzmeBP9Vboax3vERhTsyAGAO3WjbwFWfvXFcaHV4dpC
2020-09-17T10:32:41.307221818Z,2020-09-17T10:33:01.193938106Z,450 f5nbLpaWBqoIYzYyMSn6oTEvm2MxdNpsWHzkwLD0pNkBaezmx0at4FE9tguW
2020-09-17T10:32:41.348542603Z,2020-09-17T10:33:01.260162645Z,451 sLurVJxiV1a7fuUqjuoURPPJgIsL2CENopQkW9CpJPbQKdttSMgpkdSU6eHq
2020-09-17T10:32:41.390022514Z,2020-09-17T10:33:01.326099766Z,452 D5nKLDDeuQrjHpIAAcAlS0ML6EjH5D77IKRoN2vjNFiFTh8UeuWSy1kR5VRm
2020-09-17T10:32:41.431785287Z,2020-09-17T10:33:01.390415683Z,453 Ivvo9Rvdgf8ioX6rILTwbcPzjfkXFDCOWpcjau8VzXoiI8ZWHryMiguu6sVX
2020-09-17T10:32:41.472195680Z,2020-09-17T10:33:01.455448071Z,454 3wYwOj45ZRiTBLkV4M2qEM8Dms01AyQsHPW5t0AjiVw6EtA4G0DfTl6jrrcU
2020-09-17T10:32:41.513647047Z,2020-09-17T10:33:01.523344702Z,455 c0CfZRr90f8gbuCVXwS1XLWW7EETRAmd2KUG6lZgNLKQJX4tgKVZISbHxc7r
2020-09-17T10:32:41.554726519Z,2020-09-17T10:33:01.589326196Z,456 iGEY8Cu4qJNBvQDUB5iLKgmTPGlvPOn7V3YmBJvyM8z0xcXgKvow44Y1HT3U
2020-09-17T10:32:41.595303807Z,2020-09-17T10:33:01.654044454Z,457 Wi7fp5C68IJE2leZgICbBsE3vE9ai2wRQiyhdbeLu4QrLPQg5sQK8mtmf5Ky
2020-09-17T10:32:41.637043818Z,2020-09-17T10:33:01.720617682Z,458 FISIn74VZ003k6XyfndKHCSXkJnJle1gUxc4uuhMNxxCy0rcyDOpc1Uir7Ll
2020-09-17T10:32:41.678555846Z,2020-09-17T10:33:01.784278547Z,459 yIg2Bkhuy5W3ndre02eZFKg7vhnaUaJpz4T4NcdVmaolOx0Icmf04ziN0qEq
2020-09-17T10:32:41.719855509Z,2020-09-17T10:33:01.850279475Z,460 ITCjHLaJ9yPwztOQ03C1gWUEUyYRT7zIdYLfaSmOfxbDDTt8H81mBhLgXfJH
2020-09-17T10:32:41.760629474Z,2020-09-17T10:33:01.917078486Z,461 Dbz6y86QIHcoSJlfGnauxQ68geqfDvrdSowrELpGwJsLKXE2ACBWkBsive1f
2020-09-17T10:32:41.801555632Z,2020-09-17T10:33:01.984722397Z,462 C5rtHGp87Lx9BqNXZpngcujVxq9AG9tCruqsMlt79XydsvESmVMifITxvNi5
2020-09-17T10:32:41.842627314Z,2020-09-17T10:33:02.054371137Z,463 uBBgb6i7IRpS3t7hxWOUoJNrE0qisL089Y4S7i7Dp45vEmFOZZvW2CW1dsIG
2020-09-17T10:32:41.883279327Z,2020-09-17T10:33:02.123075980Z,464 Lh5Dlyx3vc1F3yzWw0I7CgbHrlMYMIhiNrZyDYBq3gXdnfUr4s4BRoyJ1tY7
2020-09-17T10:32:41.924495675Z,2020-09-17T10:33:02.190056594Z,465 6WeyVv7GuiiJ4JhCddJsmoZV8GSZvJ8os9n4fugLoJuBRWK7orZOCUmPNxb3
2020-09-17T10:32:41.965139068Z,2020-09-17T10:33:02.257844290Z,466 sjmnkiffzM8EjxqUYzxXR718kcEK5Lvu6LREgOwvnlU8X4txkazTvVyyl1nC
2020-09-17T10:32:42.006886153Z,2020-09-17T10:33:02.325204594Z,467 RunSOQFuFz49ZxmtzvrhFfthshrxCzsnMw4xamAvHWbMaWoU9G1TAk0rq98x
2020-09-17T10:32:42.047987866Z,2020-09-17T10:33:02.391804493Z,468 QVNsQvpe7XXIciVJFt3vO0ZqKQKJGmYn7xReDLx6Zs29shTF6CVbHKNhXgsB
2020-09-17T10:32:42.089123119Z,2020-09-17T10:33:02.459726367Z,469 O8AR6YFomQNtaJdrFfr7QXma6VGjliC12ogHNB38H58gUzsoIYJ7lgfrjO1j
2020-09-17T10:32:42.130309035Z,2020-09-17T10:33:02.527592691Z,470 REeFeAHtKB3DwC2OSDKcNcUmCox4k8rcYDUbs7NJOaazBY22UrarOByaOHHw
2020-09-17T10:32:42.171672446Z,2020-09-17T10:33:02.592357123Z,471 79DrnE3gS8gv0owgEF0IlU5FykBsxeJfxQJnaGRzD5XhDg8oDyXqFR0NOqOQ
2020-09-17T10:32:42.213498150Z,2020-09-17T10:33:02.658544178Z,472 LvsahMFYCJHRhLYzGLQxLZ0j526cjvyAseboaE7xMdHAdB35awJxqUwSAvBy
2020-09-17T10:32:42.254742564Z,2020-09-17T10:33:02.721994735Z,473 F4vRSoXvEjbNVYXtuFOsimyxR5QUn0hta10t6e6gjDVFwmB8aPHqWxx5QlPG
2020-09-17T10:32:42.295617172Z,2020-09-17T10:33:02.786717343Z,474 KDVFfk1SHQgujamFnszSDHp1CBOZ1NrcjsYXcxoBSXogWw2lreYqdnPmRfwo
2020-09-17T10:32:42.337263543Z,2020-09-17T10:33:02.853867399Z,475 z1rg7PQKc6pDACOSyoGQbPKJTGM4stNzwqwsoGd7YjlmuzGyJcEgv6bRvHW7
2020-09-17T10:32:42.379073135Z,2020-09-17T10:33:02.921234323Z,476 Wt730QCmta9qmg4tgNfV5jt58gdSW9xiQLRWCnYoKj4EVy1AFjkv0h00NGwd
2020-09-17T10:32:42.420824065Z,2020-09-17T10:33:02.985094712Z,477 gCGNncn3AnpJBTMmBHgIS7KbkdmHVSMy5l5W6yeEiRmnCVRligTh2RhoCwV2
2020-09-17T10:32:42.462311777Z,2020-09-17T10:33:03.055523784Z,478 K9CuIV8Upaoe31MGW0n3Zhu8VkbwRww6b6FCyYrwG0oEVpmFBb0ItEcxMY1e
2020-09-17T10:32:42.503545396Z,2020-09-17T10:33:03.121566320Z,479 KgAfJ0CLHuBoVVlRG66DECCyfD7B0hvaQjFp16o3bhC1K4OeEtJ7b8Q84Voh
2020-09-17T10:32:42.544129804Z,2020-09-17T10:33:03.186309919Z,480 nPize9L4BbbqaeyzDAYH48fesAAnvYbgkoYideyr49v8SWNUxOMGxy7JNRoX
2020-09-17T10:32:42.585592063Z,2020-09-17T10:33:03.251357054Z,481 axZ1buqvN9DtE4kZ3q8YocFppI6CEAyIKjLwgAAowt3S0hc4PQE41MkrofV0
2020-09-17T10:32:42.626448750Z,2020-09-17T10:33:03.318073874Z,482 oKJ4tMCVLoLeIlBjEnjnhNBw2Wti5Hrhdw5hU0pMbHcEYlVrrsyQHmp7qIxg
2020-09-17T10:32:42.667827710Z,2020-09-17T10:33:03.383167739Z,483 34NvkCg1Pd1HtBmiOw07OqfoyWEsAwejmL9m9cAvMQkh7lmUjTqOJzgB2swl
2020-09-17T10:32:42.709896930Z,2020-09-17T10:33:03.451292563Z,484 s1z2wEdNNaBrQ01qvyAQCzZxIX3aMNNMCjZyyW3mBNEMCf13ILOajllKACtb
2020-09-17T10:32:42.750138015Z,2020-09-17T10:33:03.520709120Z,485 qevXt7lRIa9dZMAGqZtb14XDyAFYyCw0Lm5oGdFf6YadNebFlaXZhH6Q3py7
2020-09-17T10:32:42.791458167Z,2020-09-17T10:33:03.586651136Z,486 cH3GinMhlnHj9ges5kBZGCroVdwe3Aec7MjOm9L22y4IegB0WHg98Wwqx9i1
2020-09-17T10:32:42.832514889Z,2020-09-17T10:33:03.654286940Z,487 TMYzjHUvja77Q1BKV3RpMuhiZgiSmlFPugc5P98V0lZXLoEUV6UWLz7E9krH
2020-09-17T10:32:42.873014609Z,2020-09-17T10:33:03.720761439Z,488 pHxxh0d7FmRt5uVGl2rzla23HPkfElPFq4IRh3h5qnRebSySL6THA5ATyLx8
2020-09-17T10:32:42.914465034Z,2020-09-17T10:33:03.787263300Z,489 R7QcVODBY3GBBH2YVKrjrLdqUqteAI5WGIS0Z60GS5uM48LLZkZQTqMzfDmU
2020-09-17T10:32:42.955946034Z,2020-09-17T10:33:03.853473597Z,490 2OAp8V8dv14QN9T8yoGQdrKWBKZ1GKULssVmnKl54cw6KMBRn9XhgxpGFum9
2020-09-17T10:32:42.997711198Z,2020-09-17T10:33:03.919311515Z,491 dN0wdmkTOMrjOfl5XKAo9wBmLIgdvF8Nus0cILiNuPlV759yHbf5OWhNyhTM
2020-09-17T10:32:43.038253726Z,2020-09-17T10:33:03.986618884Z,492 54hskmEznIKYS8PSQGmn0ESS112DIhEAgUSsMJoZW1WgtWTuoKyPNHd1aCAM
2020-09-17T10:32:43.079437541Z,2020-09-17T10:33:04.057272682Z,493 jZiP7LXUHy0oIkoaEafo9jVEXVLbaCdHGarrKDqu2K7pgfnyIHHsLuZfJupQ
2020-09-17T10:32:43.120953463Z,2020-09-17T10:33:04.122883873Z,494 6oC5UgTC4TLtA0IQlBoNyYjSEx75hrbEJK4heMPY8jgQzMbmsrvcMaYnqaph
2020-09-17T10:32:43.163128402Z,2020-09-17T10:33:04.188172466Z,495 eW6trEs0l4jojt7lc4CHaSGWBjDSePIjCcMwlpDPcZeXhGaC7DZB0HM7K9gR
2020-09-17T10:32:43.205050096Z,2020-09-17T10:33:04.254486674Z,496 iITVqzqFJH8MJ7TfiTd3xUXTBH0ued0olBXVxnnVD2pyYj5CrKYi5NPLxgis
2020-09-17T10:32:43.247067999Z,2020-09-17T10:33:04.319104598Z,497 uDBW2D24tnyqq1kTsdq2x4sa8BoX8azEYirasLZ6F54xBqwFNA4cdkEVXdoS
2020-09-17T10:32:43.288416514Z,2020-09-17T10:33:04.385171327Z,498 1xNnpB3egz1HF1u9fIL1CzMzljeHB0zcgdds0riWweMzFKX8nGFmr0S4m4Dv
2020-09-17T10:32:43.329740106Z,2020-09-17T10:33:04.450272589Z,499 DOk70dQu8vkootSjGb9zNLLx8o6TBDx3TcvADiuMC2QBm6Foeg4LxX2xX0Zx
