2020-09-17T10:29:11.263529217Z  running: (['/opt/scylladb/scripts/scylla_dev_mode_setup', '--developer-mode', '1'],)
2020-09-17T10:29:11.734669005Z  running: (['/opt/scylladb/scripts/scylla_io_setup'],)
2020-09-17T10:29:12.112107242Z  2020-09-17 10:29:12,111 CRIT Supervisor is running as root.  Privileges were not dropped because no user is specified in the config file.  If you intend to run as root, you can set user=root in the config file to avoid this message.
2020-09-17T10:29:12.112256690Z  2020-09-17 10:29:12,111 INFO Included extra file "/etc/supervisord.conf.d/node-exporter.conf" during parsing
2020-09-17T10:29:12.112278818Z  2020-09-17 10:29:12,111 INFO Included extra file "/etc/supervisord.conf.d/rsyslog.conf" during parsing
2020-09-17T10:29:12.112398545Z  2020-09-17 10:29:12,112 INFO Included extra file "/etc/supervisord.conf.d/scylla-housekeeping.conf" during parsing
2020-09-17T10:29:12.112704163Z  2020-09-17 10:29:12,112 INFO Included extra file "/etc/supervisord.conf.d/scylla-jmx.conf" during parsing
2020-09-17T10:29:12.112730480Z  2020-09-17 10:29:12,112 INFO Included extra file "/etc/supervisord.conf.d/scylla-server.conf" during parsing
2020-09-17T10:29:12.112907562Z  2020-09-17 10:29:12,112 INFO Included extra file "/etc/supervisord.conf.d/sshd-server.conf" during parsing
2020-09-17T10:29:12.146239808Z  2020-09-17 10:29:12,145 INFO RPC interface 'supervisor' initialized
2020-09-17T10:29:12.146431416Z  2020-09-17 10:29:12,146 CRIT Server 'inet_http_server' running without any HTTP authentication checking
2020-09-17T10:29:12.146982604Z  2020-09-17 10:29:12,146 INFO supervisord started with pid 25
2020-09-17T10:29:13.152143464Z  2020-09-17 10:29:13,151 INFO spawned: 'scylla' with pid 28
2020-09-17T10:29:13.156319376Z  2020-09-17 10:29:13,155 INFO spawned: 'scylla-housekeeping' with pid 29
2020-09-17T10:29:13.162957337Z  2020-09-17 10:29:13,159 INFO spawned: 'sshd' with pid 30
2020-09-17T10:29:13.163983074Z  2020-09-17 10:29:13,163 INFO spawned: 'scylla-jmx' with pid 31
2020-09-17T10:29:13.167194092Z  2020-09-17 10:29:13,166 INFO spawned: 'rsyslog' with pid 32
2020-09-17T10:29:13.169942793Z  2020-09-17 10:29:13,169 INFO spawned: 'node-exporter' with pid 33
2020-09-17T10:29:13.185231628Z  Generating public/private ed25519 key pair.
2020-09-17T10:29:13.185265411Z  Your identification has been saved in /etc/ssh/ssh_host_ed25519_key.
2020-09-17T10:29:13.185276563Z  Your public key has been saved in /etc/ssh/ssh_host_ed25519_key.pub.
2020-09-17T10:29:13.185286688Z  The key fingerprint is:
2020-09-17T10:29:13.185296191Z  SHA256:bYyg7s1zk4fuarVqRb/LNdkbc/sp3X9ovzBMa2hRBA4 root@32c6177af80d
2020-09-17T10:29:13.185305999Z  The key's randomart image is:
2020-09-17T10:29:13.185315451Z  +--[ED25519 256]--+
2020-09-17T10:29:13.185325114Z  |         E ...   |
2020-09-17T10:29:13.185334674Z  |          o .    |
2020-09-17T10:29:13.185344096Z  |      .    . .   |
2020-09-17T10:29:13.185353519Z  |     . ..+  .    |
2020-09-17T10:29:13.185362967Z  |    .  .S.+. .   |
2020-09-17T10:29:13.185385485Z  |   .    o.. =o.  |
2020-09-17T10:29:13.185395829Z  |    .  o + ++*=.o|
2020-09-17T10:29:13.185404858Z  |   . o+ *.+..o=*=|
2020-09-17T10:29:13.185414214Z  |    .o=Booo. .o=O|
2020-09-17T10:29:13.185423423Z  +----[SHA256]-----+
2020-09-17T10:29:13.199430248Z  time="2020-09-17T10:29:13Z" level=info msg="Starting node_exporter (version=0.17.0, branch=HEAD, revision=f6f6194a436b9a63d0439abc585c76b19a206b21)" source="node_exporter.go:82"
2020-09-17T10:29:13.199464797Z  time="2020-09-17T10:29:13Z" level=info msg="Build context (go=go1.11.2, user=root@322511e06ced, date=20181130-15:51:33)" source="node_exporter.go:83"
2020-09-17T10:29:13.200432926Z  time="2020-09-17T10:29:13Z" level=info msg="Enabled collectors:" source="node_exporter.go:90"
2020-09-17T10:29:13.200457545Z  time="2020-09-17T10:29:13Z" level=info msg=" - arp" source="node_exporter.go:97"
2020-09-17T10:29:13.200469486Z  time="2020-09-17T10:29:13Z" level=info msg=" - bcache" source="node_exporter.go:97"
2020-09-17T10:29:13.200842170Z  time="2020-09-17T10:29:13Z" level=info msg=" - bonding" source="node_exporter.go:97"
2020-09-17T10:29:13.200863609Z  time="2020-09-17T10:29:13Z" level=info msg=" - conntrack" source="node_exporter.go:97"
2020-09-17T10:29:13.200874740Z  time="2020-09-17T10:29:13Z" level=info msg=" - cpu" source="node_exporter.go:97"
2020-09-17T10:29:13.200885045Z  time="2020-09-17T10:29:13Z" level=info msg=" - diskstats" source="node_exporter.go:97"
2020-09-17T10:29:13.200895260Z  time="2020-09-17T10:29:13Z" level=info msg=" - edac" source="node_exporter.go:97"
2020-09-17T10:29:13.200905288Z  time="2020-09-17T10:29:13Z" level=info msg=" - entropy" source="node_exporter.go:97"
2020-09-17T10:29:13.200915255Z  time="2020-09-17T10:29:13Z" level=info msg=" - filefd" source="node_exporter.go:97"
2020-09-17T10:29:13.200925087Z  time="2020-09-17T10:29:13Z" level=info msg=" - filesystem" source="node_exporter.go:97"
2020-09-17T10:29:13.200934885Z  time="2020-09-17T10:29:13Z" level=info msg=" - hwmon" source="node_exporter.go:97"
2020-09-17T10:29:13.200944587Z  time="2020-09-17T10:29:13Z" level=info msg=" - infiniband" source="node_exporter.go:97"
2020-09-17T10:29:13.200954375Z  time="2020-09-17T10:29:13Z" level=info msg=" - interrupts" source="node_exporter.go:97"
2020-09-17T10:29:13.200964070Z  time="2020-09-17T10:29:13Z" level=info msg=" - ipvs" source="node_exporter.go:97"
2020-09-17T10:29:13.200973965Z  time="2020-09-17T10:29:13Z" level=info msg=" - loadavg" source="node_exporter.go:97"
2020-09-17T10:29:13.200983639Z  time="2020-09-17T10:29:13Z" level=info msg=" - mdadm" source="node_exporter.go:97"
2020-09-17T10:29:13.200993475Z  time="2020-09-17T10:29:13Z" level=info msg=" - meminfo" source="node_exporter.go:97"
2020-09-17T10:29:13.201158960Z  time="2020-09-17T10:29:13Z" level=info msg=" - netclass" source="node_exporter.go:97"
2020-09-17T10:29:13.201178135Z  time="2020-09-17T10:29:13Z" level=info msg=" - netdev" source="node_exporter.go:97"
2020-09-17T10:29:13.201201343Z  time="2020-09-17T10:29:13Z" level=info msg=" - netstat" source="node_exporter.go:97"
2020-09-17T10:29:13.201215325Z  time="2020-09-17T10:29:13Z" level=info msg=" - nfs" source="node_exporter.go:97"
2020-09-17T10:29:13.201225586Z  time="2020-09-17T10:29:13Z" level=info msg=" - nfsd" source="node_exporter.go:97"
2020-09-17T10:29:13.201513169Z  time="2020-09-17T10:29:13Z" level=info msg=" - sockstat" source="node_exporter.go:97"
2020-09-17T10:29:13.201532811Z  time="2020-09-17T10:29:13Z" level=info msg=" - stat" source="node_exporter.go:97"
2020-09-17T10:29:13.201543509Z  time="2020-09-17T10:29:13Z" level=info msg=" - textfile" source="node_exporter.go:97"
2020-09-17T10:29:13.201553499Z  time="2020-09-17T10:29:13Z" level=info msg=" - time" source="node_exporter.go:97"
2020-09-17T10:29:13.201563488Z  time="2020-09-17T10:29:13Z" level=info msg=" - timex" source="node_exporter.go:97"
2020-09-17T10:29:13.201573428Z  time="2020-09-17T10:29:13Z" level=info msg=" - uname" source="node_exporter.go:97"
2020-09-17T10:29:13.201583306Z  time="2020-09-17T10:29:13Z" level=info msg=" - vmstat" source="node_exporter.go:97"
2020-09-17T10:29:13.201593037Z  time="2020-09-17T10:29:13Z" level=info msg=" - xfs" source="node_exporter.go:97"
2020-09-17T10:29:13.201602822Z  time="2020-09-17T10:29:13Z" level=info msg=" - zfs" source="node_exporter.go:97"
2020-09-17T10:29:13.201612699Z  time="2020-09-17T10:29:13Z" level=info msg="Listening on :9100" source="node_exporter.go:111"
2020-09-17T10:29:13.504235950Z  Generating public/private rsa key pair.
2020-09-17T10:29:13.504281040Z  Your identification has been saved in /etc/ssh/ssh_host_rsa_key.
2020-09-17T10:29:13.504293400Z  Your public key has been saved in /etc/ssh/ssh_host_rsa_key.pub.
2020-09-17T10:29:13.504303223Z  The key fingerprint is:
2020-09-17T10:29:13.504312631Z  SHA256:LemDx93PEbGwgKcu2BYLNDm59G+P2YSWy5CcAP7dFeE root@32c6177af80d
2020-09-17T10:29:13.504321879Z  The key's randomart image is:
2020-09-17T10:29:13.504331020Z  +---[RSA 4096]----+
2020-09-17T10:29:13.504340367Z  |          .      |
2020-09-17T10:29:13.504349481Z  |     o   o .     |
2020-09-17T10:29:13.504358321Z  |  . B   . E . .  |
2020-09-17T10:29:13.504367041Z  | . + =   = o o o |
2020-09-17T10:29:13.504376094Z  |  . + o S o . o  |
2020-09-17T10:29:13.504384986Z  |   . B % * .   . |
2020-09-17T10:29:13.504393720Z  |    o % & o . .  |
2020-09-17T10:29:13.504403117Z  |     . B O   o . |
2020-09-17T10:29:13.504411972Z  |        = o   o  |
2020-09-17T10:29:13.504420669Z  +----[SHA256]-----+
2020-09-17T10:29:13.518347871Z  Could not load host key: /etc/ssh/ssh_host_ecdsa_key
2020-09-17T10:29:13.590901268Z  Scylla version 4.1.6-0.20200831.6d9ff622df with build-id c2ed04d00095c63b7456b5fcda6775c5a9f33b0b starting ...
2020-09-17T10:29:13.590961539Z  command used: "/usr/bin/scylla --log-to-syslog 0 --log-to-stdout 1 --default-log-level info --network-stack posix --developer-mode=1 --overprovisioned --listen-address 10.0.43.8 --rpc-address 10.0.43.8 --seed-provider-parameters seeds=10.0.43.8 --blocked-reactor-notify-ms 999999999"
2020-09-17T10:29:13.590974485Z  parsed command line options: [log-to-syslog: 0, log-to-stdout: 1, default-log-level: info, network-stack: posix, developer-mode: 1, overprovisioned, listen-address: 10.0.43.8, rpc-address: 10.0.43.8, seed-provider-parameters: seeds=10.0.43.8, blocked-reactor-notify-ms: 999999999]
2020-09-17T10:29:13.616367654Z  WARN  2020-09-17 10:29:13,615 [shard 0] seastar - Unable to set SCHED_FIFO scheduling policy for timer thread; latency impact possible. Try adding CAP_SYS_NICE
2020-09-17T10:29:13.647800722Z  INFO  2020-09-17 10:29:13,647 [shard 0] init - installing SIGHUP handler
2020-09-17T10:29:13.652439802Z  INFO  2020-09-17 10:29:13,652 [shard 0] init - Scylla version 4.1.6-0.20200831.6d9ff622df with build-id c2ed04d00095c63b7456b5fcda6775c5a9f33b0b starting ...
2020-09-17T10:29:13.652473442Z  
2020-09-17T10:29:13.654081374Z  INFO  2020-09-17 10:29:13,653 [shard 0] init - starting prometheus API server
2020-09-17T10:29:13.656264438Z  INFO  2020-09-17 10:29:13,655 [shard 0] init - starting tokens manager
2020-09-17T10:29:13.657201833Z  INFO  2020-09-17 10:29:13,656 [shard 0] init - starting migration manager notifier
2020-09-17T10:29:13.657996111Z  INFO  2020-09-17 10:29:13,657 [shard 0] init - creating tracing
2020-09-17T10:29:13.659688632Z  INFO  2020-09-17 10:29:13,659 [shard 0] init - creating snitch
2020-09-17T10:29:13.660972304Z  INFO  2020-09-17 10:29:13,660 [shard 0] init - determining DNS name
2020-09-17T10:29:13.660994506Z  INFO  2020-09-17 10:29:13,660 [shard 0] init - starting API server
2020-09-17T10:29:13.662470687Z  INFO  2020-09-17 10:29:13,662 [shard 0] init - Scylla API server listening on 127.0.0.1:10000 ...
2020-09-17T10:29:13.663729917Z  INFO  2020-09-17 10:29:13,663 [shard 0] init - initializing storage service
2020-09-17T10:29:13.664139803Z  INFO  2020-09-17 10:29:13,663 [shard 0] init - starting per-shard database core
2020-09-17T10:29:13.674740881Z  WARN  2020-09-17 10:29:13,674 [shard 0] init - I/O Scheduler is not properly configured! This is a non-supported setup, and performance is expected to be unpredictably bad.
2020-09-17T10:29:13.674770915Z   Reason found: none of --max-io-requests, --io-properties and --io-properties-file are set.
2020-09-17T10:29:13.674824116Z  To properly configure the I/O Scheduler, run the scylla_io_setup utility shipped with Scylla.
2020-09-17T10:29:13.674841624Z  
2020-09-17T10:29:13.675201389Z  INFO  2020-09-17 10:29:13,674 [shard 0] init - creating and verifying directories
2020-09-17T10:29:13.854130243Z  Connecting to http://localhost:10000
2020-09-17T10:29:13.855151347Z  Starting the JMX server
2020-09-17T10:29:14.046750787Z  INFO  2020-09-17 10:29:14,046 [shard 0] database - Populating Keyspace system_schema
2020-09-17T10:29:14.046819536Z  INFO  2020-09-17 10:29:14,046 [shard 0] database - Keyspace system_schema: Reading CF computed_columns id=cc7c7069-3740-33c1-92a4-c3de78dbd2c4 version=2b8c4439-de76-31e0-807f-3b7290a975d7
2020-09-17T10:29:14.046851321Z  INFO  2020-09-17 10:29:14,046 [shard 0] database - Keyspace system_schema: Reading CF view_virtual_columns id=08843b63-45dc-3be2-9798-a0418295cfaa version=c777531c-15f7-326f-8ebe-39fd0265c8c9
2020-09-17T10:29:14.046862678Z  INFO  2020-09-17 10:29:14,046 [shard 0] database - Keyspace system_schema: Reading CF dropped_columns id=5e7583b5-f3f4-3af1-9a39-b7e1d6f5f11f version=7426bc6c-4c2f-3200-8ad8-4329610ed59a
2020-09-17T10:29:14.046872665Z  INFO  2020-09-17 10:29:14,046 [shard 0] database - Keyspace system_schema: Reading CF indexes id=0feb57ac-311f-382f-ba6d-9024d305702f version=99c40462-8687-304e-abe3-2bdbef1f25aa
2020-09-17T10:29:14.046882465Z  INFO  2020-09-17 10:29:14,046 [shard 0] database - Keyspace system_schema: Reading CF functions id=96489b79-80be-3e14-a701-66a0b9159450 version=329ed804-55b3-3eee-ad61-d85317b96097
2020-09-17T10:29:14.046892126Z  INFO  2020-09-17 10:29:14,046 [shard 0] database - Keyspace system_schema: Reading CF columns id=24101c25-a2ae-3af7-87c1-b40ee1aca33f version=d33236d4-9bdd-3c09-abf0-a0bc5edc2526
2020-09-17T10:29:14.047189172Z  INFO  2020-09-17 10:29:14,046 [shard 0] database - Keyspace system_schema: Reading CF scylla_tables id=5d912ff1-f759-3665-b2c8-8042ab5103dd version=38e5e56b-155d-39b5-a0d2-8e5dcad42a26
2020-09-17T10:29:14.047213787Z  INFO  2020-09-17 10:29:14,046 [shard 0] database - Keyspace system_schema: Reading CF tables id=afddfb9d-bc1e-3068-8056-eed6c302ba09 version=b6240810-eeb7-36d5-9411-43b2d68dddab
2020-09-17T10:29:14.047225824Z  INFO  2020-09-17 10:29:14,046 [shard 0] database - Keyspace system_schema: Reading CF keyspaces id=abac5682-dea6-31c5-b535-b3d6cffd0fb6 version=e79ca8ba-6556-3f7d-925a-7f20cf57938c
2020-09-17T10:29:14.047236392Z  INFO  2020-09-17 10:29:14,046 [shard 0] database - Keyspace system_schema: Reading CF triggers id=4df70b66-6b05-3251-95a1-32b54005fd48 version=582d7071-1ef0-37c8-adc6-471a13636139
2020-09-17T10:29:14.047246726Z  INFO  2020-09-17 10:29:14,046 [shard 0] database - Keyspace system_schema: Reading CF views id=9786ac1c-dd58-3201-a7cd-ad556410c985 version=5b58bb47-96e7-3f57-accf-0bfca4dbbc6e
2020-09-17T10:29:14.047256867Z  INFO  2020-09-17 10:29:14,046 [shard 0] database - Keyspace system_schema: Reading CF types id=5a8b1ca8-6602-3f77-a045-9273d308917a version=de51b2ce-5e4d-3b7d-a75f-2204332ce8d1
2020-09-17T10:29:14.047266914Z  INFO  2020-09-17 10:29:14,046 [shard 0] database - Keyspace system_schema: Reading CF aggregates id=924c5587-2e3a-345b-b10c-12f37c1ba895 version=4b53e92c-0368-3d5c-b959-2ec1bfd1a59f
2020-09-17T10:29:14.416922738Z  JMX is enabled to receive remote connections on port: 7199
2020-09-17T10:29:14.417428700Z  2020-09-17 10:29:14,417 INFO success: scylla entered RUNNING state, process has stayed up for > than 1 seconds (startsecs)
2020-09-17T10:29:14.417805264Z  2020-09-17 10:29:14,417 INFO success: scylla-housekeeping entered RUNNING state, process has stayed up for > than 1 seconds (startsecs)
2020-09-17T10:29:14.418126759Z  2020-09-17 10:29:14,417 INFO success: sshd entered RUNNING state, process has stayed up for > than 1 seconds (startsecs)
2020-09-17T10:29:14.418420094Z  2020-09-17 10:29:14,418 INFO success: scylla-jmx entered RUNNING state, process has stayed up for > than 1 seconds (startsecs)
2020-09-17T10:29:14.418678775Z  2020-09-17 10:29:14,418 INFO success: rsyslog entered RUNNING state, process has stayed up for > than 1 seconds (startsecs)
2020-09-17T10:29:14.419006728Z  2020-09-17 10:29:14,418 INFO success: node-exporter entered RUNNING state, process has stayed up for > than 1 seconds (startsecs)
2020-09-17T10:29:18.823377993Z  Traceback (most recent call last):
2020-09-17T10:29:18.823408597Z    File "/opt/scylladb/scripts/libexec/scylla-housekeeping", line 208, in <module>
2020-09-17T10:29:18.823424451Z      args.func(args)
2020-09-17T10:29:18.823437881Z    File "/opt/scylladb/scripts/libexec/scylla-housekeeping", line 134, in check_version
2020-09-17T10:29:18.823451517Z      current_version = sanitize_version(get_api('/storage_service/scylla_release_version'))
2020-09-17T10:29:18.823465081Z    File "/opt/scylladb/scripts/libexec/scylla-housekeeping", line 93, in get_api
2020-09-17T10:29:18.823478597Z      return get_json_from_url("http://" + api_address + path)
2020-09-17T10:29:18.823491911Z    File "/opt/scylladb/scripts/libexec/scylla-housekeeping", line 88, in get_json_from_url
2020-09-17T10:29:18.823505277Z      raise RuntimeError(f'Failed to get "{path}" due to the following error: {retval}')
2020-09-17T10:29:18.823518958Z  RuntimeError: Failed to get "http://localhost:10000/storage_service/scylla_release_version" due to the following error: HTTP Error 404: Not Found
2020-09-17T10:29:24.183318853Z  INFO  2020-09-17 10:29:24,182 [shard 0] database - Found temporary sstable directory: "/var/lib/scylla/data/system_schema/scylla_tables-5d912ff1f7593665b2c88042ab5103dd/0000000000000363.sstable", removing
2020-09-17T10:29:24.183877507Z  INFO  2020-09-17 10:29:24,183 [shard 0] database - Found temporary sstable directory: "/var/lib/scylla/data/system_schema/tables-afddfb9dbc1e30688056eed6c302ba09/0000000000000374.sstable", removing
2020-09-17T10:29:24.183927964Z  INFO  2020-09-17 10:29:24,183 [shard 0] database - Found temporary sstable directory: "/var/lib/scylla/data/system_schema/tables-afddfb9dbc1e30688056eed6c302ba09/0000000000000375.sstable", removing
2020-09-17T10:29:24.184911007Z  INFO  2020-09-17 10:29:24,183 [shard 0] database - Found temporary sstable directory: "/var/lib/scylla/data/system_schema/scylla_tables-5d912ff1f7593665b2c88042ab5103dd/0000000000000362.sstable", removing
2020-09-17T10:29:24.184955243Z  INFO  2020-09-17 10:29:24,183 [shard 0] database - Found temporary sstable directory: "/var/lib/scylla/data/system_schema/views-9786ac1cdd583201a7cdad556410c985/0000000000000310.sstable", removing
2020-09-17T10:29:24.184969828Z  INFO  2020-09-17 10:29:24,183 [shard 0] database - Found temporary sstable directory: "/var/lib/scylla/data/system_schema/views-9786ac1cdd583201a7cdad556410c985/0000000000000307.sstable", removing
2020-09-17T10:29:24.184983714Z  INFO  2020-09-17 10:29:24,184 [shard 0] database - Found temporary sstable directory: "/var/lib/scylla/data/system_schema/types-5a8b1ca866023f77a0459273d308917a/0000000000000323.sstable", removing
2020-09-17T10:29:24.186247128Z  INFO  2020-09-17 10:29:24,185 [shard 0] database - Found temporary sstable directory: "/var/lib/scylla/data/system_schema/aggregates-924c55872e3a345bb10c12f37c1ba895/0000000000000298.sstable", removing
2020-09-17T10:29:24.224749821Z  WARN  2020-09-17 10:29:24,224 [shard 0] sstable - Deleting components of sstable from system_schema.indexes of generation 399 that has a temporary TOC
2020-09-17T10:29:24.289018070Z  WARN  2020-09-17 10:29:24,288 [shard 0] sstable - Deleting components of sstable from system_schema.tables of generation 374 that has a temporary TOC
2020-09-17T10:29:24.289045925Z  WARN  2020-09-17 10:29:24,288 [shard 0] sstable - Deleting components of sstable from system_schema.views of generation 310 that has a temporary TOC
2020-09-17T10:29:24.289138899Z  WARN  2020-09-17 10:29:24,288 [shard 0] sstable - Deleting components of sstable from system_schema.types of generation 323 that has a temporary TOC
2020-09-17T10:29:24.289151054Z  WARN  2020-09-17 10:29:24,288 [shard 0] sstable - Deleting components of sstable from system_schema.scylla_tables of generation 362 that has a temporary TOC
2020-09-17T10:29:24.289754914Z  WARN  2020-09-17 10:29:24,288 [shard 0] sstable - Deleting components of sstable from system_schema.aggregates of generation 298 that has a temporary TOC
2020-09-17T10:29:25.254196473Z  WARN  2020-09-17 10:29:25,253 [shard 0] sstable - Deleting components of sstable from system_schema.views of generation 307 that has a temporary TOC
2020-09-17T10:29:25.338008525Z  WARN  2020-09-17 10:29:25,337 [shard 0] sstable - Deleting components of sstable from system_schema.scylla_tables of generation 363 that has a temporary TOC
2020-09-17T10:29:25.422381682Z  WARN  2020-09-17 10:29:25,420 [shard 0] sstable - Deleting components of sstable from system_schema.tables of generation 375 that has a temporary TOC
2020-09-17T10:29:25.422406828Z  WARN  2020-09-17 10:29:25,421 [shard 0] sstable - Deleting components of sstable from system_schema.types of generation 322 that has a temporary TOC
2020-09-17T10:29:26.158767405Z  INFO  2020-09-17 10:29:26,157 [shard 0] database - Populating Keyspace system
2020-09-17T10:29:26.158876561Z  INFO  2020-09-17 10:29:26,157 [shard 0] database - Keyspace system: Reading CF schema_aggregates id=a5fc57fc-9d6c-3bfd-a3fc-01ad54686fea version=d06c934f-9a69-374c-86f1-523ab26fb05c
2020-09-17T10:29:26.158892220Z  INFO  2020-09-17 10:29:26,157 [shard 0] database - Keyspace system: Reading CF schema_triggers id=0359bc71-7123-3ee1-9a4a-b9dfb11fc125 version=75e4ec4c-76da-3f59-984e-66810ba0c62b
2020-09-17T10:29:26.158902799Z  INFO  2020-09-17 10:29:26,157 [shard 0] database - Keyspace system: Reading CF compaction_history id=b4dbb7b4-dc49-3fb5-b3bf-ce6e434832ca version=25cae56a-8d75-39f3-a146-3756ab4981c7
2020-09-17T10:29:26.158912913Z  INFO  2020-09-17 10:29:26,157 [shard 0] database - Keyspace system: Reading CF compactions_in_progress id=55080ab0-5d9c-3886-90a4-acb25fe1f77b version=540263f1-40db-3869-8a38-3baadedc222d
2020-09-17T10:29:26.158922803Z  INFO  2020-09-17 10:29:26,157 [shard 0] database - Keyspace system: Reading CF range_xfers id=55d76438-4e55-3f8b-9f6e-676d4af3976d version=dd15a078-409b-350d-9bef-c5f3520832d8
2020-09-17T10:29:26.158947772Z  INFO  2020-09-17 10:29:26,157 [shard 0] database - Keyspace system: Reading CF scylla_views_builds_in_progress id=a04c7bfd-1e13-36c9-a44d-f22da352281d version=e3fb736c-6956-3990-a31d-9a482279e3fc
2020-09-17T10:29:26.158963881Z  INFO  2020-09-17 10:29:26,157 [shard 0] database - Keyspace system: Reading CF IndexInfo id=9f5c6374-d485-3229-9a0a-5094af9ad1e3 version=bbb3743b-351f-3023-b4fc-09a9be37d529
2020-09-17T10:29:26.159002029Z  INFO  2020-09-17 10:29:26,157 [shard 0] database - Keyspace system: Reading CF cdc_local id=0bcaffd4-0c83-3ead-ad13-dc1d5015b77c version=0aa4d3a2-ed95-3ecd-aba0-cd75622ad290
2020-09-17T10:29:26.159020004Z  INFO  2020-09-17 10:29:26,157 [shard 0] database - Keyspace system: Reading CF schema_columnfamilies id=45f5b360-24bc-3f83-a363-1034ea4fa697 version=7f7a5fea-07b7-304d-a6f8-f7aec72cabdb
2020-09-17T10:29:26.159036495Z  INFO  2020-09-17 10:29:26,157 [shard 0] database - Keyspace system: Reading CF batchlog id=0290003c-977e-397c-ac3e-fdfdc01d626b version=e2a2e804-49e4-3597-9f16-39fd9475835c
2020-09-17T10:29:26.159055655Z  INFO  2020-09-17 10:29:26,157 [shard 0] database - Keyspace system: Reading CF schema_functions id=d1b675fe-2b50-3ca4-8e49-c0f81989dcad version=a50959dd-2be0-3e4e-8bb5-cf40796e256a
2020-09-17T10:29:26.159072802Z  INFO  2020-09-17 10:29:26,157 [shard 0] database - Keyspace system: Reading CF peer_events id=59dfeaea-8db2-3341-91ef-109974d81484 version=7f874a05-72b8-3c21-9acb-baa164fc351a
2020-09-17T10:29:26.159100856Z  INFO  2020-09-17 10:29:26,157 [shard 0] database - Keyspace system: Reading CF local id=7ad54392-bcdd-35a6-8417-4e047860b377 version=7fa82c2e-5b67-37dd-8e5e-2079e18f1536
2020-09-17T10:29:26.159116985Z  INFO  2020-09-17 10:29:26,157 [shard 0] database - Keyspace system: Reading CF clients id=ca0f635d-8630-3609-8d93-a1fc06f2a5e5 version=51273ebf-e6f9-3cd5-b455-ea09ad29796f
2020-09-17T10:29:26.159133045Z  INFO  2020-09-17 10:29:26,157 [shard 0] database - Keyspace system: Reading CF size_estimates id=618f817b-005f-3678-b8a4-53f3930b8e86 version=6d4dbcff-f05b-3dc3-95ad-f79f7b10504d
2020-09-17T10:29:26.159149003Z  INFO  2020-09-17 10:29:26,157 [shard 0] database - Keyspace system: Reading CF large_partitions id=8a7fe624-96b0-34b1-b90e-f71bddcdd2d3 version=04fa9920-9369-3a96-be39-6dd9fdc816b6
2020-09-17T10:29:26.159164773Z  INFO  2020-09-17 10:29:26,157 [shard 0] database - Keyspace system: Reading CF schema_columns id=296e9c04-9bec-3085-827d-c17d3df2122a version=53cfbb66-ee0d-37be-97bb-b2afb3746f85
2020-09-17T10:29:26.159180680Z  INFO  2020-09-17 10:29:26,157 [shard 0] database - Keyspace system: Reading CF built_views id=4b3c50a9-ea87-3d76-9101-6dbc9c38494a version=a28aa0b3-6def-30a7-9fbe-ce78b3f3c9b9
2020-09-17T10:29:26.159196368Z  INFO  2020-09-17 10:29:26,157 [shard 0] database - Keyspace system: Reading CF peers id=37f71aca-7dc2-383b-a706-72528af04d4f version=f6f6871f-8c86-3eca-ac0b-2a2e848e395d
2020-09-17T10:29:26.159211992Z  INFO  2020-09-17 10:29:26,157 [shard 0] database - Keyspace system: Reading CF hints id=2666e205-73ef-38b3-90fe-fecf96e8f0c7 version=0b74fdd1-e96d-309e-a14e-a5bcd7ac885d
2020-09-17T10:29:26.159227689Z  INFO  2020-09-17 10:29:26,157 [shard 0] database - Keyspace system: Reading CF large_rows id=40550f66-0858-39a0-9430-f27fc08034e9 version=aee3acb0-7926-317b-848e-db7bc3721695
2020-09-17T10:29:26.159243524Z  INFO  2020-09-17 10:29:26,157 [shard 0] database - Keyspace system: Reading CF large_cells id=ead8bbc5-f146-3ae1-9f71-0b11f9a1d296 version=0d4a6937-a781-3f87-a192-b4e4a4a40acf
2020-09-17T10:29:26.159261349Z  INFO  2020-09-17 10:29:26,157 [shard 0] database - Keyspace system: Reading CF scylla_local id=2972ec7f-fb20-38dd-aac1-d876f2e3fcbd version=5f0b407d-eedf-3845-a48e-dbb9673d10e1
2020-09-17T10:29:26.159277884Z  INFO  2020-09-17 10:29:26,157 [shard 0] database - Keyspace system: Reading CF views_builds_in_progress id=b7f2c108-78cd-3c80-9cd5-d609b2bd149c version=b905cce5-1474-3085-819a-7592453e2fb9
2020-09-17T10:29:26.159316342Z  INFO  2020-09-17 10:29:26,157 [shard 0] database - Keyspace system: Reading CF schema_usertypes id=3aa75225-4f82-350b-8d5c-430fa221fa0a version=3c53e6bb-56d5-3618-a0b2-4ff5f18127d7
2020-09-17T10:29:26.159333668Z  INFO  2020-09-17 10:29:26,158 [shard 0] database - Keyspace system: Reading CF sstable_activity id=5a1ff267-ace0-3f12-8563-cfae6103c65e version=bdec57a3-b234-334b-be9c-7b1f33113995
2020-09-17T10:29:26.159349771Z  INFO  2020-09-17 10:29:26,158 [shard 0] database - Keyspace system: Reading CF truncated id=38c19fd0-fb86-3310-a4b7-0d0cc66628aa version=6da9a85c-7ae0-3917-aead-54a2f65a57a8
2020-09-17T10:29:26.159365974Z  INFO  2020-09-17 10:29:26,158 [shard 0] database - Keyspace system: Reading CF paxos id=b7b7f0c2-fd0a-3410-8c05-3ef614bb7c2d version=6dd372de-72fb-3e1b-9b8c-f97738a67fe9
2020-09-17T10:29:26.159382071Z  INFO  2020-09-17 10:29:26,158 [shard 0] database - Keyspace system: Reading CF schema_keyspaces id=b0f22357-4458-3cdb-9631-c43e59ce3676 version=84d28cef-59f9-34a9-9be5-31c684997f03
2020-09-17T10:29:38.481439640Z  INFO  2020-09-17 10:29:38,480 [shard 0] init - starting gossip
2020-09-17T10:29:38.481479006Z  WARN  2020-09-17 10:29:38,481 [shard 0] init - Using default cluster name is not recommended. Using a unique cluster name will reduce the chance of adding nodes to the wrong cluster by mistake
2020-09-17T10:29:38.482146576Z  INFO  2020-09-17 10:29:38,481 [shard 0] init - starting storage proxy
2020-09-17T10:29:38.492889990Z  INFO  2020-09-17 10:29:38,492 [shard 0] init - creating hints manager
2020-09-17T10:29:38.493413601Z  INFO  2020-09-17 10:29:38,493 [shard 2] init - creating hints manager
2020-09-17T10:29:38.493435341Z  INFO  2020-09-17 10:29:38,493 [shard 3] init - creating hints manager
2020-09-17T10:29:38.494210814Z  INFO  2020-09-17 10:29:38,493 [shard 1] init - creating hints manager
2020-09-17T10:29:38.494943585Z  INFO  2020-09-17 10:29:38,494 [shard 0] init - starting migration manager
2020-09-17T10:29:38.495569889Z  INFO  2020-09-17 10:29:38,495 [shard 0] init - starting query processor
2020-09-17T10:29:38.497753095Z  INFO  2020-09-17 10:29:38,497 [shard 0] init - initializing batchlog manager
2020-09-17T10:29:38.503623434Z  INFO  2020-09-17 10:29:38,503 [shard 0] legacy_schema_migrator - Moving 0 keyspaces from legacy schema tables to the new schema keyspace (system_schema)
2020-09-17T10:29:38.504630551Z  INFO  2020-09-17 10:29:38,504 [shard 0] legacy_schema_migrator - Dropping legacy schema tables
2020-09-17T10:29:49.904495023Z  INFO  2020-09-17 10:29:49,903 [shard 0] legacy_schema_migrator - Completed migration of legacy schema tables
2020-09-17T10:29:49.907391828Z  INFO  2020-09-17 10:29:49,906 [shard 0] init - loading system sstables
2020-09-17T10:30:07.487898945Z  INFO  2020-09-17 10:30:07,486 [shard 0] init - loading non-system sstables
2020-09-17T10:30:14.499791622Z  INFO  2020-09-17 10:30:14,498 [shard 0] database - Populating Keyspace dt
2020-09-17T10:30:14.499861854Z  INFO  2020-09-17 10:30:14,498 [shard 0] database - Keyspace dt: Reading CF element_twin_idx_index id=630ae8b0-d77b-11ea-9877-000000000001 version=bc3026fd-bc4e-318d-b6f4-ca0b566cb74b
2020-09-17T10:30:14.499901442Z  INFO  2020-09-17 10:30:14,498 [shard 0] database - Keyspace dt: Reading CF source_element_idx_index id=68593f10-d77b-11ea-9877-000000000001 version=33e3f927-f730-3081-88e1-6bed2962e42a
2020-09-17T10:30:14.499912698Z  INFO  2020-09-17 10:30:14,498 [shard 0] database - Keyspace dt: Reading CF source id=65ff2270-d77b-11ea-9877-000000000001 version=5f8471b7-7d19-31d4-9be5-0f153affb0bb
2020-09-17T10:30:14.499936088Z  INFO  2020-09-17 10:30:14,498 [shard 0] database - Keyspace dt: Reading CF source_data id=6af6cd50-d77b-11ea-9877-000000000001 version=b52400e3-b307-3141-b3fc-e5d63573f135
2020-09-17T10:30:14.499949008Z  INFO  2020-09-17 10:30:14,498 [shard 0] database - Keyspace dt: Reading CF element id=607549b0-d77b-11ea-9877-000000000001 version=f44a6c4b-69d8-37f2-b116-7260740acc6c
2020-09-17T10:30:14.499959266Z  INFO  2020-09-17 10:30:14,498 [shard 0] database - Keyspace dt: Reading CF twin id=5e00c740-d77b-11ea-9877-000000000001 version=6240633e-c8cc-3fea-a1e3-452eff1b9659
2020-09-17T10:30:14.499969042Z  INFO  2020-09-17 10:30:14,498 [shard 0] database - Keyspace dt: Reading CF user id=5c294820-d77b-11ea-9877-000000000001 version=02cce273-02f1-3e6a-8674-f1016e3f22d7
2020-09-17T10:30:14.499979479Z  INFO  2020-09-17 10:30:14,498 [shard 0] database - Populating Keyspace system_distributed
2020-09-17T10:30:14.499989180Z  INFO  2020-09-17 10:30:14,498 [shard 0] database - Keyspace system_distributed: Reading CF view_build_status id=5582b59f-8e4e-35e1-b913-3acada51eb04 version=e0b6e628-60e0-39a2-ada0-9b6c13bdd9bc
2020-09-17T10:30:14.499999297Z  INFO  2020-09-17 10:30:14,499 [shard 0] database - Keyspace system_distributed: Reading CF cdc_generations id=6a4df139-00b6-3d21-9efc-dade266dc3b7 version=2511b46b-df1d-39fa-9a77-f5cacf88af47
2020-09-17T10:30:14.500009360Z  INFO  2020-09-17 10:30:14,499 [shard 0] database - Keyspace system_distributed: Reading CF cdc_streams id=07405732-4620-34d6-a85e-947248dad9a4 version=b606cfa4-a37b-32bd-a624-e05cab2bed3c
2020-09-17T10:30:14.500019194Z  INFO  2020-09-17 10:30:14,499 [shard 0] database - Populating Keyspace system_auth
2020-09-17T10:30:14.500030474Z  INFO  2020-09-17 10:30:14,499 [shard 0] database - Keyspace system_auth: Reading CF roles id=5bc52802-de25-35ed-aeab-188eecebb090 version=d8f599da-7544-3f57-aa58-b229deea93e0
2020-09-17T10:30:14.500040883Z  INFO  2020-09-17 10:30:14,499 [shard 0] database - Keyspace system_auth: Reading CF role_members id=0ecdaa87-f8fb-3e60-88d1-74fb36fe5c0d version=2923b5bb-f2f8-36e8-9e73-19019900010c
2020-09-17T10:30:14.500050672Z  INFO  2020-09-17 10:30:14,499 [shard 0] database - Populating Keyspace system_traces
2020-09-17T10:30:14.500059978Z  INFO  2020-09-17 10:30:14,499 [shard 0] database - Keyspace system_traces: Reading CF sessions id=c5e99f16-8677-3914-b17e-960613512345 version=e0fc4b06-6cba-3b7b-bfb6-b42a77c370a9
2020-09-17T10:30:14.500069672Z  INFO  2020-09-17 10:30:14,499 [shard 0] database - Keyspace system_traces: Reading CF node_slow_log_time_idx id=f9706768-aa1e-3d87-9e5c-51a3927c2870 version=eaffc0bb-7b2c-3b64-8924-d8ba685120bc
2020-09-17T10:30:14.500079415Z  INFO  2020-09-17 10:30:14,499 [shard 0] database - Keyspace system_traces: Reading CF sessions_time_idx id=0ebf001c-c1d1-3693-9a63-c3d96ac53318 version=cd5d1e5f-1f42-3b9d-a8ba-3af39d59a7d5
2020-09-17T10:30:14.500096250Z  INFO  2020-09-17 10:30:14,499 [shard 0] database - Keyspace system_traces: Reading CF events id=8826e8e9-e16a-3728-8753-3bc1fc713c25 version=41a6b26e-a03b-3ae1-8a4a-b9446e7f9304
2020-09-17T10:30:14.500106972Z  INFO  2020-09-17 10:30:14,499 [shard 0] database - Keyspace system_traces: Reading CF node_slow_log id=bfcc4e62-5b63-3aa1-a1c3-6f5e47f3325c version=23e7a411-8414-340f-854d-20a3a637e438
2020-09-17T10:30:20.991658453Z  INFO  2020-09-17 10:30:20,991 [shard 0] init - starting view update generator
2020-09-17T10:30:20.992296666Z  INFO  2020-09-17 10:30:20,992 [shard 0] init - discovering staging sstables
2020-09-17T10:30:20.993772173Z  INFO  2020-09-17 10:30:20,992 [shard 0] init - setting up system keyspace
2020-09-17T10:30:21.012530579Z  INFO  2020-09-17 10:30:21,012 [shard 0] init - starting commit log
2020-09-17T10:30:21.012570002Z  INFO  2020-09-17 10:30:21,012 [shard 0] init - replaying commit log
2020-09-17T10:30:21.014757347Z  INFO  2020-09-17 10:30:21,014 [shard 0] commitlog_replayer - Replaying /var/lib/scylla/commitlog/CommitLog-1-593364754.log, /var/lib/scylla/commitlog/CommitLog-1-54043196121810708.log, /var/lib/scylla/commitlog/CommitLog-1-18014399102846740.log, /var/lib/scylla/commitlog/CommitLog-1-36028797612328727.log, /var/lib/scylla/commitlog/CommitLog-1-593364756.log, /var/lib/scylla/commitlog/CommitLog-1-36028797612328726.log, /var/lib/scylla/commitlog/CommitLog-1-36028797612328725.log, /var/lib/scylla/commitlog/CommitLog-1-54043196121810710.log, /var/lib/scylla/commitlog/CommitLog-1-54043196121810709.log, /var/lib/scylla/commitlog/CommitLog-1-18014399102846739.log, /var/lib/scylla/commitlog/CommitLog-1-593364755.log
2020-09-17T10:30:29.405698247Z  INFO  2020-09-17 10:30:29,404 [shard 0] commitlog_replayer - Log replay complete, 20825 replayed mutations (0 invalid, 0 skipped)
2020-09-17T10:30:29.406346598Z  INFO  2020-09-17 10:30:29,405 [shard 0] init - replaying commit log - flushing memtables
2020-09-17T10:30:45.879684851Z  INFO  2020-09-17 10:30:45,878 [shard 0] init - replaying commit log - removing old commitlog segments
2020-09-17T10:30:45.880263478Z  INFO  2020-09-17 10:30:45,879 [shard 0] compaction - Compacting [/var/lib/scylla/data/system/peers-37f71aca7dc2383ba70672528af04d4f/mc-12-big-Data.db:level=0, /var/lib/scylla/data/system/peers-37f71aca7dc2383ba70672528af04d4f/mc-4-big-Data.db:level=0, /var/lib/scylla/data/system/peers-37f71aca7dc2383ba70672528af04d4f/mc-8-big-Data.db:level=0, ]
2020-09-17T10:30:45.880835521Z  INFO  2020-09-17 10:30:45,880 [shard 0] compaction - Compacting [/var/lib/scylla/data/system/compaction_history-b4dbb7b4dc493fb5b3bfce6e434832ca/mc-532-big-Data.db:level=0, /var/lib/scylla/data/system/compaction_history-b4dbb7b4dc493fb5b3bfce6e434832ca/mc-528-big-Data.db:level=0, /var/lib/scylla/data/system/compaction_history-b4dbb7b4dc493fb5b3bfce6e434832ca/mc-524-big-Data.db:level=0, ]
2020-09-17T10:30:45.880877577Z  INFO  2020-09-17 10:30:45,880 [shard 1] compaction - Compacting [/var/lib/scylla/data/system/compaction_history-b4dbb7b4dc493fb5b3bfce6e434832ca/mc-533-big-Data.db:level=0, /var/lib/scylla/data/system/compaction_history-b4dbb7b4dc493fb5b3bfce6e434832ca/mc-529-big-Data.db:level=0, /var/lib/scylla/data/system/compaction_history-b4dbb7b4dc493fb5b3bfce6e434832ca/mc-525-big-Data.db:level=0, ]
2020-09-17T10:30:45.880895676Z  INFO  2020-09-17 10:30:45,880 [shard 3] compaction - Compacting [/var/lib/scylla/data/system_schema/dropped_columns-5e7583b5f3f43af19a39b7e1d6f5f11f/mc-435-big-Data.db:level=0, /var/lib/scylla/data/system_schema/dropped_columns-5e7583b5f3f43af19a39b7e1d6f5f11f/mc-439-big-Data.db:level=0, /var/lib/scylla/data/system_schema/dropped_columns-5e7583b5f3f43af19a39b7e1d6f5f11f/mc-431-big-Data.db:level=0, ]
2020-09-17T10:30:45.880936234Z  INFO  2020-09-17 10:30:45,880 [shard 3] compaction - Compacting [/var/lib/scylla/data/system_schema/functions-96489b7980be3e14a70166a0b9159450/mc-375-big-Data.db:level=0, /var/lib/scylla/data/system_schema/functions-96489b7980be3e14a70166a0b9159450/mc-371-big-Data.db:level=0, /var/lib/scylla/data/system_schema/functions-96489b7980be3e14a70166a0b9159450/mc-367-big-Data.db:level=0, ]
2020-09-17T10:30:45.880948798Z  INFO  2020-09-17 10:30:45,880 [shard 1] compaction - Compacting [/var/lib/scylla/data/system/local-7ad54392bcdd35a684174e047860b377/mc-2137-big-Data.db:level=0, /var/lib/scylla/data/system/local-7ad54392bcdd35a684174e047860b377/mc-2141-big-Data.db:level=0, /var/lib/scylla/data/system/local-7ad54392bcdd35a684174e047860b377/mc-2145-big-Data.db:level=0, /var/lib/scylla/data/system/local-7ad54392bcdd35a684174e047860b377/mc-2133-big-Data.db:level=0, ]
2020-09-17T10:30:45.881299752Z  INFO  2020-09-17 10:30:45,880 [shard 0] compaction - Compacting [/var/lib/scylla/data/system/truncated-38c19fd0fb863310a4b70d0cc66628aa/mc-988-big-Data.db:level=0, /var/lib/scylla/data/system/truncated-38c19fd0fb863310a4b70d0cc66628aa/mc-992-big-Data.db:level=0, /var/lib/scylla/data/system/truncated-38c19fd0fb863310a4b70d0cc66628aa/mc-984-big-Data.db:level=0, ]
2020-09-17T10:30:45.881331118Z  INFO  2020-09-17 10:30:45,880 [shard 3] compaction - Compacting [/var/lib/scylla/data/system/compaction_history-b4dbb7b4dc493fb5b3bfce6e434832ca/mc-547-big-Data.db:level=0, /var/lib/scylla/data/system/compaction_history-b4dbb7b4dc493fb5b3bfce6e434832ca/mc-543-big-Data.db:level=0, /var/lib/scylla/data/system/compaction_history-b4dbb7b4dc493fb5b3bfce6e434832ca/mc-539-big-Data.db:level=0, ]
2020-09-17T10:30:45.881348925Z  INFO  2020-09-17 10:30:45,880 [shard 3] compaction - Compacting [/var/lib/scylla/data/system_schema/indexes-0feb57ac311f382fba6d9024d305702f/mc-399-big-Data.db:level=0, /var/lib/scylla/data/system_schema/indexes-0feb57ac311f382fba6d9024d305702f/mc-395-big-Data.db:level=0, ]
2020-09-17T10:30:45.881374713Z  INFO  2020-09-17 10:30:45,881 [shard 3] compaction - Compacting [/var/lib/scylla/data/dt/source_data-6af6cd50d77b11ea9877000000000001/mc-407-big-Data.db:level=0, /var/lib/scylla/data/dt/source_data-6af6cd50d77b11ea9877000000000001/mc-403-big-Data.db:level=0, /var/lib/scylla/data/dt/source_data-6af6cd50d77b11ea9877000000000001/mc-399-big-Data.db:level=0, ]
2020-09-17T10:30:45.881882226Z  INFO  2020-09-17 10:30:45,881 [shard 3] compaction - Compacting [/var/lib/scylla/data/system_schema/scylla_tables-5d912ff1f7593665b2c88042ab5103dd/mc-363-big-Data.db:level=0, /var/lib/scylla/data/system_schema/scylla_tables-5d912ff1f7593665b2c88042ab5103dd/mc-359-big-Data.db:level=0, ]
2020-09-17T10:30:45.882714201Z  INFO  2020-09-17 10:30:45,882 [shard 2] compaction - Compacting [/var/lib/scylla/data/system_schema/dropped_columns-5e7583b5f3f43af19a39b7e1d6f5f11f/mc-438-big-Data.db:level=0, /var/lib/scylla/data/system_schema/dropped_columns-5e7583b5f3f43af19a39b7e1d6f5f11f/mc-434-big-Data.db:level=0, /var/lib/scylla/data/system_schema/dropped_columns-5e7583b5f3f43af19a39b7e1d6f5f11f/mc-430-big-Data.db:level=0, ]
2020-09-17T10:30:45.883651891Z  INFO  2020-09-17 10:30:45,883 [shard 2] compaction - Compacting [/var/lib/scylla/data/system/clients-ca0f635d863036098d93a1fc06f2a5e5/mc-62-big-Data.db:level=0, /var/lib/scylla/data/system/clients-ca0f635d863036098d93a1fc06f2a5e5/mc-122-big-Data.db:level=0, /var/lib/scylla/data/system/clients-ca0f635d863036098d93a1fc06f2a5e5/mc-98-big-Data.db:level=0, /var/lib/scylla/data/system/clients-ca0f635d863036098d93a1fc06f2a5e5/mc-90-big-Data.db:level=0, /var/lib/scylla/data/system/clients-ca0f635d863036098d93a1fc06f2a5e5/mc-86-big-Data.db:level=0, /var/lib/scylla/data/system/clients-ca0f635d863036098d93a1fc06f2a5e5/mc-114-big-Data.db:level=0, /var/lib/scylla/data/system/clients-ca0f635d863036098d93a1fc06f2a5e5/mc-106-big-Data.db:level=0, /var/lib/scylla/data/system/clients-ca0f635d863036098d93a1fc06f2a5e5/mc-126-big-Data.db:level=0, /var/lib/scylla/data/system/clients-ca0f635d863036098d93a1fc06f2a5e5/mc-78-big-Data.db:level=0, /var/lib/scylla/data/system/clients-ca0f635d863036098d93a1fc06f2a5e5/mc-82-big-Data.db:level=0, /var/lib/scylla/data/system/clients-ca0f635d863036098d93a1fc06f2a5e5/mc-94-big-Data.db:level=0, /var/lib/scylla/data/system/clients-ca0f635d863036098d93a1fc06f2a5e5/mc-66-big-Data.db:level=0, /var/lib/scylla/data/system/clients-ca0f635d863036098d93a1fc06f2a5e5/mc-118-big-Data.db:level=0, /var/lib/scylla/data/system/clients-ca0f635d863036098d93a1fc06f2a5e5/mc-110-big-Data.db:level=0, /var/lib/scylla/data/system/clients-ca0f635d863036098d93a1fc06f2a5e5/mc-70-big-Data.db:level=0, /var/lib/scylla/data/system/clients-ca0f635d863036098d93a1fc06f2a5e5/mc-102-big-Data.db:level=0, /var/lib/scylla/data/system/clients-ca0f635d863036098d93a1fc06f2a5e5/mc-74-big-Data.db:level=0, ]
2020-09-17T10:30:45.884334274Z  INFO  2020-09-17 10:30:45,884 [shard 2] compaction - Compacting [/var/lib/scylla/data/system/compaction_history-b4dbb7b4dc493fb5b3bfce6e434832ca/mc-546-big-Data.db:level=0, /var/lib/scylla/data/system/compaction_history-b4dbb7b4dc493fb5b3bfce6e434832ca/mc-542-big-Data.db:level=0, /var/lib/scylla/data/system/compaction_history-b4dbb7b4dc493fb5b3bfce6e434832ca/mc-538-big-Data.db:level=0, ]
2020-09-17T10:30:45.885029446Z  INFO  2020-09-17 10:30:45,884 [shard 2] compaction - Compacting [/var/lib/scylla/data/system_schema/keyspaces-abac5682dea631c5b535b3d6cffd0fb6/mc-430-big-Data.db:level=0, /var/lib/scylla/data/system_schema/keyspaces-abac5682dea631c5b535b3d6cffd0fb6/mc-434-big-Data.db:level=0, /var/lib/scylla/data/system_schema/keyspaces-abac5682dea631c5b535b3d6cffd0fb6/mc-426-big-Data.db:level=0, ]
2020-09-17T10:30:45.885603530Z  INFO  2020-09-17 10:30:45,885 [shard 2] compaction - Compacting [/var/lib/scylla/data/system_schema/types-5a8b1ca866023f77a0459273d308917a/mc-322-big-Data.db:level=0, /var/lib/scylla/data/system_schema/types-5a8b1ca866023f77a0459273d308917a/mc-318-big-Data.db:level=0, ]
2020-09-17T10:30:45.886264981Z  INFO  2020-09-17 10:30:45,885 [shard 2] compaction - Compacting [/var/lib/scylla/data/system_schema/tables-afddfb9dbc1e30688056eed6c302ba09/mc-374-big-Data.db:level=0, /var/lib/scylla/data/system_schema/tables-afddfb9dbc1e30688056eed6c302ba09/mc-370-big-Data.db:level=0, ]
2020-09-17T10:30:45.888231163Z  INFO  2020-09-17 10:30:45,887 [shard 0] init - initializing migration manager RPC verbs
2020-09-17T10:30:45.889067662Z  INFO  2020-09-17 10:30:45,888 [shard 0] init - initializing storage proxy RPC verbs
2020-09-17T10:30:45.889561767Z  INFO  2020-09-17 10:30:45,889 [shard 2] compaction - Compacting [/var/lib/scylla/data/system_schema/scylla_tables-5d912ff1f7593665b2c88042ab5103dd/mc-362-big-Data.db:level=0, /var/lib/scylla/data/system_schema/scylla_tables-5d912ff1f7593665b2c88042ab5103dd/mc-358-big-Data.db:level=0, ]
2020-09-17T10:30:45.890577990Z  INFO  2020-09-17 10:30:45,890 [shard 0] init - starting streaming service
2020-09-17T10:30:45.894253583Z  INFO  2020-09-17 10:30:45,893 [shard 0] init - starting hinted handoff manager
2020-09-17T10:30:47.021125129Z  WARN  2020-09-17 10:30:47,020 [shard 3] large_data - Writing a partition with too many rows [dt/source_data:d0a71d84-b80f-4558-beac-8887750652e3] (112170 rows)
2020-09-17T10:30:48.566807307Z  INFO  2020-09-17 10:30:48,566 [shard 0] compaction - Compacted 3 sstables to []. 16431 bytes to 0 (~0% of original) in 1ms = 0.00MB/s. ~384 total partitions merged to 0.
2020-09-17T10:30:48.720905015Z  INFO  2020-09-17 10:30:48,720 [shard 0] init - starting messaging service
2020-09-17T10:30:48.721710099Z  INFO  2020-09-17 10:30:48,721 [shard 0] repair - Setting max_repair_memory=168820736, max_repair_memory_per_range=33554432, max_repair_ranges_in_parallel=5
2020-09-17T10:30:48.722207141Z  INFO  2020-09-17 10:30:48,721 [shard 0] init - starting storage service
2020-09-17T10:30:48.723464330Z  INFO  2020-09-17 10:30:48,723 [shard 0] storage_service - Loading persisted ring state
2020-09-17T10:30:48.726191254Z  INFO  2020-09-17 10:30:48,725 [shard 0] storage_service - loaded_peer_features: peer_features size=0
2020-09-17T10:30:48.726218509Z  INFO  2020-09-17 10:30:48,725 [shard 0] storage_service - Checking remote features skipped, since this node is a new seed node which knows nothing about the cluster
2020-09-17T10:30:48.728662850Z  INFO  2020-09-17 10:30:48,728 [shard 0] storage_service - Restarting a node in NORMAL status
2020-09-17T10:30:48.761797700Z  INFO  2020-09-17 10:30:48,761 [shard 0] database - Schema version changed to 3f00f995-6495-3765-8599-4e76a2f4c6b2
2020-09-17T10:30:48.762274180Z  INFO  2020-09-17 10:30:48,761 [shard 0] storage_service - Starting up server gossip
2020-09-17T10:30:51.640648926Z  INFO  2020-09-17 10:30:51,639 [shard 2] compaction - Compacted 17 sstables to []. 271113 bytes to 0 (~0% of original) in 33ms = 0.00MB/s. ~2176 total partitions merged to 0.
2020-09-17T10:30:51.748661954Z  INFO  2020-09-17 10:30:51,748 [shard 1] compaction - Compacted 4 sstables to [/var/lib/scylla/data/system/local-7ad54392bcdd35a684174e047860b377/mc-2149-big-Data.db:level=0, ]. 31115 bytes to 12597 (~40% of original) in 2684ms = 0.00MB/s. ~512 total partitions merged to 1.
2020-09-17T10:30:51.805815324Z  INFO  2020-09-17 10:30:51,805 [shard 1] compaction - Compacted 3 sstables to [/var/lib/scylla/data/system/compaction_history-b4dbb7b4dc493fb5b3bfce6e434832ca/mc-537-big-Data.db:level=0, ]. 275523 bytes to 118016 (~42% of original) in 2685ms = 0.04MB/s. ~512 total partitions merged to 259.
2020-09-17T10:30:51.975797487Z  INFO  2020-09-17 10:30:51,972 [shard 3] compaction - Compacting [/var/lib/scylla/data/system_schema/computed_columns-cc7c7069374033c192a4c3de78dbd2c4/mc-359-big-Data.db:level=0, /var/lib/scylla/data/system_schema/computed_columns-cc7c7069374033c192a4c3de78dbd2c4/mc-355-big-Data.db:level=0, ]
2020-09-17T10:30:51.975835013Z  INFO  2020-09-17 10:30:51,973 [shard 3] compaction - Compacting [/var/lib/scylla/data/system_schema/view_virtual_columns-08843b6345dc3be29798a0418295cfaa/mc-383-big-Data.db:level=0, /var/lib/scylla/data/system_schema/view_virtual_columns-08843b6345dc3be29798a0418295cfaa/mc-379-big-Data.db:level=0, /var/lib/scylla/data/system_schema/view_virtual_columns-08843b6345dc3be29798a0418295cfaa/mc-375-big-Data.db:level=0, ]
2020-09-17T10:30:51.975848289Z  INFO  2020-09-17 10:30:51,973 [shard 3] compaction - Compacting [/var/lib/scylla/data/system_schema/triggers-4df70b666b05325195a132b54005fd48/mc-363-big-Data.db:level=0, /var/lib/scylla/data/system_schema/triggers-4df70b666b05325195a132b54005fd48/mc-371-big-Data.db:level=0, /var/lib/scylla/data/system_schema/triggers-4df70b666b05325195a132b54005fd48/mc-367-big-Data.db:level=0, ]
2020-09-17T10:30:51.975873374Z  INFO  2020-09-17 10:30:51,974 [shard 3] compaction - Compacting [/var/lib/scylla/data/system_schema/columns-24101c25a2ae3af787c1b40ee1aca33f/mc-439-big-Data.db:level=0, /var/lib/scylla/data/system_schema/columns-24101c25a2ae3af787c1b40ee1aca33f/mc-443-big-Data.db:level=0, /var/lib/scylla/data/system_schema/columns-24101c25a2ae3af787c1b40ee1aca33f/mc-435-big-Data.db:level=0, ]
2020-09-17T10:30:52.219980681Z  INFO  2020-09-17 10:30:52,219 [shard 0] compaction - Compacted 3 sstables to [/var/lib/scylla/data/system/truncated-38c19fd0fb863310a4b70d0cc66628aa/mc-996-big-Data.db:level=0, ]. 158418 bytes to 76909 (~48% of original) in 4226ms = 0.02MB/s. ~384 total partitions merged to 2.
2020-09-17T10:30:52.221118320Z  INFO  2020-09-17 10:30:52,220 [shard 0] compaction - Compacted 3 sstables to [/var/lib/scylla/data/system/compaction_history-b4dbb7b4dc493fb5b3bfce6e434832ca/mc-536-big-Data.db:level=0, ]. 239979 bytes to 115550 (~48% of original) in 4227ms = 0.03MB/s. ~512 total partitions merged to 248.
2020-09-17T10:30:52.536379299Z  INFO  2020-09-17 10:30:52,535 [shard 1] compaction - Compacting [/var/lib/scylla/data/system/local-7ad54392bcdd35a684174e047860b377/mc-2153-big-Data.db:level=0, /var/lib/scylla/data/system/local-7ad54392bcdd35a684174e047860b377/mc-2149-big-Data.db:level=0, ]
2020-09-17T10:30:52.536434935Z  INFO  2020-09-17 10:30:52,535 [shard 0] messaging_service - Starting Messaging Service on port 7000
2020-09-17T10:30:52.937629676Z  INFO  2020-09-17 10:30:52,936 [shard 2] compaction - Compacting [/var/lib/scylla/data/system_schema/views-9786ac1cdd583201a7cdad556410c985/mc-310-big-Data.db:level=0, /var/lib/scylla/data/system_schema/views-9786ac1cdd583201a7cdad556410c985/mc-306-big-Data.db:level=0, ]
2020-09-17T10:30:52.938216124Z  INFO  2020-09-17 10:30:52,937 [shard 2] compaction - Compacting [/var/lib/scylla/data/system/truncated-38c19fd0fb863310a4b70d0cc66628aa/mc-758-big-Data.db:level=0, /var/lib/scylla/data/system/truncated-38c19fd0fb863310a4b70d0cc66628aa/mc-754-big-Data.db:level=0, /var/lib/scylla/data/system/truncated-38c19fd0fb863310a4b70d0cc66628aa/mc-750-big-Data.db:level=0, ]
2020-09-17T10:30:52.939201034Z  INFO  2020-09-17 10:30:52,938 [shard 2] compaction - Compacting [/var/lib/scylla/data/system_schema/view_virtual_columns-08843b6345dc3be29798a0418295cfaa/mc-382-big-Data.db:level=0, /var/lib/scylla/data/system_schema/view_virtual_columns-08843b6345dc3be29798a0418295cfaa/mc-378-big-Data.db:level=0, /var/lib/scylla/data/system_schema/view_virtual_columns-08843b6345dc3be29798a0418295cfaa/mc-374-big-Data.db:level=0, ]
2020-09-17T10:30:52.941136532Z  INFO  2020-09-17 10:30:52,940 [shard 2] compaction - Compacting [/var/lib/scylla/data/system_schema/columns-24101c25a2ae3af787c1b40ee1aca33f/mc-438-big-Data.db:level=0, /var/lib/scylla/data/system_schema/columns-24101c25a2ae3af787c1b40ee1aca33f/mc-442-big-Data.db:level=0, /var/lib/scylla/data/system_schema/columns-24101c25a2ae3af787c1b40ee1aca33f/mc-434-big-Data.db:level=0, ]
2020-09-17T10:30:53.799341290Z  INFO  2020-09-17 10:30:53,798 [shard 1] compaction - Compacted 2 sstables to [/var/lib/scylla/data/system/local-7ad54392bcdd35a684174e047860b377/mc-2157-big-Data.db:level=0, ]. 18689 bytes to 12274 (~65% of original) in 832ms = 0.01MB/s. ~256 total partitions merged to 1.
2020-09-17T10:30:54.034309399Z  INFO  2020-09-17 10:30:54,033 [shard 3] compaction - Compacted 2 sstables to [/var/lib/scylla/data/system_schema/indexes-0feb57ac311f382fba6d9024d305702f/mc-403-big-Data.db:level=0, ]. 18043 bytes to 12630 (~69% of original) in 6092ms = 0.00MB/s. ~256 total partitions merged to 2.
2020-09-17T10:30:54.255407269Z  INFO  2020-09-17 10:30:54,254 [shard 3] compaction - Compacted 3 sstables to [/var/lib/scylla/data/system_schema/functions-96489b7980be3e14a70166a0b9159450/mc-379-big-Data.db:level=0, ]. 16891 bytes to 5945 (~35% of original) in 6093ms = 0.00MB/s. ~384 total partitions merged to 1.
2020-09-17T10:30:54.255469080Z  INFO  2020-09-17 10:30:54,254 [shard 3] compaction - Compacted 3 sstables to [/var/lib/scylla/data/system_schema/dropped_columns-5e7583b5f3f43af19a39b7e1d6f5f11f/mc-443-big-Data.db:level=0, ]. 16429 bytes to 5797 (~35% of original) in 6093ms = 0.00MB/s. ~384 total partitions merged to 1.
2020-09-17T10:30:54.255492660Z  INFO  2020-09-17 10:30:54,254 [shard 3] compaction - Compacted 3 sstables to [/var/lib/scylla/data/system/compaction_history-b4dbb7b4dc493fb5b3bfce6e434832ca/mc-551-big-Data.db:level=0, ]. 260387 bytes to 110874 (~42% of original) in 6094ms = 0.02MB/s. ~512 total partitions merged to 202.
2020-09-17T10:30:54.313877496Z  INFO  2020-09-17 10:30:54,312 [shard 3] compaction - Compacted 2 sstables to [/var/lib/scylla/data/system_schema/scylla_tables-5d912ff1f7593665b2c88042ab5103dd/mc-367-big-Data.db:level=0, ]. 12572 bytes to 6436 (~51% of original) in 6093ms = 0.00MB/s. ~256 total partitions merged to 1.
2020-09-17T10:30:54.313941255Z  INFO  2020-09-17 10:30:54,313 [shard 3] compaction - Compacted 3 sstables to [/var/lib/scylla/data/dt/source_data-6af6cd50d77b11ea9877000000000001/mc-411-big-Data.db:level=0, ]. 9078836 bytes to 9027976 (~99% of original) in 6094ms = 1.41MB/s. ~384 total partitions merged to 1.
2020-09-17T10:30:54.757832326Z  INFO  2020-09-17 10:30:54,756 [shard 2] compaction - Compacted 2 sstables to [/var/lib/scylla/data/system_schema/types-5a8b1ca866023f77a0459273d308917a/mc-326-big-Data.db:level=0, ]. 10918 bytes to 5615 (~51% of original) in 7051ms = 0.00MB/s. ~256 total partitions merged to 1.
2020-09-17T10:30:54.855917696Z  INFO  2020-09-17 10:30:54,855 [shard 2] compaction - Compacted 3 sstables to [/var/lib/scylla/data/system_schema/keyspaces-abac5682dea631c5b535b3d6cffd0fb6/mc-438-big-Data.db:level=0, ]. 67315 bytes to 56727 (~84% of original) in 7052ms = 0.01MB/s. ~384 total partitions merged to 2.
2020-09-17T10:30:54.855970917Z  INFO  2020-09-17 10:30:54,855 [shard 2] compaction - Compacted 2 sstables to [/var/lib/scylla/data/system_schema/scylla_tables-5d912ff1f7593665b2c88042ab5103dd/mc-366-big-Data.db:level=0, ]. 11956 bytes to 6144 (~51% of original) in 7049ms = 0.00MB/s. ~256 total partitions merged to 1.
2020-09-17T10:30:54.856643940Z  INFO  2020-09-17 10:30:54,855 [shard 2] compaction - Compacted 3 sstables to [/var/lib/scylla/data/system_schema/dropped_columns-5e7583b5f3f43af19a39b7e1d6f5f11f/mc-442-big-Data.db:level=0, ]. 15985 bytes to 5643 (~35% of original) in 7055ms = 0.00MB/s. ~384 total partitions merged to 1.
2020-09-17T10:30:54.885461121Z  INFO  2020-09-17 10:30:54,884 [shard 2] compaction - Compacted 2 sstables to [/var/lib/scylla/data/system_schema/tables-afddfb9dbc1e30688056eed6c302ba09/mc-378-big-Data.db:level=0, ]. 67711 bytes to 59784 (~88% of original) in 7053ms = 0.01MB/s. ~256 total partitions merged to 2.
2020-09-17T10:30:54.977230096Z  INFO  2020-09-17 10:30:54,976 [shard 2] compaction - Compacted 3 sstables to [/var/lib/scylla/data/system/compaction_history-b4dbb7b4dc493fb5b3bfce6e434832ca/mc-550-big-Data.db:level=0, ]. 144940 bytes to 117107 (~80% of original) in 7056ms = 0.02MB/s. ~512 total partitions merged to 255.
2020-09-17T10:30:55.264024597Z  INFO  2020-09-17 10:30:55,263 [shard 3] compaction - Compacting [/var/lib/scylla/data/system/large_cells-ead8bbc5f1463ae19f710b11f9a1d296/mc-87-big-Data.db:level=0, /var/lib/scylla/data/system/large_cells-ead8bbc5f1463ae19f710b11f9a1d296/mc-83-big-Data.db:level=0, /var/lib/scylla/data/system/large_cells-ead8bbc5f1463ae19f710b11f9a1d296/mc-79-big-Data.db:level=0, ]
2020-09-17T10:30:55.264100409Z  INFO  2020-09-17 10:30:55,263 [shard 3] compaction - Compacting [/var/lib/scylla/data/system_schema/keyspaces-abac5682dea631c5b535b3d6cffd0fb6/mc-419-big-Data.db:level=0, /var/lib/scylla/data/system_schema/keyspaces-abac5682dea631c5b535b3d6cffd0fb6/mc-423-big-Data.db:level=0, /var/lib/scylla/data/system_schema/keyspaces-abac5682dea631c5b535b3d6cffd0fb6/mc-415-big-Data.db:level=0, ]
2020-09-17T10:30:55.265705859Z  INFO  2020-09-17 10:30:55,265 [shard 3] compaction - Compacting [/var/lib/scylla/data/system_schema/types-5a8b1ca866023f77a0459273d308917a/mc-323-big-Data.db:level=0, /var/lib/scylla/data/system_schema/types-5a8b1ca866023f77a0459273d308917a/mc-319-big-Data.db:level=0, ]
2020-09-17T10:30:55.265774901Z  INFO  2020-09-17 10:30:55,265 [shard 3] compaction - Compacting [/var/lib/scylla/data/system_schema/tables-afddfb9dbc1e30688056eed6c302ba09/mc-375-big-Data.db:level=0, /var/lib/scylla/data/system_schema/tables-afddfb9dbc1e30688056eed6c302ba09/mc-371-big-Data.db:level=0, ]
2020-09-17T10:30:55.755213281Z  INFO  2020-09-17 10:30:55,753 [shard 2] compaction - Compacting [/var/lib/scylla/data/system_schema/computed_columns-cc7c7069374033c192a4c3de78dbd2c4/mc-358-big-Data.db:level=0, /var/lib/scylla/data/system_schema/computed_columns-cc7c7069374033c192a4c3de78dbd2c4/mc-354-big-Data.db:level=0, ]
2020-09-17T10:30:55.755250749Z  INFO  2020-09-17 10:30:55,754 [shard 2] compaction - Compacting [/var/lib/scylla/data/system_schema/functions-96489b7980be3e14a70166a0b9159450/mc-362-big-Data.db:level=0, /var/lib/scylla/data/system_schema/functions-96489b7980be3e14a70166a0b9159450/mc-370-big-Data.db:level=0, /var/lib/scylla/data/system_schema/functions-96489b7980be3e14a70166a0b9159450/mc-366-big-Data.db:level=0, ]
2020-09-17T10:30:56.050412108Z  INFO  2020-09-17 10:30:56,049 [shard 3] compaction - Compacted 3 sstables to []. 17053 bytes to 0 (~0% of original) in 0ms = 0.00MB/s. ~384 total partitions merged to 0.
2020-09-17T10:30:56.050546970Z  INFO  2020-09-17 10:30:56,049 [shard 3] compaction - Compacted 3 sstables to [/var/lib/scylla/data/system_schema/triggers-4df70b666b05325195a132b54005fd48/mc-375-big-Data.db:level=0, ]. 16093 bytes to 5679 (~35% of original) in 3291ms = 0.00MB/s. ~384 total partitions merged to 1.
2020-09-17T10:30:56.050909949Z  INFO  2020-09-17 10:30:56,050 [shard 3] compaction - Compacted 3 sstables to [/var/lib/scylla/data/system_schema/view_virtual_columns-08843b6345dc3be29798a0418295cfaa/mc-387-big-Data.db:level=0, ]. 23511 bytes to 12927 (~54% of original) in 3289ms = 0.00MB/s. ~384 total partitions merged to 2.
2020-09-17T10:30:56.050942730Z  INFO  2020-09-17 10:30:56,050 [shard 3] compaction - Compacted 2 sstables to [/var/lib/scylla/data/system_schema/computed_columns-cc7c7069374033c192a4c3de78dbd2c4/mc-363-big-Data.db:level=0, ]. 17544 bytes to 12459 (~71% of original) in 3292ms = 0.00MB/s. ~256 total partitions merged to 2.
2020-09-17T10:30:56.051254923Z  INFO  2020-09-17 10:30:56,050 [shard 3] compaction - Compacted 3 sstables to [/var/lib/scylla/data/system_schema/columns-24101c25a2ae3af787c1b40ee1aca33f/mc-447-big-Data.db:level=0, ]. 76166 bytes to 57504 (~75% of original) in 3290ms = 0.02MB/s. ~384 total partitions merged to 4.
2020-09-17T10:30:56.687400660Z  INFO  2020-09-17 10:30:56,686 [shard 2] compaction - Compacted 2 sstables to [/var/lib/scylla/data/system_schema/views-9786ac1cdd583201a7cdad556410c985/mc-314-big-Data.db:level=0, ]. 13700 bytes to 7006 (~51% of original) in 2817ms = 0.00MB/s. ~256 total partitions merged to 1.
2020-09-17T10:30:56.687772931Z  INFO  2020-09-17 10:30:56,687 [shard 2] compaction - Compacted 3 sstables to [/var/lib/scylla/data/system_schema/view_virtual_columns-08843b6345dc3be29798a0418295cfaa/mc-386-big-Data.db:level=0, ]. 16453 bytes to 5799 (~35% of original) in 2815ms = 0.00MB/s. ~384 total partitions merged to 1.
2020-09-17T10:30:56.688602702Z  INFO  2020-09-17 10:30:56,688 [shard 2] compaction - Compacted 3 sstables to [/var/lib/scylla/data/system_schema/columns-24101c25a2ae3af787c1b40ee1aca33f/mc-446-big-Data.db:level=0, ]. 78684 bytes to 61697 (~78% of original) in 2814ms = 0.02MB/s. ~384 total partitions merged to 2.
2020-09-17T10:30:56.688817265Z  INFO  2020-09-17 10:30:56,688 [shard 2] compaction - Compacted 3 sstables to [/var/lib/scylla/data/system/truncated-38c19fd0fb863310a4b70d0cc66628aa/mc-762-big-Data.db:level=0, ]. 167625 bytes to 56251 (~33% of original) in 2817ms = 0.02MB/s. ~384 total partitions merged to 4.
2020-09-17T10:30:56.824884249Z  INFO  2020-09-17 10:30:56,824 [shard 3] compaction - Compacting [/var/lib/scylla/data/system_schema/aggregates-924c55872e3a345bb10c12f37c1ba895/mc-295-big-Data.db:level=0, /var/lib/scylla/data/system_schema/aggregates-924c55872e3a345bb10c12f37c1ba895/mc-291-big-Data.db:level=0, ]
2020-09-17T10:30:56.825200597Z  INFO  2020-09-17 10:30:56,824 [shard 3] compaction - Compacting [/var/lib/scylla/data/system_schema/views-9786ac1cdd583201a7cdad556410c985/mc-307-big-Data.db:level=0, /var/lib/scylla/data/system_schema/views-9786ac1cdd583201a7cdad556410c985/mc-303-big-Data.db:level=0, ]
2020-09-17T10:30:57.191978048Z  INFO  2020-09-17 10:30:57,191 [shard 2] compaction - Compacting [/var/lib/scylla/data/system_schema/triggers-4df70b666b05325195a132b54005fd48/mc-370-big-Data.db:level=0, /var/lib/scylla/data/system_schema/triggers-4df70b666b05325195a132b54005fd48/mc-362-big-Data.db:level=0, /var/lib/scylla/data/system_schema/triggers-4df70b666b05325195a132b54005fd48/mc-366-big-Data.db:level=0, ]
2020-09-17T10:30:57.192608475Z  INFO  2020-09-17 10:30:57,191 [shard 2] compaction - Compacting [/var/lib/scylla/data/system_schema/aggregates-924c55872e3a345bb10c12f37c1ba895/mc-298-big-Data.db:level=0, /var/lib/scylla/data/system_schema/aggregates-924c55872e3a345bb10c12f37c1ba895/mc-294-big-Data.db:level=0, ]
2020-09-17T10:30:57.537689946Z  INFO  2020-09-17 10:30:57,537 [shard 3] compaction - Compacted 2 sstables to [/var/lib/scylla/data/system_schema/types-5a8b1ca866023f77a0459273d308917a/mc-327-big-Data.db:level=0, ]. 11008 bytes to 5580 (~50% of original) in 1559ms = 0.00MB/s. ~256 total partitions merged to 1.
2020-09-17T10:30:57.631537120Z  INFO  2020-09-17 10:30:57,630 [shard 3] compaction - Compacted 3 sstables to [/var/lib/scylla/data/system_schema/keyspaces-abac5682dea631c5b535b3d6cffd0fb6/mc-427-big-Data.db:level=0, ]. 61871 bytes to 51353 (~83% of original) in 1561ms = 0.03MB/s. ~384 total partitions merged to 4.
2020-09-17T10:30:57.633384017Z  INFO  2020-09-17 10:30:57,632 [shard 3] compaction - Compacted 2 sstables to [/var/lib/scylla/data/system_schema/tables-afddfb9dbc1e30688056eed6c302ba09/mc-379-big-Data.db:level=0, ]. 65493 bytes to 56355 (~86% of original) in 1560ms = 0.03MB/s. ~256 total partitions merged to 4.
2020-09-17T10:30:57.784808022Z  INFO  2020-09-17 10:30:57,784 [shard 2] compaction - Compacted 3 sstables to [/var/lib/scylla/data/system_schema/functions-96489b7980be3e14a70166a0b9159450/mc-374-big-Data.db:level=0, ]. 16996 bytes to 5980 (~35% of original) in 1437ms = 0.00MB/s. ~384 total partitions merged to 1.
2020-09-17T10:30:57.785149629Z  INFO  2020-09-17 10:30:57,784 [shard 2] compaction - Compacted 2 sstables to [/var/lib/scylla/data/system_schema/computed_columns-cc7c7069374033c192a4c3de78dbd2c4/mc-362-big-Data.db:level=0, ]. 10552 bytes to 5432 (~51% of original) in 1438ms = 0.00MB/s. ~256 total partitions merged to 1.
2020-09-17T10:30:58.271614070Z  INFO  2020-09-17 10:30:58,270 [shard 3] compaction - Compacting [/var/lib/scylla/data/system/truncated-38c19fd0fb863310a4b70d0cc66628aa/mc-563-big-Data.db:level=0, /var/lib/scylla/data/system/truncated-38c19fd0fb863310a4b70d0cc66628aa/mc-559-big-Data.db:level=0, /var/lib/scylla/data/system/truncated-38c19fd0fb863310a4b70d0cc66628aa/mc-555-big-Data.db:level=0, ]
2020-09-17T10:30:58.330359285Z  INFO  2020-09-17 10:30:58,329 [shard 2] compaction - Compacting [/var/lib/scylla/data/system_schema/indexes-0feb57ac311f382fba6d9024d305702f/mc-414-big-Data.db:level=0, /var/lib/scylla/data/system_schema/indexes-0feb57ac311f382fba6d9024d305702f/mc-406-big-Data.db:level=0, /var/lib/scylla/data/system_schema/indexes-0feb57ac311f382fba6d9024d305702f/mc-410-big-Data.db:level=0, ]
2020-09-17T10:30:58.779601343Z  INFO  2020-09-17 10:30:58,778 [shard 3] compaction - Compacted 2 sstables to [/var/lib/scylla/data/system_schema/aggregates-924c55872e3a345bb10c12f37c1ba895/mc-299-big-Data.db:level=0, ]. 11064 bytes to 5688 (~51% of original) in 1445ms = 0.00MB/s. ~256 total partitions merged to 1.
2020-09-17T10:30:58.779637540Z  INFO  2020-09-17 10:30:58,778 [shard 3] compaction - Compacted 2 sstables to [/var/lib/scylla/data/system_schema/views-9786ac1cdd583201a7cdad556410c985/mc-311-big-Data.db:level=0, ]. 21047 bytes to 14388 (~68% of original) in 1446ms = 0.01MB/s. ~256 total partitions merged to 2.
2020-09-17T10:30:58.978525243Z  INFO  2020-09-17 10:30:58,977 [shard 2] compaction - Compacted 2 sstables to [/var/lib/scylla/data/system_schema/aggregates-924c55872e3a345bb10c12f37c1ba895/mc-302-big-Data.db:level=0, ]. 11134 bytes to 5723 (~51% of original) in 1138ms = 0.00MB/s. ~256 total partitions merged to 1.
2020-09-17T10:30:58.984933322Z  INFO  2020-09-17 10:30:58,983 [shard 2] compaction - Compacted 3 sstables to [/var/lib/scylla/data/system_schema/triggers-4df70b666b05325195a132b54005fd48/mc-374-big-Data.db:level=0, ]. 16198 bytes to 5714 (~35% of original) in 1138ms = 0.00MB/s. ~384 total partitions merged to 1.
2020-09-17T10:30:59.659642466Z  INFO  2020-09-17 10:30:59,658 [shard 3] compaction - Compacted 3 sstables to [/var/lib/scylla/data/system/truncated-38c19fd0fb863310a4b70d0cc66628aa/mc-567-big-Data.db:level=0, ]. 188997 bytes to 63366 (~33% of original) in 1164ms = 0.05MB/s. ~384 total partitions merged to 2.
2020-09-17T10:30:59.685882608Z  INFO  2020-09-17 10:30:59,685 [shard 2] compaction - Compacted 3 sstables to [/var/lib/scylla/data/system_schema/indexes-0feb57ac311f382fba6d9024d305702f/mc-418-big-Data.db:level=0, ]. 16336 bytes to 5760 (~35% of original) in 1165ms = 0.00MB/s. ~384 total partitions merged to 1.
2020-09-17T10:31:04.542119669Z  INFO  2020-09-17 10:31:04,541 [shard 0] gossip - No gossip backlog; proceeding
2020-09-17T10:31:04.543401913Z  INFO  2020-09-17 10:31:04,543 [shard 0] features - Feature COMPUTED_COLUMNS is enabled
2020-09-17T10:31:04.543426970Z  INFO  2020-09-17 10:31:04,543 [shard 0] features - Feature CORRECT_COUNTER_ORDER is enabled
2020-09-17T10:31:04.543437749Z  INFO  2020-09-17 10:31:04,543 [shard 0] features - Feature CORRECT_NON_COMPOUND_RANGE_TOMBSTONES is enabled
2020-09-17T10:31:04.543447283Z  INFO  2020-09-17 10:31:04,543 [shard 0] features - Feature CORRECT_STATIC_COMPACT_IN_MC is enabled
2020-09-17T10:31:04.543470328Z  INFO  2020-09-17 10:31:04,543 [shard 0] features - Feature COUNTERS is enabled
2020-09-17T10:31:04.543480808Z  INFO  2020-09-17 10:31:04,543 [shard 0] features - Feature DIGEST_INSENSITIVE_TO_EXPIRY is enabled
2020-09-17T10:31:04.543613705Z  INFO  2020-09-17 10:31:04,543 [shard 0] features - Feature DIGEST_MULTIPARTITION_READ is enabled
2020-09-17T10:31:04.543629743Z  INFO  2020-09-17 10:31:04,543 [shard 0] features - Feature HINTED_HANDOFF_SEPARATE_CONNECTION is enabled
2020-09-17T10:31:04.543639571Z  INFO  2020-09-17 10:31:04,543 [shard 0] features - Feature INDEXES is enabled
2020-09-17T10:31:04.543649306Z  INFO  2020-09-17 10:31:04,543 [shard 0] features - Feature LARGE_PARTITIONS is enabled
2020-09-17T10:31:04.543658749Z  INFO  2020-09-17 10:31:04,543 [shard 0] features - Feature LWT is enabled
2020-09-17T10:31:04.543668271Z  INFO  2020-09-17 10:31:04,543 [shard 0] features - Feature MATERIALIZED_VIEWS is enabled
2020-09-17T10:31:04.543677511Z  INFO  2020-09-17 10:31:04,543 [shard 0] features - Feature MC_SSTABLE_FORMAT is enabled
2020-09-17T10:31:04.543686815Z  INFO  2020-09-17 10:31:04,543 [shard 0] features - Feature NONFROZEN_UDTS is enabled
2020-09-17T10:31:04.543696090Z  INFO  2020-09-17 10:31:04,543 [shard 0] features - Feature PER_TABLE_PARTITIONERS is enabled
2020-09-17T10:31:04.543705525Z  INFO  2020-09-17 10:31:04,543 [shard 0] features - Feature RANGE_TOMBSTONES is enabled
2020-09-17T10:31:04.543714882Z  INFO  2020-09-17 10:31:04,543 [shard 0] features - Feature ROLES is enabled
2020-09-17T10:31:04.543724114Z  INFO  2020-09-17 10:31:04,543 [shard 0] features - Feature ROW_LEVEL_REPAIR is enabled
2020-09-17T10:31:04.543733373Z  INFO  2020-09-17 10:31:04,543 [shard 0] features - Feature SCHEMA_TABLES_V3 is enabled
2020-09-17T10:31:04.543742720Z  INFO  2020-09-17 10:31:04,543 [shard 0] features - Feature STREAM_WITH_RPC_STREAM is enabled
2020-09-17T10:31:04.543752165Z  INFO  2020-09-17 10:31:04,543 [shard 0] features - Feature TRUNCATION_TABLE is enabled
2020-09-17T10:31:04.543761676Z  INFO  2020-09-17 10:31:04,543 [shard 0] system_keyspace - Got cluster agreement on truncation table feature. Removing legacy records.
2020-09-17T10:31:04.543834118Z  INFO  2020-09-17 10:31:04,543 [shard 0] features - Feature UNBOUNDED_RANGE_TOMBSTONES is enabled
2020-09-17T10:31:04.543848536Z  INFO  2020-09-17 10:31:04,543 [shard 0] features - Feature VIEW_VIRTUAL_COLUMNS is enabled
2020-09-17T10:31:04.543858192Z  INFO  2020-09-17 10:31:04,543 [shard 0] features - Feature WRITE_FAILURE_REPLY is enabled
2020-09-17T10:31:04.543867608Z  INFO  2020-09-17 10:31:04,543 [shard 0] features - Feature XXHASH is enabled
2020-09-17T10:31:04.544811517Z  INFO  2020-09-17 10:31:04,544 [shard 0] system_keyspace - Legacy records deleted.
2020-09-17T10:31:04.545245283Z  INFO  2020-09-17 10:31:04,544 [shard 0] init - starting system distributed keyspace
2020-09-17T10:31:04.549012386Z  INFO  2020-09-17 10:31:04,547 [shard 0] storage_service - Using saved tokens {943448605036726745, 9061580907506437136, 8957018461898327244, 8813999419995718088, 8775859223532977932, 873311388414975666, 8707696313600310498, 8675978575875245837, 855031166620283245, 8476533345381470087, 8413544620893079714, 8382283044476755854, 7804258889026263620, 778239093056833917, 7732629563319678675, 7564694057214588647, 747840302865059114, 7255484784972643852, 700944770677405149, 7009081579420542256, 7354219953741161264, 6974970471767945112, 6788034976878782500, 667581605220131528, 6496091893897576732, 6478032244021912394, 6420907855788431922, 8777890816944145805, 6381418245203458391, 6358173612251239308, 6302443190184390149, 6115776390551923703, 5906838239532612246, 5890706123786165213, 588034934972968299, 5848278814186320030, 5834675951458569055, 5796254206948921528, -6441145814158460549, 7172238068082229918, -6238625478980828395, -6199824488038647909, -572473923349256348, -5526097868254533829, -5508289632699420366, -6338043935148530859, 4738411181964629022, -5411685484465544274, 5103660925946342563, -5360532551957069796, -5246840897237646542, -8953406550820932827, -511676141100664160, -4872163430844150374, 5153854518462400651, -4829128129506020031, 6818717460470417221, -4735496583611878200, -7913213531410876291, -8612347190400988175, 3361838207769500988, -4770694758141334815, 3533570692245755170, -3014142033706378490, -6648258355715071793, 105268539462240253, 6448269612184381105, 3941245744356891698, -4925670906471950289, -6853270293933441203, -431455211546220291, -4106310081010891923, -4280461110562472301, -4231054370802445643, 4453520694484038438, -5140544052953576706, -7341700934491837716, -4177024142024341044, -2365586676906010085, -4368295386640868227, -6779834804380741154, 7103497347382660592, -471701403720839764, -2187125227394891465, -1593748153114868683, 8325613099551670589, -6017078328443447975, 408961909545308462, -3256341547923989103, 1911454556365012923, -2135119982021577211, -6104126434670973331, -1614584707908969492, -5285270377043925775, 194223785007163967, 3556932048290112968, 4378909036113166689, -2319706609635128471, 782580883702972777, -3880555618453256762, -2879534723161185431, 7469085752185829039, -8001902308657073600, -1522914538603683793, 784130423392421222, -3409621329811667263, -5136236598692180863, -2640475812391264528, 3907413558358164712, -2166731983266837511, -8529251962487546573, -5228242602708342126, -6263078841153087564, -1295419475388780424, 5311755414232655734, -4113405879925637368, 2104079815049743807, -105211415949921556, -1004253484774030395, -6093280019772326743, -1363472444035739717, 7772390126184307669, 3373616921334842984, -3428624778218969630, -4475005699924690030, -1207620414022812792, -4203952547861361192, -4895652206680369668, 5569071124009844993, -2800260328053956713, 1033733984444816800, -1761718599052329021, -6249520955674807415, -6810383749951706976, -2391018463907211455, -3729138346528579520, -3942245253345029362, -1032698423218536378, 2233495137371904435, -1970747149103226319, 2531294222158762011, 4445989245037378795, -2648919406212884980, 800062458669145892, -6586482614645135705, -8855822008500182327, -2076430708060394350, -6127879535600466936, 5017042126534426855, -6767019288334108993, -6985294397658573838, -2605645373691895986, 2542018259596577135, -2699231837109027988, -9132047842757487932, 9066588519930559993, -4601858807243735115, 1470306277250886071, 1688077838521597411, -2700796200994103492, -5656441245782528349, 3822141065635310082, -4415280594152455372, -1709100826419756065, -2732234699235264563, -3101294897153501639, 6933997554702494562, -4541237399207364623, 1251119865371637993, -3280527161887251879, -4007868363884276055, -4134923634748466107, -5595342098352848506, 533209426647054698, 285540986842976874, -4193553788022177878, -7111183380354176443, 7880345233810794046, -7190282066974323895, -7232953798633244985, -7512330892235471280, -889434854029329118, 9122882257136270100, 3909145942678699742, 2870638580126821409, -2685359252619347507, 4540975434217357056, 1912522665107890116, -1474028219808469861, -7767361191227918078, -8495384334141326469, -8024675672634848221, -8352632933072691056, -1084614158625469139, -8372022353883945178, -1171738939209168407, -8485257529464526975, -8549013321787275289, -7405825010257289618, -8694753427154041557, -9173155356561330710, -3164480873853500968, 1172299952227812636, 1535311813904826318, 156312151312654313, 2050968450175517454, 1018091569669202328, 1574734081023094222, 214428871588027420, -5095673126210616552, 2431756818088451524, -1208769590907790735, 3022913469242457337, 2609254198811139442, 5396954320704971060, 284028081363756156, -184157634332906914, 2879924223908633556, 3014475854062098037, 8280511155447462154, 3058186759042775792, 3100842289958262644, -769344519844763244, 3287699046743316011, 7743526815996532326, -7148146405116016542, 352278596429886466, 3606629961194077343, 3840184102447470012, -4623422606623793434, 3924960423780627192, 4660022660859336370, 5401470720317959250, 3979649323160207298, 4037379789709069307, 790424663468033093, 5150907166433009570, 4083460330442256183, 4262233236239091105, 4461207940793579131, 7222389702734437292, 4497639963855891379, 5935809959838255935, 525652295242460822, -9210810031089136649, 3145063885579200582, 5102381975608989830, 5104799485589097680, -467985751191813914, 5122450296475986719, 5256736089695841171, 5341717901052361821, 5441044328235651423, 5661405961885371428, -6303682351633097607, 5704999654143823990}
2020-09-17T10:31:04.576556128Z  INFO  2020-09-17 10:31:04,576 [shard 0] database - Schema version changed to e1b2d478-e5f2-30c4-b994-d93919918df3
2020-09-17T10:31:04.576584544Z  INFO  2020-09-17 10:31:04,576 [shard 0] database - Schema version changed to e1b2d478-e5f2-30c4-b994-d93919918df3
2020-09-17T10:31:04.577473363Z  INFO  2020-09-17 10:31:04,577 [shard 0] database - Schema version changed to 0e03d198-385b-3f36-8c34-c3f5846bbbac
2020-09-17T10:31:06.483354177Z  INFO  2020-09-17 10:31:06,482 [shard 1] compaction - Compacting [/var/lib/scylla/data/system/local-7ad54392bcdd35a684174e047860b377/mc-2161-big-Data.db:level=0, /var/lib/scylla/data/system/local-7ad54392bcdd35a684174e047860b377/mc-2157-big-Data.db:level=0, ]
2020-09-17T10:31:07.236844073Z  INFO  2020-09-17 10:31:07,235 [shard 0] storage_service - Node 10.0.43.8 state jump to normal
2020-09-17T10:31:07.236910153Z  INFO  2020-09-17 10:31:07,235 [shard 0] storage_service - Remove node 10.0.43.8 from pending replacing endpoint
2020-09-17T10:31:08.205171883Z  INFO  2020-09-17 10:31:08,204 [shard 0] storage_service - NORMAL: node is now in normal status
2020-09-17T10:31:08.205232487Z  INFO  2020-09-17 10:31:08,204 [shard 0] cdc - No generation seen during startup.
2020-09-17T10:31:08.207059443Z  INFO  2020-09-17 10:31:08,206 [shard 0] init - starting tracing
2020-09-17T10:31:08.207864218Z  INFO  2020-09-17 10:31:08,207 [shard 0] storage_service - SSTable data integrity checker is disabled.
2020-09-17T10:31:08.208698330Z  INFO  2020-09-17 10:31:08,208 [shard 0] init - starting batchlog manager
2020-09-17T10:31:08.209796232Z  INFO  2020-09-17 10:31:08,209 [shard 0] init - starting load meter
2020-09-17T10:31:08.210425509Z  INFO  2020-09-17 10:31:08,209 [shard 0] init - starting cf cache hit rate calculator
2020-09-17T10:31:08.211360127Z  INFO  2020-09-17 10:31:08,210 [shard 0] init - starting view update backlog broker
2020-09-17T10:31:08.212839556Z  INFO  2020-09-17 10:31:08,212 [shard 0] init - Waiting for gossip to settle before accepting client requests...
2020-09-17T10:31:08.807071020Z  INFO  2020-09-17 10:31:08,806 [shard 1] compaction - Compacted 2 sstables to [/var/lib/scylla/data/system/local-7ad54392bcdd35a684174e047860b377/mc-2169-big-Data.db:level=0, ]. 18353 bytes to 12073 (~65% of original) in 1652ms = 0.01MB/s. ~256 total partitions merged to 1.
2020-09-17T10:31:08.807930827Z  INFO  2020-09-17 10:31:08,807 [shard 1] compaction - Compacting [/var/lib/scylla/data/system/local-7ad54392bcdd35a684174e047860b377/mc-2165-big-Data.db:level=0, /var/lib/scylla/data/system/local-7ad54392bcdd35a684174e047860b377/mc-2169-big-Data.db:level=0, ]
2020-09-17T10:31:10.810425336Z  INFO  2020-09-17 10:31:10,809 [shard 1] compaction - Compacted 2 sstables to [/var/lib/scylla/data/system/local-7ad54392bcdd35a684174e047860b377/mc-2173-big-Data.db:level=0, ]. 18171 bytes to 12075 (~66% of original) in 1694ms = 0.01MB/s. ~256 total partitions merged to 1.
2020-09-17T10:31:20.214388654Z  INFO  2020-09-17 10:31:20,213 [shard 0] gossip - No gossip backlog; proceeding
2020-09-17T10:31:20.215575927Z  INFO  2020-09-17 10:31:20,214 [shard 0] init - allow replaying hints
2020-09-17T10:31:20.216395013Z  INFO  2020-09-17 10:31:20,215 [shard 0] init - Launching generate_mv_updates for non system tables
2020-09-17T10:31:20.217131049Z  INFO  2020-09-17 10:31:20,216 [shard 0] init - starting the view builder
2020-09-17T10:31:20.567819395Z  INFO  2020-09-17 10:31:20,567 [shard 0] compaction - Compacting [/var/lib/scylla/data/system/truncated-38c19fd0fb863310a4b70d0cc66628aa/mc-1000-big-Data.db:level=0, /var/lib/scylla/data/system/truncated-38c19fd0fb863310a4b70d0cc66628aa/mc-996-big-Data.db:level=0, ]
2020-09-17T10:31:20.568273968Z  INFO  2020-09-17 10:31:20,567 [shard 0] init - starting native transport
2020-09-17T10:31:20.570389711Z  INFO  2020-09-17 10:31:20,569 [shard 0] storage_service - Starting listening for CQL clients on 10.0.43.8:9042 (unencrypted)
2020-09-17T10:31:20.573236912Z  INFO  2020-09-17 10:31:20,572 [shard 0] storage_service - Thrift server listening on 10.0.43.8:9160 ...
2020-09-17T10:31:20.574404512Z  INFO  2020-09-17 10:31:20,573 [shard 0] init - serving
2020-09-17T10:31:20.574432201Z  INFO  2020-09-17 10:31:20,573 [shard 0] init - Scylla version 4.1.6-0.20200831.6d9ff622df initialization completed.
2020-09-17T10:31:20.981591946Z  INFO  2020-09-17 10:31:20,980 [shard 0] compaction - Compacted 2 sstables to [/var/lib/scylla/data/system/truncated-38c19fd0fb863310a4b70d0cc66628aa/mc-1004-big-Data.db:level=0, ]. 82141 bytes to 76749 (~93% of original) in 320ms = 0.23MB/s. ~256 total partitions merged to 2.
2020-09-17T10:32:44.159276583Z  INFO  2020-09-17 10:32:44,158 [shard 1] compaction - Compacting [/var/lib/scylla/data/system/clients-ca0f635d863036098d93a1fc06f2a5e5/mc-9-big-Data.db:level=0, /var/lib/scylla/data/system/clients-ca0f635d863036098d93a1fc06f2a5e5/mc-5-big-Data.db:level=0, ]
2020-09-17T10:32:44.611178594Z  INFO  2020-09-17 10:32:44,610 [shard 1] compaction - Compacted 2 sstables to [/var/lib/scylla/data/system/clients-ca0f635d863036098d93a1fc06f2a5e5/mc-13-big-Data.db:level=0, ]. 104165 bytes to 5996 (~5% of original) in 357ms = 0.02MB/s. ~256 total partitions merged to 1.
2020-09-17T10:32:55.041697901Z  INFO  2020-09-17 10:32:55,041 [shard 1] compaction - Compacting [/var/lib/scylla/data/system/clients-ca0f635d863036098d93a1fc06f2a5e5/mc-13-big-Data.db:level=0, /var/lib/scylla/data/system/clients-ca0f635d863036098d93a1fc06f2a5e5/mc-17-big-Data.db:level=0, ]
2020-09-17T10:32:55.482274389Z  INFO  2020-09-17 10:32:55,481 [shard 1] compaction - Compacted 2 sstables to [/var/lib/scylla/data/system/clients-ca0f635d863036098d93a1fc06f2a5e5/mc-21-big-Data.db:level=0, ]. 57688 bytes to 6041 (~10% of original) in 339ms = 0.02MB/s. ~256 total partitions merged to 1.
