2020-09-12T21:06:50.228153196Z 0 ms4VZxSFl0hC3SXfAhFcWOq8kPxYn9KYF4zEyhwh7x1E09wU3MviE9s832CVVa
2020-09-12T21:06:50.267627540Z 1 ma9I5o2ek63NO8EmcGeeEnx3ACGz3vybWnmB7bPM0kXLIHPjYRcuRYMyk1a58g
2020-09-12T21:06:50.310959096Z 2 hxOckvk0gtieMRE3U5jSTD1tMd98i0HQOdR1DIwrRS49VC9als5Cn8SneDOqe7
2020-09-12T21:06:50.351308647Z 3 7B3mItRuYQ36CmLNBivnSm00wZnZL7QGJL7X0RqI9hVv4MCsgGkKPwEMqzTPMh
2020-09-12T21:06:50.393243148Z 4 F3xyA1N7amnqKzaJFvRLXlnPwuWVCUZez5y96eHp5wI7zX9pyRX0RBXSjzoF0u
2020-09-12T21:06:50.434121390Z 5 GPfh041ThbDrLWKapv38YesaAJ7qrM7FNWu88S8WMfqtem2ADHBQp8Mu94eCAm
2020-09-12T21:06:50.475071599Z 6 wbrds1EOlXVj0NWvbwLj4VrY4vpnoGrflxzepdmq9NJEMrjbD2BTY9mRzyGRE6
2020-09-12T21:06:50.516594360Z 7 P6G2WUVrRtnlFSTRdBG0RrcmBjVTZsLkIyITruqIN408xzLT4PvG3Ex4aMFBvu
2020-09-12T21:06:50.558244156Z 8 rNgHrWZJ1YrF6f33YhJJ4OegdymwFxI8eEppWjfDlmGRKZdTrwi3SnBHpKS2iY
2020-09-12T21:06:50.599685289Z 9 6qtvQd4ELVHMYfwFlFa1VjdnyKDFFD8vZPXNSXhGkEV32Qdl2CDEScBIFQjWd9
2020-09-12T21:06:50.640882269Z 10 v5uIFh0jBjhqZm0NYyWFcJB5rSCMd0fOPnOIDlY9nu3JXnDABXnTdxtv1x8Qk
2020-09-12T21:06:50.681963564Z 11 jeXBaYYCEgRyvD28bRniL3kPL5QMge9h4FUjHTGebuXBfCSC5wKpTlSGVjfhi
2020-09-12T21:06:50.722690221Z 12 MkHcsVEGsCWW1cM1VFxbAMaPJ6uztlGuVOCMIHAAqKxyALLzSbb1HsvZPbjUF
2020-09-12T21:06:50.763810057Z 13 mGM7CQbsp0dFNlAnY0CzVROhinBazQadD8FRU9OiCFmkzzzm44QGRmePI7di0
2020-09-12T21:06:50.804805750Z 14 LqLd3cvTCBBmRZZwWhxKMNJBcYGXFanyoijGItSM4FswBwfgoUESN7PM8iP5P
2020-09-12T21:06:50.845864784Z 15 AjylnqJomEWkV2LR6Xt3rpKQeSSaAi8PTUcnDlFBsEXZ7dB1DktSPvEmUDDwK
2020-09-12T21:06:50.886724279Z 16 HbVdCnpg7SvWxW78PVFEmrpySoRMtEcSrrlWKpWwLGFiISwtC5HQ3cqwYusIx
2020-09-12T21:06:50.928347682Z 17 xMwjwSng46vcsYUw3KkS0kYIsCSeUjPF7eN4DjOjyyFOavAkILe4tN5qWhseV
2020-09-12T21:06:50.970443162Z 18 A24zCFb00mhYySgUjWCOFCNgGs3TSnPssnfgGNdNsnHL5KPNkXlDbROvdInJu
2020-09-12T21:06:51.011887516Z 19 VsgNWQ0kWQrtCVmXdFMGJEZN1mrSPPX4i99wLwEmowf1RizEZ6VqPhwKKcCxL
2020-09-12T21:06:51.053292573Z 20 80MaXU2HOSCxhKKoDK65ysJk1uFRbzFImgVQscX7wAicNwu7A195bYakA3OyB
2020-09-12T21:06:51.095185581Z 21 oTpgoZ5ESa6wZqo40XuPCHYdTaN3S4ZedZ3tXPvRl1fCIDYjTUpEgFmmg2Kr3
2020-09-12T21:06:51.136649941Z 22 uqbG2pGmr1vOAg4Sk7D4WBRLQpvJ2on0ahGbcSvR83ewNG4tJN8nXZcfISKeV
2020-09-12T21:06:51.177839475Z 23 M15kbTtLsY03mMdUiXxobCujL7xen80Tci8sDB7azTFhiJ7a0YIc359NvL3ek
2020-09-12T21:06:51.219758192Z 24 h9YCeJ9q4thAkNY16SbAK3UIZRcjd2pnmaP0kzDwrSMmuD0r5XIfHlJHfSd92
2020-09-12T21:06:51.260806868Z 25 xcKMWor5k9rDjumWWl3pklwWAwDPRy5hDKl70nM3pWsVgK7y7Tu3UQqZlyMAI
2020-09-12T21:06:51.302026543Z 26 kMDh2WTo4KGKls79oHHHtBhptAPJswDSxNk2tqJkyv3VssKukX0kCrwicnZ8x
2020-09-12T21:06:51.343168037Z 27 Omlbru0lEzpGyOwCC5GC76i0R5KA2GkPGyoyOof158904qYQDwA3g0aZ2tOLd
2020-09-12T21:06:51.384652601Z 28 Hocsityl2XGxp6MrbXVDnuvJBWs0RIG43G1YG4EwMpv9sR9RZiFNCV4xjFqoW
2020-09-12T21:06:51.425733818Z 29 feWP1KPoJtgKAE7gNYkbTpgTSFEcCDg9Vwc6nqQphtqNaTuFZV7T2VnluxsGy
2020-09-12T21:06:51.466599503Z 30 e3oi6yTo6XBnacTbbLtThq5Im70TCNOnirSnRz16tUVhczPfJy69ZoiL3YQbQ
2020-09-12T21:06:51.507897125Z 31 sBrFUZi4lvYRqpcR6xNpph7JOVeMfbTPmbLebp8ljrhD5VcPsfjfmkJZIgjDC
2020-09-12T21:06:51.548824735Z 32 eDBLSJGIrGtl78Lsge7xvACrqgjEwe3rP8zJ9NkGafpwm4bgpLAyLrcHnMA0n
2020-09-12T21:06:51.589594513Z 33 Iq1xJZ246M6EkV2dcJMdnnWNdzBpR7YDD5UBDX6EJ4lyNlMxnZTdRxWhd0Fj4
2020-09-12T21:06:51.631564845Z 34 62ZrX7q0SVrGTPjrRvCQcsNCo5GoIzD7xc0mVIARSUXKX9PM44VFD0e4nNzDB
2020-09-12T21:06:51.673064236Z 35 fhckj0JmmVvEwQdEZqf7JK20YPSL8XyEQXIYzDHfFvw6Mt1C6Q8NoqnMDGTXF
2020-09-12T21:06:51.715104572Z 36 2K9MMz6TorY6c6VE3gqZAFVmqOZbuEfKwTHymEirGq8w3WWnk6taCtyNmEnqy
2020-09-12T21:06:51.756549274Z 37 wdfL70rfgFwFlLo21ixxSLzXcOZMNbqsjpXP4Ej8DaW131NbVgGKJkVzs0qz7
2020-09-12T21:06:51.797979993Z 38 4HKiJLyIw5HjdkVy48DpnWgxdvvXe8ftnnHEJzySicEAB5wUIj2woRsouQiZM
2020-09-12T21:06:51.840192794Z 39 zBTxzhIW1EPXhOAj87H1L1503xu8BNB8p9hy7QJTgKue7nL56Zbtt9o8fev2o
2020-09-12T21:06:51.881875579Z 40 VeGglXux6lRPuSID2oXJMlNeru1WB4e2QtlbpWl1Sp4GKVNVqPgBCkEwDaZMm
2020-09-12T21:06:51.923265772Z 41 Rvpu8nrfzrgpAYbv4pA6Uf9LG0RukFucOE3vTiuT0SIdvI8OREB2sExHWHazi
2020-09-12T21:06:51.964805060Z 42 2RzHInjWoZXUf6t1Nh9p4bqEsVGAv69G8vX9NuguLo3jZpIPuy1JUFMMvP0c2
2020-09-12T21:06:52.005252798Z 43 7SkNigvdTAtjuB0tx8ekYrzLU1KuZyJuDrO4WgmdZPqDgFJ84K6UoDd6355Z5
2020-09-12T21:06:52.047033817Z 44 zZfpSf59FcSyMculhKQfGHEUsrzBlIvt3guumCxvAr3TVQhWrAaOHB8JPHSbW
2020-09-12T21:06:52.087673007Z 45 mHEYHe2CO2pa8kddb2QFqPbaCPiH4L92aZns6XaK4Wt8UnGm1kCMQmFt27jCb
2020-09-12T21:06:52.128932927Z 46 f1Byapmstv05LqoI3AXVi1bNmoONDuL0QHFLJC7fu3w9VscgFUxVa33NTCyzY
2020-09-12T21:06:52.170304088Z 47 v0Xu7eQz3mTycnWHZXKDFQh3WZMOC0Lk0C5QVx5HVS4h52ozQnO0l1vvLp8Vw
2020-09-12T21:06:52.211560099Z 48 8gvx3x01l9W6IbdbnAjnvQacFJ3SiMTh1kwt9m4iZQUWSWwFjVTtZfmaw3jvE
2020-09-12T21:06:52.253257669Z 49 yhUhCwzSP8uaqEdfhGbMO3D9KFe3X7qXclddmYSzlg4MkxexyJIct5X6njvX8
2020-09-12T21:06:52.295144895Z 50 nS65AW60Ff6JtapyvHdGvUNWuaWsYa5JAx39J0BSBIogIxwlhABwZupGQxpTh
2020-09-12T21:06:52.337028146Z 51 UAwbMlavXbSgNBLcWi8nx3XOxRo1p4FjwWxLuhQe2m7Tg0ZVNUqU9J1Al8vFP
2020-09-12T21:06:52.378954985Z 52 e7i1TPWpaOB2ksG449KSfRPTR12tfLv5toClX5ZbM95KV1qNtbPpSqjFDHlPQ
2020-09-12T21:06:52.419493622Z 53 3GD1j1YsyhtA2QP0H4rKRoakNS3ZOegZE2lA2OUyMnkF69UND6wGVdrlHBu6s
2020-09-12T21:06:52.461486187Z 54 Ab6Y65pa56MW0v8Ub3UWZlXAmTWffWmbX0XiXdkkvwbTXbFcTLz3ac9Dk5Mni
2020-09-12T21:06:52.502533504Z 55 0q3vfzPsBpTnEqgY9vQm4Nx7erIUFAtwd43TKVcxAuFDJy8PVI6pjFY4t08yM
2020-09-12T21:06:52.544478294Z 56 c0llzDCA0VbAOktuGCyF8YkWpwFyjU1x0DzWr7f6SMBevWHL1pcQHIdyBE69w
2020-09-12T21:06:52.586201202Z 57 tVxIZo1JVB5fi5uIZbFaZZAzkvKqLFxi8rOoDEpMCxjPjpY3AkHywGpCIYeNB
2020-09-12T21:06:52.627097342Z 58 ifgw1fYI6wKXaUluFfywYUxMbvTQtI9ADazOapXozLg8hIXJiJrvw2IO2OEXJ
2020-09-12T21:06:52.669091822Z 59 SNl4vZizug6rZyupFDQGk8hVwf3RkQ5cCSUnLwJ2zMDzAL6cybAFjzjbnnRgk
2020-09-12T21:06:52.710710246Z 60 AGQaFqG38Sa9yOOY778tPLBTLCvTuAcv4YiJrv1pagE2EI9ZBZsy7rZMSi8HM
2020-09-12T21:06:52.752103817Z 61 lB0FX3PcNrhDKo2iyA8FDKDJZQ98BSmnmhaY677HIWqyxrtpyhTuNiJybVEUZ
2020-09-12T21:06:52.792765885Z 62 6H5tpinP31oAmHZDdKTcnPSIZ1IG944ILIZN5Qskx7Og2ze17OCPWjluLx8ul
2020-09-12T21:06:52.834217031Z 63 HBgs7itFUpGyXM1xuVPCQgPpweFJG5ycodzjuKb1bEzkjkB8rJ27l2qj6z7TL
2020-09-12T21:06:52.875600578Z 64 JU1YL54czkXteUYEh8zlZn4HL2US3I626bAcGLxs9VqpscxDQfc4AJYHn8mA9
2020-09-12T21:06:52.916979562Z 65 Gc9TUokeBoc6KF6AHFGclAg0jiRwYU1TkzsJPFP7Je29xANvKjFgVytZQh7up
2020-09-12T21:06:52.958164850Z 66 TS16Io7J2wzQFlB2zWrAb582nI01uIHJHsLNxm4bOHvScRWVOoDdMKHdOObGT
2020-09-12T21:06:52.999534073Z 67 BxBKU18GJdENGBe5drxL7k7ahgF5ZFRl2G8flDiXlgBF1JntxsXBVPol4iP9k
2020-09-12T21:06:53.040531767Z 68 Q6piStObmQSb2l41Uoir4NmTFEFMCAo8IRENIXDBHG0uvcuCsjC0u0G7WAGUf
2020-09-12T21:06:53.082165646Z 69 QOnxCKdAPKwGtboqXzVg1aB7LN9SFyNGpYLRlBiF1Z2eVWThv9DaWJBNTMQwy
2020-09-12T21:06:53.123549114Z 70 mFkOrOSbqBD38j4aqDljiQszcawJdkBr1paCld9ydIykKsl0MMCNCvsrDPMfI
2020-09-12T21:06:53.165165407Z 71 6Kvne6kNd1qFdWTdtZwtAm3CQA7RhZRMXa9yhj9L5yljMRhLmnZbVokaAT8WS
2020-09-12T21:06:53.207278387Z 72 wC9PLXjWVU89cIDVExi2bNeP6USFB7H1NOVxEqiTrV2gcIZ3hIJY0diZQlc2p
2020-09-12T21:06:53.249481461Z 73 w84FmGrKYLoKOURlG6vtZ8J6FWkkaXcuzbJmLYAsQbQmwJc8YTuKbolbXiOWR
2020-09-12T21:06:53.290496507Z 74 QBw8nj2wOdNEctY2wSjLgJ0EBqE821AMgf6Npjc3FuAh2emWC6Gu1eIC32Np7
2020-09-12T21:06:53.332115725Z 75 fsNGp6Y15g6phRq0KM9pxFGLS8uqUe7bmBem86pPKqggTe792qmEk8dt4by2r
2020-09-12T21:06:53.373401731Z 76 NpHnvm6Gh21XotwGbyPtxImJBEjbRQ9SbxCijhSwXu89D4HVSiRmMdh3BtjH7
2020-09-12T21:06:53.415271449Z 77 iBELYs0eSXi7N0uCy1SIC0br40logAcQOctj1yW7L7AqEIC5j5VxfQkeuTZ4x
2020-09-12T21:06:53.457216475Z 78 PLSKbh9939LiPIppf8fqX3rSVYGcr8YEnm1zmOFI2NLUECHv9sQq6Rj87K1ik
2020-09-12T21:06:53.499177444Z 79 pRyN9smeZyXgsoXKSaAMW76b132H766Bjsvfp51BSYaBwRKVW0JnSfWLYuhLT
2020-09-12T21:06:53.539736306Z 80 JPS8UYVQc4G6qH3jfA0c6z8y0t2goObnKH3umCyIEKr5PMym7xScqW4ApopU2
2020-09-12T21:06:53.581227180Z 81 AQSZIoH6N3rH2hpEpsXrO11S8lqb72SnhkPRoiqrUbZRKm5eAO1WCDxqQZnKo
2020-09-12T21:06:53.622159936Z 82 n40R5LsmD1eq7ODbsG3CnD0AA9pjbvrMTK03o9cpinlBUTvoJpc6pYC89YRZb
2020-09-12T21:06:53.663856355Z 83 dpVvvImzAxix713oS6TExSuyCcovIiRwKwSpY8CNfwhtDnr7GEKdg9cMTddFa
2020-09-12T21:06:53.705272768Z 84 pWB7EVkLaAXWUkHPt0InoXZIJodhhog43QQfRq03WFvRsaKinmmY0cMFNhQYj
2020-09-12T21:06:53.747323329Z 85 Z0FxbbvsKjWTiArO5fVkxMtyGLeJYFmxo0BQrIW3yuhLV3GmzgqB9Wf9yvUj5
2020-09-12T21:06:53.789173688Z 86 2s2uyO0csGeZ2KbEp76xzcc69HYc4wrgfY6sp7RxVP1AguGmL5gz29DbWIs6X
2020-09-12T21:06:53.830443434Z 87 VS1S59xxYSjaBycAZxVAqqqj5BbwN62NPoKMPAJfNOa5wHh0bRf07vim9Lw9m
2020-09-12T21:06:53.872200517Z 88 ItKbz2LCywnmAtYNyLV6n2DQduf2dujxkFGEuFxapj8n9YsjX2E90VnUx796O
2020-09-12T21:06:53.913818132Z 89 KmNa7319jKm9uDIsIYcX3MR986QE2qxiqqrCASbLIvFXMW7bdbvO6Ee4KHVq0
2020-09-12T21:06:53.955776976Z 90 qIlOIpyvaA19NJsLfOMoM6PX9jFVzCyZ5S28qHCEbGk2XB0SPeq3BRbo8GLRs
2020-09-12T21:06:53.996710316Z 91 oxz2ZpCRH3ZvsiT6Akaod607JicDq591exKebMrmwcYnhV3owir1Rs4L32uoc
2020-09-12T21:06:54.037729914Z 92 J2MKrTq5r05FZABYQq9HbKcDAlGulKofuJUIw9favDZvQ2Nk7UjdBFSNZoUBY
2020-09-12T21:06:54.078613156Z 93 ijnLMJ2zcrxCSQKhVRmCLi7ojE7aZoxt09FRXjxnhEB3jumhLgqX0GpWfBH3s
2020-09-12T21:06:54.119365862Z 94 ls7duUsZIOrCYzXqnszY30l9xoHEnxOmdj7Z2NIuxSl0a1alBHVkx7paSaLym
2020-09-12T21:06:54.163353751Z 95 TehxrrvSseQK4I8OI6NPSXFvrq4i0RBWvKSTEY5VAH4JHiMhDsKihj9Y54et0
2020-09-12T21:06:54.204943599Z 96 AE2TBK4fqYFVPTPRQGHBAMXJOLFckJnqAOlz0PVFydjFQ2XjRX1bYe5CwxTQi
2020-09-12T21:06:54.247165697Z 97 Uw6injXjwL65bNQmnXSgHAZakFXswoXu8xMDIr2LcV2TgCl4QOXfKfzYIGudS
2020-09-12T21:06:54.289327585Z 98 NVo0yRJjCNVelWIsewgQBym0O19ACAtl8OQoJ55Yi2H0ZCRmO4asWKsD7JcrM
2020-09-12T21:06:54.330650578Z 99 QKAu5o4YBeUDJ0yY39VNJhyJgioYZDJZWigMFudkTfmA6Xuycdb6DtPFLHyzB
2020-09-12T21:06:54.372471593Z 100 huFYkqfagg0b2R0yCO11IOoDAHuUsRphJ7Ke1UTQLIuucgNfMD7Z930YiJTY
2020-09-12T21:06:54.414354520Z 101 W1GNVfBR9pvhHhndJCn2YJ7j6cTKZm3rdfkE7OHhNcWO882OoYyKcEOrOtFk
2020-09-12T21:06:54.456054784Z 102 Z2MrlSeNCYAOMgPfAqlA0g5fc7edICg11kKYVMoYgbFm1Vy7ZZBnrUdMrDGS
2020-09-12T21:06:54.496893634Z 103 ZAspTvexpjSRnz4XL7Gx64sk4lHl5PvFTmSS9POi9iQIBFdg2Mc5los6wsMs
2020-09-12T21:06:54.538149603Z 104 xa72jcoeYQeFUwzPI4EwQd8sjGSZnellTiHmry8pfI1QLliVnlPN8tlQGP9E
2020-09-12T21:06:54.578383065Z 105 70vMTFOxpYPo11NLYPGHrFy1rI9MZbSnwOaQKW5Xcr9yNG42KKfzZVc84jQG
2020-09-12T21:06:54.620335279Z 106 82u6TiVWTNploS61cMHnNgoEHPbQRo8pQnwsuwxfcTjRFHabRlmdaiJ4drCR
2020-09-12T21:06:54.661743846Z 107 vBxM4TkXs72SflTJBNlV0pwmjCiKctI8xwK2Q8tGoYWKTbLTef9C7eSbYvfY
2020-09-12T21:06:54.703137128Z 108 8rNdM5wxyXS3xlzAVWexVBQxr2XdqgT6S7FNMP2OBUEtqLooq5qWAZklkPSq
2020-09-12T21:06:54.743874871Z 109 jbwVHtEaJR1Wo3yzFw6vtdBbvPXntnK72yeUpQKd6nqfO3b44X4Oveu5KVy7
2020-09-12T21:06:54.785414709Z 110 2N6DvKaG8ptJ5JPxaRjQCOxzm6bkqQnwJ79L2804bxJx5gE3QTqbjxEpB8m4
2020-09-12T21:06:54.826835502Z 111 XXJMqkIbvNi0QPoSye5xF4UVL6VR1JeNdSrVFQJCnBKS7IQx4dL432drs98R
2020-09-12T21:06:54.867832415Z 112 pEdRIF3YMteKFjrOLQCvnAgVCZOMtUw4LKwg3OjCJ0X5w1SALOM8HRAyIYpc
2020-09-12T21:06:54.908795242Z 113 JxqcFgyFjuPLZEZaRCB3if7Bpmmfs1bBfpsUZ5XOlscLhTOCNPxpqmGY7C7z
2020-09-12T21:06:54.950184448Z 114 oTd4kQLKAvGnDUXt9Czod7m2woTcVevggIeyxSyE0slxaELyp1Kk30OJjZlU
2020-09-12T21:06:54.991621501Z 115 sNRPFVbTxFtMeePwA12M8ck70rN3TERKykGG57oQ4MF8mE2VgwxPxgkbLCrp
2020-09-12T21:06:55.033126851Z 116 aisUtvJut6GsXwGUetqeYL6Pw3MLBqeimWkuktsbD1ltV8TaE5g9sXN9PAOF
2020-09-12T21:06:55.075327668Z 117 yq2BhVCCg2D8M5jXNj9UB2p7HQhgxUmdluf4urLaAF4yDjj15j12vRwZhLWG
2020-09-12T21:06:55.117531682Z 118 jvEdexN5mzSqDpkrAgPeLRk4zukx5UU71Zr8cmCBquUz9RloFPxd1Zdu7DiH
2020-09-12T21:06:55.158310667Z 119 gAeuQkZLuUhV8VSAa5bTRsjSHMfVuj79KSboG7ZxCQuReIV2kWqBiBkNoScL
2020-09-12T21:06:55.199970026Z 120 0rB9cHReikXTgUzgmQaOKStQZHigGmWL70DFlNj8fXy4fwB4qWORKv8DwtVc
2020-09-12T21:06:55.241440966Z 121 RQHkQyWvD0wg7W5hYGBGvaLh1KNWW1vduIzytxcYceU8CWpLNuoTyaSD4ocG
2020-09-12T21:06:55.282513553Z 122 P2V7gIbSTZMCpWJtHHeTisPEnqHx1Wm2DXn54aoyVr5t5VFKSV8xMZFAsR35
2020-09-12T21:06:55.324452623Z 123 yhHq5dCFf8dLAT3WPsX4OXekXNcDByKFIcs3Aj41TC8v2zsYisHlurKTzIJK
2020-09-12T21:06:55.366260097Z 124 gGP2bRy3jN4kg8K6FFdpw5OnJMG6tX6vQ1KK95dL0WBMt2wlegkpHog2fYpe
2020-09-12T21:06:55.406739940Z 125 erzlME6WlaF3zbCosjP5i0nj3huG6W5Y4r5Z1SXxEbSU8mU3SkprpVCVyKkC
2020-09-12T21:06:55.447760856Z 126 84QLwUbRjAqMI64PCj3lckdY6wH4ZecOKUu9z4kJ5VsVQeIvqZ2GerkI0ZE5
2020-09-12T21:06:55.489707752Z 127 rN6jLTKMjvDERjCFj8dPzFZGCwBnG14xMViKO9Dx8LpjjTQPyvRrthYqbo2g
2020-09-12T21:06:55.530934717Z 128 jMJwLHCXAKVkjEeIqf8QbE2MsVDnCkGukFtFw4TchsE6XmIN5eeAI380yB2f
2020-09-12T21:06:55.571291395Z 129 2zQN7HtzeE4bUUwhViZsQ8foqMVgsI1ulSfOr5xPrD4ObXOMEZSv8Gf3bRzz
2020-09-12T21:06:55.612830414Z 130 xqibhmbIAC7g2NmQkglSgj8VPVwVD8Ng1SIfwGBkxY49oVdXbLnDXGyRnPeO
2020-09-12T21:06:55.654309380Z 131 7oNuo2ysT74jqXCl4hYfjzl6NxX2Ftbd4PoDDQRkx7ZB8jrtWN2MGsWzXrAb
2020-09-12T21:06:55.695542028Z 132 bMg15Bb5L1wfoRQ5OggfPBT3wDMnkjQaW2CPfMVzgHwx9BiB6eKR6EIkbrd3
2020-09-12T21:06:55.737369183Z 133 DnL25WXwbsyYxAI8dPiE4iBjwFsefSafKcuiXJLWiKLfeprCiN7KtIFwI8YW
2020-09-12T21:06:55.778923120Z 134 AB4I8KwYdeH4CsRQpuzizcmgGNjvt0LgsYC6tGu34x4Lldm0QHNRqcyFMPb5
2020-09-12T21:06:55.820755099Z 135 NFHkT679F3NJ8vt4XYYVK1mPD24AeiYNr3yx7ruPp2JNlJovXDdtRSedydbA
2020-09-12T21:06:55.862656315Z 136 rPs5Z4NwzCFpmtGWOHqnkJ2FrHPARAk19208Sld6lPcAzcQtRQOonDDnYLrP
2020-09-12T21:06:55.904513159Z 137 6rCioaAP4STWBqklp4seN1Xv7YKTfiweVMg14MM4Cqt68ZFvjngZS7Bq0IyP
2020-09-12T21:06:55.946333505Z 138 XvBur1941vUmlbxV2mWgiJNFPPSPAcJ9pRkVGvUlNOBKk5WDphjW4EC3xKpZ
2020-09-12T21:06:55.988116732Z 139 FuGXgbfGsuR3t5ken8NYjn7Re2pZSgMGyehJrmUFTqritUxZ6nGTmmmLZQD0
2020-09-12T21:06:56.029173200Z 140 ZBx493F5xoJC1eWAxNPepZZwQEU7ieEJ4tThY3zyxmhmnei1B96UHkAejf27
2020-09-12T21:06:56.071262481Z 141 rx6dHF5AZR9UHGFp5X7hM5KCurQVch8LZMelkex6RDrZ79EzZazhIW64F2X8
2020-09-12T21:06:56.112486143Z 142 VfjNI0uEgMkGkUPwh2CJKcS0Ii4tOCl4RZwBevopojWF8SY8jjRimOz1PhTy
2020-09-12T21:06:56.153619376Z 143 rPZ0XdKjUGTxM3bzwXtp3E9mtkXKjLceMrsDTiU6VD7crmsbXaf0ToQj4Dtf
2020-09-12T21:06:56.194571817Z 144 77WQq9skPTZe4lHoJyrh372dAa6nDk4wsdycRgtmyaqgD49E4WchyoqlSUKA
2020-09-12T21:06:56.236149796Z 145 0PiX4KGfX74FXHN2Bpn4w7Xh1bNNKGsalqzc7Dsvb593mR6i9t6j6xybFifC
2020-09-12T21:06:56.276772971Z 146 5P3rvj2Te7FXINRwX5rAZUFK9CHcay0z0nBxYYVJLaoKbPt7V4DlxviFRIvZ
2020-09-12T21:06:56.317283738Z 147 otPMnazw9tDbzpNuzF20NXzHdIqzpJR3dr28mFY6TSMi7AP73RJKOVHD7EYi
2020-09-12T21:06:56.359055086Z 148 SsiJG7FuNKAiTiiGQ4J7Q9sDbfdA9Ruv6pjY2YazyHiTDT5plgirIS8xMFwd
2020-09-12T21:06:56.401157899Z 149 L5J2HwOPgVj33WEzDBVO7aalGbhnwmXfqkc2Vgu6SkHDdHn7wYXXaBYW5tR4
2020-09-12T21:06:56.442303681Z 150 tURoVRvFPPm7PYzcDFy4x74da5I3Cz8Dq5b9FS3zKA7s8XMAPitUXVthDK6F
2020-09-12T21:06:56.484319385Z 151 12Dkfxzh3tLlw8TbWWdIx4jXfAtKJNQmJN47wpqfiRhK5tEHNJXvlGf8uQ87
2020-09-12T21:06:56.526877458Z 152 ACyDKRSgtTBlqhdbD2yrjqnAFfIsxTHVqtwdF9pzf6pWnXs0HVdlpznrcUQj
2020-09-12T21:06:56.567980532Z 153 zEU2E3o3jtVbOYkdzLDmY63V2pugimsQAQDVG3E8TdgqUPqAtITz28JslVJQ
2020-09-12T21:06:56.609435561Z 154 t5ks52lov5m7Dy5QMyebzgpAIPTACJ8vMCrPregvbKL0HtfNBvBY34XdtIn1
2020-09-12T21:06:56.650653492Z 155 vxu6ceKr72RCmHvEmuUgUrMj2Gcuzb2dLRgL5MY1wOkW9PMTheQF9XkIPznX
2020-09-12T21:06:56.691648524Z 156 RNxGcCIIDjA99Kl5Ww8gpRsqo7cMIZYSMTdhNS56huu6RwpiYyI9c9eKMVkk
2020-09-12T21:06:56.732906994Z 157 rgQzP6VeSXzjjhGVQ9RxcrclwaVm6gqAQYPo2TbYnsc3qoIbFhEHWNvAoBeH
2020-09-12T21:06:56.773750929Z 158 B0AMgJTEA02hv77GTwEBl9jzzkKhB2ECYXPWiscqsLSHWYBdwKtOeOIVw1Rx
2020-09-12T21:06:56.814659410Z 159 YesKpHyMWL8Mrnn446vozObSjvCObxrh2rgn9Sdsl0UuAvf5SIcgdm219fSE
2020-09-12T21:06:56.855955304Z 160 YhF2X9ZymmdknCWgGLmz63vTxitxTmG14lBngzxZ0i9X4wHoNWfuf3FMth8x
2020-09-12T21:06:56.896484190Z 161 l9wXzSdrP3sLjmFrgeKw0rJ226H60lfyCiiGZibbGGouV7YtQY2UboPLEhMG
2020-09-12T21:06:56.938158973Z 162 Oe4skwIWvhmJJkZIKfxLfraCshvuBcXaLCaG1mIg9Pqs3wQvQ0sZG3Zfd4p0
2020-09-12T21:06:56.980166486Z 163 XXc2qMK8ATXcFqc5eBIYjG5yMwCKSpTNwLxNco3gT9gV4dmMfLL5jpd6XPsz
2020-09-12T21:06:57.021144473Z 164 dzxr8VrIhxZw2vvpJ8kZzT9yddGXbIvbgLkjzB7IuMjZlNDYDxoA2vMkJJ2c
2020-09-12T21:06:57.063116902Z 165 XXLr9gtnPvjBaZoXskyBa2Suk1kRRxjN3MxuM2kGijuB4XQ94OHdbIpX1lK4
2020-09-12T21:06:57.105367760Z 166 IPX7JRHdXw8Op2AMy0IJF2Unl6D3ltqppK3TAW6kLPPWVcxqLAH0yFrKXgI3
2020-09-12T21:06:57.146764090Z 167 SRHZ2yBIcQL60UkRthKGKzMxMv1CxyidVvjE6ztMDHyy8vn8jBohl1AsR80O
2020-09-12T21:06:57.188939605Z 168 N1d7VkCc26RcKZRs8NNwKhMYFptBlcoUGlEYNCBkHmJEidn0NvUONoHybxMr
2020-09-12T21:06:57.230041591Z 169 ZYgh1cu6pR0IqVqThu58DrIvj1XVB5xq7po3wB9YrETmKZ1Tsk8NF9Gde5hB
2020-09-12T21:06:57.270468108Z 170 eZaO0Hr76ahzW3JTlzTRxyZXQFDMhJWtGDlSj5q2G7JN2ZS64XsAc3HF7Izt
2020-09-12T21:06:57.312152927Z 171 bIJgjhRxe2Z8UqqTW3JSfpZtu0JfAyNAFrJ9iRrEpWhSznja3qN5vJDkRPme
2020-09-12T21:06:57.353610787Z 172 Gp2pSCTdmUxYa2JCssvjFTPt2WNFhy74tqKzVohZ0oF2fK7pWqxS52iiYmkH
2020-09-12T21:06:57.394948564Z 173 x5DYeexoFGHblITmBhfgRpe2jNuyumJ99YZXNgXFZtnq6FQXShi2EbYpcIyN
2020-09-12T21:06:57.436129148Z 174 Ymts9C7W0aiWT4nMFlgWbU2A26TCmh5U8NA1bPHA9cTDs8UFrR3wbBBzMi3m
2020-09-12T21:06:57.477181865Z 175 sCtb4fMA2rlUVF8jIQBbqIrnCEjR1iokD3Aufw7zFkYGfzjKny86xA20kTud
2020-09-12T21:06:57.518868305Z 176 quO5zk0r0RNrbzfdc92fbT6aIXzxsWwgq8nqMck2iVsmsgh0r5thjlFGe6gl
2020-09-12T21:06:57.559391621Z 177 1eWvql88ZT9UhJvjB6RHpW15ZQ0Nyc912TSqI7PVWvCKKDezzJOXenAcT6mv
2020-09-12T21:06:57.601284638Z 178 sQ4k5nVdJEChLoHq4Ka9uxBBT5xheejOK0yciBkKryvRuPyjq7Uz92XyNc82
2020-09-12T21:06:57.643183956Z 179 4uUtYLYK5PFk8snN0ZEJKNWn6xXVL3zuJ3gLxDkefKnjuogl1DUoqnmTSr5o
2020-09-12T21:06:57.683246269Z 180 hrwNNRfzY1GmNvXH83TXWFrTeusqW7728bZc1gBL7L2zjkicn6pATQrva6sh
2020-09-12T21:06:57.725145667Z 181 iAAPyXPDOlS7I29pTWhavepfRDgTnHn8fEa7GNGLtj9uenbpBD53Q8YIGUDC
2020-09-12T21:06:57.765964554Z 182 cBGggIZ7v0I48BiOKXo5IZSY0isevfvxIndxoKhBm5g2FERGnr4GGJcx8WU3
2020-09-12T21:06:57.806498724Z 183 Zykye6GV0aYqUMVyhlGKxUYCoXyxaW2xZ8NuaAGIfU7gX9mgbilp7fEPrjqa
2020-09-12T21:06:57.847898690Z 184 gYvGwJprLFC8rtsyqsL39EhUcsNgmSGNCxKFZRCTpWOkpfQlkAL1G6GpCpEx
2020-09-12T21:06:57.888986226Z 185 5RqGUgXbDMqojMcTJDavUX4xK1X7PgH7bVdKBKUZmN8j1Y1LpzLHjCYgLYla
2020-09-12T21:06:57.930633674Z 186 YDnZR47AhveXNpWeDH4zMlsM1z0hFQXQMGve1cNkMfIo9ajMjXRBUlJMGl5u
2020-09-12T21:06:57.972084457Z 187 yxz1jGKmpoXXOHnzKzXgAc1VmPU75O1iAdmfWgn4sR9zgpbqGBRcPXM1CvVA
2020-09-12T21:06:58.012890428Z 188 XIKVb6MuwAzti3xerRgB4hFlv3kYT1Tb5vyvuf2uOoumr0M3uqbS2QI4GHOF
2020-09-12T21:06:58.054148364Z 189 Qaq5MeqpqvbzJ3wLggq92lsrlLfepFXKV0cdgMRzXFgMNk4Gk3Zrjqyjq9dl
2020-09-12T21:06:58.095117665Z 190 7A9s0D6kqazSPJQO22lIG2ZozvJcHGn8xOT11TQxdMNTJyb9478htTtxErig
2020-09-12T21:06:58.136527830Z 191 o97Bm7l16qD9uTolZV1cFi5wKWRKf6uGeO6HOaNrz1y8tjHSEcHYpdGT9dBo
2020-09-12T21:06:58.177837466Z 192 tuFheXmBW3ZeUbSdffcXOZQkCNQDKxPeB7RKJlyCfi0X3BSEhb7xOZDNaCaj
2020-09-12T21:06:58.218676824Z 193 ihav3kpduLdkhvbApR0buGmADVEmaVT6x0LqxlchvBVi4a51nc3YpYPP3wtu
2020-09-12T21:06:58.259455136Z 194 kQst3upBUla2Uo3aPR13o4toqoJ4VbuvqUbjNLD1jbouw731R8YiPk40ckUk
2020-09-12T21:06:58.300450400Z 195 ngLH9h8Z4lxK83lrP9dZyAK4s6TDILaaRjv8UskgGDTsJ0vbV9BBQq0mVJ58
2020-09-12T21:06:58.341488849Z 196 RZWpc5DteqwWCZS0pWABgEuBgUQ1ubFoW8ZeLPn0klXcqGYSQh2WjAJAjLHn
2020-09-12T21:06:58.382678654Z 197 AzRtDdD1ZqwC479eXn9J5wglJCDQo42JVhkpWgMWpP9tueau3diRMJmxYK9A
2020-09-12T21:06:58.423844802Z 198 awHsJoHpn6zb9tAsqfFii3GDwXfZO6DH7IB1mZcw8TJJ6v4O1isjgw6D8I2m
2020-09-12T21:06:58.464614955Z 199 pvyNjXaMLb500KbYSW2Q6R9CsonO8E0zsahCQTLlBQa6Nx0HBoz5nB3DJI2u
2020-09-12T21:06:58.506106924Z 200 YZMWIFhAJTAUIm6hO2dIMj0k5gVemICKb6BEevgF7Pu7gwIRBsKw9jHdMHQJ
2020-09-12T21:06:58.547479973Z 201 4urunCpIOhJ5iCgnjgtFLoPL0OOAIHxdWgVhTd4fpuTTC2jjCeowpzxV3pTz
2020-09-12T21:06:58.588608094Z 202 3gsQssdfswxDxmvUdUtFU4YxlUYPDl5aI5Q21FSxalFrsu7Op1NnutVTYab2
2020-09-12T21:06:58.629934561Z 203 erOAjhaQ41PGg07Os7aDbpuPXlQnkBUxEarmAaiKcnWI8DXiMR4VbLuQlLYb
2020-09-12T21:06:58.671579418Z 204 5UyzxaPPwaDKjaZLdhYSYTRBEgafTV6DKR7Ry8QCShVpVmeTOupDzpkDMyZl
2020-09-12T21:06:58.712496535Z 205 upOgsdwsbJzQYs8ME3GRQPuaygzgbd8fNJIS2TAZgKElg6k5y8Zam2JVJfzg
2020-09-12T21:06:58.754452896Z 206 sF69WHf0r7Mn6Njzn6PKElga1W9epQnQgt3LeZAWkLUPZ0tQIpE9F0MmGAZ6
2020-09-12T21:06:58.795519225Z 207 cmj4UjHzD8RYMiuKCGGy3MgLj7b7EUc1SijElI1i0hB4wKxi0UCnTI0V3WgH
2020-09-12T21:06:58.836702044Z 208 ipdtwwZUDFsZy605ieg10jkwygiJQBt3r7Q3oX9Inn8RAFgQ3QwmOn4eaF1O
2020-09-12T21:06:58.878447833Z 209 6KmEhlUTdTi3t0vuoQm9JtpZoKchbAiRdvfVfinAU8jwdowOVvQrKtTFw3CC
2020-09-12T21:06:58.919675989Z 210 oskstu6u89u47nlXslWRh0l1ohhbvvuhtuxtVGGKxTnVjjSNbQGKPV1Ylaw5
2020-09-12T21:06:58.962242493Z 211 rOXFJESEeoEK5LjK58uZzLPTpnbMdMaVSeRMIQWO0JkjXV7F3w9XSWuYUrvr
2020-09-12T21:06:59.003756370Z 212 LuiJG6fhliYbvcK7IMauRTBGvvKljerB59G6KtFApVBaGlXMGREw6KOpPfw3
2020-09-12T21:06:59.044868671Z 213 cqpCdRsRcW5HScYp9pUXStPYkkKWYL0AIFvRKyods5gSoR5Fq2AcizeCwsBW
2020-09-12T21:06:59.086689974Z 214 5OBkmiNlI4CmTsTgEjRsP7IzjZNT6swVTGeRDLJrXjsc9A18FWs6XrQEWXJf
2020-09-12T21:06:59.127497684Z 215 DSKpmkxXUBK2RIo17gI3JXNcqKkrpMAjOfCp2JxpwPRLHmVhaDR8qZek9kUB
2020-09-12T21:06:59.168721491Z 216 T64FeGY1HqL82FHMgENpDw7PUiZuC6brCmEtdODbsHrE0QsavRqRpAyx9MxF
2020-09-12T21:06:59.210133844Z 217 HU2Ew6WGar4mHVHFZKGCyb1vAZKwKDXZSEwX0iSXkQs39p3DZ0LKpaWW84VC
2020-09-12T21:06:59.251465216Z 218 6sq8469MKzQ104ABzTcPljGZKEsYjUWCcTlvoo7yceG1C4Mzx7TvWwSrPGMN
2020-09-12T21:06:59.296773836Z 219 ybuSsRSWPfrw1Xkeg0ylYXrLFmI0kvETUrITXVUhP0foAtArHHNvXdn43TxX
2020-09-12T21:06:59.338286930Z 220 C3o7LVLFwf2VC5IUJcRu0DvpeZz9pOb4R6XSRU2CCTILEBpZ5Yb1CCCP0lq8
2020-09-12T21:06:59.379279314Z 221 lZC7kCknpSXWsYQa1wrcr1g6LGyp1nxujWSZQLsYupijit5SFRAt7pqEdDfK
2020-09-12T21:06:59.420782415Z 222 tzHILTZjSxTYNKTklzQsUN7tjWH0EHoiLnCMvuDqlDOfQeKjk987mKhWADM9
2020-09-12T21:06:59.462176041Z 223 w7q50VXndNXHLXqJFYEOvtBxj3F7KrYcrRJmgU21XuH28khIvzhnrCrHqWoB
2020-09-12T21:06:59.504374938Z 224 rZOWH4L17Zf5NXQTEimErCaQ0cTpMqT5Q3SRdBwR3UD7RQILJtaiBKGzst9j
2020-09-12T21:06:59.545627589Z 225 aw0CSgOj2erFcQCWn3ZF8CJUCE3yv3NJARc5lFYtG3hqsY2grIf3XIcSD9YW
2020-09-12T21:06:59.587084348Z 226 DJ37UPTJzgZr6h9ruoy4IduO0tjpr0uluwc5T4FSFVD442RsdCEfsEXyrTrJ
2020-09-12T21:06:59.629026936Z 227 vrjhNqaTARo1kkctgttymDW7s4AK0CawW55cZRVJgwYNPMeoTGsa4gBcziMB
2020-09-12T21:06:59.669447359Z 228 xBo8ANrhvEzYeu0YBDR7otnmZWXZLKibusBdCjeTBI2EYml42B5GRIiaGLE4
2020-09-12T21:06:59.711218239Z 229 pFp2In1IoutoZGiKHwgXmIWnca9mHmKZQBvEafdbJ3dsLN0nO9rNPKFx87hp
2020-09-12T21:06:59.752083362Z 230 RvYcC3pgSZ0gIKscqDSDgzDM83slUQOiUmb0s79yNEZCHq1zvds2n6Oc2CR9
2020-09-12T21:06:59.792490946Z 231 sNmzkIionEwmyhYDHqFVWGiBcu7CpeqaEab8J8h2fQxIW8EmDsT9QLecfDMW
2020-09-12T21:06:59.834202224Z 232 KxGoxZtRhswX5VY2mBTjdzNrZZPdtLbGo8Szsr1vZO2qzlPC3R5RMgG9W04d
2020-09-12T21:06:59.877214980Z 233 jjSPLNDBZ8Gg7QDTgx7ECJFO3RmfoDRQ5iEaZC70JObOttfxoiGjzpmJg2U3
2020-09-12T21:06:59.918256531Z 234 xBzMJxbK1HfVsvNMc7t65qt6UyHwoVSsX7S6VWOPjKtq7VjZHTUzvSVmeRcu
2020-09-12T21:06:59.959899272Z 235 Ze7ZzEOSx6NQhT6MsYAZocK4qx9Z7oc7eVKJ93jVxGnP14j0SDQ8BlIbg4c2
2020-09-12T21:07:00.000685590Z 236 Xi3M2UUFEZGCMW519EnXh6nyO3TSe90GqOWfL5DTge0iYxd5RjdVwDJADnYM
2020-09-12T21:07:00.042400828Z 237 tI2xJ8ohtHng4IUp1hBpR8TpinNg6d913Qg5uODJxNaAW4oRCltYwyLrVZzi
2020-09-12T21:07:00.082517155Z 238 VUlH8NUkicQkvihWEEDLweA4Smopu6UvyJIxe8jtsV7GGUzqzzIX0oRcGI3Z
2020-09-12T21:07:00.123914759Z 239 mhWA8VAQkjRnOOnRy8W8XFqrC4coOLHDSGrgsXYRTnBCxA0Gz4eaSGKxMbcA
2020-09-12T21:07:00.164966128Z 240 Sp10YEvbuECwbK84SqMe1VDMJomDrCNqXEc1iI3oJFPbHfC9lQzjQAdrMRSE
2020-09-12T21:07:00.205805774Z 241 oVqPN3ZO1o9wapA8s6Ef89PGYjWB4Z3rkLNGTbSbkO7ZoRDfdj56leCXUBzY
2020-09-12T21:07:00.246400188Z 242 fXyNbwiBoiuaGZAgJmalm3S6jHVCht7S8XWymTyis3qIV53GdaRwiC6r6EKY
2020-09-12T21:07:00.287581125Z 243 Bdn5NCMfBi5FC1KZE7lONLbOwvqQeCgJaLuLT8sVoonpZhos7thalWfPBiyR
2020-09-12T21:07:00.329397257Z 244 TFoiPrBunXGvJRGby8GZIzjMB26vvSXKMo6yXJwKqKGImAuclEoNKWkpAVoH
2020-09-12T21:07:00.370531894Z 245 MXDH3V5hBJli3fwK5x6o9iaVIk5W1sNav5PjaDfx9d3KSJIXqtOOqgqoFgPx
2020-09-12T21:07:00.412096511Z 246 sqMJqaPjjxyc2UqebWS02MMMZbxSROHLLzCKW2eh6uge41JNVhX9lvx3JrfX
2020-09-12T21:07:00.453544527Z 247 ce9WR2WKSpKTtHY00dDT7zbKNmCVY04J0dJOygjW7HlTCuB9QuGwxA6ZVfkv
2020-09-12T21:07:00.494551328Z 248 awj65gHjZmXRY9LeGwmFMCv18H5cqf1OjOr5dcdW5ElU5C40Pvu2mvPa253R
2020-09-12T21:07:00.535778116Z 249 Vm66O556ewxCpDw8nYr4TFGKbGkcWvXfeog5187gIlnYThuyogTJbInCsnHO
2020-09-12T21:07:00.576563866Z 250 5hmWx6a0A9ZQBgU2VkxLzzBGVXrVE15nFBuL03QlVqt8ps2tGNxXqs9p6y35
2020-09-12T21:07:00.617684869Z 251 T3ESpJd98aJPG03ER0Koo5kIlUj6T5LCpe0qKNKwcYdiopEhv8nNcIQMpT86
2020-09-12T21:07:00.659206228Z 252 MIk8yZUDuv87gvBVm1tWhTVyPoemvoDLdBuXtKUjrVrkpDDbmBBaZ6uHasTl
2020-09-12T21:07:00.699957415Z 253 IHAyXxXmfVzD298BDbl3hTdqEJ5Ipl1ILoOmrqlnjZhsztdBAWA2TJOEawUu
2020-09-12T21:07:00.741756377Z 254 E44PcAAlVnn6cd7JvHWc6jG9KRoRXhoPDiVgDquStOOeCRTYjJVMc4bpEmNx
2020-09-12T21:07:00.783420736Z 255 SFih5TzPR3tjgNfTrFaC6mlsIW116wy05Z0H6x5Vq0CQVeobpqkuSBEv0GWB
2020-09-12T21:07:00.824488214Z 256 HNLPMFJnONpEYbj60COYCxavGJNYX7TkAFVQeSWoXwKBj0wFk0kixFjYcTkA
2020-09-12T21:07:00.866519099Z 257 zpnY0XZEcuZw8C7tilcZdaOvDsoYujLK4Z2kZuzxKxL80GBLz5NOUZBpykbc
2020-09-12T21:07:00.908169771Z 258 TTVW8ldHtAPIaat7sCyHmoxI19kF3nk1GmAInZBBjU6fpLz6VS5xX6777qos
2020-09-12T21:07:00.949719854Z 259 Z1zYYNgVQN5fkmB6aTQCGVjIpvsrLm1OSeaFdFmmbXKLEP9kBNoTq8SwKQmD
2020-09-12T21:07:00.991712033Z 260 DFwWOUZLg5ODVQ9Cskjf2ubMkBat3CIzSrXAlMNd7al6hjpWvk2iMlgGOe1B
2020-09-12T21:07:01.032393748Z 261 DqsHz9fZer53yGRcaE89RoVPagcO4ARlE7tcDtC2i48KcGlLuBflcHrxNCOX
2020-09-12T21:07:01.074121047Z 262 SUeCIptwrg2GebiM5rrQZbXjQ6eqha5HdcLX26juIoHgNDIrTxLYeiCzDYBV
2020-09-12T21:07:01.116198017Z 263 ln5vKHOb3S3TwU0WihFm3RCcwgpdGz5ChXTHeVE7p2MfhZYu1IjxkLVtvnny
2020-09-12T21:07:01.157286154Z 264 Bd8HBZhts7KO90ysuhO1TPFflb5XN8GBzWosddhD30ctU3vtrhiaPbaiTifb
2020-09-12T21:07:01.199429727Z 265 vNPzsFeXTBnm57MX3EwFgAs3Auh3W52GVXS8GGfQQgv44u754wX6w5lFnkPe
2020-09-12T21:07:01.241279215Z 266 kOcNIBeELrVpww8xdSjYMhIq3226GMAdmHMweyLWZO9l7MuBLd9QqzEYQST0
2020-09-12T21:07:01.283368319Z 267 kyuvBQKUMqudNLxvfhW6fUam0klBBYpSFjDbJMzLYsW7CP6fxTjnVYF2LtUf
2020-09-12T21:07:01.325409072Z 268 Z8JNOXqSdgXkKK64dtQLzT9ROh07g8gUjN6mRorVkAuxlGYaHK13znmxDmIL
2020-09-12T21:07:01.366793268Z 269 lNWzxTeDKnfrOst6mCQWJ8aEMzdk6XSvPEay89f9godyOShs1IKKZgpt3n8r
2020-09-12T21:07:01.407722260Z 270 WyGDdwKcgxKMHnqu9lXKLA6XuogJ5maRtOYDbs2Vox6QthlPB9J3Agjagh8U
2020-09-12T21:07:01.448536834Z 271 avJ5Vf92zFbl197PpjDTCVwxCBIoXMJRa0H4yTdG5nPwBGQv11FjfZlNu2Ra
2020-09-12T21:07:01.489644423Z 272 CLwxZIJ7CPL7KfOp2UjQGY44gfC2WoBOQf17jj7jZHJdGePqV8iCc9073Qig
2020-09-12T21:07:01.530711074Z 273 TgNTBVMa7J6jeh8CFXrPQukorBRPoV9JPy83Y6fEfut4I0sIWZBwudVCO5xn
2020-09-12T21:07:01.571383796Z 274 gBKoJ6ueX0b8zhKXjfhzDXxsMTwUv4OUxmjA1Kb9iAXFicr8U5yS4U5iHZW7
2020-09-12T21:07:01.612959381Z 275 hD1MoHV5zOMfbg3ALSMwvZeGpjYyA4tTNJXfaewqEehyGl62AKbBiwa6qn3f
2020-09-12T21:07:01.654035847Z 276 nCyyBKuFO4sbdgyeNcDLzOzXJZUkLJ1Z8onzh4oGZHFAUu0LMWDZnUv2heLd
2020-09-12T21:07:01.695437631Z 277 PT1aaxywy5KaZFiEc6OutXyvOvuUwIajXUhIHT6IDNt5LIBEl2S0tgdlimmW
2020-09-12T21:07:01.737578358Z 278 OJUkP5MaiTDNMNUyJ7EcDd3ge4eu9jH24j4sxH3mWHimxEq4z8Bg57UqKWpC
2020-09-12T21:07:01.779192935Z 279 sKM7pACzDxEhVs40iUAcUcaeUpO7BceXbP7CW2vRmZ7wcTfbz1x7ZXjF9oIa
2020-09-12T21:07:01.820626168Z 280 dvsOxR16gd2urjitn6lP2rDs3OJ42W4pHQcwImETpKh0gBKQrM8itT09Mivl
2020-09-12T21:07:01.862144564Z 281 rEHnlAtIfcAGl0hZgkIBiQdl8rXFlbjqJrN4cLy6ePqrX9x9JHuHlIZCnOdb
2020-09-12T21:07:01.903316486Z 282 2IQYIsT7uvCoDH5FIZvrTxxAbuyMSBsK9mDNm2NGuEhmsAvfJEtMqJ1BfV6y
2020-09-12T21:07:01.945184040Z 283 jjW8u3ky4yGyruXFO2blQXdwhR5w23KFMpYKoh68lDtkrzMYGEm9ZaXr2xZb
2020-09-12T21:07:01.985496487Z 284 Lsi1ka585oGrPxPu62VOOoyDnJtGKZ7LlQxBzL9Iy5kOegrQFNSvbWgdS5CK
2020-09-12T21:07:02.028552978Z 285 6qNBvnESjDZHtUCZKOSIit2FNSnV1DbGCfRipmVapUhbpIivBVJPr8uHzZz5
2020-09-12T21:07:02.068416744Z 286 wA0tNfYYj90Oe133C68SfByw399xJ2n84Dng2YUWFJ1WDGbvh59CUEGtZ3fn
2020-09-12T21:07:02.108747722Z 287 ewIOKZiXH3KaQAIygZAocVoOBIAzuYONJ0fVCbN8a8hjPHEKqEKGNOy2RZEU
2020-09-12T21:07:02.150662663Z 288 JOXCKw7O5LaUKMJCOnPTt6evh1spAI3VhQ6uMVPQhaHcaI0tvGIOWlLAdV84
2020-09-12T21:07:02.190524472Z 289 eMXz9acHjVozcE9da7SH37jwZ3wM2nu7KhxuYLiD6JKLANYzJdy0ZNDx42RP
2020-09-12T21:07:02.232335741Z 290 FCzfQRt0JaMMeX0GoDzffUWH6VsT4yzMwoFPHNAtHZfOWQ80cIhHPwVtDL7i
2020-09-12T21:07:02.274380691Z 291 g0VNaLm7AXfpXublOXdJSbQFc5o94PA99MGMiRzHt4FGTPdFY8YwYb4TcIrK
2020-09-12T21:07:02.315286646Z 292 g72c5ITqmfynl45q0MoGJvGxByom0ed5DH5ctB9cIO8bxsAxkBkC9m5X1yIL
2020-09-12T21:07:02.357196860Z 293 Vc5qSp3QipFC2Nr79JXYe7yi3Xnfb40PGhdnKhAoQ32i8cp9DXMemgp5N0QB
2020-09-12T21:07:02.398556784Z 294 qiQcenwTKyo53WnPOx51rIahRQKB5r9VfZ25R2tzyTSZTo9Nqhjiz8SI0YJb
2020-09-12T21:07:02.439386595Z 295 0XrDBgrNsxQajMSryvrUhkSTXXdJrnmS7hzuKFiXBLG080NAePFobZmy5CSO
2020-09-12T21:07:02.481372475Z 296 vvvVeHemejBLitiTsmwA1hkJ7qpJOqZBSVPJ73IlKH0MFROqwOfTj6ihWEwT
2020-09-12T21:07:02.523323061Z 297 hDO9KqQVRF6kH4El56Hpw6amsWkGAShI9TKmUpFUG0JRVEeSvLydzf7fm7vG
2020-09-12T21:07:02.564501360Z 298 MYyvEibS1IVj0jsqveqB4ECZxB9RsVLyG01mtrBVVuAhiX9Sr2sJmRpdCSC5
2020-09-12T21:07:02.606206066Z 299 qlkKPDmxgAdUU3iBitkuIna2PXtJc4V4kL6jdv704VPrAExBZJiWmpTZzLXy
2020-09-12T21:07:02.647730910Z 300 q1kvNyB6z8MxStnSVVNOE803L1UZ7d2L7Zpxk4mfn5SfuzLeG52ibCOjKjYQ
2020-09-12T21:07:02.688771858Z 301 3I9aNJ2XXNYFjeFlKVz2XCWRdzMSNLrJT2UlmgowkzmtKG26zI8F48kCQ6dh
2020-09-12T21:07:02.729364217Z 302 STxOUTy9ImPquZQQXNWHY4izJrPzL4K6qNVxrVPwCT9JG6bjaMfWYwri0m6b
2020-09-12T21:07:02.771386782Z 303 DLnJLw5idjPaB38CIKzsz9gnE4AMVL1Sry9vxZYQCoa5lYvtsTbuC8Uxu6Hu
2020-09-12T21:07:02.813296790Z 304 BfqbZFUhyyrMChFwIZThqJybFONLA95yMPd4Z65sCEhdZQAqHXAPp1YVoRHw
2020-09-12T21:07:02.854784236Z 305 8j5SlKOjpQK5IxejTAWpPaTOz1wTsX3DIyNuJpEMrh13NLyhfUDyuuyWWi5P
2020-09-12T21:07:02.897067780Z 306 PGLsszopDgPBQvvuvR2e0dkYknyJgitItUVBiWSSCa2MTN8c9aMSBQgBKyFB
2020-09-12T21:07:02.938222800Z 307 H6dVZ4i7UzhVjnaMaOGrJt8ywyLYMW9TIzudKINuk7Xgkx4CRk23lE3HOMMm
2020-09-12T21:07:02.980144384Z 308 q4T1d8gyIBJrUO2QabRN6aMbXViK5ye2FwAohSaMhFXx7nVcxAqbXck1Nyme
2020-09-12T21:07:03.021356076Z 309 Lraj90mWQiQX1o0Wx5CrUqOnuflI10eKJFUNEHMFslFDWOmdzi3jEUjRFKe3
2020-09-12T21:07:03.063063816Z 310 kfVFInP7BjCwugs9oZjFKG9XKAsV2SftZzHRnjShVWW5uKnIA9bEzhtQRrC4
2020-09-12T21:07:03.104748778Z 311 arfOUIHr7cuSo3oUP8fyF4BblhaH5qa4PFd7ZgFn4XldlomSuVtyQhniKtDK
2020-09-12T21:07:03.145788577Z 312 dzAtA3p6FujxqRV2pChGA1zve6GIyjaeq3BDyxeM1Zzk1hElEDVTVYFtg1dc
2020-09-12T21:07:03.187325678Z 313 NSMcp3wnTcEoNj8JOIoD1I0muOlbM6W0ZBWZib27R1sGF5Oz5yPbCK5G21z7
2020-09-12T21:07:03.228640964Z 314 H2EhaTPZfyhhZinv40qbBGAarq9brJzPIXxFOyC7NNvnWSxfQE1WNkio819G
2020-09-12T21:07:03.269906074Z 315 m07I9TYuhd4GxSDlSuem02GJJ0e0F7GDLzxcNwSxDYYFh1SMSnp4DcUcdPQU
2020-09-12T21:07:03.311475165Z 316 IxcqhdInWg6M7kpEc7DDLj9HQV6vF3WQyimx91XMWrNiML5JltsPlQofkUwd
2020-09-12T21:07:03.353335011Z 317 QjWlZGRuY30zwLEanQVVbqcNk9CFmoutihgWHJtqKfwuWZKfkt5fcSmIIebl
2020-09-12T21:07:03.395056105Z 318 u1IK9gzC1B6PgVq4QuorsCkwMTsCShf80PQAdYtT8qxz4H5ZRFl7QAkbthPO
2020-09-12T21:07:03.437261851Z 319 cIl6LaRFYVTAkbp2wz0akyZLesv8P59fponjbHt8DdPgw1YaGQY6xJdJYpOF
2020-09-12T21:07:03.478401234Z 320 p3UFpDKq9UNePlWRwpWdWrcgmXMqU49F2jitOjswD18QBsD4CSlLmHFDJajV
2020-09-12T21:07:03.520187457Z 321 SCxYsu821MwY4gjr50J1pfM6Q0mPwV9ouyHiN7aa3vhSz9wUj0q8Grf4n0oi
2020-09-12T21:07:03.562157176Z 322 77ciAWigQ1Y14Dat7FghVRXx2BpyT6XccP5IZeOCtrFxm8XV5RUyfWsgaBh3
2020-09-12T21:07:03.602540637Z 323 oZ5z8P95KJnAlOIrPJVFfev4oUpjGsBQ14V0OPyLOcd8DdpdeZOKXSgUuzyq
2020-09-12T21:07:03.643688238Z 324 A9mxjBIDBTlP9qrS8Kj4J2Y3mUuO6WLSO8DZdip0ekLTbKF0XUZnR3MfNtvE
2020-09-12T21:07:03.684608688Z 325 HhNmIrsNBeYjMKbPUXOM4Ytt0t03GlgXkLPwYXZ68QtRZ1SMeLz3JKZddKtk
2020-09-12T21:07:03.727365332Z 326 7e29vEanKj2K2bc2ToJJhJ2O5GnQushFw5Pb8g1eXiQBXF8PiZmeR8vw4WIF
2020-09-12T21:07:03.768745237Z 327 JvwqzkBVTDGEXYrE7KgnE1bymo8s4WRGsWpdp6XtIXygpL8c7CN6lQdwS7RT
2020-09-12T21:07:03.809726470Z 328 l1IJnsW6EtQOkW2Euk1GLg35lxC0eA5h5ek1oorIquJSpBNSG7DqKh0LcLsi
2020-09-12T21:07:03.851726409Z 329 kdeKruZYoTjjRXsBXNi8p7h1H3FJahq35Lceb13AHmwn5naLLp5DdUOPwhos
2020-09-12T21:07:03.893165382Z 330 ykGu5NfDHP4W10n26mKvqSaLCE5vqs5SDYfvjWjoEqcO9ZJAjVf4qpxdAGbD
2020-09-12T21:07:03.935147967Z 331 SNr2Yq8rhc5iU5AaYgSUDt4dsOrgthaVDjmX0DBQRDsfm5wIoeDSWWtlqk6R
2020-09-12T21:07:03.977309363Z 332 3XPwiEwZwzLKD9kmpTucxkx6Rw9ELNn1fsLUQsLNj5Y5QZCS5y3apaEA3umE
2020-09-12T21:07:04.018477555Z 333 6jEHAT8dDEuUKXzcKtQYtOa4nI7CdKtV6eXeUTiplhV3DswLmEIr4PRk4zev
2020-09-12T21:07:04.060610645Z 334 dDjmp8jwnLMkXwlQSM51D3e0lug1Ct7vDWUaanl3q0hYu62K6Bk5htIUYTso
2020-09-12T21:07:04.102221512Z 335 xPGfgYneAGdK0GwtdNFyn91MCCNHkH33c7fgJsCaTH1wDWIkJN1UbeIsxhFZ
2020-09-12T21:07:04.144427367Z 336 xdmkFdYhWNA0QGODlZvPxfo3pGezojyW2gU6Y65SP7OQZwNjV5s6Q2cHbnAn
2020-09-12T21:07:04.186491701Z 337 RpPqqMuhdJP4GFFc8yLX3UoC5IL3v8DU73eziWecyqPeuVtwZsuyLhoUx5WQ
2020-09-12T21:07:04.228025244Z 338 sSHhGBLYIPLwUAMOcUKz6MKAbbgMjiWvjbtD8uhtwJHdNoLmhfH5bkjhgHXR
2020-09-12T21:07:04.269596396Z 339 yOojZF0U8LTSUwTehmUJAvBGuGyVTsSPiAqdvdI0LpNnzivJsOtVd8cPvWSK
2020-09-12T21:07:04.311160762Z 340 Fez3iSsAHMM7bRnuIzcYRKmsV7Mmc2yVuFt9y6cqhSY3UOilBRfK9QAhiixx
2020-09-12T21:07:04.352161811Z 341 Yn5XAccGEP50z2kIISmGnBmn6JVyee2tTXUg9ZMjVAqgqSXRE9992G8UWeGf
2020-09-12T21:07:04.392890751Z 342 xQTsCtgfXduKE4OxToKezO7lQOcQWJOzrJ57sfslVYuiEwhST8D9gUZQdEth
2020-09-12T21:07:04.434422402Z 343 Kl4FsJsFrrvyf2VYB5aklI5MpuzdVB8YWV2Gu19LR1yDH0DmtQxmiZdMMgbk
2020-09-12T21:07:04.475625549Z 344 qv163LqNuMnZuuZ8ipoebz2XCpJ3cxEaWtAEqU4kJ8OmaG03o7ROJ94XnA65
2020-09-12T21:07:04.516999307Z 345 COCHMzQvQFgsq8w0yXT98Q4YVTzXe3mymei68ZEiVkjXRh82yafjfWy41ZAv
2020-09-12T21:07:04.559309929Z 346 522XnhqYhxPJpH1RZuFEzljjwoWyoFy9SVE27LuNKatmn0DjRhDkJfJNVNe8
2020-09-12T21:07:04.599850919Z 347 cKz9x1TufXs0eIvNtKDeckmtIKPWTxVe7VrahwpwzuyDL50WsC08uG2YSNEp
2020-09-12T21:07:04.640945008Z 348 iao3IpgZK2D9lGnmXPny85yKCRrk1lZXEWbu8hArsPLnBJDwTjdUrsXjZQae
2020-09-12T21:07:04.682329626Z 349 FAuF8ZcycAzTp3HuCNJOnJogOfMYmyRDXw1I5nUVnuIQYp78uA75niMfQZy3
2020-09-12T21:07:04.723255304Z 350 Fk0J0PxFZtyP9dVkgNByt2tBWN98BY25NCuMCQptvgN5LzyJBAKqPvne3zDs
2020-09-12T21:07:04.764812557Z 351 tWASLtax6CUyKzGflH0MVgDhhVbPnUcp2etxcc0V5Sv0slxVRaHhdsIbUnZU
2020-09-12T21:07:04.807355157Z 352 K6G6wvcSO914Zv3oudUC6gwPEuHIhe7KLxln8yaF8FDFypVximkkdhdsWKwr
2020-09-12T21:07:04.848454621Z 353 H7FNdDWRU4Pyj68f62i5rhme0gwDa0ROaw5SFJU00iHEprTLNGPZWbW9cdJv
2020-09-12T21:07:04.889948848Z 354 vbrSvj4PpE1iW05YcXYms2F0Z0nhmOmhm8Suv6jnJoGry0m29cb72wZNQb56
2020-09-12T21:07:04.930555057Z 355 ej9tbXWI7OCmrjzCqpfbsrw53cfhh2ZYr7J7oaU9KIUkEz8GoFT20U5YCseR
2020-09-12T21:07:04.972036412Z 356 TU5HtKpZpQnHiTu3XHE7EgslJqIG69KNmnSdztTIXSXjxJsvcVro4z2WUJ3Q
2020-09-12T21:07:05.013172549Z 357 mSzMbYzsZMbLnjBJIaP7EEHck84Hob2uiHCV63YfvFaXL3VuqS7vJmuGYWzm
2020-09-12T21:07:05.054461871Z 358 QB18oAejZ1Dzx4INME1WAQpqNUwb38muEpvCIvvWUiUjksV6InIqEwdb3GRh
2020-09-12T21:07:05.096269400Z 359 ZH92XxjbAw0XBLQkdWOC0d7IC4Jg5gOX3h0nKnZjPn3IZKp24udKqfu9MdFz
2020-09-12T21:07:05.137962644Z 360 il31geVtKeYy3UesZNezDjshV2urUH9ckx02ZypwF9CY3eSOwrBLjxChuf2P
2020-09-12T21:07:05.179508146Z 361 9VbFvd1edprwb1msymmUhRSm28zP1zE1M1KQKoHTkJEW0HNbOh6xte1SPSxO
2020-09-12T21:07:05.220590279Z 362 L6mMgjKI8L4uR0YCFr9G6dg8HBTGK228M3wwCcfYDrde2Emv9GeA2jqnW1mk
2020-09-12T21:07:05.262238807Z 363 XhGOn9gjIvXIO4kqDmKDt4qPsrSTNsniO5Z9J5N1RhrYgBKIcpyKWvmwOLlG
2020-09-12T21:07:05.303832120Z 364 ZHP3rZH54G9rzUvTNRfCtojKNDUAfNIIUT06jnU8qU8BR36kL1e3csizepC5
2020-09-12T21:07:05.344998211Z 365 NdKN8X8BJ8eohTVUrJkNE5LbnOsngxHX1MWssldB1fACsLsZBbDRhutueP8C
2020-09-12T21:07:05.386129286Z 366 PqM0Kcw6h15JkcadyNHte9iLglbFkQsZfBjdd4b0P2a4AVrtLSZtnahP0rpv
2020-09-12T21:07:05.428271546Z 367 K6RenLwh2EdqC5LQBynjMbEyKJz22KvJ512rQefxjUKJxaCKFeL48fFhd31q
2020-09-12T21:07:05.468576772Z 368 jne26p96pQATdtnX0ncMIZ46GPhtyfFL7MjSciTYLLvODmOcY4uLyfIYVqxn
2020-09-12T21:07:05.509996633Z 369 w3GzF8EUmqDlYWw7Falg9WXjjPYUu59J1sAoe4yYPqIUM8wcqnQGVfZawf9X
2020-09-12T21:07:05.550510872Z 370 z3EvRabZrXWNY3dnWVhENrm7WSzIbEHFRbv4sRApbCEXC7jSVEwvhSnslf2D
2020-09-12T21:07:05.592203603Z 371 HmAw2baNF500ysBNS0GKtYuhyYfbhb3czu3G7hBbCCMmF5oKBFdwJJ9VSK1G
2020-09-12T21:07:05.634329530Z 372 YFl3PWJ2fX7G7oR2zdnpbWG1zFzdb34uY2EofX7tX7rm7bOCuBP4HSGM3GwN
2020-09-12T21:07:05.676085753Z 373 VBqWLBVkkr9tn8EjnOkxF5DOd8fq7WiGMfu2CxlBNTgI3YBclYl9aCNxvzxt
2020-09-12T21:07:05.718343225Z 374 xjo3m3eMA4j6gzSf6Duyt0e3vAvlYiFSpy05RDradPcX9RgGVTA19aMoDs7r
2020-09-12T21:07:05.759587846Z 375 HtnTvH6XR2eYfQIshkOOVf0pfUjt5YgSKrYgLW6dbwoRHwI5SZ9zuWdjlFvV
2020-09-12T21:07:05.800529705Z 376 x3EwPcQD31ZAZSatOGZKkLZ6FQh8tDhBNkQpSrFwaMapAtvWk9FHsNtntmWr
2020-09-12T21:07:05.841448756Z 377 EkPX2tngS872ChkkJi95DUmJ8LHpzZfOAn2QUfPyioHeoD7DhlBAuQ5V7RZg
2020-09-12T21:07:05.882422413Z 378 u3FXPtKt1TNIwQa6XhPViPo8AdTrpIA9gFGPaQF8Ww3SC1xXFUEHlEnJiIVA
2020-09-12T21:07:05.924400031Z 379 KknEKFQOIFjARc3xuRHFKmpNPlVXoZLgjpSphj83TjSqjZTa7cpGv30qZUBg
2020-09-12T21:07:05.965775191Z 380 V38LbGPQSszIH6EueTy3Yrb4AORcfv6UwSUwNIZYelZtkbgcIV0Zcqo1kjoS
2020-09-12T21:07:06.007754416Z 381 ITq8S3W6faiZF6DTrqg0CoQWkjmWklv7iDV3O8teNCfE529m4g32b7szQjHo
2020-09-12T21:07:06.049118532Z 382 qj4EglJsMQ6oPpIJIypklytHZgd6R6NstHPFRTYHbYfrP4aFUuyeU3BASPDa
2020-09-12T21:07:06.090319559Z 383 HVjrZqNIy2vlBatZ4NQZR2tlEZFiAXGo0MsRHW9HcEqQiEq0Y3agllZfUCd6
2020-09-12T21:07:06.132034482Z 384 86h10IZPeKx1QxRMKPILwWESGMotM4kyQn0cNHbEp7ek8jhjaq3yS74eQpQD
2020-09-12T21:07:06.173710180Z 385 sk6JaQQ9EOTnRPrf3gC4AVUvVn3RhcDfYJoHepQdMJqRHVHc2ge6s6hLJNa6
2020-09-12T21:07:06.215341785Z 386 Ie4PJnjMnXLFjDqDYnCCOraa2C4TBj0niUw0r5jLE9qVA0uoF4DoYvRHyd64
2020-09-12T21:07:06.256513218Z 387 NGtuSo9wsVrriKPjlTe3i5WXOHkme3JxmVwrpyQh4aRXeN3HOEWkoDD1egkJ
2020-09-12T21:07:06.297422783Z 388 yEIE7r6TEAbL08KbpZJvRdcX7gj5c4tgCUHUg5gcZcG0IOReSfzFnJwBkEda
2020-09-12T21:07:06.339376094Z 389 2LBQkobZ9zUQlizNhIbP3nmZaeMmkJHB3doLqGyTr6EYBlnlQnnSdwa0GHFO
2020-09-12T21:07:06.380487315Z 390 MDa1xLelnhvmsUMI4UJfz0v7Et0RekZgHVpWYVDsC4k9suTAWplc8pHQ7Lgf
2020-09-12T21:07:06.421316234Z 391 RW3PuWbFBiZnC1AMFcGmVinQ6CcpYbmMhgqUkTjGTHpZ8Fb8pIKV7muElwmb
2020-09-12T21:07:06.463183471Z 392 Tf3EhpMfEzK5HSBannM3lGn5XcyxwdP7fQjQh3LDyflAcYD73auoHO2btBdS
2020-09-12T21:07:06.504397161Z 393 TRoAouwDlXctiMO5YTcSsLJOsgf6UedS7G7bQjbiN8ZflrZdrXDrd8ScBlsl
2020-09-12T21:07:06.546419255Z 394 fw4h5mIY17w33XBhJ77xYI0iCFgjhkDPvJEyAy71lmvVZhmw7QXT0MQM0ECZ
2020-09-12T21:07:06.588857760Z 395 5tuFtZWvs5Cc6VCqp145lWbviYyw8xpwmWsjv4v6kTTGR56oreCI67LYKOKm
2020-09-12T21:07:06.629675511Z 396 PzyadMvLkXXNlBGZ3VFsgvGuO5LuBc4b0cGkc3KT8XOFXJYeq9TJo0fHtEjl
2020-09-12T21:07:06.671063445Z 397 BtmZOIpOHmdaWgTssX3je6fTUD1Edtd89qjPKwJoWvgbJwQF35jnNtwxVCPa
2020-09-12T21:07:06.711496044Z 398 NNDkBa6xcnemiw1YdVQesF6Y6l6NY9mgkAa2CTJ1WlKGefXkGMSo7qtXmsnh
2020-09-12T21:07:06.752820259Z 399 QM0aGar0ZoO8v2NcyBkqwTNXaFQRpqgVs2rq51kPb7RT25ExJJdtUXEKPBrV
2020-09-12T21:07:06.794353809Z 400 8Zm5xXrGFwfEiAYSHF0CPVQvDKrZuRrdsBW8hqMEGuBQZ8XLnoOxxqWaUWk5
2020-09-12T21:07:06.834352946Z 401 npY05MlOujYB5jnXDnppqT4gMFFScEIadvZ4FUB0nvGI1XqXil2r4d0DaZdZ
2020-09-12T21:07:06.876209787Z 402 fUlUUxzch9r7qSaTqIzJk1fYuKyF0YVMGgu3DIRKL93SaDwBZueUa3rtcgQZ
2020-09-12T21:07:06.917428308Z 403 OiKL4dy7Kd4fo4Z9wDH2x7T5uVpIeTfz8aXppsLGPqb2EPidSRo34Ye8xc28
2020-09-12T21:07:06.958643158Z 404 maN6VNA7BSZ8xYgAAXul4PAeWiAinemJSuosreJ5hF1hKHbHtGSdguJDQd7K
2020-09-12T21:07:06.999904237Z 405 YbpJ6p0RZFvuVa24Pkyl1qL8AosMKI8wE1M0ziV2BQgkwMo5qksRAS9kRO9D
2020-09-12T21:07:07.041026703Z 406 3mhU54zUMk69JIZswvpc3kgXFI8CyZ0f21MisIhmeizasdzYlkcHlhiK8tTS
2020-09-12T21:07:07.081686928Z 407 8hiTuhWGSeOaWYxzWtPBPeEwJjiIfSufMpIvVQ9Loku5dzd1c3UOX066a7CP
2020-09-12T21:07:07.122589720Z 408 yCfZPI64oMv603d2QD7wBss4oMzuGtA0aELFe0mMohC3LtvvzMQms1Vp4sny
2020-09-12T21:07:07.163974429Z 409 7phlAtxRc4yqF7QfVlpw87KrnwxgyF4Dg0P39f2xxZDx79KstDtrn1PmsA21
2020-09-12T21:07:07.205105933Z 410 x1Trv54TvULmUbaPY4dagXw9IcayEDfNf8E7TjVnakUxIId9EYVpMiZpCY9L
2020-09-12T21:07:07.245966484Z 411 Z6KVo9KLQ3Pj4Hhelfo064AGJO0BKwvl3dnGQAtFYy4On9CKdVZqNOxG9Scn
2020-09-12T21:07:07.286897141Z 412 mQrfB19561HryqwlYyRrBOPCaa33Erk9G1acyVXz19kWzm9IlPFkxd8zgArw
2020-09-12T21:07:07.328317320Z 413 w1ZuQvRymqE4hzEDfh5eHbNeUP9otbD3m0FbXCNIOYNv9Id7HUCeu31EpLjG
2020-09-12T21:07:07.370595526Z 414 7rIHgPMZbpS3dImfPV4glzBueq2YUs9kn3jbTj7SrZDB5nTJavg8mdtPGqj0
2020-09-12T21:07:07.411832552Z 415 MnJudNeE2LbqNZgmUtWR0CsMqfRUjVdoRAMPSpRaw3kXaESM5YVQlVikL6d0
2020-09-12T21:07:07.452777482Z 416 Q1CMfsTQMkulE10EEpmjyJCFD4opodEfnaImaQKXMjbM5ntkRALkeLeEyIkb
2020-09-12T21:07:07.494311796Z 417 cvb8Aax2sRlfWNBZUd9nSFMslj12v6vQ0WVEMrXCVc3utpzzzuaHJJpNZNfh
2020-09-12T21:07:07.536070812Z 418 RfIIP2YxAEddtcV5cdd6XPiRC73bsEkD9CVCGeYwLLznHuI51RWKx2ttkNEw
2020-09-12T21:07:07.578243668Z 419 x0zVPptcTA2pH346IPQuDf2WBhpXiTuT3c9gzevCmLQFZ81dfZNdYpUd1LlS
2020-09-12T21:07:07.619576358Z 420 Gd3aEX3YUGZGThp1dDf0NPke6S3Sg0ClqDI5yUgvGyT8GsXWCtI35YYfde8B
2020-09-12T21:07:07.660896344Z 421 MWBqgxf7rdgDFDGksw5wNVMsCN0I59FGGvxIQrAOxCTQ1m5JS7SZZ9hNASXl
2020-09-12T21:07:07.701651072Z 422 SPY9WOqa7pu1QoGmOVIf3zRC84CD9jG0e84X0E5UBbpwp2lCw45Y5of5l8re
2020-09-12T21:07:07.743270496Z 423 tSn0MHxDDt2slYZI4KQYh6dirtAMKtxfjtUahL5ZpYnFiQICPVU8HUZfWZrU
2020-09-12T21:07:07.784354728Z 424 IQ26yIYx12pyAj0vlLpSVTyr9F52t1P3NVFgvie1WshtCznmPBKCrsKrIQQD
2020-09-12T21:07:07.825553107Z 425 FL8qJQY5MshyBGeQfOAl9u4dUoQG7A4m050L2HgUYfd83yRIFaY8HXXhGYR4
2020-09-12T21:07:07.866921421Z 426 7FcB5qS3Cq9o2MQOu6ypJcQzi9FDjrpv9SxvnyUlmuBxjzSKvHiPwrPGVFjn
2020-09-12T21:07:07.908067496Z 427 knIIf5fl8KtigkoBJqH8wYiAAvD4wU1EeoDHkGgBgr3oGYrci9vfDup5KjVs
2020-09-12T21:07:07.948454051Z 428 P38OZCaW3Q66iU8q67YFklbavXOF4iYX7F3OmLZITJzAf0fZjwvyVS4upAg3
2020-09-12T21:07:07.989553812Z 429 p5eD9dTmJjsceeydVJfHcqu22OWlWlvtQsdQ0LfvdPX2zCmML7FJwwiTIvb2
2020-09-12T21:07:08.031561319Z 430 LHli5RjYdSdxcORVL96co6LCJzpfhoVz4rFNiUabC8I5Q7Xvb20HliirrveN
2020-09-12T21:07:08.073109666Z 431 UG1Llf8dOAUQdBCr8VIT18KiyrKF9a6ajYHohu6f0QYFNKPbwYoYAw0hmi3r
2020-09-12T21:07:08.115209505Z 432 DWlsjZMFFWBche73nI7BDJEyeiBED5aEkbgUnhwVlLJISlqkVVTdd3e9z1AI
2020-09-12T21:07:08.156453558Z 433 B3lxbJFAdyykNdkwR2Ta35O4KPChtUhc2T55zYiTIgsdEahtbY4OBtNwDmAH
2020-09-12T21:07:08.197896045Z 434 LIGrFSlJbzMy2fwF4W3rzsqSTJ54zoa3VjL3a3yMSFv4f7Ya6jXXBURXdNzE
2020-09-12T21:07:08.238932431Z 435 Zevu3nTtjvUg1uAMZBPiF0GfVvQ9aUO0n1xThyEDgmJi6nOQgsK8w46wx2Xv
2020-09-12T21:07:08.279460605Z 436 fSXaNLwqK0BY4YzKVlncoarhOF8TM4jCQf0ADyL0jQoQ7qvC1vBHXR6QfxqO
2020-09-12T21:07:08.321129169Z 437 jmFZ0TP7DKzezI5YGtZ2G8ZhNPfbkeMnHv7Ky3jtINQl5WdSorzmnUN78Jd5
2020-09-12T21:07:08.363282829Z 438 pAT7teOaTkth0pYyJHYSzy6mW9WXSVpHOcS9NcK2h0ZOI2LMCnl8C4YKUC3y
2020-09-12T21:07:08.404143271Z 439 KooBUdcFpjDFtbUzzbIxy4XOMuQJYhyuV8WtzLoOOzMMF17AGBPd3cuk7DLK
2020-09-12T21:07:08.445984939Z 440 TwImFQ9oyDzMTMK28iF7dG3P6UXPkJQdiawnl9iuCA8dYIOikYaCFV7tva2C
2020-09-12T21:07:08.487196917Z 441 3T8EVUZzR3T8XpFsuHLZAaDQqrbuqPm4V9srBFoCh5U4imgEfsCS6XiIO7OV
2020-09-12T21:07:08.529173673Z 442 2reFPUUjzoo3HZAMJXDL6CI2c6KlxGs1Vv9K6sPqLfNqXkGsFrpGPfr0rUsg
2020-09-12T21:07:08.570799844Z 443 rhVkPSvkEPh1fEbxtBlD6guwoGQWGfsyX90AGm1MHx00hFuSuqaIUJut44ek
2020-09-12T21:07:08.611487922Z 444 QleWt6x7OyfoiLf6ZA9rqss7uuaLqCBCZNngKsndetYT6K3RnhpAllO5XLlg
2020-09-12T21:07:08.652857303Z 445 MgKIuBI6qgiEOcOTrPL8xHR2OzeYwWjabUgpWJFOiAoyFpnjA6iVdE0M7ROW
2020-09-12T21:07:08.693594842Z 446 SgwrVuOwFxztHQ2IHvlUu2VGrYy6Z6aH6X7RvXKBsUXTDrcCoYnomhBa2gOJ
2020-09-12T21:07:08.735078523Z 447 Kofobf0782kacwNI6bcg67FYPs5TlpebLCOvMT29uqb1RBqlGOy3OHJUby8E
2020-09-12T21:07:08.777121442Z 448 De5c7Gq9iixORy15eigJli6pPn34JwhC1de3J4WH1IlSFGuoNMEWMCWzj40f
2020-09-12T21:07:08.818177194Z 449 d5PXMB7HyoAYISJKhRtgFc2klSmPVyvW5dPrB7mTixnXnFxznJpqNwXVQAAo
2020-09-12T21:07:08.859802530Z 450 zSOhifu0dyfx8S1HRPOtitBedjzpaF4k525Cy6lfmCJDg9YvHscjpEXdpJQY
2020-09-12T21:07:08.901023240Z 451 V9N0pkHlYH07VMw9uDFNqEiltY1VUiv4kyGoaD5ImRNZeto7PW5zRLMz5pJ7
2020-09-12T21:07:08.942975283Z 452 MuGKACewO4ON3mB4X5RQwdavV1LDtbXmHXXNl0TmBc1VqFGnijACbgBYpv98
2020-09-12T21:07:08.984277701Z 453 jV9qsjq1CYHZMYBGVDkrA0UFPyC9SircBNdFKfpDiYWp3B2QgQ8OSziHovTV
2020-09-12T21:07:09.024563210Z 454 w194NHKEjwU3R2HujWtIAwYmIwVkVmbhmsBeb2TyLmdinMFkBQtaUcyvOkO1
2020-09-12T21:07:09.065573748Z 455 yHxfaaKLJqSHkB0pDcEPoBhgfqOxsKmnHUTsRZzz36tbXg18QeKRI6Bio8ud
2020-09-12T21:07:09.107129859Z 456 feUwsOsCoOKpuDx20kFiV7TFnck6X6isS5al5CUqqgS9BH63tjpNfF75L9W6
2020-09-12T21:07:09.147717496Z 457 wy7Pi0wz59qT1k67MVaQkf6YbiCXPTnJfejl5k806QuQj8EXzCWdmmbtcDgv
2020-09-12T21:07:09.189719573Z 458 GjiXDfUeFCF2hBGnirj5P2mwzKlaOtTGdK588N7YfhYg5L3yFN0S2agmtn15
2020-09-12T21:07:09.231144572Z 459 u8iiCpcwiRpTLofRLE5MZQ13Uch1FRKyiPI1xafs3pyT2gZJkmSGeu8VISTA
2020-09-12T21:07:09.272004886Z 460 616JkExjytc4aQXRtXNwxKy23TATPJfaoOQRna2sjYmntfASz4qZoAEBK5Vh
2020-09-12T21:07:09.313294470Z 461 twWLvMTXkAlu9Su8g0QGUlxmijOU1uwErL1DWHzDFA3ZMEnDk8Syw5iipH7f
2020-09-12T21:07:09.353623356Z 462 EkjQ2jCfa4WNcM6EZrLrnXDHGeFBg7PzfLYGLisRGBxNlePZAW2f5B3fVX8A
2020-09-12T21:07:09.394869305Z 463 Dr1DupNoaEFbtxR3lPtwI7UHTtyKNSGQ7n2axEpdk6bAjO4HGAfexUsFm6nR
2020-09-12T21:07:09.436126275Z 464 kC1Ir8KVJ0MoOB7503dTsOnVR8aTt6wn4ea3jeNY9Rd554bcV9EHe2TMDpFu
2020-09-12T21:07:09.477439375Z 465 ZNNt9SFHERukwHs6FP0hbBXhek1xgEssRHkATUJgeBJzH9W2H3ug6MixZ6e9
2020-09-12T21:07:09.518649181Z 466 9tVteEjvYWcHtBM94ZpevuLOk4MODcCwNXJ52YQJou1JQIqf20dBtFbMrVBB
2020-09-12T21:07:09.559938643Z 467 Qik4kI8fyiIKqefQ84RpBvifiludipWJnIsZMGj3S76yz9BZmMdJRj54758L
2020-09-12T21:07:09.601566103Z 468 oilQjhQxsBBGNkZHSvH69EfmA0woRjeQKIueHwBcSqYzkxr4rXBUa8O3RXkt
2020-09-12T21:07:09.644342845Z 469 NX3iHWlsb2valCkLKubXxYe0kTKh5UqxAz5Q3f14JuE3X7X0RfWjanftoYYB
2020-09-12T21:07:09.685319458Z 470 ES7xfa7PUbEnQS0MgK6NdzgGSct1sTlJZZKvvRMZx6QkoF5TyjW77vhPZFB6
2020-09-12T21:07:09.726740701Z 471 B6RU4NGSoqjeW4YUUDAqzWuYVCgVPiE541cWNCUntxh33cSxm4X5HMIbQ5b8
2020-09-12T21:07:09.768871440Z 472 SHx0hubZ4EakgD44lBWYFF6WrpVev3w1l4sV8KQEuLM0OyuHgWIt8MWnRcZq
2020-09-12T21:07:09.810009669Z 473 00a5omhdnnK5dGtepYqhG1MLUgNMWtlhG4oNuBiVEhMUKVNkvfEGgwmtTmzw
2020-09-12T21:07:09.850409690Z 474 3x2qH0I4mYkBffZciKAsTxHJ3SJP36dOSvyU6kHhvjV9lJMrfoSzZyjcPCFu
2020-09-12T21:07:09.892352941Z 475 bvu314Crcowg1puWEIfBTgk02JttkjFiNjX0vHixnCQjl4oBA3aszqToyGIe
2020-09-12T21:07:09.933320085Z 476 xZeeG9IZIvjifKV7Ic8vddip1r5N6dlf2fDa2P3ES8aJhBtAmaEy3wIuVEXs
2020-09-12T21:07:09.975248307Z 477 lyWytuPsvoYlUlqvFZu2tWrDvLmoCEZ8nhs2CrKACygOsOrq0ZdQFd78liDc
2020-09-12T21:07:10.016593542Z 478 ykUTYQrCof8XFjShq9dCayjygNC50S5ub2SZzXOt0OikmHazyGH6nnFtq6Tk
2020-09-12T21:07:10.058065953Z 479 G8W0PCles0pIChT8MUrCciSymi1qBkCdP2jHw8DBbhzCPGPcj5NwokDWLbzz
2020-09-12T21:07:10.099433233Z 480 VtcTzGFotse75c83OnOrAI19Rpv6AH7NvFhK8AOgAjW5UvkrmZdCnewgg7hJ
2020-09-12T21:07:10.140429262Z 481 GFTteuVdmiwkfDa3KChjLprjHEZVpgDFxGrBbuSjsFA008aOINxQB1nudW2O
2020-09-12T21:07:10.181902769Z 482 g5INvpfdoZnz3A6FYw47p8WMLORdD5xtF8m6WeO2Mfb2nEOY3ELB5mVSs7AC
2020-09-12T21:07:10.223452267Z 483 7KdnhnuUE5XqMJfoRz0sbmuskbApw41Dnnc8jyu5nQMXREThaFXaxmh4XkYW
2020-09-12T21:07:10.264909977Z 484 6E6Iwzt45Od4yq5VuXoxsoDiyH2WWEhxUEhFiDJ8sWLro1cgXqgN6oyGSlMw
2020-09-12T21:07:10.305731396Z 485 Id6a46TOvz1lhLPxLs6hDEKS9sKcK95PzDAeIgwgi27xzjY0s6DB7uj1DQLt
2020-09-12T21:07:10.346783742Z 486 aSgA2wQjO7T02u8nBJaAH2lANk7bVvfevNXj7v3uKWa4HG706XS9hvjRCB5F
2020-09-12T21:07:10.387816978Z 487 cnGMeap4wQBNDf3kFy78VCzthq8wJlm42FaMFNlOky4SZ3PTmI7ra1sNh38r
2020-09-12T21:07:10.429447346Z 488 Qx7NNNSu0aMB7QOLAL9iqyVXi03cKMEibzlfiet1Kz084gvuqltAQ4DrB7vL
2020-09-12T21:07:10.470078442Z 489 COFj1J1mFHrnLJ1ReJAJE3VMTzs8Eca254ejD04NnNWYHt6aFjiY764tc8T6
2020-09-12T21:07:10.511056003Z 490 TXxt4HAtHajNz2fkvGC6LmAW1hHT7U6kPPj18NbzfqIV19fZoBY9FD4mZo40
2020-09-12T21:07:10.553105429Z 491 HIhFibLeIWxQAFAEPRm679AUod8Oh2wdtm8t9JHW4BpzaPBuuMPfR0P7dk8h
2020-09-12T21:07:10.594834699Z 492 WAljR5IFsG7WHWpvLfZkoAtqeEJaQSyGRQ3j5opcNQaxncE1aLwgIA2xNJ6B
2020-09-12T21:07:10.635463048Z 493 LaOYPkcVM7tDHfm5338wRvJMy330D29v22lvhnVw97NCQTQ61HtotEkdQGyK
2020-09-12T21:07:10.676496116Z 494 N7l6lmmmLfdmQ0lvXN6W9xoD1XjgQyaEA4i34ATJZ1ToA3QlGHKIVzAovHH9
2020-09-12T21:07:10.717881109Z 495 wMCnLOMmqUjKc5MKtvJNnhbx91IlnDgYXAKALVRIvNqLBZfUmLoJtd3JsBqx
2020-09-12T21:07:10.758890654Z 496 6HyhSe6PvKxPkLIrB7iY6I74G6EflTf6DQxOw0z0smMy8yFHBtxkWFlNOYnV
2020-09-12T21:07:10.799449568Z 497 rxjcnghzL8ceFgRhuircvqIT9OkeAv8RnrB0YQNvc9KmASJqCW2vOkBqxSir
2020-09-12T21:07:10.840407012Z 498 rkLFQTdI33tDOmoWL7JfcUAFPpKacIkQ6DNi1WCFKPsErglrc0mVdrTDuKqN
2020-09-12T21:07:10.881888473Z 499 PTw4wDamgeD5PgEMeAeI8VXpEU3xk1oJhKQvcX3log3N23FtEbKj8WfpHygl
2020-09-12T21:07:10.922812129Z 500 in4soUR856v2LXvj1ufsBQbBny17FM7M0sPybLqwPnMm2ykLDqbJvsmuUdA6
2020-09-12T21:07:10.963966025Z 501 4uVNErKodJwLANTlRhroa5A2WB7yOt0q8pb1Php6cggS5Iu9P5GsidkDaVqn
2020-09-12T21:07:11.005660950Z 502 lTd1TXaY6QpqmWpmO7eCukQavkxGWY5M6WQpN9kU8EYt1IcmI4YOBaErpqYH
2020-09-12T21:07:11.046540621Z 503 5pcpF66f4L0BfH4bugf0YI5qDyMskqj85tF1jG1gMs86zunxZv5of0PNJtV7
2020-09-12T21:07:11.088238562Z 504 whM80yBmOQ70LITxxNS2sVA436TZusQZwvYxH4EiwgykVKdE4JMVEEqxALL9
2020-09-12T21:07:11.128852966Z 505 YrRLoZMBBq9PjtydY0adC1PTiF0CHN8OH4wyDfuuZ5gQ5wm2dklW1vtPxgyh
2020-09-12T21:07:11.170885746Z 506 Ytm8aXyoI19qndhDUNk3Uwtcejk4K70NWKjkAfc1B3gX4yEptQjoVTiW4SUi
2020-09-12T21:07:11.211442734Z 507 r4Wnajx5wQXNuPTIekVnzF3jGuDr3bGHLCRgry8VjQfVOs0WCjDUfOclo1mJ
2020-09-12T21:07:11.252868391Z 508 jMpzzWnkWRNSFwHXR6jvod6uF2qWeSmTzEsfK9Jh4AWK59AwEB0ROqRrkPQT
2020-09-12T21:07:11.294206075Z 509 QiPnDBxYmkKgAsGv4556LY8wPVtMSiFFlNScYnBWjU8BL6xzuVjpSStbUZzH
2020-09-12T21:07:11.335761405Z 510 cMW8cQcKlP7I0BkL0xkPKUsKUHiKejZ07HIuwsvjl47ktpKfVzvzclO0tjiZ
2020-09-12T21:07:11.377464740Z 511 wbM66YWs09YFxI6iK3zu19RtpyDPajVAsuMQFQ6W2MCLWoCKzG3j4camDnYt
2020-09-12T21:07:11.419385485Z 512 7YqkCLa7RwQzSODSjq4ZicCvuSCy2MtqA31I5ZQ57DDroRDHbU5KEYyhKa5W
2020-09-12T21:07:11.460794999Z 513 CmOc8o5OLT489Lq3qZ7nNqwQ9zDatXCam9yEvuS9vktP3Ck0KdxCIgrjPAEX
2020-09-12T21:07:11.502263256Z 514 8Qyl4israJIiJWcpHzIw6M8k4Ro45vWKyq78Bzl80fhRhGqOXOBeTtyGtQc3
2020-09-12T21:07:11.543686756Z 515 i3Uj6qijk1oTuh9YihbLpeqG797MRI0hIfaOZhQbCbjz0o20zXsgO75aaF31
2020-09-12T21:07:11.584990480Z 516 pfGQis1HYWNsLEroIzK1BJ0MTSiZWb1suIah4ifBR8P7uryOFZ2bSmRJVkFY
2020-09-12T21:07:11.626094906Z 517 DTdnzteURkm2ySbhfDpRlhM8pHerPPcWYAjhHRaMx02ToKvDCqzZYtREXUtW
2020-09-12T21:07:11.667295109Z 518 hxPfRKjKXwGrb0EQZTIsdEJLdm3ooeLXkABjw6P2mN7x2E0FRGLB6LyFw34H
2020-09-12T21:07:11.709286118Z 519 0HtfaiwrMnwlpJPSCKNxnp9VftV5yvJaIzBuyorvet72GClJbHFtoUMKst6f
2020-09-12T21:07:11.750995198Z 520 A4qwJDW8JtpCUA6zEqlI7AxJ2NEif43BYJCRJNwRuhJyfXPh4WnmBaAGPCJ1
2020-09-12T21:07:11.791996192Z 521 PR5815fbox3EV0io4cKbIAzZJdidAGTT8JmPI9efmgmiq1iuDCInvX2ajwth
2020-09-12T21:07:11.832855257Z 522 h9ZqiLVC8ED1DHybIhCoCLRrAxKhENpzQVVJianEHh7ll95gppOfjIo0Kpnt
2020-09-12T21:07:11.874208833Z 523 d42dTWWa556255UAbBRW1G6nLAPbpaIcY4ckS7SxeFlgd5Muyk1kiFw6HSO8
2020-09-12T21:07:11.916191294Z 524 BnSDVTqOge7J2Pp2zDXOalaXzWPJ25jwMbLH6kgYslWeTZ2epRZZnsu4wpq6
2020-09-12T21:07:11.958148469Z 525 lAPxRSP6tjzR9ePUTjYzgtUonLZMFB9EEfHCsNAJiiBOdYYfYNHVxcM0kRCX
2020-09-12T21:07:11.998408113Z 526 iVM6SRY03SueEBrFiF3RRfJvfZpEEwA4nhzcFpTsM5erocmPCu1FQU7UXBaL
2020-09-12T21:07:12.040167178Z 527 pX3tCCS5d5Rkj936Hesh3r0X0M5ZPwRDMWvINkEbTSNMjn1Dn37cJjLuRrrV
2020-09-12T21:07:12.082195252Z 528 AfS28CkGkQwa2mMGJBeEauJo1uW2v3SoV7z7pJMEbGiTZnlQlzAyhWWdwem1
2020-09-12T21:07:12.123405978Z 529 yIdbSLsDHZXaJ2gGBGQkE6LRkuWKWv4wetfOkjuzlagLhV8Xo4ogg71Oc7xf
2020-09-12T21:07:12.165273828Z 530 f8xEzzWYq6EZKKaomrCVflNwq1Yk9zdFdDFbz3EHOldWaKR6KBmFCdavoR2w
2020-09-12T21:07:12.206508949Z 531 3AVjpjFsinDv0E3ZCgByyY6MBCKooGs0xKEbRpmCIL4m7K69Qpers2A1773D
2020-09-12T21:07:12.248099098Z 532 BcJ94OYJrPOoADzfp6jbUSetR5vIqfnzo9UgAuDNP2kT6dt7lcmU262KxB89
2020-09-12T21:07:12.289330057Z 533 FAaBhD40q26YvxA8yDO6RoUIaD4VFBG4iTbBTAKkluu6tAlmWaSeJsxECAb4
2020-09-12T21:07:12.330790711Z 534 EixDhasbTvLSrVW8rhSAjNwiH7ikpJxeEEcynZOu12wQAvHnA5ZZY1ySOvfz
2020-09-12T21:07:12.372318616Z 535 OVIFsbLJCVzdLbaXuytwLXbc9LizpE4ZSnL4yectwZOuJlDLoTkQBwbdhMLR
2020-09-12T21:07:12.414259139Z 536 9gK6yhuyR1XseYm3LMgLHCoZOLS9vDH9MpeV2LcDl0J9iCLnJ57HZAVRrYLE
2020-09-12T21:07:12.456220534Z 537 Nv60yfVykFLtrJRUqW06LN2zRhwK1ybeizoX0DbqJHfcfSSl7kRlRQJ4u58R
2020-09-12T21:07:12.497080646Z 538 Jh9EoN6iwxBWPTX2rMtjYDEPyc8wRHO5L5krLChO9vFOaRH2C2dPaYXinbwQ
2020-09-12T21:07:12.537918395Z 539 rL9VaW9JVzF8AYlNZXqLlDKBQpzHlOrz65nnSvzLj8RAvXQVss62fg7er80n
2020-09-12T21:07:12.578627160Z 540 zMwsQWHj109JXTWusvmaPnt2yP0ydeqz0Xqb7zgE4xJUbbmKcFTCq0nadGh5
2020-09-12T21:07:12.619456264Z 541 B1Bc43nroeiLYONXrm6ZK0k1NyJTMEGbQg4nEICW8fiYI8VveE5CqjNZS3nE
2020-09-12T21:07:12.661132264Z 542 4U1EtVOprfvlhfdRMPbFYrD2mylmc3TWVDNxjbhkztGfFOiSbQjxAP382ekg
2020-09-12T21:07:12.701433749Z 543 R8ZTEmq6cEtLBzo174YAHipHXtQ2kO0J93USxotc7ui48hu2ZegLmSKEz2mP
2020-09-12T21:07:12.743112005Z 544 gs3N2Umu9rc9AzViJRSfbJDzy7jRAX8AnMIQrcn7M2MQ7qGvbuij8zpcUgHa
2020-09-12T21:07:12.784932066Z 545 IhRJvwaBU6lDQYPa2iNIlXGoBhXMgAb5VnN8TLwBAcb4A6w6SHMLRBLeSVki
2020-09-12T21:07:12.825688635Z 546 nxw1fUVeXFoZAefV2d9UVln457KbPziiW7RDR94smqS3XHekvqdnWsGdkJdt
2020-09-12T21:07:12.866321465Z 547 xrygw357NBTiLxbhdRAhBpEgFMNAmCUSMbREyZm2rardInd8ai4H9n5NNUOT
2020-09-12T21:07:12.908114177Z 548 p9GEhmHCcmCcXigjCEvYhqdCUaQAO2IfaHcPAEb35NZr2JRbcNMUqaKw2wxA
2020-09-12T21:07:12.949548644Z 549 A99ImYpoNZhTJ6r1Fv9FX4ST9NL4QtXjRd8hrPig4mnbTW0cbZUpI5qnifMN
2020-09-12T21:07:12.991491031Z 550 QQJN6fSDcwqPjxK5zOoMxV74kmWcYCZMCrcTdd8CurKIlfxfgfoeJexZGsrY
2020-09-12T21:07:13.033347898Z 551 HIk2ZfK3CIWMMozvY2s0ahsYrYlvNGrMS4UDEbncaKIE4QAERzvRLh9Hc9IA
2020-09-12T21:07:13.074131433Z 552 0iD81K3pCiKLNY2aBZy3zlRlGORls9CUvfUgLg37FtUGSxgMHN8rjlBRisJT
2020-09-12T21:07:13.115447143Z 553 e6jR9EFeDWr6My64ngrRSCjjIbf2JrRjfROEjU5cBZM6UWfNoCXwbzf7y8BC
2020-09-12T21:07:13.156727269Z 554 PJ31KWYQ5suJxGFqH4oO0goamh5MIETUcQ5xdmPbhPX1lTDynwzKAfQQrTAj
2020-09-12T21:07:13.198594411Z 555 O13ScSjzBSzbl9eyEfretMFIa685zVLXTGuZPIgabbMKVjsuJMJtc1hgQvzE
2020-09-12T21:07:13.239430459Z 556 HQHrIFiejpuGqyFNhlx8nZg7Tlctnng7Z8V4TbEkFNz7Fi9M9qk3nX6OHpoW
2020-09-12T21:07:13.281244466Z 557 8axh0vkko3n28kvqFyatEFYa4jJM8U0xqo3UCXRqHpQU0VTb1n8Erc06yHA2
2020-09-12T21:07:13.323256007Z 558 SoxtjCwo1v7QT9ybqJVp4wRtcbVODFkFUJImSWjIrebkx4JJfQAhvtHYMjyx
2020-09-12T21:07:13.364516918Z 559 efOAvmkkRLsVtG1v04UMhGeAM9CNZv5VccS9irpXK5pSjIFgWQr8rfkwNrPL
2020-09-12T21:07:13.406059209Z 560 IXZpTPHpnhnp4Wk8sGKGHvJIGQjOEd8H0HBxbEfkdOo2R1qLDGAT44GnVZCh
2020-09-12T21:07:13.448604979Z 561 ooK1sBywI8rt960ZZGZtzXnV6MdO7E4rbYOFqZNaZXMnbzv6BtKFjOGl7EA9
2020-09-12T21:07:13.489875327Z 562 t2qLZ3BHmXdoWmPSFsgKjl4aEeZ39yAcuBZ8JrVetUl9L4jWGLcvJMTymFrt
2020-09-12T21:07:13.530747413Z 563 8IXUjwIJggc0RRHV8ffyKkJthVRNZxAfkiSahjExZfDW7WETwq14wGIBViRl
2020-09-12T21:07:13.572321483Z 564 uWEmh1wEjeZop5V3SB4v9YO7ocM2iwRAh00VCVqDZ3j0MtKWGVY6l5CHFkmH
2020-09-12T21:07:13.614838177Z 565 5M7FgwDfILA24EYca0uHZDlXIpsVWUMfuAfaYNi4OqvlvVWNNqdG4rqD8WFe
2020-09-12T21:07:13.656401406Z 566 bZ3zfjmiBAktA9AnQ1aDSHhuPUtxr3hCICD1WSzmwlE1vdfn6jrZcuRXBJjm
2020-09-12T21:07:13.698257435Z 567 9XzZjtpek3cfZnMY9JoZHHMMHMFKChJzZWuBqFAR1c8QbLnBXA2TzpxgOznJ
2020-09-12T21:07:13.740546177Z 568 OWYzVe4NgD797JAfxnBwo3rojxY4enawAPeWFtPPvALUVzuUbwo3LLntTAG8
2020-09-12T21:07:13.782344181Z 569 jEfGocVdkHKE5oql1qC9zMl56iZrQyXDudEtivo5dhevCcvn25WH9FOkQgS6
2020-09-12T21:07:13.823840100Z 570 uKBoAK5FBOoTqaAFxZJB48qDDWcFU6dHFcbgen49wVVrC0Gne0szJ5OxQ2Yv
2020-09-12T21:07:13.864854761Z 571 1vYA2CM0d6ao66nKvFg8anYmepnJAr7bi8c54ctT1vep9y15KuOBPlf5RnQc
2020-09-12T21:07:13.906158404Z 572 FZ3WJOEeNSgEK7yu550zboRw4WWw8Zv3IGQJbat2HLxHyRBjWM0ysVjvg2GY
2020-09-12T21:07:13.947802635Z 573 cZamcZpakBSfhtXa0NkkQ1MP7w9R4A8EpNN92J7JOcnqzFFThrmpzkWSlE3b
2020-09-12T21:07:13.989092197Z 574 5O4cv0nwVWQl7kXGn5bVa7VDZUZuYp203e3ZlwbhBsG1JEUpUXpLIP9ZYMxs
2020-09-12T21:07:14.030749700Z 575 zqWeklZHrKD2C83E17x5Py5BKFEAgRkC9OE90Kl62RBBaqEg5rmt0W7RTR7M
2020-09-12T21:07:14.072431586Z 576 vkqniSEKSi5GemfWYEd6JiL7i4atmJoWETGfYAsEEOiBbS2ZQXK9lwPASaVJ
2020-09-12T21:07:14.113491010Z 577 OtH8MNzFSc3BsVdfgBQZ52rHXL6Fnc2KHNg8krZBwRoQwGfveXP3PcPDUUjy
2020-09-12T21:07:14.155184419Z 578 4XpU8eCuU55wTBnzRND5RNXZiSd7DYywcQaZiKapkMucR6CVpM5ijegm2SDE
2020-09-12T21:07:14.196465158Z 579 Hc8xLK1KgrU618gjQ0n2vF7TS8yD1GyT60vXNdvwyy7dE4vk41LZ33K5K17s
2020-09-12T21:07:14.237489361Z 580 6dFaAEFS3fXwJL7qTeZBljhk5HHD7FGFVWWxbIlA6U9Fmk4aFhye3Vcc1Qp0
2020-09-12T21:07:14.278607975Z 581 osQsV3ae8takNrzBfK1E9m5TgL9BOeR5BM4xiT6ixNz4qqPBs5fQp8Ri8Ci8
2020-09-12T21:07:14.319648933Z 582 U7ncvrUdAlHpazPzTrIixGqZHsH7H4Kl43emDjhplXktkyMULBFVi00a7FCz
2020-09-12T21:07:14.361530417Z 583 87JDCtSRYngNbdQDxSjG6V83eAllFXgQkYbft3EpOySvuSnojcEkfEYTkaD3
2020-09-12T21:07:14.402955243Z 584 lJP6vx46ElhjqNAxpa94DCkjuiwbGDh2C7EHna8gwig6dOVyrqwp5Oxqhpo7
2020-09-12T21:07:14.443896673Z 585 GW5Jz5YAlK1eYFpg4sBiwdfPehrt1CmWX50sOlnOx5inVWrFlJwRmv71UfDC
2020-09-12T21:07:14.484753905Z 586 3XUt6V29r7X0rPo9awcSQ0Sf1kqK3IO8wBrdu2XZi2cvoJKKmZ63Sv5CAGW2
2020-09-12T21:07:14.526048009Z 587 UyoWQujsF08fGYdmJAUUzydCRNhCi62J4x8KarD6V9UyYSDmRtnajgzsGj6g
2020-09-12T21:07:14.567165835Z 588 ucTkHvgia2pmJOedeL1aC42y4jOy3Y4sM0nsvRW7zZDl3tlktFK4yZhyyCwn
2020-09-12T21:07:14.608094196Z 589 oOzWUZ0RFTFwOEgPGhM1I4SLaFAUNRGLU5zB6qr1rPjBokY0j8nWhKuFZ6a5
2020-09-12T21:07:14.648356726Z 590 B5EiCgYPWHDZcens5K19Ti5z6gXTJDKEJhoyMeIjt9PO5jo2ReLPnsBUq12v
2020-09-12T21:07:14.690173272Z 591 vUi2gmhiy0xM8WXK0IMnmkrp3momRqB4uVF2hI0q2kwf8AgdoaLtgeU651bn
2020-09-12T21:07:14.731711706Z 592 XYVIbWgYiR0kke2WSxDe24Os6HDDFnTsBgmkTKOU0G4Mpj78SnOlhNerQJO9
2020-09-12T21:07:14.772426235Z 593 AKU04CVka1ejfBAwFVIIso7MD5YQYdm5NNGxVY8DvWUAmDmd337jlQRaGHCU
2020-09-12T21:07:14.813916742Z 594 7lj8lg2gMDPPy2j1vzsrT7ARZD2SRIFKWw47PzBqMvyFXMl8ysmIO6IuAqYP
2020-09-12T21:07:14.855276969Z 595 mF24uKSfbQGOAXoJoTGK09uPnjLr5uE3VZUvWLiFRSL80hNJIGgLDCrDwcIz
2020-09-12T21:07:14.896377493Z 596 yEFeiEQCtbg3A0EOK8LPfiEJUsHR8Dw7tjoF6o6bvlAD1vDTVukrcX3iHlct
2020-09-12T21:07:14.938090057Z 597 6evFxJhJnwbozX2biefQRjnmd3h1XJlENq7tq97R2y5zDVoGMpIK6D84CAfv
2020-09-12T21:07:14.980137343Z 598 BU86fat1mwPfdH1nWxbWv2PE6hv4Gn0hictSYSO4CswZyRKhvIa9TZcYnVsX
2020-09-12T21:07:15.021804293Z 599 STJQuDzAwz61N0jAnc8mQfjFE9T0y5h2DsJwmLApOsJMyU75cofyBLCBaTJX
2020-09-12T21:07:15.063404103Z 600 dD7KoTAGyvQLIKZslGbwI4ckZkFEfsZJTrdrWKeQhu6R3AnuaLNIa4qHywpK
2020-09-12T21:07:15.105291265Z 601 P8WtVf4LcVtShJyrwEiETUN53lhr0muBNQuAvzKVyR9hnIDnita0yb4PC2iT
2020-09-12T21:07:15.146318339Z 602 6cKJ6xCBmTFLfo4PWYYOQdS4d4k3bpeZXSsxaPQL4wO2c8IJuoxFlj8eRQcw
2020-09-12T21:07:15.188015099Z 603 IFAbzqaSCPZgvOa8NLQzXezhDgrqYXGlTrEtjK1LspXdvi3dkTk8Tkq3bvDc
2020-09-12T21:07:15.228450870Z 604 4bBSroSff5oQFiUXU8dHnNoDBYnDWkSkC3xlLGMwfZjL2f0RjikMGUuiJv5u
2020-09-12T21:07:15.269592990Z 605 nYJnrNe8Lwy13daoO1Z0J3jt301Pdc1hOGOUWDWvtzJ2w8zwmHg0qMxYwvOA
2020-09-12T21:07:15.311035909Z 606 wSOIAHjMf8fgpSe5giFj7dK3LCfRxwg34TurAx0jxngmN7IcDmsnwLLT9EKs
2020-09-12T21:07:15.353128213Z 607 FXdSB5iGO2uR1rW4SgjIf6ZLY1X6h8bdrqsnga6gfjQjJzpgr1v8NNTVaKJy
2020-09-12T21:07:15.395179818Z 608 uB9d25fUHjFgBvYpiSJvMXjQfRgmGG48O5ZJf4awNyeb2HwWyEvfZGexS0Yn
2020-09-12T21:07:15.435888289Z 609 1QX0kNd8n9AYPb7w4BqgoWIDARe5qvo9kShbpDUN4XWiKXnmMCkOC7bShiFT
2020-09-12T21:07:15.477074597Z 610 jn2oQNMH9yZRZo9urz7AqMZA7b1R2HAVH7OpCi3LWvg8vSrYgHAjWD2Dj1ng
2020-09-12T21:07:15.519118416Z 611 3FJveuMSUggIMtRhYPdkq8Wp8QYXjyMEix4iBXPxKTmg0jZrzfFxV14ShhlD
2020-09-12T21:07:15.560520564Z 612 P9rKeUfrecOHJqbmalsRaLgwLA1zItYwiThXoF0ZZXflsYhcg5CpgaGiASdG
2020-09-12T21:07:15.601871199Z 613 oJIlZ4OlGnHz2iGfRiFfiSfCSMl7BAb0UwVPy3Fg6pRdU9HerPMoTJKcKyvH
2020-09-12T21:07:15.643085626Z 614 OGhe5UabyHoupRZsSZoM1yrd7YBfiV8Wup2Kjx832tdSbbVe5xZ9ybQaxwLP
2020-09-12T21:07:15.683380885Z 615 Xj0Kgi8nJKn2lj548gS66i2UAxctik6TgbRNUyO8SyZEqDrqIvsOmwlr6Gn0
2020-09-12T21:07:15.725161421Z 616 j1tZVlkAxiRAVmcO0hB8ClvopJS3rfWVSCCEXd1BHesFV8EtvRNnMAFS2BwT
2020-09-12T21:07:15.765706639Z 617 678J1YyiUlp8ItvxojMgTUyNf6YlWdeWYtRXrsgnIAiuzdlhfXvcsB4SaGSX
2020-09-12T21:07:15.806800987Z 618 hbFYFGUgBsQKRzIKRIioJnMePbG7vCYSSqfp3J1s0iCdzUIYV0SMpckHE44d
2020-09-12T21:07:15.847491866Z 619 VYymlu7ILDdwuButMNaOqNeUzQ8NhEOsJqeQa4PCJfbiqnU8DRyq4AeXpqFb
2020-09-12T21:07:15.889405805Z 620 8EY2KoPEOBi2SOwfSc29AsnXPAwoGbOhymwVsDQ8j3wjk97kZF4nCsYn7R3F
2020-09-12T21:07:15.931694959Z 621 5le0EruRDv9Q4OrqQGPZfYjlfI3E8K5aRpwCMmUCuCmruDjrXHXyDMiCd7as
2020-09-12T21:07:15.973119376Z 622 3YWnc8SepIiFFJnh9cHHd2LLl7DTddWbrwNKq6F6KnW8pCXdw7SbRRccCpbw
2020-09-12T21:07:16.014066874Z 623 cuod0oIQoZBpm7KY8f4WgoO9FNoGgIZ4oJUOiWGnfzNndWno7mzBUlhyQj8G
2020-09-12T21:07:16.055475825Z 624 bdf4kHX9Qrk9XnncafJITDQFY78m32B9XmLIXi0iVL8whgGlxD8ud7ndu0QF
2020-09-12T21:07:16.096505302Z 625 8cPpm0mb8bdAx24yy7Xhzi6ZUMljQPx10Z6waWueYsd97zt0tHKKSPN5qAGY
2020-09-12T21:07:16.137674865Z 626 cqT9AW4CatVihea2xofsgjrAkZKrW9Clm8B6xzCvY5pI5aTMuKbnulyZ7qWU
2020-09-12T21:07:16.179261643Z 627 UHeWwcUMEcrwg72SXlTI9im7xYTe7hqcEAHX4pzpAagcymW5xkvp4K76FpB1
2020-09-12T21:07:16.220476997Z 628 nEUxAYBKH5EpWpPPcQhzhipnSPw06O1h9scqAQHnWKTnk4P3N73yiBvmZGSp
2020-09-12T21:07:16.261981820Z 629 LMel1JvIIVxt3Uoexj11KCpw0rtES4c6ivDONElVlTCe3PYNUnRxES2gZ2hU
2020-09-12T21:07:16.304147675Z 630 TFbkHQWrLsxTKTyZCN14nCBKLCt0YVONY87asy3zAoXn4Ypbe0sekHNT4QxJ
2020-09-12T21:07:16.344879687Z 631 OdNlsKFfG17Kb1NDX157KFg0stJukxvjRK4gMqm2uVDcdUc533Q2lytq1uzL
2020-09-12T21:07:16.386093942Z 632 Waagz2JZvMHKFxmlY80HnpRuRTh40ha9OFwDdO1aeWJjtE8QI4ziqKjMlS2j
2020-09-12T21:07:16.427500092Z 633 H2Dr3yc5kuG6RFgFqKkXmQCydkc8O7bIV0msd6N2DUZdvGanKdDr6nQ3dpzm
2020-09-12T21:07:16.469326016Z 634 zDuKuAK6PpSNghdXsbLj3ri90uh29evKVlpbcEjCGpoyyMX11oEbxbDM6Z9L
2020-09-12T21:07:16.510521052Z 635 Khs2vkoAsKOLbUIuPv9cRVqLsvPENDD4zdvlNKfP9Rqirac7RUNZcyqVO7Mi
2020-09-12T21:07:16.551834741Z 636 sutUt76eglfD2fzKWPKK8DQ3fXUcJFDLa0orDX8HlKu4ZHyrm6Z5Aq0jtJm4
2020-09-12T21:07:16.592568841Z 637 fWpVSgSB93GKBV7G9Uk6GXBi5gbuCl68byFU0e131OKDuWNwMktJEjWgOo58
2020-09-12T21:07:16.633820179Z 638 dQCzq8XMGgoHh0vTFjQz3fqjQxANoIURzbs4ULPIpSnmypkVK7TZwRFqZoXg
2020-09-12T21:07:16.674992268Z 639 aniR23G4NclrMyMAbnP5V3jKr3gCKmMKHFm7qkOyxIjUj4ZlcCgirfRqMgWF
2020-09-12T21:07:16.715435418Z 640 r0OXId4OOM8BgT3VqhGnUuyqhUMY68aqDX6FAHk7vv5NlHReBFqE494ALIfd
2020-09-12T21:07:16.756585752Z 641 ZDBSGKWNJT7MfzymzrhoSMErZK9sBNMcZGNU4gRhEAn3sTpl5WzASt2WBalR
2020-09-12T21:07:16.797434606Z 642 XgM6WpKng51UnmXk2u2qnfMWvPZr9ObwyWf87d1hM4kePWpTtv8DMZJl3LMj
2020-09-12T21:07:16.838822827Z 643 LPWfpKRaxUDuQRLXcaRRO7PjrLzkgwccm6CmD1uBCu5xCrLqoEk9hJDIqwz6
2020-09-12T21:07:16.880101791Z 644 poAaadem5xuNTzuTOh56wInPxHt39VxzscugAnj0au3e7zfZoVjcqWgXix8Y
2020-09-12T21:07:16.922026693Z 645 pTAONiNWtMsNgSGGsjF2HqNndjtCMm837r0TFZJTU8lTTTYZJqdsOAu1yNwK
2020-09-12T21:07:16.962601132Z 646 3Gy9YJSdXOVM8UTFnq7Iqqy3aCPyZAO6fPFIBu6sdWR6AqwRBS0XsMYa2r12
2020-09-12T21:07:17.004178911Z 647 Q4ZWud7QOSAcqd1DWRXVutL6wI41ijK72oisyhHQ8hluXfv1lehENwK0qdWw
2020-09-12T21:07:17.046258123Z 648 ODGARPUG97IgQZPLqd46kCwVC3hflCcaR7CGCbwVHipTUREnYUMK26w6zMtS
2020-09-12T21:07:17.088244131Z 649 oxfwAF21vZvkmx1M67PdJyFaqLoGF6eYZFbkg8QXJHpkZkhALSiWJmSicBpu
2020-09-12T21:07:17.130156938Z 650 fXTMbldi2toIF3BQ9Ik0XmKOMyuKdewBlNCkwmgXjozHlebIvaD1Hn1HxIcc
2020-09-12T21:07:17.171072394Z 651 hhNKxv5FYS8el3lvB5l3WwLAPEU3yF9n1DPZbNsAvO6WXPFMm9FvNBmdkpCI
2020-09-12T21:07:17.212579001Z 652 8mLAWhe0vFMWZAELWsKrYb5MOPVB3CuiFDEf9AkITxSdgC5YOSTm0PPQwoQu
2020-09-12T21:07:17.253794899Z 653 LWIU5ntfjte9HEUuIHikSwLS1Ilw0otigqvHZoUYG9LClw4ZAyhuvKh29s9X
2020-09-12T21:07:17.295835807Z 654 VuUhd4jZRUuJOGqCFdY0uBwJX06PpbVfEpiaovv9pTXXF9tohm8PmAAQ2v2R
2020-09-12T21:07:17.337467295Z 655 NDaWD7Sy3H2ZwpSUOeLntOwbIDdtwN19tq2xZhB3fzY7cZesCld9LzJQM4QR
2020-09-12T21:07:17.378483012Z 656 F6LRPrxub9utdIgGduG7OehmOPZUjAmOE1uQMnxZXR5XK5h80rqbYpCZSOYX
2020-09-12T21:07:17.420344291Z 657 T3NMAi2tsUy9QanLlIfaqYILzWvLs4UhXLFElGM4m03NwyhJcJPf80kA7lJZ
2020-09-12T21:07:17.460394727Z 658 luYAWaj6l38CB5oPAFaBiLXdtoW2td7xnhnOfFaQLXsAFegZszMOY1jNjC84
2020-09-12T21:07:17.501635923Z 659 hBrGsUooClPXGecUq7ls59NlCflJydHsgOs1Z7ivv9jWbMzfhULeEjaLHmK1
2020-09-12T21:07:17.542603506Z 660 myw2eCgoAYPID537Uu8oUNSeh0TwrVUAcEX4DhlELPa1YIhPn62SniCmd5K4
2020-09-12T21:07:17.584156784Z 661 gMSGwSjgsxy317VqiDldBd01c5CbL77xFyGFieFMUN9ckwIKcgVPp4JWOvif
2020-09-12T21:07:17.626246538Z 662 MIu5pWvOG5fSgkkjdDtMxqPGiPMYnM065aYVow384rN72h0YC0TICizaKLPx
2020-09-12T21:07:17.667321314Z 663 SyopU09lBmYWOID7JRpyICcAmzojSMcNHEVb4pLhpLFLahj9BTOB6F8Wl6Qj
2020-09-12T21:07:17.708785731Z 664 IgJ9lrYThlcoE8Garn2DrAjyutSi92ehGlQlJEU5njS4LheZy1yiXI6XMnmx
2020-09-12T21:07:17.750111443Z 665 05eUbfFMxnySrJINbb4Gv1kmJsQ25D2m6PpGVZmW66PHn9MoVttziIX7c4YA
2020-09-12T21:07:17.790680935Z 666 mSKUqEzBVgBvcfuPKwuwfs2hAvxuDhdCL4nTZBnLRoenV7HRuGqtv4zcX7L8
2020-09-12T21:07:17.831756550Z 667 ucrEx3QRBv5HTb5iXJGoNMOvMfSE0wGRf6jlmQ15gVYQh926quijMfnKfTQH
2020-09-12T21:07:17.873030414Z 668 OmKtFp8uKnjkw1ruxiitioqi94Y80eSv9VOuQoxFOhbEXDBsFZKA4K3LGxqO
2020-09-12T21:07:17.915109742Z 669 Kqhu50Uhn4Ywn0HNsyZA7pdbSHMH2diDtHdwsGuzuiYrxSfKMWVhdxMr64HV
2020-09-12T21:07:17.956989399Z 670 Noy7do0KjsOILrdPE1hmHOfJYowlGIXK6OtMifFmF2qeDwfDh23iRTFckZpu
2020-09-12T21:07:17.999079639Z 671 btqhcMoW4iu59pF5LgizTQFYXpFHvkQqLLhdul76DzSuZaZayD8eK0OIrUpf
2020-09-12T21:07:18.040320103Z 672 a4ybkySGvYTVQT9vRKAuHV00EPcyPTg9oEMONnPDxRur5lNZYswGDtoaV61s
2020-09-12T21:07:18.082726172Z 673 QvC7pCIjVNuTLkgKhL2wn1l4WOXbKPkKqGOTKIDz1xyOJYbqFs0f20Bqt7CI
2020-09-12T21:07:18.123316856Z 674 z1ewUP3Qr6jXrwGNN3gc3SyYe5nPQwCi33nkpOjCy8RcPzP0zZavpyjNS1Jy
2020-09-12T21:07:18.165134072Z 675 I4keT36Bro2VS8RAfjwDUULiIMwBuvYHuB0xXOHebhNsvDaCEBjOESuv0pnt
2020-09-12T21:07:18.205530072Z 676 RLAVe0wWhTw8qUMe6jKmPXfwR3IIn7EvLJbKPgbHheJpHFtUgI3gyDNtxRjj
2020-09-12T21:07:18.246740956Z 677 LRQs9EDhgKd64oo15WfogpjfkCYRUFFBEKh2ye174aB0apaPugHe3k6LRp89
2020-09-12T21:07:18.288076066Z 678 hGYY14P45a4xpPLRBisK8pAMl0eNV0essEUSEA5CnOHNWnCUXU7qkuPM3rYd
2020-09-12T21:07:18.329998457Z 679 OwJeZ4evn3AjH5RQublRgnH4sall9Q9NSxQpVnlE3ojNuMA2xScT0VxWyfMn
2020-09-12T21:07:18.370556617Z 680 MGJBxNYFQmhWtDyDP1PluR84SHwzmv31wJzhsrRK1iccR7J40Eau5htqJgXs
2020-09-12T21:07:18.411335628Z 681 8Y8rorBJmVV3tWOLBG6blIKWO48SmMUWQvbWxyKVf7diPQ037nzU9Stvh10M
2020-09-12T21:07:18.453265755Z 682 W1MxdwkTNOfqXPXOHh2jnQKlbaNC8ANMPC9tTGde3h0hG0VyRuOhIUXgJqJT
2020-09-12T21:07:18.493753080Z 683 nqQDSTE8lj0SV57PS4CIK8vRTJEb4xWRDoarIHIL1NCT9bAiY1ljw2Tc6L5w
2020-09-12T21:07:18.534617180Z 684 fQ22wak6nSW0pzjvEaSIFtRqAYm6ZpZvZNpO8BdvE6cIiFEOLEu6A0IFAsBX
2020-09-12T21:07:18.576416183Z 685 j2kolbXGjI5VxAZDUsgrdG02VvvgdgTfPRq6i4RHzs7urDPxEn3OHVjeadVX
2020-09-12T21:07:18.617929419Z 686 VEpxcPHSFkQTOvYkegEu0QWVsSYuF0WPMnicTvx4MMpgoZgVjGlkBlUD0dHS
2020-09-12T21:07:18.658954863Z 687 BNNJkfQbxgTqO92TKrvi8HV2vXW98Zh1IDU9tpRtNrF9VyDBsBzPBnvpg5Wc
2020-09-12T21:07:18.700470492Z 688 wzAWc7EfVYFmoMGEOF1uAePMYxy2F5eGjUP3DnvpWqpIKiuiCZjt5ROSgSB6
2020-09-12T21:07:18.742087971Z 689 3gtO6bXXWMC2wAEDuDdrcZPTVPlKVdpHC5KSGEjWh8KzutqPP3uvdfnWbcHh
2020-09-12T21:07:18.783591769Z 690 2ZVo4KBSqRYMiQ8M4VIs44j2YvYf7cJd2hgFVUl10h8maiQbSetyAiKnTGMv
2020-09-12T21:07:18.824924324Z 691 xm8uds7W6o3Qb5S72LjJcVfjNh5thAg0D1vys6OhMNaeOpSmGxFbEfrou2aM
2020-09-12T21:07:18.866973192Z 692 v9X4G3cofhBCEc9j9a39BxmQjWeFiPjZdENOCJHKvGnJP2tJfc1JWNRtePrD
2020-09-12T21:07:18.907453840Z 693 AdZbhBtJC0EdeNA0i9I3xyxDyYJk7G81dtP3ktYHjFxABoTA2b4x9twW6bvg
2020-09-12T21:07:18.948689973Z 694 Sic8yjrHHpVRCftKU7K9wblkvwAEkQuPQOliHW4GlRmyNWzpvDDtcnfQDt32
2020-09-12T21:07:18.989559780Z 695 NRy1gHjKDhy6NC2rV4O24EHyk67CDi6FL7C30xTqI8P92QnBJF8RIOQlpV50
2020-09-12T21:07:19.030976853Z 696 uNwHie1K41qCteRqbUsJKkuCUu7ZNWmGllvY2WvSO0Vjco21Bhfbz5XYMo2Z
2020-09-12T21:07:19.071636886Z 697 l2dzqCEjc3qY2QJMH1JrsbGmVQZUW7vELhM1rdFsiGKH4A1RsnL8e6ptIUlY
2020-09-12T21:07:19.113003991Z 698 eTpxx8pJI8jQDj26PRpyr6FYHq8h8Vb3kjkj0NJr8hAsUDejk5ePARk7xoaS
2020-09-12T21:07:19.153924458Z 699 RigBuRaMGx9sDQiGsS1obxLh50JOaJXQORgRUoFmiAi39NLOmVnbJCjBToF8
2020-09-12T21:07:19.195120252Z 700 SMndrYwk7OjHfuB0N7dZZlR1sbtTFAIXPGBczCbk4Q6yCtApCowlWu3iAMxl
2020-09-12T21:07:19.237122122Z 701 yEDRU7qVnoINAI0lgT9AL63SjMgaikUWhyykExbOa8bKyG3FHsMnbgrxvHfm
2020-09-12T21:07:19.278416623Z 702 E05JQoY7orj9qZE0FAn1eT7otLzAn08PxiiyQxWRypJWiSU7ogunNknKRTfB
2020-09-12T21:07:19.319989722Z 703 SJWmYgEgJdo7NXAZwVgIJuybHjcascwY5gvYqCK3ebTnBgavUf2XKshfYo8A
2020-09-12T21:07:19.360802091Z 704 TYRxWzOBJL5Oo2mnzwR8TbN1vmKj8rrWY9t22qfG7c3Mz8yvPh6LDZpppcRe
2020-09-12T21:07:19.401990344Z 705 YQnP3fXSZVb6KfQO96BmAEev0OwVyIbkCNoJnGywuJnqfnfvqy93kJyo7DmN
2020-09-12T21:07:19.443374349Z 706 TZuXdfZCyIxgJmMJkz8UCxcJ4sff9iy2shszoB1jF5RVecuiCrqNRbaIaUf2
2020-09-12T21:07:19.483646594Z 707 4LPKi3Yqna6xQkLYMnC7uTYnP1WR8uszuR2fSUq3NBAYB5bk5Qf3qeqrnu2P
2020-09-12T21:07:19.524904063Z 708 ZG7vSVVm8aQz2XgjJqVanAScHybF5BegmCZut6ylJFelFvsgKXwrSCx5vcOs
2020-09-12T21:07:19.566303049Z 709 bM9xNAbDEpmdX0uD6ZzBrngu9g4npLnSCDCZ5XTusImxm0T0FwUUCVxy1uyl
2020-09-12T21:07:19.607793798Z 710 FAFRtG2vWgojQR3FWkXX8zy8TC9UYU4ixTYTIW0rsT9tpOC8f50HH3bRykqX
2020-09-12T21:07:19.649220867Z 711 9efEb3dozgfRGyAh3JkCMH8qdpx29PM9P1ZuJI7173X2OsnNdBqn0vESuwjk
2020-09-12T21:07:19.689414000Z 712 FMttlaIEsPMTW3CnmHBuZMQRRttnXp4EMIeATWGIHafFOw49SXeqivFMzhvt
2020-09-12T21:07:19.730870381Z 713 lSak71711kNzKAzqNutzeYfVkjPir7RamLFRuXdd28es8OyDcr5Zdp67llZG
2020-09-12T21:07:19.771937508Z 714 knxiynrqMJeB5koa7lY73XJ9JD75gy6I12CgIgZCnUTfAU0EXz6te83QxUAE
2020-09-12T21:07:19.813331116Z 715 lhXzD0F09sWx0bemDczZWpExAQQCU8KKr1yirjiZkJGLJ1Ik1pgaa4PbksSJ
2020-09-12T21:07:19.854773006Z 716 eoxQrtZGAtch36sEvYPCccedyyuvxFsq8fUJc83N6d24aaq07bBENsR8k6lU
2020-09-12T21:07:19.895888459Z 717 sleLNAnGsS1cuPDk1URc70pkXVqMYHhOwzGbd4y4HNFaB7MZBRxxcESnMdnY
2020-09-12T21:07:19.936783907Z 718 cPgocIGJqS8V2XTX0g9m4JfWiojFdcHoEolHGYSqQ9kX9mkN31JwrHDaHx17
2020-09-12T21:07:19.977563605Z 719 JWRNC2nVS8SQwkkvrRAnKFubKfoxPTye3yWHzUIgpEZI8if2Ab9kh7oFbgvW
2020-09-12T21:07:20.018761597Z 720 cdwfsqJ2PIL1VjsTFxVb8ZSsVyG12vPQw0i97x6CyegGnVGWDqRMiUEP8mro
2020-09-12T21:07:20.059734887Z 721 Pm1337fCN05Onhn9elUEZLh6kgS9jvpeA3PO72rTWDeTdkcLt8D1dSXVqm5T
2020-09-12T21:07:20.100605204Z 722 UpfPevGvO3PZ6RBLIa8J28XRcXpCUSY0bERrQNukaDWCznVuDSKoBXZmBYQJ
2020-09-12T21:07:20.141962255Z 723 q66c3WmzfxDD3Dned6hVaep6yvH9d8rWRfdabPQKuGpHGOVn0JCN1Y4Nmi8S
2020-09-12T21:07:20.183443454Z 724 0dW2z4OPmWZMs64X39guNxytUiDl55wYNwLJJ6ppNjPdXFCOjODPANjgZl5i
2020-09-12T21:07:20.224781273Z 725 yGLBBU18HxsXsCRFcIgK8qHVm7LZPM93hOSCB1mYXyPyxHlqKmPvZ2ohYzin
2020-09-12T21:07:20.265984610Z 726 X4lWnisf0y8BpPafGAoq0eFRX8OJMhumV9cDVM4YA91UuF5JEUbXGJfWrlQb
2020-09-12T21:07:20.307291441Z 727 LmfqbH0o1qeH49D1Yb69R3GlOWOAymKUllSYGIhIgH7cNFSEerPPCBgXbrzK
2020-09-12T21:07:20.350283265Z 728 mIqVAAcqIbB4DdfUC0qtYEjdDHYtrE5WSVIyUdQUVv6Qfi9Yb9IlnwEtE9cp
2020-09-12T21:07:20.390371435Z 729 mySRbZPgAwrZWLqkmH4jlQRaQBJZQyXUvFcTibssWn4SJhCKOFcrgDqMeN1h
2020-09-12T21:07:20.431819564Z 730 XKvn4fPut38uKFXwXC97fBTf2Fqbf8tGNNScHnQRZeetTpXjDB6a4ijkR7QW
2020-09-12T21:07:20.473049134Z 731 BxaAhpt6vReyH0ZHz5Ik6alZQKFDgUSMwtXq2bhBy5S6aKXzSwiY3MExKmqA
2020-09-12T21:07:20.514291518Z 732 idSuHjvnVEYiqmg5ZJmevq0I4uAJ4l6CSc2oz8d4z5eU3VuZSGz4ZvfWGjHB
2020-09-12T21:07:20.555889425Z 733 RIegqfe6tSfV6inDFSgzRf56I1Rurnc1uNhcHGsw0M4raDsPShb9EWDSn9xE
2020-09-12T21:07:20.597151802Z 734 hxb8GriOqoUx3jdlna4rIVk2vUOL0G7RrHqn3vlnfbAuUm8tV6bJNCxYQac7
2020-09-12T21:07:20.639167366Z 735 JTegPOG05eA2pTtFJmI7JGEEdAUpD1Vnu1tRD3xJqve2UCw7HmaQ8Z2Rf0lh
2020-09-12T21:07:20.680498481Z 736 xRgj2cX1EC01p7NvifyQUvwRVOfAYl5JM3Pd85SMcQYGYPL57UiNst7kVg0v
2020-09-12T21:07:20.723250459Z 737 m0LnuuMX2O2yJkd4oCn8ouJn2D3qXNgOf9oxY1EpvHHe3Ew8gmG4gWZFcPGd
2020-09-12T21:07:20.765091823Z 738 Jw3RvcITp56sYYKw7JBwGu2Ddr3gbLlyvH0QZr3ofjCeFbwJF0OLPD0LsJzy
2020-09-12T21:07:20.806890602Z 739 K51cEhnPoDUPuORtz84HYVIiMoFzYilgEWq7U2ObB7UfWLLhBNaT9iA3RvgV
2020-09-12T21:07:20.848170212Z 740 XLDJLKkigsErJReOzFTIdkJmvGtBhjCIlr1HjgOqMFb1UDP0IY9QMbxw7OEn
2020-09-12T21:07:20.890332891Z 741 RN0iTtFMYoSmDzrF6DMzH0uX9BXvI0THp5dMekDqYIiUdp9U9PHaRUuJPmhE
2020-09-12T21:07:20.930441402Z 742 smKYTjiV2uU6kg3PeNRBybeG3SXI0USN3oBmR8S95yEriclqPX4JGh4kOeZm
2020-09-12T21:07:20.972095662Z 743 ssu4Qi2vOY7FBubsZT0yJ1kzEIV84d63QLEGTxnfCj1nXAKyUpXL4C6IaLbx
2020-09-12T21:07:21.013544213Z 744 XYlQ6UvR4fcQUazjYekikp4VSVZkEqGsQ0k1KnhnUeke3wmjAuOcut1uLmIJ
2020-09-12T21:07:21.055323396Z 745 KE1cRCBAyIuvTkAwwxd8nA4vDUgrXXjMZV9lsv4t8f23n1a8EHlR9YcFs1fO
2020-09-12T21:07:21.097579605Z 746 DmChWjpfIjPvd0bYetr6dXXvuuKL7KUDcIVLDx0ZqtLx9qhlDK4U1WlhxrN0
2020-09-12T21:07:21.138222656Z 747 ZhmIorly7HAzbSopYFbuUEXD5Cjc18X6eItD6OfyURj0WRGpxBioqeK9S8vl
2020-09-12T21:07:21.179876616Z 748 g68xaNsqaPBKDvoWjuY9QjnydFqe2DBm0n81FluJbOpFIA1UKm55fBZoCkqP
2020-09-12T21:07:21.220724838Z 749 Apfaf4NLvV7ukcVlzN8SW1GwtRKwANRlrLRFXYbuf15LwHj3vLdwnHW8yShD
2020-09-12T21:07:21.261548406Z 750 6FClgzDdwkMJDrUq3To5mPOHwZBNPZ0BZShibo81jaj3Ok37KoIZVqfXxri2
2020-09-12T21:07:21.303366212Z 751 4fYJtdC4vsesQRQQQ79s4KVgVovHYcuJ0XAx59XDXfSFZi5NXkpKBVDmBdjs
2020-09-12T21:07:21.344919692Z 752 aL2qymAEublbttchRteEILBWOzHrCLbPBshgUUvUSlUYuv10zPOy3IVliHOV
2020-09-12T21:07:21.386110394Z 753 kWkXsyL4tgwoo8bzAGw0OMhP8EQnYH65hnmq4c4pw03XnqxWkxOuW7KTzJ2y
2020-09-12T21:07:21.427287646Z 754 G6My2y5qYCfxkPJJ2wx7ETLDdWAkjkcfT7d59XZ3MzntuYOeA43poM8i9N2S
2020-09-12T21:07:21.467956788Z 755 AanKkiUZJ6YtPi0k8kJ6KHNzIZNytAs2KQKw0Sr5R3ZPHfBkcfldWMsG7glX
2020-09-12T21:07:21.509340872Z 756 JexmX2jS4LUIa696oW3KGwayjqsSDsvE2lFc1eYvnOENUBeWg45e67s5NV9T
2020-09-12T21:07:21.550530130Z 757 waFHYagfyCXvCFcZdBWzSQLIXBaWqGTJXKvMPy99F5Z2n5YDCIVpmcZdnZxH
2020-09-12T21:07:21.591675494Z 758 Gyn33NNiGhhnm7jK7i50ZSHEb6oehAjg20koHa1qtWo1iaFqIJLlJRVj9Il3
2020-09-12T21:07:21.632551557Z 759 PZzZySOAJGojWWVxoQ7hKuIrGPtDhaW7N4anpcfBBxGldK1mIWNAcGN5zzip
2020-09-12T21:07:21.673785069Z 760 f2bzWOdjrd67IiE9kSEWcBQxrPct1fxg3z0iRcMW4dpvTLfLVBdlDUx5kCxZ
2020-09-12T21:07:21.715323006Z 761 mHZmGDGgczlmwhra3Vc2feamXmfezT45nLLJrtLAPPyqsdykOxrtQSxk63qi
2020-09-12T21:07:21.756800875Z 762 5tDHrAb20ddmzrXu0TEE0jkbzC7VDpIT7R9eR2a790gdCCTzAF5UQ4DhDpef
2020-09-12T21:07:21.798232508Z 763 wXAMQiCvbsX9a4su4bVSr0rUk1Q0y847ZQoJhEgCh5I5bu0ycTEUe1k1yC2Q
2020-09-12T21:07:21.838760782Z 764 HfOhZ3D2K9zlj6nHbXBdub7ZqK8XtlPcCbLTWpbX49OeBE75d9SedcrsCO0D
2020-09-12T21:07:21.881747977Z 765 UmwyPR4rPjTStRN4S7JRPIExvooFLUUac9J99RrkxPYFQ8NLI26qBjG14X1p
2020-09-12T21:07:21.923394443Z 766 2QHAX8lKsObI4szKixg8W9bSDNR2zqLIrMg344mkajxllqcEmTGC9cE40ubj
2020-09-12T21:07:21.964507130Z 767 RgdqbVLNG4XKIPoZcKpdxGbpY6cjleeSTUmYWDHowptvJTFqOwTHcjENMup1
2020-09-12T21:07:22.006300310Z 768 8K8wn3aX1JOD6Yh7fEl4k0c19Sv8mbmRaw1T4krVOsIoKCrOR2421gNvsRxD
2020-09-12T21:07:22.046725585Z 769 8d4eesysDH9bNVJl2EGB92xdYx2qYMjDuO8QKKQBUDF6tYFVkTExO1IJPEdN
2020-09-12T21:07:22.087773140Z 770 4layXd8kbPgG0vwFtQwI9907PYz22LYmuVbVXJNr4P2wI1N5vEFmotjwgSdS
2020-09-12T21:07:22.128668541Z 771 8NvQwT5syfI44156T1pXTP18f7HFLoWwXtnnXpAJmcnhEEJYcOFzyyERtPYs
2020-09-12T21:07:22.170078038Z 772 K3CeDD3h2b48dVzOKKePnYH3QPEqvL1vW4V5kmtABd7ZtlxHIE2bFCPdgREs
2020-09-12T21:07:22.211715159Z 773 2aqevoQ22sUWz87JiCP7v6Gze4oXRmZ5ra9gRqnNEojHgYgGWq4Tz742RVD2
2020-09-12T21:07:22.252465604Z 774 4bo8m80BdnRL9FRSfGNnfFVKU9mNYzdehHpI4yZ6FZRQvFSQmossJBmTYZP9
2020-09-12T21:07:22.294118925Z 775 h689OLCLCifnXv6yLMjvQ6IfI3oNLABJ67v3PWSDNSMmvBnBMd4WLhqGOpNg
2020-09-12T21:07:22.334741988Z 776 2OXoDlabo5NSbQbt2QZfry3VcDuXlyLLcDLTQUaZ4HIdWYGGwAMNfZ2TQSzB
2020-09-12T21:07:22.376067375Z 777 zA8YSCRQJPfxSqJIt7QeDVG3389fd4D830bAIDAWijlPJj7ujgRmFwlmAUm1
2020-09-12T21:07:22.417661580Z 778 uXbEy4d0px0SEfzthe6PfuEgyiEvRbU2TUt4fJW4GjZ1gGtIiXwthfvgOSxz
2020-09-12T21:07:22.459051866Z 779 086o0YrrAxydYAZZwuXQ6CHCtgkHjfOoHrEt6fyDcukAcQObiK5aIqsHlr95
2020-09-12T21:07:22.500554033Z 780 xNSzrhfqmdcqbs5CZ788aDBfchNqwe9uYb7v9xeiXnaPOXiV3Ra5fMh2w3fo
2020-09-12T21:07:22.542278414Z 781 QIFvvmQPOhv4BbXz61BPKOnPMmPj3sENZxds8ttKAh7WTMahqFvS6pIXkfb1
2020-09-12T21:07:22.583375171Z 782 ppFu6zEXJIlBIt6RfTGlnxOJ5dzVkHmkISNLid01vjcQflUxF307HVlQ8rE0
2020-09-12T21:07:22.625156766Z 783 DKmS84vndQtIKkh7HsE2MlZVWOyvUdUfKQlChKraGZ1WM2h8cE0GyExhCShp
2020-09-12T21:07:22.667451743Z 784 uhIB5s4ia1IwISp5hTGmnS0uAZEyLpevymM76u2AnTuElaDCUa1viYPEftsa
2020-09-12T21:07:22.708482400Z 785 zsbaBQ6uqNsC9mqqSjyC7lyg2sHMlt8UfG4GPSkRhbsWftNp0returUVnhCb
2020-09-12T21:07:22.750408236Z 786 TWL9YFUx4FQfzDnInd8PX06HKPaHCrbwvUEOIqygkFs8smRceRd0CmeQHrA5
2020-09-12T21:07:22.792215456Z 787 YeP9tgkr8Q1j2quvKzef0j1m6UG2SIqsJnmDkO8bEUJkKr3Dqe8oPxxYn2vO
2020-09-12T21:07:22.832826279Z 788 w6RLpxGwDRhrXfMNKocT2RqhowOnXodcrpifJO9m6vndXIzaNU9hdUBUhcMG
2020-09-12T21:07:22.874108886Z 789 NIU04jnLv6P6srorYXqHiS7lW0bxG0djW6Y2yfd1kjikamTdEuk7gwqdhCow
2020-09-12T21:07:22.916271590Z 790 xA9A96Rvnm3bSkO9R4sr6REw6UxVVJ0m7L0FcJNsOlMn8rBPaat2XYeTW8gp
2020-09-12T21:07:22.958311606Z 791 DARuDmEarzpTvFqPH4ysUCMphLMcFROA9q3rM6aCnIIDkHCqzFxLWryOsffb
2020-09-12T21:07:22.998908453Z 792 AKvKcoPZRleuaqlLwieV901GGcjOo20dQIg8XPpH8OsaZc0EsnEOiBtfYrUt
2020-09-12T21:07:23.040299522Z 793 S5k1D23Ae2jRMLRGkBOG2GuVW7AfH0zo8ShlO149vauX04RDNYQJqVGj9ON8
2020-09-12T21:07:23.082737024Z 794 DSTqRfbGc9iX6sp7ehwJFH0uNCDuibnIo2TBMUnn8U0Tsu7Gz1LBhBHfjTxA
2020-09-12T21:07:23.124357802Z 795 EqDj3nD7yPOUn6lGBphVMcwRXOUmLINyJMOAvj6lXbS6JRKFTiXqP28XNxfc
2020-09-12T21:07:23.164886583Z 796 PL1MO87dRZLNbapCqd0QSTm9oeOWZosSxKaUoJ3bKYBjjbd6iF6us41JaWOl
2020-09-12T21:07:23.205622910Z 797 LtN7YdUAZBHj2ZWsss0GDJbVWchklusvSDhJdX7XXugIVecOFCFRr94FunEj
2020-09-12T21:07:23.246863926Z 798 vnSBDqhc3lMpZPPtOOE1TFjsxsF8GQ0RrtqGDioN8BAVDaCaYEgtigzXTeW5
2020-09-12T21:07:23.287782861Z 799 WyRQkw8vIG7Vs2bas9zt1T7j9rGRvV4poEO14kGgqa7nDyqeBCtnvjY9jzCE
2020-09-12T21:07:23.328864392Z 800 32zyZyrSP6bgkeZYHnc6AYZIpBWJc3RopUjBOac0aw8tO4aUwPpDf1ihBPoK
2020-09-12T21:07:23.370371477Z 801 2TzM6JJleoMBejUZYOpsPP7W7pjz8rTkat4nzVtaB81Ops4HZlaNUc0uHqmA
2020-09-12T21:07:23.411472984Z 802 qZCMkUgmmrEjoi9aWmVujRuQGK257OMZXzekjqiFqpuLOyJ9PIrdPaAiuH2d
2020-09-12T21:07:23.452882456Z 803 wUW8gXXWpJk2MuJbeD685Qr5QS2peNNNRuEVhpISbpmMjn3YU8pkSCTFKr29
2020-09-12T21:07:23.493856251Z 804 Mg21eXuD2BprIRDtumtyXwdxJQs3BRf1uRDX40DHCgdSsx0txyDZBexF1Aqd
2020-09-12T21:07:23.534645428Z 805 gXllsBzB8f1dYlNWZgKYSDgFd6T1UvAvrvWunese6hGtao805CE6hlc7Opsw
2020-09-12T21:07:23.576105740Z 806 MsONaMrlnteItO6CXfW298HN4lmWxSmcUdMy8RanvpPFviMmDLQ24jet0wdo
2020-09-12T21:07:23.618652785Z 807 2UF2356UkD6TDKo9ysqATwcyUQ0WgmzPZ5Ae7tqYbFHLz8Ff6QgIH75iqP0q
2020-09-12T21:07:23.660331211Z 808 cforawmkqMIzs7OVXfRkCilMTYtRHXtihaynwje049tnvMJz1gDWU9OKo9MO
2020-09-12T21:07:23.701210075Z 809 mzUyIyciux16t7gkN7U7Aw3lwOgakQ6AgaEdxJ7t1HifIYYg8a0Yng60PCZw
2020-09-12T21:07:23.741424288Z 810 G27ugmx203J0ikXm9VIlffiysawfmqFZX2aTAudOd0Ndeq4ncPFEtZIUAw8G
2020-09-12T21:07:23.782990588Z 811 mVTuySZJFrpEHguXSCdXWeoYGtra4l5MuNHIJnyTWWwl3QgeJktfRriVBIwy
2020-09-12T21:07:23.824238741Z 812 Yg2LoZ5kk2hiM5QawFl9gj3wOfhrJAF199s0cv31EehhmfxSlQ63WR3DMd2e
2020-09-12T21:07:23.866230277Z 813 Ox4xU28x2GTK3QQ6M5zCCg6miyooyqZJHc7iTKXPFnrIzgGLgiGSSLQfiSAt
2020-09-12T21:07:23.907127804Z 814 QvCfCCrZdQEmfFn1fdMo8O66Ur1prT4j6hO0TO3K35Xb7W60nKRiY2gD8SM5
2020-09-12T21:07:23.948096485Z 815 L9iwoM46CDvzm7qw1F3coCo5rI8ypKVOi4GOrKMvbbpWTZAXDVCusZDaJGWO
2020-09-12T21:07:23.989574119Z 816 HwMwlFiRF5oB6SbaxkU9f3iXzrPsrdcYTyVpUdmtSl8p5p5yL8Dkuefa9m1l
2020-09-12T21:07:24.031397374Z 817 WYevQaL85av9nWBQcu5xc8YHZYo3txKamUzvl3sPCDrnbX7bz2HDK1tKKFT0
2020-09-12T21:07:24.073047748Z 818 uRkCcGFsiRpeLDZEV2yIJZ3MWMYJblEpMgiAKyqOzMb2deqjyekP6ik3uDrV
2020-09-12T21:07:24.114510216Z 819 4MjqCkeh1WTsVTt2lVns8EaWvEdBLubEAJLWQVQG1xs3tL8oW72LGViS7xeq
2020-09-12T21:07:24.155987414Z 820 dCWjf0J7HQ7ImO190k7yqr9eTWaXmqpXUcNe5O3qWZf8U3N5IJSQ49I5zgZH
2020-09-12T21:07:24.197289755Z 821 znYtCZplHacwMkUaPm4d6NMycHfqO8NNsI9iqbFyCiel4yIQPhjyJGzwTf5y
2020-09-12T21:07:24.238957009Z 822 stpJZsqaTgn9AIm8eMNwmXPudabJOfzGkAKVftQwlGMp42YIH4AsKSEc8Kfw
2020-09-12T21:07:24.280058100Z 823 grjDBa7Ttjq7kkX8lgOreFf8ZZvXiffrDzMbzcprH268y2efVfbwqWD7NIL0
2020-09-12T21:07:24.321663963Z 824 pAeVSA0qbQXBdyESz5PJXdquPbQ0wd6iMoKXSdJ0lg44XGTifBbEkcwfa05a
2020-09-12T21:07:24.362725023Z 825 xLvmY4Fjkser531CMRusMBg1tQQyBKFgcYTSXaa4ct2ifgvn82bQ7RLBQyJh
2020-09-12T21:07:24.403942122Z 826 Ovy9z19nskVSDOphGdLDG996JVrOso1WCXlZMqYHrGhIsGzfUFUsT1b5bShp
2020-09-12T21:07:24.444922138Z 827 aPuMuw7918VwwIzAha3nwSRXDfTK6kCuOky1Xdg8xqmhqif7wsJY2l7uFIXB
2020-09-12T21:07:24.485483131Z 828 L1xtNQEZrvlPgo3bfZOPiLxNoyjr7bXPIUbblxPvSOGP9fy4w8S5kU951c12
2020-09-12T21:07:24.526857847Z 829 89qiKV68wEAFDY0Kq9ijuHEKuhCLeSJb662XfYyMnrcxHaoCDzWz6lQWaIwW
2020-09-12T21:07:24.568364857Z 830 2PYymQBxVgBkiTOzO8dZ1WXwBOgJXw9JftKSZm2dRU29kvlFZcnmNt755DEM
2020-09-12T21:07:24.609069563Z 831 SCddENcbIN6mDAbYBsaDo05jd0O5TSH2DzB2goSthZKhf71yLTtb6Q33s2nE
2020-09-12T21:07:24.650169100Z 832 gTcyWi2tBy7xoMI86O3YVlTnVazduqpxNPz9jXSfKZmJMLW3j70l8sTnNUHx
2020-09-12T21:07:24.691970565Z 833 YgzBlV7ws2CDqOeUtbJBeBSorMMaMauqO9fx3XOE2iqzERz4yoc03qGdaXOM
2020-09-12T21:07:24.734016864Z 834 PTwMS49GJrsCsOlU51Zp9QRP1QQaQ0hmWCQ4JtH0xlK0GNt6uvIyGIFpMFGY
2020-09-12T21:07:24.774916350Z 835 wljfRK8GjvvDv9DVGQ22lJn5QhAmsoJYxMTLOBBQOnwnFnUD1J5CR0b7TOe5
2020-09-12T21:07:24.815791426Z 836 6TVirp09Zi93FrzoeCmT8WCckJ2J6Fm2L0qBUWw1SAer19xRQRppEWcqYZsp
2020-09-12T21:07:24.856942926Z 837 fgfzKdQPUx1NOQZoZnGPmIyYxqbj6Q6vrXvCpJAWqMUryDVNDI7Dsmm49NBc
2020-09-12T21:07:24.898148523Z 838 X7LYGpwv9U0YIcOf0MzxslPYSnAfTriR2Yk3jBmeX1sLupbvHrhD7tSDBPLS
2020-09-12T21:07:24.940010134Z 839 HdKUsg0gdTwwndGEJn9HGzCQVfa27XKh3Pio8VdFKSfVV38K6YKutrMkdbpq
2020-09-12T21:07:24.981820901Z 840 idDXrF8Br7CMKOVhvZGvB2PLBfamg8EWHx59Z8lGbSLO41cF9kK4ZhEyjqIm
2020-09-12T21:07:25.023537258Z 841 DHiBR7hab527n6Bct50MOJ7NRhs8606oPWPYmRawKXPKByBLXfo8YhAyuYCX
2020-09-12T21:07:25.063604656Z 842 DpPjUQPc1kUsddgKgRdbaqAw3tM2kYL7XeCP9uwnU383VzQAYY83953PpOnN
2020-09-12T21:07:25.105074753Z 843 C5BlK67t4Xx574bsWwh678TnJuFzxflp90JPk2F1i6vLca2ZNsDkD7Fy7rZ8
2020-09-12T21:07:25.146283943Z 844 WrNFIeCy4w1dFifWBouwKg6RbtMqGSs0uFzm4hA1keT1B6daWvj1kD0OX4DN
2020-09-12T21:07:25.188368241Z 845 i9vdgKtUHOA2xo5k7teI0VtTr3jvNlfIraB8j15qZhDOLWXQWg89QnXln6LG
2020-09-12T21:07:25.229849056Z 846 zTywWmz6K1kCuY1gNE2vgrMw0OLz3SMQSrBP2dUQkQYl0eEf5p2BTjZLjK2c
2020-09-12T21:07:25.272206308Z 847 TeiqbIE7yoPxzh47U7LMcXjJcXZRhMqhTkmj6lIbAetSKR0pxbT18RwPEF6g
2020-09-12T21:07:25.314975958Z 848 bGMdn7IBroGz1kW8DWzsoU3Kmun0qBijiIqq2srKfGrDNuZducrKZgxUYPjO
2020-09-12T21:07:25.356596236Z 849 EdEIaafsr6ZHLhLEz41hUKV1yxCTUniXHvXa9QiYPgsFtS5K2XJeNZB1CBSq
2020-09-12T21:07:25.397656138Z 850 JPIyqWDgpwyoHs0wJsAXTg0l10Pf6bhoyyuJJbXCo1CB5pxOytUAWymT5X1T
2020-09-12T21:07:25.439253837Z 851 HpUiBzI0vHaBENWztIR3DBAz1ZVuJBQ4viY6HH0Gnv6CUGWhAnQU490xfOLP
2020-09-12T21:07:25.481307965Z 852 GcgXUtTJhnF2rp68Jamgz5kaX1Kpa4ChMqNF6X7Wrc5y1LCbojmT4AAtnPDz
2020-09-12T21:07:25.523532941Z 853 Uv7DMv1WjgdyrJAQ2dBwmJ29nh4H3XeQRMpJEOmyOpJGY65SYSGkV8SvNU7c
2020-09-12T21:07:25.565902412Z 854 3FCYB7eatkVQ0DX30yUkosdsUdmJBB8gAd4bWAkGAG3qiXnHPmouD0VNtnoW
2020-09-12T21:07:25.607874184Z 855 XDpZgmumJ6me2lSGyXDY9wSM0u80cT5InN5JAjpNCxqrO4OkpKii2ocv0mdS
2020-09-12T21:07:25.648620065Z 856 pKI1P2QiYJjx6Q8XXrT7Gpz000EK8wCzkkbIUyXiVySV6Xbk2vCUapZwn9K9
2020-09-12T21:07:25.690132542Z 857 zvfZ4s8Bkl3NWJF9a0L6n0RZ5sxaSj5u5b15JvcoeD96Ekm09g1xMe3Jk1fB
2020-09-12T21:07:25.731970675Z 858 FO7aVHExZ6ErSs7p6XHPPo8JbIv6JoDnGeDmv2C6jdViNCue2lxDd5S65yHx
2020-09-12T21:07:25.772683693Z 859 FdNSOqKJ9yI7gc1ejEMQmL2Ltd4jR0PLK6QuA7xYBQpBufKGPG3eEDdKS7EM
2020-09-12T21:07:25.813423945Z 860 PBuZWoFVOnMXVrisCUqWC3JV9CUCApvItoh8heCjRENnWU0kvlHRs9nV4LJx
2020-09-12T21:07:25.855165363Z 861 FQnuH48EDEsPpOWPyR6WnotxPFb3n6lqBlhnfztPCbJeT9k4tZfVhSHaehtB
2020-09-12T21:07:25.897073298Z 862 BZKNhTvVSRdfk36iJz85IqYdmrHBiPGDI4pdoLbQhbn6pwo5SsEo5eEg5zlS
2020-09-12T21:07:25.939413849Z 863 8HysuiqCQiE6aQk1vaOjANnjEcb9ik7iXvjcjH4uZXeGOpJlSpighp20ZoXB
2020-09-12T21:07:25.980615644Z 864 08VIDW4OqmnzaFHSiOeaP0qaAhe0EQYOwnptuaGTn5lqaFMX7tDFvuouKgni
2020-09-12T21:07:26.021376876Z 865 9O4O5768ic07jxvEoR5J2MBzBkutDwgmtVYh6Pd73dUdbLSAFwkfFqbiDChG
2020-09-12T21:07:26.063078934Z 866 2ibczytjKyRtaY9UsXsNly5q4FclO2dqWfQMe8OS97R4K8INJsqpkccRpbZd
2020-09-12T21:07:26.105050299Z 867 w1XvN5N50ZJyesBVsmKDbAibjeulaOA8Q7NVPqU48lD18YarrtoNhFDf1JZh
2020-09-12T21:07:26.145588760Z 868 32ytYadWWcyYG3MCs7zsE9CbGvV2mVY9JrHGwvfEegsfigVpOXyOIDijSkqx
2020-09-12T21:07:26.186467592Z 869 OzRNwfybRZGGzT6iwSIX24RNjKX6Th8octpfJdQ1MWAKxclUFJ0m92dzrEB9
2020-09-12T21:07:26.227787746Z 870 WS9OJlPHl801MFvVfP2Df82g2CmAF6iGvoaZ1D0aX0H8f6EXzu7Jd3Tlp2QE
2020-09-12T21:07:26.269061697Z 871 z14RU7zFSRYdZIwwFMWSM9d6oLRftMlpwd3BfiqTbNmZvsrtnRcJLz1nXnUL
2020-09-12T21:07:26.310402338Z 872 05pad8UlEBccJ30WICEZ0oKvUg5ua8VHU1kBowmCi7iIIzAEdS8NeV9GKPkz
2020-09-12T21:07:26.351630346Z 873 jB83I0qvTBf73vBVORySVn3omwiDMUVG3nGb4SrlmKUNOqqYZ0F9yCQ8ST61
2020-09-12T21:07:26.392761756Z 874 3Wdm9gbZyxIJ1t6qEnwbDccp0GRThiZRueSPtGoUmTCpvhaKD4fWxqm9mENA
2020-09-12T21:07:26.434280458Z 875 wiD59E7jrMOj3yWiz4Aegs9p2mM8kMh0l990nF9SvBNHsuUPP9PYkPAVpiso
2020-09-12T21:07:26.476432386Z 876 AXo1QFmMP4h7yATkWcCJw5yk4JrUS7k4L5e7d79qUvP9GgxcsYQG53RX2BT9
2020-09-12T21:07:26.518163199Z 877 7V1WTUhJgIqib61L7YzXj0O25lemD6D2EhbFMQf30c5b9hmTXARn4MWwSZIj
2020-09-12T21:07:26.559528981Z 878 QCpTCP2a8oTfCm1aHjc26k7EulHqjLBduhG43srQSOvnTk7DrVcOjWfkPefQ
2020-09-12T21:07:26.601571333Z 879 eorXYYQauH49QIUEHtTW08zeP5gNOLhJGOOuLFez1ZZ6grifiZr7csTX3GPt
2020-09-12T21:07:26.642932105Z 880 fn7Hd399fseP2WthXBlzMxRN0Q3QsNNk81GF2bloRdXwJdz7vizcOq6Pkdbd
2020-09-12T21:07:26.684949559Z 881 CIqWt7WCv8BKLd3FV6dgQplAEZfYi8eQBpBUpbSN4FwcVoxsAxhD93iwRlV4
2020-09-12T21:07:26.726257201Z 882 HDFAYVDGOF95bfJicyPGBXgsEmNgCy772wayjWHIra5BX3u3FjA18qTjSN53
2020-09-12T21:07:26.767415237Z 883 IfwlEN3aM7l2psaQi1JLHZMffXu3YirCgMLk1HoiiIQO02bZUBknNV7IaS5N
2020-09-12T21:07:26.809250963Z 884 9trXMNMtSLh3q1FmYkiConMy8yXLrjc3sNaDkKoR3nUlK3o8Zxt7yIYC5leE
2020-09-12T21:07:26.850714425Z 885 khj07JXGUiQq58h1YRgdOxIdbTnR9dWib2AnaEYX23n8xubzoXtIuZdHhMOz
2020-09-12T21:07:26.892030151Z 886 xQppqGmRg8fyl8aoT5TKukx2UTQzOPxvkNLyobuB8YJrFjz4Im7S7EZsLtDX
2020-09-12T21:07:26.933007126Z 887 lOC87G0fD1E3ikCEuX9OFRusYh2dRS4KbgMyaIjyUqcjtPUllqS5gdth2H6I
2020-09-12T21:07:26.974205149Z 888 nvone2TKOjNE5FWDvNarjMxFvgrsvPWVE85mKHK8Y4ovgvv33A414JpEjo8C
2020-09-12T21:07:27.015242384Z 889 1OWc4Z5j4xTGGxQb6Tcv9KOJ9FdBgGT49QE7o4SDlwaaxVqBFxzvnPwQX7Fb
2020-09-12T21:07:27.056556578Z 890 FV0CwGQF4wTbcNTCx93VeXjNDHyYWDiCNnmMBKGYO84o9m8DmcelM8mNuhC8
2020-09-12T21:07:27.098187371Z 891 F3KJhtywJi1GU8yorSSME5QciEkzjbSQfMyZufPtcL5SsT1hwsiH2pojhBgj
2020-09-12T21:07:27.138596170Z 892 JqFXtnuiqZj4neNlfTtiGJDU43jbvKDR776EJyhgOU0WBzN5oXo9lgHXhzWa
2020-09-12T21:07:27.179979644Z 893 cJOdlEYYiMWdKTl89m0HXie5BhlJZOIiPyMQld16Se1FuUhTgiX9GvoJfKtN
2020-09-12T21:07:27.220654078Z 894 8fdFfNM4cr0qLHTo3BYwVd8ZLhjuu4WRuyet5NknE3YYlsAKtJ1fAUjDpu1x
2020-09-12T21:07:27.261494025Z 895 xdE9w072OkSdoYSL8WCrCaLqsimDjztuOtGwdD6QP3PB9ooumc1HTynoJiUM
2020-09-12T21:07:27.302903156Z 896 fjYQu9vFq370ZUiGypiMd495NdqBWqT3APf74338AOzd4D3AseCvwoco0dGt
2020-09-12T21:07:27.344193424Z 897 PFuAtkUEwkO5JjYNqSD8ZkdmqXLrXFbuggbxUochS51Iq4EwdzJXJfTCIMPI
2020-09-12T21:07:27.385735089Z 898 120TiTOlwhsx8LRpvXXoffnMHMHVLzFiOHrXx3o57zr9bBJKnUZCl71MFSwJ
2020-09-12T21:07:27.426907270Z 899 v3NxZqA157PDWigwXri8A4iXtYPszPF6fZsISoM4YuSBMeZTn3SXfQeeCYfu
2020-09-12T21:07:27.467876894Z 900 cqTOXWDAtGjRBkrDbdnjYx5E810QXcUnfLSiqKeniJ1OjrxJLuj0RsEX9pkH
2020-09-12T21:07:27.508560104Z 901 fYYu8nAFeOuSt0ScrFgzvtcnsoc8z2fUUaxTnLSzGPUBixnigAej7ipFHMSv
2020-09-12T21:07:27.549939481Z 902 mcjJZxLlM9SxnT20aZzlHKrpjofVqXo2CVFupJHZNnWrQbbtebwL6UvQbvRn
2020-09-12T21:07:27.593903925Z 903 NcuXBNSBLBP4iH6kBnRwdDZIjR4Vsjzrdr1uwfdw6t8IifXwUgxHse6dUyaG
2020-09-12T21:07:27.633463965Z 904 y6RtpbGU9pHfcPViiB5asmr5AHFS3b9CsRdfnoPfVCumkRHA8zgMp7zyj04P
2020-09-12T21:07:27.674490393Z 905 uiy0UWdflHzBCU27iNTtvD0x1wDYc4EA4nzgOxj1gStF0gR4T39IfIXiVYnw
2020-09-12T21:07:27.716070032Z 906 1bQBm4nPKAK0LfZ5iRuOTbBaUoMNSWBfxGfdHvRGfx5uj4srFEXFBvnHfreZ
2020-09-12T21:07:27.757536316Z 907 Dlpt8pW5ltlxVZWEoSWn0lsalG5Af0GLDadijZVR7DDWsemRxoXjkEPjdXSp
2020-09-12T21:07:27.798714091Z 908 xAqCXxbSYeSiPcgg6ED0aYhWY41cSvmdYBSLR4owavTX8JTalgyhmJyaRDST
2020-09-12T21:07:27.840166004Z 909 Pw3TZle7NzlJ2Ya64Oe21xKxSQyXBfQ62pz3SpIEM3guEMd6V2rTC5qsLRRy
2020-09-12T21:07:27.882158163Z 910 v2HOBIHaiSbX0IwYB6b6mM1vwO75Mtdo7LfEn4a9XTzjbA6kECuCd8gvkwje
2020-09-12T21:07:27.924188457Z 911 Nl8GrWBi9Mq9PtXp49yfWBGjIO2zU1qamwVmJ7UBbCRHWQlHPOSL9XZD2ojL
2020-09-12T21:07:27.965331434Z 912 CF8vLBcOmM0lcYyf1TG0VZ7p0TLHkNe6uDD85At3oe9vXTUNuS9CaHLPSDmm
2020-09-12T21:07:28.007111171Z 913 pID5bCkao35dEdACvOS1gljLV8dn0bXVSVW95l8V8h8wMa4YstC4xOU7lwjb
2020-09-12T21:07:28.047990557Z 914 kjb33F9ufIuWoW2ubPRA1peDkF3RZqiPIrEt0EE1fterlbku2zqjAio7ZD8Z
2020-09-12T21:07:28.088685838Z 915 6KW855amWJa2QO2M0Bng2kaBYHPFdTIdRyd2NWaeufNJ7VImRxUIGVkwBMUT
2020-09-12T21:07:28.130381422Z 916 oFjRwAXYT20nWloKH3HlHinCBVW2OSXTW9vl1a2IOBo7C6PrTkR7id5yqsuI
2020-09-12T21:07:28.172208645Z 917 BIaPtKol5U9dTqu14UZ83pa5vkB6Y4h7xMrQscoVC4GLe4PlcXNPAeDfReyN
2020-09-12T21:07:28.214472920Z 918 gQOA23R1HmuVhlrxn4b5SopyfLsCjoZx0Vtez0gmFVAMZIzQdYwcLEJOYTYv
2020-09-12T21:07:28.255893485Z 919 DemJxb9VzDK4hEJgho13JPF2xNLmp3FayvDME4AeTOzlsCpsYXWZA5LN3BLS
2020-09-12T21:07:28.296877975Z 920 8NI7Ec5ZWS0llxwFzaxjtkWV66E30iRSqA1rDRoL3rKFkzc2tnKmd809ZWVa
2020-09-12T21:07:28.338148441Z 921 cc5bXr3OLVMvNstGOACLCrwiN7gmw6CDSnuMXWMyL0OOD8Hsq5SCazPSKavd
2020-09-12T21:07:28.379545567Z 922 fHAD9ElHil3F0Ag1Wz1c57uPXUGsNoaWlFcxV0oLwNgdotYAxCwyefcBhwJv
2020-09-12T21:07:28.420615525Z 923 yFv7uo8hR2YWL6iE1VOLjEoc3VRAk5phgvuGguMwHDLIGtJSfvhSPBMfqeHK
2020-09-12T21:07:28.461834883Z 924 vczJoDYAytHetN9Y9BsyuTPO9jtU1aSDmYy60Xocvh2RwlQOBfpA0E0CL5f4
2020-09-12T21:07:28.503424030Z 925 OE2EhCenWdryaSmjVxcwsSYGhB75T2CQ8ClNwZLUHGPg8BM3ivemoziZnbSb
2020-09-12T21:07:28.544889201Z 926 Usj4e9wqF8bp2OhHLOe5fZRsZIKtcQUqT4hhp4uHj3NldUS8sjxh0t1WYj2h
2020-09-12T21:07:28.586136362Z 927 sgiws66u2iY2kUtZTCmwjV18UHplEa687vELZ1iF259QyhIJfiYDUVwhb7WF
2020-09-12T21:07:28.627380163Z 928 sPRO71KUEBUTN8Nvz7rK6VMGiHRiZA46WOGVvtdur5bPWXYK1Ld8mWeG6Q3l
2020-09-12T21:07:28.668920610Z 929 FGTpwszCBvOwVHfVtADTtlUejWty8XuzvN9eXxLhY2yo2ayQociNjHOnA3tO
2020-09-12T21:07:28.709808167Z 930 M73sW3rhmoXH7ca1GcxzwjG6QiPP7SPaFvmoDYZqD9VvFLW26yIVH2LnN4hH
2020-09-12T21:07:28.751280412Z 931 5V1hi2dXSMpMV57ymuGOq6HhTXMZuOTa2FsiW5WzOf1VAwPmDiODN3sNFNkd
2020-09-12T21:07:28.792353913Z 932 Bgg5H3ugQM1VAkWFurGcJWQApFgJItOKg2mbtJtojoNs3jG9JonT5sfm8dyx
2020-09-12T21:07:28.833521643Z 933 ZPkHKU02wgmAOn2P2CEda2s6k9Yn9BCR6pyXsGVC7FayNSfaUvBjmcHpgYWs
2020-09-12T21:07:28.875139392Z 934 XERJUwfSSv38sJbQ9onNcLlIS71F2kVQcrS0J3SwYtoRtfLehvGxVJXUMQPV
2020-09-12T21:07:28.916234595Z 935 5c6LbmbiauBArZ3H7dzZVBvsCGFDZuqcg0Vaz2aMxrdfVbkUq7DhJ96ZIUiA
2020-09-12T21:07:28.958140653Z 936 kwc80hHXcVXuBAMDC7vOxi7fF3E4ciYaM6FEItdaRXdbYGElzKnLoq37fZGy
2020-09-12T21:07:28.998743237Z 937 c48UYrRAKNow6Ll0nOvLCHBWtnMMAyvugz459zbiTokjJBruq0TichJ46x47
2020-09-12T21:07:29.040288219Z 938 zaQdFpH7UNUbQNwaGGiXa843KcVsdgt8dCyeeMNmmgKg4TXgxX3B1ZEQXhGI
2020-09-12T21:07:29.081815056Z 939 OEuWGiAeIYM8RlVR1w5y11XHTnwh4vzv7a9nHMnxFxljpV7VLqI4jNlxWBcA
2020-09-12T21:07:29.123332295Z 940 AZMLGmlNLsX8mxuLbmygKUm7KMq0JRC4aradTa5DbYqsJsLdWNNxOzPAuTvB
2020-09-12T21:07:29.163291067Z 941 FAotTs9XoqGDfqVTWG8RedJYYDeW4qoYGtLPqHhJt2bSQzmGTAkv57ATEDvw
2020-09-12T21:07:29.204772606Z 942 JML9LFXhR8Wlu5wQ3utpg3GkUay03fn4DeiAJ8TpsYh7w0DFuIH9Pv0mshiW
2020-09-12T21:07:29.246306374Z 943 CzqkBUz9TXPQ2RanQoOZTNHIqkjYDdDrpgiHo0LCe9frdfokN4rfxf9exgim
2020-09-12T21:07:29.288048992Z 944 ukL4Hoei9cG5qxXFYVAGyCRwBi2PmwsjAU0mcF5yKNkqMNVVXPFiiKQbgi2R
2020-09-12T21:07:29.328712494Z 945 ENxHmZ8FittdlZjWIEwWaf2KaXLP89EKGNIhJeqmZWIlmQFti93Wf5qbV52d
2020-09-12T21:07:29.369623492Z 946 Si2xLDWDJPh2l8kgUec34HTvPnIF248qCJNxH1kKM7ZI5qBVgug6rRAUyBX6
2020-09-12T21:07:29.411967116Z 947 NqIZYDpWZHWq4JxpRCqhXb0xWdWWVXwEqb4KPiCoxIqQX3t5pTRbaghbxWPK
2020-09-12T21:07:29.454303908Z 948 xj6buxQa9m50uqLjggVdBYtGtY1THNaAE0zGIJhT0f52ZtfJlN99s015Hggn
2020-09-12T21:07:29.496160067Z 949 bO1ygvu3L1hq3lELJNRFdBurXNkjgQQO3EOr5PZ9blMc4x4Sf8rncxmWt4Ug
2020-09-12T21:07:29.538305223Z 950 XHOYz758N1aVZZzz06kwrwtH0Wgs0tfTW6VkPNCSLDs65K8vZBCghwN6Ac8O
2020-09-12T21:07:29.579501079Z 951 E1Und0pxh5Mnf7StK71MkyTNLETpwg3041YuzYYdk5LfdxDGH9Yfyt9MyVQx
2020-09-12T21:07:29.620690024Z 952 Sb8i66weiBu8S6HM7op7M5UpBcSTYRJhIC0ueGrj5Glqh41OAyWdeFlW74Ji
2020-09-12T21:07:29.662034192Z 953 9d7ztUIr3LmzGtJDuI1AD7Pf6Szg5brFUPF8mQEzhYj2uosSTtXEw7Kilm4m
2020-09-12T21:07:29.702632650Z 954 AfCinxxXNS7DvNOY9Hsxj3rWkLM3jkyVMgtpNYrk1arFEArTssItheRHV60I
2020-09-12T21:07:29.744529000Z 955 qbUJftFCHtELTHBk7EKcNvkZaNv8JsfZ1zi3uHNoE4QzDaOl4Vit9EaSvpfv
2020-09-12T21:07:29.785839196Z 956 6D0C0bdvTdL0lVOmULmSsIBiP3J7uF3LZ2yA55rzQ1bWlDXsiJreHTCCF6CK
2020-09-12T21:07:29.827259038Z 957 sCtWqlC0Uh5qfxrlbq74ui4tmTHBIegRb6aVKkP7F4SdfzYvzLyrNQxJ4xXc
2020-09-12T21:07:29.868088923Z 958 Qm1ImIFJKlJt2RKSyLJJqLegTn9mIeUpYpFJhG2XfqTw3EkhsUALLOWhob1L
2020-09-12T21:07:29.909155351Z 959 uylkI3WEl6jorxF5norTpTuQpVlWAo82wNkO2AvY1TS5aUIf8opqEQ9zK5sV
2020-09-12T21:07:29.951206769Z 960 3Io3UmLysR0zXkPKdgP7ied7SR3D0TCIJu3STnjBK5rYCxBoCzgpehlxKMJJ
2020-09-12T21:07:29.991270072Z 961 PxkJTEag0BSc8cR6bqdEzkMYzHZPoiw4kHhvDejgpTvTPFxmIhbXTrJIATvH
2020-09-12T21:07:30.032993343Z 962 IkFYNDlsQFZ8fYWKZfip5BKNOyfhQcOS8qoGrFp0zMKGoByP5wx9pRLIAK2t
2020-09-12T21:07:30.074755403Z 963 KQ5srhPDR6dkf23qlh0Y4MdWbdkej7gbszC6C6dpFswKkiYpBOVzHFnb88h9
2020-09-12T21:07:30.116079641Z 964 gNEXVJ2e6pJIPwqsNbwESgKIClKZqHYL06vEuOGFNlBIWGUOdogQlnHaaaOX
2020-09-12T21:07:30.157853389Z 965 m9qlkW17vQ3NcJAAdIc2Zd1gg92LIW7huL6R6Uc53Rn19YQQSlMfbeggCdUB
2020-09-12T21:07:30.199364310Z 966 5LizOKJzkXN09R5DLWqmBBlDlwHLJxIL1zBQZ0riyB0N0z735WlQLRQirpAX
2020-09-12T21:07:30.240847228Z 967 Q5l3BFCQFCYVnkw4DFAODBZEww8NPDAawMxTfKxSfqEzoXkkbbRhrZh9UJNT
2020-09-12T21:07:30.281485080Z 968 pjX8aKRqjehIcdt4cRrEji31tFrsJdX9mG5Yg5tLjtWTpcWpzVTgJ3EaBCCz
2020-09-12T21:07:30.323294114Z 969 369S565jlpzX3iTl0i1lMf7FtkBdTNQMAB3pKTMOosFk7NfmcJn8MqEO3EiY
2020-09-12T21:07:30.365519037Z 970 xwqZsYltmILsKYwjQoBMmG0vaGiaAX4L3WcmvCCOBRR4ScuTZExOLpxS4cP2
2020-09-12T21:07:30.405942345Z 971 aXHNURbkJgBZyvmHt2sa9pBzj180cMlje3D9mWo54ysO6EoR0JB4K3Bzg8Ng
2020-09-12T21:07:30.446464520Z 972 MPK28FANyhmYQ7cnf1SvuZ2zIpjcn5pxcdaF02xirLT5IyIhV5rUTPVV2Uhb
2020-09-12T21:07:30.488788655Z 973 BMufSct82VglKZVxjGKBRtQq5mTsR7idMMT4YpBGPcWVlcHnAn0DJUK41iiX
2020-09-12T21:07:30.530026276Z 974 Bh9LtMtcTqk6nX9tSd15N8pV7mfjN8pRn25Kshne3dxNw3e9bKtnUHPf7UvD
2020-09-12T21:07:30.570988105Z 975 AUD9uBtwRZ84GH6tHFIKTk2Gk0wlweZAqBOMAetdjLiML7JKCFV67YBkin5U
2020-09-12T21:07:30.611305437Z 976 PRPWi74QKGMgRA3s3yzjwN7eeJXDhbt4zDNErXLc1K2VdDTmCtQjL8kMtxBx
2020-09-12T21:07:30.652911046Z 977 8TdspDf77UiqESshcN8MrKR0p4fAXJ0NDKEaIzFOucb2cJ1m40xnXPtrPk8o
2020-09-12T21:07:30.693767461Z 978 YplLXkAMTMtQJQihAIZi2KTkJ7vyHrBSbwDqAAdufVecLSrgypJZcTvsuNts
2020-09-12T21:07:30.734298659Z 979 MOuYbsFAo094aeJJKW0ZkY3om5Eidl9UcV6n8LJUPN3GQNgtA8vgq2iXlbdq
2020-09-12T21:07:30.775703773Z 980 LLCawSZkEY2m3kKF1geypEh3n06lDPK6OWaIM75UmQWHpOPOVtjx2iSbHaMy
2020-09-12T21:07:30.816602885Z 981 ttxGJItXpjn04QLFSR55JSy0JSwmUiuUFApgHGSEACgaxwbkaCmVUUyPdPIN
2020-09-12T21:07:30.857596391Z 982 WhtKYCKHjqFQZ3ldjLA5keHecbBuqqqeBKz9LGzGbjH8ZMPsgpX9IZD4bmQZ
2020-09-12T21:07:30.898797477Z 983 OiuV4SmrYvSXsFW4zOfgAEHVjl0uXOR4aWWETiWBzcYJmOxypuwbI9rDjTYT
2020-09-12T21:07:30.940010314Z 984 lLJXWH7vwmZZ2JicFlCfyqdtj7V0bMB4cIwOcmTdWxnfxgVA58NLXx4KYFhg
2020-09-12T21:07:30.981745557Z 985 o8am3CTdJZuxoLJ1IOZAN83KGLKzdhRRBQcLKzqTMH87By7mYjH3bLp05Rlo
2020-09-12T21:07:31.023252073Z 986 MfWIOjAa27ChFrty0X39SElndTuHl6luXELqAYlsfocEYbPyt1j7Dp2WS8Fc
2020-09-12T21:07:31.065436300Z 987 82EgYInXuHUc3oocNdWLP2C1iBslK0P8adiwvDAtF8WAhXy39SwsetsqTiyx
2020-09-12T21:07:31.107235016Z 988 y2tW6zYKqNWPjdIY9wpWQEmeOICkbJvgsEjqfcTcywn47bZu3BXjTm8kM7Nu
2020-09-12T21:07:31.148577119Z 989 IflpLayj9HqLemX8qP5CWNXdO2DuhVD7pUY4puHK5umAsef9n4i8dP518aDB
2020-09-12T21:07:31.190364347Z 990 TcSNQzESuDfJjmJpCOwjCqehrXJZzLTvapSvlMuPQVtyaiy1Bq4rYYkBYwqp
2020-09-12T21:07:31.231950912Z 991 4f7qHdu2SXN6rn1mRxmZwnIm9gyj5yS275j7jon2ThcladTyq94ptReJw3PW
2020-09-12T21:07:31.273511921Z 992 I4VXwy2bGx024b2LOBgxrzRANfdVz21LJwssm38s8GdBhe98riHJ9RMYQhNg
2020-09-12T21:07:31.314504196Z 993 MZk0m5fDctWnRPEHaV37SQb2cAkGvIbLObDN2qaHS7RwCwKx1a8WZtQgDQXe
2020-09-12T21:07:31.356343551Z 994 C5XQHCVaAzFcHOQLagFrYHsDLdKYJNs7mhoP5GKIvpkeG4lXhEXsR60GMSuD
2020-09-12T21:07:31.397552561Z 995 E9CsfDfYHIWlcxs6Jdk5rZCGRzc4NCuWCLFKmMfxZ2Pa9fLjQ3XJGMyd3Z9G
2020-09-12T21:07:31.438749389Z 996 4seNI0EbcirUqfZDJA9TJ1fIQPhKozGian5osstkllyJ9QwSom3JIvrUQA3x
2020-09-12T21:07:31.480504004Z 997 pr0WEFGUzKP9Itb1cm8wW3gfWQA5UW90WoKmtJdRJHeIGTRPB2ePVGKNSJWH
2020-09-12T21:07:31.522150827Z 998 7LlLN0y7u3gG8xt1VfbT9vwcUMMcOhOjjXycInQobaZzpr0YhKOxdSyYjeBL
2020-09-12T21:07:31.562418884Z 999 pCfnkxuJlTBCDfO6ZJH6gm8lwXD3Kkouy35AEm2RcVZGyW0mFP7OEzhnS1sJ
