2020-09-15T16:05:47.990422371Z,2020-09-15T16:05:47.995153167Z,0 xj5qtvF49tXGcCSmd6M7rUIDJruHZB1uJKOT7l5Z6yNjme6ee4Qmsr82yoxgkD
2020-09-15T16:05:48.001253911Z,2020-09-15T16:05:48.186539148Z,1 Kq7sY0msQ2hauP9U7AhaiPY8OWaipAbJoz8Xf92ih63V12H7Tk1v5jGNu19Btc
2020-09-15T16:05:48.013342439Z,2020-09-15T16:05:48.252781581Z,2 9sZP7AwAssQKcEjuTpd3lfkLMLzhIs704PPO3OWBxgjmLdNK3aX25vzhdLnfhN
2020-09-15T16:05:48.023541296Z,2020-09-15T16:05:48.320530541Z,3 UX1IALDuCm980bd8RADqqHfmDlrnxW9Y6l72DTU9VP2gPnCyDdEvQ8KLmjhLse
2020-09-15T16:05:48.034589523Z,2020-09-15T16:05:48.391625001Z,4 z4ZfWuSJ8oOlheGUqcIi4RkVq0mXO5r7mZ0SycV22Bol2AQgf7O9KXwSsqeZRK
2020-09-15T16:05:48.046678345Z,2020-09-15T16:05:48.461103918Z,5 IrxxcgEtXG05XJ69gNpaXdh2ob1XBru3etEZuexyLyqEJIpygM4zN16C6fKPUj
2020-09-15T16:05:48.058175511Z,2020-09-15T16:05:48.530024706Z,6 o320YnCmwUYNYSC3pM4aruU9BgsFohqCpZY1YnbYTR6KUPH3VV7wBmv5Ykxaac
2020-09-15T16:05:48.069320080Z,2020-09-15T16:05:48.596265601Z,7 950sFgZN7SfGzoQNsE9ftBlilklsZS5ljymfGsVNvvaom1xiyVYMyexwodZXAC
2020-09-15T16:05:48.080658684Z,2020-09-15T16:05:48.664900857Z,8 MzzOeMfpCKo0TbELHAJ7k6lAur9eOluv1615LDDPMsYJRyrghjmAgjFRIodJ5W
2020-09-15T16:05:48.091931322Z,2020-09-15T16:05:48.732324829Z,9 rbhQmHHZIX0omzQPHFkmF5IiIHBNjemrojuEETvKXHDPmpsCbakjNgDa7SnTjG
2020-09-15T16:05:48.102465344Z,2020-09-15T16:05:48.799146275Z,10 yKfPfy4qCXXKqRFZMWGfcdIjFx5lhwPWHj92wFSS02ZSUyY3Gk3szP8dvfG3V
2020-09-15T16:05:48.113227323Z,2020-09-15T16:05:48.873272246Z,11 aoyWTo7xaSlUM6GbCD339ODQbpQEEhMXAS4cmO1p3lHmmozZ0vSUCLVY8uEQg
2020-09-15T16:05:48.124728533Z,2020-09-15T16:05:48.939511525Z,12 HeTsyb08OBT4Yo3XzCzfwfRNTJkQ6dIlCQThuqlzbt9OetT4HAVTrMzbLYz6J
2020-09-15T16:05:48.135719656Z,2020-09-15T16:05:49.004048255Z,13 H4aWfTbUCFKZssic0nb7OVOcMLqxNzfgy6qWPReFFbnOXeRlJ72C1UxXJg4Id
2020-09-15T16:05:48.147094243Z,2020-09-15T16:05:49.072592013Z,14 4LgTl5F8oR3u8GRk00RBtl1zx0e6u1V80FMu50vwo1QzoKmb9ld6j65aYx1MD
2020-09-15T16:05:48.158000526Z,2020-09-15T16:05:49.142873505Z,15 w7gTyfNkfpvDFZqB2PbV4LZb731bP4W5henLAGAVvcRuaPEwSSIgeNrFYdt5f
2020-09-15T16:05:48.170954540Z,2020-09-15T16:05:49.212932101Z,16 vMRqsIdIqllYnBewrz2ieMok8Ba4sPTxtQVFXofeTWwudSj8Lnht9wrrPP6gv
2020-09-15T16:05:48.179793807Z,2020-09-15T16:05:49.281041141Z,17 5u15U4DD3BXb1fagEpP1frNZcbOR12IzjuBjjuQVTCIFucSdYfMMH5jwSlbvm
2020-09-15T16:05:48.193230466Z,2020-09-15T16:05:49.350492224Z,18 8UfL87soM9n610U3wmXoFlW1qmYWlzsoMVnEEd10VkrtIk6jdRBZaA6fkIWW7
2020-09-15T16:05:48.201937099Z,2020-09-15T16:05:49.420748707Z,19 5zxbNREV9eYBqZ8Uwibl7ZqbG8SeAbl0JpNlt0e8hsBYP4yrF7yaXgveNh3g8
2020-09-15T16:05:48.212689161Z,2020-09-15T16:05:49.490709879Z,20 tFnKCDPliUbWHgXUAf9Fmdd6dUymF3VGRXJxCRfCR8rucGQjTF9xYAVuw0lbE
2020-09-15T16:05:48.223947134Z,2020-09-15T16:05:49.557897935Z,21 7sW3PDi4bYDIpcEUI0cZEsPeUmrVKyxkRpHWsFRfI6Nb3q8dD7DVPYQOCg2Yq
2020-09-15T16:05:48.234561683Z,2020-09-15T16:05:49.626935293Z,22 FVvpysRAGyljfRrKnqvkGXovtaGVn6gd3SV6NzAcT1PzZpmO0n59RA7OgcNF5
2020-09-15T16:05:48.245859466Z,2020-09-15T16:05:49.697442482Z,23 VCX0UMm2FzJzXuH72PrTLwwnm0opgL5ta5SHhA1wiPrwOPVTM97aebbuJ5cFi
2020-09-15T16:05:48.257218518Z,2020-09-15T16:05:49.763432103Z,24 07LKCbJDBwDS5pw1EtCCr5imjNBG4PTHdDe48u2YX0sCNpjIObl2du8EQzXgy
2020-09-15T16:05:48.269608900Z,2020-09-15T16:05:49.836412789Z,25 iQBdklEFbjCmP30AEPs8arFAsroU6uqMqdq8wHw4swEpGk96BlViVrIzXPNjL
2020-09-15T16:05:48.280481905Z,2020-09-15T16:05:49.910495453Z,26 08tmKsK0SIXeYl8Cdr8LJDMCgizdPMN9PGf6j13KMswMdZencqXETAjSdFYNv
2020-09-15T16:05:48.291719425Z,2020-09-15T16:05:49.975928735Z,27 T8XhMUmoHbkceaHtJqKQq3V9tZOl3GEIwWKbtuZnsh14q0HmRc2MEbWQOWmhv
2020-09-15T16:05:48.302977649Z,2020-09-15T16:05:50.048440494Z,28 kTQ3bAdK436Pyhb5pKplo5avjyoMs1XPaEyuZiiC9u5FKjPV2tcz6PP9AhOky
2020-09-15T16:05:48.313629564Z,2020-09-15T16:05:50.116586966Z,29 TCg4QiGWvYZy1Rvy0zfpM8mjqDl6WwdP0BFXNaYTk6bDuUGUQGdX66N6cPrUn
2020-09-15T16:05:48.324698426Z,2020-09-15T16:05:50.183334317Z,30 86l03tLgceWyNWNdyK3zP2t8f0knohjNdMa7mlAwqakmZMPAxofdovdEM53Xc
2020-09-15T16:05:48.336230491Z,2020-09-15T16:05:50.254007060Z,31 kxSNmmRUUytOWMVqwHLHP4pO0rLhe3pNa4wa2TKZwR2pas0F7MVmwmMfdAdkl
2020-09-15T16:05:48.347672151Z,2020-09-15T16:05:50.322996795Z,32 vvphU8stjWIOGz37zrlQ0cUmwwwuOmjyfcTtHENrUQbqDnHyBT5TxscGD996f
2020-09-15T16:05:48.358493549Z,2020-09-15T16:05:50.390969938Z,33 PqgtANkKVAiGKWwFy9SA99nS8itU4W8NvlDjFZY8B9wWkh1fQMFRwGboBBpsJ
2020-09-15T16:05:48.369688097Z,2020-09-15T16:05:50.461278553Z,34 CbjUnOY02F3d3gbWeuQkFAD303iWzrzrSnNm7t7fbmTDfNsmZztnQ47NURg5l
2020-09-15T16:05:48.380926079Z,2020-09-15T16:05:50.529351221Z,35 dhZZyRydqIkN07cWwQj2kro3mg2pAWxqPRt5xvr0Wt654F127DjXFnDZmARcE
2020-09-15T16:05:48.392191747Z,2020-09-15T16:05:50.596227902Z,36 pSwpUJQAemgUWISsjvpYCJGRjiZyBqZnDq0TL4NWJqoZtHZfxUajjnHZs1oNP
2020-09-15T16:05:48.403325795Z,2020-09-15T16:05:50.670274904Z,37 FB1oBCUam1thaxgnbRQOgsg0d8s25IO73Op5WJTkkvTO6je56pkyAG10jfLv8
2020-09-15T16:05:48.415178297Z,2020-09-15T16:05:50.740338017Z,38 cM1PxjvrtlEwziiEwMxXU5QioXOIlTwHzjesdTI7ccrWJkMGNX4BGb9rl3mI4
2020-09-15T16:05:48.425537445Z,2020-09-15T16:05:50.804814053Z,39 zV122A8yjlBnl1gkEiT0burg9KCI0GuCMQjRXuZZI1F03qI1XejQJFmCiGPVi
2020-09-15T16:05:48.437104587Z,2020-09-15T16:05:50.875957773Z,40 bxYJXYBJReJ1hSWefYWVUPPC0zZ7yN3Ykjtbz61WFDjFbZtS52NljUBtYpzSt
2020-09-15T16:05:48.448396437Z,2020-09-15T16:05:50.948761290Z,41 murijAfjLMB1SUzkmCDQqpO7M39XCQO6RCn7h7IjkJVfIInmW6kQg6SIOVD4Q
2020-09-15T16:05:48.459448528Z,2020-09-15T16:05:51.015254366Z,42 9M4WCmOe1PcTdMWIHXQ0OzzeWi3oSF9jfGP7UT9GoDdJ9hiPf7U58DXfJ6uHS
2020-09-15T16:05:48.471543545Z,2020-09-15T16:05:51.084225215Z,43 amKHSKyf0E5VpyMH1WmOKHwUiJ2OXS93jyPRXs6s3cGul3O3nWaxKEgjpqRCe
2020-09-15T16:05:48.481384732Z,2020-09-15T16:05:51.150934730Z,44 vBSQfh7ktKtbVOBOv0OXo1akUcguZRKW7a0s6Y1IL4RsSYUVOZplabjkCOJjc
2020-09-15T16:05:48.492422018Z,2020-09-15T16:05:51.219326659Z,45 NgerF6iiSBudqdKjybRXH22OBjewZVB3YzlIYgwu9BZe6rxoWPfsn0FVhpGnu
2020-09-15T16:05:48.504149374Z,2020-09-15T16:05:51.288536172Z,46 mOdX0c8uKUSbTtMdic5nQucfMAdydfKoqRuyy3VZUHCJjqjNcHHj8d26bt63e
2020-09-15T16:05:48.515030007Z,2020-09-15T16:05:51.356658535Z,47 jdc4wlxRit9U5tmLYkQm9uBZ6FxmlNe2jevLruxyzZkOEMwaDuA6ujOzFKtRT
2020-09-15T16:05:48.526167376Z,2020-09-15T16:05:51.430475036Z,48 WkpZGcfZHXQeLX4ecQPq31h4Q5nnF4EGMBrfJSbrIQMxx3MXaoc4MO13tWHAF
2020-09-15T16:05:48.538670685Z,2020-09-15T16:05:51.498036565Z,49 XgMC4JUmbPW0zh90eIoz8x7BdUQu2i7IEcNAgSiDEX2S8Err4cPwT90bVPhkZ
2020-09-15T16:05:48.549443814Z,2020-09-15T16:05:51.563642223Z,50 MiRXLmz02rdpb7aiBdAhoavuiGD2NPJV0E4KLJoXMysGR5OXEv9aSlgZluboY
2020-09-15T16:05:48.560580990Z,2020-09-15T16:05:51.631439177Z,51 JGdOoITi4VcB4CAs2dHPXweaqCytjZ2umF8K6fpbAd1Ri4SmM1z7vsWL6Cp0H
2020-09-15T16:05:48.572063250Z,2020-09-15T16:05:51.701926439Z,52 mAC2niPPKGBwCWhyXXDs5G32tLIhqCXi72ilxp3DmoIygGN69udaVkWrS1gui
2020-09-15T16:05:48.583028922Z,2020-09-15T16:05:51.771370792Z,53 CHr7etJFPz2Bw3kUs7MqXzdCKzB8VqHrt1uAaFs0tzQ22iEhAk4lepma26mci
2020-09-15T16:05:48.594924173Z,2020-09-15T16:05:51.839808953Z,54 FNBqKf7zZI4Y6GeBp2X7vqx0DkXzlq4nHCxNI6hghrqIMRgP9ocnl9px8QVye
2020-09-15T16:05:48.605922400Z,2020-09-15T16:05:51.913647276Z,55 tZ0qkANfGfgXe7DJ69witMXcmXLlJmoL7ezivgHEQli2L7RfkQ4qWvwvOBqcN
2020-09-15T16:05:48.617176228Z,2020-09-15T16:05:53.003830935Z,56 fU87Wjsu8J6oxNfkK8a03b4gUVFxMnOAFAUmFvRsWj5JA4auiTQl8v0KPtwoH
2020-09-15T16:05:48.627458368Z,2020-09-15T16:05:53.069424681Z,57 WjjdBYjS7SLSI99wq6JaYuHtvSKaJ2SNbIhP0QcY9zhXSXeJfE6o5lBlO95E1
2020-09-15T16:05:48.638669019Z,2020-09-15T16:05:53.136471194Z,58 UJqq4meBSfPqRLWMpOBaFbDlq7S6NObguBSYxgLZXsjuurAqgyrAUGhUCodR0
2020-09-15T16:05:48.650082735Z,2020-09-15T16:05:53.201233672Z,59 iOEFK5pK5qEt53lMG6WCMu9DLytw3k9ZcRJmMHM2AVmliROEjHuqSqv9TU0Z0
2020-09-15T16:05:48.660885126Z,2020-09-15T16:05:53.268933761Z,60 RZXQTmAqyH0nPzJcEQddN6UC8TRFR1dMddRy1qKkdFyHNev7G1G4hp8V2XDwP
2020-09-15T16:05:48.671600482Z,2020-09-15T16:05:53.336175224Z,61 yEx0HuAmJUtkvM2pjCK6RIC5Cs8IDjeUMfhc2J19Y9CLTjFed6GFPE1hxEQ72
2020-09-15T16:05:48.682659609Z,2020-09-15T16:05:53.402998266Z,62 l6PclO2hL4BjP9XvIIv4HUuMZC9XcemYrMdr4DX15kOt9jcwRKq3n8X9gsZGj
2020-09-15T16:05:48.694098761Z,2020-09-15T16:05:53.476147807Z,63 Jvz64oayHU34ERcMdYcAedKgeE326JJ0h9WI8OJxVGwU8nnsPFjemzXpZTlcd
2020-09-15T16:05:48.704636975Z,2020-09-15T16:05:53.543456235Z,64 izj5Nq4KUossslSDCkJEksiTWcXi4gt6dG9wDJFJACX7JPBTAfhrqwaab74jo
2020-09-15T16:05:48.716135252Z,2020-09-15T16:05:53.607745587Z,65 9jZIq3QlnyVJijPhcCeCRjDrNtktXPKkZMjOVIgMRwCy9supFBoUXvt5Lh6CY
2020-09-15T16:05:48.727786603Z,2020-09-15T16:05:53.676408041Z,66 iuRj46VSFz94VaGCsWZhZ9FpHKxvDisRljq7IOSJ0jVHeROijLidZeGFYKnuG
2020-09-15T16:05:48.738781102Z,2020-09-15T16:05:53.745337554Z,67 APcGvsZkeDGcHKqXY2lQ252dH7QzbrQfQOLvHcRSdf9EVGpRXcEH3jhWz1Cyy
2020-09-15T16:05:48.750083004Z,2020-09-15T16:05:53.811699540Z,68 WOSbXMx9FD2hIBwbpSobfehCMMmC2yLehkimAalxM9ERIILcm36CSzTI1GhRF
2020-09-15T16:05:48.761253621Z,2020-09-15T16:05:53.878330162Z,69 cT8QUq5dBZFEw3D82deAGxZlr6vdWkjNkgujLXeBWORnYPgkmLOiXgmSxPCsR
2020-09-15T16:05:48.772642104Z,2020-09-15T16:05:53.945586797Z,70 B7Cgk2fDfhexv9sfVcSwQKSE4IcNwR1ww26apnvuv7BKotWUr42I68isFCf1M
2020-09-15T16:05:48.784064718Z,2020-09-15T16:05:54.011393231Z,71 lR0MSGwGepdfepOxTziPy5nj8lH2guP84VP8vDRapRllX7ji9hLUoP9JlCGzt
2020-09-15T16:05:48.795431519Z,2020-09-15T16:05:54.077761372Z,72 6Zb1cLbjFwABU8dqAJGsHUoiEaYIQ9lIYCJ3DTjkWCHizGTXNItUj8bUpI4B0
2020-09-15T16:05:48.807350528Z,2020-09-15T16:05:54.147943720Z,73 dbp4WlhMHpdQjmXxBMBHf9PVDIH04QyiR8t4im4Jtr6th6B58tV0DXUOBYDJT
2020-09-15T16:05:48.818643198Z,2020-09-15T16:05:54.214331436Z,74 MrRN0XgB17Zev71Ch67gRdcJ10LHesrcVnVTKuLqJ7g9x6Hg7pkKVDG5dAKaa
2020-09-15T16:05:48.829692566Z,2020-09-15T16:05:54.281283041Z,75 IRFp7WIbKV1NWca3P1ZQgXgMOyMYynBZMUjoDZnE4ruQSwE2YCoT4IoujcKxz
2020-09-15T16:05:48.840887275Z,2020-09-15T16:05:54.350216944Z,76 u4E56Wb4kx8PeOIrUvZESVOWQUChkifThoXZABU9Oi9lozUIieYu5Tp8kFSFf
2020-09-15T16:05:48.852349088Z,2020-09-15T16:05:54.415130909Z,77 s2qCyxLMOd2TuaZQvnBUvjUf7NVUkYnJ0sHwkXzH6WxdFYoIw7iHCPSAQPWGJ
2020-09-15T16:05:48.864188010Z,2020-09-15T16:05:54.482231707Z,78 yHWlJq2sxtn1f1zQDkNU2uTFgzpoI1XLHgXJtuNztforf7As6Kwd0o0BVZQGO
2020-09-15T16:05:48.875239649Z,2020-09-15T16:05:54.548185791Z,79 wVyrcd8Bvs2pqPGqgjlOyMpLrUKiu8bZFv6L6vjis4ceJsiDolrA2Kx8XtzUn
2020-09-15T16:05:48.887049784Z,2020-09-15T16:05:54.621461880Z,80 Crazag6GUlyc8omdkJc1aOiJcQa9vWPhygUtfo446HNXHXWXUnQO3UR13VSou
2020-09-15T16:05:48.898366703Z,2020-09-15T16:05:54.688361749Z,81 xjemxBVPWrYZOEVXPj9CthwM3TzChroMUCfqOlhMmM3oB4G3aHaYcA970X7ZC
2020-09-15T16:05:48.910382709Z,2020-09-15T16:05:54.756924031Z,82 cmDUjzrzISkbu6M9yBhWGhasneUfwIRMUBlhnJHTQgYiv5ZlcRnpI8yFESosh
2020-09-15T16:05:48.921692364Z,2020-09-15T16:05:54.828075722Z,83 f7zNgi1dHbcce6vuPSYArLoP32O7dHa6PjDie4oa8925a6YPXogWCIvzYgChp
2020-09-15T16:05:48.933454742Z,2020-09-15T16:05:54.894219228Z,84 U1Ia24jVrGCJ514NuHREGk3aZZOBExAYM5Ao7nA8tyO0zt3HmxFciYBqWlr61
2020-09-15T16:05:48.943675164Z,2020-09-15T16:05:54.964780515Z,85 iWB58uN5JyZMzIHmWXMQEZ3gbQqqRDBbLJvwm2MytIaGwAkwfPWM7v7KVR7Oq
2020-09-15T16:05:48.955314003Z,2020-09-15T16:05:55.035487602Z,86 h9ABxYbXafY7SUosph5k53WVMHqzPp37H50d4Oip3ti5x3JSAztNsdAUx87RS
2020-09-15T16:05:48.966387798Z,2020-09-15T16:05:55.102742214Z,87 RvCOYcy3fffW5aWrfSgWkRtCjhROhwlQTrxnNLGGbhewYqK5dzYzGG7Fil5JM
2020-09-15T16:05:48.977924123Z,2020-09-15T16:05:55.171357710Z,88 beUJPv7xchcDz38Bcie7GtbQRKR0akYYuugO7EsKP6SQW0bbhGzBef317rdWu
2020-09-15T16:05:48.989268105Z,2020-09-15T16:05:55.241174808Z,89 MCORvEsuea6zWIvGmxEj3GOiQoyXaXkC76gqgKOkNHVa7rAvtF82TS3YKumIG
2020-09-15T16:05:49.001221534Z,2020-09-15T16:05:55.306510698Z,90 Ej3m1AGRNUlGDTupewQs5MbVVYMlO33VCGk4rFY1989E4YgIuoWDgFaDfQuw0
2020-09-15T16:05:49.012054630Z,2020-09-15T16:05:55.373926111Z,91 yDSMS1E8ZbDH8iNkEkooiX66FC7kjxcuqUf8SjYomQrx30T6sRmR5ZGsy5gML
2020-09-15T16:05:49.022321542Z,2020-09-15T16:05:55.443607099Z,92 vSIlzEjEY2JrBDdPCc1cyJpeEyiqnpxzmD1eQTlzkhiHQkS8s2tGQWwX6Swak
2020-09-15T16:05:49.034198307Z,2020-09-15T16:05:55.508173437Z,93 vzlzdqgVmeTlax07Tbhqrilpzd834lecSGdnwbOQ0PQ4lam6y58VY2v7ccNXH
2020-09-15T16:05:49.045431312Z,2020-09-15T16:05:55.573738631Z,94 j39uxmMeaZqBWwbkymDTVgZOaHXx9WpeQsoiSLI86dtGCGbo4OQruhhbBbYr6
2020-09-15T16:05:49.056808618Z,2020-09-15T16:05:55.638875271Z,95 V3usDHyqj162C9gnmByJHLx5AixduHUEdDO4j8jSrkxA3qWXnV667pR69KQWr
2020-09-15T16:05:49.068244114Z,2020-09-15T16:05:56.710333234Z,96 st8pJZKEtp1AcxNeOUjkJuWJjiRB25lMfTZLHRELua4HPrSSv7hthaAhJiIBl
2020-09-15T16:05:49.078870833Z,2020-09-15T16:05:56.775529121Z,97 yEpNyWiveXsH6J01cIXcUxiN0m78MxumSkY9hJ7Ar5OPQH8zctoOMNe7Ycwz6
2020-09-15T16:05:49.089503463Z,2020-09-15T16:05:56.836157061Z,98 GpRQfovPitbuzwD67V7WjoiY8bGjP2dPDuJszjlo3AGInqpXa9pCftHEKZAbR
2020-09-15T16:05:49.100746929Z,2020-09-15T16:05:56.906555317Z,99 KQlx7pfMqLpY2KNPNpk6Hek2N9YW3NwP6bFuRCH7nyKk6Ym4asHfGhaPabmbq
2020-09-15T16:05:49.111887273Z,2020-09-15T16:05:56.973968681Z,100 QwOrmcBVM5FZn4AG5u10ygV24JpHalP5HvNYlAY1dsIb3ChY9Es6NyP0fW8Z
2020-09-15T16:05:49.123367417Z,2020-09-15T16:05:57.040029457Z,101 FTxnfNkOznnmwgbgeIxm9elgF3OUj9dhHUz8iPVIupTAojcaBrDmuUdCxqRn
2020-09-15T16:05:49.134707821Z,2020-09-15T16:05:57.109960563Z,102 4MWyYJ1GMR1TJbeEiB0XHmHBHcZ6wHggBAsV54zOpdpfMBnuIT3cbICo9aKE
2020-09-15T16:05:49.146779182Z,2020-09-15T16:05:57.176331327Z,103 pJHNYhOtbB0jVSfQxG6ndMNcECmaeOq5jb57CHmNrkYFLxuLk03WPnGQelMU
2020-09-15T16:05:49.156872695Z,2020-09-15T16:05:57.244043075Z,104 w3qlleMb4fXufj2N6yPqxweO7r8fLaTZiVIrts4bdaJJuQC52uNA8dEEhaA0
2020-09-15T16:05:49.167679090Z,2020-09-15T16:05:57.314547922Z,105 PWuaE6QM9fAvIClMoRtg3kWv6H7jQMBhMTdP2YiREMXu3QLnzCMOu6ckrHg6
2020-09-15T16:05:49.178958050Z,2020-09-15T16:05:57.378386799Z,106 1rpokFBGfx0mHYYU6Ugx7Rly4QJEDSpOfAN8Fts5ywE7PjEJKX63Lqqz2RVa
2020-09-15T16:05:49.190044679Z,2020-09-15T16:05:57.442659517Z,107 yhkAYjPioEQS3Nl3aTf9hfGx8mKTWDPrk1rZfa0SUqoSXsiFtjaRP84fNphX
2020-09-15T16:05:49.201582408Z,2020-09-15T16:05:57.508652338Z,108 72lNMGxaDdVIDEY3d7bbpjl2dwHGt64ZzPbCuXB2GR6YD0Y84t2Ac4rANyyt
2020-09-15T16:05:49.213018103Z,2020-09-15T16:05:57.578468854Z,109 3leVvDeTJYip9CkfyXBaMjcPq9x7X4ATnlrNIqVgj9HQemQ3jXVcOIaAAEWS
2020-09-15T16:05:49.223341064Z,2020-09-15T16:05:57.651503951Z,110 LhBkefT03oh4qF6c3KzDEERu4Klc4ieFo3b06EIYxtpAidFfBbxDTUEmh4NK
2020-09-15T16:05:49.235230017Z,2020-09-15T16:05:57.721193503Z,111 ot38DAibRIfTl2GkcQ5ikb6UGGuCz7Dx5EeOs2zllVf4qg09oIGx60u7Ap5k
2020-09-15T16:05:49.247388687Z,2020-09-15T16:05:57.791008037Z,112 3K1OPfYQmxtzeY7GKhvQ8SSk4PoCMe1cYbxXcV4l36uAI5nqGcOyJMn6Z8IC
2020-09-15T16:05:49.259549682Z,2020-09-15T16:05:57.860040006Z,113 Id4RMgl91yWgbQNWgBpufnfv9uO4oNnL3LgGdlgfxf7oOxP5YIXkEMd1bhKQ
2020-09-15T16:05:49.270887429Z,2020-09-15T16:05:57.927040899Z,114 cnZWrR9UZBzDCbvFHvbwnUfMADvdwm6eBV0AtGosalsZAQkn0JXFHEcKrCfp
2020-09-15T16:05:49.282353823Z,2020-09-15T16:05:57.995481548Z,115 byfYkHCGOggr3ylVfRIT3qNM7lMOekEwbLKjE5dbFDkJULtWC2xf6c8UOAjk
2020-09-15T16:05:49.293595613Z,2020-09-15T16:05:58.062000884Z,116 tviK7humnH1LQQmQoyAaQHjPmyarN0pc9dpzFuaV1TyxqQ2G54HjYClOlWcg
2020-09-15T16:05:49.304458533Z,2020-09-15T16:05:58.128666421Z,117 a2edOTYpUi0wPqXBLIrJ7UfbA1uZmwo10znAOETT50gSEihhcIQIkzixDbzp
2020-09-15T16:05:49.315578183Z,2020-09-15T16:05:58.195606373Z,118 X0Kj9pp0hGXzs7OcA573TH4d9IQ3fttRLcgDTdDSU0tglOmxG8c02n7nvzvH
2020-09-15T16:05:49.327155861Z,2020-09-15T16:05:58.262856649Z,119 dpw4eewvTJFjPVLtEUPWGTNIiRknIUfKcFRwHQ5gp6ItCHuPQou0dKe5zdBv
2020-09-15T16:05:49.338680442Z,2020-09-15T16:05:58.327108685Z,120 B4mZlIByjtqWuVxeOC0UxDz6hgiTKoM2kPSj1LCpqQGIz9RPVLrqonpcSYv4
2020-09-15T16:05:49.349790157Z,2020-09-15T16:05:58.394012772Z,121 GZmuxUQLj6hQIUdO9HpcsSitfwA1v4wtRBrKUibUMat3OdDzumWL5KZ7mb0f
2020-09-15T16:05:49.361378396Z,2020-09-15T16:05:58.459283667Z,122 W4TIzTUVMvacesD0YqkRdoNOdmYDrArDJyJ4JAyYniVQfMIPBPHgJovQMbsB
2020-09-15T16:05:49.372888508Z,2020-09-15T16:05:58.525005479Z,123 71PtUy1fmFzhIg0rLX3lxoLtrEOwBz0VeSt6dSw7fKjUrn5J6X6PIWRKsYQJ
2020-09-15T16:05:49.384435111Z,2020-09-15T16:05:58.591647137Z,124 GRkfEJlIwrt7BME1DgJt3XrkmnwkUlnXWuR3bvEpf01umFjak6eV4PucUnHw
2020-09-15T16:05:49.395887655Z,2020-09-15T16:05:58.661774225Z,125 jxmeZLlk3UBcGbhnKYj2XZaqmAgYpay8cj5h2LQR63kfpygpTX97PMq33Gno
2020-09-15T16:05:49.406673962Z,2020-09-15T16:05:58.728654629Z,126 aq3RUAw1ppt6zGOEosWo9YRzUVKr2PjQ4VGNaFBZ5lLwseGPLjD7Awcu01ed
2020-09-15T16:05:49.418434420Z,2020-09-15T16:05:58.798209167Z,127 edZ1KVLxl2R5Z2i1nM4BVot7ngkJaixqThTtYgnjvIdvm6h0E6sNCsIUbxJF
2020-09-15T16:05:49.429954998Z,2020-09-15T16:05:58.866494297Z,128 2eDoiFtpWPZx3Nu1PwPWqUZjcoC37KZ2TgXRKiyKWBGw04MyWWDh0pzli4e6
2020-09-15T16:05:49.440367290Z,2020-09-15T16:05:58.932478188Z,129 1IkMidn0u1DcfzPaLQhCLSQHhDd8HtYymFV9aVcDdhCYuABEaNp6Hgvn9XMI
2020-09-15T16:05:49.451695677Z,2020-09-15T16:05:58.999612712Z,130 NEOkRAmsyW2tBcj6OQ51WltAt3pGESqsskclfmx9oMz12ZsLjfXlxvIRe48z
2020-09-15T16:05:49.463111668Z,2020-09-15T16:05:59.068116281Z,131 0ErXi21vUSgyfjqIceHvCJoSvQpjt0ORTaDiYd9l3RkAEqjyzNmDzuNPu9Le
2020-09-15T16:05:49.474222527Z,2020-09-15T16:05:59.138595743Z,132 alZut7bekNV8INxwphFfArDGp8yBkf2Q13yESYVTPaBHHcVK4iTO7m3Rx1P5
2020-09-15T16:05:49.486419458Z,2020-09-15T16:05:59.205426671Z,133 ZH0vBgOzHTdoudBUph1y2t9qBN09PyycvBlvmIMqtPSlu5YSMIFM2Tj4AOYz
2020-09-15T16:05:49.497597377Z,2020-09-15T16:05:59.273835749Z,134 2SWUkKN1ANpmVu5HWBhxc6v2gHk0R8enum3JanONFX3DoNwcyEafxjWTBsCu
2020-09-15T16:05:49.508837185Z,2020-09-15T16:05:59.343684139Z,135 wz5zORAIop2Jjwd3AbvF335L7ya34erERORviXRVsQ8T1K545j8TOlrXFxcV
2020-09-15T16:05:49.519486906Z,2020-09-15T16:06:00.423431811Z,136 f8ZkO7IuklPlBRU9JvEODW0kZmoMkOTrhC1JrjB8u2VvuN1OP1TEYRR602Os
2020-09-15T16:05:49.531448024Z,2020-09-15T16:06:00.489156936Z,137 1z8emPQS8nrI6MWfMqGMbbIS4Zs0yWgWU1NAVPMS82jQYhigyoDbUGYiYK1X
2020-09-15T16:05:49.543006237Z,2020-09-15T16:06:00.558735712Z,138 F7G734oJlBGVJnJupGkaT8pELwoOwiyIfpScSjcdQHgvWGaSBLvVG4bFGvTc
2020-09-15T16:05:49.554113192Z,2020-09-15T16:06:00.624719484Z,139 nTEx2wJV4CRdVcDGfAHnz1IluQNHpFENvdSy6V1i06u4cdxr4XphAYIHgAAN
2020-09-15T16:05:49.564868163Z,2020-09-15T16:06:00.691523964Z,140 Y38EOr9xBXEDdT1BQmWIy3X5o0ea9qcS9DhtcIu8yKaWx8tWtqonJuBjKTAa
2020-09-15T16:05:49.576485407Z,2020-09-15T16:06:00.758875787Z,141 XJMUDadXa7cE05fc2qFF3mhd6OJRdstdRTWWImkENBHEKdQ7GQ31O3aemDdN
2020-09-15T16:05:49.587432321Z,2020-09-15T16:06:00.827006589Z,142 wXWUMsUz3t0SvhtR59tWjuWHr14SdxmdCmkuNBQb9s7CsAjSvRRma2EEsiXF
2020-09-15T16:05:49.598700646Z,2020-09-15T16:06:00.894971923Z,143 ItvqyYbyoeurEtCSQMFgH42SQvvJ0d0LwTlzFQfW2QE8Dxz6F84tQVuH4gRr
2020-09-15T16:05:49.610113048Z,2020-09-15T16:06:00.960230713Z,144 krbQo2KHM3Y9VESLaghsokFK52N6FFqjvzj6l8rGwzEZRAj3pC61yUyT06pB
2020-09-15T16:05:49.621824393Z,2020-09-15T16:06:01.024554482Z,145 DfnbigOIooW17QlW7QRZ5nEWOo0V6FLBpDETlJGmcjkOzm2C9vTEGMBJTAwZ
2020-09-15T16:05:49.633596814Z,2020-09-15T16:06:01.092939591Z,146 eZgNKp533ShkjPIND3xadk3PQbavAe4lCT5yqk0gcYp77GpCp5H5RWg2wwdM
2020-09-15T16:05:49.645012666Z,2020-09-15T16:06:01.159058617Z,147 7rdZGlNE7r68K8vCv37MZQNQoIyU3HjfiKujns3eAvFQ2yFjpFXNgoudbquJ
2020-09-15T16:05:49.655833779Z,2020-09-15T16:06:01.225587033Z,148 F3Pyw94wuat05PVzRDve5c9eEoxpUzfptpdWLBCMSUUL1XfOYRJmmcPVlQuT
2020-09-15T16:05:49.667267828Z,2020-09-15T16:06:01.293431357Z,149 nVAkbrELKrLmcYWlvbqLDecrscszw0WmMmjVUGGYGAb7ednmbVzdQhdfWbCI
2020-09-15T16:05:49.679224020Z,2020-09-15T16:06:01.360599624Z,150 wj2Nx667FFopVJGntVTB5MwoiAwHRfvfWdbAXVliHD1Zm02InPV6hw3yke7a
2020-09-15T16:05:49.691191754Z,2020-09-15T16:06:01.427014541Z,151 yyxp5oVvNfWq9fP9vVS5odAotfKi4rkbtfHF6G4yQPhRUto7L68YGDWD8P8n
2020-09-15T16:05:49.702353245Z,2020-09-15T16:06:01.495937704Z,152 YcJtvacPvviPRl5uSZL5Un6CpYo3D74wEahbZF3u3bvz9UaJdg6pw6Mk6ga8
2020-09-15T16:05:49.714185508Z,2020-09-15T16:06:01.562537579Z,153 Hv4ZB36Dj5iKr46vXvybPmBP7LnrfHmdCEOuEw6Ok1VEXXWkGF0mfsgYuxhP
2020-09-15T16:05:49.726238493Z,2020-09-15T16:06:01.628814477Z,154 PLB3p1HrpCCxoZiMTr9a2aMdCcs4OsCMalUJ11Gq0eOFqpSGSZoRlISVPJm1
2020-09-15T16:05:49.737528757Z,2020-09-15T16:06:01.696301723Z,155 X0af63KYtS2xeSpu2yXEx1ZAmBt6L2iPKKAU5DlaYxTU1I4OOAKk5jqvETzV
2020-09-15T16:05:49.749030537Z,2020-09-15T16:06:01.768330296Z,156 4kSKLFfBt5j7PMMuPbhakRw3BZVUckaUdzCRQniyZZVZfzj01kk3i5qjUr7e
2020-09-15T16:05:49.761176219Z,2020-09-15T16:06:01.834001835Z,157 mMYXGxP7IsruGMlD6dl1GkJLUNqotVElaNbZ4z98Fa1EdHSB7rK0G4XtjzCU
2020-09-15T16:05:49.771677713Z,2020-09-15T16:06:01.900547124Z,158 bCEeTwL2MmBPvYsw8EiPXKgKHgxjpmKhTbkMUW4ggXhDdbbA7c9bqDyhPZci
2020-09-15T16:05:49.782619067Z,2020-09-15T16:06:01.967459981Z,159 ekM2dyU1d24TBFnnr74aGOZAlzl8nj21TvOQn9Ran0GThQ9mJgzzvkLoCKJF
2020-09-15T16:05:49.793751383Z,2020-09-15T16:06:02.037209988Z,160 V0P1Brg0E4dLtq7rWbqgJoFnlaNqW9sTqQKTTXpZyOZxItWZGtg426ncgwiG
2020-09-15T16:05:49.804979936Z,2020-09-15T16:06:02.104007729Z,161 7Yd4v5dwb1HXSo3Op0HKjnWi68FtexSOON4KcONe4GuEKSzwWtjQNWE5SSDY
2020-09-15T16:05:49.816355031Z,2020-09-15T16:06:02.171242966Z,162 qezkbv9zwcp511x21QrPEPI5VnlwkSesH384fpwvLDzepoyhdIO4GClgLePG
2020-09-15T16:05:49.828109001Z,2020-09-15T16:06:02.236975579Z,163 vj1V3EKqVzulq3pQg3dXam1Db9SSuP15hjD9fx7qmZHZMEadnbaTDpuBlrWa
2020-09-15T16:05:49.839012339Z,2020-09-15T16:06:02.304443897Z,164 MrZqEL4tWiZ3Ax5zL0i0v4q57rv7DcJ6j0TUD5qZDM4Y2DpFP6NONCBfWRW6
2020-09-15T16:05:49.849932510Z,2020-09-15T16:06:02.371821084Z,165 kB3oCbAlavPRDUlonM93eBM2bJ3xLbqdXnpJQGWqhjqjdh0trrTvX3hjGhKE
2020-09-15T16:05:49.861022390Z,2020-09-15T16:06:02.441484730Z,166 wrUqSkgWs2SV4moPfE3sf3H0RpQ9umIlNaM6SfF59WoiNhEr5r8K3GAhA0Ih
2020-09-15T16:05:49.872311786Z,2020-09-15T16:06:02.508103416Z,167 FWC625zdo8klDVIoB8ISFYhwbTye4KKONCiGzoO1yyug4HVkU8bNU6Rg5WNz
2020-09-15T16:05:49.883927067Z,2020-09-15T16:06:02.575167841Z,168 6PEUyRupkJLx0ckxTJXlSGIJHB6cS8ZrlOjMvjFGpPFbfqi6PZswpxiiFXLC
2020-09-15T16:05:49.895363378Z,2020-09-15T16:06:02.642414109Z,169 mAHArBLFPIuKmZGAFzLU6dm3GA3L9yPB74yjtKCQvdCjjeKxWxGvief6oNIv
2020-09-15T16:05:49.907439834Z,2020-09-15T16:06:02.709180772Z,170 tq9YeZeVcNJ5gW9JWD69lgBqXxdMDZkKwXSyF03ITrLmPsTzyjIDmURh9YvL
2020-09-15T16:05:49.919128827Z,2020-09-15T16:06:02.775175571Z,171 czExDLNwX5nUqRfmU0gQG3lCWEpfwoaPhARW7ESAuODi3rLqzfsQdtbC8OZV
2020-09-15T16:05:49.930346894Z,2020-09-15T16:06:02.848524234Z,172 Q8v7tGWtYAYIYSK0McSjdbtAIcrKgKKXPeByG2ElKGwrAU3jzR2SLuYNZt59
2020-09-15T16:05:49.941501851Z,2020-09-15T16:06:02.915031259Z,173 Va2AGUu08JxtEcsiubjIUYoiSrksxI4mlivqnrCBi7jOkmd9tIg0dI9ehkRJ
2020-09-15T16:05:49.953080036Z,2020-09-15T16:06:02.983520781Z,174 AnTsUtqMOWxf5sSUuYsQuxcDSZzi0nrF5R8ps1NZilyRsDC0OqQtMiil03vp
2020-09-15T16:05:49.964481317Z,2020-09-15T16:06:03.051307342Z,175 xOMC5pHsE8hcmqpASSfRxa8mzTU3PVJIFP2XnQzV9aySKmog4u2i8ObPrkVA
2020-09-15T16:05:49.976454730Z,2020-09-15T16:06:03.116846807Z,176 OH9V17I1yTie8xjfrFDv4kLSZwagLyi5crslZ7SIC4Q2VYiShblj5D5nwZ3X
2020-09-15T16:05:49.987762332Z,2020-09-15T16:06:03.184210007Z,177 qRoPIfAtReQ2vHKcSggevWRasMqX8SV1P6ZpB6YkL0E7eaOXI7dd69ZZRsFp
2020-09-15T16:05:49.998715939Z,2020-09-15T16:06:03.252895904Z,178 asksnMxsOfkEQ72krYQWhER63zgV7W91KcF27SM2D8QPIfe94mISgWunWpvF
2020-09-15T16:05:50.009768292Z,2020-09-15T16:06:03.320632962Z,179 0MgljtfYaJEOtgNBFZvC66vO2hzz0VA7dQ2ax1awJbtpMyPzGlL8bk4PVk9U
2020-09-15T16:05:50.020915755Z,2020-09-15T16:06:03.386046515Z,180 JqENLCLA5kOfgmhAPohz8vHZCzO5KvpCciiuwNMWa3C6MYLNUh113nWQEzGn
2020-09-15T16:05:50.031494931Z,2020-09-15T16:06:03.452155305Z,181 zRZtCdKZgT2CVKTm2DrwyU5S2shLaG4ZFlkS3OHgAwBA2DtkkkDpPjxR8ANe
2020-09-15T16:05:50.043160414Z,2020-09-15T16:06:03.521976162Z,182 8CAhmMvpCJ22xRu1bieU8cibHU1cXtCG2hQQkFNUGtDd70V5AWtuM86rNEtf
2020-09-15T16:05:50.054177639Z,2020-09-15T16:06:03.587607908Z,183 wftlkuN0rpqPk1TNCS6f4hXyGnLUI5Qypwpdbs7q898YfxoNLRqB7J9iodMM
2020-09-15T16:05:50.065300740Z,2020-09-15T16:06:03.655057542Z,184 3XE4pVdFWl9ggDBKly90CV7W1A6bK1c5hGzkJMCShh305qigeYNXw19cIvkT
2020-09-15T16:05:50.077197939Z,2020-09-15T16:06:03.725145264Z,185 etZg0KqpFF1zLbhok52Be4wi77Nhsisn3NOAGKH9mz7SnDgBC0gi9J3c8cnK
2020-09-15T16:05:50.089374594Z,2020-09-15T16:06:03.791633631Z,186 jQm0FvSoAOukLJciRNIlgCazPGCzrAW0hOcXcGmJ8kX99MMXLl8nEIHWZPSo
2020-09-15T16:05:50.100754893Z,2020-09-15T16:06:03.858127414Z,187 EAoNhlVZ5NLjHWKd7zieGd7guzfZZOxQLbKZDFGN0n2XwMmgriQ5t1kW0P3H
2020-09-15T16:05:50.112116599Z,2020-09-15T16:06:03.926523106Z,188 Gw43JLdgBuUBO6Ok5eo67BvV07ClIHznr6jFQBAn50tqnuiOwLJyOLJXtUJf
2020-09-15T16:05:50.123388027Z,2020-09-15T16:06:03.997882093Z,189 ammMZN28tpx5UEhO6S39Rtk2Rc6DUxSwT37glAevTZyJxVRIRiRUTkMVbGhc
2020-09-15T16:05:50.134926370Z,2020-09-15T16:06:04.063963246Z,190 axhQKXBEJj1xYF9BIqDiGhLmJQUTXqaGL2QlMPhpuNnSbqjiWVZGJkGxbRY1
2020-09-15T16:05:50.145802873Z,2020-09-15T16:06:04.128274083Z,191 9EjSq9EOxlUO14770aEHkWgmmSIIGcYBDJIgmSiOFVHBO2aS6kZpESkbWWlk
2020-09-15T16:05:50.156880397Z,2020-09-15T16:06:04.194847598Z,192 vsRlzcoO9SlTEjQB6FaEZC01CY8yzLDTrvXLhffw4oGLs2uqyv4vimsrzb1f
2020-09-15T16:05:50.168274176Z,2020-09-15T16:06:04.264632528Z,193 B7g93uEqoIHvFUDZHIAodQ7ECfq8nPT9SxRjcuGIP94xTooySendz6KwAhC6
2020-09-15T16:05:50.179399241Z,2020-09-15T16:06:04.330670365Z,194 guImXarDEehR51xvvWuzMy9h0KsMhshN6OWrrtzNZVUw2m4x0hUBXlNag7DG
2020-09-15T16:05:50.190085823Z,2020-09-15T16:06:04.399023066Z,195 2Q3lBjMYafTfdZuugyMwzY4fhNjUAodmwNEQfzIWbvY71ckMXw2giqd4XZHM
2020-09-15T16:05:50.200386455Z,2020-09-15T16:06:04.465029435Z,196 CpsJq1ONPKorhNKagt0VOkPiRplklLV62p8vmuOBT6qrdZ4xee35pttp5zXw
2020-09-15T16:05:50.211987145Z,2020-09-15T16:06:04.531016908Z,197 26ri6jfudpxVgf7W5L0RuOvwudSIlvVP3VhLfDnlNBaNoclU4zp9g0A1ujau
2020-09-15T16:05:50.222910675Z,2020-09-15T16:06:04.600870469Z,198 Mk7d6n8mVPwSYVXiRgafctlXraqEZQmhrwLpg82Tt8wnUPMbddFwd4VP0Wev
2020-09-15T16:05:50.234368982Z,2020-09-15T16:06:04.666072630Z,199 jSPHmjBwsyffrN5JmNF9JSK6zxAelC2puDOHHglhmqbSdNEJehIgnxUlS4N0
2020-09-15T16:05:50.246385085Z,2020-09-15T16:06:04.734338631Z,200 uQVEVE7Ho1mtNDDXUW1sQIFL1paPqpjNmyFg9OOgNEau8EgvJamRqktyxZCV
2020-09-15T16:05:50.256587491Z,2020-09-15T16:06:04.801465557Z,201 gcIcs5Ttc1erMnv0Gy8m9UqXsxEFM6E6V8ASZQGXa7KZjEhRH2xZGSByPeNT
2020-09-15T16:05:50.267654502Z,2020-09-15T16:06:04.869222112Z,202 7oAad5OQIJs9GDGgBvtRuljmbsfYr8T3jEJfR0ACAual3N5XGUUk942Eprxt
2020-09-15T16:05:50.279422824Z,2020-09-15T16:06:04.935715766Z,203 Ol7jrhIaoyrKnAGAh8Q9pxQQ7ptx9nzpu5WFjJpRc05cQlr7bmD0MCLmYcbr
2020-09-15T16:05:50.290977346Z,2020-09-15T16:06:05.001105548Z,204 EJ6X9uNHnbzdUJ9XPdBTHgt8z0HHiaVKuWg4MckA784Nf5V9kUkFtgO4Egrz
2020-09-15T16:05:50.302251815Z,2020-09-15T16:06:05.071296985Z,205 VUixTXOQoTFDfm7d5NTVmSP1TZJzGvCj3oS0VX1zuVH5jDHhdoumL8Rpc4nd
2020-09-15T16:05:50.313048520Z,2020-09-15T16:06:05.137688898Z,206 tKKO0BPWmVgBk07IV8T8pxLz3Dcf6UVFfwQefU1N1pCivFEfkAtGZKYOEHG8
2020-09-15T16:05:50.324433759Z,2020-09-15T16:06:05.205737544Z,207 cFqaTgfsP1WTdkVWzRTNl3CStrfrf2bs18F3wnL0ZlW8QWf4Fd8M7gDCKEGE
2020-09-15T16:05:50.336220101Z,2020-09-15T16:06:05.273404027Z,208 PXRqVAg1EghPti24BTXG6yDlR6Cl4Qk5Nk87LIjZtzPUwprMVHAFDikNaz7r
2020-09-15T16:05:50.347461957Z,2020-09-15T16:06:05.339377717Z,209 cceyIN0cgemNDxW07InN7WLNQ7Nh2OIVfnyJxMAHoF1Bo6PbJWBbd1qt2smn
2020-09-15T16:05:50.358997096Z,2020-09-15T16:06:05.408985175Z,210 XdMRvjZp6i2cJcc9xtpm25RL1lteg21EoTOOnoYpfLfCCjzVd67PD4kEjr2z
2020-09-15T16:05:50.369774692Z,2020-09-15T16:06:05.476773497Z,211 n94nLWS8XheSLVWXfDXn70IKnTKRZv3Cyim7ZDIcX26OY2gmQQWtb3mPBWQ5
2020-09-15T16:05:50.381476329Z,2020-09-15T16:06:05.545781249Z,212 RrADkCo2dDSZmk96tyZziAtOXtwdr1ux5YEZ0sg2qthe4YzFVqJTlTtCSvvn
2020-09-15T16:05:50.393995294Z,2020-09-15T16:06:05.611632178Z,213 mm70E5bTEeX0LjZXqjXBI7Ds0Dg7bFX8EtBPaVGubUANwSSGLtxwvSwsC6xA
2020-09-15T16:05:50.404364144Z,2020-09-15T16:06:05.679616614Z,214 tWSK4mLBqSsUmqIw0yXPd7bNO7fqheTOzOD1MGdi6xyk2ITjr2iKXKz8QrOY
2020-09-15T16:05:50.415385307Z,2020-09-15T16:06:05.746630204Z,215 9mOiRFCCybn8BnOKegP3ysMTDhq9Tjrd02reKe23J3R6ixrlMXBRVNf2GSe5
2020-09-15T16:05:50.426556510Z,2020-09-15T16:06:05.812292979Z,216 qXhfBYL6eYWeHeByGvRPllbRXifjwLsLDknt4JMVHGTkjutx6OL9q8NTsZ50
2020-09-15T16:05:50.438239534Z,2020-09-15T16:06:05.882233896Z,217 FIHqDUCX5Soq2l1HiD38ltLlqzPu3mO3G0b3F26ZpUen7eSSKBd1mPa2TTE3
2020-09-15T16:05:50.449992555Z,2020-09-15T16:06:06.000505986Z,218 cLRkldPHF8LiWP2CJshi6Vr7vMTN59Gqu0INdk3QupI0aSKJpzpY6JL3O9dQ
2020-09-15T16:05:50.461372808Z,2020-09-15T16:06:06.070994981Z,219 zUhf4pUM3zOVSUAe2ceINFGdkeSSSfPr8PhMicPvfYw9HEfKbZQUvQ2AOVL2
2020-09-15T16:05:50.472623831Z,2020-09-15T16:06:06.136234343Z,220 xDxwTdaGWxVLEMtDaAdao1sD7BsKE50uEi8bjBo7hrwpOdlimNgUdATe563J
2020-09-15T16:05:50.483462609Z,2020-09-15T16:06:06.202772405Z,221 s3l98P9MBQ6ASLioo6PhRUqpwPHWD7v2Zex5SDG5FhpRwsYEfAhIfDoLab3d
2020-09-15T16:05:50.494566232Z,2020-09-15T16:06:06.271044652Z,222 ZQ8SMHfA7AI5IKFzWNVpAZeuQ29OuYRsQONCHr98FoxGo4ZlXqs3f4pBYbcb
2020-09-15T16:05:50.505945848Z,2020-09-15T16:06:06.337042504Z,223 RleD0IjGi8CUBXP8wTYQRw6NPHl3XIVQ14H1qZxfBun08t3xlr1Yvat90xwq
2020-09-15T16:05:50.516982808Z,2020-09-15T16:06:06.403927969Z,224 REsyClBePZtDP3HnqUBAof8gCdeDupSCIkBzdzG4BwHHJ5uTcdVXY7bZdHDW
2020-09-15T16:05:50.528020955Z,2020-09-15T16:06:06.470341961Z,225 PzzBZf9r0gQBqiEQq03rBJHcsls7BTNNJajf45T7urLpi0tghpdfgwzHLF7Q
2020-09-15T16:05:50.539076280Z,2020-09-15T16:06:06.537418935Z,226 7PcPa7CrjHy6pJsySHa2QaYbbykdNwlV64Uc4WJzsT0PdAomUh4pOMWVkAwg
2020-09-15T16:05:50.550155193Z,2020-09-15T16:06:06.607053495Z,227 wIpUu7IbnXXHvxcuhuYxOnnwD4FmlTvVCWedsWr1byylo6vkYu1q8YhtKC5k
2020-09-15T16:05:50.561017652Z,2020-09-15T16:06:06.674206160Z,228 910peomhHfS4tvJFMuygdu9tp0gjZ5c8UEzIEIWLA3uZuhfrgH5qnnh8wz9x
2020-09-15T16:05:50.572206226Z,2020-09-15T16:06:06.741593672Z,229 sbEFYMLHIWYFijVvDvDdDYtrkQKePFWWyMHFJFHWYreXDY493J3tetDCz5v8
2020-09-15T16:05:50.582752047Z,2020-09-15T16:06:06.804727407Z,230 OEtN3NtxpRfudKBkKZwmNdDykePlfRAmVBjAF0ML2Rixcm8F8foqlXQ0YhER
2020-09-15T16:05:50.594121174Z,2020-09-15T16:06:06.872502478Z,231 tX949kQpcSUfqkMUPDT5VegK0mvdWAITCirYY6dCwECxEWJJSNM0TGM8Sy9P
2020-09-15T16:05:50.605193366Z,2020-09-15T16:06:06.942775378Z,232 OJwr4dvkJRu4HNgXdD7h81tJjNKEs2BB6n9b2AXeLMNk2yv0FJ0dd4dnd5dc
2020-09-15T16:05:50.617022968Z,2020-09-15T16:06:07.009237052Z,233 B6LsBadNWuWecOWB0aHHFoMgL9mm5rfkqT2iYHbBpk5ptmEaCOQkCl7pg16v
2020-09-15T16:05:50.627998057Z,2020-09-15T16:06:07.076185660Z,234 r1y2swlWDSyJwKNiwHXIiOXsqeaKxXHd1c4U6YUhB7siV3xkAq9bu1ziBWEa
2020-09-15T16:05:50.638535526Z,2020-09-15T16:06:07.140431015Z,235 d4FICrxf4eaUiut9IKgj1aiGpuEMcZlnWhs31Bb3I9XGdRN25pfrvBF4y3IH
2020-09-15T16:05:50.650246994Z,2020-09-15T16:06:07.208147987Z,236 Aj2BFRgAYyTKfsmrfgbHpxTaEBsY7wSlKy2kY14rT0pFTma5VjDxYNt6yCMv
2020-09-15T16:05:50.662157336Z,2020-09-15T16:06:07.274732637Z,237 jQDAUrNQnaoNzcsgBrX5WaHQc2Cej4YPDlLEH7KsvLsSxmR5YCN5wOQdTtw9
2020-09-15T16:05:50.674072950Z,2020-09-15T16:06:07.387883265Z,238 5GhJKB5jXoMzudoiq7q4EVBqOMeknz7FB6FPygqiDkIL4Nd3pjD5vNYYtoJz
2020-09-15T16:05:50.684400552Z,2020-09-15T16:06:07.454073827Z,239 OiEggPtJGFsVEUl52ro0JuZhC4VgVlaaQewdF7MdczFsVMwzuIAPtQsSQUhm
2020-09-15T16:05:50.695743290Z,2020-09-15T16:06:07.522977565Z,240 IUbnTKhheJh8tJqgLrW6VD9Uh7rkZIoxSaPpbL2RWSVa0pqv934cnQSTzgpf
2020-09-15T16:05:50.707389489Z,2020-09-15T16:06:07.588907716Z,241 wdROrhLg7mS598vhxyc1cdkGG21g7iM1jYUIuFQ519VxWo50ED7jrfhdBl6i
2020-09-15T16:05:50.718911629Z,2020-09-15T16:06:07.656848973Z,242 qtbjqQ3xF1eEYIXLkBXCVPTFnzzF6WguoYCBCrlVkDVTGG3x011bdoivOK4K
2020-09-15T16:05:50.729626241Z,2020-09-15T16:06:07.722869489Z,243 6x4vvPi2G3Hhg5D2k1Apx3HxVWBg9Zzdw1sFxFNZW80FtYGW7RlqD6JOSlaZ
2020-09-15T16:05:50.740821953Z,2020-09-15T16:06:07.792172604Z,244 F4iHbAATVvhRr6Mj1hebltr4yTTnuiEJ0079AU0lKT5lTMCIJgWTiYCd5c30
2020-09-15T16:05:50.752198309Z,2020-09-15T16:06:07.863067370Z,245 Wf1EJynm5yyF22ev9hitNtaec83iOnrFksYGB9guHFy9u8UXV75uS2FfjP3R
2020-09-15T16:05:50.764160432Z,2020-09-15T16:06:07.929613831Z,246 cpPfY0RSvLQv8VDVjXiM6XfHfUWqZCAQ4xWWRp3NRupIRziQumAXdgNlcWn4
2020-09-15T16:05:50.776328821Z,2020-09-15T16:06:07.998164251Z,247 M8zRerrG1uIWkTFMPCIenEz0iQxtlq5SK13Hmr1kgKFhb1deyy4MPxdg018t
2020-09-15T16:05:50.788215005Z,2020-09-15T16:06:08.066623034Z,248 vzvz5JWPVXZwWsBNCJKZfb2b1OrGpz9XaMDN7MLRAHpeavAI4uDOzyCLBiys
2020-09-15T16:05:50.798472779Z,2020-09-15T16:06:08.134554187Z,249 HG2MXsGho5Hr6k8TRW8dQRICpBoR62afPZ3LsYCTY7PwVFY9Qo4FY8ux5Wp7
2020-09-15T16:05:50.810331008Z,2020-09-15T16:06:08.201003781Z,250 BMorEVOrQrRhzY0kXYWHTpcdFLB9sV9E7AbIYowCotDztYdYHfka3epXNB2Z
2020-09-15T16:05:50.821823014Z,2020-09-15T16:06:08.267745246Z,251 4SAmhIGh9rk5Yb7YFe9uflXm8LQmTD0spm3EsKKwdl7S4oQml0DrwkwrSLKv
2020-09-15T16:05:50.832723143Z,2020-09-15T16:06:08.334427996Z,252 4SPpS6cD2V4e6yZJ69929giTkIcikR0ooMIZKxyeSZK4o4lqYT55S0Qj3SYP
2020-09-15T16:05:50.844151502Z,2020-09-15T16:06:08.401287140Z,253 BIS1KchYvIjMArQPwNOL8tIHkd6vf0VJQ64HpbTvlXxVPERtJOOi1DVomQbI
2020-09-15T16:05:50.855747228Z,2020-09-15T16:06:08.471742931Z,254 vlP5vMrEj9sEcUAYMP0I65ijaPKzFjqdcs0LdlHIbcRPQ0vu1FpKIsq885rf
2020-09-15T16:05:50.867169367Z,2020-09-15T16:06:08.539578247Z,255 jzq7hQVONrx11vZiRfBhDWQQMAaGSzUPGoK85xFtTRF8vbkcMM40w66Pnq9F
2020-09-15T16:05:50.878770231Z,2020-09-15T16:06:08.606613573Z,256 G2ucsiG08e4GiCF7FpCcKy303x8C6dUbLfvaKyAi3IlQhOkoO4m6ru87sqRZ
2020-09-15T16:05:50.890168120Z,2020-09-15T16:06:08.671992974Z,257 1oh5FKbNVmuKU4vza8300pYVCPmzLOEv1A7PbeFg9KEIhvv943KIx0tGZ0r1
2020-09-15T16:05:50.901323191Z,2020-09-15T16:06:08.735681860Z,258 Eq0FGsQLWQSltCfXA4lZjoaDnZYtid0Acb37Qgwxr0aK1NEt3Yra4No1sla0
2020-09-15T16:05:50.913053270Z,2020-09-15T16:06:08.800181650Z,259 wEZX28rYtSx6aTQwfnlJDIC13M0HrPNus26Wv8BjXIHfXgbvfRSzVMzhxZPn
2020-09-15T16:05:50.924302789Z,2020-09-15T16:06:08.867167317Z,260 FJ38dJ64cRPlFAomIy8xMZtZhGsmDuyyS2dOJwrXIHWbdIEp7aZY1jJOCP8T
2020-09-15T16:05:50.935986836Z,2020-09-15T16:06:08.934400881Z,261 5NPViDNCu862fpwa7KDVGd2elGcNgxWOuX6LAY4OkpU1pR6GiRsFOaFbzPR9
2020-09-15T16:05:50.946878920Z,2020-09-15T16:06:09.003760828Z,262 ksGLThnmLw6P85RR2XDlhOUXLcBETEPcGpTwweDb7jt8NRgtBvPuJ0A6lwPO
2020-09-15T16:05:50.957484670Z,2020-09-15T16:06:09.069615512Z,263 J0CoJRErCLoRdbWsM7vwp1fdyg8BVjkYTvCVLu5yD2F7xcpyTkneOaw1p5QQ
2020-09-15T16:05:50.968783314Z,2020-09-15T16:06:09.137175031Z,264 nOe1cZdc6wrFW7pveRE5YjpRhFQfPSlbYXit7UYHqeTIiaL4go5biRB2YSvx
2020-09-15T16:05:50.979866333Z,2020-09-15T16:06:09.203855305Z,265 nZxkZ9nXWOLdbwHxbP8pnC0egLWWisJhjQFMZZyVX32L8EtW4sFMUtlc8Jxo
2020-09-15T16:05:50.990986356Z,2020-09-15T16:06:09.271139443Z,266 M1LtgIclxf86cAuz3U3zgSdHMBsUCn2pKnOiu7qbDtvtE97WKruYCgGBX0SR
2020-09-15T16:05:51.002295174Z,2020-09-15T16:06:09.339605095Z,267 GUp6p3mEkjkSzEqw8pOlbMaTZHU2yWIasN4Ra7JVwikoLtoE3WNqv4DkVbMg
2020-09-15T16:05:51.013096352Z,2020-09-15T16:06:09.408246264Z,268 chOs2Nd4RnZrgEU4zP6nCKv8R2dfTfz6fqDTfwyhHwzHzY2JSzlEqq5oVWWl
2020-09-15T16:05:51.024587886Z,2020-09-15T16:06:09.473198974Z,269 g8zryFN67yuEdhQMBu1TzYWIcl2VCAtQoTXebMlD7zJKxqhD7cWOuevMG7qp
2020-09-15T16:05:51.035798565Z,2020-09-15T16:06:09.540636499Z,270 0KTg4rv3MQCVas9690MicJw88vdkBfPTEhS0vUTCgboVWfwzYZK2OJpeNlHa
2020-09-15T16:05:51.046887802Z,2020-09-15T16:06:09.609681259Z,271 prSdjE9dBHm4AU2PKVOn5xpPxG561SzSYeQtYJJ26uGacJq2fqLgAGciETqz
2020-09-15T16:05:51.057877214Z,2020-09-15T16:06:09.679088637Z,272 ipVT5D94CDcbn0WBY3W9nN1eWOKzQWHftkjpBKcL6Wpoqx7kKhjmdSoQtwyq
2020-09-15T16:05:51.069126123Z,2020-09-15T16:06:09.746619339Z,273 xzwyNIQJDTXzBvq8mJWvTgEqzjtnzeo8uMTciVpmqje0VtKB8ghwAZRBWy5D
2020-09-15T16:05:51.079965870Z,2020-09-15T16:06:09.815616720Z,274 U8tlTqeJOQZrUj4ww95cdXe6XgaF43pmhYFhHbk2pt0x6n4BoRTbg2XV5bS3
2020-09-15T16:05:51.090395840Z,2020-09-15T16:06:09.879700050Z,275 nsRFZgLYqekYxX17l3IYk0uxmiHmEpjZy4Saja0HWoBVEgKoQRBbATggYaVu
2020-09-15T16:05:51.102074324Z,2020-09-15T16:06:09.946757943Z,276 kytfRI26qVspLgTs6xLUY7hyZNTfpsxy9DZFqFA9bDTWOm3SgePXWNP5zpZF
2020-09-15T16:05:51.113264713Z,2020-09-15T16:06:10.012722142Z,277 wSiKvymvQFV02oD0xznO5CwfsUVpqLVeeIP4Fw4LLzd4IP38EVe2R2oCguIY
2020-09-15T16:05:51.124857721Z,2020-09-15T16:06:10.082735973Z,278 xaMKiDr7w3qyvKSlQ8FYFBMiBqUDxHeqTyVB4JrbAzhd1ayL67RKC5EdEBPn
2020-09-15T16:05:51.136476059Z,2020-09-15T16:06:10.149914537Z,279 4wK7jPiRosfVCZVrAPN6unjVBBFKXWZBt4mtMO09xw8rkhUYa5wKBTo0k7Wl
2020-09-15T16:05:51.148177578Z,2020-09-15T16:06:10.218318013Z,280 y2B1lKbB2zoOWY8WBtbhlouxAKXmFbRT7Alo5qeR36CWpH3iSBxloXz2jr93
2020-09-15T16:05:51.158950918Z,2020-09-15T16:06:10.285012605Z,281 HewjrFtYjrOtkSlZJnjKo0kfuERyb4uv7MxYwhevCr7JtoljQAVAguL3wUEN
2020-09-15T16:05:51.169318486Z,2020-09-15T16:06:10.351656266Z,282 bF8ZA9aLLSbJP8eeRfknenP55Z8Gy4LdKP8aOILTwLE7ZhQSK35Co59Dmcc7
2020-09-15T16:05:51.180606160Z,2020-09-15T16:06:10.419036792Z,283 OcXbI0jaRazupZkHWTxnPdWgVjt1QYjUowAoV6zPuIdOpIhB9kaXXcj1po3G
2020-09-15T16:05:51.192290486Z,2020-09-15T16:06:10.487219761Z,284 hLaMp4Uj5S14J5zSwdYW0jRFhL0Scn5nbX7MTYdZg6xxT0YC5BNRUTjwK4pd
2020-09-15T16:05:51.204040572Z,2020-09-15T16:06:10.553196275Z,285 t3zv0otoekePzYuSSRMBOhwf9Pw5N7LecRUJ0aiDkTEpHTTBkiC8KLxoOWys
2020-09-15T16:05:51.214918529Z,2020-09-15T16:06:10.621441914Z,286 7su0aHz9SA2KhbodkStIYVNDyPC4eL0b5jeI19gIkFfFV82KqEBjJR8YXNzH
2020-09-15T16:05:51.226006134Z,2020-09-15T16:06:10.699889680Z,287 wRLlRKVn8N1RySBoTkFSwhiyxmHKBN7CYrVZw06uV94MbuJiJsAOxvRt1eH5
2020-09-15T16:05:51.236978689Z,2020-09-15T16:06:10.767632532Z,288 lDhSLM2J16Ra62f6AdUDhbItDtHzxFLVKDHVs1SGVLq8otUYiLBnGssV6B1B
2020-09-15T16:05:51.248237071Z,2020-09-15T16:06:10.835565205Z,289 qpQgUSIYVxD7GyofXqnLOlB4LuEf1syukTpCz0F5cJzkgWzdmUFJX1ZXdNGF
2020-09-15T16:05:51.258670106Z,2020-09-15T16:06:10.901837319Z,290 UOvWxhNX4scwQL0SUbWjQQJMp9rP6zQaPPnUbQgjnqcN0bK9jF885Jty4SSI
2020-09-15T16:05:51.270428206Z,2020-09-15T16:06:10.970134763Z,291 ogCm3qEcfyuw6w4cTlA6jxvwNQ8EFOwvIuiF2vgfBsudEBenkuLAUx03TeCJ
2020-09-15T16:05:51.282384774Z,2020-09-15T16:06:11.036492978Z,292 tMDzo75I8jYjsZyrvbeUEGtaifmoj5vm2sVpiGwx4UqIks80oOQTWUjOlAgC
2020-09-15T16:05:51.293120556Z,2020-09-15T16:06:11.105476223Z,293 Aj7hITUSPPCrz5czJTLVUT9RJqa4gkU6baVcZNvZdLaT3bp8Poada6OkhCMs
2020-09-15T16:05:51.303408565Z,2020-09-15T16:06:11.174472949Z,294 8mAaKrtBKC7XkyaDbkcpqxnzyncEjVjciC6185uIj9eNzzwsWtzyZjFUB016
2020-09-15T16:05:51.314649830Z,2020-09-15T16:06:11.243473391Z,295 0WkHcMWWyfUHjP83wJhpWm1datt8CGdWy0R59WeC7th0U8x0pfBT5nvv7jk2
2020-09-15T16:05:51.326027301Z,2020-09-15T16:06:11.310136552Z,296 VfVgvH3kHYACHBkWACSQUOKoQecbZC3Goc5jxAsqwmRZE1KlsgsgOMTA4GYj
2020-09-15T16:05:51.337494508Z,2020-09-15T16:06:11.377489989Z,297 nXeIbXJpUlRKWgJiVLiCmpNV4Rim8y0Pl7FEA9rtiZrtUXD6g7lkND5iNeIl
2020-09-15T16:05:51.349172230Z,2020-09-15T16:06:11.444826426Z,298 auY0u2GUJbF0jQpx9aEhraJHXAwJIPXTyIVeRTsBSSiZMwH5Jf3klUYFxwLT
2020-09-15T16:05:51.361087030Z,2020-09-15T16:06:11.512859559Z,299 R8soPwB3rUiO2vAYrJlquZ54avvwwak5FXasmGO6oe2IYBmzBv2zNoAeBZWP
2020-09-15T16:05:51.371967798Z,2020-09-15T16:06:11.579981387Z,300 C1Ci2B3r6mJzbJGEfNSOfTuo8NIqOxXNgFL4y571tner2PRa4Y5qMBl17Fkm
2020-09-15T16:05:51.383048349Z,2020-09-15T16:06:11.650170411Z,301 8QSiacHJq2Z6J4In8Y8aeDzYMz3pZPD3jL7jHFgVMZM8vDj5JS3FlAj9kccR
2020-09-15T16:05:51.394311066Z,2020-09-15T16:06:11.717753307Z,302 zoTixRVJNaFMSqgE80zcP8ees6XUL0U0zcD6u1Vb7JDbk2ZOAiTUqds92PfQ
2020-09-15T16:05:51.405060465Z,2020-09-15T16:06:11.786312645Z,303 DalOANvU6jaG85FEnY3Tiwr3SLQZoz8uffVC6WLlcSZO8HhlzUpDNs6t2WUd
2020-09-15T16:05:51.416639721Z,2020-09-15T16:06:11.853862304Z,304 oExFWkj9uidgkzSrjuiGHzSFdPMYIv2wfH8alzO2xI99hh7Tr58oIEbPvtAv
2020-09-15T16:05:51.428740524Z,2020-09-15T16:06:11.921408362Z,305 MmcbK7AKdfHdRwx0hClcZeYnoi51t4WoKWaIhgBQZaNZIIrTkrZ4Kq0DITvy
2020-09-15T16:05:51.439985970Z,2020-09-15T16:06:11.988424092Z,306 GCPPT7wNuvHCux96YTfpqZfP83giuWv8JN7Ef6pLDZCh21GhxYkhhN4C5Fia
2020-09-15T16:05:51.450684135Z,2020-09-15T16:06:12.055383425Z,307 f3fUW7Gsji3uHZkpbJyrqdD3chSo8Fyewl3FrlISc4lLnkkDS5Nr2euIaRqn
2020-09-15T16:05:51.461930090Z,2020-09-15T16:06:12.122311006Z,308 uxb8bCzxAdtGytMJLLcbmdb9CIZKwBHVFUMVtch0MYgq1ufAQcLqZLYLwQEO
2020-09-15T16:05:51.473181240Z,2020-09-15T16:06:12.188934600Z,309 B6CTPMmvLK9pkdadXcIRGjpFJBjTAr1A49YCj6VSsaKf3VxZTpZOce44MNun
2020-09-15T16:05:51.483844467Z,2020-09-15T16:06:12.257383420Z,310 ZjHv2EQUqwmyFEg6bvo7aysL9fhYTue5Y7wV6q1fyOJsyjoJB2t3sD4sicss
2020-09-15T16:05:51.495480850Z,2020-09-15T16:06:12.324712339Z,311 ubnSYOua44LbH1aSXVNjcxDdNJZyiuqLIxXVoHPP7gzTCiSvoamO5rZ7SOS8
2020-09-15T16:05:51.506912361Z,2020-09-15T16:06:12.391403466Z,312 feePiFtGU1KOUxJ9Cl3iI4nsuyXgsLOZMSU07giSc3cy85JArPem3HYJs5Ji
2020-09-15T16:05:51.518411448Z,2020-09-15T16:06:12.460068848Z,313 fGyIAFqwc1DK0kKJ4tH26Khh67XabGvAmeJBJNct5rRbDaTSVabhV4GFeeIE
2020-09-15T16:05:51.529470989Z,2020-09-15T16:06:12.526680164Z,314 smj4tx7lOvhvdGm2xziLTXFeBjFctrsqtVb3dcIuTbezAU0Lb4Ui8blLSSY2
2020-09-15T16:05:51.540987555Z,2020-09-15T16:06:12.594173975Z,315 E3euWGlDfmks9jD4yYPtP6VWTR56PvJfUFUDYeiU17OTdT5meCyBKwwTUeyp
2020-09-15T16:05:51.552624647Z,2020-09-15T16:06:12.660637438Z,316 hkMmwsYOnaXmCQMHpagqqiVTXrDb7ajZAsFJhLU4Y4dZdESR0yvR5DmbzGCq
2020-09-15T16:05:51.564293396Z,2020-09-15T16:06:12.726208369Z,317 cM4mzR6dcuYUDmknz91YTsveDzPRNZ06VXUPafEFCLb5MBzSkod3gwTLyTOz
2020-09-15T16:05:51.575932490Z,2020-09-15T16:06:12.793577778Z,318 8ngBG9EjqynLostK4KQP3ntN22eK9chKRO1E72jfqJ7vcCreUBpEhemvBYyH
2020-09-15T16:05:51.586637461Z,2020-09-15T16:06:12.861880407Z,319 qbPbIxlNfPksHhP15A0HzyBNJKmrDF3Pwhqs9p3qzP6G4ANs3M83NKbVnohn
2020-09-15T16:05:51.598262209Z,2020-09-15T16:06:12.929571014Z,320 lEzHdgoY8nYXWFVPKbmlnnOzQTkQKXtXH4SvwrOf0OhoVY995bTIcxu2OLf4
2020-09-15T16:05:51.608532150Z,2020-09-15T16:06:13.000555127Z,321 yRoTlADeVbLkGxWv2jXv7TKqKp5LmlO2sMXsIrJLPDWxJzHBlsjD3aa3zseS
2020-09-15T16:05:51.620055714Z,2020-09-15T16:06:13.065388531Z,322 5XnD7N0OjxVt5zZRMRbddoy6cTcGWWEtBzEkWuzCRH0AjwK1j3XS9gv5Tyzl
2020-09-15T16:05:51.631519536Z,2020-09-15T16:06:13.132164323Z,323 5VoeerBmlEsxlmBmsBbmQqkyf78J11fM0PDPtGibvKgZlY7fmWfPw0RF7jti
2020-09-15T16:05:51.642692227Z,2020-09-15T16:06:13.201294140Z,324 nF0Su8RB8MJzA23eFnazNeBgw2l0n3YysZUgYJF1dI1VwMmyhCTd4mhNqxeE
2020-09-15T16:05:51.653778467Z,2020-09-15T16:06:13.265598079Z,325 zO0aiY1RqtokZAkCSIshMfFYK4rYe0OUa08NdqRrL5s0hurEq91MvbKI0nnP
2020-09-15T16:05:51.664929265Z,2020-09-15T16:06:13.335395291Z,326 IECC15FaVig5uSnpWrI5M6p1zJHcHuxCo8YbjuHl2HL0fZPucH1H5kCqTO1n
2020-09-15T16:05:51.675882658Z,2020-09-15T16:06:13.401783558Z,327 NxbfmYKUqyNpz3mYyrLjf3R1KJDnv4Pq0DWwBnQJTuPxxMgVuoehGJzIGPyz
2020-09-15T16:05:51.687004846Z,2020-09-15T16:06:13.469282759Z,328 ZJ2IqfZIRXIpdbZlwY6RqznUvdxF1lwXomO3MWcsvTZECzIIKZCsRDG1zT02
2020-09-15T16:05:51.698291601Z,2020-09-15T16:06:13.536475328Z,329 snbJS36owdVVPrQjxAxWGXjmWl7H4JSInI9TbrVPUPQ3nPGkP8t4tv9tQ2IK
2020-09-15T16:05:51.708786822Z,2020-09-15T16:06:13.606073905Z,330 AzycZwPPWIqtd1bal0xdaR71y1mUsY9DWxpI5OWtiVKYjPP1VweZ0ZQQe4LS
2020-09-15T16:05:51.719637983Z,2020-09-15T16:06:13.673167043Z,331 BX8pwA0wAHkFT4s6FOB7QYdK6Yi2vPmpMm0g88W7qt404t31u1kYZ8Puaqje
2020-09-15T16:05:51.730649853Z,2020-09-15T16:06:13.738584852Z,332 d2YfjKlV70VeyEW5wKgVwqDwLGRt80is3pRfbVyXWSrzpUNguGUm4Du4a255
2020-09-15T16:05:51.742111338Z,2020-09-15T16:06:13.806924813Z,333 QcYU04Yi0G9KgwF4WqwLJBPCBnfIeqBW5m6ZlAp5ynMehpSTqgSAdVofOgwU
2020-09-15T16:05:51.753001052Z,2020-09-15T16:06:13.876912294Z,334 FEWOGVMJpNVGEIj6ucjOEXgMTAQRVjljIUxKsRMVwxH7LyxfkyJ0cik8Ouwy
2020-09-15T16:05:51.763800621Z,2020-09-15T16:06:13.946701889Z,335 BnT50LFeZCmotTlx7HmShNRNuH9kPE7IkHYQI8fX3N8RvVfDMgGoQfYDtAej
2020-09-15T16:05:51.775185884Z,2020-09-15T16:06:14.015560246Z,336 Ja01tVCVdxwVEJnYaWZi15szitwrw6GB1FO2W0uBolyy2kMuaCjJzpVA8HTi
2020-09-15T16:05:51.786145591Z,2020-09-15T16:06:14.087519914Z,337 2EleXe6hNw3aO7s23CsAmkeysVFSerq9IwY55ew80IU8SGiZS2Y4VJ0zR0f1
2020-09-15T16:05:51.796775646Z,2020-09-15T16:06:14.155761873Z,338 1yhq5zBIzwqzKWrlhZARDSjpWBNHQSoNbSAm11C3svHCy3TdBJdqRywM71mp
2020-09-15T16:05:51.807900271Z,2020-09-15T16:06:14.222483039Z,339 as8rUmLCyHgrgrEpt0L7qOQN8cO50NZYpDScUFqYRXnQ6SJgenloeEovAJla
2020-09-15T16:05:51.819087636Z,2020-09-15T16:06:14.289470419Z,340 8ksyvxAUmNed5x1AR8SG76tVC5Z6w6x32gRjMQW08vIISWLeSvsDds9mE3B0
2020-09-15T16:05:51.829681172Z,2020-09-15T16:06:14.354903292Z,341 p2FSJbLnvakLtGN9tLeJDyOmnrJRtKIfeIPysGms2AxrutPaWDNGfIkmIgeD
2020-09-15T16:05:51.841398505Z,2020-09-15T16:06:14.420682824Z,342 X6QGCwPdqBA37qMvS1Xd8lHFsJVULvI9lfozo8GypmdE0XAXxtc0z8q6nGVz
2020-09-15T16:05:51.852406153Z,2020-09-15T16:06:14.488401322Z,343 mVp4cxhuy0wSERUQ8IupWPgKkbq5SeiOvq7GrV4jDceiDxGgxZuNh3t98B7f
2020-09-15T16:05:51.863479720Z,2020-09-15T16:06:14.555252306Z,344 QSlZ2LA2wUKoaz17JxXwY7rOGpCkeo1GxbGPsKaJ3WzUZ8gpKPkFgEqGRLhA
2020-09-15T16:05:51.874902618Z,2020-09-15T16:06:14.623305989Z,345 ag3EDVPe9RwqnEE889iDVhjYHYQ5OCwKANyW1UmmEiXMTI25dd9cxdVU6P8Z
2020-09-15T16:05:51.885535957Z,2020-09-15T16:06:14.691262946Z,346 KZrET1YANqeA9wNhd9MhWtXWxHFmDTED628OqPniE8mVKbnN9ly9EIvlyGDs
2020-09-15T16:05:51.897422534Z,2020-09-15T16:06:14.758934812Z,347 AOgiM0XHR0qRTBqVqUicrlN3RwcGMCRoZn6osis9xls0c1UnYRtoTpLgOdBK
2020-09-15T16:05:51.909133186Z,2020-09-15T16:06:14.827420652Z,348 pKrQobF3z9vKlEckzU3iZzOsjhC6kESx8eDGZ3JKusMjWQ9DnmBxpdGvREge
2020-09-15T16:05:51.921000079Z,2020-09-15T16:06:14.897177451Z,349 2zcTPQ2jSf3BwDhJBROc5B25uLtAqtvDNY1S5aiqVeFm9BSO9r2rmrjZzDq2
2020-09-15T16:05:51.932393888Z,2020-09-15T16:06:14.967010631Z,350 G0PeMgAbJbhJJ1PGAvMGLNC481c1DvvLPxZzz7OzM971cWPTuB4PrdigmDwr
2020-09-15T16:05:51.943663813Z,2020-09-15T16:06:15.034047348Z,351 BZ3WAi79gmCWSmUALMop21XseVaO4czfaIFv1XnDTepocigbX84v6CMPlqOK
2020-09-15T16:05:51.954945268Z,2020-09-15T16:06:15.100046349Z,352 gnfdQgJKTpsKu21lOooC7rYXO8S4MNhKPtuQ9jMbhTe34gCpfFsrxR9FwOqs
2020-09-15T16:05:51.966725549Z,2020-09-15T16:06:15.169017398Z,353 lsUPWwBXaiOQT3N22DEuYUXof2SCBe9W6Bg0w9yJeYEfjs2O0HIhvfeDx5Z9
2020-09-15T16:05:51.978542630Z,2020-09-15T16:06:15.239071112Z,354 bBmTHaOi5AmdKmPamRfYarkALto0yt3XtB2nk2Q1ieyURnoJWyCQpklM96bU
2020-09-15T16:05:51.989741489Z,2020-09-15T16:06:15.304691270Z,355 4pN13JMqyoPmIiRWrq1WduB73XtEhi4BKBVLkdkr1S3BtHCVCo6MbtqY3oRL
2020-09-15T16:05:52.001401529Z,2020-09-15T16:06:15.372101399Z,356 1UGs3JzO48zTsKIOmz0UWX1WAhGfHdn4g9dYYDrYXQUDH5cWKSqBzRhxT64z
2020-09-15T16:05:52.012975594Z,2020-09-15T16:06:15.442341004Z,357 TPXvi0Likb1xzauknH94O0CggoqJdUOMNUfmWtvTIP9OnlQP86K0lTVR6Ayy
2020-09-15T16:05:52.023679439Z,2020-09-15T16:06:15.509732879Z,358 tLkrQEDszyoXj6x2uDN6mMENr3ta76o4JlGmYP3EWZJy7FrTcBhXGQbIfyOB
2020-09-15T16:05:52.035267558Z,2020-09-15T16:06:15.581009384Z,359 PfZshejzHd5XNFH5HlwsUjtbV7SQ98IFhKNLhpfE3dOzwZxQm1dzqNGOzcYj
2020-09-15T16:05:52.046107109Z,2020-09-15T16:06:15.646057335Z,360 jMFYgK6Tq12wAsgoYLF89Q0Qcq2BGExfXjXQlzInYW0zIwMwru6d0lUQkp5I
2020-09-15T16:05:52.057958198Z,2020-09-15T16:06:15.712626405Z,361 0ZmZe7wO0HbHKVp6b9h2sQ8CZgzr4ute4eiuMyvorwUQs72GqPjh3nKO1rii
2020-09-15T16:05:52.069063933Z,2020-09-15T16:06:15.779362081Z,362 Z0ad8h5r2J6sSjfudTXH3g9JahxVBRPArl3nJQ1PWv07azkk4J18MOOwmiy2
2020-09-15T16:05:52.079595199Z,2020-09-15T16:06:15.844326802Z,363 fleoUXTOfppOl1FYSOedmOsdn8yA6M49CE2eSj4IppLDXlhZRiO8phyjPZPM
2020-09-15T16:05:52.091376329Z,2020-09-15T16:06:15.911736336Z,364 8LMzR6xZC8MMSheKBoNXwCttEF8PEW7vjuJiL3RGoY1FSY5bacBtwBY1EAGE
2020-09-15T16:05:52.103002978Z,2020-09-15T16:06:15.979611040Z,365 6qyTx2wClZcZxdN90wmflXifFmzxH0eZS4rPsq8BRw9USwqxPEbNVqE7irEj
2020-09-15T16:05:52.114013861Z,2020-09-15T16:06:16.049034670Z,366 BioBihet8iJZC91h9hDPELibtbYAUotyRYrJqVKFwcdG7VKDrorokhqAsVyf
2020-09-15T16:05:52.125252911Z,2020-09-15T16:06:16.116953795Z,367 eSbaedFeEYVjVoXIfIV1tDkINUhE3TpLrFo6XRa2eW7seiqQEWPtqpinWRSO
2020-09-15T16:05:52.137421228Z,2020-09-15T16:06:16.183339252Z,368 eLXGnrEJacxxn5exH0vCfaLyKmvLaqcdDfo9hGCf9KS1NO3gywVjY5ke8Gmk
2020-09-15T16:05:52.149216353Z,2020-09-15T16:06:16.250543040Z,369 Y4n9cqyLOp4pUVoCrOGJUpPXwOepjYRsuJsB4iWCxpQrsEoJvFsQHeCutCZY
2020-09-15T16:05:52.159848603Z,2020-09-15T16:06:16.320317855Z,370 8XTBybHYgV0pqhdDkBNyK82DfKppvf3vvA2TeceNOJKvQhsVUfCaXcuD2gdc
2020-09-15T16:05:52.171318480Z,2020-09-15T16:06:16.386823459Z,371 376dIPmXVNQLb8suGDZXJjMY4rZXWzhu1XziVLZBUcR2huxw48Cvd7UMeipD
2020-09-15T16:05:52.182658341Z,2020-09-15T16:06:16.453987024Z,372 sSnnQznHcDLtkfYZnqEHqjcSobNBXpCgLpKAddAOeQo4fhfqizUOc1Qp1Etq
2020-09-15T16:05:52.193888093Z,2020-09-15T16:06:16.522952124Z,373 tIH7pYVQIdqLKwxuad5KROt0sWmHjhPUVidhMl3Vl2A6aIas87aM0lF8Ckzq
2020-09-15T16:05:52.204587517Z,2020-09-15T16:06:16.588439699Z,374 EMDpL3QtP8UU7jkjCwnaKyAMiPgRgUgjpaLbNSZpMtCNUZf41zlD9GqS3J0o
2020-09-15T16:05:52.216238753Z,2020-09-15T16:06:16.659283572Z,375 VSIOF0xAugKZ1dZVzpgwZna8WHU0N5BEZlBsvrtYz061dYgfCX8AQc3mfONF
2020-09-15T16:05:52.227975928Z,2020-09-15T16:06:16.728760335Z,376 5FgCDcyxsVMDjaTloF8YKQej8bJTKHhW0b8maqXAvxxd9j4LHEvxzoI8Hdyt
2020-09-15T16:05:52.238761828Z,2020-09-15T16:06:16.794428714Z,377 yetu9X9ZxlWUPkOdMFg5Oh40NI20LEklVVvaEwyCdkmryeLof8f7bqrJogey
2020-09-15T16:05:52.251130718Z,2020-09-15T16:06:16.863268329Z,378 2olkpelZPvIk4YiWckJGM9IfkWoGoOpR9RQpWBYNX7kHvFjM1tP0Vf1DSjjE
2020-09-15T16:05:52.261817031Z,2020-09-15T16:06:16.927475288Z,379 uPn4lVY9KvtxysxrpScqhTUiQHf0Az0weGUM2TucV873BRD7uze21AgT2R1n
2020-09-15T16:05:52.272646619Z,2020-09-15T16:06:16.993719086Z,380 2lOAhmMBuKRkUxs49J3Ut7iXMMOa5LvEJFdE7wxbsGNGPoraGOHTM1NjskIl
2020-09-15T16:05:52.283349628Z,2020-09-15T16:06:17.065977680Z,381 YL8BcbW0honrTpyDDsWEf2TK4d70yMZCR7CJ1nkpDzGs6iegrktT5DEA9ZBW
2020-09-15T16:05:52.295281278Z,2020-09-15T16:06:17.132855009Z,382 5wZMN5ltuYBhcdTQwrJNV8kieVg3VqeOXfR9dAnClZCYO2HLvJZLgjFVjjUa
2020-09-15T16:05:52.307240364Z,2020-09-15T16:06:17.201457205Z,383 o7ohknZS7ceFRAOQHc6hAGRV4C1xWRF86aBnldh8uWB2fydyDl1PIJxm5sxY
2020-09-15T16:05:52.318537061Z,2020-09-15T16:06:17.267609772Z,384 ZRJHEPe29ghLNG1jhzMwb1YMSV6UgBHc6zWSbr8oC0J93n7x8vhSXp3UKWoe
2020-09-15T16:05:52.330429594Z,2020-09-15T16:06:17.331541716Z,385 KXnynHxxncM7aK55sF3ta39frtG062hbMPfc7kyoopC7nLghvAfezQogYLdm
2020-09-15T16:05:52.341286431Z,2020-09-15T16:06:18.405945463Z,386 C71ctyhT21vXfHALQybgupmkq6oteUEwmCg0yWbhYONZ049cjptZNJrcbeWJ
2020-09-15T16:05:52.353419264Z,2020-09-15T16:06:18.468459524Z,387 ec1GcH3iT0LjsLJw0IaLwd3ZAjfUeBCnbW921fvV64E14K8U866dpozNvKDK
2020-09-15T16:05:52.365162504Z,2020-09-15T16:06:18.533159383Z,388 lqVP586FLpwq171rsKnWUHi5omho8LzPjsirDQK6fJuJXesy2KZ7tZvotXGs
2020-09-15T16:05:52.375655668Z,2020-09-15T16:06:18.597252217Z,389 iPbl91v6HWLk46KtrjF9tbSsbHRlP9VwPZQD0MSmGd3sQWomTGOZujAaszae
2020-09-15T16:05:52.387154543Z,2020-09-15T16:06:18.662388454Z,390 stNlSjVpWk6n9Ij5r3uHLanLv64ocCTMoOIItgbYWrpDxvh0MrGfrzreNPZs
2020-09-15T16:05:52.397932001Z,2020-09-15T16:06:18.724730122Z,391 Em9e4GyzmbayRd23jubfirV0PVbZvTSQIKAayjCsHhEbjWXbi2atzAPqeKlq
2020-09-15T16:05:52.408643792Z,2020-09-15T16:06:18.790906328Z,392 FiYifLS7inGYUZKd4yJKCF89pX4MM4VEqUZjwes207h4vjkbKwxsyHETDsdr
2020-09-15T16:05:52.419696447Z,2020-09-15T16:06:18.855531619Z,393 aKeid4VHXQ7qnjCnU4I24gWWWIJlvjTuTbRLgqJso4twSGm0KzHwExgHWDLh
2020-09-15T16:05:52.430730825Z,2020-09-15T16:06:18.920572131Z,394 R8zLrvz4Zh7GFZZhRFLCjFUWYDBjOQk5plU5KawF7RyUtdOINwb7Eu8G4biM
2020-09-15T16:05:52.441624069Z,2020-09-15T16:06:18.987986562Z,395 KU5vvuj4eLm254aD1tXHmBtIVRXr0jaTWv9wrDC05Hjq9aohR5ciU3cbkfVx
2020-09-15T16:05:52.453318598Z,2020-09-15T16:06:19.057544116Z,396 oAn8ovX7h9cQfMw4KFpI4AoW03BO0rQFfvX256SZNOmjJhuAeOJyBLkjSMeU
2020-09-15T16:05:52.463492224Z,2020-09-15T16:06:19.123328175Z,397 iSrMYEiea9VqLJyOMjKJMB7uwW266FbohQuouKBpdmbEJFc0WGME3C4pti9e
2020-09-15T16:05:52.475492218Z,2020-09-15T16:06:19.190220369Z,398 kq3Bu4hOqRMlPgdtu0Tsl2hmMZBlfElCiySdOK64F4T85DZjhyrlsO1AodYb
2020-09-15T16:05:52.486295552Z,2020-09-15T16:06:19.255446918Z,399 3xkk7SMWH6qiacbAH8MJLFmlv3uiyEReRDcxbFHTP557izXNvLJ1uYmasGRw
2020-09-15T16:05:52.498563230Z,2020-09-15T16:06:19.321619406Z,400 IOV3nqkfQXuFXI24fbrDo7jjirbXHfILMVqRWCQ9Syg2iDDmn1nvjOoQo6Q9
2020-09-15T16:05:52.509933678Z,2020-09-15T16:06:19.386379211Z,401 YouyFbMcRdTbh9c2vnYPMBzxK9L7iVFAOBeQPwtOvAY8FJHFcu4h57o6pj8f
2020-09-15T16:05:52.521072129Z,2020-09-15T16:06:19.452698190Z,402 ouYbzwUYrG0RTrw4EaGwYVV4j0cte5Kvv03OIkAaxv5wTbeFETHikpS8kgKH
2020-09-15T16:05:52.531536506Z,2020-09-15T16:06:19.520069768Z,403 2hE1euc5rok4KQhAjmczCNv49Jx7ZypWMKKB4RRmQ1WTgYRPkkJHLSZZ10gA
2020-09-15T16:05:52.542749732Z,2020-09-15T16:06:19.582025698Z,404 RhB0JEC7p3jXtSoTBchJ4kJyMMZ8NbFkDtnHXX6anwvLK4M3KTnz7wyKQ0hl
2020-09-15T16:05:52.553557845Z,2020-09-15T16:06:19.646218985Z,405 DWXRcADcW2S8zxmPWIcN2BXvSBEGLQtb7Pkatv6y5tu7YfjlSYDQmPK6ZS0i
2020-09-15T16:05:52.565270748Z,2020-09-15T16:06:19.712658850Z,406 RwkZamJycUym0AnZ6NjFqQFr1RmHcfjm9cm793RhsvTxXlg8IX9MQAc9bxkQ
2020-09-15T16:05:52.576849782Z,2020-09-15T16:06:19.781168944Z,407 LymELE0qPx00zW0tAAd1ey3TvzRZPIRleJ44gKx3rEilYgb7hmB2302MYhmt
2020-09-15T16:05:52.588477229Z,2020-09-15T16:06:19.848789910Z,408 yoiuN4JGxOHV42KE8Xt7RFWNyPXqRvP1nSA4HZbG55I7RYqDSwtxDQfHtpkP
2020-09-15T16:05:52.599710386Z,2020-09-15T16:06:19.917505003Z,409 CgiSZZGZJFrVjxmPl5hfFR67DME3DizuwJqurIZ6NBWA7xNNktKRFIDI72LM
2020-09-15T16:05:52.610878877Z,2020-09-15T16:06:19.986068965Z,410 zYVTyr0KodoJUmwBylZeSXXwK1qWEJ6UwgX7ajPHg60drRA24F7mgdRx2zEW
2020-09-15T16:05:52.622493160Z,2020-09-15T16:06:20.053070273Z,411 GoBchaSi90vrkVib9nneAG43j9coT4l6fiVLkgfAJC8bmS9c3bAP1bAM0u6t
2020-09-15T16:05:52.633573982Z,2020-09-15T16:06:20.119979501Z,412 Gvq8i5p0BjjMzeqYvaVCWt0QjGpdF325wqcJCywEQhfTC9F9nIocg9xDlZ82
2020-09-15T16:05:52.645062533Z,2020-09-15T16:06:20.187986726Z,413 pWPeRoj9pyAPTnNIsGtJpfLwtDgBa02zrLchv3gVRaYAaJEWHvSPzYAeb6yC
2020-09-15T16:05:52.655720319Z,2020-09-15T16:06:21.257113397Z,414 FsCEbPEZdF8NexHDE3ntuZlURZMS2no6ZR7pdYX1Tc2n1IFexzgT4aemjiq7
2020-09-15T16:05:52.666843774Z,2020-09-15T16:06:21.323142525Z,415 a0W36ZyFutWn3TM3ZlByYKFfLERtJeng2iqeTRfE2LBRmnYaihDSFj1BwVV6
2020-09-15T16:05:52.678302821Z,2020-09-15T16:06:21.387993648Z,416 XO5IP1Ea6LUCnqBHHd6viaR6AxuM6fo3xCfwbV4NKLqOV7NTeZ3XdYvj66Pp
2020-09-15T16:05:52.689958900Z,2020-09-15T16:06:21.452772860Z,417 EGLxxesCOr2Nd0mAoXh6nI3qoyyjbIUrMcXHTdof7vyLm55pe26T1bzN3FvV
2020-09-15T16:05:52.701453727Z,2020-09-15T16:06:21.519493251Z,418 cyePRFeMuJH5yyiksqZYecLLq6Yzr6AgeUCrPiU9H8BRKzbKr2alT9T5LSI1
2020-09-15T16:05:52.713164200Z,2020-09-15T16:06:21.585691230Z,419 9crLw3xQyXSRYtWpnpF4MD4RkU03Afaav0Z1KIz5Ck6UIw7qhG2e6DdyQl8h
2020-09-15T16:05:52.725226191Z,2020-09-15T16:06:21.652943884Z,420 An5fppAbFNQ3cd1pBKuJiiAkHjl0fPt81sfrOsI7Qdwv4mhQhypwTte0Ywj5
2020-09-15T16:05:52.735610793Z,2020-09-15T16:06:21.723374422Z,421 m5jDsP12Rrlx0fHxtdNp8I7hDfXjkZK2T4gM2irTOAYBSODOdxeDSaCcbOKS
2020-09-15T16:05:52.746501596Z,2020-09-15T16:06:21.790289332Z,422 FJzY1CMk5GIf6s75uyj3yFRowo3UGyoONhqtm8pRBitQwREc9iU8cmhirS1Z
2020-09-15T16:05:52.757974667Z,2020-09-15T16:06:21.857728532Z,423 F7YoQZfu379OnRfoJFyvU8VaMyN6cGqJav6DSCAJdsVklg7ZbS29Jd9dZYek
2020-09-15T16:05:52.769475418Z,2020-09-15T16:06:21.923068587Z,424 gaJdGJD98ICVah3fWHMG9iUVu8bWlK6Z9oPVEagfgI6co8v7jGsNJ1Vq6qwp
2020-09-15T16:05:52.781479370Z,2020-09-15T16:06:21.989872622Z,425 ii1welyrEsipvDSb4ro0xldvy64qNbaeENZ7UuDCnhgL3FCwKnGnzrjpsdWq
2020-09-15T16:05:52.793590007Z,2020-09-15T16:06:22.049721467Z,426 MPehMA9Tc6mpzMdok31WOodmSw5Qcw5OnQfVnzxou5x8R23grSeJYCz2n3sR
2020-09-15T16:05:52.804816217Z,2020-09-15T16:06:22.113787267Z,427 NZy2G6FuJh3tcow703GuyJ5tFMKar4dILpujQCJbY7cjbq4hKk9uO9mdrsOj
2020-09-15T16:05:52.815691973Z,2020-09-15T16:06:22.178554221Z,428 cUeJ8gpaexhnGMVQx9KdyCnBZaDKQKNjJFoSSPw7CaAuIQLeIVwuqCO5mCtf
2020-09-15T16:05:52.826893554Z,2020-09-15T16:06:22.246886579Z,429 QZiIumCjhBjJtkgzyB0qH4aLQn2xDapqn6sFrAPPgXfpMElmWdK5jMLLQQ1j
2020-09-15T16:05:52.838174885Z,2020-09-15T16:06:22.312511371Z,430 iTweCfNQ8DzemuWBFJP60FI0Ckm9HJpBhvCGM9BwZW7SqDBvi2UzmCNR2SEy
2020-09-15T16:05:52.848901668Z,2020-09-15T16:06:22.379095182Z,431 B8yhSUoXpLkUKMS1r8HVtMXw7khrj6OQpAWRaoSOoR7EkGOVWOtFSw6Wghqs
2020-09-15T16:05:52.859785202Z,2020-09-15T16:06:22.444797920Z,432 1LRq6cO2MbS9jjLwhlSgwQp6JEIWlfyoZKu0eb1RCS2CAUUSz9RfTUbMnYNr
2020-09-15T16:05:52.870884601Z,2020-09-15T16:06:22.508971728Z,433 KCAuCL4hmgx8ItCHfY2rAvh8RTeBG4NIgddfsOBC8UsosfBcHGSW9YIvgnb2
2020-09-15T16:05:52.882141606Z,2020-09-15T16:06:22.574961877Z,434 HKJ6z5xgA5d9ymn7uj9CJQywNmNwtjNPNwNKoIMLRF98C3ODQwWna6NHkM4P
2020-09-15T16:05:52.893472477Z,2020-09-15T16:06:22.641600573Z,435 tbK1cC4gZrKryTlezlUFP39gVfaOT9wPOkBg9ZHaXYksRacaMzeGBOZjNdpx
2020-09-15T16:05:52.905293697Z,2020-09-15T16:06:22.707420903Z,436 iUIQg4wywBRtcgkYmegyo1O72tTeatLdNSsabUiJINDFDDzcGJhSR0mfnOY7
2020-09-15T16:05:52.916640522Z,2020-09-15T16:06:22.774834132Z,437 LF8CVwQ2ST2CdM2yNTFCnR8X7StZPDsbvzQHFjq5ZPFnyHfz0ek6TFfB37hN
2020-09-15T16:05:52.927611680Z,2020-09-15T16:06:22.840722216Z,438 o47uoI3j1e3U3JVBawjLvzK0GZAL3UtAZLsI6PQO96fXSSmq94h6ddnApXHS
2020-09-15T16:05:52.938633177Z,2020-09-15T16:06:22.908660836Z,439 tPOdzg4IDbAqdKWa00PmHCyBhVYBARdzQUNkNHLCkKtiDxSKR2qrYcJordq2
2020-09-15T16:05:52.950154933Z,2020-09-15T16:06:22.976254995Z,440 v0SW5qjeAvSJrNHc65vmmgs7EXTGGS7RYOE19hFjaxeAxnh7KEUSfj4oxRDr
2020-09-15T16:05:52.961362143Z,2020-09-15T16:06:23.043693880Z,441 5CBZzoBNpI7n8GCKcFiOLik3nhMNp7xXpUC279g5OkHyaPtbpiNTFuJGZqYz
2020-09-15T16:05:52.972903451Z,2020-09-15T16:06:23.105794066Z,442 uUSLtEQSW1BlzE0dOIvQajaMOGTfIwoegbe5YDjzxQzjjtXr4BIGsEn3yd2r
2020-09-15T16:05:52.983862971Z,2020-09-15T16:06:23.170377047Z,443 wfPGmR7UzZja4tjEM5AZbhMLqUAtXjXYIoEM8eCtcdI6aM8p6Q8Z9iqKZdIZ
2020-09-15T16:05:52.995327775Z,2020-09-15T16:06:23.236484632Z,444 7dN7mbFE1xiML1zXfTmUHWniVhVCMMJuRHFhDuyz37J8cGsx1DZL1ELiFf7f
2020-09-15T16:05:53.006224775Z,2020-09-15T16:06:23.302492602Z,445 W1sGaJOunVrCSq2z4K4pHTOQIwEWPQaHNaUG65Xc4EGPi8hlsVZUJGEaLPVa
2020-09-15T16:05:53.017419464Z,2020-09-15T16:06:23.370144985Z,446 Ez8KtulTAYZHfZSXLOlpMtwHSWoUc1tmZszjoOoWeHlCuJAMpk2EgtCi6NVx
2020-09-15T16:05:53.028452337Z,2020-09-15T16:06:23.435276681Z,447 BBJX9T1KPfBbgP7ozdm8u75yyTurLSJZIBmgdLr8X9SV4A3ZCd7MEXHLIDjq
2020-09-15T16:05:53.039622013Z,2020-09-15T16:06:23.503103044Z,448 ansjjfYuPr3VANrxkQde1boKc3kvk3RgGouOI7xFkAiy0ot408qSsSNSzwkB
2020-09-15T16:05:53.051375015Z,2020-09-15T16:06:23.569209571Z,449 zdavnLKh77f83aih71ry6gIUeW24pP1kl4bJQKeJDTyq12AbSwzdqL70ysbc
2020-09-15T16:05:53.063491064Z,2020-09-15T16:06:23.635796828Z,450 DCncegtrKD0FTUCEgXrDhvLZyj5K75fIOe2MQnzHmPxY3avXPikw6owQaEyN
2020-09-15T16:05:53.074043699Z,2020-09-15T16:06:23.703330437Z,451 nORGaYYTlwsK8ONhDpWzexsKA4ho6YPhRd4w6weWbV1HQDxCqIBCZMARetI7
2020-09-15T16:05:53.085252517Z,2020-09-15T16:06:23.770282871Z,452 aBZatlHdLvafuqaZqDZ7C4TA5T8ojNOW3XtNftzCTDjI3KRW9MC5AQov8OnD
2020-09-15T16:05:53.096323620Z,2020-09-15T16:06:23.837501354Z,453 WdnSDNZXhAiaiepri25gZhejEr1vXwHKemeKv0AZ7tb2FE5J6Sy8BXV42Bfv
2020-09-15T16:05:53.107789584Z,2020-09-15T16:06:23.903389097Z,454 UhWe337sm9SBh1l71Frt1eNOEJ3Y10bKFLtmYMmtStQFAqGbeR93K6Ne4t4v
2020-09-15T16:05:53.118871078Z,2020-09-15T16:06:23.969789369Z,455 o9O9gYVIo9ih13Q8AtR3CoF3NhRl4pP6K0o6F5NaJ39qYciuOGaPgSCfoLso
2020-09-15T16:05:53.130072342Z,2020-09-15T16:06:25.065622700Z,456 aZBOIoCTZkvykIjPzGjWxjE5YGcgUuc86TOB15TAjAVxjZ8jpYO9M3r7NRGj
2020-09-15T16:05:53.140789943Z,2020-09-15T16:06:25.131248202Z,457 oRLfi570fEULoAawe4FIIUWi6fMiAXnxA0ia8fpLXEbgT1h60ma1oNqKdmHj
2020-09-15T16:05:53.152032922Z,2020-09-15T16:06:25.196216726Z,458 j427fcGiHT4fOz8Bnacvp21jWsnH5w2pFFwXdpLguIQr1aN0yZwEwT59ZnB1
2020-09-15T16:05:53.163393484Z,2020-09-15T16:06:25.262154536Z,459 vTYsbGpkj57fB36kTnYgat62sgFBoHQZirwxrwUITRcIb5RlFq4ekPqjlBiJ
2020-09-15T16:05:53.174766534Z,2020-09-15T16:06:26.345026603Z,460 Ihe8x7oTBo9zKAH8AMg8jUTI5D9aujlsW2q12Q5NfT2qJg5eqSBjVx8Hrjtx
2020-09-15T16:05:53.185996323Z,2020-09-15T16:06:26.408856965Z,461 K5mWJOS9wwuc986RSoNvpQdF8FrkVPnUa3oZf11iZX8WMof22OEp3UFPpyUp
2020-09-15T16:05:53.196760964Z,2020-09-15T16:06:26.475390171Z,462 nW0xucENWWyv4GQGFtvbQ98D1gvoAsrmVMlbLiDXtx2gjbzni8C5Zai8gBtu
2020-09-15T16:05:53.207899161Z,2020-09-15T16:06:26.541713047Z,463 XMUTDXVogjnpaxxLzTrSE9FvnqySc7Cenxpf9Min4SZpLmNJqtBUdGzuzYh5
2020-09-15T16:05:53.219272474Z,2020-09-15T16:06:26.607788190Z,464 6aKMOPaRCfifo9QKjfyKcdI1qNDMRRpCg6AakK0ERp4DFMKnk1YDqXFiCEM5
2020-09-15T16:05:53.230450301Z,2020-09-15T16:06:26.672930678Z,465 8JfrAZkaauPYPXXapEhDfm81u1b5jDGYoXlUPVFymm1URKl9oyro3oJqodAn
2020-09-15T16:05:53.241877917Z,2020-09-15T16:06:26.740679676Z,466 hkQEQcsRK3HARj5NKIXEdR3W8gev8mjBn6PPnI8CzHCei51Z5uby357KnpR6
2020-09-15T16:05:53.253023711Z,2020-09-15T16:06:26.807765280Z,467 J12muUHGB4BU093Zf30Aqua7myqwpqBI0Dtn6AMh3yxGZwdy8X0yGbQOBeoH
2020-09-15T16:05:53.264309112Z,2020-09-15T16:06:26.874779858Z,468 GJxcnVzt0Vez4tnGUaf0B78492QvyJkmgT8EAgF5AhFQmerVgpctJAbzNayL
2020-09-15T16:05:53.275707970Z,2020-09-15T16:06:26.940325348Z,469 nL1XsBO3XSHjxb1Om77bjdHAm4EVBO8N76p6eHWt1tzvY0qb4elLs1dhglao
2020-09-15T16:05:53.286850129Z,2020-09-15T16:06:27.007367375Z,470 ZXx8MWflIZgGWsfZ01SfhOk7aQ4txiDtPoJ4MaWlL3M2jTkgeu0zFIKvlr5Q
2020-09-15T16:05:53.297727637Z,2020-09-15T16:06:27.076190983Z,471 ZEjUc45Jrc35elSe6duPajzcWKCg6zQaTrU3lONSpqZUZVD6m1B8HBYX3nUC
2020-09-15T16:05:53.309126595Z,2020-09-15T16:06:27.144532964Z,472 NrgWqVZZejtjsFwhqyV9wnSw5jWI4lsVOZeBhlhraGA11YproPWFXt6JFdg2
2020-09-15T16:05:53.325748213Z,2020-09-15T16:06:27.209326925Z,473 LGEf0qTM9EB5AkVEUljKwzWbcRezyduiDpCdC3RxFlWH70yYV7fHqssJLv4t
2020-09-15T16:05:53.335675832Z,2020-09-15T16:06:27.276056114Z,474 WH2HxRLe4q4QOkG3MEWKX6rwNNh9fA9f7tLkOO6tuZPRAIL1kO9TV4QZBdpJ
2020-09-15T16:05:53.347073692Z,2020-09-15T16:06:27.340201915Z,475 F4U9xXny5NAqm9IE4mJQswU6XRCaZ3PnPNz96Wih6oFEAAbxPd5gtETmRVdA
2020-09-15T16:05:53.357492744Z,2020-09-15T16:06:27.405818060Z,476 AJpDUV8RPQLHs2sMuJ7b9LpRVh9t2z6E00cOdBJRzQmfCohyNsEduCDVcKZT
2020-09-15T16:05:53.369043709Z,2020-09-15T16:06:27.471885499Z,477 Eodr8ZhXXYhu5v5VEgQ27padEPwsoaKf2JKZ2r71l3ZPTXM9cJzXuYDSknkC
2020-09-15T16:05:53.379575061Z,2020-09-15T16:06:27.538611465Z,478 IqSX08XwigcMT9lomF4btVlcUND0yhK6GQr10helmXJaJZCjh15CLP84QATO
2020-09-15T16:05:53.391630824Z,2020-09-15T16:06:27.609677924Z,479 3cV0XUQHssUCVIMqCl8lg6DQ0Bolug9m78v87Rkpeuh5XDRAYjnqA6VlvL8s
2020-09-15T16:05:53.402242106Z,2020-09-15T16:06:27.676971507Z,480 rSS8HxqiiAEDQzxoQten7lrZXhyy0o4aL8VR4nL5ekKcr20zo5vPiWe9P4nU
2020-09-15T16:05:53.412954514Z,2020-09-15T16:06:27.744694608Z,481 x3XjenlMwE2HSo6O8IR9QmOrsWCJ34EMLkCFNcMU0cHBy5TIt7HEipysktnF
2020-09-15T16:05:53.423654751Z,2020-09-15T16:06:28.810139770Z,482 TzTIEeH9TaAJWUfT7cN5m272PshgaatFiXQiyseMnewfnp4kVWCDsUgycskg
2020-09-15T16:05:53.434826280Z,2020-09-15T16:06:28.876461829Z,483 FE3p7dxxMrpD9ksajtrQu1Tfr1Pkg9VbI4iVV7CmJ2Ax9qaMpnCItH7pu32l
2020-09-15T16:05:53.445977814Z,2020-09-15T16:06:28.941423456Z,484 kIFqxy8SyebzW15xpwTS7Cv3lpSl1rJdDrlLesnFnj7ontOEeG0CWOH8Ma81
2020-09-15T16:05:53.457215921Z,2020-09-15T16:06:29.003590166Z,485 BjMU5dfpWUCFuRzaPbcwWkNAYgn6ekoPJKHHsPeGGLZMBMHcm8YjsECID2cV
2020-09-15T16:05:53.468136867Z,2020-09-15T16:06:29.067929000Z,486 S0Jyu79MfF1hFmwfi4FHLYrwvnE2wBne1NiZjhHY80N1qKyystdMIrUDoozG
2020-09-15T16:05:53.478864146Z,2020-09-15T16:06:29.134031425Z,487 04Kk7ltS5EX6jdpDnn0AgrCNWk1QWk0MpdKclhFWifjP6ke14N71HY8I5tqy
2020-09-15T16:05:53.489559067Z,2020-09-15T16:06:29.199485758Z,488 33CocahRObX9d9zdhB848k2wYNPtCRAGsnFUhJybtjoIUL64KbzRhVBYwnYW
2020-09-15T16:05:53.501070333Z,2020-09-15T16:06:29.267687161Z,489 x9uKQS9lB3jCx6M9oVzYvlMxKZ3Dj7wFOoRhMjl5Mo6hkismM6ahvSWApNck
2020-09-15T16:05:53.512179016Z,2020-09-15T16:06:29.332673235Z,490 0NQpZVBtccrwKaOa2yiaLaZxQ0at71k0SQ1I70ZKx3efCFY9leTT31Se9x3j
2020-09-15T16:05:53.522700947Z,2020-09-15T16:06:29.399020915Z,491 BGxOIoPVJnbHWLsg1ghRBIMSxJEwZ1zpPEaLqLT0adw2yofsCxFbCSVsPzx2
2020-09-15T16:05:53.534269700Z,2020-09-15T16:06:29.464523436Z,492 C65JcssQFELwjKuz5a9jOL2CfE4EAcb8GjlkW9iht62f4eoWb2pgrBp5lUvq
2020-09-15T16:05:53.546014244Z,2020-09-15T16:06:29.528993148Z,493 o2ArKqOnpnOnVSA8SJGvGPYaNnKnXBZpbTHO4tqVrwgNhjwoOJw09b9ruHLs
2020-09-15T16:05:53.556517831Z,2020-09-15T16:06:29.595957352Z,494 eUWetbwz3W3lKc5MBU4roFgRjV8uCQpnY6xX383qFQvlakt0Xkv92U1nJyHg
2020-09-15T16:05:53.567728911Z,2020-09-15T16:06:29.663319440Z,495 dESgof3Y88nRrd4AkPxyXie64HBFUJMWhvfycARFsPBDY2rsBpSbrcvU9WDd
2020-09-15T16:05:53.578997396Z,2020-09-15T16:06:29.731048947Z,496 AjGEmgwNys9xVmXbOWhMhFRBhXiEATBL9s3ZYcgq7Gs5Mzmh0MwQJLQGqTeq
2020-09-15T16:05:53.589726427Z,2020-09-15T16:06:29.796672257Z,497 DF1EYKYa1uh7tUoT2iXY5q8bwZ88VK0ETzPI4Kx2G3JzW2zcdptCOfufUAdr
2020-09-15T16:05:53.601084280Z,2020-09-15T16:06:29.865232532Z,498 Lu85ofSoDmS0XLWyz33mm8DFpyFlnsfEs3YKrCX2s2RxMcQ9VqPYaxhjeQGl
2020-09-15T16:05:53.612023666Z,2020-09-15T16:06:29.934159955Z,499 Ikdg6XIRflBk3nnudSyxJ7xuDWVVg6gzbmH5I5M5OWj9fzaPCFw514nsQo2G
