2020-09-22T08:24:19.803174936Z,2020-09-22T08:24:19.808093857Z,0 Uk2t7ODvzU2Pl2dIhbnIiCpPrjxQwAFj6avz70vEHxUo3PYDwT1xo0zDGmOPFA
2020-09-22T08:24:19.812567213Z,2020-09-22T08:24:19.874340733Z,1 dP5Mc0R6zXieZ06YgzPfxYFarZB9iTS5DiJXrkQQKW4w7xXf2RxjDZb4FYn61P
2020-09-22T08:24:19.823569557Z,2020-09-22T08:24:19.944413554Z,2 48DSAItNhs4e73zXpHDrfIUgFBk5YjuEfSztDjfW4MUYpL8LkSOStsu0gbvbJy
2020-09-22T08:24:19.833981210Z,2020-09-22T08:24:20.012330961Z,3 2rCsXsY2gk9hZL51CQl4lgmHs4TjHYtjUbsnkU9klbzmWCvFoqLjdLyX6GIFQv
2020-09-22T08:24:19.845607788Z,2020-09-22T08:24:20.085418702Z,4 l07dArGhBe623deXxfexaXv1qOZaS0pmYEELZKH9yS1vrBq55URqHKENeJ2aUr
2020-09-22T08:24:19.857055913Z,2020-09-22T08:24:20.161455536Z,5 ijKB5oUsBzFrkanp3514Et2a50HHKMaMBzmtkLd1cDHVCpuoeOIX8AtyEmponQ
2020-09-22T08:24:19.868358933Z,2020-09-22T08:24:20.231602391Z,6 HXQpzOM1CF1WKR7y838vZFjpmNDsllBk4jqggkCkXid0vFKfVRI4mzKKCdoNDe
2020-09-22T08:24:19.880655534Z,2020-09-22T08:24:20.305672561Z,7 HOBxpViAcgN56GqJ7VQwOhhZOloNAVqa9Tv57udQnaaVcixLzrDwxYH7VhscB1
2020-09-22T08:24:19.891624780Z,2020-09-22T08:24:20.379501284Z,8 ISd3Ckp1Z11mbG4pwzsIjIfX3keFF9uhZFjAjcs7k3uLiqBStLVWOo5vGVMHaJ
2020-09-22T08:24:19.902448948Z,2020-09-22T08:24:20.457383386Z,9 OMALDEjNBEs3cXUfTE7s4oGjXX6jZEhGEYUJmYletRDH0L6v452laBIDScXMT9
2020-09-22T08:24:19.913436095Z,2020-09-22T08:24:20.528646405Z,10 RZB7iVc3SwaD6OEyR1ktKW1pEcNGXjj0iodCfSVcKC0NLQrFSUmZ7rnNyeC5T
2020-09-22T08:24:19.924577802Z,2020-09-22T08:24:20.601091202Z,11 RDGSOkJLzFlRf7R4katQZCs3SD0iczghq7mfBHj9OAyv9RJNFkCX1Vz3A26NC
2020-09-22T08:24:19.935401472Z,2020-09-22T08:24:20.673511619Z,12 SGcm6WxxXejb8n1jw8kKd1UX1jszMxVcHpsx3wKSSa1nFUQ9z15Nlzy0vqIoC
2020-09-22T08:24:19.948182438Z,2020-09-22T08:24:20.745540365Z,13 5lPN4lUvJP6AuH0XpSrIStBcbUn6xPnZca5A1qfmToMIcEuzTBDfckZRmOUqz
2020-09-22T08:24:19.957703480Z,2020-09-22T08:24:20.819395216Z,14 EZ02vkLZ74UyyBW7h6NPEIb3EOyKvuI5cMyHPZJL48eivMjCicG8b3nmiaOcd
2020-09-22T08:24:19.968727200Z,2020-09-22T08:24:20.891258035Z,15 3OVQen2SiN8Pdv8x2YCvSQcoUbR5UiQFJNvseSWPhxVZGkE2zwnV6adCvPYMF
2020-09-22T08:24:19.980277043Z,2020-09-22T08:24:20.964739277Z,16 kZiEjCpMxVL41zmeEkp5YD9NlkWBDUaG1yey9Ygc6dEGq4c98wjLywK2etCY6
2020-09-22T08:24:19.992129719Z,2020-09-22T08:24:21.037069003Z,17 w4MB3GeJhl8nKFa4ttWTC46WehZHaiytDlxxaxtp5LdsgNMh3gDLgyepyxIh5
2020-09-22T08:24:20.002775909Z,2020-09-22T08:24:21.109105081Z,18 7fiYkEbfy0KTHMrRJoGdTldj7dG0CeXA4czyWve6HuWHJzQDVfROCfGtmu3u6
2020-09-22T08:24:20.014689366Z,2020-09-22T08:24:21.183735570Z,19 1yvHGGZUof3lU5Zujbn7qfM3BrO2BsHLnEFhXFvIf3XHiizF6hXCuNZtFI3wB
2020-09-22T08:24:20.026173589Z,2020-09-22T08:24:21.258238895Z,20 9ErUuU46o5srBJjSxW38WFzPrNNvQ3rInyl5nbM2M4vtRSMZczGtCYcj3TNJ5
2020-09-22T08:24:20.038150846Z,2020-09-22T08:24:21.328764902Z,21 hX9w4TjdQUJgN8P41AdieF71u3ea0oWikVCUiadD2UQrhEPf7Ll4vJOOygmRS
2020-09-22T08:24:20.049693372Z,2020-09-22T08:24:21.404825347Z,22 PoPUPwgZn984RgttUa3ty1EwZ7aC6bxUmA5JQ1syJPNPaSaqotK9ErADKW2pa
2020-09-22T08:24:20.060809667Z,2020-09-22T08:24:21.477961907Z,23 csDtcvurPnlifscE6wySYQOoq3ZV3DuryghMyfKwkyNWqfFtxv6BQr4cVqtaN
2020-09-22T08:24:20.071833722Z,2020-09-22T08:24:21.549848768Z,24 ZKBRXwNfyKUWg6H1pNW8suaSUA4mILhCVgNClgfhxuWQjq17FMjoKfM1rlSKw
2020-09-22T08:24:20.084037791Z,2020-09-22T08:24:21.621968398Z,25 6s4qvzJAqAE6a1Off5DcanZee4cScgzqK7u0uFmbLnA1hQD0a7CDOA3XubArx
2020-09-22T08:24:20.095249319Z,2020-09-22T08:24:21.694072927Z,26 IboJkyv3ov6BTCGybzGIEpzLVDCQXLz6Aj0jzLVrrKTc8ZbkjVpi1kBZ9qWD1
2020-09-22T08:24:20.106470812Z,2020-09-22T08:24:21.773199009Z,27 DV828GfT0LanFrXAhMJ73a3a4vxwThWwVYyjaxkBf9QkZthCt9sSVqBYnG5Ql
2020-09-22T08:24:20.117721249Z,2020-09-22T08:24:21.841044451Z,28 NEZ2IsaVeEQpd1GBV2uDcDyYNXCuanrVXBEtJZwfD2ZsvZg1KoDpGh8Ay4B2z
2020-09-22T08:24:20.129335926Z,2020-09-22T08:24:21.916684648Z,29 ETWhUk3nD7zlrsvCTImYj85I5gv87KQ7YSUH0CxRP7KVFbFre2tzVPKhTmh6B
2020-09-22T08:24:20.140475257Z,2020-09-22T08:24:21.984150047Z,30 0HKUC1SVi6N1utMZmKzdFL9gkVHjwq1Xm8fyFZGMPPxEE9VKCfzftK5QNDxAu
2020-09-22T08:24:20.151393213Z,2020-09-22T08:24:22.059273360Z,31 qx26dHTbmqZtA5b8BR6zbqSLScnjpCVpiZnffI5i7zVCeXzPkIDZlqMU80MZ7
2020-09-22T08:24:20.163138508Z,2020-09-22T08:24:22.130885610Z,32 qiZr30dcSl9yX1uI5x5kNoOPhbCraDa1VmqnEpmdquNLZWaM8JATlPCEzcRib
2020-09-22T08:24:20.174242969Z,2020-09-22T08:24:22.203229917Z,33 uRW3cfAIZ6vAeuDGEERdunzu1R3gOMaqCnu9bEjnU8BJ08qpkg3eakVASGSWL
2020-09-22T08:24:20.185622934Z,2020-09-22T08:24:22.274302343Z,34 x9tEb1gfKZVGIjVFAnITI7yf0U01hvIANTC7juEeYs2RWJ5FmrW3d5gcRf5HN
2020-09-22T08:24:20.197090283Z,2020-09-22T08:24:22.359204580Z,35 TB6qQ650ifmxIB8N1hnfIybs5VDSKCl6GeB9Fr19VFYnnHmMWybi7nvKEaTle
2020-09-22T08:24:20.208948048Z,2020-09-22T08:24:22.435406317Z,36 RdBsp9sBZmLwShlAon9LNTdRBM7jAQxB6imBOy7y6X5p4VAsL0Fw6W317FWlT
2020-09-22T08:24:20.219907189Z,2020-09-22T08:24:22.506631050Z,37 nCYWviqXYKqsZEBLR9OwF6KRE241PzrucBqtawyXTINxCSis5TDGdngpdRrAY
2020-09-22T08:24:20.231909444Z,2020-09-22T08:24:22.582951918Z,38 xHevv1r33U0arr5VYiecOw8S5fiQxxEVuE7Jn0wKcwACsAT3zmeiJjwNSASFy
2020-09-22T08:24:20.243323374Z,2020-09-22T08:24:22.655985019Z,39 o4jSUQYxiqXiExJSIGIlyh0rbVJtodrsJtjZiym0OOMeyAn9diYovAgDVsmsI
2020-09-22T08:24:20.254972193Z,2020-09-22T08:24:22.732140599Z,40 ibXH9Mas6bzcOea1avhMSrbstE6MB9gYD1wgUwJdIGJgTtfrnznsUsYGszv2X
2020-09-22T08:24:20.266425694Z,2020-09-22T08:24:22.804132153Z,41 BVpMKBYW5CL4D7y9Udcff9zvjauCorwNMt2CXGF4tUOAcRSj8bdM8gCgilfeC
2020-09-22T08:24:20.277756590Z,2020-09-22T08:24:22.875560620Z,42 HGKC3jXJl53WubDDW0YRV1wI9xmEjbRWSiKRdpg7ekywf2t79ChhLfrKo5jCZ
2020-09-22T08:24:20.289275261Z,2020-09-22T08:24:22.945728238Z,43 bpq2BmZklEF0ITByqoPgaVwJvyxZuEs8g6YaPKMq4yjbvjTkL0EXtXhkrX0n2
2020-09-22T08:24:20.300898707Z,2020-09-22T08:24:23.017043754Z,44 NPlv3Mu0Xlk6e43vRqolwyCdcFUetTxacfCIUwiGRuMSijhdASqTQfnHuCdo5
2020-09-22T08:24:20.312157076Z,2020-09-22T08:24:23.088149446Z,45 lqkxDywMtYRmJkbXAkA4nYmcNNBLRg2XqiuZLgPTdPI8JisOxqRkblw3Q9u06
2020-09-22T08:24:20.323880294Z,2020-09-22T08:24:23.158839116Z,46 6U0h1G2M64IHUs2uws7J0iSKFX9dV4HwLkq8PeU4tHd5OdWsTsW0NmHXx3wRm
2020-09-22T08:24:20.334167312Z,2020-09-22T08:24:23.232973989Z,47 WslZO8cZSUudwWtA0E52ZLvRdfB2SDOTBb2Kjcpg4rKJQiTtihHO8u6rnSmBT
2020-09-22T08:24:20.345496787Z,2020-09-22T08:24:23.305295947Z,48 sKG5Q2MTV7AZ4r8OrO5DguT54I7yUSzbVZZLnQ7RcRodmQQDH4k1UBlMAJ0p0
2020-09-22T08:24:20.356774975Z,2020-09-22T08:24:23.376596119Z,49 6CQQ0wW8BjjljNAL6ufCL2n7JPd1Ge6e0RRU9kNd2B2eAFHYLf9llb7dmETF0
2020-09-22T08:24:20.368422448Z,2020-09-22T08:24:23.450174036Z,50 NSqFWKDRmCyVN0WJNp8y5FNeahCW2ONndbdbgHEzCbzHsHYUgyOcRk1mHKL3g
2020-09-22T08:24:20.384001193Z,2020-09-22T08:24:23.524767466Z,51 LFGdxnDcTVNrdh6PLMEmklSaIffBlWIgOd1N9ZLchDaeb1OpArrOSbgR2UWFJ
2020-09-22T08:24:20.394465193Z,2020-09-22T08:24:23.594220408Z,52 QflOWPMVPyendMy2gJi22uIKkfZALsnXE0fyF5TXM1fgNKiLKHgQKzYx4MkCA
2020-09-22T08:24:20.405654227Z,2020-09-22T08:24:23.664355169Z,53 WIbfXbNmoUhh08TBD7OFE4GLukJSGDaFqLvDSfFuMBepFoIdiCzDYeoPnCJIi
2020-09-22T08:24:20.417094427Z,2020-09-22T08:24:23.740240281Z,54 z9gI3QuCtEEq5YtlXoTqtxz86HhpAGngInS9PEOkPATYB92YwoVjEwOkSvorB
2020-09-22T08:24:20.428691729Z,2020-09-22T08:24:23.811219216Z,55 BgxOGKsUAxZQ8i7NZmchiyzz9pt2KV2ATt2xwWfxeLji1kiZsh4l4ztQainZ3
2020-09-22T08:24:20.440000891Z,2020-09-22T08:24:23.889125156Z,56 1WqMZXfV0JLGHsAx5W8EmaZvJqYA6uBtceoWNcwHxB2D5qT2IfMlGf44jsVMV
2020-09-22T08:24:20.450467167Z,2020-09-22T08:24:23.958238740Z,57 vAV0bXoVsc29YILBOHfdDKGTvo4j7lcXju20GOvV6mZM0XO9RsGnkrbXSm7Yj
2020-09-22T08:24:20.461708985Z,2020-09-22T08:24:24.033110502Z,58 oZnK4urfWC60VMuTCELelbZfLRa3ONYGi4mspnDGteairdqeu44gaqBfsu0ES
2020-09-22T08:24:20.472774158Z,2020-09-22T08:24:24.103705622Z,59 gQVgfGN2P9ZXnKC9gTwiAo4P8vqZh7u6Yo9VOX50pW3wM0d0XxA7qFPTO8kRA
2020-09-22T08:24:20.483967957Z,2020-09-22T08:24:24.177361445Z,60 ZfmSYmSYnbG46i3AosuFMcB4LZGaPlnAua6eeOtpRIRLM2zMqF5LIxmhwi5TH
2020-09-22T08:24:20.494559342Z,2020-09-22T08:24:24.248249136Z,61 il6ov2AJ5acZNRirp13E0y0C53MeqpzvW4D3FuthwSLmmOVcs2IHiOmuwh6QO
2020-09-22T08:24:20.506433665Z,2020-09-22T08:24:24.320357305Z,62 RrIbEeuDPZeA2qkaDBAIWyetxnkLIpn5zDLxRRjgPMXywntrxhssi9Enah9DZ
2020-09-22T08:24:20.516969515Z,2020-09-22T08:24:24.395373042Z,63 3GM7YsGwWa440wimNQQonuOO70sCH7VmZyxfxMGoJfPLsDl9WQKJtRL2GoKiY
2020-09-22T08:24:20.528227675Z,2020-09-22T08:24:24.465681204Z,64 SappKgfeM6gxA6lNbpfL2yqrmm1ZyZQ4MA3SQhQa2BgWxsHGaz8FBzSN7TANG
2020-09-22T08:24:20.539900009Z,2020-09-22T08:24:24.538529532Z,65 5I2y0gyICosfyw10OHscUuzUOiWI9Av13VeQFbvPQhHHdan2ehX5n7z2ZiKPV
2020-09-22T08:24:20.550147053Z,2020-09-22T08:24:24.611575236Z,66 QokFpGwwmKBhzYXWgNqfevpK655O2CR5fKDNmKYWbS3lvaT2U3NxNfBtJ0kUd
2020-09-22T08:24:20.561415079Z,2020-09-22T08:24:24.682764880Z,67 1fhyr8KxRXSYMQrTKeoQPRErTbEQTEISUQLnkYhq1PAny4kGalcojAlWUNQdO
2020-09-22T08:24:20.572795527Z,2020-09-22T08:24:24.755152323Z,68 M97RnA5irn3WHPbtV66piqopPcG74aiP44IkKF8KcUsxZdzcrGqMsPzUcHMH2
2020-09-22T08:24:20.583879298Z,2020-09-22T08:24:24.826390905Z,69 dVJXJwxYTTfxBH6IAfVry0pF9jPWtgV7aQkV4EGtHI0mmY3xA1D4NNevreceQ
2020-09-22T08:24:20.594333046Z,2020-09-22T08:24:24.897023945Z,70 ooVtV0uf3F6HRwdby6wIHZkgGDFWJ5XYOvUidyJiuzmWjSjfGRNftFhcyYpsn
2020-09-22T08:24:20.605847077Z,2020-09-22T08:24:24.970441775Z,71 tTIDgRtDMYABtrrp33H6jiaKU6GRxFsJsC5G3rELfQfHEEvyGsrp7i5pS8naV
2020-09-22T08:24:20.616269168Z,2020-09-22T08:24:25.044440983Z,72 fCkgM2Booiu0cMAunYjPpzd8fj0Od1f2qD5BtoqUJgKI2HOirmAKfam1NVsHB
2020-09-22T08:24:20.627657882Z,2020-09-22T08:24:25.119651531Z,73 TPgudvIDJz7QWDVYkdW7D0aU8ruJGSb0P0051ZXrN2PWqbYKfz6UMVFYYMWjP
2020-09-22T08:24:20.638341749Z,2020-09-22T08:24:25.187765907Z,74 ith3JavcHv6QmiW3ryCbs51u10Typ6gzHeVVytJWqhDL5faWTVKt675LM656D
2020-09-22T08:24:20.649736169Z,2020-09-22T08:24:25.261881074Z,75 7ORu4cWpi9CxHl5FaCUxRkaQQu3hSGYdj4pT7O2zfzSBOfgFhnrKa87gcAVsI
2020-09-22T08:24:20.661477797Z,2020-09-22T08:24:25.332295260Z,76 gj2fyRxAccHhVud7aZjgMxbsIvzV7WSJFDgQYiOWoqTjGmhCx0gkImbUMFvmO
2020-09-22T08:24:20.673263276Z,2020-09-22T08:24:25.407225045Z,77 iM7eGIKD4xewit0FY7ZLb89jGJRkcfTLfudDqG7mjPCttho3dVkOCSkE1YIVs
2020-09-22T08:24:20.683771562Z,2020-09-22T08:24:25.479905735Z,78 BokTA9mJbljcVQpseFnO7UzzvdIU1DuuW8fXH9rLzvD1dNrXgSiUUZjZS0sHj
2020-09-22T08:24:20.694866418Z,2020-09-22T08:24:25.552962954Z,79 Bc0PvGylINN9DlQRPkvsFAtmXE7bL3yAVJHcA4mb2kljtA8wMazrnpO71xt3v
2020-09-22T08:24:20.706031803Z,2020-09-22T08:24:25.623829117Z,80 KW5IijJBtqCtELwHAEP9LTFyqzUcRtJOJL44YwHkyEC4NnwZ0d6N8FRIXXsh6
2020-09-22T08:24:20.716330236Z,2020-09-22T08:24:25.696289122Z,81 fU6K3F1IdwMqCLkAHx55YFNXnXUOw38I6bJ5D1L8rWuGRMxCjIgHU0KoIziu0
2020-09-22T08:24:20.728176034Z,2020-09-22T08:24:25.766787205Z,82 tguOVJZT22ZhonGfq0gnbJe833fKbFDbQU2M4710poGvb6UhMKhZoP0cf5zSf
2020-09-22T08:24:20.739905050Z,2020-09-22T08:24:25.837411690Z,83 Qm3JS4ftpZMUpQ6vOu0ukU74egp7sNO7voWVBouVmsgDuCdHacFZRtrr8P0tY
2020-09-22T08:24:20.751040132Z,2020-09-22T08:24:25.908738532Z,84 YxNKge9q45c3Zu3G8zM7FruCJpJnuFdYvAn3TI9v1nVXJnLnlkfj3c4GBaxU8
2020-09-22T08:24:20.762479599Z,2020-09-22T08:24:25.981666767Z,85 MBLvDkfrWS9QhmhG5WYxZavxeRGHlMapj07qOoTT20ll1bW9iBnHa3CCfBfZO
2020-09-22T08:24:20.773774656Z,2020-09-22T08:24:26.053038251Z,86 amnt9iYEJoIn0NvWUgDYcYdK2RnTC2zqemfYVGweKGev6amZwyKyz8wbhpJB5
2020-09-22T08:24:20.785073926Z,2020-09-22T08:24:26.125251333Z,87 7IQ2J88F1zA5Xs0FWe8dhF4LIzBoy6mehN2qofgqbnJlglRJzMkqxx1Jss5PM
2020-09-22T08:24:20.796912717Z,2020-09-22T08:24:26.196900191Z,88 gBg9RmQ5hraVAywCImEYE62IAO7UgwPAS1X162JIdJZBPkLiKhZiR5998fgvz
2020-09-22T08:24:20.808352455Z,2020-09-22T08:24:26.268447382Z,89 z6tSeFvgbts0QCeuhEDmsSC9X9Yg6SqP91IQLT5MIurhSkjHOTkCoUyx3rfG5
2020-09-22T08:24:20.821381952Z,2020-09-22T08:24:26.337657616Z,90 FbR33KSzGAueuxxalig5hc8HmMlflgrrIAuQ1kAc7e91VLFqVuJzS9gSsExtk
2020-09-22T08:24:20.831687475Z,2020-09-22T08:24:26.408476948Z,91 hbowUdaUvBctZYkc1Pnfi9HaVoa754iqBV0xQ5oyppsIOkFMxun1CkNR7q6h7
2020-09-22T08:24:20.842880328Z,2020-09-22T08:24:26.478630013Z,92 dsU41SEDjJ5OQcsZL8GymAIFbwDPdPvkS4hujCrJphw84AwdsotqEhFcqNiuX
2020-09-22T08:24:20.853278199Z,2020-09-22T08:24:26.549620705Z,93 wxCgZtaE2fbbsMyUs6C1XVgupSCUFz6Oqyk4bHDUL1SriufQFJ6EXqwc6oi1P
2020-09-22T08:24:20.864810627Z,2020-09-22T08:24:26.622460672Z,94 QIiqKwdVsVXQJPj7PDvdq9ATASOUNH5a6rPj8plrv6dVHpqwnYvQKSKSuZWLr
2020-09-22T08:24:20.875937825Z,2020-09-22T08:24:26.694597757Z,95 Fl4AaiQgRiCpu6BLTbOYf817nL2cBI7LzflmlohsEWtpjXhilNkxOGqubX1M3
2020-09-22T08:24:20.886929673Z,2020-09-22T08:24:26.764925308Z,96 keHQ3kcTj5TZTihE2P97bBogulHrqOSIMqE1HxTqHP94xm7zBluD1CciieqDl
2020-09-22T08:24:20.898287628Z,2020-09-22T08:24:26.834752688Z,97 PE66QD7LR2A1d6RoUhZEC2vw9KFCvF9GsiRVj5TST5vT8RR5lQhtKog8KHXOM
2020-09-22T08:24:20.909183643Z,2020-09-22T08:24:26.907253002Z,98 g6QPcEFNThI76KGmseEevm2gbluFABElfqBg8QKeb5iHdYyAr6O5QJWgxLrOb
2020-09-22T08:24:20.921040522Z,2020-09-22T08:24:26.978346984Z,99 opgizmAvcOCwLFKJUERDBjPNtz0aEPod81n39UsQn2RmwUbTfEyGL3pzuJfko
2020-09-22T08:24:20.931619410Z,2020-09-22T08:24:27.052339966Z,100 9OXHDzkDA7MFgMhIYT6MyIX4zGR14Gk75h2irZ1MZ60GmWAFAIZYzYuPzNkH
2020-09-22T08:24:20.943182482Z,2020-09-22T08:24:27.123330998Z,101 S8N2xrY3oCeJHPbM3bqNiSVglcXoIUq8exi2cVGsv0FAMFP82o4iRv5duiS2
2020-09-22T08:24:20.954138004Z,2020-09-22T08:24:27.191875924Z,102 vSORFzNC0hsyzQy0bDP2MB2nreUIqlmgBuFXtX2Sbnwm3VuTQ0C85RLlWqzL
2020-09-22T08:24:20.967768271Z,2020-09-22T08:24:27.265075261Z,103 fnzIQMIfPxqXs7EmXJuhRo7Fz4KMnwnQzzEV37XMHLiVOtWZz2TRXl4S5mWO
2020-09-22T08:24:20.977173182Z,2020-09-22T08:24:27.339139054Z,104 Kb6JZBvdBKuO7pJS1T4VdyhctxMUeibOPIaCO5j3i0EfAWS3I8vVOai9AWxL
2020-09-22T08:24:20.988440247Z,2020-09-22T08:24:27.412644020Z,105 WJsqRFsmrlBDozXDxDBmu2E0EtVZG4S2De8G6MtwUMX6HNEaSbQ6a2ggvRN7
2020-09-22T08:24:21.000409715Z,2020-09-22T08:24:27.486873786Z,106 nNI4VhZil692XIrfsnaQtysAlgt7dLgxpJVRxf6obyjdCKd5MaXJs3b9mZ1h
2020-09-22T08:24:21.011996880Z,2020-09-22T08:24:27.557388938Z,107 sWwlhVfwC7bre4zSWOzjbQwQplMKmLL9gYdvyuqksb70LxalOphxvFt0baat
2020-09-22T08:24:21.022705136Z,2020-09-22T08:24:27.629079620Z,108 aiGxBTTNYP4AffSrJElQZG77R1S2tGxwXr9ORL291iP4fdi4OQpq8eG8r8EK
2020-09-22T08:24:21.034383705Z,2020-09-22T08:24:27.700045386Z,109 BadoRdYfDe7UUKZqtk4q5xIRLIyxkl3xFja07XgNCCntqQTPM1iQJC3NNE4L
2020-09-22T08:24:21.045894562Z,2020-09-22T08:24:27.769874580Z,110 c9yR2dhLReHOu1RZoQgPuB1PzI02KLAgZ9fa4U05wNpQWV24VivNbzGmsK3k
2020-09-22T08:24:21.056499668Z,2020-09-22T08:24:27.842260432Z,111 H0w3AJXyXrbEUszTCcWb580s4MJY3zgbfqFxhVz4s9Q0M08jWstIVkkMklVX
2020-09-22T08:24:21.067882915Z,2020-09-22T08:24:27.911140876Z,112 e2csRB06ff39gbpXhKzfADYtEIFRfpL4QTC3NMwU8SmRlIZ5HdqmuEOCasUW
2020-09-22T08:24:21.079051864Z,2020-09-22T08:24:27.986920907Z,113 oj0AEb781DP9gbYvAXGhbTLoWuyxWEqGWSuJMXevX4CAFy06KtICgcWrW44V
2020-09-22T08:24:21.090905921Z,2020-09-22T08:24:28.059754307Z,114 FeqYaS2wJ6mPxlboPIva2fNAHCnkezqZIN44GZpVuGGQsvnlonk7XbdQHux0
2020-09-22T08:24:21.102954468Z,2020-09-22T08:24:28.129115658Z,115 MSt5uB1uZxyRiTzCdiG8og0FKOaw6XA0vTSi0UQGQ0dZQzLDM7bhCNS2ocov
2020-09-22T08:24:21.114368744Z,2020-09-22T08:24:28.197907953Z,116 y9jgPScVRCNZKuzfhSm62IEcp4gATE49AIMv5ZxUwLFvMtT1dmmmiM8h6H9z
2020-09-22T08:24:21.125587405Z,2020-09-22T08:24:28.268630152Z,117 hm04P4vX43apHv0M2Kch5HNW9By12s3mBEX4WTggLjHj80cyerIUfeKTx1vJ
2020-09-22T08:24:21.136611014Z,2020-09-22T08:24:28.341921849Z,118 H6hK14KQPVrtESxG0d0rqpsjNgiwlms1VEn33Wor1pikyzTqigHGWmmghUeJ
2020-09-22T08:24:21.147726073Z,2020-09-22T08:24:28.415869071Z,119 e3tGUcW5yLdYuu3zF66rwtFV7DuVUsH8zI2lTsGZFuY3aVtVK4d0vWyww979
2020-09-22T08:24:21.158296844Z,2020-09-22T08:24:28.483121572Z,120 lr1k41Gb5fsibL5xgXiyNNCJo96itVvT9xBkJ0w8vrN8ySledV4Iv08ZLxsc
2020-09-22T08:24:21.169368137Z,2020-09-22T08:24:28.557926106Z,121 GV9CZD9BT534aIddkaT9shA7v3Wbm2Ive6FKUyxQIWBOXPLqLAWftgnnRLjs
2020-09-22T08:24:21.180614117Z,2020-09-22T08:24:28.630667128Z,122 9w2wAceUKSMQUnAxNe67pxhycHyg3JTrnugHPMIzYSDVLyWzyFspZTrnDtt9
2020-09-22T08:24:21.191346934Z,2020-09-22T08:24:28.702201795Z,123 DLm42sgjFaUlQ2lVI6C5fCAl5IxJuB5TAuXuaJuceaQQJ4Cbl1XwbZDhHRRx
2020-09-22T08:24:21.202587065Z,2020-09-22T08:24:28.773376412Z,124 gQ7o2o5k7EouJfRwCc1o28Xy5l57XpieX1u7kbyZZPzDgeArpFpSV6aHCRU4
2020-09-22T08:24:21.214106923Z,2020-09-22T08:24:28.845414089Z,125 063SyPP9Y7LT6CPNDxZdU1dmE3m0ddydK3U0xXflb7x4DYCGbtZ1gTKHlo9h
2020-09-22T08:24:21.225862635Z,2020-09-22T08:24:28.916709249Z,126 reBEDJLsllcA97P3IYyIOrQXVRzSjgag0h8I3DGovsYrDfxGJPNB5BJhJYwg
2020-09-22T08:24:21.237789882Z,2020-09-22T08:24:28.988013923Z,127 hIGd2PER9fsPGIUyBgcv0KFrUeXxsqg33mZWzS1h7Iw9VWSG2CpOtLQNHzlg
2020-09-22T08:24:21.249524655Z,2020-09-22T08:24:29.057996981Z,128 AmxnCe0oxSdFvlEBNKhTObPlHHkk3FqRYKoHZeAvyRYDruBjtJgxOKUPczta
2020-09-22T08:24:21.261439055Z,2020-09-22T08:24:29.129549179Z,129 Kx0wnRHdd5HruemAWwV8ATJ44K7IDJxs0Q0yLWC8gFIAwUHs3n57qBDtpoxv
2020-09-22T08:24:21.272843208Z,2020-09-22T08:24:29.200764733Z,130 4MhXv8gdimNFlb1bKy5CH6IPqwrpjEmCiLv7Fy2hMMKKTgfmN6MD8a9QYm13
2020-09-22T08:24:21.283729306Z,2020-09-22T08:24:29.274195261Z,131 A7qrk56w1DECrK5GUVp12Dr80jv5M8vpZLIs5Mby18i5E6OZ3sNkGoxISu1s
2020-09-22T08:24:21.294905558Z,2020-09-22T08:24:29.344826608Z,132 CPBRQ6ONu7wFyM4lfYFosQdc4KRzYjrD0xWUPV6P3iuKGZlSmIKKs4wui2h9
2020-09-22T08:24:21.306085121Z,2020-09-22T08:24:29.415367490Z,133 ackFpfxK0ReD5Ep2JQrgCZXiELTqXFxfLgDq2EeUPLTfPG168vnmRg0A9YHx
2020-09-22T08:24:21.317526252Z,2020-09-22T08:24:29.484744130Z,134 GspHryXbIxj2L5hXgBi0oppirtF0Ch1JIO8vqL0omvc1Hs7ESORSJ98XhXH5
2020-09-22T08:24:21.329296178Z,2020-09-22T08:24:29.556615070Z,135 mhQCIyuM1dFbx53JOsAQAcSJ8iCm2Wj9kks2Kl34oAXTlYsZEd2t1HNFsA9k
2020-09-22T08:24:21.341022686Z,2020-09-22T08:24:29.627594800Z,136 VsG6Pjn9N77iJdJYnCZHPwufDAk9cYCdwMWmJ1nXBTZplEChmirXSZQfl4pN
2020-09-22T08:24:21.351976525Z,2020-09-22T08:24:29.702112599Z,137 qauV8nTcaf9S2Vwf3AugugMA5AsQFbFTTSOZIuQyR8TgCLDFymmgUNIJY8aA
2020-09-22T08:24:21.363835144Z,2020-09-22T08:24:29.775480260Z,138 aay4JDe9CLU3LXbXuxAMrH6Q3EN4VzNT7zPIvurnnIVsXishN71IfXwQltmw
2020-09-22T08:24:21.374576368Z,2020-09-22T08:24:29.844831443Z,139 Lm1UmoovIatKgKh7s60Eczref6ZdyJBlAuEmpWWtVoq1UNOXmfHYSdE8nGRE
2020-09-22T08:24:21.386412295Z,2020-09-22T08:24:29.913595431Z,140 jFQY3nbFNQdPk8QQ1q5Z4XkvrMGLCCiOFNEBHsFbV6ngw2NbJUbLNNLMNFaj
2020-09-22T08:24:21.398385167Z,2020-09-22T08:24:29.982891438Z,141 jft3NSc7ErooOBfVZRzzIrcaCVcXvcbrEM6oV8CDY1LbgqEccAEslKAXhK56
2020-09-22T08:24:21.409998229Z,2020-09-22T08:24:30.052862105Z,142 2ykJs7LqEucSXbnGC0NTrbs5M8oQu6ZPRvMmd3ss3qgeWBVsCIF6bSg8q90p
2020-09-22T08:24:21.422505789Z,2020-09-22T08:24:30.125437132Z,143 MvdrwU7BhcaqUHwooZFuuDnekRVg8ZkfYo9sw9pTQJsZMRbmS40dJOjQJdDx
2020-09-22T08:24:21.433626848Z,2020-09-22T08:24:30.197817341Z,144 b35kiNOUmpjTqVGFSQFtgkMt5cP3PRh0KVGQQKxc5HIPKPHVSLqnDKiaeEvl
2020-09-22T08:24:21.444599472Z,2020-09-22T08:24:30.268748137Z,145 xZYZ6LhL5MogCLbyqQV3I3FLjVUajSRnTwwKJlAIwRTZ9y4Qh7LWJaJwMtbw
2020-09-22T08:24:21.455759170Z,2020-09-22T08:24:30.338281827Z,146 vgeqGz1cQINqmkaZs6TtfT9UIWuZEfrwD7cpYVd7rcRAoWtSnQqfE0Wv3Lo7
2020-09-22T08:24:21.467360895Z,2020-09-22T08:24:30.408431842Z,147 7DSV5ai9cZMqxDvPcJ5Mf8wD0fAC2Y3UgjMjNCbpBfXM9BA3a9nMIj1BzKJI
2020-09-22T08:24:21.480176078Z,2020-09-22T08:24:30.480339566Z,148 FzVf1lX9turP4foZqhMvrVLZtob3WFqvaBXS0EPQhScxfcN1XAclRkv7VoaZ
2020-09-22T08:24:21.491373574Z,2020-09-22T08:24:30.565167060Z,149 p01iBUzw1xyi0m0rgHzeRfvmLWLSNq7w3jMNVthTyFl7YNsDXJi6SpiYXYXL
2020-09-22T08:24:21.502925472Z,2020-09-22T08:24:30.630897771Z,150 eUaFd9paCJmELlNXnjvsfteCoL4NkV3sz8GbIGYCziWcKUzLgBhTq9NX9YkA
2020-09-22T08:24:21.513592414Z,2020-09-22T08:24:30.703071114Z,151 rTwbah9PqHOfTYIe4wvYV1zUT5cxzbHhCteuZdtwfrFqzhZCbhlqnuLRxstQ
2020-09-22T08:24:21.525034069Z,2020-09-22T08:24:30.776602717Z,152 pCSUIW1PH3zLoiEQWN6jQLOn9Z8e8qWaUCxfUeczRCEAGCx8819Yj1HHJKPh
2020-09-22T08:24:21.535583974Z,2020-09-22T08:24:30.850699495Z,153 L2HeZlacB6eAhtW7g2dYPMkRjn6AOQCKzOcgE1dWWkum0id4uW8ygbNAg99P
2020-09-22T08:24:21.547235060Z,2020-09-22T08:24:30.918730575Z,154 5aeNF3akGgzasBkVjQisWG5Lz4yTvIWrYwm6jywtdZmcexPK8yOtYhcGg3k4
2020-09-22T08:24:21.557780724Z,2020-09-22T08:24:30.988302878Z,155 CEllVfCdCeSMfQxlpMwKSdoSpsvKLzrEGdCd4npjj6QxbL7PRdTmFuD1jMbu
2020-09-22T08:24:21.568216067Z,2020-09-22T08:24:31.059861136Z,156 4ujSIZnEqrY6jbBKsOjMFtLOYJ1FbP7TkjZlnecvwqJXqltjPboKmJqnM1XW
2020-09-22T08:24:21.579918213Z,2020-09-22T08:24:31.129859509Z,157 VHy5RXngThB55yUTTQuvG8YrBUpSCEuSdXuYJuXPLp561Ah2DwFdx8hI6Zmn
2020-09-22T08:24:21.591982726Z,2020-09-22T08:24:31.196792319Z,158 KP8q4xDQQzaXKxwMQyoRt6wuuhZWVUQupd6Sf60xgJ6PRIGMjO3uwgxCCW6L
2020-09-22T08:24:21.603242353Z,2020-09-22T08:24:31.269365118Z,159 8fctHZn3tBvUX5Y0GND1TPMS7g57AiVIz0GPCotVGA5AyYfMEQ7FgeLPOpJT
2020-09-22T08:24:21.615794651Z,2020-09-22T08:24:31.338710122Z,160 jCTVDyNEfgvUoSnUPMSOrrPs3lb2znSocESo8htBGOVo4zZfOySiLMvaaseW
2020-09-22T08:24:21.626220654Z,2020-09-22T08:24:31.410208343Z,161 aVtaRm42iEg5CrFFdYvsJfC1P00BZiHRzQfLkddSaQzdVyPDHXJ4nA9mhs9q
2020-09-22T08:24:21.637311286Z,2020-09-22T08:24:31.479483174Z,162 cVbOh5nq8ZXN0IgQ2f63Iz7zTrCuqYn5o42fc9jPWijccJvg0iN4sV4nmoMD
2020-09-22T08:24:21.648428166Z,2020-09-22T08:24:31.550487934Z,163 zs27tk6J5JeLdCr8fPzAtY8zqyq9sMILr959D1L8glsUQliJu2usRAlsb9BR
2020-09-22T08:24:21.660091768Z,2020-09-22T08:24:31.620601105Z,164 NxuF2PFZRJ5RR7ViNL4Q7Hpv5gMOcjF9Vc2tOGjkGGdjbqqzHXYzFucjhQzZ
2020-09-22T08:24:21.671878156Z,2020-09-22T08:24:31.696612850Z,165 wANPryDziL0gvTd8SwUldKIhKfAAGGMVRUvvjdovb2eqWGlisSuVVGe1S0cm
2020-09-22T08:24:21.683068172Z,2020-09-22T08:24:31.766104231Z,166 tgEG37GJJYD3E8mKjoUK4QE9bMwittmT7u17Azyz9LwKsRxMkBWYA1MKaxlI
2020-09-22T08:24:21.693921742Z,2020-09-22T08:24:31.840773233Z,167 DBHBumafxKhR545y9XmZKzDKyRD3Bbga6OC73Yf3zsgpnXH1XFEvhyvoDLTX
2020-09-22T08:24:21.705476360Z,2020-09-22T08:24:31.914227383Z,168 UhTzVWzqw2u8N0ob0nAoQRvGI32j613jbHSq3w433avcPcDdvM0TleFSUCYy
2020-09-22T08:24:21.716975463Z,2020-09-22T08:24:31.981754093Z,169 gAgwoI5oZZzVwjY4f9qVo3WxFHYCjILndihwQd9V1IYf0l25lFGwOOSPghtw
2020-09-22T08:24:21.729045381Z,2020-09-22T08:24:32.053838916Z,170 ESXJBxj86aJhczGkQVWHWyZlnvawIRUOlv0mmkMHhFQAmsSmKSQR3KaWvQDK
2020-09-22T08:24:21.741024192Z,2020-09-22T08:24:32.125297132Z,171 YCk35vqBEcL1lVmjCSE586dN4LEbmyDApXosSnXVVEIJ52bPwlfiLSmLzYuf
2020-09-22T08:24:21.752792889Z,2020-09-22T08:24:32.195959443Z,172 4dmas21YeTCEkYvYW7t7Px4dgEFPrqNToqi8QFVLFLTJdSAsQZqpeYmBl4Gs
2020-09-22T08:24:21.765120375Z,2020-09-22T08:24:32.264675096Z,173 HLYyXHAd5kSPsf6dU75fSieXVT78shpwQzV1MWo3tfWhstKHQlfK41WbzI12
2020-09-22T08:24:21.776927332Z,2020-09-22T08:24:32.335201331Z,174 AOnMCouorC6ehkDIAVs3auv6zxqVkHusXENDxGoBpGfxZg8Vk3MRhHOsRK2X
2020-09-22T08:24:21.787434907Z,2020-09-22T08:24:32.404198376Z,175 zcoKHw3Ag4xR1fAde79XdO4aXwt76wpsSrLRU02u8mMKw0c1XS9qaJEo8LIN
2020-09-22T08:24:21.798776786Z,2020-09-22T08:24:32.475365700Z,176 grzoNqK71HjpgTrjnILg1Ldc2gRcwvmtksTcv2IHhXRC2ZCpfT4ndWfVMIFY
2020-09-22T08:24:21.810311504Z,2020-09-22T08:24:32.548827065Z,177 gJaKl81oSw1RFT0OetyRsf6GFQoHo4DU6mf3zZw1M9k8Wcs3ATBgJW5qMe35
2020-09-22T08:24:21.822186618Z,2020-09-22T08:24:32.620655578Z,178 0rrX8nZ2YHwpppqZesIKc1CvkL5b8irhTNqvHwDsrN6uA37tT4AYr6aQEyXW
2020-09-22T08:24:21.834236795Z,2020-09-22T08:24:32.692613914Z,179 rzXmxZYkBtYLFLsrCHfACzjSnjNuT10pMJLLMspymRPWGx1AIoDwqOMvox2s
2020-09-22T08:24:21.848957692Z,2020-09-22T08:24:32.763107082Z,180 Abt2kDkbrg8NJVxQ7H7qagioavXefXr0dyxS4AchjbpSJkHCU9HDaDuwJEe7
2020-09-22T08:24:21.859869053Z,2020-09-22T08:24:32.837616379Z,181 DKhbmfSlXhNL8nFJgyyrEMTAebOqOKNSVftWymbdBS0HjFbnC8uDICFEu6iS
2020-09-22T08:24:21.870508700Z,2020-09-22T08:24:32.911434766Z,182 cDkln6ajpEtqH8Qd6lyf3t7nxkNVU0ozdzv5yqAvDzBQR2mfeM0bomSiDCBg
2020-09-22T08:24:21.881451726Z,2020-09-22T08:24:32.981394918Z,183 UWZAAEn0gaDMcVNILJ38k2w4I9uSl0acPZ8SrRov23QEhgPknXdzHF8UDG8J
2020-09-22T08:24:21.892798557Z,2020-09-22T08:24:33.049770429Z,184 gcfjkz9kXwOx59v6uI4CWqPIn85LoT1WuGY8BVAuQ7Otgcwi6v0LAyWyYdDh
2020-09-22T08:24:21.903397804Z,2020-09-22T08:24:33.121736687Z,185 93wUGbOzF7naXd6GtekDQxqEAIiV3OTIWI2tB7jcdg8n7VnXg3SNM6dGDxxV
2020-09-22T08:24:21.915828884Z,2020-09-22T08:24:33.191745339Z,186 yH6bOiBkNwpOX6Sg3JEH5S8HuT1gW6BzLbJs25S7E02OMz1wLxxD6IqhCtwT
2020-09-22T08:24:21.926182768Z,2020-09-22T08:24:33.263179543Z,187 2VtTqkuHEDaBb1QG8ZGrYU9FwA0ZWpAfu4TcKPIeEEqWaMy8NX3YOrmRTZfJ
2020-09-22T08:24:21.937108047Z,2020-09-22T08:24:33.335609799Z,188 4Y7eHdT83WAn1T2K2cjXiVi27TXtEDVuhEbVgmnHopiIZMoYgHUFARSlGGF9
2020-09-22T08:24:21.948601650Z,2020-09-22T08:24:33.406116451Z,189 B12zs7mr9fcYFY8ty9BpUgBfT6CGOo83kkniBTs3cbimTqU1UUKOOV5hUtlm
2020-09-22T08:24:21.959343336Z,2020-09-22T08:24:33.477296865Z,190 BqZPReS7KpPduTJkcswO1yFxbVWHqP05omd2k82diakpkUriqNKlQZZbm8tD
2020-09-22T08:24:21.971173196Z,2020-09-22T08:24:33.552336837Z,191 5jrt8fMIb1dCwnjNGKkFTBzgo2TUmZmAk3XsuO5qlqS19gwRquKtppEvvWnL
2020-09-22T08:24:21.983210555Z,2020-09-22T08:24:33.620974383Z,192 GXyvtjhaV47cgC4MnFnUbXSVZ8RxOln9UkNpd50Od4d8EjLH5b81UR6Qjriq
2020-09-22T08:24:21.994539879Z,2020-09-22T08:24:33.690691010Z,193 RrErFt4Z2lrH3wJy1NnTMB3pvqQ1YjES1OKWrQsVDye2W0chYhQNZgr84NkY
2020-09-22T08:24:22.005843083Z,2020-09-22T08:24:33.762699758Z,194 MCXmsxTQhdBunPTnPFwD6Kuu9TyxrKfG1BJ2QxgvpG1jk6HptQZiCaejN3cB
2020-09-22T08:24:22.017038561Z,2020-09-22T08:24:33.831150746Z,195 0GRjVsXNN1EcASBvTnkS50oBJHaG6F4FHdXDoXxapy0edpxBnETQaaP06rWw
2020-09-22T08:24:22.028605865Z,2020-09-22T08:24:33.901264264Z,196 b1dAmARjk1GHLY7L67az8sl28foeLmFlDGmkkCHPqaqyfvJZDqIHx49QIR3n
2020-09-22T08:24:22.040055779Z,2020-09-22T08:24:33.972961069Z,197 naixysw5CrlidhXkqOPgeiqdLVGZkGGFRNsIv3YXDI9fTXOhjb428MIsatNE
2020-09-22T08:24:22.050780996Z,2020-09-22T08:24:34.041967731Z,198 MUCOCP8gDiDWObaTifgTq6mubGU4VQ58zllj5wk7a9mRAj55TnQOWOdw5cRX
2020-09-22T08:24:22.061875419Z,2020-09-22T08:24:34.112000402Z,199 8i6A5VdWnPylUWNPnU5bV3oHHSkTXC2ZQlZwwaaw5ZOt3mUzqJ7GPKtBfARI
2020-09-22T08:24:22.073573017Z,2020-09-22T08:24:34.184983013Z,200 TugO80Qjt15zgWpF6i6RnvyoJ8n6nHjdN3wT3weftpSTTbjjbpHcB02jozfE
2020-09-22T08:24:22.084896578Z,2020-09-22T08:24:34.257010874Z,201 fSP3DNvg7akZNj4xUiEVcFM6nvgWG9ig4QthQX7gMd5bjY1DAwCZhv1APVqh
2020-09-22T08:24:22.096123425Z,2020-09-22T08:24:34.329401941Z,202 3AFvr3mlSzbaJHQLHQENVTDiH52rwfHZ2Awsvz70CjM3yYWWe10bugfFFCO5
2020-09-22T08:24:22.107769958Z,2020-09-22T08:24:34.398236321Z,203 JOXkz7MLJODtkded6amxXp71wIHYCbKMzLiMJZelRDtzr8fAQVsADJ7zPFb1
2020-09-22T08:24:22.118638609Z,2020-09-22T08:24:34.469219507Z,204 Y7XrlqLF2RcjgPw4qjFQ0hsG6Kc5gcOkPZuc17KfdhpYG3yQpyu0EaOv31Pe
2020-09-22T08:24:22.130521920Z,2020-09-22T08:24:34.540252409Z,205 DMBrsU7fsU0lAGyuQcoqG1RwfAGyx9YjEkLRUCh52zurIbNJj5trdlH82feF
2020-09-22T08:24:22.140238534Z,2020-09-22T08:24:34.607530969Z,206 yxAxwRbea7dfLVggrHjapHBcrmBzNthDFb6oZZdqHLq9Kx0IRtkBqier2Zz7
2020-09-22T08:24:22.151704496Z,2020-09-22T08:24:34.679870178Z,207 jqssiRUeWliNrIvtLC5vW81Lx40N4HbN8OGVXtvzwyaLTpXsYx1Nny0L5uz0
2020-09-22T08:24:22.162247665Z,2020-09-22T08:24:34.754258761Z,208 JcSDxRWl0yIRdYBHEK8MCiYUj5IxSyLe7UsTNCGpPRn7lopxZfWi2t587Bgp
2020-09-22T08:24:22.173417420Z,2020-09-22T08:24:34.824248717Z,209 UjJthzcW3RfbIURDvuI0lMt5GhqJiqea6vhb4FIUoyd5mBz7IoSxBy5PQLZx
2020-09-22T08:24:22.184407986Z,2020-09-22T08:24:34.893778690Z,210 3jIS5x11Dcpl4TJt6yOQZZNk3C0XfmIpPYu148iTuWXFqi3WGa7MGW4WNdwE
2020-09-22T08:24:22.196252842Z,2020-09-22T08:24:34.966462874Z,211 gVXZGQSMH8z6mBUekS1A5ZUgY5dMZ2246kbtJZO5A9WkKDRiJTyX0XQvQC8q
2020-09-22T08:24:22.206742345Z,2020-09-22T08:24:35.036322614Z,212 kDJeiOii45PkVJzC22WcRdX5vpjHtW08XCu2EjjpI9ovIB1ckmfOj6d0kUiV
2020-09-22T08:24:22.218087458Z,2020-09-22T08:24:35.105329203Z,213 L3r8YXmJV1ha9FzNxdj9tWb8xVp67gI3VSVPuivy0wDOWUitgOTW9gKSwr7Z
2020-09-22T08:24:22.229682381Z,2020-09-22T08:24:35.176015129Z,214 YRL2U4H88pWxn8Aq4yea6Gb96almkI02SXVV0GMoacwBR1vjwqTAG5Ntw6N0
2020-09-22T08:24:22.240340066Z,2020-09-22T08:24:35.248914568Z,215 2cMZvuT57qCA7PpkuFOvozQ2AuCxZr5JahFnhUiWjM66hFt3ztfvEmI8qRk5
2020-09-22T08:24:22.252335483Z,2020-09-22T08:24:35.317222194Z,216 aRHOnintRRPLVRl1vURJeWJ5uKtNESJYaeJ16YwSv4e6kCVVYz5oO8Jz9Kt9
2020-09-22T08:24:22.263874146Z,2020-09-22T08:24:35.389159691Z,217 6L8ho9HwmllAhouisiNwnF5GgMbunMwIYgl0BCLoZyDN5R4HaNzno886Gh5B
2020-09-22T08:24:22.276385940Z,2020-09-22T08:24:35.461824732Z,218 4LBHK4jM8IMEy27A7CAfIpteBUBkqlbiRzMsj87ibfgRjzqLDzUgUfy0v6op
2020-09-22T08:24:22.298917504Z,2020-09-22T08:24:35.533925025Z,219 jpP1hGbPX9y9VhOya9lxIrmACtO8oMYe0jemd9UDfZyBRPKxguayDpqFYaVm
2020-09-22T08:24:22.305286286Z,2020-09-22T08:24:35.603451732Z,220 JGsFGL80dp23JDvQeCvR7xhdcKNcPkqtOYVLc9dUIrkdQNfXTjDaXyQDwlEZ
2020-09-22T08:24:22.316461744Z,2020-09-22T08:24:35.674012848Z,221 NUnMFGeNIZKLkYUBqZa7vOsSZ2vhOVibkYgAknfNE6409kk9aWj3u2TIBjws
2020-09-22T08:24:22.327773068Z,2020-09-22T08:24:35.742552327Z,222 E2Jp4x99XA7kO91pMs4tthWbvlEek2VoCPYokcIIIc8eTs7i2MQFVHRmx6cX
2020-09-22T08:24:22.339302945Z,2020-09-22T08:24:35.818870799Z,223 Goy9XCaz5sVAl77VK3dlCtPhpZP664uJgisgPg8LVYem29kaSKHoC1KyQoak
2020-09-22T08:24:22.350783681Z,2020-09-22T08:24:35.889745330Z,224 79OPt5gQHyiw2w8N902s32rsq3HTV8ck3FWJVpMykbqBWpQM4fpwVx3rV6Rm
2020-09-22T08:24:22.363870011Z,2020-09-22T08:24:35.961575674Z,225 393SrymbY0rbJPvYEVhdhmjBrcO40mgPOWYjU6TCi5GeAbjifE3WxyDQYo6U
2020-09-22T08:24:22.374607690Z,2020-09-22T08:24:36.031391504Z,226 nlJnlRzpqtFbPpOXoM68AZJizW6Wrqx9WMRKrTtASxB7ociKuejryLdaJTo1
2020-09-22T08:24:22.385840707Z,2020-09-22T08:24:36.104009007Z,227 2iEnSt9FR4Kkgv9KA6uYQfmbLCefW8acd55Ym3andAyHwI7fvduRV47ByCIj
2020-09-22T08:24:22.396259661Z,2020-09-22T08:24:36.172815502Z,228 6r2W8A0HvHYcBEgfZcnUa7wAfCGHkyiMV5UogtpJLHzL9EmUZq5iL2dmTL0v
2020-09-22T08:24:22.407863671Z,2020-09-22T08:24:36.240619788Z,229 npuzG6UuhBLozxs7ezvSxhJ8ubufTeuOTNZpfERK8XmECqFGp7c4m8oxbfex
2020-09-22T08:24:22.418560511Z,2020-09-22T08:24:36.312998636Z,230 8z0OoXIT9b9wMb0wLBPeeSU3QhCeP0LQluc23bPnkhZd2CWybrSPIKJkI0wN
2020-09-22T08:24:22.430403539Z,2020-09-22T08:24:36.384439454Z,231 LHNE76Rnove5TBmRYLFkvSG6inwsGZaPnjuw4JxvPNdB7ZWvUJUwrAOjFuBj
2020-09-22T08:24:22.442068884Z,2020-09-22T08:24:36.456654405Z,232 2BL1TjODFHINGN9D997OaebLvqLJE1j95YGDuH3OMZxLxHsBoD6LTSJIBhR8
2020-09-22T08:24:22.453351625Z,2020-09-22T08:24:36.526702939Z,233 GSlX6UAOIwhSaFLoWfDAu9047t5KFGbP5CH5enWidb9Zm3fECuM5QWrBM6gO
2020-09-22T08:24:22.464853942Z,2020-09-22T08:24:36.602778925Z,234 GAMTxubpUocMuWPoETWzxBLzYbFobyfCApbv2P29N9a6vj0NnAUOBXoOq8H6
2020-09-22T08:24:22.476002533Z,2020-09-22T08:24:36.679611779Z,235 s0mxcU1FjoAYnmUkTRKVB7K9sPIVh3Odt2TEvZhi5bhJEEOCYiOouw0fsy6Q
2020-09-22T08:24:22.486598202Z,2020-09-22T08:24:36.748049402Z,236 syWsiSuazhXMtdr6y7UPcFHzRML1ILf7mCPPk7pVv8qELoKxgnAAQvjsEbYC
2020-09-22T08:24:22.498152182Z,2020-09-22T08:24:36.821076126Z,237 cRh4FiSa0vtREg6HnLovWbKeHC28E5XsOot7jO8izSZwGTbbE8ydVvk56J1x
2020-09-22T08:24:22.510288763Z,2020-09-22T08:24:36.893467936Z,238 RyYguRzxOrVctp1RzlH0Qfc2TZlYq0Ul6NPeOmbRLQnKXXkWoa2voRuHU8ap
2020-09-22T08:24:22.521282604Z,2020-09-22T08:24:36.964209658Z,239 tfvDM8FFtwILRHnP8MG2Km9i13i4MpPEpeq6OxIvowFU0ljHtDtmeUgJJezW
2020-09-22T08:24:22.532186008Z,2020-09-22T08:24:37.034339991Z,240 hAoq931lrfWrNAXBPqHtXdxw2kYgbAh5D9PsYwvPsAOYGUWfkD4JkdiELnAy
2020-09-22T08:24:22.543251676Z,2020-09-22T08:24:37.154149379Z,241 DS0TODktphbIiEFdN9h3titk3k9lRYZ9reU4SDRfCDq0gVtNmesnu0OqtQAS
2020-09-22T08:24:22.554476594Z,2020-09-22T08:24:37.219674508Z,242 hHfixLkPTJYY8qSxPoIFKQ75xlHaRTX4beoaW2FRLUrSuHjZlmcfJGceoVBj
2020-09-22T08:24:22.566171960Z,2020-09-22T08:24:37.293492901Z,243 fhscbBwdxPyYKJc2JZkYZOuLvxxP4x6GNQnwwDMLAlQqBe2QYTDO6QGMLkku
2020-09-22T08:24:22.577937322Z,2020-09-22T08:24:37.363212327Z,244 Q8mvQ4ASJJp13z2I1jS5OPZDTaCYU480B7iKQSOiBgzx4TdYjthD77Nyy4mq
2020-09-22T08:24:22.588796141Z,2020-09-22T08:24:37.430411430Z,245 607oBeGY7USwmSRiYVnZoMn5NmWvPy23TJSIT0M4T4E79ktncf2utH9GD5wP
2020-09-22T08:24:22.599241224Z,2020-09-22T08:24:37.501884412Z,246 8qx3KEoU5uQTrwWSek27qzbY9RXGaxQjELHNrPfSuTPTX1uT0vcuxcWuIa6J
2020-09-22T08:24:22.610885345Z,2020-09-22T08:24:37.574444754Z,247 PGgozsglhbjpxU4tNrVAraM5gBB7Xa0FMsiEap1KrRg22TXfED5TdLfg5XwN
2020-09-22T08:24:22.621557188Z,2020-09-22T08:24:37.647973243Z,248 ejYV38jHRXYbE2GWUfDdfjVocjFWFOEiR4F2QiGeOyF9TLQH4qLFaW3h989S
2020-09-22T08:24:22.633014638Z,2020-09-22T08:24:37.717249874Z,249 Wa4y4RaCfuTgBsZZpMLKZSAPstaWcn7tJr26tIdlj0Ffyijq57YUw6mVBd78
2020-09-22T08:24:22.645034689Z,2020-09-22T08:24:37.790126346Z,250 KIaX3iy8FZgepvoZcSs9BY7C8Wc81ypb2an654uUlUUbVBlC98QutNnQtStc
2020-09-22T08:24:22.657935678Z,2020-09-22T08:24:37.863148133Z,251 wvr1Ndad2G7RbCFlyPkqcuKTyolq28Yy8cpvA0CRtVgiDUOpcJFoQD4FBV8Y
2020-09-22T08:24:22.668379200Z,2020-09-22T08:24:37.935957679Z,252 qjjxEG3Dx9KPiN46kJ7ZFVUDBom0LdhYkxbJZk8ZSrKJbDi8RJ7QDKEisy5h
2020-09-22T08:24:22.680174081Z,2020-09-22T08:24:38.003821723Z,253 HBUOlMyisEiYmhRDNq0vxDJGH4WnpSKLqO7AMwVNBlhqwPnfXNBeW6UvJli2
2020-09-22T08:24:22.691527268Z,2020-09-22T08:24:38.078435301Z,254 GuO5ikMRTkSZZlYsKihaINYbdRRPriP6yY8KCTNAWoiZrAVc4ftQFchm8Twf
2020-09-22T08:24:22.702632397Z,2020-09-22T08:24:38.152529747Z,255 Zs8WE5xoFnA2ttQah0BcZ6IL3Qp514hcEE5tlBZSYckfgBOCItyk3fRzD65i
2020-09-22T08:24:22.713454248Z,2020-09-22T08:24:38.224407082Z,256 QjfTdrdP7wmf7QphOdIH50m7k6lcCKgU5fLGpmvPdVnvYUfS4U4qoRxpGb2H
2020-09-22T08:24:22.724367182Z,2020-09-22T08:24:38.290352386Z,257 X8Axm4rD5oobvZ4KIpoMh76q9WHSZJIL5ayTNaUvmsWx6x6JioPWx5JDkBi0
2020-09-22T08:24:22.735869734Z,2020-09-22T08:24:38.362045783Z,258 xgdjjPldFZIn2RI5QL1Sxx4oQ7LBHB5KmyrPxfxvCRTyxXFXDEXteRZAilff
2020-09-22T08:24:22.747833642Z,2020-09-22T08:24:38.430102648Z,259 I2Za7aUrI6SBQexlXHWBJ0fW3XKokPHTcxIsnbKhtjIElikw9YhPcSqgrGcN
2020-09-22T08:24:22.758747546Z,2020-09-22T08:24:38.501087496Z,260 RRhcvid4ex2RXtlR8rSvsA7QZcvDmuhBPPuIJsUTleHk4zwdKLZ7Wy4QV7zw
2020-09-22T08:24:22.770501654Z,2020-09-22T08:24:38.573540298Z,261 AuMiMHenRAxnVU5wkqakD5Qst9iOphEaXYvSgtbFUyq8DzoOgILcEAtMzaSk
2020-09-22T08:24:22.782281716Z,2020-09-22T08:24:38.653972661Z,262 25aUgix5VdgXEpTy7DfMVk7kTnpLbPK076eFQJtWj7WGi4lGt5xvrz3qC7OB
2020-09-22T08:24:22.793933522Z,2020-09-22T08:24:38.724682088Z,263 1WeAbMFuQB3TG2ZIlufjzbKMs2fTsbCGoljwy6OTOBMEBluG4qJAMt00GRu2
2020-09-22T08:24:22.804616586Z,2020-09-22T08:24:38.849208983Z,264 JPnaTmFzKrQjdcTRCk4DY6mmNgtpsRQgP0OViqfeHHVDlgTNsVb8ZDgw3geu
2020-09-22T08:24:22.815702829Z,2020-09-22T08:24:38.914651284Z,265 uTCy4kSoyxYYjm0kmThSIB2p5K52FggaYElQtzKXQQD2mi4EDYbTojXoPD1N
2020-09-22T08:24:22.826321672Z,2020-09-22T08:24:38.975774176Z,266 6VEzCFHhHJNSoLvgfHdocRBOKS3miFMBGkvwrXsWTHF5nAb92IIaEPoxdhYX
2020-09-22T08:24:22.837891266Z,2020-09-22T08:24:39.045584712Z,267 NsadOMlouH57OsVmemsDsMArGRvcMCpLH5zVDyUgBvJwhlk44jU8Uh7OqzPr
2020-09-22T08:24:22.849242542Z,2020-09-22T08:24:39.117403184Z,268 0UutGjXXg1KwQWY2zNq6gemfjATlp9jxhHVNMPbkB1uuRfdewHzsa4cwzRW7
2020-09-22T08:24:22.861128833Z,2020-09-22T08:24:39.189210631Z,269 eha3yJ8dUCWXBqRDfzx8UMEx00zo7Vca3A1hIHnbCcFm0OsMpkhv9plCGW71
2020-09-22T08:24:22.873287567Z,2020-09-22T08:24:39.263813379Z,270 ydDiZ92xzCQecuF6B7Qk1MVLnD8eCHzqxXRaFGIoQKAXOvrXWqUfz28CWMZu
2020-09-22T08:24:22.885135257Z,2020-09-22T08:24:39.335467957Z,271 apd9MiOO1jIu7bPZFv67MXCcUj3PnjUGz9b9lt1mu8R5ece0YuBWFdxXPNdz
2020-09-22T08:24:22.896637297Z,2020-09-22T08:24:39.403444434Z,272 BgVxJrGgFP3LB64dNqROf4hfanNFUChskW32K3zNsDqjs5Piu1qtR8fI9k2P
2020-09-22T08:24:22.907285562Z,2020-09-22T08:24:39.474058831Z,273 KK6xQPLUmTbVwbldkX9qrFiCCLokJZ8pXUCnXmG6bq64xn7qx3ahQeV0BgVc
2020-09-22T08:24:22.918715147Z,2020-09-22T08:24:39.544179437Z,274 PouJWsncyvRW8DyusCmGzmuCHmtRjHHv0CXbmByd2BGvd57PNzoTclgPIxxS
2020-09-22T08:24:22.929377671Z,2020-09-22T08:24:39.611777912Z,275 IaExViAfHynOIyFHSOtg6OysU79liBuvMjGt6rGzzl8jX6MzvsfrYkM49zzo
2020-09-22T08:24:22.940551289Z,2020-09-22T08:24:39.680064286Z,276 JShQjFcSlLGKPvEK1y2KeU6AzdAQ1VOpj5rnBA189KVgWQYOBJctBevFQSZp
2020-09-22T08:24:22.951971157Z,2020-09-22T08:24:39.748006867Z,277 q914rYHar4bbUrYcDXBwfxAGIhxdoqZ2KIfslR9STIeb3GHoRdx9ommJIZEz
2020-09-22T08:24:22.963505500Z,2020-09-22T08:24:39.821404854Z,278 2aoOEeoq1cXZyqQJqPIrvxXYs7B8KMBRow40Y25okaGKF5Ua5celIUYuYmrT
2020-09-22T08:24:22.974597665Z,2020-09-22T08:24:39.894231953Z,279 LHIkLi1nZM7fLD9ljggr6Hh0yoi1u9J1G0eMXg2WunW1t0KVqhbYT4MbtWXo
2020-09-22T08:24:22.985943564Z,2020-09-22T08:24:39.962037709Z,280 zG1DiXySO2d2L54WLaNzSD7YF6LJH25B2rbwE89lECv7WJGMfaTagIN34bw1
2020-09-22T08:24:22.997852502Z,2020-09-22T08:24:40.032262419Z,281 SSt8gZNeYrObNXQlhA0g4l3rnABazZXrgRFh27xFqGTEId6t5JfqFoYWOOaJ
2020-09-22T08:24:23.008691348Z,2020-09-22T08:24:40.103618504Z,282 00DVO632MHtVE9Mq7namnwv3XYaQztcj57nKe4KUVt4WGn8t7j5gZKKCjLiB
2020-09-22T08:24:23.020089078Z,2020-09-22T08:24:40.171756892Z,283 VsthSglsfsBcxJb0O4wkmrQykmiG1nHmX9q5oOn4JTrVuMnoT1ApM4pU4y7s
2020-09-22T08:24:23.031552155Z,2020-09-22T08:24:40.237272840Z,284 ItIKXHa0mEooLj7H8XNuEyDVmJGGYBOfTXlwsZwQQla4JE2qFsztNTw4itVc
2020-09-22T08:24:23.042624165Z,2020-09-22T08:24:40.309363645Z,285 GWE8TSUlm3VbZsg4vYgVdQD6sqxXU8rKbwGZaMJ42zBxpbKMv7gls8yaDCc9
2020-09-22T08:24:23.053448311Z,2020-09-22T08:24:40.378675248Z,286 BnAR5siFWXFt7cX03r0YSNBhNCEvTtdJaK1Rlk5VvPIwQ6RHvwbZRdmezGCM
2020-09-22T08:24:23.064869530Z,2020-09-22T08:24:40.451238403Z,287 kqXorvOQOfju4zpli5lKXZXSsAXw3Kmt4Os59OfoDCHRVRaGzZTJgx6rQOIM
2020-09-22T08:24:23.075282082Z,2020-09-22T08:24:40.519993951Z,288 esjRQz6JZd9seK9yYLHW4rbyjJYcpXYuVXCZ0YEblAFGSxSjAWmQ6B4ZQpSO
2020-09-22T08:24:23.087334299Z,2020-09-22T08:24:40.591852901Z,289 lat4Rohe5n5OTCsVrrpxBkAHjMgdjqMBBbgMPmFjFPXJDFkMHJypiVWEzYBR
2020-09-22T08:24:23.098615796Z,2020-09-22T08:24:40.663930153Z,290 InzsITwwDaMDuoLGHctLt85ZomAHCyBemXNk7fFowGTkOLlG7B0Es8MWjHcm
2020-09-22T08:24:23.109187749Z,2020-09-22T08:24:40.737922249Z,291 2VRDFkYu9yy3CV0kKhoTCPhomXPm41g8QRtDKIss3JUvx4xcbOoYe43sacle
2020-09-22T08:24:23.120580344Z,2020-09-22T08:24:40.811520056Z,292 gmPq9EjKcwlctWYnrgx5zYWN4BfxERHRdRlXtvVudGD4nq4wXsZxi2mCuxC0
2020-09-22T08:24:23.131399270Z,2020-09-22T08:24:40.882731937Z,293 MpmXs4LbAselYEtGjLHlPuiaNEFZrLmfhBmQ2KqRlGtefY68ZDzm9EGkEck8
2020-09-22T08:24:23.142359104Z,2020-09-22T08:24:40.951622595Z,294 jw8JONHA0qpIBenEfF2C9RD3tnqnrH5b9vaPWQg5tE4sIge01Ga2SVBBzYNN
2020-09-22T08:24:23.154055622Z,2020-09-22T08:24:41.020761020Z,295 BtY2kRylBmERXTiX6gNWcVKWvnszr112muUg3tM6fEiMdUBYISM3B3pjsAIy
2020-09-22T08:24:23.165096544Z,2020-09-22T08:24:41.089669137Z,296 oU3ZFhFsY4FHl0CvQ6Xayh67LLi2LI4fPrXtNh1un5dNXWWPPlgTn6WUSCAB
2020-09-22T08:24:23.176832636Z,2020-09-22T08:24:41.161190318Z,297 QC7k85jabkW9h7HzNCPsDOx0CzFzQNMBvDwonCO4zh1lJnAC3mtk4DygQz7N
2020-09-22T08:24:23.187155766Z,2020-09-22T08:24:41.229306111Z,298 5pFf3rRRoKSsUTtmuPwSK6QpvUt3eKPsa4GpCmWdDuKoTjVo5fxowsv0yTxA
2020-09-22T08:24:23.198715433Z,2020-09-22T08:24:41.299806310Z,299 NDoZ6OxONuPMQmssbwGj0iRfS50WbbUw8AEcRoIEtk4VcoMv2GMnszMQVczz
2020-09-22T08:24:23.209307026Z,2020-09-22T08:24:41.370587613Z,300 wnb9dhIT1YvIVmLKcpybbVFD92ZhAvdoqep3r6yQi7qlMKmohFD3WtVzqrgj
2020-09-22T08:24:23.221242380Z,2020-09-22T08:24:41.439561097Z,301 bAq092YQFeMDEQ9xUzmMmV9CrTqB9Ke4UmS31klLZ8MCuHAeTfD9GemLmiSq
2020-09-22T08:24:23.232670585Z,2020-09-22T08:24:41.511633980Z,302 wKKAZ0HJLBKmfC6DERF6bpg0jM23x5HmpL8a3rBjE8KNpzQlkplpyX4VDV2u
2020-09-22T08:24:23.243114107Z,2020-09-22T08:24:41.583449942Z,303 oJkAUDFZaH9fogysa8qFVCt2uDkXkryS3A0czyE2LyJnEDbRM1vX42mgS5of
2020-09-22T08:24:23.254680842Z,2020-09-22T08:24:41.656775193Z,304 g8laoEgTsPvv5kxu9qYvloktoinvikvY3ElPZrQ3yY8ZyxbJFZo3rbcdvQiY
2020-09-22T08:24:23.266107081Z,2020-09-22T08:24:41.724587666Z,305 TgAqHQStu86aA1B7cQ1SPJOUEAVmFtwZ5FAHoUQSi2cqamPs1AIpYbU3Mrzb
2020-09-22T08:24:23.277740998Z,2020-09-22T08:24:41.793241594Z,306 zoiphE4oSwXfBIur3cCb5fhykoU3XZGJAzv5sEyWutfhIxOuuGgmB4WZkCLl
2020-09-22T08:24:23.288630299Z,2020-09-22T08:24:41.864454028Z,307 WjMX3ouZsdmhQbsuhuLm52Z1xSKJh3A1P4re5vFi8FssQO4W8nyFQyFvrMPO
2020-09-22T08:24:23.299311077Z,2020-09-22T08:24:41.934270699Z,308 amT8cdIdPQJzpYdUhpLEHpXnr4eQl0mTDXepgAcqzeGTPJXNrU8NMWUMKBBt
2020-09-22T08:24:23.311407175Z,2020-09-22T08:24:42.005980703Z,309 ohmDtDwpQ6IQCm7abavDsRrmFu9MltOgxvvZVhTTRPoC3Uzot5y4RGJuRuGO
2020-09-22T08:24:23.322145850Z,2020-09-22T08:24:42.075642830Z,310 4zj9EYGn1BuomcmISBgP5KmX3H988FLNn7CPnvEPXq477lT8vMdCDpof7zj4
2020-09-22T08:24:23.333525413Z,2020-09-22T08:24:42.146150285Z,311 qu7WUey5nPisxn7QSJwnnITBJwdV8NzbdQRgNbHAqpJiEzRihqynncqRmpx5
2020-09-22T08:24:23.345048208Z,2020-09-22T08:24:42.218010269Z,312 Uzrhig76t1YUGiGFmW0alE6XnEgp7EYDyWviHl48oEndh2yetZWYQfFIyvti
2020-09-22T08:24:23.355708223Z,2020-09-22T08:24:42.290937495Z,313 MT1QNmGbGohihRboFEJfORnr8odu2gkCza2K2iZjRjNvRDU9ucOm9Tmj0NXg
2020-09-22T08:24:23.366858664Z,2020-09-22T08:24:42.356486158Z,314 zgTrJXsFpskkmDkStMLlkBH7dFGwub5SP1wa4zBgKa7je0J05gk2D1MiivP1
2020-09-22T08:24:23.382508756Z,2020-09-22T08:24:42.431537785Z,315 NKTHLzZfqybqHmBswAqRUPlemHG5Ahhj3wpsNNudnuvrtp5f4QKaRlJBoGoi
2020-09-22T08:24:23.393878451Z,2020-09-22T08:24:42.500381437Z,316 DNXDVdHheCMWppXsjmjcBPBKFQgzlm9CsWJsnmBU1ylmj2K8ObJ4pOKlST7s
2020-09-22T08:24:23.404323590Z,2020-09-22T08:24:42.567957381Z,317 vWYisnCQXs2aN27Nm4a7Gzltj5xuPmzzdFcphCnk8ZdUtMpLdWz56RTIXme6
2020-09-22T08:24:23.415698486Z,2020-09-22T08:24:42.639653242Z,318 Nf470BavhlOfo4dEmM909vHuFAvTYrkvgtzrGDWHw4zq9gTqQSwv9eBVrLAI
2020-09-22T08:24:23.426714302Z,2020-09-22T08:24:42.713260002Z,319 MWfG4AGxGd5vIgXYo49DVfVxL0o03bfGhiRXpWilwUNpxgfHESO8TwuHRQab
2020-09-22T08:24:23.437953982Z,2020-09-22T08:24:42.780501723Z,320 S4nJ8SrDKfkKpebkUQYbAOqY3RRNwhuFBE3D70WnUdgiyQMAq8dVAGGngx36
2020-09-22T08:24:23.448804162Z,2020-09-22T08:24:42.851384552Z,321 wW1zPjOfzalqRShk5ksOXdKciI5vAZ1w0nYA6yT01vo1uUm0smEqVQBlaCTk
2020-09-22T08:24:23.459557634Z,2020-09-22T08:24:42.924435902Z,322 8zJtzduRvwkFGkQqhb4KO4OCc670Zy8KDaaKaG8Bqph7znqqc348K3VnHR0G
2020-09-22T08:24:23.470533214Z,2020-09-22T08:24:42.998281091Z,323 SPQTaSBAN0euAf0Z0UZfr9rWRY5YoS730HgqffD7MCbQQr5Y7oKtMYkv89CR
2020-09-22T08:24:23.482058939Z,2020-09-22T08:24:43.067573988Z,324 FqA6idt9gP3n1DkDt1Vonsvke8qpzAKUZQEMt6xaycEh7TkBPrtLDqA76OQG
2020-09-22T08:24:23.493568425Z,2020-09-22T08:24:43.140369990Z,325 IW6AFxQLnmHJ15209w1wbqQmXkE6mYDAEWPuEuleweuERbkU1xxDeN3huGVb
2020-09-22T08:24:23.505233972Z,2020-09-22T08:24:43.207973840Z,326 aOgpBXmdNalcA1Exe0plXj4z2x15MQjbifJch1vpg2I5z8GzkDKeMvz2MYVT
2020-09-22T08:24:23.517007994Z,2020-09-22T08:24:43.278506532Z,327 j0i192TYc4vrdGYNnCgNsbwIDTGbhGzirx2oRgH6NqYtXg0tU0SyygRWuPhB
2020-09-22T08:24:23.527572025Z,2020-09-22T08:24:43.349307153Z,328 qmaIxNqlguDlZaU2De8ZnmJfFVIoGM3YTWA037IjXNOD24bXA5jzj96Py1tm
2020-09-22T08:24:23.538252769Z,2020-09-22T08:24:43.421993065Z,329 cHCPlaqyi4TCO1lHSRLYnxCSx0pYLSy8X9aDemPTRGH3Dyo1t9DWn6LyH5jK
2020-09-22T08:24:23.549417241Z,2020-09-22T08:24:43.493195205Z,330 z0wGhf4WYTBuyMyfCCcOUTvE9tgDsoLXWguaLwt2L04reMQezZ83L7zmk5Ku
2020-09-22T08:24:23.560619415Z,2020-09-22T08:24:43.562158898Z,331 IBOAXvrZUSXFDN7oazW96bGCmuAnWM5VYlcTJwPxJXwI3Keg6oyVkRgq44Nh
2020-09-22T08:24:23.572149815Z,2020-09-22T08:24:43.633541969Z,332 WuZ7oxtE2Cdm7jbwmtnD7oFjlurY9mpPIjSh6RHZmWvNh2uUaMmIlwhY8zxP
2020-09-22T08:24:23.584151084Z,2020-09-22T08:24:43.705254090Z,333 w8jysdY6RiP2A9frLT0DsC7TwX3YSW8Lw4jweJrlRv7o2LaHjwtkrc8xSoQx
2020-09-22T08:24:23.595898866Z,2020-09-22T08:24:43.776917132Z,334 jV9JGNxGO6Cega90zc2d0EcGqsiFlx9Xnlapw1zP1fjrMQpCw6Tlu2SBxuUE
2020-09-22T08:24:23.606284016Z,2020-09-22T08:24:43.847153303Z,335 Wjc3zAgMx6I1evKZS85jup6Mpj8CBKdE8ylhcgHiPa56OEP44v9pFYZXFWO7
2020-09-22T08:24:23.617351768Z,2020-09-22T08:24:43.921073207Z,336 pUZihrniAP3fSzPUuljiw9MAkFkxd0r1nIwQtCfKiEEDLRtUxomTm5j4spy3
2020-09-22T08:24:23.628915828Z,2020-09-22T08:24:43.989226054Z,337 JmhGS26UsRqtA0lWh1YPvkeClfUgOEt8LLtH2MpfsJK7gxWYDrP30Cufe6ly
2020-09-22T08:24:23.640036503Z,2020-09-22T08:24:44.060008411Z,338 l7nWR1feRKY65IX9yHShdLkFuowzJRnUgCtalAa4ps1S8jo0TrwkEfUX5TGM
2020-09-22T08:24:23.652195695Z,2020-09-22T08:24:44.132481065Z,339 H7lKLkj7QBVWMusvf9V3kNF9RAx686xPmRuaraiRZAs7OqMVm4uQjwCfgVI1
2020-09-22T08:24:23.663823242Z,2020-09-22T08:24:44.202746051Z,340 HVJpFHfOcf8keJ0waliBSaBTKpKI2OcqUM2Tj7AByi9fdUvjXdTzYYCMzMt5
2020-09-22T08:24:23.676188899Z,2020-09-22T08:24:44.272617591Z,341 4z2bVUvjfTjxEUB0AxPSYyZlU8jtIMA8J2mrIck3DmGDtOowZidkX6l84ns7
2020-09-22T08:24:23.687852543Z,2020-09-22T08:24:44.341033628Z,342 QYebCzJP7nisr4TDP4dP9EAfdQ5eshBZ3ihPBKwiRqrZjZqDaOXN77iX0p6q
2020-09-22T08:24:23.698345876Z,2020-09-22T08:24:44.411877835Z,343 yNKwdO3iTsCHAnKeCou7uszKPt6oHDhtQTHNVGSRCIW4FiLsTyR6WkCZfFkS
2020-09-22T08:24:23.709847020Z,2020-09-22T08:24:44.481527300Z,344 PYvZuEhU0XlhGp8wIBzjvQ35OSmR0ADzARBAlOT3HAUOqQxIyV3cavMPsIiR
2020-09-22T08:24:23.720460657Z,2020-09-22T08:24:44.552064619Z,345 F7kRJ4TfmSYf796PHo4IIA2KAMTAKfydOfv1muAYFvXA9rHfog2PShVymchf
2020-09-22T08:24:23.732059466Z,2020-09-22T08:24:44.623592947Z,346 aomjB30n6IkAl41VlpMMDqcoHiOfcrBHz9BneZlNLTtk4rbJi8tjZjLTMW2I
2020-09-22T08:24:23.743663019Z,2020-09-22T08:24:44.692639834Z,347 sZidQcmieek3jNIVDmeKi2nPIDK5xnq7GZQjwr773igNL4lijDa5w2bQ7DNM
2020-09-22T08:24:23.754828267Z,2020-09-22T08:24:44.765818967Z,348 f5JqlP65D97fO3AXRgHJgnbcqG2y1QiSEAGGBC7jG07Mml6EF66pOutBbkaP
2020-09-22T08:24:23.766301843Z,2020-09-22T08:24:44.838426648Z,349 Zh99f9aV5soGqZMEAQAxgYzp1xmVCAk1fVJfKCGyTLX9NDphtire2bLLx6Sj
2020-09-22T08:24:23.777666819Z,2020-09-22T08:24:44.908458630Z,350 uzbpzML0dKodp32WB7PwbDY1n9boYW7JmVdabYbbmKIkJTkQVt4Z1jg7oSpm
2020-09-22T08:24:23.788389866Z,2020-09-22T08:24:44.981726581Z,351 VNsbRnpmrU1T2Ng3lyguvkEVgTxHaqxCEBLO82lZpHBFyXFAJUbm7vVMVSyS
2020-09-22T08:24:23.799325273Z,2020-09-22T08:24:45.050454826Z,352 EIDv9nqZ68ag1KRezRrfl8RCXVEj4jrP3h2rFzC3BNeadNp89MaUp9RKns6Q
2020-09-22T08:24:23.810677286Z,2020-09-22T08:24:45.123529440Z,353 X68WjPSnHm8SpMxb5mew3Lh6PKxRZxsUFwx2OxD76nxgMjYNfXvUj9aAx3eZ
2020-09-22T08:24:23.821197534Z,2020-09-22T08:24:45.195500356Z,354 RzVP873uUK2e8qGQH8dBe1ES0yNexUgiFFHB6n1YMUCdN1QoWXLWOYsQf0ln
2020-09-22T08:24:23.832347533Z,2020-09-22T08:24:45.264955105Z,355 ngtsFfngjut3gS48U8VDER2xkPJR3FwDwV5qPDyV7Iu84VPWUXnED5PcZsjV
2020-09-22T08:24:23.843816946Z,2020-09-22T08:24:45.330014437Z,356 6puX0b9hAiUPzfEPuD5t7L9JnS4QPeGFbooOiN8KRh4AWOtG15ej3DdnbSsO
2020-09-22T08:24:23.856209910Z,2020-09-22T08:24:45.401030369Z,357 U0djaSFu5bnhI3QGOrG2wAx7pvc56hjyCKSm1BZnjmoj7XN7c9DEvHOblExN
2020-09-22T08:24:23.867603611Z,2020-09-22T08:24:45.472472087Z,358 y5aGZRsyc5z34tn6dkiLPMEAV8wnvBSVeNbwkKDF3TEmjaekK9p0X2QXHTnD
2020-09-22T08:24:23.879134593Z,2020-09-22T08:24:45.542786790Z,359 XgMIXTvcKxKlHgY05D5BkqnbWDBWM4oXFDU2wcSluHURcNWVpe0qbfGQr8bF
2020-09-22T08:24:23.891197073Z,2020-09-22T08:24:45.618331705Z,360 eKPUY452wqMjz9EKQW9o5r8VU6bedbLxX1V3xXpDc7VBvW7yJJPJCIBmDslC
2020-09-22T08:24:23.902549146Z,2020-09-22T08:24:45.690902703Z,361 eOET0tVVZLZaclEfDRzq62scggjpfEVXgbfq1UoEm6z7LariqDraJNEt28AJ
2020-09-22T08:24:23.913498100Z,2020-09-22T08:24:45.761517249Z,362 MAPFA52iHtbYl1N6bsbegiSwxIoAwhJhNd0Yjt3JhlfQrjJqEfhTpbTv4e4i
2020-09-22T08:24:23.924994353Z,2020-09-22T08:24:45.831884010Z,363 yxRinffwg6YO5m3goij1IcgsW7s3opo9T6KnOwae2i4ZPY4rmxlZOLNuJQ2l
2020-09-22T08:24:23.936495817Z,2020-09-22T08:24:45.907725103Z,364 F3GbODyYdHrw5OZMK61T3yCXHWPMkicaTQ2YvPU3zpKO91liebqxsyOv9W1X
2020-09-22T08:24:23.948551036Z,2020-09-22T08:24:45.979477476Z,365 EDPMwRMXQw3VyUznUtnhT8VVBuAMwjuhM32uQiaQvtFjYwMISAbibMAqDaha
2020-09-22T08:24:23.960082170Z,2020-09-22T08:24:46.047263342Z,366 8PDdOH2biFmwA5wzJZQWciuMSNgb1SibwmGjNd5xM8Ny9m6atcKanVCcvX6o
2020-09-22T08:24:23.971406351Z,2020-09-22T08:24:46.118278671Z,367 IoAsjFxXQH8YBFTfhsH7Qj4RnVuookanpACSnhPoVRwq56yFhZ4q47wuEmE3
2020-09-22T08:24:23.982794232Z,2020-09-22T08:24:46.188029135Z,368 Qwebu5RJFccFQBshlEllKVpkcCzykJo4i2tKtderITrnRasKUNj8K57p2aU9
2020-09-22T08:24:23.994592392Z,2020-09-22T08:24:46.259645690Z,369 udW1a1LrMAsm2OoF8ZndV0mcO6lZBMnpU8DM40Z8g2xbR5x3JSZosJL3yBoX
2020-09-22T08:24:24.006437713Z,2020-09-22T08:24:46.328597040Z,370 aFsxbKuv7RTfVUURZtDHK9LkYtmEmFxXI16WhJd2kLWgMQLu9M672LBgt1Pw
2020-09-22T08:24:24.017952212Z,2020-09-22T08:24:46.398171517Z,371 a2wcZJsgl8zUJyLj6F1Oo6arzPwS5no1rkQ18mLGSj7XdVjDhBvaPiFhR2oY
2020-09-22T08:24:24.029820184Z,2020-09-22T08:24:46.470681060Z,372 ZqrUnxPCbNUrMomIrsSUs32d3PEvurCmsQuTnPh9TdBhGKP1GaxC0lVxNoDj
2020-09-22T08:24:24.041885024Z,2020-09-22T08:24:46.541275761Z,373 pMmvVBnr9nyxlSFwEm6XyzOJ40qlzagrUMqYMpigB1i0URoPw8KK7DG0BvKK
2020-09-22T08:24:24.052263611Z,2020-09-22T08:24:46.614497895Z,374 KYyRXnSgAI4j18g6Zz5fuaxWwVrEiT43huajFdKVdOm8drJP56dF96X2ewG2
2020-09-22T08:24:24.063808646Z,2020-09-22T08:24:46.682535701Z,375 OMHSCvXBFJz38xCdqMxxDGaGaoNWZ7fGHCSc6gvzddPCp96lK3UVaMxCMp1g
2020-09-22T08:24:24.074373466Z,2020-09-22T08:24:46.757577584Z,376 AlNpGIOB9k77NNvaQjtmWRMIaGWeaOocoQGu02mf8lli4yD8myPh1SRc1UHD
2020-09-22T08:24:24.085840237Z,2020-09-22T08:24:46.829361683Z,377 eILQWD9GBVhNb8znXWdUT2CAHYZ1bXHiUOjSIN5ZbTgF5dIpXfKGrhMo0eed
2020-09-22T08:24:24.096347636Z,2020-09-22T08:24:46.898952163Z,378 5F6aoyOnFkFrh9gO1HBprpeYP3IAIYUF0qvynHXXZ5RvJQGNXXmWH19EjDjc
2020-09-22T08:24:24.107934498Z,2020-09-22T08:24:46.970036423Z,379 5gMJTVBExGIF1wlEXwqiRK3Sbv7Plt0uc4Z84ffaf8Gwa0BMPEnSKQEbBfkh
2020-09-22T08:24:24.118305597Z,2020-09-22T08:24:47.041619837Z,380 Gk4FXBV2lCxKN0NVy8Aa8b3cIF2Fu07WR7tCFhCtBKYEDCWuYHnUAw867xY3
2020-09-22T08:24:24.129770654Z,2020-09-22T08:24:47.106926841Z,381 8tJ3e54Bc1czKkMr0TfSPUc8iZfMstYZDMqd70DFHZR4s8UZl2WG0ywTg6rH
2020-09-22T08:24:24.141190007Z,2020-09-22T08:24:47.186357859Z,382 IyjSgWAlWEjTmnDj8lukiayRyLEwBXVZcd8h85ttAZAY70ZDInFYNfS17ezN
2020-09-22T08:24:24.152438192Z,2020-09-22T08:24:47.254922138Z,383 L8O2YqltfZ4Vsjv2dOXMLxfZ2GzmK96UhTbO3dDWG6l67qUkci74J3IYXOnM
2020-09-22T08:24:24.164067949Z,2020-09-22T08:24:47.326303608Z,384 GQWom5PZQIUlEak9kDTO5d46aqAfgrbfXhzRrjKNrh1BT3AWzTMitpD87o89
2020-09-22T08:24:24.176145767Z,2020-09-22T08:24:47.397278365Z,385 lWUm0BB1MhZDhM6TefvOUrH2nSkUrpV1MLzuLctqJHFOQf0eY8LifemB8gT8
2020-09-22T08:24:24.186377033Z,2020-09-22T08:24:47.467847708Z,386 LMAax0jQViEgF3ZHYKmHm8Ubu8GaCA4ToDHaJIjzKwb8VaZcxXNHAomZaE8i
2020-09-22T08:24:24.197635578Z,2020-09-22T08:24:47.538182960Z,387 yeVx3xDhgWqrqQtYr8rcF2K8DFGnRqiqIB6TF7U0QN6olw1kxHUwcu2HvtRA
2020-09-22T08:24:24.209187165Z,2020-09-22T08:24:47.606606575Z,388 5O0wRJyDTFd9T9CO0t45LgZgzUfwPZTRuaYWZyZu80fqlHktAiY1YWumCckg
2020-09-22T08:24:24.220503198Z,2020-09-22T08:24:47.679553060Z,389 CTqv5vdm19B47WSbbgOMiu8QpsHAUGUlI09nACQcX3a7btzpzPyxxbXjOqN0
2020-09-22T08:24:24.231411948Z,2020-09-22T08:24:47.752636797Z,390 X48Irmw3hbiOFAEu3X61Ax3twMW5K74J8601pTvtfB9EVOt71rG37Eq8GCSc
2020-09-22T08:24:24.242852840Z,2020-09-22T08:24:47.822331758Z,391 RMk65qoUcGgz5OglpzMxEoNEgaJq6d7DLH6ucz6MiDu7pA8eoy995mmIITTx
2020-09-22T08:24:24.254925449Z,2020-09-22T08:24:47.894202887Z,392 qGYWWpQHkpsAz6N0T0bate56ItKSeeKzgpIaJuUrZQ9hddO4Xbq5WtuIeXtk
2020-09-22T08:24:24.265261989Z,2020-09-22T08:24:47.963938872Z,393 ai9tUAMKgKCPWNwmPBWWTTe4mxRpkp3zZKdNHRvFdvfzp4yno2htrTQb6ipA
2020-09-22T08:24:24.276693313Z,2020-09-22T08:24:48.034487278Z,394 8PSjZIa37jIpUC8HE9MH7LfEqxOu7qi1NKGgk2CKFU2cilM3n4JreepntKYj
2020-09-22T08:24:24.287367779Z,2020-09-22T08:24:48.110034538Z,395 f7qa4fCLnJIXJaVS5v5Pc7S5rr5wNMQdfFScP6cSjXsIAUK3la8kOgpfI56u
2020-09-22T08:24:24.298903912Z,2020-09-22T08:24:48.181668779Z,396 dFazlj3m9BZYJHvjAkv0a5aYX000Wf73mcXI2Kcs11hs01mqVEpGeQoMyHGE
2020-09-22T08:24:24.309695810Z,2020-09-22T08:24:48.254057344Z,397 fFLGTvPyhx97tN924kDtp0unuJYxDzNg3GXUKZjoOukfj7I6ZYMIzKre6p1Q
2020-09-22T08:24:24.321970940Z,2020-09-22T08:24:48.323349760Z,398 LrLVv31L5ibrGzFjy7yVnskF2XOk4pgRFgnGiYWzbTxr3x7h4wxBbeoJq5C5
2020-09-22T08:24:24.332494971Z,2020-09-22T08:24:48.396881464Z,399 mBsPchcaS0RPUjy5BIhYDioN5xn3cTQDwRRiFQNbN6dYQUhrFXuKBKHTRolp
2020-09-22T08:24:24.344065287Z,2020-09-22T08:24:48.469326893Z,400 FakVsoDGso12Yp1jlwOerO8NPQSNLw115G0F1PMWPPizUzJsEegbZYupRBfk
2020-09-22T08:24:24.354352074Z,2020-09-22T08:24:48.541456582Z,401 Tc3Ws0jMyvMeEHcLxgXJw4x5VIaiHeCoNahzZHU6j5EAMtYcNy2syFNdE3aF
2020-09-22T08:24:24.365787969Z,2020-09-22T08:24:48.615659265Z,402 HTgPtx2ITcdOkWCWTVI2Bvk0cee0GJjG2Yi4tK30q925aOF4quX0UfACpomW
2020-09-22T08:24:24.377345751Z,2020-09-22T08:24:48.682453560Z,403 7pTmgMJcmjmKA5yhdkCOZN4BzGKKSGgQe5rjymF7RWjiXvun2hwD5m1142lV
2020-09-22T08:24:24.389192458Z,2020-09-22T08:24:48.752350564Z,404 Tzqslf5cy97eyRva8osg433J7DptFGE0Hlfk6awp3oyqVnWskTjw7pgM87ZV
2020-09-22T08:24:24.399653457Z,2020-09-22T08:24:48.823559644Z,405 oLK389Linyx9lOnl3tAfpC6OZKSIWAXZ29QLpmvsE31dn81VyKMljVuSHQ61
2020-09-22T08:24:24.410456841Z,2020-09-22T08:24:48.894553409Z,406 AyqVqMXLllWKY5AMtTZBOjQQqb3gKVWUjaz5BdL7yah4eNQ9NgK34rI1O74q
2020-09-22T08:24:24.421585796Z,2020-09-22T08:24:48.965440280Z,407 EutkwvYUj19Kbq8m4wXZWHVBhYtIbK6sTvBtiOSYJvt8N46xnLMI69sXPkgS
2020-09-22T08:24:24.433063832Z,2020-09-22T08:24:49.035487543Z,408 1traN9QbaEWwCxwO7Cyi28rKhdnkxlKhLWC2YvjFmFShUC32AqvDjzOtqAwv
2020-09-22T08:24:24.443750844Z,2020-09-22T08:24:49.106272097Z,409 hqudKpEqpWxYqMUbqM0389KKH2Jwcw9FkXOqGFUj6BEQ5ZPLKUasiSpVzmjG
2020-09-22T08:24:24.455193612Z,2020-09-22T08:24:49.176589169Z,410 cu5wz3LRVg3Cq5KlV0rgVpVFkBPz9R4lbggvkfk09qpgqVHQOcIdA8BdyGjY
2020-09-22T08:24:24.466511206Z,2020-09-22T08:24:49.249360885Z,411 zCGSNxlyNR552mx66Hbc1T6NNrCszWzEa03h8p2NuR8FDakDmfgwljbqZ8dM
2020-09-22T08:24:24.477361341Z,2020-09-22T08:24:49.321629153Z,412 qaA9IeIkph13znVhcZ3GGm8GLSMnfXMk7kPqvUnBfQ77cIAAM1AcTl168qJn
2020-09-22T08:24:24.488208406Z,2020-09-22T08:24:49.391427466Z,413 fqBmp1VyPzaHJBam4Cq6ZKcEEqZ0FobRwmuWZLoLxRjSfz2DaYJvxfGKDpuM
2020-09-22T08:24:24.499587718Z,2020-09-22T08:24:49.459713320Z,414 49vESeSUAB7SjhguQGvANjLZDwae0A0ppp3lAyZHkebaYakmnDnFFyib7Q4z
2020-09-22T08:24:24.511119151Z,2020-09-22T08:24:49.529489197Z,415 FzDpbJgY4VDVABmDfCfuF5Brv5iVKRPiGYycenUUB2pzFUWZEmqluJFiVAlf
2020-09-22T08:24:24.521890297Z,2020-09-22T08:24:49.604753194Z,416 af2RXIvB5nYenMbtgtxnIRdV8KXbTt5iuEwUuJfN9XLkRKtonQYT43ifPIDW
2020-09-22T08:24:24.532705693Z,2020-09-22T08:24:49.676034825Z,417 ppAL41CxZqI8bVwb3Yz5XKpDwu6DLpUeGOSTfGKTLGiCAUceRWrN86rFhI5k
2020-09-22T08:24:24.544143520Z,2020-09-22T08:24:49.747308862Z,418 sid33rrOLmY1PZ5yaXcbqOYQFg2s30xLLUGXlN7ijQlToRWMwP1ADd4H4KR6
2020-09-22T08:24:24.555922928Z,2020-09-22T08:24:49.821667374Z,419 bfoxAbZB1NSxHkRd3ZTbRfxpXyj3r3R5O8JU01G1qKYucjf62duUkGBqK9rm
2020-09-22T08:24:24.567291594Z,2020-09-22T08:24:49.892670273Z,420 s0wGkpn2wAxb4gi7XLnhaHfSnKLB0Ayas7bUKE6nVirw0KJXNWSxhedkXae5
2020-09-22T08:24:24.578729680Z,2020-09-22T08:24:49.957860802Z,421 ru6H6yM8nTUm6hQmJhc5xc7NeOXo5s99dTTQgP9b0BN37VckkYmaCifJ7rhC
2020-09-22T08:24:24.590321839Z,2020-09-22T08:24:50.028231548Z,422 knf90LKBLjG01tvcrycDW17u6uaRfqn6byCpyh5uL0gdvnmpKWl1KsnVXZN6
2020-09-22T08:24:24.602313736Z,2020-09-22T08:24:50.100117686Z,423 MR9FGnrcDOg5jOroXQMwr3TgpXZg6vrAGdMwHyOClVHXrynSsiPPrBhvrOAM
2020-09-22T08:24:24.613536369Z,2020-09-22T08:24:50.172050355Z,424 KQif1dS4VD2PA6X8AmHA4f0lTRAwtPof6r3EhNL6gacEATYAUQiMGsMlqC5N
2020-09-22T08:24:24.623315570Z,2020-09-22T08:24:50.240921295Z,425 tbwKwZqKsixMT9R4GqMx6P9NMXoUoB8sYZSLk1p2Jfpnt27FuI93KfhT9rJp
2020-09-22T08:24:24.634462585Z,2020-09-22T08:24:50.311601433Z,426 h8jPA5xnzQOQEPP1lrjptVZ6NPjMKb58Okh5Ycl6qhKdHaITIHT4v2dIik0H
2020-09-22T08:24:24.645656522Z,2020-09-22T08:24:50.383153099Z,427 7ketXxQpqPkodayxETjqCFv0m9XbshiXWYvrBB4Fu9TpzMsibhJjwcCRHnd5
2020-09-22T08:24:24.656946389Z,2020-09-22T08:24:50.452117574Z,428 cBHoKnTGJfO2u64NXJ3BNkWwhRs03xbC2H9yZ5p1G1Yr5GcwV8iYu2E6SI0k
2020-09-22T08:24:24.668247434Z,2020-09-22T08:24:50.523626823Z,429 43JMI8DVXoqa9R5FL5EHD9DUqMEDM0NtMCUzplBLOf6szMPQBkmIXjpeOZ8m
2020-09-22T08:24:24.679934492Z,2020-09-22T08:24:50.595881250Z,430 Og5DTHmjoBkpWuxfCse2AJlk0hDoNVr6XPnmP9nYBih32lhNxJa01TkptvTv
2020-09-22T08:24:24.690955257Z,2020-09-22T08:24:50.664776683Z,431 bpd089WwhXWcDhos7hvJlpp488lg9Ua9O5qcRQ11zMpKwRngW2StkQuQcXkR
2020-09-22T08:24:24.701350488Z,2020-09-22T08:24:50.735246073Z,432 Hvku42eRW7YuvuNR6RlhoS0oPeejMN4hmPPNkAr7iyOc5WjIiMxTdTZ3SVQ2
2020-09-22T08:24:24.712972016Z,2020-09-22T08:24:50.809477931Z,433 yOTn50iq2V94ugYNVI5eR2sPY7yi0oDhU21KhKIo377dqf6B9wXA0d2PBKch
2020-09-22T08:24:24.724516507Z,2020-09-22T08:24:50.880070052Z,434 g77EhvHJ7plsaWSGtAt2FpZNxWMVX03nXdz4pYShn3sIv8CIoIkfmkgbGtJM
2020-09-22T08:24:24.735510126Z,2020-09-22T08:24:50.951703875Z,435 bwAqxlCReSrTjgx6fEn6KoafkiTsiis9Ei5hEadmffEiqmGTDOBoVuclcedD
2020-09-22T08:24:24.746248590Z,2020-09-22T08:24:51.021455574Z,436 CliOyPg9DSAk82Zn5SCQe5lCbMCOXC80mnQpGxojzF1NYBpt4qwdQrNSXiEA
2020-09-22T08:24:24.758218649Z,2020-09-22T08:24:51.091552736Z,437 7Ro8VdBHDTPQZgEhfOIBPDaZsvCNDZnnPpT5yAe92AmRMwFHnzhQGy18Fdz1
2020-09-22T08:24:24.768230778Z,2020-09-22T08:24:51.164323964Z,438 aKHnvmBGPMMPjDi0AS6SelCdYYSkzpDkBHGXsNgGB8R0YxEyn9uJpIDYMLph
2020-09-22T08:24:24.779714978Z,2020-09-22T08:24:51.233285359Z,439 39d10VnYztUfHSRH2guKBrPczNcNNohpwivGgWQh4wVZVbDwizlUgFLpUbG5
2020-09-22T08:24:24.790306985Z,2020-09-22T08:24:51.308449557Z,440 xKuBewlXXGDknAFHiZMvFNHBBCIjumPDlGRvQqe2i3LoHk4xAu4ERs5CE9I7
2020-09-22T08:24:24.801825392Z,2020-09-22T08:24:51.378570483Z,441 I4mmgHDkcyvt1G8PvyhqG5Yen5K3LEriGYJDkIHLHozsFAA8WxWQSia1asAo
2020-09-22T08:24:24.812694581Z,2020-09-22T08:24:51.451576796Z,442 LgTnrWYjaRZQmAmJke1GbIxYaffbEWYwPkNS0qWYBdlmVPr8PIt5snSFhrfp
2020-09-22T08:24:24.823766687Z,2020-09-22T08:24:51.519542361Z,443 Octo4zJP64lRVu3IhlwJhCuMgHDex2xcP4R1uCrqvpOiTQsVgtNE6rUcEvzZ
2020-09-22T08:24:24.835252714Z,2020-09-22T08:24:51.591443420Z,444 IEkttW37Yd8c7BQ8Q3dFMDccEWg4Lchouzj0g2bbbjYbeGLlpLRj1tuNSCaf
2020-09-22T08:24:24.846450221Z,2020-09-22T08:24:51.664290505Z,445 kNY0J7bAUaGr4mLwMDjuv0IZneDvlrOLiy17PvoUWygxr1yiNP8GQu81BC26
2020-09-22T08:24:24.857495785Z,2020-09-22T08:24:51.734915643Z,446 U2XL7qdWmFmbZ5GQDrXpHyILNgGFujAHBa02vANvi4amd2DITjxZLtRf6GK9
2020-09-22T08:24:24.868459105Z,2020-09-22T08:24:51.809034607Z,447 ibKJPDtI982fSZP6EfqTL2qHb8TKNRk4kbjpF9GCRMGmCc7MNcT8twQfHAEF
2020-09-22T08:24:24.879952511Z,2020-09-22T08:24:51.880537938Z,448 KTx1H6poS6YG1QA6r98IKetG63J5GjPUuQW3c8mX7vUHoqBzcOdibVDKR7Ka
2020-09-22T08:24:24.891238291Z,2020-09-22T08:24:51.949856395Z,449 72Fh5M6PlDB6WCKFth8s5bvQuifJHok6vjbDrPIESWiEZUsxc3CTlGx81I5J
2020-09-22T08:24:24.903459775Z,2020-09-22T08:24:52.023546389Z,450 QUr0TC8DJOtt8dhgw1hC3x6f8xuD61Uyat83rygih1ttS7fqiwH4Ac1pDYXq
2020-09-22T08:24:24.914143534Z,2020-09-22T08:24:52.092181768Z,451 fnyprxsv0J02qnV0q5RGFhsMQIVI5KTEWZKFGRBomPA3HwpemyOwh0rI2VQK
2020-09-22T08:24:24.925608703Z,2020-09-22T08:24:52.168082491Z,452 Yk0MHIGvKfQqH6TqJ3jTmPQAG18l3jpCMR1cfpZV5FW5CqwoytC15oNDw1cm
2020-09-22T08:24:24.936280241Z,2020-09-22T08:24:52.237867269Z,453 OFvn2d6k8es577kyAlQhAnD9T23h1uDAHVFSxskQ5sSVYoqpetdjEBsVsK6c
2020-09-22T08:24:24.947842194Z,2020-09-22T08:24:52.309235359Z,454 bp0YmrNhIZRBNIovuNwV7HdYQ72zS2UA1CUaoNxchwKrwUSOfkCrLQbocink
2020-09-22T08:24:24.958804963Z,2020-09-22T08:24:52.381776211Z,455 lUG5U4nyiqsRQGyQcW55xCB29pMMAqyUJ1E3UBJXEhrMTQeVnNUZw1DlvV4v
2020-09-22T08:24:24.970044819Z,2020-09-22T08:24:52.453582787Z,456 KINkYKmkIpVCnyr7vWqNp3DkmzCzhOhnXsqgh2jhDD0aMMGY5paRu1gahuc4
2020-09-22T08:24:24.980536845Z,2020-09-22T08:24:52.526451565Z,457 ftkSvWDlRGG1QokltALO7AB0KxqxBDzFhpd6DVkEPPi0kJBUbGK7fdBQaceA
2020-09-22T08:24:24.991090210Z,2020-09-22T08:24:52.597488565Z,458 ypDbiIe0Eghcu1bmr6UKGzyXE7hr3TcTl5gj091AecRb3dHQX84S7WMDLv2P
2020-09-22T08:24:25.002777012Z,2020-09-22T08:24:52.668337732Z,459 dhhCqXBc6ikVKcYrn16XVwTdEBV37LTxNzNNuHgGUjKLb9pHP3TV3elND3I4
2020-09-22T08:24:25.013720073Z,2020-09-22T08:24:52.741808200Z,460 iY1nUd72gA8fZEuKGL2N9Wg5X6jMbinXF7m9d1cWFXb0TjVkiYgvXXEtFkOd
2020-09-22T08:24:25.025112483Z,2020-09-22T08:24:52.811516511Z,461 OncruCxjhXCiaopS5EELSeE27XMLFaoRjvTqd2r72o53o11q73egsKoKRMml
2020-09-22T08:24:25.037215472Z,2020-09-22T08:24:52.878606789Z,462 M5jOT4f1LRbiNUxZClLU19ZEyEKymMYUCN9WFonVOdYqkG7fM48X0wS6L680
2020-09-22T08:24:25.049000515Z,2020-09-22T08:24:53.959429561Z,463 7yqVzMmdVMA6Zw4J1GeVesr9ADZ9EtqtoAEMC0NAQkAxRniuz9TWWqhWrAp0
2020-09-22T08:24:25.059642571Z,2020-09-22T08:24:54.033700729Z,464 hrbHL4koKweqqc10e7TuPZZfnRGAtpc05IF2gwr0Vsd9tgie9tFqNB5WbGgf
2020-09-22T08:24:25.070784380Z,2020-09-22T08:24:54.105497791Z,465 bd1fzZmKg2ZVoXkCJoGQdVjwgRnIoRYYJkwzB6ITjg829z5E6jUdLkKN7NUG
2020-09-22T08:24:25.081225730Z,2020-09-22T08:24:54.178040082Z,466 LzKRjN5mjeLZCmelkA7LwDOAriFJJ3jlrcYAShlCFZHe6y8uAn9syqtkAuWj
2020-09-22T08:24:25.092812918Z,2020-09-22T08:24:54.248926460Z,467 DdzcL9fnvXyNxZZXWV9880lbX7xpnLVgUng4p7Bt3tPb46C3Poe8IqSvbjbt
2020-09-22T08:24:25.104266165Z,2020-09-22T08:24:54.313628566Z,468 Zsp6Y5dJLWJrsLfwgcwjzEDJPcRaXFpDatsu0ERyNjV0oJuPbWSXztywkmBq
2020-09-22T08:24:25.115962476Z,2020-09-22T08:24:54.380622781Z,469 oJ0YmLY2aWY0K4nXNFwQRxSzvq8yZDvEAIqR5R4gHsMiVRgq0GEpWzKKGMG8
2020-09-22T08:24:25.126903344Z,2020-09-22T08:24:54.449634945Z,470 wbtoTddjEmSCWz0CxU7tM0XE8mTmCmCoktdOOGVY3ALEzguPOFGSNaNgKpjI
2020-09-22T08:24:25.137126234Z,2020-09-22T08:24:54.515780099Z,471 ODxihMuHji9GmYhGxqka8OmCPrLPpgsD01kf9KNlqmvHcTf2hCzdvEeez3jX
2020-09-22T08:24:25.148360063Z,2020-09-22T08:24:54.584547949Z,472 6BqDEoK6wthaLc2YbpfRKOSkoGtBlWiikc0ysMZf9tFyRRh83LCwXwBcn0mS
2020-09-22T08:24:25.159673351Z,2020-09-22T08:24:54.650809926Z,473 4lHZuFiLx1AQnQ5aGxW7GIi9b7jBJhoQyyQYr10YIr43Ww7HScW89VOJbT3R
2020-09-22T08:24:25.171239839Z,2020-09-22T08:24:54.717516389Z,474 qYGtOwPk2WqjYNgMjKlSp9rm79zKQmYwXGStj6LE2JoiI7olli7JNqGLgvAB
2020-09-22T08:24:25.183124583Z,2020-09-22T08:24:54.785939017Z,475 eXsXsiDK3fiRi0fCE3krT07S1sV8jvrraGr5tXYtGccZstSinZTrbzHBR26F
2020-09-22T08:24:25.193723563Z,2020-09-22T08:24:54.852971897Z,476 ONyqGZ3HeFa68Oly2s7xnx0rPMKZOYNnyn6miItbCQmdDjdIY7qisemYPom9
2020-09-22T08:24:25.204146766Z,2020-09-22T08:24:54.921615727Z,477 IbEyQbXNgawyCQvlj1UkMRIG5wghhiA7eladuFdxMKufjnDzQcveW9mk2xIs
2020-09-22T08:24:25.215668361Z,2020-09-22T08:24:54.990748577Z,478 9UHe3F5TTDsJk3zInVtO3BR690QzWHa3sv7qdtZVKfkLmZ5XIvwFcHTdF6jn
2020-09-22T08:24:25.226315974Z,2020-09-22T08:24:55.059205346Z,479 7Z07lrqgSiFnrQg3Rwxq2mIu8llZMzBbgse66RdSWVTF1OF26j89ul7J3Bym
2020-09-22T08:24:25.237750475Z,2020-09-22T08:24:55.125211548Z,480 XHCf42gkrOGb8ljPeRHp6JYlL3Fk89B7YpOUmikBfXjPOWpp9kKy1P9vE2vi
2020-09-22T08:24:25.248505588Z,2020-09-22T08:24:55.191450521Z,481 6TDesHofNNuenZj1dVKxDAdNAjxoPLQ7akZYXg6S6q3fHnJFpWCNJnFl1hOY
2020-09-22T08:24:25.262754111Z,2020-09-22T08:24:55.258491996Z,482 pFUBLd6K6IH3vPLaU6FQvrhNBXqQ1Q6xhPqSRJ9TDKnFXyLmanzI77I2KRaz
2020-09-22T08:24:25.274116274Z,2020-09-22T08:24:55.326039338Z,483 ZQtiU2lNI8FaZP8Pnzr8PLOkf5zA8voPEym9oTFWPCZmx4jvnKbBdDY2jUwI
2020-09-22T08:24:25.285899129Z,2020-09-22T08:24:55.397186505Z,484 EdrrsYYgZ8HaClc4DazdbXeY2FmSUm5sZCFLplVPzyKD99fKLdHNDQvgc2m8
2020-09-22T08:24:25.298082834Z,2020-09-22T08:24:56.485983336Z,485 3XeDGyDhcmyeikNKz96Y1XAqvht0m4znEWPCkkiWNVKT7CnVEG5b9RyeLfTk
2020-09-22T08:24:25.309889504Z,2020-09-22T08:24:56.553743057Z,486 yI1iSaWNUdrXqYbFNfHVRxWjimzFT7GgqUIQiMF094WQRplUyywzKziWE3g9
2020-09-22T08:24:25.320757440Z,2020-09-22T08:24:56.621306649Z,487 SBuPRTyFxNdAoKaofsrSLSg7NPDmm01gCIZCJ694Ipb38r3GBon8ADJyh0T3
2020-09-22T08:24:25.335320534Z,2020-09-22T08:24:56.686619788Z,488 SUsxhCBzLIpluXnf3L7vdZy5NldWaYgoZIeEbim59guFAWoPhPdvfZTXgo7P
2020-09-22T08:24:25.346129315Z,2020-09-22T08:24:56.755942635Z,489 pfbcMBOqJTCnVoipfQGq8dRBCLqBFDxiKqfTqnHM2ebsvXxWSgCqRIPRF7f1
2020-09-22T08:24:25.357742888Z,2020-09-22T08:24:56.823379598Z,490 NUEi7QfqewJftxxZhp89EuFugkmyzKCQ0GEVgVNiFyh7JsVGhRryIPiDeMsw
2020-09-22T08:24:25.369104855Z,2020-09-22T08:24:56.890926624Z,491 YZHLP9UIFSdbQ9JwXaAuvb40PdiGFC9k7UrFWKwMyzsQwBbIO2ZJCEjakwTe
2020-09-22T08:24:25.380931206Z,2020-09-22T08:24:56.957857163Z,492 LUCCBAhALXqpVygWBneCtExa9jppvq9MQTVvEVuBZWFy9ZU9NTXnEMFWwext
2020-09-22T08:24:25.393002380Z,2020-09-22T08:24:57.027200997Z,493 iPXTvCk8jLXXNuszkEPhozMWyj79bWpuQX29OGj3YDHi8mtV0lVfmV5ruMe0
2020-09-22T08:24:25.405066090Z,2020-09-22T08:24:57.096737952Z,494 g1mSc65WGDFC4FuKgFGHw5nz073NI98oASzWwcikKNGh7iJc9LRm9jvOvoTF
2020-09-22T08:24:25.417160144Z,2020-09-22T08:24:57.163958911Z,495 oCMPvUh49LMSz5gtmpHOUnhBSekAeyn7ryA7ItyiDZ3tL75yIIeIN0sfSf24
2020-09-22T08:24:25.428049850Z,2020-09-22T08:24:57.230304735Z,496 znf0Olb4gjkgFNfnL1CCSdTUIUnqaXclYfgh3f5MaVHDIR5aLibzdXMqzFF3
2020-09-22T08:24:25.439732138Z,2020-09-22T08:24:57.299663817Z,497 NeqNzMXhrQrkOkXCh5E59cNNPZBe8w2bGPcBDiFpJ72q1xP1wdTaFT3ocjKF
2020-09-22T08:24:25.450807606Z,2020-09-22T08:24:57.366165249Z,498 VTPvB9aVCTCLeMgFbPR8vyyWhourpjXaBTBYPyuPGGeoUwXtNnwxq3AJtsTW
2020-09-22T08:24:25.461709697Z,2020-09-22T08:24:57.433362782Z,499 C5yf9WHEL9KQSwmuzrYioSRF5rqWNKYGLZ6MQErBRIzJsz9btyUMwIgCcItK
