2020-09-17T10:57:43.056802192Z,2020-09-17T10:57:43.061343503Z,0 evDkG8u1FjgBeGZ3aIAGmT3lmVDZF1BecTKNb8AidytroPg5YVxNdcf2Gz0ir3
2020-09-17T10:57:43.123304930Z,2020-09-17T10:57:43.124068600Z,1 2U7KFep38hAGREwYv63cDhrrsmUnd9Xq4IKnrIXNtEyF7Lii1SwM5PKkz8DbX2
2020-09-17T10:57:43.189349410Z,2020-09-17T10:57:43.189697997Z,2 KjYpzjmPz8ZG6Z6ZtaGey02PYELUhxH8dSwzdXp5gOQL9zVnrWyiyZrqULJMrt
2020-09-17T10:57:43.255116832Z,2020-09-17T10:57:43.255864006Z,3 Ziv9Kno9a1KNXf4zyWYi3YHryxCq6gL0mlirGLmrxMU9vJZi71h6qyrP0TmgwY
2020-09-17T10:57:43.321558869Z,2020-09-17T10:57:43.322135764Z,4 VPA59xYmj9xGm9vSP0MV4m0b9FTkLeM4vmaMAN0RAAZ3gfq5fKqI8682IvPCzp
2020-09-17T10:57:43.388222100Z,2020-09-17T10:57:43.388651376Z,5 AMjp7zJdVqpoiEJkY6xlrldnrdYyIlVoM4SRUypYUEE8p6CzHdr0bxI1GHeIUc
2020-09-17T10:57:43.454871198Z,2020-09-17T10:57:43.455276165Z,6 PObMvjsW48Kk9w1cs5Z3I1LGigpZfGapMJrQvNZJbuKnGl9qgIbv5aOySST26g
2020-09-17T10:57:43.521276214Z,2020-09-17T10:57:43.521866146Z,7 9YfTcFLejisUx1lUVmH0N6A4a13qUCSp3Dwut9xKQTniYDuBHMiGeC5PxnFOq6
2020-09-17T10:57:43.587516743Z,2020-09-17T10:57:43.588964844Z,8 T64fq9jLpZDibi93lClI60KOB6bzHiBCUEn4DCJYJb9dBuLDUeas5BnkogZsA9
2020-09-17T10:57:43.653082843Z,2020-09-17T10:57:43.655032501Z,9 QHkqskjAztP5WqssLXJzeAvQw2rKt0pEh2qSEsPbkKbIuphOWQaYTbHRTE44qz
2020-09-17T10:57:43.719846522Z,2020-09-17T10:57:43.720651375Z,10 g1vIAHbI7yx1v3PRzrJ5JSmry3JcbuypdQglPFp2bg7yVKuDlNyJ91xM0liqn
2020-09-17T10:57:43.788033460Z,2020-09-17T10:57:43.788673777Z,11 QOOaTB9xC8NW7nVIgtEZlxfHmsAFp0LCZGOuU5BMfbOLXlnBb7WrcFWNfENsY
2020-09-17T10:57:43.854694121Z,2020-09-17T10:57:43.855949939Z,12 4MSOfc3jIVicCYpMeVHxEXr9R31ATSO9tBdT92sulqNulYBMwJaFjbB62zp0b
2020-09-17T10:57:43.920425715Z,2020-09-17T10:57:43.921772614Z,13 tffzdlMiRdetL7wpcNk6DuxWSYR3jiTl544JIMTf1J47rvpnhLBREzeaYLtoc
2020-09-17T10:57:43.986544116Z,2020-09-17T10:57:43.987765260Z,14 QCnmAOwOFzParUueE3wagOq7W3i7dJOJt9krilYYGR9Z9ENCEIjI3QUo1NtZM
2020-09-17T10:57:44.052478085Z,2020-09-17T10:57:44.053737071Z,15 HmnRN1CNYDO84dlYA84X5Vgw6qnUsmDXAh5JkVRbNAPelrVOvAOm6IfKUUNIZ
2020-09-17T10:57:44.118241101Z,2020-09-17T10:57:44.119444770Z,16 SngEvyoTbuLDuwvBKNbCkt4PCQSplk0V0hKTvXEIwKXeLKXTjVXZkObQgcgGx
2020-09-17T10:57:44.184370846Z,2020-09-17T10:57:44.185667292Z,17 5ZdpKJhbQUogC9B5vSEh8WFgojKMdIFBJbn9japvHmMcxdMSrw5NlQ9YkgAdS
2020-09-17T10:57:44.250341668Z,2020-09-17T10:57:44.251094636Z,18 UWdi2TfGOAmg6o4qAbibK4BTo2h4JpheYU1Zh5cJOzjM678mkgUOny0s0OcsA
2020-09-17T10:57:44.316438156Z,2020-09-17T10:57:44.318254847Z,19 Pn189W5ngfjGVzemqCBuwsMES9mktlO98Ox5qma1aKeYHQmn2YvMzDRdS2Jay
2020-09-17T10:57:44.381806013Z,2020-09-17T10:57:44.382665365Z,20 5b23G3hm9zjvSL934NQLUfgWY9HeYjXDVdYTkovEm03403373kpcW7398zqVG
2020-09-17T10:57:44.448041801Z,2020-09-17T10:57:44.448803045Z,21 5AXPTcPuhnc4Jdu9yqCnFMLHGSDp6eVQYSMfRfRYlGw7FaftwfOMPNNC5sva6
2020-09-17T10:57:44.513900259Z,2020-09-17T10:57:44.514560688Z,22 nrytMWsObligXC59jou6XlHznCYnrpwlKMyMKmkxBBunicuHPLyc5V5v3VwuY
2020-09-17T10:57:44.580215914Z,2020-09-17T10:57:44.580927368Z,23 ssw3TVVSH3q6hm1j6j1PlDWuZgluk3VGIvQIiXFKx9kDcuXFJnc3cx0i0LcjX
2020-09-17T10:57:44.646043470Z,2020-09-17T10:57:44.647198859Z,24 XryKURQqUjxvfvjw5iAIZ8nSiVRxoWQQJe49OcuG8UE21YFCuPt4aft8VLDkg
2020-09-17T10:57:44.712664066Z,2020-09-17T10:57:44.713620823Z,25 V3dDYmUKa6Bz9YPFMBnSq9MoyUNYK08tk5RnxgGxwd9b0Q1Rkyqoe4sDqaijM
2020-09-17T10:57:44.779061316Z,2020-09-17T10:57:44.779929704Z,26 4erps6MXghk1qf3JLq4GLPrxyaWmdNWLBCoPp2NLCrX6hQ8YsYr1YcttxSTPf
2020-09-17T10:57:44.845713602Z,2020-09-17T10:57:44.846494425Z,27 lIY6RoHA6FX4HWAhYcXEAhBjn6WUSotMepAMfcRhWozEu4ouAw48IVnhLWHJr
2020-09-17T10:57:44.912254573Z,2020-09-17T10:57:44.913094071Z,28 3DjFhZYfHuMPXinBPhfSWUr3vQcwf5ybShaE2id4jntuNy2AytBorFSemN1cJ
2020-09-17T10:57:44.977990070Z,2020-09-17T10:57:44.978901328Z,29 kqzJh2qBYaqZAJGYOOq2GtZDognZItpZzqITRBsUeiPyh3O1z0Yhc4f0Inq7u
2020-09-17T10:57:45.043975590Z,2020-09-17T10:57:45.046199893Z,30 OVvP8D33gD9JZHV0nBj9A38uyEnI6w4ZoZMfDh3KYJbD7OxYZ6xVdd6RGHYVZ
2020-09-17T10:57:45.110420692Z,2020-09-17T10:57:45.111321574Z,31 jP9mtND7KI437IalUeB9eiH9bycRuNPiwDkAJckDbEtGYIdZC1xjhCdDOygly
2020-09-17T10:57:45.176056071Z,2020-09-17T10:57:45.176725125Z,32 IME46eBSdAYsRV2TAQnlfZr52ecXbrApuT2soziVvt2WxWofJ9WEpR1D3Zzk1
2020-09-17T10:57:45.242480529Z,2020-09-17T10:57:45.243416348Z,33 pql7RTA6bE2s1NncNpr1xDd5XzDiCdl4wmjGcF3P49tjaIQi8czV9wl74GALY
2020-09-17T10:57:45.308194513Z,2020-09-17T10:57:45.308791704Z,34 YmmIwqODOuYXGo7UxF5yZNvgdcPzRViT04L3IjpPlR2h1EXYpKVCbnbd8uBt0
2020-09-17T10:57:45.374612907Z,2020-09-17T10:57:45.375663828Z,35 HRTVklTIhpZ2wOU8bkfsbYagi4YlfxxaST9NLkb2xpW2YRVmrszMLnLEBne4C
2020-09-17T10:57:45.441416266Z,2020-09-17T10:57:45.442574407Z,36 ae1PV2POWKsYgFTyYzmrhnvlC0aNRZLZLfEKQPwVjoaR0bNxsfiDJKXM6gYnH
2020-09-17T10:57:45.507015870Z,2020-09-17T10:57:45.508125356Z,37 ng1aW4wnqbiU4kakD9EpjLkKMOXA68K8oH0Gr6xgBsQqlKTY7uif23p5Kugtp
2020-09-17T10:57:45.573509096Z,2020-09-17T10:57:45.574230728Z,38 3stOIDwYgd9WnRr1MZ046bXeNVn8UQYk00NyxwijSSWb6tIqrzUkCAYXLPh8A
2020-09-17T10:57:45.639130931Z,2020-09-17T10:57:45.639825404Z,39 VevrOlCtEpWRIRnumlTzxyzz2EuOwyElGDh78TaTDvn7LK4UFSmawzC0hJfEC
2020-09-17T10:57:45.705409626Z,2020-09-17T10:57:45.706213578Z,40 qAwCKBRgntHXSmh9R2hJy1UbVwGghtB49Mp1f7BpNKkn7e66NpTIOi5NBg8aZ
2020-09-17T10:57:45.771910496Z,2020-09-17T10:57:45.773552670Z,41 YZtWB2NtIBu6Sx6kULpCDMhOwvLigD0a5HeZcwpDTIQHSzLyuPKzbc3nzhKa7
2020-09-17T10:57:45.838847199Z,2020-09-17T10:57:45.839369395Z,42 VhA6gL9T6v7Pr2GJgJKrleVZ6LFnt2rc1xBA1zlZwDgTLUD7Y2U8uq9dUZBId
2020-09-17T10:57:45.905458202Z,2020-09-17T10:57:45.908082872Z,43 BjUowXX3S8clIYxRjav60yfXJTSDgrc3CDwOyHZUjZY5MnL0Tai9NOuenpyTn
2020-09-17T10:57:45.971877497Z,2020-09-17T10:57:45.973363964Z,44 wgXSGdrDs8Dri0jhP0A7cwzRaWU3VRNoDWmOGQOnz5wX7dXQRUpc6oPYDjdHF
2020-09-17T10:57:46.038478905Z,2020-09-17T10:57:46.039241319Z,45 UdWf6eNy7a7lLKy5gVxTXDXBDO0SNRIOUQm2YrrHk2jfJ5jk0unIUPxtt9AsH
2020-09-17T10:57:46.104907034Z,2020-09-17T10:57:46.105788024Z,46 L0auSbxRHTiop4VlhniVmTUOaxsLrK9d06Rt8hAjmKtoR3aZLQarr7Mw32qur
2020-09-17T10:57:46.171380797Z,2020-09-17T10:57:46.172192587Z,47 Y8sbKpo9sR5517P02H5U8lmSeSuTNbR0luivhoG7CDbpURM2YW7G47VhJCZih
2020-09-17T10:57:46.237039946Z,2020-09-17T10:57:46.238319485Z,48 aWhv95UXXh2IoV0JHJ5eeaaXK2sG0PiXarES0QzoZlMQAOXtnyQ6FqVrGO3F3
2020-09-17T10:57:46.303528746Z,2020-09-17T10:57:46.304152057Z,49 9pMYYdKXQ7COrelz40qiKKHueIkUGVKtDYQAhEQapDWGdySXz8uk13X9zNq4Z
2020-09-17T10:57:46.369060849Z,2020-09-17T10:57:46.370008751Z,50 63u0vHJvUD9I1yjvOHy46Pu2bEvl8GXzbGpx49oni57ZZyfyq7mYE16GYs2iz
2020-09-17T10:57:46.434982368Z,2020-09-17T10:57:46.435651194Z,51 06YHkSP6VboCMo1ILZ4DE8YA8M6T8lo7H0OC4UsCBiFvzNo25eGKW8R1vwMWf
2020-09-17T10:57:46.501670643Z,2020-09-17T10:57:46.502660879Z,52 xjkwg1A0ju7FG6LjQmV5BPz0RDBeHIKnU2UO6kW0raXMelaorSzDn6WT2Q3b7
2020-09-17T10:57:46.567063178Z,2020-09-17T10:57:46.567620187Z,53 ZzxLy6VUCYE7uk1GteLGycii2fXuNEwUsYHG6eFf9HLnZmSoh9siYvONr3CS7
2020-09-17T10:57:46.633483030Z,2020-09-17T10:57:46.634375165Z,54 NSOcVYaGPqUul26z4ZcOdO5OuZDTTI154VoIyHIfQA2QgYPvFh3BWGRtfpRJ7
2020-09-17T10:57:46.699581826Z,2020-09-17T10:57:46.700269311Z,55 sfJ3Bt2VslzTgDz46u2NhUoFgMVWtklotrnT4rH6BJmyhYJtFReJrXBKx7HEF
2020-09-17T10:57:46.765435787Z,2020-09-17T10:57:47.784408490Z,56 tuw4QmTxVUmul9BfZWgkpkopqpj9DwX5uH9GzdS91mn2dm8WPGfXN6AVmcZeW
2020-09-17T10:57:46.831565667Z,2020-09-17T10:57:47.848272130Z,57 WfECqCiVL2G3Lah8pYpGV4YkMZEXLrvXlPKaju2NWOtjkN9zO9swUvyqHkDZq
2020-09-17T10:57:46.897082877Z,2020-09-17T10:57:47.912626681Z,58 EXBKobbwwPxeexWnhuvXtB3Jz4hzvbl7vl9LrIXr0AieXMhxbo3htVObU7ZRi
2020-09-17T10:57:46.963640198Z,2020-09-17T10:57:47.976983126Z,59 rMYyj6bFgJvL8J9AKqaKkEMj4dk6SbhPXxyCNpkWGExg9VHqFXdDYpKzGK0SX
2020-09-17T10:57:47.029497395Z,2020-09-17T10:57:48.044142357Z,60 RXbn7WYq6SqHRNAXEN3R76odh9cQor9W8ZPFWt2fhcCi08yT2jTkVhwaHZhC6
2020-09-17T10:57:47.095828167Z,2020-09-17T10:57:48.113231175Z,61 CDc4UxrVbceCseQrxi1e37qOxGe9WbESt48IVYMlDK35trsOjQUTUyZVGjRXM
2020-09-17T10:57:47.162603366Z,2020-09-17T10:57:48.175228237Z,62 7UfoPdkjW0RvPjHhf8TV7HcMlcRhSQQGGbDCyiZuw90m7PftlOGQH1yXo7Faf
2020-09-17T10:57:47.228018197Z,2020-09-17T10:57:48.239821028Z,63 O7EXnBi4dFA3fd8XNilDI6F7Fxo5LDVnU0XHTm8PYoQW5OAxLHY19R1UXFXJx
2020-09-17T10:57:47.294447123Z,2020-09-17T10:57:48.304425215Z,64 I5mNZ4Z5Y0SfMpfoPWTxpkDQkk463N4nhbor5twMK2xQEmnlOFj5T7u9V35ev
2020-09-17T10:57:47.360859189Z,2020-09-17T10:57:48.367741734Z,65 VD5TmvePGaUMKeauugCjf2QEHxIOmSuYtUIfxHRV5Pp7GCDCoaBGSRR6v3HxA
2020-09-17T10:57:47.427779233Z,2020-09-17T10:57:48.431647512Z,66 hrkXZzshvsVL5vrtiDuATVeJFYrU08GgeuZXYcBq4Z1nz3U816cbq39Wzukq5
2020-09-17T10:57:47.494133191Z,2020-09-17T10:57:48.508961902Z,67 VKrc6Lenh8acsn31n5OvbeYSdqWjElgKBWSpZXYbCxlbWb4Eyocpzfn0cTfSZ
2020-09-17T10:57:47.560146721Z,2020-09-17T10:57:48.573200706Z,68 tk2Vmwhl0kt5IcWe4oLlk481PYFj451tjfjBWJPZRaxBqXB3U8WSB3ZaIg2Cd
2020-09-17T10:57:47.626105152Z,2020-09-17T10:57:48.637040484Z,69 qg9HVBPxWhTbJpO4Qxuo3NYWSFrh8suYOQ8a3vECDsTGrOu00AXQsYxURtNbm
2020-09-17T10:57:47.692926808Z,2020-09-17T10:57:49.704727132Z,70 VB5pdRDh1e0aRzgdiqO241Vo18QsWbEl66ynH8VTNjtr0O2SnfXP5AWswLThK
2020-09-17T10:57:47.759415318Z,2020-09-17T10:57:49.770946909Z,71 sKDF1cW4K3AhBGoQLE4l3eb8VmGwgOPPFCPKkHXqubdzBPjvFON0tHg19iTUP
2020-09-17T10:57:47.824922777Z,2020-09-17T10:57:49.834892075Z,72 7aF0P6h84nbmzbcsMtWj3lSkyM9SVUQddjxP9ewGYUKB9p1hxvh43Gl38ZhlD
2020-09-17T10:57:47.891660612Z,2020-09-17T10:57:49.899889385Z,73 XZ3L8fsHK39ydwHHnF3fgmgQ4lQttbr8YPOcF7DHGsR0E2B6rdBGTbf7bgjwW
2020-09-17T10:57:47.957993793Z,2020-09-17T10:57:50.986021999Z,74 QCwtKcGd21H9y103kxdbV6xLksIQBuFXEL8q2YYIRswjTDczIXEPCFJaTpMIp
2020-09-17T10:57:48.024608869Z,2020-09-17T10:57:52.074600568Z,75 lnRqXEGGlsRBYUajb1uPSivgfAn5oocdKprmudZgKjrg9IaynciHedD9TmxyM
2020-09-17T10:57:48.090134972Z,2020-09-17T10:57:52.136236388Z,76 BlyR35t6xTePQA1WyDPzsKhqQwqNM2hFi0V2SZ4egtup0a2NwxyJMDjVs7MCi
2020-09-17T10:57:48.156443312Z,2020-09-17T10:57:52.207304378Z,77 MC4BivOgdXbr249iYLkZP6USCdYSaNMdVogy7aHj1WwbQHAR3NDShXrVqgu5h
2020-09-17T10:57:48.222575361Z,2020-09-17T10:57:52.276843691Z,78 5D75skjkQhqMfx1si6mDQyAeI320ABzRVs5x1ndFUUQ2kVYdyzBPdGJopMSWX
2020-09-17T10:57:48.288158563Z,2020-09-17T10:57:52.342639079Z,79 hMMqbYdLYsudigiqaXD4avZA6QpwwmRWN1VkUOgaT9IGxVTk1aR0rcmG3hSRk
2020-09-17T10:57:48.354828002Z,2020-09-17T10:57:52.408286941Z,80 9n2h1VhZA15J21VgRrKhmlaJrdLdHyrmhm8PkZ2XqtQU07DTjs7kxi6rEUnXy
2020-09-17T10:57:48.420205487Z,2020-09-17T10:57:52.479260818Z,81 2oo0hzxCwzkYTtQ7DKLJrNzMSSKzTOkZGYplQiQGm45TmrPTa0IvkQwED7Zcy
2020-09-17T10:57:48.485969789Z,2020-09-17T10:57:52.547759942Z,82 g31HufdT40BBVXdLJUKUctQck21Er5Gh5zgLzZvFqc2Za4Jo9c2bwWfTnEikk
2020-09-17T10:57:48.552203524Z,2020-09-17T10:57:52.615166613Z,83 8uOvDA7NEp3zbEZwPJbpOLBEUZmb6zOafsNgwxeHy31HZnzDxftF4yzDrHwcR
2020-09-17T10:57:48.618302059Z,2020-09-17T10:57:52.686072001Z,84 dftpolnxOGt7S0T9lHxn89xz3EVigMyeW27YhLtmuZ5sV6FtLX9SeWO1P67th
2020-09-17T10:57:48.684383839Z,2020-09-17T10:57:52.752172212Z,85 L6l7ILJRJRup4rv4nxFwcZQlN2RUjOhDXKFI1bq6GDFyL3VuoshkVr9BRYE2O
2020-09-17T10:57:48.750693035Z,2020-09-17T10:57:52.818529049Z,86 IXr7DBYg0DRL4lmeuCakXJeZzVofpbd9OcdcY3mAABq00RJy1VGgAPN5H5p9T
2020-09-17T10:57:48.816060011Z,2020-09-17T10:57:52.888244101Z,87 35MwcEW1MnUsMKqPrODLGS0pP6HmjPyPzLXbpSuxQtbPhw9UZm6tmv3rSudPf
2020-09-17T10:57:48.882336511Z,2020-09-17T10:57:52.957886973Z,88 emHqmj33dLujw5g8XcOe2tbqssKAERzu1meP1Le8msH7gWtgUhPtdlvuFRqfl
2020-09-17T10:57:48.948444264Z,2020-09-17T10:57:53.022939608Z,89 j9cSKD8QWO2hUP8tvox3Hiwq0DtnbuLIVWrmkkI44JhZsKVKLAy7ClDwveNbO
2020-09-17T10:57:49.014065660Z,2020-09-17T10:57:53.093121904Z,90 HporJYpnXRYBYOGHkJ00ktrmWuRJKeTTXKHqd8JHBHkssh6qJYCvhYnYh9ZuR
2020-09-17T10:57:49.080631030Z,2020-09-17T10:57:53.160707900Z,91 QgNpxMYViysx5FcSy1o1NC0ZRR6V2aODB3clOjzwx2tPaPF6XVv9OvGEwAgFc
2020-09-17T10:57:49.147211118Z,2020-09-17T10:57:53.227350692Z,92 1kmPKfdv7srDrBAAjUKWzWZTvMpQWn0IWDG1AeDrdGSAqGaDWOfgmdtNr6peJ
2020-09-17T10:57:49.213506056Z,2020-09-17T10:57:53.293732049Z,93 yLdn3RcRDp9wDcAob3nmwmsfMe4Msd0DshWRdl7k9vscRoEHNp4685O2xfh0C
2020-09-17T10:57:49.280557957Z,2020-09-17T10:57:53.357898773Z,94 A5xfHqCU6xBLrf0bTuYa5j8LA2TLlIKgTBIunTeqPRyEYQ7pOz8PPcGcnpwSw
2020-09-17T10:57:49.347861892Z,2020-09-17T10:57:53.425194004Z,95 YFq3l8DajU6GH51NCTslRqk0FgAkyx5iDRgqiJtQU9GSNv27vwNQJjqFqHxwI
2020-09-17T10:57:49.415194708Z,2020-09-17T10:57:53.492879693Z,96 4SRqXxOpzgyKBdnUsRb0FgE5X6gGvhgM0YeEBTCk0fHnXutxbsxDsNlUp5qU0
2020-09-17T10:57:49.481624660Z,2020-09-17T10:57:53.558836395Z,97 4cl8i1mbuFKoaxLCIMmZ1iChPJ1MUJ7tGhIrjTX4GxTkM5qXSfo3nzYlzS4Zr
2020-09-17T10:57:49.548927037Z,2020-09-17T10:57:54.631351238Z,98 7RyMPSR9KDi3VO55LqXOofBft8qCHtAXNOeDI138I4MqY0iVNUq4BLJbq2Vjy
2020-09-17T10:57:49.616061299Z,2020-09-17T10:57:54.694738598Z,99 ALOXC51447868RKtncCunO4LLDenFDnAdxBRi9pRmP8RjxTqZo4ltFUjPAckQ
2020-09-17T10:57:49.681868629Z,2020-09-17T10:57:54.756606155Z,100 DsmaIZpsgBj20eNklCuNu00xU0Dp8YOOjoAPfCJoWBJAivs7CxI4yGVMbCuu
2020-09-17T10:57:49.748470550Z,2020-09-17T10:57:54.816618750Z,101 zvoUw6ILuuylEvKU9a6RB3StiLUQ2ccMwl1Ks8lS3dPeD9IIwmETUctEjLdi
2020-09-17T10:57:49.815042281Z,2020-09-17T10:57:54.878110284Z,102 IEyRDJ1kD8Sew3mwOxSs6GEcQfNupZC6W98lrryXXAIhSNvlfMFUSkxOl0VJ
2020-09-17T10:57:49.881157280Z,2020-09-17T10:57:54.940968373Z,103 sruTsjYOwhKWxlnHx4ONjQYztsSC8GUyxaw2tmJF0AL2K8E65lqNXkOChhZ9
2020-09-17T10:57:49.947564099Z,2020-09-17T10:57:55.007924979Z,104 Nf8XfbRbrDqHyNr9yqBl9sHMNsO1gWlowBGtKYCf48Xw8tPsyM3I6AjliDSi
2020-09-17T10:57:50.013311290Z,2020-09-17T10:57:55.075112256Z,105 sKlWv4rOrooNT3pVpjJggZoatZgNFCdUU9Ft4h89LkJxG6O3leRjwaA1NjcV
2020-09-17T10:57:50.079810692Z,2020-09-17T10:57:55.139999652Z,106 2o5miNVYuJNpn2DmCdF9kwXqdB0PUKoTmKSISqJtK0LodB5HSmna9K6q2a9m
2020-09-17T10:57:50.146388677Z,2020-09-17T10:57:55.209240622Z,107 YK7kUMtC6W365cQBF6kyGKxbAsUgItRiWlMxeUMQlo1pxbtGqAb2u1zJxTEl
2020-09-17T10:57:50.212845034Z,2020-09-17T10:57:55.278459575Z,108 B0KbVBFJ2BZkSt52UEr5MtJXcCDzjdKmJ9htVF3xR863mv7zLYy44CHdLoSU
2020-09-17T10:57:50.279162993Z,2020-09-17T10:57:55.344898845Z,109 dpXg9YWuORBoogl2C5G4W2XG7lzSaUG0ysEIfK67iVMhXULqorYcI9gdCfEH
2020-09-17T10:57:50.345611871Z,2020-09-17T10:57:55.410983794Z,110 68miKiKpKMU0t0m9zJYNVjGkqsU74YyCaq1o6Tan67TjMs6ZcB6jqoqrceJS
2020-09-17T10:57:50.411178180Z,2020-09-17T10:57:55.480611285Z,111 uyAg0SR7yve2Xpw1IWcNF0rA7xKjwyFQsEPUgBdmwnKV7U6nM7JC0aMEIuUl
2020-09-17T10:57:50.477375096Z,2020-09-17T10:57:55.548954837Z,112 CvbYmDrL9uZURZ3N1fLlSDwqKdowd5qBQOQCmc2ElofaKf3AnhNo7tJf7dK5
2020-09-17T10:57:50.543561599Z,2020-09-17T10:57:55.615978133Z,113 DNu3MQQYl2u0F8qvcgwOLhH2SvhG80em9N8B9MvlaU4b3LR2gJ92FYkg38TY
2020-09-17T10:57:50.609282016Z,2020-09-17T10:57:55.680889759Z,114 uCmCvPVnzfFZ1bxlpjKUD1Y3pqgtPdJNnI89bWGDd9SFuLkVXonSfn95qeHc
2020-09-17T10:57:50.675641299Z,2020-09-17T10:57:55.749611210Z,115 EpS6S18ucopG0pRgHjWTKCZ4TTURoL7fEcG3XypqNk8KrDiPVPvKOo9ZjQs0
2020-09-17T10:57:50.740947037Z,2020-09-17T10:57:55.815510424Z,116 7whiPU8RgIP5AszngliAVtKGwhsQ4lvgeF0uzfLhvU8pWMpoyHaxu7geci9G
2020-09-17T10:57:50.806731859Z,2020-09-17T10:57:55.880333518Z,117 Y1wpXyAON3dqlyMNgInseBbH6P4rPZsNaGlc3nBC7ZcVLlnoUziJKWYVXrTv
2020-09-17T10:57:50.873640631Z,2020-09-17T10:57:56.967703754Z,118 OItSWljd5znTeJ6hEN9mnja2WxGdi9uXEfSbVlP7U8O5dw3rCkgyqb6W4P65
2020-09-17T10:57:50.939009551Z,2020-09-17T10:57:57.031156502Z,119 UtV96ANmZoVd9MnALqeCAd1h2WxDRhLUAtSwCHbPRhE2MQOOAWJDpKle1VL4
2020-09-17T10:57:51.005003019Z,2020-09-17T10:57:57.099221432Z,120 LVXbN7PoqwKEvbwYFDIrbkdfl40Tr33zm4rg6JC6iZLJM8nHUQHRF2rjDkLH
2020-09-17T10:57:51.071390473Z,2020-09-17T10:57:57.164369317Z,121 FIlYCFhXIRl0WLWATygo5mDxWpyNloNvba8FMuCgL1BBK1V67Tb6ZJnu7FHi
2020-09-17T10:57:51.137455431Z,2020-09-17T10:57:57.231153017Z,122 jFiveQNVgjgUydCeJ4yYR3lJhyCxoosWGTI5th86T20IQF2PVD5FfQ6AKNaz
2020-09-17T10:57:51.202872435Z,2020-09-17T10:57:57.296469165Z,123 l1cSqPn50rc7ueDSIzw1fYIDyP60awTTcEz30mJCRwdIMxHNG0CfFKGzpZ7o
2020-09-17T10:57:51.269031725Z,2020-09-17T10:57:57.362642672Z,124 bUPjuRmYb62jwXLaULeRn1jmriRPOdGV4piqoGRvukIBomJUwc7gjsQXDdbV
2020-09-17T10:57:51.335240989Z,2020-09-17T10:57:57.427948524Z,125 G8ILdQ0FOVwZzMbmA0LaSll35xxTYVOVXPoLOlGO9r9UpHNEznAZ5fZ18OIG
2020-09-17T10:57:51.401380765Z,2020-09-17T10:57:57.499034649Z,126 7YH7Qb6yjRJ1A9szFUq2jrDbrbDX3n2YvWlrRydk4gRHgQfLZpIu4A9BQpRB
2020-09-17T10:57:51.467426497Z,2020-09-17T10:57:57.565287758Z,127 5XF0KG66Ypcxj0jGMTXYIYWTqAuBRxVyZbU2PXcujVZxlEGClDcxUIEJDfnE
2020-09-17T10:57:51.533013882Z,2020-09-17T10:57:57.632463953Z,128 g9U1PpH6kJGvZ7Jx0JmqJsDNE2RqlNHfjCHC2mksVIHdpsawZEVdyK3yNe7n
2020-09-17T10:57:51.599492032Z,2020-09-17T10:57:57.702142821Z,129 dhz9wqn7QKzDLkJb6yuV9j8KrHpuNxIPso3TgVGo9e2KvJU2vozUrcSIPjaS
2020-09-17T10:57:51.664938425Z,2020-09-17T10:57:57.768280987Z,130 zwhxgS3gUs4lEY0Op9ekbcoZfKQ9057Vgfd0LFyYSGIJmOufh0zAB09PmxeA
2020-09-17T10:57:51.731389990Z,2020-09-17T10:57:57.834903425Z,131 gXwOYAhwFyumqh6x19F3YrX2nKIjhMcryN6W1jZEyIN1d1HAXn5dxFsCARGV
2020-09-17T10:57:51.798497387Z,2020-09-17T10:57:57.900366145Z,132 BB8JdfAaRGHdKwhg6hUeYatNnC9aCVUNqTgQkftBXOOMlMQvDX4vJBrafRZR
2020-09-17T10:57:51.864639113Z,2020-09-17T10:57:57.967271550Z,133 6WT47eLKFQuFAjAsQIOjUTqbPt28AOZphrz3Ztt9hWZnWsjWkk3u6UVJAnVO
2020-09-17T10:57:51.930529933Z,2020-09-17T10:57:58.034290092Z,134 kxJX75g9kg6LMVMN6IWjGfbspZ6WG5yjGo5dEYE7BgKwb9CdvhhRI6qY9ile
2020-09-17T10:57:51.996454710Z,2020-09-17T10:57:58.098493227Z,135 lLjrtM0CdgxXI1GMLEUVurQu5Keq5FB5dK42CCYSpSQxuHmR83F9V7MXxUPU
2020-09-17T10:57:52.062999805Z,2020-09-17T10:57:58.163904934Z,136 yrU0C06ZwD5Z1sBJ0nZFCFDReZVJ0IOkDIoP3ZaqLFSZceb5ee4EWTexewfV
2020-09-17T10:57:52.129382949Z,2020-09-17T10:57:58.233936615Z,137 6TtDIcI0Nmfsu5CJBtQZZezfowbwWGjSNln67VOEPyJ6hrdoZHA1KzHDEjpB
2020-09-17T10:57:52.195212911Z,2020-09-17T10:57:58.300037349Z,138 snEZiBF9DJkdfarNq707grEo4x6FUlzlz3JymYvbLlinrNOxbFjES8niaqeY
2020-09-17T10:57:52.261951652Z,2020-09-17T10:57:58.363755862Z,139 3iY1XC0KydGCMy20TrgxeSTUlwl4AFuFsObcAMYpYki1dbiP3iM3AS0vd9R9
2020-09-17T10:57:52.328318657Z,2020-09-17T10:57:58.429114938Z,140 QXAdXmYJsCv481ov8nRCc1bAzK8tLtQ2z9JR6Xqxej3U1ESGyn9qqMVSEbLT
2020-09-17T10:57:52.394906919Z,2020-09-17T10:57:58.496154308Z,141 23P20xVM3ICEbL94zlVpvEVXpqp6Awk72RYAX1eKQZD3HOdrwP4T5bpvxxgc
2020-09-17T10:57:52.461876256Z,2020-09-17T10:57:58.565308925Z,142 4vE89h5ZPf7dL4dzAb98TY0gHpgleFaFY000SwFwIVuj3cXKQNJd7oJJZ39Q
2020-09-17T10:57:52.528707636Z,2020-09-17T10:57:58.629638241Z,143 g37fhD3SBbEJS2aR1KJmyhJnX4T50sFlzlHnoYPpxFq6IiA1oUZ97lzSccjc
2020-09-17T10:57:52.594357913Z,2020-09-17T10:57:58.697485941Z,144 efwFZ46OqGEbKI06zIQ8cSHAeYRB5sMAABG5zUpSx0Pkc6X32XgNAZTHBqCL
2020-09-17T10:57:52.659926133Z,2020-09-17T10:57:58.761956957Z,145 X9ZVVVhCSN2NnehzI5iY796JGM2N20VD73xI2cVBxWAXwQroKRgL9lcRtsBy
2020-09-17T10:57:52.726021747Z,2020-09-17T10:57:58.827585693Z,146 iuZDRg2d3uus7Gyi5xmld3qLhRU4kK8LeVyyEzRiKTPJUWi4OVgHE4UnJhA1
2020-09-17T10:57:52.792994811Z,2020-09-17T10:57:58.893616333Z,147 NNYgfkiVRyuJ1oOo18pnkhPscEaU6H2NPdJNj5g7b7y86JjLU7DcmT3Kktwi
2020-09-17T10:57:52.859652407Z,2020-09-17T10:57:58.960123158Z,148 Rw3uPXXcJzjwcbuMHnfjUqDXQIn0wxhkBo2Kp5rIEng5z7JbjUVLncqrrw26
2020-09-17T10:57:52.925288448Z,2020-09-17T10:57:59.027953411Z,149 pZaW3bk27DpyhPv3mZfwmTvzoTceuHUZbrP1iXFBMwK4r6k89mcjlrLgO4wp
2020-09-17T10:57:52.991925650Z,2020-09-17T10:57:59.095070738Z,150 YCuWyL0DykQKaTH6cBOGF8YSiwqJKwVAJETSN32o1Ni2KW6wp9HF5WYQGjpL
2020-09-17T10:57:53.058482808Z,2020-09-17T10:57:59.162994594Z,151 NswVbT0ETJVafj0xyafpmIbOjES1tAnKp00vLEIAb0OmfcXbARVF9F8FEUxf
2020-09-17T10:57:53.125015164Z,2020-09-17T10:57:59.231535751Z,152 Q6W1Llcdjo2bnfvsZbxZET11NoyKjhYBjbXQ3LFOqbgECJyb0TsMffD6TxMh
2020-09-17T10:57:53.191560474Z,2020-09-17T10:57:59.299358469Z,153 2GojaxEdSQyTahU0pzpGDSNhQSFLM33OPsGLzFzdvUQ5EBeLiwPWewSJ6L6k
2020-09-17T10:57:53.257594236Z,2020-09-17T10:57:59.365759710Z,154 Kylt3M3QPJtIwngcjVoNyHsVE7ZrmKHRos9DoKpKx3mii3lkrJB0zFY4fSiO
2020-09-17T10:57:53.324000609Z,2020-09-17T10:57:59.429202642Z,155 w4ssG00dyDaPtNF3eD73cNmjSkD3vsSold5CscgnfYsj5G4gaPODLwqdnG1Q
2020-09-17T10:57:53.390520514Z,2020-09-17T10:57:59.497680292Z,156 b2RPSJaRjgPCwHfFQo0YxZxZArGKmwJtThhD3IoAoTgYuduxhgJ5nhcomRi7
2020-09-17T10:57:53.457133917Z,2020-09-17T10:57:59.565197687Z,157 0qgEyGtJg0uvpHClh41KirqyJwyyGd5CwiWqdNdagppROxdAWTDke9p7NGJ0
2020-09-17T10:57:53.523102024Z,2020-09-17T10:57:59.631046844Z,158 8nz6gTbzT5OJrEKku3XpfqM4hwARIHcminJuHjM2BdWrMqLDSbDdTsXExCLN
2020-09-17T10:57:53.589700919Z,2020-09-17T10:57:59.699874505Z,159 svZC25FpmiaSaVLiBgPgHdXvE2pceDgZvrubJ0S7WyaWyihC2vknKhnAJVeb
2020-09-17T10:57:53.656279993Z,2020-09-17T10:57:59.766973893Z,160 72jYDjDnSsOiM6VizeRGjsFHAndnAAJG3IghVxy3lvWJNbkWAzym3LRIe6ux
2020-09-17T10:57:53.722279413Z,2020-09-17T10:57:59.833008298Z,161 H86IDMCP75l57rWulP9TwqktcC4PkCNnRLi1CBjENbA2xTQaPVcU33z24xoi
2020-09-17T10:57:53.788056415Z,2020-09-17T10:57:59.898780256Z,162 71SYIkFyP3eXVX50bZG8TX1r9n5Nvb3uYgLBTc5PPs3iS9p1PO6LFos44fPv
2020-09-17T10:57:53.854586946Z,2020-09-17T10:57:59.967820313Z,163 i3KNCFYhq4vL3LfQL98GOCF6SDIJAQEZ6jkVya69Yv6sKF9Coh5ZISM3QTmd
2020-09-17T10:57:53.919912893Z,2020-09-17T10:58:00.034719318Z,164 hAk0co7RPFOcV1yFH5GbR3NWbNdrWoCSkc4AvCp7qQ2eM94NhS8oGNOTrw7x
2020-09-17T10:57:53.986273631Z,2020-09-17T10:58:00.102729049Z,165 2d4v6VgA30tD5Vnm7dp22ZfPvxEgQ0HrK4X4yCX1GN5fPzhjjYBTUVFV6gD3
2020-09-17T10:57:54.052038573Z,2020-09-17T10:58:00.172006551Z,166 6RV4mghM6JpAB9QpwwGFYT4wVphM65t2FhNktNVRdvmD4yXUTrp2l19Rfg1y
2020-09-17T10:57:54.118463478Z,2020-09-17T10:58:00.239049404Z,167 Ozho6P01kc4eRPEwM2yjFE2ic8wIrtcS9LLMsjZzAcSb6VAS4LxXI5UFRI5a
2020-09-17T10:57:54.184540295Z,2020-09-17T10:58:00.307961460Z,168 c9fuD7sQC6wauZGZDy7TAVR7iKZWk6w0Ui6zA5K8ycvmfXJDd90cvn6DaTlI
2020-09-17T10:57:54.250030023Z,2020-09-17T10:58:00.377700094Z,169 RC2D31bUVkqr63TbhAxDGv3OCIyGcwIX6yOlyjFwzaCArjPOBaB5Gmne69yV
2020-09-17T10:57:54.316538490Z,2020-09-17T10:58:00.448599331Z,170 OlWDxA5VyysNuwGr32z8KaT3MBNvg5wdYh5WJttlcFiWo7912nSxdTd4dTK8
2020-09-17T10:57:54.382677890Z,2020-09-17T10:58:00.514525468Z,171 zmnmkIXnIgOfdJgyVVL6yQAJADxsVK39w2YKHVGWFJpppJULyX0DznXrfy7j
2020-09-17T10:57:54.449534892Z,2020-09-17T10:58:00.579983515Z,172 t8LEp0CByvgoRxJtPHN9ofe6IFatCyJ7ouW7qBQ5F5pco3bGXHzjMNxxVlR7
2020-09-17T10:57:54.515445978Z,2020-09-17T10:58:00.647817184Z,173 gn2IUgiEWbeX1HRHevlDgmHfZ276aXUEHEfH8r2HVM1Yb8mMt3eOtrw4TS53
2020-09-17T10:57:54.581747847Z,2020-09-17T10:58:00.716374923Z,174 Io1sSm69GfTezY698g5X9lxs5mLyqS56DOvR2jvTl1znAfqUFBXS68rJbfUT
2020-09-17T10:57:54.648856636Z,2020-09-17T10:58:00.785003574Z,175 kf26vgvmkNpV8XEW9dErMSXWjluZIqx8vLS4AlIjQuurFj2kufjrXZCp0zkR
2020-09-17T10:57:54.715221229Z,2020-09-17T10:58:00.849097257Z,176 Pl7BUqYCmxuGsAzpomvvT3hDiYYNKQHKzZxKQMzrU3ubQ3VfzMtlNdumkG41
2020-09-17T10:57:54.781512438Z,2020-09-17T10:58:00.913527995Z,177 5m8CVH3AEuXrZcXFCkv6oJG0CQXAHoyOVyvTJ7scFFJ1Mlt3HWgqshKur9cV
2020-09-17T10:57:54.846953132Z,2020-09-17T10:58:00.979579222Z,178 lDjslC6xdfXUmnRnwiYNfB97H0VIySDb49Pm9Lm6lvras7OHPeLME9MsHIkL
2020-09-17T10:57:54.913885978Z,2020-09-17T10:58:01.048346066Z,179 jjcSz18h0LYnn2xiWTCECtLLDHW06yRRtS7WDEbZ5NyAtdhg3u7Yllk9ztZx
2020-09-17T10:57:54.980615786Z,2020-09-17T10:58:01.116904033Z,180 leuvx28N8Tafm6sLHBbIRoIUFJMUPhyncfNOR5tFW2OMz2ocu5ug3NdPcjpP
2020-09-17T10:57:55.046121108Z,2020-09-17T10:58:01.185473812Z,181 Smalr8XVCZVxX01VTb2GWDKCwR5N7UYGENJeytso09VZAQqMFGHaZUvJU1F3
2020-09-17T10:57:55.112713268Z,2020-09-17T10:58:01.254514136Z,182 q9hjHH7QxaBNoYjqeNjCxQ03ziDJ7cHeAOxhHvbOHll1OZSL7TaL9uvGVLeY
2020-09-17T10:57:55.178211728Z,2020-09-17T10:58:01.322606240Z,183 YWrn6B6oohylphpjUFiOqkr0eb8aZVW2GhFD4msh0zWUuEB3E5BmPJwg5a1n
2020-09-17T10:57:55.244604465Z,2020-09-17T10:58:01.388777701Z,184 7LBHPefDLKT3vBhMRcFk35oahJK2D35rkpP73kPCreyI2rQYt1ZGTnutG2OW
2020-09-17T10:57:55.310733332Z,2020-09-17T10:58:01.458299556Z,185 WwbjOGd9BsTu35CkJHiAhdZInJhyoPWTGiiBV5wl68rl4UoRjJyqYiSMN0P0
2020-09-17T10:57:55.376397809Z,2020-09-17T10:58:01.526226795Z,186 chDbc3NW54jgN4YWtHl4uS6pHYH0iMu10EANaRv2URNDdwoA7IxonpEMbTB1
2020-09-17T10:57:55.442362644Z,2020-09-17T10:58:01.594983155Z,187 434Rv0PgbzoC7ehsmjFIvbg41569yCvee19Zqojtf77T6IoIwU4T123h3EvR
2020-09-17T10:57:55.507916468Z,2020-09-17T10:58:01.661741796Z,188 HsgBPx5TFFuXqH2Svl500CkgeVxVODRIpSwCRTqvC6azszGQbkYdvYUPjDPm
2020-09-17T10:57:55.574478022Z,2020-09-17T10:58:01.731364270Z,189 TMeY3wwVvIRl34BZt7C0DAakPngWgI9ra11EWvtcIz2KpkV9WyKT74iei98T
2020-09-17T10:57:55.639995321Z,2020-09-17T10:58:01.797857999Z,190 uiNDbzUiJMR7JXvbcVuHfaIl8kUhdnKUwuwFR5ApG6UtPV0x9O8NhxOfv5bK
2020-09-17T10:57:55.706605471Z,2020-09-17T10:58:01.867986579Z,191 7DOzMtEaieIlnwppJLqeJgWfEwmbDUAY59FV67K1Asg4TIobvwN1I5bLFzfF
2020-09-17T10:57:55.772371081Z,2020-09-17T10:58:01.933319663Z,192 a3iSl7CQ8sxDGB96mUdEZYxsk5njlvTopwFIj5DWnK9xwSNQ0v9SVG1EqnX3
2020-09-17T10:57:55.837703013Z,2020-09-17T10:58:02.003005720Z,193 EOnmezbQp3CgbRKbTbCqZPUVMfRR5Mj3y370GvYP5NQ0KBsf3b6KZLE9xV1W
2020-09-17T10:57:55.904447294Z,2020-09-17T10:58:02.071735288Z,194 jXBiwaqJqUFLnZiTYQdcvyO1c6YcqF300oTmWSdm9S65bUK1aJRqirKqODsy
2020-09-17T10:57:55.969991963Z,2020-09-17T10:58:02.137975334Z,195 uP70VAojkNjWyj1O2Xz1fm3YarL7FF40KZA2a4XM6HamModFDaqvGpLkmjtE
2020-09-17T10:57:56.036774567Z,2020-09-17T10:58:02.204678781Z,196 fKlksw96BbUjULAsfdJmejdaLp3Yp3CO7SDbxNcFyjKJYiQNaGM9DDVx7r8H
2020-09-17T10:57:56.103862276Z,2020-09-17T10:58:02.272814997Z,197 wjine398ya07rEnrObCxxooFP05ybD9Yn3UBeOrg86VqD6sVyffmdN3nAin5
2020-09-17T10:57:56.170858519Z,2020-09-17T10:58:02.337992990Z,198 m7nBaWzBmlh09aYijczb6L2x2u3Y2iQhyNcdCggCfTZxIY0nk8XCQo58gYwX
2020-09-17T10:57:56.236904416Z,2020-09-17T10:58:02.404664446Z,199 tDIe6ThrNJ0DWOsKZcqdFUhGNwVGK3ZhVXl5aN6N47ZKx6Zg0mR7napFNd3u
2020-09-17T10:57:56.303657111Z,2020-09-17T10:58:02.471911214Z,200 3eEALBbIhvD6FrbVVFY0yC5pANcb4ociGbi5GESKNDrkufEjUj68zanESWvk
2020-09-17T10:57:56.369146016Z,2020-09-17T10:58:02.539793500Z,201 EhcfK9ozivJR7UazoxvYqMTsLFNW8uGFbolhE6KBGwWyFKeMNHnwpAp0i7bN
2020-09-17T10:57:56.435891140Z,2020-09-17T10:58:02.609027173Z,202 80yLWeYzUBQRVhRWLgyRqnnaY9buGPNMwWvi5pV9afz2AmgKQ8daiQnwGOaC
2020-09-17T10:57:56.502621654Z,2020-09-17T10:58:02.678370633Z,203 cTgMSUcTT73K1q6M29dmNvTcthMtAifdiC5OFHGMiyGy1SHQVHyQZFsWbjdj
2020-09-17T10:57:56.568438989Z,2020-09-17T10:58:02.743881705Z,204 yLhq4vMFkI6o7kH9XP0ztJBo1IUK5tjs6pKvQxjhGxuif8Pi1BKcthB9v0Ct
2020-09-17T10:57:56.634000309Z,2020-09-17T10:58:02.811192343Z,205 ifceUjK5MwsuHkZ4zMbPLGp9NcZ50fAUZSQFDciy5H5NEEslc6cKtR8PWXol
2020-09-17T10:57:56.700759702Z,2020-09-17T10:58:02.878846900Z,206 5TKG72Y4TkaC5b69IpVmtXPtNh2AZvLI2ZJSNJYJbItkzQnjzaEsVlye2NiL
2020-09-17T10:57:56.766510628Z,2020-09-17T10:58:02.947366343Z,207 NibXlLwJPifsSUUAY4fF20Y58iVeIzG6qazJ7W83TWfp0voVjsTMtMp9NhTk
2020-09-17T10:57:56.832078826Z,2020-09-17T10:58:03.015394721Z,208 kyqVhSt3qq4hGWsAwRr1cI1iRt3Jvmp2Gch9uffVPVdBItScOKRPvxzh3t1e
2020-09-17T10:57:56.898870403Z,2020-09-17T10:58:03.081703015Z,209 E6sM5QVOngu10CSH6NkQinYCJGILdUy4arNQKFK5hDsfPPh1yfwGjSCXwVtx
2020-09-17T10:57:56.965340423Z,2020-09-17T10:58:03.148747622Z,210 yajZODmvXJLp3zKa52qBoQKVOVZ1Oe8fxG4AqEiBzf6Ps1jQ8b5f7fL0n5R6
2020-09-17T10:57:57.031295616Z,2020-09-17T10:58:03.217008366Z,211 HJ0WcQWni8s6KSpTLEnsUMDr3CgsKyeQ4TOkWRxgBolld03OaQvXG8ICoXo9
2020-09-17T10:57:57.097810700Z,2020-09-17T10:58:03.283084127Z,212 ZIZ83Y2Qq4rediPIamSJvNmgc6FeV6sxI2DwaAQQCZCsADUObVqzX55xQJst
2020-09-17T10:57:57.164807228Z,2020-09-17T10:58:03.352312441Z,213 9BMT2wMxBazyvFsR7lCeg1x0sTDetRTNgoqVI3meIPmiqIuVcbdlHHxHm10m
2020-09-17T10:57:57.231909386Z,2020-09-17T10:58:03.420089930Z,214 4L9949We88VQTMQpMRtIGwaPg77GdoeGQO75RK2Z9iI8pwTrTZLxW1dnTSSv
2020-09-17T10:57:57.298084599Z,2020-09-17T10:58:03.487097915Z,215 HK35nATIGCUr9QAFW90wEBNLPHegd8QiDfMOJeyHQXl2ALvgOgvkZfGwY9Fz
2020-09-17T10:57:57.364891006Z,2020-09-17T10:58:03.555908545Z,216 ef11u5VIMiraQaaf5xLzS62geqJqBf4L8B56gULFELEFHUk6X9OXPY2OVJvi
2020-09-17T10:57:57.431637663Z,2020-09-17T10:58:03.624557287Z,217 5IAfIBuxBR5ef8cSrTFYGE3JpsQey8uPEM6L2P95jOc2GsdBX3zuiMHp3HJw
2020-09-17T10:57:57.497808251Z,2020-09-17T10:58:03.693356123Z,218 iJn3aKpmEbUt5sRZUgs3RW0fORJSYCmLa3DPdkAbaicNVbAKZUbE5hMf8f36
2020-09-17T10:57:57.564216435Z,2020-09-17T10:58:03.759972037Z,219 eL4yNhhul2QCFkaSLmw9MbovjQt2NRu2pnmVHnG2le2dMRDmhYrOwPF0b05q
2020-09-17T10:57:57.630937511Z,2020-09-17T10:58:03.824136044Z,220 mdaRvuaDQsLKMWosWNwn5OcKlu8dqS8E8jUo4YjLuawaJfA732tse0wqOP47
2020-09-17T10:57:57.697484485Z,2020-09-17T10:58:03.892071579Z,221 i46A2AdXKuPRRIshic8MOfMefxX3XoheefdlLRL9PbWGKDmbQVjwNDs5F4um
2020-09-17T10:57:57.763497349Z,2020-09-17T10:58:03.959436157Z,222 mOvrX3EqVZo01YElXiPDQZ4utly5KEeYooW43RxsA2o90gStcx8QbQkQhORs
2020-09-17T10:57:57.829431094Z,2020-09-17T10:58:04.027465232Z,223 avsx6zorPueZerrtVrTnhU665UG7a2v3ETT8U7RwNMRuzdOSaqckwZyH43RC
2020-09-17T10:57:57.895954163Z,2020-09-17T10:58:04.096519797Z,224 NP86ErCmd8P9jVi9YaF98kfaf8ZkkL4dx6NKLxTzR2ZTLrcGQ9g8t1ZyrwfG
2020-09-17T10:57:57.963020325Z,2020-09-17T10:58:04.163237800Z,225 IN5Zg6aWvg3avpCQOgXngWoNRWXN59eWqpjsK6FnDmvrVAJn7WyAQ230l57E
2020-09-17T10:57:58.029467854Z,2020-09-17T10:58:04.228714061Z,226 hVqdmKB0EaCOZWAJQSSSb0UZg1YKMHmYTx18Nn5zuWphNpzya6IcmjDgYH0o
2020-09-17T10:57:58.095367386Z,2020-09-17T10:58:04.295462040Z,227 FIbhARz6G6L0hucq1o6blxfZR19fxHRuQPsOOZB1Kse002RZ8KkpRmoVRTNf
2020-09-17T10:57:58.161531709Z,2020-09-17T10:58:04.364826147Z,228 Q2OzOrxzVBtgSMAqRwbmu7gTF8xocgC9Y03z920wBh2mjYLHVlOyONjWVHb3
2020-09-17T10:57:58.227236710Z,2020-09-17T10:58:04.430813733Z,229 k0FDA7BKS8Uymx409qtFJB9oIljC02dYx1mXRCgNeTx03NahApeVgdDISjMx
2020-09-17T10:57:58.293973777Z,2020-09-17T10:58:04.499778530Z,230 zFJb8npsGGoJvXavVfzCGRQetkmoTkL2dtpixw5rTL3wXUp5nlc81v1wH9c1
2020-09-17T10:57:58.359929712Z,2020-09-17T10:58:04.561744234Z,231 9dTdWCm7Syde4l05hdTK0QZm9rox3uhGlwAMYS4V8Qe6galSHE2pcYCukjp1
2020-09-17T10:57:58.426137746Z,2020-09-17T10:58:04.631522933Z,232 msqy9DmsaOllMYGT9c5qG3gJZXiL4fauTihseRvbTlHyjwxXvGrmXk4NkLsb
2020-09-17T10:57:58.492191122Z,2020-09-17T10:58:04.696640834Z,233 6RS2eMT1ARiJGq4nZdXfFhTiOHxVvN7rbCFuxgh6AdpK1DtidZxDZkGkGmMS
2020-09-17T10:57:58.558179738Z,2020-09-17T10:58:04.762159747Z,234 3adupAHfsKSz9G0FOIPaHYfJunCgHHYQuxdgkCaCjboLN18z3SqxBmekikB8
2020-09-17T10:57:58.624048330Z,2020-09-17T10:58:04.829343354Z,235 UzjCUpzBdZUKbPnoOCMSn449XdLFLiDoCIAlLYUNLxTIrAaEKBobu7a58RbD
2020-09-17T10:57:58.690607112Z,2020-09-17T10:58:04.897161195Z,236 xneCFPFft3iaXpRqcLjcnm7dSJVwnxmcKwiEfhO9poBCcnI4gpF85G0HGZpn
2020-09-17T10:57:58.756294668Z,2020-09-17T10:58:04.963765771Z,237 MooeOSucz8ZgEjACP8SyQOrS8LR7mavTtpu5fVoGYJ69JdfVol8PhuLhFlXe
2020-09-17T10:57:58.822558622Z,2020-09-17T10:58:05.036364282Z,238 387fwHNKSssR8meOaLgkGMppVfb6R5bpQxnxXOvyQYQD9t0eF4Vs22c9jtiC
2020-09-17T10:57:58.889022618Z,2020-09-17T10:58:05.104018057Z,239 hHwag3hvJmNHTHCzKmgEfThdRWDY7USjBMZvJJ7tpfIhWI6tyrnF0zIo5Gyv
2020-09-17T10:57:58.955224428Z,2020-09-17T10:58:05.170664104Z,240 Uv5m49W0qJMjUHNeX7tLDSTf1OJoRCFHec4VeD2FSJ1zVidl8kV66APUXW6O
2020-09-17T10:57:59.021856867Z,2020-09-17T10:58:05.237081826Z,241 z16cnpAMVNvTYkfcI7u4k7HBAnGuwTt0DiQXY3WFVOciKQ7trgJuqSjYcurc
2020-09-17T10:57:59.088309326Z,2020-09-17T10:58:05.307478425Z,242 tQHsBlflr4aheYprVHLBcD162L8w73bOG4DV5P23ZSEuUVaaiF0qS8d5xQxx
2020-09-17T10:57:59.154412304Z,2020-09-17T10:58:05.375177207Z,243 cbht93SXd9XKBAVxXSjNc1StEYx2121LHjrgKqcJMtwtkrStHPC2qEBUm2cu
2020-09-17T10:57:59.220857198Z,2020-09-17T10:58:05.441403077Z,244 g01mx0qAHrht6KBOvrH8QMg0iAWOJ5Ud0OMbe10UwEDR56mCAnlYUuRs6eu9
2020-09-17T10:57:59.287337935Z,2020-09-17T10:58:05.508923735Z,245 z06hTIEAGG60RGLjkDgJHRsxwwTEFSTIcqBebTawDY9rsT2WqDYBU6ChP0ww
2020-09-17T10:57:59.353838672Z,2020-09-17T10:58:05.578529762Z,246 AxeWdjD7vh3pHu43tcVwSX7TVEA3S8hoc8If7ce21EK9KaVJXPBxh0qp0lrU
2020-09-17T10:57:59.420745483Z,2020-09-17T10:58:05.646051761Z,247 FBOkuhkVJ0PXvB5pevkYAyP8LS6fDkTRiJvvXdgPoIwkbd66P7Y6yyDSXGMN
2020-09-17T10:57:59.486939082Z,2020-09-17T10:58:05.715393154Z,248 yActBQLORcxYuWiXovYoY9cJmdNesDQyqx4MUnSBphF6mSf7UB0aOeIiw0xP
2020-09-17T10:57:59.553321272Z,2020-09-17T10:58:05.781588289Z,249 OChBVSakM4NoAz0fMq5AWnrcmDSECUOLGSAK1RiXIJu8bFcmgQaHsA97Ddwv
2020-09-17T10:57:59.620019563Z,2020-09-17T10:58:05.850958885Z,250 4SGYFxUsOHRJXVpKhQ3yGI341IbiFS6SNcB55gThTAHCKOzEAEvTxG56xL1r
2020-09-17T10:57:59.687031419Z,2020-09-17T10:58:05.917555592Z,251 BcQJ9HZyHzND7nku9JnUEN2XYEhdlefYKOQOHKjpOxQzaom3B4YrhN99FMsz
2020-09-17T10:57:59.753018528Z,2020-09-17T10:58:05.981351641Z,252 2BvPtiDTLhkjbyE0FzkVGDfELjWulPc9DM4W0u0oE92YFdxciOHP0ZpIoUYr
2020-09-17T10:57:59.819586951Z,2020-09-17T10:58:06.047980173Z,253 pQiuCpvf8dQOiGkz3gaiAyl6meOLvsf2grGQ60bjPFaAfLCDYZnQ3bORDU8l
2020-09-17T10:57:59.885297622Z,2020-09-17T10:58:06.115160305Z,254 6trtEnmoec6UapsfhvtYCAB6gIOi5jUwAYOLFJ2asdmozjAJ2CvTt6b6vJ20
2020-09-17T10:57:59.951583242Z,2020-09-17T10:58:06.186055900Z,255 ZPTR5wMAFUIjwFrqzAyIsi7HIdOwX0FV7daz0Ct8NP8YhftcgvjEFQfXFnAQ
2020-09-17T10:58:00.017360998Z,2020-09-17T10:58:06.251386007Z,256 tSm37Bn04U32wkgzIp0hFX3CnDqgIcXtPuG0sR4ZGMHuiqW4ufVMr8BkxM6w
2020-09-17T10:58:00.083167023Z,2020-09-17T10:58:06.317807667Z,257 ydBzXNAqI0guandDBpq0pQNqbPu7hxoUmOvkD5KX6gfLG07SXtznvBKvL0S4
2020-09-17T10:58:00.149242543Z,2020-09-17T10:58:06.383628139Z,258 fAwCuQ9KRRnILOmCmiV4lvsUkxmTgzz4qZmHy1S34Kyv2AYamO8WrwlRdcu6
2020-09-17T10:58:00.215653422Z,2020-09-17T10:58:06.449835872Z,259 uYY6ekgJq2KIdes0b02RDfw7yQm9g3DfmfFiEyvMDCVB9Q4zA0z3qCfWJiId
2020-09-17T10:58:00.281753091Z,2020-09-17T10:58:06.516139818Z,260 A30EIixl1CZhaRUY9HXYN3HeAAoxwYcvQGT6OmZ0Xg8JD5eNInVE5jwQx1eR
2020-09-17T10:58:00.347195329Z,2020-09-17T10:58:06.587272280Z,261 OAFYQigLnMj4HcpNjeur6k7uKwnPwciNHO6RA15UiT9o554IZurQ5HXUUw74
2020-09-17T10:58:00.413796245Z,2020-09-17T10:58:06.653826374Z,262 6gtBAZ1BvQdwTgHWlJuldk1IC9dUKx13NgFKkQVEhCxCc99QhKWT8YjjAxWz
2020-09-17T10:58:00.479719249Z,2020-09-17T10:58:06.721528625Z,263 zbNKHohlMC7CKeS1lp5MeNI0MucxyTkQXouUxtTd685e8KgDmrR7qxfEiggp
2020-09-17T10:58:00.546322937Z,2020-09-17T10:58:06.788001741Z,264 0JA13TAZSyUBMb2O9gTlFxfx2IbUSp5aCeg6B4FJqlQq6GQJedPkvORHgqpD
2020-09-17T10:58:00.612663017Z,2020-09-17T10:58:06.858230992Z,265 AU7A8hk1AEiYnSfTmSo7AOoT1xG8Xab6Rri6ATajlbdncSX4ILgCZBhisFEH
2020-09-17T10:58:00.678324249Z,2020-09-17T10:58:06.924511588Z,266 UyxTrdLuNmtpa5xvrEcFmhu3BcOHykXJ0ROjItyTe3ohZOfybK9CcG4hA0IY
2020-09-17T10:58:00.744607233Z,2020-09-17T10:58:06.993085512Z,267 Aoqv6EjQQeqQ2vMQZVj8athWujY4uXvuUk4pRcZ4qwHBPtDd8SYAIsFbxEKj
2020-09-17T10:58:00.810284792Z,2020-09-17T10:58:07.057957849Z,268 Nmvk46ZWZ4d9U7rAOnOaNM2Z6Dk9TyQrFerq8CRI4YxCQGuroopJIT6Gvz3V
2020-09-17T10:58:00.875988854Z,2020-09-17T10:58:07.126719732Z,269 PncmgoVKIjKP2eX0P0rDle1rxsMai4leViDOE5nFCD1Chi94SzVH4fZE1inx
2020-09-17T10:58:00.942753048Z,2020-09-17T10:58:07.192867391Z,270 iYVJJMjtL9dIc0TpliNcfThZXAnB1rdu5IzlZHWs68vAoKO5qLfdhAGvxW8m
2020-09-17T10:58:01.008312231Z,2020-09-17T10:58:07.258050004Z,271 1GUavqzf2tRu9DBiEkr04oHC2TC97u3Ldhp982GhoIHB2Lk78ZgAw8dCQtUy
2020-09-17T10:58:01.074728293Z,2020-09-17T10:58:07.325916283Z,272 wj8N7QC9vtYoaozq3uVJGT2xU15jt9hD5O4NH3d6JHyGmy0Bis6yWqSE0inE
2020-09-17T10:58:01.141524389Z,2020-09-17T10:58:07.395388172Z,273 zgzhqw6rEMndfROwcEGPZIDsnz4kqjSAlUWLnm26dGACFVyRxqeyRzFpCzjK
2020-09-17T10:58:01.207526221Z,2020-09-17T10:58:07.464156552Z,274 H3pyKGpZNRFfnkIOlAVpnzIwyZsYj41DSP6sZLnz0YsNYNsCxB0t5d0PJ8t7
2020-09-17T10:58:01.272803270Z,2020-09-17T10:58:07.531066623Z,275 A0VtUh3dMZucmNvySQplpkD1i9XyrvEjKEcLRfkdLoEtERqBFpACmOAxFq6V
2020-09-17T10:58:01.339215368Z,2020-09-17T10:58:07.598046351Z,276 7bnn80CZGkdjrmzpVNupn1JrVCKb8DCSHigUrXxgwWVIZCox79690dWrBW55
2020-09-17T10:58:01.405293545Z,2020-09-17T10:58:07.665056211Z,277 CojoMtwvOPvpJeTPR6w16huvx8KBjZHIaNJG07DXrhRI12FwM9I2QOyYnl6b
2020-09-17T10:58:01.471324402Z,2020-09-17T10:58:07.732620715Z,278 Szd1wcqJNdTWsC2pzGVNdgkMs1jZNzUxd30ikQWY7KEecGa67A1PEDtzrvO1
2020-09-17T10:58:01.537789350Z,2020-09-17T10:58:07.797603005Z,279 2IclyhYTMMks8MtKRNa2u5etVrK4hbAVkosiYH93TI1gPQzOhMEUidXx8orj
2020-09-17T10:58:01.603855299Z,2020-09-17T10:58:07.864712692Z,280 BOEacCJXr5ldegEjIK1zGJsEckcuIosO77GU5eYU5ijDrZyBDGCSN9ll4LVW
2020-09-17T10:58:01.670556369Z,2020-09-17T10:58:07.936445541Z,281 LFNm2LAIUGgFADqxN35QsRbAQ7z0vGl2EzyHb2IsktN5bGNbhdMYnhKBFPRx
2020-09-17T10:58:01.736138891Z,2020-09-17T10:58:08.003752126Z,282 oT61wGKdADiqfbogZytDmQ2O9EPDdESpYcUc0Znefh7Pp7kO3JBWemfiJLgX
2020-09-17T10:58:01.802217672Z,2020-09-17T10:58:08.069132404Z,283 oyO9FR2sUEcKzMngACjHocDTOvdopYD2dwtgcHJT6mEHvJQSyZoICZXABmfq
2020-09-17T10:58:01.868620021Z,2020-09-17T10:58:08.136948626Z,284 YlY8tBJWBak4R904NuqwA3S1Kj5AwSNh8DZx2sI7Bu41cHQlnLoInlfHtxah
2020-09-17T10:58:01.935760229Z,2020-09-17T10:58:08.203770493Z,285 1NZvGr92Th35vqTiiifnwhTvgx4dNg6nBKT34iurQjdxDNvqkTYAw4ttzNw4
2020-09-17T10:58:02.000930624Z,2020-09-17T10:58:08.270572883Z,286 1iqye6nXSg1vmwtjOn39315fbVTTYqqC74rcJ5QUQbyh6PLVQpHj1dUWyld0
2020-09-17T10:58:02.067322511Z,2020-09-17T10:58:08.339445252Z,287 CxYNk30ZtY9fp4yFOGq5ApBJPwyIjgcfZznwIiwWwvPiXYt4wyIKsZZDgdBD
2020-09-17T10:58:02.133935553Z,2020-09-17T10:58:08.406136356Z,288 FPejbVTCHfWrbfYNpBC4iyAHVvMA78TRuE4sEGisxFnnhN1Zp28u7fc77YY6
2020-09-17T10:58:02.200175256Z,2020-09-17T10:58:08.484542488Z,289 AZOpdpf4DM1NvHktWXARhXSVgMqRSbIyuuNpGwB0CaNjBPKPVJ8YcWEGeYbY
2020-09-17T10:58:02.266359561Z,2020-09-17T10:58:08.552095599Z,290 z1k6tmACw7gOwubKZO7gR7aWBWayqGhE7qqQHZ8Pcecvyw1EGspQF12ln45s
2020-09-17T10:58:02.332096066Z,2020-09-17T10:58:08.619761132Z,291 x50QX04r0Rh5Br9DfXFX1MJQBcdrLrgGk4yWA8dOOAHNlRjMy7ve2vQwCM0S
2020-09-17T10:58:02.398672091Z,2020-09-17T10:58:08.690306803Z,292 RTTgtBswUiRQUZWZkItMvXu0spL08xTqOOdC9mKJ12cnAImQvlRkDoRi9C0h
2020-09-17T10:58:02.465506786Z,2020-09-17T10:58:08.758132362Z,293 m790CUoZkchvcgg81Ka1N8Nywe5UzIpgXUHsafrWJOyENQFFZsPBVYtpuLlH
2020-09-17T10:58:02.530945204Z,2020-09-17T10:58:08.824082653Z,294 Xslb2YhJnmhF7Uj9qQm7rP13NiBN7yUM1FCluPFnqdQaFidCq10nmHkNxYzD
2020-09-17T10:58:02.597108036Z,2020-09-17T10:58:08.890480909Z,295 YhCiUeC8t2FP4Xy2SZ4AackUx3GNaaKh6z0wBIXETV2axRhnGsOu4RelUPK1
2020-09-17T10:58:02.663648712Z,2020-09-17T10:58:08.957410832Z,296 JnTEZWqHA4GXHD2ecHVtSOTidFNySIQ97HWsZyGLqswlJur8Dzmz11fZGZSd
2020-09-17T10:58:02.729856016Z,2020-09-17T10:58:09.023082792Z,297 8vKvozW88mUoTw5rVGporxVcRY5NHrnqi9y004PyqzvqsRnyafAHvM9Jo1eV
2020-09-17T10:58:02.796890450Z,2020-09-17T10:58:09.089373489Z,298 OFD7eqC7nRAWlYWtXpE6YV0g5Ir7LT8xhXm3eH9zS2r9eLjihAtlXO9fyijj
2020-09-17T10:58:02.863971266Z,2020-09-17T10:58:09.156452893Z,299 lwe9pOgqY7xpV4fo2GQHy1RWolPm0qW4dDKeSTvobl5IIjgHK1xDy5DGgTSW
2020-09-17T10:58:02.929976222Z,2020-09-17T10:58:09.225180314Z,300 XWhasMKXjMqttr11OReur0TZuhQHMXRerKW618AZoupGlF3oPHZ4nAxOX3l5
2020-09-17T10:58:02.997066800Z,2020-09-17T10:58:09.289174697Z,301 bXDuI0WlVkeGxqOcg54hjzE7Erx4f7YNHMSAGszSkB6BjnoGwv7PGH5Khw8h
2020-09-17T10:58:03.063317714Z,2020-09-17T10:58:09.357137618Z,302 9Mv2ORe6NTcimgvHkRBC7J9lCiovaNGheOdJeu5XVPsJD4L76rqRF6Zd1LEf
2020-09-17T10:58:03.129656723Z,2020-09-17T10:58:09.423199684Z,303 cFgkeu22Q4CLe1oYDZubZcOes1xd81LIofmtzbYZtOXfwEp0LucdnIXgC7Sc
2020-09-17T10:58:03.197015285Z,2020-09-17T10:58:09.489177358Z,304 gQyHwpp2CfH5fHT5k7LToxcHN41CbzVWhH5di0aPf8D32PrUsXTs9UNtecir
2020-09-17T10:58:03.263850285Z,2020-09-17T10:58:09.553720061Z,305 riGiCTVA5ES2VmgFhKUrxlgG3YaWgNbZV5BtBE0p3ykzrsw65IaZyU8nbzhb
2020-09-17T10:58:03.330064436Z,2020-09-17T10:58:09.621162537Z,306 mdvmJ80DcZvDQfsEE55MM7Rhj5vU5TdoBCpWahzqkX5zKhH7iGsx5QGFCRfO
2020-09-17T10:58:03.396870118Z,2020-09-17T10:58:09.687335686Z,307 sDQ0F2nYFSFLPgAFhr4GQxs2ZkBtkHyj0gYqElZutIMyPXG8oXMr1dNYhfZj
2020-09-17T10:58:03.463597177Z,2020-09-17T10:58:09.753970171Z,308 1ZrW843dLhSe9G2YTpIl2Xd5Tc7qHCTS5nMoy0KGUCSYafcX6WOlUSrPWpHr
2020-09-17T10:58:03.529232993Z,2020-09-17T10:58:09.818614309Z,309 KJkc01d0n3gW68twUiFwbiuinum6oZzMBtdMPu9QDCzPh2gVk0Ewc3s5bITF
2020-09-17T10:58:03.595955033Z,2020-09-17T10:58:09.883010423Z,310 4ABovWAju1XhbAisHdcls5TYTKYZKRkeI1tm3aYF2EslLZD0yjYC8TIjigSV
2020-09-17T10:58:03.662503962Z,2020-09-17T10:58:09.947728007Z,311 aLUdENkBbiObCP6ZUi8awGRKhOHsXkKcyqBPoa5VqP1RCZTunkEqfAz8vLzQ
2020-09-17T10:58:03.728085848Z,2020-09-17T10:58:10.015757777Z,312 hqAa1CDM5UYnJBR3jKSk1pMfbUwJ1bNzcarQFpFnP99YP7k6duJ9HFlMmY2k
2020-09-17T10:58:03.794685489Z,2020-09-17T10:58:10.083965719Z,313 opTKf4f3Yj4LzKsqSS4aU78B8fbUTkD7FRvdBOvDiWeHfIDsLazPKL0o0XIt
2020-09-17T10:58:03.861732345Z,2020-09-17T10:58:11.180043941Z,314 KtCWRh3pv9KyOc9BNUXK4840qQbS1hcl56iMYeL1ykAEtksRFKclT0tLUKt6
2020-09-17T10:58:03.927133151Z,2020-09-17T10:58:11.246749253Z,315 Daynp1kxG787ZL9q7TgAunvE0aT8VhTiWog51HXFVzC0lfXp0GV5KGeQX3Me
2020-09-17T10:58:03.993684236Z,2020-09-17T10:58:11.365927370Z,316 7tqGyAbJgVp1Afblkp4d96wUcRPdE0YhpitIMTLNGnbx5mu0xt7v8Wa3YuSQ
2020-09-17T10:58:04.060188601Z,2020-09-17T10:58:11.435156255Z,317 4IXZCOOEw3KaYUL6u0DrWA3wtMTTaANiD5iM0LUY86Sq3AoPEYhpjyD2JbNM
2020-09-17T10:58:04.126397914Z,2020-09-17T10:58:11.502861152Z,318 e2HdMPJhrJNXkgt4wOfe4TbuTOzQc9vjyXmywSpNBTIHifKtGyM5k18lMv9j
2020-09-17T10:58:04.192714948Z,2020-09-17T10:58:11.571987336Z,319 gSFNSuD3pR0RKKAOeM1mvjM0nMg3VY5xJWcc1h2ZXtFUPOgwYPqXHlL2Vknt
2020-09-17T10:58:04.259028388Z,2020-09-17T10:58:11.638907597Z,320 uaVCaMbmoR7tG3NIBJoAsABLYAx2Q044jCZKCAwmK9YO461f0Y4iArBkPfof
2020-09-17T10:58:04.325890184Z,2020-09-17T10:58:11.706129323Z,321 bKsYCipUxn2TreuxCEkwZmjAU2nDlqa5B89PtpUKgFkdvJWpNZFmwVLx0YeH
2020-09-17T10:58:04.392215132Z,2020-09-17T10:58:11.771715450Z,322 ey37derbzjHcsGbd9vcnUTHEpjsZWpFKdsMHvTgbW1aV27tfybBM5k5sL3QX
2020-09-17T10:58:04.458603534Z,2020-09-17T10:58:11.840749902Z,323 mINU8gYcq98PWfck3UQtROs1kWLUWiEUwFrdkAw8FNNdnLNTMxuALJEeTUfB
2020-09-17T10:58:04.524135535Z,2020-09-17T10:58:11.906335914Z,324 V9lMunDwWiZ3dCXyFx0MVW9WkG37YybR197P0mTyS5C2JV4RkSAhq9XDjCch
2020-09-17T10:58:04.590310735Z,2020-09-17T10:58:11.973875590Z,325 rqhdCdsJ2BT9KfMJbTy40ebGmCEbilqQKKUvOTaF7rNlaqoYhmLjkvzrTzgJ
2020-09-17T10:58:04.656813522Z,2020-09-17T10:58:12.041224138Z,326 T3C1CfxWJXUWjk1vjZ1SXtdU0dG8X41HvgYjVpH17YcWmY9Y8QkAglrlES4t
2020-09-17T10:58:04.722981184Z,2020-09-17T10:58:12.109248505Z,327 xktxOfCQAWWAypkEITyozdEJQdbgf1NrlVoTOf7SLCikIJjTG0Vjc0nVGv8U
2020-09-17T10:58:04.789438246Z,2020-09-17T10:58:12.175083381Z,328 zBH6PcuFdInvA2idej1wXXJph0Nkikvwo7GXnLbDrqWUkiWGuUV8H13Yg33z
2020-09-17T10:58:04.855565076Z,2020-09-17T10:58:12.243871253Z,329 JHFDnHYAHbFMXwoBHs7GOj0oyVDj1W3xmWgiunoopcJui8VoBuTrwA5f5Oet
2020-09-17T10:58:04.921028233Z,2020-09-17T10:58:12.313248912Z,330 2A4MkZQcJuHJY19T6ADjb9K1qvVEYBikyoOR8nHU8A2MoehD2czUZmuTgYFv
2020-09-17T10:58:04.987451565Z,2020-09-17T10:58:12.378357552Z,331 jFwDvGb3KFAGnHHo5VFtoInY1W2qsRljsRJZKROqxCvldeRyRvG19ygd7Qt5
2020-09-17T10:58:05.053465293Z,2020-09-17T10:58:12.451026216Z,332 HQiE3ZaAA1tuqUfupkpWuBUsQwu5wVtYzdaMMnN8a7gf3RFpVMSUjj1ZHrdy
2020-09-17T10:58:05.118863337Z,2020-09-17T10:58:12.517975787Z,333 47nGUxz0VdnJGbEkvQo0FbpXyEZVpxFXr4m66KwgCEt9asJ2drwNd6xiFjrz
2020-09-17T10:58:05.184869458Z,2020-09-17T10:58:12.586167780Z,334 LVhGRGbd6MxBRX85AbveQabdwGNw9MdM6MjwLYL87iuWTDuKtg8R2XR51d2z
2020-09-17T10:58:05.251202685Z,2020-09-17T10:58:12.653963221Z,335 I58Ql8EvXidRjFsudxbdrK6TOwX4LbQlM4qySidPg8P1eK1RR9P5lr7hQBGv
2020-09-17T10:58:05.317168445Z,2020-09-17T10:58:12.722857441Z,336 4DHWHUE8ZIUqKNymY2l2XYRs0Hds7HZCff5wj1yn5sjQrhMk5tMCVivC4iUK
2020-09-17T10:58:05.383707980Z,2020-09-17T10:58:12.790850819Z,337 JQT0ArTlEIY3SyySMxLOamobor0GR5Z17yMDOCdV8zMtimPH0Dc6cvlXjV6q
2020-09-17T10:58:05.448961955Z,2020-09-17T10:58:12.857120818Z,338 wwZNrFW5y0jNVTNOFTTR5cqhcvB0HJbYtlBigha63bUGnL1sg0bVb9iNoYoc
2020-09-17T10:58:05.515599139Z,2020-09-17T10:58:12.925080498Z,339 rr3nlJRVma2yjI9zp4wb5ny4koip6qiGHBReh5Mu03ScIeNzjwxDbTM02F40
2020-09-17T10:58:05.581632773Z,2020-09-17T10:58:13.044501973Z,340 dIbF9Rk4dE5CajHR9aLqVvFSZSDJMihUsjZ0jZCR1bcKqZmkhKyIIlXBHw3q
2020-09-17T10:58:05.649050257Z,2020-09-17T10:58:13.112279376Z,341 8QBFx5dfsRqmggvVG78HUixp3onu3PdqcK6DzAc7T3zekfy7jwjfExwkaATe
2020-09-17T10:58:05.715926041Z,2020-09-17T10:58:13.179065248Z,342 RZtblvtDXVj3Ncj284Zp6ygn5nfeSF5SSKErMc9oYSmlhyo0ItJqlYc9MWQ1
2020-09-17T10:58:05.783261402Z,2020-09-17T10:58:13.248133823Z,343 2kU9DpivNShOW6ldHUuAjdIxViLZmY12oQ59BzEM7HBX1cwGSR8ALWDE04lh
2020-09-17T10:58:05.849776900Z,2020-09-17T10:58:13.315611554Z,344 I0TL8NNQk97WpoezqE6AooSJqwE4rS3u9tgQJsGmPMG6VMyzybp4HmGcjZ6f
2020-09-17T10:58:05.915382406Z,2020-09-17T10:58:13.385546592Z,345 Nn1iEi8MVHdE8IfqDBXL5cX5BjUNFeC3JZCdIhXl6I1xir3Iiv3PFew4x2yf
2020-09-17T10:58:05.981829119Z,2020-09-17T10:58:13.455482445Z,346 YGN1CuyUmkytOP36YITP1M3fCOETpJPD0qJ1EWUACg9Wg0ZozB7sTrbxezKV
2020-09-17T10:58:06.048654852Z,2020-09-17T10:58:13.522230012Z,347 nyARbxfrteVvi16IiqOTD5Slf96mgptJaZwasuhxPBUiRhJqPwXkjWeWOwxY
2020-09-17T10:58:06.114333328Z,2020-09-17T10:58:13.592607840Z,348 xBVr5trSJfZJfaIVo69qk76Fv6ANojbA3LfCuvdox01iYMmcWHvulHhotCHK
2020-09-17T10:58:06.181992288Z,2020-09-17T10:58:13.659898165Z,349 kiyOEd5Wc4SiOgoVtjkJk2zqTwlDzzJ6nAZQqkVo3d1wTdBdPXjN9lQUgn2X
2020-09-17T10:58:06.248278846Z,2020-09-17T10:58:13.731025912Z,350 9piRoNr6GOXKHymoneFpqsgOdTDgnGJpnY3O3ttzmUlGcOvDIIWgc0VQzO9d
2020-09-17T10:58:06.314413930Z,2020-09-17T10:58:13.799186308Z,351 GUp05VDbxmuwBYb5ojdcEwFdGSBc0jhAFkfkCKTQrOaKGWGYyrZqGJkbRxEX
2020-09-17T10:58:06.380445180Z,2020-09-17T10:58:13.865467748Z,352 4TQxDTFadOdTqLBDGaJXezPnUXHBAdVaizjhr9ZyRKlpgKgw5GGTzv0X3gnX
2020-09-17T10:58:06.446372958Z,2020-09-17T10:58:13.932331731Z,353 9SIC0H6Dh3vLOtkpRwykryoP9CCUhRdUQLn6CLayPDrXbnnhmOsDDbQZIfBr
2020-09-17T10:58:06.512444887Z,2020-09-17T10:58:13.996093590Z,354 eFI3CnjdumpgI8i2iadnJ2uXpQ7neGuSM7gCZT4ZKv8oi456OMpuQ0ZM91IH
2020-09-17T10:58:06.578364752Z,2020-09-17T10:58:14.061534362Z,355 1jpz7h8Hr17C9bV3z0mzaLvyG3npUhq7HqUv4ylhbtzo3W0oiJ0J70cCfy1F
2020-09-17T10:58:06.644335636Z,2020-09-17T10:58:14.129855717Z,356 C4w9Fcb5BIdiCHmRRpVq1K0bl4vXUDft7x5rfOiKzYilBo5oAVWM8zeqzpUS
2020-09-17T10:58:06.710233007Z,2020-09-17T10:58:14.196479338Z,357 v4rqAva8woAhBDnO5oGkFZLOODr30LRalf5qwdlD5KCIGYRiK2JwOu8dPBaG
2020-09-17T10:58:06.776127900Z,2020-09-17T10:58:14.258620306Z,358 jMbgUpUOTE32izHQYIU0caBhpliuqqHXdD70fyK8uXjMgirTT4jl8gWe94BO
2020-09-17T10:58:06.842311149Z,2020-09-17T10:58:14.323096523Z,359 bI3orHjZ2c5mXRYYqAAhtbuB3nyGJqbsCuT03t5Z1ti4GpK937PRSesFjNvk
2020-09-17T10:58:06.908074723Z,2020-09-17T10:58:14.389122337Z,360 SvPeB4sJaDMbVxVDKMLtaeIASmBF29z29AyxVweWwyVNOjT3USFQHJofibGM
2020-09-17T10:58:06.974753561Z,2020-09-17T10:58:14.456727915Z,361 8u6sOHHThKUB4cU6dhcJwmhUuHqIrvatAlmMAVDTmp30eFucxzlEUZL9Ev1i
2020-09-17T10:58:07.040936104Z,2020-09-17T10:58:14.523512465Z,362 gcmRgOUHyy9YDMkKyyR3uJcIzGgWd0gm08SnMzPY3pjQlRE6GjD3gnhlAAnm
2020-09-17T10:58:07.106857904Z,2020-09-17T10:58:14.590538292Z,363 EiTXqY1PPZQ8ecEEl1mbKb6nbjYh2AysC9Zli2RDjxyw0sQYaZIAxjghRmII
2020-09-17T10:58:07.172764142Z,2020-09-17T10:58:14.653938255Z,364 I0qSmxI7naxHEt8eT5cL5hlaWd2IQvZfXDWfyvwZZAce15oAbYO9kBrmaGel
2020-09-17T10:58:07.238658633Z,2020-09-17T10:58:14.718575170Z,365 xTu4dk7oaYoHunh3t7LZS7NY4jTEV8pTv3dVdjWI1H4IEHxgn21tNZnMjJFD
2020-09-17T10:58:07.304738408Z,2020-09-17T10:58:14.788837760Z,366 1ds3lN5P2aktXrr3QG4PdwO9q6ih9m2DIRdjFQpVmfz1JewJN0Lcr8YaDKZa
2020-09-17T10:58:07.370621856Z,2020-09-17T10:58:14.855115018Z,367 WFKyWThOWn56ohC30hCJvcVteosrVkbCwERzsyff3RRTeRdBF35Hgh6mTuDb
2020-09-17T10:58:07.436563275Z,2020-09-17T10:58:14.923692762Z,368 51lCZlsqOTeSSNCmfmYpSbzGiuuFwif0FdqzdXzDqrp5zFWEAIEEscDXy06k
2020-09-17T10:58:07.502163034Z,2020-09-17T10:58:14.993271154Z,369 tRYatlLzjyZOqkYaoSL7LD5ADLN36wubCVDRsRaSdHMiDu1s5PL3okbLWol5
2020-09-17T10:58:07.568058540Z,2020-09-17T10:58:15.061476526Z,370 iQ1RNUS7pWGXxRYqRmoyjYBBiG9XwIeViMLmrvd8ae9UYlpgimUEi2cfy0VQ
2020-09-17T10:58:07.634778598Z,2020-09-17T10:58:15.127644651Z,371 SycCkzYfTrzDDcIRuwhncPETPksOEKhMqyiUotybvp8oWYg5ZaybENCs8L55
2020-09-17T10:58:07.700585664Z,2020-09-17T10:58:15.195703742Z,372 bdyO4TUnx3TiZkC3jJj3dZiEirI4apfRQdj3ke8hoicoC5EHKRj7Jn1OMWsJ
2020-09-17T10:58:07.766557720Z,2020-09-17T10:58:15.262735213Z,373 xZjR2DSkESz3hA6K7QQk05wnkU3kBdIfqnKBRmx40f6G1aBWAlRGFlN8iZic
2020-09-17T10:58:07.832403315Z,2020-09-17T10:58:15.328188605Z,374 ALceUnOAhVfJ07Ixb056o6weL1JCpMVi2SoYUeHLRwHVJO7Syn25UDt4Ruas
2020-09-17T10:58:07.898053611Z,2020-09-17T10:58:15.397193492Z,375 93Qu3byKbMyg1RGsXH0kbazdDXldig3KMaexJTlOlaytHMIfI4Tt4YC8lnJY
2020-09-17T10:58:07.964399413Z,2020-09-17T10:58:15.462366101Z,376 Bk7HR514GXKE2SDJobh4tNdd209bS98cf4gd9cG0aiOZCUUrz9fceIKh44JI
2020-09-17T10:58:08.030250192Z,2020-09-17T10:58:15.528976738Z,377 riIrAfpDulsHju3297gneuHF7YAwLNacsCHG53ScI2zFmRpOu5uzuSc8eGdq
2020-09-17T10:58:08.096746907Z,2020-09-17T10:58:15.594720181Z,378 3P12CsDByANBD8ryOqV1EchR1nHbv5WNTWninUaMkSOBbyPoVmhrV1b7MZyO
2020-09-17T10:58:08.163171254Z,2020-09-17T10:58:15.660879097Z,379 FQE8ybEUKFURbLeKM7iJaRfnEz4HSzjHie3o5n4cJJDLTeqtqcnqTgljOGao
2020-09-17T10:58:08.228892737Z,2020-09-17T10:58:15.726096699Z,380 BMBsmZzlqjk3D9zDQA9OVeofhKC52wNWdRCk13QdlJBDrABHvGyEGCNyZagx
2020-09-17T10:58:08.295300941Z,2020-09-17T10:58:15.789985282Z,381 6Zvpz3TWFReoY2jcBU7BWqNEbPaD96rbSBKPs3ZQCv79DNbhyESucyaD0DOh
2020-09-17T10:58:08.360960467Z,2020-09-17T10:58:15.853673714Z,382 6CD0tMBjHm7p0Uapzxk7DW8JGOryDPI5Mr5nnFy85vBgpqGP7fdQJzafZ1Y8
2020-09-17T10:58:08.427202395Z,2020-09-17T10:58:15.917937142Z,383 toZMOOe8aMfXJI7Bq6FvR92JRCssM78SR868RzT9DbusgRfSlpoNjlEJUTvS
2020-09-17T10:58:08.493251405Z,2020-09-17T10:58:15.983290505Z,384 5H7IKhqGGoHTLI5lOBd6marYawxB9bWETbVotqr3AqeGF1MoFsN58u51zhzp
2020-09-17T10:58:08.559157770Z,2020-09-17T10:58:16.046721062Z,385 5KJtVmTy5rSTNSnhp9Po6CGvFpkQHjttw7lUGSitstyC0f9vzuCxwvaDonjz
2020-09-17T10:58:08.625193554Z,2020-09-17T10:58:16.114283182Z,386 o1nCODhr0BwYSWHgWTEWcTsbULA94je4iDqCEbjrOHRkTb06zRoRHoCdmNop
2020-09-17T10:58:08.691168403Z,2020-09-17T10:58:16.183099619Z,387 lj7wusJGQLr8L6TO767UuQXyY5ewAV2FAQte1uUxCBrRbpfE70QUgkfUBbe1
2020-09-17T10:58:08.757223340Z,2020-09-17T10:58:16.249561426Z,388 raMutfgreUHKSIzMXNEX814j7ZYgWq6mNfEROxFOfktiV6s9LQg7hmwBO1VL
2020-09-17T10:58:08.823637773Z,2020-09-17T10:58:16.316093917Z,389 Z6yvqPGfh3DfBqfkCQnS15YpIbypzyNnS92M0nMagQetk16apbb8KxBMIsvv
2020-09-17T10:58:08.890555580Z,2020-09-17T10:58:16.383341357Z,390 IYYOLDyFGY5b74WvLSO8vQRJcWs5L1PYj2Wjh8NwHaPC5PHkaxyaXgpdPqvc
2020-09-17T10:58:08.955965070Z,2020-09-17T10:58:16.449742152Z,391 5aceLPj6R4EtjjXnJvLztBItK8jEFi1vtEhqtw2qK5CggLyMWzUpFQpb1Y9m
2020-09-17T10:58:09.022726582Z,2020-09-17T10:58:16.516701810Z,392 tfCEqxcW9ArFTfXe0kwGD3iqfOf2IidU5kiWh9u9Ix6ZWzxs0GZIVCC9Udp5
2020-09-17T10:58:09.090114222Z,2020-09-17T10:58:16.582111230Z,393 FHsA0iivvpcf8mf6efkFwv8cQ9dLMLNqpj2nETzUjQiYIYn3K7D7muqCo0sa
2020-09-17T10:58:09.156977120Z,2020-09-17T10:58:16.649073660Z,394 aG6Z80XVP69KUauWWUbeG15Qtbw76mrxxbZfew5buUtYAes2g1HgjYZbOySZ
2020-09-17T10:58:09.223151860Z,2020-09-17T10:58:16.714000452Z,395 8dXFBflIhXODbwYKYbYvmFbPc7omK3tJY11Rjr2ytNE0BHTwQ3Uslolr0SsY
2020-09-17T10:58:09.289522243Z,2020-09-17T10:58:16.783821113Z,396 R5guk90cF5eVg8VJTzJYL0qYZlky4y9QkMy4uJVb7a0hkKRljae2t3lPIhdA
2020-09-17T10:58:09.355698325Z,2020-09-17T10:58:16.849602238Z,397 1Qa7vGz8T230SkxHSw7LufarVoekaulONWrPenNG1uZz83y1BZ7aJd2I09Jj
2020-09-17T10:58:09.421078465Z,2020-09-17T10:58:16.916927321Z,398 Or9UKRF7vCPiHdamkzUMED99KTQfRNAaDEw23sJoontQ7HU0ckkanA7njhwl
2020-09-17T10:58:09.486820956Z,2020-09-17T10:58:16.985236562Z,399 10seOY2Bzg0Rpg3HREfHriAHBAOS9DIoPgzWB9ed4VBCQ9vzKRdtFaaVzVcR
2020-09-17T10:58:09.553182307Z,2020-09-17T10:58:17.050383546Z,400 ZtGBvkWnHdb4TLdVdsRC93kOYil0WszPOgJu0u3J0cjzLf55mR1oddPPdlbE
2020-09-17T10:58:09.619387939Z,2020-09-17T10:58:17.117515901Z,401 NoUGszeSzePaA7CLx2r228zsg6wXuL7CF4c0QnH7mdxt5co4HQkhm6AWHlov
2020-09-17T10:58:09.685342250Z,2020-09-17T10:58:17.186475072Z,402 waTT0m0D1A7SkDLyklyBVsIBfhMNaaUgCh5yMqabJqDNJUOdwmERZcBsS1r7
2020-09-17T10:58:09.752888670Z,2020-09-17T10:58:17.253632570Z,403 2g2OxaQSFj9F8YwJmDZO57EjjQ9fijBvqYTN7PSERwPr4zRfGTGgQJVIVaz3
2020-09-17T10:58:09.818964102Z,2020-09-17T10:58:17.322074795Z,404 29WpWJBsi1CtBsGhBredM1MBEUWqvbwadbw1JVWbYrByX2bgPiAELfZxTXHE
2020-09-17T10:58:09.886003728Z,2020-09-17T10:58:17.388433297Z,405 ySaPqkhzHGKRqk0xvugIRt0JCdnD9mTlWBSGpKELWAinQ9Xex4zxf9ZC7EN5
2020-09-17T10:58:09.952056990Z,2020-09-17T10:58:17.455160452Z,406 Yq1FOLYXtkpX4Das49VYDUQEeogA9Bpwz8tfsoBi8Gt4V2atEthMJb6eErfw
2020-09-17T10:58:10.017940421Z,2020-09-17T10:58:17.520630280Z,407 U0wnH9QEq1Ncw35DITkLUSOb44uR1CTjcqlO4AjqF0oP6O3IvVMjmaWVDHFF
2020-09-17T10:58:10.084778263Z,2020-09-17T10:58:17.585551049Z,408 2ztDiuA6XbuMacMA5DIELkbg6ryCIYIpZLLocK7hqlwYsGUJm1CSgox7a49s
2020-09-17T10:58:10.151959852Z,2020-09-17T10:58:17.651471144Z,409 omNI60ARzlKwLrbnCTCg3VMBzK2PvB8mZrsrfXYqebJOPTf4f4PfnFtG1t2U
2020-09-17T10:58:10.217849317Z,2020-09-17T10:58:17.717861824Z,410 03d6plZIMCsSbDnJX8MTlrC49di0DlDSKRgxnCCu4b2HkSaVrK2wWg2SdcSJ
2020-09-17T10:58:10.284662143Z,2020-09-17T10:58:17.780768589Z,411 yNMRDgAx1svkdJhxiz6gUKiaCOvuWvRPUQawXMNb1s06DCM75z1GEgkSZpEY
2020-09-17T10:58:10.351422998Z,2020-09-17T10:58:17.849018776Z,412 e6KoVFldLSVc1zYRBPrD17kJ7gRTvG9lLQ5bfbZh0kA3LtusgRjDC9f8jBMO
2020-09-17T10:58:10.416886562Z,2020-09-17T10:58:17.915506994Z,413 TxhyvIba5v7mhvVJn34rY8DiORsb3f7iO6bOfz3OYzBe6YEAS7ZOOQwVrS8t
2020-09-17T10:58:10.483771208Z,2020-09-17T10:58:17.987062474Z,414 Qzd2RJNnw9P9KT0LkeWdMtYNYlXkRaOFkZ5K4xd3HUeQ4FpAWsXvd7Fn5G2E
2020-09-17T10:58:10.550376950Z,2020-09-17T10:58:19.082673103Z,415 bCf2judRn1I3gKfGXs2Kw01O9zcqYQh9c9HsxCCXcGG1TTxVTungGPzvVJnQ
2020-09-17T10:58:10.616537889Z,2020-09-17T10:58:19.151919459Z,416 8AN9DIAuYpmIz2EPHVtzF53BeqeaNaTpIpitoHDtKSRaDzOQjQHqDgFXD4RR
2020-09-17T10:58:10.682904146Z,2020-09-17T10:58:19.219041414Z,417 lxiN6mIS6qSRwJ0s0hHA9MOjBmZSBfcj8lt5wLJHFOSoyXbm4TUr1601GCcP
2020-09-17T10:58:10.748832694Z,2020-09-17T10:58:19.285896287Z,418 roR4BrOmj0yLnTf4zOE5UQeJy7ORkrP6JpDDD1H8DSfGWNUjZSSfTbBGBdbh
2020-09-17T10:58:10.814918538Z,2020-09-17T10:58:19.352891926Z,419 9Xs4aTrBDEdecoCFw5xGd2REg5ccQZVoRyVuPtK05XsdiEtJbWiuL7REaA6y
2020-09-17T10:58:10.881558130Z,2020-09-17T10:58:19.420085189Z,420 pQL0jBQPD67aRFfzXyNxjuVRh8BqbKyYjYtrETqtgvMse6b6uJzG1gcEs76k
2020-09-17T10:58:10.947207288Z,2020-09-17T10:58:19.485948348Z,421 G6UgsyXOhFh2IJ0UgpyDzFCaLEzxZdOZMyfygJ8eTuHYKa7ISh3QXrRU53Dk
2020-09-17T10:58:11.013037531Z,2020-09-17T10:58:19.553388441Z,422 1ookiWgQMj561TdnLRHkIfW0KUXq1jZuExMXpHV35Y3xuY3E9tFKh13300ht
2020-09-17T10:58:11.079679489Z,2020-09-17T10:58:19.623637596Z,423 ZAWtGM8bSGPAbHEIYVDH8XaQlcamL2ib8WPpqJNME6VRDJYX92n7jX4cOOxr
2020-09-17T10:58:11.146594327Z,2020-09-17T10:58:19.691631768Z,424 ZZ0v0Q3e1YzZktx9kvq13NGyxH4daCaHeAgDoT3ABsSq6WfWqXcJ835rHExQ
2020-09-17T10:58:11.213632088Z,2020-09-17T10:58:19.756446369Z,425 XKnqBFucqWU3RKefqgtIWHrlNFIFGkNL6VnIrNaVcjZhvnOVr5TDEj8KfukH
2020-09-17T10:58:11.280065132Z,2020-09-17T10:58:19.824131927Z,426 nhdPqDSVr2aV7vW4AlXOalvbKssopJqn3jivozljyitGkD2fjiddNTbpIYXC
2020-09-17T10:58:11.346635113Z,2020-09-17T10:58:19.892176538Z,427 Vlb1LlAtWfrAfX2wYK3qLhVrj7cuHs0PrMTUdec06K4hJAs7VxbJX1yIKpWp
2020-09-17T10:58:11.413535439Z,2020-09-17T10:58:19.959543634Z,428 oF9HkmKTuGbgqWTjrM7wXp47ai0WcJAkgMU4k9EXfS3Wk8GVZ82CR2gNWnxn
2020-09-17T10:58:11.479733112Z,2020-09-17T10:58:21.034579052Z,429 w8Suflqr6p95uKuJ3LMcRGnXsIR5gzi1Z26qrJwJaJKbRauakPU02IxEcBKT
2020-09-17T10:58:11.546861009Z,2020-09-17T10:58:21.101110365Z,430 zG6nOWJAlLUfJ0hDJVmUjRqQ63Eu5M5XKuPlnpvYE1E92jGXPbgedLzQXnSJ
2020-09-17T10:58:11.612978723Z,2020-09-17T10:58:21.166184184Z,431 JfyNn6aIZkgWV0o0lsqfYazIWv5SMC3CCbMIArBNtf0JRvzqHFvt9Xj6EnVC
2020-09-17T10:58:11.679600358Z,2020-09-17T10:58:21.231937340Z,432 sS8y4cuzOUdItalSoYLsCMEJNpbJXmNFsQ2FjErRr4F3RGJNDl85NQh70ER2
2020-09-17T10:58:11.745276730Z,2020-09-17T10:58:21.299781715Z,433 kZD70M9Ukusg116B9oyVh917OhQ4WX6Re6lJs1mRQlnfpgjx62zur55zebDq
2020-09-17T10:58:11.811031268Z,2020-09-17T10:58:21.364754792Z,434 8hEJ3czsCtWhcSTtoWWLYNbyzrmtQNt82dLgiwNO7Lty87n1TO3f2yjrgmEp
2020-09-17T10:58:11.877836484Z,2020-09-17T10:58:21.431310699Z,435 NkxubKX1dnRXexY7isf0XOwxOunqXHtEmw7l8VFQdAgDQKSIIK3ws9tNB5x2
2020-09-17T10:58:11.944572915Z,2020-09-17T10:58:21.496903786Z,436 pOEeTZZaiVr7iPaZMSxHwEPvVUD6VpE9xT62QNYnVIEuTmqnQIDdlhrhC1vY
2020-09-17T10:58:12.009983463Z,2020-09-17T10:58:21.562507771Z,437 YZFizxetKdpsJ3xqVi5H122hLZLZVPaJi9a18m5JxwtwjQ6BpD8i9iPw80nv
2020-09-17T10:58:12.076435570Z,2020-09-17T10:58:21.627858096Z,438 bY1vg3TZ9ae7QKHiYdkN6dPjnDFLWy0XDJNySaGTGEtqoVeSpCfJDnXeb2NB
2020-09-17T10:58:12.142031460Z,2020-09-17T10:58:21.694454241Z,439 xEHK54gF2ZW610OEOaO1h0iEx7siupLqlykSBEtHWc5arGSbqH8hlCyG5VA6
2020-09-17T10:58:12.208429447Z,2020-09-17T10:58:21.760294985Z,440 R6OSYsDeZoMrh0Qn6nELeD2mnLpwuzSmTvNSpXvsmdrpuHXjLcrFm64rGjoV
2020-09-17T10:58:12.273925107Z,2020-09-17T10:58:21.828045809Z,441 QrRsPnIirCLtPVHS4djIICNdGGdjD3kBhJ3YUygbSwgaNIIjya9N8cYElqTI
2020-09-17T10:58:12.340535196Z,2020-09-17T10:58:21.894671288Z,442 1gv7ssvJ4dX06FstSNRybhNxGiOFSqjAAbJGsh7ttSu1aJyGevcThdtI5kZf
2020-09-17T10:58:12.406086745Z,2020-09-17T10:58:21.960931110Z,443 uFXu3Z2ZhE0kwkQJfkqQpA1MpSBI4Bx6tzXVutYBW4ce9XJ8JNQ3HR8Xt7eb
2020-09-17T10:58:12.472162989Z,2020-09-17T10:58:22.026044603Z,444 g6qgbntRzbASwaON8XIBHAkDosSDedtBMiirpk1AX7O1BD5vRB4NncMBoM1O
2020-09-17T10:58:12.538285761Z,2020-09-17T10:58:22.093341731Z,445 jzPIDAgfE6j6FxmnmlU7WxJu93I92YpkYsN7r45ifjzUo0EikNfPSMEcqrCb
2020-09-17T10:58:12.604258891Z,2020-09-17T10:58:22.165873835Z,446 67ADEscEGLJ9JoBNSs5FADY1DePoBa4XWvCHU9QysWOIZahMv4ODNU6bZkTU
2020-09-17T10:58:12.670381210Z,2020-09-17T10:58:22.231907356Z,447 pVhVHgaTRfnjMeK6gU6r4ZaZnHcyxrtBoI67NuS23mgxNddJxXHvYbSdAQ3N
2020-09-17T10:58:12.736226992Z,2020-09-17T10:58:22.299567882Z,448 rcTzltfHAc9m18x3BhXQHfPMnWLpFjTAjJBzxKwrZiZlqbUuptx2MRg9DnPB
2020-09-17T10:58:12.802473039Z,2020-09-17T10:58:22.368253299Z,449 FuoTqXwiNlOneeoBgeeGVudOe8bivrwPdUQJ1QvxMKlTbLT95rrvcAlgsuY6
2020-09-17T10:58:12.867824298Z,2020-09-17T10:58:22.431585026Z,450 nvlBWwPYyUh4zgVQppCPW01xKQOENwYae3MXSrI5Bdac1rqzKaSofceaKFPE
2020-09-17T10:58:12.934481830Z,2020-09-17T10:58:22.498196856Z,451 5jhLjt4OwAHoJyVYCYyd9suvKSXdG4paS9BMBhKMADFWMngSFAKJ1bfT2QLs
2020-09-17T10:58:13.000275639Z,2020-09-17T10:58:22.564093271Z,452 nqmZBhnIFykoucK8MZmzRBtWIKhNrIOGO6Ho6geGgQxjcgIQpbnDS00op5sB
2020-09-17T10:58:13.065759424Z,2020-09-17T10:58:22.627021315Z,453 foZg0e1zNLzVD5P3otGujJn6nHyV43paX4DaXLygy7T2slcaYcXKUysFlGkY
2020-09-17T10:58:13.132217251Z,2020-09-17T10:58:22.690393499Z,454 3RWWzJ1El6XMUWSyBAdRQ15BGeSrSdoWwkMeI4i7AsOdHo6Uz1UI9dcr76ho
2020-09-17T10:58:13.198440590Z,2020-09-17T10:58:22.758379535Z,455 3xmo4lpP9qvI4EkJi2Rp7EDdGTUJBQckH31G90CGueF5zKZ23A2PBnfAmMrk
2020-09-17T10:58:13.264490581Z,2020-09-17T10:58:22.820293459Z,456 1SJV8NXKpsZ6IktxzcUwTOn59Zu1DFNeeVHaQbDv9Piz6s6nZnLYhPLDGW7l
2020-09-17T10:58:13.329705207Z,2020-09-17T10:58:22.886345235Z,457 Tx4qDvwqchDleO85N5QlqIHWJfbPl8i2TEMwUSafVr4XtMPiOTdyTlP0eINP
2020-09-17T10:58:13.396273876Z,2020-09-17T10:58:22.951711019Z,458 2lZ6e32AZCdxZRbxZit6tWtAaZmVCO9ndVWotCP0Gao1vMlLwrIbGRhHMfeh
2020-09-17T10:58:13.462184817Z,2020-09-17T10:58:23.015318976Z,459 D1m9TIvLXjefS0aYl9sfMVuW5AO8PTzElkjAhxX4JwCRJ6ZTX8mIMR1b3PYW
2020-09-17T10:58:13.528333742Z,2020-09-17T10:58:23.081239824Z,460 8BkcQfRnLJSalPVHkaAiRhAGspQECuctHz15ELQsrKmUWFKcyg1ErvcANbwZ
2020-09-17T10:58:13.594743682Z,2020-09-17T10:58:23.148870460Z,461 gRfIRXbzIgNWWIK5ugABOLiRgDrtC3LH7qdXM6zPfs6LnFRhltvOyUvIQosW
2020-09-17T10:58:13.660948594Z,2020-09-17T10:58:23.216523252Z,462 kQy7boIN2FC5G3LUF83VKzFS8RE76wa3xUrfFvNPa4IrDBRiRp2chZ63U4qG
2020-09-17T10:58:13.727941458Z,2020-09-17T10:58:23.283230235Z,463 7DL08PjNCfzgIPgjluzFuNNj6qK6T1tyeMgAROM7NpYFyZsZkwTfbMc7rWXg
2020-09-17T10:58:13.794283761Z,2020-09-17T10:58:23.346557926Z,464 sEEkdFbu6Hx7gxExRocMPZtWpYizPihxtjE0Yvdfx4lIEInpdVhPIBs79RcD
2020-09-17T10:58:13.860260323Z,2020-09-17T10:58:23.413890214Z,465 3lOL0hHZkuF3SDqKMbJPUf9eyqWogNy1evVvYWLNZut0LA1A0oIYTBxDBAE2
2020-09-17T10:58:13.926497561Z,2020-09-17T10:58:23.479932766Z,466 ea3EkWrhGcWPn19UQFjfyBlDL6PD9QqXwO8xVgVAUPWMI6vro9c3k5MV5MZl
2020-09-17T10:58:13.992264484Z,2020-09-17T10:58:23.543436333Z,467 GmdDrqMXkaTwWopkeIl3BoNl7C1UoTxnivjXT7JXq35atiL4Sxi1ePSAGV5z
2020-09-17T10:58:14.058601124Z,2020-09-17T10:58:23.612593928Z,468 QH0GgSWnkhkvAV2NmZPCXIomxLQ5zjkdsSETcF6kyDLI17ojfWbsg7mP7N1f
2020-09-17T10:58:14.124901811Z,2020-09-17T10:58:23.675480411Z,469 Dy4h0SyLBIszITqg6AxWIh2U1MP9eGgP6gW1sLXnhXrcqMc1t0JQjQw9iliX
2020-09-17T10:58:14.190295175Z,2020-09-17T10:58:23.738389736Z,470 IYAXrhmbWCrEDkN6LYH0Go9AUjnpcBEtpO9XI8fC7bsgCjSLipRiIC2rYKx8
2020-09-17T10:58:14.256566630Z,2020-09-17T10:58:23.806432859Z,471 SpPqSUnJareOhYrG5YvSG9tXTRiNK0cEiYxwwVtLX9FB2LRvSih0tr1GluvT
2020-09-17T10:58:14.323652439Z,2020-09-17T10:58:23.867974784Z,472 wXOMFDX3KpRTbVpO9cyCAJoIPmuKipK4YAutO4kkWqTWtbkrq4joN8GL177W
2020-09-17T10:58:14.391388199Z,2020-09-17T10:58:23.933455020Z,473 PZQA70yBIUBEAHvtxdMlfggcP9kutCXvO3728sejNi2IzWTdP7UCuuBLiUTm
2020-09-17T10:58:14.457095902Z,2020-09-17T10:58:23.997217794Z,474 AWeIbEx9UgrsTjMQIYqzEnPRJctrouIzVxQ31zAAB4Vw5sACiHWYVaF8gfZX
2020-09-17T10:58:14.523953358Z,2020-09-17T10:58:24.061261355Z,475 imbh8YgsZ31xXHaWXZtlJYj7U3OU2Q6DEtBowTa5Ds9dzXbwujx3r3qYxGWE
2020-09-17T10:58:14.589995427Z,2020-09-17T10:58:24.127161761Z,476 x9MnHDEUXXEXAHxpybmYd8QMYcpaRfZuDiwceCgOkbKkAeIBhH2kMEeisouZ
2020-09-17T10:58:14.656747996Z,2020-09-17T10:58:24.192866901Z,477 RaMLSlvk59tEAo9mP1cdPqQC4hlySuc6kldpJOvyqyWh5wlFDKRC1XHKeT4r
2020-09-17T10:58:14.723519400Z,2020-09-17T10:58:24.259339008Z,478 w4wCMY6Umpri0pzUw9e1X0IRCnCGioJt7yRh9LmKZ4pS5vVH2U6iUONQO6ma
2020-09-17T10:58:14.789810543Z,2020-09-17T10:58:24.321698233Z,479 K0Y0gFIhrXlPhoAdqAKirM9KoJB8Xk37fOmcCnO9l0Y0JJ07HBv7MgTfoSF0
2020-09-17T10:58:14.857165312Z,2020-09-17T10:58:24.389079029Z,480 eYxJmqkCkGdaBupWaHX5o5yjYABkZb7tq1D2o4lHX7fefV0GEotszFVSlHlb
2020-09-17T10:58:14.924072922Z,2020-09-17T10:58:24.454679981Z,481 XKb2FL4562mUJ2ZkWOJNJtxGmMnhQyRIbMyFDynxxndF3aJl3mLUdyElm8di
2020-09-17T10:58:14.990417232Z,2020-09-17T10:58:24.517312330Z,482 Wa6eGpKFnB85Pxv9DaoTyCW7cFSyM0025hKVWlGdGpoztphN74ZwI7ALKKg4
2020-09-17T10:58:15.056588980Z,2020-09-17T10:58:24.583729806Z,483 L9vHOE3ivUOVASKYwc65W4DRkJ8zZkIpsG2FP9WZtvbblGM8JeaNQexxRgiE
2020-09-17T10:58:15.123184845Z,2020-09-17T10:58:24.649207265Z,484 iSNPgkqVaaC2VNu5m3idguw2shKXmo3o2p24CINs5w9YDOtY1zJuojhxlWmJ
2020-09-17T10:58:15.189882289Z,2020-09-17T10:58:24.714960314Z,485 vv41kg7hax1EZqltgl5HfiiuT9C2nAhjY3o7gfLH510Z7NErG1v1oG0BwqVw
2020-09-17T10:58:15.256693194Z,2020-09-17T10:58:24.781027584Z,486 TFrRLC029BN2vJ6Mq9l6aT9amvQ2Lm5gnQQspcpx8vOnfHgivIjHbwtoe7By
2020-09-17T10:58:15.322947864Z,2020-09-17T10:58:24.849273052Z,487 DBKmxQuXnltM6TIW1q10XNg1rmQMWZ2f8ZF5jJpOpSy7MRxQSdeLVSLIeeHG
2020-09-17T10:58:15.389811736Z,2020-09-17T10:58:24.917739835Z,488 EzAOJNouemx6gygnHRn0u19nk8ZpnMtaaFbzU7P6oxZj2wvRANVPthmh01NP
2020-09-17T10:58:15.456871538Z,2020-09-17T10:58:24.983978705Z,489 w0vyyYg892prhpE6c5yn6HbZmGOxuxo3S6cEOLLCmTnIeqgGZyEdC7Nf1M70
2020-09-17T10:58:15.523276998Z,2020-09-17T10:58:25.048663769Z,490 bSG7ESgDFeqAxsJPpZhBsKHyVbOoRoPuQKtKcr0sOqNidalIS0hkOnstTfWI
2020-09-17T10:58:15.590075921Z,2020-09-17T10:58:25.115620604Z,491 dTFSuj3iUfvigMgYjwJ4iE9yZ099chlrvgjMShunop2EB7sdUBG3XshGO0Hv
2020-09-17T10:58:15.656198363Z,2020-09-17T10:58:25.180970409Z,492 G1HnfHt3948zCgu4gzUi6rjU0oU1POsy1eava3fAguaxuJKOCUkzHFHvSGu7
2020-09-17T10:58:15.722283218Z,2020-09-17T10:58:25.244471656Z,493 umwn1lCO3YfjvtD5B4lbwluPkQKkhi2V7BUDQIxYHk3LtkRaGBuiTKTdU9KD
2020-09-17T10:58:15.789048086Z,2020-09-17T10:58:25.309923454Z,494 S5JtfgptoDmguVl8Jg6fYAt5KJNfAo4wgODAEfZRarmQJWOEIHAw1uZ80G2L
2020-09-17T10:58:15.855162617Z,2020-09-17T10:58:25.376240460Z,495 EuW4LQqga3NTrqlRNJYndRJFnfZVm3vdFZm461ecRRj0pUdaCUGv2BCWRqgg
2020-09-17T10:58:15.922594997Z,2020-09-17T10:58:25.443319033Z,496 AIDHsMed5Q7CTEvBYQWEQx6EDy1GRFMtzd7dgblfOQlNJyLquu3TSfuACleX
2020-09-17T10:58:15.987892714Z,2020-09-17T10:58:25.509634310Z,497 HHJUiDxhoepOhsl4fx5s913nsNxbRO0B6mrfj9GTadRO3Frq0A9naas5kN0b
2020-09-17T10:58:16.053803716Z,2020-09-17T10:58:25.573848924Z,498 FC0wNMlGd40uqf0QbPGtmlNztrX8C94Tnh6MfIORhWS8vVmG0SFj2vL6T7Ao
2020-09-17T10:58:16.120753758Z,2020-09-17T10:58:25.640515974Z,499 biGtjJVn68kBgeTmfm2cH5DUparyaPk0JZJXaFepXdcVFapeYc2BBUrogqnv
