2020-09-16T02:04:11.055464913Z 0 faRDGKMwKruKsUE47nxxBNQCHhMDv7rSg2wCavsb8xrH9LUVxS8lgEdtjMCOuA
2020-09-16T02:04:11.107106734Z 1 SyMAAQidKENsOi3VcgUSE3qJVMcABxMa6ycBcaefQvkN8vYPdwQtrrABXDjgSO
2020-09-16T02:04:11.159162126Z 2 dGsvXG5u7DoBLNThWiKNBQKB5qqW4etpKDNnB1otsPhv9a2i2oKtaaYeBWpG08
2020-09-16T02:04:11.210385256Z 3 kfeGO5GaPza5nHHjSutqAaa6laP5fCVZl4JliBEJ14Jjx46r6hFUtx2GfIFKdT
2020-09-16T02:04:11.261526686Z 4 709I8JBpl2hG9PMWAPEseHtINY5onvNZ8U8lszNLiju9PnapvYS1QfGWw28eGI
2020-09-16T02:04:11.313891393Z 5 Ntm67BlsoTaAEhkCyQVVq82bMUwIY5wRl6WCROth3X10sOC0JHhhh0cSKDooJA
2020-09-16T02:04:11.364540628Z 6 ctjCVzxcoNCtC4XVpAyxQRec3FCfzyRia9DXKYykAxBKfTXY7e29DiRw4Rv3iA
2020-09-16T02:04:11.415371093Z 7 rLYw1As0WsbEGhRBfFGCr31o8cxic7qhFQOSqztt2yXTZcu0c4jVzkPhC3HEpm
2020-09-16T02:04:11.466992644Z 8 RIBZZW18cWESFd2HFd5dRV20bQRSMkVczARSiA8HexSXWhKV0G9gQSPY6uv2X9
2020-09-16T02:04:11.518333059Z 9 FKd6q2i7AO5ILurBncdj6FBjfVOJWtsruOlXNxjxtvqNsEmMyMoLsNoS7VIRhZ
2020-09-16T02:04:11.570112182Z 10 DK0VtzgnzJ4c8wnGKLZNfhsL8A0V3zlVt1iDotjibXa2o1d4Lb1bJaQfNdhZK
2020-09-16T02:04:11.622149430Z 11 phN6FNOVhruDTSdBQBeJJqazAWB72xVh74oaO8zEtOEtJiekgcuZJO6Bj5LPN
2020-09-16T02:04:11.674133755Z 12 t0xL919q1yKysvPUF8Gss61xgauJ40ck0WkknD1aeJoaay7IjEcS2Fx9bjAFk
2020-09-16T02:04:11.725789772Z 13 C6QoyGPgavxJ6teNhV0yxjKa2PmwE20HkGjpUGuXlIZgFWZN9o09SAvCVx4aI
2020-09-16T02:04:11.777350681Z 14 yUo794bd1oW1aDSInpSxqwrYntop09CdAgCUUOUcCuDR1DZG0F9TwRzkVzSXT
2020-09-16T02:04:11.828992098Z 15 iXs3LW1E7PP9pLAqy8XU36OV47xWfOMDQPw3DGL4BksdsP0V3Yo81sUByAeUg
2020-09-16T02:04:11.879826917Z 16 rbo2qVq6PQJ5usOonqQkCT6FAKVTo6JPaU9aJrHa1Yechl32t52UTLkoOf8Rd
2020-09-16T02:04:11.930328782Z 17 rjUHz5OYZmTEnpHpu9u1YJkzPVIXfz6bO0NC1MDKFK9FtxKjzYiWazm2XDrQy
2020-09-16T02:04:11.981612994Z 18 tjCPPKJTa9IM713leCQcRMSGOmVmc8zzWLWjINq0U6zGwOa9b17S86DKJeIPF
2020-09-16T02:04:12.032445491Z 19 HFGAyiWGXCzBWQrMtgipJM7Ri2itHYzgCkZpgyCZu1u99Vt03DAViIIaojojq
2020-09-16T02:04:12.087550124Z 20 I76241U9Iy0ZA4hqiUoA3krX2fhEG6ti3bb1BuQDeefUdFc6YvI3Cl6bxUM2p
2020-09-16T02:04:12.135096878Z 21 zmTDD77pooz2bQIchaS9KkZ4K5FrwCxAjhtiKvV44RtENVAlQkzv6N3Tpx0X4
2020-09-16T02:04:12.187448722Z 22 erIzNLDJSjrMsdGLdyRIID3lW42fCIEFDGWhHQgMvl31hcoCaXnD11vQFwhX9
2020-09-16T02:04:12.238824032Z 23 mq00mtxvd7IxMLf4I22UJgpQ2Jwab90kDfT044ySnqHxPzForUOzYYLsfvshn
2020-09-16T02:04:12.289345369Z 24 TOJ75kgkKWBnSSdiTX3UMW8QSgOTkt4NaDkZQ4m2DH6Kr8Ytpo2zXGbkuknDK
2020-09-16T02:04:12.340725562Z 25 NZw4wAwNW7FzHBNMUseYVbx38EPQKm90knGj6ZUqkYL2L1j0oqIvhQKikpFz0
2020-09-16T02:04:12.391551622Z 26 X4IPXBCZS0swPoNm3sZZfcEH1xilLEmounPywFzw8tbX8am60pkLpwQeMxzJ2
2020-09-16T02:04:12.442601633Z 27 EQNHM3NnY72Qfl3G68NDfH3TtoNqgRY9mmgIGVqo68q1F9sYXFUy1R6hw1qQB
2020-09-16T02:04:12.493450618Z 28 m76DrV2A28f9fYnTAQBkMGQu6PTg9zHOhAHTelHa07Z6xySf8eq3SolNEhUGV
2020-09-16T02:04:12.544488803Z 29 27VE4RD9ar7rgvEtoVANhbFpGl1VCaF0nxpALeCa5XoQxPMUosoeUcQRhFdAn
2020-09-16T02:04:12.595331892Z 30 CvxzyHVjG5DNp7dcOWy06YmtW6BtfTHLKymjTLsi3wcDbmFialBRvuWMNItbu
2020-09-16T02:04:12.646042960Z 31 AHnR8mM03ngk6c3Hg5FyTXSFzmhwQxF0goEHIfybOtP0RXHUNitwzkTur0BMp
2020-09-16T02:04:12.697618055Z 32 cIQSTu9yMGOfPHUVJWnzbiuXjxyx9ty0wmGgr7CXIm68lfUkSFefQVUEHhnpp
2020-09-16T02:04:12.749224694Z 33 xJIeVgqeSv7hJKt2jWtysXmqpV7yDixWmvZb0LVhOK4q56JYdrEus732V1E5T
2020-09-16T02:04:12.800091242Z 34 higJwcja57d0QaRlXz4TBHlP9mGX1S5ev5xkvgvv26usiehXBfngS9eK6StCb
2020-09-16T02:04:12.851561891Z 35 aM5NU4MG2cVmuoZPRh1ugZBGcKvm9CKAJb00KwBnJi8RO5hurKY5fpdRQrTAt
2020-09-16T02:04:12.903957165Z 36 1ohF0u6uFaCuyvSiJ4vj5JTxBdWKFQOFB6fMuAV9QOixI1Au9Pu9BcGtiKGzB
2020-09-16T02:04:12.955852358Z 37 hJBQpZPWBG3EavpAL1RVI01Lgh9cXczy1SssW8lOnLgpQIfniUxSe7J1blXdU
2020-09-16T02:04:13.007364103Z 38 N5kBmI1cY6YrknD7UGvjWhrwdyjZlqcw8XPrBTGZGfcmtJ2XVu2jJxWRmPPAz
2020-09-16T02:04:13.058993645Z 39 TTqYrJrqvUeib5juTHJ75ceaRk6QNq4k9RjqMeOR4EvbqyA0FAPL6amMtyYLT
2020-09-16T02:04:13.110373396Z 40 GxJINK2A1I1B65uuNjwGP1eCkvDiLT9RJExL2DXdl74xwasJQqA81Xy52BbUb
2020-09-16T02:04:13.161701972Z 41 cwU6qs7zmDWgoIcfOysPLd5Bsha8qTr3CaHNcJZglBNEnNJtb9WiSz2JRS5ga
2020-09-16T02:04:13.212764771Z 42 Wdfldwsc5e0iUSwzBeEAccvJdbLjdvUCcNARAqTpZvjSW6PO53sVPh2ed4Ekg
2020-09-16T02:04:13.263197198Z 43 QZPRGgtQk0u4GWid5mu1f1m8O7oFzI1LCBAX32RH4KnAnXk9I08caBiIE40bU
2020-09-16T02:04:13.314901623Z 44 qK0BFZe6Y5GIpVkNAW4fDMDlxzCuwmqjX6B1BcEAQtwxFmzMcNyQBCHexN9yQ
2020-09-16T02:04:13.365275819Z 45 N10oRMOTF5q15THauJefzclVZuDeN08dejAaxYZtF89rupg545MZuJsmoZFj5
2020-09-16T02:04:13.416857477Z 46 kIMepFbTy6oPg0zvnsgeExwzVaFdzEtNg7tem1Y6IoCUcVeqmXyqlMd3pW2td
2020-09-16T02:04:13.467156923Z 47 skUnhxnddYYElVCyyajfPe10ZmqM34eEMmhxqjY2xZdLJ6CmiNrvNHqY17DuU
2020-09-16T02:04:13.518851443Z 48 6j6xHxcStgEZI1sEO6MXcmRWLV0SJ2tjgOMp2MpZGX6pRoAIplvg8A7RKGI1p
2020-09-16T02:04:13.570049137Z 49 CuhI0e4NOSgjIpA0sq8IU8W4NwEshndtj4iVEgbHmVKD2p1bA7hmm7fL6OqSr
2020-09-16T02:04:13.621425426Z 50 weMODw1JfvfKjZPDdUzZzyaUtmlxUD5Li4Y2vHIgS89Wvo0mgjBhmjUmgFlXq
2020-09-16T02:04:13.672565794Z 51 jPEUsTvwTw11XlgHAbStg2cunyBrZpu0Wta4E6iGDH6sEc2QRhRuvrhpXHHJk
2020-09-16T02:04:13.724344452Z 52 r2CeO8kKXUsMhhER8HX05eaJA3dnOpALnjwnV80AlAuo3LqV1fxoSWGkr4NrJ
2020-09-16T02:04:13.775982251Z 53 gTUjaVJYoAyBTxNYmqEaBIvDCECQbtLdgnceTq4Ymx70qWklX8KcU9Gwa2aVz
2020-09-16T02:04:13.826872760Z 54 7l3HAyD85eHx9wkPHwDUR9BWn5Xw8GV6WfVwLctBkYYEI48ETvhZvTxJRPykF
2020-09-16T02:04:13.877377594Z 55 Hlw123Yk15esUrpEDBLOzTU7PfQqS8C1mfGsCF8DgjgvP2oHHslC7YCxTmXDF
2020-09-16T02:04:13.928831888Z 56 ZIOUEvp8zDmBORkj8nn7HrykQIQbQkNcHtKWjGSBU6B8yAt9JQagv0BEBEyKJ
2020-09-16T02:04:13.979634779Z 57 gSvCoWZBuBCmctSIy5MUEH0ci8lXron9wC1JP5bbtGLXEMGSDU10e0FjXpviR
2020-09-16T02:04:14.031034972Z 58 30Wx26LVWNau47eotJovPTvWbsSjUKKbtdnAPga0nQSNpgWxHGP1y7PRpfp5S
2020-09-16T02:04:14.082703075Z 59 ropCDTXQG7qkCQCKcd7mDSUCxFd3CsRfGiColUSC7zpYdK21jga7J1mFgSuUr
2020-09-16T02:04:14.134155780Z 60 08yiLdT1eWiKHwoyy5IxzwA7NbcU9sp9TrAU3UnHBveuuE6MqlvyXNpyD413s
2020-09-16T02:04:14.185979735Z 61 sE7H9QQFA9YGopIbnbDQQUUQrOESRdDCAill4MqlV9AWrhVG7Y6GLubh6stbX
2020-09-16T02:04:14.236548319Z 62 skyonIyoRqRc2SgLR6qoybLk4AOh49rL3egaPaTW7KcCQKHMEVG1jsF5NCAC8
2020-09-16T02:04:14.287958655Z 63 8sQKw6Z5BKjwbenO3VJJtDh41llFMhC8kxfPDslHJebd9CnnFsAcOdyO2pU0z
2020-09-16T02:04:14.339287585Z 64 T3EzGxmbzJpu3XCHYBb8Pk64diQS95PpE6OqJWQi36SuxIyveL8t5kaVX1ujf
2020-09-16T02:04:14.391177049Z 65 8QBxtWwOD6P1T3a79f5zysBULjr7PAfGLQEKabJoX0E10BzLPqXDLdqEdw8EU
2020-09-16T02:04:14.442111526Z 66 tgjgwTymWGoAQnJkH6vHi18gGjKinhrNeNb2rRPLtPMSuAQMFLO0TOxH6NIXr
2020-09-16T02:04:14.493376540Z 67 XPaqbD6VIhImXV0xMSK2qMdSFwTiyv8ZQPcXjLkZIAOqCZcxgaaNO17SdxIaS
2020-09-16T02:04:14.544783556Z 68 X51AaXjOJ6zjCbGihxbq5kUMwBTgaA57QSa2sdVzQ3NTTZsaJQVu5iUDJQmbV
2020-09-16T02:04:14.596495768Z 69 7DMzY0hDwDcLd9zc3FcghVk5czbMlMmAw9WnLqkvxBVSIk1xcaDGyJtQpnTNJ
2020-09-16T02:04:14.647108848Z 70 lbcvRjM09jntfUcPIcH3bheiC1MHc3FeKDdvCzxg4kF2cTL4aR1Ieskkxj5jp
2020-09-16T02:04:14.698310677Z 71 RfGaEIvaPTJElYceYHwo55C8BM2e5hRLix8BxsoEayNndc9nA3zmt7kCwvoRk
2020-09-16T02:04:14.749788486Z 72 ZF6Jz70RSWM5LSjtPXRbamH63FA3YcGSEEhmYgp6MlZ8BVwI2dnqxs3uIFbC5
2020-09-16T02:04:14.800882820Z 73 zRUR3dR8lL12ao7gKQNpEhe7Ss08YVzO7B7whLhojKRUHHESa7WmKZFz07aIR
2020-09-16T02:04:14.851832852Z 74 ncON58xpMcLshm8XF3U9tXQxI4CXKsSzhB62iH8UTRlIFLJnxr5sUsosR4oel
2020-09-16T02:04:14.903367146Z 75 pwP1BvJX8DbS2mtgtSI9rYsNJxUdxgAQV6l52NtBAzUSSFJkfsKuou2HAJ9pI
2020-09-16T02:04:14.954873316Z 76 xH49CR6nsDWJFCwklSmoktGxhWD32S5KqwdqyQrS6zN645MxyVHNJfjHrk92G
2020-09-16T02:04:15.005639594Z 77 1CTJCVv9aKNAF2hp4tRMv1nskQLExzUJhZE2UWXHn7WdNZAd2tTauiLosPSnl
2020-09-16T02:04:15.057517383Z 78 1negyPXlXqn6xDdguBK6nT4TynTGjdcMNfm2z3RDVTSoo4wslHi4gUqbzrpRT
2020-09-16T02:04:15.108968269Z 79 vnc1NEJIPBIZ70wvPqndmLG5gNPgkHX6V5URxeU2aGjZiD4DHoI8iycUU7xbp
2020-09-16T02:04:15.159503990Z 80 C1Yfvo24wl5omGw4NCkm1VXn2GOv548yKY3CoGVoKgD5xiZycyO1OvmSUG0rz
2020-09-16T02:04:15.210899326Z 81 zNcl3eEPRTVcbswT58piupCWneO6Se0Ju3b4LdeVPvouUTOJxnSEjznNHFmP9
2020-09-16T02:04:15.262583043Z 82 9JMWJGcWeVU1gELgt9fp0dBHErg6EBjK2JT1qZQA8D5xJaPwNqS0DUAenQGKB
2020-09-16T02:04:15.314149270Z 83 k3b8sXpe2QIa0BgrC3o0rExo6IAsrgSe1HyAgcztpW0mhYO2X6aVPKPogXLsH
2020-09-16T02:04:15.365927904Z 84 67Q0BWdGsaeEvBdVEeQ8dDE6FPjUu06ZFiEsoZOv6GmydFPwrj8zlWzvPu4OK
2020-09-16T02:04:15.417691316Z 85 iLraYFB2YmroRAUR6SGaHSdtmzcV67yU1GKelo5s068kPmXC5gSWoeSLJxOCD
2020-09-16T02:04:15.468231589Z 86 u1V7LiP6iIE69Q01eXNb8Hlej4m3Cw6xx6k2n1xUB12Sc9NwtthOiMFQc33zt
2020-09-16T02:04:15.519806922Z 87 VMV7GQBAPAI9gHnkqE2LUZSmPL8lNGo2OeBuhjzppvPOwzYCUqAUFNdHF5VqZ
2020-09-16T02:04:15.570376991Z 88 KabGGdWjKAnTh9FQGWFdJEGdQRPpe1JdrpqdRiwdfnP5siWOT3lXCep1xiQS6
2020-09-16T02:04:15.621727783Z 89 U7bx744YWW3yh3183DhzmVDe6F0KHgizVKnbLdMmb4TghIyQN4gCI1VgJGkJN
2020-09-16T02:04:15.672513441Z 90 HNu7bGK5FZE6X4qczu9rwVWO9wL8v2LWh22njqRTrB9A9IbFADUvbvMEU9hg3
2020-09-16T02:04:15.723371707Z 91 6JcSnYtuLRp4Rs7SX0gjIOXQmqw3eDux3PklYqrho7ymL9kxAibDAc9B4dqoD
2020-09-16T02:04:15.774680824Z 92 cH2SB2r99c8cFllZY29bZAmWUDAvRMC3Zo2XpUANTIGMN9TRa8FQhxWd5lwZF
2020-09-16T02:04:15.826043625Z 93 S5XPpTnfJZpFJegIzGINy9FNAL29Qfy2300SsSQ5n6X8WITRsgJd3jY8hvl2s
2020-09-16T02:04:15.877818610Z 94 ElKFzt0ee4zceqaDYyfw4q1k0F0ADMYxXQ2rBkxNQlPIIR4GSNu40KUwmyeRa
2020-09-16T02:04:15.928559134Z 95 De9FvbmX7i1cXPiTNstCM722hhzpOjilHnFstFJEqiu87puZJbxF0vlPXp08D
2020-09-16T02:04:15.979170831Z 96 1uEYFsdEv96NhcBCnwLvtbrpWfZAKmc5g8Zh1eXHdkzP194KzqnK4Kr6Upbyf
2020-09-16T02:04:16.030598700Z 97 bX4JTGFfgjdJUFyS5qcwm1v9B5PSJ3ISJ7OsRRmhZNsaNCppeZY8S19TBLqGX
2020-09-16T02:04:16.082100500Z 98 mWyQfyIDet4lFFG3FObdFSfFPt8LxfgvhG7IDtV6DHd4KaGbfVA79eT7gUxcV
2020-09-16T02:04:16.133911820Z 99 0lKtTfdpsTWHHZj3dfqAv0tNXHsed74YdZJQfTTp3ydEhJaitxuPaBbAVOvPN
2020-09-16T02:04:16.184715189Z 100 USTbMdOWKpNaWmetR81kK9Czr4v8VAJBZMhiKVpf1s67SOT42DmRXzUm15Kh
2020-09-16T02:04:16.236105197Z 101 S6uICVB3FI2AMSkYLmuP6aguei9IiM0XztylnTyI5h6YoS3GSUPUk6fNOzxB
2020-09-16T02:04:16.287298467Z 102 T3d2atqdyqeTD2FYPjFHAkvQ0d4YzJ45njbrcI4opGLUuJ5LWg6lb9Asz3Mw
2020-09-16T02:04:16.339137056Z 103 6RYKOEZ9Q0p1md4IwfpkzsHRkZ4RA7Snxwr05Ve1SQXmsIMA8ZMjhmJfUORo
2020-09-16T02:04:16.390457872Z 104 UFsZHDNxAmanIxTCKfeC1WpPQfS15DwhsM0hsj01N972grYxH8X2MBbr0vlS
2020-09-16T02:04:16.441860323Z 105 UbDNJt8U1k0ULfqzw4FtIaE1lWznWVXB5SVKyn7lbgIEQgqliWRFtZEfaMGh
2020-09-16T02:04:16.493190608Z 106 rHqM0tJaRWvh46fBNtMrqpwqv7AO4EdfaKJsJmR9BCptLQoqAHB32p9St1U2
2020-09-16T02:04:16.543904404Z 107 x1VcQucm8v1kayxqJyXaKyiqGD4QrizVsRixvyneAOIAQKNHWAK7JSICqLwM
2020-09-16T02:04:16.594753134Z 108 24cuQ3HfleFGGtp3SFJDUCkPbHPIqYzgFSdfRJ6y659QCiZbyBIU7YO2m713
2020-09-16T02:04:16.646288806Z 109 Jm7hZ3Qfc6bm6MoxCMUzhAylBhlPb5wpduoHgxj1lsmlcJ2T3kiUREJE0Lpp
2020-09-16T02:04:16.697271273Z 110 otWCRXX4FlhTcJB1MyzkCLs7cyfFqGm3bilrR094lxI5i2OwbQLn6ocPeFct
2020-09-16T02:04:16.748964073Z 111 O43hqdcO37I4YiMeuKzdlb1SA42hsLp8w3evQoWbEzPnTmNrnLBCfVs3SuLq
2020-09-16T02:04:16.800256259Z 112 8lmvEyKdcY2z9pzGt6gAC9ol31N20SRek6d3J2rtyiPGclfa5Iypao4M0fqc
2020-09-16T02:04:16.852363702Z 113 jg1hiefPKBF0Wx0xGnCjNf4If3lIkEKuNkqbgACNAemTjtxKlyvT1XIjJARk
2020-09-16T02:04:16.904121619Z 114 9QaeOuX7jb3jAQ8ZGoTKBw7Cg0aPRZDmrkpcE9cVglSjit9TpgvjNcYF78ET
2020-09-16T02:04:16.956058961Z 115 Ev6UXoAVlQY3M3i1JPh28iD4aquFHTe73SD2xMfggf7Wr562EuKra5kLIupg
2020-09-16T02:04:17.008058231Z 116 K1E81sXcFSQZuBUsVdj6GXg6qZTHmEtSmVs1BjGP4oLgGLlO7NM0ljw17kJp
2020-09-16T02:04:17.060253193Z 117 Z8R25NJFzLThNHBdysTOCNLcL8nL7J12Vb1d38vImJARYlw2vdAXACVu3gED
2020-09-16T02:04:17.112145062Z 118 dPYoWpzR3EsCmMikRHMSPAsUwvizk1X66cXq98VOsKLT7CHhkaKVW9QoV8VX
2020-09-16T02:04:17.163775973Z 119 IP67bAO3E5zinPlbIH6jOgLQ3e31tCSgmjps8bqEQBV8SJ4J3FfhZwxHVpk1
2020-09-16T02:04:17.215083222Z 120 hVhcAnioxS6QVRqY8fPo5o6yUp7flx1Rm9fQcC3KphgIClQ2T6VZTwnuIFss
2020-09-16T02:04:17.266713454Z 121 D8IiYbivow5AmizPPrqcQgPwTuOI1NQTzsrMwUv0gcXmzHTUm71VzjNVliFz
2020-09-16T02:04:17.318184203Z 122 EHU1JrlDHFxmnqkck2aFoj17DIkmRIkYji7RFbOGsj5hAwOUTrsDXrvFJBwd
2020-09-16T02:04:17.369924876Z 123 D15zrrgLYUE0xfTjKrFjwue5IWNGphUnKLWPwu3mlsMou1uFoCRodHR3tQGT
2020-09-16T02:04:17.421381103Z 124 ToEJMetqOtmnAmLzUpJjCgjLE2v8bPILFsnLA0Tf6yR8pjSLP9BmUezDnSwT
2020-09-16T02:04:17.473132239Z 125 3X61hyGQmNus9JFUUzLscu4i4XdF58FGI1vioLhV4FeEWg0g2UmHhj8KSEWP
2020-09-16T02:04:17.524145925Z 126 ZKr9H6KdB82ytMlwYMA2pFtLLrsI1nLEKUfStYdcQkxsxUdANUiYcGcow2v3
2020-09-16T02:04:17.575925799Z 127 W7OOWZ33JC8qRE5X5kIoKQWuxyrEess8A9ZFSdL05ZXB0uz0XuVCzxoMb4eQ
2020-09-16T02:04:17.627273909Z 128 etvnBD4BxNDrRzPZxxtQyzqF3tkz7TYVBPGa1wKmfJUecTuWG93lKmZCSkKS
2020-09-16T02:04:17.678723054Z 129 1eqwXB8ZmnPx8Td3l9k6Hk4jVudMEnXHIVjSq7EIdxR0hqOTPhwSIhYi3h3H
2020-09-16T02:04:17.730137869Z 130 Zr4HYy3qG8sm8lp2XuvCyhhvTss1wMIrfqNmqZBKiBWMRlaivf87h5lQpBKm
2020-09-16T02:04:17.781646538Z 131 704eDTbIEbntsTyd7XWYljskcg0enIeynF04v4BTz9AKT4K9m294dAHdNf8X
2020-09-16T02:04:17.832773301Z 132 RrLhMyRI2dKIOFYnqJFbmwxJFANrjfoHh7Lox3ffCL4Z4xTBadcRLjphCV8e
2020-09-16T02:04:17.884376761Z 133 6c1yqm4cgAIjvQVAggPKUKdUJDzY0eheERaUjWS5HlDd9hdkJu0GnEqrWnLR
2020-09-16T02:04:17.935872594Z 134 CivVySIG6pQepwijCsAM3JGP2q1ReI6Ya9uBnDDLXAi3jQPoeyKgVygbSUAz
2020-09-16T02:04:17.986749480Z 135 XZj1vizbWIA4suMgfrzExuekvJBCoEfCd8UoFVCbky7CimeWtqDrGzq2ZsKH
2020-09-16T02:04:18.037708296Z 136 JW9FecxSAPHnICB0tZEKOKsm6tDmgqwwKx6IFNovmtFEDLgYWBTouagLBorb
2020-09-16T02:04:18.088981779Z 137 kWZX2nIf2EBJdAZ36It0z4i8rznwm8BS7NLWIpXeMaYHtqjxmUIMu5PXVzAX
2020-09-16T02:04:18.139410753Z 138 YmG13JytyrclHfsy1rI8APnFe6s1lXzuup7lrQrCN6aMz2FqtPeAuAkH9C5C
2020-09-16T02:04:18.191213381Z 139 GYHjUCZFeOKiwSCF7NWTA4QO0DL39MmK13sGA1LVzntWs2MIimTHyQYrK3pR
2020-09-16T02:04:18.242656710Z 140 cPeAQPNkLORzyecRymeM6xKb60U7HH5sF5NpmbhrO0wbZz5D7J12jeEdBbxZ
2020-09-16T02:04:18.293814240Z 141 V0SSa1ogQqJ9MNM6BfQxHBN7IssuTuNKP6swmRb5yExC87RzSh0hHVh9BFuI
2020-09-16T02:04:18.344499175Z 142 TKM7kyZf4xUFmMFqlI0YOjJmEUnxIJUxJprNSKgERBi6UCWKTColLCXxLdfB
2020-09-16T02:04:18.396161140Z 143 W0jzVVRe7mzhbMkQjLdglQR7WtCJ1xtWzQIsEtI7n8rJiFzDuJTrrxa752d3
2020-09-16T02:04:18.447270741Z 144 0fDZxGL9Eva6R283krl0PokpT5Qdzgl5M9VLmDugGGGPk88vOHfmLbyxqW2D
2020-09-16T02:04:18.499126298Z 145 f0qSqWHYoOq5IuTBHOrj1Pz5nY0w4QvHSg4R1w22qMFKULGg5LnY2IvOQ1Zq
2020-09-16T02:04:18.550117004Z 146 xXQj4Rbvft0fv0pCoGfu74ZEsoJVapHuuwdG6793tty4bnocEj2r0nh5DHCf
2020-09-16T02:04:18.601442322Z 147 k2fkazYJF6mhwmrghd8AbbCq20mZHdEzcVNUvm35T0cMsnkEBhItPD8nyS3q
2020-09-16T02:04:18.652966496Z 148 XQqXi5qzox3JiXjk733GkJy2tvAXRKESlPLOFFZCjCk0DS7VEIYK1qfvJaCn
2020-09-16T02:04:18.705350096Z 149 uekjmliQmdqn6boLL7N1vS8o49dZALysLOMLmwIJeJYeYvJXidYVBmCvZq6N
2020-09-16T02:04:18.756358370Z 150 QgrxcOEkzXuJlUkuTGvCXTHI0H7lQrSQRAY9r34LzDCqB7XYeeo9xFxqEfdI
2020-09-16T02:04:18.807896569Z 151 q3udb4iPa8NlI7rxlYmmioosqmyfqiJ7VjMZJk4yxeJGkqOkHZUmgiCByu0W
2020-09-16T02:04:18.857993611Z 152 n6ZNayhnpm8p9z7f2OowiPRb1XUnmmRUYbtw6M9C4MQ0qM0c1HAgWgoBrWKu
2020-09-16T02:04:18.909604527Z 153 9w4I7fSuU9qAud1m61i3kp2l5L468zhpXHVKW1mRJEdDhIen3YvFZQu00nTO
2020-09-16T02:04:18.960770393Z 154 yyHOtjD9HVmwEYqRlT428BAR4dLkIpLsidm2CHUe1Buz3KdC554MrqeUO9wX
2020-09-16T02:04:19.011475056Z 155 BNQsQ10VRLC3z5c4qqQlfEP920Xd6gIgxLS7DQW616W2exmCJFTDN41WE8hF
2020-09-16T02:04:19.062017401Z 156 IldOx3bNd0NiEKvjLSJlhSj1BpvKrw5OydlwXemDCRwdozZPPMP6tev1KbvV
2020-09-16T02:04:19.113310576Z 157 yBnU8z4ICoB3HPrdCcVJmqljQTWkQjdWurBwrJy8MHKlmcAiadLRDLZIADnF
2020-09-16T02:04:19.164939068Z 158 uGGglb8ilnKyHTaUzNTosTrrUc4cHWikZ07v5IiAWDM8wnqgpxWRGp4on5oJ
2020-09-16T02:04:19.215884713Z 159 WZHkAMrWtqpEZ4Jduo9gAm1aGCrat7rSa6FAnXPGvv6Yr5AQLmZD4kORo1yS
2020-09-16T02:04:19.266367241Z 160 AjeT48IvkeTYpKd8TpfI7MkJPtsJ9oejyZmfHfNT9Vv7RDfiB4KLiiZyNu7Y
2020-09-16T02:04:19.317917625Z 161 kkddrrbrzGi7I5InN6hDyOYHdyf6ZwB39Xtt6y6pD8ToUKqAB2AHnwY5ViIe
2020-09-16T02:04:19.369926612Z 162 8pt9NYMJ6kIEBvialscRHZqNk5p2zn97SKhGiCuki7st5Xvo6DPO3ch7dArM
2020-09-16T02:04:19.421738254Z 163 HA1qcI9GhTPsn77YkWkjAlgsyI7B1knH1740EtTA6jszHVMN980KpUHQoKse
2020-09-16T02:04:19.472293156Z 164 lq38cPQAp7xu6j7YuI9mt2pp3KeC7nT9eo14w6h2tQood7l3kah08wmRlKcw
2020-09-16T02:04:19.523936510Z 165 M1TvbFf9zGAOe7Nvpn34MmKcUbaxQSv0gCaF4MRvElI6QATIJ6eRvKEO0ZgP
2020-09-16T02:04:19.575616401Z 166 xKy5YMlTGSpXhw469MczBTsIETSdA8CbFvCekfciGlUofz64qeto2nci2PtG
2020-09-16T02:04:19.626135061Z 167 wSnEgvQyoibXBzjpcRon2ZEjYulyvzhLGu32todcz2hDflDLKc8a8QQtYzrm
2020-09-16T02:04:19.677164464Z 168 TEFEbFZCLK6ohUPByNrOC7eDIqs39QiwnxvfnIXjndMFq9i0DrgGZuDcgKWe
2020-09-16T02:04:19.729068544Z 169 d8hLg9JFKTa8YnqpeySrWbWvwnkJxqikFBxnOgh0dTiaTN0oOBC3gMHVtX17
2020-09-16T02:04:19.780751499Z 170 dPixb0Ec5bv7oG2zei9m4wEx3SiHxsRUx37oG1tx3TqiYPaX5RE0qXcs0JRP
2020-09-16T02:04:19.833066512Z 171 TqFVGeZ18N2ebpCbjU6Abn8wvGdfAk1Ka7YlPbRgB2hU1mt5aTgimn6o889n
2020-09-16T02:04:19.884651800Z 172 gaS4UIl5E7FNys18QT6yCf1kNpX1E0eH8FwAXvWj6HTmXQG2bumlzbgrNd6n
2020-09-16T02:04:19.936946335Z 173 ujTBJFqmyXJxKem8xTNC0YymKp0whBkcJMevU3zh8b4wHC9MBgq5U6bd47V7
2020-09-16T02:04:19.988428911Z 174 ag7q49A3tq1xDMi1pwZ22ocgu30lenq8zSfsisRjObhWLuZhenp8ej2VoJPZ
2020-09-16T02:04:20.039349756Z 175 3zfOliMDbLQL1sgBWAQT63OGhTg2YLTuJV7gDAhm3TDxhEEWONIKzgrU5MOp
2020-09-16T02:04:20.090470561Z 176 U4QtaTJBL3PBzSE7ia31jTBmr8UjTvKIopJFb3qdgRPKimVfGc1bmLAYPy2e
2020-09-16T02:04:20.141741511Z 177 iFJ1hPMlh6wCZbrt9YiivhGk3A0CsUlccO9tLf0AVTRIql10hSh3jyXyq8Mi
2020-09-16T02:04:20.193113191Z 178 236RfQOBFg0nI4OYQRBlcglxoHuPIvcnxmzHdq0vSr11tDQZxVOcan6GzsR8
2020-09-16T02:04:20.244901786Z 179 zdN8RfSmx20iEfx6JW3mzpS0qI7PieXM8dMkun4Gn46gKbA3p5a76KHfH3mX
2020-09-16T02:04:20.295761729Z 180 hyhYLvboNVUwE4xxATlwGnJnthHqFRuXex0ihITId5TuMfY7kOLvWrNGX3ob
2020-09-16T02:04:20.346555436Z 181 xtQSyOloOzy2Gd7m69h3nYh3PP9OncwQRnx1cvMXaVtIBcTXMzor9XfLaK9V
2020-09-16T02:04:20.397747924Z 182 wUupFX0UkUc5kNBQMIn0Ul0u5Mii0nhQ27YEBDRjyshYgCQHdPObbKGDQLkh
2020-09-16T02:04:20.448890241Z 183 ekGRHnriPiCSKBhzRJQNCn0biE8gVa2QAunjQs7X4TtAFnnVpaAx8fw7K2tO
2020-09-16T02:04:20.499756488Z 184 cezg1ZgXvzuXKe3eMqyDA8Tu9mfpIdpP4jW00Wxcj86COrZnMO2BRb6VA4Us
2020-09-16T02:04:20.550198341Z 185 xHZa3ZGscZBy1tVmkjmmQLVLcupZYFH99ayfr0zjJfswbl072kDE3uP9LNMK
2020-09-16T02:04:20.601856328Z 186 GTCJAI2Jxs9Xpsc5poyYTU2qjxlRBj2NaLherarGuHCabndO8A471TsGbGkE
2020-09-16T02:04:20.652402141Z 187 yMbXyWWNCTodMlYyxCY20NmKUBcOvWGLKbRE08U2r6ZAolTZPW4mUGb1MZ7s
2020-09-16T02:04:20.704199282Z 188 RVBU61SXZ5Hx2L5wlN2Tkh5stKjZgEUUh158L6krs7Q9SxOCXV0dav6tmnYa
2020-09-16T02:04:20.755160563Z 189 yUWxp8FdtKXmQnyNiApjRo8YjND39Nu6688JjTu6sB0ERlXBrYRewO71079F
2020-09-16T02:04:20.806769255Z 190 UNwdw53wzun6MkyZkIchuDyQ7foFDeKovK50yof9heeoh7dqwrPiatEsCYn6
2020-09-16T02:04:20.857264863Z 191 ZrzBFJ6hVf37wJxV9dGZzjVojcE2iuEhz9UPZZ3u16dzMPLTEWfiyD2feGbx
2020-09-16T02:04:20.908967837Z 192 5xwkQiCn30AcWrWOIsj8EbK45ymXdoh2HJiq0XeGqWf6woGhCE2PT73NtA2P
2020-09-16T02:04:20.960551927Z 193 83KrO7aKSFlrQHdIJYvLjvV9oCL9hNuTNJv9yOY988pbponbB1wGDXyKxwjB
2020-09-16T02:04:21.012337805Z 194 AOxQ4eoEXSmDWLNnDP65zdWNk5edAhP90SeNarjml8magX7G36C567Mk42dF
2020-09-16T02:04:21.063816102Z 195 zG3E2QxWxtlPkRSRqKFSmy4by5Gb27NqZ6gawIKhH6qDNhZPeBZuHHw4mUWr
2020-09-16T02:04:21.114855770Z 196 76n8AwMW6YfLDZOHrR8U64UiUrEE0PHjPeMoq8o5JdMdXL7hSCb7cSXIk6kI
2020-09-16T02:04:21.165102024Z 197 JiiLI5E6ZNCZUYh0m3d6XAjiAepJPc19GvMirxPADm4ZTeiojBQOzqDQIZ4k
2020-09-16T02:04:21.216483034Z 198 xYCDpTJlMbb5a5Mw325fWynAuunNe4Si82KNVqe32pcasHBGU46zmTmC1dWL
2020-09-16T02:04:21.267510841Z 199 6gaFjqy1Hh0UsWWPla5boJl91ZwMqLx6GVgfcQumcXbzLo7j4Lvrtje07sNB
2020-09-16T02:04:21.318050222Z 200 r0B5mRuzvU27vYPebeXoi475O2NSKqcczPltOLdVQ6l31z7d1VnceGfqIXPg
2020-09-16T02:04:21.369345557Z 201 NjJH9cyByXTJhTsvQG8FeRLktlDfjcVZf3k5fs8upQAnxzHrUf3l5ZMftCkU
2020-09-16T02:04:21.420826620Z 202 5dCdQpXRpZWcza1wup9StW7keii2Izhzt8QCS1XkzFl7kmoKxhZSiC3bMKd6
2020-09-16T02:04:21.472251060Z 203 oK8BI5k1FkGxUjk4QPcvVDvdwWX5JJwgaiAag2c6T4NQIvzSYfuSXBR0zV6e
2020-09-16T02:04:21.523110898Z 204 Cc3Z98cARW2rv5GOEu6Zdvc6EsDas2CsY8uCyZjSlC04gLfH3jWJvcSrckrt
2020-09-16T02:04:21.574668281Z 205 nF8kdACKTc1ctGpjKnrGaqGI7I113nKisul33VRhY6XoT5hp8Om5DIIsDWyu
2020-09-16T02:04:21.625398823Z 206 ESRsZo0uMWDsf1Wgvl5QWe9v8EwFuYt6pVliwXqEeyzyUdiX9tqLh7DJrJX7
2020-09-16T02:04:21.676987282Z 207 KUowlfRWWejAB8OAzvpTDb8wvoPBPVJNDymlNtnYp1Y15R20gJQchd9gCM4U
2020-09-16T02:04:21.728547847Z 208 xikmlfz9vhDxOoZ3mUzqyLmbuKPaY4H0tWEE0xI6UYNJP8Zylix59BYQR7hW
2020-09-16T02:04:21.780016021Z 209 nwAbxgMqBqgW2KabhapbICG9BdwvJy8rIHqFrwawIpZ2oKl4SBfsIck0jv5U
2020-09-16T02:04:21.831340032Z 210 pClPMWDSlus0WxG2ASxESrmthhTUbvpg2i4xpGAc6WFMVRd9DqOrjv3Nz9SI
2020-09-16T02:04:21.882903195Z 211 vidg54AG1uKXgii4VDO9NGoZwauCFmFUxjdzhceL6M4ETEtRCdhrALbpNBGl
2020-09-16T02:04:21.934345238Z 212 KcOMmfOfcPzyYI9OvGz2IDB7lNZN8lOta1JJHoLMtn5uFJCM9SYqSNfK4sCw
2020-09-16T02:04:21.985545834Z 213 R53TuAGtQubnPl9mDtejaOokjIm4wKnCDGXeWNDLsKOSPY5dphgo6s5UYFFo
2020-09-16T02:04:22.036655426Z 214 bER4a8oBD2tlWsau35LMh7u9j6m4gXwHIjk8PjYuxQ2MuAdtvLLHPVo8XoZq
2020-09-16T02:04:22.087691392Z 215 jSvsWI3h56YPafWjqUFGBNxOWYCVfl2VZRIa6qROuS2K5xrAzm8xsbvvKawk
2020-09-16T02:04:22.138127934Z 216 brdrXDnBU7oAlZwmxILhbPIkTugGNMsEjDJ4P120XbgjUswfaKLfjmpTxfDS
2020-09-16T02:04:22.189702621Z 217 iSJN1pVEMZpWOXPKKP1HQ8tuRiFZJMVvgYN2hwP76PySNsM30dDMgBFW1pkp
2020-09-16T02:04:22.241170349Z 218 ftxetpEkORwzQJ6AOr0CGXJG0QlMKMs2foX4kSNV35JdVjvovU5EUSMlc59U
2020-09-16T02:04:22.293017036Z 219 wMBHm8A4MZHBAmzWZLmkQOVKKjqzg0mYC2z8FmriHkoKYYCxR37drLtSXwEl
2020-09-16T02:04:22.343023799Z 220 7jNqaBSw58A9KaHdkMAxBoApHCSg4IHgjUUaR532ua4EwBLIcvXNAsuQQyuW
2020-09-16T02:04:22.394281445Z 221 QUENeM8kmcWaumfXwDkegP3kdsXLbz67UiNa0t5pLuz4IaVLd6FBLnyyCtI3
2020-09-16T02:04:22.445839943Z 222 Sr7tRe3F5oz4q4dV1Lk0Ush8QbeuvQJ3DgjclHT7ATfyk079OHNpGb6odYjD
2020-09-16T02:04:22.496809571Z 223 d63bUFEvrWk9NnyF0bWPK1ofuF7cTmMk9NiYUzWJFQ6mbuUJ5AUbpQhdamda
2020-09-16T02:04:22.547273293Z 224 sDQoENIRbPZnoCp4sGWgK6v1hmnJ8Y6NOfl1SUReMQXLEcdyBCvxAZS4xX7j
2020-09-16T02:04:22.597969068Z 225 QQnEdFdtzVqZaWfyCo8BRmPtVl4LMsK2hldndrtWvS85A8RmcQRppxot1c04
2020-09-16T02:04:22.649959504Z 226 WN5ScwR4oRGiLFnkbj6Qmi1drPLun7vHYCgXpT0VruMDaAa8p4AFZKYePbGh
2020-09-16T02:04:22.701939805Z 227 0bL69D2NrTFNilUUNpmMCH1s6M65Z5T4lCmZyE6tMEKpmjQu2yFOSJijwHbB
2020-09-16T02:04:22.753499785Z 228 ReQ1PeP9jXRARgbD7PIp80yP8DjJGD2PBJq5BV8myiqJGbXul40ix56KNYgg
2020-09-16T02:04:22.804339872Z 229 bFiQWyjz7novCcoxDgk2UZWejD8sVM56HB3sjJOPmYdBIyGKJ6HRSM2sN6Mo
2020-09-16T02:04:22.855247867Z 230 6tWeQhHumnsbaLawUKostLxrBRsObmSmzT276ouI1plgwCnbI9NhREj2ZCNA
2020-09-16T02:04:22.906641672Z 231 xft2e1jyAEeox2l1KWrJnwzcOzkgedED5SiIZkMExUO1bxRxvPhrXhbPxOze
2020-09-16T02:04:22.957431891Z 232 UcTDn49NGOIPH3mai0cwxIkdxrwvEDjyvJlfc8JWarpHaPnxmCwD8cpOwim8
2020-09-16T02:04:23.009045646Z 233 WGeWHgvy7B6WmdlnlLcYRtqkyGPZ6XXbalxFNywN4MTmIpfv9YGzBFSrkkPG
2020-09-16T02:04:23.060221709Z 234 q4mOh1S9QyKT9SsfUbGMnw2NNyMiXBog2GZU89nR8X1ySoxMQz5mHHU1hh1d
2020-09-16T02:04:23.111661365Z 235 ULURXPnYW3uGe0Yokl9lWZydz1JkSnrjpWIKUdti77IR2XyFhzfEMpfZShg5
2020-09-16T02:04:23.162949714Z 236 WmQKiRwUFFieSb1SeGfCavV7cZcLNS6PpZYo9LBdDmy7hrxomxFFwMTPAiW1
2020-09-16T02:04:23.213314543Z 237 aW17GkvYqNQsd611hCkVx1fC0e6HJ4oVsK82r6MWY4JV4gf4cmy1UY2Oh7hk
2020-09-16T02:04:23.265101746Z 238 sREy5FrGEItEYhWv4CooEI5j6NzDDCucaKUBQFq5bD676KNDASdzmAmO5aAs
2020-09-16T02:04:23.316829960Z 239 oRm7Fe9Za5JMWmgaJedM5Ld5pKz9e1Lqr5oomaJUnZPGPRECVOVcTRHSBCq6
2020-09-16T02:04:23.368202948Z 240 nk1pRqYwi7Bv2wjiDhlPy1n3zsB8wsTWesHvhiciLifNZioV1xh7rvfvR3wl
2020-09-16T02:04:23.419330821Z 241 Q2kYKkpti5hVMUXZDGjbVuTKUcGhyn1FTG6kwpxh1kXHjaPXFpPa4WascHjU
2020-09-16T02:04:23.470453103Z 242 o5Vq82vH2Cyszydw2foHg30ujVXc63VYe2x9i5Yi60RBnjUn2Ittv9KE4ZvE
2020-09-16T02:04:23.522003022Z 243 f40RMhr9ERVPhprBxLmqt1zeWWKVR2bfRSo2yGc0sywthptdiLNI3L6xUe9W
2020-09-16T02:04:23.573482576Z 244 ENeNf7aEWF0hqKD46wi9IRRaRKLpHQFqGjsdsxCSkj8vdB5DcFSRbOMGGoHS
2020-09-16T02:04:23.624695226Z 245 kM5Vtjdums5hLpa4RdEg1IgOtaJOSSaPU6iiIlQjxUHqxRSQYIclAZNclBn8
2020-09-16T02:04:23.676113847Z 246 eee8f0uR5o2sLDUK8JODFbJBGqbHhuN1c2n7WIdc3JctEhE3nHgSBNDTB1Ur
2020-09-16T02:04:23.727925541Z 247 M8YmsrM5b6WDLHszKHuoLNMYc3uJDaIs4HncDpvY9aYb16I3HU7QvLN8VJ63
2020-09-16T02:04:23.779349503Z 248 HXzSmcZFpZAaHamswffxRctAjsZqNKdlBtmWCi30b8MmBoni7IpeImt0sBrW
2020-09-16T02:04:23.830368297Z 249 Ws6qhVm45XGETJriEpkQmcemMILBNaGGVdjSNAEF0BFJUKUKCY6497dZkYWo
2020-09-16T02:04:23.881560516Z 250 eBCqHdFuUbM2wiZErRV63Brx2yiZmJKTy6BmvpjTN6UD0JwRfhVhVZu9mYud
2020-09-16T02:04:23.932413893Z 251 N1Zz8PrEbUKO5q3QTzy1QBwLvWMZ8W4X6Wjr1Yo4AdldU3uys1ue32J22rRd
2020-09-16T02:04:23.983926077Z 252 LWlDKuPQR4jB9Inri8xiFfyHOBOMfLaYocZ2hw6e0845ucl8aRZZHG5TNRwX
2020-09-16T02:04:24.035604995Z 253 3A1XncrOq6pChgYRQYGPYxK926t8PWyMu0GJqozHck5aEkIqrv2K7rzzvFXs
2020-09-16T02:04:24.086499026Z 254 xJ2TSmTGtiIFSPAzvt3aAMQycpnL8dxlMiOfHUY6hQvUhdmHZiBfS9IzI7MT
2020-09-16T02:04:24.137786023Z 255 RaFRgHKkG2bCO7n3Ksq3SLTaHDhlbxmBH3GQ3HBlepdjAYWON6dTaeAlBfhW
2020-09-16T02:04:24.188721112Z 256 oSaQhdPBEwrdJ4UiIOsjQcNFDEvXDOFNiuQO6Mb2jRhkgd4DQwlb60vZFRSx
2020-09-16T02:04:24.240021345Z 257 VbL41UfxO0esO92DkCYcSS8vBexJpgsB1SEhotqb1GQwviX9yC8b4kcrTKuZ
2020-09-16T02:04:24.291447679Z 258 bdM4t11rvQBhtBa7ZQdVYCHgcZexOQjGgW84VMZna7pQEIX2jubR9SHYEI1v
2020-09-16T02:04:24.342332330Z 259 AbRzdpYC9IQZBg8RMjZHlh5Z6ZUkPagNF6QmXCfYygFVoX9MeXAkOR1QlIM6
2020-09-16T02:04:24.393742326Z 260 GWKhj6ORMLLHwiUpFdN3UaRiMIXHr5IFepPmAwDsFbHvviXUitveU6GDQphR
2020-09-16T02:04:24.444735098Z 261 FTZkwHsbhygDFIhFenALUyavu9Ii7ro6alNmRzSRqAIrzgIglCKAWzc0uLW3
2020-09-16T02:04:24.495312560Z 262 Zz25mhwpq4T4YwIzwLelG1zxx4mJDpRZpVa7orS0AzDessUFWUJhLWNWECXD
2020-09-16T02:04:24.546893874Z 263 kPZeOQrmHDIXxtqpJ56A7yPXs4I53Ct5OxZ8DusI2hfqKLjiuGR5gOC5ptbW
2020-09-16T02:04:24.599061188Z 264 ckykahB3rsfBECpsInoiFaBqcEz9Ed0HMF2usxrfPFDf562nguvNne0SpcFz
2020-09-16T02:04:24.650695587Z 265 R354wfTlQ1JiVxhtozY96xyElWyr9HgtpQfQQ0RM50BQPqE0gbfq1LvW89r8
2020-09-16T02:04:24.702075181Z 266 XIV2MMcQ2h3RcY4dtC48NSXiDy1x3myj6wgryrEXCbEOaHPxcCiynCgqZJ0w
2020-09-16T02:04:24.752640149Z 267 ky2yx0Z9DpOj0jqlDSGM4KhfPAHSBJJbIPXmeIXTb5hAgHOGppzHMleaVCNm
2020-09-16T02:04:24.803242869Z 268 BTqGVGmxRC8RwncAF0kbo8rzQs8vdFFKTFVehRZ37tPM2Rb6s42ngscWenx0
2020-09-16T02:04:24.854882593Z 269 5TnGlVkcuE00cF8Usso17STmbI3TiFuxeKdZqr4DJ40kaFNM9sX5rbdJZHTA
2020-09-16T02:04:24.906065410Z 270 H1L5Dz5SR2sPRHJWVXmeIPOf8kQlbYThbkl9cz1OfbTrDzQUQ5l4yBDHQ5UO
2020-09-16T02:04:24.957929597Z 271 C4OoJmMs5a7wsIP79oRpOb7FLp7nBxXyFJFO63ZsSQ6ZxVcrHHmn8eu9usjA
2020-09-16T02:04:25.008932945Z 272 RkoQggpEz1XvwRn369BW5ZOy4lYzLBUIa4OBWbe7ejLTmGDObgy2XyazdwCc
2020-09-16T02:04:25.059835034Z 273 eZHneXrMEy5p6uiGCWBP5TYtknk71yxZ4sHLPhA4zJeYNwypwfakqrTMdUcD
2020-09-16T02:04:25.110575867Z 274 YuTwyKILJJ02Qu8aqIM0IYbKZBTOngZNeyVzrdVFulUVJjXFEGR8F3SnTQP4
2020-09-16T02:04:25.161559788Z 275 Q2V8eQiqb2eBZBzFCT978A3Eu6AwZ28JGiAJmXF5KI2cgAZOUHH16O4VPWLk
2020-09-16T02:04:25.212454927Z 276 2pbfLC7rvSntea35zyr09Vfpb8Rnaj0bHGlVbps5Y5LkOsrUDXvJxT27bKph
2020-09-16T02:04:25.263187671Z 277 J64bXlTmhuq37DuCitIarT42TJreWqHdlDR9euOi3z5YiF0OyaKDas0jFuY6
2020-09-16T02:04:25.314573584Z 278 UPAnivp1skPPnaqCxcBLlbk9PvW2SZEfXzdeajYrNa5BsYSXxcxGcdPjvLdH
2020-09-16T02:04:25.366288286Z 279 qKslJWYtWnF9aa7QY81w7jC4g5mUxxV7Ba7cR6wIFAZqTPWRQpUGWv7hLkMv
2020-09-16T02:04:25.418122193Z 280 Kh3bn9iqzcUtAsFNHco2Iv6spPwRDu0QKgTJSb4bKOjl1EclbubuvYVXAR2J
2020-09-16T02:04:25.470026893Z 281 yK0O8JVOjDoicZ7Kl89te8caDO73sHp1i3qcgDMQu9FXkr1S1kGW6lQ7BQq0
2020-09-16T02:04:25.521687539Z 282 PqnK2qUs4f8ndgn332GstvEo6n2iblO11hJK6RnwONMkIHNDLBk5IjsCyveP
2020-09-16T02:04:25.573252316Z 283 Ri1iIpNtIUhc9FzZ8fpHKUsVkrrDzVY7W6rEoIPndbQqQxejZGNoBvfz0v8q
2020-09-16T02:04:25.624710835Z 284 dwcKHPS9hJgKJTLnWBs1VSpQ9aaHIqD0agk5oOkPOFZrrQT2OemZvICmxbdK
2020-09-16T02:04:25.675336022Z 285 jcDs09MJJeCIX8L9pKuqCPHicZBv5KHfSvfB01JH0t94kRIjw7T9swzIgQTO
2020-09-16T02:04:25.726270643Z 286 KgGQvtf8QxMKGsCyXjOmDfboEOHznaz846bz8zyIr07UWEQf7zud97CwVzoA
2020-09-16T02:04:25.778007177Z 287 CKB5ShhA9ACS09uuxHaaXOKq6SINb6ndJhw6TPTCMqT20HnSK980nEVoL6OV
2020-09-16T02:04:25.829441764Z 288 r0pCX5ycK4lErtZFkGW2XUR8wINC23Z7GiLElzOrn6bGYVOoSzjVfMm3KSvY
2020-09-16T02:04:25.880319879Z 289 vb5ZPDk3Dmj9zVFFcdkH6L6kKzltiy6BBK231uhMe4V7geH56i7dxYNXXA2u
2020-09-16T02:04:25.931717463Z 290 SjlHZ8QNYL8fPWA89NrEOuXAKcGkw1yjhpD78himpfPEXunfmGybjyKmOlZz
2020-09-16T02:04:25.982535198Z 291 OgJ3p8VCPkZQcnWA58fPHCcl4VshYD2igPlIzhWTaRLvVuxMPc6Q4IHsqFjn
2020-09-16T02:04:26.033698799Z 292 7GgxO93Xfo6U9SAi2HimRQOwv9EXIUjLCg4nW3hBw3ip1NI0Vf9D8EUVjsOW
2020-09-16T02:04:26.084544008Z 293 Kg3scBowIpY4iRWSWcrB5e4l3LBzwNiZodLamvzXrFlVR7II7uVWDjAkr0XX
2020-09-16T02:04:26.135784682Z 294 33366iZmYKnBXYKLlp2q1bK9JtRVigXiHBJapE3Zf5naCKK5ooT3p1BJpO9F
2020-09-16T02:04:26.186111586Z 295 BIqT3JMmpaIjhpabZiH6CS01GFUEpDG8EjINUYTpElbt7oSTYWCZ4k0vCS0t
2020-09-16T02:04:26.237784484Z 296 cRuwLRC3sL7Zcb5xN3maYbdJXv7twd6Qoh5jE3pU6qLfMkaaRy1jXgoNeQus
2020-09-16T02:04:26.288796938Z 297 PsZUOpCs53Jk4g59VrT7MvIkLvnunnixxtAerT2jx8IyrGaeUPVpK6Qg2v3Y
2020-09-16T02:04:26.339414173Z 298 7xpPjec6NGi6DCoeAMB8PEnxD6Hu8ZLnEjuOW7gq0Ag4qxnGeBlRfcKIvPOI
2020-09-16T02:04:26.391198577Z 299 UyACIbRFGpzTrzuOPQrZioITL69edIlxPqLyBwNWIdPXc6Y3B8N8H155ZNFe
2020-09-16T02:04:26.442633108Z 300 UIUBoNcnvqhSRZ7NCtXaGNWOrS38APwEjUfr08jwoL6zw0mNH0zEBYOVbDZ3
2020-09-16T02:04:26.493261990Z 301 ullwsuwRXwHRNjmd16EWyMaF4NInw6jnLGkUhXWYfp7XEluu9K8u3l8QmHY5
2020-09-16T02:04:26.544811394Z 302 rddiSqH6P71JEJVGF9in6KHw04G4POYaMuaCW7yCoF4lOH34IKBtfCyrMLBj
2020-09-16T02:04:26.596135626Z 303 AnnzKMRota3RRo5n0JWOIGYBWGgmhQR5ZkDFHVhWlfwspllKquQzQKQlD6W7
2020-09-16T02:04:26.648196082Z 304 Nf9QrSudPBQu7qIVyKFxpW3191lUf9mvGI6wP7oG5cgUAazeOHKBCMNkaonD
2020-09-16T02:04:26.699259299Z 305 hCB5pgw4KuY0b3MwOKk806YkR9QwdT8md4PiqbNpwqGMdJN47RaRWwo7IWlg
2020-09-16T02:04:26.752071790Z 306 x0lqtuze1kgrcriHatd3SmF6Cqh9bwfQGCnCzG20PhXium7rUaN30uZprphp
2020-09-16T02:04:26.803511385Z 307 Sbeaolb00mnOt37OXStCVwyurlf5ZBIvwoBlOKmUwuMdWvQ3TF2t7cGKFtiL
2020-09-16T02:04:26.854863453Z 308 GriDovuj7Hd5A0Gt1xDDcKd1OdnUAfLQa1XnGk6amhu5QE9Cw02vTCQOBRQD
2020-09-16T02:04:26.905856807Z 309 BWm7IQ7kyTCg6JjzOTeUUYX7m3NsUhqsllBC7mEyeJIBV7GX4uhGaTByHFjY
2020-09-16T02:04:26.956455724Z 310 qKzDPp1QiPgGdQTfKdlDH89hb5ZJ5Pbo0gXm162Qh9oKO2j8HknSdk5yxRTD
2020-09-16T02:04:27.007779748Z 311 rqXUex0xsQV81rENIlu72NpF8pdr04UKGTSYifqh83AEWzDhHnd6ZuKn5pGI
2020-09-16T02:04:27.058451712Z 312 MI2zj4jHYtN9L5KmJ6wHhkB5XYaBOmVBg7DpWmGwRDWOIOLXJtf9eA0kB2wr
2020-09-16T02:04:27.110251425Z 313 zPuL1C0TznBTLJiSey0AfaXUgMeE80jiOv7EEyLG4n4xaBTiIyLTpuy0C1YF
2020-09-16T02:04:27.161817412Z 314 zAm2zDkK8Ta3EMjcSGgHqOQVORzJdv2gHEjfCO5oQEqq8eJU1xllFIcrc4Qz
2020-09-16T02:04:27.212573257Z 315 HRMNM0tPIztvmXIl39jkdbm53ZPm9Y9fgx0JMIu4DCkYg78sGBdknDpD2Xem
2020-09-16T02:04:27.263237418Z 316 gzroUzXZLWEvA640iy8mjs9GIgcKx2GkbI7XdT8RbvdACAl12k0BpEMf6Aiq
2020-09-16T02:04:27.314477552Z 317 ABaSteIluiqqcasBEuZ1WMVRWY9AdYFzQR3Vfs8Tfb3m3xjtu7OiYNQIfkvI
2020-09-16T02:04:27.367110290Z 318 uDvQGen0Q6SHeEN7rC7nYAlFylfjqokeCwELjcuB3x91hGPSf0LXFVDvPweh
2020-09-16T02:04:27.418740673Z 319 G4mzSy4Ty1E2pQXzY9nitatEnNknN157fPChlAuSLNCDstgVvxMH0yrY1XLt
2020-09-16T02:04:27.469832033Z 320 6jgc5IXtkCqXJDiDa8DwYwPeW8FwJXrFBGDn2xT2ZyFIFhueirSXeveJP8wo
2020-09-16T02:04:27.520231142Z 321 20nRxtFSeTu454BCwBX38UO6GiRMmvKGUQDVyuXedRuWLVuPO7FwcdPp49pD
2020-09-16T02:04:27.571583011Z 322 fQUmIh4Isc7lrqzqjZx4fVsOaWfNRDC0zVWtCmL3KITA8Sz1wHtxA6d92kOJ
2020-09-16T02:04:27.622604926Z 323 bgqxEPI4iLYsUgbrGKaELp0xFDoKG0DinauB1aU4JoqKtaAycBLiLcDkJB2E
2020-09-16T02:04:27.674235384Z 324 WzCT84vnV7ymTf2xE9C9tPQ2wgRuwOjr1cOsFpn2zk6UgHZWm6IB0riJLVEB
2020-09-16T02:04:27.726013724Z 325 QDXG68SD9o8pyKgUlxisxfzCE5uIyDghQZCnYUCimL6u6dpf93tX6owDyfkT
2020-09-16T02:04:27.776721848Z 326 E2gvKfchHPbKNbBmxSRG0ekNXv4f90GoIRlCt4fvIJAdtL1YFQpidDkvGrj3
2020-09-16T02:04:27.827305079Z 327 BD9j0omupMF3ILgBrJX1yQlXbkFWwBfvOpRWTkGwYnSOj1QnyYVlXOokpzO8
2020-09-16T02:04:27.878902391Z 328 oA0cejHLDLwafNet5HjA0QAL1QFcPw2m56kLnoj6gKBygZP2AD0LxyFEMVrs
2020-09-16T02:04:27.930172691Z 329 z3GzX15wcf46zjhJa5N52fkoMpKpZ2E3ZiOFTIC1kpSMh2W1cRD7gLmXHIaB
2020-09-16T02:04:27.981686316Z 330 oFIlSSZCkAIn2fYpQzdJs58eXXPAe5h0XqMPl5Mba2KfcyNwlT0qaHtHLnDv
2020-09-16T02:04:28.032942910Z 331 hodjsZHiff55kQ2LEsCUWXW0ocWQB9pIOgNaFS6IgbCB5wDLKfEZTr5u4R66
2020-09-16T02:04:28.084400190Z 332 HOf2FjBm72R3BFUn7z071ykckmAmfwJGW2vNLrjTF6A1m20bwdIikvHGfmbV
2020-09-16T02:04:28.135962766Z 333 mEveKN1NDWWgVGgqjo7i5OhjrhAu0eOGXN0lQ0oj8yf0zk6den8vNjptXOcY
2020-09-16T02:04:28.186663956Z 334 2C2DvEm47wosKI4FuVRZ6XGTDG5rD3Kx0zhkyEBN2oY4yRxGaZYO1BgeZtsO
2020-09-16T02:04:28.237204912Z 335 B1LTn0DzhDjHQYAHgMLcwoYOq5g8Z0MKROxtPfWceHoEVxXQa9x8py7jz42e
2020-09-16T02:04:28.288694482Z 336 AvI8BI9JPesHs5jxpdA1i9zD0gRUTIO1veRTLPECDiG71VihqmzAsfbjIpKj
2020-09-16T02:04:28.339868169Z 337 85O7m0rHBXIXG6wXuCV8FqekLeEj0Rd5E80L1jmF2jxQQmm53pOalqe7ZvsZ
2020-09-16T02:04:28.390626423Z 338 cFnygreouPm2wqiZMtl236mHfQo5uCfyhbzR7axvKfweT9yc1WycDuHloTjs
2020-09-16T02:04:28.441928223Z 339 xCwFwhTLzmFEJ7KEkjcNTYi17z5f2jkdnVDGlzCXUX0IVhbZpT5HFS0OhMQy
2020-09-16T02:04:28.493390992Z 340 A6Bqq1Dv0dqT7qNxNS4ZM4W3mxxvDyl71e2vHHBFe9RHE3DR1yuFjj2yrnZX
2020-09-16T02:04:28.544556617Z 341 AEmn4yy3f5NOLjK8w0IMNSb6L5ayQPu7H4IFLYignRoPACAh5BUgbYSkbpmR
2020-09-16T02:04:28.595814334Z 342 pojKCFXWHZ7yJPHS3BIeBlmnOBRe83tQG38DCLUfCPvuYI4Qf675ln8MSgW7
2020-09-16T02:04:28.646106765Z 343 634UsSoVpSQC6YcuRkaJtfx7lrSzXdEekgIzsrXLIeWUt5ZmV3sYVuTXIrHq
2020-09-16T02:04:28.699439580Z 344 JfJMXTANAsTcJCk6StwL0Kxz9J6X0cK9YMUpm2CUkm959Ngcd6oQyX2Dz0F1
2020-09-16T02:04:28.750479626Z 345 zE0qk2oPBli0BWwpo48xeHesjmRyqAzllaoEXPDQwfkZ16aAdztNT4YtxEoK
2020-09-16T02:04:28.801477759Z 346 uxAnV0UbX2QLdsrkP5T9c8DiZUBugbYi2cvZ8hf5vmIc9RMGVtzUkUG21qZT
2020-09-16T02:04:28.852286616Z 347 RwY45B7mxilY1IfmGuBZe8XpTDr1BIuBCVRRhGxokrgWLW0A2P39w6eqerRy
2020-09-16T02:04:28.903693050Z 348 njrWsEbDR0R6v4umwwrCoYXUrsVRh6i9Cxbxqhx21UWZZULtUrbdcDRXG8KC
2020-09-16T02:04:28.955370896Z 349 OKAS66BNSWi70t0a484XLsjEgovv7GbUwzOUgFwr0rfVHe7nKxGRdqqMLIb0
2020-09-16T02:04:29.006646933Z 350 tasvO5BTsHkbGGu8S8MfB6ZB2N1KqK4txTuMjmUbod0Q9jsWIzZ0byUVYJeD
2020-09-16T02:04:29.057846975Z 351 8DsdRzLRUIJ2Gd9dX2nXGQ6SWXyHteFzGPwPMNJ0Qxbtz9XsQJl1WFlR6g5v
2020-09-16T02:04:29.108984554Z 352 cLZ6Cw5GxZBtuQdKkNiMlW9L3HN7dZIau69MfBAFso74ezTGpbCPJGfR8VSi
2020-09-16T02:04:29.160239029Z 353 nXnuc0YSkgKdAwAnp2zHZEtKnUmxPxVMlezpRvVTLySfBswdQskEhwlnryZY
2020-09-16T02:04:29.212120001Z 354 q015UrffOM0gFzwOjVvE5EI6WrPCUnWjXBdPNVTJhPLA8Hl7OtPwY8C85TRl
2020-09-16T02:04:29.262778800Z 355 7JJiE5YKJGFwJbPwA43i9xckRaFiZC6DCav0QGRcOc54DapESqQZnf9VoPxO
2020-09-16T02:04:29.314104014Z 356 7a4LKr4xowwjqRIiuZVl2taqbfCmReMzcVYoiZ7g59McDI7biV1wJYzyIh7j
2020-09-16T02:04:29.366007666Z 357 UtS5woJeHQALhtyOjc55qlMzegEgn6zTQ8kHVgWGp7axIrK9DodXNQQmrZiG
2020-09-16T02:04:29.418161431Z 358 IG3FzABAbUOG2ipNVtBiTXPMy6cUWbdbGOUUVzTUk5CNIt0ZAIvU6nTeKaMm
2020-09-16T02:04:29.469552048Z 359 cTxIeB6uNZEnoWEfRsw07uEvOvXtyVBn996iREFuYKeoTONfdEo9jd3eliTZ
2020-09-16T02:04:29.520381453Z 360 UdMA5m9bVpab4DPMPGJvMaTxVBofUfBvx7CwEtSN4LYmRUdKryaD2j4IJspk
2020-09-16T02:04:29.571513764Z 361 RgrEflz9XXdB66SG0jjcCeySQv8xhK0zZ9SyUyIVzYzgkkFeoFOwKNFAq1eW
2020-09-16T02:04:29.623275684Z 362 jWExc7ghDMwqYOnYbEh3IrpyYg64u9lgdN3GMNIZWlJkv7Opibmf4F28K8yh
2020-09-16T02:04:29.674619642Z 363 VvPPEsqZZEGRQ7uSZBr8PngCiWTRedXRYNNRhg2XLL0KfzXJ1IRx0LArtrCW
2020-09-16T02:04:29.725716500Z 364 7fZ9ItY0rMD9wbuIq5VcyxDzm4nVgTCmyrMSy41yDKeFkJwLocq5PQYLUok8
2020-09-16T02:04:29.777015241Z 365 lQB9GPxeu3zTzwDUVH3jtSd5BGHaIPVfgYGmeOVnmahjjmvMrAouG1DN9OoL
2020-09-16T02:04:29.828409839Z 366 6FFvCy9nBTMeORcCFl8MC9yKoVpa3zVYaCuHOrZfuNCVJQdjJf1ElLksa2CL
2020-09-16T02:04:29.879313208Z 367 9XJZF8f126AL96L6j7pmoRS0XIgHbPWMQbZ8yBKyjqmfCH75E86597vJsfCU
2020-09-16T02:04:29.930570935Z 368 Ry3zc7lekt3CjA2lvCaxGRgR2acsOX6pTLLC3lV8WWlRxhhe4xqfshIcaKpH
2020-09-16T02:04:29.981196198Z 369 MnIdSYRQOOzJuoNSvyVrkmZ1pIx36sEzZORaZna1MSpG2EGqIFdnCqUOKDXt
2020-09-16T02:04:30.032873754Z 370 1g113rC1NVOam7eQyzAHgMUpYGecs8NhNGw9jfJfXdCKmSVyuaCHc17fiBx9
2020-09-16T02:04:30.084416715Z 371 jaLHAg2ancna8bMEHLq4Lp1SynwPqt1IMiIJ94Nqc6wVELB0vvtTmbiNsvDC
2020-09-16T02:04:30.136288334Z 372 730UbGPHdpeef4Gfzxia6CE8xoNbhwACOJwGpzkQQFeunzuBLcjeXCjG8ogG
2020-09-16T02:04:30.187386765Z 373 Bh4TuWniRMivJzmTCx0pBkp5ZevwLirKBTpg1aXl57TBlWsutCNy1K0EhqlD
2020-09-16T02:04:30.239344745Z 374 IjldRPWkYGNn8LQPYHjpZdtDxodmtMuISiO6CwNiQObv3LsF9G7xagbeHvRN
2020-09-16T02:04:30.291186640Z 375 nzgMVQIG0OiHk1CHhuvwvVCwsy6M0ts6kDkuPF5XGricOAMHsg9olSGCR1cj
2020-09-16T02:04:30.342227446Z 376 kpIlANBKvjUCyn6VtVnGwMLLOPk3wvz7osrzdldIb5PppMqSbEhhMtPyQ9Wc
2020-09-16T02:04:30.393971437Z 377 rYxLDZybK244RdjnUpBoJ0WZYDk2qadILT4uY64nxrncYXiGK5DlMXeVv19f
2020-09-16T02:04:30.445940310Z 378 tpq4yYElnECJ6rRUjvZDUfkNBzQ9y5s6ux488ZzZjXOnObDbc95Se3AVx5N6
2020-09-16T02:04:30.497652147Z 379 qTBvE3uuyKraYWGDYv4S3PwY2GZcNrRIURuuwAdDYBwsn1NGRb1f9jduUqHS
2020-09-16T02:04:30.549792661Z 380 XdllIJfNm3VWFab2BTIaxnLCiRW1g4j2C8EOV9szaEKjhXzhzo02HQCaLpQV
2020-09-16T02:04:30.600402694Z 381 ofTV72FoMowwf26r3QCMzBXlSK0l1A9OeBbk4BV3MKEq5VmGj7AGVPmkD2UJ
2020-09-16T02:04:30.652907186Z 382 ZZkayO8HJAFvfzZxXTHcPvyfbSJyoLT7vcmCkwryUuKOxHjhJmMVgCqCpIyK
2020-09-16T02:04:30.704475159Z 383 DHkFkwZjoBMYYKHIjAV9DN0OZDwkrgan3ac1y86oyY0A3jzprPMCJyENyvIM
2020-09-16T02:04:30.755830451Z 384 abnVsTkaUXiyFcO9xJgV4oGNy4jf4ZBhCeCBxUk6Rb6Ch41S9zjx9SvJ2cdx
2020-09-16T02:04:30.807176117Z 385 3kja0byXVkwFyZR8Cwwrc7cdir8363khg8dt0fB8PslOFVF6vq41Tv7zdpKK
2020-09-16T02:04:30.857692504Z 386 90LZOHY2GEBthr82lIJo8MmCAx0qzxIAluEjS8Uze0CNFdBWlpcNJajOYZwT
2020-09-16T02:04:30.908762802Z 387 vIwql2wpoSUPxdesz18DixeoerLqr4XhdBX5z0IOI7OJufRuyU6OjkIFME09
2020-09-16T02:04:30.960346254Z 388 2OJMtyYHPf6YUZgUW5TXofKhFoSyiml7TRthUjvhva4j65IOR0EevnzK80C8
2020-09-16T02:04:31.011751190Z 389 OigszcqtM7zL7bvLEVUCIpusZ6Bp5nWLQUXHUQBddzopiCtpo1sQavuwIp5l
2020-09-16T02:04:31.061973445Z 390 t6LviU2L7ekbpXeIt7jTTTfd9ha5oLarLvQDMbXIBIgQ7cvH20DMWxKHocAH
2020-09-16T02:04:31.113857367Z 391 r1XGtBls7kVoLiZIiQwjtT88OMVZ14phWxHlV26jhmqcuOZtG2IoaIitNuh5
2020-09-16T02:04:31.165109801Z 392 N0gxfMbVJDuPg0kCTQw6TZCNCfbFB013tXaMNYdhShCieEL4Be1d5HuIh11u
2020-09-16T02:04:31.216445968Z 393 k2BpI9mtNbMX95bNUx2mEZkDsX06BwVjlgCbysoelqKJiqgbaHf7MsbAo1FA
2020-09-16T02:04:31.267733360Z 394 9LC85ZwvtFbg9b7Lirv4R9x2WPIPqchrPLPVQ3p8lRO5KTXBCI1qDRlOttsx
2020-09-16T02:04:31.318869609Z 395 MbfTsXRL1Y0GpYgpQ1qYDbfUQGRi46ORnf5rA68eGzU0ydfWSLacNfTjTfcG
2020-09-16T02:04:31.369579194Z 396 yx6ZO8HqKcxOENBc55EvhTxZMjlUh6pFSBNMMLSvNI1yEi5qc6bk1gZVzsia
2020-09-16T02:04:31.420705693Z 397 3We3MLkmD2g5sJUMcavLGPMn8GlZeAQ7IJnkbO1adPnXMubGocN3fcMc5393
2020-09-16T02:04:31.471229928Z 398 BNU9GUrjrNQo0luwkcvXusZkEShPvgtS0E2mV81yPU2Mgi11ZHF7QUWd1I6w
2020-09-16T02:04:31.522830247Z 399 22qGSySsyppDKOjoerzpBbI8I31fUQZP8xrjGjeoBLmySQBC001dXXSaB18h
2020-09-16T02:04:31.574930358Z 400 Rpnur8hPbEVCUUNWk3A0IsBc6EXHtjyLFi7hlD4Qo4ylTc5Xtw893Zbc5nji
2020-09-16T02:04:31.626107251Z 401 A4nwKwzs5Bd5D5HaHKyY1q7Qu6JPVT93AjgWZs1ZKeDdTQoSQWsEfIrpxjQG
2020-09-16T02:04:31.677489231Z 402 zxHCOfShRcSvTAvwfmNJsv42BuUp8bifP8jSmamvqhiSb3m59KrbdB3YObdh
2020-09-16T02:04:31.728743710Z 403 u7vehf2K179pjLF87cxVpyvbGACwu9WsU36XK2428oOWzgwDYxQiaCfJbBUt
2020-09-16T02:04:31.779525595Z 404 ihyp7LV71q4SvLnJnTU369Z8dUkJME9sPSuDCkCK5XHAOyDKkTEAFHaoiQUm
2020-09-16T02:04:31.831009612Z 405 N8jPWZkivoSYrG8yhw9gAxLvPK9co4qAG5VNy5g8dGq8Dx00jXM7iIux1S4z
2020-09-16T02:04:31.881795729Z 406 5nJYwsGG8gS1qvSsqCLm03Eaqzp1RdBRiQtPVmChmZukP1y6VZkbIv4ZeH3U
2020-09-16T02:04:31.932707240Z 407 otLMPFHd6HXGQDlSCwZkCZOfevmVMe0daIlaP5hbKGp0IA4eFbvOpl9szBjb
2020-09-16T02:04:31.983463785Z 408 HdvyNx2AM3DlrDCVDxMyIJLd2QUK3cY4mozT3Kq2haETbqN4FG9we6EUe19u
2020-09-16T02:04:32.034529516Z 409 tXJKY4QPaa4LF2HORqFG1Rcep60cGkdLvRBfh2d6ckxef0o7zKGwRe6XyvL9
2020-09-16T02:04:32.085809772Z 410 XCyFLdf8vw7iDufHuyuaWd2HSyS8Djhi1x1m9IlwTrD6je7UOj1jMeRwAqfy
2020-09-16T02:04:32.136274138Z 411 8ooTrD4A2NEtfOmMsFgCopj8A8dt7yBzJPIi7ktRwG3WcsbiV3poYgfWtTfQ
2020-09-16T02:04:32.187346765Z 412 8rOqznbg2ywiTDfdOaa2cwk1XJfYaReLRIp7GHzosFnFxazpyjSm1nNmH2iK
2020-09-16T02:04:32.238854349Z 413 G41Cu0mIoRzghlvhhE8RIo2gJfXTnMHqiLCiLrZaD94FMLsDLnpRq4LoV4nK
2020-09-16T02:04:32.289882392Z 414 lGhbgqJmGTykIReDXpKE0eqs0F2tJELJnz6TZIy7DhoNxlY4a5mBjN5u4QWR
2020-09-16T02:04:32.340714134Z 415 rdPlfatqIecRgC1f45pa6Vvdvt7Xakd8PfdxI8RUn65txJoW8QnJv4gAwLr5
2020-09-16T02:04:32.391918745Z 416 axihbS7Q9lo3g2khZ7zmzYe9c6dR6naQbaZFvS5hDuGEvUPfL3RCK654gRJU
2020-09-16T02:04:32.444047827Z 417 75SBL2JrRu8koFfiPX7tYVIt0fybKdpuGvQB6idsBs3QYUb2xIr3hNLpdkZp
2020-09-16T02:04:32.495522208Z 418 kGfgYpxQzOmW9rJ9m2hOu1izMjMHOyRyjx3xQ7LvqUmMeOpe0RuwKAVNXhRA
2020-09-16T02:04:32.546458377Z 419 7YMIZZwCIEGzgLDf4R0RAk0iIpwdrlEdWzfRFQuh9f25f4FAOIxCPgX5rn8E
2020-09-16T02:04:32.597809803Z 420 fVNuEfLzDZGadJ2Y2FJaD5SbOzXOEgdca83AiFrB1jWdDBfNlB7oYibhMM3X
2020-09-16T02:04:32.648750819Z 421 71bJWgkYbrPkC0wZIBHEvTAE8Us5TPaa0qH7kylirtzt2vYM6VRMCRuwUXa2
2020-09-16T02:04:32.700278250Z 422 NGGzYoIBMesQtgFXXt9yGkQKutmV2bGdq4rI0eNeTrtcrUIbnEjrxp8R1B8g
2020-09-16T02:04:32.751273360Z 423 wWl5S5CVaLvZcpwOBng9heOFiMonfamxiNcntzmgM6tCW1WOBksM7bngOhzc
2020-09-16T02:04:32.802588947Z 424 sRNcpMOqzWD8PYCZ4NaxDyGcokH29I2nV5NYXsPU1uJieFprEVL6Z8aldgiS
2020-09-16T02:04:32.854044371Z 425 FoDu8cpmAFStxQ68wfuVEg2FEXT5XldiYFQd8HOrbr4JgcOYxrLD72FgocCx
2020-09-16T02:04:32.905677523Z 426 Qdm9SgD43oxIn7M2FhrTNbrhe9ZsSRr7ua8LArk80MhBcEIUzWtqDiT3JmmI
2020-09-16T02:04:32.956539371Z 427 YtE7fpzNXx6b51Mza3Mlq1CT2hs1SmwY7DebIMuzbepFr4kS0m8z5fUhgytF
2020-09-16T02:04:33.007927566Z 428 H6fUGDn7TQmvZkJfkRHKAdPX3S8dXTseuna7lZFNzd9mQB95dPRJY1aINRem
2020-09-16T02:04:33.060160759Z 429 PIS92xoTdWyowRJ9QcXxyrvblbp4SnfXlkuFN2KzQYd7eZNz51IBk8IW9rWq
2020-09-16T02:04:33.111924448Z 430 BcDwleLwU0Q7AzcZlElPtkpy4fZPEWwwJ1YNdA9vzfGPmSVC9pCiTq8quEax
2020-09-16T02:04:33.164125420Z 431 2HsJgweTQ4EBDhx2pZBDZYvc762C7lZKKW7HVS8Tvaz6qCNgCKkS24UmEfz3
2020-09-16T02:04:33.214514150Z 432 wjhYxF3U4l11ts35JzrCCMggKY8uH07rAqcz0F990Sp9KmjqHhEf8LwCSrpr
2020-09-16T02:04:33.265303661Z 433 6cBo7WOJA6c2uNhSZs9IoRhCQN58Z04nHbcb4OGnuxjuRbg4EduQtIKnuXhn
2020-09-16T02:04:33.317017432Z 434 DHMVYTClGAQaBuAz5icXmFi1WZwcwSo8ll2jNxZqePaT5UxVZ8CmgbLQH7hY
2020-09-16T02:04:33.368849775Z 435 JPACSawK7jaiJUokIVik2dHT3udOTT1mN7zAQUWY5DgmaM5kj3nf30bxYfrQ
2020-09-16T02:04:33.419382233Z 436 i59hA8bT587veRC7ETMTptsgMfSITYdrPiuYwpX1x2Jala5sr01PoREmTUF1
2020-09-16T02:04:33.470648045Z 437 ChWJzY3EaMl7y8cjEvKZIq0uTIoGyehc8aLvjDeC8vZeUjkGRYVYnrlGfjhk
2020-09-16T02:04:33.522205937Z 438 GL2JwGnlwV8Zhed9xQS4GwlGpMpFLb52HDuBjiM4PNnq0TSC528rGGKJ7a0u
2020-09-16T02:04:33.574147594Z 439 jXHtxtKo6xIiGcUriPlVdZR5NNajjkZDEIQLCF8CiTpyMsU9Oq3KXUY1YD71
2020-09-16T02:04:33.625931375Z 440 n2mVL6YBBGfs8mkTH9EqsbXf5AIrlh0qCfJgssDfnvLRM0pkFpfuhhwChGqN
2020-09-16T02:04:33.677264434Z 441 58gEoGcA6A7njwmypz4WhoWxze2eGmYCCQM3ntwUSaFzz9rNjlZquxC3kDfk
2020-09-16T02:04:33.728776889Z 442 8E8SWAJi5jUPtVM1Wn9I3Q2JL20ycP50MIKV8bmycQiAebSNf2fw3z8jJqoD
2020-09-16T02:04:33.779459120Z 443 qQFHuAWb0pbuVL3kHup1BCtW2FnKQzKWU69cU8btPJumaTfQaqMOnWa1j3Bf
2020-09-16T02:04:33.830778187Z 444 Dgf8hYj6G67Qt1Ha5G0B9nhqq5Wryuih7TSp6WkCKYi7XqycfL41gUthSix6
2020-09-16T02:04:33.881162124Z 445 9bGYgsNRuIAfA8jVV0ZcUFs3e8qH4UmVqNs5gUaI5YVi1A8OKwWXrXuZdLtw
2020-09-16T02:04:33.932538007Z 446 Jr5qhZtzRdTXo4hrylCgbKmhTt7j3UvIrdQikwRVdR6mcYUbfvdLtIhC0vvm
2020-09-16T02:04:33.984174632Z 447 KEcV4gDU3HvCQMxyVDZsclEnkS7jLzw5hvCJAzZsraZmq6jmW4iirrPEaGBZ
2020-09-16T02:04:34.035715392Z 448 6NTlc3XlQtSvoEnvv16sB40O1yVQFtog9AeOqBfZ7GmMRQDJ2zJ5Qo1Lzvkd
2020-09-16T02:04:34.086600269Z 449 T7TynvgYf18z9ncgBxrqArlUMd9fissCAvsB7LnO98xi78aVGvVNG3Jurcms
2020-09-16T02:04:34.137831839Z 450 uPkRXZTH7rHxYEBHgGBwvQlyMenyw5OPJyuknx7EtLPaQo6gdx6MKp1Qq4EV
2020-09-16T02:04:34.188724813Z 451 xXFkM0zg0lY7bvcC5YNOB92oH3myJPLoyXbqFrBHbAEL3xX0FUfLhZUHrkLX
2020-09-16T02:04:34.240200645Z 452 QZN1wungAmWjMGV5zvXDtJkwDv9nPFcK5rd7TK8l7FSOQYlYH7ZDbWhFJxQn
2020-09-16T02:04:34.291307939Z 453 YzXf6sCEXj9Obaob7qD8Q86mODOhj9v2Kv16Q8Y5HN4MCx7fiis8HhdD64z5
2020-09-16T02:04:34.342744647Z 454 ABflBtMOh1YZFQST8YsmmgL9B7dEDvf62WcwHUTDTJ6fYMpnyrZX2kkcX9Lq
2020-09-16T02:04:34.393631704Z 455 MSP0MEY2GRUzKWGF0BmZOTJS6D3KXWaCz5V1wKdH3yB4BqG4QoZILPBEOlMy
2020-09-16T02:04:34.444207377Z 456 U95npQ8BrzvryNr8FweSbcfDtW4oZXwoc17n7EKKgPsh5zHBAAHZjO2nkbwA
2020-09-16T02:04:34.495898271Z 457 BqipiDofjKZ0Uw2V14B84u2ZFj4ppBEJzLqUY9YPNm6fxzzItKyOrEcAl3kA
2020-09-16T02:04:34.546915938Z 458 uRJxQOmonUI2GFN3IEG318XhIZILhIqvHoX251eLOabfielCzVwCvLZDjDr9
2020-09-16T02:04:34.599181827Z 459 8n5GWETYc473CyAZ1YTKM6nzlh4i410wNLBFN9phNyWnU2vuoiQbfBMNtKh9
2020-09-16T02:04:34.651011100Z 460 EoVEDo151qE7tMK1BNXko9pLKb6BMr0sFIl9jZ6Tz08Cu69ymw7tkRxwkTV1
2020-09-16T02:04:34.701090596Z 461 8sBkqWoL919epNweeBmB01nVv7VwAdqUI5SYE0zMWTR83Cq4Bb6e3vLkda5a
2020-09-16T02:04:34.753095727Z 462 gvGD8Qq6YKYjj6ovxP6UHezzN8k1QI5YKgsaZAH5QzmQHtKKtrVV15bhfCje
2020-09-16T02:04:34.803860935Z 463 U6hbgzpq0wO9l48tsAbqrCAdXmQ1ACGB3zS9dD8lh5n4x00pql9EXe1HFo38
2020-09-16T02:04:34.854992741Z 464 vUYdTulxc5tzrhfLgCBbsHQz0pKCLZdbtxD02w9GQs0ex4Cj4YorqHAtQVir
2020-09-16T02:04:34.906662588Z 465 AwwmP3dqUOn4kBPAeXflKZTznNRDv2CuM8fCP6eSdtsezaOyxln2eX2RuiAh
2020-09-16T02:04:34.957850945Z 466 FZxeYm2HLWKDnH7VyfxLyo2qRzl1gLBKiVXJGLAarkJMFtluMnN4m6ILXEDI
2020-09-16T02:04:35.008411474Z 467 cAikWIPMUNL4uHwDcZGPGFcZoFg9pcokSuaqTOUIiaXxFJRHaQ5czRW02tyv
2020-09-16T02:04:35.059860707Z 468 X6kax0e9RdWD2QdoB9WDHbqniVYKjXyxqrKKK12EdCAtInBCinnRlJoXT5EW
2020-09-16T02:04:35.110568000Z 469 e7VBNipj2yXZd4t9akiO0JgeD1bvYZDjdg4tvmZxrquxqWfm7XV6WoVw3CP5
2020-09-16T02:04:35.161212920Z 470 TiY7iyr0c76oKSFPS90a8KGbCX345v3TKPmSPMJt1g4TzSbCMM4zCElIP0go
2020-09-16T02:04:35.212960131Z 471 3bhjjVLf1PXtMIcr2YKwUrmhmhBRY5j54iPfp55YpqkJCfAPgK6ZL5g27J1a
2020-09-16T02:04:35.263455318Z 472 NO1bVVfUQGuG17O9zmJqMrGBEmpKKOXOBmfHnF58Df4eF4q21YCcz2ZgQXDg
2020-09-16T02:04:35.314916740Z 473 pr3hEq7rGcJsingBWDdxyctxOJnRb1IxncLWNTq4HCm4TxgYH3qgOUylzo5g
2020-09-16T02:04:35.366151059Z 474 Mly1KocRMh0JeeING9fGN2B99jm6ByhiOborkekATDnnENtSurA2wxv6olMZ
2020-09-16T02:04:35.418043787Z 475 fVFaz3QBLvB4HwMT8PtA78U2yjxeQcZQtIIJ4Lfy57J4MAYlSPa6ulAAsjQ7
2020-09-16T02:04:35.468597239Z 476 X5N26lXaPlLdJRDo2wijUX7qm7j81m6HUsXnLec3qtm4AVRegqO88ETClkaG
2020-09-16T02:04:35.519193757Z 477 Y4rJvzvJMTPvKZa55hhDR1OcP2v50Ot75z0IIMJkCRnJqYpU0IESeUjtnwtz
2020-09-16T02:04:35.570516826Z 478 OFTGH3chrNlqNLDEajF1yAZ1lkHDwlDoAAb7NNsQ5FQKZkfdIqn3mSFHZ9Pv
2020-09-16T02:04:35.622461147Z 479 O64mvHpv9UpoXYO0ts5PyUgpoXzf4VhDOThAjF3jXHIQmd7Dzq4bTjZhbd10
2020-09-16T02:04:35.674050714Z 480 HAMo5I87VDDurI9MK1BsaOWlHJzVJXbSPh7qrChyBhmdwaYPg4lSCWKv41Iz
2020-09-16T02:04:35.726015582Z 481 2piBKSMpsXPyCcePKhhKLaN7G2b0n3FcphtBy8h2di9CUmppxsKROabyWKLE
2020-09-16T02:04:35.777134026Z 482 YLX4UmdHKdmEX8qLQcotiQIp0preuRoR8swsJjL91aZ4KGRwKaq7rrrAkwvE
2020-09-16T02:04:35.829190701Z 483 0qZfGJNwa427crNRocX7DiJmL83VxNTuujryFXi5m86zCNFOisVWYLMYq3Sb
2020-09-16T02:04:35.881051440Z 484 4EhQIFgTa3JtVc9yqjKuzqiss7z7SGVFFA84jSTXH43lsEF1ItCIrE8EuGFu
2020-09-16T02:04:35.932741097Z 485 qfxQxNaPuWfYe03pbeYMMUwi4iicitXjXn8NokytJ4B0JTMVQdd8Z3dJFfV5
2020-09-16T02:04:35.984127443Z 486 s7Gbw3XFrrPBs9m1f577snIq9fFeL6xGsup5V9Rn2k17EVeE9qinW7XxCTab
2020-09-16T02:04:36.035777893Z 487 Vlgrj0x1gX8ZNHcwKJmB1YJJr60XRtampRIOTUyHglF9EVVrWk9KPHxQPgla
2020-09-16T02:04:36.086376432Z 488 1xzymD91HDUb2rKab065gcuQyviyCCUZ9ycV6uLieQFGcERwzHj0DdBKRb9G
2020-09-16T02:04:36.137861048Z 489 Gf2N9wuYTM4fBCvG4dpgT2G8Y0gy4ia8V610G8xMfklGroN5u8m6TH5K0VlZ
2020-09-16T02:04:36.188161519Z 490 kBdgvYkq47xXWnXTpysJ55FyjiBYlaMO6jHnxVdLnyQCn567Yy995PMM8HQF
2020-09-16T02:04:36.239289784Z 491 9ptRvPtUDVDBo3Ph6y9ezdm1wRjvapD9mUQ2GnlGaFQqxDkZDjO44X3pcAks
2020-09-16T02:04:36.290249757Z 492 zmz0CEkWBOjRu0gTA1nv5FHVke7ndkLAKURfYNoS8kqZbIERNvygDojV7s7v
2020-09-16T02:04:36.341084663Z 493 YBzISsjvLMD7LyhK2pmckHR6fXBkKF4vEKdoVK3pTj1oLoYIWnKKWp9BTUB2
2020-09-16T02:04:36.392600793Z 494 w4tjCAcPKhYiMT9sl7RLo73TyzUw95IV24rYCOYbWcUhyGorTbiiU26y8bv4
2020-09-16T02:04:36.443961262Z 495 AUCMH2xUfZBZRBJIZAWLOS10zd5fTPOaTHefrJwMKxdfEdKhfNC9grJfMXUk
2020-09-16T02:04:36.495403665Z 496 8850an1ZAgu9BT9aULcbp1FbXbFSwCg1J8jRE7MHZst8dJKjS8PZsH2xWc2Z
2020-09-16T02:04:36.547118488Z 497 aJuhEhL0M51eYRQUbSllxuU9HbCAcLvTfNP65fGwvjuCNb03vVkryUEv8kWM
2020-09-16T02:04:36.597987063Z 498 4dE019t0DMowYNDmE00VLenphsJlyh75YN7OUvWvMHonVJwGPqBfXrmV73dC
2020-09-16T02:04:36.649336062Z 499 BD0anQD4CTp8cJVJHudB3m7Wz52daSUNQHzYYx3AOG0WIS6J8nnImM15e2Ao
