2020-09-14T21:23:43.025590258Z  running: (['/opt/scylladb/scripts/scylla_dev_mode_setup', '--developer-mode', '1'],)
2020-09-14T21:23:43.505434346Z  running: (['/opt/scylladb/scripts/scylla_io_setup'],)
2020-09-14T21:23:43.881864169Z  2020-09-14 21:23:43,881 CRIT Supervisor is running as root.  Privileges were not dropped because no user is specified in the config file.  If you intend to run as root, you can set user=root in the config file to avoid this message.
2020-09-14T21:23:43.882120029Z  2020-09-14 21:23:43,881 INFO Included extra file "/etc/supervisord.conf.d/node-exporter.conf" during parsing
2020-09-14T21:23:43.882363028Z  2020-09-14 21:23:43,882 INFO Included extra file "/etc/supervisord.conf.d/rsyslog.conf" during parsing
2020-09-14T21:23:43.882619546Z  2020-09-14 21:23:43,882 INFO Included extra file "/etc/supervisord.conf.d/scylla-housekeeping.conf" during parsing
2020-09-14T21:23:43.882901352Z  2020-09-14 21:23:43,882 INFO Included extra file "/etc/supervisord.conf.d/scylla-jmx.conf" during parsing
2020-09-14T21:23:43.883262497Z  2020-09-14 21:23:43,882 INFO Included extra file "/etc/supervisord.conf.d/scylla-server.conf" during parsing
2020-09-14T21:23:43.883304650Z  2020-09-14 21:23:43,883 INFO Included extra file "/etc/supervisord.conf.d/sshd-server.conf" during parsing
2020-09-14T21:23:43.920496392Z  2020-09-14 21:23:43,920 INFO RPC interface 'supervisor' initialized
2020-09-14T21:23:43.920590020Z  2020-09-14 21:23:43,920 CRIT Server 'inet_http_server' running without any HTTP authentication checking
2020-09-14T21:23:43.921077781Z  2020-09-14 21:23:43,920 INFO supervisord started with pid 26
2020-09-14T21:23:44.926472061Z  2020-09-14 21:23:44,925 INFO spawned: 'scylla' with pid 29
2020-09-14T21:23:44.931587331Z  2020-09-14 21:23:44,930 INFO spawned: 'scylla-housekeeping' with pid 30
2020-09-14T21:23:44.936112957Z  2020-09-14 21:23:44,935 INFO spawned: 'sshd' with pid 31
2020-09-14T21:23:44.938749486Z  2020-09-14 21:23:44,938 INFO spawned: 'scylla-jmx' with pid 32
2020-09-14T21:23:44.941841306Z  2020-09-14 21:23:44,941 INFO spawned: 'rsyslog' with pid 33
2020-09-14T21:23:44.944543191Z  2020-09-14 21:23:44,944 INFO spawned: 'node-exporter' with pid 34
2020-09-14T21:23:44.962715162Z  Generating public/private ed25519 key pair.
2020-09-14T21:23:44.962742830Z  Your identification has been saved in /etc/ssh/ssh_host_ed25519_key.
2020-09-14T21:23:44.962753536Z  Your public key has been saved in /etc/ssh/ssh_host_ed25519_key.pub.
2020-09-14T21:23:44.962763095Z  The key fingerprint is:
2020-09-14T21:23:44.962772539Z  SHA256:UkzdP2OAY/Vu9p6xb7h2qRyLLzoCHEqlxBINj/U8jIE root@dbbb4b1c2546
2020-09-14T21:23:44.962781670Z  The key's randomart image is:
2020-09-14T21:23:44.962817782Z  +--[ED25519 256]--+
2020-09-14T21:23:44.962827352Z  | o*o    .. +.    |
2020-09-14T21:23:44.962843606Z  | E++*. o  = o.   |
2020-09-14T21:23:44.962852588Z  | .ooo=  o. . o.  |
2020-09-14T21:23:44.962869973Z  |   o ...     .=  |
2020-09-14T21:23:44.962878806Z  |  . o o S    .+o |
2020-09-14T21:23:44.962899160Z  |   . o .     o . |
2020-09-14T21:23:44.962909062Z  |      .      . oo|
2020-09-14T21:23:44.962917936Z  |       . . .o =o*|
2020-09-14T21:23:44.962926554Z  |        ..o.o*o*+|
2020-09-14T21:23:44.962935166Z  +----[SHA256]-----+
2020-09-14T21:23:44.970076190Z  time="2020-09-14T21:23:44Z" level=info msg="Starting node_exporter (version=0.17.0, branch=HEAD, revision=f6f6194a436b9a63d0439abc585c76b19a206b21)" source="node_exporter.go:82"
2020-09-14T21:23:44.970119978Z  time="2020-09-14T21:23:44Z" level=info msg="Build context (go=go1.11.2, user=root@322511e06ced, date=20181130-15:51:33)" source="node_exporter.go:83"
2020-09-14T21:23:44.970131633Z  time="2020-09-14T21:23:44Z" level=info msg="Enabled collectors:" source="node_exporter.go:90"
2020-09-14T21:23:44.970141527Z  time="2020-09-14T21:23:44Z" level=info msg=" - arp" source="node_exporter.go:97"
2020-09-14T21:23:44.970158195Z  time="2020-09-14T21:23:44Z" level=info msg=" - bcache" source="node_exporter.go:97"
2020-09-14T21:23:44.970167515Z  time="2020-09-14T21:23:44Z" level=info msg=" - bonding" source="node_exporter.go:97"
2020-09-14T21:23:44.970176792Z  time="2020-09-14T21:23:44Z" level=info msg=" - conntrack" source="node_exporter.go:97"
2020-09-14T21:23:44.970191381Z  time="2020-09-14T21:23:44Z" level=info msg=" - cpu" source="node_exporter.go:97"
2020-09-14T21:23:44.970204729Z  time="2020-09-14T21:23:44Z" level=info msg=" - diskstats" source="node_exporter.go:97"
2020-09-14T21:23:44.970224669Z  time="2020-09-14T21:23:44Z" level=info msg=" - edac" source="node_exporter.go:97"
2020-09-14T21:23:44.970233519Z  time="2020-09-14T21:23:44Z" level=info msg=" - entropy" source="node_exporter.go:97"
2020-09-14T21:23:44.970242176Z  time="2020-09-14T21:23:44Z" level=info msg=" - filefd" source="node_exporter.go:97"
2020-09-14T21:23:44.970250748Z  time="2020-09-14T21:23:44Z" level=info msg=" - filesystem" source="node_exporter.go:97"
2020-09-14T21:23:44.970259313Z  time="2020-09-14T21:23:44Z" level=info msg=" - hwmon" source="node_exporter.go:97"
2020-09-14T21:23:44.970267738Z  time="2020-09-14T21:23:44Z" level=info msg=" - infiniband" source="node_exporter.go:97"
2020-09-14T21:23:44.970276271Z  time="2020-09-14T21:23:44Z" level=info msg=" - interrupts" source="node_exporter.go:97"
2020-09-14T21:23:44.970284801Z  time="2020-09-14T21:23:44Z" level=info msg=" - ipvs" source="node_exporter.go:97"
2020-09-14T21:23:44.970293363Z  time="2020-09-14T21:23:44Z" level=info msg=" - loadavg" source="node_exporter.go:97"
2020-09-14T21:23:44.970301925Z  time="2020-09-14T21:23:44Z" level=info msg=" - mdadm" source="node_exporter.go:97"
2020-09-14T21:23:44.970310627Z  time="2020-09-14T21:23:44Z" level=info msg=" - meminfo" source="node_exporter.go:97"
2020-09-14T21:23:44.970319150Z  time="2020-09-14T21:23:44Z" level=info msg=" - netclass" source="node_exporter.go:97"
2020-09-14T21:23:44.970327700Z  time="2020-09-14T21:23:44Z" level=info msg=" - netdev" source="node_exporter.go:97"
2020-09-14T21:23:44.970353648Z  time="2020-09-14T21:23:44Z" level=info msg=" - netstat" source="node_exporter.go:97"
2020-09-14T21:23:44.970364271Z  time="2020-09-14T21:23:44Z" level=info msg=" - nfs" source="node_exporter.go:97"
2020-09-14T21:23:44.970373078Z  time="2020-09-14T21:23:44Z" level=info msg=" - nfsd" source="node_exporter.go:97"
2020-09-14T21:23:44.970381761Z  time="2020-09-14T21:23:44Z" level=info msg=" - sockstat" source="node_exporter.go:97"
2020-09-14T21:23:44.970390438Z  time="2020-09-14T21:23:44Z" level=info msg=" - stat" source="node_exporter.go:97"
2020-09-14T21:23:44.970399104Z  time="2020-09-14T21:23:44Z" level=info msg=" - textfile" source="node_exporter.go:97"
2020-09-14T21:23:44.970407764Z  time="2020-09-14T21:23:44Z" level=info msg=" - time" source="node_exporter.go:97"
2020-09-14T21:23:44.970416391Z  time="2020-09-14T21:23:44Z" level=info msg=" - timex" source="node_exporter.go:97"
2020-09-14T21:23:44.970425053Z  time="2020-09-14T21:23:44Z" level=info msg=" - uname" source="node_exporter.go:97"
2020-09-14T21:23:44.970433671Z  time="2020-09-14T21:23:44Z" level=info msg=" - vmstat" source="node_exporter.go:97"
2020-09-14T21:23:44.970442268Z  time="2020-09-14T21:23:44Z" level=info msg=" - xfs" source="node_exporter.go:97"
2020-09-14T21:23:44.970451032Z  time="2020-09-14T21:23:44Z" level=info msg=" - zfs" source="node_exporter.go:97"
2020-09-14T21:23:44.970472789Z  time="2020-09-14T21:23:44Z" level=info msg="Listening on :9100" source="node_exporter.go:111"
2020-09-14T21:23:45.296983878Z  Scylla version 4.1.6-0.20200831.6d9ff622df with build-id c2ed04d00095c63b7456b5fcda6775c5a9f33b0b starting ...
2020-09-14T21:23:45.297038860Z  command used: "/usr/bin/scylla --log-to-syslog 0 --log-to-stdout 1 --default-log-level info --network-stack posix --developer-mode=1 --overprovisioned --listen-address 10.0.19.12 --rpc-address 10.0.19.12 --seed-provider-parameters seeds=10.0.19.12 --blocked-reactor-notify-ms 999999999"
2020-09-14T21:23:45.297052246Z  parsed command line options: [log-to-syslog: 0, log-to-stdout: 1, default-log-level: info, network-stack: posix, developer-mode: 1, overprovisioned, listen-address: 10.0.19.12, rpc-address: 10.0.19.12, seed-provider-parameters: seeds=10.0.19.12, blocked-reactor-notify-ms: 999999999]
2020-09-14T21:23:45.400046482Z  WARN  2020-09-14 21:23:45,399 [shard 0] seastar - Unable to set SCHED_FIFO scheduling policy for timer thread; latency impact possible. Try adding CAP_SYS_NICE
2020-09-14T21:23:45.477036991Z  Generating public/private rsa key pair.
2020-09-14T21:23:45.477070817Z  Your identification has been saved in /etc/ssh/ssh_host_rsa_key.
2020-09-14T21:23:45.477080971Z  Your public key has been saved in /etc/ssh/ssh_host_rsa_key.pub.
2020-09-14T21:23:45.477098199Z  The key fingerprint is:
2020-09-14T21:23:45.477119677Z  SHA256:kH1rI4JzIiNY0aMam5NqpDRCNhKYQ20q0szw8Qy2h2U root@dbbb4b1c2546
2020-09-14T21:23:45.477139615Z  The key's randomart image is:
2020-09-14T21:23:45.477159134Z  +---[RSA 4096]----+
2020-09-14T21:23:45.477200354Z  |ooo.             |
2020-09-14T21:23:45.477221885Z  |* ++E  o         |
2020-09-14T21:23:45.477243943Z  | X+@ .o . .      |
2020-09-14T21:23:45.477264781Z  |**O +. . . .     |
2020-09-14T21:23:45.477285655Z  |O*+.+ o S +      |
2020-09-14T21:23:45.477309961Z  |B= o + . o .     |
2020-09-14T21:23:45.477330242Z  |*..              |
2020-09-14T21:23:45.477349855Z  |o.               |
2020-09-14T21:23:45.477369466Z  |.                |
2020-09-14T21:23:45.477389386Z  +----[SHA256]-----+
2020-09-14T21:23:45.502439013Z  INFO  2020-09-14 21:23:45,501 [shard 0] init - installing SIGHUP handler
2020-09-14T21:23:45.505931149Z  Could not load host key: /etc/ssh/ssh_host_ecdsa_key
2020-09-14T21:23:45.516036361Z  INFO  2020-09-14 21:23:45,515 [shard 0] init - Scylla version 4.1.6-0.20200831.6d9ff622df with build-id c2ed04d00095c63b7456b5fcda6775c5a9f33b0b starting ...
2020-09-14T21:23:45.516060371Z  
2020-09-14T21:23:45.522134309Z  INFO  2020-09-14 21:23:45,521 [shard 0] init - starting prometheus API server
2020-09-14T21:23:45.526501653Z  INFO  2020-09-14 21:23:45,526 [shard 0] init - starting tokens manager
2020-09-14T21:23:45.526849584Z  INFO  2020-09-14 21:23:45,526 [shard 0] init - starting migration manager notifier
2020-09-14T21:23:45.527215003Z  INFO  2020-09-14 21:23:45,526 [shard 0] init - creating tracing
2020-09-14T21:23:45.528010444Z  INFO  2020-09-14 21:23:45,527 [shard 0] init - creating snitch
2020-09-14T21:23:45.531551213Z  INFO  2020-09-14 21:23:45,531 [shard 0] init - determining DNS name
2020-09-14T21:23:45.531575554Z  INFO  2020-09-14 21:23:45,531 [shard 0] init - starting API server
2020-09-14T21:23:45.532702558Z  INFO  2020-09-14 21:23:45,532 [shard 0] init - Scylla API server listening on 127.0.0.1:10000 ...
2020-09-14T21:23:45.533635789Z  INFO  2020-09-14 21:23:45,533 [shard 0] init - initializing storage service
2020-09-14T21:23:45.534363185Z  INFO  2020-09-14 21:23:45,533 [shard 0] init - starting per-shard database core
2020-09-14T21:23:45.538911657Z  WARN  2020-09-14 21:23:45,538 [shard 0] init - I/O Scheduler is not properly configured! This is a non-supported setup, and performance is expected to be unpredictably bad.
2020-09-14T21:23:45.538940236Z   Reason found: none of --max-io-requests, --io-properties and --io-properties-file are set.
2020-09-14T21:23:45.538952655Z  To properly configure the I/O Scheduler, run the scylla_io_setup utility shipped with Scylla.
2020-09-14T21:23:45.538963906Z  
2020-09-14T21:23:45.539654016Z  INFO  2020-09-14 21:23:45,539 [shard 0] init - creating and verifying directories
2020-09-14T21:23:45.665314585Z  Connecting to http://localhost:10000
2020-09-14T21:23:45.665352887Z  Starting the JMX server
2020-09-14T21:23:45.932140590Z  INFO  2020-09-14 21:23:45,931 [shard 0] database - Populating Keyspace system_schema
2020-09-14T21:23:45.932180487Z  INFO  2020-09-14 21:23:45,931 [shard 0] database - Keyspace system_schema: Reading CF computed_columns id=cc7c7069-3740-33c1-92a4-c3de78dbd2c4 version=2b8c4439-de76-31e0-807f-3b7290a975d7
2020-09-14T21:23:45.932210921Z  INFO  2020-09-14 21:23:45,931 [shard 0] database - Keyspace system_schema: Reading CF view_virtual_columns id=08843b63-45dc-3be2-9798-a0418295cfaa version=c777531c-15f7-326f-8ebe-39fd0265c8c9
2020-09-14T21:23:45.932222482Z  INFO  2020-09-14 21:23:45,931 [shard 0] database - Keyspace system_schema: Reading CF dropped_columns id=5e7583b5-f3f4-3af1-9a39-b7e1d6f5f11f version=7426bc6c-4c2f-3200-8ad8-4329610ed59a
2020-09-14T21:23:45.932562672Z  2020-09-14 21:23:45,932 INFO success: scylla entered RUNNING state, process has stayed up for > than 1 seconds (startsecs)
2020-09-14T21:23:45.932727521Z  2020-09-14 21:23:45,932 INFO success: scylla-housekeeping entered RUNNING state, process has stayed up for > than 1 seconds (startsecs)
2020-09-14T21:23:45.933039124Z  2020-09-14 21:23:45,932 INFO success: sshd entered RUNNING state, process has stayed up for > than 1 seconds (startsecs)
2020-09-14T21:23:45.933479588Z  INFO  2020-09-14 21:23:45,931 [shard 0] database - Keyspace system_schema: Reading CF indexes id=0feb57ac-311f-382f-ba6d-9024d305702f version=99c40462-8687-304e-abe3-2bdbef1f25aa
2020-09-14T21:23:45.933499506Z  INFO  2020-09-14 21:23:45,931 [shard 0] database - Keyspace system_schema: Reading CF functions id=96489b79-80be-3e14-a701-66a0b9159450 version=329ed804-55b3-3eee-ad61-d85317b96097
2020-09-14T21:23:45.933510225Z  INFO  2020-09-14 21:23:45,931 [shard 0] database - Keyspace system_schema: Reading CF columns id=24101c25-a2ae-3af7-87c1-b40ee1aca33f version=d33236d4-9bdd-3c09-abf0-a0bc5edc2526
2020-09-14T21:23:45.933524215Z  INFO  2020-09-14 21:23:45,931 [shard 0] database - Keyspace system_schema: Reading CF scylla_tables id=5d912ff1-f759-3665-b2c8-8042ab5103dd version=38e5e56b-155d-39b5-a0d2-8e5dcad42a26
2020-09-14T21:23:45.933541934Z  INFO  2020-09-14 21:23:45,931 [shard 0] database - Keyspace system_schema: Reading CF tables id=afddfb9d-bc1e-3068-8056-eed6c302ba09 version=b6240810-eeb7-36d5-9411-43b2d68dddab
2020-09-14T21:23:45.933552114Z  INFO  2020-09-14 21:23:45,931 [shard 0] database - Keyspace system_schema: Reading CF keyspaces id=abac5682-dea6-31c5-b535-b3d6cffd0fb6 version=e79ca8ba-6556-3f7d-925a-7f20cf57938c
2020-09-14T21:23:45.933562159Z  INFO  2020-09-14 21:23:45,931 [shard 0] database - Keyspace system_schema: Reading CF triggers id=4df70b66-6b05-3251-95a1-32b54005fd48 version=582d7071-1ef0-37c8-adc6-471a13636139
2020-09-14T21:23:45.933572229Z  INFO  2020-09-14 21:23:45,931 [shard 0] database - Keyspace system_schema: Reading CF views id=9786ac1c-dd58-3201-a7cd-ad556410c985 version=5b58bb47-96e7-3f57-accf-0bfca4dbbc6e
2020-09-14T21:23:45.933582465Z  INFO  2020-09-14 21:23:45,932 [shard 0] database - Keyspace system_schema: Reading CF types id=5a8b1ca8-6602-3f77-a045-9273d308917a version=de51b2ce-5e4d-3b7d-a75f-2204332ce8d1
2020-09-14T21:23:45.933592733Z  INFO  2020-09-14 21:23:45,932 [shard 0] database - Keyspace system_schema: Reading CF aggregates id=924c5587-2e3a-345b-b10c-12f37c1ba895 version=4b53e92c-0368-3d5c-b959-2ec1bfd1a59f
2020-09-14T21:23:46.225605887Z  JMX is enabled to receive remote connections on port: 7199
2020-09-14T21:23:46.225699078Z  2020-09-14 21:23:46,225 INFO success: scylla-jmx entered RUNNING state, process has stayed up for > than 1 seconds (startsecs)
2020-09-14T21:23:46.226124126Z  2020-09-14 21:23:46,225 INFO success: rsyslog entered RUNNING state, process has stayed up for > than 1 seconds (startsecs)
2020-09-14T21:23:46.226164736Z  2020-09-14 21:23:46,225 INFO success: node-exporter entered RUNNING state, process has stayed up for > than 1 seconds (startsecs)
2020-09-14T21:23:50.607427582Z  Traceback (most recent call last):
2020-09-14T21:23:50.607481852Z    File "/opt/scylladb/scripts/libexec/scylla-housekeeping", line 208, in <module>
2020-09-14T21:23:50.607511857Z      args.func(args)
2020-09-14T21:23:50.607521332Z    File "/opt/scylladb/scripts/libexec/scylla-housekeeping", line 134, in check_version
2020-09-14T21:23:50.607531132Z      current_version = sanitize_version(get_api('/storage_service/scylla_release_version'))
2020-09-14T21:23:50.607540771Z    File "/opt/scylladb/scripts/libexec/scylla-housekeeping", line 93, in get_api
2020-09-14T21:23:50.607550217Z      return get_json_from_url("http://" + api_address + path)
2020-09-14T21:23:50.607559695Z    File "/opt/scylladb/scripts/libexec/scylla-housekeeping", line 88, in get_json_from_url
2020-09-14T21:23:50.607569271Z      raise RuntimeError(f'Failed to get "{path}" due to the following error: {retval}')
2020-09-14T21:23:50.607578868Z  RuntimeError: Failed to get "http://localhost:10000/storage_service/scylla_release_version" due to the following error: HTTP Error 404: Not Found
2020-09-14T21:23:51.054453460Z  INFO  2020-09-14 21:23:51,053 [shard 0] database - Found temporary sstable directory: "/var/lib/scylla/data/system_schema/indexes-0feb57ac311f382fba6d9024d305702f/0000000000000298.sstable", removing
2020-09-14T21:23:51.054496404Z  INFO  2020-09-14 21:23:51,053 [shard 0] database - Found temporary sstable directory: "/var/lib/scylla/data/system_schema/indexes-0feb57ac311f382fba6d9024d305702f/0000000000000295.sstable", removing
2020-09-14T21:23:51.056120509Z  INFO  2020-09-14 21:23:51,054 [shard 0] database - Found temporary sstable directory: "/var/lib/scylla/data/system_schema/keyspaces-abac5682dea631c5b535b3d6cffd0fb6/0000000000000311.sstable", removing
2020-09-14T21:23:51.056157168Z  INFO  2020-09-14 21:23:51,054 [shard 0] database - Found temporary sstable directory: "/var/lib/scylla/data/system_schema/keyspaces-abac5682dea631c5b535b3d6cffd0fb6/0000000000000314.sstable", removing
2020-09-14T21:23:51.056176383Z  INFO  2020-09-14 21:23:51,054 [shard 0] database - Found temporary sstable directory: "/var/lib/scylla/data/system_schema/tables-afddfb9dbc1e30688056eed6c302ba09/0000000000000279.sstable", removing
2020-09-14T21:23:51.056194521Z  INFO  2020-09-14 21:23:51,054 [shard 0] database - Found temporary sstable directory: "/var/lib/scylla/data/system_schema/tables-afddfb9dbc1e30688056eed6c302ba09/0000000000000282.sstable", removing
2020-09-14T21:23:51.056211938Z  INFO  2020-09-14 21:23:51,054 [shard 0] database - Found temporary sstable directory: "/var/lib/scylla/data/system_schema/types-5a8b1ca866023f77a0459273d308917a/0000000000000219.sstable", removing
2020-09-14T21:23:51.056324074Z  INFO  2020-09-14 21:23:51,055 [shard 0] database - Found temporary sstable directory: "/var/lib/scylla/data/system_schema/types-5a8b1ca866023f77a0459273d308917a/0000000000000222.sstable", removing
2020-09-14T21:23:51.103448863Z  WARN  2020-09-14 21:23:51,102 [shard 0] sstable - Deleting components of sstable from system_schema.indexes of generation 295 that has a temporary TOC
2020-09-14T21:23:51.189918823Z  WARN  2020-09-14 21:23:51,189 [shard 0] sstable - Deleting components of sstable from system_schema.tables of generation 279 that has a temporary TOC
2020-09-14T21:23:51.189957756Z  WARN  2020-09-14 21:23:51,189 [shard 0] sstable - Deleting components of sstable from system_schema.keyspaces of generation 311 that has a temporary TOC
2020-09-14T21:23:51.190136267Z  WARN  2020-09-14 21:23:51,189 [shard 0] sstable - Deleting components of sstable from system_schema.types of generation 219 that has a temporary TOC
2020-09-14T21:23:51.596064389Z  WARN  2020-09-14 21:23:51,595 [shard 0] sstable - Deleting components of sstable from system_schema.indexes of generation 298 that has a temporary TOC
2020-09-14T21:23:52.118287308Z  WARN  2020-09-14 21:23:52,117 [shard 0] sstable - Deleting components of sstable from system_schema.tables of generation 282 that has a temporary TOC
2020-09-14T21:23:52.287756408Z  WARN  2020-09-14 21:23:52,287 [shard 0] sstable - Deleting components of sstable from system_schema.types of generation 222 that has a temporary TOC
2020-09-14T21:23:52.288378293Z  WARN  2020-09-14 21:23:52,287 [shard 0] sstable - Deleting components of sstable from system_schema.keyspaces of generation 314 that has a temporary TOC
2020-09-14T21:23:52.997425175Z  INFO  2020-09-14 21:23:52,995 [shard 0] database - Populating Keyspace system
2020-09-14T21:23:52.997478127Z  INFO  2020-09-14 21:23:52,995 [shard 0] database - Keyspace system: Reading CF schema_aggregates id=a5fc57fc-9d6c-3bfd-a3fc-01ad54686fea version=d06c934f-9a69-374c-86f1-523ab26fb05c
2020-09-14T21:23:52.997490314Z  INFO  2020-09-14 21:23:52,995 [shard 0] database - Keyspace system: Reading CF schema_triggers id=0359bc71-7123-3ee1-9a4a-b9dfb11fc125 version=75e4ec4c-76da-3f59-984e-66810ba0c62b
2020-09-14T21:23:52.997519267Z  INFO  2020-09-14 21:23:52,995 [shard 0] database - Keyspace system: Reading CF compaction_history id=b4dbb7b4-dc49-3fb5-b3bf-ce6e434832ca version=25cae56a-8d75-39f3-a146-3756ab4981c7
2020-09-14T21:23:52.997538348Z  INFO  2020-09-14 21:23:52,995 [shard 0] database - Keyspace system: Reading CF compactions_in_progress id=55080ab0-5d9c-3886-90a4-acb25fe1f77b version=540263f1-40db-3869-8a38-3baadedc222d
2020-09-14T21:23:52.997569318Z  INFO  2020-09-14 21:23:52,996 [shard 0] database - Keyspace system: Reading CF range_xfers id=55d76438-4e55-3f8b-9f6e-676d4af3976d version=dd15a078-409b-350d-9bef-c5f3520832d8
2020-09-14T21:23:52.997579455Z  INFO  2020-09-14 21:23:52,996 [shard 0] database - Keyspace system: Reading CF scylla_views_builds_in_progress id=a04c7bfd-1e13-36c9-a44d-f22da352281d version=e3fb736c-6956-3990-a31d-9a482279e3fc
2020-09-14T21:23:52.997589872Z  INFO  2020-09-14 21:23:52,996 [shard 0] database - Keyspace system: Reading CF IndexInfo id=9f5c6374-d485-3229-9a0a-5094af9ad1e3 version=bbb3743b-351f-3023-b4fc-09a9be37d529
2020-09-14T21:23:52.997600006Z  INFO  2020-09-14 21:23:52,996 [shard 0] database - Keyspace system: Reading CF cdc_local id=0bcaffd4-0c83-3ead-ad13-dc1d5015b77c version=0aa4d3a2-ed95-3ecd-aba0-cd75622ad290
2020-09-14T21:23:52.997610530Z  INFO  2020-09-14 21:23:52,996 [shard 0] database - Keyspace system: Reading CF schema_columnfamilies id=45f5b360-24bc-3f83-a363-1034ea4fa697 version=7f7a5fea-07b7-304d-a6f8-f7aec72cabdb
2020-09-14T21:23:52.997634252Z  INFO  2020-09-14 21:23:52,996 [shard 0] database - Keyspace system: Reading CF batchlog id=0290003c-977e-397c-ac3e-fdfdc01d626b version=e2a2e804-49e4-3597-9f16-39fd9475835c
2020-09-14T21:23:52.997647644Z  INFO  2020-09-14 21:23:52,996 [shard 0] database - Keyspace system: Reading CF schema_functions id=d1b675fe-2b50-3ca4-8e49-c0f81989dcad version=a50959dd-2be0-3e4e-8bb5-cf40796e256a
2020-09-14T21:23:52.997658419Z  INFO  2020-09-14 21:23:52,996 [shard 0] database - Keyspace system: Reading CF peer_events id=59dfeaea-8db2-3341-91ef-109974d81484 version=7f874a05-72b8-3c21-9acb-baa164fc351a
2020-09-14T21:23:52.997668680Z  INFO  2020-09-14 21:23:52,996 [shard 0] database - Keyspace system: Reading CF local id=7ad54392-bcdd-35a6-8417-4e047860b377 version=7fa82c2e-5b67-37dd-8e5e-2079e18f1536
2020-09-14T21:23:52.997678893Z  INFO  2020-09-14 21:23:52,996 [shard 0] database - Keyspace system: Reading CF clients id=ca0f635d-8630-3609-8d93-a1fc06f2a5e5 version=51273ebf-e6f9-3cd5-b455-ea09ad29796f
2020-09-14T21:23:52.997689109Z  INFO  2020-09-14 21:23:52,996 [shard 0] database - Keyspace system: Reading CF size_estimates id=618f817b-005f-3678-b8a4-53f3930b8e86 version=6d4dbcff-f05b-3dc3-95ad-f79f7b10504d
2020-09-14T21:23:52.997699169Z  INFO  2020-09-14 21:23:52,996 [shard 0] database - Keyspace system: Reading CF large_partitions id=8a7fe624-96b0-34b1-b90e-f71bddcdd2d3 version=04fa9920-9369-3a96-be39-6dd9fdc816b6
2020-09-14T21:23:52.997709249Z  INFO  2020-09-14 21:23:52,996 [shard 0] database - Keyspace system: Reading CF schema_columns id=296e9c04-9bec-3085-827d-c17d3df2122a version=53cfbb66-ee0d-37be-97bb-b2afb3746f85
2020-09-14T21:23:52.997719289Z  INFO  2020-09-14 21:23:52,996 [shard 0] database - Keyspace system: Reading CF built_views id=4b3c50a9-ea87-3d76-9101-6dbc9c38494a version=a28aa0b3-6def-30a7-9fbe-ce78b3f3c9b9
2020-09-14T21:23:52.997729392Z  INFO  2020-09-14 21:23:52,996 [shard 0] database - Keyspace system: Reading CF peers id=37f71aca-7dc2-383b-a706-72528af04d4f version=f6f6871f-8c86-3eca-ac0b-2a2e848e395d
2020-09-14T21:23:52.997739304Z  INFO  2020-09-14 21:23:52,996 [shard 0] database - Keyspace system: Reading CF hints id=2666e205-73ef-38b3-90fe-fecf96e8f0c7 version=0b74fdd1-e96d-309e-a14e-a5bcd7ac885d
2020-09-14T21:23:52.997749192Z  INFO  2020-09-14 21:23:52,996 [shard 0] database - Keyspace system: Reading CF large_rows id=40550f66-0858-39a0-9430-f27fc08034e9 version=aee3acb0-7926-317b-848e-db7bc3721695
2020-09-14T21:23:52.997759171Z  INFO  2020-09-14 21:23:52,996 [shard 0] database - Keyspace system: Reading CF large_cells id=ead8bbc5-f146-3ae1-9f71-0b11f9a1d296 version=0d4a6937-a781-3f87-a192-b4e4a4a40acf
2020-09-14T21:23:52.997770550Z  INFO  2020-09-14 21:23:52,996 [shard 0] database - Keyspace system: Reading CF scylla_local id=2972ec7f-fb20-38dd-aac1-d876f2e3fcbd version=5f0b407d-eedf-3845-a48e-dbb9673d10e1
2020-09-14T21:23:52.997781379Z  INFO  2020-09-14 21:23:52,996 [shard 0] database - Keyspace system: Reading CF views_builds_in_progress id=b7f2c108-78cd-3c80-9cd5-d609b2bd149c version=b905cce5-1474-3085-819a-7592453e2fb9
2020-09-14T21:23:52.997791727Z  INFO  2020-09-14 21:23:52,996 [shard 0] database - Keyspace system: Reading CF schema_usertypes id=3aa75225-4f82-350b-8d5c-430fa221fa0a version=3c53e6bb-56d5-3618-a0b2-4ff5f18127d7
2020-09-14T21:23:52.997808390Z  INFO  2020-09-14 21:23:52,996 [shard 0] database - Keyspace system: Reading CF sstable_activity id=5a1ff267-ace0-3f12-8563-cfae6103c65e version=bdec57a3-b234-334b-be9c-7b1f33113995
2020-09-14T21:23:52.997819361Z  INFO  2020-09-14 21:23:52,996 [shard 0] database - Keyspace system: Reading CF truncated id=38c19fd0-fb86-3310-a4b7-0d0cc66628aa version=6da9a85c-7ae0-3917-aead-54a2f65a57a8
2020-09-14T21:23:52.997829676Z  INFO  2020-09-14 21:23:52,996 [shard 0] database - Keyspace system: Reading CF paxos id=b7b7f0c2-fd0a-3410-8c05-3ef614bb7c2d version=6dd372de-72fb-3e1b-9b8c-f97738a67fe9
2020-09-14T21:23:52.997839900Z  INFO  2020-09-14 21:23:52,996 [shard 0] database - Keyspace system: Reading CF schema_keyspaces id=b0f22357-4458-3cdb-9631-c43e59ce3676 version=84d28cef-59f9-34a9-9be5-31c684997f03
2020-09-14T21:24:03.907189623Z  INFO  2020-09-14 21:24:03,906 [shard 0] database - Found temporary sstable directory: "/var/lib/scylla/data/system/large_cells-ead8bbc5f1463ae19f710b11f9a1d296/0000000000000007.sstable", removing
2020-09-14T21:24:03.932918611Z  WARN  2020-09-14 21:24:03,932 [shard 0] sstable - Deleting components of sstable from system.large_cells of generation 7 that has a temporary TOC
2020-09-14T21:24:04.092665522Z  INFO  2020-09-14 21:24:04,092 [shard 0] init - starting gossip
2020-09-14T21:24:04.092971524Z  WARN  2020-09-14 21:24:04,092 [shard 0] init - Using default cluster name is not recommended. Using a unique cluster name will reduce the chance of adding nodes to the wrong cluster by mistake
2020-09-14T21:24:04.093547333Z  INFO  2020-09-14 21:24:04,093 [shard 0] init - starting storage proxy
2020-09-14T21:24:04.104310681Z  INFO  2020-09-14 21:24:04,103 [shard 0] init - creating hints manager
2020-09-14T21:24:04.104768913Z  INFO  2020-09-14 21:24:04,104 [shard 3] init - creating hints manager
2020-09-14T21:24:04.105023643Z  INFO  2020-09-14 21:24:04,104 [shard 1] init - creating hints manager
2020-09-14T21:24:04.105470175Z  INFO  2020-09-14 21:24:04,105 [shard 2] init - creating hints manager
2020-09-14T21:24:04.105959244Z  INFO  2020-09-14 21:24:04,105 [shard 0] init - starting migration manager
2020-09-14T21:24:04.106389624Z  INFO  2020-09-14 21:24:04,106 [shard 0] init - starting query processor
2020-09-14T21:24:04.107887688Z  INFO  2020-09-14 21:24:04,107 [shard 0] init - initializing batchlog manager
2020-09-14T21:24:04.112397751Z  INFO  2020-09-14 21:24:04,112 [shard 0] legacy_schema_migrator - Moving 0 keyspaces from legacy schema tables to the new schema keyspace (system_schema)
2020-09-14T21:24:04.112843288Z  INFO  2020-09-14 21:24:04,112 [shard 0] legacy_schema_migrator - Dropping legacy schema tables
2020-09-14T21:24:15.922039637Z  INFO  2020-09-14 21:24:15,921 [shard 0] legacy_schema_migrator - Completed migration of legacy schema tables
2020-09-14T21:24:15.925121080Z  INFO  2020-09-14 21:24:15,924 [shard 0] init - loading system sstables
2020-09-14T21:24:30.031119811Z  INFO  2020-09-14 21:24:30,030 [shard 0] init - loading non-system sstables
2020-09-14T21:24:37.856387487Z  INFO  2020-09-14 21:24:37,855 [shard 0] database - Populating Keyspace dt
2020-09-14T21:24:37.856429207Z  INFO  2020-09-14 21:24:37,855 [shard 0] database - Keyspace dt: Reading CF element_twin_idx_index id=630ae8b0-d77b-11ea-9877-000000000001 version=bc3026fd-bc4e-318d-b6f4-ca0b566cb74b
2020-09-14T21:24:37.856454604Z  INFO  2020-09-14 21:24:37,856 [shard 0] database - Keyspace dt: Reading CF source_element_idx_index id=68593f10-d77b-11ea-9877-000000000001 version=33e3f927-f730-3081-88e1-6bed2962e42a
2020-09-14T21:24:37.856465637Z  INFO  2020-09-14 21:24:37,856 [shard 0] database - Keyspace dt: Reading CF source id=65ff2270-d77b-11ea-9877-000000000001 version=5f8471b7-7d19-31d4-9be5-0f153affb0bb
2020-09-14T21:24:37.856920319Z  INFO  2020-09-14 21:24:37,856 [shard 0] database - Keyspace dt: Reading CF source_data id=6af6cd50-d77b-11ea-9877-000000000001 version=b52400e3-b307-3141-b3fc-e5d63573f135
2020-09-14T21:24:37.856946402Z  INFO  2020-09-14 21:24:37,856 [shard 0] database - Keyspace dt: Reading CF element id=607549b0-d77b-11ea-9877-000000000001 version=f44a6c4b-69d8-37f2-b116-7260740acc6c
2020-09-14T21:24:37.856957304Z  INFO  2020-09-14 21:24:37,856 [shard 0] database - Keyspace dt: Reading CF twin id=5e00c740-d77b-11ea-9877-000000000001 version=6240633e-c8cc-3fea-a1e3-452eff1b9659
2020-09-14T21:24:37.856967002Z  INFO  2020-09-14 21:24:37,856 [shard 0] database - Keyspace dt: Reading CF user id=5c294820-d77b-11ea-9877-000000000001 version=02cce273-02f1-3e6a-8674-f1016e3f22d7
2020-09-14T21:24:37.856976522Z  INFO  2020-09-14 21:24:37,856 [shard 0] database - Populating Keyspace system_distributed
2020-09-14T21:24:37.856985842Z  INFO  2020-09-14 21:24:37,856 [shard 0] database - Keyspace system_distributed: Reading CF view_build_status id=5582b59f-8e4e-35e1-b913-3acada51eb04 version=e0b6e628-60e0-39a2-ada0-9b6c13bdd9bc
2020-09-14T21:24:37.856995723Z  INFO  2020-09-14 21:24:37,856 [shard 0] database - Keyspace system_distributed: Reading CF cdc_generations id=6a4df139-00b6-3d21-9efc-dade266dc3b7 version=2511b46b-df1d-39fa-9a77-f5cacf88af47
2020-09-14T21:24:37.857005475Z  INFO  2020-09-14 21:24:37,856 [shard 0] database - Keyspace system_distributed: Reading CF cdc_streams id=07405732-4620-34d6-a85e-947248dad9a4 version=b606cfa4-a37b-32bd-a624-e05cab2bed3c
2020-09-14T21:24:37.857015067Z  INFO  2020-09-14 21:24:37,856 [shard 0] database - Populating Keyspace system_auth
2020-09-14T21:24:37.857024242Z  INFO  2020-09-14 21:24:37,856 [shard 0] database - Keyspace system_auth: Reading CF roles id=5bc52802-de25-35ed-aeab-188eecebb090 version=d8f599da-7544-3f57-aa58-b229deea93e0
2020-09-14T21:24:37.857033747Z  INFO  2020-09-14 21:24:37,856 [shard 0] database - Keyspace system_auth: Reading CF role_members id=0ecdaa87-f8fb-3e60-88d1-74fb36fe5c0d version=2923b5bb-f2f8-36e8-9e73-19019900010c
2020-09-14T21:24:37.857043242Z  INFO  2020-09-14 21:24:37,856 [shard 0] database - Populating Keyspace system_traces
2020-09-14T21:24:37.857052415Z  INFO  2020-09-14 21:24:37,856 [shard 0] database - Keyspace system_traces: Reading CF sessions id=c5e99f16-8677-3914-b17e-960613512345 version=e0fc4b06-6cba-3b7b-bfb6-b42a77c370a9
2020-09-14T21:24:37.857063059Z  INFO  2020-09-14 21:24:37,856 [shard 0] database - Keyspace system_traces: Reading CF node_slow_log_time_idx id=f9706768-aa1e-3d87-9e5c-51a3927c2870 version=eaffc0bb-7b2c-3b64-8924-d8ba685120bc
2020-09-14T21:24:37.857073219Z  INFO  2020-09-14 21:24:37,856 [shard 0] database - Keyspace system_traces: Reading CF sessions_time_idx id=0ebf001c-c1d1-3693-9a63-c3d96ac53318 version=cd5d1e5f-1f42-3b9d-a8ba-3af39d59a7d5
2020-09-14T21:24:37.857094480Z  INFO  2020-09-14 21:24:37,856 [shard 0] database - Keyspace system_traces: Reading CF events id=8826e8e9-e16a-3728-8753-3bc1fc713c25 version=41a6b26e-a03b-3ae1-8a4a-b9446e7f9304
2020-09-14T21:24:37.857105428Z  INFO  2020-09-14 21:24:37,856 [shard 0] database - Keyspace system_traces: Reading CF node_slow_log id=bfcc4e62-5b63-3aa1-a1c3-6f5e47f3325c version=23e7a411-8414-340f-854d-20a3a637e438
2020-09-14T21:24:43.832673506Z  INFO  2020-09-14 21:24:43,832 [shard 0] init - starting view update generator
2020-09-14T21:24:43.833258640Z  INFO  2020-09-14 21:24:43,833 [shard 0] init - discovering staging sstables
2020-09-14T21:24:43.834204670Z  INFO  2020-09-14 21:24:43,833 [shard 0] init - setting up system keyspace
2020-09-14T21:24:43.853282565Z  INFO  2020-09-14 21:24:43,852 [shard 0] init - starting commit log
2020-09-14T21:24:43.853314603Z  INFO  2020-09-14 21:24:43,852 [shard 0] init - replaying commit log
2020-09-14T21:24:43.857096299Z  INFO  2020-09-14 21:24:43,856 [shard 0] commitlog_replayer - Replaying /var/lib/scylla/commitlog/CommitLog-1-54043195887629207.log, /var/lib/scylla/commitlog/CommitLog-1-359183251.log, /var/lib/scylla/commitlog/CommitLog-1-54043195887629206.log, /var/lib/scylla/commitlog/CommitLog-1-359183253.log, /var/lib/scylla/commitlog/CommitLog-1-18014398868665236.log, /var/lib/scylla/commitlog/CommitLog-1-359183252.log, /var/lib/scylla/commitlog/CommitLog-1-36028797378147222.log, /var/lib/scylla/commitlog/CommitLog-1-36028797378147221.log, /var/lib/scylla/commitlog/CommitLog-1-18014398868665237.log, /var/lib/scylla/commitlog/CommitLog-1-36028797378147220.log, /var/lib/scylla/commitlog/CommitLog-1-54043195887629205.log
2020-09-14T21:24:59.260275258Z  INFO  2020-09-14 21:24:59,259 [shard 0] commitlog_replayer - Log replay complete, 52180 replayed mutations (0 invalid, 1276 skipped)
2020-09-14T21:24:59.261097491Z  INFO  2020-09-14 21:24:59,260 [shard 0] init - replaying commit log - flushing memtables
2020-09-14T21:25:12.616491780Z  INFO  2020-09-14 21:25:12,615 [shard 0] init - replaying commit log - removing old commitlog segments
2020-09-14T21:25:12.618358721Z  INFO  2020-09-14 21:25:12,617 [shard 0] compaction - Compacting [/var/lib/scylla/data/system/compaction_history-b4dbb7b4dc493fb5b3bfce6e434832ca/mc-340-big-Data.db:level=0, /var/lib/scylla/data/system/compaction_history-b4dbb7b4dc493fb5b3bfce6e434832ca/mc-344-big-Data.db:level=0, /var/lib/scylla/data/system/compaction_history-b4dbb7b4dc493fb5b3bfce6e434832ca/mc-336-big-Data.db:level=0, ]
2020-09-14T21:25:12.619064634Z  INFO  2020-09-14 21:25:12,618 [shard 1] compaction - Compacting [/var/lib/scylla/data/system/clients-ca0f635d863036098d93a1fc06f2a5e5/mc-69-big-Data.db:level=0, /var/lib/scylla/data/system/clients-ca0f635d863036098d93a1fc06f2a5e5/mc-101-big-Data.db:level=0, /var/lib/scylla/data/system/clients-ca0f635d863036098d93a1fc06f2a5e5/mc-73-big-Data.db:level=0, /var/lib/scylla/data/system/clients-ca0f635d863036098d93a1fc06f2a5e5/mc-97-big-Data.db:level=0, /var/lib/scylla/data/system/clients-ca0f635d863036098d93a1fc06f2a5e5/mc-93-big-Data.db:level=0, /var/lib/scylla/data/system/clients-ca0f635d863036098d93a1fc06f2a5e5/mc-161-big-Data.db:level=0, /var/lib/scylla/data/system/clients-ca0f635d863036098d93a1fc06f2a5e5/mc-133-big-Data.db:level=0, /var/lib/scylla/data/system/clients-ca0f635d863036098d93a1fc06f2a5e5/mc-121-big-Data.db:level=0, /var/lib/scylla/data/system/clients-ca0f635d863036098d93a1fc06f2a5e5/mc-89-big-Data.db:level=0, /var/lib/scylla/data/system/clients-ca0f635d863036098d93a1fc06f2a5e5/mc-157-big-Data.db:level=0, /var/lib/scylla/data/system/clients-ca0f635d863036098d93a1fc06f2a5e5/mc-125-big-Data.db:level=0, /var/lib/scylla/data/system/clients-ca0f635d863036098d93a1fc06f2a5e5/mc-113-big-Data.db:level=0, /var/lib/scylla/data/system/clients-ca0f635d863036098d93a1fc06f2a5e5/mc-145-big-Data.db:level=0, /var/lib/scylla/data/system/clients-ca0f635d863036098d93a1fc06f2a5e5/mc-149-big-Data.db:level=0, /var/lib/scylla/data/system/clients-ca0f635d863036098d93a1fc06f2a5e5/mc-141-big-Data.db:level=0, /var/lib/scylla/data/system/clients-ca0f635d863036098d93a1fc06f2a5e5/mc-137-big-Data.db:level=0, /var/lib/scylla/data/system/clients-ca0f635d863036098d93a1fc06f2a5e5/mc-85-big-Data.db:level=0, /var/lib/scylla/data/system/clients-ca0f635d863036098d93a1fc06f2a5e5/mc-117-big-Data.db:level=0, /var/lib/scylla/data/system/clients-ca0f635d863036098d93a1fc06f2a5e5/mc-105-big-Data.db:level=0, /var/lib/scylla/data/system/clients-ca0f635d863036098d93a1fc06f2a5e5/mc-153-big-Data.db:level=0, /var/lib/scylla/data/system/clients-ca0f635d863036098d93a1fc06f2a5e5/mc-109-big-Data.db:level=0, /var/lib/scylla/data/system/clients-ca0f635d863036098d93a1fc06f2a5e5/mc-81-big-Data.db:level=0, /var/lib/scylla/data/system/clients-ca0f635d863036098d93a1fc06f2a5e5/mc-129-big-Data.db:level=0, /var/lib/scylla/data/system/clients-ca0f635d863036098d93a1fc06f2a5e5/mc-77-big-Data.db:level=0, ]
2020-09-14T21:25:12.619156903Z  INFO  2020-09-14 21:25:12,618 [shard 3] compaction - Compacting [/var/lib/scylla/data/system_schema/dropped_columns-5e7583b5f3f43af19a39b7e1d6f5f11f/mc-311-big-Data.db:level=0, /var/lib/scylla/data/system_schema/dropped_columns-5e7583b5f3f43af19a39b7e1d6f5f11f/mc-315-big-Data.db:level=0, /var/lib/scylla/data/system_schema/dropped_columns-5e7583b5f3f43af19a39b7e1d6f5f11f/mc-307-big-Data.db:level=0, ]
2020-09-14T21:25:12.619461850Z  INFO  2020-09-14 21:25:12,619 [shard 0] compaction - Compacting [/var/lib/scylla/data/system/truncated-38c19fd0fb863310a4b70d0cc66628aa/mc-620-big-Data.db:level=0, /var/lib/scylla/data/system/truncated-38c19fd0fb863310a4b70d0cc66628aa/mc-624-big-Data.db:level=0, /var/lib/scylla/data/system/truncated-38c19fd0fb863310a4b70d0cc66628aa/mc-616-big-Data.db:level=0, ]
2020-09-14T21:25:12.619484943Z  INFO  2020-09-14 21:25:12,619 [shard 1] compaction - Compacting [/var/lib/scylla/data/system/compaction_history-b4dbb7b4dc493fb5b3bfce6e434832ca/mc-357-big-Data.db:level=0, /var/lib/scylla/data/system/compaction_history-b4dbb7b4dc493fb5b3bfce6e434832ca/mc-353-big-Data.db:level=0, /var/lib/scylla/data/system/compaction_history-b4dbb7b4dc493fb5b3bfce6e434832ca/mc-349-big-Data.db:level=0, ]
2020-09-14T21:25:12.619498086Z  INFO  2020-09-14 21:25:12,619 [shard 3] compaction - Compacting [/var/lib/scylla/data/system_schema/functions-96489b7980be3e14a70166a0b9159450/mc-247-big-Data.db:level=0, /var/lib/scylla/data/system_schema/functions-96489b7980be3e14a70166a0b9159450/mc-251-big-Data.db:level=0, /var/lib/scylla/data/system_schema/functions-96489b7980be3e14a70166a0b9159450/mc-243-big-Data.db:level=0, ]
2020-09-14T21:25:12.619889822Z  INFO  2020-09-14 21:25:12,619 [shard 1] compaction - Compacting [/var/lib/scylla/data/system/local-7ad54392bcdd35a684174e047860b377/mc-1373-big-Data.db:level=0, /var/lib/scylla/data/system/local-7ad54392bcdd35a684174e047860b377/mc-1377-big-Data.db:level=0, /var/lib/scylla/data/system/local-7ad54392bcdd35a684174e047860b377/mc-1381-big-Data.db:level=0, /var/lib/scylla/data/system/local-7ad54392bcdd35a684174e047860b377/mc-1369-big-Data.db:level=0, ]
2020-09-14T21:25:12.619935977Z  INFO  2020-09-14 21:25:12,619 [shard 3] compaction - Compacting [/var/lib/scylla/data/system/compaction_history-b4dbb7b4dc493fb5b3bfce6e434832ca/mc-359-big-Data.db:level=0, /var/lib/scylla/data/system/compaction_history-b4dbb7b4dc493fb5b3bfce6e434832ca/mc-355-big-Data.db:level=0, /var/lib/scylla/data/system/compaction_history-b4dbb7b4dc493fb5b3bfce6e434832ca/mc-351-big-Data.db:level=0, ]
2020-09-14T21:25:12.620279468Z  INFO  2020-09-14 21:25:12,619 [shard 2] compaction - Compacting [/var/lib/scylla/data/system/peers-37f71aca7dc2383ba70672528af04d4f/mc-14-big-Data.db:level=0, /var/lib/scylla/data/system/peers-37f71aca7dc2383ba70672528af04d4f/mc-6-big-Data.db:level=0, /var/lib/scylla/data/system/peers-37f71aca7dc2383ba70672528af04d4f/mc-10-big-Data.db:level=0, ]
2020-09-14T21:25:12.620301170Z  INFO  2020-09-14 21:25:12,619 [shard 3] compaction - Compacting [/var/lib/scylla/data/system_schema/columns-24101c25a2ae3af787c1b40ee1aca33f/mc-315-big-Data.db:level=0, /var/lib/scylla/data/system_schema/columns-24101c25a2ae3af787c1b40ee1aca33f/mc-319-big-Data.db:level=0, /var/lib/scylla/data/system_schema/columns-24101c25a2ae3af787c1b40ee1aca33f/mc-311-big-Data.db:level=0, ]
2020-09-14T21:25:12.620313593Z  INFO  2020-09-14 21:25:12,619 [shard 2] compaction - Compacting [/var/lib/scylla/data/system_schema/dropped_columns-5e7583b5f3f43af19a39b7e1d6f5f11f/mc-314-big-Data.db:level=0, /var/lib/scylla/data/system_schema/dropped_columns-5e7583b5f3f43af19a39b7e1d6f5f11f/mc-306-big-Data.db:level=0, /var/lib/scylla/data/system_schema/dropped_columns-5e7583b5f3f43af19a39b7e1d6f5f11f/mc-310-big-Data.db:level=0, ]
2020-09-14T21:25:12.620325371Z  INFO  2020-09-14 21:25:12,620 [shard 2] compaction - Compacting [/var/lib/scylla/data/system/compaction_history-b4dbb7b4dc493fb5b3bfce6e434832ca/mc-358-big-Data.db:level=0, /var/lib/scylla/data/system/compaction_history-b4dbb7b4dc493fb5b3bfce6e434832ca/mc-354-big-Data.db:level=0, /var/lib/scylla/data/system/compaction_history-b4dbb7b4dc493fb5b3bfce6e434832ca/mc-350-big-Data.db:level=0, ]
2020-09-14T21:25:12.620736181Z  INFO  2020-09-14 21:25:12,620 [shard 3] compaction - Compacting [/var/lib/scylla/data/system_schema/indexes-0feb57ac311f382fba6d9024d305702f/mc-295-big-Data.db:level=0, /var/lib/scylla/data/system_schema/indexes-0feb57ac311f382fba6d9024d305702f/mc-291-big-Data.db:level=0, ]
2020-09-14T21:25:12.620756423Z  INFO  2020-09-14 21:25:12,620 [shard 2] compaction - Compacting [/var/lib/scylla/data/system_schema/keyspaces-abac5682dea631c5b535b3d6cffd0fb6/mc-314-big-Data.db:level=0, /var/lib/scylla/data/system_schema/keyspaces-abac5682dea631c5b535b3d6cffd0fb6/mc-310-big-Data.db:level=0, ]
2020-09-14T21:25:12.620767458Z  INFO  2020-09-14 21:25:12,620 [shard 2] compaction - Compacting [/var/lib/scylla/data/system_schema/indexes-0feb57ac311f382fba6d9024d305702f/mc-298-big-Data.db:level=0, /var/lib/scylla/data/system_schema/indexes-0feb57ac311f382fba6d9024d305702f/mc-294-big-Data.db:level=0, ]
2020-09-14T21:25:12.620778311Z  INFO  2020-09-14 21:25:12,620 [shard 3] compaction - Compacting [/var/lib/scylla/data/system_schema/scylla_tables-5d912ff1f7593665b2c88042ab5103dd/mc-279-big-Data.db:level=0, /var/lib/scylla/data/system_schema/scylla_tables-5d912ff1f7593665b2c88042ab5103dd/mc-275-big-Data.db:level=0, ]
2020-09-14T21:25:12.621180876Z  INFO  2020-09-14 21:25:12,620 [shard 2] compaction - Compacting [/var/lib/scylla/data/system_schema/tables-afddfb9dbc1e30688056eed6c302ba09/mc-282-big-Data.db:level=0, /var/lib/scylla/data/system_schema/tables-afddfb9dbc1e30688056eed6c302ba09/mc-278-big-Data.db:level=0, ]
2020-09-14T21:25:12.621227584Z  INFO  2020-09-14 21:25:12,620 [shard 3] compaction - Compacting [/var/lib/scylla/data/dt/source_data-6af6cd50d77b11ea9877000000000001/mc-267-big-Data.db:level=0, /var/lib/scylla/data/dt/source_data-6af6cd50d77b11ea9877000000000001/mc-263-big-Data.db:level=0, /var/lib/scylla/data/dt/source_data-6af6cd50d77b11ea9877000000000001/mc-259-big-Data.db:level=0, ]
2020-09-14T21:25:12.621246092Z  INFO  2020-09-14 21:25:12,620 [shard 2] compaction - Compacting [/var/lib/scylla/data/system_schema/scylla_tables-5d912ff1f7593665b2c88042ab5103dd/mc-278-big-Data.db:level=0, /var/lib/scylla/data/system_schema/scylla_tables-5d912ff1f7593665b2c88042ab5103dd/mc-274-big-Data.db:level=0, ]
2020-09-14T21:25:12.626880577Z  INFO  2020-09-14 21:25:12,626 [shard 0] init - initializing migration manager RPC verbs
2020-09-14T21:25:12.627787444Z  INFO  2020-09-14 21:25:12,627 [shard 0] init - initializing storage proxy RPC verbs
2020-09-14T21:25:12.628870895Z  INFO  2020-09-14 21:25:12,628 [shard 0] init - starting streaming service
2020-09-14T21:25:12.631781517Z  INFO  2020-09-14 21:25:12,631 [shard 0] init - starting hinted handoff manager
2020-09-14T21:25:13.201334638Z  WARN  2020-09-14 21:25:13,200 [shard 3] large_data - Writing a partition with too many rows [dt/source_data:d0a71d84-b80f-4558-beac-8887750652e3] (103841 rows)
2020-09-14T21:25:13.912469569Z  INFO  2020-09-14 21:25:13,911 [shard 0] init - starting messaging service
2020-09-14T21:25:13.912886909Z  INFO  2020-09-14 21:25:13,912 [shard 0] repair - Setting max_repair_memory=168820736, max_repair_memory_per_range=33554432, max_repair_ranges_in_parallel=5
2020-09-14T21:25:13.913243981Z  INFO  2020-09-14 21:25:13,912 [shard 0] init - starting storage service
2020-09-14T21:25:13.914553913Z  INFO  2020-09-14 21:25:13,914 [shard 0] storage_service - Loading persisted ring state
2020-09-14T21:25:13.917838627Z  INFO  2020-09-14 21:25:13,917 [shard 0] storage_service - loaded_peer_features: peer_features size=0
2020-09-14T21:25:13.917864892Z  INFO  2020-09-14 21:25:13,917 [shard 0] storage_service - Checking remote features skipped, since this node is a new seed node which knows nothing about the cluster
2020-09-14T21:25:13.919032586Z  INFO  2020-09-14 21:25:13,918 [shard 0] storage_service - Restarting a node in NORMAL status
2020-09-14T21:25:13.957790328Z  INFO  2020-09-14 21:25:13,957 [shard 0] database - Schema version changed to 3f00f995-6495-3765-8599-4e76a2f4c6b2
2020-09-14T21:25:13.958205562Z  INFO  2020-09-14 21:25:13,957 [shard 0] storage_service - Starting up server gossip
2020-09-14T21:25:14.491597225Z  INFO  2020-09-14 21:25:14,490 [shard 2] compaction - Compacted 3 sstables to []. 16431 bytes to 0 (~0% of original) in 0ms = 0.00MB/s. ~384 total partitions merged to 0.
2020-09-14T21:25:15.083335715Z  INFO  2020-09-14 21:25:15,082 [shard 1] compaction - Compacted 24 sstables to []. 557083 bytes to 0 (~0% of original) in 59ms = 0.00MB/s. ~3072 total partitions merged to 0.
2020-09-14T21:25:15.229468486Z  INFO  2020-09-14 21:25:15,228 [shard 0] compaction - Compacted 3 sstables to [/var/lib/scylla/data/system/compaction_history-b4dbb7b4dc493fb5b3bfce6e434832ca/mc-348-big-Data.db:level=0, ]. 194259 bytes to 110300 (~56% of original) in 1981ms = 0.05MB/s. ~512 total partitions merged to 197.
2020-09-14T21:25:15.230035990Z  INFO  2020-09-14 21:25:15,229 [shard 0] compaction - Compacted 3 sstables to [/var/lib/scylla/data/system/truncated-38c19fd0fb863310a4b70d0cc66628aa/mc-628-big-Data.db:level=0, ]. 158419 bytes to 76910 (~48% of original) in 1979ms = 0.04MB/s. ~384 total partitions merged to 2.
2020-09-14T21:25:15.376318317Z  INFO  2020-09-14 21:25:15,375 [shard 3] compaction - Compacting [/var/lib/scylla/data/system_schema/view_virtual_columns-08843b6345dc3be29798a0418295cfaa/mc-259-big-Data.db:level=0, /var/lib/scylla/data/system_schema/view_virtual_columns-08843b6345dc3be29798a0418295cfaa/mc-255-big-Data.db:level=0, /var/lib/scylla/data/system_schema/view_virtual_columns-08843b6345dc3be29798a0418295cfaa/mc-251-big-Data.db:level=0, ]
2020-09-14T21:25:15.376901696Z  INFO  2020-09-14 21:25:15,375 [shard 3] compaction - Compacting [/var/lib/scylla/data/system_schema/triggers-4df70b666b05325195a132b54005fd48/mc-251-big-Data.db:level=0, /var/lib/scylla/data/system_schema/triggers-4df70b666b05325195a132b54005fd48/mc-247-big-Data.db:level=0, /var/lib/scylla/data/system_schema/triggers-4df70b666b05325195a132b54005fd48/mc-243-big-Data.db:level=0, ]
2020-09-14T21:25:15.376941752Z  INFO  2020-09-14 21:25:15,376 [shard 3] compaction - Compacting [/var/lib/scylla/data/system_schema/computed_columns-cc7c7069374033c192a4c3de78dbd2c4/mc-275-big-Data.db:level=0, /var/lib/scylla/data/system_schema/computed_columns-cc7c7069374033c192a4c3de78dbd2c4/mc-271-big-Data.db:level=0, ]
2020-09-14T21:25:15.377730183Z  INFO  2020-09-14 21:25:15,377 [shard 3] compaction - Compacting [/var/lib/scylla/data/system_schema/tables-afddfb9dbc1e30688056eed6c302ba09/mc-279-big-Data.db:level=0, /var/lib/scylla/data/system_schema/tables-afddfb9dbc1e30688056eed6c302ba09/mc-275-big-Data.db:level=0, ]
2020-09-14T21:25:15.744956574Z  INFO  2020-09-14 21:25:15,744 [shard 2] compaction - Compacting [/var/lib/scylla/data/system_schema/view_virtual_columns-08843b6345dc3be29798a0418295cfaa/mc-258-big-Data.db:level=0, /var/lib/scylla/data/system_schema/view_virtual_columns-08843b6345dc3be29798a0418295cfaa/mc-250-big-Data.db:level=0, /var/lib/scylla/data/system_schema/view_virtual_columns-08843b6345dc3be29798a0418295cfaa/mc-254-big-Data.db:level=0, ]
2020-09-14T21:25:15.746959916Z  INFO  2020-09-14 21:25:15,746 [shard 2] compaction - Compacting [/var/lib/scylla/data/system_schema/types-5a8b1ca866023f77a0459273d308917a/mc-222-big-Data.db:level=0, /var/lib/scylla/data/system_schema/types-5a8b1ca866023f77a0459273d308917a/mc-218-big-Data.db:level=0, ]
2020-09-14T21:25:15.746989718Z  INFO  2020-09-14 21:25:15,746 [shard 2] compaction - Compacting [/var/lib/scylla/data/system/truncated-38c19fd0fb863310a4b70d0cc66628aa/mc-546-big-Data.db:level=0, /var/lib/scylla/data/system/truncated-38c19fd0fb863310a4b70d0cc66628aa/mc-542-big-Data.db:level=0, /var/lib/scylla/data/system/truncated-38c19fd0fb863310a4b70d0cc66628aa/mc-538-big-Data.db:level=0, ]
2020-09-14T21:25:15.747407558Z  INFO  2020-09-14 21:25:15,746 [shard 2] compaction - Compacting [/var/lib/scylla/data/system_schema/columns-24101c25a2ae3af787c1b40ee1aca33f/mc-314-big-Data.db:level=0, /var/lib/scylla/data/system_schema/columns-24101c25a2ae3af787c1b40ee1aca33f/mc-318-big-Data.db:level=0, /var/lib/scylla/data/system_schema/columns-24101c25a2ae3af787c1b40ee1aca33f/mc-310-big-Data.db:level=0, ]
2020-09-14T21:25:16.157060284Z  INFO  2020-09-14 21:25:16,156 [shard 0] messaging_service - Starting Messaging Service on port 7000
2020-09-14T21:25:16.603790267Z  INFO  2020-09-14 21:25:16,602 [shard 3] compaction - Compacted 3 sstables to [/var/lib/scylla/data/system_schema/dropped_columns-5e7583b5f3f43af19a39b7e1d6f5f11f/mc-319-big-Data.db:level=0, ]. 16425 bytes to 5795 (~35% of original) in 2757ms = 0.00MB/s. ~384 total partitions merged to 1.
2020-09-14T21:25:16.698516933Z  INFO  2020-09-14 21:25:16,697 [shard 1] compaction - Compacted 4 sstables to [/var/lib/scylla/data/system/local-7ad54392bcdd35a684174e047860b377/mc-1385-big-Data.db:level=0, ]. 31190 bytes to 12590 (~40% of original) in 3535ms = 0.00MB/s. ~512 total partitions merged to 1.
2020-09-14T21:25:16.698925896Z  INFO  2020-09-14 21:25:16,698 [shard 1] compaction - Compacted 3 sstables to [/var/lib/scylla/data/system/compaction_history-b4dbb7b4dc493fb5b3bfce6e434832ca/mc-361-big-Data.db:level=0, ]. 242611 bytes to 110333 (~45% of original) in 3536ms = 0.03MB/s. ~512 total partitions merged to 186.
2020-09-14T21:25:16.699332728Z  INFO  2020-09-14 21:25:16,698 [shard 1] compaction - Compacting [/var/lib/scylla/data/system/local-7ad54392bcdd35a684174e047860b377/mc-1389-big-Data.db:level=0, /var/lib/scylla/data/system/local-7ad54392bcdd35a684174e047860b377/mc-1385-big-Data.db:level=0, ]
2020-09-14T21:25:16.868661130Z  INFO  2020-09-14 21:25:16,868 [shard 3] compaction - Compacted 3 sstables to [/var/lib/scylla/data/system_schema/functions-96489b7980be3e14a70166a0b9159450/mc-255-big-Data.db:level=0, ]. 16891 bytes to 5945 (~35% of original) in 2756ms = 0.00MB/s. ~384 total partitions merged to 1.
2020-09-14T21:25:16.868695453Z  INFO  2020-09-14 21:25:16,868 [shard 3] compaction - Compacted 2 sstables to [/var/lib/scylla/data/system_schema/indexes-0feb57ac311f382fba6d9024d305702f/mc-299-big-Data.db:level=0, ]. 18043 bytes to 12630 (~69% of original) in 2756ms = 0.00MB/s. ~256 total partitions merged to 2.
2020-09-14T21:25:16.868985925Z  INFO  2020-09-14 21:25:16,868 [shard 3] compaction - Compacted 2 sstables to [/var/lib/scylla/data/system_schema/scylla_tables-5d912ff1f7593665b2c88042ab5103dd/mc-283-big-Data.db:level=0, ]. 12572 bytes to 6429 (~51% of original) in 2755ms = 0.00MB/s. ~256 total partitions merged to 1.
2020-09-14T21:25:16.869008802Z  INFO  2020-09-14 21:25:16,868 [shard 3] compaction - Compacted 3 sstables to [/var/lib/scylla/data/system/compaction_history-b4dbb7b4dc493fb5b3bfce6e434832ca/mc-363-big-Data.db:level=0, ]. 190008 bytes to 109949 (~57% of original) in 2757ms = 0.04MB/s. ~512 total partitions merged to 175.
2020-09-14T21:25:16.869020787Z  INFO  2020-09-14 21:25:16,868 [shard 3] compaction - Compacted 3 sstables to [/var/lib/scylla/data/dt/source_data-6af6cd50d77b11ea9877000000000001/mc-271-big-Data.db:level=0, ]. 8459878 bytes to 8346609 (~98% of original) in 2755ms = 2.89MB/s. ~384 total partitions merged to 1.
2020-09-14T21:25:16.869974511Z  INFO  2020-09-14 21:25:16,869 [shard 3] compaction - Compacted 3 sstables to [/var/lib/scylla/data/system_schema/columns-24101c25a2ae3af787c1b40ee1aca33f/mc-323-big-Data.db:level=0, ]. 76185 bytes to 57505 (~75% of original) in 2756ms = 0.02MB/s. ~384 total partitions merged to 4.
2020-09-14T21:25:16.948863192Z  INFO  2020-09-14 21:25:16,948 [shard 2] compaction - Compacted 3 sstables to [/var/lib/scylla/data/system_schema/dropped_columns-5e7583b5f3f43af19a39b7e1d6f5f11f/mc-318-big-Data.db:level=0, ]. 15984 bytes to 5642 (~35% of original) in 3124ms = 0.00MB/s. ~384 total partitions merged to 1.
2020-09-14T21:25:16.948912439Z  INFO  2020-09-14 21:25:16,948 [shard 2] compaction - Compacted 2 sstables to [/var/lib/scylla/data/system_schema/scylla_tables-5d912ff1f7593665b2c88042ab5103dd/mc-282-big-Data.db:level=0, ]. 11946 bytes to 6128 (~51% of original) in 3123ms = 0.00MB/s. ~256 total partitions merged to 1.
2020-09-14T21:25:17.058879393Z  INFO  2020-09-14 21:25:17,058 [shard 2] compaction - Compacted 3 sstables to [/var/lib/scylla/data/system/compaction_history-b4dbb7b4dc493fb5b3bfce6e434832ca/mc-362-big-Data.db:level=0, ]. 175727 bytes to 112735 (~64% of original) in 3126ms = 0.03MB/s. ~512 total partitions merged to 215.
2020-09-14T21:25:17.058915688Z  INFO  2020-09-14 21:25:17,058 [shard 2] compaction - Compacted 2 sstables to [/var/lib/scylla/data/system_schema/keyspaces-abac5682dea631c5b535b3d6cffd0fb6/mc-318-big-Data.db:level=0, ]. 62023 bytes to 56566 (~91% of original) in 3126ms = 0.02MB/s. ~256 total partitions merged to 2.
2020-09-14T21:25:17.058941354Z  INFO  2020-09-14 21:25:17,058 [shard 2] compaction - Compacted 2 sstables to [/var/lib/scylla/data/system_schema/indexes-0feb57ac311f382fba6d9024d305702f/mc-302-big-Data.db:level=0, ]. 11047 bytes to 5599 (~50% of original) in 3126ms = 0.00MB/s. ~256 total partitions merged to 1.
2020-09-14T21:25:17.172280810Z  INFO  2020-09-14 21:25:17,171 [shard 2] compaction - Compacted 2 sstables to [/var/lib/scylla/data/system_schema/tables-afddfb9dbc1e30688056eed6c302ba09/mc-286-big-Data.db:level=0, ]. 67711 bytes to 59789 (~88% of original) in 3129ms = 0.02MB/s. ~256 total partitions merged to 2.
2020-09-14T21:25:17.685309897Z  INFO  2020-09-14 21:25:17,684 [shard 3] compaction - Compacting [/var/lib/scylla/data/system_schema/keyspaces-abac5682dea631c5b535b3d6cffd0fb6/mc-311-big-Data.db:level=0, /var/lib/scylla/data/system_schema/keyspaces-abac5682dea631c5b535b3d6cffd0fb6/mc-307-big-Data.db:level=0, ]
2020-09-14T21:25:17.685728179Z  INFO  2020-09-14 21:25:17,684 [shard 3] compaction - Compacting [/var/lib/scylla/data/system_schema/types-5a8b1ca866023f77a0459273d308917a/mc-219-big-Data.db:level=0, /var/lib/scylla/data/system_schema/types-5a8b1ca866023f77a0459273d308917a/mc-215-big-Data.db:level=0, ]
2020-09-14T21:25:17.845662374Z  INFO  2020-09-14 21:25:17,845 [shard 1] compaction - Compacted 2 sstables to [/var/lib/scylla/data/system/local-7ad54392bcdd35a684174e047860b377/mc-1393-big-Data.db:level=0, ]. 18682 bytes to 12273 (~65% of original) in 801ms = 0.01MB/s. ~256 total partitions merged to 1.
2020-09-14T21:25:17.982399609Z  INFO  2020-09-14 21:25:17,981 [shard 2] compaction - Compacting [/var/lib/scylla/data/system_schema/views-9786ac1cdd583201a7cdad556410c985/mc-218-big-Data.db:level=0, /var/lib/scylla/data/system_schema/views-9786ac1cdd583201a7cdad556410c985/mc-214-big-Data.db:level=0, ]
2020-09-14T21:25:17.983052174Z  INFO  2020-09-14 21:25:17,982 [shard 2] compaction - Compacting [/var/lib/scylla/data/system_schema/functions-96489b7980be3e14a70166a0b9159450/mc-246-big-Data.db:level=0, /var/lib/scylla/data/system_schema/functions-96489b7980be3e14a70166a0b9159450/mc-238-big-Data.db:level=0, /var/lib/scylla/data/system_schema/functions-96489b7980be3e14a70166a0b9159450/mc-242-big-Data.db:level=0, ]
2020-09-14T21:25:18.751963090Z  INFO  2020-09-14 21:25:18,751 [shard 3] compaction - Compacted 2 sstables to [/var/lib/scylla/data/system_schema/computed_columns-cc7c7069374033c192a4c3de78dbd2c4/mc-279-big-Data.db:level=0, ]. 17544 bytes to 12459 (~71% of original) in 2308ms = 0.01MB/s. ~256 total partitions merged to 2.
2020-09-14T21:25:18.753409264Z  INFO  2020-09-14 21:25:18,753 [shard 3] compaction - Compacted 3 sstables to [/var/lib/scylla/data/system_schema/view_virtual_columns-08843b6345dc3be29798a0418295cfaa/mc-263-big-Data.db:level=0, ]. 23511 bytes to 12926 (~54% of original) in 2309ms = 0.01MB/s. ~384 total partitions merged to 2.
2020-09-14T21:25:18.753445928Z  INFO  2020-09-14 21:25:18,753 [shard 3] compaction - Compacted 3 sstables to [/var/lib/scylla/data/system_schema/triggers-4df70b666b05325195a132b54005fd48/mc-255-big-Data.db:level=0, ]. 16093 bytes to 5679 (~35% of original) in 2308ms = 0.00MB/s. ~384 total partitions merged to 1.
2020-09-14T21:25:18.753458554Z  INFO  2020-09-14 21:25:18,753 [shard 3] compaction - Compacted 2 sstables to [/var/lib/scylla/data/system_schema/tables-afddfb9dbc1e30688056eed6c302ba09/mc-283-big-Data.db:level=0, ]. 65493 bytes to 56353 (~86% of original) in 2308ms = 0.02MB/s. ~256 total partitions merged to 4.
2020-09-14T21:25:18.991806222Z  INFO  2020-09-14 21:25:18,990 [shard 2] compaction - Compacted 2 sstables to [/var/lib/scylla/data/system_schema/types-5a8b1ca866023f77a0459273d308917a/mc-226-big-Data.db:level=0, ]. 10917 bytes to 5614 (~51% of original) in 2235ms = 0.00MB/s. ~256 total partitions merged to 1.
2020-09-14T21:25:19.047877807Z  INFO  2020-09-14 21:25:19,047 [shard 2] compaction - Compacted 3 sstables to [/var/lib/scylla/data/system_schema/view_virtual_columns-08843b6345dc3be29798a0418295cfaa/mc-262-big-Data.db:level=0, ]. 16452 bytes to 5798 (~35% of original) in 2238ms = 0.00MB/s. ~384 total partitions merged to 1.
2020-09-14T21:25:19.142865370Z  INFO  2020-09-14 21:25:19,141 [shard 2] compaction - Compacted 3 sstables to [/var/lib/scylla/data/system_schema/columns-24101c25a2ae3af787c1b40ee1aca33f/mc-322-big-Data.db:level=0, ]. 78678 bytes to 61698 (~78% of original) in 2237ms = 0.03MB/s. ~384 total partitions merged to 2.
2020-09-14T21:25:19.236609420Z  INFO  2020-09-14 21:25:19,234 [shard 2] compaction - Compacted 3 sstables to [/var/lib/scylla/data/system/truncated-38c19fd0fb863310a4b70d0cc66628aa/mc-550-big-Data.db:level=0, ]. 167624 bytes to 56247 (~33% of original) in 2237ms = 0.02MB/s. ~384 total partitions merged to 4.
2020-09-14T21:25:19.373823718Z  INFO  2020-09-14 21:25:19,373 [shard 3] compaction - Compacting [/var/lib/scylla/data/system_schema/aggregates-924c55872e3a345bb10c12f37c1ba895/mc-211-big-Data.db:level=0, /var/lib/scylla/data/system_schema/aggregates-924c55872e3a345bb10c12f37c1ba895/mc-207-big-Data.db:level=0, ]
2020-09-14T21:25:19.374380017Z  INFO  2020-09-14 21:25:19,373 [shard 3] compaction - Compacting [/var/lib/scylla/data/system_schema/views-9786ac1cdd583201a7cdad556410c985/mc-219-big-Data.db:level=0, /var/lib/scylla/data/system_schema/views-9786ac1cdd583201a7cdad556410c985/mc-215-big-Data.db:level=0, ]
2020-09-14T21:25:19.688470939Z  INFO  2020-09-14 21:25:19,687 [shard 2] compaction - Compacting [/var/lib/scylla/data/system_schema/aggregates-924c55872e3a345bb10c12f37c1ba895/mc-210-big-Data.db:level=0, /var/lib/scylla/data/system_schema/aggregates-924c55872e3a345bb10c12f37c1ba895/mc-206-big-Data.db:level=0, ]
2020-09-14T21:25:19.689019633Z  INFO  2020-09-14 21:25:19,687 [shard 2] compaction - Compacting [/var/lib/scylla/data/system_schema/triggers-4df70b666b05325195a132b54005fd48/mc-250-big-Data.db:level=0, /var/lib/scylla/data/system_schema/triggers-4df70b666b05325195a132b54005fd48/mc-246-big-Data.db:level=0, /var/lib/scylla/data/system_schema/triggers-4df70b666b05325195a132b54005fd48/mc-242-big-Data.db:level=0, ]
2020-09-14T21:25:19.900185887Z  INFO  2020-09-14 21:25:19,899 [shard 3] compaction - Compacted 2 sstables to [/var/lib/scylla/data/system_schema/keyspaces-abac5682dea631c5b535b3d6cffd0fb6/mc-315-big-Data.db:level=0, ]. 56613 bytes to 51193 (~90% of original) in 1689ms = 0.03MB/s. ~256 total partitions merged to 4.
2020-09-14T21:25:19.900825123Z  INFO  2020-09-14 21:25:19,900 [shard 3] compaction - Compacted 2 sstables to [/var/lib/scylla/data/system_schema/types-5a8b1ca866023f77a0459273d308917a/mc-223-big-Data.db:level=0, ]. 10848 bytes to 5580 (~51% of original) in 1687ms = 0.00MB/s. ~256 total partitions merged to 1.
2020-09-14T21:25:20.281581633Z  INFO  2020-09-14 21:25:20,280 [shard 2] compaction - Compacted 2 sstables to [/var/lib/scylla/data/system_schema/views-9786ac1cdd583201a7cdad556410c985/mc-222-big-Data.db:level=0, ]. 13699 bytes to 7005 (~51% of original) in 1706ms = 0.00MB/s. ~256 total partitions merged to 1.
2020-09-14T21:25:20.282180684Z  INFO  2020-09-14 21:25:20,281 [shard 2] compaction - Compacted 3 sstables to [/var/lib/scylla/data/system_schema/functions-96489b7980be3e14a70166a0b9159450/mc-250-big-Data.db:level=0, ]. 16995 bytes to 5979 (~35% of original) in 1705ms = 0.00MB/s. ~384 total partitions merged to 1.
2020-09-14T21:25:20.524304775Z  INFO  2020-09-14 21:25:20,523 [shard 3] compaction - Compacting [/var/lib/scylla/data/system/truncated-38c19fd0fb863310a4b70d0cc66628aa/mc-351-big-Data.db:level=0, /var/lib/scylla/data/system/truncated-38c19fd0fb863310a4b70d0cc66628aa/mc-347-big-Data.db:level=0, /var/lib/scylla/data/system/truncated-38c19fd0fb863310a4b70d0cc66628aa/mc-343-big-Data.db:level=0, ]
2020-09-14T21:25:20.729597512Z  INFO  2020-09-14 21:25:20,728 [shard 2] compaction - Compacting [/var/lib/scylla/data/system_schema/computed_columns-cc7c7069374033c192a4c3de78dbd2c4/mc-274-big-Data.db:level=0, /var/lib/scylla/data/system_schema/computed_columns-cc7c7069374033c192a4c3de78dbd2c4/mc-270-big-Data.db:level=0, ]
2020-09-14T21:25:20.950266510Z  INFO  2020-09-14 21:25:20,949 [shard 3] compaction - Compacted 2 sstables to [/var/lib/scylla/data/system_schema/views-9786ac1cdd583201a7cdad556410c985/mc-223-big-Data.db:level=0, ]. 21046 bytes to 14388 (~68% of original) in 1150ms = 0.01MB/s. ~256 total partitions merged to 2.
2020-09-14T21:25:20.951286526Z  INFO  2020-09-14 21:25:20,950 [shard 3] compaction - Compacted 2 sstables to [/var/lib/scylla/data/system_schema/aggregates-924c55872e3a345bb10c12f37c1ba895/mc-215-big-Data.db:level=0, ]. 11064 bytes to 5688 (~51% of original) in 1151ms = 0.00MB/s. ~256 total partitions merged to 1.
2020-09-14T21:25:21.078845413Z  INFO  2020-09-14 21:25:21,078 [shard 2] compaction - Compacted 3 sstables to [/var/lib/scylla/data/system_schema/triggers-4df70b666b05325195a132b54005fd48/mc-254-big-Data.db:level=0, ]. 16197 bytes to 5713 (~35% of original) in 1041ms = 0.01MB/s. ~384 total partitions merged to 1.
2020-09-14T21:25:21.079321440Z  INFO  2020-09-14 21:25:21,078 [shard 2] compaction - Compacted 2 sstables to [/var/lib/scylla/data/system_schema/aggregates-924c55872e3a345bb10c12f37c1ba895/mc-214-big-Data.db:level=0, ]. 11133 bytes to 5722 (~51% of original) in 1041ms = 0.01MB/s. ~256 total partitions merged to 1.
2020-09-14T21:25:21.524152353Z  INFO  2020-09-14 21:25:21,523 [shard 3] compaction - Compacted 3 sstables to [/var/lib/scylla/data/system/truncated-38c19fd0fb863310a4b70d0cc66628aa/mc-355-big-Data.db:level=0, ]. 188983 bytes to 63365 (~33% of original) in 817ms = 0.07MB/s. ~384 total partitions merged to 2.
2020-09-14T21:25:21.549705275Z  INFO  2020-09-14 21:25:21,549 [shard 2] compaction - Compacted 2 sstables to [/var/lib/scylla/data/system_schema/computed_columns-cc7c7069374033c192a4c3de78dbd2c4/mc-278-big-Data.db:level=0, ]. 10551 bytes to 5431 (~51% of original) in 678ms = 0.01MB/s. ~256 total partitions merged to 1.
2020-09-14T21:25:28.160395495Z  INFO  2020-09-14 21:25:28,159 [shard 0] gossip - No gossip backlog; proceeding
2020-09-14T21:25:28.165191850Z  INFO  2020-09-14 21:25:28,162 [shard 0] features - Feature COMPUTED_COLUMNS is enabled
2020-09-14T21:25:28.165241288Z  INFO  2020-09-14 21:25:28,162 [shard 0] features - Feature CORRECT_COUNTER_ORDER is enabled
2020-09-14T21:25:28.165262834Z  INFO  2020-09-14 21:25:28,162 [shard 0] features - Feature CORRECT_NON_COMPOUND_RANGE_TOMBSTONES is enabled
2020-09-14T21:25:28.165281515Z  INFO  2020-09-14 21:25:28,162 [shard 0] features - Feature CORRECT_STATIC_COMPACT_IN_MC is enabled
2020-09-14T21:25:28.165299585Z  INFO  2020-09-14 21:25:28,162 [shard 0] features - Feature COUNTERS is enabled
2020-09-14T21:25:28.165317198Z  INFO  2020-09-14 21:25:28,162 [shard 0] features - Feature DIGEST_INSENSITIVE_TO_EXPIRY is enabled
2020-09-14T21:25:28.165356889Z  INFO  2020-09-14 21:25:28,162 [shard 0] features - Feature DIGEST_MULTIPARTITION_READ is enabled
2020-09-14T21:25:28.165376058Z  INFO  2020-09-14 21:25:28,162 [shard 0] features - Feature HINTED_HANDOFF_SEPARATE_CONNECTION is enabled
2020-09-14T21:25:28.165392917Z  INFO  2020-09-14 21:25:28,162 [shard 0] features - Feature INDEXES is enabled
2020-09-14T21:25:28.165409314Z  INFO  2020-09-14 21:25:28,162 [shard 0] features - Feature LARGE_PARTITIONS is enabled
2020-09-14T21:25:28.165425959Z  INFO  2020-09-14 21:25:28,162 [shard 0] features - Feature LWT is enabled
2020-09-14T21:25:28.165442320Z  INFO  2020-09-14 21:25:28,162 [shard 0] features - Feature MATERIALIZED_VIEWS is enabled
2020-09-14T21:25:28.165458749Z  INFO  2020-09-14 21:25:28,162 [shard 0] features - Feature MC_SSTABLE_FORMAT is enabled
2020-09-14T21:25:28.165475337Z  INFO  2020-09-14 21:25:28,162 [shard 0] features - Feature NONFROZEN_UDTS is enabled
2020-09-14T21:25:28.165491852Z  INFO  2020-09-14 21:25:28,162 [shard 0] features - Feature PER_TABLE_PARTITIONERS is enabled
2020-09-14T21:25:28.165508281Z  INFO  2020-09-14 21:25:28,162 [shard 0] features - Feature RANGE_TOMBSTONES is enabled
2020-09-14T21:25:28.165524673Z  INFO  2020-09-14 21:25:28,162 [shard 0] features - Feature ROLES is enabled
2020-09-14T21:25:28.165540857Z  INFO  2020-09-14 21:25:28,162 [shard 0] features - Feature ROW_LEVEL_REPAIR is enabled
2020-09-14T21:25:28.165557316Z  INFO  2020-09-14 21:25:28,162 [shard 0] features - Feature SCHEMA_TABLES_V3 is enabled
2020-09-14T21:25:28.165573558Z  INFO  2020-09-14 21:25:28,162 [shard 0] features - Feature STREAM_WITH_RPC_STREAM is enabled
2020-09-14T21:25:28.165589962Z  INFO  2020-09-14 21:25:28,162 [shard 0] features - Feature TRUNCATION_TABLE is enabled
2020-09-14T21:25:28.165606506Z  INFO  2020-09-14 21:25:28,162 [shard 0] system_keyspace - Got cluster agreement on truncation table feature. Removing legacy records.
2020-09-14T21:25:28.165626205Z  INFO  2020-09-14 21:25:28,163 [shard 0] features - Feature UNBOUNDED_RANGE_TOMBSTONES is enabled
2020-09-14T21:25:28.165644000Z  INFO  2020-09-14 21:25:28,163 [shard 0] features - Feature VIEW_VIRTUAL_COLUMNS is enabled
2020-09-14T21:25:28.166200812Z  INFO  2020-09-14 21:25:28,163 [shard 0] features - Feature WRITE_FAILURE_REPLY is enabled
2020-09-14T21:25:28.166218884Z  INFO  2020-09-14 21:25:28,163 [shard 0] features - Feature XXHASH is enabled
2020-09-14T21:25:28.166235697Z  INFO  2020-09-14 21:25:28,163 [shard 0] system_keyspace - Legacy records deleted.
2020-09-14T21:25:28.166615858Z  INFO  2020-09-14 21:25:28,165 [shard 0] init - starting system distributed keyspace
2020-09-14T21:25:28.171899387Z  INFO  2020-09-14 21:25:28,170 [shard 0] storage_service - Using saved tokens {943448605036726745, 9061580907506437136, 8957018461898327244, 8813999419995718088, 8775859223532977932, 873311388414975666, 8707696313600310498, 8675978575875245837, 855031166620283245, 8476533345381470087, 8413544620893079714, 8382283044476755854, 7804258889026263620, 778239093056833917, 7732629563319678675, 7564694057214588647, 747840302865059114, 7255484784972643852, 700944770677405149, 7009081579420542256, 7354219953741161264, 6974970471767945112, 6788034976878782500, 667581605220131528, 6496091893897576732, 6478032244021912394, 6420907855788431922, 8777890816944145805, 6381418245203458391, 6358173612251239308, 6302443190184390149, 6115776390551923703, 5906838239532612246, 5890706123786165213, 588034934972968299, 5848278814186320030, 5834675951458569055, 5796254206948921528, -6441145814158460549, 7172238068082229918, -6238625478980828395, -6199824488038647909, -572473923349256348, -5526097868254533829, -5508289632699420366, -6338043935148530859, 4738411181964629022, -5411685484465544274, 5103660925946342563, -5360532551957069796, -5246840897237646542, -8953406550820932827, -511676141100664160, -4872163430844150374, 5153854518462400651, -4829128129506020031, 6818717460470417221, -4735496583611878200, -7913213531410876291, -8612347190400988175, 3361838207769500988, -4770694758141334815, 3533570692245755170, -3014142033706378490, -6648258355715071793, 105268539462240253, 6448269612184381105, 3941245744356891698, -4925670906471950289, -6853270293933441203, -431455211546220291, -4106310081010891923, -4280461110562472301, -4231054370802445643, 4453520694484038438, -5140544052953576706, -7341700934491837716, -4177024142024341044, -2365586676906010085, -4368295386640868227, -6779834804380741154, 7103497347382660592, -471701403720839764, -2187125227394891465, -1593748153114868683, 8325613099551670589, -6017078328443447975, 408961909545308462, -3256341547923989103, 1911454556365012923, -2135119982021577211, -6104126434670973331, -1614584707908969492, -5285270377043925775, 194223785007163967, 3556932048290112968, 4378909036113166689, -2319706609635128471, 782580883702972777, -3880555618453256762, -2879534723161185431, 7469085752185829039, -8001902308657073600, -1522914538603683793, 784130423392421222, -3409621329811667263, -5136236598692180863, -2640475812391264528, 3907413558358164712, -2166731983266837511, -8529251962487546573, -5228242602708342126, -6263078841153087564, -1295419475388780424, 5311755414232655734, -4113405879925637368, 2104079815049743807, -105211415949921556, -1004253484774030395, -6093280019772326743, -1363472444035739717, 7772390126184307669, 3373616921334842984, -3428624778218969630, -4475005699924690030, -1207620414022812792, -4203952547861361192, -4895652206680369668, 5569071124009844993, -2800260328053956713, 1033733984444816800, -1761718599052329021, -6249520955674807415, -6810383749951706976, -2391018463907211455, -3729138346528579520, -3942245253345029362, -1032698423218536378, 2233495137371904435, -1970747149103226319, 2531294222158762011, 4445989245037378795, -2648919406212884980, 800062458669145892, -6586482614645135705, -8855822008500182327, -2076430708060394350, -6127879535600466936, 5017042126534426855, -6767019288334108993, -6985294397658573838, -2605645373691895986, 2542018259596577135, -2699231837109027988, -9132047842757487932, 9066588519930559993, -4601858807243735115, 1470306277250886071, 1688077838521597411, -2700796200994103492, -5656441245782528349, 3822141065635310082, -4415280594152455372, -1709100826419756065, -2732234699235264563, -3101294897153501639, 6933997554702494562, -4541237399207364623, 1251119865371637993, -3280527161887251879, -4007868363884276055, -4134923634748466107, -5595342098352848506, 533209426647054698, 285540986842976874, -4193553788022177878, -7111183380354176443, 7880345233810794046, -7190282066974323895, -7232953798633244985, -7512330892235471280, -889434854029329118, 9122882257136270100, 3909145942678699742, 2870638580126821409, -2685359252619347507, 4540975434217357056, 1912522665107890116, -1474028219808469861, -7767361191227918078, -8495384334141326469, -8024675672634848221, -8352632933072691056, -1084614158625469139, -8372022353883945178, -1171738939209168407, -8485257529464526975, -8549013321787275289, -7405825010257289618, -8694753427154041557, -9173155356561330710, -3164480873853500968, 1172299952227812636, 1535311813904826318, 156312151312654313, 2050968450175517454, 1018091569669202328, 1574734081023094222, 214428871588027420, -5095673126210616552, 2431756818088451524, -1208769590907790735, 3022913469242457337, 2609254198811139442, 5396954320704971060, 284028081363756156, -184157634332906914, 2879924223908633556, 3014475854062098037, 8280511155447462154, 3058186759042775792, 3100842289958262644, -769344519844763244, 3287699046743316011, 7743526815996532326, -7148146405116016542, 352278596429886466, 3606629961194077343, 3840184102447470012, -4623422606623793434, 3924960423780627192, 4660022660859336370, 5401470720317959250, 3979649323160207298, 4037379789709069307, 790424663468033093, 5150907166433009570, 4083460330442256183, 4262233236239091105, 4461207940793579131, 7222389702734437292, 4497639963855891379, 5935809959838255935, 525652295242460822, -9210810031089136649, 3145063885579200582, 5102381975608989830, 5104799485589097680, -467985751191813914, 5122450296475986719, 5256736089695841171, 5341717901052361821, 5441044328235651423, 5661405961885371428, -6303682351633097607, 5704999654143823990}
2020-09-14T21:25:28.197847063Z  INFO  2020-09-14 21:25:28,197 [shard 0] database - Schema version changed to e1b2d478-e5f2-30c4-b994-d93919918df3
2020-09-14T21:25:28.197871922Z  INFO  2020-09-14 21:25:28,197 [shard 0] database - Schema version changed to e1b2d478-e5f2-30c4-b994-d93919918df3
2020-09-14T21:25:28.199150845Z  INFO  2020-09-14 21:25:28,198 [shard 0] database - Schema version changed to 0e03d198-385b-3f36-8c34-c3f5846bbbac
2020-09-14T21:25:30.527922162Z  INFO  2020-09-14 21:25:30,526 [shard 1] compaction - Compacting [/var/lib/scylla/data/system/local-7ad54392bcdd35a684174e047860b377/mc-1397-big-Data.db:level=0, /var/lib/scylla/data/system/local-7ad54392bcdd35a684174e047860b377/mc-1393-big-Data.db:level=0, ]
2020-09-14T21:25:30.847800959Z  INFO  2020-09-14 21:25:30,846 [shard 0] storage_service - Node 10.0.19.12 state jump to normal
2020-09-14T21:25:30.847858842Z  INFO  2020-09-14 21:25:30,846 [shard 0] storage_service - Remove node 10.0.19.12 from pending replacing endpoint
2020-09-14T21:25:32.028312613Z  INFO  2020-09-14 21:25:32,027 [shard 0] storage_service - NORMAL: node is now in normal status
2020-09-14T21:25:32.028378148Z  INFO  2020-09-14 21:25:32,027 [shard 0] cdc - No generation seen during startup.
2020-09-14T21:25:32.029941913Z  INFO  2020-09-14 21:25:32,029 [shard 0] init - starting tracing
2020-09-14T21:25:32.032117589Z  INFO  2020-09-14 21:25:32,029 [shard 0] storage_service - SSTable data integrity checker is disabled.
2020-09-14T21:25:32.032173821Z  INFO  2020-09-14 21:25:32,030 [shard 0] init - starting batchlog manager
2020-09-14T21:25:32.032241075Z  INFO  2020-09-14 21:25:32,030 [shard 0] init - starting load meter
2020-09-14T21:25:32.032263095Z  INFO  2020-09-14 21:25:32,030 [shard 0] init - starting cf cache hit rate calculator
2020-09-14T21:25:32.032279590Z  INFO  2020-09-14 21:25:32,031 [shard 0] init - starting view update backlog broker
2020-09-14T21:25:32.032936173Z  INFO  2020-09-14 21:25:32,032 [shard 0] init - Waiting for gossip to settle before accepting client requests...
2020-09-14T21:25:32.059339013Z  INFO  2020-09-14 21:25:32,058 [shard 1] compaction - Compacted 2 sstables to [/var/lib/scylla/data/system/local-7ad54392bcdd35a684174e047860b377/mc-1405-big-Data.db:level=0, ]. 18352 bytes to 12070 (~65% of original) in 1320ms = 0.01MB/s. ~256 total partitions merged to 1.
2020-09-14T21:25:32.060250669Z  INFO  2020-09-14 21:25:32,059 [shard 1] compaction - Compacting [/var/lib/scylla/data/system/local-7ad54392bcdd35a684174e047860b377/mc-1401-big-Data.db:level=0, /var/lib/scylla/data/system/local-7ad54392bcdd35a684174e047860b377/mc-1405-big-Data.db:level=0, ]
2020-09-14T21:25:32.498188478Z  INFO  2020-09-14 21:25:32,497 [shard 1] compaction - Compacted 2 sstables to [/var/lib/scylla/data/system/local-7ad54392bcdd35a684174e047860b377/mc-1409-big-Data.db:level=0, ]. 18169 bytes to 12076 (~66% of original) in 305ms = 0.04MB/s. ~256 total partitions merged to 1.
2020-09-14T21:25:44.033918502Z  INFO  2020-09-14 21:25:44,033 [shard 0] gossip - No gossip backlog; proceeding
2020-09-14T21:25:44.035106513Z  INFO  2020-09-14 21:25:44,034 [shard 0] init - allow replaying hints
2020-09-14T21:25:44.035758861Z  INFO  2020-09-14 21:25:44,035 [shard 0] init - Launching generate_mv_updates for non system tables
2020-09-14T21:25:44.036630509Z  INFO  2020-09-14 21:25:44,035 [shard 0] init - starting the view builder
2020-09-14T21:25:44.405041522Z  INFO  2020-09-14 21:25:44,404 [shard 0] init - starting native transport
2020-09-14T21:25:44.405082474Z  INFO  2020-09-14 21:25:44,404 [shard 0] compaction - Compacting [/var/lib/scylla/data/system/truncated-38c19fd0fb863310a4b70d0cc66628aa/mc-632-big-Data.db:level=0, /var/lib/scylla/data/system/truncated-38c19fd0fb863310a4b70d0cc66628aa/mc-628-big-Data.db:level=0, ]
2020-09-14T21:25:44.407177200Z  INFO  2020-09-14 21:25:44,406 [shard 0] storage_service - Starting listening for CQL clients on 10.0.19.12:9042 (unencrypted)
2020-09-14T21:25:44.408666537Z  INFO  2020-09-14 21:25:44,408 [shard 0] storage_service - Thrift server listening on 10.0.19.12:9160 ...
2020-09-14T21:25:44.409745914Z  INFO  2020-09-14 21:25:44,409 [shard 0] init - serving
2020-09-14T21:25:44.409781678Z  INFO  2020-09-14 21:25:44,409 [shard 0] init - Scylla version 4.1.6-0.20200831.6d9ff622df initialization completed.
2020-09-14T21:25:44.850555742Z  INFO  2020-09-14 21:25:44,849 [shard 0] compaction - Compacted 2 sstables to [/var/lib/scylla/data/system/truncated-38c19fd0fb863310a4b70d0cc66628aa/mc-636-big-Data.db:level=0, ]. 82143 bytes to 76744 (~93% of original) in 347ms = 0.21MB/s. ~256 total partitions merged to 2.
2020-09-14T21:26:21.440060082Z  INFO  2020-09-14 21:26:21,439 [shard 3] compaction - Compacting [/var/lib/scylla/data/system/clients-ca0f635d863036098d93a1fc06f2a5e5/mc-11-big-Data.db:level=0, /var/lib/scylla/data/system/clients-ca0f635d863036098d93a1fc06f2a5e5/mc-7-big-Data.db:level=0, ]
2020-09-14T21:26:21.995029741Z  INFO  2020-09-14 21:26:21,994 [shard 3] compaction - Compacted 2 sstables to [/var/lib/scylla/data/system/clients-ca0f635d863036098d93a1fc06f2a5e5/mc-15-big-Data.db:level=0, ]. 98793 bytes to 6028 (~6% of original) in 383ms = 0.02MB/s. ~256 total partitions merged to 1.
2020-09-14T21:26:39.216495395Z  INFO  2020-09-14 21:26:39,216 [shard 3] compaction - Compacting [/var/lib/scylla/data/system/clients-ca0f635d863036098d93a1fc06f2a5e5/mc-15-big-Data.db:level=0, /var/lib/scylla/data/system/clients-ca0f635d863036098d93a1fc06f2a5e5/mc-19-big-Data.db:level=0, ]
2020-09-14T21:26:39.735565228Z  INFO  2020-09-14 21:26:39,734 [shard 3] compaction - Compacted 2 sstables to [/var/lib/scylla/data/system/clients-ca0f635d863036098d93a1fc06f2a5e5/mc-23-big-Data.db:level=0, ]. 55339 bytes to 5997 (~10% of original) in 377ms = 0.02MB/s. ~256 total partitions merged to 1.
