2020-09-05T11:15:00.281130142Z  running: (['/opt/scylladb/scripts/scylla_dev_mode_setup', '--developer-mode', '1'],)
2020-09-05T11:15:00.760583732Z  running: (['/opt/scylladb/scripts/scylla_io_setup'],)
2020-09-05T11:15:01.151668063Z  2020-09-05 11:15:01,151 CRIT Supervisor is running as root.  Privileges were not dropped because no user is specified in the config file.  If you intend to run as root, you can set user=root in the config file to avoid this message.
2020-09-05T11:15:01.151986689Z  2020-09-05 11:15:01,151 INFO Included extra file "/etc/supervisord.conf.d/node-exporter.conf" during parsing
2020-09-05T11:15:01.152145754Z  2020-09-05 11:15:01,151 INFO Included extra file "/etc/supervisord.conf.d/rsyslog.conf" during parsing
2020-09-05T11:15:01.152391243Z  2020-09-05 11:15:01,152 INFO Included extra file "/etc/supervisord.conf.d/scylla-housekeeping.conf" during parsing
2020-09-05T11:15:01.152605220Z  2020-09-05 11:15:01,152 INFO Included extra file "/etc/supervisord.conf.d/scylla-jmx.conf" during parsing
2020-09-05T11:15:01.152822069Z  2020-09-05 11:15:01,152 INFO Included extra file "/etc/supervisord.conf.d/scylla-server.conf" during parsing
2020-09-05T11:15:01.153031413Z  2020-09-05 11:15:01,152 INFO Included extra file "/etc/supervisord.conf.d/sshd-server.conf" during parsing
2020-09-05T11:15:01.190197516Z  2020-09-05 11:15:01,189 INFO RPC interface 'supervisor' initialized
2020-09-05T11:15:01.190439407Z  2020-09-05 11:15:01,190 CRIT Server 'inet_http_server' running without any HTTP authentication checking
2020-09-05T11:15:01.190927507Z  2020-09-05 11:15:01,190 INFO supervisord started with pid 25
2020-09-05T11:15:02.199361062Z  2020-09-05 11:15:02,194 INFO spawned: 'scylla' with pid 28
2020-09-05T11:15:02.200302234Z  2020-09-05 11:15:02,199 INFO spawned: 'scylla-housekeeping' with pid 29
2020-09-05T11:15:02.205142657Z  2020-09-05 11:15:02,204 INFO spawned: 'sshd' with pid 30
2020-09-05T11:15:02.213926471Z  2020-09-05 11:15:02,213 INFO spawned: 'scylla-jmx' with pid 32
2020-09-05T11:15:02.216976164Z  2020-09-05 11:15:02,216 INFO spawned: 'rsyslog' with pid 33
2020-09-05T11:15:02.225817152Z  2020-09-05 11:15:02,225 INFO spawned: 'node-exporter' with pid 35
2020-09-05T11:15:02.239042696Z  Generating public/private ed25519 key pair.
2020-09-05T11:15:02.239069133Z  Your identification has been saved in /etc/ssh/ssh_host_ed25519_key.
2020-09-05T11:15:02.239080466Z  Your public key has been saved in /etc/ssh/ssh_host_ed25519_key.pub.
2020-09-05T11:15:02.239090657Z  The key fingerprint is:
2020-09-05T11:15:02.239100646Z  SHA256:OW6UvZq5WbGPzQvWWRlvhmnWBb9NREgirhaeKCHOAB0 root@a6635e59c8aa
2020-09-05T11:15:02.239110807Z  The key's randomart image is:
2020-09-05T11:15:02.239120651Z  +--[ED25519 256]--+
2020-09-05T11:15:02.239130524Z  |..E.      . ..ooo|
2020-09-05T11:15:02.239140547Z  |. .      . . ..+ |
2020-09-05T11:15:02.239150252Z  |. . .   . .   . +|
2020-09-05T11:15:02.239160069Z  | + . . o B     O+|
2020-09-05T11:15:02.239170001Z  |  o . . S o   B.*|
2020-09-05T11:15:02.239221354Z  |     . + . = = o |
2020-09-05T11:15:02.239232837Z  |        o * o    |
2020-09-05T11:15:02.239254732Z  |       . B *     |
2020-09-05T11:15:02.239265170Z  |        *.. =.   |
2020-09-05T11:15:02.239274517Z  +----[SHA256]-----+
2020-09-05T11:15:02.277143038Z  time="2020-09-05T11:15:02Z" level=info msg="Starting node_exporter (version=0.17.0, branch=HEAD, revision=f6f6194a436b9a63d0439abc585c76b19a206b21)" source="node_exporter.go:82"
2020-09-05T11:15:02.277731337Z  time="2020-09-05T11:15:02Z" level=info msg="Build context (go=go1.11.2, user=root@322511e06ced, date=20181130-15:51:33)" source="node_exporter.go:83"
2020-09-05T11:15:02.278967006Z  time="2020-09-05T11:15:02Z" level=info msg="Enabled collectors:" source="node_exporter.go:90"
2020-09-05T11:15:02.279562482Z  time="2020-09-05T11:15:02Z" level=info msg=" - arp" source="node_exporter.go:97"
2020-09-05T11:15:02.280030121Z  time="2020-09-05T11:15:02Z" level=info msg=" - bcache" source="node_exporter.go:97"
2020-09-05T11:15:02.280542061Z  time="2020-09-05T11:15:02Z" level=info msg=" - bonding" source="node_exporter.go:97"
2020-09-05T11:15:02.280970291Z  time="2020-09-05T11:15:02Z" level=info msg=" - conntrack" source="node_exporter.go:97"
2020-09-05T11:15:02.281445019Z  time="2020-09-05T11:15:02Z" level=info msg=" - cpu" source="node_exporter.go:97"
2020-09-05T11:15:02.281870874Z  time="2020-09-05T11:15:02Z" level=info msg=" - diskstats" source="node_exporter.go:97"
2020-09-05T11:15:02.282343072Z  time="2020-09-05T11:15:02Z" level=info msg=" - edac" source="node_exporter.go:97"
2020-09-05T11:15:02.282827027Z  time="2020-09-05T11:15:02Z" level=info msg=" - entropy" source="node_exporter.go:97"
2020-09-05T11:15:02.283789757Z  time="2020-09-05T11:15:02Z" level=info msg=" - filefd" source="node_exporter.go:97"
2020-09-05T11:15:02.284230212Z  time="2020-09-05T11:15:02Z" level=info msg=" - filesystem" source="node_exporter.go:97"
2020-09-05T11:15:02.284715043Z  time="2020-09-05T11:15:02Z" level=info msg=" - hwmon" source="node_exporter.go:97"
2020-09-05T11:15:02.285165719Z  time="2020-09-05T11:15:02Z" level=info msg=" - infiniband" source="node_exporter.go:97"
2020-09-05T11:15:02.285633932Z  time="2020-09-05T11:15:02Z" level=info msg=" - interrupts" source="node_exporter.go:97"
2020-09-05T11:15:02.286049226Z  time="2020-09-05T11:15:02Z" level=info msg=" - ipvs" source="node_exporter.go:97"
2020-09-05T11:15:02.286513841Z  time="2020-09-05T11:15:02Z" level=info msg=" - loadavg" source="node_exporter.go:97"
2020-09-05T11:15:02.286972985Z  time="2020-09-05T11:15:02Z" level=info msg=" - mdadm" source="node_exporter.go:97"
2020-09-05T11:15:02.288068622Z  time="2020-09-05T11:15:02Z" level=info msg=" - meminfo" source="node_exporter.go:97"
2020-09-05T11:15:02.288101670Z  time="2020-09-05T11:15:02Z" level=info msg=" - netclass" source="node_exporter.go:97"
2020-09-05T11:15:02.288113844Z  time="2020-09-05T11:15:02Z" level=info msg=" - netdev" source="node_exporter.go:97"
2020-09-05T11:15:02.288135451Z  time="2020-09-05T11:15:02Z" level=info msg=" - netstat" source="node_exporter.go:97"
2020-09-05T11:15:02.288146727Z  time="2020-09-05T11:15:02Z" level=info msg=" - nfs" source="node_exporter.go:97"
2020-09-05T11:15:02.288168461Z  time="2020-09-05T11:15:02Z" level=info msg=" - nfsd" source="node_exporter.go:97"
2020-09-05T11:15:02.288178592Z  time="2020-09-05T11:15:02Z" level=info msg=" - sockstat" source="node_exporter.go:97"
2020-09-05T11:15:02.288188673Z  time="2020-09-05T11:15:02Z" level=info msg=" - stat" source="node_exporter.go:97"
2020-09-05T11:15:02.288198819Z  time="2020-09-05T11:15:02Z" level=info msg=" - textfile" source="node_exporter.go:97"
2020-09-05T11:15:02.288208793Z  time="2020-09-05T11:15:02Z" level=info msg=" - time" source="node_exporter.go:97"
2020-09-05T11:15:02.288218985Z  time="2020-09-05T11:15:02Z" level=info msg=" - timex" source="node_exporter.go:97"
2020-09-05T11:15:02.288229114Z  time="2020-09-05T11:15:02Z" level=info msg=" - uname" source="node_exporter.go:97"
2020-09-05T11:15:02.288239413Z  time="2020-09-05T11:15:02Z" level=info msg=" - vmstat" source="node_exporter.go:97"
2020-09-05T11:15:02.288249596Z  time="2020-09-05T11:15:02Z" level=info msg=" - xfs" source="node_exporter.go:97"
2020-09-05T11:15:02.288270322Z  time="2020-09-05T11:15:02Z" level=info msg=" - zfs" source="node_exporter.go:97"
2020-09-05T11:15:02.288280006Z  time="2020-09-05T11:15:02Z" level=info msg="Listening on :9100" source="node_exporter.go:111"
2020-09-05T11:15:02.981335658Z  Scylla version 4.1.6-0.20200831.6d9ff622df with build-id c2ed04d00095c63b7456b5fcda6775c5a9f33b0b starting ...
2020-09-05T11:15:02.981393190Z  command used: "/usr/bin/scylla --log-to-syslog 0 --log-to-stdout 1 --default-log-level info --network-stack posix --developer-mode=1 --overprovisioned --listen-address 10.0.45.6 --rpc-address 10.0.45.6 --seed-provider-parameters seeds=10.0.45.6 --blocked-reactor-notify-ms 999999999"
2020-09-05T11:15:02.981406635Z  parsed command line options: [log-to-syslog: 0, log-to-stdout: 1, default-log-level: info, network-stack: posix, developer-mode: 1, overprovisioned, listen-address: 10.0.45.6, rpc-address: 10.0.45.6, seed-provider-parameters: seeds=10.0.45.6, blocked-reactor-notify-ms: 999999999]
2020-09-05T11:15:03.002712745Z  WARN  2020-09-05 11:15:03,002 [shard 0] seastar - Unable to set SCHED_FIFO scheduling policy for timer thread; latency impact possible. Try adding CAP_SYS_NICE
2020-09-05T11:15:03.030977687Z  INFO  2020-09-05 11:15:03,030 [shard 0] init - installing SIGHUP handler
2020-09-05T11:15:03.034506748Z  INFO  2020-09-05 11:15:03,034 [shard 0] init - Scylla version 4.1.6-0.20200831.6d9ff622df with build-id c2ed04d00095c63b7456b5fcda6775c5a9f33b0b starting ...
2020-09-05T11:15:03.034561994Z  
2020-09-05T11:15:03.035785658Z  INFO  2020-09-05 11:15:03,035 [shard 0] init - starting prometheus API server
2020-09-05T11:15:03.040302845Z  INFO  2020-09-05 11:15:03,039 [shard 0] init - starting tokens manager
2020-09-05T11:15:03.041195655Z  INFO  2020-09-05 11:15:03,040 [shard 0] init - starting migration manager notifier
2020-09-05T11:15:03.041242061Z  INFO  2020-09-05 11:15:03,040 [shard 0] init - creating tracing
2020-09-05T11:15:03.042203038Z  INFO  2020-09-05 11:15:03,041 [shard 0] init - creating snitch
2020-09-05T11:15:03.042247458Z  INFO  2020-09-05 11:15:03,041 [shard 0] init - determining DNS name
2020-09-05T11:15:03.042259977Z  INFO  2020-09-05 11:15:03,041 [shard 0] init - starting API server
2020-09-05T11:15:03.043287868Z  INFO  2020-09-05 11:15:03,042 [shard 0] init - Scylla API server listening on 127.0.0.1:10000 ...
2020-09-05T11:15:03.043916376Z  INFO  2020-09-05 11:15:03,043 [shard 0] init - initializing storage service
2020-09-05T11:15:03.044518532Z  INFO  2020-09-05 11:15:03,044 [shard 0] init - starting per-shard database core
2020-09-05T11:15:03.047692200Z  WARN  2020-09-05 11:15:03,047 [shard 0] init - I/O Scheduler is not properly configured! This is a non-supported setup, and performance is expected to be unpredictably bad.
2020-09-05T11:15:03.047737864Z   Reason found: none of --max-io-requests, --io-properties and --io-properties-file are set.
2020-09-05T11:15:03.047751165Z  To properly configure the I/O Scheduler, run the scylla_io_setup utility shipped with Scylla.
2020-09-05T11:15:03.047761128Z  
2020-09-05T11:15:03.049708334Z  INFO  2020-09-05 11:15:03,049 [shard 0] init - creating and verifying directories
2020-09-05T11:15:03.749317093Z  Connecting to http://localhost:100002020-09-05 11:15:03,749 INFO success: scylla entered RUNNING state, process has stayed up for > than 1 seconds (startsecs)
2020-09-05T11:15:03.749602033Z  2020-09-05 11:15:03,749 INFO success: scylla-housekeeping entered RUNNING state, process has stayed up for > than 1 seconds (startsecs)
2020-09-05T11:15:03.749875206Z  2020-09-05 11:15:03,749 INFO success: sshd entered RUNNING state, process has stayed up for > than 1 seconds (startsecs)
2020-09-05T11:15:03.750154475Z  2020-09-05 11:15:03,749 INFO success: scylla-jmx entered RUNNING state, process has stayed up for > than 1 seconds (startsecs)
2020-09-05T11:15:03.750427181Z  2020-09-05 11:15:03,750 INFO success: rsyslog entered RUNNING state, process has stayed up for > than 1 seconds (startsecs)
2020-09-05T11:15:03.750697321Z  2020-09-05 11:15:03,750 INFO success: node-exporter entered RUNNING state, process has stayed up for > than 1 seconds (startsecs)
2020-09-05T11:15:03.752571588Z  
2020-09-05T11:15:03.752594347Z  Starting the JMX server
2020-09-05T11:15:03.835865780Z  INFO  2020-09-05 11:15:03,834 [shard 0] database - Populating Keyspace system_schema
2020-09-05T11:15:03.835920298Z  INFO  2020-09-05 11:15:03,834 [shard 0] database - Keyspace system_schema: Reading CF computed_columns id=cc7c7069-3740-33c1-92a4-c3de78dbd2c4 version=2b8c4439-de76-31e0-807f-3b7290a975d7
2020-09-05T11:15:03.835932718Z  INFO  2020-09-05 11:15:03,834 [shard 0] database - Keyspace system_schema: Reading CF view_virtual_columns id=08843b63-45dc-3be2-9798-a0418295cfaa version=c777531c-15f7-326f-8ebe-39fd0265c8c9
2020-09-05T11:15:03.835944530Z  INFO  2020-09-05 11:15:03,834 [shard 0] database - Keyspace system_schema: Reading CF dropped_columns id=5e7583b5-f3f4-3af1-9a39-b7e1d6f5f11f version=7426bc6c-4c2f-3200-8ad8-4329610ed59a
2020-09-05T11:15:03.835972215Z  INFO  2020-09-05 11:15:03,834 [shard 0] database - Keyspace system_schema: Reading CF indexes id=0feb57ac-311f-382f-ba6d-9024d305702f version=99c40462-8687-304e-abe3-2bdbef1f25aa
2020-09-05T11:15:03.835983836Z  INFO  2020-09-05 11:15:03,834 [shard 0] database - Keyspace system_schema: Reading CF functions id=96489b79-80be-3e14-a701-66a0b9159450 version=329ed804-55b3-3eee-ad61-d85317b96097
2020-09-05T11:15:03.835993819Z  INFO  2020-09-05 11:15:03,834 [shard 0] database - Keyspace system_schema: Reading CF columns id=24101c25-a2ae-3af7-87c1-b40ee1aca33f version=d33236d4-9bdd-3c09-abf0-a0bc5edc2526
2020-09-05T11:15:03.836003606Z  INFO  2020-09-05 11:15:03,834 [shard 0] database - Keyspace system_schema: Reading CF scylla_tables id=5d912ff1-f759-3665-b2c8-8042ab5103dd version=38e5e56b-155d-39b5-a0d2-8e5dcad42a26
2020-09-05T11:15:03.836013538Z  INFO  2020-09-05 11:15:03,834 [shard 0] database - Keyspace system_schema: Reading CF tables id=afddfb9d-bc1e-3068-8056-eed6c302ba09 version=b6240810-eeb7-36d5-9411-43b2d68dddab
2020-09-05T11:15:03.836023632Z  INFO  2020-09-05 11:15:03,834 [shard 0] database - Keyspace system_schema: Reading CF keyspaces id=abac5682-dea6-31c5-b535-b3d6cffd0fb6 version=e79ca8ba-6556-3f7d-925a-7f20cf57938c
2020-09-05T11:15:03.836033555Z  INFO  2020-09-05 11:15:03,834 [shard 0] database - Keyspace system_schema: Reading CF triggers id=4df70b66-6b05-3251-95a1-32b54005fd48 version=582d7071-1ef0-37c8-adc6-471a13636139
2020-09-05T11:15:03.836045426Z  INFO  2020-09-05 11:15:03,834 [shard 0] database - Keyspace system_schema: Reading CF views id=9786ac1c-dd58-3201-a7cd-ad556410c985 version=5b58bb47-96e7-3f57-accf-0bfca4dbbc6e
2020-09-05T11:15:03.836056023Z  INFO  2020-09-05 11:15:03,834 [shard 0] database - Keyspace system_schema: Reading CF types id=5a8b1ca8-6602-3f77-a045-9273d308917a version=de51b2ce-5e4d-3b7d-a75f-2204332ce8d1
2020-09-05T11:15:03.836066067Z  INFO  2020-09-05 11:15:03,834 [shard 0] database - Keyspace system_schema: Reading CF aggregates id=924c5587-2e3a-345b-b10c-12f37c1ba895 version=4b53e92c-0368-3d5c-b959-2ec1bfd1a59f
2020-09-05T11:15:04.667871629Z  Generating public/private rsa key pair.
2020-09-05T11:15:04.667907539Z  Your identification has been saved in /etc/ssh/ssh_host_rsa_key.
2020-09-05T11:15:04.667919775Z  Your public key has been saved in /etc/ssh/ssh_host_rsa_key.pub.
2020-09-05T11:15:04.667930289Z  The key fingerprint is:
2020-09-05T11:15:04.667940292Z  SHA256:MkVi0fX7rimPqf2JhvMwLpmwvvLDm8U68nBey3gG43Y root@a6635e59c8aa
2020-09-05T11:15:04.667950228Z  The key's randomart image is:
2020-09-05T11:15:04.667960076Z  +---[RSA 4096]----+
2020-09-05T11:15:04.667970026Z  |      +o...      |
2020-09-05T11:15:04.667979983Z  |     . o.  .     |
2020-09-05T11:15:04.667989972Z  |        .   .    |
2020-09-05T11:15:04.667999900Z  |       .     .   |
2020-09-05T11:15:04.668009975Z  |      o S   .    |
2020-09-05T11:15:04.668020009Z  |    +. o     .   |
2020-09-05T11:15:04.668029995Z  |  .o.=+oo.    .  |
2020-09-05T11:15:04.668039720Z  |  o+BBEoo+o+ +   |
2020-09-05T11:15:04.668061934Z  |   B@Oo.o=*+*..  |
2020-09-05T11:15:04.668073054Z  +----[SHA256]-----+
2020-09-05T11:15:04.671394827Z  JMX is enabled to receive remote connections on port: 7199
2020-09-05T11:15:04.681148954Z  Could not load host key: /etc/ssh/ssh_host_ecdsa_key
2020-09-05T11:15:07.913676302Z  Traceback (most recent call last):
2020-09-05T11:15:07.913739052Z    File "/opt/scylladb/scripts/libexec/scylla-housekeeping", line 208, in <module>
2020-09-05T11:15:07.913764389Z      args.func(args)
2020-09-05T11:15:07.913784336Z    File "/opt/scylladb/scripts/libexec/scylla-housekeeping", line 134, in check_version
2020-09-05T11:15:07.913804546Z      current_version = sanitize_version(get_api('/storage_service/scylla_release_version'))
2020-09-05T11:15:07.913824043Z    File "/opt/scylladb/scripts/libexec/scylla-housekeeping", line 93, in get_api
2020-09-05T11:15:07.913843866Z      return get_json_from_url("http://" + api_address + path)
2020-09-05T11:15:07.913863500Z    File "/opt/scylladb/scripts/libexec/scylla-housekeeping", line 88, in get_json_from_url
2020-09-05T11:15:07.913883723Z      raise RuntimeError(f'Failed to get "{path}" due to the following error: {retval}')
2020-09-05T11:15:07.913903610Z  RuntimeError: Failed to get "http://localhost:10000/storage_service/scylla_release_version" due to the following error: HTTP Error 404: Not Found
2020-09-05T11:15:08.964024324Z  INFO  2020-09-05 11:15:08,963 [shard 0] database - Populating Keyspace system
2020-09-05T11:15:08.964062001Z  INFO  2020-09-05 11:15:08,963 [shard 0] database - Keyspace system: Reading CF schema_aggregates id=a5fc57fc-9d6c-3bfd-a3fc-01ad54686fea version=d06c934f-9a69-374c-86f1-523ab26fb05c
2020-09-05T11:15:08.964075088Z  INFO  2020-09-05 11:15:08,963 [shard 0] database - Keyspace system: Reading CF schema_triggers id=0359bc71-7123-3ee1-9a4a-b9dfb11fc125 version=75e4ec4c-76da-3f59-984e-66810ba0c62b
2020-09-05T11:15:08.964416785Z  INFO  2020-09-05 11:15:08,963 [shard 0] database - Keyspace system: Reading CF compaction_history id=b4dbb7b4-dc49-3fb5-b3bf-ce6e434832ca version=25cae56a-8d75-39f3-a146-3756ab4981c7
2020-09-05T11:15:08.964445431Z  INFO  2020-09-05 11:15:08,963 [shard 0] database - Keyspace system: Reading CF compactions_in_progress id=55080ab0-5d9c-3886-90a4-acb25fe1f77b version=540263f1-40db-3869-8a38-3baadedc222d
2020-09-05T11:15:08.964458793Z  INFO  2020-09-05 11:15:08,963 [shard 0] database - Keyspace system: Reading CF range_xfers id=55d76438-4e55-3f8b-9f6e-676d4af3976d version=dd15a078-409b-350d-9bef-c5f3520832d8
2020-09-05T11:15:08.964487868Z  INFO  2020-09-05 11:15:08,963 [shard 0] database - Keyspace system: Reading CF scylla_views_builds_in_progress id=a04c7bfd-1e13-36c9-a44d-f22da352281d version=e3fb736c-6956-3990-a31d-9a482279e3fc
2020-09-05T11:15:08.964501890Z  INFO  2020-09-05 11:15:08,963 [shard 0] database - Keyspace system: Reading CF IndexInfo id=9f5c6374-d485-3229-9a0a-5094af9ad1e3 version=bbb3743b-351f-3023-b4fc-09a9be37d529
2020-09-05T11:15:08.964513152Z  INFO  2020-09-05 11:15:08,963 [shard 0] database - Keyspace system: Reading CF cdc_local id=0bcaffd4-0c83-3ead-ad13-dc1d5015b77c version=0aa4d3a2-ed95-3ecd-aba0-cd75622ad290
2020-09-05T11:15:08.964540138Z  INFO  2020-09-05 11:15:08,963 [shard 0] database - Keyspace system: Reading CF schema_columnfamilies id=45f5b360-24bc-3f83-a363-1034ea4fa697 version=7f7a5fea-07b7-304d-a6f8-f7aec72cabdb
2020-09-05T11:15:08.964552605Z  INFO  2020-09-05 11:15:08,963 [shard 0] database - Keyspace system: Reading CF batchlog id=0290003c-977e-397c-ac3e-fdfdc01d626b version=e2a2e804-49e4-3597-9f16-39fd9475835c
2020-09-05T11:15:08.964563581Z  INFO  2020-09-05 11:15:08,964 [shard 0] database - Keyspace system: Reading CF schema_functions id=d1b675fe-2b50-3ca4-8e49-c0f81989dcad version=a50959dd-2be0-3e4e-8bb5-cf40796e256a
2020-09-05T11:15:08.964574611Z  INFO  2020-09-05 11:15:08,964 [shard 0] database - Keyspace system: Reading CF peer_events id=59dfeaea-8db2-3341-91ef-109974d81484 version=7f874a05-72b8-3c21-9acb-baa164fc351a
2020-09-05T11:15:08.964585576Z  INFO  2020-09-05 11:15:08,964 [shard 0] database - Keyspace system: Reading CF local id=7ad54392-bcdd-35a6-8417-4e047860b377 version=7fa82c2e-5b67-37dd-8e5e-2079e18f1536
2020-09-05T11:15:08.964990660Z  INFO  2020-09-05 11:15:08,964 [shard 0] database - Keyspace system: Reading CF clients id=ca0f635d-8630-3609-8d93-a1fc06f2a5e5 version=51273ebf-e6f9-3cd5-b455-ea09ad29796f
2020-09-05T11:15:08.965037045Z  INFO  2020-09-05 11:15:08,964 [shard 0] database - Keyspace system: Reading CF size_estimates id=618f817b-005f-3678-b8a4-53f3930b8e86 version=6d4dbcff-f05b-3dc3-95ad-f79f7b10504d
2020-09-05T11:15:08.965049631Z  INFO  2020-09-05 11:15:08,964 [shard 0] database - Keyspace system: Reading CF large_partitions id=8a7fe624-96b0-34b1-b90e-f71bddcdd2d3 version=04fa9920-9369-3a96-be39-6dd9fdc816b6
2020-09-05T11:15:08.965060945Z  INFO  2020-09-05 11:15:08,964 [shard 0] database - Keyspace system: Reading CF schema_columns id=296e9c04-9bec-3085-827d-c17d3df2122a version=53cfbb66-ee0d-37be-97bb-b2afb3746f85
2020-09-05T11:15:08.965072134Z  INFO  2020-09-05 11:15:08,964 [shard 0] database - Keyspace system: Reading CF built_views id=4b3c50a9-ea87-3d76-9101-6dbc9c38494a version=a28aa0b3-6def-30a7-9fbe-ce78b3f3c9b9
2020-09-05T11:15:08.965083102Z  INFO  2020-09-05 11:15:08,964 [shard 0] database - Keyspace system: Reading CF peers id=37f71aca-7dc2-383b-a706-72528af04d4f version=f6f6871f-8c86-3eca-ac0b-2a2e848e395d
2020-09-05T11:15:08.965095326Z  INFO  2020-09-05 11:15:08,964 [shard 0] database - Keyspace system: Reading CF hints id=2666e205-73ef-38b3-90fe-fecf96e8f0c7 version=0b74fdd1-e96d-309e-a14e-a5bcd7ac885d
2020-09-05T11:15:08.965106233Z  INFO  2020-09-05 11:15:08,964 [shard 0] database - Keyspace system: Reading CF large_rows id=40550f66-0858-39a0-9430-f27fc08034e9 version=aee3acb0-7926-317b-848e-db7bc3721695
2020-09-05T11:15:08.965117176Z  INFO  2020-09-05 11:15:08,964 [shard 0] database - Keyspace system: Reading CF large_cells id=ead8bbc5-f146-3ae1-9f71-0b11f9a1d296 version=0d4a6937-a781-3f87-a192-b4e4a4a40acf
2020-09-05T11:15:08.965128116Z  INFO  2020-09-05 11:15:08,964 [shard 0] database - Keyspace system: Reading CF scylla_local id=2972ec7f-fb20-38dd-aac1-d876f2e3fcbd version=5f0b407d-eedf-3845-a48e-dbb9673d10e1
2020-09-05T11:15:08.965138962Z  INFO  2020-09-05 11:15:08,964 [shard 0] database - Keyspace system: Reading CF views_builds_in_progress id=b7f2c108-78cd-3c80-9cd5-d609b2bd149c version=b905cce5-1474-3085-819a-7592453e2fb9
2020-09-05T11:15:08.965151534Z  INFO  2020-09-05 11:15:08,964 [shard 0] database - Keyspace system: Reading CF schema_usertypes id=3aa75225-4f82-350b-8d5c-430fa221fa0a version=3c53e6bb-56d5-3618-a0b2-4ff5f18127d7
2020-09-05T11:15:08.965175577Z  INFO  2020-09-05 11:15:08,964 [shard 0] database - Keyspace system: Reading CF sstable_activity id=5a1ff267-ace0-3f12-8563-cfae6103c65e version=bdec57a3-b234-334b-be9c-7b1f33113995
2020-09-05T11:15:08.965187822Z  INFO  2020-09-05 11:15:08,964 [shard 0] database - Keyspace system: Reading CF truncated id=38c19fd0-fb86-3310-a4b7-0d0cc66628aa version=6da9a85c-7ae0-3917-aead-54a2f65a57a8
2020-09-05T11:15:08.965198634Z  INFO  2020-09-05 11:15:08,964 [shard 0] database - Keyspace system: Reading CF paxos id=b7b7f0c2-fd0a-3410-8c05-3ef614bb7c2d version=6dd372de-72fb-3e1b-9b8c-f97738a67fe9
2020-09-05T11:15:08.965209396Z  INFO  2020-09-05 11:15:08,964 [shard 0] database - Keyspace system: Reading CF schema_keyspaces id=b0f22357-4458-3cdb-9631-c43e59ce3676 version=84d28cef-59f9-34a9-9be5-31c684997f03
2020-09-05T11:15:18.147321523Z  INFO  2020-09-05 11:15:18,146 [shard 0] init - starting gossip
2020-09-05T11:15:18.147888314Z  WARN  2020-09-05 11:15:18,147 [shard 0] init - Using default cluster name is not recommended. Using a unique cluster name will reduce the chance of adding nodes to the wrong cluster by mistake
2020-09-05T11:15:18.148532835Z  INFO  2020-09-05 11:15:18,148 [shard 0] init - starting storage proxy
2020-09-05T11:15:18.158710765Z  INFO  2020-09-05 11:15:18,158 [shard 0] init - creating hints manager
2020-09-05T11:15:18.159760487Z  INFO  2020-09-05 11:15:18,159 [shard 1] init - creating hints manager
2020-09-05T11:15:18.160413787Z  INFO  2020-09-05 11:15:18,160 [shard 0] init - starting migration manager
2020-09-05T11:15:18.160973456Z  INFO  2020-09-05 11:15:18,160 [shard 0] init - starting query processor
2020-09-05T11:15:18.162478863Z  INFO  2020-09-05 11:15:18,162 [shard 0] init - initializing batchlog manager
2020-09-05T11:15:18.165982222Z  INFO  2020-09-05 11:15:18,165 [shard 0] legacy_schema_migrator - Moving 0 keyspaces from legacy schema tables to the new schema keyspace (system_schema)
2020-09-05T11:15:18.166730865Z  INFO  2020-09-05 11:15:18,166 [shard 0] legacy_schema_migrator - Dropping legacy schema tables
2020-09-05T11:15:27.145079005Z  INFO  2020-09-05 11:15:27,144 [shard 0] legacy_schema_migrator - Completed migration of legacy schema tables
2020-09-05T11:15:27.149158448Z  INFO  2020-09-05 11:15:27,148 [shard 0] init - loading system sstables
2020-09-05T11:15:36.495197182Z  INFO  2020-09-05 11:15:36,494 [shard 0] init - loading non-system sstables
2020-09-05T11:15:43.282527121Z  INFO  2020-09-05 11:15:43,281 [shard 0] database - Populating Keyspace dt
2020-09-05T11:15:43.283136824Z  INFO  2020-09-05 11:15:43,282 [shard 0] database - Keyspace dt: Reading CF source_element_idx_index id=68593f10-d77b-11ea-9877-000000000001 version=33e3f927-f730-3081-88e1-6bed2962e42a
2020-09-05T11:15:43.283755904Z  INFO  2020-09-05 11:15:43,283 [shard 0] database - Keyspace dt: Reading CF element_twin_idx_index id=630ae8b0-d77b-11ea-9877-000000000001 version=bc3026fd-bc4e-318d-b6f4-ca0b566cb74b
2020-09-05T11:15:43.284270573Z  INFO  2020-09-05 11:15:43,283 [shard 0] database - Keyspace dt: Reading CF source id=65ff2270-d77b-11ea-9877-000000000001 version=5f8471b7-7d19-31d4-9be5-0f153affb0bb
2020-09-05T11:15:43.284853079Z  INFO  2020-09-05 11:15:43,284 [shard 0] database - Keyspace dt: Reading CF source_data id=6af6cd50-d77b-11ea-9877-000000000001 version=b52400e3-b307-3141-b3fc-e5d63573f135
2020-09-05T11:15:43.285383069Z  INFO  2020-09-05 11:15:43,285 [shard 0] database - Keyspace dt: Reading CF element id=607549b0-d77b-11ea-9877-000000000001 version=f44a6c4b-69d8-37f2-b116-7260740acc6c
2020-09-05T11:15:43.285933045Z  INFO  2020-09-05 11:15:43,285 [shard 0] database - Keyspace dt: Reading CF twin id=5e00c740-d77b-11ea-9877-000000000001 version=6240633e-c8cc-3fea-a1e3-452eff1b9659
2020-09-05T11:15:43.286340037Z  INFO  2020-09-05 11:15:43,286 [shard 0] database - Keyspace dt: Reading CF user id=5c294820-d77b-11ea-9877-000000000001 version=02cce273-02f1-3e6a-8674-f1016e3f22d7
2020-09-05T11:15:43.286748452Z  INFO  2020-09-05 11:15:43,286 [shard 0] database - Populating Keyspace system_distributed
2020-09-05T11:15:43.287104184Z  INFO  2020-09-05 11:15:43,286 [shard 0] database - Keyspace system_distributed: Reading CF view_build_status id=5582b59f-8e4e-35e1-b913-3acada51eb04 version=e0b6e628-60e0-39a2-ada0-9b6c13bdd9bc
2020-09-05T11:15:43.287927080Z  INFO  2020-09-05 11:15:43,287 [shard 0] database - Keyspace system_distributed: Reading CF cdc_generations id=6a4df139-00b6-3d21-9efc-dade266dc3b7 version=2511b46b-df1d-39fa-9a77-f5cacf88af47
2020-09-05T11:15:43.287954861Z  INFO  2020-09-05 11:15:43,287 [shard 0] database - Keyspace system_distributed: Reading CF cdc_streams id=07405732-4620-34d6-a85e-947248dad9a4 version=b606cfa4-a37b-32bd-a624-e05cab2bed3c
2020-09-05T11:15:43.287971167Z  INFO  2020-09-05 11:15:43,287 [shard 0] database - Populating Keyspace system_auth
2020-09-05T11:15:43.287985833Z  INFO  2020-09-05 11:15:43,287 [shard 0] database - Keyspace system_auth: Reading CF roles id=5bc52802-de25-35ed-aeab-188eecebb090 version=d8f599da-7544-3f57-aa58-b229deea93e0
2020-09-05T11:15:43.288000995Z  INFO  2020-09-05 11:15:43,287 [shard 0] database - Keyspace system_auth: Reading CF role_members id=0ecdaa87-f8fb-3e60-88d1-74fb36fe5c0d version=2923b5bb-f2f8-36e8-9e73-19019900010c
2020-09-05T11:15:43.288015641Z  INFO  2020-09-05 11:15:43,287 [shard 0] database - Populating Keyspace system_traces
2020-09-05T11:15:43.288033405Z  INFO  2020-09-05 11:15:43,287 [shard 0] database - Keyspace system_traces: Reading CF sessions id=c5e99f16-8677-3914-b17e-960613512345 version=e0fc4b06-6cba-3b7b-bfb6-b42a77c370a9
2020-09-05T11:15:43.288048591Z  INFO  2020-09-05 11:15:43,287 [shard 0] database - Keyspace system_traces: Reading CF node_slow_log_time_idx id=f9706768-aa1e-3d87-9e5c-51a3927c2870 version=eaffc0bb-7b2c-3b64-8924-d8ba685120bc
2020-09-05T11:15:43.288063641Z  INFO  2020-09-05 11:15:43,287 [shard 0] database - Keyspace system_traces: Reading CF sessions_time_idx id=0ebf001c-c1d1-3693-9a63-c3d96ac53318 version=cd5d1e5f-1f42-3b9d-a8ba-3af39d59a7d5
2020-09-05T11:15:43.288078762Z  INFO  2020-09-05 11:15:43,287 [shard 0] database - Keyspace system_traces: Reading CF events id=8826e8e9-e16a-3728-8753-3bc1fc713c25 version=41a6b26e-a03b-3ae1-8a4a-b9446e7f9304
2020-09-05T11:15:43.288093742Z  INFO  2020-09-05 11:15:43,287 [shard 0] database - Keyspace system_traces: Reading CF node_slow_log id=bfcc4e62-5b63-3aa1-a1c3-6f5e47f3325c version=23e7a411-8414-340f-854d-20a3a637e438
2020-09-05T11:15:49.486078929Z  INFO  2020-09-05 11:15:49,485 [shard 0] init - starting view update generator
2020-09-05T11:15:49.486629372Z  INFO  2020-09-05 11:15:49,485 [shard 0] init - discovering staging sstables
2020-09-05T11:15:49.487019911Z  INFO  2020-09-05 11:15:49,486 [shard 0] init - setting up system keyspace
2020-09-05T11:15:49.499631148Z  INFO  2020-09-05 11:15:49,499 [shard 0] init - starting commit log
2020-09-05T11:15:49.500166774Z  INFO  2020-09-05 11:15:49,499 [shard 0] compaction - Compacting [/var/lib/scylla/data/system/peers-37f71aca7dc2383ba70672528af04d4f/mc-4-big-Data.db:level=0, /var/lib/scylla/data/system/peers-37f71aca7dc2383ba70672528af04d4f/mc-2-big-Data.db:level=0, ]
2020-09-05T11:15:49.500538232Z  INFO  2020-09-05 11:15:49,500 [shard 1] compaction - Compacting [/var/lib/scylla/data/system_schema/dropped_columns-5e7583b5f3f43af19a39b7e1d6f5f11f/mc-193-big-Data.db:level=0, /var/lib/scylla/data/system_schema/dropped_columns-5e7583b5f3f43af19a39b7e1d6f5f11f/mc-191-big-Data.db:level=0, ]
2020-09-05T11:15:49.500923414Z  INFO  2020-09-05 11:15:49,500 [shard 1] compaction - Compacting [/var/lib/scylla/data/system/clients-ca0f635d863036098d93a1fc06f2a5e5/mc-7-big-Data.db:level=0, /var/lib/scylla/data/system/clients-ca0f635d863036098d93a1fc06f2a5e5/mc-9-big-Data.db:level=0, ]
2020-09-05T11:15:49.501423068Z  INFO  2020-09-05 11:15:49,500 [shard 1] compaction - Compacting [/var/lib/scylla/data/system_schema/functions-96489b7980be3e14a70166a0b9159450/mc-127-big-Data.db:level=0, /var/lib/scylla/data/system_schema/functions-96489b7980be3e14a70166a0b9159450/mc-125-big-Data.db:level=0, ]
2020-09-05T11:15:49.501443774Z  INFO  2020-09-05 11:15:49,501 [shard 1] compaction - Compacting [/var/lib/scylla/data/system/compaction_history-b4dbb7b4dc493fb5b3bfce6e434832ca/mc-193-big-Data.db:level=0, /var/lib/scylla/data/system/compaction_history-b4dbb7b4dc493fb5b3bfce6e434832ca/mc-191-big-Data.db:level=0, ]
2020-09-05T11:15:49.501863886Z  INFO  2020-09-05 11:15:49,501 [shard 1] compaction - Compacting [/var/lib/scylla/data/system_schema/scylla_tables-5d912ff1f7593665b2c88042ab5103dd/mc-185-big-Data.db:level=0, /var/lib/scylla/data/system_schema/scylla_tables-5d912ff1f7593665b2c88042ab5103dd/mc-183-big-Data.db:level=0, ]
2020-09-05T11:15:49.502252578Z  INFO  2020-09-05 11:15:49,501 [shard 1] compaction - Compacting [/var/lib/scylla/data/dt/source_data-6af6cd50d77b11ea9877000000000001/mc-131-big-Data.db:level=0, /var/lib/scylla/data/dt/source_data-6af6cd50d77b11ea9877000000000001/mc-129-big-Data.db:level=0, ]
2020-09-05T11:15:49.504929761Z  INFO  2020-09-05 11:15:49,504 [shard 1] compaction - Compacting [/var/lib/scylla/data/system_schema/columns-24101c25a2ae3af787c1b40ee1aca33f/mc-195-big-Data.db:level=0, /var/lib/scylla/data/system_schema/columns-24101c25a2ae3af787c1b40ee1aca33f/mc-193-big-Data.db:level=0, ]
2020-09-05T11:15:49.505327751Z  INFO  2020-09-05 11:15:49,505 [shard 0] compaction - Compacting [/var/lib/scylla/data/system/compaction_history-b4dbb7b4dc493fb5b3bfce6e434832ca/mc-182-big-Data.db:level=0, /var/lib/scylla/data/system/compaction_history-b4dbb7b4dc493fb5b3bfce6e434832ca/mc-180-big-Data.db:level=0, ]
2020-09-05T11:15:49.505726013Z  INFO  2020-09-05 11:15:49,505 [shard 0] compaction - Compacting [/var/lib/scylla/data/system/local-7ad54392bcdd35a684174e047860b377/mc-766-big-Data.db:level=0, /var/lib/scylla/data/system/local-7ad54392bcdd35a684174e047860b377/mc-768-big-Data.db:level=0, /var/lib/scylla/data/system/local-7ad54392bcdd35a684174e047860b377/mc-764-big-Data.db:level=0, ]
2020-09-05T11:15:49.505763242Z  INFO  2020-09-05 11:15:49,505 [shard 0] compaction - Compacting [/var/lib/scylla/data/system/truncated-38c19fd0fb863310a4b70d0cc66628aa/mc-334-big-Data.db:level=0, /var/lib/scylla/data/system/truncated-38c19fd0fb863310a4b70d0cc66628aa/mc-332-big-Data.db:level=0, ]
2020-09-05T11:15:49.509985683Z  INFO  2020-09-05 11:15:49,509 [shard 0] init - initializing migration manager RPC verbs
2020-09-05T11:15:49.510361763Z  INFO  2020-09-05 11:15:49,510 [shard 0] init - initializing storage proxy RPC verbs
2020-09-05T11:15:49.510714359Z  INFO  2020-09-05 11:15:49,510 [shard 0] init - starting streaming service
2020-09-05T11:15:49.511403328Z  INFO  2020-09-05 11:15:49,511 [shard 0] init - starting hinted handoff manager
2020-09-05T11:15:50.712794988Z  INFO  2020-09-05 11:15:50,712 [shard 0] compaction - Compacted 2 sstables to []. 10954 bytes to 0 (~0% of original) in 6ms = 0.00MB/s. ~256 total partitions merged to 0.
2020-09-05T11:15:50.717390131Z  INFO  2020-09-05 11:15:50,717 [shard 0] init - starting messaging service
2020-09-05T11:15:50.717629790Z  INFO  2020-09-05 11:15:50,717 [shard 0] repair - Setting max_repair_memory=126248550, max_repair_memory_per_range=33554432, max_repair_ranges_in_parallel=3
2020-09-05T11:15:50.718005447Z  INFO  2020-09-05 11:15:50,717 [shard 0] init - starting storage service
2020-09-05T11:15:50.719331549Z  INFO  2020-09-05 11:15:50,718 [shard 0] storage_service - Loading persisted ring state
2020-09-05T11:15:50.722160745Z  INFO  2020-09-05 11:15:50,721 [shard 0] storage_service - loaded_peer_features: peer_features size=0
2020-09-05T11:15:50.722204852Z  INFO  2020-09-05 11:15:50,721 [shard 0] storage_service - Checking remote features skipped, since this node is a new seed node which knows nothing about the cluster
2020-09-05T11:15:50.724067669Z  INFO  2020-09-05 11:15:50,723 [shard 0] storage_service - Restarting a node in NORMAL status
2020-09-05T11:15:50.745381758Z  INFO  2020-09-05 11:15:50,745 [shard 0] database - Schema version changed to 3f00f995-6495-3765-8599-4e76a2f4c6b2
2020-09-05T11:15:50.745705724Z  INFO  2020-09-05 11:15:50,745 [shard 0] storage_service - Starting up server gossip
2020-09-05T11:15:51.845240588Z  INFO  2020-09-05 11:15:51,844 [shard 1] compaction - Compacted 2 sstables to []. 30158 bytes to 0 (~0% of original) in 4ms = 0.00MB/s. ~256 total partitions merged to 0.
2020-09-05T11:15:53.968099201Z  INFO  2020-09-05 11:15:53,967 [shard 0] messaging_service - Starting Messaging Service on port 7000
2020-09-05T11:15:54.294323819Z  INFO  2020-09-05 11:15:54,293 [shard 1] compaction - Compacting [/var/lib/scylla/data/system_schema/view_virtual_columns-08843b6345dc3be29798a0418295cfaa/mc-135-big-Data.db:level=0, /var/lib/scylla/data/system_schema/view_virtual_columns-08843b6345dc3be29798a0418295cfaa/mc-133-big-Data.db:level=0, ]
2020-09-05T11:15:54.294395622Z  INFO  2020-09-05 11:15:54,293 [shard 1] compaction - Compacting [/var/lib/scylla/data/system_schema/triggers-4df70b666b05325195a132b54005fd48/mc-127-big-Data.db:level=0, /var/lib/scylla/data/system_schema/triggers-4df70b666b05325195a132b54005fd48/mc-125-big-Data.db:level=0, ]
2020-09-05T11:15:54.367974943Z  INFO  2020-09-05 11:15:54,367 [shard 1] compaction - Compacting [/var/lib/scylla/data/system_schema/tables-afddfb9dbc1e30688056eed6c302ba09/mc-187-big-Data.db:level=0, /var/lib/scylla/data/system_schema/tables-afddfb9dbc1e30688056eed6c302ba09/mc-185-big-Data.db:level=0, ]
2020-09-05T11:15:54.745084527Z  INFO  2020-09-05 11:15:54,744 [shard 0] compaction - Compacted 2 sstables to [/var/lib/scylla/data/system/compaction_history-b4dbb7b4dc493fb5b3bfce6e434832ca/mc-184-big-Data.db:level=0, ]. 247887 bytes to 168306 (~67% of original) in 4233ms = 0.04MB/s. ~1152 total partitions merged to 936.
2020-09-05T11:15:54.745111629Z  INFO  2020-09-05 11:15:54,744 [shard 0] compaction - Compacted 3 sstables to [/var/lib/scylla/data/system/local-7ad54392bcdd35a684174e047860b377/mc-770-big-Data.db:level=0, ]. 24428 bytes to 12427 (~50% of original) in 4232ms = 0.00MB/s. ~384 total partitions merged to 1.
2020-09-05T11:15:54.746013852Z  INFO  2020-09-05 11:15:54,745 [shard 0] compaction - Compacting [/var/lib/scylla/data/system/local-7ad54392bcdd35a684174e047860b377/mc-772-big-Data.db:level=0, /var/lib/scylla/data/system/local-7ad54392bcdd35a684174e047860b377/mc-770-big-Data.db:level=0, ]
2020-09-05T11:15:54.746355231Z  INFO  2020-09-05 11:15:54,745 [shard 0] compaction - Compacted 2 sstables to [/var/lib/scylla/data/system/truncated-38c19fd0fb863310a4b70d0cc66628aa/mc-336-big-Data.db:level=0, ]. 82079 bytes to 76842 (~93% of original) in 4232ms = 0.02MB/s. ~256 total partitions merged to 3.
2020-09-05T11:15:56.032147420Z  INFO  2020-09-05 11:15:56,031 [shard 1] compaction - Compacted 2 sstables to [/var/lib/scylla/data/system/compaction_history-b4dbb7b4dc493fb5b3bfce6e434832ca/mc-195-big-Data.db:level=0, ]. 252034 bytes to 173051 (~68% of original) in 4790ms = 0.03MB/s. ~1152 total partitions merged to 999.
2020-09-05T11:15:56.207996994Z  INFO  2020-09-05 11:15:56,207 [shard 0] compaction - Compacted 2 sstables to [/var/lib/scylla/data/system/local-7ad54392bcdd35a684174e047860b377/mc-774-big-Data.db:level=0, ]. 19033 bytes to 12268 (~64% of original) in 1011ms = 0.01MB/s. ~256 total partitions merged to 1.
2020-09-05T11:15:56.521660026Z  INFO  2020-09-05 11:15:56,520 [shard 1] compaction - Compacted 2 sstables to [/var/lib/scylla/data/system_schema/dropped_columns-5e7583b5f3f43af19a39b7e1d6f5f11f/mc-195-big-Data.db:level=0, ]. 78621 bytes to 39473 (~50% of original) in 4793ms = 0.01MB/s. ~256 total partitions merged to 2.
2020-09-05T11:15:56.521707887Z  INFO  2020-09-05 11:15:56,521 [shard 1] compaction - Compacted 2 sstables to [/var/lib/scylla/data/system_schema/functions-96489b7980be3e14a70166a0b9159450/mc-129-big-Data.db:level=0, ]. 78944 bytes to 39628 (~50% of original) in 4792ms = 0.01MB/s. ~256 total partitions merged to 2.
2020-09-05T11:15:56.660801096Z  INFO  2020-09-05 11:15:56,660 [shard 1] compaction - Compacted 2 sstables to [/var/lib/scylla/data/system_schema/scylla_tables-5d912ff1f7593665b2c88042ab5103dd/mc-187-big-Data.db:level=0, ]. 80999 bytes to 40715 (~50% of original) in 4865ms = 0.01MB/s. ~256 total partitions merged to 2.
2020-09-05T11:15:56.660867717Z  INFO  2020-09-05 11:15:56,660 [shard 1] compaction - Compacted 2 sstables to [/var/lib/scylla/data/system_schema/columns-24101c25a2ae3af787c1b40ee1aca33f/mc-197-big-Data.db:level=0, ]. 118314 bytes to 72731 (~61% of original) in 4863ms = 0.01MB/s. ~256 total partitions merged to 6.
2020-09-05T11:15:56.660891747Z  INFO  2020-09-05 11:15:56,660 [shard 1] compaction - Compacted 2 sstables to [/var/lib/scylla/data/dt/source_data-6af6cd50d77b11ea9877000000000001/mc-133-big-Data.db:level=0, ]. 6628658 bytes to 6623611 (~99% of original) in 4794ms = 1.32MB/s. ~256 total partitions merged to 1.
2020-09-05T11:15:57.684830132Z  INFO  2020-09-05 11:15:57,683 [shard 1] compaction - Compacting [/var/lib/scylla/data/system_schema/keyspaces-abac5682dea631c5b535b3d6cffd0fb6/mc-207-big-Data.db:level=0, /var/lib/scylla/data/system_schema/keyspaces-abac5682dea631c5b535b3d6cffd0fb6/mc-205-big-Data.db:level=0, ]
2020-09-05T11:15:57.685665011Z  INFO  2020-09-05 11:15:57,685 [shard 1] compaction - Compacting [/var/lib/scylla/data/system_schema/types-5a8b1ca866023f77a0459273d308917a/mc-125-big-Data.db:level=0, /var/lib/scylla/data/system_schema/types-5a8b1ca866023f77a0459273d308917a/mc-123-big-Data.db:level=0, ]
2020-09-05T11:15:58.864967175Z  INFO  2020-09-05 11:15:58,863 [shard 1] compaction - Compacted 2 sstables to [/var/lib/scylla/data/system_schema/view_virtual_columns-08843b6345dc3be29798a0418295cfaa/mc-137-big-Data.db:level=0, ]. 85739 bytes to 46603 (~54% of original) in 3389ms = 0.01MB/s. ~256 total partitions merged to 3.
2020-09-05T11:15:58.865029196Z  INFO  2020-09-05 11:15:58,864 [shard 1] compaction - Compacted 2 sstables to [/var/lib/scylla/data/system_schema/triggers-4df70b666b05325195a132b54005fd48/mc-129-big-Data.db:level=0, ]. 78412 bytes to 39362 (~50% of original) in 3391ms = 0.01MB/s. ~256 total partitions merged to 2.
2020-09-05T11:15:58.964798777Z  INFO  2020-09-05 11:15:58,964 [shard 1] compaction - Compacted 2 sstables to [/var/lib/scylla/data/system_schema/tables-afddfb9dbc1e30688056eed6c302ba09/mc-189-big-Data.db:level=0, ]. 112331 bytes to 68668 (~61% of original) in 3414ms = 0.02MB/s. ~256 total partitions merged to 6.
2020-09-05T11:15:59.689089932Z  INFO  2020-09-05 11:15:59,688 [shard 1] compaction - Compacting [/var/lib/scylla/data/system_schema/aggregates-924c55872e3a345bb10c12f37c1ba895/mc-119-big-Data.db:level=0, /var/lib/scylla/data/system_schema/aggregates-924c55872e3a345bb10c12f37c1ba895/mc-117-big-Data.db:level=0, ]
2020-09-05T11:15:59.690257097Z  INFO  2020-09-05 11:15:59,689 [shard 1] compaction - Compacting [/var/lib/scylla/data/system_schema/indexes-0feb57ac311f382fba6d9024d305702f/mc-193-big-Data.db:level=0, /var/lib/scylla/data/system_schema/indexes-0feb57ac311f382fba6d9024d305702f/mc-191-big-Data.db:level=0, ]
2020-09-05T11:16:00.801979048Z  INFO  2020-09-05 11:16:00,801 [shard 1] compaction - Compacted 2 sstables to [/var/lib/scylla/data/system_schema/types-5a8b1ca866023f77a0459273d308917a/mc-127-big-Data.db:level=0, ]. 78534 bytes to 39423 (~50% of original) in 2003ms = 0.02MB/s. ~256 total partitions merged to 2.
2020-09-05T11:16:00.874324993Z  INFO  2020-09-05 11:16:00,873 [shard 1] compaction - Compacted 2 sstables to [/var/lib/scylla/data/system_schema/keyspaces-abac5682dea631c5b535b3d6cffd0fb6/mc-209-big-Data.db:level=0, ]. 100573 bytes to 61468 (~61% of original) in 2005ms = 0.03MB/s. ~256 total partitions merged to 6.
2020-09-05T11:16:01.731631809Z  INFO  2020-09-05 11:16:01,730 [shard 1] compaction - Compacting [/var/lib/scylla/data/system_schema/computed_columns-cc7c7069374033c192a4c3de78dbd2c4/mc-183-big-Data.db:level=0, /var/lib/scylla/data/system_schema/computed_columns-cc7c7069374033c192a4c3de78dbd2c4/mc-181-big-Data.db:level=0, ]
2020-09-05T11:16:01.732970143Z  INFO  2020-09-05 11:16:01,732 [shard 1] compaction - Compacting [/var/lib/scylla/data/system_schema/views-9786ac1cdd583201a7cdad556410c985/mc-127-big-Data.db:level=0, /var/lib/scylla/data/system_schema/views-9786ac1cdd583201a7cdad556410c985/mc-125-big-Data.db:level=0, ]
2020-09-05T11:16:02.808840596Z  INFO  2020-09-05 11:16:02,808 [shard 1] compaction - Compacted 2 sstables to [/var/lib/scylla/data/system_schema/aggregates-924c55872e3a345bb10c12f37c1ba895/mc-121-big-Data.db:level=0, ]. 78750 bytes to 39531 (~50% of original) in 2040ms = 0.02MB/s. ~256 total partitions merged to 2.
2020-09-05T11:16:02.897258394Z  INFO  2020-09-05 11:16:02,896 [shard 1] compaction - Compacted 2 sstables to [/var/lib/scylla/data/system_schema/indexes-0feb57ac311f382fba6d9024d305702f/mc-195-big-Data.db:level=0, ]. 85563 bytes to 46467 (~54% of original) in 2042ms = 0.02MB/s. ~256 total partitions merged to 3.
2020-09-05T11:16:03.614340014Z  INFO  2020-09-05 11:16:03,613 [shard 1] compaction - Compacting [/var/lib/scylla/data/system/truncated-38c19fd0fb863310a4b70d0cc66628aa/mc-185-big-Data.db:level=0, /var/lib/scylla/data/system/truncated-38c19fd0fb863310a4b70d0cc66628aa/mc-183-big-Data.db:level=0, ]
2020-09-05T11:16:04.417737883Z  INFO  2020-09-05 11:16:04,416 [shard 1] compaction - Compacted 2 sstables to [/var/lib/scylla/data/system_schema/computed_columns-cc7c7069374033c192a4c3de78dbd2c4/mc-185-big-Data.db:level=0, ]. 85223 bytes to 46296 (~54% of original) in 1881ms = 0.02MB/s. ~256 total partitions merged to 3.
2020-09-05T11:16:04.419911477Z  INFO  2020-09-05 11:16:04,418 [shard 1] compaction - Compacted 2 sstables to [/var/lib/scylla/data/system_schema/views-9786ac1cdd583201a7cdad556410c985/mc-129-big-Data.db:level=0, ]. 88727 bytes to 48224 (~54% of original) in 1880ms = 0.02MB/s. ~256 total partitions merged to 3.
2020-09-05T11:16:05.388696322Z  INFO  2020-09-05 11:16:05,387 [shard 1] compaction - Compacted 2 sstables to [/var/lib/scylla/data/system/truncated-38c19fd0fb863310a4b70d0cc66628aa/mc-187-big-Data.db:level=0, ]. 147916 bytes to 74119 (~50% of original) in 1420ms = 0.05MB/s. ~256 total partitions merged to 6.
2020-09-05T11:16:05.972707518Z  INFO  2020-09-05 11:16:05,970 [shard 0] gossip - No gossip backlog; proceeding
2020-09-05T11:16:05.972743225Z  INFO  2020-09-05 11:16:05,970 [shard 0] features - Feature COMPUTED_COLUMNS is enabled
2020-09-05T11:16:05.972754432Z  INFO  2020-09-05 11:16:05,970 [shard 0] features - Feature CORRECT_COUNTER_ORDER is enabled
2020-09-05T11:16:05.972764405Z  INFO  2020-09-05 11:16:05,970 [shard 0] features - Feature CORRECT_NON_COMPOUND_RANGE_TOMBSTONES is enabled
2020-09-05T11:16:05.972774187Z  INFO  2020-09-05 11:16:05,970 [shard 0] features - Feature CORRECT_STATIC_COMPACT_IN_MC is enabled
2020-09-05T11:16:05.972783680Z  INFO  2020-09-05 11:16:05,970 [shard 0] features - Feature COUNTERS is enabled
2020-09-05T11:16:05.972793384Z  INFO  2020-09-05 11:16:05,970 [shard 0] features - Feature DIGEST_INSENSITIVE_TO_EXPIRY is enabled
2020-09-05T11:16:05.972802958Z  INFO  2020-09-05 11:16:05,970 [shard 0] features - Feature DIGEST_MULTIPARTITION_READ is enabled
2020-09-05T11:16:05.972812445Z  INFO  2020-09-05 11:16:05,970 [shard 0] features - Feature HINTED_HANDOFF_SEPARATE_CONNECTION is enabled
2020-09-05T11:16:05.972822106Z  INFO  2020-09-05 11:16:05,970 [shard 0] features - Feature INDEXES is enabled
2020-09-05T11:16:05.972831682Z  INFO  2020-09-05 11:16:05,970 [shard 0] features - Feature LARGE_PARTITIONS is enabled
2020-09-05T11:16:05.972841190Z  INFO  2020-09-05 11:16:05,970 [shard 0] features - Feature LWT is enabled
2020-09-05T11:16:05.972850740Z  INFO  2020-09-05 11:16:05,970 [shard 0] features - Feature MATERIALIZED_VIEWS is enabled
2020-09-05T11:16:05.972860210Z  INFO  2020-09-05 11:16:05,970 [shard 0] features - Feature MC_SSTABLE_FORMAT is enabled
2020-09-05T11:16:05.972870638Z  INFO  2020-09-05 11:16:05,971 [shard 0] features - Feature NONFROZEN_UDTS is enabled
2020-09-05T11:16:05.972880168Z  INFO  2020-09-05 11:16:05,971 [shard 0] features - Feature PER_TABLE_PARTITIONERS is enabled
2020-09-05T11:16:05.972904582Z  INFO  2020-09-05 11:16:05,971 [shard 0] features - Feature RANGE_TOMBSTONES is enabled
2020-09-05T11:16:05.972915624Z  INFO  2020-09-05 11:16:05,971 [shard 0] features - Feature ROLES is enabled
2020-09-05T11:16:05.972925140Z  INFO  2020-09-05 11:16:05,971 [shard 0] features - Feature ROW_LEVEL_REPAIR is enabled
2020-09-05T11:16:05.972934525Z  INFO  2020-09-05 11:16:05,971 [shard 0] features - Feature SCHEMA_TABLES_V3 is enabled
2020-09-05T11:16:05.972943805Z  INFO  2020-09-05 11:16:05,971 [shard 0] features - Feature STREAM_WITH_RPC_STREAM is enabled
2020-09-05T11:16:05.972953085Z  INFO  2020-09-05 11:16:05,971 [shard 0] features - Feature TRUNCATION_TABLE is enabled
2020-09-05T11:16:05.972964508Z  INFO  2020-09-05 11:16:05,971 [shard 0] system_keyspace - Got cluster agreement on truncation table feature. Removing legacy records.
2020-09-05T11:16:05.972974659Z  INFO  2020-09-05 11:16:05,971 [shard 0] features - Feature UNBOUNDED_RANGE_TOMBSTONES is enabled
2020-09-05T11:16:05.972984285Z  INFO  2020-09-05 11:16:05,971 [shard 0] features - Feature VIEW_VIRTUAL_COLUMNS is enabled
2020-09-05T11:16:05.972993818Z  INFO  2020-09-05 11:16:05,971 [shard 0] features - Feature WRITE_FAILURE_REPLY is enabled
2020-09-05T11:16:05.973003460Z  INFO  2020-09-05 11:16:05,971 [shard 0] features - Feature XXHASH is enabled
2020-09-05T11:16:05.973013033Z  INFO  2020-09-05 11:16:05,971 [shard 0] system_keyspace - Legacy records deleted.
2020-09-05T11:16:05.973022655Z  INFO  2020-09-05 11:16:05,972 [shard 0] init - starting system distributed keyspace
2020-09-05T11:16:05.978373827Z  INFO  2020-09-05 11:16:05,975 [shard 0] storage_service - Using saved tokens {943448605036726745, 9061580907506437136, 8957018461898327244, 8813999419995718088, 8775859223532977932, 873311388414975666, 8707696313600310498, 8675978575875245837, 855031166620283245, 8476533345381470087, 8413544620893079714, 8382283044476755854, 7804258889026263620, 778239093056833917, 7732629563319678675, 7564694057214588647, 747840302865059114, 7255484784972643852, 700944770677405149, 7009081579420542256, 7354219953741161264, 6974970471767945112, 6788034976878782500, 667581605220131528, 6496091893897576732, 6478032244021912394, 6420907855788431922, 8777890816944145805, 6381418245203458391, 6358173612251239308, 6302443190184390149, 6115776390551923703, 5906838239532612246, 5890706123786165213, 588034934972968299, 5848278814186320030, 5834675951458569055, 5796254206948921528, -6441145814158460549, 7172238068082229918, -6238625478980828395, -6199824488038647909, -572473923349256348, -5526097868254533829, -5508289632699420366, -6338043935148530859, 4738411181964629022, -5411685484465544274, 5103660925946342563, -5360532551957069796, -5246840897237646542, -8953406550820932827, -511676141100664160, -4872163430844150374, 5153854518462400651, -4829128129506020031, 6818717460470417221, -4735496583611878200, -7913213531410876291, -8612347190400988175, 3361838207769500988, -4770694758141334815, 3533570692245755170, -3014142033706378490, -6648258355715071793, 105268539462240253, 6448269612184381105, 3941245744356891698, -4925670906471950289, -6853270293933441203, -431455211546220291, -4106310081010891923, -4280461110562472301, -4231054370802445643, 4453520694484038438, -5140544052953576706, -7341700934491837716, -4177024142024341044, -2365586676906010085, -4368295386640868227, -6779834804380741154, 7103497347382660592, -471701403720839764, -2187125227394891465, -1593748153114868683, 8325613099551670589, -6017078328443447975, 408961909545308462, -3256341547923989103, 1911454556365012923, -2135119982021577211, -6104126434670973331, -1614584707908969492, -5285270377043925775, 194223785007163967, 3556932048290112968, 4378909036113166689, -2319706609635128471, 782580883702972777, -3880555618453256762, -2879534723161185431, 7469085752185829039, -8001902308657073600, -1522914538603683793, 784130423392421222, -3409621329811667263, -5136236598692180863, -2640475812391264528, 3907413558358164712, -2166731983266837511, -8529251962487546573, -5228242602708342126, -6263078841153087564, -1295419475388780424, 5311755414232655734, -4113405879925637368, 2104079815049743807, -105211415949921556, -1004253484774030395, -6093280019772326743, -1363472444035739717, 7772390126184307669, 3373616921334842984, -3428624778218969630, -4475005699924690030, -1207620414022812792, -4203952547861361192, -4895652206680369668, 5569071124009844993, -2800260328053956713, 1033733984444816800, -1761718599052329021, -6249520955674807415, -6810383749951706976, -2391018463907211455, -3729138346528579520, -3942245253345029362, -1032698423218536378, 2233495137371904435, -1970747149103226319, 2531294222158762011, 4445989245037378795, -2648919406212884980, 800062458669145892, -6586482614645135705, -8855822008500182327, -2076430708060394350, -6127879535600466936, 5017042126534426855, -6767019288334108993, -6985294397658573838, -2605645373691895986, 2542018259596577135, -2699231837109027988, -9132047842757487932, 9066588519930559993, -4601858807243735115, 1470306277250886071, 1688077838521597411, -2700796200994103492, -5656441245782528349, 3822141065635310082, -4415280594152455372, -1709100826419756065, -2732234699235264563, -3101294897153501639, 6933997554702494562, -4541237399207364623, 1251119865371637993, -3280527161887251879, -4007868363884276055, -4134923634748466107, -5595342098352848506, 533209426647054698, 285540986842976874, -4193553788022177878, -7111183380354176443, 7880345233810794046, -7190282066974323895, -7232953798633244985, -7512330892235471280, -889434854029329118, 9122882257136270100, 3909145942678699742, 2870638580126821409, -2685359252619347507, 4540975434217357056, 1912522665107890116, -1474028219808469861, -7767361191227918078, -8495384334141326469, -8024675672634848221, -8352632933072691056, -1084614158625469139, -8372022353883945178, -1171738939209168407, -8485257529464526975, -8549013321787275289, -7405825010257289618, -8694753427154041557, -9173155356561330710, -3164480873853500968, 1172299952227812636, 1535311813904826318, 156312151312654313, 2050968450175517454, 1018091569669202328, 1574734081023094222, 214428871588027420, -5095673126210616552, 2431756818088451524, -1208769590907790735, 3022913469242457337, 2609254198811139442, 5396954320704971060, 284028081363756156, -184157634332906914, 2879924223908633556, 3014475854062098037, 8280511155447462154, 3058186759042775792, 3100842289958262644, -769344519844763244, 3287699046743316011, 7743526815996532326, -7148146405116016542, 352278596429886466, 3606629961194077343, 3840184102447470012, -4623422606623793434, 3924960423780627192, 4660022660859336370, 5401470720317959250, 3979649323160207298, 4037379789709069307, 790424663468033093, 5150907166433009570, 4083460330442256183, 4262233236239091105, 4461207940793579131, 7222389702734437292, 4497639963855891379, 5935809959838255935, 525652295242460822, -9210810031089136649, 3145063885579200582, 5102381975608989830, 5104799485589097680, -467985751191813914, 5122450296475986719, 5256736089695841171, 5341717901052361821, 5441044328235651423, 5661405961885371428, -6303682351633097607, 5704999654143823990}
2020-09-05T11:16:06.005107226Z  INFO  2020-09-05 11:16:06,004 [shard 0] database - Schema version changed to e1b2d478-e5f2-30c4-b994-d93919918df3
2020-09-05T11:16:06.005991550Z  INFO  2020-09-05 11:16:06,005 [shard 0] database - Schema version changed to e1b2d478-e5f2-30c4-b994-d93919918df3
2020-09-05T11:16:06.007102712Z  INFO  2020-09-05 11:16:06,006 [shard 0] database - Schema version changed to 0e03d198-385b-3f36-8c34-c3f5846bbbac
2020-09-05T11:16:07.547152084Z  INFO  2020-09-05 11:16:07,546 [shard 0] compaction - Compacting [/var/lib/scylla/data/system/local-7ad54392bcdd35a684174e047860b377/mc-776-big-Data.db:level=0, /var/lib/scylla/data/system/local-7ad54392bcdd35a684174e047860b377/mc-774-big-Data.db:level=0, ]
2020-09-05T11:16:07.550936744Z  INFO  2020-09-05 11:16:07,550 [shard 0] storage_service - Node 10.0.45.6 state jump to normal
2020-09-05T11:16:07.550972221Z  INFO  2020-09-05 11:16:07,550 [shard 0] storage_service - Remove node 10.0.45.6 from pending replacing endpoint
2020-09-05T11:16:08.294860347Z  INFO  2020-09-05 11:16:08,294 [shard 1] compaction - Compacting [/var/lib/scylla/data/system/peers-37f71aca7dc2383ba70672528af04d4f/mc-5-big-Data.db:level=0, /var/lib/scylla/data/system/peers-37f71aca7dc2383ba70672528af04d4f/mc-3-big-Data.db:level=0, ]
2020-09-05T11:16:08.296392619Z  INFO  2020-09-05 11:16:08,296 [shard 0] storage_service - NORMAL: node is now in normal status
2020-09-05T11:16:08.297004590Z  INFO  2020-09-05 11:16:08,296 [shard 0] cdc - No generation seen during startup.
2020-09-05T11:16:08.298684232Z  INFO  2020-09-05 11:16:08,298 [shard 0] init - starting tracing
2020-09-05T11:16:08.299718374Z  INFO  2020-09-05 11:16:08,299 [shard 0] storage_service - SSTable data integrity checker is disabled.
2020-09-05T11:16:08.300487309Z  INFO  2020-09-05 11:16:08,300 [shard 0] init - starting batchlog manager
2020-09-05T11:16:08.300993946Z  INFO  2020-09-05 11:16:08,300 [shard 0] init - starting load meter
2020-09-05T11:16:08.301544889Z  INFO  2020-09-05 11:16:08,301 [shard 0] init - starting cf cache hit rate calculator
2020-09-05T11:16:08.302241904Z  INFO  2020-09-05 11:16:08,301 [shard 0] init - starting view update backlog broker
2020-09-05T11:16:08.303278873Z  INFO  2020-09-05 11:16:08,302 [shard 0] init - Waiting for gossip to settle before accepting client requests...
2020-09-05T11:16:08.433751177Z  INFO  2020-09-05 11:16:08,433 [shard 0] compaction - Compacted 2 sstables to [/var/lib/scylla/data/system/local-7ad54392bcdd35a684174e047860b377/mc-780-big-Data.db:level=0, ]. 18347 bytes to 12072 (~65% of original) in 747ms = 0.02MB/s. ~256 total partitions merged to 1.
2020-09-05T11:16:08.434212524Z  INFO  2020-09-05 11:16:08,433 [shard 1] compaction - Compacted 2 sstables to []. 10953 bytes to 0 (~0% of original) in 0ms = 0.00MB/s. ~256 total partitions merged to 0.
2020-09-05T11:16:08.435159880Z  INFO  2020-09-05 11:16:08,434 [shard 0] compaction - Compacting [/var/lib/scylla/data/system/local-7ad54392bcdd35a684174e047860b377/mc-778-big-Data.db:level=0, /var/lib/scylla/data/system/local-7ad54392bcdd35a684174e047860b377/mc-780-big-Data.db:level=0, ]
2020-09-05T11:16:09.021890491Z  INFO  2020-09-05 11:16:09,021 [shard 0] compaction - Compacted 2 sstables to [/var/lib/scylla/data/system/local-7ad54392bcdd35a684174e047860b377/mc-782-big-Data.db:level=0, ]. 18171 bytes to 12072 (~66% of original) in 422ms = 0.03MB/s. ~256 total partitions merged to 1.
2020-09-05T11:16:20.305579784Z  INFO  2020-09-05 11:16:20,304 [shard 0] gossip - No gossip backlog; proceeding
2020-09-05T11:16:20.305625803Z  INFO  2020-09-05 11:16:20,304 [shard 0] init - allow replaying hints
2020-09-05T11:16:20.305663487Z  INFO  2020-09-05 11:16:20,304 [shard 0] init - Launching generate_mv_updates for non system tables
2020-09-05T11:16:20.305680461Z  INFO  2020-09-05 11:16:20,304 [shard 0] init - starting the view builder
2020-09-05T11:16:21.620815348Z  INFO  2020-09-05 11:16:21,620 [shard 0] init - starting native transport
2020-09-05T11:16:21.620873135Z  INFO  2020-09-05 11:16:21,620 [shard 0] compaction - Compacting [/var/lib/scylla/data/system/truncated-38c19fd0fb863310a4b70d0cc66628aa/mc-338-big-Data.db:level=0, /var/lib/scylla/data/system/truncated-38c19fd0fb863310a4b70d0cc66628aa/mc-336-big-Data.db:level=0, ]
2020-09-05T11:16:21.621687926Z  INFO  2020-09-05 11:16:21,621 [shard 0] storage_service - Starting listening for CQL clients on 10.0.45.6:9042 (unencrypted)
2020-09-05T11:16:21.622445071Z  INFO  2020-09-05 11:16:21,622 [shard 0] storage_service - Thrift server listening on 10.0.45.6:9160 ...
2020-09-05T11:16:21.622890666Z  INFO  2020-09-05 11:16:21,622 [shard 0] init - serving
2020-09-05T11:16:21.622931548Z  INFO  2020-09-05 11:16:21,622 [shard 0] init - Scylla version 4.1.6-0.20200831.6d9ff622df initialization completed.
2020-09-05T11:16:22.078740750Z  INFO  2020-09-05 11:16:22,077 [shard 0] compaction - Compacted 2 sstables to [/var/lib/scylla/data/system/truncated-38c19fd0fb863310a4b70d0cc66628aa/mc-340-big-Data.db:level=0, ]. 82075 bytes to 76842 (~93% of original) in 356ms = 0.21MB/s. ~256 total partitions merged to 3.
2020-09-05T11:17:18.770514297Z  INFO  2020-09-05 11:17:18,770 [shard 1] compaction - Compacting [/var/lib/scylla/data/system/clients-ca0f635d863036098d93a1fc06f2a5e5/mc-13-big-Data.db:level=0, /var/lib/scylla/data/system/clients-ca0f635d863036098d93a1fc06f2a5e5/mc-11-big-Data.db:level=0, ]
2020-09-05T11:17:19.198561984Z  INFO  2020-09-05 11:17:19,194 [shard 1] compaction - Compacted 2 sstables to [/var/lib/scylla/data/system/clients-ca0f635d863036098d93a1fc06f2a5e5/mc-15-big-Data.db:level=0, ]. 45074 bytes to 5958 (~13% of original) in 340ms = 0.02MB/s. ~256 total partitions merged to 1.
2020-09-05T11:17:43.956153330Z  INFO  2020-09-05 11:17:43,955 [shard 1] compaction - Compacting [/var/lib/scylla/data/system/clients-ca0f635d863036098d93a1fc06f2a5e5/mc-15-big-Data.db:level=0, /var/lib/scylla/data/system/clients-ca0f635d863036098d93a1fc06f2a5e5/mc-17-big-Data.db:level=0, ]
2020-09-05T11:17:44.418353999Z  INFO  2020-09-05 11:17:44,417 [shard 1] compaction - Compacted 2 sstables to [/var/lib/scylla/data/system/clients-ca0f635d863036098d93a1fc06f2a5e5/mc-19-big-Data.db:level=0, ]. 28498 bytes to 6266 (~21% of original) in 327ms = 0.02MB/s. ~256 total partitions merged to 1.
2020-09-05T11:18:09.623038117Z  INFO  2020-09-05 11:18:09,622 [shard 1] compaction - Compacting [/var/lib/scylla/data/system/clients-ca0f635d863036098d93a1fc06f2a5e5/mc-19-big-Data.db:level=0, /var/lib/scylla/data/system/clients-ca0f635d863036098d93a1fc06f2a5e5/mc-21-big-Data.db:level=0, ]
2020-09-05T11:18:10.080452149Z  INFO  2020-09-05 11:18:10,079 [shard 1] compaction - Compacted 2 sstables to [/var/lib/scylla/data/system/clients-ca0f635d863036098d93a1fc06f2a5e5/mc-23-big-Data.db:level=0, ]. 28891 bytes to 6093 (~21% of original) in 348ms = 0.02MB/s. ~256 total partitions merged to 1.
2020-09-05T11:18:35.014814373Z  INFO  2020-09-05 11:18:35,014 [shard 1] compaction - Compacting [/var/lib/scylla/data/system/clients-ca0f635d863036098d93a1fc06f2a5e5/mc-23-big-Data.db:level=0, /var/lib/scylla/data/system/clients-ca0f635d863036098d93a1fc06f2a5e5/mc-25-big-Data.db:level=0, ]
2020-09-05T11:18:35.530587590Z  INFO  2020-09-05 11:18:35,529 [shard 1] compaction - Compacted 2 sstables to [/var/lib/scylla/data/system/clients-ca0f635d863036098d93a1fc06f2a5e5/mc-27-big-Data.db:level=0, ]. 28672 bytes to 5977 (~20% of original) in 392ms = 0.01MB/s. ~256 total partitions merged to 1.
2020-09-05T11:19:00.642654560Z  INFO  2020-09-05 11:19:00,642 [shard 1] compaction - Compacting [/var/lib/scylla/data/system/clients-ca0f635d863036098d93a1fc06f2a5e5/mc-27-big-Data.db:level=0, /var/lib/scylla/data/system/clients-ca0f635d863036098d93a1fc06f2a5e5/mc-29-big-Data.db:level=0, ]
2020-09-05T11:19:01.104696116Z  INFO  2020-09-05 11:19:01,103 [shard 1] compaction - Compacted 2 sstables to [/var/lib/scylla/data/system/clients-ca0f635d863036098d93a1fc06f2a5e5/mc-31-big-Data.db:level=0, ]. 28617 bytes to 6112 (~21% of original) in 361ms = 0.02MB/s. ~256 total partitions merged to 1.
